<?xml version="1.0" encoding="UTF-8"?>
<testsuite name="de.uka.ilkd.key.parser.TestTacletParser" tests="20" skipped="0" failures="0" errors="0" timestamp="2023-05-02T18:08:06" hostname="fv-az797-682" time="0.234">
  <properties/>
  <testcase name="testAllRight()" classname="de.uka.ilkd.key.parser.TestTacletParser" time="0.012"/>
  <testcase name="testSchemaJava0()" classname="de.uka.ilkd.key.parser.TestTacletParser" time="0.006"/>
  <testcase name="testSchemaJava1()" classname="de.uka.ilkd.key.parser.TestTacletParser" time="0.041"/>
  <testcase name="testSchemaJava2()" classname="de.uka.ilkd.key.parser.TestTacletParser" time="0.014"/>
  <testcase name="testSchemaJava4()" classname="de.uka.ilkd.key.parser.TestTacletParser" time="0.028"/>
  <testcase name="testSchemaJava6()" classname="de.uka.ilkd.key.parser.TestTacletParser" time="0.009"/>
  <testcase name="testSchemaJava8()" classname="de.uka.ilkd.key.parser.TestTacletParser" time="0.004"/>
  <testcase name="testCut()" classname="de.uka.ilkd.key.parser.TestTacletParser" time="0.004"/>
  <testcase name="testMakeInsertEq()" classname="de.uka.ilkd.key.parser.TestTacletParser" time="0.004"/>
  <testcase name="testAllLeft()" classname="de.uka.ilkd.key.parser.TestTacletParser" time="0.009"/>
  <testcase name="testClose()" classname="de.uka.ilkd.key.parser.TestTacletParser" time="0.008"/>
  <testcase name="testSchemaJava10()" classname="de.uka.ilkd.key.parser.TestTacletParser" time="0.01"/>
  <testcase name="testSchemaJava11()" classname="de.uka.ilkd.key.parser.TestTacletParser" time="0.02"/>
  <testcase name="testFIdempotent()" classname="de.uka.ilkd.key.parser.TestTacletParser" time="0.01"/>
  <testcase name="testImpRight()" classname="de.uka.ilkd.key.parser.TestTacletParser" time="0.004"/>
  <testcase name="testVarcondNew()" classname="de.uka.ilkd.key.parser.TestTacletParser" time="0.01"/>
  <testcase name="testFreeReplacewithVariables()" classname="de.uka.ilkd.key.parser.TestTacletParser" time="0.015"/>
  <testcase name="testImpLeft()" classname="de.uka.ilkd.key.parser.TestTacletParser" time="0.004"/>
  <testcase name="testContraposition()" classname="de.uka.ilkd.key.parser.TestTacletParser" time="0.005"/>
  <testcase name="testExConjSplit()" classname="de.uka.ilkd.key.parser.TestTacletParser" time="0.004"/>
  <system-out><![CDATA[339981     INFO  Test worker     d.u.i.k.n.KeyIO           Parsing took 0 ms 
339981     DEBUG Test worker     d.u.i.k.n.KeyIO           Load declarations of de.uka.ilkd.key.nparser.KeyAst$File:  <unknown>:1#1 
339984     INFO  Test worker     d.u.i.k.n.KeyIO           MODE: declarations took 3 ms 
339984     DEBUG Test worker     d.u.i.k.n.KeyIO           MODE: 2nd degree decls took 0 
339985     DEBUG Test worker     d.u.i.k.n.KeyIO           MODE: taclets took 0ms 
339986     INFO  Test worker     d.u.i.k.n.KeyIO           Parsing took 0 ms 
339986     DEBUG Test worker     d.u.i.k.n.KeyIO           Load declarations of de.uka.ilkd.key.nparser.KeyAst$File:  <unknown>:2#1 
339986     INFO  Test worker     d.u.i.k.n.KeyIO           MODE: declarations took 0 ms 
339987     DEBUG Test worker     d.u.i.k.n.KeyIO           MODE: 2nd degree decls took 1 
339991     DEBUG Test worker     d.u.i.k.n.KeyIO           MODE: taclets took 4ms 
339993     INFO  Test worker     d.u.i.k.n.KeyIO           Parsing took 0 ms 
339993     DEBUG Test worker     d.u.i.k.n.KeyIO           Load declarations of de.uka.ilkd.key.nparser.KeyAst$File:  <unknown>:1#1 
339993     INFO  Test worker     d.u.i.k.n.KeyIO           MODE: declarations took 0 ms 
339994     DEBUG Test worker     d.u.i.k.n.KeyIO           MODE: 2nd degree decls took 0 
339995     DEBUG Test worker     d.u.i.k.n.KeyIO           MODE: taclets took 0ms 
339995     INFO  Test worker     d.u.i.k.n.KeyIO           Parsing took 0 ms 
339995     DEBUG Test worker     d.u.i.k.n.KeyIO           Load declarations of de.uka.ilkd.key.nparser.KeyAst$File:  <unknown>:2#1 
339996     INFO  Test worker     d.u.i.k.n.KeyIO           MODE: declarations took 1 ms 
339996     DEBUG Test worker     d.u.i.k.n.KeyIO           MODE: 2nd degree decls took 0 
339998     DEBUG Test worker     d.u.i.k.n.KeyIO           MODE: taclets took 1ms 
339999     INFO  Test worker     d.u.i.k.n.KeyIO           Parsing took 0 ms 
340000     DEBUG Test worker     d.u.i.k.n.KeyIO           Load declarations of de.uka.ilkd.key.nparser.KeyAst$File:  <unknown>:1#1 
340000     INFO  Test worker     d.u.i.k.n.KeyIO           MODE: declarations took 0 ms 
340000     DEBUG Test worker     d.u.i.k.n.KeyIO           MODE: 2nd degree decls took 0 
340001     DEBUG Test worker     d.u.i.k.n.KeyIO           MODE: taclets took 0ms 
340005     WARN  Test worker     d.u.i.k.n.KeYParser       [syntax-error] <unknown>:2:21: extraneous input '<' expecting {MODALITY, FORALL, EXISTS, '\if', '\ifEx', 'true', 'false', '(', ')', '{', '@', NOT, '-', STRING_LITERAL, CHAR_LITERAL, BIN_LITERAL, HEX_LITERAL, IDENT, INT_LITERAL, FLOAT_LITERAL, DOUBLE_LITERAL, REAL_LITERAL} [@12,22:22='<',<173>,2:21] (argument_list, call, accessterm, primitive_term, primitive_labeled_term, bracket_term, atom_prefix, strong_arith_term_2, strong_arith_term_1, weak_arith_term, comparison_term, equality_term, term60, conjunction_term, disjunction_term, implication_term, equivalence_term, elementary_update_term, parallel_term, term, taclet, rulesOrAxioms, decls, file) 
340022     WARN  Test worker     d.u.i.k.n.KeYParser       [syntax-error] <unknown>:2:23: no viable alternative at input '{..' [@14,24:25='..',<144>,2:23] (atom_prefix, strong_arith_term_2, strong_arith_term_1, weak_arith_term, comparison_term, equality_term, term60, conjunction_term, disjunction_term, implication_term, equivalence_term, elementary_update_term, parallel_term, term, argument_list, call, accessterm, primitive_term, primitive_labeled_term, bracket_term, atom_prefix, strong_arith_term_2, strong_arith_term_1, weak_arith_term, comparison_term, equality_term, term60, conjunction_term, disjunction_term, implication_term, equivalence_term, elementary_update_term, parallel_term, term, taclet, rulesOrAxioms, decls, file) 
340028     WARN  Test worker     d.u.i.k.n.KeYParser       [syntax-error] <unknown>:2:33: mismatched input ';' expecting {',', ')'} [@21,34:34=';',<138>,2:33] (argument_list, call, accessterm, primitive_term, primitive_labeled_term, bracket_term, atom_prefix, strong_arith_term_2, strong_arith_term_1, weak_arith_term, comparison_term, equality_term, term60, conjunction_term, disjunction_term, implication_term, equivalence_term, elementary_update_term, parallel_term, term, taclet, rulesOrAxioms, decls, file) 
340029     WARN  Test worker     d.u.i.k.n.KeYParser       [syntax-error] <unknown>:2:41: no viable alternative at input '#i;' [@26,42:42=';',<138>,2:41] (option_list, taclet, rulesOrAxioms, decls, file) 
340033     WARN  Test worker     d.u.i.k.n.KeYParser       [syntax-error] <unknown>:2:43: mismatched input '<' expecting {'(', '{'} [@28,44:44='<',<173>,2:43] (taclet, rulesOrAxioms, decls, file) 
340036     WARN  Test worker     d.u.i.k.n.KeYParser       [syntax-error] <unknown>:2:47: mismatched input '+' expecting {'(', '{'} [@32,48:48='+',<167>,2:47] (taclet, rulesOrAxioms, decls, file) 
340036     WARN  Test worker     d.u.i.k.n.KeYParser       [syntax-error] <unknown>:2:52: extraneous input '..' expecting {'\lemma', '}', IDENT, '/*!'} [@37,53:54='..',<144>,2:52] (rulesOrAxioms, decls, file) 
340039     WARN  Test worker     d.u.i.k.n.KeYParser       [syntax-error] <unknown>:2:56: mismatched input '>' expecting {<EOF>, '\problem', '\chooseContract', '\proofObligation', '\proof'} [@40,57:57='>',<168>,2:56] (file) 
340041     INFO  Test worker     d.u.i.k.n.KeyIO           Parsing took 0 ms 
340042     DEBUG Test worker     d.u.i.k.n.KeyIO           Load declarations of de.uka.ilkd.key.nparser.KeyAst$File:  <unknown>:1#1 
340042     INFO  Test worker     d.u.i.k.n.KeyIO           MODE: declarations took 0 ms 
340042     DEBUG Test worker     d.u.i.k.n.KeyIO           MODE: 2nd degree decls took 0 
340043     DEBUG Test worker     d.u.i.k.n.KeyIO           MODE: taclets took 0ms 
340046     WARN  Test worker     d.u.i.k.n.KeYParser       [syntax-error] <unknown>:2:21: extraneous input '<' expecting {MODALITY, FORALL, EXISTS, '\if', '\ifEx', 'true', 'false', '(', ')', '{', '@', NOT, '-', STRING_LITERAL, CHAR_LITERAL, BIN_LITERAL, HEX_LITERAL, IDENT, INT_LITERAL, FLOAT_LITERAL, DOUBLE_LITERAL, REAL_LITERAL} [@12,22:22='<',<173>,2:21] (argument_list, call, accessterm, primitive_term, primitive_labeled_term, bracket_term, atom_prefix, strong_arith_term_2, strong_arith_term_1, weak_arith_term, comparison_term, equality_term, term60, conjunction_term, disjunction_term, implication_term, equivalence_term, elementary_update_term, parallel_term, term, taclet, rulesOrAxioms, decls, file) 
340046     WARN  Test worker     d.u.i.k.n.KeYParser       [syntax-error] <unknown>:2:23: no viable alternative at input '{..' [@14,24:25='..',<144>,2:23] (atom_prefix, strong_arith_term_2, strong_arith_term_1, weak_arith_term, comparison_term, equality_term, term60, conjunction_term, disjunction_term, implication_term, equivalence_term, elementary_update_term, parallel_term, term, argument_list, call, accessterm, primitive_term, primitive_labeled_term, bracket_term, atom_prefix, strong_arith_term_2, strong_arith_term_1, weak_arith_term, comparison_term, equality_term, term60, conjunction_term, disjunction_term, implication_term, equivalence_term, elementary_update_term, parallel_term, term, taclet, rulesOrAxioms, decls, file) 
340049     WARN  Test worker     d.u.i.k.n.KeYParser       [syntax-error] <unknown>:2:33: mismatched input ';' expecting {',', ')'} [@21,34:34=';',<138>,2:33] (argument_list, call, accessterm, primitive_term, primitive_labeled_term, bracket_term, atom_prefix, strong_arith_term_2, strong_arith_term_1, weak_arith_term, comparison_term, equality_term, term60, conjunction_term, disjunction_term, implication_term, equivalence_term, elementary_update_term, parallel_term, term, taclet, rulesOrAxioms, decls, file) 
340049     WARN  Test worker     d.u.i.k.n.KeYParser       [syntax-error] <unknown>:2:43: no viable alternative at input '#lab;' [@26,44:44=';',<138>,2:43] (option_list, taclet, rulesOrAxioms, decls, file) 
340049     WARN  Test worker     d.u.i.k.n.KeYParser       [syntax-error] <unknown>:2:45: mismatched input '<' expecting {'(', '{'} [@28,46:46='<',<173>,2:45] (taclet, rulesOrAxioms, decls, file) 
340050     WARN  Test worker     d.u.i.k.n.KeYParser       [syntax-error] <unknown>:2:50: mismatched input '+' expecting {'(', '{'} [@32,51:51='+',<167>,2:50] (taclet, rulesOrAxioms, decls, file) 
340050     WARN  Test worker     d.u.i.k.n.KeYParser       [syntax-error] <unknown>:2:56: extraneous input '..' expecting {'\lemma', '}', IDENT, '/*!'} [@38,57:58='..',<144>,2:56] (rulesOrAxioms, decls, file) 
340054     WARN  Test worker     d.u.i.k.n.KeYParser       [syntax-error] <unknown>:2:60: mismatched input '>' expecting {<EOF>, '\problem', '\chooseContract', '\proofObligation', '\proof'} [@41,61:61='>',<168>,2:60] (file) 
340056     INFO  Test worker     d.u.i.k.n.KeyIO           Parsing took 1 ms 
340056     DEBUG Test worker     d.u.i.k.n.KeyIO           Load declarations of de.uka.ilkd.key.nparser.KeyAst$File:  <unknown>:1#1 
340056     INFO  Test worker     d.u.i.k.n.KeyIO           MODE: declarations took 0 ms 
340057     DEBUG Test worker     d.u.i.k.n.KeyIO           MODE: 2nd degree decls took 1 
340057     DEBUG Test worker     d.u.i.k.n.KeyIO           MODE: taclets took 0ms 
340066     INFO  Test worker     d.u.i.k.n.KeyIO           Parsing took 8 ms 
340066     DEBUG Test worker     d.u.i.k.n.KeyIO           Load declarations of de.uka.ilkd.key.nparser.KeyAst$File:  <unknown>:2#1 
340067     INFO  Test worker     d.u.i.k.n.KeyIO           MODE: declarations took 1 ms 
340067     DEBUG Test worker     d.u.i.k.n.KeyIO           MODE: 2nd degree decls took 0 
340071     DEBUG Test worker     d.u.i.k.n.KeyIO           MODE: taclets took 1ms 
340087     INFO  Test worker     d.u.i.k.n.KeyIO           Parsing took 2 ms 
340087     DEBUG Test worker     d.u.i.k.n.KeyIO           Load declarations of de.uka.ilkd.key.nparser.KeyAst$File:  <unknown>:1#1 
340087     INFO  Test worker     d.u.i.k.n.KeyIO           MODE: declarations took 0 ms 
340088     DEBUG Test worker     d.u.i.k.n.KeyIO           MODE: 2nd degree decls took 0 
340088     DEBUG Test worker     d.u.i.k.n.KeyIO           MODE: taclets took 0ms 
340089     INFO  Test worker     d.u.i.k.n.KeyIO           Parsing took 0 ms 
340089     DEBUG Test worker     d.u.i.k.n.KeyIO           Load declarations of de.uka.ilkd.key.nparser.KeyAst$File:  <unknown>:2#1 
340091     INFO  Test worker     d.u.i.k.n.KeyIO           MODE: declarations took 2 ms 
340091     DEBUG Test worker     d.u.i.k.n.KeyIO           MODE: 2nd degree decls took 0 
340093     DEBUG Test worker     d.u.i.k.n.KeyIO           MODE: taclets took 2ms 
340094     INFO  Test worker     d.u.i.k.n.KeyIO           Parsing took 0 ms 
340095     DEBUG Test worker     d.u.i.k.n.KeyIO           Load declarations of de.uka.ilkd.key.nparser.KeyAst$File:  <unknown>:1#1 
340095     INFO  Test worker     d.u.i.k.n.KeyIO           MODE: declarations took 0 ms 
340095     DEBUG Test worker     d.u.i.k.n.KeyIO           MODE: 2nd degree decls took 0 
340096     DEBUG Test worker     d.u.i.k.n.KeyIO           MODE: taclets took 0ms 
340096     INFO  Test worker     d.u.i.k.n.KeyIO           Parsing took 0 ms 
340096     DEBUG Test worker     d.u.i.k.n.KeyIO           Load declarations of de.uka.ilkd.key.nparser.KeyAst$File:  <unknown>:2#1 
340097     INFO  Test worker     d.u.i.k.n.KeyIO           MODE: declarations took 1 ms 
340097     DEBUG Test worker     d.u.i.k.n.KeyIO           MODE: 2nd degree decls took 0 
340098     DEBUG Test worker     d.u.i.k.n.KeyIO           MODE: taclets took 1ms 
340099     INFO  Test worker     d.u.i.k.n.KeyIO           Parsing took 0 ms 
340099     DEBUG Test worker     d.u.i.k.n.KeyIO           Load declarations of de.uka.ilkd.key.nparser.KeyAst$File:  <unknown>:1#1 
340100     INFO  Test worker     d.u.i.k.n.KeyIO           MODE: declarations took 1 ms 
340100     DEBUG Test worker     d.u.i.k.n.KeyIO           MODE: 2nd degree decls took 0 
340100     DEBUG Test worker     d.u.i.k.n.KeyIO           MODE: taclets took 0ms 
340101     INFO  Test worker     d.u.i.k.n.KeyIO           Parsing took 0 ms 
340101     DEBUG Test worker     d.u.i.k.n.KeyIO           Load declarations of de.uka.ilkd.key.nparser.KeyAst$File:  <unknown>:2#1 
340101     INFO  Test worker     d.u.i.k.n.KeyIO           MODE: declarations took 0 ms 
340102     DEBUG Test worker     d.u.i.k.n.KeyIO           MODE: 2nd degree decls took 0 
340102     DEBUG Test worker     d.u.i.k.n.KeyIO           MODE: taclets took 0ms 
340104     INFO  Test worker     d.u.i.k.n.KeyIO           Parsing took 1 ms 
340104     DEBUG Test worker     d.u.i.k.n.KeyIO           Load declarations of de.uka.ilkd.key.nparser.KeyAst$File:  <unknown>:1#1 
340104     INFO  Test worker     d.u.i.k.n.KeyIO           MODE: declarations took 0 ms 
340104     DEBUG Test worker     d.u.i.k.n.KeyIO           MODE: 2nd degree decls took 0 
340105     DEBUG Test worker     d.u.i.k.n.KeyIO           MODE: taclets took 0ms 
340106     INFO  Test worker     d.u.i.k.n.KeyIO           Parsing took 1 ms 
340106     DEBUG Test worker     d.u.i.k.n.KeyIO           Load declarations of de.uka.ilkd.key.nparser.KeyAst$File:  <unknown>:2#1 
340106     INFO  Test worker     d.u.i.k.n.KeyIO           MODE: declarations took 0 ms 
340106     DEBUG Test worker     d.u.i.k.n.KeyIO           MODE: 2nd degree decls took 0 
340107     DEBUG Test worker     d.u.i.k.n.KeyIO           MODE: taclets took 0ms 
340108     INFO  Test worker     d.u.i.k.n.KeyIO           Parsing took 0 ms 
340108     DEBUG Test worker     d.u.i.k.n.KeyIO           Load declarations of de.uka.ilkd.key.nparser.KeyAst$File:  <unknown>:1#1 
340108     INFO  Test worker     d.u.i.k.n.KeyIO           MODE: declarations took 0 ms 
340109     DEBUG Test worker     d.u.i.k.n.KeyIO           MODE: 2nd degree decls took 0 
340113     DEBUG Test worker     d.u.i.k.n.KeyIO           MODE: taclets took 3ms 
340114     INFO  Test worker     d.u.i.k.n.KeyIO           Parsing took 0 ms 
340114     DEBUG Test worker     d.u.i.k.n.KeyIO           Load declarations of de.uka.ilkd.key.nparser.KeyAst$File:  <unknown>:2#1 
340114     INFO  Test worker     d.u.i.k.n.KeyIO           MODE: declarations took 0 ms 
340115     DEBUG Test worker     d.u.i.k.n.KeyIO           MODE: 2nd degree decls took 0 
340115     DEBUG Test worker     d.u.i.k.n.KeyIO           MODE: taclets took 0ms 
340117     INFO  Test worker     d.u.i.k.n.KeyIO           Parsing took 0 ms 
340118     DEBUG Test worker     d.u.i.k.n.KeyIO           Load declarations of de.uka.ilkd.key.nparser.KeyAst$File:  <unknown>:1#1 
340118     INFO  Test worker     d.u.i.k.n.KeyIO           MODE: declarations took 0 ms 
340118     DEBUG Test worker     d.u.i.k.n.KeyIO           MODE: 2nd degree decls took 0 
340119     DEBUG Test worker     d.u.i.k.n.KeyIO           MODE: taclets took 0ms 
340120     INFO  Test worker     d.u.i.k.n.KeyIO           Parsing took 1 ms 
340122     DEBUG Test worker     d.u.i.k.n.KeyIO           Load declarations of de.uka.ilkd.key.nparser.KeyAst$File:  <unknown>:2#1 
340122     INFO  Test worker     d.u.i.k.n.KeyIO           MODE: declarations took 0 ms 
340122     DEBUG Test worker     d.u.i.k.n.KeyIO           MODE: 2nd degree decls took 0 
340124     DEBUG Test worker     d.u.i.k.n.KeyIO           MODE: taclets took 1ms 
340125     INFO  Test worker     d.u.i.k.n.KeyIO           Parsing took 0 ms 
340130     DEBUG Test worker     d.u.i.k.n.KeyIO           Load declarations of de.uka.ilkd.key.nparser.KeyAst$File:  <unknown>:1#1 
340130     INFO  Test worker     d.u.i.k.n.KeyIO           MODE: declarations took 0 ms 
340130     DEBUG Test worker     d.u.i.k.n.KeyIO           MODE: 2nd degree decls took 0 
340131     DEBUG Test worker     d.u.i.k.n.KeyIO           MODE: taclets took 0ms 
340132     INFO  Test worker     d.u.i.k.n.KeyIO           Parsing took 1 ms 
340132     DEBUG Test worker     d.u.i.k.n.KeyIO           Load declarations of de.uka.ilkd.key.nparser.KeyAst$File:  <unknown>:2#1 
340132     INFO  Test worker     d.u.i.k.n.KeyIO           MODE: declarations took 0 ms 
340133     DEBUG Test worker     d.u.i.k.n.KeyIO           MODE: 2nd degree decls took 0 
340134     DEBUG Test worker     d.u.i.k.n.KeyIO           MODE: taclets took 0ms 
340136     INFO  Test worker     d.u.i.k.n.KeyIO           Parsing took 0 ms 
340136     DEBUG Test worker     d.u.i.k.n.KeyIO           Load declarations of de.uka.ilkd.key.nparser.KeyAst$File:  <unknown>:1#1 
340137     INFO  Test worker     d.u.i.k.n.KeyIO           MODE: declarations took 1 ms 
340137     DEBUG Test worker     d.u.i.k.n.KeyIO           MODE: 2nd degree decls took 0 
340143     DEBUG Test worker     d.u.i.k.n.KeyIO           MODE: taclets took 0ms 
340145     INFO  Test worker     d.u.i.k.n.KeyIO           Parsing took 1 ms 
340145     DEBUG Test worker     d.u.i.k.n.KeyIO           Load declarations of de.uka.ilkd.key.nparser.KeyAst$File:  <unknown>:2#1 
340146     INFO  Test worker     d.u.i.k.n.KeyIO           MODE: declarations took 1 ms 
340146     DEBUG Test worker     d.u.i.k.n.KeyIO           MODE: 2nd degree decls took 0 
340154     DEBUG Test worker     d.u.i.k.n.KeyIO           MODE: taclets took 7ms 
340157     INFO  Test worker     d.u.i.k.n.KeyIO           Parsing took 0 ms 
340158     DEBUG Test worker     d.u.i.k.n.KeyIO           Load declarations of de.uka.ilkd.key.nparser.KeyAst$File:  <unknown>:1#1 
340159     INFO  Test worker     d.u.i.k.n.KeyIO           MODE: declarations took 1 ms 
340159     DEBUG Test worker     d.u.i.k.n.KeyIO           MODE: 2nd degree decls took 0 
340160     DEBUG Test worker     d.u.i.k.n.KeyIO           MODE: taclets took 0ms 
340163     INFO  Test worker     d.u.i.k.n.KeyIO           Parsing took 0 ms 
340163     DEBUG Test worker     d.u.i.k.n.KeyIO           Load declarations of de.uka.ilkd.key.nparser.KeyAst$File:  <unknown>:2#1 
340164     INFO  Test worker     d.u.i.k.n.KeyIO           MODE: declarations took 1 ms 
340164     DEBUG Test worker     d.u.i.k.n.KeyIO           MODE: 2nd degree decls took 0 
340165     DEBUG Test worker     d.u.i.k.n.KeyIO           MODE: taclets took 0ms 
340171     INFO  Test worker     d.u.i.k.n.KeyIO           Parsing took 1 ms 
340171     DEBUG Test worker     d.u.i.k.n.KeyIO           Load declarations of de.uka.ilkd.key.nparser.KeyAst$File:  <unknown>:1#1 
340171     INFO  Test worker     d.u.i.k.n.KeyIO           MODE: declarations took 0 ms 
340171     DEBUG Test worker     d.u.i.k.n.KeyIO           MODE: 2nd degree decls took 0 
340172     DEBUG Test worker     d.u.i.k.n.KeyIO           MODE: taclets took 0ms 
340173     INFO  Test worker     d.u.i.k.n.KeyIO           Parsing took 0 ms 
340173     DEBUG Test worker     d.u.i.k.n.KeyIO           Load declarations of de.uka.ilkd.key.nparser.KeyAst$File:  <unknown>:2#1 
340173     INFO  Test worker     d.u.i.k.n.KeyIO           MODE: declarations took 0 ms 
340173     DEBUG Test worker     d.u.i.k.n.KeyIO           MODE: 2nd degree decls took 0 
340174     DEBUG Test worker     d.u.i.k.n.KeyIO           MODE: taclets took 0ms 
340176     INFO  Test worker     d.u.i.k.n.KeyIO           Parsing took 0 ms 
340178     DEBUG Test worker     d.u.i.k.n.KeyIO           Load declarations of de.uka.ilkd.key.nparser.KeyAst$File:  <unknown>:1#1 
340178     INFO  Test worker     d.u.i.k.n.KeyIO           MODE: declarations took 0 ms 
340179     DEBUG Test worker     d.u.i.k.n.KeyIO           MODE: 2nd degree decls took 1 
340179     DEBUG Test worker     d.u.i.k.n.KeyIO           MODE: taclets took 0ms 
340180     INFO  Test worker     d.u.i.k.n.KeyIO           Parsing took 0 ms 
340182     DEBUG Test worker     d.u.i.k.n.KeyIO           Load declarations of de.uka.ilkd.key.nparser.KeyAst$File:  <unknown>:2#1 
340182     INFO  Test worker     d.u.i.k.n.KeyIO           MODE: declarations took 0 ms 
340182     DEBUG Test worker     d.u.i.k.n.KeyIO           MODE: 2nd degree decls took 0 
340183     DEBUG Test worker     d.u.i.k.n.KeyIO           MODE: taclets took 1ms 
340183     INFO  Test worker     d.u.i.k.n.KeyIO           Parsing took 0 ms 
340183     DEBUG Test worker     d.u.i.k.n.KeyIO           Load declarations of de.uka.ilkd.key.nparser.KeyAst$File:  <unknown>:2#1 
340183     INFO  Test worker     d.u.i.k.n.KeyIO           MODE: declarations took 0 ms 
340184     DEBUG Test worker     d.u.i.k.n.KeyIO           MODE: 2nd degree decls took 0 
340184     DEBUG Test worker     d.u.i.k.n.KeyIO           MODE: taclets took 0ms 
340196     INFO  Test worker     d.u.i.k.n.KeyIO           Parsing took 0 ms 
340196     DEBUG Test worker     d.u.i.k.n.KeyIO           Load declarations of de.uka.ilkd.key.nparser.KeyAst$File:  <unknown>:1#1 
340197     INFO  Test worker     d.u.i.k.n.KeyIO           MODE: declarations took 1 ms 
340197     DEBUG Test worker     d.u.i.k.n.KeyIO           MODE: 2nd degree decls took 0 
340198     DEBUG Test worker     d.u.i.k.n.KeyIO           MODE: taclets took 0ms 
340198     INFO  Test worker     d.u.i.k.n.KeyIO           Parsing took 0 ms 
340199     DEBUG Test worker     d.u.i.k.n.KeyIO           Load declarations of de.uka.ilkd.key.nparser.KeyAst$File:  <unknown>:2#1 
340199     INFO  Test worker     d.u.i.k.n.KeyIO           MODE: declarations took 0 ms 
340199     DEBUG Test worker     d.u.i.k.n.KeyIO           MODE: 2nd degree decls took 0 
340201     INFO  Test worker     d.u.i.k.n.KeyIO           Parsing took 0 ms 
340202     DEBUG Test worker     d.u.i.k.n.KeyIO           Load declarations of de.uka.ilkd.key.nparser.KeyAst$File:  <unknown>:1#1 
340202     INFO  Test worker     d.u.i.k.n.KeyIO           MODE: declarations took 0 ms 
340202     DEBUG Test worker     d.u.i.k.n.KeyIO           MODE: 2nd degree decls took 0 
340203     DEBUG Test worker     d.u.i.k.n.KeyIO           MODE: taclets took 0ms 
340204     INFO  Test worker     d.u.i.k.n.KeyIO           Parsing took 1 ms 
340204     DEBUG Test worker     d.u.i.k.n.KeyIO           Load declarations of de.uka.ilkd.key.nparser.KeyAst$File:  <unknown>:2#1 
340204     INFO  Test worker     d.u.i.k.n.KeyIO           MODE: declarations took 0 ms 
340204     DEBUG Test worker     d.u.i.k.n.KeyIO           MODE: 2nd degree decls took 0 
340205     DEBUG Test worker     d.u.i.k.n.KeyIO           MODE: taclets took 0ms 
340206     INFO  Test worker     d.u.i.k.n.KeyIO           Parsing took 0 ms 
340206     DEBUG Test worker     d.u.i.k.n.KeyIO           Load declarations of de.uka.ilkd.key.nparser.KeyAst$File:  <unknown>:1#1 
340206     INFO  Test worker     d.u.i.k.n.KeyIO           MODE: declarations took 0 ms 
340207     DEBUG Test worker     d.u.i.k.n.KeyIO           MODE: 2nd degree decls took 0 
340208     DEBUG Test worker     d.u.i.k.n.KeyIO           MODE: taclets took 1ms 
340208     INFO  Test worker     d.u.i.k.n.KeyIO           Parsing took 0 ms 
340208     DEBUG Test worker     d.u.i.k.n.KeyIO           Load declarations of de.uka.ilkd.key.nparser.KeyAst$File:  <unknown>:2#1 
340209     INFO  Test worker     d.u.i.k.n.KeyIO           MODE: declarations took 1 ms 
340209     DEBUG Test worker     d.u.i.k.n.KeyIO           MODE: 2nd degree decls took 0 
340209     DEBUG Test worker     d.u.i.k.n.KeyIO           MODE: taclets took 0ms 
340210     INFO  Test worker     d.u.i.k.n.KeyIO           Parsing took 0 ms 
340211     DEBUG Test worker     d.u.i.k.n.KeyIO           Load declarations of de.uka.ilkd.key.nparser.KeyAst$File:  <unknown>:1#1 
340211     INFO  Test worker     d.u.i.k.n.KeyIO           MODE: declarations took 0 ms 
340211     DEBUG Test worker     d.u.i.k.n.KeyIO           MODE: 2nd degree decls took 0 
340212     DEBUG Test worker     d.u.i.k.n.KeyIO           MODE: taclets took 0ms 
340212     INFO  Test worker     d.u.i.k.n.KeyIO           Parsing took 0 ms 
340213     DEBUG Test worker     d.u.i.k.n.KeyIO           Load declarations of de.uka.ilkd.key.nparser.KeyAst$File:  <unknown>:2#1 
340213     INFO  Test worker     d.u.i.k.n.KeyIO           MODE: declarations took 0 ms 
340213     DEBUG Test worker     d.u.i.k.n.KeyIO           MODE: 2nd degree decls took 0 
340214     DEBUG Test worker     d.u.i.k.n.KeyIO           MODE: taclets took 1ms 
]]></system-out>
  <system-err><![CDATA[]]></system-err>
</testsuite>
