<?xml version="1.0" encoding="UTF-8"?>
<testsuite name="de.uka.ilkd.key.rule.loop.LoopScopeInvRuleTests" tests="1" skipped="0" failures="0" errors="0" timestamp="2023-05-02T18:10:50" hostname="fv-az797-682" time="5.097">
  <properties/>
  <testcase name="testDoAutomaticProofOfBenchmarkWithLabeledBreaksAndContinues()" classname="de.uka.ilkd.key.rule.loop.LoopScopeInvRuleTests" time="5.097"/>
  <system-out><![CDATA[503952     INFO  Test worker     d.u.i.k.p.i.AbstractProblemLoader Loading environment from src/test/resources/testcase/loopScopeInvRule/Test.key 
503952     DEBUG Test worker     d.u.i.k.p.i.AbstractProblemLoader Environment load took 91.7ns 
503953     INFO  Test worker     d.u.i.k.p.i.AbstractProblemLoader Creating init config 
504089     DEBUG Test worker     d.u.i.k.j.TypeConverter   No LDT found for Meta 
504090     DEBUG Test worker     d.u.i.k.j.TypeConverter   No LDT found for Meta 
504090     DEBUG Test worker     d.u.i.k.j.TypeConverter   No LDT found for Meta 
504090     DEBUG Test worker     d.u.i.k.j.TypeConverter   No LDT found for Meta 
504743     DEBUG Test worker     d.u.i.k.j.TypeConverter   No LDT found for JavaBigintExpression 
508406     DEBUG Test worker     d.u.i.k.p.i.AbstractProblemLoader Init config took 4.45s 
508448     INFO  Test worker     d.u.i.k.p.i.AbstractProblemLoader Replaying proof Test[Test::loopScopeRuleBenchmark(int,boolean)].JML normal_behavior operation contract.0 
508450     DEBUG Test worker     d.u.i.k.p.i.IntermediateProofReplayer Proof replay took 16.4ns 
]]></system-out>
  <system-err><![CDATA[]]></system-err>
</testsuite>
