<?xml version="1.0" encoding="UTF-8"?>
<testsuite name="de.uka.ilkd.key.parser.TestParser" tests="5" skipped="1" failures="0" errors="0" timestamp="2023-05-02T18:08:00" hostname="fv-az797-682" time="5.532">
  <properties/>
  <testcase name="testConstantEvaluationError()" classname="de.uka.ilkd.key.parser.TestParser" time="1.095"/>
  <testcase name="testGenericSort()" classname="de.uka.ilkd.key.parser.TestParser" time="0.002"/>
  <testcase name="testIssue1566()" classname="de.uka.ilkd.key.parser.TestParser" time="3.412"/>
  <testcase name="testIssue39()" classname="de.uka.ilkd.key.parser.TestParser" time="1.018"/>
  <testcase name="testRelativeInclude()" classname="de.uka.ilkd.key.parser.TestParser" time="0.002">
    <skipped/>
  </testcase>
  <system-out><![CDATA[334445     INFO  Test worker     d.u.i.k.p.i.AbstractProblemLoader Loading environment from src/test/resources/testcase/parserErrorTest/AssignToArray.java 
334445     DEBUG Test worker     d.u.i.k.p.i.AbstractProblemLoader Environment load took 85.3ns 
334445     INFO  Test worker     d.u.i.k.p.i.AbstractProblemLoader Creating init config 
335539     INFO  Test worker     d.u.i.k.n.KeyIO           Parsing took 0 ms 
335539     DEBUG Test worker     d.u.i.k.n.KeyIO           Load declarations of de.uka.ilkd.key.nparser.KeyAst$File:  <unknown>:1#1 
335539     INFO  Test worker     d.u.i.k.n.KeyIO           MODE: declarations took 0 ms 
335540     DEBUG Test worker     d.u.i.k.n.KeyIO           MODE: 2nd degree decls took 1 
335540     DEBUG Test worker     d.u.i.k.n.KeyIO           MODE: taclets took 0ms 
335541     INFO  Test worker     d.u.i.k.p.i.AbstractProblemLoader Loading environment from src/test/resources/testcase/issues/1566/a.key 
335541     DEBUG Test worker     d.u.i.k.p.i.AbstractProblemLoader Environment load took 76.7ns 
335543     INFO  Test worker     d.u.i.k.p.i.AbstractProblemLoader Creating init config 
338933     DEBUG Test worker     d.u.i.k.p.i.AbstractProblemLoader Init config took 3.39s 
338949     INFO  Test worker     d.u.i.k.p.i.AbstractProblemLoader Replaying proof a.key 
338951     DEBUG Test worker     d.u.i.k.p.i.IntermediateProofReplayer Proof replay took 9.9ns 
338955     INFO  Test worker     d.u.i.k.p.i.AbstractProblemLoader Loading environment from src/test/resources/testcase/issues/39/A.java 
338955     DEBUG Test worker     d.u.i.k.p.i.AbstractProblemLoader Environment load took 100.6ns 
338956     INFO  Test worker     d.u.i.k.p.i.AbstractProblemLoader Creating init config 
]]></system-out>
  <system-err><![CDATA[]]></system-err>
</testsuite>
