<?xml version="1.0" encoding="UTF-8"?>
<testsuite name="de.uka.ilkd.key.taclettranslation.TestTacletTranslator" tests="5" skipped="0" failures="0" errors="0" timestamp="2023-05-02T18:17:21" hostname="fv-az797-682" time="0.008">
  <properties/>
  <testcase name="testPropositional1()" classname="de.uka.ilkd.key.taclettranslation.TestTacletTranslator" time="0.003"/>
  <testcase name="testPropositional2()" classname="de.uka.ilkd.key.taclettranslation.TestTacletTranslator" time="0.002"/>
  <testcase name="testNegativePolarity()" classname="de.uka.ilkd.key.taclettranslation.TestTacletTranslator" time="0.001"/>
  <testcase name="testNoPolarity()" classname="de.uka.ilkd.key.taclettranslation.TestTacletTranslator" time="0.001"/>
  <testcase name="testPositivePolarity()" classname="de.uka.ilkd.key.taclettranslation.TestTacletTranslator" time="0.001"/>
  <system-out><![CDATA[895478     INFO  Test worker     d.u.i.k.n.KeyIO           Parsing took 0 ms 
895478     DEBUG Test worker     d.u.i.k.n.KeyIO           Load declarations of de.uka.ilkd.key.nparser.KeyAst$File:  <unknown>:1#1 
895478     INFO  Test worker     d.u.i.k.n.KeyIO           MODE: declarations took 0 ms 
895478     DEBUG Test worker     d.u.i.k.n.KeyIO           MODE: 2nd degree decls took 0 
895478     DEBUG Test worker     d.u.i.k.n.KeyIO           MODE: taclets took 0ms 
895481     INFO  Test worker     d.u.i.k.n.KeyIO           Parsing took 0 ms 
895481     DEBUG Test worker     d.u.i.k.n.KeyIO           Load declarations of de.uka.ilkd.key.nparser.KeyAst$File:  <unknown>:1#1 
895481     INFO  Test worker     d.u.i.k.n.KeyIO           MODE: declarations took 0 ms 
895481     DEBUG Test worker     d.u.i.k.n.KeyIO           MODE: 2nd degree decls took 0 
895481     DEBUG Test worker     d.u.i.k.n.KeyIO           MODE: taclets took 0ms 
895483     INFO  Test worker     d.u.i.k.n.KeyIO           Parsing took 1 ms 
895483     DEBUG Test worker     d.u.i.k.n.KeyIO           Load declarations of de.uka.ilkd.key.nparser.KeyAst$File:  <unknown>:1#1 
895483     INFO  Test worker     d.u.i.k.n.KeyIO           MODE: declarations took 0 ms 
895483     DEBUG Test worker     d.u.i.k.n.KeyIO           MODE: 2nd degree decls took 0 
895483     DEBUG Test worker     d.u.i.k.n.KeyIO           MODE: taclets took 0ms 
895484     INFO  Test worker     d.u.i.k.n.KeyIO           Parsing took 0 ms 
895484     DEBUG Test worker     d.u.i.k.n.KeyIO           Load declarations of de.uka.ilkd.key.nparser.KeyAst$File:  <unknown>:1#1 
895484     INFO  Test worker     d.u.i.k.n.KeyIO           MODE: declarations took 0 ms 
895484     DEBUG Test worker     d.u.i.k.n.KeyIO           MODE: 2nd degree decls took 0 
895484     DEBUG Test worker     d.u.i.k.n.KeyIO           MODE: taclets took 0ms 
895485     INFO  Test worker     d.u.i.k.n.KeyIO           Parsing took 0 ms 
895485     DEBUG Test worker     d.u.i.k.n.KeyIO           Load declarations of de.uka.ilkd.key.nparser.KeyAst$File:  <unknown>:1#1 
895485     INFO  Test worker     d.u.i.k.n.KeyIO           MODE: declarations took 0 ms 
895485     DEBUG Test worker     d.u.i.k.n.KeyIO           MODE: 2nd degree decls took 0 
895485     DEBUG Test worker     d.u.i.k.n.KeyIO           MODE: taclets took 0ms 
]]></system-out>
  <system-err><![CDATA[]]></system-err>
</testsuite>
