<?xml version="1.0" encoding="UTF-8"?>
<testsuite name="de.uka.ilkd.key.smt.TestSMTFocusResults" tests="2" skipped="0" failures="0" errors="0" timestamp="2023-06-14T05:12:34" hostname="fv-az553-463" time="0.007">
  <properties/>
  <testcase name="parsesZ3Format()" classname="de.uka.ilkd.key.smt.TestSMTFocusResults" time="0.006"/>
  <testcase name="parsesCvc5Format()" classname="de.uka.ilkd.key.smt.TestSMTFocusResults" time="0.001"/>
  <system-out><![CDATA[]]></system-out>
  <system-err><![CDATA[]]></system-err>
</testsuite>
