<?xml version="1.0" encoding="UTF-8"?>
<testsuite name="de.uka.ilkd.key.rule.loop.LoopScopeInvRuleTests" tests="1" skipped="0" failures="0" errors="0" timestamp="2023-06-14T05:10:30" hostname="fv-az553-463" time="7.917">
  <properties/>
  <testcase name="testDoAutomaticProofOfBenchmarkWithLabeledBreaksAndContinues()" classname="de.uka.ilkd.key.rule.loop.LoopScopeInvRuleTests" time="7.917"/>
  <system-out><![CDATA[620624     INFO  Test worker     d.u.i.k.p.i.AbstractProblemLoader Loading environment from src\test\resources\testcase\loopScopeInvRule\Test.key 
620624     DEBUG Test worker     d.u.i.k.p.i.AbstractProblemLoader Environment load took 161.5ns 
620624     INFO  Test worker     d.u.i.k.p.i.AbstractProblemLoader Creating init config 
620921     DEBUG Test worker     d.u.i.k.j.TypeConverter   No LDT found for Meta 
620921     DEBUG Test worker     d.u.i.k.j.TypeConverter   No LDT found for Meta 
620921     DEBUG Test worker     d.u.i.k.j.TypeConverter   No LDT found for Meta 
620921     DEBUG Test worker     d.u.i.k.j.TypeConverter   No LDT found for Meta 
621843     DEBUG Test worker     d.u.i.k.j.TypeConverter   No LDT found for JavaBigintExpression 
626847     DEBUG Test worker     d.u.i.k.p.i.AbstractProblemLoader Init config took 6.23s 
626956     INFO  Test worker     d.u.i.k.p.i.AbstractProblemLoader Replaying proof Test[Test::loopScopeRuleBenchmark(int,boolean)].JML normal_behavior operation contract.0 
626956     DEBUG Test worker     d.u.i.k.p.i.IntermediateProofReplayer Proof replay took 23.7ns 
]]></system-out>
  <system-err><![CDATA[]]></system-err>
</testsuite>
