<?xml version="1.0" encoding="UTF-8"?>
<testsuite name="de.uka.ilkd.key.speclang.njml.JMLParserExceptionTest" tests="6" skipped="4" failures="0" errors="0" timestamp="2023-06-14T05:18:02" hostname="fv-az553-463" time="2.507">
  <properties/>
  <testcase name="case Bevhavioural.java" classname="de.uka.ilkd.key.speclang.njml.JMLParserExceptionTest" time="0.001">
    <skipped/>
  </testcase>
  <testcase name="case IllegalInv.java" classname="de.uka.ilkd.key.speclang.njml.JMLParserExceptionTest" time="0.0">
    <skipped/>
  </testcase>
  <testcase name="case KeyTest.java" classname="de.uka.ilkd.key.speclang.njml.JMLParserExceptionTest" time="0.001">
    <skipped/>
  </testcase>
  <testcase name="case TypeError.java" classname="de.uka.ilkd.key.speclang.njml.JMLParserExceptionTest" time="0.002">
    <skipped/>
  </testcase>
  <testcase name="case UnknownVar.java" classname="de.uka.ilkd.key.speclang.njml.JMLParserExceptionTest" time="1.226"/>
  <testcase name="case UnknownVarInJML.java" classname="de.uka.ilkd.key.speclang.njml.JMLParserExceptionTest" time="1.274"/>
  <system-out><![CDATA[1072606    INFO  Test worker     d.u.i.k.p.i.AbstractProblemLoader Loading environment from D:\a\key\key\key.core\build\resources\test\de\uka\ilkd\key\speclang\njml\exceptional\UnknownVar.java 
1072606    DEBUG Test worker     d.u.i.k.p.i.AbstractProblemLoader Environment load took 107.3ns 
1072606    INFO  Test worker     d.u.i.k.p.i.AbstractProblemLoader Creating init config 
1073841    INFO  Test worker     d.u.i.k.p.i.AbstractProblemLoader Loading environment from D:\a\key\key\key.core\build\resources\test\de\uka\ilkd\key\speclang\njml\exceptional\UnknownVarInJML.java 
1073841    DEBUG Test worker     d.u.i.k.p.i.AbstractProblemLoader Environment load took 116.7ns 
1073841    INFO  Test worker     d.u.i.k.p.i.AbstractProblemLoader Creating init config 
]]></system-out>
  <system-err><![CDATA[]]></system-err>
</testsuite>
