<?xml version="1.0" encoding="UTF-8"?>
<testsuite name="de.uka.ilkd.key.macros.scripts.TestProofScriptCommand" tests="7" skipped="0" failures="0" errors="0" timestamp="2023-06-14T05:04:18" hostname="fv-az553-463" time="28.501">
  <properties/>
  <testcase name="[1] andRight.props, D:\a\key\key\key.core\build\resources\test\de\uka\ilkd\key\macros\scripts\cases\andRight.props" classname="de.uka.ilkd.key.macros.scripts.TestProofScriptCommand" time="4.171"/>
  <testcase name="[2] hide.exc.props, D:\a\key\key\key.core\build\resources\test\de\uka\ilkd\key\macros\scripts\cases\hide.exc.props" classname="de.uka.ilkd.key.macros.scripts.TestProofScriptCommand" time="4.035"/>
  <testcase name="[3] hide.props, D:\a\key\key\key.core\build\resources\test\de\uka\ilkd\key\macros\scripts\cases\hide.props" classname="de.uka.ilkd.key.macros.scripts.TestProofScriptCommand" time="4.111"/>
  <testcase name="[4] rule.exc.props, D:\a\key\key\key.core\build\resources\test\de\uka\ilkd\key\macros\scripts\cases\rule.exc.props" classname="de.uka.ilkd.key.macros.scripts.TestProofScriptCommand" time="3.971"/>
  <testcase name="[5] selectFormula.props, D:\a\key\key\key.core\build\resources\test\de\uka\ilkd\key\macros\scripts\cases\selectFormula.props" classname="de.uka.ilkd.key.macros.scripts.TestProofScriptCommand" time="4.173"/>
  <testcase name="[6] unhide.props, D:\a\key\key\key.core\build\resources\test\de\uka\ilkd\key\macros\scripts\cases\unhide.props" classname="de.uka.ilkd.key.macros.scripts.TestProofScriptCommand" time="4.049"/>
  <testcase name="[7] unhide2.props, D:\a\key\key\key.core\build\resources\test\de\uka\ilkd\key\macros\scripts\cases\unhide2.props" classname="de.uka.ilkd.key.macros.scripts.TestProofScriptCommand" time="3.987"/>
  <system-out><![CDATA[248584     INFO  Test worker     d.u.i.k.p.i.AbstractProblemLoader Loading environment from C:\Users\RUNNER~1\AppData\Local\Temp\proofscript_key_andRight.props6081267652763261764.key 
248584     DEBUG Test worker     d.u.i.k.p.i.AbstractProblemLoader Environment load took 701.7ns 
248584     INFO  Test worker     d.u.i.k.p.i.AbstractProblemLoader Creating init config 
252632     DEBUG Test worker     d.u.i.k.p.i.AbstractProblemLoader Init config took 4.03s 
252741     INFO  Test worker     d.u.i.k.p.i.AbstractProblemLoader Replaying proof proofscript_key_andRight.props6081267652763261764.key 
252741     DEBUG Test worker     d.u.i.k.p.i.IntermediateProofReplayer Proof replay took 10.9ns 
252741     DEBUG Test worker     d.u.i.k.m.s.ProofScriptEngine [1] goal: 0, source line: 1, command: 'rule andRight' 
252773     INFO  Test worker     d.u.i.k.p.i.AbstractProblemLoader Loading environment from C:\Users\RUNNER~1\AppData\Local\Temp\proofscript_key_hide.exc.props2189477188334222681.key 
252773     DEBUG Test worker     d.u.i.k.p.i.AbstractProblemLoader Environment load took 189.5ns 
252773     INFO  Test worker     d.u.i.k.p.i.AbstractProblemLoader Creating init config 
256761     DEBUG Test worker     d.u.i.k.p.i.AbstractProblemLoader Init config took 3.99s 
256777     INFO  Test worker     d.u.i.k.p.i.AbstractProblemLoader Replaying proof proofscript_key_hide.exc.props2189477188334222681.key 
256777     DEBUG Test worker     d.u.i.k.p.i.IntermediateProofReplayer Proof replay took 10.5ns 
256793     DEBUG Test worker     d.u.i.k.m.s.ProofScriptEngine [1] goal: 0, source line: 1, command: 'macro split-prop' 
256793     DEBUG Test worker     d.u.i.k.m.s.ProofScriptEngine [2] goal: 1, source line: 2, command: 'hide "b ==>"' 
256793     DEBUG Test worker     d.u.i.k.m.s.ProofScriptEngine GOALS: 1 
256793     DEBUG Test worker     d.u.i.k.m.s.ProofScriptEngine [a]==>[b] 
256886     INFO  Test worker     d.u.i.k.p.i.AbstractProblemLoader Loading environment from C:\Users\RUNNER~1\AppData\Local\Temp\proofscript_key_hide.props1682573008253628073.key 
256886     DEBUG Test worker     d.u.i.k.p.i.AbstractProblemLoader Environment load took 340.4ns 
256886     INFO  Test worker     d.u.i.k.p.i.AbstractProblemLoader Creating init config 
260858     DEBUG Test worker     d.u.i.k.p.i.AbstractProblemLoader Init config took 3.97s 
260889     INFO  Test worker     d.u.i.k.p.i.AbstractProblemLoader Replaying proof proofscript_key_hide.props1682573008253628073.key 
260889     DEBUG Test worker     d.u.i.k.p.i.IntermediateProofReplayer Proof replay took 9.7ns 
260889     DEBUG Test worker     d.u.i.k.m.s.ProofScriptEngine [1] goal: 0, source line: 1, command: 'macro split-prop' 
260904     DEBUG Test worker     d.u.i.k.m.s.ProofScriptEngine [2] goal: 5, source line: 2, command: 'hide "a ==> d, e"' 
260920     INFO  Test worker     d.u.i.k.p.i.AbstractProblemLoader Loading environment from C:\Users\RUNNER~1\AppData\Local\Temp\proofscript_key_rule.exc.props14295254729735182600.key 
260920     DEBUG Test worker     d.u.i.k.p.i.AbstractProblemLoader Environment load took 547.4ns 
260920     INFO  Test worker     d.u.i.k.p.i.AbstractProblemLoader Creating init config 
264846     DEBUG Test worker     d.u.i.k.p.i.AbstractProblemLoader Init config took 3.92s 
264861     INFO  Test worker     d.u.i.k.p.i.AbstractProblemLoader Replaying proof proofscript_key_rule.exc.props14295254729735182600.key 
264861     DEBUG Test worker     d.u.i.k.p.i.IntermediateProofReplayer Proof replay took 11.8ns 
264877     DEBUG Test worker     d.u.i.k.m.s.ProofScriptEngine [1] goal: 0, source line: 1, command: 'rule andLeft' 
264877     DEBUG Test worker     d.u.i.k.m.s.ProofScriptEngine GOALS: 1 
264877     DEBUG Test worker     d.u.i.k.m.s.ProofScriptEngine []==>[and(a,b)] 
264877     INFO  Test worker     d.u.i.k.p.i.AbstractProblemLoader Loading environment from C:\Users\RUNNER~1\AppData\Local\Temp\proofscript_key_selectFormula.props17655030543482944703.key 
264877     DEBUG Test worker     d.u.i.k.p.i.AbstractProblemLoader Environment load took 926.4ns 
264877     INFO  Test worker     d.u.i.k.p.i.AbstractProblemLoader Creating init config 
269004     DEBUG Test worker     d.u.i.k.p.i.AbstractProblemLoader Init config took 4.12s 
269020     INFO  Test worker     d.u.i.k.p.i.AbstractProblemLoader Replaying proof proofscript_key_selectFormula.props17655030543482944703.key 
269020     DEBUG Test worker     d.u.i.k.p.i.IntermediateProofReplayer Proof replay took 9.6ns 
269020     DEBUG Test worker     d.u.i.k.m.s.ProofScriptEngine [1] goal: 0, source line: 1, command: 'macro split-prop' 
269051     DEBUG Test worker     d.u.i.k.m.s.ProofScriptEngine [2] goal: 3, source line: 2, command: 'select formula="b"' 
269051     INFO  Test worker     d.u.i.k.p.i.AbstractProblemLoader Loading environment from C:\Users\RUNNER~1\AppData\Local\Temp\proofscript_key_unhide.props12707516303395935825.key 
269051     DEBUG Test worker     d.u.i.k.p.i.AbstractProblemLoader Environment load took 206.4ns 
269051     INFO  Test worker     d.u.i.k.p.i.AbstractProblemLoader Creating init config 
273054     DEBUG Test worker     d.u.i.k.p.i.AbstractProblemLoader Init config took 4s 
273085     INFO  Test worker     d.u.i.k.p.i.AbstractProblemLoader Replaying proof proofscript_key_unhide.props12707516303395935825.key 
273085     DEBUG Test worker     d.u.i.k.p.i.IntermediateProofReplayer Proof replay took 9.7ns 
273100     DEBUG Test worker     d.u.i.k.m.s.ProofScriptEngine [1] goal: 0, source line: 1, command: 'rule impRight' 
273100     DEBUG Test worker     d.u.i.k.m.s.ProofScriptEngine [2] goal: 1, source line: 2, command: 'hide '2=3 ==> 3=4'' 
273100     DEBUG Test worker     d.u.i.k.m.s.ProofScriptEngine [3] goal: 3, source line: 3, command: 'unhide '2=3 ==>'' 
273100     DEBUG Test worker     d.u.i.k.m.s.ProofScriptEngine [4] goal: 4, source line: 4, command: 'unhide '==> 3=4'' 
273116     INFO  Test worker     d.u.i.k.p.i.AbstractProblemLoader Loading environment from C:\Users\RUNNER~1\AppData\Local\Temp\proofscript_key_unhide2.props14192017399554162394.key 
273116     DEBUG Test worker     d.u.i.k.p.i.AbstractProblemLoader Environment load took 184.8ns 
273116     INFO  Test worker     d.u.i.k.p.i.AbstractProblemLoader Creating init config 
277056     DEBUG Test worker     d.u.i.k.p.i.AbstractProblemLoader Init config took 3.95s 
277071     INFO  Test worker     d.u.i.k.p.i.AbstractProblemLoader Replaying proof proofscript_key_unhide2.props14192017399554162394.key 
277087     DEBUG Test worker     d.u.i.k.p.i.IntermediateProofReplayer Proof replay took 10.3ns 
277087     DEBUG Test worker     d.u.i.k.m.s.ProofScriptEngine [1] goal: 0, source line: 1, command: 'rule impRight' 
277087     DEBUG Test worker     d.u.i.k.m.s.ProofScriptEngine [2] goal: 1, source line: 2, command: 'hide '2=3 ==> 3=4'' 
277087     DEBUG Test worker     d.u.i.k.m.s.ProofScriptEngine [3] goal: 3, source line: 3, command: 'unhide '2=3 ==> 3=4'' 
]]></system-out>
  <system-err><![CDATA[]]></system-err>
</testsuite>
