<?xml version="1.0" encoding="UTF-8"?>
<testsuite name="de.uka.ilkd.key.parser.TestDeclParser" tests="14" skipped="2" failures="0" errors="0" timestamp="2023-06-14T05:05:10" hostname="fv-az553-463" time="14.498">
  <properties/>
  <testcase name="testGenericSortDecl1()" classname="de.uka.ilkd.key.parser.TestDeclParser" time="1.278"/>
  <testcase name="testGenericSortDecl2()" classname="de.uka.ilkd.key.parser.TestDeclParser" time="1.171"/>
  <testcase name="testGenericSortDecl3()" classname="de.uka.ilkd.key.parser.TestDeclParser" time="1.211"/>
  <testcase name="testGenericSortDecl4()" classname="de.uka.ilkd.key.parser.TestDeclParser" time="1.2"/>
  <testcase name="testGenericSortDecl5()" classname="de.uka.ilkd.key.parser.TestDeclParser" time="0.0">
    <skipped/>
  </testcase>
  <testcase name="testGenericSortDecl6()" classname="de.uka.ilkd.key.parser.TestDeclParser" time="1.199"/>
  <testcase name="testSortDecl()" classname="de.uka.ilkd.key.parser.TestDeclParser" time="1.216"/>
  <testcase name="testProxySortDecl()" classname="de.uka.ilkd.key.parser.TestDeclParser" time="1.206"/>
  <testcase name="testArrayDecl()" classname="de.uka.ilkd.key.parser.TestDeclParser" time="1.204"/>
  <testcase name="testAmbiguousDecls()" classname="de.uka.ilkd.key.parser.TestDeclParser" time="0.0">
    <skipped/>
  </testcase>
  <testcase name="testHeurDecl()" classname="de.uka.ilkd.key.parser.TestDeclParser" time="1.172"/>
  <testcase name="testFunctionDecl()" classname="de.uka.ilkd.key.parser.TestDeclParser" time="1.21"/>
  <testcase name="testPredicateDecl()" classname="de.uka.ilkd.key.parser.TestDeclParser" time="1.214"/>
  <testcase name="testSVDecl()" classname="de.uka.ilkd.key.parser.TestDeclParser" time="1.213"/>
  <system-out><![CDATA[301900     INFO  Test worker     d.u.i.k.n.KeyIO           Parsing took 0 ms 
301900     DEBUG Test worker     d.u.i.k.n.KeyIO           Load declarations of de.uka.ilkd.key.nparser.KeyAst$File:  <unknown>:1#1 
301900     INFO  Test worker     d.u.i.k.n.KeyIO           MODE: declarations took 0 ms 
301900     DEBUG Test worker     d.u.i.k.n.KeyIO           MODE: 2nd degree decls took 0 
301900     DEBUG Test worker     d.u.i.k.n.KeyIO           MODE: taclets took 0ms 
303088     INFO  Test worker     d.u.i.k.n.KeyIO           Parsing took 0 ms 
303088     DEBUG Test worker     d.u.i.k.n.KeyIO           Load declarations of de.uka.ilkd.key.nparser.KeyAst$File:  <unknown>:1#1 
303088     INFO  Test worker     d.u.i.k.n.KeyIO           MODE: declarations took 0 ms 
303088     DEBUG Test worker     d.u.i.k.n.KeyIO           MODE: 2nd degree decls took 0 
303088     DEBUG Test worker     d.u.i.k.n.KeyIO           MODE: taclets took 0ms 
304292     INFO  Test worker     d.u.i.k.n.KeyIO           Parsing took 0 ms 
304292     DEBUG Test worker     d.u.i.k.n.KeyIO           Load declarations of de.uka.ilkd.key.nparser.KeyAst$File:  <unknown>:1#1 
304292     INFO  Test worker     d.u.i.k.n.KeyIO           MODE: declarations took 0 ms 
304292     DEBUG Test worker     d.u.i.k.n.KeyIO           MODE: 2nd degree decls took 0 
304292     DEBUG Test worker     d.u.i.k.n.KeyIO           MODE: taclets took 0ms 
305496     INFO  Test worker     d.u.i.k.n.KeyIO           Parsing took 0 ms 
305496     DEBUG Test worker     d.u.i.k.n.KeyIO           Load declarations of de.uka.ilkd.key.nparser.KeyAst$File:  <unknown>:1#1 
305496     INFO  Test worker     d.u.i.k.n.KeyIO           MODE: declarations took 0 ms 
305496     DEBUG Test worker     d.u.i.k.n.KeyIO           MODE: 2nd degree decls took 0 
305496     DEBUG Test worker     d.u.i.k.n.KeyIO           MODE: taclets took 0ms 
306700     INFO  Test worker     d.u.i.k.n.KeyIO           Parsing took 0 ms 
306700     DEBUG Test worker     d.u.i.k.n.KeyIO           Load declarations of de.uka.ilkd.key.nparser.KeyAst$File:  <unknown>:1#1 
306700     INFO  Test worker     d.u.i.k.n.KeyIO           MODE: declarations took 0 ms 
306700     DEBUG Test worker     d.u.i.k.n.KeyIO           MODE: 2nd degree decls took 0 
306700     DEBUG Test worker     d.u.i.k.n.KeyIO           MODE: taclets took 0ms 
307920     INFO  Test worker     d.u.i.k.n.KeyIO           Parsing took 0 ms 
307920     DEBUG Test worker     d.u.i.k.n.KeyIO           Load declarations of de.uka.ilkd.key.nparser.KeyAst$File:  <unknown>:1#1 
307920     INFO  Test worker     d.u.i.k.n.KeyIO           MODE: declarations took 0 ms 
307920     DEBUG Test worker     d.u.i.k.n.KeyIO           MODE: 2nd degree decls took 0 
307920     DEBUG Test worker     d.u.i.k.n.KeyIO           MODE: taclets took 0ms 
309123     INFO  Test worker     d.u.i.k.n.KeyIO           Parsing took 0 ms 
309123     DEBUG Test worker     d.u.i.k.n.KeyIO           Load declarations of de.uka.ilkd.key.nparser.KeyAst$File:  <unknown>:1#1 
309123     INFO  Test worker     d.u.i.k.n.KeyIO           MODE: declarations took 0 ms 
309123     DEBUG Test worker     d.u.i.k.n.KeyIO           MODE: 2nd degree decls took 0 
309123     DEBUG Test worker     d.u.i.k.n.KeyIO           MODE: taclets took 0ms 
310327     INFO  Test worker     d.u.i.k.n.KeyIO           Parsing took 0 ms 
310327     DEBUG Test worker     d.u.i.k.n.KeyIO           Load declarations of de.uka.ilkd.key.nparser.KeyAst$File:  <unknown>:1#1 
310327     INFO  Test worker     d.u.i.k.n.KeyIO           MODE: declarations took 0 ms 
310327     DEBUG Test worker     d.u.i.k.n.KeyIO           MODE: 2nd degree decls took 0 
310327     DEBUG Test worker     d.u.i.k.n.KeyIO           MODE: taclets took 0ms 
311499     INFO  Test worker     d.u.i.k.n.KeyIO           Parsing took 0 ms 
311499     DEBUG Test worker     d.u.i.k.n.KeyIO           Load declarations of de.uka.ilkd.key.nparser.KeyAst$File:  <unknown>:1#1 
311499     INFO  Test worker     d.u.i.k.n.KeyIO           MODE: declarations took 0 ms 
311499     DEBUG Test worker     d.u.i.k.n.KeyIO           MODE: 2nd degree decls took 0 
311499     DEBUG Test worker     d.u.i.k.n.KeyIO           MODE: taclets took 0ms 
312718     INFO  Test worker     d.u.i.k.n.KeyIO           Parsing took 0 ms 
312718     DEBUG Test worker     d.u.i.k.n.KeyIO           Load declarations of de.uka.ilkd.key.nparser.KeyAst$File:  <unknown>:1#1 
312718     INFO  Test worker     d.u.i.k.n.KeyIO           MODE: declarations took 0 ms 
312718     DEBUG Test worker     d.u.i.k.n.KeyIO           MODE: 2nd degree decls took 0 
312718     DEBUG Test worker     d.u.i.k.n.KeyIO           MODE: taclets took 0ms 
313923     INFO  Test worker     d.u.i.k.n.KeyIO           Parsing took 0 ms 
313923     DEBUG Test worker     d.u.i.k.n.KeyIO           Load declarations of de.uka.ilkd.key.nparser.KeyAst$File:  <unknown>:1#1 
313923     INFO  Test worker     d.u.i.k.n.KeyIO           MODE: declarations took 0 ms 
313923     DEBUG Test worker     d.u.i.k.n.KeyIO           MODE: 2nd degree decls took 0 
313923     DEBUG Test worker     d.u.i.k.n.KeyIO           MODE: taclets took 0ms 
315125     INFO  Test worker     d.u.i.k.n.KeyIO           Parsing took 0 ms 
315125     DEBUG Test worker     d.u.i.k.n.KeyIO           Load declarations of de.uka.ilkd.key.nparser.KeyAst$File:  <unknown>:1#1 
315125     INFO  Test worker     d.u.i.k.n.KeyIO           MODE: declarations took 0 ms 
315125     DEBUG Test worker     d.u.i.k.n.KeyIO           MODE: 2nd degree decls took 0 
315125     DEBUG Test worker     d.u.i.k.n.KeyIO           MODE: taclets took 0ms 
]]></system-out>
  <system-err><![CDATA[]]></system-err>
</testsuite>
