<?xml version="1.0" encoding="UTF-8"?>
<testsuite name="de.uka.ilkd.key.parser.TestTermParserSorts" tests="2" skipped="0" failures="0" errors="0" timestamp="2023-06-14T05:09:51" hostname="fv-az553-463" time="3.927">
  <properties/>
  <testcase name="testParseIntegerArgs()" classname="de.uka.ilkd.key.parser.TestTermParserSorts" time="0.019"/>
  <testcase name="testParseSequencePrettySyntax()" classname="de.uka.ilkd.key.parser.TestTermParserSorts" time="0.002"/>
  <system-out><![CDATA[581818     INFO  Test worker     d.u.i.k.n.KeyIO           Parsing took 0 ms 
581818     DEBUG Test worker     d.u.i.k.n.KeyIO           Load declarations of de.uka.ilkd.key.nparser.KeyAst$File:  <unknown>:1#1 
581818     INFO  Test worker     d.u.i.k.n.KeyIO           MODE: declarations took 0 ms 
581818     DEBUG Test worker     d.u.i.k.n.KeyIO           MODE: 2nd degree decls took 0 
581818     INFO  Test worker     d.u.i.k.n.KeyIO           Parsing took 0 ms 
581818     DEBUG Test worker     d.u.i.k.n.KeyIO           Load declarations of de.uka.ilkd.key.nparser.KeyAst$File:  <unknown>:1#1 
581818     INFO  Test worker     d.u.i.k.n.KeyIO           MODE: declarations took 0 ms 
581818     DEBUG Test worker     d.u.i.k.n.KeyIO           MODE: 2nd degree decls took 0 
581818     INFO  Test worker     d.u.i.k.n.KeyIO           Parsing took 0 ms 
581818     DEBUG Test worker     d.u.i.k.n.KeyIO           Load declarations of de.uka.ilkd.key.nparser.KeyAst$File:  <unknown>:1#1 
581818     INFO  Test worker     d.u.i.k.n.KeyIO           MODE: declarations took 0 ms 
581818     DEBUG Test worker     d.u.i.k.n.KeyIO           MODE: 2nd degree decls took 0 
585743     INFO  Test worker     d.u.i.k.n.KeyIO           Parsing took 0 ms 
585743     DEBUG Test worker     d.u.i.k.n.KeyIO           Load declarations of de.uka.ilkd.key.nparser.KeyAst$File:  <unknown>:1#1 
585743     INFO  Test worker     d.u.i.k.n.KeyIO           MODE: declarations took 0 ms 
585743     DEBUG Test worker     d.u.i.k.n.KeyIO           MODE: 2nd degree decls took 0 
585743     INFO  Test worker     d.u.i.k.n.KeyIO           Parsing took 0 ms 
585743     DEBUG Test worker     d.u.i.k.n.KeyIO           Load declarations of de.uka.ilkd.key.nparser.KeyAst$File:  <unknown>:1#1 
585743     INFO  Test worker     d.u.i.k.n.KeyIO           MODE: declarations took 0 ms 
585743     DEBUG Test worker     d.u.i.k.n.KeyIO           MODE: 2nd degree decls took 0 
585743     INFO  Test worker     d.u.i.k.n.KeyIO           Parsing took 0 ms 
585743     DEBUG Test worker     d.u.i.k.n.KeyIO           Load declarations of de.uka.ilkd.key.nparser.KeyAst$File:  <unknown>:1#1 
585743     INFO  Test worker     d.u.i.k.n.KeyIO           MODE: declarations took 0 ms 
585743     DEBUG Test worker     d.u.i.k.n.KeyIO           MODE: 2nd degree decls took 0 
]]></system-out>
  <system-err><![CDATA[]]></system-err>
</testsuite>
