<?xml version="1.0" encoding="UTF-8"?>
<testsuite name="de.uka.ilkd.key.parser.TestTermParser" tests="47" skipped="4" failures="0" errors="0" timestamp="2023-06-14T05:07:10" hostname="fv-az553-463" time="3.244">
  <properties/>
  <testcase name="testNotEqual()" classname="de.uka.ilkd.key.parser.TestTermParser" time="0.002"/>
  <testcase name="testProgramVariables()" classname="de.uka.ilkd.key.parser.TestTermParser" time="0.055"/>
  <testcase name="testAttributeWithSpecifiedSortOnObject()" classname="de.uka.ilkd.key.parser.TestTermParser" time="0.009"/>
  <testcase name="testCast()" classname="de.uka.ilkd.key.parser.TestTermParser" time="0.001"/>
  <testcase name="testJavaQueryAndAttribute_all()" classname="de.uka.ilkd.key.parser.TestTermParser" time="0.0">
    <skipped/>
  </testcase>
  <testcase name="test10()" classname="de.uka.ilkd.key.parser.TestTermParser" time="0.005"/>
  <testcase name="test11()" classname="de.uka.ilkd.key.parser.TestTermParser" time="0.003"/>
  <testcase name="test12()" classname="de.uka.ilkd.key.parser.TestTermParser" time="0.0">
    <skipped/>
  </testcase>
  <testcase name="test13()" classname="de.uka.ilkd.key.parser.TestTermParser" time="0.006"/>
  <testcase name="test14()" classname="de.uka.ilkd.key.parser.TestTermParser" time="0.004"/>
  <testcase name="test1a()" classname="de.uka.ilkd.key.parser.TestTermParser" time="0.003"/>
  <testcase name="testJavaAttributeAccess_4()" classname="de.uka.ilkd.key.parser.TestTermParser" time="0.004"/>
  <testcase name="testAttributeOnObject()" classname="de.uka.ilkd.key.parser.TestTermParser" time="0.003"/>
  <testcase name="testNegativeLiteralParsing1()" classname="de.uka.ilkd.key.parser.TestTermParser" time="0.002"/>
  <testcase name="testNegativeLiteralParsing2()" classname="de.uka.ilkd.key.parser.TestTermParser" time="0.005"/>
  <testcase name="testNegativeLiteralParsing3()" classname="de.uka.ilkd.key.parser.TestTermParser" time="0.003"/>
  <testcase name="xtestParsingArrayWithSpaces()" classname="de.uka.ilkd.key.parser.TestTermParser" time="0.0">
    <skipped/>
  </testcase>
  <testcase name="testAmbigiousFuncVarPred()" classname="de.uka.ilkd.key.parser.TestTermParser" time="0.003"/>
  <testcase name="test1()" classname="de.uka.ilkd.key.parser.TestTermParser" time="0.002"/>
  <testcase name="test2()" classname="de.uka.ilkd.key.parser.TestTermParser" time="0.002"/>
  <testcase name="test3()" classname="de.uka.ilkd.key.parser.TestTermParser" time="0.002"/>
  <testcase name="test5()" classname="de.uka.ilkd.key.parser.TestTermParser" time="0.003"/>
  <testcase name="test6()" classname="de.uka.ilkd.key.parser.TestTermParser" time="0.003"/>
  <testcase name="test7()" classname="de.uka.ilkd.key.parser.TestTermParser" time="0.002"/>
  <testcase name="test8()" classname="de.uka.ilkd.key.parser.TestTermParser" time="0.003"/>
  <testcase name="test9()" classname="de.uka.ilkd.key.parser.TestTermParser" time="0.002"/>
  <testcase name="testBindingUpdateTerm()" classname="de.uka.ilkd.key.parser.TestTermParser" time="0.003"/>
  <testcase name="testJavaStaticQuery()" classname="de.uka.ilkd.key.parser.TestTermParser" time="0.004"/>
  <testcase name="testInfix1()" classname="de.uka.ilkd.key.parser.TestTermParser" time="0.003"/>
  <testcase name="testInfix2()" classname="de.uka.ilkd.key.parser.TestTermParser" time="0.004"/>
  <testcase name="testInfix3()" classname="de.uka.ilkd.key.parser.TestTermParser" time="0.003"/>
  <testcase name="testInfix4()" classname="de.uka.ilkd.key.parser.TestTermParser" time="0.004"/>
  <testcase name="testIfThenElse()" classname="de.uka.ilkd.key.parser.TestTermParser" time="0.002"/>
  <testcase name="testJavaAttributeAccessBoth_1()" classname="de.uka.ilkd.key.parser.TestTermParser" time="0.004"/>
  <testcase name="testJavaAttributeAccessBoth_2()" classname="de.uka.ilkd.key.parser.TestTermParser" time="0.017"/>
  <testcase name="testJavaAttributeAccessBoth_3()" classname="de.uka.ilkd.key.parser.TestTermParser" time="0.003"/>
  <testcase name="testBindingUpdateTerm_1()" classname="de.uka.ilkd.key.parser.TestTermParser" time="0.004"/>
  <testcase name="testBindingUpdateTerm_3()" classname="de.uka.ilkd.key.parser.TestTermParser" time="0.004"/>
  <testcase name="testBindingUpdateTerm_4()" classname="de.uka.ilkd.key.parser.TestTermParser" time="0.002"/>
  <testcase name="testBindingUpdateTerm_5()" classname="de.uka.ilkd.key.parser.TestTermParser" time="0.003"/>
  <testcase name="testBindingUpdateTerm_6()" classname="de.uka.ilkd.key.parser.TestTermParser" time="0.003"/>
  <testcase name="testBindingUpdateTerm_7()" classname="de.uka.ilkd.key.parser.TestTermParser" time="0.004"/>
  <testcase name="testBindingUpdateTerm_8()" classname="de.uka.ilkd.key.parser.TestTermParser" time="0.004"/>
  <testcase name="testParsingArray()" classname="de.uka.ilkd.key.parser.TestTermParser" time="0.005"/>
  <testcase name="xtestBindingUpdateTermOldBindingAlternative()" classname="de.uka.ilkd.key.parser.TestTermParser" time="0.0">
    <skipped/>
  </testcase>
  <testcase name="testJavaStaticQueryWithParameter()" classname="de.uka.ilkd.key.parser.TestTermParser" time="0.005"/>
  <testcase name="testParsingArrayCombination()" classname="de.uka.ilkd.key.parser.TestTermParser" time="0.003"/>
  <system-out><![CDATA[421016     DEBUG Test worker     d.u.i.k.j.Recoder2KeY     Reading public class T extends java.lang.Object{ private T a;private static T b;T c;static T d;public T e;public static T f;protected T g;protected T h;p[...] 
421078     INFO  Test worker     d.u.i.k.n.KeyIO           Parsing took 0 ms 
421078     DEBUG Test worker     d.u.i.k.n.KeyIO           Load declarations of de.uka.ilkd.key.nparser.KeyAst$File:  <unknown>:1#1 
421078     INFO  Test worker     d.u.i.k.n.KeyIO           MODE: declarations took 0 ms 
421078     DEBUG Test worker     d.u.i.k.n.KeyIO           MODE: 2nd degree decls took 0 
421078     DEBUG Test worker     d.u.i.k.j.Recoder2KeY     Reading public class T extends java.lang.Object{ private T a;private static T b;T c;static T d;public T e;public static T f;protected T g;protected T h;p[...] 
421078     WARN  Test worker     d.u.i.k.j.r.KeYCrossReferenceNameInfo Datatype T declared twice: Once in UNKNOWN:unknown and once in UNKNOWN:unknown, Keeping one from UNKNOWN:unknown 
421141     INFO  Test worker     d.u.i.k.n.KeyIO           Parsing took 0 ms 
421157     DEBUG Test worker     d.u.i.k.n.KeyIO           Load declarations of de.uka.ilkd.key.nparser.KeyAst$File:  <unknown>:1#1 
421157     INFO  Test worker     d.u.i.k.n.KeyIO           MODE: declarations took 0 ms 
421157     DEBUG Test worker     d.u.i.k.n.KeyIO           MODE: 2nd degree decls took 0 
421157     DEBUG Test worker     d.u.i.k.j.Recoder2KeY     Reading public class T0 extends java.lang.Object{}  
421203     DEBUG Test worker     d.u.i.k.j.Recoder2KeY     Reading public class T extends java.lang.Object{ private T a;private static T b;T c;static T d;public T e;public static T f;protected T g;protected T h;p[...] 
421203     WARN  Test worker     d.u.i.k.j.r.KeYCrossReferenceNameInfo Datatype T declared twice: Once in UNKNOWN:unknown and once in UNKNOWN:unknown, Keeping one from UNKNOWN:unknown 
421266     INFO  Test worker     d.u.i.k.n.KeyIO           Parsing took 0 ms 
421266     DEBUG Test worker     d.u.i.k.n.KeyIO           Load declarations of de.uka.ilkd.key.nparser.KeyAst$File:  <unknown>:1#1 
421266     INFO  Test worker     d.u.i.k.n.KeyIO           MODE: declarations took 0 ms 
421266     DEBUG Test worker     d.u.i.k.n.KeyIO           MODE: 2nd degree decls took 0 
421282     DEBUG Test worker     d.u.i.k.j.Recoder2KeY     Reading public class T extends java.lang.Object{ private T a;private static T b;T c;static T d;public T e;public static T f;protected T g;protected T h;p[...] 
421282     WARN  Test worker     d.u.i.k.j.r.KeYCrossReferenceNameInfo Datatype T declared twice: Once in UNKNOWN:unknown and once in UNKNOWN:unknown, Keeping one from UNKNOWN:unknown 
421344     INFO  Test worker     d.u.i.k.n.KeyIO           Parsing took 0 ms 
421344     DEBUG Test worker     d.u.i.k.n.KeyIO           Load declarations of de.uka.ilkd.key.nparser.KeyAst$File:  <unknown>:1#1 
421344     INFO  Test worker     d.u.i.k.n.KeyIO           MODE: declarations took 0 ms 
421344     DEBUG Test worker     d.u.i.k.n.KeyIO           MODE: 2nd degree decls took 0 
421344     DEBUG Test worker     d.u.i.k.j.Recoder2KeY     Reading public class T extends java.lang.Object{ private T a;private static T b;T c;static T d;public T e;public static T f;protected T g;protected T h;p[...] 
421344     WARN  Test worker     d.u.i.k.j.r.KeYCrossReferenceNameInfo Datatype T declared twice: Once in UNKNOWN:unknown and once in UNKNOWN:unknown, Keeping one from UNKNOWN:unknown 
421422     DEBUG Test worker     d.u.i.k.j.Recoder2KeY     Reading public class T extends java.lang.Object{ private T a;private static T b;T c;static T d;public T e;public static T f;protected T g;protected T h;p[...] 
421422     WARN  Test worker     d.u.i.k.j.r.KeYCrossReferenceNameInfo Datatype T declared twice: Once in UNKNOWN:unknown and once in UNKNOWN:unknown, Keeping one from UNKNOWN:unknown 
421485     INFO  Test worker     d.u.i.k.n.KeyIO           Parsing took 0 ms 
421485     DEBUG Test worker     d.u.i.k.n.KeyIO           Load declarations of de.uka.ilkd.key.nparser.KeyAst$File:  <unknown>:1#1 
421485     INFO  Test worker     d.u.i.k.n.KeyIO           MODE: declarations took 0 ms 
421485     DEBUG Test worker     d.u.i.k.n.KeyIO           MODE: 2nd degree decls took 0 
421485     INFO  Test worker     d.u.i.k.p.TestTermParser  Out: \<{
  int x = 1;
  {
    int s = 2;
  }
}\> (equals(x,x)) 
421485     DEBUG Test worker     d.u.i.k.j.Recoder2KeY     Reading public class T extends java.lang.Object{ private T a;private static T b;T c;static T d;public T e;public static T f;protected T g;protected T h;p[...] 
421485     WARN  Test worker     d.u.i.k.j.r.KeYCrossReferenceNameInfo Datatype T declared twice: Once in UNKNOWN:unknown and once in UNKNOWN:unknown, Keeping one from UNKNOWN:unknown 
421547     INFO  Test worker     d.u.i.k.n.KeyIO           Parsing took 0 ms 
421547     DEBUG Test worker     d.u.i.k.n.KeyIO           Load declarations of de.uka.ilkd.key.nparser.KeyAst$File:  <unknown>:1#1 
421547     INFO  Test worker     d.u.i.k.n.KeyIO           MODE: declarations took 0 ms 
421547     DEBUG Test worker     d.u.i.k.n.KeyIO           MODE: 2nd degree decls took 0 
421547     INFO  Test worker     d.u.i.k.p.TestTermParser  Out: \[{
  int x = 2;
  {
    String s = ""}";
  }
}\] (true) 
421547     DEBUG Test worker     d.u.i.k.j.Recoder2KeY     Reading public class T extends java.lang.Object{ private T a;private static T b;T c;static T d;public T e;public static T f;protected T g;protected T h;p[...] 
421563     WARN  Test worker     d.u.i.k.j.r.KeYCrossReferenceNameInfo Datatype T declared twice: Once in UNKNOWN:unknown and once in UNKNOWN:unknown, Keeping one from UNKNOWN:unknown 
421625     DEBUG Test worker     d.u.i.k.j.Recoder2KeY     Reading public class T extends java.lang.Object{ private T a;private static T b;T c;static T d;public T e;public static T f;protected T g;protected T h;p[...] 
421625     WARN  Test worker     d.u.i.k.j.r.KeYCrossReferenceNameInfo Datatype T declared twice: Once in UNKNOWN:unknown and once in UNKNOWN:unknown, Keeping one from UNKNOWN:unknown 
421688     INFO  Test worker     d.u.i.k.n.KeyIO           Parsing took 0 ms 
421688     DEBUG Test worker     d.u.i.k.n.KeyIO           Load declarations of de.uka.ilkd.key.nparser.KeyAst$File:  <unknown>:1#1 
421688     INFO  Test worker     d.u.i.k.n.KeyIO           MODE: declarations took 0 ms 
421688     DEBUG Test worker     d.u.i.k.n.KeyIO           MODE: 2nd degree decls took 0 
421703     DEBUG Test worker     d.u.i.k.j.Recoder2KeY     Reading public class T extends java.lang.Object{ private T a;private static T b;T c;static T d;public T e;public static T f;protected T g;protected T h;p[...] 
421703     WARN  Test worker     d.u.i.k.j.r.KeYCrossReferenceNameInfo Datatype T declared twice: Once in UNKNOWN:unknown and once in UNKNOWN:unknown, Keeping one from UNKNOWN:unknown 
421766     INFO  Test worker     d.u.i.k.n.KeyIO           Parsing took 0 ms 
421766     DEBUG Test worker     d.u.i.k.n.KeyIO           Load declarations of de.uka.ilkd.key.nparser.KeyAst$File:  <unknown>:1#1 
421766     INFO  Test worker     d.u.i.k.n.KeyIO           MODE: declarations took 0 ms 
421766     DEBUG Test worker     d.u.i.k.n.KeyIO           MODE: 2nd degree decls took 0 
421766     INFO  Test worker     d.u.i.k.p.TestTermParser  Out: \<{
  int[] i;
}\> (diamond(true)) 
421766     DEBUG Test worker     d.u.i.k.j.Recoder2KeY     Reading public class T extends java.lang.Object{ private T a;private static T b;T c;static T d;public T e;public static T f;protected T g;protected T h;p[...] 
421766     WARN  Test worker     d.u.i.k.j.r.KeYCrossReferenceNameInfo Datatype T declared twice: Once in UNKNOWN:unknown and once in UNKNOWN:unknown, Keeping one from UNKNOWN:unknown 
421828     INFO  Test worker     d.u.i.k.n.KeyIO           Parsing took 0 ms 
421828     DEBUG Test worker     d.u.i.k.n.KeyIO           Load declarations of de.uka.ilkd.key.nparser.KeyAst$File:  <unknown>:1#1 
421828     INFO  Test worker     d.u.i.k.n.KeyIO           MODE: declarations took 0 ms 
421828     DEBUG Test worker     d.u.i.k.n.KeyIO           MODE: 2nd degree decls took 0 
421828     DEBUG Test worker     d.u.i.k.j.Recoder2KeY     Reading public class T extends java.lang.Object{ private T a;private static T b;T c;static T d;public T e;public static T f;protected T g;protected T h;p[...] 
421828     WARN  Test worker     d.u.i.k.j.r.KeYCrossReferenceNameInfo Datatype T declared twice: Once in UNKNOWN:unknown and once in UNKNOWN:unknown, Keeping one from UNKNOWN:unknown 
421907     INFO  Test worker     d.u.i.k.n.KeyIO           Parsing took 0 ms 
421907     DEBUG Test worker     d.u.i.k.n.KeyIO           Load declarations of de.uka.ilkd.key.nparser.KeyAst$File:  <unknown>:1#1 
421907     INFO  Test worker     d.u.i.k.n.KeyIO           MODE: declarations took 0 ms 
421907     DEBUG Test worker     d.u.i.k.n.KeyIO           MODE: 2nd degree decls took 0 
421907     DEBUG Test worker     d.u.i.k.j.Recoder2KeY     Reading public class T extends java.lang.Object{ private T a;private static T b;T c;static T d;public T e;public static T f;protected T g;protected T h;p[...] 
421907     WARN  Test worker     d.u.i.k.j.r.KeYCrossReferenceNameInfo Datatype T declared twice: Once in UNKNOWN:unknown and once in UNKNOWN:unknown, Keeping one from UNKNOWN:unknown 
421970     INFO  Test worker     d.u.i.k.n.KeyIO           Parsing took 0 ms 
421970     DEBUG Test worker     d.u.i.k.n.KeyIO           Load declarations of de.uka.ilkd.key.nparser.KeyAst$File:  <unknown>:1#1 
421970     INFO  Test worker     d.u.i.k.n.KeyIO           MODE: declarations took 0 ms 
421970     DEBUG Test worker     d.u.i.k.n.KeyIO           MODE: 2nd degree decls took 0 
421970     DEBUG Test worker     d.u.i.k.j.Recoder2KeY     Reading public class T extends java.lang.Object{ private T a;private static T b;T c;static T d;public T e;public static T f;protected T g;protected T h;p[...] 
421970     WARN  Test worker     d.u.i.k.j.r.KeYCrossReferenceNameInfo Datatype T declared twice: Once in UNKNOWN:unknown and once in UNKNOWN:unknown, Keeping one from UNKNOWN:unknown 
422033     INFO  Test worker     d.u.i.k.n.KeyIO           Parsing took 0 ms 
422033     DEBUG Test worker     d.u.i.k.n.KeyIO           Load declarations of de.uka.ilkd.key.nparser.KeyAst$File:  <unknown>:1#1 
422033     INFO  Test worker     d.u.i.k.n.KeyIO           MODE: declarations took 0 ms 
422033     DEBUG Test worker     d.u.i.k.n.KeyIO           MODE: 2nd degree decls took 0 
422048     DEBUG Test worker     d.u.i.k.j.Recoder2KeY     Reading public class T extends java.lang.Object{ private T a;private static T b;T c;static T d;public T e;public static T f;protected T g;protected T h;p[...] 
422048     WARN  Test worker     d.u.i.k.j.r.KeYCrossReferenceNameInfo Datatype T declared twice: Once in UNKNOWN:unknown and once in UNKNOWN:unknown, Keeping one from UNKNOWN:unknown 
422111     INFO  Test worker     d.u.i.k.n.KeyIO           Parsing took 0 ms 
422111     DEBUG Test worker     d.u.i.k.n.KeyIO           Load declarations of de.uka.ilkd.key.nparser.KeyAst$File:  <unknown>:1#1 
422111     INFO  Test worker     d.u.i.k.n.KeyIO           MODE: declarations took 0 ms 
422111     DEBUG Test worker     d.u.i.k.n.KeyIO           MODE: 2nd degree decls took 0 
422111     DEBUG Test worker     d.u.i.k.j.Recoder2KeY     Reading public class T extends java.lang.Object{ private T a;private static T b;T c;static T d;public T e;public static T f;protected T g;protected T h;p[...] 
422111     WARN  Test worker     d.u.i.k.j.r.KeYCrossReferenceNameInfo Datatype T declared twice: Once in UNKNOWN:unknown and once in UNKNOWN:unknown, Keeping one from UNKNOWN:unknown 
422173     INFO  Test worker     d.u.i.k.n.KeyIO           Parsing took 0 ms 
422173     DEBUG Test worker     d.u.i.k.n.KeyIO           Load declarations of de.uka.ilkd.key.nparser.KeyAst$File:  <unknown>:1#1 
422173     INFO  Test worker     d.u.i.k.n.KeyIO           MODE: declarations took 0 ms 
422173     DEBUG Test worker     d.u.i.k.n.KeyIO           MODE: 2nd degree decls took 0 
422173     DEBUG Test worker     d.u.i.k.j.Recoder2KeY     Reading public class T extends java.lang.Object{ private T a;private static T b;T c;static T d;public T e;public static T f;protected T g;protected T h;p[...] 
422173     WARN  Test worker     d.u.i.k.j.r.KeYCrossReferenceNameInfo Datatype T declared twice: Once in UNKNOWN:unknown and once in UNKNOWN:unknown, Keeping one from UNKNOWN:unknown 
422251     DEBUG Test worker     d.u.i.k.j.Recoder2KeY     Reading public class T extends java.lang.Object{ private T a;private static T b;T c;static T d;public T e;public static T f;protected T g;protected T h;p[...] 
422251     WARN  Test worker     d.u.i.k.j.r.KeYCrossReferenceNameInfo Datatype T declared twice: Once in UNKNOWN:unknown and once in UNKNOWN:unknown, Keeping one from UNKNOWN:unknown 
422314     INFO  Test worker     d.u.i.k.n.KeyIO           Parsing took 0 ms 
422314     DEBUG Test worker     d.u.i.k.n.KeyIO           Load declarations of de.uka.ilkd.key.nparser.KeyAst$File:  <unknown>:1#1 
422314     INFO  Test worker     d.u.i.k.n.KeyIO           MODE: declarations took 0 ms 
422314     DEBUG Test worker     d.u.i.k.n.KeyIO           MODE: 2nd degree decls took 0 
422314     DEBUG Test worker     d.u.i.k.j.Recoder2KeY     Reading public class T extends java.lang.Object{ private T a;private static T b;T c;static T d;public T e;public static T f;protected T g;protected T h;p[...] 
422314     WARN  Test worker     d.u.i.k.j.r.KeYCrossReferenceNameInfo Datatype T declared twice: Once in UNKNOWN:unknown and once in UNKNOWN:unknown, Keeping one from UNKNOWN:unknown 
422376     INFO  Test worker     d.u.i.k.n.KeyIO           Parsing took 0 ms 
422376     DEBUG Test worker     d.u.i.k.n.KeyIO           Load declarations of de.uka.ilkd.key.nparser.KeyAst$File:  <unknown>:1#1 
422376     INFO  Test worker     d.u.i.k.n.KeyIO           MODE: declarations took 0 ms 
422376     DEBUG Test worker     d.u.i.k.n.KeyIO           MODE: 2nd degree decls took 0 
422376     DEBUG Test worker     d.u.i.k.j.Recoder2KeY     Reading public class T extends java.lang.Object{ private T a;private static T b;T c;static T d;public T e;public static T f;protected T g;protected T h;p[...] 
422376     WARN  Test worker     d.u.i.k.j.r.KeYCrossReferenceNameInfo Datatype T declared twice: Once in UNKNOWN:unknown and once in UNKNOWN:unknown, Keeping one from UNKNOWN:unknown 
422454     INFO  Test worker     d.u.i.k.n.KeyIO           Parsing took 0 ms 
422454     DEBUG Test worker     d.u.i.k.n.KeyIO           Load declarations of de.uka.ilkd.key.nparser.KeyAst$File:  <unknown>:1#1 
422454     INFO  Test worker     d.u.i.k.n.KeyIO           MODE: declarations took 0 ms 
422454     DEBUG Test worker     d.u.i.k.n.KeyIO           MODE: 2nd degree decls took 0 
422454     DEBUG Test worker     d.u.i.k.j.Recoder2KeY     Reading public class T extends java.lang.Object{ private T a;private static T b;T c;static T d;public T e;public static T f;protected T g;protected T h;p[...] 
422454     WARN  Test worker     d.u.i.k.j.r.KeYCrossReferenceNameInfo Datatype T declared twice: Once in UNKNOWN:unknown and once in UNKNOWN:unknown, Keeping one from UNKNOWN:unknown 
422517     INFO  Test worker     d.u.i.k.n.KeyIO           Parsing took 0 ms 
422517     DEBUG Test worker     d.u.i.k.n.KeyIO           Load declarations of de.uka.ilkd.key.nparser.KeyAst$File:  <unknown>:1#1 
422517     INFO  Test worker     d.u.i.k.n.KeyIO           MODE: declarations took 0 ms 
422517     DEBUG Test worker     d.u.i.k.n.KeyIO           MODE: 2nd degree decls took 0 
422517     DEBUG Test worker     d.u.i.k.j.Recoder2KeY     Reading public class T extends java.lang.Object{ private T a;private static T b;T c;static T d;public T e;public static T f;protected T g;protected T h;p[...] 
422517     WARN  Test worker     d.u.i.k.j.r.KeYCrossReferenceNameInfo Datatype T declared twice: Once in UNKNOWN:unknown and once in UNKNOWN:unknown, Keeping one from UNKNOWN:unknown 
422580     INFO  Test worker     d.u.i.k.n.KeyIO           Parsing took 0 ms 
422580     DEBUG Test worker     d.u.i.k.n.KeyIO           Load declarations of de.uka.ilkd.key.nparser.KeyAst$File:  <unknown>:1#1 
422580     INFO  Test worker     d.u.i.k.n.KeyIO           MODE: declarations took 0 ms 
422580     DEBUG Test worker     d.u.i.k.n.KeyIO           MODE: 2nd degree decls took 0 
422595     DEBUG Test worker     d.u.i.k.j.Recoder2KeY     Reading public class T extends java.lang.Object{ private T a;private static T b;T c;static T d;public T e;public static T f;protected T g;protected T h;p[...] 
422595     WARN  Test worker     d.u.i.k.j.r.KeYCrossReferenceNameInfo Datatype T declared twice: Once in UNKNOWN:unknown and once in UNKNOWN:unknown, Keeping one from UNKNOWN:unknown 
422658     INFO  Test worker     d.u.i.k.n.KeyIO           Parsing took 0 ms 
422658     DEBUG Test worker     d.u.i.k.n.KeyIO           Load declarations of de.uka.ilkd.key.nparser.KeyAst$File:  <unknown>:1#1 
422658     INFO  Test worker     d.u.i.k.n.KeyIO           MODE: declarations took 0 ms 
422658     DEBUG Test worker     d.u.i.k.n.KeyIO           MODE: 2nd degree decls took 0 
422658     DEBUG Test worker     d.u.i.k.j.Recoder2KeY     Reading public class T extends java.lang.Object{ private T a;private static T b;T c;static T d;public T e;public static T f;protected T g;protected T h;p[...] 
422658     WARN  Test worker     d.u.i.k.j.r.KeYCrossReferenceNameInfo Datatype T declared twice: Once in UNKNOWN:unknown and once in UNKNOWN:unknown, Keeping one from UNKNOWN:unknown 
422720     INFO  Test worker     d.u.i.k.n.KeyIO           Parsing took 0 ms 
422720     DEBUG Test worker     d.u.i.k.n.KeyIO           Load declarations of de.uka.ilkd.key.nparser.KeyAst$File:  <unknown>:1#1 
422720     INFO  Test worker     d.u.i.k.n.KeyIO           MODE: declarations took 0 ms 
422720     DEBUG Test worker     d.u.i.k.n.KeyIO           MODE: 2nd degree decls took 0 
422720     DEBUG Test worker     d.u.i.k.j.Recoder2KeY     Reading public class T extends java.lang.Object{ private T a;private static T b;T c;static T d;public T e;public static T f;protected T g;protected T h;p[...] 
422720     WARN  Test worker     d.u.i.k.j.r.KeYCrossReferenceNameInfo Datatype T declared twice: Once in UNKNOWN:unknown and once in UNKNOWN:unknown, Keeping one from UNKNOWN:unknown 
422798     INFO  Test worker     d.u.i.k.n.KeyIO           Parsing took 0 ms 
422798     DEBUG Test worker     d.u.i.k.n.KeyIO           Load declarations of de.uka.ilkd.key.nparser.KeyAst$File:  <unknown>:1#1 
422798     INFO  Test worker     d.u.i.k.n.KeyIO           MODE: declarations took 0 ms 
422798     DEBUG Test worker     d.u.i.k.n.KeyIO           MODE: 2nd degree decls took 0 
422798     DEBUG Test worker     d.u.i.k.j.Recoder2KeY     Reading public class T extends java.lang.Object{ private T a;private static T b;T c;static T d;public T e;public static T f;protected T g;protected T h;p[...] 
422798     WARN  Test worker     d.u.i.k.j.r.KeYCrossReferenceNameInfo Datatype T declared twice: Once in UNKNOWN:unknown and once in UNKNOWN:unknown, Keeping one from UNKNOWN:unknown 
422861     INFO  Test worker     d.u.i.k.n.KeyIO           Parsing took 0 ms 
422861     DEBUG Test worker     d.u.i.k.n.KeyIO           Load declarations of de.uka.ilkd.key.nparser.KeyAst$File:  <unknown>:1#1 
422861     INFO  Test worker     d.u.i.k.n.KeyIO           MODE: declarations took 0 ms 
422861     DEBUG Test worker     d.u.i.k.n.KeyIO           MODE: 2nd degree decls took 0 
422861     DEBUG Test worker     d.u.i.k.j.Recoder2KeY     Reading public class T extends java.lang.Object{ private T a;private static T b;T c;static T d;public T e;public static T f;protected T g;protected T h;p[...] 
422861     WARN  Test worker     d.u.i.k.j.r.KeYCrossReferenceNameInfo Datatype T declared twice: Once in UNKNOWN:unknown and once in UNKNOWN:unknown, Keeping one from UNKNOWN:unknown 
422923     INFO  Test worker     d.u.i.k.n.KeyIO           Parsing took 0 ms 
422923     DEBUG Test worker     d.u.i.k.n.KeyIO           Load declarations of de.uka.ilkd.key.nparser.KeyAst$File:  <unknown>:1#1 
422923     INFO  Test worker     d.u.i.k.n.KeyIO           MODE: declarations took 0 ms 
422923     DEBUG Test worker     d.u.i.k.n.KeyIO           MODE: 2nd degree decls took 0 
422923     DEBUG Test worker     d.u.i.k.j.Recoder2KeY     Reading public class T extends java.lang.Object{ private T a;private static T b;T c;static T d;public T e;public static T f;protected T g;protected T h;p[...] 
422923     WARN  Test worker     d.u.i.k.j.r.KeYCrossReferenceNameInfo Datatype T declared twice: Once in UNKNOWN:unknown and once in UNKNOWN:unknown, Keeping one from UNKNOWN:unknown 
423002     INFO  Test worker     d.u.i.k.n.KeyIO           Parsing took 0 ms 
423002     DEBUG Test worker     d.u.i.k.n.KeyIO           Load declarations of de.uka.ilkd.key.nparser.KeyAst$File:  <unknown>:1#1 
423002     INFO  Test worker     d.u.i.k.n.KeyIO           MODE: declarations took 0 ms 
423002     DEBUG Test worker     d.u.i.k.n.KeyIO           MODE: 2nd degree decls took 0 
423002     DEBUG Test worker     d.u.i.k.j.Recoder2KeY     Reading public class T extends java.lang.Object{ private T a;private static T b;T c;static T d;public T e;public static T f;protected T g;protected T h;p[...] 
423002     WARN  Test worker     d.u.i.k.j.r.KeYCrossReferenceNameInfo Datatype T declared twice: Once in UNKNOWN:unknown and once in UNKNOWN:unknown, Keeping one from UNKNOWN:unknown 
423064     INFO  Test worker     d.u.i.k.n.KeyIO           Parsing took 0 ms 
423064     DEBUG Test worker     d.u.i.k.n.KeyIO           Load declarations of de.uka.ilkd.key.nparser.KeyAst$File:  <unknown>:1#1 
423064     INFO  Test worker     d.u.i.k.n.KeyIO           MODE: declarations took 0 ms 
423064     DEBUG Test worker     d.u.i.k.n.KeyIO           MODE: 2nd degree decls took 0 
423064     DEBUG Test worker     d.u.i.k.j.Recoder2KeY     Reading public class T extends java.lang.Object{ private T a;private static T b;T c;static T d;public T e;public static T f;protected T g;protected T h;p[...] 
423064     WARN  Test worker     d.u.i.k.j.r.KeYCrossReferenceNameInfo Datatype T declared twice: Once in UNKNOWN:unknown and once in UNKNOWN:unknown, Keeping one from UNKNOWN:unknown 
423142     INFO  Test worker     d.u.i.k.n.KeyIO           Parsing took 0 ms 
423142     DEBUG Test worker     d.u.i.k.n.KeyIO           Load declarations of de.uka.ilkd.key.nparser.KeyAst$File:  <unknown>:1#1 
423142     INFO  Test worker     d.u.i.k.n.KeyIO           MODE: declarations took 0 ms 
423142     DEBUG Test worker     d.u.i.k.n.KeyIO           MODE: 2nd degree decls took 0 
423142     DEBUG Test worker     d.u.i.k.j.Recoder2KeY     Reading public class T extends java.lang.Object{ private T a;private static T b;T c;static T d;public T e;public static T f;protected T g;protected T h;p[...] 
423142     WARN  Test worker     d.u.i.k.j.r.KeYCrossReferenceNameInfo Datatype T declared twice: Once in UNKNOWN:unknown and once in UNKNOWN:unknown, Keeping one from UNKNOWN:unknown 
423205     INFO  Test worker     d.u.i.k.n.KeyIO           Parsing took 0 ms 
423205     DEBUG Test worker     d.u.i.k.n.KeyIO           Load declarations of de.uka.ilkd.key.nparser.KeyAst$File:  <unknown>:1#1 
423205     INFO  Test worker     d.u.i.k.n.KeyIO           MODE: declarations took 0 ms 
423205     DEBUG Test worker     d.u.i.k.n.KeyIO           MODE: 2nd degree decls took 0 
423205     DEBUG Test worker     d.u.i.k.j.Recoder2KeY     Reading public class T extends java.lang.Object{ private T a;private static T b;T c;static T d;public T e;public static T f;protected T g;protected T h;p[...] 
423205     WARN  Test worker     d.u.i.k.j.r.KeYCrossReferenceNameInfo Datatype T declared twice: Once in UNKNOWN:unknown and once in UNKNOWN:unknown, Keeping one from UNKNOWN:unknown 
423267     INFO  Test worker     d.u.i.k.n.KeyIO           Parsing took 0 ms 
423267     DEBUG Test worker     d.u.i.k.n.KeyIO           Load declarations of de.uka.ilkd.key.nparser.KeyAst$File:  <unknown>:1#1 
423267     INFO  Test worker     d.u.i.k.n.KeyIO           MODE: declarations took 0 ms 
423267     DEBUG Test worker     d.u.i.k.n.KeyIO           MODE: 2nd degree decls took 0 
423283     DEBUG Test worker     d.u.i.k.j.Recoder2KeY     Reading public class T extends java.lang.Object{ private T a;private static T b;T c;static T d;public T e;public static T f;protected T g;protected T h;p[...] 
423286     WARN  Test worker     d.u.i.k.j.r.KeYCrossReferenceNameInfo Datatype T declared twice: Once in UNKNOWN:unknown and once in UNKNOWN:unknown, Keeping one from UNKNOWN:unknown 
423346     INFO  Test worker     d.u.i.k.n.KeyIO           Parsing took 0 ms 
423346     DEBUG Test worker     d.u.i.k.n.KeyIO           Load declarations of de.uka.ilkd.key.nparser.KeyAst$File:  <unknown>:1#1 
423346     INFO  Test worker     d.u.i.k.n.KeyIO           MODE: declarations took 0 ms 
423346     DEBUG Test worker     d.u.i.k.n.KeyIO           MODE: 2nd degree decls took 0 
423346     DEBUG Test worker     d.u.i.k.j.Recoder2KeY     Reading public class T extends java.lang.Object{ private T a;private static T b;T c;static T d;public T e;public static T f;protected T g;protected T h;p[...] 
423346     WARN  Test worker     d.u.i.k.j.r.KeYCrossReferenceNameInfo Datatype T declared twice: Once in UNKNOWN:unknown and once in UNKNOWN:unknown, Keeping one from UNKNOWN:unknown 
423408     INFO  Test worker     d.u.i.k.n.KeyIO           Parsing took 0 ms 
423408     DEBUG Test worker     d.u.i.k.n.KeyIO           Load declarations of de.uka.ilkd.key.nparser.KeyAst$File:  <unknown>:1#1 
423408     INFO  Test worker     d.u.i.k.n.KeyIO           MODE: declarations took 0 ms 
423408     DEBUG Test worker     d.u.i.k.n.KeyIO           MODE: 2nd degree decls took 0 
423408     DEBUG Test worker     d.u.i.k.j.Recoder2KeY     Reading public class T extends java.lang.Object{ private T a;private static T b;T c;static T d;public T e;public static T f;protected T g;protected T h;p[...] 
423408     WARN  Test worker     d.u.i.k.j.r.KeYCrossReferenceNameInfo Datatype T declared twice: Once in UNKNOWN:unknown and once in UNKNOWN:unknown, Keeping one from UNKNOWN:unknown 
423487     INFO  Test worker     d.u.i.k.n.KeyIO           Parsing took 0 ms 
423487     DEBUG Test worker     d.u.i.k.n.KeyIO           Load declarations of de.uka.ilkd.key.nparser.KeyAst$File:  <unknown>:1#1 
423487     INFO  Test worker     d.u.i.k.n.KeyIO           MODE: declarations took 0 ms 
423487     DEBUG Test worker     d.u.i.k.n.KeyIO           MODE: 2nd degree decls took 0 
423502     DEBUG Test worker     d.u.i.k.j.Recoder2KeY     Reading public class T extends java.lang.Object{ private T a;private static T b;T c;static T d;public T e;public static T f;protected T g;protected T h;p[...] 
423502     WARN  Test worker     d.u.i.k.j.r.KeYCrossReferenceNameInfo Datatype T declared twice: Once in UNKNOWN:unknown and once in UNKNOWN:unknown, Keeping one from UNKNOWN:unknown 
423565     INFO  Test worker     d.u.i.k.n.KeyIO           Parsing took 0 ms 
423565     DEBUG Test worker     d.u.i.k.n.KeyIO           Load declarations of de.uka.ilkd.key.nparser.KeyAst$File:  <unknown>:1#1 
423565     INFO  Test worker     d.u.i.k.n.KeyIO           MODE: declarations took 0 ms 
423565     DEBUG Test worker     d.u.i.k.n.KeyIO           MODE: 2nd degree decls took 0 
423565     DEBUG Test worker     d.u.i.k.j.Recoder2KeY     Reading public class T extends java.lang.Object{ private T a;private static T b;T c;static T d;public T e;public static T f;protected T g;protected T h;p[...] 
423565     WARN  Test worker     d.u.i.k.j.r.KeYCrossReferenceNameInfo Datatype T declared twice: Once in UNKNOWN:unknown and once in UNKNOWN:unknown, Keeping one from UNKNOWN:unknown 
423627     INFO  Test worker     d.u.i.k.n.KeyIO           Parsing took 0 ms 
423627     DEBUG Test worker     d.u.i.k.n.KeyIO           Load declarations of de.uka.ilkd.key.nparser.KeyAst$File:  <unknown>:1#1 
423627     INFO  Test worker     d.u.i.k.n.KeyIO           MODE: declarations took 0 ms 
423627     DEBUG Test worker     d.u.i.k.n.KeyIO           MODE: 2nd degree decls took 0 
423643     DEBUG Test worker     d.u.i.k.p.TestTermParser  Actual: and(all{l:int}(update-application(elem-update(globalIntPV)(l),false)),true) 
423643     DEBUG Test worker     d.u.i.k.p.TestTermParser  Expected: and(all{l:int}(update-application(elem-update(globalIntPV)(l),false)),true) 
423643     DEBUG Test worker     d.u.i.k.j.Recoder2KeY     Reading public class T extends java.lang.Object{ private T a;private static T b;T c;static T d;public T e;public static T f;protected T g;protected T h;p[...] 
423643     WARN  Test worker     d.u.i.k.j.r.KeYCrossReferenceNameInfo Datatype T declared twice: Once in UNKNOWN:unknown and once in UNKNOWN:unknown, Keeping one from UNKNOWN:unknown 
423705     INFO  Test worker     d.u.i.k.n.KeyIO           Parsing took 0 ms 
423705     DEBUG Test worker     d.u.i.k.n.KeyIO           Load declarations of de.uka.ilkd.key.nparser.KeyAst$File:  <unknown>:1#1 
423705     INFO  Test worker     d.u.i.k.n.KeyIO           MODE: declarations took 0 ms 
423705     DEBUG Test worker     d.u.i.k.n.KeyIO           MODE: 2nd degree decls took 0 
423705     DEBUG Test worker     d.u.i.k.p.TestTermParser  Actual: all{l:int}(and(\<{
  int globalIntPV = 0;
}\> (update-application(elem-update(globalIntPV)(l),false)),true)) 
423705     DEBUG Test worker     d.u.i.k.p.TestTermParser  Expected: all{l:int}(and(\<{
  int globalIntPV = 0;
}\> (update-application(elem-update(globalIntPV)(l),false)),true)) 
423705     DEBUG Test worker     d.u.i.k.j.Recoder2KeY     Reading public class T extends java.lang.Object{ private T a;private static T b;T c;static T d;public T e;public static T f;protected T g;protected T h;p[...] 
423705     WARN  Test worker     d.u.i.k.j.r.KeYCrossReferenceNameInfo Datatype T declared twice: Once in UNKNOWN:unknown and once in UNKNOWN:unknown, Keeping one from UNKNOWN:unknown 
423768     INFO  Test worker     d.u.i.k.n.KeyIO           Parsing took 0 ms 
423768     DEBUG Test worker     d.u.i.k.n.KeyIO           Load declarations of de.uka.ilkd.key.nparser.KeyAst$File:  <unknown>:1#1 
423768     INFO  Test worker     d.u.i.k.n.KeyIO           MODE: declarations took 0 ms 
423768     DEBUG Test worker     d.u.i.k.n.KeyIO           MODE: 2nd degree decls took 0 
423768     DEBUG Test worker     d.u.i.k.p.TestTermParser  Actual: not(equals(Z(1(#)),Z(1(#)))) 
423768     DEBUG Test worker     d.u.i.k.p.TestTermParser  Expected: not(equals(Z(1(#)),Z(1(#)))) 
423768     DEBUG Test worker     d.u.i.k.j.Recoder2KeY     Reading public class T extends java.lang.Object{ private T a;private static T b;T c;static T d;public T e;public static T f;protected T g;protected T h;p[...] 
423768     WARN  Test worker     d.u.i.k.j.r.KeYCrossReferenceNameInfo Datatype T declared twice: Once in UNKNOWN:unknown and once in UNKNOWN:unknown, Keeping one from UNKNOWN:unknown 
423846     INFO  Test worker     d.u.i.k.n.KeyIO           Parsing took 0 ms 
423846     DEBUG Test worker     d.u.i.k.n.KeyIO           Load declarations of de.uka.ilkd.key.nparser.KeyAst$File:  <unknown>:1#1 
423846     INFO  Test worker     d.u.i.k.n.KeyIO           MODE: declarations took 0 ms 
423846     DEBUG Test worker     d.u.i.k.n.KeyIO           MODE: 2nd degree decls took 0 
423846     DEBUG Test worker     d.u.i.k.p.TestTermParser  Actual: add(update-application(elem-update(globalIntPV)(j),globalIntPV),j) 
423846     DEBUG Test worker     d.u.i.k.p.TestTermParser  Expected: add(update-application(elem-update(globalIntPV)(j),globalIntPV),j) 
423846     DEBUG Test worker     d.u.i.k.j.Recoder2KeY     Reading public class T extends java.lang.Object{ private T a;private static T b;T c;static T d;public T e;public static T f;protected T g;protected T h;p[...] 
423846     WARN  Test worker     d.u.i.k.j.r.KeYCrossReferenceNameInfo Datatype T declared twice: Once in UNKNOWN:unknown and once in UNKNOWN:unknown, Keeping one from UNKNOWN:unknown 
423908     INFO  Test worker     d.u.i.k.n.KeyIO           Parsing took 0 ms 
423908     DEBUG Test worker     d.u.i.k.n.KeyIO           Load declarations of de.uka.ilkd.key.nparser.KeyAst$File:  <unknown>:1#1 
423908     INFO  Test worker     d.u.i.k.n.KeyIO           MODE: declarations took 0 ms 
423908     DEBUG Test worker     d.u.i.k.n.KeyIO           MODE: 2nd degree decls took 0 
423908     DEBUG Test worker     d.u.i.k.p.TestTermParser  Actual: add(int::cast(subst{x:int}(j,j)),j) 
423908     DEBUG Test worker     d.u.i.k.p.TestTermParser  Expected: add(int::cast(subst{x:int}(j,j)),j) 
423908     DEBUG Test worker     d.u.i.k.j.Recoder2KeY     Reading public class T extends java.lang.Object{ private T a;private static T b;T c;static T d;public T e;public static T f;protected T g;protected T h;p[...] 
423908     WARN  Test worker     d.u.i.k.j.r.KeYCrossReferenceNameInfo Datatype T declared twice: Once in UNKNOWN:unknown and once in UNKNOWN:unknown, Keeping one from UNKNOWN:unknown 
423971     INFO  Test worker     d.u.i.k.n.KeyIO           Parsing took 0 ms 
423971     DEBUG Test worker     d.u.i.k.n.KeyIO           Load declarations of de.uka.ilkd.key.nparser.KeyAst$File:  <unknown>:1#1 
423971     INFO  Test worker     d.u.i.k.n.KeyIO           MODE: declarations took 0 ms 
423971     DEBUG Test worker     d.u.i.k.n.KeyIO           MODE: 2nd degree decls took 0 
423971     DEBUG Test worker     d.u.i.k.p.TestTermParser  Actual: add(int::cast(subst{x:int}(j,j)),j) 
423971     DEBUG Test worker     d.u.i.k.p.TestTermParser  Expected: add(int::cast(subst{x:int}(j,j)),j) 
423971     DEBUG Test worker     d.u.i.k.j.Recoder2KeY     Reading public class T extends java.lang.Object{ private T a;private static T b;T c;static T d;public T e;public static T f;protected T g;protected T h;p[...] 
423971     WARN  Test worker     d.u.i.k.j.r.KeYCrossReferenceNameInfo Datatype T declared twice: Once in UNKNOWN:unknown and once in UNKNOWN:unknown, Keeping one from UNKNOWN:unknown 
424049     INFO  Test worker     d.u.i.k.n.KeyIO           Parsing took 0 ms 
424049     DEBUG Test worker     d.u.i.k.n.KeyIO           Load declarations of de.uka.ilkd.key.nparser.KeyAst$File:  <unknown>:1#1 
424049     INFO  Test worker     d.u.i.k.n.KeyIO           MODE: declarations took 0 ms 
424049     DEBUG Test worker     d.u.i.k.n.KeyIO           MODE: 2nd degree decls took 0 
424049     DEBUG Test worker     d.u.i.k.p.TestTermParser  Actual: add(subst{x:int}(j,int::cast(j)),j) 
424049     DEBUG Test worker     d.u.i.k.p.TestTermParser  Expected: add(subst{x:int}(j,int::cast(j)),j) 
424049     DEBUG Test worker     d.u.i.k.j.Recoder2KeY     Reading public class T extends java.lang.Object{ private T a;private static T b;T c;static T d;public T e;public static T f;protected T g;protected T h;p[...] 
424049     WARN  Test worker     d.u.i.k.j.r.KeYCrossReferenceNameInfo Datatype T declared twice: Once in UNKNOWN:unknown and once in UNKNOWN:unknown, Keeping one from UNKNOWN:unknown 
424112     INFO  Test worker     d.u.i.k.n.KeyIO           Parsing took 0 ms 
424112     DEBUG Test worker     d.u.i.k.n.KeyIO           Load declarations of de.uka.ilkd.key.nparser.KeyAst$File:  <unknown>:1#1 
424112     INFO  Test worker     d.u.i.k.n.KeyIO           MODE: declarations took 0 ms 
424112     DEBUG Test worker     d.u.i.k.n.KeyIO           MODE: 2nd degree decls took 0 
424112     DEBUG Test worker     d.u.i.k.j.Recoder2KeY     Reading public class T extends java.lang.Object{ private T a;private static T b;T c;static T d;public T e;public static T f;protected T g;protected T h;p[...] 
424128     WARN  Test worker     d.u.i.k.j.r.KeYCrossReferenceNameInfo Datatype T declared twice: Once in UNKNOWN:unknown and once in UNKNOWN:unknown, Keeping one from UNKNOWN:unknown 
424190     DEBUG Test worker     d.u.i.k.j.Recoder2KeY     Reading public class T extends java.lang.Object{ private T a;private static T b;T c;static T d;public T e;public static T f;protected T g;protected T h;p[...] 
424190     WARN  Test worker     d.u.i.k.j.r.KeYCrossReferenceNameInfo Datatype T declared twice: Once in UNKNOWN:unknown and once in UNKNOWN:unknown, Keeping one from UNKNOWN:unknown 
424253     INFO  Test worker     d.u.i.k.n.KeyIO           Parsing took 0 ms 
424253     DEBUG Test worker     d.u.i.k.n.KeyIO           Load declarations of de.uka.ilkd.key.nparser.KeyAst$File:  <unknown>:1#1 
424253     INFO  Test worker     d.u.i.k.n.KeyIO           MODE: declarations took 0 ms 
424253     DEBUG Test worker     d.u.i.k.n.KeyIO           MODE: 2nd degree decls took 0 
424253     DEBUG Test worker     d.u.i.k.j.Recoder2KeY     Reading public class T extends java.lang.Object{ private T a;private static T b;T c;static T d;public T e;public static T f;protected T g;protected T h;p[...] 
424253     WARN  Test worker     d.u.i.k.j.r.KeYCrossReferenceNameInfo Datatype T declared twice: Once in UNKNOWN:unknown and once in UNKNOWN:unknown, Keeping one from UNKNOWN:unknown 
424331     INFO  Test worker     d.u.i.k.n.KeyIO           Parsing took 0 ms 
424331     DEBUG Test worker     d.u.i.k.n.KeyIO           Load declarations of de.uka.ilkd.key.nparser.KeyAst$File:  <unknown>:1#1 
424331     INFO  Test worker     d.u.i.k.n.KeyIO           MODE: declarations took 0 ms 
424331     DEBUG Test worker     d.u.i.k.n.KeyIO           MODE: 2nd degree decls took 0 
]]></system-out>
  <system-err><![CDATA[]]></system-err>
</testsuite>
