<?xml version="1.0" encoding="UTF-8"?>
<testsuite name="org.key_project.util.testcase.java.StringUtilTest" tests="15" skipped="0" failures="0" errors="0" timestamp="2023-03-03T16:29:14" hostname="fv-az442-622" time="0.038">
  <properties/>
  <testcase name="testReplaceAll()" classname="org.key_project.util.testcase.java.StringUtilTest" time="0.0"/>
  <testcase name="testToLowerCase()" classname="org.key_project.util.testcase.java.StringUtilTest" time="0.0"/>
  <testcase name="testCreateIgnoreCaseComparator()" classname="org.key_project.util.testcase.java.StringUtilTest" time="0.003"/>
  <testcase name="testFillString()" classname="org.key_project.util.testcase.java.StringUtilTest" time="0.0"/>
  <testcase name="testChop()" classname="org.key_project.util.testcase.java.StringUtilTest" time="0.001"/>
  <testcase name="testTrim()" classname="org.key_project.util.testcase.java.StringUtilTest" time="0.0"/>
  <testcase name="testTestTrim()" classname="org.key_project.util.testcase.java.StringUtilTest" time="0.002"/>
  <testcase name="testContains()" classname="org.key_project.util.testcase.java.StringUtilTest" time="0.0"/>
  <testcase name="testTrimRight()" classname="org.key_project.util.testcase.java.StringUtilTest" time="0.015"/>
  <testcase name="testToSingleLinedString()" classname="org.key_project.util.testcase.java.StringUtilTest" time="0.0"/>
  <testcase name="testIsEmpty()" classname="org.key_project.util.testcase.java.StringUtilTest" time="0.0"/>
  <testcase name="testEqualIgnoreWhiteSpace()" classname="org.key_project.util.testcase.java.StringUtilTest" time="0.003"/>
  <testcase name="testRepeat()" classname="org.key_project.util.testcase.java.StringUtilTest" time="0.0"/>
  <testcase name="testIsTrimmedEmpty()" classname="org.key_project.util.testcase.java.StringUtilTest" time="0.0"/>
  <testcase name="testStartsWith()" classname="org.key_project.util.testcase.java.StringUtilTest" time="0.01"/>
  <system-out><![CDATA[]]></system-out>
  <system-err><![CDATA[]]></system-err>
</testsuite>
