<?xml version="1.0" encoding="UTF-8"?>
<testsuite name="de.uka.ilkd.key.testcase.smt.testgen.TestTestgen" tests="1" skipped="0" failures="0" errors="0" timestamp="2023-03-10T13:43:42" hostname="fv-az255-412" time="4.778">
  <properties/>
  <testcase name="testMiddle()" classname="de.uka.ilkd.key.testcase.smt.testgen.TestTestgen" time="4.778"/>
  <system-out><![CDATA[14545      WARN  Test worker     d.u.i.k.t.s.t.TestTestgen Warning: Z3_CE is not installed, tests skipped. 
14546      WARN  Test worker     d.u.i.k.t.s.t.TestTestgen Maybe use JVM system property "z3SolverPath" to define the path to the Z3 command. 
]]></system-out>
  <system-err><![CDATA[]]></system-err>
</testsuite>
