<?xml version="1.0" encoding="UTF-8"?>
<testsuite name="org.key_project.slicing.DependencyGraphTest" tests="1" skipped="0" failures="0" errors="0" timestamp="2023-05-21T22:09:14" hostname="fv-az192-933" time="0.303">
  <properties/>
  <testcase name="basicTest()" classname="org.key_project.slicing.DependencyGraphTest" time="0.303"/>
  <system-out><![CDATA[]]></system-out>
  <system-err><![CDATA[]]></system-err>
</testsuite>
