<?xml version="1.0" encoding="UTF-8"?>
<testsuite name="de.uka.ilkd.key.nparser.ParseLDTsTests" tests="2" skipped="0" failures="0" errors="0" timestamp="2023-04-13T17:11:17" hostname="fv-az449-78" time="1.165">
  <properties/>
  <testcase name="testLDT()" classname="de.uka.ilkd.key.nparser.ParseLDTsTests" time="0.024"/>
  <testcase name="testSR()" classname="de.uka.ilkd.key.nparser.ParseLDTsTests" time="1.14"/>
  <system-out><![CDATA[229880     INFO  Test worker     d.u.i.k.n.KeyIO           Parsing took 16 ms 
229880     INFO  Test worker     d.u.i.k.n.KeyIO           MODE: declarations took 0 ms 
230302     INFO  Test worker     d.u.i.k.n.KeyIO           Parsing took 407 ms 
230302     INFO  Test worker     d.u.i.k.n.KeyIO           MODE: declarations took 0 ms 
]]></system-out>
  <system-err><![CDATA[]]></system-err>
</testsuite>
