<?xml version="1.0" encoding="UTF-8"?>
<testsuite name="de.uka.ilkd.key.parser.TestDeclParser" tests="14" skipped="2" failures="0" errors="0" timestamp="2023-04-21T07:48:48" hostname="fv-az206-437" time="14.948">
  <properties/>
  <testcase name="testGenericSortDecl1()" classname="de.uka.ilkd.key.parser.TestDeclParser" time="1.271"/>
  <testcase name="testGenericSortDecl2()" classname="de.uka.ilkd.key.parser.TestDeclParser" time="1.314"/>
  <testcase name="testGenericSortDecl3()" classname="de.uka.ilkd.key.parser.TestDeclParser" time="1.181"/>
  <testcase name="testGenericSortDecl4()" classname="de.uka.ilkd.key.parser.TestDeclParser" time="1.306"/>
  <testcase name="testGenericSortDecl5()" classname="de.uka.ilkd.key.parser.TestDeclParser" time="0.0">
    <skipped/>
  </testcase>
  <testcase name="testGenericSortDecl6()" classname="de.uka.ilkd.key.parser.TestDeclParser" time="1.249"/>
  <testcase name="testSortDecl()" classname="de.uka.ilkd.key.parser.TestDeclParser" time="1.16"/>
  <testcase name="testProxySortDecl()" classname="de.uka.ilkd.key.parser.TestDeclParser" time="1.296"/>
  <testcase name="testArrayDecl()" classname="de.uka.ilkd.key.parser.TestDeclParser" time="1.3"/>
  <testcase name="testAmbiguousDecls()" classname="de.uka.ilkd.key.parser.TestDeclParser" time="0.0">
    <skipped/>
  </testcase>
  <testcase name="testHeurDecl()" classname="de.uka.ilkd.key.parser.TestDeclParser" time="1.253"/>
  <testcase name="testFunctionDecl()" classname="de.uka.ilkd.key.parser.TestDeclParser" time="1.145"/>
  <testcase name="testPredicateDecl()" classname="de.uka.ilkd.key.parser.TestDeclParser" time="1.241"/>
  <testcase name="testSVDecl()" classname="de.uka.ilkd.key.parser.TestDeclParser" time="1.229"/>
  <system-out><![CDATA[278026     INFO  Test worker     d.u.i.k.n.KeyIO           Parsing took 0 ms 
278026     DEBUG Test worker     d.u.i.k.n.KeyIO           Load declarations of de.uka.ilkd.key.nparser.KeyAst$File:  <unknown>:1#1 
278026     INFO  Test worker     d.u.i.k.n.KeyIO           MODE: declarations took 0 ms 
278026     DEBUG Test worker     d.u.i.k.n.KeyIO           MODE: 2nd degree decls took 0 
278026     DEBUG Test worker     d.u.i.k.n.KeyIO           MODE: taclets took 0ms 
279350     INFO  Test worker     d.u.i.k.n.KeyIO           Parsing took 0 ms 
279350     DEBUG Test worker     d.u.i.k.n.KeyIO           Load declarations of de.uka.ilkd.key.nparser.KeyAst$File:  <unknown>:1#1 
279350     INFO  Test worker     d.u.i.k.n.KeyIO           MODE: declarations took 0 ms 
279350     DEBUG Test worker     d.u.i.k.n.KeyIO           MODE: 2nd degree decls took 0 
279350     DEBUG Test worker     d.u.i.k.n.KeyIO           MODE: taclets took 0ms 
280529     INFO  Test worker     d.u.i.k.n.KeyIO           Parsing took 0 ms 
280529     DEBUG Test worker     d.u.i.k.n.KeyIO           Load declarations of de.uka.ilkd.key.nparser.KeyAst$File:  <unknown>:1#1 
280529     INFO  Test worker     d.u.i.k.n.KeyIO           MODE: declarations took 0 ms 
280529     DEBUG Test worker     d.u.i.k.n.KeyIO           MODE: 2nd degree decls took 0 
280529     DEBUG Test worker     d.u.i.k.n.KeyIO           MODE: taclets took 0ms 
281827     INFO  Test worker     d.u.i.k.n.KeyIO           Parsing took 0 ms 
281827     DEBUG Test worker     d.u.i.k.n.KeyIO           Load declarations of de.uka.ilkd.key.nparser.KeyAst$File:  <unknown>:1#1 
281827     INFO  Test worker     d.u.i.k.n.KeyIO           MODE: declarations took 0 ms 
281827     DEBUG Test worker     d.u.i.k.n.KeyIO           MODE: 2nd degree decls took 0 
281827     DEBUG Test worker     d.u.i.k.n.KeyIO           MODE: taclets took 0ms 
283077     INFO  Test worker     d.u.i.k.n.KeyIO           Parsing took 0 ms 
283077     DEBUG Test worker     d.u.i.k.n.KeyIO           Load declarations of de.uka.ilkd.key.nparser.KeyAst$File:  <unknown>:1#1 
283077     INFO  Test worker     d.u.i.k.n.KeyIO           MODE: declarations took 0 ms 
283077     DEBUG Test worker     d.u.i.k.n.KeyIO           MODE: 2nd degree decls took 0 
283077     DEBUG Test worker     d.u.i.k.n.KeyIO           MODE: taclets took 0ms 
284235     INFO  Test worker     d.u.i.k.n.KeyIO           Parsing took 0 ms 
284235     DEBUG Test worker     d.u.i.k.n.KeyIO           Load declarations of de.uka.ilkd.key.nparser.KeyAst$File:  <unknown>:1#1 
284235     INFO  Test worker     d.u.i.k.n.KeyIO           MODE: declarations took 0 ms 
284235     DEBUG Test worker     d.u.i.k.n.KeyIO           MODE: 2nd degree decls took 0 
284235     DEBUG Test worker     d.u.i.k.n.KeyIO           MODE: taclets took 0ms 
285533     INFO  Test worker     d.u.i.k.n.KeyIO           Parsing took 0 ms 
285533     DEBUG Test worker     d.u.i.k.n.KeyIO           Load declarations of de.uka.ilkd.key.nparser.KeyAst$File:  <unknown>:1#1 
285533     INFO  Test worker     d.u.i.k.n.KeyIO           MODE: declarations took 0 ms 
285533     DEBUG Test worker     d.u.i.k.n.KeyIO           MODE: 2nd degree decls took 0 
285533     DEBUG Test worker     d.u.i.k.n.KeyIO           MODE: taclets took 0ms 
286830     INFO  Test worker     d.u.i.k.n.KeyIO           Parsing took 0 ms 
286830     DEBUG Test worker     d.u.i.k.n.KeyIO           Load declarations of de.uka.ilkd.key.nparser.KeyAst$File:  <unknown>:1#1 
286830     INFO  Test worker     d.u.i.k.n.KeyIO           MODE: declarations took 0 ms 
286830     DEBUG Test worker     d.u.i.k.n.KeyIO           MODE: 2nd degree decls took 0 
286830     DEBUG Test worker     d.u.i.k.n.KeyIO           MODE: taclets took 0ms 
288081     INFO  Test worker     d.u.i.k.n.KeyIO           Parsing took 0 ms 
288081     DEBUG Test worker     d.u.i.k.n.KeyIO           Load declarations of de.uka.ilkd.key.nparser.KeyAst$File:  <unknown>:1#1 
288096     INFO  Test worker     d.u.i.k.n.KeyIO           MODE: declarations took 0 ms 
288096     DEBUG Test worker     d.u.i.k.n.KeyIO           MODE: 2nd degree decls took 0 
288096     DEBUG Test worker     d.u.i.k.n.KeyIO           MODE: taclets took 0ms 
289232     INFO  Test worker     d.u.i.k.n.KeyIO           Parsing took 1 ms 
289232     DEBUG Test worker     d.u.i.k.n.KeyIO           Load declarations of de.uka.ilkd.key.nparser.KeyAst$File:  <unknown>:1#1 
289232     INFO  Test worker     d.u.i.k.n.KeyIO           MODE: declarations took 0 ms 
289232     DEBUG Test worker     d.u.i.k.n.KeyIO           MODE: 2nd degree decls took 0 
289232     DEBUG Test worker     d.u.i.k.n.KeyIO           MODE: taclets took 0ms 
290466     INFO  Test worker     d.u.i.k.n.KeyIO           Parsing took 0 ms 
290466     DEBUG Test worker     d.u.i.k.n.KeyIO           Load declarations of de.uka.ilkd.key.nparser.KeyAst$File:  <unknown>:1#1 
290466     INFO  Test worker     d.u.i.k.n.KeyIO           MODE: declarations took 0 ms 
290466     DEBUG Test worker     d.u.i.k.n.KeyIO           MODE: 2nd degree decls took 0 
290466     DEBUG Test worker     d.u.i.k.n.KeyIO           MODE: taclets took 0ms 
291690     INFO  Test worker     d.u.i.k.n.KeyIO           Parsing took 0 ms 
291690     DEBUG Test worker     d.u.i.k.n.KeyIO           Load declarations of de.uka.ilkd.key.nparser.KeyAst$File:  <unknown>:1#1 
291690     INFO  Test worker     d.u.i.k.n.KeyIO           MODE: declarations took 0 ms 
291690     DEBUG Test worker     d.u.i.k.n.KeyIO           MODE: 2nd degree decls took 0 
291690     DEBUG Test worker     d.u.i.k.n.KeyIO           MODE: taclets took 0ms 
]]></system-out>
  <system-err><![CDATA[]]></system-err>
</testsuite>
