<?xml version="1.0" encoding="UTF-8"?>
<testsuite name="de.uka.ilkd.key.parser.TestTermParserSorts" tests="2" skipped="0" failures="0" errors="0" timestamp="2023-04-21T07:53:20" hostname="fv-az206-437" time="3.962">
  <properties/>
  <testcase name="testParseIntegerArgs()" classname="de.uka.ilkd.key.parser.TestTermParserSorts" time="0.021"/>
  <testcase name="testParseSequencePrettySyntax()" classname="de.uka.ilkd.key.parser.TestTermParserSorts" time="0.004"/>
  <system-out><![CDATA[549025     INFO  Test worker     d.u.i.k.n.KeyIO           Parsing took 0 ms 
549025     DEBUG Test worker     d.u.i.k.n.KeyIO           Load declarations of de.uka.ilkd.key.nparser.KeyAst$File:  <unknown>:1#1 
549025     INFO  Test worker     d.u.i.k.n.KeyIO           MODE: declarations took 0 ms 
549025     DEBUG Test worker     d.u.i.k.n.KeyIO           MODE: 2nd degree decls took 0 
549025     INFO  Test worker     d.u.i.k.n.KeyIO           Parsing took 0 ms 
549025     DEBUG Test worker     d.u.i.k.n.KeyIO           Load declarations of de.uka.ilkd.key.nparser.KeyAst$File:  <unknown>:1#1 
549025     INFO  Test worker     d.u.i.k.n.KeyIO           MODE: declarations took 0 ms 
549025     DEBUG Test worker     d.u.i.k.n.KeyIO           MODE: 2nd degree decls took 0 
549025     INFO  Test worker     d.u.i.k.n.KeyIO           Parsing took 0 ms 
549025     DEBUG Test worker     d.u.i.k.n.KeyIO           Load declarations of de.uka.ilkd.key.nparser.KeyAst$File:  <unknown>:1#1 
549025     INFO  Test worker     d.u.i.k.n.KeyIO           MODE: declarations took 0 ms 
549025     DEBUG Test worker     d.u.i.k.n.KeyIO           MODE: 2nd degree decls took 0 
552983     INFO  Test worker     d.u.i.k.n.KeyIO           Parsing took 0 ms 
552983     DEBUG Test worker     d.u.i.k.n.KeyIO           Load declarations of de.uka.ilkd.key.nparser.KeyAst$File:  <unknown>:1#1 
552983     INFO  Test worker     d.u.i.k.n.KeyIO           MODE: declarations took 0 ms 
552983     DEBUG Test worker     d.u.i.k.n.KeyIO           MODE: 2nd degree decls took 0 
552983     INFO  Test worker     d.u.i.k.n.KeyIO           Parsing took 0 ms 
552983     DEBUG Test worker     d.u.i.k.n.KeyIO           Load declarations of de.uka.ilkd.key.nparser.KeyAst$File:  <unknown>:1#1 
552983     INFO  Test worker     d.u.i.k.n.KeyIO           MODE: declarations took 0 ms 
552983     DEBUG Test worker     d.u.i.k.n.KeyIO           MODE: 2nd degree decls took 0 
552983     INFO  Test worker     d.u.i.k.n.KeyIO           Parsing took 0 ms 
552983     DEBUG Test worker     d.u.i.k.n.KeyIO           Load declarations of de.uka.ilkd.key.nparser.KeyAst$File:  <unknown>:1#1 
552983     INFO  Test worker     d.u.i.k.n.KeyIO           MODE: declarations took 0 ms 
552983     DEBUG Test worker     d.u.i.k.n.KeyIO           MODE: 2nd degree decls took 0 
]]></system-out>
  <system-err><![CDATA[]]></system-err>
</testsuite>
