<?xml version="1.0" encoding="UTF-8"?>
<testsuite name="de.uka.ilkd.key.smt.TestUnsatCore" tests="1" skipped="0" failures="0" errors="0" timestamp="2023-04-21T07:56:09" hostname="fv-az206-437" time="0.024">
  <properties/>
  <testcase name="testUnsatCore()" classname="de.uka.ilkd.key.smt.TestUnsatCore" time="0.024"/>
  <system-out><![CDATA[]]></system-out>
  <system-err><![CDATA[]]></system-err>
</testsuite>
