<?xml version="1.0" encoding="UTF-8"?>
<testsuite name="de.uka.ilkd.key.java.TestContextStatementBlock" tests="1" skipped="0" failures="0" errors="0" timestamp="2023-04-21T07:44:41" hostname="fv-az206-437" time="1.588">
  <properties/>
  <testcase name="testContextTermInstantiation()" classname="de.uka.ilkd.key.java.TestContextStatementBlock" time="1.588"/>
  <system-out><![CDATA[31639      INFO  Test worker     d.u.i.k.n.KeyIO           Parsing took 0 ms 
31639      DEBUG Test worker     d.u.i.k.n.KeyIO           Load declarations of de.uka.ilkd.key.nparser.KeyAst$File:  D:\a\key\key\key.core\src\test\resources\testcase\testrules.key:9#1 
31655      INFO  Test worker     d.u.i.k.n.KeyIO           MODE: declarations took 16 ms 
31655      DEBUG Test worker     d.u.i.k.n.KeyIO           MODE: 2nd degree decls took 0 
31815      DEBUG Test worker     d.u.i.k.n.KeyIO           MODE: taclets took 160ms 
]]></system-out>
  <system-err><![CDATA[]]></system-err>
</testsuite>
