<?xml version="1.0" encoding="UTF-8"?>
<testsuite name="de.uka.ilkd.key.logic.TestClashFreeSubst" tests="14" skipped="2" failures="0" errors="0" timestamp="2023-04-21T07:44:59" hostname="fv-az206-437" time="63.019">
  <properties/>
  <testcase name="testMultiShareBound()" classname="de.uka.ilkd.key.logic.TestClashFreeSubst" time="1.369"/>
  <testcase name="testClash()" classname="de.uka.ilkd.key.logic.TestClashFreeSubst" time="1.255"/>
  <testcase name="testShare()" classname="de.uka.ilkd.key.logic.TestClashFreeSubst" time="1.219"/>
  <testcase name="testSubst()" classname="de.uka.ilkd.key.logic.TestClashFreeSubst" time="1.17"/>
  <testcase name="testWary0()" classname="de.uka.ilkd.key.logic.TestClashFreeSubst" time="1.15"/>
  <testcase name="testWary1()" classname="de.uka.ilkd.key.logic.TestClashFreeSubst" time="1.153"/>
  <testcase name="testWary2()" classname="de.uka.ilkd.key.logic.TestClashFreeSubst" time="1.142"/>
  <testcase name="testClashInSubstTerm()" classname="de.uka.ilkd.key.logic.TestClashFreeSubst" time="1.125"/>
  <testcase name="testShareWary()" classname="de.uka.ilkd.key.logic.TestClashFreeSubst" time="1.098"/>
  <testcase name="testMultiSubst()" classname="de.uka.ilkd.key.logic.TestClashFreeSubst" time="1.126"/>
  <testcase name="xtestMultiClash()" classname="de.uka.ilkd.key.logic.TestClashFreeSubst" time="0.001">
    <skipped/>
  </testcase>
  <testcase name="testSubstInSubstTerm()" classname="de.uka.ilkd.key.logic.TestClashFreeSubst" time="1.184"/>
  <testcase name="testSubstWary()" classname="de.uka.ilkd.key.logic.TestClashFreeSubst" time="1.134"/>
  <testcase name="xtestMultiClash1()" classname="de.uka.ilkd.key.logic.TestClashFreeSubst" time="0.0">
    <skipped/>
  </testcase>
  <system-out><![CDATA[48214      INFO  Test worker     d.u.i.k.n.KeyIO           Parsing took 0 ms 
48214      DEBUG Test worker     d.u.i.k.n.KeyIO           Load declarations of de.uka.ilkd.key.nparser.KeyAst$File:  <unknown>:1#1 
48214      INFO  Test worker     d.u.i.k.n.KeyIO           MODE: declarations took 0 ms 
48214      DEBUG Test worker     d.u.i.k.n.KeyIO           MODE: 2nd degree decls took 0 
49576      INFO  Test worker     d.u.i.k.n.KeyIO           Parsing took 0 ms 
49576      DEBUG Test worker     d.u.i.k.n.KeyIO           Load declarations of de.uka.ilkd.key.nparser.KeyAst$File:  <unknown>:1#1 
49576      INFO  Test worker     d.u.i.k.n.KeyIO           MODE: declarations took 0 ms 
49576      DEBUG Test worker     d.u.i.k.n.KeyIO           MODE: 2nd degree decls took 0 
53612      INFO  Test worker     d.u.i.k.n.KeyIO           Parsing took 0 ms 
53612      DEBUG Test worker     d.u.i.k.n.KeyIO           Load declarations of de.uka.ilkd.key.nparser.KeyAst$File:  <unknown>:1#1 
53612      INFO  Test worker     d.u.i.k.n.KeyIO           MODE: declarations took 0 ms 
53612      DEBUG Test worker     d.u.i.k.n.KeyIO           MODE: 2nd degree decls took 0 
54853      INFO  Test worker     d.u.i.k.n.KeyIO           Parsing took 0 ms 
54853      DEBUG Test worker     d.u.i.k.n.KeyIO           Load declarations of de.uka.ilkd.key.nparser.KeyAst$File:  <unknown>:1#1 
54853      INFO  Test worker     d.u.i.k.n.KeyIO           MODE: declarations took 0 ms 
54853      DEBUG Test worker     d.u.i.k.n.KeyIO           MODE: 2nd degree decls took 0 
58733      INFO  Test worker     d.u.i.k.n.KeyIO           Parsing took 0 ms 
58733      DEBUG Test worker     d.u.i.k.n.KeyIO           Load declarations of de.uka.ilkd.key.nparser.KeyAst$File:  <unknown>:1#1 
58733      INFO  Test worker     d.u.i.k.n.KeyIO           MODE: declarations took 0 ms 
58765      DEBUG Test worker     d.u.i.k.n.KeyIO           MODE: 2nd degree decls took 0 
59940      INFO  Test worker     d.u.i.k.n.KeyIO           Parsing took 0 ms 
59940      DEBUG Test worker     d.u.i.k.n.KeyIO           Load declarations of de.uka.ilkd.key.nparser.KeyAst$File:  <unknown>:1#1 
59940      INFO  Test worker     d.u.i.k.n.KeyIO           MODE: declarations took 0 ms 
59940      DEBUG Test worker     d.u.i.k.n.KeyIO           MODE: 2nd degree decls took 0 
63858      INFO  Test worker     d.u.i.k.n.KeyIO           Parsing took 0 ms 
63858      DEBUG Test worker     d.u.i.k.n.KeyIO           Load declarations of de.uka.ilkd.key.nparser.KeyAst$File:  <unknown>:1#1 
63858      INFO  Test worker     d.u.i.k.n.KeyIO           MODE: declarations took 0 ms 
63858      DEBUG Test worker     d.u.i.k.n.KeyIO           MODE: 2nd degree decls took 0 
65026      INFO  Test worker     d.u.i.k.n.KeyIO           Parsing took 0 ms 
65026      DEBUG Test worker     d.u.i.k.n.KeyIO           Load declarations of de.uka.ilkd.key.nparser.KeyAst$File:  <unknown>:1#1 
65026      INFO  Test worker     d.u.i.k.n.KeyIO           MODE: declarations took 0 ms 
65026      DEBUG Test worker     d.u.i.k.n.KeyIO           MODE: 2nd degree decls took 0 
68761      INFO  Test worker     d.u.i.k.n.KeyIO           Parsing took 0 ms 
68761      DEBUG Test worker     d.u.i.k.n.KeyIO           Load declarations of de.uka.ilkd.key.nparser.KeyAst$File:  <unknown>:1#1 
68761      INFO  Test worker     d.u.i.k.n.KeyIO           MODE: declarations took 0 ms 
68761      DEBUG Test worker     d.u.i.k.n.KeyIO           MODE: 2nd degree decls took 0 
69914      INFO  Test worker     d.u.i.k.n.KeyIO           Parsing took 0 ms 
69914      DEBUG Test worker     d.u.i.k.n.KeyIO           Load declarations of de.uka.ilkd.key.nparser.KeyAst$File:  <unknown>:1#1 
69914      INFO  Test worker     d.u.i.k.n.KeyIO           MODE: declarations took 0 ms 
69914      DEBUG Test worker     d.u.i.k.n.KeyIO           MODE: 2nd degree decls took 0 
73809      INFO  Test worker     d.u.i.k.n.KeyIO           Parsing took 0 ms 
73809      DEBUG Test worker     d.u.i.k.n.KeyIO           Load declarations of de.uka.ilkd.key.nparser.KeyAst$File:  <unknown>:1#1 
73809      INFO  Test worker     d.u.i.k.n.KeyIO           MODE: declarations took 0 ms 
73809      DEBUG Test worker     d.u.i.k.n.KeyIO           MODE: 2nd degree decls took 0 
74957      INFO  Test worker     d.u.i.k.n.KeyIO           Parsing took 0 ms 
74957      DEBUG Test worker     d.u.i.k.n.KeyIO           Load declarations of de.uka.ilkd.key.nparser.KeyAst$File:  <unknown>:1#1 
74957      INFO  Test worker     d.u.i.k.n.KeyIO           MODE: declarations took 0 ms 
74957      DEBUG Test worker     d.u.i.k.n.KeyIO           MODE: 2nd degree decls took 0 
78721      INFO  Test worker     d.u.i.k.n.KeyIO           Parsing took 0 ms 
78721      DEBUG Test worker     d.u.i.k.n.KeyIO           Load declarations of de.uka.ilkd.key.nparser.KeyAst$File:  <unknown>:1#1 
78721      INFO  Test worker     d.u.i.k.n.KeyIO           MODE: declarations took 0 ms 
78721      DEBUG Test worker     d.u.i.k.n.KeyIO           MODE: 2nd degree decls took 0 
79862      INFO  Test worker     d.u.i.k.n.KeyIO           Parsing took 0 ms 
79862      DEBUG Test worker     d.u.i.k.n.KeyIO           Load declarations of de.uka.ilkd.key.nparser.KeyAst$File:  <unknown>:1#1 
79862      INFO  Test worker     d.u.i.k.n.KeyIO           MODE: declarations took 0 ms 
79862      DEBUG Test worker     d.u.i.k.n.KeyIO           MODE: 2nd degree decls took 0 
83538      INFO  Test worker     d.u.i.k.n.KeyIO           Parsing took 0 ms 
83538      DEBUG Test worker     d.u.i.k.n.KeyIO           Load declarations of de.uka.ilkd.key.nparser.KeyAst$File:  <unknown>:1#1 
83538      INFO  Test worker     d.u.i.k.n.KeyIO           MODE: declarations took 0 ms 
83538      DEBUG Test worker     d.u.i.k.n.KeyIO           MODE: 2nd degree decls took 0 
84649      INFO  Test worker     d.u.i.k.n.KeyIO           Parsing took 0 ms 
84649      DEBUG Test worker     d.u.i.k.n.KeyIO           Load declarations of de.uka.ilkd.key.nparser.KeyAst$File:  <unknown>:1#1 
84649      INFO  Test worker     d.u.i.k.n.KeyIO           MODE: declarations took 0 ms 
84649      DEBUG Test worker     d.u.i.k.n.KeyIO           MODE: 2nd degree decls took 0 
88250      INFO  Test worker     d.u.i.k.n.KeyIO           Parsing took 0 ms 
88250      DEBUG Test worker     d.u.i.k.n.KeyIO           Load declarations of de.uka.ilkd.key.nparser.KeyAst$File:  <unknown>:1#1 
88250      INFO  Test worker     d.u.i.k.n.KeyIO           MODE: declarations took 0 ms 
88250      DEBUG Test worker     d.u.i.k.n.KeyIO           MODE: 2nd degree decls took 0 
89341      INFO  Test worker     d.u.i.k.n.KeyIO           Parsing took 0 ms 
89341      DEBUG Test worker     d.u.i.k.n.KeyIO           Load declarations of de.uka.ilkd.key.nparser.KeyAst$File:  <unknown>:1#1 
89341      INFO  Test worker     d.u.i.k.n.KeyIO           MODE: declarations took 0 ms 
89341      DEBUG Test worker     d.u.i.k.n.KeyIO           MODE: 2nd degree decls took 0 
92961      INFO  Test worker     d.u.i.k.n.KeyIO           Parsing took 0 ms 
92961      DEBUG Test worker     d.u.i.k.n.KeyIO           Load declarations of de.uka.ilkd.key.nparser.KeyAst$File:  <unknown>:1#1 
92961      INFO  Test worker     d.u.i.k.n.KeyIO           MODE: declarations took 0 ms 
92961      DEBUG Test worker     d.u.i.k.n.KeyIO           MODE: 2nd degree decls took 0 
94076      INFO  Test worker     d.u.i.k.n.KeyIO           Parsing took 0 ms 
94076      DEBUG Test worker     d.u.i.k.n.KeyIO           Load declarations of de.uka.ilkd.key.nparser.KeyAst$File:  <unknown>:1#1 
94076      INFO  Test worker     d.u.i.k.n.KeyIO           MODE: declarations took 0 ms 
94076      DEBUG Test worker     d.u.i.k.n.KeyIO           MODE: 2nd degree decls took 0 
101452     INFO  Test worker     d.u.i.k.n.KeyIO           Parsing took 0 ms 
101452     DEBUG Test worker     d.u.i.k.n.KeyIO           Load declarations of de.uka.ilkd.key.nparser.KeyAst$File:  <unknown>:1#1 
101452     INFO  Test worker     d.u.i.k.n.KeyIO           MODE: declarations took 0 ms 
101452     DEBUG Test worker     d.u.i.k.n.KeyIO           MODE: 2nd degree decls took 0 
102618     INFO  Test worker     d.u.i.k.n.KeyIO           Parsing took 0 ms 
102618     DEBUG Test worker     d.u.i.k.n.KeyIO           Load declarations of de.uka.ilkd.key.nparser.KeyAst$File:  <unknown>:1#1 
102618     INFO  Test worker     d.u.i.k.n.KeyIO           MODE: declarations took 0 ms 
102634     DEBUG Test worker     d.u.i.k.n.KeyIO           MODE: 2nd degree decls took 0 
106303     INFO  Test worker     d.u.i.k.n.KeyIO           Parsing took 0 ms 
106303     DEBUG Test worker     d.u.i.k.n.KeyIO           Load declarations of de.uka.ilkd.key.nparser.KeyAst$File:  <unknown>:1#1 
106303     INFO  Test worker     d.u.i.k.n.KeyIO           MODE: declarations took 0 ms 
106319     DEBUG Test worker     d.u.i.k.n.KeyIO           MODE: 2nd degree decls took 0 
107438     INFO  Test worker     d.u.i.k.n.KeyIO           Parsing took 0 ms 
107438     DEBUG Test worker     d.u.i.k.n.KeyIO           Load declarations of de.uka.ilkd.key.nparser.KeyAst$File:  <unknown>:1#1 
107438     INFO  Test worker     d.u.i.k.n.KeyIO           MODE: declarations took 0 ms 
107438     DEBUG Test worker     d.u.i.k.n.KeyIO           MODE: 2nd degree decls took 0 
]]></system-out>
  <system-err><![CDATA[]]></system-err>
</testsuite>
