<?xml version="1.0" encoding="UTF-8"?>
<testsuite name="de.uka.ilkd.key.proof.TestOneStepSimplifier" tests="1" skipped="0" failures="0" errors="0" timestamp="2023-04-21T07:53:24" hostname="fv-az206-437" time="5.178">
  <properties/>
  <testcase name="loadWithRestriction()" classname="de.uka.ilkd.key.proof.TestOneStepSimplifier" time="5.178"/>
  <system-out><![CDATA[553051     INFO  Test worker     d.u.i.k.p.i.AbstractProblemLoader Loading environment from src\test\resources\testcase\ossRestriction.proof 
553051     DEBUG Test worker     d.u.i.k.p.i.AbstractProblemLoader Environment load took 177.3ns 
553067     INFO  Test worker     d.u.i.k.p.i.AbstractProblemLoader Creating init config 
553214     DEBUG Test worker     d.u.i.k.j.TypeConverter   No LDT found for Meta 
553214     DEBUG Test worker     d.u.i.k.j.TypeConverter   No LDT found for Meta 
553214     DEBUG Test worker     d.u.i.k.j.TypeConverter   No LDT found for Meta 
553214     DEBUG Test worker     d.u.i.k.j.TypeConverter   No LDT found for Meta 
554030     DEBUG Test worker     d.u.i.k.j.TypeConverter   No LDT found for JavaBigintExpression 
558186     DEBUG Test worker     d.u.i.k.p.i.AbstractProblemLoader Init config took 5.13s 
558233     INFO  Test worker     d.u.i.k.p.i.AbstractProblemLoader Replaying proof ossRestriction.proof 
558233     DEBUG Test worker     d.u.i.k.p.i.IntermediateProofReplayer Proof replay took 1.78ms 
]]></system-out>
  <system-err><![CDATA[]]></system-err>
</testsuite>
