<?xml version="1.0" encoding="UTF-8"?>
<testsuite name="de.uka.ilkd.key.logic.TestTermLabelManager" tests="21" skipped="0" failures="0" errors="0" timestamp="2023-04-21T07:46:32" hostname="fv-az206-437" time="73.763">
  <properties/>
  <testcase name="testInstantiateLabels_directChildPolicies_allRules()" classname="de.uka.ilkd.key.logic.TestTermLabelManager" time="5.553"/>
  <testcase name="testInstantiateLabels_childAndGrandchildPolicies_ruleSpecific()" classname="de.uka.ilkd.key.logic.TestTermLabelManager" time="4.061"/>
  <testcase name="testParseLabel()" classname="de.uka.ilkd.key.logic.TestTermLabelManager" time="3.996"/>
  <testcase name="testrefactorGoal_childrenAndGrandchildren_ruleSpecific()" classname="de.uka.ilkd.key.logic.TestTermLabelManager" time="3.798"/>
  <testcase name="testrefactorGoal_directChildren_allRules()" classname="de.uka.ilkd.key.logic.TestTermLabelManager" time="3.931"/>
  <testcase name="testInstantiateLabels_childAndGrandchildPolicies_allRules()" classname="de.uka.ilkd.key.logic.TestTermLabelManager" time="3.845"/>
  <testcase name="testInstantiateLabels_taclet()" classname="de.uka.ilkd.key.logic.TestTermLabelManager" time="3.797"/>
  <testcase name="testrefactorGoal_none_ruleSpecific()" classname="de.uka.ilkd.key.logic.TestTermLabelManager" time="3.803"/>
  <testcase name="testInstantiateLabels_updates_ruleSpecific()" classname="de.uka.ilkd.key.logic.TestTermLabelManager" time="3.745"/>
  <testcase name="testrefactorGoal_sequent_ruleSpecific()" classname="de.uka.ilkd.key.logic.TestTermLabelManager" time="3.805"/>
  <testcase name="testInstantiateLabels_updates_allRules()" classname="de.uka.ilkd.key.logic.TestTermLabelManager" time="3.727"/>
  <testcase name="testrefactorGoal_sequent_allRules()" classname="de.uka.ilkd.key.logic.TestTermLabelManager" time="3.68"/>
  <testcase name="testrefactorGoal_childrenAndGrandchildren_allRules()" classname="de.uka.ilkd.key.logic.TestTermLabelManager" time="3.746"/>
  <testcase name="testGetTermLabelManager()" classname="de.uka.ilkd.key.logic.TestTermLabelManager" time="0.006"/>
  <testcase name="testInstantiateLabels_applicationTermPolicies()" classname="de.uka.ilkd.key.logic.TestTermLabelManager" time="3.738"/>
  <testcase name="testInstantiateLabels_modalityTermPolicies()" classname="de.uka.ilkd.key.logic.TestTermLabelManager" time="3.723"/>
  <testcase name="testrefactorGoal_none_allRules()" classname="de.uka.ilkd.key.logic.TestTermLabelManager" time="3.643"/>
  <testcase name="testInstantiateLabels_null()" classname="de.uka.ilkd.key.logic.TestTermLabelManager" time="0.0"/>
  <testcase name="testrefactorGoal_directChildren_ruleSpecific()" classname="de.uka.ilkd.key.logic.TestTermLabelManager" time="3.688"/>
  <testcase name="testInstantiateLabels_directChildPolicies_ruleSpecific()" classname="de.uka.ilkd.key.logic.TestTermLabelManager" time="3.711"/>
  <testcase name="testGetSupportedTermLabelNames()" classname="de.uka.ilkd.key.logic.TestTermLabelManager" time="3.755"/>
  <system-out><![CDATA[141474     INFO  Test worker     d.u.i.k.p.i.AbstractProblemLoader Loading environment from src\test\resources\testcase\termLabels\flatSteps\FlatSteps.java 
141474     DEBUG Test worker     d.u.i.k.p.i.AbstractProblemLoader Environment load took 271.9ns 
141474     INFO  Test worker     d.u.i.k.p.i.AbstractProblemLoader Creating init config 
141734     DEBUG Test worker     d.u.i.k.j.TypeConverter   No LDT found for Meta 
141734     DEBUG Test worker     d.u.i.k.j.TypeConverter   No LDT found for Meta 
141734     DEBUG Test worker     d.u.i.k.j.TypeConverter   No LDT found for Meta 
141734     DEBUG Test worker     d.u.i.k.j.TypeConverter   No LDT found for Meta 
142734     DEBUG Test worker     d.u.i.k.j.TypeConverter   No LDT found for JavaBigintExpression 
147019     DEBUG Test worker     d.u.i.k.p.i.AbstractProblemLoader Init config took 5.54s 
147019     INFO  Test worker     d.u.i.k.p.i.AbstractProblemLoader Loading environment from src\test\resources\testcase\termLabels\flatSteps\FlatSteps.java 
147019     DEBUG Test worker     d.u.i.k.p.i.AbstractProblemLoader Environment load took 307.5ns 
147035     INFO  Test worker     d.u.i.k.p.i.AbstractProblemLoader Creating init config 
151065     DEBUG Test worker     d.u.i.k.p.i.AbstractProblemLoader Init config took 4.04s 
151080     INFO  Test worker     d.u.i.k.p.i.AbstractProblemLoader Loading environment from src\test\resources\testcase\termLabels\flatSteps\FlatSteps.java 
151080     DEBUG Test worker     d.u.i.k.p.i.AbstractProblemLoader Environment load took 531.5ns 
151080     INFO  Test worker     d.u.i.k.p.i.AbstractProblemLoader Creating init config 
155062     DEBUG Test worker     d.u.i.k.p.i.AbstractProblemLoader Init config took 3.98s 
155078     INFO  Test worker     d.u.i.k.p.i.AbstractProblemLoader Loading environment from src\test\resources\testcase\termLabels\flatSteps\FlatSteps.java 
155078     DEBUG Test worker     d.u.i.k.p.i.AbstractProblemLoader Environment load took 183.1ns 
155078     INFO  Test worker     d.u.i.k.p.i.AbstractProblemLoader Creating init config 
158860     DEBUG Test worker     d.u.i.k.p.i.AbstractProblemLoader Init config took 3.78s 
158876     INFO  Test worker     d.u.i.k.p.i.AbstractProblemLoader Loading environment from src\test\resources\testcase\termLabels\flatSteps\FlatSteps.java 
158876     DEBUG Test worker     d.u.i.k.p.i.AbstractProblemLoader Environment load took 566.2ns 
158891     INFO  Test worker     d.u.i.k.p.i.AbstractProblemLoader Creating init config 
162808     DEBUG Test worker     d.u.i.k.p.i.AbstractProblemLoader Init config took 3.92s 
162824     INFO  Test worker     d.u.i.k.p.i.AbstractProblemLoader Loading environment from src\test\resources\testcase\termLabels\flatSteps\FlatSteps.java 
162824     DEBUG Test worker     d.u.i.k.p.i.AbstractProblemLoader Environment load took 205.6ns 
162824     INFO  Test worker     d.u.i.k.p.i.AbstractProblemLoader Creating init config 
166653     DEBUG Test worker     d.u.i.k.p.i.AbstractProblemLoader Init config took 3.83s 
166653     INFO  Test worker     d.u.i.k.p.i.AbstractProblemLoader Loading environment from src\test\resources\testcase\termLabels\flatSteps\FlatSteps.java 
166653     DEBUG Test worker     d.u.i.k.p.i.AbstractProblemLoader Environment load took 506.3ns 
166653     INFO  Test worker     d.u.i.k.p.i.AbstractProblemLoader Creating init config 
170451     DEBUG Test worker     d.u.i.k.p.i.AbstractProblemLoader Init config took 3.79s 
170451     INFO  Test worker     d.u.i.k.p.i.AbstractProblemLoader Loading environment from src\test\resources\testcase\termLabels\flatSteps\FlatSteps.java 
170451     DEBUG Test worker     d.u.i.k.p.i.AbstractProblemLoader Environment load took 489.4ns 
170467     INFO  Test worker     d.u.i.k.p.i.AbstractProblemLoader Creating init config 
174239     DEBUG Test worker     d.u.i.k.p.i.AbstractProblemLoader Init config took 3.78s 
174255     INFO  Test worker     d.u.i.k.p.i.AbstractProblemLoader Loading environment from src\test\resources\testcase\termLabels\flatSteps\FlatSteps.java 
174255     DEBUG Test worker     d.u.i.k.p.i.AbstractProblemLoader Environment load took 1.47ms 
174255     INFO  Test worker     d.u.i.k.p.i.AbstractProblemLoader Creating init config 
178001     DEBUG Test worker     d.u.i.k.p.i.AbstractProblemLoader Init config took 3.73s 
178001     INFO  Test worker     d.u.i.k.p.i.AbstractProblemLoader Loading environment from src\test\resources\testcase\termLabels\flatSteps\FlatSteps.java 
178001     DEBUG Test worker     d.u.i.k.p.i.AbstractProblemLoader Environment load took 527.2ns 
178001     INFO  Test worker     d.u.i.k.p.i.AbstractProblemLoader Creating init config 
181791     DEBUG Test worker     d.u.i.k.p.i.AbstractProblemLoader Init config took 3.79s 
181807     INFO  Test worker     d.u.i.k.p.i.AbstractProblemLoader Loading environment from src\test\resources\testcase\termLabels\flatSteps\FlatSteps.java 
181807     DEBUG Test worker     d.u.i.k.p.i.AbstractProblemLoader Environment load took 185.4ns 
181807     INFO  Test worker     d.u.i.k.p.i.AbstractProblemLoader Creating init config 
185519     DEBUG Test worker     d.u.i.k.p.i.AbstractProblemLoader Init config took 3.71s 
185534     INFO  Test worker     d.u.i.k.p.i.AbstractProblemLoader Loading environment from src\test\resources\testcase\termLabels\flatSteps\FlatSteps.java 
185534     DEBUG Test worker     d.u.i.k.p.i.AbstractProblemLoader Environment load took 526.8ns 
185534     INFO  Test worker     d.u.i.k.p.i.AbstractProblemLoader Creating init config 
189199     DEBUG Test worker     d.u.i.k.p.i.AbstractProblemLoader Init config took 3.66s 
189214     INFO  Test worker     d.u.i.k.p.i.AbstractProblemLoader Loading environment from src\test\resources\testcase\termLabels\flatSteps\FlatSteps.java 
189214     DEBUG Test worker     d.u.i.k.p.i.AbstractProblemLoader Environment load took 474.2ns 
189214     INFO  Test worker     d.u.i.k.p.i.AbstractProblemLoader Creating init config 
192945     DEBUG Test worker     d.u.i.k.p.i.AbstractProblemLoader Init config took 3.73s 
192977     INFO  Test worker     d.u.i.k.p.i.AbstractProblemLoader Loading environment from src\test\resources\testcase\termLabels\flatSteps\FlatSteps.java 
192977     DEBUG Test worker     d.u.i.k.p.i.AbstractProblemLoader Environment load took 296.1ns 
192977     INFO  Test worker     d.u.i.k.p.i.AbstractProblemLoader Creating init config 
196689     DEBUG Test worker     d.u.i.k.p.i.AbstractProblemLoader Init config took 3.72s 
196705     INFO  Test worker     d.u.i.k.p.i.AbstractProblemLoader Loading environment from src\test\resources\testcase\termLabels\flatSteps\FlatSteps.java 
196705     DEBUG Test worker     d.u.i.k.p.i.AbstractProblemLoader Environment load took 199.8ns 
196705     INFO  Test worker     d.u.i.k.p.i.AbstractProblemLoader Creating init config 
200429     DEBUG Test worker     d.u.i.k.p.i.AbstractProblemLoader Init config took 3.72s 
200429     INFO  Test worker     d.u.i.k.p.i.AbstractProblemLoader Loading environment from src\test\resources\testcase\termLabels\flatSteps\FlatSteps.java 
200429     DEBUG Test worker     d.u.i.k.p.i.AbstractProblemLoader Environment load took 136.7ns 
200429     INFO  Test worker     d.u.i.k.p.i.AbstractProblemLoader Creating init config 
204056     DEBUG Test worker     d.u.i.k.p.i.AbstractProblemLoader Init config took 3.63s 
204072     INFO  Test worker     d.u.i.k.p.i.AbstractProblemLoader Loading environment from src\test\resources\testcase\termLabels\flatSteps\FlatSteps.java 
204072     DEBUG Test worker     d.u.i.k.p.i.AbstractProblemLoader Environment load took 231.5ns 
204088     INFO  Test worker     d.u.i.k.p.i.AbstractProblemLoader Creating init config 
207746     DEBUG Test worker     d.u.i.k.p.i.AbstractProblemLoader Init config took 3.67s 
207762     INFO  Test worker     d.u.i.k.p.i.AbstractProblemLoader Loading environment from src\test\resources\testcase\termLabels\flatSteps\FlatSteps.java 
207762     DEBUG Test worker     d.u.i.k.p.i.AbstractProblemLoader Environment load took 255.1ns 
207762     INFO  Test worker     d.u.i.k.p.i.AbstractProblemLoader Creating init config 
211474     DEBUG Test worker     d.u.i.k.p.i.AbstractProblemLoader Init config took 3.71s 
211489     INFO  Test worker     d.u.i.k.p.i.AbstractProblemLoader Loading environment from src\test\resources\testcase\termLabels\flatSteps\FlatSteps.java 
211489     DEBUG Test worker     d.u.i.k.p.i.AbstractProblemLoader Environment load took 235.2ns 
211489     INFO  Test worker     d.u.i.k.p.i.AbstractProblemLoader Creating init config 
215229     DEBUG Test worker     d.u.i.k.p.i.AbstractProblemLoader Init config took 3.74s 
]]></system-out>
  <system-err><![CDATA[]]></system-err>
</testsuite>
