<?xml version="1.0" encoding="UTF-8"?>
<testsuite name="de.uka.ilkd.key.rule.loop.LoopScopeInvRuleTests" tests="1" skipped="0" failures="0" errors="0" timestamp="2023-04-21T07:53:58" hostname="fv-az206-437" time="6.557">
  <properties/>
  <testcase name="testDoAutomaticProofOfBenchmarkWithLabeledBreaksAndContinues()" classname="de.uka.ilkd.key.rule.loop.LoopScopeInvRuleTests" time="6.557"/>
  <system-out><![CDATA[587127     INFO  Test worker     d.u.i.k.p.i.AbstractProblemLoader Loading environment from src\test\resources\testcase\loopScopeInvRule\Test.key 
587127     DEBUG Test worker     d.u.i.k.p.i.AbstractProblemLoader Environment load took 208.5ns 
587127     INFO  Test worker     d.u.i.k.p.i.AbstractProblemLoader Creating init config 
587299     DEBUG Test worker     d.u.i.k.j.TypeConverter   No LDT found for Meta 
587315     DEBUG Test worker     d.u.i.k.j.TypeConverter   No LDT found for Meta 
587315     DEBUG Test worker     d.u.i.k.j.TypeConverter   No LDT found for Meta 
587315     DEBUG Test worker     d.u.i.k.j.TypeConverter   No LDT found for Meta 
588315     DEBUG Test worker     d.u.i.k.j.TypeConverter   No LDT found for JavaBigintExpression 
592759     DEBUG Test worker     d.u.i.k.p.i.AbstractProblemLoader Init config took 5.63s 
592806     INFO  Test worker     d.u.i.k.p.i.AbstractProblemLoader Replaying proof Test[Test::loopScopeRuleBenchmark(int,boolean)].JML normal_behavior operation contract.0 
592806     DEBUG Test worker     d.u.i.k.p.i.IntermediateProofReplayer Proof replay took 17.4ns 
]]></system-out>
  <system-err><![CDATA[]]></system-err>
</testsuite>
