<?xml version="1.0" encoding="UTF-8"?>
<testsuite name="de.uka.ilkd.key.rule.tacletbuilder.TestTacletBuild" tests="5" skipped="0" failures="0" errors="0" timestamp="2023-04-21T07:56:05" hostname="fv-az206-437" time="4.837">
  <properties/>
  <testcase name="testSchemavariablesInAddrulesRespectPrefix()" classname="de.uka.ilkd.key.rule.tacletbuilder.TestTacletBuild" time="4.833"/>
  <testcase name="testUniquenessOfIfAndFindVarSVBothInIf()" classname="de.uka.ilkd.key.rule.tacletbuilder.TestTacletBuild" time="0.003"/>
  <testcase name="test0()" classname="de.uka.ilkd.key.rule.tacletbuilder.TestTacletBuild" time="0.0"/>
  <testcase name="testUniquenessOfIfAndFindVarSVsInFind()" classname="de.uka.ilkd.key.rule.tacletbuilder.TestTacletBuild" time="0.001"/>
  <testcase name="testUniquenessOfIfAndFindVarSVsInIfAndFind()" classname="de.uka.ilkd.key.rule.tacletbuilder.TestTacletBuild" time="0.0"/>
  <system-out><![CDATA[714720     INFO  Test worker     d.u.i.k.n.KeyIO           Parsing took 16 ms 
714720     DEBUG Test worker     d.u.i.k.n.KeyIO           Load declarations of de.uka.ilkd.key.nparser.KeyAst$File:  D:\a\key\key\key.core\src\test\resources\testcase\testrules.key:9#1 
714720     INFO  Test worker     d.u.i.k.n.KeyIO           MODE: declarations took 0 ms 
714720     DEBUG Test worker     d.u.i.k.n.KeyIO           MODE: 2nd degree decls took 0 
714751     DEBUG Test worker     d.u.i.k.n.KeyIO           MODE: taclets took 31ms 
]]></system-out>
  <system-err><![CDATA[]]></system-err>
</testsuite>
