<?xml version="1.0" encoding="UTF-8"?>
<testsuite name="de.uka.ilkd.key.parser.TestParser" tests="5" skipped="1" failures="0" errors="0" timestamp="2023-04-21T07:50:39" hostname="fv-az206-437" time="6.142">
  <properties/>
  <testcase name="testConstantEvaluationError()" classname="de.uka.ilkd.key.parser.TestParser" time="1.241"/>
  <testcase name="testGenericSort()" classname="de.uka.ilkd.key.parser.TestParser" time="0.004"/>
  <testcase name="testIssue1566()" classname="de.uka.ilkd.key.parser.TestParser" time="3.702"/>
  <testcase name="testIssue39()" classname="de.uka.ilkd.key.parser.TestParser" time="1.193"/>
  <testcase name="testRelativeInclude()" classname="de.uka.ilkd.key.parser.TestParser" time="0.002">
    <skipped/>
  </testcase>
  <system-out><![CDATA[387798     INFO  Test worker     d.u.i.k.p.i.AbstractProblemLoader Loading environment from src\test\resources\testcase\parserErrorTest\AssignToArray.java 
387798     DEBUG Test worker     d.u.i.k.p.i.AbstractProblemLoader Environment load took 114.3ns 
387798     INFO  Test worker     d.u.i.k.p.i.AbstractProblemLoader Creating init config 
389033     INFO  Test worker     d.u.i.k.n.KeyIO           Parsing took 0 ms 
389033     DEBUG Test worker     d.u.i.k.n.KeyIO           Load declarations of de.uka.ilkd.key.nparser.KeyAst$File:  <unknown>:1#1 
389033     INFO  Test worker     d.u.i.k.n.KeyIO           MODE: declarations took 0 ms 
389033     DEBUG Test worker     d.u.i.k.n.KeyIO           MODE: 2nd degree decls took 0 
389033     DEBUG Test worker     d.u.i.k.n.KeyIO           MODE: taclets took 0ms 
389033     INFO  Test worker     d.u.i.k.p.i.AbstractProblemLoader Loading environment from src\test\resources\testcase\issues\1566\a.key 
389033     DEBUG Test worker     d.u.i.k.p.i.AbstractProblemLoader Environment load took 214.4ns 
389033     INFO  Test worker     d.u.i.k.p.i.AbstractProblemLoader Creating init config 
392714     DEBUG Test worker     d.u.i.k.p.i.AbstractProblemLoader Init config took 3.68s 
392745     INFO  Test worker     d.u.i.k.p.i.AbstractProblemLoader Replaying proof a.key 
392745     DEBUG Test worker     d.u.i.k.p.i.IntermediateProofReplayer Proof replay took 10.1ns 
392745     INFO  Test worker     d.u.i.k.p.i.AbstractProblemLoader Loading environment from src\test\resources\testcase\issues\39\A.java 
392745     DEBUG Test worker     d.u.i.k.p.i.AbstractProblemLoader Environment load took 170.1ns 
392745     INFO  Test worker     d.u.i.k.p.i.AbstractProblemLoader Creating init config 
]]></system-out>
  <system-err><![CDATA[]]></system-err>
</testsuite>
