<?xml version="1.0" encoding="UTF-8"?>
<testsuite name="de.uka.ilkd.key.util.TestProofStarter" tests="2" skipped="0" failures="0" errors="0" timestamp="2023-04-21T08:02:00" hostname="fv-az206-437" time="78.629">
  <properties/>
  <testcase name="testDirectProofWithOneStepSimplification()" classname="de.uka.ilkd.key.util.TestProofStarter" time="42.099"/>
  <testcase name="testDirectProof()" classname="de.uka.ilkd.key.util.TestProofStarter" time="36.53"/>
  <system-out><![CDATA[1069035    INFO  Test worker     d.u.i.k.p.i.AbstractProblemLoader Loading environment from src\test\resources\testcase\proofStarter\CC\project.key 
1069035    DEBUG Test worker     d.u.i.k.p.i.AbstractProblemLoader Environment load took 1.54ms 
1069035    INFO  Test worker     d.u.i.k.p.i.AbstractProblemLoader Creating init config 
1072989    DEBUG Test worker     d.u.i.k.p.i.AbstractProblemLoader Init config took 3.94s 
1073051    INFO  Test worker     d.u.i.k.p.i.AbstractProblemLoader Replaying proof CC[CC::calcCoinIndex([I,[I)].JML normal_behavior operation contract.0 
1073051    DEBUG Test worker     d.u.i.k.p.i.IntermediateProofReplayer Proof replay took 1.6ns 
1111071    INFO  Test worker     d.u.i.k.p.i.AbstractProblemLoader Loading environment from src\test\resources\testcase\proofStarter\CC\project.key 
1111071    DEBUG Test worker     d.u.i.k.p.i.AbstractProblemLoader Environment load took 159.3ns 
1111071    INFO  Test worker     d.u.i.k.p.i.AbstractProblemLoader Creating init config 
1114858    DEBUG Test worker     d.u.i.k.p.i.AbstractProblemLoader Init config took 3.79s 
1114930    INFO  Test worker     d.u.i.k.p.i.AbstractProblemLoader Replaying proof CC[CC::calcCoinIndex([I,[I)].JML normal_behavior operation contract.0 
1114930    DEBUG Test worker     d.u.i.k.p.i.IntermediateProofReplayer Proof replay took 2.2ns 
]]></system-out>
  <system-err><![CDATA[]]></system-err>
</testsuite>
