<?xml version="1.0" encoding="UTF-8"?>
<testsuite name="de.uka.ilkd.key.java.TestPositions" tests="1" skipped="0" failures="0" errors="0" timestamp="2023-03-31T20:04:42" hostname="fv-az401-679" time="0.034">
  <properties/>
  <testcase name="testPositionsFile()" classname="de.uka.ilkd.key.java.TestPositions" time="0.034"/>
  <system-out><![CDATA[]]></system-out>
  <system-err><![CDATA[]]></system-err>
</testsuite>
