<?xml version="1.0" encoding="UTF-8"?>
<testsuite name="de.uka.ilkd.key.proof.runallproofs.RunAllProofsFunctional" tests="34" skipped="0" failures="0" errors="0" timestamp="2023-04-20T10:43:18" hostname="fv-az799-417" time="5205.733">
  <properties/>
  <testcase name="newBook" classname="de.uka.ilkd.key.proof.runallproofs.RunAllProofsFunctional" time="59.208"/>
  <testcase name="oldBook" classname="de.uka.ilkd.key.proof.runallproofs.RunAllProofsFunctional" time="17.411"/>
  <testcase name="comprehensions" classname="de.uka.ilkd.key.proof.runallproofs.RunAllProofsFunctional" time="64.652"/>
  <testcase name="performance" classname="de.uka.ilkd.key.proof.runallproofs.RunAllProofsFunctional" time="221.193"/>
  <testcase name="performancePOConstruction" classname="de.uka.ilkd.key.proof.runallproofs.RunAllProofsFunctional" time="70.269"/>
  <testcase name="applicationRestrictions" classname="de.uka.ilkd.key.proof.runallproofs.RunAllProofsFunctional" time="47.057"/>
  <testcase name="blockContracts" classname="de.uka.ilkd.key.proof.runallproofs.RunAllProofsFunctional" time="133.214"/>
  <testcase name="jmlAsserts" classname="de.uka.ilkd.key.proof.runallproofs.RunAllProofsFunctional" time="92.594"/>
  <testcase name="javaCard" classname="de.uka.ilkd.key.proof.runallproofs.RunAllProofsFunctional" time="135.477"/>
  <testcase name="list" classname="de.uka.ilkd.key.proof.runallproofs.RunAllProofsFunctional" time="259.431"/>
  <testcase name="list_ghost" classname="de.uka.ilkd.key.proof.runallproofs.RunAllProofsFunctional" time="66.186"/>
  <testcase name="list_recursive" classname="de.uka.ilkd.key.proof.runallproofs.RunAllProofsFunctional" time="22.317"/>
  <testcase name="list_seq" classname="de.uka.ilkd.key.proof.runallproofs.RunAllProofsFunctional" time="185.126"/>
  <testcase name="observer" classname="de.uka.ilkd.key.proof.runallproofs.RunAllProofsFunctional" time="94.402"/>
  <testcase name="removeDups" classname="de.uka.ilkd.key.proof.runallproofs.RunAllProofsFunctional" time="151.782"/>
  <testcase name="quicksort" classname="de.uka.ilkd.key.proof.runallproofs.RunAllProofsFunctional" time="108.48"/>
  <testcase name="simpleTests" classname="de.uka.ilkd.key.proof.runallproofs.RunAllProofsFunctional" time="159.344"/>
  <testcase name="SmansEtAl" classname="de.uka.ilkd.key.proof.runallproofs.RunAllProofsFunctional" time="186.256"/>
  <testcase name="VACID0" classname="de.uka.ilkd.key.proof.runallproofs.RunAllProofsFunctional" time="72.294"/>
  <testcase name="VSTTE10" classname="de.uka.ilkd.key.proof.runallproofs.RunAllProofsFunctional" time="173.413"/>
  <testcase name="WeideEtAl" classname="de.uka.ilkd.key.proof.runallproofs.RunAllProofsFunctional" time="27.728"/>
  <testcase name="arithmetic" classname="de.uka.ilkd.key.proof.runallproofs.RunAllProofsFunctional" time="473.377"/>
  <testcase name="arrays" classname="de.uka.ilkd.key.proof.runallproofs.RunAllProofsFunctional" time="55.225"/>
  <testcase name="javadl" classname="de.uka.ilkd.key.proof.runallproofs.RunAllProofsFunctional" time="614.885"/>
  <testcase name="FOL" classname="de.uka.ilkd.key.proof.runallproofs.RunAllProofsFunctional" time="287.95"/>
  <testcase name="strings" classname="de.uka.ilkd.key.proof.runallproofs.RunAllProofsFunctional" time="154.884"/>
  <testcase name="simple_info_flow" classname="de.uka.ilkd.key.proof.runallproofs.RunAllProofsFunctional" time="12.864"/>
  <testcase name="modelMethods" classname="de.uka.ilkd.key.proof.runallproofs.RunAllProofsFunctional" time="175.645"/>
  <testcase name="permissionHeap" classname="de.uka.ilkd.key.proof.runallproofs.RunAllProofsFunctional" time="788.994"/>
  <testcase name="completionScopes" classname="de.uka.ilkd.key.proof.runallproofs.RunAllProofsFunctional" time="49.928"/>
  <testcase name="reload_examples" classname="de.uka.ilkd.key.proof.runallproofs.RunAllProofsFunctional" time="40.831"/>
  <testcase name="proofLoadRepair" classname="de.uka.ilkd.key.proof.runallproofs.RunAllProofsFunctional" time="18.301"/>
  <testcase name="switch" classname="de.uka.ilkd.key.proof.runallproofs.RunAllProofsFunctional" time="60.564"/>
  <testcase name="redux" classname="de.uka.ilkd.key.proof.runallproofs.RunAllProofsFunctional" time="124.442"/>
  <system-out><![CDATA[401        INFO  Test worker     d.u.i.k.p.r.RunAllProofsTestUnit Running test newBook 
364        WARN  main            d.u.i.k.s.ProofSettings   No proof-settings could be loaded, using defaults java.io.FileNotFoundException: /home/runner/.key/proof-settings.props (No such file or directory)
	at java.base/java.io.FileInputStream.open0(Native Method)

369        INFO  Timeout watchdog d.u.i.k.p.r.p.ForkedTestFileRunner Timeout watcher launched (2000 secs.) 
418        INFO  main            d.u.i.k.p.r.p.TestFile    Now processing file /home/runner/work/key/key/key.core/../key.ui/examples/newBook/09.list_modelfield/ArrayList.add.key 
554        INFO  main            d.u.i.k.p.i.AbstractProblemLoader Loading environment from /home/runner/work/key/key/key.core/../key.ui/examples/newBook/09.list_modelfield/ArrayList.add.key 
570        DEBUG main            d.u.i.k.p.i.AbstractProblemLoader Environment load took 2.06ms 
781        INFO  main            d.u.i.k.p.i.AbstractProblemLoader Creating init config 
1630       DEBUG main            d.u.i.k.j.TypeConverter   No LDT found for Meta 
1631       DEBUG main            d.u.i.k.j.TypeConverter   No LDT found for Meta 
1634       DEBUG main            d.u.i.k.j.TypeConverter   No LDT found for Meta 
1635       DEBUG main            d.u.i.k.j.TypeConverter   No LDT found for Meta 
2924       DEBUG main            d.u.i.k.j.TypeConverter   No LDT found for JavaBigintExpression 
7969       DEBUG main            d.u.i.k.p.i.AbstractProblemLoader Init config took 7.19s 
8167       INFO  main            d.u.i.k.p.i.AbstractProblemLoader Replaying proof ArrayList[List::add(int)].JML normal_behavior operation contract.0 
8202       DEBUG main            d.u.i.k.p.i.IntermediateProofReplayer Proof replay took 35.7ns 
25017      INFO  main            d.u.i.k.p.r.p.TestFile    ... finished proof: closed. 
25260      INFO  main            d.u.i.k.p.i.AbstractProblemLoader Loading environment from /home/runner/work/key/key/key.core/../key.ui/examples/newBook/09.list_modelfield/ArrayList.add.key.proof 
25261      DEBUG main            d.u.i.k.p.i.AbstractProblemLoader Environment load took 145.2ns 
25270      INFO  main            d.u.i.k.p.i.AbstractProblemLoader Creating init config 
28243      DEBUG main            d.u.i.k.p.i.AbstractProblemLoader Init config took 2.97s 
28321      INFO  main            d.u.i.k.p.i.AbstractProblemLoader Replaying proof ArrayList[List::add(int)].JML normal_behavior operation contract.0 
29274      DEBUG main            d.u.i.k.p.i.IntermediateProofReplayer Proof replay took 868.27ms 
29287      DEBUG main            d.u.i.k.p.r.p.TestFile    ... success: reloaded. 
29289      INFO  main            d.u.i.k.p.r.p.TestFile    Now processing file /home/runner/work/key/key/key.core/../key.ui/examples/newBook/09.list_modelfield/ArrayList.remFirst.key 
29289      INFO  main            d.u.i.k.p.i.AbstractProblemLoader Loading environment from /home/runner/work/key/key/key.core/../key.ui/examples/newBook/09.list_modelfield/ArrayList.remFirst.key 
29290      DEBUG main            d.u.i.k.p.i.AbstractProblemLoader Environment load took 99.4ns 
29294      INFO  main            d.u.i.k.p.i.AbstractProblemLoader Creating init config 
32218      DEBUG main            d.u.i.k.p.i.AbstractProblemLoader Init config took 2.92s 
32276      INFO  main            d.u.i.k.p.i.AbstractProblemLoader Replaying proof ArrayList[List::remFirst()].JML normal_behavior operation contract.0 
32278      DEBUG main            d.u.i.k.p.i.IntermediateProofReplayer Proof replay took 11.6ns 
36143      INFO  main            d.u.i.k.p.r.p.TestFile    ... finished proof: closed. 
36321      INFO  main            d.u.i.k.p.i.AbstractProblemLoader Loading environment from /home/runner/work/key/key/key.core/../key.ui/examples/newBook/09.list_modelfield/ArrayList.remFirst.key.proof 
36321      DEBUG main            d.u.i.k.p.i.AbstractProblemLoader Environment load took 697.6ns 
36325      INFO  main            d.u.i.k.p.i.AbstractProblemLoader Creating init config 
39070      DEBUG main            d.u.i.k.p.i.AbstractProblemLoader Init config took 2.74s 
39121      INFO  main            d.u.i.k.p.i.AbstractProblemLoader Replaying proof ArrayList[List::remFirst()].JML normal_behavior operation contract.0 
39480      DEBUG main            d.u.i.k.p.i.IntermediateProofReplayer Proof replay took 340.22ms 
39486      DEBUG main            d.u.i.k.p.r.p.TestFile    ... success: reloaded. 
39487      INFO  main            d.u.i.k.p.r.p.TestFile    Now processing file /home/runner/work/key/key/key.core/../key.ui/examples/newBook/09.list_modelfield/ArrayList.empty.key 
39488      INFO  main            d.u.i.k.p.i.AbstractProblemLoader Loading environment from /home/runner/work/key/key/key.core/../key.ui/examples/newBook/09.list_modelfield/ArrayList.empty.key 
39488      DEBUG main            d.u.i.k.p.i.AbstractProblemLoader Environment load took 370.5ns 
39490      INFO  main            d.u.i.k.p.i.AbstractProblemLoader Creating init config 
42285      DEBUG main            d.u.i.k.p.i.AbstractProblemLoader Init config took 2.79s 
42330      INFO  main            d.u.i.k.p.i.AbstractProblemLoader Replaying proof ArrayList[List::empty()].JML normal_behavior operation contract.0 
42332      DEBUG main            d.u.i.k.p.i.IntermediateProofReplayer Proof replay took 5.3ns 
43346      INFO  main            d.u.i.k.p.r.p.TestFile    ... finished proof: closed. 
43534      INFO  main            d.u.i.k.p.i.AbstractProblemLoader Loading environment from /home/runner/work/key/key/key.core/../key.ui/examples/newBook/09.list_modelfield/ArrayList.empty.key.proof 
43535      DEBUG main            d.u.i.k.p.i.AbstractProblemLoader Environment load took 681.3ns 
43536      INFO  main            d.u.i.k.p.i.AbstractProblemLoader Creating init config 
46242      DEBUG main            d.u.i.k.p.i.AbstractProblemLoader Init config took 2.71s 
46291      INFO  main            d.u.i.k.p.i.AbstractProblemLoader Replaying proof ArrayList[List::empty()].JML normal_behavior operation contract.0 
46381      DEBUG main            d.u.i.k.p.i.IntermediateProofReplayer Proof replay took 82.26ms 
46388      DEBUG main            d.u.i.k.p.r.p.TestFile    ... success: reloaded. 
46390      INFO  main            d.u.i.k.p.r.p.TestFile    Now processing file /home/runner/work/key/key/key.core/../key.ui/examples/newBook/09.list_modelfield/ArrayList.size.key 
46391      INFO  main            d.u.i.k.p.i.AbstractProblemLoader Loading environment from /home/runner/work/key/key/key.core/../key.ui/examples/newBook/09.list_modelfield/ArrayList.size.key 
46391      DEBUG main            d.u.i.k.p.i.AbstractProblemLoader Environment load took 90.9ns 
46392      INFO  main            d.u.i.k.p.i.AbstractProblemLoader Creating init config 
49087      DEBUG main            d.u.i.k.p.i.AbstractProblemLoader Init config took 2.69s 
49157      INFO  main            d.u.i.k.p.i.AbstractProblemLoader Replaying proof ArrayList[List::size()].JML normal_behavior operation contract.0 
49160      DEBUG main            d.u.i.k.p.i.IntermediateProofReplayer Proof replay took 5.6ns 
49563      INFO  main            d.u.i.k.p.r.p.TestFile    ... finished proof: closed. 
49722      INFO  main            d.u.i.k.p.i.AbstractProblemLoader Loading environment from /home/runner/work/key/key/key.core/../key.ui/examples/newBook/09.list_modelfield/ArrayList.size.key.proof 
49722      DEBUG main            d.u.i.k.p.i.AbstractProblemLoader Environment load took 108.2ns 
49724      INFO  main            d.u.i.k.p.i.AbstractProblemLoader Creating init config 
52375      DEBUG main            d.u.i.k.p.i.AbstractProblemLoader Init config took 2.65s 
52421      INFO  main            d.u.i.k.p.i.AbstractProblemLoader Replaying proof ArrayList[List::size()].JML normal_behavior operation contract.0 
52458      DEBUG main            d.u.i.k.p.i.IntermediateProofReplayer Proof replay took 33.86ms 
52459      DEBUG main            d.u.i.k.p.r.p.TestFile    ... success: reloaded. 
52461      INFO  main            d.u.i.k.p.r.p.TestFile    Now processing file /home/runner/work/key/key/key.core/../key.ui/examples/newBook/09.list_modelfield/ArrayList.get.key 
52461      INFO  main            d.u.i.k.p.i.AbstractProblemLoader Loading environment from /home/runner/work/key/key/key.core/../key.ui/examples/newBook/09.list_modelfield/ArrayList.get.key 
52461      DEBUG main            d.u.i.k.p.i.AbstractProblemLoader Environment load took 60ns 
52462      INFO  main            d.u.i.k.p.i.AbstractProblemLoader Creating init config 
55132      DEBUG main            d.u.i.k.p.i.AbstractProblemLoader Init config took 2.67s 
55175      INFO  main            d.u.i.k.p.i.AbstractProblemLoader Replaying proof ArrayList[List::get(int)].JML normal_behavior operation contract.0 
55176      DEBUG main            d.u.i.k.p.i.IntermediateProofReplayer Proof replay took 5.1ns 
56081      INFO  main            d.u.i.k.p.r.p.TestFile    ... finished proof: closed. 
56235      INFO  main            d.u.i.k.p.i.AbstractProblemLoader Loading environment from /home/runner/work/key/key/key.core/../key.ui/examples/newBook/09.list_modelfield/ArrayList.get.key.proof 
56236      DEBUG main            d.u.i.k.p.i.AbstractProblemLoader Environment load took 120.4ns 
56237      INFO  main            d.u.i.k.p.i.AbstractProblemLoader Creating init config 
58862      DEBUG main            d.u.i.k.p.i.AbstractProblemLoader Init config took 2.63s 
58905      INFO  main            d.u.i.k.p.i.AbstractProblemLoader Replaying proof ArrayList[List::get(int)].JML normal_behavior operation contract.0 
58962      DEBUG main            d.u.i.k.p.i.IntermediateProofReplayer Proof replay took 50.48ms 
58964      DEBUG main            d.u.i.k.p.r.p.TestFile    ... success: reloaded. 
59604      INFO  Test worker     d.u.i.k.p.r.RunAllProofsTestUnit Returning from test newBook 
59608      INFO  Test worker     d.u.i.k.p.r.RunAllProofsTestUnit Running test oldBook 
328        INFO  Timeout watchdog d.u.i.k.p.r.p.ForkedTestFileRunner Timeout watcher launched (2000 secs.) 
340        WARN  main            d.u.i.k.s.ProofSettings   The settings in /home/runner/.key/proof-settings.props are *not* read. 
367        INFO  main            d.u.i.k.p.r.p.TestFile    Now processing file /home/runner/work/key/key/key.core/../key.ui/examples/standard_key/BookExamples/02FirstOrderLogic/Ex2.58.key 
507        INFO  main            d.u.i.k.p.i.AbstractProblemLoader Loading environment from /home/runner/work/key/key/key.core/../key.ui/examples/standard_key/BookExamples/02FirstOrderLogic/Ex2.58.key 
526        DEBUG main            d.u.i.k.p.i.AbstractProblemLoader Environment load took 2.01ms 
794        INFO  main            d.u.i.k.p.i.AbstractProblemLoader Creating init config 
1769       DEBUG main            d.u.i.k.j.TypeConverter   No LDT found for Meta 
1771       DEBUG main            d.u.i.k.j.TypeConverter   No LDT found for Meta 
1773       DEBUG main            d.u.i.k.j.TypeConverter   No LDT found for Meta 
1773       DEBUG main            d.u.i.k.j.TypeConverter   No LDT found for Meta 
3287       DEBUG main            d.u.i.k.j.TypeConverter   No LDT found for JavaBigintExpression 
8349       DEBUG main            d.u.i.k.p.i.AbstractProblemLoader Init config took 7.55s 
8430       INFO  main            d.u.i.k.p.i.AbstractProblemLoader Replaying proof Ex2.58.key 
8463       DEBUG main            d.u.i.k.p.i.IntermediateProofReplayer Proof replay took 34.8ns 
8625       INFO  main            d.u.i.k.p.r.p.TestFile    ... finished proof: closed. 
8712       INFO  main            d.u.i.k.p.i.AbstractProblemLoader Loading environment from /home/runner/work/key/key/key.core/../key.ui/examples/standard_key/BookExamples/02FirstOrderLogic/Ex2.58.key.proof 
8713       DEBUG main            d.u.i.k.p.i.AbstractProblemLoader Environment load took 134.2ns 
8717       INFO  main            d.u.i.k.p.i.AbstractProblemLoader Creating init config 
11429      DEBUG main            d.u.i.k.p.i.AbstractProblemLoader Init config took 2.71s 
11473      INFO  main            d.u.i.k.p.i.AbstractProblemLoader Replaying proof Ex2.58.key.proof 
11480      DEBUG main            d.u.i.k.p.i.IntermediateProofReplayer Proof replay took 2.56ms 
11490      DEBUG main            d.u.i.k.p.r.p.TestFile    ... success: reloaded. 
11491      INFO  main            d.u.i.k.p.r.p.TestFile    Now processing file /home/runner/work/key/key/key.core/../key.ui/examples/standard_key/BookExamples/03DynamicLogic/Sect3.3.1.key 
11491      INFO  main            d.u.i.k.p.i.AbstractProblemLoader Loading environment from /home/runner/work/key/key/key.core/../key.ui/examples/standard_key/BookExamples/03DynamicLogic/Sect3.3.1.key 
11491      DEBUG main            d.u.i.k.p.i.AbstractProblemLoader Environment load took 76.4ns 
11493      INFO  main            d.u.i.k.p.i.AbstractProblemLoader Creating init config 
14061      DEBUG main            d.u.i.k.p.i.AbstractProblemLoader Init config took 2.57s 
14094      INFO  main            d.u.i.k.p.i.AbstractProblemLoader Replaying proof Sect3.3.1.key 
14097      DEBUG main            d.u.i.k.p.i.IntermediateProofReplayer Proof replay took 6.1ns 
14507      INFO  main            d.u.i.k.p.r.p.TestFile    ... finished proof: closed. 
14630      INFO  main            d.u.i.k.p.i.AbstractProblemLoader Loading environment from /home/runner/work/key/key/key.core/../key.ui/examples/standard_key/BookExamples/03DynamicLogic/Sect3.3.1.key.proof 
14631      DEBUG main            d.u.i.k.p.i.AbstractProblemLoader Environment load took 114.5ns 
14633      INFO  main            d.u.i.k.p.i.AbstractProblemLoader Creating init config 
17145      DEBUG main            d.u.i.k.p.i.AbstractProblemLoader Init config took 2.51s 
17168      INFO  main            d.u.i.k.p.i.AbstractProblemLoader Replaying proof Sect3.3.1.key.proof 
17213      DEBUG main            d.u.i.k.p.i.IntermediateProofReplayer Proof replay took 41.61ms 
17214      DEBUG main            d.u.i.k.p.r.p.TestFile    ... success: reloaded. 
77018      INFO  Test worker     d.u.i.k.p.r.RunAllProofsTestUnit Returning from test oldBook 
77019      INFO  Test worker     d.u.i.k.p.r.RunAllProofsTestUnit Running test comprehensions 
341        INFO  Timeout watchdog d.u.i.k.p.r.p.ForkedTestFileRunner Timeout watcher launched (2000 secs.) 
347        WARN  main            d.u.i.k.s.ProofSettings   The settings in /home/runner/.key/proof-settings.props are *not* read. 
377        INFO  main            d.u.i.k.p.r.p.TestFile    Now processing file /home/runner/work/key/key/key.core/../key.ui/examples/heap/comprehensions/general_sum.key 
477        INFO  main            d.u.i.k.p.i.AbstractProblemLoader Loading environment from /home/runner/work/key/key/key.core/../key.ui/examples/heap/comprehensions/general_sum.key 
503        DEBUG main            d.u.i.k.p.i.AbstractProblemLoader Environment load took 2.05ms 
764        INFO  main            d.u.i.k.p.i.AbstractProblemLoader Creating init config 
1691       DEBUG main            d.u.i.k.j.TypeConverter   No LDT found for Meta 
1692       DEBUG main            d.u.i.k.j.TypeConverter   No LDT found for Meta 
1728       DEBUG main            d.u.i.k.j.TypeConverter   No LDT found for Meta 
1728       DEBUG main            d.u.i.k.j.TypeConverter   No LDT found for Meta 
3111       DEBUG main            d.u.i.k.j.TypeConverter   No LDT found for JavaBigintExpression 
8368       DEBUG main            d.u.i.k.p.i.AbstractProblemLoader Init config took 7.6s 
8485       INFO  main            d.u.i.k.p.i.AbstractProblemLoader Replaying proof GSum[GSum::doNothing()].JML operation contract.0 
8520       DEBUG main            d.u.i.k.p.i.IntermediateProofReplayer Proof replay took 31.7ns 
8894       INFO  main            d.u.i.k.p.r.p.TestFile    ... finished proof: closed. 
9005       INFO  main            d.u.i.k.p.i.AbstractProblemLoader Loading environment from /home/runner/work/key/key/key.core/../key.ui/examples/heap/comprehensions/general_sum.key.proof 
9005       DEBUG main            d.u.i.k.p.i.AbstractProblemLoader Environment load took 140.6ns 
9007       INFO  main            d.u.i.k.p.i.AbstractProblemLoader Creating init config 
11838      DEBUG main            d.u.i.k.p.i.AbstractProblemLoader Init config took 2.83s 
11900      INFO  main            d.u.i.k.p.i.AbstractProblemLoader Replaying proof GSum[GSum::doNothing()].JML operation contract.0 
11916      DEBUG main            d.u.i.k.p.i.IntermediateProofReplayer Proof replay took 10.74ms 
11922      DEBUG main            d.u.i.k.p.r.p.TestFile    ... success: reloaded. 
11923      INFO  main            d.u.i.k.p.r.p.TestFile    Now processing file /home/runner/work/key/key/key.core/../key.ui/examples/heap/comprehensions/sum0.key 
11924      INFO  main            d.u.i.k.p.i.AbstractProblemLoader Loading environment from /home/runner/work/key/key/key.core/../key.ui/examples/heap/comprehensions/sum0.key 
11924      DEBUG main            d.u.i.k.p.i.AbstractProblemLoader Environment load took 88.6ns 
11926      INFO  main            d.u.i.k.p.i.AbstractProblemLoader Creating init config 
14616      DEBUG main            d.u.i.k.p.i.AbstractProblemLoader Init config took 2.69s 
14687      INFO  main            d.u.i.k.p.i.AbstractProblemLoader Replaying proof Sum[Sum::sum0([I)].JML normal_behavior operation contract.0 
14690      DEBUG main            d.u.i.k.p.i.IntermediateProofReplayer Proof replay took 6.4ns 
14786      DEBUG Thread-4        d.u.i.k.l.l.OriginTermLabel commonFileName is null! 
14786      DEBUG Thread-4        d.u.i.k.l.l.OriginTermLabel commonFileName is null! 
14969      DEBUG Thread-4        d.u.i.k.l.l.OriginTermLabel commonFileName is null! 
14970      DEBUG Thread-4        d.u.i.k.l.l.OriginTermLabel commonFileName is null! 
15133      DEBUG Thread-4        d.u.i.k.l.l.OriginTermLabel commonFileName is null! 
15398      INFO  main            d.u.i.k.p.r.p.TestFile    ... finished proof: closed. 
15566      INFO  main            d.u.i.k.p.i.AbstractProblemLoader Loading environment from /home/runner/work/key/key/key.core/../key.ui/examples/heap/comprehensions/sum0.key.proof 
15566      DEBUG main            d.u.i.k.p.i.AbstractProblemLoader Environment load took 630.1ns 
15569      INFO  main            d.u.i.k.p.i.AbstractProblemLoader Creating init config 
18195      DEBUG main            d.u.i.k.p.i.AbstractProblemLoader Init config took 2.63s 
18253      INFO  main            d.u.i.k.p.i.AbstractProblemLoader Replaying proof Sum[Sum::sum0([I)].JML normal_behavior operation contract.0 
18282      DEBUG main            d.u.i.k.l.l.OriginTermLabel commonFileName is null! 
18283      DEBUG main            d.u.i.k.l.l.OriginTermLabel commonFileName is null! 
18322      DEBUG main            d.u.i.k.l.l.OriginTermLabel commonFileName is null! 
18347      DEBUG main            d.u.i.k.l.l.OriginTermLabel commonFileName is null! 
18348      DEBUG main            d.u.i.k.l.l.OriginTermLabel commonFileName is null! 
18351      DEBUG main            d.u.i.k.p.i.IntermediateProofReplayer Proof replay took 92.49ms 
18353      DEBUG main            d.u.i.k.p.r.p.TestFile    ... success: reloaded. 
18354      INFO  main            d.u.i.k.p.r.p.TestFile    Now processing file /home/runner/work/key/key/key.core/../key.ui/examples/heap/comprehensions/sum1.key 
18355      INFO  main            d.u.i.k.p.i.AbstractProblemLoader Loading environment from /home/runner/work/key/key/key.core/../key.ui/examples/heap/comprehensions/sum1.key 
18355      DEBUG main            d.u.i.k.p.i.AbstractProblemLoader Environment load took 337.4ns 
18356      INFO  main            d.u.i.k.p.i.AbstractProblemLoader Creating init config 
20996      DEBUG main            d.u.i.k.p.i.AbstractProblemLoader Init config took 2.64s 
21042      INFO  main            d.u.i.k.p.i.AbstractProblemLoader Replaying proof Sum[Sum::sum1([I)].JML normal_behavior operation contract.0 
21044      DEBUG main            d.u.i.k.p.i.IntermediateProofReplayer Proof replay took 6.1ns 
21098      DEBUG Thread-7        d.u.i.k.l.l.OriginTermLabel commonFileName is null! 
21098      DEBUG Thread-7        d.u.i.k.l.l.OriginTermLabel commonFileName is null! 
21230      DEBUG Thread-7        d.u.i.k.l.l.OriginTermLabel commonFileName is null! 
21230      DEBUG Thread-7        d.u.i.k.l.l.OriginTermLabel commonFileName is null! 
21345      DEBUG Thread-7        d.u.i.k.l.l.OriginTermLabel commonFileName is null! 
21548      INFO  main            d.u.i.k.p.r.p.TestFile    ... finished proof: closed. 
21716      INFO  main            d.u.i.k.p.i.AbstractProblemLoader Loading environment from /home/runner/work/key/key/key.core/../key.ui/examples/heap/comprehensions/sum1.key.proof 
21716      DEBUG main            d.u.i.k.p.i.AbstractProblemLoader Environment load took 765.9ns 
21718      INFO  main            d.u.i.k.p.i.AbstractProblemLoader Creating init config 
24262      DEBUG main            d.u.i.k.p.i.AbstractProblemLoader Init config took 2.54s 
24306      INFO  main            d.u.i.k.p.i.AbstractProblemLoader Replaying proof Sum[Sum::sum1([I)].JML normal_behavior operation contract.0 
24336      DEBUG main            d.u.i.k.l.l.OriginTermLabel commonFileName is null! 
24337      DEBUG main            d.u.i.k.l.l.OriginTermLabel commonFileName is null! 
24378      DEBUG main            d.u.i.k.l.l.OriginTermLabel commonFileName is null! 
24410      DEBUG main            d.u.i.k.l.l.OriginTermLabel commonFileName is null! 
24411      DEBUG main            d.u.i.k.l.l.OriginTermLabel commonFileName is null! 
24413      DEBUG main            d.u.i.k.p.i.IntermediateProofReplayer Proof replay took 102.24ms 
24415      DEBUG main            d.u.i.k.p.r.p.TestFile    ... success: reloaded. 
24417      INFO  main            d.u.i.k.p.r.p.TestFile    Now processing file /home/runner/work/key/key/key.core/../key.ui/examples/heap/comprehensions/sum2.key 
24417      INFO  main            d.u.i.k.p.i.AbstractProblemLoader Loading environment from /home/runner/work/key/key/key.core/../key.ui/examples/heap/comprehensions/sum2.key 
24418      DEBUG main            d.u.i.k.p.i.AbstractProblemLoader Environment load took 522.3ns 
24419      INFO  main            d.u.i.k.p.i.AbstractProblemLoader Creating init config 
27024      DEBUG main            d.u.i.k.p.i.AbstractProblemLoader Init config took 2.61s 
27067      INFO  main            d.u.i.k.p.i.AbstractProblemLoader Replaying proof Sum[Sum::sum2([I)].JML normal_behavior operation contract.0 
27069      DEBUG main            d.u.i.k.p.i.IntermediateProofReplayer Proof replay took 6.3ns 
27115      DEBUG Thread-10       d.u.i.k.l.l.OriginTermLabel commonFileName is null! 
27115      DEBUG Thread-10       d.u.i.k.l.l.OriginTermLabel commonFileName is null! 
27222      DEBUG Thread-10       d.u.i.k.l.l.OriginTermLabel commonFileName is null! 
27223      DEBUG Thread-10       d.u.i.k.l.l.OriginTermLabel commonFileName is null! 
27301      DEBUG Thread-10       d.u.i.k.l.l.OriginTermLabel commonFileName is null! 
27474      INFO  main            d.u.i.k.p.r.p.TestFile    ... finished proof: closed. 
27667      INFO  main            d.u.i.k.p.i.AbstractProblemLoader Loading environment from /home/runner/work/key/key/key.core/../key.ui/examples/heap/comprehensions/sum2.key.proof 
27667      DEBUG main            d.u.i.k.p.i.AbstractProblemLoader Environment load took 115.7ns 
27668      INFO  main            d.u.i.k.p.i.AbstractProblemLoader Creating init config 
30197      DEBUG main            d.u.i.k.p.i.AbstractProblemLoader Init config took 2.53s 
30254      INFO  main            d.u.i.k.p.i.AbstractProblemLoader Replaying proof Sum[Sum::sum2([I)].JML normal_behavior operation contract.0 
30276      DEBUG main            d.u.i.k.l.l.OriginTermLabel commonFileName is null! 
30276      DEBUG main            d.u.i.k.l.l.OriginTermLabel commonFileName is null! 
30301      DEBUG main            d.u.i.k.l.l.OriginTermLabel commonFileName is null! 
30320      DEBUG main            d.u.i.k.l.l.OriginTermLabel commonFileName is null! 
30320      DEBUG main            d.u.i.k.l.l.OriginTermLabel commonFileName is null! 
30322      DEBUG main            d.u.i.k.p.i.IntermediateProofReplayer Proof replay took 64.5ms 
30323      DEBUG main            d.u.i.k.p.r.p.TestFile    ... success: reloaded. 
30323      INFO  main            d.u.i.k.p.r.p.TestFile    Now processing file /home/runner/work/key/key/key.core/../key.ui/examples/heap/comprehensions/sum3.key 
30324      INFO  main            d.u.i.k.p.i.AbstractProblemLoader Loading environment from /home/runner/work/key/key/key.core/../key.ui/examples/heap/comprehensions/sum3.key 
30324      DEBUG main            d.u.i.k.p.i.AbstractProblemLoader Environment load took 224.3ns 
30325      INFO  main            d.u.i.k.p.i.AbstractProblemLoader Creating init config 
32878      DEBUG main            d.u.i.k.p.i.AbstractProblemLoader Init config took 2.55s 
32926      INFO  main            d.u.i.k.p.i.AbstractProblemLoader Replaying proof Sum[Sum::sum3([I)].JML normal_behavior operation contract.0 
32928      DEBUG main            d.u.i.k.p.i.IntermediateProofReplayer Proof replay took 6.7ns 
32982      DEBUG Thread-13       d.u.i.k.l.l.OriginTermLabel commonFileName is null! 
32983      DEBUG Thread-13       d.u.i.k.l.l.OriginTermLabel commonFileName is null! 
33101      DEBUG Thread-13       d.u.i.k.l.l.OriginTermLabel commonFileName is null! 
33101      DEBUG Thread-13       d.u.i.k.l.l.OriginTermLabel commonFileName is null! 
33182      DEBUG Thread-13       d.u.i.k.l.l.OriginTermLabel commonFileName is null! 
33331      INFO  main            d.u.i.k.p.r.p.TestFile    ... finished proof: closed. 
33488      INFO  main            d.u.i.k.p.i.AbstractProblemLoader Loading environment from /home/runner/work/key/key/key.core/../key.ui/examples/heap/comprehensions/sum3.key.proof 
33491      DEBUG main            d.u.i.k.p.i.AbstractProblemLoader Environment load took 2.91ms 
33497      INFO  main            d.u.i.k.p.i.AbstractProblemLoader Creating init config 
36019      DEBUG main            d.u.i.k.p.i.AbstractProblemLoader Init config took 2.52s 
36061      INFO  main            d.u.i.k.p.i.AbstractProblemLoader Replaying proof Sum[Sum::sum3([I)].JML normal_behavior operation contract.0 
36086      DEBUG main            d.u.i.k.l.l.OriginTermLabel commonFileName is null! 
36087      DEBUG main            d.u.i.k.l.l.OriginTermLabel commonFileName is null! 
36114      DEBUG main            d.u.i.k.l.l.OriginTermLabel commonFileName is null! 
36148      DEBUG main            d.u.i.k.l.l.OriginTermLabel commonFileName is null! 
36151      DEBUG main            d.u.i.k.l.l.OriginTermLabel commonFileName is null! 
36154      DEBUG main            d.u.i.k.p.i.IntermediateProofReplayer Proof replay took 89.07ms 
36156      DEBUG main            d.u.i.k.p.r.p.TestFile    ... success: reloaded. 
36160      INFO  main            d.u.i.k.p.r.p.TestFile    Now processing file /home/runner/work/key/key/key.core/../key.ui/examples/heap/comprehensions/segsum.key 
36161      INFO  main            d.u.i.k.p.i.AbstractProblemLoader Loading environment from /home/runner/work/key/key/key.core/../key.ui/examples/heap/comprehensions/segsum.key 
36162      DEBUG main            d.u.i.k.p.i.AbstractProblemLoader Environment load took 1.89ms 
36165      INFO  main            d.u.i.k.p.i.AbstractProblemLoader Creating init config 
38671      DEBUG main            d.u.i.k.p.i.AbstractProblemLoader Init config took 2.51s 
38712      INFO  main            d.u.i.k.p.i.AbstractProblemLoader Replaying proof SegSum[SegSum::segSum([I,int,int)].JML normal_behavior operation contract.0 
38715      DEBUG main            d.u.i.k.p.i.IntermediateProofReplayer Proof replay took 6.7ns 
39119      INFO  main            d.u.i.k.p.r.p.TestFile    ... finished proof: closed. 
39275      INFO  main            d.u.i.k.p.i.AbstractProblemLoader Loading environment from /home/runner/work/key/key/key.core/../key.ui/examples/heap/comprehensions/segsum.key.proof 
39277      DEBUG main            d.u.i.k.p.i.AbstractProblemLoader Environment load took 2.21ms 
39278      INFO  main            d.u.i.k.p.i.AbstractProblemLoader Creating init config 
41759      DEBUG main            d.u.i.k.p.i.AbstractProblemLoader Init config took 2.48s 
41804      INFO  main            d.u.i.k.p.i.AbstractProblemLoader Replaying proof SegSum[SegSum::segSum([I,int,int)].JML normal_behavior operation contract.0 
41868      DEBUG main            d.u.i.k.p.i.IntermediateProofReplayer Proof replay took 60.66ms 
41870      DEBUG main            d.u.i.k.p.r.p.TestFile    ... success: reloaded. 
41872      INFO  main            d.u.i.k.p.r.p.TestFile    Now processing file /home/runner/work/key/key/key.core/../key.ui/examples/heap/comprehensions/bsum_negative.key 
41873      INFO  main            d.u.i.k.p.i.AbstractProblemLoader Loading environment from /home/runner/work/key/key/key.core/../key.ui/examples/heap/comprehensions/bsum_negative.key 
41874      DEBUG main            d.u.i.k.p.i.AbstractProblemLoader Environment load took 352.7ns 
41877      INFO  main            d.u.i.k.p.i.AbstractProblemLoader Creating init config 
44239      DEBUG main            d.u.i.k.p.i.AbstractProblemLoader Init config took 2.36s 
44262      INFO  main            d.u.i.k.p.i.AbstractProblemLoader Replaying proof bsum_negative.key 
44263      DEBUG main            d.u.i.k.p.i.IntermediateProofReplayer Proof replay took 7ns 
44369      INFO  main            d.u.i.k.p.r.p.TestFile    ... finished proof: closed. 
44540      INFO  main            d.u.i.k.p.i.AbstractProblemLoader Loading environment from /home/runner/work/key/key/key.core/../key.ui/examples/heap/comprehensions/bsum_negative.key.proof 
44541      DEBUG main            d.u.i.k.p.i.AbstractProblemLoader Environment load took 103ns 
44542      INFO  main            d.u.i.k.p.i.AbstractProblemLoader Creating init config 
46858      DEBUG main            d.u.i.k.p.i.AbstractProblemLoader Init config took 2.32s 
46877      INFO  main            d.u.i.k.p.i.AbstractProblemLoader Replaying proof bsum_negative.key.proof 
46879      DEBUG main            d.u.i.k.p.i.IntermediateProofReplayer Proof replay took 968.9ns 
46880      DEBUG main            d.u.i.k.p.r.p.TestFile    ... success: reloaded. 
46881      INFO  main            d.u.i.k.p.r.p.TestFile    Now processing file /home/runner/work/key/key/key.core/../key.ui/examples/heap/comprehensions/bsum_neg2.key 
46882      INFO  main            d.u.i.k.p.i.AbstractProblemLoader Loading environment from /home/runner/work/key/key/key.core/../key.ui/examples/heap/comprehensions/bsum_neg2.key 
46882      DEBUG main            d.u.i.k.p.i.AbstractProblemLoader Environment load took 276.2ns 
46883      INFO  main            d.u.i.k.p.i.AbstractProblemLoader Creating init config 
49252      DEBUG main            d.u.i.k.p.i.AbstractProblemLoader Init config took 2.37s 
49269      INFO  main            d.u.i.k.p.i.AbstractProblemLoader Replaying proof bsum_neg2.key 
49271      DEBUG main            d.u.i.k.p.i.IntermediateProofReplayer Proof replay took 6.8ns 
49373      INFO  main            d.u.i.k.p.r.p.TestFile    ... finished proof: closed. 
49531      INFO  main            d.u.i.k.p.i.AbstractProblemLoader Loading environment from /home/runner/work/key/key/key.core/../key.ui/examples/heap/comprehensions/bsum_neg2.key.proof 
49531      DEBUG main            d.u.i.k.p.i.AbstractProblemLoader Environment load took 110.4ns 
49532      INFO  main            d.u.i.k.p.i.AbstractProblemLoader Creating init config 
51879      DEBUG main            d.u.i.k.p.i.AbstractProblemLoader Init config took 2.35s 
51895      INFO  main            d.u.i.k.p.i.AbstractProblemLoader Replaying proof bsum_neg2.key.proof 
51897      DEBUG main            d.u.i.k.p.i.IntermediateProofReplayer Proof replay took 609.6ns 
51897      DEBUG main            d.u.i.k.p.r.p.TestFile    ... success: reloaded. 
51898      INFO  main            d.u.i.k.p.r.p.TestFile    Now processing file /home/runner/work/key/key/key.core/../key.ui/examples/heap/comprehensions/bsumSplit.key 
51898      INFO  main            d.u.i.k.p.i.AbstractProblemLoader Loading environment from /home/runner/work/key/key/key.core/../key.ui/examples/heap/comprehensions/bsumSplit.key 
51898      DEBUG main            d.u.i.k.p.i.AbstractProblemLoader Environment load took 103.8ns 
51899      INFO  main            d.u.i.k.p.i.AbstractProblemLoader Creating init config 
54195      DEBUG main            d.u.i.k.p.i.AbstractProblemLoader Init config took 2.3s 
54210      INFO  main            d.u.i.k.p.i.AbstractProblemLoader Replaying proof bsumSplit.key 
54211      DEBUG main            d.u.i.k.p.i.IntermediateProofReplayer Proof replay took 6.5ns 
54317      INFO  main            d.u.i.k.p.r.p.TestFile    ... finished proof: closed. 
54476      INFO  main            d.u.i.k.p.i.AbstractProblemLoader Loading environment from /home/runner/work/key/key/key.core/../key.ui/examples/heap/comprehensions/bsumSplit.key.proof 
54476      DEBUG main            d.u.i.k.p.i.AbstractProblemLoader Environment load took 107.4ns 
54477      INFO  main            d.u.i.k.p.i.AbstractProblemLoader Creating init config 
56786      DEBUG main            d.u.i.k.p.i.AbstractProblemLoader Init config took 2.31s 
56802      INFO  main            d.u.i.k.p.i.AbstractProblemLoader Replaying proof bsumSplit.key.proof 
56810      DEBUG main            d.u.i.k.p.i.IntermediateProofReplayer Proof replay took 3.54ms 
56812      DEBUG main            d.u.i.k.p.r.p.TestFile    ... success: reloaded. 
56813      INFO  main            d.u.i.k.p.r.p.TestFile    Now processing file /home/runner/work/key/key/key.core/../key.ui/examples/heap/comprehensions/bprodSplit.key 
56813      INFO  main            d.u.i.k.p.i.AbstractProblemLoader Loading environment from /home/runner/work/key/key/key.core/../key.ui/examples/heap/comprehensions/bprodSplit.key 
56813      DEBUG main            d.u.i.k.p.i.AbstractProblemLoader Environment load took 285.1ns 
56815      INFO  main            d.u.i.k.p.i.AbstractProblemLoader Creating init config 
59187      DEBUG main            d.u.i.k.p.i.AbstractProblemLoader Init config took 2.37s 
59202      INFO  main            d.u.i.k.p.i.AbstractProblemLoader Replaying proof bprodSplit.key 
59203      DEBUG main            d.u.i.k.p.i.IntermediateProofReplayer Proof replay took 6.7ns 
59309      INFO  main            d.u.i.k.p.r.p.TestFile    ... finished proof: closed. 
59474      INFO  main            d.u.i.k.p.i.AbstractProblemLoader Loading environment from /home/runner/work/key/key/key.core/../key.ui/examples/heap/comprehensions/bprodSplit.key.proof 
59475      DEBUG main            d.u.i.k.p.i.AbstractProblemLoader Environment load took 100.8ns 
59475      INFO  main            d.u.i.k.p.i.AbstractProblemLoader Creating init config 
61799      DEBUG main            d.u.i.k.p.i.AbstractProblemLoader Init config took 2.32s 
61815      INFO  main            d.u.i.k.p.i.AbstractProblemLoader Replaying proof bprodSplit.key.proof 
61818      DEBUG main            d.u.i.k.p.i.IntermediateProofReplayer Proof replay took 1.74ms 
61819      DEBUG main            d.u.i.k.p.r.p.TestFile    ... success: reloaded. 
61820      INFO  main            d.u.i.k.p.r.p.TestFile    Now processing file /home/runner/work/key/key/key.core/../key.ui/examples/heap/comprehensions/bsumSplitInvalid.key 
61820      INFO  main            d.u.i.k.p.i.AbstractProblemLoader Loading environment from /home/runner/work/key/key/key.core/../key.ui/examples/heap/comprehensions/bsumSplitInvalid.key 
61820      DEBUG main            d.u.i.k.p.i.AbstractProblemLoader Environment load took 163.7ns 
61821      INFO  main            d.u.i.k.p.i.AbstractProblemLoader Creating init config 
64173      DEBUG main            d.u.i.k.p.i.AbstractProblemLoader Init config took 2.35s 
64188      INFO  main            d.u.i.k.p.i.AbstractProblemLoader Replaying proof bsumSplitInvalid.key 
64189      DEBUG main            d.u.i.k.p.i.IntermediateProofReplayer Proof replay took 5.9ns 
64293      INFO  main            d.u.i.k.p.r.p.TestFile    ... finished proof: open goal(s) 
141671     INFO  Test worker     d.u.i.k.p.r.RunAllProofsTestUnit Returning from test comprehensions 
141672     INFO  Test worker     d.u.i.k.p.r.RunAllProofsTestUnit Running test performance 
329        INFO  Timeout watchdog d.u.i.k.p.r.p.ForkedTestFileRunner Timeout watcher launched (2000 secs.) 
340        WARN  main            d.u.i.k.s.ProofSettings   The settings in /home/runner/.key/proof-settings.props are *not* read. 
383        INFO  main            d.u.i.k.p.r.p.TestFile    Now processing file /home/runner/work/key/key/key.core/../key.ui/examples/performance-test/Disjoint(Disjoint__disjoint_08()).JML_operation_contract.0.key 
518        INFO  main            d.u.i.k.p.i.AbstractProblemLoader Loading environment from /home/runner/work/key/key/key.core/../key.ui/examples/performance-test/Disjoint(Disjoint__disjoint_08()).JML_operation_contract.0.key 
545        DEBUG main            d.u.i.k.p.i.AbstractProblemLoader Environment load took 2.35ms 
779        INFO  main            d.u.i.k.p.i.AbstractProblemLoader Creating init config 
1749       DEBUG main            d.u.i.k.j.TypeConverter   No LDT found for Meta 
1750       DEBUG main            d.u.i.k.j.TypeConverter   No LDT found for Meta 
1753       DEBUG main            d.u.i.k.j.TypeConverter   No LDT found for Meta 
1754       DEBUG main            d.u.i.k.j.TypeConverter   No LDT found for Meta 
3148       DEBUG main            d.u.i.k.j.TypeConverter   No LDT found for JavaBigintExpression 
8687       DEBUG main            d.u.i.k.j.r.ClassPreparationMethodBuilder clPrepBuilder: Inner Class detected. Reject building class initialisation methods. 
16709      DEBUG main            d.u.i.k.p.i.AbstractProblemLoader Init config took 15.93s 
16894      INFO  main            d.u.i.k.p.i.AbstractProblemLoader Replaying proof Disjoint[Disjoint::disjoint_8()].JML operation contract.0 
16946      DEBUG main            d.u.i.k.p.i.IntermediateProofReplayer Proof replay took 399.5ns 
19590      INFO  main            d.u.i.k.p.r.p.TestFile    ... finished proof: closed. 
19790      INFO  main            d.u.i.k.p.i.AbstractProblemLoader Loading environment from /home/runner/work/key/key/key.core/../key.ui/examples/performance-test/Disjoint(Disjoint__disjoint_08()).JML_operation_contract.0.key.proof 
19790      DEBUG main            d.u.i.k.p.i.AbstractProblemLoader Environment load took 296.3ns 
19792      INFO  main            d.u.i.k.p.i.AbstractProblemLoader Creating init config 
23016      DEBUG main            d.u.i.k.j.r.ClassPreparationMethodBuilder clPrepBuilder: Inner Class detected. Reject building class initialisation methods. 
30189      DEBUG main            d.u.i.k.p.i.AbstractProblemLoader Init config took 10.4s 
30322      INFO  main            d.u.i.k.p.i.AbstractProblemLoader Replaying proof Disjoint[Disjoint::disjoint_8()].JML operation contract.0 
30657      DEBUG main            d.u.i.k.p.i.IntermediateProofReplayer Proof replay took 297.26ms 
30673      DEBUG main            d.u.i.k.p.r.p.TestFile    ... success: reloaded. 
30675      INFO  main            d.u.i.k.p.r.p.TestFile    Now processing file /home/runner/work/key/key/key.core/../key.ui/examples/performance-test/Disjoint(Disjoint__disjoint2_08()).JML_operation_contract.0.key 
30677      INFO  main            d.u.i.k.p.i.AbstractProblemLoader Loading environment from /home/runner/work/key/key/key.core/../key.ui/examples/performance-test/Disjoint(Disjoint__disjoint2_08()).JML_operation_contract.0.key 
30678      DEBUG main            d.u.i.k.p.i.AbstractProblemLoader Environment load took 137ns 
30679      INFO  main            d.u.i.k.p.i.AbstractProblemLoader Creating init config 
33779      DEBUG main            d.u.i.k.j.r.ClassPreparationMethodBuilder clPrepBuilder: Inner Class detected. Reject building class initialisation methods. 
40812      DEBUG main            d.u.i.k.p.i.AbstractProblemLoader Init config took 10.13s 
40904      INFO  main            d.u.i.k.p.i.AbstractProblemLoader Replaying proof Disjoint[Disjoint::disjoint2_8()].JML operation contract.0 
40908      DEBUG main            d.u.i.k.p.i.IntermediateProofReplayer Proof replay took 21.3ns 
41931      INFO  main            d.u.i.k.p.r.p.TestFile    ... finished proof: closed. 
42181      INFO  main            d.u.i.k.p.i.AbstractProblemLoader Loading environment from /home/runner/work/key/key/key.core/../key.ui/examples/performance-test/Disjoint(Disjoint__disjoint2_08()).JML_operation_contract.0.key.proof 
42186      DEBUG main            d.u.i.k.p.i.AbstractProblemLoader Environment load took 4.49ms 
42189      INFO  main            d.u.i.k.p.i.AbstractProblemLoader Creating init config 
45209      DEBUG main            d.u.i.k.j.r.ClassPreparationMethodBuilder clPrepBuilder: Inner Class detected. Reject building class initialisation methods. 
52139      DEBUG main            d.u.i.k.p.i.AbstractProblemLoader Init config took 9.95s 
52228      INFO  main            d.u.i.k.p.i.AbstractProblemLoader Replaying proof Disjoint[Disjoint::disjoint2_8()].JML operation contract.0 
52300      DEBUG main            d.u.i.k.p.i.IntermediateProofReplayer Proof replay took 68.15ms 
52302      DEBUG main            d.u.i.k.p.r.p.TestFile    ... success: reloaded. 
52303      INFO  main            d.u.i.k.p.r.p.TestFile    Now processing file /home/runner/work/key/key/key.core/../key.ui/examples/performance-test/AccessChain1(AccessChain1__foo_08()).JML_operation_contract.0.key 
52303      INFO  main            d.u.i.k.p.i.AbstractProblemLoader Loading environment from /home/runner/work/key/key/key.core/../key.ui/examples/performance-test/AccessChain1(AccessChain1__foo_08()).JML_operation_contract.0.key 
52303      DEBUG main            d.u.i.k.p.i.AbstractProblemLoader Environment load took 56.8ns 
52304      INFO  main            d.u.i.k.p.i.AbstractProblemLoader Creating init config 
55333      DEBUG main            d.u.i.k.j.r.ClassPreparationMethodBuilder clPrepBuilder: Inner Class detected. Reject building class initialisation methods. 
62308      DEBUG main            d.u.i.k.p.i.AbstractProblemLoader Init config took 10s 
62390      INFO  main            d.u.i.k.p.i.AbstractProblemLoader Replaying proof AccessChain1[AccessChain1::foo_8()].JML operation contract.0 
62392      DEBUG main            d.u.i.k.p.i.IntermediateProofReplayer Proof replay took 9.6ns 
64915      INFO  main            d.u.i.k.p.r.p.TestFile    ... finished proof: closed. 
65228      INFO  main            d.u.i.k.p.i.AbstractProblemLoader Loading environment from /home/runner/work/key/key/key.core/../key.ui/examples/performance-test/AccessChain1(AccessChain1__foo_08()).JML_operation_contract.0.key.proof 
65233      DEBUG main            d.u.i.k.p.i.AbstractProblemLoader Environment load took 4.24ms 
65240      INFO  main            d.u.i.k.p.i.AbstractProblemLoader Creating init config 
68164      DEBUG main            d.u.i.k.j.r.ClassPreparationMethodBuilder clPrepBuilder: Inner Class detected. Reject building class initialisation methods. 
74967      DEBUG main            d.u.i.k.p.i.AbstractProblemLoader Init config took 9.73s 
75064      INFO  main            d.u.i.k.p.i.AbstractProblemLoader Replaying proof AccessChain1[AccessChain1::foo_8()].JML operation contract.0 
75431      DEBUG main            d.u.i.k.p.i.IntermediateProofReplayer Proof replay took 352.15ms 
75433      DEBUG main            d.u.i.k.p.r.p.TestFile    ... success: reloaded. 
75434      INFO  main            d.u.i.k.p.r.p.TestFile    Now processing file /home/runner/work/key/key/key.core/../key.ui/examples/performance-test/AccessChain4(AccessChain4__foo_08()).JML_operation_contract.0.key 
75434      INFO  main            d.u.i.k.p.i.AbstractProblemLoader Loading environment from /home/runner/work/key/key/key.core/../key.ui/examples/performance-test/AccessChain4(AccessChain4__foo_08()).JML_operation_contract.0.key 
75434      DEBUG main            d.u.i.k.p.i.AbstractProblemLoader Environment load took 59.8ns 
75435      INFO  main            d.u.i.k.p.i.AbstractProblemLoader Creating init config 
78496      DEBUG main            d.u.i.k.j.r.ClassPreparationMethodBuilder clPrepBuilder: Inner Class detected. Reject building class initialisation methods. 
85384      DEBUG main            d.u.i.k.p.i.AbstractProblemLoader Init config took 9.95s 
85465      INFO  main            d.u.i.k.p.i.AbstractProblemLoader Replaying proof AccessChain4[AccessChain4::foo_8()].JML operation contract.0 
85467      DEBUG main            d.u.i.k.p.i.IntermediateProofReplayer Proof replay took 10.3ns 
91726      INFO  main            d.u.i.k.p.r.p.TestFile    ... finished proof: closed. 
92062      INFO  main            d.u.i.k.p.i.AbstractProblemLoader Loading environment from /home/runner/work/key/key/key.core/../key.ui/examples/performance-test/AccessChain4(AccessChain4__foo_08()).JML_operation_contract.0.key.proof 
92062      DEBUG main            d.u.i.k.p.i.AbstractProblemLoader Environment load took 123.8ns 
92068      INFO  main            d.u.i.k.p.i.AbstractProblemLoader Creating init config 
94998      DEBUG main            d.u.i.k.j.r.ClassPreparationMethodBuilder clPrepBuilder: Inner Class detected. Reject building class initialisation methods. 
101873     DEBUG main            d.u.i.k.p.i.AbstractProblemLoader Init config took 9.81s 
101953     INFO  main            d.u.i.k.p.i.AbstractProblemLoader Replaying proof AccessChain4[AccessChain4::foo_8()].JML operation contract.0 
102666     DEBUG main            d.u.i.k.p.i.IntermediateProofReplayer Proof replay took 683.56ms 
102668     DEBUG main            d.u.i.k.p.r.p.TestFile    ... success: reloaded. 
102675     INFO  main            d.u.i.k.p.r.p.TestFile    Now processing file /home/runner/work/key/key/key.core/../key.ui/examples/performance-test/Disjoint(Disjoint__xZero_08()).JML_operation_contract.0.key 
102676     INFO  main            d.u.i.k.p.i.AbstractProblemLoader Loading environment from /home/runner/work/key/key/key.core/../key.ui/examples/performance-test/Disjoint(Disjoint__xZero_08()).JML_operation_contract.0.key 
102676     DEBUG main            d.u.i.k.p.i.AbstractProblemLoader Environment load took 164.1ns 
102678     INFO  main            d.u.i.k.p.i.AbstractProblemLoader Creating init config 
105745     DEBUG main            d.u.i.k.j.r.ClassPreparationMethodBuilder clPrepBuilder: Inner Class detected. Reject building class initialisation methods. 
112652     DEBUG main            d.u.i.k.p.i.AbstractProblemLoader Init config took 9.97s 
112729     INFO  main            d.u.i.k.p.i.AbstractProblemLoader Replaying proof Disjoint[Disjoint::xZero_8()].JML operation contract.0 
112735     DEBUG main            d.u.i.k.p.i.IntermediateProofReplayer Proof replay took 10.9ns 
113752     INFO  main            d.u.i.k.p.r.p.TestFile    ... finished proof: closed. 
114087     INFO  main            d.u.i.k.p.i.AbstractProblemLoader Loading environment from /home/runner/work/key/key/key.core/../key.ui/examples/performance-test/Disjoint(Disjoint__xZero_08()).JML_operation_contract.0.key.proof 
114087     DEBUG main            d.u.i.k.p.i.AbstractProblemLoader Environment load took 123.9ns 
114088     INFO  main            d.u.i.k.p.i.AbstractProblemLoader Creating init config 
116982     DEBUG main            d.u.i.k.j.r.ClassPreparationMethodBuilder clPrepBuilder: Inner Class detected. Reject building class initialisation methods. 
123802     DEBUG main            d.u.i.k.p.i.AbstractProblemLoader Init config took 9.71s 
123879     INFO  main            d.u.i.k.p.i.AbstractProblemLoader Replaying proof Disjoint[Disjoint::xZero_8()].JML operation contract.0 
124064     DEBUG main            d.u.i.k.p.i.IntermediateProofReplayer Proof replay took 178.15ms 
124066     DEBUG main            d.u.i.k.p.r.p.TestFile    ... success: reloaded. 
124067     INFO  main            d.u.i.k.p.r.p.TestFile    Now processing file /home/runner/work/key/key/key.core/../key.ui/examples/performance-test/Dynamic(Dynamic__foo_08()).JML_operation_contract.0.key 
124067     INFO  main            d.u.i.k.p.i.AbstractProblemLoader Loading environment from /home/runner/work/key/key/key.core/../key.ui/examples/performance-test/Dynamic(Dynamic__foo_08()).JML_operation_contract.0.key 
124067     DEBUG main            d.u.i.k.p.i.AbstractProblemLoader Environment load took 98.8ns 
124068     INFO  main            d.u.i.k.p.i.AbstractProblemLoader Creating init config 
127027     DEBUG main            d.u.i.k.j.r.ClassPreparationMethodBuilder clPrepBuilder: Inner Class detected. Reject building class initialisation methods. 
133857     DEBUG main            d.u.i.k.p.i.AbstractProblemLoader Init config took 9.79s 
133934     INFO  main            d.u.i.k.p.i.AbstractProblemLoader Replaying proof Dynamic[Dynamic::foo_8()].JML operation contract.0 
133936     DEBUG main            d.u.i.k.p.i.IntermediateProofReplayer Proof replay took 10.8ns 
139494     INFO  main            d.u.i.k.p.r.p.TestFile    ... finished proof: closed. 
139847     INFO  main            d.u.i.k.p.i.AbstractProblemLoader Loading environment from /home/runner/work/key/key/key.core/../key.ui/examples/performance-test/Dynamic(Dynamic__foo_08()).JML_operation_contract.0.key.proof 
139847     DEBUG main            d.u.i.k.p.i.AbstractProblemLoader Environment load took 506.6ns 
139849     INFO  main            d.u.i.k.p.i.AbstractProblemLoader Creating init config 
142749     DEBUG main            d.u.i.k.j.r.ClassPreparationMethodBuilder clPrepBuilder: Inner Class detected. Reject building class initialisation methods. 
149529     DEBUG main            d.u.i.k.p.i.AbstractProblemLoader Init config took 9.68s 
149604     INFO  main            d.u.i.k.p.i.AbstractProblemLoader Replaying proof Dynamic[Dynamic::foo_8()].JML operation contract.0 
150024     DEBUG main            d.u.i.k.p.i.IntermediateProofReplayer Proof replay took 399.77ms 
150027     DEBUG main            d.u.i.k.p.r.p.TestFile    ... success: reloaded. 
150028     INFO  main            d.u.i.k.p.r.p.TestFile    Now processing file /home/runner/work/key/key/key.core/../key.ui/examples/performance-test/DynamicGhost(DynamicGhost__dynamicGhost_08()).JML_normal_behavior_operation_contract.0.key 
150028     INFO  main            d.u.i.k.p.i.AbstractProblemLoader Loading environment from /home/runner/work/key/key/key.core/../key.ui/examples/performance-test/DynamicGhost(DynamicGhost__dynamicGhost_08()).JML_normal_behavior_operation_contract.0.key 
150029     DEBUG main            d.u.i.k.p.i.AbstractProblemLoader Environment load took 285ns 
150030     INFO  main            d.u.i.k.p.i.AbstractProblemLoader Creating init config 
153037     DEBUG main            d.u.i.k.j.r.ClassPreparationMethodBuilder clPrepBuilder: Inner Class detected. Reject building class initialisation methods. 
159882     DEBUG main            d.u.i.k.p.i.AbstractProblemLoader Init config took 9.85s 
159959     INFO  main            d.u.i.k.p.i.AbstractProblemLoader Replaying proof DynamicGhost[DynamicGhost::dynamicGhost_8()].JML normal_behavior operation contract.0 
159961     DEBUG main            d.u.i.k.p.i.IntermediateProofReplayer Proof replay took 10.2ns 
164492     INFO  main            d.u.i.k.p.r.p.TestFile    ... finished proof: closed. 
164879     INFO  main            d.u.i.k.p.i.AbstractProblemLoader Loading environment from /home/runner/work/key/key/key.core/../key.ui/examples/performance-test/DynamicGhost(DynamicGhost__dynamicGhost_08()).JML_normal_behavior_operation_contract.0.key.proof 
164879     DEBUG main            d.u.i.k.p.i.AbstractProblemLoader Environment load took 126ns 
164881     INFO  main            d.u.i.k.p.i.AbstractProblemLoader Creating init config 
167757     DEBUG main            d.u.i.k.j.r.ClassPreparationMethodBuilder clPrepBuilder: Inner Class detected. Reject building class initialisation methods. 
174576     DEBUG main            d.u.i.k.p.i.AbstractProblemLoader Init config took 9.69s 
174656     INFO  main            d.u.i.k.p.i.AbstractProblemLoader Replaying proof DynamicGhost[DynamicGhost::dynamicGhost_8()].JML normal_behavior operation contract.0 
175113     DEBUG main            d.u.i.k.p.i.IntermediateProofReplayer Proof replay took 437.78ms 
175115     DEBUG main            d.u.i.k.p.r.p.TestFile    ... success: reloaded. 
175117     INFO  main            d.u.i.k.p.r.p.TestFile    Now processing file /home/runner/work/key/key/key.core/../key.ui/examples/performance-test/GhostFrame(GhostFrame__foo_08()).JML_operation_contract.0.key 
175117     INFO  main            d.u.i.k.p.i.AbstractProblemLoader Loading environment from /home/runner/work/key/key/key.core/../key.ui/examples/performance-test/GhostFrame(GhostFrame__foo_08()).JML_operation_contract.0.key 
175117     DEBUG main            d.u.i.k.p.i.AbstractProblemLoader Environment load took 293.8ns 
175126     INFO  main            d.u.i.k.p.i.AbstractProblemLoader Creating init config 
178159     DEBUG main            d.u.i.k.j.r.ClassPreparationMethodBuilder clPrepBuilder: Inner Class detected. Reject building class initialisation methods. 
185009     DEBUG main            d.u.i.k.p.i.AbstractProblemLoader Init config took 9.88s 
185083     INFO  main            d.u.i.k.p.i.AbstractProblemLoader Replaying proof GhostFrame[GhostFrame::foo_8()].JML operation contract.0 
185085     DEBUG main            d.u.i.k.p.i.IntermediateProofReplayer Proof replay took 11.3ns 
187110     INFO  main            d.u.i.k.p.r.p.TestFile    ... finished proof: closed. 
187497     INFO  main            d.u.i.k.p.i.AbstractProblemLoader Loading environment from /home/runner/work/key/key/key.core/../key.ui/examples/performance-test/GhostFrame(GhostFrame__foo_08()).JML_operation_contract.0.key.proof 
187498     DEBUG main            d.u.i.k.p.i.AbstractProblemLoader Environment load took 520.3ns 
187499     INFO  main            d.u.i.k.p.i.AbstractProblemLoader Creating init config 
190357     DEBUG main            d.u.i.k.j.r.ClassPreparationMethodBuilder clPrepBuilder: Inner Class detected. Reject building class initialisation methods. 
197190     DEBUG main            d.u.i.k.p.i.AbstractProblemLoader Init config took 9.69s 
197287     INFO  main            d.u.i.k.p.i.AbstractProblemLoader Replaying proof GhostFrame[GhostFrame::foo_8()].JML operation contract.0 
197540     DEBUG main            d.u.i.k.p.i.IntermediateProofReplayer Proof replay took 242.24ms 
197542     DEBUG main            d.u.i.k.p.r.p.TestFile    ... success: reloaded. 
197544     INFO  main            d.u.i.k.p.r.p.TestFile    Now processing file /home/runner/work/key/key/key.core/../key.ui/examples/performance-test/Modelfield(Modelfield__foo_08()).JML_operation_contract.0.key 
197544     INFO  main            d.u.i.k.p.i.AbstractProblemLoader Loading environment from /home/runner/work/key/key/key.core/../key.ui/examples/performance-test/Modelfield(Modelfield__foo_08()).JML_operation_contract.0.key 
197544     DEBUG main            d.u.i.k.p.i.AbstractProblemLoader Environment load took 281.7ns 
197545     INFO  main            d.u.i.k.p.i.AbstractProblemLoader Creating init config 
200515     DEBUG main            d.u.i.k.j.r.ClassPreparationMethodBuilder clPrepBuilder: Inner Class detected. Reject building class initialisation methods. 
207368     DEBUG main            d.u.i.k.p.i.AbstractProblemLoader Init config took 9.82s 
207440     INFO  main            d.u.i.k.p.i.AbstractProblemLoader Replaying proof Modelfield[Modelfield::foo_8()].JML operation contract.0 
207442     DEBUG main            d.u.i.k.p.i.IntermediateProofReplayer Proof replay took 6.2ns 
210554     INFO  main            d.u.i.k.p.r.p.TestFile    ... finished proof: closed. 
210962     INFO  main            d.u.i.k.p.i.AbstractProblemLoader Loading environment from /home/runner/work/key/key/key.core/../key.ui/examples/performance-test/Modelfield(Modelfield__foo_08()).JML_operation_contract.0.key.proof 
210962     DEBUG main            d.u.i.k.p.i.AbstractProblemLoader Environment load took 507.3ns 
210964     INFO  main            d.u.i.k.p.i.AbstractProblemLoader Creating init config 
213824     DEBUG main            d.u.i.k.j.r.ClassPreparationMethodBuilder clPrepBuilder: Inner Class detected. Reject building class initialisation methods. 
220632     DEBUG main            d.u.i.k.p.i.AbstractProblemLoader Init config took 9.67s 
220726     INFO  main            d.u.i.k.p.i.AbstractProblemLoader Replaying proof Modelfield[Modelfield::foo_8()].JML operation contract.0 
221016     DEBUG main            d.u.i.k.p.i.IntermediateProofReplayer Proof replay took 276.11ms 
221018     DEBUG main            d.u.i.k.p.r.p.TestFile    ... success: reloaded. 
362865     INFO  Test worker     d.u.i.k.p.r.RunAllProofsTestUnit Returning from test performance 
362866     INFO  Test worker     d.u.i.k.p.r.RunAllProofsTestUnit Running test performancePOConstruction 
340        INFO  Timeout watchdog d.u.i.k.p.r.p.ForkedTestFileRunner Timeout watcher launched (2000 secs.) 
348        WARN  main            d.u.i.k.s.ProofSettings   The settings in /home/runner/.key/proof-settings.props are *not* read. 
390        INFO  main            d.u.i.k.p.r.p.TestFile    Now processing file /home/runner/work/key/key/key.core/../key.ui/examples/performance-test/Test(Test__a0(int)).JML_normal_behavior_operation_contract.0.key 
507        INFO  main            d.u.i.k.p.i.AbstractProblemLoader Loading environment from /home/runner/work/key/key/key.core/../key.ui/examples/performance-test/Test(Test__a0(int)).JML_normal_behavior_operation_contract.0.key 
524        DEBUG main            d.u.i.k.p.i.AbstractProblemLoader Environment load took 1.95ms 
747        INFO  main            d.u.i.k.p.i.AbstractProblemLoader Creating init config 
1759       DEBUG main            d.u.i.k.j.TypeConverter   No LDT found for Meta 
1759       DEBUG main            d.u.i.k.j.TypeConverter   No LDT found for Meta 
1763       DEBUG main            d.u.i.k.j.TypeConverter   No LDT found for Meta 
1763       DEBUG main            d.u.i.k.j.TypeConverter   No LDT found for Meta 
3219       DEBUG main            d.u.i.k.j.TypeConverter   No LDT found for JavaBigintExpression 
8638       DEBUG main            d.u.i.k.j.r.ClassPreparationMethodBuilder clPrepBuilder: Inner Class detected. Reject building class initialisation methods. 
16331      DEBUG main            d.u.i.k.p.i.AbstractProblemLoader Init config took 15.58s 
17206      INFO  main            d.u.i.k.p.i.AbstractProblemLoader Replaying proof Test[Test::a0(int)].JML normal_behavior operation contract.0 
17255      DEBUG main            d.u.i.k.p.i.IntermediateProofReplayer Proof replay took 32.5ns 
17696      INFO  main            d.u.i.k.p.r.p.TestFile    ... finished proof: closed. 
17843      INFO  main            d.u.i.k.p.i.AbstractProblemLoader Loading environment from /home/runner/work/key/key/key.core/../key.ui/examples/performance-test/Test(Test__a0(int)).JML_normal_behavior_operation_contract.0.key.proof 
17843      DEBUG main            d.u.i.k.p.i.AbstractProblemLoader Environment load took 125.9ns 
17853      INFO  main            d.u.i.k.p.i.AbstractProblemLoader Creating init config 
20870      DEBUG main            d.u.i.k.j.r.ClassPreparationMethodBuilder clPrepBuilder: Inner Class detected. Reject building class initialisation methods. 
27736      DEBUG main            d.u.i.k.p.i.AbstractProblemLoader Init config took 9.88s 
28442      INFO  main            d.u.i.k.p.i.AbstractProblemLoader Replaying proof Test[Test::a0(int)].JML normal_behavior operation contract.0 
28464      DEBUG main            d.u.i.k.p.i.IntermediateProofReplayer Proof replay took 17.62ms 
28479      DEBUG main            d.u.i.k.p.r.p.TestFile    ... success: reloaded. 
28480      INFO  main            d.u.i.k.p.r.p.TestFile    Now processing file /home/runner/work/key/key/key.core/../key.ui/examples/performance-test/Test(Test__a1(int)).JML_normal_behavior_operation_contract.0.key 
28482      INFO  main            d.u.i.k.p.i.AbstractProblemLoader Loading environment from /home/runner/work/key/key/key.core/../key.ui/examples/performance-test/Test(Test__a1(int)).JML_normal_behavior_operation_contract.0.key 
28483      DEBUG main            d.u.i.k.p.i.AbstractProblemLoader Environment load took 133.7ns 
28484      INFO  main            d.u.i.k.p.i.AbstractProblemLoader Creating init config 
31422      DEBUG main            d.u.i.k.j.r.ClassPreparationMethodBuilder clPrepBuilder: Inner Class detected. Reject building class initialisation methods. 
38095      DEBUG main            d.u.i.k.p.i.AbstractProblemLoader Init config took 9.61s 
38741      INFO  main            d.u.i.k.p.i.AbstractProblemLoader Replaying proof Test[Test::a1(int)].JML normal_behavior operation contract.0 
38744      DEBUG main            d.u.i.k.p.i.IntermediateProofReplayer Proof replay took 6.4ns 
39047      INFO  main            d.u.i.k.p.r.p.TestFile    ... finished proof: closed. 
39323      INFO  main            d.u.i.k.p.i.AbstractProblemLoader Loading environment from /home/runner/work/key/key/key.core/../key.ui/examples/performance-test/Test(Test__a1(int)).JML_normal_behavior_operation_contract.0.key.proof 
39330      DEBUG main            d.u.i.k.p.i.AbstractProblemLoader Environment load took 7.23ms 
39332      INFO  main            d.u.i.k.p.i.AbstractProblemLoader Creating init config 
42241      DEBUG main            d.u.i.k.j.r.ClassPreparationMethodBuilder clPrepBuilder: Inner Class detected. Reject building class initialisation methods. 
48799      DEBUG main            d.u.i.k.p.i.AbstractProblemLoader Init config took 9.47s 
49470      INFO  main            d.u.i.k.p.i.AbstractProblemLoader Replaying proof Test[Test::a1(int)].JML normal_behavior operation contract.0 
49527      DEBUG main            d.u.i.k.p.i.IntermediateProofReplayer Proof replay took 52.73ms 
49528      DEBUG main            d.u.i.k.p.r.p.TestFile    ... success: reloaded. 
49530      INFO  main            d.u.i.k.p.r.p.TestFile    Now processing file /home/runner/work/key/key/key.core/../key.ui/examples/performance-test/Test(Test__f1(int)).JML_normal_behavior_operation_contract.0.key 
49531      INFO  main            d.u.i.k.p.i.AbstractProblemLoader Loading environment from /home/runner/work/key/key/key.core/../key.ui/examples/performance-test/Test(Test__f1(int)).JML_normal_behavior_operation_contract.0.key 
49531      DEBUG main            d.u.i.k.p.i.AbstractProblemLoader Environment load took 264.2ns 
49535      INFO  main            d.u.i.k.p.i.AbstractProblemLoader Creating init config 
52410      DEBUG main            d.u.i.k.j.r.ClassPreparationMethodBuilder clPrepBuilder: Inner Class detected. Reject building class initialisation methods. 
58950      DEBUG main            d.u.i.k.p.i.AbstractProblemLoader Init config took 9.42s 
59629      INFO  main            d.u.i.k.p.i.AbstractProblemLoader Replaying proof Test[Test::f1(int)].JML normal_behavior operation contract.0 
59635      DEBUG main            d.u.i.k.p.i.IntermediateProofReplayer Proof replay took 6.8ns 
59838      INFO  main            d.u.i.k.p.r.p.TestFile    ... finished proof: closed. 
60096      INFO  main            d.u.i.k.p.i.AbstractProblemLoader Loading environment from /home/runner/work/key/key/key.core/../key.ui/examples/performance-test/Test(Test__f1(int)).JML_normal_behavior_operation_contract.0.key.proof 
60097      DEBUG main            d.u.i.k.p.i.AbstractProblemLoader Environment load took 470.6ns 
60098      INFO  main            d.u.i.k.p.i.AbstractProblemLoader Creating init config 
62937      DEBUG main            d.u.i.k.j.r.ClassPreparationMethodBuilder clPrepBuilder: Inner Class detected. Reject building class initialisation methods. 
69427      DEBUG main            d.u.i.k.p.i.AbstractProblemLoader Init config took 9.33s 
70063      INFO  main            d.u.i.k.p.i.AbstractProblemLoader Replaying proof Test[Test::f1(int)].JML normal_behavior operation contract.0 
70104      DEBUG main            d.u.i.k.p.i.IntermediateProofReplayer Proof replay took 38.18ms 
70106      DEBUG main            d.u.i.k.p.r.p.TestFile    ... success: reloaded. 
433135     INFO  Test worker     d.u.i.k.p.r.RunAllProofsTestUnit Returning from test performancePOConstruction 
433136     INFO  Test worker     d.u.i.k.p.r.RunAllProofsTestUnit Running test applicationRestrictions 
397        INFO  Timeout watchdog d.u.i.k.p.r.p.ForkedTestFileRunner Timeout watcher launched (2000 secs.) 
415        WARN  main            d.u.i.k.s.ProofSettings   The settings in /home/runner/.key/proof-settings.props are *not* read. 
462        INFO  main            d.u.i.k.p.r.p.TestFile    Now processing file /home/runner/work/key/key/key.core/../key.ui/examples/heap/polarity_tests/wellformed1.key 
585        INFO  main            d.u.i.k.p.i.AbstractProblemLoader Loading environment from /home/runner/work/key/key/key.core/../key.ui/examples/heap/polarity_tests/wellformed1.key 
606        DEBUG main            d.u.i.k.p.i.AbstractProblemLoader Environment load took 2.11ms 
822        INFO  main            d.u.i.k.p.i.AbstractProblemLoader Creating init config 
1682       DEBUG main            d.u.i.k.j.TypeConverter   No LDT found for Meta 
1682       DEBUG main            d.u.i.k.j.TypeConverter   No LDT found for Meta 
1686       DEBUG main            d.u.i.k.j.TypeConverter   No LDT found for Meta 
1686       DEBUG main            d.u.i.k.j.TypeConverter   No LDT found for Meta 
3013       DEBUG main            d.u.i.k.j.TypeConverter   No LDT found for JavaBigintExpression 
7601       DEBUG main            d.u.i.k.p.i.AbstractProblemLoader Init config took 6.78s 
7690       INFO  main            d.u.i.k.p.i.AbstractProblemLoader Replaying proof wellformed1.key 
7724       DEBUG main            d.u.i.k.p.i.IntermediateProofReplayer Proof replay took 32.5ns 
7895       INFO  main            d.u.i.k.p.r.p.TestFile    ... finished proof: closed. 
7995       INFO  main            d.u.i.k.p.i.AbstractProblemLoader Loading environment from /home/runner/work/key/key/key.core/../key.ui/examples/heap/polarity_tests/wellformed1.key.proof 
7995       DEBUG main            d.u.i.k.p.i.AbstractProblemLoader Environment load took 124.5ns 
8001       INFO  main            d.u.i.k.p.i.AbstractProblemLoader Creating init config 
10702      DEBUG main            d.u.i.k.p.i.AbstractProblemLoader Init config took 2.7s 
10731      INFO  main            d.u.i.k.p.i.AbstractProblemLoader Replaying proof wellformed1.key.proof 
10738      DEBUG main            d.u.i.k.p.i.IntermediateProofReplayer Proof replay took 2.09ms 
10747      DEBUG main            d.u.i.k.p.r.p.TestFile    ... success: reloaded. 
10748      INFO  main            d.u.i.k.p.r.p.TestFile    Now processing file /home/runner/work/key/key/key.core/../key.ui/examples/heap/polarity_tests/wellformed2.key 
10749      INFO  main            d.u.i.k.p.i.AbstractProblemLoader Loading environment from /home/runner/work/key/key/key.core/../key.ui/examples/heap/polarity_tests/wellformed2.key 
10749      DEBUG main            d.u.i.k.p.i.AbstractProblemLoader Environment load took 247.9ns 
10751      INFO  main            d.u.i.k.p.i.AbstractProblemLoader Creating init config 
13279      DEBUG main            d.u.i.k.p.i.AbstractProblemLoader Init config took 2.53s 
13316      INFO  main            d.u.i.k.p.i.AbstractProblemLoader Replaying proof wellformed2.key 
13320      DEBUG main            d.u.i.k.p.i.IntermediateProofReplayer Proof replay took 5.7ns 
13426      INFO  main            d.u.i.k.p.r.p.TestFile    ... finished proof: open goal(s) 
13544      INFO  main            d.u.i.k.p.r.p.TestFile    Now processing file /home/runner/work/key/key/key.core/../key.ui/examples/heap/polarity_tests/wellformed3.key 
13546      INFO  main            d.u.i.k.p.i.AbstractProblemLoader Loading environment from /home/runner/work/key/key/key.core/../key.ui/examples/heap/polarity_tests/wellformed3.key 
13546      DEBUG main            d.u.i.k.p.i.AbstractProblemLoader Environment load took 1.6ms 
13548      INFO  main            d.u.i.k.p.i.AbstractProblemLoader Creating init config 
15957      DEBUG main            d.u.i.k.p.i.AbstractProblemLoader Init config took 2.41s 
15981      INFO  main            d.u.i.k.p.i.AbstractProblemLoader Replaying proof wellformed3.key 
15982      DEBUG main            d.u.i.k.p.i.IntermediateProofReplayer Proof replay took 6.3ns 
16086      INFO  main            d.u.i.k.p.r.p.TestFile    ... finished proof: closed. 
16193      INFO  main            d.u.i.k.p.i.AbstractProblemLoader Loading environment from /home/runner/work/key/key/key.core/../key.ui/examples/heap/polarity_tests/wellformed3.key.proof 
16193      DEBUG main            d.u.i.k.p.i.AbstractProblemLoader Environment load took 127.2ns 
16194      INFO  main            d.u.i.k.p.i.AbstractProblemLoader Creating init config 
18685      DEBUG main            d.u.i.k.p.i.AbstractProblemLoader Init config took 2.49s 
18705      INFO  main            d.u.i.k.p.i.AbstractProblemLoader Replaying proof wellformed3.key.proof 
18710      DEBUG main            d.u.i.k.p.i.IntermediateProofReplayer Proof replay took 1.72ms 
18711      DEBUG main            d.u.i.k.p.r.p.TestFile    ... success: reloaded. 
18712      INFO  main            d.u.i.k.p.r.p.TestFile    Now processing file /home/runner/work/key/key/key.core/../key.ui/examples/heap/polarity_tests/wellformed4.key 
18712      INFO  main            d.u.i.k.p.i.AbstractProblemLoader Loading environment from /home/runner/work/key/key/key.core/../key.ui/examples/heap/polarity_tests/wellformed4.key 
18712      DEBUG main            d.u.i.k.p.i.AbstractProblemLoader Environment load took 212.9ns 
18714      INFO  main            d.u.i.k.p.i.AbstractProblemLoader Creating init config 
21118      DEBUG main            d.u.i.k.p.i.AbstractProblemLoader Init config took 2.4s 
21138      INFO  main            d.u.i.k.p.i.AbstractProblemLoader Replaying proof wellformed4.key 
21139      DEBUG main            d.u.i.k.p.i.IntermediateProofReplayer Proof replay took 5.5ns 
21243      INFO  main            d.u.i.k.p.r.p.TestFile    ... finished proof: open goal(s) 
21365      INFO  main            d.u.i.k.p.r.p.TestFile    Now processing file /home/runner/work/key/key/key.core/../key.ui/examples/heap/polarity_tests/wellformed5.key 
21365      INFO  main            d.u.i.k.p.i.AbstractProblemLoader Loading environment from /home/runner/work/key/key/key.core/../key.ui/examples/heap/polarity_tests/wellformed5.key 
21365      DEBUG main            d.u.i.k.p.i.AbstractProblemLoader Environment load took 92.3ns 
21366      INFO  main            d.u.i.k.p.i.AbstractProblemLoader Creating init config 
23728      DEBUG main            d.u.i.k.p.i.AbstractProblemLoader Init config took 2.36s 
23746      INFO  main            d.u.i.k.p.i.AbstractProblemLoader Replaying proof wellformed5.key 
23748      DEBUG main            d.u.i.k.p.i.IntermediateProofReplayer Proof replay took 5.4ns 
23850      INFO  main            d.u.i.k.p.r.p.TestFile    ... finished proof: closed. 
23972      INFO  main            d.u.i.k.p.i.AbstractProblemLoader Loading environment from /home/runner/work/key/key/key.core/../key.ui/examples/heap/polarity_tests/wellformed5.key.proof 
23972      DEBUG main            d.u.i.k.p.i.AbstractProblemLoader Environment load took 104.5ns 
23973      INFO  main            d.u.i.k.p.i.AbstractProblemLoader Creating init config 
26337      DEBUG main            d.u.i.k.p.i.AbstractProblemLoader Init config took 2.36s 
26373      INFO  main            d.u.i.k.p.i.AbstractProblemLoader Replaying proof wellformed5.key.proof 
26379      DEBUG main            d.u.i.k.p.i.IntermediateProofReplayer Proof replay took 1.91ms 
26380      DEBUG main            d.u.i.k.p.r.p.TestFile    ... success: reloaded. 
26381      INFO  main            d.u.i.k.p.r.p.TestFile    Now processing file /home/runner/work/key/key/key.core/../key.ui/examples/heap/polarity_tests/wellformed6.key 
26381      INFO  main            d.u.i.k.p.i.AbstractProblemLoader Loading environment from /home/runner/work/key/key/key.core/../key.ui/examples/heap/polarity_tests/wellformed6.key 
26381      DEBUG main            d.u.i.k.p.i.AbstractProblemLoader Environment load took 97ns 
26382      INFO  main            d.u.i.k.p.i.AbstractProblemLoader Creating init config 
28773      DEBUG main            d.u.i.k.p.i.AbstractProblemLoader Init config took 2.39s 
28793      INFO  main            d.u.i.k.p.i.AbstractProblemLoader Replaying proof wellformed6.key 
28795      DEBUG main            d.u.i.k.p.i.IntermediateProofReplayer Proof replay took 7.2ns 
28898      INFO  main            d.u.i.k.p.r.p.TestFile    ... finished proof: open goal(s) 
29026      INFO  main            d.u.i.k.p.r.p.TestFile    Now processing file /home/runner/work/key/key/key.core/../key.ui/examples/heap/polarity_tests/wellformed7.key 
29026      INFO  main            d.u.i.k.p.i.AbstractProblemLoader Loading environment from /home/runner/work/key/key/key.core/../key.ui/examples/heap/polarity_tests/wellformed7.key 
29026      DEBUG main            d.u.i.k.p.i.AbstractProblemLoader Environment load took 63.4ns 
29027      INFO  main            d.u.i.k.p.i.AbstractProblemLoader Creating init config 
31352      DEBUG main            d.u.i.k.p.i.AbstractProblemLoader Init config took 2.32s 
31370      INFO  main            d.u.i.k.p.i.AbstractProblemLoader Replaying proof wellformed7.key 
31371      DEBUG main            d.u.i.k.p.i.IntermediateProofReplayer Proof replay took 6.3ns 
31473      INFO  main            d.u.i.k.p.r.p.TestFile    ... finished proof: closed. 
31593      INFO  main            d.u.i.k.p.i.AbstractProblemLoader Loading environment from /home/runner/work/key/key/key.core/../key.ui/examples/heap/polarity_tests/wellformed7.key.proof 
31593      DEBUG main            d.u.i.k.p.i.AbstractProblemLoader Environment load took 148.3ns 
31594      INFO  main            d.u.i.k.p.i.AbstractProblemLoader Creating init config 
33924      DEBUG main            d.u.i.k.p.i.AbstractProblemLoader Init config took 2.33s 
33947      INFO  main            d.u.i.k.p.i.AbstractProblemLoader Replaying proof wellformed7.key.proof 
33953      DEBUG main            d.u.i.k.p.i.IntermediateProofReplayer Proof replay took 2.85ms 
33954      DEBUG main            d.u.i.k.p.r.p.TestFile    ... success: reloaded. 
33955      INFO  main            d.u.i.k.p.r.p.TestFile    Now processing file /home/runner/work/key/key/key.core/../key.ui/examples/heap/polarity_tests/wellformed8.key 
33955      INFO  main            d.u.i.k.p.i.AbstractProblemLoader Loading environment from /home/runner/work/key/key/key.core/../key.ui/examples/heap/polarity_tests/wellformed8.key 
33956      DEBUG main            d.u.i.k.p.i.AbstractProblemLoader Environment load took 215.4ns 
33957      INFO  main            d.u.i.k.p.i.AbstractProblemLoader Creating init config 
36362      DEBUG main            d.u.i.k.p.i.AbstractProblemLoader Init config took 2.41s 
36378      INFO  main            d.u.i.k.p.i.AbstractProblemLoader Replaying proof wellformed8.key 
36379      DEBUG main            d.u.i.k.p.i.IntermediateProofReplayer Proof replay took 7.3ns 
36482      INFO  main            d.u.i.k.p.r.p.TestFile    ... finished proof: open goal(s) 
36620      INFO  main            d.u.i.k.p.r.p.TestFile    Now processing file /home/runner/work/key/key/key.core/../key.ui/examples/heap/polarity_tests/wellformed9.key 
36620      INFO  main            d.u.i.k.p.i.AbstractProblemLoader Loading environment from /home/runner/work/key/key/key.core/../key.ui/examples/heap/polarity_tests/wellformed9.key 
36620      DEBUG main            d.u.i.k.p.i.AbstractProblemLoader Environment load took 61.6ns 
36621      INFO  main            d.u.i.k.p.i.AbstractProblemLoader Creating init config 
38960      DEBUG main            d.u.i.k.p.i.AbstractProblemLoader Init config took 2.34s 
38976      INFO  main            d.u.i.k.p.i.AbstractProblemLoader Replaying proof wellformed9.key 
38978      DEBUG main            d.u.i.k.p.i.IntermediateProofReplayer Proof replay took 6.1ns 
39082      INFO  main            d.u.i.k.p.r.p.TestFile    ... finished proof: closed. 
39246      INFO  main            d.u.i.k.p.i.AbstractProblemLoader Loading environment from /home/runner/work/key/key/key.core/../key.ui/examples/heap/polarity_tests/wellformed9.key.proof 
39246      DEBUG main            d.u.i.k.p.i.AbstractProblemLoader Environment load took 109.8ns 
39247      INFO  main            d.u.i.k.p.i.AbstractProblemLoader Creating init config 
41551      DEBUG main            d.u.i.k.p.i.AbstractProblemLoader Init config took 2.3s 
41566      INFO  main            d.u.i.k.p.i.AbstractProblemLoader Replaying proof wellformed9.key.proof 
41569      DEBUG main            d.u.i.k.p.i.IntermediateProofReplayer Proof replay took 1.24ms 
41569      DEBUG main            d.u.i.k.p.r.p.TestFile    ... success: reloaded. 
41570      INFO  main            d.u.i.k.p.r.p.TestFile    Now processing file /home/runner/work/key/key/key.core/../key.ui/examples/heap/polarity_tests/wellformed10.key 
41570      INFO  main            d.u.i.k.p.i.AbstractProblemLoader Loading environment from /home/runner/work/key/key/key.core/../key.ui/examples/heap/polarity_tests/wellformed10.key 
41570      DEBUG main            d.u.i.k.p.i.AbstractProblemLoader Environment load took 109.3ns 
41571      INFO  main            d.u.i.k.p.i.AbstractProblemLoader Creating init config 
43957      DEBUG main            d.u.i.k.p.i.AbstractProblemLoader Init config took 2.39s 
43991      INFO  main            d.u.i.k.p.i.AbstractProblemLoader Replaying proof wellformed10.key 
43994      DEBUG main            d.u.i.k.p.i.IntermediateProofReplayer Proof replay took 6.9ns 
44099      INFO  main            d.u.i.k.p.r.p.TestFile    ... finished proof: open goal(s) 
44249      INFO  main            d.u.i.k.p.r.p.TestFile    Now processing file /home/runner/work/key/key/key.core/../key.ui/examples/heap/polarity_tests/wellformed11.key 
44249      INFO  main            d.u.i.k.p.i.AbstractProblemLoader Loading environment from /home/runner/work/key/key/key.core/../key.ui/examples/heap/polarity_tests/wellformed11.key 
44249      DEBUG main            d.u.i.k.p.i.AbstractProblemLoader Environment load took 61.5ns 
44250      INFO  main            d.u.i.k.p.i.AbstractProblemLoader Creating init config 
46617      DEBUG main            d.u.i.k.p.i.AbstractProblemLoader Init config took 2.37s 
46632      INFO  main            d.u.i.k.p.i.AbstractProblemLoader Replaying proof wellformed11.key 
46635      DEBUG main            d.u.i.k.p.i.IntermediateProofReplayer Proof replay took 7ns 
46738      INFO  main            d.u.i.k.p.r.p.TestFile    ... finished proof: open goal(s) 
480191     INFO  Test worker     d.u.i.k.p.r.RunAllProofsTestUnit Returning from test applicationRestrictions 
480192     INFO  Test worker     d.u.i.k.p.r.RunAllProofsTestUnit Running test blockContracts 
372        INFO  Timeout watchdog d.u.i.k.p.r.p.ForkedTestFileRunner Timeout watcher launched (2000 secs.) 
393        WARN  main            d.u.i.k.s.ProofSettings   The settings in /home/runner/.key/proof-settings.props are *not* read. 
422        INFO  main            d.u.i.k.p.r.p.TestFile    Now processing file /home/runner/work/key/key/key.core/../key.ui/examples/heap/block_contracts/Simple__add.key 
537        INFO  main            d.u.i.k.p.i.AbstractProblemLoader Loading environment from /home/runner/work/key/key/key.core/../key.ui/examples/heap/block_contracts/Simple__add.key 
556        DEBUG main            d.u.i.k.p.i.AbstractProblemLoader Environment load took 3.04ms 
790        INFO  main            d.u.i.k.p.i.AbstractProblemLoader Creating init config 
1706       DEBUG main            d.u.i.k.j.TypeConverter   No LDT found for Meta 
1707       DEBUG main            d.u.i.k.j.TypeConverter   No LDT found for Meta 
1711       DEBUG main            d.u.i.k.j.TypeConverter   No LDT found for Meta 
1711       DEBUG main            d.u.i.k.j.TypeConverter   No LDT found for Meta 
3574       DEBUG main            d.u.i.k.j.TypeConverter   No LDT found for JavaBigintExpression 
8917       DEBUG main            d.u.i.k.p.i.AbstractProblemLoader Init config took 8.13s 
9069       INFO  main            d.u.i.k.p.i.AbstractProblemLoader Replaying proof Simple[Simple::add(int,int)].JML operation contract.0 
9154       DEBUG main            d.u.i.k.p.i.IntermediateProofReplayer Proof replay took 322ns 
9892       INFO  main            d.u.i.k.p.r.p.TestFile    ... finished proof: closed. 
9994       INFO  main            d.u.i.k.p.i.AbstractProblemLoader Loading environment from /home/runner/work/key/key/key.core/../key.ui/examples/heap/block_contracts/Simple__add.key.proof 
9994       DEBUG main            d.u.i.k.p.i.AbstractProblemLoader Environment load took 138.7ns 
9998       INFO  main            d.u.i.k.p.i.AbstractProblemLoader Creating init config 
13364      DEBUG main            d.u.i.k.p.i.AbstractProblemLoader Init config took 3.37s 
13429      INFO  main            d.u.i.k.p.i.AbstractProblemLoader Replaying proof Simple[Simple::add(int,int)].JML operation contract.0 
13488      DEBUG main            d.u.i.k.p.i.IntermediateProofReplayer Proof replay took 55.25ms 
13495      DEBUG main            d.u.i.k.p.r.p.TestFile    ... success: reloaded. 
13496      INFO  main            d.u.i.k.p.r.p.TestFile    Now processing file /home/runner/work/key/key/key.core/../key.ui/examples/heap/block_contracts/Simple__addAbsoluteValues.key 
13497      INFO  main            d.u.i.k.p.i.AbstractProblemLoader Loading environment from /home/runner/work/key/key/key.core/../key.ui/examples/heap/block_contracts/Simple__addAbsoluteValues.key 
13497      DEBUG main            d.u.i.k.p.i.AbstractProblemLoader Environment load took 243.6ns 
13498      INFO  main            d.u.i.k.p.i.AbstractProblemLoader Creating init config 
16640      DEBUG main            d.u.i.k.p.i.AbstractProblemLoader Init config took 3.14s 
16699      INFO  main            d.u.i.k.p.i.AbstractProblemLoader Replaying proof Simple[Simple::addAbsoluteValues(int,int)].JML normal_behavior operation contract.0 
16702      DEBUG main            d.u.i.k.p.i.IntermediateProofReplayer Proof replay took 13.3ns 
17714      INFO  main            d.u.i.k.p.r.p.TestFile    ... finished proof: closed. 
17883      INFO  main            d.u.i.k.p.i.AbstractProblemLoader Loading environment from /home/runner/work/key/key/key.core/../key.ui/examples/heap/block_contracts/Simple__addAbsoluteValues.key.proof 
17884      DEBUG main            d.u.i.k.p.i.AbstractProblemLoader Environment load took 444.4ns 
17885      INFO  main            d.u.i.k.p.i.AbstractProblemLoader Creating init config 
20907      DEBUG main            d.u.i.k.p.i.AbstractProblemLoader Init config took 3.02s 
20955      INFO  main            d.u.i.k.p.i.AbstractProblemLoader Replaying proof Simple[Simple::addAbsoluteValues(int,int)].JML normal_behavior operation contract.0 
21096      DEBUG main            d.u.i.k.p.i.IntermediateProofReplayer Proof replay took 132.11ms 
21097      DEBUG main            d.u.i.k.p.r.p.TestFile    ... success: reloaded. 
21099      INFO  main            d.u.i.k.p.r.p.TestFile    Now processing file /home/runner/work/key/key/key.core/../key.ui/examples/heap/block_contracts/Simple__addWithJump.key 
21100      INFO  main            d.u.i.k.p.i.AbstractProblemLoader Loading environment from /home/runner/work/key/key/key.core/../key.ui/examples/heap/block_contracts/Simple__addWithJump.key 
21101      DEBUG main            d.u.i.k.p.i.AbstractProblemLoader Environment load took 267.2ns 
21102      INFO  main            d.u.i.k.p.i.AbstractProblemLoader Creating init config 
24065      DEBUG main            d.u.i.k.p.i.AbstractProblemLoader Init config took 2.96s 
24136      INFO  main            d.u.i.k.p.i.AbstractProblemLoader Replaying proof Simple[Simple::addWithJump(int,int,int)].JML operation contract.0 
24139      DEBUG main            d.u.i.k.p.i.IntermediateProofReplayer Proof replay took 8.8ns 
24341      INFO  main            d.u.i.k.p.r.p.TestFile    ... finished proof: closed. 
24501      INFO  main            d.u.i.k.p.i.AbstractProblemLoader Loading environment from /home/runner/work/key/key/key.core/../key.ui/examples/heap/block_contracts/Simple__addWithJump.key.proof 
24501      DEBUG main            d.u.i.k.p.i.AbstractProblemLoader Environment load took 109.5ns 
24502      INFO  main            d.u.i.k.p.i.AbstractProblemLoader Creating init config 
27390      DEBUG main            d.u.i.k.p.i.AbstractProblemLoader Init config took 2.89s 
27435      INFO  main            d.u.i.k.p.i.AbstractProblemLoader Replaying proof Simple[Simple::addWithJump(int,int,int)].JML operation contract.0 
27472      DEBUG main            d.u.i.k.p.i.IntermediateProofReplayer Proof replay took 34.13ms 
27473      DEBUG main            d.u.i.k.p.r.p.TestFile    ... success: reloaded. 
27474      INFO  main            d.u.i.k.p.r.p.TestFile    Now processing file /home/runner/work/key/key/key.core/../key.ui/examples/heap/block_contracts/Simple__addWithTwoBlockContracts.key 
27474      INFO  main            d.u.i.k.p.i.AbstractProblemLoader Loading environment from /home/runner/work/key/key/key.core/../key.ui/examples/heap/block_contracts/Simple__addWithTwoBlockContracts.key 
27474      DEBUG main            d.u.i.k.p.i.AbstractProblemLoader Environment load took 94.6ns 
27475      INFO  main            d.u.i.k.p.i.AbstractProblemLoader Creating init config 
30423      DEBUG main            d.u.i.k.p.i.AbstractProblemLoader Init config took 2.95s 
30467      INFO  main            d.u.i.k.p.i.AbstractProblemLoader Replaying proof Simple[Simple::addWithTwoBlockContracts(int,int,int)].JML operation contract.0 
30469      DEBUG main            d.u.i.k.p.i.IntermediateProofReplayer Proof replay took 9.1ns 
30672      INFO  main            d.u.i.k.p.r.p.TestFile    ... finished proof: closed. 
30844      INFO  main            d.u.i.k.p.i.AbstractProblemLoader Loading environment from /home/runner/work/key/key/key.core/../key.ui/examples/heap/block_contracts/Simple__addWithTwoBlockContracts.key.proof 
30844      DEBUG main            d.u.i.k.p.i.AbstractProblemLoader Environment load took 111.8ns 
30845      INFO  main            d.u.i.k.p.i.AbstractProblemLoader Creating init config 
33767      DEBUG main            d.u.i.k.p.i.AbstractProblemLoader Init config took 2.92s 
33824      INFO  main            d.u.i.k.p.i.AbstractProblemLoader Replaying proof Simple[Simple::addWithTwoBlockContracts(int,int,int)].JML operation contract.0 
33885      DEBUG main            d.u.i.k.p.i.IntermediateProofReplayer Proof replay took 55.69ms 
33886      DEBUG main            d.u.i.k.p.r.p.TestFile    ... success: reloaded. 
33888      INFO  main            d.u.i.k.p.r.p.TestFile    Now processing file /home/runner/work/key/key/key.core/../key.ui/examples/heap/block_contracts/Simple__generateByteArray.key 
33888      INFO  main            d.u.i.k.p.i.AbstractProblemLoader Loading environment from /home/runner/work/key/key/key.core/../key.ui/examples/heap/block_contracts/Simple__generateByteArray.key 
33889      DEBUG main            d.u.i.k.p.i.AbstractProblemLoader Environment load took 220.6ns 
33890      INFO  main            d.u.i.k.p.i.AbstractProblemLoader Creating init config 
36872      DEBUG main            d.u.i.k.p.i.AbstractProblemLoader Init config took 2.98s 
36939      INFO  main            d.u.i.k.p.i.AbstractProblemLoader Replaying proof Simple[Simple::generateByteArray()].JML normal_behavior operation contract.0 
36941      DEBUG main            d.u.i.k.p.i.IntermediateProofReplayer Proof replay took 9.9ns 
38849      INFO  main            d.u.i.k.p.r.p.TestFile    ... finished proof: closed. 
39043      INFO  main            d.u.i.k.p.i.AbstractProblemLoader Loading environment from /home/runner/work/key/key/key.core/../key.ui/examples/heap/block_contracts/Simple__generateByteArray.key.proof 
39044      DEBUG main            d.u.i.k.p.i.AbstractProblemLoader Environment load took 1.22ms 
39046      INFO  main            d.u.i.k.p.i.AbstractProblemLoader Creating init config 
41934      DEBUG main            d.u.i.k.p.i.AbstractProblemLoader Init config took 2.89s 
41998      INFO  main            d.u.i.k.p.i.AbstractProblemLoader Replaying proof Simple[Simple::generateByteArray()].JML normal_behavior operation contract.0 
42219      DEBUG main            d.u.i.k.p.i.IntermediateProofReplayer Proof replay took 206.67ms 
42221      DEBUG main            d.u.i.k.p.r.p.TestFile    ... success: reloaded. 
42222      INFO  main            d.u.i.k.p.r.p.TestFile    Now processing file /home/runner/work/key/key/key.core/../key.ui/examples/heap/block_contracts/Simple__getLength.key 
42223      INFO  main            d.u.i.k.p.i.AbstractProblemLoader Loading environment from /home/runner/work/key/key/key.core/../key.ui/examples/heap/block_contracts/Simple__getLength.key 
42223      DEBUG main            d.u.i.k.p.i.AbstractProblemLoader Environment load took 235.7ns 
42224      INFO  main            d.u.i.k.p.i.AbstractProblemLoader Creating init config 
45165      DEBUG main            d.u.i.k.p.i.AbstractProblemLoader Init config took 2.94s 
45208      INFO  main            d.u.i.k.p.i.AbstractProblemLoader Replaying proof Simple[Simple::getLength()].JML normal_behavior operation contract.0 
45210      DEBUG main            d.u.i.k.p.i.IntermediateProofReplayer Proof replay took 11.7ns 
45317      INFO  main            d.u.i.k.p.r.p.TestFile    ... finished proof: closed. 
45502      INFO  main            d.u.i.k.p.i.AbstractProblemLoader Loading environment from /home/runner/work/key/key/key.core/../key.ui/examples/heap/block_contracts/Simple__getLength.key.proof 
45502      DEBUG main            d.u.i.k.p.i.AbstractProblemLoader Environment load took 104.5ns 
45503      INFO  main            d.u.i.k.p.i.AbstractProblemLoader Creating init config 
48410      DEBUG main            d.u.i.k.p.i.AbstractProblemLoader Init config took 2.91s 
48452      INFO  main            d.u.i.k.p.i.AbstractProblemLoader Replaying proof Simple[Simple::getLength()].JML normal_behavior operation contract.0 
48459      DEBUG main            d.u.i.k.p.i.IntermediateProofReplayer Proof replay took 5.78ms 
48461      DEBUG main            d.u.i.k.p.r.p.TestFile    ... success: reloaded. 
48462      INFO  main            d.u.i.k.p.r.p.TestFile    Now processing file /home/runner/work/key/key/key.core/../key.ui/examples/heap/block_contracts/Simple__square.key 
48462      INFO  main            d.u.i.k.p.i.AbstractProblemLoader Loading environment from /home/runner/work/key/key/key.core/../key.ui/examples/heap/block_contracts/Simple__square.key 
48462      DEBUG main            d.u.i.k.p.i.AbstractProblemLoader Environment load took 210.7ns 
48463      INFO  main            d.u.i.k.p.i.AbstractProblemLoader Creating init config 
51389      DEBUG main            d.u.i.k.p.i.AbstractProblemLoader Init config took 2.93s 
51429      INFO  main            d.u.i.k.p.i.AbstractProblemLoader Replaying proof Simple[Simple::square(int)].JML operation contract.0 
51431      DEBUG main            d.u.i.k.p.i.IntermediateProofReplayer Proof replay took 10.4ns 
51833      INFO  main            d.u.i.k.p.r.p.TestFile    ... finished proof: closed. 
52012      INFO  main            d.u.i.k.p.i.AbstractProblemLoader Loading environment from /home/runner/work/key/key/key.core/../key.ui/examples/heap/block_contracts/Simple__square.key.proof 
52012      DEBUG main            d.u.i.k.p.i.AbstractProblemLoader Environment load took 112.5ns 
52013      INFO  main            d.u.i.k.p.i.AbstractProblemLoader Creating init config 
54879      DEBUG main            d.u.i.k.p.i.AbstractProblemLoader Init config took 2.87s 
54919      INFO  main            d.u.i.k.p.i.AbstractProblemLoader Replaying proof Simple[Simple::square(int)].JML operation contract.0 
54990      DEBUG main            d.u.i.k.p.i.IntermediateProofReplayer Proof replay took 67.64ms 
54991      DEBUG main            d.u.i.k.p.r.p.TestFile    ... success: reloaded. 
54993      INFO  main            d.u.i.k.p.r.p.TestFile    Now processing file /home/runner/work/key/key/key.core/../key.ui/examples/heap/block_contracts/Simple__unnecessaryBlockContract.key 
54993      INFO  main            d.u.i.k.p.i.AbstractProblemLoader Loading environment from /home/runner/work/key/key/key.core/../key.ui/examples/heap/block_contracts/Simple__unnecessaryBlockContract.key 
54993      DEBUG main            d.u.i.k.p.i.AbstractProblemLoader Environment load took 219.9ns 
54994      INFO  main            d.u.i.k.p.i.AbstractProblemLoader Creating init config 
57910      DEBUG main            d.u.i.k.p.i.AbstractProblemLoader Init config took 2.92s 
57957      INFO  main            d.u.i.k.p.i.AbstractProblemLoader Replaying proof Simple[Simple::unnecessaryBlockContract()].JML operation contract.0 
57960      DEBUG main            d.u.i.k.p.i.IntermediateProofReplayer Proof replay took 35.7ns 
58065      INFO  main            d.u.i.k.p.r.p.TestFile    ... finished proof: closed. 
58249      INFO  main            d.u.i.k.p.i.AbstractProblemLoader Loading environment from /home/runner/work/key/key/key.core/../key.ui/examples/heap/block_contracts/Simple__unnecessaryBlockContract.key.proof 
58249      DEBUG main            d.u.i.k.p.i.AbstractProblemLoader Environment load took 109.1ns 
58250      INFO  main            d.u.i.k.p.i.AbstractProblemLoader Creating init config 
61120      DEBUG main            d.u.i.k.p.i.AbstractProblemLoader Init config took 2.87s 
61157      INFO  main            d.u.i.k.p.i.AbstractProblemLoader Replaying proof Simple[Simple::unnecessaryBlockContract()].JML operation contract.0 
61175      DEBUG main            d.u.i.k.p.i.IntermediateProofReplayer Proof replay took 15.77ms 
61176      DEBUG main            d.u.i.k.p.r.p.TestFile    ... success: reloaded. 
61177      INFO  main            d.u.i.k.p.r.p.TestFile    Now processing file /home/runner/work/key/key/key.core/../key.ui/examples/heap/block_contracts/Simple__unnecessaryLoopInvariant.key 
61177      INFO  main            d.u.i.k.p.i.AbstractProblemLoader Loading environment from /home/runner/work/key/key/key.core/../key.ui/examples/heap/block_contracts/Simple__unnecessaryLoopInvariant.key 
61177      DEBUG main            d.u.i.k.p.i.AbstractProblemLoader Environment load took 84.1ns 
61178      INFO  main            d.u.i.k.p.i.AbstractProblemLoader Creating init config 
64041      DEBUG main            d.u.i.k.p.i.AbstractProblemLoader Init config took 2.86s 
64077      INFO  main            d.u.i.k.p.i.AbstractProblemLoader Replaying proof Simple[Simple::unnecessaryLoopInvariant()].JML operation contract.0 
64079      DEBUG main            d.u.i.k.p.i.IntermediateProofReplayer Proof replay took 10.1ns 
64181      INFO  main            d.u.i.k.p.r.p.TestFile    ... finished proof: closed. 
64358      INFO  main            d.u.i.k.p.i.AbstractProblemLoader Loading environment from /home/runner/work/key/key/key.core/../key.ui/examples/heap/block_contracts/Simple__unnecessaryLoopInvariant.key.proof 
64358      DEBUG main            d.u.i.k.p.i.AbstractProblemLoader Environment load took 106.6ns 
64359      INFO  main            d.u.i.k.p.i.AbstractProblemLoader Creating init config 
67204      DEBUG main            d.u.i.k.p.i.AbstractProblemLoader Init config took 2.84s 
67258      INFO  main            d.u.i.k.p.i.AbstractProblemLoader Replaying proof Simple[Simple::unnecessaryLoopInvariant()].JML operation contract.0 
67277      DEBUG main            d.u.i.k.p.i.IntermediateProofReplayer Proof replay took 14.6ms 
67284      DEBUG main            d.u.i.k.p.r.p.TestFile    ... success: reloaded. 
67285      INFO  main            d.u.i.k.p.r.p.TestFile    Now processing file /home/runner/work/key/key/key.core/../key.ui/examples/standard_key/java_dl/jml-assert/assert.key 
67286      INFO  main            d.u.i.k.p.i.AbstractProblemLoader Loading environment from /home/runner/work/key/key/key.core/../key.ui/examples/standard_key/java_dl/jml-assert/assert.key 
67286      DEBUG main            d.u.i.k.p.i.AbstractProblemLoader Environment load took 119.4ns 
67287      INFO  main            d.u.i.k.p.i.AbstractProblemLoader Creating init config 
69790      DEBUG main            d.u.i.k.p.i.AbstractProblemLoader Init config took 2.5s 
69828      INFO  main            d.u.i.k.p.i.AbstractProblemLoader Replaying proof Assert[Assert::createArray(int)].JML normal_behavior operation contract.0 
69830      DEBUG main            d.u.i.k.p.i.IntermediateProofReplayer Proof replay took 6ns 
70033      INFO  main            d.u.i.k.p.r.p.TestFile    ... finished proof: closed. 
70247      INFO  main            d.u.i.k.p.i.AbstractProblemLoader Loading environment from /home/runner/work/key/key/key.core/../key.ui/examples/standard_key/java_dl/jml-assert/assert.key.proof 
70247      DEBUG main            d.u.i.k.p.i.AbstractProblemLoader Environment load took 107ns 
70248      INFO  main            d.u.i.k.p.i.AbstractProblemLoader Creating init config 
72704      DEBUG main            d.u.i.k.p.i.AbstractProblemLoader Init config took 2.46s 
72753      INFO  main            d.u.i.k.p.i.AbstractProblemLoader Replaying proof Assert[Assert::createArray(int)].JML normal_behavior operation contract.0 
72800      DEBUG main            d.u.i.k.p.i.IntermediateProofReplayer Proof replay took 44.19ms 
72801      DEBUG main            d.u.i.k.p.r.p.TestFile    ... success: reloaded. 
72802      INFO  main            d.u.i.k.p.r.p.TestFile    Now processing file /home/runner/work/key/key/key.core/../key.ui/examples/standard_key/java_dl/jml-assert/assert_assume_order.key 
72802      INFO  main            d.u.i.k.p.i.AbstractProblemLoader Loading environment from /home/runner/work/key/key/key.core/../key.ui/examples/standard_key/java_dl/jml-assert/assert_assume_order.key 
72802      DEBUG main            d.u.i.k.p.i.AbstractProblemLoader Environment load took 87.7ns 
72803      INFO  main            d.u.i.k.p.i.AbstractProblemLoader Creating init config 
75334      DEBUG main            d.u.i.k.p.i.AbstractProblemLoader Init config took 2.53s 
75371      INFO  main            d.u.i.k.p.i.AbstractProblemLoader Replaying proof AssertAssume[AssertAssume::singleAssumeAssert(int)].JML normal_behavior operation contract.0 
75373      DEBUG main            d.u.i.k.p.i.IntermediateProofReplayer Proof replay took 6.4ns 
75479      INFO  main            d.u.i.k.p.r.p.TestFile    ... finished proof: closed. 
75658      INFO  main            d.u.i.k.p.i.AbstractProblemLoader Loading environment from /home/runner/work/key/key/key.core/../key.ui/examples/standard_key/java_dl/jml-assert/assert_assume_order.key.proof 
75658      DEBUG main            d.u.i.k.p.i.AbstractProblemLoader Environment load took 103.5ns 
75659      INFO  main            d.u.i.k.p.i.AbstractProblemLoader Creating init config 
78135      DEBUG main            d.u.i.k.p.i.AbstractProblemLoader Init config took 2.48s 
78171      INFO  main            d.u.i.k.p.i.AbstractProblemLoader Replaying proof AssertAssume[AssertAssume::singleAssumeAssert(int)].JML normal_behavior operation contract.0 
78179      DEBUG main            d.u.i.k.p.i.IntermediateProofReplayer Proof replay took 6.27ms 
78184      DEBUG main            d.u.i.k.p.r.p.TestFile    ... success: reloaded. 
78187      INFO  main            d.u.i.k.p.r.p.TestFile    Now processing file /home/runner/work/key/key/key.core/../key.ui/examples/heap/block_loop_contracts/SimpleVariants/sum_onBlock_external.key 
78187      INFO  main            d.u.i.k.p.i.AbstractProblemLoader Loading environment from /home/runner/work/key/key/key.core/../key.ui/examples/heap/block_loop_contracts/SimpleVariants/sum_onBlock_external.key 
78190      DEBUG main            d.u.i.k.p.i.AbstractProblemLoader Environment load took 3.33ms 
78192      INFO  main            d.u.i.k.p.i.AbstractProblemLoader Creating init config 
80939      DEBUG main            d.u.i.k.p.i.AbstractProblemLoader Init config took 2.75s 
80973      INFO  main            d.u.i.k.p.i.AbstractProblemLoader Replaying proof LoopContractExamplesAll[LoopContractExamplesAll::sum_loopContract_onBlock([I)].JML normal_behavior operation contract.0 
80976      DEBUG main            d.u.i.k.p.i.IntermediateProofReplayer Proof replay took 10.3ns 
81081      INFO  main            d.u.i.k.p.r.p.TestFile    ... finished proof: closed. 
81289      INFO  main            d.u.i.k.p.i.AbstractProblemLoader Loading environment from /home/runner/work/key/key/key.core/../key.ui/examples/heap/block_loop_contracts/SimpleVariants/sum_onBlock_external.key.proof 
81290      DEBUG main            d.u.i.k.p.i.AbstractProblemLoader Environment load took 110ns 
81290      INFO  main            d.u.i.k.p.i.AbstractProblemLoader Creating init config 
83976      DEBUG main            d.u.i.k.p.i.AbstractProblemLoader Init config took 2.69s 
84019      INFO  main            d.u.i.k.p.i.AbstractProblemLoader Replaying proof LoopContractExamplesAll[LoopContractExamplesAll::sum_loopContract_onBlock([I)].JML normal_behavior operation contract.0 
84047      DEBUG main            d.u.i.k.p.i.IntermediateProofReplayer Proof replay took 25.62ms 
84048      DEBUG main            d.u.i.k.p.r.p.TestFile    ... success: reloaded. 
84049      INFO  main            d.u.i.k.p.r.p.TestFile    Now processing file /home/runner/work/key/key/key.core/../key.ui/examples/heap/block_loop_contracts/SimpleVariants/sum_onBlock_internal.key 
84049      INFO  main            d.u.i.k.p.i.AbstractProblemLoader Loading environment from /home/runner/work/key/key/key.core/../key.ui/examples/heap/block_loop_contracts/SimpleVariants/sum_onBlock_internal.key 
84049      DEBUG main            d.u.i.k.p.i.AbstractProblemLoader Environment load took 91.3ns 
84050      INFO  main            d.u.i.k.p.i.AbstractProblemLoader Creating init config 
86734      DEBUG main            d.u.i.k.p.i.AbstractProblemLoader Init config took 2.68s 
86768      INFO  main            d.u.i.k.p.i.AbstractProblemLoader Replaying proof LoopContractExamplesAll[LoopContractExamplesAll::sum_loopContract_onBlock([I)].JML normal_behavior operation contract.0 
86770      DEBUG main            d.u.i.k.p.i.IntermediateProofReplayer Proof replay took 12.2ns 
87473      INFO  main            d.u.i.k.p.r.p.TestFile    ... finished proof: closed. 
87701      INFO  main            d.u.i.k.p.i.AbstractProblemLoader Loading environment from /home/runner/work/key/key/key.core/../key.ui/examples/heap/block_loop_contracts/SimpleVariants/sum_onBlock_internal.key.proof 
87701      DEBUG main            d.u.i.k.p.i.AbstractProblemLoader Environment load took 101.4ns 
87702      INFO  main            d.u.i.k.p.i.AbstractProblemLoader Creating init config 
90389      DEBUG main            d.u.i.k.p.i.AbstractProblemLoader Init config took 2.69s 
90422      INFO  main            d.u.i.k.p.i.AbstractProblemLoader Replaying proof LoopContractExamplesAll[LoopContractExamplesAll::sum_loopContract_onBlock([I)].JML normal_behavior operation contract.0 
90590      DEBUG main            d.u.i.k.p.i.IntermediateProofReplayer Proof replay took 163.41ms 
90590      DEBUG main            d.u.i.k.p.r.p.TestFile    ... success: reloaded. 
90591      INFO  main            d.u.i.k.p.r.p.TestFile    Now processing file /home/runner/work/key/key/key.core/../key.ui/examples/heap/block_loop_contracts/SimpleVariants/sum_onBlock_loop.key 
90592      INFO  main            d.u.i.k.p.i.AbstractProblemLoader Loading environment from /home/runner/work/key/key/key.core/../key.ui/examples/heap/block_loop_contracts/SimpleVariants/sum_onBlock_loop.key 
90592      DEBUG main            d.u.i.k.p.i.AbstractProblemLoader Environment load took 116.5ns 
90593      INFO  main            d.u.i.k.p.i.AbstractProblemLoader Creating init config 
93287      DEBUG main            d.u.i.k.p.i.AbstractProblemLoader Init config took 2.69s 
93324      INFO  main            d.u.i.k.p.i.AbstractProblemLoader Replaying proof LoopContractExamplesAll[LoopContractExamplesAll::sum_loopContract_onBlock([I)].JML normal_behavior loop contract.0 
93326      DEBUG main            d.u.i.k.p.i.IntermediateProofReplayer Proof replay took 22.1ns 
94055      INFO  main            d.u.i.k.p.r.p.TestFile    ... finished proof: closed. 
94386      INFO  main            d.u.i.k.p.i.AbstractProblemLoader Loading environment from /home/runner/work/key/key/key.core/../key.ui/examples/heap/block_loop_contracts/SimpleVariants/sum_onBlock_loop.key.proof 
94386      DEBUG main            d.u.i.k.p.i.AbstractProblemLoader Environment load took 108.3ns 
94387      INFO  main            d.u.i.k.p.i.AbstractProblemLoader Creating init config 
97023      DEBUG main            d.u.i.k.p.i.AbstractProblemLoader Init config took 2.64s 
97058      INFO  main            d.u.i.k.p.i.AbstractProblemLoader Replaying proof LoopContractExamplesAll[LoopContractExamplesAll::sum_loopContract_onBlock([I)].JML normal_behavior loop contract.0 
97231      DEBUG main            d.u.i.k.p.i.IntermediateProofReplayer Proof replay took 169.38ms 
97232      DEBUG main            d.u.i.k.p.r.p.TestFile    ... success: reloaded. 
97234      INFO  main            d.u.i.k.p.r.p.TestFile    Now processing file /home/runner/work/key/key/key.core/../key.ui/examples/heap/block_loop_contracts/SimpleVariants/sum_onLoop_external.key 
97234      INFO  main            d.u.i.k.p.i.AbstractProblemLoader Loading environment from /home/runner/work/key/key/key.core/../key.ui/examples/heap/block_loop_contracts/SimpleVariants/sum_onLoop_external.key 
97234      DEBUG main            d.u.i.k.p.i.AbstractProblemLoader Environment load took 202.9ns 
97235      INFO  main            d.u.i.k.p.i.AbstractProblemLoader Creating init config 
99971      DEBUG main            d.u.i.k.p.i.AbstractProblemLoader Init config took 2.74s 
100021     INFO  main            d.u.i.k.p.i.AbstractProblemLoader Replaying proof LoopContractExamplesAll[LoopContractExamplesAll::sum_loopContract_onLoop([I)].JML normal_behavior operation contract.0 
100023     DEBUG main            d.u.i.k.p.i.IntermediateProofReplayer Proof replay took 11.6ns 
100125     INFO  main            d.u.i.k.p.r.p.TestFile    ... finished proof: closed. 
100373     INFO  main            d.u.i.k.p.i.AbstractProblemLoader Loading environment from /home/runner/work/key/key/key.core/../key.ui/examples/heap/block_loop_contracts/SimpleVariants/sum_onLoop_external.key.proof 
100373     DEBUG main            d.u.i.k.p.i.AbstractProblemLoader Environment load took 105.5ns 
100374     INFO  main            d.u.i.k.p.i.AbstractProblemLoader Creating init config 
103009     DEBUG main            d.u.i.k.p.i.AbstractProblemLoader Init config took 2.64s 
103042     INFO  main            d.u.i.k.p.i.AbstractProblemLoader Replaying proof LoopContractExamplesAll[LoopContractExamplesAll::sum_loopContract_onLoop([I)].JML normal_behavior operation contract.0 
103076     DEBUG main            d.u.i.k.p.i.IntermediateProofReplayer Proof replay took 32.26ms 
103077     DEBUG main            d.u.i.k.p.r.p.TestFile    ... success: reloaded. 
103078     INFO  main            d.u.i.k.p.r.p.TestFile    Now processing file /home/runner/work/key/key/key.core/../key.ui/examples/heap/block_loop_contracts/SimpleVariants/sum_onLoop_internal.key 
103078     INFO  main            d.u.i.k.p.i.AbstractProblemLoader Loading environment from /home/runner/work/key/key/key.core/../key.ui/examples/heap/block_loop_contracts/SimpleVariants/sum_onLoop_internal.key 
103078     DEBUG main            d.u.i.k.p.i.AbstractProblemLoader Environment load took 79.9ns 
103079     INFO  main            d.u.i.k.p.i.AbstractProblemLoader Creating init config 
105799     DEBUG main            d.u.i.k.p.i.AbstractProblemLoader Init config took 2.72s 
105845     INFO  main            d.u.i.k.p.i.AbstractProblemLoader Replaying proof LoopContractExamplesAll[LoopContractExamplesAll::sum_loopContract_onLoop([I)].JML normal_behavior operation contract.0 
105847     DEBUG main            d.u.i.k.p.i.IntermediateProofReplayer Proof replay took 11.7ns 
106450     INFO  main            d.u.i.k.p.r.p.TestFile    ... finished proof: closed. 
106707     INFO  main            d.u.i.k.p.i.AbstractProblemLoader Loading environment from /home/runner/work/key/key/key.core/../key.ui/examples/heap/block_loop_contracts/SimpleVariants/sum_onLoop_internal.key.proof 
106708     DEBUG main            d.u.i.k.p.i.AbstractProblemLoader Environment load took 107ns 
106709     INFO  main            d.u.i.k.p.i.AbstractProblemLoader Creating init config 
109361     DEBUG main            d.u.i.k.p.i.AbstractProblemLoader Init config took 2.65s 
109398     INFO  main            d.u.i.k.p.i.AbstractProblemLoader Replaying proof LoopContractExamplesAll[LoopContractExamplesAll::sum_loopContract_onLoop([I)].JML normal_behavior operation contract.0 
109588     DEBUG main            d.u.i.k.p.i.IntermediateProofReplayer Proof replay took 184.13ms 
109590     DEBUG main            d.u.i.k.p.r.p.TestFile    ... success: reloaded. 
109591     INFO  main            d.u.i.k.p.r.p.TestFile    Now processing file /home/runner/work/key/key/key.core/../key.ui/examples/heap/block_loop_contracts/SimpleVariants/sum_onLoop_loop.key 
109591     INFO  main            d.u.i.k.p.i.AbstractProblemLoader Loading environment from /home/runner/work/key/key/key.core/../key.ui/examples/heap/block_loop_contracts/SimpleVariants/sum_onLoop_loop.key 
109591     DEBUG main            d.u.i.k.p.i.AbstractProblemLoader Environment load took 210.2ns 
109592     INFO  main            d.u.i.k.p.i.AbstractProblemLoader Creating init config 
112332     DEBUG main            d.u.i.k.p.i.AbstractProblemLoader Init config took 2.74s 
112397     INFO  main            d.u.i.k.p.i.AbstractProblemLoader Replaying proof LoopContractExamplesAll[LoopContractExamplesAll::sum_loopContract_onLoop([I)].JML normal_behavior loop contract.0 
112399     DEBUG main            d.u.i.k.p.i.IntermediateProofReplayer Proof replay took 13.5ns 
113103     INFO  main            d.u.i.k.p.r.p.TestFile    ... finished proof: closed. 
113411     INFO  main            d.u.i.k.p.i.AbstractProblemLoader Loading environment from /home/runner/work/key/key/key.core/../key.ui/examples/heap/block_loop_contracts/SimpleVariants/sum_onLoop_loop.key.proof 
113412     DEBUG main            d.u.i.k.p.i.AbstractProblemLoader Environment load took 648.3ns 
113413     INFO  main            d.u.i.k.p.i.AbstractProblemLoader Creating init config 
116098     DEBUG main            d.u.i.k.p.i.AbstractProblemLoader Init config took 2.68s 
116136     INFO  main            d.u.i.k.p.i.AbstractProblemLoader Replaying proof LoopContractExamplesAll[LoopContractExamplesAll::sum_loopContract_onLoop([I)].JML normal_behavior loop contract.0 
116307     DEBUG main            d.u.i.k.p.i.IntermediateProofReplayer Proof replay took 166.16ms 
116308     DEBUG main            d.u.i.k.p.r.p.TestFile    ... success: reloaded. 
116309     INFO  main            d.u.i.k.p.r.p.TestFile    Now processing file /home/runner/work/key/key/key.core/../key.ui/examples/heap/block_loop_contracts/Free/blockContracts0.key 
116309     INFO  main            d.u.i.k.p.i.AbstractProblemLoader Loading environment from /home/runner/work/key/key/key.core/../key.ui/examples/heap/block_loop_contracts/Free/blockContracts0.key 
116309     DEBUG main            d.u.i.k.p.i.AbstractProblemLoader Environment load took 204.8ns 
116310     INFO  main            d.u.i.k.p.i.AbstractProblemLoader Creating init config 
118699     DEBUG main            d.u.i.k.p.i.AbstractProblemLoader Init config took 2.39s 
118731     INFO  main            d.u.i.k.p.i.AbstractProblemLoader Replaying proof FreeConditions[FreeConditions::blockContract0()].JML normal_behavior operation contract.0 
118733     DEBUG main            d.u.i.k.p.i.IntermediateProofReplayer Proof replay took 11.2ns 
118835     INFO  main            d.u.i.k.p.r.p.TestFile    ... finished proof: closed. 
119090     INFO  main            d.u.i.k.p.i.AbstractProblemLoader Loading environment from /home/runner/work/key/key/key.core/../key.ui/examples/heap/block_loop_contracts/Free/blockContracts0.key.proof 
119091     DEBUG main            d.u.i.k.p.i.AbstractProblemLoader Environment load took 94.9ns 
119091     INFO  main            d.u.i.k.p.i.AbstractProblemLoader Creating init config 
121409     DEBUG main            d.u.i.k.p.i.AbstractProblemLoader Init config took 2.32s 
121443     INFO  main            d.u.i.k.p.i.AbstractProblemLoader Replaying proof FreeConditions[FreeConditions::blockContract0()].JML normal_behavior operation contract.0 
121460     DEBUG main            d.u.i.k.p.i.IntermediateProofReplayer Proof replay took 15.07ms 
121461     DEBUG main            d.u.i.k.p.r.p.TestFile    ... success: reloaded. 
121462     INFO  main            d.u.i.k.p.r.p.TestFile    Now processing file /home/runner/work/key/key/key.core/../key.ui/examples/heap/block_loop_contracts/Free/blockContracts1.key 
121462     INFO  main            d.u.i.k.p.i.AbstractProblemLoader Loading environment from /home/runner/work/key/key/key.core/../key.ui/examples/heap/block_loop_contracts/Free/blockContracts1.key 
121462     DEBUG main            d.u.i.k.p.i.AbstractProblemLoader Environment load took 80.1ns 
121463     INFO  main            d.u.i.k.p.i.AbstractProblemLoader Creating init config 
123828     DEBUG main            d.u.i.k.p.i.AbstractProblemLoader Init config took 2.37s 
123877     INFO  main            d.u.i.k.p.i.AbstractProblemLoader Replaying proof FreeConditions[FreeConditions::blockContract1()].JML normal_behavior operation contract.0 
123879     DEBUG main            d.u.i.k.p.i.IntermediateProofReplayer Proof replay took 11.2ns 
123982     INFO  main            d.u.i.k.p.r.p.TestFile    ... finished proof: closed. 
124228     INFO  main            d.u.i.k.p.i.AbstractProblemLoader Loading environment from /home/runner/work/key/key/key.core/../key.ui/examples/heap/block_loop_contracts/Free/blockContracts1.key.proof 
124228     DEBUG main            d.u.i.k.p.i.AbstractProblemLoader Environment load took 103.2ns 
124229     INFO  main            d.u.i.k.p.i.AbstractProblemLoader Creating init config 
126559     DEBUG main            d.u.i.k.p.i.AbstractProblemLoader Init config took 2.33s 
126595     INFO  main            d.u.i.k.p.i.AbstractProblemLoader Replaying proof FreeConditions[FreeConditions::blockContract1()].JML normal_behavior operation contract.0 
126611     DEBUG main            d.u.i.k.p.i.IntermediateProofReplayer Proof replay took 13.16ms 
126611     DEBUG main            d.u.i.k.p.r.p.TestFile    ... success: reloaded. 
126612     INFO  main            d.u.i.k.p.r.p.TestFile    Now processing file /home/runner/work/key/key/key.core/../key.ui/examples/heap/block_loop_contracts/Finally/block_finally.key 
126613     INFO  main            d.u.i.k.p.i.AbstractProblemLoader Loading environment from /home/runner/work/key/key/key.core/../key.ui/examples/heap/block_loop_contracts/Finally/block_finally.key 
126613     DEBUG main            d.u.i.k.p.i.AbstractProblemLoader Environment load took 129.8ns 
126614     INFO  main            d.u.i.k.p.i.AbstractProblemLoader Creating init config 
129003     DEBUG main            d.u.i.k.p.i.AbstractProblemLoader Init config took 2.39s 
129037     INFO  main            d.u.i.k.p.i.AbstractProblemLoader Replaying proof AuxiliaryContractsFinally[AuxiliaryContractsFinally::breakThrowContinueBlockContract(java.lang.Exception)].JML block contract.0 
129038     DEBUG main            d.u.i.k.p.i.IntermediateProofReplayer Proof replay took 12.3ns 
129542     INFO  main            d.u.i.k.p.r.p.TestFile    ... finished proof: open goal(s) 
129801     INFO  main            d.u.i.k.p.r.p.TestFile    Now processing file /home/runner/work/key/key/key.core/../key.ui/examples/heap/block_loop_contracts/Finally/loop_finally.key 
129801     INFO  main            d.u.i.k.p.i.AbstractProblemLoader Loading environment from /home/runner/work/key/key/key.core/../key.ui/examples/heap/block_loop_contracts/Finally/loop_finally.key 
129801     DEBUG main            d.u.i.k.p.i.AbstractProblemLoader Environment load took 53.3ns 
129802     INFO  main            d.u.i.k.p.i.AbstractProblemLoader Creating init config 
132140     DEBUG main            d.u.i.k.p.i.AbstractProblemLoader Init config took 2.34s 
132175     INFO  main            d.u.i.k.p.i.AbstractProblemLoader Replaying proof AuxiliaryContractsFinally[AuxiliaryContractsFinally::breakThrowContinueLoopContract(java.lang.Exception)].JML normal_behavior loop contract.0 
132177     DEBUG main            d.u.i.k.p.i.IntermediateProofReplayer Proof replay took 10.8ns 
132788     INFO  main            d.u.i.k.p.r.p.TestFile    ... finished proof: open goal(s) 
613406     INFO  Test worker     d.u.i.k.p.r.RunAllProofsTestUnit Returning from test blockContracts 
613407     INFO  Test worker     d.u.i.k.p.r.RunAllProofsTestUnit Running test jmlAsserts 
349        INFO  Timeout watchdog d.u.i.k.p.r.p.ForkedTestFileRunner Timeout watcher launched (2000 secs.) 
365        WARN  main            d.u.i.k.s.ProofSettings   The settings in /home/runner/.key/proof-settings.props are *not* read. 
403        INFO  main            d.u.i.k.p.r.p.TestFile    Now processing file /home/runner/work/key/key/key.core/../key.ui/examples/standard_key/java_dl/jml-assert/assert.key 
526        INFO  main            d.u.i.k.p.i.AbstractProblemLoader Loading environment from /home/runner/work/key/key/key.core/../key.ui/examples/standard_key/java_dl/jml-assert/assert.key 
552        DEBUG main            d.u.i.k.p.i.AbstractProblemLoader Environment load took 1.87ms 
762        INFO  main            d.u.i.k.p.i.AbstractProblemLoader Creating init config 
1695       DEBUG main            d.u.i.k.j.TypeConverter   No LDT found for Meta 
1700       DEBUG main            d.u.i.k.j.TypeConverter   No LDT found for Meta 
1703       DEBUG main            d.u.i.k.j.TypeConverter   No LDT found for Meta 
1704       DEBUG main            d.u.i.k.j.TypeConverter   No LDT found for Meta 
2984       DEBUG main            d.u.i.k.j.TypeConverter   No LDT found for JavaBigintExpression 
8280       DEBUG main            d.u.i.k.p.i.AbstractProblemLoader Init config took 7.52s 
8400       INFO  main            d.u.i.k.p.i.AbstractProblemLoader Replaying proof Assert[Assert::createArray(int)].JML normal_behavior operation contract.0 
8432       DEBUG main            d.u.i.k.p.i.IntermediateProofReplayer Proof replay took 31.5ns 
9400       INFO  main            d.u.i.k.p.r.p.TestFile    ... finished proof: closed. 
9512       INFO  main            d.u.i.k.p.i.AbstractProblemLoader Loading environment from /home/runner/work/key/key/key.core/../key.ui/examples/standard_key/java_dl/jml-assert/assert.key.proof 
9512       DEBUG main            d.u.i.k.p.i.AbstractProblemLoader Environment load took 454.1ns 
9517       INFO  main            d.u.i.k.p.i.AbstractProblemLoader Creating init config 
12494      DEBUG main            d.u.i.k.p.i.AbstractProblemLoader Init config took 2.98s 
12569      INFO  main            d.u.i.k.p.i.AbstractProblemLoader Replaying proof Assert[Assert::createArray(int)].JML normal_behavior operation contract.0 
12651      DEBUG main            d.u.i.k.p.i.IntermediateProofReplayer Proof replay took 76.58ms 
12659      DEBUG main            d.u.i.k.p.r.p.TestFile    ... success: reloaded. 
12661      INFO  main            d.u.i.k.p.r.p.TestFile    Now processing file /home/runner/work/key/key/key.core/../key.ui/examples/heap/block_loop_contracts/Free/assertions0.key 
12662      INFO  main            d.u.i.k.p.i.AbstractProblemLoader Loading environment from /home/runner/work/key/key/key.core/../key.ui/examples/heap/block_loop_contracts/Free/assertions0.key 
12662      DEBUG main            d.u.i.k.p.i.AbstractProblemLoader Environment load took 243.7ns 
12664      INFO  main            d.u.i.k.p.i.AbstractProblemLoader Creating init config 
15469      DEBUG main            d.u.i.k.p.i.AbstractProblemLoader Init config took 2.81s 
15527      INFO  main            d.u.i.k.p.i.AbstractProblemLoader Replaying proof FreeConditions[FreeConditions::assertions0()].JML normal_behavior operation contract.0 
15530      DEBUG main            d.u.i.k.p.i.IntermediateProofReplayer Proof replay took 12.3ns 
15633      INFO  main            d.u.i.k.p.r.p.TestFile    ... finished proof: closed. 
15759      INFO  main            d.u.i.k.p.i.AbstractProblemLoader Loading environment from /home/runner/work/key/key/key.core/../key.ui/examples/heap/block_loop_contracts/Free/assertions0.key.proof 
15759      DEBUG main            d.u.i.k.p.i.AbstractProblemLoader Environment load took 119.4ns 
15760      INFO  main            d.u.i.k.p.i.AbstractProblemLoader Creating init config 
18492      DEBUG main            d.u.i.k.p.i.AbstractProblemLoader Init config took 2.73s 
18552      INFO  main            d.u.i.k.p.i.AbstractProblemLoader Replaying proof FreeConditions[FreeConditions::assertions0()].JML normal_behavior operation contract.0 
18575      DEBUG main            d.u.i.k.p.i.IntermediateProofReplayer Proof replay took 19.85ms 
18576      DEBUG main            d.u.i.k.p.r.p.TestFile    ... success: reloaded. 
18578      INFO  main            d.u.i.k.p.r.p.TestFile    Now processing file /home/runner/work/key/key/key.core/../key.ui/examples/heap/block_loop_contracts/Free/assertions1.key 
18578      INFO  main            d.u.i.k.p.i.AbstractProblemLoader Loading environment from /home/runner/work/key/key/key.core/../key.ui/examples/heap/block_loop_contracts/Free/assertions1.key 
18579      DEBUG main            d.u.i.k.p.i.AbstractProblemLoader Environment load took 267ns 
18580      INFO  main            d.u.i.k.p.i.AbstractProblemLoader Creating init config 
21248      DEBUG main            d.u.i.k.p.i.AbstractProblemLoader Init config took 2.67s 
21294      INFO  main            d.u.i.k.p.i.AbstractProblemLoader Replaying proof FreeConditions[FreeConditions::assertions1()].JML normal_behavior operation contract.0 
21296      DEBUG main            d.u.i.k.p.i.IntermediateProofReplayer Proof replay took 20.8ns 
21399      INFO  main            d.u.i.k.p.r.p.TestFile    ... finished proof: closed. 
21566      INFO  main            d.u.i.k.p.i.AbstractProblemLoader Loading environment from /home/runner/work/key/key/key.core/../key.ui/examples/heap/block_loop_contracts/Free/assertions1.key.proof 
21566      DEBUG main            d.u.i.k.p.i.AbstractProblemLoader Environment load took 133.2ns 
21567      INFO  main            d.u.i.k.p.i.AbstractProblemLoader Creating init config 
24352      DEBUG main            d.u.i.k.p.i.AbstractProblemLoader Init config took 2.78s 
24418      INFO  main            d.u.i.k.p.i.AbstractProblemLoader Replaying proof FreeConditions[FreeConditions::assertions1()].JML normal_behavior operation contract.0 
24425      DEBUG main            d.u.i.k.p.i.IntermediateProofReplayer Proof replay took 4.98ms 
24426      DEBUG main            d.u.i.k.p.r.p.TestFile    ... success: reloaded. 
24427      INFO  main            d.u.i.k.p.r.p.TestFile    Now processing file /home/runner/work/key/key/key.core/../key.ui/examples/standard_key/java_dl/jml-assert/recursion-assert.key 
24427      INFO  main            d.u.i.k.p.i.AbstractProblemLoader Loading environment from /home/runner/work/key/key/key.core/../key.ui/examples/standard_key/java_dl/jml-assert/recursion-assert.key 
24428      DEBUG main            d.u.i.k.p.i.AbstractProblemLoader Environment load took 191.9ns 
24429      INFO  main            d.u.i.k.p.i.AbstractProblemLoader Creating init config 
27205      DEBUG main            d.u.i.k.p.i.AbstractProblemLoader Init config took 2.78s 
27251      INFO  main            d.u.i.k.p.i.AbstractProblemLoader Replaying proof RecursiveMethod[RecursiveMethod::fac1(int)].JML normal_behavior operation contract.0 
27254      DEBUG main            d.u.i.k.p.i.IntermediateProofReplayer Proof replay took 7.6ns 
27457      INFO  main            d.u.i.k.p.r.p.TestFile    ... finished proof: closed. 
27643      INFO  main            d.u.i.k.p.i.AbstractProblemLoader Loading environment from /home/runner/work/key/key/key.core/../key.ui/examples/standard_key/java_dl/jml-assert/recursion-assert.key.proof 
27643      DEBUG main            d.u.i.k.p.i.AbstractProblemLoader Environment load took 114ns 
27647      INFO  main            d.u.i.k.p.i.AbstractProblemLoader Creating init config 
30365      DEBUG main            d.u.i.k.p.i.AbstractProblemLoader Init config took 2.72s 
30409      INFO  main            d.u.i.k.p.i.AbstractProblemLoader Replaying proof RecursiveMethod[RecursiveMethod::fac1(int)].JML normal_behavior operation contract.0 
30446      DEBUG main            d.u.i.k.p.i.IntermediateProofReplayer Proof replay took 34.06ms 
30447      DEBUG main            d.u.i.k.p.r.p.TestFile    ... success: reloaded. 
30448      INFO  main            d.u.i.k.p.r.p.TestFile    Now processing file /home/runner/work/key/key/key.core/../key.ui/examples/standard_key/java_dl/jml-assert/recursion-assume.key 
30449      INFO  main            d.u.i.k.p.i.AbstractProblemLoader Loading environment from /home/runner/work/key/key/key.core/../key.ui/examples/standard_key/java_dl/jml-assert/recursion-assume.key 
30449      DEBUG main            d.u.i.k.p.i.AbstractProblemLoader Environment load took 226.1ns 
30450      INFO  main            d.u.i.k.p.i.AbstractProblemLoader Creating init config 
33117      DEBUG main            d.u.i.k.p.i.AbstractProblemLoader Init config took 2.67s 
33160      INFO  main            d.u.i.k.p.i.AbstractProblemLoader Replaying proof RecursiveMethod[RecursiveMethod::fac2(int)].JML normal_behavior operation contract.0 
33162      DEBUG main            d.u.i.k.p.i.IntermediateProofReplayer Proof replay took 6ns 
33366      INFO  main            d.u.i.k.p.r.p.TestFile    ... finished proof: closed. 
33541      INFO  main            d.u.i.k.p.i.AbstractProblemLoader Loading environment from /home/runner/work/key/key/key.core/../key.ui/examples/standard_key/java_dl/jml-assert/recursion-assume.key.proof 
33541      DEBUG main            d.u.i.k.p.i.AbstractProblemLoader Environment load took 110.5ns 
33542      INFO  main            d.u.i.k.p.i.AbstractProblemLoader Creating init config 
36259      DEBUG main            d.u.i.k.p.i.AbstractProblemLoader Init config took 2.72s 
36303      INFO  main            d.u.i.k.p.i.AbstractProblemLoader Replaying proof RecursiveMethod[RecursiveMethod::fac2(int)].JML normal_behavior operation contract.0 
36337      DEBUG main            d.u.i.k.p.i.IntermediateProofReplayer Proof replay took 31.51ms 
36340      DEBUG main            d.u.i.k.p.r.p.TestFile    ... success: reloaded. 
36341      INFO  main            d.u.i.k.p.r.p.TestFile    Now processing file /home/runner/work/key/key/key.core/../key.ui/examples/standard_key/java_dl/jml-assert/quantor-assert.key 
36342      INFO  main            d.u.i.k.p.i.AbstractProblemLoader Loading environment from /home/runner/work/key/key/key.core/../key.ui/examples/standard_key/java_dl/jml-assert/quantor-assert.key 
36342      DEBUG main            d.u.i.k.p.i.AbstractProblemLoader Environment load took 231.7ns 
36343      INFO  main            d.u.i.k.p.i.AbstractProblemLoader Creating init config 
39043      DEBUG main            d.u.i.k.p.i.AbstractProblemLoader Init config took 2.7s 
39090      INFO  main            d.u.i.k.p.i.AbstractProblemLoader Replaying proof Quantor[Quantor::square1(int)].JML normal_behavior operation contract.0 
39093      DEBUG main            d.u.i.k.p.i.IntermediateProofReplayer Proof replay took 6ns 
39195      INFO  main            d.u.i.k.p.r.p.TestFile    ... finished proof: closed. 
39362      INFO  main            d.u.i.k.p.i.AbstractProblemLoader Loading environment from /home/runner/work/key/key/key.core/../key.ui/examples/standard_key/java_dl/jml-assert/quantor-assert.key.proof 
39362      DEBUG main            d.u.i.k.p.i.AbstractProblemLoader Environment load took 117.4ns 
39363      INFO  main            d.u.i.k.p.i.AbstractProblemLoader Creating init config 
41976      DEBUG main            d.u.i.k.p.i.AbstractProblemLoader Init config took 2.61s 
42034      INFO  main            d.u.i.k.p.i.AbstractProblemLoader Replaying proof Quantor[Quantor::square1(int)].JML normal_behavior operation contract.0 
42049      DEBUG main            d.u.i.k.p.i.IntermediateProofReplayer Proof replay took 12.74ms 
42050      DEBUG main            d.u.i.k.p.r.p.TestFile    ... success: reloaded. 
42051      INFO  main            d.u.i.k.p.r.p.TestFile    Now processing file /home/runner/work/key/key/key.core/../key.ui/examples/standard_key/java_dl/jml-assert/quantor-assume.key 
42051      INFO  main            d.u.i.k.p.i.AbstractProblemLoader Loading environment from /home/runner/work/key/key/key.core/../key.ui/examples/standard_key/java_dl/jml-assert/quantor-assume.key 
42052      DEBUG main            d.u.i.k.p.i.AbstractProblemLoader Environment load took 91.9ns 
42052      INFO  main            d.u.i.k.p.i.AbstractProblemLoader Creating init config 
44696      DEBUG main            d.u.i.k.p.i.AbstractProblemLoader Init config took 2.64s 
44738      INFO  main            d.u.i.k.p.i.AbstractProblemLoader Replaying proof Quantor[Quantor::square2(int)].JML normal_behavior operation contract.0 
44740      DEBUG main            d.u.i.k.p.i.IntermediateProofReplayer Proof replay took 6.3ns 
44842      INFO  main            d.u.i.k.p.r.p.TestFile    ... finished proof: closed. 
45026      INFO  main            d.u.i.k.p.i.AbstractProblemLoader Loading environment from /home/runner/work/key/key/key.core/../key.ui/examples/standard_key/java_dl/jml-assert/quantor-assume.key.proof 
45026      DEBUG main            d.u.i.k.p.i.AbstractProblemLoader Environment load took 125.6ns 
45027      INFO  main            d.u.i.k.p.i.AbstractProblemLoader Creating init config 
47676      DEBUG main            d.u.i.k.p.i.AbstractProblemLoader Init config took 2.65s 
47721      INFO  main            d.u.i.k.p.i.AbstractProblemLoader Replaying proof Quantor[Quantor::square2(int)].JML normal_behavior operation contract.0 
47735      DEBUG main            d.u.i.k.p.i.IntermediateProofReplayer Proof replay took 12.42ms 
47736      DEBUG main            d.u.i.k.p.r.p.TestFile    ... success: reloaded. 
47737      INFO  main            d.u.i.k.p.r.p.TestFile    Now processing file /home/runner/work/key/key/key.core/../key.ui/examples/standard_key/java_dl/jml-assert/model-methods-static-static.key 
47737      INFO  main            d.u.i.k.p.i.AbstractProblemLoader Loading environment from /home/runner/work/key/key/key.core/../key.ui/examples/standard_key/java_dl/jml-assert/model-methods-static-static.key 
47738      DEBUG main            d.u.i.k.p.i.AbstractProblemLoader Environment load took 236.5ns 
47739      INFO  main            d.u.i.k.p.i.AbstractProblemLoader Creating init config 
50386      DEBUG main            d.u.i.k.p.i.AbstractProblemLoader Init config took 2.65s 
50448      INFO  main            d.u.i.k.p.i.AbstractProblemLoader Replaying proof ModelMethods[ModelMethods::test1()].JML normal_behavior operation contract.0 
50449      DEBUG main            d.u.i.k.p.i.IntermediateProofReplayer Proof replay took 6.3ns 
50554      INFO  main            d.u.i.k.p.r.p.TestFile    ... finished proof: closed. 
50755      INFO  main            d.u.i.k.p.i.AbstractProblemLoader Loading environment from /home/runner/work/key/key/key.core/../key.ui/examples/standard_key/java_dl/jml-assert/model-methods-static-static.key.proof 
50755      DEBUG main            d.u.i.k.p.i.AbstractProblemLoader Environment load took 111.4ns 
50756      INFO  main            d.u.i.k.p.i.AbstractProblemLoader Creating init config 
53410      DEBUG main            d.u.i.k.p.i.AbstractProblemLoader Init config took 2.65s 
53467      INFO  main            d.u.i.k.p.i.AbstractProblemLoader Replaying proof ModelMethods[ModelMethods::test1()].JML normal_behavior operation contract.0 
53474      DEBUG main            d.u.i.k.p.i.IntermediateProofReplayer Proof replay took 6.15ms 
53475      DEBUG main            d.u.i.k.p.r.p.TestFile    ... success: reloaded. 
53476      INFO  main            d.u.i.k.p.r.p.TestFile    Now processing file /home/runner/work/key/key/key.core/../key.ui/examples/standard_key/java_dl/jml-assert/model-methods-instance-static.key 
53476      INFO  main            d.u.i.k.p.i.AbstractProblemLoader Loading environment from /home/runner/work/key/key/key.core/../key.ui/examples/standard_key/java_dl/jml-assert/model-methods-instance-static.key 
53476      DEBUG main            d.u.i.k.p.i.AbstractProblemLoader Environment load took 96.5ns 
53478      INFO  main            d.u.i.k.p.i.AbstractProblemLoader Creating init config 
56126      DEBUG main            d.u.i.k.p.i.AbstractProblemLoader Init config took 2.65s 
56163      INFO  main            d.u.i.k.p.i.AbstractProblemLoader Replaying proof ModelMethods[ModelMethods::test2()].JML normal_behavior operation contract.0 
56165      DEBUG main            d.u.i.k.p.i.IntermediateProofReplayer Proof replay took 6.9ns 
56266      INFO  main            d.u.i.k.p.r.p.TestFile    ... finished proof: closed. 
56498      INFO  main            d.u.i.k.p.i.AbstractProblemLoader Loading environment from /home/runner/work/key/key/key.core/../key.ui/examples/standard_key/java_dl/jml-assert/model-methods-instance-static.key.proof 
56498      DEBUG main            d.u.i.k.p.i.AbstractProblemLoader Environment load took 109.4ns 
56499      INFO  main            d.u.i.k.p.i.AbstractProblemLoader Creating init config 
59133      DEBUG main            d.u.i.k.p.i.AbstractProblemLoader Init config took 2.63s 
59169      INFO  main            d.u.i.k.p.i.AbstractProblemLoader Replaying proof ModelMethods[ModelMethods::test2()].JML normal_behavior operation contract.0 
59178      DEBUG main            d.u.i.k.p.i.IntermediateProofReplayer Proof replay took 7.54ms 
59179      DEBUG main            d.u.i.k.p.r.p.TestFile    ... success: reloaded. 
59180      INFO  main            d.u.i.k.p.r.p.TestFile    Now processing file /home/runner/work/key/key/key.core/../key.ui/examples/standard_key/java_dl/jml-assert/model-methods-instance-instance.key 
59180      INFO  main            d.u.i.k.p.i.AbstractProblemLoader Loading environment from /home/runner/work/key/key/key.core/../key.ui/examples/standard_key/java_dl/jml-assert/model-methods-instance-instance.key 
59181      DEBUG main            d.u.i.k.p.i.AbstractProblemLoader Environment load took 92ns 
59181      INFO  main            d.u.i.k.p.i.AbstractProblemLoader Creating init config 
61811      DEBUG main            d.u.i.k.p.i.AbstractProblemLoader Init config took 2.63s 
61847      INFO  main            d.u.i.k.p.i.AbstractProblemLoader Replaying proof ModelMethods[ModelMethods::test3()].JML normal_behavior operation contract.0 
61848      DEBUG main            d.u.i.k.p.i.IntermediateProofReplayer Proof replay took 6.4ns 
61954      INFO  main            d.u.i.k.p.r.p.TestFile    ... finished proof: closed. 
62149      INFO  main            d.u.i.k.p.i.AbstractProblemLoader Loading environment from /home/runner/work/key/key/key.core/../key.ui/examples/standard_key/java_dl/jml-assert/model-methods-instance-instance.key.proof 
62150      DEBUG main            d.u.i.k.p.i.AbstractProblemLoader Environment load took 102.7ns 
62150      INFO  main            d.u.i.k.p.i.AbstractProblemLoader Creating init config 
64722      DEBUG main            d.u.i.k.p.i.AbstractProblemLoader Init config took 2.57s 
64776      INFO  main            d.u.i.k.p.i.AbstractProblemLoader Replaying proof ModelMethods[ModelMethods::test3()].JML normal_behavior operation contract.0 
64788      DEBUG main            d.u.i.k.p.i.IntermediateProofReplayer Proof replay took 9.44ms 
64792      DEBUG main            d.u.i.k.p.r.p.TestFile    ... success: reloaded. 
64794      INFO  main            d.u.i.k.p.r.p.TestFile    Now processing file /home/runner/work/key/key/key.core/../key.ui/examples/standard_key/java_dl/jml-assert/model-methods-static-instance.key 
64794      INFO  main            d.u.i.k.p.i.AbstractProblemLoader Loading environment from /home/runner/work/key/key/key.core/../key.ui/examples/standard_key/java_dl/jml-assert/model-methods-static-instance.key 
64794      DEBUG main            d.u.i.k.p.i.AbstractProblemLoader Environment load took 212.4ns 
64795      INFO  main            d.u.i.k.p.i.AbstractProblemLoader Creating init config 
67418      DEBUG main            d.u.i.k.p.i.AbstractProblemLoader Init config took 2.62s 
67464      INFO  main            d.u.i.k.p.i.AbstractProblemLoader Replaying proof ModelMethods[ModelMethods::test4()].JML normal_behavior operation contract.0 
67465      DEBUG main            d.u.i.k.p.i.IntermediateProofReplayer Proof replay took 6.7ns 
67570      INFO  main            d.u.i.k.p.r.p.TestFile    ... finished proof: closed. 
67758      INFO  main            d.u.i.k.p.i.AbstractProblemLoader Loading environment from /home/runner/work/key/key/key.core/../key.ui/examples/standard_key/java_dl/jml-assert/model-methods-static-instance.key.proof 
67758      DEBUG main            d.u.i.k.p.i.AbstractProblemLoader Environment load took 110.1ns 
67759      INFO  main            d.u.i.k.p.i.AbstractProblemLoader Creating init config 
70354      DEBUG main            d.u.i.k.p.i.AbstractProblemLoader Init config took 2.59s 
70391      INFO  main            d.u.i.k.p.i.AbstractProblemLoader Replaying proof ModelMethods[ModelMethods::test4()].JML normal_behavior operation contract.0 
70417      DEBUG main            d.u.i.k.p.i.IntermediateProofReplayer Proof replay took 22.83ms 
70418      DEBUG main            d.u.i.k.p.r.p.TestFile    ... success: reloaded. 
70419      INFO  main            d.u.i.k.p.r.p.TestFile    Now processing file /home/runner/work/key/key/key.core/../key.ui/examples/standard_key/java_dl/jml-assert/assert-old/inc-field.key 
70419      INFO  main            d.u.i.k.p.i.AbstractProblemLoader Loading environment from /home/runner/work/key/key/key.core/../key.ui/examples/standard_key/java_dl/jml-assert/assert-old/inc-field.key 
70420      DEBUG main            d.u.i.k.p.i.AbstractProblemLoader Environment load took 208.1ns 
70420      INFO  main            d.u.i.k.p.i.AbstractProblemLoader Creating init config 
72949      DEBUG main            d.u.i.k.p.i.AbstractProblemLoader Init config took 2.53s 
72984      INFO  main            d.u.i.k.p.i.AbstractProblemLoader Replaying proof Inc[Inc::inc_field()].JML normal_behavior operation contract.0 
72985      DEBUG main            d.u.i.k.p.i.IntermediateProofReplayer Proof replay took 5.6ns 
73190      INFO  main            d.u.i.k.p.r.p.TestFile    ... finished proof: closed. 
73374      INFO  main            d.u.i.k.p.i.AbstractProblemLoader Loading environment from /home/runner/work/key/key/key.core/../key.ui/examples/standard_key/java_dl/jml-assert/assert-old/inc-field.key.proof 
73374      DEBUG main            d.u.i.k.p.i.AbstractProblemLoader Environment load took 105.9ns 
73375      INFO  main            d.u.i.k.p.i.AbstractProblemLoader Creating init config 
75845      DEBUG main            d.u.i.k.p.i.AbstractProblemLoader Init config took 2.47s 
75880      INFO  main            d.u.i.k.p.i.AbstractProblemLoader Replaying proof Inc[Inc::inc_field()].JML normal_behavior operation contract.0 
75904      DEBUG main            d.u.i.k.p.i.IntermediateProofReplayer Proof replay took 22ms 
75905      DEBUG main            d.u.i.k.p.r.p.TestFile    ... success: reloaded. 
75905      INFO  main            d.u.i.k.p.r.p.TestFile    Now processing file /home/runner/work/key/key/key.core/../key.ui/examples/standard_key/java_dl/jml-assert/assert-old/inc-parameter.key 
75906      INFO  main            d.u.i.k.p.i.AbstractProblemLoader Loading environment from /home/runner/work/key/key/key.core/../key.ui/examples/standard_key/java_dl/jml-assert/assert-old/inc-parameter.key 
75906      DEBUG main            d.u.i.k.p.i.AbstractProblemLoader Environment load took 100.3ns 
75906      INFO  main            d.u.i.k.p.i.AbstractProblemLoader Creating init config 
78457      DEBUG main            d.u.i.k.p.i.AbstractProblemLoader Init config took 2.55s 
78491      INFO  main            d.u.i.k.p.i.AbstractProblemLoader Replaying proof Inc[Inc::inc_parameter(int)].JML normal_behavior operation contract.0 
78492      DEBUG main            d.u.i.k.p.i.IntermediateProofReplayer Proof replay took 6.6ns 
78594      INFO  main            d.u.i.k.p.r.p.TestFile    ... finished proof: closed. 
78801      INFO  main            d.u.i.k.p.i.AbstractProblemLoader Loading environment from /home/runner/work/key/key/key.core/../key.ui/examples/standard_key/java_dl/jml-assert/assert-old/inc-parameter.key.proof 
78801      DEBUG main            d.u.i.k.p.i.AbstractProblemLoader Environment load took 101.3ns 
78802      INFO  main            d.u.i.k.p.i.AbstractProblemLoader Creating init config 
81297      DEBUG main            d.u.i.k.p.i.AbstractProblemLoader Init config took 2.5s 
81331      INFO  main            d.u.i.k.p.i.AbstractProblemLoader Replaying proof Inc[Inc::inc_parameter(int)].JML normal_behavior operation contract.0 
81344      DEBUG main            d.u.i.k.p.i.IntermediateProofReplayer Proof replay took 10.73ms 
81345      DEBUG main            d.u.i.k.p.r.p.TestFile    ... success: reloaded. 
81346      INFO  main            d.u.i.k.p.r.p.TestFile    Now processing file /home/runner/work/key/key/key.core/../key.ui/examples/standard_key/java_dl/jml-assert/assert-old/inc-parameter-field.key 
81346      INFO  main            d.u.i.k.p.i.AbstractProblemLoader Loading environment from /home/runner/work/key/key/key.core/../key.ui/examples/standard_key/java_dl/jml-assert/assert-old/inc-parameter-field.key 
81347      DEBUG main            d.u.i.k.p.i.AbstractProblemLoader Environment load took 203.4ns 
81347      INFO  main            d.u.i.k.p.i.AbstractProblemLoader Creating init config 
83861      DEBUG main            d.u.i.k.p.i.AbstractProblemLoader Init config took 2.51s 
83900      INFO  main            d.u.i.k.p.i.AbstractProblemLoader Replaying proof Inc[Inc::inc_parameter_field(Inc)].JML normal_behavior operation contract.0 
83902      DEBUG main            d.u.i.k.p.i.IntermediateProofReplayer Proof replay took 6.8ns 
84104      INFO  main            d.u.i.k.p.r.p.TestFile    ... finished proof: closed. 
84317      INFO  main            d.u.i.k.p.i.AbstractProblemLoader Loading environment from /home/runner/work/key/key/key.core/../key.ui/examples/standard_key/java_dl/jml-assert/assert-old/inc-parameter-field.key.proof 
84317      DEBUG main            d.u.i.k.p.i.AbstractProblemLoader Environment load took 103.4ns 
84318      INFO  main            d.u.i.k.p.i.AbstractProblemLoader Creating init config 
86776      DEBUG main            d.u.i.k.p.i.AbstractProblemLoader Init config took 2.46s 
86809      INFO  main            d.u.i.k.p.i.AbstractProblemLoader Replaying proof Inc[Inc::inc_parameter_field(Inc)].JML normal_behavior operation contract.0 
86835      DEBUG main            d.u.i.k.p.i.IntermediateProofReplayer Proof replay took 23.38ms 
86836      DEBUG main            d.u.i.k.p.r.p.TestFile    ... success: reloaded. 
86836      INFO  main            d.u.i.k.p.r.p.TestFile    Now processing file /home/runner/work/key/key/key.core/../key.ui/examples/standard_key/java_dl/jml-assert/assert-old/inc-ghost-field.key 
86836      INFO  main            d.u.i.k.p.i.AbstractProblemLoader Loading environment from /home/runner/work/key/key/key.core/../key.ui/examples/standard_key/java_dl/jml-assert/assert-old/inc-ghost-field.key 
86836      DEBUG main            d.u.i.k.p.i.AbstractProblemLoader Environment load took 71.7ns 
86837      INFO  main            d.u.i.k.p.i.AbstractProblemLoader Creating init config 
89430      DEBUG main            d.u.i.k.p.i.AbstractProblemLoader Init config took 2.59s 
89483      INFO  main            d.u.i.k.p.i.AbstractProblemLoader Replaying proof Inc[Inc::inc_ghost_field()].JML normal_behavior operation contract.0 
89484      DEBUG main            d.u.i.k.p.i.IntermediateProofReplayer Proof replay took 6.2ns 
89686      INFO  main            d.u.i.k.p.r.p.TestFile    ... finished proof: closed. 
89904      INFO  main            d.u.i.k.p.i.AbstractProblemLoader Loading environment from /home/runner/work/key/key/key.core/../key.ui/examples/standard_key/java_dl/jml-assert/assert-old/inc-ghost-field.key.proof 
89904      DEBUG main            d.u.i.k.p.i.AbstractProblemLoader Environment load took 105.8ns 
89905      INFO  main            d.u.i.k.p.i.AbstractProblemLoader Creating init config 
92361      DEBUG main            d.u.i.k.p.i.AbstractProblemLoader Init config took 2.46s 
92394      INFO  main            d.u.i.k.p.i.AbstractProblemLoader Replaying proof Inc[Inc::inc_ghost_field()].JML normal_behavior operation contract.0 
92415      DEBUG main            d.u.i.k.p.i.IntermediateProofReplayer Proof replay took 19.12ms 
92417      DEBUG main            d.u.i.k.p.r.p.TestFile    ... success: reloaded. 
705999     INFO  Test worker     d.u.i.k.p.r.RunAllProofsTestUnit Returning from test jmlAsserts 
706002     INFO  Test worker     d.u.i.k.p.r.RunAllProofsTestUnit Running test javaCard 
369        INFO  Timeout watchdog d.u.i.k.p.r.p.ForkedTestFileRunner Timeout watcher launched (2000 secs.) 
392        WARN  main            d.u.i.k.s.ProofSettings   The settings in /home/runner/.key/proof-settings.props are *not* read. 
432        INFO  main            d.u.i.k.p.r.p.TestFile    Now processing file /home/runner/work/key/key/key.core/../key.ui/examples/heap/javacard/updateBalance0.key 
533        INFO  main            d.u.i.k.p.i.AbstractProblemLoader Loading environment from /home/runner/work/key/key/key.core/../key.ui/examples/heap/javacard/updateBalance0.key 
549        DEBUG main            d.u.i.k.p.i.AbstractProblemLoader Environment load took 1.84ms 
771        INFO  main            d.u.i.k.p.i.AbstractProblemLoader Creating init config 
1569       DEBUG main            d.u.i.k.j.TypeConverter   No LDT found for Meta 
1570       DEBUG main            d.u.i.k.j.TypeConverter   No LDT found for Meta 
1571       DEBUG main            d.u.i.k.j.TypeConverter   No LDT found for Meta 
1572       DEBUG main            d.u.i.k.j.TypeConverter   No LDT found for Meta 
2832       DEBUG main            d.u.i.k.j.TypeConverter   No LDT found for JavaBigintExpression 
6368       DEBUG main            d.u.i.k.p.i.AbstractProblemLoader Init config took 5.6s 
6527       INFO  main            d.u.i.k.p.i.AbstractProblemLoader Replaying proof Examples[Examples::updateBalance(short)].JML normal_behavior operation contract.0 
6561       DEBUG main            d.u.i.k.p.i.IntermediateProofReplayer Proof replay took 35.4ns 
8195       INFO  main            d.u.i.k.p.r.p.TestFile    ... finished proof: closed. 
8307       INFO  main            d.u.i.k.p.i.AbstractProblemLoader Loading environment from /home/runner/work/key/key/key.core/../key.ui/examples/heap/javacard/updateBalance0.key.proof 
8307       DEBUG main            d.u.i.k.p.i.AbstractProblemLoader Environment load took 137ns 
8309       INFO  main            d.u.i.k.p.i.AbstractProblemLoader Creating init config 
10158      DEBUG main            d.u.i.k.p.i.AbstractProblemLoader Init config took 1.85s 
10235      INFO  main            d.u.i.k.p.i.AbstractProblemLoader Replaying proof Examples[Examples::updateBalance(short)].JML normal_behavior operation contract.0 
10360      DEBUG main            d.u.i.k.p.i.IntermediateProofReplayer Proof replay took 116.4ms 
10368      DEBUG main            d.u.i.k.p.r.p.TestFile    ... success: reloaded. 
10371      INFO  main            d.u.i.k.p.r.p.TestFile    Now processing file /home/runner/work/key/key/key.core/../key.ui/examples/heap/javacard/updateBalance1.key 
10371      INFO  main            d.u.i.k.p.i.AbstractProblemLoader Loading environment from /home/runner/work/key/key/key.core/../key.ui/examples/heap/javacard/updateBalance1.key 
10371      DEBUG main            d.u.i.k.p.i.AbstractProblemLoader Environment load took 238.1ns 
10373      INFO  main            d.u.i.k.p.i.AbstractProblemLoader Creating init config 
12069      DEBUG main            d.u.i.k.p.i.AbstractProblemLoader Init config took 1.7s 
12124      INFO  main            d.u.i.k.p.i.AbstractProblemLoader Replaying proof Examples[Examples::updateBalance(short)].JML normal_behavior operation contract.1 
12127      DEBUG main            d.u.i.k.p.i.IntermediateProofReplayer Proof replay took 5.4ns 
12631      INFO  main            d.u.i.k.p.r.p.TestFile    ... finished proof: closed. 
12743      INFO  main            d.u.i.k.p.i.AbstractProblemLoader Loading environment from /home/runner/work/key/key/key.core/../key.ui/examples/heap/javacard/updateBalance1.key.proof 
12744      DEBUG main            d.u.i.k.p.i.AbstractProblemLoader Environment load took 614.5ns 
12746      INFO  main            d.u.i.k.p.i.AbstractProblemLoader Creating init config 
14401      DEBUG main            d.u.i.k.p.i.AbstractProblemLoader Init config took 1.66s 
14466      INFO  main            d.u.i.k.p.i.AbstractProblemLoader Replaying proof Examples[Examples::updateBalance(short)].JML normal_behavior operation contract.1 
14581      DEBUG main            d.u.i.k.p.i.IntermediateProofReplayer Proof replay took 105.8ms 
14584      DEBUG main            d.u.i.k.p.r.p.TestFile    ... success: reloaded. 
14590      INFO  main            d.u.i.k.p.r.p.TestFile    Now processing file /home/runner/work/key/key/key.core/../key.ui/examples/heap/javacard/setArray1.key 
14590      INFO  main            d.u.i.k.p.i.AbstractProblemLoader Loading environment from /home/runner/work/key/key/key.core/../key.ui/examples/heap/javacard/setArray1.key 
14590      DEBUG main            d.u.i.k.p.i.AbstractProblemLoader Environment load took 238.3ns 
14593      INFO  main            d.u.i.k.p.i.AbstractProblemLoader Creating init config 
16359      DEBUG main            d.u.i.k.p.i.AbstractProblemLoader Init config took 1.77s 
16399      INFO  main            d.u.i.k.p.i.AbstractProblemLoader Replaying proof Examples[Examples::setArray1([B)].JML normal_behavior operation contract.0 
16401      DEBUG main            d.u.i.k.p.i.IntermediateProofReplayer Proof replay took 6.3ns 
17405      INFO  main            d.u.i.k.p.r.p.TestFile    ... finished proof: closed. 
17554      INFO  main            d.u.i.k.p.i.AbstractProblemLoader Loading environment from /home/runner/work/key/key/key.core/../key.ui/examples/heap/javacard/setArray1.key.proof 
17555      DEBUG main            d.u.i.k.p.i.AbstractProblemLoader Environment load took 599.8ns 
17556      INFO  main            d.u.i.k.p.i.AbstractProblemLoader Creating init config 
19217      DEBUG main            d.u.i.k.p.i.AbstractProblemLoader Init config took 1.66s 
19256      INFO  main            d.u.i.k.p.i.AbstractProblemLoader Replaying proof Examples[Examples::setArray1([B)].JML normal_behavior operation contract.0 
19408      DEBUG main            d.u.i.k.p.i.IntermediateProofReplayer Proof replay took 145.77ms 
19410      DEBUG main            d.u.i.k.p.r.p.TestFile    ... success: reloaded. 
19412      INFO  main            d.u.i.k.p.r.p.TestFile    Now processing file /home/runner/work/key/key/key.core/../key.ui/examples/heap/javacard/setArray2.key 
19413      INFO  main            d.u.i.k.p.i.AbstractProblemLoader Loading environment from /home/runner/work/key/key/key.core/../key.ui/examples/heap/javacard/setArray2.key 
19413      DEBUG main            d.u.i.k.p.i.AbstractProblemLoader Environment load took 237.4ns 
19414      INFO  main            d.u.i.k.p.i.AbstractProblemLoader Creating init config 
21044      DEBUG main            d.u.i.k.p.i.AbstractProblemLoader Init config took 1.63s 
21087      INFO  main            d.u.i.k.p.i.AbstractProblemLoader Replaying proof Examples[Examples::setArray2([B)].JML normal_behavior operation contract.0 
21089      DEBUG main            d.u.i.k.p.i.IntermediateProofReplayer Proof replay took 7.6ns 
22193      INFO  main            d.u.i.k.p.r.p.TestFile    ... finished proof: closed. 
22300      INFO  main            d.u.i.k.p.i.AbstractProblemLoader Loading environment from /home/runner/work/key/key/key.core/../key.ui/examples/heap/javacard/setArray2.key.proof 
22300      DEBUG main            d.u.i.k.p.i.AbstractProblemLoader Environment load took 555.8ns 
22302      INFO  main            d.u.i.k.p.i.AbstractProblemLoader Creating init config 
23922      DEBUG main            d.u.i.k.p.i.AbstractProblemLoader Init config took 1.62s 
23960      INFO  main            d.u.i.k.p.i.AbstractProblemLoader Replaying proof Examples[Examples::setArray2([B)].JML normal_behavior operation contract.0 
24128      DEBUG main            d.u.i.k.p.i.IntermediateProofReplayer Proof replay took 162.2ms 
24131      DEBUG main            d.u.i.k.p.r.p.TestFile    ... success: reloaded. 
24133      INFO  main            d.u.i.k.p.r.p.TestFile    Now processing file /home/runner/work/key/key/key.core/../key.ui/examples/heap/javacard/arrayFillNonAtomic.key 
24133      INFO  main            d.u.i.k.p.i.AbstractProblemLoader Loading environment from /home/runner/work/key/key/key.core/../key.ui/examples/heap/javacard/arrayFillNonAtomic.key 
24133      DEBUG main            d.u.i.k.p.i.AbstractProblemLoader Environment load took 221ns 
24134      INFO  main            d.u.i.k.p.i.AbstractProblemLoader Creating init config 
25737      DEBUG main            d.u.i.k.p.i.AbstractProblemLoader Init config took 1.6s 
25806      INFO  main            d.u.i.k.p.i.AbstractProblemLoader Replaying proof javacard.framework.Util[javacard.framework.Util::arrayFillNonAtomic([B,short,short,byte)].JML behavior operation contract.0.transaction_inactive 
25808      DEBUG main            d.u.i.k.p.i.IntermediateProofReplayer Proof replay took 6.2ns 
26626      DEBUG Thread-13       d.u.i.k.l.o.ProgramSV     Match failed: Former match of  SchemaVariable incompatible with  the current match. 
26626      DEBUG Thread-13       d.u.i.k.l.o.ProgramSV     Match failed: Former match of  SchemaVariable incompatible with  the current match. 
27921      DEBUG Thread-13       d.u.i.k.l.o.ProgramSV     Match failed: Former match of  SchemaVariable incompatible with  the current match. 
27922      DEBUG Thread-13       d.u.i.k.l.o.ProgramSV     Match failed: Former match of  SchemaVariable incompatible with  the current match. 
29444      INFO  main            d.u.i.k.p.r.p.TestFile    ... finished proof: closed. 
29610      INFO  main            d.u.i.k.p.i.AbstractProblemLoader Loading environment from /home/runner/work/key/key/key.core/../key.ui/examples/heap/javacard/arrayFillNonAtomic.key.proof 
29610      DEBUG main            d.u.i.k.p.i.AbstractProblemLoader Environment load took 191.7ns 
29614      INFO  main            d.u.i.k.p.i.AbstractProblemLoader Creating init config 
31222      DEBUG main            d.u.i.k.p.i.AbstractProblemLoader Init config took 1.61s 
31273      INFO  main            d.u.i.k.p.i.AbstractProblemLoader Replaying proof javacard.framework.Util[javacard.framework.Util::arrayFillNonAtomic([B,short,short,byte)].JML behavior operation contract.0.transaction_inactive 
31882      DEBUG main            d.u.i.k.p.i.IntermediateProofReplayer Proof replay took 579.75ms 
31883      DEBUG main            d.u.i.k.p.r.p.TestFile    ... success: reloaded. 
31884      INFO  main            d.u.i.k.p.r.p.TestFile    Now processing file /home/runner/work/key/key/key.core/../key.ui/examples/heap/coincidence_count/project.key 
31885      INFO  main            d.u.i.k.p.i.AbstractProblemLoader Loading environment from /home/runner/work/key/key/key.core/../key.ui/examples/heap/coincidence_count/project.key 
31885      DEBUG main            d.u.i.k.p.i.AbstractProblemLoader Environment load took 252.9ns 
31886      INFO  main            d.u.i.k.p.i.AbstractProblemLoader Creating init config 
35471      DEBUG main            d.u.i.k.p.i.AbstractProblemLoader Init config took 3.58s 
35517      INFO  main            d.u.i.k.p.i.AbstractProblemLoader Replaying proof CC[CC::calcCoinIndex([I,[I)].JML normal_behavior operation contract.0 
35520      DEBUG main            d.u.i.k.p.i.IntermediateProofReplayer Proof replay took 6.9ns 
54094      INFO  main            d.u.i.k.p.r.p.TestFile    ... finished proof: closed. 
54376      INFO  main            d.u.i.k.p.i.AbstractProblemLoader Loading environment from /home/runner/work/key/key/key.core/../key.ui/examples/heap/coincidence_count/project.key.proof 
54376      DEBUG main            d.u.i.k.p.i.AbstractProblemLoader Environment load took 199.9ns 
54381      INFO  main            d.u.i.k.p.i.AbstractProblemLoader Creating init config 
57064      DEBUG main            d.u.i.k.p.i.AbstractProblemLoader Init config took 2.68s 
57119      INFO  main            d.u.i.k.p.i.AbstractProblemLoader Replaying proof CC[CC::calcCoinIndex([I,[I)].JML normal_behavior operation contract.0 
57829      DEBUG main            d.u.i.k.p.i.IntermediateProofReplayer Proof replay took 636.72ms 
57832      DEBUG main            d.u.i.k.p.r.p.TestFile    ... success: reloaded. 
57833      INFO  main            d.u.i.k.p.r.p.TestFile    Now processing file /home/runner/work/key/key/key.core/../key.ui/examples/heap/verifyThis11_1_Maximum/project.key 
57834      INFO  main            d.u.i.k.p.i.AbstractProblemLoader Loading environment from /home/runner/work/key/key/key.core/../key.ui/examples/heap/verifyThis11_1_Maximum/project.key 
57834      DEBUG main            d.u.i.k.p.i.AbstractProblemLoader Environment load took 96.9ns 
57834      INFO  main            d.u.i.k.p.i.AbstractProblemLoader Creating init config 
60532      DEBUG main            d.u.i.k.p.i.AbstractProblemLoader Init config took 2.7s 
60569      INFO  main            d.u.i.k.p.i.AbstractProblemLoader Replaying proof Maximum[Maximum::maxIndex([I)].JML normal_behavior operation contract.0 
60570      DEBUG main            d.u.i.k.p.i.IntermediateProofReplayer Proof replay took 5.1ns 
61477      INFO  main            d.u.i.k.p.r.p.TestFile    ... finished proof: closed. 
61715      INFO  main            d.u.i.k.p.i.AbstractProblemLoader Loading environment from /home/runner/work/key/key/key.core/../key.ui/examples/heap/verifyThis11_1_Maximum/project.key.proof 
61716      DEBUG main            d.u.i.k.p.i.AbstractProblemLoader Environment load took 434.5ns 
61717      INFO  main            d.u.i.k.p.i.AbstractProblemLoader Creating init config 
64317      DEBUG main            d.u.i.k.p.i.AbstractProblemLoader Init config took 2.6s 
64364      INFO  main            d.u.i.k.p.i.AbstractProblemLoader Replaying proof Maximum[Maximum::maxIndex([I)].JML normal_behavior operation contract.0 
64481      DEBUG main            d.u.i.k.p.i.IntermediateProofReplayer Proof replay took 110.45ms 
64482      DEBUG main            d.u.i.k.p.r.p.TestFile    ... success: reloaded. 
64483      INFO  main            d.u.i.k.p.r.p.TestFile    Now processing file /home/runner/work/key/key/key.core/../key.ui/examples/heap/fm12_01_LRS/lcp.key 
64484      INFO  main            d.u.i.k.p.i.AbstractProblemLoader Loading environment from /home/runner/work/key/key/key.core/../key.ui/examples/heap/fm12_01_LRS/lcp.key 
64484      DEBUG main            d.u.i.k.p.i.AbstractProblemLoader Environment load took 218.7ns 
64485      INFO  main            d.u.i.k.p.i.AbstractProblemLoader Creating init config 
67844      DEBUG main            d.u.i.k.p.i.AbstractProblemLoader Init config took 3.36s 
67899      INFO  main            d.u.i.k.p.i.AbstractProblemLoader Replaying proof LCP[LCP::lcp([I,int,int)].JML normal_behavior operation contract.0 
67902      DEBUG main            d.u.i.k.p.i.IntermediateProofReplayer Proof replay took 6.5ns 
68912      INFO  main            d.u.i.k.p.r.p.TestFile    ... finished proof: closed. 
69241      INFO  main            d.u.i.k.p.i.AbstractProblemLoader Loading environment from /home/runner/work/key/key/key.core/../key.ui/examples/heap/fm12_01_LRS/lcp.key.proof 
69242      DEBUG main            d.u.i.k.p.i.AbstractProblemLoader Environment load took 438.6ns 
69246      INFO  main            d.u.i.k.p.i.AbstractProblemLoader Creating init config 
72395      DEBUG main            d.u.i.k.p.i.AbstractProblemLoader Init config took 3.15s 
72451      INFO  main            d.u.i.k.p.i.AbstractProblemLoader Replaying proof LCP[LCP::lcp([I,int,int)].JML normal_behavior operation contract.0 
72597      DEBUG main            d.u.i.k.p.i.IntermediateProofReplayer Proof replay took 139.75ms 
72598      DEBUG main            d.u.i.k.p.r.p.TestFile    ... success: reloaded. 
72599      INFO  main            d.u.i.k.p.r.p.TestFile    Now processing file /home/runner/work/key/key/key.core/../key.ui/examples/heap/SemanticSlicing/project.key 
72600      INFO  main            d.u.i.k.p.i.AbstractProblemLoader Loading environment from /home/runner/work/key/key/key.core/../key.ui/examples/heap/SemanticSlicing/project.key 
72600      DEBUG main            d.u.i.k.p.i.AbstractProblemLoader Environment load took 221.1ns 
72601      INFO  main            d.u.i.k.p.i.AbstractProblemLoader Creating init config 
75493      DEBUG main            d.u.i.k.p.i.AbstractProblemLoader Init config took 2.89s 
75546      INFO  main            d.u.i.k.p.i.AbstractProblemLoader Replaying proof unsatcore_after.competition.postcond5.scope333.LRS[unsatcore_after.competition.postcond5.scope333.LRS::doLRS()].JML operation contract.0 
75548      DEBUG main            d.u.i.k.p.i.IntermediateProofReplayer Proof replay took 5ns 
79675      INFO  main            d.u.i.k.p.r.p.TestFile    ... finished proof: closed. 
79937      INFO  main            d.u.i.k.p.i.AbstractProblemLoader Loading environment from /home/runner/work/key/key/key.core/../key.ui/examples/heap/SemanticSlicing/project.key.proof 
79937      DEBUG main            d.u.i.k.p.i.AbstractProblemLoader Environment load took 429.3ns 
79939      INFO  main            d.u.i.k.p.i.AbstractProblemLoader Creating init config 
82716      DEBUG main            d.u.i.k.p.i.AbstractProblemLoader Init config took 2.78s 
82766      INFO  main            d.u.i.k.p.i.AbstractProblemLoader Replaying proof unsatcore_after.competition.postcond5.scope333.LRS[unsatcore_after.competition.postcond5.scope333.LRS::doLRS()].JML operation contract.0 
83312      DEBUG main            d.u.i.k.p.i.IntermediateProofReplayer Proof replay took 533.71ms 
83313      DEBUG main            d.u.i.k.p.r.p.TestFile    ... success: reloaded. 
83314      INFO  main            d.u.i.k.p.r.p.TestFile    Now processing file /home/runner/work/key/key/key.core/../key.ui/examples/heap/information_flow/ArrayList_contains.key 
83315      INFO  main            d.u.i.k.p.i.AbstractProblemLoader Loading environment from /home/runner/work/key/key/key.core/../key.ui/examples/heap/information_flow/ArrayList_contains.key 
83315      DEBUG main            d.u.i.k.p.i.AbstractProblemLoader Environment load took 210.7ns 
83316      INFO  main            d.u.i.k.p.i.AbstractProblemLoader Creating init config 
86391      DEBUG main            d.u.i.k.p.i.AbstractProblemLoader Init config took 3.07s 
86429      INFO  main            d.u.i.k.p.i.AbstractProblemLoader Replaying proof ArrayList[ArrayList::get(int)].JML normal_behavior operation contract.0 
86430      DEBUG main            d.u.i.k.p.i.IntermediateProofReplayer Proof replay took 5.8ns 
86735      INFO  main            d.u.i.k.p.r.p.TestFile    ... finished proof: closed. 
87019      INFO  main            d.u.i.k.p.i.AbstractProblemLoader Loading environment from /home/runner/work/key/key/key.core/../key.ui/examples/heap/information_flow/ArrayList_contains.key.proof 
87019      DEBUG main            d.u.i.k.p.i.AbstractProblemLoader Environment load took 111.9ns 
87020      INFO  main            d.u.i.k.p.i.AbstractProblemLoader Creating init config 
89884      DEBUG main            d.u.i.k.p.i.AbstractProblemLoader Init config took 2.86s 
89920      INFO  main            d.u.i.k.p.i.AbstractProblemLoader Replaying proof ArrayList[ArrayList::get(int)].JML normal_behavior operation contract.0 
89959      DEBUG main            d.u.i.k.p.i.IntermediateProofReplayer Proof replay took 35.48ms 
89960      DEBUG main            d.u.i.k.p.r.p.TestFile    ... success: reloaded. 
89961      INFO  main            d.u.i.k.p.r.p.TestFile    Now processing file /home/runner/work/key/key/key.core/../key.ui/examples/heap/information_flow/ArrayList_get.key 
89961      INFO  main            d.u.i.k.p.i.AbstractProblemLoader Loading environment from /home/runner/work/key/key/key.core/../key.ui/examples/heap/information_flow/ArrayList_get.key 
89961      DEBUG main            d.u.i.k.p.i.AbstractProblemLoader Environment load took 230.6ns 
89962      INFO  main            d.u.i.k.p.i.AbstractProblemLoader Creating init config 
92859      DEBUG main            d.u.i.k.p.i.AbstractProblemLoader Init config took 2.9s 
92895      INFO  main            d.u.i.k.p.i.AbstractProblemLoader Replaying proof ArrayList[ArrayList::contains(java.lang.Object)].JML normal_behavior operation contract.0 
92897      DEBUG main            d.u.i.k.p.i.IntermediateProofReplayer Proof replay took 6.2ns 
93800      INFO  main            d.u.i.k.p.r.p.TestFile    ... finished proof: closed. 
94046      INFO  main            d.u.i.k.p.i.AbstractProblemLoader Loading environment from /home/runner/work/key/key/key.core/../key.ui/examples/heap/information_flow/ArrayList_get.key.proof 
94047      DEBUG main            d.u.i.k.p.i.AbstractProblemLoader Environment load took 866.6ns 
94048      INFO  main            d.u.i.k.p.i.AbstractProblemLoader Creating init config 
96857      DEBUG main            d.u.i.k.p.i.AbstractProblemLoader Init config took 2.81s 
96893      INFO  main            d.u.i.k.p.i.AbstractProblemLoader Replaying proof ArrayList[ArrayList::contains(java.lang.Object)].JML normal_behavior operation contract.0 
97005      DEBUG main            d.u.i.k.p.i.IntermediateProofReplayer Proof replay took 106.82ms 
97006      DEBUG main            d.u.i.k.p.r.p.TestFile    ... success: reloaded. 
97007      INFO  main            d.u.i.k.p.r.p.TestFile    Now processing file /home/runner/work/key/key/key.core/../key.ui/examples/heap/information_flow/ArrayList_size.key 
97008      INFO  main            d.u.i.k.p.i.AbstractProblemLoader Loading environment from /home/runner/work/key/key/key.core/../key.ui/examples/heap/information_flow/ArrayList_size.key 
97008      DEBUG main            d.u.i.k.p.i.AbstractProblemLoader Environment load took 283.9ns 
97009      INFO  main            d.u.i.k.p.i.AbstractProblemLoader Creating init config 
99926      DEBUG main            d.u.i.k.p.i.AbstractProblemLoader Init config took 2.92s 
99979      INFO  main            d.u.i.k.p.i.AbstractProblemLoader Replaying proof ArrayList[ArrayList::size()].JML normal_behavior operation contract.0 
99980      DEBUG main            d.u.i.k.p.i.IntermediateProofReplayer Proof replay took 5.5ns 
100082     INFO  main            d.u.i.k.p.r.p.TestFile    ... finished proof: closed. 
100347     INFO  main            d.u.i.k.p.i.AbstractProblemLoader Loading environment from /home/runner/work/key/key/key.core/../key.ui/examples/heap/information_flow/ArrayList_size.key.proof 
100347     DEBUG main            d.u.i.k.p.i.AbstractProblemLoader Environment load took 109.4ns 
100348     INFO  main            d.u.i.k.p.i.AbstractProblemLoader Creating init config 
103167     DEBUG main            d.u.i.k.p.i.AbstractProblemLoader Init config took 2.82s 
103206     INFO  main            d.u.i.k.p.i.AbstractProblemLoader Replaying proof ArrayList[ArrayList::size()].JML normal_behavior operation contract.0 
103218     DEBUG main            d.u.i.k.p.i.IntermediateProofReplayer Proof replay took 10.31ms 
103219     DEBUG main            d.u.i.k.p.r.p.TestFile    ... success: reloaded. 
103220     INFO  main            d.u.i.k.p.r.p.TestFile    Now processing file /home/runner/work/key/key/key.core/../key.ui/examples/heap/information_flow/UpdateAbstraction_ex7_3_secure.key 
103221     INFO  main            d.u.i.k.p.i.AbstractProblemLoader Loading environment from /home/runner/work/key/key/key.core/../key.ui/examples/heap/information_flow/UpdateAbstraction_ex7_3_secure.key 
103221     DEBUG main            d.u.i.k.p.i.AbstractProblemLoader Environment load took 105.3ns 
103222     INFO  main            d.u.i.k.p.i.AbstractProblemLoader Creating init config 
106119     DEBUG main            d.u.i.k.p.i.AbstractProblemLoader Init config took 2.9s 
106153     INFO  main            d.u.i.k.p.i.AbstractProblemLoader Replaying proof UpdateAbstraction[UpdateAbstraction::ex7_3_secure()].JML operation contract.0 
106155     DEBUG main            d.u.i.k.p.i.IntermediateProofReplayer Proof replay took 5.4ns 
106357     INFO  main            d.u.i.k.p.r.p.TestFile    ... finished proof: closed. 
106593     INFO  main            d.u.i.k.p.i.AbstractProblemLoader Loading environment from /home/runner/work/key/key/key.core/../key.ui/examples/heap/information_flow/UpdateAbstraction_ex7_3_secure.key.proof 
106593     DEBUG main            d.u.i.k.p.i.AbstractProblemLoader Environment load took 133.2ns 
106594     INFO  main            d.u.i.k.p.i.AbstractProblemLoader Creating init config 
109412     DEBUG main            d.u.i.k.p.i.AbstractProblemLoader Init config took 2.82s 
109445     INFO  main            d.u.i.k.p.i.AbstractProblemLoader Replaying proof UpdateAbstraction[UpdateAbstraction::ex7_3_secure()].JML operation contract.0 
109468     DEBUG main            d.u.i.k.p.i.IntermediateProofReplayer Proof replay took 21.28ms 
109469     DEBUG main            d.u.i.k.p.r.p.TestFile    ... success: reloaded. 
109470     INFO  main            d.u.i.k.p.r.p.TestFile    Now processing file /home/runner/work/key/key/key.core/../key.ui/examples/heap/information_flow/UpdateAbstraction_ex7_4_secure.key 
109470     INFO  main            d.u.i.k.p.i.AbstractProblemLoader Loading environment from /home/runner/work/key/key/key.core/../key.ui/examples/heap/information_flow/UpdateAbstraction_ex7_4_secure.key 
109470     DEBUG main            d.u.i.k.p.i.AbstractProblemLoader Environment load took 73ns 
109471     INFO  main            d.u.i.k.p.i.AbstractProblemLoader Creating init config 
112336     DEBUG main            d.u.i.k.p.i.AbstractProblemLoader Init config took 2.87s 
112371     INFO  main            d.u.i.k.p.i.AbstractProblemLoader Replaying proof UpdateAbstraction[UpdateAbstraction::ex7_4_secure()].JML operation contract.0 
112372     DEBUG main            d.u.i.k.p.i.IntermediateProofReplayer Proof replay took 5.1ns 
112575     INFO  main            d.u.i.k.p.r.p.TestFile    ... finished proof: closed. 
112819     INFO  main            d.u.i.k.p.i.AbstractProblemLoader Loading environment from /home/runner/work/key/key/key.core/../key.ui/examples/heap/information_flow/UpdateAbstraction_ex7_4_secure.key.proof 
112819     DEBUG main            d.u.i.k.p.i.AbstractProblemLoader Environment load took 120.5ns 
112820     INFO  main            d.u.i.k.p.i.AbstractProblemLoader Creating init config 
115630     DEBUG main            d.u.i.k.p.i.AbstractProblemLoader Init config took 2.81s 
115669     INFO  main            d.u.i.k.p.i.AbstractProblemLoader Replaying proof UpdateAbstraction[UpdateAbstraction::ex7_4_secure()].JML operation contract.0 
115709     DEBUG main            d.u.i.k.p.i.IntermediateProofReplayer Proof replay took 34.17ms 
115710     DEBUG main            d.u.i.k.p.r.p.TestFile    ... success: reloaded. 
115710     INFO  main            d.u.i.k.p.r.p.TestFile    Now processing file /home/runner/work/key/key/key.core/../key.ui/examples/heap/information_flow/UpdateAbstraction_ex7_5_secure.key 
115711     INFO  main            d.u.i.k.p.i.AbstractProblemLoader Loading environment from /home/runner/work/key/key/key.core/../key.ui/examples/heap/information_flow/UpdateAbstraction_ex7_5_secure.key 
115711     DEBUG main            d.u.i.k.p.i.AbstractProblemLoader Environment load took 210.6ns 
115712     INFO  main            d.u.i.k.p.i.AbstractProblemLoader Creating init config 
118564     DEBUG main            d.u.i.k.p.i.AbstractProblemLoader Init config took 2.85s 
118613     INFO  main            d.u.i.k.p.i.AbstractProblemLoader Replaying proof UpdateAbstraction[UpdateAbstraction::ex7_5_secure()].JML operation contract.0 
118614     DEBUG main            d.u.i.k.p.i.IntermediateProofReplayer Proof replay took 5ns 
118718     INFO  main            d.u.i.k.p.r.p.TestFile    ... finished proof: closed. 
118975     INFO  main            d.u.i.k.p.i.AbstractProblemLoader Loading environment from /home/runner/work/key/key/key.core/../key.ui/examples/heap/information_flow/UpdateAbstraction_ex7_5_secure.key.proof 
118976     DEBUG main            d.u.i.k.p.i.AbstractProblemLoader Environment load took 108.4ns 
118976     INFO  main            d.u.i.k.p.i.AbstractProblemLoader Creating init config 
121799     DEBUG main            d.u.i.k.p.i.AbstractProblemLoader Init config took 2.82s 
121832     INFO  main            d.u.i.k.p.i.AbstractProblemLoader Replaying proof UpdateAbstraction[UpdateAbstraction::ex7_5_secure()].JML operation contract.0 
121847     DEBUG main            d.u.i.k.p.i.IntermediateProofReplayer Proof replay took 13.03ms 
121848     DEBUG main            d.u.i.k.p.r.p.TestFile    ... success: reloaded. 
121848     INFO  main            d.u.i.k.p.r.p.TestFile    Now processing file /home/runner/work/key/key/key.core/../key.ui/examples/heap/information_flow/UpdateAbstraction_ex7_6_secure.key 
121849     INFO  main            d.u.i.k.p.i.AbstractProblemLoader Loading environment from /home/runner/work/key/key/key.core/../key.ui/examples/heap/information_flow/UpdateAbstraction_ex7_6_secure.key 
121849     DEBUG main            d.u.i.k.p.i.AbstractProblemLoader Environment load took 96ns 
121850     INFO  main            d.u.i.k.p.i.AbstractProblemLoader Creating init config 
124705     DEBUG main            d.u.i.k.p.i.AbstractProblemLoader Init config took 2.86s 
124759     INFO  main            d.u.i.k.p.i.AbstractProblemLoader Replaying proof UpdateAbstraction[UpdateAbstraction::ex7_6_secure()].JML operation contract.0 
124760     DEBUG main            d.u.i.k.p.i.IntermediateProofReplayer Proof replay took 5.4ns 
125062     INFO  main            d.u.i.k.p.r.p.TestFile    ... finished proof: closed. 
125337     INFO  main            d.u.i.k.p.i.AbstractProblemLoader Loading environment from /home/runner/work/key/key/key.core/../key.ui/examples/heap/information_flow/UpdateAbstraction_ex7_6_secure.key.proof 
125337     DEBUG main            d.u.i.k.p.i.AbstractProblemLoader Environment load took 120.5ns 
125338     INFO  main            d.u.i.k.p.i.AbstractProblemLoader Creating init config 
128133     DEBUG main            d.u.i.k.p.i.AbstractProblemLoader Init config took 2.79s 
128166     INFO  main            d.u.i.k.p.i.AbstractProblemLoader Replaying proof UpdateAbstraction[UpdateAbstraction::ex7_6_secure()].JML operation contract.0 
128211     DEBUG main            d.u.i.k.p.i.IntermediateProofReplayer Proof replay took 42.63ms 
128212     DEBUG main            d.u.i.k.p.r.p.TestFile    ... success: reloaded. 
128213     INFO  main            d.u.i.k.p.r.p.TestFile    Now processing file /home/runner/work/key/key/key.core/../key.ui/examples/heap/information_flow/UpdateAbstraction_ex9_secure.key 
128213     INFO  main            d.u.i.k.p.i.AbstractProblemLoader Loading environment from /home/runner/work/key/key/key.core/../key.ui/examples/heap/information_flow/UpdateAbstraction_ex9_secure.key 
128213     DEBUG main            d.u.i.k.p.i.AbstractProblemLoader Environment load took 92.5ns 
128214     INFO  main            d.u.i.k.p.i.AbstractProblemLoader Creating init config 
131054     DEBUG main            d.u.i.k.p.i.AbstractProblemLoader Init config took 2.84s 
131087     INFO  main            d.u.i.k.p.i.AbstractProblemLoader Replaying proof UpdateAbstraction[UpdateAbstraction::ex9_secure()].JML operation contract.0 
131088     DEBUG main            d.u.i.k.p.i.IntermediateProofReplayer Proof replay took 6.1ns 
132008     INFO  main            d.u.i.k.p.r.p.TestFile    ... finished proof: closed. 
132303     INFO  main            d.u.i.k.p.i.AbstractProblemLoader Loading environment from /home/runner/work/key/key/key.core/../key.ui/examples/heap/information_flow/UpdateAbstraction_ex9_secure.key.proof 
132303     DEBUG main            d.u.i.k.p.i.AbstractProblemLoader Environment load took 104.7ns 
132304     INFO  main            d.u.i.k.p.i.AbstractProblemLoader Creating init config 
135102     DEBUG main            d.u.i.k.p.i.AbstractProblemLoader Init config took 2.8s 
135136     INFO  main            d.u.i.k.p.i.AbstractProblemLoader Replaying proof UpdateAbstraction[UpdateAbstraction::ex9_secure()].JML operation contract.0 
135296     DEBUG main            d.u.i.k.p.i.IntermediateProofReplayer Proof replay took 155.17ms 
135298     DEBUG main            d.u.i.k.p.r.p.TestFile    ... success: reloaded. 
841477     INFO  Test worker     d.u.i.k.p.r.RunAllProofsTestUnit Returning from test javaCard 
841478     INFO  Test worker     d.u.i.k.p.r.RunAllProofsTestUnit Running test list 
357        INFO  Timeout watchdog d.u.i.k.p.r.p.ForkedTestFileRunner Timeout watcher launched (2000 secs.) 
370        WARN  main            d.u.i.k.s.ProofSettings   The settings in /home/runner/.key/proof-settings.props are *not* read. 
419        INFO  main            d.u.i.k.p.r.p.TestFile    Now processing file /home/runner/work/key/key/key.core/../key.ui/examples/heap/list/ArrayList_add.key 
541        INFO  main            d.u.i.k.p.i.AbstractProblemLoader Loading environment from /home/runner/work/key/key/key.core/../key.ui/examples/heap/list/ArrayList_add.key 
569        DEBUG main            d.u.i.k.p.i.AbstractProblemLoader Environment load took 2.21ms 
795        INFO  main            d.u.i.k.p.i.AbstractProblemLoader Creating init config 
1689       DEBUG main            d.u.i.k.j.TypeConverter   No LDT found for Meta 
1691       DEBUG main            d.u.i.k.j.TypeConverter   No LDT found for Meta 
1692       DEBUG main            d.u.i.k.j.TypeConverter   No LDT found for Meta 
1693       DEBUG main            d.u.i.k.j.TypeConverter   No LDT found for Meta 
2836       DEBUG main            d.u.i.k.j.TypeConverter   No LDT found for JavaBigintExpression 
6083       DEBUG main            d.u.i.k.j.r.ClassPreparationMethodBuilder clPrepBuilder: Inner Class detected. Reject building class initialisation methods. 
8760       DEBUG main            d.u.i.k.p.i.AbstractProblemLoader Init config took 7.96s 
8940       INFO  main            d.u.i.k.p.i.AbstractProblemLoader Replaying proof ArrayList[List::add(java.lang.Object)].JML normal_behavior operation contract.0 
9040       DEBUG main            d.u.i.k.p.i.IntermediateProofReplayer Proof replay took 34.9ns 
14651      INFO  main            d.u.i.k.p.r.p.TestFile    ... finished proof: closed. 
14847      INFO  main            d.u.i.k.p.i.AbstractProblemLoader Loading environment from /home/runner/work/key/key/key.core/../key.ui/examples/heap/list/ArrayList_add.key.proof 
14847      DEBUG main            d.u.i.k.p.i.AbstractProblemLoader Environment load took 473.6ns 
14850      INFO  main            d.u.i.k.p.i.AbstractProblemLoader Creating init config 
16020      DEBUG main            d.u.i.k.j.r.ClassPreparationMethodBuilder clPrepBuilder: Inner Class detected. Reject building class initialisation methods. 
18312      DEBUG main            d.u.i.k.p.i.AbstractProblemLoader Init config took 3.46s 
18389      INFO  main            d.u.i.k.p.i.AbstractProblemLoader Replaying proof ArrayList[List::add(java.lang.Object)].JML normal_behavior operation contract.0 
19064      DEBUG main            d.u.i.k.p.i.IntermediateProofReplayer Proof replay took 635.13ms 
19073      DEBUG main            d.u.i.k.p.r.p.TestFile    ... success: reloaded. 
19077      INFO  main            d.u.i.k.p.r.p.TestFile    Now processing file /home/runner/work/key/key/key.core/../key.ui/examples/heap/list/ArrayList_ArrayList.key 
19077      INFO  main            d.u.i.k.p.i.AbstractProblemLoader Loading environment from /home/runner/work/key/key/key.core/../key.ui/examples/heap/list/ArrayList_ArrayList.key 
19078      DEBUG main            d.u.i.k.p.i.AbstractProblemLoader Environment load took 317.1ns 
19081      INFO  main            d.u.i.k.p.i.AbstractProblemLoader Creating init config 
20247      DEBUG main            d.u.i.k.j.r.ClassPreparationMethodBuilder clPrepBuilder: Inner Class detected. Reject building class initialisation methods. 
22448      DEBUG main            d.u.i.k.p.i.AbstractProblemLoader Init config took 3.37s 
22547      INFO  main            d.u.i.k.p.i.AbstractProblemLoader Replaying proof ArrayList[ArrayList::ArrayList()].JML normal_behavior operation contract.0 
22549      DEBUG main            d.u.i.k.p.i.IntermediateProofReplayer Proof replay took 5.9ns 
24055      INFO  main            d.u.i.k.p.r.p.TestFile    ... finished proof: closed. 
24209      INFO  main            d.u.i.k.p.i.AbstractProblemLoader Loading environment from /home/runner/work/key/key/key.core/../key.ui/examples/heap/list/ArrayList_ArrayList.key.proof 
24213      DEBUG main            d.u.i.k.p.i.AbstractProblemLoader Environment load took 3.56ms 
24214      INFO  main            d.u.i.k.p.i.AbstractProblemLoader Creating init config 
25233      DEBUG main            d.u.i.k.j.r.ClassPreparationMethodBuilder clPrepBuilder: Inner Class detected. Reject building class initialisation methods. 
27337      DEBUG main            d.u.i.k.p.i.AbstractProblemLoader Init config took 3.12s 
27401      INFO  main            d.u.i.k.p.i.AbstractProblemLoader Replaying proof ArrayList[ArrayList::ArrayList()].JML normal_behavior operation contract.0 
27564      DEBUG main            d.u.i.k.p.i.IntermediateProofReplayer Proof replay took 153.42ms 
27566      DEBUG main            d.u.i.k.p.r.p.TestFile    ... success: reloaded. 
27567      INFO  main            d.u.i.k.p.r.p.TestFile    Now processing file /home/runner/work/key/key/key.core/../key.ui/examples/heap/list/ArrayList_concatenate.key 
27568      INFO  main            d.u.i.k.p.i.AbstractProblemLoader Loading environment from /home/runner/work/key/key/key.core/../key.ui/examples/heap/list/ArrayList_concatenate.key 
27568      DEBUG main            d.u.i.k.p.i.AbstractProblemLoader Environment load took 214.9ns 
27569      INFO  main            d.u.i.k.p.i.AbstractProblemLoader Creating init config 
28581      DEBUG main            d.u.i.k.j.r.ClassPreparationMethodBuilder clPrepBuilder: Inner Class detected. Reject building class initialisation methods. 
30743      DEBUG main            d.u.i.k.p.i.AbstractProblemLoader Init config took 3.17s 
30804      INFO  main            d.u.i.k.p.i.AbstractProblemLoader Replaying proof ArrayList[List::concatenate(List)].JML normal_behavior operation contract.0 
30806      DEBUG main            d.u.i.k.p.i.IntermediateProofReplayer Proof replay took 6.5ns 
55590      INFO  main            d.u.i.k.p.r.p.TestFile    ... finished proof: closed. 
55831      INFO  main            d.u.i.k.p.i.AbstractProblemLoader Loading environment from /home/runner/work/key/key/key.core/../key.ui/examples/heap/list/ArrayList_concatenate.key.proof 
55831      DEBUG main            d.u.i.k.p.i.AbstractProblemLoader Environment load took 441.3ns 
55837      INFO  main            d.u.i.k.p.i.AbstractProblemLoader Creating init config 
56825      DEBUG main            d.u.i.k.j.r.ClassPreparationMethodBuilder clPrepBuilder: Inner Class detected. Reject building class initialisation methods. 
58921      DEBUG main            d.u.i.k.p.i.AbstractProblemLoader Init config took 3.08s 
58981      INFO  main            d.u.i.k.p.i.AbstractProblemLoader Replaying proof ArrayList[List::concatenate(List)].JML normal_behavior operation contract.0 
60518      DEBUG main            d.u.i.k.p.i.IntermediateProofReplayer Proof replay took 1.47s 
60522      DEBUG main            d.u.i.k.p.r.p.TestFile    ... success: reloaded. 
60523      INFO  main            d.u.i.k.p.r.p.TestFile    Now processing file /home/runner/work/key/key/key.core/../key.ui/examples/heap/list/ArrayList_contains_dep.key 
60523      INFO  main            d.u.i.k.p.i.AbstractProblemLoader Loading environment from /home/runner/work/key/key/key.core/../key.ui/examples/heap/list/ArrayList_contains_dep.key 
60524      DEBUG main            d.u.i.k.p.i.AbstractProblemLoader Environment load took 253.5ns 
60525      INFO  main            d.u.i.k.p.i.AbstractProblemLoader Creating init config 
61560      DEBUG main            d.u.i.k.j.r.ClassPreparationMethodBuilder clPrepBuilder: Inner Class detected. Reject building class initialisation methods. 
63659      DEBUG main            d.u.i.k.p.i.AbstractProblemLoader Init config took 3.13s 
63734      INFO  main            d.u.i.k.p.i.AbstractProblemLoader Replaying proof ArrayList[List::contains(java.lang.Object)].JML accessible clause.0 
63735      DEBUG main            d.u.i.k.p.i.IntermediateProofReplayer Proof replay took 6ns 
66558      INFO  main            d.u.i.k.p.r.p.TestFile    ... finished proof: closed. 
66766      INFO  main            d.u.i.k.p.i.AbstractProblemLoader Loading environment from /home/runner/work/key/key/key.core/../key.ui/examples/heap/list/ArrayList_contains_dep.key.proof 
66766      DEBUG main            d.u.i.k.p.i.AbstractProblemLoader Environment load took 434.6ns 
66767      INFO  main            d.u.i.k.p.i.AbstractProblemLoader Creating init config 
67771      DEBUG main            d.u.i.k.j.r.ClassPreparationMethodBuilder clPrepBuilder: Inner Class detected. Reject building class initialisation methods. 
69876      DEBUG main            d.u.i.k.p.i.AbstractProblemLoader Init config took 3.11s 
69930      INFO  main            d.u.i.k.p.i.AbstractProblemLoader Replaying proof ArrayList[List::contains(java.lang.Object)].JML accessible clause.0 
70235      DEBUG main            d.u.i.k.p.i.IntermediateProofReplayer Proof replay took 294ms 
70237      DEBUG main            d.u.i.k.p.r.p.TestFile    ... success: reloaded. 
70238      INFO  main            d.u.i.k.p.r.p.TestFile    Now processing file /home/runner/work/key/key/key.core/../key.ui/examples/heap/list/ArrayList_enlarge.key 
70238      INFO  main            d.u.i.k.p.i.AbstractProblemLoader Loading environment from /home/runner/work/key/key/key.core/../key.ui/examples/heap/list/ArrayList_enlarge.key 
70238      DEBUG main            d.u.i.k.p.i.AbstractProblemLoader Environment load took 94.4ns 
70239      INFO  main            d.u.i.k.p.i.AbstractProblemLoader Creating init config 
71236      DEBUG main            d.u.i.k.j.r.ClassPreparationMethodBuilder clPrepBuilder: Inner Class detected. Reject building class initialisation methods. 
73307      DEBUG main            d.u.i.k.p.i.AbstractProblemLoader Init config took 3.07s 
73362      INFO  main            d.u.i.k.p.i.AbstractProblemLoader Replaying proof ArrayList[ArrayList::enlarge()].JML normal_behavior operation contract.0 
73364      DEBUG main            d.u.i.k.p.i.IntermediateProofReplayer Proof replay took 5.1ns 
75696      INFO  main            d.u.i.k.p.r.p.TestFile    ... finished proof: closed. 
75896      INFO  main            d.u.i.k.p.i.AbstractProblemLoader Loading environment from /home/runner/work/key/key/key.core/../key.ui/examples/heap/list/ArrayList_enlarge.key.proof 
75898      DEBUG main            d.u.i.k.p.i.AbstractProblemLoader Environment load took 1.8ms 
75899      INFO  main            d.u.i.k.p.i.AbstractProblemLoader Creating init config 
76878      DEBUG main            d.u.i.k.j.r.ClassPreparationMethodBuilder clPrepBuilder: Inner Class detected. Reject building class initialisation methods. 
78902      DEBUG main            d.u.i.k.p.i.AbstractProblemLoader Init config took 3s 
78959      INFO  main            d.u.i.k.p.i.AbstractProblemLoader Replaying proof ArrayList[ArrayList::enlarge()].JML normal_behavior operation contract.0 
79245      DEBUG main            d.u.i.k.p.i.IntermediateProofReplayer Proof replay took 277.3ms 
79246      DEBUG main            d.u.i.k.p.r.p.TestFile    ... success: reloaded. 
79247      INFO  main            d.u.i.k.p.r.p.TestFile    Now processing file /home/runner/work/key/key/key.core/../key.ui/examples/heap/list/ArrayList_footprint.key 
79248      INFO  main            d.u.i.k.p.i.AbstractProblemLoader Loading environment from /home/runner/work/key/key/key.core/../key.ui/examples/heap/list/ArrayList_footprint.key 
79248      DEBUG main            d.u.i.k.p.i.AbstractProblemLoader Environment load took 208.4ns 
79249      INFO  main            d.u.i.k.p.i.AbstractProblemLoader Creating init config 
80231      DEBUG main            d.u.i.k.j.r.ClassPreparationMethodBuilder clPrepBuilder: Inner Class detected. Reject building class initialisation methods. 
82333      DEBUG main            d.u.i.k.p.i.AbstractProblemLoader Init config took 3.08s 
82405      INFO  main            d.u.i.k.p.i.AbstractProblemLoader Replaying proof List[List::$footprint()].JML accessible clause.0 
82408      DEBUG main            d.u.i.k.p.i.IntermediateProofReplayer Proof replay took 5.2ns 
82513      INFO  main            d.u.i.k.p.r.p.TestFile    ... finished proof: closed. 
82716      INFO  main            d.u.i.k.p.i.AbstractProblemLoader Loading environment from /home/runner/work/key/key/key.core/../key.ui/examples/heap/list/ArrayList_footprint.key.proof 
82716      DEBUG main            d.u.i.k.p.i.AbstractProblemLoader Environment load took 103.8ns 
82718      INFO  main            d.u.i.k.p.i.AbstractProblemLoader Creating init config 
83698      DEBUG main            d.u.i.k.j.r.ClassPreparationMethodBuilder clPrepBuilder: Inner Class detected. Reject building class initialisation methods. 
85718      DEBUG main            d.u.i.k.p.i.AbstractProblemLoader Init config took 3s 
85773      INFO  main            d.u.i.k.p.i.AbstractProblemLoader Replaying proof List[List::$footprint()].JML accessible clause.0 
85775      DEBUG main            d.u.i.k.p.i.IntermediateProofReplayer Proof replay took 809.7ns 
85776      DEBUG main            d.u.i.k.p.r.p.TestFile    ... success: reloaded. 
85777      INFO  main            d.u.i.k.p.r.p.TestFile    Now processing file /home/runner/work/key/key/key.core/../key.ui/examples/heap/list/ArrayList_get_dep.key 
85778      INFO  main            d.u.i.k.p.i.AbstractProblemLoader Loading environment from /home/runner/work/key/key/key.core/../key.ui/examples/heap/list/ArrayList_get_dep.key 
85778      DEBUG main            d.u.i.k.p.i.AbstractProblemLoader Environment load took 204.7ns 
85779      INFO  main            d.u.i.k.p.i.AbstractProblemLoader Creating init config 
86746      DEBUG main            d.u.i.k.j.r.ClassPreparationMethodBuilder clPrepBuilder: Inner Class detected. Reject building class initialisation methods. 
88820      DEBUG main            d.u.i.k.p.i.AbstractProblemLoader Init config took 3.04s 
88882      INFO  main            d.u.i.k.p.i.AbstractProblemLoader Replaying proof ArrayList[List::get(int)].JML accessible clause.0 
88883      DEBUG main            d.u.i.k.p.i.IntermediateProofReplayer Proof replay took 6.1ns 
89290      INFO  main            d.u.i.k.p.r.p.TestFile    ... finished proof: closed. 
89483      INFO  main            d.u.i.k.p.i.AbstractProblemLoader Loading environment from /home/runner/work/key/key/key.core/../key.ui/examples/heap/list/ArrayList_get_dep.key.proof 
89483      DEBUG main            d.u.i.k.p.i.AbstractProblemLoader Environment load took 110.8ns 
89484      INFO  main            d.u.i.k.p.i.AbstractProblemLoader Creating init config 
90436      DEBUG main            d.u.i.k.j.r.ClassPreparationMethodBuilder clPrepBuilder: Inner Class detected. Reject building class initialisation methods. 
92507      DEBUG main            d.u.i.k.p.i.AbstractProblemLoader Init config took 3.02s 
92559      INFO  main            d.u.i.k.p.i.AbstractProblemLoader Replaying proof ArrayList[List::get(int)].JML accessible clause.0 
92611      DEBUG main            d.u.i.k.p.i.IntermediateProofReplayer Proof replay took 48.52ms 
92612      DEBUG main            d.u.i.k.p.r.p.TestFile    ... success: reloaded. 
92613      INFO  main            d.u.i.k.p.r.p.TestFile    Now processing file /home/runner/work/key/key/key.core/../key.ui/examples/heap/list/ArrayList_get_exceptional.key 
92614      INFO  main            d.u.i.k.p.i.AbstractProblemLoader Loading environment from /home/runner/work/key/key/key.core/../key.ui/examples/heap/list/ArrayList_get_exceptional.key 
92614      DEBUG main            d.u.i.k.p.i.AbstractProblemLoader Environment load took 246ns 
92615      INFO  main            d.u.i.k.p.i.AbstractProblemLoader Creating init config 
93567      DEBUG main            d.u.i.k.j.r.ClassPreparationMethodBuilder clPrepBuilder: Inner Class detected. Reject building class initialisation methods. 
95621      DEBUG main            d.u.i.k.p.i.AbstractProblemLoader Init config took 3.01s 
95671      INFO  main            d.u.i.k.p.i.AbstractProblemLoader Replaying proof ArrayList[List::get(int)].JML exceptional_behavior operation contract.0 
95673      DEBUG main            d.u.i.k.p.i.IntermediateProofReplayer Proof replay took 5.9ns 
96881      INFO  main            d.u.i.k.p.r.p.TestFile    ... finished proof: closed. 
97080      INFO  main            d.u.i.k.p.i.AbstractProblemLoader Loading environment from /home/runner/work/key/key/key.core/../key.ui/examples/heap/list/ArrayList_get_exceptional.key.proof 
97080      DEBUG main            d.u.i.k.p.i.AbstractProblemLoader Environment load took 113.7ns 
97081      INFO  main            d.u.i.k.p.i.AbstractProblemLoader Creating init config 
98033      DEBUG main            d.u.i.k.j.r.ClassPreparationMethodBuilder clPrepBuilder: Inner Class detected. Reject building class initialisation methods. 
100094     DEBUG main            d.u.i.k.p.i.AbstractProblemLoader Init config took 3.01s 
100159     INFO  main            d.u.i.k.p.i.AbstractProblemLoader Replaying proof ArrayList[List::get(int)].JML exceptional_behavior operation contract.0 
100299     DEBUG main            d.u.i.k.p.i.IntermediateProofReplayer Proof replay took 133.95ms 
100300     DEBUG main            d.u.i.k.p.r.p.TestFile    ... success: reloaded. 
100302     INFO  main            d.u.i.k.p.r.p.TestFile    Now processing file /home/runner/work/key/key/key.core/../key.ui/examples/heap/list/ArrayList_get_normal.key 
100302     INFO  main            d.u.i.k.p.i.AbstractProblemLoader Loading environment from /home/runner/work/key/key/key.core/../key.ui/examples/heap/list/ArrayList_get_normal.key 
100302     DEBUG main            d.u.i.k.p.i.AbstractProblemLoader Environment load took 215.7ns 
100303     INFO  main            d.u.i.k.p.i.AbstractProblemLoader Creating init config 
101255     DEBUG main            d.u.i.k.j.r.ClassPreparationMethodBuilder clPrepBuilder: Inner Class detected. Reject building class initialisation methods. 
103324     DEBUG main            d.u.i.k.p.i.AbstractProblemLoader Init config took 3.02s 
103374     INFO  main            d.u.i.k.p.i.AbstractProblemLoader Replaying proof ArrayList[List::get(int)].JML normal_behavior operation contract.0 
103375     DEBUG main            d.u.i.k.p.i.IntermediateProofReplayer Proof replay took 7ns 
103878     INFO  main            d.u.i.k.p.r.p.TestFile    ... finished proof: closed. 
104068     INFO  main            d.u.i.k.p.i.AbstractProblemLoader Loading environment from /home/runner/work/key/key/key.core/../key.ui/examples/heap/list/ArrayList_get_normal.key.proof 
104068     DEBUG main            d.u.i.k.p.i.AbstractProblemLoader Environment load took 112.6ns 
104070     INFO  main            d.u.i.k.p.i.AbstractProblemLoader Creating init config 
105034     DEBUG main            d.u.i.k.j.r.ClassPreparationMethodBuilder clPrepBuilder: Inner Class detected. Reject building class initialisation methods. 
107070     DEBUG main            d.u.i.k.p.i.AbstractProblemLoader Init config took 3s 
107119     INFO  main            d.u.i.k.p.i.AbstractProblemLoader Replaying proof ArrayList[List::get(int)].JML normal_behavior operation contract.0 
107177     DEBUG main            d.u.i.k.p.i.IntermediateProofReplayer Proof replay took 54.71ms 
107179     DEBUG main            d.u.i.k.p.r.p.TestFile    ... success: reloaded. 
107180     INFO  main            d.u.i.k.p.r.p.TestFile    Now processing file /home/runner/work/key/key/key.core/../key.ui/examples/heap/list/ArrayList_inv.key 
107181     INFO  main            d.u.i.k.p.i.AbstractProblemLoader Loading environment from /home/runner/work/key/key/key.core/../key.ui/examples/heap/list/ArrayList_inv.key 
107181     DEBUG main            d.u.i.k.p.i.AbstractProblemLoader Environment load took 226.6ns 
107182     INFO  main            d.u.i.k.p.i.AbstractProblemLoader Creating init config 
108184     DEBUG main            d.u.i.k.j.r.ClassPreparationMethodBuilder clPrepBuilder: Inner Class detected. Reject building class initialisation methods. 
110246     DEBUG main            d.u.i.k.p.i.AbstractProblemLoader Init config took 3.06s 
110295     INFO  main            d.u.i.k.p.i.AbstractProblemLoader Replaying proof ArrayList[java.lang.Object::<inv>()].JML accessible clause.0 
110296     DEBUG main            d.u.i.k.p.i.IntermediateProofReplayer Proof replay took 6ns 
110699     INFO  main            d.u.i.k.p.r.p.TestFile    ... finished proof: closed. 
110904     INFO  main            d.u.i.k.p.i.AbstractProblemLoader Loading environment from /home/runner/work/key/key/key.core/../key.ui/examples/heap/list/ArrayList_inv.key.proof 
110904     DEBUG main            d.u.i.k.p.i.AbstractProblemLoader Environment load took 112.1ns 
110906     INFO  main            d.u.i.k.p.i.AbstractProblemLoader Creating init config 
111884     DEBUG main            d.u.i.k.j.r.ClassPreparationMethodBuilder clPrepBuilder: Inner Class detected. Reject building class initialisation methods. 
113929     DEBUG main            d.u.i.k.p.i.AbstractProblemLoader Init config took 3.02s 
113977     INFO  main            d.u.i.k.p.i.AbstractProblemLoader Replaying proof ArrayList[java.lang.Object::<inv>()].JML accessible clause.0 
114007     DEBUG main            d.u.i.k.p.i.IntermediateProofReplayer Proof replay took 26.79ms 
114008     DEBUG main            d.u.i.k.p.r.p.TestFile    ... success: reloaded. 
114009     INFO  main            d.u.i.k.p.r.p.TestFile    Now processing file /home/runner/work/key/key/key.core/../key.ui/examples/heap/list/ArrayList_iterator.key 
114009     INFO  main            d.u.i.k.p.i.AbstractProblemLoader Loading environment from /home/runner/work/key/key/key.core/../key.ui/examples/heap/list/ArrayList_iterator.key 
114010     DEBUG main            d.u.i.k.p.i.AbstractProblemLoader Environment load took 99.3ns 
114010     INFO  main            d.u.i.k.p.i.AbstractProblemLoader Creating init config 
114979     DEBUG main            d.u.i.k.j.r.ClassPreparationMethodBuilder clPrepBuilder: Inner Class detected. Reject building class initialisation methods. 
117039     DEBUG main            d.u.i.k.p.i.AbstractProblemLoader Init config took 3.03s 
117087     INFO  main            d.u.i.k.p.i.AbstractProblemLoader Replaying proof ArrayList[List::iterator()].JML normal_behavior operation contract.0 
117088     DEBUG main            d.u.i.k.p.i.IntermediateProofReplayer Proof replay took 5.9ns 
117595     INFO  main            d.u.i.k.p.r.p.TestFile    ... finished proof: closed. 
117791     INFO  main            d.u.i.k.p.i.AbstractProblemLoader Loading environment from /home/runner/work/key/key/key.core/../key.ui/examples/heap/list/ArrayList_iterator.key.proof 
117791     DEBUG main            d.u.i.k.p.i.AbstractProblemLoader Environment load took 110.5ns 
117792     INFO  main            d.u.i.k.p.i.AbstractProblemLoader Creating init config 
118737     DEBUG main            d.u.i.k.j.r.ClassPreparationMethodBuilder clPrepBuilder: Inner Class detected. Reject building class initialisation methods. 
120765     DEBUG main            d.u.i.k.p.i.AbstractProblemLoader Init config took 2.97s 
120823     INFO  main            d.u.i.k.p.i.AbstractProblemLoader Replaying proof ArrayList[List::iterator()].JML normal_behavior operation contract.0 
120884     DEBUG main            d.u.i.k.p.i.IntermediateProofReplayer Proof replay took 56.77ms 
120885     DEBUG main            d.u.i.k.p.r.p.TestFile    ... success: reloaded. 
120886     INFO  main            d.u.i.k.p.r.p.TestFile    Now processing file /home/runner/work/key/key/key.core/../key.ui/examples/heap/list/ArrayList_size_dep.key 
120886     INFO  main            d.u.i.k.p.i.AbstractProblemLoader Loading environment from /home/runner/work/key/key/key.core/../key.ui/examples/heap/list/ArrayList_size_dep.key 
120887     DEBUG main            d.u.i.k.p.i.AbstractProblemLoader Environment load took 92.6ns 
120887     INFO  main            d.u.i.k.p.i.AbstractProblemLoader Creating init config 
121895     DEBUG main            d.u.i.k.j.r.ClassPreparationMethodBuilder clPrepBuilder: Inner Class detected. Reject building class initialisation methods. 
123981     DEBUG main            d.u.i.k.p.i.AbstractProblemLoader Init config took 3.09s 
124030     INFO  main            d.u.i.k.p.i.AbstractProblemLoader Replaying proof ArrayList[List::size()].JML accessible clause.0 
124032     DEBUG main            d.u.i.k.p.i.IntermediateProofReplayer Proof replay took 6.1ns 
124233     INFO  main            d.u.i.k.p.r.p.TestFile    ... finished proof: closed. 
124439     INFO  main            d.u.i.k.p.i.AbstractProblemLoader Loading environment from /home/runner/work/key/key/key.core/../key.ui/examples/heap/list/ArrayList_size_dep.key.proof 
124439     DEBUG main            d.u.i.k.p.i.AbstractProblemLoader Environment load took 108ns 
124440     INFO  main            d.u.i.k.p.i.AbstractProblemLoader Creating init config 
125382     DEBUG main            d.u.i.k.j.r.ClassPreparationMethodBuilder clPrepBuilder: Inner Class detected. Reject building class initialisation methods. 
127418     DEBUG main            d.u.i.k.p.i.AbstractProblemLoader Init config took 2.98s 
127465     INFO  main            d.u.i.k.p.i.AbstractProblemLoader Replaying proof ArrayList[List::size()].JML accessible clause.0 
127482     DEBUG main            d.u.i.k.p.i.IntermediateProofReplayer Proof replay took 14.67ms 
127482     DEBUG main            d.u.i.k.p.r.p.TestFile    ... success: reloaded. 
127484     INFO  main            d.u.i.k.p.r.p.TestFile    Now processing file /home/runner/work/key/key/key.core/../key.ui/examples/heap/list/ArrayList_size.key 
127484     INFO  main            d.u.i.k.p.i.AbstractProblemLoader Loading environment from /home/runner/work/key/key/key.core/../key.ui/examples/heap/list/ArrayList_size.key 
127484     DEBUG main            d.u.i.k.p.i.AbstractProblemLoader Environment load took 78.8ns 
127485     INFO  main            d.u.i.k.p.i.AbstractProblemLoader Creating init config 
128447     DEBUG main            d.u.i.k.j.r.ClassPreparationMethodBuilder clPrepBuilder: Inner Class detected. Reject building class initialisation methods. 
130479     DEBUG main            d.u.i.k.p.i.AbstractProblemLoader Init config took 2.99s 
130526     INFO  main            d.u.i.k.p.i.AbstractProblemLoader Replaying proof ArrayList[List::size()].JML normal_behavior operation contract.0 
130528     DEBUG main            d.u.i.k.p.i.IntermediateProofReplayer Proof replay took 5.9ns 
130730     INFO  main            d.u.i.k.p.r.p.TestFile    ... finished proof: closed. 
130961     INFO  main            d.u.i.k.p.i.AbstractProblemLoader Loading environment from /home/runner/work/key/key/key.core/../key.ui/examples/heap/list/ArrayList_size.key.proof 
130961     DEBUG main            d.u.i.k.p.i.AbstractProblemLoader Environment load took 106.5ns 
130963     INFO  main            d.u.i.k.p.i.AbstractProblemLoader Creating init config 
131892     DEBUG main            d.u.i.k.j.r.ClassPreparationMethodBuilder clPrepBuilder: Inner Class detected. Reject building class initialisation methods. 
133908     DEBUG main            d.u.i.k.p.i.AbstractProblemLoader Init config took 2.95s 
133971     INFO  main            d.u.i.k.p.i.AbstractProblemLoader Replaying proof ArrayList[List::size()].JML normal_behavior operation contract.0 
133997     DEBUG main            d.u.i.k.p.i.IntermediateProofReplayer Proof replay took 23.08ms 
133997     DEBUG main            d.u.i.k.p.r.p.TestFile    ... success: reloaded. 
133998     INFO  main            d.u.i.k.p.r.p.TestFile    Now processing file /home/runner/work/key/key/key.core/../key.ui/examples/heap/list/ArrayList.ArrayListIterator_ArrayListIterator.key 
133999     INFO  main            d.u.i.k.p.i.AbstractProblemLoader Loading environment from /home/runner/work/key/key/key.core/../key.ui/examples/heap/list/ArrayList.ArrayListIterator_ArrayListIterator.key 
133999     DEBUG main            d.u.i.k.p.i.AbstractProblemLoader Environment load took 85.1ns 
134000     INFO  main            d.u.i.k.p.i.AbstractProblemLoader Creating init config 
135011     DEBUG main            d.u.i.k.j.r.ClassPreparationMethodBuilder clPrepBuilder: Inner Class detected. Reject building class initialisation methods. 
137070     DEBUG main            d.u.i.k.p.i.AbstractProblemLoader Init config took 3.07s 
137140     INFO  main            d.u.i.k.p.i.AbstractProblemLoader Replaying proof ArrayList.ArrayListIterator[ArrayList.ArrayListIterator::ArrayListIterator(ArrayList)].JML normal_behavior operation contract.0 
137142     DEBUG main            d.u.i.k.p.i.IntermediateProofReplayer Proof replay took 5.5ns 
137745     INFO  main            d.u.i.k.p.r.p.TestFile    ... finished proof: closed. 
137987     INFO  main            d.u.i.k.p.i.AbstractProblemLoader Loading environment from /home/runner/work/key/key/key.core/../key.ui/examples/heap/list/ArrayList.ArrayListIterator_ArrayListIterator.key.proof 
137987     DEBUG main            d.u.i.k.p.i.AbstractProblemLoader Environment load took 418.7ns 
137988     INFO  main            d.u.i.k.p.i.AbstractProblemLoader Creating init config 
138925     DEBUG main            d.u.i.k.j.r.ClassPreparationMethodBuilder clPrepBuilder: Inner Class detected. Reject building class initialisation methods. 
140973     DEBUG main            d.u.i.k.p.i.AbstractProblemLoader Init config took 2.98s 
141029     INFO  main            d.u.i.k.p.i.AbstractProblemLoader Replaying proof ArrayList.ArrayListIterator[ArrayList.ArrayListIterator::ArrayListIterator(ArrayList)].JML normal_behavior operation contract.0 
141101     DEBUG main            d.u.i.k.p.i.IntermediateProofReplayer Proof replay took 67.25ms 
141102     DEBUG main            d.u.i.k.p.r.p.TestFile    ... success: reloaded. 
141103     INFO  main            d.u.i.k.p.r.p.TestFile    Now processing file /home/runner/work/key/key/key.core/../key.ui/examples/heap/list/ArrayList.ArrayListIterator_hasNext_dep.key 
141104     INFO  main            d.u.i.k.p.i.AbstractProblemLoader Loading environment from /home/runner/work/key/key/key.core/../key.ui/examples/heap/list/ArrayList.ArrayListIterator_hasNext_dep.key 
141104     DEBUG main            d.u.i.k.p.i.AbstractProblemLoader Environment load took 92.8ns 
141105     INFO  main            d.u.i.k.p.i.AbstractProblemLoader Creating init config 
142059     DEBUG main            d.u.i.k.j.r.ClassPreparationMethodBuilder clPrepBuilder: Inner Class detected. Reject building class initialisation methods. 
144096     DEBUG main            d.u.i.k.p.i.AbstractProblemLoader Init config took 2.99s 
144150     INFO  main            d.u.i.k.p.i.AbstractProblemLoader Replaying proof ArrayList.ArrayListIterator[ListIterator::hasNext()].JML accessible clause.0 
144152     DEBUG main            d.u.i.k.p.i.IntermediateProofReplayer Proof replay took 5.7ns 
144555     INFO  main            d.u.i.k.p.r.p.TestFile    ... finished proof: closed. 
144789     INFO  main            d.u.i.k.p.i.AbstractProblemLoader Loading environment from /home/runner/work/key/key/key.core/../key.ui/examples/heap/list/ArrayList.ArrayListIterator_hasNext_dep.key.proof 
144789     DEBUG main            d.u.i.k.p.i.AbstractProblemLoader Environment load took 120.5ns 
144790     INFO  main            d.u.i.k.p.i.AbstractProblemLoader Creating init config 
145728     DEBUG main            d.u.i.k.j.r.ClassPreparationMethodBuilder clPrepBuilder: Inner Class detected. Reject building class initialisation methods. 
147750     DEBUG main            d.u.i.k.p.i.AbstractProblemLoader Init config took 2.96s 
147804     INFO  main            d.u.i.k.p.i.AbstractProblemLoader Replaying proof ArrayList.ArrayListIterator[ListIterator::hasNext()].JML accessible clause.0 
147838     DEBUG main            d.u.i.k.p.i.IntermediateProofReplayer Proof replay took 30.74ms 
147839     DEBUG main            d.u.i.k.p.r.p.TestFile    ... success: reloaded. 
147840     INFO  main            d.u.i.k.p.r.p.TestFile    Now processing file /home/runner/work/key/key/key.core/../key.ui/examples/heap/list/ArrayList.ArrayListIterator_hasNext.key 
147840     INFO  main            d.u.i.k.p.i.AbstractProblemLoader Loading environment from /home/runner/work/key/key/key.core/../key.ui/examples/heap/list/ArrayList.ArrayListIterator_hasNext.key 
147840     DEBUG main            d.u.i.k.p.i.AbstractProblemLoader Environment load took 81.7ns 
147841     INFO  main            d.u.i.k.p.i.AbstractProblemLoader Creating init config 
148816     DEBUG main            d.u.i.k.j.r.ClassPreparationMethodBuilder clPrepBuilder: Inner Class detected. Reject building class initialisation methods. 
150836     DEBUG main            d.u.i.k.p.i.AbstractProblemLoader Init config took 3s 
150891     INFO  main            d.u.i.k.p.i.AbstractProblemLoader Replaying proof ArrayList.ArrayListIterator[ListIterator::hasNext()].JML normal_behavior operation contract.0 
150892     DEBUG main            d.u.i.k.p.i.IntermediateProofReplayer Proof replay took 5.8ns 
151295     INFO  main            d.u.i.k.p.r.p.TestFile    ... finished proof: closed. 
151541     INFO  main            d.u.i.k.p.i.AbstractProblemLoader Loading environment from /home/runner/work/key/key/key.core/../key.ui/examples/heap/list/ArrayList.ArrayListIterator_hasNext.key.proof 
151541     DEBUG main            d.u.i.k.p.i.AbstractProblemLoader Environment load took 99.5ns 
151542     INFO  main            d.u.i.k.p.i.AbstractProblemLoader Creating init config 
152474     DEBUG main            d.u.i.k.j.r.ClassPreparationMethodBuilder clPrepBuilder: Inner Class detected. Reject building class initialisation methods. 
154470     DEBUG main            d.u.i.k.p.i.AbstractProblemLoader Init config took 2.93s 
154523     INFO  main            d.u.i.k.p.i.AbstractProblemLoader Replaying proof ArrayList.ArrayListIterator[ListIterator::hasNext()].JML normal_behavior operation contract.0 
154572     DEBUG main            d.u.i.k.p.i.IntermediateProofReplayer Proof replay took 46.14ms 
154573     DEBUG main            d.u.i.k.p.r.p.TestFile    ... success: reloaded. 
154574     INFO  main            d.u.i.k.p.r.p.TestFile    Now processing file /home/runner/work/key/key/key.core/../key.ui/examples/heap/list/ArrayList.ArrayListIterator_inv.key 
154575     INFO  main            d.u.i.k.p.i.AbstractProblemLoader Loading environment from /home/runner/work/key/key/key.core/../key.ui/examples/heap/list/ArrayList.ArrayListIterator_inv.key 
154575     DEBUG main            d.u.i.k.p.i.AbstractProblemLoader Environment load took 57.3ns 
154575     INFO  main            d.u.i.k.p.i.AbstractProblemLoader Creating init config 
155523     DEBUG main            d.u.i.k.j.r.ClassPreparationMethodBuilder clPrepBuilder: Inner Class detected. Reject building class initialisation methods. 
157586     DEBUG main            d.u.i.k.p.i.AbstractProblemLoader Init config took 3.01s 
157639     INFO  main            d.u.i.k.p.i.AbstractProblemLoader Replaying proof ArrayList.ArrayListIterator[java.lang.Object::<inv>()].JML accessible clause.0 
157641     DEBUG main            d.u.i.k.p.i.IntermediateProofReplayer Proof replay took 5.5ns 
158545     INFO  main            d.u.i.k.p.r.p.TestFile    ... finished proof: closed. 
158783     INFO  main            d.u.i.k.p.i.AbstractProblemLoader Loading environment from /home/runner/work/key/key/key.core/../key.ui/examples/heap/list/ArrayList.ArrayListIterator_inv.key.proof 
158783     DEBUG main            d.u.i.k.p.i.AbstractProblemLoader Environment load took 419.3ns 
158784     INFO  main            d.u.i.k.p.i.AbstractProblemLoader Creating init config 
159731     DEBUG main            d.u.i.k.j.r.ClassPreparationMethodBuilder clPrepBuilder: Inner Class detected. Reject building class initialisation methods. 
161717     DEBUG main            d.u.i.k.p.i.AbstractProblemLoader Init config took 2.93s 
161781     INFO  main            d.u.i.k.p.i.AbstractProblemLoader Replaying proof ArrayList.ArrayListIterator[java.lang.Object::<inv>()].JML accessible clause.0 
161844     DEBUG main            d.u.i.k.p.i.IntermediateProofReplayer Proof replay took 58.52ms 
161846     DEBUG main            d.u.i.k.p.r.p.TestFile    ... success: reloaded. 
161847     INFO  main            d.u.i.k.p.r.p.TestFile    Now processing file /home/runner/work/key/key/key.core/../key.ui/examples/heap/list/ArrayList.ArrayListIterator_list.key 
161847     INFO  main            d.u.i.k.p.i.AbstractProblemLoader Loading environment from /home/runner/work/key/key/key.core/../key.ui/examples/heap/list/ArrayList.ArrayListIterator_list.key 
161847     DEBUG main            d.u.i.k.p.i.AbstractProblemLoader Environment load took 204.7ns 
161850     INFO  main            d.u.i.k.p.i.AbstractProblemLoader Creating init config 
162805     DEBUG main            d.u.i.k.j.r.ClassPreparationMethodBuilder clPrepBuilder: Inner Class detected. Reject building class initialisation methods. 
164826     DEBUG main            d.u.i.k.p.i.AbstractProblemLoader Init config took 2.98s 
164889     INFO  main            d.u.i.k.p.i.AbstractProblemLoader Replaying proof ListIterator[ListIterator::$list()].JML accessible clause.0 
164891     DEBUG main            d.u.i.k.p.i.IntermediateProofReplayer Proof replay took 6.1ns 
164992     INFO  main            d.u.i.k.p.r.p.TestFile    ... finished proof: closed. 
165210     INFO  main            d.u.i.k.p.i.AbstractProblemLoader Loading environment from /home/runner/work/key/key/key.core/../key.ui/examples/heap/list/ArrayList.ArrayListIterator_list.key.proof 
165210     DEBUG main            d.u.i.k.p.i.AbstractProblemLoader Environment load took 112.5ns 
165211     INFO  main            d.u.i.k.p.i.AbstractProblemLoader Creating init config 
166141     DEBUG main            d.u.i.k.j.r.ClassPreparationMethodBuilder clPrepBuilder: Inner Class detected. Reject building class initialisation methods. 
168141     DEBUG main            d.u.i.k.p.i.AbstractProblemLoader Init config took 2.93s 
168192     INFO  main            d.u.i.k.p.i.AbstractProblemLoader Replaying proof ListIterator[ListIterator::$list()].JML accessible clause.0 
168194     DEBUG main            d.u.i.k.p.i.IntermediateProofReplayer Proof replay took 838.8ns 
168195     DEBUG main            d.u.i.k.p.r.p.TestFile    ... success: reloaded. 
168196     INFO  main            d.u.i.k.p.r.p.TestFile    Now processing file /home/runner/work/key/key/key.core/../key.ui/examples/heap/list/ArrayList.ArrayListIterator_next_exceptional.key 
168196     INFO  main            d.u.i.k.p.i.AbstractProblemLoader Loading environment from /home/runner/work/key/key/key.core/../key.ui/examples/heap/list/ArrayList.ArrayListIterator_next_exceptional.key 
168196     DEBUG main            d.u.i.k.p.i.AbstractProblemLoader Environment load took 55.4ns 
168197     INFO  main            d.u.i.k.p.i.AbstractProblemLoader Creating init config 
169146     DEBUG main            d.u.i.k.j.r.ClassPreparationMethodBuilder clPrepBuilder: Inner Class detected. Reject building class initialisation methods. 
171231     DEBUG main            d.u.i.k.p.i.AbstractProblemLoader Init config took 3.03s 
171285     INFO  main            d.u.i.k.p.i.AbstractProblemLoader Replaying proof ArrayList.ArrayListIterator[ListIterator::next()].JML exceptional_behavior operation contract.0 
171287     DEBUG main            d.u.i.k.p.i.IntermediateProofReplayer Proof replay took 6.4ns 
172192     INFO  main            d.u.i.k.p.r.p.TestFile    ... finished proof: closed. 
172432     INFO  main            d.u.i.k.p.i.AbstractProblemLoader Loading environment from /home/runner/work/key/key/key.core/../key.ui/examples/heap/list/ArrayList.ArrayListIterator_next_exceptional.key.proof 
172433     DEBUG main            d.u.i.k.p.i.AbstractProblemLoader Environment load took 481.7ns 
172434     INFO  main            d.u.i.k.p.i.AbstractProblemLoader Creating init config 
173383     DEBUG main            d.u.i.k.j.r.ClassPreparationMethodBuilder clPrepBuilder: Inner Class detected. Reject building class initialisation methods. 
175360     DEBUG main            d.u.i.k.p.i.AbstractProblemLoader Init config took 2.93s 
175414     INFO  main            d.u.i.k.p.i.AbstractProblemLoader Replaying proof ArrayList.ArrayListIterator[ListIterator::next()].JML exceptional_behavior operation contract.0 
175502     DEBUG main            d.u.i.k.p.i.IntermediateProofReplayer Proof replay took 83.46ms 
175504     DEBUG main            d.u.i.k.p.r.p.TestFile    ... success: reloaded. 
175505     INFO  main            d.u.i.k.p.r.p.TestFile    Now processing file /home/runner/work/key/key/key.core/../key.ui/examples/heap/list/ArrayList.ArrayListIterator_next_normal.key 
175506     INFO  main            d.u.i.k.p.i.AbstractProblemLoader Loading environment from /home/runner/work/key/key/key.core/../key.ui/examples/heap/list/ArrayList.ArrayListIterator_next_normal.key 
175506     DEBUG main            d.u.i.k.p.i.AbstractProblemLoader Environment load took 201.8ns 
175507     INFO  main            d.u.i.k.p.i.AbstractProblemLoader Creating init config 
176474     DEBUG main            d.u.i.k.j.r.ClassPreparationMethodBuilder clPrepBuilder: Inner Class detected. Reject building class initialisation methods. 
178526     DEBUG main            d.u.i.k.p.i.AbstractProblemLoader Init config took 3.02s 
178580     INFO  main            d.u.i.k.p.i.AbstractProblemLoader Replaying proof ArrayList.ArrayListIterator[ListIterator::next()].JML normal_behavior operation contract.0 
178586     DEBUG main            d.u.i.k.p.i.IntermediateProofReplayer Proof replay took 5.9ns 
179490     INFO  main            d.u.i.k.p.r.p.TestFile    ... finished proof: closed. 
179749     INFO  main            d.u.i.k.p.i.AbstractProblemLoader Loading environment from /home/runner/work/key/key/key.core/../key.ui/examples/heap/list/ArrayList.ArrayListIterator_next_normal.key.proof 
179750     DEBUG main            d.u.i.k.p.i.AbstractProblemLoader Environment load took 107.1ns 
179751     INFO  main            d.u.i.k.p.i.AbstractProblemLoader Creating init config 
180689     DEBUG main            d.u.i.k.j.r.ClassPreparationMethodBuilder clPrepBuilder: Inner Class detected. Reject building class initialisation methods. 
182676     DEBUG main            d.u.i.k.p.i.AbstractProblemLoader Init config took 2.93s 
182739     INFO  main            d.u.i.k.p.i.AbstractProblemLoader Replaying proof ArrayList.ArrayListIterator[ListIterator::next()].JML normal_behavior operation contract.0 
182834     DEBUG main            d.u.i.k.p.i.IntermediateProofReplayer Proof replay took 89.71ms 
182835     DEBUG main            d.u.i.k.p.r.p.TestFile    ... success: reloaded. 
182836     INFO  main            d.u.i.k.p.r.p.TestFile    Now processing file /home/runner/work/key/key/key.core/../key.ui/examples/heap/list/ArrayList.ArrayListIterator_pos.key 
182836     INFO  main            d.u.i.k.p.i.AbstractProblemLoader Loading environment from /home/runner/work/key/key/key.core/../key.ui/examples/heap/list/ArrayList.ArrayListIterator_pos.key 
182836     DEBUG main            d.u.i.k.p.i.AbstractProblemLoader Environment load took 88.4ns 
182837     INFO  main            d.u.i.k.p.i.AbstractProblemLoader Creating init config 
183784     DEBUG main            d.u.i.k.j.r.ClassPreparationMethodBuilder clPrepBuilder: Inner Class detected. Reject building class initialisation methods. 
185835     DEBUG main            d.u.i.k.p.i.AbstractProblemLoader Init config took 3s 
185875     INFO  main            d.u.i.k.p.i.AbstractProblemLoader Replaying proof ListIterator[ListIterator::$pos()].JML accessible clause.0 
185876     DEBUG main            d.u.i.k.p.i.IntermediateProofReplayer Proof replay took 5.8ns 
185979     INFO  main            d.u.i.k.p.r.p.TestFile    ... finished proof: closed. 
186223     INFO  main            d.u.i.k.p.i.AbstractProblemLoader Loading environment from /home/runner/work/key/key/key.core/../key.ui/examples/heap/list/ArrayList.ArrayListIterator_pos.key.proof 
186224     DEBUG main            d.u.i.k.p.i.AbstractProblemLoader Environment load took 98.7ns 
186224     INFO  main            d.u.i.k.p.i.AbstractProblemLoader Creating init config 
187162     DEBUG main            d.u.i.k.j.r.ClassPreparationMethodBuilder clPrepBuilder: Inner Class detected. Reject building class initialisation methods. 
189157     DEBUG main            d.u.i.k.p.i.AbstractProblemLoader Init config took 2.93s 
189207     INFO  main            d.u.i.k.p.i.AbstractProblemLoader Replaying proof ListIterator[ListIterator::$pos()].JML accessible clause.0 
189210     DEBUG main            d.u.i.k.p.i.IntermediateProofReplayer Proof replay took 759.1ns 
189210     DEBUG main            d.u.i.k.p.r.p.TestFile    ... success: reloaded. 
189211     INFO  main            d.u.i.k.p.r.p.TestFile    Now processing file /home/runner/work/key/key/key.core/../key.ui/examples/heap/list/Client_m.key 
189212     INFO  main            d.u.i.k.p.i.AbstractProblemLoader Loading environment from /home/runner/work/key/key/key.core/../key.ui/examples/heap/list/Client_m.key 
189212     DEBUG main            d.u.i.k.p.i.AbstractProblemLoader Environment load took 71.3ns 
189212     INFO  main            d.u.i.k.p.i.AbstractProblemLoader Creating init config 
190168     DEBUG main            d.u.i.k.j.r.ClassPreparationMethodBuilder clPrepBuilder: Inner Class detected. Reject building class initialisation methods. 
192204     DEBUG main            d.u.i.k.p.i.AbstractProblemLoader Init config took 2.99s 
192244     INFO  main            d.u.i.k.p.i.AbstractProblemLoader Replaying proof Client[Client::m(List)].JML normal_behavior operation contract.0 
192246     DEBUG main            d.u.i.k.p.i.IntermediateProofReplayer Proof replay took 6.3ns 
192550     INFO  main            d.u.i.k.p.r.p.TestFile    ... finished proof: closed. 
192819     INFO  main            d.u.i.k.p.i.AbstractProblemLoader Loading environment from /home/runner/work/key/key/key.core/../key.ui/examples/heap/list/Client_m.key.proof 
192819     DEBUG main            d.u.i.k.p.i.AbstractProblemLoader Environment load took 101.5ns 
192820     INFO  main            d.u.i.k.p.i.AbstractProblemLoader Creating init config 
193755     DEBUG main            d.u.i.k.j.r.ClassPreparationMethodBuilder clPrepBuilder: Inner Class detected. Reject building class initialisation methods. 
195759     DEBUG main            d.u.i.k.p.i.AbstractProblemLoader Init config took 2.94s 
195801     INFO  main            d.u.i.k.p.i.AbstractProblemLoader Replaying proof Client[Client::m(List)].JML normal_behavior operation contract.0 
195851     DEBUG main            d.u.i.k.p.i.IntermediateProofReplayer Proof replay took 46.72ms 
195852     DEBUG main            d.u.i.k.p.r.p.TestFile    ... success: reloaded. 
195853     INFO  main            d.u.i.k.p.r.p.TestFile    Now processing file /home/runner/work/key/key/key.core/../key.ui/examples/heap/list/Client_n.key 
195853     INFO  main            d.u.i.k.p.i.AbstractProblemLoader Loading environment from /home/runner/work/key/key/key.core/../key.ui/examples/heap/list/Client_n.key 
195853     DEBUG main            d.u.i.k.p.i.AbstractProblemLoader Environment load took 75ns 
195854     INFO  main            d.u.i.k.p.i.AbstractProblemLoader Creating init config 
196803     DEBUG main            d.u.i.k.j.r.ClassPreparationMethodBuilder clPrepBuilder: Inner Class detected. Reject building class initialisation methods. 
198859     DEBUG main            d.u.i.k.p.i.AbstractProblemLoader Init config took 3.01s 
198900     INFO  main            d.u.i.k.p.i.AbstractProblemLoader Replaying proof Client[Client::n(List)].JML normal_behavior operation contract.0 
198901     DEBUG main            d.u.i.k.p.i.IntermediateProofReplayer Proof replay took 6.7ns 
199003     INFO  main            d.u.i.k.p.r.p.TestFile    ... finished proof: closed. 
199278     INFO  main            d.u.i.k.p.i.AbstractProblemLoader Loading environment from /home/runner/work/key/key/key.core/../key.ui/examples/heap/list/Client_n.key.proof 
199278     DEBUG main            d.u.i.k.p.i.AbstractProblemLoader Environment load took 101.3ns 
199279     INFO  main            d.u.i.k.p.i.AbstractProblemLoader Creating init config 
200227     DEBUG main            d.u.i.k.j.r.ClassPreparationMethodBuilder clPrepBuilder: Inner Class detected. Reject building class initialisation methods. 
202232     DEBUG main            d.u.i.k.p.i.AbstractProblemLoader Init config took 2.95s 
202273     INFO  main            d.u.i.k.p.i.AbstractProblemLoader Replaying proof Client[Client::n(List)].JML normal_behavior operation contract.0 
202289     DEBUG main            d.u.i.k.p.i.IntermediateProofReplayer Proof replay took 14.81ms 
202290     DEBUG main            d.u.i.k.p.r.p.TestFile    ... success: reloaded. 
202291     INFO  main            d.u.i.k.p.r.p.TestFile    Now processing file /home/runner/work/key/key/key.core/../key.ui/examples/heap/list/LinkedList_get_exceptional.key 
202291     INFO  main            d.u.i.k.p.i.AbstractProblemLoader Loading environment from /home/runner/work/key/key/key.core/../key.ui/examples/heap/list/LinkedList_get_exceptional.key 
202292     DEBUG main            d.u.i.k.p.i.AbstractProblemLoader Environment load took 79.9ns 
202292     INFO  main            d.u.i.k.p.i.AbstractProblemLoader Creating init config 
203247     DEBUG main            d.u.i.k.j.r.ClassPreparationMethodBuilder clPrepBuilder: Inner Class detected. Reject building class initialisation methods. 
205284     DEBUG main            d.u.i.k.p.i.AbstractProblemLoader Init config took 2.99s 
205330     INFO  main            d.u.i.k.p.i.AbstractProblemLoader Replaying proof LinkedList[List::get(int)].JML exceptional_behavior operation contract.0 
205333     DEBUG main            d.u.i.k.p.i.IntermediateProofReplayer Proof replay took 6.9ns 
207439     INFO  main            d.u.i.k.p.r.p.TestFile    ... finished proof: closed. 
207723     INFO  main            d.u.i.k.p.i.AbstractProblemLoader Loading environment from /home/runner/work/key/key/key.core/../key.ui/examples/heap/list/LinkedList_get_exceptional.key.proof 
207724     DEBUG main            d.u.i.k.p.i.AbstractProblemLoader Environment load took 451.9ns 
207725     INFO  main            d.u.i.k.p.i.AbstractProblemLoader Creating init config 
208653     DEBUG main            d.u.i.k.j.r.ClassPreparationMethodBuilder clPrepBuilder: Inner Class detected. Reject building class initialisation methods. 
210645     DEBUG main            d.u.i.k.p.i.AbstractProblemLoader Init config took 2.92s 
210691     INFO  main            d.u.i.k.p.i.AbstractProblemLoader Replaying proof LinkedList[List::get(int)].JML exceptional_behavior operation contract.0 
210937     DEBUG main            d.u.i.k.p.i.IntermediateProofReplayer Proof replay took 236.8ms 
210938     DEBUG main            d.u.i.k.p.r.p.TestFile    ... success: reloaded. 
210938     INFO  main            d.u.i.k.p.r.p.TestFile    Now processing file /home/runner/work/key/key/key.core/../key.ui/examples/heap/list/LinkedList_get_normal.key 
210939     INFO  main            d.u.i.k.p.i.AbstractProblemLoader Loading environment from /home/runner/work/key/key/key.core/../key.ui/examples/heap/list/LinkedList_get_normal.key 
210939     DEBUG main            d.u.i.k.p.i.AbstractProblemLoader Environment load took 65.1ns 
210940     INFO  main            d.u.i.k.p.i.AbstractProblemLoader Creating init config 
211901     DEBUG main            d.u.i.k.j.r.ClassPreparationMethodBuilder clPrepBuilder: Inner Class detected. Reject building class initialisation methods. 
213911     DEBUG main            d.u.i.k.p.i.AbstractProblemLoader Init config took 2.97s 
213975     INFO  main            d.u.i.k.p.i.AbstractProblemLoader Replaying proof LinkedList[List::get(int)].JML normal_behavior operation contract.0 
213979     DEBUG main            d.u.i.k.p.i.IntermediateProofReplayer Proof replay took 7.4ns 
219326     INFO  main            d.u.i.k.p.r.p.TestFile    ... finished proof: closed. 
219691     INFO  main            d.u.i.k.p.i.AbstractProblemLoader Loading environment from /home/runner/work/key/key/key.core/../key.ui/examples/heap/list/LinkedList_get_normal.key.proof 
219692     DEBUG main            d.u.i.k.p.i.AbstractProblemLoader Environment load took 430.9ns 
219694     INFO  main            d.u.i.k.p.i.AbstractProblemLoader Creating init config 
220631     DEBUG main            d.u.i.k.j.r.ClassPreparationMethodBuilder clPrepBuilder: Inner Class detected. Reject building class initialisation methods. 
222613     DEBUG main            d.u.i.k.p.i.AbstractProblemLoader Init config took 2.92s 
222660     INFO  main            d.u.i.k.p.i.AbstractProblemLoader Replaying proof LinkedList[List::get(int)].JML normal_behavior operation contract.0 
223010     DEBUG main            d.u.i.k.p.i.IntermediateProofReplayer Proof replay took 328.57ms 
223012     DEBUG main            d.u.i.k.p.r.p.TestFile    ... success: reloaded. 
223013     INFO  main            d.u.i.k.p.r.p.TestFile    Now processing file /home/runner/work/key/key/key.core/../key.ui/examples/heap/list/LinkedList_LinkedList.key 
223013     INFO  main            d.u.i.k.p.i.AbstractProblemLoader Loading environment from /home/runner/work/key/key/key.core/../key.ui/examples/heap/list/LinkedList_LinkedList.key 
223013     DEBUG main            d.u.i.k.p.i.AbstractProblemLoader Environment load took 56.4ns 
223014     INFO  main            d.u.i.k.p.i.AbstractProblemLoader Creating init config 
223968     DEBUG main            d.u.i.k.j.r.ClassPreparationMethodBuilder clPrepBuilder: Inner Class detected. Reject building class initialisation methods. 
226003     DEBUG main            d.u.i.k.p.i.AbstractProblemLoader Init config took 2.99s 
226049     INFO  main            d.u.i.k.p.i.AbstractProblemLoader Replaying proof LinkedList[LinkedList::LinkedList()].JML normal_behavior operation contract.0 
226050     DEBUG main            d.u.i.k.p.i.IntermediateProofReplayer Proof replay took 6.9ns 
226555     INFO  main            d.u.i.k.p.r.p.TestFile    ... finished proof: closed. 
226859     INFO  main            d.u.i.k.p.i.AbstractProblemLoader Loading environment from /home/runner/work/key/key/key.core/../key.ui/examples/heap/list/LinkedList_LinkedList.key.proof 
226859     DEBUG main            d.u.i.k.p.i.AbstractProblemLoader Environment load took 102.6ns 
226860     INFO  main            d.u.i.k.p.i.AbstractProblemLoader Creating init config 
227811     DEBUG main            d.u.i.k.j.r.ClassPreparationMethodBuilder clPrepBuilder: Inner Class detected. Reject building class initialisation methods. 
229788     DEBUG main            d.u.i.k.p.i.AbstractProblemLoader Init config took 2.93s 
229834     INFO  main            d.u.i.k.p.i.AbstractProblemLoader Replaying proof LinkedList[LinkedList::LinkedList()].JML normal_behavior operation contract.0 
229895     DEBUG main            d.u.i.k.p.i.IntermediateProofReplayer Proof replay took 57.6ms 
229896     DEBUG main            d.u.i.k.p.r.p.TestFile    ... success: reloaded. 
229897     INFO  main            d.u.i.k.p.r.p.TestFile    Now processing file /home/runner/work/key/key/key.core/../key.ui/examples/heap/list/LinkedList_size_dep.key 
229897     INFO  main            d.u.i.k.p.i.AbstractProblemLoader Loading environment from /home/runner/work/key/key/key.core/../key.ui/examples/heap/list/LinkedList_size_dep.key 
229897     DEBUG main            d.u.i.k.p.i.AbstractProblemLoader Environment load took 90.4ns 
229898     INFO  main            d.u.i.k.p.i.AbstractProblemLoader Creating init config 
230840     DEBUG main            d.u.i.k.j.r.ClassPreparationMethodBuilder clPrepBuilder: Inner Class detected. Reject building class initialisation methods. 
232860     DEBUG main            d.u.i.k.p.i.AbstractProblemLoader Init config took 2.96s 
232905     INFO  main            d.u.i.k.p.i.AbstractProblemLoader Replaying proof LinkedList[List::size()].JML accessible clause.0 
232906     DEBUG main            d.u.i.k.p.i.IntermediateProofReplayer Proof replay took 6.7ns 
233423     INFO  main            d.u.i.k.p.r.p.TestFile    ... finished proof: closed. 
233705     INFO  main            d.u.i.k.p.i.AbstractProblemLoader Loading environment from /home/runner/work/key/key/key.core/../key.ui/examples/heap/list/LinkedList_size_dep.key.proof 
233705     DEBUG main            d.u.i.k.p.i.AbstractProblemLoader Environment load took 99.4ns 
233706     INFO  main            d.u.i.k.p.i.AbstractProblemLoader Creating init config 
234645     DEBUG main            d.u.i.k.j.r.ClassPreparationMethodBuilder clPrepBuilder: Inner Class detected. Reject building class initialisation methods. 
236631     DEBUG main            d.u.i.k.p.i.AbstractProblemLoader Init config took 2.93s 
236676     INFO  main            d.u.i.k.p.i.AbstractProblemLoader Replaying proof LinkedList[List::size()].JML accessible clause.0 
236710     DEBUG main            d.u.i.k.p.i.IntermediateProofReplayer Proof replay took 30.48ms 
236711     DEBUG main            d.u.i.k.p.r.p.TestFile    ... success: reloaded. 
236711     INFO  main            d.u.i.k.p.r.p.TestFile    Now processing file /home/runner/work/key/key/key.core/../key.ui/examples/heap/list/LinkedList_size.key 
236712     INFO  main            d.u.i.k.p.i.AbstractProblemLoader Loading environment from /home/runner/work/key/key/key.core/../key.ui/examples/heap/list/LinkedList_size.key 
236712     DEBUG main            d.u.i.k.p.i.AbstractProblemLoader Environment load took 206.3ns 
236713     INFO  main            d.u.i.k.p.i.AbstractProblemLoader Creating init config 
237669     DEBUG main            d.u.i.k.j.r.ClassPreparationMethodBuilder clPrepBuilder: Inner Class detected. Reject building class initialisation methods. 
239700     DEBUG main            d.u.i.k.p.i.AbstractProblemLoader Init config took 2.99s 
239749     INFO  main            d.u.i.k.p.i.AbstractProblemLoader Replaying proof LinkedList[List::size()].JML normal_behavior operation contract.0 
239750     DEBUG main            d.u.i.k.p.i.IntermediateProofReplayer Proof replay took 6.9ns 
240258     INFO  main            d.u.i.k.p.r.p.TestFile    ... finished proof: closed. 
240543     INFO  main            d.u.i.k.p.i.AbstractProblemLoader Loading environment from /home/runner/work/key/key/key.core/../key.ui/examples/heap/list/LinkedList_size.key.proof 
240544     DEBUG main            d.u.i.k.p.i.AbstractProblemLoader Environment load took 122.1ns 
240544     INFO  main            d.u.i.k.p.i.AbstractProblemLoader Creating init config 
241477     DEBUG main            d.u.i.k.j.r.ClassPreparationMethodBuilder clPrepBuilder: Inner Class detected. Reject building class initialisation methods. 
243455     DEBUG main            d.u.i.k.p.i.AbstractProblemLoader Init config took 2.91s 
243500     INFO  main            d.u.i.k.p.i.AbstractProblemLoader Replaying proof LinkedList[List::size()].JML normal_behavior operation contract.0 
243528     DEBUG main            d.u.i.k.p.i.IntermediateProofReplayer Proof replay took 25.39ms 
243529     DEBUG main            d.u.i.k.p.r.p.TestFile    ... success: reloaded. 
243530     INFO  main            d.u.i.k.p.r.p.TestFile    Now processing file /home/runner/work/key/key/key.core/../key.ui/examples/heap/list/MySet_footprint.key 
243530     INFO  main            d.u.i.k.p.i.AbstractProblemLoader Loading environment from /home/runner/work/key/key/key.core/../key.ui/examples/heap/list/MySet_footprint.key 
243530     DEBUG main            d.u.i.k.p.i.AbstractProblemLoader Environment load took 82.9ns 
243541     INFO  main            d.u.i.k.p.i.AbstractProblemLoader Creating init config 
244490     DEBUG main            d.u.i.k.j.r.ClassPreparationMethodBuilder clPrepBuilder: Inner Class detected. Reject building class initialisation methods. 
246498     DEBUG main            d.u.i.k.p.i.AbstractProblemLoader Init config took 2.96s 
246563     INFO  main            d.u.i.k.p.i.AbstractProblemLoader Replaying proof MySet[MySet::$footprint()].JML accessible clause.0 
246565     DEBUG main            d.u.i.k.p.i.IntermediateProofReplayer Proof replay took 6.2ns 
246867     INFO  main            d.u.i.k.p.r.p.TestFile    ... finished proof: closed. 
247192     INFO  main            d.u.i.k.p.i.AbstractProblemLoader Loading environment from /home/runner/work/key/key/key.core/../key.ui/examples/heap/list/MySet_footprint.key.proof 
247192     DEBUG main            d.u.i.k.p.i.AbstractProblemLoader Environment load took 98.9ns 
247193     INFO  main            d.u.i.k.p.i.AbstractProblemLoader Creating init config 
248133     DEBUG main            d.u.i.k.j.r.ClassPreparationMethodBuilder clPrepBuilder: Inner Class detected. Reject building class initialisation methods. 
250115     DEBUG main            d.u.i.k.p.i.AbstractProblemLoader Init config took 2.92s 
250174     INFO  main            d.u.i.k.p.i.AbstractProblemLoader Replaying proof MySet[MySet::$footprint()].JML accessible clause.0 
250195     DEBUG main            d.u.i.k.p.i.IntermediateProofReplayer Proof replay took 18.61ms 
250196     DEBUG main            d.u.i.k.p.r.p.TestFile    ... success: reloaded. 
250197     INFO  main            d.u.i.k.p.r.p.TestFile    Now processing file /home/runner/work/key/key/key.core/../key.ui/examples/heap/list/MySet_MySet.key 
250197     INFO  main            d.u.i.k.p.i.AbstractProblemLoader Loading environment from /home/runner/work/key/key/key.core/../key.ui/examples/heap/list/MySet_MySet.key 
250197     DEBUG main            d.u.i.k.p.i.AbstractProblemLoader Environment load took 78.1ns 
250198     INFO  main            d.u.i.k.p.i.AbstractProblemLoader Creating init config 
251145     DEBUG main            d.u.i.k.j.r.ClassPreparationMethodBuilder clPrepBuilder: Inner Class detected. Reject building class initialisation methods. 
253172     DEBUG main            d.u.i.k.p.i.AbstractProblemLoader Init config took 2.97s 
253224     INFO  main            d.u.i.k.p.i.AbstractProblemLoader Replaying proof MySet[MySet::MySet()].JML normal_behavior operation contract.0 
253225     DEBUG main            d.u.i.k.p.i.IntermediateProofReplayer Proof replay took 6.1ns 
255632     INFO  main            d.u.i.k.p.r.p.TestFile    ... finished proof: closed. 
255956     INFO  main            d.u.i.k.p.i.AbstractProblemLoader Loading environment from /home/runner/work/key/key/key.core/../key.ui/examples/heap/list/MySet_MySet.key.proof 
255956     DEBUG main            d.u.i.k.p.i.AbstractProblemLoader Environment load took 112.8ns 
255958     INFO  main            d.u.i.k.p.i.AbstractProblemLoader Creating init config 
256932     DEBUG main            d.u.i.k.j.r.ClassPreparationMethodBuilder clPrepBuilder: Inner Class detected. Reject building class initialisation methods. 
258924     DEBUG main            d.u.i.k.p.i.AbstractProblemLoader Init config took 2.97s 
258977     INFO  main            d.u.i.k.p.i.AbstractProblemLoader Replaying proof MySet[MySet::MySet()].JML normal_behavior operation contract.0 
259239     DEBUG main            d.u.i.k.p.i.IntermediateProofReplayer Proof replay took 248.81ms 
259240     DEBUG main            d.u.i.k.p.r.p.TestFile    ... success: reloaded. 
1100908    INFO  Test worker     d.u.i.k.p.r.RunAllProofsTestUnit Returning from test list 
1100911    INFO  Test worker     d.u.i.k.p.r.RunAllProofsTestUnit Running test list_ghost 
364        INFO  Timeout watchdog d.u.i.k.p.r.p.ForkedTestFileRunner Timeout watcher launched (2000 secs.) 
378        WARN  main            d.u.i.k.s.ProofSettings   The settings in /home/runner/.key/proof-settings.props are *not* read. 
427        INFO  main            d.u.i.k.p.r.p.TestFile    Now processing file /home/runner/work/key/key/key.core/../key.ui/examples/heap/list_ghost/ArrayList_add.key 
548        INFO  main            d.u.i.k.p.i.AbstractProblemLoader Loading environment from /home/runner/work/key/key/key.core/../key.ui/examples/heap/list_ghost/ArrayList_add.key 
564        DEBUG main            d.u.i.k.p.i.AbstractProblemLoader Environment load took 1.98ms 
780        INFO  main            d.u.i.k.p.i.AbstractProblemLoader Creating init config 
1714       DEBUG main            d.u.i.k.j.TypeConverter   No LDT found for Meta 
1716       DEBUG main            d.u.i.k.j.TypeConverter   No LDT found for Meta 
1720       DEBUG main            d.u.i.k.j.TypeConverter   No LDT found for Meta 
1720       DEBUG main            d.u.i.k.j.TypeConverter   No LDT found for Meta 
3246       DEBUG main            d.u.i.k.j.TypeConverter   No LDT found for JavaBigintExpression 
8204       DEBUG main            d.u.i.k.p.i.AbstractProblemLoader Init config took 7.42s 
8334       INFO  main            d.u.i.k.p.i.AbstractProblemLoader Replaying proof ArrayList[List::add(java.lang.Object)].JML normal_behavior operation contract.0 
8365       DEBUG main            d.u.i.k.p.i.IntermediateProofReplayer Proof replay took 37ns 
13463      INFO  main            d.u.i.k.p.r.p.TestFile    ... finished proof: closed. 
13653      INFO  main            d.u.i.k.p.i.AbstractProblemLoader Loading environment from /home/runner/work/key/key/key.core/../key.ui/examples/heap/list_ghost/ArrayList_add.key.proof 
13656      DEBUG main            d.u.i.k.p.i.AbstractProblemLoader Environment load took 2.87ms 
13659      INFO  main            d.u.i.k.p.i.AbstractProblemLoader Creating init config 
16482      DEBUG main            d.u.i.k.p.i.AbstractProblemLoader Init config took 2.82s 
16554      INFO  main            d.u.i.k.p.i.AbstractProblemLoader Replaying proof ArrayList[List::add(java.lang.Object)].JML normal_behavior operation contract.0 
16994      DEBUG main            d.u.i.k.p.i.IntermediateProofReplayer Proof replay took 412.24ms 
17003      DEBUG main            d.u.i.k.p.r.p.TestFile    ... success: reloaded. 
17005      INFO  main            d.u.i.k.p.r.p.TestFile    Now processing file /home/runner/work/key/key/key.core/../key.ui/examples/heap/list_ghost/ArrayList_ArrayList.key 
17005      INFO  main            d.u.i.k.p.i.AbstractProblemLoader Loading environment from /home/runner/work/key/key/key.core/../key.ui/examples/heap/list_ghost/ArrayList_ArrayList.key 
17005      DEBUG main            d.u.i.k.p.i.AbstractProblemLoader Environment load took 267.2ns 
17007      INFO  main            d.u.i.k.p.i.AbstractProblemLoader Creating init config 
19721      DEBUG main            d.u.i.k.p.i.AbstractProblemLoader Init config took 2.71s 
19778      INFO  main            d.u.i.k.p.i.AbstractProblemLoader Replaying proof ArrayList[ArrayList::ArrayList()].JML normal_behavior operation contract.0 
19781      DEBUG main            d.u.i.k.p.i.IntermediateProofReplayer Proof replay took 5.7ns 
20897      INFO  main            d.u.i.k.p.r.p.TestFile    ... finished proof: closed. 
21029      INFO  main            d.u.i.k.p.i.AbstractProblemLoader Loading environment from /home/runner/work/key/key/key.core/../key.ui/examples/heap/list_ghost/ArrayList_ArrayList.key.proof 
21030      DEBUG main            d.u.i.k.p.i.AbstractProblemLoader Environment load took 452.2ns 
21032      INFO  main            d.u.i.k.p.i.AbstractProblemLoader Creating init config 
23626      DEBUG main            d.u.i.k.p.i.AbstractProblemLoader Init config took 2.59s 
23675      INFO  main            d.u.i.k.p.i.AbstractProblemLoader Replaying proof ArrayList[ArrayList::ArrayList()].JML normal_behavior operation contract.0 
23801      DEBUG main            d.u.i.k.p.i.IntermediateProofReplayer Proof replay took 115.64ms 
23802      DEBUG main            d.u.i.k.p.r.p.TestFile    ... success: reloaded. 
23804      INFO  main            d.u.i.k.p.r.p.TestFile    Now processing file /home/runner/work/key/key/key.core/../key.ui/examples/heap/list_ghost/ArrayList_enlarge.key 
23804      INFO  main            d.u.i.k.p.i.AbstractProblemLoader Loading environment from /home/runner/work/key/key/key.core/../key.ui/examples/heap/list_ghost/ArrayList_enlarge.key 
23804      DEBUG main            d.u.i.k.p.i.AbstractProblemLoader Environment load took 261.2ns 
23806      INFO  main            d.u.i.k.p.i.AbstractProblemLoader Creating init config 
26435      DEBUG main            d.u.i.k.p.i.AbstractProblemLoader Init config took 2.63s 
26490      INFO  main            d.u.i.k.p.i.AbstractProblemLoader Replaying proof ArrayList[ArrayList::enlarge()].JML normal_behavior operation contract.0 
26493      DEBUG main            d.u.i.k.p.i.IntermediateProofReplayer Proof replay took 6.6ns 
28700      INFO  main            d.u.i.k.p.r.p.TestFile    ... finished proof: closed. 
28877      INFO  main            d.u.i.k.p.i.AbstractProblemLoader Loading environment from /home/runner/work/key/key/key.core/../key.ui/examples/heap/list_ghost/ArrayList_enlarge.key.proof 
28877      DEBUG main            d.u.i.k.p.i.AbstractProblemLoader Environment load took 456.4ns 
28883      INFO  main            d.u.i.k.p.i.AbstractProblemLoader Creating init config 
31462      DEBUG main            d.u.i.k.p.i.AbstractProblemLoader Init config took 2.58s 
31520      INFO  main            d.u.i.k.p.i.AbstractProblemLoader Replaying proof ArrayList[ArrayList::enlarge()].JML normal_behavior operation contract.0 
31854      DEBUG main            d.u.i.k.p.i.IntermediateProofReplayer Proof replay took 314.23ms 
31856      DEBUG main            d.u.i.k.p.r.p.TestFile    ... success: reloaded. 
31857      INFO  main            d.u.i.k.p.r.p.TestFile    Now processing file /home/runner/work/key/key/key.core/../key.ui/examples/heap/list_ghost/ArrayList_get_dep.key 
31858      INFO  main            d.u.i.k.p.i.AbstractProblemLoader Loading environment from /home/runner/work/key/key/key.core/../key.ui/examples/heap/list_ghost/ArrayList_get_dep.key 
31858      DEBUG main            d.u.i.k.p.i.AbstractProblemLoader Environment load took 227.1ns 
31860      INFO  main            d.u.i.k.p.i.AbstractProblemLoader Creating init config 
34449      DEBUG main            d.u.i.k.p.i.AbstractProblemLoader Init config took 2.59s 
34528      INFO  main            d.u.i.k.p.i.AbstractProblemLoader Replaying proof ArrayList[List::get(int)].JML accessible clause.0 
34530      DEBUG main            d.u.i.k.p.i.IntermediateProofReplayer Proof replay took 6.3ns 
34933      INFO  main            d.u.i.k.p.r.p.TestFile    ... finished proof: closed. 
35098      INFO  main            d.u.i.k.p.i.AbstractProblemLoader Loading environment from /home/runner/work/key/key/key.core/../key.ui/examples/heap/list_ghost/ArrayList_get_dep.key.proof 
35098      DEBUG main            d.u.i.k.p.i.AbstractProblemLoader Environment load took 108.2ns 
35099      INFO  main            d.u.i.k.p.i.AbstractProblemLoader Creating init config 
37657      DEBUG main            d.u.i.k.p.i.AbstractProblemLoader Init config took 2.56s 
37712      INFO  main            d.u.i.k.p.i.AbstractProblemLoader Replaying proof ArrayList[List::get(int)].JML accessible clause.0 
37764      DEBUG main            d.u.i.k.p.i.IntermediateProofReplayer Proof replay took 47.46ms 
37765      DEBUG main            d.u.i.k.p.r.p.TestFile    ... success: reloaded. 
37767      INFO  main            d.u.i.k.p.r.p.TestFile    Now processing file /home/runner/work/key/key/key.core/../key.ui/examples/heap/list_ghost/ArrayList_get_exceptional.key 
37767      INFO  main            d.u.i.k.p.i.AbstractProblemLoader Loading environment from /home/runner/work/key/key/key.core/../key.ui/examples/heap/list_ghost/ArrayList_get_exceptional.key 
37767      DEBUG main            d.u.i.k.p.i.AbstractProblemLoader Environment load took 181.2ns 
37768      INFO  main            d.u.i.k.p.i.AbstractProblemLoader Creating init config 
40356      DEBUG main            d.u.i.k.p.i.AbstractProblemLoader Init config took 2.59s 
40401      INFO  main            d.u.i.k.p.i.AbstractProblemLoader Replaying proof ArrayList[List::get(int)].JML exceptional_behavior operation contract.0 
40402      DEBUG main            d.u.i.k.p.i.IntermediateProofReplayer Proof replay took 5.6ns 
41210      INFO  main            d.u.i.k.p.r.p.TestFile    ... finished proof: closed. 
41373      INFO  main            d.u.i.k.p.i.AbstractProblemLoader Loading environment from /home/runner/work/key/key/key.core/../key.ui/examples/heap/list_ghost/ArrayList_get_exceptional.key.proof 
41373      DEBUG main            d.u.i.k.p.i.AbstractProblemLoader Environment load took 125.7ns 
41374      INFO  main            d.u.i.k.p.i.AbstractProblemLoader Creating init config 
43993      DEBUG main            d.u.i.k.p.i.AbstractProblemLoader Init config took 2.62s 
44042      INFO  main            d.u.i.k.p.i.AbstractProblemLoader Replaying proof ArrayList[List::get(int)].JML exceptional_behavior operation contract.0 
44169      DEBUG main            d.u.i.k.p.i.IntermediateProofReplayer Proof replay took 119.03ms 
44170      DEBUG main            d.u.i.k.p.r.p.TestFile    ... success: reloaded. 
44171      INFO  main            d.u.i.k.p.r.p.TestFile    Now processing file /home/runner/work/key/key/key.core/../key.ui/examples/heap/list_ghost/ArrayList_get_normal.key 
44171      INFO  main            d.u.i.k.p.i.AbstractProblemLoader Loading environment from /home/runner/work/key/key/key.core/../key.ui/examples/heap/list_ghost/ArrayList_get_normal.key 
44172      DEBUG main            d.u.i.k.p.i.AbstractProblemLoader Environment load took 104.6ns 
44173      INFO  main            d.u.i.k.p.i.AbstractProblemLoader Creating init config 
46731      DEBUG main            d.u.i.k.p.i.AbstractProblemLoader Init config took 2.56s 
46779      INFO  main            d.u.i.k.p.i.AbstractProblemLoader Replaying proof ArrayList[List::get(int)].JML normal_behavior operation contract.0 
46781      DEBUG main            d.u.i.k.p.i.IntermediateProofReplayer Proof replay took 6.7ns 
47089      INFO  main            d.u.i.k.p.r.p.TestFile    ... finished proof: closed. 
47252      INFO  main            d.u.i.k.p.i.AbstractProblemLoader Loading environment from /home/runner/work/key/key/key.core/../key.ui/examples/heap/list_ghost/ArrayList_get_normal.key.proof 
47252      DEBUG main            d.u.i.k.p.i.AbstractProblemLoader Environment load took 108.3ns 
47253      INFO  main            d.u.i.k.p.i.AbstractProblemLoader Creating init config 
49746      DEBUG main            d.u.i.k.p.i.AbstractProblemLoader Init config took 2.49s 
49785      INFO  main            d.u.i.k.p.i.AbstractProblemLoader Replaying proof ArrayList[List::get(int)].JML normal_behavior operation contract.0 
49823      DEBUG main            d.u.i.k.p.i.IntermediateProofReplayer Proof replay took 34.28ms 
49824      DEBUG main            d.u.i.k.p.r.p.TestFile    ... success: reloaded. 
49825      INFO  main            d.u.i.k.p.r.p.TestFile    Now processing file /home/runner/work/key/key/key.core/../key.ui/examples/heap/list_ghost/ArrayList_inv.key 
49825      INFO  main            d.u.i.k.p.i.AbstractProblemLoader Loading environment from /home/runner/work/key/key/key.core/../key.ui/examples/heap/list_ghost/ArrayList_inv.key 
49826      DEBUG main            d.u.i.k.p.i.AbstractProblemLoader Environment load took 88.1ns 
49826      INFO  main            d.u.i.k.p.i.AbstractProblemLoader Creating init config 
52338      DEBUG main            d.u.i.k.p.i.AbstractProblemLoader Init config took 2.51s 
52406      INFO  main            d.u.i.k.p.i.AbstractProblemLoader Replaying proof ArrayList[java.lang.Object::<inv>()].JML accessible clause.0 
52408      DEBUG main            d.u.i.k.p.i.IntermediateProofReplayer Proof replay took 5.2ns 
52513      INFO  main            d.u.i.k.p.r.p.TestFile    ... finished proof: closed. 
52673      INFO  main            d.u.i.k.p.i.AbstractProblemLoader Loading environment from /home/runner/work/key/key/key.core/../key.ui/examples/heap/list_ghost/ArrayList_inv.key.proof 
52673      DEBUG main            d.u.i.k.p.i.AbstractProblemLoader Environment load took 104.7ns 
52674      INFO  main            d.u.i.k.p.i.AbstractProblemLoader Creating init config 
55175      DEBUG main            d.u.i.k.p.i.AbstractProblemLoader Init config took 2.5s 
55212      INFO  main            d.u.i.k.p.i.AbstractProblemLoader Replaying proof ArrayList[java.lang.Object::<inv>()].JML accessible clause.0 
55222      DEBUG main            d.u.i.k.p.i.IntermediateProofReplayer Proof replay took 7.13ms 
55222      DEBUG main            d.u.i.k.p.r.p.TestFile    ... success: reloaded. 
55223      INFO  main            d.u.i.k.p.r.p.TestFile    Now processing file /home/runner/work/key/key/key.core/../key.ui/examples/heap/list_ghost/ArrayList_size_dep.key 
55224      INFO  main            d.u.i.k.p.i.AbstractProblemLoader Loading environment from /home/runner/work/key/key/key.core/../key.ui/examples/heap/list_ghost/ArrayList_size_dep.key 
55224      DEBUG main            d.u.i.k.p.i.AbstractProblemLoader Environment load took 103ns 
55225      INFO  main            d.u.i.k.p.i.AbstractProblemLoader Creating init config 
57780      DEBUG main            d.u.i.k.p.i.AbstractProblemLoader Init config took 2.56s 
57819      INFO  main            d.u.i.k.p.i.AbstractProblemLoader Replaying proof ArrayList[List::size()].JML accessible clause.0 
57821      DEBUG main            d.u.i.k.p.i.IntermediateProofReplayer Proof replay took 5.9ns 
57925      INFO  main            d.u.i.k.p.r.p.TestFile    ... finished proof: closed. 
58119      INFO  main            d.u.i.k.p.i.AbstractProblemLoader Loading environment from /home/runner/work/key/key/key.core/../key.ui/examples/heap/list_ghost/ArrayList_size_dep.key.proof 
58119      DEBUG main            d.u.i.k.p.i.AbstractProblemLoader Environment load took 110.5ns 
58120      INFO  main            d.u.i.k.p.i.AbstractProblemLoader Creating init config 
60564      DEBUG main            d.u.i.k.p.i.AbstractProblemLoader Init config took 2.44s 
60600      INFO  main            d.u.i.k.p.i.AbstractProblemLoader Replaying proof ArrayList[List::size()].JML accessible clause.0 
60612      DEBUG main            d.u.i.k.p.i.IntermediateProofReplayer Proof replay took 10.2ms 
60613      DEBUG main            d.u.i.k.p.r.p.TestFile    ... success: reloaded. 
60614      INFO  main            d.u.i.k.p.r.p.TestFile    Now processing file /home/runner/work/key/key/key.core/../key.ui/examples/heap/list_ghost/ArrayList_size.key 
60615      INFO  main            d.u.i.k.p.i.AbstractProblemLoader Loading environment from /home/runner/work/key/key/key.core/../key.ui/examples/heap/list_ghost/ArrayList_size.key 
60615      DEBUG main            d.u.i.k.p.i.AbstractProblemLoader Environment load took 73.6ns 
60615      INFO  main            d.u.i.k.p.i.AbstractProblemLoader Creating init config 
63142      DEBUG main            d.u.i.k.p.i.AbstractProblemLoader Init config took 2.53s 
63179      INFO  main            d.u.i.k.p.i.AbstractProblemLoader Replaying proof ArrayList[List::size()].JML normal_behavior operation contract.0 
63180      DEBUG main            d.u.i.k.p.i.IntermediateProofReplayer Proof replay took 5.9ns 
63293      INFO  main            d.u.i.k.p.r.p.TestFile    ... finished proof: closed. 
63462      INFO  main            d.u.i.k.p.i.AbstractProblemLoader Loading environment from /home/runner/work/key/key/key.core/../key.ui/examples/heap/list_ghost/ArrayList_size.key.proof 
63462      DEBUG main            d.u.i.k.p.i.AbstractProblemLoader Environment load took 107.8ns 
63463      INFO  main            d.u.i.k.p.i.AbstractProblemLoader Creating init config 
65959      DEBUG main            d.u.i.k.p.i.AbstractProblemLoader Init config took 2.5s 
65996      INFO  main            d.u.i.k.p.i.AbstractProblemLoader Replaying proof ArrayList[List::size()].JML normal_behavior operation contract.0 
66009      DEBUG main            d.u.i.k.p.i.IntermediateProofReplayer Proof replay took 10.35ms 
66010      DEBUG main            d.u.i.k.p.r.p.TestFile    ... success: reloaded. 
1167094    INFO  Test worker     d.u.i.k.p.r.RunAllProofsTestUnit Returning from test list_ghost 
1167095    INFO  Test worker     d.u.i.k.p.r.RunAllProofsTestUnit Running test list_recursive 
336        INFO  Timeout watchdog d.u.i.k.p.r.p.ForkedTestFileRunner Timeout watcher launched (2000 secs.) 
347        WARN  main            d.u.i.k.s.ProofSettings   The settings in /home/runner/.key/proof-settings.props are *not* read. 
396        INFO  main            d.u.i.k.p.r.p.TestFile    Now processing file /home/runner/work/key/key/key.core/../key.ui/examples/heap/list_recursiveSpec/ListOperationsNonNull_getNextNN_normal_behavior.key 
527        INFO  main            d.u.i.k.p.i.AbstractProblemLoader Loading environment from /home/runner/work/key/key/key.core/../key.ui/examples/heap/list_recursiveSpec/ListOperationsNonNull_getNextNN_normal_behavior.key 
544        DEBUG main            d.u.i.k.p.i.AbstractProblemLoader Environment load took 2.01ms 
764        INFO  main            d.u.i.k.p.i.AbstractProblemLoader Creating init config 
1661       DEBUG main            d.u.i.k.j.TypeConverter   No LDT found for Meta 
1661       DEBUG main            d.u.i.k.j.TypeConverter   No LDT found for Meta 
1662       DEBUG main            d.u.i.k.j.TypeConverter   No LDT found for Meta 
1662       DEBUG main            d.u.i.k.j.TypeConverter   No LDT found for Meta 
3061       DEBUG main            d.u.i.k.j.TypeConverter   No LDT found for JavaBigintExpression 
8383       DEBUG main            d.u.i.k.p.i.AbstractProblemLoader Init config took 7.62s 
8583       INFO  main            d.u.i.k.p.i.AbstractProblemLoader Replaying proof ListOperationsNonNull[ListOperationsNonNull::getNextNN(ListNN,int)].JML normal_behavior operation contract.0 
8619       DEBUG main            d.u.i.k.p.i.IntermediateProofReplayer Proof replay took 33.7ns 
10067      INFO  main            d.u.i.k.p.r.p.TestFile    ... finished proof: closed. 
10188      INFO  main            d.u.i.k.p.i.AbstractProblemLoader Loading environment from /home/runner/work/key/key/key.core/../key.ui/examples/heap/list_recursiveSpec/ListOperationsNonNull_getNextNN_normal_behavior.key.proof 
10188      DEBUG main            d.u.i.k.p.i.AbstractProblemLoader Environment load took 481.6ns 
10192      INFO  main            d.u.i.k.p.i.AbstractProblemLoader Creating init config 
13123      DEBUG main            d.u.i.k.p.i.AbstractProblemLoader Init config took 2.93s 
13217      INFO  main            d.u.i.k.p.i.AbstractProblemLoader Replaying proof ListOperationsNonNull[ListOperationsNonNull::getNextNN(ListNN,int)].JML normal_behavior operation contract.0 
13415      DEBUG main            d.u.i.k.p.i.IntermediateProofReplayer Proof replay took 182.83ms 
13422      DEBUG main            d.u.i.k.p.r.p.TestFile    ... success: reloaded. 
13429      INFO  main            d.u.i.k.p.r.p.TestFile    Now processing file /home/runner/work/key/key/key.core/../key.ui/examples/heap/list_recursiveSpec/ListOperationsNonNull_setValueAt_normal_behavior.key 
13430      INFO  main            d.u.i.k.p.i.AbstractProblemLoader Loading environment from /home/runner/work/key/key/key.core/../key.ui/examples/heap/list_recursiveSpec/ListOperationsNonNull_setValueAt_normal_behavior.key 
13430      DEBUG main            d.u.i.k.p.i.AbstractProblemLoader Environment load took 145.4ns 
13434      INFO  main            d.u.i.k.p.i.AbstractProblemLoader Creating init config 
16317      DEBUG main            d.u.i.k.p.i.AbstractProblemLoader Init config took 2.88s 
16395      INFO  main            d.u.i.k.p.i.AbstractProblemLoader Replaying proof ListOperationsNonNull[ListOperationsNonNull::setValueAt_NN(ListNN,int,int)].JML normal_behavior operation contract.0 
16397      DEBUG main            d.u.i.k.p.i.IntermediateProofReplayer Proof replay took 6.1ns 
16422      DEBUG main            d.u.i.k.m.s.ProofScriptEngine 1: 'macro autopilot' 
18983      DEBUG main            d.u.i.k.m.s.ProofScriptEngine 2: 'macro simp-upd' 
18991      DEBUG main            d.u.i.k.m.s.ProofScriptEngine 3: 'rule observerDependencyEQ' 
19012      DEBUG main            d.u.i.k.m.s.ProofScriptEngine 4: 'tryclose' 
19040      INFO  main            d.u.i.k.p.r.p.TestFile    ... finished proof: closed. 
19198      INFO  main            d.u.i.k.p.i.AbstractProblemLoader Loading environment from /home/runner/work/key/key/key.core/../key.ui/examples/heap/list_recursiveSpec/ListOperationsNonNull_setValueAt_normal_behavior.key.proof 
19198      DEBUG main            d.u.i.k.p.i.AbstractProblemLoader Environment load took 889.6ns 
19201      INFO  main            d.u.i.k.p.i.AbstractProblemLoader Creating init config 
21947      DEBUG main            d.u.i.k.p.i.AbstractProblemLoader Init config took 2.75s 
22012      INFO  main            d.u.i.k.p.i.AbstractProblemLoader Replaying proof ListOperationsNonNull[ListOperationsNonNull::setValueAt_NN(ListNN,int,int)].JML normal_behavior operation contract.0 
22130      DEBUG main            d.u.i.k.p.i.IntermediateProofReplayer Proof replay took 108.15ms 
22132      DEBUG main            d.u.i.k.p.r.p.TestFile    ... success: reloaded. 
1189412    INFO  Test worker     d.u.i.k.p.r.RunAllProofsTestUnit Returning from test list_recursive 
1189414    INFO  Test worker     d.u.i.k.p.r.RunAllProofsTestUnit Running test list_seq 
327        INFO  Timeout watchdog d.u.i.k.p.r.p.ForkedTestFileRunner Timeout watcher launched (2000 secs.) 
342        WARN  main            d.u.i.k.s.ProofSettings   The settings in /home/runner/.key/proof-settings.props are *not* read. 
370        INFO  main            d.u.i.k.p.r.p.TestFile    Now processing file /home/runner/work/key/key/key.core/../key.ui/examples/heap/list_seq/SimplifiedLinkedList.remove.key 
515        INFO  main            d.u.i.k.p.i.AbstractProblemLoader Loading environment from /home/runner/work/key/key/key.core/../key.ui/examples/heap/list_seq/SimplifiedLinkedList.remove.key 
532        DEBUG main            d.u.i.k.p.i.AbstractProblemLoader Environment load took 2.11ms 
748        INFO  main            d.u.i.k.p.i.AbstractProblemLoader Creating init config 
1603       DEBUG main            d.u.i.k.j.TypeConverter   No LDT found for Meta 
1604       DEBUG main            d.u.i.k.j.TypeConverter   No LDT found for Meta 
1606       DEBUG main            d.u.i.k.j.TypeConverter   No LDT found for Meta 
1607       DEBUG main            d.u.i.k.j.TypeConverter   No LDT found for Meta 
3199       DEBUG main            d.u.i.k.j.TypeConverter   No LDT found for JavaBigintExpression 
8395       DEBUG main            d.u.i.k.p.i.AbstractProblemLoader Init config took 7.65s 
8577       INFO  main            d.u.i.k.p.i.AbstractProblemLoader Replaying proof SimplifiedLinkedList[SimplifiedLinkedList::remove(int)].JML normal_behavior operation contract.0 
8609       DEBUG main            d.u.i.k.p.i.IntermediateProofReplayer Proof replay took 31.6ns 
104514     INFO  main            d.u.i.k.p.r.p.TestFile    ... finished proof: closed. 
104932     INFO  main            d.u.i.k.p.i.AbstractProblemLoader Loading environment from /home/runner/work/key/key/key.core/../key.ui/examples/heap/list_seq/SimplifiedLinkedList.remove.key.proof 
104933     DEBUG main            d.u.i.k.p.i.AbstractProblemLoader Environment load took 461.8ns 
104951     INFO  main            d.u.i.k.p.i.AbstractProblemLoader Creating init config 
108114     DEBUG main            d.u.i.k.p.i.AbstractProblemLoader Init config took 3.16s 
108201     INFO  main            d.u.i.k.p.i.AbstractProblemLoader Replaying proof SimplifiedLinkedList[SimplifiedLinkedList::remove(int)].JML normal_behavior operation contract.0 
111204     DEBUG main            d.u.i.k.p.i.IntermediateProofReplayer Proof replay took 2.68s 
111221     DEBUG main            d.u.i.k.p.r.p.TestFile    ... success: reloaded. 
111223     INFO  main            d.u.i.k.p.r.p.TestFile    Now processing file /home/runner/work/key/key/key.core/../key.ui/examples/heap/list_seq/ArrayList.ArrayList.key 
111223     INFO  main            d.u.i.k.p.i.AbstractProblemLoader Loading environment from /home/runner/work/key/key/key.core/../key.ui/examples/heap/list_seq/ArrayList.ArrayList.key 
111224     DEBUG main            d.u.i.k.p.i.AbstractProblemLoader Environment load took 226.5ns 
111225     INFO  main            d.u.i.k.p.i.AbstractProblemLoader Creating init config 
114422     DEBUG main            d.u.i.k.p.i.AbstractProblemLoader Init config took 3.2s 
114511     INFO  main            d.u.i.k.p.i.AbstractProblemLoader Replaying proof ArrayList[ArrayList::ArrayList()].JML normal_behavior operation contract.0 
114518     DEBUG main            d.u.i.k.p.i.IntermediateProofReplayer Proof replay took 6ns 
115522     INFO  main            d.u.i.k.p.r.p.TestFile    ... finished proof: closed. 
115726     INFO  main            d.u.i.k.p.i.AbstractProblemLoader Loading environment from /home/runner/work/key/key/key.core/../key.ui/examples/heap/list_seq/ArrayList.ArrayList.key.proof 
115728     DEBUG main            d.u.i.k.p.i.AbstractProblemLoader Environment load took 1.27ms 
115730     INFO  main            d.u.i.k.p.i.AbstractProblemLoader Creating init config 
118711     DEBUG main            d.u.i.k.p.i.AbstractProblemLoader Init config took 2.98s 
118791     INFO  main            d.u.i.k.p.i.AbstractProblemLoader Replaying proof ArrayList[ArrayList::ArrayList()].JML normal_behavior operation contract.0 
118909     DEBUG main            d.u.i.k.p.i.IntermediateProofReplayer Proof replay took 111.59ms 
118911     DEBUG main            d.u.i.k.p.r.p.TestFile    ... success: reloaded. 
118912     INFO  main            d.u.i.k.p.r.p.TestFile    Now processing file /home/runner/work/key/key/key.core/../key.ui/examples/heap/list_seq/ArrayList.add.key 
118912     INFO  main            d.u.i.k.p.i.AbstractProblemLoader Loading environment from /home/runner/work/key/key/key.core/../key.ui/examples/heap/list_seq/ArrayList.add.key 
118912     DEBUG main            d.u.i.k.p.i.AbstractProblemLoader Environment load took 226.6ns 
118913     INFO  main            d.u.i.k.p.i.AbstractProblemLoader Creating init config 
121859     DEBUG main            d.u.i.k.p.i.AbstractProblemLoader Init config took 2.95s 
121949     INFO  main            d.u.i.k.p.i.AbstractProblemLoader Replaying proof ArrayList[List::add(java.lang.Object)].JML normal_behavior operation contract.0 
121952     DEBUG main            d.u.i.k.p.i.IntermediateProofReplayer Proof replay took 5.5ns 
125378     INFO  main            d.u.i.k.p.r.p.TestFile    ... finished proof: closed. 
125558     INFO  main            d.u.i.k.p.i.AbstractProblemLoader Loading environment from /home/runner/work/key/key/key.core/../key.ui/examples/heap/list_seq/ArrayList.add.key.proof 
125559     DEBUG main            d.u.i.k.p.i.AbstractProblemLoader Environment load took 468.6ns 
125560     INFO  main            d.u.i.k.p.i.AbstractProblemLoader Creating init config 
128453     DEBUG main            d.u.i.k.p.i.AbstractProblemLoader Init config took 2.89s 
128529     INFO  main            d.u.i.k.p.i.AbstractProblemLoader Replaying proof ArrayList[List::add(java.lang.Object)].JML normal_behavior operation contract.0 
128783     DEBUG main            d.u.i.k.p.i.IntermediateProofReplayer Proof replay took 239.38ms 
128785     DEBUG main            d.u.i.k.p.r.p.TestFile    ... success: reloaded. 
128786     INFO  main            d.u.i.k.p.r.p.TestFile    Now processing file /home/runner/work/key/key/key.core/../key.ui/examples/heap/list_seq/ArrayList.contains.key 
128787     INFO  main            d.u.i.k.p.i.AbstractProblemLoader Loading environment from /home/runner/work/key/key/key.core/../key.ui/examples/heap/list_seq/ArrayList.contains.key 
128787     DEBUG main            d.u.i.k.p.i.AbstractProblemLoader Environment load took 209.7ns 
128794     INFO  main            d.u.i.k.p.i.AbstractProblemLoader Creating init config 
131720     DEBUG main            d.u.i.k.p.i.AbstractProblemLoader Init config took 2.93s 
131794     INFO  main            d.u.i.k.p.i.AbstractProblemLoader Replaying proof ArrayList[List::contains(java.lang.Object)].JML normal_behavior operation contract.0 
131796     DEBUG main            d.u.i.k.p.i.IntermediateProofReplayer Proof replay took 6.2ns 
133327     INFO  main            d.u.i.k.p.r.p.TestFile    ... finished proof: closed. 
133529     INFO  main            d.u.i.k.p.i.AbstractProblemLoader Loading environment from /home/runner/work/key/key/key.core/../key.ui/examples/heap/list_seq/ArrayList.contains.key.proof 
133530     DEBUG main            d.u.i.k.p.i.AbstractProblemLoader Environment load took 534.6ns 
133531     INFO  main            d.u.i.k.p.i.AbstractProblemLoader Creating init config 
136382     DEBUG main            d.u.i.k.p.i.AbstractProblemLoader Init config took 2.85s 
136456     INFO  main            d.u.i.k.p.i.AbstractProblemLoader Replaying proof ArrayList[List::contains(java.lang.Object)].JML normal_behavior operation contract.0 
136618     DEBUG main            d.u.i.k.p.i.IntermediateProofReplayer Proof replay took 155.73ms 
136620     DEBUG main            d.u.i.k.p.r.p.TestFile    ... success: reloaded. 
136621     INFO  main            d.u.i.k.p.r.p.TestFile    Now processing file /home/runner/work/key/key/key.core/../key.ui/examples/heap/list_seq/ArrayList.enlarge.key 
136621     INFO  main            d.u.i.k.p.i.AbstractProblemLoader Loading environment from /home/runner/work/key/key/key.core/../key.ui/examples/heap/list_seq/ArrayList.enlarge.key 
136621     DEBUG main            d.u.i.k.p.i.AbstractProblemLoader Environment load took 205.1ns 
136622     INFO  main            d.u.i.k.p.i.AbstractProblemLoader Creating init config 
139517     DEBUG main            d.u.i.k.p.i.AbstractProblemLoader Init config took 2.89s 
139591     INFO  main            d.u.i.k.p.i.AbstractProblemLoader Replaying proof ArrayList[ArrayList::enlarge()].JML normal_behavior operation contract.0 
139593     DEBUG main            d.u.i.k.p.i.IntermediateProofReplayer Proof replay took 6.5ns 
141606     INFO  main            d.u.i.k.p.r.p.TestFile    ... finished proof: closed. 
141793     INFO  main            d.u.i.k.p.i.AbstractProblemLoader Loading environment from /home/runner/work/key/key/key.core/../key.ui/examples/heap/list_seq/ArrayList.enlarge.key.proof 
141793     DEBUG main            d.u.i.k.p.i.AbstractProblemLoader Environment load took 413.9ns 
141794     INFO  main            d.u.i.k.p.i.AbstractProblemLoader Creating init config 
144687     DEBUG main            d.u.i.k.p.i.AbstractProblemLoader Init config took 2.89s 
144779     INFO  main            d.u.i.k.p.i.AbstractProblemLoader Replaying proof ArrayList[ArrayList::enlarge()].JML normal_behavior operation contract.0 
145023     DEBUG main            d.u.i.k.p.i.IntermediateProofReplayer Proof replay took 235.21ms 
145024     DEBUG main            d.u.i.k.p.r.p.TestFile    ... success: reloaded. 
145025     INFO  main            d.u.i.k.p.r.p.TestFile    Now processing file /home/runner/work/key/key/key.core/../key.ui/examples/heap/list_seq/ArrayList.get.key 
145025     INFO  main            d.u.i.k.p.i.AbstractProblemLoader Loading environment from /home/runner/work/key/key/key.core/../key.ui/examples/heap/list_seq/ArrayList.get.key 
145026     DEBUG main            d.u.i.k.p.i.AbstractProblemLoader Environment load took 546.9ns 
145027     INFO  main            d.u.i.k.p.i.AbstractProblemLoader Creating init config 
147938     DEBUG main            d.u.i.k.p.i.AbstractProblemLoader Init config took 2.91s 
148014     INFO  main            d.u.i.k.p.i.AbstractProblemLoader Replaying proof ArrayList[List::get(int)].JML normal_behavior operation contract.0 
148015     DEBUG main            d.u.i.k.p.i.IntermediateProofReplayer Proof replay took 6.2ns 
148519     INFO  main            d.u.i.k.p.r.p.TestFile    ... finished proof: closed. 
148716     INFO  main            d.u.i.k.p.i.AbstractProblemLoader Loading environment from /home/runner/work/key/key/key.core/../key.ui/examples/heap/list_seq/ArrayList.get.key.proof 
148717     DEBUG main            d.u.i.k.p.i.AbstractProblemLoader Environment load took 834ns 
148718     INFO  main            d.u.i.k.p.i.AbstractProblemLoader Creating init config 
151581     DEBUG main            d.u.i.k.p.i.AbstractProblemLoader Init config took 2.86s 
151655     INFO  main            d.u.i.k.p.i.AbstractProblemLoader Replaying proof ArrayList[List::get(int)].JML normal_behavior operation contract.0 
151695     DEBUG main            d.u.i.k.p.i.IntermediateProofReplayer Proof replay took 36.21ms 
151697     DEBUG main            d.u.i.k.p.r.p.TestFile    ... success: reloaded. 
151698     INFO  main            d.u.i.k.p.r.p.TestFile    Now processing file /home/runner/work/key/key/key.core/../key.ui/examples/heap/list_seq/ArrayList.newArray.key 
151698     INFO  main            d.u.i.k.p.i.AbstractProblemLoader Loading environment from /home/runner/work/key/key/key.core/../key.ui/examples/heap/list_seq/ArrayList.newArray.key 
151698     DEBUG main            d.u.i.k.p.i.AbstractProblemLoader Environment load took 218.3ns 
151699     INFO  main            d.u.i.k.p.i.AbstractProblemLoader Creating init config 
154587     DEBUG main            d.u.i.k.p.i.AbstractProblemLoader Init config took 2.89s 
154675     INFO  main            d.u.i.k.p.i.AbstractProblemLoader Replaying proof ArrayList[ArrayList::newArray(int)].JML normal_behavior operation contract.0 
154677     DEBUG main            d.u.i.k.p.i.IntermediateProofReplayer Proof replay took 6.2ns 
154980     INFO  main            d.u.i.k.p.r.p.TestFile    ... finished proof: closed. 
155167     INFO  main            d.u.i.k.p.i.AbstractProblemLoader Loading environment from /home/runner/work/key/key/key.core/../key.ui/examples/heap/list_seq/ArrayList.newArray.key.proof 
155167     DEBUG main            d.u.i.k.p.i.AbstractProblemLoader Environment load took 109.7ns 
155168     INFO  main            d.u.i.k.p.i.AbstractProblemLoader Creating init config 
158004     DEBUG main            d.u.i.k.p.i.AbstractProblemLoader Init config took 2.84s 
158084     INFO  main            d.u.i.k.p.i.AbstractProblemLoader Replaying proof ArrayList[ArrayList::newArray(int)].JML normal_behavior operation contract.0 
158129     DEBUG main            d.u.i.k.p.i.IntermediateProofReplayer Proof replay took 42.33ms 
158130     DEBUG main            d.u.i.k.p.r.p.TestFile    ... success: reloaded. 
158131     INFO  main            d.u.i.k.p.r.p.TestFile    Now processing file /home/runner/work/key/key/key.core/../key.ui/examples/heap/list_seq/ArrayList.remove.0.key 
158132     INFO  main            d.u.i.k.p.i.AbstractProblemLoader Loading environment from /home/runner/work/key/key/key.core/../key.ui/examples/heap/list_seq/ArrayList.remove.0.key 
158132     DEBUG main            d.u.i.k.p.i.AbstractProblemLoader Environment load took 146.7ns 
158133     INFO  main            d.u.i.k.p.i.AbstractProblemLoader Creating init config 
161024     DEBUG main            d.u.i.k.p.i.AbstractProblemLoader Init config took 2.89s 
161094     INFO  main            d.u.i.k.p.i.AbstractProblemLoader Replaying proof ArrayList[List::remove(java.lang.Object)].JML normal_behavior operation contract.0 
161095     DEBUG main            d.u.i.k.p.i.IntermediateProofReplayer Proof replay took 6.2ns 
163105     INFO  main            d.u.i.k.p.r.p.TestFile    ... finished proof: closed. 
163337     INFO  main            d.u.i.k.p.i.AbstractProblemLoader Loading environment from /home/runner/work/key/key/key.core/../key.ui/examples/heap/list_seq/ArrayList.remove.0.key.proof 
163337     DEBUG main            d.u.i.k.p.i.AbstractProblemLoader Environment load took 466.4ns 
163340     INFO  main            d.u.i.k.p.i.AbstractProblemLoader Creating init config 
166183     DEBUG main            d.u.i.k.p.i.AbstractProblemLoader Init config took 2.84s 
166252     INFO  main            d.u.i.k.p.i.AbstractProblemLoader Replaying proof ArrayList[List::remove(java.lang.Object)].JML normal_behavior operation contract.0 
166563     DEBUG main            d.u.i.k.p.i.IntermediateProofReplayer Proof replay took 303.48ms 
166564     DEBUG main            d.u.i.k.p.r.p.TestFile    ... success: reloaded. 
166565     INFO  main            d.u.i.k.p.r.p.TestFile    Now processing file /home/runner/work/key/key/key.core/../key.ui/examples/heap/list_seq/ArrayList.remove.1.key 
166565     INFO  main            d.u.i.k.p.i.AbstractProblemLoader Loading environment from /home/runner/work/key/key/key.core/../key.ui/examples/heap/list_seq/ArrayList.remove.1.key 
166566     DEBUG main            d.u.i.k.p.i.AbstractProblemLoader Environment load took 220.4ns 
166567     INFO  main            d.u.i.k.p.i.AbstractProblemLoader Creating init config 
169413     DEBUG main            d.u.i.k.p.i.AbstractProblemLoader Init config took 2.85s 
169482     INFO  main            d.u.i.k.p.i.AbstractProblemLoader Replaying proof ArrayList[List::remove(java.lang.Object)].JML normal_behavior operation contract.1 
169484     DEBUG main            d.u.i.k.p.i.IntermediateProofReplayer Proof replay took 5.7ns 
181056     INFO  main            d.u.i.k.p.r.p.TestFile    ... finished proof: closed. 
181299     INFO  main            d.u.i.k.p.i.AbstractProblemLoader Loading environment from /home/runner/work/key/key/key.core/../key.ui/examples/heap/list_seq/ArrayList.remove.1.key.proof 
181299     DEBUG main            d.u.i.k.p.i.AbstractProblemLoader Environment load took 406.1ns 
181301     INFO  main            d.u.i.k.p.i.AbstractProblemLoader Creating init config 
184091     DEBUG main            d.u.i.k.p.i.AbstractProblemLoader Init config took 2.79s 
184161     INFO  main            d.u.i.k.p.i.AbstractProblemLoader Replaying proof ArrayList[List::remove(java.lang.Object)].JML normal_behavior operation contract.1 
184944     DEBUG main            d.u.i.k.p.i.IntermediateProofReplayer Proof replay took 751.49ms 
184946     DEBUG main            d.u.i.k.p.r.p.TestFile    ... success: reloaded. 
1374538    INFO  Test worker     d.u.i.k.p.r.RunAllProofsTestUnit Returning from test list_seq 
1374541    INFO  Test worker     d.u.i.k.p.r.RunAllProofsTestUnit Running test observer 
365        INFO  Timeout watchdog d.u.i.k.p.r.p.ForkedTestFileRunner Timeout watcher launched (2000 secs.) 
371        WARN  main            d.u.i.k.s.ProofSettings   The settings in /home/runner/.key/proof-settings.props are *not* read. 
402        INFO  main            d.u.i.k.p.r.p.TestFile    Now processing file /home/runner/work/key/key/key.core/../key.ui/examples/heap/observer/ExampleObserver_ExampleObserver.key 
509        INFO  main            d.u.i.k.p.i.AbstractProblemLoader Loading environment from /home/runner/work/key/key/key.core/../key.ui/examples/heap/observer/ExampleObserver_ExampleObserver.key 
526        DEBUG main            d.u.i.k.p.i.AbstractProblemLoader Environment load took 2.22ms 
763        INFO  main            d.u.i.k.p.i.AbstractProblemLoader Creating init config 
1709       DEBUG main            d.u.i.k.j.TypeConverter   No LDT found for Meta 
1709       DEBUG main            d.u.i.k.j.TypeConverter   No LDT found for Meta 
1712       DEBUG main            d.u.i.k.j.TypeConverter   No LDT found for Meta 
1713       DEBUG main            d.u.i.k.j.TypeConverter   No LDT found for Meta 
2871       DEBUG main            d.u.i.k.j.TypeConverter   No LDT found for JavaBigintExpression 
7978       DEBUG main            d.u.i.k.p.i.AbstractProblemLoader Init config took 7.22s 
8165       INFO  main            d.u.i.k.p.i.AbstractProblemLoader Replaying proof ExampleObserver[ExampleObserver::ExampleObserver(ExampleSubject)].JML normal_behavior operation contract.0 
8205       DEBUG main            d.u.i.k.p.i.IntermediateProofReplayer Proof replay took 34.9ns 
9134       INFO  main            d.u.i.k.p.r.p.TestFile    ... finished proof: closed. 
9246       INFO  main            d.u.i.k.p.i.AbstractProblemLoader Loading environment from /home/runner/work/key/key/key.core/../key.ui/examples/heap/observer/ExampleObserver_ExampleObserver.key.proof 
9252       DEBUG main            d.u.i.k.p.i.AbstractProblemLoader Environment load took 6ms 
9254       INFO  main            d.u.i.k.p.i.AbstractProblemLoader Creating init config 
12208      DEBUG main            d.u.i.k.p.i.AbstractProblemLoader Init config took 2.95s 
12293      INFO  main            d.u.i.k.p.i.AbstractProblemLoader Replaying proof ExampleObserver[ExampleObserver::ExampleObserver(ExampleSubject)].JML normal_behavior operation contract.0 
12383      DEBUG main            d.u.i.k.p.i.IntermediateProofReplayer Proof replay took 82.56ms 
12393      DEBUG main            d.u.i.k.p.r.p.TestFile    ... success: reloaded. 
12400      INFO  main            d.u.i.k.p.r.p.TestFile    Now processing file /home/runner/work/key/key/key.core/../key.ui/examples/heap/observer/ExampleObserver_inv.key 
12400      INFO  main            d.u.i.k.p.i.AbstractProblemLoader Loading environment from /home/runner/work/key/key/key.core/../key.ui/examples/heap/observer/ExampleObserver_inv.key 
12400      DEBUG main            d.u.i.k.p.i.AbstractProblemLoader Environment load took 123.1ns 
12403      INFO  main            d.u.i.k.p.i.AbstractProblemLoader Creating init config 
15174      DEBUG main            d.u.i.k.p.i.AbstractProblemLoader Init config took 2.77s 
15238      INFO  main            d.u.i.k.p.i.AbstractProblemLoader Replaying proof ExampleObserver[java.lang.Object::<inv>()].JML accessible clause.0 
15241      DEBUG main            d.u.i.k.p.i.IntermediateProofReplayer Proof replay took 5.7ns 
15343      INFO  main            d.u.i.k.p.r.p.TestFile    ... finished proof: closed. 
15471      INFO  main            d.u.i.k.p.i.AbstractProblemLoader Loading environment from /home/runner/work/key/key/key.core/../key.ui/examples/heap/observer/ExampleObserver_inv.key.proof 
15471      DEBUG main            d.u.i.k.p.i.AbstractProblemLoader Environment load took 121.8ns 
15472      INFO  main            d.u.i.k.p.i.AbstractProblemLoader Creating init config 
18178      DEBUG main            d.u.i.k.p.i.AbstractProblemLoader Init config took 2.71s 
18233      INFO  main            d.u.i.k.p.i.AbstractProblemLoader Replaying proof ExampleObserver[java.lang.Object::<inv>()].JML accessible clause.0 
18249      DEBUG main            d.u.i.k.p.i.IntermediateProofReplayer Proof replay took 13.53ms 
18250      DEBUG main            d.u.i.k.p.r.p.TestFile    ... success: reloaded. 
18252      INFO  main            d.u.i.k.p.r.p.TestFile    Now processing file /home/runner/work/key/key/key.core/../key.ui/examples/heap/observer/ExampleObserver_subject.key 
18252      INFO  main            d.u.i.k.p.i.AbstractProblemLoader Loading environment from /home/runner/work/key/key/key.core/../key.ui/examples/heap/observer/ExampleObserver_subject.key 
18252      DEBUG main            d.u.i.k.p.i.AbstractProblemLoader Environment load took 210.7ns 
18257      INFO  main            d.u.i.k.p.i.AbstractProblemLoader Creating init config 
20958      DEBUG main            d.u.i.k.p.i.AbstractProblemLoader Init config took 2.7s 
21012      INFO  main            d.u.i.k.p.i.AbstractProblemLoader Replaying proof Observer[Observer::$subject()].JML accessible clause.0 
21014      DEBUG main            d.u.i.k.p.i.IntermediateProofReplayer Proof replay took 6.1ns 
21116      INFO  main            d.u.i.k.p.r.p.TestFile    ... finished proof: closed. 
21250      INFO  main            d.u.i.k.p.i.AbstractProblemLoader Loading environment from /home/runner/work/key/key/key.core/../key.ui/examples/heap/observer/ExampleObserver_subject.key.proof 
21250      DEBUG main            d.u.i.k.p.i.AbstractProblemLoader Environment load took 107.1ns 
21251      INFO  main            d.u.i.k.p.i.AbstractProblemLoader Creating init config 
23868      DEBUG main            d.u.i.k.p.i.AbstractProblemLoader Init config took 2.62s 
23918      INFO  main            d.u.i.k.p.i.AbstractProblemLoader Replaying proof Observer[Observer::$subject()].JML accessible clause.0 
23922      DEBUG main            d.u.i.k.p.i.IntermediateProofReplayer Proof replay took 1.6ms 
23923      DEBUG main            d.u.i.k.p.r.p.TestFile    ... success: reloaded. 
23924      INFO  main            d.u.i.k.p.r.p.TestFile    Now processing file /home/runner/work/key/key/key.core/../key.ui/examples/heap/observer/ExampleObserver_update.key 
23925      INFO  main            d.u.i.k.p.i.AbstractProblemLoader Loading environment from /home/runner/work/key/key/key.core/../key.ui/examples/heap/observer/ExampleObserver_update.key 
23925      DEBUG main            d.u.i.k.p.i.AbstractProblemLoader Environment load took 216.5ns 
23926      INFO  main            d.u.i.k.p.i.AbstractProblemLoader Creating init config 
26586      DEBUG main            d.u.i.k.p.i.AbstractProblemLoader Init config took 2.66s 
26638      INFO  main            d.u.i.k.p.i.AbstractProblemLoader Replaying proof ExampleObserver[Observer::update()].JML normal_behavior operation contract.0 
26640      DEBUG main            d.u.i.k.p.i.IntermediateProofReplayer Proof replay took 5.8ns 
27043      INFO  main            d.u.i.k.p.r.p.TestFile    ... finished proof: closed. 
27179      INFO  main            d.u.i.k.p.i.AbstractProblemLoader Loading environment from /home/runner/work/key/key/key.core/../key.ui/examples/heap/observer/ExampleObserver_update.key.proof 
27179      DEBUG main            d.u.i.k.p.i.AbstractProblemLoader Environment load took 123.5ns 
27180      INFO  main            d.u.i.k.p.i.AbstractProblemLoader Creating init config 
29804      DEBUG main            d.u.i.k.p.i.AbstractProblemLoader Init config took 2.62s 
29865      INFO  main            d.u.i.k.p.i.AbstractProblemLoader Replaying proof ExampleObserver[Observer::update()].JML normal_behavior operation contract.0 
29942      DEBUG main            d.u.i.k.p.i.IntermediateProofReplayer Proof replay took 72.75ms 
29943      DEBUG main            d.u.i.k.p.r.p.TestFile    ... success: reloaded. 
29946      INFO  main            d.u.i.k.p.r.p.TestFile    Now processing file /home/runner/work/key/key/key.core/../key.ui/examples/heap/observer/ExampleObserver_upToDate.key 
29946      INFO  main            d.u.i.k.p.i.AbstractProblemLoader Loading environment from /home/runner/work/key/key/key.core/../key.ui/examples/heap/observer/ExampleObserver_upToDate.key 
29947      DEBUG main            d.u.i.k.p.i.AbstractProblemLoader Environment load took 227.5ns 
29948      INFO  main            d.u.i.k.p.i.AbstractProblemLoader Creating init config 
32606      DEBUG main            d.u.i.k.p.i.AbstractProblemLoader Init config took 2.66s 
32651      INFO  main            d.u.i.k.p.i.AbstractProblemLoader Replaying proof ExampleObserver[Observer::$upToDate()].JML accessible clause.0 
32653      DEBUG main            d.u.i.k.p.i.IntermediateProofReplayer Proof replay took 5.4ns 
32858      INFO  main            d.u.i.k.p.r.p.TestFile    ... finished proof: closed. 
33068      INFO  main            d.u.i.k.p.i.AbstractProblemLoader Loading environment from /home/runner/work/key/key/key.core/../key.ui/examples/heap/observer/ExampleObserver_upToDate.key.proof 
33069      DEBUG main            d.u.i.k.p.i.AbstractProblemLoader Environment load took 110.5ns 
33070      INFO  main            d.u.i.k.p.i.AbstractProblemLoader Creating init config 
35606      DEBUG main            d.u.i.k.p.i.AbstractProblemLoader Init config took 2.54s 
35654      INFO  main            d.u.i.k.p.i.AbstractProblemLoader Replaying proof ExampleObserver[Observer::$upToDate()].JML accessible clause.0 
35676      DEBUG main            d.u.i.k.p.i.IntermediateProofReplayer Proof replay took 18.79ms 
35677      DEBUG main            d.u.i.k.p.r.p.TestFile    ... success: reloaded. 
35678      INFO  main            d.u.i.k.p.r.p.TestFile    Now processing file /home/runner/work/key/key/key.core/../key.ui/examples/heap/observer/ExampleObserver_value.key 
35679      INFO  main            d.u.i.k.p.i.AbstractProblemLoader Loading environment from /home/runner/work/key/key/key.core/../key.ui/examples/heap/observer/ExampleObserver_value.key 
35680      DEBUG main            d.u.i.k.p.i.AbstractProblemLoader Environment load took 576.1ns 
35681      INFO  main            d.u.i.k.p.i.AbstractProblemLoader Creating init config 
38309      DEBUG main            d.u.i.k.p.i.AbstractProblemLoader Init config took 2.63s 
38353      INFO  main            d.u.i.k.p.i.AbstractProblemLoader Replaying proof ExampleObserver[ExampleObserver::value()].JML normal_behavior operation contract.0 
38354      DEBUG main            d.u.i.k.p.i.IntermediateProofReplayer Proof replay took 6.5ns 
38459      INFO  main            d.u.i.k.p.r.p.TestFile    ... finished proof: closed. 
38611      INFO  main            d.u.i.k.p.i.AbstractProblemLoader Loading environment from /home/runner/work/key/key/key.core/../key.ui/examples/heap/observer/ExampleObserver_value.key.proof 
38612      DEBUG main            d.u.i.k.p.i.AbstractProblemLoader Environment load took 107.7ns 
38612      INFO  main            d.u.i.k.p.i.AbstractProblemLoader Creating init config 
41146      DEBUG main            d.u.i.k.p.i.AbstractProblemLoader Init config took 2.53s 
41200      INFO  main            d.u.i.k.p.i.AbstractProblemLoader Replaying proof ExampleObserver[ExampleObserver::value()].JML normal_behavior operation contract.0 
41222      DEBUG main            d.u.i.k.p.i.IntermediateProofReplayer Proof replay took 17.18ms 
41223      DEBUG main            d.u.i.k.p.r.p.TestFile    ... success: reloaded. 
41224      INFO  main            d.u.i.k.p.r.p.TestFile    Now processing file /home/runner/work/key/key/key.core/../key.ui/examples/heap/observer/ExampleSubject_addObserver.key 
41225      INFO  main            d.u.i.k.p.i.AbstractProblemLoader Loading environment from /home/runner/work/key/key/key.core/../key.ui/examples/heap/observer/ExampleSubject_addObserver.key 
41225      DEBUG main            d.u.i.k.p.i.AbstractProblemLoader Environment load took 92.1ns 
41226      INFO  main            d.u.i.k.p.i.AbstractProblemLoader Creating init config 
43793      DEBUG main            d.u.i.k.p.i.AbstractProblemLoader Init config took 2.57s 
43841      INFO  main            d.u.i.k.p.i.AbstractProblemLoader Replaying proof ExampleSubject[Subject::addObserver(Observer)].JML normal_behavior operation contract.0 
43843      DEBUG main            d.u.i.k.p.i.IntermediateProofReplayer Proof replay took 5.7ns 
49918      INFO  main            d.u.i.k.p.r.p.TestFile    ... finished proof: closed. 
50120      INFO  main            d.u.i.k.p.i.AbstractProblemLoader Loading environment from /home/runner/work/key/key/key.core/../key.ui/examples/heap/observer/ExampleSubject_addObserver.key.proof 
50124      DEBUG main            d.u.i.k.p.i.AbstractProblemLoader Environment load took 4.24ms 
50127      INFO  main            d.u.i.k.p.i.AbstractProblemLoader Creating init config 
52638      DEBUG main            d.u.i.k.p.i.AbstractProblemLoader Init config took 2.51s 
52686      INFO  main            d.u.i.k.p.i.AbstractProblemLoader Replaying proof ExampleSubject[Subject::addObserver(Observer)].JML normal_behavior operation contract.0 
53211      DEBUG main            d.u.i.k.p.i.IntermediateProofReplayer Proof replay took 501.8ms 
53213      DEBUG main            d.u.i.k.p.r.p.TestFile    ... success: reloaded. 
53214      INFO  main            d.u.i.k.p.r.p.TestFile    Now processing file /home/runner/work/key/key/key.core/../key.ui/examples/heap/observer/ExampleSubject_change.key 
53215      INFO  main            d.u.i.k.p.i.AbstractProblemLoader Loading environment from /home/runner/work/key/key/key.core/../key.ui/examples/heap/observer/ExampleSubject_change.key 
53215      DEBUG main            d.u.i.k.p.i.AbstractProblemLoader Environment load took 214ns 
53216      INFO  main            d.u.i.k.p.i.AbstractProblemLoader Creating init config 
55786      DEBUG main            d.u.i.k.p.i.AbstractProblemLoader Init config took 2.57s 
55832      INFO  main            d.u.i.k.p.i.AbstractProblemLoader Replaying proof ExampleSubject[ExampleSubject::change()].JML normal_behavior operation contract.0 
55834      DEBUG main            d.u.i.k.p.i.IntermediateProofReplayer Proof replay took 5.2ns 
56337      INFO  main            d.u.i.k.p.r.p.TestFile    ... finished proof: closed. 
56571      INFO  main            d.u.i.k.p.i.AbstractProblemLoader Loading environment from /home/runner/work/key/key/key.core/../key.ui/examples/heap/observer/ExampleSubject_change.key.proof 
56572      DEBUG main            d.u.i.k.p.i.AbstractProblemLoader Environment load took 615.6ns 
56573      INFO  main            d.u.i.k.p.i.AbstractProblemLoader Creating init config 
59111      DEBUG main            d.u.i.k.p.i.AbstractProblemLoader Init config took 2.54s 
59157      INFO  main            d.u.i.k.p.i.AbstractProblemLoader Replaying proof ExampleSubject[ExampleSubject::change()].JML normal_behavior operation contract.0 
59214      DEBUG main            d.u.i.k.p.i.IntermediateProofReplayer Proof replay took 52.19ms 
59215      DEBUG main            d.u.i.k.p.r.p.TestFile    ... success: reloaded. 
59216      INFO  main            d.u.i.k.p.r.p.TestFile    Now processing file /home/runner/work/key/key/key.core/../key.ui/examples/heap/observer/ExampleSubject_ExampleSubject.key 
59216      INFO  main            d.u.i.k.p.i.AbstractProblemLoader Loading environment from /home/runner/work/key/key/key.core/../key.ui/examples/heap/observer/ExampleSubject_ExampleSubject.key 
59216      DEBUG main            d.u.i.k.p.i.AbstractProblemLoader Environment load took 233.7ns 
59217      INFO  main            d.u.i.k.p.i.AbstractProblemLoader Creating init config 
61869      DEBUG main            d.u.i.k.p.i.AbstractProblemLoader Init config took 2.65s 
61921      INFO  main            d.u.i.k.p.i.AbstractProblemLoader Replaying proof ExampleSubject[ExampleSubject::ExampleSubject()].JML normal_behavior operation contract.0 
61924      DEBUG main            d.u.i.k.p.i.IntermediateProofReplayer Proof replay took 6.7ns 
62932      INFO  main            d.u.i.k.p.r.p.TestFile    ... finished proof: closed. 
63129      INFO  main            d.u.i.k.p.i.AbstractProblemLoader Loading environment from /home/runner/work/key/key/key.core/../key.ui/examples/heap/observer/ExampleSubject_ExampleSubject.key.proof 
63129      DEBUG main            d.u.i.k.p.i.AbstractProblemLoader Environment load took 114.5ns 
63130      INFO  main            d.u.i.k.p.i.AbstractProblemLoader Creating init config 
65618      DEBUG main            d.u.i.k.p.i.AbstractProblemLoader Init config took 2.49s 
65662      INFO  main            d.u.i.k.p.i.AbstractProblemLoader Replaying proof ExampleSubject[ExampleSubject::ExampleSubject()].JML normal_behavior operation contract.0 
65793      DEBUG main            d.u.i.k.p.i.IntermediateProofReplayer Proof replay took 123.01ms 
65794      DEBUG main            d.u.i.k.p.r.p.TestFile    ... success: reloaded. 
65796      INFO  main            d.u.i.k.p.r.p.TestFile    Now processing file /home/runner/work/key/key/key.core/../key.ui/examples/heap/observer/ExampleSubject_footprint.key 
65796      INFO  main            d.u.i.k.p.i.AbstractProblemLoader Loading environment from /home/runner/work/key/key/key.core/../key.ui/examples/heap/observer/ExampleSubject_footprint.key 
65796      DEBUG main            d.u.i.k.p.i.AbstractProblemLoader Environment load took 206.1ns 
65797      INFO  main            d.u.i.k.p.i.AbstractProblemLoader Creating init config 
68334      DEBUG main            d.u.i.k.p.i.AbstractProblemLoader Init config took 2.54s 
68399      INFO  main            d.u.i.k.p.i.AbstractProblemLoader Replaying proof ExampleSubject[Subject::$footprint()].JML accessible clause.0 
68401      DEBUG main            d.u.i.k.p.i.IntermediateProofReplayer Proof replay took 6.8ns 
68506      INFO  main            d.u.i.k.p.r.p.TestFile    ... finished proof: closed. 
68690      INFO  main            d.u.i.k.p.i.AbstractProblemLoader Loading environment from /home/runner/work/key/key/key.core/../key.ui/examples/heap/observer/ExampleSubject_footprint.key.proof 
68690      DEBUG main            d.u.i.k.p.i.AbstractProblemLoader Environment load took 113.3ns 
68691      INFO  main            d.u.i.k.p.i.AbstractProblemLoader Creating init config 
71207      DEBUG main            d.u.i.k.p.i.AbstractProblemLoader Init config took 2.52s 
71254      INFO  main            d.u.i.k.p.i.AbstractProblemLoader Replaying proof ExampleSubject[Subject::$footprint()].JML accessible clause.0 
71266      DEBUG main            d.u.i.k.p.i.IntermediateProofReplayer Proof replay took 9.99ms 
71267      DEBUG main            d.u.i.k.p.r.p.TestFile    ... success: reloaded. 
71268      INFO  main            d.u.i.k.p.r.p.TestFile    Now processing file /home/runner/work/key/key/key.core/../key.ui/examples/heap/observer/ExampleSubject_inv.key 
71268      INFO  main            d.u.i.k.p.i.AbstractProblemLoader Loading environment from /home/runner/work/key/key/key.core/../key.ui/examples/heap/observer/ExampleSubject_inv.key 
71268      DEBUG main            d.u.i.k.p.i.AbstractProblemLoader Environment load took 80.1ns 
71269      INFO  main            d.u.i.k.p.i.AbstractProblemLoader Creating init config 
73823      DEBUG main            d.u.i.k.p.i.AbstractProblemLoader Init config took 2.55s 
73882      INFO  main            d.u.i.k.p.i.AbstractProblemLoader Replaying proof ExampleSubject[java.lang.Object::<inv>()].JML accessible clause.0 
73884      DEBUG main            d.u.i.k.p.i.IntermediateProofReplayer Proof replay took 6ns 
75112      INFO  main            d.u.i.k.p.r.p.TestFile    ... finished proof: closed. 
75303      INFO  main            d.u.i.k.p.i.AbstractProblemLoader Loading environment from /home/runner/work/key/key/key.core/../key.ui/examples/heap/observer/ExampleSubject_inv.key.proof 
75304      DEBUG main            d.u.i.k.p.i.AbstractProblemLoader Environment load took 405.3ns 
75305      INFO  main            d.u.i.k.p.i.AbstractProblemLoader Creating init config 
77825      DEBUG main            d.u.i.k.p.i.AbstractProblemLoader Init config took 2.52s 
77870      INFO  main            d.u.i.k.p.i.AbstractProblemLoader Replaying proof ExampleSubject[java.lang.Object::<inv>()].JML accessible clause.0 
77942      DEBUG main            d.u.i.k.p.i.IntermediateProofReplayer Proof replay took 64.47ms 
77945      DEBUG main            d.u.i.k.p.r.p.TestFile    ... success: reloaded. 
77946      INFO  main            d.u.i.k.p.r.p.TestFile    Now processing file /home/runner/work/key/key/key.core/../key.ui/examples/heap/observer/ExampleSubject_notifyObservers.key 
77946      INFO  main            d.u.i.k.p.i.AbstractProblemLoader Loading environment from /home/runner/work/key/key/key.core/../key.ui/examples/heap/observer/ExampleSubject_notifyObservers.key 
77947      DEBUG main            d.u.i.k.p.i.AbstractProblemLoader Environment load took 124.8ns 
77947      INFO  main            d.u.i.k.p.i.AbstractProblemLoader Creating init config 
80460      DEBUG main            d.u.i.k.p.i.AbstractProblemLoader Init config took 2.51s 
80503      INFO  main            d.u.i.k.p.i.AbstractProblemLoader Replaying proof Subject[Subject::notifyObservers()].JML normal_behavior operation contract.0 
80504      DEBUG main            d.u.i.k.p.i.IntermediateProofReplayer Proof replay took 5.8ns 
80610      INFO  main            d.u.i.k.p.r.p.TestFile    ... finished proof: closed. 
80798      INFO  main            d.u.i.k.p.i.AbstractProblemLoader Loading environment from /home/runner/work/key/key/key.core/../key.ui/examples/heap/observer/ExampleSubject_notifyObservers.key.proof 
80798      DEBUG main            d.u.i.k.p.i.AbstractProblemLoader Environment load took 109.3ns 
80799      INFO  main            d.u.i.k.p.i.AbstractProblemLoader Creating init config 
83342      DEBUG main            d.u.i.k.p.i.AbstractProblemLoader Init config took 2.54s 
83391      INFO  main            d.u.i.k.p.i.AbstractProblemLoader Replaying proof Subject[Subject::notifyObservers()].JML normal_behavior operation contract.0 
83394      DEBUG main            d.u.i.k.p.i.IntermediateProofReplayer Proof replay took 2.06ms 
83395      DEBUG main            d.u.i.k.p.r.p.TestFile    ... success: reloaded. 
83396      INFO  main            d.u.i.k.p.r.p.TestFile    Now processing file /home/runner/work/key/key/key.core/../key.ui/examples/heap/observer/ExampleSubject_value_dep.key 
83396      INFO  main            d.u.i.k.p.i.AbstractProblemLoader Loading environment from /home/runner/work/key/key/key.core/../key.ui/examples/heap/observer/ExampleSubject_value_dep.key 
83396      DEBUG main            d.u.i.k.p.i.AbstractProblemLoader Environment load took 109.7ns 
83397      INFO  main            d.u.i.k.p.i.AbstractProblemLoader Creating init config 
85914      DEBUG main            d.u.i.k.p.i.AbstractProblemLoader Init config took 2.52s 
85956      INFO  main            d.u.i.k.p.i.AbstractProblemLoader Replaying proof ExampleSubject[ExampleSubject::value()].JML accessible clause.0 
85958      DEBUG main            d.u.i.k.p.i.IntermediateProofReplayer Proof replay took 5.5ns 
86059      INFO  main            d.u.i.k.p.r.p.TestFile    ... finished proof: closed. 
86262      INFO  main            d.u.i.k.p.i.AbstractProblemLoader Loading environment from /home/runner/work/key/key/key.core/../key.ui/examples/heap/observer/ExampleSubject_value_dep.key.proof 
86262      DEBUG main            d.u.i.k.p.i.AbstractProblemLoader Environment load took 104ns 
86263      INFO  main            d.u.i.k.p.i.AbstractProblemLoader Creating init config 
88722      DEBUG main            d.u.i.k.p.i.AbstractProblemLoader Init config took 2.46s 
88771      INFO  main            d.u.i.k.p.i.AbstractProblemLoader Replaying proof ExampleSubject[ExampleSubject::value()].JML accessible clause.0 
88782      DEBUG main            d.u.i.k.p.i.IntermediateProofReplayer Proof replay took 9.45ms 
88784      DEBUG main            d.u.i.k.p.r.p.TestFile    ... success: reloaded. 
88785      INFO  main            d.u.i.k.p.r.p.TestFile    Now processing file /home/runner/work/key/key/key.core/../key.ui/examples/heap/observer/ExampleSubject_value.key 
88785      INFO  main            d.u.i.k.p.i.AbstractProblemLoader Loading environment from /home/runner/work/key/key/key.core/../key.ui/examples/heap/observer/ExampleSubject_value.key 
88785      DEBUG main            d.u.i.k.p.i.AbstractProblemLoader Environment load took 236.6ns 
88786      INFO  main            d.u.i.k.p.i.AbstractProblemLoader Creating init config 
91346      DEBUG main            d.u.i.k.p.i.AbstractProblemLoader Init config took 2.56s 
91390      INFO  main            d.u.i.k.p.i.AbstractProblemLoader Replaying proof ExampleSubject[ExampleSubject::value()].JML normal_behavior operation contract.0 
91391      DEBUG main            d.u.i.k.p.i.IntermediateProofReplayer Proof replay took 6.4ns 
91494      INFO  main            d.u.i.k.p.r.p.TestFile    ... finished proof: closed. 
91687      INFO  main            d.u.i.k.p.i.AbstractProblemLoader Loading environment from /home/runner/work/key/key/key.core/../key.ui/examples/heap/observer/ExampleSubject_value.key.proof 
91687      DEBUG main            d.u.i.k.p.i.AbstractProblemLoader Environment load took 106.6ns 
91688      INFO  main            d.u.i.k.p.i.AbstractProblemLoader Creating init config 
94153      DEBUG main            d.u.i.k.p.i.AbstractProblemLoader Init config took 2.47s 
94205      INFO  main            d.u.i.k.p.i.AbstractProblemLoader Replaying proof ExampleSubject[ExampleSubject::value()].JML normal_behavior operation contract.0 
94214      DEBUG main            d.u.i.k.p.i.IntermediateProofReplayer Proof replay took 8.15ms 
94215      DEBUG main            d.u.i.k.p.r.p.TestFile    ... success: reloaded. 
1468941    INFO  Test worker     d.u.i.k.p.r.RunAllProofsTestUnit Returning from test observer 
1468943    INFO  Test worker     d.u.i.k.p.r.RunAllProofsTestUnit Running test removeDups 
347        INFO  Timeout watchdog d.u.i.k.p.r.p.ForkedTestFileRunner Timeout watcher launched (2000 secs.) 
366        WARN  main            d.u.i.k.s.ProofSettings   The settings in /home/runner/.key/proof-settings.props are *not* read. 
394        INFO  main            d.u.i.k.p.r.p.TestFile    Now processing file /home/runner/work/key/key/key.core/../key.ui/examples/heap/removeDups/arrayPart.key 
498        INFO  main            d.u.i.k.p.i.AbstractProblemLoader Loading environment from /home/runner/work/key/key/key.core/../key.ui/examples/heap/removeDups/arrayPart.key 
525        DEBUG main            d.u.i.k.p.i.AbstractProblemLoader Environment load took 1.84ms 
735        INFO  main            d.u.i.k.p.i.AbstractProblemLoader Creating init config 
1591       DEBUG main            d.u.i.k.j.TypeConverter   No LDT found for Meta 
1593       DEBUG main            d.u.i.k.j.TypeConverter   No LDT found for Meta 
1595       DEBUG main            d.u.i.k.j.TypeConverter   No LDT found for Meta 
1595       DEBUG main            d.u.i.k.j.TypeConverter   No LDT found for Meta 
2976       DEBUG main            d.u.i.k.j.TypeConverter   No LDT found for JavaBigintExpression 
8258       DEBUG main            d.u.i.k.p.i.AbstractProblemLoader Init config took 7.52s 
8392       INFO  main            d.u.i.k.p.i.AbstractProblemLoader Replaying proof RemoveDup[RemoveDup::arrayPart([I,int)].JML normal_behavior operation contract.0 
8422       DEBUG main            d.u.i.k.p.i.IntermediateProofReplayer Proof replay took 34.7ns 
11286      INFO  main            d.u.i.k.p.r.p.TestFile    ... finished proof: closed. 
11456      INFO  main            d.u.i.k.p.i.AbstractProblemLoader Loading environment from /home/runner/work/key/key/key.core/../key.ui/examples/heap/removeDups/arrayPart.key.proof 
11459      DEBUG main            d.u.i.k.p.i.AbstractProblemLoader Environment load took 3.2ms 
11462      INFO  main            d.u.i.k.p.i.AbstractProblemLoader Creating init config 
14502      DEBUG main            d.u.i.k.p.i.AbstractProblemLoader Init config took 3.04s 
14579      INFO  main            d.u.i.k.p.i.AbstractProblemLoader Replaying proof RemoveDup[RemoveDup::arrayPart([I,int)].JML normal_behavior operation contract.0 
14871      DEBUG main            d.u.i.k.p.i.IntermediateProofReplayer Proof replay took 279.09ms 
14882      DEBUG main            d.u.i.k.p.r.p.TestFile    ... success: reloaded. 
14883      INFO  main            d.u.i.k.p.r.p.TestFile    Now processing file /home/runner/work/key/key/key.core/../key.ui/examples/heap/removeDups/contains.key 
14883      INFO  main            d.u.i.k.p.i.AbstractProblemLoader Loading environment from /home/runner/work/key/key/key.core/../key.ui/examples/heap/removeDups/contains.key 
14884      DEBUG main            d.u.i.k.p.i.AbstractProblemLoader Environment load took 232.2ns 
14885      INFO  main            d.u.i.k.p.i.AbstractProblemLoader Creating init config 
17786      DEBUG main            d.u.i.k.p.i.AbstractProblemLoader Init config took 2.9s 
17845      INFO  main            d.u.i.k.p.i.AbstractProblemLoader Replaying proof RemoveDup[RemoveDup::contains([I,int,int)].JML normal_behavior operation contract.0 
17850      DEBUG main            d.u.i.k.p.i.IntermediateProofReplayer Proof replay took 7.3ns 
18455      INFO  main            d.u.i.k.p.r.p.TestFile    ... finished proof: closed. 
18579      INFO  main            d.u.i.k.p.i.AbstractProblemLoader Loading environment from /home/runner/work/key/key/key.core/../key.ui/examples/heap/removeDups/contains.key.proof 
18579      DEBUG main            d.u.i.k.p.i.AbstractProblemLoader Environment load took 415.1ns 
18581      INFO  main            d.u.i.k.p.i.AbstractProblemLoader Creating init config 
21366      DEBUG main            d.u.i.k.p.i.AbstractProblemLoader Init config took 2.79s 
21427      INFO  main            d.u.i.k.p.i.AbstractProblemLoader Replaying proof RemoveDup[RemoveDup::contains([I,int,int)].JML normal_behavior operation contract.0 
21509      DEBUG main            d.u.i.k.p.i.IntermediateProofReplayer Proof replay took 77.19ms 
21510      DEBUG main            d.u.i.k.p.r.p.TestFile    ... success: reloaded. 
21511      INFO  main            d.u.i.k.p.r.p.TestFile    Now processing file /home/runner/work/key/key/key.core/../key.ui/examples/heap/removeDups/removeDup.key 
21512      INFO  main            d.u.i.k.p.i.AbstractProblemLoader Loading environment from /home/runner/work/key/key/key.core/../key.ui/examples/heap/removeDups/removeDup.key 
21512      DEBUG main            d.u.i.k.p.i.AbstractProblemLoader Environment load took 234.8ns 
21513      INFO  main            d.u.i.k.p.i.AbstractProblemLoader Creating init config 
24310      DEBUG main            d.u.i.k.p.i.AbstractProblemLoader Init config took 2.8s 
24357      INFO  main            d.u.i.k.p.i.AbstractProblemLoader Replaying proof RemoveDup[RemoveDup::removeDup([I)].JML normal_behavior operation contract.0 
24359      DEBUG main            d.u.i.k.p.i.IntermediateProofReplayer Proof replay took 6.4ns 
29403      DEBUG Thread-7        d.u.i.k.j.d.VariableSpecification Program match. Variables have different dimension (template #v0 = #vi;, source a#11[] = var;) 
52257      INFO  main            d.u.i.k.p.r.p.TestFile    ... finished proof: closed. 
52509      INFO  main            d.u.i.k.p.i.AbstractProblemLoader Loading environment from /home/runner/work/key/key/key.core/../key.ui/examples/heap/removeDups/removeDup.key.proof 
52509      DEBUG main            d.u.i.k.p.i.AbstractProblemLoader Environment load took 196.6ns 
52520      INFO  main            d.u.i.k.p.i.AbstractProblemLoader Creating init config 
55205      DEBUG main            d.u.i.k.p.i.AbstractProblemLoader Init config took 2.69s 
55283      INFO  main            d.u.i.k.p.i.AbstractProblemLoader Replaying proof RemoveDup[RemoveDup::removeDup([I)].JML normal_behavior operation contract.0 
56682      DEBUG main            d.u.i.k.p.i.IntermediateProofReplayer Proof replay took 1.32s 
56687      DEBUG main            d.u.i.k.p.r.p.TestFile    ... success: reloaded. 
56688      INFO  main            d.u.i.k.p.r.p.TestFile    Now processing file /home/runner/work/key/key/key.core/../key.ui/examples/heap/saddleback_search/Saddleback_search.key 
56690      INFO  main            d.u.i.k.p.i.AbstractProblemLoader Loading environment from /home/runner/work/key/key/key.core/../key.ui/examples/heap/saddleback_search/Saddleback_search.key 
56691      DEBUG main            d.u.i.k.p.i.AbstractProblemLoader Environment load took 276.2ns 
56692      INFO  main            d.u.i.k.p.i.AbstractProblemLoader Creating init config 
59526      DEBUG main            d.u.i.k.p.i.AbstractProblemLoader Init config took 2.83s 
59565      INFO  main            d.u.i.k.p.i.AbstractProblemLoader Replaying proof Saddleback[Saddleback::search([[I,int)].JML normal_behavior operation contract.0 
59577      DEBUG main            d.u.i.k.p.i.IntermediateProofReplayer Proof replay took 7.3ns 
146942     INFO  main            d.u.i.k.p.r.p.TestFile    ... finished proof: closed. 
147347     INFO  main            d.u.i.k.p.i.AbstractProblemLoader Loading environment from /home/runner/work/key/key/key.core/../key.ui/examples/heap/saddleback_search/Saddleback_search.key.proof 
147348     DEBUG main            d.u.i.k.p.i.AbstractProblemLoader Environment load took 196.7ns 
147356     INFO  main            d.u.i.k.p.i.AbstractProblemLoader Creating init config 
149975     DEBUG main            d.u.i.k.p.i.AbstractProblemLoader Init config took 2.62s 
150013     INFO  main            d.u.i.k.p.i.AbstractProblemLoader Replaying proof Saddleback[Saddleback::search([[I,int)].JML normal_behavior operation contract.0 
151594     DEBUG main            d.u.i.k.p.i.IntermediateProofReplayer Proof replay took 1.41s 
151603     DEBUG main            d.u.i.k.p.r.p.TestFile    ... success: reloaded. 
1620723    INFO  Test worker     d.u.i.k.p.r.RunAllProofsTestUnit Returning from test removeDups 
1620724    INFO  Test worker     d.u.i.k.p.r.RunAllProofsTestUnit Running test quicksort 
396        INFO  Timeout watchdog d.u.i.k.p.r.p.ForkedTestFileRunner Timeout watcher launched (2000 secs.) 
407        WARN  main            d.u.i.k.s.ProofSettings   The settings in /home/runner/.key/proof-settings.props are *not* read. 
447        INFO  main            d.u.i.k.p.r.p.TestFile    Now processing file /home/runner/work/key/key/key.core/../key.ui/examples/heap/quicksort/toplevel.key 
587        INFO  main            d.u.i.k.p.i.AbstractProblemLoader Loading environment from /home/runner/work/key/key/key.core/../key.ui/examples/heap/quicksort/toplevel.key 
612        DEBUG main            d.u.i.k.p.i.AbstractProblemLoader Environment load took 1.96ms 
823        INFO  main            d.u.i.k.p.i.AbstractProblemLoader Creating init config 
1853       DEBUG main            d.u.i.k.j.TypeConverter   No LDT found for Meta 
1854       DEBUG main            d.u.i.k.j.TypeConverter   No LDT found for Meta 
1856       DEBUG main            d.u.i.k.j.TypeConverter   No LDT found for Meta 
1856       DEBUG main            d.u.i.k.j.TypeConverter   No LDT found for Meta 
3663       DEBUG main            d.u.i.k.j.TypeConverter   No LDT found for JavaBigintExpression 
8745       DEBUG main            d.u.i.k.p.i.AbstractProblemLoader Init config took 7.92s 
8901       INFO  main            d.u.i.k.p.i.AbstractProblemLoader Replaying proof Quicksort[Quicksort::sort([I)].JML normal_behavior operation contract.0 
8936       DEBUG main            d.u.i.k.p.i.IntermediateProofReplayer Proof replay took 32.4ns 
10209      INFO  main            d.u.i.k.p.r.p.TestFile    ... finished proof: closed. 
10389      INFO  main            d.u.i.k.p.i.AbstractProblemLoader Loading environment from /home/runner/work/key/key/key.core/../key.ui/examples/heap/quicksort/toplevel.key.proof 
10395      DEBUG main            d.u.i.k.p.i.AbstractProblemLoader Environment load took 5.6ms 
10397      INFO  main            d.u.i.k.p.i.AbstractProblemLoader Creating init config 
13325      DEBUG main            d.u.i.k.p.i.AbstractProblemLoader Init config took 2.93s 
13385      INFO  main            d.u.i.k.p.i.AbstractProblemLoader Replaying proof Quicksort[Quicksort::sort([I)].JML normal_behavior operation contract.0 
13516      DEBUG main            d.u.i.k.p.i.IntermediateProofReplayer Proof replay took 122.7ms 
13528      DEBUG main            d.u.i.k.p.r.p.TestFile    ... success: reloaded. 
13531      INFO  main            d.u.i.k.p.r.p.TestFile    Now processing file /home/runner/work/key/key/key.core/../key.ui/examples/heap/quicksort/sort.key 
13532      INFO  main            d.u.i.k.p.i.AbstractProblemLoader Loading environment from /home/runner/work/key/key/key.core/../key.ui/examples/heap/quicksort/sort.key 
13532      DEBUG main            d.u.i.k.p.i.AbstractProblemLoader Environment load took 151.5ns 
13533      INFO  main            d.u.i.k.p.i.AbstractProblemLoader Creating init config 
16353      DEBUG main            d.u.i.k.p.i.AbstractProblemLoader Init config took 2.82s 
16416      INFO  main            d.u.i.k.p.i.AbstractProblemLoader Replaying proof Quicksort[Quicksort::sort([I,int,int)].JML normal_behavior operation contract.0 
16419      DEBUG main            d.u.i.k.p.i.IntermediateProofReplayer Proof replay took 24.2ns 
16443      DEBUG main            d.u.i.k.m.s.ProofScriptEngine 1: 'script 'sort.script'' 
16446      INFO  main            d.u.i.k.m.s.ProofScriptCommand Included script /home/runner/work/key/key/key.core/../key.ui/examples/heap/quicksort/sort.script 
16447      DEBUG main            d.u.i.k.m.s.ProofScriptEngine 1: 'macro autopilot-prep' 
17430      DEBUG main            d.u.i.k.m.s.ProofScriptEngine 2: 'select formula="{heapAtPre:=heap || exc:=null || heap:=heapAfter_sort_0}
   seq ...' 
17434      DEBUG main            d.u.i.k.m.s.ProofScriptEngine 3: 'macro simp-upd' 
17446      DEBUG main            d.u.i.k.m.s.ProofScriptEngine 4: 'let   @seqPre="seqDef{int u;}(0, array.length, array[u])"
    @seqSplit="seqDef ...' 
17449      DEBUG main            d.u.i.k.m.s.ProofScriptEngine 5: 'rule seqPermSym 
  formula="seqPerm(@seqSplit, @seqPre)"' 
17469      DEBUG main            d.u.i.k.m.s.ProofScriptEngine 6: 'rule seqPermSym
  formula="seqPerm(@seqSort, @seqSplit)"' 
17471      DEBUG main            d.u.i.k.m.s.ProofScriptEngine 7: 'rule seqPermSym
  formula="seqPerm(@seqSort0, @seqSort)"' 
17473      DEBUG main            d.u.i.k.m.s.ProofScriptEngine 8: 'rule seqPermTrans
  formula="seqPerm(@seqPre, @seqSplit)"' 
17473      DEBUG main            d.u.i.k.m.s.ProofScriptEngine 9: 'rule seqPermTrans
  formula="seqPerm(@seqPre, @seqSort)"' 
17475      DEBUG main            d.u.i.k.m.s.ProofScriptEngine 10: 'rule seqPermSym
  formula="seqPerm(@seqPre, @seqSort0)"' 
17476      DEBUG main            d.u.i.k.m.s.ProofScriptEngine 11: 'tryclose' 
43229      INFO  main            d.u.i.k.p.r.p.TestFile    ... finished proof: closed. 
43488      INFO  main            d.u.i.k.p.i.AbstractProblemLoader Loading environment from /home/runner/work/key/key/key.core/../key.ui/examples/heap/quicksort/sort.key.proof 
43489      DEBUG main            d.u.i.k.p.i.AbstractProblemLoader Environment load took 427.9ns 
43495      INFO  main            d.u.i.k.p.i.AbstractProblemLoader Creating init config 
46109      DEBUG main            d.u.i.k.p.i.AbstractProblemLoader Init config took 2.61s 
46159      INFO  main            d.u.i.k.p.i.AbstractProblemLoader Replaying proof Quicksort[Quicksort::sort([I,int,int)].JML normal_behavior operation contract.0 
47668      DEBUG main            d.u.i.k.p.i.IntermediateProofReplayer Proof replay took 1.37s 
47690      DEBUG main            d.u.i.k.p.r.p.TestFile    ... success: reloaded. 
47707      INFO  main            d.u.i.k.p.r.p.TestFile    Now processing file /home/runner/work/key/key/key.core/../key.ui/examples/heap/quicksort/split.key 
47707      INFO  main            d.u.i.k.p.i.AbstractProblemLoader Loading environment from /home/runner/work/key/key/key.core/../key.ui/examples/heap/quicksort/split.key 
47715      DEBUG main            d.u.i.k.p.i.AbstractProblemLoader Environment load took 7.45ms 
47716      INFO  main            d.u.i.k.p.i.AbstractProblemLoader Creating init config 
50585      DEBUG main            d.u.i.k.p.i.AbstractProblemLoader Init config took 2.87s 
50634      INFO  main            d.u.i.k.p.i.AbstractProblemLoader Replaying proof Quicksort[Quicksort::split([I,int,int)].JML normal_behavior operation contract.0 
50639      DEBUG main            d.u.i.k.p.i.IntermediateProofReplayer Proof replay took 5.8ns 
50640      DEBUG main            d.u.i.k.m.s.ProofScriptEngine 1: 'macro autopilot-prep' 
51860      DEBUG main            d.u.i.k.m.s.ProofScriptEngine 2: 'tryclose' 
89820      DEBUG main            d.u.i.k.m.s.ProofScriptEngine 3: 'macro simp-upd' 
89966      DEBUG main            d.u.i.k.m.s.ProofScriptEngine 4: 'rule seqPermFromSwap' 
89981      DEBUG main            d.u.i.k.m.s.ProofScriptEngine 5: 'rule andRight' 
89983      DEBUG main            d.u.i.k.m.s.ProofScriptEngine 6: 'auto' 
90009      DEBUG main            d.u.i.k.m.s.ProofScriptEngine 7: 'instantiate hide var=iv with=i_0' 
90013      DEBUG main            d.u.i.k.m.s.ProofScriptEngine 8: 'instantiate hide var=jv with=j_0' 
90014      DEBUG main            d.u.i.k.m.s.ProofScriptEngine 9: 'auto' 
96626      DEBUG main            d.u.i.k.m.s.ProofScriptEngine 10: 'macro simp-upd' 
96707      DEBUG main            d.u.i.k.m.s.ProofScriptEngine 11: 'rule seqPermFromSwap' 
96712      DEBUG main            d.u.i.k.m.s.ProofScriptEngine 12: 'rule andRight' 
96715      DEBUG main            d.u.i.k.m.s.ProofScriptEngine 13: 'auto' 
96733      DEBUG main            d.u.i.k.m.s.ProofScriptEngine 14: 'instantiate hide var=iv with=i_0' 
96737      DEBUG main            d.u.i.k.m.s.ProofScriptEngine 15: 'instantiate hide var=jv with=to' 
96739      DEBUG main            d.u.i.k.m.s.ProofScriptEngine 16: 'auto' 
101950     INFO  main            d.u.i.k.p.r.p.TestFile    ... finished proof: closed. 
102438     INFO  main            d.u.i.k.p.i.AbstractProblemLoader Loading environment from /home/runner/work/key/key/key.core/../key.ui/examples/heap/quicksort/split.key.proof 
102438     DEBUG main            d.u.i.k.p.i.AbstractProblemLoader Environment load took 396.5ns 
102448     INFO  main            d.u.i.k.p.i.AbstractProblemLoader Creating init config 
104955     DEBUG main            d.u.i.k.p.i.AbstractProblemLoader Init config took 2.51s 
105013     INFO  main            d.u.i.k.p.i.AbstractProblemLoader Replaying proof Quicksort[Quicksort::split([I,int,int)].JML normal_behavior operation contract.0 
107491     DEBUG main            d.u.i.k.p.i.IntermediateProofReplayer Proof replay took 2.29s 
107544     DEBUG main            d.u.i.k.p.r.p.TestFile    ... success: reloaded. 
1729204    INFO  Test worker     d.u.i.k.p.r.RunAllProofsTestUnit Returning from test quicksort 
1729206    INFO  Test worker     d.u.i.k.p.r.RunAllProofsTestUnit Running test simpleTests 
364        INFO  Timeout watchdog d.u.i.k.p.r.p.ForkedTestFileRunner Timeout watcher launched (2000 secs.) 
381        WARN  main            d.u.i.k.s.ProofSettings   The settings in /home/runner/.key/proof-settings.props are *not* read. 
421        INFO  main            d.u.i.k.p.r.p.TestFile    Now processing file /home/runner/work/key/key/key.core/../key.ui/examples/heap/simple/anonymise_datagroup.key 
545        INFO  main            d.u.i.k.p.i.AbstractProblemLoader Loading environment from /home/runner/work/key/key/key.core/../key.ui/examples/heap/simple/anonymise_datagroup.key 
562        DEBUG main            d.u.i.k.p.i.AbstractProblemLoader Environment load took 1.92ms 
815        INFO  main            d.u.i.k.p.i.AbstractProblemLoader Creating init config 
1652       DEBUG main            d.u.i.k.j.TypeConverter   No LDT found for Meta 
1652       DEBUG main            d.u.i.k.j.TypeConverter   No LDT found for Meta 
1653       DEBUG main            d.u.i.k.j.TypeConverter   No LDT found for Meta 
1653       DEBUG main            d.u.i.k.j.TypeConverter   No LDT found for Meta 
3197       DEBUG main            d.u.i.k.j.TypeConverter   No LDT found for JavaBigintExpression 
8049       DEBUG main            d.u.i.k.p.i.AbstractProblemLoader Init config took 7.23s 
8109       INFO  main            d.u.i.k.p.i.AbstractProblemLoader Replaying proof anonymise_datagroup.key 
8139       DEBUG main            d.u.i.k.p.i.IntermediateProofReplayer Proof replay took 34.8ns 
8403       INFO  main            d.u.i.k.p.r.p.TestFile    ... finished proof: closed. 
8493       INFO  main            d.u.i.k.p.i.AbstractProblemLoader Loading environment from /home/runner/work/key/key/key.core/../key.ui/examples/heap/simple/anonymise_datagroup.key.proof 
8493       DEBUG main            d.u.i.k.p.i.AbstractProblemLoader Environment load took 139.2ns 
8496       INFO  main            d.u.i.k.p.i.AbstractProblemLoader Creating init config 
11153      DEBUG main            d.u.i.k.p.i.AbstractProblemLoader Init config took 2.66s 
11183      INFO  main            d.u.i.k.p.i.AbstractProblemLoader Replaying proof anonymise_datagroup.key.proof 
11196      DEBUG main            d.u.i.k.p.i.IntermediateProofReplayer Proof replay took 8.25ms 
11212      DEBUG main            d.u.i.k.p.r.p.TestFile    ... success: reloaded. 
11217      INFO  main            d.u.i.k.p.r.p.TestFile    Now processing file /home/runner/work/key/key/key.core/../key.ui/examples/heap/simple/array_creation.key 
11218      INFO  main            d.u.i.k.p.i.AbstractProblemLoader Loading environment from /home/runner/work/key/key/key.core/../key.ui/examples/heap/simple/array_creation.key 
11218      DEBUG main            d.u.i.k.p.i.AbstractProblemLoader Environment load took 152.7ns 
11222      INFO  main            d.u.i.k.p.i.AbstractProblemLoader Creating init config 
13883      DEBUG main            d.u.i.k.p.i.AbstractProblemLoader Init config took 2.66s 
13914      INFO  main            d.u.i.k.p.i.AbstractProblemLoader Replaying proof array_creation.key 
13918      DEBUG main            d.u.i.k.p.i.IntermediateProofReplayer Proof replay took 7.2ns 
14732      INFO  main            d.u.i.k.p.r.p.TestFile    ... finished proof: closed. 
14868      INFO  main            d.u.i.k.p.i.AbstractProblemLoader Loading environment from /home/runner/work/key/key/key.core/../key.ui/examples/heap/simple/array_creation.key.proof 
14870      DEBUG main            d.u.i.k.p.i.AbstractProblemLoader Environment load took 2.23ms 
14872      INFO  main            d.u.i.k.p.i.AbstractProblemLoader Creating init config 
17457      DEBUG main            d.u.i.k.p.i.AbstractProblemLoader Init config took 2.58s 
17490      INFO  main            d.u.i.k.p.i.AbstractProblemLoader Replaying proof array_creation.key.proof 
17571      DEBUG main            d.u.i.k.p.i.IntermediateProofReplayer Proof replay took 76.42ms 
17573      DEBUG main            d.u.i.k.p.r.p.TestFile    ... success: reloaded. 
17574      INFO  main            d.u.i.k.p.r.p.TestFile    Now processing file /home/runner/work/key/key/key.core/../key.ui/examples/heap/simple/arrays_with_disjoint_sorts.key 
17575      INFO  main            d.u.i.k.p.i.AbstractProblemLoader Loading environment from /home/runner/work/key/key/key.core/../key.ui/examples/heap/simple/arrays_with_disjoint_sorts.key 
17575      DEBUG main            d.u.i.k.p.i.AbstractProblemLoader Environment load took 239.7ns 
17576      INFO  main            d.u.i.k.p.i.AbstractProblemLoader Creating init config 
20117      DEBUG main            d.u.i.k.p.i.AbstractProblemLoader Init config took 2.54s 
20141      INFO  main            d.u.i.k.p.i.AbstractProblemLoader Replaying proof arrays_with_disjoint_sorts.key 
20143      DEBUG main            d.u.i.k.p.i.IntermediateProofReplayer Proof replay took 6.1ns 
20347      INFO  main            d.u.i.k.p.r.p.TestFile    ... finished proof: closed. 
20491      INFO  main            d.u.i.k.p.i.AbstractProblemLoader Loading environment from /home/runner/work/key/key/key.core/../key.ui/examples/heap/simple/arrays_with_disjoint_sorts.key.proof 
20495      DEBUG main            d.u.i.k.p.i.AbstractProblemLoader Environment load took 3.92ms 
20497      INFO  main            d.u.i.k.p.i.AbstractProblemLoader Creating init config 
23006      DEBUG main            d.u.i.k.p.i.AbstractProblemLoader Init config took 2.51s 
23037      INFO  main            d.u.i.k.p.i.AbstractProblemLoader Replaying proof arrays_with_disjoint_sorts.key.proof 
23068      DEBUG main            d.u.i.k.p.i.IntermediateProofReplayer Proof replay took 28.14ms 
23072      DEBUG main            d.u.i.k.p.r.p.TestFile    ... success: reloaded. 
23073      INFO  main            d.u.i.k.p.r.p.TestFile    Now processing file /home/runner/work/key/key/key.core/../key.ui/examples/heap/simple/arrays.key 
23074      INFO  main            d.u.i.k.p.i.AbstractProblemLoader Loading environment from /home/runner/work/key/key/key.core/../key.ui/examples/heap/simple/arrays.key 
23074      DEBUG main            d.u.i.k.p.i.AbstractProblemLoader Environment load took 198.4ns 
23075      INFO  main            d.u.i.k.p.i.AbstractProblemLoader Creating init config 
25657      DEBUG main            d.u.i.k.p.i.AbstractProblemLoader Init config took 2.58s 
25679      INFO  main            d.u.i.k.p.i.AbstractProblemLoader Replaying proof arrays.key 
25682      DEBUG main            d.u.i.k.p.i.IntermediateProofReplayer Proof replay took 16.3ns 
25889      INFO  main            d.u.i.k.p.r.p.TestFile    ... finished proof: closed. 
26030      INFO  main            d.u.i.k.p.i.AbstractProblemLoader Loading environment from /home/runner/work/key/key/key.core/../key.ui/examples/heap/simple/arrays.key.proof 
26030      DEBUG main            d.u.i.k.p.i.AbstractProblemLoader Environment load took 118.1ns 
26031      INFO  main            d.u.i.k.p.i.AbstractProblemLoader Creating init config 
28524      DEBUG main            d.u.i.k.p.i.AbstractProblemLoader Init config took 2.49s 
28545      INFO  main            d.u.i.k.p.i.AbstractProblemLoader Replaying proof arrays.key.proof 
28564      DEBUG main            d.u.i.k.p.i.IntermediateProofReplayer Proof replay took 15.46ms 
28564      DEBUG main            d.u.i.k.p.r.p.TestFile    ... success: reloaded. 
28565      INFO  main            d.u.i.k.p.r.p.TestFile    Now processing file /home/runner/work/key/key/key.core/../key.ui/examples/heap/simple/attributes.key 
28566      INFO  main            d.u.i.k.p.i.AbstractProblemLoader Loading environment from /home/runner/work/key/key/key.core/../key.ui/examples/heap/simple/attributes.key 
28566      DEBUG main            d.u.i.k.p.i.AbstractProblemLoader Environment load took 99.2ns 
28567      INFO  main            d.u.i.k.p.i.AbstractProblemLoader Creating init config 
31083      DEBUG main            d.u.i.k.p.i.AbstractProblemLoader Init config took 2.52s 
31103      INFO  main            d.u.i.k.p.i.AbstractProblemLoader Replaying proof attributes.key 
31105      DEBUG main            d.u.i.k.p.i.IntermediateProofReplayer Proof replay took 6.3ns 
31212      INFO  main            d.u.i.k.p.r.p.TestFile    ... finished proof: closed. 
31360      INFO  main            d.u.i.k.p.i.AbstractProblemLoader Loading environment from /home/runner/work/key/key/key.core/../key.ui/examples/heap/simple/attributes.key.proof 
31360      DEBUG main            d.u.i.k.p.i.AbstractProblemLoader Environment load took 117.4ns 
31362      INFO  main            d.u.i.k.p.i.AbstractProblemLoader Creating init config 
33811      DEBUG main            d.u.i.k.p.i.AbstractProblemLoader Init config took 2.45s 
33832      INFO  main            d.u.i.k.p.i.AbstractProblemLoader Replaying proof attributes.key.proof 
33836      DEBUG main            d.u.i.k.p.i.IntermediateProofReplayer Proof replay took 1.51ms 
33837      DEBUG main            d.u.i.k.p.r.p.TestFile    ... success: reloaded. 
33838      INFO  main            d.u.i.k.p.r.p.TestFile    Now processing file /home/runner/work/key/key/key.core/../key.ui/examples/heap/simple/constructor_contracts.key 
33838      INFO  main            d.u.i.k.p.i.AbstractProblemLoader Loading environment from /home/runner/work/key/key/key.core/../key.ui/examples/heap/simple/constructor_contracts.key 
33838      DEBUG main            d.u.i.k.p.i.AbstractProblemLoader Environment load took 209ns 
33841      INFO  main            d.u.i.k.p.i.AbstractProblemLoader Creating init config 
36642      DEBUG main            d.u.i.k.p.i.AbstractProblemLoader Init config took 2.8s 
36664      INFO  main            d.u.i.k.p.i.AbstractProblemLoader Replaying proof constructor_contracts.key 
36666      DEBUG main            d.u.i.k.p.i.IntermediateProofReplayer Proof replay took 6.6ns 
37275      INFO  main            d.u.i.k.p.r.p.TestFile    ... finished proof: closed. 
37470      INFO  main            d.u.i.k.p.i.AbstractProblemLoader Loading environment from /home/runner/work/key/key/key.core/../key.ui/examples/heap/simple/constructor_contracts.key.proof 
37470      DEBUG main            d.u.i.k.p.i.AbstractProblemLoader Environment load took 393ns 
37472      INFO  main            d.u.i.k.p.i.AbstractProblemLoader Creating init config 
40248      DEBUG main            d.u.i.k.p.i.AbstractProblemLoader Init config took 2.78s 
40270      INFO  main            d.u.i.k.p.i.AbstractProblemLoader Replaying proof constructor_contracts.key.proof 
40361      DEBUG main            d.u.i.k.p.i.IntermediateProofReplayer Proof replay took 85.62ms 
40363      DEBUG main            d.u.i.k.p.r.p.TestFile    ... success: reloaded. 
40364      INFO  main            d.u.i.k.p.r.p.TestFile    Now processing file /home/runner/work/key/key/key.core/../key.ui/examples/heap/simple/dependencies.key 
40365      INFO  main            d.u.i.k.p.i.AbstractProblemLoader Loading environment from /home/runner/work/key/key/key.core/../key.ui/examples/heap/simple/dependencies.key 
40365      DEBUG main            d.u.i.k.p.i.AbstractProblemLoader Environment load took 198.4ns 
40366      INFO  main            d.u.i.k.p.i.AbstractProblemLoader Creating init config 
42872      DEBUG main            d.u.i.k.p.i.AbstractProblemLoader Init config took 2.51s 
42894      INFO  main            d.u.i.k.p.i.AbstractProblemLoader Replaying proof dependencies.key 
42896      DEBUG main            d.u.i.k.p.i.IntermediateProofReplayer Proof replay took 7.2ns 
42999      INFO  main            d.u.i.k.p.r.p.TestFile    ... finished proof: closed. 
43172      INFO  main            d.u.i.k.p.i.AbstractProblemLoader Loading environment from /home/runner/work/key/key/key.core/../key.ui/examples/heap/simple/dependencies.key.proof 
43172      DEBUG main            d.u.i.k.p.i.AbstractProblemLoader Environment load took 106.4ns 
43174      INFO  main            d.u.i.k.p.i.AbstractProblemLoader Creating init config 
45605      DEBUG main            d.u.i.k.p.i.AbstractProblemLoader Init config took 2.43s 
45627      INFO  main            d.u.i.k.p.i.AbstractProblemLoader Replaying proof dependencies.key.proof 
45636      DEBUG main            d.u.i.k.p.i.IntermediateProofReplayer Proof replay took 6.3ms 
45637      DEBUG main            d.u.i.k.p.r.p.TestFile    ... success: reloaded. 
45638      INFO  main            d.u.i.k.p.r.p.TestFile    Now processing file /home/runner/work/key/key/key.core/../key.ui/examples/heap/simple/dependency_contracts.key 
45638      INFO  main            d.u.i.k.p.i.AbstractProblemLoader Loading environment from /home/runner/work/key/key/key.core/../key.ui/examples/heap/simple/dependency_contracts.key 
45638      DEBUG main            d.u.i.k.p.i.AbstractProblemLoader Environment load took 195.3ns 
45640      INFO  main            d.u.i.k.p.i.AbstractProblemLoader Creating init config 
48353      DEBUG main            d.u.i.k.p.i.AbstractProblemLoader Init config took 2.71s 
48372      INFO  main            d.u.i.k.p.i.AbstractProblemLoader Replaying proof dependency_contracts.key 
48373      DEBUG main            d.u.i.k.p.i.IntermediateProofReplayer Proof replay took 6.6ns 
49581      INFO  main            d.u.i.k.p.r.p.TestFile    ... finished proof: closed. 
49777      INFO  main            d.u.i.k.p.i.AbstractProblemLoader Loading environment from /home/runner/work/key/key/key.core/../key.ui/examples/heap/simple/dependency_contracts.key.proof 
49778      DEBUG main            d.u.i.k.p.i.AbstractProblemLoader Environment load took 588.7ns 
49780      INFO  main            d.u.i.k.p.i.AbstractProblemLoader Creating init config 
52453      DEBUG main            d.u.i.k.p.i.AbstractProblemLoader Init config took 2.67s 
52473      INFO  main            d.u.i.k.p.i.AbstractProblemLoader Replaying proof dependency_contracts.key.proof 
52640      DEBUG main            d.u.i.k.p.i.IntermediateProofReplayer Proof replay took 158.57ms 
52642      DEBUG main            d.u.i.k.p.r.p.TestFile    ... success: reloaded. 
52643      INFO  main            d.u.i.k.p.r.p.TestFile    Now processing file /home/runner/work/key/key/key.core/../key.ui/examples/heap/simple/invariant_preservation.key 
52644      INFO  main            d.u.i.k.p.i.AbstractProblemLoader Loading environment from /home/runner/work/key/key/key.core/../key.ui/examples/heap/simple/invariant_preservation.key 
52644      DEBUG main            d.u.i.k.p.i.AbstractProblemLoader Environment load took 201.3ns 
52646      INFO  main            d.u.i.k.p.i.AbstractProblemLoader Creating init config 
55356      DEBUG main            d.u.i.k.p.i.AbstractProblemLoader Init config took 2.71s 
55376      INFO  main            d.u.i.k.p.i.AbstractProblemLoader Replaying proof invariant_preservation.key 
55378      DEBUG main            d.u.i.k.p.i.IntermediateProofReplayer Proof replay took 6.7ns 
55581      INFO  main            d.u.i.k.p.r.p.TestFile    ... finished proof: closed. 
55768      INFO  main            d.u.i.k.p.i.AbstractProblemLoader Loading environment from /home/runner/work/key/key/key.core/../key.ui/examples/heap/simple/invariant_preservation.key.proof 
55768      DEBUG main            d.u.i.k.p.i.AbstractProblemLoader Environment load took 104.6ns 
55770      INFO  main            d.u.i.k.p.i.AbstractProblemLoader Creating init config 
58435      DEBUG main            d.u.i.k.p.i.AbstractProblemLoader Init config took 2.66s 
58453      INFO  main            d.u.i.k.p.i.AbstractProblemLoader Replaying proof invariant_preservation.key.proof 
58478      DEBUG main            d.u.i.k.p.i.IntermediateProofReplayer Proof replay took 22.99ms 
58480      DEBUG main            d.u.i.k.p.r.p.TestFile    ... success: reloaded. 
58481      INFO  main            d.u.i.k.p.r.p.TestFile    Now processing file /home/runner/work/key/key/key.core/../key.ui/examples/heap/simple/locsets.key 
58481      INFO  main            d.u.i.k.p.i.AbstractProblemLoader Loading environment from /home/runner/work/key/key/key.core/../key.ui/examples/heap/simple/locsets.key 
58481      DEBUG main            d.u.i.k.p.i.AbstractProblemLoader Environment load took 193.7ns 
58482      INFO  main            d.u.i.k.p.i.AbstractProblemLoader Creating init config 
60936      DEBUG main            d.u.i.k.p.i.AbstractProblemLoader Init config took 2.45s 
60952      INFO  main            d.u.i.k.p.i.AbstractProblemLoader Replaying proof locsets.key 
60954      DEBUG main            d.u.i.k.p.i.IntermediateProofReplayer Proof replay took 6ns 
61056      INFO  main            d.u.i.k.p.r.p.TestFile    ... finished proof: closed. 
61246      INFO  main            d.u.i.k.p.i.AbstractProblemLoader Loading environment from /home/runner/work/key/key/key.core/../key.ui/examples/heap/simple/locsets.key.proof 
61246      DEBUG main            d.u.i.k.p.i.AbstractProblemLoader Environment load took 107ns 
61247      INFO  main            d.u.i.k.p.i.AbstractProblemLoader Creating init config 
63635      DEBUG main            d.u.i.k.p.i.AbstractProblemLoader Init config took 2.39s 
63650      INFO  main            d.u.i.k.p.i.AbstractProblemLoader Replaying proof locsets.key.proof 
63653      DEBUG main            d.u.i.k.p.i.IntermediateProofReplayer Proof replay took 1.03ms 
63654      DEBUG main            d.u.i.k.p.r.p.TestFile    ... success: reloaded. 
63654      INFO  main            d.u.i.k.p.r.p.TestFile    Now processing file /home/runner/work/key/key/key.core/../key.ui/examples/heap/simple/loop1.key 
63654      INFO  main            d.u.i.k.p.i.AbstractProblemLoader Loading environment from /home/runner/work/key/key/key.core/../key.ui/examples/heap/simple/loop1.key 
63655      DEBUG main            d.u.i.k.p.i.AbstractProblemLoader Environment load took 93.2ns 
63656      INFO  main            d.u.i.k.p.i.AbstractProblemLoader Creating init config 
66335      DEBUG main            d.u.i.k.p.i.AbstractProblemLoader Init config took 2.68s 
66360      INFO  main            d.u.i.k.p.i.AbstractProblemLoader Replaying proof loop1.key 
66366      DEBUG main            d.u.i.k.p.i.IntermediateProofReplayer Proof replay took 6.1ns 
66570      INFO  main            d.u.i.k.p.r.p.TestFile    ... finished proof: closed. 
66744      INFO  main            d.u.i.k.p.i.AbstractProblemLoader Loading environment from /home/runner/work/key/key/key.core/../key.ui/examples/heap/simple/loop1.key.proof 
66744      DEBUG main            d.u.i.k.p.i.AbstractProblemLoader Environment load took 119ns 
66745      INFO  main            d.u.i.k.p.i.AbstractProblemLoader Creating init config 
69413      DEBUG main            d.u.i.k.p.i.AbstractProblemLoader Init config took 2.67s 
69431      INFO  main            d.u.i.k.p.i.AbstractProblemLoader Replaying proof loop1.key.proof 
69505      DEBUG main            d.u.i.k.p.i.IntermediateProofReplayer Proof replay took 71.91ms 
69507      DEBUG main            d.u.i.k.p.r.p.TestFile    ... success: reloaded. 
69508      INFO  main            d.u.i.k.p.r.p.TestFile    Now processing file /home/runner/work/key/key/key.core/../key.ui/examples/heap/simple/loop2.key 
69508      INFO  main            d.u.i.k.p.i.AbstractProblemLoader Loading environment from /home/runner/work/key/key/key.core/../key.ui/examples/heap/simple/loop2.key 
69509      DEBUG main            d.u.i.k.p.i.AbstractProblemLoader Environment load took 249.5ns 
69510      INFO  main            d.u.i.k.p.i.AbstractProblemLoader Creating init config 
72176      DEBUG main            d.u.i.k.p.i.AbstractProblemLoader Init config took 2.67s 
72193      INFO  main            d.u.i.k.p.i.AbstractProblemLoader Replaying proof loop2.key 
72196      DEBUG main            d.u.i.k.p.i.IntermediateProofReplayer Proof replay took 6.8ns 
72801      INFO  main            d.u.i.k.p.r.p.TestFile    ... finished proof: closed. 
73007      INFO  main            d.u.i.k.p.i.AbstractProblemLoader Loading environment from /home/runner/work/key/key/key.core/../key.ui/examples/heap/simple/loop2.key.proof 
73007      DEBUG main            d.u.i.k.p.i.AbstractProblemLoader Environment load took 388.4ns 
73008      INFO  main            d.u.i.k.p.i.AbstractProblemLoader Creating init config 
75637      DEBUG main            d.u.i.k.p.i.AbstractProblemLoader Init config took 2.63s 
75656      INFO  main            d.u.i.k.p.i.AbstractProblemLoader Replaying proof loop2.key.proof 
75738      DEBUG main            d.u.i.k.p.i.IntermediateProofReplayer Proof replay took 77.65ms 
75740      DEBUG main            d.u.i.k.p.r.p.TestFile    ... success: reloaded. 
75741      INFO  main            d.u.i.k.p.r.p.TestFile    Now processing file /home/runner/work/key/key/key.core/../key.ui/examples/heap/simple/modifies_datagroup.key 
75742      INFO  main            d.u.i.k.p.i.AbstractProblemLoader Loading environment from /home/runner/work/key/key/key.core/../key.ui/examples/heap/simple/modifies_datagroup.key 
75742      DEBUG main            d.u.i.k.p.i.AbstractProblemLoader Environment load took 191.8ns 
75743      INFO  main            d.u.i.k.p.i.AbstractProblemLoader Creating init config 
78162      DEBUG main            d.u.i.k.p.i.AbstractProblemLoader Init config took 2.42s 
78178      INFO  main            d.u.i.k.p.i.AbstractProblemLoader Replaying proof modifies_datagroup.key 
78179      DEBUG main            d.u.i.k.p.i.IntermediateProofReplayer Proof replay took 6.6ns 
78284      INFO  main            d.u.i.k.p.r.p.TestFile    ... finished proof: closed. 
78483      INFO  main            d.u.i.k.p.i.AbstractProblemLoader Loading environment from /home/runner/work/key/key/key.core/../key.ui/examples/heap/simple/modifies_datagroup.key.proof 
78483      DEBUG main            d.u.i.k.p.i.AbstractProblemLoader Environment load took 96.3ns 
78484      INFO  main            d.u.i.k.p.i.AbstractProblemLoader Creating init config 
80837      DEBUG main            d.u.i.k.p.i.AbstractProblemLoader Init config took 2.35s 
80851      INFO  main            d.u.i.k.p.i.AbstractProblemLoader Replaying proof modifies_datagroup.key.proof 
80855      DEBUG main            d.u.i.k.p.i.IntermediateProofReplayer Proof replay took 2.46ms 
80856      DEBUG main            d.u.i.k.p.r.p.TestFile    ... success: reloaded. 
80857      INFO  main            d.u.i.k.p.r.p.TestFile    Now processing file /home/runner/work/key/key/key.core/../key.ui/examples/heap/simple/modifies.key 
80857      INFO  main            d.u.i.k.p.i.AbstractProblemLoader Loading environment from /home/runner/work/key/key/key.core/../key.ui/examples/heap/simple/modifies.key 
80857      DEBUG main            d.u.i.k.p.i.AbstractProblemLoader Environment load took 84.1ns 
80859      INFO  main            d.u.i.k.p.i.AbstractProblemLoader Creating init config 
83266      DEBUG main            d.u.i.k.p.i.AbstractProblemLoader Init config took 2.41s 
83281      INFO  main            d.u.i.k.p.i.AbstractProblemLoader Replaying proof modifies.key 
83282      DEBUG main            d.u.i.k.p.i.IntermediateProofReplayer Proof replay took 6.6ns 
83384      INFO  main            d.u.i.k.p.r.p.TestFile    ... finished proof: closed. 
83599      INFO  main            d.u.i.k.p.i.AbstractProblemLoader Loading environment from /home/runner/work/key/key/key.core/../key.ui/examples/heap/simple/modifies.key.proof 
83599      DEBUG main            d.u.i.k.p.i.AbstractProblemLoader Environment load took 99.3ns 
83601      INFO  main            d.u.i.k.p.i.AbstractProblemLoader Creating init config 
85979      DEBUG main            d.u.i.k.p.i.AbstractProblemLoader Init config took 2.38s 
85995      INFO  main            d.u.i.k.p.i.AbstractProblemLoader Replaying proof modifies.key.proof 
86006      DEBUG main            d.u.i.k.p.i.IntermediateProofReplayer Proof replay took 9.23ms 
86007      DEBUG main            d.u.i.k.p.r.p.TestFile    ... success: reloaded. 
86012      INFO  main            d.u.i.k.p.r.p.TestFile    Now processing file /home/runner/work/key/key/key.core/../key.ui/examples/heap/simple/object_creation.key 
86012      INFO  main            d.u.i.k.p.i.AbstractProblemLoader Loading environment from /home/runner/work/key/key/key.core/../key.ui/examples/heap/simple/object_creation.key 
86014      DEBUG main            d.u.i.k.p.i.AbstractProblemLoader Environment load took 1.11ms 
86015      INFO  main            d.u.i.k.p.i.AbstractProblemLoader Creating init config 
88410      DEBUG main            d.u.i.k.p.i.AbstractProblemLoader Init config took 2.39s 
88427      INFO  main            d.u.i.k.p.i.AbstractProblemLoader Replaying proof object_creation.key 
88428      DEBUG main            d.u.i.k.p.i.IntermediateProofReplayer Proof replay took 6.5ns 
88636      INFO  main            d.u.i.k.p.r.p.TestFile    ... finished proof: closed. 
88857      INFO  main            d.u.i.k.p.i.AbstractProblemLoader Loading environment from /home/runner/work/key/key/key.core/../key.ui/examples/heap/simple/object_creation.key.proof 
88857      DEBUG main            d.u.i.k.p.i.AbstractProblemLoader Environment load took 110.5ns 
88859      INFO  main            d.u.i.k.p.i.AbstractProblemLoader Creating init config 
91196      DEBUG main            d.u.i.k.p.i.AbstractProblemLoader Init config took 2.34s 
91211      INFO  main            d.u.i.k.p.i.AbstractProblemLoader Replaying proof object_creation.key.proof 
91257      DEBUG main            d.u.i.k.p.i.IntermediateProofReplayer Proof replay took 43.1ms 
91258      DEBUG main            d.u.i.k.p.r.p.TestFile    ... success: reloaded. 
91259      INFO  main            d.u.i.k.p.r.p.TestFile    Now processing file /home/runner/work/key/key/key.core/../key.ui/examples/heap/simple/operation_contracts.key 
91260      INFO  main            d.u.i.k.p.i.AbstractProblemLoader Loading environment from /home/runner/work/key/key/key.core/../key.ui/examples/heap/simple/operation_contracts.key 
91260      DEBUG main            d.u.i.k.p.i.AbstractProblemLoader Environment load took 194.3ns 
91262      INFO  main            d.u.i.k.p.i.AbstractProblemLoader Creating init config 
93917      DEBUG main            d.u.i.k.p.i.AbstractProblemLoader Init config took 2.65s 
93933      INFO  main            d.u.i.k.p.i.AbstractProblemLoader Replaying proof operation_contracts.key 
93934      DEBUG main            d.u.i.k.p.i.IntermediateProofReplayer Proof replay took 6.5ns 
94741      INFO  main            d.u.i.k.p.r.p.TestFile    ... finished proof: closed. 
94966      INFO  main            d.u.i.k.p.i.AbstractProblemLoader Loading environment from /home/runner/work/key/key/key.core/../key.ui/examples/heap/simple/operation_contracts.key.proof 
94966      DEBUG main            d.u.i.k.p.i.AbstractProblemLoader Environment load took 382.9ns 
94968      INFO  main            d.u.i.k.p.i.AbstractProblemLoader Creating init config 
97543      DEBUG main            d.u.i.k.p.i.AbstractProblemLoader Init config took 2.57s 
97558      INFO  main            d.u.i.k.p.i.AbstractProblemLoader Replaying proof operation_contracts.key.proof 
97653      DEBUG main            d.u.i.k.p.i.IntermediateProofReplayer Proof replay took 87.3ms 
97655      DEBUG main            d.u.i.k.p.r.p.TestFile    ... success: reloaded. 
97656      INFO  main            d.u.i.k.p.r.p.TestFile    Now processing file /home/runner/work/key/key/key.core/../key.ui/examples/heap/simple/select_store.key 
97657      INFO  main            d.u.i.k.p.i.AbstractProblemLoader Loading environment from /home/runner/work/key/key/key.core/../key.ui/examples/heap/simple/select_store.key 
97657      DEBUG main            d.u.i.k.p.i.AbstractProblemLoader Environment load took 192.5ns 
97658      INFO  main            d.u.i.k.p.i.AbstractProblemLoader Creating init config 
100040     DEBUG main            d.u.i.k.p.i.AbstractProblemLoader Init config took 2.38s 
100054     INFO  main            d.u.i.k.p.i.AbstractProblemLoader Replaying proof select_store.key 
100055     DEBUG main            d.u.i.k.p.i.IntermediateProofReplayer Proof replay took 6ns 
100157     INFO  main            d.u.i.k.p.r.p.TestFile    ... finished proof: closed. 
100384     INFO  main            d.u.i.k.p.i.AbstractProblemLoader Loading environment from /home/runner/work/key/key/key.core/../key.ui/examples/heap/simple/select_store.key.proof 
100384     DEBUG main            d.u.i.k.p.i.AbstractProblemLoader Environment load took 138.4ns 
100385     INFO  main            d.u.i.k.p.i.AbstractProblemLoader Creating init config 
102709     DEBUG main            d.u.i.k.p.i.AbstractProblemLoader Init config took 2.32s 
102725     INFO  main            d.u.i.k.p.i.AbstractProblemLoader Replaying proof select_store.key.proof 
102734     DEBUG main            d.u.i.k.p.i.IntermediateProofReplayer Proof replay took 7.05ms 
102735     DEBUG main            d.u.i.k.p.r.p.TestFile    ... success: reloaded. 
102736     INFO  main            d.u.i.k.p.r.p.TestFile    Now processing file /home/runner/work/key/key/key.core/../key.ui/examples/heap/simple/selection_sort.key 
102737     INFO  main            d.u.i.k.p.i.AbstractProblemLoader Loading environment from /home/runner/work/key/key/key.core/../key.ui/examples/heap/simple/selection_sort.key 
102737     DEBUG main            d.u.i.k.p.i.AbstractProblemLoader Environment load took 192ns 
102739     INFO  main            d.u.i.k.p.i.AbstractProblemLoader Creating init config 
105378     DEBUG main            d.u.i.k.p.i.AbstractProblemLoader Init config took 2.64s 
105393     INFO  main            d.u.i.k.p.i.AbstractProblemLoader Replaying proof selection_sort.key 
105398     DEBUG main            d.u.i.k.p.i.IntermediateProofReplayer Proof replay took 6.2ns 
109210     INFO  main            d.u.i.k.p.r.p.TestFile    ... finished proof: closed. 
109464     INFO  main            d.u.i.k.p.i.AbstractProblemLoader Loading environment from /home/runner/work/key/key/key.core/../key.ui/examples/heap/simple/selection_sort.key.proof 
109465     DEBUG main            d.u.i.k.p.i.AbstractProblemLoader Environment load took 376.3ns 
109467     INFO  main            d.u.i.k.p.i.AbstractProblemLoader Creating init config 
112024     DEBUG main            d.u.i.k.p.i.AbstractProblemLoader Init config took 2.56s 
112039     INFO  main            d.u.i.k.p.i.AbstractProblemLoader Replaying proof selection_sort.key.proof 
112429     DEBUG main            d.u.i.k.p.i.IntermediateProofReplayer Proof replay took 367.79ms 
112431     DEBUG main            d.u.i.k.p.r.p.TestFile    ... success: reloaded. 
112432     INFO  main            d.u.i.k.p.r.p.TestFile    Now processing file /home/runner/work/key/key/key.core/../key.ui/examples/heap/simple/seq.key 
112432     INFO  main            d.u.i.k.p.i.AbstractProblemLoader Loading environment from /home/runner/work/key/key/key.core/../key.ui/examples/heap/simple/seq.key 
112432     DEBUG main            d.u.i.k.p.i.AbstractProblemLoader Environment load took 184.5ns 
112433     INFO  main            d.u.i.k.p.i.AbstractProblemLoader Creating init config 
114846     DEBUG main            d.u.i.k.p.i.AbstractProblemLoader Init config took 2.41s 
114866     INFO  main            d.u.i.k.p.i.AbstractProblemLoader Replaying proof seq.key 
114868     DEBUG main            d.u.i.k.p.i.IntermediateProofReplayer Proof replay took 7.3ns 
115271     INFO  main            d.u.i.k.p.r.p.TestFile    ... finished proof: closed. 
115610     INFO  main            d.u.i.k.p.i.AbstractProblemLoader Loading environment from /home/runner/work/key/key/key.core/../key.ui/examples/heap/simple/seq.key.proof 
115611     DEBUG main            d.u.i.k.p.i.AbstractProblemLoader Environment load took 1.03ms 
115613     INFO  main            d.u.i.k.p.i.AbstractProblemLoader Creating init config 
117944     DEBUG main            d.u.i.k.p.i.AbstractProblemLoader Init config took 2.33s 
117959     INFO  main            d.u.i.k.p.i.AbstractProblemLoader Replaying proof seq.key.proof 
117989     DEBUG main            d.u.i.k.p.i.IntermediateProofReplayer Proof replay took 25.67ms 
117990     DEBUG main            d.u.i.k.p.r.p.TestFile    ... success: reloaded. 
117991     INFO  main            d.u.i.k.p.r.p.TestFile    Now processing file /home/runner/work/key/key/key.core/../key.ui/examples/heap/simple/oldForParams.key 
117991     INFO  main            d.u.i.k.p.i.AbstractProblemLoader Loading environment from /home/runner/work/key/key/key.core/../key.ui/examples/heap/simple/oldForParams.key 
117991     DEBUG main            d.u.i.k.p.i.AbstractProblemLoader Environment load took 78ns 
117992     INFO  main            d.u.i.k.p.i.AbstractProblemLoader Creating init config 
120573     DEBUG main            d.u.i.k.p.i.AbstractProblemLoader Init config took 2.58s 
120629     INFO  main            d.u.i.k.p.i.AbstractProblemLoader Replaying proof OldForParameters[OldForParameters::method(int)].JML operation contract.0 
120631     DEBUG main            d.u.i.k.p.i.IntermediateProofReplayer Proof replay took 6.4ns 
120836     INFO  main            d.u.i.k.p.r.p.TestFile    ... finished proof: closed. 
121098     INFO  main            d.u.i.k.p.i.AbstractProblemLoader Loading environment from /home/runner/work/key/key/key.core/../key.ui/examples/heap/simple/oldForParams.key.proof 
121098     DEBUG main            d.u.i.k.p.i.AbstractProblemLoader Environment load took 96.1ns 
121099     INFO  main            d.u.i.k.p.i.AbstractProblemLoader Creating init config 
123647     DEBUG main            d.u.i.k.p.i.AbstractProblemLoader Init config took 2.55s 
123693     INFO  main            d.u.i.k.p.i.AbstractProblemLoader Replaying proof OldForParameters[OldForParameters::method(int)].JML operation contract.0 
123729     DEBUG main            d.u.i.k.p.i.IntermediateProofReplayer Proof replay took 33.14ms 
123730     DEBUG main            d.u.i.k.p.r.p.TestFile    ... success: reloaded. 
123731     INFO  main            d.u.i.k.p.r.p.TestFile    Now processing file /home/runner/work/key/key/key.core/../key.ui/examples/heap/simple/parse_lmtd.key 
123732     INFO  main            d.u.i.k.p.i.AbstractProblemLoader Loading environment from /home/runner/work/key/key/key.core/../key.ui/examples/heap/simple/parse_lmtd.key 
123732     DEBUG main            d.u.i.k.p.i.AbstractProblemLoader Environment load took 187.8ns 
123733     INFO  main            d.u.i.k.p.i.AbstractProblemLoader Creating init config 
126342     DEBUG main            d.u.i.k.p.i.AbstractProblemLoader Init config took 2.61s 
126381     INFO  main            d.u.i.k.p.i.AbstractProblemLoader Replaying proof ParseLmtd[ParseLmtd::simple(int)].JML normal_behavior operation contract.0 
126382     DEBUG main            d.u.i.k.p.i.IntermediateProofReplayer Proof replay took 5.7ns 
126592     INFO  main            d.u.i.k.p.r.p.TestFile    ... finished proof: closed. 
126814     INFO  main            d.u.i.k.p.i.AbstractProblemLoader Loading environment from /home/runner/work/key/key/key.core/../key.ui/examples/heap/simple/parse_lmtd.key.proof 
126814     DEBUG main            d.u.i.k.p.i.AbstractProblemLoader Environment load took 91.9ns 
126815     INFO  main            d.u.i.k.p.i.AbstractProblemLoader Creating init config 
129370     DEBUG main            d.u.i.k.p.i.AbstractProblemLoader Init config took 2.56s 
129408     INFO  main            d.u.i.k.p.i.AbstractProblemLoader Replaying proof ParseLmtd[ParseLmtd::simple(int)].JML normal_behavior operation contract.0 
129427     DEBUG main            d.u.i.k.p.i.IntermediateProofReplayer Proof replay took 16.32ms 
129428     DEBUG main            d.u.i.k.p.r.p.TestFile    ... success: reloaded. 
129429     INFO  main            d.u.i.k.p.r.p.TestFile    Now processing file /home/runner/work/key/key/key.core/../key.ui/examples/heap/strictly_pure/strictlyPureMethod.key 
129429     INFO  main            d.u.i.k.p.i.AbstractProblemLoader Loading environment from /home/runner/work/key/key/key.core/../key.ui/examples/heap/strictly_pure/strictlyPureMethod.key 
129429     DEBUG main            d.u.i.k.p.i.AbstractProblemLoader Environment load took 148.9ns 
129430     INFO  main            d.u.i.k.p.i.AbstractProblemLoader Creating init config 
131917     DEBUG main            d.u.i.k.p.i.AbstractProblemLoader Init config took 2.49s 
131958     INFO  main            d.u.i.k.p.i.AbstractProblemLoader Replaying proof StrictlyPure[StrictlyPure::strictlyPureMethod()].JML operation contract.0 
131965     DEBUG main            d.u.i.k.p.i.IntermediateProofReplayer Proof replay took 6ns 
132168     INFO  main            d.u.i.k.p.r.p.TestFile    ... finished proof: closed. 
132406     INFO  main            d.u.i.k.p.i.AbstractProblemLoader Loading environment from /home/runner/work/key/key/key.core/../key.ui/examples/heap/strictly_pure/strictlyPureMethod.key.proof 
132407     DEBUG main            d.u.i.k.p.i.AbstractProblemLoader Environment load took 96.6ns 
132407     INFO  main            d.u.i.k.p.i.AbstractProblemLoader Creating init config 
134823     DEBUG main            d.u.i.k.p.i.AbstractProblemLoader Init config took 2.42s 
134860     INFO  main            d.u.i.k.p.i.AbstractProblemLoader Replaying proof StrictlyPure[StrictlyPure::strictlyPureMethod()].JML operation contract.0 
134889     DEBUG main            d.u.i.k.p.i.IntermediateProofReplayer Proof replay took 27.08ms 
134890     DEBUG main            d.u.i.k.p.r.p.TestFile    ... success: reloaded. 
134891     INFO  main            d.u.i.k.p.r.p.TestFile    Now processing file /home/runner/work/key/key/key.core/../key.ui/examples/heap/strictly_pure/useStrictlyPureMethod.key 
134891     INFO  main            d.u.i.k.p.i.AbstractProblemLoader Loading environment from /home/runner/work/key/key/key.core/../key.ui/examples/heap/strictly_pure/useStrictlyPureMethod.key 
134891     DEBUG main            d.u.i.k.p.i.AbstractProblemLoader Environment load took 88.3ns 
134892     INFO  main            d.u.i.k.p.i.AbstractProblemLoader Creating init config 
137354     DEBUG main            d.u.i.k.p.i.AbstractProblemLoader Init config took 2.46s 
137390     INFO  main            d.u.i.k.p.i.AbstractProblemLoader Replaying proof StrictlyPure[StrictlyPure::useStrictlyPureMethod(StrictlyPureClass)].JML operation contract.0 
137391     DEBUG main            d.u.i.k.p.i.IntermediateProofReplayer Proof replay took 5.9ns 
137596     INFO  main            d.u.i.k.p.r.p.TestFile    ... finished proof: closed. 
137848     INFO  main            d.u.i.k.p.i.AbstractProblemLoader Loading environment from /home/runner/work/key/key/key.core/../key.ui/examples/heap/strictly_pure/useStrictlyPureMethod.key.proof 
137849     DEBUG main            d.u.i.k.p.i.AbstractProblemLoader Environment load took 92.2ns 
137849     INFO  main            d.u.i.k.p.i.AbstractProblemLoader Creating init config 
140245     DEBUG main            d.u.i.k.p.i.AbstractProblemLoader Init config took 2.4s 
140280     INFO  main            d.u.i.k.p.i.AbstractProblemLoader Replaying proof StrictlyPure[StrictlyPure::useStrictlyPureMethod(StrictlyPureClass)].JML operation contract.0 
140322     DEBUG main            d.u.i.k.p.i.IntermediateProofReplayer Proof replay took 39.89ms 
140323     DEBUG main            d.u.i.k.p.r.p.TestFile    ... success: reloaded. 
140324     INFO  main            d.u.i.k.p.r.p.TestFile    Now processing file /home/runner/work/key/key/key.core/../key.ui/examples/heap/Wellfounded/ackermann.key 
140324     INFO  main            d.u.i.k.p.i.AbstractProblemLoader Loading environment from /home/runner/work/key/key/key.core/../key.ui/examples/heap/Wellfounded/ackermann.key 
140324     DEBUG main            d.u.i.k.p.i.AbstractProblemLoader Environment load took 83.2ns 
140325     INFO  main            d.u.i.k.p.i.AbstractProblemLoader Creating init config 
142809     DEBUG main            d.u.i.k.p.i.AbstractProblemLoader Init config took 2.48s 
142844     INFO  main            d.u.i.k.p.i.AbstractProblemLoader Replaying proof Ackermann[Ackermann::a(int,int)].JML normal_behavior operation contract.0 
142846     DEBUG main            d.u.i.k.p.i.IntermediateProofReplayer Proof replay took 6.3ns 
143149     INFO  main            d.u.i.k.p.r.p.TestFile    ... finished proof: closed. 
143418     INFO  main            d.u.i.k.p.i.AbstractProblemLoader Loading environment from /home/runner/work/key/key/key.core/../key.ui/examples/heap/Wellfounded/ackermann.key.proof 
143418     DEBUG main            d.u.i.k.p.i.AbstractProblemLoader Environment load took 101.1ns 
143419     INFO  main            d.u.i.k.p.i.AbstractProblemLoader Creating init config 
145882     DEBUG main            d.u.i.k.p.i.AbstractProblemLoader Init config took 2.46s 
145921     INFO  main            d.u.i.k.p.i.AbstractProblemLoader Replaying proof Ackermann[Ackermann::a(int,int)].JML normal_behavior operation contract.0 
145975     DEBUG main            d.u.i.k.p.i.IntermediateProofReplayer Proof replay took 49.77ms 
145975     DEBUG main            d.u.i.k.p.r.p.TestFile    ... success: reloaded. 
145977     INFO  main            d.u.i.k.p.r.p.TestFile    Now processing file /home/runner/work/key/key/key.core/../key.ui/examples/standard_key/unicode_test.key 
145977     INFO  main            d.u.i.k.p.i.AbstractProblemLoader Loading environment from /home/runner/work/key/key/key.core/../key.ui/examples/standard_key/unicode_test.key 
145977     DEBUG main            d.u.i.k.p.i.AbstractProblemLoader Environment load took 83.1ns 
145979     INFO  main            d.u.i.k.p.i.AbstractProblemLoader Creating init config 
148352     DEBUG main            d.u.i.k.p.i.AbstractProblemLoader Init config took 2.37s 
148365     INFO  main            d.u.i.k.p.i.AbstractProblemLoader Replaying proof unicode_test.key 
148366     DEBUG main            d.u.i.k.p.i.IntermediateProofReplayer Proof replay took 5.8ns 
148468     INFO  main            d.u.i.k.p.r.p.TestFile    ... finished proof: closed. 
148722     INFO  main            d.u.i.k.p.i.AbstractProblemLoader Loading environment from /home/runner/work/key/key/key.core/../key.ui/examples/standard_key/unicode_test.key.proof 
148722     DEBUG main            d.u.i.k.p.i.AbstractProblemLoader Environment load took 96.9ns 
148723     INFO  main            d.u.i.k.p.i.AbstractProblemLoader Creating init config 
151050     DEBUG main            d.u.i.k.p.i.AbstractProblemLoader Init config took 2.33s 
151063     INFO  main            d.u.i.k.p.i.AbstractProblemLoader Replaying proof unicode_test.key.proof 
151064     DEBUG main            d.u.i.k.p.i.IntermediateProofReplayer Proof replay took 301.5ns 
151065     DEBUG main            d.u.i.k.p.r.p.TestFile    ... success: reloaded. 
151066     INFO  main            d.u.i.k.p.r.p.TestFile    Now processing file /home/runner/work/key/key/key.core/../key.ui/examples/heap/strictlyModular/mayExpand.key 
151066     INFO  main            d.u.i.k.p.i.AbstractProblemLoader Loading environment from /home/runner/work/key/key/key.core/../key.ui/examples/heap/strictlyModular/mayExpand.key 
151066     DEBUG main            d.u.i.k.p.i.AbstractProblemLoader Environment load took 185.1ns 
151067     INFO  main            d.u.i.k.p.i.AbstractProblemLoader Creating init config 
153490     DEBUG main            d.u.i.k.p.i.AbstractProblemLoader Init config took 2.42s 
153525     INFO  main            d.u.i.k.p.i.AbstractProblemLoader Replaying proof Modular[Modular::m()].JML operation contract.0 
153526     DEBUG main            d.u.i.k.p.i.IntermediateProofReplayer Proof replay took 5.8ns 
153629     INFO  main            d.u.i.k.p.r.p.TestFile    ... finished proof: closed. 
153883     INFO  main            d.u.i.k.p.i.AbstractProblemLoader Loading environment from /home/runner/work/key/key/key.core/../key.ui/examples/heap/strictlyModular/mayExpand.key.proof 
153883     DEBUG main            d.u.i.k.p.i.AbstractProblemLoader Environment load took 89ns 
153884     INFO  main            d.u.i.k.p.i.AbstractProblemLoader Creating init config 
156262     DEBUG main            d.u.i.k.p.i.AbstractProblemLoader Init config took 2.38s 
156296     INFO  main            d.u.i.k.p.i.AbstractProblemLoader Replaying proof Modular[Modular::m()].JML operation contract.0 
156309     DEBUG main            d.u.i.k.p.i.IntermediateProofReplayer Proof replay took 11.04ms 
156309     DEBUG main            d.u.i.k.p.r.p.TestFile    ... success: reloaded. 
156310     INFO  main            d.u.i.k.p.r.p.TestFile    Now processing file /home/runner/work/key/key/key.core/../key.ui/examples/heap/strictlyModular/modularOnly.key 
156311     INFO  main            d.u.i.k.p.i.AbstractProblemLoader Loading environment from /home/runner/work/key/key/key.core/../key.ui/examples/heap/strictlyModular/modularOnly.key 
156311     DEBUG main            d.u.i.k.p.i.AbstractProblemLoader Environment load took 74.5ns 
156311     INFO  main            d.u.i.k.p.i.AbstractProblemLoader Creating init config 
158723     DEBUG main            d.u.i.k.p.i.AbstractProblemLoader Init config took 2.41s 
158757     INFO  main            d.u.i.k.p.i.AbstractProblemLoader Replaying proof Modular[Modular::m()].JML operation contract.0 
158758     DEBUG main            d.u.i.k.p.i.IntermediateProofReplayer Proof replay took 5.8ns 
158862     INFO  main            d.u.i.k.p.r.p.TestFile    ... finished proof: open goal(s) 
1888550    INFO  Test worker     d.u.i.k.p.r.RunAllProofsTestUnit Returning from test simpleTests 
1888551    INFO  Test worker     d.u.i.k.p.r.RunAllProofsTestUnit Running test SmansEtAl 
345        INFO  Timeout watchdog d.u.i.k.p.r.p.ForkedTestFileRunner Timeout watcher launched (2000 secs.) 
352        WARN  main            d.u.i.k.s.ProofSettings   The settings in /home/runner/.key/proof-settings.props are *not* read. 
384        INFO  main            d.u.i.k.p.r.p.TestFile    Now processing file /home/runner/work/key/key/key.core/../key.ui/examples/heap/SmansEtAl/ArrayList_add.key 
497        INFO  main            d.u.i.k.p.i.AbstractProblemLoader Loading environment from /home/runner/work/key/key/key.core/../key.ui/examples/heap/SmansEtAl/ArrayList_add.key 
516        DEBUG main            d.u.i.k.p.i.AbstractProblemLoader Environment load took 1.88ms 
751        INFO  main            d.u.i.k.p.i.AbstractProblemLoader Creating init config 
1737       DEBUG main            d.u.i.k.j.TypeConverter   No LDT found for Meta 
1737       DEBUG main            d.u.i.k.j.TypeConverter   No LDT found for Meta 
1738       DEBUG main            d.u.i.k.j.TypeConverter   No LDT found for Meta 
1738       DEBUG main            d.u.i.k.j.TypeConverter   No LDT found for Meta 
3313       DEBUG main            d.u.i.k.j.TypeConverter   No LDT found for JavaBigintExpression 
8158       DEBUG main            d.u.i.k.p.i.AbstractProblemLoader Init config took 7.41s 
8342       INFO  main            d.u.i.k.p.i.AbstractProblemLoader Replaying proof ArrayList[ArrayList::add(java.lang.Object)].JML normal_behavior operation contract.0 
8377       DEBUG main            d.u.i.k.p.i.IntermediateProofReplayer Proof replay took 36.9ns 
15817      INFO  main            d.u.i.k.p.r.p.TestFile    ... finished proof: closed. 
15998      INFO  main            d.u.i.k.p.i.AbstractProblemLoader Loading environment from /home/runner/work/key/key/key.core/../key.ui/examples/heap/SmansEtAl/ArrayList_add.key.proof 
16000      DEBUG main            d.u.i.k.p.i.AbstractProblemLoader Environment load took 2ms 
16007      INFO  main            d.u.i.k.p.i.AbstractProblemLoader Creating init config 
18941      DEBUG main            d.u.i.k.p.i.AbstractProblemLoader Init config took 2.93s 
18999      INFO  main            d.u.i.k.p.i.AbstractProblemLoader Replaying proof ArrayList[ArrayList::add(java.lang.Object)].JML normal_behavior operation contract.0 
19707      DEBUG main            d.u.i.k.p.i.IntermediateProofReplayer Proof replay took 677.5ms 
19716      DEBUG main            d.u.i.k.p.r.p.TestFile    ... success: reloaded. 
19718      INFO  main            d.u.i.k.p.r.p.TestFile    Now processing file /home/runner/work/key/key/key.core/../key.ui/examples/heap/SmansEtAl/ArrayList_ArrayList.key 
19718      INFO  main            d.u.i.k.p.i.AbstractProblemLoader Loading environment from /home/runner/work/key/key/key.core/../key.ui/examples/heap/SmansEtAl/ArrayList_ArrayList.key 
19718      DEBUG main            d.u.i.k.p.i.AbstractProblemLoader Environment load took 212.7ns 
19720      INFO  main            d.u.i.k.p.i.AbstractProblemLoader Creating init config 
22624      DEBUG main            d.u.i.k.p.i.AbstractProblemLoader Init config took 2.9s 
22678      INFO  main            d.u.i.k.p.i.AbstractProblemLoader Replaying proof ArrayList[ArrayList::ArrayList()].JML normal_behavior operation contract.0 
22681      DEBUG main            d.u.i.k.p.i.IntermediateProofReplayer Proof replay took 6ns 
23687      INFO  main            d.u.i.k.p.r.p.TestFile    ... finished proof: closed. 
23852      INFO  main            d.u.i.k.p.i.AbstractProblemLoader Loading environment from /home/runner/work/key/key/key.core/../key.ui/examples/heap/SmansEtAl/ArrayList_ArrayList.key.proof 
23852      DEBUG main            d.u.i.k.p.i.AbstractProblemLoader Environment load took 387.8ns 
23855      INFO  main            d.u.i.k.p.i.AbstractProblemLoader Creating init config 
26601      DEBUG main            d.u.i.k.p.i.AbstractProblemLoader Init config took 2.75s 
26649      INFO  main            d.u.i.k.p.i.AbstractProblemLoader Replaying proof ArrayList[ArrayList::ArrayList()].JML normal_behavior operation contract.0 
26767      DEBUG main            d.u.i.k.p.i.IntermediateProofReplayer Proof replay took 109.68ms 
26769      DEBUG main            d.u.i.k.p.r.p.TestFile    ... success: reloaded. 
26770      INFO  main            d.u.i.k.p.r.p.TestFile    Now processing file /home/runner/work/key/key/key.core/../key.ui/examples/heap/SmansEtAl/ArrayList_footprint.key 
26771      INFO  main            d.u.i.k.p.i.AbstractProblemLoader Loading environment from /home/runner/work/key/key/key.core/../key.ui/examples/heap/SmansEtAl/ArrayList_footprint.key 
26771      DEBUG main            d.u.i.k.p.i.AbstractProblemLoader Environment load took 224.8ns 
26772      INFO  main            d.u.i.k.p.i.AbstractProblemLoader Creating init config 
29462      DEBUG main            d.u.i.k.p.i.AbstractProblemLoader Init config took 2.69s 
29508      INFO  main            d.u.i.k.p.i.AbstractProblemLoader Replaying proof ArrayList[ArrayList::$footprint()].JML accessible clause.0 
29510      DEBUG main            d.u.i.k.p.i.IntermediateProofReplayer Proof replay took 5.4ns 
29612      INFO  main            d.u.i.k.p.r.p.TestFile    ... finished proof: closed. 
29764      INFO  main            d.u.i.k.p.i.AbstractProblemLoader Loading environment from /home/runner/work/key/key/key.core/../key.ui/examples/heap/SmansEtAl/ArrayList_footprint.key.proof 
29764      DEBUG main            d.u.i.k.p.i.AbstractProblemLoader Environment load took 108.5ns 
29765      INFO  main            d.u.i.k.p.i.AbstractProblemLoader Creating init config 
32435      DEBUG main            d.u.i.k.p.i.AbstractProblemLoader Init config took 2.67s 
32479      INFO  main            d.u.i.k.p.i.AbstractProblemLoader Replaying proof ArrayList[ArrayList::$footprint()].JML accessible clause.0 
32488      DEBUG main            d.u.i.k.p.i.IntermediateProofReplayer Proof replay took 7.47ms 
32489      DEBUG main            d.u.i.k.p.r.p.TestFile    ... success: reloaded. 
32490      INFO  main            d.u.i.k.p.r.p.TestFile    Now processing file /home/runner/work/key/key/key.core/../key.ui/examples/heap/SmansEtAl/ArrayList_get_dep.key 
32491      INFO  main            d.u.i.k.p.i.AbstractProblemLoader Loading environment from /home/runner/work/key/key/key.core/../key.ui/examples/heap/SmansEtAl/ArrayList_get_dep.key 
32491      DEBUG main            d.u.i.k.p.i.AbstractProblemLoader Environment load took 156.8ns 
32492      INFO  main            d.u.i.k.p.i.AbstractProblemLoader Creating init config 
35085      DEBUG main            d.u.i.k.p.i.AbstractProblemLoader Init config took 2.59s 
35128      INFO  main            d.u.i.k.p.i.AbstractProblemLoader Replaying proof ArrayList[ArrayList::get(int)].JML accessible clause.0 
35129      DEBUG main            d.u.i.k.p.i.IntermediateProofReplayer Proof replay took 6.2ns 
35433      INFO  main            d.u.i.k.p.r.p.TestFile    ... finished proof: closed. 
35596      INFO  main            d.u.i.k.p.i.AbstractProblemLoader Loading environment from /home/runner/work/key/key/key.core/../key.ui/examples/heap/SmansEtAl/ArrayList_get_dep.key.proof 
35596      DEBUG main            d.u.i.k.p.i.AbstractProblemLoader Environment load took 370.5ns 
35597      INFO  main            d.u.i.k.p.i.AbstractProblemLoader Creating init config 
38174      DEBUG main            d.u.i.k.p.i.AbstractProblemLoader Init config took 2.58s 
38221      INFO  main            d.u.i.k.p.i.AbstractProblemLoader Replaying proof ArrayList[ArrayList::get(int)].JML accessible clause.0 
38271      DEBUG main            d.u.i.k.p.i.IntermediateProofReplayer Proof replay took 44.39ms 
38272      DEBUG main            d.u.i.k.p.r.p.TestFile    ... success: reloaded. 
38273      INFO  main            d.u.i.k.p.r.p.TestFile    Now processing file /home/runner/work/key/key/key.core/../key.ui/examples/heap/SmansEtAl/ArrayList_get.key 
38274      INFO  main            d.u.i.k.p.i.AbstractProblemLoader Loading environment from /home/runner/work/key/key/key.core/../key.ui/examples/heap/SmansEtAl/ArrayList_get.key 
38274      DEBUG main            d.u.i.k.p.i.AbstractProblemLoader Environment load took 87.2ns 
38275      INFO  main            d.u.i.k.p.i.AbstractProblemLoader Creating init config 
40885      DEBUG main            d.u.i.k.p.i.AbstractProblemLoader Init config took 2.61s 
40941      INFO  main            d.u.i.k.p.i.AbstractProblemLoader Replaying proof ArrayList[ArrayList::get(int)].JML normal_behavior operation contract.0 
40943      DEBUG main            d.u.i.k.p.i.IntermediateProofReplayer Proof replay took 6.3ns 
41148      INFO  main            d.u.i.k.p.r.p.TestFile    ... finished proof: closed. 
41300      INFO  main            d.u.i.k.p.i.AbstractProblemLoader Loading environment from /home/runner/work/key/key/key.core/../key.ui/examples/heap/SmansEtAl/ArrayList_get.key.proof 
41300      DEBUG main            d.u.i.k.p.i.AbstractProblemLoader Environment load took 109.5ns 
41301      INFO  main            d.u.i.k.p.i.AbstractProblemLoader Creating init config 
43841      DEBUG main            d.u.i.k.p.i.AbstractProblemLoader Init config took 2.54s 
43885      INFO  main            d.u.i.k.p.i.AbstractProblemLoader Replaying proof ArrayList[ArrayList::get(int)].JML normal_behavior operation contract.0 
43911      DEBUG main            d.u.i.k.p.i.IntermediateProofReplayer Proof replay took 22.49ms 
43912      DEBUG main            d.u.i.k.p.r.p.TestFile    ... success: reloaded. 
43913      INFO  main            d.u.i.k.p.r.p.TestFile    Now processing file /home/runner/work/key/key/key.core/../key.ui/examples/heap/SmansEtAl/ArrayList_inv.key 
43913      INFO  main            d.u.i.k.p.i.AbstractProblemLoader Loading environment from /home/runner/work/key/key/key.core/../key.ui/examples/heap/SmansEtAl/ArrayList_inv.key 
43914      DEBUG main            d.u.i.k.p.i.AbstractProblemLoader Environment load took 217.1ns 
43915      INFO  main            d.u.i.k.p.i.AbstractProblemLoader Creating init config 
46488      DEBUG main            d.u.i.k.p.i.AbstractProblemLoader Init config took 2.57s 
46528      INFO  main            d.u.i.k.p.i.AbstractProblemLoader Replaying proof ArrayList[java.lang.Object::<inv>()].JML accessible clause.0 
46530      DEBUG main            d.u.i.k.p.i.IntermediateProofReplayer Proof replay took 5.9ns 
46632      INFO  main            d.u.i.k.p.r.p.TestFile    ... finished proof: closed. 
46787      INFO  main            d.u.i.k.p.i.AbstractProblemLoader Loading environment from /home/runner/work/key/key/key.core/../key.ui/examples/heap/SmansEtAl/ArrayList_inv.key.proof 
46787      DEBUG main            d.u.i.k.p.i.AbstractProblemLoader Environment load took 107.2ns 
46788      INFO  main            d.u.i.k.p.i.AbstractProblemLoader Creating init config 
49293      DEBUG main            d.u.i.k.p.i.AbstractProblemLoader Init config took 2.5s 
49333      INFO  main            d.u.i.k.p.i.AbstractProblemLoader Replaying proof ArrayList[java.lang.Object::<inv>()].JML accessible clause.0 
49343      DEBUG main            d.u.i.k.p.i.IntermediateProofReplayer Proof replay took 7.63ms 
49344      DEBUG main            d.u.i.k.p.r.p.TestFile    ... success: reloaded. 
49345      INFO  main            d.u.i.k.p.r.p.TestFile    Now processing file /home/runner/work/key/key/key.core/../key.ui/examples/heap/SmansEtAl/ArrayList_size_dep.key 
49345      INFO  main            d.u.i.k.p.i.AbstractProblemLoader Loading environment from /home/runner/work/key/key/key.core/../key.ui/examples/heap/SmansEtAl/ArrayList_size_dep.key 
49346      DEBUG main            d.u.i.k.p.i.AbstractProblemLoader Environment load took 190.9ns 
49347      INFO  main            d.u.i.k.p.i.AbstractProblemLoader Creating init config 
51885      DEBUG main            d.u.i.k.p.i.AbstractProblemLoader Init config took 2.54s 
51939      INFO  main            d.u.i.k.p.i.AbstractProblemLoader Replaying proof ArrayList[ArrayList::size()].JML accessible clause.0 
51941      DEBUG main            d.u.i.k.p.i.IntermediateProofReplayer Proof replay took 6.2ns 
52044      INFO  main            d.u.i.k.p.r.p.TestFile    ... finished proof: closed. 
52219      INFO  main            d.u.i.k.p.i.AbstractProblemLoader Loading environment from /home/runner/work/key/key/key.core/../key.ui/examples/heap/SmansEtAl/ArrayList_size_dep.key.proof 
52219      DEBUG main            d.u.i.k.p.i.AbstractProblemLoader Environment load took 107.8ns 
52220      INFO  main            d.u.i.k.p.i.AbstractProblemLoader Creating init config 
54713      DEBUG main            d.u.i.k.p.i.AbstractProblemLoader Init config took 2.49s 
54751      INFO  main            d.u.i.k.p.i.AbstractProblemLoader Replaying proof ArrayList[ArrayList::size()].JML accessible clause.0 
54764      DEBUG main            d.u.i.k.p.i.IntermediateProofReplayer Proof replay took 11.05ms 
54765      DEBUG main            d.u.i.k.p.r.p.TestFile    ... success: reloaded. 
54766      INFO  main            d.u.i.k.p.r.p.TestFile    Now processing file /home/runner/work/key/key/key.core/../key.ui/examples/heap/SmansEtAl/ArrayList_size.key 
54767      INFO  main            d.u.i.k.p.i.AbstractProblemLoader Loading environment from /home/runner/work/key/key/key.core/../key.ui/examples/heap/SmansEtAl/ArrayList_size.key 
54767      DEBUG main            d.u.i.k.p.i.AbstractProblemLoader Environment load took 201.3ns 
54768      INFO  main            d.u.i.k.p.i.AbstractProblemLoader Creating init config 
57301      DEBUG main            d.u.i.k.p.i.AbstractProblemLoader Init config took 2.53s 
57340      INFO  main            d.u.i.k.p.i.AbstractProblemLoader Replaying proof ArrayList[ArrayList::size()].JML normal_behavior operation contract.0 
57342      DEBUG main            d.u.i.k.p.i.IntermediateProofReplayer Proof replay took 5.8ns 
57446      INFO  main            d.u.i.k.p.r.p.TestFile    ... finished proof: closed. 
57616      INFO  main            d.u.i.k.p.i.AbstractProblemLoader Loading environment from /home/runner/work/key/key/key.core/../key.ui/examples/heap/SmansEtAl/ArrayList_size.key.proof 
57616      DEBUG main            d.u.i.k.p.i.AbstractProblemLoader Environment load took 108.4ns 
57617      INFO  main            d.u.i.k.p.i.AbstractProblemLoader Creating init config 
60105      DEBUG main            d.u.i.k.p.i.AbstractProblemLoader Init config took 2.49s 
60143      INFO  main            d.u.i.k.p.i.AbstractProblemLoader Replaying proof ArrayList[ArrayList::size()].JML normal_behavior operation contract.0 
60155      DEBUG main            d.u.i.k.p.i.IntermediateProofReplayer Proof replay took 11.1ms 
60156      DEBUG main            d.u.i.k.p.r.p.TestFile    ... success: reloaded. 
60158      INFO  main            d.u.i.k.p.r.p.TestFile    Now processing file /home/runner/work/key/key/key.core/../key.ui/examples/heap/SmansEtAl/Cell_Cell.key 
60158      INFO  main            d.u.i.k.p.i.AbstractProblemLoader Loading environment from /home/runner/work/key/key/key.core/../key.ui/examples/heap/SmansEtAl/Cell_Cell.key 
60158      DEBUG main            d.u.i.k.p.i.AbstractProblemLoader Environment load took 219.4ns 
60159      INFO  main            d.u.i.k.p.i.AbstractProblemLoader Creating init config 
62722      DEBUG main            d.u.i.k.p.i.AbstractProblemLoader Init config took 2.56s 
62757      INFO  main            d.u.i.k.p.i.AbstractProblemLoader Replaying proof Cell[Cell::Cell()].JML normal_behavior operation contract.0 
62758      DEBUG main            d.u.i.k.p.i.IntermediateProofReplayer Proof replay took 5.6ns 
62964      INFO  main            d.u.i.k.p.r.p.TestFile    ... finished proof: closed. 
63152      INFO  main            d.u.i.k.p.i.AbstractProblemLoader Loading environment from /home/runner/work/key/key/key.core/../key.ui/examples/heap/SmansEtAl/Cell_Cell.key.proof 
63152      DEBUG main            d.u.i.k.p.i.AbstractProblemLoader Environment load took 108.6ns 
63153      INFO  main            d.u.i.k.p.i.AbstractProblemLoader Creating init config 
65669      DEBUG main            d.u.i.k.p.i.AbstractProblemLoader Init config took 2.52s 
65722      INFO  main            d.u.i.k.p.i.AbstractProblemLoader Replaying proof Cell[Cell::Cell()].JML normal_behavior operation contract.0 
65764      DEBUG main            d.u.i.k.p.i.IntermediateProofReplayer Proof replay took 39.71ms 
65765      DEBUG main            d.u.i.k.p.r.p.TestFile    ... success: reloaded. 
65766      INFO  main            d.u.i.k.p.r.p.TestFile    Now processing file /home/runner/work/key/key/key.core/../key.ui/examples/heap/SmansEtAl/Cell_footprint.key 
65767      INFO  main            d.u.i.k.p.i.AbstractProblemLoader Loading environment from /home/runner/work/key/key/key.core/../key.ui/examples/heap/SmansEtAl/Cell_footprint.key 
65767      DEBUG main            d.u.i.k.p.i.AbstractProblemLoader Environment load took 211.7ns 
65768      INFO  main            d.u.i.k.p.i.AbstractProblemLoader Creating init config 
68259      DEBUG main            d.u.i.k.p.i.AbstractProblemLoader Init config took 2.49s 
68294      INFO  main            d.u.i.k.p.i.AbstractProblemLoader Replaying proof Cell[Cell::$footprint()].JML accessible clause.0 
68296      DEBUG main            d.u.i.k.p.i.IntermediateProofReplayer Proof replay took 6.1ns 
68400      INFO  main            d.u.i.k.p.r.p.TestFile    ... finished proof: closed. 
68579      INFO  main            d.u.i.k.p.i.AbstractProblemLoader Loading environment from /home/runner/work/key/key/key.core/../key.ui/examples/heap/SmansEtAl/Cell_footprint.key.proof 
68579      DEBUG main            d.u.i.k.p.i.AbstractProblemLoader Environment load took 104.5ns 
68580      INFO  main            d.u.i.k.p.i.AbstractProblemLoader Creating init config 
71095      DEBUG main            d.u.i.k.p.i.AbstractProblemLoader Init config took 2.52s 
71130      INFO  main            d.u.i.k.p.i.AbstractProblemLoader Replaying proof Cell[Cell::$footprint()].JML accessible clause.0 
71135      DEBUG main            d.u.i.k.p.i.IntermediateProofReplayer Proof replay took 2.88ms 
71136      DEBUG main            d.u.i.k.p.r.p.TestFile    ... success: reloaded. 
71137      INFO  main            d.u.i.k.p.r.p.TestFile    Now processing file /home/runner/work/key/key/key.core/../key.ui/examples/heap/SmansEtAl/Cell_getX_dep.key 
71137      INFO  main            d.u.i.k.p.i.AbstractProblemLoader Loading environment from /home/runner/work/key/key/key.core/../key.ui/examples/heap/SmansEtAl/Cell_getX_dep.key 
71137      DEBUG main            d.u.i.k.p.i.AbstractProblemLoader Environment load took 92.4ns 
71138      INFO  main            d.u.i.k.p.i.AbstractProblemLoader Creating init config 
73640      DEBUG main            d.u.i.k.p.i.AbstractProblemLoader Init config took 2.5s 
73696      INFO  main            d.u.i.k.p.i.AbstractProblemLoader Replaying proof Cell[Cell::getX()].JML accessible clause.0 
73697      DEBUG main            d.u.i.k.p.i.IntermediateProofReplayer Proof replay took 5.8ns 
73799      INFO  main            d.u.i.k.p.r.p.TestFile    ... finished proof: closed. 
73996      INFO  main            d.u.i.k.p.i.AbstractProblemLoader Loading environment from /home/runner/work/key/key/key.core/../key.ui/examples/heap/SmansEtAl/Cell_getX_dep.key.proof 
73997      DEBUG main            d.u.i.k.p.i.AbstractProblemLoader Environment load took 107.7ns 
73997      INFO  main            d.u.i.k.p.i.AbstractProblemLoader Creating init config 
76500      DEBUG main            d.u.i.k.p.i.AbstractProblemLoader Init config took 2.5s 
76546      INFO  main            d.u.i.k.p.i.AbstractProblemLoader Replaying proof Cell[Cell::getX()].JML accessible clause.0 
76558      DEBUG main            d.u.i.k.p.i.IntermediateProofReplayer Proof replay took 9.47ms 
76559      DEBUG main            d.u.i.k.p.r.p.TestFile    ... success: reloaded. 
76560      INFO  main            d.u.i.k.p.r.p.TestFile    Now processing file /home/runner/work/key/key/key.core/../key.ui/examples/heap/SmansEtAl/Cell_getX.key 
76560      INFO  main            d.u.i.k.p.i.AbstractProblemLoader Loading environment from /home/runner/work/key/key/key.core/../key.ui/examples/heap/SmansEtAl/Cell_getX.key 
76561      DEBUG main            d.u.i.k.p.i.AbstractProblemLoader Environment load took 190.6ns 
76561      INFO  main            d.u.i.k.p.i.AbstractProblemLoader Creating init config 
79062      DEBUG main            d.u.i.k.p.i.AbstractProblemLoader Init config took 2.5s 
79096      INFO  main            d.u.i.k.p.i.AbstractProblemLoader Replaying proof Cell[Cell::getX()].JML normal_behavior operation contract.0 
79098      DEBUG main            d.u.i.k.p.i.IntermediateProofReplayer Proof replay took 6.3ns 
79200      INFO  main            d.u.i.k.p.r.p.TestFile    ... finished proof: closed. 
79409      INFO  main            d.u.i.k.p.i.AbstractProblemLoader Loading environment from /home/runner/work/key/key/key.core/../key.ui/examples/heap/SmansEtAl/Cell_getX.key.proof 
79409      DEBUG main            d.u.i.k.p.i.AbstractProblemLoader Environment load took 111.2ns 
79410      INFO  main            d.u.i.k.p.i.AbstractProblemLoader Creating init config 
81906      DEBUG main            d.u.i.k.p.i.AbstractProblemLoader Init config took 2.5s 
81941      INFO  main            d.u.i.k.p.i.AbstractProblemLoader Replaying proof Cell[Cell::getX()].JML normal_behavior operation contract.0 
81952      DEBUG main            d.u.i.k.p.i.IntermediateProofReplayer Proof replay took 9.27ms 
81953      DEBUG main            d.u.i.k.p.r.p.TestFile    ... success: reloaded. 
81954      INFO  main            d.u.i.k.p.r.p.TestFile    Now processing file /home/runner/work/key/key/key.core/../key.ui/examples/heap/SmansEtAl/Cell_inv.key 
81955      INFO  main            d.u.i.k.p.i.AbstractProblemLoader Loading environment from /home/runner/work/key/key/key.core/../key.ui/examples/heap/SmansEtAl/Cell_inv.key 
81955      DEBUG main            d.u.i.k.p.i.AbstractProblemLoader Environment load took 220.3ns 
81956      INFO  main            d.u.i.k.p.i.AbstractProblemLoader Creating init config 
84484      DEBUG main            d.u.i.k.p.i.AbstractProblemLoader Init config took 2.53s 
84517      INFO  main            d.u.i.k.p.i.AbstractProblemLoader Replaying proof Cell[java.lang.Object::<inv>()].JML accessible clause.0 
84519      DEBUG main            d.u.i.k.p.i.IntermediateProofReplayer Proof replay took 5.8ns 
84630      INFO  main            d.u.i.k.p.r.p.TestFile    ... finished proof: closed. 
84823      INFO  main            d.u.i.k.p.i.AbstractProblemLoader Loading environment from /home/runner/work/key/key/key.core/../key.ui/examples/heap/SmansEtAl/Cell_inv.key.proof 
84823      DEBUG main            d.u.i.k.p.i.AbstractProblemLoader Environment load took 102.2ns 
84824      INFO  main            d.u.i.k.p.i.AbstractProblemLoader Creating init config 
87290      DEBUG main            d.u.i.k.p.i.AbstractProblemLoader Init config took 2.47s 
87323      INFO  main            d.u.i.k.p.i.AbstractProblemLoader Replaying proof Cell[java.lang.Object::<inv>()].JML accessible clause.0 
87326      DEBUG main            d.u.i.k.p.i.IntermediateProofReplayer Proof replay took 1.25ms 
87326      DEBUG main            d.u.i.k.p.r.p.TestFile    ... success: reloaded. 
87327      INFO  main            d.u.i.k.p.r.p.TestFile    Now processing file /home/runner/work/key/key/key.core/../key.ui/examples/heap/SmansEtAl/Cell_setX.key 
87328      INFO  main            d.u.i.k.p.i.AbstractProblemLoader Loading environment from /home/runner/work/key/key/key.core/../key.ui/examples/heap/SmansEtAl/Cell_setX.key 
87328      DEBUG main            d.u.i.k.p.i.AbstractProblemLoader Environment load took 209.8ns 
87329      INFO  main            d.u.i.k.p.i.AbstractProblemLoader Creating init config 
89859      DEBUG main            d.u.i.k.p.i.AbstractProblemLoader Init config took 2.53s 
89891      INFO  main            d.u.i.k.p.i.AbstractProblemLoader Replaying proof Cell[Cell::setX(int)].JML normal_behavior operation contract.0 
89893      DEBUG main            d.u.i.k.p.i.IntermediateProofReplayer Proof replay took 6ns 
89994      INFO  main            d.u.i.k.p.r.p.TestFile    ... finished proof: closed. 
90278      INFO  main            d.u.i.k.p.i.AbstractProblemLoader Loading environment from /home/runner/work/key/key/key.core/../key.ui/examples/heap/SmansEtAl/Cell_setX.key.proof 
90278      DEBUG main            d.u.i.k.p.i.AbstractProblemLoader Environment load took 104.4ns 
90279      INFO  main            d.u.i.k.p.i.AbstractProblemLoader Creating init config 
92743      DEBUG main            d.u.i.k.p.i.AbstractProblemLoader Init config took 2.46s 
92786      INFO  main            d.u.i.k.p.i.AbstractProblemLoader Replaying proof Cell[Cell::setX(int)].JML normal_behavior operation contract.0 
92805      DEBUG main            d.u.i.k.p.i.IntermediateProofReplayer Proof replay took 16.56ms 
92805      DEBUG main            d.u.i.k.p.r.p.TestFile    ... success: reloaded. 
92806      INFO  main            d.u.i.k.p.r.p.TestFile    Now processing file /home/runner/work/key/key/key.core/../key.ui/examples/heap/SmansEtAl/CellClient_m.key 
92807      INFO  main            d.u.i.k.p.i.AbstractProblemLoader Loading environment from /home/runner/work/key/key/key.core/../key.ui/examples/heap/SmansEtAl/CellClient_m.key 
92807      DEBUG main            d.u.i.k.p.i.AbstractProblemLoader Environment load took 103.2ns 
92808      INFO  main            d.u.i.k.p.i.AbstractProblemLoader Creating init config 
95325      DEBUG main            d.u.i.k.p.i.AbstractProblemLoader Init config took 2.52s 
95357      INFO  main            d.u.i.k.p.i.AbstractProblemLoader Replaying proof CellClient[CellClient::m()].JML operation contract.0 
95359      DEBUG main            d.u.i.k.p.i.IntermediateProofReplayer Proof replay took 5.8ns 
95962      INFO  main            d.u.i.k.p.r.p.TestFile    ... finished proof: closed. 
96171      INFO  main            d.u.i.k.p.i.AbstractProblemLoader Loading environment from /home/runner/work/key/key/key.core/../key.ui/examples/heap/SmansEtAl/CellClient_m.key.proof 
96171      DEBUG main            d.u.i.k.p.i.AbstractProblemLoader Environment load took 118.7ns 
96172      INFO  main            d.u.i.k.p.i.AbstractProblemLoader Creating init config 
98626      DEBUG main            d.u.i.k.p.i.AbstractProblemLoader Init config took 2.45s 
98660      INFO  main            d.u.i.k.p.i.AbstractProblemLoader Replaying proof CellClient[CellClient::m()].JML operation contract.0 
98745      DEBUG main            d.u.i.k.p.i.IntermediateProofReplayer Proof replay took 81.61ms 
98746      DEBUG main            d.u.i.k.p.r.p.TestFile    ... success: reloaded. 
98747      INFO  main            d.u.i.k.p.r.p.TestFile    Now processing file /home/runner/work/key/key/key.core/../key.ui/examples/heap/SmansEtAl/Iterator_footprint.key 
98748      INFO  main            d.u.i.k.p.i.AbstractProblemLoader Loading environment from /home/runner/work/key/key/key.core/../key.ui/examples/heap/SmansEtAl/Iterator_footprint.key 
98748      DEBUG main            d.u.i.k.p.i.AbstractProblemLoader Environment load took 194.8ns 
98749      INFO  main            d.u.i.k.p.i.AbstractProblemLoader Creating init config 
101292     DEBUG main            d.u.i.k.p.i.AbstractProblemLoader Init config took 2.54s 
101331     INFO  main            d.u.i.k.p.i.AbstractProblemLoader Replaying proof Iterator[Iterator::$footprint()].JML accessible clause.0 
101332     DEBUG main            d.u.i.k.p.i.IntermediateProofReplayer Proof replay took 6.3ns 
101433     INFO  main            d.u.i.k.p.r.p.TestFile    ... finished proof: closed. 
101651     INFO  main            d.u.i.k.p.i.AbstractProblemLoader Loading environment from /home/runner/work/key/key/key.core/../key.ui/examples/heap/SmansEtAl/Iterator_footprint.key.proof 
101651     DEBUG main            d.u.i.k.p.i.AbstractProblemLoader Environment load took 107.9ns 
101652     INFO  main            d.u.i.k.p.i.AbstractProblemLoader Creating init config 
104119     DEBUG main            d.u.i.k.p.i.AbstractProblemLoader Init config took 2.47s 
104155     INFO  main            d.u.i.k.p.i.AbstractProblemLoader Replaying proof Iterator[Iterator::$footprint()].JML accessible clause.0 
104161     DEBUG main            d.u.i.k.p.i.IntermediateProofReplayer Proof replay took 4.9ms 
104162     DEBUG main            d.u.i.k.p.r.p.TestFile    ... success: reloaded. 
104163     INFO  main            d.u.i.k.p.r.p.TestFile    Now processing file /home/runner/work/key/key/key.core/../key.ui/examples/heap/SmansEtAl/Iterator_hasNext_dep.key 
104163     INFO  main            d.u.i.k.p.i.AbstractProblemLoader Loading environment from /home/runner/work/key/key/key.core/../key.ui/examples/heap/SmansEtAl/Iterator_hasNext_dep.key 
104163     DEBUG main            d.u.i.k.p.i.AbstractProblemLoader Environment load took 92.2ns 
104164     INFO  main            d.u.i.k.p.i.AbstractProblemLoader Creating init config 
106705     DEBUG main            d.u.i.k.p.i.AbstractProblemLoader Init config took 2.54s 
106740     INFO  main            d.u.i.k.p.i.AbstractProblemLoader Replaying proof Iterator[Iterator::hasNext()].JML accessible clause.0 
106741     DEBUG main            d.u.i.k.p.i.IntermediateProofReplayer Proof replay took 5.9ns 
107345     INFO  main            d.u.i.k.p.r.p.TestFile    ... finished proof: closed. 
107566     INFO  main            d.u.i.k.p.i.AbstractProblemLoader Loading environment from /home/runner/work/key/key/key.core/../key.ui/examples/heap/SmansEtAl/Iterator_hasNext_dep.key.proof 
107566     DEBUG main            d.u.i.k.p.i.AbstractProblemLoader Environment load took 233.8ns 
107568     INFO  main            d.u.i.k.p.i.AbstractProblemLoader Creating init config 
110007     DEBUG main            d.u.i.k.p.i.AbstractProblemLoader Init config took 2.44s 
110042     INFO  main            d.u.i.k.p.i.AbstractProblemLoader Replaying proof Iterator[Iterator::hasNext()].JML accessible clause.0 
110113     DEBUG main            d.u.i.k.p.i.IntermediateProofReplayer Proof replay took 65.1ms 
110114     DEBUG main            d.u.i.k.p.r.p.TestFile    ... success: reloaded. 
110115     INFO  main            d.u.i.k.p.r.p.TestFile    Now processing file /home/runner/work/key/key/key.core/../key.ui/examples/heap/SmansEtAl/Iterator_hasNext.key 
110115     INFO  main            d.u.i.k.p.i.AbstractProblemLoader Loading environment from /home/runner/work/key/key/key.core/../key.ui/examples/heap/SmansEtAl/Iterator_hasNext.key 
110115     DEBUG main            d.u.i.k.p.i.AbstractProblemLoader Environment load took 113.2ns 
110116     INFO  main            d.u.i.k.p.i.AbstractProblemLoader Creating init config 
112611     DEBUG main            d.u.i.k.p.i.AbstractProblemLoader Init config took 2.5s 
112648     INFO  main            d.u.i.k.p.i.AbstractProblemLoader Replaying proof Iterator[Iterator::hasNext()].JML normal_behavior operation contract.0 
112649     DEBUG main            d.u.i.k.p.i.IntermediateProofReplayer Proof replay took 6.6ns 
113154     INFO  main            d.u.i.k.p.r.p.TestFile    ... finished proof: closed. 
113391     INFO  main            d.u.i.k.p.i.AbstractProblemLoader Loading environment from /home/runner/work/key/key/key.core/../key.ui/examples/heap/SmansEtAl/Iterator_hasNext.key.proof 
113391     DEBUG main            d.u.i.k.p.i.AbstractProblemLoader Environment load took 448.3ns 
113392     INFO  main            d.u.i.k.p.i.AbstractProblemLoader Creating init config 
115823     DEBUG main            d.u.i.k.p.i.AbstractProblemLoader Init config took 2.43s 
115858     INFO  main            d.u.i.k.p.i.AbstractProblemLoader Replaying proof Iterator[Iterator::hasNext()].JML normal_behavior operation contract.0 
115945     DEBUG main            d.u.i.k.p.i.IntermediateProofReplayer Proof replay took 81.66ms 
115946     DEBUG main            d.u.i.k.p.r.p.TestFile    ... success: reloaded. 
115947     INFO  main            d.u.i.k.p.r.p.TestFile    Now processing file /home/runner/work/key/key/key.core/../key.ui/examples/heap/SmansEtAl/Iterator_inv.key 
115947     INFO  main            d.u.i.k.p.i.AbstractProblemLoader Loading environment from /home/runner/work/key/key/key.core/../key.ui/examples/heap/SmansEtAl/Iterator_inv.key 
115947     DEBUG main            d.u.i.k.p.i.AbstractProblemLoader Environment load took 85.6ns 
115948     INFO  main            d.u.i.k.p.i.AbstractProblemLoader Creating init config 
118482     DEBUG main            d.u.i.k.p.i.AbstractProblemLoader Init config took 2.53s 
118516     INFO  main            d.u.i.k.p.i.AbstractProblemLoader Replaying proof Iterator[java.lang.Object::<inv>()].JML accessible clause.0 
118517     DEBUG main            d.u.i.k.p.i.IntermediateProofReplayer Proof replay took 6.4ns 
118721     INFO  main            d.u.i.k.p.r.p.TestFile    ... finished proof: closed. 
118978     INFO  main            d.u.i.k.p.i.AbstractProblemLoader Loading environment from /home/runner/work/key/key/key.core/../key.ui/examples/heap/SmansEtAl/Iterator_inv.key.proof 
118978     DEBUG main            d.u.i.k.p.i.AbstractProblemLoader Environment load took 101.7ns 
118980     INFO  main            d.u.i.k.p.i.AbstractProblemLoader Creating init config 
121409     DEBUG main            d.u.i.k.p.i.AbstractProblemLoader Init config took 2.43s 
121444     INFO  main            d.u.i.k.p.i.AbstractProblemLoader Replaying proof Iterator[java.lang.Object::<inv>()].JML accessible clause.0 
121462     DEBUG main            d.u.i.k.p.i.IntermediateProofReplayer Proof replay took 15.7ms 
121463     DEBUG main            d.u.i.k.p.r.p.TestFile    ... success: reloaded. 
121464     INFO  main            d.u.i.k.p.r.p.TestFile    Now processing file /home/runner/work/key/key/key.core/../key.ui/examples/heap/SmansEtAl/Iterator_Iterator.key 
121464     INFO  main            d.u.i.k.p.i.AbstractProblemLoader Loading environment from /home/runner/work/key/key/key.core/../key.ui/examples/heap/SmansEtAl/Iterator_Iterator.key 
121464     DEBUG main            d.u.i.k.p.i.AbstractProblemLoader Environment load took 67.6ns 
121465     INFO  main            d.u.i.k.p.i.AbstractProblemLoader Creating init config 
123973     DEBUG main            d.u.i.k.p.i.AbstractProblemLoader Init config took 2.51s 
124009     INFO  main            d.u.i.k.p.i.AbstractProblemLoader Replaying proof Iterator[Iterator::Iterator(ArrayList)].JML normal_behavior operation contract.0 
124010     DEBUG main            d.u.i.k.p.i.IntermediateProofReplayer Proof replay took 6.5ns 
125317     INFO  main            d.u.i.k.p.r.p.TestFile    ... finished proof: closed. 
125584     INFO  main            d.u.i.k.p.i.AbstractProblemLoader Loading environment from /home/runner/work/key/key/key.core/../key.ui/examples/heap/SmansEtAl/Iterator_Iterator.key.proof 
125585     DEBUG main            d.u.i.k.p.i.AbstractProblemLoader Environment load took 470.9ns 
125586     INFO  main            d.u.i.k.p.i.AbstractProblemLoader Creating init config 
128025     DEBUG main            d.u.i.k.p.i.AbstractProblemLoader Init config took 2.44s 
128065     INFO  main            d.u.i.k.p.i.AbstractProblemLoader Replaying proof Iterator[Iterator::Iterator(ArrayList)].JML normal_behavior operation contract.0 
128208     DEBUG main            d.u.i.k.p.i.IntermediateProofReplayer Proof replay took 129.33ms 
128209     DEBUG main            d.u.i.k.p.r.p.TestFile    ... success: reloaded. 
128210     INFO  main            d.u.i.k.p.r.p.TestFile    Now processing file /home/runner/work/key/key/key.core/../key.ui/examples/heap/SmansEtAl/Iterator_list_dep.key 
128211     INFO  main            d.u.i.k.p.i.AbstractProblemLoader Loading environment from /home/runner/work/key/key/key.core/../key.ui/examples/heap/SmansEtAl/Iterator_list_dep.key 
128211     DEBUG main            d.u.i.k.p.i.AbstractProblemLoader Environment load took 209.4ns 
128212     INFO  main            d.u.i.k.p.i.AbstractProblemLoader Creating init config 
130667     DEBUG main            d.u.i.k.p.i.AbstractProblemLoader Init config took 2.46s 
130701     INFO  main            d.u.i.k.p.i.AbstractProblemLoader Replaying proof Iterator[Iterator::list()].JML accessible clause.0 
130702     DEBUG main            d.u.i.k.p.i.IntermediateProofReplayer Proof replay took 6.4ns 
130804     INFO  main            d.u.i.k.p.r.p.TestFile    ... finished proof: closed. 
131049     INFO  main            d.u.i.k.p.i.AbstractProblemLoader Loading environment from /home/runner/work/key/key/key.core/../key.ui/examples/heap/SmansEtAl/Iterator_list_dep.key.proof 
131049     DEBUG main            d.u.i.k.p.i.AbstractProblemLoader Environment load took 98ns 
131050     INFO  main            d.u.i.k.p.i.AbstractProblemLoader Creating init config 
133469     DEBUG main            d.u.i.k.p.i.AbstractProblemLoader Init config took 2.42s 
133503     INFO  main            d.u.i.k.p.i.AbstractProblemLoader Replaying proof Iterator[Iterator::list()].JML accessible clause.0 
133519     DEBUG main            d.u.i.k.p.i.IntermediateProofReplayer Proof replay took 13.99ms 
133519     DEBUG main            d.u.i.k.p.r.p.TestFile    ... success: reloaded. 
133520     INFO  main            d.u.i.k.p.r.p.TestFile    Now processing file /home/runner/work/key/key/key.core/../key.ui/examples/heap/SmansEtAl/Iterator_list.key 
133520     INFO  main            d.u.i.k.p.i.AbstractProblemLoader Loading environment from /home/runner/work/key/key/key.core/../key.ui/examples/heap/SmansEtAl/Iterator_list.key 
133520     DEBUG main            d.u.i.k.p.i.AbstractProblemLoader Environment load took 56.2ns 
133521     INFO  main            d.u.i.k.p.i.AbstractProblemLoader Creating init config 
136001     DEBUG main            d.u.i.k.p.i.AbstractProblemLoader Init config took 2.48s 
136036     INFO  main            d.u.i.k.p.i.AbstractProblemLoader Replaying proof Iterator[Iterator::list()].JML normal_behavior operation contract.0 
136037     DEBUG main            d.u.i.k.p.i.IntermediateProofReplayer Proof replay took 8ns 
136138     INFO  main            d.u.i.k.p.r.p.TestFile    ... finished proof: closed. 
136384     INFO  main            d.u.i.k.p.i.AbstractProblemLoader Loading environment from /home/runner/work/key/key/key.core/../key.ui/examples/heap/SmansEtAl/Iterator_list.key.proof 
136384     DEBUG main            d.u.i.k.p.i.AbstractProblemLoader Environment load took 145.5ns 
136385     INFO  main            d.u.i.k.p.i.AbstractProblemLoader Creating init config 
138797     DEBUG main            d.u.i.k.p.i.AbstractProblemLoader Init config took 2.41s 
138833     INFO  main            d.u.i.k.p.i.AbstractProblemLoader Replaying proof Iterator[Iterator::list()].JML normal_behavior operation contract.0 
138847     DEBUG main            d.u.i.k.p.i.IntermediateProofReplayer Proof replay took 11.92ms 
138847     DEBUG main            d.u.i.k.p.r.p.TestFile    ... success: reloaded. 
138848     INFO  main            d.u.i.k.p.r.p.TestFile    Now processing file /home/runner/work/key/key/key.core/../key.ui/examples/heap/SmansEtAl/Iterator_next.key 
138848     INFO  main            d.u.i.k.p.i.AbstractProblemLoader Loading environment from /home/runner/work/key/key/key.core/../key.ui/examples/heap/SmansEtAl/Iterator_next.key 
138849     DEBUG main            d.u.i.k.p.i.AbstractProblemLoader Environment load took 81.3ns 
138849     INFO  main            d.u.i.k.p.i.AbstractProblemLoader Creating init config 
141330     DEBUG main            d.u.i.k.p.i.AbstractProblemLoader Init config took 2.48s 
141364     INFO  main            d.u.i.k.p.i.AbstractProblemLoader Replaying proof Iterator[Iterator::next()].JML normal_behavior operation contract.0 
141366     DEBUG main            d.u.i.k.p.i.IntermediateProofReplayer Proof replay took 6.4ns 
144137     INFO  main            d.u.i.k.p.r.p.TestFile    ... finished proof: closed. 
144421     INFO  main            d.u.i.k.p.i.AbstractProblemLoader Loading environment from /home/runner/work/key/key/key.core/../key.ui/examples/heap/SmansEtAl/Iterator_next.key.proof 
144421     DEBUG main            d.u.i.k.p.i.AbstractProblemLoader Environment load took 387.4ns 
144423     INFO  main            d.u.i.k.p.i.AbstractProblemLoader Creating init config 
146828     DEBUG main            d.u.i.k.p.i.AbstractProblemLoader Init config took 2.4s 
146871     INFO  main            d.u.i.k.p.i.AbstractProblemLoader Replaying proof Iterator[Iterator::next()].JML normal_behavior operation contract.0 
147091     DEBUG main            d.u.i.k.p.i.IntermediateProofReplayer Proof replay took 203.72ms 
147093     DEBUG main            d.u.i.k.p.r.p.TestFile    ... success: reloaded. 
147093     INFO  main            d.u.i.k.p.r.p.TestFile    Now processing file /home/runner/work/key/key/key.core/../key.ui/examples/heap/SmansEtAl/Stack_footprint.key 
147094     INFO  main            d.u.i.k.p.i.AbstractProblemLoader Loading environment from /home/runner/work/key/key/key.core/../key.ui/examples/heap/SmansEtAl/Stack_footprint.key 
147094     DEBUG main            d.u.i.k.p.i.AbstractProblemLoader Environment load took 79.5ns 
147094     INFO  main            d.u.i.k.p.i.AbstractProblemLoader Creating init config 
149553     DEBUG main            d.u.i.k.p.i.AbstractProblemLoader Init config took 2.46s 
149587     INFO  main            d.u.i.k.p.i.AbstractProblemLoader Replaying proof Stack[Stack::$footprint()].JML accessible clause.0 
149588     DEBUG main            d.u.i.k.p.i.IntermediateProofReplayer Proof replay took 6.7ns 
149790     INFO  main            d.u.i.k.p.r.p.TestFile    ... finished proof: closed. 
150061     INFO  main            d.u.i.k.p.i.AbstractProblemLoader Loading environment from /home/runner/work/key/key/key.core/../key.ui/examples/heap/SmansEtAl/Stack_footprint.key.proof 
150061     DEBUG main            d.u.i.k.p.i.AbstractProblemLoader Environment load took 99.6ns 
150062     INFO  main            d.u.i.k.p.i.AbstractProblemLoader Creating init config 
152475     DEBUG main            d.u.i.k.p.i.AbstractProblemLoader Init config took 2.41s 
152508     INFO  main            d.u.i.k.p.i.AbstractProblemLoader Replaying proof Stack[Stack::$footprint()].JML accessible clause.0 
152540     DEBUG main            d.u.i.k.p.i.IntermediateProofReplayer Proof replay took 27.75ms 
152541     DEBUG main            d.u.i.k.p.r.p.TestFile    ... success: reloaded. 
152544     INFO  main            d.u.i.k.p.r.p.TestFile    Now processing file /home/runner/work/key/key/key.core/../key.ui/examples/heap/SmansEtAl/Stack_inv.key 
152544     INFO  main            d.u.i.k.p.i.AbstractProblemLoader Loading environment from /home/runner/work/key/key/key.core/../key.ui/examples/heap/SmansEtAl/Stack_inv.key 
152544     DEBUG main            d.u.i.k.p.i.AbstractProblemLoader Environment load took 194ns 
152545     INFO  main            d.u.i.k.p.i.AbstractProblemLoader Creating init config 
155021     DEBUG main            d.u.i.k.p.i.AbstractProblemLoader Init config took 2.48s 
155053     INFO  main            d.u.i.k.p.i.AbstractProblemLoader Replaying proof Stack[java.lang.Object::<inv>()].JML accessible clause.0 
155054     DEBUG main            d.u.i.k.p.i.IntermediateProofReplayer Proof replay took 5.9ns 
155156     INFO  main            d.u.i.k.p.r.p.TestFile    ... finished proof: closed. 
155413     INFO  main            d.u.i.k.p.i.AbstractProblemLoader Loading environment from /home/runner/work/key/key/key.core/../key.ui/examples/heap/SmansEtAl/Stack_inv.key.proof 
155414     DEBUG main            d.u.i.k.p.i.AbstractProblemLoader Environment load took 99.4ns 
155414     INFO  main            d.u.i.k.p.i.AbstractProblemLoader Creating init config 
157815     DEBUG main            d.u.i.k.p.i.AbstractProblemLoader Init config took 2.4s 
157847     INFO  main            d.u.i.k.p.i.AbstractProblemLoader Replaying proof Stack[java.lang.Object::<inv>()].JML accessible clause.0 
157856     DEBUG main            d.u.i.k.p.i.IntermediateProofReplayer Proof replay took 7.21ms 
157857     DEBUG main            d.u.i.k.p.r.p.TestFile    ... success: reloaded. 
157858     INFO  main            d.u.i.k.p.r.p.TestFile    Now processing file /home/runner/work/key/key/key.core/../key.ui/examples/heap/SmansEtAl/Stack_push.key 
157858     INFO  main            d.u.i.k.p.i.AbstractProblemLoader Loading environment from /home/runner/work/key/key/key.core/../key.ui/examples/heap/SmansEtAl/Stack_push.key 
157858     DEBUG main            d.u.i.k.p.i.AbstractProblemLoader Environment load took 187.3ns 
157859     INFO  main            d.u.i.k.p.i.AbstractProblemLoader Creating init config 
160320     DEBUG main            d.u.i.k.p.i.AbstractProblemLoader Init config took 2.46s 
160353     INFO  main            d.u.i.k.p.i.AbstractProblemLoader Replaying proof Stack[Stack::push(java.lang.Object)].JML normal_behavior operation contract.0 
160355     DEBUG main            d.u.i.k.p.i.IntermediateProofReplayer Proof replay took 6.1ns 
161058     INFO  main            d.u.i.k.p.r.p.TestFile    ... finished proof: closed. 
161321     INFO  main            d.u.i.k.p.i.AbstractProblemLoader Loading environment from /home/runner/work/key/key/key.core/../key.ui/examples/heap/SmansEtAl/Stack_push.key.proof 
161321     DEBUG main            d.u.i.k.p.i.AbstractProblemLoader Environment load took 100.8ns 
161322     INFO  main            d.u.i.k.p.i.AbstractProblemLoader Creating init config 
163735     DEBUG main            d.u.i.k.p.i.AbstractProblemLoader Init config took 2.41s 
163768     INFO  main            d.u.i.k.p.i.AbstractProblemLoader Replaying proof Stack[Stack::push(java.lang.Object)].JML normal_behavior operation contract.0 
163858     DEBUG main            d.u.i.k.p.i.IntermediateProofReplayer Proof replay took 85.27ms 
163859     DEBUG main            d.u.i.k.p.r.p.TestFile    ... success: reloaded. 
163860     INFO  main            d.u.i.k.p.r.p.TestFile    Now processing file /home/runner/work/key/key/key.core/../key.ui/examples/heap/SmansEtAl/Stack_size.key 
163860     INFO  main            d.u.i.k.p.i.AbstractProblemLoader Loading environment from /home/runner/work/key/key/key.core/../key.ui/examples/heap/SmansEtAl/Stack_size.key 
163860     DEBUG main            d.u.i.k.p.i.AbstractProblemLoader Environment load took 168.8ns 
163861     INFO  main            d.u.i.k.p.i.AbstractProblemLoader Creating init config 
166334     DEBUG main            d.u.i.k.p.i.AbstractProblemLoader Init config took 2.47s 
166367     INFO  main            d.u.i.k.p.i.AbstractProblemLoader Replaying proof Stack[Stack::size()].JML accessible clause.0 
166368     DEBUG main            d.u.i.k.p.i.IntermediateProofReplayer Proof replay took 6.3ns 
166670     INFO  main            d.u.i.k.p.r.p.TestFile    ... finished proof: closed. 
166988     INFO  main            d.u.i.k.p.i.AbstractProblemLoader Loading environment from /home/runner/work/key/key/key.core/../key.ui/examples/heap/SmansEtAl/Stack_size.key.proof 
166988     DEBUG main            d.u.i.k.p.i.AbstractProblemLoader Environment load took 98.4ns 
166989     INFO  main            d.u.i.k.p.i.AbstractProblemLoader Creating init config 
169399     DEBUG main            d.u.i.k.p.i.AbstractProblemLoader Init config took 2.41s 
169432     INFO  main            d.u.i.k.p.i.AbstractProblemLoader Replaying proof Stack[Stack::size()].JML accessible clause.0 
169466     DEBUG main            d.u.i.k.p.i.IntermediateProofReplayer Proof replay took 31.98ms 
169467     DEBUG main            d.u.i.k.p.r.p.TestFile    ... success: reloaded. 
169468     INFO  main            d.u.i.k.p.r.p.TestFile    Now processing file /home/runner/work/key/key/key.core/../key.ui/examples/heap/SmansEtAl/Stack_Stack.key 
169468     INFO  main            d.u.i.k.p.i.AbstractProblemLoader Loading environment from /home/runner/work/key/key/key.core/../key.ui/examples/heap/SmansEtAl/Stack_Stack.key 
169468     DEBUG main            d.u.i.k.p.i.AbstractProblemLoader Environment load took 74.4ns 
169469     INFO  main            d.u.i.k.p.i.AbstractProblemLoader Creating init config 
171951     DEBUG main            d.u.i.k.p.i.AbstractProblemLoader Init config took 2.48s 
171984     INFO  main            d.u.i.k.p.i.AbstractProblemLoader Replaying proof Stack[Stack::Stack()].JML normal_behavior operation contract.0 
171985     DEBUG main            d.u.i.k.p.i.IntermediateProofReplayer Proof replay took 7.7ns 
172989     INFO  main            d.u.i.k.p.r.p.TestFile    ... finished proof: closed. 
173287     INFO  main            d.u.i.k.p.i.AbstractProblemLoader Loading environment from /home/runner/work/key/key/key.core/../key.ui/examples/heap/SmansEtAl/Stack_Stack.key.proof 
173287     DEBUG main            d.u.i.k.p.i.AbstractProblemLoader Environment load took 180ns 
173291     INFO  main            d.u.i.k.p.i.AbstractProblemLoader Creating init config 
175695     DEBUG main            d.u.i.k.p.i.AbstractProblemLoader Init config took 2.4s 
175739     INFO  main            d.u.i.k.p.i.AbstractProblemLoader Replaying proof Stack[Stack::Stack()].JML normal_behavior operation contract.0 
175877     DEBUG main            d.u.i.k.p.i.IntermediateProofReplayer Proof replay took 131.46ms 
175878     DEBUG main            d.u.i.k.p.r.p.TestFile    ... success: reloaded. 
175879     INFO  main            d.u.i.k.p.r.p.TestFile    Now processing file /home/runner/work/key/key/key.core/../key.ui/examples/heap/SmansEtAl/Stack_switchContents.key 
175879     INFO  main            d.u.i.k.p.i.AbstractProblemLoader Loading environment from /home/runner/work/key/key/key.core/../key.ui/examples/heap/SmansEtAl/Stack_switchContents.key 
175879     DEBUG main            d.u.i.k.p.i.AbstractProblemLoader Environment load took 181ns 
175880     INFO  main            d.u.i.k.p.i.AbstractProblemLoader Creating init config 
178354     DEBUG main            d.u.i.k.p.i.AbstractProblemLoader Init config took 2.47s 
178388     INFO  main            d.u.i.k.p.i.AbstractProblemLoader Replaying proof Stack[Stack::switchContents(Stack)].JML normal_behavior operation contract.0 
178389     DEBUG main            d.u.i.k.p.i.IntermediateProofReplayer Proof replay took 6.9ns 
183023     INFO  main            d.u.i.k.p.r.p.TestFile    ... finished proof: closed. 
183337     INFO  main            d.u.i.k.p.i.AbstractProblemLoader Loading environment from /home/runner/work/key/key/key.core/../key.ui/examples/heap/SmansEtAl/Stack_switchContents.key.proof 
183337     DEBUG main            d.u.i.k.p.i.AbstractProblemLoader Environment load took 100.9ns 
183339     INFO  main            d.u.i.k.p.i.AbstractProblemLoader Creating init config 
185772     DEBUG main            d.u.i.k.p.i.AbstractProblemLoader Init config took 2.43s 
185810     INFO  main            d.u.i.k.p.i.AbstractProblemLoader Replaying proof Stack[Stack::switchContents(Stack)].JML normal_behavior operation contract.0 
186084     DEBUG main            d.u.i.k.p.i.IntermediateProofReplayer Proof replay took 256.45ms 
186086     DEBUG main            d.u.i.k.p.r.p.TestFile    ... success: reloaded. 
2074806    INFO  Test worker     d.u.i.k.p.r.RunAllProofsTestUnit Returning from test SmansEtAl 
2074807    INFO  Test worker     d.u.i.k.p.r.RunAllProofsTestUnit Running test VACID0 
362        INFO  Timeout watchdog d.u.i.k.p.r.p.ForkedTestFileRunner Timeout watcher launched (2000 secs.) 
376        WARN  main            d.u.i.k.s.ProofSettings   The settings in /home/runner/.key/proof-settings.props are *not* read. 
408        INFO  main            d.u.i.k.p.r.p.TestFile    Now processing file /home/runner/work/key/key/key.core/../key.ui/examples/heap/vacid0_01_SparseArray/Harness_sparseArrayTestHarness1.key 
516        INFO  main            d.u.i.k.p.i.AbstractProblemLoader Loading environment from /home/runner/work/key/key/key.core/../key.ui/examples/heap/vacid0_01_SparseArray/Harness_sparseArrayTestHarness1.key 
536        DEBUG main            d.u.i.k.p.i.AbstractProblemLoader Environment load took 2.13ms 
755        INFO  main            d.u.i.k.p.i.AbstractProblemLoader Creating init config 
1608       DEBUG main            d.u.i.k.j.TypeConverter   No LDT found for Meta 
1609       DEBUG main            d.u.i.k.j.TypeConverter   No LDT found for Meta 
1610       DEBUG main            d.u.i.k.j.TypeConverter   No LDT found for Meta 
1610       DEBUG main            d.u.i.k.j.TypeConverter   No LDT found for Meta 
3120       DEBUG main            d.u.i.k.j.TypeConverter   No LDT found for JavaBigintExpression 
8084       DEBUG main            d.u.i.k.p.i.AbstractProblemLoader Init config took 7.33s 
8244       INFO  main            d.u.i.k.p.i.AbstractProblemLoader Replaying proof Harness[Harness::sparseArrayTestHarness1()].JML normal_behavior operation contract.0 
8283       DEBUG main            d.u.i.k.p.i.IntermediateProofReplayer Proof replay took 32.9ns 
9852       INFO  main            d.u.i.k.p.r.p.TestFile    ... finished proof: closed. 
10004      INFO  main            d.u.i.k.p.i.AbstractProblemLoader Loading environment from /home/runner/work/key/key/key.core/../key.ui/examples/heap/vacid0_01_SparseArray/Harness_sparseArrayTestHarness1.key.proof 
10009      DEBUG main            d.u.i.k.p.i.AbstractProblemLoader Environment load took 4.93ms 
10012      INFO  main            d.u.i.k.p.i.AbstractProblemLoader Creating init config 
12747      DEBUG main            d.u.i.k.p.i.AbstractProblemLoader Init config took 2.74s 
12812      INFO  main            d.u.i.k.p.i.AbstractProblemLoader Replaying proof Harness[Harness::sparseArrayTestHarness1()].JML normal_behavior operation contract.0 
13000      DEBUG main            d.u.i.k.p.i.IntermediateProofReplayer Proof replay took 178.06ms 
13007      DEBUG main            d.u.i.k.p.r.p.TestFile    ... success: reloaded. 
13009      INFO  main            d.u.i.k.p.r.p.TestFile    Now processing file /home/runner/work/key/key/key.core/../key.ui/examples/heap/vacid0_01_SparseArray/Harness_sparseArrayTestHarness2.key 
13009      INFO  main            d.u.i.k.p.i.AbstractProblemLoader Loading environment from /home/runner/work/key/key/key.core/../key.ui/examples/heap/vacid0_01_SparseArray/Harness_sparseArrayTestHarness2.key 
13009      DEBUG main            d.u.i.k.p.i.AbstractProblemLoader Environment load took 220.8ns 
13011      INFO  main            d.u.i.k.p.i.AbstractProblemLoader Creating init config 
15680      DEBUG main            d.u.i.k.p.i.AbstractProblemLoader Init config took 2.67s 
15739      INFO  main            d.u.i.k.p.i.AbstractProblemLoader Replaying proof Harness[Harness::sparseArrayTestHarness2()].JML normal_behavior operation contract.0 
15741      DEBUG main            d.u.i.k.p.i.IntermediateProofReplayer Proof replay took 5.5ns 
23477      INFO  main            d.u.i.k.p.r.p.TestFile    ... finished proof: closed. 
23688      INFO  main            d.u.i.k.p.i.AbstractProblemLoader Loading environment from /home/runner/work/key/key/key.core/../key.ui/examples/heap/vacid0_01_SparseArray/Harness_sparseArrayTestHarness2.key.proof 
23688      DEBUG main            d.u.i.k.p.i.AbstractProblemLoader Environment load took 413.2ns 
23698      INFO  main            d.u.i.k.p.i.AbstractProblemLoader Creating init config 
26271      DEBUG main            d.u.i.k.p.i.AbstractProblemLoader Init config took 2.57s 
26329      INFO  main            d.u.i.k.p.i.AbstractProblemLoader Replaying proof Harness[Harness::sparseArrayTestHarness2()].JML normal_behavior operation contract.0 
27113      DEBUG main            d.u.i.k.p.i.IntermediateProofReplayer Proof replay took 734.44ms 
27116      DEBUG main            d.u.i.k.p.r.p.TestFile    ... success: reloaded. 
27118      INFO  main            d.u.i.k.p.r.p.TestFile    Now processing file /home/runner/work/key/key/key.core/../key.ui/examples/heap/vacid0_01_SparseArray/MemoryAllocator_alloc_unsigned.key 
27119      INFO  main            d.u.i.k.p.i.AbstractProblemLoader Loading environment from /home/runner/work/key/key/key.core/../key.ui/examples/heap/vacid0_01_SparseArray/MemoryAllocator_alloc_unsigned.key 
27119      DEBUG main            d.u.i.k.p.i.AbstractProblemLoader Environment load took 215.9ns 
27121      INFO  main            d.u.i.k.p.i.AbstractProblemLoader Creating init config 
29685      DEBUG main            d.u.i.k.p.i.AbstractProblemLoader Init config took 2.56s 
29730      INFO  main            d.u.i.k.p.i.AbstractProblemLoader Replaying proof MemoryAllocator[MemoryAllocator::alloc_unsigned(int)].JML normal_behavior operation contract.0 
29732      DEBUG main            d.u.i.k.p.i.IntermediateProofReplayer Proof replay took 16.4ns 
30636      INFO  main            d.u.i.k.p.r.p.TestFile    ... finished proof: closed. 
30821      INFO  main            d.u.i.k.p.i.AbstractProblemLoader Loading environment from /home/runner/work/key/key/key.core/../key.ui/examples/heap/vacid0_01_SparseArray/MemoryAllocator_alloc_unsigned.key.proof 
30822      DEBUG main            d.u.i.k.p.i.AbstractProblemLoader Environment load took 676.4ns 
30825      INFO  main            d.u.i.k.p.i.AbstractProblemLoader Creating init config 
33344      DEBUG main            d.u.i.k.p.i.AbstractProblemLoader Init config took 2.52s 
33386      INFO  main            d.u.i.k.p.i.AbstractProblemLoader Replaying proof MemoryAllocator[MemoryAllocator::alloc_unsigned(int)].JML normal_behavior operation contract.0 
33543      DEBUG main            d.u.i.k.p.i.IntermediateProofReplayer Proof replay took 150.77ms 
33544      DEBUG main            d.u.i.k.p.r.p.TestFile    ... success: reloaded. 
33546      INFO  main            d.u.i.k.p.r.p.TestFile    Now processing file /home/runner/work/key/key/key.core/../key.ui/examples/heap/vacid0_01_SparseArray/MemoryAllocator_alloc.key 
33546      INFO  main            d.u.i.k.p.i.AbstractProblemLoader Loading environment from /home/runner/work/key/key/key.core/../key.ui/examples/heap/vacid0_01_SparseArray/MemoryAllocator_alloc.key 
33546      DEBUG main            d.u.i.k.p.i.AbstractProblemLoader Environment load took 192.7ns 
33547      INFO  main            d.u.i.k.p.i.AbstractProblemLoader Creating init config 
36087      DEBUG main            d.u.i.k.p.i.AbstractProblemLoader Init config took 2.54s 
36128      INFO  main            d.u.i.k.p.i.AbstractProblemLoader Replaying proof MemoryAllocator[MemoryAllocator::alloc(int)].JML normal_behavior operation contract.0 
36130      DEBUG main            d.u.i.k.p.i.IntermediateProofReplayer Proof replay took 5.3ns 
36735      INFO  main            d.u.i.k.p.r.p.TestFile    ... finished proof: closed. 
36889      INFO  main            d.u.i.k.p.i.AbstractProblemLoader Loading environment from /home/runner/work/key/key/key.core/../key.ui/examples/heap/vacid0_01_SparseArray/MemoryAllocator_alloc.key.proof 
36889      DEBUG main            d.u.i.k.p.i.AbstractProblemLoader Environment load took 370.2ns 
36891      INFO  main            d.u.i.k.p.i.AbstractProblemLoader Creating init config 
39380      DEBUG main            d.u.i.k.p.i.AbstractProblemLoader Init config took 2.49s 
39420      INFO  main            d.u.i.k.p.i.AbstractProblemLoader Replaying proof MemoryAllocator[MemoryAllocator::alloc(int)].JML normal_behavior operation contract.0 
39530      DEBUG main            d.u.i.k.p.i.IntermediateProofReplayer Proof replay took 105.64ms 
39532      DEBUG main            d.u.i.k.p.r.p.TestFile    ... success: reloaded. 
39533      INFO  main            d.u.i.k.p.r.p.TestFile    Now processing file /home/runner/work/key/key/key.core/../key.ui/examples/heap/vacid0_01_SparseArray/SparseArray_get_dep.key 
39533      INFO  main            d.u.i.k.p.i.AbstractProblemLoader Loading environment from /home/runner/work/key/key/key.core/../key.ui/examples/heap/vacid0_01_SparseArray/SparseArray_get_dep.key 
39534      DEBUG main            d.u.i.k.p.i.AbstractProblemLoader Environment load took 192.9ns 
39534      INFO  main            d.u.i.k.p.i.AbstractProblemLoader Creating init config 
42044      DEBUG main            d.u.i.k.p.i.AbstractProblemLoader Init config took 2.51s 
42103      INFO  main            d.u.i.k.p.i.AbstractProblemLoader Replaying proof SparseArray[SparseArray::get(int)].JML accessible clause.0 
42105      DEBUG main            d.u.i.k.p.i.IntermediateProofReplayer Proof replay took 7.3ns 
45239      INFO  main            d.u.i.k.p.r.p.TestFile    ... finished proof: closed. 
45506      INFO  main            d.u.i.k.p.i.AbstractProblemLoader Loading environment from /home/runner/work/key/key/key.core/../key.ui/examples/heap/vacid0_01_SparseArray/SparseArray_get_dep.key.proof 
45506      DEBUG main            d.u.i.k.p.i.AbstractProblemLoader Environment load took 444.1ns 
45508      INFO  main            d.u.i.k.p.i.AbstractProblemLoader Creating init config 
48006      DEBUG main            d.u.i.k.p.i.AbstractProblemLoader Init config took 2.5s 
48062      INFO  main            d.u.i.k.p.i.AbstractProblemLoader Replaying proof SparseArray[SparseArray::get(int)].JML accessible clause.0 
48269      DEBUG main            d.u.i.k.p.i.IntermediateProofReplayer Proof replay took 192.42ms 
48270      DEBUG main            d.u.i.k.p.r.p.TestFile    ... success: reloaded. 
48271      INFO  main            d.u.i.k.p.r.p.TestFile    Now processing file /home/runner/work/key/key/key.core/../key.ui/examples/heap/vacid0_01_SparseArray/SparseArray_get.key 
48271      INFO  main            d.u.i.k.p.i.AbstractProblemLoader Loading environment from /home/runner/work/key/key/key.core/../key.ui/examples/heap/vacid0_01_SparseArray/SparseArray_get.key 
48271      DEBUG main            d.u.i.k.p.i.AbstractProblemLoader Environment load took 212.8ns 
48272      INFO  main            d.u.i.k.p.i.AbstractProblemLoader Creating init config 
50748      DEBUG main            d.u.i.k.p.i.AbstractProblemLoader Init config took 2.48s 
50804      INFO  main            d.u.i.k.p.i.AbstractProblemLoader Replaying proof SparseArray[SparseArray::get(int)].JML normal_behavior operation contract.0 
50806      DEBUG main            d.u.i.k.p.i.IntermediateProofReplayer Proof replay took 5.5ns 
53026      INFO  main            d.u.i.k.p.r.p.TestFile    ... finished proof: closed. 
53209      INFO  main            d.u.i.k.p.i.AbstractProblemLoader Loading environment from /home/runner/work/key/key/key.core/../key.ui/examples/heap/vacid0_01_SparseArray/SparseArray_get.key.proof 
53209      DEBUG main            d.u.i.k.p.i.AbstractProblemLoader Environment load took 275.2ns 
53211      INFO  main            d.u.i.k.p.i.AbstractProblemLoader Creating init config 
55724      DEBUG main            d.u.i.k.p.i.AbstractProblemLoader Init config took 2.51s 
55792      INFO  main            d.u.i.k.p.i.AbstractProblemLoader Replaying proof SparseArray[SparseArray::get(int)].JML normal_behavior operation contract.0 
55969      DEBUG main            d.u.i.k.p.i.IntermediateProofReplayer Proof replay took 159.7ms 
55970      DEBUG main            d.u.i.k.p.r.p.TestFile    ... success: reloaded. 
55971      INFO  main            d.u.i.k.p.r.p.TestFile    Now processing file /home/runner/work/key/key/key.core/../key.ui/examples/heap/vacid0_01_SparseArray/SparseArray_inv.key 
55971      INFO  main            d.u.i.k.p.i.AbstractProblemLoader Loading environment from /home/runner/work/key/key/key.core/../key.ui/examples/heap/vacid0_01_SparseArray/SparseArray_inv.key 
55971      DEBUG main            d.u.i.k.p.i.AbstractProblemLoader Environment load took 89.9ns 
55972      INFO  main            d.u.i.k.p.i.AbstractProblemLoader Creating init config 
58461      DEBUG main            d.u.i.k.p.i.AbstractProblemLoader Init config took 2.49s 
58515      INFO  main            d.u.i.k.p.i.AbstractProblemLoader Replaying proof SparseArray[java.lang.Object::<inv>()].JML accessible clause.0 
58517      DEBUG main            d.u.i.k.p.i.IntermediateProofReplayer Proof replay took 5.8ns 
60325      INFO  main            d.u.i.k.p.r.p.TestFile    ... finished proof: closed. 
60500      INFO  main            d.u.i.k.p.i.AbstractProblemLoader Loading environment from /home/runner/work/key/key/key.core/../key.ui/examples/heap/vacid0_01_SparseArray/SparseArray_inv.key.proof 
60500      DEBUG main            d.u.i.k.p.i.AbstractProblemLoader Environment load took 123.1ns 
60504      INFO  main            d.u.i.k.p.i.AbstractProblemLoader Creating init config 
62951      DEBUG main            d.u.i.k.p.i.AbstractProblemLoader Init config took 2.45s 
63005      INFO  main            d.u.i.k.p.i.AbstractProblemLoader Replaying proof SparseArray[java.lang.Object::<inv>()].JML accessible clause.0 
63085      DEBUG main            d.u.i.k.p.i.IntermediateProofReplayer Proof replay took 67.93ms 
63087      DEBUG main            d.u.i.k.p.r.p.TestFile    ... success: reloaded. 
63088      INFO  main            d.u.i.k.p.r.p.TestFile    Now processing file /home/runner/work/key/key/key.core/../key.ui/examples/heap/vacid0_01_SparseArray/SparseArray_SparseArray.key 
63088      INFO  main            d.u.i.k.p.i.AbstractProblemLoader Loading environment from /home/runner/work/key/key/key.core/../key.ui/examples/heap/vacid0_01_SparseArray/SparseArray_SparseArray.key 
63088      DEBUG main            d.u.i.k.p.i.AbstractProblemLoader Environment load took 189.4ns 
63089      INFO  main            d.u.i.k.p.i.AbstractProblemLoader Creating init config 
65559      DEBUG main            d.u.i.k.p.i.AbstractProblemLoader Init config took 2.47s 
65615      INFO  main            d.u.i.k.p.i.AbstractProblemLoader Replaying proof SparseArray[SparseArray::SparseArray(int)].JML normal_behavior operation contract.0 
65616      DEBUG main            d.u.i.k.p.i.IntermediateProofReplayer Proof replay took 5.8ns 
69126      INFO  main            d.u.i.k.p.r.p.TestFile    ... finished proof: closed. 
69330      INFO  main            d.u.i.k.p.i.AbstractProblemLoader Loading environment from /home/runner/work/key/key/key.core/../key.ui/examples/heap/vacid0_01_SparseArray/SparseArray_SparseArray.key.proof 
69330      DEBUG main            d.u.i.k.p.i.AbstractProblemLoader Environment load took 181.7ns 
69332      INFO  main            d.u.i.k.p.i.AbstractProblemLoader Creating init config 
71779      DEBUG main            d.u.i.k.p.i.AbstractProblemLoader Init config took 2.45s 
71844      INFO  main            d.u.i.k.p.i.AbstractProblemLoader Replaying proof SparseArray[SparseArray::SparseArray(int)].JML normal_behavior operation contract.0 
72115      DEBUG main            d.u.i.k.p.i.IntermediateProofReplayer Proof replay took 260.69ms 
72116      DEBUG main            d.u.i.k.p.r.p.TestFile    ... success: reloaded. 
2147100    INFO  Test worker     d.u.i.k.p.r.RunAllProofsTestUnit Returning from test VACID0 
2147101    INFO  Test worker     d.u.i.k.p.r.RunAllProofsTestUnit Running test VSTTE10 
345        INFO  Timeout watchdog d.u.i.k.p.r.p.ForkedTestFileRunner Timeout watcher launched (2000 secs.) 
355        WARN  main            d.u.i.k.s.ProofSettings   The settings in /home/runner/.key/proof-settings.props are *not* read. 
391        INFO  main            d.u.i.k.p.r.p.TestFile    Now processing file /home/runner/work/key/key/key.core/../key.ui/examples/heap/vstte10_01_SumAndMax/SumAndMax_sumAndMax.key 
510        INFO  main            d.u.i.k.p.i.AbstractProblemLoader Loading environment from /home/runner/work/key/key/key.core/../key.ui/examples/heap/vstte10_01_SumAndMax/SumAndMax_sumAndMax.key 
526        DEBUG main            d.u.i.k.p.i.AbstractProblemLoader Environment load took 1.93ms 
736        INFO  main            d.u.i.k.p.i.AbstractProblemLoader Creating init config 
1707       DEBUG main            d.u.i.k.j.TypeConverter   No LDT found for Meta 
1708       DEBUG main            d.u.i.k.j.TypeConverter   No LDT found for Meta 
1711       DEBUG main            d.u.i.k.j.TypeConverter   No LDT found for Meta 
1711       DEBUG main            d.u.i.k.j.TypeConverter   No LDT found for Meta 
3015       DEBUG main            d.u.i.k.j.TypeConverter   No LDT found for JavaBigintExpression 
8580       DEBUG main            d.u.i.k.p.i.AbstractProblemLoader Init config took 7.84s 
8728       INFO  main            d.u.i.k.p.i.AbstractProblemLoader Replaying proof SumAndMax[SumAndMax::sumAndMax([I)].JML normal_behavior operation contract.0 
8762       DEBUG main            d.u.i.k.p.i.IntermediateProofReplayer Proof replay took 33.7ns 
13954      INFO  main            d.u.i.k.p.r.p.TestFile    ... finished proof: closed. 
14120      INFO  main            d.u.i.k.p.i.AbstractProblemLoader Loading environment from /home/runner/work/key/key/key.core/../key.ui/examples/heap/vstte10_01_SumAndMax/SumAndMax_sumAndMax.key.proof 
14122      DEBUG main            d.u.i.k.p.i.AbstractProblemLoader Environment load took 2.02ms 
14126      INFO  main            d.u.i.k.p.i.AbstractProblemLoader Creating init config 
16987      DEBUG main            d.u.i.k.p.i.AbstractProblemLoader Init config took 2.86s 
17077      INFO  main            d.u.i.k.p.i.AbstractProblemLoader Replaying proof SumAndMax[SumAndMax::sumAndMax([I)].JML normal_behavior operation contract.0 
17622      DEBUG main            d.u.i.k.p.i.IntermediateProofReplayer Proof replay took 512.52ms 
17634      DEBUG main            d.u.i.k.p.r.p.TestFile    ... success: reloaded. 
17637      INFO  main            d.u.i.k.p.r.p.TestFile    Now processing file /home/runner/work/key/key/key.core/../key.ui/examples/heap/vstte10_03_LinkedList/Node_cons.key 
17638      INFO  main            d.u.i.k.p.i.AbstractProblemLoader Loading environment from /home/runner/work/key/key/key.core/../key.ui/examples/heap/vstte10_03_LinkedList/Node_cons.key 
17638      DEBUG main            d.u.i.k.p.i.AbstractProblemLoader Environment load took 298ns 
17641      INFO  main            d.u.i.k.p.i.AbstractProblemLoader Creating init config 
20563      DEBUG main            d.u.i.k.p.i.AbstractProblemLoader Init config took 2.92s 
20645      INFO  main            d.u.i.k.p.i.AbstractProblemLoader Replaying proof Node[Node::cons(int,Node)].JML normal_behavior operation contract.0 
20650      DEBUG main            d.u.i.k.p.i.IntermediateProofReplayer Proof replay took 6.9ns 
22361      INFO  main            d.u.i.k.p.r.p.TestFile    ... finished proof: closed. 
22510      INFO  main            d.u.i.k.p.i.AbstractProblemLoader Loading environment from /home/runner/work/key/key/key.core/../key.ui/examples/heap/vstte10_03_LinkedList/Node_cons.key.proof 
22511      DEBUG main            d.u.i.k.p.i.AbstractProblemLoader Environment load took 1.05ms 
22514      INFO  main            d.u.i.k.p.i.AbstractProblemLoader Creating init config 
25249      DEBUG main            d.u.i.k.p.i.AbstractProblemLoader Init config took 2.73s 
25322      INFO  main            d.u.i.k.p.i.AbstractProblemLoader Replaying proof Node[Node::cons(int,Node)].JML normal_behavior operation contract.0 
25550      DEBUG main            d.u.i.k.p.i.IntermediateProofReplayer Proof replay took 214.93ms 
25551      DEBUG main            d.u.i.k.p.r.p.TestFile    ... success: reloaded. 
25553      INFO  main            d.u.i.k.p.r.p.TestFile    Now processing file /home/runner/work/key/key/key.core/../key.ui/examples/heap/vstte10_03_LinkedList/Node_inv.key 
25554      INFO  main            d.u.i.k.p.i.AbstractProblemLoader Loading environment from /home/runner/work/key/key/key.core/../key.ui/examples/heap/vstte10_03_LinkedList/Node_inv.key 
25554      DEBUG main            d.u.i.k.p.i.AbstractProblemLoader Environment load took 97.8ns 
25555      INFO  main            d.u.i.k.p.i.AbstractProblemLoader Creating init config 
28303      DEBUG main            d.u.i.k.p.i.AbstractProblemLoader Init config took 2.75s 
28355      INFO  main            d.u.i.k.p.i.AbstractProblemLoader Replaying proof Node[java.lang.Object::<inv>()].JML accessible clause.0 
28357      DEBUG main            d.u.i.k.p.i.IntermediateProofReplayer Proof replay took 6.2ns 
28663      INFO  main            d.u.i.k.p.r.p.TestFile    ... finished proof: closed. 
28814      INFO  main            d.u.i.k.p.i.AbstractProblemLoader Loading environment from /home/runner/work/key/key/key.core/../key.ui/examples/heap/vstte10_03_LinkedList/Node_inv.key.proof 
28814      DEBUG main            d.u.i.k.p.i.AbstractProblemLoader Environment load took 114.1ns 
28816      INFO  main            d.u.i.k.p.i.AbstractProblemLoader Creating init config 
31525      DEBUG main            d.u.i.k.p.i.AbstractProblemLoader Init config took 2.71s 
31583      INFO  main            d.u.i.k.p.i.AbstractProblemLoader Replaying proof Node[java.lang.Object::<inv>()].JML accessible clause.0 
31618      DEBUG main            d.u.i.k.p.i.IntermediateProofReplayer Proof replay took 26.96ms 
31620      DEBUG main            d.u.i.k.p.r.p.TestFile    ... success: reloaded. 
31622      INFO  main            d.u.i.k.p.r.p.TestFile    Now processing file /home/runner/work/key/key/key.core/../key.ui/examples/heap/vstte10_03_LinkedList/Node_search.key 
31622      INFO  main            d.u.i.k.p.i.AbstractProblemLoader Loading environment from /home/runner/work/key/key/key.core/../key.ui/examples/heap/vstte10_03_LinkedList/Node_search.key 
31622      DEBUG main            d.u.i.k.p.i.AbstractProblemLoader Environment load took 196.7ns 
31623      INFO  main            d.u.i.k.p.i.AbstractProblemLoader Creating init config 
34441      DEBUG main            d.u.i.k.p.i.AbstractProblemLoader Init config took 2.82s 
34506      INFO  main            d.u.i.k.p.i.AbstractProblemLoader Replaying proof Node[Node::search()].JML normal_behavior operation contract.0 
34508      DEBUG main            d.u.i.k.p.i.IntermediateProofReplayer Proof replay took 6.1ns 
40818      INFO  main            d.u.i.k.p.r.p.TestFile    ... finished proof: closed. 
41009      INFO  main            d.u.i.k.p.i.AbstractProblemLoader Loading environment from /home/runner/work/key/key/key.core/../key.ui/examples/heap/vstte10_03_LinkedList/Node_search.key.proof 
41010      DEBUG main            d.u.i.k.p.i.AbstractProblemLoader Environment load took 455.4ns 
41012      INFO  main            d.u.i.k.p.i.AbstractProblemLoader Creating init config 
44269      DEBUG main            d.u.i.k.p.i.AbstractProblemLoader Init config took 3.26s 
44318      INFO  main            d.u.i.k.p.i.AbstractProblemLoader Replaying proof Node[Node::search()].JML normal_behavior operation contract.0 
44811      DEBUG main            d.u.i.k.p.i.IntermediateProofReplayer Proof replay took 446.46ms 
44814      DEBUG main            d.u.i.k.p.r.p.TestFile    ... success: reloaded. 
44815      INFO  main            d.u.i.k.p.r.p.TestFile    Now processing file /home/runner/work/key/key/key.core/../key.ui/examples/heap/vstte10_04_Queens/Queens_isConsistent.key 
44816      INFO  main            d.u.i.k.p.i.AbstractProblemLoader Loading environment from /home/runner/work/key/key/key.core/../key.ui/examples/heap/vstte10_04_Queens/Queens_isConsistent.key 
44816      DEBUG main            d.u.i.k.p.i.AbstractProblemLoader Environment load took 193.7ns 
44817      INFO  main            d.u.i.k.p.i.AbstractProblemLoader Creating init config 
47757      DEBUG main            d.u.i.k.p.i.AbstractProblemLoader Init config took 2.94s 
47797      INFO  main            d.u.i.k.p.i.AbstractProblemLoader Replaying proof Queens[Queens::isConsistent([I,int)].JML normal_behavior operation contract.0 
47799      DEBUG main            d.u.i.k.p.i.IntermediateProofReplayer Proof replay took 6.8ns 
49636      INFO  main            d.u.i.k.p.r.p.TestFile    ... finished proof: closed. 
49840      INFO  main            d.u.i.k.p.i.AbstractProblemLoader Loading environment from /home/runner/work/key/key/key.core/../key.ui/examples/heap/vstte10_04_Queens/Queens_isConsistent.key.proof 
49842      DEBUG main            d.u.i.k.p.i.AbstractProblemLoader Environment load took 2.28ms 
49843      INFO  main            d.u.i.k.p.i.AbstractProblemLoader Creating init config 
52571      DEBUG main            d.u.i.k.p.i.AbstractProblemLoader Init config took 2.73s 
52616      INFO  main            d.u.i.k.p.i.AbstractProblemLoader Replaying proof Queens[Queens::isConsistent([I,int)].JML normal_behavior operation contract.0 
52878      DEBUG main            d.u.i.k.p.i.IntermediateProofReplayer Proof replay took 251.23ms 
52880      DEBUG main            d.u.i.k.p.r.p.TestFile    ... success: reloaded. 
52881      INFO  main            d.u.i.k.p.r.p.TestFile    Now processing file /home/runner/work/key/key/key.core/../key.ui/examples/heap/vstte10_04_Queens/Queens_nQueens.key 
52882      INFO  main            d.u.i.k.p.i.AbstractProblemLoader Loading environment from /home/runner/work/key/key/key.core/../key.ui/examples/heap/vstte10_04_Queens/Queens_nQueens.key 
52882      DEBUG main            d.u.i.k.p.i.AbstractProblemLoader Environment load took 228.3ns 
52883      INFO  main            d.u.i.k.p.i.AbstractProblemLoader Creating init config 
55624      DEBUG main            d.u.i.k.p.i.AbstractProblemLoader Init config took 2.74s 
55665      INFO  main            d.u.i.k.p.i.AbstractProblemLoader Replaying proof Queens[Queens::nQueens(int)].JML normal_behavior operation contract.0 
55666      DEBUG main            d.u.i.k.p.i.IntermediateProofReplayer Proof replay took 5.4ns 
67754      INFO  main            d.u.i.k.p.r.p.TestFile    ... finished proof: closed. 
67977      INFO  main            d.u.i.k.p.i.AbstractProblemLoader Loading environment from /home/runner/work/key/key/key.core/../key.ui/examples/heap/vstte10_04_Queens/Queens_nQueens.key.proof 
67978      DEBUG main            d.u.i.k.p.i.AbstractProblemLoader Environment load took 394.3ns 
67979      INFO  main            d.u.i.k.p.i.AbstractProblemLoader Creating init config 
70616      DEBUG main            d.u.i.k.p.i.AbstractProblemLoader Init config took 2.64s 
70657      INFO  main            d.u.i.k.p.i.AbstractProblemLoader Replaying proof Queens[Queens::nQueens(int)].JML normal_behavior operation contract.0 
71026      DEBUG main            d.u.i.k.p.i.IntermediateProofReplayer Proof replay took 351.21ms 
71028      DEBUG main            d.u.i.k.p.r.p.TestFile    ... success: reloaded. 
71029      INFO  main            d.u.i.k.p.r.p.TestFile    Now processing file /home/runner/work/key/key/key.core/../key.ui/examples/heap/vstte10_05_Queue/AmortizedQueue_AmortizedQueue.key 
71029      INFO  main            d.u.i.k.p.i.AbstractProblemLoader Loading environment from /home/runner/work/key/key/key.core/../key.ui/examples/heap/vstte10_05_Queue/AmortizedQueue_AmortizedQueue.key 
71029      DEBUG main            d.u.i.k.p.i.AbstractProblemLoader Environment load took 240.2ns 
71030      INFO  main            d.u.i.k.p.i.AbstractProblemLoader Creating init config 
73819      DEBUG main            d.u.i.k.p.i.AbstractProblemLoader Init config took 2.79s 
73863      INFO  main            d.u.i.k.p.i.AbstractProblemLoader Replaying proof AmortizedQueue[AmortizedQueue::AmortizedQueue()].JML normal_behavior operation contract.0 
73865      DEBUG main            d.u.i.k.p.i.IntermediateProofReplayer Proof replay took 6.4ns 
75174      INFO  main            d.u.i.k.p.r.p.TestFile    ... finished proof: closed. 
75381      INFO  main            d.u.i.k.p.i.AbstractProblemLoader Loading environment from /home/runner/work/key/key/key.core/../key.ui/examples/heap/vstte10_05_Queue/AmortizedQueue_AmortizedQueue.key.proof 
75381      DEBUG main            d.u.i.k.p.i.AbstractProblemLoader Environment load took 385.4ns 
75383      INFO  main            d.u.i.k.p.i.AbstractProblemLoader Creating init config 
78027      DEBUG main            d.u.i.k.p.i.AbstractProblemLoader Init config took 2.64s 
78072      INFO  main            d.u.i.k.p.i.AbstractProblemLoader Replaying proof AmortizedQueue[AmortizedQueue::AmortizedQueue()].JML normal_behavior operation contract.0 
78236      DEBUG main            d.u.i.k.p.i.IntermediateProofReplayer Proof replay took 157.75ms 
78238      DEBUG main            d.u.i.k.p.r.p.TestFile    ... success: reloaded. 
78239      INFO  main            d.u.i.k.p.r.p.TestFile    Now processing file /home/runner/work/key/key/key.core/../key.ui/examples/heap/vstte10_05_Queue/AmortizedQueue_front.key 
78239      INFO  main            d.u.i.k.p.i.AbstractProblemLoader Loading environment from /home/runner/work/key/key/key.core/../key.ui/examples/heap/vstte10_05_Queue/AmortizedQueue_front.key 
78239      DEBUG main            d.u.i.k.p.i.AbstractProblemLoader Environment load took 184.2ns 
78240      INFO  main            d.u.i.k.p.i.AbstractProblemLoader Creating init config 
80944      DEBUG main            d.u.i.k.p.i.AbstractProblemLoader Init config took 2.7s 
80986      INFO  main            d.u.i.k.p.i.AbstractProblemLoader Replaying proof AmortizedQueue[AmortizedQueue::front()].JML normal_behavior operation contract.0 
80987      DEBUG main            d.u.i.k.p.i.IntermediateProofReplayer Proof replay took 5.6ns 
81391      INFO  main            d.u.i.k.p.r.p.TestFile    ... finished proof: closed. 
81568      INFO  main            d.u.i.k.p.i.AbstractProblemLoader Loading environment from /home/runner/work/key/key/key.core/../key.ui/examples/heap/vstte10_05_Queue/AmortizedQueue_front.key.proof 
81568      DEBUG main            d.u.i.k.p.i.AbstractProblemLoader Environment load took 108ns 
81569      INFO  main            d.u.i.k.p.i.AbstractProblemLoader Creating init config 
84257      DEBUG main            d.u.i.k.p.i.AbstractProblemLoader Init config took 2.69s 
84299      INFO  main            d.u.i.k.p.i.AbstractProblemLoader Replaying proof AmortizedQueue[AmortizedQueue::front()].JML normal_behavior operation contract.0 
84335      DEBUG main            d.u.i.k.p.i.IntermediateProofReplayer Proof replay took 33.16ms 
84337      DEBUG main            d.u.i.k.p.r.p.TestFile    ... success: reloaded. 
84339      INFO  main            d.u.i.k.p.r.p.TestFile    Now processing file /home/runner/work/key/key/key.core/../key.ui/examples/heap/vstte10_05_Queue/LinkedList_concat.key 
84340      INFO  main            d.u.i.k.p.i.AbstractProblemLoader Loading environment from /home/runner/work/key/key/key.core/../key.ui/examples/heap/vstte10_05_Queue/LinkedList_concat.key 
84340      DEBUG main            d.u.i.k.p.i.AbstractProblemLoader Environment load took 228ns 
84341      INFO  main            d.u.i.k.p.i.AbstractProblemLoader Creating init config 
87061      DEBUG main            d.u.i.k.p.i.AbstractProblemLoader Init config took 2.72s 
87105      INFO  main            d.u.i.k.p.i.AbstractProblemLoader Replaying proof LinkedList[LinkedList::concat(LinkedList)].JML normal_behavior operation contract.0 
87107      DEBUG main            d.u.i.k.p.i.IntermediateProofReplayer Proof replay took 5.5ns 
95051      INFO  main            d.u.i.k.p.r.p.TestFile    ... finished proof: closed. 
95281      INFO  main            d.u.i.k.p.i.AbstractProblemLoader Loading environment from /home/runner/work/key/key/key.core/../key.ui/examples/heap/vstte10_05_Queue/LinkedList_concat.key.proof 
95281      DEBUG main            d.u.i.k.p.i.AbstractProblemLoader Environment load took 407ns 
95284      INFO  main            d.u.i.k.p.i.AbstractProblemLoader Creating init config 
97930      DEBUG main            d.u.i.k.p.i.AbstractProblemLoader Init config took 2.65s 
97974      INFO  main            d.u.i.k.p.i.AbstractProblemLoader Replaying proof LinkedList[LinkedList::concat(LinkedList)].JML normal_behavior operation contract.0 
98415      DEBUG main            d.u.i.k.p.i.IntermediateProofReplayer Proof replay took 409.86ms 
98417      DEBUG main            d.u.i.k.p.r.p.TestFile    ... success: reloaded. 
98418      INFO  main            d.u.i.k.p.r.p.TestFile    Now processing file /home/runner/work/key/key/key.core/../key.ui/examples/heap/vstte10_05_Queue/LinkedList_cons.key 
98418      INFO  main            d.u.i.k.p.i.AbstractProblemLoader Loading environment from /home/runner/work/key/key/key.core/../key.ui/examples/heap/vstte10_05_Queue/LinkedList_cons.key 
98418      DEBUG main            d.u.i.k.p.i.AbstractProblemLoader Environment load took 166.3ns 
98419      INFO  main            d.u.i.k.p.i.AbstractProblemLoader Creating init config 
101115     DEBUG main            d.u.i.k.p.i.AbstractProblemLoader Init config took 2.7s 
101158     INFO  main            d.u.i.k.p.i.AbstractProblemLoader Replaying proof LinkedList[LinkedList::cons(int)].JML normal_behavior operation contract.0 
101159     DEBUG main            d.u.i.k.p.i.IntermediateProofReplayer Proof replay took 6.3ns 
103366     INFO  main            d.u.i.k.p.r.p.TestFile    ... finished proof: closed. 
103583     INFO  main            d.u.i.k.p.i.AbstractProblemLoader Loading environment from /home/runner/work/key/key/key.core/../key.ui/examples/heap/vstte10_05_Queue/LinkedList_cons.key.proof 
103583     DEBUG main            d.u.i.k.p.i.AbstractProblemLoader Environment load took 121.5ns 
103584     INFO  main            d.u.i.k.p.i.AbstractProblemLoader Creating init config 
106210     DEBUG main            d.u.i.k.p.i.AbstractProblemLoader Init config took 2.63s 
106253     INFO  main            d.u.i.k.p.i.AbstractProblemLoader Replaying proof LinkedList[LinkedList::cons(int)].JML normal_behavior operation contract.0 
106423     DEBUG main            d.u.i.k.p.i.IntermediateProofReplayer Proof replay took 159.33ms 
106424     DEBUG main            d.u.i.k.p.r.p.TestFile    ... success: reloaded. 
106425     INFO  main            d.u.i.k.p.r.p.TestFile    Now processing file /home/runner/work/key/key/key.core/../key.ui/examples/heap/vstte10_05_Queue/LinkedList_head.key 
106425     INFO  main            d.u.i.k.p.i.AbstractProblemLoader Loading environment from /home/runner/work/key/key/key.core/../key.ui/examples/heap/vstte10_05_Queue/LinkedList_head.key 
106426     DEBUG main            d.u.i.k.p.i.AbstractProblemLoader Environment load took 188ns 
106427     INFO  main            d.u.i.k.p.i.AbstractProblemLoader Creating init config 
109095     DEBUG main            d.u.i.k.p.i.AbstractProblemLoader Init config took 2.67s 
109137     INFO  main            d.u.i.k.p.i.AbstractProblemLoader Replaying proof LinkedList[LinkedList::head()].JML normal_behavior operation contract.0 
109138     DEBUG main            d.u.i.k.p.i.IntermediateProofReplayer Proof replay took 5.7ns 
109242     INFO  main            d.u.i.k.p.r.p.TestFile    ... finished proof: closed. 
109432     INFO  main            d.u.i.k.p.i.AbstractProblemLoader Loading environment from /home/runner/work/key/key/key.core/../key.ui/examples/heap/vstte10_05_Queue/LinkedList_head.key.proof 
109432     DEBUG main            d.u.i.k.p.i.AbstractProblemLoader Environment load took 156.5ns 
109433     INFO  main            d.u.i.k.p.i.AbstractProblemLoader Creating init config 
112078     DEBUG main            d.u.i.k.p.i.AbstractProblemLoader Init config took 2.64s 
112119     INFO  main            d.u.i.k.p.i.AbstractProblemLoader Replaying proof LinkedList[LinkedList::head()].JML normal_behavior operation contract.0 
112131     DEBUG main            d.u.i.k.p.i.IntermediateProofReplayer Proof replay took 10.61ms 
112134     DEBUG main            d.u.i.k.p.r.p.TestFile    ... success: reloaded. 
112135     INFO  main            d.u.i.k.p.r.p.TestFile    Now processing file /home/runner/work/key/key/key.core/../key.ui/examples/heap/vstte10_05_Queue/LinkedList_inv.key 
112135     INFO  main            d.u.i.k.p.i.AbstractProblemLoader Loading environment from /home/runner/work/key/key/key.core/../key.ui/examples/heap/vstte10_05_Queue/LinkedList_inv.key 
112135     DEBUG main            d.u.i.k.p.i.AbstractProblemLoader Environment load took 227.6ns 
112137     INFO  main            d.u.i.k.p.i.AbstractProblemLoader Creating init config 
114957     DEBUG main            d.u.i.k.p.i.AbstractProblemLoader Init config took 2.82s 
115009     INFO  main            d.u.i.k.p.i.AbstractProblemLoader Replaying proof LinkedList[java.lang.Object::<inv>()].JML accessible clause.0 
115010     DEBUG main            d.u.i.k.p.i.IntermediateProofReplayer Proof replay took 5.7ns 
115313     INFO  main            d.u.i.k.p.r.p.TestFile    ... finished proof: closed. 
115528     INFO  main            d.u.i.k.p.i.AbstractProblemLoader Loading environment from /home/runner/work/key/key/key.core/../key.ui/examples/heap/vstte10_05_Queue/LinkedList_inv.key.proof 
115529     DEBUG main            d.u.i.k.p.i.AbstractProblemLoader Environment load took 104.9ns 
115530     INFO  main            d.u.i.k.p.i.AbstractProblemLoader Creating init config 
118138     DEBUG main            d.u.i.k.p.i.AbstractProblemLoader Init config took 2.61s 
118179     INFO  main            d.u.i.k.p.i.AbstractProblemLoader Replaying proof LinkedList[java.lang.Object::<inv>()].JML accessible clause.0 
118209     DEBUG main            d.u.i.k.p.i.IntermediateProofReplayer Proof replay took 28.22ms 
118210     DEBUG main            d.u.i.k.p.r.p.TestFile    ... success: reloaded. 
118211     INFO  main            d.u.i.k.p.r.p.TestFile    Now processing file /home/runner/work/key/key/key.core/../key.ui/examples/heap/vstte10_05_Queue/LinkedList_length.key 
118211     INFO  main            d.u.i.k.p.i.AbstractProblemLoader Loading environment from /home/runner/work/key/key/key.core/../key.ui/examples/heap/vstte10_05_Queue/LinkedList_length.key 
118211     DEBUG main            d.u.i.k.p.i.AbstractProblemLoader Environment load took 77.8ns 
118212     INFO  main            d.u.i.k.p.i.AbstractProblemLoader Creating init config 
120857     DEBUG main            d.u.i.k.p.i.AbstractProblemLoader Init config took 2.65s 
120899     INFO  main            d.u.i.k.p.i.AbstractProblemLoader Replaying proof LinkedList[LinkedList::length()].JML normal_behavior operation contract.0 
120900     DEBUG main            d.u.i.k.p.i.IntermediateProofReplayer Proof replay took 5.6ns 
121102     INFO  main            d.u.i.k.p.r.p.TestFile    ... finished proof: closed. 
121290     INFO  main            d.u.i.k.p.i.AbstractProblemLoader Loading environment from /home/runner/work/key/key/key.core/../key.ui/examples/heap/vstte10_05_Queue/LinkedList_length.key.proof 
121290     DEBUG main            d.u.i.k.p.i.AbstractProblemLoader Environment load took 100.2ns 
121291     INFO  main            d.u.i.k.p.i.AbstractProblemLoader Creating init config 
123912     DEBUG main            d.u.i.k.p.i.AbstractProblemLoader Init config took 2.62s 
123954     INFO  main            d.u.i.k.p.i.AbstractProblemLoader Replaying proof LinkedList[LinkedList::length()].JML normal_behavior operation contract.0 
123968     DEBUG main            d.u.i.k.p.i.IntermediateProofReplayer Proof replay took 12.77ms 
123969     DEBUG main            d.u.i.k.p.r.p.TestFile    ... success: reloaded. 
123972     INFO  main            d.u.i.k.p.r.p.TestFile    Now processing file /home/runner/work/key/key/key.core/../key.ui/examples/heap/vstte10_05_Queue/LinkedList_LinkedList1.key 
123972     INFO  main            d.u.i.k.p.i.AbstractProblemLoader Loading environment from /home/runner/work/key/key/key.core/../key.ui/examples/heap/vstte10_05_Queue/LinkedList_LinkedList1.key 
123972     DEBUG main            d.u.i.k.p.i.AbstractProblemLoader Environment load took 86.2ns 
123973     INFO  main            d.u.i.k.p.i.AbstractProblemLoader Creating init config 
126639     DEBUG main            d.u.i.k.p.i.AbstractProblemLoader Init config took 2.67s 
126700     INFO  main            d.u.i.k.p.i.AbstractProblemLoader Replaying proof LinkedList[LinkedList::LinkedList(int,LinkedList)].JML normal_behavior operation contract.0 
126702     DEBUG main            d.u.i.k.p.i.IntermediateProofReplayer Proof replay took 6ns 
128417     INFO  main            d.u.i.k.p.r.p.TestFile    ... finished proof: closed. 
128660     INFO  main            d.u.i.k.p.i.AbstractProblemLoader Loading environment from /home/runner/work/key/key/key.core/../key.ui/examples/heap/vstte10_05_Queue/LinkedList_LinkedList1.key.proof 
128664     DEBUG main            d.u.i.k.p.i.AbstractProblemLoader Environment load took 3.88ms 
128665     INFO  main            d.u.i.k.p.i.AbstractProblemLoader Creating init config 
131258     DEBUG main            d.u.i.k.p.i.AbstractProblemLoader Init config took 2.59s 
131304     INFO  main            d.u.i.k.p.i.AbstractProblemLoader Replaying proof LinkedList[LinkedList::LinkedList(int,LinkedList)].JML normal_behavior operation contract.0 
131458     DEBUG main            d.u.i.k.p.i.IntermediateProofReplayer Proof replay took 147.82ms 
131459     DEBUG main            d.u.i.k.p.r.p.TestFile    ... success: reloaded. 
131460     INFO  main            d.u.i.k.p.r.p.TestFile    Now processing file /home/runner/work/key/key/key.core/../key.ui/examples/heap/vstte10_05_Queue/LinkedList_LinkedList2.key 
131461     INFO  main            d.u.i.k.p.i.AbstractProblemLoader Loading environment from /home/runner/work/key/key/key.core/../key.ui/examples/heap/vstte10_05_Queue/LinkedList_LinkedList2.key 
131461     DEBUG main            d.u.i.k.p.i.AbstractProblemLoader Environment load took 83.9ns 
131461     INFO  main            d.u.i.k.p.i.AbstractProblemLoader Creating init config 
134135     DEBUG main            d.u.i.k.p.i.AbstractProblemLoader Init config took 2.67s 
134177     INFO  main            d.u.i.k.p.i.AbstractProblemLoader Replaying proof LinkedList[LinkedList::LinkedList(int,LinkedList)].JML normal_behavior operation contract.0 
134178     DEBUG main            d.u.i.k.p.i.IntermediateProofReplayer Proof replay took 6.3ns 
135883     INFO  main            d.u.i.k.p.r.p.TestFile    ... finished proof: closed. 
136129     INFO  main            d.u.i.k.p.i.AbstractProblemLoader Loading environment from /home/runner/work/key/key/key.core/../key.ui/examples/heap/vstte10_05_Queue/LinkedList_LinkedList2.key.proof 
136129     DEBUG main            d.u.i.k.p.i.AbstractProblemLoader Environment load took 128ns 
136132     INFO  main            d.u.i.k.p.i.AbstractProblemLoader Creating init config 
138761     DEBUG main            d.u.i.k.p.i.AbstractProblemLoader Init config took 2.63s 
138804     INFO  main            d.u.i.k.p.i.AbstractProblemLoader Replaying proof LinkedList[LinkedList::LinkedList(int,LinkedList)].JML normal_behavior operation contract.0 
138973     DEBUG main            d.u.i.k.p.i.IntermediateProofReplayer Proof replay took 162.21ms 
138974     DEBUG main            d.u.i.k.p.r.p.TestFile    ... success: reloaded. 
138975     INFO  main            d.u.i.k.p.r.p.TestFile    Now processing file /home/runner/work/key/key/key.core/../key.ui/examples/heap/vstte10_05_Queue/LinkedList_LinkedList3.key 
138975     INFO  main            d.u.i.k.p.i.AbstractProblemLoader Loading environment from /home/runner/work/key/key/key.core/../key.ui/examples/heap/vstte10_05_Queue/LinkedList_LinkedList3.key 
138975     DEBUG main            d.u.i.k.p.i.AbstractProblemLoader Environment load took 56.8ns 
138976     INFO  main            d.u.i.k.p.i.AbstractProblemLoader Creating init config 
141637     DEBUG main            d.u.i.k.p.i.AbstractProblemLoader Init config took 2.66s 
141679     INFO  main            d.u.i.k.p.i.AbstractProblemLoader Replaying proof LinkedList[LinkedList::LinkedList(int,LinkedList)].JML normal_behavior operation contract.0 
141680     DEBUG main            d.u.i.k.p.i.IntermediateProofReplayer Proof replay took 6.3ns 
148943     INFO  main            d.u.i.k.p.r.p.TestFile    ... finished proof: closed. 
149219     INFO  main            d.u.i.k.p.i.AbstractProblemLoader Loading environment from /home/runner/work/key/key/key.core/../key.ui/examples/heap/vstte10_05_Queue/LinkedList_LinkedList3.key.proof 
149219     DEBUG main            d.u.i.k.p.i.AbstractProblemLoader Environment load took 409.8ns 
149223     INFO  main            d.u.i.k.p.i.AbstractProblemLoader Creating init config 
151844     DEBUG main            d.u.i.k.p.i.AbstractProblemLoader Init config took 2.62s 
151897     INFO  main            d.u.i.k.p.i.AbstractProblemLoader Replaying proof LinkedList[LinkedList::LinkedList(int,LinkedList)].JML normal_behavior operation contract.0 
152368     DEBUG main            d.u.i.k.p.i.IntermediateProofReplayer Proof replay took 419.82ms 
152371     DEBUG main            d.u.i.k.p.r.p.TestFile    ... success: reloaded. 
152372     INFO  main            d.u.i.k.p.r.p.TestFile    Now processing file /home/runner/work/key/key/key.core/../key.ui/examples/heap/vstte10_05_Queue/LinkedList_reverse.key 
152373     INFO  main            d.u.i.k.p.i.AbstractProblemLoader Loading environment from /home/runner/work/key/key/key.core/../key.ui/examples/heap/vstte10_05_Queue/LinkedList_reverse.key 
152373     DEBUG main            d.u.i.k.p.i.AbstractProblemLoader Environment load took 227.6ns 
152374     INFO  main            d.u.i.k.p.i.AbstractProblemLoader Creating init config 
155105     DEBUG main            d.u.i.k.p.i.AbstractProblemLoader Init config took 2.73s 
155147     INFO  main            d.u.i.k.p.i.AbstractProblemLoader Replaying proof LinkedList[LinkedList::reverse()].JML normal_behavior operation contract.0 
155148     DEBUG main            d.u.i.k.p.i.IntermediateProofReplayer Proof replay took 6.4ns 
163612     INFO  main            d.u.i.k.p.r.p.TestFile    ... finished proof: closed. 
163891     INFO  main            d.u.i.k.p.i.AbstractProblemLoader Loading environment from /home/runner/work/key/key/key.core/../key.ui/examples/heap/vstte10_05_Queue/LinkedList_reverse.key.proof 
163892     DEBUG main            d.u.i.k.p.i.AbstractProblemLoader Environment load took 518.7ns 
163898     INFO  main            d.u.i.k.p.i.AbstractProblemLoader Creating init config 
166515     DEBUG main            d.u.i.k.p.i.AbstractProblemLoader Init config took 2.62s 
166557     INFO  main            d.u.i.k.p.i.AbstractProblemLoader Replaying proof LinkedList[LinkedList::reverse()].JML normal_behavior operation contract.0 
167041     DEBUG main            d.u.i.k.p.i.IntermediateProofReplayer Proof replay took 454.89ms 
167043     DEBUG main            d.u.i.k.p.r.p.TestFile    ... success: reloaded. 
167044     INFO  main            d.u.i.k.p.r.p.TestFile    Now processing file /home/runner/work/key/key/key.core/../key.ui/examples/heap/vstte10_05_Queue/LinkedList_tail.key 
167045     INFO  main            d.u.i.k.p.i.AbstractProblemLoader Loading environment from /home/runner/work/key/key/key.core/../key.ui/examples/heap/vstte10_05_Queue/LinkedList_tail.key 
167045     DEBUG main            d.u.i.k.p.i.AbstractProblemLoader Environment load took 90.8ns 
167045     INFO  main            d.u.i.k.p.i.AbstractProblemLoader Creating init config 
169738     DEBUG main            d.u.i.k.p.i.AbstractProblemLoader Init config took 2.69s 
169779     INFO  main            d.u.i.k.p.i.AbstractProblemLoader Replaying proof LinkedList[LinkedList::tail()].JML normal_behavior operation contract.0 
169780     DEBUG main            d.u.i.k.p.i.IntermediateProofReplayer Proof replay took 5.8ns 
170283     INFO  main            d.u.i.k.p.r.p.TestFile    ... finished proof: closed. 
170520     INFO  main            d.u.i.k.p.i.AbstractProblemLoader Loading environment from /home/runner/work/key/key/key.core/../key.ui/examples/heap/vstte10_05_Queue/LinkedList_tail.key.proof 
170520     DEBUG main            d.u.i.k.p.i.AbstractProblemLoader Environment load took 96ns 
170521     INFO  main            d.u.i.k.p.i.AbstractProblemLoader Creating init config 
173132     DEBUG main            d.u.i.k.p.i.AbstractProblemLoader Init config took 2.61s 
173174     INFO  main            d.u.i.k.p.i.AbstractProblemLoader Replaying proof LinkedList[LinkedList::tail()].JML normal_behavior operation contract.0 
173244     DEBUG main            d.u.i.k.p.i.IntermediateProofReplayer Proof replay took 66.56ms 
173245     DEBUG main            d.u.i.k.p.r.p.TestFile    ... success: reloaded. 
2320513    INFO  Test worker     d.u.i.k.p.r.RunAllProofsTestUnit Returning from test VSTTE10 
2320514    INFO  Test worker     d.u.i.k.p.r.RunAllProofsTestUnit Running test WeideEtAl 
344        INFO  Timeout watchdog d.u.i.k.p.r.p.ForkedTestFileRunner Timeout watcher launched (2000 secs.) 
358        WARN  main            d.u.i.k.s.ProofSettings   The settings in /home/runner/.key/proof-settings.props are *not* read. 
386        INFO  main            d.u.i.k.p.r.p.TestFile    Now processing file /home/runner/work/key/key/key.core/../key.ui/examples/heap/WeideEtAl_01_AddAndMultiply/AddAndMultiply_add.key 
532        INFO  main            d.u.i.k.p.i.AbstractProblemLoader Loading environment from /home/runner/work/key/key/key.core/../key.ui/examples/heap/WeideEtAl_01_AddAndMultiply/AddAndMultiply_add.key 
549        DEBUG main            d.u.i.k.p.i.AbstractProblemLoader Environment load took 1.98ms 
760        INFO  main            d.u.i.k.p.i.AbstractProblemLoader Creating init config 
1667       DEBUG main            d.u.i.k.j.TypeConverter   No LDT found for Meta 
1673       DEBUG main            d.u.i.k.j.TypeConverter   No LDT found for Meta 
1674       DEBUG main            d.u.i.k.j.TypeConverter   No LDT found for Meta 
1675       DEBUG main            d.u.i.k.j.TypeConverter   No LDT found for Meta 
2931       DEBUG main            d.u.i.k.j.TypeConverter   No LDT found for JavaBigintExpression 
7801       DEBUG main            d.u.i.k.p.i.AbstractProblemLoader Init config took 7.04s 
7944       INFO  main            d.u.i.k.p.i.AbstractProblemLoader Replaying proof AddAndMultiply[AddAndMultiply::add(int,int)].JML normal_behavior operation contract.0 
8013       DEBUG main            d.u.i.k.p.i.IntermediateProofReplayer Proof replay took 31.4ns 
9752       INFO  main            d.u.i.k.p.r.p.TestFile    ... finished proof: closed. 
9882       INFO  main            d.u.i.k.p.i.AbstractProblemLoader Loading environment from /home/runner/work/key/key/key.core/../key.ui/examples/heap/WeideEtAl_01_AddAndMultiply/AddAndMultiply_add.key.proof 
9883       DEBUG main            d.u.i.k.p.i.AbstractProblemLoader Environment load took 1.63ms 
9889       INFO  main            d.u.i.k.p.i.AbstractProblemLoader Creating init config 
12600      DEBUG main            d.u.i.k.p.i.AbstractProblemLoader Init config took 2.71s 
12666      INFO  main            d.u.i.k.p.i.AbstractProblemLoader Replaying proof AddAndMultiply[AddAndMultiply::add(int,int)].JML normal_behavior operation contract.0 
12867      DEBUG main            d.u.i.k.p.i.IntermediateProofReplayer Proof replay took 183.4ms 
12877      DEBUG main            d.u.i.k.p.r.p.TestFile    ... success: reloaded. 
12881      INFO  main            d.u.i.k.p.r.p.TestFile    Now processing file /home/runner/work/key/key/key.core/../key.ui/examples/heap/WeideEtAl_01_AddAndMultiply/AddAndMultiply_mul.key 
12882      INFO  main            d.u.i.k.p.i.AbstractProblemLoader Loading environment from /home/runner/work/key/key/key.core/../key.ui/examples/heap/WeideEtAl_01_AddAndMultiply/AddAndMultiply_mul.key 
12882      DEBUG main            d.u.i.k.p.i.AbstractProblemLoader Environment load took 118.5ns 
12884      INFO  main            d.u.i.k.p.i.AbstractProblemLoader Creating init config 
15546      DEBUG main            d.u.i.k.p.i.AbstractProblemLoader Init config took 2.66s 
15601      INFO  main            d.u.i.k.p.i.AbstractProblemLoader Replaying proof AddAndMultiply[AddAndMultiply::mul(int,int)].JML normal_behavior operation contract.0 
15604      DEBUG main            d.u.i.k.p.i.IntermediateProofReplayer Proof replay took 6.6ns 
16011      INFO  main            d.u.i.k.p.r.p.TestFile    ... finished proof: closed. 
16155      INFO  main            d.u.i.k.p.i.AbstractProblemLoader Loading environment from /home/runner/work/key/key/key.core/../key.ui/examples/heap/WeideEtAl_01_AddAndMultiply/AddAndMultiply_mul.key.proof 
16156      DEBUG main            d.u.i.k.p.i.AbstractProblemLoader Environment load took 210.7ns 
16157      INFO  main            d.u.i.k.p.i.AbstractProblemLoader Creating init config 
18666      DEBUG main            d.u.i.k.p.i.AbstractProblemLoader Init config took 2.51s 
18714      INFO  main            d.u.i.k.p.i.AbstractProblemLoader Replaying proof AddAndMultiply[AddAndMultiply::mul(int,int)].JML normal_behavior operation contract.0 
18798      DEBUG main            d.u.i.k.p.i.IntermediateProofReplayer Proof replay took 79.31ms 
18799      DEBUG main            d.u.i.k.p.r.p.TestFile    ... success: reloaded. 
18802      INFO  main            d.u.i.k.p.r.p.TestFile    Now processing file /home/runner/work/key/key/key.core/../key.ui/examples/heap/WeideEtAl_02_BinarySearch/BinarySearch_search.key 
18802      INFO  main            d.u.i.k.p.i.AbstractProblemLoader Loading environment from /home/runner/work/key/key/key.core/../key.ui/examples/heap/WeideEtAl_02_BinarySearch/BinarySearch_search.key 
18802      DEBUG main            d.u.i.k.p.i.AbstractProblemLoader Environment load took 221.3ns 
18803      INFO  main            d.u.i.k.p.i.AbstractProblemLoader Creating init config 
21377      DEBUG main            d.u.i.k.p.i.AbstractProblemLoader Init config took 2.57s 
21422      INFO  main            d.u.i.k.p.i.AbstractProblemLoader Replaying proof BinarySearch[BinarySearch::search([I,int)].JML normal_behavior operation contract.0 
21426      DEBUG main            d.u.i.k.p.i.IntermediateProofReplayer Proof replay took 5.5ns 
24430      INFO  main            d.u.i.k.p.r.p.TestFile    ... finished proof: closed. 
24610      INFO  main            d.u.i.k.p.i.AbstractProblemLoader Loading environment from /home/runner/work/key/key/key.core/../key.ui/examples/heap/WeideEtAl_02_BinarySearch/BinarySearch_search.key.proof 
24615      DEBUG main            d.u.i.k.p.i.AbstractProblemLoader Environment load took 4.32ms 
24616      INFO  main            d.u.i.k.p.i.AbstractProblemLoader Creating init config 
27147      DEBUG main            d.u.i.k.p.i.AbstractProblemLoader Init config took 2.53s 
27190      INFO  main            d.u.i.k.p.i.AbstractProblemLoader Replaying proof BinarySearch[BinarySearch::search([I,int)].JML normal_behavior operation contract.0 
27549      DEBUG main            d.u.i.k.p.i.IntermediateProofReplayer Proof replay took 341.01ms 
27551      DEBUG main            d.u.i.k.p.r.p.TestFile    ... success: reloaded. 
2348241    INFO  Test worker     d.u.i.k.p.r.RunAllProofsTestUnit Returning from test WeideEtAl 
2348242    INFO  Test worker     d.u.i.k.p.r.RunAllProofsTestUnit Running test arithmetic 
354        INFO  Timeout watchdog d.u.i.k.p.r.p.ForkedTestFileRunner Timeout watcher launched (2000 secs.) 
367        WARN  main            d.u.i.k.s.ProofSettings   The settings in /home/runner/.key/proof-settings.props are *not* read. 
410        INFO  main            d.u.i.k.p.r.p.TestFile    Now processing file /home/runner/work/key/key/key.core/../key.ui/examples/standard_key/arith/binomial1.key 
552        INFO  main            d.u.i.k.p.i.AbstractProblemLoader Loading environment from /home/runner/work/key/key/key.core/../key.ui/examples/standard_key/arith/binomial1.key 
569        DEBUG main            d.u.i.k.p.i.AbstractProblemLoader Environment load took 1.96ms 
806        INFO  main            d.u.i.k.p.i.AbstractProblemLoader Creating init config 
1698       DEBUG main            d.u.i.k.j.TypeConverter   No LDT found for Meta 
1699       DEBUG main            d.u.i.k.j.TypeConverter   No LDT found for Meta 
1700       DEBUG main            d.u.i.k.j.TypeConverter   No LDT found for Meta 
1701       DEBUG main            d.u.i.k.j.TypeConverter   No LDT found for Meta 
3025       DEBUG main            d.u.i.k.j.TypeConverter   No LDT found for JavaBigintExpression 
7483       DEBUG main            d.u.i.k.p.i.AbstractProblemLoader Init config took 6.68s 
7542       INFO  main            d.u.i.k.p.i.AbstractProblemLoader Replaying proof binomial1.key 
7577       DEBUG main            d.u.i.k.p.i.IntermediateProofReplayer Proof replay took 33.7ns 
7838       INFO  main            d.u.i.k.p.r.p.TestFile    ... finished proof: closed. 
8005       INFO  main            d.u.i.k.p.i.AbstractProblemLoader Loading environment from /home/runner/work/key/key/key.core/../key.ui/examples/standard_key/arith/binomial1.key.proof 
8005       DEBUG main            d.u.i.k.p.i.AbstractProblemLoader Environment load took 820.9ns 
8010       INFO  main            d.u.i.k.p.i.AbstractProblemLoader Creating init config 
10620      DEBUG main            d.u.i.k.p.i.AbstractProblemLoader Init config took 2.61s 
10665      INFO  main            d.u.i.k.p.i.AbstractProblemLoader Replaying proof binomial1.key.proof 
10680      DEBUG main            d.u.i.k.p.i.IntermediateProofReplayer Proof replay took 11.17ms 
10690      DEBUG main            d.u.i.k.p.r.p.TestFile    ... success: reloaded. 
10691      INFO  main            d.u.i.k.p.r.p.TestFile    Now processing file /home/runner/work/key/key/key.core/../key.ui/examples/standard_key/arith/binomial2.key 
10691      INFO  main            d.u.i.k.p.i.AbstractProblemLoader Loading environment from /home/runner/work/key/key/key.core/../key.ui/examples/standard_key/arith/binomial2.key 
10692      DEBUG main            d.u.i.k.p.i.AbstractProblemLoader Environment load took 213.9ns 
10693      INFO  main            d.u.i.k.p.i.AbstractProblemLoader Creating init config 
13139      DEBUG main            d.u.i.k.p.i.AbstractProblemLoader Init config took 2.45s 
13168      INFO  main            d.u.i.k.p.i.AbstractProblemLoader Replaying proof binomial2.key 
13171      DEBUG main            d.u.i.k.p.i.IntermediateProofReplayer Proof replay took 5.5ns 
13273      INFO  main            d.u.i.k.p.r.p.TestFile    ... finished proof: closed. 
13388      INFO  main            d.u.i.k.p.i.AbstractProblemLoader Loading environment from /home/runner/work/key/key/key.core/../key.ui/examples/standard_key/arith/binomial2.key.proof 
13388      DEBUG main            d.u.i.k.p.i.AbstractProblemLoader Environment load took 127.9ns 
13391      INFO  main            d.u.i.k.p.i.AbstractProblemLoader Creating init config 
15779      DEBUG main            d.u.i.k.p.i.AbstractProblemLoader Init config took 2.39s 
15803      INFO  main            d.u.i.k.p.i.AbstractProblemLoader Replaying proof binomial2.key.proof 
15812      DEBUG main            d.u.i.k.p.i.IntermediateProofReplayer Proof replay took 6.4ms 
15813      DEBUG main            d.u.i.k.p.r.p.TestFile    ... success: reloaded. 
15814      INFO  main            d.u.i.k.p.r.p.TestFile    Now processing file /home/runner/work/key/key/key.core/../key.ui/examples/standard_key/arith/check_jdiv.key 
15815      INFO  main            d.u.i.k.p.i.AbstractProblemLoader Loading environment from /home/runner/work/key/key/key.core/../key.ui/examples/standard_key/arith/check_jdiv.key 
15815      DEBUG main            d.u.i.k.p.i.AbstractProblemLoader Environment load took 112.8ns 
15816      INFO  main            d.u.i.k.p.i.AbstractProblemLoader Creating init config 
18166      DEBUG main            d.u.i.k.p.i.AbstractProblemLoader Init config took 2.35s 
18187      INFO  main            d.u.i.k.p.i.AbstractProblemLoader Replaying proof check_jdiv.key 
18191      DEBUG main            d.u.i.k.p.i.IntermediateProofReplayer Proof replay took 6.8ns 
23234      INFO  main            d.u.i.k.p.r.p.TestFile    ... finished proof: closed. 
23432      INFO  main            d.u.i.k.p.i.AbstractProblemLoader Loading environment from /home/runner/work/key/key/key.core/../key.ui/examples/standard_key/arith/check_jdiv.key.proof 
23434      DEBUG main            d.u.i.k.p.i.AbstractProblemLoader Environment load took 1.66ms 
23438      INFO  main            d.u.i.k.p.i.AbstractProblemLoader Creating init config 
25805      DEBUG main            d.u.i.k.p.i.AbstractProblemLoader Init config took 2.37s 
25825      INFO  main            d.u.i.k.p.i.AbstractProblemLoader Replaying proof check_jdiv.key.proof 
26088      DEBUG main            d.u.i.k.p.i.IntermediateProofReplayer Proof replay took 226.69ms 
26090      DEBUG main            d.u.i.k.p.r.p.TestFile    ... success: reloaded. 
26091      INFO  main            d.u.i.k.p.r.p.TestFile    Now processing file /home/runner/work/key/key/key.core/../key.ui/examples/standard_key/arith/check_jdiv_concrete.key 
26092      INFO  main            d.u.i.k.p.i.AbstractProblemLoader Loading environment from /home/runner/work/key/key/key.core/../key.ui/examples/standard_key/arith/check_jdiv_concrete.key 
26092      DEBUG main            d.u.i.k.p.i.AbstractProblemLoader Environment load took 200.1ns 
26093      INFO  main            d.u.i.k.p.i.AbstractProblemLoader Creating init config 
28440      DEBUG main            d.u.i.k.p.i.AbstractProblemLoader Init config took 2.35s 
28459      INFO  main            d.u.i.k.p.i.AbstractProblemLoader Replaying proof check_jdiv_concrete.key 
28461      DEBUG main            d.u.i.k.p.i.IntermediateProofReplayer Proof replay took 6.3ns 
28568      INFO  main            d.u.i.k.p.r.p.TestFile    ... finished proof: closed. 
28760      INFO  main            d.u.i.k.p.i.AbstractProblemLoader Loading environment from /home/runner/work/key/key/key.core/../key.ui/examples/standard_key/arith/check_jdiv_concrete.key.proof 
28760      DEBUG main            d.u.i.k.p.i.AbstractProblemLoader Environment load took 113.3ns 
28761      INFO  main            d.u.i.k.p.i.AbstractProblemLoader Creating init config 
31092      DEBUG main            d.u.i.k.p.i.AbstractProblemLoader Init config took 2.33s 
31111      INFO  main            d.u.i.k.p.i.AbstractProblemLoader Replaying proof check_jdiv_concrete.key.proof 
31115      DEBUG main            d.u.i.k.p.i.IntermediateProofReplayer Proof replay took 2.2ms 
31116      DEBUG main            d.u.i.k.p.r.p.TestFile    ... success: reloaded. 
31117      INFO  main            d.u.i.k.p.r.p.TestFile    Now processing file /home/runner/work/key/key/key.core/../key.ui/examples/standard_key/arith/check_jdiv_instantiated.key 
31118      INFO  main            d.u.i.k.p.i.AbstractProblemLoader Loading environment from /home/runner/work/key/key/key.core/../key.ui/examples/standard_key/arith/check_jdiv_instantiated.key 
31118      DEBUG main            d.u.i.k.p.i.AbstractProblemLoader Environment load took 206.3ns 
31120      INFO  main            d.u.i.k.p.i.AbstractProblemLoader Creating init config 
33473      DEBUG main            d.u.i.k.p.i.AbstractProblemLoader Init config took 2.35s 
33493      INFO  main            d.u.i.k.p.i.AbstractProblemLoader Replaying proof check_jdiv_instantiated.key 
33495      DEBUG main            d.u.i.k.p.i.IntermediateProofReplayer Proof replay took 5.7ns 
36729      INFO  main            d.u.i.k.p.r.p.TestFile    ... finished proof: closed. 
36950      INFO  main            d.u.i.k.p.i.AbstractProblemLoader Loading environment from /home/runner/work/key/key/key.core/../key.ui/examples/standard_key/arith/check_jdiv_instantiated.key.proof 
36951      DEBUG main            d.u.i.k.p.i.AbstractProblemLoader Environment load took 388.3ns 
36953      INFO  main            d.u.i.k.p.i.AbstractProblemLoader Creating init config 
39302      DEBUG main            d.u.i.k.p.i.AbstractProblemLoader Init config took 2.35s 
39325      INFO  main            d.u.i.k.p.i.AbstractProblemLoader Replaying proof check_jdiv_instantiated.key.proof 
39479      DEBUG main            d.u.i.k.p.i.IntermediateProofReplayer Proof replay took 125.74ms 
39481      DEBUG main            d.u.i.k.p.r.p.TestFile    ... success: reloaded. 
39483      INFO  main            d.u.i.k.p.r.p.TestFile    Now processing file /home/runner/work/key/key/key.core/../key.ui/examples/standard_key/arith/check_jmod.key 
39483      INFO  main            d.u.i.k.p.i.AbstractProblemLoader Loading environment from /home/runner/work/key/key/key.core/../key.ui/examples/standard_key/arith/check_jmod.key 
39483      DEBUG main            d.u.i.k.p.i.AbstractProblemLoader Environment load took 203.2ns 
39485      INFO  main            d.u.i.k.p.i.AbstractProblemLoader Creating init config 
41769      DEBUG main            d.u.i.k.p.i.AbstractProblemLoader Init config took 2.28s 
41786      INFO  main            d.u.i.k.p.i.AbstractProblemLoader Replaying proof check_jmod.key 
41789      DEBUG main            d.u.i.k.p.i.IntermediateProofReplayer Proof replay took 7ns 
42293      INFO  main            d.u.i.k.p.r.p.TestFile    ... finished proof: closed. 
42526      INFO  main            d.u.i.k.p.i.AbstractProblemLoader Loading environment from /home/runner/work/key/key/key.core/../key.ui/examples/standard_key/arith/check_jmod.key.proof 
42526      DEBUG main            d.u.i.k.p.i.AbstractProblemLoader Environment load took 398.7ns 
42527      INFO  main            d.u.i.k.p.i.AbstractProblemLoader Creating init config 
44828      DEBUG main            d.u.i.k.p.i.AbstractProblemLoader Init config took 2.3s 
44846      INFO  main            d.u.i.k.p.i.AbstractProblemLoader Replaying proof check_jmod.key.proof 
44875      DEBUG main            d.u.i.k.p.i.IntermediateProofReplayer Proof replay took 23.02ms 
44876      DEBUG main            d.u.i.k.p.r.p.TestFile    ... success: reloaded. 
44877      INFO  main            d.u.i.k.p.r.p.TestFile    Now processing file /home/runner/work/key/key/key.core/../key.ui/examples/standard_key/arith/complexExpressions.key 
44878      INFO  main            d.u.i.k.p.i.AbstractProblemLoader Loading environment from /home/runner/work/key/key/key.core/../key.ui/examples/standard_key/arith/complexExpressions.key 
44878      DEBUG main            d.u.i.k.p.i.AbstractProblemLoader Environment load took 191.4ns 
44879      INFO  main            d.u.i.k.p.i.AbstractProblemLoader Creating init config 
47147      DEBUG main            d.u.i.k.p.i.AbstractProblemLoader Init config took 2.27s 
47168      INFO  main            d.u.i.k.p.i.AbstractProblemLoader Replaying proof complexExpressions.key 
47170      DEBUG main            d.u.i.k.p.i.IntermediateProofReplayer Proof replay took 6.9ns 
47380      INFO  main            d.u.i.k.p.r.p.TestFile    ... finished proof: closed. 
47622      INFO  main            d.u.i.k.p.i.AbstractProblemLoader Loading environment from /home/runner/work/key/key/key.core/../key.ui/examples/standard_key/arith/complexExpressions.key.proof 
47622      DEBUG main            d.u.i.k.p.i.AbstractProblemLoader Environment load took 109.8ns 
47624      INFO  main            d.u.i.k.p.i.AbstractProblemLoader Creating init config 
49932      DEBUG main            d.u.i.k.p.i.AbstractProblemLoader Init config took 2.31s 
49952      INFO  main            d.u.i.k.p.i.AbstractProblemLoader Replaying proof complexExpressions.key.proof 
49960      DEBUG main            d.u.i.k.p.i.IntermediateProofReplayer Proof replay took 6.24ms 
49961      DEBUG main            d.u.i.k.p.r.p.TestFile    ... success: reloaded. 
49962      INFO  main            d.u.i.k.p.r.p.TestFile    Now processing file /home/runner/work/key/key/key.core/../key.ui/examples/standard_key/arith/compound_unaryMinus.key 
49962      INFO  main            d.u.i.k.p.i.AbstractProblemLoader Loading environment from /home/runner/work/key/key/key.core/../key.ui/examples/standard_key/arith/compound_unaryMinus.key 
49963      DEBUG main            d.u.i.k.p.i.AbstractProblemLoader Environment load took 185.4ns 
49964      INFO  main            d.u.i.k.p.i.AbstractProblemLoader Creating init config 
52208      DEBUG main            d.u.i.k.p.i.AbstractProblemLoader Init config took 2.24s 
52228      INFO  main            d.u.i.k.p.i.AbstractProblemLoader Replaying proof compound_unaryMinus.key 
52229      DEBUG main            d.u.i.k.p.i.IntermediateProofReplayer Proof replay took 6.8ns 
52332      INFO  main            d.u.i.k.p.r.p.TestFile    ... finished proof: closed. 
52484      INFO  main            d.u.i.k.p.i.AbstractProblemLoader Loading environment from /home/runner/work/key/key/key.core/../key.ui/examples/standard_key/arith/compound_unaryMinus.key.proof 
52484      DEBUG main            d.u.i.k.p.i.AbstractProblemLoader Environment load took 117ns 
52485      INFO  main            d.u.i.k.p.i.AbstractProblemLoader Creating init config 
54769      DEBUG main            d.u.i.k.p.i.AbstractProblemLoader Init config took 2.28s 
54788      INFO  main            d.u.i.k.p.i.AbstractProblemLoader Replaying proof compound_unaryMinus.key.proof 
54793      DEBUG main            d.u.i.k.p.i.IntermediateProofReplayer Proof replay took 2.82ms 
54793      DEBUG main            d.u.i.k.p.r.p.TestFile    ... success: reloaded. 
54795      INFO  main            d.u.i.k.p.r.p.TestFile    Now processing file /home/runner/work/key/key/key.core/../key.ui/examples/standard_key/arith/computation.key 
54797      INFO  main            d.u.i.k.p.i.AbstractProblemLoader Loading environment from /home/runner/work/key/key/key.core/../key.ui/examples/standard_key/arith/computation.key 
54798      DEBUG main            d.u.i.k.p.i.AbstractProblemLoader Environment load took 234.9ns 
54799      INFO  main            d.u.i.k.p.i.AbstractProblemLoader Creating init config 
57040      DEBUG main            d.u.i.k.p.i.AbstractProblemLoader Init config took 2.24s 
57060      INFO  main            d.u.i.k.p.i.AbstractProblemLoader Replaying proof computation.key 
57062      DEBUG main            d.u.i.k.p.i.IntermediateProofReplayer Proof replay took 6.3ns 
58586      INFO  main            d.u.i.k.p.r.p.TestFile    ... finished proof: closed. 
58795      INFO  main            d.u.i.k.p.i.AbstractProblemLoader Loading environment from /home/runner/work/key/key/key.core/../key.ui/examples/standard_key/arith/computation.key.proof 
58795      DEBUG main            d.u.i.k.p.i.AbstractProblemLoader Environment load took 466.1ns 
58796      INFO  main            d.u.i.k.p.i.AbstractProblemLoader Creating init config 
61047      DEBUG main            d.u.i.k.p.i.AbstractProblemLoader Init config took 2.25s 
61069      INFO  main            d.u.i.k.p.i.AbstractProblemLoader Replaying proof computation.key.proof 
61143      DEBUG main            d.u.i.k.p.i.IntermediateProofReplayer Proof replay took 63.28ms 
61144      DEBUG main            d.u.i.k.p.r.p.TestFile    ... success: reloaded. 
61145      INFO  main            d.u.i.k.p.r.p.TestFile    Now processing file /home/runner/work/key/key/key.core/../key.ui/examples/standard_key/arith/cubicSum.key 
61145      INFO  main            d.u.i.k.p.i.AbstractProblemLoader Loading environment from /home/runner/work/key/key/key.core/../key.ui/examples/standard_key/arith/cubicSum.key 
61145      DEBUG main            d.u.i.k.p.i.AbstractProblemLoader Environment load took 85.8ns 
61147      INFO  main            d.u.i.k.p.i.AbstractProblemLoader Creating init config 
63492      DEBUG main            d.u.i.k.p.i.AbstractProblemLoader Init config took 2.34s 
63511      INFO  main            d.u.i.k.p.i.AbstractProblemLoader Replaying proof cubicSum.key 
63515      DEBUG main            d.u.i.k.p.i.IntermediateProofReplayer Proof replay took 7.3ns 
64432      INFO  main            d.u.i.k.p.r.p.TestFile    ... finished proof: closed. 
64694      INFO  main            d.u.i.k.p.i.AbstractProblemLoader Loading environment from /home/runner/work/key/key/key.core/../key.ui/examples/standard_key/arith/cubicSum.key.proof 
64694      DEBUG main            d.u.i.k.p.i.AbstractProblemLoader Environment load took 117.4ns 
64696      INFO  main            d.u.i.k.p.i.AbstractProblemLoader Creating init config 
67057      DEBUG main            d.u.i.k.p.i.AbstractProblemLoader Init config took 2.36s 
67076      INFO  main            d.u.i.k.p.i.AbstractProblemLoader Replaying proof cubicSum.key.proof 
67184      DEBUG main            d.u.i.k.p.i.IntermediateProofReplayer Proof replay took 105.03ms 
67186      DEBUG main            d.u.i.k.p.r.p.TestFile    ... success: reloaded. 
67187      INFO  main            d.u.i.k.p.r.p.TestFile    Now processing file /home/runner/work/key/key/key.core/../key.ui/examples/standard_key/arith/divByZero.key 
67187      INFO  main            d.u.i.k.p.i.AbstractProblemLoader Loading environment from /home/runner/work/key/key/key.core/../key.ui/examples/standard_key/arith/divByZero.key 
67188      DEBUG main            d.u.i.k.p.i.AbstractProblemLoader Environment load took 188.8ns 
67189      INFO  main            d.u.i.k.p.i.AbstractProblemLoader Creating init config 
69453      DEBUG main            d.u.i.k.p.i.AbstractProblemLoader Init config took 2.26s 
69471      INFO  main            d.u.i.k.p.i.AbstractProblemLoader Replaying proof divByZero.key 
69473      DEBUG main            d.u.i.k.p.i.IntermediateProofReplayer Proof replay took 6.5ns 
69682      INFO  main            d.u.i.k.p.r.p.TestFile    ... finished proof: closed. 
69871      INFO  main            d.u.i.k.p.i.AbstractProblemLoader Loading environment from /home/runner/work/key/key/key.core/../key.ui/examples/standard_key/arith/divByZero.key.proof 
69872      DEBUG main            d.u.i.k.p.i.AbstractProblemLoader Environment load took 106.3ns 
69872      INFO  main            d.u.i.k.p.i.AbstractProblemLoader Creating init config 
72101      DEBUG main            d.u.i.k.p.i.AbstractProblemLoader Init config took 2.23s 
72119      INFO  main            d.u.i.k.p.i.AbstractProblemLoader Replaying proof divByZero.key.proof 
72147      DEBUG main            d.u.i.k.p.i.IntermediateProofReplayer Proof replay took 25.6ms 
72148      DEBUG main            d.u.i.k.p.r.p.TestFile    ... success: reloaded. 
72149      INFO  main            d.u.i.k.p.r.p.TestFile    Now processing file /home/runner/work/key/key/key.core/../key.ui/examples/standard_key/arith/divisionAssoc.key 
72149      INFO  main            d.u.i.k.p.i.AbstractProblemLoader Loading environment from /home/runner/work/key/key/key.core/../key.ui/examples/standard_key/arith/divisionAssoc.key 
72150      DEBUG main            d.u.i.k.p.i.AbstractProblemLoader Environment load took 190.2ns 
72151      INFO  main            d.u.i.k.p.i.AbstractProblemLoader Creating init config 
74456      DEBUG main            d.u.i.k.p.i.AbstractProblemLoader Init config took 2.31s 
74472      INFO  main            d.u.i.k.p.i.AbstractProblemLoader Replaying proof divisionAssoc.key 
74473      DEBUG main            d.u.i.k.p.i.IntermediateProofReplayer Proof replay took 6.6ns 
75177      INFO  main            d.u.i.k.p.r.p.TestFile    ... finished proof: closed. 
75401      INFO  main            d.u.i.k.p.i.AbstractProblemLoader Loading environment from /home/runner/work/key/key/key.core/../key.ui/examples/standard_key/arith/divisionAssoc.key.proof 
75401      DEBUG main            d.u.i.k.p.i.AbstractProblemLoader Environment load took 441.9ns 
75402      INFO  main            d.u.i.k.p.i.AbstractProblemLoader Creating init config 
77607      DEBUG main            d.u.i.k.p.i.AbstractProblemLoader Init config took 2.2s 
77629      INFO  main            d.u.i.k.p.i.AbstractProblemLoader Replaying proof divisionAssoc.key.proof 
77660      DEBUG main            d.u.i.k.p.i.IntermediateProofReplayer Proof replay took 25.33ms 
77661      DEBUG main            d.u.i.k.p.r.p.TestFile    ... success: reloaded. 
77662      INFO  main            d.u.i.k.p.r.p.TestFile    Now processing file /home/runner/work/key/key/key.core/../key.ui/examples/standard_key/arith/divisionBy2.key 
77662      INFO  main            d.u.i.k.p.i.AbstractProblemLoader Loading environment from /home/runner/work/key/key/key.core/../key.ui/examples/standard_key/arith/divisionBy2.key 
77662      DEBUG main            d.u.i.k.p.i.AbstractProblemLoader Environment load took 185.7ns 
77664      INFO  main            d.u.i.k.p.i.AbstractProblemLoader Creating init config 
79948      DEBUG main            d.u.i.k.p.i.AbstractProblemLoader Init config took 2.28s 
79965      INFO  main            d.u.i.k.p.i.AbstractProblemLoader Replaying proof divisionBy2.key 
79966      DEBUG main            d.u.i.k.p.i.IntermediateProofReplayer Proof replay took 19.3ns 
80068      INFO  main            d.u.i.k.p.r.p.TestFile    ... finished proof: closed. 
80262      INFO  main            d.u.i.k.p.i.AbstractProblemLoader Loading environment from /home/runner/work/key/key/key.core/../key.ui/examples/standard_key/arith/divisionBy2.key.proof 
80262      DEBUG main            d.u.i.k.p.i.AbstractProblemLoader Environment load took 105.2ns 
80263      INFO  main            d.u.i.k.p.i.AbstractProblemLoader Creating init config 
82492      DEBUG main            d.u.i.k.p.i.AbstractProblemLoader Init config took 2.23s 
82505      INFO  main            d.u.i.k.p.i.AbstractProblemLoader Replaying proof divisionBy2.key.proof 
82511      DEBUG main            d.u.i.k.p.i.IntermediateProofReplayer Proof replay took 3.99ms 
82512      DEBUG main            d.u.i.k.p.r.p.TestFile    ... success: reloaded. 
82512      INFO  main            d.u.i.k.p.r.p.TestFile    Now processing file /home/runner/work/key/key/key.core/../key.ui/examples/standard_key/arith/euclidean/gcdHelp-post.key 
82512      INFO  main            d.u.i.k.p.i.AbstractProblemLoader Loading environment from /home/runner/work/key/key/key.core/../key.ui/examples/standard_key/arith/euclidean/gcdHelp-post.key 
82513      DEBUG main            d.u.i.k.p.i.AbstractProblemLoader Environment load took 124ns 
82514      INFO  main            d.u.i.k.p.i.AbstractProblemLoader Creating init config 
84905      DEBUG main            d.u.i.k.p.i.AbstractProblemLoader Init config took 2.39s 
84920      INFO  main            d.u.i.k.p.i.AbstractProblemLoader Replaying proof gcdHelp-post.key 
84921      DEBUG main            d.u.i.k.p.i.IntermediateProofReplayer Proof replay took 5.6ns 
88250      INFO  main            d.u.i.k.p.r.p.TestFile    ... finished proof: closed. 
88575      INFO  main            d.u.i.k.p.i.AbstractProblemLoader Loading environment from /home/runner/work/key/key/key.core/../key.ui/examples/standard_key/arith/euclidean/gcdHelp-post.key.proof 
88575      DEBUG main            d.u.i.k.p.i.AbstractProblemLoader Environment load took 454.7ns 
88577      INFO  main            d.u.i.k.p.i.AbstractProblemLoader Creating init config 
90887      DEBUG main            d.u.i.k.p.i.AbstractProblemLoader Init config took 2.31s 
90904      INFO  main            d.u.i.k.p.i.AbstractProblemLoader Replaying proof gcdHelp-post.key.proof 
91048      DEBUG main            d.u.i.k.p.i.IntermediateProofReplayer Proof replay took 133.13ms 
91049      DEBUG main            d.u.i.k.p.r.p.TestFile    ... success: reloaded. 
91050      INFO  main            d.u.i.k.p.r.p.TestFile    Now processing file /home/runner/work/key/key/key.core/../key.ui/examples/standard_key/arith/gemplusDecimal/add.key 
91051      INFO  main            d.u.i.k.p.i.AbstractProblemLoader Loading environment from /home/runner/work/key/key/key.core/../key.ui/examples/standard_key/arith/gemplusDecimal/add.key 
91051      DEBUG main            d.u.i.k.p.i.AbstractProblemLoader Environment load took 197.1ns 
91053      INFO  main            d.u.i.k.p.i.AbstractProblemLoader Creating init config 
93432      DEBUG main            d.u.i.k.p.i.AbstractProblemLoader Init config took 2.38s 
93448      INFO  main            d.u.i.k.p.i.AbstractProblemLoader Replaying proof add.key 
93450      DEBUG main            d.u.i.k.p.i.IntermediateProofReplayer Proof replay took 5ns 
136259     INFO  main            d.u.i.k.p.r.p.TestFile    ... finished proof: closed. 
136620     INFO  main            d.u.i.k.p.i.AbstractProblemLoader Loading environment from /home/runner/work/key/key/key.core/../key.ui/examples/standard_key/arith/gemplusDecimal/add.key.proof 
136621     DEBUG main            d.u.i.k.p.i.AbstractProblemLoader Environment load took 393.1ns 
136630     INFO  main            d.u.i.k.p.i.AbstractProblemLoader Creating init config 
138978     DEBUG main            d.u.i.k.p.i.AbstractProblemLoader Init config took 2.35s 
138995     INFO  main            d.u.i.k.p.i.AbstractProblemLoader Replaying proof add.key.proof 
140857     DEBUG main            d.u.i.k.p.i.IntermediateProofReplayer Proof replay took 1.74s 
140864     DEBUG main            d.u.i.k.p.r.p.TestFile    ... success: reloaded. 
140865     INFO  main            d.u.i.k.p.r.p.TestFile    Now processing file /home/runner/work/key/key/key.core/../key.ui/examples/standard_key/arith/jdivevenodd.key 
140865     INFO  main            d.u.i.k.p.i.AbstractProblemLoader Loading environment from /home/runner/work/key/key/key.core/../key.ui/examples/standard_key/arith/jdivevenodd.key 
140865     DEBUG main            d.u.i.k.p.i.AbstractProblemLoader Environment load took 202.8ns 
140867     INFO  main            d.u.i.k.p.i.AbstractProblemLoader Creating init config 
143153     DEBUG main            d.u.i.k.p.i.AbstractProblemLoader Init config took 2.29s 
143166     INFO  main            d.u.i.k.p.i.AbstractProblemLoader Replaying proof jdivevenodd.key 
143168     DEBUG main            d.u.i.k.p.i.IntermediateProofReplayer Proof replay took 5.5ns 
143382     INFO  main            d.u.i.k.p.r.p.TestFile    ... finished proof: closed. 
143688     INFO  main            d.u.i.k.p.i.AbstractProblemLoader Loading environment from /home/runner/work/key/key/key.core/../key.ui/examples/standard_key/arith/jdivevenodd.key.proof 
143688     DEBUG main            d.u.i.k.p.i.AbstractProblemLoader Environment load took 104.3ns 
143689     INFO  main            d.u.i.k.p.i.AbstractProblemLoader Creating init config 
145920     DEBUG main            d.u.i.k.p.i.AbstractProblemLoader Init config took 2.23s 
145934     INFO  main            d.u.i.k.p.i.AbstractProblemLoader Replaying proof jdivevenodd.key.proof 
145944     DEBUG main            d.u.i.k.p.i.IntermediateProofReplayer Proof replay took 7.39ms 
145945     DEBUG main            d.u.i.k.p.r.p.TestFile    ... success: reloaded. 
145946     INFO  main            d.u.i.k.p.r.p.TestFile    Now processing file /home/runner/work/key/key/key.core/../key.ui/examples/standard_key/arith/median.key 
145946     INFO  main            d.u.i.k.p.i.AbstractProblemLoader Loading environment from /home/runner/work/key/key/key.core/../key.ui/examples/standard_key/arith/median.key 
145946     DEBUG main            d.u.i.k.p.i.AbstractProblemLoader Environment load took 194.4ns 
145948     INFO  main            d.u.i.k.p.i.AbstractProblemLoader Creating init config 
148143     DEBUG main            d.u.i.k.p.i.AbstractProblemLoader Init config took 2.2s 
148157     INFO  main            d.u.i.k.p.i.AbstractProblemLoader Replaying proof median.key 
148159     DEBUG main            d.u.i.k.p.i.IntermediateProofReplayer Proof replay took 5.6ns 
163623     INFO  main            d.u.i.k.p.r.p.TestFile    ... finished proof: closed. 
163929     INFO  main            d.u.i.k.p.i.AbstractProblemLoader Loading environment from /home/runner/work/key/key/key.core/../key.ui/examples/standard_key/arith/median.key.proof 
163929     DEBUG main            d.u.i.k.p.i.AbstractProblemLoader Environment load took 473.2ns 
163932     INFO  main            d.u.i.k.p.i.AbstractProblemLoader Creating init config 
166112     DEBUG main            d.u.i.k.p.i.AbstractProblemLoader Init config took 2.18s 
166138     INFO  main            d.u.i.k.p.i.AbstractProblemLoader Replaying proof median.key.proof 
166660     DEBUG main            d.u.i.k.p.i.IntermediateProofReplayer Proof replay took 467.61ms 
166664     DEBUG main            d.u.i.k.p.r.p.TestFile    ... success: reloaded. 
166665     INFO  main            d.u.i.k.p.r.p.TestFile    Now processing file /home/runner/work/key/key/key.core/../key.ui/examples/standard_key/arith/mod1.key 
166665     INFO  main            d.u.i.k.p.i.AbstractProblemLoader Loading environment from /home/runner/work/key/key/key.core/../key.ui/examples/standard_key/arith/mod1.key 
166665     DEBUG main            d.u.i.k.p.i.AbstractProblemLoader Environment load took 214.8ns 
166666     INFO  main            d.u.i.k.p.i.AbstractProblemLoader Creating init config 
168940     DEBUG main            d.u.i.k.p.i.AbstractProblemLoader Init config took 2.27s 
168953     INFO  main            d.u.i.k.p.i.AbstractProblemLoader Replaying proof mod1.key 
168955     DEBUG main            d.u.i.k.p.i.IntermediateProofReplayer Proof replay took 6.4ns 
169060     INFO  main            d.u.i.k.p.r.p.TestFile    ... finished proof: closed. 
169340     INFO  main            d.u.i.k.p.i.AbstractProblemLoader Loading environment from /home/runner/work/key/key/key.core/../key.ui/examples/standard_key/arith/mod1.key.proof 
169340     DEBUG main            d.u.i.k.p.i.AbstractProblemLoader Environment load took 91.4ns 
169341     INFO  main            d.u.i.k.p.i.AbstractProblemLoader Creating init config 
171522     DEBUG main            d.u.i.k.p.i.AbstractProblemLoader Init config took 2.18s 
171534     INFO  main            d.u.i.k.p.i.AbstractProblemLoader Replaying proof mod1.key.proof 
171537     DEBUG main            d.u.i.k.p.i.IntermediateProofReplayer Proof replay took 1.38ms 
171538     DEBUG main            d.u.i.k.p.r.p.TestFile    ... success: reloaded. 
171539     INFO  main            d.u.i.k.p.r.p.TestFile    Now processing file /home/runner/work/key/key/key.core/../key.ui/examples/standard_key/arith/mod2.key 
171539     INFO  main            d.u.i.k.p.i.AbstractProblemLoader Loading environment from /home/runner/work/key/key/key.core/../key.ui/examples/standard_key/arith/mod2.key 
171539     DEBUG main            d.u.i.k.p.i.AbstractProblemLoader Environment load took 80.6ns 
171540     INFO  main            d.u.i.k.p.i.AbstractProblemLoader Creating init config 
173760     DEBUG main            d.u.i.k.p.i.AbstractProblemLoader Init config took 2.22s 
173773     INFO  main            d.u.i.k.p.i.AbstractProblemLoader Replaying proof mod2.key 
173774     DEBUG main            d.u.i.k.p.i.IntermediateProofReplayer Proof replay took 5.8ns 
173880     INFO  main            d.u.i.k.p.r.p.TestFile    ... finished proof: closed. 
174097     INFO  main            d.u.i.k.p.i.AbstractProblemLoader Loading environment from /home/runner/work/key/key/key.core/../key.ui/examples/standard_key/arith/mod2.key.proof 
174097     DEBUG main            d.u.i.k.p.i.AbstractProblemLoader Environment load took 96.5ns 
174098     INFO  main            d.u.i.k.p.i.AbstractProblemLoader Creating init config 
176269     DEBUG main            d.u.i.k.p.i.AbstractProblemLoader Init config took 2.17s 
176282     INFO  main            d.u.i.k.p.i.AbstractProblemLoader Replaying proof mod2.key.proof 
176285     DEBUG main            d.u.i.k.p.i.IntermediateProofReplayer Proof replay took 997.3ns 
176285     DEBUG main            d.u.i.k.p.r.p.TestFile    ... success: reloaded. 
176286     INFO  main            d.u.i.k.p.r.p.TestFile    Now processing file /home/runner/work/key/key/key.core/../key.ui/examples/standard_key/arith/mod7.key 
176286     INFO  main            d.u.i.k.p.i.AbstractProblemLoader Loading environment from /home/runner/work/key/key/key.core/../key.ui/examples/standard_key/arith/mod7.key 
176286     DEBUG main            d.u.i.k.p.i.AbstractProblemLoader Environment load took 76.3ns 
176287     INFO  main            d.u.i.k.p.i.AbstractProblemLoader Creating init config 
178521     DEBUG main            d.u.i.k.p.i.AbstractProblemLoader Init config took 2.23s 
178533     INFO  main            d.u.i.k.p.i.AbstractProblemLoader Replaying proof mod7.key 
178534     DEBUG main            d.u.i.k.p.i.IntermediateProofReplayer Proof replay took 5.7ns 
178640     INFO  main            d.u.i.k.p.r.p.TestFile    ... finished proof: closed. 
178848     INFO  main            d.u.i.k.p.i.AbstractProblemLoader Loading environment from /home/runner/work/key/key/key.core/../key.ui/examples/standard_key/arith/mod7.key.proof 
178848     DEBUG main            d.u.i.k.p.i.AbstractProblemLoader Environment load took 96.1ns 
178849     INFO  main            d.u.i.k.p.i.AbstractProblemLoader Creating init config 
181019     DEBUG main            d.u.i.k.p.i.AbstractProblemLoader Init config took 2.17s 
181032     INFO  main            d.u.i.k.p.i.AbstractProblemLoader Replaying proof mod7.key.proof 
181036     DEBUG main            d.u.i.k.p.i.IntermediateProofReplayer Proof replay took 2.76ms 
181037     DEBUG main            d.u.i.k.p.r.p.TestFile    ... success: reloaded. 
181037     INFO  main            d.u.i.k.p.r.p.TestFile    Now processing file /home/runner/work/key/key/key.core/../key.ui/examples/standard_key/arith/overflow_hija.key 
181038     INFO  main            d.u.i.k.p.i.AbstractProblemLoader Loading environment from /home/runner/work/key/key/key.core/../key.ui/examples/standard_key/arith/overflow_hija.key 
181038     DEBUG main            d.u.i.k.p.i.AbstractProblemLoader Environment load took 52.3ns 
181039     INFO  main            d.u.i.k.p.i.AbstractProblemLoader Creating init config 
183290     DEBUG main            d.u.i.k.p.i.AbstractProblemLoader Init config took 2.25s 
183313     INFO  main            d.u.i.k.p.i.AbstractProblemLoader Replaying proof overflow_hija.key 
183314     DEBUG main            d.u.i.k.p.i.IntermediateProofReplayer Proof replay took 6.9ns 
187947     INFO  main            d.u.i.k.p.r.p.TestFile    ... finished proof: closed. 
188215     INFO  main            d.u.i.k.p.i.AbstractProblemLoader Loading environment from /home/runner/work/key/key/key.core/../key.ui/examples/standard_key/arith/overflow_hija.key.proof 
188216     DEBUG main            d.u.i.k.p.i.AbstractProblemLoader Environment load took 869.2ns 
188218     INFO  main            d.u.i.k.p.i.AbstractProblemLoader Creating init config 
190419     DEBUG main            d.u.i.k.p.i.AbstractProblemLoader Init config took 2.2s 
190436     INFO  main            d.u.i.k.p.i.AbstractProblemLoader Replaying proof overflow_hija.key.proof 
190581     DEBUG main            d.u.i.k.p.i.IntermediateProofReplayer Proof replay took 134.44ms 
190583     DEBUG main            d.u.i.k.p.r.p.TestFile    ... success: reloaded. 
190585     INFO  main            d.u.i.k.p.r.p.TestFile    Now processing file /home/runner/work/key/key/key.core/../key.ui/examples/standard_key/arith/poly_division0.key 
190586     INFO  main            d.u.i.k.p.i.AbstractProblemLoader Loading environment from /home/runner/work/key/key/key.core/../key.ui/examples/standard_key/arith/poly_division0.key 
190586     DEBUG main            d.u.i.k.p.i.AbstractProblemLoader Environment load took 74.4ns 
190587     INFO  main            d.u.i.k.p.i.AbstractProblemLoader Creating init config 
192819     DEBUG main            d.u.i.k.p.i.AbstractProblemLoader Init config took 2.23s 
192832     INFO  main            d.u.i.k.p.i.AbstractProblemLoader Replaying proof poly_division0.key 
192833     DEBUG main            d.u.i.k.p.i.IntermediateProofReplayer Proof replay took 6.4ns 
192936     INFO  main            d.u.i.k.p.r.p.TestFile    ... finished proof: closed. 
193214     INFO  main            d.u.i.k.p.i.AbstractProblemLoader Loading environment from /home/runner/work/key/key/key.core/../key.ui/examples/standard_key/arith/poly_division0.key.proof 
193214     DEBUG main            d.u.i.k.p.i.AbstractProblemLoader Environment load took 96.1ns 
193215     INFO  main            d.u.i.k.p.i.AbstractProblemLoader Creating init config 
195388     DEBUG main            d.u.i.k.p.i.AbstractProblemLoader Init config took 2.17s 
195402     INFO  main            d.u.i.k.p.i.AbstractProblemLoader Replaying proof poly_division0.key.proof 
195407     DEBUG main            d.u.i.k.p.i.IntermediateProofReplayer Proof replay took 3.22ms 
195408     DEBUG main            d.u.i.k.p.r.p.TestFile    ... success: reloaded. 
195409     INFO  main            d.u.i.k.p.r.p.TestFile    Now processing file /home/runner/work/key/key/key.core/../key.ui/examples/standard_key/arith/poly_division1.key 
195409     INFO  main            d.u.i.k.p.i.AbstractProblemLoader Loading environment from /home/runner/work/key/key/key.core/../key.ui/examples/standard_key/arith/poly_division1.key 
195409     DEBUG main            d.u.i.k.p.i.AbstractProblemLoader Environment load took 45.6ns 
195410     INFO  main            d.u.i.k.p.i.AbstractProblemLoader Creating init config 
197609     DEBUG main            d.u.i.k.p.i.AbstractProblemLoader Init config took 2.2s 
197622     INFO  main            d.u.i.k.p.i.AbstractProblemLoader Replaying proof poly_division1.key 
197623     DEBUG main            d.u.i.k.p.i.IntermediateProofReplayer Proof replay took 6.6ns 
197725     INFO  main            d.u.i.k.p.r.p.TestFile    ... finished proof: closed. 
197956     INFO  main            d.u.i.k.p.i.AbstractProblemLoader Loading environment from /home/runner/work/key/key/key.core/../key.ui/examples/standard_key/arith/poly_division1.key.proof 
197956     DEBUG main            d.u.i.k.p.i.AbstractProblemLoader Environment load took 101.6ns 
197957     INFO  main            d.u.i.k.p.i.AbstractProblemLoader Creating init config 
200165     DEBUG main            d.u.i.k.p.i.AbstractProblemLoader Init config took 2.21s 
200180     INFO  main            d.u.i.k.p.i.AbstractProblemLoader Replaying proof poly_division1.key.proof 
200198     DEBUG main            d.u.i.k.p.i.IntermediateProofReplayer Proof replay took 2.8ms 
200200     DEBUG main            d.u.i.k.p.r.p.TestFile    ... success: reloaded. 
200200     INFO  main            d.u.i.k.p.r.p.TestFile    Now processing file /home/runner/work/key/key/key.core/../key.ui/examples/standard_key/inEqSimp/division.key 
200201     INFO  main            d.u.i.k.p.i.AbstractProblemLoader Loading environment from /home/runner/work/key/key/key.core/../key.ui/examples/standard_key/inEqSimp/division.key 
200201     DEBUG main            d.u.i.k.p.i.AbstractProblemLoader Environment load took 187.9ns 
200202     INFO  main            d.u.i.k.p.i.AbstractProblemLoader Creating init config 
202434     DEBUG main            d.u.i.k.p.i.AbstractProblemLoader Init config took 2.23s 
202446     INFO  main            d.u.i.k.p.i.AbstractProblemLoader Replaying proof division.key 
202448     DEBUG main            d.u.i.k.p.i.IntermediateProofReplayer Proof replay took 6.4ns 
204471     INFO  main            d.u.i.k.p.r.p.TestFile    ... finished proof: closed. 
204725     INFO  main            d.u.i.k.p.i.AbstractProblemLoader Loading environment from /home/runner/work/key/key/key.core/../key.ui/examples/standard_key/inEqSimp/division.key.proof 
204725     DEBUG main            d.u.i.k.p.i.AbstractProblemLoader Environment load took 367.3ns 
204727     INFO  main            d.u.i.k.p.i.AbstractProblemLoader Creating init config 
206889     DEBUG main            d.u.i.k.p.i.AbstractProblemLoader Init config took 2.16s 
206902     INFO  main            d.u.i.k.p.i.AbstractProblemLoader Replaying proof division.key.proof 
206953     DEBUG main            d.u.i.k.p.i.IntermediateProofReplayer Proof replay took 42.43ms 
206954     DEBUG main            d.u.i.k.p.r.p.TestFile    ... success: reloaded. 
206955     INFO  main            d.u.i.k.p.r.p.TestFile    Now processing file /home/runner/work/key/key/key.core/../key.ui/examples/standard_key/inEqSimp/inequations0.key 
206955     INFO  main            d.u.i.k.p.i.AbstractProblemLoader Loading environment from /home/runner/work/key/key/key.core/../key.ui/examples/standard_key/inEqSimp/inequations0.key 
206955     DEBUG main            d.u.i.k.p.i.AbstractProblemLoader Environment load took 82.1ns 
206956     INFO  main            d.u.i.k.p.i.AbstractProblemLoader Creating init config 
209184     DEBUG main            d.u.i.k.p.i.AbstractProblemLoader Init config took 2.23s 
209196     INFO  main            d.u.i.k.p.i.AbstractProblemLoader Replaying proof inequations0.key 
209197     DEBUG main            d.u.i.k.p.i.IntermediateProofReplayer Proof replay took 5.9ns 
209299     INFO  main            d.u.i.k.p.r.p.TestFile    ... finished proof: closed. 
209569     INFO  main            d.u.i.k.p.i.AbstractProblemLoader Loading environment from /home/runner/work/key/key/key.core/../key.ui/examples/standard_key/inEqSimp/inequations0.key.proof 
209569     DEBUG main            d.u.i.k.p.i.AbstractProblemLoader Environment load took 91.4ns 
209570     INFO  main            d.u.i.k.p.i.AbstractProblemLoader Creating init config 
211740     DEBUG main            d.u.i.k.p.i.AbstractProblemLoader Init config took 2.17s 
211752     INFO  main            d.u.i.k.p.i.AbstractProblemLoader Replaying proof inequations0.key.proof 
211755     DEBUG main            d.u.i.k.p.i.IntermediateProofReplayer Proof replay took 1.41ms 
211756     DEBUG main            d.u.i.k.p.r.p.TestFile    ... success: reloaded. 
211756     INFO  main            d.u.i.k.p.r.p.TestFile    Now processing file /home/runner/work/key/key/key.core/../key.ui/examples/standard_key/inEqSimp/inequations1.key 
211756     INFO  main            d.u.i.k.p.i.AbstractProblemLoader Loading environment from /home/runner/work/key/key/key.core/../key.ui/examples/standard_key/inEqSimp/inequations1.key 
211757     DEBUG main            d.u.i.k.p.i.AbstractProblemLoader Environment load took 179.9ns 
211758     INFO  main            d.u.i.k.p.i.AbstractProblemLoader Creating init config 
214010     DEBUG main            d.u.i.k.p.i.AbstractProblemLoader Init config took 2.25s 
214022     INFO  main            d.u.i.k.p.i.AbstractProblemLoader Replaying proof inequations1.key 
214023     DEBUG main            d.u.i.k.p.i.IntermediateProofReplayer Proof replay took 6.3ns 
214127     INFO  main            d.u.i.k.p.r.p.TestFile    ... finished proof: closed. 
214378     INFO  main            d.u.i.k.p.i.AbstractProblemLoader Loading environment from /home/runner/work/key/key/key.core/../key.ui/examples/standard_key/inEqSimp/inequations1.key.proof 
214378     DEBUG main            d.u.i.k.p.i.AbstractProblemLoader Environment load took 82.2ns 
214380     INFO  main            d.u.i.k.p.i.AbstractProblemLoader Creating init config 
216545     DEBUG main            d.u.i.k.p.i.AbstractProblemLoader Init config took 2.17s 
216558     INFO  main            d.u.i.k.p.i.AbstractProblemLoader Replaying proof inequations1.key.proof 
216561     DEBUG main            d.u.i.k.p.i.IntermediateProofReplayer Proof replay took 835.9ns 
216561     DEBUG main            d.u.i.k.p.r.p.TestFile    ... success: reloaded. 
216562     INFO  main            d.u.i.k.p.r.p.TestFile    Now processing file /home/runner/work/key/key/key.core/../key.ui/examples/standard_key/inEqSimp/inequations2.key 
216562     INFO  main            d.u.i.k.p.i.AbstractProblemLoader Loading environment from /home/runner/work/key/key/key.core/../key.ui/examples/standard_key/inEqSimp/inequations2.key 
216562     DEBUG main            d.u.i.k.p.i.AbstractProblemLoader Environment load took 46.6ns 
216563     INFO  main            d.u.i.k.p.i.AbstractProblemLoader Creating init config 
218768     DEBUG main            d.u.i.k.p.i.AbstractProblemLoader Init config took 2.21s 
218781     INFO  main            d.u.i.k.p.i.AbstractProblemLoader Replaying proof inequations2.key 
218782     DEBUG main            d.u.i.k.p.i.IntermediateProofReplayer Proof replay took 5.5ns 
218883     INFO  main            d.u.i.k.p.r.p.TestFile    ... finished proof: closed. 
219134     INFO  main            d.u.i.k.p.i.AbstractProblemLoader Loading environment from /home/runner/work/key/key/key.core/../key.ui/examples/standard_key/inEqSimp/inequations2.key.proof 
219134     DEBUG main            d.u.i.k.p.i.AbstractProblemLoader Environment load took 82.9ns 
219135     INFO  main            d.u.i.k.p.i.AbstractProblemLoader Creating init config 
221314     DEBUG main            d.u.i.k.p.i.AbstractProblemLoader Init config took 2.18s 
221327     INFO  main            d.u.i.k.p.i.AbstractProblemLoader Replaying proof inequations2.key.proof 
221330     DEBUG main            d.u.i.k.p.i.IntermediateProofReplayer Proof replay took 1.08ms 
221330     DEBUG main            d.u.i.k.p.r.p.TestFile    ... success: reloaded. 
221331     INFO  main            d.u.i.k.p.r.p.TestFile    Now processing file /home/runner/work/key/key/key.core/../key.ui/examples/standard_key/inEqSimp/linApprox.key 
221331     INFO  main            d.u.i.k.p.i.AbstractProblemLoader Loading environment from /home/runner/work/key/key/key.core/../key.ui/examples/standard_key/inEqSimp/linApprox.key 
221331     DEBUG main            d.u.i.k.p.i.AbstractProblemLoader Environment load took 166.2ns 
221332     INFO  main            d.u.i.k.p.i.AbstractProblemLoader Creating init config 
223553     DEBUG main            d.u.i.k.p.i.AbstractProblemLoader Init config took 2.22s 
223567     INFO  main            d.u.i.k.p.i.AbstractProblemLoader Replaying proof linApprox.key 
223568     DEBUG main            d.u.i.k.p.i.IntermediateProofReplayer Proof replay took 6.4ns 
223670     INFO  main            d.u.i.k.p.r.p.TestFile    ... finished proof: closed. 
223923     INFO  main            d.u.i.k.p.i.AbstractProblemLoader Loading environment from /home/runner/work/key/key/key.core/../key.ui/examples/standard_key/inEqSimp/linApprox.key.proof 
223923     DEBUG main            d.u.i.k.p.i.AbstractProblemLoader Environment load took 80.2ns 
223924     INFO  main            d.u.i.k.p.i.AbstractProblemLoader Creating init config 
226096     DEBUG main            d.u.i.k.p.i.AbstractProblemLoader Init config took 2.17s 
226108     INFO  main            d.u.i.k.p.i.AbstractProblemLoader Replaying proof linApprox.key.proof 
226113     DEBUG main            d.u.i.k.p.i.IntermediateProofReplayer Proof replay took 2.13ms 
226115     DEBUG main            d.u.i.k.p.r.p.TestFile    ... success: reloaded. 
226116     INFO  main            d.u.i.k.p.r.p.TestFile    Now processing file /home/runner/work/key/key/key.core/../key.ui/examples/standard_key/inEqSimp/nonLinInEqExample0.key 
226116     INFO  main            d.u.i.k.p.i.AbstractProblemLoader Loading environment from /home/runner/work/key/key/key.core/../key.ui/examples/standard_key/inEqSimp/nonLinInEqExample0.key 
226116     DEBUG main            d.u.i.k.p.i.AbstractProblemLoader Environment load took 175.4ns 
226117     INFO  main            d.u.i.k.p.i.AbstractProblemLoader Creating init config 
228316     DEBUG main            d.u.i.k.p.i.AbstractProblemLoader Init config took 2.2s 
228329     INFO  main            d.u.i.k.p.i.AbstractProblemLoader Replaying proof nonLinInEqExample0.key 
228331     DEBUG main            d.u.i.k.p.i.IntermediateProofReplayer Proof replay took 6.7ns 
228432     INFO  main            d.u.i.k.p.r.p.TestFile    ... finished proof: closed. 
228690     INFO  main            d.u.i.k.p.i.AbstractProblemLoader Loading environment from /home/runner/work/key/key/key.core/../key.ui/examples/standard_key/inEqSimp/nonLinInEqExample0.key.proof 
228691     DEBUG main            d.u.i.k.p.i.AbstractProblemLoader Environment load took 79.8ns 
228692     INFO  main            d.u.i.k.p.i.AbstractProblemLoader Creating init config 
230863     DEBUG main            d.u.i.k.p.i.AbstractProblemLoader Init config took 2.17s 
230875     INFO  main            d.u.i.k.p.i.AbstractProblemLoader Replaying proof nonLinInEqExample0.key.proof 
230877     DEBUG main            d.u.i.k.p.i.IntermediateProofReplayer Proof replay took 537.6ns 
230878     DEBUG main            d.u.i.k.p.r.p.TestFile    ... success: reloaded. 
230878     INFO  main            d.u.i.k.p.r.p.TestFile    Now processing file /home/runner/work/key/key/key.core/../key.ui/examples/standard_key/inEqSimp/nonLinInEqExample2.key 
230879     INFO  main            d.u.i.k.p.i.AbstractProblemLoader Loading environment from /home/runner/work/key/key/key.core/../key.ui/examples/standard_key/inEqSimp/nonLinInEqExample2.key 
230879     DEBUG main            d.u.i.k.p.i.AbstractProblemLoader Environment load took 122ns 
230880     INFO  main            d.u.i.k.p.i.AbstractProblemLoader Creating init config 
233083     DEBUG main            d.u.i.k.p.i.AbstractProblemLoader Init config took 2.2s 
233096     INFO  main            d.u.i.k.p.i.AbstractProblemLoader Replaying proof nonLinInEqExample2.key 
233098     DEBUG main            d.u.i.k.p.i.IntermediateProofReplayer Proof replay took 6.5ns 
233400     INFO  main            d.u.i.k.p.r.p.TestFile    ... finished proof: closed. 
233667     INFO  main            d.u.i.k.p.i.AbstractProblemLoader Loading environment from /home/runner/work/key/key/key.core/../key.ui/examples/standard_key/inEqSimp/nonLinInEqExample2.key.proof 
233667     DEBUG main            d.u.i.k.p.i.AbstractProblemLoader Environment load took 87.8ns 
233668     INFO  main            d.u.i.k.p.i.AbstractProblemLoader Creating init config 
235836     DEBUG main            d.u.i.k.p.i.AbstractProblemLoader Init config took 2.17s 
235848     INFO  main            d.u.i.k.p.i.AbstractProblemLoader Replaying proof nonLinInEqExample2.key.proof 
235889     DEBUG main            d.u.i.k.p.i.IntermediateProofReplayer Proof replay took 33.96ms 
235890     DEBUG main            d.u.i.k.p.r.p.TestFile    ... success: reloaded. 
235891     INFO  main            d.u.i.k.p.r.p.TestFile    Now processing file /home/runner/work/key/key/key.core/../key.ui/examples/standard_key/inEqSimp/nonLinInEqExample3.key 
235891     INFO  main            d.u.i.k.p.i.AbstractProblemLoader Loading environment from /home/runner/work/key/key/key.core/../key.ui/examples/standard_key/inEqSimp/nonLinInEqExample3.key 
235891     DEBUG main            d.u.i.k.p.i.AbstractProblemLoader Environment load took 178.6ns 
235892     INFO  main            d.u.i.k.p.i.AbstractProblemLoader Creating init config 
238109     DEBUG main            d.u.i.k.p.i.AbstractProblemLoader Init config took 2.22s 
238121     INFO  main            d.u.i.k.p.i.AbstractProblemLoader Replaying proof nonLinInEqExample3.key 
238124     DEBUG main            d.u.i.k.p.i.IntermediateProofReplayer Proof replay took 31.4ns 
238326     INFO  main            d.u.i.k.p.r.p.TestFile    ... finished proof: closed. 
238611     INFO  main            d.u.i.k.p.i.AbstractProblemLoader Loading environment from /home/runner/work/key/key/key.core/../key.ui/examples/standard_key/inEqSimp/nonLinInEqExample3.key.proof 
238611     DEBUG main            d.u.i.k.p.i.AbstractProblemLoader Environment load took 82.3ns 
238612     INFO  main            d.u.i.k.p.i.AbstractProblemLoader Creating init config 
240791     DEBUG main            d.u.i.k.p.i.AbstractProblemLoader Init config took 2.18s 
240804     INFO  main            d.u.i.k.p.i.AbstractProblemLoader Replaying proof nonLinInEqExample3.key.proof 
240817     DEBUG main            d.u.i.k.p.i.IntermediateProofReplayer Proof replay took 10.07ms 
240817     DEBUG main            d.u.i.k.p.r.p.TestFile    ... success: reloaded. 
240818     INFO  main            d.u.i.k.p.r.p.TestFile    Now processing file /home/runner/work/key/key/key.core/../key.ui/examples/standard_key/inEqSimp/nonLinInEqExample4.key 
240818     INFO  main            d.u.i.k.p.i.AbstractProblemLoader Loading environment from /home/runner/work/key/key/key.core/../key.ui/examples/standard_key/inEqSimp/nonLinInEqExample4.key 
240818     DEBUG main            d.u.i.k.p.i.AbstractProblemLoader Environment load took 47.1ns 
240819     INFO  main            d.u.i.k.p.i.AbstractProblemLoader Creating init config 
243031     DEBUG main            d.u.i.k.p.i.AbstractProblemLoader Init config took 2.21s 
243044     INFO  main            d.u.i.k.p.i.AbstractProblemLoader Replaying proof nonLinInEqExample4.key 
243045     DEBUG main            d.u.i.k.p.i.IntermediateProofReplayer Proof replay took 2.5ns 
243148     INFO  main            d.u.i.k.p.r.p.TestFile    ... finished proof: closed. 
243438     INFO  main            d.u.i.k.p.i.AbstractProblemLoader Loading environment from /home/runner/work/key/key/key.core/../key.ui/examples/standard_key/inEqSimp/nonLinInEqExample4.key.proof 
243438     DEBUG main            d.u.i.k.p.i.AbstractProblemLoader Environment load took 89.2ns 
243439     INFO  main            d.u.i.k.p.i.AbstractProblemLoader Creating init config 
245610     DEBUG main            d.u.i.k.p.i.AbstractProblemLoader Init config took 2.17s 
245622     INFO  main            d.u.i.k.p.i.AbstractProblemLoader Replaying proof nonLinInEqExample4.key.proof 
245626     DEBUG main            d.u.i.k.p.i.IntermediateProofReplayer Proof replay took 2.55ms 
245627     DEBUG main            d.u.i.k.p.r.p.TestFile    ... success: reloaded. 
245627     INFO  main            d.u.i.k.p.r.p.TestFile    Now processing file /home/runner/work/key/key/key.core/../key.ui/examples/standard_key/inEqSimp/quadraticInEq.key 
245628     INFO  main            d.u.i.k.p.i.AbstractProblemLoader Loading environment from /home/runner/work/key/key/key.core/../key.ui/examples/standard_key/inEqSimp/quadraticInEq.key 
245628     DEBUG main            d.u.i.k.p.i.AbstractProblemLoader Environment load took 64.7ns 
245629     INFO  main            d.u.i.k.p.i.AbstractProblemLoader Creating init config 
247835     DEBUG main            d.u.i.k.p.i.AbstractProblemLoader Init config took 2.21s 
247847     INFO  main            d.u.i.k.p.i.AbstractProblemLoader Replaying proof quadraticInEq.key 
247849     DEBUG main            d.u.i.k.p.i.IntermediateProofReplayer Proof replay took 3ns 
248152     INFO  main            d.u.i.k.p.r.p.TestFile    ... finished proof: closed. 
248445     INFO  main            d.u.i.k.p.i.AbstractProblemLoader Loading environment from /home/runner/work/key/key/key.core/../key.ui/examples/standard_key/inEqSimp/quadraticInEq.key.proof 
248445     DEBUG main            d.u.i.k.p.i.AbstractProblemLoader Environment load took 359ns 
248447     INFO  main            d.u.i.k.p.i.AbstractProblemLoader Creating init config 
250614     DEBUG main            d.u.i.k.p.i.AbstractProblemLoader Init config took 2.17s 
250627     INFO  main            d.u.i.k.p.i.AbstractProblemLoader Replaying proof quadraticInEq.key.proof 
250655     DEBUG main            d.u.i.k.p.i.IntermediateProofReplayer Proof replay took 23.58ms 
250657     DEBUG main            d.u.i.k.p.r.p.TestFile    ... success: reloaded. 
250658     INFO  main            d.u.i.k.p.r.p.TestFile    Now processing file /home/runner/work/key/key/key.core/../key.ui/examples/standard_key/inEqSimp/quadraticInEq10.key 
250658     INFO  main            d.u.i.k.p.i.AbstractProblemLoader Loading environment from /home/runner/work/key/key/key.core/../key.ui/examples/standard_key/inEqSimp/quadraticInEq10.key 
250658     DEBUG main            d.u.i.k.p.i.AbstractProblemLoader Environment load took 189.1ns 
250659     INFO  main            d.u.i.k.p.i.AbstractProblemLoader Creating init config 
252866     DEBUG main            d.u.i.k.p.i.AbstractProblemLoader Init config took 2.21s 
252878     INFO  main            d.u.i.k.p.i.AbstractProblemLoader Replaying proof quadraticInEq10.key 
252880     DEBUG main            d.u.i.k.p.i.IntermediateProofReplayer Proof replay took 3ns 
253087     INFO  main            d.u.i.k.p.r.p.TestFile    ... finished proof: closed. 
253382     INFO  main            d.u.i.k.p.i.AbstractProblemLoader Loading environment from /home/runner/work/key/key/key.core/../key.ui/examples/standard_key/inEqSimp/quadraticInEq10.key.proof 
253382     DEBUG main            d.u.i.k.p.i.AbstractProblemLoader Environment load took 90.6ns 
253383     INFO  main            d.u.i.k.p.i.AbstractProblemLoader Creating init config 
255574     DEBUG main            d.u.i.k.p.i.AbstractProblemLoader Init config took 2.19s 
255587     INFO  main            d.u.i.k.p.i.AbstractProblemLoader Replaying proof quadraticInEq10.key.proof 
255596     DEBUG main            d.u.i.k.p.i.IntermediateProofReplayer Proof replay took 7ms 
255597     DEBUG main            d.u.i.k.p.r.p.TestFile    ... success: reloaded. 
255598     INFO  main            d.u.i.k.p.r.p.TestFile    Now processing file /home/runner/work/key/key/key.core/../key.ui/examples/standard_key/inEqSimp/quadraticInEq13.key 
255598     INFO  main            d.u.i.k.p.i.AbstractProblemLoader Loading environment from /home/runner/work/key/key/key.core/../key.ui/examples/standard_key/inEqSimp/quadraticInEq13.key 
255598     DEBUG main            d.u.i.k.p.i.AbstractProblemLoader Environment load took 66.3ns 
255599     INFO  main            d.u.i.k.p.i.AbstractProblemLoader Creating init config 
257814     DEBUG main            d.u.i.k.p.i.AbstractProblemLoader Init config took 2.21s 
257841     INFO  main            d.u.i.k.p.i.AbstractProblemLoader Replaying proof quadraticInEq13.key 
257842     DEBUG main            d.u.i.k.p.i.IntermediateProofReplayer Proof replay took 3.1ns 
258044     INFO  main            d.u.i.k.p.r.p.TestFile    ... finished proof: closed. 
258351     INFO  main            d.u.i.k.p.i.AbstractProblemLoader Loading environment from /home/runner/work/key/key/key.core/../key.ui/examples/standard_key/inEqSimp/quadraticInEq13.key.proof 
258351     DEBUG main            d.u.i.k.p.i.AbstractProblemLoader Environment load took 76.3ns 
258352     INFO  main            d.u.i.k.p.i.AbstractProblemLoader Creating init config 
260518     DEBUG main            d.u.i.k.p.i.AbstractProblemLoader Init config took 2.17s 
260530     INFO  main            d.u.i.k.p.i.AbstractProblemLoader Replaying proof quadraticInEq13.key.proof 
260541     DEBUG main            d.u.i.k.p.i.IntermediateProofReplayer Proof replay took 8.2ms 
260542     DEBUG main            d.u.i.k.p.r.p.TestFile    ... success: reloaded. 
260542     INFO  main            d.u.i.k.p.r.p.TestFile    Now processing file /home/runner/work/key/key/key.core/../key.ui/examples/standard_key/inEqSimp/quadraticInEq14.key 
260542     INFO  main            d.u.i.k.p.i.AbstractProblemLoader Loading environment from /home/runner/work/key/key/key.core/../key.ui/examples/standard_key/inEqSimp/quadraticInEq14.key 
260542     DEBUG main            d.u.i.k.p.i.AbstractProblemLoader Environment load took 42.6ns 
260543     INFO  main            d.u.i.k.p.i.AbstractProblemLoader Creating init config 
262760     DEBUG main            d.u.i.k.p.i.AbstractProblemLoader Init config took 2.22s 
262772     INFO  main            d.u.i.k.p.i.AbstractProblemLoader Replaying proof quadraticInEq14.key 
262775     DEBUG main            d.u.i.k.p.i.IntermediateProofReplayer Proof replay took 2.7ns 
263077     INFO  main            d.u.i.k.p.r.p.TestFile    ... finished proof: closed. 
263394     INFO  main            d.u.i.k.p.i.AbstractProblemLoader Loading environment from /home/runner/work/key/key/key.core/../key.ui/examples/standard_key/inEqSimp/quadraticInEq14.key.proof 
263394     DEBUG main            d.u.i.k.p.i.AbstractProblemLoader Environment load took 85.1ns 
263395     INFO  main            d.u.i.k.p.i.AbstractProblemLoader Creating init config 
265563     DEBUG main            d.u.i.k.p.i.AbstractProblemLoader Init config took 2.17s 
265575     INFO  main            d.u.i.k.p.i.AbstractProblemLoader Replaying proof quadraticInEq14.key.proof 
265588     DEBUG main            d.u.i.k.p.i.IntermediateProofReplayer Proof replay took 10.32ms 
265589     DEBUG main            d.u.i.k.p.r.p.TestFile    ... success: reloaded. 
265590     INFO  main            d.u.i.k.p.r.p.TestFile    Now processing file /home/runner/work/key/key/key.core/../key.ui/examples/standard_key/inEqSimp/quadraticInEq2.key 
265590     INFO  main            d.u.i.k.p.i.AbstractProblemLoader Loading environment from /home/runner/work/key/key/key.core/../key.ui/examples/standard_key/inEqSimp/quadraticInEq2.key 
265590     DEBUG main            d.u.i.k.p.i.AbstractProblemLoader Environment load took 59.4ns 
265591     INFO  main            d.u.i.k.p.i.AbstractProblemLoader Creating init config 
267796     DEBUG main            d.u.i.k.p.i.AbstractProblemLoader Init config took 2.21s 
267808     INFO  main            d.u.i.k.p.i.AbstractProblemLoader Replaying proof quadraticInEq2.key 
267810     DEBUG main            d.u.i.k.p.i.IntermediateProofReplayer Proof replay took 2.3ns 
267911     INFO  main            d.u.i.k.p.r.p.TestFile    ... finished proof: closed. 
268223     INFO  main            d.u.i.k.p.i.AbstractProblemLoader Loading environment from /home/runner/work/key/key/key.core/../key.ui/examples/standard_key/inEqSimp/quadraticInEq2.key.proof 
268223     DEBUG main            d.u.i.k.p.i.AbstractProblemLoader Environment load took 77.9ns 
268224     INFO  main            d.u.i.k.p.i.AbstractProblemLoader Creating init config 
270394     DEBUG main            d.u.i.k.p.i.AbstractProblemLoader Init config took 2.17s 
270406     INFO  main            d.u.i.k.p.i.AbstractProblemLoader Replaying proof quadraticInEq2.key.proof 
270409     DEBUG main            d.u.i.k.p.i.IntermediateProofReplayer Proof replay took 1.52ms 
270409     DEBUG main            d.u.i.k.p.r.p.TestFile    ... success: reloaded. 
270410     INFO  main            d.u.i.k.p.r.p.TestFile    Now processing file /home/runner/work/key/key/key.core/../key.ui/examples/standard_key/inEqSimp/quadraticInEq3.key 
270410     INFO  main            d.u.i.k.p.i.AbstractProblemLoader Loading environment from /home/runner/work/key/key/key.core/../key.ui/examples/standard_key/inEqSimp/quadraticInEq3.key 
270410     DEBUG main            d.u.i.k.p.i.AbstractProblemLoader Environment load took 63.5ns 
270411     INFO  main            d.u.i.k.p.i.AbstractProblemLoader Creating init config 
272637     DEBUG main            d.u.i.k.p.i.AbstractProblemLoader Init config took 2.23s 
272650     INFO  main            d.u.i.k.p.i.AbstractProblemLoader Replaying proof quadraticInEq3.key 
272652     DEBUG main            d.u.i.k.p.i.IntermediateProofReplayer Proof replay took 3.4ns 
272753     INFO  main            d.u.i.k.p.r.p.TestFile    ... finished proof: closed. 
273050     INFO  main            d.u.i.k.p.i.AbstractProblemLoader Loading environment from /home/runner/work/key/key/key.core/../key.ui/examples/standard_key/inEqSimp/quadraticInEq3.key.proof 
273050     DEBUG main            d.u.i.k.p.i.AbstractProblemLoader Environment load took 77.6ns 
273054     INFO  main            d.u.i.k.p.i.AbstractProblemLoader Creating init config 
275212     DEBUG main            d.u.i.k.p.i.AbstractProblemLoader Init config took 2.16s 
275224     INFO  main            d.u.i.k.p.i.AbstractProblemLoader Replaying proof quadraticInEq3.key.proof 
275230     DEBUG main            d.u.i.k.p.i.IntermediateProofReplayer Proof replay took 3.9ms 
275230     DEBUG main            d.u.i.k.p.r.p.TestFile    ... success: reloaded. 
275231     INFO  main            d.u.i.k.p.r.p.TestFile    Now processing file /home/runner/work/key/key/key.core/../key.ui/examples/standard_key/inEqSimp/quadraticInEq4.key 
275231     INFO  main            d.u.i.k.p.i.AbstractProblemLoader Loading environment from /home/runner/work/key/key/key.core/../key.ui/examples/standard_key/inEqSimp/quadraticInEq4.key 
275232     DEBUG main            d.u.i.k.p.i.AbstractProblemLoader Environment load took 175.4ns 
275232     INFO  main            d.u.i.k.p.i.AbstractProblemLoader Creating init config 
277421     DEBUG main            d.u.i.k.p.i.AbstractProblemLoader Init config took 2.19s 
277433     INFO  main            d.u.i.k.p.i.AbstractProblemLoader Replaying proof quadraticInEq4.key 
277434     DEBUG main            d.u.i.k.p.i.IntermediateProofReplayer Proof replay took 3.4ns 
277536     INFO  main            d.u.i.k.p.r.p.TestFile    ... finished proof: closed. 
277861     INFO  main            d.u.i.k.p.i.AbstractProblemLoader Loading environment from /home/runner/work/key/key/key.core/../key.ui/examples/standard_key/inEqSimp/quadraticInEq4.key.proof 
277862     DEBUG main            d.u.i.k.p.i.AbstractProblemLoader Environment load took 86.9ns 
277862     INFO  main            d.u.i.k.p.i.AbstractProblemLoader Creating init config 
280084     DEBUG main            d.u.i.k.p.i.AbstractProblemLoader Init config took 2.22s 
280097     INFO  main            d.u.i.k.p.i.AbstractProblemLoader Replaying proof quadraticInEq4.key.proof 
280101     DEBUG main            d.u.i.k.p.i.IntermediateProofReplayer Proof replay took 2.45ms 
280101     DEBUG main            d.u.i.k.p.r.p.TestFile    ... success: reloaded. 
280102     INFO  main            d.u.i.k.p.r.p.TestFile    Now processing file /home/runner/work/key/key/key.core/../key.ui/examples/standard_key/inEqSimp/quadraticInEq5.key 
280102     INFO  main            d.u.i.k.p.i.AbstractProblemLoader Loading environment from /home/runner/work/key/key/key.core/../key.ui/examples/standard_key/inEqSimp/quadraticInEq5.key 
280102     DEBUG main            d.u.i.k.p.i.AbstractProblemLoader Environment load took 81.2ns 
280103     INFO  main            d.u.i.k.p.i.AbstractProblemLoader Creating init config 
282313     DEBUG main            d.u.i.k.p.i.AbstractProblemLoader Init config took 2.21s 
282341     INFO  main            d.u.i.k.p.i.AbstractProblemLoader Replaying proof quadraticInEq5.key 
282343     DEBUG main            d.u.i.k.p.i.IntermediateProofReplayer Proof replay took 2.7ns 
282445     INFO  main            d.u.i.k.p.r.p.TestFile    ... finished proof: closed. 
282763     INFO  main            d.u.i.k.p.i.AbstractProblemLoader Loading environment from /home/runner/work/key/key/key.core/../key.ui/examples/standard_key/inEqSimp/quadraticInEq5.key.proof 
282763     DEBUG main            d.u.i.k.p.i.AbstractProblemLoader Environment load took 76.1ns 
282764     INFO  main            d.u.i.k.p.i.AbstractProblemLoader Creating init config 
284919     DEBUG main            d.u.i.k.p.i.AbstractProblemLoader Init config took 2.15s 
284931     INFO  main            d.u.i.k.p.i.AbstractProblemLoader Replaying proof quadraticInEq5.key.proof 
284935     DEBUG main            d.u.i.k.p.i.IntermediateProofReplayer Proof replay took 2.45ms 
284935     DEBUG main            d.u.i.k.p.r.p.TestFile    ... success: reloaded. 
284936     INFO  main            d.u.i.k.p.r.p.TestFile    Now processing file /home/runner/work/key/key/key.core/../key.ui/examples/standard_key/inEqSimp/quadraticInEq6.key 
284936     INFO  main            d.u.i.k.p.i.AbstractProblemLoader Loading environment from /home/runner/work/key/key/key.core/../key.ui/examples/standard_key/inEqSimp/quadraticInEq6.key 
284936     DEBUG main            d.u.i.k.p.i.AbstractProblemLoader Environment load took 43.5ns 
284937     INFO  main            d.u.i.k.p.i.AbstractProblemLoader Creating init config 
287121     DEBUG main            d.u.i.k.p.i.AbstractProblemLoader Init config took 2.18s 
287134     INFO  main            d.u.i.k.p.i.AbstractProblemLoader Replaying proof quadraticInEq6.key 
287135     DEBUG main            d.u.i.k.p.i.IntermediateProofReplayer Proof replay took 3.1ns 
287237     INFO  main            d.u.i.k.p.r.p.TestFile    ... finished proof: closed. 
287563     INFO  main            d.u.i.k.p.i.AbstractProblemLoader Loading environment from /home/runner/work/key/key/key.core/../key.ui/examples/standard_key/inEqSimp/quadraticInEq6.key.proof 
287563     DEBUG main            d.u.i.k.p.i.AbstractProblemLoader Environment load took 73.7ns 
287563     INFO  main            d.u.i.k.p.i.AbstractProblemLoader Creating init config 
289711     DEBUG main            d.u.i.k.p.i.AbstractProblemLoader Init config took 2.15s 
289723     INFO  main            d.u.i.k.p.i.AbstractProblemLoader Replaying proof quadraticInEq6.key.proof 
289728     DEBUG main            d.u.i.k.p.i.IntermediateProofReplayer Proof replay took 2.81ms 
289728     DEBUG main            d.u.i.k.p.r.p.TestFile    ... success: reloaded. 
289729     INFO  main            d.u.i.k.p.r.p.TestFile    Now processing file /home/runner/work/key/key/key.core/../key.ui/examples/standard_key/inEqSimp/quadraticInEq7.key 
289729     INFO  main            d.u.i.k.p.i.AbstractProblemLoader Loading environment from /home/runner/work/key/key/key.core/../key.ui/examples/standard_key/inEqSimp/quadraticInEq7.key 
289729     DEBUG main            d.u.i.k.p.i.AbstractProblemLoader Environment load took 45.1ns 
289730     INFO  main            d.u.i.k.p.i.AbstractProblemLoader Creating init config 
291906     DEBUG main            d.u.i.k.p.i.AbstractProblemLoader Init config took 2.18s 
291918     INFO  main            d.u.i.k.p.i.AbstractProblemLoader Replaying proof quadraticInEq7.key 
291919     DEBUG main            d.u.i.k.p.i.IntermediateProofReplayer Proof replay took 2.6ns 
292021     INFO  main            d.u.i.k.p.r.p.TestFile    ... finished proof: closed. 
292338     INFO  main            d.u.i.k.p.i.AbstractProblemLoader Loading environment from /home/runner/work/key/key/key.core/../key.ui/examples/standard_key/inEqSimp/quadraticInEq7.key.proof 
292339     DEBUG main            d.u.i.k.p.i.AbstractProblemLoader Environment load took 78.7ns 
292339     INFO  main            d.u.i.k.p.i.AbstractProblemLoader Creating init config 
294488     DEBUG main            d.u.i.k.p.i.AbstractProblemLoader Init config took 2.15s 
294500     INFO  main            d.u.i.k.p.i.AbstractProblemLoader Replaying proof quadraticInEq7.key.proof 
294503     DEBUG main            d.u.i.k.p.i.IntermediateProofReplayer Proof replay took 1.27ms 
294503     DEBUG main            d.u.i.k.p.r.p.TestFile    ... success: reloaded. 
294504     INFO  main            d.u.i.k.p.r.p.TestFile    Now processing file /home/runner/work/key/key/key.core/../key.ui/examples/standard_key/inEqSimp/quadraticInEq8.key 
294504     INFO  main            d.u.i.k.p.i.AbstractProblemLoader Loading environment from /home/runner/work/key/key/key.core/../key.ui/examples/standard_key/inEqSimp/quadraticInEq8.key 
294504     DEBUG main            d.u.i.k.p.i.AbstractProblemLoader Environment load took 59.3ns 
294505     INFO  main            d.u.i.k.p.i.AbstractProblemLoader Creating init config 
296687     DEBUG main            d.u.i.k.p.i.AbstractProblemLoader Init config took 2.18s 
296699     INFO  main            d.u.i.k.p.i.AbstractProblemLoader Replaying proof quadraticInEq8.key 
296700     DEBUG main            d.u.i.k.p.i.IntermediateProofReplayer Proof replay took 2.5ns 
296802     INFO  main            d.u.i.k.p.r.p.TestFile    ... finished proof: closed. 
297148     INFO  main            d.u.i.k.p.i.AbstractProblemLoader Loading environment from /home/runner/work/key/key/key.core/../key.ui/examples/standard_key/inEqSimp/quadraticInEq8.key.proof 
297148     DEBUG main            d.u.i.k.p.i.AbstractProblemLoader Environment load took 76ns 
297149     INFO  main            d.u.i.k.p.i.AbstractProblemLoader Creating init config 
299307     DEBUG main            d.u.i.k.p.i.AbstractProblemLoader Init config took 2.16s 
299322     INFO  main            d.u.i.k.p.i.AbstractProblemLoader Replaying proof quadraticInEq8.key.proof 
299328     DEBUG main            d.u.i.k.p.i.IntermediateProofReplayer Proof replay took 3.76ms 
299329     DEBUG main            d.u.i.k.p.r.p.TestFile    ... success: reloaded. 
299330     INFO  main            d.u.i.k.p.r.p.TestFile    Now processing file /home/runner/work/key/key/key.core/../key.ui/examples/standard_key/inEqSimp/simplify0.key 
299330     INFO  main            d.u.i.k.p.i.AbstractProblemLoader Loading environment from /home/runner/work/key/key/key.core/../key.ui/examples/standard_key/inEqSimp/simplify0.key 
299330     DEBUG main            d.u.i.k.p.i.AbstractProblemLoader Environment load took 41.8ns 
299331     INFO  main            d.u.i.k.p.i.AbstractProblemLoader Creating init config 
301512     DEBUG main            d.u.i.k.p.i.AbstractProblemLoader Init config took 2.18s 
301525     INFO  main            d.u.i.k.p.i.AbstractProblemLoader Replaying proof simplify0.key 
301526     DEBUG main            d.u.i.k.p.i.IntermediateProofReplayer Proof replay took 2.2ns 
301627     INFO  main            d.u.i.k.p.r.p.TestFile    ... finished proof: closed. 
301970     INFO  main            d.u.i.k.p.i.AbstractProblemLoader Loading environment from /home/runner/work/key/key/key.core/../key.ui/examples/standard_key/inEqSimp/simplify0.key.proof 
301970     DEBUG main            d.u.i.k.p.i.AbstractProblemLoader Environment load took 82ns 
301971     INFO  main            d.u.i.k.p.i.AbstractProblemLoader Creating init config 
304122     DEBUG main            d.u.i.k.p.i.AbstractProblemLoader Init config took 2.15s 
304135     INFO  main            d.u.i.k.p.i.AbstractProblemLoader Replaying proof simplify0.key.proof 
304137     DEBUG main            d.u.i.k.p.i.IntermediateProofReplayer Proof replay took 700ns 
304138     DEBUG main            d.u.i.k.p.r.p.TestFile    ... success: reloaded. 
304138     INFO  main            d.u.i.k.p.r.p.TestFile    Now processing file /home/runner/work/key/key/key.core/../key.ui/examples/standard_key/inEqSimp/simplify1.key 
304138     INFO  main            d.u.i.k.p.i.AbstractProblemLoader Loading environment from /home/runner/work/key/key/key.core/../key.ui/examples/standard_key/inEqSimp/simplify1.key 
304138     DEBUG main            d.u.i.k.p.i.AbstractProblemLoader Environment load took 42.6ns 
304139     INFO  main            d.u.i.k.p.i.AbstractProblemLoader Creating init config 
306327     DEBUG main            d.u.i.k.p.i.AbstractProblemLoader Init config took 2.19s 
306338     INFO  main            d.u.i.k.p.i.AbstractProblemLoader Replaying proof simplify1.key 
306339     DEBUG main            d.u.i.k.p.i.IntermediateProofReplayer Proof replay took 2.4ns 
306441     INFO  main            d.u.i.k.p.r.p.TestFile    ... finished proof: closed. 
306782     INFO  main            d.u.i.k.p.i.AbstractProblemLoader Loading environment from /home/runner/work/key/key/key.core/../key.ui/examples/standard_key/inEqSimp/simplify1.key.proof 
306782     DEBUG main            d.u.i.k.p.i.AbstractProblemLoader Environment load took 71.5ns 
306783     INFO  main            d.u.i.k.p.i.AbstractProblemLoader Creating init config 
308931     DEBUG main            d.u.i.k.p.i.AbstractProblemLoader Init config took 2.15s 
308943     INFO  main            d.u.i.k.p.i.AbstractProblemLoader Replaying proof simplify1.key.proof 
308945     DEBUG main            d.u.i.k.p.i.IntermediateProofReplayer Proof replay took 717ns 
308946     DEBUG main            d.u.i.k.p.r.p.TestFile    ... success: reloaded. 
308946     INFO  main            d.u.i.k.p.r.p.TestFile    Now processing file /home/runner/work/key/key/key.core/../key.ui/examples/standard_key/inEqSimp/simplify2.key 
308946     INFO  main            d.u.i.k.p.i.AbstractProblemLoader Loading environment from /home/runner/work/key/key/key.core/../key.ui/examples/standard_key/inEqSimp/simplify2.key 
308946     DEBUG main            d.u.i.k.p.i.AbstractProblemLoader Environment load took 41.5ns 
308947     INFO  main            d.u.i.k.p.i.AbstractProblemLoader Creating init config 
311133     DEBUG main            d.u.i.k.p.i.AbstractProblemLoader Init config took 2.19s 
311145     INFO  main            d.u.i.k.p.i.AbstractProblemLoader Replaying proof simplify2.key 
311146     DEBUG main            d.u.i.k.p.i.IntermediateProofReplayer Proof replay took 2.9ns 
311247     INFO  main            d.u.i.k.p.r.p.TestFile    ... finished proof: closed. 
311587     INFO  main            d.u.i.k.p.i.AbstractProblemLoader Loading environment from /home/runner/work/key/key/key.core/../key.ui/examples/standard_key/inEqSimp/simplify2.key.proof 
311587     DEBUG main            d.u.i.k.p.i.AbstractProblemLoader Environment load took 72.1ns 
311588     INFO  main            d.u.i.k.p.i.AbstractProblemLoader Creating init config 
313741     DEBUG main            d.u.i.k.p.i.AbstractProblemLoader Init config took 2.15s 
313754     INFO  main            d.u.i.k.p.i.AbstractProblemLoader Replaying proof simplify2.key.proof 
313761     DEBUG main            d.u.i.k.p.i.IntermediateProofReplayer Proof replay took 5.68ms 
313762     DEBUG main            d.u.i.k.p.r.p.TestFile    ... success: reloaded. 
313763     INFO  main            d.u.i.k.p.r.p.TestFile    Now processing file /home/runner/work/key/key/key.core/../key.ui/examples/standard_key/inEqSimp/simplify3.key 
313763     INFO  main            d.u.i.k.p.i.AbstractProblemLoader Loading environment from /home/runner/work/key/key/key.core/../key.ui/examples/standard_key/inEqSimp/simplify3.key 
313763     DEBUG main            d.u.i.k.p.i.AbstractProblemLoader Environment load took 45.3ns 
313764     INFO  main            d.u.i.k.p.i.AbstractProblemLoader Creating init config 
315953     DEBUG main            d.u.i.k.p.i.AbstractProblemLoader Init config took 2.19s 
315965     INFO  main            d.u.i.k.p.i.AbstractProblemLoader Replaying proof simplify3.key 
315966     DEBUG main            d.u.i.k.p.i.IntermediateProofReplayer Proof replay took 3ns 
316067     INFO  main            d.u.i.k.p.r.p.TestFile    ... finished proof: closed. 
316414     INFO  main            d.u.i.k.p.i.AbstractProblemLoader Loading environment from /home/runner/work/key/key/key.core/../key.ui/examples/standard_key/inEqSimp/simplify3.key.proof 
316414     DEBUG main            d.u.i.k.p.i.AbstractProblemLoader Environment load took 70.4ns 
316415     INFO  main            d.u.i.k.p.i.AbstractProblemLoader Creating init config 
318571     DEBUG main            d.u.i.k.p.i.AbstractProblemLoader Init config took 2.16s 
318583     INFO  main            d.u.i.k.p.i.AbstractProblemLoader Replaying proof simplify3.key.proof 
318586     DEBUG main            d.u.i.k.p.i.IntermediateProofReplayer Proof replay took 1.32ms 
318586     DEBUG main            d.u.i.k.p.r.p.TestFile    ... success: reloaded. 
318587     INFO  main            d.u.i.k.p.r.p.TestFile    Now processing file /home/runner/work/key/key/key.core/../key.ui/examples/standard_key/inEqSimp/simplify4.key 
318587     INFO  main            d.u.i.k.p.i.AbstractProblemLoader Loading environment from /home/runner/work/key/key/key.core/../key.ui/examples/standard_key/inEqSimp/simplify4.key 
318587     DEBUG main            d.u.i.k.p.i.AbstractProblemLoader Environment load took 42.2ns 
318588     INFO  main            d.u.i.k.p.i.AbstractProblemLoader Creating init config 
320784     DEBUG main            d.u.i.k.p.i.AbstractProblemLoader Init config took 2.2s 
320797     INFO  main            d.u.i.k.p.i.AbstractProblemLoader Replaying proof simplify4.key 
320798     DEBUG main            d.u.i.k.p.i.IntermediateProofReplayer Proof replay took 2.7ns 
320899     INFO  main            d.u.i.k.p.r.p.TestFile    ... finished proof: closed. 
321270     INFO  main            d.u.i.k.p.i.AbstractProblemLoader Loading environment from /home/runner/work/key/key/key.core/../key.ui/examples/standard_key/inEqSimp/simplify4.key.proof 
321270     DEBUG main            d.u.i.k.p.i.AbstractProblemLoader Environment load took 75.8ns 
321271     INFO  main            d.u.i.k.p.i.AbstractProblemLoader Creating init config 
323429     DEBUG main            d.u.i.k.p.i.AbstractProblemLoader Init config took 2.16s 
323442     INFO  main            d.u.i.k.p.i.AbstractProblemLoader Replaying proof simplify4.key.proof 
323448     DEBUG main            d.u.i.k.p.i.IntermediateProofReplayer Proof replay took 4.59ms 
323449     DEBUG main            d.u.i.k.p.r.p.TestFile    ... success: reloaded. 
323449     INFO  main            d.u.i.k.p.r.p.TestFile    Now processing file /home/runner/work/key/key/key.core/../key.ui/examples/standard_key/inEqSimp/simplify5.key 
323450     INFO  main            d.u.i.k.p.i.AbstractProblemLoader Loading environment from /home/runner/work/key/key/key.core/../key.ui/examples/standard_key/inEqSimp/simplify5.key 
323450     DEBUG main            d.u.i.k.p.i.AbstractProblemLoader Environment load took 67.6ns 
323451     INFO  main            d.u.i.k.p.i.AbstractProblemLoader Creating init config 
325631     DEBUG main            d.u.i.k.p.i.AbstractProblemLoader Init config took 2.18s 
325658     INFO  main            d.u.i.k.p.i.AbstractProblemLoader Replaying proof simplify5.key 
325660     DEBUG main            d.u.i.k.p.i.IntermediateProofReplayer Proof replay took 2.4ns 
326163     INFO  main            d.u.i.k.p.r.p.TestFile    ... finished proof: closed. 
326541     INFO  main            d.u.i.k.p.i.AbstractProblemLoader Loading environment from /home/runner/work/key/key/key.core/../key.ui/examples/standard_key/inEqSimp/simplify5.key.proof 
326541     DEBUG main            d.u.i.k.p.i.AbstractProblemLoader Environment load took 101.1ns 
326543     INFO  main            d.u.i.k.p.i.AbstractProblemLoader Creating init config 
328690     DEBUG main            d.u.i.k.p.i.AbstractProblemLoader Init config took 2.15s 
328703     INFO  main            d.u.i.k.p.i.AbstractProblemLoader Replaying proof simplify5.key.proof 
328738     DEBUG main            d.u.i.k.p.i.IntermediateProofReplayer Proof replay took 29.98ms 
328739     DEBUG main            d.u.i.k.p.r.p.TestFile    ... success: reloaded. 
328740     INFO  main            d.u.i.k.p.r.p.TestFile    Now processing file /home/runner/work/key/key/key.core/../key.ui/examples/standard_key/inEqSimp/subsumptionExample.key 
328740     INFO  main            d.u.i.k.p.i.AbstractProblemLoader Loading environment from /home/runner/work/key/key/key.core/../key.ui/examples/standard_key/inEqSimp/subsumptionExample.key 
328740     DEBUG main            d.u.i.k.p.i.AbstractProblemLoader Environment load took 61.6ns 
328742     INFO  main            d.u.i.k.p.i.AbstractProblemLoader Creating init config 
330934     DEBUG main            d.u.i.k.p.i.AbstractProblemLoader Init config took 2.19s 
330946     INFO  main            d.u.i.k.p.i.AbstractProblemLoader Replaying proof subsumptionExample.key 
330947     DEBUG main            d.u.i.k.p.i.IntermediateProofReplayer Proof replay took 2.3ns 
331048     INFO  main            d.u.i.k.p.r.p.TestFile    ... finished proof: closed. 
331433     INFO  main            d.u.i.k.p.i.AbstractProblemLoader Loading environment from /home/runner/work/key/key/key.core/../key.ui/examples/standard_key/inEqSimp/subsumptionExample.key.proof 
331433     DEBUG main            d.u.i.k.p.i.AbstractProblemLoader Environment load took 76.2ns 
331434     INFO  main            d.u.i.k.p.i.AbstractProblemLoader Creating init config 
333593     DEBUG main            d.u.i.k.p.i.AbstractProblemLoader Init config took 2.16s 
333605     INFO  main            d.u.i.k.p.i.AbstractProblemLoader Replaying proof subsumptionExample.key.proof 
333606     DEBUG main            d.u.i.k.p.i.IntermediateProofReplayer Proof replay took 514.1ns 
333607     DEBUG main            d.u.i.k.p.r.p.TestFile    ... success: reloaded. 
333607     INFO  main            d.u.i.k.p.r.p.TestFile    Now processing file /home/runner/work/key/key/key.core/../key.ui/examples/standard_key/polySimp/simplify0.key 
333607     INFO  main            d.u.i.k.p.i.AbstractProblemLoader Loading environment from /home/runner/work/key/key/key.core/../key.ui/examples/standard_key/polySimp/simplify0.key 
333607     DEBUG main            d.u.i.k.p.i.AbstractProblemLoader Environment load took 42.6ns 
333608     INFO  main            d.u.i.k.p.i.AbstractProblemLoader Creating init config 
335796     DEBUG main            d.u.i.k.p.i.AbstractProblemLoader Init config took 2.19s 
335811     INFO  main            d.u.i.k.p.i.AbstractProblemLoader Replaying proof simplify0.key 
335812     DEBUG main            d.u.i.k.p.i.IntermediateProofReplayer Proof replay took 2.6ns 
336014     INFO  main            d.u.i.k.p.r.p.TestFile    ... finished proof: closed. 
336387     INFO  main            d.u.i.k.p.i.AbstractProblemLoader Loading environment from /home/runner/work/key/key/key.core/../key.ui/examples/standard_key/polySimp/simplify0.key.proof 
336388     DEBUG main            d.u.i.k.p.i.AbstractProblemLoader Environment load took 74.7ns 
336389     INFO  main            d.u.i.k.p.i.AbstractProblemLoader Creating init config 
338541     DEBUG main            d.u.i.k.p.i.AbstractProblemLoader Init config took 2.15s 
338554     INFO  main            d.u.i.k.p.i.AbstractProblemLoader Replaying proof simplify0.key.proof 
338561     DEBUG main            d.u.i.k.p.i.IntermediateProofReplayer Proof replay took 4.39ms 
338562     DEBUG main            d.u.i.k.p.r.p.TestFile    ... success: reloaded. 
338562     INFO  main            d.u.i.k.p.r.p.TestFile    Now processing file /home/runner/work/key/key/key.core/../key.ui/examples/standard_key/polySimp/simplify1.key 
338562     INFO  main            d.u.i.k.p.i.AbstractProblemLoader Loading environment from /home/runner/work/key/key/key.core/../key.ui/examples/standard_key/polySimp/simplify1.key 
338562     DEBUG main            d.u.i.k.p.i.AbstractProblemLoader Environment load took 88.3ns 
338563     INFO  main            d.u.i.k.p.i.AbstractProblemLoader Creating init config 
340775     DEBUG main            d.u.i.k.p.i.AbstractProblemLoader Init config took 2.21s 
340788     INFO  main            d.u.i.k.p.i.AbstractProblemLoader Replaying proof simplify1.key 
340789     DEBUG main            d.u.i.k.p.i.IntermediateProofReplayer Proof replay took 2.4ns 
341091     INFO  main            d.u.i.k.p.r.p.TestFile    ... finished proof: closed. 
341500     INFO  main            d.u.i.k.p.i.AbstractProblemLoader Loading environment from /home/runner/work/key/key/key.core/../key.ui/examples/standard_key/polySimp/simplify1.key.proof 
341500     DEBUG main            d.u.i.k.p.i.AbstractProblemLoader Environment load took 72.6ns 
341502     INFO  main            d.u.i.k.p.i.AbstractProblemLoader Creating init config 
343650     DEBUG main            d.u.i.k.p.i.AbstractProblemLoader Init config took 2.15s 
343663     INFO  main            d.u.i.k.p.i.AbstractProblemLoader Replaying proof simplify1.key.proof 
343671     DEBUG main            d.u.i.k.p.i.IntermediateProofReplayer Proof replay took 6.12ms 
343672     DEBUG main            d.u.i.k.p.r.p.TestFile    ... success: reloaded. 
343672     INFO  main            d.u.i.k.p.r.p.TestFile    Now processing file /home/runner/work/key/key/key.core/../key.ui/examples/standard_key/polySimp/simplify10.key 
343672     INFO  main            d.u.i.k.p.i.AbstractProblemLoader Loading environment from /home/runner/work/key/key/key.core/../key.ui/examples/standard_key/polySimp/simplify10.key 
343673     DEBUG main            d.u.i.k.p.i.AbstractProblemLoader Environment load took 41.8ns 
343674     INFO  main            d.u.i.k.p.i.AbstractProblemLoader Creating init config 
345864     DEBUG main            d.u.i.k.p.i.AbstractProblemLoader Init config took 2.19s 
345878     INFO  main            d.u.i.k.p.i.AbstractProblemLoader Replaying proof simplify10.key 
345879     DEBUG main            d.u.i.k.p.i.IntermediateProofReplayer Proof replay took 2.8ns 
346081     INFO  main            d.u.i.k.p.r.p.TestFile    ... finished proof: closed. 
346493     INFO  main            d.u.i.k.p.i.AbstractProblemLoader Loading environment from /home/runner/work/key/key/key.core/../key.ui/examples/standard_key/polySimp/simplify10.key.proof 
346493     DEBUG main            d.u.i.k.p.i.AbstractProblemLoader Environment load took 72.3ns 
346494     INFO  main            d.u.i.k.p.i.AbstractProblemLoader Creating init config 
348650     DEBUG main            d.u.i.k.p.i.AbstractProblemLoader Init config took 2.16s 
348664     INFO  main            d.u.i.k.p.i.AbstractProblemLoader Replaying proof simplify10.key.proof 
348675     DEBUG main            d.u.i.k.p.i.IntermediateProofReplayer Proof replay took 8.06ms 
348676     DEBUG main            d.u.i.k.p.r.p.TestFile    ... success: reloaded. 
348677     INFO  main            d.u.i.k.p.r.p.TestFile    Now processing file /home/runner/work/key/key/key.core/../key.ui/examples/standard_key/polySimp/simplify11.key 
348677     INFO  main            d.u.i.k.p.i.AbstractProblemLoader Loading environment from /home/runner/work/key/key/key.core/../key.ui/examples/standard_key/polySimp/simplify11.key 
348677     DEBUG main            d.u.i.k.p.i.AbstractProblemLoader Environment load took 165.7ns 
348678     INFO  main            d.u.i.k.p.i.AbstractProblemLoader Creating init config 
350882     DEBUG main            d.u.i.k.p.i.AbstractProblemLoader Init config took 2.2s 
350907     INFO  main            d.u.i.k.p.i.AbstractProblemLoader Replaying proof simplify11.key 
350908     DEBUG main            d.u.i.k.p.i.IntermediateProofReplayer Proof replay took 2.3ns 
351110     INFO  main            d.u.i.k.p.r.p.TestFile    ... finished proof: closed. 
351517     INFO  main            d.u.i.k.p.i.AbstractProblemLoader Loading environment from /home/runner/work/key/key/key.core/../key.ui/examples/standard_key/polySimp/simplify11.key.proof 
351517     DEBUG main            d.u.i.k.p.i.AbstractProblemLoader Environment load took 73.3ns 
351518     INFO  main            d.u.i.k.p.i.AbstractProblemLoader Creating init config 
353674     DEBUG main            d.u.i.k.p.i.AbstractProblemLoader Init config took 2.16s 
353687     INFO  main            d.u.i.k.p.i.AbstractProblemLoader Replaying proof simplify11.key.proof 
353697     DEBUG main            d.u.i.k.p.i.IntermediateProofReplayer Proof replay took 6.85ms 
353698     DEBUG main            d.u.i.k.p.r.p.TestFile    ... success: reloaded. 
353698     INFO  main            d.u.i.k.p.r.p.TestFile    Now processing file /home/runner/work/key/key/key.core/../key.ui/examples/standard_key/polySimp/simplify12.key 
353698     INFO  main            d.u.i.k.p.i.AbstractProblemLoader Loading environment from /home/runner/work/key/key/key.core/../key.ui/examples/standard_key/polySimp/simplify12.key 
353698     DEBUG main            d.u.i.k.p.i.AbstractProblemLoader Environment load took 40.3ns 
353699     INFO  main            d.u.i.k.p.i.AbstractProblemLoader Creating init config 
355908     DEBUG main            d.u.i.k.p.i.AbstractProblemLoader Init config took 2.21s 
355921     INFO  main            d.u.i.k.p.i.AbstractProblemLoader Replaying proof simplify12.key 
355921     DEBUG main            d.u.i.k.p.i.IntermediateProofReplayer Proof replay took 2.5ns 
356023     INFO  main            d.u.i.k.p.r.p.TestFile    ... finished proof: closed. 
356429     INFO  main            d.u.i.k.p.i.AbstractProblemLoader Loading environment from /home/runner/work/key/key/key.core/../key.ui/examples/standard_key/polySimp/simplify12.key.proof 
356429     DEBUG main            d.u.i.k.p.i.AbstractProblemLoader Environment load took 74ns 
356430     INFO  main            d.u.i.k.p.i.AbstractProblemLoader Creating init config 
358602     DEBUG main            d.u.i.k.p.i.AbstractProblemLoader Init config took 2.17s 
358615     INFO  main            d.u.i.k.p.i.AbstractProblemLoader Replaying proof simplify12.key.proof 
358620     DEBUG main            d.u.i.k.p.i.IntermediateProofReplayer Proof replay took 3.29ms 
358620     DEBUG main            d.u.i.k.p.r.p.TestFile    ... success: reloaded. 
358621     INFO  main            d.u.i.k.p.r.p.TestFile    Now processing file /home/runner/work/key/key/key.core/../key.ui/examples/standard_key/polySimp/simplify13.key 
358621     INFO  main            d.u.i.k.p.i.AbstractProblemLoader Loading environment from /home/runner/work/key/key/key.core/../key.ui/examples/standard_key/polySimp/simplify13.key 
358621     DEBUG main            d.u.i.k.p.i.AbstractProblemLoader Environment load took 39.7ns 
358622     INFO  main            d.u.i.k.p.i.AbstractProblemLoader Creating init config 
360817     DEBUG main            d.u.i.k.p.i.AbstractProblemLoader Init config took 2.2s 
360829     INFO  main            d.u.i.k.p.i.AbstractProblemLoader Replaying proof simplify13.key 
360830     DEBUG main            d.u.i.k.p.i.IntermediateProofReplayer Proof replay took 2.4ns 
360932     INFO  main            d.u.i.k.p.r.p.TestFile    ... finished proof: closed. 
361326     INFO  main            d.u.i.k.p.i.AbstractProblemLoader Loading environment from /home/runner/work/key/key/key.core/../key.ui/examples/standard_key/polySimp/simplify13.key.proof 
361326     DEBUG main            d.u.i.k.p.i.AbstractProblemLoader Environment load took 83.4ns 
361327     INFO  main            d.u.i.k.p.i.AbstractProblemLoader Creating init config 
363486     DEBUG main            d.u.i.k.p.i.AbstractProblemLoader Init config took 2.16s 
363498     INFO  main            d.u.i.k.p.i.AbstractProblemLoader Replaying proof simplify13.key.proof 
363502     DEBUG main            d.u.i.k.p.i.IntermediateProofReplayer Proof replay took 1.99ms 
363503     DEBUG main            d.u.i.k.p.r.p.TestFile    ... success: reloaded. 
363503     INFO  main            d.u.i.k.p.r.p.TestFile    Now processing file /home/runner/work/key/key/key.core/../key.ui/examples/standard_key/polySimp/simplify14.key 
363503     INFO  main            d.u.i.k.p.i.AbstractProblemLoader Loading environment from /home/runner/work/key/key/key.core/../key.ui/examples/standard_key/polySimp/simplify14.key 
363503     DEBUG main            d.u.i.k.p.i.AbstractProblemLoader Environment load took 39.1ns 
363504     INFO  main            d.u.i.k.p.i.AbstractProblemLoader Creating init config 
365706     DEBUG main            d.u.i.k.p.i.AbstractProblemLoader Init config took 2.2s 
365719     INFO  main            d.u.i.k.p.i.AbstractProblemLoader Replaying proof simplify14.key 
365720     DEBUG main            d.u.i.k.p.i.IntermediateProofReplayer Proof replay took 3ns 
365821     INFO  main            d.u.i.k.p.r.p.TestFile    ... finished proof: closed. 
366216     INFO  main            d.u.i.k.p.i.AbstractProblemLoader Loading environment from /home/runner/work/key/key/key.core/../key.ui/examples/standard_key/polySimp/simplify14.key.proof 
366216     DEBUG main            d.u.i.k.p.i.AbstractProblemLoader Environment load took 72.2ns 
366217     INFO  main            d.u.i.k.p.i.AbstractProblemLoader Creating init config 
368368     DEBUG main            d.u.i.k.p.i.AbstractProblemLoader Init config took 2.15s 
368388     INFO  main            d.u.i.k.p.i.AbstractProblemLoader Replaying proof simplify14.key.proof 
368391     DEBUG main            d.u.i.k.p.i.IntermediateProofReplayer Proof replay took 454.8ns 
368392     DEBUG main            d.u.i.k.p.r.p.TestFile    ... success: reloaded. 
368392     INFO  main            d.u.i.k.p.r.p.TestFile    Now processing file /home/runner/work/key/key/key.core/../key.ui/examples/standard_key/polySimp/simplify15.key 
368393     INFO  main            d.u.i.k.p.i.AbstractProblemLoader Loading environment from /home/runner/work/key/key/key.core/../key.ui/examples/standard_key/polySimp/simplify15.key 
368393     DEBUG main            d.u.i.k.p.i.AbstractProblemLoader Environment load took 40ns 
368393     INFO  main            d.u.i.k.p.i.AbstractProblemLoader Creating init config 
370603     DEBUG main            d.u.i.k.p.i.AbstractProblemLoader Init config took 2.21s 
370616     INFO  main            d.u.i.k.p.i.AbstractProblemLoader Replaying proof simplify15.key 
370617     DEBUG main            d.u.i.k.p.i.IntermediateProofReplayer Proof replay took 3ns 
370718     INFO  main            d.u.i.k.p.r.p.TestFile    ... finished proof: closed. 
371114     INFO  main            d.u.i.k.p.i.AbstractProblemLoader Loading environment from /home/runner/work/key/key/key.core/../key.ui/examples/standard_key/polySimp/simplify15.key.proof 
371115     DEBUG main            d.u.i.k.p.i.AbstractProblemLoader Environment load took 66.8ns 
371115     INFO  main            d.u.i.k.p.i.AbstractProblemLoader Creating init config 
373281     DEBUG main            d.u.i.k.p.i.AbstractProblemLoader Init config took 2.17s 
373293     INFO  main            d.u.i.k.p.i.AbstractProblemLoader Replaying proof simplify15.key.proof 
373294     DEBUG main            d.u.i.k.p.i.IntermediateProofReplayer Proof replay took 295.8ns 
373295     DEBUG main            d.u.i.k.p.r.p.TestFile    ... success: reloaded. 
373295     INFO  main            d.u.i.k.p.r.p.TestFile    Now processing file /home/runner/work/key/key/key.core/../key.ui/examples/standard_key/polySimp/simplify16.key 
373296     INFO  main            d.u.i.k.p.i.AbstractProblemLoader Loading environment from /home/runner/work/key/key/key.core/../key.ui/examples/standard_key/polySimp/simplify16.key 
373296     DEBUG main            d.u.i.k.p.i.AbstractProblemLoader Environment load took 52.8ns 
373296     INFO  main            d.u.i.k.p.i.AbstractProblemLoader Creating init config 
375498     DEBUG main            d.u.i.k.p.i.AbstractProblemLoader Init config took 2.2s 
375510     INFO  main            d.u.i.k.p.i.AbstractProblemLoader Replaying proof simplify16.key 
375511     DEBUG main            d.u.i.k.p.i.IntermediateProofReplayer Proof replay took 2.3ns 
375613     INFO  main            d.u.i.k.p.r.p.TestFile    ... finished proof: closed. 
376014     INFO  main            d.u.i.k.p.i.AbstractProblemLoader Loading environment from /home/runner/work/key/key/key.core/../key.ui/examples/standard_key/polySimp/simplify16.key.proof 
376014     DEBUG main            d.u.i.k.p.i.AbstractProblemLoader Environment load took 69.7ns 
376015     INFO  main            d.u.i.k.p.i.AbstractProblemLoader Creating init config 
378171     DEBUG main            d.u.i.k.p.i.AbstractProblemLoader Init config took 2.16s 
378183     INFO  main            d.u.i.k.p.i.AbstractProblemLoader Replaying proof simplify16.key.proof 
378185     DEBUG main            d.u.i.k.p.i.IntermediateProofReplayer Proof replay took 204.1ns 
378185     DEBUG main            d.u.i.k.p.r.p.TestFile    ... success: reloaded. 
378185     INFO  main            d.u.i.k.p.r.p.TestFile    Now processing file /home/runner/work/key/key/key.core/../key.ui/examples/standard_key/polySimp/simplify17.key 
378186     INFO  main            d.u.i.k.p.i.AbstractProblemLoader Loading environment from /home/runner/work/key/key/key.core/../key.ui/examples/standard_key/polySimp/simplify17.key 
378186     DEBUG main            d.u.i.k.p.i.AbstractProblemLoader Environment load took 40.1ns 
378186     INFO  main            d.u.i.k.p.i.AbstractProblemLoader Creating init config 
380377     DEBUG main            d.u.i.k.p.i.AbstractProblemLoader Init config took 2.19s 
380389     INFO  main            d.u.i.k.p.i.AbstractProblemLoader Replaying proof simplify17.key 
380390     DEBUG main            d.u.i.k.p.i.IntermediateProofReplayer Proof replay took 2.7ns 
380492     INFO  main            d.u.i.k.p.r.p.TestFile    ... finished proof: closed. 
380915     INFO  main            d.u.i.k.p.i.AbstractProblemLoader Loading environment from /home/runner/work/key/key/key.core/../key.ui/examples/standard_key/polySimp/simplify17.key.proof 
380915     DEBUG main            d.u.i.k.p.i.AbstractProblemLoader Environment load took 98.4ns 
380916     INFO  main            d.u.i.k.p.i.AbstractProblemLoader Creating init config 
383069     DEBUG main            d.u.i.k.p.i.AbstractProblemLoader Init config took 2.15s 
383081     INFO  main            d.u.i.k.p.i.AbstractProblemLoader Replaying proof simplify17.key.proof 
383085     DEBUG main            d.u.i.k.p.i.IntermediateProofReplayer Proof replay took 2.6ms 
383086     DEBUG main            d.u.i.k.p.r.p.TestFile    ... success: reloaded. 
383086     INFO  main            d.u.i.k.p.r.p.TestFile    Now processing file /home/runner/work/key/key/key.core/../key.ui/examples/standard_key/polySimp/simplify18.key 
383087     INFO  main            d.u.i.k.p.i.AbstractProblemLoader Loading environment from /home/runner/work/key/key/key.core/../key.ui/examples/standard_key/polySimp/simplify18.key 
383087     DEBUG main            d.u.i.k.p.i.AbstractProblemLoader Environment load took 69.5ns 
383088     INFO  main            d.u.i.k.p.i.AbstractProblemLoader Creating init config 
385284     DEBUG main            d.u.i.k.p.i.AbstractProblemLoader Init config took 2.2s 
385296     INFO  main            d.u.i.k.p.i.AbstractProblemLoader Replaying proof simplify18.key 
385297     DEBUG main            d.u.i.k.p.i.IntermediateProofReplayer Proof replay took 3.1ns 
385500     INFO  main            d.u.i.k.p.r.p.TestFile    ... finished proof: closed. 
385940     INFO  main            d.u.i.k.p.i.AbstractProblemLoader Loading environment from /home/runner/work/key/key/key.core/../key.ui/examples/standard_key/polySimp/simplify18.key.proof 
385940     DEBUG main            d.u.i.k.p.i.AbstractProblemLoader Environment load took 76.6ns 
385941     INFO  main            d.u.i.k.p.i.AbstractProblemLoader Creating init config 
388104     DEBUG main            d.u.i.k.p.i.AbstractProblemLoader Init config took 2.16s 
388116     INFO  main            d.u.i.k.p.i.AbstractProblemLoader Replaying proof simplify18.key.proof 
388124     DEBUG main            d.u.i.k.p.i.IntermediateProofReplayer Proof replay took 5.74ms 
388125     DEBUG main            d.u.i.k.p.r.p.TestFile    ... success: reloaded. 
388125     INFO  main            d.u.i.k.p.r.p.TestFile    Now processing file /home/runner/work/key/key/key.core/../key.ui/examples/standard_key/polySimp/simplify19.key 
388125     INFO  main            d.u.i.k.p.i.AbstractProblemLoader Loading environment from /home/runner/work/key/key/key.core/../key.ui/examples/standard_key/polySimp/simplify19.key 
388126     DEBUG main            d.u.i.k.p.i.AbstractProblemLoader Environment load took 56.6ns 
388126     INFO  main            d.u.i.k.p.i.AbstractProblemLoader Creating init config 
390327     DEBUG main            d.u.i.k.p.i.AbstractProblemLoader Init config took 2.2s 
390356     INFO  main            d.u.i.k.p.i.AbstractProblemLoader Replaying proof simplify19.key 
390357     DEBUG main            d.u.i.k.p.i.IntermediateProofReplayer Proof replay took 2.6ns 
393406     INFO  main            d.u.i.k.p.r.p.TestFile    ... finished proof: closed. 
393861     INFO  main            d.u.i.k.p.i.AbstractProblemLoader Loading environment from /home/runner/work/key/key/key.core/../key.ui/examples/standard_key/polySimp/simplify19.key.proof 
393861     DEBUG main            d.u.i.k.p.i.AbstractProblemLoader Environment load took 345.9ns 
393863     INFO  main            d.u.i.k.p.i.AbstractProblemLoader Creating init config 
396090     DEBUG main            d.u.i.k.p.i.AbstractProblemLoader Init config took 2.23s 
396104     INFO  main            d.u.i.k.p.i.AbstractProblemLoader Replaying proof simplify19.key.proof 
396199     DEBUG main            d.u.i.k.p.i.IntermediateProofReplayer Proof replay took 82.92ms 
396200     DEBUG main            d.u.i.k.p.r.p.TestFile    ... success: reloaded. 
396200     INFO  main            d.u.i.k.p.r.p.TestFile    Now processing file /home/runner/work/key/key/key.core/../key.ui/examples/standard_key/polySimp/simplify2.key 
396201     INFO  main            d.u.i.k.p.i.AbstractProblemLoader Loading environment from /home/runner/work/key/key/key.core/../key.ui/examples/standard_key/polySimp/simplify2.key 
396201     DEBUG main            d.u.i.k.p.i.AbstractProblemLoader Environment load took 84.9ns 
396202     INFO  main            d.u.i.k.p.i.AbstractProblemLoader Creating init config 
398411     DEBUG main            d.u.i.k.p.i.AbstractProblemLoader Init config took 2.21s 
398423     INFO  main            d.u.i.k.p.i.AbstractProblemLoader Replaying proof simplify2.key 
398424     DEBUG main            d.u.i.k.p.i.IntermediateProofReplayer Proof replay took 3.2ns 
398525     INFO  main            d.u.i.k.p.r.p.TestFile    ... finished proof: closed. 
398996     INFO  main            d.u.i.k.p.i.AbstractProblemLoader Loading environment from /home/runner/work/key/key/key.core/../key.ui/examples/standard_key/polySimp/simplify2.key.proof 
398996     DEBUG main            d.u.i.k.p.i.AbstractProblemLoader Environment load took 64.7ns 
398997     INFO  main            d.u.i.k.p.i.AbstractProblemLoader Creating init config 
401216     DEBUG main            d.u.i.k.p.i.AbstractProblemLoader Init config took 2.22s 
401237     INFO  main            d.u.i.k.p.i.AbstractProblemLoader Replaying proof simplify2.key.proof 
401239     DEBUG main            d.u.i.k.p.i.IntermediateProofReplayer Proof replay took 458.3ns 
401240     DEBUG main            d.u.i.k.p.r.p.TestFile    ... success: reloaded. 
401240     INFO  main            d.u.i.k.p.r.p.TestFile    Now processing file /home/runner/work/key/key/key.core/../key.ui/examples/standard_key/polySimp/simplify20.key 
401240     INFO  main            d.u.i.k.p.i.AbstractProblemLoader Loading environment from /home/runner/work/key/key/key.core/../key.ui/examples/standard_key/polySimp/simplify20.key 
401240     DEBUG main            d.u.i.k.p.i.AbstractProblemLoader Environment load took 38.1ns 
401241     INFO  main            d.u.i.k.p.i.AbstractProblemLoader Creating init config 
403424     DEBUG main            d.u.i.k.p.i.AbstractProblemLoader Init config took 2.18s 
403436     INFO  main            d.u.i.k.p.i.AbstractProblemLoader Replaying proof simplify20.key 
403437     DEBUG main            d.u.i.k.p.i.IntermediateProofReplayer Proof replay took 2.8ns 
404040     INFO  main            d.u.i.k.p.r.p.TestFile    ... finished proof: closed. 
404507     INFO  main            d.u.i.k.p.i.AbstractProblemLoader Loading environment from /home/runner/work/key/key/key.core/../key.ui/examples/standard_key/polySimp/simplify20.key.proof 
404507     DEBUG main            d.u.i.k.p.i.AbstractProblemLoader Environment load took 353.6ns 
404508     INFO  main            d.u.i.k.p.i.AbstractProblemLoader Creating init config 
406672     DEBUG main            d.u.i.k.p.i.AbstractProblemLoader Init config took 2.16s 
406685     INFO  main            d.u.i.k.p.i.AbstractProblemLoader Replaying proof simplify20.key.proof 
406725     DEBUG main            d.u.i.k.p.i.IntermediateProofReplayer Proof replay took 35.17ms 
406727     DEBUG main            d.u.i.k.p.r.p.TestFile    ... success: reloaded. 
406727     INFO  main            d.u.i.k.p.r.p.TestFile    Now processing file /home/runner/work/key/key/key.core/../key.ui/examples/standard_key/polySimp/simplify21.key 
406728     INFO  main            d.u.i.k.p.i.AbstractProblemLoader Loading environment from /home/runner/work/key/key/key.core/../key.ui/examples/standard_key/polySimp/simplify21.key 
406728     DEBUG main            d.u.i.k.p.i.AbstractProblemLoader Environment load took 57.9ns 
406730     INFO  main            d.u.i.k.p.i.AbstractProblemLoader Creating init config 
408932     DEBUG main            d.u.i.k.p.i.AbstractProblemLoader Init config took 2.2s 
408945     INFO  main            d.u.i.k.p.i.AbstractProblemLoader Replaying proof simplify21.key 
408946     DEBUG main            d.u.i.k.p.i.IntermediateProofReplayer Proof replay took 2.5ns 
409553     INFO  main            d.u.i.k.p.r.p.TestFile    ... finished proof: closed. 
410056     INFO  main            d.u.i.k.p.i.AbstractProblemLoader Loading environment from /home/runner/work/key/key/key.core/../key.ui/examples/standard_key/polySimp/simplify21.key.proof 
410056     DEBUG main            d.u.i.k.p.i.AbstractProblemLoader Environment load took 67.4ns 
410058     INFO  main            d.u.i.k.p.i.AbstractProblemLoader Creating init config 
412356     DEBUG main            d.u.i.k.p.i.AbstractProblemLoader Init config took 2.3s 
412374     INFO  main            d.u.i.k.p.i.AbstractProblemLoader Replaying proof simplify21.key.proof 
412399     DEBUG main            d.u.i.k.p.i.IntermediateProofReplayer Proof replay took 20.51ms 
412401     DEBUG main            d.u.i.k.p.r.p.TestFile    ... success: reloaded. 
412402     INFO  main            d.u.i.k.p.r.p.TestFile    Now processing file /home/runner/work/key/key/key.core/../key.ui/examples/standard_key/polySimp/simplify22.key 
412402     INFO  main            d.u.i.k.p.i.AbstractProblemLoader Loading environment from /home/runner/work/key/key/key.core/../key.ui/examples/standard_key/polySimp/simplify22.key 
412403     DEBUG main            d.u.i.k.p.i.AbstractProblemLoader Environment load took 162.8ns 
412403     INFO  main            d.u.i.k.p.i.AbstractProblemLoader Creating init config 
414704     DEBUG main            d.u.i.k.p.i.AbstractProblemLoader Init config took 2.3s 
414716     INFO  main            d.u.i.k.p.i.AbstractProblemLoader Replaying proof simplify22.key 
414717     DEBUG main            d.u.i.k.p.i.IntermediateProofReplayer Proof replay took 2.7ns 
414818     INFO  main            d.u.i.k.p.r.p.TestFile    ... finished proof: closed. 
415254     INFO  main            d.u.i.k.p.i.AbstractProblemLoader Loading environment from /home/runner/work/key/key/key.core/../key.ui/examples/standard_key/polySimp/simplify22.key.proof 
415254     DEBUG main            d.u.i.k.p.i.AbstractProblemLoader Environment load took 67.8ns 
415255     INFO  main            d.u.i.k.p.i.AbstractProblemLoader Creating init config 
417408     DEBUG main            d.u.i.k.p.i.AbstractProblemLoader Init config took 2.15s 
417420     INFO  main            d.u.i.k.p.i.AbstractProblemLoader Replaying proof simplify22.key.proof 
417423     DEBUG main            d.u.i.k.p.i.IntermediateProofReplayer Proof replay took 1.86ms 
417424     DEBUG main            d.u.i.k.p.r.p.TestFile    ... success: reloaded. 
417424     INFO  main            d.u.i.k.p.r.p.TestFile    Now processing file /home/runner/work/key/key/key.core/../key.ui/examples/standard_key/polySimp/simplify23.key 
417425     INFO  main            d.u.i.k.p.i.AbstractProblemLoader Loading environment from /home/runner/work/key/key/key.core/../key.ui/examples/standard_key/polySimp/simplify23.key 
417425     DEBUG main            d.u.i.k.p.i.AbstractProblemLoader Environment load took 53.5ns 
417425     INFO  main            d.u.i.k.p.i.AbstractProblemLoader Creating init config 
419638     DEBUG main            d.u.i.k.p.i.AbstractProblemLoader Init config took 2.21s 
419650     INFO  main            d.u.i.k.p.i.AbstractProblemLoader Replaying proof simplify23.key 
419651     DEBUG main            d.u.i.k.p.i.IntermediateProofReplayer Proof replay took 2.4ns 
419756     INFO  main            d.u.i.k.p.r.p.TestFile    ... finished proof: closed. 
420207     INFO  main            d.u.i.k.p.i.AbstractProblemLoader Loading environment from /home/runner/work/key/key/key.core/../key.ui/examples/standard_key/polySimp/simplify23.key.proof 
420207     DEBUG main            d.u.i.k.p.i.AbstractProblemLoader Environment load took 67.8ns 
420208     INFO  main            d.u.i.k.p.i.AbstractProblemLoader Creating init config 
422406     DEBUG main            d.u.i.k.p.i.AbstractProblemLoader Init config took 2.2s 
422428     INFO  main            d.u.i.k.p.i.AbstractProblemLoader Replaying proof simplify23.key.proof 
422435     DEBUG main            d.u.i.k.p.i.IntermediateProofReplayer Proof replay took 5.27ms 
422435     DEBUG main            d.u.i.k.p.r.p.TestFile    ... success: reloaded. 
422436     INFO  main            d.u.i.k.p.r.p.TestFile    Now processing file /home/runner/work/key/key/key.core/../key.ui/examples/standard_key/polySimp/simplify24.key 
422436     INFO  main            d.u.i.k.p.i.AbstractProblemLoader Loading environment from /home/runner/work/key/key/key.core/../key.ui/examples/standard_key/polySimp/simplify24.key 
422436     DEBUG main            d.u.i.k.p.i.AbstractProblemLoader Environment load took 64.9ns 
422437     INFO  main            d.u.i.k.p.i.AbstractProblemLoader Creating init config 
424630     DEBUG main            d.u.i.k.p.i.AbstractProblemLoader Init config took 2.19s 
424643     INFO  main            d.u.i.k.p.i.AbstractProblemLoader Replaying proof simplify24.key 
424644     DEBUG main            d.u.i.k.p.i.IntermediateProofReplayer Proof replay took 2.3ns 
424745     INFO  main            d.u.i.k.p.r.p.TestFile    ... finished proof: closed. 
425205     INFO  main            d.u.i.k.p.i.AbstractProblemLoader Loading environment from /home/runner/work/key/key/key.core/../key.ui/examples/standard_key/polySimp/simplify24.key.proof 
425206     DEBUG main            d.u.i.k.p.i.AbstractProblemLoader Environment load took 65.6ns 
425206     INFO  main            d.u.i.k.p.i.AbstractProblemLoader Creating init config 
427460     DEBUG main            d.u.i.k.p.i.AbstractProblemLoader Init config took 2.25s 
427474     INFO  main            d.u.i.k.p.i.AbstractProblemLoader Replaying proof simplify24.key.proof 
427478     DEBUG main            d.u.i.k.p.i.IntermediateProofReplayer Proof replay took 1.35ms 
427478     DEBUG main            d.u.i.k.p.r.p.TestFile    ... success: reloaded. 
427479     INFO  main            d.u.i.k.p.r.p.TestFile    Now processing file /home/runner/work/key/key/key.core/../key.ui/examples/standard_key/polySimp/simplify25.key 
427479     INFO  main            d.u.i.k.p.i.AbstractProblemLoader Loading environment from /home/runner/work/key/key/key.core/../key.ui/examples/standard_key/polySimp/simplify25.key 
427479     DEBUG main            d.u.i.k.p.i.AbstractProblemLoader Environment load took 158.3ns 
427480     INFO  main            d.u.i.k.p.i.AbstractProblemLoader Creating init config 
429758     DEBUG main            d.u.i.k.p.i.AbstractProblemLoader Init config took 2.28s 
429771     INFO  main            d.u.i.k.p.i.AbstractProblemLoader Replaying proof simplify25.key 
429772     DEBUG main            d.u.i.k.p.i.IntermediateProofReplayer Proof replay took 2.2ns 
429879     INFO  main            d.u.i.k.p.r.p.TestFile    ... finished proof: closed. 
430328     INFO  main            d.u.i.k.p.i.AbstractProblemLoader Loading environment from /home/runner/work/key/key/key.core/../key.ui/examples/standard_key/polySimp/simplify25.key.proof 
430328     DEBUG main            d.u.i.k.p.i.AbstractProblemLoader Environment load took 63.7ns 
430329     INFO  main            d.u.i.k.p.i.AbstractProblemLoader Creating init config 
432960     DEBUG main            d.u.i.k.p.i.AbstractProblemLoader Init config took 2.63s 
432978     INFO  main            d.u.i.k.p.i.AbstractProblemLoader Replaying proof simplify25.key.proof 
432982     DEBUG main            d.u.i.k.p.i.IntermediateProofReplayer Proof replay took 1.67ms 
432983     DEBUG main            d.u.i.k.p.r.p.TestFile    ... success: reloaded. 
432983     INFO  main            d.u.i.k.p.r.p.TestFile    Now processing file /home/runner/work/key/key/key.core/../key.ui/examples/standard_key/polySimp/simplify3.key 
432983     INFO  main            d.u.i.k.p.i.AbstractProblemLoader Loading environment from /home/runner/work/key/key/key.core/../key.ui/examples/standard_key/polySimp/simplify3.key 
432984     DEBUG main            d.u.i.k.p.i.AbstractProblemLoader Environment load took 179.8ns 
432985     INFO  main            d.u.i.k.p.i.AbstractProblemLoader Creating init config 
435284     DEBUG main            d.u.i.k.p.i.AbstractProblemLoader Init config took 2.3s 
435297     INFO  main            d.u.i.k.p.i.AbstractProblemLoader Replaying proof simplify3.key 
435298     DEBUG main            d.u.i.k.p.i.IntermediateProofReplayer Proof replay took 2.3ns 
435399     INFO  main            d.u.i.k.p.r.p.TestFile    ... finished proof: closed. 
435860     INFO  main            d.u.i.k.p.i.AbstractProblemLoader Loading environment from /home/runner/work/key/key/key.core/../key.ui/examples/standard_key/polySimp/simplify3.key.proof 
435860     DEBUG main            d.u.i.k.p.i.AbstractProblemLoader Environment load took 69.8ns 
435860     INFO  main            d.u.i.k.p.i.AbstractProblemLoader Creating init config 
438091     DEBUG main            d.u.i.k.p.i.AbstractProblemLoader Init config took 2.23s 
438105     INFO  main            d.u.i.k.p.i.AbstractProblemLoader Replaying proof simplify3.key.proof 
438109     DEBUG main            d.u.i.k.p.i.IntermediateProofReplayer Proof replay took 532.9ns 
438110     DEBUG main            d.u.i.k.p.r.p.TestFile    ... success: reloaded. 
438110     INFO  main            d.u.i.k.p.r.p.TestFile    Now processing file /home/runner/work/key/key/key.core/../key.ui/examples/standard_key/polySimp/simplify4.key 
438110     INFO  main            d.u.i.k.p.i.AbstractProblemLoader Loading environment from /home/runner/work/key/key/key.core/../key.ui/examples/standard_key/polySimp/simplify4.key 
438111     DEBUG main            d.u.i.k.p.i.AbstractProblemLoader Environment load took 157.1ns 
438111     INFO  main            d.u.i.k.p.i.AbstractProblemLoader Creating init config 
440387     DEBUG main            d.u.i.k.p.i.AbstractProblemLoader Init config took 2.28s 
440399     INFO  main            d.u.i.k.p.i.AbstractProblemLoader Replaying proof simplify4.key 
440400     DEBUG main            d.u.i.k.p.i.IntermediateProofReplayer Proof replay took 2.2ns 
440501     INFO  main            d.u.i.k.p.r.p.TestFile    ... finished proof: closed. 
440961     INFO  main            d.u.i.k.p.i.AbstractProblemLoader Loading environment from /home/runner/work/key/key/key.core/../key.ui/examples/standard_key/polySimp/simplify4.key.proof 
440961     DEBUG main            d.u.i.k.p.i.AbstractProblemLoader Environment load took 66.5ns 
440962     INFO  main            d.u.i.k.p.i.AbstractProblemLoader Creating init config 
443196     DEBUG main            d.u.i.k.p.i.AbstractProblemLoader Init config took 2.23s 
443209     INFO  main            d.u.i.k.p.i.AbstractProblemLoader Replaying proof simplify4.key.proof 
443212     DEBUG main            d.u.i.k.p.i.IntermediateProofReplayer Proof replay took 638.5ns 
443213     DEBUG main            d.u.i.k.p.r.p.TestFile    ... success: reloaded. 
443215     INFO  main            d.u.i.k.p.r.p.TestFile    Now processing file /home/runner/work/key/key/key.core/../key.ui/examples/standard_key/polySimp/simplify5.key 
443215     INFO  main            d.u.i.k.p.i.AbstractProblemLoader Loading environment from /home/runner/work/key/key/key.core/../key.ui/examples/standard_key/polySimp/simplify5.key 
443215     DEBUG main            d.u.i.k.p.i.AbstractProblemLoader Environment load took 168ns 
443216     INFO  main            d.u.i.k.p.i.AbstractProblemLoader Creating init config 
445511     DEBUG main            d.u.i.k.p.i.AbstractProblemLoader Init config took 2.3s 
445523     INFO  main            d.u.i.k.p.i.AbstractProblemLoader Replaying proof simplify5.key 
445524     DEBUG main            d.u.i.k.p.i.IntermediateProofReplayer Proof replay took 2.8ns 
445625     INFO  main            d.u.i.k.p.r.p.TestFile    ... finished proof: closed. 
446092     INFO  main            d.u.i.k.p.i.AbstractProblemLoader Loading environment from /home/runner/work/key/key/key.core/../key.ui/examples/standard_key/polySimp/simplify5.key.proof 
446092     DEBUG main            d.u.i.k.p.i.AbstractProblemLoader Environment load took 65.6ns 
446093     INFO  main            d.u.i.k.p.i.AbstractProblemLoader Creating init config 
448350     DEBUG main            d.u.i.k.p.i.AbstractProblemLoader Init config took 2.26s 
448364     INFO  main            d.u.i.k.p.i.AbstractProblemLoader Replaying proof simplify5.key.proof 
448368     DEBUG main            d.u.i.k.p.i.IntermediateProofReplayer Proof replay took 2.49ms 
448369     DEBUG main            d.u.i.k.p.r.p.TestFile    ... success: reloaded. 
448369     INFO  main            d.u.i.k.p.r.p.TestFile    Now processing file /home/runner/work/key/key/key.core/../key.ui/examples/standard_key/polySimp/simplify6.key 
448369     INFO  main            d.u.i.k.p.i.AbstractProblemLoader Loading environment from /home/runner/work/key/key/key.core/../key.ui/examples/standard_key/polySimp/simplify6.key 
448369     DEBUG main            d.u.i.k.p.i.AbstractProblemLoader Environment load took 38.1ns 
448370     INFO  main            d.u.i.k.p.i.AbstractProblemLoader Creating init config 
450645     DEBUG main            d.u.i.k.p.i.AbstractProblemLoader Init config took 2.27s 
450660     INFO  main            d.u.i.k.p.i.AbstractProblemLoader Replaying proof simplify6.key 
450662     DEBUG main            d.u.i.k.p.i.IntermediateProofReplayer Proof replay took 2.2ns 
450763     INFO  main            d.u.i.k.p.r.p.TestFile    ... finished proof: closed. 
451228     INFO  main            d.u.i.k.p.i.AbstractProblemLoader Loading environment from /home/runner/work/key/key/key.core/../key.ui/examples/standard_key/polySimp/simplify6.key.proof 
451228     DEBUG main            d.u.i.k.p.i.AbstractProblemLoader Environment load took 67.3ns 
451229     INFO  main            d.u.i.k.p.i.AbstractProblemLoader Creating init config 
453544     DEBUG main            d.u.i.k.p.i.AbstractProblemLoader Init config took 2.31s 
453558     INFO  main            d.u.i.k.p.i.AbstractProblemLoader Replaying proof simplify6.key.proof 
453560     DEBUG main            d.u.i.k.p.i.IntermediateProofReplayer Proof replay took 161.4ns 
453561     DEBUG main            d.u.i.k.p.r.p.TestFile    ... success: reloaded. 
453561     INFO  main            d.u.i.k.p.r.p.TestFile    Now processing file /home/runner/work/key/key/key.core/../key.ui/examples/standard_key/polySimp/simplify7.key 
453562     INFO  main            d.u.i.k.p.i.AbstractProblemLoader Loading environment from /home/runner/work/key/key/key.core/../key.ui/examples/standard_key/polySimp/simplify7.key 
453562     DEBUG main            d.u.i.k.p.i.AbstractProblemLoader Environment load took 170.1ns 
453563     INFO  main            d.u.i.k.p.i.AbstractProblemLoader Creating init config 
455979     DEBUG main            d.u.i.k.p.i.AbstractProblemLoader Init config took 2.42s 
455992     INFO  main            d.u.i.k.p.i.AbstractProblemLoader Replaying proof simplify7.key 
455993     DEBUG main            d.u.i.k.p.i.IntermediateProofReplayer Proof replay took 2.6ns 
456094     INFO  main            d.u.i.k.p.r.p.TestFile    ... finished proof: closed. 
456569     INFO  main            d.u.i.k.p.i.AbstractProblemLoader Loading environment from /home/runner/work/key/key/key.core/../key.ui/examples/standard_key/polySimp/simplify7.key.proof 
456569     DEBUG main            d.u.i.k.p.i.AbstractProblemLoader Environment load took 67ns 
456570     INFO  main            d.u.i.k.p.i.AbstractProblemLoader Creating init config 
458805     DEBUG main            d.u.i.k.p.i.AbstractProblemLoader Init config took 2.23s 
458820     INFO  main            d.u.i.k.p.i.AbstractProblemLoader Replaying proof simplify7.key.proof 
458822     DEBUG main            d.u.i.k.p.i.IntermediateProofReplayer Proof replay took 268.4ns 
458823     DEBUG main            d.u.i.k.p.r.p.TestFile    ... success: reloaded. 
458823     INFO  main            d.u.i.k.p.r.p.TestFile    Now processing file /home/runner/work/key/key/key.core/../key.ui/examples/standard_key/polySimp/simplify8.key 
458824     INFO  main            d.u.i.k.p.i.AbstractProblemLoader Loading environment from /home/runner/work/key/key/key.core/../key.ui/examples/standard_key/polySimp/simplify8.key 
458824     DEBUG main            d.u.i.k.p.i.AbstractProblemLoader Environment load took 152.5ns 
458827     INFO  main            d.u.i.k.p.i.AbstractProblemLoader Creating init config 
461167     DEBUG main            d.u.i.k.p.i.AbstractProblemLoader Init config took 2.34s 
461190     INFO  main            d.u.i.k.p.i.AbstractProblemLoader Replaying proof simplify8.key 
461198     DEBUG main            d.u.i.k.p.i.IntermediateProofReplayer Proof replay took 3.2ns 
465033     INFO  main            d.u.i.k.p.r.p.TestFile    ... finished proof: closed. 
465537     INFO  main            d.u.i.k.p.i.AbstractProblemLoader Loading environment from /home/runner/work/key/key/key.core/../key.ui/examples/standard_key/polySimp/simplify8.key.proof 
465537     DEBUG main            d.u.i.k.p.i.AbstractProblemLoader Environment load took 80ns 
465539     INFO  main            d.u.i.k.p.i.AbstractProblemLoader Creating init config 
467862     DEBUG main            d.u.i.k.p.i.AbstractProblemLoader Init config took 2.32s 
467877     INFO  main            d.u.i.k.p.i.AbstractProblemLoader Replaying proof simplify8.key.proof 
467923     DEBUG main            d.u.i.k.p.i.IntermediateProofReplayer Proof replay took 41.36ms 
467925     DEBUG main            d.u.i.k.p.r.p.TestFile    ... success: reloaded. 
467926     INFO  main            d.u.i.k.p.r.p.TestFile    Now processing file /home/runner/work/key/key/key.core/../key.ui/examples/standard_key/polySimp/simplify9.key 
467926     INFO  main            d.u.i.k.p.i.AbstractProblemLoader Loading environment from /home/runner/work/key/key/key.core/../key.ui/examples/standard_key/polySimp/simplify9.key 
467926     DEBUG main            d.u.i.k.p.i.AbstractProblemLoader Environment load took 39.7ns 
467927     INFO  main            d.u.i.k.p.i.AbstractProblemLoader Creating init config 
470196     DEBUG main            d.u.i.k.p.i.AbstractProblemLoader Init config took 2.27s 
470209     INFO  main            d.u.i.k.p.i.AbstractProblemLoader Replaying proof simplify9.key 
470210     DEBUG main            d.u.i.k.p.i.IntermediateProofReplayer Proof replay took 2ns 
470412     INFO  main            d.u.i.k.p.r.p.TestFile    ... finished proof: closed. 
470972     INFO  main            d.u.i.k.p.i.AbstractProblemLoader Loading environment from /home/runner/work/key/key/key.core/../key.ui/examples/standard_key/polySimp/simplify9.key.proof 
470972     DEBUG main            d.u.i.k.p.i.AbstractProblemLoader Environment load took 81.1ns 
470973     INFO  main            d.u.i.k.p.i.AbstractProblemLoader Creating init config 
473173     DEBUG main            d.u.i.k.p.i.AbstractProblemLoader Init config took 2.2s 
473186     INFO  main            d.u.i.k.p.i.AbstractProblemLoader Replaying proof simplify9.key.proof 
473191     DEBUG main            d.u.i.k.p.i.IntermediateProofReplayer Proof replay took 3.01ms 
473192     DEBUG main            d.u.i.k.p.r.p.TestFile    ... success: reloaded. 
2821618    INFO  Test worker     d.u.i.k.p.r.RunAllProofsTestUnit Returning from test arithmetic 
2821619    INFO  Test worker     d.u.i.k.p.r.RunAllProofsTestUnit Running test arrays 
394        INFO  Timeout watchdog d.u.i.k.p.r.p.ForkedTestFileRunner Timeout watcher launched (2000 secs.) 
416        WARN  main            d.u.i.k.s.ProofSettings   The settings in /home/runner/.key/proof-settings.props are *not* read. 
463        INFO  main            d.u.i.k.p.r.p.TestFile    Now processing file /home/runner/work/key/key/key.core/../key.ui/examples/standard_key/arrays/arrayStoreException/array2DimPrim.key 
579        INFO  main            d.u.i.k.p.i.AbstractProblemLoader Loading environment from /home/runner/work/key/key/key.core/../key.ui/examples/standard_key/arrays/arrayStoreException/array2DimPrim.key 
600        DEBUG main            d.u.i.k.p.i.AbstractProblemLoader Environment load took 1.91ms 
845        INFO  main            d.u.i.k.p.i.AbstractProblemLoader Creating init config 
1803       DEBUG main            d.u.i.k.j.TypeConverter   No LDT found for Meta 
1804       DEBUG main            d.u.i.k.j.TypeConverter   No LDT found for Meta 
1807       DEBUG main            d.u.i.k.j.TypeConverter   No LDT found for Meta 
1807       DEBUG main            d.u.i.k.j.TypeConverter   No LDT found for Meta 
3101       DEBUG main            d.u.i.k.j.TypeConverter   No LDT found for JavaBigintExpression 
7883       DEBUG main            d.u.i.k.p.i.AbstractProblemLoader Init config took 7.04s 
7977       INFO  main            d.u.i.k.p.i.AbstractProblemLoader Replaying proof array2DimPrim.key 
8015       DEBUG main            d.u.i.k.p.i.IntermediateProofReplayer Proof replay took 36.9ns 
12075      INFO  main            d.u.i.k.p.r.p.TestFile    ... finished proof: closed. 
12263      INFO  main            d.u.i.k.p.i.AbstractProblemLoader Loading environment from /home/runner/work/key/key/key.core/../key.ui/examples/standard_key/arrays/arrayStoreException/array2DimPrim.key.proof 
12264      DEBUG main            d.u.i.k.p.i.AbstractProblemLoader Environment load took 146.2ns 
12274      INFO  main            d.u.i.k.p.i.AbstractProblemLoader Creating init config 
15015      DEBUG main            d.u.i.k.p.i.AbstractProblemLoader Init config took 2.74s 
15051      INFO  main            d.u.i.k.p.i.AbstractProblemLoader Replaying proof array2DimPrim.key.proof 
15376      DEBUG main            d.u.i.k.p.i.IntermediateProofReplayer Proof replay took 309.64ms 
15389      DEBUG main            d.u.i.k.p.r.p.TestFile    ... success: reloaded. 
15391      INFO  main            d.u.i.k.p.r.p.TestFile    Now processing file /home/runner/work/key/key/key.core/../key.ui/examples/standard_key/arrays/arrayStoreException/arrayStoreKnownDynType.key 
15391      INFO  main            d.u.i.k.p.i.AbstractProblemLoader Loading environment from /home/runner/work/key/key/key.core/../key.ui/examples/standard_key/arrays/arrayStoreException/arrayStoreKnownDynType.key 
15391      DEBUG main            d.u.i.k.p.i.AbstractProblemLoader Environment load took 203.9ns 
15393      INFO  main            d.u.i.k.p.i.AbstractProblemLoader Creating init config 
17971      DEBUG main            d.u.i.k.p.i.AbstractProblemLoader Init config took 2.58s 
18002      INFO  main            d.u.i.k.p.i.AbstractProblemLoader Replaying proof arrayStoreKnownDynType.key 
18005      DEBUG main            d.u.i.k.p.i.IntermediateProofReplayer Proof replay took 6.1ns 
18208      INFO  main            d.u.i.k.p.r.p.TestFile    ... finished proof: closed. 
18432      INFO  main            d.u.i.k.p.i.AbstractProblemLoader Loading environment from /home/runner/work/key/key/key.core/../key.ui/examples/standard_key/arrays/arrayStoreException/arrayStoreKnownDynType.key.proof 
18433      DEBUG main            d.u.i.k.p.i.AbstractProblemLoader Environment load took 125.6ns 
18434      INFO  main            d.u.i.k.p.i.AbstractProblemLoader Creating init config 
20857      DEBUG main            d.u.i.k.p.i.AbstractProblemLoader Init config took 2.42s 
20882      INFO  main            d.u.i.k.p.i.AbstractProblemLoader Replaying proof arrayStoreKnownDynType.key.proof 
20917      DEBUG main            d.u.i.k.p.i.IntermediateProofReplayer Proof replay took 31.81ms 
20918      DEBUG main            d.u.i.k.p.r.p.TestFile    ... success: reloaded. 
20919      INFO  main            d.u.i.k.p.r.p.TestFile    Now processing file /home/runner/work/key/key/key.core/../key.ui/examples/standard_key/arrays/arrayStoreException/reverseArray.key 
20920      INFO  main            d.u.i.k.p.i.AbstractProblemLoader Loading environment from /home/runner/work/key/key/key.core/../key.ui/examples/standard_key/arrays/arrayStoreException/reverseArray.key 
20920      DEBUG main            d.u.i.k.p.i.AbstractProblemLoader Environment load took 204.4ns 
20921      INFO  main            d.u.i.k.p.i.AbstractProblemLoader Creating init config 
23310      DEBUG main            d.u.i.k.p.i.AbstractProblemLoader Init config took 2.39s 
23333      INFO  main            d.u.i.k.p.i.AbstractProblemLoader Replaying proof reverseArray.key 
23336      DEBUG main            d.u.i.k.p.i.IntermediateProofReplayer Proof replay took 6.1ns 
23940      INFO  main            d.u.i.k.p.r.p.TestFile    ... finished proof: closed. 
24107      INFO  main            d.u.i.k.p.i.AbstractProblemLoader Loading environment from /home/runner/work/key/key/key.core/../key.ui/examples/standard_key/arrays/arrayStoreException/reverseArray.key.proof 
24108      DEBUG main            d.u.i.k.p.i.AbstractProblemLoader Environment load took 1.14ms 
24111      INFO  main            d.u.i.k.p.i.AbstractProblemLoader Creating init config 
26527      DEBUG main            d.u.i.k.p.i.AbstractProblemLoader Init config took 2.42s 
26549      INFO  main            d.u.i.k.p.i.AbstractProblemLoader Replaying proof reverseArray.key.proof 
26669      DEBUG main            d.u.i.k.p.i.IntermediateProofReplayer Proof replay took 113.43ms 
26671      DEBUG main            d.u.i.k.p.r.p.TestFile    ... success: reloaded. 
26672      INFO  main            d.u.i.k.p.r.p.TestFile    Now processing file /home/runner/work/key/key/key.core/../key.ui/examples/standard_key/arrays/arrayStoreException/throwArrayStoreException.key 
26673      INFO  main            d.u.i.k.p.i.AbstractProblemLoader Loading environment from /home/runner/work/key/key/key.core/../key.ui/examples/standard_key/arrays/arrayStoreException/throwArrayStoreException.key 
26673      DEBUG main            d.u.i.k.p.i.AbstractProblemLoader Environment load took 203.2ns 
26675      INFO  main            d.u.i.k.p.i.AbstractProblemLoader Creating init config 
29095      DEBUG main            d.u.i.k.p.i.AbstractProblemLoader Init config took 2.42s 
29116      INFO  main            d.u.i.k.p.i.AbstractProblemLoader Replaying proof throwArrayStoreException.key 
29118      DEBUG main            d.u.i.k.p.i.IntermediateProofReplayer Proof replay took 5.5ns 
29521      INFO  main            d.u.i.k.p.r.p.TestFile    ... finished proof: closed. 
29703      INFO  main            d.u.i.k.p.i.AbstractProblemLoader Loading environment from /home/runner/work/key/key/key.core/../key.ui/examples/standard_key/arrays/arrayStoreException/throwArrayStoreException.key.proof 
29703      DEBUG main            d.u.i.k.p.i.AbstractProblemLoader Environment load took 367ns 
29705      INFO  main            d.u.i.k.p.i.AbstractProblemLoader Creating init config 
32071      DEBUG main            d.u.i.k.p.i.AbstractProblemLoader Init config took 2.37s 
32092      INFO  main            d.u.i.k.p.i.AbstractProblemLoader Replaying proof throwArrayStoreException.key.proof 
32155      DEBUG main            d.u.i.k.p.i.IntermediateProofReplayer Proof replay took 58.45ms 
32157      DEBUG main            d.u.i.k.p.r.p.TestFile    ... success: reloaded. 
32158      INFO  main            d.u.i.k.p.r.p.TestFile    Now processing file /home/runner/work/key/key/key.core/../key.ui/examples/standard_key/arrays/creation/arrayCreation1.key 
32158      INFO  main            d.u.i.k.p.i.AbstractProblemLoader Loading environment from /home/runner/work/key/key/key.core/../key.ui/examples/standard_key/arrays/creation/arrayCreation1.key 
32158      DEBUG main            d.u.i.k.p.i.AbstractProblemLoader Environment load took 187.1ns 
32160      INFO  main            d.u.i.k.p.i.AbstractProblemLoader Creating init config 
34491      DEBUG main            d.u.i.k.p.i.AbstractProblemLoader Init config took 2.33s 
34518      INFO  main            d.u.i.k.p.i.AbstractProblemLoader Replaying proof arrayCreation1.key 
34521      DEBUG main            d.u.i.k.p.i.IntermediateProofReplayer Proof replay took 5.9ns 
34724      INFO  main            d.u.i.k.p.r.p.TestFile    ... finished proof: closed. 
34884      INFO  main            d.u.i.k.p.i.AbstractProblemLoader Loading environment from /home/runner/work/key/key/key.core/../key.ui/examples/standard_key/arrays/creation/arrayCreation1.key.proof 
34884      DEBUG main            d.u.i.k.p.i.AbstractProblemLoader Environment load took 110.4ns 
34885      INFO  main            d.u.i.k.p.i.AbstractProblemLoader Creating init config 
37183      DEBUG main            d.u.i.k.p.i.AbstractProblemLoader Init config took 2.3s 
37203      INFO  main            d.u.i.k.p.i.AbstractProblemLoader Replaying proof arrayCreation1.key.proof 
37224      DEBUG main            d.u.i.k.p.i.IntermediateProofReplayer Proof replay took 17.16ms 
37231      DEBUG main            d.u.i.k.p.r.p.TestFile    ... success: reloaded. 
37232      INFO  main            d.u.i.k.p.r.p.TestFile    Now processing file /home/runner/work/key/key/key.core/../key.ui/examples/standard_key/arrays/arrayStoreException/array2Dim.key 
37232      INFO  main            d.u.i.k.p.i.AbstractProblemLoader Loading environment from /home/runner/work/key/key/key.core/../key.ui/examples/standard_key/arrays/arrayStoreException/array2Dim.key 
37232      DEBUG main            d.u.i.k.p.i.AbstractProblemLoader Environment load took 192.9ns 
37234      INFO  main            d.u.i.k.p.i.AbstractProblemLoader Creating init config 
39636      DEBUG main            d.u.i.k.p.i.AbstractProblemLoader Init config took 2.4s 
39671      INFO  main            d.u.i.k.p.i.AbstractProblemLoader Replaying proof array2Dim.key 
39673      DEBUG main            d.u.i.k.p.i.IntermediateProofReplayer Proof replay took 6.8ns 
43035      INFO  main            d.u.i.k.p.r.p.TestFile    ... finished proof: open goal(s) 
43305      INFO  main            d.u.i.k.p.r.p.TestFile    Now processing file /home/runner/work/key/key/key.core/../key.ui/examples/standard_key/arrays/arrayStoreException/array2DimClose.key 
43306      INFO  main            d.u.i.k.p.i.AbstractProblemLoader Loading environment from /home/runner/work/key/key/key.core/../key.ui/examples/standard_key/arrays/arrayStoreException/array2DimClose.key 
43306      DEBUG main            d.u.i.k.p.i.AbstractProblemLoader Environment load took 62ns 
43307      INFO  main            d.u.i.k.p.i.AbstractProblemLoader Creating init config 
45659      DEBUG main            d.u.i.k.p.i.AbstractProblemLoader Init config took 2.35s 
45682      INFO  main            d.u.i.k.p.i.AbstractProblemLoader Replaying proof array2DimClose.key 
45686      DEBUG main            d.u.i.k.p.i.IntermediateProofReplayer Proof replay took 15ns 
47899      INFO  main            d.u.i.k.p.r.p.TestFile    ... finished proof: open goal(s) 
48229      INFO  main            d.u.i.k.p.r.p.TestFile    Now processing file /home/runner/work/key/key/key.core/../key.ui/examples/standard_key/arrays/arrayStoreException/throwASEForPrim.key 
48229      INFO  main            d.u.i.k.p.i.AbstractProblemLoader Loading environment from /home/runner/work/key/key/key.core/../key.ui/examples/standard_key/arrays/arrayStoreException/throwASEForPrim.key 
48229      DEBUG main            d.u.i.k.p.i.AbstractProblemLoader Environment load took 60.5ns 
48231      INFO  main            d.u.i.k.p.i.AbstractProblemLoader Creating init config 
50494      DEBUG main            d.u.i.k.p.i.AbstractProblemLoader Init config took 2.26s 
50511      INFO  main            d.u.i.k.p.i.AbstractProblemLoader Replaying proof throwASEForPrim.key 
50513      DEBUG main            d.u.i.k.p.i.IntermediateProofReplayer Proof replay took 6.8ns 
54729      INFO  main            d.u.i.k.p.r.p.TestFile    ... finished proof: open goal(s) 
2876843    INFO  Test worker     d.u.i.k.p.r.RunAllProofsTestUnit Returning from test arrays 
2876844    INFO  Test worker     d.u.i.k.p.r.RunAllProofsTestUnit Running test javadl 
386        INFO  Timeout watchdog d.u.i.k.p.r.p.ForkedTestFileRunner Timeout watcher launched (2000 secs.) 
390        WARN  main            d.u.i.k.s.ProofSettings   The settings in /home/runner/.key/proof-settings.props are *not* read. 
420        INFO  main            d.u.i.k.p.r.p.TestFile    Now processing file /home/runner/work/key/key/key.core/../key.ui/examples/standard_key/instanceCreation/instanceCreation1.key 
536        INFO  main            d.u.i.k.p.i.AbstractProblemLoader Loading environment from /home/runner/work/key/key/key.core/../key.ui/examples/standard_key/instanceCreation/instanceCreation1.key 
553        DEBUG main            d.u.i.k.p.i.AbstractProblemLoader Environment load took 2.11ms 
791        INFO  main            d.u.i.k.p.i.AbstractProblemLoader Creating init config 
1653       DEBUG main            d.u.i.k.j.TypeConverter   No LDT found for Meta 
1654       DEBUG main            d.u.i.k.j.TypeConverter   No LDT found for Meta 
1655       DEBUG main            d.u.i.k.j.TypeConverter   No LDT found for Meta 
1655       DEBUG main            d.u.i.k.j.TypeConverter   No LDT found for Meta 
3075       DEBUG main            d.u.i.k.j.TypeConverter   No LDT found for JavaBigintExpression 
7741       DEBUG main            d.u.i.k.p.i.AbstractProblemLoader Init config took 6.95s 
7808       INFO  main            d.u.i.k.p.i.AbstractProblemLoader Replaying proof instanceCreation1.key 
7839       DEBUG main            d.u.i.k.p.i.IntermediateProofReplayer Proof replay took 36.1ns 
8775       INFO  main            d.u.i.k.p.r.p.TestFile    ... finished proof: closed. 
8909       INFO  main            d.u.i.k.p.i.AbstractProblemLoader Loading environment from /home/runner/work/key/key/key.core/../key.ui/examples/standard_key/instanceCreation/instanceCreation1.key.proof 
8909       DEBUG main            d.u.i.k.p.i.AbstractProblemLoader Environment load took 400.1ns 
8915       INFO  main            d.u.i.k.p.i.AbstractProblemLoader Creating init config 
11661      DEBUG main            d.u.i.k.p.i.AbstractProblemLoader Init config took 2.75s 
11699      INFO  main            d.u.i.k.p.i.AbstractProblemLoader Replaying proof instanceCreation1.key.proof 
11781      DEBUG main            d.u.i.k.p.i.IntermediateProofReplayer Proof replay took 74.75ms 
11795      DEBUG main            d.u.i.k.p.r.p.TestFile    ... success: reloaded. 
11803      INFO  main            d.u.i.k.p.r.p.TestFile    Now processing file /home/runner/work/key/key/key.core/../key.ui/examples/standard_key/instanceCreation/instanceCreation2.key 
11813      INFO  main            d.u.i.k.p.i.AbstractProblemLoader Loading environment from /home/runner/work/key/key/key.core/../key.ui/examples/standard_key/instanceCreation/instanceCreation2.key 
11813      DEBUG main            d.u.i.k.p.i.AbstractProblemLoader Environment load took 455.2ns 
11815      INFO  main            d.u.i.k.p.i.AbstractProblemLoader Creating init config 
14376      DEBUG main            d.u.i.k.p.i.AbstractProblemLoader Init config took 2.56s 
14444      INFO  main            d.u.i.k.p.i.AbstractProblemLoader Replaying proof instanceCreation2.key 
14450      DEBUG main            d.u.i.k.p.i.IntermediateProofReplayer Proof replay took 5.5ns 
15166      INFO  main            d.u.i.k.p.r.p.TestFile    ... finished proof: closed. 
15317      INFO  main            d.u.i.k.p.i.AbstractProblemLoader Loading environment from /home/runner/work/key/key/key.core/../key.ui/examples/standard_key/instanceCreation/instanceCreation2.key.proof 
15318      DEBUG main            d.u.i.k.p.i.AbstractProblemLoader Environment load took 386.7ns 
15319      INFO  main            d.u.i.k.p.i.AbstractProblemLoader Creating init config 
17872      DEBUG main            d.u.i.k.p.i.AbstractProblemLoader Init config took 2.55s 
17900      INFO  main            d.u.i.k.p.i.AbstractProblemLoader Replaying proof instanceCreation2.key.proof 
17974      DEBUG main            d.u.i.k.p.i.IntermediateProofReplayer Proof replay took 69.1ms 
17976      DEBUG main            d.u.i.k.p.r.p.TestFile    ... success: reloaded. 
17981      INFO  main            d.u.i.k.p.r.p.TestFile    Now processing file /home/runner/work/key/key/key.core/../key.ui/examples/standard_key/instanceCreation/interfacesAndAbstractClassesHaveNoInstances.key 
17982      INFO  main            d.u.i.k.p.i.AbstractProblemLoader Loading environment from /home/runner/work/key/key/key.core/../key.ui/examples/standard_key/instanceCreation/interfacesAndAbstractClassesHaveNoInstances.key 
17982      DEBUG main            d.u.i.k.p.i.AbstractProblemLoader Environment load took 214.1ns 
17984      INFO  main            d.u.i.k.p.i.AbstractProblemLoader Creating init config 
20483      DEBUG main            d.u.i.k.p.i.AbstractProblemLoader Init config took 2.5s 
20504      INFO  main            d.u.i.k.p.i.AbstractProblemLoader Replaying proof interfacesAndAbstractClassesHaveNoInstances.key 
20505      DEBUG main            d.u.i.k.p.i.IntermediateProofReplayer Proof replay took 5.9ns 
20611      INFO  main            d.u.i.k.p.r.p.TestFile    ... finished proof: closed. 
20750      INFO  main            d.u.i.k.p.i.AbstractProblemLoader Loading environment from /home/runner/work/key/key/key.core/../key.ui/examples/standard_key/instanceCreation/interfacesAndAbstractClassesHaveNoInstances.key.proof 
20750      DEBUG main            d.u.i.k.p.i.AbstractProblemLoader Environment load took 106.3ns 
20751      INFO  main            d.u.i.k.p.i.AbstractProblemLoader Creating init config 
23185      DEBUG main            d.u.i.k.p.i.AbstractProblemLoader Init config took 2.43s 
23205      INFO  main            d.u.i.k.p.i.AbstractProblemLoader Replaying proof interfacesAndAbstractClassesHaveNoInstances.key.proof 
23208      DEBUG main            d.u.i.k.p.i.IntermediateProofReplayer Proof replay took 1.05ms 
23209      DEBUG main            d.u.i.k.p.r.p.TestFile    ... success: reloaded. 
23210      INFO  main            d.u.i.k.p.r.p.TestFile    Now processing file /home/runner/work/key/key/key.core/../key.ui/examples/standard_key/instanceCreation/successiveCreatedObjectsAreDistinct.key 
23211      INFO  main            d.u.i.k.p.i.AbstractProblemLoader Loading environment from /home/runner/work/key/key/key.core/../key.ui/examples/standard_key/instanceCreation/successiveCreatedObjectsAreDistinct.key 
23211      DEBUG main            d.u.i.k.p.i.AbstractProblemLoader Environment load took 172.5ns 
23212      INFO  main            d.u.i.k.p.i.AbstractProblemLoader Creating init config 
25661      DEBUG main            d.u.i.k.p.i.AbstractProblemLoader Init config took 2.45s 
25683      INFO  main            d.u.i.k.p.i.AbstractProblemLoader Replaying proof successiveCreatedObjectsAreDistinct.key 
25685      DEBUG main            d.u.i.k.p.i.IntermediateProofReplayer Proof replay took 6.8ns 
25988      INFO  main            d.u.i.k.p.r.p.TestFile    ... finished proof: closed. 
26135      INFO  main            d.u.i.k.p.i.AbstractProblemLoader Loading environment from /home/runner/work/key/key/key.core/../key.ui/examples/standard_key/instanceCreation/successiveCreatedObjectsAreDistinct.key.proof 
26135      DEBUG main            d.u.i.k.p.i.AbstractProblemLoader Environment load took 120.8ns 
26136      INFO  main            d.u.i.k.p.i.AbstractProblemLoader Creating init config 
28544      DEBUG main            d.u.i.k.p.i.AbstractProblemLoader Init config took 2.41s 
28565      INFO  main            d.u.i.k.p.i.AbstractProblemLoader Replaying proof successiveCreatedObjectsAreDistinct.key.proof 
28618      DEBUG main            d.u.i.k.p.i.IntermediateProofReplayer Proof replay took 49.8ms 
28619      DEBUG main            d.u.i.k.p.r.p.TestFile    ... success: reloaded. 
28620      INFO  main            d.u.i.k.p.r.p.TestFile    Now processing file /home/runner/work/key/key/key.core/../key.ui/examples/standard_key/instanceCreation/testOverloadingConstructors.key 
28621      INFO  main            d.u.i.k.p.i.AbstractProblemLoader Loading environment from /home/runner/work/key/key/key.core/../key.ui/examples/standard_key/instanceCreation/testOverloadingConstructors.key 
28621      DEBUG main            d.u.i.k.p.i.AbstractProblemLoader Environment load took 193.1ns 
28622      INFO  main            d.u.i.k.p.i.AbstractProblemLoader Creating init config 
31048      DEBUG main            d.u.i.k.p.i.AbstractProblemLoader Init config took 2.43s 
31069      INFO  main            d.u.i.k.p.i.AbstractProblemLoader Replaying proof testOverloadingConstructors.key 
31071      DEBUG main            d.u.i.k.p.i.IntermediateProofReplayer Proof replay took 6.1ns 
31373      INFO  main            d.u.i.k.p.r.p.TestFile    ... finished proof: closed. 
31532      INFO  main            d.u.i.k.p.i.AbstractProblemLoader Loading environment from /home/runner/work/key/key/key.core/../key.ui/examples/standard_key/instanceCreation/testOverloadingConstructors.key.proof 
31534      DEBUG main            d.u.i.k.p.i.AbstractProblemLoader Environment load took 1.62ms 
31537      INFO  main            d.u.i.k.p.i.AbstractProblemLoader Creating init config 
33934      DEBUG main            d.u.i.k.p.i.AbstractProblemLoader Init config took 2.4s 
33954      INFO  main            d.u.i.k.p.i.AbstractProblemLoader Replaying proof testOverloadingConstructors.key.proof 
33993      DEBUG main            d.u.i.k.p.i.IntermediateProofReplayer Proof replay took 35.48ms 
33994      DEBUG main            d.u.i.k.p.r.p.TestFile    ... success: reloaded. 
33995      INFO  main            d.u.i.k.p.r.p.TestFile    Now processing file /home/runner/work/key/key/key.core/../key.ui/examples/standard_key/java_dl/SimpleAttributes.key 
33996      INFO  main            d.u.i.k.p.i.AbstractProblemLoader Loading environment from /home/runner/work/key/key/key.core/../key.ui/examples/standard_key/java_dl/SimpleAttributes.key 
33996      DEBUG main            d.u.i.k.p.i.AbstractProblemLoader Environment load took 191.2ns 
33997      INFO  main            d.u.i.k.p.i.AbstractProblemLoader Creating init config 
36420      DEBUG main            d.u.i.k.p.i.AbstractProblemLoader Init config took 2.42s 
36440      INFO  main            d.u.i.k.p.i.AbstractProblemLoader Replaying proof SimpleAttributes.key 
36442      DEBUG main            d.u.i.k.p.i.IntermediateProofReplayer Proof replay took 6.2ns 
36545      INFO  main            d.u.i.k.p.r.p.TestFile    ... finished proof: closed. 
36703      INFO  main            d.u.i.k.p.i.AbstractProblemLoader Loading environment from /home/runner/work/key/key/key.core/../key.ui/examples/standard_key/java_dl/SimpleAttributes.key.proof 
36703      DEBUG main            d.u.i.k.p.i.AbstractProblemLoader Environment load took 105.1ns 
36704      INFO  main            d.u.i.k.p.i.AbstractProblemLoader Creating init config 
39084      DEBUG main            d.u.i.k.p.i.AbstractProblemLoader Init config took 2.38s 
39105      INFO  main            d.u.i.k.p.i.AbstractProblemLoader Replaying proof SimpleAttributes.key.proof 
39127      DEBUG main            d.u.i.k.p.i.IntermediateProofReplayer Proof replay took 17.58ms 
39128      DEBUG main            d.u.i.k.p.r.p.TestFile    ... success: reloaded. 
39129      INFO  main            d.u.i.k.p.r.p.TestFile    Now processing file /home/runner/work/key/key/key.core/../key.ui/examples/standard_key/java_dl/arrayMax.key 
39129      INFO  main            d.u.i.k.p.i.AbstractProblemLoader Loading environment from /home/runner/work/key/key/key.core/../key.ui/examples/standard_key/java_dl/arrayMax.key 
39129      DEBUG main            d.u.i.k.p.i.AbstractProblemLoader Environment load took 172.5ns 
39131      INFO  main            d.u.i.k.p.i.AbstractProblemLoader Creating init config 
41521      DEBUG main            d.u.i.k.p.i.AbstractProblemLoader Init config took 2.39s 
41540      INFO  main            d.u.i.k.p.i.AbstractProblemLoader Replaying proof arrayMax.key 
41543      DEBUG main            d.u.i.k.p.i.IntermediateProofReplayer Proof replay took 5.2ns 
42865      INFO  main            d.u.i.k.p.r.p.TestFile    ... finished proof: closed. 
43133      INFO  main            d.u.i.k.p.i.AbstractProblemLoader Loading environment from /home/runner/work/key/key/key.core/../key.ui/examples/standard_key/java_dl/arrayMax.key.proof 
43134      DEBUG main            d.u.i.k.p.i.AbstractProblemLoader Environment load took 1.6ms 
43136      INFO  main            d.u.i.k.p.i.AbstractProblemLoader Creating init config 
45487      DEBUG main            d.u.i.k.p.i.AbstractProblemLoader Init config took 2.35s 
45514      INFO  main            d.u.i.k.p.i.AbstractProblemLoader Replaying proof arrayMax.key.proof 
45674      DEBUG main            d.u.i.k.p.i.IntermediateProofReplayer Proof replay took 152.01ms 
45675      DEBUG main            d.u.i.k.p.r.p.TestFile    ... success: reloaded. 
45677      INFO  main            d.u.i.k.p.r.p.TestFile    Now processing file /home/runner/work/key/key/key.core/../key.ui/examples/standard_key/java_dl/arrayUpdateSimp.key 
45677      INFO  main            d.u.i.k.p.i.AbstractProblemLoader Loading environment from /home/runner/work/key/key/key.core/../key.ui/examples/standard_key/java_dl/arrayUpdateSimp.key 
45677      DEBUG main            d.u.i.k.p.i.AbstractProblemLoader Environment load took 197.2ns 
45679      INFO  main            d.u.i.k.p.i.AbstractProblemLoader Creating init config 
45702      WARN  main            d.u.i.k.j.r.KeYCrossReferenceNameInfo Datatype java.io.PrintStream declared twice: Once in FILE:/home/runner/work/key/key/key.core/../key.ui/examples/standard_key/java_dl/./classpath/PrintStream.java and once in URL:file:/home/runner/work/key/key/key.core/build/resources/main/de/uka/ilkd/key/java/JavaRedux/java/io/PrintStream.java, Keeping one from URL:file:/home/runner/work/key/key/key.core/build/resources/main/de/uka/ilkd/key/java/JavaRedux/java/io/PrintStream.java 
45703      WARN  main            d.u.i.k.j.r.KeYCrossReferenceNameInfo Datatype java.io.InputStream declared twice: Once in FILE:/home/runner/work/key/key/key.core/../key.ui/examples/standard_key/java_dl/./classpath/InputStream.java and once in URL:file:/home/runner/work/key/key/key.core/build/resources/main/de/uka/ilkd/key/java/JavaRedux/java/io/InputStream.java, Keeping one from URL:file:/home/runner/work/key/key/key.core/build/resources/main/de/uka/ilkd/key/java/JavaRedux/java/io/InputStream.java 
45703      WARN  main            d.u.i.k.j.r.KeYCrossReferenceNameInfo Datatype java.lang.System declared twice: Once in FILE:/home/runner/work/key/key/key.core/../key.ui/examples/standard_key/java_dl/./classpath/System.java and once in URL:file:/home/runner/work/key/key/key.core/build/resources/main/de/uka/ilkd/key/java/JavaRedux/java/lang/System.java, Keeping one from URL:file:/home/runner/work/key/key/key.core/build/resources/main/de/uka/ilkd/key/java/JavaRedux/java/lang/System.java 
45708      DEBUG main            d.u.i.k.j.r.ClassFileDeclarationBuilder Parsing: package java.io; public class Closeable { } 
45709      DEBUG main            r.s.KeYCrossReferenceSourceInfo Dynamically created class: java.io.Closeable 
48214      DEBUG main            d.u.i.k.p.i.AbstractProblemLoader Init config took 2.53s 
48233      INFO  main            d.u.i.k.p.i.AbstractProblemLoader Replaying proof arrayUpdateSimp.key 
48234      DEBUG main            d.u.i.k.p.i.IntermediateProofReplayer Proof replay took 7ns 
48338      INFO  main            d.u.i.k.p.r.p.TestFile    ... finished proof: closed. 
48529      INFO  main            d.u.i.k.p.i.AbstractProblemLoader Loading environment from /home/runner/work/key/key/key.core/../key.ui/examples/standard_key/java_dl/arrayUpdateSimp.key.proof 
48529      DEBUG main            d.u.i.k.p.i.AbstractProblemLoader Environment load took 107.6ns 
48534      INFO  main            d.u.i.k.p.i.AbstractProblemLoader Creating init config 
48563      WARN  main            d.u.i.k.j.r.KeYCrossReferenceNameInfo Datatype java.io.PrintStream declared twice: Once in FILE:/home/runner/work/key/key/key.core/../key.ui/examples/standard_key/java_dl/classpath/PrintStream.java and once in URL:file:/home/runner/work/key/key/key.core/build/resources/main/de/uka/ilkd/key/java/JavaRedux/java/io/PrintStream.java, Keeping one from URL:file:/home/runner/work/key/key/key.core/build/resources/main/de/uka/ilkd/key/java/JavaRedux/java/io/PrintStream.java 
48563      WARN  main            d.u.i.k.j.r.KeYCrossReferenceNameInfo Datatype java.io.InputStream declared twice: Once in FILE:/home/runner/work/key/key/key.core/../key.ui/examples/standard_key/java_dl/classpath/InputStream.java and once in URL:file:/home/runner/work/key/key/key.core/build/resources/main/de/uka/ilkd/key/java/JavaRedux/java/io/InputStream.java, Keeping one from URL:file:/home/runner/work/key/key/key.core/build/resources/main/de/uka/ilkd/key/java/JavaRedux/java/io/InputStream.java 
48564      WARN  main            d.u.i.k.j.r.KeYCrossReferenceNameInfo Datatype java.lang.System declared twice: Once in FILE:/home/runner/work/key/key/key.core/../key.ui/examples/standard_key/java_dl/classpath/System.java and once in URL:file:/home/runner/work/key/key/key.core/build/resources/main/de/uka/ilkd/key/java/JavaRedux/java/lang/System.java, Keeping one from URL:file:/home/runner/work/key/key/key.core/build/resources/main/de/uka/ilkd/key/java/JavaRedux/java/lang/System.java 
48567      DEBUG main            d.u.i.k.j.r.ClassFileDeclarationBuilder Parsing: package java.io; public class Closeable { } 
48567      DEBUG main            r.s.KeYCrossReferenceSourceInfo Dynamically created class: java.io.Closeable 
50926      DEBUG main            d.u.i.k.p.i.AbstractProblemLoader Init config took 2.39s 
50946      INFO  main            d.u.i.k.p.i.AbstractProblemLoader Replaying proof arrayUpdateSimp.key.proof 
50948      DEBUG main            d.u.i.k.p.i.IntermediateProofReplayer Proof replay took 507.1ns 
50949      DEBUG main            d.u.i.k.p.r.p.TestFile    ... success: reloaded. 
50950      INFO  main            d.u.i.k.p.r.p.TestFile    Now processing file /home/runner/work/key/key/key.core/../key.ui/examples/standard_key/java_dl/attributes.key 
50950      INFO  main            d.u.i.k.p.i.AbstractProblemLoader Loading environment from /home/runner/work/key/key/key.core/../key.ui/examples/standard_key/java_dl/attributes.key 
50950      DEBUG main            d.u.i.k.p.i.AbstractProblemLoader Environment load took 78.7ns 
50951      INFO  main            d.u.i.k.p.i.AbstractProblemLoader Creating init config 
53332      DEBUG main            d.u.i.k.p.i.AbstractProblemLoader Init config took 2.38s 
53349      INFO  main            d.u.i.k.p.i.AbstractProblemLoader Replaying proof attributes.key 
53350      DEBUG main            d.u.i.k.p.i.IntermediateProofReplayer Proof replay took 6.3ns 
53553      INFO  main            d.u.i.k.p.r.p.TestFile    ... finished proof: closed. 
53730      INFO  main            d.u.i.k.p.i.AbstractProblemLoader Loading environment from /home/runner/work/key/key/key.core/../key.ui/examples/standard_key/java_dl/attributes.key.proof 
53730      DEBUG main            d.u.i.k.p.i.AbstractProblemLoader Environment load took 102.1ns 
53731      INFO  main            d.u.i.k.p.i.AbstractProblemLoader Creating init config 
56067      DEBUG main            d.u.i.k.p.i.AbstractProblemLoader Init config took 2.34s 
56087      INFO  main            d.u.i.k.p.i.AbstractProblemLoader Replaying proof attributes.key.proof 
56127      DEBUG main            d.u.i.k.p.i.IntermediateProofReplayer Proof replay took 37.49ms 
56127      DEBUG main            d.u.i.k.p.r.p.TestFile    ... success: reloaded. 
56128      INFO  main            d.u.i.k.p.r.p.TestFile    Now processing file /home/runner/work/key/key/key.core/../key.ui/examples/standard_key/java_dl/break.key 
56128      INFO  main            d.u.i.k.p.i.AbstractProblemLoader Loading environment from /home/runner/work/key/key/key.core/../key.ui/examples/standard_key/java_dl/break.key 
56128      DEBUG main            d.u.i.k.p.i.AbstractProblemLoader Environment load took 51.8ns 
56137      INFO  main            d.u.i.k.p.i.AbstractProblemLoader Creating init config 
56172      WARN  main            d.u.i.k.j.r.KeYCrossReferenceNameInfo Datatype java.io.PrintStream declared twice: Once in FILE:/home/runner/work/key/key/key.core/../key.ui/examples/standard_key/java_dl/classpath/PrintStream.java and once in URL:file:/home/runner/work/key/key/key.core/build/resources/main/de/uka/ilkd/key/java/JavaRedux/java/io/PrintStream.java, Keeping one from URL:file:/home/runner/work/key/key/key.core/build/resources/main/de/uka/ilkd/key/java/JavaRedux/java/io/PrintStream.java 
56172      WARN  main            d.u.i.k.j.r.KeYCrossReferenceNameInfo Datatype java.io.InputStream declared twice: Once in FILE:/home/runner/work/key/key/key.core/../key.ui/examples/standard_key/java_dl/classpath/InputStream.java and once in URL:file:/home/runner/work/key/key/key.core/build/resources/main/de/uka/ilkd/key/java/JavaRedux/java/io/InputStream.java, Keeping one from URL:file:/home/runner/work/key/key/key.core/build/resources/main/de/uka/ilkd/key/java/JavaRedux/java/io/InputStream.java 
56172      WARN  main            d.u.i.k.j.r.KeYCrossReferenceNameInfo Datatype java.lang.System declared twice: Once in FILE:/home/runner/work/key/key/key.core/../key.ui/examples/standard_key/java_dl/classpath/System.java and once in URL:file:/home/runner/work/key/key/key.core/build/resources/main/de/uka/ilkd/key/java/JavaRedux/java/lang/System.java, Keeping one from URL:file:/home/runner/work/key/key/key.core/build/resources/main/de/uka/ilkd/key/java/JavaRedux/java/lang/System.java 
56184      DEBUG main            d.u.i.k.j.r.ClassFileDeclarationBuilder Parsing: package java.io; public class Closeable { } 
56184      DEBUG main            r.s.KeYCrossReferenceSourceInfo Dynamically created class: java.io.Closeable 
58523      DEBUG main            d.u.i.k.p.i.AbstractProblemLoader Init config took 2.39s 
58541      INFO  main            d.u.i.k.p.i.AbstractProblemLoader Replaying proof break.key 
58542      DEBUG main            d.u.i.k.p.i.IntermediateProofReplayer Proof replay took 6.9ns 
58644      INFO  main            d.u.i.k.p.r.p.TestFile    ... finished proof: closed. 
58869      INFO  main            d.u.i.k.p.i.AbstractProblemLoader Loading environment from /home/runner/work/key/key/key.core/../key.ui/examples/standard_key/java_dl/break.key.proof 
58870      DEBUG main            d.u.i.k.p.i.AbstractProblemLoader Environment load took 841.2ns 
58870      INFO  main            d.u.i.k.p.i.AbstractProblemLoader Creating init config 
58892      WARN  main            d.u.i.k.j.r.KeYCrossReferenceNameInfo Datatype java.io.PrintStream declared twice: Once in FILE:/home/runner/work/key/key/key.core/../key.ui/examples/standard_key/java_dl/classpath/PrintStream.java and once in URL:file:/home/runner/work/key/key/key.core/build/resources/main/de/uka/ilkd/key/java/JavaRedux/java/io/PrintStream.java, Keeping one from URL:file:/home/runner/work/key/key/key.core/build/resources/main/de/uka/ilkd/key/java/JavaRedux/java/io/PrintStream.java 
58893      WARN  main            d.u.i.k.j.r.KeYCrossReferenceNameInfo Datatype java.io.InputStream declared twice: Once in FILE:/home/runner/work/key/key/key.core/../key.ui/examples/standard_key/java_dl/classpath/InputStream.java and once in URL:file:/home/runner/work/key/key/key.core/build/resources/main/de/uka/ilkd/key/java/JavaRedux/java/io/InputStream.java, Keeping one from URL:file:/home/runner/work/key/key/key.core/build/resources/main/de/uka/ilkd/key/java/JavaRedux/java/io/InputStream.java 
58893      WARN  main            d.u.i.k.j.r.KeYCrossReferenceNameInfo Datatype java.lang.System declared twice: Once in FILE:/home/runner/work/key/key/key.core/../key.ui/examples/standard_key/java_dl/classpath/System.java and once in URL:file:/home/runner/work/key/key/key.core/build/resources/main/de/uka/ilkd/key/java/JavaRedux/java/lang/System.java, Keeping one from URL:file:/home/runner/work/key/key/key.core/build/resources/main/de/uka/ilkd/key/java/JavaRedux/java/lang/System.java 
58897      DEBUG main            d.u.i.k.j.r.ClassFileDeclarationBuilder Parsing: package java.io; public class Closeable { } 
58897      DEBUG main            r.s.KeYCrossReferenceSourceInfo Dynamically created class: java.io.Closeable 
61182      DEBUG main            d.u.i.k.p.i.AbstractProblemLoader Init config took 2.31s 
61200      INFO  main            d.u.i.k.p.i.AbstractProblemLoader Replaying proof break.key.proof 
61208      DEBUG main            d.u.i.k.p.i.IntermediateProofReplayer Proof replay took 5.96ms 
61209      DEBUG main            d.u.i.k.p.r.p.TestFile    ... success: reloaded. 
61210      INFO  main            d.u.i.k.p.r.p.TestFile    Now processing file /home/runner/work/key/key/key.core/../key.ui/examples/standard_key/java_dl/char.key 
61210      INFO  main            d.u.i.k.p.i.AbstractProblemLoader Loading environment from /home/runner/work/key/key/key.core/../key.ui/examples/standard_key/java_dl/char.key 
61211      DEBUG main            d.u.i.k.p.i.AbstractProblemLoader Environment load took 82.6ns 
61211      INFO  main            d.u.i.k.p.i.AbstractProblemLoader Creating init config 
63556      DEBUG main            d.u.i.k.p.i.AbstractProblemLoader Init config took 2.34s 
63572      INFO  main            d.u.i.k.p.i.AbstractProblemLoader Replaying proof char.key 
63573      DEBUG main            d.u.i.k.p.i.IntermediateProofReplayer Proof replay took 6.8ns 
63675      INFO  main            d.u.i.k.p.r.p.TestFile    ... finished proof: closed. 
63900      INFO  main            d.u.i.k.p.i.AbstractProblemLoader Loading environment from /home/runner/work/key/key/key.core/../key.ui/examples/standard_key/java_dl/char.key.proof 
63900      DEBUG main            d.u.i.k.p.i.AbstractProblemLoader Environment load took 109.4ns 
63901      INFO  main            d.u.i.k.p.i.AbstractProblemLoader Creating init config 
66162      DEBUG main            d.u.i.k.p.i.AbstractProblemLoader Init config took 2.26s 
66178      INFO  main            d.u.i.k.p.i.AbstractProblemLoader Replaying proof char.key.proof 
66182      DEBUG main            d.u.i.k.p.i.IntermediateProofReplayer Proof replay took 2.16ms 
66183      DEBUG main            d.u.i.k.p.r.p.TestFile    ... success: reloaded. 
66184      INFO  main            d.u.i.k.p.r.p.TestFile    Now processing file /home/runner/work/key/key/key.core/../key.ui/examples/standard_key/java_dl/compileTimeConstants.key 
66184      INFO  main            d.u.i.k.p.i.AbstractProblemLoader Loading environment from /home/runner/work/key/key/key.core/../key.ui/examples/standard_key/java_dl/compileTimeConstants.key 
66185      DEBUG main            d.u.i.k.p.i.AbstractProblemLoader Environment load took 175.6ns 
66186      INFO  main            d.u.i.k.p.i.AbstractProblemLoader Creating init config 
68538      DEBUG main            d.u.i.k.p.i.AbstractProblemLoader Init config took 2.35s 
68554      INFO  main            d.u.i.k.p.i.AbstractProblemLoader Replaying proof compileTimeConstants.key 
68555      DEBUG main            d.u.i.k.p.i.IntermediateProofReplayer Proof replay took 6.5ns 
68657      INFO  main            d.u.i.k.p.r.p.TestFile    ... finished proof: closed. 
68883      INFO  main            d.u.i.k.p.i.AbstractProblemLoader Loading environment from /home/runner/work/key/key/key.core/../key.ui/examples/standard_key/java_dl/compileTimeConstants.key.proof 
68883      DEBUG main            d.u.i.k.p.i.AbstractProblemLoader Environment load took 105.7ns 
68884      INFO  main            d.u.i.k.p.i.AbstractProblemLoader Creating init config 
71201      DEBUG main            d.u.i.k.p.i.AbstractProblemLoader Init config took 2.32s 
71216      INFO  main            d.u.i.k.p.i.AbstractProblemLoader Replaying proof compileTimeConstants.key.proof 
71227      DEBUG main            d.u.i.k.p.i.IntermediateProofReplayer Proof replay took 8.52ms 
71228      DEBUG main            d.u.i.k.p.r.p.TestFile    ... success: reloaded. 
71228      INFO  main            d.u.i.k.p.r.p.TestFile    Now processing file /home/runner/work/key/key/key.core/../key.ui/examples/standard_key/java_dl/constructorException/test.key 
71229      INFO  main            d.u.i.k.p.i.AbstractProblemLoader Loading environment from /home/runner/work/key/key/key.core/../key.ui/examples/standard_key/java_dl/constructorException/test.key 
71229      DEBUG main            d.u.i.k.p.i.AbstractProblemLoader Environment load took 93.9ns 
71230      INFO  main            d.u.i.k.p.i.AbstractProblemLoader Creating init config 
73588      DEBUG main            d.u.i.k.p.i.AbstractProblemLoader Init config took 2.36s 
73675      INFO  main            d.u.i.k.p.i.AbstractProblemLoader Replaying proof Test[Test::Test(int)].JML operation contract.0 
73677      DEBUG main            d.u.i.k.p.i.IntermediateProofReplayer Proof replay took 6.3ns 
73880      INFO  main            d.u.i.k.p.r.p.TestFile    ... finished proof: closed. 
74132      INFO  main            d.u.i.k.p.i.AbstractProblemLoader Loading environment from /home/runner/work/key/key/key.core/../key.ui/examples/standard_key/java_dl/constructorException/test.key.proof 
74132      DEBUG main            d.u.i.k.p.i.AbstractProblemLoader Environment load took 105.6ns 
74134      INFO  main            d.u.i.k.p.i.AbstractProblemLoader Creating init config 
76465      DEBUG main            d.u.i.k.p.i.AbstractProblemLoader Init config took 2.33s 
76511      INFO  main            d.u.i.k.p.i.AbstractProblemLoader Replaying proof Test[Test::Test(int)].JML operation contract.0 
76559      DEBUG main            d.u.i.k.p.i.IntermediateProofReplayer Proof replay took 45.5ms 
76560      DEBUG main            d.u.i.k.p.r.p.TestFile    ... success: reloaded. 
76561      INFO  main            d.u.i.k.p.r.p.TestFile    Now processing file /home/runner/work/key/key/key.core/../key.ui/examples/standard_key/java_dl/constructorException/regressionTestBug1333.key 
76562      INFO  main            d.u.i.k.p.i.AbstractProblemLoader Loading environment from /home/runner/work/key/key/key.core/../key.ui/examples/standard_key/java_dl/constructorException/regressionTestBug1333.key 
76562      DEBUG main            d.u.i.k.p.i.AbstractProblemLoader Environment load took 168.9ns 
76563      INFO  main            d.u.i.k.p.i.AbstractProblemLoader Creating init config 
78878      DEBUG main            d.u.i.k.p.i.AbstractProblemLoader Init config took 2.32s 
78915      INFO  main            d.u.i.k.p.i.AbstractProblemLoader Replaying proof False[False::False()].JML normal_behavior operation contract.0 
78917      DEBUG main            d.u.i.k.p.i.IntermediateProofReplayer Proof replay took 5.9ns 
79023      INFO  main            d.u.i.k.p.r.p.TestFile    ... finished proof: open goal(s) 
79246      INFO  main            d.u.i.k.p.r.p.TestFile    Now processing file /home/runner/work/key/key/key.core/../key.ui/examples/standard_key/java_dl/continue1.key 
79247      INFO  main            d.u.i.k.p.i.AbstractProblemLoader Loading environment from /home/runner/work/key/key/key.core/../key.ui/examples/standard_key/java_dl/continue1.key 
79247      DEBUG main            d.u.i.k.p.i.AbstractProblemLoader Environment load took 81.5ns 
79248      INFO  main            d.u.i.k.p.i.AbstractProblemLoader Creating init config 
79268      WARN  main            d.u.i.k.j.r.KeYCrossReferenceNameInfo Datatype java.io.PrintStream declared twice: Once in FILE:/home/runner/work/key/key/key.core/../key.ui/examples/standard_key/java_dl/classpath/PrintStream.java and once in URL:file:/home/runner/work/key/key/key.core/build/resources/main/de/uka/ilkd/key/java/JavaRedux/java/io/PrintStream.java, Keeping one from URL:file:/home/runner/work/key/key/key.core/build/resources/main/de/uka/ilkd/key/java/JavaRedux/java/io/PrintStream.java 
79269      WARN  main            d.u.i.k.j.r.KeYCrossReferenceNameInfo Datatype java.io.InputStream declared twice: Once in FILE:/home/runner/work/key/key/key.core/../key.ui/examples/standard_key/java_dl/classpath/InputStream.java and once in URL:file:/home/runner/work/key/key/key.core/build/resources/main/de/uka/ilkd/key/java/JavaRedux/java/io/InputStream.java, Keeping one from URL:file:/home/runner/work/key/key/key.core/build/resources/main/de/uka/ilkd/key/java/JavaRedux/java/io/InputStream.java 
79269      WARN  main            d.u.i.k.j.r.KeYCrossReferenceNameInfo Datatype java.lang.System declared twice: Once in FILE:/home/runner/work/key/key/key.core/../key.ui/examples/standard_key/java_dl/classpath/System.java and once in URL:file:/home/runner/work/key/key/key.core/build/resources/main/de/uka/ilkd/key/java/JavaRedux/java/lang/System.java, Keeping one from URL:file:/home/runner/work/key/key/key.core/build/resources/main/de/uka/ilkd/key/java/JavaRedux/java/lang/System.java 
79272      DEBUG main            d.u.i.k.j.r.ClassFileDeclarationBuilder Parsing: package java.io; public class Closeable { } 
79272      DEBUG main            r.s.KeYCrossReferenceSourceInfo Dynamically created class: java.io.Closeable 
81510      DEBUG main            d.u.i.k.p.i.AbstractProblemLoader Init config took 2.26s 
81525      INFO  main            d.u.i.k.p.i.AbstractProblemLoader Replaying proof continue1.key 
81527      DEBUG main            d.u.i.k.p.i.IntermediateProofReplayer Proof replay took 5.9ns 
81629      INFO  main            d.u.i.k.p.r.p.TestFile    ... finished proof: closed. 
81823      INFO  main            d.u.i.k.p.i.AbstractProblemLoader Loading environment from /home/runner/work/key/key/key.core/../key.ui/examples/standard_key/java_dl/continue1.key.proof 
81823      DEBUG main            d.u.i.k.p.i.AbstractProblemLoader Environment load took 151.5ns 
81824      INFO  main            d.u.i.k.p.i.AbstractProblemLoader Creating init config 
81848      WARN  main            d.u.i.k.j.r.KeYCrossReferenceNameInfo Datatype java.io.PrintStream declared twice: Once in FILE:/home/runner/work/key/key/key.core/../key.ui/examples/standard_key/java_dl/classpath/PrintStream.java and once in URL:file:/home/runner/work/key/key/key.core/build/resources/main/de/uka/ilkd/key/java/JavaRedux/java/io/PrintStream.java, Keeping one from URL:file:/home/runner/work/key/key/key.core/build/resources/main/de/uka/ilkd/key/java/JavaRedux/java/io/PrintStream.java 
81848      WARN  main            d.u.i.k.j.r.KeYCrossReferenceNameInfo Datatype java.io.InputStream declared twice: Once in FILE:/home/runner/work/key/key/key.core/../key.ui/examples/standard_key/java_dl/classpath/InputStream.java and once in URL:file:/home/runner/work/key/key/key.core/build/resources/main/de/uka/ilkd/key/java/JavaRedux/java/io/InputStream.java, Keeping one from URL:file:/home/runner/work/key/key/key.core/build/resources/main/de/uka/ilkd/key/java/JavaRedux/java/io/InputStream.java 
81848      WARN  main            d.u.i.k.j.r.KeYCrossReferenceNameInfo Datatype java.lang.System declared twice: Once in FILE:/home/runner/work/key/key/key.core/../key.ui/examples/standard_key/java_dl/classpath/System.java and once in URL:file:/home/runner/work/key/key/key.core/build/resources/main/de/uka/ilkd/key/java/JavaRedux/java/lang/System.java, Keeping one from URL:file:/home/runner/work/key/key/key.core/build/resources/main/de/uka/ilkd/key/java/JavaRedux/java/lang/System.java 
81851      DEBUG main            d.u.i.k.j.r.ClassFileDeclarationBuilder Parsing: package java.io; public class Closeable { } 
81851      DEBUG main            r.s.KeYCrossReferenceSourceInfo Dynamically created class: java.io.Closeable 
84100      DEBUG main            d.u.i.k.p.i.AbstractProblemLoader Init config took 2.28s 
84114      INFO  main            d.u.i.k.p.i.AbstractProblemLoader Replaying proof continue1.key.proof 
84129      DEBUG main            d.u.i.k.p.i.IntermediateProofReplayer Proof replay took 13.19ms 
84131      DEBUG main            d.u.i.k.p.r.p.TestFile    ... success: reloaded. 
84132      INFO  main            d.u.i.k.p.r.p.TestFile    Now processing file /home/runner/work/key/key/key.core/../key.ui/examples/standard_key/java_dl/continue2.key 
84132      INFO  main            d.u.i.k.p.i.AbstractProblemLoader Loading environment from /home/runner/work/key/key/key.core/../key.ui/examples/standard_key/java_dl/continue2.key 
84132      DEBUG main            d.u.i.k.p.i.AbstractProblemLoader Environment load took 77.4ns 
84133      INFO  main            d.u.i.k.p.i.AbstractProblemLoader Creating init config 
84153      WARN  main            d.u.i.k.j.r.KeYCrossReferenceNameInfo Datatype java.io.PrintStream declared twice: Once in FILE:/home/runner/work/key/key/key.core/../key.ui/examples/standard_key/java_dl/classpath/PrintStream.java and once in URL:file:/home/runner/work/key/key/key.core/build/resources/main/de/uka/ilkd/key/java/JavaRedux/java/io/PrintStream.java, Keeping one from URL:file:/home/runner/work/key/key/key.core/build/resources/main/de/uka/ilkd/key/java/JavaRedux/java/io/PrintStream.java 
84153      WARN  main            d.u.i.k.j.r.KeYCrossReferenceNameInfo Datatype java.io.InputStream declared twice: Once in FILE:/home/runner/work/key/key/key.core/../key.ui/examples/standard_key/java_dl/classpath/InputStream.java and once in URL:file:/home/runner/work/key/key/key.core/build/resources/main/de/uka/ilkd/key/java/JavaRedux/java/io/InputStream.java, Keeping one from URL:file:/home/runner/work/key/key/key.core/build/resources/main/de/uka/ilkd/key/java/JavaRedux/java/io/InputStream.java 
84153      WARN  main            d.u.i.k.j.r.KeYCrossReferenceNameInfo Datatype java.lang.System declared twice: Once in FILE:/home/runner/work/key/key/key.core/../key.ui/examples/standard_key/java_dl/classpath/System.java and once in URL:file:/home/runner/work/key/key/key.core/build/resources/main/de/uka/ilkd/key/java/JavaRedux/java/lang/System.java, Keeping one from URL:file:/home/runner/work/key/key/key.core/build/resources/main/de/uka/ilkd/key/java/JavaRedux/java/lang/System.java 
84156      DEBUG main            d.u.i.k.j.r.ClassFileDeclarationBuilder Parsing: package java.io; public class Closeable { } 
84156      DEBUG main            r.s.KeYCrossReferenceSourceInfo Dynamically created class: java.io.Closeable 
86417      DEBUG main            d.u.i.k.p.i.AbstractProblemLoader Init config took 2.28s 
86431      INFO  main            d.u.i.k.p.i.AbstractProblemLoader Replaying proof continue2.key 
86433      DEBUG main            d.u.i.k.p.i.IntermediateProofReplayer Proof replay took 6.7ns 
86635      INFO  main            d.u.i.k.p.r.p.TestFile    ... finished proof: closed. 
86862      INFO  main            d.u.i.k.p.i.AbstractProblemLoader Loading environment from /home/runner/work/key/key/key.core/../key.ui/examples/standard_key/java_dl/continue2.key.proof 
86862      DEBUG main            d.u.i.k.p.i.AbstractProblemLoader Environment load took 93.5ns 
86863      INFO  main            d.u.i.k.p.i.AbstractProblemLoader Creating init config 
86883      WARN  main            d.u.i.k.j.r.KeYCrossReferenceNameInfo Datatype java.io.PrintStream declared twice: Once in FILE:/home/runner/work/key/key/key.core/../key.ui/examples/standard_key/java_dl/classpath/PrintStream.java and once in URL:file:/home/runner/work/key/key/key.core/build/resources/main/de/uka/ilkd/key/java/JavaRedux/java/io/PrintStream.java, Keeping one from URL:file:/home/runner/work/key/key/key.core/build/resources/main/de/uka/ilkd/key/java/JavaRedux/java/io/PrintStream.java 
86884      WARN  main            d.u.i.k.j.r.KeYCrossReferenceNameInfo Datatype java.io.InputStream declared twice: Once in FILE:/home/runner/work/key/key/key.core/../key.ui/examples/standard_key/java_dl/classpath/InputStream.java and once in URL:file:/home/runner/work/key/key/key.core/build/resources/main/de/uka/ilkd/key/java/JavaRedux/java/io/InputStream.java, Keeping one from URL:file:/home/runner/work/key/key/key.core/build/resources/main/de/uka/ilkd/key/java/JavaRedux/java/io/InputStream.java 
86884      WARN  main            d.u.i.k.j.r.KeYCrossReferenceNameInfo Datatype java.lang.System declared twice: Once in FILE:/home/runner/work/key/key/key.core/../key.ui/examples/standard_key/java_dl/classpath/System.java and once in URL:file:/home/runner/work/key/key/key.core/build/resources/main/de/uka/ilkd/key/java/JavaRedux/java/lang/System.java, Keeping one from URL:file:/home/runner/work/key/key/key.core/build/resources/main/de/uka/ilkd/key/java/JavaRedux/java/lang/System.java 
86887      DEBUG main            d.u.i.k.j.r.ClassFileDeclarationBuilder Parsing: package java.io; public class Closeable { } 
86887      DEBUG main            r.s.KeYCrossReferenceSourceInfo Dynamically created class: java.io.Closeable 
89148      DEBUG main            d.u.i.k.p.i.AbstractProblemLoader Init config took 2.28s 
89162      INFO  main            d.u.i.k.p.i.AbstractProblemLoader Replaying proof continue2.key.proof 
89213      DEBUG main            d.u.i.k.p.i.IntermediateProofReplayer Proof replay took 48.64ms 
89214      DEBUG main            d.u.i.k.p.r.p.TestFile    ... success: reloaded. 
89215      INFO  main            d.u.i.k.p.r.p.TestFile    Now processing file /home/runner/work/key/key/key.core/../key.ui/examples/standard_key/java_dl/complexAssignment.key 
89216      INFO  main            d.u.i.k.p.i.AbstractProblemLoader Loading environment from /home/runner/work/key/key/key.core/../key.ui/examples/standard_key/java_dl/complexAssignment.key 
89216      DEBUG main            d.u.i.k.p.i.AbstractProblemLoader Environment load took 108.3ns 
89217      INFO  main            d.u.i.k.p.i.AbstractProblemLoader Creating init config 
91452      DEBUG main            d.u.i.k.p.i.AbstractProblemLoader Init config took 2.24s 
91466      INFO  main            d.u.i.k.p.i.AbstractProblemLoader Replaying proof complexAssignment.key 
91467      DEBUG main            d.u.i.k.p.i.IntermediateProofReplayer Proof replay took 6.6ns 
91570      INFO  main            d.u.i.k.p.r.p.TestFile    ... finished proof: closed. 
91786      INFO  main            d.u.i.k.p.i.AbstractProblemLoader Loading environment from /home/runner/work/key/key/key.core/../key.ui/examples/standard_key/java_dl/complexAssignment.key.proof 
91786      DEBUG main            d.u.i.k.p.i.AbstractProblemLoader Environment load took 94.5ns 
91787      INFO  main            d.u.i.k.p.i.AbstractProblemLoader Creating init config 
93988      DEBUG main            d.u.i.k.p.i.AbstractProblemLoader Init config took 2.2s 
94003      INFO  main            d.u.i.k.p.i.AbstractProblemLoader Replaying proof complexAssignment.key.proof 
94013      DEBUG main            d.u.i.k.p.i.IntermediateProofReplayer Proof replay took 6.58ms 
94014      DEBUG main            d.u.i.k.p.r.p.TestFile    ... success: reloaded. 
94015      INFO  main            d.u.i.k.p.r.p.TestFile    Now processing file /home/runner/work/key/key/key.core/../key.ui/examples/standard_key/java_dl/danglingElseSolution1.key 
94015      INFO  main            d.u.i.k.p.i.AbstractProblemLoader Loading environment from /home/runner/work/key/key/key.core/../key.ui/examples/standard_key/java_dl/danglingElseSolution1.key 
94015      DEBUG main            d.u.i.k.p.i.AbstractProblemLoader Environment load took 159.9ns 
94016      INFO  main            d.u.i.k.p.i.AbstractProblemLoader Creating init config 
96308      DEBUG main            d.u.i.k.p.i.AbstractProblemLoader Init config took 2.29s 
96323      INFO  main            d.u.i.k.p.i.AbstractProblemLoader Replaying proof danglingElseSolution1.key 
96325      DEBUG main            d.u.i.k.p.i.IntermediateProofReplayer Proof replay took 6.4ns 
96429      INFO  main            d.u.i.k.p.r.p.TestFile    ... finished proof: closed. 
96649      INFO  main            d.u.i.k.p.i.AbstractProblemLoader Loading environment from /home/runner/work/key/key/key.core/../key.ui/examples/standard_key/java_dl/danglingElseSolution1.key.proof 
96650      DEBUG main            d.u.i.k.p.i.AbstractProblemLoader Environment load took 99.3ns 
96651      INFO  main            d.u.i.k.p.i.AbstractProblemLoader Creating init config 
98865      DEBUG main            d.u.i.k.p.i.AbstractProblemLoader Init config took 2.21s 
98878      INFO  main            d.u.i.k.p.i.AbstractProblemLoader Replaying proof danglingElseSolution1.key.proof 
98886      DEBUG main            d.u.i.k.p.i.IntermediateProofReplayer Proof replay took 5.91ms 
98887      DEBUG main            d.u.i.k.p.r.p.TestFile    ... success: reloaded. 
98888      INFO  main            d.u.i.k.p.r.p.TestFile    Now processing file /home/runner/work/key/key/key.core/../key.ui/examples/standard_key/java_dl/danglingElseSolution2.key 
98888      INFO  main            d.u.i.k.p.i.AbstractProblemLoader Loading environment from /home/runner/work/key/key/key.core/../key.ui/examples/standard_key/java_dl/danglingElseSolution2.key 
98888      DEBUG main            d.u.i.k.p.i.AbstractProblemLoader Environment load took 76.2ns 
98889      INFO  main            d.u.i.k.p.i.AbstractProblemLoader Creating init config 
101154     DEBUG main            d.u.i.k.p.i.AbstractProblemLoader Init config took 2.26s 
101169     INFO  main            d.u.i.k.p.i.AbstractProblemLoader Replaying proof danglingElseSolution2.key 
101170     DEBUG main            d.u.i.k.p.i.IntermediateProofReplayer Proof replay took 6.2ns 
101273     INFO  main            d.u.i.k.p.r.p.TestFile    ... finished proof: closed. 
101498     INFO  main            d.u.i.k.p.i.AbstractProblemLoader Loading environment from /home/runner/work/key/key/key.core/../key.ui/examples/standard_key/java_dl/danglingElseSolution2.key.proof 
101498     DEBUG main            d.u.i.k.p.i.AbstractProblemLoader Environment load took 101.4ns 
101499     INFO  main            d.u.i.k.p.i.AbstractProblemLoader Creating init config 
103690     DEBUG main            d.u.i.k.p.i.AbstractProblemLoader Init config took 2.19s 
103704     INFO  main            d.u.i.k.p.i.AbstractProblemLoader Replaying proof danglingElseSolution2.key.proof 
103711     DEBUG main            d.u.i.k.p.i.IntermediateProofReplayer Proof replay took 5.67ms 
103712     DEBUG main            d.u.i.k.p.r.p.TestFile    ... success: reloaded. 
103713     INFO  main            d.u.i.k.p.r.p.TestFile    Now processing file /home/runner/work/key/key/key.core/../key.ui/examples/standard_key/java_dl/deepNonNull/deepNonNull0.key 
103713     INFO  main            d.u.i.k.p.i.AbstractProblemLoader Loading environment from /home/runner/work/key/key/key.core/../key.ui/examples/standard_key/java_dl/deepNonNull/deepNonNull0.key 
103713     DEBUG main            d.u.i.k.p.i.AbstractProblemLoader Environment load took 65.2ns 
103714     INFO  main            d.u.i.k.p.i.AbstractProblemLoader Creating init config 
106014     DEBUG main            d.u.i.k.p.i.AbstractProblemLoader Init config took 2.3s 
106051     INFO  main            d.u.i.k.p.i.AbstractProblemLoader Replaying proof Arrays[Arrays::get()].JML operation contract.0 
106052     DEBUG main            d.u.i.k.p.i.IntermediateProofReplayer Proof replay took 5.8ns 
106254     INFO  main            d.u.i.k.p.r.p.TestFile    ... finished proof: closed. 
106491     INFO  main            d.u.i.k.p.i.AbstractProblemLoader Loading environment from /home/runner/work/key/key/key.core/../key.ui/examples/standard_key/java_dl/deepNonNull/deepNonNull0.key.proof 
106492     DEBUG main            d.u.i.k.p.i.AbstractProblemLoader Environment load took 98.1ns 
106492     INFO  main            d.u.i.k.p.i.AbstractProblemLoader Creating init config 
108773     DEBUG main            d.u.i.k.p.i.AbstractProblemLoader Init config took 2.28s 
108809     INFO  main            d.u.i.k.p.i.AbstractProblemLoader Replaying proof Arrays[Arrays::get()].JML operation contract.0 
108826     DEBUG main            d.u.i.k.p.i.IntermediateProofReplayer Proof replay took 15.44ms 
108827     DEBUG main            d.u.i.k.p.r.p.TestFile    ... success: reloaded. 
108828     INFO  main            d.u.i.k.p.r.p.TestFile    Now processing file /home/runner/work/key/key/key.core/../key.ui/examples/standard_key/java_dl/deepNonNull/deepNonNull1.key 
108828     INFO  main            d.u.i.k.p.i.AbstractProblemLoader Loading environment from /home/runner/work/key/key/key.core/../key.ui/examples/standard_key/java_dl/deepNonNull/deepNonNull1.key 
108828     DEBUG main            d.u.i.k.p.i.AbstractProblemLoader Environment load took 77ns 
108829     INFO  main            d.u.i.k.p.i.AbstractProblemLoader Creating init config 
111157     DEBUG main            d.u.i.k.p.i.AbstractProblemLoader Init config took 2.33s 
111192     INFO  main            d.u.i.k.p.i.AbstractProblemLoader Replaying proof Arrays[Arrays::head()].JML operation contract.0 
111197     DEBUG main            d.u.i.k.p.i.IntermediateProofReplayer Proof replay took 5.7ns 
111402     INFO  main            d.u.i.k.p.r.p.TestFile    ... finished proof: closed. 
111639     INFO  main            d.u.i.k.p.i.AbstractProblemLoader Loading environment from /home/runner/work/key/key/key.core/../key.ui/examples/standard_key/java_dl/deepNonNull/deepNonNull1.key.proof 
111639     DEBUG main            d.u.i.k.p.i.AbstractProblemLoader Environment load took 96.5ns 
111640     INFO  main            d.u.i.k.p.i.AbstractProblemLoader Creating init config 
113942     DEBUG main            d.u.i.k.p.i.AbstractProblemLoader Init config took 2.3s 
113976     INFO  main            d.u.i.k.p.i.AbstractProblemLoader Replaying proof Arrays[Arrays::head()].JML operation contract.0 
113994     DEBUG main            d.u.i.k.p.i.IntermediateProofReplayer Proof replay took 14.44ms 
113994     DEBUG main            d.u.i.k.p.r.p.TestFile    ... success: reloaded. 
113995     INFO  main            d.u.i.k.p.r.p.TestFile    Now processing file /home/runner/work/key/key/key.core/../key.ui/examples/standard_key/java_dl/deepNonNull/deepNonNull2.key 
113995     INFO  main            d.u.i.k.p.i.AbstractProblemLoader Loading environment from /home/runner/work/key/key/key.core/../key.ui/examples/standard_key/java_dl/deepNonNull/deepNonNull2.key 
113995     DEBUG main            d.u.i.k.p.i.AbstractProblemLoader Environment load took 135.7ns 
113996     INFO  main            d.u.i.k.p.i.AbstractProblemLoader Creating init config 
116290     DEBUG main            d.u.i.k.p.i.AbstractProblemLoader Init config took 2.29s 
116323     INFO  main            d.u.i.k.p.i.AbstractProblemLoader Replaying proof Arrays[Arrays::unprovable(java.lang.Object)].JML operation contract.0 
116324     DEBUG main            d.u.i.k.p.i.IntermediateProofReplayer Proof replay took 5.8ns 
116429     INFO  main            d.u.i.k.p.r.p.TestFile    ... finished proof: open goal(s) 
116675     INFO  main            d.u.i.k.p.r.p.TestFile    Now processing file /home/runner/work/key/key/key.core/../key.ui/examples/standard_key/java_dl/deepNonNull/deepNonNull3.key 
116675     INFO  main            d.u.i.k.p.i.AbstractProblemLoader Loading environment from /home/runner/work/key/key/key.core/../key.ui/examples/standard_key/java_dl/deepNonNull/deepNonNull3.key 
116675     DEBUG main            d.u.i.k.p.i.AbstractProblemLoader Environment load took 54ns 
116676     INFO  main            d.u.i.k.p.i.AbstractProblemLoader Creating init config 
118939     DEBUG main            d.u.i.k.p.i.AbstractProblemLoader Init config took 2.26s 
118972     INFO  main            d.u.i.k.p.i.AbstractProblemLoader Replaying proof Arrays[Arrays::head([[[[Ljava.lang.Object)].JML operation contract.0 
118973     DEBUG main            d.u.i.k.p.i.IntermediateProofReplayer Proof replay took 5.3ns 
119795     INFO  main            d.u.i.k.p.r.p.TestFile    ... finished proof: closed. 
120042     INFO  main            d.u.i.k.p.i.AbstractProblemLoader Loading environment from /home/runner/work/key/key/key.core/../key.ui/examples/standard_key/java_dl/deepNonNull/deepNonNull3.key.proof 
120043     DEBUG main            d.u.i.k.p.i.AbstractProblemLoader Environment load took 319.3ns 
120044     INFO  main            d.u.i.k.p.i.AbstractProblemLoader Creating init config 
122299     DEBUG main            d.u.i.k.p.i.AbstractProblemLoader Init config took 2.26s 
122339     INFO  main            d.u.i.k.p.i.AbstractProblemLoader Replaying proof Arrays[Arrays::head([[[[Ljava.lang.Object)].JML operation contract.0 
122399     DEBUG main            d.u.i.k.p.i.IntermediateProofReplayer Proof replay took 54.54ms 
122400     DEBUG main            d.u.i.k.p.r.p.TestFile    ... success: reloaded. 
122401     INFO  main            d.u.i.k.p.r.p.TestFile    Now processing file /home/runner/work/key/key/key.core/../key.ui/examples/standard_key/java_dl/exceptions.key 
122401     INFO  main            d.u.i.k.p.i.AbstractProblemLoader Loading environment from /home/runner/work/key/key/key.core/../key.ui/examples/standard_key/java_dl/exceptions.key 
122401     DEBUG main            d.u.i.k.p.i.AbstractProblemLoader Environment load took 174.8ns 
122402     INFO  main            d.u.i.k.p.i.AbstractProblemLoader Creating init config 
122422     WARN  main            d.u.i.k.j.r.KeYCrossReferenceNameInfo Datatype java.io.PrintStream declared twice: Once in FILE:/home/runner/work/key/key/key.core/../key.ui/examples/standard_key/java_dl/classpath/PrintStream.java and once in URL:file:/home/runner/work/key/key/key.core/build/resources/main/de/uka/ilkd/key/java/JavaRedux/java/io/PrintStream.java, Keeping one from URL:file:/home/runner/work/key/key/key.core/build/resources/main/de/uka/ilkd/key/java/JavaRedux/java/io/PrintStream.java 
122422     WARN  main            d.u.i.k.j.r.KeYCrossReferenceNameInfo Datatype java.io.InputStream declared twice: Once in FILE:/home/runner/work/key/key/key.core/../key.ui/examples/standard_key/java_dl/classpath/InputStream.java and once in URL:file:/home/runner/work/key/key/key.core/build/resources/main/de/uka/ilkd/key/java/JavaRedux/java/io/InputStream.java, Keeping one from URL:file:/home/runner/work/key/key/key.core/build/resources/main/de/uka/ilkd/key/java/JavaRedux/java/io/InputStream.java 
122422     WARN  main            d.u.i.k.j.r.KeYCrossReferenceNameInfo Datatype java.lang.System declared twice: Once in FILE:/home/runner/work/key/key/key.core/../key.ui/examples/standard_key/java_dl/classpath/System.java and once in URL:file:/home/runner/work/key/key/key.core/build/resources/main/de/uka/ilkd/key/java/JavaRedux/java/lang/System.java, Keeping one from URL:file:/home/runner/work/key/key/key.core/build/resources/main/de/uka/ilkd/key/java/JavaRedux/java/lang/System.java 
122425     DEBUG main            d.u.i.k.j.r.ClassFileDeclarationBuilder Parsing: package java.io; public class Closeable { } 
122437     DEBUG main            r.s.KeYCrossReferenceSourceInfo Dynamically created class: java.io.Closeable 
124712     DEBUG main            d.u.i.k.p.i.AbstractProblemLoader Init config took 2.31s 
124727     INFO  main            d.u.i.k.p.i.AbstractProblemLoader Replaying proof exceptions.key 
124728     DEBUG main            d.u.i.k.p.i.IntermediateProofReplayer Proof replay took 6.1ns 
124934     INFO  main            d.u.i.k.p.r.p.TestFile    ... finished proof: closed. 
125176     INFO  main            d.u.i.k.p.i.AbstractProblemLoader Loading environment from /home/runner/work/key/key/key.core/../key.ui/examples/standard_key/java_dl/exceptions.key.proof 
125176     DEBUG main            d.u.i.k.p.i.AbstractProblemLoader Environment load took 91.7ns 
125177     INFO  main            d.u.i.k.p.i.AbstractProblemLoader Creating init config 
125197     WARN  main            d.u.i.k.j.r.KeYCrossReferenceNameInfo Datatype java.io.PrintStream declared twice: Once in FILE:/home/runner/work/key/key/key.core/../key.ui/examples/standard_key/java_dl/classpath/PrintStream.java and once in URL:file:/home/runner/work/key/key/key.core/build/resources/main/de/uka/ilkd/key/java/JavaRedux/java/io/PrintStream.java, Keeping one from URL:file:/home/runner/work/key/key/key.core/build/resources/main/de/uka/ilkd/key/java/JavaRedux/java/io/PrintStream.java 
125197     WARN  main            d.u.i.k.j.r.KeYCrossReferenceNameInfo Datatype java.io.InputStream declared twice: Once in FILE:/home/runner/work/key/key/key.core/../key.ui/examples/standard_key/java_dl/classpath/InputStream.java and once in URL:file:/home/runner/work/key/key/key.core/build/resources/main/de/uka/ilkd/key/java/JavaRedux/java/io/InputStream.java, Keeping one from URL:file:/home/runner/work/key/key/key.core/build/resources/main/de/uka/ilkd/key/java/JavaRedux/java/io/InputStream.java 
125197     WARN  main            d.u.i.k.j.r.KeYCrossReferenceNameInfo Datatype java.lang.System declared twice: Once in FILE:/home/runner/work/key/key/key.core/../key.ui/examples/standard_key/java_dl/classpath/System.java and once in URL:file:/home/runner/work/key/key/key.core/build/resources/main/de/uka/ilkd/key/java/JavaRedux/java/lang/System.java, Keeping one from URL:file:/home/runner/work/key/key/key.core/build/resources/main/de/uka/ilkd/key/java/JavaRedux/java/lang/System.java 
125200     DEBUG main            d.u.i.k.j.r.ClassFileDeclarationBuilder Parsing: package java.io; public class Closeable { } 
125200     DEBUG main            r.s.KeYCrossReferenceSourceInfo Dynamically created class: java.io.Closeable 
127396     DEBUG main            d.u.i.k.p.i.AbstractProblemLoader Init config took 2.22s 
127409     INFO  main            d.u.i.k.p.i.AbstractProblemLoader Replaying proof exceptions.key.proof 
127440     DEBUG main            d.u.i.k.p.i.IntermediateProofReplayer Proof replay took 28.3ms 
127441     DEBUG main            d.u.i.k.p.r.p.TestFile    ... success: reloaded. 
127442     INFO  main            d.u.i.k.p.r.p.TestFile    Now processing file /home/runner/work/key/key/key.core/../key.ui/examples/standard_key/java_dl/exceptions1.key 
127442     INFO  main            d.u.i.k.p.i.AbstractProblemLoader Loading environment from /home/runner/work/key/key/key.core/../key.ui/examples/standard_key/java_dl/exceptions1.key 
127442     DEBUG main            d.u.i.k.p.i.AbstractProblemLoader Environment load took 70.5ns 
127443     INFO  main            d.u.i.k.p.i.AbstractProblemLoader Creating init config 
129686     DEBUG main            d.u.i.k.p.i.AbstractProblemLoader Init config took 2.24s 
129700     INFO  main            d.u.i.k.p.i.AbstractProblemLoader Replaying proof exceptions1.key 
129702     DEBUG main            d.u.i.k.p.i.IntermediateProofReplayer Proof replay took 6.5ns 
129806     INFO  main            d.u.i.k.p.r.p.TestFile    ... finished proof: closed. 
130058     INFO  main            d.u.i.k.p.i.AbstractProblemLoader Loading environment from /home/runner/work/key/key/key.core/../key.ui/examples/standard_key/java_dl/exceptions1.key.proof 
130058     DEBUG main            d.u.i.k.p.i.AbstractProblemLoader Environment load took 84.7ns 
130059     INFO  main            d.u.i.k.p.i.AbstractProblemLoader Creating init config 
132271     DEBUG main            d.u.i.k.p.i.AbstractProblemLoader Init config took 2.21s 
132285     INFO  main            d.u.i.k.p.i.AbstractProblemLoader Replaying proof exceptions1.key.proof 
132308     DEBUG main            d.u.i.k.p.i.IntermediateProofReplayer Proof replay took 20.69ms 
132310     DEBUG main            d.u.i.k.p.r.p.TestFile    ... success: reloaded. 
132311     INFO  main            d.u.i.k.p.r.p.TestFile    Now processing file /home/runner/work/key/key/key.core/../key.ui/examples/standard_key/java_dl/exceptions2.key 
132311     INFO  main            d.u.i.k.p.i.AbstractProblemLoader Loading environment from /home/runner/work/key/key/key.core/../key.ui/examples/standard_key/java_dl/exceptions2.key 
132311     DEBUG main            d.u.i.k.p.i.AbstractProblemLoader Environment load took 152.7ns 
132312     INFO  main            d.u.i.k.p.i.AbstractProblemLoader Creating init config 
134550     DEBUG main            d.u.i.k.p.i.AbstractProblemLoader Init config took 2.24s 
134567     INFO  main            d.u.i.k.p.i.AbstractProblemLoader Replaying proof exceptions2.key 
134569     DEBUG main            d.u.i.k.p.i.IntermediateProofReplayer Proof replay took 6.9ns 
134674     INFO  main            d.u.i.k.p.r.p.TestFile    ... finished proof: closed. 
134950     INFO  main            d.u.i.k.p.i.AbstractProblemLoader Loading environment from /home/runner/work/key/key/key.core/../key.ui/examples/standard_key/java_dl/exceptions2.key.proof 
134950     DEBUG main            d.u.i.k.p.i.AbstractProblemLoader Environment load took 87.1ns 
134951     INFO  main            d.u.i.k.p.i.AbstractProblemLoader Creating init config 
137121     DEBUG main            d.u.i.k.p.i.AbstractProblemLoader Init config took 2.17s 
137145     INFO  main            d.u.i.k.p.i.AbstractProblemLoader Replaying proof exceptions2.key.proof 
137167     DEBUG main            d.u.i.k.p.i.IntermediateProofReplayer Proof replay took 19.73ms 
137168     DEBUG main            d.u.i.k.p.r.p.TestFile    ... success: reloaded. 
137169     INFO  main            d.u.i.k.p.r.p.TestFile    Now processing file /home/runner/work/key/key/key.core/../key.ui/examples/standard_key/java_dl/exceptions3.key 
137169     INFO  main            d.u.i.k.p.i.AbstractProblemLoader Loading environment from /home/runner/work/key/key/key.core/../key.ui/examples/standard_key/java_dl/exceptions3.key 
137170     DEBUG main            d.u.i.k.p.i.AbstractProblemLoader Environment load took 157.3ns 
137171     INFO  main            d.u.i.k.p.i.AbstractProblemLoader Creating init config 
137189     WARN  main            d.u.i.k.j.r.KeYCrossReferenceNameInfo Datatype java.io.PrintStream declared twice: Once in FILE:/home/runner/work/key/key/key.core/../key.ui/examples/standard_key/java_dl/classpath/PrintStream.java and once in URL:file:/home/runner/work/key/key/key.core/build/resources/main/de/uka/ilkd/key/java/JavaRedux/java/io/PrintStream.java, Keeping one from URL:file:/home/runner/work/key/key/key.core/build/resources/main/de/uka/ilkd/key/java/JavaRedux/java/io/PrintStream.java 
137190     WARN  main            d.u.i.k.j.r.KeYCrossReferenceNameInfo Datatype java.io.InputStream declared twice: Once in FILE:/home/runner/work/key/key/key.core/../key.ui/examples/standard_key/java_dl/classpath/InputStream.java and once in URL:file:/home/runner/work/key/key/key.core/build/resources/main/de/uka/ilkd/key/java/JavaRedux/java/io/InputStream.java, Keeping one from URL:file:/home/runner/work/key/key/key.core/build/resources/main/de/uka/ilkd/key/java/JavaRedux/java/io/InputStream.java 
137190     WARN  main            d.u.i.k.j.r.KeYCrossReferenceNameInfo Datatype java.lang.System declared twice: Once in FILE:/home/runner/work/key/key/key.core/../key.ui/examples/standard_key/java_dl/classpath/System.java and once in URL:file:/home/runner/work/key/key/key.core/build/resources/main/de/uka/ilkd/key/java/JavaRedux/java/lang/System.java, Keeping one from URL:file:/home/runner/work/key/key/key.core/build/resources/main/de/uka/ilkd/key/java/JavaRedux/java/lang/System.java 
137193     DEBUG main            d.u.i.k.j.r.ClassFileDeclarationBuilder Parsing: package java.io; public class Closeable { } 
137193     DEBUG main            r.s.KeYCrossReferenceSourceInfo Dynamically created class: java.io.Closeable 
139529     DEBUG main            d.u.i.k.p.i.AbstractProblemLoader Init config took 2.36s 
139541     INFO  main            d.u.i.k.p.i.AbstractProblemLoader Replaying proof exceptions3.key 
139543     DEBUG main            d.u.i.k.p.i.IntermediateProofReplayer Proof replay took 6.6ns 
139645     INFO  main            d.u.i.k.p.r.p.TestFile    ... finished proof: closed. 
139931     INFO  main            d.u.i.k.p.i.AbstractProblemLoader Loading environment from /home/runner/work/key/key/key.core/../key.ui/examples/standard_key/java_dl/exceptions3.key.proof 
139931     DEBUG main            d.u.i.k.p.i.AbstractProblemLoader Environment load took 84.8ns 
139932     INFO  main            d.u.i.k.p.i.AbstractProblemLoader Creating init config 
139952     WARN  main            d.u.i.k.j.r.KeYCrossReferenceNameInfo Datatype java.io.PrintStream declared twice: Once in FILE:/home/runner/work/key/key/key.core/../key.ui/examples/standard_key/java_dl/classpath/PrintStream.java and once in URL:file:/home/runner/work/key/key/key.core/build/resources/main/de/uka/ilkd/key/java/JavaRedux/java/io/PrintStream.java, Keeping one from URL:file:/home/runner/work/key/key/key.core/build/resources/main/de/uka/ilkd/key/java/JavaRedux/java/io/PrintStream.java 
139952     WARN  main            d.u.i.k.j.r.KeYCrossReferenceNameInfo Datatype java.io.InputStream declared twice: Once in FILE:/home/runner/work/key/key/key.core/../key.ui/examples/standard_key/java_dl/classpath/InputStream.java and once in URL:file:/home/runner/work/key/key/key.core/build/resources/main/de/uka/ilkd/key/java/JavaRedux/java/io/InputStream.java, Keeping one from URL:file:/home/runner/work/key/key/key.core/build/resources/main/de/uka/ilkd/key/java/JavaRedux/java/io/InputStream.java 
139952     WARN  main            d.u.i.k.j.r.KeYCrossReferenceNameInfo Datatype java.lang.System declared twice: Once in FILE:/home/runner/work/key/key/key.core/../key.ui/examples/standard_key/java_dl/classpath/System.java and once in URL:file:/home/runner/work/key/key/key.core/build/resources/main/de/uka/ilkd/key/java/JavaRedux/java/lang/System.java, Keeping one from URL:file:/home/runner/work/key/key/key.core/build/resources/main/de/uka/ilkd/key/java/JavaRedux/java/lang/System.java 
139955     DEBUG main            d.u.i.k.j.r.ClassFileDeclarationBuilder Parsing: package java.io; public class Closeable { } 
139956     DEBUG main            r.s.KeYCrossReferenceSourceInfo Dynamically created class: java.io.Closeable 
142190     DEBUG main            d.u.i.k.p.i.AbstractProblemLoader Init config took 2.26s 
142204     INFO  main            d.u.i.k.p.i.AbstractProblemLoader Replaying proof exceptions3.key.proof 
142211     DEBUG main            d.u.i.k.p.i.IntermediateProofReplayer Proof replay took 3.3ms 
142212     DEBUG main            d.u.i.k.p.r.p.TestFile    ... success: reloaded. 
142214     INFO  main            d.u.i.k.p.r.p.TestFile    Now processing file /home/runner/work/key/key/key.core/../key.ui/examples/standard_key/java_dl/exchange.key 
142214     INFO  main            d.u.i.k.p.i.AbstractProblemLoader Loading environment from /home/runner/work/key/key/key.core/../key.ui/examples/standard_key/java_dl/exchange.key 
142214     DEBUG main            d.u.i.k.p.i.AbstractProblemLoader Environment load took 152.8ns 
142215     INFO  main            d.u.i.k.p.i.AbstractProblemLoader Creating init config 
144463     DEBUG main            d.u.i.k.p.i.AbstractProblemLoader Init config took 2.25s 
144476     INFO  main            d.u.i.k.p.i.AbstractProblemLoader Replaying proof exchange.key 
144477     DEBUG main            d.u.i.k.p.i.IntermediateProofReplayer Proof replay took 6.5ns 
144580     INFO  main            d.u.i.k.p.r.p.TestFile    ... finished proof: closed. 
144841     INFO  main            d.u.i.k.p.i.AbstractProblemLoader Loading environment from /home/runner/work/key/key/key.core/../key.ui/examples/standard_key/java_dl/exchange.key.proof 
144841     DEBUG main            d.u.i.k.p.i.AbstractProblemLoader Environment load took 92.2ns 
144842     INFO  main            d.u.i.k.p.i.AbstractProblemLoader Creating init config 
147027     DEBUG main            d.u.i.k.p.i.AbstractProblemLoader Init config took 2.18s 
147040     INFO  main            d.u.i.k.p.i.AbstractProblemLoader Replaying proof exchange.key.proof 
147044     DEBUG main            d.u.i.k.p.i.IntermediateProofReplayer Proof replay took 2.03ms 
147045     DEBUG main            d.u.i.k.p.r.p.TestFile    ... success: reloaded. 
147045     INFO  main            d.u.i.k.p.r.p.TestFile    Now processing file /home/runner/work/key/key/key.core/../key.ui/examples/standard_key/java_dl/if.key 
147045     INFO  main            d.u.i.k.p.i.AbstractProblemLoader Loading environment from /home/runner/work/key/key/key.core/../key.ui/examples/standard_key/java_dl/if.key 
147046     DEBUG main            d.u.i.k.p.i.AbstractProblemLoader Environment load took 68.4ns 
147046     INFO  main            d.u.i.k.p.i.AbstractProblemLoader Creating init config 
149269     DEBUG main            d.u.i.k.p.i.AbstractProblemLoader Init config took 2.22s 
149281     INFO  main            d.u.i.k.p.i.AbstractProblemLoader Replaying proof if.key 
149283     DEBUG main            d.u.i.k.p.i.IntermediateProofReplayer Proof replay took 7ns 
149386     INFO  main            d.u.i.k.p.r.p.TestFile    ... finished proof: closed. 
149655     INFO  main            d.u.i.k.p.i.AbstractProblemLoader Loading environment from /home/runner/work/key/key/key.core/../key.ui/examples/standard_key/java_dl/if.key.proof 
149655     DEBUG main            d.u.i.k.p.i.AbstractProblemLoader Environment load took 90.4ns 
149656     INFO  main            d.u.i.k.p.i.AbstractProblemLoader Creating init config 
151846     DEBUG main            d.u.i.k.p.i.AbstractProblemLoader Init config took 2.19s 
151858     INFO  main            d.u.i.k.p.i.AbstractProblemLoader Replaying proof if.key.proof 
151862     DEBUG main            d.u.i.k.p.i.IntermediateProofReplayer Proof replay took 2.19ms 
151863     DEBUG main            d.u.i.k.p.r.p.TestFile    ... success: reloaded. 
151863     INFO  main            d.u.i.k.p.r.p.TestFile    Now processing file /home/runner/work/key/key/key.core/../key.ui/examples/standard_key/java_dl/incrementcounter.key 
151863     INFO  main            d.u.i.k.p.i.AbstractProblemLoader Loading environment from /home/runner/work/key/key/key.core/../key.ui/examples/standard_key/java_dl/incrementcounter.key 
151863     DEBUG main            d.u.i.k.p.i.AbstractProblemLoader Environment load took 45ns 
151864     INFO  main            d.u.i.k.p.i.AbstractProblemLoader Creating init config 
154072     DEBUG main            d.u.i.k.p.i.AbstractProblemLoader Init config took 2.21s 
154085     INFO  main            d.u.i.k.p.i.AbstractProblemLoader Replaying proof incrementcounter.key 
154086     DEBUG main            d.u.i.k.p.i.IntermediateProofReplayer Proof replay took 6.1ns 
154188     INFO  main            d.u.i.k.p.r.p.TestFile    ... finished proof: closed. 
154459     INFO  main            d.u.i.k.p.i.AbstractProblemLoader Loading environment from /home/runner/work/key/key/key.core/../key.ui/examples/standard_key/java_dl/incrementcounter.key.proof 
154460     DEBUG main            d.u.i.k.p.i.AbstractProblemLoader Environment load took 84.5ns 
154460     INFO  main            d.u.i.k.p.i.AbstractProblemLoader Creating init config 
156655     DEBUG main            d.u.i.k.p.i.AbstractProblemLoader Init config took 2.19s 
156668     INFO  main            d.u.i.k.p.i.AbstractProblemLoader Replaying proof incrementcounter.key.proof 
156671     DEBUG main            d.u.i.k.p.i.IntermediateProofReplayer Proof replay took 1.36ms 
156672     DEBUG main            d.u.i.k.p.r.p.TestFile    ... success: reloaded. 
156672     INFO  main            d.u.i.k.p.r.p.TestFile    Now processing file /home/runner/work/key/key/key.core/../key.ui/examples/standard_key/java_dl/danglingElse.key 
156672     INFO  main            d.u.i.k.p.i.AbstractProblemLoader Loading environment from /home/runner/work/key/key/key.core/../key.ui/examples/standard_key/java_dl/danglingElse.key 
156672     DEBUG main            d.u.i.k.p.i.AbstractProblemLoader Environment load took 68.6ns 
156673     INFO  main            d.u.i.k.p.i.AbstractProblemLoader Creating init config 
158887     DEBUG main            d.u.i.k.p.i.AbstractProblemLoader Init config took 2.21s 
158900     INFO  main            d.u.i.k.p.i.AbstractProblemLoader Replaying proof danglingElse.key 
158902     DEBUG main            d.u.i.k.p.i.IntermediateProofReplayer Proof replay took 6.4ns 
159004     INFO  main            d.u.i.k.p.r.p.TestFile    ... finished proof: open goal(s) 
159287     INFO  main            d.u.i.k.p.r.p.TestFile    Now processing file /home/runner/work/key/key/key.core/../key.ui/examples/standard_key/java_dl/iteratedAssignment.key 
159288     INFO  main            d.u.i.k.p.i.AbstractProblemLoader Loading environment from /home/runner/work/key/key/key.core/../key.ui/examples/standard_key/java_dl/iteratedAssignment.key 
159288     DEBUG main            d.u.i.k.p.i.AbstractProblemLoader Environment load took 53.2ns 
159289     INFO  main            d.u.i.k.p.i.AbstractProblemLoader Creating init config 
161495     DEBUG main            d.u.i.k.p.i.AbstractProblemLoader Init config took 2.21s 
161529     INFO  main            d.u.i.k.p.i.AbstractProblemLoader Replaying proof iteratedAssignment.key 
161531     DEBUG main            d.u.i.k.p.i.IntermediateProofReplayer Proof replay took 7.3ns 
161834     INFO  main            d.u.i.k.p.r.p.TestFile    ... finished proof: closed. 
162130     INFO  main            d.u.i.k.p.i.AbstractProblemLoader Loading environment from /home/runner/work/key/key/key.core/../key.ui/examples/standard_key/java_dl/iteratedAssignment.key.proof 
162130     DEBUG main            d.u.i.k.p.i.AbstractProblemLoader Environment load took 87.4ns 
162132     INFO  main            d.u.i.k.p.i.AbstractProblemLoader Creating init config 
164310     DEBUG main            d.u.i.k.p.i.AbstractProblemLoader Init config took 2.18s 
164324     INFO  main            d.u.i.k.p.i.AbstractProblemLoader Replaying proof iteratedAssignment.key.proof 
164369     DEBUG main            d.u.i.k.p.i.IntermediateProofReplayer Proof replay took 41.07ms 
164370     DEBUG main            d.u.i.k.p.r.p.TestFile    ... success: reloaded. 
164370     INFO  main            d.u.i.k.p.r.p.TestFile    Now processing file /home/runner/work/key/key/key.core/../key.ui/examples/standard_key/java_dl/assert/assert1.key 
164370     INFO  main            d.u.i.k.p.i.AbstractProblemLoader Loading environment from /home/runner/work/key/key/key.core/../key.ui/examples/standard_key/java_dl/assert/assert1.key 
164370     DEBUG main            d.u.i.k.p.i.AbstractProblemLoader Environment load took 54.1ns 
164371     INFO  main            d.u.i.k.p.i.AbstractProblemLoader Creating init config 
166663     DEBUG main            d.u.i.k.p.i.AbstractProblemLoader Init config took 2.29s 
166696     INFO  main            d.u.i.k.p.i.AbstractProblemLoader Replaying proof C[C::foo()].JML normal_behavior operation contract.0 
166698     DEBUG main            d.u.i.k.p.i.IntermediateProofReplayer Proof replay took 6.4ns 
166900     INFO  main            d.u.i.k.p.r.p.TestFile    ... finished proof: open goal(s) 
167290     INFO  main            d.u.i.k.p.r.p.TestFile    Now processing file /home/runner/work/key/key/key.core/../key.ui/examples/standard_key/java_dl/assert/assert2.key 
167291     INFO  main            d.u.i.k.p.i.AbstractProblemLoader Loading environment from /home/runner/work/key/key/key.core/../key.ui/examples/standard_key/java_dl/assert/assert2.key 
167291     DEBUG main            d.u.i.k.p.i.AbstractProblemLoader Environment load took 72.5ns 
167292     INFO  main            d.u.i.k.p.i.AbstractProblemLoader Creating init config 
169515     DEBUG main            d.u.i.k.p.i.AbstractProblemLoader Init config took 2.22s 
169549     INFO  main            d.u.i.k.p.i.AbstractProblemLoader Replaying proof C[C::bar()].JML exceptional_behavior operation contract.0 
169551     DEBUG main            d.u.i.k.p.i.IntermediateProofReplayer Proof replay took 6.7ns 
169752     INFO  main            d.u.i.k.p.r.p.TestFile    ... finished proof: closed. 
170098     INFO  main            d.u.i.k.p.i.AbstractProblemLoader Loading environment from /home/runner/work/key/key/key.core/../key.ui/examples/standard_key/java_dl/assert/assert2.key.proof 
170098     DEBUG main            d.u.i.k.p.i.AbstractProblemLoader Environment load took 84.9ns 
170099     INFO  main            d.u.i.k.p.i.AbstractProblemLoader Creating init config 
172330     DEBUG main            d.u.i.k.p.i.AbstractProblemLoader Init config took 2.23s 
172366     INFO  main            d.u.i.k.p.i.AbstractProblemLoader Replaying proof C[C::bar()].JML exceptional_behavior operation contract.0 
172404     DEBUG main            d.u.i.k.p.i.IntermediateProofReplayer Proof replay took 29.34ms 
172406     DEBUG main            d.u.i.k.p.r.p.TestFile    ... success: reloaded. 
172407     INFO  main            d.u.i.k.p.r.p.TestFile    Now processing file /home/runner/work/key/key/key.core/../key.ui/examples/standard_key/java_dl/assert/assert3.key 
172407     INFO  main            d.u.i.k.p.i.AbstractProblemLoader Loading environment from /home/runner/work/key/key/key.core/../key.ui/examples/standard_key/java_dl/assert/assert3.key 
172408     DEBUG main            d.u.i.k.p.i.AbstractProblemLoader Environment load took 166.2ns 
172408     INFO  main            d.u.i.k.p.i.AbstractProblemLoader Creating init config 
174683     DEBUG main            d.u.i.k.p.i.AbstractProblemLoader Init config took 2.27s 
174714     INFO  main            d.u.i.k.p.i.AbstractProblemLoader Replaying proof C[C::foo()].JML normal_behavior operation contract.0 
174717     DEBUG main            d.u.i.k.p.i.IntermediateProofReplayer Proof replay took 8.6ns 
174818     INFO  main            d.u.i.k.p.r.p.TestFile    ... finished proof: open goal(s) 
175117     INFO  main            d.u.i.k.p.r.p.TestFile    Now processing file /home/runner/work/key/key/key.core/../key.ui/examples/standard_key/java_dl/java5/vararg.key 
175118     INFO  main            d.u.i.k.p.i.AbstractProblemLoader Loading environment from /home/runner/work/key/key/key.core/../key.ui/examples/standard_key/java_dl/java5/vararg.key 
175118     DEBUG main            d.u.i.k.p.i.AbstractProblemLoader Environment load took 71.6ns 
175119     INFO  main            d.u.i.k.p.i.AbstractProblemLoader Creating init config 
175928     DEBUG main            d.u.i.k.j.r.ClassPreparationMethodBuilder clPrepBuilder: Inner Class detected. Reject building class initialisation methods. 
177615     DEBUG main            d.u.i.k.p.i.AbstractProblemLoader Init config took 2.5s 
177638     INFO  main            d.u.i.k.p.i.AbstractProblemLoader Replaying proof vararg.key 
177640     DEBUG main            d.u.i.k.p.i.IntermediateProofReplayer Proof replay took 6.6ns 
177903     DEBUG Thread-101      d.u.i.k.j.d.VariableSpecification Program match. Variables have different dimension (template #v0 = #vi;, source var#17[] = new java.lang.Object[]{d1, d2};) 
178040     DEBUG Thread-101      d.u.i.k.j.d.VariableSpecification Program match. Variables have different dimension (template #v0 = #vi;, source var#24[] = new java.lang.Object[]{d1, d2};) 
178193     DEBUG Thread-101      d.u.i.k.j.d.VariableSpecification Program match. Variables have different dimension (template #v0 = #vi;, source var#33[] = new java.lang.Object[]{var_1};) 
178194     DEBUG Thread-101      d.u.i.k.j.d.VariableSpecification Program match. Variables have different dimension (template #v0 = #vi;, source var#33[] = new java.lang.Object[]{var_1};) 
178308     DEBUG Thread-101      d.u.i.k.j.d.VariableSpecification Program match. Variables have different dimension (template #v0 = #vi;, source var#39[] = new java.lang.Object[]{null, null};) 
178441     DEBUG Thread-101      d.u.i.k.j.d.VariableSpecification Program match. Variables have different dimension (template #v0 = #vi;, source var#46[] = new java.lang.Object[]{};) 
178847     INFO  main            d.u.i.k.p.r.p.TestFile    ... finished proof: closed. 
179189     INFO  main            d.u.i.k.p.i.AbstractProblemLoader Loading environment from /home/runner/work/key/key/key.core/../key.ui/examples/standard_key/java_dl/java5/vararg.key.proof 
179189     DEBUG main            d.u.i.k.p.i.AbstractProblemLoader Environment load took 298.5ns 
179191     INFO  main            d.u.i.k.p.i.AbstractProblemLoader Creating init config 
179982     DEBUG main            d.u.i.k.j.r.ClassPreparationMethodBuilder clPrepBuilder: Inner Class detected. Reject building class initialisation methods. 
181655     DEBUG main            d.u.i.k.p.i.AbstractProblemLoader Init config took 2.46s 
181677     INFO  main            d.u.i.k.p.i.AbstractProblemLoader Replaying proof vararg.key.proof 
181956     DEBUG main            d.u.i.k.p.i.IntermediateProofReplayer Proof replay took 266.92ms 
181957     DEBUG main            d.u.i.k.p.r.p.TestFile    ... success: reloaded. 
181958     INFO  main            d.u.i.k.p.r.p.TestFile    Now processing file /home/runner/work/key/key/key.core/../key.ui/examples/standard_key/java_dl/java5/for_Array.key 
181958     INFO  main            d.u.i.k.p.i.AbstractProblemLoader Loading environment from /home/runner/work/key/key/key.core/../key.ui/examples/standard_key/java_dl/java5/for_Array.key 
181958     DEBUG main            d.u.i.k.p.i.AbstractProblemLoader Environment load took 70.3ns 
181959     INFO  main            d.u.i.k.p.i.AbstractProblemLoader Creating init config 
182755     DEBUG main            d.u.i.k.j.r.ClassPreparationMethodBuilder clPrepBuilder: Inner Class detected. Reject building class initialisation methods. 
184468     DEBUG main            d.u.i.k.p.i.AbstractProblemLoader Init config took 2.51s 
184516     INFO  main            d.u.i.k.p.i.AbstractProblemLoader Replaying proof For[For::sum([I)].JML operation contract.0 
184518     DEBUG main            d.u.i.k.p.i.IntermediateProofReplayer Proof replay took 6.9ns 
184822     INFO  main            d.u.i.k.p.r.p.TestFile    ... finished proof: closed. 
185202     INFO  main            d.u.i.k.p.i.AbstractProblemLoader Loading environment from /home/runner/work/key/key/key.core/../key.ui/examples/standard_key/java_dl/java5/for_Array.key.proof 
185202     DEBUG main            d.u.i.k.p.i.AbstractProblemLoader Environment load took 90.6ns 
185203     INFO  main            d.u.i.k.p.i.AbstractProblemLoader Creating init config 
185962     DEBUG main            d.u.i.k.j.r.ClassPreparationMethodBuilder clPrepBuilder: Inner Class detected. Reject building class initialisation methods. 
187650     DEBUG main            d.u.i.k.p.i.AbstractProblemLoader Init config took 2.45s 
187701     INFO  main            d.u.i.k.p.i.AbstractProblemLoader Replaying proof For[For::sum([I)].JML operation contract.0 
187768     DEBUG main            d.u.i.k.p.i.IntermediateProofReplayer Proof replay took 61.98ms 
187770     DEBUG main            d.u.i.k.p.r.p.TestFile    ... success: reloaded. 
187771     INFO  main            d.u.i.k.p.r.p.TestFile    Now processing file /home/runner/work/key/key/key.core/../key.ui/examples/standard_key/java_dl/java5/for_Iterable.key 
187771     INFO  main            d.u.i.k.p.i.AbstractProblemLoader Loading environment from /home/runner/work/key/key/key.core/../key.ui/examples/standard_key/java_dl/java5/for_Iterable.key 
187771     DEBUG main            d.u.i.k.p.i.AbstractProblemLoader Environment load took 141.1ns 
187772     INFO  main            d.u.i.k.p.i.AbstractProblemLoader Creating init config 
188566     DEBUG main            d.u.i.k.j.r.ClassPreparationMethodBuilder clPrepBuilder: Inner Class detected. Reject building class initialisation methods. 
190242     DEBUG main            d.u.i.k.p.i.AbstractProblemLoader Init config took 2.47s 
190289     INFO  main            d.u.i.k.p.i.AbstractProblemLoader Replaying proof For[For::infiniteLoop(For)].JML operation contract.0 
190290     DEBUG main            d.u.i.k.p.i.IntermediateProofReplayer Proof replay took 7.2ns 
190494     INFO  main            d.u.i.k.p.r.p.TestFile    ... finished proof: closed. 
190850     INFO  main            d.u.i.k.p.i.AbstractProblemLoader Loading environment from /home/runner/work/key/key/key.core/../key.ui/examples/standard_key/java_dl/java5/for_Iterable.key.proof 
190850     DEBUG main            d.u.i.k.p.i.AbstractProblemLoader Environment load took 84.5ns 
190850     INFO  main            d.u.i.k.p.i.AbstractProblemLoader Creating init config 
191604     DEBUG main            d.u.i.k.j.r.ClassPreparationMethodBuilder clPrepBuilder: Inner Class detected. Reject building class initialisation methods. 
193236     DEBUG main            d.u.i.k.p.i.AbstractProblemLoader Init config took 2.39s 
193283     INFO  main            d.u.i.k.p.i.AbstractProblemLoader Replaying proof For[For::infiniteLoop(For)].JML operation contract.0 
193327     DEBUG main            d.u.i.k.p.i.IntermediateProofReplayer Proof replay took 40.45ms 
193327     DEBUG main            d.u.i.k.p.r.p.TestFile    ... success: reloaded. 
193330     INFO  main            d.u.i.k.p.r.p.TestFile    Now processing file /home/runner/work/key/key/key.core/../key.ui/examples/standard_key/java_dl/java5/for_ReferenceArray.key 
193330     INFO  main            d.u.i.k.p.i.AbstractProblemLoader Loading environment from /home/runner/work/key/key/key.core/../key.ui/examples/standard_key/java_dl/java5/for_ReferenceArray.key 
193330     DEBUG main            d.u.i.k.p.i.AbstractProblemLoader Environment load took 148.2ns 
193331     INFO  main            d.u.i.k.p.i.AbstractProblemLoader Creating init config 
194085     DEBUG main            d.u.i.k.j.r.ClassPreparationMethodBuilder clPrepBuilder: Inner Class detected. Reject building class initialisation methods. 
195740     DEBUG main            d.u.i.k.p.i.AbstractProblemLoader Init config took 2.41s 
195785     INFO  main            d.u.i.k.p.i.AbstractProblemLoader Replaying proof ForReferenceArray[ForReferenceArray::foo([Ljava.lang.Object)].JML operation contract.0 
195787     DEBUG main            d.u.i.k.p.i.IntermediateProofReplayer Proof replay took 5.6ns 
195989     INFO  main            d.u.i.k.p.r.p.TestFile    ... finished proof: closed. 
196334     INFO  main            d.u.i.k.p.i.AbstractProblemLoader Loading environment from /home/runner/work/key/key/key.core/../key.ui/examples/standard_key/java_dl/java5/for_ReferenceArray.key.proof 
196334     DEBUG main            d.u.i.k.p.i.AbstractProblemLoader Environment load took 110.5ns 
196335     INFO  main            d.u.i.k.p.i.AbstractProblemLoader Creating init config 
197095     DEBUG main            d.u.i.k.j.r.ClassPreparationMethodBuilder clPrepBuilder: Inner Class detected. Reject building class initialisation methods. 
198711     DEBUG main            d.u.i.k.p.i.AbstractProblemLoader Init config took 2.38s 
198766     INFO  main            d.u.i.k.p.i.AbstractProblemLoader Replaying proof ForReferenceArray[ForReferenceArray::foo([Ljava.lang.Object)].JML operation contract.0 
198808     DEBUG main            d.u.i.k.p.i.IntermediateProofReplayer Proof replay took 38.8ms 
198809     DEBUG main            d.u.i.k.p.r.p.TestFile    ... success: reloaded. 
198810     INFO  main            d.u.i.k.p.r.p.TestFile    Now processing file /home/runner/work/key/key/key.core/../key.ui/examples/standard_key/java_dl/jml-bigint/cast.key 
198810     INFO  main            d.u.i.k.p.i.AbstractProblemLoader Loading environment from /home/runner/work/key/key/key.core/../key.ui/examples/standard_key/java_dl/jml-bigint/cast.key 
198810     DEBUG main            d.u.i.k.p.i.AbstractProblemLoader Environment load took 68.4ns 
198811     INFO  main            d.u.i.k.p.i.AbstractProblemLoader Creating init config 
201125     DEBUG main            d.u.i.k.p.i.AbstractProblemLoader Init config took 2.31s 
201157     INFO  main            d.u.i.k.p.i.AbstractProblemLoader Replaying proof Mult[Mult::cast()].JML operation contract.0 
201160     DEBUG main            d.u.i.k.p.i.IntermediateProofReplayer Proof replay took 7.5ns 
201261     INFO  main            d.u.i.k.p.r.p.TestFile    ... finished proof: closed. 
201668     INFO  main            d.u.i.k.p.i.AbstractProblemLoader Loading environment from /home/runner/work/key/key/key.core/../key.ui/examples/standard_key/java_dl/jml-bigint/cast.key.proof 
201668     DEBUG main            d.u.i.k.p.i.AbstractProblemLoader Environment load took 102.9ns 
201669     INFO  main            d.u.i.k.p.i.AbstractProblemLoader Creating init config 
203944     DEBUG main            d.u.i.k.p.i.AbstractProblemLoader Init config took 2.27s 
203975     INFO  main            d.u.i.k.p.i.AbstractProblemLoader Replaying proof Mult[Mult::cast()].JML operation contract.0 
203985     DEBUG main            d.u.i.k.p.i.IntermediateProofReplayer Proof replay took 8.25ms 
203985     DEBUG main            d.u.i.k.p.r.p.TestFile    ... success: reloaded. 
203986     INFO  main            d.u.i.k.p.r.p.TestFile    Now processing file /home/runner/work/key/key/key.core/../key.ui/examples/standard_key/java_dl/jml-free/loopInvFree.key 
203986     INFO  main            d.u.i.k.p.i.AbstractProblemLoader Loading environment from /home/runner/work/key/key/key.core/../key.ui/examples/standard_key/java_dl/jml-free/loopInvFree.key 
203986     DEBUG main            d.u.i.k.p.i.AbstractProblemLoader Environment load took 70.6ns 
203987     INFO  main            d.u.i.k.p.i.AbstractProblemLoader Creating init config 
206235     DEBUG main            d.u.i.k.p.i.AbstractProblemLoader Init config took 2.25s 
206265     INFO  main            d.u.i.k.p.i.AbstractProblemLoader Replaying proof LoopInvFree[LoopInvFree::test()].JML operation contract.0 
206267     DEBUG main            d.u.i.k.p.i.IntermediateProofReplayer Proof replay took 6.5ns 
206469     INFO  main            d.u.i.k.p.r.p.TestFile    ... finished proof: closed. 
206817     INFO  main            d.u.i.k.p.i.AbstractProblemLoader Loading environment from /home/runner/work/key/key/key.core/../key.ui/examples/standard_key/java_dl/jml-free/loopInvFree.key.proof 
206817     DEBUG main            d.u.i.k.p.i.AbstractProblemLoader Environment load took 76.4ns 
206817     INFO  main            d.u.i.k.p.i.AbstractProblemLoader Creating init config 
209049     DEBUG main            d.u.i.k.p.i.AbstractProblemLoader Init config took 2.23s 
209080     INFO  main            d.u.i.k.p.i.AbstractProblemLoader Replaying proof LoopInvFree[LoopInvFree::test()].JML operation contract.0 
209110     DEBUG main            d.u.i.k.p.i.IntermediateProofReplayer Proof replay took 28.69ms 
209111     DEBUG main            d.u.i.k.p.r.p.TestFile    ... success: reloaded. 
209112     INFO  main            d.u.i.k.p.r.p.TestFile    Now processing file /home/runner/work/key/key/key.core/../key.ui/examples/standard_key/java_dl/jml-free/ensuresFree.key 
209112     INFO  main            d.u.i.k.p.i.AbstractProblemLoader Loading environment from /home/runner/work/key/key/key.core/../key.ui/examples/standard_key/java_dl/jml-free/ensuresFree.key 
209112     DEBUG main            d.u.i.k.p.i.AbstractProblemLoader Environment load took 66.8ns 
209113     INFO  main            d.u.i.k.p.i.AbstractProblemLoader Creating init config 
211363     DEBUG main            d.u.i.k.p.i.AbstractProblemLoader Init config took 2.25s 
211395     INFO  main            d.u.i.k.p.i.AbstractProblemLoader Replaying proof EnsuresFree[EnsuresFree::test()].JML operation contract.0 
211396     DEBUG main            d.u.i.k.p.i.IntermediateProofReplayer Proof replay took 6.4ns 
211498     INFO  main            d.u.i.k.p.r.p.TestFile    ... finished proof: closed. 
211946     INFO  main            d.u.i.k.p.i.AbstractProblemLoader Loading environment from /home/runner/work/key/key/key.core/../key.ui/examples/standard_key/java_dl/jml-free/ensuresFree.key.proof 
211946     DEBUG main            d.u.i.k.p.i.AbstractProblemLoader Environment load took 82.9ns 
211947     INFO  main            d.u.i.k.p.i.AbstractProblemLoader Creating init config 
214173     DEBUG main            d.u.i.k.p.i.AbstractProblemLoader Init config took 2.23s 
214204     INFO  main            d.u.i.k.p.i.AbstractProblemLoader Replaying proof EnsuresFree[EnsuresFree::test()].JML operation contract.0 
214218     DEBUG main            d.u.i.k.p.i.IntermediateProofReplayer Proof replay took 12.88ms 
214219     DEBUG main            d.u.i.k.p.r.p.TestFile    ... success: reloaded. 
214220     INFO  main            d.u.i.k.p.r.p.TestFile    Now processing file /home/runner/work/key/key/key.core/../key.ui/examples/standard_key/java_dl/jml-information-flow.key 
214220     INFO  main            d.u.i.k.p.i.AbstractProblemLoader Loading environment from /home/runner/work/key/key/key.core/../key.ui/examples/standard_key/java_dl/jml-information-flow.key 
214220     DEBUG main            d.u.i.k.p.i.AbstractProblemLoader Environment load took 54.8ns 
214224     INFO  main            d.u.i.k.p.i.AbstractProblemLoader Creating init config 
216706     DEBUG main            d.u.i.k.p.i.AbstractProblemLoader Init config took 2.48s 
216722     INFO  main            d.u.i.k.p.i.AbstractProblemLoader Replaying proof jml-information-flow.key 
216724     DEBUG main            d.u.i.k.p.i.IntermediateProofReplayer Proof replay took 6.5ns 
338699     INFO  main            d.u.i.k.p.r.p.TestFile    ... finished proof: closed. 
339209     INFO  main            d.u.i.k.p.i.AbstractProblemLoader Loading environment from /home/runner/work/key/key/key.core/../key.ui/examples/standard_key/java_dl/jml-information-flow.key.proof 
339209     DEBUG main            d.u.i.k.p.i.AbstractProblemLoader Environment load took 316.8ns 
339217     INFO  main            d.u.i.k.p.i.AbstractProblemLoader Creating init config 
341559     DEBUG main            d.u.i.k.p.i.AbstractProblemLoader Init config took 2.34s 
341577     INFO  main            d.u.i.k.p.i.AbstractProblemLoader Replaying proof jml-information-flow.key.proof 
344034     DEBUG main            d.u.i.k.p.i.IntermediateProofReplayer Proof replay took 2.35s 
344042     DEBUG main            d.u.i.k.p.r.p.TestFile    ... success: reloaded. 
344042     INFO  main            d.u.i.k.p.r.p.TestFile    Now processing file /home/runner/work/key/key/key.core/../key.ui/examples/standard_key/java_dl/jml-min/min-unprovable1.key 
344043     INFO  main            d.u.i.k.p.i.AbstractProblemLoader Loading environment from /home/runner/work/key/key/key.core/../key.ui/examples/standard_key/java_dl/jml-min/min-unprovable1.key 
344043     DEBUG main            d.u.i.k.p.i.AbstractProblemLoader Environment load took 59.4ns 
344044     INFO  main            d.u.i.k.p.i.AbstractProblemLoader Creating init config 
346389     DEBUG main            d.u.i.k.p.i.AbstractProblemLoader Init config took 2.34s 
346420     INFO  main            d.u.i.k.p.i.AbstractProblemLoader Replaying proof Min[Min::foo()].JML operation contract.0 
346422     DEBUG main            d.u.i.k.p.i.IntermediateProofReplayer Proof replay took 7.3ns 
346524     INFO  main            d.u.i.k.p.r.p.TestFile    ... finished proof: open goal(s) 
347025     INFO  main            d.u.i.k.p.r.p.TestFile    Now processing file /home/runner/work/key/key/key.core/../key.ui/examples/standard_key/java_dl/jml-min/min-unprovable2.key 
347025     INFO  main            d.u.i.k.p.i.AbstractProblemLoader Loading environment from /home/runner/work/key/key/key.core/../key.ui/examples/standard_key/java_dl/jml-min/min-unprovable2.key 
347025     DEBUG main            d.u.i.k.p.i.AbstractProblemLoader Environment load took 45ns 
347026     INFO  main            d.u.i.k.p.i.AbstractProblemLoader Creating init config 
349274     DEBUG main            d.u.i.k.p.i.AbstractProblemLoader Init config took 2.25s 
349310     INFO  main            d.u.i.k.p.i.AbstractProblemLoader Replaying proof Min[Min::foo2()].JML operation contract.0 
349311     DEBUG main            d.u.i.k.p.i.IntermediateProofReplayer Proof replay took 6.5ns 
349413     INFO  main            d.u.i.k.p.r.p.TestFile    ... finished proof: open goal(s) 
349768     INFO  main            d.u.i.k.p.r.p.TestFile    Now processing file /home/runner/work/key/key/key.core/../key.ui/examples/standard_key/java_dl/methodCall.key 
349768     INFO  main            d.u.i.k.p.i.AbstractProblemLoader Loading environment from /home/runner/work/key/key/key.core/../key.ui/examples/standard_key/java_dl/methodCall.key 
349768     DEBUG main            d.u.i.k.p.i.AbstractProblemLoader Environment load took 46.3ns 
349769     INFO  main            d.u.i.k.p.i.AbstractProblemLoader Creating init config 
351977     DEBUG main            d.u.i.k.p.i.AbstractProblemLoader Init config took 2.21s 
351990     INFO  main            d.u.i.k.p.i.AbstractProblemLoader Replaying proof methodCall.key 
351991     DEBUG main            d.u.i.k.p.i.IntermediateProofReplayer Proof replay took 6.2ns 
352092     INFO  main            d.u.i.k.p.r.p.TestFile    ... finished proof: closed. 
352445     INFO  main            d.u.i.k.p.i.AbstractProblemLoader Loading environment from /home/runner/work/key/key/key.core/../key.ui/examples/standard_key/java_dl/methodCall.key.proof 
352445     DEBUG main            d.u.i.k.p.i.AbstractProblemLoader Environment load took 77ns 
352446     INFO  main            d.u.i.k.p.i.AbstractProblemLoader Creating init config 
354658     DEBUG main            d.u.i.k.p.i.AbstractProblemLoader Init config took 2.21s 
354671     INFO  main            d.u.i.k.p.i.AbstractProblemLoader Replaying proof methodCall.key.proof 
354675     DEBUG main            d.u.i.k.p.i.IntermediateProofReplayer Proof replay took 1.57ms 
354675     DEBUG main            d.u.i.k.p.r.p.TestFile    ... success: reloaded. 
354676     INFO  main            d.u.i.k.p.r.p.TestFile    Now processing file /home/runner/work/key/key/key.core/../key.ui/examples/standard_key/java_dl/methodCall1.key 
354676     INFO  main            d.u.i.k.p.i.AbstractProblemLoader Loading environment from /home/runner/work/key/key/key.core/../key.ui/examples/standard_key/java_dl/methodCall1.key 
354676     DEBUG main            d.u.i.k.p.i.AbstractProblemLoader Environment load took 56.6ns 
354677     INFO  main            d.u.i.k.p.i.AbstractProblemLoader Creating init config 
356932     DEBUG main            d.u.i.k.p.i.AbstractProblemLoader Init config took 2.26s 
356946     INFO  main            d.u.i.k.p.i.AbstractProblemLoader Replaying proof methodCall1.key 
356947     DEBUG main            d.u.i.k.p.i.IntermediateProofReplayer Proof replay took 6.5ns 
357049     INFO  main            d.u.i.k.p.r.p.TestFile    ... finished proof: closed. 
357412     INFO  main            d.u.i.k.p.i.AbstractProblemLoader Loading environment from /home/runner/work/key/key/key.core/../key.ui/examples/standard_key/java_dl/methodCall1.key.proof 
357412     DEBUG main            d.u.i.k.p.i.AbstractProblemLoader Environment load took 75.7ns 
357413     INFO  main            d.u.i.k.p.i.AbstractProblemLoader Creating init config 
359628     DEBUG main            d.u.i.k.p.i.AbstractProblemLoader Init config took 2.21s 
359641     INFO  main            d.u.i.k.p.i.AbstractProblemLoader Replaying proof methodCall1.key.proof 
359652     DEBUG main            d.u.i.k.p.i.IntermediateProofReplayer Proof replay took 9.12ms 
359652     DEBUG main            d.u.i.k.p.r.p.TestFile    ... success: reloaded. 
359653     INFO  main            d.u.i.k.p.r.p.TestFile    Now processing file /home/runner/work/key/key/key.core/../key.ui/examples/standard_key/java_dl/methodCall1box.key 
359653     INFO  main            d.u.i.k.p.i.AbstractProblemLoader Loading environment from /home/runner/work/key/key/key.core/../key.ui/examples/standard_key/java_dl/methodCall1box.key 
359653     DEBUG main            d.u.i.k.p.i.AbstractProblemLoader Environment load took 82.6ns 
359654     INFO  main            d.u.i.k.p.i.AbstractProblemLoader Creating init config 
361896     DEBUG main            d.u.i.k.p.i.AbstractProblemLoader Init config took 2.24s 
361909     INFO  main            d.u.i.k.p.i.AbstractProblemLoader Replaying proof methodCall1box.key 
361910     DEBUG main            d.u.i.k.p.i.IntermediateProofReplayer Proof replay took 7.5ns 
362012     INFO  main            d.u.i.k.p.r.p.TestFile    ... finished proof: closed. 
362390     INFO  main            d.u.i.k.p.i.AbstractProblemLoader Loading environment from /home/runner/work/key/key/key.core/../key.ui/examples/standard_key/java_dl/methodCall1box.key.proof 
362390     DEBUG main            d.u.i.k.p.i.AbstractProblemLoader Environment load took 77.6ns 
362391     INFO  main            d.u.i.k.p.i.AbstractProblemLoader Creating init config 
364596     DEBUG main            d.u.i.k.p.i.AbstractProblemLoader Init config took 2.2s 
364614     INFO  main            d.u.i.k.p.i.AbstractProblemLoader Replaying proof methodCall1box.key.proof 
364635     DEBUG main            d.u.i.k.p.i.IntermediateProofReplayer Proof replay took 17.92ms 
364635     DEBUG main            d.u.i.k.p.r.p.TestFile    ... success: reloaded. 
364636     INFO  main            d.u.i.k.p.r.p.TestFile    Now processing file /home/runner/work/key/key/key.core/../key.ui/examples/standard_key/java_dl/methodCall3.key 
364636     INFO  main            d.u.i.k.p.i.AbstractProblemLoader Loading environment from /home/runner/work/key/key/key.core/../key.ui/examples/standard_key/java_dl/methodCall3.key 
364637     DEBUG main            d.u.i.k.p.i.AbstractProblemLoader Environment load took 136.6ns 
364637     INFO  main            d.u.i.k.p.i.AbstractProblemLoader Creating init config 
366877     DEBUG main            d.u.i.k.p.i.AbstractProblemLoader Init config took 2.24s 
366889     INFO  main            d.u.i.k.p.i.AbstractProblemLoader Replaying proof methodCall3.key 
366891     DEBUG main            d.u.i.k.p.i.IntermediateProofReplayer Proof replay took 7ns 
366992     INFO  main            d.u.i.k.p.r.p.TestFile    ... finished proof: closed. 
367369     INFO  main            d.u.i.k.p.i.AbstractProblemLoader Loading environment from /home/runner/work/key/key/key.core/../key.ui/examples/standard_key/java_dl/methodCall3.key.proof 
367369     DEBUG main            d.u.i.k.p.i.AbstractProblemLoader Environment load took 107ns 
367370     INFO  main            d.u.i.k.p.i.AbstractProblemLoader Creating init config 
369588     DEBUG main            d.u.i.k.p.i.AbstractProblemLoader Init config took 2.22s 
369601     INFO  main            d.u.i.k.p.i.AbstractProblemLoader Replaying proof methodCall3.key.proof 
369609     DEBUG main            d.u.i.k.p.i.IntermediateProofReplayer Proof replay took 5.9ms 
369610     DEBUG main            d.u.i.k.p.r.p.TestFile    ... success: reloaded. 
369611     INFO  main            d.u.i.k.p.r.p.TestFile    Now processing file /home/runner/work/key/key/key.core/../key.ui/examples/standard_key/java_dl/polishFlagSort.key 
369615     INFO  main            d.u.i.k.p.i.AbstractProblemLoader Loading environment from /home/runner/work/key/key/key.core/../key.ui/examples/standard_key/java_dl/polishFlagSort.key 
369615     DEBUG main            d.u.i.k.p.i.AbstractProblemLoader Environment load took 476.5ns 
369617     INFO  main            d.u.i.k.p.i.AbstractProblemLoader Creating init config 
371890     DEBUG main            d.u.i.k.p.i.AbstractProblemLoader Init config took 2.27s 
371904     INFO  main            d.u.i.k.p.i.AbstractProblemLoader Replaying proof polishFlagSort.key 
371905     DEBUG main            d.u.i.k.p.i.IntermediateProofReplayer Proof replay took 7ns 
374012     INFO  main            d.u.i.k.p.r.p.TestFile    ... finished proof: closed. 
374436     INFO  main            d.u.i.k.p.i.AbstractProblemLoader Loading environment from /home/runner/work/key/key/key.core/../key.ui/examples/standard_key/java_dl/polishFlagSort.key.proof 
374436     DEBUG main            d.u.i.k.p.i.AbstractProblemLoader Environment load took 297.6ns 
374438     INFO  main            d.u.i.k.p.i.AbstractProblemLoader Creating init config 
376670     DEBUG main            d.u.i.k.p.i.AbstractProblemLoader Init config took 2.23s 
376684     INFO  main            d.u.i.k.p.i.AbstractProblemLoader Replaying proof polishFlagSort.key.proof 
376923     DEBUG main            d.u.i.k.p.i.IntermediateProofReplayer Proof replay took 228.34ms 
376925     DEBUG main            d.u.i.k.p.r.p.TestFile    ... success: reloaded. 
376926     INFO  main            d.u.i.k.p.r.p.TestFile    Now processing file /home/runner/work/key/key/key.core/../key.ui/examples/standard_key/java_dl/postConditionTaclets1.key 
376926     INFO  main            d.u.i.k.p.i.AbstractProblemLoader Loading environment from /home/runner/work/key/key/key.core/../key.ui/examples/standard_key/java_dl/postConditionTaclets1.key 
376926     DEBUG main            d.u.i.k.p.i.AbstractProblemLoader Environment load took 60.5ns 
376927     INFO  main            d.u.i.k.p.i.AbstractProblemLoader Creating init config 
379115     DEBUG main            d.u.i.k.p.i.AbstractProblemLoader Init config took 2.19s 
379128     INFO  main            d.u.i.k.p.i.AbstractProblemLoader Replaying proof postConditionTaclets1.key 
379129     DEBUG main            d.u.i.k.p.i.IntermediateProofReplayer Proof replay took 6.5ns 
379233     INFO  main            d.u.i.k.p.r.p.TestFile    ... finished proof: closed. 
379665     INFO  main            d.u.i.k.p.i.AbstractProblemLoader Loading environment from /home/runner/work/key/key/key.core/../key.ui/examples/standard_key/java_dl/postConditionTaclets1.key.proof 
379665     DEBUG main            d.u.i.k.p.i.AbstractProblemLoader Environment load took 69.5ns 
379666     INFO  main            d.u.i.k.p.i.AbstractProblemLoader Creating init config 
381817     DEBUG main            d.u.i.k.p.i.AbstractProblemLoader Init config took 2.15s 
381832     INFO  main            d.u.i.k.p.i.AbstractProblemLoader Replaying proof postConditionTaclets1.key.proof 
381834     DEBUG main            d.u.i.k.p.i.IntermediateProofReplayer Proof replay took 239.1ns 
381835     DEBUG main            d.u.i.k.p.r.p.TestFile    ... success: reloaded. 
381835     INFO  main            d.u.i.k.p.r.p.TestFile    Now processing file /home/runner/work/key/key/key.core/../key.ui/examples/standard_key/java_dl/postConditionTaclets2.key 
381836     INFO  main            d.u.i.k.p.i.AbstractProblemLoader Loading environment from /home/runner/work/key/key/key.core/../key.ui/examples/standard_key/java_dl/postConditionTaclets2.key 
381836     DEBUG main            d.u.i.k.p.i.AbstractProblemLoader Environment load took 133.2ns 
381837     INFO  main            d.u.i.k.p.i.AbstractProblemLoader Creating init config 
384021     DEBUG main            d.u.i.k.p.i.AbstractProblemLoader Init config took 2.18s 
384034     INFO  main            d.u.i.k.p.i.AbstractProblemLoader Replaying proof postConditionTaclets2.key 
384035     DEBUG main            d.u.i.k.p.i.IntermediateProofReplayer Proof replay took 7.6ns 
384137     INFO  main            d.u.i.k.p.r.p.TestFile    ... finished proof: closed. 
384535     INFO  main            d.u.i.k.p.i.AbstractProblemLoader Loading environment from /home/runner/work/key/key/key.core/../key.ui/examples/standard_key/java_dl/postConditionTaclets2.key.proof 
384535     DEBUG main            d.u.i.k.p.i.AbstractProblemLoader Environment load took 67.6ns 
384536     INFO  main            d.u.i.k.p.i.AbstractProblemLoader Creating init config 
386690     DEBUG main            d.u.i.k.p.i.AbstractProblemLoader Init config took 2.15s 
386705     INFO  main            d.u.i.k.p.i.AbstractProblemLoader Replaying proof postConditionTaclets2.key.proof 
386707     DEBUG main            d.u.i.k.p.i.IntermediateProofReplayer Proof replay took 458.6ns 
386708     DEBUG main            d.u.i.k.p.r.p.TestFile    ... success: reloaded. 
386709     INFO  main            d.u.i.k.p.r.p.TestFile    Now processing file /home/runner/work/key/key/key.core/../key.ui/examples/standard_key/java_dl/quantifiedQuery.key 
386709     INFO  main            d.u.i.k.p.i.AbstractProblemLoader Loading environment from /home/runner/work/key/key/key.core/../key.ui/examples/standard_key/java_dl/quantifiedQuery.key 
386709     DEBUG main            d.u.i.k.p.i.AbstractProblemLoader Environment load took 146.4ns 
386710     INFO  main            d.u.i.k.p.i.AbstractProblemLoader Creating init config 
388944     DEBUG main            d.u.i.k.p.i.AbstractProblemLoader Init config took 2.23s 
388979     INFO  main            d.u.i.k.p.i.AbstractProblemLoader Replaying proof quantifiedQuery.key 
388981     DEBUG main            d.u.i.k.p.i.IntermediateProofReplayer Proof replay took 6.8ns 
389083     INFO  main            d.u.i.k.p.r.p.TestFile    ... finished proof: closed. 
389490     INFO  main            d.u.i.k.p.i.AbstractProblemLoader Loading environment from /home/runner/work/key/key/key.core/../key.ui/examples/standard_key/java_dl/quantifiedQuery.key.proof 
389490     DEBUG main            d.u.i.k.p.i.AbstractProblemLoader Environment load took 69.9ns 
389491     INFO  main            d.u.i.k.p.i.AbstractProblemLoader Creating init config 
391708     DEBUG main            d.u.i.k.p.i.AbstractProblemLoader Init config took 2.22s 
391722     INFO  main            d.u.i.k.p.i.AbstractProblemLoader Replaying proof quantifiedQuery.key.proof 
391730     DEBUG main            d.u.i.k.p.i.IntermediateProofReplayer Proof replay took 6.49ms 
391731     DEBUG main            d.u.i.k.p.r.p.TestFile    ... success: reloaded. 
391731     INFO  main            d.u.i.k.p.r.p.TestFile    Now processing file /home/runner/work/key/key/key.core/../key.ui/examples/standard_key/java_dl/recursion/triangular.key 
391731     INFO  main            d.u.i.k.p.i.AbstractProblemLoader Loading environment from /home/runner/work/key/key/key.core/../key.ui/examples/standard_key/java_dl/recursion/triangular.key 
391731     DEBUG main            d.u.i.k.p.i.AbstractProblemLoader Environment load took 40.3ns 
391732     INFO  main            d.u.i.k.p.i.AbstractProblemLoader Creating init config 
393995     DEBUG main            d.u.i.k.p.i.AbstractProblemLoader Init config took 2.26s 
394028     INFO  main            d.u.i.k.p.i.AbstractProblemLoader Replaying proof Triangular[Triangular::tria(int)].JML normal_behavior operation contract.0 
394030     DEBUG main            d.u.i.k.p.i.IntermediateProofReplayer Proof replay took 6.2ns 
394231     INFO  main            d.u.i.k.p.r.p.TestFile    ... finished proof: closed. 
394644     INFO  main            d.u.i.k.p.i.AbstractProblemLoader Loading environment from /home/runner/work/key/key/key.core/../key.ui/examples/standard_key/java_dl/recursion/triangular.key.proof 
394644     DEBUG main            d.u.i.k.p.i.AbstractProblemLoader Environment load took 70.6ns 
394645     INFO  main            d.u.i.k.p.i.AbstractProblemLoader Creating init config 
396857     DEBUG main            d.u.i.k.p.i.AbstractProblemLoader Init config took 2.21s 
396887     INFO  main            d.u.i.k.p.i.AbstractProblemLoader Replaying proof Triangular[Triangular::tria(int)].JML normal_behavior operation contract.0 
396910     DEBUG main            d.u.i.k.p.i.IntermediateProofReplayer Proof replay took 21.19ms 
396911     DEBUG main            d.u.i.k.p.r.p.TestFile    ... success: reloaded. 
396911     INFO  main            d.u.i.k.p.r.p.TestFile    Now processing file /home/runner/work/key/key/key.core/../key.ui/examples/standard_key/java_dl/reverseArray.key 
396911     INFO  main            d.u.i.k.p.i.AbstractProblemLoader Loading environment from /home/runner/work/key/key/key.core/../key.ui/examples/standard_key/java_dl/reverseArray.key 
396911     DEBUG main            d.u.i.k.p.i.AbstractProblemLoader Environment load took 37.2ns 
396913     INFO  main            d.u.i.k.p.i.AbstractProblemLoader Creating init config 
396931     WARN  main            d.u.i.k.j.r.KeYCrossReferenceNameInfo Datatype java.io.PrintStream declared twice: Once in FILE:/home/runner/work/key/key/key.core/../key.ui/examples/standard_key/java_dl/./classpath/PrintStream.java and once in URL:file:/home/runner/work/key/key/key.core/build/resources/main/de/uka/ilkd/key/java/JavaRedux/java/io/PrintStream.java, Keeping one from URL:file:/home/runner/work/key/key/key.core/build/resources/main/de/uka/ilkd/key/java/JavaRedux/java/io/PrintStream.java 
396931     WARN  main            d.u.i.k.j.r.KeYCrossReferenceNameInfo Datatype java.io.InputStream declared twice: Once in FILE:/home/runner/work/key/key/key.core/../key.ui/examples/standard_key/java_dl/./classpath/InputStream.java and once in URL:file:/home/runner/work/key/key/key.core/build/resources/main/de/uka/ilkd/key/java/JavaRedux/java/io/InputStream.java, Keeping one from URL:file:/home/runner/work/key/key/key.core/build/resources/main/de/uka/ilkd/key/java/JavaRedux/java/io/InputStream.java 
396931     WARN  main            d.u.i.k.j.r.KeYCrossReferenceNameInfo Datatype java.lang.System declared twice: Once in FILE:/home/runner/work/key/key/key.core/../key.ui/examples/standard_key/java_dl/./classpath/System.java and once in URL:file:/home/runner/work/key/key/key.core/build/resources/main/de/uka/ilkd/key/java/JavaRedux/java/lang/System.java, Keeping one from URL:file:/home/runner/work/key/key/key.core/build/resources/main/de/uka/ilkd/key/java/JavaRedux/java/lang/System.java 
396934     DEBUG main            d.u.i.k.j.r.ClassFileDeclarationBuilder Parsing: package java.io; public class Closeable { } 
396934     DEBUG main            r.s.KeYCrossReferenceSourceInfo Dynamically created class: java.io.Closeable 
399231     DEBUG main            d.u.i.k.p.i.AbstractProblemLoader Init config took 2.32s 
399245     INFO  main            d.u.i.k.p.i.AbstractProblemLoader Replaying proof reverseArray.key 
399246     DEBUG main            d.u.i.k.p.i.IntermediateProofReplayer Proof replay took 6.8ns 
403478     INFO  main            d.u.i.k.p.r.p.TestFile    ... finished proof: closed. 
403933     INFO  main            d.u.i.k.p.i.AbstractProblemLoader Loading environment from /home/runner/work/key/key/key.core/../key.ui/examples/standard_key/java_dl/reverseArray.key.proof 
403933     DEBUG main            d.u.i.k.p.i.AbstractProblemLoader Environment load took 139.1ns 
403935     INFO  main            d.u.i.k.p.i.AbstractProblemLoader Creating init config 
403953     WARN  main            d.u.i.k.j.r.KeYCrossReferenceNameInfo Datatype java.io.PrintStream declared twice: Once in FILE:/home/runner/work/key/key/key.core/../key.ui/examples/standard_key/java_dl/classpath/PrintStream.java and once in URL:file:/home/runner/work/key/key/key.core/build/resources/main/de/uka/ilkd/key/java/JavaRedux/java/io/PrintStream.java, Keeping one from URL:file:/home/runner/work/key/key/key.core/build/resources/main/de/uka/ilkd/key/java/JavaRedux/java/io/PrintStream.java 
403953     WARN  main            d.u.i.k.j.r.KeYCrossReferenceNameInfo Datatype java.io.InputStream declared twice: Once in FILE:/home/runner/work/key/key/key.core/../key.ui/examples/standard_key/java_dl/classpath/InputStream.java and once in URL:file:/home/runner/work/key/key/key.core/build/resources/main/de/uka/ilkd/key/java/JavaRedux/java/io/InputStream.java, Keeping one from URL:file:/home/runner/work/key/key/key.core/build/resources/main/de/uka/ilkd/key/java/JavaRedux/java/io/InputStream.java 
403953     WARN  main            d.u.i.k.j.r.KeYCrossReferenceNameInfo Datatype java.lang.System declared twice: Once in FILE:/home/runner/work/key/key/key.core/../key.ui/examples/standard_key/java_dl/classpath/System.java and once in URL:file:/home/runner/work/key/key/key.core/build/resources/main/de/uka/ilkd/key/java/JavaRedux/java/lang/System.java, Keeping one from URL:file:/home/runner/work/key/key/key.core/build/resources/main/de/uka/ilkd/key/java/JavaRedux/java/lang/System.java 
403956     DEBUG main            d.u.i.k.j.r.ClassFileDeclarationBuilder Parsing: package java.io; public class Closeable { } 
403956     DEBUG main            r.s.KeYCrossReferenceSourceInfo Dynamically created class: java.io.Closeable 
406202     DEBUG main            d.u.i.k.p.i.AbstractProblemLoader Init config took 2.27s 
406216     INFO  main            d.u.i.k.p.i.AbstractProblemLoader Replaying proof reverseArray.key.proof 
406642     DEBUG main            d.u.i.k.p.i.IntermediateProofReplayer Proof replay took 413.74ms 
406644     DEBUG main            d.u.i.k.p.r.p.TestFile    ... success: reloaded. 
406645     INFO  main            d.u.i.k.p.r.p.TestFile    Now processing file /home/runner/work/key/key/key.core/../key.ui/examples/standard_key/java_dl/reverseArray2.key 
406645     INFO  main            d.u.i.k.p.i.AbstractProblemLoader Loading environment from /home/runner/work/key/key/key.core/../key.ui/examples/standard_key/java_dl/reverseArray2.key 
406645     DEBUG main            d.u.i.k.p.i.AbstractProblemLoader Environment load took 137.8ns 
406647     INFO  main            d.u.i.k.p.i.AbstractProblemLoader Creating init config 
406666     WARN  main            d.u.i.k.j.r.KeYCrossReferenceNameInfo Datatype java.io.PrintStream declared twice: Once in FILE:/home/runner/work/key/key/key.core/../key.ui/examples/standard_key/java_dl/classpath/PrintStream.java and once in URL:file:/home/runner/work/key/key/key.core/build/resources/main/de/uka/ilkd/key/java/JavaRedux/java/io/PrintStream.java, Keeping one from URL:file:/home/runner/work/key/key/key.core/build/resources/main/de/uka/ilkd/key/java/JavaRedux/java/io/PrintStream.java 
406666     WARN  main            d.u.i.k.j.r.KeYCrossReferenceNameInfo Datatype java.io.InputStream declared twice: Once in FILE:/home/runner/work/key/key/key.core/../key.ui/examples/standard_key/java_dl/classpath/InputStream.java and once in URL:file:/home/runner/work/key/key/key.core/build/resources/main/de/uka/ilkd/key/java/JavaRedux/java/io/InputStream.java, Keeping one from URL:file:/home/runner/work/key/key/key.core/build/resources/main/de/uka/ilkd/key/java/JavaRedux/java/io/InputStream.java 
406666     WARN  main            d.u.i.k.j.r.KeYCrossReferenceNameInfo Datatype java.lang.System declared twice: Once in FILE:/home/runner/work/key/key/key.core/../key.ui/examples/standard_key/java_dl/classpath/System.java and once in URL:file:/home/runner/work/key/key/key.core/build/resources/main/de/uka/ilkd/key/java/JavaRedux/java/lang/System.java, Keeping one from URL:file:/home/runner/work/key/key/key.core/build/resources/main/de/uka/ilkd/key/java/JavaRedux/java/lang/System.java 
406669     DEBUG main            d.u.i.k.j.r.ClassFileDeclarationBuilder Parsing: package java.io; public class Closeable { } 
406669     DEBUG main            r.s.KeYCrossReferenceSourceInfo Dynamically created class: java.io.Closeable 
409050     DEBUG main            d.u.i.k.p.i.AbstractProblemLoader Init config took 2.4s 
409064     INFO  main            d.u.i.k.p.i.AbstractProblemLoader Replaying proof reverseArray2.key 
409065     DEBUG main            d.u.i.k.p.i.IntermediateProofReplayer Proof replay took 42.2ns 
410389     INFO  main            d.u.i.k.p.r.p.TestFile    ... finished proof: closed. 
410895     INFO  main            d.u.i.k.p.i.AbstractProblemLoader Loading environment from /home/runner/work/key/key/key.core/../key.ui/examples/standard_key/java_dl/reverseArray2.key.proof 
410895     DEBUG main            d.u.i.k.p.i.AbstractProblemLoader Environment load took 75.1ns 
410896     INFO  main            d.u.i.k.p.i.AbstractProblemLoader Creating init config 
410916     WARN  main            d.u.i.k.j.r.KeYCrossReferenceNameInfo Datatype java.io.PrintStream declared twice: Once in FILE:/home/runner/work/key/key/key.core/../key.ui/examples/standard_key/java_dl/classpath/PrintStream.java and once in URL:file:/home/runner/work/key/key/key.core/build/resources/main/de/uka/ilkd/key/java/JavaRedux/java/io/PrintStream.java, Keeping one from URL:file:/home/runner/work/key/key/key.core/build/resources/main/de/uka/ilkd/key/java/JavaRedux/java/io/PrintStream.java 
410916     WARN  main            d.u.i.k.j.r.KeYCrossReferenceNameInfo Datatype java.io.InputStream declared twice: Once in FILE:/home/runner/work/key/key/key.core/../key.ui/examples/standard_key/java_dl/classpath/InputStream.java and once in URL:file:/home/runner/work/key/key/key.core/build/resources/main/de/uka/ilkd/key/java/JavaRedux/java/io/InputStream.java, Keeping one from URL:file:/home/runner/work/key/key/key.core/build/resources/main/de/uka/ilkd/key/java/JavaRedux/java/io/InputStream.java 
410916     WARN  main            d.u.i.k.j.r.KeYCrossReferenceNameInfo Datatype java.lang.System declared twice: Once in FILE:/home/runner/work/key/key/key.core/../key.ui/examples/standard_key/java_dl/classpath/System.java and once in URL:file:/home/runner/work/key/key/key.core/build/resources/main/de/uka/ilkd/key/java/JavaRedux/java/lang/System.java, Keeping one from URL:file:/home/runner/work/key/key/key.core/build/resources/main/de/uka/ilkd/key/java/JavaRedux/java/lang/System.java 
410920     DEBUG main            d.u.i.k.j.r.ClassFileDeclarationBuilder Parsing: package java.io; public class Closeable { } 
410920     DEBUG main            r.s.KeYCrossReferenceSourceInfo Dynamically created class: java.io.Closeable 
413163     DEBUG main            d.u.i.k.p.i.AbstractProblemLoader Init config took 2.27s 
413177     INFO  main            d.u.i.k.p.i.AbstractProblemLoader Replaying proof reverseArray2.key.proof 
413322     DEBUG main            d.u.i.k.p.i.IntermediateProofReplayer Proof replay took 140.14ms 
413324     DEBUG main            d.u.i.k.p.r.p.TestFile    ... success: reloaded. 
413325     INFO  main            d.u.i.k.p.r.p.TestFile    Now processing file /home/runner/work/key/key/key.core/../key.ui/examples/standard_key/java_dl/simpleAssignment.key 
413325     INFO  main            d.u.i.k.p.i.AbstractProblemLoader Loading environment from /home/runner/work/key/key/key.core/../key.ui/examples/standard_key/java_dl/simpleAssignment.key 
413325     DEBUG main            d.u.i.k.p.i.AbstractProblemLoader Environment load took 61.3ns 
413326     INFO  main            d.u.i.k.p.i.AbstractProblemLoader Creating init config 
415517     DEBUG main            d.u.i.k.p.i.AbstractProblemLoader Init config took 2.19s 
415530     INFO  main            d.u.i.k.p.i.AbstractProblemLoader Replaying proof simpleAssignment.key 
415531     DEBUG main            d.u.i.k.p.i.IntermediateProofReplayer Proof replay took 2.7ns 
415632     INFO  main            d.u.i.k.p.r.p.TestFile    ... finished proof: closed. 
416092     INFO  main            d.u.i.k.p.i.AbstractProblemLoader Loading environment from /home/runner/work/key/key/key.core/../key.ui/examples/standard_key/java_dl/simpleAssignment.key.proof 
416092     DEBUG main            d.u.i.k.p.i.AbstractProblemLoader Environment load took 70.4ns 
416093     INFO  main            d.u.i.k.p.i.AbstractProblemLoader Creating init config 
418244     DEBUG main            d.u.i.k.p.i.AbstractProblemLoader Init config took 2.15s 
418257     INFO  main            d.u.i.k.p.i.AbstractProblemLoader Replaying proof simpleAssignment.key.proof 
418259     DEBUG main            d.u.i.k.p.i.IntermediateProofReplayer Proof replay took 517.2ns 
418260     DEBUG main            d.u.i.k.p.r.p.TestFile    ... success: reloaded. 
418260     INFO  main            d.u.i.k.p.r.p.TestFile    Now processing file /home/runner/work/key/key/key.core/../key.ui/examples/standard_key/java_dl/simpleAssignment2.key 
418260     INFO  main            d.u.i.k.p.i.AbstractProblemLoader Loading environment from /home/runner/work/key/key/key.core/../key.ui/examples/standard_key/java_dl/simpleAssignment2.key 
418260     DEBUG main            d.u.i.k.p.i.AbstractProblemLoader Environment load took 39.6ns 
418261     INFO  main            d.u.i.k.p.i.AbstractProblemLoader Creating init config 
420449     DEBUG main            d.u.i.k.p.i.AbstractProblemLoader Init config took 2.19s 
420461     INFO  main            d.u.i.k.p.i.AbstractProblemLoader Replaying proof simpleAssignment2.key 
420462     DEBUG main            d.u.i.k.p.i.IntermediateProofReplayer Proof replay took 2.3ns 
420564     INFO  main            d.u.i.k.p.r.p.TestFile    ... finished proof: closed. 
420982     INFO  main            d.u.i.k.p.i.AbstractProblemLoader Loading environment from /home/runner/work/key/key/key.core/../key.ui/examples/standard_key/java_dl/simpleAssignment2.key.proof 
420982     DEBUG main            d.u.i.k.p.i.AbstractProblemLoader Environment load took 70.7ns 
420983     INFO  main            d.u.i.k.p.i.AbstractProblemLoader Creating init config 
423121     DEBUG main            d.u.i.k.p.i.AbstractProblemLoader Init config took 2.14s 
423133     INFO  main            d.u.i.k.p.i.AbstractProblemLoader Replaying proof simpleAssignment2.key.proof 
423135     DEBUG main            d.u.i.k.p.i.IntermediateProofReplayer Proof replay took 320.5ns 
423136     DEBUG main            d.u.i.k.p.r.p.TestFile    ... success: reloaded. 
423136     INFO  main            d.u.i.k.p.r.p.TestFile    Now processing file /home/runner/work/key/key/key.core/../key.ui/examples/standard_key/java_dl/splittingWithQueries.key 
423136     INFO  main            d.u.i.k.p.i.AbstractProblemLoader Loading environment from /home/runner/work/key/key/key.core/../key.ui/examples/standard_key/java_dl/splittingWithQueries.key 
423136     DEBUG main            d.u.i.k.p.i.AbstractProblemLoader Environment load took 84.7ns 
423137     INFO  main            d.u.i.k.p.i.AbstractProblemLoader Creating init config 
425362     DEBUG main            d.u.i.k.p.i.AbstractProblemLoader Init config took 2.22s 
425374     INFO  main            d.u.i.k.p.i.AbstractProblemLoader Replaying proof splittingWithQueries.key 
425376     DEBUG main            d.u.i.k.p.i.IntermediateProofReplayer Proof replay took 3.5ns 
425477     INFO  main            d.u.i.k.p.r.p.TestFile    ... finished proof: closed. 
425915     INFO  main            d.u.i.k.p.i.AbstractProblemLoader Loading environment from /home/runner/work/key/key/key.core/../key.ui/examples/standard_key/java_dl/splittingWithQueries.key.proof 
425916     DEBUG main            d.u.i.k.p.i.AbstractProblemLoader Environment load took 73ns 
425916     INFO  main            d.u.i.k.p.i.AbstractProblemLoader Creating init config 
428114     DEBUG main            d.u.i.k.p.i.AbstractProblemLoader Init config took 2.2s 
428127     INFO  main            d.u.i.k.p.i.AbstractProblemLoader Replaying proof splittingWithQueries.key.proof 
428129     DEBUG main            d.u.i.k.p.i.IntermediateProofReplayer Proof replay took 1.16ms 
428130     DEBUG main            d.u.i.k.p.r.p.TestFile    ... success: reloaded. 
428131     INFO  main            d.u.i.k.p.r.p.TestFile    Now processing file /home/runner/work/key/key/key.core/../key.ui/examples/standard_key/java_dl/strassen/strassen.key 
428131     INFO  main            d.u.i.k.p.i.AbstractProblemLoader Loading environment from /home/runner/work/key/key/key.core/../key.ui/examples/standard_key/java_dl/strassen/strassen.key 
428131     DEBUG main            d.u.i.k.p.i.AbstractProblemLoader Environment load took 138ns 
428132     INFO  main            d.u.i.k.p.i.AbstractProblemLoader Creating init config 
430444     DEBUG main            d.u.i.k.p.i.AbstractProblemLoader Init config took 2.31s 
430497     INFO  main            d.u.i.k.p.i.AbstractProblemLoader Replaying proof Matrix22[Matrix22::strassen(Matrix22,Matrix22)].JML normal_behavior operation contract.0 
430498     DEBUG main            d.u.i.k.p.i.IntermediateProofReplayer Proof replay took 2.6ns 
435303     INFO  main            d.u.i.k.p.r.p.TestFile    ... finished proof: closed. 
435865     INFO  main            d.u.i.k.p.i.AbstractProblemLoader Loading environment from /home/runner/work/key/key/key.core/../key.ui/examples/standard_key/java_dl/strassen/strassen.key.proof 
435866     DEBUG main            d.u.i.k.p.i.AbstractProblemLoader Environment load took 278.5ns 
435867     INFO  main            d.u.i.k.p.i.AbstractProblemLoader Creating init config 
438148     DEBUG main            d.u.i.k.p.i.AbstractProblemLoader Init config took 2.28s 
438181     INFO  main            d.u.i.k.p.i.AbstractProblemLoader Replaying proof Matrix22[Matrix22::strassen(Matrix22,Matrix22)].JML normal_behavior operation contract.0 
438547     DEBUG main            d.u.i.k.p.i.IntermediateProofReplayer Proof replay took 355.64ms 
438548     DEBUG main            d.u.i.k.p.r.p.TestFile    ... success: reloaded. 
438549     INFO  main            d.u.i.k.p.r.p.TestFile    Now processing file /home/runner/work/key/key/key.core/../key.ui/examples/standard_key/java_dl/symmArray.key 
438549     INFO  main            d.u.i.k.p.i.AbstractProblemLoader Loading environment from /home/runner/work/key/key/key.core/../key.ui/examples/standard_key/java_dl/symmArray.key 
438549     DEBUG main            d.u.i.k.p.i.AbstractProblemLoader Environment load took 133.7ns 
438552     INFO  main            d.u.i.k.p.i.AbstractProblemLoader Creating init config 
440898     DEBUG main            d.u.i.k.p.i.AbstractProblemLoader Init config took 2.35s 
440912     INFO  main            d.u.i.k.p.i.AbstractProblemLoader Replaying proof symmArray.key 
440914     DEBUG main            d.u.i.k.p.i.IntermediateProofReplayer Proof replay took 2.1ns 
537920     INFO  main            d.u.i.k.p.r.p.TestFile    ... finished proof: closed. 
538476     INFO  main            d.u.i.k.p.i.AbstractProblemLoader Loading environment from /home/runner/work/key/key/key.core/../key.ui/examples/standard_key/java_dl/symmArray.key.proof 
538476     DEBUG main            d.u.i.k.p.i.AbstractProblemLoader Environment load took 130.5ns 
538480     INFO  main            d.u.i.k.p.i.AbstractProblemLoader Creating init config 
540735     DEBUG main            d.u.i.k.p.i.AbstractProblemLoader Init config took 2.25s 
540750     INFO  main            d.u.i.k.p.i.AbstractProblemLoader Replaying proof symmArray.key.proof 
541583     DEBUG main            d.u.i.k.p.i.IntermediateProofReplayer Proof replay took 776.48ms 
541587     DEBUG main            d.u.i.k.p.r.p.TestFile    ... success: reloaded. 
541588     INFO  main            d.u.i.k.p.r.p.TestFile    Now processing file /home/runner/work/key/key/key.core/../key.ui/examples/standard_key/java_dl/testcontext.key 
541588     INFO  main            d.u.i.k.p.i.AbstractProblemLoader Loading environment from /home/runner/work/key/key/key.core/../key.ui/examples/standard_key/java_dl/testcontext.key 
541588     DEBUG main            d.u.i.k.p.i.AbstractProblemLoader Environment load took 84.3ns 
541589     INFO  main            d.u.i.k.p.i.AbstractProblemLoader Creating init config 
541607     WARN  main            d.u.i.k.j.r.KeYCrossReferenceNameInfo Datatype java.io.PrintStream declared twice: Once in FILE:/home/runner/work/key/key/key.core/../key.ui/examples/standard_key/java_dl/classpath/PrintStream.java and once in URL:file:/home/runner/work/key/key/key.core/build/resources/main/de/uka/ilkd/key/java/JavaRedux/java/io/PrintStream.java, Keeping one from URL:file:/home/runner/work/key/key/key.core/build/resources/main/de/uka/ilkd/key/java/JavaRedux/java/io/PrintStream.java 
541607     WARN  main            d.u.i.k.j.r.KeYCrossReferenceNameInfo Datatype java.io.InputStream declared twice: Once in FILE:/home/runner/work/key/key/key.core/../key.ui/examples/standard_key/java_dl/classpath/InputStream.java and once in URL:file:/home/runner/work/key/key/key.core/build/resources/main/de/uka/ilkd/key/java/JavaRedux/java/io/InputStream.java, Keeping one from URL:file:/home/runner/work/key/key/key.core/build/resources/main/de/uka/ilkd/key/java/JavaRedux/java/io/InputStream.java 
541607     WARN  main            d.u.i.k.j.r.KeYCrossReferenceNameInfo Datatype java.lang.System declared twice: Once in FILE:/home/runner/work/key/key/key.core/../key.ui/examples/standard_key/java_dl/classpath/System.java and once in URL:file:/home/runner/work/key/key/key.core/build/resources/main/de/uka/ilkd/key/java/JavaRedux/java/lang/System.java, Keeping one from URL:file:/home/runner/work/key/key/key.core/build/resources/main/de/uka/ilkd/key/java/JavaRedux/java/lang/System.java 
541610     DEBUG main            d.u.i.k.j.r.ClassFileDeclarationBuilder Parsing: package java.io; public class Closeable { } 
541610     DEBUG main            r.s.KeYCrossReferenceSourceInfo Dynamically created class: java.io.Closeable 
543819     DEBUG main            d.u.i.k.p.i.AbstractProblemLoader Init config took 2.23s 
543832     INFO  main            d.u.i.k.p.i.AbstractProblemLoader Replaying proof testcontext.key 
543833     DEBUG main            d.u.i.k.p.i.IntermediateProofReplayer Proof replay took 2.4ns 
544136     INFO  main            d.u.i.k.p.r.p.TestFile    ... finished proof: closed. 
544707     INFO  main            d.u.i.k.p.i.AbstractProblemLoader Loading environment from /home/runner/work/key/key/key.core/../key.ui/examples/standard_key/java_dl/testcontext.key.proof 
544707     DEBUG main            d.u.i.k.p.i.AbstractProblemLoader Environment load took 69.1ns 
544708     INFO  main            d.u.i.k.p.i.AbstractProblemLoader Creating init config 
544726     WARN  main            d.u.i.k.j.r.KeYCrossReferenceNameInfo Datatype java.io.PrintStream declared twice: Once in FILE:/home/runner/work/key/key/key.core/../key.ui/examples/standard_key/java_dl/classpath/PrintStream.java and once in URL:file:/home/runner/work/key/key/key.core/build/resources/main/de/uka/ilkd/key/java/JavaRedux/java/io/PrintStream.java, Keeping one from URL:file:/home/runner/work/key/key/key.core/build/resources/main/de/uka/ilkd/key/java/JavaRedux/java/io/PrintStream.java 
544726     WARN  main            d.u.i.k.j.r.KeYCrossReferenceNameInfo Datatype java.io.InputStream declared twice: Once in FILE:/home/runner/work/key/key/key.core/../key.ui/examples/standard_key/java_dl/classpath/InputStream.java and once in URL:file:/home/runner/work/key/key/key.core/build/resources/main/de/uka/ilkd/key/java/JavaRedux/java/io/InputStream.java, Keeping one from URL:file:/home/runner/work/key/key/key.core/build/resources/main/de/uka/ilkd/key/java/JavaRedux/java/io/InputStream.java 
544726     WARN  main            d.u.i.k.j.r.KeYCrossReferenceNameInfo Datatype java.lang.System declared twice: Once in FILE:/home/runner/work/key/key/key.core/../key.ui/examples/standard_key/java_dl/classpath/System.java and once in URL:file:/home/runner/work/key/key/key.core/build/resources/main/de/uka/ilkd/key/java/JavaRedux/java/lang/System.java, Keeping one from URL:file:/home/runner/work/key/key/key.core/build/resources/main/de/uka/ilkd/key/java/JavaRedux/java/lang/System.java 
544729     DEBUG main            d.u.i.k.j.r.ClassFileDeclarationBuilder Parsing: package java.io; public class Closeable { } 
544730     DEBUG main            r.s.KeYCrossReferenceSourceInfo Dynamically created class: java.io.Closeable 
546908     DEBUG main            d.u.i.k.p.i.AbstractProblemLoader Init config took 2.2s 
546921     INFO  main            d.u.i.k.p.i.AbstractProblemLoader Replaying proof testcontext.key.proof 
546960     DEBUG main            d.u.i.k.p.i.IntermediateProofReplayer Proof replay took 36.71ms 
546961     DEBUG main            d.u.i.k.p.r.p.TestFile    ... success: reloaded. 
546961     INFO  main            d.u.i.k.p.r.p.TestFile    Now processing file /home/runner/work/key/key/key.core/../key.ui/examples/standard_key/staticInitialisation/cascadeStaticInitialisation.key 
546962     INFO  main            d.u.i.k.p.i.AbstractProblemLoader Loading environment from /home/runner/work/key/key/key.core/../key.ui/examples/standard_key/staticInitialisation/cascadeStaticInitialisation.key 
546962     DEBUG main            d.u.i.k.p.i.AbstractProblemLoader Environment load took 62.4ns 
546964     INFO  main            d.u.i.k.p.i.AbstractProblemLoader Creating init config 
546991     WARN  main            d.u.i.k.j.r.KeYCrossReferenceNameInfo Datatype java.io.PrintStream declared twice: Once in FILE:/home/runner/work/key/key/key.core/../key.ui/examples/standard_key/staticInitialisation/classpath/PrintStream.java and once in URL:file:/home/runner/work/key/key/key.core/build/resources/main/de/uka/ilkd/key/java/JavaRedux/java/io/PrintStream.java, Keeping one from URL:file:/home/runner/work/key/key/key.core/build/resources/main/de/uka/ilkd/key/java/JavaRedux/java/io/PrintStream.java 
546992     WARN  main            d.u.i.k.j.r.KeYCrossReferenceNameInfo Datatype java.lang.System declared twice: Once in FILE:/home/runner/work/key/key/key.core/../key.ui/examples/standard_key/staticInitialisation/classpath/System.java and once in URL:file:/home/runner/work/key/key/key.core/build/resources/main/de/uka/ilkd/key/java/JavaRedux/java/lang/System.java, Keeping one from URL:file:/home/runner/work/key/key/key.core/build/resources/main/de/uka/ilkd/key/java/JavaRedux/java/lang/System.java 
549210     DEBUG main            d.u.i.k.p.i.AbstractProblemLoader Init config took 2.25s 
549224     INFO  main            d.u.i.k.p.i.AbstractProblemLoader Replaying proof cascadeStaticInitialisation.key 
549225     DEBUG main            d.u.i.k.p.i.IntermediateProofReplayer Proof replay took 2.5ns 
549929     INFO  main            d.u.i.k.p.r.p.TestFile    ... finished proof: closed. 
550431     INFO  main            d.u.i.k.p.i.AbstractProblemLoader Loading environment from /home/runner/work/key/key/key.core/../key.ui/examples/standard_key/staticInitialisation/cascadeStaticInitialisation.key.proof 
550431     DEBUG main            d.u.i.k.p.i.AbstractProblemLoader Environment load took 74.2ns 
550432     INFO  main            d.u.i.k.p.i.AbstractProblemLoader Creating init config 
550449     WARN  main            d.u.i.k.j.r.KeYCrossReferenceNameInfo Datatype java.io.PrintStream declared twice: Once in FILE:/home/runner/work/key/key/key.core/../key.ui/examples/standard_key/staticInitialisation/classpath/PrintStream.java and once in URL:file:/home/runner/work/key/key/key.core/build/resources/main/de/uka/ilkd/key/java/JavaRedux/java/io/PrintStream.java, Keeping one from URL:file:/home/runner/work/key/key/key.core/build/resources/main/de/uka/ilkd/key/java/JavaRedux/java/io/PrintStream.java 
550449     WARN  main            d.u.i.k.j.r.KeYCrossReferenceNameInfo Datatype java.lang.System declared twice: Once in FILE:/home/runner/work/key/key/key.core/../key.ui/examples/standard_key/staticInitialisation/classpath/System.java and once in URL:file:/home/runner/work/key/key/key.core/build/resources/main/de/uka/ilkd/key/java/JavaRedux/java/lang/System.java, Keeping one from URL:file:/home/runner/work/key/key/key.core/build/resources/main/de/uka/ilkd/key/java/JavaRedux/java/lang/System.java 
552642     DEBUG main            d.u.i.k.p.i.AbstractProblemLoader Init config took 2.21s 
552655     INFO  main            d.u.i.k.p.i.AbstractProblemLoader Replaying proof cascadeStaticInitialisation.key.proof 
552760     DEBUG main            d.u.i.k.p.i.IntermediateProofReplayer Proof replay took 102.12ms 
552761     DEBUG main            d.u.i.k.p.r.p.TestFile    ... success: reloaded. 
552762     INFO  main            d.u.i.k.p.r.p.TestFile    Now processing file /home/runner/work/key/key/key.core/../key.ui/examples/standard_key/staticInitialisation/erroneousClassImpliesErroneousSubclass.key 
552762     INFO  main            d.u.i.k.p.i.AbstractProblemLoader Loading environment from /home/runner/work/key/key/key.core/../key.ui/examples/standard_key/staticInitialisation/erroneousClassImpliesErroneousSubclass.key 
552762     DEBUG main            d.u.i.k.p.i.AbstractProblemLoader Environment load took 41.1ns 
552763     INFO  main            d.u.i.k.p.i.AbstractProblemLoader Creating init config 
552780     WARN  main            d.u.i.k.j.r.KeYCrossReferenceNameInfo Datatype java.io.PrintStream declared twice: Once in FILE:/home/runner/work/key/key/key.core/../key.ui/examples/standard_key/staticInitialisation/classpath/PrintStream.java and once in URL:file:/home/runner/work/key/key/key.core/build/resources/main/de/uka/ilkd/key/java/JavaRedux/java/io/PrintStream.java, Keeping one from URL:file:/home/runner/work/key/key/key.core/build/resources/main/de/uka/ilkd/key/java/JavaRedux/java/io/PrintStream.java 
552780     WARN  main            d.u.i.k.j.r.KeYCrossReferenceNameInfo Datatype java.lang.System declared twice: Once in FILE:/home/runner/work/key/key/key.core/../key.ui/examples/standard_key/staticInitialisation/classpath/System.java and once in URL:file:/home/runner/work/key/key/key.core/build/resources/main/de/uka/ilkd/key/java/JavaRedux/java/lang/System.java, Keeping one from URL:file:/home/runner/work/key/key/key.core/build/resources/main/de/uka/ilkd/key/java/JavaRedux/java/lang/System.java 
555003     DEBUG main            d.u.i.k.p.i.AbstractProblemLoader Init config took 2.24s 
555016     INFO  main            d.u.i.k.p.i.AbstractProblemLoader Replaying proof erroneousClassImpliesErroneousSubclass.key 
555017     DEBUG main            d.u.i.k.p.i.IntermediateProofReplayer Proof replay took 2.5ns 
555118     INFO  main            d.u.i.k.p.r.p.TestFile    ... finished proof: closed. 
555601     INFO  main            d.u.i.k.p.i.AbstractProblemLoader Loading environment from /home/runner/work/key/key/key.core/../key.ui/examples/standard_key/staticInitialisation/erroneousClassImpliesErroneousSubclass.key.proof 
555602     DEBUG main            d.u.i.k.p.i.AbstractProblemLoader Environment load took 68.5ns 
555602     INFO  main            d.u.i.k.p.i.AbstractProblemLoader Creating init config 
555619     WARN  main            d.u.i.k.j.r.KeYCrossReferenceNameInfo Datatype java.io.PrintStream declared twice: Once in FILE:/home/runner/work/key/key/key.core/../key.ui/examples/standard_key/staticInitialisation/classpath/PrintStream.java and once in URL:file:/home/runner/work/key/key/key.core/build/resources/main/de/uka/ilkd/key/java/JavaRedux/java/io/PrintStream.java, Keeping one from URL:file:/home/runner/work/key/key/key.core/build/resources/main/de/uka/ilkd/key/java/JavaRedux/java/io/PrintStream.java 
555619     WARN  main            d.u.i.k.j.r.KeYCrossReferenceNameInfo Datatype java.lang.System declared twice: Once in FILE:/home/runner/work/key/key/key.core/../key.ui/examples/standard_key/staticInitialisation/classpath/System.java and once in URL:file:/home/runner/work/key/key/key.core/build/resources/main/de/uka/ilkd/key/java/JavaRedux/java/lang/System.java, Keeping one from URL:file:/home/runner/work/key/key/key.core/build/resources/main/de/uka/ilkd/key/java/JavaRedux/java/lang/System.java 
557871     DEBUG main            d.u.i.k.p.i.AbstractProblemLoader Init config took 2.27s 
557883     INFO  main            d.u.i.k.p.i.AbstractProblemLoader Replaying proof erroneousClassImpliesErroneousSubclass.key.proof 
557885     DEBUG main            d.u.i.k.p.i.IntermediateProofReplayer Proof replay took 536.5ns 
557886     DEBUG main            d.u.i.k.p.r.p.TestFile    ... success: reloaded. 
557886     INFO  main            d.u.i.k.p.r.p.TestFile    Now processing file /home/runner/work/key/key/key.core/../key.ui/examples/standard_key/staticInitialisation/initializedSubclassImpliesInitializedSuperclass.key 
557887     INFO  main            d.u.i.k.p.i.AbstractProblemLoader Loading environment from /home/runner/work/key/key/key.core/../key.ui/examples/standard_key/staticInitialisation/initializedSubclassImpliesInitializedSuperclass.key 
557887     DEBUG main            d.u.i.k.p.i.AbstractProblemLoader Environment load took 51.3ns 
557889     INFO  main            d.u.i.k.p.i.AbstractProblemLoader Creating init config 
557909     WARN  main            d.u.i.k.j.r.KeYCrossReferenceNameInfo Datatype java.io.PrintStream declared twice: Once in FILE:/home/runner/work/key/key/key.core/../key.ui/examples/standard_key/staticInitialisation/classpath/PrintStream.java and once in URL:file:/home/runner/work/key/key/key.core/build/resources/main/de/uka/ilkd/key/java/JavaRedux/java/io/PrintStream.java, Keeping one from URL:file:/home/runner/work/key/key/key.core/build/resources/main/de/uka/ilkd/key/java/JavaRedux/java/io/PrintStream.java 
557909     WARN  main            d.u.i.k.j.r.KeYCrossReferenceNameInfo Datatype java.lang.System declared twice: Once in FILE:/home/runner/work/key/key/key.core/../key.ui/examples/standard_key/staticInitialisation/classpath/System.java and once in URL:file:/home/runner/work/key/key/key.core/build/resources/main/de/uka/ilkd/key/java/JavaRedux/java/lang/System.java, Keeping one from URL:file:/home/runner/work/key/key/key.core/build/resources/main/de/uka/ilkd/key/java/JavaRedux/java/lang/System.java 
560221     DEBUG main            d.u.i.k.p.i.AbstractProblemLoader Init config took 2.33s 
560233     INFO  main            d.u.i.k.p.i.AbstractProblemLoader Replaying proof initializedSubclassImpliesInitializedSuperclass.key 
560234     DEBUG main            d.u.i.k.p.i.IntermediateProofReplayer Proof replay took 2.6ns 
560335     INFO  main            d.u.i.k.p.r.p.TestFile    ... finished proof: closed. 
560800     INFO  main            d.u.i.k.p.i.AbstractProblemLoader Loading environment from /home/runner/work/key/key/key.core/../key.ui/examples/standard_key/staticInitialisation/initializedSubclassImpliesInitializedSuperclass.key.proof 
560800     DEBUG main            d.u.i.k.p.i.AbstractProblemLoader Environment load took 67.2ns 
560801     INFO  main            d.u.i.k.p.i.AbstractProblemLoader Creating init config 
560818     WARN  main            d.u.i.k.j.r.KeYCrossReferenceNameInfo Datatype java.io.PrintStream declared twice: Once in FILE:/home/runner/work/key/key/key.core/../key.ui/examples/standard_key/staticInitialisation/classpath/PrintStream.java and once in URL:file:/home/runner/work/key/key/key.core/build/resources/main/de/uka/ilkd/key/java/JavaRedux/java/io/PrintStream.java, Keeping one from URL:file:/home/runner/work/key/key/key.core/build/resources/main/de/uka/ilkd/key/java/JavaRedux/java/io/PrintStream.java 
560818     WARN  main            d.u.i.k.j.r.KeYCrossReferenceNameInfo Datatype java.lang.System declared twice: Once in FILE:/home/runner/work/key/key/key.core/../key.ui/examples/standard_key/staticInitialisation/classpath/System.java and once in URL:file:/home/runner/work/key/key/key.core/build/resources/main/de/uka/ilkd/key/java/JavaRedux/java/lang/System.java, Keeping one from URL:file:/home/runner/work/key/key/key.core/build/resources/main/de/uka/ilkd/key/java/JavaRedux/java/lang/System.java 
563007     DEBUG main            d.u.i.k.p.i.AbstractProblemLoader Init config took 2.21s 
563019     INFO  main            d.u.i.k.p.i.AbstractProblemLoader Replaying proof initializedSubclassImpliesInitializedSuperclass.key.proof 
563020     DEBUG main            d.u.i.k.p.i.IntermediateProofReplayer Proof replay took 314.8ns 
563021     DEBUG main            d.u.i.k.p.r.p.TestFile    ... success: reloaded. 
563022     INFO  main            d.u.i.k.p.r.p.TestFile    Now processing file /home/runner/work/key/key/key.core/../key.ui/examples/standard_key/staticInitialisation/localDeclared.key 
563022     INFO  main            d.u.i.k.p.i.AbstractProblemLoader Loading environment from /home/runner/work/key/key/key.core/../key.ui/examples/standard_key/staticInitialisation/localDeclared.key 
563022     DEBUG main            d.u.i.k.p.i.AbstractProblemLoader Environment load took 49.6ns 
563023     INFO  main            d.u.i.k.p.i.AbstractProblemLoader Creating init config 
563040     WARN  main            d.u.i.k.j.r.KeYCrossReferenceNameInfo Datatype java.io.PrintStream declared twice: Once in FILE:/home/runner/work/key/key/key.core/../key.ui/examples/standard_key/staticInitialisation/classpath/PrintStream.java and once in URL:file:/home/runner/work/key/key/key.core/build/resources/main/de/uka/ilkd/key/java/JavaRedux/java/io/PrintStream.java, Keeping one from URL:file:/home/runner/work/key/key/key.core/build/resources/main/de/uka/ilkd/key/java/JavaRedux/java/io/PrintStream.java 
563040     WARN  main            d.u.i.k.j.r.KeYCrossReferenceNameInfo Datatype java.lang.System declared twice: Once in FILE:/home/runner/work/key/key/key.core/../key.ui/examples/standard_key/staticInitialisation/classpath/System.java and once in URL:file:/home/runner/work/key/key/key.core/build/resources/main/de/uka/ilkd/key/java/JavaRedux/java/lang/System.java, Keeping one from URL:file:/home/runner/work/key/key/key.core/build/resources/main/de/uka/ilkd/key/java/JavaRedux/java/lang/System.java 
565346     DEBUG main            d.u.i.k.p.i.AbstractProblemLoader Init config took 2.32s 
565359     INFO  main            d.u.i.k.p.i.AbstractProblemLoader Replaying proof localDeclared.key 
565360     DEBUG main            d.u.i.k.p.i.IntermediateProofReplayer Proof replay took 2.9ns 
565663     INFO  main            d.u.i.k.p.r.p.TestFile    ... finished proof: closed. 
566150     INFO  main            d.u.i.k.p.i.AbstractProblemLoader Loading environment from /home/runner/work/key/key/key.core/../key.ui/examples/standard_key/staticInitialisation/localDeclared.key.proof 
566150     DEBUG main            d.u.i.k.p.i.AbstractProblemLoader Environment load took 91.1ns 
566151     INFO  main            d.u.i.k.p.i.AbstractProblemLoader Creating init config 
566169     WARN  main            d.u.i.k.j.r.KeYCrossReferenceNameInfo Datatype java.io.PrintStream declared twice: Once in FILE:/home/runner/work/key/key/key.core/../key.ui/examples/standard_key/staticInitialisation/classpath/PrintStream.java and once in URL:file:/home/runner/work/key/key/key.core/build/resources/main/de/uka/ilkd/key/java/JavaRedux/java/io/PrintStream.java, Keeping one from URL:file:/home/runner/work/key/key/key.core/build/resources/main/de/uka/ilkd/key/java/JavaRedux/java/io/PrintStream.java 
566169     WARN  main            d.u.i.k.j.r.KeYCrossReferenceNameInfo Datatype java.lang.System declared twice: Once in FILE:/home/runner/work/key/key/key.core/../key.ui/examples/standard_key/staticInitialisation/classpath/System.java and once in URL:file:/home/runner/work/key/key/key.core/build/resources/main/de/uka/ilkd/key/java/JavaRedux/java/lang/System.java, Keeping one from URL:file:/home/runner/work/key/key/key.core/build/resources/main/de/uka/ilkd/key/java/JavaRedux/java/lang/System.java 
568429     DEBUG main            d.u.i.k.p.i.AbstractProblemLoader Init config took 2.28s 
568444     INFO  main            d.u.i.k.p.i.AbstractProblemLoader Replaying proof localDeclared.key.proof 
568485     DEBUG main            d.u.i.k.p.i.IntermediateProofReplayer Proof replay took 38.98ms 
568486     DEBUG main            d.u.i.k.p.r.p.TestFile    ... success: reloaded. 
568487     INFO  main            d.u.i.k.p.r.p.TestFile    Now processing file /home/runner/work/key/key/key.core/../key.ui/examples/standard_key/staticInitialisation/localDeclaredMethod.key 
568487     INFO  main            d.u.i.k.p.i.AbstractProblemLoader Loading environment from /home/runner/work/key/key/key.core/../key.ui/examples/standard_key/staticInitialisation/localDeclaredMethod.key 
568487     DEBUG main            d.u.i.k.p.i.AbstractProblemLoader Environment load took 88.6ns 
568488     INFO  main            d.u.i.k.p.i.AbstractProblemLoader Creating init config 
568505     WARN  main            d.u.i.k.j.r.KeYCrossReferenceNameInfo Datatype java.io.PrintStream declared twice: Once in FILE:/home/runner/work/key/key/key.core/../key.ui/examples/standard_key/staticInitialisation/classpath/PrintStream.java and once in URL:file:/home/runner/work/key/key/key.core/build/resources/main/de/uka/ilkd/key/java/JavaRedux/java/io/PrintStream.java, Keeping one from URL:file:/home/runner/work/key/key/key.core/build/resources/main/de/uka/ilkd/key/java/JavaRedux/java/io/PrintStream.java 
568506     WARN  main            d.u.i.k.j.r.KeYCrossReferenceNameInfo Datatype java.lang.System declared twice: Once in FILE:/home/runner/work/key/key/key.core/../key.ui/examples/standard_key/staticInitialisation/classpath/System.java and once in URL:file:/home/runner/work/key/key/key.core/build/resources/main/de/uka/ilkd/key/java/JavaRedux/java/lang/System.java, Keeping one from URL:file:/home/runner/work/key/key/key.core/build/resources/main/de/uka/ilkd/key/java/JavaRedux/java/lang/System.java 
570723     DEBUG main            d.u.i.k.p.i.AbstractProblemLoader Init config took 2.23s 
570737     INFO  main            d.u.i.k.p.i.AbstractProblemLoader Replaying proof localDeclaredMethod.key 
570738     DEBUG main            d.u.i.k.p.i.IntermediateProofReplayer Proof replay took 3ns 
571041     INFO  main            d.u.i.k.p.r.p.TestFile    ... finished proof: closed. 
571543     INFO  main            d.u.i.k.p.i.AbstractProblemLoader Loading environment from /home/runner/work/key/key/key.core/../key.ui/examples/standard_key/staticInitialisation/localDeclaredMethod.key.proof 
571543     DEBUG main            d.u.i.k.p.i.AbstractProblemLoader Environment load took 80ns 
571544     INFO  main            d.u.i.k.p.i.AbstractProblemLoader Creating init config 
571561     WARN  main            d.u.i.k.j.r.KeYCrossReferenceNameInfo Datatype java.io.PrintStream declared twice: Once in FILE:/home/runner/work/key/key/key.core/../key.ui/examples/standard_key/staticInitialisation/classpath/PrintStream.java and once in URL:file:/home/runner/work/key/key/key.core/build/resources/main/de/uka/ilkd/key/java/JavaRedux/java/io/PrintStream.java, Keeping one from URL:file:/home/runner/work/key/key/key.core/build/resources/main/de/uka/ilkd/key/java/JavaRedux/java/io/PrintStream.java 
571561     WARN  main            d.u.i.k.j.r.KeYCrossReferenceNameInfo Datatype java.lang.System declared twice: Once in FILE:/home/runner/work/key/key/key.core/../key.ui/examples/standard_key/staticInitialisation/classpath/System.java and once in URL:file:/home/runner/work/key/key/key.core/build/resources/main/de/uka/ilkd/key/java/JavaRedux/java/lang/System.java, Keeping one from URL:file:/home/runner/work/key/key/key.core/build/resources/main/de/uka/ilkd/key/java/JavaRedux/java/lang/System.java 
573807     DEBUG main            d.u.i.k.p.i.AbstractProblemLoader Init config took 2.26s 
573820     INFO  main            d.u.i.k.p.i.AbstractProblemLoader Replaying proof localDeclaredMethod.key.proof 
573858     DEBUG main            d.u.i.k.p.i.IntermediateProofReplayer Proof replay took 35.56ms 
573859     DEBUG main            d.u.i.k.p.r.p.TestFile    ... success: reloaded. 
573859     INFO  main            d.u.i.k.p.r.p.TestFile    Now processing file /home/runner/work/key/key/key.core/../key.ui/examples/standard_key/staticInitialisation/objectOfErroneousClass.key 
573859     INFO  main            d.u.i.k.p.i.AbstractProblemLoader Loading environment from /home/runner/work/key/key/key.core/../key.ui/examples/standard_key/staticInitialisation/objectOfErroneousClass.key 
573859     DEBUG main            d.u.i.k.p.i.AbstractProblemLoader Environment load took 78ns 
573861     INFO  main            d.u.i.k.p.i.AbstractProblemLoader Creating init config 
573877     WARN  main            d.u.i.k.j.r.KeYCrossReferenceNameInfo Datatype java.io.PrintStream declared twice: Once in FILE:/home/runner/work/key/key/key.core/../key.ui/examples/standard_key/staticInitialisation/classpath/PrintStream.java and once in URL:file:/home/runner/work/key/key/key.core/build/resources/main/de/uka/ilkd/key/java/JavaRedux/java/io/PrintStream.java, Keeping one from URL:file:/home/runner/work/key/key/key.core/build/resources/main/de/uka/ilkd/key/java/JavaRedux/java/io/PrintStream.java 
573877     WARN  main            d.u.i.k.j.r.KeYCrossReferenceNameInfo Datatype java.lang.System declared twice: Once in FILE:/home/runner/work/key/key/key.core/../key.ui/examples/standard_key/staticInitialisation/classpath/System.java and once in URL:file:/home/runner/work/key/key/key.core/build/resources/main/de/uka/ilkd/key/java/JavaRedux/java/lang/System.java, Keeping one from URL:file:/home/runner/work/key/key/key.core/build/resources/main/de/uka/ilkd/key/java/JavaRedux/java/lang/System.java 
576099     DEBUG main            d.u.i.k.p.i.AbstractProblemLoader Init config took 2.24s 
576113     INFO  main            d.u.i.k.p.i.AbstractProblemLoader Replaying proof objectOfErroneousClass.key 
576115     DEBUG main            d.u.i.k.p.i.IntermediateProofReplayer Proof replay took 2.5ns 
589002     INFO  main            d.u.i.k.p.r.p.TestFile    ... finished proof: closed. 
589560     INFO  main            d.u.i.k.p.i.AbstractProblemLoader Loading environment from /home/runner/work/key/key/key.core/../key.ui/examples/standard_key/staticInitialisation/objectOfErroneousClass.key.proof 
589561     DEBUG main            d.u.i.k.p.i.AbstractProblemLoader Environment load took 136.3ns 
589564     INFO  main            d.u.i.k.p.i.AbstractProblemLoader Creating init config 
589584     WARN  main            d.u.i.k.j.r.KeYCrossReferenceNameInfo Datatype java.io.PrintStream declared twice: Once in FILE:/home/runner/work/key/key/key.core/../key.ui/examples/standard_key/staticInitialisation/classpath/PrintStream.java and once in URL:file:/home/runner/work/key/key/key.core/build/resources/main/de/uka/ilkd/key/java/JavaRedux/java/io/PrintStream.java, Keeping one from URL:file:/home/runner/work/key/key/key.core/build/resources/main/de/uka/ilkd/key/java/JavaRedux/java/io/PrintStream.java 
589584     WARN  main            d.u.i.k.j.r.KeYCrossReferenceNameInfo Datatype java.lang.System declared twice: Once in FILE:/home/runner/work/key/key/key.core/../key.ui/examples/standard_key/staticInitialisation/classpath/System.java and once in URL:file:/home/runner/work/key/key/key.core/build/resources/main/de/uka/ilkd/key/java/JavaRedux/java/lang/System.java, Keeping one from URL:file:/home/runner/work/key/key/key.core/build/resources/main/de/uka/ilkd/key/java/JavaRedux/java/lang/System.java 
591782     DEBUG main            d.u.i.k.p.i.AbstractProblemLoader Init config took 2.22s 
591797     INFO  main            d.u.i.k.p.i.AbstractProblemLoader Replaying proof objectOfErroneousClass.key.proof 
593138     DEBUG main            d.u.i.k.p.i.IntermediateProofReplayer Proof replay took 1.31s 
593141     DEBUG main            d.u.i.k.p.r.p.TestFile    ... success: reloaded. 
593142     INFO  main            d.u.i.k.p.r.p.TestFile    Now processing file /home/runner/work/key/key/key.core/../key.ui/examples/standard_key/staticInitialisation/staticInitialisersAreNonSimple.key 
593143     INFO  main            d.u.i.k.p.i.AbstractProblemLoader Loading environment from /home/runner/work/key/key/key.core/../key.ui/examples/standard_key/staticInitialisation/staticInitialisersAreNonSimple.key 
593143     DEBUG main            d.u.i.k.p.i.AbstractProblemLoader Environment load took 40.6ns 
593144     INFO  main            d.u.i.k.p.i.AbstractProblemLoader Creating init config 
593161     WARN  main            d.u.i.k.j.r.KeYCrossReferenceNameInfo Datatype java.io.PrintStream declared twice: Once in FILE:/home/runner/work/key/key/key.core/../key.ui/examples/standard_key/staticInitialisation/classpath/PrintStream.java and once in URL:file:/home/runner/work/key/key/key.core/build/resources/main/de/uka/ilkd/key/java/JavaRedux/java/io/PrintStream.java, Keeping one from URL:file:/home/runner/work/key/key/key.core/build/resources/main/de/uka/ilkd/key/java/JavaRedux/java/io/PrintStream.java 
593161     WARN  main            d.u.i.k.j.r.KeYCrossReferenceNameInfo Datatype java.lang.System declared twice: Once in FILE:/home/runner/work/key/key/key.core/../key.ui/examples/standard_key/staticInitialisation/classpath/System.java and once in URL:file:/home/runner/work/key/key/key.core/build/resources/main/de/uka/ilkd/key/java/JavaRedux/java/lang/System.java, Keeping one from URL:file:/home/runner/work/key/key/key.core/build/resources/main/de/uka/ilkd/key/java/JavaRedux/java/lang/System.java 
595416     DEBUG main            d.u.i.k.p.i.AbstractProblemLoader Init config took 2.27s 
595430     INFO  main            d.u.i.k.p.i.AbstractProblemLoader Replaying proof staticInitialisersAreNonSimple.key 
595431     DEBUG main            d.u.i.k.p.i.IntermediateProofReplayer Proof replay took 2.1ns 
595734     INFO  main            d.u.i.k.p.r.p.TestFile    ... finished proof: closed. 
596311     INFO  main            d.u.i.k.p.i.AbstractProblemLoader Loading environment from /home/runner/work/key/key/key.core/../key.ui/examples/standard_key/staticInitialisation/staticInitialisersAreNonSimple.key.proof 
596311     DEBUG main            d.u.i.k.p.i.AbstractProblemLoader Environment load took 73.4ns 
596313     INFO  main            d.u.i.k.p.i.AbstractProblemLoader Creating init config 
596331     WARN  main            d.u.i.k.j.r.KeYCrossReferenceNameInfo Datatype java.io.PrintStream declared twice: Once in FILE:/home/runner/work/key/key/key.core/../key.ui/examples/standard_key/staticInitialisation/classpath/PrintStream.java and once in URL:file:/home/runner/work/key/key/key.core/build/resources/main/de/uka/ilkd/key/java/JavaRedux/java/io/PrintStream.java, Keeping one from URL:file:/home/runner/work/key/key/key.core/build/resources/main/de/uka/ilkd/key/java/JavaRedux/java/io/PrintStream.java 
596331     WARN  main            d.u.i.k.j.r.KeYCrossReferenceNameInfo Datatype java.lang.System declared twice: Once in FILE:/home/runner/work/key/key/key.core/../key.ui/examples/standard_key/staticInitialisation/classpath/System.java and once in URL:file:/home/runner/work/key/key/key.core/build/resources/main/de/uka/ilkd/key/java/JavaRedux/java/lang/System.java, Keeping one from URL:file:/home/runner/work/key/key/key.core/build/resources/main/de/uka/ilkd/key/java/JavaRedux/java/lang/System.java 
598517     DEBUG main            d.u.i.k.p.i.AbstractProblemLoader Init config took 2.2s 
598531     INFO  main            d.u.i.k.p.i.AbstractProblemLoader Replaying proof staticInitialisersAreNonSimple.key.proof 
598599     DEBUG main            d.u.i.k.p.i.IntermediateProofReplayer Proof replay took 66.1ms 
598600     DEBUG main            d.u.i.k.p.r.p.TestFile    ... success: reloaded. 
598601     INFO  main            d.u.i.k.p.r.p.TestFile    Now processing file /home/runner/work/key/key/key.core/../key.ui/examples/standard_key/types/disjoint.key 
598601     INFO  main            d.u.i.k.p.i.AbstractProblemLoader Loading environment from /home/runner/work/key/key/key.core/../key.ui/examples/standard_key/types/disjoint.key 
598601     DEBUG main            d.u.i.k.p.i.AbstractProblemLoader Environment load took 53.2ns 
598602     INFO  main            d.u.i.k.p.i.AbstractProblemLoader Creating init config 
600773     DEBUG main            d.u.i.k.p.i.AbstractProblemLoader Init config took 2.17s 
600784     INFO  main            d.u.i.k.p.i.AbstractProblemLoader Replaying proof disjoint.key 
600785     DEBUG main            d.u.i.k.p.i.IntermediateProofReplayer Proof replay took 2.6ns 
600887     INFO  main            d.u.i.k.p.r.p.TestFile    ... finished proof: closed. 
601396     INFO  main            d.u.i.k.p.i.AbstractProblemLoader Loading environment from /home/runner/work/key/key/key.core/../key.ui/examples/standard_key/types/disjoint.key.proof 
601396     DEBUG main            d.u.i.k.p.i.AbstractProblemLoader Environment load took 64.7ns 
601397     INFO  main            d.u.i.k.p.i.AbstractProblemLoader Creating init config 
603532     DEBUG main            d.u.i.k.p.i.AbstractProblemLoader Init config took 2.13s 
603544     INFO  main            d.u.i.k.p.i.AbstractProblemLoader Replaying proof disjoint.key.proof 
603545     DEBUG main            d.u.i.k.p.i.IntermediateProofReplayer Proof replay took 256ns 
603546     DEBUG main            d.u.i.k.p.r.p.TestFile    ... success: reloaded. 
603546     INFO  main            d.u.i.k.p.r.p.TestFile    Now processing file /home/runner/work/key/key/key.core/../key.ui/examples/../../key.core/src/test/resources/testcase/classpath/classpath.key 
603546     INFO  main            d.u.i.k.p.i.AbstractProblemLoader Loading environment from /home/runner/work/key/key/key.core/../key.ui/examples/../../key.core/src/test/resources/testcase/classpath/classpath.key 
603546     DEBUG main            d.u.i.k.p.i.AbstractProblemLoader Environment load took 94.4ns 
603547     INFO  main            d.u.i.k.p.i.AbstractProblemLoader Creating init config 
603567     WARN  main            d.u.i.k.j.r.KeYCrossReferenceNameInfo Datatype cp.C declared twice: Once in FILE:/home/runner/work/key/key/key.core/../key.ui/examples/../../key.core/src/test/resources/testcase/classpath/classpath/C.class and once in FILE:/home/runner/work/key/key/key.core/../key.ui/examples/../../key.core/src/test/resources/testcase/classpath/classpath/C.jml, Keeping one from FILE:/home/runner/work/key/key/key.core/../key.ui/examples/../../key.core/src/test/resources/testcase/classpath/classpath/C.jml 
603569     DEBUG main            d.u.i.k.j.r.ClassFileDeclarationBuilder Parsing: package cp; public class Unresolved1 { } 
603570     DEBUG main            r.s.KeYCrossReferenceSourceInfo Dynamically created class: cp.Unresolved1 
603570     DEBUG main            d.u.i.k.j.r.ClassFileDeclarationBuilder Parsing: package cp; public class Unresolved2 { } 
603570     DEBUG main            r.s.KeYCrossReferenceSourceInfo Dynamically created class: cp.Unresolved2 
605872     DEBUG main            d.u.i.k.p.i.AbstractProblemLoader Init config took 2.33s 
605886     INFO  main            d.u.i.k.p.i.AbstractProblemLoader Replaying proof classpath.key 
605887     DEBUG main            d.u.i.k.p.i.IntermediateProofReplayer Proof replay took 2.1ns 
605993     INFO  main            d.u.i.k.p.r.p.TestFile    ... finished proof: closed. 
606497     INFO  main            d.u.i.k.p.i.AbstractProblemLoader Loading environment from /home/runner/work/key/key/key.core/../key.ui/examples/../../key.core/src/test/resources/testcase/classpath/classpath.key.proof 
606497     DEBUG main            d.u.i.k.p.i.AbstractProblemLoader Environment load took 67.4ns 
606498     INFO  main            d.u.i.k.p.i.AbstractProblemLoader Creating init config 
606525     WARN  main            d.u.i.k.j.r.KeYCrossReferenceNameInfo Datatype cp.C declared twice: Once in FILE:/home/runner/work/key/key/key.core/../key.ui/examples/../../key.core/src/test/resources/testcase/classpath/classpath/C.class and once in FILE:/home/runner/work/key/key/key.core/../key.ui/examples/../../key.core/src/test/resources/testcase/classpath/classpath/C.jml, Keeping one from FILE:/home/runner/work/key/key/key.core/../key.ui/examples/../../key.core/src/test/resources/testcase/classpath/classpath/C.jml 
606528     DEBUG main            d.u.i.k.j.r.ClassFileDeclarationBuilder Parsing: package cp; public class Unresolved1 { } 
606529     DEBUG main            r.s.KeYCrossReferenceSourceInfo Dynamically created class: cp.Unresolved1 
606529     DEBUG main            d.u.i.k.j.r.ClassFileDeclarationBuilder Parsing: package cp; public class Unresolved2 { } 
606529     DEBUG main            r.s.KeYCrossReferenceSourceInfo Dynamically created class: cp.Unresolved2 
608795     DEBUG main            d.u.i.k.p.i.AbstractProblemLoader Init config took 2.3s 
608808     INFO  main            d.u.i.k.p.i.AbstractProblemLoader Replaying proof classpath.key.proof 
608810     DEBUG main            d.u.i.k.p.i.IntermediateProofReplayer Proof replay took 411.2ns 
608811     DEBUG main            d.u.i.k.p.r.p.TestFile    ... success: reloaded. 
608811     INFO  main            d.u.i.k.p.r.p.TestFile    Now processing file /home/runner/work/key/key/key.core/../key.ui/examples/heap/inconsistent_represents/MyClass_m.key 
608812     INFO  main            d.u.i.k.p.i.AbstractProblemLoader Loading environment from /home/runner/work/key/key/key.core/../key.ui/examples/heap/inconsistent_represents/MyClass_m.key 
608812     DEBUG main            d.u.i.k.p.i.AbstractProblemLoader Environment load took 61.3ns 
608812     INFO  main            d.u.i.k.p.i.AbstractProblemLoader Creating init config 
611161     DEBUG main            d.u.i.k.p.i.AbstractProblemLoader Init config took 2.35s 
611195     INFO  main            d.u.i.k.p.i.AbstractProblemLoader Replaying proof MyClass[MyClass::m()].JML operation contract.0 
611196     DEBUG main            d.u.i.k.p.i.IntermediateProofReplayer Proof replay took 2.1ns 
611297     INFO  main            d.u.i.k.p.r.p.TestFile    ... finished proof: open goal(s) 
611814     INFO  main            d.u.i.k.p.r.p.TestFile    Now processing file /home/runner/work/key/key/key.core/../key.ui/examples/heap/inconsistent_represents/MyClass_n.key 
611814     INFO  main            d.u.i.k.p.i.AbstractProblemLoader Loading environment from /home/runner/work/key/key/key.core/../key.ui/examples/heap/inconsistent_represents/MyClass_n.key 
611814     DEBUG main            d.u.i.k.p.i.AbstractProblemLoader Environment load took 53.6ns 
611815     INFO  main            d.u.i.k.p.i.AbstractProblemLoader Creating init config 
614042     DEBUG main            d.u.i.k.p.i.AbstractProblemLoader Init config took 2.23s 
614074     INFO  main            d.u.i.k.p.i.AbstractProblemLoader Replaying proof MyClass[MyClass::n()].JML operation contract.0 
614076     DEBUG main            d.u.i.k.p.i.IntermediateProofReplayer Proof replay took 2.5ns 
614182     INFO  main            d.u.i.k.p.r.p.TestFile    ... finished proof: open goal(s) 
3491728    INFO  Test worker     d.u.i.k.p.r.RunAllProofsTestUnit Returning from test javadl 
3491731    INFO  Test worker     d.u.i.k.p.r.RunAllProofsTestUnit Running test FOL 
423        INFO  Timeout watchdog d.u.i.k.p.r.p.ForkedTestFileRunner Timeout watcher launched (2000 secs.) 
433        WARN  main            d.u.i.k.s.ProofSettings   The settings in /home/runner/.key/proof-settings.props are *not* read. 
469        INFO  main            d.u.i.k.p.r.p.TestFile    Now processing file /home/runner/work/key/key/key.core/../key.ui/examples/standard_key/pred_log/count.key 
571        INFO  main            d.u.i.k.p.i.AbstractProblemLoader Loading environment from /home/runner/work/key/key/key.core/../key.ui/examples/standard_key/pred_log/count.key 
594        DEBUG main            d.u.i.k.p.i.AbstractProblemLoader Environment load took 2.09ms 
822        INFO  main            d.u.i.k.p.i.AbstractProblemLoader Creating init config 
1675       DEBUG main            d.u.i.k.j.TypeConverter   No LDT found for Meta 
1676       DEBUG main            d.u.i.k.j.TypeConverter   No LDT found for Meta 
1677       DEBUG main            d.u.i.k.j.TypeConverter   No LDT found for Meta 
1677       DEBUG main            d.u.i.k.j.TypeConverter   No LDT found for Meta 
2989       DEBUG main            d.u.i.k.j.TypeConverter   No LDT found for JavaBigintExpression 
8108       DEBUG main            d.u.i.k.p.i.AbstractProblemLoader Init config took 7.29s 
8177       INFO  main            d.u.i.k.p.i.AbstractProblemLoader Replaying proof count.key 
8208       DEBUG main            d.u.i.k.p.i.IntermediateProofReplayer Proof replay took 37.2ns 
8375       INFO  main            d.u.i.k.p.r.p.TestFile    ... finished proof: closed. 
8476       INFO  main            d.u.i.k.p.i.AbstractProblemLoader Loading environment from /home/runner/work/key/key/key.core/../key.ui/examples/standard_key/pred_log/count.key.proof 
8476       DEBUG main            d.u.i.k.p.i.AbstractProblemLoader Environment load took 164.3ns 
8479       INFO  main            d.u.i.k.p.i.AbstractProblemLoader Creating init config 
11156      DEBUG main            d.u.i.k.p.i.AbstractProblemLoader Init config took 2.68s 
11202      INFO  main            d.u.i.k.p.i.AbstractProblemLoader Replaying proof count.key.proof 
11212      DEBUG main            d.u.i.k.p.i.IntermediateProofReplayer Proof replay took 5.27ms 
11223      DEBUG main            d.u.i.k.p.r.p.TestFile    ... success: reloaded. 
11225      INFO  main            d.u.i.k.p.r.p.TestFile    Now processing file /home/runner/work/key/key/key.core/../key.ui/examples/standard_key/pred_log/count2.key 
11225      INFO  main            d.u.i.k.p.i.AbstractProblemLoader Loading environment from /home/runner/work/key/key/key.core/../key.ui/examples/standard_key/pred_log/count2.key 
11225      DEBUG main            d.u.i.k.p.i.AbstractProblemLoader Environment load took 99.5ns 
11228      INFO  main            d.u.i.k.p.i.AbstractProblemLoader Creating init config 
14017      DEBUG main            d.u.i.k.p.i.AbstractProblemLoader Init config took 2.79s 
14055      INFO  main            d.u.i.k.p.i.AbstractProblemLoader Replaying proof count2.key 
14062      DEBUG main            d.u.i.k.p.i.IntermediateProofReplayer Proof replay took 7.3ns 
14168      INFO  main            d.u.i.k.p.r.p.TestFile    ... finished proof: closed. 
14283      INFO  main            d.u.i.k.p.i.AbstractProblemLoader Loading environment from /home/runner/work/key/key/key.core/../key.ui/examples/standard_key/pred_log/count2.key.proof 
14284      DEBUG main            d.u.i.k.p.i.AbstractProblemLoader Environment load took 140.2ns 
14293      INFO  main            d.u.i.k.p.i.AbstractProblemLoader Creating init config 
16876      DEBUG main            d.u.i.k.p.i.AbstractProblemLoader Init config took 2.58s 
16899      INFO  main            d.u.i.k.p.i.AbstractProblemLoader Replaying proof count2.key.proof 
16903      DEBUG main            d.u.i.k.p.i.IntermediateProofReplayer Proof replay took 2.27ms 
16904      DEBUG main            d.u.i.k.p.r.p.TestFile    ... success: reloaded. 
16905      INFO  main            d.u.i.k.p.r.p.TestFile    Now processing file /home/runner/work/key/key/key.core/../key.ui/examples/standard_key/pred_log/count3.key 
16905      INFO  main            d.u.i.k.p.i.AbstractProblemLoader Loading environment from /home/runner/work/key/key/key.core/../key.ui/examples/standard_key/pred_log/count3.key 
16905      DEBUG main            d.u.i.k.p.i.AbstractProblemLoader Environment load took 160.3ns 
16906      INFO  main            d.u.i.k.p.i.AbstractProblemLoader Creating init config 
19537      DEBUG main            d.u.i.k.p.i.AbstractProblemLoader Init config took 2.63s 
19562      INFO  main            d.u.i.k.p.i.AbstractProblemLoader Replaying proof count3.key 
19566      DEBUG main            d.u.i.k.p.i.IntermediateProofReplayer Proof replay took 6.9ns 
19669      INFO  main            d.u.i.k.p.r.p.TestFile    ... finished proof: closed. 
19791      INFO  main            d.u.i.k.p.i.AbstractProblemLoader Loading environment from /home/runner/work/key/key/key.core/../key.ui/examples/standard_key/pred_log/count3.key.proof 
19791      DEBUG main            d.u.i.k.p.i.AbstractProblemLoader Environment load took 107.8ns 
19792      INFO  main            d.u.i.k.p.i.AbstractProblemLoader Creating init config 
22353      DEBUG main            d.u.i.k.p.i.AbstractProblemLoader Init config took 2.56s 
22372      INFO  main            d.u.i.k.p.i.AbstractProblemLoader Replaying proof count3.key.proof 
22376      DEBUG main            d.u.i.k.p.i.IntermediateProofReplayer Proof replay took 2.03ms 
22377      DEBUG main            d.u.i.k.p.r.p.TestFile    ... success: reloaded. 
22378      INFO  main            d.u.i.k.p.r.p.TestFile    Now processing file /home/runner/work/key/key/key.core/../key.ui/examples/standard_key/pred_log/equalities.key 
22378      INFO  main            d.u.i.k.p.i.AbstractProblemLoader Loading environment from /home/runner/work/key/key/key.core/../key.ui/examples/standard_key/pred_log/equalities.key 
22378      DEBUG main            d.u.i.k.p.i.AbstractProblemLoader Environment load took 73.7ns 
22379      INFO  main            d.u.i.k.p.i.AbstractProblemLoader Creating init config 
24946      DEBUG main            d.u.i.k.p.i.AbstractProblemLoader Init config took 2.57s 
24964      INFO  main            d.u.i.k.p.i.AbstractProblemLoader Replaying proof equalities.key 
24966      DEBUG main            d.u.i.k.p.i.IntermediateProofReplayer Proof replay took 6.9ns 
25068      INFO  main            d.u.i.k.p.r.p.TestFile    ... finished proof: closed. 
25203      INFO  main            d.u.i.k.p.i.AbstractProblemLoader Loading environment from /home/runner/work/key/key/key.core/../key.ui/examples/standard_key/pred_log/equalities.key.proof 
25203      DEBUG main            d.u.i.k.p.i.AbstractProblemLoader Environment load took 106.6ns 
25204      INFO  main            d.u.i.k.p.i.AbstractProblemLoader Creating init config 
27715      DEBUG main            d.u.i.k.p.i.AbstractProblemLoader Init config took 2.51s 
27734      INFO  main            d.u.i.k.p.i.AbstractProblemLoader Replaying proof equalities.key.proof 
27737      DEBUG main            d.u.i.k.p.i.IntermediateProofReplayer Proof replay took 1.17ms 
27738      DEBUG main            d.u.i.k.p.r.p.TestFile    ... success: reloaded. 
27738      INFO  main            d.u.i.k.p.r.p.TestFile    Now processing file /home/runner/work/key/key/key.core/../key.ui/examples/standard_key/pred_log/equalities2.key 
27739      INFO  main            d.u.i.k.p.i.AbstractProblemLoader Loading environment from /home/runner/work/key/key/key.core/../key.ui/examples/standard_key/pred_log/equalities2.key 
27739      DEBUG main            d.u.i.k.p.i.AbstractProblemLoader Environment load took 74.1ns 
27740      INFO  main            d.u.i.k.p.i.AbstractProblemLoader Creating init config 
30252      DEBUG main            d.u.i.k.p.i.AbstractProblemLoader Init config took 2.51s 
30270      INFO  main            d.u.i.k.p.i.AbstractProblemLoader Replaying proof equalities2.key 
30271      DEBUG main            d.u.i.k.p.i.IntermediateProofReplayer Proof replay took 7.3ns 
30374      INFO  main            d.u.i.k.p.r.p.TestFile    ... finished proof: closed. 
30526      INFO  main            d.u.i.k.p.i.AbstractProblemLoader Loading environment from /home/runner/work/key/key/key.core/../key.ui/examples/standard_key/pred_log/equalities2.key.proof 
30526      DEBUG main            d.u.i.k.p.i.AbstractProblemLoader Environment load took 113.4ns 
30527      INFO  main            d.u.i.k.p.i.AbstractProblemLoader Creating init config 
33063      DEBUG main            d.u.i.k.p.i.AbstractProblemLoader Init config took 2.54s 
33081      INFO  main            d.u.i.k.p.i.AbstractProblemLoader Replaying proof equalities2.key.proof 
33086      DEBUG main            d.u.i.k.p.i.IntermediateProofReplayer Proof replay took 2.9ms 
33087      DEBUG main            d.u.i.k.p.r.p.TestFile    ... success: reloaded. 
33088      INFO  main            d.u.i.k.p.r.p.TestFile    Now processing file /home/runner/work/key/key/key.core/../key.ui/examples/standard_key/pred_log/equalities3.key 
33089      INFO  main            d.u.i.k.p.i.AbstractProblemLoader Loading environment from /home/runner/work/key/key/key.core/../key.ui/examples/standard_key/pred_log/equalities3.key 
33089      DEBUG main            d.u.i.k.p.i.AbstractProblemLoader Environment load took 165.3ns 
33090      INFO  main            d.u.i.k.p.i.AbstractProblemLoader Creating init config 
35613      DEBUG main            d.u.i.k.p.i.AbstractProblemLoader Init config took 2.52s 
35630      INFO  main            d.u.i.k.p.i.AbstractProblemLoader Replaying proof equalities3.key 
35631      DEBUG main            d.u.i.k.p.i.IntermediateProofReplayer Proof replay took 7.1ns 
35734      INFO  main            d.u.i.k.p.r.p.TestFile    ... finished proof: closed. 
35874      INFO  main            d.u.i.k.p.i.AbstractProblemLoader Loading environment from /home/runner/work/key/key/key.core/../key.ui/examples/standard_key/pred_log/equalities3.key.proof 
35874      DEBUG main            d.u.i.k.p.i.AbstractProblemLoader Environment load took 105ns 
35875      INFO  main            d.u.i.k.p.i.AbstractProblemLoader Creating init config 
38340      DEBUG main            d.u.i.k.p.i.AbstractProblemLoader Init config took 2.46s 
38357      INFO  main            d.u.i.k.p.i.AbstractProblemLoader Replaying proof equalities3.key.proof 
38363      DEBUG main            d.u.i.k.p.i.IntermediateProofReplayer Proof replay took 4.2ms 
38364      DEBUG main            d.u.i.k.p.r.p.TestFile    ... success: reloaded. 
38365      INFO  main            d.u.i.k.p.r.p.TestFile    Now processing file /home/runner/work/key/key/key.core/../key.ui/examples/standard_key/pred_log/functions.key 
38365      INFO  main            d.u.i.k.p.i.AbstractProblemLoader Loading environment from /home/runner/work/key/key/key.core/../key.ui/examples/standard_key/pred_log/functions.key 
38366      DEBUG main            d.u.i.k.p.i.AbstractProblemLoader Environment load took 155.8ns 
38367      INFO  main            d.u.i.k.p.i.AbstractProblemLoader Creating init config 
40863      DEBUG main            d.u.i.k.p.i.AbstractProblemLoader Init config took 2.5s 
40879      INFO  main            d.u.i.k.p.i.AbstractProblemLoader Replaying proof functions.key 
40881      DEBUG main            d.u.i.k.p.i.IntermediateProofReplayer Proof replay took 6.4ns 
40982      INFO  main            d.u.i.k.p.r.p.TestFile    ... finished proof: closed. 
41124      INFO  main            d.u.i.k.p.i.AbstractProblemLoader Loading environment from /home/runner/work/key/key/key.core/../key.ui/examples/standard_key/pred_log/functions.key.proof 
41124      DEBUG main            d.u.i.k.p.i.AbstractProblemLoader Environment load took 101.1ns 
41125      INFO  main            d.u.i.k.p.i.AbstractProblemLoader Creating init config 
43552      DEBUG main            d.u.i.k.p.i.AbstractProblemLoader Init config took 2.43s 
43569      INFO  main            d.u.i.k.p.i.AbstractProblemLoader Replaying proof functions.key.proof 
43572      DEBUG main            d.u.i.k.p.i.IntermediateProofReplayer Proof replay took 1.67ms 
43573      DEBUG main            d.u.i.k.p.r.p.TestFile    ... success: reloaded. 
43573      INFO  main            d.u.i.k.p.r.p.TestFile    Now processing file /home/runner/work/key/key/key.core/../key.ui/examples/standard_key/pred_log/mv1.key 
43574      INFO  main            d.u.i.k.p.i.AbstractProblemLoader Loading environment from /home/runner/work/key/key/key.core/../key.ui/examples/standard_key/pred_log/mv1.key 
43574      DEBUG main            d.u.i.k.p.i.AbstractProblemLoader Environment load took 69.6ns 
43574      INFO  main            d.u.i.k.p.i.AbstractProblemLoader Creating init config 
46068      DEBUG main            d.u.i.k.p.i.AbstractProblemLoader Init config took 2.49s 
46084      INFO  main            d.u.i.k.p.i.AbstractProblemLoader Replaying proof mv1.key 
46086      DEBUG main            d.u.i.k.p.i.IntermediateProofReplayer Proof replay took 23.3ns 
46188      INFO  main            d.u.i.k.p.r.p.TestFile    ... finished proof: closed. 
46342      INFO  main            d.u.i.k.p.i.AbstractProblemLoader Loading environment from /home/runner/work/key/key/key.core/../key.ui/examples/standard_key/pred_log/mv1.key.proof 
46342      DEBUG main            d.u.i.k.p.i.AbstractProblemLoader Environment load took 106.6ns 
46343      INFO  main            d.u.i.k.p.i.AbstractProblemLoader Creating init config 
48774      DEBUG main            d.u.i.k.p.i.AbstractProblemLoader Init config took 2.43s 
48789      INFO  main            d.u.i.k.p.i.AbstractProblemLoader Replaying proof mv1.key.proof 
48795      DEBUG main            d.u.i.k.p.i.IntermediateProofReplayer Proof replay took 1.57ms 
48795      DEBUG main            d.u.i.k.p.r.p.TestFile    ... success: reloaded. 
48796      INFO  main            d.u.i.k.p.r.p.TestFile    Now processing file /home/runner/work/key/key/key.core/../key.ui/examples/standard_key/pred_log/mv2.key 
48797      INFO  main            d.u.i.k.p.i.AbstractProblemLoader Loading environment from /home/runner/work/key/key/key.core/../key.ui/examples/standard_key/pred_log/mv2.key 
48798      DEBUG main            d.u.i.k.p.i.AbstractProblemLoader Environment load took 501.6ns 
48799      INFO  main            d.u.i.k.p.i.AbstractProblemLoader Creating init config 
51272      DEBUG main            d.u.i.k.p.i.AbstractProblemLoader Init config took 2.47s 
51292      INFO  main            d.u.i.k.p.i.AbstractProblemLoader Replaying proof mv2.key 
51294      DEBUG main            d.u.i.k.p.i.IntermediateProofReplayer Proof replay took 6.6ns 
51396      INFO  main            d.u.i.k.p.r.p.TestFile    ... finished proof: closed. 
51558      INFO  main            d.u.i.k.p.i.AbstractProblemLoader Loading environment from /home/runner/work/key/key/key.core/../key.ui/examples/standard_key/pred_log/mv2.key.proof 
51559      DEBUG main            d.u.i.k.p.i.AbstractProblemLoader Environment load took 104.9ns 
51559      INFO  main            d.u.i.k.p.i.AbstractProblemLoader Creating init config 
54042      DEBUG main            d.u.i.k.p.i.AbstractProblemLoader Init config took 2.48s 
54057      INFO  main            d.u.i.k.p.i.AbstractProblemLoader Replaying proof mv2.key.proof 
54059      DEBUG main            d.u.i.k.p.i.IntermediateProofReplayer Proof replay took 1.38ms 
54060      DEBUG main            d.u.i.k.p.r.p.TestFile    ... success: reloaded. 
54061      INFO  main            d.u.i.k.p.r.p.TestFile    Now processing file /home/runner/work/key/key/key.core/../key.ui/examples/standard_key/pred_log/quantifiers.key 
54061      INFO  main            d.u.i.k.p.i.AbstractProblemLoader Loading environment from /home/runner/work/key/key/key.core/../key.ui/examples/standard_key/pred_log/quantifiers.key 
54061      DEBUG main            d.u.i.k.p.i.AbstractProblemLoader Environment load took 106.3ns 
54062      INFO  main            d.u.i.k.p.i.AbstractProblemLoader Creating init config 
56568      DEBUG main            d.u.i.k.p.i.AbstractProblemLoader Init config took 2.51s 
56583      INFO  main            d.u.i.k.p.i.AbstractProblemLoader Replaying proof quantifiers.key 
56584      DEBUG main            d.u.i.k.p.i.IntermediateProofReplayer Proof replay took 6.9ns 
56689      INFO  main            d.u.i.k.p.r.p.TestFile    ... finished proof: closed. 
56858      INFO  main            d.u.i.k.p.i.AbstractProblemLoader Loading environment from /home/runner/work/key/key/key.core/../key.ui/examples/standard_key/pred_log/quantifiers.key.proof 
56858      DEBUG main            d.u.i.k.p.i.AbstractProblemLoader Environment load took 105.7ns 
56859      INFO  main            d.u.i.k.p.i.AbstractProblemLoader Creating init config 
59280      DEBUG main            d.u.i.k.p.i.AbstractProblemLoader Init config took 2.42s 
59294      INFO  main            d.u.i.k.p.i.AbstractProblemLoader Replaying proof quantifiers.key.proof 
59297      DEBUG main            d.u.i.k.p.i.IntermediateProofReplayer Proof replay took 1.58ms 
59298      DEBUG main            d.u.i.k.p.r.p.TestFile    ... success: reloaded. 
59298      INFO  main            d.u.i.k.p.r.p.TestFile    Now processing file /home/runner/work/key/key/key.core/../key.ui/examples/standard_key/pred_log/simpleEps.key 
59298      INFO  main            d.u.i.k.p.i.AbstractProblemLoader Loading environment from /home/runner/work/key/key/key.core/../key.ui/examples/standard_key/pred_log/simpleEps.key 
59299      DEBUG main            d.u.i.k.p.i.AbstractProblemLoader Environment load took 153.2ns 
59300      INFO  main            d.u.i.k.p.i.AbstractProblemLoader Creating init config 
61759      DEBUG main            d.u.i.k.p.i.AbstractProblemLoader Init config took 2.46s 
61773      INFO  main            d.u.i.k.p.i.AbstractProblemLoader Replaying proof simpleEps.key 
61774      DEBUG main            d.u.i.k.p.i.IntermediateProofReplayer Proof replay took 6.3ns 
61876      INFO  main            d.u.i.k.p.r.p.TestFile    ... finished proof: closed. 
62060      INFO  main            d.u.i.k.p.i.AbstractProblemLoader Loading environment from /home/runner/work/key/key/key.core/../key.ui/examples/standard_key/pred_log/simpleEps.key.proof 
62060      DEBUG main            d.u.i.k.p.i.AbstractProblemLoader Environment load took 100.5ns 
62061      INFO  main            d.u.i.k.p.i.AbstractProblemLoader Creating init config 
64492      DEBUG main            d.u.i.k.p.i.AbstractProblemLoader Init config took 2.43s 
64505      INFO  main            d.u.i.k.p.i.AbstractProblemLoader Replaying proof simpleEps.key.proof 
64508      DEBUG main            d.u.i.k.p.i.IntermediateProofReplayer Proof replay took 1.06ms 
64509      DEBUG main            d.u.i.k.p.r.p.TestFile    ... success: reloaded. 
64509      INFO  main            d.u.i.k.p.r.p.TestFile    Now processing file /home/runner/work/key/key/key.core/../key.ui/examples/standard_key/pred_log/steam1.key 
64510      INFO  main            d.u.i.k.p.i.AbstractProblemLoader Loading environment from /home/runner/work/key/key/key.core/../key.ui/examples/standard_key/pred_log/steam1.key 
64510      DEBUG main            d.u.i.k.p.i.AbstractProblemLoader Environment load took 118.4ns 
64512      INFO  main            d.u.i.k.p.i.AbstractProblemLoader Creating init config 
66989      DEBUG main            d.u.i.k.p.i.AbstractProblemLoader Init config took 2.48s 
67008      INFO  main            d.u.i.k.p.i.AbstractProblemLoader Replaying proof steam1.key 
67009      DEBUG main            d.u.i.k.p.i.IntermediateProofReplayer Proof replay took 6.3ns 
67315      INFO  main            d.u.i.k.p.r.p.TestFile    ... finished proof: closed. 
67490      INFO  main            d.u.i.k.p.i.AbstractProblemLoader Loading environment from /home/runner/work/key/key/key.core/../key.ui/examples/standard_key/pred_log/steam1.key.proof 
67492      DEBUG main            d.u.i.k.p.i.AbstractProblemLoader Environment load took 2.19ms 
67497      INFO  main            d.u.i.k.p.i.AbstractProblemLoader Creating init config 
69918      DEBUG main            d.u.i.k.p.i.AbstractProblemLoader Init config took 2.42s 
69939      INFO  main            d.u.i.k.p.i.AbstractProblemLoader Replaying proof steam1.key.proof 
69957      DEBUG main            d.u.i.k.p.i.IntermediateProofReplayer Proof replay took 14.75ms 
69959      DEBUG main            d.u.i.k.p.r.p.TestFile    ... success: reloaded. 
69959      INFO  main            d.u.i.k.p.r.p.TestFile    Now processing file /home/runner/work/key/key/key.core/../key.ui/examples/standard_key/pred_log/tptp/PUZ/PUZ001p1.key 
69959      INFO  main            d.u.i.k.p.i.AbstractProblemLoader Loading environment from /home/runner/work/key/key/key.core/../key.ui/examples/standard_key/pred_log/tptp/PUZ/PUZ001p1.key 
69959      DEBUG main            d.u.i.k.p.i.AbstractProblemLoader Environment load took 80.1ns 
69961      INFO  main            d.u.i.k.p.i.AbstractProblemLoader Creating init config 
72421      DEBUG main            d.u.i.k.p.i.AbstractProblemLoader Init config took 2.46s 
72439      INFO  main            d.u.i.k.p.i.AbstractProblemLoader Replaying proof PUZ001p1.key 
72440      DEBUG main            d.u.i.k.p.i.IntermediateProofReplayer Proof replay took 5.9ns 
75606      INFO  main            d.u.i.k.p.r.p.TestFile    ... finished proof: closed. 
75809      INFO  main            d.u.i.k.p.i.AbstractProblemLoader Loading environment from /home/runner/work/key/key/key.core/../key.ui/examples/standard_key/pred_log/tptp/PUZ/PUZ001p1.key.proof 
75810      DEBUG main            d.u.i.k.p.i.AbstractProblemLoader Environment load took 314.5ns 
75812      INFO  main            d.u.i.k.p.i.AbstractProblemLoader Creating init config 
78199      DEBUG main            d.u.i.k.p.i.AbstractProblemLoader Init config took 2.39s 
78230      INFO  main            d.u.i.k.p.i.AbstractProblemLoader Replaying proof PUZ001p1.key.proof 
78324      DEBUG main            d.u.i.k.p.i.IntermediateProofReplayer Proof replay took 86.12ms 
78326      DEBUG main            d.u.i.k.p.r.p.TestFile    ... success: reloaded. 
78326      INFO  main            d.u.i.k.p.r.p.TestFile    Now processing file /home/runner/work/key/key/key.core/../key.ui/examples/standard_key/pred_log/tptp/PUZ/PUZ001p1-eq.key 
78327      INFO  main            d.u.i.k.p.i.AbstractProblemLoader Loading environment from /home/runner/work/key/key/key.core/../key.ui/examples/standard_key/pred_log/tptp/PUZ/PUZ001p1-eq.key 
78327      DEBUG main            d.u.i.k.p.i.AbstractProblemLoader Environment load took 158.3ns 
78328      INFO  main            d.u.i.k.p.i.AbstractProblemLoader Creating init config 
80811      DEBUG main            d.u.i.k.p.i.AbstractProblemLoader Init config took 2.48s 
80827      INFO  main            d.u.i.k.p.i.AbstractProblemLoader Replaying proof PUZ001p1-eq.key 
80829      DEBUG main            d.u.i.k.p.i.IntermediateProofReplayer Proof replay took 6.3ns 
80931      INFO  main            d.u.i.k.p.r.p.TestFile    ... finished proof: closed. 
81130      INFO  main            d.u.i.k.p.i.AbstractProblemLoader Loading environment from /home/runner/work/key/key/key.core/../key.ui/examples/standard_key/pred_log/tptp/PUZ/PUZ001p1-eq.key.proof 
81130      DEBUG main            d.u.i.k.p.i.AbstractProblemLoader Environment load took 112.5ns 
81131      INFO  main            d.u.i.k.p.i.AbstractProblemLoader Creating init config 
83540      DEBUG main            d.u.i.k.p.i.AbstractProblemLoader Init config took 2.41s 
83554      INFO  main            d.u.i.k.p.i.AbstractProblemLoader Replaying proof PUZ001p1-eq.key.proof 
83573      DEBUG main            d.u.i.k.p.i.IntermediateProofReplayer Proof replay took 15.08ms 
83574      DEBUG main            d.u.i.k.p.r.p.TestFile    ... success: reloaded. 
83575      INFO  main            d.u.i.k.p.r.p.TestFile    Now processing file /home/runner/work/key/key/key.core/../key.ui/examples/standard_key/pred_log/tptp/PUZ/PUZ031p1.key 
83575      INFO  main            d.u.i.k.p.i.AbstractProblemLoader Loading environment from /home/runner/work/key/key/key.core/../key.ui/examples/standard_key/pred_log/tptp/PUZ/PUZ031p1.key 
83575      DEBUG main            d.u.i.k.p.i.AbstractProblemLoader Environment load took 84.5ns 
83577      INFO  main            d.u.i.k.p.i.AbstractProblemLoader Creating init config 
86011      DEBUG main            d.u.i.k.p.i.AbstractProblemLoader Init config took 2.43s 
86026      INFO  main            d.u.i.k.p.i.AbstractProblemLoader Replaying proof PUZ031p1.key 
86028      DEBUG main            d.u.i.k.p.i.IntermediateProofReplayer Proof replay took 6.8ns 
94343      INFO  main            d.u.i.k.p.r.p.TestFile    ... finished proof: closed. 
94535      INFO  main            d.u.i.k.p.i.AbstractProblemLoader Loading environment from /home/runner/work/key/key/key.core/../key.ui/examples/standard_key/pred_log/tptp/PUZ/PUZ031p1.key.proof 
94535      DEBUG main            d.u.i.k.p.i.AbstractProblemLoader Environment load took 312.2ns 
94537      INFO  main            d.u.i.k.p.i.AbstractProblemLoader Creating init config 
96913      DEBUG main            d.u.i.k.p.i.AbstractProblemLoader Init config took 2.38s 
96928      INFO  main            d.u.i.k.p.i.AbstractProblemLoader Replaying proof PUZ031p1.key.proof 
96967      DEBUG main            d.u.i.k.p.i.IntermediateProofReplayer Proof replay took 34.47ms 
96968      DEBUG main            d.u.i.k.p.r.p.TestFile    ... success: reloaded. 
96969      INFO  main            d.u.i.k.p.r.p.TestFile    Now processing file /home/runner/work/key/key/key.core/../key.ui/examples/standard_key/pred_log/tptp/SET/SET027p3.key 
96969      INFO  main            d.u.i.k.p.i.AbstractProblemLoader Loading environment from /home/runner/work/key/key/key.core/../key.ui/examples/standard_key/pred_log/tptp/SET/SET027p3.key 
96969      DEBUG main            d.u.i.k.p.i.AbstractProblemLoader Environment load took 155.6ns 
96970      INFO  main            d.u.i.k.p.i.AbstractProblemLoader Creating init config 
99447      DEBUG main            d.u.i.k.p.i.AbstractProblemLoader Init config took 2.48s 
99460      INFO  main            d.u.i.k.p.i.AbstractProblemLoader Replaying proof SET027p3.key 
99462      DEBUG main            d.u.i.k.p.i.IntermediateProofReplayer Proof replay took 6.5ns 
99564      INFO  main            d.u.i.k.p.r.p.TestFile    ... finished proof: closed. 
99769      INFO  main            d.u.i.k.p.i.AbstractProblemLoader Loading environment from /home/runner/work/key/key/key.core/../key.ui/examples/standard_key/pred_log/tptp/SET/SET027p3.key.proof 
99769      DEBUG main            d.u.i.k.p.i.AbstractProblemLoader Environment load took 104.4ns 
99770      INFO  main            d.u.i.k.p.i.AbstractProblemLoader Creating init config 
102151     DEBUG main            d.u.i.k.p.i.AbstractProblemLoader Init config took 2.38s 
102164     INFO  main            d.u.i.k.p.i.AbstractProblemLoader Replaying proof SET027p3.key.proof 
102169     DEBUG main            d.u.i.k.p.i.IntermediateProofReplayer Proof replay took 2.66ms 
102170     DEBUG main            d.u.i.k.p.r.p.TestFile    ... success: reloaded. 
102170     INFO  main            d.u.i.k.p.r.p.TestFile    Now processing file /home/runner/work/key/key/key.core/../key.ui/examples/standard_key/pred_log/tptp/SET/SET043p1.key 
102171     INFO  main            d.u.i.k.p.i.AbstractProblemLoader Loading environment from /home/runner/work/key/key/key.core/../key.ui/examples/standard_key/pred_log/tptp/SET/SET043p1.key 
102171     DEBUG main            d.u.i.k.p.i.AbstractProblemLoader Environment load took 175.5ns 
102172     INFO  main            d.u.i.k.p.i.AbstractProblemLoader Creating init config 
104598     DEBUG main            d.u.i.k.p.i.AbstractProblemLoader Init config took 2.43s 
104611     INFO  main            d.u.i.k.p.i.AbstractProblemLoader Replaying proof SET043p1.key 
104612     DEBUG main            d.u.i.k.p.i.IntermediateProofReplayer Proof replay took 6.6ns 
104720     INFO  main            d.u.i.k.p.r.p.TestFile    ... finished proof: closed. 
104911     INFO  main            d.u.i.k.p.i.AbstractProblemLoader Loading environment from /home/runner/work/key/key/key.core/../key.ui/examples/standard_key/pred_log/tptp/SET/SET043p1.key.proof 
104913     DEBUG main            d.u.i.k.p.i.AbstractProblemLoader Environment load took 1.66ms 
104913     INFO  main            d.u.i.k.p.i.AbstractProblemLoader Creating init config 
107308     DEBUG main            d.u.i.k.p.i.AbstractProblemLoader Init config took 2.39s 
107321     INFO  main            d.u.i.k.p.i.AbstractProblemLoader Replaying proof SET043p1.key.proof 
107323     DEBUG main            d.u.i.k.p.i.IntermediateProofReplayer Proof replay took 1.16ms 
107324     DEBUG main            d.u.i.k.p.r.p.TestFile    ... success: reloaded. 
107324     INFO  main            d.u.i.k.p.r.p.TestFile    Now processing file /home/runner/work/key/key/key.core/../key.ui/examples/standard_key/pred_log/tptp/SET/SET045p1.key 
107325     INFO  main            d.u.i.k.p.i.AbstractProblemLoader Loading environment from /home/runner/work/key/key/key.core/../key.ui/examples/standard_key/pred_log/tptp/SET/SET045p1.key 
107325     DEBUG main            d.u.i.k.p.i.AbstractProblemLoader Environment load took 75.8ns 
107325     INFO  main            d.u.i.k.p.i.AbstractProblemLoader Creating init config 
109767     DEBUG main            d.u.i.k.p.i.AbstractProblemLoader Init config took 2.44s 
109780     INFO  main            d.u.i.k.p.i.AbstractProblemLoader Replaying proof SET045p1.key 
109782     DEBUG main            d.u.i.k.p.i.IntermediateProofReplayer Proof replay took 7.2ns 
109885     INFO  main            d.u.i.k.p.r.p.TestFile    ... finished proof: closed. 
110081     INFO  main            d.u.i.k.p.i.AbstractProblemLoader Loading environment from /home/runner/work/key/key/key.core/../key.ui/examples/standard_key/pred_log/tptp/SET/SET045p1.key.proof 
110081     DEBUG main            d.u.i.k.p.i.AbstractProblemLoader Environment load took 100.9ns 
110082     INFO  main            d.u.i.k.p.i.AbstractProblemLoader Creating init config 
112495     DEBUG main            d.u.i.k.p.i.AbstractProblemLoader Init config took 2.41s 
112508     INFO  main            d.u.i.k.p.i.AbstractProblemLoader Replaying proof SET045p1.key.proof 
112512     DEBUG main            d.u.i.k.p.i.IntermediateProofReplayer Proof replay took 2.17ms 
112513     DEBUG main            d.u.i.k.p.r.p.TestFile    ... success: reloaded. 
112513     INFO  main            d.u.i.k.p.r.p.TestFile    Now processing file /home/runner/work/key/key/key.core/../key.ui/examples/standard_key/pred_log/tptp/SET/SET062p3.key 
112513     INFO  main            d.u.i.k.p.i.AbstractProblemLoader Loading environment from /home/runner/work/key/key/key.core/../key.ui/examples/standard_key/pred_log/tptp/SET/SET062p3.key 
112514     DEBUG main            d.u.i.k.p.i.AbstractProblemLoader Environment load took 151.1ns 
112515     INFO  main            d.u.i.k.p.i.AbstractProblemLoader Creating init config 
114960     DEBUG main            d.u.i.k.p.i.AbstractProblemLoader Init config took 2.45s 
114973     INFO  main            d.u.i.k.p.i.AbstractProblemLoader Replaying proof SET062p3.key 
114974     DEBUG main            d.u.i.k.p.i.IntermediateProofReplayer Proof replay took 6.9ns 
115076     INFO  main            d.u.i.k.p.r.p.TestFile    ... finished proof: closed. 
115287     INFO  main            d.u.i.k.p.i.AbstractProblemLoader Loading environment from /home/runner/work/key/key/key.core/../key.ui/examples/standard_key/pred_log/tptp/SET/SET062p3.key.proof 
115287     DEBUG main            d.u.i.k.p.i.AbstractProblemLoader Environment load took 95.8ns 
115288     INFO  main            d.u.i.k.p.i.AbstractProblemLoader Creating init config 
117680     DEBUG main            d.u.i.k.p.i.AbstractProblemLoader Init config took 2.39s 
117697     INFO  main            d.u.i.k.p.i.AbstractProblemLoader Replaying proof SET062p3.key.proof 
117706     DEBUG main            d.u.i.k.p.i.IntermediateProofReplayer Proof replay took 7.27ms 
117707     DEBUG main            d.u.i.k.p.r.p.TestFile    ... success: reloaded. 
117708     INFO  main            d.u.i.k.p.r.p.TestFile    Now processing file /home/runner/work/key/key/key.core/../key.ui/examples/standard_key/pred_log/tptp/SET/SET063p3.key 
117709     INFO  main            d.u.i.k.p.i.AbstractProblemLoader Loading environment from /home/runner/work/key/key/key.core/../key.ui/examples/standard_key/pred_log/tptp/SET/SET063p3.key 
117710     DEBUG main            d.u.i.k.p.i.AbstractProblemLoader Environment load took 170.7ns 
117711     INFO  main            d.u.i.k.p.i.AbstractProblemLoader Creating init config 
120174     DEBUG main            d.u.i.k.p.i.AbstractProblemLoader Init config took 2.46s 
120187     INFO  main            d.u.i.k.p.i.AbstractProblemLoader Replaying proof SET063p3.key 
120189     DEBUG main            d.u.i.k.p.i.IntermediateProofReplayer Proof replay took 5.7ns 
120290     INFO  main            d.u.i.k.p.r.p.TestFile    ... finished proof: closed. 
120502     INFO  main            d.u.i.k.p.i.AbstractProblemLoader Loading environment from /home/runner/work/key/key/key.core/../key.ui/examples/standard_key/pred_log/tptp/SET/SET063p3.key.proof 
120503     DEBUG main            d.u.i.k.p.i.AbstractProblemLoader Environment load took 99.7ns 
120504     INFO  main            d.u.i.k.p.i.AbstractProblemLoader Creating init config 
122893     DEBUG main            d.u.i.k.p.i.AbstractProblemLoader Init config took 2.39s 
122908     INFO  main            d.u.i.k.p.i.AbstractProblemLoader Replaying proof SET063p3.key.proof 
122915     DEBUG main            d.u.i.k.p.i.IntermediateProofReplayer Proof replay took 4.43ms 
122915     DEBUG main            d.u.i.k.p.r.p.TestFile    ... success: reloaded. 
122916     INFO  main            d.u.i.k.p.r.p.TestFile    Now processing file /home/runner/work/key/key/key.core/../key.ui/examples/standard_key/pred_log/tptp/SYN/SYN036p2.key 
122916     INFO  main            d.u.i.k.p.i.AbstractProblemLoader Loading environment from /home/runner/work/key/key/key.core/../key.ui/examples/standard_key/pred_log/tptp/SYN/SYN036p2.key 
122916     DEBUG main            d.u.i.k.p.i.AbstractProblemLoader Environment load took 77.5ns 
122919     INFO  main            d.u.i.k.p.i.AbstractProblemLoader Creating init config 
125372     DEBUG main            d.u.i.k.p.i.AbstractProblemLoader Init config took 2.45s 
125385     INFO  main            d.u.i.k.p.i.AbstractProblemLoader Replaying proof SYN036p2.key 
125386     DEBUG main            d.u.i.k.p.i.IntermediateProofReplayer Proof replay took 7.3ns 
125592     INFO  main            d.u.i.k.p.r.p.TestFile    ... finished proof: closed. 
125819     INFO  main            d.u.i.k.p.i.AbstractProblemLoader Loading environment from /home/runner/work/key/key/key.core/../key.ui/examples/standard_key/pred_log/tptp/SYN/SYN036p2.key.proof 
125820     DEBUG main            d.u.i.k.p.i.AbstractProblemLoader Environment load took 307.4ns 
125821     INFO  main            d.u.i.k.p.i.AbstractProblemLoader Creating init config 
128198     DEBUG main            d.u.i.k.p.i.AbstractProblemLoader Init config took 2.38s 
128211     INFO  main            d.u.i.k.p.i.AbstractProblemLoader Replaying proof SYN036p2.key.proof 
128263     DEBUG main            d.u.i.k.p.i.IntermediateProofReplayer Proof replay took 44.52ms 
128264     DEBUG main            d.u.i.k.p.r.p.TestFile    ... success: reloaded. 
128265     INFO  main            d.u.i.k.p.r.p.TestFile    Now processing file /home/runner/work/key/key/key.core/../key.ui/examples/standard_key/pred_log/tptp/SYN/SYN550p1.key 
128265     INFO  main            d.u.i.k.p.i.AbstractProblemLoader Loading environment from /home/runner/work/key/key/key.core/../key.ui/examples/standard_key/pred_log/tptp/SYN/SYN550p1.key 
128265     DEBUG main            d.u.i.k.p.i.AbstractProblemLoader Environment load took 61.6ns 
128266     INFO  main            d.u.i.k.p.i.AbstractProblemLoader Creating init config 
130690     DEBUG main            d.u.i.k.p.i.AbstractProblemLoader Init config took 2.42s 
130704     INFO  main            d.u.i.k.p.i.AbstractProblemLoader Replaying proof SYN550p1.key 
130706     DEBUG main            d.u.i.k.p.i.IntermediateProofReplayer Proof replay took 6.2ns 
133516     INFO  main            d.u.i.k.p.r.p.TestFile    ... finished proof: closed. 
133743     INFO  main            d.u.i.k.p.i.AbstractProblemLoader Loading environment from /home/runner/work/key/key/key.core/../key.ui/examples/standard_key/pred_log/tptp/SYN/SYN550p1.key.proof 
133743     DEBUG main            d.u.i.k.p.i.AbstractProblemLoader Environment load took 313.1ns 
133745     INFO  main            d.u.i.k.p.i.AbstractProblemLoader Creating init config 
136139     DEBUG main            d.u.i.k.p.i.AbstractProblemLoader Init config took 2.39s 
136153     INFO  main            d.u.i.k.p.i.AbstractProblemLoader Replaying proof SYN550p1.key.proof 
136203     DEBUG main            d.u.i.k.p.i.IntermediateProofReplayer Proof replay took 44.21ms 
136204     DEBUG main            d.u.i.k.p.r.p.TestFile    ... success: reloaded. 
136204     INFO  main            d.u.i.k.p.r.p.TestFile    Now processing file /home/runner/work/key/key/key.core/../key.ui/examples/standard_key/prop_log/reallySimple.key 
136205     INFO  main            d.u.i.k.p.i.AbstractProblemLoader Loading environment from /home/runner/work/key/key/key.core/../key.ui/examples/standard_key/prop_log/reallySimple.key 
136205     DEBUG main            d.u.i.k.p.i.AbstractProblemLoader Environment load took 68.9ns 
136205     INFO  main            d.u.i.k.p.i.AbstractProblemLoader Creating init config 
138636     DEBUG main            d.u.i.k.p.i.AbstractProblemLoader Init config took 2.43s 
138649     INFO  main            d.u.i.k.p.i.AbstractProblemLoader Replaying proof reallySimple.key 
138650     DEBUG main            d.u.i.k.p.i.IntermediateProofReplayer Proof replay took 6.2ns 
138753     INFO  main            d.u.i.k.p.r.p.TestFile    ... finished proof: open goal(s) 
138985     INFO  main            d.u.i.k.p.r.p.TestFile    Now processing file /home/runner/work/key/key/key.core/../key.ui/examples/standard_key/pred_log/sameName1.key 
138986     INFO  main            d.u.i.k.p.i.AbstractProblemLoader Loading environment from /home/runner/work/key/key/key.core/../key.ui/examples/standard_key/pred_log/sameName1.key 
138986     DEBUG main            d.u.i.k.p.i.AbstractProblemLoader Environment load took 53.4ns 
138987     INFO  main            d.u.i.k.p.i.AbstractProblemLoader Creating init config 
141350     DEBUG main            d.u.i.k.p.i.AbstractProblemLoader Init config took 2.36s 
141362     INFO  main            d.u.i.k.p.i.AbstractProblemLoader Replaying proof sameName1.key 
141363     DEBUG main            d.u.i.k.p.i.IntermediateProofReplayer Proof replay took 5.4ns 
141469     INFO  main            d.u.i.k.p.r.p.TestFile    ... finished proof: open goal(s) 
141686     INFO  main            d.u.i.k.p.r.p.TestFile    Now processing file /home/runner/work/key/key/key.core/../key.ui/examples/standard_key/pred_log/jbyteIfEx.key 
141687     INFO  main            d.u.i.k.p.i.AbstractProblemLoader Loading environment from /home/runner/work/key/key/key.core/../key.ui/examples/standard_key/pred_log/jbyteIfEx.key 
141687     DEBUG main            d.u.i.k.p.i.AbstractProblemLoader Environment load took 58.2ns 
141688     INFO  main            d.u.i.k.p.i.AbstractProblemLoader Creating init config 
144047     DEBUG main            d.u.i.k.p.i.AbstractProblemLoader Init config took 2.36s 
144060     INFO  main            d.u.i.k.p.i.AbstractProblemLoader Replaying proof jbyteIfEx.key 
144061     DEBUG main            d.u.i.k.p.i.IntermediateProofReplayer Proof replay took 7.1ns 
144163     INFO  main            d.u.i.k.p.r.p.TestFile    ... finished proof: closed. 
144461     INFO  main            d.u.i.k.p.i.AbstractProblemLoader Loading environment from /home/runner/work/key/key/key.core/../key.ui/examples/standard_key/pred_log/jbyteIfEx.key.proof 
144461     DEBUG main            d.u.i.k.p.i.AbstractProblemLoader Environment load took 96.5ns 
144462     INFO  main            d.u.i.k.p.i.AbstractProblemLoader Creating init config 
146823     DEBUG main            d.u.i.k.p.i.AbstractProblemLoader Init config took 2.36s 
146836     INFO  main            d.u.i.k.p.i.AbstractProblemLoader Replaying proof jbyteIfEx.key.proof 
146841     DEBUG main            d.u.i.k.p.i.IntermediateProofReplayer Proof replay took 2.96ms 
146841     DEBUG main            d.u.i.k.p.r.p.TestFile    ... success: reloaded. 
146842     INFO  main            d.u.i.k.p.r.p.TestFile    Now processing file /home/runner/work/key/key/key.core/../key.ui/examples/standard_key/prop_log/allClausesLength4.key 
146842     INFO  main            d.u.i.k.p.i.AbstractProblemLoader Loading environment from /home/runner/work/key/key/key.core/../key.ui/examples/standard_key/prop_log/allClausesLength4.key 
146842     DEBUG main            d.u.i.k.p.i.AbstractProblemLoader Environment load took 74.4ns 
146843     INFO  main            d.u.i.k.p.i.AbstractProblemLoader Creating init config 
149299     DEBUG main            d.u.i.k.p.i.AbstractProblemLoader Init config took 2.46s 
149312     INFO  main            d.u.i.k.p.i.AbstractProblemLoader Replaying proof allClausesLength4.key 
149324     DEBUG main            d.u.i.k.p.i.IntermediateProofReplayer Proof replay took 7.3ns 
149429     INFO  main            d.u.i.k.p.r.p.TestFile    ... finished proof: closed. 
149664     INFO  main            d.u.i.k.p.i.AbstractProblemLoader Loading environment from /home/runner/work/key/key/key.core/../key.ui/examples/standard_key/prop_log/allClausesLength4.key.proof 
149664     DEBUG main            d.u.i.k.p.i.AbstractProblemLoader Environment load took 98.8ns 
149665     INFO  main            d.u.i.k.p.i.AbstractProblemLoader Creating init config 
152087     DEBUG main            d.u.i.k.p.i.AbstractProblemLoader Init config took 2.42s 
152100     INFO  main            d.u.i.k.p.i.AbstractProblemLoader Replaying proof allClausesLength4.key.proof 
152111     DEBUG main            d.u.i.k.p.i.IntermediateProofReplayer Proof replay took 8.41ms 
152112     DEBUG main            d.u.i.k.p.r.p.TestFile    ... success: reloaded. 
152113     INFO  main            d.u.i.k.p.r.p.TestFile    Now processing file /home/runner/work/key/key/key.core/../key.ui/examples/standard_key/prop_log/allClausesLength5.key 
152113     INFO  main            d.u.i.k.p.i.AbstractProblemLoader Loading environment from /home/runner/work/key/key/key.core/../key.ui/examples/standard_key/prop_log/allClausesLength5.key 
152114     DEBUG main            d.u.i.k.p.i.AbstractProblemLoader Environment load took 170.8ns 
152115     INFO  main            d.u.i.k.p.i.AbstractProblemLoader Creating init config 
154510     DEBUG main            d.u.i.k.p.i.AbstractProblemLoader Init config took 2.39s 
154523     INFO  main            d.u.i.k.p.i.AbstractProblemLoader Replaying proof allClausesLength5.key 
154524     DEBUG main            d.u.i.k.p.i.IntermediateProofReplayer Proof replay took 6ns 
154730     INFO  main            d.u.i.k.p.r.p.TestFile    ... finished proof: closed. 
154998     INFO  main            d.u.i.k.p.i.AbstractProblemLoader Loading environment from /home/runner/work/key/key/key.core/../key.ui/examples/standard_key/prop_log/allClausesLength5.key.proof 
154998     DEBUG main            d.u.i.k.p.i.AbstractProblemLoader Environment load took 333.9ns 
155000     INFO  main            d.u.i.k.p.i.AbstractProblemLoader Creating init config 
157376     DEBUG main            d.u.i.k.p.i.AbstractProblemLoader Init config took 2.38s 
157390     INFO  main            d.u.i.k.p.i.AbstractProblemLoader Replaying proof allClausesLength5.key.proof 
157417     DEBUG main            d.u.i.k.p.i.IntermediateProofReplayer Proof replay took 22.5ms 
157418     DEBUG main            d.u.i.k.p.r.p.TestFile    ... success: reloaded. 
157418     INFO  main            d.u.i.k.p.r.p.TestFile    Now processing file /home/runner/work/key/key/key.core/../key.ui/examples/standard_key/prop_log/doubleNeg.key 
157418     INFO  main            d.u.i.k.p.i.AbstractProblemLoader Loading environment from /home/runner/work/key/key/key.core/../key.ui/examples/standard_key/prop_log/doubleNeg.key 
157419     DEBUG main            d.u.i.k.p.i.AbstractProblemLoader Environment load took 69.9ns 
157419     INFO  main            d.u.i.k.p.i.AbstractProblemLoader Creating init config 
159816     DEBUG main            d.u.i.k.p.i.AbstractProblemLoader Init config took 2.4s 
159828     INFO  main            d.u.i.k.p.i.AbstractProblemLoader Replaying proof doubleNeg.key 
159833     DEBUG main            d.u.i.k.p.i.IntermediateProofReplayer Proof replay took 6.9ns 
159934     INFO  main            d.u.i.k.p.r.p.TestFile    ... finished proof: closed. 
160176     INFO  main            d.u.i.k.p.i.AbstractProblemLoader Loading environment from /home/runner/work/key/key/key.core/../key.ui/examples/standard_key/prop_log/doubleNeg.key.proof 
160176     DEBUG main            d.u.i.k.p.i.AbstractProblemLoader Environment load took 83.8ns 
160177     INFO  main            d.u.i.k.p.i.AbstractProblemLoader Creating init config 
162544     DEBUG main            d.u.i.k.p.i.AbstractProblemLoader Init config took 2.37s 
162557     INFO  main            d.u.i.k.p.i.AbstractProblemLoader Replaying proof doubleNeg.key.proof 
162559     DEBUG main            d.u.i.k.p.i.IntermediateProofReplayer Proof replay took 307.8ns 
162560     DEBUG main            d.u.i.k.p.r.p.TestFile    ... success: reloaded. 
162561     INFO  main            d.u.i.k.p.r.p.TestFile    Now processing file /home/runner/work/key/key/key.core/../key.ui/examples/standard_key/prop_log/liarsville.key 
162561     INFO  main            d.u.i.k.p.i.AbstractProblemLoader Loading environment from /home/runner/work/key/key/key.core/../key.ui/examples/standard_key/prop_log/liarsville.key 
162561     DEBUG main            d.u.i.k.p.i.AbstractProblemLoader Environment load took 134.4ns 
162562     INFO  main            d.u.i.k.p.i.AbstractProblemLoader Creating init config 
164964     DEBUG main            d.u.i.k.p.i.AbstractProblemLoader Init config took 2.4s 
164977     INFO  main            d.u.i.k.p.i.AbstractProblemLoader Replaying proof liarsville.key 
164979     DEBUG main            d.u.i.k.p.i.IntermediateProofReplayer Proof replay took 6.9ns 
165080     INFO  main            d.u.i.k.p.r.p.TestFile    ... finished proof: closed. 
165323     INFO  main            d.u.i.k.p.i.AbstractProblemLoader Loading environment from /home/runner/work/key/key/key.core/../key.ui/examples/standard_key/prop_log/liarsville.key.proof 
165323     DEBUG main            d.u.i.k.p.i.AbstractProblemLoader Environment load took 81.2ns 
165326     INFO  main            d.u.i.k.p.i.AbstractProblemLoader Creating init config 
167679     DEBUG main            d.u.i.k.p.i.AbstractProblemLoader Init config took 2.35s 
167692     INFO  main            d.u.i.k.p.i.AbstractProblemLoader Replaying proof liarsville.key.proof 
167694     DEBUG main            d.u.i.k.p.i.IntermediateProofReplayer Proof replay took 879.3ns 
167695     DEBUG main            d.u.i.k.p.r.p.TestFile    ... success: reloaded. 
167695     INFO  main            d.u.i.k.p.r.p.TestFile    Now processing file /home/runner/work/key/key/key.core/../key.ui/examples/standard_key/prop_log/simplest.key 
167695     INFO  main            d.u.i.k.p.i.AbstractProblemLoader Loading environment from /home/runner/work/key/key/key.core/../key.ui/examples/standard_key/prop_log/simplest.key 
167695     DEBUG main            d.u.i.k.p.i.AbstractProblemLoader Environment load took 51ns 
167696     INFO  main            d.u.i.k.p.i.AbstractProblemLoader Creating init config 
170086     DEBUG main            d.u.i.k.p.i.AbstractProblemLoader Init config took 2.39s 
170098     INFO  main            d.u.i.k.p.i.AbstractProblemLoader Replaying proof simplest.key 
170099     DEBUG main            d.u.i.k.p.i.IntermediateProofReplayer Proof replay took 7.2ns 
170200     INFO  main            d.u.i.k.p.r.p.TestFile    ... finished proof: closed. 
170449     INFO  main            d.u.i.k.p.i.AbstractProblemLoader Loading environment from /home/runner/work/key/key/key.core/../key.ui/examples/standard_key/prop_log/simplest.key.proof 
170449     DEBUG main            d.u.i.k.p.i.AbstractProblemLoader Environment load took 91.9ns 
170450     INFO  main            d.u.i.k.p.i.AbstractProblemLoader Creating init config 
172800     DEBUG main            d.u.i.k.p.i.AbstractProblemLoader Init config took 2.35s 
172812     INFO  main            d.u.i.k.p.i.AbstractProblemLoader Replaying proof simplest.key.proof 
172813     DEBUG main            d.u.i.k.p.i.IntermediateProofReplayer Proof replay took 80.3ns 
172814     DEBUG main            d.u.i.k.p.r.p.TestFile    ... success: reloaded. 
172814     INFO  main            d.u.i.k.p.r.p.TestFile    Now processing file /home/runner/work/key/key/key.core/../key.ui/examples/standard_key/prop_log/contraposition.key 
172814     INFO  main            d.u.i.k.p.i.AbstractProblemLoader Loading environment from /home/runner/work/key/key/key.core/../key.ui/examples/standard_key/prop_log/contraposition.key 
172814     DEBUG main            d.u.i.k.p.i.AbstractProblemLoader Environment load took 54.6ns 
172815     INFO  main            d.u.i.k.p.i.AbstractProblemLoader Creating init config 
175204     DEBUG main            d.u.i.k.p.i.AbstractProblemLoader Init config took 2.39s 
175232     INFO  main            d.u.i.k.p.i.AbstractProblemLoader Replaying proof contraposition.key 
175233     DEBUG main            d.u.i.k.p.i.IntermediateProofReplayer Proof replay took 6.8ns 
175335     INFO  main            d.u.i.k.p.r.p.TestFile    ... finished proof: closed. 
175583     INFO  main            d.u.i.k.p.i.AbstractProblemLoader Loading environment from /home/runner/work/key/key/key.core/../key.ui/examples/standard_key/prop_log/contraposition.key.proof 
175583     DEBUG main            d.u.i.k.p.i.AbstractProblemLoader Environment load took 90.2ns 
175584     INFO  main            d.u.i.k.p.i.AbstractProblemLoader Creating init config 
177951     DEBUG main            d.u.i.k.p.i.AbstractProblemLoader Init config took 2.37s 
177963     INFO  main            d.u.i.k.p.i.AbstractProblemLoader Replaying proof contraposition.key.proof 
177965     DEBUG main            d.u.i.k.p.i.IntermediateProofReplayer Proof replay took 352.3ns 
177965     DEBUG main            d.u.i.k.p.r.p.TestFile    ... success: reloaded. 
177966     INFO  main            d.u.i.k.p.r.p.TestFile    Now processing file /home/runner/work/key/key/key.core/../key.ui/examples/standard_key/quantifiers/elimination0.key 
177966     INFO  main            d.u.i.k.p.i.AbstractProblemLoader Loading environment from /home/runner/work/key/key/key.core/../key.ui/examples/standard_key/quantifiers/elimination0.key 
177966     DEBUG main            d.u.i.k.p.i.AbstractProblemLoader Environment load took 70.8ns 
177967     INFO  main            d.u.i.k.p.i.AbstractProblemLoader Creating init config 
180391     DEBUG main            d.u.i.k.p.i.AbstractProblemLoader Init config took 2.42s 
180403     INFO  main            d.u.i.k.p.i.AbstractProblemLoader Replaying proof elimination0.key 
180405     DEBUG main            d.u.i.k.p.i.IntermediateProofReplayer Proof replay took 6.1ns 
180509     INFO  main            d.u.i.k.p.r.p.TestFile    ... finished proof: closed. 
180766     INFO  main            d.u.i.k.p.i.AbstractProblemLoader Loading environment from /home/runner/work/key/key/key.core/../key.ui/examples/standard_key/quantifiers/elimination0.key.proof 
180766     DEBUG main            d.u.i.k.p.i.AbstractProblemLoader Environment load took 87ns 
180767     INFO  main            d.u.i.k.p.i.AbstractProblemLoader Creating init config 
183116     DEBUG main            d.u.i.k.p.i.AbstractProblemLoader Init config took 2.35s 
183128     INFO  main            d.u.i.k.p.i.AbstractProblemLoader Replaying proof elimination0.key.proof 
183130     DEBUG main            d.u.i.k.p.i.IntermediateProofReplayer Proof replay took 765.8ns 
183130     DEBUG main            d.u.i.k.p.r.p.TestFile    ... success: reloaded. 
183131     INFO  main            d.u.i.k.p.r.p.TestFile    Now processing file /home/runner/work/key/key/key.core/../key.ui/examples/standard_key/quantifiers/heuristic_PUZ001p1-eq.key 
183131     INFO  main            d.u.i.k.p.i.AbstractProblemLoader Loading environment from /home/runner/work/key/key/key.core/../key.ui/examples/standard_key/quantifiers/heuristic_PUZ001p1-eq.key 
183131     DEBUG main            d.u.i.k.p.i.AbstractProblemLoader Environment load took 71.1ns 
183133     INFO  main            d.u.i.k.p.i.AbstractProblemLoader Creating init config 
185565     DEBUG main            d.u.i.k.p.i.AbstractProblemLoader Init config took 2.43s 
185578     INFO  main            d.u.i.k.p.i.AbstractProblemLoader Replaying proof heuristic_PUZ001p1-eq.key 
185580     DEBUG main            d.u.i.k.p.i.IntermediateProofReplayer Proof replay took 6.5ns 
185682     INFO  main            d.u.i.k.p.r.p.TestFile    ... finished proof: closed. 
185952     INFO  main            d.u.i.k.p.i.AbstractProblemLoader Loading environment from /home/runner/work/key/key/key.core/../key.ui/examples/standard_key/quantifiers/heuristic_PUZ001p1-eq.key.proof 
185952     DEBUG main            d.u.i.k.p.i.AbstractProblemLoader Environment load took 87.9ns 
185953     INFO  main            d.u.i.k.p.i.AbstractProblemLoader Creating init config 
188306     DEBUG main            d.u.i.k.p.i.AbstractProblemLoader Init config took 2.35s 
188319     INFO  main            d.u.i.k.p.i.AbstractProblemLoader Replaying proof heuristic_PUZ001p1-eq.key.proof 
188326     DEBUG main            d.u.i.k.p.i.IntermediateProofReplayer Proof replay took 5.44ms 
188327     DEBUG main            d.u.i.k.p.r.p.TestFile    ... success: reloaded. 
188328     INFO  main            d.u.i.k.p.r.p.TestFile    Now processing file /home/runner/work/key/key/key.core/../key.ui/examples/standard_key/quantifiers/heuristic_PUZ001p1.key 
188328     INFO  main            d.u.i.k.p.i.AbstractProblemLoader Loading environment from /home/runner/work/key/key/key.core/../key.ui/examples/standard_key/quantifiers/heuristic_PUZ001p1.key 
188328     DEBUG main            d.u.i.k.p.i.AbstractProblemLoader Environment load took 66.6ns 
188329     INFO  main            d.u.i.k.p.i.AbstractProblemLoader Creating init config 
190729     DEBUG main            d.u.i.k.p.i.AbstractProblemLoader Init config took 2.4s 
190743     INFO  main            d.u.i.k.p.i.AbstractProblemLoader Replaying proof heuristic_PUZ001p1.key 
190744     DEBUG main            d.u.i.k.p.i.IntermediateProofReplayer Proof replay took 6.1ns 
192160     INFO  main            d.u.i.k.p.r.p.TestFile    ... finished proof: closed. 
192440     INFO  main            d.u.i.k.p.i.AbstractProblemLoader Loading environment from /home/runner/work/key/key/key.core/../key.ui/examples/standard_key/quantifiers/heuristic_PUZ001p1.key.proof 
192440     DEBUG main            d.u.i.k.p.i.AbstractProblemLoader Environment load took 643.3ns 
192442     INFO  main            d.u.i.k.p.i.AbstractProblemLoader Creating init config 
194790     DEBUG main            d.u.i.k.p.i.AbstractProblemLoader Init config took 2.35s 
194804     INFO  main            d.u.i.k.p.i.AbstractProblemLoader Replaying proof heuristic_PUZ001p1.key.proof 
194837     DEBUG main            d.u.i.k.p.i.IntermediateProofReplayer Proof replay took 29.08ms 
194839     DEBUG main            d.u.i.k.p.r.p.TestFile    ... success: reloaded. 
194840     INFO  main            d.u.i.k.p.r.p.TestFile    Now processing file /home/runner/work/key/key/key.core/../key.ui/examples/standard_key/quantifiers/heuristic_PUZ031p1.key 
194840     INFO  main            d.u.i.k.p.i.AbstractProblemLoader Loading environment from /home/runner/work/key/key/key.core/../key.ui/examples/standard_key/quantifiers/heuristic_PUZ031p1.key 
194840     DEBUG main            d.u.i.k.p.i.AbstractProblemLoader Environment load took 146.4ns 
194841     INFO  main            d.u.i.k.p.i.AbstractProblemLoader Creating init config 
197238     DEBUG main            d.u.i.k.p.i.AbstractProblemLoader Init config took 2.4s 
197251     INFO  main            d.u.i.k.p.i.AbstractProblemLoader Replaying proof heuristic_PUZ031p1.key 
197253     DEBUG main            d.u.i.k.p.i.IntermediateProofReplayer Proof replay took 6.5ns 
201880     INFO  main            d.u.i.k.p.r.p.TestFile    ... finished proof: closed. 
202183     INFO  main            d.u.i.k.p.i.AbstractProblemLoader Loading environment from /home/runner/work/key/key/key.core/../key.ui/examples/standard_key/quantifiers/heuristic_PUZ031p1.key.proof 
202183     DEBUG main            d.u.i.k.p.i.AbstractProblemLoader Environment load took 200.4ns 
202185     INFO  main            d.u.i.k.p.i.AbstractProblemLoader Creating init config 
204552     DEBUG main            d.u.i.k.p.i.AbstractProblemLoader Init config took 2.37s 
204566     INFO  main            d.u.i.k.p.i.AbstractProblemLoader Replaying proof heuristic_PUZ031p1.key.proof 
204596     DEBUG main            d.u.i.k.p.i.IntermediateProofReplayer Proof replay took 26.23ms 
204597     DEBUG main            d.u.i.k.p.r.p.TestFile    ... success: reloaded. 
204597     INFO  main            d.u.i.k.p.r.p.TestFile    Now processing file /home/runner/work/key/key/key.core/../key.ui/examples/standard_key/quantifiers/heuristic_SYN036p2.key 
204598     INFO  main            d.u.i.k.p.i.AbstractProblemLoader Loading environment from /home/runner/work/key/key/key.core/../key.ui/examples/standard_key/quantifiers/heuristic_SYN036p2.key 
204598     DEBUG main            d.u.i.k.p.i.AbstractProblemLoader Environment load took 71.9ns 
204599     INFO  main            d.u.i.k.p.i.AbstractProblemLoader Creating init config 
206974     DEBUG main            d.u.i.k.p.i.AbstractProblemLoader Init config took 2.38s 
206986     INFO  main            d.u.i.k.p.i.AbstractProblemLoader Replaying proof heuristic_SYN036p2.key 
206988     DEBUG main            d.u.i.k.p.i.IntermediateProofReplayer Proof replay took 7.7ns 
207191     INFO  main            d.u.i.k.p.r.p.TestFile    ... finished proof: closed. 
207549     INFO  main            d.u.i.k.p.i.AbstractProblemLoader Loading environment from /home/runner/work/key/key/key.core/../key.ui/examples/standard_key/quantifiers/heuristic_SYN036p2.key.proof 
207550     DEBUG main            d.u.i.k.p.i.AbstractProblemLoader Environment load took 296.1ns 
207551     INFO  main            d.u.i.k.p.i.AbstractProblemLoader Creating init config 
209899     DEBUG main            d.u.i.k.p.i.AbstractProblemLoader Init config took 2.35s 
209912     INFO  main            d.u.i.k.p.i.AbstractProblemLoader Replaying proof heuristic_SYN036p2.key.proof 
209952     DEBUG main            d.u.i.k.p.i.IntermediateProofReplayer Proof replay took 33.92ms 
209953     DEBUG main            d.u.i.k.p.r.p.TestFile    ... success: reloaded. 
209954     INFO  main            d.u.i.k.p.r.p.TestFile    Now processing file /home/runner/work/key/key/key.core/../key.ui/examples/standard_key/quantifiers/injectivity.key 
209954     INFO  main            d.u.i.k.p.i.AbstractProblemLoader Loading environment from /home/runner/work/key/key/key.core/../key.ui/examples/standard_key/quantifiers/injectivity.key 
209954     DEBUG main            d.u.i.k.p.i.AbstractProblemLoader Environment load took 71.3ns 
209955     INFO  main            d.u.i.k.p.i.AbstractProblemLoader Creating init config 
212343     DEBUG main            d.u.i.k.p.i.AbstractProblemLoader Init config took 2.39s 
212355     INFO  main            d.u.i.k.p.i.AbstractProblemLoader Replaying proof injectivity.key 
212356     DEBUG main            d.u.i.k.p.i.IntermediateProofReplayer Proof replay took 6.5ns 
212458     INFO  main            d.u.i.k.p.r.p.TestFile    ... finished proof: closed. 
212754     INFO  main            d.u.i.k.p.i.AbstractProblemLoader Loading environment from /home/runner/work/key/key/key.core/../key.ui/examples/standard_key/quantifiers/injectivity.key.proof 
212754     DEBUG main            d.u.i.k.p.i.AbstractProblemLoader Environment load took 81.2ns 
212755     INFO  main            d.u.i.k.p.i.AbstractProblemLoader Creating init config 
215095     DEBUG main            d.u.i.k.p.i.AbstractProblemLoader Init config took 2.34s 
215115     INFO  main            d.u.i.k.p.i.AbstractProblemLoader Replaying proof injectivity.key.proof 
215117     DEBUG main            d.u.i.k.p.i.IntermediateProofReplayer Proof replay took 938.3ns 
215118     DEBUG main            d.u.i.k.p.r.p.TestFile    ... success: reloaded. 
215118     INFO  main            d.u.i.k.p.r.p.TestFile    Now processing file /home/runner/work/key/key/key.core/../key.ui/examples/standard_key/quantifiers/normalisation0.key 
215119     INFO  main            d.u.i.k.p.i.AbstractProblemLoader Loading environment from /home/runner/work/key/key/key.core/../key.ui/examples/standard_key/quantifiers/normalisation0.key 
215119     DEBUG main            d.u.i.k.p.i.AbstractProblemLoader Environment load took 58.9ns 
215120     INFO  main            d.u.i.k.p.i.AbstractProblemLoader Creating init config 
217498     DEBUG main            d.u.i.k.p.i.AbstractProblemLoader Init config took 2.38s 
217510     INFO  main            d.u.i.k.p.i.AbstractProblemLoader Replaying proof normalisation0.key 
217512     DEBUG main            d.u.i.k.p.i.IntermediateProofReplayer Proof replay took 6.7ns 
217617     INFO  main            d.u.i.k.p.r.p.TestFile    ... finished proof: closed. 
217899     INFO  main            d.u.i.k.p.i.AbstractProblemLoader Loading environment from /home/runner/work/key/key/key.core/../key.ui/examples/standard_key/quantifiers/normalisation0.key.proof 
217900     DEBUG main            d.u.i.k.p.i.AbstractProblemLoader Environment load took 83.2ns 
217901     INFO  main            d.u.i.k.p.i.AbstractProblemLoader Creating init config 
220266     DEBUG main            d.u.i.k.p.i.AbstractProblemLoader Init config took 2.37s 
220281     INFO  main            d.u.i.k.p.i.AbstractProblemLoader Replaying proof normalisation0.key.proof 
220284     DEBUG main            d.u.i.k.p.i.IntermediateProofReplayer Proof replay took 964.8ns 
220285     DEBUG main            d.u.i.k.p.r.p.TestFile    ... success: reloaded. 
220285     INFO  main            d.u.i.k.p.r.p.TestFile    Now processing file /home/runner/work/key/key/key.core/../key.ui/examples/standard_key/quantifiers/normalisation1.key 
220285     INFO  main            d.u.i.k.p.i.AbstractProblemLoader Loading environment from /home/runner/work/key/key/key.core/../key.ui/examples/standard_key/quantifiers/normalisation1.key 
220285     DEBUG main            d.u.i.k.p.i.AbstractProblemLoader Environment load took 64.1ns 
220286     INFO  main            d.u.i.k.p.i.AbstractProblemLoader Creating init config 
222690     DEBUG main            d.u.i.k.p.i.AbstractProblemLoader Init config took 2.4s 
222704     INFO  main            d.u.i.k.p.i.AbstractProblemLoader Replaying proof normalisation1.key 
222706     DEBUG main            d.u.i.k.p.i.IntermediateProofReplayer Proof replay took 6.4ns 
222810     INFO  main            d.u.i.k.p.r.p.TestFile    ... finished proof: closed. 
223113     INFO  main            d.u.i.k.p.i.AbstractProblemLoader Loading environment from /home/runner/work/key/key/key.core/../key.ui/examples/standard_key/quantifiers/normalisation1.key.proof 
223113     DEBUG main            d.u.i.k.p.i.AbstractProblemLoader Environment load took 76.7ns 
223114     INFO  main            d.u.i.k.p.i.AbstractProblemLoader Creating init config 
225472     DEBUG main            d.u.i.k.p.i.AbstractProblemLoader Init config took 2.36s 
225486     INFO  main            d.u.i.k.p.i.AbstractProblemLoader Replaying proof normalisation1.key.proof 
225488     DEBUG main            d.u.i.k.p.i.IntermediateProofReplayer Proof replay took 820ns 
225488     DEBUG main            d.u.i.k.p.r.p.TestFile    ... success: reloaded. 
225489     INFO  main            d.u.i.k.p.r.p.TestFile    Now processing file /home/runner/work/key/key/key.core/../key.ui/examples/standard_key/quantifiers/normalisation2.key 
225489     INFO  main            d.u.i.k.p.i.AbstractProblemLoader Loading environment from /home/runner/work/key/key/key.core/../key.ui/examples/standard_key/quantifiers/normalisation2.key 
225489     DEBUG main            d.u.i.k.p.i.AbstractProblemLoader Environment load took 57.7ns 
225490     INFO  main            d.u.i.k.p.i.AbstractProblemLoader Creating init config 
227865     DEBUG main            d.u.i.k.p.i.AbstractProblemLoader Init config took 2.37s 
227877     INFO  main            d.u.i.k.p.i.AbstractProblemLoader Replaying proof normalisation2.key 
227878     DEBUG main            d.u.i.k.p.i.IntermediateProofReplayer Proof replay took 6.9ns 
227980     INFO  main            d.u.i.k.p.r.p.TestFile    ... finished proof: closed. 
228282     INFO  main            d.u.i.k.p.i.AbstractProblemLoader Loading environment from /home/runner/work/key/key/key.core/../key.ui/examples/standard_key/quantifiers/normalisation2.key.proof 
228282     DEBUG main            d.u.i.k.p.i.AbstractProblemLoader Environment load took 75.4ns 
228283     INFO  main            d.u.i.k.p.i.AbstractProblemLoader Creating init config 
230637     DEBUG main            d.u.i.k.p.i.AbstractProblemLoader Init config took 2.35s 
230650     INFO  main            d.u.i.k.p.i.AbstractProblemLoader Replaying proof normalisation2.key.proof 
230652     DEBUG main            d.u.i.k.p.i.IntermediateProofReplayer Proof replay took 943.6ns 
230653     DEBUG main            d.u.i.k.p.r.p.TestFile    ... success: reloaded. 
230653     INFO  main            d.u.i.k.p.r.p.TestFile    Now processing file /home/runner/work/key/key/key.core/../key.ui/examples/standard_key/quantifiers/normalisation3.key 
230654     INFO  main            d.u.i.k.p.i.AbstractProblemLoader Loading environment from /home/runner/work/key/key/key.core/../key.ui/examples/standard_key/quantifiers/normalisation3.key 
230654     DEBUG main            d.u.i.k.p.i.AbstractProblemLoader Environment load took 47.1ns 
230654     INFO  main            d.u.i.k.p.i.AbstractProblemLoader Creating init config 
233032     DEBUG main            d.u.i.k.p.i.AbstractProblemLoader Init config took 2.38s 
233045     INFO  main            d.u.i.k.p.i.AbstractProblemLoader Replaying proof normalisation3.key 
233046     DEBUG main            d.u.i.k.p.i.IntermediateProofReplayer Proof replay took 6.5ns 
233148     INFO  main            d.u.i.k.p.r.p.TestFile    ... finished proof: closed. 
233450     INFO  main            d.u.i.k.p.i.AbstractProblemLoader Loading environment from /home/runner/work/key/key/key.core/../key.ui/examples/standard_key/quantifiers/normalisation3.key.proof 
233450     DEBUG main            d.u.i.k.p.i.AbstractProblemLoader Environment load took 83.1ns 
233451     INFO  main            d.u.i.k.p.i.AbstractProblemLoader Creating init config 
235804     DEBUG main            d.u.i.k.p.i.AbstractProblemLoader Init config took 2.35s 
235817     INFO  main            d.u.i.k.p.i.AbstractProblemLoader Replaying proof normalisation3.key.proof 
235819     DEBUG main            d.u.i.k.p.i.IntermediateProofReplayer Proof replay took 1.04ms 
235819     DEBUG main            d.u.i.k.p.r.p.TestFile    ... success: reloaded. 
235820     INFO  main            d.u.i.k.p.r.p.TestFile    Now processing file /home/runner/work/key/key/key.core/../key.ui/examples/standard_key/quantifiers/normalisation4.key 
235820     INFO  main            d.u.i.k.p.i.AbstractProblemLoader Loading environment from /home/runner/work/key/key/key.core/../key.ui/examples/standard_key/quantifiers/normalisation4.key 
235820     DEBUG main            d.u.i.k.p.i.AbstractProblemLoader Environment load took 121.3ns 
235821     INFO  main            d.u.i.k.p.i.AbstractProblemLoader Creating init config 
238194     DEBUG main            d.u.i.k.p.i.AbstractProblemLoader Init config took 2.37s 
238206     INFO  main            d.u.i.k.p.i.AbstractProblemLoader Replaying proof normalisation4.key 
238208     DEBUG main            d.u.i.k.p.i.IntermediateProofReplayer Proof replay took 6.2ns 
238309     INFO  main            d.u.i.k.p.r.p.TestFile    ... finished proof: closed. 
238622     INFO  main            d.u.i.k.p.i.AbstractProblemLoader Loading environment from /home/runner/work/key/key/key.core/../key.ui/examples/standard_key/quantifiers/normalisation4.key.proof 
238622     DEBUG main            d.u.i.k.p.i.AbstractProblemLoader Environment load took 80.3ns 
238623     INFO  main            d.u.i.k.p.i.AbstractProblemLoader Creating init config 
240974     DEBUG main            d.u.i.k.p.i.AbstractProblemLoader Init config took 2.35s 
240987     INFO  main            d.u.i.k.p.i.AbstractProblemLoader Replaying proof normalisation4.key.proof 
240990     DEBUG main            d.u.i.k.p.i.IntermediateProofReplayer Proof replay took 1.88ms 
240991     DEBUG main            d.u.i.k.p.r.p.TestFile    ... success: reloaded. 
240992     INFO  main            d.u.i.k.p.r.p.TestFile    Now processing file /home/runner/work/key/key/key.core/../key.ui/examples/standard_key/quantifiers/normalisation5.key 
240992     INFO  main            d.u.i.k.p.i.AbstractProblemLoader Loading environment from /home/runner/work/key/key/key.core/../key.ui/examples/standard_key/quantifiers/normalisation5.key 
240992     DEBUG main            d.u.i.k.p.i.AbstractProblemLoader Environment load took 71.8ns 
240993     INFO  main            d.u.i.k.p.i.AbstractProblemLoader Creating init config 
243368     DEBUG main            d.u.i.k.p.i.AbstractProblemLoader Init config took 2.38s 
243381     INFO  main            d.u.i.k.p.i.AbstractProblemLoader Replaying proof normalisation5.key 
243382     DEBUG main            d.u.i.k.p.i.IntermediateProofReplayer Proof replay took 7.3ns 
243484     INFO  main            d.u.i.k.p.r.p.TestFile    ... finished proof: closed. 
243797     INFO  main            d.u.i.k.p.i.AbstractProblemLoader Loading environment from /home/runner/work/key/key/key.core/../key.ui/examples/standard_key/quantifiers/normalisation5.key.proof 
243797     DEBUG main            d.u.i.k.p.i.AbstractProblemLoader Environment load took 80.2ns 
243798     INFO  main            d.u.i.k.p.i.AbstractProblemLoader Creating init config 
246148     DEBUG main            d.u.i.k.p.i.AbstractProblemLoader Init config took 2.35s 
246161     INFO  main            d.u.i.k.p.i.AbstractProblemLoader Replaying proof normalisation5.key.proof 
246164     DEBUG main            d.u.i.k.p.i.IntermediateProofReplayer Proof replay took 1.17ms 
246164     DEBUG main            d.u.i.k.p.r.p.TestFile    ... success: reloaded. 
246165     INFO  main            d.u.i.k.p.r.p.TestFile    Now processing file /home/runner/work/key/key/key.core/../key.ui/examples/standard_key/quantifiers/normalisation6.key 
246165     INFO  main            d.u.i.k.p.i.AbstractProblemLoader Loading environment from /home/runner/work/key/key/key.core/../key.ui/examples/standard_key/quantifiers/normalisation6.key 
246165     DEBUG main            d.u.i.k.p.i.AbstractProblemLoader Environment load took 112.8ns 
246166     INFO  main            d.u.i.k.p.i.AbstractProblemLoader Creating init config 
248538     DEBUG main            d.u.i.k.p.i.AbstractProblemLoader Init config took 2.37s 
248551     INFO  main            d.u.i.k.p.i.AbstractProblemLoader Replaying proof normalisation6.key 
248552     DEBUG main            d.u.i.k.p.i.IntermediateProofReplayer Proof replay took 7.4ns 
248654     INFO  main            d.u.i.k.p.r.p.TestFile    ... finished proof: closed. 
248978     INFO  main            d.u.i.k.p.i.AbstractProblemLoader Loading environment from /home/runner/work/key/key/key.core/../key.ui/examples/standard_key/quantifiers/normalisation6.key.proof 
248978     DEBUG main            d.u.i.k.p.i.AbstractProblemLoader Environment load took 73.2ns 
248979     INFO  main            d.u.i.k.p.i.AbstractProblemLoader Creating init config 
251351     DEBUG main            d.u.i.k.p.i.AbstractProblemLoader Init config took 2.37s 
251364     INFO  main            d.u.i.k.p.i.AbstractProblemLoader Replaying proof normalisation6.key.proof 
251366     DEBUG main            d.u.i.k.p.i.IntermediateProofReplayer Proof replay took 1.03ms 
251367     DEBUG main            d.u.i.k.p.r.p.TestFile    ... success: reloaded. 
251368     INFO  main            d.u.i.k.p.r.p.TestFile    Now processing file /home/runner/work/key/key/key.core/../key.ui/examples/standard_key/quantifiers/normalisation7.key 
251368     INFO  main            d.u.i.k.p.i.AbstractProblemLoader Loading environment from /home/runner/work/key/key/key.core/../key.ui/examples/standard_key/quantifiers/normalisation7.key 
251368     DEBUG main            d.u.i.k.p.i.AbstractProblemLoader Environment load took 83.8ns 
251369     INFO  main            d.u.i.k.p.i.AbstractProblemLoader Creating init config 
253744     DEBUG main            d.u.i.k.p.i.AbstractProblemLoader Init config took 2.38s 
253757     INFO  main            d.u.i.k.p.i.AbstractProblemLoader Replaying proof normalisation7.key 
253758     DEBUG main            d.u.i.k.p.i.IntermediateProofReplayer Proof replay took 6.6ns 
253861     INFO  main            d.u.i.k.p.r.p.TestFile    ... finished proof: closed. 
254190     INFO  main            d.u.i.k.p.i.AbstractProblemLoader Loading environment from /home/runner/work/key/key/key.core/../key.ui/examples/standard_key/quantifiers/normalisation7.key.proof 
254190     DEBUG main            d.u.i.k.p.i.AbstractProblemLoader Environment load took 81.4ns 
254191     INFO  main            d.u.i.k.p.i.AbstractProblemLoader Creating init config 
256538     DEBUG main            d.u.i.k.p.i.AbstractProblemLoader Init config took 2.35s 
256554     INFO  main            d.u.i.k.p.i.AbstractProblemLoader Replaying proof normalisation7.key.proof 
256556     DEBUG main            d.u.i.k.p.i.IntermediateProofReplayer Proof replay took 1.27ms 
256557     DEBUG main            d.u.i.k.p.r.p.TestFile    ... success: reloaded. 
256558     INFO  main            d.u.i.k.p.r.p.TestFile    Now processing file /home/runner/work/key/key/key.core/../key.ui/examples/standard_key/quantifiers/normalisation8.key 
256558     INFO  main            d.u.i.k.p.i.AbstractProblemLoader Loading environment from /home/runner/work/key/key/key.core/../key.ui/examples/standard_key/quantifiers/normalisation8.key 
256558     DEBUG main            d.u.i.k.p.i.AbstractProblemLoader Environment load took 156.4ns 
256559     INFO  main            d.u.i.k.p.i.AbstractProblemLoader Creating init config 
258929     DEBUG main            d.u.i.k.p.i.AbstractProblemLoader Init config took 2.37s 
258943     INFO  main            d.u.i.k.p.i.AbstractProblemLoader Replaying proof normalisation8.key 
258945     DEBUG main            d.u.i.k.p.i.IntermediateProofReplayer Proof replay took 7ns 
259047     INFO  main            d.u.i.k.p.r.p.TestFile    ... finished proof: closed. 
259379     INFO  main            d.u.i.k.p.i.AbstractProblemLoader Loading environment from /home/runner/work/key/key/key.core/../key.ui/examples/standard_key/quantifiers/normalisation8.key.proof 
259379     DEBUG main            d.u.i.k.p.i.AbstractProblemLoader Environment load took 76.8ns 
259380     INFO  main            d.u.i.k.p.i.AbstractProblemLoader Creating init config 
261726     DEBUG main            d.u.i.k.p.i.AbstractProblemLoader Init config took 2.35s 
261739     INFO  main            d.u.i.k.p.i.AbstractProblemLoader Replaying proof normalisation8.key.proof 
261742     DEBUG main            d.u.i.k.p.i.IntermediateProofReplayer Proof replay took 2.13ms 
261743     DEBUG main            d.u.i.k.p.r.p.TestFile    ... success: reloaded. 
261743     INFO  main            d.u.i.k.p.r.p.TestFile    Now processing file /home/runner/work/key/key/key.core/../key.ui/examples/standard_key/quantifiers/normalisation9.key 
261744     INFO  main            d.u.i.k.p.i.AbstractProblemLoader Loading environment from /home/runner/work/key/key/key.core/../key.ui/examples/standard_key/quantifiers/normalisation9.key 
261744     DEBUG main            d.u.i.k.p.i.AbstractProblemLoader Environment load took 74.1ns 
261745     INFO  main            d.u.i.k.p.i.AbstractProblemLoader Creating init config 
264126     DEBUG main            d.u.i.k.p.i.AbstractProblemLoader Init config took 2.38s 
264138     INFO  main            d.u.i.k.p.i.AbstractProblemLoader Replaying proof normalisation9.key 
264139     DEBUG main            d.u.i.k.p.i.IntermediateProofReplayer Proof replay took 6.6ns 
264241     INFO  main            d.u.i.k.p.r.p.TestFile    ... finished proof: closed. 
264573     INFO  main            d.u.i.k.p.i.AbstractProblemLoader Loading environment from /home/runner/work/key/key/key.core/../key.ui/examples/standard_key/quantifiers/normalisation9.key.proof 
264573     DEBUG main            d.u.i.k.p.i.AbstractProblemLoader Environment load took 76.3ns 
264574     INFO  main            d.u.i.k.p.i.AbstractProblemLoader Creating init config 
266918     DEBUG main            d.u.i.k.p.i.AbstractProblemLoader Init config took 2.34s 
266933     INFO  main            d.u.i.k.p.i.AbstractProblemLoader Replaying proof normalisation9.key.proof 
266938     DEBUG main            d.u.i.k.p.i.IntermediateProofReplayer Proof replay took 3.14ms 
266939     DEBUG main            d.u.i.k.p.r.p.TestFile    ... success: reloaded. 
266939     INFO  main            d.u.i.k.p.r.p.TestFile    Now processing file /home/runner/work/key/key/key.core/../key.ui/examples/standard_key/quantifiers/normalisation10.key 
266940     INFO  main            d.u.i.k.p.i.AbstractProblemLoader Loading environment from /home/runner/work/key/key/key.core/../key.ui/examples/standard_key/quantifiers/normalisation10.key 
266940     DEBUG main            d.u.i.k.p.i.AbstractProblemLoader Environment load took 155.3ns 
266941     INFO  main            d.u.i.k.p.i.AbstractProblemLoader Creating init config 
269326     DEBUG main            d.u.i.k.p.i.AbstractProblemLoader Init config took 2.39s 
269339     INFO  main            d.u.i.k.p.i.AbstractProblemLoader Replaying proof normalisation10.key 
269340     DEBUG main            d.u.i.k.p.i.IntermediateProofReplayer Proof replay took 5.8ns 
269442     INFO  main            d.u.i.k.p.r.p.TestFile    ... finished proof: closed. 
269785     INFO  main            d.u.i.k.p.i.AbstractProblemLoader Loading environment from /home/runner/work/key/key/key.core/../key.ui/examples/standard_key/quantifiers/normalisation10.key.proof 
269786     DEBUG main            d.u.i.k.p.i.AbstractProblemLoader Environment load took 72.4ns 
269786     INFO  main            d.u.i.k.p.i.AbstractProblemLoader Creating init config 
272140     DEBUG main            d.u.i.k.p.i.AbstractProblemLoader Init config took 2.35s 
272153     INFO  main            d.u.i.k.p.i.AbstractProblemLoader Replaying proof normalisation10.key.proof 
272156     DEBUG main            d.u.i.k.p.i.IntermediateProofReplayer Proof replay took 2.59ms 
272157     DEBUG main            d.u.i.k.p.r.p.TestFile    ... success: reloaded. 
272158     INFO  main            d.u.i.k.p.r.p.TestFile    Now processing file /home/runner/work/key/key/key.core/../key.ui/examples/standard_key/quantifiers/normalisation12.key 
272158     INFO  main            d.u.i.k.p.i.AbstractProblemLoader Loading environment from /home/runner/work/key/key/key.core/../key.ui/examples/standard_key/quantifiers/normalisation12.key 
272158     DEBUG main            d.u.i.k.p.i.AbstractProblemLoader Environment load took 64.8ns 
272159     INFO  main            d.u.i.k.p.i.AbstractProblemLoader Creating init config 
274537     DEBUG main            d.u.i.k.p.i.AbstractProblemLoader Init config took 2.38s 
274550     INFO  main            d.u.i.k.p.i.AbstractProblemLoader Replaying proof normalisation12.key 
274552     DEBUG main            d.u.i.k.p.i.IntermediateProofReplayer Proof replay took 7.4ns 
274653     INFO  main            d.u.i.k.p.r.p.TestFile    ... finished proof: closed. 
275001     INFO  main            d.u.i.k.p.i.AbstractProblemLoader Loading environment from /home/runner/work/key/key/key.core/../key.ui/examples/standard_key/quantifiers/normalisation12.key.proof 
275001     DEBUG main            d.u.i.k.p.i.AbstractProblemLoader Environment load took 76ns 
275002     INFO  main            d.u.i.k.p.i.AbstractProblemLoader Creating init config 
277341     DEBUG main            d.u.i.k.p.i.AbstractProblemLoader Init config took 2.34s 
277354     INFO  main            d.u.i.k.p.i.AbstractProblemLoader Replaying proof normalisation12.key.proof 
277356     DEBUG main            d.u.i.k.p.i.IntermediateProofReplayer Proof replay took 738.4ns 
277357     DEBUG main            d.u.i.k.p.r.p.TestFile    ... success: reloaded. 
277357     INFO  main            d.u.i.k.p.r.p.TestFile    Now processing file /home/runner/work/key/key/key.core/../key.ui/examples/standard_key/quantifiers/normalisation13.key 
277358     INFO  main            d.u.i.k.p.i.AbstractProblemLoader Loading environment from /home/runner/work/key/key/key.core/../key.ui/examples/standard_key/quantifiers/normalisation13.key 
277358     DEBUG main            d.u.i.k.p.i.AbstractProblemLoader Environment load took 51ns 
277359     INFO  main            d.u.i.k.p.i.AbstractProblemLoader Creating init config 
279740     DEBUG main            d.u.i.k.p.i.AbstractProblemLoader Init config took 2.38s 
279752     INFO  main            d.u.i.k.p.i.AbstractProblemLoader Replaying proof normalisation13.key 
279754     DEBUG main            d.u.i.k.p.i.IntermediateProofReplayer Proof replay took 6.5ns 
279856     INFO  main            d.u.i.k.p.r.p.TestFile    ... finished proof: closed. 
280205     INFO  main            d.u.i.k.p.i.AbstractProblemLoader Loading environment from /home/runner/work/key/key/key.core/../key.ui/examples/standard_key/quantifiers/normalisation13.key.proof 
280206     DEBUG main            d.u.i.k.p.i.AbstractProblemLoader Environment load took 74.1ns 
280206     INFO  main            d.u.i.k.p.i.AbstractProblemLoader Creating init config 
282555     DEBUG main            d.u.i.k.p.i.AbstractProblemLoader Init config took 2.35s 
282568     INFO  main            d.u.i.k.p.i.AbstractProblemLoader Replaying proof normalisation13.key.proof 
282569     DEBUG main            d.u.i.k.p.i.IntermediateProofReplayer Proof replay took 462.1ns 
282570     DEBUG main            d.u.i.k.p.r.p.TestFile    ... success: reloaded. 
282571     INFO  main            d.u.i.k.p.r.p.TestFile    Now processing file /home/runner/work/key/key/key.core/../key.ui/examples/standard_key/quantifiers/triggers0.key 
282571     INFO  main            d.u.i.k.p.i.AbstractProblemLoader Loading environment from /home/runner/work/key/key/key.core/../key.ui/examples/standard_key/quantifiers/triggers0.key 
282571     DEBUG main            d.u.i.k.p.i.AbstractProblemLoader Environment load took 42ns 
282571     INFO  main            d.u.i.k.p.i.AbstractProblemLoader Creating init config 
284948     DEBUG main            d.u.i.k.p.i.AbstractProblemLoader Init config took 2.38s 
284960     INFO  main            d.u.i.k.p.i.AbstractProblemLoader Replaying proof triggers0.key 
284962     DEBUG main            d.u.i.k.p.i.IntermediateProofReplayer Proof replay took 7.1ns 
285063     INFO  main            d.u.i.k.p.r.p.TestFile    ... finished proof: closed. 
285420     INFO  main            d.u.i.k.p.i.AbstractProblemLoader Loading environment from /home/runner/work/key/key/key.core/../key.ui/examples/standard_key/quantifiers/triggers0.key.proof 
285420     DEBUG main            d.u.i.k.p.i.AbstractProblemLoader Environment load took 72.2ns 
285421     INFO  main            d.u.i.k.p.i.AbstractProblemLoader Creating init config 
287757     DEBUG main            d.u.i.k.p.i.AbstractProblemLoader Init config took 2.34s 
287769     INFO  main            d.u.i.k.p.i.AbstractProblemLoader Replaying proof triggers0.key.proof 
287771     DEBUG main            d.u.i.k.p.i.IntermediateProofReplayer Proof replay took 771.5ns 
287772     DEBUG main            d.u.i.k.p.r.p.TestFile    ... success: reloaded. 
3779678    INFO  Test worker     d.u.i.k.p.r.RunAllProofsTestUnit Returning from test FOL 
3779678    INFO  Test worker     d.u.i.k.p.r.RunAllProofsTestUnit Running test strings 
353        INFO  Timeout watchdog d.u.i.k.p.r.p.ForkedTestFileRunner Timeout watcher launched (2000 secs.) 
364        WARN  main            d.u.i.k.s.ProofSettings   The settings in /home/runner/.key/proof-settings.props are *not* read. 
390        INFO  main            d.u.i.k.p.r.p.TestFile    Now processing file /home/runner/work/key/key/key.core/../key.ui/examples/standard_key/strings/charAt0.key 
494        INFO  main            d.u.i.k.p.i.AbstractProblemLoader Loading environment from /home/runner/work/key/key/key.core/../key.ui/examples/standard_key/strings/charAt0.key 
521        DEBUG main            d.u.i.k.p.i.AbstractProblemLoader Environment load took 2.1ms 
794        INFO  main            d.u.i.k.p.i.AbstractProblemLoader Creating init config 
1534       DEBUG main            d.u.i.k.j.TypeConverter   No LDT found for Meta 
1535       DEBUG main            d.u.i.k.j.TypeConverter   No LDT found for Meta 
1542       DEBUG main            d.u.i.k.j.TypeConverter   No LDT found for Meta 
1542       DEBUG main            d.u.i.k.j.TypeConverter   No LDT found for Meta 
3028       DEBUG main            d.u.i.k.j.TypeConverter   No LDT found for JavaBigintExpression 
8231       DEBUG main            d.u.i.k.p.i.AbstractProblemLoader Init config took 7.44s 
8293       INFO  main            d.u.i.k.p.i.AbstractProblemLoader Replaying proof charAt0.key 
8322       DEBUG main            d.u.i.k.p.i.IntermediateProofReplayer Proof replay took 33.1ns 
8704       INFO  main            d.u.i.k.p.r.p.TestFile    ... finished proof: closed. 
8804       INFO  main            d.u.i.k.p.i.AbstractProblemLoader Loading environment from /home/runner/work/key/key/key.core/../key.ui/examples/standard_key/strings/charAt0.key.proof 
8804       DEBUG main            d.u.i.k.p.i.AbstractProblemLoader Environment load took 184.6ns 
8808       INFO  main            d.u.i.k.p.i.AbstractProblemLoader Creating init config 
11583      DEBUG main            d.u.i.k.p.i.AbstractProblemLoader Init config took 2.78s 
11612      INFO  main            d.u.i.k.p.i.AbstractProblemLoader Replaying proof charAt0.key.proof 
11628      DEBUG main            d.u.i.k.p.i.IntermediateProofReplayer Proof replay took 11.92ms 
11637      DEBUG main            d.u.i.k.p.r.p.TestFile    ... success: reloaded. 
11638      INFO  main            d.u.i.k.p.r.p.TestFile    Now processing file /home/runner/work/key/key/key.core/../key.ui/examples/standard_key/strings/charAt1.key 
11639      INFO  main            d.u.i.k.p.i.AbstractProblemLoader Loading environment from /home/runner/work/key/key/key.core/../key.ui/examples/standard_key/strings/charAt1.key 
11639      DEBUG main            d.u.i.k.p.i.AbstractProblemLoader Environment load took 113.4ns 
11640      INFO  main            d.u.i.k.p.i.AbstractProblemLoader Creating init config 
14271      DEBUG main            d.u.i.k.p.i.AbstractProblemLoader Init config took 2.63s 
14300      INFO  main            d.u.i.k.p.i.AbstractProblemLoader Replaying proof charAt1.key 
14302      DEBUG main            d.u.i.k.p.i.IntermediateProofReplayer Proof replay took 6.2ns 
14505      INFO  main            d.u.i.k.p.r.p.TestFile    ... finished proof: closed. 
14632      INFO  main            d.u.i.k.p.i.AbstractProblemLoader Loading environment from /home/runner/work/key/key/key.core/../key.ui/examples/standard_key/strings/charAt1.key.proof 
14634      DEBUG main            d.u.i.k.p.i.AbstractProblemLoader Environment load took 2.02ms 
14636      INFO  main            d.u.i.k.p.i.AbstractProblemLoader Creating init config 
17225      DEBUG main            d.u.i.k.p.i.AbstractProblemLoader Init config took 2.59s 
17248      INFO  main            d.u.i.k.p.i.AbstractProblemLoader Replaying proof charAt1.key.proof 
17261      DEBUG main            d.u.i.k.p.i.IntermediateProofReplayer Proof replay took 10.45ms 
17262      DEBUG main            d.u.i.k.p.r.p.TestFile    ... success: reloaded. 
17263      INFO  main            d.u.i.k.p.r.p.TestFile    Now processing file /home/runner/work/key/key/key.core/../key.ui/examples/standard_key/strings/concat1.key 
17263      INFO  main            d.u.i.k.p.i.AbstractProblemLoader Loading environment from /home/runner/work/key/key/key.core/../key.ui/examples/standard_key/strings/concat1.key 
17264      DEBUG main            d.u.i.k.p.i.AbstractProblemLoader Environment load took 172.1ns 
17265      INFO  main            d.u.i.k.p.i.AbstractProblemLoader Creating init config 
19842      DEBUG main            d.u.i.k.p.i.AbstractProblemLoader Init config took 2.58s 
19863      INFO  main            d.u.i.k.p.i.AbstractProblemLoader Replaying proof concat1.key 
19865      DEBUG main            d.u.i.k.p.i.IntermediateProofReplayer Proof replay took 6ns 
19967      INFO  main            d.u.i.k.p.r.p.TestFile    ... finished proof: closed. 
20085      INFO  main            d.u.i.k.p.i.AbstractProblemLoader Loading environment from /home/runner/work/key/key/key.core/../key.ui/examples/standard_key/strings/concat1.key.proof 
20086      DEBUG main            d.u.i.k.p.i.AbstractProblemLoader Environment load took 119.8ns 
20087      INFO  main            d.u.i.k.p.i.AbstractProblemLoader Creating init config 
22622      DEBUG main            d.u.i.k.p.i.AbstractProblemLoader Init config took 2.54s 
22642      INFO  main            d.u.i.k.p.i.AbstractProblemLoader Replaying proof concat1.key.proof 
22645      DEBUG main            d.u.i.k.p.i.IntermediateProofReplayer Proof replay took 1.09ms 
22646      DEBUG main            d.u.i.k.p.r.p.TestFile    ... success: reloaded. 
22646      INFO  main            d.u.i.k.p.r.p.TestFile    Now processing file /home/runner/work/key/key/key.core/../key.ui/examples/standard_key/strings/concat2.key 
22647      INFO  main            d.u.i.k.p.i.AbstractProblemLoader Loading environment from /home/runner/work/key/key/key.core/../key.ui/examples/standard_key/strings/concat2.key 
22647      DEBUG main            d.u.i.k.p.i.AbstractProblemLoader Environment load took 71.5ns 
22648      INFO  main            d.u.i.k.p.i.AbstractProblemLoader Creating init config 
25181      DEBUG main            d.u.i.k.p.i.AbstractProblemLoader Init config took 2.53s 
25199      INFO  main            d.u.i.k.p.i.AbstractProblemLoader Replaying proof concat2.key 
25201      DEBUG main            d.u.i.k.p.i.IntermediateProofReplayer Proof replay took 5.9ns 
25303      INFO  main            d.u.i.k.p.r.p.TestFile    ... finished proof: closed. 
25444      INFO  main            d.u.i.k.p.i.AbstractProblemLoader Loading environment from /home/runner/work/key/key/key.core/../key.ui/examples/standard_key/strings/concat2.key.proof 
25444      DEBUG main            d.u.i.k.p.i.AbstractProblemLoader Environment load took 129.3ns 
25445      INFO  main            d.u.i.k.p.i.AbstractProblemLoader Creating init config 
27960      DEBUG main            d.u.i.k.p.i.AbstractProblemLoader Init config took 2.51s 
27978      INFO  main            d.u.i.k.p.i.AbstractProblemLoader Replaying proof concat2.key.proof 
27987      DEBUG main            d.u.i.k.p.i.IntermediateProofReplayer Proof replay took 6.72ms 
27989      DEBUG main            d.u.i.k.p.r.p.TestFile    ... success: reloaded. 
27990      INFO  main            d.u.i.k.p.r.p.TestFile    Now processing file /home/runner/work/key/key/key.core/../key.ui/examples/standard_key/strings/deriveLength1.key 
27991      INFO  main            d.u.i.k.p.i.AbstractProblemLoader Loading environment from /home/runner/work/key/key/key.core/../key.ui/examples/standard_key/strings/deriveLength1.key 
27991      DEBUG main            d.u.i.k.p.i.AbstractProblemLoader Environment load took 187.2ns 
27992      INFO  main            d.u.i.k.p.i.AbstractProblemLoader Creating init config 
30520      DEBUG main            d.u.i.k.p.i.AbstractProblemLoader Init config took 2.53s 
30538      INFO  main            d.u.i.k.p.i.AbstractProblemLoader Replaying proof deriveLength1.key 
30540      DEBUG main            d.u.i.k.p.i.IntermediateProofReplayer Proof replay took 5.7ns 
30643      INFO  main            d.u.i.k.p.r.p.TestFile    ... finished proof: closed. 
30781      INFO  main            d.u.i.k.p.i.AbstractProblemLoader Loading environment from /home/runner/work/key/key/key.core/../key.ui/examples/standard_key/strings/deriveLength1.key.proof 
30781      DEBUG main            d.u.i.k.p.i.AbstractProblemLoader Environment load took 107.9ns 
30782      INFO  main            d.u.i.k.p.i.AbstractProblemLoader Creating init config 
33273      DEBUG main            d.u.i.k.p.i.AbstractProblemLoader Init config took 2.49s 
33292      INFO  main            d.u.i.k.p.i.AbstractProblemLoader Replaying proof deriveLength1.key.proof 
33312      DEBUG main            d.u.i.k.p.i.IntermediateProofReplayer Proof replay took 17.76ms 
33314      DEBUG main            d.u.i.k.p.r.p.TestFile    ... success: reloaded. 
33316      INFO  main            d.u.i.k.p.r.p.TestFile    Now processing file /home/runner/work/key/key/key.core/../key.ui/examples/standard_key/strings/emptyStringLengthZero.key 
33316      INFO  main            d.u.i.k.p.i.AbstractProblemLoader Loading environment from /home/runner/work/key/key/key.core/../key.ui/examples/standard_key/strings/emptyStringLengthZero.key 
33316      DEBUG main            d.u.i.k.p.i.AbstractProblemLoader Environment load took 103.3ns 
33317      INFO  main            d.u.i.k.p.i.AbstractProblemLoader Creating init config 
35862      DEBUG main            d.u.i.k.p.i.AbstractProblemLoader Init config took 2.54s 
35880      INFO  main            d.u.i.k.p.i.AbstractProblemLoader Replaying proof emptyStringLengthZero.key 
35882      DEBUG main            d.u.i.k.p.i.IntermediateProofReplayer Proof replay took 7.1ns 
35984      INFO  main            d.u.i.k.p.r.p.TestFile    ... finished proof: closed. 
36117      INFO  main            d.u.i.k.p.i.AbstractProblemLoader Loading environment from /home/runner/work/key/key/key.core/../key.ui/examples/standard_key/strings/emptyStringLengthZero.key.proof 
36117      DEBUG main            d.u.i.k.p.i.AbstractProblemLoader Environment load took 103.4ns 
36118      INFO  main            d.u.i.k.p.i.AbstractProblemLoader Creating init config 
38575      DEBUG main            d.u.i.k.p.i.AbstractProblemLoader Init config took 2.46s 
38592      INFO  main            d.u.i.k.p.i.AbstractProblemLoader Replaying proof emptyStringLengthZero.key.proof 
38600      DEBUG main            d.u.i.k.p.i.IntermediateProofReplayer Proof replay took 6.15ms 
38601      DEBUG main            d.u.i.k.p.r.p.TestFile    ... success: reloaded. 
38602      INFO  main            d.u.i.k.p.r.p.TestFile    Now processing file /home/runner/work/key/key/key.core/../key.ui/examples/standard_key/strings/implicitBooleanStringConversion.key 
38603      INFO  main            d.u.i.k.p.i.AbstractProblemLoader Loading environment from /home/runner/work/key/key/key.core/../key.ui/examples/standard_key/strings/implicitBooleanStringConversion.key 
38603      DEBUG main            d.u.i.k.p.i.AbstractProblemLoader Environment load took 156.8ns 
38604      INFO  main            d.u.i.k.p.i.AbstractProblemLoader Creating init config 
41097      DEBUG main            d.u.i.k.p.i.AbstractProblemLoader Init config took 2.49s 
41117      INFO  main            d.u.i.k.p.i.AbstractProblemLoader Replaying proof implicitBooleanStringConversion.key 
41118      DEBUG main            d.u.i.k.p.i.IntermediateProofReplayer Proof replay took 7ns 
42130      INFO  main            d.u.i.k.p.r.p.TestFile    ... finished proof: closed. 
42294      INFO  main            d.u.i.k.p.i.AbstractProblemLoader Loading environment from /home/runner/work/key/key/key.core/../key.ui/examples/standard_key/strings/implicitBooleanStringConversion.key.proof 
42294      DEBUG main            d.u.i.k.p.i.AbstractProblemLoader Environment load took 311.7ns 
42295      INFO  main            d.u.i.k.p.i.AbstractProblemLoader Creating init config 
44772      DEBUG main            d.u.i.k.p.i.AbstractProblemLoader Init config took 2.48s 
44791      INFO  main            d.u.i.k.p.i.AbstractProblemLoader Replaying proof implicitBooleanStringConversion.key.proof 
44842      DEBUG main            d.u.i.k.p.i.IntermediateProofReplayer Proof replay took 45.74ms 
44843      DEBUG main            d.u.i.k.p.r.p.TestFile    ... success: reloaded. 
44843      INFO  main            d.u.i.k.p.r.p.TestFile    Now processing file /home/runner/work/key/key/key.core/../key.ui/examples/standard_key/strings/implicitBooleanStringConversion2.key 
44843      INFO  main            d.u.i.k.p.i.AbstractProblemLoader Loading environment from /home/runner/work/key/key/key.core/../key.ui/examples/standard_key/strings/implicitBooleanStringConversion2.key 
44843      DEBUG main            d.u.i.k.p.i.AbstractProblemLoader Environment load took 84.4ns 
44844      INFO  main            d.u.i.k.p.i.AbstractProblemLoader Creating init config 
47394      DEBUG main            d.u.i.k.p.i.AbstractProblemLoader Init config took 2.55s 
47412      INFO  main            d.u.i.k.p.i.AbstractProblemLoader Replaying proof implicitBooleanStringConversion2.key 
47413      DEBUG main            d.u.i.k.p.i.IntermediateProofReplayer Proof replay took 5.9ns 
47716      INFO  main            d.u.i.k.p.r.p.TestFile    ... finished proof: closed. 
47900      INFO  main            d.u.i.k.p.i.AbstractProblemLoader Loading environment from /home/runner/work/key/key/key.core/../key.ui/examples/standard_key/strings/implicitBooleanStringConversion2.key.proof 
47900      DEBUG main            d.u.i.k.p.i.AbstractProblemLoader Environment load took 112.1ns 
47901      INFO  main            d.u.i.k.p.i.AbstractProblemLoader Creating init config 
50350      DEBUG main            d.u.i.k.p.i.AbstractProblemLoader Init config took 2.45s 
50371      INFO  main            d.u.i.k.p.i.AbstractProblemLoader Replaying proof implicitBooleanStringConversion2.key.proof 
50399      DEBUG main            d.u.i.k.p.i.IntermediateProofReplayer Proof replay took 23.84ms 
50401      DEBUG main            d.u.i.k.p.r.p.TestFile    ... success: reloaded. 
50402      INFO  main            d.u.i.k.p.r.p.TestFile    Now processing file /home/runner/work/key/key/key.core/../key.ui/examples/standard_key/strings/implicitIntStringConversion.key 
50402      INFO  main            d.u.i.k.p.i.AbstractProblemLoader Loading environment from /home/runner/work/key/key/key.core/../key.ui/examples/standard_key/strings/implicitIntStringConversion.key 
50402      DEBUG main            d.u.i.k.p.i.AbstractProblemLoader Environment load took 203.2ns 
50403      INFO  main            d.u.i.k.p.i.AbstractProblemLoader Creating init config 
52866      DEBUG main            d.u.i.k.p.i.AbstractProblemLoader Init config took 2.46s 
52882      INFO  main            d.u.i.k.p.i.AbstractProblemLoader Replaying proof implicitIntStringConversion.key 
52884      DEBUG main            d.u.i.k.p.i.IntermediateProofReplayer Proof replay took 5.5ns 
53487      INFO  main            d.u.i.k.p.r.p.TestFile    ... finished proof: closed. 
53675      INFO  main            d.u.i.k.p.i.AbstractProblemLoader Loading environment from /home/runner/work/key/key/key.core/../key.ui/examples/standard_key/strings/implicitIntStringConversion.key.proof 
53678      DEBUG main            d.u.i.k.p.i.AbstractProblemLoader Environment load took 3.62ms 
53680      INFO  main            d.u.i.k.p.i.AbstractProblemLoader Creating init config 
56127      DEBUG main            d.u.i.k.p.i.AbstractProblemLoader Init config took 2.45s 
56144      INFO  main            d.u.i.k.p.i.AbstractProblemLoader Replaying proof implicitIntStringConversion.key.proof 
56182      DEBUG main            d.u.i.k.p.i.IntermediateProofReplayer Proof replay took 33.81ms 
56183      DEBUG main            d.u.i.k.p.r.p.TestFile    ... success: reloaded. 
56184      INFO  main            d.u.i.k.p.r.p.TestFile    Now processing file /home/runner/work/key/key/key.core/../key.ui/examples/standard_key/strings/implicitNullStringConversion.key 
56184      INFO  main            d.u.i.k.p.i.AbstractProblemLoader Loading environment from /home/runner/work/key/key/key.core/../key.ui/examples/standard_key/strings/implicitNullStringConversion.key 
56184      DEBUG main            d.u.i.k.p.i.AbstractProblemLoader Environment load took 90.9ns 
56185      INFO  main            d.u.i.k.p.i.AbstractProblemLoader Creating init config 
58623      DEBUG main            d.u.i.k.p.i.AbstractProblemLoader Init config took 2.44s 
58640      INFO  main            d.u.i.k.p.i.AbstractProblemLoader Replaying proof implicitNullStringConversion.key 
58641      DEBUG main            d.u.i.k.p.i.IntermediateProofReplayer Proof replay took 5.3ns 
58848      INFO  main            d.u.i.k.p.r.p.TestFile    ... finished proof: closed. 
59027      INFO  main            d.u.i.k.p.i.AbstractProblemLoader Loading environment from /home/runner/work/key/key/key.core/../key.ui/examples/standard_key/strings/implicitNullStringConversion.key.proof 
59027      DEBUG main            d.u.i.k.p.i.AbstractProblemLoader Environment load took 109.7ns 
59028      INFO  main            d.u.i.k.p.i.AbstractProblemLoader Creating init config 
61464      DEBUG main            d.u.i.k.p.i.AbstractProblemLoader Init config took 2.44s 
61481      INFO  main            d.u.i.k.p.i.AbstractProblemLoader Replaying proof implicitNullStringConversion.key.proof 
61502      DEBUG main            d.u.i.k.p.i.IntermediateProofReplayer Proof replay took 17.62ms 
61503      DEBUG main            d.u.i.k.p.r.p.TestFile    ... success: reloaded. 
61504      INFO  main            d.u.i.k.p.r.p.TestFile    Now processing file /home/runner/work/key/key/key.core/../key.ui/examples/standard_key/strings/implicitNullStringConversion2.key 
61504      INFO  main            d.u.i.k.p.i.AbstractProblemLoader Loading environment from /home/runner/work/key/key/key.core/../key.ui/examples/standard_key/strings/implicitNullStringConversion2.key 
61504      DEBUG main            d.u.i.k.p.i.AbstractProblemLoader Environment load took 83ns 
61505      INFO  main            d.u.i.k.p.i.AbstractProblemLoader Creating init config 
63940      DEBUG main            d.u.i.k.p.i.AbstractProblemLoader Init config took 2.43s 
63956      INFO  main            d.u.i.k.p.i.AbstractProblemLoader Replaying proof implicitNullStringConversion2.key 
63957      DEBUG main            d.u.i.k.p.i.IntermediateProofReplayer Proof replay took 6.2ns 
64161      INFO  main            d.u.i.k.p.r.p.TestFile    ... finished proof: closed. 
64341      INFO  main            d.u.i.k.p.i.AbstractProblemLoader Loading environment from /home/runner/work/key/key/key.core/../key.ui/examples/standard_key/strings/implicitNullStringConversion2.key.proof 
64341      DEBUG main            d.u.i.k.p.i.AbstractProblemLoader Environment load took 110.1ns 
64342      INFO  main            d.u.i.k.p.i.AbstractProblemLoader Creating init config 
66801      DEBUG main            d.u.i.k.p.i.AbstractProblemLoader Init config took 2.46s 
66816      INFO  main            d.u.i.k.p.i.AbstractProblemLoader Replaying proof implicitNullStringConversion2.key.proof 
66830      DEBUG main            d.u.i.k.p.i.IntermediateProofReplayer Proof replay took 11.49ms 
66831      DEBUG main            d.u.i.k.p.r.p.TestFile    ... success: reloaded. 
66832      INFO  main            d.u.i.k.p.r.p.TestFile    Now processing file /home/runner/work/key/key/key.core/../key.ui/examples/standard_key/strings/implicitObjectStringConversion.key 
66832      INFO  main            d.u.i.k.p.i.AbstractProblemLoader Loading environment from /home/runner/work/key/key/key.core/../key.ui/examples/standard_key/strings/implicitObjectStringConversion.key 
66832      DEBUG main            d.u.i.k.p.i.AbstractProblemLoader Environment load took 82.4ns 
66833      INFO  main            d.u.i.k.p.i.AbstractProblemLoader Creating init config 
69545      DEBUG main            d.u.i.k.p.i.AbstractProblemLoader Init config took 2.71s 
69566      INFO  main            d.u.i.k.p.i.AbstractProblemLoader Replaying proof implicitObjectStringConversion.key 
69568      DEBUG main            d.u.i.k.p.i.IntermediateProofReplayer Proof replay took 6.2ns 
70174      INFO  main            d.u.i.k.p.r.p.TestFile    ... finished proof: closed. 
70364      INFO  main            d.u.i.k.p.i.AbstractProblemLoader Loading environment from /home/runner/work/key/key/key.core/../key.ui/examples/standard_key/strings/implicitObjectStringConversion.key.proof 
70364      DEBUG main            d.u.i.k.p.i.AbstractProblemLoader Environment load took 137.1ns 
70365      INFO  main            d.u.i.k.p.i.AbstractProblemLoader Creating init config 
73005      DEBUG main            d.u.i.k.p.i.AbstractProblemLoader Init config took 2.64s 
73024      INFO  main            d.u.i.k.p.i.AbstractProblemLoader Replaying proof implicitObjectStringConversion.key.proof 
73060      DEBUG main            d.u.i.k.p.i.IntermediateProofReplayer Proof replay took 32.92ms 
73062      DEBUG main            d.u.i.k.p.r.p.TestFile    ... success: reloaded. 
73062      INFO  main            d.u.i.k.p.r.p.TestFile    Now processing file /home/runner/work/key/key/key.core/../key.ui/examples/standard_key/strings/literalEquality.key 
73062      INFO  main            d.u.i.k.p.i.AbstractProblemLoader Loading environment from /home/runner/work/key/key/key.core/../key.ui/examples/standard_key/strings/literalEquality.key 
73063      DEBUG main            d.u.i.k.p.i.AbstractProblemLoader Environment load took 86.5ns 
73063      INFO  main            d.u.i.k.p.i.AbstractProblemLoader Creating init config 
75545      DEBUG main            d.u.i.k.p.i.AbstractProblemLoader Init config took 2.48s 
75559      INFO  main            d.u.i.k.p.i.AbstractProblemLoader Replaying proof literalEquality.key 
75561      DEBUG main            d.u.i.k.p.i.IntermediateProofReplayer Proof replay took 5.6ns 
75663      INFO  main            d.u.i.k.p.r.p.TestFile    ... finished proof: closed. 
75849      INFO  main            d.u.i.k.p.i.AbstractProblemLoader Loading environment from /home/runner/work/key/key/key.core/../key.ui/examples/standard_key/strings/literalEquality.key.proof 
75849      DEBUG main            d.u.i.k.p.i.AbstractProblemLoader Environment load took 100.7ns 
75850      INFO  main            d.u.i.k.p.i.AbstractProblemLoader Creating init config 
78254      DEBUG main            d.u.i.k.p.i.AbstractProblemLoader Init config took 2.4s 
78268      INFO  main            d.u.i.k.p.i.AbstractProblemLoader Replaying proof literalEquality.key.proof 
78272      DEBUG main            d.u.i.k.p.i.IntermediateProofReplayer Proof replay took 1.74ms 
78272      DEBUG main            d.u.i.k.p.r.p.TestFile    ... success: reloaded. 
78273      INFO  main            d.u.i.k.p.r.p.TestFile    Now processing file /home/runner/work/key/key/key.core/../key.ui/examples/standard_key/strings/replace0.key 
78273      INFO  main            d.u.i.k.p.i.AbstractProblemLoader Loading environment from /home/runner/work/key/key/key.core/../key.ui/examples/standard_key/strings/replace0.key 
78273      DEBUG main            d.u.i.k.p.i.AbstractProblemLoader Environment load took 146.2ns 
78274      INFO  main            d.u.i.k.p.i.AbstractProblemLoader Creating init config 
80722      DEBUG main            d.u.i.k.p.i.AbstractProblemLoader Init config took 2.45s 
80735      INFO  main            d.u.i.k.p.i.AbstractProblemLoader Replaying proof replace0.key 
80736      DEBUG main            d.u.i.k.p.i.IntermediateProofReplayer Proof replay took 5.8ns 
80839      INFO  main            d.u.i.k.p.r.p.TestFile    ... finished proof: closed. 
81019      INFO  main            d.u.i.k.p.i.AbstractProblemLoader Loading environment from /home/runner/work/key/key/key.core/../key.ui/examples/standard_key/strings/replace0.key.proof 
81019      DEBUG main            d.u.i.k.p.i.AbstractProblemLoader Environment load took 105.8ns 
81020      INFO  main            d.u.i.k.p.i.AbstractProblemLoader Creating init config 
83415      DEBUG main            d.u.i.k.p.i.AbstractProblemLoader Init config took 2.4s 
83430      INFO  main            d.u.i.k.p.i.AbstractProblemLoader Replaying proof replace0.key.proof 
83434      DEBUG main            d.u.i.k.p.i.IntermediateProofReplayer Proof replay took 2.47ms 
83436      DEBUG main            d.u.i.k.p.r.p.TestFile    ... success: reloaded. 
83436      INFO  main            d.u.i.k.p.r.p.TestFile    Now processing file /home/runner/work/key/key/key.core/../key.ui/examples/standard_key/strings/replace1.key 
83437      INFO  main            d.u.i.k.p.i.AbstractProblemLoader Loading environment from /home/runner/work/key/key/key.core/../key.ui/examples/standard_key/strings/replace1.key 
83437      DEBUG main            d.u.i.k.p.i.AbstractProblemLoader Environment load took 150.8ns 
83438      INFO  main            d.u.i.k.p.i.AbstractProblemLoader Creating init config 
85873      DEBUG main            d.u.i.k.p.i.AbstractProblemLoader Init config took 2.43s 
85886      INFO  main            d.u.i.k.p.i.AbstractProblemLoader Replaying proof replace1.key 
85887      DEBUG main            d.u.i.k.p.i.IntermediateProofReplayer Proof replay took 5.6ns 
85990      INFO  main            d.u.i.k.p.r.p.TestFile    ... finished proof: closed. 
86175      INFO  main            d.u.i.k.p.i.AbstractProblemLoader Loading environment from /home/runner/work/key/key/key.core/../key.ui/examples/standard_key/strings/replace1.key.proof 
86175      DEBUG main            d.u.i.k.p.i.AbstractProblemLoader Environment load took 103.2ns 
86176      INFO  main            d.u.i.k.p.i.AbstractProblemLoader Creating init config 
88544      DEBUG main            d.u.i.k.p.i.AbstractProblemLoader Init config took 2.37s 
88559      INFO  main            d.u.i.k.p.i.AbstractProblemLoader Replaying proof replace1.key.proof 
88564      DEBUG main            d.u.i.k.p.i.IntermediateProofReplayer Proof replay took 3.12ms 
88564      DEBUG main            d.u.i.k.p.r.p.TestFile    ... success: reloaded. 
88565      INFO  main            d.u.i.k.p.r.p.TestFile    Now processing file /home/runner/work/key/key/key.core/../key.ui/examples/standard_key/strings/simpleAssignment.key 
88565      INFO  main            d.u.i.k.p.i.AbstractProblemLoader Loading environment from /home/runner/work/key/key/key.core/../key.ui/examples/standard_key/strings/simpleAssignment.key 
88565      DEBUG main            d.u.i.k.p.i.AbstractProblemLoader Environment load took 70.2ns 
88566      INFO  main            d.u.i.k.p.i.AbstractProblemLoader Creating init config 
91014      DEBUG main            d.u.i.k.p.i.AbstractProblemLoader Init config took 2.45s 
91027      INFO  main            d.u.i.k.p.i.AbstractProblemLoader Replaying proof simpleAssignment.key 
91029      DEBUG main            d.u.i.k.p.i.IntermediateProofReplayer Proof replay took 5.6ns 
91130      INFO  main            d.u.i.k.p.r.p.TestFile    ... finished proof: closed. 
91317      INFO  main            d.u.i.k.p.i.AbstractProblemLoader Loading environment from /home/runner/work/key/key/key.core/../key.ui/examples/standard_key/strings/simpleAssignment.key.proof 
91317      DEBUG main            d.u.i.k.p.i.AbstractProblemLoader Environment load took 104.1ns 
91319      INFO  main            d.u.i.k.p.i.AbstractProblemLoader Creating init config 
93694      DEBUG main            d.u.i.k.p.i.AbstractProblemLoader Init config took 2.37s 
93708      INFO  main            d.u.i.k.p.i.AbstractProblemLoader Replaying proof simpleAssignment.key.proof 
93711      DEBUG main            d.u.i.k.p.i.IntermediateProofReplayer Proof replay took 1.08ms 
93712      DEBUG main            d.u.i.k.p.r.p.TestFile    ... success: reloaded. 
93713      INFO  main            d.u.i.k.p.r.p.TestFile    Now processing file /home/runner/work/key/key/key.core/../key.ui/examples/standard_key/strings/simpleLengthComp.key 
93713      INFO  main            d.u.i.k.p.i.AbstractProblemLoader Loading environment from /home/runner/work/key/key/key.core/../key.ui/examples/standard_key/strings/simpleLengthComp.key 
93713      DEBUG main            d.u.i.k.p.i.AbstractProblemLoader Environment load took 157.8ns 
93714      INFO  main            d.u.i.k.p.i.AbstractProblemLoader Creating init config 
96145      DEBUG main            d.u.i.k.p.i.AbstractProblemLoader Init config took 2.43s 
96159      INFO  main            d.u.i.k.p.i.AbstractProblemLoader Replaying proof simpleLengthComp.key 
96162      DEBUG main            d.u.i.k.p.i.IntermediateProofReplayer Proof replay took 6.2ns 
96367      INFO  main            d.u.i.k.p.r.p.TestFile    ... finished proof: closed. 
96570      INFO  main            d.u.i.k.p.i.AbstractProblemLoader Loading environment from /home/runner/work/key/key/key.core/../key.ui/examples/standard_key/strings/simpleLengthComp.key.proof 
96571      DEBUG main            d.u.i.k.p.i.AbstractProblemLoader Environment load took 118.9ns 
96572      INFO  main            d.u.i.k.p.i.AbstractProblemLoader Creating init config 
99010      DEBUG main            d.u.i.k.p.i.AbstractProblemLoader Init config took 2.44s 
99033      INFO  main            d.u.i.k.p.i.AbstractProblemLoader Replaying proof simpleLengthComp.key.proof 
99058      DEBUG main            d.u.i.k.p.i.IntermediateProofReplayer Proof replay took 21.99ms 
99059      DEBUG main            d.u.i.k.p.r.p.TestFile    ... success: reloaded. 
99060      INFO  main            d.u.i.k.p.r.p.TestFile    Now processing file /home/runner/work/key/key/key.core/../key.ui/examples/standard_key/strings/stringCompileTimeConstant1.key 
99060      INFO  main            d.u.i.k.p.i.AbstractProblemLoader Loading environment from /home/runner/work/key/key/key.core/../key.ui/examples/standard_key/strings/stringCompileTimeConstant1.key 
99060      DEBUG main            d.u.i.k.p.i.AbstractProblemLoader Environment load took 153.3ns 
99061      INFO  main            d.u.i.k.p.i.AbstractProblemLoader Creating init config 
101511     DEBUG main            d.u.i.k.p.i.AbstractProblemLoader Init config took 2.45s 
101526     INFO  main            d.u.i.k.p.i.AbstractProblemLoader Replaying proof stringCompileTimeConstant1.key 
101528     DEBUG main            d.u.i.k.p.i.IntermediateProofReplayer Proof replay took 5.7ns 
101630     INFO  main            d.u.i.k.p.r.p.TestFile    ... finished proof: closed. 
101835     INFO  main            d.u.i.k.p.i.AbstractProblemLoader Loading environment from /home/runner/work/key/key/key.core/../key.ui/examples/standard_key/strings/stringCompileTimeConstant1.key.proof 
101835     DEBUG main            d.u.i.k.p.i.AbstractProblemLoader Environment load took 96.2ns 
101837     INFO  main            d.u.i.k.p.i.AbstractProblemLoader Creating init config 
104228     DEBUG main            d.u.i.k.p.i.AbstractProblemLoader Init config took 2.39s 
104242     INFO  main            d.u.i.k.p.i.AbstractProblemLoader Replaying proof stringCompileTimeConstant1.key.proof 
104246     DEBUG main            d.u.i.k.p.i.IntermediateProofReplayer Proof replay took 2.46ms 
104247     DEBUG main            d.u.i.k.p.r.p.TestFile    ... success: reloaded. 
104248     INFO  main            d.u.i.k.p.r.p.TestFile    Now processing file /home/runner/work/key/key/key.core/../key.ui/examples/standard_key/strings/stringCompileTimeConstant2.key 
104248     INFO  main            d.u.i.k.p.i.AbstractProblemLoader Loading environment from /home/runner/work/key/key/key.core/../key.ui/examples/standard_key/strings/stringCompileTimeConstant2.key 
104248     DEBUG main            d.u.i.k.p.i.AbstractProblemLoader Environment load took 63.8ns 
104249     INFO  main            d.u.i.k.p.i.AbstractProblemLoader Creating init config 
106855     DEBUG main            d.u.i.k.p.i.AbstractProblemLoader Init config took 2.61s 
106869     INFO  main            d.u.i.k.p.i.AbstractProblemLoader Replaying proof stringCompileTimeConstant2.key 
106871     DEBUG main            d.u.i.k.p.i.IntermediateProofReplayer Proof replay took 6.8ns 
109801     INFO  main            d.u.i.k.p.r.p.TestFile    ... finished proof: closed. 
110048     INFO  main            d.u.i.k.p.i.AbstractProblemLoader Loading environment from /home/runner/work/key/key/key.core/../key.ui/examples/standard_key/strings/stringCompileTimeConstant2.key.proof 
110048     DEBUG main            d.u.i.k.p.i.AbstractProblemLoader Environment load took 107.6ns 
110049     INFO  main            d.u.i.k.p.i.AbstractProblemLoader Creating init config 
112589     DEBUG main            d.u.i.k.p.i.AbstractProblemLoader Init config took 2.54s 
112603     INFO  main            d.u.i.k.p.i.AbstractProblemLoader Replaying proof stringCompileTimeConstant2.key.proof 
112816     DEBUG main            d.u.i.k.p.i.IntermediateProofReplayer Proof replay took 202.88ms 
112817     DEBUG main            d.u.i.k.p.r.p.TestFile    ... success: reloaded. 
112818     INFO  main            d.u.i.k.p.r.p.TestFile    Now processing file /home/runner/work/key/key/key.core/../key.ui/examples/standard_key/strings/stringEquality1.key 
112819     INFO  main            d.u.i.k.p.i.AbstractProblemLoader Loading environment from /home/runner/work/key/key/key.core/../key.ui/examples/standard_key/strings/stringEquality1.key 
112819     DEBUG main            d.u.i.k.p.i.AbstractProblemLoader Environment load took 166.9ns 
112820     INFO  main            d.u.i.k.p.i.AbstractProblemLoader Creating init config 
115269     DEBUG main            d.u.i.k.p.i.AbstractProblemLoader Init config took 2.45s 
115282     INFO  main            d.u.i.k.p.i.AbstractProblemLoader Replaying proof stringEquality1.key 
115283     DEBUG main            d.u.i.k.p.i.IntermediateProofReplayer Proof replay took 6.9ns 
115385     INFO  main            d.u.i.k.p.r.p.TestFile    ... finished proof: closed. 
115635     INFO  main            d.u.i.k.p.i.AbstractProblemLoader Loading environment from /home/runner/work/key/key/key.core/../key.ui/examples/standard_key/strings/stringEquality1.key.proof 
115635     DEBUG main            d.u.i.k.p.i.AbstractProblemLoader Environment load took 93.7ns 
115636     INFO  main            d.u.i.k.p.i.AbstractProblemLoader Creating init config 
118010     DEBUG main            d.u.i.k.p.i.AbstractProblemLoader Init config took 2.37s 
118023     INFO  main            d.u.i.k.p.i.AbstractProblemLoader Replaying proof stringEquality1.key.proof 
118029     DEBUG main            d.u.i.k.p.i.IntermediateProofReplayer Proof replay took 3.39ms 
118029     DEBUG main            d.u.i.k.p.r.p.TestFile    ... success: reloaded. 
118030     INFO  main            d.u.i.k.p.r.p.TestFile    Now processing file /home/runner/work/key/key/key.core/../key.ui/examples/standard_key/strings/stringEquality2.key 
118030     INFO  main            d.u.i.k.p.i.AbstractProblemLoader Loading environment from /home/runner/work/key/key/key.core/../key.ui/examples/standard_key/strings/stringEquality2.key 
118030     DEBUG main            d.u.i.k.p.i.AbstractProblemLoader Environment load took 72.5ns 
118032     INFO  main            d.u.i.k.p.i.AbstractProblemLoader Creating init config 
120454     DEBUG main            d.u.i.k.p.i.AbstractProblemLoader Init config took 2.42s 
120467     INFO  main            d.u.i.k.p.i.AbstractProblemLoader Replaying proof stringEquality2.key 
120468     DEBUG main            d.u.i.k.p.i.IntermediateProofReplayer Proof replay took 6.3ns 
120872     INFO  main            d.u.i.k.p.r.p.TestFile    ... finished proof: closed. 
121154     INFO  main            d.u.i.k.p.i.AbstractProblemLoader Loading environment from /home/runner/work/key/key/key.core/../key.ui/examples/standard_key/strings/stringEquality2.key.proof 
121154     DEBUG main            d.u.i.k.p.i.AbstractProblemLoader Environment load took 335.5ns 
121155     INFO  main            d.u.i.k.p.i.AbstractProblemLoader Creating init config 
123519     DEBUG main            d.u.i.k.p.i.AbstractProblemLoader Init config took 2.36s 
123532     INFO  main            d.u.i.k.p.i.AbstractProblemLoader Replaying proof stringEquality2.key.proof 
123567     DEBUG main            d.u.i.k.p.i.IntermediateProofReplayer Proof replay took 30.93ms 
123568     DEBUG main            d.u.i.k.p.r.p.TestFile    ... success: reloaded. 
123569     INFO  main            d.u.i.k.p.r.p.TestFile    Now processing file /home/runner/work/key/key/key.core/../key.ui/examples/standard_key/strings/substring0.key 
123569     INFO  main            d.u.i.k.p.i.AbstractProblemLoader Loading environment from /home/runner/work/key/key/key.core/../key.ui/examples/standard_key/strings/substring0.key 
123569     DEBUG main            d.u.i.k.p.i.AbstractProblemLoader Environment load took 151ns 
123570     INFO  main            d.u.i.k.p.i.AbstractProblemLoader Creating init config 
125981     DEBUG main            d.u.i.k.p.i.AbstractProblemLoader Init config took 2.41s 
125994     INFO  main            d.u.i.k.p.i.AbstractProblemLoader Replaying proof substring0.key 
125995     DEBUG main            d.u.i.k.p.i.IntermediateProofReplayer Proof replay took 6.2ns 
126097     INFO  main            d.u.i.k.p.r.p.TestFile    ... finished proof: closed. 
126333     INFO  main            d.u.i.k.p.i.AbstractProblemLoader Loading environment from /home/runner/work/key/key/key.core/../key.ui/examples/standard_key/strings/substring0.key.proof 
126333     DEBUG main            d.u.i.k.p.i.AbstractProblemLoader Environment load took 100.5ns 
126334     INFO  main            d.u.i.k.p.i.AbstractProblemLoader Creating init config 
128699     DEBUG main            d.u.i.k.p.i.AbstractProblemLoader Init config took 2.36s 
128713     INFO  main            d.u.i.k.p.i.AbstractProblemLoader Replaying proof substring0.key.proof 
128715     DEBUG main            d.u.i.k.p.i.IntermediateProofReplayer Proof replay took 456.2ns 
128716     DEBUG main            d.u.i.k.p.r.p.TestFile    ... success: reloaded. 
128716     INFO  main            d.u.i.k.p.r.p.TestFile    Now processing file /home/runner/work/key/key/key.core/../key.ui/examples/standard_key/strings/substring1.key 
128716     INFO  main            d.u.i.k.p.i.AbstractProblemLoader Loading environment from /home/runner/work/key/key/key.core/../key.ui/examples/standard_key/strings/substring1.key 
128716     DEBUG main            d.u.i.k.p.i.AbstractProblemLoader Environment load took 57.9ns 
128717     INFO  main            d.u.i.k.p.i.AbstractProblemLoader Creating init config 
131120     DEBUG main            d.u.i.k.p.i.AbstractProblemLoader Init config took 2.4s 
131132     INFO  main            d.u.i.k.p.i.AbstractProblemLoader Replaying proof substring1.key 
131133     DEBUG main            d.u.i.k.p.i.IntermediateProofReplayer Proof replay took 5.7ns 
131235     INFO  main            d.u.i.k.p.r.p.TestFile    ... finished proof: closed. 
131442     INFO  main            d.u.i.k.p.i.AbstractProblemLoader Loading environment from /home/runner/work/key/key/key.core/../key.ui/examples/standard_key/strings/substring1.key.proof 
131442     DEBUG main            d.u.i.k.p.i.AbstractProblemLoader Environment load took 90.3ns 
131443     INFO  main            d.u.i.k.p.i.AbstractProblemLoader Creating init config 
133805     DEBUG main            d.u.i.k.p.i.AbstractProblemLoader Init config took 2.36s 
133817     INFO  main            d.u.i.k.p.i.AbstractProblemLoader Replaying proof substring1.key.proof 
133819     DEBUG main            d.u.i.k.p.i.IntermediateProofReplayer Proof replay took 398.8ns 
133820     DEBUG main            d.u.i.k.p.r.p.TestFile    ... success: reloaded. 
133820     INFO  main            d.u.i.k.p.r.p.TestFile    Now processing file /home/runner/work/key/key/key.core/../key.ui/examples/standard_key/strings/substring2.key 
133820     INFO  main            d.u.i.k.p.i.AbstractProblemLoader Loading environment from /home/runner/work/key/key/key.core/../key.ui/examples/standard_key/strings/substring2.key 
133820     DEBUG main            d.u.i.k.p.i.AbstractProblemLoader Environment load took 69.9ns 
133821     INFO  main            d.u.i.k.p.i.AbstractProblemLoader Creating init config 
136238     DEBUG main            d.u.i.k.p.i.AbstractProblemLoader Init config took 2.42s 
136250     INFO  main            d.u.i.k.p.i.AbstractProblemLoader Replaying proof substring2.key 
136251     DEBUG main            d.u.i.k.p.i.IntermediateProofReplayer Proof replay took 6.3ns 
136355     INFO  main            d.u.i.k.p.r.p.TestFile    ... finished proof: closed. 
136580     INFO  main            d.u.i.k.p.i.AbstractProblemLoader Loading environment from /home/runner/work/key/key/key.core/../key.ui/examples/standard_key/strings/substring2.key.proof 
136580     DEBUG main            d.u.i.k.p.i.AbstractProblemLoader Environment load took 94ns 
136581     INFO  main            d.u.i.k.p.i.AbstractProblemLoader Creating init config 
138955     DEBUG main            d.u.i.k.p.i.AbstractProblemLoader Init config took 2.37s 
138968     INFO  main            d.u.i.k.p.i.AbstractProblemLoader Replaying proof substring2.key.proof 
138970     DEBUG main            d.u.i.k.p.i.IntermediateProofReplayer Proof replay took 674.8ns 
138971     DEBUG main            d.u.i.k.p.r.p.TestFile    ... success: reloaded. 
138971     INFO  main            d.u.i.k.p.r.p.TestFile    Now processing file /home/runner/work/key/key/key.core/../key.ui/examples/standard_key/strings/substring3.key 
138971     INFO  main            d.u.i.k.p.i.AbstractProblemLoader Loading environment from /home/runner/work/key/key/key.core/../key.ui/examples/standard_key/strings/substring3.key 
138971     DEBUG main            d.u.i.k.p.i.AbstractProblemLoader Environment load took 89.5ns 
138972     INFO  main            d.u.i.k.p.i.AbstractProblemLoader Creating init config 
141380     DEBUG main            d.u.i.k.p.i.AbstractProblemLoader Init config took 2.41s 
141393     INFO  main            d.u.i.k.p.i.AbstractProblemLoader Replaying proof substring3.key 
141394     DEBUG main            d.u.i.k.p.i.IntermediateProofReplayer Proof replay took 5.7ns 
141499     INFO  main            d.u.i.k.p.r.p.TestFile    ... finished proof: closed. 
141728     INFO  main            d.u.i.k.p.i.AbstractProblemLoader Loading environment from /home/runner/work/key/key/key.core/../key.ui/examples/standard_key/strings/substring3.key.proof 
141728     DEBUG main            d.u.i.k.p.i.AbstractProblemLoader Environment load took 95ns 
141729     INFO  main            d.u.i.k.p.i.AbstractProblemLoader Creating init config 
144086     DEBUG main            d.u.i.k.p.i.AbstractProblemLoader Init config took 2.36s 
144098     INFO  main            d.u.i.k.p.i.AbstractProblemLoader Replaying proof substring3.key.proof 
144101     DEBUG main            d.u.i.k.p.i.IntermediateProofReplayer Proof replay took 1.44ms 
144102     DEBUG main            d.u.i.k.p.r.p.TestFile    ... success: reloaded. 
144102     INFO  main            d.u.i.k.p.r.p.TestFile    Now processing file /home/runner/work/key/key/key.core/../key.ui/examples/standard_key/strings/substring4.key 
144103     INFO  main            d.u.i.k.p.i.AbstractProblemLoader Loading environment from /home/runner/work/key/key/key.core/../key.ui/examples/standard_key/strings/substring4.key 
144103     DEBUG main            d.u.i.k.p.i.AbstractProblemLoader Environment load took 71.9ns 
144103     INFO  main            d.u.i.k.p.i.AbstractProblemLoader Creating init config 
146533     DEBUG main            d.u.i.k.p.i.AbstractProblemLoader Init config took 2.43s 
146546     INFO  main            d.u.i.k.p.i.AbstractProblemLoader Replaying proof substring4.key 
146547     DEBUG main            d.u.i.k.p.i.IntermediateProofReplayer Proof replay took 6ns 
146649     INFO  main            d.u.i.k.p.r.p.TestFile    ... finished proof: closed. 
146888     INFO  main            d.u.i.k.p.i.AbstractProblemLoader Loading environment from /home/runner/work/key/key/key.core/../key.ui/examples/standard_key/strings/substring4.key.proof 
146889     DEBUG main            d.u.i.k.p.i.AbstractProblemLoader Environment load took 102.9ns 
146889     INFO  main            d.u.i.k.p.i.AbstractProblemLoader Creating init config 
149260     DEBUG main            d.u.i.k.p.i.AbstractProblemLoader Init config took 2.37s 
149274     INFO  main            d.u.i.k.p.i.AbstractProblemLoader Replaying proof substring4.key.proof 
149279     DEBUG main            d.u.i.k.p.i.IntermediateProofReplayer Proof replay took 2.04ms 
149279     DEBUG main            d.u.i.k.p.r.p.TestFile    ... success: reloaded. 
149281     INFO  main            d.u.i.k.p.r.p.TestFile    Now processing file /home/runner/work/key/key/key.core/../key.ui/examples/standard_key/strings/substring5.key 
149281     INFO  main            d.u.i.k.p.i.AbstractProblemLoader Loading environment from /home/runner/work/key/key/key.core/../key.ui/examples/standard_key/strings/substring5.key 
149281     DEBUG main            d.u.i.k.p.i.AbstractProblemLoader Environment load took 72.2ns 
149282     INFO  main            d.u.i.k.p.i.AbstractProblemLoader Creating init config 
151683     DEBUG main            d.u.i.k.p.i.AbstractProblemLoader Init config took 2.4s 
151697     INFO  main            d.u.i.k.p.i.AbstractProblemLoader Replaying proof substring5.key 
151698     DEBUG main            d.u.i.k.p.i.IntermediateProofReplayer Proof replay took 6.9ns 
152000     INFO  main            d.u.i.k.p.r.p.TestFile    ... finished proof: closed. 
152283     INFO  main            d.u.i.k.p.i.AbstractProblemLoader Loading environment from /home/runner/work/key/key/key.core/../key.ui/examples/standard_key/strings/substring5.key.proof 
152283     DEBUG main            d.u.i.k.p.i.AbstractProblemLoader Environment load took 88.3ns 
152284     INFO  main            d.u.i.k.p.i.AbstractProblemLoader Creating init config 
154643     DEBUG main            d.u.i.k.p.i.AbstractProblemLoader Init config took 2.36s 
154655     INFO  main            d.u.i.k.p.i.AbstractProblemLoader Replaying proof substring5.key.proof 
154671     DEBUG main            d.u.i.k.p.i.IntermediateProofReplayer Proof replay took 12.05ms 
154672     DEBUG main            d.u.i.k.p.r.p.TestFile    ... success: reloaded. 
3934562    INFO  Test worker     d.u.i.k.p.r.RunAllProofsTestUnit Returning from test strings 
3934562    INFO  Test worker     d.u.i.k.p.r.RunAllProofsTestUnit Running test simple_info_flow 
352        INFO  Timeout watchdog d.u.i.k.p.r.p.ForkedTestFileRunner Timeout watcher launched (2000 secs.) 
362        WARN  main            d.u.i.k.s.ProofSettings   The settings in /home/runner/.key/proof-settings.props are *not* read. 
394        INFO  main            d.u.i.k.p.r.p.TestFile    Now processing file /home/runner/work/key/key/key.core/../key.ui/examples/heap/information_flow/UpdateAbstraction_ex7_1_insecure.key 
526        INFO  main            d.u.i.k.p.i.AbstractProblemLoader Loading environment from /home/runner/work/key/key/key.core/../key.ui/examples/heap/information_flow/UpdateAbstraction_ex7_1_insecure.key 
542        DEBUG main            d.u.i.k.p.i.AbstractProblemLoader Environment load took 2.09ms 
747        INFO  main            d.u.i.k.p.i.AbstractProblemLoader Creating init config 
1530       DEBUG main            d.u.i.k.j.TypeConverter   No LDT found for Meta 
1531       DEBUG main            d.u.i.k.j.TypeConverter   No LDT found for Meta 
1535       DEBUG main            d.u.i.k.j.TypeConverter   No LDT found for Meta 
1535       DEBUG main            d.u.i.k.j.TypeConverter   No LDT found for Meta 
2903       DEBUG main            d.u.i.k.j.TypeConverter   No LDT found for JavaBigintExpression 
8255       DEBUG main            d.u.i.k.p.i.AbstractProblemLoader Init config took 7.51s 
8438       INFO  main            d.u.i.k.p.i.AbstractProblemLoader Replaying proof UpdateAbstraction[UpdateAbstraction::ex7_1_insecure()].JML operation contract.0 
8496       DEBUG main            d.u.i.k.p.i.IntermediateProofReplayer Proof replay took 41.9ns 
9136       INFO  main            d.u.i.k.p.r.p.TestFile    ... finished proof: open goal(s) 
9237       INFO  main            d.u.i.k.p.r.p.TestFile    Now processing file /home/runner/work/key/key/key.core/../key.ui/examples/heap/information_flow/UpdateAbstraction_ex7_2_insecure.key 
9240       INFO  main            d.u.i.k.p.i.AbstractProblemLoader Loading environment from /home/runner/work/key/key/key.core/../key.ui/examples/heap/information_flow/UpdateAbstraction_ex7_2_insecure.key 
9240       DEBUG main            d.u.i.k.p.i.AbstractProblemLoader Environment load took 319.9ns 
9243       INFO  main            d.u.i.k.p.i.AbstractProblemLoader Creating init config 
12229      DEBUG main            d.u.i.k.p.i.AbstractProblemLoader Init config took 2.99s 
12292      INFO  main            d.u.i.k.p.i.AbstractProblemLoader Replaying proof UpdateAbstraction[UpdateAbstraction::ex7_2_insecure()].JML operation contract.0 
12294      DEBUG main            d.u.i.k.p.i.IntermediateProofReplayer Proof replay took 6ns 
12599      INFO  main            d.u.i.k.p.r.p.TestFile    ... finished proof: open goal(s) 
3947426    INFO  Test worker     d.u.i.k.p.r.RunAllProofsTestUnit Returning from test simple_info_flow 
3947426    INFO  Test worker     d.u.i.k.p.r.RunAllProofsTestUnit Running test modelMethods 
356        INFO  Timeout watchdog d.u.i.k.p.r.p.ForkedTestFileRunner Timeout watcher launched (2000 secs.) 
360        WARN  main            d.u.i.k.s.ProofSettings   The settings in /home/runner/.key/proof-settings.props are *not* read. 
405        INFO  main            d.u.i.k.p.r.p.TestFile    Now processing file /home/runner/work/key/key/key.core/../key.ui/examples/heap/model_methods/Cell_footprint_acc.key 
579        INFO  main            d.u.i.k.p.i.AbstractProblemLoader Loading environment from /home/runner/work/key/key/key.core/../key.ui/examples/heap/model_methods/Cell_footprint_acc.key 
595        DEBUG main            d.u.i.k.p.i.AbstractProblemLoader Environment load took 2.21ms 
803        INFO  main            d.u.i.k.p.i.AbstractProblemLoader Creating init config 
1750       DEBUG main            d.u.i.k.j.TypeConverter   No LDT found for Meta 
1754       DEBUG main            d.u.i.k.j.TypeConverter   No LDT found for Meta 
1758       DEBUG main            d.u.i.k.j.TypeConverter   No LDT found for Meta 
1758       DEBUG main            d.u.i.k.j.TypeConverter   No LDT found for Meta 
3050       DEBUG main            d.u.i.k.j.TypeConverter   No LDT found for JavaBigintExpression 
8178       DEBUG main            d.u.i.k.p.i.AbstractProblemLoader Init config took 7.37s 
8322       INFO  main            d.u.i.k.p.i.AbstractProblemLoader Replaying proof Cell[Cell::footprint()].JML accessible clause.0 
8355       DEBUG main            d.u.i.k.p.i.IntermediateProofReplayer Proof replay took 35.4ns 
8899       INFO  main            d.u.i.k.p.r.p.TestFile    ... finished proof: closed. 
9006       INFO  main            d.u.i.k.p.i.AbstractProblemLoader Loading environment from /home/runner/work/key/key/key.core/../key.ui/examples/heap/model_methods/Cell_footprint_acc.key.proof 
9007       DEBUG main            d.u.i.k.p.i.AbstractProblemLoader Environment load took 1.41ms 
9009       INFO  main            d.u.i.k.p.i.AbstractProblemLoader Creating init config 
11890      DEBUG main            d.u.i.k.p.i.AbstractProblemLoader Init config took 2.88s 
11960      INFO  main            d.u.i.k.p.i.AbstractProblemLoader Replaying proof Cell[Cell::footprint()].JML accessible clause.0 
12008      DEBUG main            d.u.i.k.p.i.IntermediateProofReplayer Proof replay took 42.91ms 
12014      DEBUG main            d.u.i.k.p.r.p.TestFile    ... success: reloaded. 
12016      INFO  main            d.u.i.k.p.r.p.TestFile    Now processing file /home/runner/work/key/key/key.core/../key.ui/examples/heap/model_methods/Cell_footprint.key 
12016      INFO  main            d.u.i.k.p.i.AbstractProblemLoader Loading environment from /home/runner/work/key/key/key.core/../key.ui/examples/heap/model_methods/Cell_footprint.key 
12016      DEBUG main            d.u.i.k.p.i.AbstractProblemLoader Environment load took 175.2ns 
12018      INFO  main            d.u.i.k.p.i.AbstractProblemLoader Creating init config 
14741      DEBUG main            d.u.i.k.p.i.AbstractProblemLoader Init config took 2.72s 
14810      INFO  main            d.u.i.k.p.i.AbstractProblemLoader Replaying proof Cell[Cell::footprint()].JML model_behavior operation contract.0 
14812      DEBUG main            d.u.i.k.p.i.IntermediateProofReplayer Proof replay took 5.6ns 
14914      INFO  main            d.u.i.k.p.r.p.TestFile    ... finished proof: closed. 
15035      INFO  main            d.u.i.k.p.i.AbstractProblemLoader Loading environment from /home/runner/work/key/key/key.core/../key.ui/examples/heap/model_methods/Cell_footprint.key.proof 
15035      DEBUG main            d.u.i.k.p.i.AbstractProblemLoader Environment load took 116.4ns 
15038      INFO  main            d.u.i.k.p.i.AbstractProblemLoader Creating init config 
17733      DEBUG main            d.u.i.k.p.i.AbstractProblemLoader Init config took 2.69s 
17786      INFO  main            d.u.i.k.p.i.AbstractProblemLoader Replaying proof Cell[Cell::footprint()].JML model_behavior operation contract.0 
17794      DEBUG main            d.u.i.k.p.i.IntermediateProofReplayer Proof replay took 5.87ms 
17796      DEBUG main            d.u.i.k.p.r.p.TestFile    ... success: reloaded. 
17797      INFO  main            d.u.i.k.p.r.p.TestFile    Now processing file /home/runner/work/key/key/key.core/../key.ui/examples/heap/model_methods/Cell_get_acc.key 
17797      INFO  main            d.u.i.k.p.i.AbstractProblemLoader Loading environment from /home/runner/work/key/key/key.core/../key.ui/examples/heap/model_methods/Cell_get_acc.key 
17797      DEBUG main            d.u.i.k.p.i.AbstractProblemLoader Environment load took 168ns 
17799      INFO  main            d.u.i.k.p.i.AbstractProblemLoader Creating init config 
20528      DEBUG main            d.u.i.k.p.i.AbstractProblemLoader Init config took 2.73s 
20590      INFO  main            d.u.i.k.p.i.AbstractProblemLoader Replaying proof Cell[Cell::get()].JML accessible clause.0 
20592      DEBUG main            d.u.i.k.p.i.IntermediateProofReplayer Proof replay took 5.7ns 
20798      INFO  main            d.u.i.k.p.r.p.TestFile    ... finished proof: closed. 
20965      INFO  main            d.u.i.k.p.i.AbstractProblemLoader Loading environment from /home/runner/work/key/key/key.core/../key.ui/examples/heap/model_methods/Cell_get_acc.key.proof 
20968      DEBUG main            d.u.i.k.p.i.AbstractProblemLoader Environment load took 3.05ms 
20969      INFO  main            d.u.i.k.p.i.AbstractProblemLoader Creating init config 
23639      DEBUG main            d.u.i.k.p.i.AbstractProblemLoader Init config took 2.67s 
23691      INFO  main            d.u.i.k.p.i.AbstractProblemLoader Replaying proof Cell[Cell::get()].JML accessible clause.0 
23732      DEBUG main            d.u.i.k.p.i.IntermediateProofReplayer Proof replay took 35.1ms 
23733      DEBUG main            d.u.i.k.p.r.p.TestFile    ... success: reloaded. 
23734      INFO  main            d.u.i.k.p.r.p.TestFile    Now processing file /home/runner/work/key/key/key.core/../key.ui/examples/heap/model_methods/Cell_get.key 
23734      INFO  main            d.u.i.k.p.i.AbstractProblemLoader Loading environment from /home/runner/work/key/key/key.core/../key.ui/examples/heap/model_methods/Cell_get.key 
23735      DEBUG main            d.u.i.k.p.i.AbstractProblemLoader Environment load took 155.4ns 
23736      INFO  main            d.u.i.k.p.i.AbstractProblemLoader Creating init config 
26386      DEBUG main            d.u.i.k.p.i.AbstractProblemLoader Init config took 2.65s 
26436      INFO  main            d.u.i.k.p.i.AbstractProblemLoader Replaying proof Cell[Cell::get()].JML operation contract.0 
26438      DEBUG main            d.u.i.k.p.i.IntermediateProofReplayer Proof replay took 5.5ns 
26544      INFO  main            d.u.i.k.p.r.p.TestFile    ... finished proof: closed. 
26682      INFO  main            d.u.i.k.p.i.AbstractProblemLoader Loading environment from /home/runner/work/key/key/key.core/../key.ui/examples/heap/model_methods/Cell_get.key.proof 
26682      DEBUG main            d.u.i.k.p.i.AbstractProblemLoader Environment load took 109.5ns 
26683      INFO  main            d.u.i.k.p.i.AbstractProblemLoader Creating init config 
29277      DEBUG main            d.u.i.k.p.i.AbstractProblemLoader Init config took 2.59s 
29332      INFO  main            d.u.i.k.p.i.AbstractProblemLoader Replaying proof Cell[Cell::get()].JML operation contract.0 
29347      DEBUG main            d.u.i.k.p.i.IntermediateProofReplayer Proof replay took 13.14ms 
29348      DEBUG main            d.u.i.k.p.r.p.TestFile    ... success: reloaded. 
29349      INFO  main            d.u.i.k.p.r.p.TestFile    Now processing file /home/runner/work/key/key/key.core/../key.ui/examples/heap/model_methods/Cell_post_set.key 
29349      INFO  main            d.u.i.k.p.i.AbstractProblemLoader Loading environment from /home/runner/work/key/key/key.core/../key.ui/examples/heap/model_methods/Cell_post_set.key 
29349      DEBUG main            d.u.i.k.p.i.AbstractProblemLoader Environment load took 100.6ns 
29350      INFO  main            d.u.i.k.p.i.AbstractProblemLoader Creating init config 
31965      DEBUG main            d.u.i.k.p.i.AbstractProblemLoader Init config took 2.61s 
32012      INFO  main            d.u.i.k.p.i.AbstractProblemLoader Replaying proof Cell[Cell::post_set(int)].JML model_behavior operation contract.0 
32013      DEBUG main            d.u.i.k.p.i.IntermediateProofReplayer Proof replay took 5.1ns 
32116      INFO  main            d.u.i.k.p.r.p.TestFile    ... finished proof: closed. 
32257      INFO  main            d.u.i.k.p.i.AbstractProblemLoader Loading environment from /home/runner/work/key/key/key.core/../key.ui/examples/heap/model_methods/Cell_post_set.key.proof 
32257      DEBUG main            d.u.i.k.p.i.AbstractProblemLoader Environment load took 108.3ns 
32258      INFO  main            d.u.i.k.p.i.AbstractProblemLoader Creating init config 
34837      DEBUG main            d.u.i.k.p.i.AbstractProblemLoader Init config took 2.58s 
34884      INFO  main            d.u.i.k.p.i.AbstractProblemLoader Replaying proof Cell[Cell::post_set(int)].JML model_behavior operation contract.0 
34891      DEBUG main            d.u.i.k.p.i.IntermediateProofReplayer Proof replay took 4.69ms 
34892      DEBUG main            d.u.i.k.p.r.p.TestFile    ... success: reloaded. 
34893      INFO  main            d.u.i.k.p.r.p.TestFile    Now processing file /home/runner/work/key/key/key.core/../key.ui/examples/heap/model_methods/Cell_set.key 
34893      INFO  main            d.u.i.k.p.i.AbstractProblemLoader Loading environment from /home/runner/work/key/key/key.core/../key.ui/examples/heap/model_methods/Cell_set.key 
34893      DEBUG main            d.u.i.k.p.i.AbstractProblemLoader Environment load took 169.9ns 
34894      INFO  main            d.u.i.k.p.i.AbstractProblemLoader Creating init config 
37540      DEBUG main            d.u.i.k.p.i.AbstractProblemLoader Init config took 2.65s 
37585      INFO  main            d.u.i.k.p.i.AbstractProblemLoader Replaying proof Cell[Cell::set(int)].JML operation contract.0 
37587      DEBUG main            d.u.i.k.p.i.IntermediateProofReplayer Proof replay took 6.2ns 
44109      INFO  main            d.u.i.k.p.r.p.TestFile    ... finished proof: closed. 
44308      INFO  main            d.u.i.k.p.i.AbstractProblemLoader Loading environment from /home/runner/work/key/key/key.core/../key.ui/examples/heap/model_methods/Cell_set.key.proof 
44313      DEBUG main            d.u.i.k.p.i.AbstractProblemLoader Environment load took 5.13ms 
44315      INFO  main            d.u.i.k.p.i.AbstractProblemLoader Creating init config 
46883      DEBUG main            d.u.i.k.p.i.AbstractProblemLoader Init config took 2.57s 
46928      INFO  main            d.u.i.k.p.i.AbstractProblemLoader Replaying proof Cell[Cell::set(int)].JML operation contract.0 
47359      DEBUG main            d.u.i.k.p.i.IntermediateProofReplayer Proof replay took 412.99ms 
47361      DEBUG main            d.u.i.k.p.r.p.TestFile    ... success: reloaded. 
47362      INFO  main            d.u.i.k.p.r.p.TestFile    Now processing file /home/runner/work/key/key/key.core/../key.ui/examples/heap/model_methods/CellTest_callSet.key 
47362      INFO  main            d.u.i.k.p.i.AbstractProblemLoader Loading environment from /home/runner/work/key/key/key.core/../key.ui/examples/heap/model_methods/CellTest_callSet.key 
47362      DEBUG main            d.u.i.k.p.i.AbstractProblemLoader Environment load took 171.2ns 
47363      INFO  main            d.u.i.k.p.i.AbstractProblemLoader Creating init config 
50017      DEBUG main            d.u.i.k.p.i.AbstractProblemLoader Init config took 2.65s 
50060      INFO  main            d.u.i.k.p.i.AbstractProblemLoader Replaying proof CellTest[CellTest::callSet(Cell,int)].JML operation contract.0 
50062      DEBUG main            d.u.i.k.p.i.IntermediateProofReplayer Proof replay took 5.9ns 
50264      INFO  main            d.u.i.k.p.r.p.TestFile    ... finished proof: closed. 
50450      INFO  main            d.u.i.k.p.i.AbstractProblemLoader Loading environment from /home/runner/work/key/key/key.core/../key.ui/examples/heap/model_methods/CellTest_callSet.key.proof 
50450      DEBUG main            d.u.i.k.p.i.AbstractProblemLoader Environment load took 107.5ns 
50451      INFO  main            d.u.i.k.p.i.AbstractProblemLoader Creating init config 
52984      DEBUG main            d.u.i.k.p.i.AbstractProblemLoader Init config took 2.53s 
53026      INFO  main            d.u.i.k.p.i.AbstractProblemLoader Replaying proof CellTest[CellTest::callSet(Cell,int)].JML operation contract.0 
53064      DEBUG main            d.u.i.k.p.i.IntermediateProofReplayer Proof replay took 35.45ms 
53065      DEBUG main            d.u.i.k.p.r.p.TestFile    ... success: reloaded. 
53066      INFO  main            d.u.i.k.p.r.p.TestFile    Now processing file /home/runner/work/key/key/key.core/../key.ui/examples/heap/model_methods/CellTest_test2.key 
53067      INFO  main            d.u.i.k.p.i.AbstractProblemLoader Loading environment from /home/runner/work/key/key/key.core/../key.ui/examples/heap/model_methods/CellTest_test2.key 
53067      DEBUG main            d.u.i.k.p.i.AbstractProblemLoader Environment load took 72.3ns 
53067      INFO  main            d.u.i.k.p.i.AbstractProblemLoader Creating init config 
55663      DEBUG main            d.u.i.k.p.i.AbstractProblemLoader Init config took 2.59s 
55704      INFO  main            d.u.i.k.p.i.AbstractProblemLoader Replaying proof CellTest[CellTest::test2(Cell)].JML operation contract.0 
55706      DEBUG main            d.u.i.k.p.i.IntermediateProofReplayer Proof replay took 6.1ns 
56008      INFO  main            d.u.i.k.p.r.p.TestFile    ... finished proof: closed. 
56181      INFO  main            d.u.i.k.p.i.AbstractProblemLoader Loading environment from /home/runner/work/key/key/key.core/../key.ui/examples/heap/model_methods/CellTest_test2.key.proof 
56181      DEBUG main            d.u.i.k.p.i.AbstractProblemLoader Environment load took 103.7ns 
56182      INFO  main            d.u.i.k.p.i.AbstractProblemLoader Creating init config 
58700      DEBUG main            d.u.i.k.p.i.AbstractProblemLoader Init config took 2.52s 
58742      INFO  main            d.u.i.k.p.i.AbstractProblemLoader Replaying proof CellTest[CellTest::test2(Cell)].JML operation contract.0 
58807      DEBUG main            d.u.i.k.p.i.IntermediateProofReplayer Proof replay took 62.25ms 
58808      DEBUG main            d.u.i.k.p.r.p.TestFile    ... success: reloaded. 
58809      INFO  main            d.u.i.k.p.r.p.TestFile    Now processing file /home/runner/work/key/key/key.core/../key.ui/examples/heap/model_methods/CellTest_test.key 
58810      INFO  main            d.u.i.k.p.i.AbstractProblemLoader Loading environment from /home/runner/work/key/key/key.core/../key.ui/examples/heap/model_methods/CellTest_test.key 
58810      DEBUG main            d.u.i.k.p.i.AbstractProblemLoader Environment load took 137.3ns 
58811      INFO  main            d.u.i.k.p.i.AbstractProblemLoader Creating init config 
61410      DEBUG main            d.u.i.k.p.i.AbstractProblemLoader Init config took 2.6s 
61453      INFO  main            d.u.i.k.p.i.AbstractProblemLoader Replaying proof CellTest[CellTest::test(Recell)].JML operation contract.0 
61455      DEBUG main            d.u.i.k.p.i.IntermediateProofReplayer Proof replay took 6.9ns 
62160      INFO  main            d.u.i.k.p.r.p.TestFile    ... finished proof: closed. 
62372      INFO  main            d.u.i.k.p.i.AbstractProblemLoader Loading environment from /home/runner/work/key/key/key.core/../key.ui/examples/heap/model_methods/CellTest_test.key.proof 
62372      DEBUG main            d.u.i.k.p.i.AbstractProblemLoader Environment load took 481.9ns 
62374      INFO  main            d.u.i.k.p.i.AbstractProblemLoader Creating init config 
64933      DEBUG main            d.u.i.k.p.i.AbstractProblemLoader Init config took 2.56s 
64980      INFO  main            d.u.i.k.p.i.AbstractProblemLoader Replaying proof CellTest[CellTest::test(Recell)].JML operation contract.0 
65135      DEBUG main            d.u.i.k.p.i.IntermediateProofReplayer Proof replay took 147.59ms 
65136      DEBUG main            d.u.i.k.p.r.p.TestFile    ... success: reloaded. 
65137      INFO  main            d.u.i.k.p.r.p.TestFile    Now processing file /home/runner/work/key/key/key.core/../key.ui/examples/heap/model_methods/Coll1_add.key 
65137      INFO  main            d.u.i.k.p.i.AbstractProblemLoader Loading environment from /home/runner/work/key/key/key.core/../key.ui/examples/heap/model_methods/Coll1_add.key 
65137      DEBUG main            d.u.i.k.p.i.AbstractProblemLoader Environment load took 159.1ns 
65139      INFO  main            d.u.i.k.p.i.AbstractProblemLoader Creating init config 
67694      DEBUG main            d.u.i.k.p.i.AbstractProblemLoader Init config took 2.56s 
67735      INFO  main            d.u.i.k.p.i.AbstractProblemLoader Replaying proof Coll1[Coll::add(int)].JML operation contract.0 
67737      DEBUG main            d.u.i.k.p.i.IntermediateProofReplayer Proof replay took 6.4ns 
67840      INFO  main            d.u.i.k.p.r.p.TestFile    ... finished proof: closed. 
68012      INFO  main            d.u.i.k.p.i.AbstractProblemLoader Loading environment from /home/runner/work/key/key/key.core/../key.ui/examples/heap/model_methods/Coll1_add.key.proof 
68012      DEBUG main            d.u.i.k.p.i.AbstractProblemLoader Environment load took 106.6ns 
68013      INFO  main            d.u.i.k.p.i.AbstractProblemLoader Creating init config 
70539      DEBUG main            d.u.i.k.p.i.AbstractProblemLoader Init config took 2.53s 
70581      INFO  main            d.u.i.k.p.i.AbstractProblemLoader Replaying proof Coll1[Coll::add(int)].JML operation contract.0 
70589      DEBUG main            d.u.i.k.p.i.IntermediateProofReplayer Proof replay took 6.05ms 
70590      DEBUG main            d.u.i.k.p.r.p.TestFile    ... success: reloaded. 
70591      INFO  main            d.u.i.k.p.r.p.TestFile    Now processing file /home/runner/work/key/key/key.core/../key.ui/examples/heap/model_methods/Coll1_Coll1_add_pre.key 
70591      INFO  main            d.u.i.k.p.i.AbstractProblemLoader Loading environment from /home/runner/work/key/key/key.core/../key.ui/examples/heap/model_methods/Coll1_Coll1_add_pre.key 
70591      DEBUG main            d.u.i.k.p.i.AbstractProblemLoader Environment load took 112.5ns 
70592      INFO  main            d.u.i.k.p.i.AbstractProblemLoader Creating init config 
73157      DEBUG main            d.u.i.k.p.i.AbstractProblemLoader Init config took 2.56s 
73217      INFO  main            d.u.i.k.p.i.AbstractProblemLoader Replaying proof Coll1[Coll1::add_pre(int)].JML model_behavior operation contract.0 
73218      DEBUG main            d.u.i.k.p.i.IntermediateProofReplayer Proof replay took 6ns 
73319      INFO  main            d.u.i.k.p.r.p.TestFile    ... finished proof: closed. 
73496      INFO  main            d.u.i.k.p.i.AbstractProblemLoader Loading environment from /home/runner/work/key/key/key.core/../key.ui/examples/heap/model_methods/Coll1_Coll1_add_pre.key.proof 
73496      DEBUG main            d.u.i.k.p.i.AbstractProblemLoader Environment load took 103.5ns 
73497      INFO  main            d.u.i.k.p.i.AbstractProblemLoader Creating init config 
76035      DEBUG main            d.u.i.k.p.i.AbstractProblemLoader Init config took 2.54s 
76079      INFO  main            d.u.i.k.p.i.AbstractProblemLoader Replaying proof Coll1[Coll1::add_pre(int)].JML model_behavior operation contract.0 
76084      DEBUG main            d.u.i.k.p.i.IntermediateProofReplayer Proof replay took 1.37ms 
76085      DEBUG main            d.u.i.k.p.r.p.TestFile    ... success: reloaded. 
76088      INFO  main            d.u.i.k.p.r.p.TestFile    Now processing file /home/runner/work/key/key/key.core/../key.ui/examples/heap/model_methods/Coll1_Coll_add_pre.key 
76089      INFO  main            d.u.i.k.p.i.AbstractProblemLoader Loading environment from /home/runner/work/key/key/key.core/../key.ui/examples/heap/model_methods/Coll1_Coll_add_pre.key 
76089      DEBUG main            d.u.i.k.p.i.AbstractProblemLoader Environment load took 86.4ns 
76090      INFO  main            d.u.i.k.p.i.AbstractProblemLoader Creating init config 
78645      DEBUG main            d.u.i.k.p.i.AbstractProblemLoader Init config took 2.55s 
78686      INFO  main            d.u.i.k.p.i.AbstractProblemLoader Replaying proof Coll1[Coll::add_pre(int)].JML model_behavior operation contract.0 
78688      DEBUG main            d.u.i.k.p.i.IntermediateProofReplayer Proof replay took 7.4ns 
78792      INFO  main            d.u.i.k.p.r.p.TestFile    ... finished proof: closed. 
78975      INFO  main            d.u.i.k.p.i.AbstractProblemLoader Loading environment from /home/runner/work/key/key/key.core/../key.ui/examples/heap/model_methods/Coll1_Coll_add_pre.key.proof 
78975      DEBUG main            d.u.i.k.p.i.AbstractProblemLoader Environment load took 314.4ns 
78976      INFO  main            d.u.i.k.p.i.AbstractProblemLoader Creating init config 
81477      DEBUG main            d.u.i.k.p.i.AbstractProblemLoader Init config took 2.5s 
81517      INFO  main            d.u.i.k.p.i.AbstractProblemLoader Replaying proof Coll1[Coll::add_pre(int)].JML model_behavior operation contract.0 
81520      DEBUG main            d.u.i.k.p.i.IntermediateProofReplayer Proof replay took 2.05ms 
81521      DEBUG main            d.u.i.k.p.r.p.TestFile    ... success: reloaded. 
81522      INFO  main            d.u.i.k.p.r.p.TestFile    Now processing file /home/runner/work/key/key/key.core/../key.ui/examples/heap/model_methods/Coll2_add.key 
81522      INFO  main            d.u.i.k.p.i.AbstractProblemLoader Loading environment from /home/runner/work/key/key/key.core/../key.ui/examples/heap/model_methods/Coll2_add.key 
81523      DEBUG main            d.u.i.k.p.i.AbstractProblemLoader Environment load took 161.7ns 
81524      INFO  main            d.u.i.k.p.i.AbstractProblemLoader Creating init config 
84052      DEBUG main            d.u.i.k.p.i.AbstractProblemLoader Init config took 2.53s 
84092      INFO  main            d.u.i.k.p.i.AbstractProblemLoader Replaying proof Coll2[Coll::add(int)].JML operation contract.0 
84094      DEBUG main            d.u.i.k.p.i.IntermediateProofReplayer Proof replay took 5.7ns 
84196      INFO  main            d.u.i.k.p.r.p.TestFile    ... finished proof: closed. 
84382      INFO  main            d.u.i.k.p.i.AbstractProblemLoader Loading environment from /home/runner/work/key/key/key.core/../key.ui/examples/heap/model_methods/Coll2_add.key.proof 
84382      DEBUG main            d.u.i.k.p.i.AbstractProblemLoader Environment load took 98.7ns 
84383      INFO  main            d.u.i.k.p.i.AbstractProblemLoader Creating init config 
86891      DEBUG main            d.u.i.k.p.i.AbstractProblemLoader Init config took 2.51s 
86930      INFO  main            d.u.i.k.p.i.AbstractProblemLoader Replaying proof Coll2[Coll::add(int)].JML operation contract.0 
86940      DEBUG main            d.u.i.k.p.i.IntermediateProofReplayer Proof replay took 5.76ms 
86941      DEBUG main            d.u.i.k.p.r.p.TestFile    ... success: reloaded. 
86942      INFO  main            d.u.i.k.p.r.p.TestFile    Now processing file /home/runner/work/key/key/key.core/../key.ui/examples/heap/model_methods/Coll2_Coll2_add_pre.key 
86943      INFO  main            d.u.i.k.p.i.AbstractProblemLoader Loading environment from /home/runner/work/key/key/key.core/../key.ui/examples/heap/model_methods/Coll2_Coll2_add_pre.key 
86943      DEBUG main            d.u.i.k.p.i.AbstractProblemLoader Environment load took 179.9ns 
86944      INFO  main            d.u.i.k.p.i.AbstractProblemLoader Creating init config 
89497      DEBUG main            d.u.i.k.p.i.AbstractProblemLoader Init config took 2.55s 
89541      INFO  main            d.u.i.k.p.i.AbstractProblemLoader Replaying proof Coll2[Coll2::add_pre(int)].JML model_behavior operation contract.0 
89544      DEBUG main            d.u.i.k.p.i.IntermediateProofReplayer Proof replay took 6.1ns 
89645      INFO  main            d.u.i.k.p.r.p.TestFile    ... finished proof: closed. 
89872      INFO  main            d.u.i.k.p.i.AbstractProblemLoader Loading environment from /home/runner/work/key/key/key.core/../key.ui/examples/heap/model_methods/Coll2_Coll2_add_pre.key.proof 
89872      DEBUG main            d.u.i.k.p.i.AbstractProblemLoader Environment load took 102.6ns 
89873      INFO  main            d.u.i.k.p.i.AbstractProblemLoader Creating init config 
92379      DEBUG main            d.u.i.k.p.i.AbstractProblemLoader Init config took 2.51s 
92417      INFO  main            d.u.i.k.p.i.AbstractProblemLoader Replaying proof Coll2[Coll2::add_pre(int)].JML model_behavior operation contract.0 
92420      DEBUG main            d.u.i.k.p.i.IntermediateProofReplayer Proof replay took 1.33ms 
92421      DEBUG main            d.u.i.k.p.r.p.TestFile    ... success: reloaded. 
92422      INFO  main            d.u.i.k.p.r.p.TestFile    Now processing file /home/runner/work/key/key/key.core/../key.ui/examples/heap/model_methods/Coll2_Coll_add_pre.key 
92422      INFO  main            d.u.i.k.p.i.AbstractProblemLoader Loading environment from /home/runner/work/key/key/key.core/../key.ui/examples/heap/model_methods/Coll2_Coll_add_pre.key 
92422      DEBUG main            d.u.i.k.p.i.AbstractProblemLoader Environment load took 211ns 
92423      INFO  main            d.u.i.k.p.i.AbstractProblemLoader Creating init config 
94980      DEBUG main            d.u.i.k.p.i.AbstractProblemLoader Init config took 2.56s 
95017      INFO  main            d.u.i.k.p.i.AbstractProblemLoader Replaying proof Coll2[Coll::add_pre(int)].JML model_behavior operation contract.0 
95019      DEBUG main            d.u.i.k.p.i.IntermediateProofReplayer Proof replay took 5.6ns 
95124      INFO  main            d.u.i.k.p.r.p.TestFile    ... finished proof: closed. 
95324      INFO  main            d.u.i.k.p.i.AbstractProblemLoader Loading environment from /home/runner/work/key/key/key.core/../key.ui/examples/heap/model_methods/Coll2_Coll_add_pre.key.proof 
95324      DEBUG main            d.u.i.k.p.i.AbstractProblemLoader Environment load took 101.5ns 
95324      INFO  main            d.u.i.k.p.i.AbstractProblemLoader Creating init config 
97843      DEBUG main            d.u.i.k.p.i.AbstractProblemLoader Init config took 2.52s 
97880      INFO  main            d.u.i.k.p.i.AbstractProblemLoader Replaying proof Coll2[Coll::add_pre(int)].JML model_behavior operation contract.0 
97884      DEBUG main            d.u.i.k.p.i.IntermediateProofReplayer Proof replay took 1.98ms 
97884      DEBUG main            d.u.i.k.p.r.p.TestFile    ... success: reloaded. 
97886      INFO  main            d.u.i.k.p.r.p.TestFile    Now processing file /home/runner/work/key/key/key.core/../key.ui/examples/heap/model_methods/Coll_add.key 
97886      INFO  main            d.u.i.k.p.i.AbstractProblemLoader Loading environment from /home/runner/work/key/key/key.core/../key.ui/examples/heap/model_methods/Coll_add.key 
97886      DEBUG main            d.u.i.k.p.i.AbstractProblemLoader Environment load took 79.8ns 
97887      INFO  main            d.u.i.k.p.i.AbstractProblemLoader Creating init config 
100437     DEBUG main            d.u.i.k.p.i.AbstractProblemLoader Init config took 2.55s 
100475     INFO  main            d.u.i.k.p.i.AbstractProblemLoader Replaying proof Coll[Coll::add(int)].JML operation contract.0 
100477     DEBUG main            d.u.i.k.p.i.IntermediateProofReplayer Proof replay took 5.9ns 
100578     INFO  main            d.u.i.k.p.r.p.TestFile    ... finished proof: closed. 
100783     INFO  main            d.u.i.k.p.i.AbstractProblemLoader Loading environment from /home/runner/work/key/key/key.core/../key.ui/examples/heap/model_methods/Coll_add.key.proof 
100783     DEBUG main            d.u.i.k.p.i.AbstractProblemLoader Environment load took 115.2ns 
100784     INFO  main            d.u.i.k.p.i.AbstractProblemLoader Creating init config 
103259     DEBUG main            d.u.i.k.p.i.AbstractProblemLoader Init config took 2.48s 
103297     INFO  main            d.u.i.k.p.i.AbstractProblemLoader Replaying proof Coll[Coll::add(int)].JML operation contract.0 
103300     DEBUG main            d.u.i.k.p.i.IntermediateProofReplayer Proof replay took 1.85ms 
103301     DEBUG main            d.u.i.k.p.r.p.TestFile    ... success: reloaded. 
103302     INFO  main            d.u.i.k.p.r.p.TestFile    Now processing file /home/runner/work/key/key/key.core/../key.ui/examples/heap/model_methods/Coll_add_pre.key 
103302     INFO  main            d.u.i.k.p.i.AbstractProblemLoader Loading environment from /home/runner/work/key/key/key.core/../key.ui/examples/heap/model_methods/Coll_add_pre.key 
103302     DEBUG main            d.u.i.k.p.i.AbstractProblemLoader Environment load took 135.9ns 
103303     INFO  main            d.u.i.k.p.i.AbstractProblemLoader Creating init config 
105854     DEBUG main            d.u.i.k.p.i.AbstractProblemLoader Init config took 2.55s 
105891     INFO  main            d.u.i.k.p.i.AbstractProblemLoader Replaying proof Coll[Coll::add_pre(int)].JML model_behavior operation contract.0 
105893     DEBUG main            d.u.i.k.p.i.IntermediateProofReplayer Proof replay took 5.9ns 
105996     INFO  main            d.u.i.k.p.r.p.TestFile    ... finished proof: closed. 
106209     INFO  main            d.u.i.k.p.i.AbstractProblemLoader Loading environment from /home/runner/work/key/key/key.core/../key.ui/examples/heap/model_methods/Coll_add_pre.key.proof 
106209     DEBUG main            d.u.i.k.p.i.AbstractProblemLoader Environment load took 1.51ms 
106210     INFO  main            d.u.i.k.p.i.AbstractProblemLoader Creating init config 
108688     DEBUG main            d.u.i.k.p.i.AbstractProblemLoader Init config took 2.48s 
108725     INFO  main            d.u.i.k.p.i.AbstractProblemLoader Replaying proof Coll[Coll::add_pre(int)].JML model_behavior operation contract.0 
108729     DEBUG main            d.u.i.k.p.i.IntermediateProofReplayer Proof replay took 2.3ms 
108730     DEBUG main            d.u.i.k.p.r.p.TestFile    ... success: reloaded. 
108730     INFO  main            d.u.i.k.p.r.p.TestFile    Now processing file /home/runner/work/key/key/key.core/../key.ui/examples/heap/model_methods/Indirect_callAdd.key 
108731     INFO  main            d.u.i.k.p.i.AbstractProblemLoader Loading environment from /home/runner/work/key/key/key.core/../key.ui/examples/heap/model_methods/Indirect_callAdd.key 
108731     DEBUG main            d.u.i.k.p.i.AbstractProblemLoader Environment load took 78.4ns 
108732     INFO  main            d.u.i.k.p.i.AbstractProblemLoader Creating init config 
111268     DEBUG main            d.u.i.k.p.i.AbstractProblemLoader Init config took 2.54s 
111306     INFO  main            d.u.i.k.p.i.AbstractProblemLoader Replaying proof Indirect[Indirect::callAdd(Coll,int)].JML operation contract.0 
111309     DEBUG main            d.u.i.k.p.i.IntermediateProofReplayer Proof replay took 5.9ns 
111410     INFO  main            d.u.i.k.p.r.p.TestFile    ... finished proof: closed. 
111669     INFO  main            d.u.i.k.p.i.AbstractProblemLoader Loading environment from /home/runner/work/key/key/key.core/../key.ui/examples/heap/model_methods/Indirect_callAdd.key.proof 
111669     DEBUG main            d.u.i.k.p.i.AbstractProblemLoader Environment load took 91.9ns 
111670     INFO  main            d.u.i.k.p.i.AbstractProblemLoader Creating init config 
114127     DEBUG main            d.u.i.k.p.i.AbstractProblemLoader Init config took 2.46s 
114176     INFO  main            d.u.i.k.p.i.AbstractProblemLoader Replaying proof Indirect[Indirect::callAdd(Coll,int)].JML operation contract.0 
114198     DEBUG main            d.u.i.k.p.i.IntermediateProofReplayer Proof replay took 19.32ms 
114198     DEBUG main            d.u.i.k.p.r.p.TestFile    ... success: reloaded. 
114199     INFO  main            d.u.i.k.p.r.p.TestFile    Now processing file /home/runner/work/key/key/key.core/../key.ui/examples/heap/model_methods/Indirect_test.key 
114200     INFO  main            d.u.i.k.p.i.AbstractProblemLoader Loading environment from /home/runner/work/key/key/key.core/../key.ui/examples/heap/model_methods/Indirect_test.key 
114200     DEBUG main            d.u.i.k.p.i.AbstractProblemLoader Environment load took 64.4ns 
114200     INFO  main            d.u.i.k.p.i.AbstractProblemLoader Creating init config 
116744     DEBUG main            d.u.i.k.p.i.AbstractProblemLoader Init config took 2.54s 
116782     INFO  main            d.u.i.k.p.i.AbstractProblemLoader Replaying proof Indirect[Indirect::test(Coll1,Coll2)].JML operation contract.0 
116783     DEBUG main            d.u.i.k.p.i.IntermediateProofReplayer Proof replay took 5.4ns 
116988     INFO  main            d.u.i.k.p.r.p.TestFile    ... finished proof: closed. 
117218     INFO  main            d.u.i.k.p.i.AbstractProblemLoader Loading environment from /home/runner/work/key/key/key.core/../key.ui/examples/heap/model_methods/Indirect_test.key.proof 
117218     DEBUG main            d.u.i.k.p.i.AbstractProblemLoader Environment load took 90.4ns 
117219     INFO  main            d.u.i.k.p.i.AbstractProblemLoader Creating init config 
119665     DEBUG main            d.u.i.k.p.i.AbstractProblemLoader Init config took 2.45s 
119702     INFO  main            d.u.i.k.p.i.AbstractProblemLoader Replaying proof Indirect[Indirect::test(Coll1,Coll2)].JML operation contract.0 
119745     DEBUG main            d.u.i.k.p.i.IntermediateProofReplayer Proof replay took 40.88ms 
119746     DEBUG main            d.u.i.k.p.r.p.TestFile    ... success: reloaded. 
119747     INFO  main            d.u.i.k.p.r.p.TestFile    Now processing file /home/runner/work/key/key/key.core/../key.ui/examples/heap/model_methods/Recell_Cell_footprint.key 
119747     INFO  main            d.u.i.k.p.i.AbstractProblemLoader Loading environment from /home/runner/work/key/key/key.core/../key.ui/examples/heap/model_methods/Recell_Cell_footprint.key 
119747     DEBUG main            d.u.i.k.p.i.AbstractProblemLoader Environment load took 77.7ns 
119748     INFO  main            d.u.i.k.p.i.AbstractProblemLoader Creating init config 
122296     DEBUG main            d.u.i.k.p.i.AbstractProblemLoader Init config took 2.55s 
122334     INFO  main            d.u.i.k.p.i.AbstractProblemLoader Replaying proof Recell[Cell::footprint()].JML model_behavior operation contract.0 
122335     DEBUG main            d.u.i.k.p.i.IntermediateProofReplayer Proof replay took 6.7ns 
122437     INFO  main            d.u.i.k.p.r.p.TestFile    ... finished proof: closed. 
122660     INFO  main            d.u.i.k.p.i.AbstractProblemLoader Loading environment from /home/runner/work/key/key/key.core/../key.ui/examples/heap/model_methods/Recell_Cell_footprint.key.proof 
122660     DEBUG main            d.u.i.k.p.i.AbstractProblemLoader Environment load took 94.6ns 
122661     INFO  main            d.u.i.k.p.i.AbstractProblemLoader Creating init config 
125157     DEBUG main            d.u.i.k.p.i.AbstractProblemLoader Init config took 2.5s 
125204     INFO  main            d.u.i.k.p.i.AbstractProblemLoader Replaying proof Recell[Cell::footprint()].JML model_behavior operation contract.0 
125208     DEBUG main            d.u.i.k.p.i.IntermediateProofReplayer Proof replay took 2.57ms 
125209     DEBUG main            d.u.i.k.p.r.p.TestFile    ... success: reloaded. 
125210     INFO  main            d.u.i.k.p.r.p.TestFile    Now processing file /home/runner/work/key/key/key.core/../key.ui/examples/heap/model_methods/Recell_Cell_post_set.key 
125210     INFO  main            d.u.i.k.p.i.AbstractProblemLoader Loading environment from /home/runner/work/key/key/key.core/../key.ui/examples/heap/model_methods/Recell_Cell_post_set.key 
125210     DEBUG main            d.u.i.k.p.i.AbstractProblemLoader Environment load took 63.6ns 
125211     INFO  main            d.u.i.k.p.i.AbstractProblemLoader Creating init config 
127707     DEBUG main            d.u.i.k.p.i.AbstractProblemLoader Init config took 2.5s 
127744     INFO  main            d.u.i.k.p.i.AbstractProblemLoader Replaying proof Recell[Cell::post_set(int)].JML model_behavior operation contract.0 
127745     DEBUG main            d.u.i.k.p.i.IntermediateProofReplayer Proof replay took 5.8ns 
127848     INFO  main            d.u.i.k.p.r.p.TestFile    ... finished proof: closed. 
128078     INFO  main            d.u.i.k.p.i.AbstractProblemLoader Loading environment from /home/runner/work/key/key/key.core/../key.ui/examples/heap/model_methods/Recell_Cell_post_set.key.proof 
128078     DEBUG main            d.u.i.k.p.i.AbstractProblemLoader Environment load took 98.4ns 
128079     INFO  main            d.u.i.k.p.i.AbstractProblemLoader Creating init config 
130529     DEBUG main            d.u.i.k.p.i.AbstractProblemLoader Init config took 2.45s 
130566     INFO  main            d.u.i.k.p.i.AbstractProblemLoader Replaying proof Recell[Cell::post_set(int)].JML model_behavior operation contract.0 
130571     DEBUG main            d.u.i.k.p.i.IntermediateProofReplayer Proof replay took 3.74ms 
130572     DEBUG main            d.u.i.k.p.r.p.TestFile    ... success: reloaded. 
130572     INFO  main            d.u.i.k.p.r.p.TestFile    Now processing file /home/runner/work/key/key/key.core/../key.ui/examples/heap/model_methods/Recell_footprint_acc.key 
130573     INFO  main            d.u.i.k.p.i.AbstractProblemLoader Loading environment from /home/runner/work/key/key/key.core/../key.ui/examples/heap/model_methods/Recell_footprint_acc.key 
130573     DEBUG main            d.u.i.k.p.i.AbstractProblemLoader Environment load took 78.6ns 
130574     INFO  main            d.u.i.k.p.i.AbstractProblemLoader Creating init config 
133075     DEBUG main            d.u.i.k.p.i.AbstractProblemLoader Init config took 2.5s 
133111     INFO  main            d.u.i.k.p.i.AbstractProblemLoader Replaying proof Recell[Cell::footprint()].JML accessible clause.0 
133113     DEBUG main            d.u.i.k.p.i.IntermediateProofReplayer Proof replay took 6.1ns 
133216     INFO  main            d.u.i.k.p.r.p.TestFile    ... finished proof: closed. 
133467     INFO  main            d.u.i.k.p.i.AbstractProblemLoader Loading environment from /home/runner/work/key/key/key.core/../key.ui/examples/heap/model_methods/Recell_footprint_acc.key.proof 
133467     DEBUG main            d.u.i.k.p.i.AbstractProblemLoader Environment load took 230.7ns 
133468     INFO  main            d.u.i.k.p.i.AbstractProblemLoader Creating init config 
135945     DEBUG main            d.u.i.k.p.i.AbstractProblemLoader Init config took 2.48s 
135983     INFO  main            d.u.i.k.p.i.AbstractProblemLoader Replaying proof Recell[Cell::footprint()].JML accessible clause.0 
135999     DEBUG main            d.u.i.k.p.i.IntermediateProofReplayer Proof replay took 14.28ms 
136000     DEBUG main            d.u.i.k.p.r.p.TestFile    ... success: reloaded. 
136001     INFO  main            d.u.i.k.p.r.p.TestFile    Now processing file /home/runner/work/key/key/key.core/../key.ui/examples/heap/model_methods/Recell_get_acc.key 
136001     INFO  main            d.u.i.k.p.i.AbstractProblemLoader Loading environment from /home/runner/work/key/key/key.core/../key.ui/examples/heap/model_methods/Recell_get_acc.key 
136001     DEBUG main            d.u.i.k.p.i.AbstractProblemLoader Environment load took 78.1ns 
136002     INFO  main            d.u.i.k.p.i.AbstractProblemLoader Creating init config 
138519     DEBUG main            d.u.i.k.p.i.AbstractProblemLoader Init config took 2.52s 
138571     INFO  main            d.u.i.k.p.i.AbstractProblemLoader Replaying proof Recell[Cell::get()].JML accessible clause.0 
138572     DEBUG main            d.u.i.k.p.i.IntermediateProofReplayer Proof replay took 6.4ns 
138676     INFO  main            d.u.i.k.p.r.p.TestFile    ... finished proof: closed. 
138984     INFO  main            d.u.i.k.p.i.AbstractProblemLoader Loading environment from /home/runner/work/key/key/key.core/../key.ui/examples/heap/model_methods/Recell_get_acc.key.proof 
138984     DEBUG main            d.u.i.k.p.i.AbstractProblemLoader Environment load took 92.4ns 
138985     INFO  main            d.u.i.k.p.i.AbstractProblemLoader Creating init config 
141478     DEBUG main            d.u.i.k.p.i.AbstractProblemLoader Init config took 2.49s 
141528     INFO  main            d.u.i.k.p.i.AbstractProblemLoader Replaying proof Recell[Cell::get()].JML accessible clause.0 
141543     DEBUG main            d.u.i.k.p.i.IntermediateProofReplayer Proof replay took 13.38ms 
141544     DEBUG main            d.u.i.k.p.r.p.TestFile    ... success: reloaded. 
141545     INFO  main            d.u.i.k.p.r.p.TestFile    Now processing file /home/runner/work/key/key/key.core/../key.ui/examples/heap/model_methods/Recell_get.key 
141545     INFO  main            d.u.i.k.p.i.AbstractProblemLoader Loading environment from /home/runner/work/key/key/key.core/../key.ui/examples/heap/model_methods/Recell_get.key 
141545     DEBUG main            d.u.i.k.p.i.AbstractProblemLoader Environment load took 78.3ns 
141546     INFO  main            d.u.i.k.p.i.AbstractProblemLoader Creating init config 
144017     DEBUG main            d.u.i.k.p.i.AbstractProblemLoader Init config took 2.47s 
144055     INFO  main            d.u.i.k.p.i.AbstractProblemLoader Replaying proof Recell[Cell::get()].JML operation contract.0 
144056     DEBUG main            d.u.i.k.p.i.IntermediateProofReplayer Proof replay took 6.3ns 
144160     INFO  main            d.u.i.k.p.r.p.TestFile    ... finished proof: closed. 
144411     INFO  main            d.u.i.k.p.i.AbstractProblemLoader Loading environment from /home/runner/work/key/key/key.core/../key.ui/examples/heap/model_methods/Recell_get.key.proof 
144411     DEBUG main            d.u.i.k.p.i.AbstractProblemLoader Environment load took 89ns 
144412     INFO  main            d.u.i.k.p.i.AbstractProblemLoader Creating init config 
146859     DEBUG main            d.u.i.k.p.i.AbstractProblemLoader Init config took 2.45s 
146896     INFO  main            d.u.i.k.p.i.AbstractProblemLoader Replaying proof Recell[Cell::get()].JML operation contract.0 
146904     DEBUG main            d.u.i.k.p.i.IntermediateProofReplayer Proof replay took 6.94ms 
146905     DEBUG main            d.u.i.k.p.r.p.TestFile    ... success: reloaded. 
146906     INFO  main            d.u.i.k.p.r.p.TestFile    Now processing file /home/runner/work/key/key/key.core/../key.ui/examples/heap/model_methods/Recell_Recell_footprint.key 
146906     INFO  main            d.u.i.k.p.i.AbstractProblemLoader Loading environment from /home/runner/work/key/key/key.core/../key.ui/examples/heap/model_methods/Recell_Recell_footprint.key 
146906     DEBUG main            d.u.i.k.p.i.AbstractProblemLoader Environment load took 106ns 
146907     INFO  main            d.u.i.k.p.i.AbstractProblemLoader Creating init config 
149444     DEBUG main            d.u.i.k.p.i.AbstractProblemLoader Init config took 2.54s 
149485     INFO  main            d.u.i.k.p.i.AbstractProblemLoader Replaying proof Recell[Recell::footprint()].JML model_behavior operation contract.0 
149487     DEBUG main            d.u.i.k.p.i.IntermediateProofReplayer Proof replay took 6ns 
149588     INFO  main            d.u.i.k.p.r.p.TestFile    ... finished proof: closed. 
149849     INFO  main            d.u.i.k.p.i.AbstractProblemLoader Loading environment from /home/runner/work/key/key/key.core/../key.ui/examples/heap/model_methods/Recell_Recell_footprint.key.proof 
149849     DEBUG main            d.u.i.k.p.i.AbstractProblemLoader Environment load took 90.7ns 
149850     INFO  main            d.u.i.k.p.i.AbstractProblemLoader Creating init config 
152368     DEBUG main            d.u.i.k.p.i.AbstractProblemLoader Init config took 2.52s 
152407     INFO  main            d.u.i.k.p.i.AbstractProblemLoader Replaying proof Recell[Recell::footprint()].JML model_behavior operation contract.0 
152409     DEBUG main            d.u.i.k.p.i.IntermediateProofReplayer Proof replay took 1.2ms 
152410     DEBUG main            d.u.i.k.p.r.p.TestFile    ... success: reloaded. 
152411     INFO  main            d.u.i.k.p.r.p.TestFile    Now processing file /home/runner/work/key/key/key.core/../key.ui/examples/heap/model_methods/Recell_Recell_post_set.key 
152411     INFO  main            d.u.i.k.p.i.AbstractProblemLoader Loading environment from /home/runner/work/key/key/key.core/../key.ui/examples/heap/model_methods/Recell_Recell_post_set.key 
152411     DEBUG main            d.u.i.k.p.i.AbstractProblemLoader Environment load took 180.5ns 
152412     INFO  main            d.u.i.k.p.i.AbstractProblemLoader Creating init config 
154943     DEBUG main            d.u.i.k.p.i.AbstractProblemLoader Init config took 2.53s 
154979     INFO  main            d.u.i.k.p.i.AbstractProblemLoader Replaying proof Recell[Recell::post_set(int)].JML model_behavior operation contract.0 
154981     DEBUG main            d.u.i.k.p.i.IntermediateProofReplayer Proof replay took 6.4ns 
155082     INFO  main            d.u.i.k.p.r.p.TestFile    ... finished proof: closed. 
155337     INFO  main            d.u.i.k.p.i.AbstractProblemLoader Loading environment from /home/runner/work/key/key/key.core/../key.ui/examples/heap/model_methods/Recell_Recell_post_set.key.proof 
155337     DEBUG main            d.u.i.k.p.i.AbstractProblemLoader Environment load took 84.9ns 
155338     INFO  main            d.u.i.k.p.i.AbstractProblemLoader Creating init config 
157775     DEBUG main            d.u.i.k.p.i.AbstractProblemLoader Init config took 2.44s 
157811     INFO  main            d.u.i.k.p.i.AbstractProblemLoader Replaying proof Recell[Recell::post_set(int)].JML model_behavior operation contract.0 
157815     DEBUG main            d.u.i.k.p.i.IntermediateProofReplayer Proof replay took 2.13ms 
157819     DEBUG main            d.u.i.k.p.r.p.TestFile    ... success: reloaded. 
157820     INFO  main            d.u.i.k.p.r.p.TestFile    Now processing file /home/runner/work/key/key/key.core/../key.ui/examples/heap/model_methods/Recell_set.key 
157820     INFO  main            d.u.i.k.p.i.AbstractProblemLoader Loading environment from /home/runner/work/key/key/key.core/../key.ui/examples/heap/model_methods/Recell_set.key 
157821     DEBUG main            d.u.i.k.p.i.AbstractProblemLoader Environment load took 144.5ns 
157821     INFO  main            d.u.i.k.p.i.AbstractProblemLoader Creating init config 
160335     DEBUG main            d.u.i.k.p.i.AbstractProblemLoader Init config took 2.51s 
160372     INFO  main            d.u.i.k.p.i.AbstractProblemLoader Replaying proof Recell[Cell::set(int)].JML operation contract.0 
160374     DEBUG main            d.u.i.k.p.i.IntermediateProofReplayer Proof replay took 6.9ns 
166910     INFO  main            d.u.i.k.p.r.p.TestFile    ... finished proof: closed. 
167205     INFO  main            d.u.i.k.p.i.AbstractProblemLoader Loading environment from /home/runner/work/key/key/key.core/../key.ui/examples/heap/model_methods/Recell_set.key.proof 
167205     DEBUG main            d.u.i.k.p.i.AbstractProblemLoader Environment load took 301.5ns 
167207     INFO  main            d.u.i.k.p.i.AbstractProblemLoader Creating init config 
169656     DEBUG main            d.u.i.k.p.i.AbstractProblemLoader Init config took 2.45s 
169692     INFO  main            d.u.i.k.p.i.AbstractProblemLoader Replaying proof Recell[Cell::set(int)].JML operation contract.0 
170013     DEBUG main            d.u.i.k.p.i.IntermediateProofReplayer Proof replay took 302.39ms 
170014     DEBUG main            d.u.i.k.p.r.p.TestFile    ... success: reloaded. 
170015     INFO  main            d.u.i.k.p.r.p.TestFile    Now processing file /home/runner/work/key/key/key.core/../key.ui/examples/heap/model_methods/Recell_undo.key 
170016     INFO  main            d.u.i.k.p.i.AbstractProblemLoader Loading environment from /home/runner/work/key/key/key.core/../key.ui/examples/heap/model_methods/Recell_undo.key 
170016     DEBUG main            d.u.i.k.p.i.AbstractProblemLoader Environment load took 177.4ns 
170017     INFO  main            d.u.i.k.p.i.AbstractProblemLoader Creating init config 
172546     DEBUG main            d.u.i.k.p.i.AbstractProblemLoader Init config took 2.53s 
172583     INFO  main            d.u.i.k.p.i.AbstractProblemLoader Replaying proof Recell[Recell::undo()].JML operation contract.0 
172584     DEBUG main            d.u.i.k.p.i.IntermediateProofReplayer Proof replay took 6.5ns 
172686     INFO  main            d.u.i.k.p.r.p.TestFile    ... finished proof: closed. 
172956     INFO  main            d.u.i.k.p.i.AbstractProblemLoader Loading environment from /home/runner/work/key/key/key.core/../key.ui/examples/heap/model_methods/Recell_undo.key.proof 
172956     DEBUG main            d.u.i.k.p.i.AbstractProblemLoader Environment load took 85.6ns 
172957     INFO  main            d.u.i.k.p.i.AbstractProblemLoader Creating init config 
175397     DEBUG main            d.u.i.k.p.i.AbstractProblemLoader Init config took 2.44s 
175434     INFO  main            d.u.i.k.p.i.AbstractProblemLoader Replaying proof Recell[Recell::undo()].JML operation contract.0 
175461     DEBUG main            d.u.i.k.p.i.IntermediateProofReplayer Proof replay took 23.34ms 
175462     DEBUG main            d.u.i.k.p.r.p.TestFile    ... success: reloaded. 
4123071    INFO  Test worker     d.u.i.k.p.r.RunAllProofsTestUnit Returning from test modelMethods 
4123072    INFO  Test worker     d.u.i.k.p.r.RunAllProofsTestUnit Running test permissionHeap 
369        INFO  Timeout watchdog d.u.i.k.p.r.p.ForkedTestFileRunner Timeout watcher launched (2000 secs.) 
377        WARN  main            d.u.i.k.s.ProofSettings   The settings in /home/runner/.key/proof-settings.props are *not* read. 
429        INFO  main            d.u.i.k.p.r.p.TestFile    Now processing file /home/runner/work/key/key/key.core/../key.ui/examples/heap/permissions/permissions_method0.key 
556        INFO  main            d.u.i.k.p.i.AbstractProblemLoader Loading environment from /home/runner/work/key/key/key.core/../key.ui/examples/heap/permissions/permissions_method0.key 
572        DEBUG main            d.u.i.k.p.i.AbstractProblemLoader Environment load took 1.94ms 
809        INFO  main            d.u.i.k.p.i.AbstractProblemLoader Creating init config 
1808       DEBUG main            d.u.i.k.j.TypeConverter   No LDT found for Meta 
1809       DEBUG main            d.u.i.k.j.TypeConverter   No LDT found for Meta 
1812       DEBUG main            d.u.i.k.j.TypeConverter   No LDT found for Meta 
1812       DEBUG main            d.u.i.k.j.TypeConverter   No LDT found for Meta 
3171       DEBUG main            d.u.i.k.j.TypeConverter   No LDT found for JavaBigintExpression 
8183       DEBUG main            d.u.i.k.p.i.AbstractProblemLoader Init config took 7.37s 
8302       INFO  main            d.u.i.k.p.i.AbstractProblemLoader Replaying proof MyClass[MyClass::method0()].JML normal_behavior operation contract.0 
8333       DEBUG main            d.u.i.k.p.i.IntermediateProofReplayer Proof replay took 33.6ns 
9363       INFO  main            d.u.i.k.p.r.p.TestFile    ... finished proof: closed. 
9471       INFO  main            d.u.i.k.p.i.AbstractProblemLoader Loading environment from /home/runner/work/key/key/key.core/../key.ui/examples/heap/permissions/permissions_method0.key.proof 
9471       DEBUG main            d.u.i.k.p.i.AbstractProblemLoader Environment load took 344.1ns 
9473       INFO  main            d.u.i.k.p.i.AbstractProblemLoader Creating init config 
12172      DEBUG main            d.u.i.k.p.i.AbstractProblemLoader Init config took 2.7s 
12240      INFO  main            d.u.i.k.p.i.AbstractProblemLoader Replaying proof MyClass[MyClass::method0()].JML normal_behavior operation contract.0 
12327      DEBUG main            d.u.i.k.p.i.IntermediateProofReplayer Proof replay took 81.68ms 
12333      DEBUG main            d.u.i.k.p.r.p.TestFile    ... success: reloaded. 
12334      INFO  main            d.u.i.k.p.r.p.TestFile    Now processing file /home/runner/work/key/key/key.core/../key.ui/examples/heap/permissions/permissions_method1.key 
12335      INFO  main            d.u.i.k.p.i.AbstractProblemLoader Loading environment from /home/runner/work/key/key/key.core/../key.ui/examples/heap/permissions/permissions_method1.key 
12335      DEBUG main            d.u.i.k.p.i.AbstractProblemLoader Environment load took 178ns 
12336      INFO  main            d.u.i.k.p.i.AbstractProblemLoader Creating init config 
14917      DEBUG main            d.u.i.k.p.i.AbstractProblemLoader Init config took 2.58s 
14977      INFO  main            d.u.i.k.p.i.AbstractProblemLoader Replaying proof MyClass[MyClass::method1()].JML normal_behavior operation contract.0 
14980      DEBUG main            d.u.i.k.p.i.IntermediateProofReplayer Proof replay took 5.4ns 
15285      INFO  main            d.u.i.k.p.r.p.TestFile    ... finished proof: closed. 
15414      INFO  main            d.u.i.k.p.i.AbstractProblemLoader Loading environment from /home/runner/work/key/key/key.core/../key.ui/examples/heap/permissions/permissions_method1.key.proof 
15414      DEBUG main            d.u.i.k.p.i.AbstractProblemLoader Environment load took 121.6ns 
15421      INFO  main            d.u.i.k.p.i.AbstractProblemLoader Creating init config 
17914      DEBUG main            d.u.i.k.p.i.AbstractProblemLoader Init config took 2.49s 
17965      INFO  main            d.u.i.k.p.i.AbstractProblemLoader Replaying proof MyClass[MyClass::method1()].JML normal_behavior operation contract.0 
18023      DEBUG main            d.u.i.k.p.i.IntermediateProofReplayer Proof replay took 55.2ms 
18025      DEBUG main            d.u.i.k.p.r.p.TestFile    ... success: reloaded. 
18026      INFO  main            d.u.i.k.p.r.p.TestFile    Now processing file /home/runner/work/key/key/key.core/../key.ui/examples/heap/permissions/permissions_method3.key 
18026      INFO  main            d.u.i.k.p.i.AbstractProblemLoader Loading environment from /home/runner/work/key/key/key.core/../key.ui/examples/heap/permissions/permissions_method3.key 
18026      DEBUG main            d.u.i.k.p.i.AbstractProblemLoader Environment load took 163.7ns 
18027      INFO  main            d.u.i.k.p.i.AbstractProblemLoader Creating init config 
20531      DEBUG main            d.u.i.k.p.i.AbstractProblemLoader Init config took 2.5s 
20585      INFO  main            d.u.i.k.p.i.AbstractProblemLoader Replaying proof MyClass[MyClass::method3()].JML normal_behavior operation contract.0 
20590      DEBUG main            d.u.i.k.p.i.IntermediateProofReplayer Proof replay took 5.1ns 
22202      INFO  main            d.u.i.k.p.r.p.TestFile    ... finished proof: closed. 
22345      INFO  main            d.u.i.k.p.i.AbstractProblemLoader Loading environment from /home/runner/work/key/key/key.core/../key.ui/examples/heap/permissions/permissions_method3.key.proof 
22345      DEBUG main            d.u.i.k.p.i.AbstractProblemLoader Environment load took 118.9ns 
22346      INFO  main            d.u.i.k.p.i.AbstractProblemLoader Creating init config 
24763      DEBUG main            d.u.i.k.p.i.AbstractProblemLoader Init config took 2.42s 
24807      INFO  main            d.u.i.k.p.i.AbstractProblemLoader Replaying proof MyClass[MyClass::method3()].JML normal_behavior operation contract.0 
24977      DEBUG main            d.u.i.k.p.i.IntermediateProofReplayer Proof replay took 162.94ms 
24978      DEBUG main            d.u.i.k.p.r.p.TestFile    ... success: reloaded. 
24979      INFO  main            d.u.i.k.p.r.p.TestFile    Now processing file /home/runner/work/key/key/key.core/../key.ui/examples/heap/permissions/permissions_setAB.key 
24980      INFO  main            d.u.i.k.p.i.AbstractProblemLoader Loading environment from /home/runner/work/key/key/key.core/../key.ui/examples/heap/permissions/permissions_setAB.key 
24980      DEBUG main            d.u.i.k.p.i.AbstractProblemLoader Environment load took 156ns 
24981      INFO  main            d.u.i.k.p.i.AbstractProblemLoader Creating init config 
27473      DEBUG main            d.u.i.k.p.i.AbstractProblemLoader Init config took 2.49s 
27517      INFO  main            d.u.i.k.p.i.AbstractProblemLoader Replaying proof MyClass[MyClass::setAB()].JML normal_behavior operation contract.0 
27519      DEBUG main            d.u.i.k.p.i.IntermediateProofReplayer Proof replay took 6ns 
29225      INFO  main            d.u.i.k.p.r.p.TestFile    ... finished proof: closed. 
29400      INFO  main            d.u.i.k.p.i.AbstractProblemLoader Loading environment from /home/runner/work/key/key/key.core/../key.ui/examples/heap/permissions/permissions_setAB.key.proof 
29400      DEBUG main            d.u.i.k.p.i.AbstractProblemLoader Environment load took 325ns 
29401      INFO  main            d.u.i.k.p.i.AbstractProblemLoader Creating init config 
31825      DEBUG main            d.u.i.k.p.i.AbstractProblemLoader Init config took 2.42s 
31868      INFO  main            d.u.i.k.p.i.AbstractProblemLoader Replaying proof MyClass[MyClass::setAB()].JML normal_behavior operation contract.0 
32004      DEBUG main            d.u.i.k.p.i.IntermediateProofReplayer Proof replay took 130.8ms 
32005      DEBUG main            d.u.i.k.p.r.p.TestFile    ... success: reloaded. 
32006      INFO  main            d.u.i.k.p.r.p.TestFile    Now processing file /home/runner/work/key/key/key.core/../key.ui/examples/heap/permissions/permissionProperties.key 
32007      INFO  main            d.u.i.k.p.i.AbstractProblemLoader Loading environment from /home/runner/work/key/key/key.core/../key.ui/examples/heap/permissions/permissionProperties.key 
32007      DEBUG main            d.u.i.k.p.i.AbstractProblemLoader Environment load took 159.2ns 
32008      INFO  main            d.u.i.k.p.i.AbstractProblemLoader Creating init config 
32165      DEBUG main            d.u.i.k.j.TypeConverter   No LDT found for Meta 
32165      DEBUG main            d.u.i.k.j.TypeConverter   No LDT found for Meta 
32166      DEBUG main            d.u.i.k.j.TypeConverter   No LDT found for Meta 
32166      DEBUG main            d.u.i.k.j.TypeConverter   No LDT found for Meta 
32728      DEBUG main            d.u.i.k.j.TypeConverter   No LDT found for JavaBigintExpression 
35211      DEBUG main            d.u.i.k.p.i.AbstractProblemLoader Init config took 3.2s 
35231      INFO  main            d.u.i.k.p.i.AbstractProblemLoader Replaying proof permissionProperties.key 
35233      DEBUG main            d.u.i.k.p.i.IntermediateProofReplayer Proof replay took 5.2ns 
35336      INFO  main            d.u.i.k.p.r.p.TestFile    ... finished proof: closed. 
35490      INFO  main            d.u.i.k.p.i.AbstractProblemLoader Loading environment from /home/runner/work/key/key/key.core/../key.ui/examples/heap/permissions/permissionProperties.key.proof 
35490      DEBUG main            d.u.i.k.p.i.AbstractProblemLoader Environment load took 109.2ns 
35491      INFO  main            d.u.i.k.p.i.AbstractProblemLoader Creating init config 
37743      DEBUG main            d.u.i.k.p.i.AbstractProblemLoader Init config took 2.25s 
37763      INFO  main            d.u.i.k.p.i.AbstractProblemLoader Replaying proof permissionProperties.key.proof 
37778      DEBUG main            d.u.i.k.p.i.IntermediateProofReplayer Proof replay took 12.13ms 
37779      DEBUG main            d.u.i.k.p.r.p.TestFile    ... success: reloaded. 
37780      INFO  main            d.u.i.k.p.r.p.TestFile    Now processing file /home/runner/work/key/key/key.core/../key.ui/examples/heap/permissions/threads/AFilter_AFilter.key 
37781      INFO  main            d.u.i.k.p.i.AbstractProblemLoader Loading environment from /home/runner/work/key/key/key.core/../key.ui/examples/heap/permissions/threads/AFilter_AFilter.key 
37781      DEBUG main            d.u.i.k.p.i.AbstractProblemLoader Environment load took 175.2ns 
37782      INFO  main            d.u.i.k.p.i.AbstractProblemLoader Creating init config 
37911      DEBUG main            d.u.i.k.j.TypeConverter   No LDT found for Meta 
37911      DEBUG main            d.u.i.k.j.TypeConverter   No LDT found for Meta 
37912      DEBUG main            d.u.i.k.j.TypeConverter   No LDT found for Meta 
37912      DEBUG main            d.u.i.k.j.TypeConverter   No LDT found for Meta 
38466      DEBUG main            d.u.i.k.j.TypeConverter   No LDT found for JavaBigintExpression 
43276      DEBUG main            d.u.i.k.p.i.AbstractProblemLoader Init config took 5.49s 
43379      INFO  main            d.u.i.k.p.i.AbstractProblemLoader Replaying proof AFilter[AFilter::AFilter(Sampler,Buffer)].JML normal_behavior operation contract.0 
43381      DEBUG main            d.u.i.k.p.i.IntermediateProofReplayer Proof replay took 6.2ns 
44485      INFO  main            d.u.i.k.p.r.p.TestFile    ... finished proof: closed. 
44757      INFO  main            d.u.i.k.p.i.AbstractProblemLoader Loading environment from /home/runner/work/key/key/key.core/../key.ui/examples/heap/permissions/threads/AFilter_AFilter.key.proof 
44758      DEBUG main            d.u.i.k.p.i.AbstractProblemLoader Environment load took 125.8ns 
44761      INFO  main            d.u.i.k.p.i.AbstractProblemLoader Creating init config 
49067      DEBUG main            d.u.i.k.p.i.AbstractProblemLoader Init config took 4.31s 
49162      INFO  main            d.u.i.k.p.i.AbstractProblemLoader Replaying proof AFilter[AFilter::AFilter(Sampler,Buffer)].JML normal_behavior operation contract.0 
49287      DEBUG main            d.u.i.k.p.i.IntermediateProofReplayer Proof replay took 120.38ms 
49288      DEBUG main            d.u.i.k.p.r.p.TestFile    ... success: reloaded. 
49289      INFO  main            d.u.i.k.p.r.p.TestFile    Now processing file /home/runner/work/key/key/key.core/../key.ui/examples/heap/permissions/threads/AFilter_initPost_accessible.key 
49289      INFO  main            d.u.i.k.p.i.AbstractProblemLoader Loading environment from /home/runner/work/key/key/key.core/../key.ui/examples/heap/permissions/threads/AFilter_initPost_accessible.key 
49290      DEBUG main            d.u.i.k.p.i.AbstractProblemLoader Environment load took 85.3ns 
49291      INFO  main            d.u.i.k.p.i.AbstractProblemLoader Creating init config 
53613      DEBUG main            d.u.i.k.p.i.AbstractProblemLoader Init config took 4.32s 
53709      INFO  main            d.u.i.k.p.i.AbstractProblemLoader Replaying proof AFilter[ThreadSpec2::initPost()].JML accessible clause.0 
53710      DEBUG main            d.u.i.k.p.i.IntermediateProofReplayer Proof replay took 5.8ns 
53812      INFO  main            d.u.i.k.p.r.p.TestFile    ... finished proof: closed. 
54002      INFO  main            d.u.i.k.p.i.AbstractProblemLoader Loading environment from /home/runner/work/key/key/key.core/../key.ui/examples/heap/permissions/threads/AFilter_initPost_accessible.key.proof 
54003      DEBUG main            d.u.i.k.p.i.AbstractProblemLoader Environment load took 121.3ns 
54003      INFO  main            d.u.i.k.p.i.AbstractProblemLoader Creating init config 
58275      DEBUG main            d.u.i.k.p.i.AbstractProblemLoader Init config took 4.27s 
58366      INFO  main            d.u.i.k.p.i.AbstractProblemLoader Replaying proof AFilter[ThreadSpec2::initPost()].JML accessible clause.0 
58378      DEBUG main            d.u.i.k.p.i.IntermediateProofReplayer Proof replay took 9.64ms 
58379      DEBUG main            d.u.i.k.p.r.p.TestFile    ... success: reloaded. 
58380      INFO  main            d.u.i.k.p.r.p.TestFile    Now processing file /home/runner/work/key/key/key.core/../key.ui/examples/heap/permissions/threads/AFilter_inv_accessible1.key 
58380      INFO  main            d.u.i.k.p.i.AbstractProblemLoader Loading environment from /home/runner/work/key/key/key.core/../key.ui/examples/heap/permissions/threads/AFilter_inv_accessible1.key 
58380      DEBUG main            d.u.i.k.p.i.AbstractProblemLoader Environment load took 88.8ns 
58381      INFO  main            d.u.i.k.p.i.AbstractProblemLoader Creating init config 
62652      DEBUG main            d.u.i.k.p.i.AbstractProblemLoader Init config took 4.27s 
62739      INFO  main            d.u.i.k.p.i.AbstractProblemLoader Replaying proof AFilter[java.lang.Object::<inv>()].JML accessible clause.0 
62741      DEBUG main            d.u.i.k.p.i.IntermediateProofReplayer Proof replay took 6.5ns 
62842      INFO  main            d.u.i.k.p.r.p.TestFile    ... finished proof: closed. 
63036      INFO  main            d.u.i.k.p.i.AbstractProblemLoader Loading environment from /home/runner/work/key/key/key.core/../key.ui/examples/heap/permissions/threads/AFilter_inv_accessible1.key.proof 
63036      DEBUG main            d.u.i.k.p.i.AbstractProblemLoader Environment load took 108.1ns 
63037      INFO  main            d.u.i.k.p.i.AbstractProblemLoader Creating init config 
67285      DEBUG main            d.u.i.k.p.i.AbstractProblemLoader Init config took 4.25s 
67393      INFO  main            d.u.i.k.p.i.AbstractProblemLoader Replaying proof AFilter[java.lang.Object::<inv>()].JML accessible clause.0 
67399      DEBUG main            d.u.i.k.p.i.IntermediateProofReplayer Proof replay took 3.89ms 
67401      DEBUG main            d.u.i.k.p.r.p.TestFile    ... success: reloaded. 
67402      INFO  main            d.u.i.k.p.r.p.TestFile    Now processing file /home/runner/work/key/key/key.core/../key.ui/examples/heap/permissions/threads/AFilter_inv_accessible2.key 
67402      INFO  main            d.u.i.k.p.i.AbstractProblemLoader Loading environment from /home/runner/work/key/key/key.core/../key.ui/examples/heap/permissions/threads/AFilter_inv_accessible2.key 
67403      DEBUG main            d.u.i.k.p.i.AbstractProblemLoader Environment load took 192.1ns 
67404      INFO  main            d.u.i.k.p.i.AbstractProblemLoader Creating init config 
71684      DEBUG main            d.u.i.k.p.i.AbstractProblemLoader Init config took 4.28s 
71778      INFO  main            d.u.i.k.p.i.AbstractProblemLoader Replaying proof AFilter[java.lang.Object::<inv>()].JML accessible clause.1 
71780      DEBUG main            d.u.i.k.p.i.IntermediateProofReplayer Proof replay took 6.3ns 
71882      INFO  main            d.u.i.k.p.r.p.TestFile    ... finished proof: closed. 
72083      INFO  main            d.u.i.k.p.i.AbstractProblemLoader Loading environment from /home/runner/work/key/key/key.core/../key.ui/examples/heap/permissions/threads/AFilter_inv_accessible2.key.proof 
72083      DEBUG main            d.u.i.k.p.i.AbstractProblemLoader Environment load took 150.2ns 
72084      INFO  main            d.u.i.k.p.i.AbstractProblemLoader Creating init config 
76326      DEBUG main            d.u.i.k.p.i.AbstractProblemLoader Init config took 4.24s 
76413      INFO  main            d.u.i.k.p.i.AbstractProblemLoader Replaying proof AFilter[java.lang.Object::<inv>()].JML accessible clause.1 
76416      DEBUG main            d.u.i.k.p.i.IntermediateProofReplayer Proof replay took 1.73ms 
76417      DEBUG main            d.u.i.k.p.r.p.TestFile    ... success: reloaded. 
76418      INFO  main            d.u.i.k.p.r.p.TestFile    Now processing file /home/runner/work/key/key/key.core/../key.ui/examples/heap/permissions/threads/AFilter_joinTransfer_accessible.key 
76418      INFO  main            d.u.i.k.p.i.AbstractProblemLoader Loading environment from /home/runner/work/key/key/key.core/../key.ui/examples/heap/permissions/threads/AFilter_joinTransfer_accessible.key 
76418      DEBUG main            d.u.i.k.p.i.AbstractProblemLoader Environment load took 83.2ns 
76419      INFO  main            d.u.i.k.p.i.AbstractProblemLoader Creating init config 
80729      DEBUG main            d.u.i.k.p.i.AbstractProblemLoader Init config took 4.31s 
80815      INFO  main            d.u.i.k.p.i.AbstractProblemLoader Replaying proof AFilter[ThreadSpec2::joinTransfer()].JML accessible clause.0 
80817      DEBUG main            d.u.i.k.p.i.IntermediateProofReplayer Proof replay took 5.8ns 
82030      INFO  main            d.u.i.k.p.r.p.TestFile    ... finished proof: closed. 
82299      INFO  main            d.u.i.k.p.i.AbstractProblemLoader Loading environment from /home/runner/work/key/key/key.core/../key.ui/examples/heap/permissions/threads/AFilter_joinTransfer_accessible.key.proof 
82300      DEBUG main            d.u.i.k.p.i.AbstractProblemLoader Environment load took 1.21ms 
82301      INFO  main            d.u.i.k.p.i.AbstractProblemLoader Creating init config 
86531      DEBUG main            d.u.i.k.p.i.AbstractProblemLoader Init config took 4.23s 
86632      INFO  main            d.u.i.k.p.i.AbstractProblemLoader Replaying proof AFilter[ThreadSpec2::joinTransfer()].JML accessible clause.0 
86736      DEBUG main            d.u.i.k.p.i.IntermediateProofReplayer Proof replay took 98.4ms 
86738      DEBUG main            d.u.i.k.p.r.p.TestFile    ... success: reloaded. 
86740      INFO  main            d.u.i.k.p.r.p.TestFile    Now processing file /home/runner/work/key/key/key.core/../key.ui/examples/heap/permissions/threads/AFilter_joinTransfer_contract.key 
86740      INFO  main            d.u.i.k.p.i.AbstractProblemLoader Loading environment from /home/runner/work/key/key/key.core/../key.ui/examples/heap/permissions/threads/AFilter_joinTransfer_contract.key 
86740      DEBUG main            d.u.i.k.p.i.AbstractProblemLoader Environment load took 159.3ns 
86741      INFO  main            d.u.i.k.p.i.AbstractProblemLoader Creating init config 
91055      DEBUG main            d.u.i.k.p.i.AbstractProblemLoader Init config took 4.31s 
91142      INFO  main            d.u.i.k.p.i.AbstractProblemLoader Replaying proof AFilter[ThreadSpec2::joinTransfer()].JML model_behavior operation contract.0 
91143      DEBUG main            d.u.i.k.p.i.IntermediateProofReplayer Proof replay took 6.3ns 
91247      INFO  main            d.u.i.k.p.r.p.TestFile    ... finished proof: closed. 
91527      INFO  main            d.u.i.k.p.i.AbstractProblemLoader Loading environment from /home/runner/work/key/key/key.core/../key.ui/examples/heap/permissions/threads/AFilter_joinTransfer_contract.key.proof 
91528      DEBUG main            d.u.i.k.p.i.AbstractProblemLoader Environment load took 110.3ns 
91528      INFO  main            d.u.i.k.p.i.AbstractProblemLoader Creating init config 
95730      DEBUG main            d.u.i.k.p.i.AbstractProblemLoader Init config took 4.2s 
95830      INFO  main            d.u.i.k.p.i.AbstractProblemLoader Replaying proof AFilter[ThreadSpec2::joinTransfer()].JML model_behavior operation contract.0 
95843      DEBUG main            d.u.i.k.p.i.IntermediateProofReplayer Proof replay took 9.21ms 
95844      DEBUG main            d.u.i.k.p.r.p.TestFile    ... success: reloaded. 
95846      INFO  main            d.u.i.k.p.r.p.TestFile    Now processing file /home/runner/work/key/key/key.core/../key.ui/examples/heap/permissions/threads/AFilter_postJoin_accessible.key 
95846      INFO  main            d.u.i.k.p.i.AbstractProblemLoader Loading environment from /home/runner/work/key/key/key.core/../key.ui/examples/heap/permissions/threads/AFilter_postJoin_accessible.key 
95847      DEBUG main            d.u.i.k.p.i.AbstractProblemLoader Environment load took 81.9ns 
95847      INFO  main            d.u.i.k.p.i.AbstractProblemLoader Creating init config 
100130     DEBUG main            d.u.i.k.p.i.AbstractProblemLoader Init config took 4.28s 
100216     INFO  main            d.u.i.k.p.i.AbstractProblemLoader Replaying proof AFilter[ThreadSpec2::postJoin(java.lang.Object)].JML accessible clause.0 
100225     DEBUG main            d.u.i.k.p.i.IntermediateProofReplayer Proof replay took 6.9ns 
100326     INFO  main            d.u.i.k.p.r.p.TestFile    ... finished proof: closed. 
100543     INFO  main            d.u.i.k.p.i.AbstractProblemLoader Loading environment from /home/runner/work/key/key/key.core/../key.ui/examples/heap/permissions/threads/AFilter_postJoin_accessible.key.proof 
100543     DEBUG main            d.u.i.k.p.i.AbstractProblemLoader Environment load took 109.1ns 
100544     INFO  main            d.u.i.k.p.i.AbstractProblemLoader Creating init config 
104763     DEBUG main            d.u.i.k.p.i.AbstractProblemLoader Init config took 4.22s 
104853     INFO  main            d.u.i.k.p.i.AbstractProblemLoader Replaying proof AFilter[ThreadSpec2::postJoin(java.lang.Object)].JML accessible clause.0 
104860     DEBUG main            d.u.i.k.p.i.IntermediateProofReplayer Proof replay took 5.17ms 
104862     DEBUG main            d.u.i.k.p.r.p.TestFile    ... success: reloaded. 
104863     INFO  main            d.u.i.k.p.r.p.TestFile    Now processing file /home/runner/work/key/key/key.core/../key.ui/examples/heap/permissions/threads/AFilter_preStart_accessible.key 
104863     INFO  main            d.u.i.k.p.i.AbstractProblemLoader Loading environment from /home/runner/work/key/key/key.core/../key.ui/examples/heap/permissions/threads/AFilter_preStart_accessible.key 
104864     DEBUG main            d.u.i.k.p.i.AbstractProblemLoader Environment load took 152.4ns 
104865     INFO  main            d.u.i.k.p.i.AbstractProblemLoader Creating init config 
109148     DEBUG main            d.u.i.k.p.i.AbstractProblemLoader Init config took 4.28s 
109232     INFO  main            d.u.i.k.p.i.AbstractProblemLoader Replaying proof AFilter[ThreadSpec2::preStart(java.lang.Object)].JML accessible clause.0 
109233     DEBUG main            d.u.i.k.p.i.IntermediateProofReplayer Proof replay took 7ns 
109536     INFO  main            d.u.i.k.p.r.p.TestFile    ... finished proof: closed. 
109779     INFO  main            d.u.i.k.p.i.AbstractProblemLoader Loading environment from /home/runner/work/key/key/key.core/../key.ui/examples/heap/permissions/threads/AFilter_preStart_accessible.key.proof 
109780     DEBUG main            d.u.i.k.p.i.AbstractProblemLoader Environment load took 108.1ns 
109780     INFO  main            d.u.i.k.p.i.AbstractProblemLoader Creating init config 
114005     DEBUG main            d.u.i.k.p.i.AbstractProblemLoader Init config took 4.22s 
114088     INFO  main            d.u.i.k.p.i.AbstractProblemLoader Replaying proof AFilter[ThreadSpec2::preStart(java.lang.Object)].JML accessible clause.0 
114114     DEBUG main            d.u.i.k.p.i.IntermediateProofReplayer Proof replay took 22.88ms 
114115     DEBUG main            d.u.i.k.p.r.p.TestFile    ... success: reloaded. 
114116     INFO  main            d.u.i.k.p.r.p.TestFile    Now processing file /home/runner/work/key/key/key.core/../key.ui/examples/heap/permissions/threads/AFilter_startTransfer_accessible.key 
114116     INFO  main            d.u.i.k.p.i.AbstractProblemLoader Loading environment from /home/runner/work/key/key/key.core/../key.ui/examples/heap/permissions/threads/AFilter_startTransfer_accessible.key 
114116     DEBUG main            d.u.i.k.p.i.AbstractProblemLoader Environment load took 105.3ns 
114117     INFO  main            d.u.i.k.p.i.AbstractProblemLoader Creating init config 
118350     DEBUG main            d.u.i.k.p.i.AbstractProblemLoader Init config took 4.23s 
118434     INFO  main            d.u.i.k.p.i.AbstractProblemLoader Replaying proof AFilter[ThreadSpec2::startTransfer()].JML accessible clause.0 
118435     DEBUG main            d.u.i.k.p.i.IntermediateProofReplayer Proof replay took 6.8ns 
128156     INFO  main            d.u.i.k.p.r.p.TestFile    ... finished proof: closed. 
128421     INFO  main            d.u.i.k.p.i.AbstractProblemLoader Loading environment from /home/runner/work/key/key/key.core/../key.ui/examples/heap/permissions/threads/AFilter_startTransfer_accessible.key.proof 
128422     DEBUG main            d.u.i.k.p.i.AbstractProblemLoader Environment load took 367.8ns 
128423     INFO  main            d.u.i.k.p.i.AbstractProblemLoader Creating init config 
132618     DEBUG main            d.u.i.k.p.i.AbstractProblemLoader Init config took 4.19s 
132701     INFO  main            d.u.i.k.p.i.AbstractProblemLoader Replaying proof AFilter[ThreadSpec2::startTransfer()].JML accessible clause.0 
133181     DEBUG main            d.u.i.k.p.i.IntermediateProofReplayer Proof replay took 456.87ms 
133182     DEBUG main            d.u.i.k.p.r.p.TestFile    ... success: reloaded. 
133183     INFO  main            d.u.i.k.p.r.p.TestFile    Now processing file /home/runner/work/key/key/key.core/../key.ui/examples/heap/permissions/threads/AFilter_startTransfer_contract.key 
133184     INFO  main            d.u.i.k.p.i.AbstractProblemLoader Loading environment from /home/runner/work/key/key/key.core/../key.ui/examples/heap/permissions/threads/AFilter_startTransfer_contract.key 
133184     DEBUG main            d.u.i.k.p.i.AbstractProblemLoader Environment load took 79.7ns 
133184     INFO  main            d.u.i.k.p.i.AbstractProblemLoader Creating init config 
137439     DEBUG main            d.u.i.k.p.i.AbstractProblemLoader Init config took 4.25s 
137524     INFO  main            d.u.i.k.p.i.AbstractProblemLoader Replaying proof AFilter[ThreadSpec2::startTransfer()].JML model_behavior operation contract.0 
137525     DEBUG main            d.u.i.k.p.i.IntermediateProofReplayer Proof replay took 5.4ns 
137929     INFO  main            d.u.i.k.p.r.p.TestFile    ... finished proof: closed. 
138227     INFO  main            d.u.i.k.p.i.AbstractProblemLoader Loading environment from /home/runner/work/key/key/key.core/../key.ui/examples/heap/permissions/threads/AFilter_startTransfer_contract.key.proof 
138227     DEBUG main            d.u.i.k.p.i.AbstractProblemLoader Environment load took 113.4ns 
138228     INFO  main            d.u.i.k.p.i.AbstractProblemLoader Creating init config 
142415     DEBUG main            d.u.i.k.p.i.AbstractProblemLoader Init config took 4.19s 
142501     INFO  main            d.u.i.k.p.i.AbstractProblemLoader Replaying proof AFilter[ThreadSpec2::startTransfer()].JML model_behavior operation contract.0 
142540     DEBUG main            d.u.i.k.p.i.IntermediateProofReplayer Proof replay took 35.35ms 
142541     DEBUG main            d.u.i.k.p.r.p.TestFile    ... success: reloaded. 
142542     INFO  main            d.u.i.k.p.r.p.TestFile    Now processing file /home/runner/work/key/key/key.core/../key.ui/examples/heap/permissions/threads/AFilter_stateInv_accessible.key 
142543     INFO  main            d.u.i.k.p.i.AbstractProblemLoader Loading environment from /home/runner/work/key/key/key.core/../key.ui/examples/heap/permissions/threads/AFilter_stateInv_accessible.key 
142543     DEBUG main            d.u.i.k.p.i.AbstractProblemLoader Environment load took 167.9ns 
142544     INFO  main            d.u.i.k.p.i.AbstractProblemLoader Creating init config 
146811     DEBUG main            d.u.i.k.p.i.AbstractProblemLoader Init config took 4.27s 
146908     INFO  main            d.u.i.k.p.i.AbstractProblemLoader Replaying proof AFilter[ThreadSpec2::stateInv()].JML accessible clause.0 
146909     DEBUG main            d.u.i.k.p.i.IntermediateProofReplayer Proof replay took 5.9ns 
147211     INFO  main            d.u.i.k.p.r.p.TestFile    ... finished proof: closed. 
147463     INFO  main            d.u.i.k.p.i.AbstractProblemLoader Loading environment from /home/runner/work/key/key/key.core/../key.ui/examples/heap/permissions/threads/AFilter_stateInv_accessible.key.proof 
147463     DEBUG main            d.u.i.k.p.i.AbstractProblemLoader Environment load took 112.2ns 
147464     INFO  main            d.u.i.k.p.i.AbstractProblemLoader Creating init config 
151656     DEBUG main            d.u.i.k.p.i.AbstractProblemLoader Init config took 4.19s 
151738     INFO  main            d.u.i.k.p.i.AbstractProblemLoader Replaying proof AFilter[ThreadSpec2::stateInv()].JML accessible clause.0 
151767     DEBUG main            d.u.i.k.p.i.IntermediateProofReplayer Proof replay took 25.54ms 
151768     DEBUG main            d.u.i.k.p.r.p.TestFile    ... success: reloaded. 
151769     INFO  main            d.u.i.k.p.r.p.TestFile    Now processing file /home/runner/work/key/key/key.core/../key.ui/examples/heap/permissions/threads/AFilter_staticPermissions_accessible.key 
151769     INFO  main            d.u.i.k.p.i.AbstractProblemLoader Loading environment from /home/runner/work/key/key/key.core/../key.ui/examples/heap/permissions/threads/AFilter_staticPermissions_accessible.key 
151770     DEBUG main            d.u.i.k.p.i.AbstractProblemLoader Environment load took 149.5ns 
151770     INFO  main            d.u.i.k.p.i.AbstractProblemLoader Creating init config 
156027     DEBUG main            d.u.i.k.p.i.AbstractProblemLoader Init config took 4.26s 
156124     INFO  main            d.u.i.k.p.i.AbstractProblemLoader Replaying proof AFilter[ThreadSpec2::staticPermissions()].JML accessible clause.0 
156126     DEBUG main            d.u.i.k.p.i.IntermediateProofReplayer Proof replay took 5.6ns 
156227     INFO  main            d.u.i.k.p.r.p.TestFile    ... finished proof: closed. 
156474     INFO  main            d.u.i.k.p.i.AbstractProblemLoader Loading environment from /home/runner/work/key/key/key.core/../key.ui/examples/heap/permissions/threads/AFilter_staticPermissions_accessible.key.proof 
156474     DEBUG main            d.u.i.k.p.i.AbstractProblemLoader Environment load took 96.4ns 
156475     INFO  main            d.u.i.k.p.i.AbstractProblemLoader Creating init config 
160653     DEBUG main            d.u.i.k.p.i.AbstractProblemLoader Init config took 4.18s 
160737     INFO  main            d.u.i.k.p.i.AbstractProblemLoader Replaying proof AFilter[ThreadSpec2::staticPermissions()].JML accessible clause.0 
160745     DEBUG main            d.u.i.k.p.i.IntermediateProofReplayer Proof replay took 6.78ms 
160746     DEBUG main            d.u.i.k.p.r.p.TestFile    ... success: reloaded. 
160747     INFO  main            d.u.i.k.p.r.p.TestFile    Now processing file /home/runner/work/key/key/key.core/../key.ui/examples/heap/permissions/threads/AFilter_workingPermissions_accessible.key 
160747     INFO  main            d.u.i.k.p.i.AbstractProblemLoader Loading environment from /home/runner/work/key/key/key.core/../key.ui/examples/heap/permissions/threads/AFilter_workingPermissions_accessible.key 
160747     DEBUG main            d.u.i.k.p.i.AbstractProblemLoader Environment load took 63.7ns 
160748     INFO  main            d.u.i.k.p.i.AbstractProblemLoader Creating init config 
165015     DEBUG main            d.u.i.k.p.i.AbstractProblemLoader Init config took 4.27s 
165098     INFO  main            d.u.i.k.p.i.AbstractProblemLoader Replaying proof AFilter[ThreadSpec2::workingPermissions()].JML accessible clause.0 
165099     DEBUG main            d.u.i.k.p.i.IntermediateProofReplayer Proof replay took 5.8ns 
165201     INFO  main            d.u.i.k.p.r.p.TestFile    ... finished proof: closed. 
165455     INFO  main            d.u.i.k.p.i.AbstractProblemLoader Loading environment from /home/runner/work/key/key/key.core/../key.ui/examples/heap/permissions/threads/AFilter_workingPermissions_accessible.key.proof 
165455     DEBUG main            d.u.i.k.p.i.AbstractProblemLoader Environment load took 97.3ns 
165456     INFO  main            d.u.i.k.p.i.AbstractProblemLoader Creating init config 
169639     DEBUG main            d.u.i.k.p.i.AbstractProblemLoader Init config took 4.18s 
169734     INFO  main            d.u.i.k.p.i.AbstractProblemLoader Replaying proof AFilter[ThreadSpec2::workingPermissions()].JML accessible clause.0 
169742     DEBUG main            d.u.i.k.p.i.IntermediateProofReplayer Proof replay took 6.05ms 
169742     DEBUG main            d.u.i.k.p.r.p.TestFile    ... success: reloaded. 
169743     INFO  main            d.u.i.k.p.r.p.TestFile    Now processing file /home/runner/work/key/key/key.core/../key.ui/examples/heap/permissions/threads/BFilter_BFilter.key 
169744     INFO  main            d.u.i.k.p.i.AbstractProblemLoader Loading environment from /home/runner/work/key/key/key.core/../key.ui/examples/heap/permissions/threads/BFilter_BFilter.key 
169744     DEBUG main            d.u.i.k.p.i.AbstractProblemLoader Environment load took 58.6ns 
169744     INFO  main            d.u.i.k.p.i.AbstractProblemLoader Creating init config 
174000     DEBUG main            d.u.i.k.p.i.AbstractProblemLoader Init config took 4.26s 
174087     INFO  main            d.u.i.k.p.i.AbstractProblemLoader Replaying proof BFilter[BFilter::BFilter(Sampler,Buffer)].JML normal_behavior operation contract.0 
174089     DEBUG main            d.u.i.k.p.i.IntermediateProofReplayer Proof replay took 5.5ns 
175092     INFO  main            d.u.i.k.p.r.p.TestFile    ... finished proof: closed. 
175372     INFO  main            d.u.i.k.p.i.AbstractProblemLoader Loading environment from /home/runner/work/key/key/key.core/../key.ui/examples/heap/permissions/threads/BFilter_BFilter.key.proof 
175372     DEBUG main            d.u.i.k.p.i.AbstractProblemLoader Environment load took 291.9ns 
175373     INFO  main            d.u.i.k.p.i.AbstractProblemLoader Creating init config 
179557     DEBUG main            d.u.i.k.p.i.AbstractProblemLoader Init config took 4.18s 
179640     INFO  main            d.u.i.k.p.i.AbstractProblemLoader Replaying proof BFilter[BFilter::BFilter(Sampler,Buffer)].JML normal_behavior operation contract.0 
179743     DEBUG main            d.u.i.k.p.i.IntermediateProofReplayer Proof replay took 98.84ms 
179744     DEBUG main            d.u.i.k.p.r.p.TestFile    ... success: reloaded. 
179745     INFO  main            d.u.i.k.p.r.p.TestFile    Now processing file /home/runner/work/key/key/key.core/../key.ui/examples/heap/permissions/threads/BFilter_initPost_accessible.key 
179745     INFO  main            d.u.i.k.p.i.AbstractProblemLoader Loading environment from /home/runner/work/key/key/key.core/../key.ui/examples/heap/permissions/threads/BFilter_initPost_accessible.key 
179745     DEBUG main            d.u.i.k.p.i.AbstractProblemLoader Environment load took 98.6ns 
179746     INFO  main            d.u.i.k.p.i.AbstractProblemLoader Creating init config 
184007     DEBUG main            d.u.i.k.p.i.AbstractProblemLoader Init config took 4.26s 
184102     INFO  main            d.u.i.k.p.i.AbstractProblemLoader Replaying proof BFilter[ThreadSpec2::initPost()].JML accessible clause.0 
184103     DEBUG main            d.u.i.k.p.i.IntermediateProofReplayer Proof replay took 6.4ns 
184205     INFO  main            d.u.i.k.p.r.p.TestFile    ... finished proof: closed. 
184492     INFO  main            d.u.i.k.p.i.AbstractProblemLoader Loading environment from /home/runner/work/key/key/key.core/../key.ui/examples/heap/permissions/threads/BFilter_initPost_accessible.key.proof 
184492     DEBUG main            d.u.i.k.p.i.AbstractProblemLoader Environment load took 97ns 
184493     INFO  main            d.u.i.k.p.i.AbstractProblemLoader Creating init config 
188667     DEBUG main            d.u.i.k.p.i.AbstractProblemLoader Init config took 4.17s 
188750     INFO  main            d.u.i.k.p.i.AbstractProblemLoader Replaying proof BFilter[ThreadSpec2::initPost()].JML accessible clause.0 
188759     DEBUG main            d.u.i.k.p.i.IntermediateProofReplayer Proof replay took 7.53ms 
188760     DEBUG main            d.u.i.k.p.r.p.TestFile    ... success: reloaded. 
188761     INFO  main            d.u.i.k.p.r.p.TestFile    Now processing file /home/runner/work/key/key/key.core/../key.ui/examples/heap/permissions/threads/BFilter_inv_accessible1.key 
188761     INFO  main            d.u.i.k.p.i.AbstractProblemLoader Loading environment from /home/runner/work/key/key/key.core/../key.ui/examples/heap/permissions/threads/BFilter_inv_accessible1.key 
188761     DEBUG main            d.u.i.k.p.i.AbstractProblemLoader Environment load took 72.6ns 
188762     INFO  main            d.u.i.k.p.i.AbstractProblemLoader Creating init config 
193004     DEBUG main            d.u.i.k.p.i.AbstractProblemLoader Init config took 4.24s 
193086     INFO  main            d.u.i.k.p.i.AbstractProblemLoader Replaying proof BFilter[java.lang.Object::<inv>()].JML accessible clause.0 
193087     DEBUG main            d.u.i.k.p.i.IntermediateProofReplayer Proof replay took 6.4ns 
193191     INFO  main            d.u.i.k.p.r.p.TestFile    ... finished proof: closed. 
193461     INFO  main            d.u.i.k.p.i.AbstractProblemLoader Loading environment from /home/runner/work/key/key/key.core/../key.ui/examples/heap/permissions/threads/BFilter_inv_accessible1.key.proof 
193461     DEBUG main            d.u.i.k.p.i.AbstractProblemLoader Environment load took 95.9ns 
193462     INFO  main            d.u.i.k.p.i.AbstractProblemLoader Creating init config 
197635     DEBUG main            d.u.i.k.p.i.AbstractProblemLoader Init config took 4.17s 
197718     INFO  main            d.u.i.k.p.i.AbstractProblemLoader Replaying proof BFilter[java.lang.Object::<inv>()].JML accessible clause.0 
197721     DEBUG main            d.u.i.k.p.i.IntermediateProofReplayer Proof replay took 1.38ms 
197721     DEBUG main            d.u.i.k.p.r.p.TestFile    ... success: reloaded. 
197722     INFO  main            d.u.i.k.p.r.p.TestFile    Now processing file /home/runner/work/key/key/key.core/../key.ui/examples/heap/permissions/threads/BFilter_inv_accessible2.key 
197722     INFO  main            d.u.i.k.p.i.AbstractProblemLoader Loading environment from /home/runner/work/key/key/key.core/../key.ui/examples/heap/permissions/threads/BFilter_inv_accessible2.key 
197723     DEBUG main            d.u.i.k.p.i.AbstractProblemLoader Environment load took 91.6ns 
197723     INFO  main            d.u.i.k.p.i.AbstractProblemLoader Creating init config 
201997     DEBUG main            d.u.i.k.p.i.AbstractProblemLoader Init config took 4.27s 
202097     INFO  main            d.u.i.k.p.i.AbstractProblemLoader Replaying proof BFilter[java.lang.Object::<inv>()].JML accessible clause.1 
202104     DEBUG main            d.u.i.k.p.i.IntermediateProofReplayer Proof replay took 5.9ns 
202205     INFO  main            d.u.i.k.p.r.p.TestFile    ... finished proof: closed. 
202503     INFO  main            d.u.i.k.p.i.AbstractProblemLoader Loading environment from /home/runner/work/key/key/key.core/../key.ui/examples/heap/permissions/threads/BFilter_inv_accessible2.key.proof 
202503     DEBUG main            d.u.i.k.p.i.AbstractProblemLoader Environment load took 111.5ns 
202504     INFO  main            d.u.i.k.p.i.AbstractProblemLoader Creating init config 
206694     DEBUG main            d.u.i.k.p.i.AbstractProblemLoader Init config took 4.19s 
206776     INFO  main            d.u.i.k.p.i.AbstractProblemLoader Replaying proof BFilter[java.lang.Object::<inv>()].JML accessible clause.1 
206779     DEBUG main            d.u.i.k.p.i.IntermediateProofReplayer Proof replay took 1.4ms 
206780     DEBUG main            d.u.i.k.p.r.p.TestFile    ... success: reloaded. 
206781     INFO  main            d.u.i.k.p.r.p.TestFile    Now processing file /home/runner/work/key/key/key.core/../key.ui/examples/heap/permissions/threads/BFilter_joinTransfer_accessible.key 
206781     INFO  main            d.u.i.k.p.i.AbstractProblemLoader Loading environment from /home/runner/work/key/key/key.core/../key.ui/examples/heap/permissions/threads/BFilter_joinTransfer_accessible.key 
206781     DEBUG main            d.u.i.k.p.i.AbstractProblemLoader Environment load took 79.4ns 
206782     INFO  main            d.u.i.k.p.i.AbstractProblemLoader Creating init config 
211092     DEBUG main            d.u.i.k.p.i.AbstractProblemLoader Init config took 4.31s 
211175     INFO  main            d.u.i.k.p.i.AbstractProblemLoader Replaying proof BFilter[ThreadSpec2::joinTransfer()].JML accessible clause.0 
211176     DEBUG main            d.u.i.k.p.i.IntermediateProofReplayer Proof replay took 6.4ns 
212285     INFO  main            d.u.i.k.p.r.p.TestFile    ... finished proof: closed. 
212592     INFO  main            d.u.i.k.p.i.AbstractProblemLoader Loading environment from /home/runner/work/key/key/key.core/../key.ui/examples/heap/permissions/threads/BFilter_joinTransfer_accessible.key.proof 
212592     DEBUG main            d.u.i.k.p.i.AbstractProblemLoader Environment load took 98.2ns 
212593     INFO  main            d.u.i.k.p.i.AbstractProblemLoader Creating init config 
216784     DEBUG main            d.u.i.k.p.i.AbstractProblemLoader Init config took 4.19s 
216867     INFO  main            d.u.i.k.p.i.AbstractProblemLoader Replaying proof BFilter[ThreadSpec2::joinTransfer()].JML accessible clause.0 
216940     DEBUG main            d.u.i.k.p.i.IntermediateProofReplayer Proof replay took 67.26ms 
216941     DEBUG main            d.u.i.k.p.r.p.TestFile    ... success: reloaded. 
216941     INFO  main            d.u.i.k.p.r.p.TestFile    Now processing file /home/runner/work/key/key/key.core/../key.ui/examples/heap/permissions/threads/BFilter_joinTransfer_contract.key 
216942     INFO  main            d.u.i.k.p.i.AbstractProblemLoader Loading environment from /home/runner/work/key/key/key.core/../key.ui/examples/heap/permissions/threads/BFilter_joinTransfer_contract.key 
216942     DEBUG main            d.u.i.k.p.i.AbstractProblemLoader Environment load took 124.1ns 
216943     INFO  main            d.u.i.k.p.i.AbstractProblemLoader Creating init config 
221232     DEBUG main            d.u.i.k.p.i.AbstractProblemLoader Init config took 4.29s 
221317     INFO  main            d.u.i.k.p.i.AbstractProblemLoader Replaying proof BFilter[ThreadSpec2::joinTransfer()].JML model_behavior operation contract.0 
221318     DEBUG main            d.u.i.k.p.i.IntermediateProofReplayer Proof replay took 6.5ns 
221420     INFO  main            d.u.i.k.p.r.p.TestFile    ... finished proof: closed. 
221709     INFO  main            d.u.i.k.p.i.AbstractProblemLoader Loading environment from /home/runner/work/key/key/key.core/../key.ui/examples/heap/permissions/threads/BFilter_joinTransfer_contract.key.proof 
221709     DEBUG main            d.u.i.k.p.i.AbstractProblemLoader Environment load took 90.3ns 
221710     INFO  main            d.u.i.k.p.i.AbstractProblemLoader Creating init config 
225879     DEBUG main            d.u.i.k.p.i.AbstractProblemLoader Init config took 4.17s 
225978     INFO  main            d.u.i.k.p.i.AbstractProblemLoader Replaying proof BFilter[ThreadSpec2::joinTransfer()].JML model_behavior operation contract.0 
225986     DEBUG main            d.u.i.k.p.i.IntermediateProofReplayer Proof replay took 6.46ms 
225987     DEBUG main            d.u.i.k.p.r.p.TestFile    ... success: reloaded. 
225987     INFO  main            d.u.i.k.p.r.p.TestFile    Now processing file /home/runner/work/key/key/key.core/../key.ui/examples/heap/permissions/threads/BFilter_postJoin_accessible.key 
225987     INFO  main            d.u.i.k.p.i.AbstractProblemLoader Loading environment from /home/runner/work/key/key/key.core/../key.ui/examples/heap/permissions/threads/BFilter_postJoin_accessible.key 
225988     DEBUG main            d.u.i.k.p.i.AbstractProblemLoader Environment load took 47.3ns 
225988     INFO  main            d.u.i.k.p.i.AbstractProblemLoader Creating init config 
230221     DEBUG main            d.u.i.k.p.i.AbstractProblemLoader Init config took 4.23s 
230302     INFO  main            d.u.i.k.p.i.AbstractProblemLoader Replaying proof BFilter[ThreadSpec2::postJoin(java.lang.Object)].JML accessible clause.0 
230304     DEBUG main            d.u.i.k.p.i.IntermediateProofReplayer Proof replay took 6.5ns 
230407     INFO  main            d.u.i.k.p.r.p.TestFile    ... finished proof: closed. 
230717     INFO  main            d.u.i.k.p.i.AbstractProblemLoader Loading environment from /home/runner/work/key/key/key.core/../key.ui/examples/heap/permissions/threads/BFilter_postJoin_accessible.key.proof 
230718     DEBUG main            d.u.i.k.p.i.AbstractProblemLoader Environment load took 82.5ns 
230719     INFO  main            d.u.i.k.p.i.AbstractProblemLoader Creating init config 
234874     DEBUG main            d.u.i.k.p.i.AbstractProblemLoader Init config took 4.16s 
234968     INFO  main            d.u.i.k.p.i.AbstractProblemLoader Replaying proof BFilter[ThreadSpec2::postJoin(java.lang.Object)].JML accessible clause.0 
234974     DEBUG main            d.u.i.k.p.i.IntermediateProofReplayer Proof replay took 4.63ms 
234975     DEBUG main            d.u.i.k.p.r.p.TestFile    ... success: reloaded. 
234976     INFO  main            d.u.i.k.p.r.p.TestFile    Now processing file /home/runner/work/key/key/key.core/../key.ui/examples/heap/permissions/threads/BFilter_preStart_accessible.key 
234976     INFO  main            d.u.i.k.p.i.AbstractProblemLoader Loading environment from /home/runner/work/key/key/key.core/../key.ui/examples/heap/permissions/threads/BFilter_preStart_accessible.key 
234976     DEBUG main            d.u.i.k.p.i.AbstractProblemLoader Environment load took 164.7ns 
234977     INFO  main            d.u.i.k.p.i.AbstractProblemLoader Creating init config 
239207     DEBUG main            d.u.i.k.p.i.AbstractProblemLoader Init config took 4.23s 
239288     INFO  main            d.u.i.k.p.i.AbstractProblemLoader Replaying proof BFilter[ThreadSpec2::preStart(java.lang.Object)].JML accessible clause.0 
239289     DEBUG main            d.u.i.k.p.i.IntermediateProofReplayer Proof replay took 6.5ns 
239591     INFO  main            d.u.i.k.p.r.p.TestFile    ... finished proof: closed. 
239895     INFO  main            d.u.i.k.p.i.AbstractProblemLoader Loading environment from /home/runner/work/key/key/key.core/../key.ui/examples/heap/permissions/threads/BFilter_preStart_accessible.key.proof 
239895     DEBUG main            d.u.i.k.p.i.AbstractProblemLoader Environment load took 86.9ns 
239896     INFO  main            d.u.i.k.p.i.AbstractProblemLoader Creating init config 
244079     DEBUG main            d.u.i.k.p.i.AbstractProblemLoader Init config took 4.18s 
244169     INFO  main            d.u.i.k.p.i.AbstractProblemLoader Replaying proof BFilter[ThreadSpec2::preStart(java.lang.Object)].JML accessible clause.0 
244190     DEBUG main            d.u.i.k.p.i.IntermediateProofReplayer Proof replay took 18.65ms 
244191     DEBUG main            d.u.i.k.p.r.p.TestFile    ... success: reloaded. 
244192     INFO  main            d.u.i.k.p.r.p.TestFile    Now processing file /home/runner/work/key/key/key.core/../key.ui/examples/heap/permissions/threads/BFilter_startTransfer_accessible.key 
244192     INFO  main            d.u.i.k.p.i.AbstractProblemLoader Loading environment from /home/runner/work/key/key/key.core/../key.ui/examples/heap/permissions/threads/BFilter_startTransfer_accessible.key 
244192     DEBUG main            d.u.i.k.p.i.AbstractProblemLoader Environment load took 62.5ns 
244193     INFO  main            d.u.i.k.p.i.AbstractProblemLoader Creating init config 
248425     DEBUG main            d.u.i.k.p.i.AbstractProblemLoader Init config took 4.23s 
248506     INFO  main            d.u.i.k.p.i.AbstractProblemLoader Replaying proof BFilter[ThreadSpec2::startTransfer()].JML accessible clause.0 
248508     DEBUG main            d.u.i.k.p.i.IntermediateProofReplayer Proof replay took 6.9ns 
258456     INFO  main            d.u.i.k.p.r.p.TestFile    ... finished proof: closed. 
258778     INFO  main            d.u.i.k.p.i.AbstractProblemLoader Loading environment from /home/runner/work/key/key/key.core/../key.ui/examples/heap/permissions/threads/BFilter_startTransfer_accessible.key.proof 
258778     DEBUG main            d.u.i.k.p.i.AbstractProblemLoader Environment load took 87.6ns 
258779     INFO  main            d.u.i.k.p.i.AbstractProblemLoader Creating init config 
262960     DEBUG main            d.u.i.k.p.i.AbstractProblemLoader Init config took 4.18s 
263041     INFO  main            d.u.i.k.p.i.AbstractProblemLoader Replaying proof BFilter[ThreadSpec2::startTransfer()].JML accessible clause.0 
263515     DEBUG main            d.u.i.k.p.i.IntermediateProofReplayer Proof replay took 459.94ms 
263517     DEBUG main            d.u.i.k.p.r.p.TestFile    ... success: reloaded. 
263518     INFO  main            d.u.i.k.p.r.p.TestFile    Now processing file /home/runner/work/key/key/key.core/../key.ui/examples/heap/permissions/threads/BFilter_startTransfer_contract.key 
263518     INFO  main            d.u.i.k.p.i.AbstractProblemLoader Loading environment from /home/runner/work/key/key/key.core/../key.ui/examples/heap/permissions/threads/BFilter_startTransfer_contract.key 
263518     DEBUG main            d.u.i.k.p.i.AbstractProblemLoader Environment load took 145.4ns 
263519     INFO  main            d.u.i.k.p.i.AbstractProblemLoader Creating init config 
267762     DEBUG main            d.u.i.k.p.i.AbstractProblemLoader Init config took 4.24s 
267858     INFO  main            d.u.i.k.p.i.AbstractProblemLoader Replaying proof BFilter[ThreadSpec2::startTransfer()].JML model_behavior operation contract.0 
267859     DEBUG main            d.u.i.k.p.i.IntermediateProofReplayer Proof replay took 6.8ns 
268866     INFO  main            d.u.i.k.p.r.p.TestFile    ... finished proof: closed. 
269349     INFO  main            d.u.i.k.p.i.AbstractProblemLoader Loading environment from /home/runner/work/key/key/key.core/../key.ui/examples/heap/permissions/threads/BFilter_startTransfer_contract.key.proof 
269350     DEBUG main            d.u.i.k.p.i.AbstractProblemLoader Environment load took 431.5ns 
269352     INFO  main            d.u.i.k.p.i.AbstractProblemLoader Creating init config 
273507     DEBUG main            d.u.i.k.p.i.AbstractProblemLoader Init config took 4.16s 
273599     INFO  main            d.u.i.k.p.i.AbstractProblemLoader Replaying proof BFilter[ThreadSpec2::startTransfer()].JML model_behavior operation contract.0 
273675     DEBUG main            d.u.i.k.p.i.IntermediateProofReplayer Proof replay took 71.12ms 
273676     DEBUG main            d.u.i.k.p.r.p.TestFile    ... success: reloaded. 
273677     INFO  main            d.u.i.k.p.r.p.TestFile    Now processing file /home/runner/work/key/key/key.core/../key.ui/examples/heap/permissions/threads/BFilter_stateInv_accessible.key 
273677     INFO  main            d.u.i.k.p.i.AbstractProblemLoader Loading environment from /home/runner/work/key/key/key.core/../key.ui/examples/heap/permissions/threads/BFilter_stateInv_accessible.key 
273677     DEBUG main            d.u.i.k.p.i.AbstractProblemLoader Environment load took 70.6ns 
273678     INFO  main            d.u.i.k.p.i.AbstractProblemLoader Creating init config 
277943     DEBUG main            d.u.i.k.p.i.AbstractProblemLoader Init config took 4.26s 
278024     INFO  main            d.u.i.k.p.i.AbstractProblemLoader Replaying proof BFilter[ThreadSpec2::stateInv()].JML accessible clause.0 
278025     DEBUG main            d.u.i.k.p.i.IntermediateProofReplayer Proof replay took 6.3ns 
278327     INFO  main            d.u.i.k.p.r.p.TestFile    ... finished proof: closed. 
278669     INFO  main            d.u.i.k.p.i.AbstractProblemLoader Loading environment from /home/runner/work/key/key/key.core/../key.ui/examples/heap/permissions/threads/BFilter_stateInv_accessible.key.proof 
278669     DEBUG main            d.u.i.k.p.i.AbstractProblemLoader Environment load took 84.5ns 
278670     INFO  main            d.u.i.k.p.i.AbstractProblemLoader Creating init config 
282845     DEBUG main            d.u.i.k.p.i.AbstractProblemLoader Init config took 4.17s 
282939     INFO  main            d.u.i.k.p.i.AbstractProblemLoader Replaying proof BFilter[ThreadSpec2::stateInv()].JML accessible clause.0 
282966     DEBUG main            d.u.i.k.p.i.IntermediateProofReplayer Proof replay took 23.75ms 
282967     DEBUG main            d.u.i.k.p.r.p.TestFile    ... success: reloaded. 
282968     INFO  main            d.u.i.k.p.r.p.TestFile    Now processing file /home/runner/work/key/key/key.core/../key.ui/examples/heap/permissions/threads/BFilter_staticPermissions_accessible.key 
282968     INFO  main            d.u.i.k.p.i.AbstractProblemLoader Loading environment from /home/runner/work/key/key/key.core/../key.ui/examples/heap/permissions/threads/BFilter_staticPermissions_accessible.key 
282968     DEBUG main            d.u.i.k.p.i.AbstractProblemLoader Environment load took 158.4ns 
282969     INFO  main            d.u.i.k.p.i.AbstractProblemLoader Creating init config 
287197     DEBUG main            d.u.i.k.p.i.AbstractProblemLoader Init config took 4.23s 
287279     INFO  main            d.u.i.k.p.i.AbstractProblemLoader Replaying proof BFilter[ThreadSpec2::staticPermissions()].JML accessible clause.0 
287281     DEBUG main            d.u.i.k.p.i.IntermediateProofReplayer Proof replay took 7.2ns 
287383     INFO  main            d.u.i.k.p.r.p.TestFile    ... finished proof: closed. 
287709     INFO  main            d.u.i.k.p.i.AbstractProblemLoader Loading environment from /home/runner/work/key/key/key.core/../key.ui/examples/heap/permissions/threads/BFilter_staticPermissions_accessible.key.proof 
287709     DEBUG main            d.u.i.k.p.i.AbstractProblemLoader Environment load took 94.9ns 
287710     INFO  main            d.u.i.k.p.i.AbstractProblemLoader Creating init config 
291897     DEBUG main            d.u.i.k.p.i.AbstractProblemLoader Init config took 4.19s 
291977     INFO  main            d.u.i.k.p.i.AbstractProblemLoader Replaying proof BFilter[ThreadSpec2::staticPermissions()].JML accessible clause.0 
291985     DEBUG main            d.u.i.k.p.i.IntermediateProofReplayer Proof replay took 6.51ms 
291986     DEBUG main            d.u.i.k.p.r.p.TestFile    ... success: reloaded. 
291987     INFO  main            d.u.i.k.p.r.p.TestFile    Now processing file /home/runner/work/key/key/key.core/../key.ui/examples/heap/permissions/threads/BFilter_workingPermissions_accessible.key 
291987     INFO  main            d.u.i.k.p.i.AbstractProblemLoader Loading environment from /home/runner/work/key/key/key.core/../key.ui/examples/heap/permissions/threads/BFilter_workingPermissions_accessible.key 
291987     DEBUG main            d.u.i.k.p.i.AbstractProblemLoader Environment load took 88.4ns 
291988     INFO  main            d.u.i.k.p.i.AbstractProblemLoader Creating init config 
296205     DEBUG main            d.u.i.k.p.i.AbstractProblemLoader Init config took 4.22s 
296286     INFO  main            d.u.i.k.p.i.AbstractProblemLoader Replaying proof BFilter[ThreadSpec2::workingPermissions()].JML accessible clause.0 
296287     DEBUG main            d.u.i.k.p.i.IntermediateProofReplayer Proof replay took 6.7ns 
296389     INFO  main            d.u.i.k.p.r.p.TestFile    ... finished proof: closed. 
296703     INFO  main            d.u.i.k.p.i.AbstractProblemLoader Loading environment from /home/runner/work/key/key/key.core/../key.ui/examples/heap/permissions/threads/BFilter_workingPermissions_accessible.key.proof 
296703     DEBUG main            d.u.i.k.p.i.AbstractProblemLoader Environment load took 83.8ns 
296704     INFO  main            d.u.i.k.p.i.AbstractProblemLoader Creating init config 
300884     DEBUG main            d.u.i.k.p.i.AbstractProblemLoader Init config took 4.18s 
300966     INFO  main            d.u.i.k.p.i.AbstractProblemLoader Replaying proof BFilter[ThreadSpec2::workingPermissions()].JML accessible clause.0 
300973     DEBUG main            d.u.i.k.p.i.IntermediateProofReplayer Proof replay took 5.83ms 
300974     DEBUG main            d.u.i.k.p.r.p.TestFile    ... success: reloaded. 
300975     INFO  main            d.u.i.k.p.r.p.TestFile    Now processing file /home/runner/work/key/key/key.core/../key.ui/examples/heap/permissions/threads/Fib_Fib.key 
300975     INFO  main            d.u.i.k.p.i.AbstractProblemLoader Loading environment from /home/runner/work/key/key/key.core/../key.ui/examples/heap/permissions/threads/Fib_Fib.key 
300975     DEBUG main            d.u.i.k.p.i.AbstractProblemLoader Environment load took 144.7ns 
300976     INFO  main            d.u.i.k.p.i.AbstractProblemLoader Creating init config 
305206     DEBUG main            d.u.i.k.p.i.AbstractProblemLoader Init config took 4.23s 
305303     INFO  main            d.u.i.k.p.i.AbstractProblemLoader Replaying proof Fib[Fib::Fib(int)].JML normal_behavior operation contract.0 
305304     DEBUG main            d.u.i.k.p.i.IntermediateProofReplayer Proof replay took 7.3ns 
305907     INFO  main            d.u.i.k.p.r.p.TestFile    ... finished proof: closed. 
306273     INFO  main            d.u.i.k.p.i.AbstractProblemLoader Loading environment from /home/runner/work/key/key/key.core/../key.ui/examples/heap/permissions/threads/Fib_Fib.key.proof 
306273     DEBUG main            d.u.i.k.p.i.AbstractProblemLoader Environment load took 84.9ns 
306274     INFO  main            d.u.i.k.p.i.AbstractProblemLoader Creating init config 
310440     DEBUG main            d.u.i.k.p.i.AbstractProblemLoader Init config took 4.17s 
310522     INFO  main            d.u.i.k.p.i.AbstractProblemLoader Replaying proof Fib[Fib::Fib(int)].JML normal_behavior operation contract.0 
310618     DEBUG main            d.u.i.k.p.i.IntermediateProofReplayer Proof replay took 88.53ms 
310620     DEBUG main            d.u.i.k.p.r.p.TestFile    ... success: reloaded. 
310621     INFO  main            d.u.i.k.p.r.p.TestFile    Now processing file /home/runner/work/key/key/key.core/../key.ui/examples/heap/permissions/threads/Fib_initPost_accessible.key 
310621     INFO  main            d.u.i.k.p.i.AbstractProblemLoader Loading environment from /home/runner/work/key/key/key.core/../key.ui/examples/heap/permissions/threads/Fib_initPost_accessible.key 
310621     DEBUG main            d.u.i.k.p.i.AbstractProblemLoader Environment load took 44.9ns 
310622     INFO  main            d.u.i.k.p.i.AbstractProblemLoader Creating init config 
314846     DEBUG main            d.u.i.k.p.i.AbstractProblemLoader Init config took 4.22s 
314926     INFO  main            d.u.i.k.p.i.AbstractProblemLoader Replaying proof Fib[ThreadSpec::initPost()].JML accessible clause.0 
314928     DEBUG main            d.u.i.k.p.i.IntermediateProofReplayer Proof replay took 6.8ns 
315029     INFO  main            d.u.i.k.p.r.p.TestFile    ... finished proof: closed. 
315367     INFO  main            d.u.i.k.p.i.AbstractProblemLoader Loading environment from /home/runner/work/key/key/key.core/../key.ui/examples/heap/permissions/threads/Fib_initPost_accessible.key.proof 
315367     DEBUG main            d.u.i.k.p.i.AbstractProblemLoader Environment load took 77.9ns 
315368     INFO  main            d.u.i.k.p.i.AbstractProblemLoader Creating init config 
319532     DEBUG main            d.u.i.k.p.i.AbstractProblemLoader Init config took 4.16s 
319612     INFO  main            d.u.i.k.p.i.AbstractProblemLoader Replaying proof Fib[ThreadSpec::initPost()].JML accessible clause.0 
319617     DEBUG main            d.u.i.k.p.i.IntermediateProofReplayer Proof replay took 3.74ms 
319618     DEBUG main            d.u.i.k.p.r.p.TestFile    ... success: reloaded. 
319619     INFO  main            d.u.i.k.p.r.p.TestFile    Now processing file /home/runner/work/key/key/key.core/../key.ui/examples/heap/permissions/threads/Fib_inv1_accessible.key 
319619     INFO  main            d.u.i.k.p.i.AbstractProblemLoader Loading environment from /home/runner/work/key/key/key.core/../key.ui/examples/heap/permissions/threads/Fib_inv1_accessible.key 
319619     DEBUG main            d.u.i.k.p.i.AbstractProblemLoader Environment load took 96ns 
319620     INFO  main            d.u.i.k.p.i.AbstractProblemLoader Creating init config 
323842     DEBUG main            d.u.i.k.p.i.AbstractProblemLoader Init config took 4.22s 
323938     INFO  main            d.u.i.k.p.i.AbstractProblemLoader Replaying proof Fib[java.lang.Object::<inv>()].JML accessible clause.0 
323940     DEBUG main            d.u.i.k.p.i.IntermediateProofReplayer Proof replay took 6.8ns 
324041     INFO  main            d.u.i.k.p.r.p.TestFile    ... finished proof: closed. 
324382     INFO  main            d.u.i.k.p.i.AbstractProblemLoader Loading environment from /home/runner/work/key/key/key.core/../key.ui/examples/heap/permissions/threads/Fib_inv1_accessible.key.proof 
324382     DEBUG main            d.u.i.k.p.i.AbstractProblemLoader Environment load took 82.6ns 
324383     INFO  main            d.u.i.k.p.i.AbstractProblemLoader Creating init config 
328546     DEBUG main            d.u.i.k.p.i.AbstractProblemLoader Init config took 4.16s 
328626     INFO  main            d.u.i.k.p.i.AbstractProblemLoader Replaying proof Fib[java.lang.Object::<inv>()].JML accessible clause.0 
328629     DEBUG main            d.u.i.k.p.i.IntermediateProofReplayer Proof replay took 1.32ms 
328629     DEBUG main            d.u.i.k.p.r.p.TestFile    ... success: reloaded. 
328630     INFO  main            d.u.i.k.p.r.p.TestFile    Now processing file /home/runner/work/key/key/key.core/../key.ui/examples/heap/permissions/threads/Fib_inv2_accessible.key 
328630     INFO  main            d.u.i.k.p.i.AbstractProblemLoader Loading environment from /home/runner/work/key/key/key.core/../key.ui/examples/heap/permissions/threads/Fib_inv2_accessible.key 
328630     DEBUG main            d.u.i.k.p.i.AbstractProblemLoader Environment load took 66.2ns 
328631     INFO  main            d.u.i.k.p.i.AbstractProblemLoader Creating init config 
332866     DEBUG main            d.u.i.k.p.i.AbstractProblemLoader Init config took 4.23s 
332947     INFO  main            d.u.i.k.p.i.AbstractProblemLoader Replaying proof Fib[java.lang.Object::<inv>()].JML accessible clause.1 
332948     DEBUG main            d.u.i.k.p.i.IntermediateProofReplayer Proof replay took 7.2ns 
333049     INFO  main            d.u.i.k.p.r.p.TestFile    ... finished proof: closed. 
333396     INFO  main            d.u.i.k.p.i.AbstractProblemLoader Loading environment from /home/runner/work/key/key/key.core/../key.ui/examples/heap/permissions/threads/Fib_inv2_accessible.key.proof 
333396     DEBUG main            d.u.i.k.p.i.AbstractProblemLoader Environment load took 79.8ns 
333396     INFO  main            d.u.i.k.p.i.AbstractProblemLoader Creating init config 
337541     DEBUG main            d.u.i.k.p.i.AbstractProblemLoader Init config took 4.14s 
337633     INFO  main            d.u.i.k.p.i.AbstractProblemLoader Replaying proof Fib[java.lang.Object::<inv>()].JML accessible clause.1 
337635     DEBUG main            d.u.i.k.p.i.IntermediateProofReplayer Proof replay took 1.35ms 
337636     DEBUG main            d.u.i.k.p.r.p.TestFile    ... success: reloaded. 
337637     INFO  main            d.u.i.k.p.r.p.TestFile    Now processing file /home/runner/work/key/key/key.core/../key.ui/examples/heap/permissions/threads/Fib_joinTransfer_accessible.key 
337637     INFO  main            d.u.i.k.p.i.AbstractProblemLoader Loading environment from /home/runner/work/key/key/key.core/../key.ui/examples/heap/permissions/threads/Fib_joinTransfer_accessible.key 
337637     DEBUG main            d.u.i.k.p.i.AbstractProblemLoader Environment load took 64.9ns 
337638     INFO  main            d.u.i.k.p.i.AbstractProblemLoader Creating init config 
341852     DEBUG main            d.u.i.k.p.i.AbstractProblemLoader Init config took 4.21s 
341935     INFO  main            d.u.i.k.p.i.AbstractProblemLoader Replaying proof Fib[ThreadSpec::joinTransfer()].JML accessible clause.0 
341936     DEBUG main            d.u.i.k.p.i.IntermediateProofReplayer Proof replay took 6.4ns 
342138     INFO  main            d.u.i.k.p.r.p.TestFile    ... finished proof: closed. 
342496     INFO  main            d.u.i.k.p.i.AbstractProblemLoader Loading environment from /home/runner/work/key/key/key.core/../key.ui/examples/heap/permissions/threads/Fib_joinTransfer_accessible.key.proof 
342496     DEBUG main            d.u.i.k.p.i.AbstractProblemLoader Environment load took 74.7ns 
342496     INFO  main            d.u.i.k.p.i.AbstractProblemLoader Creating init config 
346655     DEBUG main            d.u.i.k.p.i.AbstractProblemLoader Init config took 4.16s 
346735     INFO  main            d.u.i.k.p.i.AbstractProblemLoader Replaying proof Fib[ThreadSpec::joinTransfer()].JML accessible clause.0 
346754     DEBUG main            d.u.i.k.p.i.IntermediateProofReplayer Proof replay took 16.72ms 
346755     DEBUG main            d.u.i.k.p.r.p.TestFile    ... success: reloaded. 
346755     INFO  main            d.u.i.k.p.r.p.TestFile    Now processing file /home/runner/work/key/key/key.core/../key.ui/examples/heap/permissions/threads/Fib_joinTransfer_contract.key 
346756     INFO  main            d.u.i.k.p.i.AbstractProblemLoader Loading environment from /home/runner/work/key/key/key.core/../key.ui/examples/heap/permissions/threads/Fib_joinTransfer_contract.key 
346756     DEBUG main            d.u.i.k.p.i.AbstractProblemLoader Environment load took 135.8ns 
346757     INFO  main            d.u.i.k.p.i.AbstractProblemLoader Creating init config 
350980     DEBUG main            d.u.i.k.p.i.AbstractProblemLoader Init config took 4.22s 
351073     INFO  main            d.u.i.k.p.i.AbstractProblemLoader Replaying proof Fib[ThreadSpec::joinTransfer()].JML model_behavior operation contract.0 
351074     DEBUG main            d.u.i.k.p.i.IntermediateProofReplayer Proof replay took 6.4ns 
351176     INFO  main            d.u.i.k.p.r.p.TestFile    ... finished proof: closed. 
351536     INFO  main            d.u.i.k.p.i.AbstractProblemLoader Loading environment from /home/runner/work/key/key/key.core/../key.ui/examples/heap/permissions/threads/Fib_joinTransfer_contract.key.proof 
351536     DEBUG main            d.u.i.k.p.i.AbstractProblemLoader Environment load took 87.7ns 
351537     INFO  main            d.u.i.k.p.i.AbstractProblemLoader Creating init config 
355697     DEBUG main            d.u.i.k.p.i.AbstractProblemLoader Init config took 4.16s 
355778     INFO  main            d.u.i.k.p.i.AbstractProblemLoader Replaying proof Fib[ThreadSpec::joinTransfer()].JML model_behavior operation contract.0 
355786     DEBUG main            d.u.i.k.p.i.IntermediateProofReplayer Proof replay took 5.97ms 
355787     DEBUG main            d.u.i.k.p.r.p.TestFile    ... success: reloaded. 
355787     INFO  main            d.u.i.k.p.r.p.TestFile    Now processing file /home/runner/work/key/key/key.core/../key.ui/examples/heap/permissions/threads/Fib_postJoin_accessible.key 
355788     INFO  main            d.u.i.k.p.i.AbstractProblemLoader Loading environment from /home/runner/work/key/key/key.core/../key.ui/examples/heap/permissions/threads/Fib_postJoin_accessible.key 
355788     DEBUG main            d.u.i.k.p.i.AbstractProblemLoader Environment load took 93.3ns 
355788     INFO  main            d.u.i.k.p.i.AbstractProblemLoader Creating init config 
360061     DEBUG main            d.u.i.k.p.i.AbstractProblemLoader Init config took 4.27s 
360141     INFO  main            d.u.i.k.p.i.AbstractProblemLoader Replaying proof Fib[ThreadSpec::postJoin(java.lang.Object)].JML accessible clause.0 
360142     DEBUG main            d.u.i.k.p.i.IntermediateProofReplayer Proof replay took 7.3ns 
360244     INFO  main            d.u.i.k.p.r.p.TestFile    ... finished proof: closed. 
360611     INFO  main            d.u.i.k.p.i.AbstractProblemLoader Loading environment from /home/runner/work/key/key/key.core/../key.ui/examples/heap/permissions/threads/Fib_postJoin_accessible.key.proof 
360612     DEBUG main            d.u.i.k.p.i.AbstractProblemLoader Environment load took 77.3ns 
360612     INFO  main            d.u.i.k.p.i.AbstractProblemLoader Creating init config 
364783     DEBUG main            d.u.i.k.p.i.AbstractProblemLoader Init config took 4.17s 
364863     INFO  main            d.u.i.k.p.i.AbstractProblemLoader Replaying proof Fib[ThreadSpec::postJoin(java.lang.Object)].JML accessible clause.0 
364868     DEBUG main            d.u.i.k.p.i.IntermediateProofReplayer Proof replay took 4.11ms 
364869     DEBUG main            d.u.i.k.p.r.p.TestFile    ... success: reloaded. 
364870     INFO  main            d.u.i.k.p.r.p.TestFile    Now processing file /home/runner/work/key/key/key.core/../key.ui/examples/heap/permissions/threads/Fib_preStart_accessible.key 
364870     INFO  main            d.u.i.k.p.i.AbstractProblemLoader Loading environment from /home/runner/work/key/key/key.core/../key.ui/examples/heap/permissions/threads/Fib_preStart_accessible.key 
364870     DEBUG main            d.u.i.k.p.i.AbstractProblemLoader Environment load took 54.9ns 
364871     INFO  main            d.u.i.k.p.i.AbstractProblemLoader Creating init config 
369145     DEBUG main            d.u.i.k.p.i.AbstractProblemLoader Init config took 4.27s 
369224     INFO  main            d.u.i.k.p.i.AbstractProblemLoader Replaying proof Fib[ThreadSpec::preStart(java.lang.Object)].JML accessible clause.0 
369225     DEBUG main            d.u.i.k.p.i.IntermediateProofReplayer Proof replay took 7.3ns 
369327     INFO  main            d.u.i.k.p.r.p.TestFile    ... finished proof: closed. 
369695     INFO  main            d.u.i.k.p.i.AbstractProblemLoader Loading environment from /home/runner/work/key/key/key.core/../key.ui/examples/heap/permissions/threads/Fib_preStart_accessible.key.proof 
369695     DEBUG main            d.u.i.k.p.i.AbstractProblemLoader Environment load took 75.9ns 
369696     INFO  main            d.u.i.k.p.i.AbstractProblemLoader Creating init config 
373863     DEBUG main            d.u.i.k.p.i.AbstractProblemLoader Init config took 4.17s 
373942     INFO  main            d.u.i.k.p.i.AbstractProblemLoader Replaying proof Fib[ThreadSpec::preStart(java.lang.Object)].JML accessible clause.0 
373948     DEBUG main            d.u.i.k.p.i.IntermediateProofReplayer Proof replay took 4.03ms 
373948     DEBUG main            d.u.i.k.p.r.p.TestFile    ... success: reloaded. 
373949     INFO  main            d.u.i.k.p.r.p.TestFile    Now processing file /home/runner/work/key/key/key.core/../key.ui/examples/heap/permissions/threads/Fib_startTransfer_accessible.key 
373949     INFO  main            d.u.i.k.p.i.AbstractProblemLoader Loading environment from /home/runner/work/key/key/key.core/../key.ui/examples/heap/permissions/threads/Fib_startTransfer_accessible.key 
373949     DEBUG main            d.u.i.k.p.i.AbstractProblemLoader Environment load took 80.4ns 
373950     INFO  main            d.u.i.k.p.i.AbstractProblemLoader Creating init config 
378181     DEBUG main            d.u.i.k.p.i.AbstractProblemLoader Init config took 4.23s 
378261     INFO  main            d.u.i.k.p.i.AbstractProblemLoader Replaying proof Fib[ThreadSpec::startTransfer()].JML accessible clause.0 
378263     DEBUG main            d.u.i.k.p.i.IntermediateProofReplayer Proof replay took 6.1ns 
378464     INFO  main            d.u.i.k.p.r.p.TestFile    ... finished proof: closed. 
378859     INFO  main            d.u.i.k.p.i.AbstractProblemLoader Loading environment from /home/runner/work/key/key/key.core/../key.ui/examples/heap/permissions/threads/Fib_startTransfer_accessible.key.proof 
378859     DEBUG main            d.u.i.k.p.i.AbstractProblemLoader Environment load took 80.3ns 
378860     INFO  main            d.u.i.k.p.i.AbstractProblemLoader Creating init config 
383033     DEBUG main            d.u.i.k.p.i.AbstractProblemLoader Init config took 4.17s 
383124     INFO  main            d.u.i.k.p.i.AbstractProblemLoader Replaying proof Fib[ThreadSpec::startTransfer()].JML accessible clause.0 
383150     DEBUG main            d.u.i.k.p.i.IntermediateProofReplayer Proof replay took 24.08ms 
383151     DEBUG main            d.u.i.k.p.r.p.TestFile    ... success: reloaded. 
383152     INFO  main            d.u.i.k.p.r.p.TestFile    Now processing file /home/runner/work/key/key/key.core/../key.ui/examples/heap/permissions/threads/Fib_startTransfer_contract.key 
383152     INFO  main            d.u.i.k.p.i.AbstractProblemLoader Loading environment from /home/runner/work/key/key/key.core/../key.ui/examples/heap/permissions/threads/Fib_startTransfer_contract.key 
383152     DEBUG main            d.u.i.k.p.i.AbstractProblemLoader Environment load took 83ns 
383153     INFO  main            d.u.i.k.p.i.AbstractProblemLoader Creating init config 
387372     DEBUG main            d.u.i.k.p.i.AbstractProblemLoader Init config took 4.22s 
387466     INFO  main            d.u.i.k.p.i.AbstractProblemLoader Replaying proof Fib[ThreadSpec::startTransfer()].JML model_behavior operation contract.0 
387467     DEBUG main            d.u.i.k.p.i.IntermediateProofReplayer Proof replay took 7.6ns 
387569     INFO  main            d.u.i.k.p.r.p.TestFile    ... finished proof: closed. 
387949     INFO  main            d.u.i.k.p.i.AbstractProblemLoader Loading environment from /home/runner/work/key/key/key.core/../key.ui/examples/heap/permissions/threads/Fib_startTransfer_contract.key.proof 
387949     DEBUG main            d.u.i.k.p.i.AbstractProblemLoader Environment load took 76.3ns 
387950     INFO  main            d.u.i.k.p.i.AbstractProblemLoader Creating init config 
392114     DEBUG main            d.u.i.k.p.i.AbstractProblemLoader Init config took 4.16s 
392194     INFO  main            d.u.i.k.p.i.AbstractProblemLoader Replaying proof Fib[ThreadSpec::startTransfer()].JML model_behavior operation contract.0 
392202     DEBUG main            d.u.i.k.p.i.IntermediateProofReplayer Proof replay took 5.94ms 
392202     DEBUG main            d.u.i.k.p.r.p.TestFile    ... success: reloaded. 
392203     INFO  main            d.u.i.k.p.r.p.TestFile    Now processing file /home/runner/work/key/key/key.core/../key.ui/examples/heap/permissions/threads/Fib_workingPermissions_accessible.key 
392203     INFO  main            d.u.i.k.p.i.AbstractProblemLoader Loading environment from /home/runner/work/key/key/key.core/../key.ui/examples/heap/permissions/threads/Fib_workingPermissions_accessible.key 
392203     DEBUG main            d.u.i.k.p.i.AbstractProblemLoader Environment load took 65.9ns 
392204     INFO  main            d.u.i.k.p.i.AbstractProblemLoader Creating init config 
396461     DEBUG main            d.u.i.k.p.i.AbstractProblemLoader Init config took 4.26s 
396542     INFO  main            d.u.i.k.p.i.AbstractProblemLoader Replaying proof Fib[ThreadSpec::workingPermissions()].JML accessible clause.0 
396543     DEBUG main            d.u.i.k.p.i.IntermediateProofReplayer Proof replay took 6.8ns 
396644     INFO  main            d.u.i.k.p.r.p.TestFile    ... finished proof: closed. 
397035     INFO  main            d.u.i.k.p.i.AbstractProblemLoader Loading environment from /home/runner/work/key/key/key.core/../key.ui/examples/heap/permissions/threads/Fib_workingPermissions_accessible.key.proof 
397035     DEBUG main            d.u.i.k.p.i.AbstractProblemLoader Environment load took 107.4ns 
397036     INFO  main            d.u.i.k.p.i.AbstractProblemLoader Creating init config 
401207     DEBUG main            d.u.i.k.p.i.AbstractProblemLoader Init config took 4.17s 
401286     INFO  main            d.u.i.k.p.i.AbstractProblemLoader Replaying proof Fib[ThreadSpec::workingPermissions()].JML accessible clause.0 
401289     DEBUG main            d.u.i.k.p.i.IntermediateProofReplayer Proof replay took 1.59ms 
401289     DEBUG main            d.u.i.k.p.r.p.TestFile    ... success: reloaded. 
401290     INFO  main            d.u.i.k.p.r.p.TestFile    Now processing file /home/runner/work/key/key/key.core/../key.ui/examples/heap/permissions/threads/Plotter_initPost_accessible.key 
401290     INFO  main            d.u.i.k.p.i.AbstractProblemLoader Loading environment from /home/runner/work/key/key/key.core/../key.ui/examples/heap/permissions/threads/Plotter_initPost_accessible.key 
401290     DEBUG main            d.u.i.k.p.i.AbstractProblemLoader Environment load took 38.9ns 
401291     INFO  main            d.u.i.k.p.i.AbstractProblemLoader Creating init config 
405518     DEBUG main            d.u.i.k.p.i.AbstractProblemLoader Init config took 4.23s 
405598     INFO  main            d.u.i.k.p.i.AbstractProblemLoader Replaying proof Plotter[ThreadSpec2::initPost()].JML accessible clause.0 
405599     DEBUG main            d.u.i.k.p.i.IntermediateProofReplayer Proof replay took 6.2ns 
405701     INFO  main            d.u.i.k.p.r.p.TestFile    ... finished proof: closed. 
406096     INFO  main            d.u.i.k.p.i.AbstractProblemLoader Loading environment from /home/runner/work/key/key/key.core/../key.ui/examples/heap/permissions/threads/Plotter_initPost_accessible.key.proof 
406096     DEBUG main            d.u.i.k.p.i.AbstractProblemLoader Environment load took 73.4ns 
406097     INFO  main            d.u.i.k.p.i.AbstractProblemLoader Creating init config 
410259     DEBUG main            d.u.i.k.p.i.AbstractProblemLoader Init config took 4.16s 
410338     INFO  main            d.u.i.k.p.i.AbstractProblemLoader Replaying proof Plotter[ThreadSpec2::initPost()].JML accessible clause.0 
410348     DEBUG main            d.u.i.k.p.i.IntermediateProofReplayer Proof replay took 8.61ms 
410349     DEBUG main            d.u.i.k.p.r.p.TestFile    ... success: reloaded. 
410350     INFO  main            d.u.i.k.p.r.p.TestFile    Now processing file /home/runner/work/key/key/key.core/../key.ui/examples/heap/permissions/threads/Plotter_inv_accessible1.key 
410350     INFO  main            d.u.i.k.p.i.AbstractProblemLoader Loading environment from /home/runner/work/key/key/key.core/../key.ui/examples/heap/permissions/threads/Plotter_inv_accessible1.key 
410350     DEBUG main            d.u.i.k.p.i.AbstractProblemLoader Environment load took 59.3ns 
410351     INFO  main            d.u.i.k.p.i.AbstractProblemLoader Creating init config 
414725     DEBUG main            d.u.i.k.p.i.AbstractProblemLoader Init config took 4.37s 
414814     INFO  main            d.u.i.k.p.i.AbstractProblemLoader Replaying proof Plotter[java.lang.Object::<inv>()].JML accessible clause.0 
414815     DEBUG main            d.u.i.k.p.i.IntermediateProofReplayer Proof replay took 7.1ns 
414917     INFO  main            d.u.i.k.p.r.p.TestFile    ... finished proof: closed. 
415312     INFO  main            d.u.i.k.p.i.AbstractProblemLoader Loading environment from /home/runner/work/key/key/key.core/../key.ui/examples/heap/permissions/threads/Plotter_inv_accessible1.key.proof 
415312     DEBUG main            d.u.i.k.p.i.AbstractProblemLoader Environment load took 73.5ns 
415313     INFO  main            d.u.i.k.p.i.AbstractProblemLoader Creating init config 
419512     DEBUG main            d.u.i.k.p.i.AbstractProblemLoader Init config took 4.2s 
419594     INFO  main            d.u.i.k.p.i.AbstractProblemLoader Replaying proof Plotter[java.lang.Object::<inv>()].JML accessible clause.0 
419596     DEBUG main            d.u.i.k.p.i.IntermediateProofReplayer Proof replay took 1.27ms 
419597     DEBUG main            d.u.i.k.p.r.p.TestFile    ... success: reloaded. 
419598     INFO  main            d.u.i.k.p.r.p.TestFile    Now processing file /home/runner/work/key/key/key.core/../key.ui/examples/heap/permissions/threads/Plotter_inv_accessible2.key 
419598     INFO  main            d.u.i.k.p.i.AbstractProblemLoader Loading environment from /home/runner/work/key/key/key.core/../key.ui/examples/heap/permissions/threads/Plotter_inv_accessible2.key 
419598     DEBUG main            d.u.i.k.p.i.AbstractProblemLoader Environment load took 39.8ns 
419599     INFO  main            d.u.i.k.p.i.AbstractProblemLoader Creating init config 
423774     DEBUG main            d.u.i.k.p.i.AbstractProblemLoader Init config took 4.18s 
423867     INFO  main            d.u.i.k.p.i.AbstractProblemLoader Replaying proof Plotter[java.lang.Object::<inv>()].JML accessible clause.1 
423868     DEBUG main            d.u.i.k.p.i.IntermediateProofReplayer Proof replay took 7.3ns 
423969     INFO  main            d.u.i.k.p.r.p.TestFile    ... finished proof: closed. 
424373     INFO  main            d.u.i.k.p.i.AbstractProblemLoader Loading environment from /home/runner/work/key/key/key.core/../key.ui/examples/heap/permissions/threads/Plotter_inv_accessible2.key.proof 
424373     DEBUG main            d.u.i.k.p.i.AbstractProblemLoader Environment load took 82ns 
424374     INFO  main            d.u.i.k.p.i.AbstractProblemLoader Creating init config 
428487     DEBUG main            d.u.i.k.p.i.AbstractProblemLoader Init config took 4.11s 
428578     INFO  main            d.u.i.k.p.i.AbstractProblemLoader Replaying proof Plotter[java.lang.Object::<inv>()].JML accessible clause.1 
428581     DEBUG main            d.u.i.k.p.i.IntermediateProofReplayer Proof replay took 1.3ms 
428582     DEBUG main            d.u.i.k.p.r.p.TestFile    ... success: reloaded. 
428582     INFO  main            d.u.i.k.p.r.p.TestFile    Now processing file /home/runner/work/key/key/key.core/../key.ui/examples/heap/permissions/threads/Plotter_joinTransfer_contract.key 
428582     INFO  main            d.u.i.k.p.i.AbstractProblemLoader Loading environment from /home/runner/work/key/key/key.core/../key.ui/examples/heap/permissions/threads/Plotter_joinTransfer_contract.key 
428582     DEBUG main            d.u.i.k.p.i.AbstractProblemLoader Environment load took 41.9ns 
428583     INFO  main            d.u.i.k.p.i.AbstractProblemLoader Creating init config 
432780     DEBUG main            d.u.i.k.p.i.AbstractProblemLoader Init config took 4.2s 
432861     INFO  main            d.u.i.k.p.i.AbstractProblemLoader Replaying proof Plotter[ThreadSpec2::joinTransfer()].JML model_behavior operation contract.0 
432862     DEBUG main            d.u.i.k.p.i.IntermediateProofReplayer Proof replay took 7.3ns 
432964     INFO  main            d.u.i.k.p.r.p.TestFile    ... finished proof: closed. 
433382     INFO  main            d.u.i.k.p.i.AbstractProblemLoader Loading environment from /home/runner/work/key/key/key.core/../key.ui/examples/heap/permissions/threads/Plotter_joinTransfer_contract.key.proof 
433382     DEBUG main            d.u.i.k.p.i.AbstractProblemLoader Environment load took 68.8ns 
433383     INFO  main            d.u.i.k.p.i.AbstractProblemLoader Creating init config 
437497     DEBUG main            d.u.i.k.p.i.AbstractProblemLoader Init config took 4.11s 
437589     INFO  main            d.u.i.k.p.i.AbstractProblemLoader Replaying proof Plotter[ThreadSpec2::joinTransfer()].JML model_behavior operation contract.0 
437597     DEBUG main            d.u.i.k.p.i.IntermediateProofReplayer Proof replay took 6.51ms 
437598     DEBUG main            d.u.i.k.p.r.p.TestFile    ... success: reloaded. 
437598     INFO  main            d.u.i.k.p.r.p.TestFile    Now processing file /home/runner/work/key/key/key.core/../key.ui/examples/heap/permissions/threads/Plotter_Plotter.key 
437599     INFO  main            d.u.i.k.p.i.AbstractProblemLoader Loading environment from /home/runner/work/key/key/key.core/../key.ui/examples/heap/permissions/threads/Plotter_Plotter.key 
437599     DEBUG main            d.u.i.k.p.i.AbstractProblemLoader Environment load took 40.3ns 
437599     INFO  main            d.u.i.k.p.i.AbstractProblemLoader Creating init config 
441794     DEBUG main            d.u.i.k.p.i.AbstractProblemLoader Init config took 4.19s 
441875     INFO  main            d.u.i.k.p.i.AbstractProblemLoader Replaying proof Plotter[Plotter::Plotter(AFilter,BFilter,Buffer)].JML normal_behavior operation contract.0 
441876     DEBUG main            d.u.i.k.p.i.IntermediateProofReplayer Proof replay took 7.3ns 
443702     INFO  main            d.u.i.k.p.r.p.TestFile    ... finished proof: closed. 
444144     INFO  main            d.u.i.k.p.i.AbstractProblemLoader Loading environment from /home/runner/work/key/key/key.core/../key.ui/examples/heap/permissions/threads/Plotter_Plotter.key.proof 
444145     DEBUG main            d.u.i.k.p.i.AbstractProblemLoader Environment load took 282.6ns 
444146     INFO  main            d.u.i.k.p.i.AbstractProblemLoader Creating init config 
448271     DEBUG main            d.u.i.k.p.i.AbstractProblemLoader Init config took 4.13s 
448351     INFO  main            d.u.i.k.p.i.AbstractProblemLoader Replaying proof Plotter[Plotter::Plotter(AFilter,BFilter,Buffer)].JML normal_behavior operation contract.0 
448495     DEBUG main            d.u.i.k.p.i.IntermediateProofReplayer Proof replay took 139.89ms 
448496     DEBUG main            d.u.i.k.p.r.p.TestFile    ... success: reloaded. 
448497     INFO  main            d.u.i.k.p.r.p.TestFile    Now processing file /home/runner/work/key/key/key.core/../key.ui/examples/heap/permissions/threads/Plotter_postJoin_accessible.key 
448497     INFO  main            d.u.i.k.p.i.AbstractProblemLoader Loading environment from /home/runner/work/key/key/key.core/../key.ui/examples/heap/permissions/threads/Plotter_postJoin_accessible.key 
448497     DEBUG main            d.u.i.k.p.i.AbstractProblemLoader Environment load took 70.7ns 
448498     INFO  main            d.u.i.k.p.i.AbstractProblemLoader Creating init config 
452683     DEBUG main            d.u.i.k.p.i.AbstractProblemLoader Init config took 4.19s 
452783     INFO  main            d.u.i.k.p.i.AbstractProblemLoader Replaying proof Plotter[ThreadSpec2::postJoin(java.lang.Object)].JML accessible clause.0 
452784     DEBUG main            d.u.i.k.p.i.IntermediateProofReplayer Proof replay took 7.5ns 
452886     INFO  main            d.u.i.k.p.r.p.TestFile    ... finished proof: closed. 
453319     INFO  main            d.u.i.k.p.i.AbstractProblemLoader Loading environment from /home/runner/work/key/key/key.core/../key.ui/examples/heap/permissions/threads/Plotter_postJoin_accessible.key.proof 
453319     DEBUG main            d.u.i.k.p.i.AbstractProblemLoader Environment load took 67.9ns 
453320     INFO  main            d.u.i.k.p.i.AbstractProblemLoader Creating init config 
457447     DEBUG main            d.u.i.k.p.i.AbstractProblemLoader Init config took 4.13s 
457526     INFO  main            d.u.i.k.p.i.AbstractProblemLoader Replaying proof Plotter[ThreadSpec2::postJoin(java.lang.Object)].JML accessible clause.0 
457535     DEBUG main            d.u.i.k.p.i.IntermediateProofReplayer Proof replay took 7.87ms 
457536     DEBUG main            d.u.i.k.p.r.p.TestFile    ... success: reloaded. 
457537     INFO  main            d.u.i.k.p.r.p.TestFile    Now processing file /home/runner/work/key/key/key.core/../key.ui/examples/heap/permissions/threads/Plotter_preStart_accessible.key 
457537     INFO  main            d.u.i.k.p.i.AbstractProblemLoader Loading environment from /home/runner/work/key/key/key.core/../key.ui/examples/heap/permissions/threads/Plotter_preStart_accessible.key 
457537     DEBUG main            d.u.i.k.p.i.AbstractProblemLoader Environment load took 60.9ns 
457538     INFO  main            d.u.i.k.p.i.AbstractProblemLoader Creating init config 
461715     DEBUG main            d.u.i.k.p.i.AbstractProblemLoader Init config took 4.18s 
461794     INFO  main            d.u.i.k.p.i.AbstractProblemLoader Replaying proof Plotter[ThreadSpec2::preStart(java.lang.Object)].JML accessible clause.0 
461795     DEBUG main            d.u.i.k.p.i.IntermediateProofReplayer Proof replay took 7ns 
462899     INFO  main            d.u.i.k.p.r.p.TestFile    ... finished proof: closed. 
463336     INFO  main            d.u.i.k.p.i.AbstractProblemLoader Loading environment from /home/runner/work/key/key/key.core/../key.ui/examples/heap/permissions/threads/Plotter_preStart_accessible.key.proof 
463336     DEBUG main            d.u.i.k.p.i.AbstractProblemLoader Environment load took 77.5ns 
463337     INFO  main            d.u.i.k.p.i.AbstractProblemLoader Creating init config 
467461     DEBUG main            d.u.i.k.p.i.AbstractProblemLoader Init config took 4.12s 
467540     INFO  main            d.u.i.k.p.i.AbstractProblemLoader Replaying proof Plotter[ThreadSpec2::preStart(java.lang.Object)].JML accessible clause.0 
467585     DEBUG main            d.u.i.k.p.i.IntermediateProofReplayer Proof replay took 42.21ms 
467586     DEBUG main            d.u.i.k.p.r.p.TestFile    ... success: reloaded. 
467587     INFO  main            d.u.i.k.p.r.p.TestFile    Now processing file /home/runner/work/key/key/key.core/../key.ui/examples/heap/permissions/threads/Plotter_stateInv_accessible.key 
467587     INFO  main            d.u.i.k.p.i.AbstractProblemLoader Loading environment from /home/runner/work/key/key/key.core/../key.ui/examples/heap/permissions/threads/Plotter_stateInv_accessible.key 
467587     DEBUG main            d.u.i.k.p.i.AbstractProblemLoader Environment load took 64.7ns 
467588     INFO  main            d.u.i.k.p.i.AbstractProblemLoader Creating init config 
471781     DEBUG main            d.u.i.k.p.i.AbstractProblemLoader Init config took 4.19s 
471880     INFO  main            d.u.i.k.p.i.AbstractProblemLoader Replaying proof Plotter[ThreadSpec2::stateInv()].JML accessible clause.0 
471882     DEBUG main            d.u.i.k.p.i.IntermediateProofReplayer Proof replay took 7.3ns 
479520     INFO  main            d.u.i.k.p.r.p.TestFile    ... finished proof: closed. 
479984     INFO  main            d.u.i.k.p.i.AbstractProblemLoader Loading environment from /home/runner/work/key/key/key.core/../key.ui/examples/heap/permissions/threads/Plotter_stateInv_accessible.key.proof 
479985     DEBUG main            d.u.i.k.p.i.AbstractProblemLoader Environment load took 79.6ns 
479986     INFO  main            d.u.i.k.p.i.AbstractProblemLoader Creating init config 
484108     DEBUG main            d.u.i.k.p.i.AbstractProblemLoader Init config took 4.12s 
484188     INFO  main            d.u.i.k.p.i.AbstractProblemLoader Replaying proof Plotter[ThreadSpec2::stateInv()].JML accessible clause.0 
484557     DEBUG main            d.u.i.k.p.i.IntermediateProofReplayer Proof replay took 354.18ms 
484558     DEBUG main            d.u.i.k.p.r.p.TestFile    ... success: reloaded. 
484559     INFO  main            d.u.i.k.p.r.p.TestFile    Now processing file /home/runner/work/key/key/key.core/../key.ui/examples/heap/permissions/threads/Plotter_staticPermissions_accessible.key 
484559     INFO  main            d.u.i.k.p.i.AbstractProblemLoader Loading environment from /home/runner/work/key/key/key.core/../key.ui/examples/heap/permissions/threads/Plotter_staticPermissions_accessible.key 
484559     DEBUG main            d.u.i.k.p.i.AbstractProblemLoader Environment load took 80.9ns 
484560     INFO  main            d.u.i.k.p.i.AbstractProblemLoader Creating init config 
488755     DEBUG main            d.u.i.k.p.i.AbstractProblemLoader Init config took 4.19s 
488834     INFO  main            d.u.i.k.p.i.AbstractProblemLoader Replaying proof Plotter[ThreadSpec2::staticPermissions()].JML accessible clause.0 
488838     DEBUG main            d.u.i.k.p.i.IntermediateProofReplayer Proof replay took 38.5ns 
489540     INFO  main            d.u.i.k.p.r.p.TestFile    ... finished proof: closed. 
489999     INFO  main            d.u.i.k.p.i.AbstractProblemLoader Loading environment from /home/runner/work/key/key/key.core/../key.ui/examples/heap/permissions/threads/Plotter_staticPermissions_accessible.key.proof 
489999     DEBUG main            d.u.i.k.p.i.AbstractProblemLoader Environment load took 66.8ns 
489999     INFO  main            d.u.i.k.p.i.AbstractProblemLoader Creating init config 
494114     DEBUG main            d.u.i.k.p.i.AbstractProblemLoader Init config took 4.11s 
494194     INFO  main            d.u.i.k.p.i.AbstractProblemLoader Replaying proof Plotter[ThreadSpec2::staticPermissions()].JML accessible clause.0 
494228     DEBUG main            d.u.i.k.p.i.IntermediateProofReplayer Proof replay took 32.2ms 
494229     DEBUG main            d.u.i.k.p.r.p.TestFile    ... success: reloaded. 
494229     INFO  main            d.u.i.k.p.r.p.TestFile    Now processing file /home/runner/work/key/key/key.core/../key.ui/examples/heap/permissions/threads/Plotter_workingPermissions_accessible.key 
494230     INFO  main            d.u.i.k.p.i.AbstractProblemLoader Loading environment from /home/runner/work/key/key/key.core/../key.ui/examples/heap/permissions/threads/Plotter_workingPermissions_accessible.key 
494230     DEBUG main            d.u.i.k.p.i.AbstractProblemLoader Environment load took 100.3ns 
494230     INFO  main            d.u.i.k.p.i.AbstractProblemLoader Creating init config 
498429     DEBUG main            d.u.i.k.p.i.AbstractProblemLoader Init config took 4.2s 
498509     INFO  main            d.u.i.k.p.i.AbstractProblemLoader Replaying proof Plotter[ThreadSpec2::workingPermissions()].JML accessible clause.0 
498510     DEBUG main            d.u.i.k.p.i.IntermediateProofReplayer Proof replay took 2.1ns 
498711     INFO  main            d.u.i.k.p.r.p.TestFile    ... finished proof: closed. 
499193     INFO  main            d.u.i.k.p.i.AbstractProblemLoader Loading environment from /home/runner/work/key/key/key.core/../key.ui/examples/heap/permissions/threads/Plotter_workingPermissions_accessible.key.proof 
499193     DEBUG main            d.u.i.k.p.i.AbstractProblemLoader Environment load took 65.7ns 
499194     INFO  main            d.u.i.k.p.i.AbstractProblemLoader Creating init config 
503338     DEBUG main            d.u.i.k.p.i.AbstractProblemLoader Init config took 4.14s 
503417     INFO  main            d.u.i.k.p.i.AbstractProblemLoader Replaying proof Plotter[ThreadSpec2::workingPermissions()].JML accessible clause.0 
503428     DEBUG main            d.u.i.k.p.i.IntermediateProofReplayer Proof replay took 10.29ms 
503429     DEBUG main            d.u.i.k.p.r.p.TestFile    ... success: reloaded. 
503430     INFO  main            d.u.i.k.p.r.p.TestFile    Now processing file /home/runner/work/key/key/key.core/../key.ui/examples/heap/permissions/threads/Sampler_initPost_accessible.key 
503430     INFO  main            d.u.i.k.p.i.AbstractProblemLoader Loading environment from /home/runner/work/key/key/key.core/../key.ui/examples/heap/permissions/threads/Sampler_initPost_accessible.key 
503430     DEBUG main            d.u.i.k.p.i.AbstractProblemLoader Environment load took 38.7ns 
503431     INFO  main            d.u.i.k.p.i.AbstractProblemLoader Creating init config 
507637     DEBUG main            d.u.i.k.p.i.AbstractProblemLoader Init config took 4.21s 
507716     INFO  main            d.u.i.k.p.i.AbstractProblemLoader Replaying proof Sampler[ThreadSpec2::initPost()].JML accessible clause.0 
507717     DEBUG main            d.u.i.k.p.i.IntermediateProofReplayer Proof replay took 2.2ns 
507818     INFO  main            d.u.i.k.p.r.p.TestFile    ... finished proof: closed. 
508275     INFO  main            d.u.i.k.p.i.AbstractProblemLoader Loading environment from /home/runner/work/key/key/key.core/../key.ui/examples/heap/permissions/threads/Sampler_initPost_accessible.key.proof 
508275     DEBUG main            d.u.i.k.p.i.AbstractProblemLoader Environment load took 64.5ns 
508275     INFO  main            d.u.i.k.p.i.AbstractProblemLoader Creating init config 
512423     DEBUG main            d.u.i.k.p.i.AbstractProblemLoader Init config took 4.15s 
512506     INFO  main            d.u.i.k.p.i.AbstractProblemLoader Replaying proof Sampler[ThreadSpec2::initPost()].JML accessible clause.0 
512511     DEBUG main            d.u.i.k.p.i.IntermediateProofReplayer Proof replay took 4ms 
512512     DEBUG main            d.u.i.k.p.r.p.TestFile    ... success: reloaded. 
512512     INFO  main            d.u.i.k.p.r.p.TestFile    Now processing file /home/runner/work/key/key/key.core/../key.ui/examples/heap/permissions/threads/Sampler_inv_accessible1.key 
512512     INFO  main            d.u.i.k.p.i.AbstractProblemLoader Loading environment from /home/runner/work/key/key/key.core/../key.ui/examples/heap/permissions/threads/Sampler_inv_accessible1.key 
512513     DEBUG main            d.u.i.k.p.i.AbstractProblemLoader Environment load took 39.7ns 
512513     INFO  main            d.u.i.k.p.i.AbstractProblemLoader Creating init config 
516699     DEBUG main            d.u.i.k.p.i.AbstractProblemLoader Init config took 4.19s 
516777     INFO  main            d.u.i.k.p.i.AbstractProblemLoader Replaying proof Sampler[java.lang.Object::<inv>()].JML accessible clause.0 
516778     DEBUG main            d.u.i.k.p.i.IntermediateProofReplayer Proof replay took 3.3ns 
516879     INFO  main            d.u.i.k.p.r.p.TestFile    ... finished proof: closed. 
517345     INFO  main            d.u.i.k.p.i.AbstractProblemLoader Loading environment from /home/runner/work/key/key/key.core/../key.ui/examples/heap/permissions/threads/Sampler_inv_accessible1.key.proof 
517345     DEBUG main            d.u.i.k.p.i.AbstractProblemLoader Environment load took 84.5ns 
517345     INFO  main            d.u.i.k.p.i.AbstractProblemLoader Creating init config 
521469     DEBUG main            d.u.i.k.p.i.AbstractProblemLoader Init config took 4.12s 
521548     INFO  main            d.u.i.k.p.i.AbstractProblemLoader Replaying proof Sampler[java.lang.Object::<inv>()].JML accessible clause.0 
521550     DEBUG main            d.u.i.k.p.i.IntermediateProofReplayer Proof replay took 1.23ms 
521551     DEBUG main            d.u.i.k.p.r.p.TestFile    ... success: reloaded. 
521551     INFO  main            d.u.i.k.p.r.p.TestFile    Now processing file /home/runner/work/key/key/key.core/../key.ui/examples/heap/permissions/threads/Sampler_inv_accessible2.key 
521551     INFO  main            d.u.i.k.p.i.AbstractProblemLoader Loading environment from /home/runner/work/key/key/key.core/../key.ui/examples/heap/permissions/threads/Sampler_inv_accessible2.key 
521551     DEBUG main            d.u.i.k.p.i.AbstractProblemLoader Environment load took 40.4ns 
521552     INFO  main            d.u.i.k.p.i.AbstractProblemLoader Creating init config 
525743     DEBUG main            d.u.i.k.p.i.AbstractProblemLoader Init config took 4.19s 
525821     INFO  main            d.u.i.k.p.i.AbstractProblemLoader Replaying proof Sampler[java.lang.Object::<inv>()].JML accessible clause.1 
525822     DEBUG main            d.u.i.k.p.i.IntermediateProofReplayer Proof replay took 2.1ns 
525923     INFO  main            d.u.i.k.p.r.p.TestFile    ... finished proof: closed. 
526394     INFO  main            d.u.i.k.p.i.AbstractProblemLoader Loading environment from /home/runner/work/key/key/key.core/../key.ui/examples/heap/permissions/threads/Sampler_inv_accessible2.key.proof 
526394     DEBUG main            d.u.i.k.p.i.AbstractProblemLoader Environment load took 65.3ns 
526395     INFO  main            d.u.i.k.p.i.AbstractProblemLoader Creating init config 
530518     DEBUG main            d.u.i.k.p.i.AbstractProblemLoader Init config took 4.12s 
530596     INFO  main            d.u.i.k.p.i.AbstractProblemLoader Replaying proof Sampler[java.lang.Object::<inv>()].JML accessible clause.1 
530599     DEBUG main            d.u.i.k.p.i.IntermediateProofReplayer Proof replay took 1.23ms 
530599     DEBUG main            d.u.i.k.p.r.p.TestFile    ... success: reloaded. 
530600     INFO  main            d.u.i.k.p.r.p.TestFile    Now processing file /home/runner/work/key/key/key.core/../key.ui/examples/heap/permissions/threads/Sampler_joinTransfer_accessible.key 
530600     INFO  main            d.u.i.k.p.i.AbstractProblemLoader Loading environment from /home/runner/work/key/key/key.core/../key.ui/examples/heap/permissions/threads/Sampler_joinTransfer_accessible.key 
530600     DEBUG main            d.u.i.k.p.i.AbstractProblemLoader Environment load took 50ns 
530601     INFO  main            d.u.i.k.p.i.AbstractProblemLoader Creating init config 
534827     DEBUG main            d.u.i.k.p.i.AbstractProblemLoader Init config took 4.23s 
534909     INFO  main            d.u.i.k.p.i.AbstractProblemLoader Replaying proof Sampler[ThreadSpec2::joinTransfer()].JML accessible clause.0 
534911     DEBUG main            d.u.i.k.p.i.IntermediateProofReplayer Proof replay took 2.9ns 
538345     INFO  main            d.u.i.k.p.r.p.TestFile    ... finished proof: closed. 
538834     INFO  main            d.u.i.k.p.i.AbstractProblemLoader Loading environment from /home/runner/work/key/key/key.core/../key.ui/examples/heap/permissions/threads/Sampler_joinTransfer_accessible.key.proof 
538834     DEBUG main            d.u.i.k.p.i.AbstractProblemLoader Environment load took 314ns 
538835     INFO  main            d.u.i.k.p.i.AbstractProblemLoader Creating init config 
542953     DEBUG main            d.u.i.k.p.i.AbstractProblemLoader Init config took 4.12s 
543045     INFO  main            d.u.i.k.p.i.AbstractProblemLoader Replaying proof Sampler[ThreadSpec2::joinTransfer()].JML accessible clause.0 
543418     DEBUG main            d.u.i.k.p.i.IntermediateProofReplayer Proof replay took 364.85ms 
543419     DEBUG main            d.u.i.k.p.r.p.TestFile    ... success: reloaded. 
543420     INFO  main            d.u.i.k.p.r.p.TestFile    Now processing file /home/runner/work/key/key/key.core/../key.ui/examples/heap/permissions/threads/Sampler_joinTransfer_contract.key 
543420     INFO  main            d.u.i.k.p.i.AbstractProblemLoader Loading environment from /home/runner/work/key/key/key.core/../key.ui/examples/heap/permissions/threads/Sampler_joinTransfer_contract.key 
543420     DEBUG main            d.u.i.k.p.i.AbstractProblemLoader Environment load took 77.7ns 
543421     INFO  main            d.u.i.k.p.i.AbstractProblemLoader Creating init config 
547614     DEBUG main            d.u.i.k.p.i.AbstractProblemLoader Init config took 4.19s 
547707     INFO  main            d.u.i.k.p.i.AbstractProblemLoader Replaying proof Sampler[ThreadSpec2::joinTransfer()].JML model_behavior operation contract.0 
547708     DEBUG main            d.u.i.k.p.i.IntermediateProofReplayer Proof replay took 2.9ns 
547809     INFO  main            d.u.i.k.p.r.p.TestFile    ... finished proof: closed. 
548289     INFO  main            d.u.i.k.p.i.AbstractProblemLoader Loading environment from /home/runner/work/key/key/key.core/../key.ui/examples/heap/permissions/threads/Sampler_joinTransfer_contract.key.proof 
548289     DEBUG main            d.u.i.k.p.i.AbstractProblemLoader Environment load took 64.4ns 
548290     INFO  main            d.u.i.k.p.i.AbstractProblemLoader Creating init config 
552403     DEBUG main            d.u.i.k.p.i.AbstractProblemLoader Init config took 4.11s 
552492     INFO  main            d.u.i.k.p.i.AbstractProblemLoader Replaying proof Sampler[ThreadSpec2::joinTransfer()].JML model_behavior operation contract.0 
552499     DEBUG main            d.u.i.k.p.i.IntermediateProofReplayer Proof replay took 5.86ms 
552500     DEBUG main            d.u.i.k.p.r.p.TestFile    ... success: reloaded. 
552500     INFO  main            d.u.i.k.p.r.p.TestFile    Now processing file /home/runner/work/key/key/key.core/../key.ui/examples/heap/permissions/threads/Sampler_postJoin_accessible.key 
552500     INFO  main            d.u.i.k.p.i.AbstractProblemLoader Loading environment from /home/runner/work/key/key/key.core/../key.ui/examples/heap/permissions/threads/Sampler_postJoin_accessible.key 
552500     DEBUG main            d.u.i.k.p.i.AbstractProblemLoader Environment load took 39.1ns 
552501     INFO  main            d.u.i.k.p.i.AbstractProblemLoader Creating init config 
556703     DEBUG main            d.u.i.k.p.i.AbstractProblemLoader Init config took 4.2s 
556781     INFO  main            d.u.i.k.p.i.AbstractProblemLoader Replaying proof Sampler[ThreadSpec2::postJoin(java.lang.Object)].JML accessible clause.0 
556782     DEBUG main            d.u.i.k.p.i.IntermediateProofReplayer Proof replay took 3.3ns 
556883     INFO  main            d.u.i.k.p.r.p.TestFile    ... finished proof: closed. 
557370     INFO  main            d.u.i.k.p.i.AbstractProblemLoader Loading environment from /home/runner/work/key/key/key.core/../key.ui/examples/heap/permissions/threads/Sampler_postJoin_accessible.key.proof 
557370     DEBUG main            d.u.i.k.p.i.AbstractProblemLoader Environment load took 64.5ns 
557371     INFO  main            d.u.i.k.p.i.AbstractProblemLoader Creating init config 
561508     DEBUG main            d.u.i.k.p.i.AbstractProblemLoader Init config took 4.14s 
561596     INFO  main            d.u.i.k.p.i.AbstractProblemLoader Replaying proof Sampler[ThreadSpec2::postJoin(java.lang.Object)].JML accessible clause.0 
561604     DEBUG main            d.u.i.k.p.i.IntermediateProofReplayer Proof replay took 6.42ms 
561605     DEBUG main            d.u.i.k.p.r.p.TestFile    ... success: reloaded. 
561605     INFO  main            d.u.i.k.p.r.p.TestFile    Now processing file /home/runner/work/key/key/key.core/../key.ui/examples/heap/permissions/threads/Sampler_preStart_accessible.key 
561606     INFO  main            d.u.i.k.p.i.AbstractProblemLoader Loading environment from /home/runner/work/key/key/key.core/../key.ui/examples/heap/permissions/threads/Sampler_preStart_accessible.key 
561606     DEBUG main            d.u.i.k.p.i.AbstractProblemLoader Environment load took 152.6ns 
561607     INFO  main            d.u.i.k.p.i.AbstractProblemLoader Creating init config 
565821     DEBUG main            d.u.i.k.p.i.AbstractProblemLoader Init config took 4.21s 
565899     INFO  main            d.u.i.k.p.i.AbstractProblemLoader Replaying proof Sampler[ThreadSpec2::preStart(java.lang.Object)].JML accessible clause.0 
565901     DEBUG main            d.u.i.k.p.i.IntermediateProofReplayer Proof replay took 3.2ns 
566002     INFO  main            d.u.i.k.p.r.p.TestFile    ... finished proof: closed. 
566506     INFO  main            d.u.i.k.p.i.AbstractProblemLoader Loading environment from /home/runner/work/key/key/key.core/../key.ui/examples/heap/permissions/threads/Sampler_preStart_accessible.key.proof 
566506     DEBUG main            d.u.i.k.p.i.AbstractProblemLoader Environment load took 65.4ns 
566507     INFO  main            d.u.i.k.p.i.AbstractProblemLoader Creating init config 
570639     DEBUG main            d.u.i.k.p.i.AbstractProblemLoader Init config took 4.13s 
570717     INFO  main            d.u.i.k.p.i.AbstractProblemLoader Replaying proof Sampler[ThreadSpec2::preStart(java.lang.Object)].JML accessible clause.0 
570725     DEBUG main            d.u.i.k.p.i.IntermediateProofReplayer Proof replay took 6.47ms 
570725     DEBUG main            d.u.i.k.p.r.p.TestFile    ... success: reloaded. 
570726     INFO  main            d.u.i.k.p.r.p.TestFile    Now processing file /home/runner/work/key/key/key.core/../key.ui/examples/heap/permissions/threads/Sampler_run.key 
570726     INFO  main            d.u.i.k.p.i.AbstractProblemLoader Loading environment from /home/runner/work/key/key/key.core/../key.ui/examples/heap/permissions/threads/Sampler_run.key 
570726     DEBUG main            d.u.i.k.p.i.AbstractProblemLoader Environment load took 57.8ns 
570727     INFO  main            d.u.i.k.p.i.AbstractProblemLoader Creating init config 
574915     DEBUG main            d.u.i.k.p.i.AbstractProblemLoader Init config took 4.19s 
574995     INFO  main            d.u.i.k.p.i.AbstractProblemLoader Replaying proof Sampler[ThreadSpec2::run()].JML normal_behavior operation contract.0 
574996     DEBUG main            d.u.i.k.p.i.IntermediateProofReplayer Proof replay took 2.6ns 
575207     INFO  main            d.u.i.k.p.r.p.TestFile    ... finished proof: closed. 
575690     INFO  main            d.u.i.k.p.i.AbstractProblemLoader Loading environment from /home/runner/work/key/key/key.core/../key.ui/examples/heap/permissions/threads/Sampler_run.key.proof 
575690     DEBUG main            d.u.i.k.p.i.AbstractProblemLoader Environment load took 63.4ns 
575691     INFO  main            d.u.i.k.p.i.AbstractProblemLoader Creating init config 
579817     DEBUG main            d.u.i.k.p.i.AbstractProblemLoader Init config took 4.13s 
579895     INFO  main            d.u.i.k.p.i.AbstractProblemLoader Replaying proof Sampler[ThreadSpec2::run()].JML normal_behavior operation contract.0 
579921     DEBUG main            d.u.i.k.p.i.IntermediateProofReplayer Proof replay took 24.47ms 
579921     DEBUG main            d.u.i.k.p.r.p.TestFile    ... success: reloaded. 
579922     INFO  main            d.u.i.k.p.r.p.TestFile    Now processing file /home/runner/work/key/key/key.core/../key.ui/examples/heap/permissions/threads/Sampler_Sampler.key 
579922     INFO  main            d.u.i.k.p.i.AbstractProblemLoader Loading environment from /home/runner/work/key/key/key.core/../key.ui/examples/heap/permissions/threads/Sampler_Sampler.key 
579922     DEBUG main            d.u.i.k.p.i.AbstractProblemLoader Environment load took 77.3ns 
579923     INFO  main            d.u.i.k.p.i.AbstractProblemLoader Creating init config 
584110     DEBUG main            d.u.i.k.p.i.AbstractProblemLoader Init config took 4.19s 
584189     INFO  main            d.u.i.k.p.i.AbstractProblemLoader Replaying proof Sampler[Sampler::Sampler(Buffer)].JML normal_behavior operation contract.0 
584190     DEBUG main            d.u.i.k.p.i.IntermediateProofReplayer Proof replay took 2.6ns 
584792     INFO  main            d.u.i.k.p.r.p.TestFile    ... finished proof: closed. 
585311     INFO  main            d.u.i.k.p.i.AbstractProblemLoader Loading environment from /home/runner/work/key/key/key.core/../key.ui/examples/heap/permissions/threads/Sampler_Sampler.key.proof 
585311     DEBUG main            d.u.i.k.p.i.AbstractProblemLoader Environment load took 69.7ns 
585312     INFO  main            d.u.i.k.p.i.AbstractProblemLoader Creating init config 
589479     DEBUG main            d.u.i.k.p.i.AbstractProblemLoader Init config took 4.17s 
589557     INFO  main            d.u.i.k.p.i.AbstractProblemLoader Replaying proof Sampler[Sampler::Sampler(Buffer)].JML normal_behavior operation contract.0 
589617     DEBUG main            d.u.i.k.p.i.IntermediateProofReplayer Proof replay took 57.3ms 
589617     DEBUG main            d.u.i.k.p.r.p.TestFile    ... success: reloaded. 
589618     INFO  main            d.u.i.k.p.r.p.TestFile    Now processing file /home/runner/work/key/key/key.core/../key.ui/examples/heap/permissions/threads/Sampler_startTransfer_accessible.key 
589618     INFO  main            d.u.i.k.p.i.AbstractProblemLoader Loading environment from /home/runner/work/key/key/key.core/../key.ui/examples/heap/permissions/threads/Sampler_startTransfer_accessible.key 
589618     DEBUG main            d.u.i.k.p.i.AbstractProblemLoader Environment load took 61.8ns 
589619     INFO  main            d.u.i.k.p.i.AbstractProblemLoader Creating init config 
593825     DEBUG main            d.u.i.k.p.i.AbstractProblemLoader Init config took 4.21s 
593903     INFO  main            d.u.i.k.p.i.AbstractProblemLoader Replaying proof Sampler[ThreadSpec2::startTransfer()].JML accessible clause.0 
593904     DEBUG main            d.u.i.k.p.i.IntermediateProofReplayer Proof replay took 2.7ns 
597863     INFO  main            d.u.i.k.p.r.p.TestFile    ... finished proof: closed. 
598387     INFO  main            d.u.i.k.p.i.AbstractProblemLoader Loading environment from /home/runner/work/key/key/key.core/../key.ui/examples/heap/permissions/threads/Sampler_startTransfer_accessible.key.proof 
598388     DEBUG main            d.u.i.k.p.i.AbstractProblemLoader Environment load took 312.3ns 
598389     INFO  main            d.u.i.k.p.i.AbstractProblemLoader Creating init config 
602505     DEBUG main            d.u.i.k.p.i.AbstractProblemLoader Init config took 4.12s 
602583     INFO  main            d.u.i.k.p.i.AbstractProblemLoader Replaying proof Sampler[ThreadSpec2::startTransfer()].JML accessible clause.0 
602955     DEBUG main            d.u.i.k.p.i.IntermediateProofReplayer Proof replay took 363ms 
602956     DEBUG main            d.u.i.k.p.r.p.TestFile    ... success: reloaded. 
602957     INFO  main            d.u.i.k.p.r.p.TestFile    Now processing file /home/runner/work/key/key/key.core/../key.ui/examples/heap/permissions/threads/Sampler_startTransfer_contract.key 
602957     INFO  main            d.u.i.k.p.i.AbstractProblemLoader Loading environment from /home/runner/work/key/key/key.core/../key.ui/examples/heap/permissions/threads/Sampler_startTransfer_contract.key 
602957     DEBUG main            d.u.i.k.p.i.AbstractProblemLoader Environment load took 60.3ns 
602958     INFO  main            d.u.i.k.p.i.AbstractProblemLoader Creating init config 
607153     DEBUG main            d.u.i.k.p.i.AbstractProblemLoader Init config took 4.19s 
607231     INFO  main            d.u.i.k.p.i.AbstractProblemLoader Replaying proof Sampler[ThreadSpec2::startTransfer()].JML model_behavior operation contract.0 
607232     DEBUG main            d.u.i.k.p.i.IntermediateProofReplayer Proof replay took 2.5ns 
607333     INFO  main            d.u.i.k.p.r.p.TestFile    ... finished proof: closed. 
607850     INFO  main            d.u.i.k.p.i.AbstractProblemLoader Loading environment from /home/runner/work/key/key/key.core/../key.ui/examples/heap/permissions/threads/Sampler_startTransfer_contract.key.proof 
607850     DEBUG main            d.u.i.k.p.i.AbstractProblemLoader Environment load took 63.5ns 
607851     INFO  main            d.u.i.k.p.i.AbstractProblemLoader Creating init config 
611971     DEBUG main            d.u.i.k.p.i.AbstractProblemLoader Init config took 4.12s 
612050     INFO  main            d.u.i.k.p.i.AbstractProblemLoader Replaying proof Sampler[ThreadSpec2::startTransfer()].JML model_behavior operation contract.0 
612057     DEBUG main            d.u.i.k.p.i.IntermediateProofReplayer Proof replay took 6.04ms 
612058     DEBUG main            d.u.i.k.p.r.p.TestFile    ... success: reloaded. 
612058     INFO  main            d.u.i.k.p.r.p.TestFile    Now processing file /home/runner/work/key/key/key.core/../key.ui/examples/heap/permissions/threads/Sampler_stateInv_accessible.key 
612059     INFO  main            d.u.i.k.p.i.AbstractProblemLoader Loading environment from /home/runner/work/key/key/key.core/../key.ui/examples/heap/permissions/threads/Sampler_stateInv_accessible.key 
612059     DEBUG main            d.u.i.k.p.i.AbstractProblemLoader Environment load took 57.2ns 
612059     INFO  main            d.u.i.k.p.i.AbstractProblemLoader Creating init config 
616287     DEBUG main            d.u.i.k.p.i.AbstractProblemLoader Init config took 4.23s 
616365     INFO  main            d.u.i.k.p.i.AbstractProblemLoader Replaying proof Sampler[ThreadSpec2::stateInv()].JML accessible clause.0 
616366     DEBUG main            d.u.i.k.p.i.IntermediateProofReplayer Proof replay took 2.7ns 
616467     INFO  main            d.u.i.k.p.r.p.TestFile    ... finished proof: closed. 
617001     INFO  main            d.u.i.k.p.i.AbstractProblemLoader Loading environment from /home/runner/work/key/key/key.core/../key.ui/examples/heap/permissions/threads/Sampler_stateInv_accessible.key.proof 
617001     DEBUG main            d.u.i.k.p.i.AbstractProblemLoader Environment load took 66.6ns 
617002     INFO  main            d.u.i.k.p.i.AbstractProblemLoader Creating init config 
621190     DEBUG main            d.u.i.k.p.i.AbstractProblemLoader Init config took 4.19s 
621269     INFO  main            d.u.i.k.p.i.AbstractProblemLoader Replaying proof Sampler[ThreadSpec2::stateInv()].JML accessible clause.0 
621275     DEBUG main            d.u.i.k.p.i.IntermediateProofReplayer Proof replay took 4.6ms 
621276     DEBUG main            d.u.i.k.p.r.p.TestFile    ... success: reloaded. 
621277     INFO  main            d.u.i.k.p.r.p.TestFile    Now processing file /home/runner/work/key/key/key.core/../key.ui/examples/heap/permissions/threads/Sampler_staticPermissions_accessible.key 
621277     INFO  main            d.u.i.k.p.i.AbstractProblemLoader Loading environment from /home/runner/work/key/key/key.core/../key.ui/examples/heap/permissions/threads/Sampler_staticPermissions_accessible.key 
621277     DEBUG main            d.u.i.k.p.i.AbstractProblemLoader Environment load took 120.5ns 
621278     INFO  main            d.u.i.k.p.i.AbstractProblemLoader Creating init config 
625468     DEBUG main            d.u.i.k.p.i.AbstractProblemLoader Init config took 4.19s 
625564     INFO  main            d.u.i.k.p.i.AbstractProblemLoader Replaying proof Sampler[ThreadSpec2::staticPermissions()].JML accessible clause.0 
625565     DEBUG main            d.u.i.k.p.i.IntermediateProofReplayer Proof replay took 2.9ns 
625669     INFO  main            d.u.i.k.p.r.p.TestFile    ... finished proof: closed. 
626203     INFO  main            d.u.i.k.p.i.AbstractProblemLoader Loading environment from /home/runner/work/key/key/key.core/../key.ui/examples/heap/permissions/threads/Sampler_staticPermissions_accessible.key.proof 
626203     DEBUG main            d.u.i.k.p.i.AbstractProblemLoader Environment load took 65.3ns 
626204     INFO  main            d.u.i.k.p.i.AbstractProblemLoader Creating init config 
630317     DEBUG main            d.u.i.k.p.i.AbstractProblemLoader Init config took 4.11s 
630395     INFO  main            d.u.i.k.p.i.AbstractProblemLoader Replaying proof Sampler[ThreadSpec2::staticPermissions()].JML accessible clause.0 
630398     DEBUG main            d.u.i.k.p.i.IntermediateProofReplayer Proof replay took 2.59ms 
630399     DEBUG main            d.u.i.k.p.r.p.TestFile    ... success: reloaded. 
630400     INFO  main            d.u.i.k.p.r.p.TestFile    Now processing file /home/runner/work/key/key/key.core/../key.ui/examples/heap/permissions/threads/Sampler_workingPermissions_accessible.key 
630400     INFO  main            d.u.i.k.p.i.AbstractProblemLoader Loading environment from /home/runner/work/key/key/key.core/../key.ui/examples/heap/permissions/threads/Sampler_workingPermissions_accessible.key 
630400     DEBUG main            d.u.i.k.p.i.AbstractProblemLoader Environment load took 63ns 
630401     INFO  main            d.u.i.k.p.i.AbstractProblemLoader Creating init config 
634647     DEBUG main            d.u.i.k.p.i.AbstractProblemLoader Init config took 4.25s 
634735     INFO  main            d.u.i.k.p.i.AbstractProblemLoader Replaying proof Sampler[ThreadSpec2::workingPermissions()].JML accessible clause.0 
634736     DEBUG main            d.u.i.k.p.i.IntermediateProofReplayer Proof replay took 2.3ns 
634840     INFO  main            d.u.i.k.p.r.p.TestFile    ... finished proof: closed. 
635371     INFO  main            d.u.i.k.p.i.AbstractProblemLoader Loading environment from /home/runner/work/key/key/key.core/../key.ui/examples/heap/permissions/threads/Sampler_workingPermissions_accessible.key.proof 
635371     DEBUG main            d.u.i.k.p.i.AbstractProblemLoader Environment load took 64.3ns 
635372     INFO  main            d.u.i.k.p.i.AbstractProblemLoader Creating init config 
639506     DEBUG main            d.u.i.k.p.i.AbstractProblemLoader Init config took 4.13s 
639586     INFO  main            d.u.i.k.p.i.AbstractProblemLoader Replaying proof Sampler[ThreadSpec2::workingPermissions()].JML accessible clause.0 
639591     DEBUG main            d.u.i.k.p.i.IntermediateProofReplayer Proof replay took 3.8ms 
639591     DEBUG main            d.u.i.k.p.r.p.TestFile    ... success: reloaded. 
639594     INFO  main            d.u.i.k.p.r.p.TestFile    Now processing file /home/runner/work/key/key/key.core/../key.ui/examples/heap/permissions/mulleretal/ReadWrite_doRead_contract.key 
639595     INFO  main            d.u.i.k.p.i.AbstractProblemLoader Loading environment from /home/runner/work/key/key/key.core/../key.ui/examples/heap/permissions/mulleretal/ReadWrite_doRead_contract.key 
639595     DEBUG main            d.u.i.k.p.i.AbstractProblemLoader Environment load took 140.1ns 
639596     INFO  main            d.u.i.k.p.i.AbstractProblemLoader Creating init config 
642036     DEBUG main            d.u.i.k.p.i.AbstractProblemLoader Init config took 2.44s 
642067     INFO  main            d.u.i.k.p.i.AbstractProblemLoader Replaying proof ReadWrite[ReadWrite::doRead()].JML normal_behavior operation contract.0 
642069     DEBUG main            d.u.i.k.p.i.IntermediateProofReplayer Proof replay took 2.4ns 
643574     INFO  main            d.u.i.k.p.r.p.TestFile    ... finished proof: closed. 
644157     INFO  main            d.u.i.k.p.i.AbstractProblemLoader Loading environment from /home/runner/work/key/key/key.core/../key.ui/examples/heap/permissions/mulleretal/ReadWrite_doRead_contract.key.proof 
644157     DEBUG main            d.u.i.k.p.i.AbstractProblemLoader Environment load took 275.8ns 
644158     INFO  main            d.u.i.k.p.i.AbstractProblemLoader Creating init config 
646597     DEBUG main            d.u.i.k.p.i.AbstractProblemLoader Init config took 2.44s 
646659     INFO  main            d.u.i.k.p.i.AbstractProblemLoader Replaying proof ReadWrite[ReadWrite::doRead()].JML normal_behavior operation contract.0 
647071     DEBUG main            d.u.i.k.p.i.IntermediateProofReplayer Proof replay took 405.32ms 
647072     DEBUG main            d.u.i.k.p.r.p.TestFile    ... success: reloaded. 
647073     INFO  main            d.u.i.k.p.r.p.TestFile    Now processing file /home/runner/work/key/key/key.core/../key.ui/examples/heap/permissions/mulleretal/ReadWrite_doWrite_contract.key 
647073     INFO  main            d.u.i.k.p.i.AbstractProblemLoader Loading environment from /home/runner/work/key/key/key.core/../key.ui/examples/heap/permissions/mulleretal/ReadWrite_doWrite_contract.key 
647074     DEBUG main            d.u.i.k.p.i.AbstractProblemLoader Environment load took 170.6ns 
647074     INFO  main            d.u.i.k.p.i.AbstractProblemLoader Creating init config 
649834     DEBUG main            d.u.i.k.p.i.AbstractProblemLoader Init config took 2.76s 
649866     INFO  main            d.u.i.k.p.i.AbstractProblemLoader Replaying proof ReadWrite[ReadWrite::doWrite()].JML normal_behavior operation contract.0 
649867     DEBUG main            d.u.i.k.p.i.IntermediateProofReplayer Proof replay took 2.8ns 
651572     INFO  main            d.u.i.k.p.r.p.TestFile    ... finished proof: closed. 
652154     INFO  main            d.u.i.k.p.i.AbstractProblemLoader Loading environment from /home/runner/work/key/key/key.core/../key.ui/examples/heap/permissions/mulleretal/ReadWrite_doWrite_contract.key.proof 
652155     DEBUG main            d.u.i.k.p.i.AbstractProblemLoader Environment load took 268.1ns 
652156     INFO  main            d.u.i.k.p.i.AbstractProblemLoader Creating init config 
654561     DEBUG main            d.u.i.k.p.i.AbstractProblemLoader Init config took 2.41s 
654593     INFO  main            d.u.i.k.p.i.AbstractProblemLoader Replaying proof ReadWrite[ReadWrite::doWrite()].JML normal_behavior operation contract.0 
654914     DEBUG main            d.u.i.k.p.i.IntermediateProofReplayer Proof replay took 316.28ms 
654914     DEBUG main            d.u.i.k.p.r.p.TestFile    ... success: reloaded. 
654915     INFO  main            d.u.i.k.p.r.p.TestFile    Now processing file /home/runner/work/key/key/key.core/../key.ui/examples/heap/permissions/mulleretal/ReadWrite_read_contract.key 
654915     INFO  main            d.u.i.k.p.i.AbstractProblemLoader Loading environment from /home/runner/work/key/key/key.core/../key.ui/examples/heap/permissions/mulleretal/ReadWrite_read_contract.key 
654915     DEBUG main            d.u.i.k.p.i.AbstractProblemLoader Environment load took 38.5ns 
654916     INFO  main            d.u.i.k.p.i.AbstractProblemLoader Creating init config 
657431     DEBUG main            d.u.i.k.p.i.AbstractProblemLoader Init config took 2.52s 
657467     INFO  main            d.u.i.k.p.i.AbstractProblemLoader Replaying proof ReadWrite[ReadWrite::read()].JML normal_behavior operation contract.0 
657469     DEBUG main            d.u.i.k.p.i.IntermediateProofReplayer Proof replay took 2.3ns 
657570     INFO  main            d.u.i.k.p.r.p.TestFile    ... finished proof: closed. 
658107     INFO  main            d.u.i.k.p.i.AbstractProblemLoader Loading environment from /home/runner/work/key/key/key.core/../key.ui/examples/heap/permissions/mulleretal/ReadWrite_read_contract.key.proof 
658107     DEBUG main            d.u.i.k.p.i.AbstractProblemLoader Environment load took 59.9ns 
658107     INFO  main            d.u.i.k.p.i.AbstractProblemLoader Creating init config 
660511     DEBUG main            d.u.i.k.p.i.AbstractProblemLoader Init config took 2.4s 
660542     INFO  main            d.u.i.k.p.i.AbstractProblemLoader Replaying proof ReadWrite[ReadWrite::read()].JML normal_behavior operation contract.0 
660548     DEBUG main            d.u.i.k.p.i.IntermediateProofReplayer Proof replay took 4.62ms 
660548     DEBUG main            d.u.i.k.p.r.p.TestFile    ... success: reloaded. 
660549     INFO  main            d.u.i.k.p.r.p.TestFile    Now processing file /home/runner/work/key/key/key.core/../key.ui/examples/heap/permissions/mulleretal/ReadWrite_write_contract.key 
660549     INFO  main            d.u.i.k.p.i.AbstractProblemLoader Loading environment from /home/runner/work/key/key/key.core/../key.ui/examples/heap/permissions/mulleretal/ReadWrite_write_contract.key 
660549     DEBUG main            d.u.i.k.p.i.AbstractProblemLoader Environment load took 48.1ns 
660550     INFO  main            d.u.i.k.p.i.AbstractProblemLoader Creating init config 
663052     DEBUG main            d.u.i.k.p.i.AbstractProblemLoader Init config took 2.5s 
663088     INFO  main            d.u.i.k.p.i.AbstractProblemLoader Replaying proof ReadWrite[ReadWrite::write()].JML normal_behavior operation contract.0 
663094     DEBUG main            d.u.i.k.p.i.IntermediateProofReplayer Proof replay took 2.7ns 
663299     INFO  main            d.u.i.k.p.r.p.TestFile    ... finished proof: closed. 
663848     INFO  main            d.u.i.k.p.i.AbstractProblemLoader Loading environment from /home/runner/work/key/key/key.core/../key.ui/examples/heap/permissions/mulleretal/ReadWrite_write_contract.key.proof 
663848     DEBUG main            d.u.i.k.p.i.AbstractProblemLoader Environment load took 68.9ns 
663849     INFO  main            d.u.i.k.p.i.AbstractProblemLoader Creating init config 
666264     DEBUG main            d.u.i.k.p.i.AbstractProblemLoader Init config took 2.41s 
666295     INFO  main            d.u.i.k.p.i.AbstractProblemLoader Replaying proof ReadWrite[ReadWrite::write()].JML normal_behavior operation contract.0 
666312     DEBUG main            d.u.i.k.p.i.IntermediateProofReplayer Proof replay took 16.45ms 
666313     DEBUG main            d.u.i.k.p.r.p.TestFile    ... success: reloaded. 
666314     INFO  main            d.u.i.k.p.r.p.TestFile    Now processing file /home/runner/work/key/key/key.core/../key.ui/examples/heap/permissions/mulleretal/ReadWrite_inv1_accessible.key 
666314     INFO  main            d.u.i.k.p.i.AbstractProblemLoader Loading environment from /home/runner/work/key/key/key.core/../key.ui/examples/heap/permissions/mulleretal/ReadWrite_inv1_accessible.key 
666314     DEBUG main            d.u.i.k.p.i.AbstractProblemLoader Environment load took 59.5ns 
666315     INFO  main            d.u.i.k.p.i.AbstractProblemLoader Creating init config 
668802     DEBUG main            d.u.i.k.p.i.AbstractProblemLoader Init config took 2.49s 
668838     INFO  main            d.u.i.k.p.i.AbstractProblemLoader Replaying proof ReadWrite[java.lang.Object::<inv>()].JML accessible clause.0 
668839     DEBUG main            d.u.i.k.p.i.IntermediateProofReplayer Proof replay took 3.8ns 
668940     INFO  main            d.u.i.k.p.r.p.TestFile    ... finished proof: closed. 
669478     INFO  main            d.u.i.k.p.i.AbstractProblemLoader Loading environment from /home/runner/work/key/key/key.core/../key.ui/examples/heap/permissions/mulleretal/ReadWrite_inv1_accessible.key.proof 
669478     DEBUG main            d.u.i.k.p.i.AbstractProblemLoader Environment load took 56.3ns 
669479     INFO  main            d.u.i.k.p.i.AbstractProblemLoader Creating init config 
671882     DEBUG main            d.u.i.k.p.i.AbstractProblemLoader Init config took 2.4s 
671913     INFO  main            d.u.i.k.p.i.AbstractProblemLoader Replaying proof ReadWrite[java.lang.Object::<inv>()].JML accessible clause.0 
671915     DEBUG main            d.u.i.k.p.i.IntermediateProofReplayer Proof replay took 1.21ms 
671916     DEBUG main            d.u.i.k.p.r.p.TestFile    ... success: reloaded. 
671916     INFO  main            d.u.i.k.p.r.p.TestFile    Now processing file /home/runner/work/key/key/key.core/../key.ui/examples/heap/permissions/mulleretal/ReadWrite_inv2_accessible.key 
671917     INFO  main            d.u.i.k.p.i.AbstractProblemLoader Loading environment from /home/runner/work/key/key/key.core/../key.ui/examples/heap/permissions/mulleretal/ReadWrite_inv2_accessible.key 
671917     DEBUG main            d.u.i.k.p.i.AbstractProblemLoader Environment load took 63.7ns 
671917     INFO  main            d.u.i.k.p.i.AbstractProblemLoader Creating init config 
674461     DEBUG main            d.u.i.k.p.i.AbstractProblemLoader Init config took 2.54s 
674497     INFO  main            d.u.i.k.p.i.AbstractProblemLoader Replaying proof ReadWrite[java.lang.Object::<inv>()].JML accessible clause.1 
674499     DEBUG main            d.u.i.k.p.i.IntermediateProofReplayer Proof replay took 3.5ns 
674600     INFO  main            d.u.i.k.p.r.p.TestFile    ... finished proof: closed. 
675147     INFO  main            d.u.i.k.p.i.AbstractProblemLoader Loading environment from /home/runner/work/key/key/key.core/../key.ui/examples/heap/permissions/mulleretal/ReadWrite_inv2_accessible.key.proof 
675147     DEBUG main            d.u.i.k.p.i.AbstractProblemLoader Environment load took 60.8ns 
675148     INFO  main            d.u.i.k.p.i.AbstractProblemLoader Creating init config 
677530     DEBUG main            d.u.i.k.p.i.AbstractProblemLoader Init config took 2.38s 
677560     INFO  main            d.u.i.k.p.i.AbstractProblemLoader Replaying proof ReadWrite[java.lang.Object::<inv>()].JML accessible clause.1 
677562     DEBUG main            d.u.i.k.p.i.IntermediateProofReplayer Proof replay took 1.24ms 
677563     DEBUG main            d.u.i.k.p.r.p.TestFile    ... success: reloaded. 
677563     INFO  main            d.u.i.k.p.r.p.TestFile    Now processing file /home/runner/work/key/key/key.core/../key.ui/examples/heap/permissions/lockspec/Counter_lockConsistent_contract.key 
677563     INFO  main            d.u.i.k.p.i.AbstractProblemLoader Loading environment from /home/runner/work/key/key/key.core/../key.ui/examples/heap/permissions/lockspec/Counter_lockConsistent_contract.key 
677564     DEBUG main            d.u.i.k.p.i.AbstractProblemLoader Environment load took 61.7ns 
677564     INFO  main            d.u.i.k.p.i.AbstractProblemLoader Creating init config 
680587     DEBUG main            d.u.i.k.p.i.AbstractProblemLoader Init config took 3.02s 
680676     INFO  main            d.u.i.k.p.i.AbstractProblemLoader Replaying proof Counter[LockSpec::lockConsistent()].JML model_behavior operation contract.0 
680677     DEBUG main            d.u.i.k.p.i.IntermediateProofReplayer Proof replay took 2.7ns 
681682     INFO  main            d.u.i.k.p.r.p.TestFile    ... finished proof: closed. 
682258     INFO  main            d.u.i.k.p.i.AbstractProblemLoader Loading environment from /home/runner/work/key/key/key.core/../key.ui/examples/heap/permissions/lockspec/Counter_lockConsistent_contract.key.proof 
682258     DEBUG main            d.u.i.k.p.i.AbstractProblemLoader Environment load took 65.4ns 
682259     INFO  main            d.u.i.k.p.i.AbstractProblemLoader Creating init config 
685166     DEBUG main            d.u.i.k.p.i.AbstractProblemLoader Init config took 2.91s 
685233     INFO  main            d.u.i.k.p.i.AbstractProblemLoader Replaying proof Counter[LockSpec::lockConsistent()].JML model_behavior operation contract.0 
685424     DEBUG main            d.u.i.k.p.i.IntermediateProofReplayer Proof replay took 172.31ms 
685425     DEBUG main            d.u.i.k.p.r.p.TestFile    ... success: reloaded. 
685426     INFO  main            d.u.i.k.p.r.p.TestFile    Now processing file /home/runner/work/key/key/key.core/../key.ui/examples/heap/permissions/lockspec/Counter_increase_contract.key 
685426     INFO  main            d.u.i.k.p.i.AbstractProblemLoader Loading environment from /home/runner/work/key/key/key.core/../key.ui/examples/heap/permissions/lockspec/Counter_increase_contract.key 
685426     DEBUG main            d.u.i.k.p.i.AbstractProblemLoader Environment load took 126.1ns 
685427     INFO  main            d.u.i.k.p.i.AbstractProblemLoader Creating init config 
688549     DEBUG main            d.u.i.k.p.i.AbstractProblemLoader Init config took 3.12s 
688606     INFO  main            d.u.i.k.p.i.AbstractProblemLoader Replaying proof Counter[Counter::increase()].JML normal_behavior operation contract.0 
688612     DEBUG main            d.u.i.k.p.i.IntermediateProofReplayer Proof replay took 2.6ns 
690224     INFO  main            d.u.i.k.p.r.p.TestFile    ... finished proof: closed. 
690810     INFO  main            d.u.i.k.p.i.AbstractProblemLoader Loading environment from /home/runner/work/key/key/key.core/../key.ui/examples/heap/permissions/lockspec/Counter_increase_contract.key.proof 
690810     DEBUG main            d.u.i.k.p.i.AbstractProblemLoader Environment load took 313.3ns 
690811     INFO  main            d.u.i.k.p.i.AbstractProblemLoader Creating init config 
693693     DEBUG main            d.u.i.k.p.i.AbstractProblemLoader Init config took 2.88s 
693739     INFO  main            d.u.i.k.p.i.AbstractProblemLoader Replaying proof Counter[Counter::increase()].JML normal_behavior operation contract.0 
693865     DEBUG main            d.u.i.k.p.i.IntermediateProofReplayer Proof replay took 113.94ms 
693866     DEBUG main            d.u.i.k.p.r.p.TestFile    ... success: reloaded. 
693874     INFO  main            d.u.i.k.p.r.p.TestFile    Now processing file /home/runner/work/key/key/key.core/../key.ui/examples/heap/permissions/lockspec/Counter_fp_accessible.key 
693874     INFO  main            d.u.i.k.p.i.AbstractProblemLoader Loading environment from /home/runner/work/key/key/key.core/../key.ui/examples/heap/permissions/lockspec/Counter_fp_accessible.key 
693874     DEBUG main            d.u.i.k.p.i.AbstractProblemLoader Environment load took 63.5ns 
693875     INFO  main            d.u.i.k.p.i.AbstractProblemLoader Creating init config 
696765     DEBUG main            d.u.i.k.p.i.AbstractProblemLoader Init config took 2.89s 
696821     INFO  main            d.u.i.k.p.i.AbstractProblemLoader Replaying proof Counter[LockSpec::fp()].JML accessible clause.0 
696822     DEBUG main            d.u.i.k.p.i.IntermediateProofReplayer Proof replay took 2.4ns 
696923     INFO  main            d.u.i.k.p.r.p.TestFile    ... finished proof: closed. 
697478     INFO  main            d.u.i.k.p.i.AbstractProblemLoader Loading environment from /home/runner/work/key/key/key.core/../key.ui/examples/heap/permissions/lockspec/Counter_fp_accessible.key.proof 
697478     DEBUG main            d.u.i.k.p.i.AbstractProblemLoader Environment load took 58.8ns 
697479     INFO  main            d.u.i.k.p.i.AbstractProblemLoader Creating init config 
700322     DEBUG main            d.u.i.k.p.i.AbstractProblemLoader Init config took 2.84s 
700387     INFO  main            d.u.i.k.p.i.AbstractProblemLoader Replaying proof Counter[LockSpec::fp()].JML accessible clause.0 
700395     DEBUG main            d.u.i.k.p.i.IntermediateProofReplayer Proof replay took 6.71ms 
700396     DEBUG main            d.u.i.k.p.r.p.TestFile    ... success: reloaded. 
700397     INFO  main            d.u.i.k.p.r.p.TestFile    Now processing file /home/runner/work/key/key/key.core/../key.ui/examples/heap/permissions/lockspec/Counter_fpLock_accessible.key 
700397     INFO  main            d.u.i.k.p.i.AbstractProblemLoader Loading environment from /home/runner/work/key/key/key.core/../key.ui/examples/heap/permissions/lockspec/Counter_fpLock_accessible.key 
700397     DEBUG main            d.u.i.k.p.i.AbstractProblemLoader Environment load took 126.4ns 
700398     INFO  main            d.u.i.k.p.i.AbstractProblemLoader Creating init config 
703306     DEBUG main            d.u.i.k.p.i.AbstractProblemLoader Init config took 2.91s 
703366     INFO  main            d.u.i.k.p.i.AbstractProblemLoader Replaying proof Counter[LockSpec::fpLock()].JML accessible clause.0 
703368     DEBUG main            d.u.i.k.p.i.IntermediateProofReplayer Proof replay took 2.5ns 
703476     INFO  main            d.u.i.k.p.r.p.TestFile    ... finished proof: closed. 
704090     INFO  main            d.u.i.k.p.i.AbstractProblemLoader Loading environment from /home/runner/work/key/key/key.core/../key.ui/examples/heap/permissions/lockspec/Counter_fpLock_accessible.key.proof 
704090     DEBUG main            d.u.i.k.p.i.AbstractProblemLoader Environment load took 60.1ns 
704091     INFO  main            d.u.i.k.p.i.AbstractProblemLoader Creating init config 
706937     DEBUG main            d.u.i.k.p.i.AbstractProblemLoader Init config took 2.85s 
706993     INFO  main            d.u.i.k.p.i.AbstractProblemLoader Replaying proof Counter[LockSpec::fpLock()].JML accessible clause.0 
707001     DEBUG main            d.u.i.k.p.i.IntermediateProofReplayer Proof replay took 6.67ms 
707002     DEBUG main            d.u.i.k.p.r.p.TestFile    ... success: reloaded. 
707003     INFO  main            d.u.i.k.p.r.p.TestFile    Now processing file /home/runner/work/key/key/key.core/../key.ui/examples/heap/permissions/lockspec/Counter_fpPerm_accessible.key 
707003     INFO  main            d.u.i.k.p.i.AbstractProblemLoader Loading environment from /home/runner/work/key/key/key.core/../key.ui/examples/heap/permissions/lockspec/Counter_fpPerm_accessible.key 
707003     DEBUG main            d.u.i.k.p.i.AbstractProblemLoader Environment load took 131ns 
707004     INFO  main            d.u.i.k.p.i.AbstractProblemLoader Creating init config 
709929     DEBUG main            d.u.i.k.p.i.AbstractProblemLoader Init config took 2.93s 
709978     INFO  main            d.u.i.k.p.i.AbstractProblemLoader Replaying proof Counter[LockSpec::fpPerm()].JML accessible clause.0 
709980     DEBUG main            d.u.i.k.p.i.IntermediateProofReplayer Proof replay took 2.4ns 
710086     INFO  main            d.u.i.k.p.r.p.TestFile    ... finished proof: closed. 
710701     INFO  main            d.u.i.k.p.i.AbstractProblemLoader Loading environment from /home/runner/work/key/key/key.core/../key.ui/examples/heap/permissions/lockspec/Counter_fpPerm_accessible.key.proof 
710701     DEBUG main            d.u.i.k.p.i.AbstractProblemLoader Environment load took 60.8ns 
710702     INFO  main            d.u.i.k.p.i.AbstractProblemLoader Creating init config 
713604     DEBUG main            d.u.i.k.p.i.AbstractProblemLoader Init config took 2.9s 
713654     INFO  main            d.u.i.k.p.i.AbstractProblemLoader Replaying proof Counter[LockSpec::fpPerm()].JML accessible clause.0 
713661     DEBUG main            d.u.i.k.p.i.IntermediateProofReplayer Proof replay took 5.16ms 
713661     DEBUG main            d.u.i.k.p.r.p.TestFile    ... success: reloaded. 
713662     INFO  main            d.u.i.k.p.r.p.TestFile    Now processing file /home/runner/work/key/key/key.core/../key.ui/examples/heap/permissions/lockspec/Counter_inv_accessible1.key 
713662     INFO  main            d.u.i.k.p.i.AbstractProblemLoader Loading environment from /home/runner/work/key/key/key.core/../key.ui/examples/heap/permissions/lockspec/Counter_inv_accessible1.key 
713662     DEBUG main            d.u.i.k.p.i.AbstractProblemLoader Environment load took 84.2ns 
713663     INFO  main            d.u.i.k.p.i.AbstractProblemLoader Creating init config 
716546     DEBUG main            d.u.i.k.p.i.AbstractProblemLoader Init config took 2.88s 
716595     INFO  main            d.u.i.k.p.i.AbstractProblemLoader Replaying proof Counter[java.lang.Object::<inv>()].JML accessible clause.0 
716596     DEBUG main            d.u.i.k.p.i.IntermediateProofReplayer Proof replay took 2.8ns 
716697     INFO  main            d.u.i.k.p.r.p.TestFile    ... finished proof: closed. 
717277     INFO  main            d.u.i.k.p.i.AbstractProblemLoader Loading environment from /home/runner/work/key/key/key.core/../key.ui/examples/heap/permissions/lockspec/Counter_inv_accessible1.key.proof 
717277     DEBUG main            d.u.i.k.p.i.AbstractProblemLoader Environment load took 64.9ns 
717278     INFO  main            d.u.i.k.p.i.AbstractProblemLoader Creating init config 
720170     DEBUG main            d.u.i.k.p.i.AbstractProblemLoader Init config took 2.89s 
720220     INFO  main            d.u.i.k.p.i.AbstractProblemLoader Replaying proof Counter[java.lang.Object::<inv>()].JML accessible clause.0 
720228     DEBUG main            d.u.i.k.p.i.IntermediateProofReplayer Proof replay took 6.78ms 
720229     DEBUG main            d.u.i.k.p.r.p.TestFile    ... success: reloaded. 
720229     INFO  main            d.u.i.k.p.r.p.TestFile    Now processing file /home/runner/work/key/key/key.core/../key.ui/examples/heap/permissions/lockspec/Counter_inv_accessible2.key 
720230     INFO  main            d.u.i.k.p.i.AbstractProblemLoader Loading environment from /home/runner/work/key/key/key.core/../key.ui/examples/heap/permissions/lockspec/Counter_inv_accessible2.key 
720230     DEBUG main            d.u.i.k.p.i.AbstractProblemLoader Environment load took 146.5ns 
720231     INFO  main            d.u.i.k.p.i.AbstractProblemLoader Creating init config 
723255     DEBUG main            d.u.i.k.p.i.AbstractProblemLoader Init config took 3.02s 
723328     INFO  main            d.u.i.k.p.i.AbstractProblemLoader Replaying proof Counter[java.lang.Object::<inv>()].JML accessible clause.1 
723329     DEBUG main            d.u.i.k.p.i.IntermediateProofReplayer Proof replay took 2.9ns 
723430     INFO  main            d.u.i.k.p.r.p.TestFile    ... finished proof: closed. 
724019     INFO  main            d.u.i.k.p.i.AbstractProblemLoader Loading environment from /home/runner/work/key/key/key.core/../key.ui/examples/heap/permissions/lockspec/Counter_inv_accessible2.key.proof 
724019     DEBUG main            d.u.i.k.p.i.AbstractProblemLoader Environment load took 60.1ns 
724020     INFO  main            d.u.i.k.p.i.AbstractProblemLoader Creating init config 
726852     DEBUG main            d.u.i.k.p.i.AbstractProblemLoader Init config took 2.83s 
726909     INFO  main            d.u.i.k.p.i.AbstractProblemLoader Replaying proof Counter[java.lang.Object::<inv>()].JML accessible clause.1 
726919     DEBUG main            d.u.i.k.p.i.IntermediateProofReplayer Proof replay took 8.32ms 
726919     DEBUG main            d.u.i.k.p.r.p.TestFile    ... success: reloaded. 
726920     INFO  main            d.u.i.k.p.r.p.TestFile    Now processing file /home/runner/work/key/key/key.core/../key.ui/examples/heap/permissions/lockspec/Counter_lockRef_accessible.key 
726920     INFO  main            d.u.i.k.p.i.AbstractProblemLoader Loading environment from /home/runner/work/key/key/key.core/../key.ui/examples/heap/permissions/lockspec/Counter_lockRef_accessible.key 
726921     DEBUG main            d.u.i.k.p.i.AbstractProblemLoader Environment load took 126.8ns 
726921     INFO  main            d.u.i.k.p.i.AbstractProblemLoader Creating init config 
729897     DEBUG main            d.u.i.k.p.i.AbstractProblemLoader Init config took 2.98s 
729947     INFO  main            d.u.i.k.p.i.AbstractProblemLoader Replaying proof Counter[LockSpec::lockRef()].JML accessible clause.0 
729948     DEBUG main            d.u.i.k.p.i.IntermediateProofReplayer Proof replay took 3.2ns 
730150     INFO  main            d.u.i.k.p.r.p.TestFile    ... finished proof: closed. 
730750     INFO  main            d.u.i.k.p.i.AbstractProblemLoader Loading environment from /home/runner/work/key/key/key.core/../key.ui/examples/heap/permissions/lockspec/Counter_lockRef_accessible.key.proof 
730751     DEBUG main            d.u.i.k.p.i.AbstractProblemLoader Environment load took 65.4ns 
730751     INFO  main            d.u.i.k.p.i.AbstractProblemLoader Creating init config 
733608     DEBUG main            d.u.i.k.p.i.AbstractProblemLoader Init config took 2.86s 
733664     INFO  main            d.u.i.k.p.i.AbstractProblemLoader Replaying proof Counter[LockSpec::lockRef()].JML accessible clause.0 
733693     DEBUG main            d.u.i.k.p.i.IntermediateProofReplayer Proof replay took 27.6ms 
733694     DEBUG main            d.u.i.k.p.r.p.TestFile    ... success: reloaded. 
733695     INFO  main            d.u.i.k.p.r.p.TestFile    Now processing file /home/runner/work/key/key/key.core/../key.ui/examples/heap/permissions/lockspec/Counter_lockRef_contract1.key 
733695     INFO  main            d.u.i.k.p.i.AbstractProblemLoader Loading environment from /home/runner/work/key/key/key.core/../key.ui/examples/heap/permissions/lockspec/Counter_lockRef_contract1.key 
733695     DEBUG main            d.u.i.k.p.i.AbstractProblemLoader Environment load took 214.6ns 
733696     INFO  main            d.u.i.k.p.i.AbstractProblemLoader Creating init config 
736621     DEBUG main            d.u.i.k.p.i.AbstractProblemLoader Init config took 2.93s 
736671     INFO  main            d.u.i.k.p.i.AbstractProblemLoader Replaying proof Counter[LockSpec::lockRef()].JML model_behavior operation contract.0 
736672     DEBUG main            d.u.i.k.p.i.IntermediateProofReplayer Proof replay took 3.2ns 
736773     INFO  main            d.u.i.k.p.r.p.TestFile    ... finished proof: closed. 
737366     INFO  main            d.u.i.k.p.i.AbstractProblemLoader Loading environment from /home/runner/work/key/key/key.core/../key.ui/examples/heap/permissions/lockspec/Counter_lockRef_contract1.key.proof 
737367     DEBUG main            d.u.i.k.p.i.AbstractProblemLoader Environment load took 61.3ns 
737367     INFO  main            d.u.i.k.p.i.AbstractProblemLoader Creating init config 
740280     DEBUG main            d.u.i.k.p.i.AbstractProblemLoader Init config took 2.91s 
740329     INFO  main            d.u.i.k.p.i.AbstractProblemLoader Replaying proof Counter[LockSpec::lockRef()].JML model_behavior operation contract.0 
740333     DEBUG main            d.u.i.k.p.i.IntermediateProofReplayer Proof replay took 2.88ms 
740334     DEBUG main            d.u.i.k.p.r.p.TestFile    ... success: reloaded. 
740334     INFO  main            d.u.i.k.p.r.p.TestFile    Now processing file /home/runner/work/key/key/key.core/../key.ui/examples/heap/permissions/lockspec/Counter_lockRef_contract2.key 
740335     INFO  main            d.u.i.k.p.i.AbstractProblemLoader Loading environment from /home/runner/work/key/key/key.core/../key.ui/examples/heap/permissions/lockspec/Counter_lockRef_contract2.key 
740335     DEBUG main            d.u.i.k.p.i.AbstractProblemLoader Environment load took 82.2ns 
740335     INFO  main            d.u.i.k.p.i.AbstractProblemLoader Creating init config 
743264     DEBUG main            d.u.i.k.p.i.AbstractProblemLoader Init config took 2.93s 
743319     INFO  main            d.u.i.k.p.i.AbstractProblemLoader Replaying proof Counter[Counter::lockRef()].JML model_behavior operation contract.0 
743321     DEBUG main            d.u.i.k.p.i.IntermediateProofReplayer Proof replay took 3ns 
743422     INFO  main            d.u.i.k.p.r.p.TestFile    ... finished proof: closed. 
744028     INFO  main            d.u.i.k.p.i.AbstractProblemLoader Loading environment from /home/runner/work/key/key/key.core/../key.ui/examples/heap/permissions/lockspec/Counter_lockRef_contract2.key.proof 
744028     DEBUG main            d.u.i.k.p.i.AbstractProblemLoader Environment load took 57.8ns 
744029     INFO  main            d.u.i.k.p.i.AbstractProblemLoader Creating init config 
746884     DEBUG main            d.u.i.k.p.i.AbstractProblemLoader Init config took 2.86s 
746941     INFO  main            d.u.i.k.p.i.AbstractProblemLoader Replaying proof Counter[Counter::lockRef()].JML model_behavior operation contract.0 
746945     DEBUG main            d.u.i.k.p.i.IntermediateProofReplayer Proof replay took 3.4ms 
746946     DEBUG main            d.u.i.k.p.r.p.TestFile    ... success: reloaded. 
746947     INFO  main            d.u.i.k.p.r.p.TestFile    Now processing file /home/runner/work/key/key/key.core/../key.ui/examples/heap/permissions/lockspec/Counter_lockState_accessible.key 
746947     INFO  main            d.u.i.k.p.i.AbstractProblemLoader Loading environment from /home/runner/work/key/key/key.core/../key.ui/examples/heap/permissions/lockspec/Counter_lockState_accessible.key 
746947     DEBUG main            d.u.i.k.p.i.AbstractProblemLoader Environment load took 65.9ns 
746948     INFO  main            d.u.i.k.p.i.AbstractProblemLoader Creating init config 
749916     DEBUG main            d.u.i.k.p.i.AbstractProblemLoader Init config took 2.97s 
749966     INFO  main            d.u.i.k.p.i.AbstractProblemLoader Replaying proof Counter[LockSpec::lockState(boolean)].JML accessible clause.0 
749967     DEBUG main            d.u.i.k.p.i.IntermediateProofReplayer Proof replay took 2.4ns 
750269     INFO  main            d.u.i.k.p.r.p.TestFile    ... finished proof: closed. 
750870     INFO  main            d.u.i.k.p.i.AbstractProblemLoader Loading environment from /home/runner/work/key/key/key.core/../key.ui/examples/heap/permissions/lockspec/Counter_lockState_accessible.key.proof 
750870     DEBUG main            d.u.i.k.p.i.AbstractProblemLoader Environment load took 63.2ns 
750871     INFO  main            d.u.i.k.p.i.AbstractProblemLoader Creating init config 
753890     DEBUG main            d.u.i.k.p.i.AbstractProblemLoader Init config took 3.02s 
753947     INFO  main            d.u.i.k.p.i.AbstractProblemLoader Replaying proof Counter[LockSpec::lockState(boolean)].JML accessible clause.0 
754012     DEBUG main            d.u.i.k.p.i.IntermediateProofReplayer Proof replay took 62.51ms 
754013     DEBUG main            d.u.i.k.p.r.p.TestFile    ... success: reloaded. 
754014     INFO  main            d.u.i.k.p.r.p.TestFile    Now processing file /home/runner/work/key/key/key.core/../key.ui/examples/heap/permissions/lockspec/Counter_lockStatus_accessible.key 
754016     INFO  main            d.u.i.k.p.i.AbstractProblemLoader Loading environment from /home/runner/work/key/key/key.core/../key.ui/examples/heap/permissions/lockspec/Counter_lockStatus_accessible.key 
754016     DEBUG main            d.u.i.k.p.i.AbstractProblemLoader Environment load took 162ns 
754017     INFO  main            d.u.i.k.p.i.AbstractProblemLoader Creating init config 
756915     DEBUG main            d.u.i.k.p.i.AbstractProblemLoader Init config took 2.9s 
756982     INFO  main            d.u.i.k.p.i.AbstractProblemLoader Replaying proof Counter[LockSpec::lockStatus(boolean)].JML accessible clause.0 
756987     DEBUG main            d.u.i.k.p.i.IntermediateProofReplayer Proof replay took 3.9ns 
757091     INFO  main            d.u.i.k.p.r.p.TestFile    ... finished proof: closed. 
757709     INFO  main            d.u.i.k.p.i.AbstractProblemLoader Loading environment from /home/runner/work/key/key/key.core/../key.ui/examples/heap/permissions/lockspec/Counter_lockStatus_accessible.key.proof 
757710     DEBUG main            d.u.i.k.p.i.AbstractProblemLoader Environment load took 62.4ns 
757710     INFO  main            d.u.i.k.p.i.AbstractProblemLoader Creating init config 
760553     DEBUG main            d.u.i.k.p.i.AbstractProblemLoader Init config took 2.84s 
760623     INFO  main            d.u.i.k.p.i.AbstractProblemLoader Replaying proof Counter[LockSpec::lockStatus(boolean)].JML accessible clause.0 
760640     DEBUG main            d.u.i.k.p.i.IntermediateProofReplayer Proof replay took 15.67ms 
760641     DEBUG main            d.u.i.k.p.r.p.TestFile    ... success: reloaded. 
760642     INFO  main            d.u.i.k.p.r.p.TestFile    Now processing file /home/runner/work/key/key/key.core/../key.ui/examples/heap/permissions/lockspec/Counter_lockTransfer_accessible.key 
760642     INFO  main            d.u.i.k.p.i.AbstractProblemLoader Loading environment from /home/runner/work/key/key/key.core/../key.ui/examples/heap/permissions/lockspec/Counter_lockTransfer_accessible.key 
760642     DEBUG main            d.u.i.k.p.i.AbstractProblemLoader Environment load took 131.4ns 
760643     INFO  main            d.u.i.k.p.i.AbstractProblemLoader Creating init config 
763592     DEBUG main            d.u.i.k.p.i.AbstractProblemLoader Init config took 2.95s 
763642     INFO  main            d.u.i.k.p.i.AbstractProblemLoader Replaying proof Counter[LockSpec::lockTransfer()].JML accessible clause.0 
763643     DEBUG main            d.u.i.k.p.i.IntermediateProofReplayer Proof replay took 2.9ns 
763945     INFO  main            d.u.i.k.p.r.p.TestFile    ... finished proof: closed. 
764572     INFO  main            d.u.i.k.p.i.AbstractProblemLoader Loading environment from /home/runner/work/key/key/key.core/../key.ui/examples/heap/permissions/lockspec/Counter_lockTransfer_accessible.key.proof 
764572     DEBUG main            d.u.i.k.p.i.AbstractProblemLoader Environment load took 63.8ns 
764573     INFO  main            d.u.i.k.p.i.AbstractProblemLoader Creating init config 
767509     DEBUG main            d.u.i.k.p.i.AbstractProblemLoader Init config took 2.94s 
767575     INFO  main            d.u.i.k.p.i.AbstractProblemLoader Replaying proof Counter[LockSpec::lockTransfer()].JML accessible clause.0 
767634     DEBUG main            d.u.i.k.p.i.IntermediateProofReplayer Proof replay took 56.35ms 
767635     DEBUG main            d.u.i.k.p.r.p.TestFile    ... success: reloaded. 
767636     INFO  main            d.u.i.k.p.r.p.TestFile    Now processing file /home/runner/work/key/key/key.core/../key.ui/examples/heap/permissions/lockspec/Counter_unlockTransfer_accessible.key 
767636     INFO  main            d.u.i.k.p.i.AbstractProblemLoader Loading environment from /home/runner/work/key/key/key.core/../key.ui/examples/heap/permissions/lockspec/Counter_unlockTransfer_accessible.key 
767636     DEBUG main            d.u.i.k.p.i.AbstractProblemLoader Environment load took 151.7ns 
767637     INFO  main            d.u.i.k.p.i.AbstractProblemLoader Creating init config 
770592     DEBUG main            d.u.i.k.p.i.AbstractProblemLoader Init config took 2.95s 
770647     INFO  main            d.u.i.k.p.i.AbstractProblemLoader Replaying proof Counter[LockSpec::unlockTransfer()].JML accessible clause.0 
770649     DEBUG main            d.u.i.k.p.i.IntermediateProofReplayer Proof replay took 2.8ns 
771052     INFO  main            d.u.i.k.p.r.p.TestFile    ... finished proof: closed. 
771695     INFO  main            d.u.i.k.p.i.AbstractProblemLoader Loading environment from /home/runner/work/key/key/key.core/../key.ui/examples/heap/permissions/lockspec/Counter_unlockTransfer_accessible.key.proof 
771695     DEBUG main            d.u.i.k.p.i.AbstractProblemLoader Environment load took 65.3ns 
771696     INFO  main            d.u.i.k.p.i.AbstractProblemLoader Creating init config 
774577     DEBUG main            d.u.i.k.p.i.AbstractProblemLoader Init config took 2.88s 
774633     INFO  main            d.u.i.k.p.i.AbstractProblemLoader Replaying proof Counter[LockSpec::unlockTransfer()].JML accessible clause.0 
774683     DEBUG main            d.u.i.k.p.i.IntermediateProofReplayer Proof replay took 47.98ms 
774684     DEBUG main            d.u.i.k.p.r.p.TestFile    ... success: reloaded. 
774685     INFO  main            d.u.i.k.p.r.p.TestFile    Now processing file /home/runner/work/key/key/key.core/../key.ui/examples/heap/permissions/threads/Plotter_startTransfer_contract.proof 
774685     INFO  main            d.u.i.k.p.i.AbstractProblemLoader Loading environment from /home/runner/work/key/key/key.core/../key.ui/examples/heap/permissions/threads/Plotter_startTransfer_contract.proof 
774686     DEBUG main            d.u.i.k.p.i.AbstractProblemLoader Environment load took 129.1ns 
774687     INFO  main            d.u.i.k.p.i.AbstractProblemLoader Creating init config 
779138     DEBUG main            d.u.i.k.p.i.AbstractProblemLoader Init config took 4.45s 
779219     INFO  main            d.u.i.k.p.i.AbstractProblemLoader Replaying proof Plotter[ThreadSpec2::startTransfer()].JML model_behavior operation contract.0 
779334     DEBUG main            d.u.i.k.p.i.IntermediateProofReplayer Proof replay took 102.93ms 
779335     INFO  main            d.u.i.k.p.r.p.TestFile    ... success: loaded 
779336     INFO  main            d.u.i.k.p.r.p.TestFile    Now processing file /home/runner/work/key/key/key.core/../key.ui/examples/heap/permissions/threads/Plotter_startTransfer_accessible.proof 
779336     INFO  main            d.u.i.k.p.i.AbstractProblemLoader Loading environment from /home/runner/work/key/key/key.core/../key.ui/examples/heap/permissions/threads/Plotter_startTransfer_accessible.proof 
779336     DEBUG main            d.u.i.k.p.i.AbstractProblemLoader Environment load took 169.4ns 
779337     INFO  main            d.u.i.k.p.i.AbstractProblemLoader Creating init config 
783740     DEBUG main            d.u.i.k.p.i.AbstractProblemLoader Init config took 4.4s 
783819     INFO  main            d.u.i.k.p.i.AbstractProblemLoader Replaying proof Plotter[ThreadSpec2::startTransfer()].JML accessible clause.0 
783877     DEBUG main            d.u.i.k.p.i.IntermediateProofReplayer Proof replay took 55ms 
783877     INFO  main            d.u.i.k.p.r.p.TestFile    ... success: loaded 
783878     INFO  main            d.u.i.k.p.r.p.TestFile    Now processing file /home/runner/work/key/key/key.core/../key.ui/examples/heap/permissions/threads/Plotter_joinTransfer_accessible.proof 
783878     INFO  main            d.u.i.k.p.i.AbstractProblemLoader Loading environment from /home/runner/work/key/key/key.core/../key.ui/examples/heap/permissions/threads/Plotter_joinTransfer_accessible.proof 
783878     DEBUG main            d.u.i.k.p.i.AbstractProblemLoader Environment load took 59.5ns 
783879     INFO  main            d.u.i.k.p.i.AbstractProblemLoader Creating init config 
788327     DEBUG main            d.u.i.k.p.i.AbstractProblemLoader Init config took 4.45s 
788406     INFO  main            d.u.i.k.p.i.AbstractProblemLoader Replaying proof Plotter[ThreadSpec2::joinTransfer()].JML accessible clause.0 
788412     WARN  main            d.u.i.k.p.i.IntermediateProofReplayer Proof contains wrong number of \assumes instatiations for Definition_axiom_for_stateInv_in_Plotter 
788414     WARN  main            d.u.i.k.p.i.IntermediateProofReplayer Proof contains wrong number of \assumes instatiations for Definition_axiom_for_stateInv_in_Plotter 
788416     WARN  main            d.u.i.k.p.i.IntermediateProofReplayer Proof contains wrong number of \assumes instatiations for Definition_axiom_for_workingPermissions_in_Plotter 
788416     WARN  main            d.u.i.k.p.i.IntermediateProofReplayer Proof contains wrong number of \assumes instatiations for Definition_axiom_for_staticPermissions_in_Plotter 
788417     WARN  main            d.u.i.k.p.i.IntermediateProofReplayer Proof contains wrong number of \assumes instatiations for Definition_axiom_for_joinTransfer_in_Plotter 
788421     WARN  main            d.u.i.k.p.i.IntermediateProofReplayer Proof contains wrong number of \assumes instatiations for Definition_axiom_for_stateInv_in_BFilter 
788423     WARN  main            d.u.i.k.p.i.IntermediateProofReplayer Proof contains wrong number of \assumes instatiations for Definition_axiom_for_stateInv_in_AFilter 
788424     WARN  main            d.u.i.k.p.i.IntermediateProofReplayer Proof contains wrong number of \assumes instatiations for Definition_axiom_for_stateInv_in_BFilter 
788425     WARN  main            d.u.i.k.p.i.IntermediateProofReplayer Proof contains wrong number of \assumes instatiations for Definition_axiom_for_stateInv_in_AFilter 
788426     WARN  main            d.u.i.k.p.i.IntermediateProofReplayer Proof contains wrong number of \assumes instatiations for Definition_axiom_for_staticPermissions_in_AFilter 
788427     WARN  main            d.u.i.k.p.i.IntermediateProofReplayer Proof contains wrong number of \assumes instatiations for Definition_axiom_for_staticPermissions_in_Plotter 
788427     WARN  main            d.u.i.k.p.i.IntermediateProofReplayer Proof contains wrong number of \assumes instatiations for Definition_axiom_for_staticPermissions_in_BFilter 
788428     WARN  main            d.u.i.k.p.i.IntermediateProofReplayer Proof contains wrong number of \assumes instatiations for Definition_axiom_for_workingPermissions_in_Plotter 
788428     WARN  main            d.u.i.k.p.i.IntermediateProofReplayer Proof contains wrong number of \assumes instatiations for Definition_axiom_for_stateInv_in_Sampler 
788429     WARN  main            d.u.i.k.p.i.IntermediateProofReplayer Proof contains wrong number of \assumes instatiations for Definition_axiom_for_stateInv_in_Sampler 
788429     WARN  main            d.u.i.k.p.i.IntermediateProofReplayer Proof contains wrong number of \assumes instatiations for Definition_axiom_for_staticPermissions_in_Sampler 
788430     WARN  main            d.u.i.k.p.i.IntermediateProofReplayer Proof contains wrong number of \assumes instatiations for Definition_axiom_for_staticPermissions_in_BFilter 
788430     WARN  main            d.u.i.k.p.i.IntermediateProofReplayer Proof contains wrong number of \assumes instatiations for Definition_axiom_for_staticPermissions_in_AFilter 
788431     WARN  main            d.u.i.k.p.i.IntermediateProofReplayer Proof contains wrong number of \assumes instatiations for Definition_axiom_for_staticPermissions_in_Sampler 
788431     WARN  main            d.u.i.k.p.i.IntermediateProofReplayer Proof contains wrong number of \assumes instatiations for Definition_axiom_for_staticPermissions_in_Sampler 
788432     WARN  main            d.u.i.k.p.i.IntermediateProofReplayer Proof contains wrong number of \assumes instatiations for Definition_axiom_for_staticPermissions_in_Sampler 
788432     WARN  main            d.u.i.k.p.i.IntermediateProofReplayer Proof contains wrong number of \assumes instatiations for Definition_axiom_for_joinTransfer_in_Plotter 
788505     DEBUG main            d.u.i.k.p.i.IntermediateProofReplayer Proof replay took 95.61ms 
788509     INFO  main            d.u.i.k.p.r.p.TestFile    ... success: loaded 
4912064    INFO  Test worker     d.u.i.k.p.r.RunAllProofsTestUnit Returning from test permissionHeap 
4912065    INFO  Test worker     d.u.i.k.p.r.RunAllProofsTestUnit Running test completionScopes 
336        INFO  Timeout watchdog d.u.i.k.p.r.p.ForkedTestFileRunner Timeout watcher launched (2000 secs.) 
345        WARN  main            d.u.i.k.s.ProofSettings   The settings in /home/runner/.key/proof-settings.props are *not* read. 
394        INFO  main            d.u.i.k.p.r.p.TestFile    Now processing file /home/runner/work/key/key/key.core/../key.ui/examples/completionscopes/testCcatchReturnVal.key 
545        INFO  main            d.u.i.k.p.i.AbstractProblemLoader Loading environment from /home/runner/work/key/key/key.core/../key.ui/examples/completionscopes/testCcatchReturnVal.key 
561        DEBUG main            d.u.i.k.p.i.AbstractProblemLoader Environment load took 2.18ms 
779        INFO  main            d.u.i.k.p.i.AbstractProblemLoader Creating init config 
1470       DEBUG main            d.u.i.k.j.TypeConverter   No LDT found for Meta 
1471       DEBUG main            d.u.i.k.j.TypeConverter   No LDT found for Meta 
1473       DEBUG main            d.u.i.k.j.TypeConverter   No LDT found for Meta 
1473       DEBUG main            d.u.i.k.j.TypeConverter   No LDT found for Meta 
2833       DEBUG main            d.u.i.k.j.TypeConverter   No LDT found for JavaBigintExpression 
7718       DEBUG main            d.u.i.k.p.i.AbstractProblemLoader Init config took 6.94s 
7857       INFO  main            d.u.i.k.p.i.AbstractProblemLoader Replaying proof CompletionScopes[CompletionScopes::testCcatchReturnVal()].JML normal_behavior operation contract.0 
7892       DEBUG main            d.u.i.k.p.i.IntermediateProofReplayer Proof replay took 31.8ns 
8455       INFO  main            d.u.i.k.p.r.p.TestFile    ... finished proof: closed. 
8555       INFO  main            d.u.i.k.p.i.AbstractProblemLoader Loading environment from /home/runner/work/key/key/key.core/../key.ui/examples/completionscopes/testCcatchReturnVal.key.proof 
8555       DEBUG main            d.u.i.k.p.i.AbstractProblemLoader Environment load took 138.4ns 
8557       INFO  main            d.u.i.k.p.i.AbstractProblemLoader Creating init config 
11311      DEBUG main            d.u.i.k.p.i.AbstractProblemLoader Init config took 2.75s 
11393      INFO  main            d.u.i.k.p.i.AbstractProblemLoader Replaying proof CompletionScopes[CompletionScopes::testCcatchReturnVal()].JML normal_behavior operation contract.0 
11456      DEBUG main            d.u.i.k.p.i.IntermediateProofReplayer Proof replay took 58.42ms 
11469      DEBUG main            d.u.i.k.p.r.p.TestFile    ... success: reloaded. 
11472      INFO  main            d.u.i.k.p.r.p.TestFile    Now processing file /home/runner/work/key/key/key.core/../key.ui/examples/completionscopes/testMultCcatchClauses.key 
11473      INFO  main            d.u.i.k.p.i.AbstractProblemLoader Loading environment from /home/runner/work/key/key/key.core/../key.ui/examples/completionscopes/testMultCcatchClauses.key 
11473      DEBUG main            d.u.i.k.p.i.AbstractProblemLoader Environment load took 129.4ns 
11474      INFO  main            d.u.i.k.p.i.AbstractProblemLoader Creating init config 
14157      DEBUG main            d.u.i.k.p.i.AbstractProblemLoader Init config took 2.68s 
14217      INFO  main            d.u.i.k.p.i.AbstractProblemLoader Replaying proof CompletionScopes[CompletionScopes::testMultCcatchClauses()].JML normal_behavior operation contract.0 
14219      DEBUG main            d.u.i.k.p.i.IntermediateProofReplayer Proof replay took 5.7ns 
14523      INFO  main            d.u.i.k.p.r.p.TestFile    ... finished proof: closed. 
14649      INFO  main            d.u.i.k.p.i.AbstractProblemLoader Loading environment from /home/runner/work/key/key/key.core/../key.ui/examples/completionscopes/testMultCcatchClauses.key.proof 
14650      DEBUG main            d.u.i.k.p.i.AbstractProblemLoader Environment load took 327.4ns 
14651      INFO  main            d.u.i.k.p.i.AbstractProblemLoader Creating init config 
17229      DEBUG main            d.u.i.k.p.i.AbstractProblemLoader Init config took 2.58s 
17281      INFO  main            d.u.i.k.p.i.AbstractProblemLoader Replaying proof CompletionScopes[CompletionScopes::testMultCcatchClauses()].JML normal_behavior operation contract.0 
17359      DEBUG main            d.u.i.k.p.i.IntermediateProofReplayer Proof replay took 74.55ms 
17363      DEBUG main            d.u.i.k.p.r.p.TestFile    ... success: reloaded. 
17364      INFO  main            d.u.i.k.p.r.p.TestFile    Now processing file /home/runner/work/key/key/key.core/../key.ui/examples/completionscopes/testNestedExec.key 
17365      INFO  main            d.u.i.k.p.i.AbstractProblemLoader Loading environment from /home/runner/work/key/key/key.core/../key.ui/examples/completionscopes/testNestedExec.key 
17365      DEBUG main            d.u.i.k.p.i.AbstractProblemLoader Environment load took 169.2ns 
17366      INFO  main            d.u.i.k.p.i.AbstractProblemLoader Creating init config 
19988      DEBUG main            d.u.i.k.p.i.AbstractProblemLoader Init config took 2.62s 
20038      INFO  main            d.u.i.k.p.i.AbstractProblemLoader Replaying proof CompletionScopes[CompletionScopes::testMultCcatchClauses()].JML normal_behavior operation contract.0 
20040      DEBUG main            d.u.i.k.p.i.IntermediateProofReplayer Proof replay took 5.5ns 
20344      INFO  main            d.u.i.k.p.r.p.TestFile    ... finished proof: closed. 
20476      INFO  main            d.u.i.k.p.i.AbstractProblemLoader Loading environment from /home/runner/work/key/key/key.core/../key.ui/examples/completionscopes/testNestedExec.key.proof 
20477      DEBUG main            d.u.i.k.p.i.AbstractProblemLoader Environment load took 111.3ns 
20478      INFO  main            d.u.i.k.p.i.AbstractProblemLoader Creating init config 
22985      DEBUG main            d.u.i.k.p.i.AbstractProblemLoader Init config took 2.51s 
23030      INFO  main            d.u.i.k.p.i.AbstractProblemLoader Replaying proof CompletionScopes[CompletionScopes::testMultCcatchClauses()].JML normal_behavior operation contract.0 
23084      DEBUG main            d.u.i.k.p.i.IntermediateProofReplayer Proof replay took 51.51ms 
23085      DEBUG main            d.u.i.k.p.r.p.TestFile    ... success: reloaded. 
23087      INFO  main            d.u.i.k.p.r.p.TestFile    Now processing file /home/runner/work/key/key/key.core/../key.ui/examples/completionscopes/testCcatchBreakLabel.key 
23087      INFO  main            d.u.i.k.p.i.AbstractProblemLoader Loading environment from /home/runner/work/key/key/key.core/../key.ui/examples/completionscopes/testCcatchBreakLabel.key 
23087      DEBUG main            d.u.i.k.p.i.AbstractProblemLoader Environment load took 157.8ns 
23088      INFO  main            d.u.i.k.p.i.AbstractProblemLoader Creating init config 
25606      DEBUG main            d.u.i.k.p.i.AbstractProblemLoader Init config took 2.52s 
25650      INFO  main            d.u.i.k.p.i.AbstractProblemLoader Replaying proof CompletionScopes[CompletionScopes::testBreakLabel()].JML normal_behavior operation contract.0 
25652      DEBUG main            d.u.i.k.p.i.IntermediateProofReplayer Proof replay took 6ns 
25669      DEBUG Thread-10       d.u.i.k.l.o.ProgramSV     Match failed: Former match of  SchemaVariable incompatible with  the current match. 
25755      INFO  main            d.u.i.k.p.r.p.TestFile    ... finished proof: closed. 
25898      INFO  main            d.u.i.k.p.i.AbstractProblemLoader Loading environment from /home/runner/work/key/key/key.core/../key.ui/examples/completionscopes/testCcatchBreakLabel.key.proof 
25898      DEBUG main            d.u.i.k.p.i.AbstractProblemLoader Environment load took 114.5ns 
25899      INFO  main            d.u.i.k.p.i.AbstractProblemLoader Creating init config 
28414      DEBUG main            d.u.i.k.p.i.AbstractProblemLoader Init config took 2.52s 
28462      INFO  main            d.u.i.k.p.i.AbstractProblemLoader Replaying proof CompletionScopes[CompletionScopes::testBreakLabel()].JML normal_behavior operation contract.0 
28474      DEBUG main            d.u.i.k.p.i.IntermediateProofReplayer Proof replay took 7.83ms 
28475      DEBUG main            d.u.i.k.p.r.p.TestFile    ... success: reloaded. 
28476      INFO  main            d.u.i.k.p.r.p.TestFile    Now processing file /home/runner/work/key/key/key.core/../key.ui/examples/completionscopes/testCcatchContinueLabel.key 
28477      INFO  main            d.u.i.k.p.i.AbstractProblemLoader Loading environment from /home/runner/work/key/key/key.core/../key.ui/examples/completionscopes/testCcatchContinueLabel.key 
28477      DEBUG main            d.u.i.k.p.i.AbstractProblemLoader Environment load took 161.4ns 
28478      INFO  main            d.u.i.k.p.i.AbstractProblemLoader Creating init config 
31001      DEBUG main            d.u.i.k.p.i.AbstractProblemLoader Init config took 2.52s 
31045      INFO  main            d.u.i.k.p.i.AbstractProblemLoader Replaying proof CompletionScopes[CompletionScopes::testContinueLabel()].JML normal_behavior operation contract.0 
31047      DEBUG main            d.u.i.k.p.i.IntermediateProofReplayer Proof replay took 5.4ns 
31070      DEBUG Thread-13       d.u.i.k.l.o.ProgramSV     Match failed: Former match of  SchemaVariable incompatible with  the current match. 
31151      INFO  main            d.u.i.k.p.r.p.TestFile    ... finished proof: closed. 
31292      INFO  main            d.u.i.k.p.i.AbstractProblemLoader Loading environment from /home/runner/work/key/key/key.core/../key.ui/examples/completionscopes/testCcatchContinueLabel.key.proof 
31292      DEBUG main            d.u.i.k.p.i.AbstractProblemLoader Environment load took 124.7ns 
31293      INFO  main            d.u.i.k.p.i.AbstractProblemLoader Creating init config 
33754      DEBUG main            d.u.i.k.p.i.AbstractProblemLoader Init config took 2.46s 
33803      INFO  main            d.u.i.k.p.i.AbstractProblemLoader Replaying proof CompletionScopes[CompletionScopes::testContinueLabel()].JML normal_behavior operation contract.0 
33813      DEBUG main            d.u.i.k.p.i.IntermediateProofReplayer Proof replay took 7.4ms 
33814      DEBUG main            d.u.i.k.p.r.p.TestFile    ... success: reloaded. 
33815      INFO  main            d.u.i.k.p.r.p.TestFile    Now processing file /home/runner/work/key/key/key.core/../key.ui/examples/completionscopes/testCcatchBreakLabelWildcard.key 
33816      INFO  main            d.u.i.k.p.i.AbstractProblemLoader Loading environment from /home/runner/work/key/key/key.core/../key.ui/examples/completionscopes/testCcatchBreakLabelWildcard.key 
33816      DEBUG main            d.u.i.k.p.i.AbstractProblemLoader Environment load took 88.7ns 
33817      INFO  main            d.u.i.k.p.i.AbstractProblemLoader Creating init config 
36312      DEBUG main            d.u.i.k.p.i.AbstractProblemLoader Init config took 2.49s 
36358      INFO  main            d.u.i.k.p.i.AbstractProblemLoader Replaying proof CompletionScopes[CompletionScopes::testBreakLabelWildcard()].JML normal_behavior operation contract.0 
36361      DEBUG main            d.u.i.k.p.i.IntermediateProofReplayer Proof replay took 6.8ns 
36380      DEBUG Thread-16       d.u.i.k.l.o.ProgramSV     Match failed: Former match of  SchemaVariable incompatible with  the current match. 
36381      DEBUG Thread-16       d.u.i.k.l.o.ProgramSV     Match failed: Former match of  SchemaVariable incompatible with  the current match. 
36468      INFO  main            d.u.i.k.p.r.p.TestFile    ... finished proof: closed. 
36614      INFO  main            d.u.i.k.p.i.AbstractProblemLoader Loading environment from /home/runner/work/key/key/key.core/../key.ui/examples/completionscopes/testCcatchBreakLabelWildcard.key.proof 
36615      DEBUG main            d.u.i.k.p.i.AbstractProblemLoader Environment load took 111ns 
36616      INFO  main            d.u.i.k.p.i.AbstractProblemLoader Creating init config 
39101      DEBUG main            d.u.i.k.p.i.AbstractProblemLoader Init config took 2.49s 
39142      INFO  main            d.u.i.k.p.i.AbstractProblemLoader Replaying proof CompletionScopes[CompletionScopes::testBreakLabelWildcard()].JML normal_behavior operation contract.0 
39150      DEBUG main            d.u.i.k.p.i.IntermediateProofReplayer Proof replay took 6.42ms 
39151      DEBUG main            d.u.i.k.p.r.p.TestFile    ... success: reloaded. 
39152      INFO  main            d.u.i.k.p.r.p.TestFile    Now processing file /home/runner/work/key/key/key.core/../key.ui/examples/completionscopes/testCcatchContinueLabelWildcard.key 
39152      INFO  main            d.u.i.k.p.i.AbstractProblemLoader Loading environment from /home/runner/work/key/key/key.core/../key.ui/examples/completionscopes/testCcatchContinueLabelWildcard.key 
39152      DEBUG main            d.u.i.k.p.i.AbstractProblemLoader Environment load took 86.5ns 
39153      INFO  main            d.u.i.k.p.i.AbstractProblemLoader Creating init config 
41659      DEBUG main            d.u.i.k.p.i.AbstractProblemLoader Init config took 2.51s 
41699      INFO  main            d.u.i.k.p.i.AbstractProblemLoader Replaying proof CompletionScopes[CompletionScopes::testContinueLabelWildcard()].JML normal_behavior operation contract.0 
41700      DEBUG main            d.u.i.k.p.i.IntermediateProofReplayer Proof replay took 6.1ns 
41716      DEBUG Thread-19       d.u.i.k.l.o.ProgramSV     Match failed: Former match of  SchemaVariable incompatible with  the current match. 
41717      DEBUG Thread-19       d.u.i.k.l.o.ProgramSV     Match failed: Former match of  SchemaVariable incompatible with  the current match. 
41802      INFO  main            d.u.i.k.p.r.p.TestFile    ... finished proof: closed. 
41954      INFO  main            d.u.i.k.p.i.AbstractProblemLoader Loading environment from /home/runner/work/key/key/key.core/../key.ui/examples/completionscopes/testCcatchContinueLabelWildcard.key.proof 
41954      DEBUG main            d.u.i.k.p.i.AbstractProblemLoader Environment load took 173.3ns 
41955      INFO  main            d.u.i.k.p.i.AbstractProblemLoader Creating init config 
44411      DEBUG main            d.u.i.k.p.i.AbstractProblemLoader Init config took 2.46s 
44466      INFO  main            d.u.i.k.p.i.AbstractProblemLoader Replaying proof CompletionScopes[CompletionScopes::testContinueLabelWildcard()].JML normal_behavior operation contract.0 
44479      DEBUG main            d.u.i.k.p.i.IntermediateProofReplayer Proof replay took 8.72ms 
44480      DEBUG main            d.u.i.k.p.r.p.TestFile    ... success: reloaded. 
44481      INFO  main            d.u.i.k.p.r.p.TestFile    Now processing file /home/runner/work/key/key/key.core/../key.ui/examples/completionscopes/testCcatchBreakLabelNonmatchingNested.key 
44482      INFO  main            d.u.i.k.p.i.AbstractProblemLoader Loading environment from /home/runner/work/key/key/key.core/../key.ui/examples/completionscopes/testCcatchBreakLabelNonmatchingNested.key 
44482      DEBUG main            d.u.i.k.p.i.AbstractProblemLoader Environment load took 248.3ns 
44483      INFO  main            d.u.i.k.p.i.AbstractProblemLoader Creating init config 
46957      DEBUG main            d.u.i.k.p.i.AbstractProblemLoader Init config took 2.47s 
47012      INFO  main            d.u.i.k.p.i.AbstractProblemLoader Replaying proof CompletionScopes[CompletionScopes::testBreakLabelNonmatchingNested()].JML normal_behavior operation contract.0 
47013      DEBUG main            d.u.i.k.p.i.IntermediateProofReplayer Proof replay took 5.7ns 
47027      DEBUG Thread-22       d.u.i.k.l.o.ProgramSV     Match failed: Former match of  SchemaVariable incompatible with  the current match. 
47028      DEBUG Thread-22       d.u.i.k.l.o.ProgramSV     Match failed: Former match of  SchemaVariable incompatible with  the current match. 
47115      INFO  main            d.u.i.k.p.r.p.TestFile    ... finished proof: closed. 
47272      INFO  main            d.u.i.k.p.i.AbstractProblemLoader Loading environment from /home/runner/work/key/key/key.core/../key.ui/examples/completionscopes/testCcatchBreakLabelNonmatchingNested.key.proof 
47272      DEBUG main            d.u.i.k.p.i.AbstractProblemLoader Environment load took 109.5ns 
47273      INFO  main            d.u.i.k.p.i.AbstractProblemLoader Creating init config 
49710      DEBUG main            d.u.i.k.p.i.AbstractProblemLoader Init config took 2.44s 
49750      INFO  main            d.u.i.k.p.i.AbstractProblemLoader Replaying proof CompletionScopes[CompletionScopes::testBreakLabelNonmatchingNested()].JML normal_behavior operation contract.0 
49758      DEBUG main            d.u.i.k.p.i.IntermediateProofReplayer Proof replay took 6.26ms 
49759      DEBUG main            d.u.i.k.p.r.p.TestFile    ... success: reloaded. 
4961993    INFO  Test worker     d.u.i.k.p.r.RunAllProofsTestUnit Returning from test completionScopes 
4961994    INFO  Test worker     d.u.i.k.p.r.RunAllProofsTestUnit Running test reload_examples 
365        INFO  Timeout watchdog d.u.i.k.p.r.p.ForkedTestFileRunner Timeout watcher launched (2000 secs.) 
384        WARN  main            d.u.i.k.s.ProofSettings   The settings in /home/runner/.key/proof-settings.props are *not* read. 
422        INFO  main            d.u.i.k.p.r.p.TestFile    Now processing file /home/runner/work/key/key/key.core/../key.ui/examples/firstTouch/05-ReverseArray/reverseArray.key 
534        INFO  main            d.u.i.k.p.i.AbstractProblemLoader Loading environment from /home/runner/work/key/key/key.core/../key.ui/examples/firstTouch/05-ReverseArray/reverseArray.key 
551        DEBUG main            d.u.i.k.p.i.AbstractProblemLoader Environment load took 2ms 
791        INFO  main            d.u.i.k.p.i.AbstractProblemLoader Creating init config 
1737       DEBUG main            d.u.i.k.j.TypeConverter   No LDT found for Meta 
1738       DEBUG main            d.u.i.k.j.TypeConverter   No LDT found for Meta 
1739       DEBUG main            d.u.i.k.j.TypeConverter   No LDT found for Meta 
1740       DEBUG main            d.u.i.k.j.TypeConverter   No LDT found for Meta 
2888       DEBUG main            d.u.i.k.j.TypeConverter   No LDT found for JavaBigintExpression 
7868       DEBUG main            d.u.i.k.p.i.AbstractProblemLoader Init config took 7.08s 
7979       INFO  main            d.u.i.k.p.i.AbstractProblemLoader Replaying proof ReverseArray[ReverseArray::reverse()].JML normal_behavior operation contract.0 
8028       DEBUG main            d.u.i.k.p.i.IntermediateProofReplayer Proof replay took 33.7ns 
18763      INFO  main            d.u.i.k.p.r.p.TestFile    ... finished proof: closed. 
19018      INFO  main            d.u.i.k.p.i.AbstractProblemLoader Loading environment from /home/runner/work/key/key/key.core/../key.ui/examples/firstTouch/05-ReverseArray/reverseArray.key.proof 
19018      DEBUG main            d.u.i.k.p.i.AbstractProblemLoader Environment load took 336.7ns 
19024      INFO  main            d.u.i.k.p.i.AbstractProblemLoader Creating init config 
21699      DEBUG main            d.u.i.k.p.i.AbstractProblemLoader Init config took 2.68s 
21744      INFO  main            d.u.i.k.p.i.AbstractProblemLoader Replaying proof ReverseArray[ReverseArray::reverse()].JML normal_behavior operation contract.0 
22320      DEBUG main            d.u.i.k.p.i.IntermediateProofReplayer Proof replay took 500.7ms 
22334      DEBUG main            d.u.i.k.p.r.p.TestFile    ... success: reloaded. 
22337      INFO  main            d.u.i.k.p.r.p.TestFile    Now processing file /home/runner/work/key/key/key.core/../key.ui/examples/standard_key/arith/saveProofTest.key.proof 
22337      INFO  main            d.u.i.k.p.i.AbstractProblemLoader Loading environment from /home/runner/work/key/key/key.core/../key.ui/examples/standard_key/arith/saveProofTest.key.proof 
22337      DEBUG main            d.u.i.k.p.i.AbstractProblemLoader Environment load took 116.4ns 
22341      INFO  main            d.u.i.k.p.i.AbstractProblemLoader Creating init config 
24819      DEBUG main            d.u.i.k.p.i.AbstractProblemLoader Init config took 2.48s 
24847      INFO  main            d.u.i.k.p.i.AbstractProblemLoader Replaying proof saveProofTest.key.proof 
24853      DEBUG main            d.u.i.k.p.i.IntermediateProofReplayer Proof replay took 2.37ms 
24854      INFO  main            d.u.i.k.p.r.p.TestFile    ... success: loaded 
24856      INFO  main            d.u.i.k.p.r.p.TestFile    Now processing file /home/runner/work/key/key/key.core/../key.ui/examples/heap/permutedSum/perm.proof 
24856      INFO  main            d.u.i.k.p.i.AbstractProblemLoader Loading environment from /home/runner/work/key/key/key.core/../key.ui/examples/heap/permutedSum/perm.proof 
24856      DEBUG main            d.u.i.k.p.i.AbstractProblemLoader Environment load took 182.8ns 
24859      INFO  main            d.u.i.k.p.i.AbstractProblemLoader Creating init config 
27506      DEBUG main            d.u.i.k.p.i.AbstractProblemLoader Init config took 2.65s 
27575      INFO  main            d.u.i.k.p.i.AbstractProblemLoader Replaying proof Perm[Perm::foo()].JML normal_behavior operation contract.0 
28359      DEBUG main            d.u.i.k.p.i.IntermediateProofReplayer Proof replay took 739.79ms 
28361      INFO  main            d.u.i.k.p.r.p.TestFile    ... success: loaded 
28362      INFO  main            d.u.i.k.p.r.p.TestFile    Now processing file /home/runner/work/key/key/key.core/../key.ui/examples/firstTouch/05-ReverseArray/reverseArray.proof 
28363      INFO  main            d.u.i.k.p.i.AbstractProblemLoader Loading environment from /home/runner/work/key/key/key.core/../key.ui/examples/firstTouch/05-ReverseArray/reverseArray.proof 
28363      DEBUG main            d.u.i.k.p.i.AbstractProblemLoader Environment load took 82.7ns 
28365      INFO  main            d.u.i.k.p.i.AbstractProblemLoader Creating init config 
30900      DEBUG main            d.u.i.k.p.i.AbstractProblemLoader Init config took 2.53s 
30939      INFO  main            d.u.i.k.p.i.AbstractProblemLoader Replaying proof ReverseArray[ReverseArray::reverse()].JML normal_behavior operation contract.0 
31375      DEBUG main            d.u.i.k.p.i.IntermediateProofReplayer Proof replay took 401.13ms 
31378      INFO  main            d.u.i.k.p.r.p.TestFile    ... success: loaded 
31379      INFO  main            d.u.i.k.p.r.p.TestFile    Now processing file /home/runner/work/key/key/key.core/../key.ui/examples/heap/verifyThis15_1_RelaxedPrefix/relax.proof 
31380      INFO  main            d.u.i.k.p.i.AbstractProblemLoader Loading environment from /home/runner/work/key/key/key.core/../key.ui/examples/heap/verifyThis15_1_RelaxedPrefix/relax.proof 
31380      DEBUG main            d.u.i.k.p.i.AbstractProblemLoader Environment load took 163.9ns 
31381      INFO  main            d.u.i.k.p.i.AbstractProblemLoader Creating init config 
33898      DEBUG main            d.u.i.k.p.i.AbstractProblemLoader Init config took 2.52s 
33942      INFO  main            d.u.i.k.p.i.AbstractProblemLoader Replaying proof Relaxed[Relaxed::isRelaxedPrefix([I,[I)].JML operation contract.0 
34315      DEBUG main            d.u.i.k.p.i.IntermediateProofReplayer Proof replay took 357.57ms 
34317      INFO  main            d.u.i.k.p.r.p.TestFile    ... success: loaded 
34318      INFO  main            d.u.i.k.p.r.p.TestFile    Now processing file /home/runner/work/key/key/key.core/../key.ui/examples/heap/verifyThis15_3_DLL/doUndo.proof 
34318      INFO  main            d.u.i.k.p.i.AbstractProblemLoader Loading environment from /home/runner/work/key/key/key.core/../key.ui/examples/heap/verifyThis15_3_DLL/doUndo.proof 
34318      DEBUG main            d.u.i.k.p.i.AbstractProblemLoader Environment load took 164.9ns 
34320      INFO  main            d.u.i.k.p.i.AbstractProblemLoader Creating init config 
35221      DEBUG main            d.u.i.k.j.r.ClassPreparationMethodBuilder clPrepBuilder: Inner Class detected. Reject building class initialisation methods. 
37041      DEBUG main            d.u.i.k.p.i.AbstractProblemLoader Init config took 2.72s 
37136      INFO  main            d.u.i.k.p.i.AbstractProblemLoader Replaying proof DoubleLinkedList[DoubleLinkedList::doUndo(DoubleLinkedList.Node,int)].JML normal_behavior operation contract.0 
37577      DEBUG main            d.u.i.k.p.i.IntermediateProofReplayer Proof replay took 411.96ms 
37578      INFO  main            d.u.i.k.p.r.p.TestFile    ... success: loaded 
37580      INFO  main            d.u.i.k.p.r.p.TestFile    Now processing file /home/runner/work/key/key/key.core/../key.ui/examples/heap/verifyThis15_2_ParallelGcd/parallelGcd.proof 
37580      INFO  main            d.u.i.k.p.i.AbstractProblemLoader Loading environment from /home/runner/work/key/key/key.core/../key.ui/examples/heap/verifyThis15_2_ParallelGcd/parallelGcd.proof 
37580      DEBUG main            d.u.i.k.p.i.AbstractProblemLoader Environment load took 122.4ns 
37582      INFO  main            d.u.i.k.p.i.AbstractProblemLoader Creating init config 
40161      DEBUG main            d.u.i.k.p.i.AbstractProblemLoader Init config took 2.58s 
40211      INFO  main            d.u.i.k.p.i.AbstractProblemLoader Replaying proof ParallelGcd[ParallelGcd::parallelGcd(int,int,[Z)].JML behavior operation contract.0 
40647      DEBUG main            d.u.i.k.p.i.IntermediateProofReplayer Proof replay took 423.13ms 
40648      INFO  main            d.u.i.k.p.r.p.TestFile    ... success: loaded 
5002823    INFO  Test worker     d.u.i.k.p.r.RunAllProofsTestUnit Returning from test reload_examples 
5002824    INFO  Test worker     d.u.i.k.p.r.RunAllProofsTestUnit Running test proofLoadRepair 
333        INFO  Timeout watchdog d.u.i.k.p.r.p.ForkedTestFileRunner Timeout watcher launched (2000 secs.) 
340        WARN  main            d.u.i.k.s.ProofSettings   The settings in /home/runner/.key/proof-settings.props are *not* read. 
384        INFO  main            d.u.i.k.p.r.p.TestFile    Now processing file /home/runner/work/key/key/key.core/../key.ui/examples/proofLoadRepair/disjConj-manipulated.proof 
492        INFO  main            d.u.i.k.p.i.AbstractProblemLoader Loading environment from /home/runner/work/key/key/key.core/../key.ui/examples/proofLoadRepair/disjConj-manipulated.proof 
523        DEBUG main            d.u.i.k.p.i.AbstractProblemLoader Environment load took 2.17ms 
790        INFO  main            d.u.i.k.p.i.AbstractProblemLoader Creating init config 
1748       DEBUG main            d.u.i.k.j.TypeConverter   No LDT found for Meta 
1748       DEBUG main            d.u.i.k.j.TypeConverter   No LDT found for Meta 
1753       DEBUG main            d.u.i.k.j.TypeConverter   No LDT found for Meta 
1753       DEBUG main            d.u.i.k.j.TypeConverter   No LDT found for Meta 
3255       DEBUG main            d.u.i.k.j.TypeConverter   No LDT found for JavaBigintExpression 
8022       DEBUG main            d.u.i.k.p.i.AbstractProblemLoader Init config took 7.23s 
8082       INFO  main            d.u.i.k.p.i.AbstractProblemLoader Replaying proof disjConj-manipulated.proof 
8121       WARN  main            d.u.i.k.p.i.IntermediateProofReplayer Proof contains wrong number of \assumes instatiations for andLeft 
8122       WARN  main            d.u.i.k.p.i.IntermediateProofReplayer Proof contains wrong number of \assumes instatiations for replace_known_right 
8124       WARN  main            d.u.i.k.p.i.IntermediateProofReplayer Proof contains wrong number of \assumes instatiations for close 
8125       DEBUG main            d.u.i.k.p.i.IntermediateProofReplayer Proof replay took 12.11ms 
8129       INFO  main            d.u.i.k.p.r.p.TestFile    ... success: loaded 
8132       INFO  main            d.u.i.k.p.r.p.TestFile    Now processing file /home/runner/work/key/key/key.core/../key.ui/examples/proofLoadRepair/insufficient-manipulated.proof 
8133       INFO  main            d.u.i.k.p.i.AbstractProblemLoader Loading environment from /home/runner/work/key/key/key.core/../key.ui/examples/proofLoadRepair/insufficient-manipulated.proof 
8133       DEBUG main            d.u.i.k.p.i.AbstractProblemLoader Environment load took 196.2ns 
8137       INFO  main            d.u.i.k.p.i.AbstractProblemLoader Creating init config 
10694      DEBUG main            d.u.i.k.p.i.AbstractProblemLoader Init config took 2.56s 
10724      INFO  main            d.u.i.k.p.i.AbstractProblemLoader Replaying proof insufficient-manipulated.proof 
10741      WARN  main            d.u.i.k.p.i.IntermediateProofReplayer Proof contains wrong number of \assumes instatiations for applyEq 
10750      DEBUG main            d.u.i.k.p.i.IntermediateProofReplayer Proof replay took 9.45ms 
10752      INFO  main            d.u.i.k.p.r.p.TestFile    ... success: loading failed 
10753      INFO  main            d.u.i.k.p.r.p.TestFile    Now processing file /home/runner/work/key/key/key.core/../key.ui/examples/../../key.core/src/test/resources/testcase/issues/1716/incorrectPolarity.proof 
10754      INFO  main            d.u.i.k.p.i.AbstractProblemLoader Loading environment from /home/runner/work/key/key/key.core/../key.ui/examples/../../key.core/src/test/resources/testcase/issues/1716/incorrectPolarity.proof 
10754      DEBUG main            d.u.i.k.p.i.AbstractProblemLoader Environment load took 184.5ns 
10755      INFO  main            d.u.i.k.p.i.AbstractProblemLoader Creating init config 
13326      DEBUG main            d.u.i.k.p.i.AbstractProblemLoader Init config took 2.57s 
13355      INFO  main            d.u.i.k.p.i.AbstractProblemLoader Replaying proof incorrectPolarity.proof 
13357      DEBUG main            d.u.i.k.p.i.IntermediateProofReplayer Proof replay took 190.4ns 
13358      INFO  main            d.u.i.k.p.r.p.TestFile    ... success: loading failed 
13359      INFO  main            d.u.i.k.p.r.p.TestFile    Now processing file /home/runner/work/key/key/key.core/../key.ui/examples/../../key.core/src/test/resources/testcase/issues/1716/incorrectPolarity2.proof 
13359      INFO  main            d.u.i.k.p.i.AbstractProblemLoader Loading environment from /home/runner/work/key/key/key.core/../key.ui/examples/../../key.core/src/test/resources/testcase/issues/1716/incorrectPolarity2.proof 
13360      DEBUG main            d.u.i.k.p.i.AbstractProblemLoader Environment load took 178.7ns 
13361      INFO  main            d.u.i.k.p.i.AbstractProblemLoader Creating init config 
15729      DEBUG main            d.u.i.k.p.i.AbstractProblemLoader Init config took 2.37s 
15751      INFO  main            d.u.i.k.p.i.AbstractProblemLoader Replaying proof incorrectPolarity2.proof 
15753      DEBUG main            d.u.i.k.p.i.IntermediateProofReplayer Proof replay took 325ns 
15754      INFO  main            d.u.i.k.p.r.p.TestFile    ... success: loading failed 
15755      INFO  main            d.u.i.k.p.r.p.TestFile    Now processing file /home/runner/work/key/key/key.core/../key.ui/examples/../../key.core/src/test/resources/testcase/issues/1716/incorrectPolarity3.proof 
15755      INFO  main            d.u.i.k.p.i.AbstractProblemLoader Loading environment from /home/runner/work/key/key/key.core/../key.ui/examples/../../key.core/src/test/resources/testcase/issues/1716/incorrectPolarity3.proof 
15755      DEBUG main            d.u.i.k.p.i.AbstractProblemLoader Environment load took 95.2ns 
15756      INFO  main            d.u.i.k.p.i.AbstractProblemLoader Creating init config 
18099      DEBUG main            d.u.i.k.p.i.AbstractProblemLoader Init config took 2.34s 
18119      INFO  main            d.u.i.k.p.i.AbstractProblemLoader Replaying proof incorrectPolarity3.proof 
18122      DEBUG main            d.u.i.k.p.i.IntermediateProofReplayer Proof replay took 1.14ms 
18122      INFO  main            d.u.i.k.p.r.p.TestFile    ... success: loading failed 
5021125    INFO  Test worker     d.u.i.k.p.r.RunAllProofsTestUnit Returning from test proofLoadRepair 
5021126    INFO  Test worker     d.u.i.k.p.r.RunAllProofsTestUnit Running test switch 
356        INFO  Timeout watchdog d.u.i.k.p.r.p.ForkedTestFileRunner Timeout watcher launched (2000 secs.) 
374        WARN  main            d.u.i.k.s.ProofSettings   The settings in /home/runner/.key/proof-settings.props are *not* read. 
426        INFO  main            d.u.i.k.p.r.p.TestFile    Now processing file /home/runner/work/key/key/key.core/../key.ui/examples/standard_key/java_dl/switch/labeled_case.key 
554        INFO  main            d.u.i.k.p.i.AbstractProblemLoader Loading environment from /home/runner/work/key/key/key.core/../key.ui/examples/standard_key/java_dl/switch/labeled_case.key 
574        DEBUG main            d.u.i.k.p.i.AbstractProblemLoader Environment load took 1.97ms 
793        INFO  main            d.u.i.k.p.i.AbstractProblemLoader Creating init config 
1724       DEBUG main            d.u.i.k.j.TypeConverter   No LDT found for Meta 
1725       DEBUG main            d.u.i.k.j.TypeConverter   No LDT found for Meta 
1726       DEBUG main            d.u.i.k.j.TypeConverter   No LDT found for Meta 
1726       DEBUG main            d.u.i.k.j.TypeConverter   No LDT found for Meta 
3133       DEBUG main            d.u.i.k.j.TypeConverter   No LDT found for JavaBigintExpression 
8257       DEBUG main            d.u.i.k.p.i.AbstractProblemLoader Init config took 7.46s 
8382       INFO  main            d.u.i.k.p.i.AbstractProblemLoader Replaying proof LabeledCase[LabeledCase::m(int)].JML normal_behavior operation contract.0 
8413       DEBUG main            d.u.i.k.p.i.IntermediateProofReplayer Proof replay took 33.7ns 
9175       INFO  main            d.u.i.k.p.r.p.TestFile    ... finished proof: closed. 
9270       INFO  main            d.u.i.k.p.i.AbstractProblemLoader Loading environment from /home/runner/work/key/key/key.core/../key.ui/examples/standard_key/java_dl/switch/labeled_case.key.proof 
9270       DEBUG main            d.u.i.k.p.i.AbstractProblemLoader Environment load took 349.6ns 
9272       INFO  main            d.u.i.k.p.i.AbstractProblemLoader Creating init config 
12017      DEBUG main            d.u.i.k.p.i.AbstractProblemLoader Init config took 2.74s 
12095      INFO  main            d.u.i.k.p.i.AbstractProblemLoader Replaying proof LabeledCase[LabeledCase::m(int)].JML normal_behavior operation contract.0 
12146      DEBUG main            d.u.i.k.p.i.IntermediateProofReplayer Proof replay took 45.35ms 
12152      DEBUG main            d.u.i.k.p.r.p.TestFile    ... success: reloaded. 
12153      INFO  main            d.u.i.k.p.r.p.TestFile    Now processing file /home/runner/work/key/key/key.core/../key.ui/examples/standard_key/java_dl/switch/empty_switch.key 
12154      INFO  main            d.u.i.k.p.i.AbstractProblemLoader Loading environment from /home/runner/work/key/key/key.core/../key.ui/examples/standard_key/java_dl/switch/empty_switch.key 
12154      DEBUG main            d.u.i.k.p.i.AbstractProblemLoader Environment load took 181.6ns 
12155      INFO  main            d.u.i.k.p.i.AbstractProblemLoader Creating init config 
14600      DEBUG main            d.u.i.k.p.i.AbstractProblemLoader Init config took 2.45s 
14631      INFO  main            d.u.i.k.p.i.AbstractProblemLoader Replaying proof empty_switch.key 
14633      DEBUG main            d.u.i.k.p.i.IntermediateProofReplayer Proof replay took 6.5ns 
14736      INFO  main            d.u.i.k.p.r.p.TestFile    ... finished proof: closed. 
14850      INFO  main            d.u.i.k.p.i.AbstractProblemLoader Loading environment from /home/runner/work/key/key/key.core/../key.ui/examples/standard_key/java_dl/switch/empty_switch.key.proof 
14850      DEBUG main            d.u.i.k.p.i.AbstractProblemLoader Environment load took 114.1ns 
14853      INFO  main            d.u.i.k.p.i.AbstractProblemLoader Creating init config 
17205      DEBUG main            d.u.i.k.p.i.AbstractProblemLoader Init config took 2.35s 
17229      INFO  main            d.u.i.k.p.i.AbstractProblemLoader Replaying proof empty_switch.key.proof 
17234      DEBUG main            d.u.i.k.p.i.IntermediateProofReplayer Proof replay took 1.68ms 
17234      DEBUG main            d.u.i.k.p.r.p.TestFile    ... success: reloaded. 
17235      INFO  main            d.u.i.k.p.r.p.TestFile    Now processing file /home/runner/work/key/key/key.core/../key.ui/examples/standard_key/java_dl/switch/empty_switch_null.key 
17236      INFO  main            d.u.i.k.p.i.AbstractProblemLoader Loading environment from /home/runner/work/key/key/key.core/../key.ui/examples/standard_key/java_dl/switch/empty_switch_null.key 
17236      DEBUG main            d.u.i.k.p.i.AbstractProblemLoader Environment load took 167.9ns 
17237      INFO  main            d.u.i.k.p.i.AbstractProblemLoader Creating init config 
19655      DEBUG main            d.u.i.k.p.i.AbstractProblemLoader Init config took 2.42s 
19677      INFO  main            d.u.i.k.p.i.AbstractProblemLoader Replaying proof empty_switch_null.key 
19679      DEBUG main            d.u.i.k.p.i.IntermediateProofReplayer Proof replay took 6.6ns 
19885      INFO  main            d.u.i.k.p.r.p.TestFile    ... finished proof: closed. 
20010      INFO  main            d.u.i.k.p.i.AbstractProblemLoader Loading environment from /home/runner/work/key/key/key.core/../key.ui/examples/standard_key/java_dl/switch/empty_switch_null.key.proof 
20010      DEBUG main            d.u.i.k.p.i.AbstractProblemLoader Environment load took 119.7ns 
20011      INFO  main            d.u.i.k.p.i.AbstractProblemLoader Creating init config 
22339      DEBUG main            d.u.i.k.p.i.AbstractProblemLoader Init config took 2.33s 
22359      INFO  main            d.u.i.k.p.i.AbstractProblemLoader Replaying proof empty_switch_null.key.proof 
22386      DEBUG main            d.u.i.k.p.i.IntermediateProofReplayer Proof replay took 24.78ms 
22387      DEBUG main            d.u.i.k.p.r.p.TestFile    ... success: reloaded. 
22388      INFO  main            d.u.i.k.p.r.p.TestFile    Now processing file /home/runner/work/key/key/key.core/../key.ui/examples/standard_key/java_dl/switch/empty_switch_null_catch.key 
22388      INFO  main            d.u.i.k.p.i.AbstractProblemLoader Loading environment from /home/runner/work/key/key/key.core/../key.ui/examples/standard_key/java_dl/switch/empty_switch_null_catch.key 
22388      DEBUG main            d.u.i.k.p.i.AbstractProblemLoader Environment load took 161.4ns 
22390      INFO  main            d.u.i.k.p.i.AbstractProblemLoader Creating init config 
24723      DEBUG main            d.u.i.k.p.i.AbstractProblemLoader Init config took 2.33s 
24744      INFO  main            d.u.i.k.p.i.AbstractProblemLoader Replaying proof empty_switch_null_catch.key 
24745      DEBUG main            d.u.i.k.p.i.IntermediateProofReplayer Proof replay took 6.5ns 
24949      INFO  main            d.u.i.k.p.r.p.TestFile    ... finished proof: closed. 
25097      INFO  main            d.u.i.k.p.i.AbstractProblemLoader Loading environment from /home/runner/work/key/key/key.core/../key.ui/examples/standard_key/java_dl/switch/empty_switch_null_catch.key.proof 
25097      DEBUG main            d.u.i.k.p.i.AbstractProblemLoader Environment load took 456.1ns 
25099      INFO  main            d.u.i.k.p.i.AbstractProblemLoader Creating init config 
27465      DEBUG main            d.u.i.k.p.i.AbstractProblemLoader Init config took 2.37s 
27486      INFO  main            d.u.i.k.p.i.AbstractProblemLoader Replaying proof empty_switch_null_catch.key.proof 
27525      DEBUG main            d.u.i.k.p.i.IntermediateProofReplayer Proof replay took 36.04ms 
27528      DEBUG main            d.u.i.k.p.r.p.TestFile    ... success: reloaded. 
27529      INFO  main            d.u.i.k.p.r.p.TestFile    Now processing file /home/runner/work/key/key/key.core/../key.ui/examples/standard_key/java_dl/switch/empty_switch_array_out_of_bounds.key 
27529      INFO  main            d.u.i.k.p.i.AbstractProblemLoader Loading environment from /home/runner/work/key/key/key.core/../key.ui/examples/standard_key/java_dl/switch/empty_switch_array_out_of_bounds.key 
27529      DEBUG main            d.u.i.k.p.i.AbstractProblemLoader Environment load took 160.4ns 
27530      INFO  main            d.u.i.k.p.i.AbstractProblemLoader Creating init config 
29892      DEBUG main            d.u.i.k.p.i.AbstractProblemLoader Init config took 2.36s 
29912      INFO  main            d.u.i.k.p.i.AbstractProblemLoader Replaying proof empty_switch_array_out_of_bounds.key 
29915      DEBUG main            d.u.i.k.p.i.IntermediateProofReplayer Proof replay took 6.2ns 
30121      INFO  main            d.u.i.k.p.r.p.TestFile    ... finished proof: closed. 
30272      INFO  main            d.u.i.k.p.i.AbstractProblemLoader Loading environment from /home/runner/work/key/key/key.core/../key.ui/examples/standard_key/java_dl/switch/empty_switch_array_out_of_bounds.key.proof 
30272      DEBUG main            d.u.i.k.p.i.AbstractProblemLoader Environment load took 329.1ns 
30273      INFO  main            d.u.i.k.p.i.AbstractProblemLoader Creating init config 
32614      DEBUG main            d.u.i.k.p.i.AbstractProblemLoader Init config took 2.34s 
32634      INFO  main            d.u.i.k.p.i.AbstractProblemLoader Replaying proof empty_switch_array_out_of_bounds.key.proof 
32677      DEBUG main            d.u.i.k.p.i.IntermediateProofReplayer Proof replay took 40.34ms 
32678      DEBUG main            d.u.i.k.p.r.p.TestFile    ... success: reloaded. 
32679      INFO  main            d.u.i.k.p.r.p.TestFile    Now processing file /home/runner/work/key/key/key.core/../key.ui/examples/standard_key/java_dl/switch/empty_switch_array_out_of_bounds_catch.key 
32680      INFO  main            d.u.i.k.p.i.AbstractProblemLoader Loading environment from /home/runner/work/key/key/key.core/../key.ui/examples/standard_key/java_dl/switch/empty_switch_array_out_of_bounds_catch.key 
32680      DEBUG main            d.u.i.k.p.i.AbstractProblemLoader Environment load took 182.7ns 
32681      INFO  main            d.u.i.k.p.i.AbstractProblemLoader Creating init config 
35035      DEBUG main            d.u.i.k.p.i.AbstractProblemLoader Init config took 2.35s 
35054      INFO  main            d.u.i.k.p.i.AbstractProblemLoader Replaying proof empty_switch_array_out_of_bounds_catch.key 
35057      DEBUG main            d.u.i.k.p.i.IntermediateProofReplayer Proof replay took 6.2ns 
35259      INFO  main            d.u.i.k.p.r.p.TestFile    ... finished proof: closed. 
35412      INFO  main            d.u.i.k.p.i.AbstractProblemLoader Loading environment from /home/runner/work/key/key/key.core/../key.ui/examples/standard_key/java_dl/switch/empty_switch_array_out_of_bounds_catch.key.proof 
35412      DEBUG main            d.u.i.k.p.i.AbstractProblemLoader Environment load took 113.7ns 
35413      INFO  main            d.u.i.k.p.i.AbstractProblemLoader Creating init config 
37694      DEBUG main            d.u.i.k.p.i.AbstractProblemLoader Init config took 2.28s 
37715      INFO  main            d.u.i.k.p.i.AbstractProblemLoader Replaying proof empty_switch_array_out_of_bounds_catch.key.proof 
37754      DEBUG main            d.u.i.k.p.i.IntermediateProofReplayer Proof replay took 36.11ms 
37755      DEBUG main            d.u.i.k.p.r.p.TestFile    ... success: reloaded. 
37756      INFO  main            d.u.i.k.p.r.p.TestFile    Now processing file /home/runner/work/key/key/key.core/../key.ui/examples/standard_key/java_dl/switch/switch_in_switch.key 
37756      INFO  main            d.u.i.k.p.i.AbstractProblemLoader Loading environment from /home/runner/work/key/key/key.core/../key.ui/examples/standard_key/java_dl/switch/switch_in_switch.key 
37756      DEBUG main            d.u.i.k.p.i.AbstractProblemLoader Environment load took 161.9ns 
37757      INFO  main            d.u.i.k.p.i.AbstractProblemLoader Creating init config 
40141      DEBUG main            d.u.i.k.p.i.AbstractProblemLoader Init config took 2.38s 
40199      INFO  main            d.u.i.k.p.i.AbstractProblemLoader Replaying proof SwitchInSwitch[SwitchInSwitch::m(int)].JML normal_behavior operation contract.0 
40201      DEBUG main            d.u.i.k.p.i.IntermediateProofReplayer Proof replay took 6.5ns 
44869      INFO  main            d.u.i.k.p.r.p.TestFile    ... finished proof: closed. 
45116      INFO  main            d.u.i.k.p.i.AbstractProblemLoader Loading environment from /home/runner/work/key/key/key.core/../key.ui/examples/standard_key/java_dl/switch/switch_in_switch.key.proof 
45117      DEBUG main            d.u.i.k.p.i.AbstractProblemLoader Environment load took 340.8ns 
45118      INFO  main            d.u.i.k.p.i.AbstractProblemLoader Creating init config 
47454      DEBUG main            d.u.i.k.p.i.AbstractProblemLoader Init config took 2.34s 
47498      INFO  main            d.u.i.k.p.i.AbstractProblemLoader Replaying proof SwitchInSwitch[SwitchInSwitch::m(int)].JML normal_behavior operation contract.0 
47830      DEBUG main            d.u.i.k.p.i.IntermediateProofReplayer Proof replay took 305.8ms 
47832      DEBUG main            d.u.i.k.p.r.p.TestFile    ... success: reloaded. 
47833      INFO  main            d.u.i.k.p.r.p.TestFile    Now processing file /home/runner/work/key/key/key.core/../key.ui/examples/standard_key/java_dl/switch/while_and_switch.key 
47833      INFO  main            d.u.i.k.p.i.AbstractProblemLoader Loading environment from /home/runner/work/key/key/key.core/../key.ui/examples/standard_key/java_dl/switch/while_and_switch.key 
47833      DEBUG main            d.u.i.k.p.i.AbstractProblemLoader Environment load took 169.4ns 
47834      INFO  main            d.u.i.k.p.i.AbstractProblemLoader Creating init config 
50183      DEBUG main            d.u.i.k.p.i.AbstractProblemLoader Init config took 2.35s 
50241      INFO  main            d.u.i.k.p.i.AbstractProblemLoader Replaying proof WhileAndSwitch[WhileAndSwitch::m(int)].JML normal_behavior operation contract.0 
50243      DEBUG main            d.u.i.k.p.i.IntermediateProofReplayer Proof replay took 6.1ns 
50955      INFO  main            d.u.i.k.p.r.p.TestFile    ... finished proof: closed. 
51202      INFO  main            d.u.i.k.p.i.AbstractProblemLoader Loading environment from /home/runner/work/key/key/key.core/../key.ui/examples/standard_key/java_dl/switch/while_and_switch.key.proof 
51204      DEBUG main            d.u.i.k.p.i.AbstractProblemLoader Environment load took 1.61ms 
51206      INFO  main            d.u.i.k.p.i.AbstractProblemLoader Creating init config 
53582      DEBUG main            d.u.i.k.p.i.AbstractProblemLoader Init config took 2.38s 
53627      INFO  main            d.u.i.k.p.i.AbstractProblemLoader Replaying proof WhileAndSwitch[WhileAndSwitch::m(int)].JML normal_behavior operation contract.0 
53729      DEBUG main            d.u.i.k.p.i.IntermediateProofReplayer Proof replay took 95.27ms 
53732      DEBUG main            d.u.i.k.p.r.p.TestFile    ... success: reloaded. 
53734      INFO  main            d.u.i.k.p.r.p.TestFile    Now processing file /home/runner/work/key/key/key.core/../key.ui/examples/standard_key/java_dl/switch/large_switch.key 
53736      INFO  main            d.u.i.k.p.i.AbstractProblemLoader Loading environment from /home/runner/work/key/key/key.core/../key.ui/examples/standard_key/java_dl/switch/large_switch.key 
53736      DEBUG main            d.u.i.k.p.i.AbstractProblemLoader Environment load took 207.4ns 
53737      INFO  main            d.u.i.k.p.i.AbstractProblemLoader Creating init config 
56097      DEBUG main            d.u.i.k.p.i.AbstractProblemLoader Init config took 2.36s 
56135      INFO  main            d.u.i.k.p.i.AbstractProblemLoader Replaying proof LargeSwitch[LargeSwitch::m(int)].JML normal_behavior operation contract.0 
56136      DEBUG main            d.u.i.k.p.i.IntermediateProofReplayer Proof replay took 6.1ns 
57447      INFO  main            d.u.i.k.p.r.p.TestFile    ... finished proof: closed. 
57662      INFO  main            d.u.i.k.p.i.AbstractProblemLoader Loading environment from /home/runner/work/key/key/key.core/../key.ui/examples/standard_key/java_dl/switch/large_switch.key.proof 
57666      DEBUG main            d.u.i.k.p.i.AbstractProblemLoader Environment load took 3.68ms 
57667      INFO  main            d.u.i.k.p.i.AbstractProblemLoader Creating init config 
60005      DEBUG main            d.u.i.k.p.i.AbstractProblemLoader Init config took 2.34s 
60061      INFO  main            d.u.i.k.p.i.AbstractProblemLoader Replaying proof LargeSwitch[LargeSwitch::m(int)].JML normal_behavior operation contract.0 
60373      DEBUG main            d.u.i.k.p.i.IntermediateProofReplayer Proof replay took 293.55ms 
60374      DEBUG main            d.u.i.k.p.r.p.TestFile    ... success: reloaded. 
5081688    INFO  Test worker     d.u.i.k.p.r.RunAllProofsTestUnit Returning from test switch 
5081689    INFO  Test worker     d.u.i.k.p.r.RunAllProofsTestUnit Running test redux 
387        INFO  Timeout watchdog d.u.i.k.p.r.p.ForkedTestFileRunner Timeout watcher launched (2000 secs.) 
406        WARN  main            d.u.i.k.s.ProofSettings   The settings in /home/runner/.key/proof-settings.props are *not* read. 
457        INFO  main            d.u.i.k.p.r.p.TestFile    Now processing file /home/runner/work/key/key/key.core/../key.ui/examples/redux/arrays/Arrays.copyOf.key 
581        INFO  main            d.u.i.k.p.i.AbstractProblemLoader Loading environment from /home/runner/work/key/key/key.core/../key.ui/examples/redux/arrays/Arrays.copyOf.key 
597        DEBUG main            d.u.i.k.p.i.AbstractProblemLoader Environment load took 1.94ms 
806        INFO  main            d.u.i.k.p.i.AbstractProblemLoader Creating init config 
1699       DEBUG main            d.u.i.k.j.TypeConverter   No LDT found for Meta 
1699       DEBUG main            d.u.i.k.j.TypeConverter   No LDT found for Meta 
1701       DEBUG main            d.u.i.k.j.TypeConverter   No LDT found for Meta 
1701       DEBUG main            d.u.i.k.j.TypeConverter   No LDT found for Meta 
3458       DEBUG main            d.u.i.k.j.TypeConverter   No LDT found for JavaBigintExpression 
8805       DEBUG main            d.u.i.k.p.i.AbstractProblemLoader Init config took 8s 
8950       INFO  main            d.u.i.k.p.i.AbstractProblemLoader Replaying proof Arrays[Arrays::copyOf([I,int)].JML normal_behavior operation contract.0 
8984       DEBUG main            d.u.i.k.p.i.IntermediateProofReplayer Proof replay took 34.6ns 
14079      INFO  main            d.u.i.k.p.r.p.TestFile    ... finished proof: closed. 
14234      INFO  main            d.u.i.k.p.i.AbstractProblemLoader Loading environment from /home/runner/work/key/key/key.core/../key.ui/examples/redux/arrays/Arrays.copyOf.key.proof 
14234      DEBUG main            d.u.i.k.p.i.AbstractProblemLoader Environment load took 197.6ns 
14237      INFO  main            d.u.i.k.p.i.AbstractProblemLoader Creating init config 
17410      DEBUG main            d.u.i.k.p.i.AbstractProblemLoader Init config took 3.17s 
17501      INFO  main            d.u.i.k.p.i.AbstractProblemLoader Replaying proof Arrays[Arrays::copyOf([I,int)].JML normal_behavior operation contract.0 
17986      DEBUG main            d.u.i.k.p.i.IntermediateProofReplayer Proof replay took 451.41ms 
17994      DEBUG main            d.u.i.k.p.r.p.TestFile    ... success: reloaded. 
17995      INFO  main            d.u.i.k.p.r.p.TestFile    Now processing file /home/runner/work/key/key/key.core/../key.ui/examples/redux/arrays/Arrays.copyOf.float.key 
17996      INFO  main            d.u.i.k.p.i.AbstractProblemLoader Loading environment from /home/runner/work/key/key/key.core/../key.ui/examples/redux/arrays/Arrays.copyOf.float.key 
17996      DEBUG main            d.u.i.k.p.i.AbstractProblemLoader Environment load took 183.6ns 
17997      INFO  main            d.u.i.k.p.i.AbstractProblemLoader Creating init config 
21173      DEBUG main            d.u.i.k.p.i.AbstractProblemLoader Init config took 3.18s 
21229      INFO  main            d.u.i.k.p.i.AbstractProblemLoader Replaying proof Arrays[Arrays::copyOf([F,int)].JML normal_behavior operation contract.0 
21232      DEBUG main            d.u.i.k.p.i.IntermediateProofReplayer Proof replay took 5.8ns 
21256      DEBUG main            d.u.i.k.m.s.ProofScriptEngine 1: 'macro autopilot' 
25955      DEBUG main            d.u.i.k.m.s.ProofScriptEngine 2: 'smt solver=Z3' 
26025      INFO  main            d.u.i.k.m.s.SMTCommand    Finished run on goal 17 in 44ms, result is valid 
26030      DEBUG main            d.u.i.k.m.s.ProofScriptEngine 3: 'tryclose' 
27742      INFO  main            d.u.i.k.p.r.p.TestFile    ... finished proof: closed. 
27928      INFO  main            d.u.i.k.p.i.AbstractProblemLoader Loading environment from /home/runner/work/key/key/key.core/../key.ui/examples/redux/arrays/Arrays.copyOf.float.key.proof 
27930      DEBUG main            d.u.i.k.p.i.AbstractProblemLoader Environment load took 1.46ms 
27934      INFO  main            d.u.i.k.p.i.AbstractProblemLoader Creating init config 
30927      DEBUG main            d.u.i.k.p.i.AbstractProblemLoader Init config took 2.99s 
30977      INFO  main            d.u.i.k.p.i.AbstractProblemLoader Replaying proof Arrays[Arrays::copyOf([F,int)].JML normal_behavior operation contract.0 
31558      DEBUG main            d.u.i.k.p.i.IntermediateProofReplayer Proof replay took 560.17ms 
31559      DEBUG main            d.u.i.k.p.r.p.TestFile    ... success: reloaded. 
31562      INFO  main            d.u.i.k.p.r.p.TestFile    Now processing file /home/runner/work/key/key/key.core/../key.ui/examples/redux/arrays/Arrays.copyOfRange.key 
31562      INFO  main            d.u.i.k.p.i.AbstractProblemLoader Loading environment from /home/runner/work/key/key/key.core/../key.ui/examples/redux/arrays/Arrays.copyOfRange.key 
31562      DEBUG main            d.u.i.k.p.i.AbstractProblemLoader Environment load took 99.4ns 
31564      INFO  main            d.u.i.k.p.i.AbstractProblemLoader Creating init config 
34589      DEBUG main            d.u.i.k.p.i.AbstractProblemLoader Init config took 3.03s 
34632      INFO  main            d.u.i.k.p.i.AbstractProblemLoader Replaying proof Arrays[Arrays::copyOfRange([I,int,int)].JML normal_behavior operation contract.0 
34634      DEBUG main            d.u.i.k.p.i.IntermediateProofReplayer Proof replay took 5.8ns 
39197      INFO  main            d.u.i.k.p.r.p.TestFile    ... finished proof: closed. 
39438      INFO  main            d.u.i.k.p.i.AbstractProblemLoader Loading environment from /home/runner/work/key/key/key.core/../key.ui/examples/redux/arrays/Arrays.copyOfRange.key.proof 
39438      DEBUG main            d.u.i.k.p.i.AbstractProblemLoader Environment load took 333.4ns 
39441      INFO  main            d.u.i.k.p.i.AbstractProblemLoader Creating init config 
42323      DEBUG main            d.u.i.k.p.i.AbstractProblemLoader Init config took 2.88s 
42366      INFO  main            d.u.i.k.p.i.AbstractProblemLoader Replaying proof Arrays[Arrays::copyOfRange([I,int,int)].JML normal_behavior operation contract.0 
42716      DEBUG main            d.u.i.k.p.i.IntermediateProofReplayer Proof replay took 328.14ms 
42718      DEBUG main            d.u.i.k.p.r.p.TestFile    ... success: reloaded. 
42719      INFO  main            d.u.i.k.p.r.p.TestFile    Now processing file /home/runner/work/key/key/key.core/../key.ui/examples/redux/arrays/Arrays.copyOfRange.float.key 
42719      INFO  main            d.u.i.k.p.i.AbstractProblemLoader Loading environment from /home/runner/work/key/key/key.core/../key.ui/examples/redux/arrays/Arrays.copyOfRange.float.key 
42719      DEBUG main            d.u.i.k.p.i.AbstractProblemLoader Environment load took 157.8ns 
42720      INFO  main            d.u.i.k.p.i.AbstractProblemLoader Creating init config 
45640      DEBUG main            d.u.i.k.p.i.AbstractProblemLoader Init config took 2.92s 
45681      INFO  main            d.u.i.k.p.i.AbstractProblemLoader Replaying proof Arrays[Arrays::copyOfRange([F,int,int)].JML normal_behavior operation contract.0 
45683      DEBUG main            d.u.i.k.p.i.IntermediateProofReplayer Proof replay took 5.3ns 
45683      DEBUG main            d.u.i.k.m.s.ProofScriptEngine 1: 'macro autopilot' 
51750      DEBUG main            d.u.i.k.m.s.ProofScriptEngine 2: 'smt solver=Z3' 
51795      INFO  main            d.u.i.k.m.s.SMTCommand    Finished run on goal 27 in 37ms, result is valid 
51795      DEBUG main            d.u.i.k.m.s.ProofScriptEngine 3: 'tryclose' 
55416      INFO  main            d.u.i.k.p.r.p.TestFile    ... finished proof: closed. 
55614      INFO  main            d.u.i.k.p.i.AbstractProblemLoader Loading environment from /home/runner/work/key/key/key.core/../key.ui/examples/redux/arrays/Arrays.copyOfRange.float.key.proof 
55614      DEBUG main            d.u.i.k.p.i.AbstractProblemLoader Environment load took 182.3ns 
55616      INFO  main            d.u.i.k.p.i.AbstractProblemLoader Creating init config 
58500      DEBUG main            d.u.i.k.p.i.AbstractProblemLoader Init config took 2.88s 
58540      INFO  main            d.u.i.k.p.i.AbstractProblemLoader Replaying proof Arrays[Arrays::copyOfRange([F,int,int)].JML normal_behavior operation contract.0 
59239      DEBUG main            d.u.i.k.p.i.IntermediateProofReplayer Proof replay took 672.81ms 
59241      DEBUG main            d.u.i.k.p.r.p.TestFile    ... success: reloaded. 
59242      INFO  main            d.u.i.k.p.r.p.TestFile    Now processing file /home/runner/work/key/key/key.core/../key.ui/examples/redux/arrays/Arrays.equals.key 
59242      INFO  main            d.u.i.k.p.i.AbstractProblemLoader Loading environment from /home/runner/work/key/key/key.core/../key.ui/examples/redux/arrays/Arrays.equals.key 
59242      DEBUG main            d.u.i.k.p.i.AbstractProblemLoader Environment load took 71ns 
59243      INFO  main            d.u.i.k.p.i.AbstractProblemLoader Creating init config 
62258      DEBUG main            d.u.i.k.p.i.AbstractProblemLoader Init config took 3.01s 
62306      INFO  main            d.u.i.k.p.i.AbstractProblemLoader Replaying proof Arrays[Arrays::equals([B,[B)].JML normal_behavior operation contract.0 
62307      DEBUG main            d.u.i.k.p.i.IntermediateProofReplayer Proof replay took 5.3ns 
62810      INFO  main            d.u.i.k.p.r.p.TestFile    ... finished proof: closed. 
63033      INFO  main            d.u.i.k.p.i.AbstractProblemLoader Loading environment from /home/runner/work/key/key/key.core/../key.ui/examples/redux/arrays/Arrays.equals.key.proof 
63033      DEBUG main            d.u.i.k.p.i.AbstractProblemLoader Environment load took 480.5ns 
63035      INFO  main            d.u.i.k.p.i.AbstractProblemLoader Creating init config 
65889      DEBUG main            d.u.i.k.p.i.AbstractProblemLoader Init config took 2.85s 
65928      INFO  main            d.u.i.k.p.i.AbstractProblemLoader Replaying proof Arrays[Arrays::equals([B,[B)].JML normal_behavior operation contract.0 
66043      DEBUG main            d.u.i.k.p.i.IntermediateProofReplayer Proof replay took 111.73ms 
66045      DEBUG main            d.u.i.k.p.r.p.TestFile    ... success: reloaded. 
66045      INFO  main            d.u.i.k.p.r.p.TestFile    Now processing file /home/runner/work/key/key/key.core/../key.ui/examples/redux/arrays/Arrays.fill.key 
66046      INFO  main            d.u.i.k.p.i.AbstractProblemLoader Loading environment from /home/runner/work/key/key/key.core/../key.ui/examples/redux/arrays/Arrays.fill.key 
66046      DEBUG main            d.u.i.k.p.i.AbstractProblemLoader Environment load took 157.6ns 
66047      INFO  main            d.u.i.k.p.i.AbstractProblemLoader Creating init config 
68899      DEBUG main            d.u.i.k.p.i.AbstractProblemLoader Init config took 2.85s 
68937      INFO  main            d.u.i.k.p.i.AbstractProblemLoader Replaying proof Arrays[Arrays::fill([I,int)].JML normal_behavior operation contract.0 
68938      DEBUG main            d.u.i.k.p.i.IntermediateProofReplayer Proof replay took 5.5ns 
69140      INFO  main            d.u.i.k.p.r.p.TestFile    ... finished proof: closed. 
69307      INFO  main            d.u.i.k.p.i.AbstractProblemLoader Loading environment from /home/runner/work/key/key/key.core/../key.ui/examples/redux/arrays/Arrays.fill.key.proof 
69307      DEBUG main            d.u.i.k.p.i.AbstractProblemLoader Environment load took 117.5ns 
69308      INFO  main            d.u.i.k.p.i.AbstractProblemLoader Creating init config 
72162      DEBUG main            d.u.i.k.p.i.AbstractProblemLoader Init config took 2.85s 
72198      INFO  main            d.u.i.k.p.i.AbstractProblemLoader Replaying proof Arrays[Arrays::fill([I,int)].JML normal_behavior operation contract.0 
72222      DEBUG main            d.u.i.k.p.i.IntermediateProofReplayer Proof replay took 21.61ms 
72223      DEBUG main            d.u.i.k.p.r.p.TestFile    ... success: reloaded. 
72224      INFO  main            d.u.i.k.p.r.p.TestFile    Now processing file /home/runner/work/key/key/key.core/../key.ui/examples/redux/arrays/Arrays.fill.float.key 
72224      INFO  main            d.u.i.k.p.i.AbstractProblemLoader Loading environment from /home/runner/work/key/key/key.core/../key.ui/examples/redux/arrays/Arrays.fill.float.key 
72224      DEBUG main            d.u.i.k.p.i.AbstractProblemLoader Environment load took 82.8ns 
72225      INFO  main            d.u.i.k.p.i.AbstractProblemLoader Creating init config 
75074      DEBUG main            d.u.i.k.p.i.AbstractProblemLoader Init config took 2.85s 
75110      INFO  main            d.u.i.k.p.i.AbstractProblemLoader Replaying proof Arrays[Arrays::fill([F,float)].JML normal_behavior operation contract.0 
75111      DEBUG main            d.u.i.k.p.i.IntermediateProofReplayer Proof replay took 5.3ns 
75313      INFO  main            d.u.i.k.p.r.p.TestFile    ... finished proof: closed. 
75485      INFO  main            d.u.i.k.p.i.AbstractProblemLoader Loading environment from /home/runner/work/key/key/key.core/../key.ui/examples/redux/arrays/Arrays.fill.float.key.proof 
75485      DEBUG main            d.u.i.k.p.i.AbstractProblemLoader Environment load took 109.8ns 
75486      INFO  main            d.u.i.k.p.i.AbstractProblemLoader Creating init config 
78326      DEBUG main            d.u.i.k.p.i.AbstractProblemLoader Init config took 2.84s 
78362      INFO  main            d.u.i.k.p.i.AbstractProblemLoader Replaying proof Arrays[Arrays::fill([F,float)].JML normal_behavior operation contract.0 
78393      DEBUG main            d.u.i.k.p.i.IntermediateProofReplayer Proof replay took 28.94ms 
78394      DEBUG main            d.u.i.k.p.r.p.TestFile    ... success: reloaded. 
78394      INFO  main            d.u.i.k.p.r.p.TestFile    Now processing file /home/runner/work/key/key/key.core/../key.ui/examples/redux/arrays/Arrays.fillFromTo.key 
78395      INFO  main            d.u.i.k.p.i.AbstractProblemLoader Loading environment from /home/runner/work/key/key/key.core/../key.ui/examples/redux/arrays/Arrays.fillFromTo.key 
78395      DEBUG main            d.u.i.k.p.i.AbstractProblemLoader Environment load took 109.6ns 
78396      INFO  main            d.u.i.k.p.i.AbstractProblemLoader Creating init config 
81235      DEBUG main            d.u.i.k.p.i.AbstractProblemLoader Init config took 2.84s 
81271      INFO  main            d.u.i.k.p.i.AbstractProblemLoader Replaying proof Arrays[Arrays::fill([I,int,int,int)].JML normal_behavior operation contract.0 
81273      DEBUG main            d.u.i.k.p.i.IntermediateProofReplayer Proof replay took 5.4ns 
81775      INFO  main            d.u.i.k.p.r.p.TestFile    ... finished proof: closed. 
81975      INFO  main            d.u.i.k.p.i.AbstractProblemLoader Loading environment from /home/runner/work/key/key/key.core/../key.ui/examples/redux/arrays/Arrays.fillFromTo.key.proof 
81976      DEBUG main            d.u.i.k.p.i.AbstractProblemLoader Environment load took 314.7ns 
81977      INFO  main            d.u.i.k.p.i.AbstractProblemLoader Creating init config 
84792      DEBUG main            d.u.i.k.p.i.AbstractProblemLoader Init config took 2.82s 
84839      INFO  main            d.u.i.k.p.i.AbstractProblemLoader Replaying proof Arrays[Arrays::fill([I,int,int,int)].JML normal_behavior operation contract.0 
84914      DEBUG main            d.u.i.k.p.i.IntermediateProofReplayer Proof replay took 71.79ms 
84915      DEBUG main            d.u.i.k.p.r.p.TestFile    ... success: reloaded. 
84916      INFO  main            d.u.i.k.p.r.p.TestFile    Now processing file /home/runner/work/key/key/key.core/../key.ui/examples/redux/arrays/Arrays.fillFromTo.float.key 
84917      INFO  main            d.u.i.k.p.i.AbstractProblemLoader Loading environment from /home/runner/work/key/key/key.core/../key.ui/examples/redux/arrays/Arrays.fillFromTo.float.key 
84917      DEBUG main            d.u.i.k.p.i.AbstractProblemLoader Environment load took 152ns 
84918      INFO  main            d.u.i.k.p.i.AbstractProblemLoader Creating init config 
87827      DEBUG main            d.u.i.k.p.i.AbstractProblemLoader Init config took 2.91s 
87863      INFO  main            d.u.i.k.p.i.AbstractProblemLoader Replaying proof Arrays[Arrays::fill([F,int,int,float)].JML normal_behavior operation contract.0 
87864      DEBUG main            d.u.i.k.p.i.IntermediateProofReplayer Proof replay took 5.5ns 
88568      INFO  main            d.u.i.k.p.r.p.TestFile    ... finished proof: closed. 
88761      INFO  main            d.u.i.k.p.i.AbstractProblemLoader Loading environment from /home/runner/work/key/key/key.core/../key.ui/examples/redux/arrays/Arrays.fillFromTo.float.key.proof 
88761      DEBUG main            d.u.i.k.p.i.AbstractProblemLoader Environment load took 380.7ns 
88763      INFO  main            d.u.i.k.p.i.AbstractProblemLoader Creating init config 
91588      DEBUG main            d.u.i.k.p.i.AbstractProblemLoader Init config took 2.83s 
91623      INFO  main            d.u.i.k.p.i.AbstractProblemLoader Replaying proof Arrays[Arrays::fill([F,int,int,float)].JML normal_behavior operation contract.0 
91718      DEBUG main            d.u.i.k.p.i.IntermediateProofReplayer Proof replay took 90.98ms 
91719      DEBUG main            d.u.i.k.p.r.p.TestFile    ... success: reloaded. 
91720      INFO  main            d.u.i.k.p.r.p.TestFile    Now processing file /home/runner/work/key/key/key.core/../key.ui/examples/redux/arrays/ArrayCopy.arraycopy.normal.0.key 
91720      INFO  main            d.u.i.k.p.i.AbstractProblemLoader Loading environment from /home/runner/work/key/key/key.core/../key.ui/examples/redux/arrays/ArrayCopy.arraycopy.normal.0.key 
91721      DEBUG main            d.u.i.k.p.i.AbstractProblemLoader Environment load took 165.9ns 
91721      INFO  main            d.u.i.k.p.i.AbstractProblemLoader Creating init config 
94544      DEBUG main            d.u.i.k.p.i.AbstractProblemLoader Init config took 2.82s 
94579      INFO  main            d.u.i.k.p.i.AbstractProblemLoader Replaying proof ArrayCopy[ArrayCopy::arraycopy(java.lang.Object,int,java.lang.Object,int,int)].JML normal_behavior operation contract.0 
94580      DEBUG main            d.u.i.k.p.i.IntermediateProofReplayer Proof replay took 5.9ns 
100927     INFO  main            d.u.i.k.p.r.p.TestFile    ... finished proof: closed. 
101135     INFO  main            d.u.i.k.p.i.AbstractProblemLoader Loading environment from /home/runner/work/key/key/key.core/../key.ui/examples/redux/arrays/ArrayCopy.arraycopy.normal.0.key.proof 
101135     DEBUG main            d.u.i.k.p.i.AbstractProblemLoader Environment load took 321.2ns 
101137     INFO  main            d.u.i.k.p.i.AbstractProblemLoader Creating init config 
103976     DEBUG main            d.u.i.k.p.i.AbstractProblemLoader Init config took 2.84s 
104011     INFO  main            d.u.i.k.p.i.AbstractProblemLoader Replaying proof ArrayCopy[ArrayCopy::arraycopy(java.lang.Object,int,java.lang.Object,int,int)].JML normal_behavior operation contract.0 
104619     DEBUG main            d.u.i.k.p.i.IntermediateProofReplayer Proof replay took 591.34ms 
104620     DEBUG main            d.u.i.k.p.r.p.TestFile    ... success: reloaded. 
104621     INFO  main            d.u.i.k.p.r.p.TestFile    Now processing file /home/runner/work/key/key/key.core/../key.ui/examples/redux/arrays/ArrayCopy.arraycopy.exceptional.0.key 
104621     INFO  main            d.u.i.k.p.i.AbstractProblemLoader Loading environment from /home/runner/work/key/key/key.core/../key.ui/examples/redux/arrays/ArrayCopy.arraycopy.exceptional.0.key 
104621     DEBUG main            d.u.i.k.p.i.AbstractProblemLoader Environment load took 121.4ns 
104622     INFO  main            d.u.i.k.p.i.AbstractProblemLoader Creating init config 
107526     DEBUG main            d.u.i.k.p.i.AbstractProblemLoader Init config took 2.9s 
107559     INFO  main            d.u.i.k.p.i.AbstractProblemLoader Replaying proof ArrayCopy[ArrayCopy::arraycopy(java.lang.Object,int,java.lang.Object,int,int)].JML exceptional_behavior operation contract.0 
107561     DEBUG main            d.u.i.k.p.i.IntermediateProofReplayer Proof replay took 5.2ns 
107963     INFO  main            d.u.i.k.p.r.p.TestFile    ... finished proof: closed. 
108160     INFO  main            d.u.i.k.p.i.AbstractProblemLoader Loading environment from /home/runner/work/key/key/key.core/../key.ui/examples/redux/arrays/ArrayCopy.arraycopy.exceptional.0.key.proof 
108160     DEBUG main            d.u.i.k.p.i.AbstractProblemLoader Environment load took 111.1ns 
108161     INFO  main            d.u.i.k.p.i.AbstractProblemLoader Creating init config 
110979     DEBUG main            d.u.i.k.p.i.AbstractProblemLoader Init config took 2.82s 
111013     INFO  main            d.u.i.k.p.i.AbstractProblemLoader Replaying proof ArrayCopy[ArrayCopy::arraycopy(java.lang.Object,int,java.lang.Object,int,int)].JML exceptional_behavior operation contract.0 
111112     DEBUG main            d.u.i.k.p.i.IntermediateProofReplayer Proof replay took 91.94ms 
111114     DEBUG main            d.u.i.k.p.r.p.TestFile    ... success: reloaded. 
111115     INFO  main            d.u.i.k.p.r.p.TestFile    Now processing file /home/runner/work/key/key/key.core/../key.ui/examples/redux/arrays/ArrayCopy.arraycopy.exceptional.1.key 
111116     INFO  main            d.u.i.k.p.i.AbstractProblemLoader Loading environment from /home/runner/work/key/key/key.core/../key.ui/examples/redux/arrays/ArrayCopy.arraycopy.exceptional.1.key 
111116     DEBUG main            d.u.i.k.p.i.AbstractProblemLoader Environment load took 183ns 
111117     INFO  main            d.u.i.k.p.i.AbstractProblemLoader Creating init config 
113920     DEBUG main            d.u.i.k.p.i.AbstractProblemLoader Init config took 2.8s 
113953     INFO  main            d.u.i.k.p.i.AbstractProblemLoader Replaying proof ArrayCopy[ArrayCopy::arraycopy(java.lang.Object,int,java.lang.Object,int,int)].JML exceptional_behavior operation contract.1 
113955     DEBUG main            d.u.i.k.p.i.IntermediateProofReplayer Proof replay took 6.4ns 
120098     INFO  main            d.u.i.k.p.r.p.TestFile    ... finished proof: closed. 
120317     INFO  main            d.u.i.k.p.i.AbstractProblemLoader Loading environment from /home/runner/work/key/key/key.core/../key.ui/examples/redux/arrays/ArrayCopy.arraycopy.exceptional.1.key.proof 
120317     DEBUG main            d.u.i.k.p.i.AbstractProblemLoader Environment load took 333.2ns 
120319     INFO  main            d.u.i.k.p.i.AbstractProblemLoader Creating init config 
123095     DEBUG main            d.u.i.k.p.i.AbstractProblemLoader Init config took 2.78s 
123128     INFO  main            d.u.i.k.p.i.AbstractProblemLoader Replaying proof ArrayCopy[ArrayCopy::arraycopy(java.lang.Object,int,java.lang.Object,int,int)].JML exceptional_behavior operation contract.1 
124255     DEBUG main            d.u.i.k.p.i.IntermediateProofReplayer Proof replay took 1.11s 
124257     DEBUG main            d.u.i.k.p.r.p.TestFile    ... success: reloaded. 
5206130    INFO  Test worker     d.u.i.k.p.r.RunAllProofsTestUnit Returning from test redux 
]]></system-out>
  <system-err><![CDATA[]]></system-err>
</testsuite>
