<?xml version="1.0" encoding="UTF-8"?>
<testsuite name="de.uka.ilkd.key.parser.TestJMLParserAssociativity" tests="1" skipped="0" failures="0" errors="0" timestamp="2023-02-24T20:16:35" hostname="fv-az336-459" time="27.772">
  <properties/>
  <testcase name="testLeftAssociativity()" classname="de.uka.ilkd.key.parser.TestJMLParserAssociativity" time="27.772"/>
  <system-out><![CDATA[]]></system-out>
  <system-err><![CDATA[]]></system-err>
</testsuite>
