<?xml version="1.0" encoding="UTF-8"?>
<testsuite name="de.uka.ilkd.key.parser.TestDeclParser" tests="14" skipped="2" failures="0" errors="0" timestamp="2023-05-26T13:41:19" hostname="fv-az811-346" time="10.735">
  <properties/>
  <testcase name="testGenericSortDecl1()" classname="de.uka.ilkd.key.parser.TestDeclParser" time="0.912"/>
  <testcase name="testGenericSortDecl2()" classname="de.uka.ilkd.key.parser.TestDeclParser" time="0.946"/>
  <testcase name="testGenericSortDecl3()" classname="de.uka.ilkd.key.parser.TestDeclParser" time="0.9"/>
  <testcase name="testGenericSortDecl4()" classname="de.uka.ilkd.key.parser.TestDeclParser" time="0.893"/>
  <testcase name="testGenericSortDecl5()" classname="de.uka.ilkd.key.parser.TestDeclParser" time="0.0">
    <skipped/>
  </testcase>
  <testcase name="testGenericSortDecl6()" classname="de.uka.ilkd.key.parser.TestDeclParser" time="0.915"/>
  <testcase name="testSortDecl()" classname="de.uka.ilkd.key.parser.TestDeclParser" time="0.893"/>
  <testcase name="testProxySortDecl()" classname="de.uka.ilkd.key.parser.TestDeclParser" time="0.918"/>
  <testcase name="testArrayDecl()" classname="de.uka.ilkd.key.parser.TestDeclParser" time="0.854"/>
  <testcase name="testAmbiguousDecls()" classname="de.uka.ilkd.key.parser.TestDeclParser" time="0.0">
    <skipped/>
  </testcase>
  <testcase name="testHeurDecl()" classname="de.uka.ilkd.key.parser.TestDeclParser" time="0.881"/>
  <testcase name="testFunctionDecl()" classname="de.uka.ilkd.key.parser.TestDeclParser" time="0.843"/>
  <testcase name="testPredicateDecl()" classname="de.uka.ilkd.key.parser.TestDeclParser" time="0.903"/>
  <testcase name="testSVDecl()" classname="de.uka.ilkd.key.parser.TestDeclParser" time="0.873"/>
  <system-out><![CDATA[212961     INFO  Test worker     d.u.i.k.n.KeyIO           Parsing took 0 ms 
212961     DEBUG Test worker     d.u.i.k.n.KeyIO           Load declarations of de.uka.ilkd.key.nparser.KeyAst$File:  <unknown>:1#1 
212961     INFO  Test worker     d.u.i.k.n.KeyIO           MODE: declarations took 0 ms 
212961     DEBUG Test worker     d.u.i.k.n.KeyIO           MODE: 2nd degree decls took 0 
212961     DEBUG Test worker     d.u.i.k.n.KeyIO           MODE: taclets took 0ms 
213915     INFO  Test worker     d.u.i.k.n.KeyIO           Parsing took 0 ms 
213915     DEBUG Test worker     d.u.i.k.n.KeyIO           Load declarations of de.uka.ilkd.key.nparser.KeyAst$File:  <unknown>:1#1 
213915     INFO  Test worker     d.u.i.k.n.KeyIO           MODE: declarations took 0 ms 
213915     DEBUG Test worker     d.u.i.k.n.KeyIO           MODE: 2nd degree decls took 0 
213915     DEBUG Test worker     d.u.i.k.n.KeyIO           MODE: taclets took 0ms 
214821     INFO  Test worker     d.u.i.k.n.KeyIO           Parsing took 0 ms 
214821     DEBUG Test worker     d.u.i.k.n.KeyIO           Load declarations of de.uka.ilkd.key.nparser.KeyAst$File:  <unknown>:1#1 
214821     INFO  Test worker     d.u.i.k.n.KeyIO           MODE: declarations took 0 ms 
214821     DEBUG Test worker     d.u.i.k.n.KeyIO           MODE: 2nd degree decls took 0 
214821     DEBUG Test worker     d.u.i.k.n.KeyIO           MODE: taclets took 0ms 
215717     INFO  Test worker     d.u.i.k.n.KeyIO           Parsing took 0 ms 
215717     DEBUG Test worker     d.u.i.k.n.KeyIO           Load declarations of de.uka.ilkd.key.nparser.KeyAst$File:  <unknown>:1#1 
215717     INFO  Test worker     d.u.i.k.n.KeyIO           MODE: declarations took 0 ms 
215717     DEBUG Test worker     d.u.i.k.n.KeyIO           MODE: 2nd degree decls took 0 
215717     DEBUG Test worker     d.u.i.k.n.KeyIO           MODE: taclets took 0ms 
216633     INFO  Test worker     d.u.i.k.n.KeyIO           Parsing took 0 ms 
216633     DEBUG Test worker     d.u.i.k.n.KeyIO           Load declarations of de.uka.ilkd.key.nparser.KeyAst$File:  <unknown>:1#1 
216633     INFO  Test worker     d.u.i.k.n.KeyIO           MODE: declarations took 0 ms 
216633     DEBUG Test worker     d.u.i.k.n.KeyIO           MODE: 2nd degree decls took 0 
216633     DEBUG Test worker     d.u.i.k.n.KeyIO           MODE: taclets took 0ms 
217518     INFO  Test worker     d.u.i.k.n.KeyIO           Parsing took 0 ms 
217518     DEBUG Test worker     d.u.i.k.n.KeyIO           Load declarations of de.uka.ilkd.key.nparser.KeyAst$File:  <unknown>:1#1 
217518     INFO  Test worker     d.u.i.k.n.KeyIO           MODE: declarations took 0 ms 
217518     DEBUG Test worker     d.u.i.k.n.KeyIO           MODE: 2nd degree decls took 0 
217518     DEBUG Test worker     d.u.i.k.n.KeyIO           MODE: taclets took 0ms 
218443     INFO  Test worker     d.u.i.k.n.KeyIO           Parsing took 0 ms 
218443     DEBUG Test worker     d.u.i.k.n.KeyIO           Load declarations of de.uka.ilkd.key.nparser.KeyAst$File:  <unknown>:1#1 
218443     INFO  Test worker     d.u.i.k.n.KeyIO           MODE: declarations took 0 ms 
218443     DEBUG Test worker     d.u.i.k.n.KeyIO           MODE: 2nd degree decls took 0 
218443     DEBUG Test worker     d.u.i.k.n.KeyIO           MODE: taclets took 0ms 
219295     INFO  Test worker     d.u.i.k.n.KeyIO           Parsing took 0 ms 
219295     DEBUG Test worker     d.u.i.k.n.KeyIO           Load declarations of de.uka.ilkd.key.nparser.KeyAst$File:  <unknown>:1#1 
219295     INFO  Test worker     d.u.i.k.n.KeyIO           MODE: declarations took 0 ms 
219295     DEBUG Test worker     d.u.i.k.n.KeyIO           MODE: 2nd degree decls took 0 
219295     DEBUG Test worker     d.u.i.k.n.KeyIO           MODE: taclets took 0ms 
220179     INFO  Test worker     d.u.i.k.n.KeyIO           Parsing took 0 ms 
220179     DEBUG Test worker     d.u.i.k.n.KeyIO           Load declarations of de.uka.ilkd.key.nparser.KeyAst$File:  <unknown>:1#1 
220179     INFO  Test worker     d.u.i.k.n.KeyIO           MODE: declarations took 0 ms 
220179     DEBUG Test worker     d.u.i.k.n.KeyIO           MODE: 2nd degree decls took 0 
220179     DEBUG Test worker     d.u.i.k.n.KeyIO           MODE: taclets took 0ms 
221016     INFO  Test worker     d.u.i.k.n.KeyIO           Parsing took 0 ms 
221016     DEBUG Test worker     d.u.i.k.n.KeyIO           Load declarations of de.uka.ilkd.key.nparser.KeyAst$File:  <unknown>:1#1 
221016     INFO  Test worker     d.u.i.k.n.KeyIO           MODE: declarations took 0 ms 
221016     DEBUG Test worker     d.u.i.k.n.KeyIO           MODE: 2nd degree decls took 0 
221016     DEBUG Test worker     d.u.i.k.n.KeyIO           MODE: taclets took 0ms 
221924     INFO  Test worker     d.u.i.k.n.KeyIO           Parsing took 0 ms 
221924     DEBUG Test worker     d.u.i.k.n.KeyIO           Load declarations of de.uka.ilkd.key.nparser.KeyAst$File:  <unknown>:1#1 
221924     INFO  Test worker     d.u.i.k.n.KeyIO           MODE: declarations took 0 ms 
221924     DEBUG Test worker     d.u.i.k.n.KeyIO           MODE: 2nd degree decls took 0 
221924     DEBUG Test worker     d.u.i.k.n.KeyIO           MODE: taclets took 0ms 
222799     INFO  Test worker     d.u.i.k.n.KeyIO           Parsing took 0 ms 
222799     DEBUG Test worker     d.u.i.k.n.KeyIO           Load declarations of de.uka.ilkd.key.nparser.KeyAst$File:  <unknown>:1#1 
222799     INFO  Test worker     d.u.i.k.n.KeyIO           MODE: declarations took 0 ms 
222799     DEBUG Test worker     d.u.i.k.n.KeyIO           MODE: 2nd degree decls took 0 
222799     DEBUG Test worker     d.u.i.k.n.KeyIO           MODE: taclets took 0ms 
]]></system-out>
  <system-err><![CDATA[]]></system-err>
</testsuite>
