<?xml version="1.0" encoding="UTF-8"?>
<testsuite name="de.uka.ilkd.key.taclettranslation.lemma.TestGenericRemovingLemmaGenerator" tests="1" skipped="0" failures="0" errors="0" timestamp="2023-05-26T13:50:41" hostname="fv-az811-346" time="0.012">
  <properties/>
  <testcase name="testRemovingGenericSorts()" classname="de.uka.ilkd.key.taclettranslation.lemma.TestGenericRemovingLemmaGenerator" time="0.012"/>
  <system-out><![CDATA[]]></system-out>
  <system-err><![CDATA[]]></system-err>
</testsuite>
