<?xml version="1.0" encoding="UTF-8"?>
<testsuite name="de.uka.ilkd.key.parser.TestTermParserSorts" tests="2" skipped="0" failures="0" errors="0" timestamp="2023-05-26T13:44:39" hostname="fv-az811-346" time="2.768">
  <properties/>
  <testcase name="testParseIntegerArgs()" classname="de.uka.ilkd.key.parser.TestTermParserSorts" time="0.014"/>
  <testcase name="testParseSequencePrettySyntax()" classname="de.uka.ilkd.key.parser.TestTermParserSorts" time="0.002"/>
  <system-out><![CDATA[412220     INFO  Test worker     d.u.i.k.n.KeyIO           Parsing took 0 ms 
412220     DEBUG Test worker     d.u.i.k.n.KeyIO           Load declarations of de.uka.ilkd.key.nparser.KeyAst$File:  <unknown>:1#1 
412220     INFO  Test worker     d.u.i.k.n.KeyIO           MODE: declarations took 0 ms 
412220     DEBUG Test worker     d.u.i.k.n.KeyIO           MODE: 2nd degree decls took 0 
412220     INFO  Test worker     d.u.i.k.n.KeyIO           Parsing took 0 ms 
412235     DEBUG Test worker     d.u.i.k.n.KeyIO           Load declarations of de.uka.ilkd.key.nparser.KeyAst$File:  <unknown>:1#1 
412235     INFO  Test worker     d.u.i.k.n.KeyIO           MODE: declarations took 0 ms 
412235     DEBUG Test worker     d.u.i.k.n.KeyIO           MODE: 2nd degree decls took 0 
412235     INFO  Test worker     d.u.i.k.n.KeyIO           Parsing took 0 ms 
412235     DEBUG Test worker     d.u.i.k.n.KeyIO           Load declarations of de.uka.ilkd.key.nparser.KeyAst$File:  <unknown>:1#1 
412235     INFO  Test worker     d.u.i.k.n.KeyIO           MODE: declarations took 0 ms 
412235     DEBUG Test worker     d.u.i.k.n.KeyIO           MODE: 2nd degree decls took 0 
414996     INFO  Test worker     d.u.i.k.n.KeyIO           Parsing took 0 ms 
414996     DEBUG Test worker     d.u.i.k.n.KeyIO           Load declarations of de.uka.ilkd.key.nparser.KeyAst$File:  <unknown>:1#1 
414996     INFO  Test worker     d.u.i.k.n.KeyIO           MODE: declarations took 0 ms 
414996     DEBUG Test worker     d.u.i.k.n.KeyIO           MODE: 2nd degree decls took 0 
414996     INFO  Test worker     d.u.i.k.n.KeyIO           Parsing took 0 ms 
414996     DEBUG Test worker     d.u.i.k.n.KeyIO           Load declarations of de.uka.ilkd.key.nparser.KeyAst$File:  <unknown>:1#1 
414996     INFO  Test worker     d.u.i.k.n.KeyIO           MODE: declarations took 0 ms 
414996     DEBUG Test worker     d.u.i.k.n.KeyIO           MODE: 2nd degree decls took 0 
414996     INFO  Test worker     d.u.i.k.n.KeyIO           Parsing took 0 ms 
414996     DEBUG Test worker     d.u.i.k.n.KeyIO           Load declarations of de.uka.ilkd.key.nparser.KeyAst$File:  <unknown>:1#1 
414996     INFO  Test worker     d.u.i.k.n.KeyIO           MODE: declarations took 0 ms 
414996     DEBUG Test worker     d.u.i.k.n.KeyIO           MODE: 2nd degree decls took 0 
]]></system-out>
  <system-err><![CDATA[]]></system-err>
</testsuite>
