<?xml version="1.0" encoding="UTF-8"?>
<testsuite name="de.uka.ilkd.key.rule.merge.PredicateAbstractionLatticeTests" tests="3" skipped="0" failures="0" errors="0" timestamp="2023-05-26T13:46:27" hostname="fv-az811-346" time="5.493">
  <properties/>
  <testcase name="testToAndFromString()" classname="de.uka.ilkd.key.rule.merge.PredicateAbstractionLatticeTests" time="2.712"/>
  <testcase name="testCreateSignLatticeWithPredicates()" classname="de.uka.ilkd.key.rule.merge.PredicateAbstractionLatticeTests" time="2.781"/>
  <testcase name="testTrivialPredicatesLattice()" classname="de.uka.ilkd.key.rule.merge.PredicateAbstractionLatticeTests" time="0.0"/>
  <system-out><![CDATA[519721     INFO  Test worker     d.u.i.k.p.i.AbstractProblemLoader Loading environment from src\test\resources\testcase\merge\dummy.key 
519721     DEBUG Test worker     d.u.i.k.p.i.AbstractProblemLoader Environment load took 368.1ns 
519721     INFO  Test worker     d.u.i.k.p.i.AbstractProblemLoader Creating init config 
522421     DEBUG Test worker     d.u.i.k.p.i.AbstractProblemLoader Init config took 2.69s 
522437     INFO  Test worker     d.u.i.k.p.i.AbstractProblemLoader Replaying proof dummy.key 
522437     DEBUG Test worker     d.u.i.k.p.i.IntermediateProofReplayer Proof replay took 9ns 
522437     INFO  Test worker     d.u.i.k.p.i.AbstractProblemLoader Loading environment from src\test\resources\testcase\merge\dummy.key 
522437     DEBUG Test worker     d.u.i.k.p.i.AbstractProblemLoader Environment load took 346ns 
522437     INFO  Test worker     d.u.i.k.p.i.AbstractProblemLoader Creating init config 
525199     DEBUG Test worker     d.u.i.k.p.i.AbstractProblemLoader Init config took 2.76s 
525215     INFO  Test worker     d.u.i.k.p.i.AbstractProblemLoader Replaying proof dummy.key 
525215     DEBUG Test worker     d.u.i.k.p.i.IntermediateProofReplayer Proof replay took 10.3ns 
]]></system-out>
  <system-err><![CDATA[]]></system-err>
</testsuite>
