<?xml version="1.0" encoding="UTF-8"?>
<testsuite name="de.uka.ilkd.key.rule.tacletbuilder.BranchNamingFunctionsTest" tests="5" skipped="0" failures="0" errors="0" timestamp="2023-05-26T13:46:32" hostname="fv-az811-346" time="0.021">
  <properties/>
  <testcase name="[1] \test, [\test]" classname="de.uka.ilkd.key.rule.tacletbuilder.BranchNamingFunctionsTest" time="0.006"/>
  <testcase name="[2] \test(a), [\test|a]" classname="de.uka.ilkd.key.rule.tacletbuilder.BranchNamingFunctionsTest" time="0.002"/>
  <testcase name="[3] \test(a,b), [\test|a|b]" classname="de.uka.ilkd.key.rule.tacletbuilder.BranchNamingFunctionsTest" time="0.003"/>
  <testcase name="[4] \test(    a, b  ), [\test|a|b]" classname="de.uka.ilkd.key.rule.tacletbuilder.BranchNamingFunctionsTest" time="0.002"/>
  <testcase name="[5] \test(    a, b  )XX\test(a) test: \test(a,b,c,d)end, [\test|a|b]XX[\test|a] test: [\test|a|b|c|d]end" classname="de.uka.ilkd.key.rule.tacletbuilder.BranchNamingFunctionsTest" time="0.007"/>
  <system-out><![CDATA[525246     INFO  Test worker     d.u.i.k.r.t.b.BranchNamingFunctions Register branch name function: \nameLabelOf 
525246     INFO  Test worker     d.u.i.k.r.t.b.BranchNamingFunctions Register branch name function: \test 
]]></system-out>
  <system-err><![CDATA[]]></system-err>
</testsuite>
