<?xml version="1.0" encoding="UTF-8"?>
<testsuite name="de.uka.ilkd.key.proof.TestOneStepSimplifier" tests="1" skipped="0" failures="0" errors="0" timestamp="2023-05-26T13:44:42" hostname="fv-az811-346" time="3.733">
  <properties/>
  <testcase name="loadWithRestriction()" classname="de.uka.ilkd.key.proof.TestOneStepSimplifier" time="3.733"/>
  <system-out><![CDATA[415043     INFO  Test worker     d.u.i.k.p.i.AbstractProblemLoader Loading environment from src\test\resources\testcase\ossRestriction.proof 
415059     DEBUG Test worker     d.u.i.k.p.i.AbstractProblemLoader Environment load took 208.6ns 
415059     INFO  Test worker     d.u.i.k.p.i.AbstractProblemLoader Creating init config 
415215     DEBUG Test worker     d.u.i.k.j.TypeConverter   No LDT found for Meta 
415215     DEBUG Test worker     d.u.i.k.j.TypeConverter   No LDT found for Meta 
415215     DEBUG Test worker     d.u.i.k.j.TypeConverter   No LDT found for Meta 
415215     DEBUG Test worker     d.u.i.k.j.TypeConverter   No LDT found for Meta 
415684     DEBUG Test worker     d.u.i.k.j.TypeConverter   No LDT found for JavaBigintExpression 
418738     DEBUG Test worker     d.u.i.k.p.i.AbstractProblemLoader Init config took 3.69s 
418769     INFO  Test worker     d.u.i.k.p.i.AbstractProblemLoader Replaying proof ossRestriction.proof 
418785     DEBUG Test worker     d.u.i.k.p.i.IntermediateProofReplayer Proof replay took 991.5ns 
]]></system-out>
  <system-err><![CDATA[]]></system-err>
</testsuite>
