<?xml version="1.0" encoding="UTF-8"?>
<testsuite name="de.uka.ilkd.key.rule.loop.LoopScopeInvRuleTests" tests="1" skipped="0" failures="0" errors="0" timestamp="2023-05-26T13:45:07" hostname="fv-az811-346" time="4.798">
  <properties/>
  <testcase name="testDoAutomaticProofOfBenchmarkWithLabeledBreaksAndContinues()" classname="de.uka.ilkd.key.rule.loop.LoopScopeInvRuleTests" time="4.798"/>
  <system-out><![CDATA[439919     INFO  Test worker     d.u.i.k.p.i.AbstractProblemLoader Loading environment from src\test\resources\testcase\loopScopeInvRule\Test.key 
439919     DEBUG Test worker     d.u.i.k.p.i.AbstractProblemLoader Environment load took 175.5ns 
439919     INFO  Test worker     d.u.i.k.p.i.AbstractProblemLoader Creating init config 
440028     DEBUG Test worker     d.u.i.k.j.TypeConverter   No LDT found for Meta 
440028     DEBUG Test worker     d.u.i.k.j.TypeConverter   No LDT found for Meta 
440028     DEBUG Test worker     d.u.i.k.j.TypeConverter   No LDT found for Meta 
440028     DEBUG Test worker     d.u.i.k.j.TypeConverter   No LDT found for Meta 
440670     DEBUG Test worker     d.u.i.k.j.TypeConverter   No LDT found for JavaBigintExpression 
444032     DEBUG Test worker     d.u.i.k.p.i.AbstractProblemLoader Init config took 4.12s 
444079     INFO  Test worker     d.u.i.k.p.i.AbstractProblemLoader Replaying proof Test[Test::loopScopeRuleBenchmark(int,boolean)].JML normal_behavior operation contract.0 
444079     DEBUG Test worker     d.u.i.k.p.i.IntermediateProofReplayer Proof replay took 58.3ns 
]]></system-out>
  <system-err><![CDATA[]]></system-err>
</testsuite>
