<?xml version="1.0" encoding="UTF-8"?>
<testsuite name="de.uka.ilkd.key.taclettranslation.TestTacletTranslator" tests="5" skipped="0" failures="0" errors="0" timestamp="2023-05-26T13:50:41" hostname="fv-az811-346" time="0.019">
  <properties/>
  <testcase name="testPropositional1()" classname="de.uka.ilkd.key.taclettranslation.TestTacletTranslator" time="0.008"/>
  <testcase name="testPropositional2()" classname="de.uka.ilkd.key.taclettranslation.TestTacletTranslator" time="0.003"/>
  <testcase name="testNegativePolarity()" classname="de.uka.ilkd.key.taclettranslation.TestTacletTranslator" time="0.002"/>
  <testcase name="testNoPolarity()" classname="de.uka.ilkd.key.taclettranslation.TestTacletTranslator" time="0.003"/>
  <testcase name="testPositivePolarity()" classname="de.uka.ilkd.key.taclettranslation.TestTacletTranslator" time="0.002"/>
  <system-out><![CDATA[773659     INFO  Test worker     d.u.i.k.n.KeyIO           Parsing took 0 ms 
773659     DEBUG Test worker     d.u.i.k.n.KeyIO           Load declarations of de.uka.ilkd.key.nparser.KeyAst$File:  <unknown>:1#1 
773659     INFO  Test worker     d.u.i.k.n.KeyIO           MODE: declarations took 0 ms 
773659     DEBUG Test worker     d.u.i.k.n.KeyIO           MODE: 2nd degree decls took 0 
773659     DEBUG Test worker     d.u.i.k.n.KeyIO           MODE: taclets took 0ms 
773674     INFO  Test worker     d.u.i.k.n.KeyIO           Parsing took 0 ms 
773674     DEBUG Test worker     d.u.i.k.n.KeyIO           Load declarations of de.uka.ilkd.key.nparser.KeyAst$File:  <unknown>:1#1 
773674     INFO  Test worker     d.u.i.k.n.KeyIO           MODE: declarations took 0 ms 
773674     DEBUG Test worker     d.u.i.k.n.KeyIO           MODE: 2nd degree decls took 0 
773674     DEBUG Test worker     d.u.i.k.n.KeyIO           MODE: taclets took 0ms 
773674     INFO  Test worker     d.u.i.k.n.KeyIO           Parsing took 0 ms 
773674     DEBUG Test worker     d.u.i.k.n.KeyIO           Load declarations of de.uka.ilkd.key.nparser.KeyAst$File:  <unknown>:1#1 
773674     INFO  Test worker     d.u.i.k.n.KeyIO           MODE: declarations took 0 ms 
773674     DEBUG Test worker     d.u.i.k.n.KeyIO           MODE: 2nd degree decls took 0 
773674     DEBUG Test worker     d.u.i.k.n.KeyIO           MODE: taclets took 0ms 
773674     INFO  Test worker     d.u.i.k.n.KeyIO           Parsing took 0 ms 
773674     DEBUG Test worker     d.u.i.k.n.KeyIO           Load declarations of de.uka.ilkd.key.nparser.KeyAst$File:  <unknown>:1#1 
773674     INFO  Test worker     d.u.i.k.n.KeyIO           MODE: declarations took 0 ms 
773674     DEBUG Test worker     d.u.i.k.n.KeyIO           MODE: 2nd degree decls took 0 
773674     DEBUG Test worker     d.u.i.k.n.KeyIO           MODE: taclets took 0ms 
773674     INFO  Test worker     d.u.i.k.n.KeyIO           Parsing took 0 ms 
773674     DEBUG Test worker     d.u.i.k.n.KeyIO           Load declarations of de.uka.ilkd.key.nparser.KeyAst$File:  <unknown>:1#1 
773674     INFO  Test worker     d.u.i.k.n.KeyIO           MODE: declarations took 0 ms 
773674     DEBUG Test worker     d.u.i.k.n.KeyIO           MODE: 2nd degree decls took 0 
773674     DEBUG Test worker     d.u.i.k.n.KeyIO           MODE: taclets took 0ms 
]]></system-out>
  <system-err><![CDATA[]]></system-err>
</testsuite>
