<?xml version="1.0" encoding="UTF-8"?>
<testsuite name="de.uka.ilkd.key.logic.TestTermLabelManager" tests="21" skipped="0" failures="0" errors="0" timestamp="2023-05-26T13:39:36" hostname="fv-az811-346" time="53.992">
  <properties/>
  <testcase name="testInstantiateLabels_directChildPolicies_allRules()" classname="de.uka.ilkd.key.logic.TestTermLabelManager" time="3.917"/>
  <testcase name="testInstantiateLabels_childAndGrandchildPolicies_ruleSpecific()" classname="de.uka.ilkd.key.logic.TestTermLabelManager" time="2.716"/>
  <testcase name="testParseLabel()" classname="de.uka.ilkd.key.logic.TestTermLabelManager" time="2.706"/>
  <testcase name="testrefactorGoal_childrenAndGrandchildren_ruleSpecific()" classname="de.uka.ilkd.key.logic.TestTermLabelManager" time="2.707"/>
  <testcase name="testrefactorGoal_directChildren_allRules()" classname="de.uka.ilkd.key.logic.TestTermLabelManager" time="2.735"/>
  <testcase name="testInstantiateLabels_childAndGrandchildPolicies_allRules()" classname="de.uka.ilkd.key.logic.TestTermLabelManager" time="2.715"/>
  <testcase name="testInstantiateLabels_taclet()" classname="de.uka.ilkd.key.logic.TestTermLabelManager" time="2.753"/>
  <testcase name="testrefactorGoal_none_ruleSpecific()" classname="de.uka.ilkd.key.logic.TestTermLabelManager" time="2.73"/>
  <testcase name="testInstantiateLabels_updates_ruleSpecific()" classname="de.uka.ilkd.key.logic.TestTermLabelManager" time="2.722"/>
  <testcase name="testrefactorGoal_sequent_ruleSpecific()" classname="de.uka.ilkd.key.logic.TestTermLabelManager" time="2.709"/>
  <testcase name="testInstantiateLabels_updates_allRules()" classname="de.uka.ilkd.key.logic.TestTermLabelManager" time="2.703"/>
  <testcase name="testrefactorGoal_sequent_allRules()" classname="de.uka.ilkd.key.logic.TestTermLabelManager" time="3.294"/>
  <testcase name="testrefactorGoal_childrenAndGrandchildren_allRules()" classname="de.uka.ilkd.key.logic.TestTermLabelManager" time="2.753"/>
  <testcase name="testGetTermLabelManager()" classname="de.uka.ilkd.key.logic.TestTermLabelManager" time="0.004"/>
  <testcase name="testInstantiateLabels_applicationTermPolicies()" classname="de.uka.ilkd.key.logic.TestTermLabelManager" time="2.721"/>
  <testcase name="testInstantiateLabels_modalityTermPolicies()" classname="de.uka.ilkd.key.logic.TestTermLabelManager" time="3.047"/>
  <testcase name="testrefactorGoal_none_allRules()" classname="de.uka.ilkd.key.logic.TestTermLabelManager" time="2.867"/>
  <testcase name="testInstantiateLabels_null()" classname="de.uka.ilkd.key.logic.TestTermLabelManager" time="0.0"/>
  <testcase name="testrefactorGoal_directChildren_ruleSpecific()" classname="de.uka.ilkd.key.logic.TestTermLabelManager" time="2.78"/>
  <testcase name="testInstantiateLabels_directChildPolicies_ruleSpecific()" classname="de.uka.ilkd.key.logic.TestTermLabelManager" time="2.715"/>
  <testcase name="testGetSupportedTermLabelNames()" classname="de.uka.ilkd.key.logic.TestTermLabelManager" time="2.677"/>
  <system-out><![CDATA[108737     INFO  Test worker     d.u.i.k.p.i.AbstractProblemLoader Loading environment from src\test\resources\testcase\termLabels\flatSteps\FlatSteps.java 
108737     DEBUG Test worker     d.u.i.k.p.i.AbstractProblemLoader Environment load took 268.8ns 
108752     INFO  Test worker     d.u.i.k.p.i.AbstractProblemLoader Creating init config 
108909     DEBUG Test worker     d.u.i.k.j.TypeConverter   No LDT found for Meta 
108909     DEBUG Test worker     d.u.i.k.j.TypeConverter   No LDT found for Meta 
108909     DEBUG Test worker     d.u.i.k.j.TypeConverter   No LDT found for Meta 
108909     DEBUG Test worker     d.u.i.k.j.TypeConverter   No LDT found for Meta 
109534     DEBUG Test worker     d.u.i.k.j.TypeConverter   No LDT found for JavaBigintExpression 
112654     DEBUG Test worker     d.u.i.k.p.i.AbstractProblemLoader Init config took 3.91s 
112654     INFO  Test worker     d.u.i.k.p.i.AbstractProblemLoader Loading environment from src\test\resources\testcase\termLabels\flatSteps\FlatSteps.java 
112654     DEBUG Test worker     d.u.i.k.p.i.AbstractProblemLoader Environment load took 553.9ns 
112654     INFO  Test worker     d.u.i.k.p.i.AbstractProblemLoader Creating init config 
115363     DEBUG Test worker     d.u.i.k.p.i.AbstractProblemLoader Init config took 2.71s 
115378     INFO  Test worker     d.u.i.k.p.i.AbstractProblemLoader Loading environment from src\test\resources\testcase\termLabels\flatSteps\FlatSteps.java 
115378     DEBUG Test worker     d.u.i.k.p.i.AbstractProblemLoader Environment load took 296.3ns 
115378     INFO  Test worker     d.u.i.k.p.i.AbstractProblemLoader Creating init config 
118078     DEBUG Test worker     d.u.i.k.p.i.AbstractProblemLoader Init config took 2.7s 
118078     INFO  Test worker     d.u.i.k.p.i.AbstractProblemLoader Loading environment from src\test\resources\testcase\termLabels\flatSteps\FlatSteps.java 
118078     DEBUG Test worker     d.u.i.k.p.i.AbstractProblemLoader Environment load took 230.5ns 
118078     INFO  Test worker     d.u.i.k.p.i.AbstractProblemLoader Creating init config 
120775     DEBUG Test worker     d.u.i.k.p.i.AbstractProblemLoader Init config took 2.69s 
120790     INFO  Test worker     d.u.i.k.p.i.AbstractProblemLoader Loading environment from src\test\resources\testcase\termLabels\flatSteps\FlatSteps.java 
120790     DEBUG Test worker     d.u.i.k.p.i.AbstractProblemLoader Environment load took 176.9ns 
120790     INFO  Test worker     d.u.i.k.p.i.AbstractProblemLoader Creating init config 
123508     DEBUG Test worker     d.u.i.k.p.i.AbstractProblemLoader Init config took 2.71s 
123524     INFO  Test worker     d.u.i.k.p.i.AbstractProblemLoader Loading environment from src\test\resources\testcase\termLabels\flatSteps\FlatSteps.java 
123524     DEBUG Test worker     d.u.i.k.p.i.AbstractProblemLoader Environment load took 180.6ns 
123524     INFO  Test worker     d.u.i.k.p.i.AbstractProblemLoader Creating init config 
126226     DEBUG Test worker     d.u.i.k.p.i.AbstractProblemLoader Init config took 2.71s 
126242     INFO  Test worker     d.u.i.k.p.i.AbstractProblemLoader Loading environment from src\test\resources\testcase\termLabels\flatSteps\FlatSteps.java 
126242     DEBUG Test worker     d.u.i.k.p.i.AbstractProblemLoader Environment load took 201.6ns 
126246     INFO  Test worker     d.u.i.k.p.i.AbstractProblemLoader Creating init config 
128978     DEBUG Test worker     d.u.i.k.p.i.AbstractProblemLoader Init config took 2.75s 
128994     INFO  Test worker     d.u.i.k.p.i.AbstractProblemLoader Loading environment from src\test\resources\testcase\termLabels\flatSteps\FlatSteps.java 
128994     DEBUG Test worker     d.u.i.k.p.i.AbstractProblemLoader Environment load took 547.3ns 
128994     INFO  Test worker     d.u.i.k.p.i.AbstractProblemLoader Creating init config 
131713     DEBUG Test worker     d.u.i.k.p.i.AbstractProblemLoader Init config took 2.72s 
131729     INFO  Test worker     d.u.i.k.p.i.AbstractProblemLoader Loading environment from src\test\resources\testcase\termLabels\flatSteps\FlatSteps.java 
131729     DEBUG Test worker     d.u.i.k.p.i.AbstractProblemLoader Environment load took 831.1ns 
131729     INFO  Test worker     d.u.i.k.p.i.AbstractProblemLoader Creating init config 
134433     DEBUG Test worker     d.u.i.k.p.i.AbstractProblemLoader Init config took 2.71s 
134449     INFO  Test worker     d.u.i.k.p.i.AbstractProblemLoader Loading environment from src\test\resources\testcase\termLabels\flatSteps\FlatSteps.java 
134449     DEBUG Test worker     d.u.i.k.p.i.AbstractProblemLoader Environment load took 202.3ns 
134449     INFO  Test worker     d.u.i.k.p.i.AbstractProblemLoader Creating init config 
137135     DEBUG Test worker     d.u.i.k.p.i.AbstractProblemLoader Init config took 2.69s 
137161     INFO  Test worker     d.u.i.k.p.i.AbstractProblemLoader Loading environment from src\test\resources\testcase\termLabels\flatSteps\FlatSteps.java 
137161     DEBUG Test worker     d.u.i.k.p.i.AbstractProblemLoader Environment load took 206.5ns 
137161     INFO  Test worker     d.u.i.k.p.i.AbstractProblemLoader Creating init config 
139846     DEBUG Test worker     d.u.i.k.p.i.AbstractProblemLoader Init config took 2.7s 
139862     INFO  Test worker     d.u.i.k.p.i.AbstractProblemLoader Loading environment from src\test\resources\testcase\termLabels\flatSteps\FlatSteps.java 
139862     DEBUG Test worker     d.u.i.k.p.i.AbstractProblemLoader Environment load took 581.7ns 
139862     INFO  Test worker     d.u.i.k.p.i.AbstractProblemLoader Creating init config 
143141     DEBUG Test worker     d.u.i.k.p.i.AbstractProblemLoader Init config took 3.28s 
143156     INFO  Test worker     d.u.i.k.p.i.AbstractProblemLoader Loading environment from src\test\resources\testcase\termLabels\flatSteps\FlatSteps.java 
143156     DEBUG Test worker     d.u.i.k.p.i.AbstractProblemLoader Environment load took 558.7ns 
143156     INFO  Test worker     d.u.i.k.p.i.AbstractProblemLoader Creating init config 
145901     DEBUG Test worker     d.u.i.k.p.i.AbstractProblemLoader Init config took 2.74s 
145916     INFO  Test worker     d.u.i.k.p.i.AbstractProblemLoader Loading environment from src\test\resources\testcase\termLabels\flatSteps\FlatSteps.java 
145916     DEBUG Test worker     d.u.i.k.p.i.AbstractProblemLoader Environment load took 537.9ns 
145916     INFO  Test worker     d.u.i.k.p.i.AbstractProblemLoader Creating init config 
148623     DEBUG Test worker     d.u.i.k.p.i.AbstractProblemLoader Init config took 2.71s 
148639     INFO  Test worker     d.u.i.k.p.i.AbstractProblemLoader Loading environment from src\test\resources\testcase\termLabels\flatSteps\FlatSteps.java 
148639     DEBUG Test worker     d.u.i.k.p.i.AbstractProblemLoader Environment load took 254.8ns 
148639     INFO  Test worker     d.u.i.k.p.i.AbstractProblemLoader Creating init config 
151687     DEBUG Test worker     d.u.i.k.p.i.AbstractProblemLoader Init config took 3.05s 
151687     INFO  Test worker     d.u.i.k.p.i.AbstractProblemLoader Loading environment from src\test\resources\testcase\termLabels\flatSteps\FlatSteps.java 
151687     DEBUG Test worker     d.u.i.k.p.i.AbstractProblemLoader Environment load took 191.1ns 
151687     INFO  Test worker     d.u.i.k.p.i.AbstractProblemLoader Creating init config 
154544     DEBUG Test worker     d.u.i.k.p.i.AbstractProblemLoader Init config took 2.85s 
154559     INFO  Test worker     d.u.i.k.p.i.AbstractProblemLoader Loading environment from src\test\resources\testcase\termLabels\flatSteps\FlatSteps.java 
154559     DEBUG Test worker     d.u.i.k.p.i.AbstractProblemLoader Environment load took 189.5ns 
154559     INFO  Test worker     d.u.i.k.p.i.AbstractProblemLoader Creating init config 
157319     DEBUG Test worker     d.u.i.k.p.i.AbstractProblemLoader Init config took 2.76s 
157335     INFO  Test worker     d.u.i.k.p.i.AbstractProblemLoader Loading environment from src\test\resources\testcase\termLabels\flatSteps\FlatSteps.java 
157335     DEBUG Test worker     d.u.i.k.p.i.AbstractProblemLoader Environment load took 565ns 
157335     INFO  Test worker     d.u.i.k.p.i.AbstractProblemLoader Creating init config 
160044     DEBUG Test worker     d.u.i.k.p.i.AbstractProblemLoader Init config took 2.71s 
160044     INFO  Test worker     d.u.i.k.p.i.AbstractProblemLoader Loading environment from src\test\resources\testcase\termLabels\flatSteps\FlatSteps.java 
160044     DEBUG Test worker     d.u.i.k.p.i.AbstractProblemLoader Environment load took 920.4ns 
160059     INFO  Test worker     d.u.i.k.p.i.AbstractProblemLoader Creating init config 
162729     DEBUG Test worker     d.u.i.k.p.i.AbstractProblemLoader Init config took 2.68s 
]]></system-out>
  <system-err><![CDATA[]]></system-err>
</testsuite>
