<?xml version="1.0" encoding="UTF-8"?>
<testsuite name="de.uka.ilkd.key.parser.TestDeclParser" tests="14" skipped="2" failures="0" errors="0" timestamp="2023-06-05T08:17:39" hostname="fv-az790-687" time="16.102">
  <properties/>
  <testcase name="testGenericSortDecl1()" classname="de.uka.ilkd.key.parser.TestDeclParser" time="1.408"/>
  <testcase name="testGenericSortDecl2()" classname="de.uka.ilkd.key.parser.TestDeclParser" time="1.335"/>
  <testcase name="testGenericSortDecl3()" classname="de.uka.ilkd.key.parser.TestDeclParser" time="1.33"/>
  <testcase name="testGenericSortDecl4()" classname="de.uka.ilkd.key.parser.TestDeclParser" time="1.329"/>
  <testcase name="testGenericSortDecl5()" classname="de.uka.ilkd.key.parser.TestDeclParser" time="0.0">
    <skipped/>
  </testcase>
  <testcase name="testGenericSortDecl6()" classname="de.uka.ilkd.key.parser.TestDeclParser" time="1.345"/>
  <testcase name="testSortDecl()" classname="de.uka.ilkd.key.parser.TestDeclParser" time="1.345"/>
  <testcase name="testProxySortDecl()" classname="de.uka.ilkd.key.parser.TestDeclParser" time="1.342"/>
  <testcase name="testArrayDecl()" classname="de.uka.ilkd.key.parser.TestDeclParser" time="1.327"/>
  <testcase name="testAmbiguousDecls()" classname="de.uka.ilkd.key.parser.TestDeclParser" time="0.0">
    <skipped/>
  </testcase>
  <testcase name="testHeurDecl()" classname="de.uka.ilkd.key.parser.TestDeclParser" time="1.339"/>
  <testcase name="testFunctionDecl()" classname="de.uka.ilkd.key.parser.TestDeclParser" time="1.326"/>
  <testcase name="testPredicateDecl()" classname="de.uka.ilkd.key.parser.TestDeclParser" time="1.337"/>
  <testcase name="testSVDecl()" classname="de.uka.ilkd.key.parser.TestDeclParser" time="1.334"/>
  <system-out><![CDATA[312959     INFO  Test worker     d.u.i.k.n.KeyIO           Parsing took 1 ms 
312960     DEBUG Test worker     d.u.i.k.n.KeyIO           Load declarations of de.uka.ilkd.key.nparser.KeyAst$File:  <unknown>:1#1 
312961     INFO  Test worker     d.u.i.k.n.KeyIO           MODE: declarations took 1 ms 
312961     DEBUG Test worker     d.u.i.k.n.KeyIO           MODE: 2nd degree decls took 0 
312961     DEBUG Test worker     d.u.i.k.n.KeyIO           MODE: taclets took 0ms 
314295     INFO  Test worker     d.u.i.k.n.KeyIO           Parsing took 0 ms 
314295     DEBUG Test worker     d.u.i.k.n.KeyIO           Load declarations of de.uka.ilkd.key.nparser.KeyAst$File:  <unknown>:1#1 
314296     INFO  Test worker     d.u.i.k.n.KeyIO           MODE: declarations took 1 ms 
314296     DEBUG Test worker     d.u.i.k.n.KeyIO           MODE: 2nd degree decls took 0 
314296     DEBUG Test worker     d.u.i.k.n.KeyIO           MODE: taclets took 0ms 
315627     INFO  Test worker     d.u.i.k.n.KeyIO           Parsing took 0 ms 
315627     DEBUG Test worker     d.u.i.k.n.KeyIO           Load declarations of de.uka.ilkd.key.nparser.KeyAst$File:  <unknown>:1#1 
315627     INFO  Test worker     d.u.i.k.n.KeyIO           MODE: declarations took 0 ms 
315627     DEBUG Test worker     d.u.i.k.n.KeyIO           MODE: 2nd degree decls took 0 
315627     DEBUG Test worker     d.u.i.k.n.KeyIO           MODE: taclets took 0ms 
316955     INFO  Test worker     d.u.i.k.n.KeyIO           Parsing took 0 ms 
316955     DEBUG Test worker     d.u.i.k.n.KeyIO           Load declarations of de.uka.ilkd.key.nparser.KeyAst$File:  <unknown>:1#1 
316956     INFO  Test worker     d.u.i.k.n.KeyIO           MODE: declarations took 1 ms 
316956     DEBUG Test worker     d.u.i.k.n.KeyIO           MODE: 2nd degree decls took 0 
316956     DEBUG Test worker     d.u.i.k.n.KeyIO           MODE: taclets took 0ms 
318302     INFO  Test worker     d.u.i.k.n.KeyIO           Parsing took 0 ms 
318302     DEBUG Test worker     d.u.i.k.n.KeyIO           Load declarations of de.uka.ilkd.key.nparser.KeyAst$File:  <unknown>:1#1 
318302     INFO  Test worker     d.u.i.k.n.KeyIO           MODE: declarations took 0 ms 
318302     DEBUG Test worker     d.u.i.k.n.KeyIO           MODE: 2nd degree decls took 0 
318302     DEBUG Test worker     d.u.i.k.n.KeyIO           MODE: taclets took 0ms 
319648     INFO  Test worker     d.u.i.k.n.KeyIO           Parsing took 0 ms 
319648     DEBUG Test worker     d.u.i.k.n.KeyIO           Load declarations of de.uka.ilkd.key.nparser.KeyAst$File:  <unknown>:1#1 
319648     INFO  Test worker     d.u.i.k.n.KeyIO           MODE: declarations took 0 ms 
319648     DEBUG Test worker     d.u.i.k.n.KeyIO           MODE: 2nd degree decls took 0 
319648     DEBUG Test worker     d.u.i.k.n.KeyIO           MODE: taclets took 0ms 
320989     INFO  Test worker     d.u.i.k.n.KeyIO           Parsing took 0 ms 
320990     DEBUG Test worker     d.u.i.k.n.KeyIO           Load declarations of de.uka.ilkd.key.nparser.KeyAst$File:  <unknown>:1#1 
320990     INFO  Test worker     d.u.i.k.n.KeyIO           MODE: declarations took 0 ms 
320991     DEBUG Test worker     d.u.i.k.n.KeyIO           MODE: 2nd degree decls took 0 
320991     DEBUG Test worker     d.u.i.k.n.KeyIO           MODE: taclets took 0ms 
322317     INFO  Test worker     d.u.i.k.n.KeyIO           Parsing took 0 ms 
322317     DEBUG Test worker     d.u.i.k.n.KeyIO           Load declarations of de.uka.ilkd.key.nparser.KeyAst$File:  <unknown>:1#1 
322317     INFO  Test worker     d.u.i.k.n.KeyIO           MODE: declarations took 0 ms 
322318     DEBUG Test worker     d.u.i.k.n.KeyIO           MODE: 2nd degree decls took 1 
322318     DEBUG Test worker     d.u.i.k.n.KeyIO           MODE: taclets took 0ms 
323657     INFO  Test worker     d.u.i.k.n.KeyIO           Parsing took 0 ms 
323657     DEBUG Test worker     d.u.i.k.n.KeyIO           Load declarations of de.uka.ilkd.key.nparser.KeyAst$File:  <unknown>:1#1 
323657     INFO  Test worker     d.u.i.k.n.KeyIO           MODE: declarations took 0 ms 
323657     DEBUG Test worker     d.u.i.k.n.KeyIO           MODE: 2nd degree decls took 0 
323657     DEBUG Test worker     d.u.i.k.n.KeyIO           MODE: taclets took 0ms 
324983     INFO  Test worker     d.u.i.k.n.KeyIO           Parsing took 0 ms 
324983     DEBUG Test worker     d.u.i.k.n.KeyIO           Load declarations of de.uka.ilkd.key.nparser.KeyAst$File:  <unknown>:1#1 
324983     INFO  Test worker     d.u.i.k.n.KeyIO           MODE: declarations took 0 ms 
324983     DEBUG Test worker     d.u.i.k.n.KeyIO           MODE: 2nd degree decls took 0 
324984     DEBUG Test worker     d.u.i.k.n.KeyIO           MODE: taclets took 0ms 
326320     INFO  Test worker     d.u.i.k.n.KeyIO           Parsing took 0 ms 
326320     DEBUG Test worker     d.u.i.k.n.KeyIO           Load declarations of de.uka.ilkd.key.nparser.KeyAst$File:  <unknown>:1#1 
326321     INFO  Test worker     d.u.i.k.n.KeyIO           MODE: declarations took 1 ms 
326321     DEBUG Test worker     d.u.i.k.n.KeyIO           MODE: 2nd degree decls took 0 
326321     DEBUG Test worker     d.u.i.k.n.KeyIO           MODE: taclets took 0ms 
327654     INFO  Test worker     d.u.i.k.n.KeyIO           Parsing took 0 ms 
327654     DEBUG Test worker     d.u.i.k.n.KeyIO           Load declarations of de.uka.ilkd.key.nparser.KeyAst$File:  <unknown>:1#1 
327654     INFO  Test worker     d.u.i.k.n.KeyIO           MODE: declarations took 0 ms 
327654     DEBUG Test worker     d.u.i.k.n.KeyIO           MODE: 2nd degree decls took 0 
327654     DEBUG Test worker     d.u.i.k.n.KeyIO           MODE: taclets took 0ms 
]]></system-out>
  <system-err><![CDATA[]]></system-err>
</testsuite>
