<?xml version="1.0" encoding="UTF-8"?>
<testsuite name="de.uka.ilkd.key.parser.TestTacletParser" tests="20" skipped="0" failures="0" errors="0" timestamp="2023-06-05T08:19:52" hostname="fv-az790-687" time="0.099">
  <properties/>
  <testcase name="testAllRight()" classname="de.uka.ilkd.key.parser.TestTacletParser" time="0.002"/>
  <testcase name="testSchemaJava0()" classname="de.uka.ilkd.key.parser.TestTacletParser" time="0.002"/>
  <testcase name="testSchemaJava1()" classname="de.uka.ilkd.key.parser.TestTacletParser" time="0.016"/>
  <testcase name="testSchemaJava2()" classname="de.uka.ilkd.key.parser.TestTacletParser" time="0.003"/>
  <testcase name="testSchemaJava4()" classname="de.uka.ilkd.key.parser.TestTacletParser" time="0.003"/>
  <testcase name="testSchemaJava6()" classname="de.uka.ilkd.key.parser.TestTacletParser" time="0.011"/>
  <testcase name="testSchemaJava8()" classname="de.uka.ilkd.key.parser.TestTacletParser" time="0.002"/>
  <testcase name="testCut()" classname="de.uka.ilkd.key.parser.TestTacletParser" time="0.001"/>
  <testcase name="testMakeInsertEq()" classname="de.uka.ilkd.key.parser.TestTacletParser" time="0.012"/>
  <testcase name="testAllLeft()" classname="de.uka.ilkd.key.parser.TestTacletParser" time="0.002"/>
  <testcase name="testClose()" classname="de.uka.ilkd.key.parser.TestTacletParser" time="0.001"/>
  <testcase name="testSchemaJava10()" classname="de.uka.ilkd.key.parser.TestTacletParser" time="0.002"/>
  <testcase name="testSchemaJava11()" classname="de.uka.ilkd.key.parser.TestTacletParser" time="0.012"/>
  <testcase name="testFIdempotent()" classname="de.uka.ilkd.key.parser.TestTacletParser" time="0.001"/>
  <testcase name="testImpRight()" classname="de.uka.ilkd.key.parser.TestTacletParser" time="0.002"/>
  <testcase name="testVarcondNew()" classname="de.uka.ilkd.key.parser.TestTacletParser" time="0.014"/>
  <testcase name="testFreeReplacewithVariables()" classname="de.uka.ilkd.key.parser.TestTacletParser" time="0.002"/>
  <testcase name="testImpLeft()" classname="de.uka.ilkd.key.parser.TestTacletParser" time="0.002"/>
  <testcase name="testContraposition()" classname="de.uka.ilkd.key.parser.TestTacletParser" time="0.005"/>
  <testcase name="testExConjSplit()" classname="de.uka.ilkd.key.parser.TestTacletParser" time="0.001"/>
  <system-out><![CDATA[445139     INFO  Test worker     d.u.i.k.n.KeyIO           Parsing took 0 ms 
445139     DEBUG Test worker     d.u.i.k.n.KeyIO           Load declarations of de.uka.ilkd.key.nparser.KeyAst$File:  <unknown>:1#1 
445139     INFO  Test worker     d.u.i.k.n.KeyIO           MODE: declarations took 0 ms 
445139     DEBUG Test worker     d.u.i.k.n.KeyIO           MODE: 2nd degree decls took 0 
445140     DEBUG Test worker     d.u.i.k.n.KeyIO           MODE: taclets took 1ms 
445141     INFO  Test worker     d.u.i.k.n.KeyIO           Parsing took 1 ms 
445141     DEBUG Test worker     d.u.i.k.n.KeyIO           Load declarations of de.uka.ilkd.key.nparser.KeyAst$File:  <unknown>:2#1 
445141     INFO  Test worker     d.u.i.k.n.KeyIO           MODE: declarations took 0 ms 
445141     DEBUG Test worker     d.u.i.k.n.KeyIO           MODE: 2nd degree decls took 0 
445141     DEBUG Test worker     d.u.i.k.n.KeyIO           MODE: taclets took 0ms 
445142     INFO  Test worker     d.u.i.k.n.KeyIO           Parsing took 1 ms 
445142     DEBUG Test worker     d.u.i.k.n.KeyIO           Load declarations of de.uka.ilkd.key.nparser.KeyAst$File:  <unknown>:1#1 
445142     INFO  Test worker     d.u.i.k.n.KeyIO           MODE: declarations took 0 ms 
445142     DEBUG Test worker     d.u.i.k.n.KeyIO           MODE: 2nd degree decls took 0 
445142     DEBUG Test worker     d.u.i.k.n.KeyIO           MODE: taclets took 0ms 
445142     INFO  Test worker     d.u.i.k.n.KeyIO           Parsing took 0 ms 
445142     DEBUG Test worker     d.u.i.k.n.KeyIO           Load declarations of de.uka.ilkd.key.nparser.KeyAst$File:  <unknown>:2#1 
445142     INFO  Test worker     d.u.i.k.n.KeyIO           MODE: declarations took 0 ms 
445142     DEBUG Test worker     d.u.i.k.n.KeyIO           MODE: 2nd degree decls took 0 
445143     DEBUG Test worker     d.u.i.k.n.KeyIO           MODE: taclets took 1ms 
445144     INFO  Test worker     d.u.i.k.n.KeyIO           Parsing took 0 ms 
445144     DEBUG Test worker     d.u.i.k.n.KeyIO           Load declarations of de.uka.ilkd.key.nparser.KeyAst$File:  <unknown>:1#1 
445144     INFO  Test worker     d.u.i.k.n.KeyIO           MODE: declarations took 0 ms 
445144     DEBUG Test worker     d.u.i.k.n.KeyIO           MODE: 2nd degree decls took 0 
445144     DEBUG Test worker     d.u.i.k.n.KeyIO           MODE: taclets took 0ms 
445155     WARN  Test worker     d.u.i.k.n.KeYParser       [syntax-error] <unknown>:2:21: extraneous input '<' expecting {MODALITY, FORALL, EXISTS, '\if', '\ifEx', 'true', 'false', '(', ')', '{', '@', NOT, '-', STRING_LITERAL, CHAR_LITERAL, BIN_LITERAL, HEX_LITERAL, IDENT, INT_LITERAL, FLOAT_LITERAL, DOUBLE_LITERAL, REAL_LITERAL} [@12,22:22='<',<173>,2:21] (argument_list, call, accessterm, primitive_term, primitive_labeled_term, bracket_term, atom_prefix, strong_arith_term_2, strong_arith_term_1, weak_arith_term, comparison_term, equality_term, term60, conjunction_term, disjunction_term, implication_term, equivalence_term, elementary_update_term, parallel_term, term, taclet, rulesOrAxioms, decls, file) 
445158     WARN  Test worker     d.u.i.k.n.KeYParser       [syntax-error] <unknown>:2:23: no viable alternative at input '{..' [@14,24:25='..',<144>,2:23] (atom_prefix, strong_arith_term_2, strong_arith_term_1, weak_arith_term, comparison_term, equality_term, term60, conjunction_term, disjunction_term, implication_term, equivalence_term, elementary_update_term, parallel_term, term, argument_list, call, accessterm, primitive_term, primitive_labeled_term, bracket_term, atom_prefix, strong_arith_term_2, strong_arith_term_1, weak_arith_term, comparison_term, equality_term, term60, conjunction_term, disjunction_term, implication_term, equivalence_term, elementary_update_term, parallel_term, term, taclet, rulesOrAxioms, decls, file) 
445159     WARN  Test worker     d.u.i.k.n.KeYParser       [syntax-error] <unknown>:2:33: mismatched input ';' expecting {',', ')'} [@21,34:34=';',<138>,2:33] (argument_list, call, accessterm, primitive_term, primitive_labeled_term, bracket_term, atom_prefix, strong_arith_term_2, strong_arith_term_1, weak_arith_term, comparison_term, equality_term, term60, conjunction_term, disjunction_term, implication_term, equivalence_term, elementary_update_term, parallel_term, term, taclet, rulesOrAxioms, decls, file) 
445159     WARN  Test worker     d.u.i.k.n.KeYParser       [syntax-error] <unknown>:2:41: no viable alternative at input '#i;' [@26,42:42=';',<138>,2:41] (option_list, taclet, rulesOrAxioms, decls, file) 
445160     WARN  Test worker     d.u.i.k.n.KeYParser       [syntax-error] <unknown>:2:43: mismatched input '<' expecting {'(', '{'} [@28,44:44='<',<173>,2:43] (taclet, rulesOrAxioms, decls, file) 
445160     WARN  Test worker     d.u.i.k.n.KeYParser       [syntax-error] <unknown>:2:47: mismatched input '+' expecting {'(', '{'} [@32,48:48='+',<167>,2:47] (taclet, rulesOrAxioms, decls, file) 
445160     WARN  Test worker     d.u.i.k.n.KeYParser       [syntax-error] <unknown>:2:52: extraneous input '..' expecting {'\lemma', '}', IDENT, '/*!'} [@37,53:54='..',<144>,2:52] (rulesOrAxioms, decls, file) 
445160     WARN  Test worker     d.u.i.k.n.KeYParser       [syntax-error] <unknown>:2:56: mismatched input '>' expecting {<EOF>, '\problem', '\chooseContract', '\proofObligation', '\proof'} [@40,57:57='>',<168>,2:56] (file) 
445161     INFO  Test worker     d.u.i.k.n.KeyIO           Parsing took 0 ms 
445161     DEBUG Test worker     d.u.i.k.n.KeyIO           Load declarations of de.uka.ilkd.key.nparser.KeyAst$File:  <unknown>:1#1 
445161     INFO  Test worker     d.u.i.k.n.KeyIO           MODE: declarations took 0 ms 
445161     DEBUG Test worker     d.u.i.k.n.KeyIO           MODE: 2nd degree decls took 0 
445162     DEBUG Test worker     d.u.i.k.n.KeyIO           MODE: taclets took 1ms 
445162     WARN  Test worker     d.u.i.k.n.KeYParser       [syntax-error] <unknown>:2:21: extraneous input '<' expecting {MODALITY, FORALL, EXISTS, '\if', '\ifEx', 'true', 'false', '(', ')', '{', '@', NOT, '-', STRING_LITERAL, CHAR_LITERAL, BIN_LITERAL, HEX_LITERAL, IDENT, INT_LITERAL, FLOAT_LITERAL, DOUBLE_LITERAL, REAL_LITERAL} [@12,22:22='<',<173>,2:21] (argument_list, call, accessterm, primitive_term, primitive_labeled_term, bracket_term, atom_prefix, strong_arith_term_2, strong_arith_term_1, weak_arith_term, comparison_term, equality_term, term60, conjunction_term, disjunction_term, implication_term, equivalence_term, elementary_update_term, parallel_term, term, taclet, rulesOrAxioms, decls, file) 
445162     WARN  Test worker     d.u.i.k.n.KeYParser       [syntax-error] <unknown>:2:23: no viable alternative at input '{..' [@14,24:25='..',<144>,2:23] (atom_prefix, strong_arith_term_2, strong_arith_term_1, weak_arith_term, comparison_term, equality_term, term60, conjunction_term, disjunction_term, implication_term, equivalence_term, elementary_update_term, parallel_term, term, argument_list, call, accessterm, primitive_term, primitive_labeled_term, bracket_term, atom_prefix, strong_arith_term_2, strong_arith_term_1, weak_arith_term, comparison_term, equality_term, term60, conjunction_term, disjunction_term, implication_term, equivalence_term, elementary_update_term, parallel_term, term, taclet, rulesOrAxioms, decls, file) 
445162     WARN  Test worker     d.u.i.k.n.KeYParser       [syntax-error] <unknown>:2:33: mismatched input ';' expecting {',', ')'} [@21,34:34=';',<138>,2:33] (argument_list, call, accessterm, primitive_term, primitive_labeled_term, bracket_term, atom_prefix, strong_arith_term_2, strong_arith_term_1, weak_arith_term, comparison_term, equality_term, term60, conjunction_term, disjunction_term, implication_term, equivalence_term, elementary_update_term, parallel_term, term, taclet, rulesOrAxioms, decls, file) 
445162     WARN  Test worker     d.u.i.k.n.KeYParser       [syntax-error] <unknown>:2:43: no viable alternative at input '#lab;' [@26,44:44=';',<138>,2:43] (option_list, taclet, rulesOrAxioms, decls, file) 
445163     WARN  Test worker     d.u.i.k.n.KeYParser       [syntax-error] <unknown>:2:45: mismatched input '<' expecting {'(', '{'} [@28,46:46='<',<173>,2:45] (taclet, rulesOrAxioms, decls, file) 
445163     WARN  Test worker     d.u.i.k.n.KeYParser       [syntax-error] <unknown>:2:50: mismatched input '+' expecting {'(', '{'} [@32,51:51='+',<167>,2:50] (taclet, rulesOrAxioms, decls, file) 
445163     WARN  Test worker     d.u.i.k.n.KeYParser       [syntax-error] <unknown>:2:56: extraneous input '..' expecting {'\lemma', '}', IDENT, '/*!'} [@38,57:58='..',<144>,2:56] (rulesOrAxioms, decls, file) 
445163     WARN  Test worker     d.u.i.k.n.KeYParser       [syntax-error] <unknown>:2:60: mismatched input '>' expecting {<EOF>, '\problem', '\chooseContract', '\proofObligation', '\proof'} [@41,61:61='>',<168>,2:60] (file) 
445164     INFO  Test worker     d.u.i.k.n.KeyIO           Parsing took 1 ms 
445164     DEBUG Test worker     d.u.i.k.n.KeyIO           Load declarations of de.uka.ilkd.key.nparser.KeyAst$File:  <unknown>:1#1 
445164     INFO  Test worker     d.u.i.k.n.KeyIO           MODE: declarations took 0 ms 
445164     DEBUG Test worker     d.u.i.k.n.KeyIO           MODE: 2nd degree decls took 0 
445164     DEBUG Test worker     d.u.i.k.n.KeyIO           MODE: taclets took 0ms 
445164     INFO  Test worker     d.u.i.k.n.KeyIO           Parsing took 0 ms 
445164     DEBUG Test worker     d.u.i.k.n.KeyIO           Load declarations of de.uka.ilkd.key.nparser.KeyAst$File:  <unknown>:2#1 
445164     INFO  Test worker     d.u.i.k.n.KeyIO           MODE: declarations took 0 ms 
445164     DEBUG Test worker     d.u.i.k.n.KeyIO           MODE: 2nd degree decls took 0 
445166     DEBUG Test worker     d.u.i.k.n.KeyIO           MODE: taclets took 1ms 
445166     INFO  Test worker     d.u.i.k.n.KeyIO           Parsing took 0 ms 
445166     DEBUG Test worker     d.u.i.k.n.KeyIO           Load declarations of de.uka.ilkd.key.nparser.KeyAst$File:  <unknown>:1#1 
445166     INFO  Test worker     d.u.i.k.n.KeyIO           MODE: declarations took 0 ms 
445166     DEBUG Test worker     d.u.i.k.n.KeyIO           MODE: 2nd degree decls took 0 
445167     DEBUG Test worker     d.u.i.k.n.KeyIO           MODE: taclets took 0ms 
445167     INFO  Test worker     d.u.i.k.n.KeyIO           Parsing took 0 ms 
445167     DEBUG Test worker     d.u.i.k.n.KeyIO           Load declarations of de.uka.ilkd.key.nparser.KeyAst$File:  <unknown>:2#1 
445175     INFO  Test worker     d.u.i.k.n.KeyIO           MODE: declarations took 8 ms 
445175     DEBUG Test worker     d.u.i.k.n.KeyIO           MODE: 2nd degree decls took 0 
445177     DEBUG Test worker     d.u.i.k.n.KeyIO           MODE: taclets took 2ms 
445177     INFO  Test worker     d.u.i.k.n.KeyIO           Parsing took 0 ms 
445177     DEBUG Test worker     d.u.i.k.n.KeyIO           Load declarations of de.uka.ilkd.key.nparser.KeyAst$File:  <unknown>:1#1 
445177     INFO  Test worker     d.u.i.k.n.KeyIO           MODE: declarations took 0 ms 
445177     DEBUG Test worker     d.u.i.k.n.KeyIO           MODE: 2nd degree decls took 0 
445178     DEBUG Test worker     d.u.i.k.n.KeyIO           MODE: taclets took 0ms 
445178     INFO  Test worker     d.u.i.k.n.KeyIO           Parsing took 0 ms 
445178     DEBUG Test worker     d.u.i.k.n.KeyIO           Load declarations of de.uka.ilkd.key.nparser.KeyAst$File:  <unknown>:2#1 
445178     INFO  Test worker     d.u.i.k.n.KeyIO           MODE: declarations took 0 ms 
445178     DEBUG Test worker     d.u.i.k.n.KeyIO           MODE: 2nd degree decls took 0 
445178     DEBUG Test worker     d.u.i.k.n.KeyIO           MODE: taclets took 0ms 
445179     INFO  Test worker     d.u.i.k.n.KeyIO           Parsing took 0 ms 
445179     DEBUG Test worker     d.u.i.k.n.KeyIO           Load declarations of de.uka.ilkd.key.nparser.KeyAst$File:  <unknown>:1#1 
445179     INFO  Test worker     d.u.i.k.n.KeyIO           MODE: declarations took 0 ms 
445179     DEBUG Test worker     d.u.i.k.n.KeyIO           MODE: 2nd degree decls took 0 
445179     DEBUG Test worker     d.u.i.k.n.KeyIO           MODE: taclets took 0ms 
445180     INFO  Test worker     d.u.i.k.n.KeyIO           Parsing took 0 ms 
445180     DEBUG Test worker     d.u.i.k.n.KeyIO           Load declarations of de.uka.ilkd.key.nparser.KeyAst$File:  <unknown>:2#1 
445180     INFO  Test worker     d.u.i.k.n.KeyIO           MODE: declarations took 0 ms 
445180     DEBUG Test worker     d.u.i.k.n.KeyIO           MODE: 2nd degree decls took 0 
445180     DEBUG Test worker     d.u.i.k.n.KeyIO           MODE: taclets took 0ms 
445181     INFO  Test worker     d.u.i.k.n.KeyIO           Parsing took 1 ms 
445181     DEBUG Test worker     d.u.i.k.n.KeyIO           Load declarations of de.uka.ilkd.key.nparser.KeyAst$File:  <unknown>:1#1 
445181     INFO  Test worker     d.u.i.k.n.KeyIO           MODE: declarations took 0 ms 
445181     DEBUG Test worker     d.u.i.k.n.KeyIO           MODE: 2nd degree decls took 0 
445181     DEBUG Test worker     d.u.i.k.n.KeyIO           MODE: taclets took 0ms 
445181     INFO  Test worker     d.u.i.k.n.KeyIO           Parsing took 0 ms 
445182     DEBUG Test worker     d.u.i.k.n.KeyIO           Load declarations of de.uka.ilkd.key.nparser.KeyAst$File:  <unknown>:2#1 
445182     INFO  Test worker     d.u.i.k.n.KeyIO           MODE: declarations took 0 ms 
445191     DEBUG Test worker     d.u.i.k.n.KeyIO           MODE: 2nd degree decls took 9 
445192     DEBUG Test worker     d.u.i.k.n.KeyIO           MODE: taclets took 1ms 
445192     INFO  Test worker     d.u.i.k.n.KeyIO           Parsing took 0 ms 
445192     DEBUG Test worker     d.u.i.k.n.KeyIO           Load declarations of de.uka.ilkd.key.nparser.KeyAst$File:  <unknown>:1#1 
445192     INFO  Test worker     d.u.i.k.n.KeyIO           MODE: declarations took 0 ms 
445192     DEBUG Test worker     d.u.i.k.n.KeyIO           MODE: 2nd degree decls took 0 
445193     DEBUG Test worker     d.u.i.k.n.KeyIO           MODE: taclets took 0ms 
445193     INFO  Test worker     d.u.i.k.n.KeyIO           Parsing took 0 ms 
445193     DEBUG Test worker     d.u.i.k.n.KeyIO           Load declarations of de.uka.ilkd.key.nparser.KeyAst$File:  <unknown>:2#1 
445193     INFO  Test worker     d.u.i.k.n.KeyIO           MODE: declarations took 0 ms 
445193     DEBUG Test worker     d.u.i.k.n.KeyIO           MODE: 2nd degree decls took 0 
445193     DEBUG Test worker     d.u.i.k.n.KeyIO           MODE: taclets took 0ms 
445194     INFO  Test worker     d.u.i.k.n.KeyIO           Parsing took 0 ms 
445194     DEBUG Test worker     d.u.i.k.n.KeyIO           Load declarations of de.uka.ilkd.key.nparser.KeyAst$File:  <unknown>:1#1 
445194     INFO  Test worker     d.u.i.k.n.KeyIO           MODE: declarations took 0 ms 
445194     DEBUG Test worker     d.u.i.k.n.KeyIO           MODE: 2nd degree decls took 0 
445194     DEBUG Test worker     d.u.i.k.n.KeyIO           MODE: taclets took 0ms 
445195     INFO  Test worker     d.u.i.k.n.KeyIO           Parsing took 0 ms 
445195     DEBUG Test worker     d.u.i.k.n.KeyIO           Load declarations of de.uka.ilkd.key.nparser.KeyAst$File:  <unknown>:2#1 
445195     INFO  Test worker     d.u.i.k.n.KeyIO           MODE: declarations took 0 ms 
445195     DEBUG Test worker     d.u.i.k.n.KeyIO           MODE: 2nd degree decls took 0 
445195     DEBUG Test worker     d.u.i.k.n.KeyIO           MODE: taclets took 0ms 
445196     INFO  Test worker     d.u.i.k.n.KeyIO           Parsing took 1 ms 
445196     DEBUG Test worker     d.u.i.k.n.KeyIO           Load declarations of de.uka.ilkd.key.nparser.KeyAst$File:  <unknown>:1#1 
445196     INFO  Test worker     d.u.i.k.n.KeyIO           MODE: declarations took 0 ms 
445196     DEBUG Test worker     d.u.i.k.n.KeyIO           MODE: 2nd degree decls took 0 
445196     DEBUG Test worker     d.u.i.k.n.KeyIO           MODE: taclets took 0ms 
445196     INFO  Test worker     d.u.i.k.n.KeyIO           Parsing took 0 ms 
445196     DEBUG Test worker     d.u.i.k.n.KeyIO           Load declarations of de.uka.ilkd.key.nparser.KeyAst$File:  <unknown>:2#1 
445196     INFO  Test worker     d.u.i.k.n.KeyIO           MODE: declarations took 0 ms 
445196     DEBUG Test worker     d.u.i.k.n.KeyIO           MODE: 2nd degree decls took 0 
445197     DEBUG Test worker     d.u.i.k.n.KeyIO           MODE: taclets took 1ms 
445197     INFO  Test worker     d.u.i.k.n.KeyIO           Parsing took 0 ms 
445197     DEBUG Test worker     d.u.i.k.n.KeyIO           Load declarations of de.uka.ilkd.key.nparser.KeyAst$File:  <unknown>:1#1 
445197     INFO  Test worker     d.u.i.k.n.KeyIO           MODE: declarations took 0 ms 
445197     DEBUG Test worker     d.u.i.k.n.KeyIO           MODE: 2nd degree decls took 0 
445198     DEBUG Test worker     d.u.i.k.n.KeyIO           MODE: taclets took 0ms 
445199     INFO  Test worker     d.u.i.k.n.KeyIO           Parsing took 1 ms 
445199     DEBUG Test worker     d.u.i.k.n.KeyIO           Load declarations of de.uka.ilkd.key.nparser.KeyAst$File:  <unknown>:2#1 
445199     INFO  Test worker     d.u.i.k.n.KeyIO           MODE: declarations took 0 ms 
445199     DEBUG Test worker     d.u.i.k.n.KeyIO           MODE: 2nd degree decls took 0 
445209     DEBUG Test worker     d.u.i.k.n.KeyIO           MODE: taclets took 2ms 
445210     INFO  Test worker     d.u.i.k.n.KeyIO           Parsing took 0 ms 
445210     DEBUG Test worker     d.u.i.k.n.KeyIO           Load declarations of de.uka.ilkd.key.nparser.KeyAst$File:  <unknown>:1#1 
445210     INFO  Test worker     d.u.i.k.n.KeyIO           MODE: declarations took 0 ms 
445210     DEBUG Test worker     d.u.i.k.n.KeyIO           MODE: 2nd degree decls took 0 
445210     DEBUG Test worker     d.u.i.k.n.KeyIO           MODE: taclets took 0ms 
445211     INFO  Test worker     d.u.i.k.n.KeyIO           Parsing took 1 ms 
445211     DEBUG Test worker     d.u.i.k.n.KeyIO           Load declarations of de.uka.ilkd.key.nparser.KeyAst$File:  <unknown>:2#1 
445211     INFO  Test worker     d.u.i.k.n.KeyIO           MODE: declarations took 0 ms 
445211     DEBUG Test worker     d.u.i.k.n.KeyIO           MODE: 2nd degree decls took 0 
445211     DEBUG Test worker     d.u.i.k.n.KeyIO           MODE: taclets took 0ms 
445211     INFO  Test worker     d.u.i.k.n.KeyIO           Parsing took 0 ms 
445211     DEBUG Test worker     d.u.i.k.n.KeyIO           Load declarations of de.uka.ilkd.key.nparser.KeyAst$File:  <unknown>:1#1 
445211     INFO  Test worker     d.u.i.k.n.KeyIO           MODE: declarations took 0 ms 
445212     DEBUG Test worker     d.u.i.k.n.KeyIO           MODE: 2nd degree decls took 1 
445212     DEBUG Test worker     d.u.i.k.n.KeyIO           MODE: taclets took 0ms 
445212     INFO  Test worker     d.u.i.k.n.KeyIO           Parsing took 0 ms 
445212     DEBUG Test worker     d.u.i.k.n.KeyIO           Load declarations of de.uka.ilkd.key.nparser.KeyAst$File:  <unknown>:2#1 
445212     INFO  Test worker     d.u.i.k.n.KeyIO           MODE: declarations took 0 ms 
445212     DEBUG Test worker     d.u.i.k.n.KeyIO           MODE: 2nd degree decls took 0 
445212     DEBUG Test worker     d.u.i.k.n.KeyIO           MODE: taclets took 0ms 
445214     INFO  Test worker     d.u.i.k.n.KeyIO           Parsing took 1 ms 
445214     DEBUG Test worker     d.u.i.k.n.KeyIO           Load declarations of de.uka.ilkd.key.nparser.KeyAst$File:  <unknown>:1#1 
445214     INFO  Test worker     d.u.i.k.n.KeyIO           MODE: declarations took 0 ms 
445214     DEBUG Test worker     d.u.i.k.n.KeyIO           MODE: 2nd degree decls took 0 
445214     DEBUG Test worker     d.u.i.k.n.KeyIO           MODE: taclets took 0ms 
445215     INFO  Test worker     d.u.i.k.n.KeyIO           Parsing took 1 ms 
445215     DEBUG Test worker     d.u.i.k.n.KeyIO           Load declarations of de.uka.ilkd.key.nparser.KeyAst$File:  <unknown>:2#1 
445215     INFO  Test worker     d.u.i.k.n.KeyIO           MODE: declarations took 0 ms 
445215     DEBUG Test worker     d.u.i.k.n.KeyIO           MODE: 2nd degree decls took 0 
445215     DEBUG Test worker     d.u.i.k.n.KeyIO           MODE: taclets took 0ms 
445226     INFO  Test worker     d.u.i.k.n.KeyIO           Parsing took 11 ms 
445226     DEBUG Test worker     d.u.i.k.n.KeyIO           Load declarations of de.uka.ilkd.key.nparser.KeyAst$File:  <unknown>:2#1 
445226     INFO  Test worker     d.u.i.k.n.KeyIO           MODE: declarations took 0 ms 
445226     DEBUG Test worker     d.u.i.k.n.KeyIO           MODE: 2nd degree decls took 0 
445226     DEBUG Test worker     d.u.i.k.n.KeyIO           MODE: taclets took 0ms 
445227     INFO  Test worker     d.u.i.k.n.KeyIO           Parsing took 0 ms 
445227     DEBUG Test worker     d.u.i.k.n.KeyIO           Load declarations of de.uka.ilkd.key.nparser.KeyAst$File:  <unknown>:1#1 
445227     INFO  Test worker     d.u.i.k.n.KeyIO           MODE: declarations took 0 ms 
445227     DEBUG Test worker     d.u.i.k.n.KeyIO           MODE: 2nd degree decls took 0 
445227     DEBUG Test worker     d.u.i.k.n.KeyIO           MODE: taclets took 0ms 
445228     INFO  Test worker     d.u.i.k.n.KeyIO           Parsing took 0 ms 
445228     DEBUG Test worker     d.u.i.k.n.KeyIO           Load declarations of de.uka.ilkd.key.nparser.KeyAst$File:  <unknown>:2#1 
445228     INFO  Test worker     d.u.i.k.n.KeyIO           MODE: declarations took 0 ms 
445228     DEBUG Test worker     d.u.i.k.n.KeyIO           MODE: 2nd degree decls took 0 
445229     INFO  Test worker     d.u.i.k.n.KeyIO           Parsing took 0 ms 
445229     DEBUG Test worker     d.u.i.k.n.KeyIO           Load declarations of de.uka.ilkd.key.nparser.KeyAst$File:  <unknown>:1#1 
445229     INFO  Test worker     d.u.i.k.n.KeyIO           MODE: declarations took 0 ms 
445229     DEBUG Test worker     d.u.i.k.n.KeyIO           MODE: 2nd degree decls took 0 
445230     DEBUG Test worker     d.u.i.k.n.KeyIO           MODE: taclets took 0ms 
445230     INFO  Test worker     d.u.i.k.n.KeyIO           Parsing took 0 ms 
445230     DEBUG Test worker     d.u.i.k.n.KeyIO           Load declarations of de.uka.ilkd.key.nparser.KeyAst$File:  <unknown>:2#1 
445230     INFO  Test worker     d.u.i.k.n.KeyIO           MODE: declarations took 0 ms 
445230     DEBUG Test worker     d.u.i.k.n.KeyIO           MODE: 2nd degree decls took 0 
445230     DEBUG Test worker     d.u.i.k.n.KeyIO           MODE: taclets took 0ms 
445231     INFO  Test worker     d.u.i.k.n.KeyIO           Parsing took 0 ms 
445231     DEBUG Test worker     d.u.i.k.n.KeyIO           Load declarations of de.uka.ilkd.key.nparser.KeyAst$File:  <unknown>:1#1 
445231     INFO  Test worker     d.u.i.k.n.KeyIO           MODE: declarations took 0 ms 
445231     DEBUG Test worker     d.u.i.k.n.KeyIO           MODE: 2nd degree decls took 0 
445236     DEBUG Test worker     d.u.i.k.n.KeyIO           MODE: taclets took 0ms 
445236     INFO  Test worker     d.u.i.k.n.KeyIO           Parsing took 0 ms 
445236     DEBUG Test worker     d.u.i.k.n.KeyIO           Load declarations of de.uka.ilkd.key.nparser.KeyAst$File:  <unknown>:2#1 
445236     INFO  Test worker     d.u.i.k.n.KeyIO           MODE: declarations took 0 ms 
445236     DEBUG Test worker     d.u.i.k.n.KeyIO           MODE: 2nd degree decls took 0 
445236     DEBUG Test worker     d.u.i.k.n.KeyIO           MODE: taclets took 0ms 
445237     INFO  Test worker     d.u.i.k.n.KeyIO           Parsing took 0 ms 
445237     DEBUG Test worker     d.u.i.k.n.KeyIO           Load declarations of de.uka.ilkd.key.nparser.KeyAst$File:  <unknown>:1#1 
445237     INFO  Test worker     d.u.i.k.n.KeyIO           MODE: declarations took 0 ms 
445237     DEBUG Test worker     d.u.i.k.n.KeyIO           MODE: 2nd degree decls took 0 
445237     DEBUG Test worker     d.u.i.k.n.KeyIO           MODE: taclets took 0ms 
445238     INFO  Test worker     d.u.i.k.n.KeyIO           Parsing took 0 ms 
445238     DEBUG Test worker     d.u.i.k.n.KeyIO           Load declarations of de.uka.ilkd.key.nparser.KeyAst$File:  <unknown>:2#1 
445238     INFO  Test worker     d.u.i.k.n.KeyIO           MODE: declarations took 0 ms 
445238     DEBUG Test worker     d.u.i.k.n.KeyIO           MODE: 2nd degree decls took 0 
445238     DEBUG Test worker     d.u.i.k.n.KeyIO           MODE: taclets took 0ms 
]]></system-out>
  <system-err><![CDATA[]]></system-err>
</testsuite>
