<?xml version="1.0" encoding="UTF-8"?>
<testsuite name="de.uka.ilkd.key.java.TestContextStatementBlock" tests="1" skipped="0" failures="0" errors="0" timestamp="2023-06-05T08:13:00" hostname="fv-az790-687" time="1.666">
  <properties/>
  <testcase name="testContextTermInstantiation()" classname="de.uka.ilkd.key.java.TestContextStatementBlock" time="1.666"/>
  <system-out><![CDATA[34720      INFO  Test worker     d.u.i.k.n.KeyIO           Parsing took 5 ms 
34721      DEBUG Test worker     d.u.i.k.n.KeyIO           Load declarations of de.uka.ilkd.key.nparser.KeyAst$File:  /home/runner/work/key/key/key.core/src/test/resources/testcase/testrules.key:9#1 
34722      INFO  Test worker     d.u.i.k.n.KeyIO           MODE: declarations took 1 ms 
34723      DEBUG Test worker     d.u.i.k.n.KeyIO           MODE: 2nd degree decls took 0 
34806      DEBUG Test worker     d.u.i.k.n.KeyIO           MODE: taclets took 82ms 
]]></system-out>
  <system-err><![CDATA[]]></system-err>
</testsuite>
