<?xml version="1.0" encoding="UTF-8"?>
<testsuite name="de.uka.ilkd.key.rule.loop.LoopScopeInvRuleTests" tests="1" skipped="0" failures="0" errors="0" timestamp="2023-06-05T08:23:31" hostname="fv-az790-687" time="7.19">
  <properties/>
  <testcase name="testDoAutomaticProofOfBenchmarkWithLabeledBreaksAndContinues()" classname="de.uka.ilkd.key.rule.loop.LoopScopeInvRuleTests" time="7.19"/>
  <system-out><![CDATA[664007     INFO  Test worker     d.u.i.k.p.i.AbstractProblemLoader Loading environment from src/test/resources/testcase/loopScopeInvRule/Test.key 
664007     DEBUG Test worker     d.u.i.k.p.i.AbstractProblemLoader Environment load took 456.9ns 
664008     INFO  Test worker     d.u.i.k.p.i.AbstractProblemLoader Creating init config 
664209     DEBUG Test worker     d.u.i.k.j.TypeConverter   No LDT found for Meta 
664209     DEBUG Test worker     d.u.i.k.j.TypeConverter   No LDT found for Meta 
664210     DEBUG Test worker     d.u.i.k.j.TypeConverter   No LDT found for Meta 
664210     DEBUG Test worker     d.u.i.k.j.TypeConverter   No LDT found for Meta 
665063     DEBUG Test worker     d.u.i.k.j.TypeConverter   No LDT found for JavaBigintExpression 
670078     DEBUG Test worker     d.u.i.k.p.i.AbstractProblemLoader Init config took 6.07s 
670159     INFO  Test worker     d.u.i.k.p.i.AbstractProblemLoader Replaying proof Test[Test::loopScopeRuleBenchmark(int,boolean)].JML normal_behavior operation contract.0 
670165     DEBUG Test worker     d.u.i.k.p.i.IntermediateProofReplayer Proof replay took 16.1ns 
]]></system-out>
  <system-err><![CDATA[]]></system-err>
</testsuite>
