<?xml version="1.0" encoding="UTF-8"?>
<testsuite name="de.uka.ilkd.key.parser.TestParser" tests="5" skipped="1" failures="0" errors="0" timestamp="2023-06-05T08:19:45" hostname="fv-az790-687" time="7.2">
  <properties/>
  <testcase name="testConstantEvaluationError()" classname="de.uka.ilkd.key.parser.TestParser" time="1.427"/>
  <testcase name="testGenericSort()" classname="de.uka.ilkd.key.parser.TestParser" time="0.003"/>
  <testcase name="testIssue1566()" classname="de.uka.ilkd.key.parser.TestParser" time="4.394"/>
  <testcase name="testIssue39()" classname="de.uka.ilkd.key.parser.TestParser" time="1.374"/>
  <testcase name="testRelativeInclude()" classname="de.uka.ilkd.key.parser.TestParser" time="0.001">
    <skipped/>
  </testcase>
  <system-out><![CDATA[437938     INFO  Test worker     d.u.i.k.p.i.AbstractProblemLoader Loading environment from src/test/resources/testcase/parserErrorTest/AssignToArray.java 
437938     DEBUG Test worker     d.u.i.k.p.i.AbstractProblemLoader Environment load took 82.8ns 
437939     INFO  Test worker     d.u.i.k.p.i.AbstractProblemLoader Creating init config 
439364     INFO  Test worker     d.u.i.k.n.KeyIO           Parsing took 0 ms 
439365     DEBUG Test worker     d.u.i.k.n.KeyIO           Load declarations of de.uka.ilkd.key.nparser.KeyAst$File:  <unknown>:1#1 
439365     INFO  Test worker     d.u.i.k.n.KeyIO           MODE: declarations took 0 ms 
439365     DEBUG Test worker     d.u.i.k.n.KeyIO           MODE: 2nd degree decls took 0 
439366     DEBUG Test worker     d.u.i.k.n.KeyIO           MODE: taclets took 1ms 
439367     INFO  Test worker     d.u.i.k.p.i.AbstractProblemLoader Loading environment from src/test/resources/testcase/issues/1566/a.key 
439367     DEBUG Test worker     d.u.i.k.p.i.AbstractProblemLoader Environment load took 73.5ns 
439368     INFO  Test worker     d.u.i.k.p.i.AbstractProblemLoader Creating init config 
443739     DEBUG Test worker     d.u.i.k.p.i.AbstractProblemLoader Init config took 4.37s 
443758     INFO  Test worker     d.u.i.k.p.i.AbstractProblemLoader Replaying proof a.key 
443760     DEBUG Test worker     d.u.i.k.p.i.IntermediateProofReplayer Proof replay took 9.2ns 
443761     INFO  Test worker     d.u.i.k.p.i.AbstractProblemLoader Loading environment from src/test/resources/testcase/issues/39/A.java 
443761     DEBUG Test worker     d.u.i.k.p.i.AbstractProblemLoader Environment load took 70.4ns 
443762     INFO  Test worker     d.u.i.k.p.i.AbstractProblemLoader Creating init config 
]]></system-out>
  <system-err><![CDATA[]]></system-err>
</testsuite>
