<?xml version="1.0" encoding="UTF-8"?>
<testsuite name="de.uka.ilkd.key.parser.TestTermParserSorts" tests="2" skipped="0" failures="0" errors="0" timestamp="2023-06-05T08:22:51" hostname="fv-az790-687" time="4.778">
  <properties/>
  <testcase name="testParseIntegerArgs()" classname="de.uka.ilkd.key.parser.TestTermParserSorts" time="0.019"/>
  <testcase name="testParseSequencePrettySyntax()" classname="de.uka.ilkd.key.parser.TestTermParserSorts" time="0.003"/>
  <system-out><![CDATA[623922     INFO  Test worker     d.u.i.k.n.KeyIO           Parsing took 0 ms 
623922     DEBUG Test worker     d.u.i.k.n.KeyIO           Load declarations of de.uka.ilkd.key.nparser.KeyAst$File:  <unknown>:1#1 
623922     INFO  Test worker     d.u.i.k.n.KeyIO           MODE: declarations took 0 ms 
623922     DEBUG Test worker     d.u.i.k.n.KeyIO           MODE: 2nd degree decls took 0 
623922     INFO  Test worker     d.u.i.k.n.KeyIO           Parsing took 0 ms 
623922     DEBUG Test worker     d.u.i.k.n.KeyIO           Load declarations of de.uka.ilkd.key.nparser.KeyAst$File:  <unknown>:1#1 
623922     INFO  Test worker     d.u.i.k.n.KeyIO           MODE: declarations took 0 ms 
623922     DEBUG Test worker     d.u.i.k.n.KeyIO           MODE: 2nd degree decls took 0 
623922     INFO  Test worker     d.u.i.k.n.KeyIO           Parsing took 0 ms 
623922     DEBUG Test worker     d.u.i.k.n.KeyIO           Load declarations of de.uka.ilkd.key.nparser.KeyAst$File:  <unknown>:1#1 
623922     INFO  Test worker     d.u.i.k.n.KeyIO           MODE: declarations took 0 ms 
623922     DEBUG Test worker     d.u.i.k.n.KeyIO           MODE: 2nd degree decls took 0 
628697     INFO  Test worker     d.u.i.k.n.KeyIO           Parsing took 0 ms 
628697     DEBUG Test worker     d.u.i.k.n.KeyIO           Load declarations of de.uka.ilkd.key.nparser.KeyAst$File:  <unknown>:1#1 
628697     INFO  Test worker     d.u.i.k.n.KeyIO           MODE: declarations took 0 ms 
628697     DEBUG Test worker     d.u.i.k.n.KeyIO           MODE: 2nd degree decls took 0 
628697     INFO  Test worker     d.u.i.k.n.KeyIO           Parsing took 0 ms 
628697     DEBUG Test worker     d.u.i.k.n.KeyIO           Load declarations of de.uka.ilkd.key.nparser.KeyAst$File:  <unknown>:1#1 
628697     INFO  Test worker     d.u.i.k.n.KeyIO           MODE: declarations took 0 ms 
628697     DEBUG Test worker     d.u.i.k.n.KeyIO           MODE: 2nd degree decls took 0 
628697     INFO  Test worker     d.u.i.k.n.KeyIO           Parsing took 0 ms 
628697     DEBUG Test worker     d.u.i.k.n.KeyIO           Load declarations of de.uka.ilkd.key.nparser.KeyAst$File:  <unknown>:1#1 
628697     INFO  Test worker     d.u.i.k.n.KeyIO           MODE: declarations took 0 ms 
628697     DEBUG Test worker     d.u.i.k.n.KeyIO           MODE: 2nd degree decls took 0 
]]></system-out>
  <system-err><![CDATA[]]></system-err>
</testsuite>
