<?xml version="1.0" encoding="UTF-8"?>
<testsuite name="de.uka.ilkd.key.rule.merge.PredicateAbstractionLatticeTests" tests="3" skipped="0" failures="0" errors="0" timestamp="2023-06-05T08:25:27" hostname="fv-az790-687" time="8.872">
  <properties/>
  <testcase name="testToAndFromString()" classname="de.uka.ilkd.key.rule.merge.PredicateAbstractionLatticeTests" time="4.539"/>
  <testcase name="testCreateSignLatticeWithPredicates()" classname="de.uka.ilkd.key.rule.merge.PredicateAbstractionLatticeTests" time="4.332"/>
  <testcase name="testTrivialPredicatesLattice()" classname="de.uka.ilkd.key.rule.merge.PredicateAbstractionLatticeTests" time="0.001"/>
  <system-out><![CDATA[780247     INFO  Test worker     d.u.i.k.p.i.AbstractProblemLoader Loading environment from src/test/resources/testcase/merge/dummy.key 
780247     DEBUG Test worker     d.u.i.k.p.i.AbstractProblemLoader Environment load took 392.2ns 
780248     INFO  Test worker     d.u.i.k.p.i.AbstractProblemLoader Creating init config 
784766     DEBUG Test worker     d.u.i.k.p.i.AbstractProblemLoader Init config took 4.52s 
784783     INFO  Test worker     d.u.i.k.p.i.AbstractProblemLoader Replaying proof dummy.key 
784784     DEBUG Test worker     d.u.i.k.p.i.IntermediateProofReplayer Proof replay took 7.6ns 
784785     INFO  Test worker     d.u.i.k.p.i.AbstractProblemLoader Loading environment from src/test/resources/testcase/merge/dummy.key 
784786     DEBUG Test worker     d.u.i.k.p.i.AbstractProblemLoader Environment load took 105.3ns 
784786     INFO  Test worker     d.u.i.k.p.i.AbstractProblemLoader Creating init config 
789082     DEBUG Test worker     d.u.i.k.p.i.AbstractProblemLoader Init config took 4.3s 
789105     INFO  Test worker     d.u.i.k.p.i.AbstractProblemLoader Replaying proof dummy.key 
789115     DEBUG Test worker     d.u.i.k.p.i.IntermediateProofReplayer Proof replay took 8.2ns 
]]></system-out>
  <system-err><![CDATA[]]></system-err>
</testsuite>
