<?xml version="1.0" encoding="UTF-8"?>
<testsuite name="de.uka.ilkd.key.util.TestProofStarter" tests="2" skipped="0" failures="0" errors="0" timestamp="2023-06-05T08:32:24" hostname="fv-az790-687" time="60.282">
  <properties/>
  <testcase name="testDirectProofWithOneStepSimplification()" classname="de.uka.ilkd.key.util.TestProofStarter" time="31.526"/>
  <testcase name="testDirectProof()" classname="de.uka.ilkd.key.util.TestProofStarter" time="28.756"/>
  <system-out><![CDATA[1196947    INFO  Test worker     d.u.i.k.p.i.AbstractProblemLoader Loading environment from src/test/resources/testcase/proofStarter/CC/project.key 
1196948    DEBUG Test worker     d.u.i.k.p.i.AbstractProblemLoader Environment load took 630.8ns 
1196949    INFO  Test worker     d.u.i.k.p.i.AbstractProblemLoader Creating init config 
1201535    DEBUG Test worker     d.u.i.k.p.i.AbstractProblemLoader Init config took 4.59s 
1201604    INFO  Test worker     d.u.i.k.p.i.AbstractProblemLoader Replaying proof CC[CC::calcCoinIndex([I,[I)].JML normal_behavior operation contract.0 
1201608    DEBUG Test worker     d.u.i.k.p.i.IntermediateProofReplayer Proof replay took 3.5ns 
1228458    INFO  Test worker     d.u.i.k.p.i.AbstractProblemLoader Loading environment from src/test/resources/testcase/proofStarter/CC/project.key 
1228458    DEBUG Test worker     d.u.i.k.p.i.AbstractProblemLoader Environment load took 378.9ns 
1228459    INFO  Test worker     d.u.i.k.p.i.AbstractProblemLoader Creating init config 
1233076    DEBUG Test worker     d.u.i.k.p.i.AbstractProblemLoader Init config took 4.62s 
1233124    INFO  Test worker     d.u.i.k.p.i.AbstractProblemLoader Replaying proof CC[CC::calcCoinIndex([I,[I)].JML normal_behavior operation contract.0 
1233126    DEBUG Test worker     d.u.i.k.p.i.IntermediateProofReplayer Proof replay took 3.1ns 
]]></system-out>
  <system-err><![CDATA[]]></system-err>
</testsuite>
