<?xml version="1.0" encoding="UTF-8"?>
<testsuite name="de.uka.ilkd.key.taclettranslation.TestTacletTranslator" tests="5" skipped="0" failures="0" errors="0" timestamp="2023-06-05T08:32:11" hostname="fv-az790-687" time="0.01">
  <properties/>
  <testcase name="testPropositional1()" classname="de.uka.ilkd.key.taclettranslation.TestTacletTranslator" time="0.004"/>
  <testcase name="testPropositional2()" classname="de.uka.ilkd.key.taclettranslation.TestTacletTranslator" time="0.002"/>
  <testcase name="testNegativePolarity()" classname="de.uka.ilkd.key.taclettranslation.TestTacletTranslator" time="0.001"/>
  <testcase name="testNoPolarity()" classname="de.uka.ilkd.key.taclettranslation.TestTacletTranslator" time="0.001"/>
  <testcase name="testPositivePolarity()" classname="de.uka.ilkd.key.taclettranslation.TestTacletTranslator" time="0.001"/>
  <system-out><![CDATA[1184222    INFO  Test worker     d.u.i.k.n.KeyIO           Parsing took 0 ms 
1184222    DEBUG Test worker     d.u.i.k.n.KeyIO           Load declarations of de.uka.ilkd.key.nparser.KeyAst$File:  <unknown>:1#1 
1184222    INFO  Test worker     d.u.i.k.n.KeyIO           MODE: declarations took 0 ms 
1184222    DEBUG Test worker     d.u.i.k.n.KeyIO           MODE: 2nd degree decls took 0 
1184222    DEBUG Test worker     d.u.i.k.n.KeyIO           MODE: taclets took 0ms 
1184226    INFO  Test worker     d.u.i.k.n.KeyIO           Parsing took 0 ms 
1184227    DEBUG Test worker     d.u.i.k.n.KeyIO           Load declarations of de.uka.ilkd.key.nparser.KeyAst$File:  <unknown>:1#1 
1184227    INFO  Test worker     d.u.i.k.n.KeyIO           MODE: declarations took 0 ms 
1184227    DEBUG Test worker     d.u.i.k.n.KeyIO           MODE: 2nd degree decls took 0 
1184227    DEBUG Test worker     d.u.i.k.n.KeyIO           MODE: taclets took 0ms 
1184228    INFO  Test worker     d.u.i.k.n.KeyIO           Parsing took 0 ms 
1184228    DEBUG Test worker     d.u.i.k.n.KeyIO           Load declarations of de.uka.ilkd.key.nparser.KeyAst$File:  <unknown>:1#1 
1184228    INFO  Test worker     d.u.i.k.n.KeyIO           MODE: declarations took 0 ms 
1184228    DEBUG Test worker     d.u.i.k.n.KeyIO           MODE: 2nd degree decls took 0 
1184228    DEBUG Test worker     d.u.i.k.n.KeyIO           MODE: taclets took 0ms 
1184229    INFO  Test worker     d.u.i.k.n.KeyIO           Parsing took 0 ms 
1184230    DEBUG Test worker     d.u.i.k.n.KeyIO           Load declarations of de.uka.ilkd.key.nparser.KeyAst$File:  <unknown>:1#1 
1184230    INFO  Test worker     d.u.i.k.n.KeyIO           MODE: declarations took 1 ms 
1184230    DEBUG Test worker     d.u.i.k.n.KeyIO           MODE: 2nd degree decls took 0 
1184230    DEBUG Test worker     d.u.i.k.n.KeyIO           MODE: taclets took 0ms 
1184231    INFO  Test worker     d.u.i.k.n.KeyIO           Parsing took 0 ms 
1184231    DEBUG Test worker     d.u.i.k.n.KeyIO           Load declarations of de.uka.ilkd.key.nparser.KeyAst$File:  <unknown>:1#1 
1184231    INFO  Test worker     d.u.i.k.n.KeyIO           MODE: declarations took 0 ms 
1184231    DEBUG Test worker     d.u.i.k.n.KeyIO           MODE: 2nd degree decls took 0 
1184231    DEBUG Test worker     d.u.i.k.n.KeyIO           MODE: taclets took 0ms 
]]></system-out>
  <system-err><![CDATA[]]></system-err>
</testsuite>
