<?xml version="1.0" encoding="UTF-8"?>
<testsuite name="de.uka.ilkd.key.testcase.smt.testgen.TestTestgen" tests="1" skipped="0" failures="0" errors="0" timestamp="2023-04-21T09:36:34" hostname="fv-az269-523" time="3.907">
  <properties/>
  <testcase name="testMiddle()" classname="de.uka.ilkd.key.testcase.smt.testgen.TestTestgen" time="3.907"/>
  <system-out><![CDATA[14069      WARN  Test worker     d.u.i.k.t.s.t.TestTestgen Warning: Z3_CE is not installed, tests skipped. 
14069      WARN  Test worker     d.u.i.k.t.s.t.TestTestgen Maybe use JVM system property "z3SolverPath" to define the path to the Z3 command. 
14069      INFO  Test worker     d.u.i.k.p.i.AbstractProblemLoader Loading environment from src\test\resources\testcase\smt\tg\middle.key 
14069      DEBUG Test worker     d.u.i.k.p.i.AbstractProblemLoader Environment load took 248.4ns 
14084      INFO  Test worker     d.u.i.k.p.i.AbstractProblemLoader Creating init config 
17382      DEBUG Test worker     d.u.i.k.p.i.AbstractProblemLoader Init config took 3.29s 
17476      INFO  Test worker     d.u.i.k.p.i.AbstractProblemLoader Replaying proof Middle[Middle::middle(int,int,int)].JML normal_behavior operation contract.0 
17491      DEBUG Test worker     d.u.i.k.p.i.IntermediateProofReplayer Proof replay took 17.2ns 
]]></system-out>
  <system-err><![CDATA[]]></system-err>
</testsuite>
