<?xml version="1.0" encoding="UTF-8"?>
<testsuite name="de.uka.ilkd.key.testcase.smt.testgen.TestTestgen" tests="1" skipped="0" failures="0" errors="0" timestamp="2023-03-21T15:04:29" hostname="fv-az471-70" time="3.754">
  <properties/>
  <testcase name="testMiddle()" classname="de.uka.ilkd.key.testcase.smt.testgen.TestTestgen" time="3.754"/>
  <system-out><![CDATA[12112      WARN  Test worker     d.u.i.k.t.s.t.TestTestgen Warning: Z3_CE is not installed, tests skipped. 
12117      WARN  Test worker     d.u.i.k.t.s.t.TestTestgen Maybe use JVM system property "z3SolverPath" to define the path to the Z3 command. 
]]></system-out>
  <system-err><![CDATA[]]></system-err>
</testsuite>
