<?xml version="1.0" encoding="UTF-8"?>
<testsuite name="recoder.testsuite.basic.analysis.MemberXReferenceCompletenessTest" tests="1" skipped="0" failures="0" errors="0" timestamp="2023-04-05T11:42:23" hostname="fv-az399-738" time="0.003">
  <properties/>
  <testcase name="testMemberXReferenceCompletenessTest" classname="recoder.testsuite.basic.analysis.MemberXReferenceCompletenessTest" time="0.003"/>
  <system-out><![CDATA[]]></system-out>
  <system-err><![CDATA[]]></system-err>
</testsuite>
