<?xml version="1.0" encoding="UTF-8"?>
<testsuite name="de.uka.ilkd.key.parser.TestDeclParser" tests="14" skipped="2" failures="0" errors="0" timestamp="2023-04-17T07:04:37" hostname="fv-az931-993" time="10.532">
  <properties/>
  <testcase name="testGenericSortDecl1()" classname="de.uka.ilkd.key.parser.TestDeclParser" time="0.929"/>
  <testcase name="testGenericSortDecl2()" classname="de.uka.ilkd.key.parser.TestDeclParser" time="0.855"/>
  <testcase name="testGenericSortDecl3()" classname="de.uka.ilkd.key.parser.TestDeclParser" time="0.802"/>
  <testcase name="testGenericSortDecl4()" classname="de.uka.ilkd.key.parser.TestDeclParser" time="0.842"/>
  <testcase name="testGenericSortDecl5()" classname="de.uka.ilkd.key.parser.TestDeclParser" time="0.0">
    <skipped/>
  </testcase>
  <testcase name="testGenericSortDecl6()" classname="de.uka.ilkd.key.parser.TestDeclParser" time="0.851"/>
  <testcase name="testSortDecl()" classname="de.uka.ilkd.key.parser.TestDeclParser" time="0.862"/>
  <testcase name="testProxySortDecl()" classname="de.uka.ilkd.key.parser.TestDeclParser" time="0.83"/>
  <testcase name="testArrayDecl()" classname="de.uka.ilkd.key.parser.TestDeclParser" time="0.861"/>
  <testcase name="testAmbiguousDecls()" classname="de.uka.ilkd.key.parser.TestDeclParser" time="0.0">
    <skipped/>
  </testcase>
  <testcase name="testHeurDecl()" classname="de.uka.ilkd.key.parser.TestDeclParser" time="0.944"/>
  <testcase name="testFunctionDecl()" classname="de.uka.ilkd.key.parser.TestDeclParser" time="0.964"/>
  <testcase name="testPredicateDecl()" classname="de.uka.ilkd.key.parser.TestDeclParser" time="0.928"/>
  <testcase name="testSVDecl()" classname="de.uka.ilkd.key.parser.TestDeclParser" time="0.86"/>
  <system-out><![CDATA[205480     INFO  Test worker     d.u.i.k.n.KeyIO           Parsing took 0 ms 
205480     INFO  Test worker     d.u.i.k.n.KeyIO           MODE: declarations took 0 ms 
206342     INFO  Test worker     d.u.i.k.n.KeyIO           Parsing took 0 ms 
206342     INFO  Test worker     d.u.i.k.n.KeyIO           MODE: declarations took 0 ms 
207146     INFO  Test worker     d.u.i.k.n.KeyIO           Parsing took 0 ms 
207146     INFO  Test worker     d.u.i.k.n.KeyIO           MODE: declarations took 0 ms 
207994     INFO  Test worker     d.u.i.k.n.KeyIO           Parsing took 0 ms 
207994     INFO  Test worker     d.u.i.k.n.KeyIO           MODE: declarations took 0 ms 
208831     INFO  Test worker     d.u.i.k.n.KeyIO           Parsing took 0 ms 
208847     INFO  Test worker     d.u.i.k.n.KeyIO           MODE: declarations took 0 ms 
209696     INFO  Test worker     d.u.i.k.n.KeyIO           Parsing took 0 ms 
209696     INFO  Test worker     d.u.i.k.n.KeyIO           MODE: declarations took 0 ms 
210533     INFO  Test worker     d.u.i.k.n.KeyIO           Parsing took 0 ms 
210533     INFO  Test worker     d.u.i.k.n.KeyIO           MODE: declarations took 0 ms 
211392     INFO  Test worker     d.u.i.k.n.KeyIO           Parsing took 0 ms 
211392     INFO  Test worker     d.u.i.k.n.KeyIO           MODE: declarations took 0 ms 
212338     INFO  Test worker     d.u.i.k.n.KeyIO           Parsing took 0 ms 
212338     INFO  Test worker     d.u.i.k.n.KeyIO           MODE: declarations took 0 ms 
213291     INFO  Test worker     d.u.i.k.n.KeyIO           Parsing took 0 ms 
213291     INFO  Test worker     d.u.i.k.n.KeyIO           MODE: declarations took 0 ms 
214231     INFO  Test worker     d.u.i.k.n.KeyIO           Parsing took 0 ms 
214231     INFO  Test worker     d.u.i.k.n.KeyIO           MODE: declarations took 0 ms 
215091     INFO  Test worker     d.u.i.k.n.KeyIO           Parsing took 0 ms 
215091     INFO  Test worker     d.u.i.k.n.KeyIO           MODE: declarations took 0 ms 
]]></system-out>
  <system-err><![CDATA[]]></system-err>
</testsuite>
