<?xml version="1.0" encoding="UTF-8"?>
<testsuite name="de.uka.ilkd.key.logic.TestClashFreeSubst" tests="14" skipped="2" failures="0" errors="0" timestamp="2023-04-17T07:01:47" hostname="fv-az931-993" time="43.941">
  <properties/>
  <testcase name="testMultiShareBound()" classname="de.uka.ilkd.key.logic.TestClashFreeSubst" time="0.877"/>
  <testcase name="testClash()" classname="de.uka.ilkd.key.logic.TestClashFreeSubst" time="0.882"/>
  <testcase name="testShare()" classname="de.uka.ilkd.key.logic.TestClashFreeSubst" time="0.796"/>
  <testcase name="testSubst()" classname="de.uka.ilkd.key.logic.TestClashFreeSubst" time="0.816"/>
  <testcase name="testWary0()" classname="de.uka.ilkd.key.logic.TestClashFreeSubst" time="0.799"/>
  <testcase name="testWary1()" classname="de.uka.ilkd.key.logic.TestClashFreeSubst" time="0.836"/>
  <testcase name="testWary2()" classname="de.uka.ilkd.key.logic.TestClashFreeSubst" time="0.817"/>
  <testcase name="testClashInSubstTerm()" classname="de.uka.ilkd.key.logic.TestClashFreeSubst" time="0.822"/>
  <testcase name="testShareWary()" classname="de.uka.ilkd.key.logic.TestClashFreeSubst" time="0.787"/>
  <testcase name="testMultiSubst()" classname="de.uka.ilkd.key.logic.TestClashFreeSubst" time="0.811"/>
  <testcase name="xtestMultiClash()" classname="de.uka.ilkd.key.logic.TestClashFreeSubst" time="0.0">
    <skipped/>
  </testcase>
  <testcase name="testSubstInSubstTerm()" classname="de.uka.ilkd.key.logic.TestClashFreeSubst" time="0.793"/>
  <testcase name="testSubstWary()" classname="de.uka.ilkd.key.logic.TestClashFreeSubst" time="0.843"/>
  <testcase name="xtestMultiClash1()" classname="de.uka.ilkd.key.logic.TestClashFreeSubst" time="0.0">
    <skipped/>
  </testcase>
  <system-out><![CDATA[35105      INFO  Test worker     d.u.i.k.n.KeyIO           Parsing took 0 ms 
35105      INFO  Test worker     d.u.i.k.n.KeyIO           MODE: declarations took 0 ms 
35964      INFO  Test worker     d.u.i.k.n.KeyIO           Parsing took 0 ms 
35964      INFO  Test worker     d.u.i.k.n.KeyIO           MODE: declarations took 0 ms 
38720      INFO  Test worker     d.u.i.k.n.KeyIO           Parsing took 0 ms 
38720      INFO  Test worker     d.u.i.k.n.KeyIO           MODE: declarations took 0 ms 
39584      INFO  Test worker     d.u.i.k.n.KeyIO           Parsing took 0 ms 
39584      INFO  Test worker     d.u.i.k.n.KeyIO           MODE: declarations took 0 ms 
42239      INFO  Test worker     d.u.i.k.n.KeyIO           Parsing took 0 ms 
42239      INFO  Test worker     d.u.i.k.n.KeyIO           MODE: declarations took 0 ms 
43037      INFO  Test worker     d.u.i.k.n.KeyIO           Parsing took 0 ms 
43037      INFO  Test worker     d.u.i.k.n.KeyIO           MODE: declarations took 0 ms 
45669      INFO  Test worker     d.u.i.k.n.KeyIO           Parsing took 0 ms 
45669      INFO  Test worker     d.u.i.k.n.KeyIO           MODE: declarations took 0 ms 
46482      INFO  Test worker     d.u.i.k.n.KeyIO           Parsing took 0 ms 
46482      INFO  Test worker     d.u.i.k.n.KeyIO           MODE: declarations took 0 ms 
49083      INFO  Test worker     d.u.i.k.n.KeyIO           Parsing took 0 ms 
49083      INFO  Test worker     d.u.i.k.n.KeyIO           MODE: declarations took 0 ms 
49868      INFO  Test worker     d.u.i.k.n.KeyIO           Parsing took 0 ms 
49868      INFO  Test worker     d.u.i.k.n.KeyIO           MODE: declarations took 0 ms 
52485      INFO  Test worker     d.u.i.k.n.KeyIO           Parsing took 0 ms 
52485      INFO  Test worker     d.u.i.k.n.KeyIO           MODE: declarations took 0 ms 
53312      INFO  Test worker     d.u.i.k.n.KeyIO           Parsing took 0 ms 
53312      INFO  Test worker     d.u.i.k.n.KeyIO           MODE: declarations took 0 ms 
55942      INFO  Test worker     d.u.i.k.n.KeyIO           Parsing took 0 ms 
55942      INFO  Test worker     d.u.i.k.n.KeyIO           MODE: declarations took 0 ms 
56755      INFO  Test worker     d.u.i.k.n.KeyIO           Parsing took 0 ms 
56755      INFO  Test worker     d.u.i.k.n.KeyIO           MODE: declarations took 0 ms 
59374      INFO  Test worker     d.u.i.k.n.KeyIO           Parsing took 0 ms 
59374      INFO  Test worker     d.u.i.k.n.KeyIO           MODE: declarations took 0 ms 
60172      INFO  Test worker     d.u.i.k.n.KeyIO           Parsing took 0 ms 
60172      INFO  Test worker     d.u.i.k.n.KeyIO           MODE: declarations took 0 ms 
62791      INFO  Test worker     d.u.i.k.n.KeyIO           Parsing took 0 ms 
62791      INFO  Test worker     d.u.i.k.n.KeyIO           MODE: declarations took 0 ms 
63582      INFO  Test worker     d.u.i.k.n.KeyIO           Parsing took 0 ms 
63582      INFO  Test worker     d.u.i.k.n.KeyIO           MODE: declarations took 0 ms 
66194      INFO  Test worker     d.u.i.k.n.KeyIO           Parsing took 0 ms 
66194      INFO  Test worker     d.u.i.k.n.KeyIO           MODE: declarations took 0 ms 
66991      INFO  Test worker     d.u.i.k.n.KeyIO           Parsing took 0 ms 
66991      INFO  Test worker     d.u.i.k.n.KeyIO           MODE: declarations took 0 ms 
72212      INFO  Test worker     d.u.i.k.n.KeyIO           Parsing took 0 ms 
72212      INFO  Test worker     d.u.i.k.n.KeyIO           MODE: declarations took 0 ms 
73009      INFO  Test worker     d.u.i.k.n.KeyIO           Parsing took 0 ms 
73009      INFO  Test worker     d.u.i.k.n.KeyIO           MODE: declarations took 0 ms 
75606      INFO  Test worker     d.u.i.k.n.KeyIO           Parsing took 0 ms 
75606      INFO  Test worker     d.u.i.k.n.KeyIO           MODE: declarations took 0 ms 
76452      INFO  Test worker     d.u.i.k.n.KeyIO           Parsing took 0 ms 
76452      INFO  Test worker     d.u.i.k.n.KeyIO           MODE: declarations took 0 ms 
]]></system-out>
  <system-err><![CDATA[]]></system-err>
</testsuite>
