<?xml version="1.0" encoding="UTF-8"?>
<testsuite name="de.uka.ilkd.key.parser.TestTermParserSorts" tests="2" skipped="0" failures="0" errors="0" timestamp="2023-04-17T07:07:44" hostname="fv-az931-993" time="2.569">
  <properties/>
  <testcase name="testParseIntegerArgs()" classname="de.uka.ilkd.key.parser.TestTermParserSorts" time="0.016"/>
  <testcase name="testParseSequencePrettySyntax()" classname="de.uka.ilkd.key.parser.TestTermParserSorts" time="0.003"/>
  <system-out><![CDATA[392037     INFO  Test worker     d.u.i.k.n.KeyIO           Parsing took 0 ms 
392037     INFO  Test worker     d.u.i.k.n.KeyIO           MODE: declarations took 0 ms 
392037     INFO  Test worker     d.u.i.k.n.KeyIO           Parsing took 0 ms 
392037     INFO  Test worker     d.u.i.k.n.KeyIO           MODE: declarations took 0 ms 
392037     INFO  Test worker     d.u.i.k.n.KeyIO           Parsing took 0 ms 
392037     INFO  Test worker     d.u.i.k.n.KeyIO           MODE: declarations took 0 ms 
394597     INFO  Test worker     d.u.i.k.n.KeyIO           Parsing took 0 ms 
394597     INFO  Test worker     d.u.i.k.n.KeyIO           MODE: declarations took 0 ms 
394597     INFO  Test worker     d.u.i.k.n.KeyIO           Parsing took 0 ms 
394597     INFO  Test worker     d.u.i.k.n.KeyIO           MODE: declarations took 0 ms 
394597     INFO  Test worker     d.u.i.k.n.KeyIO           Parsing took 0 ms 
394597     INFO  Test worker     d.u.i.k.n.KeyIO           MODE: declarations took 0 ms 
]]></system-out>
  <system-err><![CDATA[]]></system-err>
</testsuite>
