<?xml version="1.0" encoding="UTF-8"?>
<testsuite name="de.uka.ilkd.key.parser.TestTermParserHeap" tests="39" skipped="0" failures="0" errors="0" timestamp="2023-04-17T07:06:04" hostname="fv-az931-993" time="97.886">
  <properties/>
  <testcase name="testBracketHeapUpdate()" classname="de.uka.ilkd.key.parser.TestTermParserHeap" time="0.015"/>
  <testcase name="testStore()" classname="de.uka.ilkd.key.parser.TestTermParserHeap" time="0.01"/>
  <testcase name="testUnknownConstant()" classname="de.uka.ilkd.key.parser.TestTermParserHeap" time="0.005"/>
  <testcase name="testAllFieldsSelector()" classname="de.uka.ilkd.key.parser.TestTermParserHeap" time="0.003"/>
  <testcase name="testParsePrettyPrintedSelect()" classname="de.uka.ilkd.key.parser.TestTermParserHeap" time="0.003"/>
  <testcase name="testAccessStaticMembers()" classname="de.uka.ilkd.key.parser.TestTermParserHeap" time="0.003"/>
  <testcase name="testAtOperator_1()" classname="de.uka.ilkd.key.parser.TestTermParserHeap" time="0.003"/>
  <testcase name="testAtOperator_2()" classname="de.uka.ilkd.key.parser.TestTermParserHeap" time="0.003"/>
  <testcase name="testAtOperator_3()" classname="de.uka.ilkd.key.parser.TestTermParserHeap" time="0.002"/>
  <testcase name="testAtOperator_4()" classname="de.uka.ilkd.key.parser.TestTermParserHeap" time="0.009"/>
  <testcase name="testAtOperator_5()" classname="de.uka.ilkd.key.parser.TestTermParserHeap" time="0.002"/>
  <testcase name="testAtOperator_6()" classname="de.uka.ilkd.key.parser.TestTermParserHeap" time="0.003"/>
  <testcase name="testAtOperator_7()" classname="de.uka.ilkd.key.parser.TestTermParserHeap" time="0.003"/>
  <testcase name="testAtOperator_8()" classname="de.uka.ilkd.key.parser.TestTermParserHeap" time="0.005"/>
  <testcase name="testVerifyExceptionIfAtOperatorNotPreceededBySelectTerm()" classname="de.uka.ilkd.key.parser.TestTermParserHeap" time="0.007"/>
  <testcase name="testBugResettingCounter()" classname="de.uka.ilkd.key.parser.TestTermParserHeap" time="0.004"/>
  <testcase name="testLocationSets()" classname="de.uka.ilkd.key.parser.TestTermParserHeap" time="0.002"/>
  <testcase name="testQuantifiedSelect()" classname="de.uka.ilkd.key.parser.TestTermParserHeap" time="0.005"/>
  <testcase name="testGenericObjectProperties()" classname="de.uka.ilkd.key.parser.TestTermParserHeap" time="0.003"/>
  <testcase name="testQueryInheritance_1()" classname="de.uka.ilkd.key.parser.TestTermParserHeap" time="0.003"/>
  <testcase name="testQueryInheritance_2()" classname="de.uka.ilkd.key.parser.TestTermParserHeap" time="0.001"/>
  <testcase name="testQueryInheritance_3()" classname="de.uka.ilkd.key.parser.TestTermParserHeap" time="0.005"/>
  <testcase name="testQueryInheritance_4()" classname="de.uka.ilkd.key.parser.TestTermParserHeap" time="0.001"/>
  <testcase name="testQueryInheritance_5()" classname="de.uka.ilkd.key.parser.TestTermParserHeap" time="0.004"/>
  <testcase name="testQueryInheritance_6()" classname="de.uka.ilkd.key.parser.TestTermParserHeap" time="0.001"/>
  <testcase name="testQueryInheritance_7()" classname="de.uka.ilkd.key.parser.TestTermParserHeap" time="0.004"/>
  <testcase name="testQueryInheritance_8()" classname="de.uka.ilkd.key.parser.TestTermParserHeap" time="0.002"/>
  <testcase name="testQueryInheritance_9()" classname="de.uka.ilkd.key.parser.TestTermParserHeap" time="0.001"/>
  <testcase name="testQueryBasic_10()" classname="de.uka.ilkd.key.parser.TestTermParserHeap" time="0.002"/>
  <testcase name="testQueryBasic_11()" classname="de.uka.ilkd.key.parser.TestTermParserHeap" time="0.003"/>
  <testcase name="testQueryBasic_1()" classname="de.uka.ilkd.key.parser.TestTermParserHeap" time="0.002"/>
  <testcase name="testQueryBasic_2()" classname="de.uka.ilkd.key.parser.TestTermParserHeap" time="0.002"/>
  <testcase name="testQueryBasic_3()" classname="de.uka.ilkd.key.parser.TestTermParserHeap" time="0.006"/>
  <testcase name="testQueryBasic_4()" classname="de.uka.ilkd.key.parser.TestTermParserHeap" time="0.003"/>
  <testcase name="testQueryBasic_5()" classname="de.uka.ilkd.key.parser.TestTermParserHeap" time="0.002"/>
  <testcase name="testQueryBasic_6()" classname="de.uka.ilkd.key.parser.TestTermParserHeap" time="0.002"/>
  <testcase name="testQueryBasic_7()" classname="de.uka.ilkd.key.parser.TestTermParserHeap" time="0.001"/>
  <testcase name="testQueryBasic_8()" classname="de.uka.ilkd.key.parser.TestTermParserHeap" time="0.005"/>
  <testcase name="testQueryBasic_9()" classname="de.uka.ilkd.key.parser.TestTermParserHeap" time="0.003"/>
  <system-out><![CDATA[291590     INFO  Test worker     d.u.i.k.n.KeyIO           Parsing took 0 ms 
291590     INFO  Test worker     d.u.i.k.n.KeyIO           MODE: declarations took 0 ms 
291590     INFO  Test worker     d.u.i.k.n.KeyIO           Parsing took 0 ms 
291590     INFO  Test worker     d.u.i.k.n.KeyIO           MODE: declarations took 0 ms 
291590     INFO  Test worker     d.u.i.k.n.KeyIO           Parsing took 0 ms 
291590     INFO  Test worker     d.u.i.k.n.KeyIO           MODE: declarations took 0 ms 
291590     INFO  Test worker     d.u.i.k.n.KeyIO           Parsing took 0 ms 
291590     INFO  Test worker     d.u.i.k.n.KeyIO           MODE: declarations took 0 ms 
291590     INFO  Test worker     d.u.i.k.n.KeyIO           Parsing took 0 ms 
291590     INFO  Test worker     d.u.i.k.n.KeyIO           MODE: declarations took 0 ms 
294329     INFO  Test worker     d.u.i.k.n.KeyIO           Parsing took 0 ms 
294329     INFO  Test worker     d.u.i.k.n.KeyIO           MODE: declarations took 0 ms 
294329     INFO  Test worker     d.u.i.k.n.KeyIO           Parsing took 0 ms 
294329     INFO  Test worker     d.u.i.k.n.KeyIO           MODE: declarations took 0 ms 
294329     INFO  Test worker     d.u.i.k.n.KeyIO           Parsing took 0 ms 
294329     INFO  Test worker     d.u.i.k.n.KeyIO           MODE: declarations took 0 ms 
294329     INFO  Test worker     d.u.i.k.n.KeyIO           Parsing took 0 ms 
294329     INFO  Test worker     d.u.i.k.n.KeyIO           MODE: declarations took 0 ms 
294329     INFO  Test worker     d.u.i.k.n.KeyIO           Parsing took 0 ms 
294329     INFO  Test worker     d.u.i.k.n.KeyIO           MODE: declarations took 0 ms 
296966     INFO  Test worker     d.u.i.k.n.KeyIO           Parsing took 0 ms 
296966     INFO  Test worker     d.u.i.k.n.KeyIO           MODE: declarations took 0 ms 
296966     INFO  Test worker     d.u.i.k.n.KeyIO           Parsing took 0 ms 
296966     INFO  Test worker     d.u.i.k.n.KeyIO           MODE: declarations took 0 ms 
296966     INFO  Test worker     d.u.i.k.n.KeyIO           Parsing took 0 ms 
296966     INFO  Test worker     d.u.i.k.n.KeyIO           MODE: declarations took 0 ms 
296966     INFO  Test worker     d.u.i.k.n.KeyIO           Parsing took 0 ms 
296966     INFO  Test worker     d.u.i.k.n.KeyIO           MODE: declarations took 0 ms 
296966     INFO  Test worker     d.u.i.k.n.KeyIO           Parsing took 0 ms 
296966     INFO  Test worker     d.u.i.k.n.KeyIO           MODE: declarations took 0 ms 
296982     INFO  Test worker     d.u.i.k.n.KeyIO           Parsing took 0 ms 
296982     INFO  Test worker     d.u.i.k.n.KeyIO           MODE: declarations took 0 ms 
299617     INFO  Test worker     d.u.i.k.n.KeyIO           Parsing took 0 ms 
299617     INFO  Test worker     d.u.i.k.n.KeyIO           MODE: declarations took 0 ms 
299617     INFO  Test worker     d.u.i.k.n.KeyIO           Parsing took 0 ms 
299617     INFO  Test worker     d.u.i.k.n.KeyIO           MODE: declarations took 0 ms 
299617     INFO  Test worker     d.u.i.k.n.KeyIO           Parsing took 0 ms 
299617     INFO  Test worker     d.u.i.k.n.KeyIO           MODE: declarations took 0 ms 
299617     INFO  Test worker     d.u.i.k.n.KeyIO           Parsing took 0 ms 
299617     INFO  Test worker     d.u.i.k.n.KeyIO           MODE: declarations took 0 ms 
299617     INFO  Test worker     d.u.i.k.n.KeyIO           Parsing took 0 ms 
299617     INFO  Test worker     d.u.i.k.n.KeyIO           MODE: declarations took 0 ms 
302237     INFO  Test worker     d.u.i.k.n.KeyIO           Parsing took 0 ms 
302237     INFO  Test worker     d.u.i.k.n.KeyIO           MODE: declarations took 0 ms 
302252     INFO  Test worker     d.u.i.k.n.KeyIO           Parsing took 0 ms 
302252     INFO  Test worker     d.u.i.k.n.KeyIO           MODE: declarations took 0 ms 
302252     INFO  Test worker     d.u.i.k.n.KeyIO           Parsing took 0 ms 
302252     INFO  Test worker     d.u.i.k.n.KeyIO           MODE: declarations took 0 ms 
302252     INFO  Test worker     d.u.i.k.n.KeyIO           Parsing took 0 ms 
302252     INFO  Test worker     d.u.i.k.n.KeyIO           MODE: declarations took 0 ms 
302252     INFO  Test worker     d.u.i.k.n.KeyIO           Parsing took 0 ms 
302252     INFO  Test worker     d.u.i.k.n.KeyIO           MODE: declarations took 0 ms 
304858     INFO  Test worker     d.u.i.k.n.KeyIO           Parsing took 0 ms 
304858     INFO  Test worker     d.u.i.k.n.KeyIO           MODE: declarations took 0 ms 
304858     INFO  Test worker     d.u.i.k.n.KeyIO           Parsing took 0 ms 
304858     INFO  Test worker     d.u.i.k.n.KeyIO           MODE: declarations took 0 ms 
304858     INFO  Test worker     d.u.i.k.n.KeyIO           Parsing took 0 ms 
304858     INFO  Test worker     d.u.i.k.n.KeyIO           MODE: declarations took 0 ms 
304858     INFO  Test worker     d.u.i.k.n.KeyIO           Parsing took 0 ms 
304858     INFO  Test worker     d.u.i.k.n.KeyIO           MODE: declarations took 0 ms 
304858     INFO  Test worker     d.u.i.k.n.KeyIO           Parsing took 0 ms 
304858     INFO  Test worker     d.u.i.k.n.KeyIO           MODE: declarations took 0 ms 
307461     INFO  Test worker     d.u.i.k.n.KeyIO           Parsing took 0 ms 
307461     INFO  Test worker     d.u.i.k.n.KeyIO           MODE: declarations took 0 ms 
307461     INFO  Test worker     d.u.i.k.n.KeyIO           Parsing took 0 ms 
307461     INFO  Test worker     d.u.i.k.n.KeyIO           MODE: declarations took 0 ms 
307461     INFO  Test worker     d.u.i.k.n.KeyIO           Parsing took 0 ms 
307461     INFO  Test worker     d.u.i.k.n.KeyIO           MODE: declarations took 0 ms 
307461     INFO  Test worker     d.u.i.k.n.KeyIO           Parsing took 0 ms 
307461     INFO  Test worker     d.u.i.k.n.KeyIO           MODE: declarations took 0 ms 
307461     INFO  Test worker     d.u.i.k.n.KeyIO           Parsing took 0 ms 
307461     INFO  Test worker     d.u.i.k.n.KeyIO           MODE: declarations took 0 ms 
310136     INFO  Test worker     d.u.i.k.n.KeyIO           Parsing took 0 ms 
310136     INFO  Test worker     d.u.i.k.n.KeyIO           MODE: declarations took 0 ms 
310136     INFO  Test worker     d.u.i.k.n.KeyIO           Parsing took 0 ms 
310136     INFO  Test worker     d.u.i.k.n.KeyIO           MODE: declarations took 0 ms 
310136     INFO  Test worker     d.u.i.k.n.KeyIO           Parsing took 0 ms 
310136     INFO  Test worker     d.u.i.k.n.KeyIO           MODE: declarations took 0 ms 
310136     INFO  Test worker     d.u.i.k.n.KeyIO           Parsing took 0 ms 
310136     INFO  Test worker     d.u.i.k.n.KeyIO           MODE: declarations took 0 ms 
310136     INFO  Test worker     d.u.i.k.n.KeyIO           Parsing took 0 ms 
310136     INFO  Test worker     d.u.i.k.n.KeyIO           MODE: declarations took 0 ms 
312702     INFO  Test worker     d.u.i.k.n.KeyIO           Parsing took 0 ms 
312702     INFO  Test worker     d.u.i.k.n.KeyIO           MODE: declarations took 0 ms 
312702     INFO  Test worker     d.u.i.k.n.KeyIO           Parsing took 0 ms 
312702     INFO  Test worker     d.u.i.k.n.KeyIO           MODE: declarations took 0 ms 
312702     INFO  Test worker     d.u.i.k.n.KeyIO           Parsing took 0 ms 
312702     INFO  Test worker     d.u.i.k.n.KeyIO           MODE: declarations took 0 ms 
312702     INFO  Test worker     d.u.i.k.n.KeyIO           Parsing took 0 ms 
312702     INFO  Test worker     d.u.i.k.n.KeyIO           MODE: declarations took 0 ms 
312702     INFO  Test worker     d.u.i.k.n.KeyIO           Parsing took 0 ms 
312702     INFO  Test worker     d.u.i.k.n.KeyIO           MODE: declarations took 0 ms 
315273     INFO  Test worker     d.u.i.k.n.KeyIO           Parsing took 0 ms 
315273     INFO  Test worker     d.u.i.k.n.KeyIO           MODE: declarations took 0 ms 
315273     INFO  Test worker     d.u.i.k.n.KeyIO           Parsing took 0 ms 
315273     INFO  Test worker     d.u.i.k.n.KeyIO           MODE: declarations took 0 ms 
315273     INFO  Test worker     d.u.i.k.n.KeyIO           Parsing took 0 ms 
315273     INFO  Test worker     d.u.i.k.n.KeyIO           MODE: declarations took 0 ms 
315273     INFO  Test worker     d.u.i.k.n.KeyIO           Parsing took 0 ms 
315273     INFO  Test worker     d.u.i.k.n.KeyIO           MODE: declarations took 0 ms 
315273     INFO  Test worker     d.u.i.k.n.KeyIO           Parsing took 0 ms 
315273     INFO  Test worker     d.u.i.k.n.KeyIO           MODE: declarations took 0 ms 
317865     INFO  Test worker     d.u.i.k.n.KeyIO           Parsing took 0 ms 
317865     INFO  Test worker     d.u.i.k.n.KeyIO           MODE: declarations took 0 ms 
317865     INFO  Test worker     d.u.i.k.n.KeyIO           Parsing took 0 ms 
317865     INFO  Test worker     d.u.i.k.n.KeyIO           MODE: declarations took 0 ms 
317865     INFO  Test worker     d.u.i.k.n.KeyIO           Parsing took 0 ms 
317865     INFO  Test worker     d.u.i.k.n.KeyIO           MODE: declarations took 0 ms 
317865     INFO  Test worker     d.u.i.k.n.KeyIO           Parsing took 0 ms 
317865     INFO  Test worker     d.u.i.k.n.KeyIO           MODE: declarations took 0 ms 
317865     INFO  Test worker     d.u.i.k.n.KeyIO           Parsing took 0 ms 
317865     INFO  Test worker     d.u.i.k.n.KeyIO           MODE: declarations took 0 ms 
320403     INFO  Test worker     d.u.i.k.n.KeyIO           Parsing took 0 ms 
320403     INFO  Test worker     d.u.i.k.n.KeyIO           MODE: declarations took 0 ms 
320403     INFO  Test worker     d.u.i.k.n.KeyIO           Parsing took 0 ms 
320403     INFO  Test worker     d.u.i.k.n.KeyIO           MODE: declarations took 0 ms 
320403     INFO  Test worker     d.u.i.k.n.KeyIO           Parsing took 0 ms 
320403     INFO  Test worker     d.u.i.k.n.KeyIO           MODE: declarations took 0 ms 
320403     INFO  Test worker     d.u.i.k.n.KeyIO           Parsing took 0 ms 
320403     INFO  Test worker     d.u.i.k.n.KeyIO           MODE: declarations took 0 ms 
320403     INFO  Test worker     d.u.i.k.n.KeyIO           Parsing took 0 ms 
320403     INFO  Test worker     d.u.i.k.n.KeyIO           MODE: declarations took 0 ms 
322960     INFO  Test worker     d.u.i.k.n.KeyIO           Parsing took 0 ms 
322960     INFO  Test worker     d.u.i.k.n.KeyIO           MODE: declarations took 0 ms 
322960     INFO  Test worker     d.u.i.k.n.KeyIO           Parsing took 0 ms 
322960     INFO  Test worker     d.u.i.k.n.KeyIO           MODE: declarations took 0 ms 
322960     INFO  Test worker     d.u.i.k.n.KeyIO           Parsing took 0 ms 
322960     INFO  Test worker     d.u.i.k.n.KeyIO           MODE: declarations took 0 ms 
322960     INFO  Test worker     d.u.i.k.n.KeyIO           Parsing took 0 ms 
322960     INFO  Test worker     d.u.i.k.n.KeyIO           MODE: declarations took 0 ms 
322960     INFO  Test worker     d.u.i.k.n.KeyIO           Parsing took 0 ms 
322960     INFO  Test worker     d.u.i.k.n.KeyIO           MODE: declarations took 0 ms 
325526     INFO  Test worker     d.u.i.k.n.KeyIO           Parsing took 0 ms 
325526     INFO  Test worker     d.u.i.k.n.KeyIO           MODE: declarations took 0 ms 
325526     INFO  Test worker     d.u.i.k.n.KeyIO           Parsing took 0 ms 
325526     INFO  Test worker     d.u.i.k.n.KeyIO           MODE: declarations took 0 ms 
325526     INFO  Test worker     d.u.i.k.n.KeyIO           Parsing took 0 ms 
325526     INFO  Test worker     d.u.i.k.n.KeyIO           MODE: declarations took 0 ms 
325526     INFO  Test worker     d.u.i.k.n.KeyIO           Parsing took 0 ms 
325526     INFO  Test worker     d.u.i.k.n.KeyIO           MODE: declarations took 0 ms 
325526     INFO  Test worker     d.u.i.k.n.KeyIO           Parsing took 0 ms 
325526     INFO  Test worker     d.u.i.k.n.KeyIO           MODE: declarations took 0 ms 
328118     INFO  Test worker     d.u.i.k.n.KeyIO           Parsing took 0 ms 
328118     INFO  Test worker     d.u.i.k.n.KeyIO           MODE: declarations took 0 ms 
328118     INFO  Test worker     d.u.i.k.n.KeyIO           Parsing took 0 ms 
328118     INFO  Test worker     d.u.i.k.n.KeyIO           MODE: declarations took 0 ms 
328118     INFO  Test worker     d.u.i.k.n.KeyIO           Parsing took 0 ms 
328118     INFO  Test worker     d.u.i.k.n.KeyIO           MODE: declarations took 0 ms 
328118     INFO  Test worker     d.u.i.k.n.KeyIO           Parsing took 0 ms 
328118     INFO  Test worker     d.u.i.k.n.KeyIO           MODE: declarations took 0 ms 
328118     INFO  Test worker     d.u.i.k.n.KeyIO           Parsing took 0 ms 
328118     INFO  Test worker     d.u.i.k.n.KeyIO           MODE: declarations took 0 ms 
328118     WARN  Test worker     d.u.i.k.n.KeYParser       [syntax-error] <unknown>:1:11: mismatched input '@' expecting {'/', ':=', '.', '(', ')', '{', '[', '@', PARALLEL, OR, AND, IMP, '=', NOT_EQUALS, '%', '*', '-', '+', '>', GREATEREQUAL, '<', LESSEQUAL, LGUILLEMETS, EQV} [@11,11:11='@',<153>,1:11] (termEOF) 
330675     INFO  Test worker     d.u.i.k.n.KeyIO           Parsing took 0 ms 
330675     INFO  Test worker     d.u.i.k.n.KeyIO           MODE: declarations took 0 ms 
330675     INFO  Test worker     d.u.i.k.n.KeyIO           Parsing took 0 ms 
330675     INFO  Test worker     d.u.i.k.n.KeyIO           MODE: declarations took 0 ms 
330675     INFO  Test worker     d.u.i.k.n.KeyIO           Parsing took 0 ms 
330675     INFO  Test worker     d.u.i.k.n.KeyIO           MODE: declarations took 0 ms 
330675     INFO  Test worker     d.u.i.k.n.KeyIO           Parsing took 0 ms 
330675     INFO  Test worker     d.u.i.k.n.KeyIO           MODE: declarations took 0 ms 
330675     INFO  Test worker     d.u.i.k.n.KeyIO           Parsing took 0 ms 
330675     INFO  Test worker     d.u.i.k.n.KeyIO           MODE: declarations took 0 ms 
333211     INFO  Test worker     d.u.i.k.n.KeyIO           Parsing took 0 ms 
333211     INFO  Test worker     d.u.i.k.n.KeyIO           MODE: declarations took 0 ms 
333211     INFO  Test worker     d.u.i.k.n.KeyIO           Parsing took 0 ms 
333211     INFO  Test worker     d.u.i.k.n.KeyIO           MODE: declarations took 0 ms 
333211     INFO  Test worker     d.u.i.k.n.KeyIO           Parsing took 0 ms 
333211     INFO  Test worker     d.u.i.k.n.KeyIO           MODE: declarations took 0 ms 
333211     INFO  Test worker     d.u.i.k.n.KeyIO           Parsing took 0 ms 
333211     INFO  Test worker     d.u.i.k.n.KeyIO           MODE: declarations took 0 ms 
333211     INFO  Test worker     d.u.i.k.n.KeyIO           Parsing took 0 ms 
333211     INFO  Test worker     d.u.i.k.n.KeyIO           MODE: declarations took 0 ms 
335751     INFO  Test worker     d.u.i.k.n.KeyIO           Parsing took 0 ms 
335751     INFO  Test worker     d.u.i.k.n.KeyIO           MODE: declarations took 0 ms 
335751     INFO  Test worker     d.u.i.k.n.KeyIO           Parsing took 0 ms 
335751     INFO  Test worker     d.u.i.k.n.KeyIO           MODE: declarations took 0 ms 
335751     INFO  Test worker     d.u.i.k.n.KeyIO           Parsing took 0 ms 
335751     INFO  Test worker     d.u.i.k.n.KeyIO           MODE: declarations took 0 ms 
335751     INFO  Test worker     d.u.i.k.n.KeyIO           Parsing took 0 ms 
335751     INFO  Test worker     d.u.i.k.n.KeyIO           MODE: declarations took 0 ms 
335751     INFO  Test worker     d.u.i.k.n.KeyIO           Parsing took 0 ms 
335751     INFO  Test worker     d.u.i.k.n.KeyIO           MODE: declarations took 0 ms 
338329     INFO  Test worker     d.u.i.k.n.KeyIO           Parsing took 0 ms 
338329     INFO  Test worker     d.u.i.k.n.KeyIO           MODE: declarations took 0 ms 
338329     INFO  Test worker     d.u.i.k.n.KeyIO           Parsing took 0 ms 
338329     INFO  Test worker     d.u.i.k.n.KeyIO           MODE: declarations took 0 ms 
338329     INFO  Test worker     d.u.i.k.n.KeyIO           Parsing took 0 ms 
338329     INFO  Test worker     d.u.i.k.n.KeyIO           MODE: declarations took 0 ms 
338329     INFO  Test worker     d.u.i.k.n.KeyIO           Parsing took 0 ms 
338329     INFO  Test worker     d.u.i.k.n.KeyIO           MODE: declarations took 0 ms 
338329     INFO  Test worker     d.u.i.k.n.KeyIO           Parsing took 0 ms 
338329     INFO  Test worker     d.u.i.k.n.KeyIO           MODE: declarations took 0 ms 
340846     INFO  Test worker     d.u.i.k.n.KeyIO           Parsing took 0 ms 
340846     INFO  Test worker     d.u.i.k.n.KeyIO           MODE: declarations took 0 ms 
340846     INFO  Test worker     d.u.i.k.n.KeyIO           Parsing took 0 ms 
340846     INFO  Test worker     d.u.i.k.n.KeyIO           MODE: declarations took 0 ms 
340846     INFO  Test worker     d.u.i.k.n.KeyIO           Parsing took 0 ms 
340846     INFO  Test worker     d.u.i.k.n.KeyIO           MODE: declarations took 0 ms 
340846     INFO  Test worker     d.u.i.k.n.KeyIO           Parsing took 0 ms 
340846     INFO  Test worker     d.u.i.k.n.KeyIO           MODE: declarations took 0 ms 
340846     INFO  Test worker     d.u.i.k.n.KeyIO           Parsing took 0 ms 
340846     INFO  Test worker     d.u.i.k.n.KeyIO           MODE: declarations took 0 ms 
343432     INFO  Test worker     d.u.i.k.n.KeyIO           Parsing took 0 ms 
343432     INFO  Test worker     d.u.i.k.n.KeyIO           MODE: declarations took 0 ms 
343432     INFO  Test worker     d.u.i.k.n.KeyIO           Parsing took 0 ms 
343432     INFO  Test worker     d.u.i.k.n.KeyIO           MODE: declarations took 0 ms 
343432     INFO  Test worker     d.u.i.k.n.KeyIO           Parsing took 0 ms 
343432     INFO  Test worker     d.u.i.k.n.KeyIO           MODE: declarations took 0 ms 
343432     INFO  Test worker     d.u.i.k.n.KeyIO           Parsing took 0 ms 
343432     INFO  Test worker     d.u.i.k.n.KeyIO           MODE: declarations took 0 ms 
343432     INFO  Test worker     d.u.i.k.n.KeyIO           Parsing took 0 ms 
343432     INFO  Test worker     d.u.i.k.n.KeyIO           MODE: declarations took 0 ms 
345962     INFO  Test worker     d.u.i.k.n.KeyIO           Parsing took 0 ms 
345962     INFO  Test worker     d.u.i.k.n.KeyIO           MODE: declarations took 0 ms 
345962     INFO  Test worker     d.u.i.k.n.KeyIO           Parsing took 0 ms 
345962     INFO  Test worker     d.u.i.k.n.KeyIO           MODE: declarations took 0 ms 
345962     INFO  Test worker     d.u.i.k.n.KeyIO           Parsing took 0 ms 
345962     INFO  Test worker     d.u.i.k.n.KeyIO           MODE: declarations took 0 ms 
345962     INFO  Test worker     d.u.i.k.n.KeyIO           Parsing took 0 ms 
345962     INFO  Test worker     d.u.i.k.n.KeyIO           MODE: declarations took 0 ms 
345962     INFO  Test worker     d.u.i.k.n.KeyIO           Parsing took 0 ms 
345962     INFO  Test worker     d.u.i.k.n.KeyIO           MODE: declarations took 0 ms 
348515     INFO  Test worker     d.u.i.k.n.KeyIO           Parsing took 0 ms 
348515     INFO  Test worker     d.u.i.k.n.KeyIO           MODE: declarations took 0 ms 
348515     INFO  Test worker     d.u.i.k.n.KeyIO           Parsing took 0 ms 
348515     INFO  Test worker     d.u.i.k.n.KeyIO           MODE: declarations took 0 ms 
348515     INFO  Test worker     d.u.i.k.n.KeyIO           Parsing took 0 ms 
348515     INFO  Test worker     d.u.i.k.n.KeyIO           MODE: declarations took 0 ms 
348515     INFO  Test worker     d.u.i.k.n.KeyIO           Parsing took 0 ms 
348515     INFO  Test worker     d.u.i.k.n.KeyIO           MODE: declarations took 0 ms 
348515     INFO  Test worker     d.u.i.k.n.KeyIO           Parsing took 0 ms 
348515     INFO  Test worker     d.u.i.k.n.KeyIO           MODE: declarations took 0 ms 
351073     INFO  Test worker     d.u.i.k.n.KeyIO           Parsing took 0 ms 
351073     INFO  Test worker     d.u.i.k.n.KeyIO           MODE: declarations took 0 ms 
351073     INFO  Test worker     d.u.i.k.n.KeyIO           Parsing took 0 ms 
351073     INFO  Test worker     d.u.i.k.n.KeyIO           MODE: declarations took 0 ms 
351073     INFO  Test worker     d.u.i.k.n.KeyIO           Parsing took 0 ms 
351073     INFO  Test worker     d.u.i.k.n.KeyIO           MODE: declarations took 0 ms 
351073     INFO  Test worker     d.u.i.k.n.KeyIO           Parsing took 0 ms 
351073     INFO  Test worker     d.u.i.k.n.KeyIO           MODE: declarations took 0 ms 
351073     INFO  Test worker     d.u.i.k.n.KeyIO           Parsing took 0 ms 
351073     INFO  Test worker     d.u.i.k.n.KeyIO           MODE: declarations took 0 ms 
353643     INFO  Test worker     d.u.i.k.n.KeyIO           Parsing took 0 ms 
353643     INFO  Test worker     d.u.i.k.n.KeyIO           MODE: declarations took 0 ms 
353643     INFO  Test worker     d.u.i.k.n.KeyIO           Parsing took 0 ms 
353643     INFO  Test worker     d.u.i.k.n.KeyIO           MODE: declarations took 0 ms 
353643     INFO  Test worker     d.u.i.k.n.KeyIO           Parsing took 0 ms 
353643     INFO  Test worker     d.u.i.k.n.KeyIO           MODE: declarations took 0 ms 
353643     INFO  Test worker     d.u.i.k.n.KeyIO           Parsing took 0 ms 
353643     INFO  Test worker     d.u.i.k.n.KeyIO           MODE: declarations took 0 ms 
353643     INFO  Test worker     d.u.i.k.n.KeyIO           Parsing took 0 ms 
353643     INFO  Test worker     d.u.i.k.n.KeyIO           MODE: declarations took 0 ms 
356190     INFO  Test worker     d.u.i.k.n.KeyIO           Parsing took 0 ms 
356190     INFO  Test worker     d.u.i.k.n.KeyIO           MODE: declarations took 0 ms 
356190     INFO  Test worker     d.u.i.k.n.KeyIO           Parsing took 0 ms 
356190     INFO  Test worker     d.u.i.k.n.KeyIO           MODE: declarations took 0 ms 
356190     INFO  Test worker     d.u.i.k.n.KeyIO           Parsing took 0 ms 
356190     INFO  Test worker     d.u.i.k.n.KeyIO           MODE: declarations took 0 ms 
356190     INFO  Test worker     d.u.i.k.n.KeyIO           Parsing took 0 ms 
356190     INFO  Test worker     d.u.i.k.n.KeyIO           MODE: declarations took 0 ms 
356190     INFO  Test worker     d.u.i.k.n.KeyIO           Parsing took 0 ms 
356190     INFO  Test worker     d.u.i.k.n.KeyIO           MODE: declarations took 0 ms 
358745     INFO  Test worker     d.u.i.k.n.KeyIO           Parsing took 0 ms 
358745     INFO  Test worker     d.u.i.k.n.KeyIO           MODE: declarations took 0 ms 
358745     INFO  Test worker     d.u.i.k.n.KeyIO           Parsing took 0 ms 
358745     INFO  Test worker     d.u.i.k.n.KeyIO           MODE: declarations took 0 ms 
358745     INFO  Test worker     d.u.i.k.n.KeyIO           Parsing took 0 ms 
358745     INFO  Test worker     d.u.i.k.n.KeyIO           MODE: declarations took 0 ms 
358745     INFO  Test worker     d.u.i.k.n.KeyIO           Parsing took 0 ms 
358745     INFO  Test worker     d.u.i.k.n.KeyIO           MODE: declarations took 0 ms 
358745     INFO  Test worker     d.u.i.k.n.KeyIO           Parsing took 0 ms 
358745     INFO  Test worker     d.u.i.k.n.KeyIO           MODE: declarations took 0 ms 
361308     INFO  Test worker     d.u.i.k.n.KeyIO           Parsing took 0 ms 
361308     INFO  Test worker     d.u.i.k.n.KeyIO           MODE: declarations took 0 ms 
361308     INFO  Test worker     d.u.i.k.n.KeyIO           Parsing took 0 ms 
361308     INFO  Test worker     d.u.i.k.n.KeyIO           MODE: declarations took 0 ms 
361308     INFO  Test worker     d.u.i.k.n.KeyIO           Parsing took 0 ms 
361308     INFO  Test worker     d.u.i.k.n.KeyIO           MODE: declarations took 0 ms 
361308     INFO  Test worker     d.u.i.k.n.KeyIO           Parsing took 0 ms 
361308     INFO  Test worker     d.u.i.k.n.KeyIO           MODE: declarations took 0 ms 
361308     INFO  Test worker     d.u.i.k.n.KeyIO           Parsing took 0 ms 
361308     INFO  Test worker     d.u.i.k.n.KeyIO           MODE: declarations took 0 ms 
363873     INFO  Test worker     d.u.i.k.n.KeyIO           Parsing took 0 ms 
363873     INFO  Test worker     d.u.i.k.n.KeyIO           MODE: declarations took 0 ms 
363873     INFO  Test worker     d.u.i.k.n.KeyIO           Parsing took 0 ms 
363873     INFO  Test worker     d.u.i.k.n.KeyIO           MODE: declarations took 0 ms 
363873     INFO  Test worker     d.u.i.k.n.KeyIO           Parsing took 0 ms 
363873     INFO  Test worker     d.u.i.k.n.KeyIO           MODE: declarations took 0 ms 
363873     INFO  Test worker     d.u.i.k.n.KeyIO           Parsing took 0 ms 
363873     INFO  Test worker     d.u.i.k.n.KeyIO           MODE: declarations took 0 ms 
363873     INFO  Test worker     d.u.i.k.n.KeyIO           Parsing took 0 ms 
363873     INFO  Test worker     d.u.i.k.n.KeyIO           MODE: declarations took 0 ms 
366440     INFO  Test worker     d.u.i.k.n.KeyIO           Parsing took 0 ms 
366440     INFO  Test worker     d.u.i.k.n.KeyIO           MODE: declarations took 0 ms 
366440     INFO  Test worker     d.u.i.k.n.KeyIO           Parsing took 0 ms 
366440     INFO  Test worker     d.u.i.k.n.KeyIO           MODE: declarations took 0 ms 
366440     INFO  Test worker     d.u.i.k.n.KeyIO           Parsing took 0 ms 
366440     INFO  Test worker     d.u.i.k.n.KeyIO           MODE: declarations took 0 ms 
366440     INFO  Test worker     d.u.i.k.n.KeyIO           Parsing took 0 ms 
366440     INFO  Test worker     d.u.i.k.n.KeyIO           MODE: declarations took 0 ms 
366440     INFO  Test worker     d.u.i.k.n.KeyIO           Parsing took 0 ms 
366440     INFO  Test worker     d.u.i.k.n.KeyIO           MODE: declarations took 0 ms 
369010     INFO  Test worker     d.u.i.k.n.KeyIO           Parsing took 0 ms 
369010     INFO  Test worker     d.u.i.k.n.KeyIO           MODE: declarations took 0 ms 
369010     INFO  Test worker     d.u.i.k.n.KeyIO           Parsing took 0 ms 
369010     INFO  Test worker     d.u.i.k.n.KeyIO           MODE: declarations took 0 ms 
369010     INFO  Test worker     d.u.i.k.n.KeyIO           Parsing took 0 ms 
369010     INFO  Test worker     d.u.i.k.n.KeyIO           MODE: declarations took 0 ms 
369010     INFO  Test worker     d.u.i.k.n.KeyIO           Parsing took 0 ms 
369010     INFO  Test worker     d.u.i.k.n.KeyIO           MODE: declarations took 0 ms 
369010     INFO  Test worker     d.u.i.k.n.KeyIO           Parsing took 0 ms 
369010     INFO  Test worker     d.u.i.k.n.KeyIO           MODE: declarations took 0 ms 
371571     INFO  Test worker     d.u.i.k.n.KeyIO           Parsing took 0 ms 
371571     INFO  Test worker     d.u.i.k.n.KeyIO           MODE: declarations took 0 ms 
371571     INFO  Test worker     d.u.i.k.n.KeyIO           Parsing took 0 ms 
371571     INFO  Test worker     d.u.i.k.n.KeyIO           MODE: declarations took 0 ms 
371571     INFO  Test worker     d.u.i.k.n.KeyIO           Parsing took 0 ms 
371571     INFO  Test worker     d.u.i.k.n.KeyIO           MODE: declarations took 0 ms 
371571     INFO  Test worker     d.u.i.k.n.KeyIO           Parsing took 0 ms 
371571     INFO  Test worker     d.u.i.k.n.KeyIO           MODE: declarations took 0 ms 
371571     INFO  Test worker     d.u.i.k.n.KeyIO           Parsing took 0 ms 
371571     INFO  Test worker     d.u.i.k.n.KeyIO           MODE: declarations took 0 ms 
374111     INFO  Test worker     d.u.i.k.n.KeyIO           Parsing took 0 ms 
374111     INFO  Test worker     d.u.i.k.n.KeyIO           MODE: declarations took 0 ms 
374111     INFO  Test worker     d.u.i.k.n.KeyIO           Parsing took 0 ms 
374111     INFO  Test worker     d.u.i.k.n.KeyIO           MODE: declarations took 0 ms 
374127     INFO  Test worker     d.u.i.k.n.KeyIO           Parsing took 0 ms 
374127     INFO  Test worker     d.u.i.k.n.KeyIO           MODE: declarations took 0 ms 
374127     INFO  Test worker     d.u.i.k.n.KeyIO           Parsing took 0 ms 
374127     INFO  Test worker     d.u.i.k.n.KeyIO           MODE: declarations took 0 ms 
374127     INFO  Test worker     d.u.i.k.n.KeyIO           Parsing took 0 ms 
374127     INFO  Test worker     d.u.i.k.n.KeyIO           MODE: declarations took 0 ms 
376691     INFO  Test worker     d.u.i.k.n.KeyIO           Parsing took 0 ms 
376691     INFO  Test worker     d.u.i.k.n.KeyIO           MODE: declarations took 0 ms 
376691     INFO  Test worker     d.u.i.k.n.KeyIO           Parsing took 0 ms 
376691     INFO  Test worker     d.u.i.k.n.KeyIO           MODE: declarations took 0 ms 
376691     INFO  Test worker     d.u.i.k.n.KeyIO           Parsing took 0 ms 
376691     INFO  Test worker     d.u.i.k.n.KeyIO           MODE: declarations took 0 ms 
376691     INFO  Test worker     d.u.i.k.n.KeyIO           Parsing took 0 ms 
376691     INFO  Test worker     d.u.i.k.n.KeyIO           MODE: declarations took 0 ms 
376691     INFO  Test worker     d.u.i.k.n.KeyIO           Parsing took 0 ms 
376691     INFO  Test worker     d.u.i.k.n.KeyIO           MODE: declarations took 0 ms 
379233     INFO  Test worker     d.u.i.k.n.KeyIO           Parsing took 0 ms 
379233     INFO  Test worker     d.u.i.k.n.KeyIO           MODE: declarations took 0 ms 
379233     INFO  Test worker     d.u.i.k.n.KeyIO           Parsing took 0 ms 
379233     INFO  Test worker     d.u.i.k.n.KeyIO           MODE: declarations took 0 ms 
379233     INFO  Test worker     d.u.i.k.n.KeyIO           Parsing took 0 ms 
379233     INFO  Test worker     d.u.i.k.n.KeyIO           MODE: declarations took 0 ms 
379233     INFO  Test worker     d.u.i.k.n.KeyIO           Parsing took 0 ms 
379233     INFO  Test worker     d.u.i.k.n.KeyIO           MODE: declarations took 0 ms 
379233     INFO  Test worker     d.u.i.k.n.KeyIO           Parsing took 0 ms 
379233     INFO  Test worker     d.u.i.k.n.KeyIO           MODE: declarations took 0 ms 
381798     INFO  Test worker     d.u.i.k.n.KeyIO           Parsing took 0 ms 
381798     INFO  Test worker     d.u.i.k.n.KeyIO           MODE: declarations took 0 ms 
381798     INFO  Test worker     d.u.i.k.n.KeyIO           Parsing took 0 ms 
381798     INFO  Test worker     d.u.i.k.n.KeyIO           MODE: declarations took 0 ms 
381798     INFO  Test worker     d.u.i.k.n.KeyIO           Parsing took 0 ms 
381798     INFO  Test worker     d.u.i.k.n.KeyIO           MODE: declarations took 0 ms 
381798     INFO  Test worker     d.u.i.k.n.KeyIO           Parsing took 0 ms 
381798     INFO  Test worker     d.u.i.k.n.KeyIO           MODE: declarations took 0 ms 
381798     INFO  Test worker     d.u.i.k.n.KeyIO           Parsing took 0 ms 
381798     INFO  Test worker     d.u.i.k.n.KeyIO           MODE: declarations took 0 ms 
384376     INFO  Test worker     d.u.i.k.n.KeyIO           Parsing took 15 ms 
384376     INFO  Test worker     d.u.i.k.n.KeyIO           MODE: declarations took 0 ms 
384376     INFO  Test worker     d.u.i.k.n.KeyIO           Parsing took 0 ms 
384376     INFO  Test worker     d.u.i.k.n.KeyIO           MODE: declarations took 0 ms 
384376     INFO  Test worker     d.u.i.k.n.KeyIO           Parsing took 0 ms 
384376     INFO  Test worker     d.u.i.k.n.KeyIO           MODE: declarations took 0 ms 
384376     INFO  Test worker     d.u.i.k.n.KeyIO           Parsing took 0 ms 
384376     INFO  Test worker     d.u.i.k.n.KeyIO           MODE: declarations took 0 ms 
384376     INFO  Test worker     d.u.i.k.n.KeyIO           Parsing took 0 ms 
384376     INFO  Test worker     d.u.i.k.n.KeyIO           MODE: declarations took 0 ms 
386909     INFO  Test worker     d.u.i.k.n.KeyIO           Parsing took 0 ms 
386909     INFO  Test worker     d.u.i.k.n.KeyIO           MODE: declarations took 0 ms 
386909     INFO  Test worker     d.u.i.k.n.KeyIO           Parsing took 0 ms 
386909     INFO  Test worker     d.u.i.k.n.KeyIO           MODE: declarations took 0 ms 
386909     INFO  Test worker     d.u.i.k.n.KeyIO           Parsing took 0 ms 
386909     INFO  Test worker     d.u.i.k.n.KeyIO           MODE: declarations took 0 ms 
386909     INFO  Test worker     d.u.i.k.n.KeyIO           Parsing took 0 ms 
386909     INFO  Test worker     d.u.i.k.n.KeyIO           MODE: declarations took 0 ms 
386909     INFO  Test worker     d.u.i.k.n.KeyIO           Parsing took 0 ms 
386909     INFO  Test worker     d.u.i.k.n.KeyIO           MODE: declarations took 0 ms 
389473     INFO  Test worker     d.u.i.k.n.KeyIO           Parsing took 0 ms 
389473     INFO  Test worker     d.u.i.k.n.KeyIO           MODE: declarations took 0 ms 
389473     INFO  Test worker     d.u.i.k.n.KeyIO           Parsing took 0 ms 
389473     INFO  Test worker     d.u.i.k.n.KeyIO           MODE: declarations took 0 ms 
389473     INFO  Test worker     d.u.i.k.n.KeyIO           Parsing took 0 ms 
389473     INFO  Test worker     d.u.i.k.n.KeyIO           MODE: declarations took 0 ms 
389473     INFO  Test worker     d.u.i.k.n.KeyIO           Parsing took 0 ms 
389473     INFO  Test worker     d.u.i.k.n.KeyIO           MODE: declarations took 0 ms 
389473     INFO  Test worker     d.u.i.k.n.KeyIO           Parsing took 0 ms 
389473     INFO  Test worker     d.u.i.k.n.KeyIO           MODE: declarations took 0 ms 
]]></system-out>
  <system-err><![CDATA[]]></system-err>
</testsuite>
