<?xml version="1.0" encoding="UTF-8"?>
<testsuite name="de.uka.ilkd.key.parser.TestTermParser" tests="47" skipped="4" failures="0" errors="0" timestamp="2023-04-17T07:05:58" hostname="fv-az931-993" time="3.058">
  <properties/>
  <testcase name="testNotEqual()" classname="de.uka.ilkd.key.parser.TestTermParser" time="0.003"/>
  <testcase name="testProgramVariables()" classname="de.uka.ilkd.key.parser.TestTermParser" time="0.051"/>
  <testcase name="testAttributeWithSpecifiedSortOnObject()" classname="de.uka.ilkd.key.parser.TestTermParser" time="0.011"/>
  <testcase name="testCast()" classname="de.uka.ilkd.key.parser.TestTermParser" time="0.003"/>
  <testcase name="testJavaQueryAndAttribute_all()" classname="de.uka.ilkd.key.parser.TestTermParser" time="0.0">
    <skipped/>
  </testcase>
  <testcase name="test10()" classname="de.uka.ilkd.key.parser.TestTermParser" time="0.003"/>
  <testcase name="test11()" classname="de.uka.ilkd.key.parser.TestTermParser" time="0.003"/>
  <testcase name="test12()" classname="de.uka.ilkd.key.parser.TestTermParser" time="0.0">
    <skipped/>
  </testcase>
  <testcase name="test13()" classname="de.uka.ilkd.key.parser.TestTermParser" time="0.005"/>
  <testcase name="test14()" classname="de.uka.ilkd.key.parser.TestTermParser" time="0.006"/>
  <testcase name="test1a()" classname="de.uka.ilkd.key.parser.TestTermParser" time="0.003"/>
  <testcase name="testJavaAttributeAccess_4()" classname="de.uka.ilkd.key.parser.TestTermParser" time="0.003"/>
  <testcase name="testAttributeOnObject()" classname="de.uka.ilkd.key.parser.TestTermParser" time="0.004"/>
  <testcase name="testNegativeLiteralParsing1()" classname="de.uka.ilkd.key.parser.TestTermParser" time="0.002"/>
  <testcase name="testNegativeLiteralParsing2()" classname="de.uka.ilkd.key.parser.TestTermParser" time="0.002"/>
  <testcase name="testNegativeLiteralParsing3()" classname="de.uka.ilkd.key.parser.TestTermParser" time="0.002"/>
  <testcase name="xtestParsingArrayWithSpaces()" classname="de.uka.ilkd.key.parser.TestTermParser" time="0.0">
    <skipped/>
  </testcase>
  <testcase name="testAmbigiousFuncVarPred()" classname="de.uka.ilkd.key.parser.TestTermParser" time="0.001"/>
  <testcase name="test1()" classname="de.uka.ilkd.key.parser.TestTermParser" time="0.002"/>
  <testcase name="test2()" classname="de.uka.ilkd.key.parser.TestTermParser" time="0.002"/>
  <testcase name="test3()" classname="de.uka.ilkd.key.parser.TestTermParser" time="0.002"/>
  <testcase name="test5()" classname="de.uka.ilkd.key.parser.TestTermParser" time="0.003"/>
  <testcase name="test6()" classname="de.uka.ilkd.key.parser.TestTermParser" time="0.002"/>
  <testcase name="test7()" classname="de.uka.ilkd.key.parser.TestTermParser" time="0.002"/>
  <testcase name="test8()" classname="de.uka.ilkd.key.parser.TestTermParser" time="0.001"/>
  <testcase name="test9()" classname="de.uka.ilkd.key.parser.TestTermParser" time="0.002"/>
  <testcase name="testBindingUpdateTerm()" classname="de.uka.ilkd.key.parser.TestTermParser" time="0.003"/>
  <testcase name="testJavaStaticQuery()" classname="de.uka.ilkd.key.parser.TestTermParser" time="0.004"/>
  <testcase name="testInfix1()" classname="de.uka.ilkd.key.parser.TestTermParser" time="0.002"/>
  <testcase name="testInfix2()" classname="de.uka.ilkd.key.parser.TestTermParser" time="0.002"/>
  <testcase name="testInfix3()" classname="de.uka.ilkd.key.parser.TestTermParser" time="0.003"/>
  <testcase name="testInfix4()" classname="de.uka.ilkd.key.parser.TestTermParser" time="0.002"/>
  <testcase name="testIfThenElse()" classname="de.uka.ilkd.key.parser.TestTermParser" time="0.004"/>
  <testcase name="testJavaAttributeAccessBoth_1()" classname="de.uka.ilkd.key.parser.TestTermParser" time="0.003"/>
  <testcase name="testJavaAttributeAccessBoth_2()" classname="de.uka.ilkd.key.parser.TestTermParser" time="0.004"/>
  <testcase name="testJavaAttributeAccessBoth_3()" classname="de.uka.ilkd.key.parser.TestTermParser" time="0.004"/>
  <testcase name="testBindingUpdateTerm_1()" classname="de.uka.ilkd.key.parser.TestTermParser" time="0.002"/>
  <testcase name="testBindingUpdateTerm_3()" classname="de.uka.ilkd.key.parser.TestTermParser" time="0.019"/>
  <testcase name="testBindingUpdateTerm_4()" classname="de.uka.ilkd.key.parser.TestTermParser" time="0.002"/>
  <testcase name="testBindingUpdateTerm_5()" classname="de.uka.ilkd.key.parser.TestTermParser" time="0.008"/>
  <testcase name="testBindingUpdateTerm_6()" classname="de.uka.ilkd.key.parser.TestTermParser" time="0.002"/>
  <testcase name="testBindingUpdateTerm_7()" classname="de.uka.ilkd.key.parser.TestTermParser" time="0.002"/>
  <testcase name="testBindingUpdateTerm_8()" classname="de.uka.ilkd.key.parser.TestTermParser" time="0.003"/>
  <testcase name="testParsingArray()" classname="de.uka.ilkd.key.parser.TestTermParser" time="0.004"/>
  <testcase name="xtestBindingUpdateTermOldBindingAlternative()" classname="de.uka.ilkd.key.parser.TestTermParser" time="0.0">
    <skipped/>
  </testcase>
  <testcase name="testJavaStaticQueryWithParameter()" classname="de.uka.ilkd.key.parser.TestTermParser" time="0.028"/>
  <testcase name="testParsingArrayCombination()" classname="de.uka.ilkd.key.parser.TestTermParser" time="0.01"/>
  <system-out><![CDATA[285806     INFO  Test worker     d.u.i.k.n.KeyIO           Parsing took 0 ms 
285806     INFO  Test worker     d.u.i.k.n.KeyIO           MODE: declarations took 0 ms 
285806     WARN  Test worker     d.u.i.k.j.r.KeYCrossReferenceNameInfo Datatype T declared twice: Once in UNKNOWN:unknown and once in UNKNOWN:unknown, Keeping one from UNKNOWN:unknown 
285869     INFO  Test worker     d.u.i.k.n.KeyIO           Parsing took 0 ms 
285869     INFO  Test worker     d.u.i.k.n.KeyIO           MODE: declarations took 0 ms 
285916     WARN  Test worker     d.u.i.k.j.r.KeYCrossReferenceNameInfo Datatype T declared twice: Once in UNKNOWN:unknown and once in UNKNOWN:unknown, Keeping one from UNKNOWN:unknown 
285978     INFO  Test worker     d.u.i.k.n.KeyIO           Parsing took 0 ms 
285994     INFO  Test worker     d.u.i.k.n.KeyIO           MODE: declarations took 0 ms 
285994     WARN  Test worker     d.u.i.k.j.r.KeYCrossReferenceNameInfo Datatype T declared twice: Once in UNKNOWN:unknown and once in UNKNOWN:unknown, Keeping one from UNKNOWN:unknown 
286062     INFO  Test worker     d.u.i.k.n.KeyIO           Parsing took 0 ms 
286062     INFO  Test worker     d.u.i.k.n.KeyIO           MODE: declarations took 0 ms 
286062     WARN  Test worker     d.u.i.k.j.r.KeYCrossReferenceNameInfo Datatype T declared twice: Once in UNKNOWN:unknown and once in UNKNOWN:unknown, Keeping one from UNKNOWN:unknown 
286113     WARN  Test worker     d.u.i.k.j.r.KeYCrossReferenceNameInfo Datatype T declared twice: Once in UNKNOWN:unknown and once in UNKNOWN:unknown, Keeping one from UNKNOWN:unknown 
286176     INFO  Test worker     d.u.i.k.n.KeyIO           Parsing took 0 ms 
286176     INFO  Test worker     d.u.i.k.n.KeyIO           MODE: declarations took 0 ms 
286176     INFO  Test worker     d.u.i.k.p.TestTermParser  Out: \<{
  int x = 1;
  {
    int s = 2;
  }
}\> (equals(x,x)) 
286176     WARN  Test worker     d.u.i.k.j.r.KeYCrossReferenceNameInfo Datatype T declared twice: Once in UNKNOWN:unknown and once in UNKNOWN:unknown, Keeping one from UNKNOWN:unknown 
286238     INFO  Test worker     d.u.i.k.n.KeyIO           Parsing took 0 ms 
286238     INFO  Test worker     d.u.i.k.n.KeyIO           MODE: declarations took 0 ms 
286238     INFO  Test worker     d.u.i.k.p.TestTermParser  Out: \[{
  int x = 2;
  {
    String s = ""}";
  }
}\] (true) 
286254     WARN  Test worker     d.u.i.k.j.r.KeYCrossReferenceNameInfo Datatype T declared twice: Once in UNKNOWN:unknown and once in UNKNOWN:unknown, Keeping one from UNKNOWN:unknown 
286301     WARN  Test worker     d.u.i.k.j.r.KeYCrossReferenceNameInfo Datatype T declared twice: Once in UNKNOWN:unknown and once in UNKNOWN:unknown, Keeping one from UNKNOWN:unknown 
286371     INFO  Test worker     d.u.i.k.n.KeyIO           Parsing took 0 ms 
286371     INFO  Test worker     d.u.i.k.n.KeyIO           MODE: declarations took 0 ms 
286371     WARN  Test worker     d.u.i.k.j.r.KeYCrossReferenceNameInfo Datatype T declared twice: Once in UNKNOWN:unknown and once in UNKNOWN:unknown, Keeping one from UNKNOWN:unknown 
286434     INFO  Test worker     d.u.i.k.n.KeyIO           Parsing took 0 ms 
286434     INFO  Test worker     d.u.i.k.n.KeyIO           MODE: declarations took 0 ms 
286434     INFO  Test worker     d.u.i.k.p.TestTermParser  Out: \<{
  int[] i;
}\> (diamond(true)) 
286434     WARN  Test worker     d.u.i.k.j.r.KeYCrossReferenceNameInfo Datatype T declared twice: Once in UNKNOWN:unknown and once in UNKNOWN:unknown, Keeping one from UNKNOWN:unknown 
286496     INFO  Test worker     d.u.i.k.n.KeyIO           Parsing took 0 ms 
286496     INFO  Test worker     d.u.i.k.n.KeyIO           MODE: declarations took 0 ms 
286496     WARN  Test worker     d.u.i.k.j.r.KeYCrossReferenceNameInfo Datatype T declared twice: Once in UNKNOWN:unknown and once in UNKNOWN:unknown, Keeping one from UNKNOWN:unknown 
286559     INFO  Test worker     d.u.i.k.n.KeyIO           Parsing took 0 ms 
286559     INFO  Test worker     d.u.i.k.n.KeyIO           MODE: declarations took 0 ms 
286574     WARN  Test worker     d.u.i.k.j.r.KeYCrossReferenceNameInfo Datatype T declared twice: Once in UNKNOWN:unknown and once in UNKNOWN:unknown, Keeping one from UNKNOWN:unknown 
286621     INFO  Test worker     d.u.i.k.n.KeyIO           Parsing took 0 ms 
286621     INFO  Test worker     d.u.i.k.n.KeyIO           MODE: declarations took 0 ms 
286638     WARN  Test worker     d.u.i.k.j.r.KeYCrossReferenceNameInfo Datatype T declared twice: Once in UNKNOWN:unknown and once in UNKNOWN:unknown, Keeping one from UNKNOWN:unknown 
286703     INFO  Test worker     d.u.i.k.n.KeyIO           Parsing took 0 ms 
286703     INFO  Test worker     d.u.i.k.n.KeyIO           MODE: declarations took 0 ms 
286703     WARN  Test worker     d.u.i.k.j.r.KeYCrossReferenceNameInfo Datatype T declared twice: Once in UNKNOWN:unknown and once in UNKNOWN:unknown, Keeping one from UNKNOWN:unknown 
286766     INFO  Test worker     d.u.i.k.n.KeyIO           Parsing took 0 ms 
286766     INFO  Test worker     d.u.i.k.n.KeyIO           MODE: declarations took 0 ms 
286766     WARN  Test worker     d.u.i.k.j.r.KeYCrossReferenceNameInfo Datatype T declared twice: Once in UNKNOWN:unknown and once in UNKNOWN:unknown, Keeping one from UNKNOWN:unknown 
286828     INFO  Test worker     d.u.i.k.n.KeyIO           Parsing took 0 ms 
286828     INFO  Test worker     d.u.i.k.n.KeyIO           MODE: declarations took 0 ms 
286828     WARN  Test worker     d.u.i.k.j.r.KeYCrossReferenceNameInfo Datatype T declared twice: Once in UNKNOWN:unknown and once in UNKNOWN:unknown, Keeping one from UNKNOWN:unknown 
286891     WARN  Test worker     d.u.i.k.j.r.KeYCrossReferenceNameInfo Datatype T declared twice: Once in UNKNOWN:unknown and once in UNKNOWN:unknown, Keeping one from UNKNOWN:unknown 
286937     INFO  Test worker     d.u.i.k.n.KeyIO           Parsing took 0 ms 
286937     INFO  Test worker     d.u.i.k.n.KeyIO           MODE: declarations took 0 ms 
286937     WARN  Test worker     d.u.i.k.j.r.KeYCrossReferenceNameInfo Datatype T declared twice: Once in UNKNOWN:unknown and once in UNKNOWN:unknown, Keeping one from UNKNOWN:unknown 
287000     INFO  Test worker     d.u.i.k.n.KeyIO           Parsing took 0 ms 
287000     INFO  Test worker     d.u.i.k.n.KeyIO           MODE: declarations took 0 ms 
287000     WARN  Test worker     d.u.i.k.j.r.KeYCrossReferenceNameInfo Datatype T declared twice: Once in UNKNOWN:unknown and once in UNKNOWN:unknown, Keeping one from UNKNOWN:unknown 
287062     INFO  Test worker     d.u.i.k.n.KeyIO           Parsing took 0 ms 
287062     INFO  Test worker     d.u.i.k.n.KeyIO           MODE: declarations took 0 ms 
287062     WARN  Test worker     d.u.i.k.j.r.KeYCrossReferenceNameInfo Datatype T declared twice: Once in UNKNOWN:unknown and once in UNKNOWN:unknown, Keeping one from UNKNOWN:unknown 
287125     INFO  Test worker     d.u.i.k.n.KeyIO           Parsing took 0 ms 
287125     INFO  Test worker     d.u.i.k.n.KeyIO           MODE: declarations took 0 ms 
287141     WARN  Test worker     d.u.i.k.j.r.KeYCrossReferenceNameInfo Datatype T declared twice: Once in UNKNOWN:unknown and once in UNKNOWN:unknown, Keeping one from UNKNOWN:unknown 
287198     INFO  Test worker     d.u.i.k.n.KeyIO           Parsing took 0 ms 
287198     INFO  Test worker     d.u.i.k.n.KeyIO           MODE: declarations took 0 ms 
287198     WARN  Test worker     d.u.i.k.j.r.KeYCrossReferenceNameInfo Datatype T declared twice: Once in UNKNOWN:unknown and once in UNKNOWN:unknown, Keeping one from UNKNOWN:unknown 
287260     INFO  Test worker     d.u.i.k.n.KeyIO           Parsing took 0 ms 
287260     INFO  Test worker     d.u.i.k.n.KeyIO           MODE: declarations took 0 ms 
287260     WARN  Test worker     d.u.i.k.j.r.KeYCrossReferenceNameInfo Datatype T declared twice: Once in UNKNOWN:unknown and once in UNKNOWN:unknown, Keeping one from UNKNOWN:unknown 
287323     INFO  Test worker     d.u.i.k.n.KeyIO           Parsing took 0 ms 
287323     INFO  Test worker     d.u.i.k.n.KeyIO           MODE: declarations took 0 ms 
287323     WARN  Test worker     d.u.i.k.j.r.KeYCrossReferenceNameInfo Datatype T declared twice: Once in UNKNOWN:unknown and once in UNKNOWN:unknown, Keeping one from UNKNOWN:unknown 
287385     INFO  Test worker     d.u.i.k.n.KeyIO           Parsing took 0 ms 
287385     INFO  Test worker     d.u.i.k.n.KeyIO           MODE: declarations took 0 ms 
287385     WARN  Test worker     d.u.i.k.j.r.KeYCrossReferenceNameInfo Datatype T declared twice: Once in UNKNOWN:unknown and once in UNKNOWN:unknown, Keeping one from UNKNOWN:unknown 
287452     INFO  Test worker     d.u.i.k.n.KeyIO           Parsing took 0 ms 
287452     INFO  Test worker     d.u.i.k.n.KeyIO           MODE: declarations took 0 ms 
287452     WARN  Test worker     d.u.i.k.j.r.KeYCrossReferenceNameInfo Datatype T declared twice: Once in UNKNOWN:unknown and once in UNKNOWN:unknown, Keeping one from UNKNOWN:unknown 
287514     INFO  Test worker     d.u.i.k.n.KeyIO           Parsing took 0 ms 
287514     INFO  Test worker     d.u.i.k.n.KeyIO           MODE: declarations took 0 ms 
287514     WARN  Test worker     d.u.i.k.j.r.KeYCrossReferenceNameInfo Datatype T declared twice: Once in UNKNOWN:unknown and once in UNKNOWN:unknown, Keeping one from UNKNOWN:unknown 
287592     INFO  Test worker     d.u.i.k.n.KeyIO           Parsing took 0 ms 
287592     INFO  Test worker     d.u.i.k.n.KeyIO           MODE: declarations took 0 ms 
287598     WARN  Test worker     d.u.i.k.j.r.KeYCrossReferenceNameInfo Datatype T declared twice: Once in UNKNOWN:unknown and once in UNKNOWN:unknown, Keeping one from UNKNOWN:unknown 
287658     INFO  Test worker     d.u.i.k.n.KeyIO           Parsing took 0 ms 
287658     INFO  Test worker     d.u.i.k.n.KeyIO           MODE: declarations took 0 ms 
287658     WARN  Test worker     d.u.i.k.j.r.KeYCrossReferenceNameInfo Datatype T declared twice: Once in UNKNOWN:unknown and once in UNKNOWN:unknown, Keeping one from UNKNOWN:unknown 
287721     INFO  Test worker     d.u.i.k.n.KeyIO           Parsing took 0 ms 
287721     INFO  Test worker     d.u.i.k.n.KeyIO           MODE: declarations took 0 ms 
287721     WARN  Test worker     d.u.i.k.j.r.KeYCrossReferenceNameInfo Datatype T declared twice: Once in UNKNOWN:unknown and once in UNKNOWN:unknown, Keeping one from UNKNOWN:unknown 
287784     INFO  Test worker     d.u.i.k.n.KeyIO           Parsing took 0 ms 
287784     INFO  Test worker     d.u.i.k.n.KeyIO           MODE: declarations took 0 ms 
287799     WARN  Test worker     d.u.i.k.j.r.KeYCrossReferenceNameInfo Datatype T declared twice: Once in UNKNOWN:unknown and once in UNKNOWN:unknown, Keeping one from UNKNOWN:unknown 
287846     INFO  Test worker     d.u.i.k.n.KeyIO           Parsing took 0 ms 
287846     INFO  Test worker     d.u.i.k.n.KeyIO           MODE: declarations took 0 ms 
287862     WARN  Test worker     d.u.i.k.j.r.KeYCrossReferenceNameInfo Datatype T declared twice: Once in UNKNOWN:unknown and once in UNKNOWN:unknown, Keeping one from UNKNOWN:unknown 
287924     INFO  Test worker     d.u.i.k.n.KeyIO           Parsing took 0 ms 
287924     INFO  Test worker     d.u.i.k.n.KeyIO           MODE: declarations took 0 ms 
287924     WARN  Test worker     d.u.i.k.j.r.KeYCrossReferenceNameInfo Datatype T declared twice: Once in UNKNOWN:unknown and once in UNKNOWN:unknown, Keeping one from UNKNOWN:unknown 
287987     INFO  Test worker     d.u.i.k.n.KeyIO           Parsing took 0 ms 
287987     INFO  Test worker     d.u.i.k.n.KeyIO           MODE: declarations took 0 ms 
287987     WARN  Test worker     d.u.i.k.j.r.KeYCrossReferenceNameInfo Datatype T declared twice: Once in UNKNOWN:unknown and once in UNKNOWN:unknown, Keeping one from UNKNOWN:unknown 
288050     INFO  Test worker     d.u.i.k.n.KeyIO           Parsing took 0 ms 
288050     INFO  Test worker     d.u.i.k.n.KeyIO           MODE: declarations took 0 ms 
288050     WARN  Test worker     d.u.i.k.j.r.KeYCrossReferenceNameInfo Datatype T declared twice: Once in UNKNOWN:unknown and once in UNKNOWN:unknown, Keeping one from UNKNOWN:unknown 
288115     INFO  Test worker     d.u.i.k.n.KeyIO           Parsing took 0 ms 
288115     INFO  Test worker     d.u.i.k.n.KeyIO           MODE: declarations took 0 ms 
288115     WARN  Test worker     d.u.i.k.j.r.KeYCrossReferenceNameInfo Datatype T declared twice: Once in UNKNOWN:unknown and once in UNKNOWN:unknown, Keeping one from UNKNOWN:unknown 
288178     INFO  Test worker     d.u.i.k.n.KeyIO           Parsing took 0 ms 
288178     INFO  Test worker     d.u.i.k.n.KeyIO           MODE: declarations took 0 ms 
288178     WARN  Test worker     d.u.i.k.j.r.KeYCrossReferenceNameInfo Datatype T declared twice: Once in UNKNOWN:unknown and once in UNKNOWN:unknown, Keeping one from UNKNOWN:unknown 
288240     INFO  Test worker     d.u.i.k.n.KeyIO           Parsing took 0 ms 
288240     INFO  Test worker     d.u.i.k.n.KeyIO           MODE: declarations took 0 ms 
288256     WARN  Test worker     d.u.i.k.j.r.KeYCrossReferenceNameInfo Datatype T declared twice: Once in UNKNOWN:unknown and once in UNKNOWN:unknown, Keeping one from UNKNOWN:unknown 
288318     INFO  Test worker     d.u.i.k.n.KeyIO           Parsing took 0 ms 
288318     INFO  Test worker     d.u.i.k.n.KeyIO           MODE: declarations took 0 ms 
288318     WARN  Test worker     d.u.i.k.j.r.KeYCrossReferenceNameInfo Datatype T declared twice: Once in UNKNOWN:unknown and once in UNKNOWN:unknown, Keeping one from UNKNOWN:unknown 
288381     INFO  Test worker     d.u.i.k.n.KeyIO           Parsing took 0 ms 
288381     INFO  Test worker     d.u.i.k.n.KeyIO           MODE: declarations took 0 ms 
288396     WARN  Test worker     d.u.i.k.j.r.KeYCrossReferenceNameInfo Datatype T declared twice: Once in UNKNOWN:unknown and once in UNKNOWN:unknown, Keeping one from UNKNOWN:unknown 
288459     INFO  Test worker     d.u.i.k.n.KeyIO           Parsing took 0 ms 
288459     INFO  Test worker     d.u.i.k.n.KeyIO           MODE: declarations took 0 ms 
288459     WARN  Test worker     d.u.i.k.j.r.KeYCrossReferenceNameInfo Datatype T declared twice: Once in UNKNOWN:unknown and once in UNKNOWN:unknown, Keeping one from UNKNOWN:unknown 
288514     INFO  Test worker     d.u.i.k.n.KeyIO           Parsing took 0 ms 
288514     INFO  Test worker     d.u.i.k.n.KeyIO           MODE: declarations took 0 ms 
288514     WARN  Test worker     d.u.i.k.j.r.KeYCrossReferenceNameInfo Datatype T declared twice: Once in UNKNOWN:unknown and once in UNKNOWN:unknown, Keeping one from UNKNOWN:unknown 
288576     INFO  Test worker     d.u.i.k.n.KeyIO           Parsing took 0 ms 
288576     INFO  Test worker     d.u.i.k.n.KeyIO           MODE: declarations took 0 ms 
288576     WARN  Test worker     d.u.i.k.j.r.KeYCrossReferenceNameInfo Datatype T declared twice: Once in UNKNOWN:unknown and once in UNKNOWN:unknown, Keeping one from UNKNOWN:unknown 
288639     INFO  Test worker     d.u.i.k.n.KeyIO           Parsing took 0 ms 
288639     INFO  Test worker     d.u.i.k.n.KeyIO           MODE: declarations took 0 ms 
288639     WARN  Test worker     d.u.i.k.j.r.KeYCrossReferenceNameInfo Datatype T declared twice: Once in UNKNOWN:unknown and once in UNKNOWN:unknown, Keeping one from UNKNOWN:unknown 
288702     WARN  Test worker     d.u.i.k.j.r.KeYCrossReferenceNameInfo Datatype T declared twice: Once in UNKNOWN:unknown and once in UNKNOWN:unknown, Keeping one from UNKNOWN:unknown 
288764     INFO  Test worker     d.u.i.k.n.KeyIO           Parsing took 0 ms 
288764     INFO  Test worker     d.u.i.k.n.KeyIO           MODE: declarations took 0 ms 
288795     WARN  Test worker     d.u.i.k.j.r.KeYCrossReferenceNameInfo Datatype T declared twice: Once in UNKNOWN:unknown and once in UNKNOWN:unknown, Keeping one from UNKNOWN:unknown 
288858     INFO  Test worker     d.u.i.k.n.KeyIO           Parsing took 0 ms 
288858     INFO  Test worker     d.u.i.k.n.KeyIO           MODE: declarations took 0 ms 
]]></system-out>
  <system-err><![CDATA[]]></system-err>
</testsuite>
