<?xml version="1.0" encoding="UTF-8"?>
<testsuite name="de.uka.ilkd.key.java.ProofJavaProgramFactoryTest" tests="5" skipped="0" failures="0" errors="0" timestamp="2023-02-02T21:31:34" hostname="fv-az344-618" time="11.071">
  <properties/>
  <testcase name="testAttachCommentsCompilationUnit_LockSpec()" classname="de.uka.ilkd.key.java.ProofJavaProgramFactoryTest" time="0.304"/>
  <testcase name="testAttachCommentsCompilationUnit_AssertsFalse()" classname="de.uka.ilkd.key.java.ProofJavaProgramFactoryTest" time="0.063"/>
  <testcase name="testAttachCommentsCompilationUnit_Steinhofel1()" classname="de.uka.ilkd.key.java.ProofJavaProgramFactoryTest" time="0.091"/>
  <testcase name="testAttachCommentsCompilationUnit_SetStatements()" classname="de.uka.ilkd.key.java.ProofJavaProgramFactoryTest" time="0.081"/>
  <testcase name="testAttachCommentsCompilationUnit_SmansEtAlArrayList()" classname="de.uka.ilkd.key.java.ProofJavaProgramFactoryTest" time="0.112"/>
  <system-out><![CDATA[21:31:28,517 |-INFO in ch.qos.logback.classic.LoggerContext[default] - Could NOT find resource [logback-test.xml]
21:31:28,517 |-INFO in ch.qos.logback.classic.LoggerContext[default] - Found resource [logback.xml] at [file:/home/runner/work/key/key/key.core/build/resources/test/logback.xml]
21:31:28,591 |-INFO in ch.qos.logback.classic.joran.action.ConfigurationAction - debug attribute not set
21:31:28,591 |-INFO in ch.qos.logback.core.joran.action.AppenderAction - About to instantiate appender of type [ch.qos.logback.core.ConsoleAppender]
21:31:28,595 |-INFO in ch.qos.logback.core.joran.action.AppenderAction - Naming appender as [STDOUT]
21:31:28,598 |-ERROR in ch.qos.logback.core.joran.spi.Interpreter@3:15 - no applicable action for [file], current ElementPath  is [[configuration][appender][file]]
21:31:28,598 |-ERROR in ch.qos.logback.core.joran.spi.Interpreter@4:17 - no applicable action for [append], current ElementPath  is [[configuration][appender][append]]
21:31:28,599 |-INFO in ch.qos.logback.core.joran.action.NestedComplexPropertyIA - Assuming default type [ch.qos.logback.classic.encoder.PatternLayoutEncoder] for [encoder] property
21:31:28,613 |-INFO in ch.qos.logback.classic.joran.action.RootLoggerAction - Setting level of ROOT logger to WARN
21:31:28,613 |-INFO in ch.qos.logback.core.joran.action.AppenderRefAction - Attaching appender named [STDOUT] to Logger[ROOT]
21:31:28,613 |-INFO in ch.qos.logback.classic.joran.action.ConfigurationAction - End of configuration.
21:31:28,614 |-INFO in ch.qos.logback.classic.joran.JoranConfigurator@15723761 - Registering current configuration as safe fallback point

267        WARN  Test worker     d.u.i.k.s.ProofSettings   The settings in /home/runner/.key/proof-settings.props are *not* read. 
873        WARN  Test worker     d.u.i.k.s.ProofIndependentSettings The settings in /home/runner/.key/proofIndependentSettings.props are *not* read due to flag 'key.disregardSettings' 
]]></system-out>
  <system-err><![CDATA[]]></system-err>
</testsuite>
