<?xml version="1.0" encoding="UTF-8"?>
<testsuite name="de.uka.ilkd.key.proof.runallproofs.RunAllProofsFunctional" tests="34" skipped="0" failures="0" errors="0" timestamp="2023-06-12T18:35:58" hostname="fv-az419-418" time="5322.19">
  <properties/>
  <testcase name="newBook" classname="de.uka.ilkd.key.proof.runallproofs.RunAllProofsFunctional" time="64.155"/>
  <testcase name="oldBook" classname="de.uka.ilkd.key.proof.runallproofs.RunAllProofsFunctional" time="17.504"/>
  <testcase name="comprehensions" classname="de.uka.ilkd.key.proof.runallproofs.RunAllProofsFunctional" time="67.794"/>
  <testcase name="performance" classname="de.uka.ilkd.key.proof.runallproofs.RunAllProofsFunctional" time="229.446"/>
  <testcase name="performancePOConstruction" classname="de.uka.ilkd.key.proof.runallproofs.RunAllProofsFunctional" time="74.048"/>
  <testcase name="applicationRestrictions" classname="de.uka.ilkd.key.proof.runallproofs.RunAllProofsFunctional" time="51.71"/>
  <testcase name="blockContracts" classname="de.uka.ilkd.key.proof.runallproofs.RunAllProofsFunctional" time="141.768"/>
  <testcase name="jmlAsserts" classname="de.uka.ilkd.key.proof.runallproofs.RunAllProofsFunctional" time="90.7"/>
  <testcase name="javaCard" classname="de.uka.ilkd.key.proof.runallproofs.RunAllProofsFunctional" time="136.028"/>
  <testcase name="list" classname="de.uka.ilkd.key.proof.runallproofs.RunAllProofsFunctional" time="265.822"/>
  <testcase name="list_ghost" classname="de.uka.ilkd.key.proof.runallproofs.RunAllProofsFunctional" time="69.905"/>
  <testcase name="list_recursive" classname="de.uka.ilkd.key.proof.runallproofs.RunAllProofsFunctional" time="23.121"/>
  <testcase name="list_seq" classname="de.uka.ilkd.key.proof.runallproofs.RunAllProofsFunctional" time="161.436"/>
  <testcase name="observer" classname="de.uka.ilkd.key.proof.runallproofs.RunAllProofsFunctional" time="98.121"/>
  <testcase name="removeDups" classname="de.uka.ilkd.key.proof.runallproofs.RunAllProofsFunctional" time="136.113"/>
  <testcase name="quicksort" classname="de.uka.ilkd.key.proof.runallproofs.RunAllProofsFunctional" time="109.341"/>
  <testcase name="simpleTests" classname="de.uka.ilkd.key.proof.runallproofs.RunAllProofsFunctional" time="162.128"/>
  <testcase name="SmansEtAl" classname="de.uka.ilkd.key.proof.runallproofs.RunAllProofsFunctional" time="195.946"/>
  <testcase name="VACID0" classname="de.uka.ilkd.key.proof.runallproofs.RunAllProofsFunctional" time="81.255"/>
  <testcase name="VSTTE10" classname="de.uka.ilkd.key.proof.runallproofs.RunAllProofsFunctional" time="175.505"/>
  <testcase name="WeideEtAl" classname="de.uka.ilkd.key.proof.runallproofs.RunAllProofsFunctional" time="28.985"/>
  <testcase name="arithmetic" classname="de.uka.ilkd.key.proof.runallproofs.RunAllProofsFunctional" time="488.25"/>
  <testcase name="arrays" classname="de.uka.ilkd.key.proof.runallproofs.RunAllProofsFunctional" time="57.071"/>
  <testcase name="javadl" classname="de.uka.ilkd.key.proof.runallproofs.RunAllProofsFunctional" time="611.566"/>
  <testcase name="FOL" classname="de.uka.ilkd.key.proof.runallproofs.RunAllProofsFunctional" time="290.948"/>
  <testcase name="strings" classname="de.uka.ilkd.key.proof.runallproofs.RunAllProofsFunctional" time="150.884"/>
  <testcase name="simple_info_flow" classname="de.uka.ilkd.key.proof.runallproofs.RunAllProofsFunctional" time="13.24"/>
  <testcase name="modelMethods" classname="de.uka.ilkd.key.proof.runallproofs.RunAllProofsFunctional" time="181.535"/>
  <testcase name="permissionHeap" classname="de.uka.ilkd.key.proof.runallproofs.RunAllProofsFunctional" time="844.227"/>
  <testcase name="completionScopes" classname="de.uka.ilkd.key.proof.runallproofs.RunAllProofsFunctional" time="51.611"/>
  <testcase name="reload_examples" classname="de.uka.ilkd.key.proof.runallproofs.RunAllProofsFunctional" time="43.795"/>
  <testcase name="proofLoadRepair" classname="de.uka.ilkd.key.proof.runallproofs.RunAllProofsFunctional" time="19.637"/>
  <testcase name="switch" classname="de.uka.ilkd.key.proof.runallproofs.RunAllProofsFunctional" time="61.28"/>
  <testcase name="redux" classname="de.uka.ilkd.key.proof.runallproofs.RunAllProofsFunctional" time="127.303"/>
  <system-out><![CDATA[281        INFO  Test worker     d.u.i.k.p.r.RunAllProofsTestUnit Running test newBook 
382        INFO  Timeout watchdog d.u.i.k.p.r.p.ForkedTestFileRunner Timeout watcher launched (2000 secs.) 
401        WARN  main            d.u.i.k.s.ProofSettings   No proof-settings could be loaded, using defaults java.io.FileNotFoundException: /home/runner/.key/proof-settings.props (No such file or directory)
	at java.base/java.io.FileInputStream.open0(Native Method)

431        INFO  main            d.u.i.k.p.r.p.TestFile    Now processing file /home/runner/work/key/key/key.core/../key.ui/examples/newBook/09.list_modelfield/ArrayList.add.key 
536        INFO  main            d.u.i.k.p.i.AbstractProblemLoader Loading environment from /home/runner/work/key/key/key.core/../key.ui/examples/newBook/09.list_modelfield/ArrayList.add.key 
554        DEBUG main            d.u.i.k.p.i.AbstractProblemLoader Environment load took 2.25ms 
840        INFO  main            d.u.i.k.p.i.AbstractProblemLoader Creating init config 
1643       DEBUG main            d.u.i.k.j.TypeConverter   No LDT found for Meta 
1645       DEBUG main            d.u.i.k.j.TypeConverter   No LDT found for Meta 
1647       DEBUG main            d.u.i.k.j.TypeConverter   No LDT found for Meta 
1648       DEBUG main            d.u.i.k.j.TypeConverter   No LDT found for Meta 
2995       DEBUG main            d.u.i.k.j.TypeConverter   No LDT found for JavaBigintExpression 
8748       DEBUG main            d.u.i.k.p.i.AbstractProblemLoader Init config took 7.91s 
8887       INFO  main            d.u.i.k.p.i.AbstractProblemLoader Replaying proof ArrayList[List::add(int)].JML normal_behavior operation contract.0 
8923       DEBUG main            d.u.i.k.p.i.IntermediateProofReplayer Proof replay took 35.1ns 
26888      INFO  main            d.u.i.k.p.r.p.TestFile    ... finished proof: closed. 
27136      INFO  main            d.u.i.k.p.i.AbstractProblemLoader Loading environment from /home/runner/work/key/key/key.core/../key.ui/examples/newBook/09.list_modelfield/ArrayList.add.key.proof 
27137      DEBUG main            d.u.i.k.p.i.AbstractProblemLoader Environment load took 634.71ns 
27148      INFO  main            d.u.i.k.p.i.AbstractProblemLoader Creating init config 
30383      DEBUG main            d.u.i.k.p.i.AbstractProblemLoader Init config took 3.24s 
30468      INFO  main            d.u.i.k.p.i.AbstractProblemLoader Replaying proof ArrayList[List::add(int)].JML normal_behavior operation contract.0 
31465      DEBUG main            d.u.i.k.p.i.IntermediateProofReplayer Proof replay took 931.42ms 
31477      DEBUG main            d.u.i.k.p.r.p.TestFile    ... success: reloaded. 
31480      INFO  main            d.u.i.k.p.r.p.TestFile    Now processing file /home/runner/work/key/key/key.core/../key.ui/examples/newBook/09.list_modelfield/ArrayList.remFirst.key 
31481      INFO  main            d.u.i.k.p.i.AbstractProblemLoader Loading environment from /home/runner/work/key/key/key.core/../key.ui/examples/newBook/09.list_modelfield/ArrayList.remFirst.key 
31481      DEBUG main            d.u.i.k.p.i.AbstractProblemLoader Environment load took 498.11ns 
31485      INFO  main            d.u.i.k.p.i.AbstractProblemLoader Creating init config 
34608      DEBUG main            d.u.i.k.p.i.AbstractProblemLoader Init config took 3.12s 
34679      INFO  main            d.u.i.k.p.i.AbstractProblemLoader Replaying proof ArrayList[List::remFirst()].JML normal_behavior operation contract.0 
34683      DEBUG main            d.u.i.k.p.i.IntermediateProofReplayer Proof replay took 8ns 
38805      INFO  main            d.u.i.k.p.r.p.TestFile    ... finished proof: closed. 
38980      INFO  main            d.u.i.k.p.i.AbstractProblemLoader Loading environment from /home/runner/work/key/key/key.core/../key.ui/examples/newBook/09.list_modelfield/ArrayList.remFirst.key.proof 
38980      DEBUG main            d.u.i.k.p.i.AbstractProblemLoader Environment load took 144.5ns 
38982      INFO  main            d.u.i.k.p.i.AbstractProblemLoader Creating init config 
42017      DEBUG main            d.u.i.k.p.i.AbstractProblemLoader Init config took 3.04s 
42071      INFO  main            d.u.i.k.p.i.AbstractProblemLoader Replaying proof ArrayList[List::remFirst()].JML normal_behavior operation contract.0 
42428      DEBUG main            d.u.i.k.p.i.IntermediateProofReplayer Proof replay took 340.43ms 
42430      DEBUG main            d.u.i.k.p.r.p.TestFile    ... success: reloaded. 
42432      INFO  main            d.u.i.k.p.r.p.TestFile    Now processing file /home/runner/work/key/key/key.core/../key.ui/examples/newBook/09.list_modelfield/ArrayList.empty.key 
42432      INFO  main            d.u.i.k.p.i.AbstractProblemLoader Loading environment from /home/runner/work/key/key/key.core/../key.ui/examples/newBook/09.list_modelfield/ArrayList.empty.key 
42433      DEBUG main            d.u.i.k.p.i.AbstractProblemLoader Environment load took 421.8ns 
42434      INFO  main            d.u.i.k.p.i.AbstractProblemLoader Creating init config 
45394      DEBUG main            d.u.i.k.p.i.AbstractProblemLoader Init config took 2.96s 
45444      INFO  main            d.u.i.k.p.i.AbstractProblemLoader Replaying proof ArrayList[List::empty()].JML normal_behavior operation contract.0 
45446      DEBUG main            d.u.i.k.p.i.IntermediateProofReplayer Proof replay took 5.5ns 
46450      INFO  main            d.u.i.k.p.r.p.TestFile    ... finished proof: closed. 
46632      INFO  main            d.u.i.k.p.i.AbstractProblemLoader Loading environment from /home/runner/work/key/key/key.core/../key.ui/examples/newBook/09.list_modelfield/ArrayList.empty.key.proof 
46632      DEBUG main            d.u.i.k.p.i.AbstractProblemLoader Environment load took 276.4ns 
46634      INFO  main            d.u.i.k.p.i.AbstractProblemLoader Creating init config 
49550      DEBUG main            d.u.i.k.p.i.AbstractProblemLoader Init config took 2.92s 
49599      INFO  main            d.u.i.k.p.i.AbstractProblemLoader Replaying proof ArrayList[List::empty()].JML normal_behavior operation contract.0 
49680      DEBUG main            d.u.i.k.p.i.IntermediateProofReplayer Proof replay took 75.28ms 
49681      DEBUG main            d.u.i.k.p.r.p.TestFile    ... success: reloaded. 
49682      INFO  main            d.u.i.k.p.r.p.TestFile    Now processing file /home/runner/work/key/key/key.core/../key.ui/examples/newBook/09.list_modelfield/ArrayList.size.key 
49682      INFO  main            d.u.i.k.p.i.AbstractProblemLoader Loading environment from /home/runner/work/key/key/key.core/../key.ui/examples/newBook/09.list_modelfield/ArrayList.size.key 
49682      DEBUG main            d.u.i.k.p.i.AbstractProblemLoader Environment load took 64ns 
49684      INFO  main            d.u.i.k.p.i.AbstractProblemLoader Creating init config 
52754      DEBUG main            d.u.i.k.p.i.AbstractProblemLoader Init config took 3.07s 
52868      INFO  main            d.u.i.k.p.i.AbstractProblemLoader Replaying proof ArrayList[List::size()].JML normal_behavior operation contract.0 
52875      DEBUG main            d.u.i.k.p.i.IntermediateProofReplayer Proof replay took 7ns 
53421      INFO  main            d.u.i.k.p.r.p.TestFile    ... finished proof: closed. 
53610      INFO  main            d.u.i.k.p.i.AbstractProblemLoader Loading environment from /home/runner/work/key/key/key.core/../key.ui/examples/newBook/09.list_modelfield/ArrayList.size.key.proof 
53610      DEBUG main            d.u.i.k.p.i.AbstractProblemLoader Environment load took 133.4ns 
53611      INFO  main            d.u.i.k.p.i.AbstractProblemLoader Creating init config 
56523      DEBUG main            d.u.i.k.p.i.AbstractProblemLoader Init config took 2.91s 
56575      INFO  main            d.u.i.k.p.i.AbstractProblemLoader Replaying proof ArrayList[List::size()].JML normal_behavior operation contract.0 
56611      DEBUG main            d.u.i.k.p.i.IntermediateProofReplayer Proof replay took 31.98ms 
56612      DEBUG main            d.u.i.k.p.r.p.TestFile    ... success: reloaded. 
56613      INFO  main            d.u.i.k.p.r.p.TestFile    Now processing file /home/runner/work/key/key/key.core/../key.ui/examples/newBook/09.list_modelfield/ArrayList.get.key 
56613      INFO  main            d.u.i.k.p.i.AbstractProblemLoader Loading environment from /home/runner/work/key/key/key.core/../key.ui/examples/newBook/09.list_modelfield/ArrayList.get.key 
56613      DEBUG main            d.u.i.k.p.i.AbstractProblemLoader Environment load took 65ns 
56614      INFO  main            d.u.i.k.p.i.AbstractProblemLoader Creating init config 
59564      DEBUG main            d.u.i.k.p.i.AbstractProblemLoader Init config took 2.95s 
59617      INFO  main            d.u.i.k.p.i.AbstractProblemLoader Replaying proof ArrayList[List::get(int)].JML normal_behavior operation contract.0 
59619      DEBUG main            d.u.i.k.p.i.IntermediateProofReplayer Proof replay took 6.3ns 
60628      INFO  main            d.u.i.k.p.r.p.TestFile    ... finished proof: closed. 
60794      INFO  main            d.u.i.k.p.i.AbstractProblemLoader Loading environment from /home/runner/work/key/key/key.core/../key.ui/examples/newBook/09.list_modelfield/ArrayList.get.key.proof 
60796      DEBUG main            d.u.i.k.p.i.AbstractProblemLoader Environment load took 1.58ms 
60798      INFO  main            d.u.i.k.p.i.AbstractProblemLoader Creating init config 
63710      DEBUG main            d.u.i.k.p.i.AbstractProblemLoader Init config took 2.91s 
63762      INFO  main            d.u.i.k.p.i.AbstractProblemLoader Replaying proof ArrayList[List::get(int)].JML normal_behavior operation contract.0 
63842      DEBUG main            d.u.i.k.p.i.IntermediateProofReplayer Proof replay took 75.33ms 
63844      DEBUG main            d.u.i.k.p.r.p.TestFile    ... success: reloaded. 
64425      INFO  Test worker     d.u.i.k.p.r.RunAllProofsTestUnit Returning from test newBook 
64435      INFO  Test worker     d.u.i.k.p.r.RunAllProofsTestUnit Running test oldBook 
367        INFO  Timeout watchdog d.u.i.k.p.r.p.ForkedTestFileRunner Timeout watcher launched (2000 secs.) 
375        WARN  main            d.u.i.k.s.ProofSettings   The settings in /home/runner/.key/proof-settings.props are *not* read. 
411        INFO  main            d.u.i.k.p.r.p.TestFile    Now processing file /home/runner/work/key/key/key.core/../key.ui/examples/standard_key/BookExamples/02FirstOrderLogic/Ex2.58.key 
522        INFO  main            d.u.i.k.p.i.AbstractProblemLoader Loading environment from /home/runner/work/key/key/key.core/../key.ui/examples/standard_key/BookExamples/02FirstOrderLogic/Ex2.58.key 
541        DEBUG main            d.u.i.k.p.i.AbstractProblemLoader Environment load took 2.69ms 
799        INFO  main            d.u.i.k.p.i.AbstractProblemLoader Creating init config 
1695       DEBUG main            d.u.i.k.j.TypeConverter   No LDT found for Meta 
1695       DEBUG main            d.u.i.k.j.TypeConverter   No LDT found for Meta 
1698       DEBUG main            d.u.i.k.j.TypeConverter   No LDT found for Meta 
1698       DEBUG main            d.u.i.k.j.TypeConverter   No LDT found for Meta 
3191       DEBUG main            d.u.i.k.j.TypeConverter   No LDT found for JavaBigintExpression 
8158       DEBUG main            d.u.i.k.p.i.AbstractProblemLoader Init config took 7.36s 
8217       INFO  main            d.u.i.k.p.i.AbstractProblemLoader Replaying proof Ex2.58.key 
8249       DEBUG main            d.u.i.k.p.i.IntermediateProofReplayer Proof replay took 35.7ns 
8435       INFO  main            d.u.i.k.p.r.p.TestFile    ... finished proof: closed. 
8530       INFO  main            d.u.i.k.p.i.AbstractProblemLoader Loading environment from /home/runner/work/key/key/key.core/../key.ui/examples/standard_key/BookExamples/02FirstOrderLogic/Ex2.58.key.proof 
8531       DEBUG main            d.u.i.k.p.i.AbstractProblemLoader Environment load took 149ns 
8534       INFO  main            d.u.i.k.p.i.AbstractProblemLoader Creating init config 
11358      DEBUG main            d.u.i.k.p.i.AbstractProblemLoader Init config took 2.82s 
11387      INFO  main            d.u.i.k.p.i.AbstractProblemLoader Replaying proof Ex2.58.key.proof 
11394      DEBUG main            d.u.i.k.p.i.IntermediateProofReplayer Proof replay took 2.73ms 
11404      DEBUG main            d.u.i.k.p.r.p.TestFile    ... success: reloaded. 
11405      INFO  main            d.u.i.k.p.r.p.TestFile    Now processing file /home/runner/work/key/key/key.core/../key.ui/examples/standard_key/BookExamples/03DynamicLogic/Sect3.3.1.key 
11406      INFO  main            d.u.i.k.p.i.AbstractProblemLoader Loading environment from /home/runner/work/key/key/key.core/../key.ui/examples/standard_key/BookExamples/03DynamicLogic/Sect3.3.1.key 
11406      DEBUG main            d.u.i.k.p.i.AbstractProblemLoader Environment load took 108.1ns 
11407      INFO  main            d.u.i.k.p.i.AbstractProblemLoader Creating init config 
13992      DEBUG main            d.u.i.k.p.i.AbstractProblemLoader Init config took 2.58s 
14024      INFO  main            d.u.i.k.p.i.AbstractProblemLoader Replaying proof Sect3.3.1.key 
14028      DEBUG main            d.u.i.k.p.i.IntermediateProofReplayer Proof replay took 6ns 
14537      INFO  main            d.u.i.k.p.r.p.TestFile    ... finished proof: closed. 
14666      INFO  main            d.u.i.k.p.i.AbstractProblemLoader Loading environment from /home/runner/work/key/key/key.core/../key.ui/examples/standard_key/BookExamples/03DynamicLogic/Sect3.3.1.key.proof 
14667      DEBUG main            d.u.i.k.p.i.AbstractProblemLoader Environment load took 794.11ns 
14671      INFO  main            d.u.i.k.p.i.AbstractProblemLoader Creating init config 
17182      DEBUG main            d.u.i.k.p.i.AbstractProblemLoader Init config took 2.51s 
17208      INFO  main            d.u.i.k.p.i.AbstractProblemLoader Replaying proof Sect3.3.1.key.proof 
17261      DEBUG main            d.u.i.k.p.i.IntermediateProofReplayer Proof replay took 48.68ms 
17266      DEBUG main            d.u.i.k.p.r.p.TestFile    ... success: reloaded. 
81937      INFO  Test worker     d.u.i.k.p.r.RunAllProofsTestUnit Returning from test oldBook 
81938      INFO  Test worker     d.u.i.k.p.r.RunAllProofsTestUnit Running test comprehensions 
321        INFO  Timeout watchdog d.u.i.k.p.r.p.ForkedTestFileRunner Timeout watcher launched (2000 secs.) 
329        WARN  main            d.u.i.k.s.ProofSettings   The settings in /home/runner/.key/proof-settings.props are *not* read. 
358        INFO  main            d.u.i.k.p.r.p.TestFile    Now processing file /home/runner/work/key/key/key.core/../key.ui/examples/heap/comprehensions/general_sum.key 
468        INFO  main            d.u.i.k.p.i.AbstractProblemLoader Loading environment from /home/runner/work/key/key/key.core/../key.ui/examples/heap/comprehensions/general_sum.key 
486        DEBUG main            d.u.i.k.p.i.AbstractProblemLoader Environment load took 2.82ms 
713        INFO  main            d.u.i.k.p.i.AbstractProblemLoader Creating init config 
1616       DEBUG main            d.u.i.k.j.TypeConverter   No LDT found for Meta 
1616       DEBUG main            d.u.i.k.j.TypeConverter   No LDT found for Meta 
1617       DEBUG main            d.u.i.k.j.TypeConverter   No LDT found for Meta 
1617       DEBUG main            d.u.i.k.j.TypeConverter   No LDT found for Meta 
3007       DEBUG main            d.u.i.k.j.TypeConverter   No LDT found for JavaBigintExpression 
8023       DEBUG main            d.u.i.k.p.i.AbstractProblemLoader Init config took 7.31s 
8160       INFO  main            d.u.i.k.p.i.AbstractProblemLoader Replaying proof GSum[GSum::doNothing()].JML operation contract.0 
8199       DEBUG main            d.u.i.k.p.i.IntermediateProofReplayer Proof replay took 31.9ns 
8643       INFO  main            d.u.i.k.p.r.p.TestFile    ... finished proof: closed. 
8742       INFO  main            d.u.i.k.p.i.AbstractProblemLoader Loading environment from /home/runner/work/key/key/key.core/../key.ui/examples/heap/comprehensions/general_sum.key.proof 
8742       DEBUG main            d.u.i.k.p.i.AbstractProblemLoader Environment load took 136.4ns 
8744       INFO  main            d.u.i.k.p.i.AbstractProblemLoader Creating init config 
11805      DEBUG main            d.u.i.k.p.i.AbstractProblemLoader Init config took 3.06s 
11900      INFO  main            d.u.i.k.p.i.AbstractProblemLoader Replaying proof GSum[GSum::doNothing()].JML operation contract.0 
11937      DEBUG main            d.u.i.k.p.i.IntermediateProofReplayer Proof replay took 28.17ms 
11944      DEBUG main            d.u.i.k.p.r.p.TestFile    ... success: reloaded. 
11945      INFO  main            d.u.i.k.p.r.p.TestFile    Now processing file /home/runner/work/key/key/key.core/../key.ui/examples/heap/comprehensions/sum0.key 
11946      INFO  main            d.u.i.k.p.i.AbstractProblemLoader Loading environment from /home/runner/work/key/key/key.core/../key.ui/examples/heap/comprehensions/sum0.key 
11946      DEBUG main            d.u.i.k.p.i.AbstractProblemLoader Environment load took 79ns 
11949      INFO  main            d.u.i.k.p.i.AbstractProblemLoader Creating init config 
14939      DEBUG main            d.u.i.k.p.i.AbstractProblemLoader Init config took 2.99s 
14995      INFO  main            d.u.i.k.p.i.AbstractProblemLoader Replaying proof Sum[Sum::sum0([I)].JML normal_behavior operation contract.0 
14998      DEBUG main            d.u.i.k.p.i.IntermediateProofReplayer Proof replay took 7ns 
15100      DEBUG Thread-4        d.u.i.k.l.l.OriginTermLabel commonFileName is null! 
15100      DEBUG Thread-4        d.u.i.k.l.l.OriginTermLabel commonFileName is null! 
15368      DEBUG Thread-4        d.u.i.k.l.l.OriginTermLabel commonFileName is null! 
15369      DEBUG Thread-4        d.u.i.k.l.l.OriginTermLabel commonFileName is null! 
15574      DEBUG Thread-4        d.u.i.k.l.l.OriginTermLabel commonFileName is null! 
15805      INFO  main            d.u.i.k.p.r.p.TestFile    ... finished proof: closed. 
15954      INFO  main            d.u.i.k.p.i.AbstractProblemLoader Loading environment from /home/runner/work/key/key/key.core/../key.ui/examples/heap/comprehensions/sum0.key.proof 
15962      DEBUG main            d.u.i.k.p.i.AbstractProblemLoader Environment load took 7.61ms 
15964      INFO  main            d.u.i.k.p.i.AbstractProblemLoader Creating init config 
18779      DEBUG main            d.u.i.k.p.i.AbstractProblemLoader Init config took 2.82s 
18831      INFO  main            d.u.i.k.p.i.AbstractProblemLoader Replaying proof Sum[Sum::sum0([I)].JML normal_behavior operation contract.0 
18861      DEBUG main            d.u.i.k.l.l.OriginTermLabel commonFileName is null! 
18862      DEBUG main            d.u.i.k.l.l.OriginTermLabel commonFileName is null! 
18906      DEBUG main            d.u.i.k.l.l.OriginTermLabel commonFileName is null! 
18933      DEBUG main            d.u.i.k.l.l.OriginTermLabel commonFileName is null! 
18934      DEBUG main            d.u.i.k.l.l.OriginTermLabel commonFileName is null! 
18937      DEBUG main            d.u.i.k.p.i.IntermediateProofReplayer Proof replay took 100.01ms 
18938      DEBUG main            d.u.i.k.p.r.p.TestFile    ... success: reloaded. 
18940      INFO  main            d.u.i.k.p.r.p.TestFile    Now processing file /home/runner/work/key/key/key.core/../key.ui/examples/heap/comprehensions/sum1.key 
18940      INFO  main            d.u.i.k.p.i.AbstractProblemLoader Loading environment from /home/runner/work/key/key/key.core/../key.ui/examples/heap/comprehensions/sum1.key 
18941      DEBUG main            d.u.i.k.p.i.AbstractProblemLoader Environment load took 388.2ns 
18942      INFO  main            d.u.i.k.p.i.AbstractProblemLoader Creating init config 
21687      DEBUG main            d.u.i.k.p.i.AbstractProblemLoader Init config took 2.74s 
21746      INFO  main            d.u.i.k.p.i.AbstractProblemLoader Replaying proof Sum[Sum::sum1([I)].JML normal_behavior operation contract.0 
21750      DEBUG main            d.u.i.k.p.i.IntermediateProofReplayer Proof replay took 7.9ns 
21848      DEBUG Thread-7        d.u.i.k.l.l.OriginTermLabel commonFileName is null! 
21848      DEBUG Thread-7        d.u.i.k.l.l.OriginTermLabel commonFileName is null! 
21999      DEBUG Thread-7        d.u.i.k.l.l.OriginTermLabel commonFileName is null! 
21999      DEBUG Thread-7        d.u.i.k.l.l.OriginTermLabel commonFileName is null! 
22125      DEBUG Thread-7        d.u.i.k.l.l.OriginTermLabel commonFileName is null! 
22355      INFO  main            d.u.i.k.p.r.p.TestFile    ... finished proof: closed. 
22523      INFO  main            d.u.i.k.p.i.AbstractProblemLoader Loading environment from /home/runner/work/key/key/key.core/../key.ui/examples/heap/comprehensions/sum1.key.proof 
22523      DEBUG main            d.u.i.k.p.i.AbstractProblemLoader Environment load took 154.4ns 
22526      INFO  main            d.u.i.k.p.i.AbstractProblemLoader Creating init config 
25211      DEBUG main            d.u.i.k.p.i.AbstractProblemLoader Init config took 2.68s 
25255      INFO  main            d.u.i.k.p.i.AbstractProblemLoader Replaying proof Sum[Sum::sum1([I)].JML normal_behavior operation contract.0 
25283      DEBUG main            d.u.i.k.l.l.OriginTermLabel commonFileName is null! 
25283      DEBUG main            d.u.i.k.l.l.OriginTermLabel commonFileName is null! 
25319      DEBUG main            d.u.i.k.l.l.OriginTermLabel commonFileName is null! 
25342      DEBUG main            d.u.i.k.l.l.OriginTermLabel commonFileName is null! 
25343      DEBUG main            d.u.i.k.l.l.OriginTermLabel commonFileName is null! 
25346      DEBUG main            d.u.i.k.p.i.IntermediateProofReplayer Proof replay took 86.03ms 
25347      DEBUG main            d.u.i.k.p.r.p.TestFile    ... success: reloaded. 
25348      INFO  main            d.u.i.k.p.r.p.TestFile    Now processing file /home/runner/work/key/key/key.core/../key.ui/examples/heap/comprehensions/sum2.key 
25349      INFO  main            d.u.i.k.p.i.AbstractProblemLoader Loading environment from /home/runner/work/key/key/key.core/../key.ui/examples/heap/comprehensions/sum2.key 
25350      DEBUG main            d.u.i.k.p.i.AbstractProblemLoader Environment load took 350.1ns 
25353      INFO  main            d.u.i.k.p.i.AbstractProblemLoader Creating init config 
28065      DEBUG main            d.u.i.k.p.i.AbstractProblemLoader Init config took 2.71s 
28109      INFO  main            d.u.i.k.p.i.AbstractProblemLoader Replaying proof Sum[Sum::sum2([I)].JML normal_behavior operation contract.0 
28111      DEBUG main            d.u.i.k.p.i.IntermediateProofReplayer Proof replay took 6.9ns 
28154      DEBUG Thread-10       d.u.i.k.l.l.OriginTermLabel commonFileName is null! 
28155      DEBUG Thread-10       d.u.i.k.l.l.OriginTermLabel commonFileName is null! 
28260      DEBUG Thread-10       d.u.i.k.l.l.OriginTermLabel commonFileName is null! 
28261      DEBUG Thread-10       d.u.i.k.l.l.OriginTermLabel commonFileName is null! 
28342      DEBUG Thread-10       d.u.i.k.l.l.OriginTermLabel commonFileName is null! 
28517      INFO  main            d.u.i.k.p.r.p.TestFile    ... finished proof: closed. 
28658      INFO  main            d.u.i.k.p.i.AbstractProblemLoader Loading environment from /home/runner/work/key/key/key.core/../key.ui/examples/heap/comprehensions/sum2.key.proof 
28658      DEBUG main            d.u.i.k.p.i.AbstractProblemLoader Environment load took 787.01ns 
28661      INFO  main            d.u.i.k.p.i.AbstractProblemLoader Creating init config 
31317      DEBUG main            d.u.i.k.p.i.AbstractProblemLoader Init config took 2.66s 
31361      INFO  main            d.u.i.k.p.i.AbstractProblemLoader Replaying proof Sum[Sum::sum2([I)].JML normal_behavior operation contract.0 
31382      DEBUG main            d.u.i.k.l.l.OriginTermLabel commonFileName is null! 
31383      DEBUG main            d.u.i.k.l.l.OriginTermLabel commonFileName is null! 
31408      DEBUG main            d.u.i.k.l.l.OriginTermLabel commonFileName is null! 
31427      DEBUG main            d.u.i.k.l.l.OriginTermLabel commonFileName is null! 
31428      DEBUG main            d.u.i.k.l.l.OriginTermLabel commonFileName is null! 
31431      DEBUG main            d.u.i.k.p.i.IntermediateProofReplayer Proof replay took 66.03ms 
31432      DEBUG main            d.u.i.k.p.r.p.TestFile    ... success: reloaded. 
31433      INFO  main            d.u.i.k.p.r.p.TestFile    Now processing file /home/runner/work/key/key/key.core/../key.ui/examples/heap/comprehensions/sum3.key 
31433      INFO  main            d.u.i.k.p.i.AbstractProblemLoader Loading environment from /home/runner/work/key/key/key.core/../key.ui/examples/heap/comprehensions/sum3.key 
31434      DEBUG main            d.u.i.k.p.i.AbstractProblemLoader Environment load took 331.1ns 
31435      INFO  main            d.u.i.k.p.i.AbstractProblemLoader Creating init config 
34123      DEBUG main            d.u.i.k.p.i.AbstractProblemLoader Init config took 2.69s 
34199      INFO  main            d.u.i.k.p.i.AbstractProblemLoader Replaying proof Sum[Sum::sum3([I)].JML normal_behavior operation contract.0 
34200      DEBUG main            d.u.i.k.p.i.IntermediateProofReplayer Proof replay took 7.7ns 
34260      DEBUG Thread-13       d.u.i.k.l.l.OriginTermLabel commonFileName is null! 
34261      DEBUG Thread-13       d.u.i.k.l.l.OriginTermLabel commonFileName is null! 
34374      DEBUG Thread-13       d.u.i.k.l.l.OriginTermLabel commonFileName is null! 
34375      DEBUG Thread-13       d.u.i.k.l.l.OriginTermLabel commonFileName is null! 
34471      DEBUG Thread-13       d.u.i.k.l.l.OriginTermLabel commonFileName is null! 
34603      INFO  main            d.u.i.k.p.r.p.TestFile    ... finished proof: closed. 
34756      INFO  main            d.u.i.k.p.i.AbstractProblemLoader Loading environment from /home/runner/work/key/key/key.core/../key.ui/examples/heap/comprehensions/sum3.key.proof 
34756      DEBUG main            d.u.i.k.p.i.AbstractProblemLoader Environment load took 770.91ns 
34761      INFO  main            d.u.i.k.p.i.AbstractProblemLoader Creating init config 
37414      DEBUG main            d.u.i.k.p.i.AbstractProblemLoader Init config took 2.65s 
37464      INFO  main            d.u.i.k.p.i.AbstractProblemLoader Replaying proof Sum[Sum::sum3([I)].JML normal_behavior operation contract.0 
37488      DEBUG main            d.u.i.k.l.l.OriginTermLabel commonFileName is null! 
37488      DEBUG main            d.u.i.k.l.l.OriginTermLabel commonFileName is null! 
37515      DEBUG main            d.u.i.k.l.l.OriginTermLabel commonFileName is null! 
37532      DEBUG main            d.u.i.k.l.l.OriginTermLabel commonFileName is null! 
37533      DEBUG main            d.u.i.k.l.l.OriginTermLabel commonFileName is null! 
37535      DEBUG main            d.u.i.k.p.i.IntermediateProofReplayer Proof replay took 68.24ms 
37536      DEBUG main            d.u.i.k.p.r.p.TestFile    ... success: reloaded. 
37539      INFO  main            d.u.i.k.p.r.p.TestFile    Now processing file /home/runner/work/key/key/key.core/../key.ui/examples/heap/comprehensions/segsum.key 
37540      INFO  main            d.u.i.k.p.i.AbstractProblemLoader Loading environment from /home/runner/work/key/key/key.core/../key.ui/examples/heap/comprehensions/segsum.key 
37540      DEBUG main            d.u.i.k.p.i.AbstractProblemLoader Environment load took 70.3ns 
37542      INFO  main            d.u.i.k.p.i.AbstractProblemLoader Creating init config 
40199      DEBUG main            d.u.i.k.p.i.AbstractProblemLoader Init config took 2.66s 
40240      INFO  main            d.u.i.k.p.i.AbstractProblemLoader Replaying proof SegSum[SegSum::segSum([I,int,int)].JML normal_behavior operation contract.0 
40242      DEBUG main            d.u.i.k.p.i.IntermediateProofReplayer Proof replay took 6.9ns 
40646      INFO  main            d.u.i.k.p.r.p.TestFile    ... finished proof: closed. 
40842      INFO  main            d.u.i.k.p.i.AbstractProblemLoader Loading environment from /home/runner/work/key/key/key.core/../key.ui/examples/heap/comprehensions/segsum.key.proof 
40845      DEBUG main            d.u.i.k.p.i.AbstractProblemLoader Environment load took 2.5ms 
40846      INFO  main            d.u.i.k.p.i.AbstractProblemLoader Creating init config 
43481      DEBUG main            d.u.i.k.p.i.AbstractProblemLoader Init config took 2.63s 
43530      INFO  main            d.u.i.k.p.i.AbstractProblemLoader Replaying proof SegSum[SegSum::segSum([I,int,int)].JML normal_behavior operation contract.0 
43598      DEBUG main            d.u.i.k.p.i.IntermediateProofReplayer Proof replay took 60.01ms 
43602      DEBUG main            d.u.i.k.p.r.p.TestFile    ... success: reloaded. 
43605      INFO  main            d.u.i.k.p.r.p.TestFile    Now processing file /home/runner/work/key/key/key.core/../key.ui/examples/heap/comprehensions/bsum_negative.key 
43607      INFO  main            d.u.i.k.p.i.AbstractProblemLoader Loading environment from /home/runner/work/key/key/key.core/../key.ui/examples/heap/comprehensions/bsum_negative.key 
43607      DEBUG main            d.u.i.k.p.i.AbstractProblemLoader Environment load took 413.7ns 
43609      INFO  main            d.u.i.k.p.i.AbstractProblemLoader Creating init config 
46141      DEBUG main            d.u.i.k.p.i.AbstractProblemLoader Init config took 2.53s 
46162      INFO  main            d.u.i.k.p.i.AbstractProblemLoader Replaying proof bsum_negative.key 
46164      DEBUG main            d.u.i.k.p.i.IntermediateProofReplayer Proof replay took 7.2ns 
46267      INFO  main            d.u.i.k.p.r.p.TestFile    ... finished proof: closed. 
46441      INFO  main            d.u.i.k.p.i.AbstractProblemLoader Loading environment from /home/runner/work/key/key/key.core/../key.ui/examples/heap/comprehensions/bsum_negative.key.proof 
46441      DEBUG main            d.u.i.k.p.i.AbstractProblemLoader Environment load took 119.4ns 
46442      INFO  main            d.u.i.k.p.i.AbstractProblemLoader Creating init config 
48903      DEBUG main            d.u.i.k.p.i.AbstractProblemLoader Init config took 2.46s 
48921      INFO  main            d.u.i.k.p.i.AbstractProblemLoader Replaying proof bsum_negative.key.proof 
48924      DEBUG main            d.u.i.k.p.i.IntermediateProofReplayer Proof replay took 1.02ms 
48925      DEBUG main            d.u.i.k.p.r.p.TestFile    ... success: reloaded. 
48926      INFO  main            d.u.i.k.p.r.p.TestFile    Now processing file /home/runner/work/key/key/key.core/../key.ui/examples/heap/comprehensions/bsum_neg2.key 
48927      INFO  main            d.u.i.k.p.i.AbstractProblemLoader Loading environment from /home/runner/work/key/key/key.core/../key.ui/examples/heap/comprehensions/bsum_neg2.key 
48927      DEBUG main            d.u.i.k.p.i.AbstractProblemLoader Environment load took 333.6ns 
48928      INFO  main            d.u.i.k.p.i.AbstractProblemLoader Creating init config 
51431      DEBUG main            d.u.i.k.p.i.AbstractProblemLoader Init config took 2.5s 
51448      INFO  main            d.u.i.k.p.i.AbstractProblemLoader Replaying proof bsum_neg2.key 
51450      DEBUG main            d.u.i.k.p.i.IntermediateProofReplayer Proof replay took 7.7ns 
51556      INFO  main            d.u.i.k.p.r.p.TestFile    ... finished proof: closed. 
51718      INFO  main            d.u.i.k.p.i.AbstractProblemLoader Loading environment from /home/runner/work/key/key/key.core/../key.ui/examples/heap/comprehensions/bsum_neg2.key.proof 
51719      DEBUG main            d.u.i.k.p.i.AbstractProblemLoader Environment load took 122.2ns 
51720      INFO  main            d.u.i.k.p.i.AbstractProblemLoader Creating init config 
54171      DEBUG main            d.u.i.k.p.i.AbstractProblemLoader Init config took 2.45s 
54187      INFO  main            d.u.i.k.p.i.AbstractProblemLoader Replaying proof bsum_neg2.key.proof 
54190      DEBUG main            d.u.i.k.p.i.IntermediateProofReplayer Proof replay took 729.91ns 
54191      DEBUG main            d.u.i.k.p.r.p.TestFile    ... success: reloaded. 
54192      INFO  main            d.u.i.k.p.r.p.TestFile    Now processing file /home/runner/work/key/key/key.core/../key.ui/examples/heap/comprehensions/bsumSplit.key 
54193      INFO  main            d.u.i.k.p.i.AbstractProblemLoader Loading environment from /home/runner/work/key/key/key.core/../key.ui/examples/heap/comprehensions/bsumSplit.key 
54193      DEBUG main            d.u.i.k.p.i.AbstractProblemLoader Environment load took 310.5ns 
54194      INFO  main            d.u.i.k.p.i.AbstractProblemLoader Creating init config 
56661      DEBUG main            d.u.i.k.p.i.AbstractProblemLoader Init config took 2.47s 
56697      INFO  main            d.u.i.k.p.i.AbstractProblemLoader Replaying proof bsumSplit.key 
56699      DEBUG main            d.u.i.k.p.i.IntermediateProofReplayer Proof replay took 7.7ns 
56804      INFO  main            d.u.i.k.p.r.p.TestFile    ... finished proof: closed. 
56964      INFO  main            d.u.i.k.p.i.AbstractProblemLoader Loading environment from /home/runner/work/key/key/key.core/../key.ui/examples/heap/comprehensions/bsumSplit.key.proof 
56964      DEBUG main            d.u.i.k.p.i.AbstractProblemLoader Environment load took 117.2ns 
56967      INFO  main            d.u.i.k.p.i.AbstractProblemLoader Creating init config 
59417      DEBUG main            d.u.i.k.p.i.AbstractProblemLoader Init config took 2.45s 
59446      INFO  main            d.u.i.k.p.i.AbstractProblemLoader Replaying proof bsumSplit.key.proof 
59450      DEBUG main            d.u.i.k.p.i.IntermediateProofReplayer Proof replay took 2.55ms 
59451      DEBUG main            d.u.i.k.p.r.p.TestFile    ... success: reloaded. 
59458      INFO  main            d.u.i.k.p.r.p.TestFile    Now processing file /home/runner/work/key/key/key.core/../key.ui/examples/heap/comprehensions/bprodSplit.key 
59458      INFO  main            d.u.i.k.p.i.AbstractProblemLoader Loading environment from /home/runner/work/key/key/key.core/../key.ui/examples/heap/comprehensions/bprodSplit.key 
59458      DEBUG main            d.u.i.k.p.i.AbstractProblemLoader Environment load took 65ns 
59464      INFO  main            d.u.i.k.p.i.AbstractProblemLoader Creating init config 
61956      DEBUG main            d.u.i.k.p.i.AbstractProblemLoader Init config took 2.49s 
61971      INFO  main            d.u.i.k.p.i.AbstractProblemLoader Replaying proof bprodSplit.key 
61973      DEBUG main            d.u.i.k.p.i.IntermediateProofReplayer Proof replay took 7.5ns 
62078      INFO  main            d.u.i.k.p.r.p.TestFile    ... finished proof: closed. 
62250      INFO  main            d.u.i.k.p.i.AbstractProblemLoader Loading environment from /home/runner/work/key/key/key.core/../key.ui/examples/heap/comprehensions/bprodSplit.key.proof 
62250      DEBUG main            d.u.i.k.p.i.AbstractProblemLoader Environment load took 120.3ns 
62251      INFO  main            d.u.i.k.p.i.AbstractProblemLoader Creating init config 
64688      DEBUG main            d.u.i.k.p.i.AbstractProblemLoader Init config took 2.44s 
64710      INFO  main            d.u.i.k.p.i.AbstractProblemLoader Replaying proof bprodSplit.key.proof 
64714      DEBUG main            d.u.i.k.p.i.IntermediateProofReplayer Proof replay took 1.83ms 
64716      DEBUG main            d.u.i.k.p.r.p.TestFile    ... success: reloaded. 
64717      INFO  main            d.u.i.k.p.r.p.TestFile    Now processing file /home/runner/work/key/key/key.core/../key.ui/examples/heap/comprehensions/bsumSplitInvalid.key 
64717      INFO  main            d.u.i.k.p.i.AbstractProblemLoader Loading environment from /home/runner/work/key/key/key.core/../key.ui/examples/heap/comprehensions/bsumSplitInvalid.key 
64717      DEBUG main            d.u.i.k.p.i.AbstractProblemLoader Environment load took 341.9ns 
64719      INFO  main            d.u.i.k.p.i.AbstractProblemLoader Creating init config 
67174      DEBUG main            d.u.i.k.p.i.AbstractProblemLoader Init config took 2.45s 
67189      INFO  main            d.u.i.k.p.i.AbstractProblemLoader Replaying proof bsumSplitInvalid.key 
67191      DEBUG main            d.u.i.k.p.i.IntermediateProofReplayer Proof replay took 8.2ns 
67297      INFO  main            d.u.i.k.p.r.p.TestFile    ... finished proof: open goal(s) 
149731     INFO  Test worker     d.u.i.k.p.r.RunAllProofsTestUnit Returning from test comprehensions 
149732     INFO  Test worker     d.u.i.k.p.r.RunAllProofsTestUnit Running test performance 
328        INFO  Timeout watchdog d.u.i.k.p.r.p.ForkedTestFileRunner Timeout watcher launched (2000 secs.) 
342        WARN  main            d.u.i.k.s.ProofSettings   The settings in /home/runner/.key/proof-settings.props are *not* read. 
370        INFO  main            d.u.i.k.p.r.p.TestFile    Now processing file /home/runner/work/key/key/key.core/../key.ui/examples/performance-test/Disjoint(Disjoint__disjoint_08()).JML_operation_contract.0.key 
501        INFO  main            d.u.i.k.p.i.AbstractProblemLoader Loading environment from /home/runner/work/key/key/key.core/../key.ui/examples/performance-test/Disjoint(Disjoint__disjoint_08()).JML_operation_contract.0.key 
528        DEBUG main            d.u.i.k.p.i.AbstractProblemLoader Environment load took 2.27ms 
753        INFO  main            d.u.i.k.p.i.AbstractProblemLoader Creating init config 
1797       DEBUG main            d.u.i.k.j.TypeConverter   No LDT found for Meta 
1797       DEBUG main            d.u.i.k.j.TypeConverter   No LDT found for Meta 
1801       DEBUG main            d.u.i.k.j.TypeConverter   No LDT found for Meta 
1801       DEBUG main            d.u.i.k.j.TypeConverter   No LDT found for Meta 
3192       DEBUG main            d.u.i.k.j.TypeConverter   No LDT found for JavaBigintExpression 
9183       DEBUG main            d.u.i.k.j.r.ClassPreparationMethodBuilder clPrepBuilder: Inner Class detected. Reject building class initialisation methods. 
17450      DEBUG main            d.u.i.k.p.i.AbstractProblemLoader Init config took 16.7s 
17679      INFO  main            d.u.i.k.p.i.AbstractProblemLoader Replaying proof Disjoint[Disjoint::disjoint_8()].JML operation contract.0 
17782      DEBUG main            d.u.i.k.p.i.IntermediateProofReplayer Proof replay took 401.11ns 
20418      INFO  main            d.u.i.k.p.r.p.TestFile    ... finished proof: closed. 
20632      INFO  main            d.u.i.k.p.i.AbstractProblemLoader Loading environment from /home/runner/work/key/key/key.core/../key.ui/examples/performance-test/Disjoint(Disjoint__disjoint_08()).JML_operation_contract.0.key.proof 
20637      DEBUG main            d.u.i.k.p.i.AbstractProblemLoader Environment load took 4.89ms 
20639      INFO  main            d.u.i.k.p.i.AbstractProblemLoader Creating init config 
24003      DEBUG main            d.u.i.k.j.r.ClassPreparationMethodBuilder clPrepBuilder: Inner Class detected. Reject building class initialisation methods. 
31614      DEBUG main            d.u.i.k.p.i.AbstractProblemLoader Init config took 10.97s 
31768      INFO  main            d.u.i.k.p.i.AbstractProblemLoader Replaying proof Disjoint[Disjoint::disjoint_8()].JML operation contract.0 
32183      DEBUG main            d.u.i.k.p.i.IntermediateProofReplayer Proof replay took 392.06ms 
32194      DEBUG main            d.u.i.k.p.r.p.TestFile    ... success: reloaded. 
32196      INFO  main            d.u.i.k.p.r.p.TestFile    Now processing file /home/runner/work/key/key/key.core/../key.ui/examples/performance-test/Disjoint(Disjoint__disjoint2_08()).JML_operation_contract.0.key 
32197      INFO  main            d.u.i.k.p.i.AbstractProblemLoader Loading environment from /home/runner/work/key/key/key.core/../key.ui/examples/performance-test/Disjoint(Disjoint__disjoint2_08()).JML_operation_contract.0.key 
32197      DEBUG main            d.u.i.k.p.i.AbstractProblemLoader Environment load took 352.9ns 
32199      INFO  main            d.u.i.k.p.i.AbstractProblemLoader Creating init config 
35562      DEBUG main            d.u.i.k.j.r.ClassPreparationMethodBuilder clPrepBuilder: Inner Class detected. Reject building class initialisation methods. 
43043      DEBUG main            d.u.i.k.p.i.AbstractProblemLoader Init config took 10.84s 
43148      INFO  main            d.u.i.k.p.i.AbstractProblemLoader Replaying proof Disjoint[Disjoint::disjoint2_8()].JML operation contract.0 
43151      DEBUG main            d.u.i.k.p.i.IntermediateProofReplayer Proof replay took 11.8ns 
44155      INFO  main            d.u.i.k.p.r.p.TestFile    ... finished proof: closed. 
44427      INFO  main            d.u.i.k.p.i.AbstractProblemLoader Loading environment from /home/runner/work/key/key/key.core/../key.ui/examples/performance-test/Disjoint(Disjoint__disjoint2_08()).JML_operation_contract.0.key.proof 
44428      DEBUG main            d.u.i.k.p.i.AbstractProblemLoader Environment load took 854.41ns 
44430      INFO  main            d.u.i.k.p.i.AbstractProblemLoader Creating init config 
47558      DEBUG main            d.u.i.k.j.r.ClassPreparationMethodBuilder clPrepBuilder: Inner Class detected. Reject building class initialisation methods. 
54872      DEBUG main            d.u.i.k.p.i.AbstractProblemLoader Init config took 10.44s 
54992      INFO  main            d.u.i.k.p.i.AbstractProblemLoader Replaying proof Disjoint[Disjoint::disjoint2_8()].JML operation contract.0 
55086      DEBUG main            d.u.i.k.p.i.IntermediateProofReplayer Proof replay took 85.22ms 
55090      DEBUG main            d.u.i.k.p.r.p.TestFile    ... success: reloaded. 
55092      INFO  main            d.u.i.k.p.r.p.TestFile    Now processing file /home/runner/work/key/key/key.core/../key.ui/examples/performance-test/AccessChain1(AccessChain1__foo_08()).JML_operation_contract.0.key 
55092      INFO  main            d.u.i.k.p.i.AbstractProblemLoader Loading environment from /home/runner/work/key/key/key.core/../key.ui/examples/performance-test/AccessChain1(AccessChain1__foo_08()).JML_operation_contract.0.key 
55092      DEBUG main            d.u.i.k.p.i.AbstractProblemLoader Environment load took 132.9ns 
55094      INFO  main            d.u.i.k.p.i.AbstractProblemLoader Creating init config 
58241      DEBUG main            d.u.i.k.j.r.ClassPreparationMethodBuilder clPrepBuilder: Inner Class detected. Reject building class initialisation methods. 
65423      DEBUG main            d.u.i.k.p.i.AbstractProblemLoader Init config took 10.33s 
65533      INFO  main            d.u.i.k.p.i.AbstractProblemLoader Replaying proof AccessChain1[AccessChain1::foo_8()].JML operation contract.0 
65535      DEBUG main            d.u.i.k.p.i.IntermediateProofReplayer Proof replay took 13.9ns 
68246      INFO  main            d.u.i.k.p.r.p.TestFile    ... finished proof: closed. 
68572      INFO  main            d.u.i.k.p.i.AbstractProblemLoader Loading environment from /home/runner/work/key/key/key.core/../key.ui/examples/performance-test/AccessChain1(AccessChain1__foo_08()).JML_operation_contract.0.key.proof 
68581      DEBUG main            d.u.i.k.p.i.AbstractProblemLoader Environment load took 8ms 
68583      INFO  main            d.u.i.k.p.i.AbstractProblemLoader Creating init config 
71654      DEBUG main            d.u.i.k.j.r.ClassPreparationMethodBuilder clPrepBuilder: Inner Class detected. Reject building class initialisation methods. 
78807      DEBUG main            d.u.i.k.p.i.AbstractProblemLoader Init config took 10.22s 
78913      INFO  main            d.u.i.k.p.i.AbstractProblemLoader Replaying proof AccessChain1[AccessChain1::foo_8()].JML operation contract.0 
79332      DEBUG main            d.u.i.k.p.i.IntermediateProofReplayer Proof replay took 402.87ms 
79335      DEBUG main            d.u.i.k.p.r.p.TestFile    ... success: reloaded. 
79336      INFO  main            d.u.i.k.p.r.p.TestFile    Now processing file /home/runner/work/key/key/key.core/../key.ui/examples/performance-test/AccessChain4(AccessChain4__foo_08()).JML_operation_contract.0.key 
79336      INFO  main            d.u.i.k.p.i.AbstractProblemLoader Loading environment from /home/runner/work/key/key/key.core/../key.ui/examples/performance-test/AccessChain4(AccessChain4__foo_08()).JML_operation_contract.0.key 
79336      DEBUG main            d.u.i.k.p.i.AbstractProblemLoader Environment load took 69.8ns 
79338      INFO  main            d.u.i.k.p.i.AbstractProblemLoader Creating init config 
82483      DEBUG main            d.u.i.k.j.r.ClassPreparationMethodBuilder clPrepBuilder: Inner Class detected. Reject building class initialisation methods. 
89684      DEBUG main            d.u.i.k.p.i.AbstractProblemLoader Init config took 10.35s 
89785      INFO  main            d.u.i.k.p.i.AbstractProblemLoader Replaying proof AccessChain4[AccessChain4::foo_8()].JML operation contract.0 
89789      DEBUG main            d.u.i.k.p.i.IntermediateProofReplayer Proof replay took 24.2ns 
95891      INFO  main            d.u.i.k.p.r.p.TestFile    ... finished proof: closed. 
96257      INFO  main            d.u.i.k.p.i.AbstractProblemLoader Loading environment from /home/runner/work/key/key/key.core/../key.ui/examples/performance-test/AccessChain4(AccessChain4__foo_08()).JML_operation_contract.0.key.proof 
96261      DEBUG main            d.u.i.k.p.i.AbstractProblemLoader Environment load took 4.2ms 
96271      INFO  main            d.u.i.k.p.i.AbstractProblemLoader Creating init config 
99297      DEBUG main            d.u.i.k.j.r.ClassPreparationMethodBuilder clPrepBuilder: Inner Class detected. Reject building class initialisation methods. 
106458     DEBUG main            d.u.i.k.p.i.AbstractProblemLoader Init config took 10.19s 
106549     INFO  main            d.u.i.k.p.i.AbstractProblemLoader Replaying proof AccessChain4[AccessChain4::foo_8()].JML operation contract.0 
107273     DEBUG main            d.u.i.k.p.i.IntermediateProofReplayer Proof replay took 690.09ms 
107276     DEBUG main            d.u.i.k.p.r.p.TestFile    ... success: reloaded. 
107279     INFO  main            d.u.i.k.p.r.p.TestFile    Now processing file /home/runner/work/key/key/key.core/../key.ui/examples/performance-test/Disjoint(Disjoint__xZero_08()).JML_operation_contract.0.key 
107280     INFO  main            d.u.i.k.p.i.AbstractProblemLoader Loading environment from /home/runner/work/key/key/key.core/../key.ui/examples/performance-test/Disjoint(Disjoint__xZero_08()).JML_operation_contract.0.key 
107280     DEBUG main            d.u.i.k.p.i.AbstractProblemLoader Environment load took 715.72ns 
107282     INFO  main            d.u.i.k.p.i.AbstractProblemLoader Creating init config 
110439     DEBUG main            d.u.i.k.j.r.ClassPreparationMethodBuilder clPrepBuilder: Inner Class detected. Reject building class initialisation methods. 
117672     DEBUG main            d.u.i.k.p.i.AbstractProblemLoader Init config took 10.39s 
117787     INFO  main            d.u.i.k.p.i.AbstractProblemLoader Replaying proof Disjoint[Disjoint::xZero_8()].JML operation contract.0 
117791     DEBUG main            d.u.i.k.p.i.IntermediateProofReplayer Proof replay took 12.5ns 
118797     INFO  main            d.u.i.k.p.r.p.TestFile    ... finished proof: closed. 
119179     INFO  main            d.u.i.k.p.i.AbstractProblemLoader Loading environment from /home/runner/work/key/key/key.core/../key.ui/examples/performance-test/Disjoint(Disjoint__xZero_08()).JML_operation_contract.0.key.proof 
119180     DEBUG main            d.u.i.k.p.i.AbstractProblemLoader Environment load took 139.1ns 
119181     INFO  main            d.u.i.k.p.i.AbstractProblemLoader Creating init config 
122190     DEBUG main            d.u.i.k.j.r.ClassPreparationMethodBuilder clPrepBuilder: Inner Class detected. Reject building class initialisation methods. 
129333     DEBUG main            d.u.i.k.p.i.AbstractProblemLoader Init config took 10.15s 
129420     INFO  main            d.u.i.k.p.i.AbstractProblemLoader Replaying proof Disjoint[Disjoint::xZero_8()].JML operation contract.0 
129620     DEBUG main            d.u.i.k.p.i.IntermediateProofReplayer Proof replay took 191.46ms 
129622     DEBUG main            d.u.i.k.p.r.p.TestFile    ... success: reloaded. 
129624     INFO  main            d.u.i.k.p.r.p.TestFile    Now processing file /home/runner/work/key/key/key.core/../key.ui/examples/performance-test/Dynamic(Dynamic__foo_08()).JML_operation_contract.0.key 
129624     INFO  main            d.u.i.k.p.i.AbstractProblemLoader Loading environment from /home/runner/work/key/key/key.core/../key.ui/examples/performance-test/Dynamic(Dynamic__foo_08()).JML_operation_contract.0.key 
129625     DEBUG main            d.u.i.k.p.i.AbstractProblemLoader Environment load took 307.41ns 
129626     INFO  main            d.u.i.k.p.i.AbstractProblemLoader Creating init config 
132706     DEBUG main            d.u.i.k.j.r.ClassPreparationMethodBuilder clPrepBuilder: Inner Class detected. Reject building class initialisation methods. 
139849     DEBUG main            d.u.i.k.p.i.AbstractProblemLoader Init config took 10.22s 
139942     INFO  main            d.u.i.k.p.i.AbstractProblemLoader Replaying proof Dynamic[Dynamic::foo_8()].JML operation contract.0 
139945     DEBUG main            d.u.i.k.p.i.IntermediateProofReplayer Proof replay took 13.9ns 
145068     INFO  main            d.u.i.k.p.r.p.TestFile    ... finished proof: closed. 
145455     INFO  main            d.u.i.k.p.i.AbstractProblemLoader Loading environment from /home/runner/work/key/key/key.core/../key.ui/examples/performance-test/Dynamic(Dynamic__foo_08()).JML_operation_contract.0.key.proof 
145456     DEBUG main            d.u.i.k.p.i.AbstractProblemLoader Environment load took 604.22ns 
145458     INFO  main            d.u.i.k.p.i.AbstractProblemLoader Creating init config 
148492     DEBUG main            d.u.i.k.j.r.ClassPreparationMethodBuilder clPrepBuilder: Inner Class detected. Reject building class initialisation methods. 
155658     DEBUG main            d.u.i.k.p.i.AbstractProblemLoader Init config took 10.2s 
155777     INFO  main            d.u.i.k.p.i.AbstractProblemLoader Replaying proof Dynamic[Dynamic::foo_8()].JML operation contract.0 
156226     DEBUG main            d.u.i.k.p.i.IntermediateProofReplayer Proof replay took 423.53ms 
156228     DEBUG main            d.u.i.k.p.r.p.TestFile    ... success: reloaded. 
156229     INFO  main            d.u.i.k.p.r.p.TestFile    Now processing file /home/runner/work/key/key/key.core/../key.ui/examples/performance-test/DynamicGhost(DynamicGhost__dynamicGhost_08()).JML_normal_behavior_operation_contract.0.key 
156230     INFO  main            d.u.i.k.p.i.AbstractProblemLoader Loading environment from /home/runner/work/key/key/key.core/../key.ui/examples/performance-test/DynamicGhost(DynamicGhost__dynamicGhost_08()).JML_normal_behavior_operation_contract.0.key 
156230     DEBUG main            d.u.i.k.p.i.AbstractProblemLoader Environment load took 107.9ns 
156231     INFO  main            d.u.i.k.p.i.AbstractProblemLoader Creating init config 
159354     DEBUG main            d.u.i.k.j.r.ClassPreparationMethodBuilder clPrepBuilder: Inner Class detected. Reject building class initialisation methods. 
166536     DEBUG main            d.u.i.k.p.i.AbstractProblemLoader Init config took 10.31s 
166625     INFO  main            d.u.i.k.p.i.AbstractProblemLoader Replaying proof DynamicGhost[DynamicGhost::dynamicGhost_8()].JML normal_behavior operation contract.0 
166627     DEBUG main            d.u.i.k.p.i.IntermediateProofReplayer Proof replay took 12.4ns 
170697     INFO  main            d.u.i.k.p.r.p.TestFile    ... finished proof: closed. 
171111     INFO  main            d.u.i.k.p.i.AbstractProblemLoader Loading environment from /home/runner/work/key/key/key.core/../key.ui/examples/performance-test/DynamicGhost(DynamicGhost__dynamicGhost_08()).JML_normal_behavior_operation_contract.0.key.proof 
171111     DEBUG main            d.u.i.k.p.i.AbstractProblemLoader Environment load took 628.32ns 
171114     INFO  main            d.u.i.k.p.i.AbstractProblemLoader Creating init config 
174078     DEBUG main            d.u.i.k.j.r.ClassPreparationMethodBuilder clPrepBuilder: Inner Class detected. Reject building class initialisation methods. 
181221     DEBUG main            d.u.i.k.p.i.AbstractProblemLoader Init config took 10.11s 
181310     INFO  main            d.u.i.k.p.i.AbstractProblemLoader Replaying proof DynamicGhost[DynamicGhost::dynamicGhost_8()].JML normal_behavior operation contract.0 
181802     DEBUG main            d.u.i.k.p.i.IntermediateProofReplayer Proof replay took 466.73ms 
181805     DEBUG main            d.u.i.k.p.r.p.TestFile    ... success: reloaded. 
181807     INFO  main            d.u.i.k.p.r.p.TestFile    Now processing file /home/runner/work/key/key/key.core/../key.ui/examples/performance-test/GhostFrame(GhostFrame__foo_08()).JML_operation_contract.0.key 
181807     INFO  main            d.u.i.k.p.i.AbstractProblemLoader Loading environment from /home/runner/work/key/key/key.core/../key.ui/examples/performance-test/GhostFrame(GhostFrame__foo_08()).JML_operation_contract.0.key 
181808     DEBUG main            d.u.i.k.p.i.AbstractProblemLoader Environment load took 515.61ns 
181809     INFO  main            d.u.i.k.p.i.AbstractProblemLoader Creating init config 
184935     DEBUG main            d.u.i.k.j.r.ClassPreparationMethodBuilder clPrepBuilder: Inner Class detected. Reject building class initialisation methods. 
192105     DEBUG main            d.u.i.k.p.i.AbstractProblemLoader Init config took 10.3s 
192189     INFO  main            d.u.i.k.p.i.AbstractProblemLoader Replaying proof GhostFrame[GhostFrame::foo_8()].JML operation contract.0 
192191     DEBUG main            d.u.i.k.p.i.IntermediateProofReplayer Proof replay took 13.1ns 
193999     INFO  main            d.u.i.k.p.r.p.TestFile    ... finished proof: closed. 
194436     INFO  main            d.u.i.k.p.i.AbstractProblemLoader Loading environment from /home/runner/work/key/key/key.core/../key.ui/examples/performance-test/GhostFrame(GhostFrame__foo_08()).JML_operation_contract.0.key.proof 
194437     DEBUG main            d.u.i.k.p.i.AbstractProblemLoader Environment load took 596.72ns 
194438     INFO  main            d.u.i.k.p.i.AbstractProblemLoader Creating init config 
197421     DEBUG main            d.u.i.k.j.r.ClassPreparationMethodBuilder clPrepBuilder: Inner Class detected. Reject building class initialisation methods. 
204537     DEBUG main            d.u.i.k.p.i.AbstractProblemLoader Init config took 10.1s 
204623     INFO  main            d.u.i.k.p.i.AbstractProblemLoader Replaying proof GhostFrame[GhostFrame::foo_8()].JML operation contract.0 
204937     DEBUG main            d.u.i.k.p.i.IntermediateProofReplayer Proof replay took 301.57ms 
204940     DEBUG main            d.u.i.k.p.r.p.TestFile    ... success: reloaded. 
204941     INFO  main            d.u.i.k.p.r.p.TestFile    Now processing file /home/runner/work/key/key/key.core/../key.ui/examples/performance-test/Modelfield(Modelfield__foo_08()).JML_operation_contract.0.key 
204942     INFO  main            d.u.i.k.p.i.AbstractProblemLoader Loading environment from /home/runner/work/key/key/key.core/../key.ui/examples/performance-test/Modelfield(Modelfield__foo_08()).JML_operation_contract.0.key 
204942     DEBUG main            d.u.i.k.p.i.AbstractProblemLoader Environment load took 116.6ns 
204943     INFO  main            d.u.i.k.p.i.AbstractProblemLoader Creating init config 
208004     DEBUG main            d.u.i.k.j.r.ClassPreparationMethodBuilder clPrepBuilder: Inner Class detected. Reject building class initialisation methods. 
215175     DEBUG main            d.u.i.k.p.i.AbstractProblemLoader Init config took 10.23s 
215261     INFO  main            d.u.i.k.p.i.AbstractProblemLoader Replaying proof Modelfield[Modelfield::foo_8()].JML operation contract.0 
215263     DEBUG main            d.u.i.k.p.i.IntermediateProofReplayer Proof replay took 6.8ns 
218275     INFO  main            d.u.i.k.p.r.p.TestFile    ... finished proof: closed. 
218727     INFO  main            d.u.i.k.p.i.AbstractProblemLoader Loading environment from /home/runner/work/key/key/key.core/../key.ui/examples/performance-test/Modelfield(Modelfield__foo_08()).JML_operation_contract.0.key.proof 
218727     DEBUG main            d.u.i.k.p.i.AbstractProblemLoader Environment load took 517.41ns 
218729     INFO  main            d.u.i.k.p.i.AbstractProblemLoader Creating init config 
221687     DEBUG main            d.u.i.k.j.r.ClassPreparationMethodBuilder clPrepBuilder: Inner Class detected. Reject building class initialisation methods. 
228833     DEBUG main            d.u.i.k.p.i.AbstractProblemLoader Init config took 10.1s 
228918     INFO  main            d.u.i.k.p.i.AbstractProblemLoader Replaying proof Modelfield[Modelfield::foo_8()].JML operation contract.0 
229244     DEBUG main            d.u.i.k.p.i.IntermediateProofReplayer Proof replay took 310.86ms 
229246     DEBUG main            d.u.i.k.p.r.p.TestFile    ... success: reloaded. 
379177     INFO  Test worker     d.u.i.k.p.r.RunAllProofsTestUnit Returning from test performance 
379178     INFO  Test worker     d.u.i.k.p.r.RunAllProofsTestUnit Running test performancePOConstruction 
354        INFO  Timeout watchdog d.u.i.k.p.r.p.ForkedTestFileRunner Timeout watcher launched (2000 secs.) 
370        WARN  main            d.u.i.k.s.ProofSettings   The settings in /home/runner/.key/proof-settings.props are *not* read. 
417        INFO  main            d.u.i.k.p.r.p.TestFile    Now processing file /home/runner/work/key/key/key.core/../key.ui/examples/performance-test/Test(Test__a0(int)).JML_normal_behavior_operation_contract.0.key 
543        INFO  main            d.u.i.k.p.i.AbstractProblemLoader Loading environment from /home/runner/work/key/key/key.core/../key.ui/examples/performance-test/Test(Test__a0(int)).JML_normal_behavior_operation_contract.0.key 
560        DEBUG main            d.u.i.k.p.i.AbstractProblemLoader Environment load took 1.99ms 
876        INFO  main            d.u.i.k.p.i.AbstractProblemLoader Creating init config 
1841       DEBUG main            d.u.i.k.j.TypeConverter   No LDT found for Meta 
1842       DEBUG main            d.u.i.k.j.TypeConverter   No LDT found for Meta 
1845       DEBUG main            d.u.i.k.j.TypeConverter   No LDT found for Meta 
1845       DEBUG main            d.u.i.k.j.TypeConverter   No LDT found for Meta 
3381       DEBUG main            d.u.i.k.j.TypeConverter   No LDT found for JavaBigintExpression 
9041       DEBUG main            d.u.i.k.j.r.ClassPreparationMethodBuilder clPrepBuilder: Inner Class detected. Reject building class initialisation methods. 
17047      DEBUG main            d.u.i.k.p.i.AbstractProblemLoader Init config took 16.17s 
18113      INFO  main            d.u.i.k.p.i.AbstractProblemLoader Replaying proof Test[Test::a0(int)].JML normal_behavior operation contract.0 
18168      DEBUG main            d.u.i.k.p.i.IntermediateProofReplayer Proof replay took 34.5ns 
18618      INFO  main            d.u.i.k.p.r.p.TestFile    ... finished proof: closed. 
18772      INFO  main            d.u.i.k.p.i.AbstractProblemLoader Loading environment from /home/runner/work/key/key/key.core/../key.ui/examples/performance-test/Test(Test__a0(int)).JML_normal_behavior_operation_contract.0.key.proof 
18777      DEBUG main            d.u.i.k.p.i.AbstractProblemLoader Environment load took 5.02ms 
18779      INFO  main            d.u.i.k.p.i.AbstractProblemLoader Creating init config 
21841      DEBUG main            d.u.i.k.j.r.ClassPreparationMethodBuilder clPrepBuilder: Inner Class detected. Reject building class initialisation methods. 
29019      DEBUG main            d.u.i.k.p.i.AbstractProblemLoader Init config took 10.24s 
29891      INFO  main            d.u.i.k.p.i.AbstractProblemLoader Replaying proof Test[Test::a0(int)].JML normal_behavior operation contract.0 
29915      DEBUG main            d.u.i.k.p.i.IntermediateProofReplayer Proof replay took 18.96ms 
29922      DEBUG main            d.u.i.k.p.r.p.TestFile    ... success: reloaded. 
29925      INFO  main            d.u.i.k.p.r.p.TestFile    Now processing file /home/runner/work/key/key/key.core/../key.ui/examples/performance-test/Test(Test__a1(int)).JML_normal_behavior_operation_contract.0.key 
29925      INFO  main            d.u.i.k.p.i.AbstractProblemLoader Loading environment from /home/runner/work/key/key/key.core/../key.ui/examples/performance-test/Test(Test__a1(int)).JML_normal_behavior_operation_contract.0.key 
29925      DEBUG main            d.u.i.k.p.i.AbstractProblemLoader Environment load took 310.21ns 
29927      INFO  main            d.u.i.k.p.i.AbstractProblemLoader Creating init config 
32841      DEBUG main            d.u.i.k.j.r.ClassPreparationMethodBuilder clPrepBuilder: Inner Class detected. Reject building class initialisation methods. 
39802      DEBUG main            d.u.i.k.p.i.AbstractProblemLoader Init config took 9.87s 
40687      INFO  main            d.u.i.k.p.i.AbstractProblemLoader Replaying proof Test[Test::a1(int)].JML normal_behavior operation contract.0 
40690      DEBUG main            d.u.i.k.p.i.IntermediateProofReplayer Proof replay took 7.8ns 
40997      INFO  main            d.u.i.k.p.r.p.TestFile    ... finished proof: closed. 
41291      INFO  main            d.u.i.k.p.i.AbstractProblemLoader Loading environment from /home/runner/work/key/key/key.core/../key.ui/examples/performance-test/Test(Test__a1(int)).JML_normal_behavior_operation_contract.0.key.proof 
41291      DEBUG main            d.u.i.k.p.i.AbstractProblemLoader Environment load took 139.6ns 
41293      INFO  main            d.u.i.k.p.i.AbstractProblemLoader Creating init config 
44192      DEBUG main            d.u.i.k.j.r.ClassPreparationMethodBuilder clPrepBuilder: Inner Class detected. Reject building class initialisation methods. 
51185      DEBUG main            d.u.i.k.p.i.AbstractProblemLoader Init config took 9.89s 
52066      INFO  main            d.u.i.k.p.i.AbstractProblemLoader Replaying proof Test[Test::a1(int)].JML normal_behavior operation contract.0 
52123      DEBUG main            d.u.i.k.p.i.IntermediateProofReplayer Proof replay took 53.12ms 
52124      DEBUG main            d.u.i.k.p.r.p.TestFile    ... success: reloaded. 
52126      INFO  main            d.u.i.k.p.r.p.TestFile    Now processing file /home/runner/work/key/key/key.core/../key.ui/examples/performance-test/Test(Test__f1(int)).JML_normal_behavior_operation_contract.0.key 
52127      INFO  main            d.u.i.k.p.i.AbstractProblemLoader Loading environment from /home/runner/work/key/key/key.core/../key.ui/examples/performance-test/Test(Test__f1(int)).JML_normal_behavior_operation_contract.0.key 
52127      DEBUG main            d.u.i.k.p.i.AbstractProblemLoader Environment load took 267.11ns 
52131      INFO  main            d.u.i.k.p.i.AbstractProblemLoader Creating init config 
55043      DEBUG main            d.u.i.k.j.r.ClassPreparationMethodBuilder clPrepBuilder: Inner Class detected. Reject building class initialisation methods. 
61869      DEBUG main            d.u.i.k.p.i.AbstractProblemLoader Init config took 9.74s 
62784      INFO  main            d.u.i.k.p.i.AbstractProblemLoader Replaying proof Test[Test::f1(int)].JML normal_behavior operation contract.0 
62786      DEBUG main            d.u.i.k.p.i.IntermediateProofReplayer Proof replay took 6.6ns 
62989      INFO  main            d.u.i.k.p.r.p.TestFile    ... finished proof: closed. 
63254      INFO  main            d.u.i.k.p.i.AbstractProblemLoader Loading environment from /home/runner/work/key/key/key.core/../key.ui/examples/performance-test/Test(Test__f1(int)).JML_normal_behavior_operation_contract.0.key.proof 
63255      DEBUG main            d.u.i.k.p.i.AbstractProblemLoader Environment load took 522.11ns 
63256      INFO  main            d.u.i.k.p.i.AbstractProblemLoader Creating init config 
66118      DEBUG main            d.u.i.k.j.r.ClassPreparationMethodBuilder clPrepBuilder: Inner Class detected. Reject building class initialisation methods. 
72966      DEBUG main            d.u.i.k.p.i.AbstractProblemLoader Init config took 9.71s 
73796      INFO  main            d.u.i.k.p.i.AbstractProblemLoader Replaying proof Test[Test::f1(int)].JML normal_behavior operation contract.0 
73871      DEBUG main            d.u.i.k.p.i.IntermediateProofReplayer Proof replay took 68.77ms 
73873      DEBUG main            d.u.i.k.p.r.p.TestFile    ... success: reloaded. 
453224     INFO  Test worker     d.u.i.k.p.r.RunAllProofsTestUnit Returning from test performancePOConstruction 
453226     INFO  Test worker     d.u.i.k.p.r.RunAllProofsTestUnit Running test applicationRestrictions 
361        INFO  Timeout watchdog d.u.i.k.p.r.p.ForkedTestFileRunner Timeout watcher launched (2000 secs.) 
371        WARN  main            d.u.i.k.s.ProofSettings   The settings in /home/runner/.key/proof-settings.props are *not* read. 
404        INFO  main            d.u.i.k.p.r.p.TestFile    Now processing file /home/runner/work/key/key/key.core/../key.ui/examples/heap/polarity_tests/wellformed1.key 
516        INFO  main            d.u.i.k.p.i.AbstractProblemLoader Loading environment from /home/runner/work/key/key/key.core/../key.ui/examples/heap/polarity_tests/wellformed1.key 
534        DEBUG main            d.u.i.k.p.i.AbstractProblemLoader Environment load took 2.38ms 
765        INFO  main            d.u.i.k.p.i.AbstractProblemLoader Creating init config 
1574       DEBUG main            d.u.i.k.j.TypeConverter   No LDT found for Meta 
1575       DEBUG main            d.u.i.k.j.TypeConverter   No LDT found for Meta 
1576       DEBUG main            d.u.i.k.j.TypeConverter   No LDT found for Meta 
1576       DEBUG main            d.u.i.k.j.TypeConverter   No LDT found for Meta 
3147       DEBUG main            d.u.i.k.j.TypeConverter   No LDT found for JavaBigintExpression 
8294       DEBUG main            d.u.i.k.p.i.AbstractProblemLoader Init config took 7.53s 
8353       INFO  main            d.u.i.k.p.i.AbstractProblemLoader Replaying proof wellformed1.key 
8386       DEBUG main            d.u.i.k.p.i.IntermediateProofReplayer Proof replay took 34.4ns 
8553       INFO  main            d.u.i.k.p.r.p.TestFile    ... finished proof: closed. 
8672       INFO  main            d.u.i.k.p.i.AbstractProblemLoader Loading environment from /home/runner/work/key/key/key.core/../key.ui/examples/heap/polarity_tests/wellformed1.key.proof 
8673       DEBUG main            d.u.i.k.p.i.AbstractProblemLoader Environment load took 150.1ns 
8677       INFO  main            d.u.i.k.p.i.AbstractProblemLoader Creating init config 
11519      DEBUG main            d.u.i.k.p.i.AbstractProblemLoader Init config took 2.84s 
11559      INFO  main            d.u.i.k.p.i.AbstractProblemLoader Replaying proof wellformed1.key.proof 
11571      DEBUG main            d.u.i.k.p.i.IntermediateProofReplayer Proof replay took 3.18ms 
11582      DEBUG main            d.u.i.k.p.r.p.TestFile    ... success: reloaded. 
11588      INFO  main            d.u.i.k.p.r.p.TestFile    Now processing file /home/runner/work/key/key/key.core/../key.ui/examples/heap/polarity_tests/wellformed2.key 
11588      INFO  main            d.u.i.k.p.i.AbstractProblemLoader Loading environment from /home/runner/work/key/key/key.core/../key.ui/examples/heap/polarity_tests/wellformed2.key 
11589      DEBUG main            d.u.i.k.p.i.AbstractProblemLoader Environment load took 160.3ns 
11592      INFO  main            d.u.i.k.p.i.AbstractProblemLoader Creating init config 
14602      DEBUG main            d.u.i.k.p.i.AbstractProblemLoader Init config took 3.01s 
14630      INFO  main            d.u.i.k.p.i.AbstractProblemLoader Replaying proof wellformed2.key 
14632      DEBUG main            d.u.i.k.p.i.IntermediateProofReplayer Proof replay took 6.1ns 
14736      INFO  main            d.u.i.k.p.r.p.TestFile    ... finished proof: open goal(s) 
14857      INFO  main            d.u.i.k.p.r.p.TestFile    Now processing file /home/runner/work/key/key/key.core/../key.ui/examples/heap/polarity_tests/wellformed3.key 
14857      INFO  main            d.u.i.k.p.i.AbstractProblemLoader Loading environment from /home/runner/work/key/key/key.core/../key.ui/examples/heap/polarity_tests/wellformed3.key 
14858      DEBUG main            d.u.i.k.p.i.AbstractProblemLoader Environment load took 84.9ns 
14859      INFO  main            d.u.i.k.p.i.AbstractProblemLoader Creating init config 
17504      DEBUG main            d.u.i.k.p.i.AbstractProblemLoader Init config took 2.65s 
17528      INFO  main            d.u.i.k.p.i.AbstractProblemLoader Replaying proof wellformed3.key 
17530      DEBUG main            d.u.i.k.p.i.IntermediateProofReplayer Proof replay took 6.5ns 
17640      INFO  main            d.u.i.k.p.r.p.TestFile    ... finished proof: closed. 
17788      INFO  main            d.u.i.k.p.i.AbstractProblemLoader Loading environment from /home/runner/work/key/key/key.core/../key.ui/examples/heap/polarity_tests/wellformed3.key.proof 
17788      DEBUG main            d.u.i.k.p.i.AbstractProblemLoader Environment load took 134ns 
17791      INFO  main            d.u.i.k.p.i.AbstractProblemLoader Creating init config 
20451      DEBUG main            d.u.i.k.p.i.AbstractProblemLoader Init config took 2.66s 
20473      INFO  main            d.u.i.k.p.i.AbstractProblemLoader Replaying proof wellformed3.key.proof 
20478      DEBUG main            d.u.i.k.p.i.IntermediateProofReplayer Proof replay took 1.81ms 
20479      DEBUG main            d.u.i.k.p.r.p.TestFile    ... success: reloaded. 
20480      INFO  main            d.u.i.k.p.r.p.TestFile    Now processing file /home/runner/work/key/key/key.core/../key.ui/examples/heap/polarity_tests/wellformed4.key 
20481      INFO  main            d.u.i.k.p.i.AbstractProblemLoader Loading environment from /home/runner/work/key/key/key.core/../key.ui/examples/heap/polarity_tests/wellformed4.key 
20481      DEBUG main            d.u.i.k.p.i.AbstractProblemLoader Environment load took 244.81ns 
20482      INFO  main            d.u.i.k.p.i.AbstractProblemLoader Creating init config 
23163      DEBUG main            d.u.i.k.p.i.AbstractProblemLoader Init config took 2.68s 
23188      INFO  main            d.u.i.k.p.i.AbstractProblemLoader Replaying proof wellformed4.key 
23193      DEBUG main            d.u.i.k.p.i.IntermediateProofReplayer Proof replay took 7ns 
23297      INFO  main            d.u.i.k.p.r.p.TestFile    ... finished proof: open goal(s) 
23427      INFO  main            d.u.i.k.p.r.p.TestFile    Now processing file /home/runner/work/key/key/key.core/../key.ui/examples/heap/polarity_tests/wellformed5.key 
23427      INFO  main            d.u.i.k.p.i.AbstractProblemLoader Loading environment from /home/runner/work/key/key/key.core/../key.ui/examples/heap/polarity_tests/wellformed5.key 
23427      DEBUG main            d.u.i.k.p.i.AbstractProblemLoader Environment load took 79.3ns 
23428      INFO  main            d.u.i.k.p.i.AbstractProblemLoader Creating init config 
26098      DEBUG main            d.u.i.k.p.i.AbstractProblemLoader Init config took 2.67s 
26118      INFO  main            d.u.i.k.p.i.AbstractProblemLoader Replaying proof wellformed5.key 
26120      DEBUG main            d.u.i.k.p.i.IntermediateProofReplayer Proof replay took 6.8ns 
26222      INFO  main            d.u.i.k.p.r.p.TestFile    ... finished proof: closed. 
26346      INFO  main            d.u.i.k.p.i.AbstractProblemLoader Loading environment from /home/runner/work/key/key/key.core/../key.ui/examples/heap/polarity_tests/wellformed5.key.proof 
26346      DEBUG main            d.u.i.k.p.i.AbstractProblemLoader Environment load took 158ns 
26347      INFO  main            d.u.i.k.p.i.AbstractProblemLoader Creating init config 
28979      DEBUG main            d.u.i.k.p.i.AbstractProblemLoader Init config took 2.63s 
28998      INFO  main            d.u.i.k.p.i.AbstractProblemLoader Replaying proof wellformed5.key.proof 
29001      DEBUG main            d.u.i.k.p.i.IntermediateProofReplayer Proof replay took 891.6ns 
29003      DEBUG main            d.u.i.k.p.r.p.TestFile    ... success: reloaded. 
29004      INFO  main            d.u.i.k.p.r.p.TestFile    Now processing file /home/runner/work/key/key/key.core/../key.ui/examples/heap/polarity_tests/wellformed6.key 
29004      INFO  main            d.u.i.k.p.i.AbstractProblemLoader Loading environment from /home/runner/work/key/key/key.core/../key.ui/examples/heap/polarity_tests/wellformed6.key 
29004      DEBUG main            d.u.i.k.p.i.AbstractProblemLoader Environment load took 228.8ns 
29006      INFO  main            d.u.i.k.p.i.AbstractProblemLoader Creating init config 
31644      DEBUG main            d.u.i.k.p.i.AbstractProblemLoader Init config took 2.64s 
31665      INFO  main            d.u.i.k.p.i.AbstractProblemLoader Replaying proof wellformed6.key 
31666      DEBUG main            d.u.i.k.p.i.IntermediateProofReplayer Proof replay took 6.7ns 
31769      INFO  main            d.u.i.k.p.r.p.TestFile    ... finished proof: open goal(s) 
31915      INFO  main            d.u.i.k.p.r.p.TestFile    Now processing file /home/runner/work/key/key/key.core/../key.ui/examples/heap/polarity_tests/wellformed7.key 
31915      INFO  main            d.u.i.k.p.i.AbstractProblemLoader Loading environment from /home/runner/work/key/key/key.core/../key.ui/examples/heap/polarity_tests/wellformed7.key 
31915      DEBUG main            d.u.i.k.p.i.AbstractProblemLoader Environment load took 81.9ns 
31916      INFO  main            d.u.i.k.p.i.AbstractProblemLoader Creating init config 
34518      DEBUG main            d.u.i.k.p.i.AbstractProblemLoader Init config took 2.6s 
34537      INFO  main            d.u.i.k.p.i.AbstractProblemLoader Replaying proof wellformed7.key 
34539      DEBUG main            d.u.i.k.p.i.IntermediateProofReplayer Proof replay took 7.8ns 
34641      INFO  main            d.u.i.k.p.r.p.TestFile    ... finished proof: closed. 
34773      INFO  main            d.u.i.k.p.i.AbstractProblemLoader Loading environment from /home/runner/work/key/key/key.core/../key.ui/examples/heap/polarity_tests/wellformed7.key.proof 
34773      DEBUG main            d.u.i.k.p.i.AbstractProblemLoader Environment load took 127.8ns 
34774      INFO  main            d.u.i.k.p.i.AbstractProblemLoader Creating init config 
37369      DEBUG main            d.u.i.k.p.i.AbstractProblemLoader Init config took 2.59s 
37387      INFO  main            d.u.i.k.p.i.AbstractProblemLoader Replaying proof wellformed7.key.proof 
37391      DEBUG main            d.u.i.k.p.i.IntermediateProofReplayer Proof replay took 1.57ms 
37392      DEBUG main            d.u.i.k.p.r.p.TestFile    ... success: reloaded. 
37393      INFO  main            d.u.i.k.p.r.p.TestFile    Now processing file /home/runner/work/key/key/key.core/../key.ui/examples/heap/polarity_tests/wellformed8.key 
37396      INFO  main            d.u.i.k.p.i.AbstractProblemLoader Loading environment from /home/runner/work/key/key/key.core/../key.ui/examples/heap/polarity_tests/wellformed8.key 
37397      DEBUG main            d.u.i.k.p.i.AbstractProblemLoader Environment load took 197.1ns 
37398      INFO  main            d.u.i.k.p.i.AbstractProblemLoader Creating init config 
40042      DEBUG main            d.u.i.k.p.i.AbstractProblemLoader Init config took 2.64s 
40067      INFO  main            d.u.i.k.p.i.AbstractProblemLoader Replaying proof wellformed8.key 
40068      DEBUG main            d.u.i.k.p.i.IntermediateProofReplayer Proof replay took 8.2ns 
40171      INFO  main            d.u.i.k.p.r.p.TestFile    ... finished proof: open goal(s) 
40326      INFO  main            d.u.i.k.p.r.p.TestFile    Now processing file /home/runner/work/key/key/key.core/../key.ui/examples/heap/polarity_tests/wellformed9.key 
40330      INFO  main            d.u.i.k.p.i.AbstractProblemLoader Loading environment from /home/runner/work/key/key/key.core/../key.ui/examples/heap/polarity_tests/wellformed9.key 
40330      DEBUG main            d.u.i.k.p.i.AbstractProblemLoader Environment load took 83.2ns 
40331      INFO  main            d.u.i.k.p.i.AbstractProblemLoader Creating init config 
42918      DEBUG main            d.u.i.k.p.i.AbstractProblemLoader Init config took 2.59s 
42937      INFO  main            d.u.i.k.p.i.AbstractProblemLoader Replaying proof wellformed9.key 
42940      DEBUG main            d.u.i.k.p.i.IntermediateProofReplayer Proof replay took 8ns 
43043      INFO  main            d.u.i.k.p.r.p.TestFile    ... finished proof: closed. 
43181      INFO  main            d.u.i.k.p.i.AbstractProblemLoader Loading environment from /home/runner/work/key/key/key.core/../key.ui/examples/heap/polarity_tests/wellformed9.key.proof 
43181      DEBUG main            d.u.i.k.p.i.AbstractProblemLoader Environment load took 122.2ns 
43183      INFO  main            d.u.i.k.p.i.AbstractProblemLoader Creating init config 
45756      DEBUG main            d.u.i.k.p.i.AbstractProblemLoader Init config took 2.57s 
45775      INFO  main            d.u.i.k.p.i.AbstractProblemLoader Replaying proof wellformed9.key.proof 
45778      DEBUG main            d.u.i.k.p.i.IntermediateProofReplayer Proof replay took 1.27ms 
45781      DEBUG main            d.u.i.k.p.r.p.TestFile    ... success: reloaded. 
45782      INFO  main            d.u.i.k.p.r.p.TestFile    Now processing file /home/runner/work/key/key/key.core/../key.ui/examples/heap/polarity_tests/wellformed10.key 
45782      INFO  main            d.u.i.k.p.i.AbstractProblemLoader Loading environment from /home/runner/work/key/key/key.core/../key.ui/examples/heap/polarity_tests/wellformed10.key 
45782      DEBUG main            d.u.i.k.p.i.AbstractProblemLoader Environment load took 309.31ns 
45785      INFO  main            d.u.i.k.p.i.AbstractProblemLoader Creating init config 
48414      DEBUG main            d.u.i.k.p.i.AbstractProblemLoader Init config took 2.63s 
48431      INFO  main            d.u.i.k.p.i.AbstractProblemLoader Replaying proof wellformed10.key 
48432      DEBUG main            d.u.i.k.p.i.IntermediateProofReplayer Proof replay took 7.4ns 
48535      INFO  main            d.u.i.k.p.r.p.TestFile    ... finished proof: open goal(s) 
48691      INFO  main            d.u.i.k.p.r.p.TestFile    Now processing file /home/runner/work/key/key/key.core/../key.ui/examples/heap/polarity_tests/wellformed11.key 
48691      INFO  main            d.u.i.k.p.i.AbstractProblemLoader Loading environment from /home/runner/work/key/key/key.core/../key.ui/examples/heap/polarity_tests/wellformed11.key 
48691      DEBUG main            d.u.i.k.p.i.AbstractProblemLoader Environment load took 72.5ns 
48692      INFO  main            d.u.i.k.p.i.AbstractProblemLoader Creating init config 
51265      DEBUG main            d.u.i.k.p.i.AbstractProblemLoader Init config took 2.57s 
51281      INFO  main            d.u.i.k.p.i.AbstractProblemLoader Replaying proof wellformed11.key 
51282      DEBUG main            d.u.i.k.p.i.IntermediateProofReplayer Proof replay took 7.9ns 
51387      INFO  main            d.u.i.k.p.r.p.TestFile    ... finished proof: open goal(s) 
504935     INFO  Test worker     d.u.i.k.p.r.RunAllProofsTestUnit Returning from test applicationRestrictions 
504940     INFO  Test worker     d.u.i.k.p.r.RunAllProofsTestUnit Running test blockContracts 
332        INFO  Timeout watchdog d.u.i.k.p.r.p.ForkedTestFileRunner Timeout watcher launched (2000 secs.) 
351        WARN  main            d.u.i.k.s.ProofSettings   The settings in /home/runner/.key/proof-settings.props are *not* read. 
404        INFO  main            d.u.i.k.p.r.p.TestFile    Now processing file /home/runner/work/key/key/key.core/../key.ui/examples/heap/block_contracts/Simple__add.key 
534        INFO  main            d.u.i.k.p.i.AbstractProblemLoader Loading environment from /home/runner/work/key/key/key.core/../key.ui/examples/heap/block_contracts/Simple__add.key 
556        DEBUG main            d.u.i.k.p.i.AbstractProblemLoader Environment load took 2.43ms 
780        INFO  main            d.u.i.k.p.i.AbstractProblemLoader Creating init config 
1632       DEBUG main            d.u.i.k.j.TypeConverter   No LDT found for Meta 
1633       DEBUG main            d.u.i.k.j.TypeConverter   No LDT found for Meta 
1636       DEBUG main            d.u.i.k.j.TypeConverter   No LDT found for Meta 
1636       DEBUG main            d.u.i.k.j.TypeConverter   No LDT found for Meta 
2931       DEBUG main            d.u.i.k.j.TypeConverter   No LDT found for JavaBigintExpression 
9214       DEBUG main            d.u.i.k.p.i.AbstractProblemLoader Init config took 8.43s 
9402       INFO  main            d.u.i.k.p.i.AbstractProblemLoader Replaying proof Simple[Simple::add(int,int)].JML operation contract.0 
9473       DEBUG main            d.u.i.k.p.i.IntermediateProofReplayer Proof replay took 596.11ns 
10202      INFO  main            d.u.i.k.p.r.p.TestFile    ... finished proof: closed. 
10316      INFO  main            d.u.i.k.p.i.AbstractProblemLoader Loading environment from /home/runner/work/key/key/key.core/../key.ui/examples/heap/block_contracts/Simple__add.key.proof 
10318      DEBUG main            d.u.i.k.p.i.AbstractProblemLoader Environment load took 1.71ms 
10321      INFO  main            d.u.i.k.p.i.AbstractProblemLoader Creating init config 
13714      DEBUG main            d.u.i.k.p.i.AbstractProblemLoader Init config took 3.39s 
13797      INFO  main            d.u.i.k.p.i.AbstractProblemLoader Replaying proof Simple[Simple::add(int,int)].JML operation contract.0 
13861      DEBUG main            d.u.i.k.p.i.IntermediateProofReplayer Proof replay took 60.39ms 
13869      DEBUG main            d.u.i.k.p.r.p.TestFile    ... success: reloaded. 
13871      INFO  main            d.u.i.k.p.r.p.TestFile    Now processing file /home/runner/work/key/key/key.core/../key.ui/examples/heap/block_contracts/Simple__addAbsoluteValues.key 
13872      INFO  main            d.u.i.k.p.i.AbstractProblemLoader Loading environment from /home/runner/work/key/key/key.core/../key.ui/examples/heap/block_contracts/Simple__addAbsoluteValues.key 
13872      DEBUG main            d.u.i.k.p.i.AbstractProblemLoader Environment load took 261.51ns 
13873      INFO  main            d.u.i.k.p.i.AbstractProblemLoader Creating init config 
17146      DEBUG main            d.u.i.k.p.i.AbstractProblemLoader Init config took 3.27s 
17222      INFO  main            d.u.i.k.p.i.AbstractProblemLoader Replaying proof Simple[Simple::addAbsoluteValues(int,int)].JML normal_behavior operation contract.0 
17226      DEBUG main            d.u.i.k.p.i.IntermediateProofReplayer Proof replay took 14.5ns 
18444      INFO  main            d.u.i.k.p.r.p.TestFile    ... finished proof: closed. 
18621      INFO  main            d.u.i.k.p.i.AbstractProblemLoader Loading environment from /home/runner/work/key/key/key.core/../key.ui/examples/heap/block_contracts/Simple__addAbsoluteValues.key.proof 
18622      DEBUG main            d.u.i.k.p.i.AbstractProblemLoader Environment load took 517.61ns 
18624      INFO  main            d.u.i.k.p.i.AbstractProblemLoader Creating init config 
21801      DEBUG main            d.u.i.k.p.i.AbstractProblemLoader Init config took 3.18s 
21865      INFO  main            d.u.i.k.p.i.AbstractProblemLoader Replaying proof Simple[Simple::addAbsoluteValues(int,int)].JML normal_behavior operation contract.0 
22011      DEBUG main            d.u.i.k.p.i.IntermediateProofReplayer Proof replay took 137.74ms 
22013      DEBUG main            d.u.i.k.p.r.p.TestFile    ... success: reloaded. 
22015      INFO  main            d.u.i.k.p.r.p.TestFile    Now processing file /home/runner/work/key/key/key.core/../key.ui/examples/heap/block_contracts/Simple__addWithJump.key 
22015      INFO  main            d.u.i.k.p.i.AbstractProblemLoader Loading environment from /home/runner/work/key/key/key.core/../key.ui/examples/heap/block_contracts/Simple__addWithJump.key 
22016      DEBUG main            d.u.i.k.p.i.AbstractProblemLoader Environment load took 258.5ns 
22017      INFO  main            d.u.i.k.p.i.AbstractProblemLoader Creating init config 
25281      DEBUG main            d.u.i.k.p.i.AbstractProblemLoader Init config took 3.26s 
25331      INFO  main            d.u.i.k.p.i.AbstractProblemLoader Replaying proof Simple[Simple::addWithJump(int,int,int)].JML operation contract.0 
25335      DEBUG main            d.u.i.k.p.i.IntermediateProofReplayer Proof replay took 11.6ns 
25538      INFO  main            d.u.i.k.p.r.p.TestFile    ... finished proof: closed. 
25718      INFO  main            d.u.i.k.p.i.AbstractProblemLoader Loading environment from /home/runner/work/key/key/key.core/../key.ui/examples/heap/block_contracts/Simple__addWithJump.key.proof 
25718      DEBUG main            d.u.i.k.p.i.AbstractProblemLoader Environment load took 126.7ns 
25719      INFO  main            d.u.i.k.p.i.AbstractProblemLoader Creating init config 
28859      DEBUG main            d.u.i.k.p.i.AbstractProblemLoader Init config took 3.14s 
28907      INFO  main            d.u.i.k.p.i.AbstractProblemLoader Replaying proof Simple[Simple::addWithJump(int,int,int)].JML operation contract.0 
28945      DEBUG main            d.u.i.k.p.i.IntermediateProofReplayer Proof replay took 35.07ms 
28947      DEBUG main            d.u.i.k.p.r.p.TestFile    ... success: reloaded. 
28948      INFO  main            d.u.i.k.p.r.p.TestFile    Now processing file /home/runner/work/key/key/key.core/../key.ui/examples/heap/block_contracts/Simple__addWithTwoBlockContracts.key 
28949      INFO  main            d.u.i.k.p.i.AbstractProblemLoader Loading environment from /home/runner/work/key/key/key.core/../key.ui/examples/heap/block_contracts/Simple__addWithTwoBlockContracts.key 
28949      DEBUG main            d.u.i.k.p.i.AbstractProblemLoader Environment load took 249.5ns 
28950      INFO  main            d.u.i.k.p.i.AbstractProblemLoader Creating init config 
32130      DEBUG main            d.u.i.k.p.i.AbstractProblemLoader Init config took 3.18s 
32176      INFO  main            d.u.i.k.p.i.AbstractProblemLoader Replaying proof Simple[Simple::addWithTwoBlockContracts(int,int,int)].JML operation contract.0 
32179      DEBUG main            d.u.i.k.p.i.IntermediateProofReplayer Proof replay took 13.4ns 
32482      INFO  main            d.u.i.k.p.r.p.TestFile    ... finished proof: closed. 
32677      INFO  main            d.u.i.k.p.i.AbstractProblemLoader Loading environment from /home/runner/work/key/key/key.core/../key.ui/examples/heap/block_contracts/Simple__addWithTwoBlockContracts.key.proof 
32678      DEBUG main            d.u.i.k.p.i.AbstractProblemLoader Environment load took 638.61ns 
32680      INFO  main            d.u.i.k.p.i.AbstractProblemLoader Creating init config 
35779      DEBUG main            d.u.i.k.p.i.AbstractProblemLoader Init config took 3.1s 
35825      INFO  main            d.u.i.k.p.i.AbstractProblemLoader Replaying proof Simple[Simple::addWithTwoBlockContracts(int,int,int)].JML operation contract.0 
35875      DEBUG main            d.u.i.k.p.i.IntermediateProofReplayer Proof replay took 46.2ms 
35876      DEBUG main            d.u.i.k.p.r.p.TestFile    ... success: reloaded. 
35877      INFO  main            d.u.i.k.p.r.p.TestFile    Now processing file /home/runner/work/key/key/key.core/../key.ui/examples/heap/block_contracts/Simple__generateByteArray.key 
35878      INFO  main            d.u.i.k.p.i.AbstractProblemLoader Loading environment from /home/runner/work/key/key/key.core/../key.ui/examples/heap/block_contracts/Simple__generateByteArray.key 
35878      DEBUG main            d.u.i.k.p.i.AbstractProblemLoader Environment load took 305.4ns 
35879      INFO  main            d.u.i.k.p.i.AbstractProblemLoader Creating init config 
39082      DEBUG main            d.u.i.k.p.i.AbstractProblemLoader Init config took 3.2s 
39129      INFO  main            d.u.i.k.p.i.AbstractProblemLoader Replaying proof Simple[Simple::generateByteArray()].JML normal_behavior operation contract.0 
39131      DEBUG main            d.u.i.k.p.i.IntermediateProofReplayer Proof replay took 13.1ns 
40945      INFO  main            d.u.i.k.p.r.p.TestFile    ... finished proof: closed. 
41149      INFO  main            d.u.i.k.p.i.AbstractProblemLoader Loading environment from /home/runner/work/key/key/key.core/../key.ui/examples/heap/block_contracts/Simple__generateByteArray.key.proof 
41153      DEBUG main            d.u.i.k.p.i.AbstractProblemLoader Environment load took 3.7ms 
41155      INFO  main            d.u.i.k.p.i.AbstractProblemLoader Creating init config 
44240      DEBUG main            d.u.i.k.p.i.AbstractProblemLoader Init config took 3.09s 
44284      INFO  main            d.u.i.k.p.i.AbstractProblemLoader Replaying proof Simple[Simple::generateByteArray()].JML normal_behavior operation contract.0 
44486      DEBUG main            d.u.i.k.p.i.IntermediateProofReplayer Proof replay took 188.92ms 
44487      DEBUG main            d.u.i.k.p.r.p.TestFile    ... success: reloaded. 
44489      INFO  main            d.u.i.k.p.r.p.TestFile    Now processing file /home/runner/work/key/key/key.core/../key.ui/examples/heap/block_contracts/Simple__getLength.key 
44489      INFO  main            d.u.i.k.p.i.AbstractProblemLoader Loading environment from /home/runner/work/key/key/key.core/../key.ui/examples/heap/block_contracts/Simple__getLength.key 
44489      DEBUG main            d.u.i.k.p.i.AbstractProblemLoader Environment load took 272.2ns 
44490      INFO  main            d.u.i.k.p.i.AbstractProblemLoader Creating init config 
47662      DEBUG main            d.u.i.k.p.i.AbstractProblemLoader Init config took 3.17s 
47705      INFO  main            d.u.i.k.p.i.AbstractProblemLoader Replaying proof Simple[Simple::getLength()].JML normal_behavior operation contract.0 
47707      DEBUG main            d.u.i.k.p.i.IntermediateProofReplayer Proof replay took 11.9ns 
47812      INFO  main            d.u.i.k.p.r.p.TestFile    ... finished proof: closed. 
48022      INFO  main            d.u.i.k.p.i.AbstractProblemLoader Loading environment from /home/runner/work/key/key/key.core/../key.ui/examples/heap/block_contracts/Simple__getLength.key.proof 
48023      DEBUG main            d.u.i.k.p.i.AbstractProblemLoader Environment load took 624.51ns 
48024      INFO  main            d.u.i.k.p.i.AbstractProblemLoader Creating init config 
51172      DEBUG main            d.u.i.k.p.i.AbstractProblemLoader Init config took 3.15s 
51215      INFO  main            d.u.i.k.p.i.AbstractProblemLoader Replaying proof Simple[Simple::getLength()].JML normal_behavior operation contract.0 
51224      DEBUG main            d.u.i.k.p.i.IntermediateProofReplayer Proof replay took 6.6ms 
51225      DEBUG main            d.u.i.k.p.r.p.TestFile    ... success: reloaded. 
51226      INFO  main            d.u.i.k.p.r.p.TestFile    Now processing file /home/runner/work/key/key/key.core/../key.ui/examples/heap/block_contracts/Simple__square.key 
51226      INFO  main            d.u.i.k.p.i.AbstractProblemLoader Loading environment from /home/runner/work/key/key/key.core/../key.ui/examples/heap/block_contracts/Simple__square.key 
51226      DEBUG main            d.u.i.k.p.i.AbstractProblemLoader Environment load took 108.9ns 
51227      INFO  main            d.u.i.k.p.i.AbstractProblemLoader Creating init config 
54297      DEBUG main            d.u.i.k.p.i.AbstractProblemLoader Init config took 3.07s 
54341      INFO  main            d.u.i.k.p.i.AbstractProblemLoader Replaying proof Simple[Simple::square(int)].JML operation contract.0 
54343      DEBUG main            d.u.i.k.p.i.IntermediateProofReplayer Proof replay took 13.3ns 
54748      INFO  main            d.u.i.k.p.r.p.TestFile    ... finished proof: closed. 
54937      INFO  main            d.u.i.k.p.i.AbstractProblemLoader Loading environment from /home/runner/work/key/key/key.core/../key.ui/examples/heap/block_contracts/Simple__square.key.proof 
54937      DEBUG main            d.u.i.k.p.i.AbstractProblemLoader Environment load took 131.3ns 
54941      INFO  main            d.u.i.k.p.i.AbstractProblemLoader Creating init config 
58052      DEBUG main            d.u.i.k.p.i.AbstractProblemLoader Init config took 3.11s 
58098      INFO  main            d.u.i.k.p.i.AbstractProblemLoader Replaying proof Simple[Simple::square(int)].JML operation contract.0 
58176      DEBUG main            d.u.i.k.p.i.IntermediateProofReplayer Proof replay took 74.54ms 
58178      DEBUG main            d.u.i.k.p.r.p.TestFile    ... success: reloaded. 
58179      INFO  main            d.u.i.k.p.r.p.TestFile    Now processing file /home/runner/work/key/key/key.core/../key.ui/examples/heap/block_contracts/Simple__unnecessaryBlockContract.key 
58180      INFO  main            d.u.i.k.p.i.AbstractProblemLoader Loading environment from /home/runner/work/key/key/key.core/../key.ui/examples/heap/block_contracts/Simple__unnecessaryBlockContract.key 
58180      DEBUG main            d.u.i.k.p.i.AbstractProblemLoader Environment load took 256.1ns 
58181      INFO  main            d.u.i.k.p.i.AbstractProblemLoader Creating init config 
61267      DEBUG main            d.u.i.k.p.i.AbstractProblemLoader Init config took 3.09s 
61326      INFO  main            d.u.i.k.p.i.AbstractProblemLoader Replaying proof Simple[Simple::unnecessaryBlockContract()].JML operation contract.0 
61329      DEBUG main            d.u.i.k.p.i.IntermediateProofReplayer Proof replay took 15ns 
61432      INFO  main            d.u.i.k.p.r.p.TestFile    ... finished proof: closed. 
61649      INFO  main            d.u.i.k.p.i.AbstractProblemLoader Loading environment from /home/runner/work/key/key/key.core/../key.ui/examples/heap/block_contracts/Simple__unnecessaryBlockContract.key.proof 
61649      DEBUG main            d.u.i.k.p.i.AbstractProblemLoader Environment load took 146.5ns 
61650      INFO  main            d.u.i.k.p.i.AbstractProblemLoader Creating init config 
64727      DEBUG main            d.u.i.k.p.i.AbstractProblemLoader Init config took 3.08s 
64771      INFO  main            d.u.i.k.p.i.AbstractProblemLoader Replaying proof Simple[Simple::unnecessaryBlockContract()].JML operation contract.0 
64791      DEBUG main            d.u.i.k.p.i.IntermediateProofReplayer Proof replay took 17.96ms 
64793      DEBUG main            d.u.i.k.p.r.p.TestFile    ... success: reloaded. 
64794      INFO  main            d.u.i.k.p.r.p.TestFile    Now processing file /home/runner/work/key/key/key.core/../key.ui/examples/heap/block_contracts/Simple__unnecessaryLoopInvariant.key 
64794      INFO  main            d.u.i.k.p.i.AbstractProblemLoader Loading environment from /home/runner/work/key/key/key.core/../key.ui/examples/heap/block_contracts/Simple__unnecessaryLoopInvariant.key 
64795      DEBUG main            d.u.i.k.p.i.AbstractProblemLoader Environment load took 258.7ns 
64796      INFO  main            d.u.i.k.p.i.AbstractProblemLoader Creating init config 
67833      DEBUG main            d.u.i.k.p.i.AbstractProblemLoader Init config took 3.04s 
67872      INFO  main            d.u.i.k.p.i.AbstractProblemLoader Replaying proof Simple[Simple::unnecessaryLoopInvariant()].JML operation contract.0 
67874      DEBUG main            d.u.i.k.p.i.IntermediateProofReplayer Proof replay took 12.5ns 
67979      INFO  main            d.u.i.k.p.r.p.TestFile    ... finished proof: closed. 
68176      INFO  main            d.u.i.k.p.i.AbstractProblemLoader Loading environment from /home/runner/work/key/key/key.core/../key.ui/examples/heap/block_contracts/Simple__unnecessaryLoopInvariant.key.proof 
68176      DEBUG main            d.u.i.k.p.i.AbstractProblemLoader Environment load took 123ns 
68177      INFO  main            d.u.i.k.p.i.AbstractProblemLoader Creating init config 
71245      DEBUG main            d.u.i.k.p.i.AbstractProblemLoader Init config took 3.07s 
71286      INFO  main            d.u.i.k.p.i.AbstractProblemLoader Replaying proof Simple[Simple::unnecessaryLoopInvariant()].JML operation contract.0 
71297      DEBUG main            d.u.i.k.p.i.IntermediateProofReplayer Proof replay took 9.13ms 
71298      DEBUG main            d.u.i.k.p.r.p.TestFile    ... success: reloaded. 
71300      INFO  main            d.u.i.k.p.r.p.TestFile    Now processing file /home/runner/work/key/key/key.core/../key.ui/examples/standard_key/java_dl/jml-assert/assert.key 
71301      INFO  main            d.u.i.k.p.i.AbstractProblemLoader Loading environment from /home/runner/work/key/key/key.core/../key.ui/examples/standard_key/java_dl/jml-assert/assert.key 
71301      DEBUG main            d.u.i.k.p.i.AbstractProblemLoader Environment load took 116.3ns 
71302      INFO  main            d.u.i.k.p.i.AbstractProblemLoader Creating init config 
74026      DEBUG main            d.u.i.k.p.i.AbstractProblemLoader Init config took 2.72s 
74067      INFO  main            d.u.i.k.p.i.AbstractProblemLoader Replaying proof Assert[Assert::createArray(int)].JML normal_behavior operation contract.0 
74069      DEBUG main            d.u.i.k.p.i.IntermediateProofReplayer Proof replay took 7.2ns 
74272      INFO  main            d.u.i.k.p.r.p.TestFile    ... finished proof: closed. 
74475      INFO  main            d.u.i.k.p.i.AbstractProblemLoader Loading environment from /home/runner/work/key/key/key.core/../key.ui/examples/standard_key/java_dl/jml-assert/assert.key.proof 
74475      DEBUG main            d.u.i.k.p.i.AbstractProblemLoader Environment load took 124.4ns 
74477      INFO  main            d.u.i.k.p.i.AbstractProblemLoader Creating init config 
77154      DEBUG main            d.u.i.k.p.i.AbstractProblemLoader Init config took 2.68s 
77192      INFO  main            d.u.i.k.p.i.AbstractProblemLoader Replaying proof Assert[Assert::createArray(int)].JML normal_behavior operation contract.0 
77228      DEBUG main            d.u.i.k.p.i.IntermediateProofReplayer Proof replay took 33.3ms 
77230      DEBUG main            d.u.i.k.p.r.p.TestFile    ... success: reloaded. 
77231      INFO  main            d.u.i.k.p.r.p.TestFile    Now processing file /home/runner/work/key/key/key.core/../key.ui/examples/standard_key/java_dl/jml-assert/assert_assume_order.key 
77232      INFO  main            d.u.i.k.p.i.AbstractProblemLoader Loading environment from /home/runner/work/key/key/key.core/../key.ui/examples/standard_key/java_dl/jml-assert/assert_assume_order.key 
77232      DEBUG main            d.u.i.k.p.i.AbstractProblemLoader Environment load took 263.5ns 
77233      INFO  main            d.u.i.k.p.i.AbstractProblemLoader Creating init config 
79930      DEBUG main            d.u.i.k.p.i.AbstractProblemLoader Init config took 2.7s 
79968      INFO  main            d.u.i.k.p.i.AbstractProblemLoader Replaying proof AssertAssume[AssertAssume::singleAssumeAssert(int)].JML normal_behavior operation contract.0 
79970      DEBUG main            d.u.i.k.p.i.IntermediateProofReplayer Proof replay took 8.4ns 
80075      INFO  main            d.u.i.k.p.r.p.TestFile    ... finished proof: closed. 
80266      INFO  main            d.u.i.k.p.i.AbstractProblemLoader Loading environment from /home/runner/work/key/key/key.core/../key.ui/examples/standard_key/java_dl/jml-assert/assert_assume_order.key.proof 
80266      DEBUG main            d.u.i.k.p.i.AbstractProblemLoader Environment load took 309.31ns 
80267      INFO  main            d.u.i.k.p.i.AbstractProblemLoader Creating init config 
82945      DEBUG main            d.u.i.k.p.i.AbstractProblemLoader Init config took 2.68s 
82981      INFO  main            d.u.i.k.p.i.AbstractProblemLoader Replaying proof AssertAssume[AssertAssume::singleAssumeAssert(int)].JML normal_behavior operation contract.0 
82989      DEBUG main            d.u.i.k.p.i.IntermediateProofReplayer Proof replay took 6.81ms 
82990      DEBUG main            d.u.i.k.p.r.p.TestFile    ... success: reloaded. 
82992      INFO  main            d.u.i.k.p.r.p.TestFile    Now processing file /home/runner/work/key/key/key.core/../key.ui/examples/heap/block_loop_contracts/SimpleVariants/sum_onBlock_external.key 
82992      INFO  main            d.u.i.k.p.i.AbstractProblemLoader Loading environment from /home/runner/work/key/key/key.core/../key.ui/examples/heap/block_loop_contracts/SimpleVariants/sum_onBlock_external.key 
82992      DEBUG main            d.u.i.k.p.i.AbstractProblemLoader Environment load took 137.6ns 
82993      INFO  main            d.u.i.k.p.i.AbstractProblemLoader Creating init config 
85916      DEBUG main            d.u.i.k.p.i.AbstractProblemLoader Init config took 2.92s 
85951      INFO  main            d.u.i.k.p.i.AbstractProblemLoader Replaying proof LoopContractExamplesAll[LoopContractExamplesAll::sum_loopContract_onBlock([I)].JML normal_behavior operation contract.0 
85954      DEBUG main            d.u.i.k.p.i.IntermediateProofReplayer Proof replay took 13ns 
86059      INFO  main            d.u.i.k.p.r.p.TestFile    ... finished proof: closed. 
86296      INFO  main            d.u.i.k.p.i.AbstractProblemLoader Loading environment from /home/runner/work/key/key/key.core/../key.ui/examples/heap/block_loop_contracts/SimpleVariants/sum_onBlock_external.key.proof 
86296      DEBUG main            d.u.i.k.p.i.AbstractProblemLoader Environment load took 129.8ns 
86297      INFO  main            d.u.i.k.p.i.AbstractProblemLoader Creating init config 
89155      DEBUG main            d.u.i.k.p.i.AbstractProblemLoader Init config took 2.86s 
89192      INFO  main            d.u.i.k.p.i.AbstractProblemLoader Replaying proof LoopContractExamplesAll[LoopContractExamplesAll::sum_loopContract_onBlock([I)].JML normal_behavior operation contract.0 
89221      DEBUG main            d.u.i.k.p.i.IntermediateProofReplayer Proof replay took 27.68ms 
89222      DEBUG main            d.u.i.k.p.r.p.TestFile    ... success: reloaded. 
89223      INFO  main            d.u.i.k.p.r.p.TestFile    Now processing file /home/runner/work/key/key/key.core/../key.ui/examples/heap/block_loop_contracts/SimpleVariants/sum_onBlock_internal.key 
89223      INFO  main            d.u.i.k.p.i.AbstractProblemLoader Loading environment from /home/runner/work/key/key/key.core/../key.ui/examples/heap/block_loop_contracts/SimpleVariants/sum_onBlock_internal.key 
89224      DEBUG main            d.u.i.k.p.i.AbstractProblemLoader Environment load took 133.6ns 
89225      INFO  main            d.u.i.k.p.i.AbstractProblemLoader Creating init config 
92174      DEBUG main            d.u.i.k.p.i.AbstractProblemLoader Init config took 2.95s 
92209      INFO  main            d.u.i.k.p.i.AbstractProblemLoader Replaying proof LoopContractExamplesAll[LoopContractExamplesAll::sum_loopContract_onBlock([I)].JML normal_behavior operation contract.0 
92211      DEBUG main            d.u.i.k.p.i.IntermediateProofReplayer Proof replay took 13.6ns 
92820      INFO  main            d.u.i.k.p.r.p.TestFile    ... finished proof: closed. 
93084      INFO  main            d.u.i.k.p.i.AbstractProblemLoader Loading environment from /home/runner/work/key/key/key.core/../key.ui/examples/heap/block_loop_contracts/SimpleVariants/sum_onBlock_internal.key.proof 
93084      DEBUG main            d.u.i.k.p.i.AbstractProblemLoader Environment load took 119.5ns 
93085      INFO  main            d.u.i.k.p.i.AbstractProblemLoader Creating init config 
95940      DEBUG main            d.u.i.k.p.i.AbstractProblemLoader Init config took 2.85s 
95974      INFO  main            d.u.i.k.p.i.AbstractProblemLoader Replaying proof LoopContractExamplesAll[LoopContractExamplesAll::sum_loopContract_onBlock([I)].JML normal_behavior operation contract.0 
96140      DEBUG main            d.u.i.k.p.i.IntermediateProofReplayer Proof replay took 161.45ms 
96141      DEBUG main            d.u.i.k.p.r.p.TestFile    ... success: reloaded. 
96142      INFO  main            d.u.i.k.p.r.p.TestFile    Now processing file /home/runner/work/key/key/key.core/../key.ui/examples/heap/block_loop_contracts/SimpleVariants/sum_onBlock_loop.key 
96142      INFO  main            d.u.i.k.p.i.AbstractProblemLoader Loading environment from /home/runner/work/key/key/key.core/../key.ui/examples/heap/block_loop_contracts/SimpleVariants/sum_onBlock_loop.key 
96142      DEBUG main            d.u.i.k.p.i.AbstractProblemLoader Environment load took 177.4ns 
96144      INFO  main            d.u.i.k.p.i.AbstractProblemLoader Creating init config 
99108      DEBUG main            d.u.i.k.p.i.AbstractProblemLoader Init config took 2.96s 
99148      INFO  main            d.u.i.k.p.i.AbstractProblemLoader Replaying proof LoopContractExamplesAll[LoopContractExamplesAll::sum_loopContract_onBlock([I)].JML normal_behavior loop contract.0 
99152      DEBUG main            d.u.i.k.p.i.IntermediateProofReplayer Proof replay took 12.7ns 
99855      INFO  main            d.u.i.k.p.r.p.TestFile    ... finished proof: closed. 
100133     INFO  main            d.u.i.k.p.i.AbstractProblemLoader Loading environment from /home/runner/work/key/key/key.core/../key.ui/examples/heap/block_loop_contracts/SimpleVariants/sum_onBlock_loop.key.proof 
100133     DEBUG main            d.u.i.k.p.i.AbstractProblemLoader Environment load took 510.11ns 
100135     INFO  main            d.u.i.k.p.i.AbstractProblemLoader Creating init config 
102982     DEBUG main            d.u.i.k.p.i.AbstractProblemLoader Init config took 2.85s 
103019     INFO  main            d.u.i.k.p.i.AbstractProblemLoader Replaying proof LoopContractExamplesAll[LoopContractExamplesAll::sum_loopContract_onBlock([I)].JML normal_behavior loop contract.0 
103195     DEBUG main            d.u.i.k.p.i.IntermediateProofReplayer Proof replay took 172.47ms 
103196     DEBUG main            d.u.i.k.p.r.p.TestFile    ... success: reloaded. 
103197     INFO  main            d.u.i.k.p.r.p.TestFile    Now processing file /home/runner/work/key/key/key.core/../key.ui/examples/heap/block_loop_contracts/SimpleVariants/sum_onLoop_external.key 
103198     INFO  main            d.u.i.k.p.i.AbstractProblemLoader Loading environment from /home/runner/work/key/key/key.core/../key.ui/examples/heap/block_loop_contracts/SimpleVariants/sum_onLoop_external.key 
103198     DEBUG main            d.u.i.k.p.i.AbstractProblemLoader Environment load took 248.8ns 
103199     INFO  main            d.u.i.k.p.i.AbstractProblemLoader Creating init config 
106202     DEBUG main            d.u.i.k.p.i.AbstractProblemLoader Init config took 3s 
106236     INFO  main            d.u.i.k.p.i.AbstractProblemLoader Replaying proof LoopContractExamplesAll[LoopContractExamplesAll::sum_loopContract_onLoop([I)].JML normal_behavior operation contract.0 
106238     DEBUG main            d.u.i.k.p.i.IntermediateProofReplayer Proof replay took 29.9ns 
106441     INFO  main            d.u.i.k.p.r.p.TestFile    ... finished proof: closed. 
106738     INFO  main            d.u.i.k.p.i.AbstractProblemLoader Loading environment from /home/runner/work/key/key/key.core/../key.ui/examples/heap/block_loop_contracts/SimpleVariants/sum_onLoop_external.key.proof 
106738     DEBUG main            d.u.i.k.p.i.AbstractProblemLoader Environment load took 122.5ns 
106739     INFO  main            d.u.i.k.p.i.AbstractProblemLoader Creating init config 
109595     DEBUG main            d.u.i.k.p.i.AbstractProblemLoader Init config took 2.86s 
109629     INFO  main            d.u.i.k.p.i.AbstractProblemLoader Replaying proof LoopContractExamplesAll[LoopContractExamplesAll::sum_loopContract_onLoop([I)].JML normal_behavior operation contract.0 
109655     DEBUG main            d.u.i.k.p.i.IntermediateProofReplayer Proof replay took 23.92ms 
109656     DEBUG main            d.u.i.k.p.r.p.TestFile    ... success: reloaded. 
109657     INFO  main            d.u.i.k.p.r.p.TestFile    Now processing file /home/runner/work/key/key/key.core/../key.ui/examples/heap/block_loop_contracts/SimpleVariants/sum_onLoop_internal.key 
109657     INFO  main            d.u.i.k.p.i.AbstractProblemLoader Loading environment from /home/runner/work/key/key/key.core/../key.ui/examples/heap/block_loop_contracts/SimpleVariants/sum_onLoop_internal.key 
109658     DEBUG main            d.u.i.k.p.i.AbstractProblemLoader Environment load took 95.8ns 
109659     INFO  main            d.u.i.k.p.i.AbstractProblemLoader Creating init config 
112585     DEBUG main            d.u.i.k.p.i.AbstractProblemLoader Init config took 2.93s 
112619     INFO  main            d.u.i.k.p.i.AbstractProblemLoader Replaying proof LoopContractExamplesAll[LoopContractExamplesAll::sum_loopContract_onLoop([I)].JML normal_behavior operation contract.0 
112621     DEBUG main            d.u.i.k.p.i.IntermediateProofReplayer Proof replay took 12.9ns 
113224     INFO  main            d.u.i.k.p.r.p.TestFile    ... finished proof: closed. 
113505     INFO  main            d.u.i.k.p.i.AbstractProblemLoader Loading environment from /home/runner/work/key/key/key.core/../key.ui/examples/heap/block_loop_contracts/SimpleVariants/sum_onLoop_internal.key.proof 
113506     DEBUG main            d.u.i.k.p.i.AbstractProblemLoader Environment load took 123.7ns 
113507     INFO  main            d.u.i.k.p.i.AbstractProblemLoader Creating init config 
116370     DEBUG main            d.u.i.k.p.i.AbstractProblemLoader Init config took 2.86s 
116408     INFO  main            d.u.i.k.p.i.AbstractProblemLoader Replaying proof LoopContractExamplesAll[LoopContractExamplesAll::sum_loopContract_onLoop([I)].JML normal_behavior operation contract.0 
116577     DEBUG main            d.u.i.k.p.i.IntermediateProofReplayer Proof replay took 161.31ms 
116579     DEBUG main            d.u.i.k.p.r.p.TestFile    ... success: reloaded. 
116581     INFO  main            d.u.i.k.p.r.p.TestFile    Now processing file /home/runner/work/key/key/key.core/../key.ui/examples/heap/block_loop_contracts/SimpleVariants/sum_onLoop_loop.key 
116581     INFO  main            d.u.i.k.p.i.AbstractProblemLoader Loading environment from /home/runner/work/key/key/key.core/../key.ui/examples/heap/block_loop_contracts/SimpleVariants/sum_onLoop_loop.key 
116581     DEBUG main            d.u.i.k.p.i.AbstractProblemLoader Environment load took 231.8ns 
116583     INFO  main            d.u.i.k.p.i.AbstractProblemLoader Creating init config 
119488     DEBUG main            d.u.i.k.p.i.AbstractProblemLoader Init config took 2.91s 
119523     INFO  main            d.u.i.k.p.i.AbstractProblemLoader Replaying proof LoopContractExamplesAll[LoopContractExamplesAll::sum_loopContract_onLoop([I)].JML normal_behavior loop contract.0 
119525     DEBUG main            d.u.i.k.p.i.IntermediateProofReplayer Proof replay took 13ns 
120230     INFO  main            d.u.i.k.p.r.p.TestFile    ... finished proof: closed. 
120534     INFO  main            d.u.i.k.p.i.AbstractProblemLoader Loading environment from /home/runner/work/key/key/key.core/../key.ui/examples/heap/block_loop_contracts/SimpleVariants/sum_onLoop_loop.key.proof 
120534     DEBUG main            d.u.i.k.p.i.AbstractProblemLoader Environment load took 574.21ns 
120536     INFO  main            d.u.i.k.p.i.AbstractProblemLoader Creating init config 
123377     DEBUG main            d.u.i.k.p.i.AbstractProblemLoader Init config took 2.84s 
123429     INFO  main            d.u.i.k.p.i.AbstractProblemLoader Replaying proof LoopContractExamplesAll[LoopContractExamplesAll::sum_loopContract_onLoop([I)].JML normal_behavior loop contract.0 
123619     DEBUG main            d.u.i.k.p.i.IntermediateProofReplayer Proof replay took 184.97ms 
123620     DEBUG main            d.u.i.k.p.r.p.TestFile    ... success: reloaded. 
123621     INFO  main            d.u.i.k.p.r.p.TestFile    Now processing file /home/runner/work/key/key/key.core/../key.ui/examples/heap/block_loop_contracts/Free/blockContracts0.key 
123622     INFO  main            d.u.i.k.p.i.AbstractProblemLoader Loading environment from /home/runner/work/key/key/key.core/../key.ui/examples/heap/block_loop_contracts/Free/blockContracts0.key 
123622     DEBUG main            d.u.i.k.p.i.AbstractProblemLoader Environment load took 230ns 
123623     INFO  main            d.u.i.k.p.i.AbstractProblemLoader Creating init config 
126219     DEBUG main            d.u.i.k.p.i.AbstractProblemLoader Init config took 2.6s 
126252     INFO  main            d.u.i.k.p.i.AbstractProblemLoader Replaying proof FreeConditions[FreeConditions::blockContract0()].JML normal_behavior operation contract.0 
126254     DEBUG main            d.u.i.k.p.i.IntermediateProofReplayer Proof replay took 12.6ns 
126356     INFO  main            d.u.i.k.p.r.p.TestFile    ... finished proof: closed. 
126649     INFO  main            d.u.i.k.p.i.AbstractProblemLoader Loading environment from /home/runner/work/key/key/key.core/../key.ui/examples/heap/block_loop_contracts/Free/blockContracts0.key.proof 
126649     DEBUG main            d.u.i.k.p.i.AbstractProblemLoader Environment load took 132.3ns 
126651     INFO  main            d.u.i.k.p.i.AbstractProblemLoader Creating init config 
129130     DEBUG main            d.u.i.k.p.i.AbstractProblemLoader Init config took 2.48s 
129165     INFO  main            d.u.i.k.p.i.AbstractProblemLoader Replaying proof FreeConditions[FreeConditions::blockContract0()].JML normal_behavior operation contract.0 
129186     DEBUG main            d.u.i.k.p.i.IntermediateProofReplayer Proof replay took 17.73ms 
129187     DEBUG main            d.u.i.k.p.r.p.TestFile    ... success: reloaded. 
129188     INFO  main            d.u.i.k.p.r.p.TestFile    Now processing file /home/runner/work/key/key/key.core/../key.ui/examples/heap/block_loop_contracts/Free/blockContracts1.key 
129189     INFO  main            d.u.i.k.p.i.AbstractProblemLoader Loading environment from /home/runner/work/key/key/key.core/../key.ui/examples/heap/block_loop_contracts/Free/blockContracts1.key 
129189     DEBUG main            d.u.i.k.p.i.AbstractProblemLoader Environment load took 240.3ns 
129190     INFO  main            d.u.i.k.p.i.AbstractProblemLoader Creating init config 
131749     DEBUG main            d.u.i.k.p.i.AbstractProblemLoader Init config took 2.56s 
131782     INFO  main            d.u.i.k.p.i.AbstractProblemLoader Replaying proof FreeConditions[FreeConditions::blockContract1()].JML normal_behavior operation contract.0 
131784     DEBUG main            d.u.i.k.p.i.IntermediateProofReplayer Proof replay took 13.5ns 
131887     INFO  main            d.u.i.k.p.r.p.TestFile    ... finished proof: closed. 
132179     INFO  main            d.u.i.k.p.i.AbstractProblemLoader Loading environment from /home/runner/work/key/key/key.core/../key.ui/examples/heap/block_loop_contracts/Free/blockContracts1.key.proof 
132179     DEBUG main            d.u.i.k.p.i.AbstractProblemLoader Environment load took 118.7ns 
132180     INFO  main            d.u.i.k.p.i.AbstractProblemLoader Creating init config 
134651     DEBUG main            d.u.i.k.p.i.AbstractProblemLoader Init config took 2.47s 
134686     INFO  main            d.u.i.k.p.i.AbstractProblemLoader Replaying proof FreeConditions[FreeConditions::blockContract1()].JML normal_behavior operation contract.0 
134704     DEBUG main            d.u.i.k.p.i.IntermediateProofReplayer Proof replay took 14.17ms 
134705     DEBUG main            d.u.i.k.p.r.p.TestFile    ... success: reloaded. 
134706     INFO  main            d.u.i.k.p.r.p.TestFile    Now processing file /home/runner/work/key/key/key.core/../key.ui/examples/heap/block_loop_contracts/Finally/block_finally.key 
134706     INFO  main            d.u.i.k.p.i.AbstractProblemLoader Loading environment from /home/runner/work/key/key/key.core/../key.ui/examples/heap/block_loop_contracts/Finally/block_finally.key 
134706     DEBUG main            d.u.i.k.p.i.AbstractProblemLoader Environment load took 98.1ns 
134707     INFO  main            d.u.i.k.p.i.AbstractProblemLoader Creating init config 
137283     DEBUG main            d.u.i.k.p.i.AbstractProblemLoader Init config took 2.58s 
137318     INFO  main            d.u.i.k.p.i.AbstractProblemLoader Replaying proof AuxiliaryContractsFinally[AuxiliaryContractsFinally::breakThrowContinueBlockContract(java.lang.Exception)].JML block contract.0 
137320     DEBUG main            d.u.i.k.p.i.IntermediateProofReplayer Proof replay took 12.5ns 
137824     INFO  main            d.u.i.k.p.r.p.TestFile    ... finished proof: open goal(s) 
138152     INFO  main            d.u.i.k.p.r.p.TestFile    Now processing file /home/runner/work/key/key/key.core/../key.ui/examples/heap/block_loop_contracts/Finally/loop_finally.key 
138153     INFO  main            d.u.i.k.p.i.AbstractProblemLoader Loading environment from /home/runner/work/key/key/key.core/../key.ui/examples/heap/block_loop_contracts/Finally/loop_finally.key 
138153     DEBUG main            d.u.i.k.p.i.AbstractProblemLoader Environment load took 65.4ns 
138154     INFO  main            d.u.i.k.p.i.AbstractProblemLoader Creating init config 
140638     DEBUG main            d.u.i.k.p.i.AbstractProblemLoader Init config took 2.48s 
140675     INFO  main            d.u.i.k.p.i.AbstractProblemLoader Replaying proof AuxiliaryContractsFinally[AuxiliaryContractsFinally::breakThrowContinueLoopContract(java.lang.Exception)].JML normal_behavior loop contract.0 
140676     DEBUG main            d.u.i.k.p.i.IntermediateProofReplayer Proof replay took 12.4ns 
141303     INFO  main            d.u.i.k.p.r.p.TestFile    ... finished proof: open goal(s) 
646706     INFO  Test worker     d.u.i.k.p.r.RunAllProofsTestUnit Returning from test blockContracts 
646707     INFO  Test worker     d.u.i.k.p.r.RunAllProofsTestUnit Running test jmlAsserts 
337        INFO  Timeout watchdog d.u.i.k.p.r.p.ForkedTestFileRunner Timeout watcher launched (2000 secs.) 
355        WARN  main            d.u.i.k.s.ProofSettings   The settings in /home/runner/.key/proof-settings.props are *not* read. 
383        INFO  main            d.u.i.k.p.r.p.TestFile    Now processing file /home/runner/work/key/key/key.core/../key.ui/examples/standard_key/java_dl/jml-assert/assert.key 
507        INFO  main            d.u.i.k.p.i.AbstractProblemLoader Loading environment from /home/runner/work/key/key/key.core/../key.ui/examples/standard_key/java_dl/jml-assert/assert.key 
524        DEBUG main            d.u.i.k.p.i.AbstractProblemLoader Environment load took 2.41ms 
748        INFO  main            d.u.i.k.p.i.AbstractProblemLoader Creating init config 
1652       DEBUG main            d.u.i.k.j.TypeConverter   No LDT found for Meta 
1652       DEBUG main            d.u.i.k.j.TypeConverter   No LDT found for Meta 
1656       DEBUG main            d.u.i.k.j.TypeConverter   No LDT found for Meta 
1657       DEBUG main            d.u.i.k.j.TypeConverter   No LDT found for Meta 
3190       DEBUG main            d.u.i.k.j.TypeConverter   No LDT found for JavaBigintExpression 
8372       DEBUG main            d.u.i.k.p.i.AbstractProblemLoader Init config took 7.62s 
8530       INFO  main            d.u.i.k.p.i.AbstractProblemLoader Replaying proof Assert[Assert::createArray(int)].JML normal_behavior operation contract.0 
8564       DEBUG main            d.u.i.k.p.i.IntermediateProofReplayer Proof replay took 32.7ns 
9489       INFO  main            d.u.i.k.p.r.p.TestFile    ... finished proof: closed. 
9598       INFO  main            d.u.i.k.p.i.AbstractProblemLoader Loading environment from /home/runner/work/key/key/key.core/../key.ui/examples/standard_key/java_dl/jml-assert/assert.key.proof 
9599       DEBUG main            d.u.i.k.p.i.AbstractProblemLoader Environment load took 165.4ns 
9601       INFO  main            d.u.i.k.p.i.AbstractProblemLoader Creating init config 
12536      DEBUG main            d.u.i.k.p.i.AbstractProblemLoader Init config took 2.94s 
12631      INFO  main            d.u.i.k.p.i.AbstractProblemLoader Replaying proof Assert[Assert::createArray(int)].JML normal_behavior operation contract.0 
12715      DEBUG main            d.u.i.k.p.i.IntermediateProofReplayer Proof replay took 78.01ms 
12722      DEBUG main            d.u.i.k.p.r.p.TestFile    ... success: reloaded. 
12724      INFO  main            d.u.i.k.p.r.p.TestFile    Now processing file /home/runner/work/key/key/key.core/../key.ui/examples/heap/block_loop_contracts/Free/assertions0.key 
12724      INFO  main            d.u.i.k.p.i.AbstractProblemLoader Loading environment from /home/runner/work/key/key/key.core/../key.ui/examples/heap/block_loop_contracts/Free/assertions0.key 
12725      DEBUG main            d.u.i.k.p.i.AbstractProblemLoader Environment load took 277.8ns 
12727      INFO  main            d.u.i.k.p.i.AbstractProblemLoader Creating init config 
15566      DEBUG main            d.u.i.k.p.i.AbstractProblemLoader Init config took 2.84s 
15629      INFO  main            d.u.i.k.p.i.AbstractProblemLoader Replaying proof FreeConditions[FreeConditions::assertions0()].JML normal_behavior operation contract.0 
15633      DEBUG main            d.u.i.k.p.i.IntermediateProofReplayer Proof replay took 15.6ns 
15736      INFO  main            d.u.i.k.p.r.p.TestFile    ... finished proof: closed. 
15863      INFO  main            d.u.i.k.p.i.AbstractProblemLoader Loading environment from /home/runner/work/key/key/key.core/../key.ui/examples/heap/block_loop_contracts/Free/assertions0.key.proof 
15864      DEBUG main            d.u.i.k.p.i.AbstractProblemLoader Environment load took 143ns 
15866      INFO  main            d.u.i.k.p.i.AbstractProblemLoader Creating init config 
18419      DEBUG main            d.u.i.k.p.i.AbstractProblemLoader Init config took 2.55s 
18471      INFO  main            d.u.i.k.p.i.AbstractProblemLoader Replaying proof FreeConditions[FreeConditions::assertions0()].JML normal_behavior operation contract.0 
18494      DEBUG main            d.u.i.k.p.i.IntermediateProofReplayer Proof replay took 20.27ms 
18495      DEBUG main            d.u.i.k.p.r.p.TestFile    ... success: reloaded. 
18497      INFO  main            d.u.i.k.p.r.p.TestFile    Now processing file /home/runner/work/key/key/key.core/../key.ui/examples/heap/block_loop_contracts/Free/assertions1.key 
18497      INFO  main            d.u.i.k.p.i.AbstractProblemLoader Loading environment from /home/runner/work/key/key/key.core/../key.ui/examples/heap/block_loop_contracts/Free/assertions1.key 
18498      DEBUG main            d.u.i.k.p.i.AbstractProblemLoader Environment load took 272.8ns 
18499      INFO  main            d.u.i.k.p.i.AbstractProblemLoader Creating init config 
21093      DEBUG main            d.u.i.k.p.i.AbstractProblemLoader Init config took 2.59s 
21143      INFO  main            d.u.i.k.p.i.AbstractProblemLoader Replaying proof FreeConditions[FreeConditions::assertions1()].JML normal_behavior operation contract.0 
21145      DEBUG main            d.u.i.k.p.i.IntermediateProofReplayer Proof replay took 25ns 
21248      INFO  main            d.u.i.k.p.r.p.TestFile    ... finished proof: closed. 
21408      INFO  main            d.u.i.k.p.i.AbstractProblemLoader Loading environment from /home/runner/work/key/key/key.core/../key.ui/examples/heap/block_loop_contracts/Free/assertions1.key.proof 
21408      DEBUG main            d.u.i.k.p.i.AbstractProblemLoader Environment load took 143.2ns 
21411      INFO  main            d.u.i.k.p.i.AbstractProblemLoader Creating init config 
23935      DEBUG main            d.u.i.k.p.i.AbstractProblemLoader Init config took 2.52s 
23982      INFO  main            d.u.i.k.p.i.AbstractProblemLoader Replaying proof FreeConditions[FreeConditions::assertions1()].JML normal_behavior operation contract.0 
23997      DEBUG main            d.u.i.k.p.i.IntermediateProofReplayer Proof replay took 12.34ms 
23999      DEBUG main            d.u.i.k.p.r.p.TestFile    ... success: reloaded. 
24000      INFO  main            d.u.i.k.p.r.p.TestFile    Now processing file /home/runner/work/key/key/key.core/../key.ui/examples/standard_key/java_dl/jml-assert/recursion-assert.key 
24001      INFO  main            d.u.i.k.p.i.AbstractProblemLoader Loading environment from /home/runner/work/key/key/key.core/../key.ui/examples/standard_key/java_dl/jml-assert/recursion-assert.key 
24001      DEBUG main            d.u.i.k.p.i.AbstractProblemLoader Environment load took 115.3ns 
24004      INFO  main            d.u.i.k.p.i.AbstractProblemLoader Creating init config 
26703      DEBUG main            d.u.i.k.p.i.AbstractProblemLoader Init config took 2.7s 
26750      INFO  main            d.u.i.k.p.i.AbstractProblemLoader Replaying proof RecursiveMethod[RecursiveMethod::fac1(int)].JML normal_behavior operation contract.0 
26752      DEBUG main            d.u.i.k.p.i.IntermediateProofReplayer Proof replay took 6.7ns 
27055      INFO  main            d.u.i.k.p.r.p.TestFile    ... finished proof: closed. 
27208      INFO  main            d.u.i.k.p.i.AbstractProblemLoader Loading environment from /home/runner/work/key/key/key.core/../key.ui/examples/standard_key/java_dl/jml-assert/recursion-assert.key.proof 
27209      DEBUG main            d.u.i.k.p.i.AbstractProblemLoader Environment load took 1.31ms 
27210      INFO  main            d.u.i.k.p.i.AbstractProblemLoader Creating init config 
29845      DEBUG main            d.u.i.k.p.i.AbstractProblemLoader Init config took 2.63s 
29892      INFO  main            d.u.i.k.p.i.AbstractProblemLoader Replaying proof RecursiveMethod[RecursiveMethod::fac1(int)].JML normal_behavior operation contract.0 
29931      DEBUG main            d.u.i.k.p.i.IntermediateProofReplayer Proof replay took 36.83ms 
29933      DEBUG main            d.u.i.k.p.r.p.TestFile    ... success: reloaded. 
29934      INFO  main            d.u.i.k.p.r.p.TestFile    Now processing file /home/runner/work/key/key/key.core/../key.ui/examples/standard_key/java_dl/jml-assert/recursion-assume.key 
29934      INFO  main            d.u.i.k.p.i.AbstractProblemLoader Loading environment from /home/runner/work/key/key/key.core/../key.ui/examples/standard_key/java_dl/jml-assert/recursion-assume.key 
29935      DEBUG main            d.u.i.k.p.i.AbstractProblemLoader Environment load took 234.9ns 
29936      INFO  main            d.u.i.k.p.i.AbstractProblemLoader Creating init config 
32563      DEBUG main            d.u.i.k.p.i.AbstractProblemLoader Init config took 2.63s 
32607      INFO  main            d.u.i.k.p.i.AbstractProblemLoader Replaying proof RecursiveMethod[RecursiveMethod::fac2(int)].JML normal_behavior operation contract.0 
32609      DEBUG main            d.u.i.k.p.i.IntermediateProofReplayer Proof replay took 7.1ns 
32815      INFO  main            d.u.i.k.p.r.p.TestFile    ... finished proof: closed. 
32990      INFO  main            d.u.i.k.p.i.AbstractProblemLoader Loading environment from /home/runner/work/key/key/key.core/../key.ui/examples/standard_key/java_dl/jml-assert/recursion-assume.key.proof 
32990      DEBUG main            d.u.i.k.p.i.AbstractProblemLoader Environment load took 142.4ns 
32991      INFO  main            d.u.i.k.p.i.AbstractProblemLoader Creating init config 
35575      DEBUG main            d.u.i.k.p.i.AbstractProblemLoader Init config took 2.58s 
35621      INFO  main            d.u.i.k.p.i.AbstractProblemLoader Replaying proof RecursiveMethod[RecursiveMethod::fac2(int)].JML normal_behavior operation contract.0 
35655      DEBUG main            d.u.i.k.p.i.IntermediateProofReplayer Proof replay took 31.9ms 
35656      DEBUG main            d.u.i.k.p.r.p.TestFile    ... success: reloaded. 
35657      INFO  main            d.u.i.k.p.r.p.TestFile    Now processing file /home/runner/work/key/key/key.core/../key.ui/examples/standard_key/java_dl/jml-assert/quantor-assert.key 
35657      INFO  main            d.u.i.k.p.i.AbstractProblemLoader Loading environment from /home/runner/work/key/key/key.core/../key.ui/examples/standard_key/java_dl/jml-assert/quantor-assert.key 
35657      DEBUG main            d.u.i.k.p.i.AbstractProblemLoader Environment load took 68.7ns 
35658      INFO  main            d.u.i.k.p.i.AbstractProblemLoader Creating init config 
38277      DEBUG main            d.u.i.k.p.i.AbstractProblemLoader Init config took 2.62s 
38360      INFO  main            d.u.i.k.p.i.AbstractProblemLoader Replaying proof Quantor[Quantor::square1(int)].JML normal_behavior operation contract.0 
38363      DEBUG main            d.u.i.k.p.i.IntermediateProofReplayer Proof replay took 8.2ns 
38466      INFO  main            d.u.i.k.p.r.p.TestFile    ... finished proof: closed. 
38651      INFO  main            d.u.i.k.p.i.AbstractProblemLoader Loading environment from /home/runner/work/key/key/key.core/../key.ui/examples/standard_key/java_dl/jml-assert/quantor-assert.key.proof 
38651      DEBUG main            d.u.i.k.p.i.AbstractProblemLoader Environment load took 124.2ns 
38652      INFO  main            d.u.i.k.p.i.AbstractProblemLoader Creating init config 
41215      DEBUG main            d.u.i.k.p.i.AbstractProblemLoader Init config took 2.56s 
41271      INFO  main            d.u.i.k.p.i.AbstractProblemLoader Replaying proof Quantor[Quantor::square1(int)].JML normal_behavior operation contract.0 
41289      DEBUG main            d.u.i.k.p.i.IntermediateProofReplayer Proof replay took 13.98ms 
41291      DEBUG main            d.u.i.k.p.r.p.TestFile    ... success: reloaded. 
41292      INFO  main            d.u.i.k.p.r.p.TestFile    Now processing file /home/runner/work/key/key/key.core/../key.ui/examples/standard_key/java_dl/jml-assert/quantor-assume.key 
41292      INFO  main            d.u.i.k.p.i.AbstractProblemLoader Loading environment from /home/runner/work/key/key/key.core/../key.ui/examples/standard_key/java_dl/jml-assert/quantor-assume.key 
41293      DEBUG main            d.u.i.k.p.i.AbstractProblemLoader Environment load took 229.5ns 
41294      INFO  main            d.u.i.k.p.i.AbstractProblemLoader Creating init config 
43907      DEBUG main            d.u.i.k.p.i.AbstractProblemLoader Init config took 2.61s 
43949      INFO  main            d.u.i.k.p.i.AbstractProblemLoader Replaying proof Quantor[Quantor::square2(int)].JML normal_behavior operation contract.0 
43951      DEBUG main            d.u.i.k.p.i.IntermediateProofReplayer Proof replay took 7.7ns 
44054      INFO  main            d.u.i.k.p.r.p.TestFile    ... finished proof: closed. 
44258      INFO  main            d.u.i.k.p.i.AbstractProblemLoader Loading environment from /home/runner/work/key/key/key.core/../key.ui/examples/standard_key/java_dl/jml-assert/quantor-assume.key.proof 
44259      DEBUG main            d.u.i.k.p.i.AbstractProblemLoader Environment load took 137.9ns 
44260      INFO  main            d.u.i.k.p.i.AbstractProblemLoader Creating init config 
46817      DEBUG main            d.u.i.k.p.i.AbstractProblemLoader Init config took 2.56s 
46857      INFO  main            d.u.i.k.p.i.AbstractProblemLoader Replaying proof Quantor[Quantor::square2(int)].JML normal_behavior operation contract.0 
46870      DEBUG main            d.u.i.k.p.i.IntermediateProofReplayer Proof replay took 11.33ms 
46871      DEBUG main            d.u.i.k.p.r.p.TestFile    ... success: reloaded. 
46872      INFO  main            d.u.i.k.p.r.p.TestFile    Now processing file /home/runner/work/key/key/key.core/../key.ui/examples/standard_key/java_dl/jml-assert/model-methods-static-static.key 
46872      INFO  main            d.u.i.k.p.i.AbstractProblemLoader Loading environment from /home/runner/work/key/key/key.core/../key.ui/examples/standard_key/java_dl/jml-assert/model-methods-static-static.key 
46872      DEBUG main            d.u.i.k.p.i.AbstractProblemLoader Environment load took 143.2ns 
46873      INFO  main            d.u.i.k.p.i.AbstractProblemLoader Creating init config 
49473      DEBUG main            d.u.i.k.p.i.AbstractProblemLoader Init config took 2.6s 
49513      INFO  main            d.u.i.k.p.i.AbstractProblemLoader Replaying proof ModelMethods[ModelMethods::test1()].JML normal_behavior operation contract.0 
49514      DEBUG main            d.u.i.k.p.i.IntermediateProofReplayer Proof replay took 6.9ns 
49618      INFO  main            d.u.i.k.p.r.p.TestFile    ... finished proof: closed. 
49802      INFO  main            d.u.i.k.p.i.AbstractProblemLoader Loading environment from /home/runner/work/key/key/key.core/../key.ui/examples/standard_key/java_dl/jml-assert/model-methods-static-static.key.proof 
49802      DEBUG main            d.u.i.k.p.i.AbstractProblemLoader Environment load took 127.8ns 
49803      INFO  main            d.u.i.k.p.i.AbstractProblemLoader Creating init config 
52381      DEBUG main            d.u.i.k.p.i.AbstractProblemLoader Init config took 2.58s 
52420      INFO  main            d.u.i.k.p.i.AbstractProblemLoader Replaying proof ModelMethods[ModelMethods::test1()].JML normal_behavior operation contract.0 
52427      DEBUG main            d.u.i.k.p.i.IntermediateProofReplayer Proof replay took 5.74ms 
52428      DEBUG main            d.u.i.k.p.r.p.TestFile    ... success: reloaded. 
52429      INFO  main            d.u.i.k.p.r.p.TestFile    Now processing file /home/runner/work/key/key/key.core/../key.ui/examples/standard_key/java_dl/jml-assert/model-methods-instance-static.key 
52430      INFO  main            d.u.i.k.p.i.AbstractProblemLoader Loading environment from /home/runner/work/key/key/key.core/../key.ui/examples/standard_key/java_dl/jml-assert/model-methods-instance-static.key 
52430      DEBUG main            d.u.i.k.p.i.AbstractProblemLoader Environment load took 107.1ns 
52431      INFO  main            d.u.i.k.p.i.AbstractProblemLoader Creating init config 
55031      DEBUG main            d.u.i.k.p.i.AbstractProblemLoader Init config took 2.6s 
55070      INFO  main            d.u.i.k.p.i.AbstractProblemLoader Replaying proof ModelMethods[ModelMethods::test2()].JML normal_behavior operation contract.0 
55071      DEBUG main            d.u.i.k.p.i.IntermediateProofReplayer Proof replay took 8.3ns 
55175      INFO  main            d.u.i.k.p.r.p.TestFile    ... finished proof: closed. 
55371      INFO  main            d.u.i.k.p.i.AbstractProblemLoader Loading environment from /home/runner/work/key/key/key.core/../key.ui/examples/standard_key/java_dl/jml-assert/model-methods-instance-static.key.proof 
55371      DEBUG main            d.u.i.k.p.i.AbstractProblemLoader Environment load took 126.6ns 
55373      INFO  main            d.u.i.k.p.i.AbstractProblemLoader Creating init config 
57927      DEBUG main            d.u.i.k.p.i.AbstractProblemLoader Init config took 2.55s 
57993      INFO  main            d.u.i.k.p.i.AbstractProblemLoader Replaying proof ModelMethods[ModelMethods::test2()].JML normal_behavior operation contract.0 
58009      DEBUG main            d.u.i.k.p.i.IntermediateProofReplayer Proof replay took 11.13ms 
58011      DEBUG main            d.u.i.k.p.r.p.TestFile    ... success: reloaded. 
58013      INFO  main            d.u.i.k.p.r.p.TestFile    Now processing file /home/runner/work/key/key/key.core/../key.ui/examples/standard_key/java_dl/jml-assert/model-methods-instance-instance.key 
58013      INFO  main            d.u.i.k.p.i.AbstractProblemLoader Loading environment from /home/runner/work/key/key/key.core/../key.ui/examples/standard_key/java_dl/jml-assert/model-methods-instance-instance.key 
58014      DEBUG main            d.u.i.k.p.i.AbstractProblemLoader Environment load took 626.11ns 
58015      INFO  main            d.u.i.k.p.i.AbstractProblemLoader Creating init config 
60589      DEBUG main            d.u.i.k.p.i.AbstractProblemLoader Init config took 2.57s 
60648      INFO  main            d.u.i.k.p.i.AbstractProblemLoader Replaying proof ModelMethods[ModelMethods::test3()].JML normal_behavior operation contract.0 
60649      DEBUG main            d.u.i.k.p.i.IntermediateProofReplayer Proof replay took 6.8ns 
60754      INFO  main            d.u.i.k.p.r.p.TestFile    ... finished proof: closed. 
60950      INFO  main            d.u.i.k.p.i.AbstractProblemLoader Loading environment from /home/runner/work/key/key/key.core/../key.ui/examples/standard_key/java_dl/jml-assert/model-methods-instance-instance.key.proof 
60950      DEBUG main            d.u.i.k.p.i.AbstractProblemLoader Environment load took 127.2ns 
60951      INFO  main            d.u.i.k.p.i.AbstractProblemLoader Creating init config 
63455      DEBUG main            d.u.i.k.p.i.AbstractProblemLoader Init config took 2.5s 
63492      INFO  main            d.u.i.k.p.i.AbstractProblemLoader Replaying proof ModelMethods[ModelMethods::test3()].JML normal_behavior operation contract.0 
63503      DEBUG main            d.u.i.k.p.i.IntermediateProofReplayer Proof replay took 9.13ms 
63504      DEBUG main            d.u.i.k.p.r.p.TestFile    ... success: reloaded. 
63505      INFO  main            d.u.i.k.p.r.p.TestFile    Now processing file /home/runner/work/key/key/key.core/../key.ui/examples/standard_key/java_dl/jml-assert/model-methods-static-instance.key 
63506      INFO  main            d.u.i.k.p.i.AbstractProblemLoader Loading environment from /home/runner/work/key/key/key.core/../key.ui/examples/standard_key/java_dl/jml-assert/model-methods-static-instance.key 
63506      DEBUG main            d.u.i.k.p.i.AbstractProblemLoader Environment load took 243.2ns 
63507      INFO  main            d.u.i.k.p.i.AbstractProblemLoader Creating init config 
66050      DEBUG main            d.u.i.k.p.i.AbstractProblemLoader Init config took 2.54s 
66087      INFO  main            d.u.i.k.p.i.AbstractProblemLoader Replaying proof ModelMethods[ModelMethods::test4()].JML normal_behavior operation contract.0 
66089      DEBUG main            d.u.i.k.p.i.IntermediateProofReplayer Proof replay took 7ns 
66191      INFO  main            d.u.i.k.p.r.p.TestFile    ... finished proof: closed. 
66422      INFO  main            d.u.i.k.p.i.AbstractProblemLoader Loading environment from /home/runner/work/key/key/key.core/../key.ui/examples/standard_key/java_dl/jml-assert/model-methods-static-instance.key.proof 
66422      DEBUG main            d.u.i.k.p.i.AbstractProblemLoader Environment load took 129ns 
66423      INFO  main            d.u.i.k.p.i.AbstractProblemLoader Creating init config 
68968      DEBUG main            d.u.i.k.p.i.AbstractProblemLoader Init config took 2.55s 
69008      INFO  main            d.u.i.k.p.i.AbstractProblemLoader Replaying proof ModelMethods[ModelMethods::test4()].JML normal_behavior operation contract.0 
69036      DEBUG main            d.u.i.k.p.i.IntermediateProofReplayer Proof replay took 25.48ms 
69037      DEBUG main            d.u.i.k.p.r.p.TestFile    ... success: reloaded. 
69038      INFO  main            d.u.i.k.p.r.p.TestFile    Now processing file /home/runner/work/key/key/key.core/../key.ui/examples/standard_key/java_dl/jml-assert/assert-old/inc-field.key 
69038      INFO  main            d.u.i.k.p.i.AbstractProblemLoader Loading environment from /home/runner/work/key/key/key.core/../key.ui/examples/standard_key/java_dl/jml-assert/assert-old/inc-field.key 
69038      DEBUG main            d.u.i.k.p.i.AbstractProblemLoader Environment load took 103.5ns 
69039      INFO  main            d.u.i.k.p.i.AbstractProblemLoader Creating init config 
71497      DEBUG main            d.u.i.k.p.i.AbstractProblemLoader Init config took 2.46s 
71541      INFO  main            d.u.i.k.p.i.AbstractProblemLoader Replaying proof Inc[Inc::inc_field()].JML normal_behavior operation contract.0 
71543      DEBUG main            d.u.i.k.p.i.IntermediateProofReplayer Proof replay took 7.6ns 
71745      INFO  main            d.u.i.k.p.r.p.TestFile    ... finished proof: closed. 
71970      INFO  main            d.u.i.k.p.i.AbstractProblemLoader Loading environment from /home/runner/work/key/key/key.core/../key.ui/examples/standard_key/java_dl/jml-assert/assert-old/inc-field.key.proof 
71970      DEBUG main            d.u.i.k.p.i.AbstractProblemLoader Environment load took 129.6ns 
71971      INFO  main            d.u.i.k.p.i.AbstractProblemLoader Creating init config 
74378      DEBUG main            d.u.i.k.p.i.AbstractProblemLoader Init config took 2.41s 
74413      INFO  main            d.u.i.k.p.i.AbstractProblemLoader Replaying proof Inc[Inc::inc_field()].JML normal_behavior operation contract.0 
74438      DEBUG main            d.u.i.k.p.i.IntermediateProofReplayer Proof replay took 23.06ms 
74439      DEBUG main            d.u.i.k.p.r.p.TestFile    ... success: reloaded. 
74440      INFO  main            d.u.i.k.p.r.p.TestFile    Now processing file /home/runner/work/key/key/key.core/../key.ui/examples/standard_key/java_dl/jml-assert/assert-old/inc-parameter.key 
74440      INFO  main            d.u.i.k.p.i.AbstractProblemLoader Loading environment from /home/runner/work/key/key/key.core/../key.ui/examples/standard_key/java_dl/jml-assert/assert-old/inc-parameter.key 
74440      DEBUG main            d.u.i.k.p.i.AbstractProblemLoader Environment load took 102.4ns 
74441      INFO  main            d.u.i.k.p.i.AbstractProblemLoader Creating init config 
76955      DEBUG main            d.u.i.k.p.i.AbstractProblemLoader Init config took 2.51s 
76991      INFO  main            d.u.i.k.p.i.AbstractProblemLoader Replaying proof Inc[Inc::inc_parameter(int)].JML normal_behavior operation contract.0 
76992      DEBUG main            d.u.i.k.p.i.IntermediateProofReplayer Proof replay took 7.7ns 
77094      INFO  main            d.u.i.k.p.r.p.TestFile    ... finished proof: closed. 
77311      INFO  main            d.u.i.k.p.i.AbstractProblemLoader Loading environment from /home/runner/work/key/key/key.core/../key.ui/examples/standard_key/java_dl/jml-assert/assert-old/inc-parameter.key.proof 
77312      DEBUG main            d.u.i.k.p.i.AbstractProblemLoader Environment load took 127ns 
77312      INFO  main            d.u.i.k.p.i.AbstractProblemLoader Creating init config 
79724      DEBUG main            d.u.i.k.p.i.AbstractProblemLoader Init config took 2.41s 
79759      INFO  main            d.u.i.k.p.i.AbstractProblemLoader Replaying proof Inc[Inc::inc_parameter(int)].JML normal_behavior operation contract.0 
79772      DEBUG main            d.u.i.k.p.i.IntermediateProofReplayer Proof replay took 11.38ms 
79774      DEBUG main            d.u.i.k.p.r.p.TestFile    ... success: reloaded. 
79775      INFO  main            d.u.i.k.p.r.p.TestFile    Now processing file /home/runner/work/key/key/key.core/../key.ui/examples/standard_key/java_dl/jml-assert/assert-old/inc-parameter-field.key 
79775      INFO  main            d.u.i.k.p.i.AbstractProblemLoader Loading environment from /home/runner/work/key/key/key.core/../key.ui/examples/standard_key/java_dl/jml-assert/assert-old/inc-parameter-field.key 
79775      DEBUG main            d.u.i.k.p.i.AbstractProblemLoader Environment load took 228.4ns 
79776      INFO  main            d.u.i.k.p.i.AbstractProblemLoader Creating init config 
82275      DEBUG main            d.u.i.k.p.i.AbstractProblemLoader Init config took 2.5s 
82309      INFO  main            d.u.i.k.p.i.AbstractProblemLoader Replaying proof Inc[Inc::inc_parameter_field(Inc)].JML normal_behavior operation contract.0 
82310      DEBUG main            d.u.i.k.p.i.IntermediateProofReplayer Proof replay took 7.4ns 
82515      INFO  main            d.u.i.k.p.r.p.TestFile    ... finished proof: closed. 
82742      INFO  main            d.u.i.k.p.i.AbstractProblemLoader Loading environment from /home/runner/work/key/key/key.core/../key.ui/examples/standard_key/java_dl/jml-assert/assert-old/inc-parameter-field.key.proof 
82742      DEBUG main            d.u.i.k.p.i.AbstractProblemLoader Environment load took 121.3ns 
82743      INFO  main            d.u.i.k.p.i.AbstractProblemLoader Creating init config 
85130      DEBUG main            d.u.i.k.p.i.AbstractProblemLoader Init config took 2.39s 
85164      INFO  main            d.u.i.k.p.i.AbstractProblemLoader Replaying proof Inc[Inc::inc_parameter_field(Inc)].JML normal_behavior operation contract.0 
85190      DEBUG main            d.u.i.k.p.i.IntermediateProofReplayer Proof replay took 24.1ms 
85191      DEBUG main            d.u.i.k.p.r.p.TestFile    ... success: reloaded. 
85192      INFO  main            d.u.i.k.p.r.p.TestFile    Now processing file /home/runner/work/key/key/key.core/../key.ui/examples/standard_key/java_dl/jml-assert/assert-old/inc-ghost-field.key 
85192      INFO  main            d.u.i.k.p.i.AbstractProblemLoader Loading environment from /home/runner/work/key/key/key.core/../key.ui/examples/standard_key/java_dl/jml-assert/assert-old/inc-ghost-field.key 
85192      DEBUG main            d.u.i.k.p.i.AbstractProblemLoader Environment load took 83.7ns 
85193      INFO  main            d.u.i.k.p.i.AbstractProblemLoader Creating init config 
87695      DEBUG main            d.u.i.k.p.i.AbstractProblemLoader Init config took 2.5s 
87729      INFO  main            d.u.i.k.p.i.AbstractProblemLoader Replaying proof Inc[Inc::inc_ghost_field()].JML normal_behavior operation contract.0 
87730      DEBUG main            d.u.i.k.p.i.IntermediateProofReplayer Proof replay took 8.5ns 
87834      INFO  main            d.u.i.k.p.r.p.TestFile    ... finished proof: closed. 
88064      INFO  main            d.u.i.k.p.i.AbstractProblemLoader Loading environment from /home/runner/work/key/key/key.core/../key.ui/examples/standard_key/java_dl/jml-assert/assert-old/inc-ghost-field.key.proof 
88064      DEBUG main            d.u.i.k.p.i.AbstractProblemLoader Environment load took 122.9ns 
88065      INFO  main            d.u.i.k.p.i.AbstractProblemLoader Creating init config 
90455      DEBUG main            d.u.i.k.p.i.AbstractProblemLoader Init config took 2.39s 
90489      INFO  main            d.u.i.k.p.i.AbstractProblemLoader Replaying proof Inc[Inc::inc_ghost_field()].JML normal_behavior operation contract.0 
90511      DEBUG main            d.u.i.k.p.i.IntermediateProofReplayer Proof replay took 20.14ms 
90512      DEBUG main            d.u.i.k.p.r.p.TestFile    ... success: reloaded. 
737406     INFO  Test worker     d.u.i.k.p.r.RunAllProofsTestUnit Returning from test jmlAsserts 
737407     INFO  Test worker     d.u.i.k.p.r.RunAllProofsTestUnit Running test javaCard 
314        INFO  Timeout watchdog d.u.i.k.p.r.p.ForkedTestFileRunner Timeout watcher launched (2000 secs.) 
319        WARN  main            d.u.i.k.s.ProofSettings   The settings in /home/runner/.key/proof-settings.props are *not* read. 
347        INFO  main            d.u.i.k.p.r.p.TestFile    Now processing file /home/runner/work/key/key/key.core/../key.ui/examples/heap/javacard/updateBalance0.key 
459        INFO  main            d.u.i.k.p.i.AbstractProblemLoader Loading environment from /home/runner/work/key/key/key.core/../key.ui/examples/heap/javacard/updateBalance0.key 
476        DEBUG main            d.u.i.k.p.i.AbstractProblemLoader Environment load took 1.99ms 
701        INFO  main            d.u.i.k.p.i.AbstractProblemLoader Creating init config 
1594       DEBUG main            d.u.i.k.j.TypeConverter   No LDT found for Meta 
1595       DEBUG main            d.u.i.k.j.TypeConverter   No LDT found for Meta 
1601       DEBUG main            d.u.i.k.j.TypeConverter   No LDT found for Meta 
1602       DEBUG main            d.u.i.k.j.TypeConverter   No LDT found for Meta 
3005       DEBUG main            d.u.i.k.j.TypeConverter   No LDT found for JavaBigintExpression 
6937       DEBUG main            d.u.i.k.p.i.AbstractProblemLoader Init config took 6.24s 
7075       INFO  main            d.u.i.k.p.i.AbstractProblemLoader Replaying proof Examples[Examples::updateBalance(short)].JML normal_behavior operation contract.0 
7111       DEBUG main            d.u.i.k.p.i.IntermediateProofReplayer Proof replay took 34.2ns 
8645       INFO  main            d.u.i.k.p.r.p.TestFile    ... finished proof: closed. 
8778       INFO  main            d.u.i.k.p.i.AbstractProblemLoader Loading environment from /home/runner/work/key/key/key.core/../key.ui/examples/heap/javacard/updateBalance0.key.proof 
8779       DEBUG main            d.u.i.k.p.i.AbstractProblemLoader Environment load took 567.51ns 
8781       INFO  main            d.u.i.k.p.i.AbstractProblemLoader Creating init config 
10611      DEBUG main            d.u.i.k.p.i.AbstractProblemLoader Init config took 1.83s 
10689      INFO  main            d.u.i.k.p.i.AbstractProblemLoader Replaying proof Examples[Examples::updateBalance(short)].JML normal_behavior operation contract.0 
10829      DEBUG main            d.u.i.k.p.i.IntermediateProofReplayer Proof replay took 131.36ms 
10837      DEBUG main            d.u.i.k.p.r.p.TestFile    ... success: reloaded. 
10842      INFO  main            d.u.i.k.p.r.p.TestFile    Now processing file /home/runner/work/key/key/key.core/../key.ui/examples/heap/javacard/updateBalance1.key 
10842      INFO  main            d.u.i.k.p.i.AbstractProblemLoader Loading environment from /home/runner/work/key/key/key.core/../key.ui/examples/heap/javacard/updateBalance1.key 
10843      DEBUG main            d.u.i.k.p.i.AbstractProblemLoader Environment load took 683.71ns 
10845      INFO  main            d.u.i.k.p.i.AbstractProblemLoader Creating init config 
12615      DEBUG main            d.u.i.k.p.i.AbstractProblemLoader Init config took 1.77s 
12666      INFO  main            d.u.i.k.p.i.AbstractProblemLoader Replaying proof Examples[Examples::updateBalance(short)].JML normal_behavior operation contract.1 
12668      DEBUG main            d.u.i.k.p.i.IntermediateProofReplayer Proof replay took 6.6ns 
13278      INFO  main            d.u.i.k.p.r.p.TestFile    ... finished proof: closed. 
13390      INFO  main            d.u.i.k.p.i.AbstractProblemLoader Loading environment from /home/runner/work/key/key/key.core/../key.ui/examples/heap/javacard/updateBalance1.key.proof 
13392      DEBUG main            d.u.i.k.p.i.AbstractProblemLoader Environment load took 1.37ms 
13394      INFO  main            d.u.i.k.p.i.AbstractProblemLoader Creating init config 
15118      DEBUG main            d.u.i.k.p.i.AbstractProblemLoader Init config took 1.72s 
15184      INFO  main            d.u.i.k.p.i.AbstractProblemLoader Replaying proof Examples[Examples::updateBalance(short)].JML normal_behavior operation contract.1 
15281      DEBUG main            d.u.i.k.p.i.IntermediateProofReplayer Proof replay took 92.62ms 
15284      DEBUG main            d.u.i.k.p.r.p.TestFile    ... success: reloaded. 
15287      INFO  main            d.u.i.k.p.r.p.TestFile    Now processing file /home/runner/work/key/key/key.core/../key.ui/examples/heap/javacard/setArray1.key 
15287      INFO  main            d.u.i.k.p.i.AbstractProblemLoader Loading environment from /home/runner/work/key/key/key.core/../key.ui/examples/heap/javacard/setArray1.key 
15288      DEBUG main            d.u.i.k.p.i.AbstractProblemLoader Environment load took 275.9ns 
15289      INFO  main            d.u.i.k.p.i.AbstractProblemLoader Creating init config 
17002      DEBUG main            d.u.i.k.p.i.AbstractProblemLoader Init config took 1.71s 
17043      INFO  main            d.u.i.k.p.i.AbstractProblemLoader Replaying proof Examples[Examples::setArray1([B)].JML normal_behavior operation contract.0 
17045      DEBUG main            d.u.i.k.p.i.IntermediateProofReplayer Proof replay took 6.2ns 
18051      INFO  main            d.u.i.k.p.r.p.TestFile    ... finished proof: closed. 
18190      INFO  main            d.u.i.k.p.i.AbstractProblemLoader Loading environment from /home/runner/work/key/key/key.core/../key.ui/examples/heap/javacard/setArray1.key.proof 
18191      DEBUG main            d.u.i.k.p.i.AbstractProblemLoader Environment load took 721.51ns 
18193      INFO  main            d.u.i.k.p.i.AbstractProblemLoader Creating init config 
19818      DEBUG main            d.u.i.k.p.i.AbstractProblemLoader Init config took 1.63s 
19860      INFO  main            d.u.i.k.p.i.AbstractProblemLoader Replaying proof Examples[Examples::setArray1([B)].JML normal_behavior operation contract.0 
20026      DEBUG main            d.u.i.k.p.i.IntermediateProofReplayer Proof replay took 157.56ms 
20028      DEBUG main            d.u.i.k.p.r.p.TestFile    ... success: reloaded. 
20031      INFO  main            d.u.i.k.p.r.p.TestFile    Now processing file /home/runner/work/key/key/key.core/../key.ui/examples/heap/javacard/setArray2.key 
20031      INFO  main            d.u.i.k.p.i.AbstractProblemLoader Loading environment from /home/runner/work/key/key/key.core/../key.ui/examples/heap/javacard/setArray2.key 
20031      DEBUG main            d.u.i.k.p.i.AbstractProblemLoader Environment load took 251.5ns 
20033      INFO  main            d.u.i.k.p.i.AbstractProblemLoader Creating init config 
21749      DEBUG main            d.u.i.k.p.i.AbstractProblemLoader Init config took 1.72s 
21790      INFO  main            d.u.i.k.p.i.AbstractProblemLoader Replaying proof Examples[Examples::setArray2([B)].JML normal_behavior operation contract.0 
21792      DEBUG main            d.u.i.k.p.i.IntermediateProofReplayer Proof replay took 6.9ns 
22918      INFO  main            d.u.i.k.p.r.p.TestFile    ... finished proof: closed. 
23053      INFO  main            d.u.i.k.p.i.AbstractProblemLoader Loading environment from /home/runner/work/key/key/key.core/../key.ui/examples/heap/javacard/setArray2.key.proof 
23054      DEBUG main            d.u.i.k.p.i.AbstractProblemLoader Environment load took 497.01ns 
23055      INFO  main            d.u.i.k.p.i.AbstractProblemLoader Creating init config 
24709      DEBUG main            d.u.i.k.p.i.AbstractProblemLoader Init config took 1.65s 
24754      INFO  main            d.u.i.k.p.i.AbstractProblemLoader Replaying proof Examples[Examples::setArray2([B)].JML normal_behavior operation contract.0 
24961      DEBUG main            d.u.i.k.p.i.IntermediateProofReplayer Proof replay took 197.67ms 
24974      DEBUG main            d.u.i.k.p.r.p.TestFile    ... success: reloaded. 
24977      INFO  main            d.u.i.k.p.r.p.TestFile    Now processing file /home/runner/work/key/key/key.core/../key.ui/examples/heap/javacard/arrayFillNonAtomic.key 
24978      INFO  main            d.u.i.k.p.i.AbstractProblemLoader Loading environment from /home/runner/work/key/key/key.core/../key.ui/examples/heap/javacard/arrayFillNonAtomic.key 
24978      DEBUG main            d.u.i.k.p.i.AbstractProblemLoader Environment load took 274.9ns 
24979      INFO  main            d.u.i.k.p.i.AbstractProblemLoader Creating init config 
26647      DEBUG main            d.u.i.k.p.i.AbstractProblemLoader Init config took 1.67s 
26704      INFO  main            d.u.i.k.p.i.AbstractProblemLoader Replaying proof javacard.framework.Util[javacard.framework.Util::arrayFillNonAtomic([B,short,short,byte)].JML behavior operation contract.0.transaction_inactive 
26706      DEBUG main            d.u.i.k.p.i.IntermediateProofReplayer Proof replay took 7.8ns 
27520      DEBUG Thread-13       d.u.i.k.l.o.ProgramSV     Match failed: Former match of  SchemaVariable incompatible with  the current match. 
27520      DEBUG Thread-13       d.u.i.k.l.o.ProgramSV     Match failed: Former match of  SchemaVariable incompatible with  the current match. 
28936      DEBUG Thread-13       d.u.i.k.l.o.ProgramSV     Match failed: Former match of  SchemaVariable incompatible with  the current match. 
28937      DEBUG Thread-13       d.u.i.k.l.o.ProgramSV     Match failed: Former match of  SchemaVariable incompatible with  the current match. 
30418      INFO  main            d.u.i.k.p.r.p.TestFile    ... finished proof: closed. 
30586      INFO  main            d.u.i.k.p.i.AbstractProblemLoader Loading environment from /home/runner/work/key/key/key.core/../key.ui/examples/heap/javacard/arrayFillNonAtomic.key.proof 
30590      DEBUG main            d.u.i.k.p.i.AbstractProblemLoader Environment load took 4.01ms 
30593      INFO  main            d.u.i.k.p.i.AbstractProblemLoader Creating init config 
32240      DEBUG main            d.u.i.k.p.i.AbstractProblemLoader Init config took 1.65s 
32300      INFO  main            d.u.i.k.p.i.AbstractProblemLoader Replaying proof javacard.framework.Util[javacard.framework.Util::arrayFillNonAtomic([B,short,short,byte)].JML behavior operation contract.0.transaction_inactive 
32892      DEBUG main            d.u.i.k.p.i.IntermediateProofReplayer Proof replay took 575.86ms 
32893      DEBUG main            d.u.i.k.p.r.p.TestFile    ... success: reloaded. 
32894      INFO  main            d.u.i.k.p.r.p.TestFile    Now processing file /home/runner/work/key/key/key.core/../key.ui/examples/heap/coincidence_count/project.key 
32895      INFO  main            d.u.i.k.p.i.AbstractProblemLoader Loading environment from /home/runner/work/key/key/key.core/../key.ui/examples/heap/coincidence_count/project.key 
32895      DEBUG main            d.u.i.k.p.i.AbstractProblemLoader Environment load took 224.2ns 
32896      INFO  main            d.u.i.k.p.i.AbstractProblemLoader Creating init config 
36399      DEBUG main            d.u.i.k.p.i.AbstractProblemLoader Init config took 3.5s 
36447      INFO  main            d.u.i.k.p.i.AbstractProblemLoader Replaying proof CC[CC::calcCoinIndex([I,[I)].JML normal_behavior operation contract.0 
36451      DEBUG main            d.u.i.k.p.i.IntermediateProofReplayer Proof replay took 7.1ns 
53959      INFO  main            d.u.i.k.p.r.p.TestFile    ... finished proof: closed. 
54269      INFO  main            d.u.i.k.p.i.AbstractProblemLoader Loading environment from /home/runner/work/key/key/key.core/../key.ui/examples/heap/coincidence_count/project.key.proof 
54269      DEBUG main            d.u.i.k.p.i.AbstractProblemLoader Environment load took 510.61ns 
54273      INFO  main            d.u.i.k.p.i.AbstractProblemLoader Creating init config 
56970      DEBUG main            d.u.i.k.p.i.AbstractProblemLoader Init config took 2.7s 
57014      INFO  main            d.u.i.k.p.i.AbstractProblemLoader Replaying proof CC[CC::calcCoinIndex([I,[I)].JML normal_behavior operation contract.0 
57694      DEBUG main            d.u.i.k.p.i.IntermediateProofReplayer Proof replay took 621.28ms 
57698      DEBUG main            d.u.i.k.p.r.p.TestFile    ... success: reloaded. 
57699      INFO  main            d.u.i.k.p.r.p.TestFile    Now processing file /home/runner/work/key/key/key.core/../key.ui/examples/heap/verifyThis11_1_Maximum/project.key 
57700      INFO  main            d.u.i.k.p.i.AbstractProblemLoader Loading environment from /home/runner/work/key/key/key.core/../key.ui/examples/heap/verifyThis11_1_Maximum/project.key 
57700      DEBUG main            d.u.i.k.p.i.AbstractProblemLoader Environment load took 245.9ns 
57701      INFO  main            d.u.i.k.p.i.AbstractProblemLoader Creating init config 
60472      DEBUG main            d.u.i.k.p.i.AbstractProblemLoader Init config took 2.77s 
60514      INFO  main            d.u.i.k.p.i.AbstractProblemLoader Replaying proof Maximum[Maximum::maxIndex([I)].JML normal_behavior operation contract.0 
60516      DEBUG main            d.u.i.k.p.i.IntermediateProofReplayer Proof replay took 6.3ns 
61421      INFO  main            d.u.i.k.p.r.p.TestFile    ... finished proof: closed. 
61670      INFO  main            d.u.i.k.p.i.AbstractProblemLoader Loading environment from /home/runner/work/key/key/key.core/../key.ui/examples/heap/verifyThis11_1_Maximum/project.key.proof 
61671      DEBUG main            d.u.i.k.p.i.AbstractProblemLoader Environment load took 518.31ns 
61672      INFO  main            d.u.i.k.p.i.AbstractProblemLoader Creating init config 
64396      DEBUG main            d.u.i.k.p.i.AbstractProblemLoader Init config took 2.72s 
64449      INFO  main            d.u.i.k.p.i.AbstractProblemLoader Replaying proof Maximum[Maximum::maxIndex([I)].JML normal_behavior operation contract.0 
64583      DEBUG main            d.u.i.k.p.i.IntermediateProofReplayer Proof replay took 122.01ms 
64584      DEBUG main            d.u.i.k.p.r.p.TestFile    ... success: reloaded. 
64585      INFO  main            d.u.i.k.p.r.p.TestFile    Now processing file /home/runner/work/key/key/key.core/../key.ui/examples/heap/fm12_01_LRS/lcp.key 
64585      INFO  main            d.u.i.k.p.i.AbstractProblemLoader Loading environment from /home/runner/work/key/key/key.core/../key.ui/examples/heap/fm12_01_LRS/lcp.key 
64585      DEBUG main            d.u.i.k.p.i.AbstractProblemLoader Environment load took 70ns 
64586      INFO  main            d.u.i.k.p.i.AbstractProblemLoader Creating init config 
67948      DEBUG main            d.u.i.k.p.i.AbstractProblemLoader Init config took 3.36s 
68003      INFO  main            d.u.i.k.p.i.AbstractProblemLoader Replaying proof LCP[LCP::lcp([I,int,int)].JML normal_behavior operation contract.0 
68005      DEBUG main            d.u.i.k.p.i.IntermediateProofReplayer Proof replay took 6.1ns 
68911      INFO  main            d.u.i.k.p.r.p.TestFile    ... finished proof: closed. 
69255      INFO  main            d.u.i.k.p.i.AbstractProblemLoader Loading environment from /home/runner/work/key/key/key.core/../key.ui/examples/heap/fm12_01_LRS/lcp.key.proof 
69256      DEBUG main            d.u.i.k.p.i.AbstractProblemLoader Environment load took 567.11ns 
69257      INFO  main            d.u.i.k.p.i.AbstractProblemLoader Creating init config 
72410      DEBUG main            d.u.i.k.p.i.AbstractProblemLoader Init config took 3.15s 
72467      INFO  main            d.u.i.k.p.i.AbstractProblemLoader Replaying proof LCP[LCP::lcp([I,int,int)].JML normal_behavior operation contract.0 
72610      DEBUG main            d.u.i.k.p.i.IntermediateProofReplayer Proof replay took 137.48ms 
72612      DEBUG main            d.u.i.k.p.r.p.TestFile    ... success: reloaded. 
72614      INFO  main            d.u.i.k.p.r.p.TestFile    Now processing file /home/runner/work/key/key/key.core/../key.ui/examples/heap/SemanticSlicing/project.key 
72614      INFO  main            d.u.i.k.p.i.AbstractProblemLoader Loading environment from /home/runner/work/key/key/key.core/../key.ui/examples/heap/SemanticSlicing/project.key 
72614      DEBUG main            d.u.i.k.p.i.AbstractProblemLoader Environment load took 229.8ns 
72615      INFO  main            d.u.i.k.p.i.AbstractProblemLoader Creating init config 
75480      DEBUG main            d.u.i.k.p.i.AbstractProblemLoader Init config took 2.86s 
75531      INFO  main            d.u.i.k.p.i.AbstractProblemLoader Replaying proof unsatcore_after.competition.postcond5.scope333.LRS[unsatcore_after.competition.postcond5.scope333.LRS::doLRS()].JML operation contract.0 
75533      DEBUG main            d.u.i.k.p.i.IntermediateProofReplayer Proof replay took 6.3ns 
79371      INFO  main            d.u.i.k.p.r.p.TestFile    ... finished proof: closed. 
79653      INFO  main            d.u.i.k.p.i.AbstractProblemLoader Loading environment from /home/runner/work/key/key/key.core/../key.ui/examples/heap/SemanticSlicing/project.key.proof 
79654      DEBUG main            d.u.i.k.p.i.AbstractProblemLoader Environment load took 493.31ns 
79655      INFO  main            d.u.i.k.p.i.AbstractProblemLoader Creating init config 
82445      DEBUG main            d.u.i.k.p.i.AbstractProblemLoader Init config took 2.79s 
82496      INFO  main            d.u.i.k.p.i.AbstractProblemLoader Replaying proof unsatcore_after.competition.postcond5.scope333.LRS[unsatcore_after.competition.postcond5.scope333.LRS::doLRS()].JML operation contract.0 
83074      DEBUG main            d.u.i.k.p.i.IntermediateProofReplayer Proof replay took 566.29ms 
83076      DEBUG main            d.u.i.k.p.r.p.TestFile    ... success: reloaded. 
83077      INFO  main            d.u.i.k.p.r.p.TestFile    Now processing file /home/runner/work/key/key/key.core/../key.ui/examples/heap/information_flow/ArrayList_contains.key 
83077      INFO  main            d.u.i.k.p.i.AbstractProblemLoader Loading environment from /home/runner/work/key/key/key.core/../key.ui/examples/heap/information_flow/ArrayList_contains.key 
83078      DEBUG main            d.u.i.k.p.i.AbstractProblemLoader Environment load took 230.9ns 
83079      INFO  main            d.u.i.k.p.i.AbstractProblemLoader Creating init config 
86096      DEBUG main            d.u.i.k.p.i.AbstractProblemLoader Init config took 3.02s 
86135      INFO  main            d.u.i.k.p.i.AbstractProblemLoader Replaying proof ArrayList[ArrayList::get(int)].JML normal_behavior operation contract.0 
86136      DEBUG main            d.u.i.k.p.i.IntermediateProofReplayer Proof replay took 6.9ns 
86441      INFO  main            d.u.i.k.p.r.p.TestFile    ... finished proof: closed. 
86749      INFO  main            d.u.i.k.p.i.AbstractProblemLoader Loading environment from /home/runner/work/key/key/key.core/../key.ui/examples/heap/information_flow/ArrayList_contains.key.proof 
86749      DEBUG main            d.u.i.k.p.i.AbstractProblemLoader Environment load took 126.1ns 
86750      INFO  main            d.u.i.k.p.i.AbstractProblemLoader Creating init config 
89658      DEBUG main            d.u.i.k.p.i.AbstractProblemLoader Init config took 2.91s 
89699      INFO  main            d.u.i.k.p.i.AbstractProblemLoader Replaying proof ArrayList[ArrayList::get(int)].JML normal_behavior operation contract.0 
89746      DEBUG main            d.u.i.k.p.i.IntermediateProofReplayer Proof replay took 43.32ms 
89748      DEBUG main            d.u.i.k.p.r.p.TestFile    ... success: reloaded. 
89749      INFO  main            d.u.i.k.p.r.p.TestFile    Now processing file /home/runner/work/key/key/key.core/../key.ui/examples/heap/information_flow/ArrayList_get.key 
89749      INFO  main            d.u.i.k.p.i.AbstractProblemLoader Loading environment from /home/runner/work/key/key/key.core/../key.ui/examples/heap/information_flow/ArrayList_get.key 
89749      DEBUG main            d.u.i.k.p.i.AbstractProblemLoader Environment load took 253ns 
89750      INFO  main            d.u.i.k.p.i.AbstractProblemLoader Creating init config 
92721      DEBUG main            d.u.i.k.p.i.AbstractProblemLoader Init config took 2.97s 
92760      INFO  main            d.u.i.k.p.i.AbstractProblemLoader Replaying proof ArrayList[ArrayList::contains(java.lang.Object)].JML normal_behavior operation contract.0 
92761      DEBUG main            d.u.i.k.p.i.IntermediateProofReplayer Proof replay took 6.1ns 
93584      INFO  main            d.u.i.k.p.r.p.TestFile    ... finished proof: closed. 
93844      INFO  main            d.u.i.k.p.i.AbstractProblemLoader Loading environment from /home/runner/work/key/key/key.core/../key.ui/examples/heap/information_flow/ArrayList_get.key.proof 
93845      DEBUG main            d.u.i.k.p.i.AbstractProblemLoader Environment load took 578.91ns 
93846      INFO  main            d.u.i.k.p.i.AbstractProblemLoader Creating init config 
96700      DEBUG main            d.u.i.k.p.i.AbstractProblemLoader Init config took 2.85s 
96738      INFO  main            d.u.i.k.p.i.AbstractProblemLoader Replaying proof ArrayList[ArrayList::contains(java.lang.Object)].JML normal_behavior operation contract.0 
96858      DEBUG main            d.u.i.k.p.i.IntermediateProofReplayer Proof replay took 115.73ms 
96860      DEBUG main            d.u.i.k.p.r.p.TestFile    ... success: reloaded. 
96860      INFO  main            d.u.i.k.p.r.p.TestFile    Now processing file /home/runner/work/key/key/key.core/../key.ui/examples/heap/information_flow/ArrayList_size.key 
96861      INFO  main            d.u.i.k.p.i.AbstractProblemLoader Loading environment from /home/runner/work/key/key/key.core/../key.ui/examples/heap/information_flow/ArrayList_size.key 
96861      DEBUG main            d.u.i.k.p.i.AbstractProblemLoader Environment load took 106.2ns 
96862      INFO  main            d.u.i.k.p.i.AbstractProblemLoader Creating init config 
99827      DEBUG main            d.u.i.k.p.i.AbstractProblemLoader Init config took 2.97s 
99864      INFO  main            d.u.i.k.p.i.AbstractProblemLoader Replaying proof ArrayList[ArrayList::size()].JML normal_behavior operation contract.0 
99866      DEBUG main            d.u.i.k.p.i.IntermediateProofReplayer Proof replay took 6.8ns 
99968      INFO  main            d.u.i.k.p.r.p.TestFile    ... finished proof: closed. 
100235     INFO  main            d.u.i.k.p.i.AbstractProblemLoader Loading environment from /home/runner/work/key/key/key.core/../key.ui/examples/heap/information_flow/ArrayList_size.key.proof 
100235     DEBUG main            d.u.i.k.p.i.AbstractProblemLoader Environment load took 122.8ns 
100236     INFO  main            d.u.i.k.p.i.AbstractProblemLoader Creating init config 
103094     DEBUG main            d.u.i.k.p.i.AbstractProblemLoader Init config took 2.86s 
103132     INFO  main            d.u.i.k.p.i.AbstractProblemLoader Replaying proof ArrayList[ArrayList::size()].JML normal_behavior operation contract.0 
103145     DEBUG main            d.u.i.k.p.i.IntermediateProofReplayer Proof replay took 10.86ms 
103146     DEBUG main            d.u.i.k.p.r.p.TestFile    ... success: reloaded. 
103147     INFO  main            d.u.i.k.p.r.p.TestFile    Now processing file /home/runner/work/key/key/key.core/../key.ui/examples/heap/information_flow/UpdateAbstraction_ex7_3_secure.key 
103147     INFO  main            d.u.i.k.p.i.AbstractProblemLoader Loading environment from /home/runner/work/key/key/key.core/../key.ui/examples/heap/information_flow/UpdateAbstraction_ex7_3_secure.key 
103147     DEBUG main            d.u.i.k.p.i.AbstractProblemLoader Environment load took 245.6ns 
103148     INFO  main            d.u.i.k.p.i.AbstractProblemLoader Creating init config 
106079     DEBUG main            d.u.i.k.p.i.AbstractProblemLoader Init config took 2.93s 
106115     INFO  main            d.u.i.k.p.i.AbstractProblemLoader Replaying proof UpdateAbstraction[UpdateAbstraction::ex7_3_secure()].JML operation contract.0 
106117     DEBUG main            d.u.i.k.p.i.IntermediateProofReplayer Proof replay took 6.5ns 
106319     INFO  main            d.u.i.k.p.r.p.TestFile    ... finished proof: closed. 
106595     INFO  main            d.u.i.k.p.i.AbstractProblemLoader Loading environment from /home/runner/work/key/key/key.core/../key.ui/examples/heap/information_flow/UpdateAbstraction_ex7_3_secure.key.proof 
106595     DEBUG main            d.u.i.k.p.i.AbstractProblemLoader Environment load took 130.5ns 
106596     INFO  main            d.u.i.k.p.i.AbstractProblemLoader Creating init config 
109480     DEBUG main            d.u.i.k.p.i.AbstractProblemLoader Init config took 2.88s 
109515     INFO  main            d.u.i.k.p.i.AbstractProblemLoader Replaying proof UpdateAbstraction[UpdateAbstraction::ex7_3_secure()].JML operation contract.0 
109542     DEBUG main            d.u.i.k.p.i.IntermediateProofReplayer Proof replay took 24.57ms 
109542     DEBUG main            d.u.i.k.p.r.p.TestFile    ... success: reloaded. 
109543     INFO  main            d.u.i.k.p.r.p.TestFile    Now processing file /home/runner/work/key/key/key.core/../key.ui/examples/heap/information_flow/UpdateAbstraction_ex7_4_secure.key 
109543     INFO  main            d.u.i.k.p.i.AbstractProblemLoader Loading environment from /home/runner/work/key/key/key.core/../key.ui/examples/heap/information_flow/UpdateAbstraction_ex7_4_secure.key 
109543     DEBUG main            d.u.i.k.p.i.AbstractProblemLoader Environment load took 57.1ns 
109544     INFO  main            d.u.i.k.p.i.AbstractProblemLoader Creating init config 
112463     DEBUG main            d.u.i.k.p.i.AbstractProblemLoader Init config took 2.92s 
112498     INFO  main            d.u.i.k.p.i.AbstractProblemLoader Replaying proof UpdateAbstraction[UpdateAbstraction::ex7_4_secure()].JML operation contract.0 
112500     DEBUG main            d.u.i.k.p.i.IntermediateProofReplayer Proof replay took 6.6ns 
112703     INFO  main            d.u.i.k.p.r.p.TestFile    ... finished proof: closed. 
112988     INFO  main            d.u.i.k.p.i.AbstractProblemLoader Loading environment from /home/runner/work/key/key/key.core/../key.ui/examples/heap/information_flow/UpdateAbstraction_ex7_4_secure.key.proof 
112988     DEBUG main            d.u.i.k.p.i.AbstractProblemLoader Environment load took 122.7ns 
112989     INFO  main            d.u.i.k.p.i.AbstractProblemLoader Creating init config 
115835     DEBUG main            d.u.i.k.p.i.AbstractProblemLoader Init config took 2.85s 
115873     INFO  main            d.u.i.k.p.i.AbstractProblemLoader Replaying proof UpdateAbstraction[UpdateAbstraction::ex7_4_secure()].JML operation contract.0 
115926     DEBUG main            d.u.i.k.p.i.IntermediateProofReplayer Proof replay took 51.44ms 
115927     DEBUG main            d.u.i.k.p.r.p.TestFile    ... success: reloaded. 
115928     INFO  main            d.u.i.k.p.r.p.TestFile    Now processing file /home/runner/work/key/key/key.core/../key.ui/examples/heap/information_flow/UpdateAbstraction_ex7_5_secure.key 
115928     INFO  main            d.u.i.k.p.i.AbstractProblemLoader Loading environment from /home/runner/work/key/key/key.core/../key.ui/examples/heap/information_flow/UpdateAbstraction_ex7_5_secure.key 
115928     DEBUG main            d.u.i.k.p.i.AbstractProblemLoader Environment load took 100ns 
115929     INFO  main            d.u.i.k.p.i.AbstractProblemLoader Creating init config 
118834     DEBUG main            d.u.i.k.p.i.AbstractProblemLoader Init config took 2.91s 
118870     INFO  main            d.u.i.k.p.i.AbstractProblemLoader Replaying proof UpdateAbstraction[UpdateAbstraction::ex7_5_secure()].JML operation contract.0 
118871     DEBUG main            d.u.i.k.p.i.IntermediateProofReplayer Proof replay took 6.3ns 
118973     INFO  main            d.u.i.k.p.r.p.TestFile    ... finished proof: closed. 
119284     INFO  main            d.u.i.k.p.i.AbstractProblemLoader Loading environment from /home/runner/work/key/key/key.core/../key.ui/examples/heap/information_flow/UpdateAbstraction_ex7_5_secure.key.proof 
119284     DEBUG main            d.u.i.k.p.i.AbstractProblemLoader Environment load took 121ns 
119285     INFO  main            d.u.i.k.p.i.AbstractProblemLoader Creating init config 
122160     DEBUG main            d.u.i.k.p.i.AbstractProblemLoader Init config took 2.88s 
122195     INFO  main            d.u.i.k.p.i.AbstractProblemLoader Replaying proof UpdateAbstraction[UpdateAbstraction::ex7_5_secure()].JML operation contract.0 
122210     DEBUG main            d.u.i.k.p.i.IntermediateProofReplayer Proof replay took 14.01ms 
122211     DEBUG main            d.u.i.k.p.r.p.TestFile    ... success: reloaded. 
122212     INFO  main            d.u.i.k.p.r.p.TestFile    Now processing file /home/runner/work/key/key/key.core/../key.ui/examples/heap/information_flow/UpdateAbstraction_ex7_6_secure.key 
122212     INFO  main            d.u.i.k.p.i.AbstractProblemLoader Loading environment from /home/runner/work/key/key/key.core/../key.ui/examples/heap/information_flow/UpdateAbstraction_ex7_6_secure.key 
122212     DEBUG main            d.u.i.k.p.i.AbstractProblemLoader Environment load took 58.7ns 
122213     INFO  main            d.u.i.k.p.i.AbstractProblemLoader Creating init config 
125094     DEBUG main            d.u.i.k.p.i.AbstractProblemLoader Init config took 2.88s 
125128     INFO  main            d.u.i.k.p.i.AbstractProblemLoader Replaying proof UpdateAbstraction[UpdateAbstraction::ex7_6_secure()].JML operation contract.0 
125129     DEBUG main            d.u.i.k.p.i.IntermediateProofReplayer Proof replay took 6.5ns 
125433     INFO  main            d.u.i.k.p.r.p.TestFile    ... finished proof: closed. 
125741     INFO  main            d.u.i.k.p.i.AbstractProblemLoader Loading environment from /home/runner/work/key/key/key.core/../key.ui/examples/heap/information_flow/UpdateAbstraction_ex7_6_secure.key.proof 
125741     DEBUG main            d.u.i.k.p.i.AbstractProblemLoader Environment load took 126.6ns 
125742     INFO  main            d.u.i.k.p.i.AbstractProblemLoader Creating init config 
128593     DEBUG main            d.u.i.k.p.i.AbstractProblemLoader Init config took 2.85s 
128628     INFO  main            d.u.i.k.p.i.AbstractProblemLoader Replaying proof UpdateAbstraction[UpdateAbstraction::ex7_6_secure()].JML operation contract.0 
128676     DEBUG main            d.u.i.k.p.i.IntermediateProofReplayer Proof replay took 46.09ms 
128677     DEBUG main            d.u.i.k.p.r.p.TestFile    ... success: reloaded. 
128678     INFO  main            d.u.i.k.p.r.p.TestFile    Now processing file /home/runner/work/key/key/key.core/../key.ui/examples/heap/information_flow/UpdateAbstraction_ex9_secure.key 
128678     INFO  main            d.u.i.k.p.i.AbstractProblemLoader Loading environment from /home/runner/work/key/key/key.core/../key.ui/examples/heap/information_flow/UpdateAbstraction_ex9_secure.key 
128678     DEBUG main            d.u.i.k.p.i.AbstractProblemLoader Environment load took 96.6ns 
128679     INFO  main            d.u.i.k.p.i.AbstractProblemLoader Creating init config 
131537     DEBUG main            d.u.i.k.p.i.AbstractProblemLoader Init config took 2.86s 
131571     INFO  main            d.u.i.k.p.i.AbstractProblemLoader Replaying proof UpdateAbstraction[UpdateAbstraction::ex9_secure()].JML operation contract.0 
131572     DEBUG main            d.u.i.k.p.i.IntermediateProofReplayer Proof replay took 7.2ns 
132508     INFO  main            d.u.i.k.p.r.p.TestFile    ... finished proof: closed. 
132813     INFO  main            d.u.i.k.p.i.AbstractProblemLoader Loading environment from /home/runner/work/key/key/key.core/../key.ui/examples/heap/information_flow/UpdateAbstraction_ex9_secure.key.proof 
132814     DEBUG main            d.u.i.k.p.i.AbstractProblemLoader Environment load took 121.4ns 
132815     INFO  main            d.u.i.k.p.i.AbstractProblemLoader Creating init config 
135657     DEBUG main            d.u.i.k.p.i.AbstractProblemLoader Init config took 2.84s 
135691     INFO  main            d.u.i.k.p.i.AbstractProblemLoader Replaying proof UpdateAbstraction[UpdateAbstraction::ex9_secure()].JML operation contract.0 
135829     DEBUG main            d.u.i.k.p.i.IntermediateProofReplayer Proof replay took 134.42ms 
135830     DEBUG main            d.u.i.k.p.r.p.TestFile    ... success: reloaded. 
873434     INFO  Test worker     d.u.i.k.p.r.RunAllProofsTestUnit Returning from test javaCard 
873438     INFO  Test worker     d.u.i.k.p.r.RunAllProofsTestUnit Running test list 
359        INFO  Timeout watchdog d.u.i.k.p.r.p.ForkedTestFileRunner Timeout watcher launched (2000 secs.) 
376        WARN  main            d.u.i.k.s.ProofSettings   The settings in /home/runner/.key/proof-settings.props are *not* read. 
409        INFO  main            d.u.i.k.p.r.p.TestFile    Now processing file /home/runner/work/key/key/key.core/../key.ui/examples/heap/list/ArrayList_add.key 
525        INFO  main            d.u.i.k.p.i.AbstractProblemLoader Loading environment from /home/runner/work/key/key/key.core/../key.ui/examples/heap/list/ArrayList_add.key 
541        DEBUG main            d.u.i.k.p.i.AbstractProblemLoader Environment load took 1.97ms 
768        INFO  main            d.u.i.k.p.i.AbstractProblemLoader Creating init config 
1758       DEBUG main            d.u.i.k.j.TypeConverter   No LDT found for Meta 
1758       DEBUG main            d.u.i.k.j.TypeConverter   No LDT found for Meta 
1760       DEBUG main            d.u.i.k.j.TypeConverter   No LDT found for Meta 
1760       DEBUG main            d.u.i.k.j.TypeConverter   No LDT found for Meta 
3229       DEBUG main            d.u.i.k.j.TypeConverter   No LDT found for JavaBigintExpression 
6234       DEBUG main            d.u.i.k.j.r.ClassPreparationMethodBuilder clPrepBuilder: Inner Class detected. Reject building class initialisation methods. 
8902       DEBUG main            d.u.i.k.p.i.AbstractProblemLoader Init config took 8.13s 
9063       INFO  main            d.u.i.k.p.i.AbstractProblemLoader Replaying proof ArrayList[List::add(java.lang.Object)].JML normal_behavior operation contract.0 
9096       DEBUG main            d.u.i.k.p.i.IntermediateProofReplayer Proof replay took 35ns 
14950      INFO  main            d.u.i.k.p.r.p.TestFile    ... finished proof: closed. 
15144      INFO  main            d.u.i.k.p.i.AbstractProblemLoader Loading environment from /home/runner/work/key/key/key.core/../key.ui/examples/heap/list/ArrayList_add.key.proof 
15144      DEBUG main            d.u.i.k.p.i.AbstractProblemLoader Environment load took 573.31ns 
15151      INFO  main            d.u.i.k.p.i.AbstractProblemLoader Creating init config 
16419      DEBUG main            d.u.i.k.j.r.ClassPreparationMethodBuilder clPrepBuilder: Inner Class detected. Reject building class initialisation methods. 
18788      DEBUG main            d.u.i.k.p.i.AbstractProblemLoader Init config took 3.64s 
18881      INFO  main            d.u.i.k.p.i.AbstractProblemLoader Replaying proof ArrayList[List::add(java.lang.Object)].JML normal_behavior operation contract.0 
19562      DEBUG main            d.u.i.k.p.i.IntermediateProofReplayer Proof replay took 652.42ms 
19572      DEBUG main            d.u.i.k.p.r.p.TestFile    ... success: reloaded. 
19576      INFO  main            d.u.i.k.p.r.p.TestFile    Now processing file /home/runner/work/key/key/key.core/../key.ui/examples/heap/list/ArrayList_ArrayList.key 
19576      INFO  main            d.u.i.k.p.i.AbstractProblemLoader Loading environment from /home/runner/work/key/key/key.core/../key.ui/examples/heap/list/ArrayList_ArrayList.key 
19576      DEBUG main            d.u.i.k.p.i.AbstractProblemLoader Environment load took 318.4ns 
19582      INFO  main            d.u.i.k.p.i.AbstractProblemLoader Creating init config 
20739      DEBUG main            d.u.i.k.j.r.ClassPreparationMethodBuilder clPrepBuilder: Inner Class detected. Reject building class initialisation methods. 
22980      DEBUG main            d.u.i.k.p.i.AbstractProblemLoader Init config took 3.4s 
23046      INFO  main            d.u.i.k.p.i.AbstractProblemLoader Replaying proof ArrayList[ArrayList::ArrayList()].JML normal_behavior operation contract.0 
23049      DEBUG main            d.u.i.k.p.i.IntermediateProofReplayer Proof replay took 26.4ns 
24758      INFO  main            d.u.i.k.p.r.p.TestFile    ... finished proof: closed. 
24933      INFO  main            d.u.i.k.p.i.AbstractProblemLoader Loading environment from /home/runner/work/key/key/key.core/../key.ui/examples/heap/list/ArrayList_ArrayList.key.proof 
24934      DEBUG main            d.u.i.k.p.i.AbstractProblemLoader Environment load took 889.31ns 
24936      INFO  main            d.u.i.k.p.i.AbstractProblemLoader Creating init config 
25972      DEBUG main            d.u.i.k.j.r.ClassPreparationMethodBuilder clPrepBuilder: Inner Class detected. Reject building class initialisation methods. 
28205      DEBUG main            d.u.i.k.p.i.AbstractProblemLoader Init config took 3.27s 
28264      INFO  main            d.u.i.k.p.i.AbstractProblemLoader Replaying proof ArrayList[ArrayList::ArrayList()].JML normal_behavior operation contract.0 
28440      DEBUG main            d.u.i.k.p.i.IntermediateProofReplayer Proof replay took 164.9ms 
28441      DEBUG main            d.u.i.k.p.r.p.TestFile    ... success: reloaded. 
28443      INFO  main            d.u.i.k.p.r.p.TestFile    Now processing file /home/runner/work/key/key/key.core/../key.ui/examples/heap/list/ArrayList_concatenate.key 
28443      INFO  main            d.u.i.k.p.i.AbstractProblemLoader Loading environment from /home/runner/work/key/key/key.core/../key.ui/examples/heap/list/ArrayList_concatenate.key 
28443      DEBUG main            d.u.i.k.p.i.AbstractProblemLoader Environment load took 253.8ns 
28445      INFO  main            d.u.i.k.p.i.AbstractProblemLoader Creating init config 
29512      DEBUG main            d.u.i.k.j.r.ClassPreparationMethodBuilder clPrepBuilder: Inner Class detected. Reject building class initialisation methods. 
31687      DEBUG main            d.u.i.k.p.i.AbstractProblemLoader Init config took 3.24s 
31747      INFO  main            d.u.i.k.p.i.AbstractProblemLoader Replaying proof ArrayList[List::concatenate(List)].JML normal_behavior operation contract.0 
31749      DEBUG main            d.u.i.k.p.i.IntermediateProofReplayer Proof replay took 7.1ns 
55573      INFO  main            d.u.i.k.p.r.p.TestFile    ... finished proof: closed. 
55843      INFO  main            d.u.i.k.p.i.AbstractProblemLoader Loading environment from /home/runner/work/key/key/key.core/../key.ui/examples/heap/list/ArrayList_concatenate.key.proof 
55843      DEBUG main            d.u.i.k.p.i.AbstractProblemLoader Environment load took 252ns 
55850      INFO  main            d.u.i.k.p.i.AbstractProblemLoader Creating init config 
56888      DEBUG main            d.u.i.k.j.r.ClassPreparationMethodBuilder clPrepBuilder: Inner Class detected. Reject building class initialisation methods. 
59025      DEBUG main            d.u.i.k.p.i.AbstractProblemLoader Init config took 3.17s 
59128      INFO  main            d.u.i.k.p.i.AbstractProblemLoader Replaying proof ArrayList[List::concatenate(List)].JML normal_behavior operation contract.0 
60734      DEBUG main            d.u.i.k.p.i.IntermediateProofReplayer Proof replay took 1.51s 
60739      DEBUG main            d.u.i.k.p.r.p.TestFile    ... success: reloaded. 
60740      INFO  main            d.u.i.k.p.r.p.TestFile    Now processing file /home/runner/work/key/key/key.core/../key.ui/examples/heap/list/ArrayList_contains_dep.key 
60741      INFO  main            d.u.i.k.p.i.AbstractProblemLoader Loading environment from /home/runner/work/key/key/key.core/../key.ui/examples/heap/list/ArrayList_contains_dep.key 
60741      DEBUG main            d.u.i.k.p.i.AbstractProblemLoader Environment load took 181.3ns 
60742      INFO  main            d.u.i.k.p.i.AbstractProblemLoader Creating init config 
61841      DEBUG main            d.u.i.k.j.r.ClassPreparationMethodBuilder clPrepBuilder: Inner Class detected. Reject building class initialisation methods. 
64100      DEBUG main            d.u.i.k.p.i.AbstractProblemLoader Init config took 3.36s 
64187      INFO  main            d.u.i.k.p.i.AbstractProblemLoader Replaying proof ArrayList[List::contains(java.lang.Object)].JML accessible clause.0 
64189      DEBUG main            d.u.i.k.p.i.IntermediateProofReplayer Proof replay took 6.1ns 
66900      INFO  main            d.u.i.k.p.r.p.TestFile    ... finished proof: closed. 
67129      INFO  main            d.u.i.k.p.i.AbstractProblemLoader Loading environment from /home/runner/work/key/key/key.core/../key.ui/examples/heap/list/ArrayList_contains_dep.key.proof 
67130      DEBUG main            d.u.i.k.p.i.AbstractProblemLoader Environment load took 517.11ns 
67131      INFO  main            d.u.i.k.p.i.AbstractProblemLoader Creating init config 
68138      DEBUG main            d.u.i.k.j.r.ClassPreparationMethodBuilder clPrepBuilder: Inner Class detected. Reject building class initialisation methods. 
70278      DEBUG main            d.u.i.k.p.i.AbstractProblemLoader Init config took 3.15s 
70341      INFO  main            d.u.i.k.p.i.AbstractProblemLoader Replaying proof ArrayList[List::contains(java.lang.Object)].JML accessible clause.0 
70650      DEBUG main            d.u.i.k.p.i.IntermediateProofReplayer Proof replay took 293.81ms 
70652      DEBUG main            d.u.i.k.p.r.p.TestFile    ... success: reloaded. 
70654      INFO  main            d.u.i.k.p.r.p.TestFile    Now processing file /home/runner/work/key/key/key.core/../key.ui/examples/heap/list/ArrayList_enlarge.key 
70654      INFO  main            d.u.i.k.p.i.AbstractProblemLoader Loading environment from /home/runner/work/key/key/key.core/../key.ui/examples/heap/list/ArrayList_enlarge.key 
70655      DEBUG main            d.u.i.k.p.i.AbstractProblemLoader Environment load took 245.4ns 
70656      INFO  main            d.u.i.k.p.i.AbstractProblemLoader Creating init config 
71734      DEBUG main            d.u.i.k.j.r.ClassPreparationMethodBuilder clPrepBuilder: Inner Class detected. Reject building class initialisation methods. 
73946      DEBUG main            d.u.i.k.p.i.AbstractProblemLoader Init config took 3.29s 
73998      INFO  main            d.u.i.k.p.i.AbstractProblemLoader Replaying proof ArrayList[ArrayList::enlarge()].JML normal_behavior operation contract.0 
73999      DEBUG main            d.u.i.k.p.i.IntermediateProofReplayer Proof replay took 6.4ns 
76440      INFO  main            d.u.i.k.p.r.p.TestFile    ... finished proof: closed. 
76630      INFO  main            d.u.i.k.p.i.AbstractProblemLoader Loading environment from /home/runner/work/key/key/key.core/../key.ui/examples/heap/list/ArrayList_enlarge.key.proof 
76630      DEBUG main            d.u.i.k.p.i.AbstractProblemLoader Environment load took 512.71ns 
76632      INFO  main            d.u.i.k.p.i.AbstractProblemLoader Creating init config 
77660      DEBUG main            d.u.i.k.j.r.ClassPreparationMethodBuilder clPrepBuilder: Inner Class detected. Reject building class initialisation methods. 
79772      DEBUG main            d.u.i.k.p.i.AbstractProblemLoader Init config took 3.14s 
79823      INFO  main            d.u.i.k.p.i.AbstractProblemLoader Replaying proof ArrayList[ArrayList::enlarge()].JML normal_behavior operation contract.0 
80116      DEBUG main            d.u.i.k.p.i.IntermediateProofReplayer Proof replay took 283.49ms 
80118      DEBUG main            d.u.i.k.p.r.p.TestFile    ... success: reloaded. 
80119      INFO  main            d.u.i.k.p.r.p.TestFile    Now processing file /home/runner/work/key/key/key.core/../key.ui/examples/heap/list/ArrayList_footprint.key 
80120      INFO  main            d.u.i.k.p.i.AbstractProblemLoader Loading environment from /home/runner/work/key/key/key.core/../key.ui/examples/heap/list/ArrayList_footprint.key 
80120      DEBUG main            d.u.i.k.p.i.AbstractProblemLoader Environment load took 272.1ns 
80121      INFO  main            d.u.i.k.p.i.AbstractProblemLoader Creating init config 
81114      DEBUG main            d.u.i.k.j.r.ClassPreparationMethodBuilder clPrepBuilder: Inner Class detected. Reject building class initialisation methods. 
83270      DEBUG main            d.u.i.k.p.i.AbstractProblemLoader Init config took 3.15s 
83313      INFO  main            d.u.i.k.p.i.AbstractProblemLoader Replaying proof List[List::$footprint()].JML accessible clause.0 
83315      DEBUG main            d.u.i.k.p.i.IntermediateProofReplayer Proof replay took 6.3ns 
83418      INFO  main            d.u.i.k.p.r.p.TestFile    ... finished proof: closed. 
83594      INFO  main            d.u.i.k.p.i.AbstractProblemLoader Loading environment from /home/runner/work/key/key/key.core/../key.ui/examples/heap/list/ArrayList_footprint.key.proof 
83594      DEBUG main            d.u.i.k.p.i.AbstractProblemLoader Environment load took 123.7ns 
83596      INFO  main            d.u.i.k.p.i.AbstractProblemLoader Creating init config 
84594      DEBUG main            d.u.i.k.j.r.ClassPreparationMethodBuilder clPrepBuilder: Inner Class detected. Reject building class initialisation methods. 
86718      DEBUG main            d.u.i.k.p.i.AbstractProblemLoader Init config took 3.12s 
86762      INFO  main            d.u.i.k.p.i.AbstractProblemLoader Replaying proof List[List::$footprint()].JML accessible clause.0 
86764      DEBUG main            d.u.i.k.p.i.IntermediateProofReplayer Proof replay took 946.01ns 
86765      DEBUG main            d.u.i.k.p.r.p.TestFile    ... success: reloaded. 
86766      INFO  main            d.u.i.k.p.r.p.TestFile    Now processing file /home/runner/work/key/key/key.core/../key.ui/examples/heap/list/ArrayList_get_dep.key 
86767      INFO  main            d.u.i.k.p.i.AbstractProblemLoader Loading environment from /home/runner/work/key/key/key.core/../key.ui/examples/heap/list/ArrayList_get_dep.key 
86767      DEBUG main            d.u.i.k.p.i.AbstractProblemLoader Environment load took 103.7ns 
86768      INFO  main            d.u.i.k.p.i.AbstractProblemLoader Creating init config 
87787      DEBUG main            d.u.i.k.j.r.ClassPreparationMethodBuilder clPrepBuilder: Inner Class detected. Reject building class initialisation methods. 
89959      DEBUG main            d.u.i.k.p.i.AbstractProblemLoader Init config took 3.19s 
90006      INFO  main            d.u.i.k.p.i.AbstractProblemLoader Replaying proof ArrayList[List::get(int)].JML accessible clause.0 
90008      DEBUG main            d.u.i.k.p.i.IntermediateProofReplayer Proof replay took 6.1ns 
90415      INFO  main            d.u.i.k.p.r.p.TestFile    ... finished proof: closed. 
90625      INFO  main            d.u.i.k.p.i.AbstractProblemLoader Loading environment from /home/runner/work/key/key/key.core/../key.ui/examples/heap/list/ArrayList_get_dep.key.proof 
90625      DEBUG main            d.u.i.k.p.i.AbstractProblemLoader Environment load took 131.5ns 
90627      INFO  main            d.u.i.k.p.i.AbstractProblemLoader Creating init config 
91603      DEBUG main            d.u.i.k.j.r.ClassPreparationMethodBuilder clPrepBuilder: Inner Class detected. Reject building class initialisation methods. 
93752      DEBUG main            d.u.i.k.p.i.AbstractProblemLoader Init config took 3.13s 
93803      INFO  main            d.u.i.k.p.i.AbstractProblemLoader Replaying proof ArrayList[List::get(int)].JML accessible clause.0 
93862      DEBUG main            d.u.i.k.p.i.IntermediateProofReplayer Proof replay took 53.47ms 
93864      DEBUG main            d.u.i.k.p.r.p.TestFile    ... success: reloaded. 
93867      INFO  main            d.u.i.k.p.r.p.TestFile    Now processing file /home/runner/work/key/key/key.core/../key.ui/examples/heap/list/ArrayList_get_exceptional.key 
93868      INFO  main            d.u.i.k.p.i.AbstractProblemLoader Loading environment from /home/runner/work/key/key/key.core/../key.ui/examples/heap/list/ArrayList_get_exceptional.key 
93870      DEBUG main            d.u.i.k.p.i.AbstractProblemLoader Environment load took 2.49ms 
93871      INFO  main            d.u.i.k.p.i.AbstractProblemLoader Creating init config 
94892      DEBUG main            d.u.i.k.j.r.ClassPreparationMethodBuilder clPrepBuilder: Inner Class detected. Reject building class initialisation methods. 
97027      DEBUG main            d.u.i.k.p.i.AbstractProblemLoader Init config took 3.16s 
97074      INFO  main            d.u.i.k.p.i.AbstractProblemLoader Replaying proof ArrayList[List::get(int)].JML exceptional_behavior operation contract.0 
97076      DEBUG main            d.u.i.k.p.i.IntermediateProofReplayer Proof replay took 7.2ns 
98284      INFO  main            d.u.i.k.p.r.p.TestFile    ... finished proof: closed. 
98522      INFO  main            d.u.i.k.p.i.AbstractProblemLoader Loading environment from /home/runner/work/key/key/key.core/../key.ui/examples/heap/list/ArrayList_get_exceptional.key.proof 
98523      DEBUG main            d.u.i.k.p.i.AbstractProblemLoader Environment load took 1.01ms 
98525      INFO  main            d.u.i.k.p.i.AbstractProblemLoader Creating init config 
99525      DEBUG main            d.u.i.k.j.r.ClassPreparationMethodBuilder clPrepBuilder: Inner Class detected. Reject building class initialisation methods. 
101658     DEBUG main            d.u.i.k.p.i.AbstractProblemLoader Init config took 3.13s 
101715     INFO  main            d.u.i.k.p.i.AbstractProblemLoader Replaying proof ArrayList[List::get(int)].JML exceptional_behavior operation contract.0 
101862     DEBUG main            d.u.i.k.p.i.IntermediateProofReplayer Proof replay took 139.64ms 
101864     DEBUG main            d.u.i.k.p.r.p.TestFile    ... success: reloaded. 
101865     INFO  main            d.u.i.k.p.r.p.TestFile    Now processing file /home/runner/work/key/key/key.core/../key.ui/examples/heap/list/ArrayList_get_normal.key 
101866     INFO  main            d.u.i.k.p.i.AbstractProblemLoader Loading environment from /home/runner/work/key/key/key.core/../key.ui/examples/heap/list/ArrayList_get_normal.key 
101866     DEBUG main            d.u.i.k.p.i.AbstractProblemLoader Environment load took 227ns 
101867     INFO  main            d.u.i.k.p.i.AbstractProblemLoader Creating init config 
102845     DEBUG main            d.u.i.k.j.r.ClassPreparationMethodBuilder clPrepBuilder: Inner Class detected. Reject building class initialisation methods. 
104961     DEBUG main            d.u.i.k.p.i.AbstractProblemLoader Init config took 3.09s 
105038     INFO  main            d.u.i.k.p.i.AbstractProblemLoader Replaying proof ArrayList[List::get(int)].JML normal_behavior operation contract.0 
105040     DEBUG main            d.u.i.k.p.i.IntermediateProofReplayer Proof replay took 6.8ns 
105442     INFO  main            d.u.i.k.p.r.p.TestFile    ... finished proof: closed. 
105656     INFO  main            d.u.i.k.p.i.AbstractProblemLoader Loading environment from /home/runner/work/key/key/key.core/../key.ui/examples/heap/list/ArrayList_get_normal.key.proof 
105657     DEBUG main            d.u.i.k.p.i.AbstractProblemLoader Environment load took 620.5ns 
105658     INFO  main            d.u.i.k.p.i.AbstractProblemLoader Creating init config 
106650     DEBUG main            d.u.i.k.j.r.ClassPreparationMethodBuilder clPrepBuilder: Inner Class detected. Reject building class initialisation methods. 
108733     DEBUG main            d.u.i.k.p.i.AbstractProblemLoader Init config took 3.08s 
108779     INFO  main            d.u.i.k.p.i.AbstractProblemLoader Replaying proof ArrayList[List::get(int)].JML normal_behavior operation contract.0 
108835     DEBUG main            d.u.i.k.p.i.IntermediateProofReplayer Proof replay took 51.27ms 
108836     DEBUG main            d.u.i.k.p.r.p.TestFile    ... success: reloaded. 
108837     INFO  main            d.u.i.k.p.r.p.TestFile    Now processing file /home/runner/work/key/key/key.core/../key.ui/examples/heap/list/ArrayList_inv.key 
108837     INFO  main            d.u.i.k.p.i.AbstractProblemLoader Loading environment from /home/runner/work/key/key/key.core/../key.ui/examples/heap/list/ArrayList_inv.key 
108837     DEBUG main            d.u.i.k.p.i.AbstractProblemLoader Environment load took 108.6ns 
108838     INFO  main            d.u.i.k.p.i.AbstractProblemLoader Creating init config 
109876     DEBUG main            d.u.i.k.j.r.ClassPreparationMethodBuilder clPrepBuilder: Inner Class detected. Reject building class initialisation methods. 
112035     DEBUG main            d.u.i.k.p.i.AbstractProblemLoader Init config took 3.2s 
112080     INFO  main            d.u.i.k.p.i.AbstractProblemLoader Replaying proof ArrayList[java.lang.Object::<inv>()].JML accessible clause.0 
112082     DEBUG main            d.u.i.k.p.i.IntermediateProofReplayer Proof replay took 6ns 
112487     INFO  main            d.u.i.k.p.r.p.TestFile    ... finished proof: closed. 
112691     INFO  main            d.u.i.k.p.i.AbstractProblemLoader Loading environment from /home/runner/work/key/key/key.core/../key.ui/examples/heap/list/ArrayList_inv.key.proof 
112691     DEBUG main            d.u.i.k.p.i.AbstractProblemLoader Environment load took 128.6ns 
112692     INFO  main            d.u.i.k.p.i.AbstractProblemLoader Creating init config 
113669     DEBUG main            d.u.i.k.j.r.ClassPreparationMethodBuilder clPrepBuilder: Inner Class detected. Reject building class initialisation methods. 
115781     DEBUG main            d.u.i.k.p.i.AbstractProblemLoader Init config took 3.09s 
115826     INFO  main            d.u.i.k.p.i.AbstractProblemLoader Replaying proof ArrayList[java.lang.Object::<inv>()].JML accessible clause.0 
115862     DEBUG main            d.u.i.k.p.i.IntermediateProofReplayer Proof replay took 31.87ms 
115863     DEBUG main            d.u.i.k.p.r.p.TestFile    ... success: reloaded. 
115864     INFO  main            d.u.i.k.p.r.p.TestFile    Now processing file /home/runner/work/key/key/key.core/../key.ui/examples/heap/list/ArrayList_iterator.key 
115864     INFO  main            d.u.i.k.p.i.AbstractProblemLoader Loading environment from /home/runner/work/key/key/key.core/../key.ui/examples/heap/list/ArrayList_iterator.key 
115864     DEBUG main            d.u.i.k.p.i.AbstractProblemLoader Environment load took 109.3ns 
115865     INFO  main            d.u.i.k.p.i.AbstractProblemLoader Creating init config 
116839     DEBUG main            d.u.i.k.j.r.ClassPreparationMethodBuilder clPrepBuilder: Inner Class detected. Reject building class initialisation methods. 
118924     DEBUG main            d.u.i.k.p.i.AbstractProblemLoader Init config took 3.06s 
118993     INFO  main            d.u.i.k.p.i.AbstractProblemLoader Replaying proof ArrayList[List::iterator()].JML normal_behavior operation contract.0 
118995     DEBUG main            d.u.i.k.p.i.IntermediateProofReplayer Proof replay took 6.2ns 
119498     INFO  main            d.u.i.k.p.r.p.TestFile    ... finished proof: closed. 
119738     INFO  main            d.u.i.k.p.i.AbstractProblemLoader Loading environment from /home/runner/work/key/key/key.core/../key.ui/examples/heap/list/ArrayList_iterator.key.proof 
119738     DEBUG main            d.u.i.k.p.i.AbstractProblemLoader Environment load took 134.2ns 
119742     INFO  main            d.u.i.k.p.i.AbstractProblemLoader Creating init config 
120722     DEBUG main            d.u.i.k.j.r.ClassPreparationMethodBuilder clPrepBuilder: Inner Class detected. Reject building class initialisation methods. 
122835     DEBUG main            d.u.i.k.p.i.AbstractProblemLoader Init config took 3.09s 
122891     INFO  main            d.u.i.k.p.i.AbstractProblemLoader Replaying proof ArrayList[List::iterator()].JML normal_behavior operation contract.0 
122955     DEBUG main            d.u.i.k.p.i.IntermediateProofReplayer Proof replay took 59.78ms 
122956     DEBUG main            d.u.i.k.p.r.p.TestFile    ... success: reloaded. 
122957     INFO  main            d.u.i.k.p.r.p.TestFile    Now processing file /home/runner/work/key/key/key.core/../key.ui/examples/heap/list/ArrayList_size_dep.key 
122958     INFO  main            d.u.i.k.p.i.AbstractProblemLoader Loading environment from /home/runner/work/key/key/key.core/../key.ui/examples/heap/list/ArrayList_size_dep.key 
122958     DEBUG main            d.u.i.k.p.i.AbstractProblemLoader Environment load took 105ns 
122959     INFO  main            d.u.i.k.p.i.AbstractProblemLoader Creating init config 
123942     DEBUG main            d.u.i.k.j.r.ClassPreparationMethodBuilder clPrepBuilder: Inner Class detected. Reject building class initialisation methods. 
126040     DEBUG main            d.u.i.k.p.i.AbstractProblemLoader Init config took 3.08s 
126085     INFO  main            d.u.i.k.p.i.AbstractProblemLoader Replaying proof ArrayList[List::size()].JML accessible clause.0 
126086     DEBUG main            d.u.i.k.p.i.IntermediateProofReplayer Proof replay took 6.2ns 
126288     INFO  main            d.u.i.k.p.r.p.TestFile    ... finished proof: closed. 
126513     INFO  main            d.u.i.k.p.i.AbstractProblemLoader Loading environment from /home/runner/work/key/key/key.core/../key.ui/examples/heap/list/ArrayList_size_dep.key.proof 
126513     DEBUG main            d.u.i.k.p.i.AbstractProblemLoader Environment load took 131.8ns 
126514     INFO  main            d.u.i.k.p.i.AbstractProblemLoader Creating init config 
127489     DEBUG main            d.u.i.k.j.r.ClassPreparationMethodBuilder clPrepBuilder: Inner Class detected. Reject building class initialisation methods. 
129591     DEBUG main            d.u.i.k.p.i.AbstractProblemLoader Init config took 3.08s 
129640     INFO  main            d.u.i.k.p.i.AbstractProblemLoader Replaying proof ArrayList[List::size()].JML accessible clause.0 
129660     DEBUG main            d.u.i.k.p.i.IntermediateProofReplayer Proof replay took 16.1ms 
129661     DEBUG main            d.u.i.k.p.r.p.TestFile    ... success: reloaded. 
129664     INFO  main            d.u.i.k.p.r.p.TestFile    Now processing file /home/runner/work/key/key/key.core/../key.ui/examples/heap/list/ArrayList_size.key 
129665     INFO  main            d.u.i.k.p.i.AbstractProblemLoader Loading environment from /home/runner/work/key/key/key.core/../key.ui/examples/heap/list/ArrayList_size.key 
129665     DEBUG main            d.u.i.k.p.i.AbstractProblemLoader Environment load took 248.5ns 
129667     INFO  main            d.u.i.k.p.i.AbstractProblemLoader Creating init config 
130655     DEBUG main            d.u.i.k.j.r.ClassPreparationMethodBuilder clPrepBuilder: Inner Class detected. Reject building class initialisation methods. 
132758     DEBUG main            d.u.i.k.p.i.AbstractProblemLoader Init config took 3.09s 
132802     INFO  main            d.u.i.k.p.i.AbstractProblemLoader Replaying proof ArrayList[List::size()].JML normal_behavior operation contract.0 
132804     DEBUG main            d.u.i.k.p.i.IntermediateProofReplayer Proof replay took 7ns 
133006     INFO  main            d.u.i.k.p.r.p.TestFile    ... finished proof: closed. 
133325     INFO  main            d.u.i.k.p.i.AbstractProblemLoader Loading environment from /home/runner/work/key/key/key.core/../key.ui/examples/heap/list/ArrayList_size.key.proof 
133325     DEBUG main            d.u.i.k.p.i.AbstractProblemLoader Environment load took 122.5ns 
133326     INFO  main            d.u.i.k.p.i.AbstractProblemLoader Creating init config 
134284     DEBUG main            d.u.i.k.j.r.ClassPreparationMethodBuilder clPrepBuilder: Inner Class detected. Reject building class initialisation methods. 
136353     DEBUG main            d.u.i.k.p.i.AbstractProblemLoader Init config took 3.03s 
136412     INFO  main            d.u.i.k.p.i.AbstractProblemLoader Replaying proof ArrayList[List::size()].JML normal_behavior operation contract.0 
136440     DEBUG main            d.u.i.k.p.i.IntermediateProofReplayer Proof replay took 24.96ms 
136441     DEBUG main            d.u.i.k.p.r.p.TestFile    ... success: reloaded. 
136442     INFO  main            d.u.i.k.p.r.p.TestFile    Now processing file /home/runner/work/key/key/key.core/../key.ui/examples/heap/list/ArrayList.ArrayListIterator_ArrayListIterator.key 
136442     INFO  main            d.u.i.k.p.i.AbstractProblemLoader Loading environment from /home/runner/work/key/key/key.core/../key.ui/examples/heap/list/ArrayList.ArrayListIterator_ArrayListIterator.key 
136442     DEBUG main            d.u.i.k.p.i.AbstractProblemLoader Environment load took 104.7ns 
136443     INFO  main            d.u.i.k.p.i.AbstractProblemLoader Creating init config 
137440     DEBUG main            d.u.i.k.j.r.ClassPreparationMethodBuilder clPrepBuilder: Inner Class detected. Reject building class initialisation methods. 
139541     DEBUG main            d.u.i.k.p.i.AbstractProblemLoader Init config took 3.1s 
139611     INFO  main            d.u.i.k.p.i.AbstractProblemLoader Replaying proof ArrayList.ArrayListIterator[ArrayList.ArrayListIterator::ArrayListIterator(ArrayList)].JML normal_behavior operation contract.0 
139613     DEBUG main            d.u.i.k.p.i.IntermediateProofReplayer Proof replay took 7.2ns 
140216     INFO  main            d.u.i.k.p.r.p.TestFile    ... finished proof: closed. 
140471     INFO  main            d.u.i.k.p.i.AbstractProblemLoader Loading environment from /home/runner/work/key/key/key.core/../key.ui/examples/heap/list/ArrayList.ArrayListIterator_ArrayListIterator.key.proof 
140471     DEBUG main            d.u.i.k.p.i.AbstractProblemLoader Environment load took 136.9ns 
140473     INFO  main            d.u.i.k.p.i.AbstractProblemLoader Creating init config 
141434     DEBUG main            d.u.i.k.j.r.ClassPreparationMethodBuilder clPrepBuilder: Inner Class detected. Reject building class initialisation methods. 
143527     DEBUG main            d.u.i.k.p.i.AbstractProblemLoader Init config took 3.05s 
143582     INFO  main            d.u.i.k.p.i.AbstractProblemLoader Replaying proof ArrayList.ArrayListIterator[ArrayList.ArrayListIterator::ArrayListIterator(ArrayList)].JML normal_behavior operation contract.0 
143657     DEBUG main            d.u.i.k.p.i.IntermediateProofReplayer Proof replay took 69.78ms 
143658     DEBUG main            d.u.i.k.p.r.p.TestFile    ... success: reloaded. 
143659     INFO  main            d.u.i.k.p.r.p.TestFile    Now processing file /home/runner/work/key/key/key.core/../key.ui/examples/heap/list/ArrayList.ArrayListIterator_hasNext_dep.key 
143659     INFO  main            d.u.i.k.p.i.AbstractProblemLoader Loading environment from /home/runner/work/key/key/key.core/../key.ui/examples/heap/list/ArrayList.ArrayListIterator_hasNext_dep.key 
143659     DEBUG main            d.u.i.k.p.i.AbstractProblemLoader Environment load took 100.2ns 
143660     INFO  main            d.u.i.k.p.i.AbstractProblemLoader Creating init config 
144633     DEBUG main            d.u.i.k.j.r.ClassPreparationMethodBuilder clPrepBuilder: Inner Class detected. Reject building class initialisation methods. 
146728     DEBUG main            d.u.i.k.p.i.AbstractProblemLoader Init config took 3.07s 
146782     INFO  main            d.u.i.k.p.i.AbstractProblemLoader Replaying proof ArrayList.ArrayListIterator[ListIterator::hasNext()].JML accessible clause.0 
146784     DEBUG main            d.u.i.k.p.i.IntermediateProofReplayer Proof replay took 7.4ns 
147187     INFO  main            d.u.i.k.p.r.p.TestFile    ... finished proof: closed. 
147442     INFO  main            d.u.i.k.p.i.AbstractProblemLoader Loading environment from /home/runner/work/key/key/key.core/../key.ui/examples/heap/list/ArrayList.ArrayListIterator_hasNext_dep.key.proof 
147443     DEBUG main            d.u.i.k.p.i.AbstractProblemLoader Environment load took 150.7ns 
147444     INFO  main            d.u.i.k.p.i.AbstractProblemLoader Creating init config 
148405     DEBUG main            d.u.i.k.j.r.ClassPreparationMethodBuilder clPrepBuilder: Inner Class detected. Reject building class initialisation methods. 
150465     DEBUG main            d.u.i.k.p.i.AbstractProblemLoader Init config took 3.02s 
150521     INFO  main            d.u.i.k.p.i.AbstractProblemLoader Replaying proof ArrayList.ArrayListIterator[ListIterator::hasNext()].JML accessible clause.0 
150555     DEBUG main            d.u.i.k.p.i.IntermediateProofReplayer Proof replay took 31.51ms 
150557     DEBUG main            d.u.i.k.p.r.p.TestFile    ... success: reloaded. 
150558     INFO  main            d.u.i.k.p.r.p.TestFile    Now processing file /home/runner/work/key/key/key.core/../key.ui/examples/heap/list/ArrayList.ArrayListIterator_hasNext.key 
150558     INFO  main            d.u.i.k.p.i.AbstractProblemLoader Loading environment from /home/runner/work/key/key/key.core/../key.ui/examples/heap/list/ArrayList.ArrayListIterator_hasNext.key 
150559     DEBUG main            d.u.i.k.p.i.AbstractProblemLoader Environment load took 251.3ns 
150560     INFO  main            d.u.i.k.p.i.AbstractProblemLoader Creating init config 
151567     DEBUG main            d.u.i.k.j.r.ClassPreparationMethodBuilder clPrepBuilder: Inner Class detected. Reject building class initialisation methods. 
153692     DEBUG main            d.u.i.k.p.i.AbstractProblemLoader Init config took 3.13s 
153745     INFO  main            d.u.i.k.p.i.AbstractProblemLoader Replaying proof ArrayList.ArrayListIterator[ListIterator::hasNext()].JML normal_behavior operation contract.0 
153746     DEBUG main            d.u.i.k.p.i.IntermediateProofReplayer Proof replay took 6.2ns 
154149     INFO  main            d.u.i.k.p.r.p.TestFile    ... finished proof: closed. 
154381     INFO  main            d.u.i.k.p.i.AbstractProblemLoader Loading environment from /home/runner/work/key/key/key.core/../key.ui/examples/heap/list/ArrayList.ArrayListIterator_hasNext.key.proof 
154381     DEBUG main            d.u.i.k.p.i.AbstractProblemLoader Environment load took 119.2ns 
154382     INFO  main            d.u.i.k.p.i.AbstractProblemLoader Creating init config 
155373     DEBUG main            d.u.i.k.j.r.ClassPreparationMethodBuilder clPrepBuilder: Inner Class detected. Reject building class initialisation methods. 
157426     DEBUG main            d.u.i.k.p.i.AbstractProblemLoader Init config took 3.04s 
157477     INFO  main            d.u.i.k.p.i.AbstractProblemLoader Replaying proof ArrayList.ArrayListIterator[ListIterator::hasNext()].JML normal_behavior operation contract.0 
157516     DEBUG main            d.u.i.k.p.i.IntermediateProofReplayer Proof replay took 35.82ms 
157517     DEBUG main            d.u.i.k.p.r.p.TestFile    ... success: reloaded. 
157518     INFO  main            d.u.i.k.p.r.p.TestFile    Now processing file /home/runner/work/key/key/key.core/../key.ui/examples/heap/list/ArrayList.ArrayListIterator_inv.key 
157518     INFO  main            d.u.i.k.p.i.AbstractProblemLoader Loading environment from /home/runner/work/key/key/key.core/../key.ui/examples/heap/list/ArrayList.ArrayListIterator_inv.key 
157518     DEBUG main            d.u.i.k.p.i.AbstractProblemLoader Environment load took 106ns 
157519     INFO  main            d.u.i.k.p.i.AbstractProblemLoader Creating init config 
158494     DEBUG main            d.u.i.k.j.r.ClassPreparationMethodBuilder clPrepBuilder: Inner Class detected. Reject building class initialisation methods. 
160603     DEBUG main            d.u.i.k.p.i.AbstractProblemLoader Init config took 3.08s 
160653     INFO  main            d.u.i.k.p.i.AbstractProblemLoader Replaying proof ArrayList.ArrayListIterator[java.lang.Object::<inv>()].JML accessible clause.0 
160655     DEBUG main            d.u.i.k.p.i.IntermediateProofReplayer Proof replay took 6.6ns 
161767     INFO  main            d.u.i.k.p.r.p.TestFile    ... finished proof: closed. 
162019     INFO  main            d.u.i.k.p.i.AbstractProblemLoader Loading environment from /home/runner/work/key/key/key.core/../key.ui/examples/heap/list/ArrayList.ArrayListIterator_inv.key.proof 
162019     DEBUG main            d.u.i.k.p.i.AbstractProblemLoader Environment load took 555.91ns 
162021     INFO  main            d.u.i.k.p.i.AbstractProblemLoader Creating init config 
162995     DEBUG main            d.u.i.k.j.r.ClassPreparationMethodBuilder clPrepBuilder: Inner Class detected. Reject building class initialisation methods. 
165030     DEBUG main            d.u.i.k.p.i.AbstractProblemLoader Init config took 3.01s 
165083     INFO  main            d.u.i.k.p.i.AbstractProblemLoader Replaying proof ArrayList.ArrayListIterator[java.lang.Object::<inv>()].JML accessible clause.0 
165159     DEBUG main            d.u.i.k.p.i.IntermediateProofReplayer Proof replay took 69.61ms 
165160     DEBUG main            d.u.i.k.p.r.p.TestFile    ... success: reloaded. 
165162     INFO  main            d.u.i.k.p.r.p.TestFile    Now processing file /home/runner/work/key/key/key.core/../key.ui/examples/heap/list/ArrayList.ArrayListIterator_list.key 
165162     INFO  main            d.u.i.k.p.i.AbstractProblemLoader Loading environment from /home/runner/work/key/key/key.core/../key.ui/examples/heap/list/ArrayList.ArrayListIterator_list.key 
165162     DEBUG main            d.u.i.k.p.i.AbstractProblemLoader Environment load took 185.7ns 
165163     INFO  main            d.u.i.k.p.i.AbstractProblemLoader Creating init config 
166166     DEBUG main            d.u.i.k.j.r.ClassPreparationMethodBuilder clPrepBuilder: Inner Class detected. Reject building class initialisation methods. 
168242     DEBUG main            d.u.i.k.p.i.AbstractProblemLoader Init config took 3.08s 
168281     INFO  main            d.u.i.k.p.i.AbstractProblemLoader Replaying proof ListIterator[ListIterator::$list()].JML accessible clause.0 
168282     DEBUG main            d.u.i.k.p.i.IntermediateProofReplayer Proof replay took 6.7ns 
168384     INFO  main            d.u.i.k.p.r.p.TestFile    ... finished proof: closed. 
168647     INFO  main            d.u.i.k.p.i.AbstractProblemLoader Loading environment from /home/runner/work/key/key/key.core/../key.ui/examples/heap/list/ArrayList.ArrayListIterator_list.key.proof 
168647     DEBUG main            d.u.i.k.p.i.AbstractProblemLoader Environment load took 113ns 
168648     INFO  main            d.u.i.k.p.i.AbstractProblemLoader Creating init config 
169614     DEBUG main            d.u.i.k.j.r.ClassPreparationMethodBuilder clPrepBuilder: Inner Class detected. Reject building class initialisation methods. 
171663     DEBUG main            d.u.i.k.p.i.AbstractProblemLoader Init config took 3.01s 
171702     INFO  main            d.u.i.k.p.i.AbstractProblemLoader Replaying proof ListIterator[ListIterator::$list()].JML accessible clause.0 
171704     DEBUG main            d.u.i.k.p.i.IntermediateProofReplayer Proof replay took 853.91ns 
171705     DEBUG main            d.u.i.k.p.r.p.TestFile    ... success: reloaded. 
171706     INFO  main            d.u.i.k.p.r.p.TestFile    Now processing file /home/runner/work/key/key/key.core/../key.ui/examples/heap/list/ArrayList.ArrayListIterator_next_exceptional.key 
171706     INFO  main            d.u.i.k.p.i.AbstractProblemLoader Loading environment from /home/runner/work/key/key/key.core/../key.ui/examples/heap/list/ArrayList.ArrayListIterator_next_exceptional.key 
171706     DEBUG main            d.u.i.k.p.i.AbstractProblemLoader Environment load took 60ns 
171707     INFO  main            d.u.i.k.p.i.AbstractProblemLoader Creating init config 
172701     DEBUG main            d.u.i.k.j.r.ClassPreparationMethodBuilder clPrepBuilder: Inner Class detected. Reject building class initialisation methods. 
174833     DEBUG main            d.u.i.k.p.i.AbstractProblemLoader Init config took 3.13s 
174884     INFO  main            d.u.i.k.p.i.AbstractProblemLoader Replaying proof ArrayList.ArrayListIterator[ListIterator::next()].JML exceptional_behavior operation contract.0 
174886     DEBUG main            d.u.i.k.p.i.IntermediateProofReplayer Proof replay took 7ns 
175709     INFO  main            d.u.i.k.p.r.p.TestFile    ... finished proof: closed. 
175977     INFO  main            d.u.i.k.p.i.AbstractProblemLoader Loading environment from /home/runner/work/key/key/key.core/../key.ui/examples/heap/list/ArrayList.ArrayListIterator_next_exceptional.key.proof 
175977     DEBUG main            d.u.i.k.p.i.AbstractProblemLoader Environment load took 125.8ns 
175979     INFO  main            d.u.i.k.p.i.AbstractProblemLoader Creating init config 
176939     DEBUG main            d.u.i.k.j.r.ClassPreparationMethodBuilder clPrepBuilder: Inner Class detected. Reject building class initialisation methods. 
178975     DEBUG main            d.u.i.k.p.i.AbstractProblemLoader Init config took 3s 
179030     INFO  main            d.u.i.k.p.i.AbstractProblemLoader Replaying proof ArrayList.ArrayListIterator[ListIterator::next()].JML exceptional_behavior operation contract.0 
179124     DEBUG main            d.u.i.k.p.i.IntermediateProofReplayer Proof replay took 89.47ms 
179125     DEBUG main            d.u.i.k.p.r.p.TestFile    ... success: reloaded. 
179126     INFO  main            d.u.i.k.p.r.p.TestFile    Now processing file /home/runner/work/key/key/key.core/../key.ui/examples/heap/list/ArrayList.ArrayListIterator_next_normal.key 
179127     INFO  main            d.u.i.k.p.i.AbstractProblemLoader Loading environment from /home/runner/work/key/key/key.core/../key.ui/examples/heap/list/ArrayList.ArrayListIterator_next_normal.key 
179127     DEBUG main            d.u.i.k.p.i.AbstractProblemLoader Environment load took 106.8ns 
179128     INFO  main            d.u.i.k.p.i.AbstractProblemLoader Creating init config 
180140     DEBUG main            d.u.i.k.j.r.ClassPreparationMethodBuilder clPrepBuilder: Inner Class detected. Reject building class initialisation methods. 
182228     DEBUG main            d.u.i.k.p.i.AbstractProblemLoader Init config took 3.1s 
182279     INFO  main            d.u.i.k.p.i.AbstractProblemLoader Replaying proof ArrayList.ArrayListIterator[ListIterator::next()].JML normal_behavior operation contract.0 
182281     DEBUG main            d.u.i.k.p.i.IntermediateProofReplayer Proof replay took 6.9ns 
183186     INFO  main            d.u.i.k.p.r.p.TestFile    ... finished proof: closed. 
183567     INFO  main            d.u.i.k.p.i.AbstractProblemLoader Loading environment from /home/runner/work/key/key/key.core/../key.ui/examples/heap/list/ArrayList.ArrayListIterator_next_normal.key.proof 
183567     DEBUG main            d.u.i.k.p.i.AbstractProblemLoader Environment load took 340.3ns 
183568     INFO  main            d.u.i.k.p.i.AbstractProblemLoader Creating init config 
184538     DEBUG main            d.u.i.k.j.r.ClassPreparationMethodBuilder clPrepBuilder: Inner Class detected. Reject building class initialisation methods. 
186578     DEBUG main            d.u.i.k.p.i.AbstractProblemLoader Init config took 3.01s 
186628     INFO  main            d.u.i.k.p.i.AbstractProblemLoader Replaying proof ArrayList.ArrayListIterator[ListIterator::next()].JML normal_behavior operation contract.0 
186729     DEBUG main            d.u.i.k.p.i.IntermediateProofReplayer Proof replay took 95.32ms 
186730     DEBUG main            d.u.i.k.p.r.p.TestFile    ... success: reloaded. 
186731     INFO  main            d.u.i.k.p.r.p.TestFile    Now processing file /home/runner/work/key/key/key.core/../key.ui/examples/heap/list/ArrayList.ArrayListIterator_pos.key 
186731     INFO  main            d.u.i.k.p.i.AbstractProblemLoader Loading environment from /home/runner/work/key/key/key.core/../key.ui/examples/heap/list/ArrayList.ArrayListIterator_pos.key 
186732     DEBUG main            d.u.i.k.p.i.AbstractProblemLoader Environment load took 100.4ns 
186732     INFO  main            d.u.i.k.p.i.AbstractProblemLoader Creating init config 
187728     DEBUG main            d.u.i.k.j.r.ClassPreparationMethodBuilder clPrepBuilder: Inner Class detected. Reject building class initialisation methods. 
189805     DEBUG main            d.u.i.k.p.i.AbstractProblemLoader Init config took 3.07s 
189844     INFO  main            d.u.i.k.p.i.AbstractProblemLoader Replaying proof ListIterator[ListIterator::$pos()].JML accessible clause.0 
189845     DEBUG main            d.u.i.k.p.i.IntermediateProofReplayer Proof replay took 6.5ns 
189949     INFO  main            d.u.i.k.p.r.p.TestFile    ... finished proof: closed. 
190221     INFO  main            d.u.i.k.p.i.AbstractProblemLoader Loading environment from /home/runner/work/key/key/key.core/../key.ui/examples/heap/list/ArrayList.ArrayListIterator_pos.key.proof 
190221     DEBUG main            d.u.i.k.p.i.AbstractProblemLoader Environment load took 117.3ns 
190222     INFO  main            d.u.i.k.p.i.AbstractProblemLoader Creating init config 
191180     DEBUG main            d.u.i.k.j.r.ClassPreparationMethodBuilder clPrepBuilder: Inner Class detected. Reject building class initialisation methods. 
193212     DEBUG main            d.u.i.k.p.i.AbstractProblemLoader Init config took 2.99s 
193251     INFO  main            d.u.i.k.p.i.AbstractProblemLoader Replaying proof ListIterator[ListIterator::$pos()].JML accessible clause.0 
193253     DEBUG main            d.u.i.k.p.i.IntermediateProofReplayer Proof replay took 777.01ns 
193254     DEBUG main            d.u.i.k.p.r.p.TestFile    ... success: reloaded. 
193255     INFO  main            d.u.i.k.p.r.p.TestFile    Now processing file /home/runner/work/key/key/key.core/../key.ui/examples/heap/list/Client_m.key 
193256     INFO  main            d.u.i.k.p.i.AbstractProblemLoader Loading environment from /home/runner/work/key/key/key.core/../key.ui/examples/heap/list/Client_m.key 
193256     DEBUG main            d.u.i.k.p.i.AbstractProblemLoader Environment load took 232.8ns 
193257     INFO  main            d.u.i.k.p.i.AbstractProblemLoader Creating init config 
194261     DEBUG main            d.u.i.k.j.r.ClassPreparationMethodBuilder clPrepBuilder: Inner Class detected. Reject building class initialisation methods. 
196352     DEBUG main            d.u.i.k.p.i.AbstractProblemLoader Init config took 3.1s 
196392     INFO  main            d.u.i.k.p.i.AbstractProblemLoader Replaying proof Client[Client::m(List)].JML normal_behavior operation contract.0 
196394     DEBUG main            d.u.i.k.p.i.IntermediateProofReplayer Proof replay took 7.6ns 
196700     INFO  main            d.u.i.k.p.r.p.TestFile    ... finished proof: closed. 
196993     INFO  main            d.u.i.k.p.i.AbstractProblemLoader Loading environment from /home/runner/work/key/key/key.core/../key.ui/examples/heap/list/Client_m.key.proof 
196993     DEBUG main            d.u.i.k.p.i.AbstractProblemLoader Environment load took 127.1ns 
196994     INFO  main            d.u.i.k.p.i.AbstractProblemLoader Creating init config 
197961     DEBUG main            d.u.i.k.j.r.ClassPreparationMethodBuilder clPrepBuilder: Inner Class detected. Reject building class initialisation methods. 
200036     DEBUG main            d.u.i.k.p.i.AbstractProblemLoader Init config took 3.04s 
200075     INFO  main            d.u.i.k.p.i.AbstractProblemLoader Replaying proof Client[Client::m(List)].JML normal_behavior operation contract.0 
200125     DEBUG main            d.u.i.k.p.i.IntermediateProofReplayer Proof replay took 47.17ms 
200126     DEBUG main            d.u.i.k.p.r.p.TestFile    ... success: reloaded. 
200127     INFO  main            d.u.i.k.p.r.p.TestFile    Now processing file /home/runner/work/key/key/key.core/../key.ui/examples/heap/list/Client_n.key 
200127     INFO  main            d.u.i.k.p.i.AbstractProblemLoader Loading environment from /home/runner/work/key/key/key.core/../key.ui/examples/heap/list/Client_n.key 
200128     DEBUG main            d.u.i.k.p.i.AbstractProblemLoader Environment load took 88ns 
200129     INFO  main            d.u.i.k.p.i.AbstractProblemLoader Creating init config 
201107     DEBUG main            d.u.i.k.j.r.ClassPreparationMethodBuilder clPrepBuilder: Inner Class detected. Reject building class initialisation methods. 
203165     DEBUG main            d.u.i.k.p.i.AbstractProblemLoader Init config took 3.04s 
203204     INFO  main            d.u.i.k.p.i.AbstractProblemLoader Replaying proof Client[Client::n(List)].JML normal_behavior operation contract.0 
203206     DEBUG main            d.u.i.k.p.i.IntermediateProofReplayer Proof replay took 8.4ns 
203307     INFO  main            d.u.i.k.p.r.p.TestFile    ... finished proof: closed. 
203763     INFO  main            d.u.i.k.p.i.AbstractProblemLoader Loading environment from /home/runner/work/key/key/key.core/../key.ui/examples/heap/list/Client_n.key.proof 
203763     DEBUG main            d.u.i.k.p.i.AbstractProblemLoader Environment load took 110.3ns 
203764     INFO  main            d.u.i.k.p.i.AbstractProblemLoader Creating init config 
204727     DEBUG main            d.u.i.k.j.r.ClassPreparationMethodBuilder clPrepBuilder: Inner Class detected. Reject building class initialisation methods. 
206756     DEBUG main            d.u.i.k.p.i.AbstractProblemLoader Init config took 2.99s 
206795     INFO  main            d.u.i.k.p.i.AbstractProblemLoader Replaying proof Client[Client::n(List)].JML normal_behavior operation contract.0 
206811     DEBUG main            d.u.i.k.p.i.IntermediateProofReplayer Proof replay took 14.28ms 
206812     DEBUG main            d.u.i.k.p.r.p.TestFile    ... success: reloaded. 
206813     INFO  main            d.u.i.k.p.r.p.TestFile    Now processing file /home/runner/work/key/key/key.core/../key.ui/examples/heap/list/LinkedList_get_exceptional.key 
206813     INFO  main            d.u.i.k.p.i.AbstractProblemLoader Loading environment from /home/runner/work/key/key/key.core/../key.ui/examples/heap/list/LinkedList_get_exceptional.key 
206813     DEBUG main            d.u.i.k.p.i.AbstractProblemLoader Environment load took 119.3ns 
206814     INFO  main            d.u.i.k.p.i.AbstractProblemLoader Creating init config 
207785     DEBUG main            d.u.i.k.j.r.ClassPreparationMethodBuilder clPrepBuilder: Inner Class detected. Reject building class initialisation methods. 
209872     DEBUG main            d.u.i.k.p.i.AbstractProblemLoader Init config took 3.06s 
209936     INFO  main            d.u.i.k.p.i.AbstractProblemLoader Replaying proof LinkedList[List::get(int)].JML exceptional_behavior operation contract.0 
209937     DEBUG main            d.u.i.k.p.i.IntermediateProofReplayer Proof replay took 7.1ns 
212056     INFO  main            d.u.i.k.p.r.p.TestFile    ... finished proof: closed. 
212363     INFO  main            d.u.i.k.p.i.AbstractProblemLoader Loading environment from /home/runner/work/key/key/key.core/../key.ui/examples/heap/list/LinkedList_get_exceptional.key.proof 
212363     DEBUG main            d.u.i.k.p.i.AbstractProblemLoader Environment load took 124.1ns 
212365     INFO  main            d.u.i.k.p.i.AbstractProblemLoader Creating init config 
213321     DEBUG main            d.u.i.k.j.r.ClassPreparationMethodBuilder clPrepBuilder: Inner Class detected. Reject building class initialisation methods. 
215350     DEBUG main            d.u.i.k.p.i.AbstractProblemLoader Init config took 2.99s 
215394     INFO  main            d.u.i.k.p.i.AbstractProblemLoader Replaying proof LinkedList[List::get(int)].JML exceptional_behavior operation contract.0 
215617     DEBUG main            d.u.i.k.p.i.IntermediateProofReplayer Proof replay took 213.84ms 
215618     DEBUG main            d.u.i.k.p.r.p.TestFile    ... success: reloaded. 
215619     INFO  main            d.u.i.k.p.r.p.TestFile    Now processing file /home/runner/work/key/key/key.core/../key.ui/examples/heap/list/LinkedList_get_normal.key 
215619     INFO  main            d.u.i.k.p.i.AbstractProblemLoader Loading environment from /home/runner/work/key/key/key.core/../key.ui/examples/heap/list/LinkedList_get_normal.key 
215620     DEBUG main            d.u.i.k.p.i.AbstractProblemLoader Environment load took 94.6ns 
215620     INFO  main            d.u.i.k.p.i.AbstractProblemLoader Creating init config 
216633     DEBUG main            d.u.i.k.j.r.ClassPreparationMethodBuilder clPrepBuilder: Inner Class detected. Reject building class initialisation methods. 
218692     DEBUG main            d.u.i.k.p.i.AbstractProblemLoader Init config took 3.07s 
218740     INFO  main            d.u.i.k.p.i.AbstractProblemLoader Replaying proof LinkedList[List::get(int)].JML normal_behavior operation contract.0 
218743     DEBUG main            d.u.i.k.p.i.IntermediateProofReplayer Proof replay took 7.1ns 
224782     INFO  main            d.u.i.k.p.r.p.TestFile    ... finished proof: closed. 
225212     INFO  main            d.u.i.k.p.i.AbstractProblemLoader Loading environment from /home/runner/work/key/key/key.core/../key.ui/examples/heap/list/LinkedList_get_normal.key.proof 
225213     DEBUG main            d.u.i.k.p.i.AbstractProblemLoader Environment load took 474.11ns 
225216     INFO  main            d.u.i.k.p.i.AbstractProblemLoader Creating init config 
226169     DEBUG main            d.u.i.k.j.r.ClassPreparationMethodBuilder clPrepBuilder: Inner Class detected. Reject building class initialisation methods. 
228193     DEBUG main            d.u.i.k.p.i.AbstractProblemLoader Init config took 2.98s 
228236     INFO  main            d.u.i.k.p.i.AbstractProblemLoader Replaying proof LinkedList[List::get(int)].JML normal_behavior operation contract.0 
228622     DEBUG main            d.u.i.k.p.i.IntermediateProofReplayer Proof replay took 358.52ms 
228625     DEBUG main            d.u.i.k.p.r.p.TestFile    ... success: reloaded. 
228626     INFO  main            d.u.i.k.p.r.p.TestFile    Now processing file /home/runner/work/key/key/key.core/../key.ui/examples/heap/list/LinkedList_LinkedList.key 
228626     INFO  main            d.u.i.k.p.i.AbstractProblemLoader Loading environment from /home/runner/work/key/key/key.core/../key.ui/examples/heap/list/LinkedList_LinkedList.key 
228626     DEBUG main            d.u.i.k.p.i.AbstractProblemLoader Environment load took 98.6ns 
228627     INFO  main            d.u.i.k.p.i.AbstractProblemLoader Creating init config 
229641     DEBUG main            d.u.i.k.j.r.ClassPreparationMethodBuilder clPrepBuilder: Inner Class detected. Reject building class initialisation methods. 
231725     DEBUG main            d.u.i.k.p.i.AbstractProblemLoader Init config took 3.1s 
231769     INFO  main            d.u.i.k.p.i.AbstractProblemLoader Replaying proof LinkedList[LinkedList::LinkedList()].JML normal_behavior operation contract.0 
231771     DEBUG main            d.u.i.k.p.i.IntermediateProofReplayer Proof replay took 8ns 
232275     INFO  main            d.u.i.k.p.r.p.TestFile    ... finished proof: closed. 
232600     INFO  main            d.u.i.k.p.i.AbstractProblemLoader Loading environment from /home/runner/work/key/key/key.core/../key.ui/examples/heap/list/LinkedList_LinkedList.key.proof 
232600     DEBUG main            d.u.i.k.p.i.AbstractProblemLoader Environment load took 114.7ns 
232601     INFO  main            d.u.i.k.p.i.AbstractProblemLoader Creating init config 
233559     DEBUG main            d.u.i.k.j.r.ClassPreparationMethodBuilder clPrepBuilder: Inner Class detected. Reject building class initialisation methods. 
235598     DEBUG main            d.u.i.k.p.i.AbstractProblemLoader Init config took 3s 
235642     INFO  main            d.u.i.k.p.i.AbstractProblemLoader Replaying proof LinkedList[LinkedList::LinkedList()].JML normal_behavior operation contract.0 
235708     DEBUG main            d.u.i.k.p.i.IntermediateProofReplayer Proof replay took 62.15ms 
235709     DEBUG main            d.u.i.k.p.r.p.TestFile    ... success: reloaded. 
235710     INFO  main            d.u.i.k.p.r.p.TestFile    Now processing file /home/runner/work/key/key/key.core/../key.ui/examples/heap/list/LinkedList_size_dep.key 
235710     INFO  main            d.u.i.k.p.i.AbstractProblemLoader Loading environment from /home/runner/work/key/key/key.core/../key.ui/examples/heap/list/LinkedList_size_dep.key 
235710     DEBUG main            d.u.i.k.p.i.AbstractProblemLoader Environment load took 114.7ns 
235711     INFO  main            d.u.i.k.p.i.AbstractProblemLoader Creating init config 
236681     DEBUG main            d.u.i.k.j.r.ClassPreparationMethodBuilder clPrepBuilder: Inner Class detected. Reject building class initialisation methods. 
238749     DEBUG main            d.u.i.k.p.i.AbstractProblemLoader Init config took 3.04s 
238792     INFO  main            d.u.i.k.p.i.AbstractProblemLoader Replaying proof LinkedList[List::size()].JML accessible clause.0 
238793     DEBUG main            d.u.i.k.p.i.IntermediateProofReplayer Proof replay took 8ns 
239296     INFO  main            d.u.i.k.p.r.p.TestFile    ... finished proof: closed. 
239609     INFO  main            d.u.i.k.p.i.AbstractProblemLoader Loading environment from /home/runner/work/key/key/key.core/../key.ui/examples/heap/list/LinkedList_size_dep.key.proof 
239609     DEBUG main            d.u.i.k.p.i.AbstractProblemLoader Environment load took 111.6ns 
239610     INFO  main            d.u.i.k.p.i.AbstractProblemLoader Creating init config 
240568     DEBUG main            d.u.i.k.j.r.ClassPreparationMethodBuilder clPrepBuilder: Inner Class detected. Reject building class initialisation methods. 
242603     DEBUG main            d.u.i.k.p.i.AbstractProblemLoader Init config took 2.99s 
242647     INFO  main            d.u.i.k.p.i.AbstractProblemLoader Replaying proof LinkedList[List::size()].JML accessible clause.0 
242682     DEBUG main            d.u.i.k.p.i.IntermediateProofReplayer Proof replay took 31.8ms 
242683     DEBUG main            d.u.i.k.p.r.p.TestFile    ... success: reloaded. 
242684     INFO  main            d.u.i.k.p.r.p.TestFile    Now processing file /home/runner/work/key/key/key.core/../key.ui/examples/heap/list/LinkedList_size.key 
242684     INFO  main            d.u.i.k.p.i.AbstractProblemLoader Loading environment from /home/runner/work/key/key/key.core/../key.ui/examples/heap/list/LinkedList_size.key 
242684     DEBUG main            d.u.i.k.p.i.AbstractProblemLoader Environment load took 87.1ns 
242685     INFO  main            d.u.i.k.p.i.AbstractProblemLoader Creating init config 
243665     DEBUG main            d.u.i.k.j.r.ClassPreparationMethodBuilder clPrepBuilder: Inner Class detected. Reject building class initialisation methods. 
245738     DEBUG main            d.u.i.k.p.i.AbstractProblemLoader Init config took 3.05s 
245781     INFO  main            d.u.i.k.p.i.AbstractProblemLoader Replaying proof LinkedList[List::size()].JML normal_behavior operation contract.0 
245782     DEBUG main            d.u.i.k.p.i.IntermediateProofReplayer Proof replay took 8.1ns 
246285     INFO  main            d.u.i.k.p.r.p.TestFile    ... finished proof: closed. 
246609     INFO  main            d.u.i.k.p.i.AbstractProblemLoader Loading environment from /home/runner/work/key/key/key.core/../key.ui/examples/heap/list/LinkedList_size.key.proof 
246610     DEBUG main            d.u.i.k.p.i.AbstractProblemLoader Environment load took 145.2ns 
246610     INFO  main            d.u.i.k.p.i.AbstractProblemLoader Creating init config 
247567     DEBUG main            d.u.i.k.j.r.ClassPreparationMethodBuilder clPrepBuilder: Inner Class detected. Reject building class initialisation methods. 
249587     DEBUG main            d.u.i.k.p.i.AbstractProblemLoader Init config took 2.98s 
249632     INFO  main            d.u.i.k.p.i.AbstractProblemLoader Replaying proof LinkedList[List::size()].JML normal_behavior operation contract.0 
249663     DEBUG main            d.u.i.k.p.i.IntermediateProofReplayer Proof replay took 27.33ms 
249664     DEBUG main            d.u.i.k.p.r.p.TestFile    ... success: reloaded. 
249666     INFO  main            d.u.i.k.p.r.p.TestFile    Now processing file /home/runner/work/key/key/key.core/../key.ui/examples/heap/list/MySet_footprint.key 
249666     INFO  main            d.u.i.k.p.i.AbstractProblemLoader Loading environment from /home/runner/work/key/key/key.core/../key.ui/examples/heap/list/MySet_footprint.key 
249666     DEBUG main            d.u.i.k.p.i.AbstractProblemLoader Environment load took 229.1ns 
249667     INFO  main            d.u.i.k.p.i.AbstractProblemLoader Creating init config 
250642     DEBUG main            d.u.i.k.j.r.ClassPreparationMethodBuilder clPrepBuilder: Inner Class detected. Reject building class initialisation methods. 
252708     DEBUG main            d.u.i.k.p.i.AbstractProblemLoader Init config took 3.04s 
252755     INFO  main            d.u.i.k.p.i.AbstractProblemLoader Replaying proof MySet[MySet::$footprint()].JML accessible clause.0 
252757     DEBUG main            d.u.i.k.p.i.IntermediateProofReplayer Proof replay took 6.7ns 
253062     INFO  main            d.u.i.k.p.r.p.TestFile    ... finished proof: closed. 
253394     INFO  main            d.u.i.k.p.i.AbstractProblemLoader Loading environment from /home/runner/work/key/key/key.core/../key.ui/examples/heap/list/MySet_footprint.key.proof 
253394     DEBUG main            d.u.i.k.p.i.AbstractProblemLoader Environment load took 104ns 
253395     INFO  main            d.u.i.k.p.i.AbstractProblemLoader Creating init config 
254349     DEBUG main            d.u.i.k.j.r.ClassPreparationMethodBuilder clPrepBuilder: Inner Class detected. Reject building class initialisation methods. 
256374     DEBUG main            d.u.i.k.p.i.AbstractProblemLoader Init config took 2.98s 
256421     INFO  main            d.u.i.k.p.i.AbstractProblemLoader Replaying proof MySet[MySet::$footprint()].JML accessible clause.0 
256443     DEBUG main            d.u.i.k.p.i.IntermediateProofReplayer Proof replay took 19.73ms 
256444     DEBUG main            d.u.i.k.p.r.p.TestFile    ... success: reloaded. 
256445     INFO  main            d.u.i.k.p.r.p.TestFile    Now processing file /home/runner/work/key/key/key.core/../key.ui/examples/heap/list/MySet_MySet.key 
256445     INFO  main            d.u.i.k.p.i.AbstractProblemLoader Loading environment from /home/runner/work/key/key/key.core/../key.ui/examples/heap/list/MySet_MySet.key 
256445     DEBUG main            d.u.i.k.p.i.AbstractProblemLoader Environment load took 92.2ns 
256446     INFO  main            d.u.i.k.p.i.AbstractProblemLoader Creating init config 
257413     DEBUG main            d.u.i.k.j.r.ClassPreparationMethodBuilder clPrepBuilder: Inner Class detected. Reject building class initialisation methods. 
259483     DEBUG main            d.u.i.k.p.i.AbstractProblemLoader Init config took 3.04s 
259529     INFO  main            d.u.i.k.p.i.AbstractProblemLoader Replaying proof MySet[MySet::MySet()].JML normal_behavior operation contract.0 
259530     DEBUG main            d.u.i.k.p.i.IntermediateProofReplayer Proof replay took 7.4ns 
261939     INFO  main            d.u.i.k.p.r.p.TestFile    ... finished proof: closed. 
262297     INFO  main            d.u.i.k.p.i.AbstractProblemLoader Loading environment from /home/runner/work/key/key/key.core/../key.ui/examples/heap/list/MySet_MySet.key.proof 
262298     DEBUG main            d.u.i.k.p.i.AbstractProblemLoader Environment load took 460ns 
262300     INFO  main            d.u.i.k.p.i.AbstractProblemLoader Creating init config 
263264     DEBUG main            d.u.i.k.j.r.ClassPreparationMethodBuilder clPrepBuilder: Inner Class detected. Reject building class initialisation methods. 
265301     DEBUG main            d.u.i.k.p.i.AbstractProblemLoader Init config took 3s 
265347     INFO  main            d.u.i.k.p.i.AbstractProblemLoader Replaying proof MySet[MySet::MySet()].JML normal_behavior operation contract.0 
265621     DEBUG main            d.u.i.k.p.i.IntermediateProofReplayer Proof replay took 259.9ms 
265623     DEBUG main            d.u.i.k.p.r.p.TestFile    ... success: reloaded. 
1139257    INFO  Test worker     d.u.i.k.p.r.RunAllProofsTestUnit Returning from test list 
1139258    INFO  Test worker     d.u.i.k.p.r.RunAllProofsTestUnit Running test list_ghost 
368        INFO  Timeout watchdog d.u.i.k.p.r.p.ForkedTestFileRunner Timeout watcher launched (2000 secs.) 
370        WARN  main            d.u.i.k.s.ProofSettings   The settings in /home/runner/.key/proof-settings.props are *not* read. 
399        INFO  main            d.u.i.k.p.r.p.TestFile    Now processing file /home/runner/work/key/key/key.core/../key.ui/examples/heap/list_ghost/ArrayList_add.key 
507        INFO  main            d.u.i.k.p.i.AbstractProblemLoader Loading environment from /home/runner/work/key/key/key.core/../key.ui/examples/heap/list_ghost/ArrayList_add.key 
529        DEBUG main            d.u.i.k.p.i.AbstractProblemLoader Environment load took 2.33ms 
757        INFO  main            d.u.i.k.p.i.AbstractProblemLoader Creating init config 
1688       DEBUG main            d.u.i.k.j.TypeConverter   No LDT found for Meta 
1689       DEBUG main            d.u.i.k.j.TypeConverter   No LDT found for Meta 
1690       DEBUG main            d.u.i.k.j.TypeConverter   No LDT found for Meta 
1690       DEBUG main            d.u.i.k.j.TypeConverter   No LDT found for Meta 
3036       DEBUG main            d.u.i.k.j.TypeConverter   No LDT found for JavaBigintExpression 
8677       DEBUG main            d.u.i.k.p.i.AbstractProblemLoader Init config took 7.92s 
8804       INFO  main            d.u.i.k.p.i.AbstractProblemLoader Replaying proof ArrayList[List::add(java.lang.Object)].JML normal_behavior operation contract.0 
8837       DEBUG main            d.u.i.k.p.i.IntermediateProofReplayer Proof replay took 33.6ns 
13806      INFO  main            d.u.i.k.p.r.p.TestFile    ... finished proof: closed. 
14007      INFO  main            d.u.i.k.p.i.AbstractProblemLoader Loading environment from /home/runner/work/key/key/key.core/../key.ui/examples/heap/list_ghost/ArrayList_add.key.proof 
14008      DEBUG main            d.u.i.k.p.i.AbstractProblemLoader Environment load took 1.02ms 
14011      INFO  main            d.u.i.k.p.i.AbstractProblemLoader Creating init config 
17174      DEBUG main            d.u.i.k.p.i.AbstractProblemLoader Init config took 3.16s 
17240      INFO  main            d.u.i.k.p.i.AbstractProblemLoader Replaying proof ArrayList[List::add(java.lang.Object)].JML normal_behavior operation contract.0 
17731      DEBUG main            d.u.i.k.p.i.IntermediateProofReplayer Proof replay took 448.17ms 
17741      DEBUG main            d.u.i.k.p.r.p.TestFile    ... success: reloaded. 
17745      INFO  main            d.u.i.k.p.r.p.TestFile    Now processing file /home/runner/work/key/key/key.core/../key.ui/examples/heap/list_ghost/ArrayList_ArrayList.key 
17745      INFO  main            d.u.i.k.p.i.AbstractProblemLoader Loading environment from /home/runner/work/key/key/key.core/../key.ui/examples/heap/list_ghost/ArrayList_ArrayList.key 
17745      DEBUG main            d.u.i.k.p.i.AbstractProblemLoader Environment load took 124.8ns 
17749      INFO  main            d.u.i.k.p.i.AbstractProblemLoader Creating init config 
20685      DEBUG main            d.u.i.k.p.i.AbstractProblemLoader Init config took 2.94s 
20745      INFO  main            d.u.i.k.p.i.AbstractProblemLoader Replaying proof ArrayList[ArrayList::ArrayList()].JML normal_behavior operation contract.0 
20748      DEBUG main            d.u.i.k.p.i.IntermediateProofReplayer Proof replay took 7.6ns 
21753      INFO  main            d.u.i.k.p.r.p.TestFile    ... finished proof: closed. 
21899      INFO  main            d.u.i.k.p.i.AbstractProblemLoader Loading environment from /home/runner/work/key/key/key.core/../key.ui/examples/heap/list_ghost/ArrayList_ArrayList.key.proof 
21900      DEBUG main            d.u.i.k.p.i.AbstractProblemLoader Environment load took 606.41ns 
21902      INFO  main            d.u.i.k.p.i.AbstractProblemLoader Creating init config 
24739      DEBUG main            d.u.i.k.p.i.AbstractProblemLoader Init config took 2.84s 
24810      INFO  main            d.u.i.k.p.i.AbstractProblemLoader Replaying proof ArrayList[ArrayList::ArrayList()].JML normal_behavior operation contract.0 
24993      DEBUG main            d.u.i.k.p.i.IntermediateProofReplayer Proof replay took 173.59ms 
24996      DEBUG main            d.u.i.k.p.r.p.TestFile    ... success: reloaded. 
24998      INFO  main            d.u.i.k.p.r.p.TestFile    Now processing file /home/runner/work/key/key/key.core/../key.ui/examples/heap/list_ghost/ArrayList_enlarge.key 
24998      INFO  main            d.u.i.k.p.i.AbstractProblemLoader Loading environment from /home/runner/work/key/key/key.core/../key.ui/examples/heap/list_ghost/ArrayList_enlarge.key 
24999      DEBUG main            d.u.i.k.p.i.AbstractProblemLoader Environment load took 340.8ns 
25001      INFO  main            d.u.i.k.p.i.AbstractProblemLoader Creating init config 
27832      DEBUG main            d.u.i.k.p.i.AbstractProblemLoader Init config took 2.83s 
27921      INFO  main            d.u.i.k.p.i.AbstractProblemLoader Replaying proof ArrayList[ArrayList::enlarge()].JML normal_behavior operation contract.0 
27925      DEBUG main            d.u.i.k.p.i.IntermediateProofReplayer Proof replay took 7ns 
30036      INFO  main            d.u.i.k.p.r.p.TestFile    ... finished proof: closed. 
30206      INFO  main            d.u.i.k.p.i.AbstractProblemLoader Loading environment from /home/runner/work/key/key/key.core/../key.ui/examples/heap/list_ghost/ArrayList_enlarge.key.proof 
30207      DEBUG main            d.u.i.k.p.i.AbstractProblemLoader Environment load took 522.91ns 
30208      INFO  main            d.u.i.k.p.i.AbstractProblemLoader Creating init config 
32965      DEBUG main            d.u.i.k.p.i.AbstractProblemLoader Init config took 2.76s 
33021      INFO  main            d.u.i.k.p.i.AbstractProblemLoader Replaying proof ArrayList[ArrayList::enlarge()].JML normal_behavior operation contract.0 
33335      DEBUG main            d.u.i.k.p.i.IntermediateProofReplayer Proof replay took 304.2ms 
33336      DEBUG main            d.u.i.k.p.r.p.TestFile    ... success: reloaded. 
33338      INFO  main            d.u.i.k.p.r.p.TestFile    Now processing file /home/runner/work/key/key/key.core/../key.ui/examples/heap/list_ghost/ArrayList_get_dep.key 
33338      INFO  main            d.u.i.k.p.i.AbstractProblemLoader Loading environment from /home/runner/work/key/key/key.core/../key.ui/examples/heap/list_ghost/ArrayList_get_dep.key 
33339      DEBUG main            d.u.i.k.p.i.AbstractProblemLoader Environment load took 229.1ns 
33340      INFO  main            d.u.i.k.p.i.AbstractProblemLoader Creating init config 
36110      DEBUG main            d.u.i.k.p.i.AbstractProblemLoader Init config took 2.77s 
36159      INFO  main            d.u.i.k.p.i.AbstractProblemLoader Replaying proof ArrayList[List::get(int)].JML accessible clause.0 
36161      DEBUG main            d.u.i.k.p.i.IntermediateProofReplayer Proof replay took 8ns 
36465      INFO  main            d.u.i.k.p.r.p.TestFile    ... finished proof: closed. 
36631      INFO  main            d.u.i.k.p.i.AbstractProblemLoader Loading environment from /home/runner/work/key/key/key.core/../key.ui/examples/heap/list_ghost/ArrayList_get_dep.key.proof 
36632      DEBUG main            d.u.i.k.p.i.AbstractProblemLoader Environment load took 707.71ns 
36633      INFO  main            d.u.i.k.p.i.AbstractProblemLoader Creating init config 
39370      DEBUG main            d.u.i.k.p.i.AbstractProblemLoader Init config took 2.74s 
39431      INFO  main            d.u.i.k.p.i.AbstractProblemLoader Replaying proof ArrayList[List::get(int)].JML accessible clause.0 
39488      DEBUG main            d.u.i.k.p.i.IntermediateProofReplayer Proof replay took 50.75ms 
39489      DEBUG main            d.u.i.k.p.r.p.TestFile    ... success: reloaded. 
39490      INFO  main            d.u.i.k.p.r.p.TestFile    Now processing file /home/runner/work/key/key/key.core/../key.ui/examples/heap/list_ghost/ArrayList_get_exceptional.key 
39491      INFO  main            d.u.i.k.p.i.AbstractProblemLoader Loading environment from /home/runner/work/key/key/key.core/../key.ui/examples/heap/list_ghost/ArrayList_get_exceptional.key 
39491      DEBUG main            d.u.i.k.p.i.AbstractProblemLoader Environment load took 101.7ns 
39492      INFO  main            d.u.i.k.p.i.AbstractProblemLoader Creating init config 
42263      DEBUG main            d.u.i.k.p.i.AbstractProblemLoader Init config took 2.77s 
42308      INFO  main            d.u.i.k.p.i.AbstractProblemLoader Replaying proof ArrayList[List::get(int)].JML exceptional_behavior operation contract.0 
42309      DEBUG main            d.u.i.k.p.i.IntermediateProofReplayer Proof replay took 17.6ns 
43016      INFO  main            d.u.i.k.p.r.p.TestFile    ... finished proof: closed. 
43213      INFO  main            d.u.i.k.p.i.AbstractProblemLoader Loading environment from /home/runner/work/key/key/key.core/../key.ui/examples/heap/list_ghost/ArrayList_get_exceptional.key.proof 
43214      DEBUG main            d.u.i.k.p.i.AbstractProblemLoader Environment load took 638.11ns 
43215      INFO  main            d.u.i.k.p.i.AbstractProblemLoader Creating init config 
45956      DEBUG main            d.u.i.k.p.i.AbstractProblemLoader Init config took 2.74s 
46024      INFO  main            d.u.i.k.p.i.AbstractProblemLoader Replaying proof ArrayList[List::get(int)].JML exceptional_behavior operation contract.0 
46142      DEBUG main            d.u.i.k.p.i.IntermediateProofReplayer Proof replay took 112.84ms 
46144      DEBUG main            d.u.i.k.p.r.p.TestFile    ... success: reloaded. 
46145      INFO  main            d.u.i.k.p.r.p.TestFile    Now processing file /home/runner/work/key/key/key.core/../key.ui/examples/heap/list_ghost/ArrayList_get_normal.key 
46146      INFO  main            d.u.i.k.p.i.AbstractProblemLoader Loading environment from /home/runner/work/key/key/key.core/../key.ui/examples/heap/list_ghost/ArrayList_get_normal.key 
46146      DEBUG main            d.u.i.k.p.i.AbstractProblemLoader Environment load took 245.8ns 
46147      INFO  main            d.u.i.k.p.i.AbstractProblemLoader Creating init config 
48861      DEBUG main            d.u.i.k.p.i.AbstractProblemLoader Init config took 2.71s 
48903      INFO  main            d.u.i.k.p.i.AbstractProblemLoader Replaying proof ArrayList[List::get(int)].JML normal_behavior operation contract.0 
48905      DEBUG main            d.u.i.k.p.i.IntermediateProofReplayer Proof replay took 6.6ns 
49108      INFO  main            d.u.i.k.p.r.p.TestFile    ... finished proof: closed. 
49297      INFO  main            d.u.i.k.p.i.AbstractProblemLoader Loading environment from /home/runner/work/key/key/key.core/../key.ui/examples/heap/list_ghost/ArrayList_get_normal.key.proof 
49298      DEBUG main            d.u.i.k.p.i.AbstractProblemLoader Environment load took 131.6ns 
49299      INFO  main            d.u.i.k.p.i.AbstractProblemLoader Creating init config 
52025      DEBUG main            d.u.i.k.p.i.AbstractProblemLoader Init config took 2.73s 
52068      INFO  main            d.u.i.k.p.i.AbstractProblemLoader Replaying proof ArrayList[List::get(int)].JML normal_behavior operation contract.0 
52110      DEBUG main            d.u.i.k.p.i.IntermediateProofReplayer Proof replay took 38.67ms 
52111      DEBUG main            d.u.i.k.p.r.p.TestFile    ... success: reloaded. 
52112      INFO  main            d.u.i.k.p.r.p.TestFile    Now processing file /home/runner/work/key/key/key.core/../key.ui/examples/heap/list_ghost/ArrayList_inv.key 
52112      INFO  main            d.u.i.k.p.i.AbstractProblemLoader Loading environment from /home/runner/work/key/key/key.core/../key.ui/examples/heap/list_ghost/ArrayList_inv.key 
52113      DEBUG main            d.u.i.k.p.i.AbstractProblemLoader Environment load took 103.8ns 
52114      INFO  main            d.u.i.k.p.i.AbstractProblemLoader Creating init config 
54883      DEBUG main            d.u.i.k.p.i.AbstractProblemLoader Init config took 2.77s 
54925      INFO  main            d.u.i.k.p.i.AbstractProblemLoader Replaying proof ArrayList[java.lang.Object::<inv>()].JML accessible clause.0 
54927      DEBUG main            d.u.i.k.p.i.IntermediateProofReplayer Proof replay took 7.3ns 
55032      INFO  main            d.u.i.k.p.r.p.TestFile    ... finished proof: closed. 
55206      INFO  main            d.u.i.k.p.i.AbstractProblemLoader Loading environment from /home/runner/work/key/key/key.core/../key.ui/examples/heap/list_ghost/ArrayList_inv.key.proof 
55206      DEBUG main            d.u.i.k.p.i.AbstractProblemLoader Environment load took 123ns 
55207      INFO  main            d.u.i.k.p.i.AbstractProblemLoader Creating init config 
57934      DEBUG main            d.u.i.k.p.i.AbstractProblemLoader Init config took 2.73s 
57988      INFO  main            d.u.i.k.p.i.AbstractProblemLoader Replaying proof ArrayList[java.lang.Object::<inv>()].JML accessible clause.0 
58000      DEBUG main            d.u.i.k.p.i.IntermediateProofReplayer Proof replay took 8.41ms 
58001      DEBUG main            d.u.i.k.p.r.p.TestFile    ... success: reloaded. 
58003      INFO  main            d.u.i.k.p.r.p.TestFile    Now processing file /home/runner/work/key/key/key.core/../key.ui/examples/heap/list_ghost/ArrayList_size_dep.key 
58003      INFO  main            d.u.i.k.p.i.AbstractProblemLoader Loading environment from /home/runner/work/key/key/key.core/../key.ui/examples/heap/list_ghost/ArrayList_size_dep.key 
58003      DEBUG main            d.u.i.k.p.i.AbstractProblemLoader Environment load took 231.9ns 
58004      INFO  main            d.u.i.k.p.i.AbstractProblemLoader Creating init config 
60751      DEBUG main            d.u.i.k.p.i.AbstractProblemLoader Init config took 2.75s 
60793      INFO  main            d.u.i.k.p.i.AbstractProblemLoader Replaying proof ArrayList[List::size()].JML accessible clause.0 
60795      DEBUG main            d.u.i.k.p.i.IntermediateProofReplayer Proof replay took 6.4ns 
60899      INFO  main            d.u.i.k.p.r.p.TestFile    ... finished proof: closed. 
61096      INFO  main            d.u.i.k.p.i.AbstractProblemLoader Loading environment from /home/runner/work/key/key/key.core/../key.ui/examples/heap/list_ghost/ArrayList_size_dep.key.proof 
61096      DEBUG main            d.u.i.k.p.i.AbstractProblemLoader Environment load took 124.4ns 
61097      INFO  main            d.u.i.k.p.i.AbstractProblemLoader Creating init config 
63846      DEBUG main            d.u.i.k.p.i.AbstractProblemLoader Init config took 2.75s 
63892      INFO  main            d.u.i.k.p.i.AbstractProblemLoader Replaying proof ArrayList[List::size()].JML accessible clause.0 
63906      DEBUG main            d.u.i.k.p.i.IntermediateProofReplayer Proof replay took 11.57ms 
63907      DEBUG main            d.u.i.k.p.r.p.TestFile    ... success: reloaded. 
63912      INFO  main            d.u.i.k.p.r.p.TestFile    Now processing file /home/runner/work/key/key/key.core/../key.ui/examples/heap/list_ghost/ArrayList_size.key 
63914      INFO  main            d.u.i.k.p.i.AbstractProblemLoader Loading environment from /home/runner/work/key/key/key.core/../key.ui/examples/heap/list_ghost/ArrayList_size.key 
63914      DEBUG main            d.u.i.k.p.i.AbstractProblemLoader Environment load took 139.6ns 
63915      INFO  main            d.u.i.k.p.i.AbstractProblemLoader Creating init config 
66661      DEBUG main            d.u.i.k.p.i.AbstractProblemLoader Init config took 2.75s 
66701      INFO  main            d.u.i.k.p.i.AbstractProblemLoader Replaying proof ArrayList[List::size()].JML normal_behavior operation contract.0 
66702      DEBUG main            d.u.i.k.p.i.IntermediateProofReplayer Proof replay took 6.9ns 
66806      INFO  main            d.u.i.k.p.r.p.TestFile    ... finished proof: closed. 
66993      INFO  main            d.u.i.k.p.i.AbstractProblemLoader Loading environment from /home/runner/work/key/key/key.core/../key.ui/examples/heap/list_ghost/ArrayList_size.key.proof 
66994      DEBUG main            d.u.i.k.p.i.AbstractProblemLoader Environment load took 122.5ns 
66994      INFO  main            d.u.i.k.p.i.AbstractProblemLoader Creating init config 
69643      DEBUG main            d.u.i.k.p.i.AbstractProblemLoader Init config took 2.65s 
69708      INFO  main            d.u.i.k.p.i.AbstractProblemLoader Replaying proof ArrayList[List::size()].JML normal_behavior operation contract.0 
69723      DEBUG main            d.u.i.k.p.i.IntermediateProofReplayer Proof replay took 13.19ms 
69724      DEBUG main            d.u.i.k.p.r.p.TestFile    ... success: reloaded. 
1209163    INFO  Test worker     d.u.i.k.p.r.RunAllProofsTestUnit Returning from test list_ghost 
1209165    INFO  Test worker     d.u.i.k.p.r.RunAllProofsTestUnit Running test list_recursive 
324        INFO  Timeout watchdog d.u.i.k.p.r.p.ForkedTestFileRunner Timeout watcher launched (2000 secs.) 
328        WARN  main            d.u.i.k.s.ProofSettings   The settings in /home/runner/.key/proof-settings.props are *not* read. 
356        INFO  main            d.u.i.k.p.r.p.TestFile    Now processing file /home/runner/work/key/key/key.core/../key.ui/examples/heap/list_recursiveSpec/ListOperationsNonNull_getNextNN_normal_behavior.key 
473        INFO  main            d.u.i.k.p.i.AbstractProblemLoader Loading environment from /home/runner/work/key/key/key.core/../key.ui/examples/heap/list_recursiveSpec/ListOperationsNonNull_getNextNN_normal_behavior.key 
497        DEBUG main            d.u.i.k.p.i.AbstractProblemLoader Environment load took 2.01ms 
730        INFO  main            d.u.i.k.p.i.AbstractProblemLoader Creating init config 
1545       DEBUG main            d.u.i.k.j.TypeConverter   No LDT found for Meta 
1546       DEBUG main            d.u.i.k.j.TypeConverter   No LDT found for Meta 
1547       DEBUG main            d.u.i.k.j.TypeConverter   No LDT found for Meta 
1547       DEBUG main            d.u.i.k.j.TypeConverter   No LDT found for Meta 
2854       DEBUG main            d.u.i.k.j.TypeConverter   No LDT found for JavaBigintExpression 
8449       DEBUG main            d.u.i.k.p.i.AbstractProblemLoader Init config took 7.72s 
8585       INFO  main            d.u.i.k.p.i.AbstractProblemLoader Replaying proof ListOperationsNonNull[ListOperationsNonNull::getNextNN(ListNN,int)].JML normal_behavior operation contract.0 
8620       DEBUG main            d.u.i.k.p.i.IntermediateProofReplayer Proof replay took 32.5ns 
9864       INFO  main            d.u.i.k.p.r.p.TestFile    ... finished proof: closed. 
9993       INFO  main            d.u.i.k.p.i.AbstractProblemLoader Loading environment from /home/runner/work/key/key/key.core/../key.ui/examples/heap/list_recursiveSpec/ListOperationsNonNull_getNextNN_normal_behavior.key.proof 
9993       DEBUG main            d.u.i.k.p.i.AbstractProblemLoader Environment load took 660.21ns 
9996       INFO  main            d.u.i.k.p.i.AbstractProblemLoader Creating init config 
13238      DEBUG main            d.u.i.k.p.i.AbstractProblemLoader Init config took 3.24s 
13330      INFO  main            d.u.i.k.p.i.AbstractProblemLoader Replaying proof ListOperationsNonNull[ListOperationsNonNull::getNextNN(ListNN,int)].JML normal_behavior operation contract.0 
13530      DEBUG main            d.u.i.k.p.i.IntermediateProofReplayer Proof replay took 182.43ms 
13537      DEBUG main            d.u.i.k.p.r.p.TestFile    ... success: reloaded. 
13541      INFO  main            d.u.i.k.p.r.p.TestFile    Now processing file /home/runner/work/key/key/key.core/../key.ui/examples/heap/list_recursiveSpec/ListOperationsNonNull_setValueAt_normal_behavior.key 
13542      INFO  main            d.u.i.k.p.i.AbstractProblemLoader Loading environment from /home/runner/work/key/key/key.core/../key.ui/examples/heap/list_recursiveSpec/ListOperationsNonNull_setValueAt_normal_behavior.key 
13542      DEBUG main            d.u.i.k.p.i.AbstractProblemLoader Environment load took 283.8ns 
13546      INFO  main            d.u.i.k.p.i.AbstractProblemLoader Creating init config 
16691      DEBUG main            d.u.i.k.p.i.AbstractProblemLoader Init config took 3.15s 
16755      INFO  main            d.u.i.k.p.i.AbstractProblemLoader Replaying proof ListOperationsNonNull[ListOperationsNonNull::setValueAt_NN(ListNN,int,int)].JML normal_behavior operation contract.0 
16757      DEBUG main            d.u.i.k.p.i.IntermediateProofReplayer Proof replay took 6.9ns 
16789      DEBUG main            d.u.i.k.m.s.ProofScriptEngine [1] goal: 0, source line: 51, command: 'macro autopilot' 
19533      DEBUG main            d.u.i.k.m.s.ProofScriptEngine [2] goal: 79, source line: 52, command: 'macro simp-upd' 
19541      DEBUG main            d.u.i.k.m.s.ProofScriptEngine [3] goal: 1451, source line: 53, command: 'rule observerDependencyEQ' 
19559      DEBUG main            d.u.i.k.m.s.ProofScriptEngine [4] goal: 1452, source line: 54, command: 'tryclose' 
19596      INFO  main            d.u.i.k.p.r.p.TestFile    ... finished proof: closed. 
19740      INFO  main            d.u.i.k.p.i.AbstractProblemLoader Loading environment from /home/runner/work/key/key/key.core/../key.ui/examples/heap/list_recursiveSpec/ListOperationsNonNull_setValueAt_normal_behavior.key.proof 
19741      DEBUG main            d.u.i.k.p.i.AbstractProblemLoader Environment load took 1.18ms 
19744      INFO  main            d.u.i.k.p.i.AbstractProblemLoader Creating init config 
22760      DEBUG main            d.u.i.k.p.i.AbstractProblemLoader Init config took 3.02s 
22817      INFO  main            d.u.i.k.p.i.AbstractProblemLoader Replaying proof ListOperationsNonNull[ListOperationsNonNull::setValueAt_NN(ListNN,int,int)].JML normal_behavior operation contract.0 
22932      DEBUG main            d.u.i.k.p.i.IntermediateProofReplayer Proof replay took 109.81ms 
22934      DEBUG main            d.u.i.k.p.r.p.TestFile    ... success: reloaded. 
1232284    INFO  Test worker     d.u.i.k.p.r.RunAllProofsTestUnit Returning from test list_recursive 
1232287    INFO  Test worker     d.u.i.k.p.r.RunAllProofsTestUnit Running test list_seq 
324        INFO  Timeout watchdog d.u.i.k.p.r.p.ForkedTestFileRunner Timeout watcher launched (2000 secs.) 
334        WARN  main            d.u.i.k.s.ProofSettings   The settings in /home/runner/.key/proof-settings.props are *not* read. 
366        INFO  main            d.u.i.k.p.r.p.TestFile    Now processing file /home/runner/work/key/key/key.core/../key.ui/examples/heap/list_seq/SimplifiedLinkedList.remove.key 
492        INFO  main            d.u.i.k.p.i.AbstractProblemLoader Loading environment from /home/runner/work/key/key/key.core/../key.ui/examples/heap/list_seq/SimplifiedLinkedList.remove.key 
509        DEBUG main            d.u.i.k.p.i.AbstractProblemLoader Environment load took 2.28ms 
738        INFO  main            d.u.i.k.p.i.AbstractProblemLoader Creating init config 
1590       DEBUG main            d.u.i.k.j.TypeConverter   No LDT found for Meta 
1591       DEBUG main            d.u.i.k.j.TypeConverter   No LDT found for Meta 
1593       DEBUG main            d.u.i.k.j.TypeConverter   No LDT found for Meta 
1593       DEBUG main            d.u.i.k.j.TypeConverter   No LDT found for Meta 
3214       DEBUG main            d.u.i.k.j.TypeConverter   No LDT found for JavaBigintExpression 
8656       DEBUG main            d.u.i.k.p.i.AbstractProblemLoader Init config took 7.92s 
8873       INFO  main            d.u.i.k.p.i.AbstractProblemLoader Replaying proof SimplifiedLinkedList[SimplifiedLinkedList::remove(int)].JML normal_behavior operation contract.0 
8951       DEBUG main            d.u.i.k.p.i.IntermediateProofReplayer Proof replay took 42.1ns 
79763      INFO  main            d.u.i.k.p.r.p.TestFile    ... finished proof: closed. 
80132      INFO  main            d.u.i.k.p.i.AbstractProblemLoader Loading environment from /home/runner/work/key/key/key.core/../key.ui/examples/heap/list_seq/SimplifiedLinkedList.remove.key.proof 
80133      DEBUG main            d.u.i.k.p.i.AbstractProblemLoader Environment load took 1.12ms 
80154      INFO  main            d.u.i.k.p.i.AbstractProblemLoader Creating init config 
83402      DEBUG main            d.u.i.k.p.i.AbstractProblemLoader Init config took 3.25s 
83501      INFO  main            d.u.i.k.p.i.AbstractProblemLoader Replaying proof SimplifiedLinkedList[SimplifiedLinkedList::remove(int)].JML normal_behavior operation contract.0 
86061      DEBUG main            d.u.i.k.p.i.IntermediateProofReplayer Proof replay took 2.24s 
86100      DEBUG main            d.u.i.k.p.r.p.TestFile    ... success: reloaded. 
86104      INFO  main            d.u.i.k.p.r.p.TestFile    Now processing file /home/runner/work/key/key/key.core/../key.ui/examples/heap/list_seq/ArrayList.ArrayList.key 
86105      INFO  main            d.u.i.k.p.i.AbstractProblemLoader Loading environment from /home/runner/work/key/key/key.core/../key.ui/examples/heap/list_seq/ArrayList.ArrayList.key 
86105      DEBUG main            d.u.i.k.p.i.AbstractProblemLoader Environment load took 294.81ns 
86111      INFO  main            d.u.i.k.p.i.AbstractProblemLoader Creating init config 
89457      DEBUG main            d.u.i.k.p.i.AbstractProblemLoader Init config took 3.35s 
89542      INFO  main            d.u.i.k.p.i.AbstractProblemLoader Replaying proof ArrayList[ArrayList::ArrayList()].JML normal_behavior operation contract.0 
89544      DEBUG main            d.u.i.k.p.i.IntermediateProofReplayer Proof replay took 6.5ns 
90366      INFO  main            d.u.i.k.p.r.p.TestFile    ... finished proof: closed. 
90545      INFO  main            d.u.i.k.p.i.AbstractProblemLoader Loading environment from /home/runner/work/key/key/key.core/../key.ui/examples/heap/list_seq/ArrayList.ArrayList.key.proof 
90546      DEBUG main            d.u.i.k.p.i.AbstractProblemLoader Environment load took 494.21ns 
90547      INFO  main            d.u.i.k.p.i.AbstractProblemLoader Creating init config 
93630      DEBUG main            d.u.i.k.p.i.AbstractProblemLoader Init config took 3.08s 
93709      INFO  main            d.u.i.k.p.i.AbstractProblemLoader Replaying proof ArrayList[ArrayList::ArrayList()].JML normal_behavior operation contract.0 
93810      DEBUG main            d.u.i.k.p.i.IntermediateProofReplayer Proof replay took 96.43ms 
93812      DEBUG main            d.u.i.k.p.r.p.TestFile    ... success: reloaded. 
93813      INFO  main            d.u.i.k.p.r.p.TestFile    Now processing file /home/runner/work/key/key/key.core/../key.ui/examples/heap/list_seq/ArrayList.add.key 
93814      INFO  main            d.u.i.k.p.i.AbstractProblemLoader Loading environment from /home/runner/work/key/key/key.core/../key.ui/examples/heap/list_seq/ArrayList.add.key 
93814      DEBUG main            d.u.i.k.p.i.AbstractProblemLoader Environment load took 242.51ns 
93815      INFO  main            d.u.i.k.p.i.AbstractProblemLoader Creating init config 
96924      DEBUG main            d.u.i.k.p.i.AbstractProblemLoader Init config took 3.11s 
97010      INFO  main            d.u.i.k.p.i.AbstractProblemLoader Replaying proof ArrayList[List::add(java.lang.Object)].JML normal_behavior operation contract.0 
97013      DEBUG main            d.u.i.k.p.i.IntermediateProofReplayer Proof replay took 7.3ns 
100348     INFO  main            d.u.i.k.p.r.p.TestFile    ... finished proof: closed. 
100539     INFO  main            d.u.i.k.p.i.AbstractProblemLoader Loading environment from /home/runner/work/key/key/key.core/../key.ui/examples/heap/list_seq/ArrayList.add.key.proof 
100540     DEBUG main            d.u.i.k.p.i.AbstractProblemLoader Environment load took 533.01ns 
100542     INFO  main            d.u.i.k.p.i.AbstractProblemLoader Creating init config 
103544     DEBUG main            d.u.i.k.p.i.AbstractProblemLoader Init config took 3s 
103620     INFO  main            d.u.i.k.p.i.AbstractProblemLoader Replaying proof ArrayList[List::add(java.lang.Object)].JML normal_behavior operation contract.0 
103860     DEBUG main            d.u.i.k.p.i.IntermediateProofReplayer Proof replay took 226.88ms 
103862     DEBUG main            d.u.i.k.p.r.p.TestFile    ... success: reloaded. 
103863     INFO  main            d.u.i.k.p.r.p.TestFile    Now processing file /home/runner/work/key/key/key.core/../key.ui/examples/heap/list_seq/ArrayList.contains.key 
103871     INFO  main            d.u.i.k.p.i.AbstractProblemLoader Loading environment from /home/runner/work/key/key/key.core/../key.ui/examples/heap/list_seq/ArrayList.contains.key 
103872     DEBUG main            d.u.i.k.p.i.AbstractProblemLoader Environment load took 376.51ns 
103873     INFO  main            d.u.i.k.p.i.AbstractProblemLoader Creating init config 
106934     DEBUG main            d.u.i.k.p.i.AbstractProblemLoader Init config took 3.06s 
107009     INFO  main            d.u.i.k.p.i.AbstractProblemLoader Replaying proof ArrayList[List::contains(java.lang.Object)].JML normal_behavior operation contract.0 
107010     DEBUG main            d.u.i.k.p.i.IntermediateProofReplayer Proof replay took 6.5ns 
108518     INFO  main            d.u.i.k.p.r.p.TestFile    ... finished proof: closed. 
108726     INFO  main            d.u.i.k.p.i.AbstractProblemLoader Loading environment from /home/runner/work/key/key/key.core/../key.ui/examples/heap/list_seq/ArrayList.contains.key.proof 
108727     DEBUG main            d.u.i.k.p.i.AbstractProblemLoader Environment load took 499.11ns 
108728     INFO  main            d.u.i.k.p.i.AbstractProblemLoader Creating init config 
111747     DEBUG main            d.u.i.k.p.i.AbstractProblemLoader Init config took 3.02s 
111832     INFO  main            d.u.i.k.p.i.AbstractProblemLoader Replaying proof ArrayList[List::contains(java.lang.Object)].JML normal_behavior operation contract.0 
111996     DEBUG main            d.u.i.k.p.i.IntermediateProofReplayer Proof replay took 156.2ms 
111998     DEBUG main            d.u.i.k.p.r.p.TestFile    ... success: reloaded. 
111999     INFO  main            d.u.i.k.p.r.p.TestFile    Now processing file /home/runner/work/key/key/key.core/../key.ui/examples/heap/list_seq/ArrayList.enlarge.key 
111999     INFO  main            d.u.i.k.p.i.AbstractProblemLoader Loading environment from /home/runner/work/key/key/key.core/../key.ui/examples/heap/list_seq/ArrayList.enlarge.key 
111999     DEBUG main            d.u.i.k.p.i.AbstractProblemLoader Environment load took 257.21ns 
112000     INFO  main            d.u.i.k.p.i.AbstractProblemLoader Creating init config 
115020     DEBUG main            d.u.i.k.p.i.AbstractProblemLoader Init config took 3.02s 
115094     INFO  main            d.u.i.k.p.i.AbstractProblemLoader Replaying proof ArrayList[ArrayList::enlarge()].JML normal_behavior operation contract.0 
115096     DEBUG main            d.u.i.k.p.i.IntermediateProofReplayer Proof replay took 7.5ns 
117113     INFO  main            d.u.i.k.p.r.p.TestFile    ... finished proof: closed. 
117318     INFO  main            d.u.i.k.p.i.AbstractProblemLoader Loading environment from /home/runner/work/key/key/key.core/../key.ui/examples/heap/list_seq/ArrayList.enlarge.key.proof 
117319     DEBUG main            d.u.i.k.p.i.AbstractProblemLoader Environment load took 496.71ns 
117320     INFO  main            d.u.i.k.p.i.AbstractProblemLoader Creating init config 
120304     DEBUG main            d.u.i.k.p.i.AbstractProblemLoader Init config took 2.98s 
120403     INFO  main            d.u.i.k.p.i.AbstractProblemLoader Replaying proof ArrayList[ArrayList::enlarge()].JML normal_behavior operation contract.0 
120641     DEBUG main            d.u.i.k.p.i.IntermediateProofReplayer Proof replay took 228.56ms 
120643     DEBUG main            d.u.i.k.p.r.p.TestFile    ... success: reloaded. 
120644     INFO  main            d.u.i.k.p.r.p.TestFile    Now processing file /home/runner/work/key/key/key.core/../key.ui/examples/heap/list_seq/ArrayList.get.key 
120644     INFO  main            d.u.i.k.p.i.AbstractProblemLoader Loading environment from /home/runner/work/key/key/key.core/../key.ui/examples/heap/list_seq/ArrayList.get.key 
120645     DEBUG main            d.u.i.k.p.i.AbstractProblemLoader Environment load took 238.21ns 
120646     INFO  main            d.u.i.k.p.i.AbstractProblemLoader Creating init config 
123667     DEBUG main            d.u.i.k.p.i.AbstractProblemLoader Init config took 3.02s 
123772     INFO  main            d.u.i.k.p.i.AbstractProblemLoader Replaying proof ArrayList[List::get(int)].JML normal_behavior operation contract.0 
123775     DEBUG main            d.u.i.k.p.i.IntermediateProofReplayer Proof replay took 7.9ns 
124279     INFO  main            d.u.i.k.p.r.p.TestFile    ... finished proof: closed. 
124490     INFO  main            d.u.i.k.p.i.AbstractProblemLoader Loading environment from /home/runner/work/key/key/key.core/../key.ui/examples/heap/list_seq/ArrayList.get.key.proof 
124491     DEBUG main            d.u.i.k.p.i.AbstractProblemLoader Environment load took 500.21ns 
124492     INFO  main            d.u.i.k.p.i.AbstractProblemLoader Creating init config 
127475     DEBUG main            d.u.i.k.p.i.AbstractProblemLoader Init config took 2.98s 
127547     INFO  main            d.u.i.k.p.i.AbstractProblemLoader Replaying proof ArrayList[List::get(int)].JML normal_behavior operation contract.0 
127588     DEBUG main            d.u.i.k.p.i.IntermediateProofReplayer Proof replay took 37.49ms 
127589     DEBUG main            d.u.i.k.p.r.p.TestFile    ... success: reloaded. 
127590     INFO  main            d.u.i.k.p.r.p.TestFile    Now processing file /home/runner/work/key/key/key.core/../key.ui/examples/heap/list_seq/ArrayList.newArray.key 
127590     INFO  main            d.u.i.k.p.i.AbstractProblemLoader Loading environment from /home/runner/work/key/key/key.core/../key.ui/examples/heap/list_seq/ArrayList.newArray.key 
127591     DEBUG main            d.u.i.k.p.i.AbstractProblemLoader Environment load took 110.2ns 
127592     INFO  main            d.u.i.k.p.i.AbstractProblemLoader Creating init config 
130609     DEBUG main            d.u.i.k.p.i.AbstractProblemLoader Init config took 3.02s 
130680     INFO  main            d.u.i.k.p.i.AbstractProblemLoader Replaying proof ArrayList[ArrayList::newArray(int)].JML normal_behavior operation contract.0 
130682     DEBUG main            d.u.i.k.p.i.IntermediateProofReplayer Proof replay took 6.3ns 
130987     INFO  main            d.u.i.k.p.r.p.TestFile    ... finished proof: closed. 
131187     INFO  main            d.u.i.k.p.i.AbstractProblemLoader Loading environment from /home/runner/work/key/key/key.core/../key.ui/examples/heap/list_seq/ArrayList.newArray.key.proof 
131187     DEBUG main            d.u.i.k.p.i.AbstractProblemLoader Environment load took 129.7ns 
131188     INFO  main            d.u.i.k.p.i.AbstractProblemLoader Creating init config 
134133     DEBUG main            d.u.i.k.p.i.AbstractProblemLoader Init config took 2.94s 
134213     INFO  main            d.u.i.k.p.i.AbstractProblemLoader Replaying proof ArrayList[ArrayList::newArray(int)].JML normal_behavior operation contract.0 
134254     DEBUG main            d.u.i.k.p.i.IntermediateProofReplayer Proof replay took 38.29ms 
134256     DEBUG main            d.u.i.k.p.r.p.TestFile    ... success: reloaded. 
134257     INFO  main            d.u.i.k.p.r.p.TestFile    Now processing file /home/runner/work/key/key/key.core/../key.ui/examples/heap/list_seq/ArrayList.remove.0.key 
134257     INFO  main            d.u.i.k.p.i.AbstractProblemLoader Loading environment from /home/runner/work/key/key/key.core/../key.ui/examples/heap/list_seq/ArrayList.remove.0.key 
134258     DEBUG main            d.u.i.k.p.i.AbstractProblemLoader Environment load took 230.81ns 
134259     INFO  main            d.u.i.k.p.i.AbstractProblemLoader Creating init config 
137208     DEBUG main            d.u.i.k.p.i.AbstractProblemLoader Init config took 2.95s 
137278     INFO  main            d.u.i.k.p.i.AbstractProblemLoader Replaying proof ArrayList[List::remove(java.lang.Object)].JML normal_behavior operation contract.0 
137279     DEBUG main            d.u.i.k.p.i.IntermediateProofReplayer Proof replay took 7.3ns 
139186     INFO  main            d.u.i.k.p.r.p.TestFile    ... finished proof: closed. 
139410     INFO  main            d.u.i.k.p.i.AbstractProblemLoader Loading environment from /home/runner/work/key/key/key.core/../key.ui/examples/heap/list_seq/ArrayList.remove.0.key.proof 
139411     DEBUG main            d.u.i.k.p.i.AbstractProblemLoader Environment load took 541.41ns 
139412     INFO  main            d.u.i.k.p.i.AbstractProblemLoader Creating init config 
142321     DEBUG main            d.u.i.k.p.i.AbstractProblemLoader Init config took 2.91s 
142395     INFO  main            d.u.i.k.p.i.AbstractProblemLoader Replaying proof ArrayList[List::remove(java.lang.Object)].JML normal_behavior operation contract.0 
142719     DEBUG main            d.u.i.k.p.i.IntermediateProofReplayer Proof replay took 315.95ms 
142721     DEBUG main            d.u.i.k.p.r.p.TestFile    ... success: reloaded. 
142722     INFO  main            d.u.i.k.p.r.p.TestFile    Now processing file /home/runner/work/key/key/key.core/../key.ui/examples/heap/list_seq/ArrayList.remove.1.key 
142722     INFO  main            d.u.i.k.p.i.AbstractProblemLoader Loading environment from /home/runner/work/key/key/key.core/../key.ui/examples/heap/list_seq/ArrayList.remove.1.key 
142722     DEBUG main            d.u.i.k.p.i.AbstractProblemLoader Environment load took 241.41ns 
142723     INFO  main            d.u.i.k.p.i.AbstractProblemLoader Creating init config 
145705     DEBUG main            d.u.i.k.p.i.AbstractProblemLoader Init config took 2.98s 
145774     INFO  main            d.u.i.k.p.i.AbstractProblemLoader Replaying proof ArrayList[List::remove(java.lang.Object)].JML normal_behavior operation contract.1 
145777     DEBUG main            d.u.i.k.p.i.IntermediateProofReplayer Proof replay took 7ns 
157176     INFO  main            d.u.i.k.p.r.p.TestFile    ... finished proof: closed. 
157438     INFO  main            d.u.i.k.p.i.AbstractProblemLoader Loading environment from /home/runner/work/key/key/key.core/../key.ui/examples/heap/list_seq/ArrayList.remove.1.key.proof 
157439     DEBUG main            d.u.i.k.p.i.AbstractProblemLoader Environment load took 524.21ns 
157442     INFO  main            d.u.i.k.p.i.AbstractProblemLoader Creating init config 
160343     DEBUG main            d.u.i.k.p.i.AbstractProblemLoader Init config took 2.9s 
160412     INFO  main            d.u.i.k.p.i.AbstractProblemLoader Replaying proof ArrayList[List::remove(java.lang.Object)].JML normal_behavior operation contract.1 
161233     DEBUG main            d.u.i.k.p.i.IntermediateProofReplayer Proof replay took 785.67ms 
161236     DEBUG main            d.u.i.k.p.r.p.TestFile    ... success: reloaded. 
1393721    INFO  Test worker     d.u.i.k.p.r.RunAllProofsTestUnit Returning from test list_seq 
1393723    INFO  Test worker     d.u.i.k.p.r.RunAllProofsTestUnit Running test observer 
389        INFO  Timeout watchdog d.u.i.k.p.r.p.ForkedTestFileRunner Timeout watcher launched (2000 secs.) 
427        WARN  main            d.u.i.k.s.ProofSettings   The settings in /home/runner/.key/proof-settings.props are *not* read. 
473        INFO  main            d.u.i.k.p.r.p.TestFile    Now processing file /home/runner/work/key/key/key.core/../key.ui/examples/heap/observer/ExampleObserver_ExampleObserver.key 
601        INFO  main            d.u.i.k.p.i.AbstractProblemLoader Loading environment from /home/runner/work/key/key/key.core/../key.ui/examples/heap/observer/ExampleObserver_ExampleObserver.key 
636        DEBUG main            d.u.i.k.p.i.AbstractProblemLoader Environment load took 2.44ms 
885        INFO  main            d.u.i.k.p.i.AbstractProblemLoader Creating init config 
1801       DEBUG main            d.u.i.k.j.TypeConverter   No LDT found for Meta 
1802       DEBUG main            d.u.i.k.j.TypeConverter   No LDT found for Meta 
1806       DEBUG main            d.u.i.k.j.TypeConverter   No LDT found for Meta 
1806       DEBUG main            d.u.i.k.j.TypeConverter   No LDT found for Meta 
3158       DEBUG main            d.u.i.k.j.TypeConverter   No LDT found for JavaBigintExpression 
8635       DEBUG main            d.u.i.k.p.i.AbstractProblemLoader Init config took 7.75s 
8817       INFO  main            d.u.i.k.p.i.AbstractProblemLoader Replaying proof ExampleObserver[ExampleObserver::ExampleObserver(ExampleSubject)].JML normal_behavior operation contract.0 
8856       DEBUG main            d.u.i.k.p.i.IntermediateProofReplayer Proof replay took 34.7ns 
9875       INFO  main            d.u.i.k.p.r.p.TestFile    ... finished proof: closed. 
10008      INFO  main            d.u.i.k.p.i.AbstractProblemLoader Loading environment from /home/runner/work/key/key/key.core/../key.ui/examples/heap/observer/ExampleObserver_ExampleObserver.key.proof 
10011      DEBUG main            d.u.i.k.p.i.AbstractProblemLoader Environment load took 2.66ms 
10014      INFO  main            d.u.i.k.p.i.AbstractProblemLoader Creating init config 
13009      DEBUG main            d.u.i.k.p.i.AbstractProblemLoader Init config took 2.99s 
13090      INFO  main            d.u.i.k.p.i.AbstractProblemLoader Replaying proof ExampleObserver[ExampleObserver::ExampleObserver(ExampleSubject)].JML normal_behavior operation contract.0 
13248      DEBUG main            d.u.i.k.p.i.IntermediateProofReplayer Proof replay took 145.43ms 
13257      DEBUG main            d.u.i.k.p.r.p.TestFile    ... success: reloaded. 
13259      INFO  main            d.u.i.k.p.r.p.TestFile    Now processing file /home/runner/work/key/key/key.core/../key.ui/examples/heap/observer/ExampleObserver_inv.key 
13260      INFO  main            d.u.i.k.p.i.AbstractProblemLoader Loading environment from /home/runner/work/key/key/key.core/../key.ui/examples/heap/observer/ExampleObserver_inv.key 
13260      DEBUG main            d.u.i.k.p.i.AbstractProblemLoader Environment load took 142.5ns 
13263      INFO  main            d.u.i.k.p.i.AbstractProblemLoader Creating init config 
16254      DEBUG main            d.u.i.k.p.i.AbstractProblemLoader Init config took 2.99s 
16323      INFO  main            d.u.i.k.p.i.AbstractProblemLoader Replaying proof ExampleObserver[java.lang.Object::<inv>()].JML accessible clause.0 
16326      DEBUG main            d.u.i.k.p.i.IntermediateProofReplayer Proof replay took 7.9ns 
16429      INFO  main            d.u.i.k.p.r.p.TestFile    ... finished proof: closed. 
16567      INFO  main            d.u.i.k.p.i.AbstractProblemLoader Loading environment from /home/runner/work/key/key/key.core/../key.ui/examples/heap/observer/ExampleObserver_inv.key.proof 
16567      DEBUG main            d.u.i.k.p.i.AbstractProblemLoader Environment load took 143.4ns 
16570      INFO  main            d.u.i.k.p.i.AbstractProblemLoader Creating init config 
19345      DEBUG main            d.u.i.k.p.i.AbstractProblemLoader Init config took 2.78s 
19400      INFO  main            d.u.i.k.p.i.AbstractProblemLoader Replaying proof ExampleObserver[java.lang.Object::<inv>()].JML accessible clause.0 
19415      DEBUG main            d.u.i.k.p.i.IntermediateProofReplayer Proof replay took 13.08ms 
19417      DEBUG main            d.u.i.k.p.r.p.TestFile    ... success: reloaded. 
19418      INFO  main            d.u.i.k.p.r.p.TestFile    Now processing file /home/runner/work/key/key/key.core/../key.ui/examples/heap/observer/ExampleObserver_subject.key 
19419      INFO  main            d.u.i.k.p.i.AbstractProblemLoader Loading environment from /home/runner/work/key/key/key.core/../key.ui/examples/heap/observer/ExampleObserver_subject.key 
19419      DEBUG main            d.u.i.k.p.i.AbstractProblemLoader Environment load took 245.81ns 
19420      INFO  main            d.u.i.k.p.i.AbstractProblemLoader Creating init config 
22193      DEBUG main            d.u.i.k.p.i.AbstractProblemLoader Init config took 2.77s 
22243      INFO  main            d.u.i.k.p.i.AbstractProblemLoader Replaying proof Observer[Observer::$subject()].JML accessible clause.0 
22245      DEBUG main            d.u.i.k.p.i.IntermediateProofReplayer Proof replay took 8.5ns 
22350      INFO  main            d.u.i.k.p.r.p.TestFile    ... finished proof: closed. 
22498      INFO  main            d.u.i.k.p.i.AbstractProblemLoader Loading environment from /home/runner/work/key/key/key.core/../key.ui/examples/heap/observer/ExampleObserver_subject.key.proof 
22498      DEBUG main            d.u.i.k.p.i.AbstractProblemLoader Environment load took 130.1ns 
22499      INFO  main            d.u.i.k.p.i.AbstractProblemLoader Creating init config 
25214      DEBUG main            d.u.i.k.p.i.AbstractProblemLoader Init config took 2.71s 
25291      INFO  main            d.u.i.k.p.i.AbstractProblemLoader Replaying proof Observer[Observer::$subject()].JML accessible clause.0 
25295      DEBUG main            d.u.i.k.p.i.IntermediateProofReplayer Proof replay took 1.52ms 
25296      DEBUG main            d.u.i.k.p.r.p.TestFile    ... success: reloaded. 
25297      INFO  main            d.u.i.k.p.r.p.TestFile    Now processing file /home/runner/work/key/key/key.core/../key.ui/examples/heap/observer/ExampleObserver_update.key 
25298      INFO  main            d.u.i.k.p.i.AbstractProblemLoader Loading environment from /home/runner/work/key/key/key.core/../key.ui/examples/heap/observer/ExampleObserver_update.key 
25298      DEBUG main            d.u.i.k.p.i.AbstractProblemLoader Environment load took 256.81ns 
25299      INFO  main            d.u.i.k.p.i.AbstractProblemLoader Creating init config 
28041      DEBUG main            d.u.i.k.p.i.AbstractProblemLoader Init config took 2.74s 
28091      INFO  main            d.u.i.k.p.i.AbstractProblemLoader Replaying proof ExampleObserver[Observer::update()].JML normal_behavior operation contract.0 
28093      DEBUG main            d.u.i.k.p.i.IntermediateProofReplayer Proof replay took 8.3ns 
28402      INFO  main            d.u.i.k.p.r.p.TestFile    ... finished proof: closed. 
28566      INFO  main            d.u.i.k.p.i.AbstractProblemLoader Loading environment from /home/runner/work/key/key/key.core/../key.ui/examples/heap/observer/ExampleObserver_update.key.proof 
28567      DEBUG main            d.u.i.k.p.i.AbstractProblemLoader Environment load took 1.56ms 
28569      INFO  main            d.u.i.k.p.i.AbstractProblemLoader Creating init config 
31341      DEBUG main            d.u.i.k.p.i.AbstractProblemLoader Init config took 2.77s 
31389      INFO  main            d.u.i.k.p.i.AbstractProblemLoader Replaying proof ExampleObserver[Observer::update()].JML normal_behavior operation contract.0 
31442      DEBUG main            d.u.i.k.p.i.IntermediateProofReplayer Proof replay took 49.69ms 
31443      DEBUG main            d.u.i.k.p.r.p.TestFile    ... success: reloaded. 
31445      INFO  main            d.u.i.k.p.r.p.TestFile    Now processing file /home/runner/work/key/key/key.core/../key.ui/examples/heap/observer/ExampleObserver_upToDate.key 
31445      INFO  main            d.u.i.k.p.i.AbstractProblemLoader Loading environment from /home/runner/work/key/key/key.core/../key.ui/examples/heap/observer/ExampleObserver_upToDate.key 
31446      DEBUG main            d.u.i.k.p.i.AbstractProblemLoader Environment load took 237.6ns 
31447      INFO  main            d.u.i.k.p.i.AbstractProblemLoader Creating init config 
34163      DEBUG main            d.u.i.k.p.i.AbstractProblemLoader Init config took 2.72s 
34210      INFO  main            d.u.i.k.p.i.AbstractProblemLoader Replaying proof ExampleObserver[Observer::$upToDate()].JML accessible clause.0 
34212      DEBUG main            d.u.i.k.p.i.IntermediateProofReplayer Proof replay took 8.3ns 
34415      INFO  main            d.u.i.k.p.r.p.TestFile    ... finished proof: closed. 
34607      INFO  main            d.u.i.k.p.i.AbstractProblemLoader Loading environment from /home/runner/work/key/key/key.core/../key.ui/examples/heap/observer/ExampleObserver_upToDate.key.proof 
34608      DEBUG main            d.u.i.k.p.i.AbstractProblemLoader Environment load took 129.5ns 
34609      INFO  main            d.u.i.k.p.i.AbstractProblemLoader Creating init config 
37315      DEBUG main            d.u.i.k.p.i.AbstractProblemLoader Init config took 2.71s 
37362      INFO  main            d.u.i.k.p.i.AbstractProblemLoader Replaying proof ExampleObserver[Observer::$upToDate()].JML accessible clause.0 
37380      DEBUG main            d.u.i.k.p.i.IntermediateProofReplayer Proof replay took 15.48ms 
37381      DEBUG main            d.u.i.k.p.r.p.TestFile    ... success: reloaded. 
37382      INFO  main            d.u.i.k.p.r.p.TestFile    Now processing file /home/runner/work/key/key/key.core/../key.ui/examples/heap/observer/ExampleObserver_value.key 
37383      INFO  main            d.u.i.k.p.i.AbstractProblemLoader Loading environment from /home/runner/work/key/key/key.core/../key.ui/examples/heap/observer/ExampleObserver_value.key 
37383      DEBUG main            d.u.i.k.p.i.AbstractProblemLoader Environment load took 119.8ns 
37384      INFO  main            d.u.i.k.p.i.AbstractProblemLoader Creating init config 
40111      DEBUG main            d.u.i.k.p.i.AbstractProblemLoader Init config took 2.73s 
40158      INFO  main            d.u.i.k.p.i.AbstractProblemLoader Replaying proof ExampleObserver[ExampleObserver::value()].JML normal_behavior operation contract.0 
40160      DEBUG main            d.u.i.k.p.i.IntermediateProofReplayer Proof replay took 7.5ns 
40262      INFO  main            d.u.i.k.p.r.p.TestFile    ... finished proof: closed. 
40426      INFO  main            d.u.i.k.p.i.AbstractProblemLoader Loading environment from /home/runner/work/key/key/key.core/../key.ui/examples/heap/observer/ExampleObserver_value.key.proof 
40426      DEBUG main            d.u.i.k.p.i.AbstractProblemLoader Environment load took 126.8ns 
40427      INFO  main            d.u.i.k.p.i.AbstractProblemLoader Creating init config 
43042      DEBUG main            d.u.i.k.p.i.AbstractProblemLoader Init config took 2.61s 
43099      INFO  main            d.u.i.k.p.i.AbstractProblemLoader Replaying proof ExampleObserver[ExampleObserver::value()].JML normal_behavior operation contract.0 
43117      DEBUG main            d.u.i.k.p.i.IntermediateProofReplayer Proof replay took 15.9ms 
43118      DEBUG main            d.u.i.k.p.r.p.TestFile    ... success: reloaded. 
43119      INFO  main            d.u.i.k.p.r.p.TestFile    Now processing file /home/runner/work/key/key/key.core/../key.ui/examples/heap/observer/ExampleSubject_addObserver.key 
43119      INFO  main            d.u.i.k.p.i.AbstractProblemLoader Loading environment from /home/runner/work/key/key/key.core/../key.ui/examples/heap/observer/ExampleSubject_addObserver.key 
43120      DEBUG main            d.u.i.k.p.i.AbstractProblemLoader Environment load took 114ns 
43121      INFO  main            d.u.i.k.p.i.AbstractProblemLoader Creating init config 
45789      DEBUG main            d.u.i.k.p.i.AbstractProblemLoader Init config took 2.67s 
45839      INFO  main            d.u.i.k.p.i.AbstractProblemLoader Replaying proof ExampleSubject[Subject::addObserver(Observer)].JML normal_behavior operation contract.0 
45841      DEBUG main            d.u.i.k.p.i.IntermediateProofReplayer Proof replay took 8.5ns 
51841      INFO  main            d.u.i.k.p.r.p.TestFile    ... finished proof: closed. 
52057      INFO  main            d.u.i.k.p.i.AbstractProblemLoader Loading environment from /home/runner/work/key/key/key.core/../key.ui/examples/heap/observer/ExampleSubject_addObserver.key.proof 
52057      DEBUG main            d.u.i.k.p.i.AbstractProblemLoader Environment load took 528.71ns 
52060      INFO  main            d.u.i.k.p.i.AbstractProblemLoader Creating init config 
54689      DEBUG main            d.u.i.k.p.i.AbstractProblemLoader Init config took 2.63s 
54738      INFO  main            d.u.i.k.p.i.AbstractProblemLoader Replaying proof ExampleSubject[Subject::addObserver(Observer)].JML normal_behavior operation contract.0 
55240      DEBUG main            d.u.i.k.p.i.IntermediateProofReplayer Proof replay took 482.62ms 
55242      DEBUG main            d.u.i.k.p.r.p.TestFile    ... success: reloaded. 
55244      INFO  main            d.u.i.k.p.r.p.TestFile    Now processing file /home/runner/work/key/key/key.core/../key.ui/examples/heap/observer/ExampleSubject_change.key 
55244      INFO  main            d.u.i.k.p.i.AbstractProblemLoader Loading environment from /home/runner/work/key/key/key.core/../key.ui/examples/heap/observer/ExampleSubject_change.key 
55245      DEBUG main            d.u.i.k.p.i.AbstractProblemLoader Environment load took 232.41ns 
55246      INFO  main            d.u.i.k.p.i.AbstractProblemLoader Creating init config 
57934      DEBUG main            d.u.i.k.p.i.AbstractProblemLoader Init config took 2.69s 
57980      INFO  main            d.u.i.k.p.i.AbstractProblemLoader Replaying proof ExampleSubject[ExampleSubject::change()].JML normal_behavior operation contract.0 
57982      DEBUG main            d.u.i.k.p.i.IntermediateProofReplayer Proof replay took 7.3ns 
58486      INFO  main            d.u.i.k.p.r.p.TestFile    ... finished proof: closed. 
58671      INFO  main            d.u.i.k.p.i.AbstractProblemLoader Loading environment from /home/runner/work/key/key/key.core/../key.ui/examples/heap/observer/ExampleSubject_change.key.proof 
58672      DEBUG main            d.u.i.k.p.i.AbstractProblemLoader Environment load took 562.72ns 
58673      INFO  main            d.u.i.k.p.i.AbstractProblemLoader Creating init config 
61295      DEBUG main            d.u.i.k.p.i.AbstractProblemLoader Init config took 2.62s 
61340      INFO  main            d.u.i.k.p.i.AbstractProblemLoader Replaying proof ExampleSubject[ExampleSubject::change()].JML normal_behavior operation contract.0 
61396      DEBUG main            d.u.i.k.p.i.IntermediateProofReplayer Proof replay took 51.04ms 
61398      DEBUG main            d.u.i.k.p.r.p.TestFile    ... success: reloaded. 
61399      INFO  main            d.u.i.k.p.r.p.TestFile    Now processing file /home/runner/work/key/key/key.core/../key.ui/examples/heap/observer/ExampleSubject_ExampleSubject.key 
61400      INFO  main            d.u.i.k.p.i.AbstractProblemLoader Loading environment from /home/runner/work/key/key/key.core/../key.ui/examples/heap/observer/ExampleSubject_ExampleSubject.key 
61400      DEBUG main            d.u.i.k.p.i.AbstractProblemLoader Environment load took 243.41ns 
61401      INFO  main            d.u.i.k.p.i.AbstractProblemLoader Creating init config 
64076      DEBUG main            d.u.i.k.p.i.AbstractProblemLoader Init config took 2.68s 
64122      INFO  main            d.u.i.k.p.i.AbstractProblemLoader Replaying proof ExampleSubject[ExampleSubject::ExampleSubject()].JML normal_behavior operation contract.0 
64124      DEBUG main            d.u.i.k.p.i.IntermediateProofReplayer Proof replay took 8.2ns 
65237      INFO  main            d.u.i.k.p.r.p.TestFile    ... finished proof: closed. 
65446      INFO  main            d.u.i.k.p.i.AbstractProblemLoader Loading environment from /home/runner/work/key/key/key.core/../key.ui/examples/heap/observer/ExampleSubject_ExampleSubject.key.proof 
65446      DEBUG main            d.u.i.k.p.i.AbstractProblemLoader Environment load took 495.31ns 
65448      INFO  main            d.u.i.k.p.i.AbstractProblemLoader Creating init config 
68055      DEBUG main            d.u.i.k.p.i.AbstractProblemLoader Init config took 2.61s 
68101      INFO  main            d.u.i.k.p.i.AbstractProblemLoader Replaying proof ExampleSubject[ExampleSubject::ExampleSubject()].JML normal_behavior operation contract.0 
68236      DEBUG main            d.u.i.k.p.i.IntermediateProofReplayer Proof replay took 128.72ms 
68238      DEBUG main            d.u.i.k.p.r.p.TestFile    ... success: reloaded. 
68239      INFO  main            d.u.i.k.p.r.p.TestFile    Now processing file /home/runner/work/key/key/key.core/../key.ui/examples/heap/observer/ExampleSubject_footprint.key 
68239      INFO  main            d.u.i.k.p.i.AbstractProblemLoader Loading environment from /home/runner/work/key/key/key.core/../key.ui/examples/heap/observer/ExampleSubject_footprint.key 
68240      DEBUG main            d.u.i.k.p.i.AbstractProblemLoader Environment load took 244.41ns 
68241      INFO  main            d.u.i.k.p.i.AbstractProblemLoader Creating init config 
70929      DEBUG main            d.u.i.k.p.i.AbstractProblemLoader Init config took 2.69s 
70973      INFO  main            d.u.i.k.p.i.AbstractProblemLoader Replaying proof ExampleSubject[Subject::$footprint()].JML accessible clause.0 
70975      DEBUG main            d.u.i.k.p.i.IntermediateProofReplayer Proof replay took 7ns 
71079      INFO  main            d.u.i.k.p.r.p.TestFile    ... finished proof: closed. 
71277      INFO  main            d.u.i.k.p.i.AbstractProblemLoader Loading environment from /home/runner/work/key/key/key.core/../key.ui/examples/heap/observer/ExampleSubject_footprint.key.proof 
71277      DEBUG main            d.u.i.k.p.i.AbstractProblemLoader Environment load took 143.3ns 
71278      INFO  main            d.u.i.k.p.i.AbstractProblemLoader Creating init config 
73927      DEBUG main            d.u.i.k.p.i.AbstractProblemLoader Init config took 2.65s 
73982      INFO  main            d.u.i.k.p.i.AbstractProblemLoader Replaying proof ExampleSubject[Subject::$footprint()].JML accessible clause.0 
73995      DEBUG main            d.u.i.k.p.i.IntermediateProofReplayer Proof replay took 11.28ms 
73996      DEBUG main            d.u.i.k.p.r.p.TestFile    ... success: reloaded. 
73998      INFO  main            d.u.i.k.p.r.p.TestFile    Now processing file /home/runner/work/key/key/key.core/../key.ui/examples/heap/observer/ExampleSubject_inv.key 
73998      INFO  main            d.u.i.k.p.i.AbstractProblemLoader Loading environment from /home/runner/work/key/key/key.core/../key.ui/examples/heap/observer/ExampleSubject_inv.key 
73998      DEBUG main            d.u.i.k.p.i.AbstractProblemLoader Environment load took 96.9ns 
73999      INFO  main            d.u.i.k.p.i.AbstractProblemLoader Creating init config 
76623      DEBUG main            d.u.i.k.p.i.AbstractProblemLoader Init config took 2.62s 
76667      INFO  main            d.u.i.k.p.i.AbstractProblemLoader Replaying proof ExampleSubject[java.lang.Object::<inv>()].JML accessible clause.0 
76669      DEBUG main            d.u.i.k.p.i.IntermediateProofReplayer Proof replay took 7.5ns 
77874      INFO  main            d.u.i.k.p.r.p.TestFile    ... finished proof: closed. 
78088      INFO  main            d.u.i.k.p.i.AbstractProblemLoader Loading environment from /home/runner/work/key/key/key.core/../key.ui/examples/heap/observer/ExampleSubject_inv.key.proof 
78088      DEBUG main            d.u.i.k.p.i.AbstractProblemLoader Environment load took 468.61ns 
78090      INFO  main            d.u.i.k.p.i.AbstractProblemLoader Creating init config 
80741      DEBUG main            d.u.i.k.p.i.AbstractProblemLoader Init config took 2.65s 
80788      INFO  main            d.u.i.k.p.i.AbstractProblemLoader Replaying proof ExampleSubject[java.lang.Object::<inv>()].JML accessible clause.0 
80875      DEBUG main            d.u.i.k.p.i.IntermediateProofReplayer Proof replay took 78.59ms 
80878      DEBUG main            d.u.i.k.p.r.p.TestFile    ... success: reloaded. 
80879      INFO  main            d.u.i.k.p.r.p.TestFile    Now processing file /home/runner/work/key/key/key.core/../key.ui/examples/heap/observer/ExampleSubject_notifyObservers.key 
80880      INFO  main            d.u.i.k.p.i.AbstractProblemLoader Loading environment from /home/runner/work/key/key/key.core/../key.ui/examples/heap/observer/ExampleSubject_notifyObservers.key 
80880      DEBUG main            d.u.i.k.p.i.AbstractProblemLoader Environment load took 231ns 
80881      INFO  main            d.u.i.k.p.i.AbstractProblemLoader Creating init config 
83534      DEBUG main            d.u.i.k.p.i.AbstractProblemLoader Init config took 2.65s 
83580      INFO  main            d.u.i.k.p.i.AbstractProblemLoader Replaying proof Subject[Subject::notifyObservers()].JML normal_behavior operation contract.0 
83582      DEBUG main            d.u.i.k.p.i.IntermediateProofReplayer Proof replay took 17.5ns 
83684      INFO  main            d.u.i.k.p.r.p.TestFile    ... finished proof: closed. 
83883      INFO  main            d.u.i.k.p.i.AbstractProblemLoader Loading environment from /home/runner/work/key/key/key.core/../key.ui/examples/heap/observer/ExampleSubject_notifyObservers.key.proof 
83883      DEBUG main            d.u.i.k.p.i.AbstractProblemLoader Environment load took 131.4ns 
83884      INFO  main            d.u.i.k.p.i.AbstractProblemLoader Creating init config 
86483      DEBUG main            d.u.i.k.p.i.AbstractProblemLoader Init config took 2.6s 
86527      INFO  main            d.u.i.k.p.i.AbstractProblemLoader Replaying proof Subject[Subject::notifyObservers()].JML normal_behavior operation contract.0 
86531      DEBUG main            d.u.i.k.p.i.IntermediateProofReplayer Proof replay took 2.39ms 
86532      DEBUG main            d.u.i.k.p.r.p.TestFile    ... success: reloaded. 
86533      INFO  main            d.u.i.k.p.r.p.TestFile    Now processing file /home/runner/work/key/key/key.core/../key.ui/examples/heap/observer/ExampleSubject_value_dep.key 
86534      INFO  main            d.u.i.k.p.i.AbstractProblemLoader Loading environment from /home/runner/work/key/key/key.core/../key.ui/examples/heap/observer/ExampleSubject_value_dep.key 
86534      DEBUG main            d.u.i.k.p.i.AbstractProblemLoader Environment load took 294.41ns 
86535      INFO  main            d.u.i.k.p.i.AbstractProblemLoader Creating init config 
89188      DEBUG main            d.u.i.k.p.i.AbstractProblemLoader Init config took 2.65s 
89239      INFO  main            d.u.i.k.p.i.AbstractProblemLoader Replaying proof ExampleSubject[ExampleSubject::value()].JML accessible clause.0 
89241      DEBUG main            d.u.i.k.p.i.IntermediateProofReplayer Proof replay took 9ns 
89346      INFO  main            d.u.i.k.p.r.p.TestFile    ... finished proof: closed. 
89559      INFO  main            d.u.i.k.p.i.AbstractProblemLoader Loading environment from /home/runner/work/key/key/key.core/../key.ui/examples/heap/observer/ExampleSubject_value_dep.key.proof 
89559      DEBUG main            d.u.i.k.p.i.AbstractProblemLoader Environment load took 135.7ns 
89560      INFO  main            d.u.i.k.p.i.AbstractProblemLoader Creating init config 
92136      DEBUG main            d.u.i.k.p.i.AbstractProblemLoader Init config took 2.58s 
92179      INFO  main            d.u.i.k.p.i.AbstractProblemLoader Replaying proof ExampleSubject[ExampleSubject::value()].JML accessible clause.0 
92191      DEBUG main            d.u.i.k.p.i.IntermediateProofReplayer Proof replay took 10.4ms 
92192      DEBUG main            d.u.i.k.p.r.p.TestFile    ... success: reloaded. 
92193      INFO  main            d.u.i.k.p.r.p.TestFile    Now processing file /home/runner/work/key/key/key.core/../key.ui/examples/heap/observer/ExampleSubject_value.key 
92193      INFO  main            d.u.i.k.p.i.AbstractProblemLoader Loading environment from /home/runner/work/key/key/key.core/../key.ui/examples/heap/observer/ExampleSubject_value.key 
92193      DEBUG main            d.u.i.k.p.i.AbstractProblemLoader Environment load took 56.5ns 
92194      INFO  main            d.u.i.k.p.i.AbstractProblemLoader Creating init config 
94873      DEBUG main            d.u.i.k.p.i.AbstractProblemLoader Init config took 2.68s 
94916      INFO  main            d.u.i.k.p.i.AbstractProblemLoader Replaying proof ExampleSubject[ExampleSubject::value()].JML normal_behavior operation contract.0 
94918      DEBUG main            d.u.i.k.p.i.IntermediateProofReplayer Proof replay took 7.7ns 
95022      INFO  main            d.u.i.k.p.r.p.TestFile    ... finished proof: closed. 
95300      INFO  main            d.u.i.k.p.i.AbstractProblemLoader Loading environment from /home/runner/work/key/key/key.core/../key.ui/examples/heap/observer/ExampleSubject_value.key.proof 
95301      DEBUG main            d.u.i.k.p.i.AbstractProblemLoader Environment load took 122.1ns 
95302      INFO  main            d.u.i.k.p.i.AbstractProblemLoader Creating init config 
97886      DEBUG main            d.u.i.k.p.i.AbstractProblemLoader Init config took 2.58s 
97928      INFO  main            d.u.i.k.p.i.AbstractProblemLoader Replaying proof ExampleSubject[ExampleSubject::value()].JML normal_behavior operation contract.0 
97939      DEBUG main            d.u.i.k.p.i.IntermediateProofReplayer Proof replay took 9.09ms 
97940      DEBUG main            d.u.i.k.p.r.p.TestFile    ... success: reloaded. 
1491843    INFO  Test worker     d.u.i.k.p.r.RunAllProofsTestUnit Returning from test observer 
1491844    INFO  Test worker     d.u.i.k.p.r.RunAllProofsTestUnit Running test removeDups 
375        INFO  Timeout watchdog d.u.i.k.p.r.p.ForkedTestFileRunner Timeout watcher launched (2000 secs.) 
374        WARN  main            d.u.i.k.s.ProofSettings   The settings in /home/runner/.key/proof-settings.props are *not* read. 
419        INFO  main            d.u.i.k.p.r.p.TestFile    Now processing file /home/runner/work/key/key/key.core/../key.ui/examples/heap/removeDups/arrayPart.key 
586        INFO  main            d.u.i.k.p.i.AbstractProblemLoader Loading environment from /home/runner/work/key/key/key.core/../key.ui/examples/heap/removeDups/arrayPart.key 
603        DEBUG main            d.u.i.k.p.i.AbstractProblemLoader Environment load took 2.22ms 
825        INFO  main            d.u.i.k.p.i.AbstractProblemLoader Creating init config 
1731       DEBUG main            d.u.i.k.j.TypeConverter   No LDT found for Meta 
1737       DEBUG main            d.u.i.k.j.TypeConverter   No LDT found for Meta 
1739       DEBUG main            d.u.i.k.j.TypeConverter   No LDT found for Meta 
1741       DEBUG main            d.u.i.k.j.TypeConverter   No LDT found for Meta 
3352       DEBUG main            d.u.i.k.j.TypeConverter   No LDT found for JavaBigintExpression 
8848       DEBUG main            d.u.i.k.p.i.AbstractProblemLoader Init config took 8.02s 
8978       INFO  main            d.u.i.k.p.i.AbstractProblemLoader Replaying proof RemoveDup[RemoveDup::arrayPart([I,int)].JML normal_behavior operation contract.0 
9012       DEBUG main            d.u.i.k.p.i.IntermediateProofReplayer Proof replay took 36.4ns 
11555      INFO  main            d.u.i.k.p.r.p.TestFile    ... finished proof: closed. 
11745      INFO  main            d.u.i.k.p.i.AbstractProblemLoader Loading environment from /home/runner/work/key/key/key.core/../key.ui/examples/heap/removeDups/arrayPart.key.proof 
11756      DEBUG main            d.u.i.k.p.i.AbstractProblemLoader Environment load took 11.57ms 
11761      INFO  main            d.u.i.k.p.i.AbstractProblemLoader Creating init config 
14775      DEBUG main            d.u.i.k.p.i.AbstractProblemLoader Init config took 3.01s 
14841      INFO  main            d.u.i.k.p.i.AbstractProblemLoader Replaying proof RemoveDup[RemoveDup::arrayPart([I,int)].JML normal_behavior operation contract.0 
15115      DEBUG main            d.u.i.k.p.i.IntermediateProofReplayer Proof replay took 262.02ms 
15124      DEBUG main            d.u.i.k.p.r.p.TestFile    ... success: reloaded. 
15125      INFO  main            d.u.i.k.p.r.p.TestFile    Now processing file /home/runner/work/key/key/key.core/../key.ui/examples/heap/removeDups/contains.key 
15125      INFO  main            d.u.i.k.p.i.AbstractProblemLoader Loading environment from /home/runner/work/key/key/key.core/../key.ui/examples/heap/removeDups/contains.key 
15126      DEBUG main            d.u.i.k.p.i.AbstractProblemLoader Environment load took 251.11ns 
15133      INFO  main            d.u.i.k.p.i.AbstractProblemLoader Creating init config 
18040      DEBUG main            d.u.i.k.p.i.AbstractProblemLoader Init config took 2.91s 
18096      INFO  main            d.u.i.k.p.i.AbstractProblemLoader Replaying proof RemoveDup[RemoveDup::contains([I,int,int)].JML normal_behavior operation contract.0 
18099      DEBUG main            d.u.i.k.p.i.IntermediateProofReplayer Proof replay took 6.6ns 
18804      INFO  main            d.u.i.k.p.r.p.TestFile    ... finished proof: closed. 
19025      INFO  main            d.u.i.k.p.i.AbstractProblemLoader Loading environment from /home/runner/work/key/key/key.core/../key.ui/examples/heap/removeDups/contains.key.proof 
19028      DEBUG main            d.u.i.k.p.i.AbstractProblemLoader Environment load took 2.68ms 
19030      INFO  main            d.u.i.k.p.i.AbstractProblemLoader Creating init config 
21792      DEBUG main            d.u.i.k.p.i.AbstractProblemLoader Init config took 2.76s 
21846      INFO  main            d.u.i.k.p.i.AbstractProblemLoader Replaying proof RemoveDup[RemoveDup::contains([I,int,int)].JML normal_behavior operation contract.0 
21959      DEBUG main            d.u.i.k.p.i.IntermediateProofReplayer Proof replay took 106.37ms 
21961      DEBUG main            d.u.i.k.p.r.p.TestFile    ... success: reloaded. 
21964      INFO  main            d.u.i.k.p.r.p.TestFile    Now processing file /home/runner/work/key/key/key.core/../key.ui/examples/heap/removeDups/removeDup.key 
21964      INFO  main            d.u.i.k.p.i.AbstractProblemLoader Loading environment from /home/runner/work/key/key/key.core/../key.ui/examples/heap/removeDups/removeDup.key 
21964      DEBUG main            d.u.i.k.p.i.AbstractProblemLoader Environment load took 247.31ns 
21967      INFO  main            d.u.i.k.p.i.AbstractProblemLoader Creating init config 
24742      DEBUG main            d.u.i.k.p.i.AbstractProblemLoader Init config took 2.77s 
24795      INFO  main            d.u.i.k.p.i.AbstractProblemLoader Replaying proof RemoveDup[RemoveDup::removeDup([I)].JML normal_behavior operation contract.0 
24798      DEBUG main            d.u.i.k.p.i.IntermediateProofReplayer Proof replay took 6.9ns 
45591      INFO  main            d.u.i.k.p.r.p.TestFile    ... finished proof: closed. 
45850      INFO  main            d.u.i.k.p.i.AbstractProblemLoader Loading environment from /home/runner/work/key/key/key.core/../key.ui/examples/heap/removeDups/removeDup.key.proof 
45850      DEBUG main            d.u.i.k.p.i.AbstractProblemLoader Environment load took 532.51ns 
45863      INFO  main            d.u.i.k.p.i.AbstractProblemLoader Creating init config 
48563      DEBUG main            d.u.i.k.p.i.AbstractProblemLoader Init config took 2.7s 
48609      INFO  main            d.u.i.k.p.i.AbstractProblemLoader Replaying proof RemoveDup[RemoveDup::removeDup([I)].JML normal_behavior operation contract.0 
49902      DEBUG main            d.u.i.k.p.i.IntermediateProofReplayer Proof replay took 1.24s 
49905      DEBUG main            d.u.i.k.p.r.p.TestFile    ... success: reloaded. 
49907      INFO  main            d.u.i.k.p.r.p.TestFile    Now processing file /home/runner/work/key/key/key.core/../key.ui/examples/heap/saddleback_search/Saddleback_search.key 
49907      INFO  main            d.u.i.k.p.i.AbstractProblemLoader Loading environment from /home/runner/work/key/key/key.core/../key.ui/examples/heap/saddleback_search/Saddleback_search.key 
49908      DEBUG main            d.u.i.k.p.i.AbstractProblemLoader Environment load took 253.1ns 
49909      INFO  main            d.u.i.k.p.i.AbstractProblemLoader Creating init config 
52781      DEBUG main            d.u.i.k.p.i.AbstractProblemLoader Init config took 2.87s 
52820      INFO  main            d.u.i.k.p.i.AbstractProblemLoader Replaying proof Saddleback[Saddleback::search([[I,int)].JML normal_behavior operation contract.0 
52830      DEBUG main            d.u.i.k.p.i.IntermediateProofReplayer Proof replay took 7.8ns 
131157     INFO  main            d.u.i.k.p.r.p.TestFile    ... finished proof: closed. 
131529     INFO  main            d.u.i.k.p.i.AbstractProblemLoader Loading environment from /home/runner/work/key/key/key.core/../key.ui/examples/heap/saddleback_search/Saddleback_search.key.proof 
131529     DEBUG main            d.u.i.k.p.i.AbstractProblemLoader Environment load took 247.2ns 
131542     INFO  main            d.u.i.k.p.i.AbstractProblemLoader Creating init config 
134218     DEBUG main            d.u.i.k.p.i.AbstractProblemLoader Init config took 2.68s 
134255     INFO  main            d.u.i.k.p.i.AbstractProblemLoader Replaying proof Saddleback[Saddleback::search([[I,int)].JML normal_behavior operation contract.0 
135923     DEBUG main            d.u.i.k.p.i.IntermediateProofReplayer Proof replay took 1.52s 
135934     DEBUG main            d.u.i.k.p.r.p.TestFile    ... success: reloaded. 
1627956    INFO  Test worker     d.u.i.k.p.r.RunAllProofsTestUnit Returning from test removeDups 
1627957    INFO  Test worker     d.u.i.k.p.r.RunAllProofsTestUnit Running test quicksort 
332        INFO  Timeout watchdog d.u.i.k.p.r.p.ForkedTestFileRunner Timeout watcher launched (2000 secs.) 
339        WARN  main            d.u.i.k.s.ProofSettings   The settings in /home/runner/.key/proof-settings.props are *not* read. 
371        INFO  main            d.u.i.k.p.r.p.TestFile    Now processing file /home/runner/work/key/key/key.core/../key.ui/examples/heap/quicksort/toplevel.key 
484        INFO  main            d.u.i.k.p.i.AbstractProblemLoader Loading environment from /home/runner/work/key/key/key.core/../key.ui/examples/heap/quicksort/toplevel.key 
501        DEBUG main            d.u.i.k.p.i.AbstractProblemLoader Environment load took 2.42ms 
736        INFO  main            d.u.i.k.p.i.AbstractProblemLoader Creating init config 
1662       DEBUG main            d.u.i.k.j.TypeConverter   No LDT found for Meta 
1663       DEBUG main            d.u.i.k.j.TypeConverter   No LDT found for Meta 
1664       DEBUG main            d.u.i.k.j.TypeConverter   No LDT found for Meta 
1664       DEBUG main            d.u.i.k.j.TypeConverter   No LDT found for Meta 
3043       DEBUG main            d.u.i.k.j.TypeConverter   No LDT found for JavaBigintExpression 
8461       DEBUG main            d.u.i.k.p.i.AbstractProblemLoader Init config took 7.72s 
8585       INFO  main            d.u.i.k.p.i.AbstractProblemLoader Replaying proof Quicksort[Quicksort::sort([I)].JML normal_behavior operation contract.0 
8652       DEBUG main            d.u.i.k.p.i.IntermediateProofReplayer Proof replay took 35.3ns 
9931       INFO  main            d.u.i.k.p.r.p.TestFile    ... finished proof: closed. 
10111      INFO  main            d.u.i.k.p.i.AbstractProblemLoader Loading environment from /home/runner/work/key/key/key.core/../key.ui/examples/heap/quicksort/toplevel.key.proof 
10116      DEBUG main            d.u.i.k.p.i.AbstractProblemLoader Environment load took 5.36ms 
10119      INFO  main            d.u.i.k.p.i.AbstractProblemLoader Creating init config 
13186      DEBUG main            d.u.i.k.p.i.AbstractProblemLoader Init config took 3.07s 
13277      INFO  main            d.u.i.k.p.i.AbstractProblemLoader Replaying proof Quicksort[Quicksort::sort([I)].JML normal_behavior operation contract.0 
13427      DEBUG main            d.u.i.k.p.i.IntermediateProofReplayer Proof replay took 141.37ms 
13434      DEBUG main            d.u.i.k.p.r.p.TestFile    ... success: reloaded. 
13437      INFO  main            d.u.i.k.p.r.p.TestFile    Now processing file /home/runner/work/key/key/key.core/../key.ui/examples/heap/quicksort/sort.key 
13437      INFO  main            d.u.i.k.p.i.AbstractProblemLoader Loading environment from /home/runner/work/key/key/key.core/../key.ui/examples/heap/quicksort/sort.key 
13438      DEBUG main            d.u.i.k.p.i.AbstractProblemLoader Environment load took 298.4ns 
13440      INFO  main            d.u.i.k.p.i.AbstractProblemLoader Creating init config 
16404      DEBUG main            d.u.i.k.p.i.AbstractProblemLoader Init config took 2.96s 
16468      INFO  main            d.u.i.k.p.i.AbstractProblemLoader Replaying proof Quicksort[Quicksort::sort([I,int,int)].JML normal_behavior operation contract.0 
16472      DEBUG main            d.u.i.k.p.i.IntermediateProofReplayer Proof replay took 6.8ns 
16501      DEBUG main            d.u.i.k.m.s.ProofScriptEngine [1] goal: 0, source line: 7, command: 'script 'sort.script'' 
16502      INFO  main            d.u.i.k.m.s.ProofScriptCommand Included script /home/runner/work/key/key/key.core/../key.ui/examples/heap/quicksort/sort.script 
16504      DEBUG main            d.u.i.k.m.s.ProofScriptEngine [1] goal: 0, source line: 1, command: 'macro autopilot-prep' 
17702      DEBUG main            d.u.i.k.m.s.ProofScriptEngine [2] goal: 358, source line: 3, command: 'select formula="{heapAtPre:=heap || exc:=null || heap:=heapAfter_sort_0}
   seq ...' 
17704      DEBUG main            d.u.i.k.m.s.ProofScriptEngine [3] goal: 358, source line: 9, command: 'macro simp-upd' 
17721      DEBUG main            d.u.i.k.m.s.ProofScriptEngine [4] goal: 369, source line: 11, command: 'let   @seqPre="seqDef{int u;}(0, array.length, array[u])"
    @seqSplit="seqDef ...' 
17724      DEBUG main            d.u.i.k.m.s.ProofScriptEngine [5] goal: 369, source line: 16, command: 'rule seqPermSym 
  formula="seqPerm(@seqSplit, @seqPre)"' 
17738      DEBUG main            d.u.i.k.m.s.ProofScriptEngine [6] goal: 370, source line: 19, command: 'rule seqPermSym
  formula="seqPerm(@seqSort, @seqSplit)"' 
17740      DEBUG main            d.u.i.k.m.s.ProofScriptEngine [7] goal: 371, source line: 22, command: 'rule seqPermSym
  formula="seqPerm(@seqSort0, @seqSort)"' 
17741      DEBUG main            d.u.i.k.m.s.ProofScriptEngine [8] goal: 372, source line: 25, command: 'rule seqPermTrans
  formula="seqPerm(@seqPre, @seqSplit)"' 
17743      DEBUG main            d.u.i.k.m.s.ProofScriptEngine [9] goal: 373, source line: 28, command: 'rule seqPermTrans
  formula="seqPerm(@seqPre, @seqSort)"' 
17744      DEBUG main            d.u.i.k.m.s.ProofScriptEngine [10] goal: 374, source line: 31, command: 'rule seqPermSym
  formula="seqPerm(@seqPre, @seqSort0)"' 
17745      DEBUG main            d.u.i.k.m.s.ProofScriptEngine [11] goal: 375, source line: 34, command: 'tryclose' 
44491      INFO  main            d.u.i.k.p.r.p.TestFile    ... finished proof: closed. 
44795      INFO  main            d.u.i.k.p.i.AbstractProblemLoader Loading environment from /home/runner/work/key/key/key.core/../key.ui/examples/heap/quicksort/sort.key.proof 
44802      DEBUG main            d.u.i.k.p.i.AbstractProblemLoader Environment load took 6.87ms 
44826      INFO  main            d.u.i.k.p.i.AbstractProblemLoader Creating init config 
47701      DEBUG main            d.u.i.k.p.i.AbstractProblemLoader Init config took 2.88s 
47773      INFO  main            d.u.i.k.p.i.AbstractProblemLoader Replaying proof Quicksort[Quicksort::sort([I,int,int)].JML normal_behavior operation contract.0 
49424      DEBUG main            d.u.i.k.p.i.IntermediateProofReplayer Proof replay took 1.53s 
49431      DEBUG main            d.u.i.k.p.r.p.TestFile    ... success: reloaded. 
49433      INFO  main            d.u.i.k.p.r.p.TestFile    Now processing file /home/runner/work/key/key/key.core/../key.ui/examples/heap/quicksort/split.key 
49440      INFO  main            d.u.i.k.p.i.AbstractProblemLoader Loading environment from /home/runner/work/key/key/key.core/../key.ui/examples/heap/quicksort/split.key 
49441      DEBUG main            d.u.i.k.p.i.AbstractProblemLoader Environment load took 437.91ns 
49442      INFO  main            d.u.i.k.p.i.AbstractProblemLoader Creating init config 
52470      DEBUG main            d.u.i.k.p.i.AbstractProblemLoader Init config took 3.03s 
52518      INFO  main            d.u.i.k.p.i.AbstractProblemLoader Replaying proof Quicksort[Quicksort::split([I,int,int)].JML normal_behavior operation contract.0 
52521      DEBUG main            d.u.i.k.p.i.IntermediateProofReplayer Proof replay took 6.3ns 
52522      DEBUG main            d.u.i.k.m.s.ProofScriptEngine [1] goal: 0, source line: 15, command: 'macro autopilot-prep' 
53793      DEBUG main            d.u.i.k.m.s.ProofScriptEngine [2] goal: 520, source line: 17, command: 'tryclose' 
91587      DEBUG main            d.u.i.k.m.s.ProofScriptEngine [3] goal: 495, source line: 20, command: 'macro simp-upd' 
91698      DEBUG main            d.u.i.k.m.s.ProofScriptEngine [4] goal: 495, source line: 25, command: 'rule seqPermFromSwap' 
91711      DEBUG main            d.u.i.k.m.s.ProofScriptEngine [5] goal: 40829, source line: 26, command: 'rule andRight' 
91716      DEBUG main            d.u.i.k.m.s.ProofScriptEngine [6] goal: 40830, source line: 27, command: 'auto' 
91742      DEBUG main            d.u.i.k.m.s.ProofScriptEngine [7] goal: 40831, source line: 29, command: 'instantiate hide var=iv with=i_0' 
91744      DEBUG main            d.u.i.k.m.s.ProofScriptEngine [8] goal: 40836, source line: 31, command: 'instantiate hide var=jv with=j_0' 
91747      DEBUG main            d.u.i.k.m.s.ProofScriptEngine [9] goal: 40837, source line: 32, command: 'auto' 
98297      DEBUG main            d.u.i.k.m.s.ProofScriptEngine [10] goal: 190, source line: 34, command: 'macro simp-upd' 
98381      DEBUG main            d.u.i.k.m.s.ProofScriptEngine [11] goal: 46168, source line: 36, command: 'rule seqPermFromSwap' 
98382      DEBUG main            d.u.i.k.m.s.ProofScriptEngine [12] goal: 46169, source line: 37, command: 'rule andRight' 
98386      DEBUG main            d.u.i.k.m.s.ProofScriptEngine [13] goal: 46170, source line: 38, command: 'auto' 
98404      DEBUG main            d.u.i.k.m.s.ProofScriptEngine [14] goal: 46171, source line: 40, command: 'instantiate hide var=iv with=i_0' 
98405      DEBUG main            d.u.i.k.m.s.ProofScriptEngine [15] goal: 46176, source line: 42, command: 'instantiate hide var=jv with=to' 
98407      DEBUG main            d.u.i.k.m.s.ProofScriptEngine [16] goal: 46177, source line: 43, command: 'auto' 
103324     INFO  main            d.u.i.k.p.r.p.TestFile    ... finished proof: closed. 
103714     INFO  main            d.u.i.k.p.i.AbstractProblemLoader Loading environment from /home/runner/work/key/key/key.core/../key.ui/examples/heap/quicksort/split.key.proof 
103715     DEBUG main            d.u.i.k.p.i.AbstractProblemLoader Environment load took 485.51ns 
103728     INFO  main            d.u.i.k.p.i.AbstractProblemLoader Creating init config 
106503     DEBUG main            d.u.i.k.p.i.AbstractProblemLoader Init config took 2.78s 
106551     INFO  main            d.u.i.k.p.i.AbstractProblemLoader Replaying proof Quicksort[Quicksort::split([I,int,int)].JML normal_behavior operation contract.0 
109150     DEBUG main            d.u.i.k.p.i.IntermediateProofReplayer Proof replay took 2.4s 
109163     DEBUG main            d.u.i.k.p.r.p.TestFile    ... success: reloaded. 
1737297    INFO  Test worker     d.u.i.k.p.r.RunAllProofsTestUnit Returning from test quicksort 
1737298    INFO  Test worker     d.u.i.k.p.r.RunAllProofsTestUnit Running test simpleTests 
332        INFO  Timeout watchdog d.u.i.k.p.r.p.ForkedTestFileRunner Timeout watcher launched (2000 secs.) 
346        WARN  main            d.u.i.k.s.ProofSettings   The settings in /home/runner/.key/proof-settings.props are *not* read. 
373        INFO  main            d.u.i.k.p.r.p.TestFile    Now processing file /home/runner/work/key/key/key.core/../key.ui/examples/heap/simple/anonymise_datagroup.key 
491        INFO  main            d.u.i.k.p.i.AbstractProblemLoader Loading environment from /home/runner/work/key/key/key.core/../key.ui/examples/heap/simple/anonymise_datagroup.key 
508        DEBUG main            d.u.i.k.p.i.AbstractProblemLoader Environment load took 2.13ms 
758        INFO  main            d.u.i.k.p.i.AbstractProblemLoader Creating init config 
1690       DEBUG main            d.u.i.k.j.TypeConverter   No LDT found for Meta 
1691       DEBUG main            d.u.i.k.j.TypeConverter   No LDT found for Meta 
1694       DEBUG main            d.u.i.k.j.TypeConverter   No LDT found for Meta 
1694       DEBUG main            d.u.i.k.j.TypeConverter   No LDT found for Meta 
3167       DEBUG main            d.u.i.k.j.TypeConverter   No LDT found for JavaBigintExpression 
8170       DEBUG main            d.u.i.k.p.i.AbstractProblemLoader Init config took 7.41s 
8230       INFO  main            d.u.i.k.p.i.AbstractProblemLoader Replaying proof anonymise_datagroup.key 
8266       DEBUG main            d.u.i.k.p.i.IntermediateProofReplayer Proof replay took 42.6ns 
8552       INFO  main            d.u.i.k.p.r.p.TestFile    ... finished proof: closed. 
8670       INFO  main            d.u.i.k.p.i.AbstractProblemLoader Loading environment from /home/runner/work/key/key/key.core/../key.ui/examples/heap/simple/anonymise_datagroup.key.proof 
8673       DEBUG main            d.u.i.k.p.i.AbstractProblemLoader Environment load took 3.76ms 
8681       INFO  main            d.u.i.k.p.i.AbstractProblemLoader Creating init config 
11449      DEBUG main            d.u.i.k.p.i.AbstractProblemLoader Init config took 2.77s 
11479      INFO  main            d.u.i.k.p.i.AbstractProblemLoader Replaying proof anonymise_datagroup.key.proof 
11491      DEBUG main            d.u.i.k.p.i.IntermediateProofReplayer Proof replay took 7.41ms 
11503      DEBUG main            d.u.i.k.p.r.p.TestFile    ... success: reloaded. 
11504      INFO  main            d.u.i.k.p.r.p.TestFile    Now processing file /home/runner/work/key/key/key.core/../key.ui/examples/heap/simple/array_creation.key 
11505      INFO  main            d.u.i.k.p.i.AbstractProblemLoader Loading environment from /home/runner/work/key/key/key.core/../key.ui/examples/heap/simple/array_creation.key 
11505      DEBUG main            d.u.i.k.p.i.AbstractProblemLoader Environment load took 267.7ns 
11508      INFO  main            d.u.i.k.p.i.AbstractProblemLoader Creating init config 
14138      DEBUG main            d.u.i.k.p.i.AbstractProblemLoader Init config took 2.63s 
14169      INFO  main            d.u.i.k.p.i.AbstractProblemLoader Replaying proof array_creation.key 
14173      DEBUG main            d.u.i.k.p.i.IntermediateProofReplayer Proof replay took 6.6ns 
14785      INFO  main            d.u.i.k.p.r.p.TestFile    ... finished proof: closed. 
14940      INFO  main            d.u.i.k.p.i.AbstractProblemLoader Loading environment from /home/runner/work/key/key/key.core/../key.ui/examples/heap/simple/array_creation.key.proof 
14944      DEBUG main            d.u.i.k.p.i.AbstractProblemLoader Environment load took 3.5ms 
14946      INFO  main            d.u.i.k.p.i.AbstractProblemLoader Creating init config 
17603      DEBUG main            d.u.i.k.p.i.AbstractProblemLoader Init config took 2.66s 
17629      INFO  main            d.u.i.k.p.i.AbstractProblemLoader Replaying proof array_creation.key.proof 
17728      DEBUG main            d.u.i.k.p.i.IntermediateProofReplayer Proof replay took 94.4ms 
17729      DEBUG main            d.u.i.k.p.r.p.TestFile    ... success: reloaded. 
17731      INFO  main            d.u.i.k.p.r.p.TestFile    Now processing file /home/runner/work/key/key/key.core/../key.ui/examples/heap/simple/arrays_with_disjoint_sorts.key 
17731      INFO  main            d.u.i.k.p.i.AbstractProblemLoader Loading environment from /home/runner/work/key/key/key.core/../key.ui/examples/heap/simple/arrays_with_disjoint_sorts.key 
17732      DEBUG main            d.u.i.k.p.i.AbstractProblemLoader Environment load took 241.1ns 
17734      INFO  main            d.u.i.k.p.i.AbstractProblemLoader Creating init config 
20363      DEBUG main            d.u.i.k.p.i.AbstractProblemLoader Init config took 2.63s 
20386      INFO  main            d.u.i.k.p.i.AbstractProblemLoader Replaying proof arrays_with_disjoint_sorts.key 
20388      DEBUG main            d.u.i.k.p.i.IntermediateProofReplayer Proof replay took 6.9ns 
20593      INFO  main            d.u.i.k.p.r.p.TestFile    ... finished proof: closed. 
20742      INFO  main            d.u.i.k.p.i.AbstractProblemLoader Loading environment from /home/runner/work/key/key/key.core/../key.ui/examples/heap/simple/arrays_with_disjoint_sorts.key.proof 
20744      DEBUG main            d.u.i.k.p.i.AbstractProblemLoader Environment load took 1.43ms 
20749      INFO  main            d.u.i.k.p.i.AbstractProblemLoader Creating init config 
23354      DEBUG main            d.u.i.k.p.i.AbstractProblemLoader Init config took 2.61s 
23390      INFO  main            d.u.i.k.p.i.AbstractProblemLoader Replaying proof arrays_with_disjoint_sorts.key.proof 
23413      DEBUG main            d.u.i.k.p.i.IntermediateProofReplayer Proof replay took 19.87ms 
23414      DEBUG main            d.u.i.k.p.r.p.TestFile    ... success: reloaded. 
23416      INFO  main            d.u.i.k.p.r.p.TestFile    Now processing file /home/runner/work/key/key/key.core/../key.ui/examples/heap/simple/arrays.key 
23416      INFO  main            d.u.i.k.p.i.AbstractProblemLoader Loading environment from /home/runner/work/key/key/key.core/../key.ui/examples/heap/simple/arrays.key 
23416      DEBUG main            d.u.i.k.p.i.AbstractProblemLoader Environment load took 218.9ns 
23419      INFO  main            d.u.i.k.p.i.AbstractProblemLoader Creating init config 
25995      DEBUG main            d.u.i.k.p.i.AbstractProblemLoader Init config took 2.58s 
26017      INFO  main            d.u.i.k.p.i.AbstractProblemLoader Replaying proof arrays.key 
26021      DEBUG main            d.u.i.k.p.i.IntermediateProofReplayer Proof replay took 7ns 
26225      INFO  main            d.u.i.k.p.r.p.TestFile    ... finished proof: closed. 
26402      INFO  main            d.u.i.k.p.i.AbstractProblemLoader Loading environment from /home/runner/work/key/key/key.core/../key.ui/examples/heap/simple/arrays.key.proof 
26403      DEBUG main            d.u.i.k.p.i.AbstractProblemLoader Environment load took 700.01ns 
26406      INFO  main            d.u.i.k.p.i.AbstractProblemLoader Creating init config 
28903      DEBUG main            d.u.i.k.p.i.AbstractProblemLoader Init config took 2.5s 
28924      INFO  main            d.u.i.k.p.i.AbstractProblemLoader Replaying proof arrays.key.proof 
28957      DEBUG main            d.u.i.k.p.i.IntermediateProofReplayer Proof replay took 29.6ms 
28959      DEBUG main            d.u.i.k.p.r.p.TestFile    ... success: reloaded. 
28961      INFO  main            d.u.i.k.p.r.p.TestFile    Now processing file /home/runner/work/key/key/key.core/../key.ui/examples/heap/simple/attributes.key 
28961      INFO  main            d.u.i.k.p.i.AbstractProblemLoader Loading environment from /home/runner/work/key/key/key.core/../key.ui/examples/heap/simple/attributes.key 
28962      DEBUG main            d.u.i.k.p.i.AbstractProblemLoader Environment load took 219.5ns 
28963      INFO  main            d.u.i.k.p.i.AbstractProblemLoader Creating init config 
31519      DEBUG main            d.u.i.k.p.i.AbstractProblemLoader Init config took 2.56s 
31539      INFO  main            d.u.i.k.p.i.AbstractProblemLoader Replaying proof attributes.key 
31541      DEBUG main            d.u.i.k.p.i.IntermediateProofReplayer Proof replay took 6.5ns 
31644      INFO  main            d.u.i.k.p.r.p.TestFile    ... finished proof: closed. 
31815      INFO  main            d.u.i.k.p.i.AbstractProblemLoader Loading environment from /home/runner/work/key/key/key.core/../key.ui/examples/heap/simple/attributes.key.proof 
31816      DEBUG main            d.u.i.k.p.i.AbstractProblemLoader Environment load took 128.1ns 
31817      INFO  main            d.u.i.k.p.i.AbstractProblemLoader Creating init config 
34311      DEBUG main            d.u.i.k.p.i.AbstractProblemLoader Init config took 2.49s 
34331      INFO  main            d.u.i.k.p.i.AbstractProblemLoader Replaying proof attributes.key.proof 
34334      DEBUG main            d.u.i.k.p.i.IntermediateProofReplayer Proof replay took 1.39ms 
34336      DEBUG main            d.u.i.k.p.r.p.TestFile    ... success: reloaded. 
34337      INFO  main            d.u.i.k.p.r.p.TestFile    Now processing file /home/runner/work/key/key/key.core/../key.ui/examples/heap/simple/constructor_contracts.key 
34337      INFO  main            d.u.i.k.p.i.AbstractProblemLoader Loading environment from /home/runner/work/key/key/key.core/../key.ui/examples/heap/simple/constructor_contracts.key 
34338      DEBUG main            d.u.i.k.p.i.AbstractProblemLoader Environment load took 852.51ns 
34341      INFO  main            d.u.i.k.p.i.AbstractProblemLoader Creating init config 
37249      DEBUG main            d.u.i.k.p.i.AbstractProblemLoader Init config took 2.91s 
37269      INFO  main            d.u.i.k.p.i.AbstractProblemLoader Replaying proof constructor_contracts.key 
37272      DEBUG main            d.u.i.k.p.i.IntermediateProofReplayer Proof replay took 7.8ns 
37985      INFO  main            d.u.i.k.p.r.p.TestFile    ... finished proof: closed. 
38174      INFO  main            d.u.i.k.p.i.AbstractProblemLoader Loading environment from /home/runner/work/key/key/key.core/../key.ui/examples/heap/simple/constructor_contracts.key.proof 
38175      DEBUG main            d.u.i.k.p.i.AbstractProblemLoader Environment load took 1.05ms 
38177      INFO  main            d.u.i.k.p.i.AbstractProblemLoader Creating init config 
41011      DEBUG main            d.u.i.k.p.i.AbstractProblemLoader Init config took 2.83s 
41032      INFO  main            d.u.i.k.p.i.AbstractProblemLoader Replaying proof constructor_contracts.key.proof 
41124      DEBUG main            d.u.i.k.p.i.IntermediateProofReplayer Proof replay took 87.32ms 
41126      DEBUG main            d.u.i.k.p.r.p.TestFile    ... success: reloaded. 
41127      INFO  main            d.u.i.k.p.r.p.TestFile    Now processing file /home/runner/work/key/key/key.core/../key.ui/examples/heap/simple/dependencies.key 
41128      INFO  main            d.u.i.k.p.i.AbstractProblemLoader Loading environment from /home/runner/work/key/key/key.core/../key.ui/examples/heap/simple/dependencies.key 
41128      DEBUG main            d.u.i.k.p.i.AbstractProblemLoader Environment load took 240.8ns 
41129      INFO  main            d.u.i.k.p.i.AbstractProblemLoader Creating init config 
43664      DEBUG main            d.u.i.k.p.i.AbstractProblemLoader Init config took 2.53s 
43683      INFO  main            d.u.i.k.p.i.AbstractProblemLoader Replaying proof dependencies.key 
43685      DEBUG main            d.u.i.k.p.i.IntermediateProofReplayer Proof replay took 7.3ns 
43787      INFO  main            d.u.i.k.p.r.p.TestFile    ... finished proof: closed. 
43965      INFO  main            d.u.i.k.p.i.AbstractProblemLoader Loading environment from /home/runner/work/key/key/key.core/../key.ui/examples/heap/simple/dependencies.key.proof 
43966      DEBUG main            d.u.i.k.p.i.AbstractProblemLoader Environment load took 160.4ns 
43967      INFO  main            d.u.i.k.p.i.AbstractProblemLoader Creating init config 
46502      DEBUG main            d.u.i.k.p.i.AbstractProblemLoader Init config took 2.53s 
46522      INFO  main            d.u.i.k.p.i.AbstractProblemLoader Replaying proof dependencies.key.proof 
46530      DEBUG main            d.u.i.k.p.i.IntermediateProofReplayer Proof replay took 5.51ms 
46531      DEBUG main            d.u.i.k.p.r.p.TestFile    ... success: reloaded. 
46532      INFO  main            d.u.i.k.p.r.p.TestFile    Now processing file /home/runner/work/key/key/key.core/../key.ui/examples/heap/simple/dependency_contracts.key 
46533      INFO  main            d.u.i.k.p.i.AbstractProblemLoader Loading environment from /home/runner/work/key/key/key.core/../key.ui/examples/heap/simple/dependency_contracts.key 
46533      DEBUG main            d.u.i.k.p.i.AbstractProblemLoader Environment load took 232.9ns 
46534      INFO  main            d.u.i.k.p.i.AbstractProblemLoader Creating init config 
49286      DEBUG main            d.u.i.k.p.i.AbstractProblemLoader Init config took 2.75s 
49306      INFO  main            d.u.i.k.p.i.AbstractProblemLoader Replaying proof dependency_contracts.key 
49310      DEBUG main            d.u.i.k.p.i.IntermediateProofReplayer Proof replay took 7.1ns 
50517      INFO  main            d.u.i.k.p.r.p.TestFile    ... finished proof: closed. 
50753      INFO  main            d.u.i.k.p.i.AbstractProblemLoader Loading environment from /home/runner/work/key/key/key.core/../key.ui/examples/heap/simple/dependency_contracts.key.proof 
50753      DEBUG main            d.u.i.k.p.i.AbstractProblemLoader Environment load took 462.4ns 
50755      INFO  main            d.u.i.k.p.i.AbstractProblemLoader Creating init config 
53470      DEBUG main            d.u.i.k.p.i.AbstractProblemLoader Init config took 2.71s 
53492      INFO  main            d.u.i.k.p.i.AbstractProblemLoader Replaying proof dependency_contracts.key.proof 
53663      DEBUG main            d.u.i.k.p.i.IntermediateProofReplayer Proof replay took 162ms 
53666      DEBUG main            d.u.i.k.p.r.p.TestFile    ... success: reloaded. 
53668      INFO  main            d.u.i.k.p.r.p.TestFile    Now processing file /home/runner/work/key/key/key.core/../key.ui/examples/heap/simple/invariant_preservation.key 
53668      INFO  main            d.u.i.k.p.i.AbstractProblemLoader Loading environment from /home/runner/work/key/key/key.core/../key.ui/examples/heap/simple/invariant_preservation.key 
53668      DEBUG main            d.u.i.k.p.i.AbstractProblemLoader Environment load took 223.7ns 
53670      INFO  main            d.u.i.k.p.i.AbstractProblemLoader Creating init config 
56379      DEBUG main            d.u.i.k.p.i.AbstractProblemLoader Init config took 2.71s 
56398      INFO  main            d.u.i.k.p.i.AbstractProblemLoader Replaying proof invariant_preservation.key 
56400      DEBUG main            d.u.i.k.p.i.IntermediateProofReplayer Proof replay took 7.3ns 
56603      INFO  main            d.u.i.k.p.r.p.TestFile    ... finished proof: closed. 
56818      INFO  main            d.u.i.k.p.i.AbstractProblemLoader Loading environment from /home/runner/work/key/key/key.core/../key.ui/examples/heap/simple/invariant_preservation.key.proof 
56818      DEBUG main            d.u.i.k.p.i.AbstractProblemLoader Environment load took 141.7ns 
56820      INFO  main            d.u.i.k.p.i.AbstractProblemLoader Creating init config 
59563      DEBUG main            d.u.i.k.p.i.AbstractProblemLoader Init config took 2.74s 
59582      INFO  main            d.u.i.k.p.i.AbstractProblemLoader Replaying proof invariant_preservation.key.proof 
59608      DEBUG main            d.u.i.k.p.i.IntermediateProofReplayer Proof replay took 22.84ms 
59609      DEBUG main            d.u.i.k.p.r.p.TestFile    ... success: reloaded. 
59611      INFO  main            d.u.i.k.p.r.p.TestFile    Now processing file /home/runner/work/key/key/key.core/../key.ui/examples/heap/simple/locsets.key 
59611      INFO  main            d.u.i.k.p.i.AbstractProblemLoader Loading environment from /home/runner/work/key/key/key.core/../key.ui/examples/heap/simple/locsets.key 
59613      DEBUG main            d.u.i.k.p.i.AbstractProblemLoader Environment load took 2.17ms 
59615      INFO  main            d.u.i.k.p.i.AbstractProblemLoader Creating init config 
62030      DEBUG main            d.u.i.k.p.i.AbstractProblemLoader Init config took 2.42s 
62048      INFO  main            d.u.i.k.p.i.AbstractProblemLoader Replaying proof locsets.key 
62049      DEBUG main            d.u.i.k.p.i.IntermediateProofReplayer Proof replay took 7.5ns 
62151      INFO  main            d.u.i.k.p.r.p.TestFile    ... finished proof: closed. 
62416      INFO  main            d.u.i.k.p.i.AbstractProblemLoader Loading environment from /home/runner/work/key/key/key.core/../key.ui/examples/heap/simple/locsets.key.proof 
62416      DEBUG main            d.u.i.k.p.i.AbstractProblemLoader Environment load took 124.2ns 
62417      INFO  main            d.u.i.k.p.i.AbstractProblemLoader Creating init config 
64849      DEBUG main            d.u.i.k.p.i.AbstractProblemLoader Init config took 2.43s 
64867      INFO  main            d.u.i.k.p.i.AbstractProblemLoader Replaying proof locsets.key.proof 
64873      DEBUG main            d.u.i.k.p.i.IntermediateProofReplayer Proof replay took 1.08ms 
64874      DEBUG main            d.u.i.k.p.r.p.TestFile    ... success: reloaded. 
64875      INFO  main            d.u.i.k.p.r.p.TestFile    Now processing file /home/runner/work/key/key/key.core/../key.ui/examples/heap/simple/loop1.key 
64875      INFO  main            d.u.i.k.p.i.AbstractProblemLoader Loading environment from /home/runner/work/key/key/key.core/../key.ui/examples/heap/simple/loop1.key 
64876      DEBUG main            d.u.i.k.p.i.AbstractProblemLoader Environment load took 222.4ns 
64878      INFO  main            d.u.i.k.p.i.AbstractProblemLoader Creating init config 
67583      DEBUG main            d.u.i.k.p.i.AbstractProblemLoader Init config took 2.71s 
67601      INFO  main            d.u.i.k.p.i.AbstractProblemLoader Replaying proof loop1.key 
67603      DEBUG main            d.u.i.k.p.i.IntermediateProofReplayer Proof replay took 7.3ns 
67806      INFO  main            d.u.i.k.p.r.p.TestFile    ... finished proof: closed. 
68001      INFO  main            d.u.i.k.p.i.AbstractProblemLoader Loading environment from /home/runner/work/key/key/key.core/../key.ui/examples/heap/simple/loop1.key.proof 
68001      DEBUG main            d.u.i.k.p.i.AbstractProblemLoader Environment load took 133.5ns 
68003      INFO  main            d.u.i.k.p.i.AbstractProblemLoader Creating init config 
70671      DEBUG main            d.u.i.k.p.i.AbstractProblemLoader Init config took 2.67s 
70687      INFO  main            d.u.i.k.p.i.AbstractProblemLoader Replaying proof loop1.key.proof 
70739      DEBUG main            d.u.i.k.p.i.IntermediateProofReplayer Proof replay took 50.17ms 
70741      DEBUG main            d.u.i.k.p.r.p.TestFile    ... success: reloaded. 
70741      INFO  main            d.u.i.k.p.r.p.TestFile    Now processing file /home/runner/work/key/key/key.core/../key.ui/examples/heap/simple/loop2.key 
70742      INFO  main            d.u.i.k.p.i.AbstractProblemLoader Loading environment from /home/runner/work/key/key/key.core/../key.ui/examples/heap/simple/loop2.key 
70742      DEBUG main            d.u.i.k.p.i.AbstractProblemLoader Environment load took 102.7ns 
70743      INFO  main            d.u.i.k.p.i.AbstractProblemLoader Creating init config 
73499      DEBUG main            d.u.i.k.p.i.AbstractProblemLoader Init config took 2.76s 
73515      INFO  main            d.u.i.k.p.i.AbstractProblemLoader Replaying proof loop2.key 
73517      DEBUG main            d.u.i.k.p.i.IntermediateProofReplayer Proof replay took 6.9ns 
74023      INFO  main            d.u.i.k.p.r.p.TestFile    ... finished proof: closed. 
74251      INFO  main            d.u.i.k.p.i.AbstractProblemLoader Loading environment from /home/runner/work/key/key/key.core/../key.ui/examples/heap/simple/loop2.key.proof 
74252      DEBUG main            d.u.i.k.p.i.AbstractProblemLoader Environment load took 1.18ms 
74253      INFO  main            d.u.i.k.p.i.AbstractProblemLoader Creating init config 
76919      DEBUG main            d.u.i.k.p.i.AbstractProblemLoader Init config took 2.67s 
76934      INFO  main            d.u.i.k.p.i.AbstractProblemLoader Replaying proof loop2.key.proof 
77031      DEBUG main            d.u.i.k.p.i.IntermediateProofReplayer Proof replay took 91.97ms 
77032      DEBUG main            d.u.i.k.p.r.p.TestFile    ... success: reloaded. 
77034      INFO  main            d.u.i.k.p.r.p.TestFile    Now processing file /home/runner/work/key/key/key.core/../key.ui/examples/heap/simple/modifies_datagroup.key 
77034      INFO  main            d.u.i.k.p.i.AbstractProblemLoader Loading environment from /home/runner/work/key/key/key.core/../key.ui/examples/heap/simple/modifies_datagroup.key 
77034      DEBUG main            d.u.i.k.p.i.AbstractProblemLoader Environment load took 121ns 
77035      INFO  main            d.u.i.k.p.i.AbstractProblemLoader Creating init config 
79509      DEBUG main            d.u.i.k.p.i.AbstractProblemLoader Init config took 2.47s 
79523      INFO  main            d.u.i.k.p.i.AbstractProblemLoader Replaying proof modifies_datagroup.key 
79524      DEBUG main            d.u.i.k.p.i.IntermediateProofReplayer Proof replay took 6.4ns 
79627      INFO  main            d.u.i.k.p.r.p.TestFile    ... finished proof: closed. 
79844      INFO  main            d.u.i.k.p.i.AbstractProblemLoader Loading environment from /home/runner/work/key/key/key.core/../key.ui/examples/heap/simple/modifies_datagroup.key.proof 
79844      DEBUG main            d.u.i.k.p.i.AbstractProblemLoader Environment load took 120.4ns 
79845      INFO  main            d.u.i.k.p.i.AbstractProblemLoader Creating init config 
82228      DEBUG main            d.u.i.k.p.i.AbstractProblemLoader Init config took 2.38s 
82242      INFO  main            d.u.i.k.p.i.AbstractProblemLoader Replaying proof modifies_datagroup.key.proof 
82247      DEBUG main            d.u.i.k.p.i.IntermediateProofReplayer Proof replay took 2.69ms 
82248      DEBUG main            d.u.i.k.p.r.p.TestFile    ... success: reloaded. 
82248      INFO  main            d.u.i.k.p.r.p.TestFile    Now processing file /home/runner/work/key/key/key.core/../key.ui/examples/heap/simple/modifies.key 
82249      INFO  main            d.u.i.k.p.i.AbstractProblemLoader Loading environment from /home/runner/work/key/key/key.core/../key.ui/examples/heap/simple/modifies.key 
82249      DEBUG main            d.u.i.k.p.i.AbstractProblemLoader Environment load took 97.1ns 
82250      INFO  main            d.u.i.k.p.i.AbstractProblemLoader Creating init config 
84651      DEBUG main            d.u.i.k.p.i.AbstractProblemLoader Init config took 2.4s 
84666      INFO  main            d.u.i.k.p.i.AbstractProblemLoader Replaying proof modifies.key 
84667      DEBUG main            d.u.i.k.p.i.IntermediateProofReplayer Proof replay took 7.4ns 
84769      INFO  main            d.u.i.k.p.r.p.TestFile    ... finished proof: closed. 
84973      INFO  main            d.u.i.k.p.i.AbstractProblemLoader Loading environment from /home/runner/work/key/key/key.core/../key.ui/examples/heap/simple/modifies.key.proof 
84973      DEBUG main            d.u.i.k.p.i.AbstractProblemLoader Environment load took 124.8ns 
84979      INFO  main            d.u.i.k.p.i.AbstractProblemLoader Creating init config 
87388      DEBUG main            d.u.i.k.p.i.AbstractProblemLoader Init config took 2.41s 
87402      INFO  main            d.u.i.k.p.i.AbstractProblemLoader Replaying proof modifies.key.proof 
87413      DEBUG main            d.u.i.k.p.i.IntermediateProofReplayer Proof replay took 9.04ms 
87414      DEBUG main            d.u.i.k.p.r.p.TestFile    ... success: reloaded. 
87414      INFO  main            d.u.i.k.p.r.p.TestFile    Now processing file /home/runner/work/key/key/key.core/../key.ui/examples/heap/simple/object_creation.key 
87415      INFO  main            d.u.i.k.p.i.AbstractProblemLoader Loading environment from /home/runner/work/key/key/key.core/../key.ui/examples/heap/simple/object_creation.key 
87415      DEBUG main            d.u.i.k.p.i.AbstractProblemLoader Environment load took 97.2ns 
87416      INFO  main            d.u.i.k.p.i.AbstractProblemLoader Creating init config 
89830      DEBUG main            d.u.i.k.p.i.AbstractProblemLoader Init config took 2.41s 
89844      INFO  main            d.u.i.k.p.i.AbstractProblemLoader Replaying proof object_creation.key 
89846      DEBUG main            d.u.i.k.p.i.IntermediateProofReplayer Proof replay took 6.8ns 
90051      INFO  main            d.u.i.k.p.r.p.TestFile    ... finished proof: closed. 
90357      INFO  main            d.u.i.k.p.i.AbstractProblemLoader Loading environment from /home/runner/work/key/key/key.core/../key.ui/examples/heap/simple/object_creation.key.proof 
90357      DEBUG main            d.u.i.k.p.i.AbstractProblemLoader Environment load took 136.9ns 
90358      INFO  main            d.u.i.k.p.i.AbstractProblemLoader Creating init config 
92735      DEBUG main            d.u.i.k.p.i.AbstractProblemLoader Init config took 2.38s 
92750      INFO  main            d.u.i.k.p.i.AbstractProblemLoader Replaying proof object_creation.key.proof 
92795      DEBUG main            d.u.i.k.p.i.IntermediateProofReplayer Proof replay took 42.85ms 
92797      DEBUG main            d.u.i.k.p.r.p.TestFile    ... success: reloaded. 
92798      INFO  main            d.u.i.k.p.r.p.TestFile    Now processing file /home/runner/work/key/key/key.core/../key.ui/examples/heap/simple/operation_contracts.key 
92798      INFO  main            d.u.i.k.p.i.AbstractProblemLoader Loading environment from /home/runner/work/key/key/key.core/../key.ui/examples/heap/simple/operation_contracts.key 
92798      DEBUG main            d.u.i.k.p.i.AbstractProblemLoader Environment load took 243.4ns 
92801      INFO  main            d.u.i.k.p.i.AbstractProblemLoader Creating init config 
95476      DEBUG main            d.u.i.k.p.i.AbstractProblemLoader Init config took 2.68s 
95490      INFO  main            d.u.i.k.p.i.AbstractProblemLoader Replaying proof operation_contracts.key 
95492      DEBUG main            d.u.i.k.p.i.IntermediateProofReplayer Proof replay took 8ns 
96308      INFO  main            d.u.i.k.p.r.p.TestFile    ... finished proof: closed. 
96554      INFO  main            d.u.i.k.p.i.AbstractProblemLoader Loading environment from /home/runner/work/key/key/key.core/../key.ui/examples/heap/simple/operation_contracts.key.proof 
96555      DEBUG main            d.u.i.k.p.i.AbstractProblemLoader Environment load took 452.91ns 
96557      INFO  main            d.u.i.k.p.i.AbstractProblemLoader Creating init config 
99193      DEBUG main            d.u.i.k.p.i.AbstractProblemLoader Init config took 2.64s 
99208      INFO  main            d.u.i.k.p.i.AbstractProblemLoader Replaying proof operation_contracts.key.proof 
99309      DEBUG main            d.u.i.k.p.i.IntermediateProofReplayer Proof replay took 94.14ms 
99311      DEBUG main            d.u.i.k.p.r.p.TestFile    ... success: reloaded. 
99312      INFO  main            d.u.i.k.p.r.p.TestFile    Now processing file /home/runner/work/key/key/key.core/../key.ui/examples/heap/simple/select_store.key 
99313      INFO  main            d.u.i.k.p.i.AbstractProblemLoader Loading environment from /home/runner/work/key/key/key.core/../key.ui/examples/heap/simple/select_store.key 
99313      DEBUG main            d.u.i.k.p.i.AbstractProblemLoader Environment load took 221ns 
99314      INFO  main            d.u.i.k.p.i.AbstractProblemLoader Creating init config 
101792     DEBUG main            d.u.i.k.p.i.AbstractProblemLoader Init config took 2.48s 
101806     INFO  main            d.u.i.k.p.i.AbstractProblemLoader Replaying proof select_store.key 
101807     DEBUG main            d.u.i.k.p.i.IntermediateProofReplayer Proof replay took 8.2ns 
101911     INFO  main            d.u.i.k.p.r.p.TestFile    ... finished proof: closed. 
102160     INFO  main            d.u.i.k.p.i.AbstractProblemLoader Loading environment from /home/runner/work/key/key/key.core/../key.ui/examples/heap/simple/select_store.key.proof 
102160     DEBUG main            d.u.i.k.p.i.AbstractProblemLoader Environment load took 159.2ns 
102162     INFO  main            d.u.i.k.p.i.AbstractProblemLoader Creating init config 
104528     DEBUG main            d.u.i.k.p.i.AbstractProblemLoader Init config took 2.37s 
104542     INFO  main            d.u.i.k.p.i.AbstractProblemLoader Replaying proof select_store.key.proof 
104546     DEBUG main            d.u.i.k.p.i.IntermediateProofReplayer Proof replay took 2.14ms 
104547     DEBUG main            d.u.i.k.p.r.p.TestFile    ... success: reloaded. 
104548     INFO  main            d.u.i.k.p.r.p.TestFile    Now processing file /home/runner/work/key/key/key.core/../key.ui/examples/heap/simple/selection_sort.key 
104548     INFO  main            d.u.i.k.p.i.AbstractProblemLoader Loading environment from /home/runner/work/key/key/key.core/../key.ui/examples/heap/simple/selection_sort.key 
104548     DEBUG main            d.u.i.k.p.i.AbstractProblemLoader Environment load took 207.7ns 
104550     INFO  main            d.u.i.k.p.i.AbstractProblemLoader Creating init config 
107247     DEBUG main            d.u.i.k.p.i.AbstractProblemLoader Init config took 2.7s 
107261     INFO  main            d.u.i.k.p.i.AbstractProblemLoader Replaying proof selection_sort.key 
107263     DEBUG main            d.u.i.k.p.i.IntermediateProofReplayer Proof replay took 8ns 
110809     INFO  main            d.u.i.k.p.r.p.TestFile    ... finished proof: closed. 
111070     INFO  main            d.u.i.k.p.i.AbstractProblemLoader Loading environment from /home/runner/work/key/key/key.core/../key.ui/examples/heap/simple/selection_sort.key.proof 
111070     DEBUG main            d.u.i.k.p.i.AbstractProblemLoader Environment load took 544.41ns 
111072     INFO  main            d.u.i.k.p.i.AbstractProblemLoader Creating init config 
113694     DEBUG main            d.u.i.k.p.i.AbstractProblemLoader Init config took 2.62s 
113708     INFO  main            d.u.i.k.p.i.AbstractProblemLoader Replaying proof selection_sort.key.proof 
114141     DEBUG main            d.u.i.k.p.i.IntermediateProofReplayer Proof replay took 411.09ms 
114143     DEBUG main            d.u.i.k.p.r.p.TestFile    ... success: reloaded. 
114145     INFO  main            d.u.i.k.p.r.p.TestFile    Now processing file /home/runner/work/key/key/key.core/../key.ui/examples/heap/simple/seq.key 
114145     INFO  main            d.u.i.k.p.i.AbstractProblemLoader Loading environment from /home/runner/work/key/key/key.core/../key.ui/examples/heap/simple/seq.key 
114145     DEBUG main            d.u.i.k.p.i.AbstractProblemLoader Environment load took 216ns 
114146     INFO  main            d.u.i.k.p.i.AbstractProblemLoader Creating init config 
116558     DEBUG main            d.u.i.k.p.i.AbstractProblemLoader Init config took 2.41s 
116572     INFO  main            d.u.i.k.p.i.AbstractProblemLoader Replaying proof seq.key 
116574     DEBUG main            d.u.i.k.p.i.IntermediateProofReplayer Proof replay took 7.5ns 
116978     INFO  main            d.u.i.k.p.r.p.TestFile    ... finished proof: closed. 
117284     INFO  main            d.u.i.k.p.i.AbstractProblemLoader Loading environment from /home/runner/work/key/key/key.core/../key.ui/examples/heap/simple/seq.key.proof 
117284     DEBUG main            d.u.i.k.p.i.AbstractProblemLoader Environment load took 119.2ns 
117285     INFO  main            d.u.i.k.p.i.AbstractProblemLoader Creating init config 
119640     DEBUG main            d.u.i.k.p.i.AbstractProblemLoader Init config took 2.35s 
119654     INFO  main            d.u.i.k.p.i.AbstractProblemLoader Replaying proof seq.key.proof 
119684     DEBUG main            d.u.i.k.p.i.IntermediateProofReplayer Proof replay took 26.08ms 
119686     DEBUG main            d.u.i.k.p.r.p.TestFile    ... success: reloaded. 
119686     INFO  main            d.u.i.k.p.r.p.TestFile    Now processing file /home/runner/work/key/key/key.core/../key.ui/examples/heap/simple/oldForParams.key 
119687     INFO  main            d.u.i.k.p.i.AbstractProblemLoader Loading environment from /home/runner/work/key/key/key.core/../key.ui/examples/heap/simple/oldForParams.key 
119687     DEBUG main            d.u.i.k.p.i.AbstractProblemLoader Environment load took 96.1ns 
119688     INFO  main            d.u.i.k.p.i.AbstractProblemLoader Creating init config 
122318     DEBUG main            d.u.i.k.p.i.AbstractProblemLoader Init config took 2.63s 
122416     INFO  main            d.u.i.k.p.i.AbstractProblemLoader Replaying proof OldForParameters[OldForParameters::method(int)].JML operation contract.0 
122418     DEBUG main            d.u.i.k.p.i.IntermediateProofReplayer Proof replay took 7.1ns 
122621     INFO  main            d.u.i.k.p.r.p.TestFile    ... finished proof: closed. 
122907     INFO  main            d.u.i.k.p.i.AbstractProblemLoader Loading environment from /home/runner/work/key/key/key.core/../key.ui/examples/heap/simple/oldForParams.key.proof 
122907     DEBUG main            d.u.i.k.p.i.AbstractProblemLoader Environment load took 541.31ns 
122908     INFO  main            d.u.i.k.p.i.AbstractProblemLoader Creating init config 
125528     DEBUG main            d.u.i.k.p.i.AbstractProblemLoader Init config took 2.62s 
125568     INFO  main            d.u.i.k.p.i.AbstractProblemLoader Replaying proof OldForParameters[OldForParameters::method(int)].JML operation contract.0 
125610     DEBUG main            d.u.i.k.p.i.IntermediateProofReplayer Proof replay took 36.35ms 
125612     DEBUG main            d.u.i.k.p.r.p.TestFile    ... success: reloaded. 
125614     INFO  main            d.u.i.k.p.r.p.TestFile    Now processing file /home/runner/work/key/key/key.core/../key.ui/examples/heap/simple/parse_lmtd.key 
125614     INFO  main            d.u.i.k.p.i.AbstractProblemLoader Loading environment from /home/runner/work/key/key/key.core/../key.ui/examples/heap/simple/parse_lmtd.key 
125614     DEBUG main            d.u.i.k.p.i.AbstractProblemLoader Environment load took 62.7ns 
125615     INFO  main            d.u.i.k.p.i.AbstractProblemLoader Creating init config 
128277     DEBUG main            d.u.i.k.p.i.AbstractProblemLoader Init config took 2.66s 
128331     INFO  main            d.u.i.k.p.i.AbstractProblemLoader Replaying proof ParseLmtd[ParseLmtd::simple(int)].JML normal_behavior operation contract.0 
128333     DEBUG main            d.u.i.k.p.i.IntermediateProofReplayer Proof replay took 5.9ns 
128535     INFO  main            d.u.i.k.p.r.p.TestFile    ... finished proof: closed. 
128788     INFO  main            d.u.i.k.p.i.AbstractProblemLoader Loading environment from /home/runner/work/key/key/key.core/../key.ui/examples/heap/simple/parse_lmtd.key.proof 
128788     DEBUG main            d.u.i.k.p.i.AbstractProblemLoader Environment load took 113.6ns 
128789     INFO  main            d.u.i.k.p.i.AbstractProblemLoader Creating init config 
131386     DEBUG main            d.u.i.k.p.i.AbstractProblemLoader Init config took 2.6s 
131425     INFO  main            d.u.i.k.p.i.AbstractProblemLoader Replaying proof ParseLmtd[ParseLmtd::simple(int)].JML normal_behavior operation contract.0 
131445     DEBUG main            d.u.i.k.p.i.IntermediateProofReplayer Proof replay took 17.39ms 
131446     DEBUG main            d.u.i.k.p.r.p.TestFile    ... success: reloaded. 
131446     INFO  main            d.u.i.k.p.r.p.TestFile    Now processing file /home/runner/work/key/key/key.core/../key.ui/examples/heap/strictly_pure/strictlyPureMethod.key 
131447     INFO  main            d.u.i.k.p.i.AbstractProblemLoader Loading environment from /home/runner/work/key/key/key.core/../key.ui/examples/heap/strictly_pure/strictlyPureMethod.key 
131447     DEBUG main            d.u.i.k.p.i.AbstractProblemLoader Environment load took 55.7ns 
131448     INFO  main            d.u.i.k.p.i.AbstractProblemLoader Creating init config 
134017     DEBUG main            d.u.i.k.p.i.AbstractProblemLoader Init config took 2.57s 
134053     INFO  main            d.u.i.k.p.i.AbstractProblemLoader Replaying proof StrictlyPure[StrictlyPure::strictlyPureMethod()].JML operation contract.0 
134054     DEBUG main            d.u.i.k.p.i.IntermediateProofReplayer Proof replay took 6.6ns 
134260     INFO  main            d.u.i.k.p.r.p.TestFile    ... finished proof: closed. 
134526     INFO  main            d.u.i.k.p.i.AbstractProblemLoader Loading environment from /home/runner/work/key/key/key.core/../key.ui/examples/heap/strictly_pure/strictlyPureMethod.key.proof 
134526     DEBUG main            d.u.i.k.p.i.AbstractProblemLoader Environment load took 116.9ns 
134528     INFO  main            d.u.i.k.p.i.AbstractProblemLoader Creating init config 
136988     DEBUG main            d.u.i.k.p.i.AbstractProblemLoader Init config took 2.46s 
137022     INFO  main            d.u.i.k.p.i.AbstractProblemLoader Replaying proof StrictlyPure[StrictlyPure::strictlyPureMethod()].JML operation contract.0 
137054     DEBUG main            d.u.i.k.p.i.IntermediateProofReplayer Proof replay took 29.08ms 
137055     DEBUG main            d.u.i.k.p.r.p.TestFile    ... success: reloaded. 
137056     INFO  main            d.u.i.k.p.r.p.TestFile    Now processing file /home/runner/work/key/key/key.core/../key.ui/examples/heap/strictly_pure/useStrictlyPureMethod.key 
137056     INFO  main            d.u.i.k.p.i.AbstractProblemLoader Loading environment from /home/runner/work/key/key/key.core/../key.ui/examples/heap/strictly_pure/useStrictlyPureMethod.key 
137056     DEBUG main            d.u.i.k.p.i.AbstractProblemLoader Environment load took 97.9ns 
137057     INFO  main            d.u.i.k.p.i.AbstractProblemLoader Creating init config 
139614     DEBUG main            d.u.i.k.p.i.AbstractProblemLoader Init config took 2.56s 
139650     INFO  main            d.u.i.k.p.i.AbstractProblemLoader Replaying proof StrictlyPure[StrictlyPure::useStrictlyPureMethod(StrictlyPureClass)].JML operation contract.0 
139651     DEBUG main            d.u.i.k.p.i.IntermediateProofReplayer Proof replay took 6.1ns 
139856     INFO  main            d.u.i.k.p.r.p.TestFile    ... finished proof: closed. 
140124     INFO  main            d.u.i.k.p.i.AbstractProblemLoader Loading environment from /home/runner/work/key/key/key.core/../key.ui/examples/heap/strictly_pure/useStrictlyPureMethod.key.proof 
140125     DEBUG main            d.u.i.k.p.i.AbstractProblemLoader Environment load took 115.6ns 
140125     INFO  main            d.u.i.k.p.i.AbstractProblemLoader Creating init config 
142564     DEBUG main            d.u.i.k.p.i.AbstractProblemLoader Init config took 2.44s 
142598     INFO  main            d.u.i.k.p.i.AbstractProblemLoader Replaying proof StrictlyPure[StrictlyPure::useStrictlyPureMethod(StrictlyPureClass)].JML operation contract.0 
142644     DEBUG main            d.u.i.k.p.i.IntermediateProofReplayer Proof replay took 43.34ms 
142645     DEBUG main            d.u.i.k.p.r.p.TestFile    ... success: reloaded. 
142646     INFO  main            d.u.i.k.p.r.p.TestFile    Now processing file /home/runner/work/key/key/key.core/../key.ui/examples/heap/Wellfounded/ackermann.key 
142646     INFO  main            d.u.i.k.p.i.AbstractProblemLoader Loading environment from /home/runner/work/key/key/key.core/../key.ui/examples/heap/Wellfounded/ackermann.key 
142646     DEBUG main            d.u.i.k.p.i.AbstractProblemLoader Environment load took 98.2ns 
142647     INFO  main            d.u.i.k.p.i.AbstractProblemLoader Creating init config 
145189     DEBUG main            d.u.i.k.p.i.AbstractProblemLoader Init config took 2.54s 
145238     INFO  main            d.u.i.k.p.i.AbstractProblemLoader Replaying proof Ackermann[Ackermann::a(int,int)].JML normal_behavior operation contract.0 
145241     DEBUG main            d.u.i.k.p.i.IntermediateProofReplayer Proof replay took 6.9ns 
145544     INFO  main            d.u.i.k.p.r.p.TestFile    ... finished proof: closed. 
145808     INFO  main            d.u.i.k.p.i.AbstractProblemLoader Loading environment from /home/runner/work/key/key/key.core/../key.ui/examples/heap/Wellfounded/ackermann.key.proof 
145808     DEBUG main            d.u.i.k.p.i.AbstractProblemLoader Environment load took 112.7ns 
145809     INFO  main            d.u.i.k.p.i.AbstractProblemLoader Creating init config 
148298     DEBUG main            d.u.i.k.p.i.AbstractProblemLoader Init config took 2.49s 
148332     INFO  main            d.u.i.k.p.i.AbstractProblemLoader Replaying proof Ackermann[Ackermann::a(int,int)].JML normal_behavior operation contract.0 
148387     DEBUG main            d.u.i.k.p.i.IntermediateProofReplayer Proof replay took 51.92ms 
148388     DEBUG main            d.u.i.k.p.r.p.TestFile    ... success: reloaded. 
148390     INFO  main            d.u.i.k.p.r.p.TestFile    Now processing file /home/runner/work/key/key/key.core/../key.ui/examples/standard_key/unicode_test.key 
148390     INFO  main            d.u.i.k.p.i.AbstractProblemLoader Loading environment from /home/runner/work/key/key/key.core/../key.ui/examples/standard_key/unicode_test.key 
148390     DEBUG main            d.u.i.k.p.i.AbstractProblemLoader Environment load took 103.8ns 
148394     INFO  main            d.u.i.k.p.i.AbstractProblemLoader Creating init config 
150818     DEBUG main            d.u.i.k.p.i.AbstractProblemLoader Init config took 2.42s 
150832     INFO  main            d.u.i.k.p.i.AbstractProblemLoader Replaying proof unicode_test.key 
150833     DEBUG main            d.u.i.k.p.i.IntermediateProofReplayer Proof replay took 6.9ns 
150936     INFO  main            d.u.i.k.p.r.p.TestFile    ... finished proof: closed. 
151210     INFO  main            d.u.i.k.p.i.AbstractProblemLoader Loading environment from /home/runner/work/key/key/key.core/../key.ui/examples/standard_key/unicode_test.key.proof 
151210     DEBUG main            d.u.i.k.p.i.AbstractProblemLoader Environment load took 113.4ns 
151211     INFO  main            d.u.i.k.p.i.AbstractProblemLoader Creating init config 
153573     DEBUG main            d.u.i.k.p.i.AbstractProblemLoader Init config took 2.36s 
153586     INFO  main            d.u.i.k.p.i.AbstractProblemLoader Replaying proof unicode_test.key.proof 
153591     DEBUG main            d.u.i.k.p.i.IntermediateProofReplayer Proof replay took 352.4ns 
153593     DEBUG main            d.u.i.k.p.r.p.TestFile    ... success: reloaded. 
153595     INFO  main            d.u.i.k.p.r.p.TestFile    Now processing file /home/runner/work/key/key/key.core/../key.ui/examples/heap/strictlyModular/mayExpand.key 
153596     INFO  main            d.u.i.k.p.i.AbstractProblemLoader Loading environment from /home/runner/work/key/key/key.core/../key.ui/examples/heap/strictlyModular/mayExpand.key 
153601     DEBUG main            d.u.i.k.p.i.AbstractProblemLoader Environment load took 5.18ms 
153603     INFO  main            d.u.i.k.p.i.AbstractProblemLoader Creating init config 
156076     DEBUG main            d.u.i.k.p.i.AbstractProblemLoader Init config took 2.47s 
156127     INFO  main            d.u.i.k.p.i.AbstractProblemLoader Replaying proof Modular[Modular::m()].JML operation contract.0 
156129     DEBUG main            d.u.i.k.p.i.IntermediateProofReplayer Proof replay took 7ns 
156230     INFO  main            d.u.i.k.p.r.p.TestFile    ... finished proof: closed. 
156522     INFO  main            d.u.i.k.p.i.AbstractProblemLoader Loading environment from /home/runner/work/key/key/key.core/../key.ui/examples/heap/strictlyModular/mayExpand.key.proof 
156522     DEBUG main            d.u.i.k.p.i.AbstractProblemLoader Environment load took 94.6ns 
156523     INFO  main            d.u.i.k.p.i.AbstractProblemLoader Creating init config 
158952     DEBUG main            d.u.i.k.p.i.AbstractProblemLoader Init config took 2.43s 
158987     INFO  main            d.u.i.k.p.i.AbstractProblemLoader Replaying proof Modular[Modular::m()].JML operation contract.0 
159001     DEBUG main            d.u.i.k.p.i.IntermediateProofReplayer Proof replay took 12.07ms 
159001     DEBUG main            d.u.i.k.p.r.p.TestFile    ... success: reloaded. 
159002     INFO  main            d.u.i.k.p.r.p.TestFile    Now processing file /home/runner/work/key/key/key.core/../key.ui/examples/heap/strictlyModular/modularOnly.key 
159003     INFO  main            d.u.i.k.p.i.AbstractProblemLoader Loading environment from /home/runner/work/key/key/key.core/../key.ui/examples/heap/strictlyModular/modularOnly.key 
159003     DEBUG main            d.u.i.k.p.i.AbstractProblemLoader Environment load took 97.7ns 
159004     INFO  main            d.u.i.k.p.i.AbstractProblemLoader Creating init config 
161519     DEBUG main            d.u.i.k.p.i.AbstractProblemLoader Init config took 2.52s 
161554     INFO  main            d.u.i.k.p.i.AbstractProblemLoader Replaying proof Modular[Modular::m()].JML operation contract.0 
161555     DEBUG main            d.u.i.k.p.i.IntermediateProofReplayer Proof replay took 6.7ns 
161659     INFO  main            d.u.i.k.p.r.p.TestFile    ... finished proof: open goal(s) 
1899424    INFO  Test worker     d.u.i.k.p.r.RunAllProofsTestUnit Returning from test simpleTests 
1899426    INFO  Test worker     d.u.i.k.p.r.RunAllProofsTestUnit Running test SmansEtAl 
363        INFO  Timeout watchdog d.u.i.k.p.r.p.ForkedTestFileRunner Timeout watcher launched (2000 secs.) 
376        WARN  main            d.u.i.k.s.ProofSettings   The settings in /home/runner/.key/proof-settings.props are *not* read. 
416        INFO  main            d.u.i.k.p.r.p.TestFile    Now processing file /home/runner/work/key/key/key.core/../key.ui/examples/heap/SmansEtAl/ArrayList_add.key 
522        INFO  main            d.u.i.k.p.i.AbstractProblemLoader Loading environment from /home/runner/work/key/key/key.core/../key.ui/examples/heap/SmansEtAl/ArrayList_add.key 
545        DEBUG main            d.u.i.k.p.i.AbstractProblemLoader Environment load took 2.33ms 
777        INFO  main            d.u.i.k.p.i.AbstractProblemLoader Creating init config 
1705       DEBUG main            d.u.i.k.j.TypeConverter   No LDT found for Meta 
1705       DEBUG main            d.u.i.k.j.TypeConverter   No LDT found for Meta 
1708       DEBUG main            d.u.i.k.j.TypeConverter   No LDT found for Meta 
1708       DEBUG main            d.u.i.k.j.TypeConverter   No LDT found for Meta 
3363       DEBUG main            d.u.i.k.j.TypeConverter   No LDT found for JavaBigintExpression 
8787       DEBUG main            d.u.i.k.p.i.AbstractProblemLoader Init config took 8.01s 
8911       INFO  main            d.u.i.k.p.i.AbstractProblemLoader Replaying proof ArrayList[ArrayList::add(java.lang.Object)].JML normal_behavior operation contract.0 
8944       DEBUG main            d.u.i.k.p.i.IntermediateProofReplayer Proof replay took 33.8ns 
16293      INFO  main            d.u.i.k.p.r.p.TestFile    ... finished proof: closed. 
16490      INFO  main            d.u.i.k.p.i.AbstractProblemLoader Loading environment from /home/runner/work/key/key/key.core/../key.ui/examples/heap/SmansEtAl/ArrayList_add.key.proof 
16491      DEBUG main            d.u.i.k.p.i.AbstractProblemLoader Environment load took 988.11ns 
16500      INFO  main            d.u.i.k.p.i.AbstractProblemLoader Creating init config 
19527      DEBUG main            d.u.i.k.p.i.AbstractProblemLoader Init config took 3.03s 
19600      INFO  main            d.u.i.k.p.i.AbstractProblemLoader Replaying proof ArrayList[ArrayList::add(java.lang.Object)].JML normal_behavior operation contract.0 
20329      DEBUG main            d.u.i.k.p.i.IntermediateProofReplayer Proof replay took 695.32ms 
20338      DEBUG main            d.u.i.k.p.r.p.TestFile    ... success: reloaded. 
20340      INFO  main            d.u.i.k.p.r.p.TestFile    Now processing file /home/runner/work/key/key/key.core/../key.ui/examples/heap/SmansEtAl/ArrayList_ArrayList.key 
20341      INFO  main            d.u.i.k.p.i.AbstractProblemLoader Loading environment from /home/runner/work/key/key/key.core/../key.ui/examples/heap/SmansEtAl/ArrayList_ArrayList.key 
20341      DEBUG main            d.u.i.k.p.i.AbstractProblemLoader Environment load took 272.3ns 
20343      INFO  main            d.u.i.k.p.i.AbstractProblemLoader Creating init config 
23264      DEBUG main            d.u.i.k.p.i.AbstractProblemLoader Init config took 2.92s 
23319      INFO  main            d.u.i.k.p.i.AbstractProblemLoader Replaying proof ArrayList[ArrayList::ArrayList()].JML normal_behavior operation contract.0 
23322      DEBUG main            d.u.i.k.p.i.IntermediateProofReplayer Proof replay took 7.5ns 
24337      INFO  main            d.u.i.k.p.r.p.TestFile    ... finished proof: closed. 
24501      INFO  main            d.u.i.k.p.i.AbstractProblemLoader Loading environment from /home/runner/work/key/key/key.core/../key.ui/examples/heap/SmansEtAl/ArrayList_ArrayList.key.proof 
24501      DEBUG main            d.u.i.k.p.i.AbstractProblemLoader Environment load took 521.31ns 
24505      INFO  main            d.u.i.k.p.i.AbstractProblemLoader Creating init config 
27423      DEBUG main            d.u.i.k.p.i.AbstractProblemLoader Init config took 2.92s 
27488      INFO  main            d.u.i.k.p.i.AbstractProblemLoader Replaying proof ArrayList[ArrayList::ArrayList()].JML normal_behavior operation contract.0 
27615      DEBUG main            d.u.i.k.p.i.IntermediateProofReplayer Proof replay took 117.77ms 
27616      DEBUG main            d.u.i.k.p.r.p.TestFile    ... success: reloaded. 
27618      INFO  main            d.u.i.k.p.r.p.TestFile    Now processing file /home/runner/work/key/key/key.core/../key.ui/examples/heap/SmansEtAl/ArrayList_footprint.key 
27618      INFO  main            d.u.i.k.p.i.AbstractProblemLoader Loading environment from /home/runner/work/key/key/key.core/../key.ui/examples/heap/SmansEtAl/ArrayList_footprint.key 
27619      DEBUG main            d.u.i.k.p.i.AbstractProblemLoader Environment load took 228.3ns 
27620      INFO  main            d.u.i.k.p.i.AbstractProblemLoader Creating init config 
30460      DEBUG main            d.u.i.k.p.i.AbstractProblemLoader Init config took 2.84s 
30508      INFO  main            d.u.i.k.p.i.AbstractProblemLoader Replaying proof ArrayList[ArrayList::$footprint()].JML accessible clause.0 
30510      DEBUG main            d.u.i.k.p.i.IntermediateProofReplayer Proof replay took 6.8ns 
30612      INFO  main            d.u.i.k.p.r.p.TestFile    ... finished proof: closed. 
30764      INFO  main            d.u.i.k.p.i.AbstractProblemLoader Loading environment from /home/runner/work/key/key/key.core/../key.ui/examples/heap/SmansEtAl/ArrayList_footprint.key.proof 
30764      DEBUG main            d.u.i.k.p.i.AbstractProblemLoader Environment load took 127.4ns 
30765      INFO  main            d.u.i.k.p.i.AbstractProblemLoader Creating init config 
33539      DEBUG main            d.u.i.k.p.i.AbstractProblemLoader Init config took 2.77s 
33584      INFO  main            d.u.i.k.p.i.AbstractProblemLoader Replaying proof ArrayList[ArrayList::$footprint()].JML accessible clause.0 
33595      DEBUG main            d.u.i.k.p.i.IntermediateProofReplayer Proof replay took 8.33ms 
33597      DEBUG main            d.u.i.k.p.r.p.TestFile    ... success: reloaded. 
33598      INFO  main            d.u.i.k.p.r.p.TestFile    Now processing file /home/runner/work/key/key/key.core/../key.ui/examples/heap/SmansEtAl/ArrayList_get_dep.key 
33599      INFO  main            d.u.i.k.p.i.AbstractProblemLoader Loading environment from /home/runner/work/key/key/key.core/../key.ui/examples/heap/SmansEtAl/ArrayList_get_dep.key 
33599      DEBUG main            d.u.i.k.p.i.AbstractProblemLoader Environment load took 282.8ns 
33600      INFO  main            d.u.i.k.p.i.AbstractProblemLoader Creating init config 
36403      DEBUG main            d.u.i.k.p.i.AbstractProblemLoader Init config took 2.8s 
36448      INFO  main            d.u.i.k.p.i.AbstractProblemLoader Replaying proof ArrayList[ArrayList::get(int)].JML accessible clause.0 
36450      DEBUG main            d.u.i.k.p.i.IntermediateProofReplayer Proof replay took 7.4ns 
36755      INFO  main            d.u.i.k.p.r.p.TestFile    ... finished proof: closed. 
36927      INFO  main            d.u.i.k.p.i.AbstractProblemLoader Loading environment from /home/runner/work/key/key/key.core/../key.ui/examples/heap/SmansEtAl/ArrayList_get_dep.key.proof 
36927      DEBUG main            d.u.i.k.p.i.AbstractProblemLoader Environment load took 471.71ns 
36929      INFO  main            d.u.i.k.p.i.AbstractProblemLoader Creating init config 
39679      DEBUG main            d.u.i.k.p.i.AbstractProblemLoader Init config took 2.75s 
39728      INFO  main            d.u.i.k.p.i.AbstractProblemLoader Replaying proof ArrayList[ArrayList::get(int)].JML accessible clause.0 
39773      DEBUG main            d.u.i.k.p.i.IntermediateProofReplayer Proof replay took 41.07ms 
39775      DEBUG main            d.u.i.k.p.r.p.TestFile    ... success: reloaded. 
39776      INFO  main            d.u.i.k.p.r.p.TestFile    Now processing file /home/runner/work/key/key/key.core/../key.ui/examples/heap/SmansEtAl/ArrayList_get.key 
39777      INFO  main            d.u.i.k.p.i.AbstractProblemLoader Loading environment from /home/runner/work/key/key/key.core/../key.ui/examples/heap/SmansEtAl/ArrayList_get.key 
39777      DEBUG main            d.u.i.k.p.i.AbstractProblemLoader Environment load took 248.8ns 
39778      INFO  main            d.u.i.k.p.i.AbstractProblemLoader Creating init config 
42554      DEBUG main            d.u.i.k.p.i.AbstractProblemLoader Init config took 2.78s 
42598      INFO  main            d.u.i.k.p.i.AbstractProblemLoader Replaying proof ArrayList[ArrayList::get(int)].JML normal_behavior operation contract.0 
42600      DEBUG main            d.u.i.k.p.i.IntermediateProofReplayer Proof replay took 7ns 
42803      INFO  main            d.u.i.k.p.r.p.TestFile    ... finished proof: closed. 
42972      INFO  main            d.u.i.k.p.i.AbstractProblemLoader Loading environment from /home/runner/work/key/key/key.core/../key.ui/examples/heap/SmansEtAl/ArrayList_get.key.proof 
42972      DEBUG main            d.u.i.k.p.i.AbstractProblemLoader Environment load took 129.8ns 
42973      INFO  main            d.u.i.k.p.i.AbstractProblemLoader Creating init config 
45664      DEBUG main            d.u.i.k.p.i.AbstractProblemLoader Init config took 2.69s 
45708      INFO  main            d.u.i.k.p.i.AbstractProblemLoader Replaying proof ArrayList[ArrayList::get(int)].JML normal_behavior operation contract.0 
45734      DEBUG main            d.u.i.k.p.i.IntermediateProofReplayer Proof replay took 23.3ms 
45736      DEBUG main            d.u.i.k.p.r.p.TestFile    ... success: reloaded. 
45737      INFO  main            d.u.i.k.p.r.p.TestFile    Now processing file /home/runner/work/key/key/key.core/../key.ui/examples/heap/SmansEtAl/ArrayList_inv.key 
45738      INFO  main            d.u.i.k.p.i.AbstractProblemLoader Loading environment from /home/runner/work/key/key/key.core/../key.ui/examples/heap/SmansEtAl/ArrayList_inv.key 
45738      DEBUG main            d.u.i.k.p.i.AbstractProblemLoader Environment load took 230.3ns 
45739      INFO  main            d.u.i.k.p.i.AbstractProblemLoader Creating init config 
48504      DEBUG main            d.u.i.k.p.i.AbstractProblemLoader Init config took 2.76s 
48548      INFO  main            d.u.i.k.p.i.AbstractProblemLoader Replaying proof ArrayList[java.lang.Object::<inv>()].JML accessible clause.0 
48550      DEBUG main            d.u.i.k.p.i.IntermediateProofReplayer Proof replay took 6.9ns 
48652      INFO  main            d.u.i.k.p.r.p.TestFile    ... finished proof: closed. 
48825      INFO  main            d.u.i.k.p.i.AbstractProblemLoader Loading environment from /home/runner/work/key/key/key.core/../key.ui/examples/heap/SmansEtAl/ArrayList_inv.key.proof 
48825      DEBUG main            d.u.i.k.p.i.AbstractProblemLoader Environment load took 129.3ns 
48826      INFO  main            d.u.i.k.p.i.AbstractProblemLoader Creating init config 
51522      DEBUG main            d.u.i.k.p.i.AbstractProblemLoader Init config took 2.7s 
51561      INFO  main            d.u.i.k.p.i.AbstractProblemLoader Replaying proof ArrayList[java.lang.Object::<inv>()].JML accessible clause.0 
51571      DEBUG main            d.u.i.k.p.i.IntermediateProofReplayer Proof replay took 8.34ms 
51573      DEBUG main            d.u.i.k.p.r.p.TestFile    ... success: reloaded. 
51574      INFO  main            d.u.i.k.p.r.p.TestFile    Now processing file /home/runner/work/key/key/key.core/../key.ui/examples/heap/SmansEtAl/ArrayList_size_dep.key 
51574      INFO  main            d.u.i.k.p.i.AbstractProblemLoader Loading environment from /home/runner/work/key/key/key.core/../key.ui/examples/heap/SmansEtAl/ArrayList_size_dep.key 
51574      DEBUG main            d.u.i.k.p.i.AbstractProblemLoader Environment load took 123.5ns 
51575      INFO  main            d.u.i.k.p.i.AbstractProblemLoader Creating init config 
54310      DEBUG main            d.u.i.k.p.i.AbstractProblemLoader Init config took 2.73s 
54371      INFO  main            d.u.i.k.p.i.AbstractProblemLoader Replaying proof ArrayList[ArrayList::size()].JML accessible clause.0 
54374      DEBUG main            d.u.i.k.p.i.IntermediateProofReplayer Proof replay took 7.8ns 
54476      INFO  main            d.u.i.k.p.r.p.TestFile    ... finished proof: closed. 
54647      INFO  main            d.u.i.k.p.i.AbstractProblemLoader Loading environment from /home/runner/work/key/key/key.core/../key.ui/examples/heap/SmansEtAl/ArrayList_size_dep.key.proof 
54647      DEBUG main            d.u.i.k.p.i.AbstractProblemLoader Environment load took 130.8ns 
54648      INFO  main            d.u.i.k.p.i.AbstractProblemLoader Creating init config 
57319      DEBUG main            d.u.i.k.p.i.AbstractProblemLoader Init config took 2.67s 
57380      INFO  main            d.u.i.k.p.i.AbstractProblemLoader Replaying proof ArrayList[ArrayList::size()].JML accessible clause.0 
57395      DEBUG main            d.u.i.k.p.i.IntermediateProofReplayer Proof replay took 12.6ms 
57396      DEBUG main            d.u.i.k.p.r.p.TestFile    ... success: reloaded. 
57397      INFO  main            d.u.i.k.p.r.p.TestFile    Now processing file /home/runner/work/key/key/key.core/../key.ui/examples/heap/SmansEtAl/ArrayList_size.key 
57397      INFO  main            d.u.i.k.p.i.AbstractProblemLoader Loading environment from /home/runner/work/key/key/key.core/../key.ui/examples/heap/SmansEtAl/ArrayList_size.key 
57397      DEBUG main            d.u.i.k.p.i.AbstractProblemLoader Environment load took 109.8ns 
57398      INFO  main            d.u.i.k.p.i.AbstractProblemLoader Creating init config 
60115      DEBUG main            d.u.i.k.p.i.AbstractProblemLoader Init config took 2.72s 
60153      INFO  main            d.u.i.k.p.i.AbstractProblemLoader Replaying proof ArrayList[ArrayList::size()].JML normal_behavior operation contract.0 
60155      DEBUG main            d.u.i.k.p.i.IntermediateProofReplayer Proof replay took 8ns 
60259      INFO  main            d.u.i.k.p.r.p.TestFile    ... finished proof: closed. 
60444      INFO  main            d.u.i.k.p.i.AbstractProblemLoader Loading environment from /home/runner/work/key/key/key.core/../key.ui/examples/heap/SmansEtAl/ArrayList_size.key.proof 
60445      DEBUG main            d.u.i.k.p.i.AbstractProblemLoader Environment load took 131.3ns 
60448      INFO  main            d.u.i.k.p.i.AbstractProblemLoader Creating init config 
63123      DEBUG main            d.u.i.k.p.i.AbstractProblemLoader Init config took 2.67s 
63167      INFO  main            d.u.i.k.p.i.AbstractProblemLoader Replaying proof ArrayList[ArrayList::size()].JML normal_behavior operation contract.0 
63181      DEBUG main            d.u.i.k.p.i.IntermediateProofReplayer Proof replay took 11.76ms 
63183      DEBUG main            d.u.i.k.p.r.p.TestFile    ... success: reloaded. 
63188      INFO  main            d.u.i.k.p.r.p.TestFile    Now processing file /home/runner/work/key/key/key.core/../key.ui/examples/heap/SmansEtAl/Cell_Cell.key 
63190      INFO  main            d.u.i.k.p.i.AbstractProblemLoader Loading environment from /home/runner/work/key/key/key.core/../key.ui/examples/heap/SmansEtAl/Cell_Cell.key 
63190      DEBUG main            d.u.i.k.p.i.AbstractProblemLoader Environment load took 146.1ns 
63191      INFO  main            d.u.i.k.p.i.AbstractProblemLoader Creating init config 
65869      DEBUG main            d.u.i.k.p.i.AbstractProblemLoader Init config took 2.68s 
65905      INFO  main            d.u.i.k.p.i.AbstractProblemLoader Replaying proof Cell[Cell::Cell()].JML normal_behavior operation contract.0 
65907      DEBUG main            d.u.i.k.p.i.IntermediateProofReplayer Proof replay took 7.6ns 
66109      INFO  main            d.u.i.k.p.r.p.TestFile    ... finished proof: closed. 
66290      INFO  main            d.u.i.k.p.i.AbstractProblemLoader Loading environment from /home/runner/work/key/key/key.core/../key.ui/examples/heap/SmansEtAl/Cell_Cell.key.proof 
66290      DEBUG main            d.u.i.k.p.i.AbstractProblemLoader Environment load took 174.4ns 
66291      INFO  main            d.u.i.k.p.i.AbstractProblemLoader Creating init config 
68942      DEBUG main            d.u.i.k.p.i.AbstractProblemLoader Init config took 2.65s 
68979      INFO  main            d.u.i.k.p.i.AbstractProblemLoader Replaying proof Cell[Cell::Cell()].JML normal_behavior operation contract.0 
69014      DEBUG main            d.u.i.k.p.i.IntermediateProofReplayer Proof replay took 32.02ms 
69016      DEBUG main            d.u.i.k.p.r.p.TestFile    ... success: reloaded. 
69017      INFO  main            d.u.i.k.p.r.p.TestFile    Now processing file /home/runner/work/key/key/key.core/../key.ui/examples/heap/SmansEtAl/Cell_footprint.key 
69017      INFO  main            d.u.i.k.p.i.AbstractProblemLoader Loading environment from /home/runner/work/key/key/key.core/../key.ui/examples/heap/SmansEtAl/Cell_footprint.key 
69018      DEBUG main            d.u.i.k.p.i.AbstractProblemLoader Environment load took 235.3ns 
69019      INFO  main            d.u.i.k.p.i.AbstractProblemLoader Creating init config 
71727      DEBUG main            d.u.i.k.p.i.AbstractProblemLoader Init config took 2.71s 
71762      INFO  main            d.u.i.k.p.i.AbstractProblemLoader Replaying proof Cell[Cell::$footprint()].JML accessible clause.0 
71764      DEBUG main            d.u.i.k.p.i.IntermediateProofReplayer Proof replay took 7.7ns 
71866      INFO  main            d.u.i.k.p.r.p.TestFile    ... finished proof: closed. 
72065      INFO  main            d.u.i.k.p.i.AbstractProblemLoader Loading environment from /home/runner/work/key/key/key.core/../key.ui/examples/heap/SmansEtAl/Cell_footprint.key.proof 
72065      DEBUG main            d.u.i.k.p.i.AbstractProblemLoader Environment load took 125.3ns 
72066      INFO  main            d.u.i.k.p.i.AbstractProblemLoader Creating init config 
74726      DEBUG main            d.u.i.k.p.i.AbstractProblemLoader Init config took 2.66s 
74761      INFO  main            d.u.i.k.p.i.AbstractProblemLoader Replaying proof Cell[Cell::$footprint()].JML accessible clause.0 
74766      DEBUG main            d.u.i.k.p.i.IntermediateProofReplayer Proof replay took 3.21ms 
74767      DEBUG main            d.u.i.k.p.r.p.TestFile    ... success: reloaded. 
74769      INFO  main            d.u.i.k.p.r.p.TestFile    Now processing file /home/runner/work/key/key/key.core/../key.ui/examples/heap/SmansEtAl/Cell_getX_dep.key 
74769      INFO  main            d.u.i.k.p.i.AbstractProblemLoader Loading environment from /home/runner/work/key/key/key.core/../key.ui/examples/heap/SmansEtAl/Cell_getX_dep.key 
74769      DEBUG main            d.u.i.k.p.i.AbstractProblemLoader Environment load took 224.6ns 
74770      INFO  main            d.u.i.k.p.i.AbstractProblemLoader Creating init config 
77482      DEBUG main            d.u.i.k.p.i.AbstractProblemLoader Init config took 2.71s 
77516      INFO  main            d.u.i.k.p.i.AbstractProblemLoader Replaying proof Cell[Cell::getX()].JML accessible clause.0 
77518      DEBUG main            d.u.i.k.p.i.IntermediateProofReplayer Proof replay took 6.5ns 
77626      INFO  main            d.u.i.k.p.r.p.TestFile    ... finished proof: closed. 
77844      INFO  main            d.u.i.k.p.i.AbstractProblemLoader Loading environment from /home/runner/work/key/key/key.core/../key.ui/examples/heap/SmansEtAl/Cell_getX_dep.key.proof 
77844      DEBUG main            d.u.i.k.p.i.AbstractProblemLoader Environment load took 124.9ns 
77845      INFO  main            d.u.i.k.p.i.AbstractProblemLoader Creating init config 
80487      DEBUG main            d.u.i.k.p.i.AbstractProblemLoader Init config took 2.64s 
80521      INFO  main            d.u.i.k.p.i.AbstractProblemLoader Replaying proof Cell[Cell::getX()].JML accessible clause.0 
80533      DEBUG main            d.u.i.k.p.i.IntermediateProofReplayer Proof replay took 10.19ms 
80535      DEBUG main            d.u.i.k.p.r.p.TestFile    ... success: reloaded. 
80536      INFO  main            d.u.i.k.p.r.p.TestFile    Now processing file /home/runner/work/key/key/key.core/../key.ui/examples/heap/SmansEtAl/Cell_getX.key 
80536      INFO  main            d.u.i.k.p.i.AbstractProblemLoader Loading environment from /home/runner/work/key/key/key.core/../key.ui/examples/heap/SmansEtAl/Cell_getX.key 
80536      DEBUG main            d.u.i.k.p.i.AbstractProblemLoader Environment load took 109.9ns 
80537      INFO  main            d.u.i.k.p.i.AbstractProblemLoader Creating init config 
83240      DEBUG main            d.u.i.k.p.i.AbstractProblemLoader Init config took 2.7s 
83274      INFO  main            d.u.i.k.p.i.AbstractProblemLoader Replaying proof Cell[Cell::getX()].JML normal_behavior operation contract.0 
83275      DEBUG main            d.u.i.k.p.i.IntermediateProofReplayer Proof replay took 6.3ns 
83378      INFO  main            d.u.i.k.p.r.p.TestFile    ... finished proof: closed. 
83588      INFO  main            d.u.i.k.p.i.AbstractProblemLoader Loading environment from /home/runner/work/key/key/key.core/../key.ui/examples/heap/SmansEtAl/Cell_getX.key.proof 
83588      DEBUG main            d.u.i.k.p.i.AbstractProblemLoader Environment load took 123.8ns 
83589      INFO  main            d.u.i.k.p.i.AbstractProblemLoader Creating init config 
86226      DEBUG main            d.u.i.k.p.i.AbstractProblemLoader Init config took 2.64s 
86261      INFO  main            d.u.i.k.p.i.AbstractProblemLoader Replaying proof Cell[Cell::getX()].JML normal_behavior operation contract.0 
86273      DEBUG main            d.u.i.k.p.i.IntermediateProofReplayer Proof replay took 10.39ms 
86274      DEBUG main            d.u.i.k.p.r.p.TestFile    ... success: reloaded. 
86275      INFO  main            d.u.i.k.p.r.p.TestFile    Now processing file /home/runner/work/key/key/key.core/../key.ui/examples/heap/SmansEtAl/Cell_inv.key 
86275      INFO  main            d.u.i.k.p.i.AbstractProblemLoader Loading environment from /home/runner/work/key/key/key.core/../key.ui/examples/heap/SmansEtAl/Cell_inv.key 
86275      DEBUG main            d.u.i.k.p.i.AbstractProblemLoader Environment load took 97.3ns 
86276      INFO  main            d.u.i.k.p.i.AbstractProblemLoader Creating init config 
89011      DEBUG main            d.u.i.k.p.i.AbstractProblemLoader Init config took 2.73s 
89044      INFO  main            d.u.i.k.p.i.AbstractProblemLoader Replaying proof Cell[java.lang.Object::<inv>()].JML accessible clause.0 
89046      DEBUG main            d.u.i.k.p.i.IntermediateProofReplayer Proof replay took 7ns 
89149      INFO  main            d.u.i.k.p.r.p.TestFile    ... finished proof: closed. 
89359      INFO  main            d.u.i.k.p.i.AbstractProblemLoader Loading environment from /home/runner/work/key/key/key.core/../key.ui/examples/heap/SmansEtAl/Cell_inv.key.proof 
89360      DEBUG main            d.u.i.k.p.i.AbstractProblemLoader Environment load took 122.2ns 
89361      INFO  main            d.u.i.k.p.i.AbstractProblemLoader Creating init config 
91988      DEBUG main            d.u.i.k.p.i.AbstractProblemLoader Init config took 2.63s 
92021      INFO  main            d.u.i.k.p.i.AbstractProblemLoader Replaying proof Cell[java.lang.Object::<inv>()].JML accessible clause.0 
92024      DEBUG main            d.u.i.k.p.i.IntermediateProofReplayer Proof replay took 1.46ms 
92025      DEBUG main            d.u.i.k.p.r.p.TestFile    ... success: reloaded. 
92026      INFO  main            d.u.i.k.p.r.p.TestFile    Now processing file /home/runner/work/key/key/key.core/../key.ui/examples/heap/SmansEtAl/Cell_setX.key 
92026      INFO  main            d.u.i.k.p.i.AbstractProblemLoader Loading environment from /home/runner/work/key/key/key.core/../key.ui/examples/heap/SmansEtAl/Cell_setX.key 
92026      DEBUG main            d.u.i.k.p.i.AbstractProblemLoader Environment load took 102.6ns 
92027      INFO  main            d.u.i.k.p.i.AbstractProblemLoader Creating init config 
94717      DEBUG main            d.u.i.k.p.i.AbstractProblemLoader Init config took 2.69s 
94750      INFO  main            d.u.i.k.p.i.AbstractProblemLoader Replaying proof Cell[Cell::setX(int)].JML normal_behavior operation contract.0 
94752      DEBUG main            d.u.i.k.p.i.IntermediateProofReplayer Proof replay took 7.5ns 
94854      INFO  main            d.u.i.k.p.r.p.TestFile    ... finished proof: closed. 
95060      INFO  main            d.u.i.k.p.i.AbstractProblemLoader Loading environment from /home/runner/work/key/key/key.core/../key.ui/examples/heap/SmansEtAl/Cell_setX.key.proof 
95060      DEBUG main            d.u.i.k.p.i.AbstractProblemLoader Environment load took 121ns 
95061      INFO  main            d.u.i.k.p.i.AbstractProblemLoader Creating init config 
97702      DEBUG main            d.u.i.k.p.i.AbstractProblemLoader Init config took 2.64s 
97743      INFO  main            d.u.i.k.p.i.AbstractProblemLoader Replaying proof Cell[Cell::setX(int)].JML normal_behavior operation contract.0 
97765      DEBUG main            d.u.i.k.p.i.IntermediateProofReplayer Proof replay took 19.55ms 
97766      DEBUG main            d.u.i.k.p.r.p.TestFile    ... success: reloaded. 
97767      INFO  main            d.u.i.k.p.r.p.TestFile    Now processing file /home/runner/work/key/key/key.core/../key.ui/examples/heap/SmansEtAl/CellClient_m.key 
97768      INFO  main            d.u.i.k.p.i.AbstractProblemLoader Loading environment from /home/runner/work/key/key/key.core/../key.ui/examples/heap/SmansEtAl/CellClient_m.key 
97768      DEBUG main            d.u.i.k.p.i.AbstractProblemLoader Environment load took 149.3ns 
97769      INFO  main            d.u.i.k.p.i.AbstractProblemLoader Creating init config 
100427     DEBUG main            d.u.i.k.p.i.AbstractProblemLoader Init config took 2.66s 
100461     INFO  main            d.u.i.k.p.i.AbstractProblemLoader Replaying proof CellClient[CellClient::m()].JML operation contract.0 
100462     DEBUG main            d.u.i.k.p.i.IntermediateProofReplayer Proof replay took 7.2ns 
100968     INFO  main            d.u.i.k.p.r.p.TestFile    ... finished proof: closed. 
101223     INFO  main            d.u.i.k.p.i.AbstractProblemLoader Loading environment from /home/runner/work/key/key/key.core/../key.ui/examples/heap/SmansEtAl/CellClient_m.key.proof 
101224     DEBUG main            d.u.i.k.p.i.AbstractProblemLoader Environment load took 473.61ns 
101225     INFO  main            d.u.i.k.p.i.AbstractProblemLoader Creating init config 
103849     DEBUG main            d.u.i.k.p.i.AbstractProblemLoader Init config took 2.62s 
103883     INFO  main            d.u.i.k.p.i.AbstractProblemLoader Replaying proof CellClient[CellClient::m()].JML operation contract.0 
103995     DEBUG main            d.u.i.k.p.i.IntermediateProofReplayer Proof replay took 108.06ms 
103996     DEBUG main            d.u.i.k.p.r.p.TestFile    ... success: reloaded. 
103998     INFO  main            d.u.i.k.p.r.p.TestFile    Now processing file /home/runner/work/key/key/key.core/../key.ui/examples/heap/SmansEtAl/Iterator_footprint.key 
103998     INFO  main            d.u.i.k.p.i.AbstractProblemLoader Loading environment from /home/runner/work/key/key/key.core/../key.ui/examples/heap/SmansEtAl/Iterator_footprint.key 
103998     DEBUG main            d.u.i.k.p.i.AbstractProblemLoader Environment load took 213.6ns 
103999     INFO  main            d.u.i.k.p.i.AbstractProblemLoader Creating init config 
106674     DEBUG main            d.u.i.k.p.i.AbstractProblemLoader Init config took 2.67s 
106732     INFO  main            d.u.i.k.p.i.AbstractProblemLoader Replaying proof Iterator[Iterator::$footprint()].JML accessible clause.0 
106734     DEBUG main            d.u.i.k.p.i.IntermediateProofReplayer Proof replay took 8.4ns 
106838     INFO  main            d.u.i.k.p.r.p.TestFile    ... finished proof: closed. 
107072     INFO  main            d.u.i.k.p.i.AbstractProblemLoader Loading environment from /home/runner/work/key/key/key.core/../key.ui/examples/heap/SmansEtAl/Iterator_footprint.key.proof 
107072     DEBUG main            d.u.i.k.p.i.AbstractProblemLoader Environment load took 132ns 
107073     INFO  main            d.u.i.k.p.i.AbstractProblemLoader Creating init config 
109671     DEBUG main            d.u.i.k.p.i.AbstractProblemLoader Init config took 2.6s 
109707     INFO  main            d.u.i.k.p.i.AbstractProblemLoader Replaying proof Iterator[Iterator::$footprint()].JML accessible clause.0 
109714     DEBUG main            d.u.i.k.p.i.IntermediateProofReplayer Proof replay took 5.27ms 
109715     DEBUG main            d.u.i.k.p.r.p.TestFile    ... success: reloaded. 
109716     INFO  main            d.u.i.k.p.r.p.TestFile    Now processing file /home/runner/work/key/key/key.core/../key.ui/examples/heap/SmansEtAl/Iterator_hasNext_dep.key 
109716     INFO  main            d.u.i.k.p.i.AbstractProblemLoader Loading environment from /home/runner/work/key/key/key.core/../key.ui/examples/heap/SmansEtAl/Iterator_hasNext_dep.key 
109716     DEBUG main            d.u.i.k.p.i.AbstractProblemLoader Environment load took 174.1ns 
109717     INFO  main            d.u.i.k.p.i.AbstractProblemLoader Creating init config 
112426     DEBUG main            d.u.i.k.p.i.AbstractProblemLoader Init config took 2.71s 
112462     INFO  main            d.u.i.k.p.i.AbstractProblemLoader Replaying proof Iterator[Iterator::hasNext()].JML accessible clause.0 
112463     DEBUG main            d.u.i.k.p.i.IntermediateProofReplayer Proof replay took 6.9ns 
113068     INFO  main            d.u.i.k.p.r.p.TestFile    ... finished proof: closed. 
113369     INFO  main            d.u.i.k.p.i.AbstractProblemLoader Loading environment from /home/runner/work/key/key/key.core/../key.ui/examples/heap/SmansEtAl/Iterator_hasNext_dep.key.proof 
113369     DEBUG main            d.u.i.k.p.i.AbstractProblemLoader Environment load took 546.71ns 
113371     INFO  main            d.u.i.k.p.i.AbstractProblemLoader Creating init config 
115995     DEBUG main            d.u.i.k.p.i.AbstractProblemLoader Init config took 2.62s 
116031     INFO  main            d.u.i.k.p.i.AbstractProblemLoader Replaying proof Iterator[Iterator::hasNext()].JML accessible clause.0 
116104     DEBUG main            d.u.i.k.p.i.IntermediateProofReplayer Proof replay took 66.28ms 
116105     DEBUG main            d.u.i.k.p.r.p.TestFile    ... success: reloaded. 
116106     INFO  main            d.u.i.k.p.r.p.TestFile    Now processing file /home/runner/work/key/key/key.core/../key.ui/examples/heap/SmansEtAl/Iterator_hasNext.key 
116107     INFO  main            d.u.i.k.p.i.AbstractProblemLoader Loading environment from /home/runner/work/key/key/key.core/../key.ui/examples/heap/SmansEtAl/Iterator_hasNext.key 
116107     DEBUG main            d.u.i.k.p.i.AbstractProblemLoader Environment load took 272.6ns 
116108     INFO  main            d.u.i.k.p.i.AbstractProblemLoader Creating init config 
118764     DEBUG main            d.u.i.k.p.i.AbstractProblemLoader Init config took 2.66s 
118803     INFO  main            d.u.i.k.p.i.AbstractProblemLoader Replaying proof Iterator[Iterator::hasNext()].JML normal_behavior operation contract.0 
118805     DEBUG main            d.u.i.k.p.i.IntermediateProofReplayer Proof replay took 18.9ns 
119308     INFO  main            d.u.i.k.p.r.p.TestFile    ... finished proof: closed. 
119581     INFO  main            d.u.i.k.p.i.AbstractProblemLoader Loading environment from /home/runner/work/key/key/key.core/../key.ui/examples/heap/SmansEtAl/Iterator_hasNext.key.proof 
119581     DEBUG main            d.u.i.k.p.i.AbstractProblemLoader Environment load took 197.8ns 
119584     INFO  main            d.u.i.k.p.i.AbstractProblemLoader Creating init config 
122173     DEBUG main            d.u.i.k.p.i.AbstractProblemLoader Init config took 2.59s 
122210     INFO  main            d.u.i.k.p.i.AbstractProblemLoader Replaying proof Iterator[Iterator::hasNext()].JML normal_behavior operation contract.0 
122279     DEBUG main            d.u.i.k.p.i.IntermediateProofReplayer Proof replay took 62.67ms 
122280     DEBUG main            d.u.i.k.p.r.p.TestFile    ... success: reloaded. 
122281     INFO  main            d.u.i.k.p.r.p.TestFile    Now processing file /home/runner/work/key/key/key.core/../key.ui/examples/heap/SmansEtAl/Iterator_inv.key 
122281     INFO  main            d.u.i.k.p.i.AbstractProblemLoader Loading environment from /home/runner/work/key/key/key.core/../key.ui/examples/heap/SmansEtAl/Iterator_inv.key 
122281     DEBUG main            d.u.i.k.p.i.AbstractProblemLoader Environment load took 102.6ns 
122282     INFO  main            d.u.i.k.p.i.AbstractProblemLoader Creating init config 
124964     DEBUG main            d.u.i.k.p.i.AbstractProblemLoader Init config took 2.68s 
124999     INFO  main            d.u.i.k.p.i.AbstractProblemLoader Replaying proof Iterator[java.lang.Object::<inv>()].JML accessible clause.0 
125001     DEBUG main            d.u.i.k.p.i.IntermediateProofReplayer Proof replay took 8.2ns 
125203     INFO  main            d.u.i.k.p.r.p.TestFile    ... finished proof: closed. 
125463     INFO  main            d.u.i.k.p.i.AbstractProblemLoader Loading environment from /home/runner/work/key/key/key.core/../key.ui/examples/heap/SmansEtAl/Iterator_inv.key.proof 
125463     DEBUG main            d.u.i.k.p.i.AbstractProblemLoader Environment load took 117.5ns 
125464     INFO  main            d.u.i.k.p.i.AbstractProblemLoader Creating init config 
128061     DEBUG main            d.u.i.k.p.i.AbstractProblemLoader Init config took 2.6s 
128097     INFO  main            d.u.i.k.p.i.AbstractProblemLoader Replaying proof Iterator[java.lang.Object::<inv>()].JML accessible clause.0 
128122     DEBUG main            d.u.i.k.p.i.IntermediateProofReplayer Proof replay took 20.97ms 
128128     DEBUG main            d.u.i.k.p.r.p.TestFile    ... success: reloaded. 
128129     INFO  main            d.u.i.k.p.r.p.TestFile    Now processing file /home/runner/work/key/key/key.core/../key.ui/examples/heap/SmansEtAl/Iterator_Iterator.key 
128129     INFO  main            d.u.i.k.p.i.AbstractProblemLoader Loading environment from /home/runner/work/key/key/key.core/../key.ui/examples/heap/SmansEtAl/Iterator_Iterator.key 
128129     DEBUG main            d.u.i.k.p.i.AbstractProblemLoader Environment load took 90.7ns 
128130     INFO  main            d.u.i.k.p.i.AbstractProblemLoader Creating init config 
130797     DEBUG main            d.u.i.k.p.i.AbstractProblemLoader Init config took 2.67s 
130833     INFO  main            d.u.i.k.p.i.AbstractProblemLoader Replaying proof Iterator[Iterator::Iterator(ArrayList)].JML normal_behavior operation contract.0 
130835     DEBUG main            d.u.i.k.p.i.IntermediateProofReplayer Proof replay took 6.3ns 
132142     INFO  main            d.u.i.k.p.r.p.TestFile    ... finished proof: closed. 
132414     INFO  main            d.u.i.k.p.i.AbstractProblemLoader Loading environment from /home/runner/work/key/key/key.core/../key.ui/examples/heap/SmansEtAl/Iterator_Iterator.key.proof 
132414     DEBUG main            d.u.i.k.p.i.AbstractProblemLoader Environment load took 196.7ns 
132415     INFO  main            d.u.i.k.p.i.AbstractProblemLoader Creating init config 
135003     DEBUG main            d.u.i.k.p.i.AbstractProblemLoader Init config took 2.59s 
135039     INFO  main            d.u.i.k.p.i.AbstractProblemLoader Replaying proof Iterator[Iterator::Iterator(ArrayList)].JML normal_behavior operation contract.0 
135189     DEBUG main            d.u.i.k.p.i.IntermediateProofReplayer Proof replay took 135.94ms 
135191     DEBUG main            d.u.i.k.p.r.p.TestFile    ... success: reloaded. 
135192     INFO  main            d.u.i.k.p.r.p.TestFile    Now processing file /home/runner/work/key/key/key.core/../key.ui/examples/heap/SmansEtAl/Iterator_list_dep.key 
135192     INFO  main            d.u.i.k.p.i.AbstractProblemLoader Loading environment from /home/runner/work/key/key/key.core/../key.ui/examples/heap/SmansEtAl/Iterator_list_dep.key 
135193     DEBUG main            d.u.i.k.p.i.AbstractProblemLoader Environment load took 215.6ns 
135194     INFO  main            d.u.i.k.p.i.AbstractProblemLoader Creating init config 
137859     DEBUG main            d.u.i.k.p.i.AbstractProblemLoader Init config took 2.67s 
137894     INFO  main            d.u.i.k.p.i.AbstractProblemLoader Replaying proof Iterator[Iterator::list()].JML accessible clause.0 
137896     DEBUG main            d.u.i.k.p.i.IntermediateProofReplayer Proof replay took 8ns 
137998     INFO  main            d.u.i.k.p.r.p.TestFile    ... finished proof: closed. 
138258     INFO  main            d.u.i.k.p.i.AbstractProblemLoader Loading environment from /home/runner/work/key/key/key.core/../key.ui/examples/heap/SmansEtAl/Iterator_list_dep.key.proof 
138259     DEBUG main            d.u.i.k.p.i.AbstractProblemLoader Environment load took 113ns 
138261     INFO  main            d.u.i.k.p.i.AbstractProblemLoader Creating init config 
140864     DEBUG main            d.u.i.k.p.i.AbstractProblemLoader Init config took 2.6s 
140898     INFO  main            d.u.i.k.p.i.AbstractProblemLoader Replaying proof Iterator[Iterator::list()].JML accessible clause.0 
140914     DEBUG main            d.u.i.k.p.i.IntermediateProofReplayer Proof replay took 13.25ms 
140915     DEBUG main            d.u.i.k.p.r.p.TestFile    ... success: reloaded. 
140915     INFO  main            d.u.i.k.p.r.p.TestFile    Now processing file /home/runner/work/key/key/key.core/../key.ui/examples/heap/SmansEtAl/Iterator_list.key 
140916     INFO  main            d.u.i.k.p.i.AbstractProblemLoader Loading environment from /home/runner/work/key/key/key.core/../key.ui/examples/heap/SmansEtAl/Iterator_list.key 
140916     DEBUG main            d.u.i.k.p.i.AbstractProblemLoader Environment load took 96.6ns 
140917     INFO  main            d.u.i.k.p.i.AbstractProblemLoader Creating init config 
143547     DEBUG main            d.u.i.k.p.i.AbstractProblemLoader Init config took 2.63s 
143583     INFO  main            d.u.i.k.p.i.AbstractProblemLoader Replaying proof Iterator[Iterator::list()].JML normal_behavior operation contract.0 
143585     DEBUG main            d.u.i.k.p.i.IntermediateProofReplayer Proof replay took 6.5ns 
143687     INFO  main            d.u.i.k.p.r.p.TestFile    ... finished proof: closed. 
143961     INFO  main            d.u.i.k.p.i.AbstractProblemLoader Loading environment from /home/runner/work/key/key/key.core/../key.ui/examples/heap/SmansEtAl/Iterator_list.key.proof 
143961     DEBUG main            d.u.i.k.p.i.AbstractProblemLoader Environment load took 124.6ns 
143962     INFO  main            d.u.i.k.p.i.AbstractProblemLoader Creating init config 
146547     DEBUG main            d.u.i.k.p.i.AbstractProblemLoader Init config took 2.59s 
146584     INFO  main            d.u.i.k.p.i.AbstractProblemLoader Replaying proof Iterator[Iterator::list()].JML normal_behavior operation contract.0 
146598     DEBUG main            d.u.i.k.p.i.IntermediateProofReplayer Proof replay took 12.27ms 
146599     DEBUG main            d.u.i.k.p.r.p.TestFile    ... success: reloaded. 
146600     INFO  main            d.u.i.k.p.r.p.TestFile    Now processing file /home/runner/work/key/key/key.core/../key.ui/examples/heap/SmansEtAl/Iterator_next.key 
146601     INFO  main            d.u.i.k.p.i.AbstractProblemLoader Loading environment from /home/runner/work/key/key/key.core/../key.ui/examples/heap/SmansEtAl/Iterator_next.key 
146601     DEBUG main            d.u.i.k.p.i.AbstractProblemLoader Environment load took 88.7ns 
146602     INFO  main            d.u.i.k.p.i.AbstractProblemLoader Creating init config 
149265     DEBUG main            d.u.i.k.p.i.AbstractProblemLoader Init config took 2.66s 
149300     INFO  main            d.u.i.k.p.i.AbstractProblemLoader Replaying proof Iterator[Iterator::next()].JML normal_behavior operation contract.0 
149302     DEBUG main            d.u.i.k.p.i.IntermediateProofReplayer Proof replay took 6.8ns 
151814     INFO  main            d.u.i.k.p.r.p.TestFile    ... finished proof: closed. 
152117     INFO  main            d.u.i.k.p.i.AbstractProblemLoader Loading environment from /home/runner/work/key/key/key.core/../key.ui/examples/heap/SmansEtAl/Iterator_next.key.proof 
152118     DEBUG main            d.u.i.k.p.i.AbstractProblemLoader Environment load took 443.5ns 
152120     INFO  main            d.u.i.k.p.i.AbstractProblemLoader Creating init config 
154682     DEBUG main            d.u.i.k.p.i.AbstractProblemLoader Init config took 2.56s 
154721     INFO  main            d.u.i.k.p.i.AbstractProblemLoader Replaying proof Iterator[Iterator::next()].JML normal_behavior operation contract.0 
154952     DEBUG main            d.u.i.k.p.i.IntermediateProofReplayer Proof replay took 212.1ms 
154954     DEBUG main            d.u.i.k.p.r.p.TestFile    ... success: reloaded. 
154955     INFO  main            d.u.i.k.p.r.p.TestFile    Now processing file /home/runner/work/key/key/key.core/../key.ui/examples/heap/SmansEtAl/Stack_footprint.key 
154955     INFO  main            d.u.i.k.p.i.AbstractProblemLoader Loading environment from /home/runner/work/key/key/key.core/../key.ui/examples/heap/SmansEtAl/Stack_footprint.key 
154955     DEBUG main            d.u.i.k.p.i.AbstractProblemLoader Environment load took 219.4ns 
154956     INFO  main            d.u.i.k.p.i.AbstractProblemLoader Creating init config 
157600     DEBUG main            d.u.i.k.p.i.AbstractProblemLoader Init config took 2.64s 
157633     INFO  main            d.u.i.k.p.i.AbstractProblemLoader Replaying proof Stack[Stack::$footprint()].JML accessible clause.0 
157635     DEBUG main            d.u.i.k.p.i.IntermediateProofReplayer Proof replay took 7.2ns 
157837     INFO  main            d.u.i.k.p.r.p.TestFile    ... finished proof: closed. 
158135     INFO  main            d.u.i.k.p.i.AbstractProblemLoader Loading environment from /home/runner/work/key/key/key.core/../key.ui/examples/heap/SmansEtAl/Stack_footprint.key.proof 
158135     DEBUG main            d.u.i.k.p.i.AbstractProblemLoader Environment load took 117.9ns 
158136     INFO  main            d.u.i.k.p.i.AbstractProblemLoader Creating init config 
160703     DEBUG main            d.u.i.k.p.i.AbstractProblemLoader Init config took 2.57s 
160737     INFO  main            d.u.i.k.p.i.AbstractProblemLoader Replaying proof Stack[Stack::$footprint()].JML accessible clause.0 
160759     DEBUG main            d.u.i.k.p.i.IntermediateProofReplayer Proof replay took 19.43ms 
160760     DEBUG main            d.u.i.k.p.r.p.TestFile    ... success: reloaded. 
160761     INFO  main            d.u.i.k.p.r.p.TestFile    Now processing file /home/runner/work/key/key/key.core/../key.ui/examples/heap/SmansEtAl/Stack_inv.key 
160762     INFO  main            d.u.i.k.p.i.AbstractProblemLoader Loading environment from /home/runner/work/key/key/key.core/../key.ui/examples/heap/SmansEtAl/Stack_inv.key 
160762     DEBUG main            d.u.i.k.p.i.AbstractProblemLoader Environment load took 208.5ns 
160763     INFO  main            d.u.i.k.p.i.AbstractProblemLoader Creating init config 
163391     DEBUG main            d.u.i.k.p.i.AbstractProblemLoader Init config took 2.63s 
163424     INFO  main            d.u.i.k.p.i.AbstractProblemLoader Replaying proof Stack[java.lang.Object::<inv>()].JML accessible clause.0 
163425     DEBUG main            d.u.i.k.p.i.IntermediateProofReplayer Proof replay took 7.3ns 
163527     INFO  main            d.u.i.k.p.r.p.TestFile    ... finished proof: closed. 
163814     INFO  main            d.u.i.k.p.i.AbstractProblemLoader Loading environment from /home/runner/work/key/key/key.core/../key.ui/examples/heap/SmansEtAl/Stack_inv.key.proof 
163814     DEBUG main            d.u.i.k.p.i.AbstractProblemLoader Environment load took 112.9ns 
163815     INFO  main            d.u.i.k.p.i.AbstractProblemLoader Creating init config 
166380     DEBUG main            d.u.i.k.p.i.AbstractProblemLoader Init config took 2.56s 
166413     INFO  main            d.u.i.k.p.i.AbstractProblemLoader Replaying proof Stack[java.lang.Object::<inv>()].JML accessible clause.0 
166422     DEBUG main            d.u.i.k.p.i.IntermediateProofReplayer Proof replay took 7.78ms 
166423     DEBUG main            d.u.i.k.p.r.p.TestFile    ... success: reloaded. 
166424     INFO  main            d.u.i.k.p.r.p.TestFile    Now processing file /home/runner/work/key/key/key.core/../key.ui/examples/heap/SmansEtAl/Stack_push.key 
166424     INFO  main            d.u.i.k.p.i.AbstractProblemLoader Loading environment from /home/runner/work/key/key/key.core/../key.ui/examples/heap/SmansEtAl/Stack_push.key 
166425     DEBUG main            d.u.i.k.p.i.AbstractProblemLoader Environment load took 226.1ns 
166425     INFO  main            d.u.i.k.p.i.AbstractProblemLoader Creating init config 
169059     DEBUG main            d.u.i.k.p.i.AbstractProblemLoader Init config took 2.63s 
169095     INFO  main            d.u.i.k.p.i.AbstractProblemLoader Replaying proof Stack[Stack::push(java.lang.Object)].JML normal_behavior operation contract.0 
169097     DEBUG main            d.u.i.k.p.i.IntermediateProofReplayer Proof replay took 8.2ns 
169825     INFO  main            d.u.i.k.p.r.p.TestFile    ... finished proof: closed. 
170115     INFO  main            d.u.i.k.p.i.AbstractProblemLoader Loading environment from /home/runner/work/key/key/key.core/../key.ui/examples/heap/SmansEtAl/Stack_push.key.proof 
170115     DEBUG main            d.u.i.k.p.i.AbstractProblemLoader Environment load took 129.4ns 
170117     INFO  main            d.u.i.k.p.i.AbstractProblemLoader Creating init config 
172717     DEBUG main            d.u.i.k.p.i.AbstractProblemLoader Init config took 2.6s 
172752     INFO  main            d.u.i.k.p.i.AbstractProblemLoader Replaying proof Stack[Stack::push(java.lang.Object)].JML normal_behavior operation contract.0 
172844     DEBUG main            d.u.i.k.p.i.IntermediateProofReplayer Proof replay took 87.69ms 
172846     DEBUG main            d.u.i.k.p.r.p.TestFile    ... success: reloaded. 
172847     INFO  main            d.u.i.k.p.r.p.TestFile    Now processing file /home/runner/work/key/key/key.core/../key.ui/examples/heap/SmansEtAl/Stack_size.key 
172847     INFO  main            d.u.i.k.p.i.AbstractProblemLoader Loading environment from /home/runner/work/key/key/key.core/../key.ui/examples/heap/SmansEtAl/Stack_size.key 
172847     DEBUG main            d.u.i.k.p.i.AbstractProblemLoader Environment load took 105ns 
172848     INFO  main            d.u.i.k.p.i.AbstractProblemLoader Creating init config 
175496     DEBUG main            d.u.i.k.p.i.AbstractProblemLoader Init config took 2.65s 
175552     INFO  main            d.u.i.k.p.i.AbstractProblemLoader Replaying proof Stack[Stack::size()].JML accessible clause.0 
175554     DEBUG main            d.u.i.k.p.i.IntermediateProofReplayer Proof replay took 8.6ns 
175756     INFO  main            d.u.i.k.p.r.p.TestFile    ... finished proof: closed. 
176058     INFO  main            d.u.i.k.p.i.AbstractProblemLoader Loading environment from /home/runner/work/key/key/key.core/../key.ui/examples/heap/SmansEtAl/Stack_size.key.proof 
176058     DEBUG main            d.u.i.k.p.i.AbstractProblemLoader Environment load took 122.1ns 
176059     INFO  main            d.u.i.k.p.i.AbstractProblemLoader Creating init config 
178627     DEBUG main            d.u.i.k.p.i.AbstractProblemLoader Init config took 2.57s 
178662     INFO  main            d.u.i.k.p.i.AbstractProblemLoader Replaying proof Stack[Stack::size()].JML accessible clause.0 
178700     DEBUG main            d.u.i.k.p.i.IntermediateProofReplayer Proof replay took 34.93ms 
178701     DEBUG main            d.u.i.k.p.r.p.TestFile    ... success: reloaded. 
178702     INFO  main            d.u.i.k.p.r.p.TestFile    Now processing file /home/runner/work/key/key/key.core/../key.ui/examples/heap/SmansEtAl/Stack_Stack.key 
178703     INFO  main            d.u.i.k.p.i.AbstractProblemLoader Loading environment from /home/runner/work/key/key/key.core/../key.ui/examples/heap/SmansEtAl/Stack_Stack.key 
178703     DEBUG main            d.u.i.k.p.i.AbstractProblemLoader Environment load took 97.2ns 
178704     INFO  main            d.u.i.k.p.i.AbstractProblemLoader Creating init config 
181363     DEBUG main            d.u.i.k.p.i.AbstractProblemLoader Init config took 2.66s 
181416     INFO  main            d.u.i.k.p.i.AbstractProblemLoader Replaying proof Stack[Stack::Stack()].JML normal_behavior operation contract.0 
181417     DEBUG main            d.u.i.k.p.i.IntermediateProofReplayer Proof replay took 7ns 
182426     INFO  main            d.u.i.k.p.r.p.TestFile    ... finished proof: closed. 
182762     INFO  main            d.u.i.k.p.i.AbstractProblemLoader Loading environment from /home/runner/work/key/key/key.core/../key.ui/examples/heap/SmansEtAl/Stack_Stack.key.proof 
182762     DEBUG main            d.u.i.k.p.i.AbstractProblemLoader Environment load took 431ns 
182764     INFO  main            d.u.i.k.p.i.AbstractProblemLoader Creating init config 
185340     DEBUG main            d.u.i.k.p.i.AbstractProblemLoader Init config took 2.58s 
185374     INFO  main            d.u.i.k.p.i.AbstractProblemLoader Replaying proof Stack[Stack::Stack()].JML normal_behavior operation contract.0 
185524     DEBUG main            d.u.i.k.p.i.IntermediateProofReplayer Proof replay took 142.92ms 
185526     DEBUG main            d.u.i.k.p.r.p.TestFile    ... success: reloaded. 
185526     INFO  main            d.u.i.k.p.r.p.TestFile    Now processing file /home/runner/work/key/key/key.core/../key.ui/examples/heap/SmansEtAl/Stack_switchContents.key 
185527     INFO  main            d.u.i.k.p.i.AbstractProblemLoader Loading environment from /home/runner/work/key/key/key.core/../key.ui/examples/heap/SmansEtAl/Stack_switchContents.key 
185527     DEBUG main            d.u.i.k.p.i.AbstractProblemLoader Environment load took 113.1ns 
185528     INFO  main            d.u.i.k.p.i.AbstractProblemLoader Creating init config 
188158     DEBUG main            d.u.i.k.p.i.AbstractProblemLoader Init config took 2.63s 
188192     INFO  main            d.u.i.k.p.i.AbstractProblemLoader Replaying proof Stack[Stack::switchContents(Stack)].JML normal_behavior operation contract.0 
188194     DEBUG main            d.u.i.k.p.i.IntermediateProofReplayer Proof replay took 6.8ns 
192530     INFO  main            d.u.i.k.p.r.p.TestFile    ... finished proof: closed. 
192860     INFO  main            d.u.i.k.p.i.AbstractProblemLoader Loading environment from /home/runner/work/key/key/key.core/../key.ui/examples/heap/SmansEtAl/Stack_switchContents.key.proof 
192860     DEBUG main            d.u.i.k.p.i.AbstractProblemLoader Environment load took 114.4ns 
192863     INFO  main            d.u.i.k.p.i.AbstractProblemLoader Creating init config 
195436     DEBUG main            d.u.i.k.p.i.AbstractProblemLoader Init config took 2.57s 
195473     INFO  main            d.u.i.k.p.i.AbstractProblemLoader Replaying proof Stack[Stack::switchContents(Stack)].JML normal_behavior operation contract.0 
195752     DEBUG main            d.u.i.k.p.i.IntermediateProofReplayer Proof replay took 260.59ms 
195754     DEBUG main            d.u.i.k.p.r.p.TestFile    ... success: reloaded. 
2095371    INFO  Test worker     d.u.i.k.p.r.RunAllProofsTestUnit Returning from test SmansEtAl 
2095372    INFO  Test worker     d.u.i.k.p.r.RunAllProofsTestUnit Running test VACID0 
352        INFO  Timeout watchdog d.u.i.k.p.r.p.ForkedTestFileRunner Timeout watcher launched (2000 secs.) 
356        WARN  main            d.u.i.k.s.ProofSettings   The settings in /home/runner/.key/proof-settings.props are *not* read. 
388        INFO  main            d.u.i.k.p.r.p.TestFile    Now processing file /home/runner/work/key/key/key.core/../key.ui/examples/heap/vacid0_01_SparseArray/Harness_sparseArrayTestHarness1.key 
513        INFO  main            d.u.i.k.p.i.AbstractProblemLoader Loading environment from /home/runner/work/key/key/key.core/../key.ui/examples/heap/vacid0_01_SparseArray/Harness_sparseArrayTestHarness1.key 
530        DEBUG main            d.u.i.k.p.i.AbstractProblemLoader Environment load took 2.39ms 
761        INFO  main            d.u.i.k.p.i.AbstractProblemLoader Creating init config 
1759       DEBUG main            d.u.i.k.j.TypeConverter   No LDT found for Meta 
1759       DEBUG main            d.u.i.k.j.TypeConverter   No LDT found for Meta 
1762       DEBUG main            d.u.i.k.j.TypeConverter   No LDT found for Meta 
1762       DEBUG main            d.u.i.k.j.TypeConverter   No LDT found for Meta 
3042       DEBUG main            d.u.i.k.j.TypeConverter   No LDT found for JavaBigintExpression 
8801       DEBUG main            d.u.i.k.p.i.AbstractProblemLoader Init config took 8.04s 
8926       INFO  main            d.u.i.k.p.i.AbstractProblemLoader Replaying proof Harness[Harness::sparseArrayTestHarness1()].JML normal_behavior operation contract.0 
8960       DEBUG main            d.u.i.k.p.i.IntermediateProofReplayer Proof replay took 39.7ns 
10697      INFO  main            d.u.i.k.p.r.p.TestFile    ... finished proof: closed. 
10857      INFO  main            d.u.i.k.p.i.AbstractProblemLoader Loading environment from /home/runner/work/key/key/key.core/../key.ui/examples/heap/vacid0_01_SparseArray/Harness_sparseArrayTestHarness1.key.proof 
10860      DEBUG main            d.u.i.k.p.i.AbstractProblemLoader Environment load took 2.2ms 
10863      INFO  main            d.u.i.k.p.i.AbstractProblemLoader Creating init config 
14039      DEBUG main            d.u.i.k.p.i.AbstractProblemLoader Init config took 3.18s 
14098      INFO  main            d.u.i.k.p.i.AbstractProblemLoader Replaying proof Harness[Harness::sparseArrayTestHarness1()].JML normal_behavior operation contract.0 
14273      DEBUG main            d.u.i.k.p.i.IntermediateProofReplayer Proof replay took 166.41ms 
14282      DEBUG main            d.u.i.k.p.r.p.TestFile    ... success: reloaded. 
14286      INFO  main            d.u.i.k.p.r.p.TestFile    Now processing file /home/runner/work/key/key/key.core/../key.ui/examples/heap/vacid0_01_SparseArray/Harness_sparseArrayTestHarness2.key 
14286      INFO  main            d.u.i.k.p.i.AbstractProblemLoader Loading environment from /home/runner/work/key/key/key.core/../key.ui/examples/heap/vacid0_01_SparseArray/Harness_sparseArrayTestHarness2.key 
14288      DEBUG main            d.u.i.k.p.i.AbstractProblemLoader Environment load took 1.26ms 
14291      INFO  main            d.u.i.k.p.i.AbstractProblemLoader Creating init config 
17385      DEBUG main            d.u.i.k.p.i.AbstractProblemLoader Init config took 3.09s 
17442      INFO  main            d.u.i.k.p.i.AbstractProblemLoader Replaying proof Harness[Harness::sparseArrayTestHarness2()].JML normal_behavior operation contract.0 
17445      DEBUG main            d.u.i.k.p.i.IntermediateProofReplayer Proof replay took 6ns 
29000      INFO  main            d.u.i.k.p.r.p.TestFile    ... finished proof: closed. 
29207      INFO  main            d.u.i.k.p.i.AbstractProblemLoader Loading environment from /home/runner/work/key/key/key.core/../key.ui/examples/heap/vacid0_01_SparseArray/Harness_sparseArrayTestHarness2.key.proof 
29208      DEBUG main            d.u.i.k.p.i.AbstractProblemLoader Environment load took 575.11ns 
29211      INFO  main            d.u.i.k.p.i.AbstractProblemLoader Creating init config 
32125      DEBUG main            d.u.i.k.p.i.AbstractProblemLoader Init config took 2.91s 
32173      INFO  main            d.u.i.k.p.i.AbstractProblemLoader Replaying proof Harness[Harness::sparseArrayTestHarness2()].JML normal_behavior operation contract.0 
33192      DEBUG main            d.u.i.k.p.i.IntermediateProofReplayer Proof replay took 968.47ms 
33195      DEBUG main            d.u.i.k.p.r.p.TestFile    ... success: reloaded. 
33198      INFO  main            d.u.i.k.p.r.p.TestFile    Now processing file /home/runner/work/key/key/key.core/../key.ui/examples/heap/vacid0_01_SparseArray/MemoryAllocator_alloc_unsigned.key 
33198      INFO  main            d.u.i.k.p.i.AbstractProblemLoader Loading environment from /home/runner/work/key/key/key.core/../key.ui/examples/heap/vacid0_01_SparseArray/MemoryAllocator_alloc_unsigned.key 
33199      DEBUG main            d.u.i.k.p.i.AbstractProblemLoader Environment load took 234.9ns 
33200      INFO  main            d.u.i.k.p.i.AbstractProblemLoader Creating init config 
36086      DEBUG main            d.u.i.k.p.i.AbstractProblemLoader Init config took 2.89s 
36140      INFO  main            d.u.i.k.p.i.AbstractProblemLoader Replaying proof MemoryAllocator[MemoryAllocator::alloc_unsigned(int)].JML normal_behavior operation contract.0 
36142      DEBUG main            d.u.i.k.p.i.IntermediateProofReplayer Proof replay took 6.5ns 
37046      INFO  main            d.u.i.k.p.r.p.TestFile    ... finished proof: closed. 
37221      INFO  main            d.u.i.k.p.i.AbstractProblemLoader Loading environment from /home/runner/work/key/key/key.core/../key.ui/examples/heap/vacid0_01_SparseArray/MemoryAllocator_alloc_unsigned.key.proof 
37221      DEBUG main            d.u.i.k.p.i.AbstractProblemLoader Environment load took 470.41ns 
37223      INFO  main            d.u.i.k.p.i.AbstractProblemLoader Creating init config 
40085      DEBUG main            d.u.i.k.p.i.AbstractProblemLoader Init config took 2.86s 
40128      INFO  main            d.u.i.k.p.i.AbstractProblemLoader Replaying proof MemoryAllocator[MemoryAllocator::alloc_unsigned(int)].JML normal_behavior operation contract.0 
40294      DEBUG main            d.u.i.k.p.i.IntermediateProofReplayer Proof replay took 159.77ms 
40295      DEBUG main            d.u.i.k.p.r.p.TestFile    ... success: reloaded. 
40297      INFO  main            d.u.i.k.p.r.p.TestFile    Now processing file /home/runner/work/key/key/key.core/../key.ui/examples/heap/vacid0_01_SparseArray/MemoryAllocator_alloc.key 
40297      INFO  main            d.u.i.k.p.i.AbstractProblemLoader Loading environment from /home/runner/work/key/key/key.core/../key.ui/examples/heap/vacid0_01_SparseArray/MemoryAllocator_alloc.key 
40297      DEBUG main            d.u.i.k.p.i.AbstractProblemLoader Environment load took 229.5ns 
40298      INFO  main            d.u.i.k.p.i.AbstractProblemLoader Creating init config 
43154      DEBUG main            d.u.i.k.p.i.AbstractProblemLoader Init config took 2.86s 
43197      INFO  main            d.u.i.k.p.i.AbstractProblemLoader Replaying proof MemoryAllocator[MemoryAllocator::alloc(int)].JML normal_behavior operation contract.0 
43200      DEBUG main            d.u.i.k.p.i.IntermediateProofReplayer Proof replay took 6.2ns 
43809      INFO  main            d.u.i.k.p.r.p.TestFile    ... finished proof: closed. 
43966      INFO  main            d.u.i.k.p.i.AbstractProblemLoader Loading environment from /home/runner/work/key/key/key.core/../key.ui/examples/heap/vacid0_01_SparseArray/MemoryAllocator_alloc.key.proof 
43966      DEBUG main            d.u.i.k.p.i.AbstractProblemLoader Environment load took 140.6ns 
43967      INFO  main            d.u.i.k.p.i.AbstractProblemLoader Creating init config 
46821      DEBUG main            d.u.i.k.p.i.AbstractProblemLoader Init config took 2.85s 
46865      INFO  main            d.u.i.k.p.i.AbstractProblemLoader Replaying proof MemoryAllocator[MemoryAllocator::alloc(int)].JML normal_behavior operation contract.0 
46972      DEBUG main            d.u.i.k.p.i.IntermediateProofReplayer Proof replay took 102.28ms 
46973      DEBUG main            d.u.i.k.p.r.p.TestFile    ... success: reloaded. 
46974      INFO  main            d.u.i.k.p.r.p.TestFile    Now processing file /home/runner/work/key/key/key.core/../key.ui/examples/heap/vacid0_01_SparseArray/SparseArray_get_dep.key 
46975      INFO  main            d.u.i.k.p.i.AbstractProblemLoader Loading environment from /home/runner/work/key/key/key.core/../key.ui/examples/heap/vacid0_01_SparseArray/SparseArray_get_dep.key 
46975      DEBUG main            d.u.i.k.p.i.AbstractProblemLoader Environment load took 224ns 
46976      INFO  main            d.u.i.k.p.i.AbstractProblemLoader Creating init config 
49850      DEBUG main            d.u.i.k.p.i.AbstractProblemLoader Init config took 2.87s 
49929      INFO  main            d.u.i.k.p.i.AbstractProblemLoader Replaying proof SparseArray[SparseArray::get(int)].JML accessible clause.0 
49932      DEBUG main            d.u.i.k.p.i.IntermediateProofReplayer Proof replay took 6.1ns 
52268      INFO  main            d.u.i.k.p.r.p.TestFile    ... finished proof: closed. 
52523      INFO  main            d.u.i.k.p.i.AbstractProblemLoader Loading environment from /home/runner/work/key/key/key.core/../key.ui/examples/heap/vacid0_01_SparseArray/SparseArray_get_dep.key.proof 
52523      DEBUG main            d.u.i.k.p.i.AbstractProblemLoader Environment load took 471.5ns 
52525      INFO  main            d.u.i.k.p.i.AbstractProblemLoader Creating init config 
55294      DEBUG main            d.u.i.k.p.i.AbstractProblemLoader Init config took 2.77s 
55354      INFO  main            d.u.i.k.p.i.AbstractProblemLoader Replaying proof SparseArray[SparseArray::get(int)].JML accessible clause.0 
55525      DEBUG main            d.u.i.k.p.i.IntermediateProofReplayer Proof replay took 161.41ms 
55527      DEBUG main            d.u.i.k.p.r.p.TestFile    ... success: reloaded. 
55528      INFO  main            d.u.i.k.p.r.p.TestFile    Now processing file /home/runner/work/key/key/key.core/../key.ui/examples/heap/vacid0_01_SparseArray/SparseArray_get.key 
55529      INFO  main            d.u.i.k.p.i.AbstractProblemLoader Loading environment from /home/runner/work/key/key/key.core/../key.ui/examples/heap/vacid0_01_SparseArray/SparseArray_get.key 
55529      DEBUG main            d.u.i.k.p.i.AbstractProblemLoader Environment load took 230.8ns 
55530      INFO  main            d.u.i.k.p.i.AbstractProblemLoader Creating init config 
58340      DEBUG main            d.u.i.k.p.i.AbstractProblemLoader Init config took 2.81s 
58400      INFO  main            d.u.i.k.p.i.AbstractProblemLoader Replaying proof SparseArray[SparseArray::get(int)].JML normal_behavior operation contract.0 
58402      DEBUG main            d.u.i.k.p.i.IntermediateProofReplayer Proof replay took 6.5ns 
60544      INFO  main            d.u.i.k.p.r.p.TestFile    ... finished proof: closed. 
60784      INFO  main            d.u.i.k.p.i.AbstractProblemLoader Loading environment from /home/runner/work/key/key/key.core/../key.ui/examples/heap/vacid0_01_SparseArray/SparseArray_get.key.proof 
60785      DEBUG main            d.u.i.k.p.i.AbstractProblemLoader Environment load took 1.55ms 
60787      INFO  main            d.u.i.k.p.i.AbstractProblemLoader Creating init config 
63558      DEBUG main            d.u.i.k.p.i.AbstractProblemLoader Init config took 2.77s 
63617      INFO  main            d.u.i.k.p.i.AbstractProblemLoader Replaying proof SparseArray[SparseArray::get(int)].JML normal_behavior operation contract.0 
63796      DEBUG main            d.u.i.k.p.i.IntermediateProofReplayer Proof replay took 169.02ms 
63797      DEBUG main            d.u.i.k.p.r.p.TestFile    ... success: reloaded. 
63799      INFO  main            d.u.i.k.p.r.p.TestFile    Now processing file /home/runner/work/key/key/key.core/../key.ui/examples/heap/vacid0_01_SparseArray/SparseArray_inv.key 
63799      INFO  main            d.u.i.k.p.i.AbstractProblemLoader Loading environment from /home/runner/work/key/key/key.core/../key.ui/examples/heap/vacid0_01_SparseArray/SparseArray_inv.key 
63799      DEBUG main            d.u.i.k.p.i.AbstractProblemLoader Environment load took 229.9ns 
63801      INFO  main            d.u.i.k.p.i.AbstractProblemLoader Creating init config 
66608      DEBUG main            d.u.i.k.p.i.AbstractProblemLoader Init config took 2.81s 
66665      INFO  main            d.u.i.k.p.i.AbstractProblemLoader Replaying proof SparseArray[java.lang.Object::<inv>()].JML accessible clause.0 
66667      DEBUG main            d.u.i.k.p.i.IntermediateProofReplayer Proof replay took 6.2ns 
68476      INFO  main            d.u.i.k.p.r.p.TestFile    ... finished proof: closed. 
68674      INFO  main            d.u.i.k.p.i.AbstractProblemLoader Loading environment from /home/runner/work/key/key/key.core/../key.ui/examples/heap/vacid0_01_SparseArray/SparseArray_inv.key.proof 
68675      DEBUG main            d.u.i.k.p.i.AbstractProblemLoader Environment load took 515.81ns 
68676      INFO  main            d.u.i.k.p.i.AbstractProblemLoader Creating init config 
71440      DEBUG main            d.u.i.k.p.i.AbstractProblemLoader Init config took 2.76s 
71501      INFO  main            d.u.i.k.p.i.AbstractProblemLoader Replaying proof SparseArray[java.lang.Object::<inv>()].JML accessible clause.0 
71566      DEBUG main            d.u.i.k.p.i.IntermediateProofReplayer Proof replay took 60.22ms 
71567      DEBUG main            d.u.i.k.p.r.p.TestFile    ... success: reloaded. 
71569      INFO  main            d.u.i.k.p.r.p.TestFile    Now processing file /home/runner/work/key/key/key.core/../key.ui/examples/heap/vacid0_01_SparseArray/SparseArray_SparseArray.key 
71569      INFO  main            d.u.i.k.p.i.AbstractProblemLoader Loading environment from /home/runner/work/key/key/key.core/../key.ui/examples/heap/vacid0_01_SparseArray/SparseArray_SparseArray.key 
71569      DEBUG main            d.u.i.k.p.i.AbstractProblemLoader Environment load took 159.7ns 
71570      INFO  main            d.u.i.k.p.i.AbstractProblemLoader Creating init config 
74384      DEBUG main            d.u.i.k.p.i.AbstractProblemLoader Init config took 2.81s 
74440      INFO  main            d.u.i.k.p.i.AbstractProblemLoader Replaying proof SparseArray[SparseArray::SparseArray(int)].JML normal_behavior operation contract.0 
74441      DEBUG main            d.u.i.k.p.i.IntermediateProofReplayer Proof replay took 6.5ns 
77666      INFO  main            d.u.i.k.p.r.p.TestFile    ... finished proof: closed. 
77880      INFO  main            d.u.i.k.p.i.AbstractProblemLoader Loading environment from /home/runner/work/key/key/key.core/../key.ui/examples/heap/vacid0_01_SparseArray/SparseArray_SparseArray.key.proof 
77882      DEBUG main            d.u.i.k.p.i.AbstractProblemLoader Environment load took 1.25ms 
77889      INFO  main            d.u.i.k.p.i.AbstractProblemLoader Creating init config 
80686      DEBUG main            d.u.i.k.p.i.AbstractProblemLoader Init config took 2.8s 
80754      INFO  main            d.u.i.k.p.i.AbstractProblemLoader Replaying proof SparseArray[SparseArray::SparseArray(int)].JML normal_behavior operation contract.0 
81063      DEBUG main            d.u.i.k.p.i.IntermediateProofReplayer Proof replay took 298.71ms 
81065      DEBUG main            d.u.i.k.p.r.p.TestFile    ... success: reloaded. 
2176625    INFO  Test worker     d.u.i.k.p.r.RunAllProofsTestUnit Returning from test VACID0 
2176626    INFO  Test worker     d.u.i.k.p.r.RunAllProofsTestUnit Running test VSTTE10 
366        INFO  Timeout watchdog d.u.i.k.p.r.p.ForkedTestFileRunner Timeout watcher launched (2000 secs.) 
371        WARN  main            d.u.i.k.s.ProofSettings   The settings in /home/runner/.key/proof-settings.props are *not* read. 
408        INFO  main            d.u.i.k.p.r.p.TestFile    Now processing file /home/runner/work/key/key/key.core/../key.ui/examples/heap/vstte10_01_SumAndMax/SumAndMax_sumAndMax.key 
524        INFO  main            d.u.i.k.p.i.AbstractProblemLoader Loading environment from /home/runner/work/key/key/key.core/../key.ui/examples/heap/vstte10_01_SumAndMax/SumAndMax_sumAndMax.key 
542        DEBUG main            d.u.i.k.p.i.AbstractProblemLoader Environment load took 2.38ms 
765        INFO  main            d.u.i.k.p.i.AbstractProblemLoader Creating init config 
1705       DEBUG main            d.u.i.k.j.TypeConverter   No LDT found for Meta 
1705       DEBUG main            d.u.i.k.j.TypeConverter   No LDT found for Meta 
1708       DEBUG main            d.u.i.k.j.TypeConverter   No LDT found for Meta 
1709       DEBUG main            d.u.i.k.j.TypeConverter   No LDT found for Meta 
3072       DEBUG main            d.u.i.k.j.TypeConverter   No LDT found for JavaBigintExpression 
8102       DEBUG main            d.u.i.k.p.i.AbstractProblemLoader Init config took 7.34s 
8228       INFO  main            d.u.i.k.p.i.AbstractProblemLoader Replaying proof SumAndMax[SumAndMax::sumAndMax([I)].JML normal_behavior operation contract.0 
8264       DEBUG main            d.u.i.k.p.i.IntermediateProofReplayer Proof replay took 36.4ns 
13264      INFO  main            d.u.i.k.p.r.p.TestFile    ... finished proof: closed. 
13455      INFO  main            d.u.i.k.p.i.AbstractProblemLoader Loading environment from /home/runner/work/key/key/key.core/../key.ui/examples/heap/vstte10_01_SumAndMax/SumAndMax_sumAndMax.key.proof 
13457      DEBUG main            d.u.i.k.p.i.AbstractProblemLoader Environment load took 1.8ms 
13461      INFO  main            d.u.i.k.p.i.AbstractProblemLoader Creating init config 
16207      DEBUG main            d.u.i.k.p.i.AbstractProblemLoader Init config took 2.75s 
16267      INFO  main            d.u.i.k.p.i.AbstractProblemLoader Replaying proof SumAndMax[SumAndMax::sumAndMax([I)].JML normal_behavior operation contract.0 
16784      DEBUG main            d.u.i.k.p.i.IntermediateProofReplayer Proof replay took 492.55ms 
16797      DEBUG main            d.u.i.k.p.r.p.TestFile    ... success: reloaded. 
16799      INFO  main            d.u.i.k.p.r.p.TestFile    Now processing file /home/runner/work/key/key/key.core/../key.ui/examples/heap/vstte10_03_LinkedList/Node_cons.key 
16799      INFO  main            d.u.i.k.p.i.AbstractProblemLoader Loading environment from /home/runner/work/key/key/key.core/../key.ui/examples/heap/vstte10_03_LinkedList/Node_cons.key 
16799      DEBUG main            d.u.i.k.p.i.AbstractProblemLoader Environment load took 245.3ns 
16804      INFO  main            d.u.i.k.p.i.AbstractProblemLoader Creating init config 
19598      DEBUG main            d.u.i.k.p.i.AbstractProblemLoader Init config took 2.79s 
19678      INFO  main            d.u.i.k.p.i.AbstractProblemLoader Replaying proof Node[Node::cons(int,Node)].JML normal_behavior operation contract.0 
19683      DEBUG main            d.u.i.k.p.i.IntermediateProofReplayer Proof replay took 17.6ns 
21192      INFO  main            d.u.i.k.p.r.p.TestFile    ... finished proof: closed. 
21424      INFO  main            d.u.i.k.p.i.AbstractProblemLoader Loading environment from /home/runner/work/key/key/key.core/../key.ui/examples/heap/vstte10_03_LinkedList/Node_cons.key.proof 
21425      DEBUG main            d.u.i.k.p.i.AbstractProblemLoader Environment load took 857.81ns 
21427      INFO  main            d.u.i.k.p.i.AbstractProblemLoader Creating init config 
24019      DEBUG main            d.u.i.k.p.i.AbstractProblemLoader Init config took 2.59s 
24081      INFO  main            d.u.i.k.p.i.AbstractProblemLoader Replaying proof Node[Node::cons(int,Node)].JML normal_behavior operation contract.0 
24286      DEBUG main            d.u.i.k.p.i.IntermediateProofReplayer Proof replay took 192.67ms 
24288      DEBUG main            d.u.i.k.p.r.p.TestFile    ... success: reloaded. 
24289      INFO  main            d.u.i.k.p.r.p.TestFile    Now processing file /home/runner/work/key/key/key.core/../key.ui/examples/heap/vstte10_03_LinkedList/Node_inv.key 
24290      INFO  main            d.u.i.k.p.i.AbstractProblemLoader Loading environment from /home/runner/work/key/key/key.core/../key.ui/examples/heap/vstte10_03_LinkedList/Node_inv.key 
24290      DEBUG main            d.u.i.k.p.i.AbstractProblemLoader Environment load took 241.8ns 
24291      INFO  main            d.u.i.k.p.i.AbstractProblemLoader Creating init config 
26808      DEBUG main            d.u.i.k.p.i.AbstractProblemLoader Init config took 2.52s 
26872      INFO  main            d.u.i.k.p.i.AbstractProblemLoader Replaying proof Node[java.lang.Object::<inv>()].JML accessible clause.0 
26875      DEBUG main            d.u.i.k.p.i.IntermediateProofReplayer Proof replay took 6.7ns 
27278      INFO  main            d.u.i.k.p.r.p.TestFile    ... finished proof: closed. 
27417      INFO  main            d.u.i.k.p.i.AbstractProblemLoader Loading environment from /home/runner/work/key/key/key.core/../key.ui/examples/heap/vstte10_03_LinkedList/Node_inv.key.proof 
27417      DEBUG main            d.u.i.k.p.i.AbstractProblemLoader Environment load took 130.9ns 
27419      INFO  main            d.u.i.k.p.i.AbstractProblemLoader Creating init config 
29950      DEBUG main            d.u.i.k.p.i.AbstractProblemLoader Init config took 2.53s 
30009      INFO  main            d.u.i.k.p.i.AbstractProblemLoader Replaying proof Node[java.lang.Object::<inv>()].JML accessible clause.0 
30036      DEBUG main            d.u.i.k.p.i.IntermediateProofReplayer Proof replay took 22.7ms 
30037      DEBUG main            d.u.i.k.p.r.p.TestFile    ... success: reloaded. 
30038      INFO  main            d.u.i.k.p.r.p.TestFile    Now processing file /home/runner/work/key/key/key.core/../key.ui/examples/heap/vstte10_03_LinkedList/Node_search.key 
30039      INFO  main            d.u.i.k.p.i.AbstractProblemLoader Loading environment from /home/runner/work/key/key/key.core/../key.ui/examples/heap/vstte10_03_LinkedList/Node_search.key 
30039      DEBUG main            d.u.i.k.p.i.AbstractProblemLoader Environment load took 213.2ns 
30040      INFO  main            d.u.i.k.p.i.AbstractProblemLoader Creating init config 
32577      DEBUG main            d.u.i.k.p.i.AbstractProblemLoader Init config took 2.54s 
32643      INFO  main            d.u.i.k.p.i.AbstractProblemLoader Replaying proof Node[Node::search()].JML normal_behavior operation contract.0 
32645      DEBUG main            d.u.i.k.p.i.IntermediateProofReplayer Proof replay took 7.3ns 
38614      INFO  main            d.u.i.k.p.r.p.TestFile    ... finished proof: closed. 
38828      INFO  main            d.u.i.k.p.i.AbstractProblemLoader Loading environment from /home/runner/work/key/key/key.core/../key.ui/examples/heap/vstte10_03_LinkedList/Node_search.key.proof 
38828      DEBUG main            d.u.i.k.p.i.AbstractProblemLoader Environment load took 494.11ns 
38831      INFO  main            d.u.i.k.p.i.AbstractProblemLoader Creating init config 
41351      DEBUG main            d.u.i.k.p.i.AbstractProblemLoader Init config took 2.52s 
41401      INFO  main            d.u.i.k.p.i.AbstractProblemLoader Replaying proof Node[Node::search()].JML normal_behavior operation contract.0 
41938      DEBUG main            d.u.i.k.p.i.IntermediateProofReplayer Proof replay took 490.1ms 
41941      DEBUG main            d.u.i.k.p.r.p.TestFile    ... success: reloaded. 
41942      INFO  main            d.u.i.k.p.r.p.TestFile    Now processing file /home/runner/work/key/key/key.core/../key.ui/examples/heap/vstte10_04_Queens/Queens_isConsistent.key 
41943      INFO  main            d.u.i.k.p.i.AbstractProblemLoader Loading environment from /home/runner/work/key/key/key.core/../key.ui/examples/heap/vstte10_04_Queens/Queens_isConsistent.key 
41943      DEBUG main            d.u.i.k.p.i.AbstractProblemLoader Environment load took 268ns 
41944      INFO  main            d.u.i.k.p.i.AbstractProblemLoader Creating init config 
44753      DEBUG main            d.u.i.k.p.i.AbstractProblemLoader Init config took 2.81s 
44795      INFO  main            d.u.i.k.p.i.AbstractProblemLoader Replaying proof Queens[Queens::isConsistent([I,int)].JML normal_behavior operation contract.0 
44797      DEBUG main            d.u.i.k.p.i.IntermediateProofReplayer Proof replay took 7.7ns 
46525      INFO  main            d.u.i.k.p.r.p.TestFile    ... finished proof: closed. 
46744      INFO  main            d.u.i.k.p.i.AbstractProblemLoader Loading environment from /home/runner/work/key/key/key.core/../key.ui/examples/heap/vstte10_04_Queens/Queens_isConsistent.key.proof 
46744      DEBUG main            d.u.i.k.p.i.AbstractProblemLoader Environment load took 458.7ns 
46746      INFO  main            d.u.i.k.p.i.AbstractProblemLoader Creating init config 
49346      DEBUG main            d.u.i.k.p.i.AbstractProblemLoader Init config took 2.6s 
49398      INFO  main            d.u.i.k.p.i.AbstractProblemLoader Replaying proof Queens[Queens::isConsistent([I,int)].JML normal_behavior operation contract.0 
49713      DEBUG main            d.u.i.k.p.i.IntermediateProofReplayer Proof replay took 303.66ms 
49714      DEBUG main            d.u.i.k.p.r.p.TestFile    ... success: reloaded. 
49715      INFO  main            d.u.i.k.p.r.p.TestFile    Now processing file /home/runner/work/key/key/key.core/../key.ui/examples/heap/vstte10_04_Queens/Queens_nQueens.key 
49716      INFO  main            d.u.i.k.p.i.AbstractProblemLoader Loading environment from /home/runner/work/key/key/key.core/../key.ui/examples/heap/vstte10_04_Queens/Queens_nQueens.key 
49716      DEBUG main            d.u.i.k.p.i.AbstractProblemLoader Environment load took 109.2ns 
49717      INFO  main            d.u.i.k.p.i.AbstractProblemLoader Creating init config 
52276      DEBUG main            d.u.i.k.p.i.AbstractProblemLoader Init config took 2.56s 
52316      INFO  main            d.u.i.k.p.i.AbstractProblemLoader Replaying proof Queens[Queens::nQueens(int)].JML normal_behavior operation contract.0 
52318      DEBUG main            d.u.i.k.p.i.IntermediateProofReplayer Proof replay took 8ns 
64310      INFO  main            d.u.i.k.p.r.p.TestFile    ... finished proof: closed. 
64553      INFO  main            d.u.i.k.p.i.AbstractProblemLoader Loading environment from /home/runner/work/key/key/key.core/../key.ui/examples/heap/vstte10_04_Queens/Queens_nQueens.key.proof 
64554      DEBUG main            d.u.i.k.p.i.AbstractProblemLoader Environment load took 526.91ns 
64555      INFO  main            d.u.i.k.p.i.AbstractProblemLoader Creating init config 
67105      DEBUG main            d.u.i.k.p.i.AbstractProblemLoader Init config took 2.55s 
67146      INFO  main            d.u.i.k.p.i.AbstractProblemLoader Replaying proof Queens[Queens::nQueens(int)].JML normal_behavior operation contract.0 
67533      DEBUG main            d.u.i.k.p.i.IntermediateProofReplayer Proof replay took 368.02ms 
67535      DEBUG main            d.u.i.k.p.r.p.TestFile    ... success: reloaded. 
67536      INFO  main            d.u.i.k.p.r.p.TestFile    Now processing file /home/runner/work/key/key/key.core/../key.ui/examples/heap/vstte10_05_Queue/AmortizedQueue_AmortizedQueue.key 
67536      INFO  main            d.u.i.k.p.i.AbstractProblemLoader Loading environment from /home/runner/work/key/key/key.core/../key.ui/examples/heap/vstte10_05_Queue/AmortizedQueue_AmortizedQueue.key 
67536      DEBUG main            d.u.i.k.p.i.AbstractProblemLoader Environment load took 113.8ns 
67537      INFO  main            d.u.i.k.p.i.AbstractProblemLoader Creating init config 
70242      DEBUG main            d.u.i.k.p.i.AbstractProblemLoader Init config took 2.7s 
70285      INFO  main            d.u.i.k.p.i.AbstractProblemLoader Replaying proof AmortizedQueue[AmortizedQueue::AmortizedQueue()].JML normal_behavior operation contract.0 
70287      DEBUG main            d.u.i.k.p.i.IntermediateProofReplayer Proof replay took 8ns 
71693      INFO  main            d.u.i.k.p.r.p.TestFile    ... finished proof: closed. 
71907      INFO  main            d.u.i.k.p.i.AbstractProblemLoader Loading environment from /home/runner/work/key/key/key.core/../key.ui/examples/heap/vstte10_05_Queue/AmortizedQueue_AmortizedQueue.key.proof 
71907      DEBUG main            d.u.i.k.p.i.AbstractProblemLoader Environment load took 506.81ns 
71909      INFO  main            d.u.i.k.p.i.AbstractProblemLoader Creating init config 
74429      DEBUG main            d.u.i.k.p.i.AbstractProblemLoader Init config took 2.52s 
74472      INFO  main            d.u.i.k.p.i.AbstractProblemLoader Replaying proof AmortizedQueue[AmortizedQueue::AmortizedQueue()].JML normal_behavior operation contract.0 
74663      DEBUG main            d.u.i.k.p.i.IntermediateProofReplayer Proof replay took 184.2ms 
74664      DEBUG main            d.u.i.k.p.r.p.TestFile    ... success: reloaded. 
74665      INFO  main            d.u.i.k.p.r.p.TestFile    Now processing file /home/runner/work/key/key/key.core/../key.ui/examples/heap/vstte10_05_Queue/AmortizedQueue_front.key 
74666      INFO  main            d.u.i.k.p.i.AbstractProblemLoader Loading environment from /home/runner/work/key/key/key.core/../key.ui/examples/heap/vstte10_05_Queue/AmortizedQueue_front.key 
74666      DEBUG main            d.u.i.k.p.i.AbstractProblemLoader Environment load took 221.7ns 
74667      INFO  main            d.u.i.k.p.i.AbstractProblemLoader Creating init config 
77294      DEBUG main            d.u.i.k.p.i.AbstractProblemLoader Init config took 2.63s 
77335      INFO  main            d.u.i.k.p.i.AbstractProblemLoader Replaying proof AmortizedQueue[AmortizedQueue::front()].JML normal_behavior operation contract.0 
77341      DEBUG main            d.u.i.k.p.i.IntermediateProofReplayer Proof replay took 8.5ns 
77845      INFO  main            d.u.i.k.p.r.p.TestFile    ... finished proof: closed. 
78105      INFO  main            d.u.i.k.p.i.AbstractProblemLoader Loading environment from /home/runner/work/key/key/key.core/../key.ui/examples/heap/vstte10_05_Queue/AmortizedQueue_front.key.proof 
78105      DEBUG main            d.u.i.k.p.i.AbstractProblemLoader Environment load took 127.1ns 
78107      INFO  main            d.u.i.k.p.i.AbstractProblemLoader Creating init config 
80671      DEBUG main            d.u.i.k.p.i.AbstractProblemLoader Init config took 2.56s 
80715      INFO  main            d.u.i.k.p.i.AbstractProblemLoader Replaying proof AmortizedQueue[AmortizedQueue::front()].JML normal_behavior operation contract.0 
80755      DEBUG main            d.u.i.k.p.i.IntermediateProofReplayer Proof replay took 35.81ms 
80756      DEBUG main            d.u.i.k.p.r.p.TestFile    ... success: reloaded. 
80757      INFO  main            d.u.i.k.p.r.p.TestFile    Now processing file /home/runner/work/key/key/key.core/../key.ui/examples/heap/vstte10_05_Queue/LinkedList_concat.key 
80758      INFO  main            d.u.i.k.p.i.AbstractProblemLoader Loading environment from /home/runner/work/key/key/key.core/../key.ui/examples/heap/vstte10_05_Queue/LinkedList_concat.key 
80758      DEBUG main            d.u.i.k.p.i.AbstractProblemLoader Environment load took 231.8ns 
80759      INFO  main            d.u.i.k.p.i.AbstractProblemLoader Creating init config 
83349      DEBUG main            d.u.i.k.p.i.AbstractProblemLoader Init config took 2.59s 
83427      INFO  main            d.u.i.k.p.i.AbstractProblemLoader Replaying proof LinkedList[LinkedList::concat(LinkedList)].JML normal_behavior operation contract.0 
83428      DEBUG main            d.u.i.k.p.i.IntermediateProofReplayer Proof replay took 7.7ns 
91379      INFO  main            d.u.i.k.p.r.p.TestFile    ... finished proof: closed. 
91677      INFO  main            d.u.i.k.p.i.AbstractProblemLoader Loading environment from /home/runner/work/key/key/key.core/../key.ui/examples/heap/vstte10_05_Queue/LinkedList_concat.key.proof 
91677      DEBUG main            d.u.i.k.p.i.AbstractProblemLoader Environment load took 505.51ns 
91680      INFO  main            d.u.i.k.p.i.AbstractProblemLoader Creating init config 
94242      DEBUG main            d.u.i.k.p.i.AbstractProblemLoader Init config took 2.56s 
94289      INFO  main            d.u.i.k.p.i.AbstractProblemLoader Replaying proof LinkedList[LinkedList::concat(LinkedList)].JML normal_behavior operation contract.0 
94767      DEBUG main            d.u.i.k.p.i.IntermediateProofReplayer Proof replay took 447.53ms 
94769      DEBUG main            d.u.i.k.p.r.p.TestFile    ... success: reloaded. 
94771      INFO  main            d.u.i.k.p.r.p.TestFile    Now processing file /home/runner/work/key/key/key.core/../key.ui/examples/heap/vstte10_05_Queue/LinkedList_cons.key 
94771      INFO  main            d.u.i.k.p.i.AbstractProblemLoader Loading environment from /home/runner/work/key/key/key.core/../key.ui/examples/heap/vstte10_05_Queue/LinkedList_cons.key 
94771      DEBUG main            d.u.i.k.p.i.AbstractProblemLoader Environment load took 223.41ns 
94772      INFO  main            d.u.i.k.p.i.AbstractProblemLoader Creating init config 
97296      DEBUG main            d.u.i.k.p.i.AbstractProblemLoader Init config took 2.52s 
97340      INFO  main            d.u.i.k.p.i.AbstractProblemLoader Replaying proof LinkedList[LinkedList::cons(int)].JML normal_behavior operation contract.0 
97342      DEBUG main            d.u.i.k.p.i.IntermediateProofReplayer Proof replay took 7.4ns 
99650      INFO  main            d.u.i.k.p.r.p.TestFile    ... finished proof: closed. 
99888      INFO  main            d.u.i.k.p.i.AbstractProblemLoader Loading environment from /home/runner/work/key/key/key.core/../key.ui/examples/heap/vstte10_05_Queue/LinkedList_cons.key.proof 
99889      DEBUG main            d.u.i.k.p.i.AbstractProblemLoader Environment load took 573.21ns 
99890      INFO  main            d.u.i.k.p.i.AbstractProblemLoader Creating init config 
102408     DEBUG main            d.u.i.k.p.i.AbstractProblemLoader Init config took 2.52s 
102451     INFO  main            d.u.i.k.p.i.AbstractProblemLoader Replaying proof LinkedList[LinkedList::cons(int)].JML normal_behavior operation contract.0 
102650     DEBUG main            d.u.i.k.p.i.IntermediateProofReplayer Proof replay took 188.68ms 
102651     DEBUG main            d.u.i.k.p.r.p.TestFile    ... success: reloaded. 
102652     INFO  main            d.u.i.k.p.r.p.TestFile    Now processing file /home/runner/work/key/key/key.core/../key.ui/examples/heap/vstte10_05_Queue/LinkedList_head.key 
102653     INFO  main            d.u.i.k.p.i.AbstractProblemLoader Loading environment from /home/runner/work/key/key/key.core/../key.ui/examples/heap/vstte10_05_Queue/LinkedList_head.key 
102653     DEBUG main            d.u.i.k.p.i.AbstractProblemLoader Environment load took 244.21ns 
102654     INFO  main            d.u.i.k.p.i.AbstractProblemLoader Creating init config 
105222     DEBUG main            d.u.i.k.p.i.AbstractProblemLoader Init config took 2.57s 
105286     INFO  main            d.u.i.k.p.i.AbstractProblemLoader Replaying proof LinkedList[LinkedList::head()].JML normal_behavior operation contract.0 
105287     DEBUG main            d.u.i.k.p.i.IntermediateProofReplayer Proof replay took 6.8ns 
105389     INFO  main            d.u.i.k.p.r.p.TestFile    ... finished proof: closed. 
105598     INFO  main            d.u.i.k.p.i.AbstractProblemLoader Loading environment from /home/runner/work/key/key/key.core/../key.ui/examples/heap/vstte10_05_Queue/LinkedList_head.key.proof 
105598     DEBUG main            d.u.i.k.p.i.AbstractProblemLoader Environment load took 124.8ns 
105599     INFO  main            d.u.i.k.p.i.AbstractProblemLoader Creating init config 
108158     DEBUG main            d.u.i.k.p.i.AbstractProblemLoader Init config took 2.56s 
108215     INFO  main            d.u.i.k.p.i.AbstractProblemLoader Replaying proof LinkedList[LinkedList::head()].JML normal_behavior operation contract.0 
108228     DEBUG main            d.u.i.k.p.i.IntermediateProofReplayer Proof replay took 10.54ms 
108229     DEBUG main            d.u.i.k.p.r.p.TestFile    ... success: reloaded. 
108230     INFO  main            d.u.i.k.p.r.p.TestFile    Now processing file /home/runner/work/key/key/key.core/../key.ui/examples/heap/vstte10_05_Queue/LinkedList_inv.key 
108231     INFO  main            d.u.i.k.p.i.AbstractProblemLoader Loading environment from /home/runner/work/key/key/key.core/../key.ui/examples/heap/vstte10_05_Queue/LinkedList_inv.key 
108231     DEBUG main            d.u.i.k.p.i.AbstractProblemLoader Environment load took 147.91ns 
108232     INFO  main            d.u.i.k.p.i.AbstractProblemLoader Creating init config 
110763     DEBUG main            d.u.i.k.p.i.AbstractProblemLoader Init config took 2.53s 
110804     INFO  main            d.u.i.k.p.i.AbstractProblemLoader Replaying proof LinkedList[java.lang.Object::<inv>()].JML accessible clause.0 
110805     DEBUG main            d.u.i.k.p.i.IntermediateProofReplayer Proof replay took 7ns 
111108     INFO  main            d.u.i.k.p.r.p.TestFile    ... finished proof: closed. 
111335     INFO  main            d.u.i.k.p.i.AbstractProblemLoader Loading environment from /home/runner/work/key/key/key.core/../key.ui/examples/heap/vstte10_05_Queue/LinkedList_inv.key.proof 
111335     DEBUG main            d.u.i.k.p.i.AbstractProblemLoader Environment load took 130ns 
111336     INFO  main            d.u.i.k.p.i.AbstractProblemLoader Creating init config 
113884     DEBUG main            d.u.i.k.p.i.AbstractProblemLoader Init config took 2.55s 
113927     INFO  main            d.u.i.k.p.i.AbstractProblemLoader Replaying proof LinkedList[java.lang.Object::<inv>()].JML accessible clause.0 
113949     DEBUG main            d.u.i.k.p.i.IntermediateProofReplayer Proof replay took 18.21ms 
113950     DEBUG main            d.u.i.k.p.r.p.TestFile    ... success: reloaded. 
113951     INFO  main            d.u.i.k.p.r.p.TestFile    Now processing file /home/runner/work/key/key/key.core/../key.ui/examples/heap/vstte10_05_Queue/LinkedList_length.key 
113951     INFO  main            d.u.i.k.p.i.AbstractProblemLoader Loading environment from /home/runner/work/key/key/key.core/../key.ui/examples/heap/vstte10_05_Queue/LinkedList_length.key 
113951     DEBUG main            d.u.i.k.p.i.AbstractProblemLoader Environment load took 106.1ns 
113952     INFO  main            d.u.i.k.p.i.AbstractProblemLoader Creating init config 
116484     DEBUG main            d.u.i.k.p.i.AbstractProblemLoader Init config took 2.53s 
116527     INFO  main            d.u.i.k.p.i.AbstractProblemLoader Replaying proof LinkedList[LinkedList::length()].JML normal_behavior operation contract.0 
116528     DEBUG main            d.u.i.k.p.i.IntermediateProofReplayer Proof replay took 7.1ns 
116630     INFO  main            d.u.i.k.p.r.p.TestFile    ... finished proof: closed. 
116868     INFO  main            d.u.i.k.p.i.AbstractProblemLoader Loading environment from /home/runner/work/key/key/key.core/../key.ui/examples/heap/vstte10_05_Queue/LinkedList_length.key.proof 
116869     DEBUG main            d.u.i.k.p.i.AbstractProblemLoader Environment load took 175.5ns 
116870     INFO  main            d.u.i.k.p.i.AbstractProblemLoader Creating init config 
119390     DEBUG main            d.u.i.k.p.i.AbstractProblemLoader Init config took 2.52s 
119431     INFO  main            d.u.i.k.p.i.AbstractProblemLoader Replaying proof LinkedList[LinkedList::length()].JML normal_behavior operation contract.0 
119443     DEBUG main            d.u.i.k.p.i.IntermediateProofReplayer Proof replay took 10.22ms 
119444     DEBUG main            d.u.i.k.p.r.p.TestFile    ... success: reloaded. 
119445     INFO  main            d.u.i.k.p.r.p.TestFile    Now processing file /home/runner/work/key/key/key.core/../key.ui/examples/heap/vstte10_05_Queue/LinkedList_LinkedList1.key 
119446     INFO  main            d.u.i.k.p.i.AbstractProblemLoader Loading environment from /home/runner/work/key/key/key.core/../key.ui/examples/heap/vstte10_05_Queue/LinkedList_LinkedList1.key 
119446     DEBUG main            d.u.i.k.p.i.AbstractProblemLoader Environment load took 141.1ns 
119447     INFO  main            d.u.i.k.p.i.AbstractProblemLoader Creating init config 
122038     DEBUG main            d.u.i.k.p.i.AbstractProblemLoader Init config took 2.59s 
122104     INFO  main            d.u.i.k.p.i.AbstractProblemLoader Replaying proof LinkedList[LinkedList::LinkedList(int,LinkedList)].JML normal_behavior operation contract.0 
122107     DEBUG main            d.u.i.k.p.i.IntermediateProofReplayer Proof replay took 8.4ns 
123914     INFO  main            d.u.i.k.p.r.p.TestFile    ... finished proof: closed. 
124190     INFO  main            d.u.i.k.p.i.AbstractProblemLoader Loading environment from /home/runner/work/key/key/key.core/../key.ui/examples/heap/vstte10_05_Queue/LinkedList_LinkedList1.key.proof 
124191     DEBUG main            d.u.i.k.p.i.AbstractProblemLoader Environment load took 497.23ns 
124192     INFO  main            d.u.i.k.p.i.AbstractProblemLoader Creating init config 
126705     DEBUG main            d.u.i.k.p.i.AbstractProblemLoader Init config took 2.51s 
126747     INFO  main            d.u.i.k.p.i.AbstractProblemLoader Replaying proof LinkedList[LinkedList::LinkedList(int,LinkedList)].JML normal_behavior operation contract.0 
126921     DEBUG main            d.u.i.k.p.i.IntermediateProofReplayer Proof replay took 166.21ms 
126922     DEBUG main            d.u.i.k.p.r.p.TestFile    ... success: reloaded. 
126924     INFO  main            d.u.i.k.p.r.p.TestFile    Now processing file /home/runner/work/key/key/key.core/../key.ui/examples/heap/vstte10_05_Queue/LinkedList_LinkedList2.key 
126924     INFO  main            d.u.i.k.p.i.AbstractProblemLoader Loading environment from /home/runner/work/key/key/key.core/../key.ui/examples/heap/vstte10_05_Queue/LinkedList_LinkedList2.key 
126924     DEBUG main            d.u.i.k.p.i.AbstractProblemLoader Environment load took 228.91ns 
126925     INFO  main            d.u.i.k.p.i.AbstractProblemLoader Creating init config 
129490     DEBUG main            d.u.i.k.p.i.AbstractProblemLoader Init config took 2.57s 
129533     INFO  main            d.u.i.k.p.i.AbstractProblemLoader Replaying proof LinkedList[LinkedList::LinkedList(int,LinkedList)].JML normal_behavior operation contract.0 
129535     DEBUG main            d.u.i.k.p.i.IntermediateProofReplayer Proof replay took 7.4ns 
131345     INFO  main            d.u.i.k.p.r.p.TestFile    ... finished proof: closed. 
131612     INFO  main            d.u.i.k.p.i.AbstractProblemLoader Loading environment from /home/runner/work/key/key/key.core/../key.ui/examples/heap/vstte10_05_Queue/LinkedList_LinkedList2.key.proof 
131612     DEBUG main            d.u.i.k.p.i.AbstractProblemLoader Environment load took 461.51ns 
131614     INFO  main            d.u.i.k.p.i.AbstractProblemLoader Creating init config 
134101     DEBUG main            d.u.i.k.p.i.AbstractProblemLoader Init config took 2.49s 
134143     INFO  main            d.u.i.k.p.i.AbstractProblemLoader Replaying proof LinkedList[LinkedList::LinkedList(int,LinkedList)].JML normal_behavior operation contract.0 
134344     DEBUG main            d.u.i.k.p.i.IntermediateProofReplayer Proof replay took 192.89ms 
134347     DEBUG main            d.u.i.k.p.r.p.TestFile    ... success: reloaded. 
134348     INFO  main            d.u.i.k.p.r.p.TestFile    Now processing file /home/runner/work/key/key/key.core/../key.ui/examples/heap/vstte10_05_Queue/LinkedList_LinkedList3.key 
134348     INFO  main            d.u.i.k.p.i.AbstractProblemLoader Loading environment from /home/runner/work/key/key/key.core/../key.ui/examples/heap/vstte10_05_Queue/LinkedList_LinkedList3.key 
134349     DEBUG main            d.u.i.k.p.i.AbstractProblemLoader Environment load took 106.1ns 
134350     INFO  main            d.u.i.k.p.i.AbstractProblemLoader Creating init config 
136891     DEBUG main            d.u.i.k.p.i.AbstractProblemLoader Init config took 2.54s 
136933     INFO  main            d.u.i.k.p.i.AbstractProblemLoader Replaying proof LinkedList[LinkedList::LinkedList(int,LinkedList)].JML normal_behavior operation contract.0 
136934     DEBUG main            d.u.i.k.p.i.IntermediateProofReplayer Proof replay took 8.6ns 
150436     INFO  main            d.u.i.k.p.r.p.TestFile    ... finished proof: closed. 
150786     INFO  main            d.u.i.k.p.i.AbstractProblemLoader Loading environment from /home/runner/work/key/key/key.core/../key.ui/examples/heap/vstte10_05_Queue/LinkedList_LinkedList3.key.proof 
150786     DEBUG main            d.u.i.k.p.i.AbstractProblemLoader Environment load took 461.41ns 
150793     INFO  main            d.u.i.k.p.i.AbstractProblemLoader Creating init config 
153267     DEBUG main            d.u.i.k.p.i.AbstractProblemLoader Init config took 2.47s 
153310     INFO  main            d.u.i.k.p.i.AbstractProblemLoader Replaying proof LinkedList[LinkedList::LinkedList(int,LinkedList)].JML normal_behavior operation contract.0 
154328     DEBUG main            d.u.i.k.p.i.IntermediateProofReplayer Proof replay took 919.44ms 
154334     DEBUG main            d.u.i.k.p.r.p.TestFile    ... success: reloaded. 
154335     INFO  main            d.u.i.k.p.r.p.TestFile    Now processing file /home/runner/work/key/key/key.core/../key.ui/examples/heap/vstte10_05_Queue/LinkedList_reverse.key 
154336     INFO  main            d.u.i.k.p.i.AbstractProblemLoader Loading environment from /home/runner/work/key/key/key.core/../key.ui/examples/heap/vstte10_05_Queue/LinkedList_reverse.key 
154336     DEBUG main            d.u.i.k.p.i.AbstractProblemLoader Environment load took 104.2ns 
154337     INFO  main            d.u.i.k.p.i.AbstractProblemLoader Creating init config 
156926     DEBUG main            d.u.i.k.p.i.AbstractProblemLoader Init config took 2.59s 
156969     INFO  main            d.u.i.k.p.i.AbstractProblemLoader Replaying proof LinkedList[LinkedList::reverse()].JML normal_behavior operation contract.0 
156970     DEBUG main            d.u.i.k.p.i.IntermediateProofReplayer Proof replay took 7.3ns 
165851     INFO  main            d.u.i.k.p.r.p.TestFile    ... finished proof: closed. 
166167     INFO  main            d.u.i.k.p.i.AbstractProblemLoader Loading environment from /home/runner/work/key/key/key.core/../key.ui/examples/heap/vstte10_05_Queue/LinkedList_reverse.key.proof 
166172     DEBUG main            d.u.i.k.p.i.AbstractProblemLoader Environment load took 5.49ms 
166174     INFO  main            d.u.i.k.p.i.AbstractProblemLoader Creating init config 
168643     DEBUG main            d.u.i.k.p.i.AbstractProblemLoader Init config took 2.47s 
168684     INFO  main            d.u.i.k.p.i.AbstractProblemLoader Replaying proof LinkedList[LinkedList::reverse()].JML normal_behavior operation contract.0 
169188     DEBUG main            d.u.i.k.p.i.IntermediateProofReplayer Proof replay took 453.33ms 
169191     DEBUG main            d.u.i.k.p.r.p.TestFile    ... success: reloaded. 
169192     INFO  main            d.u.i.k.p.r.p.TestFile    Now processing file /home/runner/work/key/key/key.core/../key.ui/examples/heap/vstte10_05_Queue/LinkedList_tail.key 
169192     INFO  main            d.u.i.k.p.i.AbstractProblemLoader Loading environment from /home/runner/work/key/key/key.core/../key.ui/examples/heap/vstte10_05_Queue/LinkedList_tail.key 
169192     DEBUG main            d.u.i.k.p.i.AbstractProblemLoader Environment load took 82.3ns 
169193     INFO  main            d.u.i.k.p.i.AbstractProblemLoader Creating init config 
171890     DEBUG main            d.u.i.k.p.i.AbstractProblemLoader Init config took 2.7s 
171944     INFO  main            d.u.i.k.p.i.AbstractProblemLoader Replaying proof LinkedList[LinkedList::tail()].JML normal_behavior operation contract.0 
171947     DEBUG main            d.u.i.k.p.i.IntermediateProofReplayer Proof replay took 41.5ns 
172453     INFO  main            d.u.i.k.p.r.p.TestFile    ... finished proof: closed. 
172730     INFO  main            d.u.i.k.p.i.AbstractProblemLoader Loading environment from /home/runner/work/key/key/key.core/../key.ui/examples/heap/vstte10_05_Queue/LinkedList_tail.key.proof 
172731     DEBUG main            d.u.i.k.p.i.AbstractProblemLoader Environment load took 564.92ns 
172732     INFO  main            d.u.i.k.p.i.AbstractProblemLoader Creating init config 
175218     DEBUG main            d.u.i.k.p.i.AbstractProblemLoader Init config took 2.49s 
175260     INFO  main            d.u.i.k.p.i.AbstractProblemLoader Replaying proof LinkedList[LinkedList::tail()].JML normal_behavior operation contract.0 
175334     DEBUG main            d.u.i.k.p.i.IntermediateProofReplayer Proof replay took 71.07ms 
175335     DEBUG main            d.u.i.k.p.r.p.TestFile    ... success: reloaded. 
2352131    INFO  Test worker     d.u.i.k.p.r.RunAllProofsTestUnit Returning from test VSTTE10 
2352132    INFO  Test worker     d.u.i.k.p.r.RunAllProofsTestUnit Running test WeideEtAl 
346        INFO  Timeout watchdog d.u.i.k.p.r.p.ForkedTestFileRunner Timeout watcher launched (2000 secs.) 
348        WARN  main            d.u.i.k.s.ProofSettings   The settings in /home/runner/.key/proof-settings.props are *not* read. 
375        INFO  main            d.u.i.k.p.r.p.TestFile    Now processing file /home/runner/work/key/key/key.core/../key.ui/examples/heap/WeideEtAl_01_AddAndMultiply/AddAndMultiply_add.key 
481        INFO  main            d.u.i.k.p.i.AbstractProblemLoader Loading environment from /home/runner/work/key/key/key.core/../key.ui/examples/heap/WeideEtAl_01_AddAndMultiply/AddAndMultiply_add.key 
506        DEBUG main            d.u.i.k.p.i.AbstractProblemLoader Environment load took 1.97ms 
736        INFO  main            d.u.i.k.p.i.AbstractProblemLoader Creating init config 
1671       DEBUG main            d.u.i.k.j.TypeConverter   No LDT found for Meta 
1671       DEBUG main            d.u.i.k.j.TypeConverter   No LDT found for Meta 
1675       DEBUG main            d.u.i.k.j.TypeConverter   No LDT found for Meta 
1675       DEBUG main            d.u.i.k.j.TypeConverter   No LDT found for Meta 
3172       DEBUG main            d.u.i.k.j.TypeConverter   No LDT found for JavaBigintExpression 
8123       DEBUG main            d.u.i.k.p.i.AbstractProblemLoader Init config took 7.39s 
8279       INFO  main            d.u.i.k.p.i.AbstractProblemLoader Replaying proof AddAndMultiply[AddAndMultiply::add(int,int)].JML normal_behavior operation contract.0 
8312       DEBUG main            d.u.i.k.p.i.IntermediateProofReplayer Proof replay took 36.4ns 
9957       INFO  main            d.u.i.k.p.r.p.TestFile    ... finished proof: closed. 
10107      INFO  main            d.u.i.k.p.i.AbstractProblemLoader Loading environment from /home/runner/work/key/key/key.core/../key.ui/examples/heap/WeideEtAl_01_AddAndMultiply/AddAndMultiply_add.key.proof 
10108      DEBUG main            d.u.i.k.p.i.AbstractProblemLoader Environment load took 160.91ns 
10114      INFO  main            d.u.i.k.p.i.AbstractProblemLoader Creating init config 
13030      DEBUG main            d.u.i.k.p.i.AbstractProblemLoader Init config took 2.92s 
13089      INFO  main            d.u.i.k.p.i.AbstractProblemLoader Replaying proof AddAndMultiply[AddAndMultiply::add(int,int)].JML normal_behavior operation contract.0 
13257      DEBUG main            d.u.i.k.p.i.IntermediateProofReplayer Proof replay took 157.56ms 
13264      DEBUG main            d.u.i.k.p.r.p.TestFile    ... success: reloaded. 
13266      INFO  main            d.u.i.k.p.r.p.TestFile    Now processing file /home/runner/work/key/key/key.core/../key.ui/examples/heap/WeideEtAl_01_AddAndMultiply/AddAndMultiply_mul.key 
13267      INFO  main            d.u.i.k.p.i.AbstractProblemLoader Loading environment from /home/runner/work/key/key/key.core/../key.ui/examples/heap/WeideEtAl_01_AddAndMultiply/AddAndMultiply_mul.key 
13267      DEBUG main            d.u.i.k.p.i.AbstractProblemLoader Environment load took 248.91ns 
13269      INFO  main            d.u.i.k.p.i.AbstractProblemLoader Creating init config 
16024      DEBUG main            d.u.i.k.p.i.AbstractProblemLoader Init config took 2.76s 
16078      INFO  main            d.u.i.k.p.i.AbstractProblemLoader Replaying proof AddAndMultiply[AddAndMultiply::mul(int,int)].JML normal_behavior operation contract.0 
16081      DEBUG main            d.u.i.k.p.i.IntermediateProofReplayer Proof replay took 7.9ns 
16586      INFO  main            d.u.i.k.p.r.p.TestFile    ... finished proof: closed. 
16735      INFO  main            d.u.i.k.p.i.AbstractProblemLoader Loading environment from /home/runner/work/key/key/key.core/../key.ui/examples/heap/WeideEtAl_01_AddAndMultiply/AddAndMultiply_mul.key.proof 
16735      DEBUG main            d.u.i.k.p.i.AbstractProblemLoader Environment load took 670.52ns 
16737      INFO  main            d.u.i.k.p.i.AbstractProblemLoader Creating init config 
19390      DEBUG main            d.u.i.k.p.i.AbstractProblemLoader Init config took 2.65s 
19460      INFO  main            d.u.i.k.p.i.AbstractProblemLoader Replaying proof AddAndMultiply[AddAndMultiply::mul(int,int)].JML normal_behavior operation contract.0 
19597      DEBUG main            d.u.i.k.p.i.IntermediateProofReplayer Proof replay took 127.37ms 
19598      DEBUG main            d.u.i.k.p.r.p.TestFile    ... success: reloaded. 
19601      INFO  main            d.u.i.k.p.r.p.TestFile    Now processing file /home/runner/work/key/key/key.core/../key.ui/examples/heap/WeideEtAl_02_BinarySearch/BinarySearch_search.key 
19601      INFO  main            d.u.i.k.p.i.AbstractProblemLoader Loading environment from /home/runner/work/key/key/key.core/../key.ui/examples/heap/WeideEtAl_02_BinarySearch/BinarySearch_search.key 
19602      DEBUG main            d.u.i.k.p.i.AbstractProblemLoader Environment load took 132.5ns 
19604      INFO  main            d.u.i.k.p.i.AbstractProblemLoader Creating init config 
22324      DEBUG main            d.u.i.k.p.i.AbstractProblemLoader Init config took 2.72s 
22369      INFO  main            d.u.i.k.p.i.AbstractProblemLoader Replaying proof BinarySearch[BinarySearch::search([I,int)].JML normal_behavior operation contract.0 
22374      DEBUG main            d.u.i.k.p.i.IntermediateProofReplayer Proof replay took 8.4ns 
25501      INFO  main            d.u.i.k.p.r.p.TestFile    ... finished proof: closed. 
25731      INFO  main            d.u.i.k.p.i.AbstractProblemLoader Loading environment from /home/runner/work/key/key/key.core/../key.ui/examples/heap/WeideEtAl_02_BinarySearch/BinarySearch_search.key.proof 
25731      DEBUG main            d.u.i.k.p.i.AbstractProblemLoader Environment load took 149ns 
25733      INFO  main            d.u.i.k.p.i.AbstractProblemLoader Creating init config 
28331      DEBUG main            d.u.i.k.p.i.AbstractProblemLoader Init config took 2.6s 
28382      INFO  main            d.u.i.k.p.i.AbstractProblemLoader Replaying proof BinarySearch[BinarySearch::search([I,int)].JML normal_behavior operation contract.0 
28800      DEBUG main            d.u.i.k.p.i.IntermediateProofReplayer Proof replay took 381.21ms 
28802      DEBUG main            d.u.i.k.p.r.p.TestFile    ... success: reloaded. 
2381116    INFO  Test worker     d.u.i.k.p.r.RunAllProofsTestUnit Returning from test WeideEtAl 
2381117    INFO  Test worker     d.u.i.k.p.r.RunAllProofsTestUnit Running test arithmetic 
352        INFO  Timeout watchdog d.u.i.k.p.r.p.ForkedTestFileRunner Timeout watcher launched (2000 secs.) 
356        WARN  main            d.u.i.k.s.ProofSettings   The settings in /home/runner/.key/proof-settings.props are *not* read. 
387        INFO  main            d.u.i.k.p.r.p.TestFile    Now processing file /home/runner/work/key/key/key.core/../key.ui/examples/standard_key/arith/binomial1.key 
521        INFO  main            d.u.i.k.p.i.AbstractProblemLoader Loading environment from /home/runner/work/key/key/key.core/../key.ui/examples/standard_key/arith/binomial1.key 
550        DEBUG main            d.u.i.k.p.i.AbstractProblemLoader Environment load took 2.95ms 
822        INFO  main            d.u.i.k.p.i.AbstractProblemLoader Creating init config 
1837       DEBUG main            d.u.i.k.j.TypeConverter   No LDT found for Meta 
1837       DEBUG main            d.u.i.k.j.TypeConverter   No LDT found for Meta 
1839       DEBUG main            d.u.i.k.j.TypeConverter   No LDT found for Meta 
1840       DEBUG main            d.u.i.k.j.TypeConverter   No LDT found for Meta 
3214       DEBUG main            d.u.i.k.j.TypeConverter   No LDT found for JavaBigintExpression 
7904       DEBUG main            d.u.i.k.p.i.AbstractProblemLoader Init config took 7.08s 
7962       INFO  main            d.u.i.k.p.i.AbstractProblemLoader Replaying proof binomial1.key 
7995       DEBUG main            d.u.i.k.p.i.IntermediateProofReplayer Proof replay took 41.9ns 
8282       INFO  main            d.u.i.k.p.r.p.TestFile    ... finished proof: closed. 
8386       INFO  main            d.u.i.k.p.i.AbstractProblemLoader Loading environment from /home/runner/work/key/key/key.core/../key.ui/examples/standard_key/arith/binomial1.key.proof 
8390       DEBUG main            d.u.i.k.p.i.AbstractProblemLoader Environment load took 3.84ms 
8394       INFO  main            d.u.i.k.p.i.AbstractProblemLoader Creating init config 
11213      DEBUG main            d.u.i.k.p.i.AbstractProblemLoader Init config took 2.82s 
11245      INFO  main            d.u.i.k.p.i.AbstractProblemLoader Replaying proof binomial1.key.proof 
11260      DEBUG main            d.u.i.k.p.i.IntermediateProofReplayer Proof replay took 9.23ms 
11271      DEBUG main            d.u.i.k.p.r.p.TestFile    ... success: reloaded. 
11273      INFO  main            d.u.i.k.p.r.p.TestFile    Now processing file /home/runner/work/key/key/key.core/../key.ui/examples/standard_key/arith/binomial2.key 
11273      INFO  main            d.u.i.k.p.i.AbstractProblemLoader Loading environment from /home/runner/work/key/key/key.core/../key.ui/examples/standard_key/arith/binomial2.key 
11274      DEBUG main            d.u.i.k.p.i.AbstractProblemLoader Environment load took 269.81ns 
11275      INFO  main            d.u.i.k.p.i.AbstractProblemLoader Creating init config 
13867      DEBUG main            d.u.i.k.p.i.AbstractProblemLoader Init config took 2.59s 
13896      INFO  main            d.u.i.k.p.i.AbstractProblemLoader Replaying proof binomial2.key 
13901      DEBUG main            d.u.i.k.p.i.IntermediateProofReplayer Proof replay took 6.8ns 
14004      INFO  main            d.u.i.k.p.r.p.TestFile    ... finished proof: closed. 
14137      INFO  main            d.u.i.k.p.i.AbstractProblemLoader Loading environment from /home/runner/work/key/key/key.core/../key.ui/examples/standard_key/arith/binomial2.key.proof 
14140      DEBUG main            d.u.i.k.p.i.AbstractProblemLoader Environment load took 2.58ms 
14142      INFO  main            d.u.i.k.p.i.AbstractProblemLoader Creating init config 
16684      DEBUG main            d.u.i.k.p.i.AbstractProblemLoader Init config took 2.54s 
16707      INFO  main            d.u.i.k.p.i.AbstractProblemLoader Replaying proof binomial2.key.proof 
16716      DEBUG main            d.u.i.k.p.i.IntermediateProofReplayer Proof replay took 6.4ms 
16717      DEBUG main            d.u.i.k.p.r.p.TestFile    ... success: reloaded. 
16719      INFO  main            d.u.i.k.p.r.p.TestFile    Now processing file /home/runner/work/key/key/key.core/../key.ui/examples/standard_key/arith/check_jdiv.key 
16719      INFO  main            d.u.i.k.p.i.AbstractProblemLoader Loading environment from /home/runner/work/key/key/key.core/../key.ui/examples/standard_key/arith/check_jdiv.key 
16719      DEBUG main            d.u.i.k.p.i.AbstractProblemLoader Environment load took 233.11ns 
16721      INFO  main            d.u.i.k.p.i.AbstractProblemLoader Creating init config 
19228      DEBUG main            d.u.i.k.p.i.AbstractProblemLoader Init config took 2.51s 
19250      INFO  main            d.u.i.k.p.i.AbstractProblemLoader Replaying proof check_jdiv.key 
19254      DEBUG main            d.u.i.k.p.i.IntermediateProofReplayer Proof replay took 8.1ns 
24823      INFO  main            d.u.i.k.p.r.p.TestFile    ... finished proof: closed. 
25122      INFO  main            d.u.i.k.p.i.AbstractProblemLoader Loading environment from /home/runner/work/key/key/key.core/../key.ui/examples/standard_key/arith/check_jdiv.key.proof 
25122      DEBUG main            d.u.i.k.p.i.AbstractProblemLoader Environment load took 469.61ns 
25129      INFO  main            d.u.i.k.p.i.AbstractProblemLoader Creating init config 
27646      DEBUG main            d.u.i.k.p.i.AbstractProblemLoader Init config took 2.52s 
27673      INFO  main            d.u.i.k.p.i.AbstractProblemLoader Replaying proof check_jdiv.key.proof 
27973      DEBUG main            d.u.i.k.p.i.IntermediateProofReplayer Proof replay took 253.95ms 
27976      DEBUG main            d.u.i.k.p.r.p.TestFile    ... success: reloaded. 
27977      INFO  main            d.u.i.k.p.r.p.TestFile    Now processing file /home/runner/work/key/key/key.core/../key.ui/examples/standard_key/arith/check_jdiv_concrete.key 
27978      INFO  main            d.u.i.k.p.i.AbstractProblemLoader Loading environment from /home/runner/work/key/key/key.core/../key.ui/examples/standard_key/arith/check_jdiv_concrete.key 
27978      DEBUG main            d.u.i.k.p.i.AbstractProblemLoader Environment load took 216.5ns 
27980      INFO  main            d.u.i.k.p.i.AbstractProblemLoader Creating init config 
30452      DEBUG main            d.u.i.k.p.i.AbstractProblemLoader Init config took 2.47s 
30473      INFO  main            d.u.i.k.p.i.AbstractProblemLoader Replaying proof check_jdiv_concrete.key 
30476      DEBUG main            d.u.i.k.p.i.IntermediateProofReplayer Proof replay took 7.3ns 
30578      INFO  main            d.u.i.k.p.r.p.TestFile    ... finished proof: closed. 
30776      INFO  main            d.u.i.k.p.i.AbstractProblemLoader Loading environment from /home/runner/work/key/key/key.core/../key.ui/examples/standard_key/arith/check_jdiv_concrete.key.proof 
30777      DEBUG main            d.u.i.k.p.i.AbstractProblemLoader Environment load took 153.1ns 
30778      INFO  main            d.u.i.k.p.i.AbstractProblemLoader Creating init config 
33187      DEBUG main            d.u.i.k.p.i.AbstractProblemLoader Init config took 2.41s 
33207      INFO  main            d.u.i.k.p.i.AbstractProblemLoader Replaying proof check_jdiv_concrete.key.proof 
33212      DEBUG main            d.u.i.k.p.i.IntermediateProofReplayer Proof replay took 2.31ms 
33213      DEBUG main            d.u.i.k.p.r.p.TestFile    ... success: reloaded. 
33215      INFO  main            d.u.i.k.p.r.p.TestFile    Now processing file /home/runner/work/key/key/key.core/../key.ui/examples/standard_key/arith/check_jdiv_instantiated.key 
33215      INFO  main            d.u.i.k.p.i.AbstractProblemLoader Loading environment from /home/runner/work/key/key/key.core/../key.ui/examples/standard_key/arith/check_jdiv_instantiated.key 
33215      DEBUG main            d.u.i.k.p.i.AbstractProblemLoader Environment load took 253.41ns 
33217      INFO  main            d.u.i.k.p.i.AbstractProblemLoader Creating init config 
35610      DEBUG main            d.u.i.k.p.i.AbstractProblemLoader Init config took 2.39s 
35629      INFO  main            d.u.i.k.p.i.AbstractProblemLoader Replaying proof check_jdiv_instantiated.key 
35631      DEBUG main            d.u.i.k.p.i.IntermediateProofReplayer Proof replay took 5.9ns 
38899      INFO  main            d.u.i.k.p.r.p.TestFile    ... finished proof: closed. 
39087      INFO  main            d.u.i.k.p.i.AbstractProblemLoader Loading environment from /home/runner/work/key/key/key.core/../key.ui/examples/standard_key/arith/check_jdiv_instantiated.key.proof 
39087      DEBUG main            d.u.i.k.p.i.AbstractProblemLoader Environment load took 516.21ns 
39090      INFO  main            d.u.i.k.p.i.AbstractProblemLoader Creating init config 
41543      DEBUG main            d.u.i.k.p.i.AbstractProblemLoader Init config took 2.45s 
41562      INFO  main            d.u.i.k.p.i.AbstractProblemLoader Replaying proof check_jdiv_instantiated.key.proof 
41705      DEBUG main            d.u.i.k.p.i.IntermediateProofReplayer Proof replay took 115.47ms 
41708      DEBUG main            d.u.i.k.p.r.p.TestFile    ... success: reloaded. 
41709      INFO  main            d.u.i.k.p.r.p.TestFile    Now processing file /home/runner/work/key/key/key.core/../key.ui/examples/standard_key/arith/check_jmod.key 
41710      INFO  main            d.u.i.k.p.i.AbstractProblemLoader Loading environment from /home/runner/work/key/key/key.core/../key.ui/examples/standard_key/arith/check_jmod.key 
41710      DEBUG main            d.u.i.k.p.i.AbstractProblemLoader Environment load took 314.41ns 
41711      INFO  main            d.u.i.k.p.i.AbstractProblemLoader Creating init config 
44111      DEBUG main            d.u.i.k.p.i.AbstractProblemLoader Init config took 2.4s 
44131      INFO  main            d.u.i.k.p.i.AbstractProblemLoader Replaying proof check_jmod.key 
44134      DEBUG main            d.u.i.k.p.i.IntermediateProofReplayer Proof replay took 8.1ns 
44739      INFO  main            d.u.i.k.p.r.p.TestFile    ... finished proof: closed. 
44960      INFO  main            d.u.i.k.p.i.AbstractProblemLoader Loading environment from /home/runner/work/key/key/key.core/../key.ui/examples/standard_key/arith/check_jmod.key.proof 
44961      DEBUG main            d.u.i.k.p.i.AbstractProblemLoader Environment load took 473.01ns 
44962      INFO  main            d.u.i.k.p.i.AbstractProblemLoader Creating init config 
47348      DEBUG main            d.u.i.k.p.i.AbstractProblemLoader Init config took 2.39s 
47366      INFO  main            d.u.i.k.p.i.AbstractProblemLoader Replaying proof check_jmod.key.proof 
47400      DEBUG main            d.u.i.k.p.i.IntermediateProofReplayer Proof replay took 27.25ms 
47404      DEBUG main            d.u.i.k.p.r.p.TestFile    ... success: reloaded. 
47405      INFO  main            d.u.i.k.p.r.p.TestFile    Now processing file /home/runner/work/key/key/key.core/../key.ui/examples/standard_key/arith/complexExpressions.key 
47406      INFO  main            d.u.i.k.p.i.AbstractProblemLoader Loading environment from /home/runner/work/key/key/key.core/../key.ui/examples/standard_key/arith/complexExpressions.key 
47406      DEBUG main            d.u.i.k.p.i.AbstractProblemLoader Environment load took 250.81ns 
47407      INFO  main            d.u.i.k.p.i.AbstractProblemLoader Creating init config 
49848      DEBUG main            d.u.i.k.p.i.AbstractProblemLoader Init config took 2.44s 
49867      INFO  main            d.u.i.k.p.i.AbstractProblemLoader Replaying proof complexExpressions.key 
49869      DEBUG main            d.u.i.k.p.i.IntermediateProofReplayer Proof replay took 7.7ns 
49976      INFO  main            d.u.i.k.p.r.p.TestFile    ... finished proof: closed. 
50156      INFO  main            d.u.i.k.p.i.AbstractProblemLoader Loading environment from /home/runner/work/key/key/key.core/../key.ui/examples/standard_key/arith/complexExpressions.key.proof 
50156      DEBUG main            d.u.i.k.p.i.AbstractProblemLoader Environment load took 128.4ns 
50158      INFO  main            d.u.i.k.p.i.AbstractProblemLoader Creating init config 
52538      DEBUG main            d.u.i.k.p.i.AbstractProblemLoader Init config took 2.38s 
52556      INFO  main            d.u.i.k.p.i.AbstractProblemLoader Replaying proof complexExpressions.key.proof 
52565      DEBUG main            d.u.i.k.p.i.IntermediateProofReplayer Proof replay took 6.85ms 
52567      DEBUG main            d.u.i.k.p.r.p.TestFile    ... success: reloaded. 
52567      INFO  main            d.u.i.k.p.r.p.TestFile    Now processing file /home/runner/work/key/key/key.core/../key.ui/examples/standard_key/arith/compound_unaryMinus.key 
52568      INFO  main            d.u.i.k.p.i.AbstractProblemLoader Loading environment from /home/runner/work/key/key/key.core/../key.ui/examples/standard_key/arith/compound_unaryMinus.key 
52568      DEBUG main            d.u.i.k.p.i.AbstractProblemLoader Environment load took 213.5ns 
52569      INFO  main            d.u.i.k.p.i.AbstractProblemLoader Creating init config 
55012      DEBUG main            d.u.i.k.p.i.AbstractProblemLoader Init config took 2.44s 
55029      INFO  main            d.u.i.k.p.i.AbstractProblemLoader Replaying proof compound_unaryMinus.key 
55030      DEBUG main            d.u.i.k.p.i.IntermediateProofReplayer Proof replay took 6.7ns 
55136      INFO  main            d.u.i.k.p.r.p.TestFile    ... finished proof: closed. 
55332      INFO  main            d.u.i.k.p.i.AbstractProblemLoader Loading environment from /home/runner/work/key/key/key.core/../key.ui/examples/standard_key/arith/compound_unaryMinus.key.proof 
55332      DEBUG main            d.u.i.k.p.i.AbstractProblemLoader Environment load took 129.8ns 
55333      INFO  main            d.u.i.k.p.i.AbstractProblemLoader Creating init config 
57698      DEBUG main            d.u.i.k.p.i.AbstractProblemLoader Init config took 2.36s 
57715      INFO  main            d.u.i.k.p.i.AbstractProblemLoader Replaying proof compound_unaryMinus.key.proof 
57721      DEBUG main            d.u.i.k.p.i.IntermediateProofReplayer Proof replay took 3.23ms 
57722      DEBUG main            d.u.i.k.p.r.p.TestFile    ... success: reloaded. 
57723      INFO  main            d.u.i.k.p.r.p.TestFile    Now processing file /home/runner/work/key/key/key.core/../key.ui/examples/standard_key/arith/computation.key 
57723      INFO  main            d.u.i.k.p.i.AbstractProblemLoader Loading environment from /home/runner/work/key/key/key.core/../key.ui/examples/standard_key/arith/computation.key 
57723      DEBUG main            d.u.i.k.p.i.AbstractProblemLoader Environment load took 223.5ns 
57725      INFO  main            d.u.i.k.p.i.AbstractProblemLoader Creating init config 
60135      DEBUG main            d.u.i.k.p.i.AbstractProblemLoader Init config took 2.41s 
60152      INFO  main            d.u.i.k.p.i.AbstractProblemLoader Replaying proof computation.key 
60155      DEBUG main            d.u.i.k.p.i.IntermediateProofReplayer Proof replay took 7.8ns 
61600      INFO  main            d.u.i.k.p.r.p.TestFile    ... finished proof: closed. 
61874      INFO  main            d.u.i.k.p.i.AbstractProblemLoader Loading environment from /home/runner/work/key/key/key.core/../key.ui/examples/standard_key/arith/computation.key.proof 
61874      DEBUG main            d.u.i.k.p.i.AbstractProblemLoader Environment load took 541.31ns 
61876      INFO  main            d.u.i.k.p.i.AbstractProblemLoader Creating init config 
64206      DEBUG main            d.u.i.k.p.i.AbstractProblemLoader Init config took 2.33s 
64222      INFO  main            d.u.i.k.p.i.AbstractProblemLoader Replaying proof computation.key.proof 
64291      DEBUG main            d.u.i.k.p.i.IntermediateProofReplayer Proof replay took 63.47ms 
64293      DEBUG main            d.u.i.k.p.r.p.TestFile    ... success: reloaded. 
64294      INFO  main            d.u.i.k.p.r.p.TestFile    Now processing file /home/runner/work/key/key/key.core/../key.ui/examples/standard_key/arith/cubicSum.key 
64294      INFO  main            d.u.i.k.p.i.AbstractProblemLoader Loading environment from /home/runner/work/key/key/key.core/../key.ui/examples/standard_key/arith/cubicSum.key 
64295      DEBUG main            d.u.i.k.p.i.AbstractProblemLoader Environment load took 245.41ns 
64296      INFO  main            d.u.i.k.p.i.AbstractProblemLoader Creating init config 
66824      DEBUG main            d.u.i.k.p.i.AbstractProblemLoader Init config took 2.53s 
66863      INFO  main            d.u.i.k.p.i.AbstractProblemLoader Replaying proof cubicSum.key 
66865      DEBUG main            d.u.i.k.p.i.IntermediateProofReplayer Proof replay took 8ns 
67972      INFO  main            d.u.i.k.p.r.p.TestFile    ... finished proof: closed. 
68246      INFO  main            d.u.i.k.p.i.AbstractProblemLoader Loading environment from /home/runner/work/key/key/key.core/../key.ui/examples/standard_key/arith/cubicSum.key.proof 
68247      DEBUG main            d.u.i.k.p.i.AbstractProblemLoader Environment load took 778.12ns 
68249      INFO  main            d.u.i.k.p.i.AbstractProblemLoader Creating init config 
70673      DEBUG main            d.u.i.k.p.i.AbstractProblemLoader Init config took 2.42s 
70690      INFO  main            d.u.i.k.p.i.AbstractProblemLoader Replaying proof cubicSum.key.proof 
70794      DEBUG main            d.u.i.k.p.i.IntermediateProofReplayer Proof replay took 100.38ms 
70796      DEBUG main            d.u.i.k.p.r.p.TestFile    ... success: reloaded. 
70797      INFO  main            d.u.i.k.p.r.p.TestFile    Now processing file /home/runner/work/key/key/key.core/../key.ui/examples/standard_key/arith/divByZero.key 
70797      INFO  main            d.u.i.k.p.i.AbstractProblemLoader Loading environment from /home/runner/work/key/key/key.core/../key.ui/examples/standard_key/arith/divByZero.key 
70798      DEBUG main            d.u.i.k.p.i.AbstractProblemLoader Environment load took 221.5ns 
70799      INFO  main            d.u.i.k.p.i.AbstractProblemLoader Creating init config 
73174      DEBUG main            d.u.i.k.p.i.AbstractProblemLoader Init config took 2.38s 
73189      INFO  main            d.u.i.k.p.i.AbstractProblemLoader Replaying proof divByZero.key 
73192      DEBUG main            d.u.i.k.p.i.IntermediateProofReplayer Proof replay took 6.8ns 
73394      INFO  main            d.u.i.k.p.r.p.TestFile    ... finished proof: closed. 
73683      INFO  main            d.u.i.k.p.i.AbstractProblemLoader Loading environment from /home/runner/work/key/key/key.core/../key.ui/examples/standard_key/arith/divByZero.key.proof 
73684      DEBUG main            d.u.i.k.p.i.AbstractProblemLoader Environment load took 127.5ns 
73685      INFO  main            d.u.i.k.p.i.AbstractProblemLoader Creating init config 
76054      DEBUG main            d.u.i.k.p.i.AbstractProblemLoader Init config took 2.37s 
76069      INFO  main            d.u.i.k.p.i.AbstractProblemLoader Replaying proof divByZero.key.proof 
76104      DEBUG main            d.u.i.k.p.i.IntermediateProofReplayer Proof replay took 32.1ms 
76105      DEBUG main            d.u.i.k.p.r.p.TestFile    ... success: reloaded. 
76107      INFO  main            d.u.i.k.p.r.p.TestFile    Now processing file /home/runner/work/key/key/key.core/../key.ui/examples/standard_key/arith/divisionAssoc.key 
76107      INFO  main            d.u.i.k.p.i.AbstractProblemLoader Loading environment from /home/runner/work/key/key/key.core/../key.ui/examples/standard_key/arith/divisionAssoc.key 
76107      DEBUG main            d.u.i.k.p.i.AbstractProblemLoader Environment load took 220.1ns 
76108      INFO  main            d.u.i.k.p.i.AbstractProblemLoader Creating init config 
78504      DEBUG main            d.u.i.k.p.i.AbstractProblemLoader Init config took 2.4s 
78519      INFO  main            d.u.i.k.p.i.AbstractProblemLoader Replaying proof divisionAssoc.key 
78521      DEBUG main            d.u.i.k.p.i.IntermediateProofReplayer Proof replay took 7.8ns 
79231      INFO  main            d.u.i.k.p.r.p.TestFile    ... finished proof: closed. 
79443      INFO  main            d.u.i.k.p.i.AbstractProblemLoader Loading environment from /home/runner/work/key/key/key.core/../key.ui/examples/standard_key/arith/divisionAssoc.key.proof 
79444      DEBUG main            d.u.i.k.p.i.AbstractProblemLoader Environment load took 933.32ns 
79445      INFO  main            d.u.i.k.p.i.AbstractProblemLoader Creating init config 
81766      DEBUG main            d.u.i.k.p.i.AbstractProblemLoader Init config took 2.32s 
81781      INFO  main            d.u.i.k.p.i.AbstractProblemLoader Replaying proof divisionAssoc.key.proof 
81811      DEBUG main            d.u.i.k.p.i.IntermediateProofReplayer Proof replay took 25.76ms 
81812      DEBUG main            d.u.i.k.p.r.p.TestFile    ... success: reloaded. 
81813      INFO  main            d.u.i.k.p.r.p.TestFile    Now processing file /home/runner/work/key/key/key.core/../key.ui/examples/standard_key/arith/divisionBy2.key 
81813      INFO  main            d.u.i.k.p.i.AbstractProblemLoader Loading environment from /home/runner/work/key/key/key.core/../key.ui/examples/standard_key/arith/divisionBy2.key 
81814      DEBUG main            d.u.i.k.p.i.AbstractProblemLoader Environment load took 101.8ns 
81815      INFO  main            d.u.i.k.p.i.AbstractProblemLoader Creating init config 
84198      DEBUG main            d.u.i.k.p.i.AbstractProblemLoader Init config took 2.38s 
84212      INFO  main            d.u.i.k.p.i.AbstractProblemLoader Replaying proof divisionBy2.key 
84213      DEBUG main            d.u.i.k.p.i.IntermediateProofReplayer Proof replay took 6.5ns 
84316      INFO  main            d.u.i.k.p.r.p.TestFile    ... finished proof: closed. 
84540      INFO  main            d.u.i.k.p.i.AbstractProblemLoader Loading environment from /home/runner/work/key/key/key.core/../key.ui/examples/standard_key/arith/divisionBy2.key.proof 
84540      DEBUG main            d.u.i.k.p.i.AbstractProblemLoader Environment load took 125.7ns 
84542      INFO  main            d.u.i.k.p.i.AbstractProblemLoader Creating init config 
86877      DEBUG main            d.u.i.k.p.i.AbstractProblemLoader Init config took 2.34s 
86892      INFO  main            d.u.i.k.p.i.AbstractProblemLoader Replaying proof divisionBy2.key.proof 
86898      DEBUG main            d.u.i.k.p.i.IntermediateProofReplayer Proof replay took 3.87ms 
86899      DEBUG main            d.u.i.k.p.r.p.TestFile    ... success: reloaded. 
86900      INFO  main            d.u.i.k.p.r.p.TestFile    Now processing file /home/runner/work/key/key/key.core/../key.ui/examples/standard_key/arith/euclidean/gcdHelp-post.key 
86900      INFO  main            d.u.i.k.p.i.AbstractProblemLoader Loading environment from /home/runner/work/key/key/key.core/../key.ui/examples/standard_key/arith/euclidean/gcdHelp-post.key 
86900      DEBUG main            d.u.i.k.p.i.AbstractProblemLoader Environment load took 206.91ns 
86902      INFO  main            d.u.i.k.p.i.AbstractProblemLoader Creating init config 
89370      DEBUG main            d.u.i.k.p.i.AbstractProblemLoader Init config took 2.47s 
89385      INFO  main            d.u.i.k.p.i.AbstractProblemLoader Replaying proof gcdHelp-post.key 
89387      DEBUG main            d.u.i.k.p.i.IntermediateProofReplayer Proof replay took 6.3ns 
92498      INFO  main            d.u.i.k.p.r.p.TestFile    ... finished proof: closed. 
92732      INFO  main            d.u.i.k.p.i.AbstractProblemLoader Loading environment from /home/runner/work/key/key/key.core/../key.ui/examples/standard_key/arith/euclidean/gcdHelp-post.key.proof 
92732      DEBUG main            d.u.i.k.p.i.AbstractProblemLoader Environment load took 475.61ns 
92734      INFO  main            d.u.i.k.p.i.AbstractProblemLoader Creating init config 
95179      DEBUG main            d.u.i.k.p.i.AbstractProblemLoader Init config took 2.44s 
95193      INFO  main            d.u.i.k.p.i.AbstractProblemLoader Replaying proof gcdHelp-post.key.proof 
95344      DEBUG main            d.u.i.k.p.i.IntermediateProofReplayer Proof replay took 140.18ms 
95346      DEBUG main            d.u.i.k.p.r.p.TestFile    ... success: reloaded. 
95347      INFO  main            d.u.i.k.p.r.p.TestFile    Now processing file /home/runner/work/key/key/key.core/../key.ui/examples/standard_key/arith/gemplusDecimal/add.key 
95348      INFO  main            d.u.i.k.p.i.AbstractProblemLoader Loading environment from /home/runner/work/key/key/key.core/../key.ui/examples/standard_key/arith/gemplusDecimal/add.key 
95348      DEBUG main            d.u.i.k.p.i.AbstractProblemLoader Environment load took 224.31ns 
95350      INFO  main            d.u.i.k.p.i.AbstractProblemLoader Creating init config 
97824      DEBUG main            d.u.i.k.p.i.AbstractProblemLoader Init config took 2.47s 
97842      INFO  main            d.u.i.k.p.i.AbstractProblemLoader Replaying proof add.key 
97844      DEBUG main            d.u.i.k.p.i.IntermediateProofReplayer Proof replay took 7.9ns 
140249     INFO  main            d.u.i.k.p.r.p.TestFile    ... finished proof: closed. 
140639     INFO  main            d.u.i.k.p.i.AbstractProblemLoader Loading environment from /home/runner/work/key/key/key.core/../key.ui/examples/standard_key/arith/gemplusDecimal/add.key.proof 
140640     DEBUG main            d.u.i.k.p.i.AbstractProblemLoader Environment load took 453.21ns 
140648     INFO  main            d.u.i.k.p.i.AbstractProblemLoader Creating init config 
143033     DEBUG main            d.u.i.k.p.i.AbstractProblemLoader Init config took 2.38s 
143048     INFO  main            d.u.i.k.p.i.AbstractProblemLoader Replaying proof add.key.proof 
145136     DEBUG main            d.u.i.k.p.i.IntermediateProofReplayer Proof replay took 1.96s 
145145     DEBUG main            d.u.i.k.p.r.p.TestFile    ... success: reloaded. 
145146     INFO  main            d.u.i.k.p.r.p.TestFile    Now processing file /home/runner/work/key/key/key.core/../key.ui/examples/standard_key/arith/jdivevenodd.key 
145147     INFO  main            d.u.i.k.p.i.AbstractProblemLoader Loading environment from /home/runner/work/key/key/key.core/../key.ui/examples/standard_key/arith/jdivevenodd.key 
145147     DEBUG main            d.u.i.k.p.i.AbstractProblemLoader Environment load took 166ns 
145148     INFO  main            d.u.i.k.p.i.AbstractProblemLoader Creating init config 
147541     DEBUG main            d.u.i.k.p.i.AbstractProblemLoader Init config took 2.39s 
147555     INFO  main            d.u.i.k.p.i.AbstractProblemLoader Replaying proof jdivevenodd.key 
147556     DEBUG main            d.u.i.k.p.i.IntermediateProofReplayer Proof replay took 7.5ns 
147761     INFO  main            d.u.i.k.p.r.p.TestFile    ... finished proof: closed. 
148113     INFO  main            d.u.i.k.p.i.AbstractProblemLoader Loading environment from /home/runner/work/key/key/key.core/../key.ui/examples/standard_key/arith/jdivevenodd.key.proof 
148113     DEBUG main            d.u.i.k.p.i.AbstractProblemLoader Environment load took 122.3ns 
148115     INFO  main            d.u.i.k.p.i.AbstractProblemLoader Creating init config 
150451     DEBUG main            d.u.i.k.p.i.AbstractProblemLoader Init config took 2.34s 
150465     INFO  main            d.u.i.k.p.i.AbstractProblemLoader Replaying proof jdivevenodd.key.proof 
150475     DEBUG main            d.u.i.k.p.i.IntermediateProofReplayer Proof replay took 6.82ms 
150477     DEBUG main            d.u.i.k.p.r.p.TestFile    ... success: reloaded. 
150478     INFO  main            d.u.i.k.p.r.p.TestFile    Now processing file /home/runner/work/key/key/key.core/../key.ui/examples/standard_key/arith/median.key 
150478     INFO  main            d.u.i.k.p.i.AbstractProblemLoader Loading environment from /home/runner/work/key/key/key.core/../key.ui/examples/standard_key/arith/median.key 
150479     DEBUG main            d.u.i.k.p.i.AbstractProblemLoader Environment load took 276.71ns 
150480     INFO  main            d.u.i.k.p.i.AbstractProblemLoader Creating init config 
152793     DEBUG main            d.u.i.k.p.i.AbstractProblemLoader Init config took 2.31s 
152807     INFO  main            d.u.i.k.p.i.AbstractProblemLoader Replaying proof median.key 
152809     DEBUG main            d.u.i.k.p.i.IntermediateProofReplayer Proof replay took 6.8ns 
167275     INFO  main            d.u.i.k.p.r.p.TestFile    ... finished proof: closed. 
167609     INFO  main            d.u.i.k.p.i.AbstractProblemLoader Loading environment from /home/runner/work/key/key/key.core/../key.ui/examples/standard_key/arith/median.key.proof 
167613     DEBUG main            d.u.i.k.p.i.AbstractProblemLoader Environment load took 5.11ms 
167618     INFO  main            d.u.i.k.p.i.AbstractProblemLoader Creating init config 
169907     DEBUG main            d.u.i.k.p.i.AbstractProblemLoader Init config took 2.29s 
169931     INFO  main            d.u.i.k.p.i.AbstractProblemLoader Replaying proof median.key.proof 
170486     DEBUG main            d.u.i.k.p.i.IntermediateProofReplayer Proof replay took 500.29ms 
170489     DEBUG main            d.u.i.k.p.r.p.TestFile    ... success: reloaded. 
170491     INFO  main            d.u.i.k.p.r.p.TestFile    Now processing file /home/runner/work/key/key/key.core/../key.ui/examples/standard_key/arith/mod1.key 
170491     INFO  main            d.u.i.k.p.i.AbstractProblemLoader Loading environment from /home/runner/work/key/key/key.core/../key.ui/examples/standard_key/arith/mod1.key 
170491     DEBUG main            d.u.i.k.p.i.AbstractProblemLoader Environment load took 90.8ns 
170492     INFO  main            d.u.i.k.p.i.AbstractProblemLoader Creating init config 
172780     DEBUG main            d.u.i.k.p.i.AbstractProblemLoader Init config took 2.29s 
172793     INFO  main            d.u.i.k.p.i.AbstractProblemLoader Replaying proof mod1.key 
172796     DEBUG main            d.u.i.k.p.i.IntermediateProofReplayer Proof replay took 7.2ns 
172898     INFO  main            d.u.i.k.p.r.p.TestFile    ... finished proof: closed. 
173199     INFO  main            d.u.i.k.p.i.AbstractProblemLoader Loading environment from /home/runner/work/key/key/key.core/../key.ui/examples/standard_key/arith/mod1.key.proof 
173199     DEBUG main            d.u.i.k.p.i.AbstractProblemLoader Environment load took 105.6ns 
173200     INFO  main            d.u.i.k.p.i.AbstractProblemLoader Creating init config 
175522     DEBUG main            d.u.i.k.p.i.AbstractProblemLoader Init config took 2.32s 
175536     INFO  main            d.u.i.k.p.i.AbstractProblemLoader Replaying proof mod1.key.proof 
175539     DEBUG main            d.u.i.k.p.i.IntermediateProofReplayer Proof replay took 1.42ms 
175539     DEBUG main            d.u.i.k.p.r.p.TestFile    ... success: reloaded. 
175540     INFO  main            d.u.i.k.p.r.p.TestFile    Now processing file /home/runner/work/key/key/key.core/../key.ui/examples/standard_key/arith/mod2.key 
175540     INFO  main            d.u.i.k.p.i.AbstractProblemLoader Loading environment from /home/runner/work/key/key/key.core/../key.ui/examples/standard_key/arith/mod2.key 
175541     DEBUG main            d.u.i.k.p.i.AbstractProblemLoader Environment load took 88.7ns 
175541     INFO  main            d.u.i.k.p.i.AbstractProblemLoader Creating init config 
177853     DEBUG main            d.u.i.k.p.i.AbstractProblemLoader Init config took 2.31s 
177866     INFO  main            d.u.i.k.p.i.AbstractProblemLoader Replaying proof mod2.key 
177868     DEBUG main            d.u.i.k.p.i.IntermediateProofReplayer Proof replay took 6.8ns 
177973     INFO  main            d.u.i.k.p.r.p.TestFile    ... finished proof: closed. 
178205     INFO  main            d.u.i.k.p.i.AbstractProblemLoader Loading environment from /home/runner/work/key/key/key.core/../key.ui/examples/standard_key/arith/mod2.key.proof 
178205     DEBUG main            d.u.i.k.p.i.AbstractProblemLoader Environment load took 101.5ns 
178206     INFO  main            d.u.i.k.p.i.AbstractProblemLoader Creating init config 
180493     DEBUG main            d.u.i.k.p.i.AbstractProblemLoader Init config took 2.29s 
180506     INFO  main            d.u.i.k.p.i.AbstractProblemLoader Replaying proof mod2.key.proof 
180509     DEBUG main            d.u.i.k.p.i.IntermediateProofReplayer Proof replay took 1.02ms 
180509     DEBUG main            d.u.i.k.p.r.p.TestFile    ... success: reloaded. 
180510     INFO  main            d.u.i.k.p.r.p.TestFile    Now processing file /home/runner/work/key/key/key.core/../key.ui/examples/standard_key/arith/mod7.key 
180510     INFO  main            d.u.i.k.p.i.AbstractProblemLoader Loading environment from /home/runner/work/key/key/key.core/../key.ui/examples/standard_key/arith/mod7.key 
180511     DEBUG main            d.u.i.k.p.i.AbstractProblemLoader Environment load took 98.8ns 
180511     INFO  main            d.u.i.k.p.i.AbstractProblemLoader Creating init config 
182854     DEBUG main            d.u.i.k.p.i.AbstractProblemLoader Init config took 2.34s 
182866     INFO  main            d.u.i.k.p.i.AbstractProblemLoader Replaying proof mod7.key 
182887     DEBUG main            d.u.i.k.p.i.IntermediateProofReplayer Proof replay took 7.9ns 
182990     INFO  main            d.u.i.k.p.r.p.TestFile    ... finished proof: closed. 
183223     INFO  main            d.u.i.k.p.i.AbstractProblemLoader Loading environment from /home/runner/work/key/key/key.core/../key.ui/examples/standard_key/arith/mod7.key.proof 
183223     DEBUG main            d.u.i.k.p.i.AbstractProblemLoader Environment load took 123.4ns 
183224     INFO  main            d.u.i.k.p.i.AbstractProblemLoader Creating init config 
185499     DEBUG main            d.u.i.k.p.i.AbstractProblemLoader Init config took 2.27s 
185512     INFO  main            d.u.i.k.p.i.AbstractProblemLoader Replaying proof mod7.key.proof 
185517     DEBUG main            d.u.i.k.p.i.IntermediateProofReplayer Proof replay took 2.91ms 
185518     DEBUG main            d.u.i.k.p.r.p.TestFile    ... success: reloaded. 
185518     INFO  main            d.u.i.k.p.r.p.TestFile    Now processing file /home/runner/work/key/key/key.core/../key.ui/examples/standard_key/arith/overflow_hija.key 
185518     INFO  main            d.u.i.k.p.i.AbstractProblemLoader Loading environment from /home/runner/work/key/key/key.core/../key.ui/examples/standard_key/arith/overflow_hija.key 
185518     DEBUG main            d.u.i.k.p.i.AbstractProblemLoader Environment load took 92.9ns 
185520     INFO  main            d.u.i.k.p.i.AbstractProblemLoader Creating init config 
187878     DEBUG main            d.u.i.k.p.i.AbstractProblemLoader Init config took 2.36s 
187893     INFO  main            d.u.i.k.p.i.AbstractProblemLoader Replaying proof overflow_hija.key 
187894     DEBUG main            d.u.i.k.p.i.IntermediateProofReplayer Proof replay took 6.4ns 
192432     INFO  main            d.u.i.k.p.r.p.TestFile    ... finished proof: closed. 
192729     INFO  main            d.u.i.k.p.i.AbstractProblemLoader Loading environment from /home/runner/work/key/key/key.core/../key.ui/examples/standard_key/arith/overflow_hija.key.proof 
192730     DEBUG main            d.u.i.k.p.i.AbstractProblemLoader Environment load took 440.61ns 
192732     INFO  main            d.u.i.k.p.i.AbstractProblemLoader Creating init config 
195006     DEBUG main            d.u.i.k.p.i.AbstractProblemLoader Init config took 2.27s 
195021     INFO  main            d.u.i.k.p.i.AbstractProblemLoader Replaying proof overflow_hija.key.proof 
195170     DEBUG main            d.u.i.k.p.i.IntermediateProofReplayer Proof replay took 136.99ms 
195172     DEBUG main            d.u.i.k.p.r.p.TestFile    ... success: reloaded. 
195173     INFO  main            d.u.i.k.p.r.p.TestFile    Now processing file /home/runner/work/key/key/key.core/../key.ui/examples/standard_key/arith/poly_division0.key 
195173     INFO  main            d.u.i.k.p.i.AbstractProblemLoader Loading environment from /home/runner/work/key/key/key.core/../key.ui/examples/standard_key/arith/poly_division0.key 
195174     DEBUG main            d.u.i.k.p.i.AbstractProblemLoader Environment load took 208ns 
195175     INFO  main            d.u.i.k.p.i.AbstractProblemLoader Creating init config 
197531     DEBUG main            d.u.i.k.p.i.AbstractProblemLoader Init config took 2.36s 
197545     INFO  main            d.u.i.k.p.i.AbstractProblemLoader Replaying proof poly_division0.key 
197546     DEBUG main            d.u.i.k.p.i.IntermediateProofReplayer Proof replay took 7.3ns 
197652     INFO  main            d.u.i.k.p.r.p.TestFile    ... finished proof: closed. 
197972     INFO  main            d.u.i.k.p.i.AbstractProblemLoader Loading environment from /home/runner/work/key/key/key.core/../key.ui/examples/standard_key/arith/poly_division0.key.proof 
197972     DEBUG main            d.u.i.k.p.i.AbstractProblemLoader Environment load took 121.2ns 
197974     INFO  main            d.u.i.k.p.i.AbstractProblemLoader Creating init config 
200232     DEBUG main            d.u.i.k.p.i.AbstractProblemLoader Init config took 2.26s 
200246     INFO  main            d.u.i.k.p.i.AbstractProblemLoader Replaying proof poly_division0.key.proof 
200252     DEBUG main            d.u.i.k.p.i.IntermediateProofReplayer Proof replay took 3.52ms 
200252     DEBUG main            d.u.i.k.p.r.p.TestFile    ... success: reloaded. 
200253     INFO  main            d.u.i.k.p.r.p.TestFile    Now processing file /home/runner/work/key/key/key.core/../key.ui/examples/standard_key/arith/poly_division1.key 
200253     INFO  main            d.u.i.k.p.i.AbstractProblemLoader Loading environment from /home/runner/work/key/key/key.core/../key.ui/examples/standard_key/arith/poly_division1.key 
200253     DEBUG main            d.u.i.k.p.i.AbstractProblemLoader Environment load took 78.3ns 
200254     INFO  main            d.u.i.k.p.i.AbstractProblemLoader Creating init config 
202552     DEBUG main            d.u.i.k.p.i.AbstractProblemLoader Init config took 2.3s 
202565     INFO  main            d.u.i.k.p.i.AbstractProblemLoader Replaying proof poly_division1.key 
202566     DEBUG main            d.u.i.k.p.i.IntermediateProofReplayer Proof replay took 6.9ns 
202672     INFO  main            d.u.i.k.p.r.p.TestFile    ... finished proof: closed. 
202933     INFO  main            d.u.i.k.p.i.AbstractProblemLoader Loading environment from /home/runner/work/key/key/key.core/../key.ui/examples/standard_key/arith/poly_division1.key.proof 
202933     DEBUG main            d.u.i.k.p.i.AbstractProblemLoader Environment load took 108.2ns 
202934     INFO  main            d.u.i.k.p.i.AbstractProblemLoader Creating init config 
205205     DEBUG main            d.u.i.k.p.i.AbstractProblemLoader Init config took 2.27s 
205218     INFO  main            d.u.i.k.p.i.AbstractProblemLoader Replaying proof poly_division1.key.proof 
205223     DEBUG main            d.u.i.k.p.i.IntermediateProofReplayer Proof replay took 2.97ms 
205224     DEBUG main            d.u.i.k.p.r.p.TestFile    ... success: reloaded. 
205224     INFO  main            d.u.i.k.p.r.p.TestFile    Now processing file /home/runner/work/key/key/key.core/../key.ui/examples/standard_key/inEqSimp/division.key 
205224     INFO  main            d.u.i.k.p.i.AbstractProblemLoader Loading environment from /home/runner/work/key/key/key.core/../key.ui/examples/standard_key/inEqSimp/division.key 
205224     DEBUG main            d.u.i.k.p.i.AbstractProblemLoader Environment load took 68ns 
205225     INFO  main            d.u.i.k.p.i.AbstractProblemLoader Creating init config 
207543     DEBUG main            d.u.i.k.p.i.AbstractProblemLoader Init config took 2.32s 
207556     INFO  main            d.u.i.k.p.i.AbstractProblemLoader Replaying proof division.key 
207558     DEBUG main            d.u.i.k.p.i.IntermediateProofReplayer Proof replay took 6.7ns 
209565     INFO  main            d.u.i.k.p.r.p.TestFile    ... finished proof: closed. 
209847     INFO  main            d.u.i.k.p.i.AbstractProblemLoader Loading environment from /home/runner/work/key/key/key.core/../key.ui/examples/standard_key/inEqSimp/division.key.proof 
209847     DEBUG main            d.u.i.k.p.i.AbstractProblemLoader Environment load took 123.9ns 
209853     INFO  main            d.u.i.k.p.i.AbstractProblemLoader Creating init config 
212120     DEBUG main            d.u.i.k.p.i.AbstractProblemLoader Init config took 2.27s 
212134     INFO  main            d.u.i.k.p.i.AbstractProblemLoader Replaying proof division.key.proof 
212186     DEBUG main            d.u.i.k.p.i.IntermediateProofReplayer Proof replay took 44.48ms 
212188     DEBUG main            d.u.i.k.p.r.p.TestFile    ... success: reloaded. 
212189     INFO  main            d.u.i.k.p.r.p.TestFile    Now processing file /home/runner/work/key/key/key.core/../key.ui/examples/standard_key/inEqSimp/inequations0.key 
212190     INFO  main            d.u.i.k.p.i.AbstractProblemLoader Loading environment from /home/runner/work/key/key/key.core/../key.ui/examples/standard_key/inEqSimp/inequations0.key 
212190     DEBUG main            d.u.i.k.p.i.AbstractProblemLoader Environment load took 217.7ns 
212191     INFO  main            d.u.i.k.p.i.AbstractProblemLoader Creating init config 
214548     DEBUG main            d.u.i.k.p.i.AbstractProblemLoader Init config took 2.36s 
214561     INFO  main            d.u.i.k.p.i.AbstractProblemLoader Replaying proof inequations0.key 
214562     DEBUG main            d.u.i.k.p.i.IntermediateProofReplayer Proof replay took 40.4ns 
214666     INFO  main            d.u.i.k.p.r.p.TestFile    ... finished proof: closed. 
214965     INFO  main            d.u.i.k.p.i.AbstractProblemLoader Loading environment from /home/runner/work/key/key/key.core/../key.ui/examples/standard_key/inEqSimp/inequations0.key.proof 
214965     DEBUG main            d.u.i.k.p.i.AbstractProblemLoader Environment load took 114.9ns 
214966     INFO  main            d.u.i.k.p.i.AbstractProblemLoader Creating init config 
217221     DEBUG main            d.u.i.k.p.i.AbstractProblemLoader Init config took 2.25s 
217236     INFO  main            d.u.i.k.p.i.AbstractProblemLoader Replaying proof inequations0.key.proof 
217241     DEBUG main            d.u.i.k.p.i.IntermediateProofReplayer Proof replay took 1.53ms 
217242     DEBUG main            d.u.i.k.p.r.p.TestFile    ... success: reloaded. 
217244     INFO  main            d.u.i.k.p.r.p.TestFile    Now processing file /home/runner/work/key/key/key.core/../key.ui/examples/standard_key/inEqSimp/inequations1.key 
217244     INFO  main            d.u.i.k.p.i.AbstractProblemLoader Loading environment from /home/runner/work/key/key/key.core/../key.ui/examples/standard_key/inEqSimp/inequations1.key 
217244     DEBUG main            d.u.i.k.p.i.AbstractProblemLoader Environment load took 93.6ns 
217246     INFO  main            d.u.i.k.p.i.AbstractProblemLoader Creating init config 
219543     DEBUG main            d.u.i.k.p.i.AbstractProblemLoader Init config took 2.3s 
219556     INFO  main            d.u.i.k.p.i.AbstractProblemLoader Replaying proof inequations1.key 
219558     DEBUG main            d.u.i.k.p.i.IntermediateProofReplayer Proof replay took 2.6ns 
219659     INFO  main            d.u.i.k.p.r.p.TestFile    ... finished proof: closed. 
219928     INFO  main            d.u.i.k.p.i.AbstractProblemLoader Loading environment from /home/runner/work/key/key/key.core/../key.ui/examples/standard_key/inEqSimp/inequations1.key.proof 
219928     DEBUG main            d.u.i.k.p.i.AbstractProblemLoader Environment load took 109.7ns 
219929     INFO  main            d.u.i.k.p.i.AbstractProblemLoader Creating init config 
222211     DEBUG main            d.u.i.k.p.i.AbstractProblemLoader Init config took 2.28s 
222225     INFO  main            d.u.i.k.p.i.AbstractProblemLoader Replaying proof inequations1.key.proof 
222227     DEBUG main            d.u.i.k.p.i.IntermediateProofReplayer Proof replay took 831.92ns 
222228     DEBUG main            d.u.i.k.p.r.p.TestFile    ... success: reloaded. 
222228     INFO  main            d.u.i.k.p.r.p.TestFile    Now processing file /home/runner/work/key/key/key.core/../key.ui/examples/standard_key/inEqSimp/inequations2.key 
222228     INFO  main            d.u.i.k.p.i.AbstractProblemLoader Loading environment from /home/runner/work/key/key/key.core/../key.ui/examples/standard_key/inEqSimp/inequations2.key 
222229     DEBUG main            d.u.i.k.p.i.AbstractProblemLoader Environment load took 76.1ns 
222229     INFO  main            d.u.i.k.p.i.AbstractProblemLoader Creating init config 
224556     DEBUG main            d.u.i.k.p.i.AbstractProblemLoader Init config took 2.33s 
224569     INFO  main            d.u.i.k.p.i.AbstractProblemLoader Replaying proof inequations2.key 
224570     DEBUG main            d.u.i.k.p.i.IntermediateProofReplayer Proof replay took 2.9ns 
224676     INFO  main            d.u.i.k.p.r.p.TestFile    ... finished proof: closed. 
224949     INFO  main            d.u.i.k.p.i.AbstractProblemLoader Loading environment from /home/runner/work/key/key/key.core/../key.ui/examples/standard_key/inEqSimp/inequations2.key.proof 
224949     DEBUG main            d.u.i.k.p.i.AbstractProblemLoader Environment load took 115.1ns 
224950     INFO  main            d.u.i.k.p.i.AbstractProblemLoader Creating init config 
227280     DEBUG main            d.u.i.k.p.i.AbstractProblemLoader Init config took 2.33s 
227295     INFO  main            d.u.i.k.p.i.AbstractProblemLoader Replaying proof inequations2.key.proof 
227299     DEBUG main            d.u.i.k.p.i.IntermediateProofReplayer Proof replay took 1.66ms 
227300     DEBUG main            d.u.i.k.p.r.p.TestFile    ... success: reloaded. 
227301     INFO  main            d.u.i.k.p.r.p.TestFile    Now processing file /home/runner/work/key/key/key.core/../key.ui/examples/standard_key/inEqSimp/linApprox.key 
227301     INFO  main            d.u.i.k.p.i.AbstractProblemLoader Loading environment from /home/runner/work/key/key/key.core/../key.ui/examples/standard_key/inEqSimp/linApprox.key 
227301     DEBUG main            d.u.i.k.p.i.AbstractProblemLoader Environment load took 230ns 
227303     INFO  main            d.u.i.k.p.i.AbstractProblemLoader Creating init config 
229622     DEBUG main            d.u.i.k.p.i.AbstractProblemLoader Init config took 2.32s 
229635     INFO  main            d.u.i.k.p.i.AbstractProblemLoader Replaying proof linApprox.key 
229636     DEBUG main            d.u.i.k.p.i.IntermediateProofReplayer Proof replay took 2.9ns 
229740     INFO  main            d.u.i.k.p.r.p.TestFile    ... finished proof: closed. 
230024     INFO  main            d.u.i.k.p.i.AbstractProblemLoader Loading environment from /home/runner/work/key/key/key.core/../key.ui/examples/standard_key/inEqSimp/linApprox.key.proof 
230024     DEBUG main            d.u.i.k.p.i.AbstractProblemLoader Environment load took 97.4ns 
230025     INFO  main            d.u.i.k.p.i.AbstractProblemLoader Creating init config 
232282     DEBUG main            d.u.i.k.p.i.AbstractProblemLoader Init config took 2.26s 
232295     INFO  main            d.u.i.k.p.i.AbstractProblemLoader Replaying proof linApprox.key.proof 
232298     DEBUG main            d.u.i.k.p.i.IntermediateProofReplayer Proof replay took 1.31ms 
232299     DEBUG main            d.u.i.k.p.r.p.TestFile    ... success: reloaded. 
232299     INFO  main            d.u.i.k.p.r.p.TestFile    Now processing file /home/runner/work/key/key/key.core/../key.ui/examples/standard_key/inEqSimp/nonLinInEqExample0.key 
232300     INFO  main            d.u.i.k.p.i.AbstractProblemLoader Loading environment from /home/runner/work/key/key/key.core/../key.ui/examples/standard_key/inEqSimp/nonLinInEqExample0.key 
232300     DEBUG main            d.u.i.k.p.i.AbstractProblemLoader Environment load took 48.8ns 
232301     INFO  main            d.u.i.k.p.i.AbstractProblemLoader Creating init config 
234594     DEBUG main            d.u.i.k.p.i.AbstractProblemLoader Init config took 2.29s 
234607     INFO  main            d.u.i.k.p.i.AbstractProblemLoader Replaying proof nonLinInEqExample0.key 
234608     DEBUG main            d.u.i.k.p.i.IntermediateProofReplayer Proof replay took 3ns 
234710     INFO  main            d.u.i.k.p.r.p.TestFile    ... finished proof: closed. 
234992     INFO  main            d.u.i.k.p.i.AbstractProblemLoader Loading environment from /home/runner/work/key/key/key.core/../key.ui/examples/standard_key/inEqSimp/nonLinInEqExample0.key.proof 
234993     DEBUG main            d.u.i.k.p.i.AbstractProblemLoader Environment load took 98.2ns 
234994     INFO  main            d.u.i.k.p.i.AbstractProblemLoader Creating init config 
237246     DEBUG main            d.u.i.k.p.i.AbstractProblemLoader Init config took 2.25s 
237258     INFO  main            d.u.i.k.p.i.AbstractProblemLoader Replaying proof nonLinInEqExample0.key.proof 
237260     DEBUG main            d.u.i.k.p.i.IntermediateProofReplayer Proof replay took 528.21ns 
237261     DEBUG main            d.u.i.k.p.r.p.TestFile    ... success: reloaded. 
237262     INFO  main            d.u.i.k.p.r.p.TestFile    Now processing file /home/runner/work/key/key/key.core/../key.ui/examples/standard_key/inEqSimp/nonLinInEqExample2.key 
237262     INFO  main            d.u.i.k.p.i.AbstractProblemLoader Loading environment from /home/runner/work/key/key/key.core/../key.ui/examples/standard_key/inEqSimp/nonLinInEqExample2.key 
237262     DEBUG main            d.u.i.k.p.i.AbstractProblemLoader Environment load took 48.4ns 
237263     INFO  main            d.u.i.k.p.i.AbstractProblemLoader Creating init config 
239555     DEBUG main            d.u.i.k.p.i.AbstractProblemLoader Init config took 2.29s 
239568     INFO  main            d.u.i.k.p.i.AbstractProblemLoader Replaying proof nonLinInEqExample2.key 
239569     DEBUG main            d.u.i.k.p.i.IntermediateProofReplayer Proof replay took 2.9ns 
239872     INFO  main            d.u.i.k.p.r.p.TestFile    ... finished proof: closed. 
240157     INFO  main            d.u.i.k.p.i.AbstractProblemLoader Loading environment from /home/runner/work/key/key/key.core/../key.ui/examples/standard_key/inEqSimp/nonLinInEqExample2.key.proof 
240157     DEBUG main            d.u.i.k.p.i.AbstractProblemLoader Environment load took 96.1ns 
240158     INFO  main            d.u.i.k.p.i.AbstractProblemLoader Creating init config 
242405     DEBUG main            d.u.i.k.p.i.AbstractProblemLoader Init config took 2.25s 
242418     INFO  main            d.u.i.k.p.i.AbstractProblemLoader Replaying proof nonLinInEqExample2.key.proof 
242453     DEBUG main            d.u.i.k.p.i.IntermediateProofReplayer Proof replay took 31.42ms 
242454     DEBUG main            d.u.i.k.p.r.p.TestFile    ... success: reloaded. 
242454     INFO  main            d.u.i.k.p.r.p.TestFile    Now processing file /home/runner/work/key/key/key.core/../key.ui/examples/standard_key/inEqSimp/nonLinInEqExample3.key 
242455     INFO  main            d.u.i.k.p.i.AbstractProblemLoader Loading environment from /home/runner/work/key/key/key.core/../key.ui/examples/standard_key/inEqSimp/nonLinInEqExample3.key 
242455     DEBUG main            d.u.i.k.p.i.AbstractProblemLoader Environment load took 54.5ns 
242456     INFO  main            d.u.i.k.p.i.AbstractProblemLoader Creating init config 
244765     DEBUG main            d.u.i.k.p.i.AbstractProblemLoader Init config took 2.31s 
244778     INFO  main            d.u.i.k.p.i.AbstractProblemLoader Replaying proof nonLinInEqExample3.key 
244779     DEBUG main            d.u.i.k.p.i.IntermediateProofReplayer Proof replay took 3ns 
244982     INFO  main            d.u.i.k.p.r.p.TestFile    ... finished proof: closed. 
245297     INFO  main            d.u.i.k.p.i.AbstractProblemLoader Loading environment from /home/runner/work/key/key/key.core/../key.ui/examples/standard_key/inEqSimp/nonLinInEqExample3.key.proof 
245297     DEBUG main            d.u.i.k.p.i.AbstractProblemLoader Environment load took 106.8ns 
245298     INFO  main            d.u.i.k.p.i.AbstractProblemLoader Creating init config 
247559     DEBUG main            d.u.i.k.p.i.AbstractProblemLoader Init config took 2.26s 
247572     INFO  main            d.u.i.k.p.i.AbstractProblemLoader Replaying proof nonLinInEqExample3.key.proof 
247585     DEBUG main            d.u.i.k.p.i.IntermediateProofReplayer Proof replay took 10.91ms 
247586     DEBUG main            d.u.i.k.p.r.p.TestFile    ... success: reloaded. 
247587     INFO  main            d.u.i.k.p.r.p.TestFile    Now processing file /home/runner/work/key/key/key.core/../key.ui/examples/standard_key/inEqSimp/nonLinInEqExample4.key 
247587     INFO  main            d.u.i.k.p.i.AbstractProblemLoader Loading environment from /home/runner/work/key/key/key.core/../key.ui/examples/standard_key/inEqSimp/nonLinInEqExample4.key 
247587     DEBUG main            d.u.i.k.p.i.AbstractProblemLoader Environment load took 53.2ns 
247588     INFO  main            d.u.i.k.p.i.AbstractProblemLoader Creating init config 
249898     DEBUG main            d.u.i.k.p.i.AbstractProblemLoader Init config took 2.31s 
249911     INFO  main            d.u.i.k.p.i.AbstractProblemLoader Replaying proof nonLinInEqExample4.key 
249913     DEBUG main            d.u.i.k.p.i.IntermediateProofReplayer Proof replay took 2.7ns 
250015     INFO  main            d.u.i.k.p.r.p.TestFile    ... finished proof: closed. 
250326     INFO  main            d.u.i.k.p.i.AbstractProblemLoader Loading environment from /home/runner/work/key/key/key.core/../key.ui/examples/standard_key/inEqSimp/nonLinInEqExample4.key.proof 
250326     DEBUG main            d.u.i.k.p.i.AbstractProblemLoader Environment load took 103.9ns 
250328     INFO  main            d.u.i.k.p.i.AbstractProblemLoader Creating init config 
252589     DEBUG main            d.u.i.k.p.i.AbstractProblemLoader Init config took 2.26s 
252602     INFO  main            d.u.i.k.p.i.AbstractProblemLoader Replaying proof nonLinInEqExample4.key.proof 
252616     DEBUG main            d.u.i.k.p.i.IntermediateProofReplayer Proof replay took 9.26ms 
252617     DEBUG main            d.u.i.k.p.r.p.TestFile    ... success: reloaded. 
252618     INFO  main            d.u.i.k.p.r.p.TestFile    Now processing file /home/runner/work/key/key/key.core/../key.ui/examples/standard_key/inEqSimp/quadraticInEq.key 
252618     INFO  main            d.u.i.k.p.i.AbstractProblemLoader Loading environment from /home/runner/work/key/key/key.core/../key.ui/examples/standard_key/inEqSimp/quadraticInEq.key 
252619     DEBUG main            d.u.i.k.p.i.AbstractProblemLoader Environment load took 222.9ns 
252620     INFO  main            d.u.i.k.p.i.AbstractProblemLoader Creating init config 
254916     DEBUG main            d.u.i.k.p.i.AbstractProblemLoader Init config took 2.3s 
254929     INFO  main            d.u.i.k.p.i.AbstractProblemLoader Replaying proof quadraticInEq.key 
254931     DEBUG main            d.u.i.k.p.i.IntermediateProofReplayer Proof replay took 2.6ns 
255235     INFO  main            d.u.i.k.p.r.p.TestFile    ... finished proof: closed. 
255567     INFO  main            d.u.i.k.p.i.AbstractProblemLoader Loading environment from /home/runner/work/key/key/key.core/../key.ui/examples/standard_key/inEqSimp/quadraticInEq.key.proof 
255567     DEBUG main            d.u.i.k.p.i.AbstractProblemLoader Environment load took 103ns 
255569     INFO  main            d.u.i.k.p.i.AbstractProblemLoader Creating init config 
257841     DEBUG main            d.u.i.k.p.i.AbstractProblemLoader Init config took 2.27s 
257854     INFO  main            d.u.i.k.p.i.AbstractProblemLoader Replaying proof quadraticInEq.key.proof 
257885     DEBUG main            d.u.i.k.p.i.IntermediateProofReplayer Proof replay took 25.86ms 
257886     DEBUG main            d.u.i.k.p.r.p.TestFile    ... success: reloaded. 
257887     INFO  main            d.u.i.k.p.r.p.TestFile    Now processing file /home/runner/work/key/key/key.core/../key.ui/examples/standard_key/inEqSimp/quadraticInEq10.key 
257887     INFO  main            d.u.i.k.p.i.AbstractProblemLoader Loading environment from /home/runner/work/key/key/key.core/../key.ui/examples/standard_key/inEqSimp/quadraticInEq10.key 
257887     DEBUG main            d.u.i.k.p.i.AbstractProblemLoader Environment load took 73.4ns 
257888     INFO  main            d.u.i.k.p.i.AbstractProblemLoader Creating init config 
260185     DEBUG main            d.u.i.k.p.i.AbstractProblemLoader Init config took 2.3s 
260198     INFO  main            d.u.i.k.p.i.AbstractProblemLoader Replaying proof quadraticInEq10.key 
260200     DEBUG main            d.u.i.k.p.i.IntermediateProofReplayer Proof replay took 2.7ns 
260403     INFO  main            d.u.i.k.p.r.p.TestFile    ... finished proof: closed. 
260732     INFO  main            d.u.i.k.p.i.AbstractProblemLoader Loading environment from /home/runner/work/key/key/key.core/../key.ui/examples/standard_key/inEqSimp/quadraticInEq10.key.proof 
260733     DEBUG main            d.u.i.k.p.i.AbstractProblemLoader Environment load took 644.91ns 
260734     INFO  main            d.u.i.k.p.i.AbstractProblemLoader Creating init config 
262991     DEBUG main            d.u.i.k.p.i.AbstractProblemLoader Init config took 2.26s 
263004     INFO  main            d.u.i.k.p.i.AbstractProblemLoader Replaying proof quadraticInEq10.key.proof 
263014     DEBUG main            d.u.i.k.p.i.IntermediateProofReplayer Proof replay took 7.39ms 
263015     DEBUG main            d.u.i.k.p.r.p.TestFile    ... success: reloaded. 
263016     INFO  main            d.u.i.k.p.r.p.TestFile    Now processing file /home/runner/work/key/key/key.core/../key.ui/examples/standard_key/inEqSimp/quadraticInEq13.key 
263016     INFO  main            d.u.i.k.p.i.AbstractProblemLoader Loading environment from /home/runner/work/key/key/key.core/../key.ui/examples/standard_key/inEqSimp/quadraticInEq13.key 
263016     DEBUG main            d.u.i.k.p.i.AbstractProblemLoader Environment load took 83.6ns 
263017     INFO  main            d.u.i.k.p.i.AbstractProblemLoader Creating init config 
265311     DEBUG main            d.u.i.k.p.i.AbstractProblemLoader Init config took 2.29s 
265343     INFO  main            d.u.i.k.p.i.AbstractProblemLoader Replaying proof quadraticInEq13.key 
265344     DEBUG main            d.u.i.k.p.i.IntermediateProofReplayer Proof replay took 3.1ns 
265549     INFO  main            d.u.i.k.p.r.p.TestFile    ... finished proof: closed. 
265877     INFO  main            d.u.i.k.p.i.AbstractProblemLoader Loading environment from /home/runner/work/key/key/key.core/../key.ui/examples/standard_key/inEqSimp/quadraticInEq13.key.proof 
265877     DEBUG main            d.u.i.k.p.i.AbstractProblemLoader Environment load took 85.4ns 
265878     INFO  main            d.u.i.k.p.i.AbstractProblemLoader Creating init config 
268138     DEBUG main            d.u.i.k.p.i.AbstractProblemLoader Init config took 2.26s 
268151     INFO  main            d.u.i.k.p.i.AbstractProblemLoader Replaying proof quadraticInEq13.key.proof 
268162     DEBUG main            d.u.i.k.p.i.IntermediateProofReplayer Proof replay took 8.56ms 
268163     DEBUG main            d.u.i.k.p.r.p.TestFile    ... success: reloaded. 
268164     INFO  main            d.u.i.k.p.r.p.TestFile    Now processing file /home/runner/work/key/key/key.core/../key.ui/examples/standard_key/inEqSimp/quadraticInEq14.key 
268164     INFO  main            d.u.i.k.p.i.AbstractProblemLoader Loading environment from /home/runner/work/key/key/key.core/../key.ui/examples/standard_key/inEqSimp/quadraticInEq14.key 
268164     DEBUG main            d.u.i.k.p.i.AbstractProblemLoader Environment load took 46.8ns 
268165     INFO  main            d.u.i.k.p.i.AbstractProblemLoader Creating init config 
270454     DEBUG main            d.u.i.k.p.i.AbstractProblemLoader Init config took 2.29s 
270489     INFO  main            d.u.i.k.p.i.AbstractProblemLoader Replaying proof quadraticInEq14.key 
270490     DEBUG main            d.u.i.k.p.i.IntermediateProofReplayer Proof replay took 3.4ns 
270794     INFO  main            d.u.i.k.p.r.p.TestFile    ... finished proof: closed. 
271139     INFO  main            d.u.i.k.p.i.AbstractProblemLoader Loading environment from /home/runner/work/key/key/key.core/../key.ui/examples/standard_key/inEqSimp/quadraticInEq14.key.proof 
271139     DEBUG main            d.u.i.k.p.i.AbstractProblemLoader Environment load took 121.9ns 
271140     INFO  main            d.u.i.k.p.i.AbstractProblemLoader Creating init config 
273389     DEBUG main            d.u.i.k.p.i.AbstractProblemLoader Init config took 2.25s 
273403     INFO  main            d.u.i.k.p.i.AbstractProblemLoader Replaying proof quadraticInEq14.key.proof 
273417     DEBUG main            d.u.i.k.p.i.IntermediateProofReplayer Proof replay took 10.99ms 
273418     DEBUG main            d.u.i.k.p.r.p.TestFile    ... success: reloaded. 
273419     INFO  main            d.u.i.k.p.r.p.TestFile    Now processing file /home/runner/work/key/key/key.core/../key.ui/examples/standard_key/inEqSimp/quadraticInEq2.key 
273420     INFO  main            d.u.i.k.p.i.AbstractProblemLoader Loading environment from /home/runner/work/key/key/key.core/../key.ui/examples/standard_key/inEqSimp/quadraticInEq2.key 
273420     DEBUG main            d.u.i.k.p.i.AbstractProblemLoader Environment load took 204ns 
273421     INFO  main            d.u.i.k.p.i.AbstractProblemLoader Creating init config 
275744     DEBUG main            d.u.i.k.p.i.AbstractProblemLoader Init config took 2.32s 
275757     INFO  main            d.u.i.k.p.i.AbstractProblemLoader Replaying proof quadraticInEq2.key 
275761     DEBUG main            d.u.i.k.p.i.IntermediateProofReplayer Proof replay took 3ns 
275862     INFO  main            d.u.i.k.p.r.p.TestFile    ... finished proof: closed. 
276209     INFO  main            d.u.i.k.p.i.AbstractProblemLoader Loading environment from /home/runner/work/key/key/key.core/../key.ui/examples/standard_key/inEqSimp/quadraticInEq2.key.proof 
276209     DEBUG main            d.u.i.k.p.i.AbstractProblemLoader Environment load took 87.7ns 
276210     INFO  main            d.u.i.k.p.i.AbstractProblemLoader Creating init config 
278467     DEBUG main            d.u.i.k.p.i.AbstractProblemLoader Init config took 2.26s 
278480     INFO  main            d.u.i.k.p.i.AbstractProblemLoader Replaying proof quadraticInEq2.key.proof 
278483     DEBUG main            d.u.i.k.p.i.IntermediateProofReplayer Proof replay took 1.72ms 
278484     DEBUG main            d.u.i.k.p.r.p.TestFile    ... success: reloaded. 
278485     INFO  main            d.u.i.k.p.r.p.TestFile    Now processing file /home/runner/work/key/key/key.core/../key.ui/examples/standard_key/inEqSimp/quadraticInEq3.key 
278485     INFO  main            d.u.i.k.p.i.AbstractProblemLoader Loading environment from /home/runner/work/key/key/key.core/../key.ui/examples/standard_key/inEqSimp/quadraticInEq3.key 
278485     DEBUG main            d.u.i.k.p.i.AbstractProblemLoader Environment load took 46.1ns 
278486     INFO  main            d.u.i.k.p.i.AbstractProblemLoader Creating init config 
280784     DEBUG main            d.u.i.k.p.i.AbstractProblemLoader Init config took 2.3s 
280796     INFO  main            d.u.i.k.p.i.AbstractProblemLoader Replaying proof quadraticInEq3.key 
280798     DEBUG main            d.u.i.k.p.i.IntermediateProofReplayer Proof replay took 2.8ns 
280900     INFO  main            d.u.i.k.p.r.p.TestFile    ... finished proof: closed. 
281228     INFO  main            d.u.i.k.p.i.AbstractProblemLoader Loading environment from /home/runner/work/key/key/key.core/../key.ui/examples/standard_key/inEqSimp/quadraticInEq3.key.proof 
281228     DEBUG main            d.u.i.k.p.i.AbstractProblemLoader Environment load took 96.6ns 
281229     INFO  main            d.u.i.k.p.i.AbstractProblemLoader Creating init config 
283479     DEBUG main            d.u.i.k.p.i.AbstractProblemLoader Init config took 2.25s 
283492     INFO  main            d.u.i.k.p.i.AbstractProblemLoader Replaying proof quadraticInEq3.key.proof 
283498     DEBUG main            d.u.i.k.p.i.IntermediateProofReplayer Proof replay took 4.34ms 
283499     DEBUG main            d.u.i.k.p.r.p.TestFile    ... success: reloaded. 
283500     INFO  main            d.u.i.k.p.r.p.TestFile    Now processing file /home/runner/work/key/key/key.core/../key.ui/examples/standard_key/inEqSimp/quadraticInEq4.key 
283500     INFO  main            d.u.i.k.p.i.AbstractProblemLoader Loading environment from /home/runner/work/key/key/key.core/../key.ui/examples/standard_key/inEqSimp/quadraticInEq4.key 
283500     DEBUG main            d.u.i.k.p.i.AbstractProblemLoader Environment load took 41.9ns 
283501     INFO  main            d.u.i.k.p.i.AbstractProblemLoader Creating init config 
285821     DEBUG main            d.u.i.k.p.i.AbstractProblemLoader Init config took 2.32s 
285834     INFO  main            d.u.i.k.p.i.AbstractProblemLoader Replaying proof quadraticInEq4.key 
285836     DEBUG main            d.u.i.k.p.i.IntermediateProofReplayer Proof replay took 3.2ns 
285938     INFO  main            d.u.i.k.p.r.p.TestFile    ... finished proof: closed. 
286278     INFO  main            d.u.i.k.p.i.AbstractProblemLoader Loading environment from /home/runner/work/key/key/key.core/../key.ui/examples/standard_key/inEqSimp/quadraticInEq4.key.proof 
286278     DEBUG main            d.u.i.k.p.i.AbstractProblemLoader Environment load took 104.1ns 
286279     INFO  main            d.u.i.k.p.i.AbstractProblemLoader Creating init config 
288532     DEBUG main            d.u.i.k.p.i.AbstractProblemLoader Init config took 2.25s 
288544     INFO  main            d.u.i.k.p.i.AbstractProblemLoader Replaying proof quadraticInEq4.key.proof 
288551     DEBUG main            d.u.i.k.p.i.IntermediateProofReplayer Proof replay took 2.58ms 
288552     DEBUG main            d.u.i.k.p.r.p.TestFile    ... success: reloaded. 
288553     INFO  main            d.u.i.k.p.r.p.TestFile    Now processing file /home/runner/work/key/key/key.core/../key.ui/examples/standard_key/inEqSimp/quadraticInEq5.key 
288553     INFO  main            d.u.i.k.p.i.AbstractProblemLoader Loading environment from /home/runner/work/key/key/key.core/../key.ui/examples/standard_key/inEqSimp/quadraticInEq5.key 
288553     DEBUG main            d.u.i.k.p.i.AbstractProblemLoader Environment load took 67.9ns 
288554     INFO  main            d.u.i.k.p.i.AbstractProblemLoader Creating init config 
290888     DEBUG main            d.u.i.k.p.i.AbstractProblemLoader Init config took 2.33s 
290901     INFO  main            d.u.i.k.p.i.AbstractProblemLoader Replaying proof quadraticInEq5.key 
290902     DEBUG main            d.u.i.k.p.i.IntermediateProofReplayer Proof replay took 2.6ns 
291008     INFO  main            d.u.i.k.p.r.p.TestFile    ... finished proof: closed. 
291358     INFO  main            d.u.i.k.p.i.AbstractProblemLoader Loading environment from /home/runner/work/key/key/key.core/../key.ui/examples/standard_key/inEqSimp/quadraticInEq5.key.proof 
291358     DEBUG main            d.u.i.k.p.i.AbstractProblemLoader Environment load took 85.3ns 
291359     INFO  main            d.u.i.k.p.i.AbstractProblemLoader Creating init config 
293597     DEBUG main            d.u.i.k.p.i.AbstractProblemLoader Init config took 2.24s 
293610     INFO  main            d.u.i.k.p.i.AbstractProblemLoader Replaying proof quadraticInEq5.key.proof 
293614     DEBUG main            d.u.i.k.p.i.IntermediateProofReplayer Proof replay took 2.58ms 
293615     DEBUG main            d.u.i.k.p.r.p.TestFile    ... success: reloaded. 
293615     INFO  main            d.u.i.k.p.r.p.TestFile    Now processing file /home/runner/work/key/key/key.core/../key.ui/examples/standard_key/inEqSimp/quadraticInEq6.key 
293615     INFO  main            d.u.i.k.p.i.AbstractProblemLoader Loading environment from /home/runner/work/key/key/key.core/../key.ui/examples/standard_key/inEqSimp/quadraticInEq6.key 
293616     DEBUG main            d.u.i.k.p.i.AbstractProblemLoader Environment load took 59ns 
293616     INFO  main            d.u.i.k.p.i.AbstractProblemLoader Creating init config 
295896     DEBUG main            d.u.i.k.p.i.AbstractProblemLoader Init config took 2.28s 
295909     INFO  main            d.u.i.k.p.i.AbstractProblemLoader Replaying proof quadraticInEq6.key 
295911     DEBUG main            d.u.i.k.p.i.IntermediateProofReplayer Proof replay took 2.6ns 
296013     INFO  main            d.u.i.k.p.r.p.TestFile    ... finished proof: closed. 
296364     INFO  main            d.u.i.k.p.i.AbstractProblemLoader Loading environment from /home/runner/work/key/key/key.core/../key.ui/examples/standard_key/inEqSimp/quadraticInEq6.key.proof 
296365     DEBUG main            d.u.i.k.p.i.AbstractProblemLoader Environment load took 85.1ns 
296366     INFO  main            d.u.i.k.p.i.AbstractProblemLoader Creating init config 
298607     DEBUG main            d.u.i.k.p.i.AbstractProblemLoader Init config took 2.24s 
298619     INFO  main            d.u.i.k.p.i.AbstractProblemLoader Replaying proof quadraticInEq6.key.proof 
298624     DEBUG main            d.u.i.k.p.i.IntermediateProofReplayer Proof replay took 3.17ms 
298625     DEBUG main            d.u.i.k.p.r.p.TestFile    ... success: reloaded. 
298626     INFO  main            d.u.i.k.p.r.p.TestFile    Now processing file /home/runner/work/key/key/key.core/../key.ui/examples/standard_key/inEqSimp/quadraticInEq7.key 
298626     INFO  main            d.u.i.k.p.i.AbstractProblemLoader Loading environment from /home/runner/work/key/key/key.core/../key.ui/examples/standard_key/inEqSimp/quadraticInEq7.key 
298626     DEBUG main            d.u.i.k.p.i.AbstractProblemLoader Environment load took 81.5ns 
298627     INFO  main            d.u.i.k.p.i.AbstractProblemLoader Creating init config 
300899     DEBUG main            d.u.i.k.p.i.AbstractProblemLoader Init config took 2.27s 
300912     INFO  main            d.u.i.k.p.i.AbstractProblemLoader Replaying proof quadraticInEq7.key 
300913     DEBUG main            d.u.i.k.p.i.IntermediateProofReplayer Proof replay took 2.7ns 
301015     INFO  main            d.u.i.k.p.r.p.TestFile    ... finished proof: closed. 
301375     INFO  main            d.u.i.k.p.i.AbstractProblemLoader Loading environment from /home/runner/work/key/key/key.core/../key.ui/examples/standard_key/inEqSimp/quadraticInEq7.key.proof 
301375     DEBUG main            d.u.i.k.p.i.AbstractProblemLoader Environment load took 85.6ns 
301376     INFO  main            d.u.i.k.p.i.AbstractProblemLoader Creating init config 
303619     DEBUG main            d.u.i.k.p.i.AbstractProblemLoader Init config took 2.24s 
303632     INFO  main            d.u.i.k.p.i.AbstractProblemLoader Replaying proof quadraticInEq7.key.proof 
303635     DEBUG main            d.u.i.k.p.i.IntermediateProofReplayer Proof replay took 1.36ms 
303635     DEBUG main            d.u.i.k.p.r.p.TestFile    ... success: reloaded. 
303636     INFO  main            d.u.i.k.p.r.p.TestFile    Now processing file /home/runner/work/key/key/key.core/../key.ui/examples/standard_key/inEqSimp/quadraticInEq8.key 
303636     INFO  main            d.u.i.k.p.i.AbstractProblemLoader Loading environment from /home/runner/work/key/key/key.core/../key.ui/examples/standard_key/inEqSimp/quadraticInEq8.key 
303637     DEBUG main            d.u.i.k.p.i.AbstractProblemLoader Environment load took 72.3ns 
303637     INFO  main            d.u.i.k.p.i.AbstractProblemLoader Creating init config 
305909     DEBUG main            d.u.i.k.p.i.AbstractProblemLoader Init config took 2.27s 
305922     INFO  main            d.u.i.k.p.i.AbstractProblemLoader Replaying proof quadraticInEq8.key 
305925     DEBUG main            d.u.i.k.p.i.IntermediateProofReplayer Proof replay took 3.1ns 
306030     INFO  main            d.u.i.k.p.r.p.TestFile    ... finished proof: closed. 
306389     INFO  main            d.u.i.k.p.i.AbstractProblemLoader Loading environment from /home/runner/work/key/key/key.core/../key.ui/examples/standard_key/inEqSimp/quadraticInEq8.key.proof 
306389     DEBUG main            d.u.i.k.p.i.AbstractProblemLoader Environment load took 87.9ns 
306390     INFO  main            d.u.i.k.p.i.AbstractProblemLoader Creating init config 
308645     DEBUG main            d.u.i.k.p.i.AbstractProblemLoader Init config took 2.26s 
308658     INFO  main            d.u.i.k.p.i.AbstractProblemLoader Replaying proof quadraticInEq8.key.proof 
308664     DEBUG main            d.u.i.k.p.i.IntermediateProofReplayer Proof replay took 4ms 
308665     DEBUG main            d.u.i.k.p.r.p.TestFile    ... success: reloaded. 
308665     INFO  main            d.u.i.k.p.r.p.TestFile    Now processing file /home/runner/work/key/key/key.core/../key.ui/examples/standard_key/inEqSimp/simplify0.key 
308665     INFO  main            d.u.i.k.p.i.AbstractProblemLoader Loading environment from /home/runner/work/key/key/key.core/../key.ui/examples/standard_key/inEqSimp/simplify0.key 
308665     DEBUG main            d.u.i.k.p.i.AbstractProblemLoader Environment load took 99.2ns 
308666     INFO  main            d.u.i.k.p.i.AbstractProblemLoader Creating init config 
310940     DEBUG main            d.u.i.k.p.i.AbstractProblemLoader Init config took 2.27s 
310955     INFO  main            d.u.i.k.p.i.AbstractProblemLoader Replaying proof simplify0.key 
310956     DEBUG main            d.u.i.k.p.i.IntermediateProofReplayer Proof replay took 2.9ns 
311058     INFO  main            d.u.i.k.p.r.p.TestFile    ... finished proof: closed. 
311449     INFO  main            d.u.i.k.p.i.AbstractProblemLoader Loading environment from /home/runner/work/key/key/key.core/../key.ui/examples/standard_key/inEqSimp/simplify0.key.proof 
311449     DEBUG main            d.u.i.k.p.i.AbstractProblemLoader Environment load took 82.9ns 
311450     INFO  main            d.u.i.k.p.i.AbstractProblemLoader Creating init config 
313682     DEBUG main            d.u.i.k.p.i.AbstractProblemLoader Init config took 2.23s 
313695     INFO  main            d.u.i.k.p.i.AbstractProblemLoader Replaying proof simplify0.key.proof 
313697     DEBUG main            d.u.i.k.p.i.IntermediateProofReplayer Proof replay took 745.01ns 
313698     DEBUG main            d.u.i.k.p.r.p.TestFile    ... success: reloaded. 
313698     INFO  main            d.u.i.k.p.r.p.TestFile    Now processing file /home/runner/work/key/key/key.core/../key.ui/examples/standard_key/inEqSimp/simplify1.key 
313698     INFO  main            d.u.i.k.p.i.AbstractProblemLoader Loading environment from /home/runner/work/key/key/key.core/../key.ui/examples/standard_key/inEqSimp/simplify1.key 
313698     DEBUG main            d.u.i.k.p.i.AbstractProblemLoader Environment load took 45ns 
313699     INFO  main            d.u.i.k.p.i.AbstractProblemLoader Creating init config 
315971     DEBUG main            d.u.i.k.p.i.AbstractProblemLoader Init config took 2.27s 
315984     INFO  main            d.u.i.k.p.i.AbstractProblemLoader Replaying proof simplify1.key 
315985     DEBUG main            d.u.i.k.p.i.IntermediateProofReplayer Proof replay took 3.5ns 
316087     INFO  main            d.u.i.k.p.r.p.TestFile    ... finished proof: closed. 
316462     INFO  main            d.u.i.k.p.i.AbstractProblemLoader Loading environment from /home/runner/work/key/key/key.core/../key.ui/examples/standard_key/inEqSimp/simplify1.key.proof 
316462     DEBUG main            d.u.i.k.p.i.AbstractProblemLoader Environment load took 80.9ns 
316463     INFO  main            d.u.i.k.p.i.AbstractProblemLoader Creating init config 
318708     DEBUG main            d.u.i.k.p.i.AbstractProblemLoader Init config took 2.25s 
318721     INFO  main            d.u.i.k.p.i.AbstractProblemLoader Replaying proof simplify1.key.proof 
318724     DEBUG main            d.u.i.k.p.i.IntermediateProofReplayer Proof replay took 839.41ns 
318724     DEBUG main            d.u.i.k.p.r.p.TestFile    ... success: reloaded. 
318725     INFO  main            d.u.i.k.p.r.p.TestFile    Now processing file /home/runner/work/key/key/key.core/../key.ui/examples/standard_key/inEqSimp/simplify2.key 
318725     INFO  main            d.u.i.k.p.i.AbstractProblemLoader Loading environment from /home/runner/work/key/key/key.core/../key.ui/examples/standard_key/inEqSimp/simplify2.key 
318725     DEBUG main            d.u.i.k.p.i.AbstractProblemLoader Environment load took 44.8ns 
318726     INFO  main            d.u.i.k.p.i.AbstractProblemLoader Creating init config 
321006     DEBUG main            d.u.i.k.p.i.AbstractProblemLoader Init config took 2.28s 
321019     INFO  main            d.u.i.k.p.i.AbstractProblemLoader Replaying proof simplify2.key 
321020     DEBUG main            d.u.i.k.p.i.IntermediateProofReplayer Proof replay took 3.3ns 
321122     INFO  main            d.u.i.k.p.r.p.TestFile    ... finished proof: closed. 
321498     INFO  main            d.u.i.k.p.i.AbstractProblemLoader Loading environment from /home/runner/work/key/key/key.core/../key.ui/examples/standard_key/inEqSimp/simplify2.key.proof 
321498     DEBUG main            d.u.i.k.p.i.AbstractProblemLoader Environment load took 88.8ns 
321499     INFO  main            d.u.i.k.p.i.AbstractProblemLoader Creating init config 
323733     DEBUG main            d.u.i.k.p.i.AbstractProblemLoader Init config took 2.23s 
323746     INFO  main            d.u.i.k.p.i.AbstractProblemLoader Replaying proof simplify2.key.proof 
323754     DEBUG main            d.u.i.k.p.i.IntermediateProofReplayer Proof replay took 6.03ms 
323755     DEBUG main            d.u.i.k.p.r.p.TestFile    ... success: reloaded. 
323755     INFO  main            d.u.i.k.p.r.p.TestFile    Now processing file /home/runner/work/key/key/key.core/../key.ui/examples/standard_key/inEqSimp/simplify3.key 
323755     INFO  main            d.u.i.k.p.i.AbstractProblemLoader Loading environment from /home/runner/work/key/key/key.core/../key.ui/examples/standard_key/inEqSimp/simplify3.key 
323755     DEBUG main            d.u.i.k.p.i.AbstractProblemLoader Environment load took 46.5ns 
323756     INFO  main            d.u.i.k.p.i.AbstractProblemLoader Creating init config 
326033     DEBUG main            d.u.i.k.p.i.AbstractProblemLoader Init config took 2.28s 
326045     INFO  main            d.u.i.k.p.i.AbstractProblemLoader Replaying proof simplify3.key 
326046     DEBUG main            d.u.i.k.p.i.IntermediateProofReplayer Proof replay took 2.8ns 
326148     INFO  main            d.u.i.k.p.r.p.TestFile    ... finished proof: closed. 
326523     INFO  main            d.u.i.k.p.i.AbstractProblemLoader Loading environment from /home/runner/work/key/key/key.core/../key.ui/examples/standard_key/inEqSimp/simplify3.key.proof 
326523     DEBUG main            d.u.i.k.p.i.AbstractProblemLoader Environment load took 86.5ns 
326524     INFO  main            d.u.i.k.p.i.AbstractProblemLoader Creating init config 
328758     DEBUG main            d.u.i.k.p.i.AbstractProblemLoader Init config took 2.23s 
328771     INFO  main            d.u.i.k.p.i.AbstractProblemLoader Replaying proof simplify3.key.proof 
328774     DEBUG main            d.u.i.k.p.i.IntermediateProofReplayer Proof replay took 1.32ms 
328774     DEBUG main            d.u.i.k.p.r.p.TestFile    ... success: reloaded. 
328775     INFO  main            d.u.i.k.p.r.p.TestFile    Now processing file /home/runner/work/key/key/key.core/../key.ui/examples/standard_key/inEqSimp/simplify4.key 
328775     INFO  main            d.u.i.k.p.i.AbstractProblemLoader Loading environment from /home/runner/work/key/key/key.core/../key.ui/examples/standard_key/inEqSimp/simplify4.key 
328775     DEBUG main            d.u.i.k.p.i.AbstractProblemLoader Environment load took 114.5ns 
328776     INFO  main            d.u.i.k.p.i.AbstractProblemLoader Creating init config 
331048     DEBUG main            d.u.i.k.p.i.AbstractProblemLoader Init config took 2.27s 
331061     INFO  main            d.u.i.k.p.i.AbstractProblemLoader Replaying proof simplify4.key 
331062     DEBUG main            d.u.i.k.p.i.IntermediateProofReplayer Proof replay took 2.6ns 
331164     INFO  main            d.u.i.k.p.r.p.TestFile    ... finished proof: closed. 
331554     INFO  main            d.u.i.k.p.i.AbstractProblemLoader Loading environment from /home/runner/work/key/key/key.core/../key.ui/examples/standard_key/inEqSimp/simplify4.key.proof 
331554     DEBUG main            d.u.i.k.p.i.AbstractProblemLoader Environment load took 82.5ns 
331556     INFO  main            d.u.i.k.p.i.AbstractProblemLoader Creating init config 
333794     DEBUG main            d.u.i.k.p.i.AbstractProblemLoader Init config took 2.24s 
333808     INFO  main            d.u.i.k.p.i.AbstractProblemLoader Replaying proof simplify4.key.proof 
333815     DEBUG main            d.u.i.k.p.i.IntermediateProofReplayer Proof replay took 4.87ms 
333816     DEBUG main            d.u.i.k.p.r.p.TestFile    ... success: reloaded. 
333817     INFO  main            d.u.i.k.p.r.p.TestFile    Now processing file /home/runner/work/key/key/key.core/../key.ui/examples/standard_key/inEqSimp/simplify5.key 
333817     INFO  main            d.u.i.k.p.i.AbstractProblemLoader Loading environment from /home/runner/work/key/key/key.core/../key.ui/examples/standard_key/inEqSimp/simplify5.key 
333817     DEBUG main            d.u.i.k.p.i.AbstractProblemLoader Environment load took 190.4ns 
333818     INFO  main            d.u.i.k.p.i.AbstractProblemLoader Creating init config 
336100     DEBUG main            d.u.i.k.p.i.AbstractProblemLoader Init config took 2.28s 
336113     INFO  main            d.u.i.k.p.i.AbstractProblemLoader Replaying proof simplify5.key 
336114     DEBUG main            d.u.i.k.p.i.IntermediateProofReplayer Proof replay took 2.6ns 
336618     INFO  main            d.u.i.k.p.r.p.TestFile    ... finished proof: closed. 
337021     INFO  main            d.u.i.k.p.i.AbstractProblemLoader Loading environment from /home/runner/work/key/key/key.core/../key.ui/examples/standard_key/inEqSimp/simplify5.key.proof 
337021     DEBUG main            d.u.i.k.p.i.AbstractProblemLoader Environment load took 190.2ns 
337023     INFO  main            d.u.i.k.p.i.AbstractProblemLoader Creating init config 
339254     DEBUG main            d.u.i.k.p.i.AbstractProblemLoader Init config took 2.23s 
339267     INFO  main            d.u.i.k.p.i.AbstractProblemLoader Replaying proof simplify5.key.proof 
339305     DEBUG main            d.u.i.k.p.i.IntermediateProofReplayer Proof replay took 32.57ms 
339306     DEBUG main            d.u.i.k.p.r.p.TestFile    ... success: reloaded. 
339307     INFO  main            d.u.i.k.p.r.p.TestFile    Now processing file /home/runner/work/key/key/key.core/../key.ui/examples/standard_key/inEqSimp/subsumptionExample.key 
339308     INFO  main            d.u.i.k.p.i.AbstractProblemLoader Loading environment from /home/runner/work/key/key/key.core/../key.ui/examples/standard_key/inEqSimp/subsumptionExample.key 
339308     DEBUG main            d.u.i.k.p.i.AbstractProblemLoader Environment load took 97ns 
339308     INFO  main            d.u.i.k.p.i.AbstractProblemLoader Creating init config 
341605     DEBUG main            d.u.i.k.p.i.AbstractProblemLoader Init config took 2.3s 
341636     INFO  main            d.u.i.k.p.i.AbstractProblemLoader Replaying proof subsumptionExample.key 
341637     DEBUG main            d.u.i.k.p.i.IntermediateProofReplayer Proof replay took 2.8ns 
341741     INFO  main            d.u.i.k.p.r.p.TestFile    ... finished proof: closed. 
342163     INFO  main            d.u.i.k.p.i.AbstractProblemLoader Loading environment from /home/runner/work/key/key/key.core/../key.ui/examples/standard_key/inEqSimp/subsumptionExample.key.proof 
342163     DEBUG main            d.u.i.k.p.i.AbstractProblemLoader Environment load took 92.9ns 
342164     INFO  main            d.u.i.k.p.i.AbstractProblemLoader Creating init config 
344399     DEBUG main            d.u.i.k.p.i.AbstractProblemLoader Init config took 2.24s 
344412     INFO  main            d.u.i.k.p.i.AbstractProblemLoader Replaying proof subsumptionExample.key.proof 
344414     DEBUG main            d.u.i.k.p.i.IntermediateProofReplayer Proof replay took 559.91ns 
344415     DEBUG main            d.u.i.k.p.r.p.TestFile    ... success: reloaded. 
344415     INFO  main            d.u.i.k.p.r.p.TestFile    Now processing file /home/runner/work/key/key/key.core/../key.ui/examples/standard_key/polySimp/simplify0.key 
344416     INFO  main            d.u.i.k.p.i.AbstractProblemLoader Loading environment from /home/runner/work/key/key/key.core/../key.ui/examples/standard_key/polySimp/simplify0.key 
344416     DEBUG main            d.u.i.k.p.i.AbstractProblemLoader Environment load took 116.2ns 
344417     INFO  main            d.u.i.k.p.i.AbstractProblemLoader Creating init config 
346702     DEBUG main            d.u.i.k.p.i.AbstractProblemLoader Init config took 2.28s 
346714     INFO  main            d.u.i.k.p.i.AbstractProblemLoader Replaying proof simplify0.key 
346715     DEBUG main            d.u.i.k.p.i.IntermediateProofReplayer Proof replay took 2.5ns 
346918     INFO  main            d.u.i.k.p.r.p.TestFile    ... finished proof: closed. 
347340     INFO  main            d.u.i.k.p.i.AbstractProblemLoader Loading environment from /home/runner/work/key/key/key.core/../key.ui/examples/standard_key/polySimp/simplify0.key.proof 
347340     DEBUG main            d.u.i.k.p.i.AbstractProblemLoader Environment load took 97.6ns 
347341     INFO  main            d.u.i.k.p.i.AbstractProblemLoader Creating init config 
349576     DEBUG main            d.u.i.k.p.i.AbstractProblemLoader Init config took 2.23s 
349599     INFO  main            d.u.i.k.p.i.AbstractProblemLoader Replaying proof simplify0.key.proof 
349605     DEBUG main            d.u.i.k.p.i.IntermediateProofReplayer Proof replay took 4.33ms 
349606     DEBUG main            d.u.i.k.p.r.p.TestFile    ... success: reloaded. 
349606     INFO  main            d.u.i.k.p.r.p.TestFile    Now processing file /home/runner/work/key/key/key.core/../key.ui/examples/standard_key/polySimp/simplify1.key 
349607     INFO  main            d.u.i.k.p.i.AbstractProblemLoader Loading environment from /home/runner/work/key/key/key.core/../key.ui/examples/standard_key/polySimp/simplify1.key 
349607     DEBUG main            d.u.i.k.p.i.AbstractProblemLoader Environment load took 91.4ns 
349608     INFO  main            d.u.i.k.p.i.AbstractProblemLoader Creating init config 
351890     DEBUG main            d.u.i.k.p.i.AbstractProblemLoader Init config took 2.28s 
351903     INFO  main            d.u.i.k.p.i.AbstractProblemLoader Replaying proof simplify1.key 
351904     DEBUG main            d.u.i.k.p.i.IntermediateProofReplayer Proof replay took 2.8ns 
352207     INFO  main            d.u.i.k.p.r.p.TestFile    ... finished proof: closed. 
352637     INFO  main            d.u.i.k.p.i.AbstractProblemLoader Loading environment from /home/runner/work/key/key/key.core/../key.ui/examples/standard_key/polySimp/simplify1.key.proof 
352637     DEBUG main            d.u.i.k.p.i.AbstractProblemLoader Environment load took 90.6ns 
352639     INFO  main            d.u.i.k.p.i.AbstractProblemLoader Creating init config 
354889     DEBUG main            d.u.i.k.p.i.AbstractProblemLoader Init config took 2.25s 
354902     INFO  main            d.u.i.k.p.i.AbstractProblemLoader Replaying proof simplify1.key.proof 
354910     DEBUG main            d.u.i.k.p.i.IntermediateProofReplayer Proof replay took 6.02ms 
354911     DEBUG main            d.u.i.k.p.r.p.TestFile    ... success: reloaded. 
354912     INFO  main            d.u.i.k.p.r.p.TestFile    Now processing file /home/runner/work/key/key/key.core/../key.ui/examples/standard_key/polySimp/simplify10.key 
354912     INFO  main            d.u.i.k.p.i.AbstractProblemLoader Loading environment from /home/runner/work/key/key/key.core/../key.ui/examples/standard_key/polySimp/simplify10.key 
354912     DEBUG main            d.u.i.k.p.i.AbstractProblemLoader Environment load took 65.9ns 
354914     INFO  main            d.u.i.k.p.i.AbstractProblemLoader Creating init config 
357196     DEBUG main            d.u.i.k.p.i.AbstractProblemLoader Init config took 2.28s 
357209     INFO  main            d.u.i.k.p.i.AbstractProblemLoader Replaying proof simplify10.key 
357210     DEBUG main            d.u.i.k.p.i.IntermediateProofReplayer Proof replay took 3.1ns 
357412     INFO  main            d.u.i.k.p.r.p.TestFile    ... finished proof: closed. 
357854     INFO  main            d.u.i.k.p.i.AbstractProblemLoader Loading environment from /home/runner/work/key/key/key.core/../key.ui/examples/standard_key/polySimp/simplify10.key.proof 
357854     DEBUG main            d.u.i.k.p.i.AbstractProblemLoader Environment load took 86.9ns 
357856     INFO  main            d.u.i.k.p.i.AbstractProblemLoader Creating init config 
360105     DEBUG main            d.u.i.k.p.i.AbstractProblemLoader Init config took 2.25s 
360119     INFO  main            d.u.i.k.p.i.AbstractProblemLoader Replaying proof simplify10.key.proof 
360130     DEBUG main            d.u.i.k.p.i.IntermediateProofReplayer Proof replay took 8.48ms 
360132     DEBUG main            d.u.i.k.p.r.p.TestFile    ... success: reloaded. 
360132     INFO  main            d.u.i.k.p.r.p.TestFile    Now processing file /home/runner/work/key/key/key.core/../key.ui/examples/standard_key/polySimp/simplify11.key 
360133     INFO  main            d.u.i.k.p.i.AbstractProblemLoader Loading environment from /home/runner/work/key/key/key.core/../key.ui/examples/standard_key/polySimp/simplify11.key 
360133     DEBUG main            d.u.i.k.p.i.AbstractProblemLoader Environment load took 68.4ns 
360134     INFO  main            d.u.i.k.p.i.AbstractProblemLoader Creating init config 
362411     DEBUG main            d.u.i.k.p.i.AbstractProblemLoader Init config took 2.28s 
362423     INFO  main            d.u.i.k.p.i.AbstractProblemLoader Replaying proof simplify11.key 
362424     DEBUG main            d.u.i.k.p.i.IntermediateProofReplayer Proof replay took 3.3ns 
362627     INFO  main            d.u.i.k.p.r.p.TestFile    ... finished proof: closed. 
363067     INFO  main            d.u.i.k.p.i.AbstractProblemLoader Loading environment from /home/runner/work/key/key/key.core/../key.ui/examples/standard_key/polySimp/simplify11.key.proof 
363068     DEBUG main            d.u.i.k.p.i.AbstractProblemLoader Environment load took 115.8ns 
363069     INFO  main            d.u.i.k.p.i.AbstractProblemLoader Creating init config 
365325     DEBUG main            d.u.i.k.p.i.AbstractProblemLoader Init config took 2.26s 
365340     INFO  main            d.u.i.k.p.i.AbstractProblemLoader Replaying proof simplify11.key.proof 
365350     DEBUG main            d.u.i.k.p.i.IntermediateProofReplayer Proof replay took 7.45ms 
365351     DEBUG main            d.u.i.k.p.r.p.TestFile    ... success: reloaded. 
365351     INFO  main            d.u.i.k.p.r.p.TestFile    Now processing file /home/runner/work/key/key/key.core/../key.ui/examples/standard_key/polySimp/simplify12.key 
365351     INFO  main            d.u.i.k.p.i.AbstractProblemLoader Loading environment from /home/runner/work/key/key/key.core/../key.ui/examples/standard_key/polySimp/simplify12.key 
365352     DEBUG main            d.u.i.k.p.i.AbstractProblemLoader Environment load took 64.2ns 
365352     INFO  main            d.u.i.k.p.i.AbstractProblemLoader Creating init config 
367633     DEBUG main            d.u.i.k.p.i.AbstractProblemLoader Init config took 2.28s 
367646     INFO  main            d.u.i.k.p.i.AbstractProblemLoader Replaying proof simplify12.key 
367647     DEBUG main            d.u.i.k.p.i.IntermediateProofReplayer Proof replay took 2.7ns 
367748     INFO  main            d.u.i.k.p.r.p.TestFile    ... finished proof: closed. 
368188     INFO  main            d.u.i.k.p.i.AbstractProblemLoader Loading environment from /home/runner/work/key/key/key.core/../key.ui/examples/standard_key/polySimp/simplify12.key.proof 
368188     DEBUG main            d.u.i.k.p.i.AbstractProblemLoader Environment load took 96.7ns 
368189     INFO  main            d.u.i.k.p.i.AbstractProblemLoader Creating init config 
370438     DEBUG main            d.u.i.k.p.i.AbstractProblemLoader Init config took 2.25s 
370451     INFO  main            d.u.i.k.p.i.AbstractProblemLoader Replaying proof simplify12.key.proof 
370456     DEBUG main            d.u.i.k.p.i.IntermediateProofReplayer Proof replay took 3.36ms 
370457     DEBUG main            d.u.i.k.p.r.p.TestFile    ... success: reloaded. 
370458     INFO  main            d.u.i.k.p.r.p.TestFile    Now processing file /home/runner/work/key/key/key.core/../key.ui/examples/standard_key/polySimp/simplify13.key 
370458     INFO  main            d.u.i.k.p.i.AbstractProblemLoader Loading environment from /home/runner/work/key/key/key.core/../key.ui/examples/standard_key/polySimp/simplify13.key 
370458     DEBUG main            d.u.i.k.p.i.AbstractProblemLoader Environment load took 47.1ns 
370459     INFO  main            d.u.i.k.p.i.AbstractProblemLoader Creating init config 
372730     DEBUG main            d.u.i.k.p.i.AbstractProblemLoader Init config took 2.27s 
372743     INFO  main            d.u.i.k.p.i.AbstractProblemLoader Replaying proof simplify13.key 
372744     DEBUG main            d.u.i.k.p.i.IntermediateProofReplayer Proof replay took 2.7ns 
372846     INFO  main            d.u.i.k.p.r.p.TestFile    ... finished proof: closed. 
373279     INFO  main            d.u.i.k.p.i.AbstractProblemLoader Loading environment from /home/runner/work/key/key/key.core/../key.ui/examples/standard_key/polySimp/simplify13.key.proof 
373279     DEBUG main            d.u.i.k.p.i.AbstractProblemLoader Environment load took 84.4ns 
373280     INFO  main            d.u.i.k.p.i.AbstractProblemLoader Creating init config 
375545     DEBUG main            d.u.i.k.p.i.AbstractProblemLoader Init config took 2.27s 
375558     INFO  main            d.u.i.k.p.i.AbstractProblemLoader Replaying proof simplify13.key.proof 
375561     DEBUG main            d.u.i.k.p.i.IntermediateProofReplayer Proof replay took 2.04ms 
375562     DEBUG main            d.u.i.k.p.r.p.TestFile    ... success: reloaded. 
375563     INFO  main            d.u.i.k.p.r.p.TestFile    Now processing file /home/runner/work/key/key/key.core/../key.ui/examples/standard_key/polySimp/simplify14.key 
375563     INFO  main            d.u.i.k.p.i.AbstractProblemLoader Loading environment from /home/runner/work/key/key/key.core/../key.ui/examples/standard_key/polySimp/simplify14.key 
375563     DEBUG main            d.u.i.k.p.i.AbstractProblemLoader Environment load took 47.1ns 
375564     INFO  main            d.u.i.k.p.i.AbstractProblemLoader Creating init config 
377840     DEBUG main            d.u.i.k.p.i.AbstractProblemLoader Init config took 2.28s 
377853     INFO  main            d.u.i.k.p.i.AbstractProblemLoader Replaying proof simplify14.key 
377854     DEBUG main            d.u.i.k.p.i.IntermediateProofReplayer Proof replay took 3.5ns 
377956     INFO  main            d.u.i.k.p.r.p.TestFile    ... finished proof: closed. 
378383     INFO  main            d.u.i.k.p.i.AbstractProblemLoader Loading environment from /home/runner/work/key/key/key.core/../key.ui/examples/standard_key/polySimp/simplify14.key.proof 
378383     DEBUG main            d.u.i.k.p.i.AbstractProblemLoader Environment load took 85ns 
378384     INFO  main            d.u.i.k.p.i.AbstractProblemLoader Creating init config 
380639     DEBUG main            d.u.i.k.p.i.AbstractProblemLoader Init config took 2.25s 
380652     INFO  main            d.u.i.k.p.i.AbstractProblemLoader Replaying proof simplify14.key.proof 
380653     DEBUG main            d.u.i.k.p.i.IntermediateProofReplayer Proof replay took 446.01ns 
380656     DEBUG main            d.u.i.k.p.r.p.TestFile    ... success: reloaded. 
380657     INFO  main            d.u.i.k.p.r.p.TestFile    Now processing file /home/runner/work/key/key/key.core/../key.ui/examples/standard_key/polySimp/simplify15.key 
380657     INFO  main            d.u.i.k.p.i.AbstractProblemLoader Loading environment from /home/runner/work/key/key/key.core/../key.ui/examples/standard_key/polySimp/simplify15.key 
380657     DEBUG main            d.u.i.k.p.i.AbstractProblemLoader Environment load took 46.5ns 
380658     INFO  main            d.u.i.k.p.i.AbstractProblemLoader Creating init config 
382937     DEBUG main            d.u.i.k.p.i.AbstractProblemLoader Init config took 2.28s 
382949     INFO  main            d.u.i.k.p.i.AbstractProblemLoader Replaying proof simplify15.key 
382950     DEBUG main            d.u.i.k.p.i.IntermediateProofReplayer Proof replay took 3.3ns 
383052     INFO  main            d.u.i.k.p.r.p.TestFile    ... finished proof: closed. 
383489     INFO  main            d.u.i.k.p.i.AbstractProblemLoader Loading environment from /home/runner/work/key/key/key.core/../key.ui/examples/standard_key/polySimp/simplify15.key.proof 
383489     DEBUG main            d.u.i.k.p.i.AbstractProblemLoader Environment load took 83.6ns 
383490     INFO  main            d.u.i.k.p.i.AbstractProblemLoader Creating init config 
385752     DEBUG main            d.u.i.k.p.i.AbstractProblemLoader Init config took 2.26s 
385764     INFO  main            d.u.i.k.p.i.AbstractProblemLoader Replaying proof simplify15.key.proof 
385766     DEBUG main            d.u.i.k.p.i.IntermediateProofReplayer Proof replay took 304.4ns 
385767     DEBUG main            d.u.i.k.p.r.p.TestFile    ... success: reloaded. 
385768     INFO  main            d.u.i.k.p.r.p.TestFile    Now processing file /home/runner/work/key/key/key.core/../key.ui/examples/standard_key/polySimp/simplify16.key 
385768     INFO  main            d.u.i.k.p.i.AbstractProblemLoader Loading environment from /home/runner/work/key/key/key.core/../key.ui/examples/standard_key/polySimp/simplify16.key 
385768     DEBUG main            d.u.i.k.p.i.AbstractProblemLoader Environment load took 38.1ns 
385769     INFO  main            d.u.i.k.p.i.AbstractProblemLoader Creating init config 
388051     DEBUG main            d.u.i.k.p.i.AbstractProblemLoader Init config took 2.28s 
388063     INFO  main            d.u.i.k.p.i.AbstractProblemLoader Replaying proof simplify16.key 
388064     DEBUG main            d.u.i.k.p.i.IntermediateProofReplayer Proof replay took 2.9ns 
388166     INFO  main            d.u.i.k.p.r.p.TestFile    ... finished proof: closed. 
388607     INFO  main            d.u.i.k.p.i.AbstractProblemLoader Loading environment from /home/runner/work/key/key/key.core/../key.ui/examples/standard_key/polySimp/simplify16.key.proof 
388607     DEBUG main            d.u.i.k.p.i.AbstractProblemLoader Environment load took 85.3ns 
388608     INFO  main            d.u.i.k.p.i.AbstractProblemLoader Creating init config 
390870     DEBUG main            d.u.i.k.p.i.AbstractProblemLoader Init config took 2.26s 
390883     INFO  main            d.u.i.k.p.i.AbstractProblemLoader Replaying proof simplify16.key.proof 
390884     DEBUG main            d.u.i.k.p.i.IntermediateProofReplayer Proof replay took 226ns 
390885     DEBUG main            d.u.i.k.p.r.p.TestFile    ... success: reloaded. 
390886     INFO  main            d.u.i.k.p.r.p.TestFile    Now processing file /home/runner/work/key/key/key.core/../key.ui/examples/standard_key/polySimp/simplify17.key 
390886     INFO  main            d.u.i.k.p.i.AbstractProblemLoader Loading environment from /home/runner/work/key/key/key.core/../key.ui/examples/standard_key/polySimp/simplify17.key 
390886     DEBUG main            d.u.i.k.p.i.AbstractProblemLoader Environment load took 57.1ns 
390887     INFO  main            d.u.i.k.p.i.AbstractProblemLoader Creating init config 
393158     DEBUG main            d.u.i.k.p.i.AbstractProblemLoader Init config took 2.27s 
393171     INFO  main            d.u.i.k.p.i.AbstractProblemLoader Replaying proof simplify17.key 
393172     DEBUG main            d.u.i.k.p.i.IntermediateProofReplayer Proof replay took 2.9ns 
393273     INFO  main            d.u.i.k.p.r.p.TestFile    ... finished proof: closed. 
393721     INFO  main            d.u.i.k.p.i.AbstractProblemLoader Loading environment from /home/runner/work/key/key/key.core/../key.ui/examples/standard_key/polySimp/simplify17.key.proof 
393721     DEBUG main            d.u.i.k.p.i.AbstractProblemLoader Environment load took 100.5ns 
393722     INFO  main            d.u.i.k.p.i.AbstractProblemLoader Creating init config 
396007     DEBUG main            d.u.i.k.p.i.AbstractProblemLoader Init config took 2.29s 
396019     INFO  main            d.u.i.k.p.i.AbstractProblemLoader Replaying proof simplify17.key.proof 
396024     DEBUG main            d.u.i.k.p.i.IntermediateProofReplayer Proof replay took 2.75ms 
396025     DEBUG main            d.u.i.k.p.r.p.TestFile    ... success: reloaded. 
396025     INFO  main            d.u.i.k.p.r.p.TestFile    Now processing file /home/runner/work/key/key/key.core/../key.ui/examples/standard_key/polySimp/simplify18.key 
396025     INFO  main            d.u.i.k.p.i.AbstractProblemLoader Loading environment from /home/runner/work/key/key/key.core/../key.ui/examples/standard_key/polySimp/simplify18.key 
396025     DEBUG main            d.u.i.k.p.i.AbstractProblemLoader Environment load took 44.5ns 
396026     INFO  main            d.u.i.k.p.i.AbstractProblemLoader Creating init config 
398313     DEBUG main            d.u.i.k.p.i.AbstractProblemLoader Init config took 2.29s 
398326     INFO  main            d.u.i.k.p.i.AbstractProblemLoader Replaying proof simplify18.key 
398327     DEBUG main            d.u.i.k.p.i.IntermediateProofReplayer Proof replay took 2.8ns 
398529     INFO  main            d.u.i.k.p.r.p.TestFile    ... finished proof: closed. 
398992     INFO  main            d.u.i.k.p.i.AbstractProblemLoader Loading environment from /home/runner/work/key/key/key.core/../key.ui/examples/standard_key/polySimp/simplify18.key.proof 
398992     DEBUG main            d.u.i.k.p.i.AbstractProblemLoader Environment load took 83ns 
398993     INFO  main            d.u.i.k.p.i.AbstractProblemLoader Creating init config 
401242     DEBUG main            d.u.i.k.p.i.AbstractProblemLoader Init config took 2.25s 
401255     INFO  main            d.u.i.k.p.i.AbstractProblemLoader Replaying proof simplify18.key.proof 
401263     DEBUG main            d.u.i.k.p.i.IntermediateProofReplayer Proof replay took 5.75ms 
401264     DEBUG main            d.u.i.k.p.r.p.TestFile    ... success: reloaded. 
401264     INFO  main            d.u.i.k.p.r.p.TestFile    Now processing file /home/runner/work/key/key/key.core/../key.ui/examples/standard_key/polySimp/simplify19.key 
401265     INFO  main            d.u.i.k.p.i.AbstractProblemLoader Loading environment from /home/runner/work/key/key/key.core/../key.ui/examples/standard_key/polySimp/simplify19.key 
401265     DEBUG main            d.u.i.k.p.i.AbstractProblemLoader Environment load took 68.2ns 
401266     INFO  main            d.u.i.k.p.i.AbstractProblemLoader Creating init config 
403560     DEBUG main            d.u.i.k.p.i.AbstractProblemLoader Init config took 2.29s 
403573     INFO  main            d.u.i.k.p.i.AbstractProblemLoader Replaying proof simplify19.key 
403574     DEBUG main            d.u.i.k.p.i.IntermediateProofReplayer Proof replay took 2.5ns 
406583     INFO  main            d.u.i.k.p.r.p.TestFile    ... finished proof: closed. 
407082     INFO  main            d.u.i.k.p.i.AbstractProblemLoader Loading environment from /home/runner/work/key/key/key.core/../key.ui/examples/standard_key/polySimp/simplify19.key.proof 
407082     DEBUG main            d.u.i.k.p.i.AbstractProblemLoader Environment load took 96.9ns 
407084     INFO  main            d.u.i.k.p.i.AbstractProblemLoader Creating init config 
409354     DEBUG main            d.u.i.k.p.i.AbstractProblemLoader Init config took 2.27s 
409367     INFO  main            d.u.i.k.p.i.AbstractProblemLoader Replaying proof simplify19.key.proof 
409463     DEBUG main            d.u.i.k.p.i.IntermediateProofReplayer Proof replay took 83.19ms 
409464     DEBUG main            d.u.i.k.p.r.p.TestFile    ... success: reloaded. 
409465     INFO  main            d.u.i.k.p.r.p.TestFile    Now processing file /home/runner/work/key/key/key.core/../key.ui/examples/standard_key/polySimp/simplify2.key 
409465     INFO  main            d.u.i.k.p.i.AbstractProblemLoader Loading environment from /home/runner/work/key/key/key.core/../key.ui/examples/standard_key/polySimp/simplify2.key 
409465     DEBUG main            d.u.i.k.p.i.AbstractProblemLoader Environment load took 64.8ns 
409466     INFO  main            d.u.i.k.p.i.AbstractProblemLoader Creating init config 
411764     DEBUG main            d.u.i.k.p.i.AbstractProblemLoader Init config took 2.3s 
411777     INFO  main            d.u.i.k.p.i.AbstractProblemLoader Replaying proof simplify2.key 
411778     DEBUG main            d.u.i.k.p.i.IntermediateProofReplayer Proof replay took 3.1ns 
411880     INFO  main            d.u.i.k.p.r.p.TestFile    ... finished proof: closed. 
412388     INFO  main            d.u.i.k.p.i.AbstractProblemLoader Loading environment from /home/runner/work/key/key/key.core/../key.ui/examples/standard_key/polySimp/simplify2.key.proof 
412388     DEBUG main            d.u.i.k.p.i.AbstractProblemLoader Environment load took 86.5ns 
412389     INFO  main            d.u.i.k.p.i.AbstractProblemLoader Creating init config 
414649     DEBUG main            d.u.i.k.p.i.AbstractProblemLoader Init config took 2.26s 
414662     INFO  main            d.u.i.k.p.i.AbstractProblemLoader Replaying proof simplify2.key.proof 
414663     DEBUG main            d.u.i.k.p.i.IntermediateProofReplayer Proof replay took 545.91ns 
414664     DEBUG main            d.u.i.k.p.r.p.TestFile    ... success: reloaded. 
414664     INFO  main            d.u.i.k.p.r.p.TestFile    Now processing file /home/runner/work/key/key/key.core/../key.ui/examples/standard_key/polySimp/simplify20.key 
414665     INFO  main            d.u.i.k.p.i.AbstractProblemLoader Loading environment from /home/runner/work/key/key/key.core/../key.ui/examples/standard_key/polySimp/simplify20.key 
414665     DEBUG main            d.u.i.k.p.i.AbstractProblemLoader Environment load took 45ns 
414666     INFO  main            d.u.i.k.p.i.AbstractProblemLoader Creating init config 
416929     DEBUG main            d.u.i.k.p.i.AbstractProblemLoader Init config took 2.26s 
416941     INFO  main            d.u.i.k.p.i.AbstractProblemLoader Replaying proof simplify20.key 
416942     DEBUG main            d.u.i.k.p.i.IntermediateProofReplayer Proof replay took 3.3ns 
417546     INFO  main            d.u.i.k.p.r.p.TestFile    ... finished proof: closed. 
418049     INFO  main            d.u.i.k.p.i.AbstractProblemLoader Loading environment from /home/runner/work/key/key/key.core/../key.ui/examples/standard_key/polySimp/simplify20.key.proof 
418049     DEBUG main            d.u.i.k.p.i.AbstractProblemLoader Environment load took 403.51ns 
418051     INFO  main            d.u.i.k.p.i.AbstractProblemLoader Creating init config 
420304     DEBUG main            d.u.i.k.p.i.AbstractProblemLoader Init config took 2.25s 
420317     INFO  main            d.u.i.k.p.i.AbstractProblemLoader Replaying proof simplify20.key.proof 
420346     DEBUG main            d.u.i.k.p.i.IntermediateProofReplayer Proof replay took 24.3ms 
420348     DEBUG main            d.u.i.k.p.r.p.TestFile    ... success: reloaded. 
420348     INFO  main            d.u.i.k.p.r.p.TestFile    Now processing file /home/runner/work/key/key/key.core/../key.ui/examples/standard_key/polySimp/simplify21.key 
420349     INFO  main            d.u.i.k.p.i.AbstractProblemLoader Loading environment from /home/runner/work/key/key/key.core/../key.ui/examples/standard_key/polySimp/simplify21.key 
420349     DEBUG main            d.u.i.k.p.i.AbstractProblemLoader Environment load took 78.8ns 
420351     INFO  main            d.u.i.k.p.i.AbstractProblemLoader Creating init config 
422647     DEBUG main            d.u.i.k.p.i.AbstractProblemLoader Init config took 2.3s 
422660     INFO  main            d.u.i.k.p.i.AbstractProblemLoader Replaying proof simplify21.key 
422661     DEBUG main            d.u.i.k.p.i.IntermediateProofReplayer Proof replay took 3.2ns 
423266     INFO  main            d.u.i.k.p.r.p.TestFile    ... finished proof: closed. 
423799     INFO  main            d.u.i.k.p.i.AbstractProblemLoader Loading environment from /home/runner/work/key/key/key.core/../key.ui/examples/standard_key/polySimp/simplify21.key.proof 
423799     DEBUG main            d.u.i.k.p.i.AbstractProblemLoader Environment load took 100.4ns 
423802     INFO  main            d.u.i.k.p.i.AbstractProblemLoader Creating init config 
426075     DEBUG main            d.u.i.k.p.i.AbstractProblemLoader Init config took 2.27s 
426090     INFO  main            d.u.i.k.p.i.AbstractProblemLoader Replaying proof simplify21.key.proof 
426111     DEBUG main            d.u.i.k.p.i.IntermediateProofReplayer Proof replay took 17.62ms 
426113     DEBUG main            d.u.i.k.p.r.p.TestFile    ... success: reloaded. 
426114     INFO  main            d.u.i.k.p.r.p.TestFile    Now processing file /home/runner/work/key/key/key.core/../key.ui/examples/standard_key/polySimp/simplify22.key 
426114     INFO  main            d.u.i.k.p.i.AbstractProblemLoader Loading environment from /home/runner/work/key/key/key.core/../key.ui/examples/standard_key/polySimp/simplify22.key 
426114     DEBUG main            d.u.i.k.p.i.AbstractProblemLoader Environment load took 45.2ns 
426115     INFO  main            d.u.i.k.p.i.AbstractProblemLoader Creating init config 
428407     DEBUG main            d.u.i.k.p.i.AbstractProblemLoader Init config took 2.29s 
428419     INFO  main            d.u.i.k.p.i.AbstractProblemLoader Replaying proof simplify22.key 
428420     DEBUG main            d.u.i.k.p.i.IntermediateProofReplayer Proof replay took 2.6ns 
428523     INFO  main            d.u.i.k.p.r.p.TestFile    ... finished proof: closed. 
429031     INFO  main            d.u.i.k.p.i.AbstractProblemLoader Loading environment from /home/runner/work/key/key/key.core/../key.ui/examples/standard_key/polySimp/simplify22.key.proof 
429031     DEBUG main            d.u.i.k.p.i.AbstractProblemLoader Environment load took 88.2ns 
429032     INFO  main            d.u.i.k.p.i.AbstractProblemLoader Creating init config 
431313     DEBUG main            d.u.i.k.p.i.AbstractProblemLoader Init config took 2.28s 
431326     INFO  main            d.u.i.k.p.i.AbstractProblemLoader Replaying proof simplify22.key.proof 
431329     DEBUG main            d.u.i.k.p.i.IntermediateProofReplayer Proof replay took 1.92ms 
431330     DEBUG main            d.u.i.k.p.r.p.TestFile    ... success: reloaded. 
431330     INFO  main            d.u.i.k.p.r.p.TestFile    Now processing file /home/runner/work/key/key/key.core/../key.ui/examples/standard_key/polySimp/simplify23.key 
431331     INFO  main            d.u.i.k.p.i.AbstractProblemLoader Loading environment from /home/runner/work/key/key/key.core/../key.ui/examples/standard_key/polySimp/simplify23.key 
431331     DEBUG main            d.u.i.k.p.i.AbstractProblemLoader Environment load took 81.2ns 
431331     INFO  main            d.u.i.k.p.i.AbstractProblemLoader Creating init config 
433606     DEBUG main            d.u.i.k.p.i.AbstractProblemLoader Init config took 2.27s 
433618     INFO  main            d.u.i.k.p.i.AbstractProblemLoader Replaying proof simplify23.key 
433619     DEBUG main            d.u.i.k.p.i.IntermediateProofReplayer Proof replay took 3.3ns 
433822     INFO  main            d.u.i.k.p.r.p.TestFile    ... finished proof: closed. 
434310     INFO  main            d.u.i.k.p.i.AbstractProblemLoader Loading environment from /home/runner/work/key/key/key.core/../key.ui/examples/standard_key/polySimp/simplify23.key.proof 
434310     DEBUG main            d.u.i.k.p.i.AbstractProblemLoader Environment load took 131.1ns 
434311     INFO  main            d.u.i.k.p.i.AbstractProblemLoader Creating init config 
436566     DEBUG main            d.u.i.k.p.i.AbstractProblemLoader Init config took 2.26s 
436579     INFO  main            d.u.i.k.p.i.AbstractProblemLoader Replaying proof simplify23.key.proof 
436586     DEBUG main            d.u.i.k.p.i.IntermediateProofReplayer Proof replay took 5.02ms 
436587     DEBUG main            d.u.i.k.p.r.p.TestFile    ... success: reloaded. 
436587     INFO  main            d.u.i.k.p.r.p.TestFile    Now processing file /home/runner/work/key/key/key.core/../key.ui/examples/standard_key/polySimp/simplify24.key 
436587     INFO  main            d.u.i.k.p.i.AbstractProblemLoader Loading environment from /home/runner/work/key/key/key.core/../key.ui/examples/standard_key/polySimp/simplify24.key 
436587     DEBUG main            d.u.i.k.p.i.AbstractProblemLoader Environment load took 44.2ns 
436588     INFO  main            d.u.i.k.p.i.AbstractProblemLoader Creating init config 
438867     DEBUG main            d.u.i.k.p.i.AbstractProblemLoader Init config took 2.28s 
438880     INFO  main            d.u.i.k.p.i.AbstractProblemLoader Replaying proof simplify24.key 
438881     DEBUG main            d.u.i.k.p.i.IntermediateProofReplayer Proof replay took 3.1ns 
438983     INFO  main            d.u.i.k.p.r.p.TestFile    ... finished proof: closed. 
439481     INFO  main            d.u.i.k.p.i.AbstractProblemLoader Loading environment from /home/runner/work/key/key/key.core/../key.ui/examples/standard_key/polySimp/simplify24.key.proof 
439481     DEBUG main            d.u.i.k.p.i.AbstractProblemLoader Environment load took 87.7ns 
439482     INFO  main            d.u.i.k.p.i.AbstractProblemLoader Creating init config 
441735     DEBUG main            d.u.i.k.p.i.AbstractProblemLoader Init config took 2.25s 
441749     INFO  main            d.u.i.k.p.i.AbstractProblemLoader Replaying proof simplify24.key.proof 
441751     DEBUG main            d.u.i.k.p.i.IntermediateProofReplayer Proof replay took 1.01ms 
441752     DEBUG main            d.u.i.k.p.r.p.TestFile    ... success: reloaded. 
441752     INFO  main            d.u.i.k.p.r.p.TestFile    Now processing file /home/runner/work/key/key/key.core/../key.ui/examples/standard_key/polySimp/simplify25.key 
441752     INFO  main            d.u.i.k.p.i.AbstractProblemLoader Loading environment from /home/runner/work/key/key/key.core/../key.ui/examples/standard_key/polySimp/simplify25.key 
441752     DEBUG main            d.u.i.k.p.i.AbstractProblemLoader Environment load took 61.1ns 
441753     INFO  main            d.u.i.k.p.i.AbstractProblemLoader Creating init config 
444021     DEBUG main            d.u.i.k.p.i.AbstractProblemLoader Init config took 2.27s 
444033     INFO  main            d.u.i.k.p.i.AbstractProblemLoader Replaying proof simplify25.key 
444034     DEBUG main            d.u.i.k.p.i.IntermediateProofReplayer Proof replay took 2.6ns 
444136     INFO  main            d.u.i.k.p.r.p.TestFile    ... finished proof: closed. 
444629     INFO  main            d.u.i.k.p.i.AbstractProblemLoader Loading environment from /home/runner/work/key/key/key.core/../key.ui/examples/standard_key/polySimp/simplify25.key.proof 
444629     DEBUG main            d.u.i.k.p.i.AbstractProblemLoader Environment load took 83.9ns 
444630     INFO  main            d.u.i.k.p.i.AbstractProblemLoader Creating init config 
446892     DEBUG main            d.u.i.k.p.i.AbstractProblemLoader Init config took 2.26s 
446905     INFO  main            d.u.i.k.p.i.AbstractProblemLoader Replaying proof simplify25.key.proof 
446907     DEBUG main            d.u.i.k.p.i.IntermediateProofReplayer Proof replay took 1.43ms 
446908     DEBUG main            d.u.i.k.p.r.p.TestFile    ... success: reloaded. 
446908     INFO  main            d.u.i.k.p.r.p.TestFile    Now processing file /home/runner/work/key/key/key.core/../key.ui/examples/standard_key/polySimp/simplify3.key 
446909     INFO  main            d.u.i.k.p.i.AbstractProblemLoader Loading environment from /home/runner/work/key/key/key.core/../key.ui/examples/standard_key/polySimp/simplify3.key 
446909     DEBUG main            d.u.i.k.p.i.AbstractProblemLoader Environment load took 42.5ns 
446909     INFO  main            d.u.i.k.p.i.AbstractProblemLoader Creating init config 
449176     DEBUG main            d.u.i.k.p.i.AbstractProblemLoader Init config took 2.27s 
449188     INFO  main            d.u.i.k.p.i.AbstractProblemLoader Replaying proof simplify3.key 
449189     DEBUG main            d.u.i.k.p.i.IntermediateProofReplayer Proof replay took 3.3ns 
449291     INFO  main            d.u.i.k.p.r.p.TestFile    ... finished proof: closed. 
449797     INFO  main            d.u.i.k.p.i.AbstractProblemLoader Loading environment from /home/runner/work/key/key/key.core/../key.ui/examples/standard_key/polySimp/simplify3.key.proof 
449797     DEBUG main            d.u.i.k.p.i.AbstractProblemLoader Environment load took 76.7ns 
449798     INFO  main            d.u.i.k.p.i.AbstractProblemLoader Creating init config 
452048     DEBUG main            d.u.i.k.p.i.AbstractProblemLoader Init config took 2.25s 
452061     INFO  main            d.u.i.k.p.i.AbstractProblemLoader Replaying proof simplify3.key.proof 
452062     DEBUG main            d.u.i.k.p.i.IntermediateProofReplayer Proof replay took 498.31ns 
452063     DEBUG main            d.u.i.k.p.r.p.TestFile    ... success: reloaded. 
452064     INFO  main            d.u.i.k.p.r.p.TestFile    Now processing file /home/runner/work/key/key/key.core/../key.ui/examples/standard_key/polySimp/simplify4.key 
452064     INFO  main            d.u.i.k.p.i.AbstractProblemLoader Loading environment from /home/runner/work/key/key/key.core/../key.ui/examples/standard_key/polySimp/simplify4.key 
452064     DEBUG main            d.u.i.k.p.i.AbstractProblemLoader Environment load took 41.7ns 
452064     INFO  main            d.u.i.k.p.i.AbstractProblemLoader Creating init config 
454349     DEBUG main            d.u.i.k.p.i.AbstractProblemLoader Init config took 2.28s 
454361     INFO  main            d.u.i.k.p.i.AbstractProblemLoader Replaying proof simplify4.key 
454362     DEBUG main            d.u.i.k.p.i.IntermediateProofReplayer Proof replay took 3.2ns 
454464     INFO  main            d.u.i.k.p.r.p.TestFile    ... finished proof: closed. 
454965     INFO  main            d.u.i.k.p.i.AbstractProblemLoader Loading environment from /home/runner/work/key/key/key.core/../key.ui/examples/standard_key/polySimp/simplify4.key.proof 
454966     DEBUG main            d.u.i.k.p.i.AbstractProblemLoader Environment load took 83.9ns 
454966     INFO  main            d.u.i.k.p.i.AbstractProblemLoader Creating init config 
457218     DEBUG main            d.u.i.k.p.i.AbstractProblemLoader Init config took 2.25s 
457231     INFO  main            d.u.i.k.p.i.AbstractProblemLoader Replaying proof simplify4.key.proof 
457233     DEBUG main            d.u.i.k.p.i.IntermediateProofReplayer Proof replay took 592.31ns 
457233     DEBUG main            d.u.i.k.p.r.p.TestFile    ... success: reloaded. 
457235     INFO  main            d.u.i.k.p.r.p.TestFile    Now processing file /home/runner/work/key/key/key.core/../key.ui/examples/standard_key/polySimp/simplify5.key 
457235     INFO  main            d.u.i.k.p.i.AbstractProblemLoader Loading environment from /home/runner/work/key/key/key.core/../key.ui/examples/standard_key/polySimp/simplify5.key 
457235     DEBUG main            d.u.i.k.p.i.AbstractProblemLoader Environment load took 86.6ns 
457236     INFO  main            d.u.i.k.p.i.AbstractProblemLoader Creating init config 
459511     DEBUG main            d.u.i.k.p.i.AbstractProblemLoader Init config took 2.28s 
459524     INFO  main            d.u.i.k.p.i.AbstractProblemLoader Replaying proof simplify5.key 
459525     DEBUG main            d.u.i.k.p.i.IntermediateProofReplayer Proof replay took 2.8ns 
459627     INFO  main            d.u.i.k.p.r.p.TestFile    ... finished proof: closed. 
460142     INFO  main            d.u.i.k.p.i.AbstractProblemLoader Loading environment from /home/runner/work/key/key/key.core/../key.ui/examples/standard_key/polySimp/simplify5.key.proof 
460142     DEBUG main            d.u.i.k.p.i.AbstractProblemLoader Environment load took 82.6ns 
460143     INFO  main            d.u.i.k.p.i.AbstractProblemLoader Creating init config 
462392     DEBUG main            d.u.i.k.p.i.AbstractProblemLoader Init config took 2.25s 
462405     INFO  main            d.u.i.k.p.i.AbstractProblemLoader Replaying proof simplify5.key.proof 
462409     DEBUG main            d.u.i.k.p.i.IntermediateProofReplayer Proof replay took 2.15ms 
462410     DEBUG main            d.u.i.k.p.r.p.TestFile    ... success: reloaded. 
462410     INFO  main            d.u.i.k.p.r.p.TestFile    Now processing file /home/runner/work/key/key/key.core/../key.ui/examples/standard_key/polySimp/simplify6.key 
462410     INFO  main            d.u.i.k.p.i.AbstractProblemLoader Loading environment from /home/runner/work/key/key/key.core/../key.ui/examples/standard_key/polySimp/simplify6.key 
462410     DEBUG main            d.u.i.k.p.i.AbstractProblemLoader Environment load took 37.5ns 
462411     INFO  main            d.u.i.k.p.i.AbstractProblemLoader Creating init config 
464692     DEBUG main            d.u.i.k.p.i.AbstractProblemLoader Init config took 2.28s 
464705     INFO  main            d.u.i.k.p.i.AbstractProblemLoader Replaying proof simplify6.key 
464706     DEBUG main            d.u.i.k.p.i.IntermediateProofReplayer Proof replay took 2.7ns 
464808     INFO  main            d.u.i.k.p.r.p.TestFile    ... finished proof: closed. 
465325     INFO  main            d.u.i.k.p.i.AbstractProblemLoader Loading environment from /home/runner/work/key/key/key.core/../key.ui/examples/standard_key/polySimp/simplify6.key.proof 
465325     DEBUG main            d.u.i.k.p.i.AbstractProblemLoader Environment load took 79.8ns 
465326     INFO  main            d.u.i.k.p.i.AbstractProblemLoader Creating init config 
467710     DEBUG main            d.u.i.k.p.i.AbstractProblemLoader Init config took 2.38s 
467725     INFO  main            d.u.i.k.p.i.AbstractProblemLoader Replaying proof simplify6.key.proof 
467735     DEBUG main            d.u.i.k.p.i.IntermediateProofReplayer Proof replay took 190.7ns 
467736     DEBUG main            d.u.i.k.p.r.p.TestFile    ... success: reloaded. 
467737     INFO  main            d.u.i.k.p.r.p.TestFile    Now processing file /home/runner/work/key/key/key.core/../key.ui/examples/standard_key/polySimp/simplify7.key 
467737     INFO  main            d.u.i.k.p.i.AbstractProblemLoader Loading environment from /home/runner/work/key/key/key.core/../key.ui/examples/standard_key/polySimp/simplify7.key 
467737     DEBUG main            d.u.i.k.p.i.AbstractProblemLoader Environment load took 78ns 
467738     INFO  main            d.u.i.k.p.i.AbstractProblemLoader Creating init config 
470241     DEBUG main            d.u.i.k.p.i.AbstractProblemLoader Init config took 2.5s 
470255     INFO  main            d.u.i.k.p.i.AbstractProblemLoader Replaying proof simplify7.key 
470256     DEBUG main            d.u.i.k.p.i.IntermediateProofReplayer Proof replay took 2.8ns 
470360     INFO  main            d.u.i.k.p.r.p.TestFile    ... finished proof: closed. 
470873     INFO  main            d.u.i.k.p.i.AbstractProblemLoader Loading environment from /home/runner/work/key/key/key.core/../key.ui/examples/standard_key/polySimp/simplify7.key.proof 
470873     DEBUG main            d.u.i.k.p.i.AbstractProblemLoader Environment load took 75.6ns 
470874     INFO  main            d.u.i.k.p.i.AbstractProblemLoader Creating init config 
473129     DEBUG main            d.u.i.k.p.i.AbstractProblemLoader Init config took 2.26s 
473142     INFO  main            d.u.i.k.p.i.AbstractProblemLoader Replaying proof simplify7.key.proof 
473144     DEBUG main            d.u.i.k.p.i.IntermediateProofReplayer Proof replay took 254.4ns 
473144     DEBUG main            d.u.i.k.p.r.p.TestFile    ... success: reloaded. 
473145     INFO  main            d.u.i.k.p.r.p.TestFile    Now processing file /home/runner/work/key/key/key.core/../key.ui/examples/standard_key/polySimp/simplify8.key 
473145     INFO  main            d.u.i.k.p.i.AbstractProblemLoader Loading environment from /home/runner/work/key/key/key.core/../key.ui/examples/standard_key/polySimp/simplify8.key 
473145     DEBUG main            d.u.i.k.p.i.AbstractProblemLoader Environment load took 58.4ns 
473148     INFO  main            d.u.i.k.p.i.AbstractProblemLoader Creating init config 
475433     DEBUG main            d.u.i.k.p.i.AbstractProblemLoader Init config took 2.28s 
475446     INFO  main            d.u.i.k.p.i.AbstractProblemLoader Replaying proof simplify8.key 
475447     DEBUG main            d.u.i.k.p.i.IntermediateProofReplayer Proof replay took 2.9ns 
479610     INFO  main            d.u.i.k.p.r.p.TestFile    ... finished proof: closed. 
480161     INFO  main            d.u.i.k.p.i.AbstractProblemLoader Loading environment from /home/runner/work/key/key/key.core/../key.ui/examples/standard_key/polySimp/simplify8.key.proof 
480161     DEBUG main            d.u.i.k.p.i.AbstractProblemLoader Environment load took 87.4ns 
480163     INFO  main            d.u.i.k.p.i.AbstractProblemLoader Creating init config 
482557     DEBUG main            d.u.i.k.p.i.AbstractProblemLoader Init config took 2.39s 
482572     INFO  main            d.u.i.k.p.i.AbstractProblemLoader Replaying proof simplify8.key.proof 
482619     DEBUG main            d.u.i.k.p.i.IntermediateProofReplayer Proof replay took 41.32ms 
482623     DEBUG main            d.u.i.k.p.r.p.TestFile    ... success: reloaded. 
482623     INFO  main            d.u.i.k.p.r.p.TestFile    Now processing file /home/runner/work/key/key/key.core/../key.ui/examples/standard_key/polySimp/simplify9.key 
482624     INFO  main            d.u.i.k.p.i.AbstractProblemLoader Loading environment from /home/runner/work/key/key/key.core/../key.ui/examples/standard_key/polySimp/simplify9.key 
482624     DEBUG main            d.u.i.k.p.i.AbstractProblemLoader Environment load took 74.1ns 
482625     INFO  main            d.u.i.k.p.i.AbstractProblemLoader Creating init config 
484974     DEBUG main            d.u.i.k.p.i.AbstractProblemLoader Init config took 2.35s 
484987     INFO  main            d.u.i.k.p.i.AbstractProblemLoader Replaying proof simplify9.key 
484988     DEBUG main            d.u.i.k.p.i.IntermediateProofReplayer Proof replay took 3.1ns 
485192     INFO  main            d.u.i.k.p.r.p.TestFile    ... finished proof: closed. 
485786     INFO  main            d.u.i.k.p.i.AbstractProblemLoader Loading environment from /home/runner/work/key/key/key.core/../key.ui/examples/standard_key/polySimp/simplify9.key.proof 
485786     DEBUG main            d.u.i.k.p.i.AbstractProblemLoader Environment load took 78.1ns 
485788     INFO  main            d.u.i.k.p.i.AbstractProblemLoader Creating init config 
488032     DEBUG main            d.u.i.k.p.i.AbstractProblemLoader Init config took 2.24s 
488045     INFO  main            d.u.i.k.p.i.AbstractProblemLoader Replaying proof simplify9.key.proof 
488049     DEBUG main            d.u.i.k.p.i.IntermediateProofReplayer Proof replay took 2.98ms 
488050     DEBUG main            d.u.i.k.p.r.p.TestFile    ... success: reloaded. 
2869366    INFO  Test worker     d.u.i.k.p.r.RunAllProofsTestUnit Returning from test arithmetic 
2869367    INFO  Test worker     d.u.i.k.p.r.RunAllProofsTestUnit Running test arrays 
368        INFO  Timeout watchdog d.u.i.k.p.r.p.ForkedTestFileRunner Timeout watcher launched (2000 secs.) 
374        WARN  main            d.u.i.k.s.ProofSettings   The settings in /home/runner/.key/proof-settings.props are *not* read. 
421        INFO  main            d.u.i.k.p.r.p.TestFile    Now processing file /home/runner/work/key/key/key.core/../key.ui/examples/standard_key/arrays/arrayStoreException/array2DimPrim.key 
530        INFO  main            d.u.i.k.p.i.AbstractProblemLoader Loading environment from /home/runner/work/key/key/key.core/../key.ui/examples/standard_key/arrays/arrayStoreException/array2DimPrim.key 
547        DEBUG main            d.u.i.k.p.i.AbstractProblemLoader Environment load took 1.96ms 
829        INFO  main            d.u.i.k.p.i.AbstractProblemLoader Creating init config 
1819       DEBUG main            d.u.i.k.j.TypeConverter   No LDT found for Meta 
1820       DEBUG main            d.u.i.k.j.TypeConverter   No LDT found for Meta 
1823       DEBUG main            d.u.i.k.j.TypeConverter   No LDT found for Meta 
1823       DEBUG main            d.u.i.k.j.TypeConverter   No LDT found for Meta 
3310       DEBUG main            d.u.i.k.j.TypeConverter   No LDT found for JavaBigintExpression 
8155       DEBUG main            d.u.i.k.p.i.AbstractProblemLoader Init config took 7.33s 
8217       INFO  main            d.u.i.k.p.i.AbstractProblemLoader Replaying proof array2DimPrim.key 
8252       DEBUG main            d.u.i.k.p.i.IntermediateProofReplayer Proof replay took 37.4ns 
12256      INFO  main            d.u.i.k.p.r.p.TestFile    ... finished proof: closed. 
12438      INFO  main            d.u.i.k.p.i.AbstractProblemLoader Loading environment from /home/runner/work/key/key/key.core/../key.ui/examples/standard_key/arrays/arrayStoreException/array2DimPrim.key.proof 
12446      DEBUG main            d.u.i.k.p.i.AbstractProblemLoader Environment load took 7.51ms 
12453      INFO  main            d.u.i.k.p.i.AbstractProblemLoader Creating init config 
15206      DEBUG main            d.u.i.k.p.i.AbstractProblemLoader Init config took 2.75s 
15260      INFO  main            d.u.i.k.p.i.AbstractProblemLoader Replaying proof array2DimPrim.key.proof 
15692      DEBUG main            d.u.i.k.p.i.IntermediateProofReplayer Proof replay took 401.37ms 
15710      DEBUG main            d.u.i.k.p.r.p.TestFile    ... success: reloaded. 
15712      INFO  main            d.u.i.k.p.r.p.TestFile    Now processing file /home/runner/work/key/key/key.core/../key.ui/examples/standard_key/arrays/arrayStoreException/arrayStoreKnownDynType.key 
15713      INFO  main            d.u.i.k.p.i.AbstractProblemLoader Loading environment from /home/runner/work/key/key/key.core/../key.ui/examples/standard_key/arrays/arrayStoreException/arrayStoreKnownDynType.key 
15713      DEBUG main            d.u.i.k.p.i.AbstractProblemLoader Environment load took 233.5ns 
15717      INFO  main            d.u.i.k.p.i.AbstractProblemLoader Creating init config 
18299      DEBUG main            d.u.i.k.p.i.AbstractProblemLoader Init config took 2.58s 
18328      INFO  main            d.u.i.k.p.i.AbstractProblemLoader Replaying proof arrayStoreKnownDynType.key 
18331      DEBUG main            d.u.i.k.p.i.IntermediateProofReplayer Proof replay took 7ns 
18534      INFO  main            d.u.i.k.p.r.p.TestFile    ... finished proof: closed. 
18770      INFO  main            d.u.i.k.p.i.AbstractProblemLoader Loading environment from /home/runner/work/key/key/key.core/../key.ui/examples/standard_key/arrays/arrayStoreException/arrayStoreKnownDynType.key.proof 
18770      DEBUG main            d.u.i.k.p.i.AbstractProblemLoader Environment load took 136.7ns 
18773      INFO  main            d.u.i.k.p.i.AbstractProblemLoader Creating init config 
21343      DEBUG main            d.u.i.k.p.i.AbstractProblemLoader Init config took 2.57s 
21373      INFO  main            d.u.i.k.p.i.AbstractProblemLoader Replaying proof arrayStoreKnownDynType.key.proof 
21418      DEBUG main            d.u.i.k.p.i.IntermediateProofReplayer Proof replay took 38.54ms 
21420      DEBUG main            d.u.i.k.p.r.p.TestFile    ... success: reloaded. 
21422      INFO  main            d.u.i.k.p.r.p.TestFile    Now processing file /home/runner/work/key/key/key.core/../key.ui/examples/standard_key/arrays/arrayStoreException/reverseArray.key 
21423      INFO  main            d.u.i.k.p.i.AbstractProblemLoader Loading environment from /home/runner/work/key/key/key.core/../key.ui/examples/standard_key/arrays/arrayStoreException/reverseArray.key 
21423      DEBUG main            d.u.i.k.p.i.AbstractProblemLoader Environment load took 233.9ns 
21425      INFO  main            d.u.i.k.p.i.AbstractProblemLoader Creating init config 
24025      DEBUG main            d.u.i.k.p.i.AbstractProblemLoader Init config took 2.6s 
24048      INFO  main            d.u.i.k.p.i.AbstractProblemLoader Replaying proof reverseArray.key 
24051      DEBUG main            d.u.i.k.p.i.IntermediateProofReplayer Proof replay took 7.4ns 
24660      INFO  main            d.u.i.k.p.r.p.TestFile    ... finished proof: closed. 
24902      INFO  main            d.u.i.k.p.i.AbstractProblemLoader Loading environment from /home/runner/work/key/key/key.core/../key.ui/examples/standard_key/arrays/arrayStoreException/reverseArray.key.proof 
24902      DEBUG main            d.u.i.k.p.i.AbstractProblemLoader Environment load took 439.31ns 
24904      INFO  main            d.u.i.k.p.i.AbstractProblemLoader Creating init config 
27416      DEBUG main            d.u.i.k.p.i.AbstractProblemLoader Init config took 2.51s 
27456      INFO  main            d.u.i.k.p.i.AbstractProblemLoader Replaying proof reverseArray.key.proof 
27581      DEBUG main            d.u.i.k.p.i.IntermediateProofReplayer Proof replay took 117.36ms 
27584      DEBUG main            d.u.i.k.p.r.p.TestFile    ... success: reloaded. 
27586      INFO  main            d.u.i.k.p.r.p.TestFile    Now processing file /home/runner/work/key/key/key.core/../key.ui/examples/standard_key/arrays/arrayStoreException/throwArrayStoreException.key 
27586      INFO  main            d.u.i.k.p.i.AbstractProblemLoader Loading environment from /home/runner/work/key/key/key.core/../key.ui/examples/standard_key/arrays/arrayStoreException/throwArrayStoreException.key 
27586      DEBUG main            d.u.i.k.p.i.AbstractProblemLoader Environment load took 121.5ns 
27587      INFO  main            d.u.i.k.p.i.AbstractProblemLoader Creating init config 
30111      DEBUG main            d.u.i.k.p.i.AbstractProblemLoader Init config took 2.52s 
30133      INFO  main            d.u.i.k.p.i.AbstractProblemLoader Replaying proof throwArrayStoreException.key 
30135      DEBUG main            d.u.i.k.p.i.IntermediateProofReplayer Proof replay took 6.2ns 
30538      INFO  main            d.u.i.k.p.r.p.TestFile    ... finished proof: closed. 
30726      INFO  main            d.u.i.k.p.i.AbstractProblemLoader Loading environment from /home/runner/work/key/key/key.core/../key.ui/examples/standard_key/arrays/arrayStoreException/throwArrayStoreException.key.proof 
30726      DEBUG main            d.u.i.k.p.i.AbstractProblemLoader Environment load took 446.5ns 
30728      INFO  main            d.u.i.k.p.i.AbstractProblemLoader Creating init config 
33186      DEBUG main            d.u.i.k.p.i.AbstractProblemLoader Init config took 2.46s 
33206      INFO  main            d.u.i.k.p.i.AbstractProblemLoader Replaying proof throwArrayStoreException.key.proof 
33277      DEBUG main            d.u.i.k.p.i.IntermediateProofReplayer Proof replay took 66.65ms 
33279      DEBUG main            d.u.i.k.p.r.p.TestFile    ... success: reloaded. 
33280      INFO  main            d.u.i.k.p.r.p.TestFile    Now processing file /home/runner/work/key/key/key.core/../key.ui/examples/standard_key/arrays/creation/arrayCreation1.key 
33280      INFO  main            d.u.i.k.p.i.AbstractProblemLoader Loading environment from /home/runner/work/key/key/key.core/../key.ui/examples/standard_key/arrays/creation/arrayCreation1.key 
33280      DEBUG main            d.u.i.k.p.i.AbstractProblemLoader Environment load took 208.5ns 
33281      INFO  main            d.u.i.k.p.i.AbstractProblemLoader Creating init config 
35738      DEBUG main            d.u.i.k.p.i.AbstractProblemLoader Init config took 2.46s 
35757      INFO  main            d.u.i.k.p.i.AbstractProblemLoader Replaying proof arrayCreation1.key 
35759      DEBUG main            d.u.i.k.p.i.IntermediateProofReplayer Proof replay took 6.9ns 
35962      INFO  main            d.u.i.k.p.r.p.TestFile    ... finished proof: closed. 
36131      INFO  main            d.u.i.k.p.i.AbstractProblemLoader Loading environment from /home/runner/work/key/key/key.core/../key.ui/examples/standard_key/arrays/creation/arrayCreation1.key.proof 
36131      DEBUG main            d.u.i.k.p.i.AbstractProblemLoader Environment load took 121.7ns 
36138      INFO  main            d.u.i.k.p.i.AbstractProblemLoader Creating init config 
38547      DEBUG main            d.u.i.k.p.i.AbstractProblemLoader Init config took 2.41s 
38568      INFO  main            d.u.i.k.p.i.AbstractProblemLoader Replaying proof arrayCreation1.key.proof 
38590      DEBUG main            d.u.i.k.p.i.IntermediateProofReplayer Proof replay took 19.33ms 
38591      DEBUG main            d.u.i.k.p.r.p.TestFile    ... success: reloaded. 
38592      INFO  main            d.u.i.k.p.r.p.TestFile    Now processing file /home/runner/work/key/key/key.core/../key.ui/examples/standard_key/arrays/arrayStoreException/array2Dim.key 
38593      INFO  main            d.u.i.k.p.i.AbstractProblemLoader Loading environment from /home/runner/work/key/key/key.core/../key.ui/examples/standard_key/arrays/arrayStoreException/array2Dim.key 
38599      DEBUG main            d.u.i.k.p.i.AbstractProblemLoader Environment load took 6.11ms 
38600      INFO  main            d.u.i.k.p.i.AbstractProblemLoader Creating init config 
41110      DEBUG main            d.u.i.k.p.i.AbstractProblemLoader Init config took 2.51s 
41128      INFO  main            d.u.i.k.p.i.AbstractProblemLoader Replaying proof array2Dim.key 
41142      DEBUG main            d.u.i.k.p.i.IntermediateProofReplayer Proof replay took 7.1ns 
44576      INFO  main            d.u.i.k.p.r.p.TestFile    ... finished proof: open goal(s) 
44839      INFO  main            d.u.i.k.p.r.p.TestFile    Now processing file /home/runner/work/key/key/key.core/../key.ui/examples/standard_key/arrays/arrayStoreException/array2DimClose.key 
44841      INFO  main            d.u.i.k.p.i.AbstractProblemLoader Loading environment from /home/runner/work/key/key/key.core/../key.ui/examples/standard_key/arrays/arrayStoreException/array2DimClose.key 
44841      DEBUG main            d.u.i.k.p.i.AbstractProblemLoader Environment load took 110.9ns 
44842      INFO  main            d.u.i.k.p.i.AbstractProblemLoader Creating init config 
47231      DEBUG main            d.u.i.k.p.i.AbstractProblemLoader Init config took 2.39s 
47248      INFO  main            d.u.i.k.p.i.AbstractProblemLoader Replaying proof array2DimClose.key 
47250      DEBUG main            d.u.i.k.p.i.IntermediateProofReplayer Proof replay took 10.2ns 
49483      INFO  main            d.u.i.k.p.r.p.TestFile    ... finished proof: open goal(s) 
49828      INFO  main            d.u.i.k.p.r.p.TestFile    Now processing file /home/runner/work/key/key/key.core/../key.ui/examples/standard_key/arrays/arrayStoreException/throwASEForPrim.key 
49832      INFO  main            d.u.i.k.p.i.AbstractProblemLoader Loading environment from /home/runner/work/key/key/key.core/../key.ui/examples/standard_key/arrays/arrayStoreException/throwASEForPrim.key 
49832      DEBUG main            d.u.i.k.p.i.AbstractProblemLoader Environment load took 109.6ns 
49834      INFO  main            d.u.i.k.p.i.AbstractProblemLoader Creating init config 
52214      DEBUG main            d.u.i.k.p.i.AbstractProblemLoader Init config took 2.38s 
52230      INFO  main            d.u.i.k.p.i.AbstractProblemLoader Replaying proof throwASEForPrim.key 
52232      DEBUG main            d.u.i.k.p.i.IntermediateProofReplayer Proof replay took 6.8ns 
56709      INFO  main            d.u.i.k.p.r.p.TestFile    ... finished proof: open goal(s) 
2926436    INFO  Test worker     d.u.i.k.p.r.RunAllProofsTestUnit Returning from test arrays 
2926437    INFO  Test worker     d.u.i.k.p.r.RunAllProofsTestUnit Running test javadl 
380        INFO  Timeout watchdog d.u.i.k.p.r.p.ForkedTestFileRunner Timeout watcher launched (2000 secs.) 
392        WARN  main            d.u.i.k.s.ProofSettings   The settings in /home/runner/.key/proof-settings.props are *not* read. 
444        INFO  main            d.u.i.k.p.r.p.TestFile    Now processing file /home/runner/work/key/key/key.core/../key.ui/examples/standard_key/instanceCreation/instanceCreation1.key 
557        INFO  main            d.u.i.k.p.i.AbstractProblemLoader Loading environment from /home/runner/work/key/key/key.core/../key.ui/examples/standard_key/instanceCreation/instanceCreation1.key 
574        DEBUG main            d.u.i.k.p.i.AbstractProblemLoader Environment load took 2.03ms 
826        INFO  main            d.u.i.k.p.i.AbstractProblemLoader Creating init config 
1721       DEBUG main            d.u.i.k.j.TypeConverter   No LDT found for Meta 
1722       DEBUG main            d.u.i.k.j.TypeConverter   No LDT found for Meta 
1725       DEBUG main            d.u.i.k.j.TypeConverter   No LDT found for Meta 
1726       DEBUG main            d.u.i.k.j.TypeConverter   No LDT found for Meta 
3174       DEBUG main            d.u.i.k.j.TypeConverter   No LDT found for JavaBigintExpression 
8302       DEBUG main            d.u.i.k.p.i.AbstractProblemLoader Init config took 7.48s 
8383       INFO  main            d.u.i.k.p.i.AbstractProblemLoader Replaying proof instanceCreation1.key 
8422       DEBUG main            d.u.i.k.p.i.IntermediateProofReplayer Proof replay took 37.9ns 
9460       INFO  main            d.u.i.k.p.r.p.TestFile    ... finished proof: closed. 
9623       INFO  main            d.u.i.k.p.i.AbstractProblemLoader Loading environment from /home/runner/work/key/key/key.core/../key.ui/examples/standard_key/instanceCreation/instanceCreation1.key.proof 
9625       DEBUG main            d.u.i.k.p.i.AbstractProblemLoader Environment load took 1.63ms 
9631       INFO  main            d.u.i.k.p.i.AbstractProblemLoader Creating init config 
12579      DEBUG main            d.u.i.k.p.i.AbstractProblemLoader Init config took 2.95s 
12614      INFO  main            d.u.i.k.p.i.AbstractProblemLoader Replaying proof instanceCreation1.key.proof 
12732      DEBUG main            d.u.i.k.p.i.IntermediateProofReplayer Proof replay took 98.68ms 
12743      DEBUG main            d.u.i.k.p.r.p.TestFile    ... success: reloaded. 
12749      INFO  main            d.u.i.k.p.r.p.TestFile    Now processing file /home/runner/work/key/key/key.core/../key.ui/examples/standard_key/instanceCreation/instanceCreation2.key 
12749      INFO  main            d.u.i.k.p.i.AbstractProblemLoader Loading environment from /home/runner/work/key/key/key.core/../key.ui/examples/standard_key/instanceCreation/instanceCreation2.key 
12759      DEBUG main            d.u.i.k.p.i.AbstractProblemLoader Environment load took 9.63ms 
12761      INFO  main            d.u.i.k.p.i.AbstractProblemLoader Creating init config 
15578      DEBUG main            d.u.i.k.p.i.AbstractProblemLoader Init config took 2.82s 
15607      INFO  main            d.u.i.k.p.i.AbstractProblemLoader Replaying proof instanceCreation2.key 
15621      DEBUG main            d.u.i.k.p.i.IntermediateProofReplayer Proof replay took 7.1ns 
16235      INFO  main            d.u.i.k.p.r.p.TestFile    ... finished proof: closed. 
16400      INFO  main            d.u.i.k.p.i.AbstractProblemLoader Loading environment from /home/runner/work/key/key/key.core/../key.ui/examples/standard_key/instanceCreation/instanceCreation2.key.proof 
16401      DEBUG main            d.u.i.k.p.i.AbstractProblemLoader Environment load took 665.91ns 
16403      INFO  main            d.u.i.k.p.i.AbstractProblemLoader Creating init config 
19119      DEBUG main            d.u.i.k.p.i.AbstractProblemLoader Init config took 2.72s 
19151      INFO  main            d.u.i.k.p.i.AbstractProblemLoader Replaying proof instanceCreation2.key.proof 
19254      DEBUG main            d.u.i.k.p.i.IntermediateProofReplayer Proof replay took 93.14ms 
19256      DEBUG main            d.u.i.k.p.r.p.TestFile    ... success: reloaded. 
19257      INFO  main            d.u.i.k.p.r.p.TestFile    Now processing file /home/runner/work/key/key/key.core/../key.ui/examples/standard_key/instanceCreation/interfacesAndAbstractClassesHaveNoInstances.key 
19257      INFO  main            d.u.i.k.p.i.AbstractProblemLoader Loading environment from /home/runner/work/key/key/key.core/../key.ui/examples/standard_key/instanceCreation/interfacesAndAbstractClassesHaveNoInstances.key 
19258      DEBUG main            d.u.i.k.p.i.AbstractProblemLoader Environment load took 213.9ns 
19259      INFO  main            d.u.i.k.p.i.AbstractProblemLoader Creating init config 
21905      DEBUG main            d.u.i.k.p.i.AbstractProblemLoader Init config took 2.65s 
21926      INFO  main            d.u.i.k.p.i.AbstractProblemLoader Replaying proof interfacesAndAbstractClassesHaveNoInstances.key 
21932      DEBUG main            d.u.i.k.p.i.IntermediateProofReplayer Proof replay took 7ns 
22034      INFO  main            d.u.i.k.p.r.p.TestFile    ... finished proof: closed. 
22197      INFO  main            d.u.i.k.p.i.AbstractProblemLoader Loading environment from /home/runner/work/key/key/key.core/../key.ui/examples/standard_key/instanceCreation/interfacesAndAbstractClassesHaveNoInstances.key.proof 
22197      DEBUG main            d.u.i.k.p.i.AbstractProblemLoader Environment load took 124.4ns 
22198      INFO  main            d.u.i.k.p.i.AbstractProblemLoader Creating init config 
24858      DEBUG main            d.u.i.k.p.i.AbstractProblemLoader Init config took 2.66s 
24879      INFO  main            d.u.i.k.p.i.AbstractProblemLoader Replaying proof interfacesAndAbstractClassesHaveNoInstances.key.proof 
24882      DEBUG main            d.u.i.k.p.i.IntermediateProofReplayer Proof replay took 1.11ms 
24883      DEBUG main            d.u.i.k.p.r.p.TestFile    ... success: reloaded. 
24884      INFO  main            d.u.i.k.p.r.p.TestFile    Now processing file /home/runner/work/key/key/key.core/../key.ui/examples/standard_key/instanceCreation/successiveCreatedObjectsAreDistinct.key 
24885      INFO  main            d.u.i.k.p.i.AbstractProblemLoader Loading environment from /home/runner/work/key/key/key.core/../key.ui/examples/standard_key/instanceCreation/successiveCreatedObjectsAreDistinct.key 
24885      DEBUG main            d.u.i.k.p.i.AbstractProblemLoader Environment load took 208.8ns 
24886      INFO  main            d.u.i.k.p.i.AbstractProblemLoader Creating init config 
27504      DEBUG main            d.u.i.k.p.i.AbstractProblemLoader Init config took 2.62s 
27525      INFO  main            d.u.i.k.p.i.AbstractProblemLoader Replaying proof successiveCreatedObjectsAreDistinct.key 
27527      DEBUG main            d.u.i.k.p.i.IntermediateProofReplayer Proof replay took 6.3ns 
27931      INFO  main            d.u.i.k.p.r.p.TestFile    ... finished proof: closed. 
28164      INFO  main            d.u.i.k.p.i.AbstractProblemLoader Loading environment from /home/runner/work/key/key/key.core/../key.ui/examples/standard_key/instanceCreation/successiveCreatedObjectsAreDistinct.key.proof 
28165      DEBUG main            d.u.i.k.p.i.AbstractProblemLoader Environment load took 424.11ns 
28166      INFO  main            d.u.i.k.p.i.AbstractProblemLoader Creating init config 
30764      DEBUG main            d.u.i.k.p.i.AbstractProblemLoader Init config took 2.6s 
30793      INFO  main            d.u.i.k.p.i.AbstractProblemLoader Replaying proof successiveCreatedObjectsAreDistinct.key.proof 
30852      DEBUG main            d.u.i.k.p.i.IntermediateProofReplayer Proof replay took 53.78ms 
30854      DEBUG main            d.u.i.k.p.r.p.TestFile    ... success: reloaded. 
30855      INFO  main            d.u.i.k.p.r.p.TestFile    Now processing file /home/runner/work/key/key/key.core/../key.ui/examples/standard_key/instanceCreation/testOverloadingConstructors.key 
30856      INFO  main            d.u.i.k.p.i.AbstractProblemLoader Loading environment from /home/runner/work/key/key/key.core/../key.ui/examples/standard_key/instanceCreation/testOverloadingConstructors.key 
30856      DEBUG main            d.u.i.k.p.i.AbstractProblemLoader Environment load took 100.9ns 
30857      INFO  main            d.u.i.k.p.i.AbstractProblemLoader Creating init config 
33465      DEBUG main            d.u.i.k.p.i.AbstractProblemLoader Init config took 2.61s 
33487      INFO  main            d.u.i.k.p.i.AbstractProblemLoader Replaying proof testOverloadingConstructors.key 
33489      DEBUG main            d.u.i.k.p.i.IntermediateProofReplayer Proof replay took 7.4ns 
33797      INFO  main            d.u.i.k.p.r.p.TestFile    ... finished proof: closed. 
33977      INFO  main            d.u.i.k.p.i.AbstractProblemLoader Loading environment from /home/runner/work/key/key/key.core/../key.ui/examples/standard_key/instanceCreation/testOverloadingConstructors.key.proof 
33977      DEBUG main            d.u.i.k.p.i.AbstractProblemLoader Environment load took 250.6ns 
33978      INFO  main            d.u.i.k.p.i.AbstractProblemLoader Creating init config 
36557      DEBUG main            d.u.i.k.p.i.AbstractProblemLoader Init config took 2.58s 
36578      INFO  main            d.u.i.k.p.i.AbstractProblemLoader Replaying proof testOverloadingConstructors.key.proof 
36626      DEBUG main            d.u.i.k.p.i.IntermediateProofReplayer Proof replay took 44.38ms 
36628      DEBUG main            d.u.i.k.p.r.p.TestFile    ... success: reloaded. 
36630      INFO  main            d.u.i.k.p.r.p.TestFile    Now processing file /home/runner/work/key/key/key.core/../key.ui/examples/standard_key/java_dl/SimpleAttributes.key 
36630      INFO  main            d.u.i.k.p.i.AbstractProblemLoader Loading environment from /home/runner/work/key/key/key.core/../key.ui/examples/standard_key/java_dl/SimpleAttributes.key 
36631      DEBUG main            d.u.i.k.p.i.AbstractProblemLoader Environment load took 558.81ns 
36632      INFO  main            d.u.i.k.p.i.AbstractProblemLoader Creating init config 
39203      DEBUG main            d.u.i.k.p.i.AbstractProblemLoader Init config took 2.57s 
39223      INFO  main            d.u.i.k.p.i.AbstractProblemLoader Replaying proof SimpleAttributes.key 
39224      DEBUG main            d.u.i.k.p.i.IntermediateProofReplayer Proof replay took 7.1ns 
39327      INFO  main            d.u.i.k.p.r.p.TestFile    ... finished proof: closed. 
39497      INFO  main            d.u.i.k.p.i.AbstractProblemLoader Loading environment from /home/runner/work/key/key/key.core/../key.ui/examples/standard_key/java_dl/SimpleAttributes.key.proof 
39497      DEBUG main            d.u.i.k.p.i.AbstractProblemLoader Environment load took 131.1ns 
39498      INFO  main            d.u.i.k.p.i.AbstractProblemLoader Creating init config 
41976      DEBUG main            d.u.i.k.p.i.AbstractProblemLoader Init config took 2.48s 
41996      INFO  main            d.u.i.k.p.i.AbstractProblemLoader Replaying proof SimpleAttributes.key.proof 
42017      DEBUG main            d.u.i.k.p.i.IntermediateProofReplayer Proof replay took 18.38ms 
42018      DEBUG main            d.u.i.k.p.r.p.TestFile    ... success: reloaded. 
42019      INFO  main            d.u.i.k.p.r.p.TestFile    Now processing file /home/runner/work/key/key/key.core/../key.ui/examples/standard_key/java_dl/arrayMax.key 
42019      INFO  main            d.u.i.k.p.i.AbstractProblemLoader Loading environment from /home/runner/work/key/key/key.core/../key.ui/examples/standard_key/java_dl/arrayMax.key 
42019      DEBUG main            d.u.i.k.p.i.AbstractProblemLoader Environment load took 106.4ns 
42022      INFO  main            d.u.i.k.p.i.AbstractProblemLoader Creating init config 
44587      DEBUG main            d.u.i.k.p.i.AbstractProblemLoader Init config took 2.56s 
44607      INFO  main            d.u.i.k.p.i.AbstractProblemLoader Replaying proof arrayMax.key 
44609      DEBUG main            d.u.i.k.p.i.IntermediateProofReplayer Proof replay took 7.3ns 
45821      INFO  main            d.u.i.k.p.r.p.TestFile    ... finished proof: closed. 
46057      INFO  main            d.u.i.k.p.i.AbstractProblemLoader Loading environment from /home/runner/work/key/key/key.core/../key.ui/examples/standard_key/java_dl/arrayMax.key.proof 
46057      DEBUG main            d.u.i.k.p.i.AbstractProblemLoader Environment load took 443.2ns 
46060      INFO  main            d.u.i.k.p.i.AbstractProblemLoader Creating init config 
48595      DEBUG main            d.u.i.k.p.i.AbstractProblemLoader Init config took 2.53s 
48615      INFO  main            d.u.i.k.p.i.AbstractProblemLoader Replaying proof arrayMax.key.proof 
48788      DEBUG main            d.u.i.k.p.i.IntermediateProofReplayer Proof replay took 164.07ms 
48789      DEBUG main            d.u.i.k.p.r.p.TestFile    ... success: reloaded. 
48791      INFO  main            d.u.i.k.p.r.p.TestFile    Now processing file /home/runner/work/key/key/key.core/../key.ui/examples/standard_key/java_dl/arrayUpdateSimp.key 
48791      INFO  main            d.u.i.k.p.i.AbstractProblemLoader Loading environment from /home/runner/work/key/key/key.core/../key.ui/examples/standard_key/java_dl/arrayUpdateSimp.key 
48791      DEBUG main            d.u.i.k.p.i.AbstractProblemLoader Environment load took 239.5ns 
48794      INFO  main            d.u.i.k.p.i.AbstractProblemLoader Creating init config 
48832      WARN  main            d.u.i.k.j.r.KeYCrossReferenceNameInfo Datatype java.io.PrintStream declared twice: Once in FILE:/home/runner/work/key/key/key.core/../key.ui/examples/standard_key/java_dl/./classpath/PrintStream.java and once in URL:file:/home/runner/work/key/key/key.core/build/resources/main/de/uka/ilkd/key/java/JavaRedux/java/io/PrintStream.java, Keeping one from URL:file:/home/runner/work/key/key/key.core/build/resources/main/de/uka/ilkd/key/java/JavaRedux/java/io/PrintStream.java 
48832      WARN  main            d.u.i.k.j.r.KeYCrossReferenceNameInfo Datatype java.lang.System declared twice: Once in FILE:/home/runner/work/key/key/key.core/../key.ui/examples/standard_key/java_dl/./classpath/System.java and once in URL:file:/home/runner/work/key/key/key.core/build/resources/main/de/uka/ilkd/key/java/JavaRedux/java/lang/System.java, Keeping one from URL:file:/home/runner/work/key/key/key.core/build/resources/main/de/uka/ilkd/key/java/JavaRedux/java/lang/System.java 
48832      WARN  main            d.u.i.k.j.r.KeYCrossReferenceNameInfo Datatype java.io.InputStream declared twice: Once in FILE:/home/runner/work/key/key/key.core/../key.ui/examples/standard_key/java_dl/./classpath/InputStream.java and once in URL:file:/home/runner/work/key/key/key.core/build/resources/main/de/uka/ilkd/key/java/JavaRedux/java/io/InputStream.java, Keeping one from URL:file:/home/runner/work/key/key/key.core/build/resources/main/de/uka/ilkd/key/java/JavaRedux/java/io/InputStream.java 
48838      DEBUG main            d.u.i.k.j.r.ClassFileDeclarationBuilder Parsing: package java.io; public class Closeable { } 
48839      DEBUG main            r.s.KeYCrossReferenceSourceInfo Dynamically created class: java.io.Closeable 
51460      DEBUG main            d.u.i.k.p.i.AbstractProblemLoader Init config took 2.67s 
51480      INFO  main            d.u.i.k.p.i.AbstractProblemLoader Replaying proof arrayUpdateSimp.key 
51481      DEBUG main            d.u.i.k.p.i.IntermediateProofReplayer Proof replay took 7.8ns 
51584      INFO  main            d.u.i.k.p.r.p.TestFile    ... finished proof: closed. 
51807      INFO  main            d.u.i.k.p.i.AbstractProblemLoader Loading environment from /home/runner/work/key/key/key.core/../key.ui/examples/standard_key/java_dl/arrayUpdateSimp.key.proof 
51807      DEBUG main            d.u.i.k.p.i.AbstractProblemLoader Environment load took 145.6ns 
51814      INFO  main            d.u.i.k.p.i.AbstractProblemLoader Creating init config 
51843      WARN  main            d.u.i.k.j.r.KeYCrossReferenceNameInfo Datatype java.io.PrintStream declared twice: Once in FILE:/home/runner/work/key/key/key.core/../key.ui/examples/standard_key/java_dl/classpath/PrintStream.java and once in URL:file:/home/runner/work/key/key/key.core/build/resources/main/de/uka/ilkd/key/java/JavaRedux/java/io/PrintStream.java, Keeping one from URL:file:/home/runner/work/key/key/key.core/build/resources/main/de/uka/ilkd/key/java/JavaRedux/java/io/PrintStream.java 
51844      WARN  main            d.u.i.k.j.r.KeYCrossReferenceNameInfo Datatype java.lang.System declared twice: Once in FILE:/home/runner/work/key/key/key.core/../key.ui/examples/standard_key/java_dl/classpath/System.java and once in URL:file:/home/runner/work/key/key/key.core/build/resources/main/de/uka/ilkd/key/java/JavaRedux/java/lang/System.java, Keeping one from URL:file:/home/runner/work/key/key/key.core/build/resources/main/de/uka/ilkd/key/java/JavaRedux/java/lang/System.java 
51844      WARN  main            d.u.i.k.j.r.KeYCrossReferenceNameInfo Datatype java.io.InputStream declared twice: Once in FILE:/home/runner/work/key/key/key.core/../key.ui/examples/standard_key/java_dl/classpath/InputStream.java and once in URL:file:/home/runner/work/key/key/key.core/build/resources/main/de/uka/ilkd/key/java/JavaRedux/java/io/InputStream.java, Keeping one from URL:file:/home/runner/work/key/key/key.core/build/resources/main/de/uka/ilkd/key/java/JavaRedux/java/io/InputStream.java 
51848      DEBUG main            d.u.i.k.j.r.ClassFileDeclarationBuilder Parsing: package java.io; public class Closeable { } 
51848      DEBUG main            r.s.KeYCrossReferenceSourceInfo Dynamically created class: java.io.Closeable 
54283      DEBUG main            d.u.i.k.p.i.AbstractProblemLoader Init config took 2.47s 
54302      INFO  main            d.u.i.k.p.i.AbstractProblemLoader Replaying proof arrayUpdateSimp.key.proof 
54304      DEBUG main            d.u.i.k.p.i.IntermediateProofReplayer Proof replay took 554.41ns 
54306      DEBUG main            d.u.i.k.p.r.p.TestFile    ... success: reloaded. 
54307      INFO  main            d.u.i.k.p.r.p.TestFile    Now processing file /home/runner/work/key/key/key.core/../key.ui/examples/standard_key/java_dl/attributes.key 
54307      INFO  main            d.u.i.k.p.i.AbstractProblemLoader Loading environment from /home/runner/work/key/key/key.core/../key.ui/examples/standard_key/java_dl/attributes.key 
54307      DEBUG main            d.u.i.k.p.i.AbstractProblemLoader Environment load took 96ns 
54308      INFO  main            d.u.i.k.p.i.AbstractProblemLoader Creating init config 
56842      DEBUG main            d.u.i.k.p.i.AbstractProblemLoader Init config took 2.53s 
56861      INFO  main            d.u.i.k.p.i.AbstractProblemLoader Replaying proof attributes.key 
56864      DEBUG main            d.u.i.k.p.i.IntermediateProofReplayer Proof replay took 8.1ns 
57067      INFO  main            d.u.i.k.p.r.p.TestFile    ... finished proof: closed. 
57326      INFO  main            d.u.i.k.p.i.AbstractProblemLoader Loading environment from /home/runner/work/key/key/key.core/../key.ui/examples/standard_key/java_dl/attributes.key.proof 
57326      DEBUG main            d.u.i.k.p.i.AbstractProblemLoader Environment load took 126.3ns 
57328      INFO  main            d.u.i.k.p.i.AbstractProblemLoader Creating init config 
59838      DEBUG main            d.u.i.k.p.i.AbstractProblemLoader Init config took 2.51s 
59857      INFO  main            d.u.i.k.p.i.AbstractProblemLoader Replaying proof attributes.key.proof 
59891      DEBUG main            d.u.i.k.p.i.IntermediateProofReplayer Proof replay took 31.77ms 
59893      DEBUG main            d.u.i.k.p.r.p.TestFile    ... success: reloaded. 
59894      INFO  main            d.u.i.k.p.r.p.TestFile    Now processing file /home/runner/work/key/key/key.core/../key.ui/examples/standard_key/java_dl/break.key 
59894      INFO  main            d.u.i.k.p.i.AbstractProblemLoader Loading environment from /home/runner/work/key/key/key.core/../key.ui/examples/standard_key/java_dl/break.key 
59894      DEBUG main            d.u.i.k.p.i.AbstractProblemLoader Environment load took 214.2ns 
59896      INFO  main            d.u.i.k.p.i.AbstractProblemLoader Creating init config 
59920      WARN  main            d.u.i.k.j.r.KeYCrossReferenceNameInfo Datatype java.io.PrintStream declared twice: Once in FILE:/home/runner/work/key/key/key.core/../key.ui/examples/standard_key/java_dl/classpath/PrintStream.java and once in URL:file:/home/runner/work/key/key/key.core/build/resources/main/de/uka/ilkd/key/java/JavaRedux/java/io/PrintStream.java, Keeping one from URL:file:/home/runner/work/key/key/key.core/build/resources/main/de/uka/ilkd/key/java/JavaRedux/java/io/PrintStream.java 
59920      WARN  main            d.u.i.k.j.r.KeYCrossReferenceNameInfo Datatype java.lang.System declared twice: Once in FILE:/home/runner/work/key/key/key.core/../key.ui/examples/standard_key/java_dl/classpath/System.java and once in URL:file:/home/runner/work/key/key/key.core/build/resources/main/de/uka/ilkd/key/java/JavaRedux/java/lang/System.java, Keeping one from URL:file:/home/runner/work/key/key/key.core/build/resources/main/de/uka/ilkd/key/java/JavaRedux/java/lang/System.java 
59920      WARN  main            d.u.i.k.j.r.KeYCrossReferenceNameInfo Datatype java.io.InputStream declared twice: Once in FILE:/home/runner/work/key/key/key.core/../key.ui/examples/standard_key/java_dl/classpath/InputStream.java and once in URL:file:/home/runner/work/key/key/key.core/build/resources/main/de/uka/ilkd/key/java/JavaRedux/java/io/InputStream.java, Keeping one from URL:file:/home/runner/work/key/key/key.core/build/resources/main/de/uka/ilkd/key/java/JavaRedux/java/io/InputStream.java 
59924      DEBUG main            d.u.i.k.j.r.ClassFileDeclarationBuilder Parsing: package java.io; public class Closeable { } 
59924      DEBUG main            r.s.KeYCrossReferenceSourceInfo Dynamically created class: java.io.Closeable 
62431      DEBUG main            d.u.i.k.p.i.AbstractProblemLoader Init config took 2.54s 
62448      INFO  main            d.u.i.k.p.i.AbstractProblemLoader Replaying proof break.key 
62449      DEBUG main            d.u.i.k.p.i.IntermediateProofReplayer Proof replay took 7.3ns 
62551      INFO  main            d.u.i.k.p.r.p.TestFile    ... finished proof: closed. 
62742      INFO  main            d.u.i.k.p.i.AbstractProblemLoader Loading environment from /home/runner/work/key/key/key.core/../key.ui/examples/standard_key/java_dl/break.key.proof 
62742      DEBUG main            d.u.i.k.p.i.AbstractProblemLoader Environment load took 120.4ns 
62743      INFO  main            d.u.i.k.p.i.AbstractProblemLoader Creating init config 
62775      WARN  main            d.u.i.k.j.r.KeYCrossReferenceNameInfo Datatype java.io.PrintStream declared twice: Once in FILE:/home/runner/work/key/key/key.core/../key.ui/examples/standard_key/java_dl/classpath/PrintStream.java and once in URL:file:/home/runner/work/key/key/key.core/build/resources/main/de/uka/ilkd/key/java/JavaRedux/java/io/PrintStream.java, Keeping one from URL:file:/home/runner/work/key/key/key.core/build/resources/main/de/uka/ilkd/key/java/JavaRedux/java/io/PrintStream.java 
62775      WARN  main            d.u.i.k.j.r.KeYCrossReferenceNameInfo Datatype java.lang.System declared twice: Once in FILE:/home/runner/work/key/key/key.core/../key.ui/examples/standard_key/java_dl/classpath/System.java and once in URL:file:/home/runner/work/key/key/key.core/build/resources/main/de/uka/ilkd/key/java/JavaRedux/java/lang/System.java, Keeping one from URL:file:/home/runner/work/key/key/key.core/build/resources/main/de/uka/ilkd/key/java/JavaRedux/java/lang/System.java 
62775      WARN  main            d.u.i.k.j.r.KeYCrossReferenceNameInfo Datatype java.io.InputStream declared twice: Once in FILE:/home/runner/work/key/key/key.core/../key.ui/examples/standard_key/java_dl/classpath/InputStream.java and once in URL:file:/home/runner/work/key/key/key.core/build/resources/main/de/uka/ilkd/key/java/JavaRedux/java/io/InputStream.java, Keeping one from URL:file:/home/runner/work/key/key/key.core/build/resources/main/de/uka/ilkd/key/java/JavaRedux/java/io/InputStream.java 
62779      DEBUG main            d.u.i.k.j.r.ClassFileDeclarationBuilder Parsing: package java.io; public class Closeable { } 
62779      DEBUG main            r.s.KeYCrossReferenceSourceInfo Dynamically created class: java.io.Closeable 
65223      DEBUG main            d.u.i.k.p.i.AbstractProblemLoader Init config took 2.48s 
65242      INFO  main            d.u.i.k.p.i.AbstractProblemLoader Replaying proof break.key.proof 
65259      DEBUG main            d.u.i.k.p.i.IntermediateProofReplayer Proof replay took 11.54ms 
65260      DEBUG main            d.u.i.k.p.r.p.TestFile    ... success: reloaded. 
65261      INFO  main            d.u.i.k.p.r.p.TestFile    Now processing file /home/runner/work/key/key/key.core/../key.ui/examples/standard_key/java_dl/char.key 
65262      INFO  main            d.u.i.k.p.i.AbstractProblemLoader Loading environment from /home/runner/work/key/key/key.core/../key.ui/examples/standard_key/java_dl/char.key 
65262      DEBUG main            d.u.i.k.p.i.AbstractProblemLoader Environment load took 237.1ns 
65263      INFO  main            d.u.i.k.p.i.AbstractProblemLoader Creating init config 
67701      DEBUG main            d.u.i.k.p.i.AbstractProblemLoader Init config took 2.44s 
67716      INFO  main            d.u.i.k.p.i.AbstractProblemLoader Replaying proof char.key 
67718      DEBUG main            d.u.i.k.p.i.IntermediateProofReplayer Proof replay took 7.4ns 
67825      INFO  main            d.u.i.k.p.r.p.TestFile    ... finished proof: closed. 
68020      INFO  main            d.u.i.k.p.i.AbstractProblemLoader Loading environment from /home/runner/work/key/key/key.core/../key.ui/examples/standard_key/java_dl/char.key.proof 
68020      DEBUG main            d.u.i.k.p.i.AbstractProblemLoader Environment load took 125.7ns 
68021      INFO  main            d.u.i.k.p.i.AbstractProblemLoader Creating init config 
70481      DEBUG main            d.u.i.k.p.i.AbstractProblemLoader Init config took 2.46s 
70496      INFO  main            d.u.i.k.p.i.AbstractProblemLoader Replaying proof char.key.proof 
70500      DEBUG main            d.u.i.k.p.i.IntermediateProofReplayer Proof replay took 2.17ms 
70501      DEBUG main            d.u.i.k.p.r.p.TestFile    ... success: reloaded. 
70502      INFO  main            d.u.i.k.p.r.p.TestFile    Now processing file /home/runner/work/key/key/key.core/../key.ui/examples/standard_key/java_dl/compileTimeConstants.key 
70502      INFO  main            d.u.i.k.p.i.AbstractProblemLoader Loading environment from /home/runner/work/key/key/key.core/../key.ui/examples/standard_key/java_dl/compileTimeConstants.key 
70502      DEBUG main            d.u.i.k.p.i.AbstractProblemLoader Environment load took 169.3ns 
70504      INFO  main            d.u.i.k.p.i.AbstractProblemLoader Creating init config 
72966      DEBUG main            d.u.i.k.p.i.AbstractProblemLoader Init config took 2.46s 
72981      INFO  main            d.u.i.k.p.i.AbstractProblemLoader Replaying proof compileTimeConstants.key 
72983      DEBUG main            d.u.i.k.p.i.IntermediateProofReplayer Proof replay took 6.9ns 
73088      INFO  main            d.u.i.k.p.r.p.TestFile    ... finished proof: closed. 
73299      INFO  main            d.u.i.k.p.i.AbstractProblemLoader Loading environment from /home/runner/work/key/key/key.core/../key.ui/examples/standard_key/java_dl/compileTimeConstants.key.proof 
73299      DEBUG main            d.u.i.k.p.i.AbstractProblemLoader Environment load took 127.2ns 
73300      INFO  main            d.u.i.k.p.i.AbstractProblemLoader Creating init config 
75767      DEBUG main            d.u.i.k.p.i.AbstractProblemLoader Init config took 2.47s 
75781      INFO  main            d.u.i.k.p.i.AbstractProblemLoader Replaying proof compileTimeConstants.key.proof 
75793      DEBUG main            d.u.i.k.p.i.IntermediateProofReplayer Proof replay took 9.51ms 
75794      DEBUG main            d.u.i.k.p.r.p.TestFile    ... success: reloaded. 
75795      INFO  main            d.u.i.k.p.r.p.TestFile    Now processing file /home/runner/work/key/key/key.core/../key.ui/examples/standard_key/java_dl/constructorException/test.key 
75795      INFO  main            d.u.i.k.p.i.AbstractProblemLoader Loading environment from /home/runner/work/key/key/key.core/../key.ui/examples/standard_key/java_dl/constructorException/test.key 
75795      DEBUG main            d.u.i.k.p.i.AbstractProblemLoader Environment load took 89.9ns 
75796      INFO  main            d.u.i.k.p.i.AbstractProblemLoader Creating init config 
78368      DEBUG main            d.u.i.k.p.i.AbstractProblemLoader Init config took 2.57s 
78429      INFO  main            d.u.i.k.p.i.AbstractProblemLoader Replaying proof Test[Test::Test(int)].JML operation contract.0 
78430      DEBUG main            d.u.i.k.p.i.IntermediateProofReplayer Proof replay took 8.4ns 
78633      INFO  main            d.u.i.k.p.r.p.TestFile    ... finished proof: closed. 
78899      INFO  main            d.u.i.k.p.i.AbstractProblemLoader Loading environment from /home/runner/work/key/key/key.core/../key.ui/examples/standard_key/java_dl/constructorException/test.key.proof 
78899      DEBUG main            d.u.i.k.p.i.AbstractProblemLoader Environment load took 136.1ns 
78901      INFO  main            d.u.i.k.p.i.AbstractProblemLoader Creating init config 
81374      DEBUG main            d.u.i.k.p.i.AbstractProblemLoader Init config took 2.47s 
81417      INFO  main            d.u.i.k.p.i.AbstractProblemLoader Replaying proof Test[Test::Test(int)].JML operation contract.0 
81463      DEBUG main            d.u.i.k.p.i.IntermediateProofReplayer Proof replay took 43.23ms 
81464      DEBUG main            d.u.i.k.p.r.p.TestFile    ... success: reloaded. 
81465      INFO  main            d.u.i.k.p.r.p.TestFile    Now processing file /home/runner/work/key/key/key.core/../key.ui/examples/standard_key/java_dl/constructorException/regressionTestBug1333.key 
81466      INFO  main            d.u.i.k.p.i.AbstractProblemLoader Loading environment from /home/runner/work/key/key/key.core/../key.ui/examples/standard_key/java_dl/constructorException/regressionTestBug1333.key 
81466      DEBUG main            d.u.i.k.p.i.AbstractProblemLoader Environment load took 211.2ns 
81467      INFO  main            d.u.i.k.p.i.AbstractProblemLoader Creating init config 
83984      DEBUG main            d.u.i.k.p.i.AbstractProblemLoader Init config took 2.52s 
84023      INFO  main            d.u.i.k.p.i.AbstractProblemLoader Replaying proof False[False::False()].JML normal_behavior operation contract.0 
84026      DEBUG main            d.u.i.k.p.i.IntermediateProofReplayer Proof replay took 6.9ns 
84129      INFO  main            d.u.i.k.p.r.p.TestFile    ... finished proof: open goal(s) 
84356      INFO  main            d.u.i.k.p.r.p.TestFile    Now processing file /home/runner/work/key/key/key.core/../key.ui/examples/standard_key/java_dl/continue1.key 
84356      INFO  main            d.u.i.k.p.i.AbstractProblemLoader Loading environment from /home/runner/work/key/key/key.core/../key.ui/examples/standard_key/java_dl/continue1.key 
84356      DEBUG main            d.u.i.k.p.i.AbstractProblemLoader Environment load took 100.9ns 
84357      INFO  main            d.u.i.k.p.i.AbstractProblemLoader Creating init config 
84381      WARN  main            d.u.i.k.j.r.KeYCrossReferenceNameInfo Datatype java.io.PrintStream declared twice: Once in FILE:/home/runner/work/key/key/key.core/../key.ui/examples/standard_key/java_dl/classpath/PrintStream.java and once in URL:file:/home/runner/work/key/key/key.core/build/resources/main/de/uka/ilkd/key/java/JavaRedux/java/io/PrintStream.java, Keeping one from URL:file:/home/runner/work/key/key/key.core/build/resources/main/de/uka/ilkd/key/java/JavaRedux/java/io/PrintStream.java 
84381      WARN  main            d.u.i.k.j.r.KeYCrossReferenceNameInfo Datatype java.lang.System declared twice: Once in FILE:/home/runner/work/key/key/key.core/../key.ui/examples/standard_key/java_dl/classpath/System.java and once in URL:file:/home/runner/work/key/key/key.core/build/resources/main/de/uka/ilkd/key/java/JavaRedux/java/lang/System.java, Keeping one from URL:file:/home/runner/work/key/key/key.core/build/resources/main/de/uka/ilkd/key/java/JavaRedux/java/lang/System.java 
84381      WARN  main            d.u.i.k.j.r.KeYCrossReferenceNameInfo Datatype java.io.InputStream declared twice: Once in FILE:/home/runner/work/key/key/key.core/../key.ui/examples/standard_key/java_dl/classpath/InputStream.java and once in URL:file:/home/runner/work/key/key/key.core/build/resources/main/de/uka/ilkd/key/java/JavaRedux/java/io/InputStream.java, Keeping one from URL:file:/home/runner/work/key/key/key.core/build/resources/main/de/uka/ilkd/key/java/JavaRedux/java/io/InputStream.java 
84384      DEBUG main            d.u.i.k.j.r.ClassFileDeclarationBuilder Parsing: package java.io; public class Closeable { } 
84384      DEBUG main            r.s.KeYCrossReferenceSourceInfo Dynamically created class: java.io.Closeable 
86780      DEBUG main            d.u.i.k.p.i.AbstractProblemLoader Init config took 2.42s 
86795      INFO  main            d.u.i.k.p.i.AbstractProblemLoader Replaying proof continue1.key 
86797      DEBUG main            d.u.i.k.p.i.IntermediateProofReplayer Proof replay took 7.6ns 
86900      INFO  main            d.u.i.k.p.r.p.TestFile    ... finished proof: closed. 
87127      INFO  main            d.u.i.k.p.i.AbstractProblemLoader Loading environment from /home/runner/work/key/key/key.core/../key.ui/examples/standard_key/java_dl/continue1.key.proof 
87128      DEBUG main            d.u.i.k.p.i.AbstractProblemLoader Environment load took 889.81ns 
87129      INFO  main            d.u.i.k.p.i.AbstractProblemLoader Creating init config 
87155      WARN  main            d.u.i.k.j.r.KeYCrossReferenceNameInfo Datatype java.io.PrintStream declared twice: Once in FILE:/home/runner/work/key/key/key.core/../key.ui/examples/standard_key/java_dl/classpath/PrintStream.java and once in URL:file:/home/runner/work/key/key/key.core/build/resources/main/de/uka/ilkd/key/java/JavaRedux/java/io/PrintStream.java, Keeping one from URL:file:/home/runner/work/key/key/key.core/build/resources/main/de/uka/ilkd/key/java/JavaRedux/java/io/PrintStream.java 
87155      WARN  main            d.u.i.k.j.r.KeYCrossReferenceNameInfo Datatype java.lang.System declared twice: Once in FILE:/home/runner/work/key/key/key.core/../key.ui/examples/standard_key/java_dl/classpath/System.java and once in URL:file:/home/runner/work/key/key/key.core/build/resources/main/de/uka/ilkd/key/java/JavaRedux/java/lang/System.java, Keeping one from URL:file:/home/runner/work/key/key/key.core/build/resources/main/de/uka/ilkd/key/java/JavaRedux/java/lang/System.java 
87155      WARN  main            d.u.i.k.j.r.KeYCrossReferenceNameInfo Datatype java.io.InputStream declared twice: Once in FILE:/home/runner/work/key/key/key.core/../key.ui/examples/standard_key/java_dl/classpath/InputStream.java and once in URL:file:/home/runner/work/key/key/key.core/build/resources/main/de/uka/ilkd/key/java/JavaRedux/java/io/InputStream.java, Keeping one from URL:file:/home/runner/work/key/key/key.core/build/resources/main/de/uka/ilkd/key/java/JavaRedux/java/io/InputStream.java 
87158      DEBUG main            d.u.i.k.j.r.ClassFileDeclarationBuilder Parsing: package java.io; public class Closeable { } 
87158      DEBUG main            r.s.KeYCrossReferenceSourceInfo Dynamically created class: java.io.Closeable 
89639      DEBUG main            d.u.i.k.p.i.AbstractProblemLoader Init config took 2.51s 
89654      INFO  main            d.u.i.k.p.i.AbstractProblemLoader Replaying proof continue1.key.proof 
89672      DEBUG main            d.u.i.k.p.i.IntermediateProofReplayer Proof replay took 14.91ms 
89673      DEBUG main            d.u.i.k.p.r.p.TestFile    ... success: reloaded. 
89674      INFO  main            d.u.i.k.p.r.p.TestFile    Now processing file /home/runner/work/key/key/key.core/../key.ui/examples/standard_key/java_dl/continue2.key 
89675      INFO  main            d.u.i.k.p.i.AbstractProblemLoader Loading environment from /home/runner/work/key/key/key.core/../key.ui/examples/standard_key/java_dl/continue2.key 
89675      DEBUG main            d.u.i.k.p.i.AbstractProblemLoader Environment load took 241.1ns 
89676      INFO  main            d.u.i.k.p.i.AbstractProblemLoader Creating init config 
89698      WARN  main            d.u.i.k.j.r.KeYCrossReferenceNameInfo Datatype java.io.PrintStream declared twice: Once in FILE:/home/runner/work/key/key/key.core/../key.ui/examples/standard_key/java_dl/classpath/PrintStream.java and once in URL:file:/home/runner/work/key/key/key.core/build/resources/main/de/uka/ilkd/key/java/JavaRedux/java/io/PrintStream.java, Keeping one from URL:file:/home/runner/work/key/key/key.core/build/resources/main/de/uka/ilkd/key/java/JavaRedux/java/io/PrintStream.java 
89699      WARN  main            d.u.i.k.j.r.KeYCrossReferenceNameInfo Datatype java.lang.System declared twice: Once in FILE:/home/runner/work/key/key/key.core/../key.ui/examples/standard_key/java_dl/classpath/System.java and once in URL:file:/home/runner/work/key/key/key.core/build/resources/main/de/uka/ilkd/key/java/JavaRedux/java/lang/System.java, Keeping one from URL:file:/home/runner/work/key/key/key.core/build/resources/main/de/uka/ilkd/key/java/JavaRedux/java/lang/System.java 
89699      WARN  main            d.u.i.k.j.r.KeYCrossReferenceNameInfo Datatype java.io.InputStream declared twice: Once in FILE:/home/runner/work/key/key/key.core/../key.ui/examples/standard_key/java_dl/classpath/InputStream.java and once in URL:file:/home/runner/work/key/key/key.core/build/resources/main/de/uka/ilkd/key/java/JavaRedux/java/io/InputStream.java, Keeping one from URL:file:/home/runner/work/key/key/key.core/build/resources/main/de/uka/ilkd/key/java/JavaRedux/java/io/InputStream.java 
89702      DEBUG main            d.u.i.k.j.r.ClassFileDeclarationBuilder Parsing: package java.io; public class Closeable { } 
89702      DEBUG main            r.s.KeYCrossReferenceSourceInfo Dynamically created class: java.io.Closeable 
92107      DEBUG main            d.u.i.k.p.i.AbstractProblemLoader Init config took 2.43s 
92121      INFO  main            d.u.i.k.p.i.AbstractProblemLoader Replaying proof continue2.key 
92123      DEBUG main            d.u.i.k.p.i.IntermediateProofReplayer Proof replay took 7.7ns 
92426      INFO  main            d.u.i.k.p.r.p.TestFile    ... finished proof: closed. 
92658      INFO  main            d.u.i.k.p.i.AbstractProblemLoader Loading environment from /home/runner/work/key/key/key.core/../key.ui/examples/standard_key/java_dl/continue2.key.proof 
92658      DEBUG main            d.u.i.k.p.i.AbstractProblemLoader Environment load took 123.3ns 
92660      INFO  main            d.u.i.k.p.i.AbstractProblemLoader Creating init config 
92685      WARN  main            d.u.i.k.j.r.KeYCrossReferenceNameInfo Datatype java.io.PrintStream declared twice: Once in FILE:/home/runner/work/key/key/key.core/../key.ui/examples/standard_key/java_dl/classpath/PrintStream.java and once in URL:file:/home/runner/work/key/key/key.core/build/resources/main/de/uka/ilkd/key/java/JavaRedux/java/io/PrintStream.java, Keeping one from URL:file:/home/runner/work/key/key/key.core/build/resources/main/de/uka/ilkd/key/java/JavaRedux/java/io/PrintStream.java 
92685      WARN  main            d.u.i.k.j.r.KeYCrossReferenceNameInfo Datatype java.lang.System declared twice: Once in FILE:/home/runner/work/key/key/key.core/../key.ui/examples/standard_key/java_dl/classpath/System.java and once in URL:file:/home/runner/work/key/key/key.core/build/resources/main/de/uka/ilkd/key/java/JavaRedux/java/lang/System.java, Keeping one from URL:file:/home/runner/work/key/key/key.core/build/resources/main/de/uka/ilkd/key/java/JavaRedux/java/lang/System.java 
92686      WARN  main            d.u.i.k.j.r.KeYCrossReferenceNameInfo Datatype java.io.InputStream declared twice: Once in FILE:/home/runner/work/key/key/key.core/../key.ui/examples/standard_key/java_dl/classpath/InputStream.java and once in URL:file:/home/runner/work/key/key/key.core/build/resources/main/de/uka/ilkd/key/java/JavaRedux/java/io/InputStream.java, Keeping one from URL:file:/home/runner/work/key/key/key.core/build/resources/main/de/uka/ilkd/key/java/JavaRedux/java/io/InputStream.java 
92689      DEBUG main            d.u.i.k.j.r.ClassFileDeclarationBuilder Parsing: package java.io; public class Closeable { } 
92689      DEBUG main            r.s.KeYCrossReferenceSourceInfo Dynamically created class: java.io.Closeable 
95052      DEBUG main            d.u.i.k.p.i.AbstractProblemLoader Init config took 2.39s 
95066      INFO  main            d.u.i.k.p.i.AbstractProblemLoader Replaying proof continue2.key.proof 
95126      DEBUG main            d.u.i.k.p.i.IntermediateProofReplayer Proof replay took 57.12ms 
95127      DEBUG main            d.u.i.k.p.r.p.TestFile    ... success: reloaded. 
95129      INFO  main            d.u.i.k.p.r.p.TestFile    Now processing file /home/runner/work/key/key/key.core/../key.ui/examples/standard_key/java_dl/complexAssignment.key 
95129      INFO  main            d.u.i.k.p.i.AbstractProblemLoader Loading environment from /home/runner/work/key/key/key.core/../key.ui/examples/standard_key/java_dl/complexAssignment.key 
95129      DEBUG main            d.u.i.k.p.i.AbstractProblemLoader Environment load took 92.1ns 
95130      INFO  main            d.u.i.k.p.i.AbstractProblemLoader Creating init config 
97580      DEBUG main            d.u.i.k.p.i.AbstractProblemLoader Init config took 2.45s 
97594      INFO  main            d.u.i.k.p.i.AbstractProblemLoader Replaying proof complexAssignment.key 
97596      DEBUG main            d.u.i.k.p.i.IntermediateProofReplayer Proof replay took 7.4ns 
97698      INFO  main            d.u.i.k.p.r.p.TestFile    ... finished proof: closed. 
97932      INFO  main            d.u.i.k.p.i.AbstractProblemLoader Loading environment from /home/runner/work/key/key/key.core/../key.ui/examples/standard_key/java_dl/complexAssignment.key.proof 
97932      DEBUG main            d.u.i.k.p.i.AbstractProblemLoader Environment load took 113.7ns 
97933      INFO  main            d.u.i.k.p.i.AbstractProblemLoader Creating init config 
100290     DEBUG main            d.u.i.k.p.i.AbstractProblemLoader Init config took 2.36s 
100304     INFO  main            d.u.i.k.p.i.AbstractProblemLoader Replaying proof complexAssignment.key.proof 
100312     DEBUG main            d.u.i.k.p.i.IntermediateProofReplayer Proof replay took 5.47ms 
100313     DEBUG main            d.u.i.k.p.r.p.TestFile    ... success: reloaded. 
100313     INFO  main            d.u.i.k.p.r.p.TestFile    Now processing file /home/runner/work/key/key/key.core/../key.ui/examples/standard_key/java_dl/danglingElseSolution1.key 
100313     INFO  main            d.u.i.k.p.i.AbstractProblemLoader Loading environment from /home/runner/work/key/key/key.core/../key.ui/examples/standard_key/java_dl/danglingElseSolution1.key 
100313     DEBUG main            d.u.i.k.p.i.AbstractProblemLoader Environment load took 87.9ns 
100314     INFO  main            d.u.i.k.p.i.AbstractProblemLoader Creating init config 
102759     DEBUG main            d.u.i.k.p.i.AbstractProblemLoader Init config took 2.44s 
102773     INFO  main            d.u.i.k.p.i.AbstractProblemLoader Replaying proof danglingElseSolution1.key 
102775     DEBUG main            d.u.i.k.p.i.IntermediateProofReplayer Proof replay took 7.1ns 
102879     INFO  main            d.u.i.k.p.r.p.TestFile    ... finished proof: closed. 
103114     INFO  main            d.u.i.k.p.i.AbstractProblemLoader Loading environment from /home/runner/work/key/key/key.core/../key.ui/examples/standard_key/java_dl/danglingElseSolution1.key.proof 
103114     DEBUG main            d.u.i.k.p.i.AbstractProblemLoader Environment load took 140.4ns 
103115     INFO  main            d.u.i.k.p.i.AbstractProblemLoader Creating init config 
105467     DEBUG main            d.u.i.k.p.i.AbstractProblemLoader Init config took 2.35s 
105481     INFO  main            d.u.i.k.p.i.AbstractProblemLoader Replaying proof danglingElseSolution1.key.proof 
105492     DEBUG main            d.u.i.k.p.i.IntermediateProofReplayer Proof replay took 8.49ms 
105494     DEBUG main            d.u.i.k.p.r.p.TestFile    ... success: reloaded. 
105497     INFO  main            d.u.i.k.p.r.p.TestFile    Now processing file /home/runner/work/key/key/key.core/../key.ui/examples/standard_key/java_dl/danglingElseSolution2.key 
105498     INFO  main            d.u.i.k.p.i.AbstractProblemLoader Loading environment from /home/runner/work/key/key/key.core/../key.ui/examples/standard_key/java_dl/danglingElseSolution2.key 
105498     DEBUG main            d.u.i.k.p.i.AbstractProblemLoader Environment load took 209.7ns 
105500     INFO  main            d.u.i.k.p.i.AbstractProblemLoader Creating init config 
107955     DEBUG main            d.u.i.k.p.i.AbstractProblemLoader Init config took 2.46s 
107970     INFO  main            d.u.i.k.p.i.AbstractProblemLoader Replaying proof danglingElseSolution2.key 
107972     DEBUG main            d.u.i.k.p.i.IntermediateProofReplayer Proof replay took 6.9ns 
108076     INFO  main            d.u.i.k.p.r.p.TestFile    ... finished proof: closed. 
108309     INFO  main            d.u.i.k.p.i.AbstractProblemLoader Loading environment from /home/runner/work/key/key/key.core/../key.ui/examples/standard_key/java_dl/danglingElseSolution2.key.proof 
108309     DEBUG main            d.u.i.k.p.i.AbstractProblemLoader Environment load took 129.8ns 
108310     INFO  main            d.u.i.k.p.i.AbstractProblemLoader Creating init config 
110664     DEBUG main            d.u.i.k.p.i.AbstractProblemLoader Init config took 2.35s 
110678     INFO  main            d.u.i.k.p.i.AbstractProblemLoader Replaying proof danglingElseSolution2.key.proof 
110687     DEBUG main            d.u.i.k.p.i.IntermediateProofReplayer Proof replay took 6.57ms 
110688     DEBUG main            d.u.i.k.p.r.p.TestFile    ... success: reloaded. 
110688     INFO  main            d.u.i.k.p.r.p.TestFile    Now processing file /home/runner/work/key/key/key.core/../key.ui/examples/standard_key/java_dl/deepNonNull/deepNonNull0.key 
110688     INFO  main            d.u.i.k.p.i.AbstractProblemLoader Loading environment from /home/runner/work/key/key/key.core/../key.ui/examples/standard_key/java_dl/deepNonNull/deepNonNull0.key 
110688     DEBUG main            d.u.i.k.p.i.AbstractProblemLoader Environment load took 89.8ns 
110689     INFO  main            d.u.i.k.p.i.AbstractProblemLoader Creating init config 
113216     DEBUG main            d.u.i.k.p.i.AbstractProblemLoader Init config took 2.53s 
113255     INFO  main            d.u.i.k.p.i.AbstractProblemLoader Replaying proof Arrays[Arrays::get()].JML operation contract.0 
113256     DEBUG main            d.u.i.k.p.i.IntermediateProofReplayer Proof replay took 7.3ns 
113462     INFO  main            d.u.i.k.p.r.p.TestFile    ... finished proof: closed. 
113734     INFO  main            d.u.i.k.p.i.AbstractProblemLoader Loading environment from /home/runner/work/key/key/key.core/../key.ui/examples/standard_key/java_dl/deepNonNull/deepNonNull0.key.proof 
113735     DEBUG main            d.u.i.k.p.i.AbstractProblemLoader Environment load took 130.2ns 
113737     INFO  main            d.u.i.k.p.i.AbstractProblemLoader Creating init config 
116147     DEBUG main            d.u.i.k.p.i.AbstractProblemLoader Init config took 2.41s 
116186     INFO  main            d.u.i.k.p.i.AbstractProblemLoader Replaying proof Arrays[Arrays::get()].JML operation contract.0 
116223     DEBUG main            d.u.i.k.p.i.IntermediateProofReplayer Proof replay took 34.74ms 
116225     DEBUG main            d.u.i.k.p.r.p.TestFile    ... success: reloaded. 
116225     INFO  main            d.u.i.k.p.r.p.TestFile    Now processing file /home/runner/work/key/key/key.core/../key.ui/examples/standard_key/java_dl/deepNonNull/deepNonNull1.key 
116226     INFO  main            d.u.i.k.p.i.AbstractProblemLoader Loading environment from /home/runner/work/key/key/key.core/../key.ui/examples/standard_key/java_dl/deepNonNull/deepNonNull1.key 
116226     DEBUG main            d.u.i.k.p.i.AbstractProblemLoader Environment load took 195.1ns 
116227     INFO  main            d.u.i.k.p.i.AbstractProblemLoader Creating init config 
118702     DEBUG main            d.u.i.k.p.i.AbstractProblemLoader Init config took 2.48s 
118744     INFO  main            d.u.i.k.p.i.AbstractProblemLoader Replaying proof Arrays[Arrays::head()].JML operation contract.0 
118745     DEBUG main            d.u.i.k.p.i.IntermediateProofReplayer Proof replay took 8ns 
118948     INFO  main            d.u.i.k.p.r.p.TestFile    ... finished proof: closed. 
119207     INFO  main            d.u.i.k.p.i.AbstractProblemLoader Loading environment from /home/runner/work/key/key/key.core/../key.ui/examples/standard_key/java_dl/deepNonNull/deepNonNull1.key.proof 
119207     DEBUG main            d.u.i.k.p.i.AbstractProblemLoader Environment load took 109.1ns 
119208     INFO  main            d.u.i.k.p.i.AbstractProblemLoader Creating init config 
121621     DEBUG main            d.u.i.k.p.i.AbstractProblemLoader Init config took 2.41s 
121666     INFO  main            d.u.i.k.p.i.AbstractProblemLoader Replaying proof Arrays[Arrays::head()].JML operation contract.0 
121686     DEBUG main            d.u.i.k.p.i.IntermediateProofReplayer Proof replay took 16.75ms 
121687     DEBUG main            d.u.i.k.p.r.p.TestFile    ... success: reloaded. 
121688     INFO  main            d.u.i.k.p.r.p.TestFile    Now processing file /home/runner/work/key/key/key.core/../key.ui/examples/standard_key/java_dl/deepNonNull/deepNonNull2.key 
121688     INFO  main            d.u.i.k.p.i.AbstractProblemLoader Loading environment from /home/runner/work/key/key/key.core/../key.ui/examples/standard_key/java_dl/deepNonNull/deepNonNull2.key 
121688     DEBUG main            d.u.i.k.p.i.AbstractProblemLoader Environment load took 180.5ns 
121689     INFO  main            d.u.i.k.p.i.AbstractProblemLoader Creating init config 
124178     DEBUG main            d.u.i.k.p.i.AbstractProblemLoader Init config took 2.49s 
124214     INFO  main            d.u.i.k.p.i.AbstractProblemLoader Replaying proof Arrays[Arrays::unprovable(java.lang.Object)].JML operation contract.0 
124215     DEBUG main            d.u.i.k.p.i.IntermediateProofReplayer Proof replay took 7ns 
124322     INFO  main            d.u.i.k.p.r.p.TestFile    ... finished proof: open goal(s) 
124581     INFO  main            d.u.i.k.p.r.p.TestFile    Now processing file /home/runner/work/key/key/key.core/../key.ui/examples/standard_key/java_dl/deepNonNull/deepNonNull3.key 
124581     INFO  main            d.u.i.k.p.i.AbstractProblemLoader Loading environment from /home/runner/work/key/key/key.core/../key.ui/examples/standard_key/java_dl/deepNonNull/deepNonNull3.key 
124582     DEBUG main            d.u.i.k.p.i.AbstractProblemLoader Environment load took 62ns 
124582     INFO  main            d.u.i.k.p.i.AbstractProblemLoader Creating init config 
127070     DEBUG main            d.u.i.k.p.i.AbstractProblemLoader Init config took 2.49s 
127106     INFO  main            d.u.i.k.p.i.AbstractProblemLoader Replaying proof Arrays[Arrays::head([[[[Ljava.lang.Object)].JML operation contract.0 
127107     DEBUG main            d.u.i.k.p.i.IntermediateProofReplayer Proof replay took 7.1ns 
127912     INFO  main            d.u.i.k.p.r.p.TestFile    ... finished proof: closed. 
128194     INFO  main            d.u.i.k.p.i.AbstractProblemLoader Loading environment from /home/runner/work/key/key/key.core/../key.ui/examples/standard_key/java_dl/deepNonNull/deepNonNull3.key.proof 
128195     DEBUG main            d.u.i.k.p.i.AbstractProblemLoader Environment load took 806.41ns 
128196     INFO  main            d.u.i.k.p.i.AbstractProblemLoader Creating init config 
130608     DEBUG main            d.u.i.k.p.i.AbstractProblemLoader Init config took 2.41s 
130644     INFO  main            d.u.i.k.p.i.AbstractProblemLoader Replaying proof Arrays[Arrays::head([[[[Ljava.lang.Object)].JML operation contract.0 
130704     DEBUG main            d.u.i.k.p.i.IntermediateProofReplayer Proof replay took 53.75ms 
130705     DEBUG main            d.u.i.k.p.r.p.TestFile    ... success: reloaded. 
130705     INFO  main            d.u.i.k.p.r.p.TestFile    Now processing file /home/runner/work/key/key/key.core/../key.ui/examples/standard_key/java_dl/exceptions.key 
130705     INFO  main            d.u.i.k.p.i.AbstractProblemLoader Loading environment from /home/runner/work/key/key/key.core/../key.ui/examples/standard_key/java_dl/exceptions.key 
130705     DEBUG main            d.u.i.k.p.i.AbstractProblemLoader Environment load took 95.5ns 
130706     INFO  main            d.u.i.k.p.i.AbstractProblemLoader Creating init config 
130727     WARN  main            d.u.i.k.j.r.KeYCrossReferenceNameInfo Datatype java.io.PrintStream declared twice: Once in FILE:/home/runner/work/key/key/key.core/../key.ui/examples/standard_key/java_dl/classpath/PrintStream.java and once in URL:file:/home/runner/work/key/key/key.core/build/resources/main/de/uka/ilkd/key/java/JavaRedux/java/io/PrintStream.java, Keeping one from URL:file:/home/runner/work/key/key/key.core/build/resources/main/de/uka/ilkd/key/java/JavaRedux/java/io/PrintStream.java 
130727     WARN  main            d.u.i.k.j.r.KeYCrossReferenceNameInfo Datatype java.lang.System declared twice: Once in FILE:/home/runner/work/key/key/key.core/../key.ui/examples/standard_key/java_dl/classpath/System.java and once in URL:file:/home/runner/work/key/key/key.core/build/resources/main/de/uka/ilkd/key/java/JavaRedux/java/lang/System.java, Keeping one from URL:file:/home/runner/work/key/key/key.core/build/resources/main/de/uka/ilkd/key/java/JavaRedux/java/lang/System.java 
130728     WARN  main            d.u.i.k.j.r.KeYCrossReferenceNameInfo Datatype java.io.InputStream declared twice: Once in FILE:/home/runner/work/key/key/key.core/../key.ui/examples/standard_key/java_dl/classpath/InputStream.java and once in URL:file:/home/runner/work/key/key/key.core/build/resources/main/de/uka/ilkd/key/java/JavaRedux/java/io/InputStream.java, Keeping one from URL:file:/home/runner/work/key/key/key.core/build/resources/main/de/uka/ilkd/key/java/JavaRedux/java/io/InputStream.java 
130731     DEBUG main            d.u.i.k.j.r.ClassFileDeclarationBuilder Parsing: package java.io; public class Closeable { } 
130731     DEBUG main            r.s.KeYCrossReferenceSourceInfo Dynamically created class: java.io.Closeable 
133154     DEBUG main            d.u.i.k.p.i.AbstractProblemLoader Init config took 2.45s 
133168     INFO  main            d.u.i.k.p.i.AbstractProblemLoader Replaying proof exceptions.key 
133170     DEBUG main            d.u.i.k.p.i.IntermediateProofReplayer Proof replay took 8.7ns 
133373     INFO  main            d.u.i.k.p.r.p.TestFile    ... finished proof: closed. 
133644     INFO  main            d.u.i.k.p.i.AbstractProblemLoader Loading environment from /home/runner/work/key/key/key.core/../key.ui/examples/standard_key/java_dl/exceptions.key.proof 
133645     DEBUG main            d.u.i.k.p.i.AbstractProblemLoader Environment load took 102.1ns 
133646     INFO  main            d.u.i.k.p.i.AbstractProblemLoader Creating init config 
133678     WARN  main            d.u.i.k.j.r.KeYCrossReferenceNameInfo Datatype java.io.PrintStream declared twice: Once in FILE:/home/runner/work/key/key/key.core/../key.ui/examples/standard_key/java_dl/classpath/PrintStream.java and once in URL:file:/home/runner/work/key/key/key.core/build/resources/main/de/uka/ilkd/key/java/JavaRedux/java/io/PrintStream.java, Keeping one from URL:file:/home/runner/work/key/key/key.core/build/resources/main/de/uka/ilkd/key/java/JavaRedux/java/io/PrintStream.java 
133678     WARN  main            d.u.i.k.j.r.KeYCrossReferenceNameInfo Datatype java.lang.System declared twice: Once in FILE:/home/runner/work/key/key/key.core/../key.ui/examples/standard_key/java_dl/classpath/System.java and once in URL:file:/home/runner/work/key/key/key.core/build/resources/main/de/uka/ilkd/key/java/JavaRedux/java/lang/System.java, Keeping one from URL:file:/home/runner/work/key/key/key.core/build/resources/main/de/uka/ilkd/key/java/JavaRedux/java/lang/System.java 
133678     WARN  main            d.u.i.k.j.r.KeYCrossReferenceNameInfo Datatype java.io.InputStream declared twice: Once in FILE:/home/runner/work/key/key/key.core/../key.ui/examples/standard_key/java_dl/classpath/InputStream.java and once in URL:file:/home/runner/work/key/key/key.core/build/resources/main/de/uka/ilkd/key/java/JavaRedux/java/io/InputStream.java, Keeping one from URL:file:/home/runner/work/key/key/key.core/build/resources/main/de/uka/ilkd/key/java/JavaRedux/java/io/InputStream.java 
133681     DEBUG main            d.u.i.k.j.r.ClassFileDeclarationBuilder Parsing: package java.io; public class Closeable { } 
133681     DEBUG main            r.s.KeYCrossReferenceSourceInfo Dynamically created class: java.io.Closeable 
136045     DEBUG main            d.u.i.k.p.i.AbstractProblemLoader Init config took 2.4s 
136060     INFO  main            d.u.i.k.p.i.AbstractProblemLoader Replaying proof exceptions.key.proof 
136105     DEBUG main            d.u.i.k.p.i.IntermediateProofReplayer Proof replay took 40.62ms 
136107     DEBUG main            d.u.i.k.p.r.p.TestFile    ... success: reloaded. 
136108     INFO  main            d.u.i.k.p.r.p.TestFile    Now processing file /home/runner/work/key/key/key.core/../key.ui/examples/standard_key/java_dl/exceptions1.key 
136108     INFO  main            d.u.i.k.p.i.AbstractProblemLoader Loading environment from /home/runner/work/key/key/key.core/../key.ui/examples/standard_key/java_dl/exceptions1.key 
136109     DEBUG main            d.u.i.k.p.i.AbstractProblemLoader Environment load took 209.7ns 
136110     INFO  main            d.u.i.k.p.i.AbstractProblemLoader Creating init config 
138491     DEBUG main            d.u.i.k.p.i.AbstractProblemLoader Init config took 2.38s 
138506     INFO  main            d.u.i.k.p.i.AbstractProblemLoader Replaying proof exceptions1.key 
138509     DEBUG main            d.u.i.k.p.i.IntermediateProofReplayer Proof replay took 8.2ns 
138711     INFO  main            d.u.i.k.p.r.p.TestFile    ... finished proof: closed. 
138972     INFO  main            d.u.i.k.p.i.AbstractProblemLoader Loading environment from /home/runner/work/key/key/key.core/../key.ui/examples/standard_key/java_dl/exceptions1.key.proof 
138972     DEBUG main            d.u.i.k.p.i.AbstractProblemLoader Environment load took 105.4ns 
138973     INFO  main            d.u.i.k.p.i.AbstractProblemLoader Creating init config 
141316     DEBUG main            d.u.i.k.p.i.AbstractProblemLoader Init config took 2.34s 
141334     INFO  main            d.u.i.k.p.i.AbstractProblemLoader Replaying proof exceptions1.key.proof 
141361     DEBUG main            d.u.i.k.p.i.IntermediateProofReplayer Proof replay took 24.27ms 
141362     DEBUG main            d.u.i.k.p.r.p.TestFile    ... success: reloaded. 
141363     INFO  main            d.u.i.k.p.r.p.TestFile    Now processing file /home/runner/work/key/key/key.core/../key.ui/examples/standard_key/java_dl/exceptions2.key 
141363     INFO  main            d.u.i.k.p.i.AbstractProblemLoader Loading environment from /home/runner/work/key/key/key.core/../key.ui/examples/standard_key/java_dl/exceptions2.key 
141363     DEBUG main            d.u.i.k.p.i.AbstractProblemLoader Environment load took 88.1ns 
141364     INFO  main            d.u.i.k.p.i.AbstractProblemLoader Creating init config 
143820     DEBUG main            d.u.i.k.p.i.AbstractProblemLoader Init config took 2.46s 
143834     INFO  main            d.u.i.k.p.i.AbstractProblemLoader Replaying proof exceptions2.key 
143836     DEBUG main            d.u.i.k.p.i.IntermediateProofReplayer Proof replay took 7.9ns 
144040     INFO  main            d.u.i.k.p.r.p.TestFile    ... finished proof: closed. 
144404     INFO  main            d.u.i.k.p.i.AbstractProblemLoader Loading environment from /home/runner/work/key/key/key.core/../key.ui/examples/standard_key/java_dl/exceptions2.key.proof 
144405     DEBUG main            d.u.i.k.p.i.AbstractProblemLoader Environment load took 114.9ns 
144406     INFO  main            d.u.i.k.p.i.AbstractProblemLoader Creating init config 
146738     DEBUG main            d.u.i.k.p.i.AbstractProblemLoader Init config took 2.33s 
146752     INFO  main            d.u.i.k.p.i.AbstractProblemLoader Replaying proof exceptions2.key.proof 
146781     DEBUG main            d.u.i.k.p.i.IntermediateProofReplayer Proof replay took 26.01ms 
146782     DEBUG main            d.u.i.k.p.r.p.TestFile    ... success: reloaded. 
146783     INFO  main            d.u.i.k.p.r.p.TestFile    Now processing file /home/runner/work/key/key/key.core/../key.ui/examples/standard_key/java_dl/exceptions3.key 
146783     INFO  main            d.u.i.k.p.i.AbstractProblemLoader Loading environment from /home/runner/work/key/key/key.core/../key.ui/examples/standard_key/java_dl/exceptions3.key 
146783     DEBUG main            d.u.i.k.p.i.AbstractProblemLoader Environment load took 78.1ns 
146787     INFO  main            d.u.i.k.p.i.AbstractProblemLoader Creating init config 
146808     WARN  main            d.u.i.k.j.r.KeYCrossReferenceNameInfo Datatype java.io.PrintStream declared twice: Once in FILE:/home/runner/work/key/key/key.core/../key.ui/examples/standard_key/java_dl/classpath/PrintStream.java and once in URL:file:/home/runner/work/key/key/key.core/build/resources/main/de/uka/ilkd/key/java/JavaRedux/java/io/PrintStream.java, Keeping one from URL:file:/home/runner/work/key/key/key.core/build/resources/main/de/uka/ilkd/key/java/JavaRedux/java/io/PrintStream.java 
146809     WARN  main            d.u.i.k.j.r.KeYCrossReferenceNameInfo Datatype java.lang.System declared twice: Once in FILE:/home/runner/work/key/key/key.core/../key.ui/examples/standard_key/java_dl/classpath/System.java and once in URL:file:/home/runner/work/key/key/key.core/build/resources/main/de/uka/ilkd/key/java/JavaRedux/java/lang/System.java, Keeping one from URL:file:/home/runner/work/key/key/key.core/build/resources/main/de/uka/ilkd/key/java/JavaRedux/java/lang/System.java 
146809     WARN  main            d.u.i.k.j.r.KeYCrossReferenceNameInfo Datatype java.io.InputStream declared twice: Once in FILE:/home/runner/work/key/key/key.core/../key.ui/examples/standard_key/java_dl/classpath/InputStream.java and once in URL:file:/home/runner/work/key/key/key.core/build/resources/main/de/uka/ilkd/key/java/JavaRedux/java/io/InputStream.java, Keeping one from URL:file:/home/runner/work/key/key/key.core/build/resources/main/de/uka/ilkd/key/java/JavaRedux/java/io/InputStream.java 
146811     DEBUG main            d.u.i.k.j.r.ClassFileDeclarationBuilder Parsing: package java.io; public class Closeable { } 
146812     DEBUG main            r.s.KeYCrossReferenceSourceInfo Dynamically created class: java.io.Closeable 
149220     DEBUG main            d.u.i.k.p.i.AbstractProblemLoader Init config took 2.43s 
149234     INFO  main            d.u.i.k.p.i.AbstractProblemLoader Replaying proof exceptions3.key 
149236     DEBUG main            d.u.i.k.p.i.IntermediateProofReplayer Proof replay took 9.3ns 
149339     INFO  main            d.u.i.k.p.r.p.TestFile    ... finished proof: closed. 
149616     INFO  main            d.u.i.k.p.i.AbstractProblemLoader Loading environment from /home/runner/work/key/key/key.core/../key.ui/examples/standard_key/java_dl/exceptions3.key.proof 
149616     DEBUG main            d.u.i.k.p.i.AbstractProblemLoader Environment load took 117.5ns 
149617     INFO  main            d.u.i.k.p.i.AbstractProblemLoader Creating init config 
149640     WARN  main            d.u.i.k.j.r.KeYCrossReferenceNameInfo Datatype java.io.PrintStream declared twice: Once in FILE:/home/runner/work/key/key/key.core/../key.ui/examples/standard_key/java_dl/classpath/PrintStream.java and once in URL:file:/home/runner/work/key/key/key.core/build/resources/main/de/uka/ilkd/key/java/JavaRedux/java/io/PrintStream.java, Keeping one from URL:file:/home/runner/work/key/key/key.core/build/resources/main/de/uka/ilkd/key/java/JavaRedux/java/io/PrintStream.java 
149640     WARN  main            d.u.i.k.j.r.KeYCrossReferenceNameInfo Datatype java.lang.System declared twice: Once in FILE:/home/runner/work/key/key/key.core/../key.ui/examples/standard_key/java_dl/classpath/System.java and once in URL:file:/home/runner/work/key/key/key.core/build/resources/main/de/uka/ilkd/key/java/JavaRedux/java/lang/System.java, Keeping one from URL:file:/home/runner/work/key/key/key.core/build/resources/main/de/uka/ilkd/key/java/JavaRedux/java/lang/System.java 
149640     WARN  main            d.u.i.k.j.r.KeYCrossReferenceNameInfo Datatype java.io.InputStream declared twice: Once in FILE:/home/runner/work/key/key/key.core/../key.ui/examples/standard_key/java_dl/classpath/InputStream.java and once in URL:file:/home/runner/work/key/key/key.core/build/resources/main/de/uka/ilkd/key/java/JavaRedux/java/io/InputStream.java, Keeping one from URL:file:/home/runner/work/key/key/key.core/build/resources/main/de/uka/ilkd/key/java/JavaRedux/java/io/InputStream.java 
149643     DEBUG main            d.u.i.k.j.r.ClassFileDeclarationBuilder Parsing: package java.io; public class Closeable { } 
149643     DEBUG main            r.s.KeYCrossReferenceSourceInfo Dynamically created class: java.io.Closeable 
152032     DEBUG main            d.u.i.k.p.i.AbstractProblemLoader Init config took 2.41s 
152046     INFO  main            d.u.i.k.p.i.AbstractProblemLoader Replaying proof exceptions3.key.proof 
152051     DEBUG main            d.u.i.k.p.i.IntermediateProofReplayer Proof replay took 3.02ms 
152052     DEBUG main            d.u.i.k.p.r.p.TestFile    ... success: reloaded. 
152053     INFO  main            d.u.i.k.p.r.p.TestFile    Now processing file /home/runner/work/key/key/key.core/../key.ui/examples/standard_key/java_dl/exchange.key 
152053     INFO  main            d.u.i.k.p.i.AbstractProblemLoader Loading environment from /home/runner/work/key/key/key.core/../key.ui/examples/standard_key/java_dl/exchange.key 
152053     DEBUG main            d.u.i.k.p.i.AbstractProblemLoader Environment load took 97.7ns 
152054     INFO  main            d.u.i.k.p.i.AbstractProblemLoader Creating init config 
154429     DEBUG main            d.u.i.k.p.i.AbstractProblemLoader Init config took 2.37s 
154443     INFO  main            d.u.i.k.p.i.AbstractProblemLoader Replaying proof exchange.key 
154444     DEBUG main            d.u.i.k.p.i.IntermediateProofReplayer Proof replay took 8.5ns 
154546     INFO  main            d.u.i.k.p.r.p.TestFile    ... finished proof: closed. 
154824     INFO  main            d.u.i.k.p.i.AbstractProblemLoader Loading environment from /home/runner/work/key/key/key.core/../key.ui/examples/standard_key/java_dl/exchange.key.proof 
154824     DEBUG main            d.u.i.k.p.i.AbstractProblemLoader Environment load took 114ns 
154825     INFO  main            d.u.i.k.p.i.AbstractProblemLoader Creating init config 
157152     DEBUG main            d.u.i.k.p.i.AbstractProblemLoader Init config took 2.33s 
157166     INFO  main            d.u.i.k.p.i.AbstractProblemLoader Replaying proof exchange.key.proof 
157171     DEBUG main            d.u.i.k.p.i.IntermediateProofReplayer Proof replay took 3.06ms 
157172     DEBUG main            d.u.i.k.p.r.p.TestFile    ... success: reloaded. 
157172     INFO  main            d.u.i.k.p.r.p.TestFile    Now processing file /home/runner/work/key/key/key.core/../key.ui/examples/standard_key/java_dl/if.key 
157173     INFO  main            d.u.i.k.p.i.AbstractProblemLoader Loading environment from /home/runner/work/key/key/key.core/../key.ui/examples/standard_key/java_dl/if.key 
157173     DEBUG main            d.u.i.k.p.i.AbstractProblemLoader Environment load took 216.7ns 
157174     INFO  main            d.u.i.k.p.i.AbstractProblemLoader Creating init config 
159577     DEBUG main            d.u.i.k.p.i.AbstractProblemLoader Init config took 2.4s 
159591     INFO  main            d.u.i.k.p.i.AbstractProblemLoader Replaying proof if.key 
159592     DEBUG main            d.u.i.k.p.i.IntermediateProofReplayer Proof replay took 8.3ns 
159695     INFO  main            d.u.i.k.p.r.p.TestFile    ... finished proof: closed. 
159984     INFO  main            d.u.i.k.p.i.AbstractProblemLoader Loading environment from /home/runner/work/key/key/key.core/../key.ui/examples/standard_key/java_dl/if.key.proof 
159984     DEBUG main            d.u.i.k.p.i.AbstractProblemLoader Environment load took 112.6ns 
159985     INFO  main            d.u.i.k.p.i.AbstractProblemLoader Creating init config 
162318     DEBUG main            d.u.i.k.p.i.AbstractProblemLoader Init config took 2.33s 
162332     INFO  main            d.u.i.k.p.i.AbstractProblemLoader Replaying proof if.key.proof 
162336     DEBUG main            d.u.i.k.p.i.IntermediateProofReplayer Proof replay took 2.58ms 
162337     DEBUG main            d.u.i.k.p.r.p.TestFile    ... success: reloaded. 
162337     INFO  main            d.u.i.k.p.r.p.TestFile    Now processing file /home/runner/work/key/key/key.core/../key.ui/examples/standard_key/java_dl/incrementcounter.key 
162337     INFO  main            d.u.i.k.p.i.AbstractProblemLoader Loading environment from /home/runner/work/key/key/key.core/../key.ui/examples/standard_key/java_dl/incrementcounter.key 
162337     DEBUG main            d.u.i.k.p.i.AbstractProblemLoader Environment load took 83.4ns 
162338     INFO  main            d.u.i.k.p.i.AbstractProblemLoader Creating init config 
164709     DEBUG main            d.u.i.k.p.i.AbstractProblemLoader Init config took 2.37s 
164722     INFO  main            d.u.i.k.p.i.AbstractProblemLoader Replaying proof incrementcounter.key 
164723     DEBUG main            d.u.i.k.p.i.IntermediateProofReplayer Proof replay took 8.8ns 
164826     INFO  main            d.u.i.k.p.r.p.TestFile    ... finished proof: closed. 
165118     INFO  main            d.u.i.k.p.i.AbstractProblemLoader Loading environment from /home/runner/work/key/key/key.core/../key.ui/examples/standard_key/java_dl/incrementcounter.key.proof 
165118     DEBUG main            d.u.i.k.p.i.AbstractProblemLoader Environment load took 113.2ns 
165120     INFO  main            d.u.i.k.p.i.AbstractProblemLoader Creating init config 
167448     DEBUG main            d.u.i.k.p.i.AbstractProblemLoader Init config took 2.33s 
167464     INFO  main            d.u.i.k.p.i.AbstractProblemLoader Replaying proof incrementcounter.key.proof 
167467     DEBUG main            d.u.i.k.p.i.IntermediateProofReplayer Proof replay took 1.46ms 
167468     DEBUG main            d.u.i.k.p.r.p.TestFile    ... success: reloaded. 
167469     INFO  main            d.u.i.k.p.r.p.TestFile    Now processing file /home/runner/work/key/key/key.core/../key.ui/examples/standard_key/java_dl/danglingElse.key 
167469     INFO  main            d.u.i.k.p.i.AbstractProblemLoader Loading environment from /home/runner/work/key/key/key.core/../key.ui/examples/standard_key/java_dl/danglingElse.key 
167469     DEBUG main            d.u.i.k.p.i.AbstractProblemLoader Environment load took 173.8ns 
167472     INFO  main            d.u.i.k.p.i.AbstractProblemLoader Creating init config 
169851     DEBUG main            d.u.i.k.p.i.AbstractProblemLoader Init config took 2.38s 
169865     INFO  main            d.u.i.k.p.i.AbstractProblemLoader Replaying proof danglingElse.key 
169867     DEBUG main            d.u.i.k.p.i.IntermediateProofReplayer Proof replay took 8.7ns 
169972     INFO  main            d.u.i.k.p.r.p.TestFile    ... finished proof: open goal(s) 
170270     INFO  main            d.u.i.k.p.r.p.TestFile    Now processing file /home/runner/work/key/key/key.core/../key.ui/examples/standard_key/java_dl/iteratedAssignment.key 
170271     INFO  main            d.u.i.k.p.i.AbstractProblemLoader Loading environment from /home/runner/work/key/key/key.core/../key.ui/examples/standard_key/java_dl/iteratedAssignment.key 
170271     DEBUG main            d.u.i.k.p.i.AbstractProblemLoader Environment load took 61.5ns 
170272     INFO  main            d.u.i.k.p.i.AbstractProblemLoader Creating init config 
172585     DEBUG main            d.u.i.k.p.i.AbstractProblemLoader Init config took 2.31s 
172599     INFO  main            d.u.i.k.p.i.AbstractProblemLoader Replaying proof iteratedAssignment.key 
172605     DEBUG main            d.u.i.k.p.i.IntermediateProofReplayer Proof replay took 7.9ns 
172908     INFO  main            d.u.i.k.p.r.p.TestFile    ... finished proof: closed. 
173221     INFO  main            d.u.i.k.p.i.AbstractProblemLoader Loading environment from /home/runner/work/key/key/key.core/../key.ui/examples/standard_key/java_dl/iteratedAssignment.key.proof 
173221     DEBUG main            d.u.i.k.p.i.AbstractProblemLoader Environment load took 112.4ns 
173224     INFO  main            d.u.i.k.p.i.AbstractProblemLoader Creating init config 
175547     DEBUG main            d.u.i.k.p.i.AbstractProblemLoader Init config took 2.32s 
175561     INFO  main            d.u.i.k.p.i.AbstractProblemLoader Replaying proof iteratedAssignment.key.proof 
175616     DEBUG main            d.u.i.k.p.i.IntermediateProofReplayer Proof replay took 50.32ms 
175621     DEBUG main            d.u.i.k.p.r.p.TestFile    ... success: reloaded. 
175622     INFO  main            d.u.i.k.p.r.p.TestFile    Now processing file /home/runner/work/key/key/key.core/../key.ui/examples/standard_key/java_dl/assert/assert1.key 
175623     INFO  main            d.u.i.k.p.i.AbstractProblemLoader Loading environment from /home/runner/work/key/key/key.core/../key.ui/examples/standard_key/java_dl/assert/assert1.key 
175623     DEBUG main            d.u.i.k.p.i.AbstractProblemLoader Environment load took 237.8ns 
175624     INFO  main            d.u.i.k.p.i.AbstractProblemLoader Creating init config 
178044     DEBUG main            d.u.i.k.p.i.AbstractProblemLoader Init config took 2.42s 
178079     INFO  main            d.u.i.k.p.i.AbstractProblemLoader Replaying proof C[C::foo()].JML normal_behavior operation contract.0 
178081     DEBUG main            d.u.i.k.p.i.IntermediateProofReplayer Proof replay took 7.1ns 
178283     INFO  main            d.u.i.k.p.r.p.TestFile    ... finished proof: open goal(s) 
178602     INFO  main            d.u.i.k.p.r.p.TestFile    Now processing file /home/runner/work/key/key/key.core/../key.ui/examples/standard_key/java_dl/assert/assert2.key 
178603     INFO  main            d.u.i.k.p.i.AbstractProblemLoader Loading environment from /home/runner/work/key/key/key.core/../key.ui/examples/standard_key/java_dl/assert/assert2.key 
178603     DEBUG main            d.u.i.k.p.i.AbstractProblemLoader Environment load took 61.9ns 
178604     INFO  main            d.u.i.k.p.i.AbstractProblemLoader Creating init config 
180963     DEBUG main            d.u.i.k.p.i.AbstractProblemLoader Init config took 2.36s 
181000     INFO  main            d.u.i.k.p.i.AbstractProblemLoader Replaying proof C[C::bar()].JML exceptional_behavior operation contract.0 
181002     DEBUG main            d.u.i.k.p.i.IntermediateProofReplayer Proof replay took 7.4ns 
181204     INFO  main            d.u.i.k.p.r.p.TestFile    ... finished proof: closed. 
181512     INFO  main            d.u.i.k.p.i.AbstractProblemLoader Loading environment from /home/runner/work/key/key/key.core/../key.ui/examples/standard_key/java_dl/assert/assert2.key.proof 
181512     DEBUG main            d.u.i.k.p.i.AbstractProblemLoader Environment load took 114.4ns 
181513     INFO  main            d.u.i.k.p.i.AbstractProblemLoader Creating init config 
183882     DEBUG main            d.u.i.k.p.i.AbstractProblemLoader Init config took 2.37s 
183917     INFO  main            d.u.i.k.p.i.AbstractProblemLoader Replaying proof C[C::bar()].JML exceptional_behavior operation contract.0 
183964     DEBUG main            d.u.i.k.p.i.IntermediateProofReplayer Proof replay took 39.34ms 
183966     DEBUG main            d.u.i.k.p.r.p.TestFile    ... success: reloaded. 
183967     INFO  main            d.u.i.k.p.r.p.TestFile    Now processing file /home/runner/work/key/key/key.core/../key.ui/examples/standard_key/java_dl/assert/assert3.key 
183968     INFO  main            d.u.i.k.p.i.AbstractProblemLoader Loading environment from /home/runner/work/key/key/key.core/../key.ui/examples/standard_key/java_dl/assert/assert3.key 
183968     DEBUG main            d.u.i.k.p.i.AbstractProblemLoader Environment load took 116.9ns 
183969     INFO  main            d.u.i.k.p.i.AbstractProblemLoader Creating init config 
186383     DEBUG main            d.u.i.k.p.i.AbstractProblemLoader Init config took 2.41s 
186441     INFO  main            d.u.i.k.p.i.AbstractProblemLoader Replaying proof C[C::foo()].JML normal_behavior operation contract.0 
186445     DEBUG main            d.u.i.k.p.i.IntermediateProofReplayer Proof replay took 8.7ns 
186547     INFO  main            d.u.i.k.p.r.p.TestFile    ... finished proof: open goal(s) 
186862     INFO  main            d.u.i.k.p.r.p.TestFile    Now processing file /home/runner/work/key/key/key.core/../key.ui/examples/standard_key/java_dl/java5/vararg.key 
186863     INFO  main            d.u.i.k.p.i.AbstractProblemLoader Loading environment from /home/runner/work/key/key/key.core/../key.ui/examples/standard_key/java_dl/java5/vararg.key 
186863     DEBUG main            d.u.i.k.p.i.AbstractProblemLoader Environment load took 54.7ns 
186864     INFO  main            d.u.i.k.p.i.AbstractProblemLoader Creating init config 
187709     DEBUG main            d.u.i.k.j.r.ClassPreparationMethodBuilder clPrepBuilder: Inner Class detected. Reject building class initialisation methods. 
189522     DEBUG main            d.u.i.k.p.i.AbstractProblemLoader Init config took 2.66s 
189541     INFO  main            d.u.i.k.p.i.AbstractProblemLoader Replaying proof vararg.key 
189543     DEBUG main            d.u.i.k.p.i.IntermediateProofReplayer Proof replay took 7.7ns 
190758     INFO  main            d.u.i.k.p.r.p.TestFile    ... finished proof: closed. 
191125     INFO  main            d.u.i.k.p.i.AbstractProblemLoader Loading environment from /home/runner/work/key/key/key.core/../key.ui/examples/standard_key/java_dl/java5/vararg.key.proof 
191125     DEBUG main            d.u.i.k.p.i.AbstractProblemLoader Environment load took 364.6ns 
191126     INFO  main            d.u.i.k.p.i.AbstractProblemLoader Creating init config 
191985     DEBUG main            d.u.i.k.j.r.ClassPreparationMethodBuilder clPrepBuilder: Inner Class detected. Reject building class initialisation methods. 
193746     DEBUG main            d.u.i.k.p.i.AbstractProblemLoader Init config took 2.62s 
193764     INFO  main            d.u.i.k.p.i.AbstractProblemLoader Replaying proof vararg.key.proof 
194043     DEBUG main            d.u.i.k.p.i.IntermediateProofReplayer Proof replay took 265.54ms 
194045     DEBUG main            d.u.i.k.p.r.p.TestFile    ... success: reloaded. 
194045     INFO  main            d.u.i.k.p.r.p.TestFile    Now processing file /home/runner/work/key/key/key.core/../key.ui/examples/standard_key/java_dl/java5/for_Array.key 
194046     INFO  main            d.u.i.k.p.i.AbstractProblemLoader Loading environment from /home/runner/work/key/key/key.core/../key.ui/examples/standard_key/java_dl/java5/for_Array.key 
194046     DEBUG main            d.u.i.k.p.i.AbstractProblemLoader Environment load took 166.9ns 
194047     INFO  main            d.u.i.k.p.i.AbstractProblemLoader Creating init config 
194879     DEBUG main            d.u.i.k.j.r.ClassPreparationMethodBuilder clPrepBuilder: Inner Class detected. Reject building class initialisation methods. 
196692     DEBUG main            d.u.i.k.p.i.AbstractProblemLoader Init config took 2.65s 
196742     INFO  main            d.u.i.k.p.i.AbstractProblemLoader Replaying proof For[For::sum([I)].JML operation contract.0 
196743     DEBUG main            d.u.i.k.p.i.IntermediateProofReplayer Proof replay took 7.2ns 
197049     INFO  main            d.u.i.k.p.r.p.TestFile    ... finished proof: closed. 
197445     INFO  main            d.u.i.k.p.i.AbstractProblemLoader Loading environment from /home/runner/work/key/key/key.core/../key.ui/examples/standard_key/java_dl/java5/for_Array.key.proof 
197445     DEBUG main            d.u.i.k.p.i.AbstractProblemLoader Environment load took 112.4ns 
197446     INFO  main            d.u.i.k.p.i.AbstractProblemLoader Creating init config 
198266     DEBUG main            d.u.i.k.j.r.ClassPreparationMethodBuilder clPrepBuilder: Inner Class detected. Reject building class initialisation methods. 
200014     DEBUG main            d.u.i.k.p.i.AbstractProblemLoader Init config took 2.57s 
200064     INFO  main            d.u.i.k.p.i.AbstractProblemLoader Replaying proof For[For::sum([I)].JML operation contract.0 
200128     DEBUG main            d.u.i.k.p.i.IntermediateProofReplayer Proof replay took 60.81ms 
200129     DEBUG main            d.u.i.k.p.r.p.TestFile    ... success: reloaded. 
200131     INFO  main            d.u.i.k.p.r.p.TestFile    Now processing file /home/runner/work/key/key/key.core/../key.ui/examples/standard_key/java_dl/java5/for_Iterable.key 
200131     INFO  main            d.u.i.k.p.i.AbstractProblemLoader Loading environment from /home/runner/work/key/key/key.core/../key.ui/examples/standard_key/java_dl/java5/for_Iterable.key 
200131     DEBUG main            d.u.i.k.p.i.AbstractProblemLoader Environment load took 208.1ns 
200132     INFO  main            d.u.i.k.p.i.AbstractProblemLoader Creating init config 
200954     DEBUG main            d.u.i.k.j.r.ClassPreparationMethodBuilder clPrepBuilder: Inner Class detected. Reject building class initialisation methods. 
202736     DEBUG main            d.u.i.k.p.i.AbstractProblemLoader Init config took 2.6s 
202786     INFO  main            d.u.i.k.p.i.AbstractProblemLoader Replaying proof For[For::infiniteLoop(For)].JML operation contract.0 
202787     DEBUG main            d.u.i.k.p.i.IntermediateProofReplayer Proof replay took 7.3ns 
202993     INFO  main            d.u.i.k.p.r.p.TestFile    ... finished proof: closed. 
203336     INFO  main            d.u.i.k.p.i.AbstractProblemLoader Loading environment from /home/runner/work/key/key/key.core/../key.ui/examples/standard_key/java_dl/java5/for_Iterable.key.proof 
203336     DEBUG main            d.u.i.k.p.i.AbstractProblemLoader Environment load took 105.1ns 
203337     INFO  main            d.u.i.k.p.i.AbstractProblemLoader Creating init config 
204141     DEBUG main            d.u.i.k.j.r.ClassPreparationMethodBuilder clPrepBuilder: Inner Class detected. Reject building class initialisation methods. 
205862     DEBUG main            d.u.i.k.p.i.AbstractProblemLoader Init config took 2.52s 
205924     INFO  main            d.u.i.k.p.i.AbstractProblemLoader Replaying proof For[For::infiniteLoop(For)].JML operation contract.0 
205963     DEBUG main            d.u.i.k.p.i.IntermediateProofReplayer Proof replay took 35.98ms 
205964     DEBUG main            d.u.i.k.p.r.p.TestFile    ... success: reloaded. 
205965     INFO  main            d.u.i.k.p.r.p.TestFile    Now processing file /home/runner/work/key/key/key.core/../key.ui/examples/standard_key/java_dl/java5/for_ReferenceArray.key 
205965     INFO  main            d.u.i.k.p.i.AbstractProblemLoader Loading environment from /home/runner/work/key/key/key.core/../key.ui/examples/standard_key/java_dl/java5/for_ReferenceArray.key 
205965     DEBUG main            d.u.i.k.p.i.AbstractProblemLoader Environment load took 80.4ns 
205966     INFO  main            d.u.i.k.p.i.AbstractProblemLoader Creating init config 
206771     DEBUG main            d.u.i.k.j.r.ClassPreparationMethodBuilder clPrepBuilder: Inner Class detected. Reject building class initialisation methods. 
208557     DEBUG main            d.u.i.k.p.i.AbstractProblemLoader Init config took 2.59s 
208608     INFO  main            d.u.i.k.p.i.AbstractProblemLoader Replaying proof ForReferenceArray[ForReferenceArray::foo([Ljava.lang.Object)].JML operation contract.0 
208610     DEBUG main            d.u.i.k.p.i.IntermediateProofReplayer Proof replay took 7.2ns 
208913     INFO  main            d.u.i.k.p.r.p.TestFile    ... finished proof: closed. 
209265     INFO  main            d.u.i.k.p.i.AbstractProblemLoader Loading environment from /home/runner/work/key/key/key.core/../key.ui/examples/standard_key/java_dl/java5/for_ReferenceArray.key.proof 
209265     DEBUG main            d.u.i.k.p.i.AbstractProblemLoader Environment load took 117.1ns 
209266     INFO  main            d.u.i.k.p.i.AbstractProblemLoader Creating init config 
210066     DEBUG main            d.u.i.k.j.r.ClassPreparationMethodBuilder clPrepBuilder: Inner Class detected. Reject building class initialisation methods. 
211793     DEBUG main            d.u.i.k.p.i.AbstractProblemLoader Init config took 2.53s 
211852     INFO  main            d.u.i.k.p.i.AbstractProblemLoader Replaying proof ForReferenceArray[ForReferenceArray::foo([Ljava.lang.Object)].JML operation contract.0 
211900     DEBUG main            d.u.i.k.p.i.IntermediateProofReplayer Proof replay took 43.3ms 
211903     DEBUG main            d.u.i.k.p.r.p.TestFile    ... success: reloaded. 
211904     INFO  main            d.u.i.k.p.r.p.TestFile    Now processing file /home/runner/work/key/key/key.core/../key.ui/examples/standard_key/java_dl/jml-bigint/cast.key 
211905     INFO  main            d.u.i.k.p.i.AbstractProblemLoader Loading environment from /home/runner/work/key/key/key.core/../key.ui/examples/standard_key/java_dl/jml-bigint/cast.key 
211905     DEBUG main            d.u.i.k.p.i.AbstractProblemLoader Environment load took 195.7ns 
211906     INFO  main            d.u.i.k.p.i.AbstractProblemLoader Creating init config 
214428     DEBUG main            d.u.i.k.p.i.AbstractProblemLoader Init config took 2.52s 
214461     INFO  main            d.u.i.k.p.i.AbstractProblemLoader Replaying proof Mult[Mult::cast()].JML operation contract.0 
214464     DEBUG main            d.u.i.k.p.i.IntermediateProofReplayer Proof replay took 6.7ns 
214568     INFO  main            d.u.i.k.p.r.p.TestFile    ... finished proof: closed. 
214991     INFO  main            d.u.i.k.p.i.AbstractProblemLoader Loading environment from /home/runner/work/key/key/key.core/../key.ui/examples/standard_key/java_dl/jml-bigint/cast.key.proof 
214991     DEBUG main            d.u.i.k.p.i.AbstractProblemLoader Environment load took 101.9ns 
214992     INFO  main            d.u.i.k.p.i.AbstractProblemLoader Creating init config 
217416     DEBUG main            d.u.i.k.p.i.AbstractProblemLoader Init config took 2.42s 
217449     INFO  main            d.u.i.k.p.i.AbstractProblemLoader Replaying proof Mult[Mult::cast()].JML operation contract.0 
217459     DEBUG main            d.u.i.k.p.i.IntermediateProofReplayer Proof replay took 8.57ms 
217460     DEBUG main            d.u.i.k.p.r.p.TestFile    ... success: reloaded. 
217461     INFO  main            d.u.i.k.p.r.p.TestFile    Now processing file /home/runner/work/key/key/key.core/../key.ui/examples/standard_key/java_dl/jml-free/loopInvFree.key 
217461     INFO  main            d.u.i.k.p.i.AbstractProblemLoader Loading environment from /home/runner/work/key/key/key.core/../key.ui/examples/standard_key/java_dl/jml-free/loopInvFree.key 
217461     DEBUG main            d.u.i.k.p.i.AbstractProblemLoader Environment load took 101.2ns 
217462     INFO  main            d.u.i.k.p.i.AbstractProblemLoader Creating init config 
219894     DEBUG main            d.u.i.k.p.i.AbstractProblemLoader Init config took 2.43s 
219927     INFO  main            d.u.i.k.p.i.AbstractProblemLoader Replaying proof LoopInvFree[LoopInvFree::test()].JML operation contract.0 
219928     DEBUG main            d.u.i.k.p.i.IntermediateProofReplayer Proof replay took 8.1ns 
220131     INFO  main            d.u.i.k.p.r.p.TestFile    ... finished proof: closed. 
220617     INFO  main            d.u.i.k.p.i.AbstractProblemLoader Loading environment from /home/runner/work/key/key/key.core/../key.ui/examples/standard_key/java_dl/jml-free/loopInvFree.key.proof 
220617     DEBUG main            d.u.i.k.p.i.AbstractProblemLoader Environment load took 98.1ns 
220618     INFO  main            d.u.i.k.p.i.AbstractProblemLoader Creating init config 
222990     DEBUG main            d.u.i.k.p.i.AbstractProblemLoader Init config took 2.37s 
223022     INFO  main            d.u.i.k.p.i.AbstractProblemLoader Replaying proof LoopInvFree[LoopInvFree::test()].JML operation contract.0 
223053     DEBUG main            d.u.i.k.p.i.IntermediateProofReplayer Proof replay took 29.05ms 
223054     DEBUG main            d.u.i.k.p.r.p.TestFile    ... success: reloaded. 
223055     INFO  main            d.u.i.k.p.r.p.TestFile    Now processing file /home/runner/work/key/key/key.core/../key.ui/examples/standard_key/java_dl/jml-free/ensuresFree.key 
223055     INFO  main            d.u.i.k.p.i.AbstractProblemLoader Loading environment from /home/runner/work/key/key/key.core/../key.ui/examples/standard_key/java_dl/jml-free/ensuresFree.key 
223055     DEBUG main            d.u.i.k.p.i.AbstractProblemLoader Environment load took 143.5ns 
223056     INFO  main            d.u.i.k.p.i.AbstractProblemLoader Creating init config 
225491     DEBUG main            d.u.i.k.p.i.AbstractProblemLoader Init config took 2.43s 
225529     INFO  main            d.u.i.k.p.i.AbstractProblemLoader Replaying proof EnsuresFree[EnsuresFree::test()].JML operation contract.0 
225530     DEBUG main            d.u.i.k.p.i.IntermediateProofReplayer Proof replay took 7.8ns 
225632     INFO  main            d.u.i.k.p.r.p.TestFile    ... finished proof: closed. 
225996     INFO  main            d.u.i.k.p.i.AbstractProblemLoader Loading environment from /home/runner/work/key/key/key.core/../key.ui/examples/standard_key/java_dl/jml-free/ensuresFree.key.proof 
225996     DEBUG main            d.u.i.k.p.i.AbstractProblemLoader Environment load took 102.5ns 
225997     INFO  main            d.u.i.k.p.i.AbstractProblemLoader Creating init config 
228379     DEBUG main            d.u.i.k.p.i.AbstractProblemLoader Init config took 2.38s 
228412     INFO  main            d.u.i.k.p.i.AbstractProblemLoader Replaying proof EnsuresFree[EnsuresFree::test()].JML operation contract.0 
228427     DEBUG main            d.u.i.k.p.i.IntermediateProofReplayer Proof replay took 13.21ms 
228428     DEBUG main            d.u.i.k.p.r.p.TestFile    ... success: reloaded. 
228429     INFO  main            d.u.i.k.p.r.p.TestFile    Now processing file /home/runner/work/key/key/key.core/../key.ui/examples/standard_key/java_dl/jml-information-flow.key 
228429     INFO  main            d.u.i.k.p.i.AbstractProblemLoader Loading environment from /home/runner/work/key/key/key.core/../key.ui/examples/standard_key/java_dl/jml-information-flow.key 
228429     DEBUG main            d.u.i.k.p.i.AbstractProblemLoader Environment load took 91.6ns 
228434     INFO  main            d.u.i.k.p.i.AbstractProblemLoader Creating init config 
231057     DEBUG main            d.u.i.k.p.i.AbstractProblemLoader Init config took 2.62s 
231072     INFO  main            d.u.i.k.p.i.AbstractProblemLoader Replaying proof jml-information-flow.key 
231074     DEBUG main            d.u.i.k.p.i.IntermediateProofReplayer Proof replay took 7.9ns 
343765     INFO  main            d.u.i.k.p.r.p.TestFile    ... finished proof: closed. 
344321     INFO  main            d.u.i.k.p.i.AbstractProblemLoader Loading environment from /home/runner/work/key/key/key.core/../key.ui/examples/standard_key/java_dl/jml-information-flow.key.proof 
344322     DEBUG main            d.u.i.k.p.i.AbstractProblemLoader Environment load took 356.11ns 
344331     INFO  main            d.u.i.k.p.i.AbstractProblemLoader Creating init config 
346811     DEBUG main            d.u.i.k.p.i.AbstractProblemLoader Init config took 2.48s 
346827     INFO  main            d.u.i.k.p.i.AbstractProblemLoader Replaying proof jml-information-flow.key.proof 
349510     DEBUG main            d.u.i.k.p.i.IntermediateProofReplayer Proof replay took 2.56s 
349574     DEBUG main            d.u.i.k.p.r.p.TestFile    ... success: reloaded. 
349586     INFO  main            d.u.i.k.p.r.p.TestFile    Now processing file /home/runner/work/key/key/key.core/../key.ui/examples/standard_key/java_dl/jml-min/min-unprovable1.key 
349586     INFO  main            d.u.i.k.p.i.AbstractProblemLoader Loading environment from /home/runner/work/key/key/key.core/../key.ui/examples/standard_key/java_dl/jml-min/min-unprovable1.key 
349587     DEBUG main            d.u.i.k.p.i.AbstractProblemLoader Environment load took 200.3ns 
349588     INFO  main            d.u.i.k.p.i.AbstractProblemLoader Creating init config 
352231     DEBUG main            d.u.i.k.p.i.AbstractProblemLoader Init config took 2.64s 
352264     INFO  main            d.u.i.k.p.i.AbstractProblemLoader Replaying proof Min[Min::foo()].JML operation contract.0 
352265     DEBUG main            d.u.i.k.p.i.IntermediateProofReplayer Proof replay took 8ns 
352367     INFO  main            d.u.i.k.p.r.p.TestFile    ... finished proof: open goal(s) 
352895     INFO  main            d.u.i.k.p.r.p.TestFile    Now processing file /home/runner/work/key/key/key.core/../key.ui/examples/standard_key/java_dl/jml-min/min-unprovable2.key 
352896     INFO  main            d.u.i.k.p.i.AbstractProblemLoader Loading environment from /home/runner/work/key/key/key.core/../key.ui/examples/standard_key/java_dl/jml-min/min-unprovable2.key 
352896     DEBUG main            d.u.i.k.p.i.AbstractProblemLoader Environment load took 48ns 
352896     INFO  main            d.u.i.k.p.i.AbstractProblemLoader Creating init config 
355253     DEBUG main            d.u.i.k.p.i.AbstractProblemLoader Init config took 2.36s 
355285     INFO  main            d.u.i.k.p.i.AbstractProblemLoader Replaying proof Min[Min::foo2()].JML operation contract.0 
355286     DEBUG main            d.u.i.k.p.i.IntermediateProofReplayer Proof replay took 6.9ns 
355388     INFO  main            d.u.i.k.p.r.p.TestFile    ... finished proof: open goal(s) 
355766     INFO  main            d.u.i.k.p.r.p.TestFile    Now processing file /home/runner/work/key/key/key.core/../key.ui/examples/standard_key/java_dl/methodCall.key 
355767     INFO  main            d.u.i.k.p.i.AbstractProblemLoader Loading environment from /home/runner/work/key/key/key.core/../key.ui/examples/standard_key/java_dl/methodCall.key 
355767     DEBUG main            d.u.i.k.p.i.AbstractProblemLoader Environment load took 60.1ns 
355768     INFO  main            d.u.i.k.p.i.AbstractProblemLoader Creating init config 
358132     DEBUG main            d.u.i.k.p.i.AbstractProblemLoader Init config took 2.36s 
358145     INFO  main            d.u.i.k.p.i.AbstractProblemLoader Replaying proof methodCall.key 
358147     DEBUG main            d.u.i.k.p.i.IntermediateProofReplayer Proof replay took 7.8ns 
358248     INFO  main            d.u.i.k.p.r.p.TestFile    ... finished proof: closed. 
358622     INFO  main            d.u.i.k.p.i.AbstractProblemLoader Loading environment from /home/runner/work/key/key/key.core/../key.ui/examples/standard_key/java_dl/methodCall.key.proof 
358622     DEBUG main            d.u.i.k.p.i.AbstractProblemLoader Environment load took 85ns 
358623     INFO  main            d.u.i.k.p.i.AbstractProblemLoader Creating init config 
361005     DEBUG main            d.u.i.k.p.i.AbstractProblemLoader Init config took 2.38s 
361019     INFO  main            d.u.i.k.p.i.AbstractProblemLoader Replaying proof methodCall.key.proof 
361022     DEBUG main            d.u.i.k.p.i.IntermediateProofReplayer Proof replay took 1.74ms 
361023     DEBUG main            d.u.i.k.p.r.p.TestFile    ... success: reloaded. 
361023     INFO  main            d.u.i.k.p.r.p.TestFile    Now processing file /home/runner/work/key/key/key.core/../key.ui/examples/standard_key/java_dl/methodCall1.key 
361024     INFO  main            d.u.i.k.p.i.AbstractProblemLoader Loading environment from /home/runner/work/key/key/key.core/../key.ui/examples/standard_key/java_dl/methodCall1.key 
361024     DEBUG main            d.u.i.k.p.i.AbstractProblemLoader Environment load took 47.7ns 
361026     INFO  main            d.u.i.k.p.i.AbstractProblemLoader Creating init config 
363419     DEBUG main            d.u.i.k.p.i.AbstractProblemLoader Init config took 2.39s 
363433     INFO  main            d.u.i.k.p.i.AbstractProblemLoader Replaying proof methodCall1.key 
363434     DEBUG main            d.u.i.k.p.i.IntermediateProofReplayer Proof replay took 7.1ns 
363536     INFO  main            d.u.i.k.p.r.p.TestFile    ... finished proof: closed. 
363930     INFO  main            d.u.i.k.p.i.AbstractProblemLoader Loading environment from /home/runner/work/key/key/key.core/../key.ui/examples/standard_key/java_dl/methodCall1.key.proof 
363930     DEBUG main            d.u.i.k.p.i.AbstractProblemLoader Environment load took 102.6ns 
363931     INFO  main            d.u.i.k.p.i.AbstractProblemLoader Creating init config 
366301     DEBUG main            d.u.i.k.p.i.AbstractProblemLoader Init config took 2.37s 
366315     INFO  main            d.u.i.k.p.i.AbstractProblemLoader Replaying proof methodCall1.key.proof 
366327     DEBUG main            d.u.i.k.p.i.IntermediateProofReplayer Proof replay took 9.71ms 
366328     DEBUG main            d.u.i.k.p.r.p.TestFile    ... success: reloaded. 
366328     INFO  main            d.u.i.k.p.r.p.TestFile    Now processing file /home/runner/work/key/key/key.core/../key.ui/examples/standard_key/java_dl/methodCall1box.key 
366329     INFO  main            d.u.i.k.p.i.AbstractProblemLoader Loading environment from /home/runner/work/key/key/key.core/../key.ui/examples/standard_key/java_dl/methodCall1box.key 
366329     DEBUG main            d.u.i.k.p.i.AbstractProblemLoader Environment load took 160.2ns 
366330     INFO  main            d.u.i.k.p.i.AbstractProblemLoader Creating init config 
368726     DEBUG main            d.u.i.k.p.i.AbstractProblemLoader Init config took 2.4s 
368739     INFO  main            d.u.i.k.p.i.AbstractProblemLoader Replaying proof methodCall1box.key 
368741     DEBUG main            d.u.i.k.p.i.IntermediateProofReplayer Proof replay took 11.1ns 
368842     INFO  main            d.u.i.k.p.r.p.TestFile    ... finished proof: closed. 
369235     INFO  main            d.u.i.k.p.i.AbstractProblemLoader Loading environment from /home/runner/work/key/key/key.core/../key.ui/examples/standard_key/java_dl/methodCall1box.key.proof 
369235     DEBUG main            d.u.i.k.p.i.AbstractProblemLoader Environment load took 90.3ns 
369236     INFO  main            d.u.i.k.p.i.AbstractProblemLoader Creating init config 
371606     DEBUG main            d.u.i.k.p.i.AbstractProblemLoader Init config took 2.37s 
371619     INFO  main            d.u.i.k.p.i.AbstractProblemLoader Replaying proof methodCall1box.key.proof 
371631     DEBUG main            d.u.i.k.p.i.IntermediateProofReplayer Proof replay took 10.34ms 
371632     DEBUG main            d.u.i.k.p.r.p.TestFile    ... success: reloaded. 
371633     INFO  main            d.u.i.k.p.r.p.TestFile    Now processing file /home/runner/work/key/key/key.core/../key.ui/examples/standard_key/java_dl/methodCall3.key 
371633     INFO  main            d.u.i.k.p.i.AbstractProblemLoader Loading environment from /home/runner/work/key/key/key.core/../key.ui/examples/standard_key/java_dl/methodCall3.key 
371633     DEBUG main            d.u.i.k.p.i.AbstractProblemLoader Environment load took 74.8ns 
371634     INFO  main            d.u.i.k.p.i.AbstractProblemLoader Creating init config 
374030     DEBUG main            d.u.i.k.p.i.AbstractProblemLoader Init config took 2.4s 
374045     INFO  main            d.u.i.k.p.i.AbstractProblemLoader Replaying proof methodCall3.key 
374047     DEBUG main            d.u.i.k.p.i.IntermediateProofReplayer Proof replay took 8ns 
374149     INFO  main            d.u.i.k.p.r.p.TestFile    ... finished proof: closed. 
374548     INFO  main            d.u.i.k.p.i.AbstractProblemLoader Loading environment from /home/runner/work/key/key/key.core/../key.ui/examples/standard_key/java_dl/methodCall3.key.proof 
374548     DEBUG main            d.u.i.k.p.i.AbstractProblemLoader Environment load took 99.1ns 
374549     INFO  main            d.u.i.k.p.i.AbstractProblemLoader Creating init config 
376908     DEBUG main            d.u.i.k.p.i.AbstractProblemLoader Init config took 2.36s 
376921     INFO  main            d.u.i.k.p.i.AbstractProblemLoader Replaying proof methodCall3.key.proof 
376929     DEBUG main            d.u.i.k.p.i.IntermediateProofReplayer Proof replay took 6.55ms 
376930     DEBUG main            d.u.i.k.p.r.p.TestFile    ... success: reloaded. 
376931     INFO  main            d.u.i.k.p.r.p.TestFile    Now processing file /home/runner/work/key/key/key.core/../key.ui/examples/standard_key/java_dl/polishFlagSort.key 
376931     INFO  main            d.u.i.k.p.i.AbstractProblemLoader Loading environment from /home/runner/work/key/key/key.core/../key.ui/examples/standard_key/java_dl/polishFlagSort.key 
376931     DEBUG main            d.u.i.k.p.i.AbstractProblemLoader Environment load took 50.2ns 
376933     INFO  main            d.u.i.k.p.i.AbstractProblemLoader Creating init config 
379389     DEBUG main            d.u.i.k.p.i.AbstractProblemLoader Init config took 2.46s 
379402     INFO  main            d.u.i.k.p.i.AbstractProblemLoader Replaying proof polishFlagSort.key 
379404     DEBUG main            d.u.i.k.p.i.IntermediateProofReplayer Proof replay took 7.7ns 
381530     INFO  main            d.u.i.k.p.r.p.TestFile    ... finished proof: closed. 
381988     INFO  main            d.u.i.k.p.i.AbstractProblemLoader Loading environment from /home/runner/work/key/key/key.core/../key.ui/examples/standard_key/java_dl/polishFlagSort.key.proof 
381988     DEBUG main            d.u.i.k.p.i.AbstractProblemLoader Environment load took 353.11ns 
381990     INFO  main            d.u.i.k.p.i.AbstractProblemLoader Creating init config 
384392     DEBUG main            d.u.i.k.p.i.AbstractProblemLoader Init config took 2.4s 
384407     INFO  main            d.u.i.k.p.i.AbstractProblemLoader Replaying proof polishFlagSort.key.proof 
384654     DEBUG main            d.u.i.k.p.i.IntermediateProofReplayer Proof replay took 233.92ms 
384656     DEBUG main            d.u.i.k.p.r.p.TestFile    ... success: reloaded. 
384657     INFO  main            d.u.i.k.p.r.p.TestFile    Now processing file /home/runner/work/key/key/key.core/../key.ui/examples/standard_key/java_dl/postConditionTaclets1.key 
384657     INFO  main            d.u.i.k.p.i.AbstractProblemLoader Loading environment from /home/runner/work/key/key/key.core/../key.ui/examples/standard_key/java_dl/postConditionTaclets1.key 
384658     DEBUG main            d.u.i.k.p.i.AbstractProblemLoader Environment load took 171.21ns 
384675     INFO  main            d.u.i.k.p.i.AbstractProblemLoader Creating init config 
387027     DEBUG main            d.u.i.k.p.i.AbstractProblemLoader Init config took 2.35s 
387041     INFO  main            d.u.i.k.p.i.AbstractProblemLoader Replaying proof postConditionTaclets1.key 
387043     DEBUG main            d.u.i.k.p.i.IntermediateProofReplayer Proof replay took 7.4ns 
387148     INFO  main            d.u.i.k.p.r.p.TestFile    ... finished proof: closed. 
387613     INFO  main            d.u.i.k.p.i.AbstractProblemLoader Loading environment from /home/runner/work/key/key/key.core/../key.ui/examples/standard_key/java_dl/postConditionTaclets1.key.proof 
387613     DEBUG main            d.u.i.k.p.i.AbstractProblemLoader Environment load took 95.8ns 
387614     INFO  main            d.u.i.k.p.i.AbstractProblemLoader Creating init config 
389942     DEBUG main            d.u.i.k.p.i.AbstractProblemLoader Init config took 2.33s 
389955     INFO  main            d.u.i.k.p.i.AbstractProblemLoader Replaying proof postConditionTaclets1.key.proof 
389957     DEBUG main            d.u.i.k.p.i.IntermediateProofReplayer Proof replay took 309.51ns 
389957     DEBUG main            d.u.i.k.p.r.p.TestFile    ... success: reloaded. 
389958     INFO  main            d.u.i.k.p.r.p.TestFile    Now processing file /home/runner/work/key/key/key.core/../key.ui/examples/standard_key/java_dl/postConditionTaclets2.key 
389958     INFO  main            d.u.i.k.p.i.AbstractProblemLoader Loading environment from /home/runner/work/key/key/key.core/../key.ui/examples/standard_key/java_dl/postConditionTaclets2.key 
389958     DEBUG main            d.u.i.k.p.i.AbstractProblemLoader Environment load took 49ns 
389959     INFO  main            d.u.i.k.p.i.AbstractProblemLoader Creating init config 
392288     DEBUG main            d.u.i.k.p.i.AbstractProblemLoader Init config took 2.33s 
392302     INFO  main            d.u.i.k.p.i.AbstractProblemLoader Replaying proof postConditionTaclets2.key 
392304     DEBUG main            d.u.i.k.p.i.IntermediateProofReplayer Proof replay took 6.3ns 
392405     INFO  main            d.u.i.k.p.r.p.TestFile    ... finished proof: closed. 
392833     INFO  main            d.u.i.k.p.i.AbstractProblemLoader Loading environment from /home/runner/work/key/key/key.core/../key.ui/examples/standard_key/java_dl/postConditionTaclets2.key.proof 
392833     DEBUG main            d.u.i.k.p.i.AbstractProblemLoader Environment load took 89.91ns 
392834     INFO  main            d.u.i.k.p.i.AbstractProblemLoader Creating init config 
395126     DEBUG main            d.u.i.k.p.i.AbstractProblemLoader Init config took 2.29s 
395139     INFO  main            d.u.i.k.p.i.AbstractProblemLoader Replaying proof postConditionTaclets2.key.proof 
395141     DEBUG main            d.u.i.k.p.i.IntermediateProofReplayer Proof replay took 521.12ns 
395142     DEBUG main            d.u.i.k.p.r.p.TestFile    ... success: reloaded. 
395142     INFO  main            d.u.i.k.p.r.p.TestFile    Now processing file /home/runner/work/key/key/key.core/../key.ui/examples/standard_key/java_dl/quantifiedQuery.key 
395143     INFO  main            d.u.i.k.p.i.AbstractProblemLoader Loading environment from /home/runner/work/key/key/key.core/../key.ui/examples/standard_key/java_dl/quantifiedQuery.key 
395143     DEBUG main            d.u.i.k.p.i.AbstractProblemLoader Environment load took 44.9ns 
395144     INFO  main            d.u.i.k.p.i.AbstractProblemLoader Creating init config 
397520     DEBUG main            d.u.i.k.p.i.AbstractProblemLoader Init config took 2.38s 
397534     INFO  main            d.u.i.k.p.i.AbstractProblemLoader Replaying proof quantifiedQuery.key 
397536     DEBUG main            d.u.i.k.p.i.IntermediateProofReplayer Proof replay took 14.9ns 
397638     INFO  main            d.u.i.k.p.r.p.TestFile    ... finished proof: closed. 
398101     INFO  main            d.u.i.k.p.i.AbstractProblemLoader Loading environment from /home/runner/work/key/key/key.core/../key.ui/examples/standard_key/java_dl/quantifiedQuery.key.proof 
398101     DEBUG main            d.u.i.k.p.i.AbstractProblemLoader Environment load took 86.9ns 
398102     INFO  main            d.u.i.k.p.i.AbstractProblemLoader Creating init config 
400466     DEBUG main            d.u.i.k.p.i.AbstractProblemLoader Init config took 2.36s 
400480     INFO  main            d.u.i.k.p.i.AbstractProblemLoader Replaying proof quantifiedQuery.key.proof 
400489     DEBUG main            d.u.i.k.p.i.IntermediateProofReplayer Proof replay took 7.35ms 
400490     DEBUG main            d.u.i.k.p.r.p.TestFile    ... success: reloaded. 
400491     INFO  main            d.u.i.k.p.r.p.TestFile    Now processing file /home/runner/work/key/key/key.core/../key.ui/examples/standard_key/java_dl/recursion/triangular.key 
400491     INFO  main            d.u.i.k.p.i.AbstractProblemLoader Loading environment from /home/runner/work/key/key/key.core/../key.ui/examples/standard_key/java_dl/recursion/triangular.key 
400491     DEBUG main            d.u.i.k.p.i.AbstractProblemLoader Environment load took 77.1ns 
400492     INFO  main            d.u.i.k.p.i.AbstractProblemLoader Creating init config 
402864     DEBUG main            d.u.i.k.p.i.AbstractProblemLoader Init config took 2.37s 
402900     INFO  main            d.u.i.k.p.i.AbstractProblemLoader Replaying proof Triangular[Triangular::tria(int)].JML normal_behavior operation contract.0 
402902     DEBUG main            d.u.i.k.p.i.IntermediateProofReplayer Proof replay took 7.2ns 
403104     INFO  main            d.u.i.k.p.r.p.TestFile    ... finished proof: closed. 
403552     INFO  main            d.u.i.k.p.i.AbstractProblemLoader Loading environment from /home/runner/work/key/key/key.core/../key.ui/examples/standard_key/java_dl/recursion/triangular.key.proof 
403552     DEBUG main            d.u.i.k.p.i.AbstractProblemLoader Environment load took 101.2ns 
403553     INFO  main            d.u.i.k.p.i.AbstractProblemLoader Creating init config 
405918     DEBUG main            d.u.i.k.p.i.AbstractProblemLoader Init config took 2.36s 
405950     INFO  main            d.u.i.k.p.i.AbstractProblemLoader Replaying proof Triangular[Triangular::tria(int)].JML normal_behavior operation contract.0 
405975     DEBUG main            d.u.i.k.p.i.IntermediateProofReplayer Proof replay took 22.57ms 
405976     DEBUG main            d.u.i.k.p.r.p.TestFile    ... success: reloaded. 
405976     INFO  main            d.u.i.k.p.r.p.TestFile    Now processing file /home/runner/work/key/key/key.core/../key.ui/examples/standard_key/java_dl/reverseArray.key 
405977     INFO  main            d.u.i.k.p.i.AbstractProblemLoader Loading environment from /home/runner/work/key/key/key.core/../key.ui/examples/standard_key/java_dl/reverseArray.key 
405977     DEBUG main            d.u.i.k.p.i.AbstractProblemLoader Environment load took 72.5ns 
405979     INFO  main            d.u.i.k.p.i.AbstractProblemLoader Creating init config 
405999     WARN  main            d.u.i.k.j.r.KeYCrossReferenceNameInfo Datatype java.io.PrintStream declared twice: Once in FILE:/home/runner/work/key/key/key.core/../key.ui/examples/standard_key/java_dl/./classpath/PrintStream.java and once in URL:file:/home/runner/work/key/key/key.core/build/resources/main/de/uka/ilkd/key/java/JavaRedux/java/io/PrintStream.java, Keeping one from URL:file:/home/runner/work/key/key/key.core/build/resources/main/de/uka/ilkd/key/java/JavaRedux/java/io/PrintStream.java 
405999     WARN  main            d.u.i.k.j.r.KeYCrossReferenceNameInfo Datatype java.lang.System declared twice: Once in FILE:/home/runner/work/key/key/key.core/../key.ui/examples/standard_key/java_dl/./classpath/System.java and once in URL:file:/home/runner/work/key/key/key.core/build/resources/main/de/uka/ilkd/key/java/JavaRedux/java/lang/System.java, Keeping one from URL:file:/home/runner/work/key/key/key.core/build/resources/main/de/uka/ilkd/key/java/JavaRedux/java/lang/System.java 
405999     WARN  main            d.u.i.k.j.r.KeYCrossReferenceNameInfo Datatype java.io.InputStream declared twice: Once in FILE:/home/runner/work/key/key/key.core/../key.ui/examples/standard_key/java_dl/./classpath/InputStream.java and once in URL:file:/home/runner/work/key/key/key.core/build/resources/main/de/uka/ilkd/key/java/JavaRedux/java/io/InputStream.java, Keeping one from URL:file:/home/runner/work/key/key/key.core/build/resources/main/de/uka/ilkd/key/java/JavaRedux/java/io/InputStream.java 
406002     DEBUG main            d.u.i.k.j.r.ClassFileDeclarationBuilder Parsing: package java.io; public class Closeable { } 
406002     DEBUG main            r.s.KeYCrossReferenceSourceInfo Dynamically created class: java.io.Closeable 
408557     DEBUG main            d.u.i.k.p.i.AbstractProblemLoader Init config took 2.58s 
408572     INFO  main            d.u.i.k.p.i.AbstractProblemLoader Replaying proof reverseArray.key 
408573     DEBUG main            d.u.i.k.p.i.IntermediateProofReplayer Proof replay took 6.6ns 
412917     INFO  main            d.u.i.k.p.r.p.TestFile    ... finished proof: closed. 
413409     INFO  main            d.u.i.k.p.i.AbstractProblemLoader Loading environment from /home/runner/work/key/key/key.core/../key.ui/examples/standard_key/java_dl/reverseArray.key.proof 
413410     DEBUG main            d.u.i.k.p.i.AbstractProblemLoader Environment load took 347.11ns 
413412     INFO  main            d.u.i.k.p.i.AbstractProblemLoader Creating init config 
413433     WARN  main            d.u.i.k.j.r.KeYCrossReferenceNameInfo Datatype java.io.PrintStream declared twice: Once in FILE:/home/runner/work/key/key/key.core/../key.ui/examples/standard_key/java_dl/classpath/PrintStream.java and once in URL:file:/home/runner/work/key/key/key.core/build/resources/main/de/uka/ilkd/key/java/JavaRedux/java/io/PrintStream.java, Keeping one from URL:file:/home/runner/work/key/key/key.core/build/resources/main/de/uka/ilkd/key/java/JavaRedux/java/io/PrintStream.java 
413433     WARN  main            d.u.i.k.j.r.KeYCrossReferenceNameInfo Datatype java.lang.System declared twice: Once in FILE:/home/runner/work/key/key/key.core/../key.ui/examples/standard_key/java_dl/classpath/System.java and once in URL:file:/home/runner/work/key/key/key.core/build/resources/main/de/uka/ilkd/key/java/JavaRedux/java/lang/System.java, Keeping one from URL:file:/home/runner/work/key/key/key.core/build/resources/main/de/uka/ilkd/key/java/JavaRedux/java/lang/System.java 
413433     WARN  main            d.u.i.k.j.r.KeYCrossReferenceNameInfo Datatype java.io.InputStream declared twice: Once in FILE:/home/runner/work/key/key/key.core/../key.ui/examples/standard_key/java_dl/classpath/InputStream.java and once in URL:file:/home/runner/work/key/key/key.core/build/resources/main/de/uka/ilkd/key/java/JavaRedux/java/io/InputStream.java, Keeping one from URL:file:/home/runner/work/key/key/key.core/build/resources/main/de/uka/ilkd/key/java/JavaRedux/java/io/InputStream.java 
413436     DEBUG main            d.u.i.k.j.r.ClassFileDeclarationBuilder Parsing: package java.io; public class Closeable { } 
413436     DEBUG main            r.s.KeYCrossReferenceSourceInfo Dynamically created class: java.io.Closeable 
415841     DEBUG main            d.u.i.k.p.i.AbstractProblemLoader Init config took 2.43s 
415855     INFO  main            d.u.i.k.p.i.AbstractProblemLoader Replaying proof reverseArray.key.proof 
416263     DEBUG main            d.u.i.k.p.i.IntermediateProofReplayer Proof replay took 394.92ms 
416265     DEBUG main            d.u.i.k.p.r.p.TestFile    ... success: reloaded. 
416266     INFO  main            d.u.i.k.p.r.p.TestFile    Now processing file /home/runner/work/key/key/key.core/../key.ui/examples/standard_key/java_dl/reverseArray2.key 
416266     INFO  main            d.u.i.k.p.i.AbstractProblemLoader Loading environment from /home/runner/work/key/key/key.core/../key.ui/examples/standard_key/java_dl/reverseArray2.key 
416266     DEBUG main            d.u.i.k.p.i.AbstractProblemLoader Environment load took 94.4ns 
416268     INFO  main            d.u.i.k.p.i.AbstractProblemLoader Creating init config 
416288     WARN  main            d.u.i.k.j.r.KeYCrossReferenceNameInfo Datatype java.io.PrintStream declared twice: Once in FILE:/home/runner/work/key/key/key.core/../key.ui/examples/standard_key/java_dl/classpath/PrintStream.java and once in URL:file:/home/runner/work/key/key/key.core/build/resources/main/de/uka/ilkd/key/java/JavaRedux/java/io/PrintStream.java, Keeping one from URL:file:/home/runner/work/key/key/key.core/build/resources/main/de/uka/ilkd/key/java/JavaRedux/java/io/PrintStream.java 
416288     WARN  main            d.u.i.k.j.r.KeYCrossReferenceNameInfo Datatype java.lang.System declared twice: Once in FILE:/home/runner/work/key/key/key.core/../key.ui/examples/standard_key/java_dl/classpath/System.java and once in URL:file:/home/runner/work/key/key/key.core/build/resources/main/de/uka/ilkd/key/java/JavaRedux/java/lang/System.java, Keeping one from URL:file:/home/runner/work/key/key/key.core/build/resources/main/de/uka/ilkd/key/java/JavaRedux/java/lang/System.java 
416288     WARN  main            d.u.i.k.j.r.KeYCrossReferenceNameInfo Datatype java.io.InputStream declared twice: Once in FILE:/home/runner/work/key/key/key.core/../key.ui/examples/standard_key/java_dl/classpath/InputStream.java and once in URL:file:/home/runner/work/key/key/key.core/build/resources/main/de/uka/ilkd/key/java/JavaRedux/java/io/InputStream.java, Keeping one from URL:file:/home/runner/work/key/key/key.core/build/resources/main/de/uka/ilkd/key/java/JavaRedux/java/io/InputStream.java 
416291     DEBUG main            d.u.i.k.j.r.ClassFileDeclarationBuilder Parsing: package java.io; public class Closeable { } 
416291     DEBUG main            r.s.KeYCrossReferenceSourceInfo Dynamically created class: java.io.Closeable 
418849     DEBUG main            d.u.i.k.p.i.AbstractProblemLoader Init config took 2.58s 
418863     INFO  main            d.u.i.k.p.i.AbstractProblemLoader Replaying proof reverseArray2.key 
418864     DEBUG main            d.u.i.k.p.i.IntermediateProofReplayer Proof replay took 40.4ns 
420171     INFO  main            d.u.i.k.p.r.p.TestFile    ... finished proof: closed. 
420710     INFO  main            d.u.i.k.p.i.AbstractProblemLoader Loading environment from /home/runner/work/key/key/key.core/../key.ui/examples/standard_key/java_dl/reverseArray2.key.proof 
420710     DEBUG main            d.u.i.k.p.i.AbstractProblemLoader Environment load took 339.01ns 
420712     INFO  main            d.u.i.k.p.i.AbstractProblemLoader Creating init config 
420732     WARN  main            d.u.i.k.j.r.KeYCrossReferenceNameInfo Datatype java.io.PrintStream declared twice: Once in FILE:/home/runner/work/key/key/key.core/../key.ui/examples/standard_key/java_dl/classpath/PrintStream.java and once in URL:file:/home/runner/work/key/key/key.core/build/resources/main/de/uka/ilkd/key/java/JavaRedux/java/io/PrintStream.java, Keeping one from URL:file:/home/runner/work/key/key/key.core/build/resources/main/de/uka/ilkd/key/java/JavaRedux/java/io/PrintStream.java 
420732     WARN  main            d.u.i.k.j.r.KeYCrossReferenceNameInfo Datatype java.lang.System declared twice: Once in FILE:/home/runner/work/key/key/key.core/../key.ui/examples/standard_key/java_dl/classpath/System.java and once in URL:file:/home/runner/work/key/key/key.core/build/resources/main/de/uka/ilkd/key/java/JavaRedux/java/lang/System.java, Keeping one from URL:file:/home/runner/work/key/key/key.core/build/resources/main/de/uka/ilkd/key/java/JavaRedux/java/lang/System.java 
420732     WARN  main            d.u.i.k.j.r.KeYCrossReferenceNameInfo Datatype java.io.InputStream declared twice: Once in FILE:/home/runner/work/key/key/key.core/../key.ui/examples/standard_key/java_dl/classpath/InputStream.java and once in URL:file:/home/runner/work/key/key/key.core/build/resources/main/de/uka/ilkd/key/java/JavaRedux/java/io/InputStream.java, Keeping one from URL:file:/home/runner/work/key/key/key.core/build/resources/main/de/uka/ilkd/key/java/JavaRedux/java/io/InputStream.java 
420735     DEBUG main            d.u.i.k.j.r.ClassFileDeclarationBuilder Parsing: package java.io; public class Closeable { } 
420736     DEBUG main            r.s.KeYCrossReferenceSourceInfo Dynamically created class: java.io.Closeable 
423204     DEBUG main            d.u.i.k.p.i.AbstractProblemLoader Init config took 2.49s 
423218     INFO  main            d.u.i.k.p.i.AbstractProblemLoader Replaying proof reverseArray2.key.proof 
423371     DEBUG main            d.u.i.k.p.i.IntermediateProofReplayer Proof replay took 147.83ms 
423372     DEBUG main            d.u.i.k.p.r.p.TestFile    ... success: reloaded. 
423373     INFO  main            d.u.i.k.p.r.p.TestFile    Now processing file /home/runner/work/key/key/key.core/../key.ui/examples/standard_key/java_dl/simpleAssignment.key 
423374     INFO  main            d.u.i.k.p.i.AbstractProblemLoader Loading environment from /home/runner/work/key/key/key.core/../key.ui/examples/standard_key/java_dl/simpleAssignment.key 
423374     DEBUG main            d.u.i.k.p.i.AbstractProblemLoader Environment load took 76ns 
423374     INFO  main            d.u.i.k.p.i.AbstractProblemLoader Creating init config 
425739     DEBUG main            d.u.i.k.p.i.AbstractProblemLoader Init config took 2.36s 
425753     INFO  main            d.u.i.k.p.i.AbstractProblemLoader Replaying proof simpleAssignment.key 
425754     DEBUG main            d.u.i.k.p.i.IntermediateProofReplayer Proof replay took 3ns 
425856     INFO  main            d.u.i.k.p.r.p.TestFile    ... finished proof: closed. 
426342     INFO  main            d.u.i.k.p.i.AbstractProblemLoader Loading environment from /home/runner/work/key/key/key.core/../key.ui/examples/standard_key/java_dl/simpleAssignment.key.proof 
426342     DEBUG main            d.u.i.k.p.i.AbstractProblemLoader Environment load took 88ns 
426343     INFO  main            d.u.i.k.p.i.AbstractProblemLoader Creating init config 
428647     DEBUG main            d.u.i.k.p.i.AbstractProblemLoader Init config took 2.3s 
428660     INFO  main            d.u.i.k.p.i.AbstractProblemLoader Replaying proof simpleAssignment.key.proof 
428662     DEBUG main            d.u.i.k.p.i.IntermediateProofReplayer Proof replay took 624.02ns 
428663     DEBUG main            d.u.i.k.p.r.p.TestFile    ... success: reloaded. 
428663     INFO  main            d.u.i.k.p.r.p.TestFile    Now processing file /home/runner/work/key/key/key.core/../key.ui/examples/standard_key/java_dl/simpleAssignment2.key 
428664     INFO  main            d.u.i.k.p.i.AbstractProblemLoader Loading environment from /home/runner/work/key/key/key.core/../key.ui/examples/standard_key/java_dl/simpleAssignment2.key 
428664     DEBUG main            d.u.i.k.p.i.AbstractProblemLoader Environment load took 46.8ns 
428664     INFO  main            d.u.i.k.p.i.AbstractProblemLoader Creating init config 
430990     DEBUG main            d.u.i.k.p.i.AbstractProblemLoader Init config took 2.33s 
431004     INFO  main            d.u.i.k.p.i.AbstractProblemLoader Replaying proof simpleAssignment2.key 
431005     DEBUG main            d.u.i.k.p.i.IntermediateProofReplayer Proof replay took 3.8ns 
431107     INFO  main            d.u.i.k.p.r.p.TestFile    ... finished proof: closed. 
431563     INFO  main            d.u.i.k.p.i.AbstractProblemLoader Loading environment from /home/runner/work/key/key/key.core/../key.ui/examples/standard_key/java_dl/simpleAssignment2.key.proof 
431563     DEBUG main            d.u.i.k.p.i.AbstractProblemLoader Environment load took 95.2ns 
431564     INFO  main            d.u.i.k.p.i.AbstractProblemLoader Creating init config 
433876     DEBUG main            d.u.i.k.p.i.AbstractProblemLoader Init config took 2.31s 
433889     INFO  main            d.u.i.k.p.i.AbstractProblemLoader Replaying proof simpleAssignment2.key.proof 
433891     DEBUG main            d.u.i.k.p.i.IntermediateProofReplayer Proof replay took 444.01ns 
433892     DEBUG main            d.u.i.k.p.r.p.TestFile    ... success: reloaded. 
433892     INFO  main            d.u.i.k.p.r.p.TestFile    Now processing file /home/runner/work/key/key/key.core/../key.ui/examples/standard_key/java_dl/splittingWithQueries.key 
433892     INFO  main            d.u.i.k.p.i.AbstractProblemLoader Loading environment from /home/runner/work/key/key/key.core/../key.ui/examples/standard_key/java_dl/splittingWithQueries.key 
433892     DEBUG main            d.u.i.k.p.i.AbstractProblemLoader Environment load took 45.9ns 
433893     INFO  main            d.u.i.k.p.i.AbstractProblemLoader Creating init config 
436293     DEBUG main            d.u.i.k.p.i.AbstractProblemLoader Init config took 2.4s 
436306     INFO  main            d.u.i.k.p.i.AbstractProblemLoader Replaying proof splittingWithQueries.key 
436307     DEBUG main            d.u.i.k.p.i.IntermediateProofReplayer Proof replay took 4.1ns 
436409     INFO  main            d.u.i.k.p.r.p.TestFile    ... finished proof: closed. 
436890     INFO  main            d.u.i.k.p.i.AbstractProblemLoader Loading environment from /home/runner/work/key/key/key.core/../key.ui/examples/standard_key/java_dl/splittingWithQueries.key.proof 
436890     DEBUG main            d.u.i.k.p.i.AbstractProblemLoader Environment load took 92.9ns 
436891     INFO  main            d.u.i.k.p.i.AbstractProblemLoader Creating init config 
439259     DEBUG main            d.u.i.k.p.i.AbstractProblemLoader Init config took 2.37s 
439272     INFO  main            d.u.i.k.p.i.AbstractProblemLoader Replaying proof splittingWithQueries.key.proof 
439275     DEBUG main            d.u.i.k.p.i.IntermediateProofReplayer Proof replay took 1.2ms 
439276     DEBUG main            d.u.i.k.p.r.p.TestFile    ... success: reloaded. 
439277     INFO  main            d.u.i.k.p.r.p.TestFile    Now processing file /home/runner/work/key/key/key.core/../key.ui/examples/standard_key/java_dl/strassen/strassen.key 
439277     INFO  main            d.u.i.k.p.i.AbstractProblemLoader Loading environment from /home/runner/work/key/key/key.core/../key.ui/examples/standard_key/java_dl/strassen/strassen.key 
439277     DEBUG main            d.u.i.k.p.i.AbstractProblemLoader Environment load took 77.9ns 
439278     INFO  main            d.u.i.k.p.i.AbstractProblemLoader Creating init config 
441806     DEBUG main            d.u.i.k.p.i.AbstractProblemLoader Init config took 2.53s 
441841     INFO  main            d.u.i.k.p.i.AbstractProblemLoader Replaying proof Matrix22[Matrix22::strassen(Matrix22,Matrix22)].JML normal_behavior operation contract.0 
441842     DEBUG main            d.u.i.k.p.i.IntermediateProofReplayer Proof replay took 5.5ns 
446475     INFO  main            d.u.i.k.p.r.p.TestFile    ... finished proof: closed. 
447062     INFO  main            d.u.i.k.p.i.AbstractProblemLoader Loading environment from /home/runner/work/key/key/key.core/../key.ui/examples/standard_key/java_dl/strassen/strassen.key.proof 
447062     DEBUG main            d.u.i.k.p.i.AbstractProblemLoader Environment load took 111.3ns 
447063     INFO  main            d.u.i.k.p.i.AbstractProblemLoader Creating init config 
449523     DEBUG main            d.u.i.k.p.i.AbstractProblemLoader Init config took 2.46s 
449558     INFO  main            d.u.i.k.p.i.AbstractProblemLoader Replaying proof Matrix22[Matrix22::strassen(Matrix22,Matrix22)].JML normal_behavior operation contract.0 
449947     DEBUG main            d.u.i.k.p.i.IntermediateProofReplayer Proof replay took 378.65ms 
449949     DEBUG main            d.u.i.k.p.r.p.TestFile    ... success: reloaded. 
449949     INFO  main            d.u.i.k.p.r.p.TestFile    Now processing file /home/runner/work/key/key/key.core/../key.ui/examples/standard_key/java_dl/symmArray.key 
449950     INFO  main            d.u.i.k.p.i.AbstractProblemLoader Loading environment from /home/runner/work/key/key/key.core/../key.ui/examples/standard_key/java_dl/symmArray.key 
449950     DEBUG main            d.u.i.k.p.i.AbstractProblemLoader Environment load took 133.9ns 
449953     INFO  main            d.u.i.k.p.i.AbstractProblemLoader Creating init config 
452437     DEBUG main            d.u.i.k.p.i.AbstractProblemLoader Init config took 2.48s 
452451     INFO  main            d.u.i.k.p.i.AbstractProblemLoader Replaying proof symmArray.key 
452452     DEBUG main            d.u.i.k.p.i.IntermediateProofReplayer Proof replay took 4.5ns 
531616     INFO  main            d.u.i.k.p.r.p.TestFile    ... finished proof: closed. 
532204     INFO  main            d.u.i.k.p.i.AbstractProblemLoader Loading environment from /home/runner/work/key/key/key.core/../key.ui/examples/standard_key/java_dl/symmArray.key.proof 
532204     DEBUG main            d.u.i.k.p.i.AbstractProblemLoader Environment load took 373.01ns 
532210     INFO  main            d.u.i.k.p.i.AbstractProblemLoader Creating init config 
534628     DEBUG main            d.u.i.k.p.i.AbstractProblemLoader Init config took 2.42s 
534643     INFO  main            d.u.i.k.p.i.AbstractProblemLoader Replaying proof symmArray.key.proof 
535517     DEBUG main            d.u.i.k.p.i.IntermediateProofReplayer Proof replay took 816.44ms 
535522     DEBUG main            d.u.i.k.p.r.p.TestFile    ... success: reloaded. 
535523     INFO  main            d.u.i.k.p.r.p.TestFile    Now processing file /home/runner/work/key/key/key.core/../key.ui/examples/standard_key/java_dl/testcontext.key 
535523     INFO  main            d.u.i.k.p.i.AbstractProblemLoader Loading environment from /home/runner/work/key/key/key.core/../key.ui/examples/standard_key/java_dl/testcontext.key 
535523     DEBUG main            d.u.i.k.p.i.AbstractProblemLoader Environment load took 78.9ns 
535524     INFO  main            d.u.i.k.p.i.AbstractProblemLoader Creating init config 
535544     WARN  main            d.u.i.k.j.r.KeYCrossReferenceNameInfo Datatype java.io.PrintStream declared twice: Once in FILE:/home/runner/work/key/key/key.core/../key.ui/examples/standard_key/java_dl/classpath/PrintStream.java and once in URL:file:/home/runner/work/key/key/key.core/build/resources/main/de/uka/ilkd/key/java/JavaRedux/java/io/PrintStream.java, Keeping one from URL:file:/home/runner/work/key/key/key.core/build/resources/main/de/uka/ilkd/key/java/JavaRedux/java/io/PrintStream.java 
535544     WARN  main            d.u.i.k.j.r.KeYCrossReferenceNameInfo Datatype java.lang.System declared twice: Once in FILE:/home/runner/work/key/key/key.core/../key.ui/examples/standard_key/java_dl/classpath/System.java and once in URL:file:/home/runner/work/key/key/key.core/build/resources/main/de/uka/ilkd/key/java/JavaRedux/java/lang/System.java, Keeping one from URL:file:/home/runner/work/key/key/key.core/build/resources/main/de/uka/ilkd/key/java/JavaRedux/java/lang/System.java 
535544     WARN  main            d.u.i.k.j.r.KeYCrossReferenceNameInfo Datatype java.io.InputStream declared twice: Once in FILE:/home/runner/work/key/key/key.core/../key.ui/examples/standard_key/java_dl/classpath/InputStream.java and once in URL:file:/home/runner/work/key/key/key.core/build/resources/main/de/uka/ilkd/key/java/JavaRedux/java/io/InputStream.java, Keeping one from URL:file:/home/runner/work/key/key/key.core/build/resources/main/de/uka/ilkd/key/java/JavaRedux/java/io/InputStream.java 
535547     DEBUG main            d.u.i.k.j.r.ClassFileDeclarationBuilder Parsing: package java.io; public class Closeable { } 
535547     DEBUG main            r.s.KeYCrossReferenceSourceInfo Dynamically created class: java.io.Closeable 
537911     DEBUG main            d.u.i.k.p.i.AbstractProblemLoader Init config took 2.39s 
537925     INFO  main            d.u.i.k.p.i.AbstractProblemLoader Replaying proof testcontext.key 
537926     DEBUG main            d.u.i.k.p.i.IntermediateProofReplayer Proof replay took 3.3ns 
538228     INFO  main            d.u.i.k.p.r.p.TestFile    ... finished proof: closed. 
538839     INFO  main            d.u.i.k.p.i.AbstractProblemLoader Loading environment from /home/runner/work/key/key/key.core/../key.ui/examples/standard_key/java_dl/testcontext.key.proof 
538839     DEBUG main            d.u.i.k.p.i.AbstractProblemLoader Environment load took 91.8ns 
538840     INFO  main            d.u.i.k.p.i.AbstractProblemLoader Creating init config 
538865     WARN  main            d.u.i.k.j.r.KeYCrossReferenceNameInfo Datatype java.io.PrintStream declared twice: Once in FILE:/home/runner/work/key/key/key.core/../key.ui/examples/standard_key/java_dl/classpath/PrintStream.java and once in URL:file:/home/runner/work/key/key/key.core/build/resources/main/de/uka/ilkd/key/java/JavaRedux/java/io/PrintStream.java, Keeping one from URL:file:/home/runner/work/key/key/key.core/build/resources/main/de/uka/ilkd/key/java/JavaRedux/java/io/PrintStream.java 
538865     WARN  main            d.u.i.k.j.r.KeYCrossReferenceNameInfo Datatype java.lang.System declared twice: Once in FILE:/home/runner/work/key/key/key.core/../key.ui/examples/standard_key/java_dl/classpath/System.java and once in URL:file:/home/runner/work/key/key/key.core/build/resources/main/de/uka/ilkd/key/java/JavaRedux/java/lang/System.java, Keeping one from URL:file:/home/runner/work/key/key/key.core/build/resources/main/de/uka/ilkd/key/java/JavaRedux/java/lang/System.java 
538865     WARN  main            d.u.i.k.j.r.KeYCrossReferenceNameInfo Datatype java.io.InputStream declared twice: Once in FILE:/home/runner/work/key/key/key.core/../key.ui/examples/standard_key/java_dl/classpath/InputStream.java and once in URL:file:/home/runner/work/key/key/key.core/build/resources/main/de/uka/ilkd/key/java/JavaRedux/java/io/InputStream.java, Keeping one from URL:file:/home/runner/work/key/key/key.core/build/resources/main/de/uka/ilkd/key/java/JavaRedux/java/io/InputStream.java 
538868     DEBUG main            d.u.i.k.j.r.ClassFileDeclarationBuilder Parsing: package java.io; public class Closeable { } 
538868     DEBUG main            r.s.KeYCrossReferenceSourceInfo Dynamically created class: java.io.Closeable 
541197     DEBUG main            d.u.i.k.p.i.AbstractProblemLoader Init config took 2.36s 
541210     INFO  main            d.u.i.k.p.i.AbstractProblemLoader Replaying proof testcontext.key.proof 
541250     DEBUG main            d.u.i.k.p.i.IntermediateProofReplayer Proof replay took 37.08ms 
541251     DEBUG main            d.u.i.k.p.r.p.TestFile    ... success: reloaded. 
541252     INFO  main            d.u.i.k.p.r.p.TestFile    Now processing file /home/runner/work/key/key/key.core/../key.ui/examples/standard_key/staticInitialisation/cascadeStaticInitialisation.key 
541252     INFO  main            d.u.i.k.p.i.AbstractProblemLoader Loading environment from /home/runner/work/key/key/key.core/../key.ui/examples/standard_key/staticInitialisation/cascadeStaticInitialisation.key 
541252     DEBUG main            d.u.i.k.p.i.AbstractProblemLoader Environment load took 48.1ns 
541254     INFO  main            d.u.i.k.p.i.AbstractProblemLoader Creating init config 
541274     WARN  main            d.u.i.k.j.r.KeYCrossReferenceNameInfo Datatype java.io.PrintStream declared twice: Once in FILE:/home/runner/work/key/key/key.core/../key.ui/examples/standard_key/staticInitialisation/classpath/PrintStream.java and once in URL:file:/home/runner/work/key/key/key.core/build/resources/main/de/uka/ilkd/key/java/JavaRedux/java/io/PrintStream.java, Keeping one from URL:file:/home/runner/work/key/key/key.core/build/resources/main/de/uka/ilkd/key/java/JavaRedux/java/io/PrintStream.java 
541274     WARN  main            d.u.i.k.j.r.KeYCrossReferenceNameInfo Datatype java.lang.System declared twice: Once in FILE:/home/runner/work/key/key/key.core/../key.ui/examples/standard_key/staticInitialisation/classpath/System.java and once in URL:file:/home/runner/work/key/key/key.core/build/resources/main/de/uka/ilkd/key/java/JavaRedux/java/lang/System.java, Keeping one from URL:file:/home/runner/work/key/key/key.core/build/resources/main/de/uka/ilkd/key/java/JavaRedux/java/lang/System.java 
543672     DEBUG main            d.u.i.k.p.i.AbstractProblemLoader Init config took 2.42s 
543686     INFO  main            d.u.i.k.p.i.AbstractProblemLoader Replaying proof cascadeStaticInitialisation.key 
543687     DEBUG main            d.u.i.k.p.i.IntermediateProofReplayer Proof replay took 3.3ns 
544292     INFO  main            d.u.i.k.p.r.p.TestFile    ... finished proof: closed. 
544837     INFO  main            d.u.i.k.p.i.AbstractProblemLoader Loading environment from /home/runner/work/key/key/key.core/../key.ui/examples/standard_key/staticInitialisation/cascadeStaticInitialisation.key.proof 
544837     DEBUG main            d.u.i.k.p.i.AbstractProblemLoader Environment load took 86.2ns 
544838     INFO  main            d.u.i.k.p.i.AbstractProblemLoader Creating init config 
544858     WARN  main            d.u.i.k.j.r.KeYCrossReferenceNameInfo Datatype java.io.PrintStream declared twice: Once in FILE:/home/runner/work/key/key/key.core/../key.ui/examples/standard_key/staticInitialisation/classpath/PrintStream.java and once in URL:file:/home/runner/work/key/key/key.core/build/resources/main/de/uka/ilkd/key/java/JavaRedux/java/io/PrintStream.java, Keeping one from URL:file:/home/runner/work/key/key/key.core/build/resources/main/de/uka/ilkd/key/java/JavaRedux/java/io/PrintStream.java 
544859     WARN  main            d.u.i.k.j.r.KeYCrossReferenceNameInfo Datatype java.lang.System declared twice: Once in FILE:/home/runner/work/key/key/key.core/../key.ui/examples/standard_key/staticInitialisation/classpath/System.java and once in URL:file:/home/runner/work/key/key/key.core/build/resources/main/de/uka/ilkd/key/java/JavaRedux/java/lang/System.java, Keeping one from URL:file:/home/runner/work/key/key/key.core/build/resources/main/de/uka/ilkd/key/java/JavaRedux/java/lang/System.java 
547188     DEBUG main            d.u.i.k.p.i.AbstractProblemLoader Init config took 2.35s 
547202     INFO  main            d.u.i.k.p.i.AbstractProblemLoader Replaying proof cascadeStaticInitialisation.key.proof 
547304     DEBUG main            d.u.i.k.p.i.IntermediateProofReplayer Proof replay took 99.76ms 
547306     DEBUG main            d.u.i.k.p.r.p.TestFile    ... success: reloaded. 
547306     INFO  main            d.u.i.k.p.r.p.TestFile    Now processing file /home/runner/work/key/key/key.core/../key.ui/examples/standard_key/staticInitialisation/erroneousClassImpliesErroneousSubclass.key 
547306     INFO  main            d.u.i.k.p.i.AbstractProblemLoader Loading environment from /home/runner/work/key/key/key.core/../key.ui/examples/standard_key/staticInitialisation/erroneousClassImpliesErroneousSubclass.key 
547306     DEBUG main            d.u.i.k.p.i.AbstractProblemLoader Environment load took 48.8ns 
547307     INFO  main            d.u.i.k.p.i.AbstractProblemLoader Creating init config 
547326     WARN  main            d.u.i.k.j.r.KeYCrossReferenceNameInfo Datatype java.io.PrintStream declared twice: Once in FILE:/home/runner/work/key/key/key.core/../key.ui/examples/standard_key/staticInitialisation/classpath/PrintStream.java and once in URL:file:/home/runner/work/key/key/key.core/build/resources/main/de/uka/ilkd/key/java/JavaRedux/java/io/PrintStream.java, Keeping one from URL:file:/home/runner/work/key/key/key.core/build/resources/main/de/uka/ilkd/key/java/JavaRedux/java/io/PrintStream.java 
547327     WARN  main            d.u.i.k.j.r.KeYCrossReferenceNameInfo Datatype java.lang.System declared twice: Once in FILE:/home/runner/work/key/key/key.core/../key.ui/examples/standard_key/staticInitialisation/classpath/System.java and once in URL:file:/home/runner/work/key/key/key.core/build/resources/main/de/uka/ilkd/key/java/JavaRedux/java/lang/System.java, Keeping one from URL:file:/home/runner/work/key/key/key.core/build/resources/main/de/uka/ilkd/key/java/JavaRedux/java/lang/System.java 
549674     DEBUG main            d.u.i.k.p.i.AbstractProblemLoader Init config took 2.37s 
549686     INFO  main            d.u.i.k.p.i.AbstractProblemLoader Replaying proof erroneousClassImpliesErroneousSubclass.key 
549687     DEBUG main            d.u.i.k.p.i.IntermediateProofReplayer Proof replay took 3.8ns 
549789     INFO  main            d.u.i.k.p.r.p.TestFile    ... finished proof: closed. 
550334     INFO  main            d.u.i.k.p.i.AbstractProblemLoader Loading environment from /home/runner/work/key/key/key.core/../key.ui/examples/standard_key/staticInitialisation/erroneousClassImpliesErroneousSubclass.key.proof 
550334     DEBUG main            d.u.i.k.p.i.AbstractProblemLoader Environment load took 89.7ns 
550335     INFO  main            d.u.i.k.p.i.AbstractProblemLoader Creating init config 
550355     WARN  main            d.u.i.k.j.r.KeYCrossReferenceNameInfo Datatype java.io.PrintStream declared twice: Once in FILE:/home/runner/work/key/key/key.core/../key.ui/examples/standard_key/staticInitialisation/classpath/PrintStream.java and once in URL:file:/home/runner/work/key/key/key.core/build/resources/main/de/uka/ilkd/key/java/JavaRedux/java/io/PrintStream.java, Keeping one from URL:file:/home/runner/work/key/key/key.core/build/resources/main/de/uka/ilkd/key/java/JavaRedux/java/io/PrintStream.java 
550355     WARN  main            d.u.i.k.j.r.KeYCrossReferenceNameInfo Datatype java.lang.System declared twice: Once in FILE:/home/runner/work/key/key/key.core/../key.ui/examples/standard_key/staticInitialisation/classpath/System.java and once in URL:file:/home/runner/work/key/key/key.core/build/resources/main/de/uka/ilkd/key/java/JavaRedux/java/lang/System.java, Keeping one from URL:file:/home/runner/work/key/key/key.core/build/resources/main/de/uka/ilkd/key/java/JavaRedux/java/lang/System.java 
552696     DEBUG main            d.u.i.k.p.i.AbstractProblemLoader Init config took 2.36s 
552709     INFO  main            d.u.i.k.p.i.AbstractProblemLoader Replaying proof erroneousClassImpliesErroneousSubclass.key.proof 
552711     DEBUG main            d.u.i.k.p.i.IntermediateProofReplayer Proof replay took 453.11ns 
552712     DEBUG main            d.u.i.k.p.r.p.TestFile    ... success: reloaded. 
552712     INFO  main            d.u.i.k.p.r.p.TestFile    Now processing file /home/runner/work/key/key/key.core/../key.ui/examples/standard_key/staticInitialisation/initializedSubclassImpliesInitializedSuperclass.key 
552713     INFO  main            d.u.i.k.p.i.AbstractProblemLoader Loading environment from /home/runner/work/key/key/key.core/../key.ui/examples/standard_key/staticInitialisation/initializedSubclassImpliesInitializedSuperclass.key 
552713     DEBUG main            d.u.i.k.p.i.AbstractProblemLoader Environment load took 73.7ns 
552714     INFO  main            d.u.i.k.p.i.AbstractProblemLoader Creating init config 
552733     WARN  main            d.u.i.k.j.r.KeYCrossReferenceNameInfo Datatype java.io.PrintStream declared twice: Once in FILE:/home/runner/work/key/key/key.core/../key.ui/examples/standard_key/staticInitialisation/classpath/PrintStream.java and once in URL:file:/home/runner/work/key/key/key.core/build/resources/main/de/uka/ilkd/key/java/JavaRedux/java/io/PrintStream.java, Keeping one from URL:file:/home/runner/work/key/key/key.core/build/resources/main/de/uka/ilkd/key/java/JavaRedux/java/io/PrintStream.java 
552733     WARN  main            d.u.i.k.j.r.KeYCrossReferenceNameInfo Datatype java.lang.System declared twice: Once in FILE:/home/runner/work/key/key/key.core/../key.ui/examples/standard_key/staticInitialisation/classpath/System.java and once in URL:file:/home/runner/work/key/key/key.core/build/resources/main/de/uka/ilkd/key/java/JavaRedux/java/lang/System.java, Keeping one from URL:file:/home/runner/work/key/key/key.core/build/resources/main/de/uka/ilkd/key/java/JavaRedux/java/lang/System.java 
555091     DEBUG main            d.u.i.k.p.i.AbstractProblemLoader Init config took 2.38s 
555104     INFO  main            d.u.i.k.p.i.AbstractProblemLoader Replaying proof initializedSubclassImpliesInitializedSuperclass.key 
555105     DEBUG main            d.u.i.k.p.i.IntermediateProofReplayer Proof replay took 3.3ns 
555207     INFO  main            d.u.i.k.p.r.p.TestFile    ... finished proof: closed. 
555732     INFO  main            d.u.i.k.p.i.AbstractProblemLoader Loading environment from /home/runner/work/key/key/key.core/../key.ui/examples/standard_key/staticInitialisation/initializedSubclassImpliesInitializedSuperclass.key.proof 
555732     DEBUG main            d.u.i.k.p.i.AbstractProblemLoader Environment load took 98.9ns 
555733     INFO  main            d.u.i.k.p.i.AbstractProblemLoader Creating init config 
555754     WARN  main            d.u.i.k.j.r.KeYCrossReferenceNameInfo Datatype java.io.PrintStream declared twice: Once in FILE:/home/runner/work/key/key/key.core/../key.ui/examples/standard_key/staticInitialisation/classpath/PrintStream.java and once in URL:file:/home/runner/work/key/key/key.core/build/resources/main/de/uka/ilkd/key/java/JavaRedux/java/io/PrintStream.java, Keeping one from URL:file:/home/runner/work/key/key/key.core/build/resources/main/de/uka/ilkd/key/java/JavaRedux/java/io/PrintStream.java 
555754     WARN  main            d.u.i.k.j.r.KeYCrossReferenceNameInfo Datatype java.lang.System declared twice: Once in FILE:/home/runner/work/key/key/key.core/../key.ui/examples/standard_key/staticInitialisation/classpath/System.java and once in URL:file:/home/runner/work/key/key/key.core/build/resources/main/de/uka/ilkd/key/java/JavaRedux/java/lang/System.java, Keeping one from URL:file:/home/runner/work/key/key/key.core/build/resources/main/de/uka/ilkd/key/java/JavaRedux/java/lang/System.java 
558095     DEBUG main            d.u.i.k.p.i.AbstractProblemLoader Init config took 2.36s 
558108     INFO  main            d.u.i.k.p.i.AbstractProblemLoader Replaying proof initializedSubclassImpliesInitializedSuperclass.key.proof 
558109     DEBUG main            d.u.i.k.p.i.IntermediateProofReplayer Proof replay took 323.71ns 
558110     DEBUG main            d.u.i.k.p.r.p.TestFile    ... success: reloaded. 
558111     INFO  main            d.u.i.k.p.r.p.TestFile    Now processing file /home/runner/work/key/key/key.core/../key.ui/examples/standard_key/staticInitialisation/localDeclared.key 
558111     INFO  main            d.u.i.k.p.i.AbstractProblemLoader Loading environment from /home/runner/work/key/key/key.core/../key.ui/examples/standard_key/staticInitialisation/localDeclared.key 
558111     DEBUG main            d.u.i.k.p.i.AbstractProblemLoader Environment load took 47.3ns 
558112     INFO  main            d.u.i.k.p.i.AbstractProblemLoader Creating init config 
558131     WARN  main            d.u.i.k.j.r.KeYCrossReferenceNameInfo Datatype java.io.PrintStream declared twice: Once in FILE:/home/runner/work/key/key/key.core/../key.ui/examples/standard_key/staticInitialisation/classpath/PrintStream.java and once in URL:file:/home/runner/work/key/key/key.core/build/resources/main/de/uka/ilkd/key/java/JavaRedux/java/io/PrintStream.java, Keeping one from URL:file:/home/runner/work/key/key/key.core/build/resources/main/de/uka/ilkd/key/java/JavaRedux/java/io/PrintStream.java 
558131     WARN  main            d.u.i.k.j.r.KeYCrossReferenceNameInfo Datatype java.lang.System declared twice: Once in FILE:/home/runner/work/key/key/key.core/../key.ui/examples/standard_key/staticInitialisation/classpath/System.java and once in URL:file:/home/runner/work/key/key/key.core/build/resources/main/de/uka/ilkd/key/java/JavaRedux/java/lang/System.java, Keeping one from URL:file:/home/runner/work/key/key/key.core/build/resources/main/de/uka/ilkd/key/java/JavaRedux/java/lang/System.java 
560478     DEBUG main            d.u.i.k.p.i.AbstractProblemLoader Init config took 2.37s 
560492     INFO  main            d.u.i.k.p.i.AbstractProblemLoader Replaying proof localDeclared.key 
560493     DEBUG main            d.u.i.k.p.i.IntermediateProofReplayer Proof replay took 3.5ns 
560796     INFO  main            d.u.i.k.p.r.p.TestFile    ... finished proof: closed. 
561322     INFO  main            d.u.i.k.p.i.AbstractProblemLoader Loading environment from /home/runner/work/key/key/key.core/../key.ui/examples/standard_key/staticInitialisation/localDeclared.key.proof 
561322     DEBUG main            d.u.i.k.p.i.AbstractProblemLoader Environment load took 100.6ns 
561324     INFO  main            d.u.i.k.p.i.AbstractProblemLoader Creating init config 
561343     WARN  main            d.u.i.k.j.r.KeYCrossReferenceNameInfo Datatype java.io.PrintStream declared twice: Once in FILE:/home/runner/work/key/key/key.core/../key.ui/examples/standard_key/staticInitialisation/classpath/PrintStream.java and once in URL:file:/home/runner/work/key/key/key.core/build/resources/main/de/uka/ilkd/key/java/JavaRedux/java/io/PrintStream.java, Keeping one from URL:file:/home/runner/work/key/key/key.core/build/resources/main/de/uka/ilkd/key/java/JavaRedux/java/io/PrintStream.java 
561343     WARN  main            d.u.i.k.j.r.KeYCrossReferenceNameInfo Datatype java.lang.System declared twice: Once in FILE:/home/runner/work/key/key/key.core/../key.ui/examples/standard_key/staticInitialisation/classpath/System.java and once in URL:file:/home/runner/work/key/key/key.core/build/resources/main/de/uka/ilkd/key/java/JavaRedux/java/lang/System.java, Keeping one from URL:file:/home/runner/work/key/key/key.core/build/resources/main/de/uka/ilkd/key/java/JavaRedux/java/lang/System.java 
563752     DEBUG main            d.u.i.k.p.i.AbstractProblemLoader Init config took 2.43s 
563766     INFO  main            d.u.i.k.p.i.AbstractProblemLoader Replaying proof localDeclared.key.proof 
563808     DEBUG main            d.u.i.k.p.i.IntermediateProofReplayer Proof replay took 39.76ms 
563809     DEBUG main            d.u.i.k.p.r.p.TestFile    ... success: reloaded. 
563810     INFO  main            d.u.i.k.p.r.p.TestFile    Now processing file /home/runner/work/key/key/key.core/../key.ui/examples/standard_key/staticInitialisation/localDeclaredMethod.key 
563810     INFO  main            d.u.i.k.p.i.AbstractProblemLoader Loading environment from /home/runner/work/key/key/key.core/../key.ui/examples/standard_key/staticInitialisation/localDeclaredMethod.key 
563810     DEBUG main            d.u.i.k.p.i.AbstractProblemLoader Environment load took 91.3ns 
563811     INFO  main            d.u.i.k.p.i.AbstractProblemLoader Creating init config 
563830     WARN  main            d.u.i.k.j.r.KeYCrossReferenceNameInfo Datatype java.io.PrintStream declared twice: Once in FILE:/home/runner/work/key/key/key.core/../key.ui/examples/standard_key/staticInitialisation/classpath/PrintStream.java and once in URL:file:/home/runner/work/key/key/key.core/build/resources/main/de/uka/ilkd/key/java/JavaRedux/java/io/PrintStream.java, Keeping one from URL:file:/home/runner/work/key/key/key.core/build/resources/main/de/uka/ilkd/key/java/JavaRedux/java/io/PrintStream.java 
563830     WARN  main            d.u.i.k.j.r.KeYCrossReferenceNameInfo Datatype java.lang.System declared twice: Once in FILE:/home/runner/work/key/key/key.core/../key.ui/examples/standard_key/staticInitialisation/classpath/System.java and once in URL:file:/home/runner/work/key/key/key.core/build/resources/main/de/uka/ilkd/key/java/JavaRedux/java/lang/System.java, Keeping one from URL:file:/home/runner/work/key/key/key.core/build/resources/main/de/uka/ilkd/key/java/JavaRedux/java/lang/System.java 
566176     DEBUG main            d.u.i.k.p.i.AbstractProblemLoader Init config took 2.36s 
566190     INFO  main            d.u.i.k.p.i.AbstractProblemLoader Replaying proof localDeclaredMethod.key 
566191     DEBUG main            d.u.i.k.p.i.IntermediateProofReplayer Proof replay took 3.8ns 
566494     INFO  main            d.u.i.k.p.r.p.TestFile    ... finished proof: closed. 
567036     INFO  main            d.u.i.k.p.i.AbstractProblemLoader Loading environment from /home/runner/work/key/key/key.core/../key.ui/examples/standard_key/staticInitialisation/localDeclaredMethod.key.proof 
567036     DEBUG main            d.u.i.k.p.i.AbstractProblemLoader Environment load took 94.6ns 
567037     INFO  main            d.u.i.k.p.i.AbstractProblemLoader Creating init config 
567056     WARN  main            d.u.i.k.j.r.KeYCrossReferenceNameInfo Datatype java.io.PrintStream declared twice: Once in FILE:/home/runner/work/key/key/key.core/../key.ui/examples/standard_key/staticInitialisation/classpath/PrintStream.java and once in URL:file:/home/runner/work/key/key/key.core/build/resources/main/de/uka/ilkd/key/java/JavaRedux/java/io/PrintStream.java, Keeping one from URL:file:/home/runner/work/key/key/key.core/build/resources/main/de/uka/ilkd/key/java/JavaRedux/java/io/PrintStream.java 
567057     WARN  main            d.u.i.k.j.r.KeYCrossReferenceNameInfo Datatype java.lang.System declared twice: Once in FILE:/home/runner/work/key/key/key.core/../key.ui/examples/standard_key/staticInitialisation/classpath/System.java and once in URL:file:/home/runner/work/key/key/key.core/build/resources/main/de/uka/ilkd/key/java/JavaRedux/java/lang/System.java, Keeping one from URL:file:/home/runner/work/key/key/key.core/build/resources/main/de/uka/ilkd/key/java/JavaRedux/java/lang/System.java 
569461     DEBUG main            d.u.i.k.p.i.AbstractProblemLoader Init config took 2.42s 
569474     INFO  main            d.u.i.k.p.i.AbstractProblemLoader Replaying proof localDeclaredMethod.key.proof 
569513     DEBUG main            d.u.i.k.p.i.IntermediateProofReplayer Proof replay took 36.26ms 
569514     DEBUG main            d.u.i.k.p.r.p.TestFile    ... success: reloaded. 
569515     INFO  main            d.u.i.k.p.r.p.TestFile    Now processing file /home/runner/work/key/key/key.core/../key.ui/examples/standard_key/staticInitialisation/objectOfErroneousClass.key 
569515     INFO  main            d.u.i.k.p.i.AbstractProblemLoader Loading environment from /home/runner/work/key/key/key.core/../key.ui/examples/standard_key/staticInitialisation/objectOfErroneousClass.key 
569515     DEBUG main            d.u.i.k.p.i.AbstractProblemLoader Environment load took 74.6ns 
569516     INFO  main            d.u.i.k.p.i.AbstractProblemLoader Creating init config 
569535     WARN  main            d.u.i.k.j.r.KeYCrossReferenceNameInfo Datatype java.io.PrintStream declared twice: Once in FILE:/home/runner/work/key/key/key.core/../key.ui/examples/standard_key/staticInitialisation/classpath/PrintStream.java and once in URL:file:/home/runner/work/key/key/key.core/build/resources/main/de/uka/ilkd/key/java/JavaRedux/java/io/PrintStream.java, Keeping one from URL:file:/home/runner/work/key/key/key.core/build/resources/main/de/uka/ilkd/key/java/JavaRedux/java/io/PrintStream.java 
569535     WARN  main            d.u.i.k.j.r.KeYCrossReferenceNameInfo Datatype java.lang.System declared twice: Once in FILE:/home/runner/work/key/key/key.core/../key.ui/examples/standard_key/staticInitialisation/classpath/System.java and once in URL:file:/home/runner/work/key/key/key.core/build/resources/main/de/uka/ilkd/key/java/JavaRedux/java/lang/System.java, Keeping one from URL:file:/home/runner/work/key/key/key.core/build/resources/main/de/uka/ilkd/key/java/JavaRedux/java/lang/System.java 
571896     DEBUG main            d.u.i.k.p.i.AbstractProblemLoader Init config took 2.38s 
571909     INFO  main            d.u.i.k.p.i.AbstractProblemLoader Replaying proof objectOfErroneousClass.key 
571912     DEBUG main            d.u.i.k.p.i.IntermediateProofReplayer Proof replay took 4.2ns 
583978     INFO  main            d.u.i.k.p.r.p.TestFile    ... finished proof: closed. 
584591     INFO  main            d.u.i.k.p.i.AbstractProblemLoader Loading environment from /home/runner/work/key/key/key.core/../key.ui/examples/standard_key/staticInitialisation/objectOfErroneousClass.key.proof 
584591     DEBUG main            d.u.i.k.p.i.AbstractProblemLoader Environment load took 125.9ns 
584595     INFO  main            d.u.i.k.p.i.AbstractProblemLoader Creating init config 
584615     WARN  main            d.u.i.k.j.r.KeYCrossReferenceNameInfo Datatype java.io.PrintStream declared twice: Once in FILE:/home/runner/work/key/key/key.core/../key.ui/examples/standard_key/staticInitialisation/classpath/PrintStream.java and once in URL:file:/home/runner/work/key/key/key.core/build/resources/main/de/uka/ilkd/key/java/JavaRedux/java/io/PrintStream.java, Keeping one from URL:file:/home/runner/work/key/key/key.core/build/resources/main/de/uka/ilkd/key/java/JavaRedux/java/io/PrintStream.java 
584616     WARN  main            d.u.i.k.j.r.KeYCrossReferenceNameInfo Datatype java.lang.System declared twice: Once in FILE:/home/runner/work/key/key/key.core/../key.ui/examples/standard_key/staticInitialisation/classpath/System.java and once in URL:file:/home/runner/work/key/key/key.core/build/resources/main/de/uka/ilkd/key/java/JavaRedux/java/lang/System.java, Keeping one from URL:file:/home/runner/work/key/key/key.core/build/resources/main/de/uka/ilkd/key/java/JavaRedux/java/lang/System.java 
587028     DEBUG main            d.u.i.k.p.i.AbstractProblemLoader Init config took 2.43s 
587044     INFO  main            d.u.i.k.p.i.AbstractProblemLoader Replaying proof objectOfErroneousClass.key.proof 
588441     DEBUG main            d.u.i.k.p.i.IntermediateProofReplayer Proof replay took 1.37s 
588445     DEBUG main            d.u.i.k.p.r.p.TestFile    ... success: reloaded. 
588446     INFO  main            d.u.i.k.p.r.p.TestFile    Now processing file /home/runner/work/key/key/key.core/../key.ui/examples/standard_key/staticInitialisation/staticInitialisersAreNonSimple.key 
588446     INFO  main            d.u.i.k.p.i.AbstractProblemLoader Loading environment from /home/runner/work/key/key/key.core/../key.ui/examples/standard_key/staticInitialisation/staticInitialisersAreNonSimple.key 
588446     DEBUG main            d.u.i.k.p.i.AbstractProblemLoader Environment load took 209.21ns 
588448     INFO  main            d.u.i.k.p.i.AbstractProblemLoader Creating init config 
588467     WARN  main            d.u.i.k.j.r.KeYCrossReferenceNameInfo Datatype java.io.PrintStream declared twice: Once in FILE:/home/runner/work/key/key/key.core/../key.ui/examples/standard_key/staticInitialisation/classpath/PrintStream.java and once in URL:file:/home/runner/work/key/key/key.core/build/resources/main/de/uka/ilkd/key/java/JavaRedux/java/io/PrintStream.java, Keeping one from URL:file:/home/runner/work/key/key/key.core/build/resources/main/de/uka/ilkd/key/java/JavaRedux/java/io/PrintStream.java 
588468     WARN  main            d.u.i.k.j.r.KeYCrossReferenceNameInfo Datatype java.lang.System declared twice: Once in FILE:/home/runner/work/key/key/key.core/../key.ui/examples/standard_key/staticInitialisation/classpath/System.java and once in URL:file:/home/runner/work/key/key/key.core/build/resources/main/de/uka/ilkd/key/java/JavaRedux/java/lang/System.java, Keeping one from URL:file:/home/runner/work/key/key/key.core/build/resources/main/de/uka/ilkd/key/java/JavaRedux/java/lang/System.java 
590848     DEBUG main            d.u.i.k.p.i.AbstractProblemLoader Init config took 2.4s 
590862     INFO  main            d.u.i.k.p.i.AbstractProblemLoader Replaying proof staticInitialisersAreNonSimple.key 
590863     DEBUG main            d.u.i.k.p.i.IntermediateProofReplayer Proof replay took 3.3ns 
591166     INFO  main            d.u.i.k.p.r.p.TestFile    ... finished proof: closed. 
591789     INFO  main            d.u.i.k.p.i.AbstractProblemLoader Loading environment from /home/runner/work/key/key/key.core/../key.ui/examples/standard_key/staticInitialisation/staticInitialisersAreNonSimple.key.proof 
591789     DEBUG main            d.u.i.k.p.i.AbstractProblemLoader Environment load took 94.9ns 
591790     INFO  main            d.u.i.k.p.i.AbstractProblemLoader Creating init config 
591810     WARN  main            d.u.i.k.j.r.KeYCrossReferenceNameInfo Datatype java.io.PrintStream declared twice: Once in FILE:/home/runner/work/key/key/key.core/../key.ui/examples/standard_key/staticInitialisation/classpath/PrintStream.java and once in URL:file:/home/runner/work/key/key/key.core/build/resources/main/de/uka/ilkd/key/java/JavaRedux/java/io/PrintStream.java, Keeping one from URL:file:/home/runner/work/key/key/key.core/build/resources/main/de/uka/ilkd/key/java/JavaRedux/java/io/PrintStream.java 
591810     WARN  main            d.u.i.k.j.r.KeYCrossReferenceNameInfo Datatype java.lang.System declared twice: Once in FILE:/home/runner/work/key/key/key.core/../key.ui/examples/standard_key/staticInitialisation/classpath/System.java and once in URL:file:/home/runner/work/key/key/key.core/build/resources/main/de/uka/ilkd/key/java/JavaRedux/java/lang/System.java, Keeping one from URL:file:/home/runner/work/key/key/key.core/build/resources/main/de/uka/ilkd/key/java/JavaRedux/java/lang/System.java 
594141     DEBUG main            d.u.i.k.p.i.AbstractProblemLoader Init config took 2.35s 
594155     INFO  main            d.u.i.k.p.i.AbstractProblemLoader Replaying proof staticInitialisersAreNonSimple.key.proof 
594211     DEBUG main            d.u.i.k.p.i.IntermediateProofReplayer Proof replay took 53.36ms 
594212     DEBUG main            d.u.i.k.p.r.p.TestFile    ... success: reloaded. 
594213     INFO  main            d.u.i.k.p.r.p.TestFile    Now processing file /home/runner/work/key/key/key.core/../key.ui/examples/standard_key/types/disjoint.key 
594213     INFO  main            d.u.i.k.p.i.AbstractProblemLoader Loading environment from /home/runner/work/key/key/key.core/../key.ui/examples/standard_key/types/disjoint.key 
594214     DEBUG main            d.u.i.k.p.i.AbstractProblemLoader Environment load took 101.8ns 
594214     INFO  main            d.u.i.k.p.i.AbstractProblemLoader Creating init config 
596553     DEBUG main            d.u.i.k.p.i.AbstractProblemLoader Init config took 2.34s 
596566     INFO  main            d.u.i.k.p.i.AbstractProblemLoader Replaying proof disjoint.key 
596569     DEBUG main            d.u.i.k.p.i.IntermediateProofReplayer Proof replay took 4.2ns 
596670     INFO  main            d.u.i.k.p.r.p.TestFile    ... finished proof: closed. 
597222     INFO  main            d.u.i.k.p.i.AbstractProblemLoader Loading environment from /home/runner/work/key/key/key.core/../key.ui/examples/standard_key/types/disjoint.key.proof 
597222     DEBUG main            d.u.i.k.p.i.AbstractProblemLoader Environment load took 87.7ns 
597223     INFO  main            d.u.i.k.p.i.AbstractProblemLoader Creating init config 
599504     DEBUG main            d.u.i.k.p.i.AbstractProblemLoader Init config took 2.28s 
599517     INFO  main            d.u.i.k.p.i.AbstractProblemLoader Replaying proof disjoint.key.proof 
599518     DEBUG main            d.u.i.k.p.i.IntermediateProofReplayer Proof replay took 264.51ns 
599519     DEBUG main            d.u.i.k.p.r.p.TestFile    ... success: reloaded. 
599519     INFO  main            d.u.i.k.p.r.p.TestFile    Now processing file /home/runner/work/key/key/key.core/../key.ui/examples/../../key.core/src/test/resources/testcase/classpath/classpath.key 
599520     INFO  main            d.u.i.k.p.i.AbstractProblemLoader Loading environment from /home/runner/work/key/key/key.core/../key.ui/examples/../../key.core/src/test/resources/testcase/classpath/classpath.key 
599520     DEBUG main            d.u.i.k.p.i.AbstractProblemLoader Environment load took 110.7ns 
599520     INFO  main            d.u.i.k.p.i.AbstractProblemLoader Creating init config 
599551     WARN  main            d.u.i.k.j.r.KeYCrossReferenceNameInfo Datatype cp.C declared twice: Once in FILE:/home/runner/work/key/key/key.core/../key.ui/examples/../../key.core/src/test/resources/testcase/classpath/classpath/C.class and once in FILE:/home/runner/work/key/key/key.core/../key.ui/examples/../../key.core/src/test/resources/testcase/classpath/classpath/C.jml, Keeping one from FILE:/home/runner/work/key/key/key.core/../key.ui/examples/../../key.core/src/test/resources/testcase/classpath/classpath/C.jml 
599555     DEBUG main            d.u.i.k.j.r.ClassFileDeclarationBuilder Parsing: package cp; public class Unresolved1 { } 
599567     DEBUG main            r.s.KeYCrossReferenceSourceInfo Dynamically created class: cp.Unresolved1 
599568     DEBUG main            d.u.i.k.j.r.ClassFileDeclarationBuilder Parsing: package cp; public class Unresolved2 { } 
599568     DEBUG main            r.s.KeYCrossReferenceSourceInfo Dynamically created class: cp.Unresolved2 
602051     DEBUG main            d.u.i.k.p.i.AbstractProblemLoader Init config took 2.53s 
602065     INFO  main            d.u.i.k.p.i.AbstractProblemLoader Replaying proof classpath.key 
602068     DEBUG main            d.u.i.k.p.i.IntermediateProofReplayer Proof replay took 3.9ns 
602170     INFO  main            d.u.i.k.p.r.p.TestFile    ... finished proof: closed. 
602716     INFO  main            d.u.i.k.p.i.AbstractProblemLoader Loading environment from /home/runner/work/key/key/key.core/../key.ui/examples/../../key.core/src/test/resources/testcase/classpath/classpath.key.proof 
602716     DEBUG main            d.u.i.k.p.i.AbstractProblemLoader Environment load took 96.8ns 
602717     INFO  main            d.u.i.k.p.i.AbstractProblemLoader Creating init config 
602751     WARN  main            d.u.i.k.j.r.KeYCrossReferenceNameInfo Datatype cp.C declared twice: Once in FILE:/home/runner/work/key/key/key.core/../key.ui/examples/../../key.core/src/test/resources/testcase/classpath/classpath/C.class and once in FILE:/home/runner/work/key/key/key.core/../key.ui/examples/../../key.core/src/test/resources/testcase/classpath/classpath/C.jml, Keeping one from FILE:/home/runner/work/key/key/key.core/../key.ui/examples/../../key.core/src/test/resources/testcase/classpath/classpath/C.jml 
602755     DEBUG main            d.u.i.k.j.r.ClassFileDeclarationBuilder Parsing: package cp; public class Unresolved1 { } 
602755     DEBUG main            r.s.KeYCrossReferenceSourceInfo Dynamically created class: cp.Unresolved1 
602756     DEBUG main            d.u.i.k.j.r.ClassFileDeclarationBuilder Parsing: package cp; public class Unresolved2 { } 
602756     DEBUG main            r.s.KeYCrossReferenceSourceInfo Dynamically created class: cp.Unresolved2 
605161     DEBUG main            d.u.i.k.p.i.AbstractProblemLoader Init config took 2.44s 
605175     INFO  main            d.u.i.k.p.i.AbstractProblemLoader Replaying proof classpath.key.proof 
605177     DEBUG main            d.u.i.k.p.i.IntermediateProofReplayer Proof replay took 459.71ns 
605178     DEBUG main            d.u.i.k.p.r.p.TestFile    ... success: reloaded. 
605178     INFO  main            d.u.i.k.p.r.p.TestFile    Now processing file /home/runner/work/key/key/key.core/../key.ui/examples/heap/inconsistent_represents/MyClass_m.key 
605179     INFO  main            d.u.i.k.p.i.AbstractProblemLoader Loading environment from /home/runner/work/key/key/key.core/../key.ui/examples/heap/inconsistent_represents/MyClass_m.key 
605179     DEBUG main            d.u.i.k.p.i.AbstractProblemLoader Environment load took 75.2ns 
605179     INFO  main            d.u.i.k.p.i.AbstractProblemLoader Creating init config 
607592     DEBUG main            d.u.i.k.p.i.AbstractProblemLoader Init config took 2.41s 
607650     INFO  main            d.u.i.k.p.i.AbstractProblemLoader Replaying proof MyClass[MyClass::m()].JML operation contract.0 
607651     DEBUG main            d.u.i.k.p.i.IntermediateProofReplayer Proof replay took 5.3ns 
607753     INFO  main            d.u.i.k.p.r.p.TestFile    ... finished proof: open goal(s) 
608305     INFO  main            d.u.i.k.p.r.p.TestFile    Now processing file /home/runner/work/key/key/key.core/../key.ui/examples/heap/inconsistent_represents/MyClass_n.key 
608305     INFO  main            d.u.i.k.p.i.AbstractProblemLoader Loading environment from /home/runner/work/key/key/key.core/../key.ui/examples/heap/inconsistent_represents/MyClass_n.key 
608305     DEBUG main            d.u.i.k.p.i.AbstractProblemLoader Environment load took 53.6ns 
608306     INFO  main            d.u.i.k.p.i.AbstractProblemLoader Creating init config 
610677     DEBUG main            d.u.i.k.p.i.AbstractProblemLoader Init config took 2.37s 
610710     INFO  main            d.u.i.k.p.i.AbstractProblemLoader Replaying proof MyClass[MyClass::n()].JML operation contract.0 
610712     DEBUG main            d.u.i.k.p.i.IntermediateProofReplayer Proof replay took 4.5ns 
610816     INFO  main            d.u.i.k.p.r.p.TestFile    ... finished proof: open goal(s) 
3537999    INFO  Test worker     d.u.i.k.p.r.RunAllProofsTestUnit Returning from test javadl 
3538005    INFO  Test worker     d.u.i.k.p.r.RunAllProofsTestUnit Running test FOL 
376        INFO  Timeout watchdog d.u.i.k.p.r.p.ForkedTestFileRunner Timeout watcher launched (2000 secs.) 
380        WARN  main            d.u.i.k.s.ProofSettings   The settings in /home/runner/.key/proof-settings.props are *not* read. 
408        INFO  main            d.u.i.k.p.r.p.TestFile    Now processing file /home/runner/work/key/key/key.core/../key.ui/examples/standard_key/pred_log/count.key 
550        INFO  main            d.u.i.k.p.i.AbstractProblemLoader Loading environment from /home/runner/work/key/key/key.core/../key.ui/examples/standard_key/pred_log/count.key 
567        DEBUG main            d.u.i.k.p.i.AbstractProblemLoader Environment load took 2.02ms 
809        INFO  main            d.u.i.k.p.i.AbstractProblemLoader Creating init config 
1785       DEBUG main            d.u.i.k.j.TypeConverter   No LDT found for Meta 
1785       DEBUG main            d.u.i.k.j.TypeConverter   No LDT found for Meta 
1789       DEBUG main            d.u.i.k.j.TypeConverter   No LDT found for Meta 
1789       DEBUG main            d.u.i.k.j.TypeConverter   No LDT found for Meta 
3260       DEBUG main            d.u.i.k.j.TypeConverter   No LDT found for JavaBigintExpression 
8680       DEBUG main            d.u.i.k.p.i.AbstractProblemLoader Init config took 7.87s 
8764       INFO  main            d.u.i.k.p.i.AbstractProblemLoader Replaying proof count.key 
8802       DEBUG main            d.u.i.k.p.i.IntermediateProofReplayer Proof replay took 36.6ns 
9083       INFO  main            d.u.i.k.p.r.p.TestFile    ... finished proof: closed. 
9188       INFO  main            d.u.i.k.p.i.AbstractProblemLoader Loading environment from /home/runner/work/key/key/key.core/../key.ui/examples/standard_key/pred_log/count.key.proof 
9188       DEBUG main            d.u.i.k.p.i.AbstractProblemLoader Environment load took 166.4ns 
9192       INFO  main            d.u.i.k.p.i.AbstractProblemLoader Creating init config 
12013      DEBUG main            d.u.i.k.p.i.AbstractProblemLoader Init config took 2.82s 
12043      INFO  main            d.u.i.k.p.i.AbstractProblemLoader Replaying proof count.key.proof 
12053      DEBUG main            d.u.i.k.p.i.IntermediateProofReplayer Proof replay took 5.74ms 
12064      DEBUG main            d.u.i.k.p.r.p.TestFile    ... success: reloaded. 
12065      INFO  main            d.u.i.k.p.r.p.TestFile    Now processing file /home/runner/work/key/key/key.core/../key.ui/examples/standard_key/pred_log/count2.key 
12066      INFO  main            d.u.i.k.p.i.AbstractProblemLoader Loading environment from /home/runner/work/key/key/key.core/../key.ui/examples/standard_key/pred_log/count2.key 
12066      DEBUG main            d.u.i.k.p.i.AbstractProblemLoader Environment load took 214ns 
12068      INFO  main            d.u.i.k.p.i.AbstractProblemLoader Creating init config 
14758      DEBUG main            d.u.i.k.p.i.AbstractProblemLoader Init config took 2.69s 
14787      INFO  main            d.u.i.k.p.i.AbstractProblemLoader Replaying proof count2.key 
14792      DEBUG main            d.u.i.k.p.i.IntermediateProofReplayer Proof replay took 7.8ns 
14903      INFO  main            d.u.i.k.p.r.p.TestFile    ... finished proof: closed. 
15030      INFO  main            d.u.i.k.p.i.AbstractProblemLoader Loading environment from /home/runner/work/key/key/key.core/../key.ui/examples/standard_key/pred_log/count2.key.proof 
15030      DEBUG main            d.u.i.k.p.i.AbstractProblemLoader Environment load took 140.3ns 
15034      INFO  main            d.u.i.k.p.i.AbstractProblemLoader Creating init config 
17738      DEBUG main            d.u.i.k.p.i.AbstractProblemLoader Init config took 2.7s 
17762      INFO  main            d.u.i.k.p.i.AbstractProblemLoader Replaying proof count2.key.proof 
17767      DEBUG main            d.u.i.k.p.i.IntermediateProofReplayer Proof replay took 2.31ms 
17768      DEBUG main            d.u.i.k.p.r.p.TestFile    ... success: reloaded. 
17768      INFO  main            d.u.i.k.p.r.p.TestFile    Now processing file /home/runner/work/key/key/key.core/../key.ui/examples/standard_key/pred_log/count3.key 
17769      INFO  main            d.u.i.k.p.i.AbstractProblemLoader Loading environment from /home/runner/work/key/key/key.core/../key.ui/examples/standard_key/pred_log/count3.key 
17769      DEBUG main            d.u.i.k.p.i.AbstractProblemLoader Environment load took 119.2ns 
17770      INFO  main            d.u.i.k.p.i.AbstractProblemLoader Creating init config 
20366      DEBUG main            d.u.i.k.p.i.AbstractProblemLoader Init config took 2.6s 
20386      INFO  main            d.u.i.k.p.i.AbstractProblemLoader Replaying proof count3.key 
20388      DEBUG main            d.u.i.k.p.i.IntermediateProofReplayer Proof replay took 7.5ns 
20492      INFO  main            d.u.i.k.p.r.p.TestFile    ... finished proof: closed. 
20627      INFO  main            d.u.i.k.p.i.AbstractProblemLoader Loading environment from /home/runner/work/key/key/key.core/../key.ui/examples/standard_key/pred_log/count3.key.proof 
20628      DEBUG main            d.u.i.k.p.i.AbstractProblemLoader Environment load took 151.2ns 
20629      INFO  main            d.u.i.k.p.i.AbstractProblemLoader Creating init config 
23226      DEBUG main            d.u.i.k.p.i.AbstractProblemLoader Init config took 2.6s 
23249      INFO  main            d.u.i.k.p.i.AbstractProblemLoader Replaying proof count3.key.proof 
23258      DEBUG main            d.u.i.k.p.i.IntermediateProofReplayer Proof replay took 4.49ms 
23259      DEBUG main            d.u.i.k.p.r.p.TestFile    ... success: reloaded. 
23262      INFO  main            d.u.i.k.p.r.p.TestFile    Now processing file /home/runner/work/key/key/key.core/../key.ui/examples/standard_key/pred_log/equalities.key 
23262      INFO  main            d.u.i.k.p.i.AbstractProblemLoader Loading environment from /home/runner/work/key/key/key.core/../key.ui/examples/standard_key/pred_log/equalities.key 
23263      DEBUG main            d.u.i.k.p.i.AbstractProblemLoader Environment load took 205.7ns 
23265      INFO  main            d.u.i.k.p.i.AbstractProblemLoader Creating init config 
25877      DEBUG main            d.u.i.k.p.i.AbstractProblemLoader Init config took 2.61s 
25897      INFO  main            d.u.i.k.p.i.AbstractProblemLoader Replaying proof equalities.key 
25898      DEBUG main            d.u.i.k.p.i.IntermediateProofReplayer Proof replay took 6.7ns 
26004      INFO  main            d.u.i.k.p.r.p.TestFile    ... finished proof: closed. 
26135      INFO  main            d.u.i.k.p.i.AbstractProblemLoader Loading environment from /home/runner/work/key/key/key.core/../key.ui/examples/standard_key/pred_log/equalities.key.proof 
26135      DEBUG main            d.u.i.k.p.i.AbstractProblemLoader Environment load took 128.7ns 
26137      INFO  main            d.u.i.k.p.i.AbstractProblemLoader Creating init config 
28647      DEBUG main            d.u.i.k.p.i.AbstractProblemLoader Init config took 2.51s 
28667      INFO  main            d.u.i.k.p.i.AbstractProblemLoader Replaying proof equalities.key.proof 
28670      DEBUG main            d.u.i.k.p.i.IntermediateProofReplayer Proof replay took 1.13ms 
28671      DEBUG main            d.u.i.k.p.r.p.TestFile    ... success: reloaded. 
28672      INFO  main            d.u.i.k.p.r.p.TestFile    Now processing file /home/runner/work/key/key/key.core/../key.ui/examples/standard_key/pred_log/equalities2.key 
28672      INFO  main            d.u.i.k.p.i.AbstractProblemLoader Loading environment from /home/runner/work/key/key/key.core/../key.ui/examples/standard_key/pred_log/equalities2.key 
28672      DEBUG main            d.u.i.k.p.i.AbstractProblemLoader Environment load took 164.7ns 
28673      INFO  main            d.u.i.k.p.i.AbstractProblemLoader Creating init config 
31187      DEBUG main            d.u.i.k.p.i.AbstractProblemLoader Init config took 2.51s 
31206      INFO  main            d.u.i.k.p.i.AbstractProblemLoader Replaying proof equalities2.key 
31207      DEBUG main            d.u.i.k.p.i.IntermediateProofReplayer Proof replay took 7.5ns 
31311      INFO  main            d.u.i.k.p.r.p.TestFile    ... finished proof: closed. 
31460      INFO  main            d.u.i.k.p.i.AbstractProblemLoader Loading environment from /home/runner/work/key/key/key.core/../key.ui/examples/standard_key/pred_log/equalities2.key.proof 
31460      DEBUG main            d.u.i.k.p.i.AbstractProblemLoader Environment load took 130.2ns 
31461      INFO  main            d.u.i.k.p.i.AbstractProblemLoader Creating init config 
33994      DEBUG main            d.u.i.k.p.i.AbstractProblemLoader Init config took 2.53s 
34013      INFO  main            d.u.i.k.p.i.AbstractProblemLoader Replaying proof equalities2.key.proof 
34018      DEBUG main            d.u.i.k.p.i.IntermediateProofReplayer Proof replay took 3.45ms 
34019      DEBUG main            d.u.i.k.p.r.p.TestFile    ... success: reloaded. 
34020      INFO  main            d.u.i.k.p.r.p.TestFile    Now processing file /home/runner/work/key/key/key.core/../key.ui/examples/standard_key/pred_log/equalities3.key 
34020      INFO  main            d.u.i.k.p.i.AbstractProblemLoader Loading environment from /home/runner/work/key/key/key.core/../key.ui/examples/standard_key/pred_log/equalities3.key 
34021      DEBUG main            d.u.i.k.p.i.AbstractProblemLoader Environment load took 181.1ns 
34022      INFO  main            d.u.i.k.p.i.AbstractProblemLoader Creating init config 
36603      DEBUG main            d.u.i.k.p.i.AbstractProblemLoader Init config took 2.58s 
36621      INFO  main            d.u.i.k.p.i.AbstractProblemLoader Replaying proof equalities3.key 
36623      DEBUG main            d.u.i.k.p.i.IntermediateProofReplayer Proof replay took 8.1ns 
36726      INFO  main            d.u.i.k.p.r.p.TestFile    ... finished proof: closed. 
36872      INFO  main            d.u.i.k.p.i.AbstractProblemLoader Loading environment from /home/runner/work/key/key/key.core/../key.ui/examples/standard_key/pred_log/equalities3.key.proof 
36872      DEBUG main            d.u.i.k.p.i.AbstractProblemLoader Environment load took 131ns 
36873      INFO  main            d.u.i.k.p.i.AbstractProblemLoader Creating init config 
39390      DEBUG main            d.u.i.k.p.i.AbstractProblemLoader Init config took 2.52s 
39408      INFO  main            d.u.i.k.p.i.AbstractProblemLoader Replaying proof equalities3.key.proof 
39414      DEBUG main            d.u.i.k.p.i.IntermediateProofReplayer Proof replay took 4.24ms 
39415      DEBUG main            d.u.i.k.p.r.p.TestFile    ... success: reloaded. 
39416      INFO  main            d.u.i.k.p.r.p.TestFile    Now processing file /home/runner/work/key/key/key.core/../key.ui/examples/standard_key/pred_log/functions.key 
39416      INFO  main            d.u.i.k.p.i.AbstractProblemLoader Loading environment from /home/runner/work/key/key/key.core/../key.ui/examples/standard_key/pred_log/functions.key 
39417      DEBUG main            d.u.i.k.p.i.AbstractProblemLoader Environment load took 178.2ns 
39418      INFO  main            d.u.i.k.p.i.AbstractProblemLoader Creating init config 
41941      DEBUG main            d.u.i.k.p.i.AbstractProblemLoader Init config took 2.52s 
41958      INFO  main            d.u.i.k.p.i.AbstractProblemLoader Replaying proof functions.key 
41960      DEBUG main            d.u.i.k.p.i.IntermediateProofReplayer Proof replay took 6.3ns 
42064      INFO  main            d.u.i.k.p.r.p.TestFile    ... finished proof: closed. 
42304      INFO  main            d.u.i.k.p.i.AbstractProblemLoader Loading environment from /home/runner/work/key/key/key.core/../key.ui/examples/standard_key/pred_log/functions.key.proof 
42304      DEBUG main            d.u.i.k.p.i.AbstractProblemLoader Environment load took 124.6ns 
42305      INFO  main            d.u.i.k.p.i.AbstractProblemLoader Creating init config 
44771      DEBUG main            d.u.i.k.p.i.AbstractProblemLoader Init config took 2.47s 
44787      INFO  main            d.u.i.k.p.i.AbstractProblemLoader Replaying proof functions.key.proof 
44791      DEBUG main            d.u.i.k.p.i.IntermediateProofReplayer Proof replay took 1.87ms 
44792      DEBUG main            d.u.i.k.p.r.p.TestFile    ... success: reloaded. 
44792      INFO  main            d.u.i.k.p.r.p.TestFile    Now processing file /home/runner/work/key/key/key.core/../key.ui/examples/standard_key/pred_log/mv1.key 
44793      INFO  main            d.u.i.k.p.i.AbstractProblemLoader Loading environment from /home/runner/work/key/key/key.core/../key.ui/examples/standard_key/pred_log/mv1.key 
44793      DEBUG main            d.u.i.k.p.i.AbstractProblemLoader Environment load took 151.2ns 
44794      INFO  main            d.u.i.k.p.i.AbstractProblemLoader Creating init config 
47307      DEBUG main            d.u.i.k.p.i.AbstractProblemLoader Init config took 2.51s 
47326      INFO  main            d.u.i.k.p.i.AbstractProblemLoader Replaying proof mv1.key 
47329      DEBUG main            d.u.i.k.p.i.IntermediateProofReplayer Proof replay took 7.6ns 
47431      INFO  main            d.u.i.k.p.r.p.TestFile    ... finished proof: closed. 
47591      INFO  main            d.u.i.k.p.i.AbstractProblemLoader Loading environment from /home/runner/work/key/key/key.core/../key.ui/examples/standard_key/pred_log/mv1.key.proof 
47591      DEBUG main            d.u.i.k.p.i.AbstractProblemLoader Environment load took 133.1ns 
47592      INFO  main            d.u.i.k.p.i.AbstractProblemLoader Creating init config 
50038      DEBUG main            d.u.i.k.p.i.AbstractProblemLoader Init config took 2.45s 
50054      INFO  main            d.u.i.k.p.i.AbstractProblemLoader Replaying proof mv1.key.proof 
50057      DEBUG main            d.u.i.k.p.i.IntermediateProofReplayer Proof replay took 748.42ns 
50057      DEBUG main            d.u.i.k.p.r.p.TestFile    ... success: reloaded. 
50058      INFO  main            d.u.i.k.p.r.p.TestFile    Now processing file /home/runner/work/key/key/key.core/../key.ui/examples/standard_key/pred_log/mv2.key 
50058      INFO  main            d.u.i.k.p.i.AbstractProblemLoader Loading environment from /home/runner/work/key/key/key.core/../key.ui/examples/standard_key/pred_log/mv2.key 
50059      DEBUG main            d.u.i.k.p.i.AbstractProblemLoader Environment load took 104.7ns 
50059      INFO  main            d.u.i.k.p.i.AbstractProblemLoader Creating init config 
52544      DEBUG main            d.u.i.k.p.i.AbstractProblemLoader Init config took 2.48s 
52559      INFO  main            d.u.i.k.p.i.AbstractProblemLoader Replaying proof mv2.key 
52561      DEBUG main            d.u.i.k.p.i.IntermediateProofReplayer Proof replay took 7ns 
52664      INFO  main            d.u.i.k.p.r.p.TestFile    ... finished proof: closed. 
52841      INFO  main            d.u.i.k.p.i.AbstractProblemLoader Loading environment from /home/runner/work/key/key/key.core/../key.ui/examples/standard_key/pred_log/mv2.key.proof 
52841      DEBUG main            d.u.i.k.p.i.AbstractProblemLoader Environment load took 123.2ns 
52842      INFO  main            d.u.i.k.p.i.AbstractProblemLoader Creating init config 
55296      DEBUG main            d.u.i.k.p.i.AbstractProblemLoader Init config took 2.45s 
55311      INFO  main            d.u.i.k.p.i.AbstractProblemLoader Replaying proof mv2.key.proof 
55318      DEBUG main            d.u.i.k.p.i.IntermediateProofReplayer Proof replay took 5.42ms 
55319      DEBUG main            d.u.i.k.p.r.p.TestFile    ... success: reloaded. 
55320      INFO  main            d.u.i.k.p.r.p.TestFile    Now processing file /home/runner/work/key/key/key.core/../key.ui/examples/standard_key/pred_log/quantifiers.key 
55320      INFO  main            d.u.i.k.p.i.AbstractProblemLoader Loading environment from /home/runner/work/key/key/key.core/../key.ui/examples/standard_key/pred_log/quantifiers.key 
55321      DEBUG main            d.u.i.k.p.i.AbstractProblemLoader Environment load took 677.51ns 
55322      INFO  main            d.u.i.k.p.i.AbstractProblemLoader Creating init config 
57828      DEBUG main            d.u.i.k.p.i.AbstractProblemLoader Init config took 2.51s 
57843      INFO  main            d.u.i.k.p.i.AbstractProblemLoader Replaying proof quantifiers.key 
57845      DEBUG main            d.u.i.k.p.i.IntermediateProofReplayer Proof replay took 6.4ns 
57947      INFO  main            d.u.i.k.p.r.p.TestFile    ... finished proof: closed. 
58114      INFO  main            d.u.i.k.p.i.AbstractProblemLoader Loading environment from /home/runner/work/key/key/key.core/../key.ui/examples/standard_key/pred_log/quantifiers.key.proof 
58114      DEBUG main            d.u.i.k.p.i.AbstractProblemLoader Environment load took 137.1ns 
58115      INFO  main            d.u.i.k.p.i.AbstractProblemLoader Creating init config 
60550      DEBUG main            d.u.i.k.p.i.AbstractProblemLoader Init config took 2.43s 
60565      INFO  main            d.u.i.k.p.i.AbstractProblemLoader Replaying proof quantifiers.key.proof 
60569      DEBUG main            d.u.i.k.p.i.IntermediateProofReplayer Proof replay took 1.63ms 
60570      DEBUG main            d.u.i.k.p.r.p.TestFile    ... success: reloaded. 
60570      INFO  main            d.u.i.k.p.r.p.TestFile    Now processing file /home/runner/work/key/key/key.core/../key.ui/examples/standard_key/pred_log/simpleEps.key 
60571      INFO  main            d.u.i.k.p.i.AbstractProblemLoader Loading environment from /home/runner/work/key/key/key.core/../key.ui/examples/standard_key/pred_log/simpleEps.key 
60571      DEBUG main            d.u.i.k.p.i.AbstractProblemLoader Environment load took 196.6ns 
60572      INFO  main            d.u.i.k.p.i.AbstractProblemLoader Creating init config 
63070      DEBUG main            d.u.i.k.p.i.AbstractProblemLoader Init config took 2.5s 
63085      INFO  main            d.u.i.k.p.i.AbstractProblemLoader Replaying proof simpleEps.key 
63086      DEBUG main            d.u.i.k.p.i.IntermediateProofReplayer Proof replay took 7.6ns 
63192      INFO  main            d.u.i.k.p.r.p.TestFile    ... finished proof: closed. 
63366      INFO  main            d.u.i.k.p.i.AbstractProblemLoader Loading environment from /home/runner/work/key/key/key.core/../key.ui/examples/standard_key/pred_log/simpleEps.key.proof 
63366      DEBUG main            d.u.i.k.p.i.AbstractProblemLoader Environment load took 135.9ns 
63369      INFO  main            d.u.i.k.p.i.AbstractProblemLoader Creating init config 
65808      DEBUG main            d.u.i.k.p.i.AbstractProblemLoader Init config took 2.44s 
65833      INFO  main            d.u.i.k.p.i.AbstractProblemLoader Replaying proof simpleEps.key.proof 
65836      DEBUG main            d.u.i.k.p.i.IntermediateProofReplayer Proof replay took 1.02ms 
65837      DEBUG main            d.u.i.k.p.r.p.TestFile    ... success: reloaded. 
65837      INFO  main            d.u.i.k.p.r.p.TestFile    Now processing file /home/runner/work/key/key/key.core/../key.ui/examples/standard_key/pred_log/steam1.key 
65838      INFO  main            d.u.i.k.p.i.AbstractProblemLoader Loading environment from /home/runner/work/key/key/key.core/../key.ui/examples/standard_key/pred_log/steam1.key 
65838      DEBUG main            d.u.i.k.p.i.AbstractProblemLoader Environment load took 95.3ns 
65840      INFO  main            d.u.i.k.p.i.AbstractProblemLoader Creating init config 
68326      DEBUG main            d.u.i.k.p.i.AbstractProblemLoader Init config took 2.49s 
68343      INFO  main            d.u.i.k.p.i.AbstractProblemLoader Replaying proof steam1.key 
68344      DEBUG main            d.u.i.k.p.i.IntermediateProofReplayer Proof replay took 7.4ns 
68654      INFO  main            d.u.i.k.p.r.p.TestFile    ... finished proof: closed. 
68846      INFO  main            d.u.i.k.p.i.AbstractProblemLoader Loading environment from /home/runner/work/key/key/key.core/../key.ui/examples/standard_key/pred_log/steam1.key.proof 
68847      DEBUG main            d.u.i.k.p.i.AbstractProblemLoader Environment load took 374.11ns 
68849      INFO  main            d.u.i.k.p.i.AbstractProblemLoader Creating init config 
71277      DEBUG main            d.u.i.k.p.i.AbstractProblemLoader Init config took 2.43s 
71294      INFO  main            d.u.i.k.p.i.AbstractProblemLoader Replaying proof steam1.key.proof 
71313      DEBUG main            d.u.i.k.p.i.IntermediateProofReplayer Proof replay took 15.31ms 
71315      DEBUG main            d.u.i.k.p.r.p.TestFile    ... success: reloaded. 
71316      INFO  main            d.u.i.k.p.r.p.TestFile    Now processing file /home/runner/work/key/key/key.core/../key.ui/examples/standard_key/pred_log/tptp/PUZ/PUZ001p1.key 
71316      INFO  main            d.u.i.k.p.i.AbstractProblemLoader Loading environment from /home/runner/work/key/key/key.core/../key.ui/examples/standard_key/pred_log/tptp/PUZ/PUZ001p1.key 
71317      DEBUG main            d.u.i.k.p.i.AbstractProblemLoader Environment load took 186.3ns 
71318      INFO  main            d.u.i.k.p.i.AbstractProblemLoader Creating init config 
73816      DEBUG main            d.u.i.k.p.i.AbstractProblemLoader Init config took 2.5s 
73831      INFO  main            d.u.i.k.p.i.AbstractProblemLoader Replaying proof PUZ001p1.key 
73832      DEBUG main            d.u.i.k.p.i.IntermediateProofReplayer Proof replay took 6.3ns 
76966      INFO  main            d.u.i.k.p.r.p.TestFile    ... finished proof: closed. 
77196      INFO  main            d.u.i.k.p.i.AbstractProblemLoader Loading environment from /home/runner/work/key/key/key.core/../key.ui/examples/standard_key/pred_log/tptp/PUZ/PUZ001p1.key.proof 
77198      DEBUG main            d.u.i.k.p.i.AbstractProblemLoader Environment load took 2.11ms 
77200      INFO  main            d.u.i.k.p.i.AbstractProblemLoader Creating init config 
79624      DEBUG main            d.u.i.k.p.i.AbstractProblemLoader Init config took 2.42s 
79639      INFO  main            d.u.i.k.p.i.AbstractProblemLoader Replaying proof PUZ001p1.key.proof 
79808      DEBUG main            d.u.i.k.p.i.IntermediateProofReplayer Proof replay took 160.54ms 
79811      DEBUG main            d.u.i.k.p.r.p.TestFile    ... success: reloaded. 
79812      INFO  main            d.u.i.k.p.r.p.TestFile    Now processing file /home/runner/work/key/key/key.core/../key.ui/examples/standard_key/pred_log/tptp/PUZ/PUZ001p1-eq.key 
79812      INFO  main            d.u.i.k.p.i.AbstractProblemLoader Loading environment from /home/runner/work/key/key/key.core/../key.ui/examples/standard_key/pred_log/tptp/PUZ/PUZ001p1-eq.key 
79812      DEBUG main            d.u.i.k.p.i.AbstractProblemLoader Environment load took 173.2ns 
79815      INFO  main            d.u.i.k.p.i.AbstractProblemLoader Creating init config 
82282      DEBUG main            d.u.i.k.p.i.AbstractProblemLoader Init config took 2.47s 
82298      INFO  main            d.u.i.k.p.i.AbstractProblemLoader Replaying proof PUZ001p1-eq.key 
82300      DEBUG main            d.u.i.k.p.i.IntermediateProofReplayer Proof replay took 7.3ns 
82403      INFO  main            d.u.i.k.p.r.p.TestFile    ... finished proof: closed. 
82652      INFO  main            d.u.i.k.p.i.AbstractProblemLoader Loading environment from /home/runner/work/key/key/key.core/../key.ui/examples/standard_key/pred_log/tptp/PUZ/PUZ001p1-eq.key.proof 
82653      DEBUG main            d.u.i.k.p.i.AbstractProblemLoader Environment load took 361.91ns 
82654      INFO  main            d.u.i.k.p.i.AbstractProblemLoader Creating init config 
85052      DEBUG main            d.u.i.k.p.i.AbstractProblemLoader Init config took 2.4s 
85066      INFO  main            d.u.i.k.p.i.AbstractProblemLoader Replaying proof PUZ001p1-eq.key.proof 
85079      DEBUG main            d.u.i.k.p.i.IntermediateProofReplayer Proof replay took 10.74ms 
85080      DEBUG main            d.u.i.k.p.r.p.TestFile    ... success: reloaded. 
85081      INFO  main            d.u.i.k.p.r.p.TestFile    Now processing file /home/runner/work/key/key/key.core/../key.ui/examples/standard_key/pred_log/tptp/PUZ/PUZ031p1.key 
85081      INFO  main            d.u.i.k.p.i.AbstractProblemLoader Loading environment from /home/runner/work/key/key/key.core/../key.ui/examples/standard_key/pred_log/tptp/PUZ/PUZ031p1.key 
85081      DEBUG main            d.u.i.k.p.i.AbstractProblemLoader Environment load took 79.3ns 
85083      INFO  main            d.u.i.k.p.i.AbstractProblemLoader Creating init config 
87568      DEBUG main            d.u.i.k.p.i.AbstractProblemLoader Init config took 2.49s 
87583      INFO  main            d.u.i.k.p.i.AbstractProblemLoader Replaying proof PUZ031p1.key 
87584      DEBUG main            d.u.i.k.p.i.IntermediateProofReplayer Proof replay took 7.1ns 
95601      INFO  main            d.u.i.k.p.r.p.TestFile    ... finished proof: closed. 
95810      INFO  main            d.u.i.k.p.i.AbstractProblemLoader Loading environment from /home/runner/work/key/key/key.core/../key.ui/examples/standard_key/pred_log/tptp/PUZ/PUZ031p1.key.proof 
95810      DEBUG main            d.u.i.k.p.i.AbstractProblemLoader Environment load took 136.1ns 
95812      INFO  main            d.u.i.k.p.i.AbstractProblemLoader Creating init config 
98235      DEBUG main            d.u.i.k.p.i.AbstractProblemLoader Init config took 2.42s 
98250      INFO  main            d.u.i.k.p.i.AbstractProblemLoader Replaying proof PUZ031p1.key.proof 
98306      DEBUG main            d.u.i.k.p.i.IntermediateProofReplayer Proof replay took 51.56ms 
98307      DEBUG main            d.u.i.k.p.r.p.TestFile    ... success: reloaded. 
98308      INFO  main            d.u.i.k.p.r.p.TestFile    Now processing file /home/runner/work/key/key/key.core/../key.ui/examples/standard_key/pred_log/tptp/SET/SET027p3.key 
98308      INFO  main            d.u.i.k.p.i.AbstractProblemLoader Loading environment from /home/runner/work/key/key/key.core/../key.ui/examples/standard_key/pred_log/tptp/SET/SET027p3.key 
98309      DEBUG main            d.u.i.k.p.i.AbstractProblemLoader Environment load took 195.9ns 
98310      INFO  main            d.u.i.k.p.i.AbstractProblemLoader Creating init config 
100798     DEBUG main            d.u.i.k.p.i.AbstractProblemLoader Init config took 2.49s 
100811     INFO  main            d.u.i.k.p.i.AbstractProblemLoader Replaying proof SET027p3.key 
100813     DEBUG main            d.u.i.k.p.i.IntermediateProofReplayer Proof replay took 7.8ns 
100915     INFO  main            d.u.i.k.p.r.p.TestFile    ... finished proof: closed. 
101152     INFO  main            d.u.i.k.p.i.AbstractProblemLoader Loading environment from /home/runner/work/key/key/key.core/../key.ui/examples/standard_key/pred_log/tptp/SET/SET027p3.key.proof 
101152     DEBUG main            d.u.i.k.p.i.AbstractProblemLoader Environment load took 126ns 
101153     INFO  main            d.u.i.k.p.i.AbstractProblemLoader Creating init config 
103583     DEBUG main            d.u.i.k.p.i.AbstractProblemLoader Init config took 2.43s 
103596     INFO  main            d.u.i.k.p.i.AbstractProblemLoader Replaying proof SET027p3.key.proof 
103601     DEBUG main            d.u.i.k.p.i.IntermediateProofReplayer Proof replay took 3.17ms 
103602     DEBUG main            d.u.i.k.p.r.p.TestFile    ... success: reloaded. 
103603     INFO  main            d.u.i.k.p.r.p.TestFile    Now processing file /home/runner/work/key/key/key.core/../key.ui/examples/standard_key/pred_log/tptp/SET/SET043p1.key 
103604     INFO  main            d.u.i.k.p.i.AbstractProblemLoader Loading environment from /home/runner/work/key/key/key.core/../key.ui/examples/standard_key/pred_log/tptp/SET/SET043p1.key 
103604     DEBUG main            d.u.i.k.p.i.AbstractProblemLoader Environment load took 214.1ns 
103605     INFO  main            d.u.i.k.p.i.AbstractProblemLoader Creating init config 
106024     DEBUG main            d.u.i.k.p.i.AbstractProblemLoader Init config took 2.42s 
106038     INFO  main            d.u.i.k.p.i.AbstractProblemLoader Replaying proof SET043p1.key 
106039     DEBUG main            d.u.i.k.p.i.IntermediateProofReplayer Proof replay took 7.3ns 
106141     INFO  main            d.u.i.k.p.r.p.TestFile    ... finished proof: closed. 
106363     INFO  main            d.u.i.k.p.i.AbstractProblemLoader Loading environment from /home/runner/work/key/key/key.core/../key.ui/examples/standard_key/pred_log/tptp/SET/SET043p1.key.proof 
106363     DEBUG main            d.u.i.k.p.i.AbstractProblemLoader Environment load took 385.01ns 
106364     INFO  main            d.u.i.k.p.i.AbstractProblemLoader Creating init config 
108769     DEBUG main            d.u.i.k.p.i.AbstractProblemLoader Init config took 2.41s 
108786     INFO  main            d.u.i.k.p.i.AbstractProblemLoader Replaying proof SET043p1.key.proof 
108790     DEBUG main            d.u.i.k.p.i.IntermediateProofReplayer Proof replay took 1.2ms 
108791     DEBUG main            d.u.i.k.p.r.p.TestFile    ... success: reloaded. 
108791     INFO  main            d.u.i.k.p.r.p.TestFile    Now processing file /home/runner/work/key/key/key.core/../key.ui/examples/standard_key/pred_log/tptp/SET/SET045p1.key 
108791     INFO  main            d.u.i.k.p.i.AbstractProblemLoader Loading environment from /home/runner/work/key/key/key.core/../key.ui/examples/standard_key/pred_log/tptp/SET/SET045p1.key 
108792     DEBUG main            d.u.i.k.p.i.AbstractProblemLoader Environment load took 86.9ns 
108792     INFO  main            d.u.i.k.p.i.AbstractProblemLoader Creating init config 
111273     DEBUG main            d.u.i.k.p.i.AbstractProblemLoader Init config took 2.48s 
111287     INFO  main            d.u.i.k.p.i.AbstractProblemLoader Replaying proof SET045p1.key 
111288     DEBUG main            d.u.i.k.p.i.IntermediateProofReplayer Proof replay took 8.2ns 
111391     INFO  main            d.u.i.k.p.r.p.TestFile    ... finished proof: closed. 
111620     INFO  main            d.u.i.k.p.i.AbstractProblemLoader Loading environment from /home/runner/work/key/key/key.core/../key.ui/examples/standard_key/pred_log/tptp/SET/SET045p1.key.proof 
111620     DEBUG main            d.u.i.k.p.i.AbstractProblemLoader Environment load took 108.6ns 
111621     INFO  main            d.u.i.k.p.i.AbstractProblemLoader Creating init config 
113998     DEBUG main            d.u.i.k.p.i.AbstractProblemLoader Init config took 2.38s 
114012     INFO  main            d.u.i.k.p.i.AbstractProblemLoader Replaying proof SET045p1.key.proof 
114017     DEBUG main            d.u.i.k.p.i.IntermediateProofReplayer Proof replay took 2.68ms 
114018     DEBUG main            d.u.i.k.p.r.p.TestFile    ... success: reloaded. 
114019     INFO  main            d.u.i.k.p.r.p.TestFile    Now processing file /home/runner/work/key/key/key.core/../key.ui/examples/standard_key/pred_log/tptp/SET/SET062p3.key 
114019     INFO  main            d.u.i.k.p.i.AbstractProblemLoader Loading environment from /home/runner/work/key/key/key.core/../key.ui/examples/standard_key/pred_log/tptp/SET/SET062p3.key 
114019     DEBUG main            d.u.i.k.p.i.AbstractProblemLoader Environment load took 188.6ns 
114020     INFO  main            d.u.i.k.p.i.AbstractProblemLoader Creating init config 
116488     DEBUG main            d.u.i.k.p.i.AbstractProblemLoader Init config took 2.47s 
116502     INFO  main            d.u.i.k.p.i.AbstractProblemLoader Replaying proof SET062p3.key 
116503     DEBUG main            d.u.i.k.p.i.IntermediateProofReplayer Proof replay took 8.5ns 
116605     INFO  main            d.u.i.k.p.r.p.TestFile    ... finished proof: closed. 
116829     INFO  main            d.u.i.k.p.i.AbstractProblemLoader Loading environment from /home/runner/work/key/key/key.core/../key.ui/examples/standard_key/pred_log/tptp/SET/SET062p3.key.proof 
116829     DEBUG main            d.u.i.k.p.i.AbstractProblemLoader Environment load took 126ns 
116831     INFO  main            d.u.i.k.p.i.AbstractProblemLoader Creating init config 
119205     DEBUG main            d.u.i.k.p.i.AbstractProblemLoader Init config took 2.37s 
119219     INFO  main            d.u.i.k.p.i.AbstractProblemLoader Replaying proof SET062p3.key.proof 
119223     DEBUG main            d.u.i.k.p.i.IntermediateProofReplayer Proof replay took 2.25ms 
119224     DEBUG main            d.u.i.k.p.r.p.TestFile    ... success: reloaded. 
119224     INFO  main            d.u.i.k.p.r.p.TestFile    Now processing file /home/runner/work/key/key/key.core/../key.ui/examples/standard_key/pred_log/tptp/SET/SET063p3.key 
119225     INFO  main            d.u.i.k.p.i.AbstractProblemLoader Loading environment from /home/runner/work/key/key/key.core/../key.ui/examples/standard_key/pred_log/tptp/SET/SET063p3.key 
119225     DEBUG main            d.u.i.k.p.i.AbstractProblemLoader Environment load took 100.8ns 
119226     INFO  main            d.u.i.k.p.i.AbstractProblemLoader Creating init config 
121679     DEBUG main            d.u.i.k.p.i.AbstractProblemLoader Init config took 2.45s 
121693     INFO  main            d.u.i.k.p.i.AbstractProblemLoader Replaying proof SET063p3.key 
121694     DEBUG main            d.u.i.k.p.i.IntermediateProofReplayer Proof replay took 8.5ns 
121800     INFO  main            d.u.i.k.p.r.p.TestFile    ... finished proof: closed. 
122033     INFO  main            d.u.i.k.p.i.AbstractProblemLoader Loading environment from /home/runner/work/key/key/key.core/../key.ui/examples/standard_key/pred_log/tptp/SET/SET063p3.key.proof 
122033     DEBUG main            d.u.i.k.p.i.AbstractProblemLoader Environment load took 125.5ns 
122034     INFO  main            d.u.i.k.p.i.AbstractProblemLoader Creating init config 
124409     DEBUG main            d.u.i.k.p.i.AbstractProblemLoader Init config took 2.37s 
124425     INFO  main            d.u.i.k.p.i.AbstractProblemLoader Replaying proof SET063p3.key.proof 
124430     DEBUG main            d.u.i.k.p.i.IntermediateProofReplayer Proof replay took 2.82ms 
124431     DEBUG main            d.u.i.k.p.r.p.TestFile    ... success: reloaded. 
124432     INFO  main            d.u.i.k.p.r.p.TestFile    Now processing file /home/runner/work/key/key/key.core/../key.ui/examples/standard_key/pred_log/tptp/SYN/SYN036p2.key 
124432     INFO  main            d.u.i.k.p.i.AbstractProblemLoader Loading environment from /home/runner/work/key/key/key.core/../key.ui/examples/standard_key/pred_log/tptp/SYN/SYN036p2.key 
124432     DEBUG main            d.u.i.k.p.i.AbstractProblemLoader Environment load took 175.7ns 
124434     INFO  main            d.u.i.k.p.i.AbstractProblemLoader Creating init config 
126896     DEBUG main            d.u.i.k.p.i.AbstractProblemLoader Init config took 2.46s 
126910     INFO  main            d.u.i.k.p.i.AbstractProblemLoader Replaying proof SYN036p2.key 
126911     DEBUG main            d.u.i.k.p.i.IntermediateProofReplayer Proof replay took 8.5ns 
127215     INFO  main            d.u.i.k.p.r.p.TestFile    ... finished proof: closed. 
127485     INFO  main            d.u.i.k.p.i.AbstractProblemLoader Loading environment from /home/runner/work/key/key/key.core/../key.ui/examples/standard_key/pred_log/tptp/SYN/SYN036p2.key.proof 
127485     DEBUG main            d.u.i.k.p.i.AbstractProblemLoader Environment load took 348.7ns 
127487     INFO  main            d.u.i.k.p.i.AbstractProblemLoader Creating init config 
129860     DEBUG main            d.u.i.k.p.i.AbstractProblemLoader Init config took 2.37s 
129874     INFO  main            d.u.i.k.p.i.AbstractProblemLoader Replaying proof SYN036p2.key.proof 
129932     DEBUG main            d.u.i.k.p.i.IntermediateProofReplayer Proof replay took 51.53ms 
129933     DEBUG main            d.u.i.k.p.r.p.TestFile    ... success: reloaded. 
129934     INFO  main            d.u.i.k.p.r.p.TestFile    Now processing file /home/runner/work/key/key/key.core/../key.ui/examples/standard_key/pred_log/tptp/SYN/SYN550p1.key 
129934     INFO  main            d.u.i.k.p.i.AbstractProblemLoader Loading environment from /home/runner/work/key/key/key.core/../key.ui/examples/standard_key/pred_log/tptp/SYN/SYN550p1.key 
129935     DEBUG main            d.u.i.k.p.i.AbstractProblemLoader Environment load took 181.9ns 
129936     INFO  main            d.u.i.k.p.i.AbstractProblemLoader Creating init config 
132369     DEBUG main            d.u.i.k.p.i.AbstractProblemLoader Init config took 2.43s 
132382     INFO  main            d.u.i.k.p.i.AbstractProblemLoader Replaying proof SYN550p1.key 
132384     DEBUG main            d.u.i.k.p.i.IntermediateProofReplayer Proof replay took 7.7ns 
135218     INFO  main            d.u.i.k.p.r.p.TestFile    ... finished proof: closed. 
135472     INFO  main            d.u.i.k.p.i.AbstractProblemLoader Loading environment from /home/runner/work/key/key/key.core/../key.ui/examples/standard_key/pred_log/tptp/SYN/SYN550p1.key.proof 
135472     DEBUG main            d.u.i.k.p.i.AbstractProblemLoader Environment load took 347.5ns 
135473     INFO  main            d.u.i.k.p.i.AbstractProblemLoader Creating init config 
137834     DEBUG main            d.u.i.k.p.i.AbstractProblemLoader Init config took 2.36s 
137847     INFO  main            d.u.i.k.p.i.AbstractProblemLoader Replaying proof SYN550p1.key.proof 
137916     DEBUG main            d.u.i.k.p.i.IntermediateProofReplayer Proof replay took 63.07ms 
137919     DEBUG main            d.u.i.k.p.r.p.TestFile    ... success: reloaded. 
137920     INFO  main            d.u.i.k.p.r.p.TestFile    Now processing file /home/runner/work/key/key/key.core/../key.ui/examples/standard_key/prop_log/reallySimple.key 
137920     INFO  main            d.u.i.k.p.i.AbstractProblemLoader Loading environment from /home/runner/work/key/key/key.core/../key.ui/examples/standard_key/prop_log/reallySimple.key 
137920     DEBUG main            d.u.i.k.p.i.AbstractProblemLoader Environment load took 110.1ns 
137921     INFO  main            d.u.i.k.p.i.AbstractProblemLoader Creating init config 
140370     DEBUG main            d.u.i.k.p.i.AbstractProblemLoader Init config took 2.45s 
140383     INFO  main            d.u.i.k.p.i.AbstractProblemLoader Replaying proof reallySimple.key 
140384     DEBUG main            d.u.i.k.p.i.IntermediateProofReplayer Proof replay took 6.8ns 
140486     INFO  main            d.u.i.k.p.r.p.TestFile    ... finished proof: open goal(s) 
140739     INFO  main            d.u.i.k.p.r.p.TestFile    Now processing file /home/runner/work/key/key/key.core/../key.ui/examples/standard_key/pred_log/sameName1.key 
140740     INFO  main            d.u.i.k.p.i.AbstractProblemLoader Loading environment from /home/runner/work/key/key/key.core/../key.ui/examples/standard_key/pred_log/sameName1.key 
140740     DEBUG main            d.u.i.k.p.i.AbstractProblemLoader Environment load took 60.6ns 
140741     INFO  main            d.u.i.k.p.i.AbstractProblemLoader Creating init config 
143110     DEBUG main            d.u.i.k.p.i.AbstractProblemLoader Init config took 2.37s 
143123     INFO  main            d.u.i.k.p.i.AbstractProblemLoader Replaying proof sameName1.key 
143124     DEBUG main            d.u.i.k.p.i.IntermediateProofReplayer Proof replay took 7.1ns 
143226     INFO  main            d.u.i.k.p.r.p.TestFile    ... finished proof: open goal(s) 
143460     INFO  main            d.u.i.k.p.r.p.TestFile    Now processing file /home/runner/work/key/key/key.core/../key.ui/examples/standard_key/pred_log/jbyteIfEx.key 
143460     INFO  main            d.u.i.k.p.i.AbstractProblemLoader Loading environment from /home/runner/work/key/key/key.core/../key.ui/examples/standard_key/pred_log/jbyteIfEx.key 
143460     DEBUG main            d.u.i.k.p.i.AbstractProblemLoader Environment load took 65ns 
143461     INFO  main            d.u.i.k.p.i.AbstractProblemLoader Creating init config 
145829     DEBUG main            d.u.i.k.p.i.AbstractProblemLoader Init config took 2.37s 
145843     INFO  main            d.u.i.k.p.i.AbstractProblemLoader Replaying proof jbyteIfEx.key 
145844     DEBUG main            d.u.i.k.p.i.IntermediateProofReplayer Proof replay took 7.6ns 
145946     INFO  main            d.u.i.k.p.r.p.TestFile    ... finished proof: closed. 
146183     INFO  main            d.u.i.k.p.i.AbstractProblemLoader Loading environment from /home/runner/work/key/key/key.core/../key.ui/examples/standard_key/pred_log/jbyteIfEx.key.proof 
146183     DEBUG main            d.u.i.k.p.i.AbstractProblemLoader Environment load took 123.7ns 
146184     INFO  main            d.u.i.k.p.i.AbstractProblemLoader Creating init config 
148547     DEBUG main            d.u.i.k.p.i.AbstractProblemLoader Init config took 2.36s 
148560     INFO  main            d.u.i.k.p.i.AbstractProblemLoader Replaying proof jbyteIfEx.key.proof 
148565     DEBUG main            d.u.i.k.p.i.IntermediateProofReplayer Proof replay took 3ms 
148566     DEBUG main            d.u.i.k.p.r.p.TestFile    ... success: reloaded. 
148566     INFO  main            d.u.i.k.p.r.p.TestFile    Now processing file /home/runner/work/key/key/key.core/../key.ui/examples/standard_key/prop_log/allClausesLength4.key 
148566     INFO  main            d.u.i.k.p.i.AbstractProblemLoader Loading environment from /home/runner/work/key/key/key.core/../key.ui/examples/standard_key/prop_log/allClausesLength4.key 
148566     DEBUG main            d.u.i.k.p.i.AbstractProblemLoader Environment load took 84.1ns 
148567     INFO  main            d.u.i.k.p.i.AbstractProblemLoader Creating init config 
151026     DEBUG main            d.u.i.k.p.i.AbstractProblemLoader Init config took 2.46s 
151039     INFO  main            d.u.i.k.p.i.AbstractProblemLoader Replaying proof allClausesLength4.key 
151040     DEBUG main            d.u.i.k.p.i.IntermediateProofReplayer Proof replay took 6.7ns 
151144     INFO  main            d.u.i.k.p.r.p.TestFile    ... finished proof: closed. 
151427     INFO  main            d.u.i.k.p.i.AbstractProblemLoader Loading environment from /home/runner/work/key/key/key.core/../key.ui/examples/standard_key/prop_log/allClausesLength4.key.proof 
151427     DEBUG main            d.u.i.k.p.i.AbstractProblemLoader Environment load took 119.7ns 
151429     INFO  main            d.u.i.k.p.i.AbstractProblemLoader Creating init config 
153798     DEBUG main            d.u.i.k.p.i.AbstractProblemLoader Init config took 2.37s 
153811     INFO  main            d.u.i.k.p.i.AbstractProblemLoader Replaying proof allClausesLength4.key.proof 
153823     DEBUG main            d.u.i.k.p.i.IntermediateProofReplayer Proof replay took 9.2ms 
153824     DEBUG main            d.u.i.k.p.r.p.TestFile    ... success: reloaded. 
153825     INFO  main            d.u.i.k.p.r.p.TestFile    Now processing file /home/runner/work/key/key/key.core/../key.ui/examples/standard_key/prop_log/allClausesLength5.key 
153825     INFO  main            d.u.i.k.p.i.AbstractProblemLoader Loading environment from /home/runner/work/key/key/key.core/../key.ui/examples/standard_key/prop_log/allClausesLength5.key 
153826     DEBUG main            d.u.i.k.p.i.AbstractProblemLoader Environment load took 181.3ns 
153827     INFO  main            d.u.i.k.p.i.AbstractProblemLoader Creating init config 
156269     DEBUG main            d.u.i.k.p.i.AbstractProblemLoader Init config took 2.44s 
156283     INFO  main            d.u.i.k.p.i.AbstractProblemLoader Replaying proof allClausesLength5.key 
156284     DEBUG main            d.u.i.k.p.i.IntermediateProofReplayer Proof replay took 7.3ns 
156588     INFO  main            d.u.i.k.p.r.p.TestFile    ... finished proof: closed. 
156852     INFO  main            d.u.i.k.p.i.AbstractProblemLoader Loading environment from /home/runner/work/key/key/key.core/../key.ui/examples/standard_key/prop_log/allClausesLength5.key.proof 
156856     DEBUG main            d.u.i.k.p.i.AbstractProblemLoader Environment load took 3.37ms 
156857     INFO  main            d.u.i.k.p.i.AbstractProblemLoader Creating init config 
159261     DEBUG main            d.u.i.k.p.i.AbstractProblemLoader Init config took 2.4s 
159276     INFO  main            d.u.i.k.p.i.AbstractProblemLoader Replaying proof allClausesLength5.key.proof 
159315     DEBUG main            d.u.i.k.p.i.IntermediateProofReplayer Proof replay took 33.4ms 
159317     DEBUG main            d.u.i.k.p.r.p.TestFile    ... success: reloaded. 
159317     INFO  main            d.u.i.k.p.r.p.TestFile    Now processing file /home/runner/work/key/key/key.core/../key.ui/examples/standard_key/prop_log/doubleNeg.key 
159317     INFO  main            d.u.i.k.p.i.AbstractProblemLoader Loading environment from /home/runner/work/key/key/key.core/../key.ui/examples/standard_key/prop_log/doubleNeg.key 
159318     DEBUG main            d.u.i.k.p.i.AbstractProblemLoader Environment load took 84.6ns 
159318     INFO  main            d.u.i.k.p.i.AbstractProblemLoader Creating init config 
161792     DEBUG main            d.u.i.k.p.i.AbstractProblemLoader Init config took 2.47s 
161805     INFO  main            d.u.i.k.p.i.AbstractProblemLoader Replaying proof doubleNeg.key 
161806     DEBUG main            d.u.i.k.p.i.IntermediateProofReplayer Proof replay took 6.8ns 
161907     INFO  main            d.u.i.k.p.r.p.TestFile    ... finished proof: closed. 
162181     INFO  main            d.u.i.k.p.i.AbstractProblemLoader Loading environment from /home/runner/work/key/key/key.core/../key.ui/examples/standard_key/prop_log/doubleNeg.key.proof 
162181     DEBUG main            d.u.i.k.p.i.AbstractProblemLoader Environment load took 109.6ns 
162182     INFO  main            d.u.i.k.p.i.AbstractProblemLoader Creating init config 
164550     DEBUG main            d.u.i.k.p.i.AbstractProblemLoader Init config took 2.37s 
164563     INFO  main            d.u.i.k.p.i.AbstractProblemLoader Replaying proof doubleNeg.key.proof 
164565     DEBUG main            d.u.i.k.p.i.IntermediateProofReplayer Proof replay took 391.41ns 
164566     DEBUG main            d.u.i.k.p.r.p.TestFile    ... success: reloaded. 
164566     INFO  main            d.u.i.k.p.r.p.TestFile    Now processing file /home/runner/work/key/key/key.core/../key.ui/examples/standard_key/prop_log/liarsville.key 
164567     INFO  main            d.u.i.k.p.i.AbstractProblemLoader Loading environment from /home/runner/work/key/key/key.core/../key.ui/examples/standard_key/prop_log/liarsville.key 
164567     DEBUG main            d.u.i.k.p.i.AbstractProblemLoader Environment load took 155.6ns 
164568     INFO  main            d.u.i.k.p.i.AbstractProblemLoader Creating init config 
166970     DEBUG main            d.u.i.k.p.i.AbstractProblemLoader Init config took 2.4s 
166983     INFO  main            d.u.i.k.p.i.AbstractProblemLoader Replaying proof liarsville.key 
166985     DEBUG main            d.u.i.k.p.i.IntermediateProofReplayer Proof replay took 7.1ns 
167088     INFO  main            d.u.i.k.p.r.p.TestFile    ... finished proof: closed. 
167352     INFO  main            d.u.i.k.p.i.AbstractProblemLoader Loading environment from /home/runner/work/key/key/key.core/../key.ui/examples/standard_key/prop_log/liarsville.key.proof 
167353     DEBUG main            d.u.i.k.p.i.AbstractProblemLoader Environment load took 112.5ns 
167354     INFO  main            d.u.i.k.p.i.AbstractProblemLoader Creating init config 
169729     DEBUG main            d.u.i.k.p.i.AbstractProblemLoader Init config took 2.38s 
169742     INFO  main            d.u.i.k.p.i.AbstractProblemLoader Replaying proof liarsville.key.proof 
169744     DEBUG main            d.u.i.k.p.i.IntermediateProofReplayer Proof replay took 969.12ns 
169745     DEBUG main            d.u.i.k.p.r.p.TestFile    ... success: reloaded. 
169746     INFO  main            d.u.i.k.p.r.p.TestFile    Now processing file /home/runner/work/key/key/key.core/../key.ui/examples/standard_key/prop_log/simplest.key 
169746     INFO  main            d.u.i.k.p.i.AbstractProblemLoader Loading environment from /home/runner/work/key/key/key.core/../key.ui/examples/standard_key/prop_log/simplest.key 
169746     DEBUG main            d.u.i.k.p.i.AbstractProblemLoader Environment load took 51.3ns 
169747     INFO  main            d.u.i.k.p.i.AbstractProblemLoader Creating init config 
172156     DEBUG main            d.u.i.k.p.i.AbstractProblemLoader Init config took 2.41s 
172169     INFO  main            d.u.i.k.p.i.AbstractProblemLoader Replaying proof simplest.key 
172170     DEBUG main            d.u.i.k.p.i.IntermediateProofReplayer Proof replay took 7.3ns 
172271     INFO  main            d.u.i.k.p.r.p.TestFile    ... finished proof: closed. 
172538     INFO  main            d.u.i.k.p.i.AbstractProblemLoader Loading environment from /home/runner/work/key/key/key.core/../key.ui/examples/standard_key/prop_log/simplest.key.proof 
172538     DEBUG main            d.u.i.k.p.i.AbstractProblemLoader Environment load took 109.6ns 
172539     INFO  main            d.u.i.k.p.i.AbstractProblemLoader Creating init config 
174903     DEBUG main            d.u.i.k.p.i.AbstractProblemLoader Init config took 2.36s 
174916     INFO  main            d.u.i.k.p.i.AbstractProblemLoader Replaying proof simplest.key.proof 
174918     DEBUG main            d.u.i.k.p.i.IntermediateProofReplayer Proof replay took 101.1ns 
174918     DEBUG main            d.u.i.k.p.r.p.TestFile    ... success: reloaded. 
174918     INFO  main            d.u.i.k.p.r.p.TestFile    Now processing file /home/runner/work/key/key/key.core/../key.ui/examples/standard_key/prop_log/contraposition.key 
174919     INFO  main            d.u.i.k.p.i.AbstractProblemLoader Loading environment from /home/runner/work/key/key/key.core/../key.ui/examples/standard_key/prop_log/contraposition.key 
174919     DEBUG main            d.u.i.k.p.i.AbstractProblemLoader Environment load took 62.5ns 
174920     INFO  main            d.u.i.k.p.i.AbstractProblemLoader Creating init config 
177332     DEBUG main            d.u.i.k.p.i.AbstractProblemLoader Init config took 2.41s 
177345     INFO  main            d.u.i.k.p.i.AbstractProblemLoader Replaying proof contraposition.key 
177346     DEBUG main            d.u.i.k.p.i.IntermediateProofReplayer Proof replay took 6.9ns 
177447     INFO  main            d.u.i.k.p.r.p.TestFile    ... finished proof: closed. 
177725     INFO  main            d.u.i.k.p.i.AbstractProblemLoader Loading environment from /home/runner/work/key/key/key.core/../key.ui/examples/standard_key/prop_log/contraposition.key.proof 
177725     DEBUG main            d.u.i.k.p.i.AbstractProblemLoader Environment load took 104.5ns 
177726     INFO  main            d.u.i.k.p.i.AbstractProblemLoader Creating init config 
180086     DEBUG main            d.u.i.k.p.i.AbstractProblemLoader Init config took 2.36s 
180099     INFO  main            d.u.i.k.p.i.AbstractProblemLoader Replaying proof contraposition.key.proof 
180101     DEBUG main            d.u.i.k.p.i.IntermediateProofReplayer Proof replay took 402.11ns 
180101     DEBUG main            d.u.i.k.p.r.p.TestFile    ... success: reloaded. 
180102     INFO  main            d.u.i.k.p.r.p.TestFile    Now processing file /home/runner/work/key/key/key.core/../key.ui/examples/standard_key/quantifiers/elimination0.key 
180102     INFO  main            d.u.i.k.p.i.AbstractProblemLoader Loading environment from /home/runner/work/key/key/key.core/../key.ui/examples/standard_key/quantifiers/elimination0.key 
180102     DEBUG main            d.u.i.k.p.i.AbstractProblemLoader Environment load took 74.6ns 
180103     INFO  main            d.u.i.k.p.i.AbstractProblemLoader Creating init config 
182503     DEBUG main            d.u.i.k.p.i.AbstractProblemLoader Init config took 2.4s 
182516     INFO  main            d.u.i.k.p.i.AbstractProblemLoader Replaying proof elimination0.key 
182518     DEBUG main            d.u.i.k.p.i.IntermediateProofReplayer Proof replay took 7.5ns 
182620     INFO  main            d.u.i.k.p.r.p.TestFile    ... finished proof: closed. 
182904     INFO  main            d.u.i.k.p.i.AbstractProblemLoader Loading environment from /home/runner/work/key/key/key.core/../key.ui/examples/standard_key/quantifiers/elimination0.key.proof 
182904     DEBUG main            d.u.i.k.p.i.AbstractProblemLoader Environment load took 101.7ns 
182905     INFO  main            d.u.i.k.p.i.AbstractProblemLoader Creating init config 
185288     DEBUG main            d.u.i.k.p.i.AbstractProblemLoader Init config took 2.38s 
185302     INFO  main            d.u.i.k.p.i.AbstractProblemLoader Replaying proof elimination0.key.proof 
185304     DEBUG main            d.u.i.k.p.i.IntermediateProofReplayer Proof replay took 896.12ns 
185305     DEBUG main            d.u.i.k.p.r.p.TestFile    ... success: reloaded. 
185305     INFO  main            d.u.i.k.p.r.p.TestFile    Now processing file /home/runner/work/key/key/key.core/../key.ui/examples/standard_key/quantifiers/heuristic_PUZ001p1-eq.key 
185306     INFO  main            d.u.i.k.p.i.AbstractProblemLoader Loading environment from /home/runner/work/key/key/key.core/../key.ui/examples/standard_key/quantifiers/heuristic_PUZ001p1-eq.key 
185306     DEBUG main            d.u.i.k.p.i.AbstractProblemLoader Environment load took 81.2ns 
185307     INFO  main            d.u.i.k.p.i.AbstractProblemLoader Creating init config 
187739     DEBUG main            d.u.i.k.p.i.AbstractProblemLoader Init config took 2.43s 
187753     INFO  main            d.u.i.k.p.i.AbstractProblemLoader Replaying proof heuristic_PUZ001p1-eq.key 
187754     DEBUG main            d.u.i.k.p.i.IntermediateProofReplayer Proof replay took 7.9ns 
187857     INFO  main            d.u.i.k.p.r.p.TestFile    ... finished proof: closed. 
188146     INFO  main            d.u.i.k.p.i.AbstractProblemLoader Loading environment from /home/runner/work/key/key/key.core/../key.ui/examples/standard_key/quantifiers/heuristic_PUZ001p1-eq.key.proof 
188147     DEBUG main            d.u.i.k.p.i.AbstractProblemLoader Environment load took 118.7ns 
188148     INFO  main            d.u.i.k.p.i.AbstractProblemLoader Creating init config 
190514     DEBUG main            d.u.i.k.p.i.AbstractProblemLoader Init config took 2.37s 
190527     INFO  main            d.u.i.k.p.i.AbstractProblemLoader Replaying proof heuristic_PUZ001p1-eq.key.proof 
190538     DEBUG main            d.u.i.k.p.i.IntermediateProofReplayer Proof replay took 9.16ms 
190540     DEBUG main            d.u.i.k.p.r.p.TestFile    ... success: reloaded. 
190546     INFO  main            d.u.i.k.p.r.p.TestFile    Now processing file /home/runner/work/key/key/key.core/../key.ui/examples/standard_key/quantifiers/heuristic_PUZ001p1.key 
190546     INFO  main            d.u.i.k.p.i.AbstractProblemLoader Loading environment from /home/runner/work/key/key/key.core/../key.ui/examples/standard_key/quantifiers/heuristic_PUZ001p1.key 
190546     DEBUG main            d.u.i.k.p.i.AbstractProblemLoader Environment load took 87ns 
190547     INFO  main            d.u.i.k.p.i.AbstractProblemLoader Creating init config 
192980     DEBUG main            d.u.i.k.p.i.AbstractProblemLoader Init config took 2.43s 
192994     INFO  main            d.u.i.k.p.i.AbstractProblemLoader Replaying proof heuristic_PUZ001p1.key 
192995     DEBUG main            d.u.i.k.p.i.IntermediateProofReplayer Proof replay took 8.1ns 
194304     INFO  main            d.u.i.k.p.r.p.TestFile    ... finished proof: closed. 
194614     INFO  main            d.u.i.k.p.i.AbstractProblemLoader Loading environment from /home/runner/work/key/key/key.core/../key.ui/examples/standard_key/quantifiers/heuristic_PUZ001p1.key.proof 
194615     DEBUG main            d.u.i.k.p.i.AbstractProblemLoader Environment load took 331.21ns 
194616     INFO  main            d.u.i.k.p.i.AbstractProblemLoader Creating init config 
196984     DEBUG main            d.u.i.k.p.i.AbstractProblemLoader Init config took 2.37s 
196999     INFO  main            d.u.i.k.p.i.AbstractProblemLoader Replaying proof heuristic_PUZ001p1.key.proof 
197029     DEBUG main            d.u.i.k.p.i.IntermediateProofReplayer Proof replay took 27.24ms 
197031     DEBUG main            d.u.i.k.p.r.p.TestFile    ... success: reloaded. 
197032     INFO  main            d.u.i.k.p.r.p.TestFile    Now processing file /home/runner/work/key/key/key.core/../key.ui/examples/standard_key/quantifiers/heuristic_PUZ031p1.key 
197032     INFO  main            d.u.i.k.p.i.AbstractProblemLoader Loading environment from /home/runner/work/key/key/key.core/../key.ui/examples/standard_key/quantifiers/heuristic_PUZ031p1.key 
197032     DEBUG main            d.u.i.k.p.i.AbstractProblemLoader Environment load took 117.3ns 
197033     INFO  main            d.u.i.k.p.i.AbstractProblemLoader Creating init config 
199452     DEBUG main            d.u.i.k.p.i.AbstractProblemLoader Init config took 2.42s 
199466     INFO  main            d.u.i.k.p.i.AbstractProblemLoader Replaying proof heuristic_PUZ031p1.key 
199467     DEBUG main            d.u.i.k.p.i.IntermediateProofReplayer Proof replay took 6.8ns 
204184     INFO  main            d.u.i.k.p.r.p.TestFile    ... finished proof: closed. 
204519     INFO  main            d.u.i.k.p.i.AbstractProblemLoader Loading environment from /home/runner/work/key/key/key.core/../key.ui/examples/standard_key/quantifiers/heuristic_PUZ031p1.key.proof 
204521     DEBUG main            d.u.i.k.p.i.AbstractProblemLoader Environment load took 2.7ms 
204524     INFO  main            d.u.i.k.p.i.AbstractProblemLoader Creating init config 
206886     DEBUG main            d.u.i.k.p.i.AbstractProblemLoader Init config took 2.36s 
206903     INFO  main            d.u.i.k.p.i.AbstractProblemLoader Replaying proof heuristic_PUZ031p1.key.proof 
206935     DEBUG main            d.u.i.k.p.i.IntermediateProofReplayer Proof replay took 28.42ms 
206937     DEBUG main            d.u.i.k.p.r.p.TestFile    ... success: reloaded. 
206937     INFO  main            d.u.i.k.p.r.p.TestFile    Now processing file /home/runner/work/key/key/key.core/../key.ui/examples/standard_key/quantifiers/heuristic_SYN036p2.key 
206938     INFO  main            d.u.i.k.p.i.AbstractProblemLoader Loading environment from /home/runner/work/key/key/key.core/../key.ui/examples/standard_key/quantifiers/heuristic_SYN036p2.key 
206938     DEBUG main            d.u.i.k.p.i.AbstractProblemLoader Environment load took 81ns 
206939     INFO  main            d.u.i.k.p.i.AbstractProblemLoader Creating init config 
209367     DEBUG main            d.u.i.k.p.i.AbstractProblemLoader Init config took 2.43s 
209382     INFO  main            d.u.i.k.p.i.AbstractProblemLoader Replaying proof heuristic_SYN036p2.key 
209384     DEBUG main            d.u.i.k.p.i.IntermediateProofReplayer Proof replay took 7.1ns 
209588     INFO  main            d.u.i.k.p.r.p.TestFile    ... finished proof: closed. 
209941     INFO  main            d.u.i.k.p.i.AbstractProblemLoader Loading environment from /home/runner/work/key/key/key.core/../key.ui/examples/standard_key/quantifiers/heuristic_SYN036p2.key.proof 
209941     DEBUG main            d.u.i.k.p.i.AbstractProblemLoader Environment load took 327.11ns 
209942     INFO  main            d.u.i.k.p.i.AbstractProblemLoader Creating init config 
212292     DEBUG main            d.u.i.k.p.i.AbstractProblemLoader Init config took 2.35s 
212305     INFO  main            d.u.i.k.p.i.AbstractProblemLoader Replaying proof heuristic_SYN036p2.key.proof 
212362     DEBUG main            d.u.i.k.p.i.IntermediateProofReplayer Proof replay took 50.31ms 
212363     DEBUG main            d.u.i.k.p.r.p.TestFile    ... success: reloaded. 
212364     INFO  main            d.u.i.k.p.r.p.TestFile    Now processing file /home/runner/work/key/key/key.core/../key.ui/examples/standard_key/quantifiers/injectivity.key 
212364     INFO  main            d.u.i.k.p.i.AbstractProblemLoader Loading environment from /home/runner/work/key/key/key.core/../key.ui/examples/standard_key/quantifiers/injectivity.key 
212364     DEBUG main            d.u.i.k.p.i.AbstractProblemLoader Environment load took 83.4ns 
212365     INFO  main            d.u.i.k.p.i.AbstractProblemLoader Creating init config 
214742     DEBUG main            d.u.i.k.p.i.AbstractProblemLoader Init config took 2.38s 
214754     INFO  main            d.u.i.k.p.i.AbstractProblemLoader Replaying proof injectivity.key 
214756     DEBUG main            d.u.i.k.p.i.IntermediateProofReplayer Proof replay took 7.2ns 
214857     INFO  main            d.u.i.k.p.r.p.TestFile    ... finished proof: closed. 
215167     INFO  main            d.u.i.k.p.i.AbstractProblemLoader Loading environment from /home/runner/work/key/key/key.core/../key.ui/examples/standard_key/quantifiers/injectivity.key.proof 
215167     DEBUG main            d.u.i.k.p.i.AbstractProblemLoader Environment load took 94.9ns 
215168     INFO  main            d.u.i.k.p.i.AbstractProblemLoader Creating init config 
217510     DEBUG main            d.u.i.k.p.i.AbstractProblemLoader Init config took 2.34s 
217523     INFO  main            d.u.i.k.p.i.AbstractProblemLoader Replaying proof injectivity.key.proof 
217526     DEBUG main            d.u.i.k.p.i.IntermediateProofReplayer Proof replay took 1.02ms 
217526     DEBUG main            d.u.i.k.p.r.p.TestFile    ... success: reloaded. 
217527     INFO  main            d.u.i.k.p.r.p.TestFile    Now processing file /home/runner/work/key/key/key.core/../key.ui/examples/standard_key/quantifiers/normalisation0.key 
217527     INFO  main            d.u.i.k.p.i.AbstractProblemLoader Loading environment from /home/runner/work/key/key/key.core/../key.ui/examples/standard_key/quantifiers/normalisation0.key 
217527     DEBUG main            d.u.i.k.p.i.AbstractProblemLoader Environment load took 52ns 
217529     INFO  main            d.u.i.k.p.i.AbstractProblemLoader Creating init config 
219918     DEBUG main            d.u.i.k.p.i.AbstractProblemLoader Init config took 2.39s 
219931     INFO  main            d.u.i.k.p.i.AbstractProblemLoader Replaying proof normalisation0.key 
219933     DEBUG main            d.u.i.k.p.i.IntermediateProofReplayer Proof replay took 8ns 
220035     INFO  main            d.u.i.k.p.r.p.TestFile    ... finished proof: closed. 
220363     INFO  main            d.u.i.k.p.i.AbstractProblemLoader Loading environment from /home/runner/work/key/key/key.core/../key.ui/examples/standard_key/quantifiers/normalisation0.key.proof 
220363     DEBUG main            d.u.i.k.p.i.AbstractProblemLoader Environment load took 93.1ns 
220364     INFO  main            d.u.i.k.p.i.AbstractProblemLoader Creating init config 
222702     DEBUG main            d.u.i.k.p.i.AbstractProblemLoader Init config took 2.34s 
222715     INFO  main            d.u.i.k.p.i.AbstractProblemLoader Replaying proof normalisation0.key.proof 
222717     DEBUG main            d.u.i.k.p.i.IntermediateProofReplayer Proof replay took 1.04ms 
222718     DEBUG main            d.u.i.k.p.r.p.TestFile    ... success: reloaded. 
222719     INFO  main            d.u.i.k.p.r.p.TestFile    Now processing file /home/runner/work/key/key/key.core/../key.ui/examples/standard_key/quantifiers/normalisation1.key 
222719     INFO  main            d.u.i.k.p.i.AbstractProblemLoader Loading environment from /home/runner/work/key/key/key.core/../key.ui/examples/standard_key/quantifiers/normalisation1.key 
222719     DEBUG main            d.u.i.k.p.i.AbstractProblemLoader Environment load took 64.4ns 
222720     INFO  main            d.u.i.k.p.i.AbstractProblemLoader Creating init config 
225109     DEBUG main            d.u.i.k.p.i.AbstractProblemLoader Init config took 2.39s 
225124     INFO  main            d.u.i.k.p.i.AbstractProblemLoader Replaying proof normalisation1.key 
225126     DEBUG main            d.u.i.k.p.i.IntermediateProofReplayer Proof replay took 7.4ns 
225231     INFO  main            d.u.i.k.p.r.p.TestFile    ... finished proof: closed. 
225543     INFO  main            d.u.i.k.p.i.AbstractProblemLoader Loading environment from /home/runner/work/key/key/key.core/../key.ui/examples/standard_key/quantifiers/normalisation1.key.proof 
225543     DEBUG main            d.u.i.k.p.i.AbstractProblemLoader Environment load took 99ns 
225544     INFO  main            d.u.i.k.p.i.AbstractProblemLoader Creating init config 
227897     DEBUG main            d.u.i.k.p.i.AbstractProblemLoader Init config took 2.35s 
227911     INFO  main            d.u.i.k.p.i.AbstractProblemLoader Replaying proof normalisation1.key.proof 
227913     DEBUG main            d.u.i.k.p.i.IntermediateProofReplayer Proof replay took 791.61ns 
227913     DEBUG main            d.u.i.k.p.r.p.TestFile    ... success: reloaded. 
227915     INFO  main            d.u.i.k.p.r.p.TestFile    Now processing file /home/runner/work/key/key/key.core/../key.ui/examples/standard_key/quantifiers/normalisation2.key 
227915     INFO  main            d.u.i.k.p.i.AbstractProblemLoader Loading environment from /home/runner/work/key/key/key.core/../key.ui/examples/standard_key/quantifiers/normalisation2.key 
227915     DEBUG main            d.u.i.k.p.i.AbstractProblemLoader Environment load took 74.7ns 
227916     INFO  main            d.u.i.k.p.i.AbstractProblemLoader Creating init config 
230305     DEBUG main            d.u.i.k.p.i.AbstractProblemLoader Init config took 2.39s 
230334     INFO  main            d.u.i.k.p.i.AbstractProblemLoader Replaying proof normalisation2.key 
230335     DEBUG main            d.u.i.k.p.i.IntermediateProofReplayer Proof replay took 7.3ns 
230437     INFO  main            d.u.i.k.p.r.p.TestFile    ... finished proof: closed. 
230760     INFO  main            d.u.i.k.p.i.AbstractProblemLoader Loading environment from /home/runner/work/key/key/key.core/../key.ui/examples/standard_key/quantifiers/normalisation2.key.proof 
230760     DEBUG main            d.u.i.k.p.i.AbstractProblemLoader Environment load took 106.8ns 
230761     INFO  main            d.u.i.k.p.i.AbstractProblemLoader Creating init config 
233117     DEBUG main            d.u.i.k.p.i.AbstractProblemLoader Init config took 2.36s 
233133     INFO  main            d.u.i.k.p.i.AbstractProblemLoader Replaying proof normalisation2.key.proof 
233137     DEBUG main            d.u.i.k.p.i.IntermediateProofReplayer Proof replay took 3.11ms 
233138     DEBUG main            d.u.i.k.p.r.p.TestFile    ... success: reloaded. 
233139     INFO  main            d.u.i.k.p.r.p.TestFile    Now processing file /home/runner/work/key/key/key.core/../key.ui/examples/standard_key/quantifiers/normalisation3.key 
233139     INFO  main            d.u.i.k.p.i.AbstractProblemLoader Loading environment from /home/runner/work/key/key/key.core/../key.ui/examples/standard_key/quantifiers/normalisation3.key 
233139     DEBUG main            d.u.i.k.p.i.AbstractProblemLoader Environment load took 195.5ns 
233140     INFO  main            d.u.i.k.p.i.AbstractProblemLoader Creating init config 
235543     DEBUG main            d.u.i.k.p.i.AbstractProblemLoader Init config took 2.4s 
235556     INFO  main            d.u.i.k.p.i.AbstractProblemLoader Replaying proof normalisation3.key 
235557     DEBUG main            d.u.i.k.p.i.IntermediateProofReplayer Proof replay took 7.2ns 
235659     INFO  main            d.u.i.k.p.r.p.TestFile    ... finished proof: closed. 
235983     INFO  main            d.u.i.k.p.i.AbstractProblemLoader Loading environment from /home/runner/work/key/key/key.core/../key.ui/examples/standard_key/quantifiers/normalisation3.key.proof 
235983     DEBUG main            d.u.i.k.p.i.AbstractProblemLoader Environment load took 88.6ns 
235984     INFO  main            d.u.i.k.p.i.AbstractProblemLoader Creating init config 
238333     DEBUG main            d.u.i.k.p.i.AbstractProblemLoader Init config took 2.35s 
238346     INFO  main            d.u.i.k.p.i.AbstractProblemLoader Replaying proof normalisation3.key.proof 
238348     DEBUG main            d.u.i.k.p.i.IntermediateProofReplayer Proof replay took 1.07ms 
238349     DEBUG main            d.u.i.k.p.r.p.TestFile    ... success: reloaded. 
238350     INFO  main            d.u.i.k.p.r.p.TestFile    Now processing file /home/runner/work/key/key/key.core/../key.ui/examples/standard_key/quantifiers/normalisation4.key 
238350     INFO  main            d.u.i.k.p.i.AbstractProblemLoader Loading environment from /home/runner/work/key/key/key.core/../key.ui/examples/standard_key/quantifiers/normalisation4.key 
238350     DEBUG main            d.u.i.k.p.i.AbstractProblemLoader Environment load took 91.1ns 
238351     INFO  main            d.u.i.k.p.i.AbstractProblemLoader Creating init config 
240749     DEBUG main            d.u.i.k.p.i.AbstractProblemLoader Init config took 2.4s 
240762     INFO  main            d.u.i.k.p.i.AbstractProblemLoader Replaying proof normalisation4.key 
240764     DEBUG main            d.u.i.k.p.i.IntermediateProofReplayer Proof replay took 7.5ns 
240866     INFO  main            d.u.i.k.p.r.p.TestFile    ... finished proof: closed. 
241205     INFO  main            d.u.i.k.p.i.AbstractProblemLoader Loading environment from /home/runner/work/key/key/key.core/../key.ui/examples/standard_key/quantifiers/normalisation4.key.proof 
241205     DEBUG main            d.u.i.k.p.i.AbstractProblemLoader Environment load took 85.6ns 
241206     INFO  main            d.u.i.k.p.i.AbstractProblemLoader Creating init config 
243556     DEBUG main            d.u.i.k.p.i.AbstractProblemLoader Init config took 2.35s 
243570     INFO  main            d.u.i.k.p.i.AbstractProblemLoader Replaying proof normalisation4.key.proof 
243573     DEBUG main            d.u.i.k.p.i.IntermediateProofReplayer Proof replay took 2.45ms 
243574     DEBUG main            d.u.i.k.p.r.p.TestFile    ... success: reloaded. 
243575     INFO  main            d.u.i.k.p.r.p.TestFile    Now processing file /home/runner/work/key/key/key.core/../key.ui/examples/standard_key/quantifiers/normalisation5.key 
243575     INFO  main            d.u.i.k.p.i.AbstractProblemLoader Loading environment from /home/runner/work/key/key/key.core/../key.ui/examples/standard_key/quantifiers/normalisation5.key 
243575     DEBUG main            d.u.i.k.p.i.AbstractProblemLoader Environment load took 81.6ns 
243576     INFO  main            d.u.i.k.p.i.AbstractProblemLoader Creating init config 
245977     DEBUG main            d.u.i.k.p.i.AbstractProblemLoader Init config took 2.4s 
245990     INFO  main            d.u.i.k.p.i.AbstractProblemLoader Replaying proof normalisation5.key 
245991     DEBUG main            d.u.i.k.p.i.IntermediateProofReplayer Proof replay took 7.2ns 
246093     INFO  main            d.u.i.k.p.r.p.TestFile    ... finished proof: closed. 
246432     INFO  main            d.u.i.k.p.i.AbstractProblemLoader Loading environment from /home/runner/work/key/key/key.core/../key.ui/examples/standard_key/quantifiers/normalisation5.key.proof 
246433     DEBUG main            d.u.i.k.p.i.AbstractProblemLoader Environment load took 93.3ns 
246434     INFO  main            d.u.i.k.p.i.AbstractProblemLoader Creating init config 
248781     DEBUG main            d.u.i.k.p.i.AbstractProblemLoader Init config took 2.35s 
248794     INFO  main            d.u.i.k.p.i.AbstractProblemLoader Replaying proof normalisation5.key.proof 
248796     DEBUG main            d.u.i.k.p.i.IntermediateProofReplayer Proof replay took 1.45ms 
248797     DEBUG main            d.u.i.k.p.r.p.TestFile    ... success: reloaded. 
248798     INFO  main            d.u.i.k.p.r.p.TestFile    Now processing file /home/runner/work/key/key/key.core/../key.ui/examples/standard_key/quantifiers/normalisation6.key 
248798     INFO  main            d.u.i.k.p.i.AbstractProblemLoader Loading environment from /home/runner/work/key/key/key.core/../key.ui/examples/standard_key/quantifiers/normalisation6.key 
248798     DEBUG main            d.u.i.k.p.i.AbstractProblemLoader Environment load took 141.9ns 
248799     INFO  main            d.u.i.k.p.i.AbstractProblemLoader Creating init config 
251177     DEBUG main            d.u.i.k.p.i.AbstractProblemLoader Init config took 2.38s 
251190     INFO  main            d.u.i.k.p.i.AbstractProblemLoader Replaying proof normalisation6.key 
251191     DEBUG main            d.u.i.k.p.i.IntermediateProofReplayer Proof replay took 7.2ns 
251292     INFO  main            d.u.i.k.p.r.p.TestFile    ... finished proof: closed. 
251641     INFO  main            d.u.i.k.p.i.AbstractProblemLoader Loading environment from /home/runner/work/key/key/key.core/../key.ui/examples/standard_key/quantifiers/normalisation6.key.proof 
251641     DEBUG main            d.u.i.k.p.i.AbstractProblemLoader Environment load took 92ns 
251642     INFO  main            d.u.i.k.p.i.AbstractProblemLoader Creating init config 
253991     DEBUG main            d.u.i.k.p.i.AbstractProblemLoader Init config took 2.35s 
254004     INFO  main            d.u.i.k.p.i.AbstractProblemLoader Replaying proof normalisation6.key.proof 
254006     DEBUG main            d.u.i.k.p.i.IntermediateProofReplayer Proof replay took 1.15ms 
254007     DEBUG main            d.u.i.k.p.r.p.TestFile    ... success: reloaded. 
254008     INFO  main            d.u.i.k.p.r.p.TestFile    Now processing file /home/runner/work/key/key/key.core/../key.ui/examples/standard_key/quantifiers/normalisation7.key 
254008     INFO  main            d.u.i.k.p.i.AbstractProblemLoader Loading environment from /home/runner/work/key/key/key.core/../key.ui/examples/standard_key/quantifiers/normalisation7.key 
254008     DEBUG main            d.u.i.k.p.i.AbstractProblemLoader Environment load took 52.4ns 
254009     INFO  main            d.u.i.k.p.i.AbstractProblemLoader Creating init config 
256389     DEBUG main            d.u.i.k.p.i.AbstractProblemLoader Init config took 2.38s 
256402     INFO  main            d.u.i.k.p.i.AbstractProblemLoader Replaying proof normalisation7.key 
256404     DEBUG main            d.u.i.k.p.i.IntermediateProofReplayer Proof replay took 6.5ns 
256505     INFO  main            d.u.i.k.p.r.p.TestFile    ... finished proof: closed. 
256868     INFO  main            d.u.i.k.p.i.AbstractProblemLoader Loading environment from /home/runner/work/key/key/key.core/../key.ui/examples/standard_key/quantifiers/normalisation7.key.proof 
256868     DEBUG main            d.u.i.k.p.i.AbstractProblemLoader Environment load took 106.6ns 
256869     INFO  main            d.u.i.k.p.i.AbstractProblemLoader Creating init config 
259228     DEBUG main            d.u.i.k.p.i.AbstractProblemLoader Init config took 2.36s 
259242     INFO  main            d.u.i.k.p.i.AbstractProblemLoader Replaying proof normalisation7.key.proof 
259244     DEBUG main            d.u.i.k.p.i.IntermediateProofReplayer Proof replay took 1.06ms 
259245     DEBUG main            d.u.i.k.p.r.p.TestFile    ... success: reloaded. 
259246     INFO  main            d.u.i.k.p.r.p.TestFile    Now processing file /home/runner/work/key/key/key.core/../key.ui/examples/standard_key/quantifiers/normalisation8.key 
259246     INFO  main            d.u.i.k.p.i.AbstractProblemLoader Loading environment from /home/runner/work/key/key/key.core/../key.ui/examples/standard_key/quantifiers/normalisation8.key 
259246     DEBUG main            d.u.i.k.p.i.AbstractProblemLoader Environment load took 90.4ns 
259247     INFO  main            d.u.i.k.p.i.AbstractProblemLoader Creating init config 
261627     DEBUG main            d.u.i.k.p.i.AbstractProblemLoader Init config took 2.38s 
261640     INFO  main            d.u.i.k.p.i.AbstractProblemLoader Replaying proof normalisation8.key 
261642     DEBUG main            d.u.i.k.p.i.IntermediateProofReplayer Proof replay took 7.5ns 
261743     INFO  main            d.u.i.k.p.r.p.TestFile    ... finished proof: closed. 
262103     INFO  main            d.u.i.k.p.i.AbstractProblemLoader Loading environment from /home/runner/work/key/key/key.core/../key.ui/examples/standard_key/quantifiers/normalisation8.key.proof 
262103     DEBUG main            d.u.i.k.p.i.AbstractProblemLoader Environment load took 93.9ns 
262104     INFO  main            d.u.i.k.p.i.AbstractProblemLoader Creating init config 
264456     DEBUG main            d.u.i.k.p.i.AbstractProblemLoader Init config took 2.35s 
264469     INFO  main            d.u.i.k.p.i.AbstractProblemLoader Replaying proof normalisation8.key.proof 
264473     DEBUG main            d.u.i.k.p.i.IntermediateProofReplayer Proof replay took 2.35ms 
264474     DEBUG main            d.u.i.k.p.r.p.TestFile    ... success: reloaded. 
264475     INFO  main            d.u.i.k.p.r.p.TestFile    Now processing file /home/runner/work/key/key/key.core/../key.ui/examples/standard_key/quantifiers/normalisation9.key 
264475     INFO  main            d.u.i.k.p.i.AbstractProblemLoader Loading environment from /home/runner/work/key/key/key.core/../key.ui/examples/standard_key/quantifiers/normalisation9.key 
264475     DEBUG main            d.u.i.k.p.i.AbstractProblemLoader Environment load took 73.1ns 
264476     INFO  main            d.u.i.k.p.i.AbstractProblemLoader Creating init config 
266858     DEBUG main            d.u.i.k.p.i.AbstractProblemLoader Init config took 2.38s 
266871     INFO  main            d.u.i.k.p.i.AbstractProblemLoader Replaying proof normalisation9.key 
266872     DEBUG main            d.u.i.k.p.i.IntermediateProofReplayer Proof replay took 7.4ns 
266974     INFO  main            d.u.i.k.p.r.p.TestFile    ... finished proof: closed. 
267351     INFO  main            d.u.i.k.p.i.AbstractProblemLoader Loading environment from /home/runner/work/key/key/key.core/../key.ui/examples/standard_key/quantifiers/normalisation9.key.proof 
267351     DEBUG main            d.u.i.k.p.i.AbstractProblemLoader Environment load took 96.5ns 
267352     INFO  main            d.u.i.k.p.i.AbstractProblemLoader Creating init config 
269702     DEBUG main            d.u.i.k.p.i.AbstractProblemLoader Init config took 2.35s 
269715     INFO  main            d.u.i.k.p.i.AbstractProblemLoader Replaying proof normalisation9.key.proof 
269719     DEBUG main            d.u.i.k.p.i.IntermediateProofReplayer Proof replay took 2.29ms 
269719     DEBUG main            d.u.i.k.p.r.p.TestFile    ... success: reloaded. 
269720     INFO  main            d.u.i.k.p.r.p.TestFile    Now processing file /home/runner/work/key/key/key.core/../key.ui/examples/standard_key/quantifiers/normalisation10.key 
269720     INFO  main            d.u.i.k.p.i.AbstractProblemLoader Loading environment from /home/runner/work/key/key/key.core/../key.ui/examples/standard_key/quantifiers/normalisation10.key 
269720     DEBUG main            d.u.i.k.p.i.AbstractProblemLoader Environment load took 71.7ns 
269722     INFO  main            d.u.i.k.p.i.AbstractProblemLoader Creating init config 
272112     DEBUG main            d.u.i.k.p.i.AbstractProblemLoader Init config took 2.39s 
272126     INFO  main            d.u.i.k.p.i.AbstractProblemLoader Replaying proof normalisation10.key 
272127     DEBUG main            d.u.i.k.p.i.IntermediateProofReplayer Proof replay took 7ns 
272229     INFO  main            d.u.i.k.p.r.p.TestFile    ... finished proof: closed. 
272591     INFO  main            d.u.i.k.p.i.AbstractProblemLoader Loading environment from /home/runner/work/key/key/key.core/../key.ui/examples/standard_key/quantifiers/normalisation10.key.proof 
272591     DEBUG main            d.u.i.k.p.i.AbstractProblemLoader Environment load took 82.7ns 
272592     INFO  main            d.u.i.k.p.i.AbstractProblemLoader Creating init config 
274940     DEBUG main            d.u.i.k.p.i.AbstractProblemLoader Init config took 2.35s 
274954     INFO  main            d.u.i.k.p.i.AbstractProblemLoader Replaying proof normalisation10.key.proof 
274958     DEBUG main            d.u.i.k.p.i.IntermediateProofReplayer Proof replay took 2.77ms 
274959     DEBUG main            d.u.i.k.p.r.p.TestFile    ... success: reloaded. 
274960     INFO  main            d.u.i.k.p.r.p.TestFile    Now processing file /home/runner/work/key/key/key.core/../key.ui/examples/standard_key/quantifiers/normalisation12.key 
274960     INFO  main            d.u.i.k.p.i.AbstractProblemLoader Loading environment from /home/runner/work/key/key/key.core/../key.ui/examples/standard_key/quantifiers/normalisation12.key 
274960     DEBUG main            d.u.i.k.p.i.AbstractProblemLoader Environment load took 58.1ns 
274961     INFO  main            d.u.i.k.p.i.AbstractProblemLoader Creating init config 
277354     DEBUG main            d.u.i.k.p.i.AbstractProblemLoader Init config took 2.39s 
277368     INFO  main            d.u.i.k.p.i.AbstractProblemLoader Replaying proof normalisation12.key 
277369     DEBUG main            d.u.i.k.p.i.IntermediateProofReplayer Proof replay took 8.2ns 
277471     INFO  main            d.u.i.k.p.r.p.TestFile    ... finished proof: closed. 
277862     INFO  main            d.u.i.k.p.i.AbstractProblemLoader Loading environment from /home/runner/work/key/key/key.core/../key.ui/examples/standard_key/quantifiers/normalisation12.key.proof 
277862     DEBUG main            d.u.i.k.p.i.AbstractProblemLoader Environment load took 101.2ns 
277863     INFO  main            d.u.i.k.p.i.AbstractProblemLoader Creating init config 
280222     DEBUG main            d.u.i.k.p.i.AbstractProblemLoader Init config took 2.36s 
280235     INFO  main            d.u.i.k.p.i.AbstractProblemLoader Replaying proof normalisation12.key.proof 
280237     DEBUG main            d.u.i.k.p.i.IntermediateProofReplayer Proof replay took 759.71ns 
280238     DEBUG main            d.u.i.k.p.r.p.TestFile    ... success: reloaded. 
280238     INFO  main            d.u.i.k.p.r.p.TestFile    Now processing file /home/runner/work/key/key/key.core/../key.ui/examples/standard_key/quantifiers/normalisation13.key 
280239     INFO  main            d.u.i.k.p.i.AbstractProblemLoader Loading environment from /home/runner/work/key/key/key.core/../key.ui/examples/standard_key/quantifiers/normalisation13.key 
280239     DEBUG main            d.u.i.k.p.i.AbstractProblemLoader Environment load took 49.4ns 
280240     INFO  main            d.u.i.k.p.i.AbstractProblemLoader Creating init config 
282638     DEBUG main            d.u.i.k.p.i.AbstractProblemLoader Init config took 2.4s 
282651     INFO  main            d.u.i.k.p.i.AbstractProblemLoader Replaying proof normalisation13.key 
282652     DEBUG main            d.u.i.k.p.i.IntermediateProofReplayer Proof replay took 7ns 
282755     INFO  main            d.u.i.k.p.r.p.TestFile    ... finished proof: closed. 
283129     INFO  main            d.u.i.k.p.i.AbstractProblemLoader Loading environment from /home/runner/work/key/key/key.core/../key.ui/examples/standard_key/quantifiers/normalisation13.key.proof 
283129     DEBUG main            d.u.i.k.p.i.AbstractProblemLoader Environment load took 81.7ns 
283130     INFO  main            d.u.i.k.p.i.AbstractProblemLoader Creating init config 
285489     DEBUG main            d.u.i.k.p.i.AbstractProblemLoader Init config took 2.36s 
285502     INFO  main            d.u.i.k.p.i.AbstractProblemLoader Replaying proof normalisation13.key.proof 
285504     DEBUG main            d.u.i.k.p.i.IntermediateProofReplayer Proof replay took 528.11ns 
285504     DEBUG main            d.u.i.k.p.r.p.TestFile    ... success: reloaded. 
285505     INFO  main            d.u.i.k.p.r.p.TestFile    Now processing file /home/runner/work/key/key/key.core/../key.ui/examples/standard_key/quantifiers/triggers0.key 
285505     INFO  main            d.u.i.k.p.i.AbstractProblemLoader Loading environment from /home/runner/work/key/key/key.core/../key.ui/examples/standard_key/quantifiers/triggers0.key 
285505     DEBUG main            d.u.i.k.p.i.AbstractProblemLoader Environment load took 90ns 
285506     INFO  main            d.u.i.k.p.i.AbstractProblemLoader Creating init config 
287890     DEBUG main            d.u.i.k.p.i.AbstractProblemLoader Init config took 2.38s 
287904     INFO  main            d.u.i.k.p.i.AbstractProblemLoader Replaying proof triggers0.key 
287905     DEBUG main            d.u.i.k.p.i.IntermediateProofReplayer Proof replay took 7.5ns 
288007     INFO  main            d.u.i.k.p.r.p.TestFile    ... finished proof: closed. 
288396     INFO  main            d.u.i.k.p.i.AbstractProblemLoader Loading environment from /home/runner/work/key/key/key.core/../key.ui/examples/standard_key/quantifiers/triggers0.key.proof 
288396     DEBUG main            d.u.i.k.p.i.AbstractProblemLoader Environment load took 84.3ns 
288397     INFO  main            d.u.i.k.p.i.AbstractProblemLoader Creating init config 
290745     DEBUG main            d.u.i.k.p.i.AbstractProblemLoader Init config took 2.35s 
290758     INFO  main            d.u.i.k.p.i.AbstractProblemLoader Replaying proof triggers0.key.proof 
290760     DEBUG main            d.u.i.k.p.i.IntermediateProofReplayer Proof replay took 910.51ns 
290761     DEBUG main            d.u.i.k.p.r.p.TestFile    ... success: reloaded. 
3828953    INFO  Test worker     d.u.i.k.p.r.RunAllProofsTestUnit Returning from test FOL 
3828954    INFO  Test worker     d.u.i.k.p.r.RunAllProofsTestUnit Running test strings 
337        INFO  Timeout watchdog d.u.i.k.p.r.p.ForkedTestFileRunner Timeout watcher launched (2000 secs.) 
348        WARN  main            d.u.i.k.s.ProofSettings   The settings in /home/runner/.key/proof-settings.props are *not* read. 
396        INFO  main            d.u.i.k.p.r.p.TestFile    Now processing file /home/runner/work/key/key/key.core/../key.ui/examples/standard_key/strings/charAt0.key 
509        INFO  main            d.u.i.k.p.i.AbstractProblemLoader Loading environment from /home/runner/work/key/key/key.core/../key.ui/examples/standard_key/strings/charAt0.key 
527        DEBUG main            d.u.i.k.p.i.AbstractProblemLoader Environment load took 2.33ms 
811        INFO  main            d.u.i.k.p.i.AbstractProblemLoader Creating init config 
1794       DEBUG main            d.u.i.k.j.TypeConverter   No LDT found for Meta 
1795       DEBUG main            d.u.i.k.j.TypeConverter   No LDT found for Meta 
1798       DEBUG main            d.u.i.k.j.TypeConverter   No LDT found for Meta 
1798       DEBUG main            d.u.i.k.j.TypeConverter   No LDT found for Meta 
3469       DEBUG main            d.u.i.k.j.TypeConverter   No LDT found for JavaBigintExpression 
8083       DEBUG main            d.u.i.k.p.i.AbstractProblemLoader Init config took 7.27s 
8164       INFO  main            d.u.i.k.p.i.AbstractProblemLoader Replaying proof charAt0.key 
8204       DEBUG main            d.u.i.k.p.i.IntermediateProofReplayer Proof replay took 43.1ns 
8587       INFO  main            d.u.i.k.p.r.p.TestFile    ... finished proof: closed. 
8688       INFO  main            d.u.i.k.p.i.AbstractProblemLoader Loading environment from /home/runner/work/key/key/key.core/../key.ui/examples/standard_key/strings/charAt0.key.proof 
8688       DEBUG main            d.u.i.k.p.i.AbstractProblemLoader Environment load took 423.81ns 
8694       INFO  main            d.u.i.k.p.i.AbstractProblemLoader Creating init config 
11502      DEBUG main            d.u.i.k.p.i.AbstractProblemLoader Init config took 2.81s 
11546      INFO  main            d.u.i.k.p.i.AbstractProblemLoader Replaying proof charAt0.key.proof 
11564      DEBUG main            d.u.i.k.p.i.IntermediateProofReplayer Proof replay took 12.31ms 
11575      DEBUG main            d.u.i.k.p.r.p.TestFile    ... success: reloaded. 
11577      INFO  main            d.u.i.k.p.r.p.TestFile    Now processing file /home/runner/work/key/key/key.core/../key.ui/examples/standard_key/strings/charAt1.key 
11577      INFO  main            d.u.i.k.p.i.AbstractProblemLoader Loading environment from /home/runner/work/key/key/key.core/../key.ui/examples/standard_key/strings/charAt1.key 
11577      DEBUG main            d.u.i.k.p.i.AbstractProblemLoader Environment load took 234.5ns 
11579      INFO  main            d.u.i.k.p.i.AbstractProblemLoader Creating init config 
14151      DEBUG main            d.u.i.k.p.i.AbstractProblemLoader Init config took 2.57s 
14187      INFO  main            d.u.i.k.p.i.AbstractProblemLoader Replaying proof charAt1.key 
14192      DEBUG main            d.u.i.k.p.i.IntermediateProofReplayer Proof replay took 6.8ns 
14404      INFO  main            d.u.i.k.p.r.p.TestFile    ... finished proof: closed. 
14547      INFO  main            d.u.i.k.p.i.AbstractProblemLoader Loading environment from /home/runner/work/key/key/key.core/../key.ui/examples/standard_key/strings/charAt1.key.proof 
14548      DEBUG main            d.u.i.k.p.i.AbstractProblemLoader Environment load took 1.38ms 
14552      INFO  main            d.u.i.k.p.i.AbstractProblemLoader Creating init config 
17073      DEBUG main            d.u.i.k.p.i.AbstractProblemLoader Init config took 2.52s 
17104      INFO  main            d.u.i.k.p.i.AbstractProblemLoader Replaying proof charAt1.key.proof 
17136      DEBUG main            d.u.i.k.p.i.IntermediateProofReplayer Proof replay took 22.76ms 
17139      DEBUG main            d.u.i.k.p.r.p.TestFile    ... success: reloaded. 
17140      INFO  main            d.u.i.k.p.r.p.TestFile    Now processing file /home/runner/work/key/key/key.core/../key.ui/examples/standard_key/strings/concat1.key 
17141      INFO  main            d.u.i.k.p.i.AbstractProblemLoader Loading environment from /home/runner/work/key/key/key.core/../key.ui/examples/standard_key/strings/concat1.key 
17141      DEBUG main            d.u.i.k.p.i.AbstractProblemLoader Environment load took 163.7ns 
17143      INFO  main            d.u.i.k.p.i.AbstractProblemLoader Creating init config 
19630      DEBUG main            d.u.i.k.p.i.AbstractProblemLoader Init config took 2.49s 
19651      INFO  main            d.u.i.k.p.i.AbstractProblemLoader Replaying proof concat1.key 
19652      DEBUG main            d.u.i.k.p.i.IntermediateProofReplayer Proof replay took 7.7ns 
19755      INFO  main            d.u.i.k.p.r.p.TestFile    ... finished proof: closed. 
19919      INFO  main            d.u.i.k.p.i.AbstractProblemLoader Loading environment from /home/runner/work/key/key/key.core/../key.ui/examples/standard_key/strings/concat1.key.proof 
19919      DEBUG main            d.u.i.k.p.i.AbstractProblemLoader Environment load took 145ns 
19923      INFO  main            d.u.i.k.p.i.AbstractProblemLoader Creating init config 
22398      DEBUG main            d.u.i.k.p.i.AbstractProblemLoader Init config took 2.47s 
22417      INFO  main            d.u.i.k.p.i.AbstractProblemLoader Replaying proof concat1.key.proof 
22420      DEBUG main            d.u.i.k.p.i.IntermediateProofReplayer Proof replay took 999.61ns 
22421      DEBUG main            d.u.i.k.p.r.p.TestFile    ... success: reloaded. 
22422      INFO  main            d.u.i.k.p.r.p.TestFile    Now processing file /home/runner/work/key/key/key.core/../key.ui/examples/standard_key/strings/concat2.key 
22422      INFO  main            d.u.i.k.p.i.AbstractProblemLoader Loading environment from /home/runner/work/key/key/key.core/../key.ui/examples/standard_key/strings/concat2.key 
22423      DEBUG main            d.u.i.k.p.i.AbstractProblemLoader Environment load took 181.3ns 
22424      INFO  main            d.u.i.k.p.i.AbstractProblemLoader Creating init config 
24894      DEBUG main            d.u.i.k.p.i.AbstractProblemLoader Init config took 2.47s 
24913      INFO  main            d.u.i.k.p.i.AbstractProblemLoader Replaying proof concat2.key 
24915      DEBUG main            d.u.i.k.p.i.IntermediateProofReplayer Proof replay took 6.7ns 
25018      INFO  main            d.u.i.k.p.r.p.TestFile    ... finished proof: closed. 
25161      INFO  main            d.u.i.k.p.i.AbstractProblemLoader Loading environment from /home/runner/work/key/key/key.core/../key.ui/examples/standard_key/strings/concat2.key.proof 
25165      DEBUG main            d.u.i.k.p.i.AbstractProblemLoader Environment load took 3.91ms 
25166      INFO  main            d.u.i.k.p.i.AbstractProblemLoader Creating init config 
27634      DEBUG main            d.u.i.k.p.i.AbstractProblemLoader Init config took 2.47s 
27653      INFO  main            d.u.i.k.p.i.AbstractProblemLoader Replaying proof concat2.key.proof 
27662      DEBUG main            d.u.i.k.p.i.IntermediateProofReplayer Proof replay took 6.29ms 
27664      DEBUG main            d.u.i.k.p.r.p.TestFile    ... success: reloaded. 
27665      INFO  main            d.u.i.k.p.r.p.TestFile    Now processing file /home/runner/work/key/key/key.core/../key.ui/examples/standard_key/strings/deriveLength1.key 
27665      INFO  main            d.u.i.k.p.i.AbstractProblemLoader Loading environment from /home/runner/work/key/key/key.core/../key.ui/examples/standard_key/strings/deriveLength1.key 
27665      DEBUG main            d.u.i.k.p.i.AbstractProblemLoader Environment load took 189.2ns 
27667      INFO  main            d.u.i.k.p.i.AbstractProblemLoader Creating init config 
30107      DEBUG main            d.u.i.k.p.i.AbstractProblemLoader Init config took 2.44s 
30126      INFO  main            d.u.i.k.p.i.AbstractProblemLoader Replaying proof deriveLength1.key 
30128      DEBUG main            d.u.i.k.p.i.IntermediateProofReplayer Proof replay took 6.9ns 
30231      INFO  main            d.u.i.k.p.r.p.TestFile    ... finished proof: closed. 
30406      INFO  main            d.u.i.k.p.i.AbstractProblemLoader Loading environment from /home/runner/work/key/key/key.core/../key.ui/examples/standard_key/strings/deriveLength1.key.proof 
30407      DEBUG main            d.u.i.k.p.i.AbstractProblemLoader Environment load took 486.31ns 
30408      INFO  main            d.u.i.k.p.i.AbstractProblemLoader Creating init config 
32794      DEBUG main            d.u.i.k.p.i.AbstractProblemLoader Init config took 2.39s 
32814      INFO  main            d.u.i.k.p.i.AbstractProblemLoader Replaying proof deriveLength1.key.proof 
32823      DEBUG main            d.u.i.k.p.i.IntermediateProofReplayer Proof replay took 6.25ms 
32824      DEBUG main            d.u.i.k.p.r.p.TestFile    ... success: reloaded. 
32825      INFO  main            d.u.i.k.p.r.p.TestFile    Now processing file /home/runner/work/key/key/key.core/../key.ui/examples/standard_key/strings/emptyStringLengthZero.key 
32825      INFO  main            d.u.i.k.p.i.AbstractProblemLoader Loading environment from /home/runner/work/key/key/key.core/../key.ui/examples/standard_key/strings/emptyStringLengthZero.key 
32825      DEBUG main            d.u.i.k.p.i.AbstractProblemLoader Environment load took 189.6ns 
32826      INFO  main            d.u.i.k.p.i.AbstractProblemLoader Creating init config 
35269      DEBUG main            d.u.i.k.p.i.AbstractProblemLoader Init config took 2.44s 
35289      INFO  main            d.u.i.k.p.i.AbstractProblemLoader Replaying proof emptyStringLengthZero.key 
35291      DEBUG main            d.u.i.k.p.i.IntermediateProofReplayer Proof replay took 7ns 
35394      INFO  main            d.u.i.k.p.r.p.TestFile    ... finished proof: closed. 
35540      INFO  main            d.u.i.k.p.i.AbstractProblemLoader Loading environment from /home/runner/work/key/key/key.core/../key.ui/examples/standard_key/strings/emptyStringLengthZero.key.proof 
35540      DEBUG main            d.u.i.k.p.i.AbstractProblemLoader Environment load took 136.2ns 
35542      INFO  main            d.u.i.k.p.i.AbstractProblemLoader Creating init config 
37949      DEBUG main            d.u.i.k.p.i.AbstractProblemLoader Init config took 2.41s 
37966      INFO  main            d.u.i.k.p.i.AbstractProblemLoader Replaying proof emptyStringLengthZero.key.proof 
37971      DEBUG main            d.u.i.k.p.i.IntermediateProofReplayer Proof replay took 2.99ms 
37972      DEBUG main            d.u.i.k.p.r.p.TestFile    ... success: reloaded. 
37972      INFO  main            d.u.i.k.p.r.p.TestFile    Now processing file /home/runner/work/key/key/key.core/../key.ui/examples/standard_key/strings/implicitBooleanStringConversion.key 
37973      INFO  main            d.u.i.k.p.i.AbstractProblemLoader Loading environment from /home/runner/work/key/key/key.core/../key.ui/examples/standard_key/strings/implicitBooleanStringConversion.key 
37973      DEBUG main            d.u.i.k.p.i.AbstractProblemLoader Environment load took 102.7ns 
37974      INFO  main            d.u.i.k.p.i.AbstractProblemLoader Creating init config 
40356      DEBUG main            d.u.i.k.p.i.AbstractProblemLoader Init config took 2.38s 
40375      INFO  main            d.u.i.k.p.i.AbstractProblemLoader Replaying proof implicitBooleanStringConversion.key 
40377      DEBUG main            d.u.i.k.p.i.IntermediateProofReplayer Proof replay took 7ns 
41289      INFO  main            d.u.i.k.p.r.p.TestFile    ... finished proof: closed. 
41485      INFO  main            d.u.i.k.p.i.AbstractProblemLoader Loading environment from /home/runner/work/key/key/key.core/../key.ui/examples/standard_key/strings/implicitBooleanStringConversion.key.proof 
41485      DEBUG main            d.u.i.k.p.i.AbstractProblemLoader Environment load took 409.31ns 
41487      INFO  main            d.u.i.k.p.i.AbstractProblemLoader Creating init config 
43840      DEBUG main            d.u.i.k.p.i.AbstractProblemLoader Init config took 2.35s 
43860      INFO  main            d.u.i.k.p.i.AbstractProblemLoader Replaying proof implicitBooleanStringConversion.key.proof 
43932      DEBUG main            d.u.i.k.p.i.IntermediateProofReplayer Proof replay took 66.16ms 
43933      DEBUG main            d.u.i.k.p.r.p.TestFile    ... success: reloaded. 
43934      INFO  main            d.u.i.k.p.r.p.TestFile    Now processing file /home/runner/work/key/key/key.core/../key.ui/examples/standard_key/strings/implicitBooleanStringConversion2.key 
43935      INFO  main            d.u.i.k.p.i.AbstractProblemLoader Loading environment from /home/runner/work/key/key/key.core/../key.ui/examples/standard_key/strings/implicitBooleanStringConversion2.key 
43935      DEBUG main            d.u.i.k.p.i.AbstractProblemLoader Environment load took 178ns 
43936      INFO  main            d.u.i.k.p.i.AbstractProblemLoader Creating init config 
46373      DEBUG main            d.u.i.k.p.i.AbstractProblemLoader Init config took 2.44s 
46390      INFO  main            d.u.i.k.p.i.AbstractProblemLoader Replaying proof implicitBooleanStringConversion2.key 
46392      DEBUG main            d.u.i.k.p.i.IntermediateProofReplayer Proof replay took 8.2ns 
46795      INFO  main            d.u.i.k.p.r.p.TestFile    ... finished proof: closed. 
46988      INFO  main            d.u.i.k.p.i.AbstractProblemLoader Loading environment from /home/runner/work/key/key/key.core/../key.ui/examples/standard_key/strings/implicitBooleanStringConversion2.key.proof 
46989      DEBUG main            d.u.i.k.p.i.AbstractProblemLoader Environment load took 644.61ns 
46990      INFO  main            d.u.i.k.p.i.AbstractProblemLoader Creating init config 
49354      DEBUG main            d.u.i.k.p.i.AbstractProblemLoader Init config took 2.36s 
49374      INFO  main            d.u.i.k.p.i.AbstractProblemLoader Replaying proof implicitBooleanStringConversion2.key.proof 
49396      DEBUG main            d.u.i.k.p.i.IntermediateProofReplayer Proof replay took 18.64ms 
49397      DEBUG main            d.u.i.k.p.r.p.TestFile    ... success: reloaded. 
49398      INFO  main            d.u.i.k.p.r.p.TestFile    Now processing file /home/runner/work/key/key/key.core/../key.ui/examples/standard_key/strings/implicitIntStringConversion.key 
49398      INFO  main            d.u.i.k.p.i.AbstractProblemLoader Loading environment from /home/runner/work/key/key/key.core/../key.ui/examples/standard_key/strings/implicitIntStringConversion.key 
49398      DEBUG main            d.u.i.k.p.i.AbstractProblemLoader Environment load took 181ns 
49399      INFO  main            d.u.i.k.p.i.AbstractProblemLoader Creating init config 
51762      DEBUG main            d.u.i.k.p.i.AbstractProblemLoader Init config took 2.36s 
51778      INFO  main            d.u.i.k.p.i.AbstractProblemLoader Replaying proof implicitIntStringConversion.key 
51780      DEBUG main            d.u.i.k.p.i.IntermediateProofReplayer Proof replay took 8.3ns 
52484      INFO  main            d.u.i.k.p.r.p.TestFile    ... finished proof: closed. 
52728      INFO  main            d.u.i.k.p.i.AbstractProblemLoader Loading environment from /home/runner/work/key/key/key.core/../key.ui/examples/standard_key/strings/implicitIntStringConversion.key.proof 
52728      DEBUG main            d.u.i.k.p.i.AbstractProblemLoader Environment load took 373.31ns 
52730      INFO  main            d.u.i.k.p.i.AbstractProblemLoader Creating init config 
55046      DEBUG main            d.u.i.k.p.i.AbstractProblemLoader Init config took 2.32s 
55063      INFO  main            d.u.i.k.p.i.AbstractProblemLoader Replaying proof implicitIntStringConversion.key.proof 
55106      DEBUG main            d.u.i.k.p.i.IntermediateProofReplayer Proof replay took 37.68ms 
55107      DEBUG main            d.u.i.k.p.r.p.TestFile    ... success: reloaded. 
55108      INFO  main            d.u.i.k.p.r.p.TestFile    Now processing file /home/runner/work/key/key/key.core/../key.ui/examples/standard_key/strings/implicitNullStringConversion.key 
55108      INFO  main            d.u.i.k.p.i.AbstractProblemLoader Loading environment from /home/runner/work/key/key/key.core/../key.ui/examples/standard_key/strings/implicitNullStringConversion.key 
55108      DEBUG main            d.u.i.k.p.i.AbstractProblemLoader Environment load took 179.6ns 
55110      INFO  main            d.u.i.k.p.i.AbstractProblemLoader Creating init config 
57534      DEBUG main            d.u.i.k.p.i.AbstractProblemLoader Init config took 2.42s 
57550      INFO  main            d.u.i.k.p.i.AbstractProblemLoader Replaying proof implicitNullStringConversion.key 
57551      DEBUG main            d.u.i.k.p.i.IntermediateProofReplayer Proof replay took 6.7ns 
57855      INFO  main            d.u.i.k.p.r.p.TestFile    ... finished proof: closed. 
58055      INFO  main            d.u.i.k.p.i.AbstractProblemLoader Loading environment from /home/runner/work/key/key/key.core/../key.ui/examples/standard_key/strings/implicitNullStringConversion.key.proof 
58055      DEBUG main            d.u.i.k.p.i.AbstractProblemLoader Environment load took 129.9ns 
58057      INFO  main            d.u.i.k.p.i.AbstractProblemLoader Creating init config 
60397      DEBUG main            d.u.i.k.p.i.AbstractProblemLoader Init config took 2.34s 
60414      INFO  main            d.u.i.k.p.i.AbstractProblemLoader Replaying proof implicitNullStringConversion.key.proof 
60434      DEBUG main            d.u.i.k.p.i.IntermediateProofReplayer Proof replay took 17.54ms 
60436      DEBUG main            d.u.i.k.p.r.p.TestFile    ... success: reloaded. 
60436      INFO  main            d.u.i.k.p.r.p.TestFile    Now processing file /home/runner/work/key/key/key.core/../key.ui/examples/standard_key/strings/implicitNullStringConversion2.key 
60437      INFO  main            d.u.i.k.p.i.AbstractProblemLoader Loading environment from /home/runner/work/key/key/key.core/../key.ui/examples/standard_key/strings/implicitNullStringConversion2.key 
60437      DEBUG main            d.u.i.k.p.i.AbstractProblemLoader Environment load took 208ns 
60438      INFO  main            d.u.i.k.p.i.AbstractProblemLoader Creating init config 
62777      DEBUG main            d.u.i.k.p.i.AbstractProblemLoader Init config took 2.34s 
62794      INFO  main            d.u.i.k.p.i.AbstractProblemLoader Replaying proof implicitNullStringConversion2.key 
62795      DEBUG main            d.u.i.k.p.i.IntermediateProofReplayer Proof replay took 8ns 
62999      INFO  main            d.u.i.k.p.r.p.TestFile    ... finished proof: closed. 
63200      INFO  main            d.u.i.k.p.i.AbstractProblemLoader Loading environment from /home/runner/work/key/key/key.core/../key.ui/examples/standard_key/strings/implicitNullStringConversion2.key.proof 
63200      DEBUG main            d.u.i.k.p.i.AbstractProblemLoader Environment load took 128.3ns 
63202      INFO  main            d.u.i.k.p.i.AbstractProblemLoader Creating init config 
65535      DEBUG main            d.u.i.k.p.i.AbstractProblemLoader Init config took 2.33s 
65554      INFO  main            d.u.i.k.p.i.AbstractProblemLoader Replaying proof implicitNullStringConversion2.key.proof 
65575      DEBUG main            d.u.i.k.p.i.IntermediateProofReplayer Proof replay took 15.45ms 
65576      DEBUG main            d.u.i.k.p.r.p.TestFile    ... success: reloaded. 
65577      INFO  main            d.u.i.k.p.r.p.TestFile    Now processing file /home/runner/work/key/key/key.core/../key.ui/examples/standard_key/strings/implicitObjectStringConversion.key 
65577      INFO  main            d.u.i.k.p.i.AbstractProblemLoader Loading environment from /home/runner/work/key/key/key.core/../key.ui/examples/standard_key/strings/implicitObjectStringConversion.key 
65577      DEBUG main            d.u.i.k.p.i.AbstractProblemLoader Environment load took 108.3ns 
65578      INFO  main            d.u.i.k.p.i.AbstractProblemLoader Creating init config 
68146      DEBUG main            d.u.i.k.p.i.AbstractProblemLoader Init config took 2.57s 
68162      INFO  main            d.u.i.k.p.i.AbstractProblemLoader Replaying proof implicitObjectStringConversion.key 
68164      DEBUG main            d.u.i.k.p.i.IntermediateProofReplayer Proof replay took 7.4ns 
68779      INFO  main            d.u.i.k.p.r.p.TestFile    ... finished proof: closed. 
68985      INFO  main            d.u.i.k.p.i.AbstractProblemLoader Loading environment from /home/runner/work/key/key/key.core/../key.ui/examples/standard_key/strings/implicitObjectStringConversion.key.proof 
68986      DEBUG main            d.u.i.k.p.i.AbstractProblemLoader Environment load took 487.71ns 
68987      INFO  main            d.u.i.k.p.i.AbstractProblemLoader Creating init config 
71503      DEBUG main            d.u.i.k.p.i.AbstractProblemLoader Init config took 2.52s 
71522      INFO  main            d.u.i.k.p.i.AbstractProblemLoader Replaying proof implicitObjectStringConversion.key.proof 
71567      DEBUG main            d.u.i.k.p.i.IntermediateProofReplayer Proof replay took 40.52ms 
71568      DEBUG main            d.u.i.k.p.r.p.TestFile    ... success: reloaded. 
71569      INFO  main            d.u.i.k.p.r.p.TestFile    Now processing file /home/runner/work/key/key/key.core/../key.ui/examples/standard_key/strings/literalEquality.key 
71569      INFO  main            d.u.i.k.p.i.AbstractProblemLoader Loading environment from /home/runner/work/key/key/key.core/../key.ui/examples/standard_key/strings/literalEquality.key 
71570      DEBUG main            d.u.i.k.p.i.AbstractProblemLoader Environment load took 183ns 
71571      INFO  main            d.u.i.k.p.i.AbstractProblemLoader Creating init config 
73966      DEBUG main            d.u.i.k.p.i.AbstractProblemLoader Init config took 2.4s 
73981      INFO  main            d.u.i.k.p.i.AbstractProblemLoader Replaying proof literalEquality.key 
73982      DEBUG main            d.u.i.k.p.i.IntermediateProofReplayer Proof replay took 7.7ns 
74084      INFO  main            d.u.i.k.p.r.p.TestFile    ... finished proof: closed. 
74291      INFO  main            d.u.i.k.p.i.AbstractProblemLoader Loading environment from /home/runner/work/key/key/key.core/../key.ui/examples/standard_key/strings/literalEquality.key.proof 
74291      DEBUG main            d.u.i.k.p.i.AbstractProblemLoader Environment load took 129.9ns 
74292      INFO  main            d.u.i.k.p.i.AbstractProblemLoader Creating init config 
76630      DEBUG main            d.u.i.k.p.i.AbstractProblemLoader Init config took 2.34s 
76648      INFO  main            d.u.i.k.p.i.AbstractProblemLoader Replaying proof literalEquality.key.proof 
76656      DEBUG main            d.u.i.k.p.i.IntermediateProofReplayer Proof replay took 3.39ms 
76657      DEBUG main            d.u.i.k.p.r.p.TestFile    ... success: reloaded. 
76658      INFO  main            d.u.i.k.p.r.p.TestFile    Now processing file /home/runner/work/key/key/key.core/../key.ui/examples/standard_key/strings/replace0.key 
76658      INFO  main            d.u.i.k.p.i.AbstractProblemLoader Loading environment from /home/runner/work/key/key/key.core/../key.ui/examples/standard_key/strings/replace0.key 
76658      DEBUG main            d.u.i.k.p.i.AbstractProblemLoader Environment load took 178.8ns 
76659      INFO  main            d.u.i.k.p.i.AbstractProblemLoader Creating init config 
78979      DEBUG main            d.u.i.k.p.i.AbstractProblemLoader Init config took 2.32s 
78994      INFO  main            d.u.i.k.p.i.AbstractProblemLoader Replaying proof replace0.key 
78996      DEBUG main            d.u.i.k.p.i.IntermediateProofReplayer Proof replay took 6.9ns 
79098      INFO  main            d.u.i.k.p.r.p.TestFile    ... finished proof: closed. 
79290      INFO  main            d.u.i.k.p.i.AbstractProblemLoader Loading environment from /home/runner/work/key/key/key.core/../key.ui/examples/standard_key/strings/replace0.key.proof 
79290      DEBUG main            d.u.i.k.p.i.AbstractProblemLoader Environment load took 128.9ns 
79292      INFO  main            d.u.i.k.p.i.AbstractProblemLoader Creating init config 
81616      DEBUG main            d.u.i.k.p.i.AbstractProblemLoader Init config took 2.32s 
81629      INFO  main            d.u.i.k.p.i.AbstractProblemLoader Replaying proof replace0.key.proof 
81634      DEBUG main            d.u.i.k.p.i.IntermediateProofReplayer Proof replay took 2.57ms 
81635      DEBUG main            d.u.i.k.p.r.p.TestFile    ... success: reloaded. 
81635      INFO  main            d.u.i.k.p.r.p.TestFile    Now processing file /home/runner/work/key/key/key.core/../key.ui/examples/standard_key/strings/replace1.key 
81636      INFO  main            d.u.i.k.p.i.AbstractProblemLoader Loading environment from /home/runner/work/key/key/key.core/../key.ui/examples/standard_key/strings/replace1.key 
81636      DEBUG main            d.u.i.k.p.i.AbstractProblemLoader Environment load took 95.8ns 
81637      INFO  main            d.u.i.k.p.i.AbstractProblemLoader Creating init config 
83979      DEBUG main            d.u.i.k.p.i.AbstractProblemLoader Init config took 2.34s 
83993      INFO  main            d.u.i.k.p.i.AbstractProblemLoader Replaying proof replace1.key 
83995      DEBUG main            d.u.i.k.p.i.IntermediateProofReplayer Proof replay took 7.6ns 
84097      INFO  main            d.u.i.k.p.r.p.TestFile    ... finished proof: closed. 
84327      INFO  main            d.u.i.k.p.i.AbstractProblemLoader Loading environment from /home/runner/work/key/key/key.core/../key.ui/examples/standard_key/strings/replace1.key.proof 
84327      DEBUG main            d.u.i.k.p.i.AbstractProblemLoader Environment load took 125.3ns 
84328      INFO  main            d.u.i.k.p.i.AbstractProblemLoader Creating init config 
86606      DEBUG main            d.u.i.k.p.i.AbstractProblemLoader Init config took 2.28s 
86621      INFO  main            d.u.i.k.p.i.AbstractProblemLoader Replaying proof replace1.key.proof 
86629      DEBUG main            d.u.i.k.p.i.IntermediateProofReplayer Proof replay took 5.15ms 
86630      DEBUG main            d.u.i.k.p.r.p.TestFile    ... success: reloaded. 
86631      INFO  main            d.u.i.k.p.r.p.TestFile    Now processing file /home/runner/work/key/key/key.core/../key.ui/examples/standard_key/strings/simpleAssignment.key 
86631      INFO  main            d.u.i.k.p.i.AbstractProblemLoader Loading environment from /home/runner/work/key/key/key.core/../key.ui/examples/standard_key/strings/simpleAssignment.key 
86631      DEBUG main            d.u.i.k.p.i.AbstractProblemLoader Environment load took 186.3ns 
86632      INFO  main            d.u.i.k.p.i.AbstractProblemLoader Creating init config 
89011      DEBUG main            d.u.i.k.p.i.AbstractProblemLoader Init config took 2.38s 
89025      INFO  main            d.u.i.k.p.i.AbstractProblemLoader Replaying proof simpleAssignment.key 
89027      DEBUG main            d.u.i.k.p.i.IntermediateProofReplayer Proof replay took 7.5ns 
89129      INFO  main            d.u.i.k.p.r.p.TestFile    ... finished proof: closed. 
89386      INFO  main            d.u.i.k.p.i.AbstractProblemLoader Loading environment from /home/runner/work/key/key/key.core/../key.ui/examples/standard_key/strings/simpleAssignment.key.proof 
89386      DEBUG main            d.u.i.k.p.i.AbstractProblemLoader Environment load took 128.1ns 
89387      INFO  main            d.u.i.k.p.i.AbstractProblemLoader Creating init config 
91668      DEBUG main            d.u.i.k.p.i.AbstractProblemLoader Init config took 2.28s 
91683      INFO  main            d.u.i.k.p.i.AbstractProblemLoader Replaying proof simpleAssignment.key.proof 
91688      DEBUG main            d.u.i.k.p.i.IntermediateProofReplayer Proof replay took 1.2ms 
91689      DEBUG main            d.u.i.k.p.r.p.TestFile    ... success: reloaded. 
91690      INFO  main            d.u.i.k.p.r.p.TestFile    Now processing file /home/runner/work/key/key/key.core/../key.ui/examples/standard_key/strings/simpleLengthComp.key 
91690      INFO  main            d.u.i.k.p.i.AbstractProblemLoader Loading environment from /home/runner/work/key/key/key.core/../key.ui/examples/standard_key/strings/simpleLengthComp.key 
91690      DEBUG main            d.u.i.k.p.i.AbstractProblemLoader Environment load took 101.4ns 
91691      INFO  main            d.u.i.k.p.i.AbstractProblemLoader Creating init config 
94054      DEBUG main            d.u.i.k.p.i.AbstractProblemLoader Init config took 2.36s 
94068      INFO  main            d.u.i.k.p.i.AbstractProblemLoader Replaying proof simpleLengthComp.key 
94071      DEBUG main            d.u.i.k.p.i.IntermediateProofReplayer Proof replay took 7ns 
94275      INFO  main            d.u.i.k.p.r.p.TestFile    ... finished proof: closed. 
94507      INFO  main            d.u.i.k.p.i.AbstractProblemLoader Loading environment from /home/runner/work/key/key/key.core/../key.ui/examples/standard_key/strings/simpleLengthComp.key.proof 
94507      DEBUG main            d.u.i.k.p.i.AbstractProblemLoader Environment load took 154.8ns 
94508      INFO  main            d.u.i.k.p.i.AbstractProblemLoader Creating init config 
96794      DEBUG main            d.u.i.k.p.i.AbstractProblemLoader Init config took 2.29s 
96809      INFO  main            d.u.i.k.p.i.AbstractProblemLoader Replaying proof simpleLengthComp.key.proof 
96834      DEBUG main            d.u.i.k.p.i.IntermediateProofReplayer Proof replay took 23.17ms 
96835      DEBUG main            d.u.i.k.p.r.p.TestFile    ... success: reloaded. 
96836      INFO  main            d.u.i.k.p.r.p.TestFile    Now processing file /home/runner/work/key/key/key.core/../key.ui/examples/standard_key/strings/stringCompileTimeConstant1.key 
96837      INFO  main            d.u.i.k.p.i.AbstractProblemLoader Loading environment from /home/runner/work/key/key/key.core/../key.ui/examples/standard_key/strings/stringCompileTimeConstant1.key 
96837      DEBUG main            d.u.i.k.p.i.AbstractProblemLoader Environment load took 190.6ns 
96838      INFO  main            d.u.i.k.p.i.AbstractProblemLoader Creating init config 
99199      DEBUG main            d.u.i.k.p.i.AbstractProblemLoader Init config took 2.36s 
99214      INFO  main            d.u.i.k.p.i.AbstractProblemLoader Replaying proof stringCompileTimeConstant1.key 
99216      DEBUG main            d.u.i.k.p.i.IntermediateProofReplayer Proof replay took 7.1ns 
99318      INFO  main            d.u.i.k.p.r.p.TestFile    ... finished proof: closed. 
99540      INFO  main            d.u.i.k.p.i.AbstractProblemLoader Loading environment from /home/runner/work/key/key/key.core/../key.ui/examples/standard_key/strings/stringCompileTimeConstant1.key.proof 
99540      DEBUG main            d.u.i.k.p.i.AbstractProblemLoader Environment load took 113.2ns 
99541      INFO  main            d.u.i.k.p.i.AbstractProblemLoader Creating init config 
101821     DEBUG main            d.u.i.k.p.i.AbstractProblemLoader Init config took 2.28s 
101835     INFO  main            d.u.i.k.p.i.AbstractProblemLoader Replaying proof stringCompileTimeConstant1.key.proof 
101840     DEBUG main            d.u.i.k.p.i.IntermediateProofReplayer Proof replay took 3.1ms 
101841     DEBUG main            d.u.i.k.p.r.p.TestFile    ... success: reloaded. 
101842     INFO  main            d.u.i.k.p.r.p.TestFile    Now processing file /home/runner/work/key/key/key.core/../key.ui/examples/standard_key/strings/stringCompileTimeConstant2.key 
101842     INFO  main            d.u.i.k.p.i.AbstractProblemLoader Loading environment from /home/runner/work/key/key/key.core/../key.ui/examples/standard_key/strings/stringCompileTimeConstant2.key 
101842     DEBUG main            d.u.i.k.p.i.AbstractProblemLoader Environment load took 91.4ns 
101843     INFO  main            d.u.i.k.p.i.AbstractProblemLoader Creating init config 
104348     DEBUG main            d.u.i.k.p.i.AbstractProblemLoader Init config took 2.5s 
104380     INFO  main            d.u.i.k.p.i.AbstractProblemLoader Replaying proof stringCompileTimeConstant2.key 
104381     DEBUG main            d.u.i.k.p.i.IntermediateProofReplayer Proof replay took 8.2ns 
107215     INFO  main            d.u.i.k.p.r.p.TestFile    ... finished proof: closed. 
107510     INFO  main            d.u.i.k.p.i.AbstractProblemLoader Loading environment from /home/runner/work/key/key/key.core/../key.ui/examples/standard_key/strings/stringCompileTimeConstant2.key.proof 
107511     DEBUG main            d.u.i.k.p.i.AbstractProblemLoader Environment load took 370.4ns 
107512     INFO  main            d.u.i.k.p.i.AbstractProblemLoader Creating init config 
109935     DEBUG main            d.u.i.k.p.i.AbstractProblemLoader Init config took 2.42s 
109949     INFO  main            d.u.i.k.p.i.AbstractProblemLoader Replaying proof stringCompileTimeConstant2.key.proof 
110181     DEBUG main            d.u.i.k.p.i.IntermediateProofReplayer Proof replay took 221.08ms 
110182     DEBUG main            d.u.i.k.p.r.p.TestFile    ... success: reloaded. 
110184     INFO  main            d.u.i.k.p.r.p.TestFile    Now processing file /home/runner/work/key/key/key.core/../key.ui/examples/standard_key/strings/stringEquality1.key 
110184     INFO  main            d.u.i.k.p.i.AbstractProblemLoader Loading environment from /home/runner/work/key/key/key.core/../key.ui/examples/standard_key/strings/stringEquality1.key 
110184     DEBUG main            d.u.i.k.p.i.AbstractProblemLoader Environment load took 126.8ns 
110185     INFO  main            d.u.i.k.p.i.AbstractProblemLoader Creating init config 
112524     DEBUG main            d.u.i.k.p.i.AbstractProblemLoader Init config took 2.34s 
112537     INFO  main            d.u.i.k.p.i.AbstractProblemLoader Replaying proof stringEquality1.key 
112538     DEBUG main            d.u.i.k.p.i.IntermediateProofReplayer Proof replay took 7.2ns 
112641     INFO  main            d.u.i.k.p.r.p.TestFile    ... finished proof: closed. 
112915     INFO  main            d.u.i.k.p.i.AbstractProblemLoader Loading environment from /home/runner/work/key/key/key.core/../key.ui/examples/standard_key/strings/stringEquality1.key.proof 
112915     DEBUG main            d.u.i.k.p.i.AbstractProblemLoader Environment load took 123.6ns 
112916     INFO  main            d.u.i.k.p.i.AbstractProblemLoader Creating init config 
115187     DEBUG main            d.u.i.k.p.i.AbstractProblemLoader Init config took 2.27s 
115200     INFO  main            d.u.i.k.p.i.AbstractProblemLoader Replaying proof stringEquality1.key.proof 
115206     DEBUG main            d.u.i.k.p.i.IntermediateProofReplayer Proof replay took 3.87ms 
115207     DEBUG main            d.u.i.k.p.r.p.TestFile    ... success: reloaded. 
115208     INFO  main            d.u.i.k.p.r.p.TestFile    Now processing file /home/runner/work/key/key/key.core/../key.ui/examples/standard_key/strings/stringEquality2.key 
115208     INFO  main            d.u.i.k.p.i.AbstractProblemLoader Loading environment from /home/runner/work/key/key/key.core/../key.ui/examples/standard_key/strings/stringEquality2.key 
115208     DEBUG main            d.u.i.k.p.i.AbstractProblemLoader Environment load took 174.9ns 
115210     INFO  main            d.u.i.k.p.i.AbstractProblemLoader Creating init config 
117511     DEBUG main            d.u.i.k.p.i.AbstractProblemLoader Init config took 2.3s 
117524     INFO  main            d.u.i.k.p.i.AbstractProblemLoader Replaying proof stringEquality2.key 
117525     DEBUG main            d.u.i.k.p.i.IntermediateProofReplayer Proof replay took 7.9ns 
117929     INFO  main            d.u.i.k.p.r.p.TestFile    ... finished proof: closed. 
118184     INFO  main            d.u.i.k.p.i.AbstractProblemLoader Loading environment from /home/runner/work/key/key/key.core/../key.ui/examples/standard_key/strings/stringEquality2.key.proof 
118184     DEBUG main            d.u.i.k.p.i.AbstractProblemLoader Environment load took 474.91ns 
118187     INFO  main            d.u.i.k.p.i.AbstractProblemLoader Creating init config 
120439     DEBUG main            d.u.i.k.p.i.AbstractProblemLoader Init config took 2.25s 
120456     INFO  main            d.u.i.k.p.i.AbstractProblemLoader Replaying proof stringEquality2.key.proof 
120486     DEBUG main            d.u.i.k.p.i.IntermediateProofReplayer Proof replay took 24.97ms 
120487     DEBUG main            d.u.i.k.p.r.p.TestFile    ... success: reloaded. 
120489     INFO  main            d.u.i.k.p.r.p.TestFile    Now processing file /home/runner/work/key/key/key.core/../key.ui/examples/standard_key/strings/substring0.key 
120490     INFO  main            d.u.i.k.p.i.AbstractProblemLoader Loading environment from /home/runner/work/key/key/key.core/../key.ui/examples/standard_key/strings/substring0.key 
120490     DEBUG main            d.u.i.k.p.i.AbstractProblemLoader Environment load took 178.2ns 
120491     INFO  main            d.u.i.k.p.i.AbstractProblemLoader Creating init config 
122843     DEBUG main            d.u.i.k.p.i.AbstractProblemLoader Init config took 2.35s 
122856     INFO  main            d.u.i.k.p.i.AbstractProblemLoader Replaying proof substring0.key 
122857     DEBUG main            d.u.i.k.p.i.IntermediateProofReplayer Proof replay took 7.7ns 
122964     INFO  main            d.u.i.k.p.r.p.TestFile    ... finished proof: closed. 
123224     INFO  main            d.u.i.k.p.i.AbstractProblemLoader Loading environment from /home/runner/work/key/key/key.core/../key.ui/examples/standard_key/strings/substring0.key.proof 
123224     DEBUG main            d.u.i.k.p.i.AbstractProblemLoader Environment load took 124.3ns 
123225     INFO  main            d.u.i.k.p.i.AbstractProblemLoader Creating init config 
125479     DEBUG main            d.u.i.k.p.i.AbstractProblemLoader Init config took 2.25s 
125493     INFO  main            d.u.i.k.p.i.AbstractProblemLoader Replaying proof substring0.key.proof 
125495     DEBUG main            d.u.i.k.p.i.IntermediateProofReplayer Proof replay took 459.91ns 
125496     DEBUG main            d.u.i.k.p.r.p.TestFile    ... success: reloaded. 
125496     INFO  main            d.u.i.k.p.r.p.TestFile    Now processing file /home/runner/work/key/key/key.core/../key.ui/examples/standard_key/strings/substring1.key 
125497     INFO  main            d.u.i.k.p.i.AbstractProblemLoader Loading environment from /home/runner/work/key/key/key.core/../key.ui/examples/standard_key/strings/substring1.key 
125497     DEBUG main            d.u.i.k.p.i.AbstractProblemLoader Environment load took 83.4ns 
125498     INFO  main            d.u.i.k.p.i.AbstractProblemLoader Creating init config 
127822     DEBUG main            d.u.i.k.p.i.AbstractProblemLoader Init config took 2.32s 
127835     INFO  main            d.u.i.k.p.i.AbstractProblemLoader Replaying proof substring1.key 
127836     DEBUG main            d.u.i.k.p.i.IntermediateProofReplayer Proof replay took 8.5ns 
127938     INFO  main            d.u.i.k.p.r.p.TestFile    ... finished proof: closed. 
128188     INFO  main            d.u.i.k.p.i.AbstractProblemLoader Loading environment from /home/runner/work/key/key/key.core/../key.ui/examples/standard_key/strings/substring1.key.proof 
128188     DEBUG main            d.u.i.k.p.i.AbstractProblemLoader Environment load took 123ns 
128189     INFO  main            d.u.i.k.p.i.AbstractProblemLoader Creating init config 
130469     DEBUG main            d.u.i.k.p.i.AbstractProblemLoader Init config took 2.28s 
130481     INFO  main            d.u.i.k.p.i.AbstractProblemLoader Replaying proof substring1.key.proof 
130483     DEBUG main            d.u.i.k.p.i.IntermediateProofReplayer Proof replay took 482.21ns 
130484     DEBUG main            d.u.i.k.p.r.p.TestFile    ... success: reloaded. 
130485     INFO  main            d.u.i.k.p.r.p.TestFile    Now processing file /home/runner/work/key/key/key.core/../key.ui/examples/standard_key/strings/substring2.key 
130485     INFO  main            d.u.i.k.p.i.AbstractProblemLoader Loading environment from /home/runner/work/key/key/key.core/../key.ui/examples/standard_key/strings/substring2.key 
130485     DEBUG main            d.u.i.k.p.i.AbstractProblemLoader Environment load took 56.3ns 
130486     INFO  main            d.u.i.k.p.i.AbstractProblemLoader Creating init config 
132838     DEBUG main            d.u.i.k.p.i.AbstractProblemLoader Init config took 2.35s 
132851     INFO  main            d.u.i.k.p.i.AbstractProblemLoader Replaying proof substring2.key 
132853     DEBUG main            d.u.i.k.p.i.IntermediateProofReplayer Proof replay took 7.9ns 
132955     INFO  main            d.u.i.k.p.r.p.TestFile    ... finished proof: closed. 
133213     INFO  main            d.u.i.k.p.i.AbstractProblemLoader Loading environment from /home/runner/work/key/key/key.core/../key.ui/examples/standard_key/strings/substring2.key.proof 
133213     DEBUG main            d.u.i.k.p.i.AbstractProblemLoader Environment load took 133ns 
133214     INFO  main            d.u.i.k.p.i.AbstractProblemLoader Creating init config 
135473     DEBUG main            d.u.i.k.p.i.AbstractProblemLoader Init config took 2.26s 
135486     INFO  main            d.u.i.k.p.i.AbstractProblemLoader Replaying proof substring2.key.proof 
135489     DEBUG main            d.u.i.k.p.i.IntermediateProofReplayer Proof replay took 926.11ns 
135490     DEBUG main            d.u.i.k.p.r.p.TestFile    ... success: reloaded. 
135492     INFO  main            d.u.i.k.p.r.p.TestFile    Now processing file /home/runner/work/key/key/key.core/../key.ui/examples/standard_key/strings/substring3.key 
135492     INFO  main            d.u.i.k.p.i.AbstractProblemLoader Loading environment from /home/runner/work/key/key/key.core/../key.ui/examples/standard_key/strings/substring3.key 
135492     DEBUG main            d.u.i.k.p.i.AbstractProblemLoader Environment load took 87.8ns 
135495     INFO  main            d.u.i.k.p.i.AbstractProblemLoader Creating init config 
137858     DEBUG main            d.u.i.k.p.i.AbstractProblemLoader Init config took 2.36s 
137871     INFO  main            d.u.i.k.p.i.AbstractProblemLoader Replaying proof substring3.key 
137872     DEBUG main            d.u.i.k.p.i.IntermediateProofReplayer Proof replay took 7.8ns 
137974     INFO  main            d.u.i.k.p.r.p.TestFile    ... finished proof: closed. 
138233     INFO  main            d.u.i.k.p.i.AbstractProblemLoader Loading environment from /home/runner/work/key/key/key.core/../key.ui/examples/standard_key/strings/substring3.key.proof 
138233     DEBUG main            d.u.i.k.p.i.AbstractProblemLoader Environment load took 119.3ns 
138234     INFO  main            d.u.i.k.p.i.AbstractProblemLoader Creating init config 
140478     DEBUG main            d.u.i.k.p.i.AbstractProblemLoader Init config took 2.24s 
140491     INFO  main            d.u.i.k.p.i.AbstractProblemLoader Replaying proof substring3.key.proof 
140494     DEBUG main            d.u.i.k.p.i.IntermediateProofReplayer Proof replay took 1.6ms 
140495     DEBUG main            d.u.i.k.p.r.p.TestFile    ... success: reloaded. 
140495     INFO  main            d.u.i.k.p.r.p.TestFile    Now processing file /home/runner/work/key/key/key.core/../key.ui/examples/standard_key/strings/substring4.key 
140496     INFO  main            d.u.i.k.p.i.AbstractProblemLoader Loading environment from /home/runner/work/key/key/key.core/../key.ui/examples/standard_key/strings/substring4.key 
140496     DEBUG main            d.u.i.k.p.i.AbstractProblemLoader Environment load took 201.3ns 
140497     INFO  main            d.u.i.k.p.i.AbstractProblemLoader Creating init config 
142799     DEBUG main            d.u.i.k.p.i.AbstractProblemLoader Init config took 2.3s 
142812     INFO  main            d.u.i.k.p.i.AbstractProblemLoader Replaying proof substring4.key 
142813     DEBUG main            d.u.i.k.p.i.IntermediateProofReplayer Proof replay took 8ns 
142915     INFO  main            d.u.i.k.p.r.p.TestFile    ... finished proof: closed. 
143185     INFO  main            d.u.i.k.p.i.AbstractProblemLoader Loading environment from /home/runner/work/key/key/key.core/../key.ui/examples/standard_key/strings/substring4.key.proof 
143185     DEBUG main            d.u.i.k.p.i.AbstractProblemLoader Environment load took 117.3ns 
143186     INFO  main            d.u.i.k.p.i.AbstractProblemLoader Creating init config 
145445     DEBUG main            d.u.i.k.p.i.AbstractProblemLoader Init config took 2.26s 
145458     INFO  main            d.u.i.k.p.i.AbstractProblemLoader Replaying proof substring4.key.proof 
145462     DEBUG main            d.u.i.k.p.i.IntermediateProofReplayer Proof replay took 2.16ms 
145463     DEBUG main            d.u.i.k.p.r.p.TestFile    ... success: reloaded. 
145463     INFO  main            d.u.i.k.p.r.p.TestFile    Now processing file /home/runner/work/key/key/key.core/../key.ui/examples/standard_key/strings/substring5.key 
145464     INFO  main            d.u.i.k.p.i.AbstractProblemLoader Loading environment from /home/runner/work/key/key/key.core/../key.ui/examples/standard_key/strings/substring5.key 
145464     DEBUG main            d.u.i.k.p.i.AbstractProblemLoader Environment load took 190.7ns 
145465     INFO  main            d.u.i.k.p.i.AbstractProblemLoader Creating init config 
147771     DEBUG main            d.u.i.k.p.i.AbstractProblemLoader Init config took 2.31s 
147785     INFO  main            d.u.i.k.p.i.AbstractProblemLoader Replaying proof substring5.key 
147786     DEBUG main            d.u.i.k.p.i.IntermediateProofReplayer Proof replay took 7.7ns 
148091     INFO  main            d.u.i.k.p.r.p.TestFile    ... finished proof: closed. 
148390     INFO  main            d.u.i.k.p.i.AbstractProblemLoader Loading environment from /home/runner/work/key/key/key.core/../key.ui/examples/standard_key/strings/substring5.key.proof 
148390     DEBUG main            d.u.i.k.p.i.AbstractProblemLoader Environment load took 98.7ns 
148391     INFO  main            d.u.i.k.p.i.AbstractProblemLoader Creating init config 
150642     DEBUG main            d.u.i.k.p.i.AbstractProblemLoader Init config took 2.25s 
150655     INFO  main            d.u.i.k.p.i.AbstractProblemLoader Replaying proof substring5.key.proof 
150672     DEBUG main            d.u.i.k.p.i.IntermediateProofReplayer Proof replay took 13.48ms 
150673     DEBUG main            d.u.i.k.p.r.p.TestFile    ... success: reloaded. 
3979837    INFO  Test worker     d.u.i.k.p.r.RunAllProofsTestUnit Returning from test strings 
3979838    INFO  Test worker     d.u.i.k.p.r.RunAllProofsTestUnit Running test simple_info_flow 
341        INFO  Timeout watchdog d.u.i.k.p.r.p.ForkedTestFileRunner Timeout watcher launched (2000 secs.) 
354        WARN  main            d.u.i.k.s.ProofSettings   The settings in /home/runner/.key/proof-settings.props are *not* read. 
381        INFO  main            d.u.i.k.p.r.p.TestFile    Now processing file /home/runner/work/key/key/key.core/../key.ui/examples/heap/information_flow/UpdateAbstraction_ex7_1_insecure.key 
489        INFO  main            d.u.i.k.p.i.AbstractProblemLoader Loading environment from /home/runner/work/key/key/key.core/../key.ui/examples/heap/information_flow/UpdateAbstraction_ex7_1_insecure.key 
514        DEBUG main            d.u.i.k.p.i.AbstractProblemLoader Environment load took 2.17ms 
735        INFO  main            d.u.i.k.p.i.AbstractProblemLoader Creating init config 
1760       DEBUG main            d.u.i.k.j.TypeConverter   No LDT found for Meta 
1761       DEBUG main            d.u.i.k.j.TypeConverter   No LDT found for Meta 
1764       DEBUG main            d.u.i.k.j.TypeConverter   No LDT found for Meta 
1764       DEBUG main            d.u.i.k.j.TypeConverter   No LDT found for Meta 
2984       DEBUG main            d.u.i.k.j.TypeConverter   No LDT found for JavaBigintExpression 
8490       DEBUG main            d.u.i.k.p.i.AbstractProblemLoader Init config took 7.75s 
8674       INFO  main            d.u.i.k.p.i.AbstractProblemLoader Replaying proof UpdateAbstraction[UpdateAbstraction::ex7_1_insecure()].JML operation contract.0 
8758       DEBUG main            d.u.i.k.p.i.IntermediateProofReplayer Proof replay took 39.5ns 
9310       INFO  main            d.u.i.k.p.r.p.TestFile    ... finished proof: open goal(s) 
9432       INFO  main            d.u.i.k.p.r.p.TestFile    Now processing file /home/runner/work/key/key/key.core/../key.ui/examples/heap/information_flow/UpdateAbstraction_ex7_2_insecure.key 
9434       INFO  main            d.u.i.k.p.i.AbstractProblemLoader Loading environment from /home/runner/work/key/key/key.core/../key.ui/examples/heap/information_flow/UpdateAbstraction_ex7_2_insecure.key 
9434       DEBUG main            d.u.i.k.p.i.AbstractProblemLoader Environment load took 294.4ns 
9436       INFO  main            d.u.i.k.p.i.AbstractProblemLoader Creating init config 
12556      DEBUG main            d.u.i.k.p.i.AbstractProblemLoader Init config took 3.12s 
12639      INFO  main            d.u.i.k.p.i.AbstractProblemLoader Replaying proof UpdateAbstraction[UpdateAbstraction::ex7_2_insecure()].JML operation contract.0 
12642      DEBUG main            d.u.i.k.p.i.IntermediateProofReplayer Proof replay took 7.1ns 
12948      INFO  main            d.u.i.k.p.r.p.TestFile    ... finished proof: open goal(s) 
3993077    INFO  Test worker     d.u.i.k.p.r.RunAllProofsTestUnit Returning from test simple_info_flow 
3993078    INFO  Test worker     d.u.i.k.p.r.RunAllProofsTestUnit Running test modelMethods 
341        INFO  Timeout watchdog d.u.i.k.p.r.p.ForkedTestFileRunner Timeout watcher launched (2000 secs.) 
351        WARN  main            d.u.i.k.s.ProofSettings   The settings in /home/runner/.key/proof-settings.props are *not* read. 
387        INFO  main            d.u.i.k.p.r.p.TestFile    Now processing file /home/runner/work/key/key/key.core/../key.ui/examples/heap/model_methods/Cell_footprint_acc.key 
562        INFO  main            d.u.i.k.p.i.AbstractProblemLoader Loading environment from /home/runner/work/key/key/key.core/../key.ui/examples/heap/model_methods/Cell_footprint_acc.key 
584        DEBUG main            d.u.i.k.p.i.AbstractProblemLoader Environment load took 1.99ms 
813        INFO  main            d.u.i.k.p.i.AbstractProblemLoader Creating init config 
1830       DEBUG main            d.u.i.k.j.TypeConverter   No LDT found for Meta 
1830       DEBUG main            d.u.i.k.j.TypeConverter   No LDT found for Meta 
1833       DEBUG main            d.u.i.k.j.TypeConverter   No LDT found for Meta 
1834       DEBUG main            d.u.i.k.j.TypeConverter   No LDT found for Meta 
3417       DEBUG main            d.u.i.k.j.TypeConverter   No LDT found for JavaBigintExpression 
8523       DEBUG main            d.u.i.k.p.i.AbstractProblemLoader Init config took 7.71s 
8652       INFO  main            d.u.i.k.p.i.AbstractProblemLoader Replaying proof Cell[Cell::footprint()].JML accessible clause.0 
8685       DEBUG main            d.u.i.k.p.i.IntermediateProofReplayer Proof replay took 36.4ns 
9125       INFO  main            d.u.i.k.p.r.p.TestFile    ... finished proof: closed. 
9226       INFO  main            d.u.i.k.p.i.AbstractProblemLoader Loading environment from /home/runner/work/key/key/key.core/../key.ui/examples/heap/model_methods/Cell_footprint_acc.key.proof 
9226       DEBUG main            d.u.i.k.p.i.AbstractProblemLoader Environment load took 421.5ns 
9228       INFO  main            d.u.i.k.p.i.AbstractProblemLoader Creating init config 
12243      DEBUG main            d.u.i.k.p.i.AbstractProblemLoader Init config took 3.01s 
12332      INFO  main            d.u.i.k.p.i.AbstractProblemLoader Replaying proof Cell[Cell::footprint()].JML accessible clause.0 
12354      DEBUG main            d.u.i.k.p.i.IntermediateProofReplayer Proof replay took 17.52ms 
12361      DEBUG main            d.u.i.k.p.r.p.TestFile    ... success: reloaded. 
12363      INFO  main            d.u.i.k.p.r.p.TestFile    Now processing file /home/runner/work/key/key/key.core/../key.ui/examples/heap/model_methods/Cell_footprint.key 
12364      INFO  main            d.u.i.k.p.i.AbstractProblemLoader Loading environment from /home/runner/work/key/key/key.core/../key.ui/examples/heap/model_methods/Cell_footprint.key 
12364      DEBUG main            d.u.i.k.p.i.AbstractProblemLoader Environment load took 209.7ns 
12366      INFO  main            d.u.i.k.p.i.AbstractProblemLoader Creating init config 
15221      DEBUG main            d.u.i.k.p.i.AbstractProblemLoader Init config took 2.86s 
15290      INFO  main            d.u.i.k.p.i.AbstractProblemLoader Replaying proof Cell[Cell::footprint()].JML model_behavior operation contract.0 
15292      DEBUG main            d.u.i.k.p.i.IntermediateProofReplayer Proof replay took 8.5ns 
15395      INFO  main            d.u.i.k.p.r.p.TestFile    ... finished proof: closed. 
15527      INFO  main            d.u.i.k.p.i.AbstractProblemLoader Loading environment from /home/runner/work/key/key/key.core/../key.ui/examples/heap/model_methods/Cell_footprint.key.proof 
15527      DEBUG main            d.u.i.k.p.i.AbstractProblemLoader Environment load took 181.1ns 
15529      INFO  main            d.u.i.k.p.i.AbstractProblemLoader Creating init config 
18302      DEBUG main            d.u.i.k.p.i.AbstractProblemLoader Init config took 2.77s 
18369      INFO  main            d.u.i.k.p.i.AbstractProblemLoader Replaying proof Cell[Cell::footprint()].JML model_behavior operation contract.0 
18379      DEBUG main            d.u.i.k.p.i.IntermediateProofReplayer Proof replay took 7.71ms 
18380      DEBUG main            d.u.i.k.p.r.p.TestFile    ... success: reloaded. 
18382      INFO  main            d.u.i.k.p.r.p.TestFile    Now processing file /home/runner/work/key/key/key.core/../key.ui/examples/heap/model_methods/Cell_get_acc.key 
18382      INFO  main            d.u.i.k.p.i.AbstractProblemLoader Loading environment from /home/runner/work/key/key/key.core/../key.ui/examples/heap/model_methods/Cell_get_acc.key 
18383      DEBUG main            d.u.i.k.p.i.AbstractProblemLoader Environment load took 229.4ns 
18384      INFO  main            d.u.i.k.p.i.AbstractProblemLoader Creating init config 
21143      DEBUG main            d.u.i.k.p.i.AbstractProblemLoader Init config took 2.76s 
21195      INFO  main            d.u.i.k.p.i.AbstractProblemLoader Replaying proof Cell[Cell::get()].JML accessible clause.0 
21198      DEBUG main            d.u.i.k.p.i.IntermediateProofReplayer Proof replay took 7.7ns 
21405      INFO  main            d.u.i.k.p.r.p.TestFile    ... finished proof: closed. 
21550      INFO  main            d.u.i.k.p.i.AbstractProblemLoader Loading environment from /home/runner/work/key/key/key.core/../key.ui/examples/heap/model_methods/Cell_get_acc.key.proof 
21551      DEBUG main            d.u.i.k.p.i.AbstractProblemLoader Environment load took 517.11ns 
21553      INFO  main            d.u.i.k.p.i.AbstractProblemLoader Creating init config 
24275      DEBUG main            d.u.i.k.p.i.AbstractProblemLoader Init config took 2.72s 
24348      INFO  main            d.u.i.k.p.i.AbstractProblemLoader Replaying proof Cell[Cell::get()].JML accessible clause.0 
24383      DEBUG main            d.u.i.k.p.i.IntermediateProofReplayer Proof replay took 31.97ms 
24384      DEBUG main            d.u.i.k.p.r.p.TestFile    ... success: reloaded. 
24386      INFO  main            d.u.i.k.p.r.p.TestFile    Now processing file /home/runner/work/key/key/key.core/../key.ui/examples/heap/model_methods/Cell_get.key 
24386      INFO  main            d.u.i.k.p.i.AbstractProblemLoader Loading environment from /home/runner/work/key/key/key.core/../key.ui/examples/heap/model_methods/Cell_get.key 
24387      DEBUG main            d.u.i.k.p.i.AbstractProblemLoader Environment load took 178.6ns 
24388      INFO  main            d.u.i.k.p.i.AbstractProblemLoader Creating init config 
27109      DEBUG main            d.u.i.k.p.i.AbstractProblemLoader Init config took 2.72s 
27183      INFO  main            d.u.i.k.p.i.AbstractProblemLoader Replaying proof Cell[Cell::get()].JML operation contract.0 
27186      DEBUG main            d.u.i.k.p.i.IntermediateProofReplayer Proof replay took 7.2ns 
27291      INFO  main            d.u.i.k.p.r.p.TestFile    ... finished proof: closed. 
27436      INFO  main            d.u.i.k.p.i.AbstractProblemLoader Loading environment from /home/runner/work/key/key/key.core/../key.ui/examples/heap/model_methods/Cell_get.key.proof 
27436      DEBUG main            d.u.i.k.p.i.AbstractProblemLoader Environment load took 128.5ns 
27437      INFO  main            d.u.i.k.p.i.AbstractProblemLoader Creating init config 
30119      DEBUG main            d.u.i.k.p.i.AbstractProblemLoader Init config took 2.68s 
30172      INFO  main            d.u.i.k.p.i.AbstractProblemLoader Replaying proof Cell[Cell::get()].JML operation contract.0 
30194      DEBUG main            d.u.i.k.p.i.IntermediateProofReplayer Proof replay took 16.9ms 
30195      DEBUG main            d.u.i.k.p.r.p.TestFile    ... success: reloaded. 
30196      INFO  main            d.u.i.k.p.r.p.TestFile    Now processing file /home/runner/work/key/key/key.core/../key.ui/examples/heap/model_methods/Cell_post_set.key 
30197      INFO  main            d.u.i.k.p.i.AbstractProblemLoader Loading environment from /home/runner/work/key/key/key.core/../key.ui/examples/heap/model_methods/Cell_post_set.key 
30197      DEBUG main            d.u.i.k.p.i.AbstractProblemLoader Environment load took 202.4ns 
30198      INFO  main            d.u.i.k.p.i.AbstractProblemLoader Creating init config 
32888      DEBUG main            d.u.i.k.p.i.AbstractProblemLoader Init config took 2.69s 
32937      INFO  main            d.u.i.k.p.i.AbstractProblemLoader Replaying proof Cell[Cell::post_set(int)].JML model_behavior operation contract.0 
32939      DEBUG main            d.u.i.k.p.i.IntermediateProofReplayer Proof replay took 6.5ns 
33041      INFO  main            d.u.i.k.p.r.p.TestFile    ... finished proof: closed. 
33225      INFO  main            d.u.i.k.p.i.AbstractProblemLoader Loading environment from /home/runner/work/key/key/key.core/../key.ui/examples/heap/model_methods/Cell_post_set.key.proof 
33225      DEBUG main            d.u.i.k.p.i.AbstractProblemLoader Environment load took 139.8ns 
33226      INFO  main            d.u.i.k.p.i.AbstractProblemLoader Creating init config 
35853      DEBUG main            d.u.i.k.p.i.AbstractProblemLoader Init config took 2.63s 
35902      INFO  main            d.u.i.k.p.i.AbstractProblemLoader Replaying proof Cell[Cell::post_set(int)].JML model_behavior operation contract.0 
35909      DEBUG main            d.u.i.k.p.i.IntermediateProofReplayer Proof replay took 5ms 
35910      DEBUG main            d.u.i.k.p.r.p.TestFile    ... success: reloaded. 
35911      INFO  main            d.u.i.k.p.r.p.TestFile    Now processing file /home/runner/work/key/key/key.core/../key.ui/examples/heap/model_methods/Cell_set.key 
35911      INFO  main            d.u.i.k.p.i.AbstractProblemLoader Loading environment from /home/runner/work/key/key/key.core/../key.ui/examples/heap/model_methods/Cell_set.key 
35912      DEBUG main            d.u.i.k.p.i.AbstractProblemLoader Environment load took 198ns 
35913      INFO  main            d.u.i.k.p.i.AbstractProblemLoader Creating init config 
38600      DEBUG main            d.u.i.k.p.i.AbstractProblemLoader Init config took 2.69s 
38654      INFO  main            d.u.i.k.p.i.AbstractProblemLoader Replaying proof Cell[Cell::set(int)].JML operation contract.0 
38656      DEBUG main            d.u.i.k.p.i.IntermediateProofReplayer Proof replay took 6.9ns 
45305      INFO  main            d.u.i.k.p.r.p.TestFile    ... finished proof: closed. 
45523      INFO  main            d.u.i.k.p.i.AbstractProblemLoader Loading environment from /home/runner/work/key/key/key.core/../key.ui/examples/heap/model_methods/Cell_set.key.proof 
45523      DEBUG main            d.u.i.k.p.i.AbstractProblemLoader Environment load took 368.81ns 
45525      INFO  main            d.u.i.k.p.i.AbstractProblemLoader Creating init config 
48123      DEBUG main            d.u.i.k.p.i.AbstractProblemLoader Init config took 2.6s 
48173      INFO  main            d.u.i.k.p.i.AbstractProblemLoader Replaying proof Cell[Cell::set(int)].JML operation contract.0 
48668      DEBUG main            d.u.i.k.p.i.IntermediateProofReplayer Proof replay took 477.97ms 
48671      DEBUG main            d.u.i.k.p.r.p.TestFile    ... success: reloaded. 
48673      INFO  main            d.u.i.k.p.r.p.TestFile    Now processing file /home/runner/work/key/key/key.core/../key.ui/examples/heap/model_methods/CellTest_callSet.key 
48673      INFO  main            d.u.i.k.p.i.AbstractProblemLoader Loading environment from /home/runner/work/key/key/key.core/../key.ui/examples/heap/model_methods/CellTest_callSet.key 
48674      DEBUG main            d.u.i.k.p.i.AbstractProblemLoader Environment load took 160.1ns 
48675      INFO  main            d.u.i.k.p.i.AbstractProblemLoader Creating init config 
51345      DEBUG main            d.u.i.k.p.i.AbstractProblemLoader Init config took 2.67s 
51392      INFO  main            d.u.i.k.p.i.AbstractProblemLoader Replaying proof CellTest[CellTest::callSet(Cell,int)].JML operation contract.0 
51394      DEBUG main            d.u.i.k.p.i.IntermediateProofReplayer Proof replay took 7.4ns 
51600      INFO  main            d.u.i.k.p.r.p.TestFile    ... finished proof: closed. 
51797      INFO  main            d.u.i.k.p.i.AbstractProblemLoader Loading environment from /home/runner/work/key/key/key.core/../key.ui/examples/heap/model_methods/CellTest_callSet.key.proof 
51798      DEBUG main            d.u.i.k.p.i.AbstractProblemLoader Environment load took 130.9ns 
51799      INFO  main            d.u.i.k.p.i.AbstractProblemLoader Creating init config 
54410      DEBUG main            d.u.i.k.p.i.AbstractProblemLoader Init config took 2.61s 
54454      INFO  main            d.u.i.k.p.i.AbstractProblemLoader Replaying proof CellTest[CellTest::callSet(Cell,int)].JML operation contract.0 
54492      DEBUG main            d.u.i.k.p.i.IntermediateProofReplayer Proof replay took 36.06ms 
54493      DEBUG main            d.u.i.k.p.r.p.TestFile    ... success: reloaded. 
54494      INFO  main            d.u.i.k.p.r.p.TestFile    Now processing file /home/runner/work/key/key/key.core/../key.ui/examples/heap/model_methods/CellTest_test2.key 
54495      INFO  main            d.u.i.k.p.i.AbstractProblemLoader Loading environment from /home/runner/work/key/key/key.core/../key.ui/examples/heap/model_methods/CellTest_test2.key 
54495      DEBUG main            d.u.i.k.p.i.AbstractProblemLoader Environment load took 116.7ns 
54496      INFO  main            d.u.i.k.p.i.AbstractProblemLoader Creating init config 
57149      DEBUG main            d.u.i.k.p.i.AbstractProblemLoader Init config took 2.65s 
57192      INFO  main            d.u.i.k.p.i.AbstractProblemLoader Replaying proof CellTest[CellTest::test2(Cell)].JML operation contract.0 
57194      DEBUG main            d.u.i.k.p.i.IntermediateProofReplayer Proof replay took 6.7ns 
57496      INFO  main            d.u.i.k.p.r.p.TestFile    ... finished proof: closed. 
57690      INFO  main            d.u.i.k.p.i.AbstractProblemLoader Loading environment from /home/runner/work/key/key/key.core/../key.ui/examples/heap/model_methods/CellTest_test2.key.proof 
57692      DEBUG main            d.u.i.k.p.i.AbstractProblemLoader Environment load took 2.3ms 
57693      INFO  main            d.u.i.k.p.i.AbstractProblemLoader Creating init config 
60311      DEBUG main            d.u.i.k.p.i.AbstractProblemLoader Init config took 2.62s 
60355      INFO  main            d.u.i.k.p.i.AbstractProblemLoader Replaying proof CellTest[CellTest::test2(Cell)].JML operation contract.0 
60425      DEBUG main            d.u.i.k.p.i.IntermediateProofReplayer Proof replay took 66.5ms 
60426      DEBUG main            d.u.i.k.p.r.p.TestFile    ... success: reloaded. 
60427      INFO  main            d.u.i.k.p.r.p.TestFile    Now processing file /home/runner/work/key/key/key.core/../key.ui/examples/heap/model_methods/CellTest_test.key 
60427      INFO  main            d.u.i.k.p.i.AbstractProblemLoader Loading environment from /home/runner/work/key/key/key.core/../key.ui/examples/heap/model_methods/CellTest_test.key 
60427      DEBUG main            d.u.i.k.p.i.AbstractProblemLoader Environment load took 166.2ns 
60428      INFO  main            d.u.i.k.p.i.AbstractProblemLoader Creating init config 
63073      DEBUG main            d.u.i.k.p.i.AbstractProblemLoader Init config took 2.64s 
63116      INFO  main            d.u.i.k.p.i.AbstractProblemLoader Replaying proof CellTest[CellTest::test(Recell)].JML operation contract.0 
63118      DEBUG main            d.u.i.k.p.i.IntermediateProofReplayer Proof replay took 8ns 
64941      INFO  main            d.u.i.k.p.r.p.TestFile    ... finished proof: closed. 
65174      INFO  main            d.u.i.k.p.i.AbstractProblemLoader Loading environment from /home/runner/work/key/key/key.core/../key.ui/examples/heap/model_methods/CellTest_test.key.proof 
65175      DEBUG main            d.u.i.k.p.i.AbstractProblemLoader Environment load took 556.11ns 
65177      INFO  main            d.u.i.k.p.i.AbstractProblemLoader Creating init config 
67752      DEBUG main            d.u.i.k.p.i.AbstractProblemLoader Init config took 2.58s 
67795      INFO  main            d.u.i.k.p.i.AbstractProblemLoader Replaying proof CellTest[CellTest::test(Recell)].JML operation contract.0 
68185      DEBUG main            d.u.i.k.p.i.IntermediateProofReplayer Proof replay took 374.72ms 
68187      DEBUG main            d.u.i.k.p.r.p.TestFile    ... success: reloaded. 
68188      INFO  main            d.u.i.k.p.r.p.TestFile    Now processing file /home/runner/work/key/key/key.core/../key.ui/examples/heap/model_methods/Coll1_add.key 
68188      INFO  main            d.u.i.k.p.i.AbstractProblemLoader Loading environment from /home/runner/work/key/key/key.core/../key.ui/examples/heap/model_methods/Coll1_add.key 
68188      DEBUG main            d.u.i.k.p.i.AbstractProblemLoader Environment load took 197.5ns 
68189      INFO  main            d.u.i.k.p.i.AbstractProblemLoader Creating init config 
70843      DEBUG main            d.u.i.k.p.i.AbstractProblemLoader Init config took 2.65s 
70904      INFO  main            d.u.i.k.p.i.AbstractProblemLoader Replaying proof Coll1[Coll::add(int)].JML operation contract.0 
70906      DEBUG main            d.u.i.k.p.i.IntermediateProofReplayer Proof replay took 8.5ns 
71008      INFO  main            d.u.i.k.p.r.p.TestFile    ... finished proof: closed. 
71191      INFO  main            d.u.i.k.p.i.AbstractProblemLoader Loading environment from /home/runner/work/key/key/key.core/../key.ui/examples/heap/model_methods/Coll1_add.key.proof 
71191      DEBUG main            d.u.i.k.p.i.AbstractProblemLoader Environment load took 130.4ns 
71192      INFO  main            d.u.i.k.p.i.AbstractProblemLoader Creating init config 
73772      DEBUG main            d.u.i.k.p.i.AbstractProblemLoader Init config took 2.58s 
73814      INFO  main            d.u.i.k.p.i.AbstractProblemLoader Replaying proof Coll1[Coll::add(int)].JML operation contract.0 
73822      DEBUG main            d.u.i.k.p.i.IntermediateProofReplayer Proof replay took 6.8ms 
73823      DEBUG main            d.u.i.k.p.r.p.TestFile    ... success: reloaded. 
73824      INFO  main            d.u.i.k.p.r.p.TestFile    Now processing file /home/runner/work/key/key/key.core/../key.ui/examples/heap/model_methods/Coll1_Coll1_add_pre.key 
73825      INFO  main            d.u.i.k.p.i.AbstractProblemLoader Loading environment from /home/runner/work/key/key/key.core/../key.ui/examples/heap/model_methods/Coll1_Coll1_add_pre.key 
73825      DEBUG main            d.u.i.k.p.i.AbstractProblemLoader Environment load took 109.9ns 
73826      INFO  main            d.u.i.k.p.i.AbstractProblemLoader Creating init config 
76479      DEBUG main            d.u.i.k.p.i.AbstractProblemLoader Init config took 2.65s 
76520      INFO  main            d.u.i.k.p.i.AbstractProblemLoader Replaying proof Coll1[Coll1::add_pre(int)].JML model_behavior operation contract.0 
76521      DEBUG main            d.u.i.k.p.i.IntermediateProofReplayer Proof replay took 6ns 
76627      INFO  main            d.u.i.k.p.r.p.TestFile    ... finished proof: closed. 
76817      INFO  main            d.u.i.k.p.i.AbstractProblemLoader Loading environment from /home/runner/work/key/key/key.core/../key.ui/examples/heap/model_methods/Coll1_Coll1_add_pre.key.proof 
76817      DEBUG main            d.u.i.k.p.i.AbstractProblemLoader Environment load took 132.3ns 
76818      INFO  main            d.u.i.k.p.i.AbstractProblemLoader Creating init config 
79398      DEBUG main            d.u.i.k.p.i.AbstractProblemLoader Init config took 2.58s 
79447      INFO  main            d.u.i.k.p.i.AbstractProblemLoader Replaying proof Coll1[Coll1::add_pre(int)].JML model_behavior operation contract.0 
79449      DEBUG main            d.u.i.k.p.i.IntermediateProofReplayer Proof replay took 1.35ms 
79450      DEBUG main            d.u.i.k.p.r.p.TestFile    ... success: reloaded. 
79451      INFO  main            d.u.i.k.p.r.p.TestFile    Now processing file /home/runner/work/key/key/key.core/../key.ui/examples/heap/model_methods/Coll1_Coll_add_pre.key 
79453      INFO  main            d.u.i.k.p.i.AbstractProblemLoader Loading environment from /home/runner/work/key/key/key.core/../key.ui/examples/heap/model_methods/Coll1_Coll_add_pre.key 
79454      DEBUG main            d.u.i.k.p.i.AbstractProblemLoader Environment load took 1.17ms 
79455      INFO  main            d.u.i.k.p.i.AbstractProblemLoader Creating init config 
82114      DEBUG main            d.u.i.k.p.i.AbstractProblemLoader Init config took 2.66s 
82155      INFO  main            d.u.i.k.p.i.AbstractProblemLoader Replaying proof Coll1[Coll::add_pre(int)].JML model_behavior operation contract.0 
82156      DEBUG main            d.u.i.k.p.i.IntermediateProofReplayer Proof replay took 6.7ns 
82258      INFO  main            d.u.i.k.p.r.p.TestFile    ... finished proof: closed. 
82455      INFO  main            d.u.i.k.p.i.AbstractProblemLoader Loading environment from /home/runner/work/key/key/key.core/../key.ui/examples/heap/model_methods/Coll1_Coll_add_pre.key.proof 
82455      DEBUG main            d.u.i.k.p.i.AbstractProblemLoader Environment load took 123.3ns 
82456      INFO  main            d.u.i.k.p.i.AbstractProblemLoader Creating init config 
85005      DEBUG main            d.u.i.k.p.i.AbstractProblemLoader Init config took 2.55s 
85052      INFO  main            d.u.i.k.p.i.AbstractProblemLoader Replaying proof Coll1[Coll::add_pre(int)].JML model_behavior operation contract.0 
85056      DEBUG main            d.u.i.k.p.i.IntermediateProofReplayer Proof replay took 2.15ms 
85058      DEBUG main            d.u.i.k.p.r.p.TestFile    ... success: reloaded. 
85061      INFO  main            d.u.i.k.p.r.p.TestFile    Now processing file /home/runner/work/key/key/key.core/../key.ui/examples/heap/model_methods/Coll2_add.key 
85061      INFO  main            d.u.i.k.p.i.AbstractProblemLoader Loading environment from /home/runner/work/key/key/key.core/../key.ui/examples/heap/model_methods/Coll2_add.key 
85061      DEBUG main            d.u.i.k.p.i.AbstractProblemLoader Environment load took 68.3ns 
85064      INFO  main            d.u.i.k.p.i.AbstractProblemLoader Creating init config 
87702      DEBUG main            d.u.i.k.p.i.AbstractProblemLoader Init config took 2.64s 
87743      INFO  main            d.u.i.k.p.i.AbstractProblemLoader Replaying proof Coll2[Coll::add(int)].JML operation contract.0 
87745      DEBUG main            d.u.i.k.p.i.IntermediateProofReplayer Proof replay took 7.6ns 
87847      INFO  main            d.u.i.k.p.r.p.TestFile    ... finished proof: closed. 
88055      INFO  main            d.u.i.k.p.i.AbstractProblemLoader Loading environment from /home/runner/work/key/key/key.core/../key.ui/examples/heap/model_methods/Coll2_add.key.proof 
88055      DEBUG main            d.u.i.k.p.i.AbstractProblemLoader Environment load took 119.7ns 
88056      INFO  main            d.u.i.k.p.i.AbstractProblemLoader Creating init config 
90628      DEBUG main            d.u.i.k.p.i.AbstractProblemLoader Init config took 2.57s 
90668      INFO  main            d.u.i.k.p.i.AbstractProblemLoader Replaying proof Coll2[Coll::add(int)].JML operation contract.0 
90676      DEBUG main            d.u.i.k.p.i.IntermediateProofReplayer Proof replay took 6.28ms 
90677      DEBUG main            d.u.i.k.p.r.p.TestFile    ... success: reloaded. 
90678      INFO  main            d.u.i.k.p.r.p.TestFile    Now processing file /home/runner/work/key/key/key.core/../key.ui/examples/heap/model_methods/Coll2_Coll2_add_pre.key 
90679      INFO  main            d.u.i.k.p.i.AbstractProblemLoader Loading environment from /home/runner/work/key/key/key.core/../key.ui/examples/heap/model_methods/Coll2_Coll2_add_pre.key 
90679      DEBUG main            d.u.i.k.p.i.AbstractProblemLoader Environment load took 187ns 
90680      INFO  main            d.u.i.k.p.i.AbstractProblemLoader Creating init config 
93311      DEBUG main            d.u.i.k.p.i.AbstractProblemLoader Init config took 2.63s 
93350      INFO  main            d.u.i.k.p.i.AbstractProblemLoader Replaying proof Coll2[Coll2::add_pre(int)].JML model_behavior operation contract.0 
93352      DEBUG main            d.u.i.k.p.i.IntermediateProofReplayer Proof replay took 7.4ns 
93455      INFO  main            d.u.i.k.p.r.p.TestFile    ... finished proof: closed. 
93687      INFO  main            d.u.i.k.p.i.AbstractProblemLoader Loading environment from /home/runner/work/key/key/key.core/../key.ui/examples/heap/model_methods/Coll2_Coll2_add_pre.key.proof 
93687      DEBUG main            d.u.i.k.p.i.AbstractProblemLoader Environment load took 116.4ns 
93688      INFO  main            d.u.i.k.p.i.AbstractProblemLoader Creating init config 
96227      DEBUG main            d.u.i.k.p.i.AbstractProblemLoader Init config took 2.54s 
96265      INFO  main            d.u.i.k.p.i.AbstractProblemLoader Replaying proof Coll2[Coll2::add_pre(int)].JML model_behavior operation contract.0 
96268      DEBUG main            d.u.i.k.p.i.IntermediateProofReplayer Proof replay took 1.33ms 
96269      DEBUG main            d.u.i.k.p.r.p.TestFile    ... success: reloaded. 
96270      INFO  main            d.u.i.k.p.r.p.TestFile    Now processing file /home/runner/work/key/key/key.core/../key.ui/examples/heap/model_methods/Coll2_Coll_add_pre.key 
96270      INFO  main            d.u.i.k.p.i.AbstractProblemLoader Loading environment from /home/runner/work/key/key/key.core/../key.ui/examples/heap/model_methods/Coll2_Coll_add_pre.key 
96270      DEBUG main            d.u.i.k.p.i.AbstractProblemLoader Environment load took 101.9ns 
96271      INFO  main            d.u.i.k.p.i.AbstractProblemLoader Creating init config 
98870      DEBUG main            d.u.i.k.p.i.AbstractProblemLoader Init config took 2.6s 
98908      INFO  main            d.u.i.k.p.i.AbstractProblemLoader Replaying proof Coll2[Coll::add_pre(int)].JML model_behavior operation contract.0 
98910      DEBUG main            d.u.i.k.p.i.IntermediateProofReplayer Proof replay took 7ns 
99012      INFO  main            d.u.i.k.p.r.p.TestFile    ... finished proof: closed. 
99227      INFO  main            d.u.i.k.p.i.AbstractProblemLoader Loading environment from /home/runner/work/key/key/key.core/../key.ui/examples/heap/model_methods/Coll2_Coll_add_pre.key.proof 
99227      DEBUG main            d.u.i.k.p.i.AbstractProblemLoader Environment load took 125ns 
99228      INFO  main            d.u.i.k.p.i.AbstractProblemLoader Creating init config 
101804     DEBUG main            d.u.i.k.p.i.AbstractProblemLoader Init config took 2.58s 
101842     INFO  main            d.u.i.k.p.i.AbstractProblemLoader Replaying proof Coll2[Coll::add_pre(int)].JML model_behavior operation contract.0 
101846     DEBUG main            d.u.i.k.p.i.IntermediateProofReplayer Proof replay took 1.86ms 
101847     DEBUG main            d.u.i.k.p.r.p.TestFile    ... success: reloaded. 
101848     INFO  main            d.u.i.k.p.r.p.TestFile    Now processing file /home/runner/work/key/key/key.core/../key.ui/examples/heap/model_methods/Coll_add.key 
101848     INFO  main            d.u.i.k.p.i.AbstractProblemLoader Loading environment from /home/runner/work/key/key/key.core/../key.ui/examples/heap/model_methods/Coll_add.key 
101848     DEBUG main            d.u.i.k.p.i.AbstractProblemLoader Environment load took 77.7ns 
101849     INFO  main            d.u.i.k.p.i.AbstractProblemLoader Creating init config 
104468     DEBUG main            d.u.i.k.p.i.AbstractProblemLoader Init config took 2.62s 
104527     INFO  main            d.u.i.k.p.i.AbstractProblemLoader Replaying proof Coll[Coll::add(int)].JML operation contract.0 
104528     DEBUG main            d.u.i.k.p.i.IntermediateProofReplayer Proof replay took 7.6ns 
104630     INFO  main            d.u.i.k.p.r.p.TestFile    ... finished proof: closed. 
104849     INFO  main            d.u.i.k.p.i.AbstractProblemLoader Loading environment from /home/runner/work/key/key/key.core/../key.ui/examples/heap/model_methods/Coll_add.key.proof 
104849     DEBUG main            d.u.i.k.p.i.AbstractProblemLoader Environment load took 135.6ns 
104850     INFO  main            d.u.i.k.p.i.AbstractProblemLoader Creating init config 
107432     DEBUG main            d.u.i.k.p.i.AbstractProblemLoader Init config took 2.58s 
107486     INFO  main            d.u.i.k.p.i.AbstractProblemLoader Replaying proof Coll[Coll::add(int)].JML operation contract.0 
107490     DEBUG main            d.u.i.k.p.i.IntermediateProofReplayer Proof replay took 1.94ms 
107491     DEBUG main            d.u.i.k.p.r.p.TestFile    ... success: reloaded. 
107492     INFO  main            d.u.i.k.p.r.p.TestFile    Now processing file /home/runner/work/key/key/key.core/../key.ui/examples/heap/model_methods/Coll_add_pre.key 
107492     INFO  main            d.u.i.k.p.i.AbstractProblemLoader Loading environment from /home/runner/work/key/key/key.core/../key.ui/examples/heap/model_methods/Coll_add_pre.key 
107493     DEBUG main            d.u.i.k.p.i.AbstractProblemLoader Environment load took 181ns 
107494     INFO  main            d.u.i.k.p.i.AbstractProblemLoader Creating init config 
110086     DEBUG main            d.u.i.k.p.i.AbstractProblemLoader Init config took 2.59s 
110128     INFO  main            d.u.i.k.p.i.AbstractProblemLoader Replaying proof Coll[Coll::add_pre(int)].JML model_behavior operation contract.0 
110130     DEBUG main            d.u.i.k.p.i.IntermediateProofReplayer Proof replay took 6.6ns 
110232     INFO  main            d.u.i.k.p.r.p.TestFile    ... finished proof: closed. 
110463     INFO  main            d.u.i.k.p.i.AbstractProblemLoader Loading environment from /home/runner/work/key/key/key.core/../key.ui/examples/heap/model_methods/Coll_add_pre.key.proof 
110464     DEBUG main            d.u.i.k.p.i.AbstractProblemLoader Environment load took 189.2ns 
110464     INFO  main            d.u.i.k.p.i.AbstractProblemLoader Creating init config 
113027     DEBUG main            d.u.i.k.p.i.AbstractProblemLoader Init config took 2.56s 
113065     INFO  main            d.u.i.k.p.i.AbstractProblemLoader Replaying proof Coll[Coll::add_pre(int)].JML model_behavior operation contract.0 
113069     DEBUG main            d.u.i.k.p.i.IntermediateProofReplayer Proof replay took 2.26ms 
113069     DEBUG main            d.u.i.k.p.r.p.TestFile    ... success: reloaded. 
113070     INFO  main            d.u.i.k.p.r.p.TestFile    Now processing file /home/runner/work/key/key/key.core/../key.ui/examples/heap/model_methods/Indirect_callAdd.key 
113071     INFO  main            d.u.i.k.p.i.AbstractProblemLoader Loading environment from /home/runner/work/key/key/key.core/../key.ui/examples/heap/model_methods/Indirect_callAdd.key 
113071     DEBUG main            d.u.i.k.p.i.AbstractProblemLoader Environment load took 86.4ns 
113072     INFO  main            d.u.i.k.p.i.AbstractProblemLoader Creating init config 
115625     DEBUG main            d.u.i.k.p.i.AbstractProblemLoader Init config took 2.55s 
115664     INFO  main            d.u.i.k.p.i.AbstractProblemLoader Replaying proof Indirect[Indirect::callAdd(Coll,int)].JML operation contract.0 
115666     DEBUG main            d.u.i.k.p.i.IntermediateProofReplayer Proof replay took 6.5ns 
115768     INFO  main            d.u.i.k.p.r.p.TestFile    ... finished proof: closed. 
116015     INFO  main            d.u.i.k.p.i.AbstractProblemLoader Loading environment from /home/runner/work/key/key/key.core/../key.ui/examples/heap/model_methods/Indirect_callAdd.key.proof 
116015     DEBUG main            d.u.i.k.p.i.AbstractProblemLoader Environment load took 115.9ns 
116016     INFO  main            d.u.i.k.p.i.AbstractProblemLoader Creating init config 
118527     DEBUG main            d.u.i.k.p.i.AbstractProblemLoader Init config took 2.51s 
118566     INFO  main            d.u.i.k.p.i.AbstractProblemLoader Replaying proof Indirect[Indirect::callAdd(Coll,int)].JML operation contract.0 
118588     DEBUG main            d.u.i.k.p.i.IntermediateProofReplayer Proof replay took 20.3ms 
118589     DEBUG main            d.u.i.k.p.r.p.TestFile    ... success: reloaded. 
118590     INFO  main            d.u.i.k.p.r.p.TestFile    Now processing file /home/runner/work/key/key/key.core/../key.ui/examples/heap/model_methods/Indirect_test.key 
118590     INFO  main            d.u.i.k.p.i.AbstractProblemLoader Loading environment from /home/runner/work/key/key/key.core/../key.ui/examples/heap/model_methods/Indirect_test.key 
118590     DEBUG main            d.u.i.k.p.i.AbstractProblemLoader Environment load took 75.4ns 
118591     INFO  main            d.u.i.k.p.i.AbstractProblemLoader Creating init config 
121223     DEBUG main            d.u.i.k.p.i.AbstractProblemLoader Init config took 2.63s 
121285     INFO  main            d.u.i.k.p.i.AbstractProblemLoader Replaying proof Indirect[Indirect::test(Coll1,Coll2)].JML operation contract.0 
121286     DEBUG main            d.u.i.k.p.i.IntermediateProofReplayer Proof replay took 7ns 
121492     INFO  main            d.u.i.k.p.r.p.TestFile    ... finished proof: closed. 
121779     INFO  main            d.u.i.k.p.i.AbstractProblemLoader Loading environment from /home/runner/work/key/key/key.core/../key.ui/examples/heap/model_methods/Indirect_test.key.proof 
121779     DEBUG main            d.u.i.k.p.i.AbstractProblemLoader Environment load took 110ns 
121780     INFO  main            d.u.i.k.p.i.AbstractProblemLoader Creating init config 
124313     DEBUG main            d.u.i.k.p.i.AbstractProblemLoader Init config took 2.53s 
124352     INFO  main            d.u.i.k.p.i.AbstractProblemLoader Replaying proof Indirect[Indirect::test(Coll1,Coll2)].JML operation contract.0 
124403     DEBUG main            d.u.i.k.p.i.IntermediateProofReplayer Proof replay took 47.89ms 
124404     DEBUG main            d.u.i.k.p.r.p.TestFile    ... success: reloaded. 
124405     INFO  main            d.u.i.k.p.r.p.TestFile    Now processing file /home/runner/work/key/key/key.core/../key.ui/examples/heap/model_methods/Recell_Cell_footprint.key 
124405     INFO  main            d.u.i.k.p.i.AbstractProblemLoader Loading environment from /home/runner/work/key/key/key.core/../key.ui/examples/heap/model_methods/Recell_Cell_footprint.key 
124405     DEBUG main            d.u.i.k.p.i.AbstractProblemLoader Environment load took 94.9ns 
124406     INFO  main            d.u.i.k.p.i.AbstractProblemLoader Creating init config 
127033     DEBUG main            d.u.i.k.p.i.AbstractProblemLoader Init config took 2.63s 
127074     INFO  main            d.u.i.k.p.i.AbstractProblemLoader Replaying proof Recell[Cell::footprint()].JML model_behavior operation contract.0 
127076     DEBUG main            d.u.i.k.p.i.IntermediateProofReplayer Proof replay took 39.3ns 
127178     INFO  main            d.u.i.k.p.r.p.TestFile    ... finished proof: closed. 
127425     INFO  main            d.u.i.k.p.i.AbstractProblemLoader Loading environment from /home/runner/work/key/key/key.core/../key.ui/examples/heap/model_methods/Recell_Cell_footprint.key.proof 
127425     DEBUG main            d.u.i.k.p.i.AbstractProblemLoader Environment load took 114.5ns 
127426     INFO  main            d.u.i.k.p.i.AbstractProblemLoader Creating init config 
129945     DEBUG main            d.u.i.k.p.i.AbstractProblemLoader Init config took 2.52s 
129983     INFO  main            d.u.i.k.p.i.AbstractProblemLoader Replaying proof Recell[Cell::footprint()].JML model_behavior operation contract.0 
129987     DEBUG main            d.u.i.k.p.i.IntermediateProofReplayer Proof replay took 2.5ms 
129987     DEBUG main            d.u.i.k.p.r.p.TestFile    ... success: reloaded. 
129988     INFO  main            d.u.i.k.p.r.p.TestFile    Now processing file /home/runner/work/key/key/key.core/../key.ui/examples/heap/model_methods/Recell_Cell_post_set.key 
129989     INFO  main            d.u.i.k.p.i.AbstractProblemLoader Loading environment from /home/runner/work/key/key/key.core/../key.ui/examples/heap/model_methods/Recell_Cell_post_set.key 
129989     DEBUG main            d.u.i.k.p.i.AbstractProblemLoader Environment load took 96ns 
129990     INFO  main            d.u.i.k.p.i.AbstractProblemLoader Creating init config 
132596     DEBUG main            d.u.i.k.p.i.AbstractProblemLoader Init config took 2.61s 
132634     INFO  main            d.u.i.k.p.i.AbstractProblemLoader Replaying proof Recell[Cell::post_set(int)].JML model_behavior operation contract.0 
132635     DEBUG main            d.u.i.k.p.i.IntermediateProofReplayer Proof replay took 6.8ns 
132737     INFO  main            d.u.i.k.p.r.p.TestFile    ... finished proof: closed. 
132987     INFO  main            d.u.i.k.p.i.AbstractProblemLoader Loading environment from /home/runner/work/key/key/key.core/../key.ui/examples/heap/model_methods/Recell_Cell_post_set.key.proof 
132987     DEBUG main            d.u.i.k.p.i.AbstractProblemLoader Environment load took 115.9ns 
132988     INFO  main            d.u.i.k.p.i.AbstractProblemLoader Creating init config 
135506     DEBUG main            d.u.i.k.p.i.AbstractProblemLoader Init config took 2.52s 
135544     INFO  main            d.u.i.k.p.i.AbstractProblemLoader Replaying proof Recell[Cell::post_set(int)].JML model_behavior operation contract.0 
135548     DEBUG main            d.u.i.k.p.i.IntermediateProofReplayer Proof replay took 3.36ms 
135549     DEBUG main            d.u.i.k.p.r.p.TestFile    ... success: reloaded. 
135550     INFO  main            d.u.i.k.p.r.p.TestFile    Now processing file /home/runner/work/key/key/key.core/../key.ui/examples/heap/model_methods/Recell_footprint_acc.key 
135550     INFO  main            d.u.i.k.p.i.AbstractProblemLoader Loading environment from /home/runner/work/key/key/key.core/../key.ui/examples/heap/model_methods/Recell_footprint_acc.key 
135551     DEBUG main            d.u.i.k.p.i.AbstractProblemLoader Environment load took 102.1ns 
135551     INFO  main            d.u.i.k.p.i.AbstractProblemLoader Creating init config 
138132     DEBUG main            d.u.i.k.p.i.AbstractProblemLoader Init config took 2.58s 
138169     INFO  main            d.u.i.k.p.i.AbstractProblemLoader Replaying proof Recell[Cell::footprint()].JML accessible clause.0 
138171     DEBUG main            d.u.i.k.p.i.IntermediateProofReplayer Proof replay took 7.6ns 
138277     INFO  main            d.u.i.k.p.r.p.TestFile    ... finished proof: closed. 
138534     INFO  main            d.u.i.k.p.i.AbstractProblemLoader Loading environment from /home/runner/work/key/key/key.core/../key.ui/examples/heap/model_methods/Recell_footprint_acc.key.proof 
138534     DEBUG main            d.u.i.k.p.i.AbstractProblemLoader Environment load took 145.1ns 
138535     INFO  main            d.u.i.k.p.i.AbstractProblemLoader Creating init config 
141054     DEBUG main            d.u.i.k.p.i.AbstractProblemLoader Init config took 2.52s 
141091     INFO  main            d.u.i.k.p.i.AbstractProblemLoader Replaying proof Recell[Cell::footprint()].JML accessible clause.0 
141110     DEBUG main            d.u.i.k.p.i.IntermediateProofReplayer Proof replay took 16.93ms 
141116     DEBUG main            d.u.i.k.p.r.p.TestFile    ... success: reloaded. 
141117     INFO  main            d.u.i.k.p.r.p.TestFile    Now processing file /home/runner/work/key/key/key.core/../key.ui/examples/heap/model_methods/Recell_get_acc.key 
141117     INFO  main            d.u.i.k.p.i.AbstractProblemLoader Loading environment from /home/runner/work/key/key/key.core/../key.ui/examples/heap/model_methods/Recell_get_acc.key 
141118     DEBUG main            d.u.i.k.p.i.AbstractProblemLoader Environment load took 789.31ns 
141119     INFO  main            d.u.i.k.p.i.AbstractProblemLoader Creating init config 
143723     DEBUG main            d.u.i.k.p.i.AbstractProblemLoader Init config took 2.6s 
143760     INFO  main            d.u.i.k.p.i.AbstractProblemLoader Replaying proof Recell[Cell::get()].JML accessible clause.0 
143762     DEBUG main            d.u.i.k.p.i.IntermediateProofReplayer Proof replay took 8ns 
143864     INFO  main            d.u.i.k.p.r.p.TestFile    ... finished proof: closed. 
144187     INFO  main            d.u.i.k.p.i.AbstractProblemLoader Loading environment from /home/runner/work/key/key/key.core/../key.ui/examples/heap/model_methods/Recell_get_acc.key.proof 
144187     DEBUG main            d.u.i.k.p.i.AbstractProblemLoader Environment load took 110.7ns 
144189     INFO  main            d.u.i.k.p.i.AbstractProblemLoader Creating init config 
146697     DEBUG main            d.u.i.k.p.i.AbstractProblemLoader Init config took 2.51s 
146735     INFO  main            d.u.i.k.p.i.AbstractProblemLoader Replaying proof Recell[Cell::get()].JML accessible clause.0 
146752     DEBUG main            d.u.i.k.p.i.IntermediateProofReplayer Proof replay took 14.66ms 
146753     DEBUG main            d.u.i.k.p.r.p.TestFile    ... success: reloaded. 
146754     INFO  main            d.u.i.k.p.r.p.TestFile    Now processing file /home/runner/work/key/key/key.core/../key.ui/examples/heap/model_methods/Recell_get.key 
146754     INFO  main            d.u.i.k.p.i.AbstractProblemLoader Loading environment from /home/runner/work/key/key/key.core/../key.ui/examples/heap/model_methods/Recell_get.key 
146754     DEBUG main            d.u.i.k.p.i.AbstractProblemLoader Environment load took 89.1ns 
146755     INFO  main            d.u.i.k.p.i.AbstractProblemLoader Creating init config 
149336     DEBUG main            d.u.i.k.p.i.AbstractProblemLoader Init config took 2.58s 
149375     INFO  main            d.u.i.k.p.i.AbstractProblemLoader Replaying proof Recell[Cell::get()].JML operation contract.0 
149377     DEBUG main            d.u.i.k.p.i.IntermediateProofReplayer Proof replay took 7ns 
149479     INFO  main            d.u.i.k.p.r.p.TestFile    ... finished proof: closed. 
149761     INFO  main            d.u.i.k.p.i.AbstractProblemLoader Loading environment from /home/runner/work/key/key/key.core/../key.ui/examples/heap/model_methods/Recell_get.key.proof 
149761     DEBUG main            d.u.i.k.p.i.AbstractProblemLoader Environment load took 109.8ns 
149762     INFO  main            d.u.i.k.p.i.AbstractProblemLoader Creating init config 
152268     DEBUG main            d.u.i.k.p.i.AbstractProblemLoader Init config took 2.51s 
152312     INFO  main            d.u.i.k.p.i.AbstractProblemLoader Replaying proof Recell[Cell::get()].JML operation contract.0 
152324     DEBUG main            d.u.i.k.p.i.IntermediateProofReplayer Proof replay took 9.21ms 
152325     DEBUG main            d.u.i.k.p.r.p.TestFile    ... success: reloaded. 
152326     INFO  main            d.u.i.k.p.r.p.TestFile    Now processing file /home/runner/work/key/key/key.core/../key.ui/examples/heap/model_methods/Recell_Recell_footprint.key 
152326     INFO  main            d.u.i.k.p.i.AbstractProblemLoader Loading environment from /home/runner/work/key/key/key.core/../key.ui/examples/heap/model_methods/Recell_Recell_footprint.key 
152326     DEBUG main            d.u.i.k.p.i.AbstractProblemLoader Environment load took 95ns 
152327     INFO  main            d.u.i.k.p.i.AbstractProblemLoader Creating init config 
154948     DEBUG main            d.u.i.k.p.i.AbstractProblemLoader Init config took 2.62s 
154986     INFO  main            d.u.i.k.p.i.AbstractProblemLoader Replaying proof Recell[Recell::footprint()].JML model_behavior operation contract.0 
154988     DEBUG main            d.u.i.k.p.i.IntermediateProofReplayer Proof replay took 7.3ns 
155091     INFO  main            d.u.i.k.p.r.p.TestFile    ... finished proof: closed. 
155393     INFO  main            d.u.i.k.p.i.AbstractProblemLoader Loading environment from /home/runner/work/key/key/key.core/../key.ui/examples/heap/model_methods/Recell_Recell_footprint.key.proof 
155394     DEBUG main            d.u.i.k.p.i.AbstractProblemLoader Environment load took 108.8ns 
155394     INFO  main            d.u.i.k.p.i.AbstractProblemLoader Creating init config 
157906     DEBUG main            d.u.i.k.p.i.AbstractProblemLoader Init config took 2.51s 
157943     INFO  main            d.u.i.k.p.i.AbstractProblemLoader Replaying proof Recell[Recell::footprint()].JML model_behavior operation contract.0 
157946     DEBUG main            d.u.i.k.p.i.IntermediateProofReplayer Proof replay took 1.33ms 
157947     DEBUG main            d.u.i.k.p.r.p.TestFile    ... success: reloaded. 
157948     INFO  main            d.u.i.k.p.r.p.TestFile    Now processing file /home/runner/work/key/key/key.core/../key.ui/examples/heap/model_methods/Recell_Recell_post_set.key 
157948     INFO  main            d.u.i.k.p.i.AbstractProblemLoader Loading environment from /home/runner/work/key/key/key.core/../key.ui/examples/heap/model_methods/Recell_Recell_post_set.key 
157948     DEBUG main            d.u.i.k.p.i.AbstractProblemLoader Environment load took 240ns 
157949     INFO  main            d.u.i.k.p.i.AbstractProblemLoader Creating init config 
160534     DEBUG main            d.u.i.k.p.i.AbstractProblemLoader Init config took 2.59s 
160571     INFO  main            d.u.i.k.p.i.AbstractProblemLoader Replaying proof Recell[Recell::post_set(int)].JML model_behavior operation contract.0 
160573     DEBUG main            d.u.i.k.p.i.IntermediateProofReplayer Proof replay took 8.5ns 
160675     INFO  main            d.u.i.k.p.r.p.TestFile    ... finished proof: closed. 
160954     INFO  main            d.u.i.k.p.i.AbstractProblemLoader Loading environment from /home/runner/work/key/key/key.core/../key.ui/examples/heap/model_methods/Recell_Recell_post_set.key.proof 
160954     DEBUG main            d.u.i.k.p.i.AbstractProblemLoader Environment load took 115.6ns 
160955     INFO  main            d.u.i.k.p.i.AbstractProblemLoader Creating init config 
163479     DEBUG main            d.u.i.k.p.i.AbstractProblemLoader Init config took 2.52s 
163516     INFO  main            d.u.i.k.p.i.AbstractProblemLoader Replaying proof Recell[Recell::post_set(int)].JML model_behavior operation contract.0 
163519     DEBUG main            d.u.i.k.p.i.IntermediateProofReplayer Proof replay took 2.07ms 
163520     DEBUG main            d.u.i.k.p.r.p.TestFile    ... success: reloaded. 
163521     INFO  main            d.u.i.k.p.r.p.TestFile    Now processing file /home/runner/work/key/key/key.core/../key.ui/examples/heap/model_methods/Recell_set.key 
163521     INFO  main            d.u.i.k.p.i.AbstractProblemLoader Loading environment from /home/runner/work/key/key/key.core/../key.ui/examples/heap/model_methods/Recell_set.key 
163522     DEBUG main            d.u.i.k.p.i.AbstractProblemLoader Environment load took 116ns 
163522     INFO  main            d.u.i.k.p.i.AbstractProblemLoader Creating init config 
166087     DEBUG main            d.u.i.k.p.i.AbstractProblemLoader Init config took 2.56s 
166125     INFO  main            d.u.i.k.p.i.AbstractProblemLoader Replaying proof Recell[Cell::set(int)].JML operation contract.0 
166126     DEBUG main            d.u.i.k.p.i.IntermediateProofReplayer Proof replay took 8.2ns 
172501     INFO  main            d.u.i.k.p.r.p.TestFile    ... finished proof: closed. 
172821     INFO  main            d.u.i.k.p.i.AbstractProblemLoader Loading environment from /home/runner/work/key/key/key.core/../key.ui/examples/heap/model_methods/Recell_set.key.proof 
172821     DEBUG main            d.u.i.k.p.i.AbstractProblemLoader Environment load took 360.1ns 
172823     INFO  main            d.u.i.k.p.i.AbstractProblemLoader Creating init config 
175343     DEBUG main            d.u.i.k.p.i.AbstractProblemLoader Init config took 2.52s 
175381     INFO  main            d.u.i.k.p.i.AbstractProblemLoader Replaying proof Recell[Cell::set(int)].JML operation contract.0 
175782     DEBUG main            d.u.i.k.p.i.IntermediateProofReplayer Proof replay took 384.8ms 
175784     DEBUG main            d.u.i.k.p.r.p.TestFile    ... success: reloaded. 
175785     INFO  main            d.u.i.k.p.r.p.TestFile    Now processing file /home/runner/work/key/key/key.core/../key.ui/examples/heap/model_methods/Recell_undo.key 
175785     INFO  main            d.u.i.k.p.i.AbstractProblemLoader Loading environment from /home/runner/work/key/key/key.core/../key.ui/examples/heap/model_methods/Recell_undo.key 
175785     DEBUG main            d.u.i.k.p.i.AbstractProblemLoader Environment load took 165.8ns 
175786     INFO  main            d.u.i.k.p.i.AbstractProblemLoader Creating init config 
178340     DEBUG main            d.u.i.k.p.i.AbstractProblemLoader Init config took 2.55s 
178377     INFO  main            d.u.i.k.p.i.AbstractProblemLoader Replaying proof Recell[Recell::undo()].JML operation contract.0 
178379     DEBUG main            d.u.i.k.p.i.IntermediateProofReplayer Proof replay took 9ns 
178481     INFO  main            d.u.i.k.p.r.p.TestFile    ... finished proof: closed. 
178779     INFO  main            d.u.i.k.p.i.AbstractProblemLoader Loading environment from /home/runner/work/key/key/key.core/../key.ui/examples/heap/model_methods/Recell_undo.key.proof 
178779     DEBUG main            d.u.i.k.p.i.AbstractProblemLoader Environment load took 106.2ns 
178780     INFO  main            d.u.i.k.p.i.AbstractProblemLoader Creating init config 
181278     DEBUG main            d.u.i.k.p.i.AbstractProblemLoader Init config took 2.5s 
181321     INFO  main            d.u.i.k.p.i.AbstractProblemLoader Replaying proof Recell[Recell::undo()].JML operation contract.0 
181350     DEBUG main            d.u.i.k.p.i.IntermediateProofReplayer Proof replay took 26.4ms 
181351     DEBUG main            d.u.i.k.p.r.p.TestFile    ... success: reloaded. 
4174612    INFO  Test worker     d.u.i.k.p.r.RunAllProofsTestUnit Returning from test modelMethods 
4174613    INFO  Test worker     d.u.i.k.p.r.RunAllProofsTestUnit Running test permissionHeap 
397        INFO  Timeout watchdog d.u.i.k.p.r.p.ForkedTestFileRunner Timeout watcher launched (2000 secs.) 
406        WARN  main            d.u.i.k.s.ProofSettings   The settings in /home/runner/.key/proof-settings.props are *not* read. 
453        INFO  main            d.u.i.k.p.r.p.TestFile    Now processing file /home/runner/work/key/key/key.core/../key.ui/examples/heap/permissions/permissions_method0.key 
572        INFO  main            d.u.i.k.p.i.AbstractProblemLoader Loading environment from /home/runner/work/key/key/key.core/../key.ui/examples/heap/permissions/permissions_method0.key 
598        DEBUG main            d.u.i.k.p.i.AbstractProblemLoader Environment load took 1.95ms 
838        INFO  main            d.u.i.k.p.i.AbstractProblemLoader Creating init config 
1742       DEBUG main            d.u.i.k.j.TypeConverter   No LDT found for Meta 
1742       DEBUG main            d.u.i.k.j.TypeConverter   No LDT found for Meta 
1745       DEBUG main            d.u.i.k.j.TypeConverter   No LDT found for Meta 
1745       DEBUG main            d.u.i.k.j.TypeConverter   No LDT found for Meta 
3303       DEBUG main            d.u.i.k.j.TypeConverter   No LDT found for JavaBigintExpression 
8389       DEBUG main            d.u.i.k.p.i.AbstractProblemLoader Init config took 7.55s 
8560       INFO  main            d.u.i.k.p.i.AbstractProblemLoader Replaying proof MyClass[MyClass::method0()].JML normal_behavior operation contract.0 
8598       DEBUG main            d.u.i.k.p.i.IntermediateProofReplayer Proof replay took 33.8ns 
9421       INFO  main            d.u.i.k.p.r.p.TestFile    ... finished proof: closed. 
9540       INFO  main            d.u.i.k.p.i.AbstractProblemLoader Loading environment from /home/runner/work/key/key/key.core/../key.ui/examples/heap/permissions/permissions_method0.key.proof 
9545       DEBUG main            d.u.i.k.p.i.AbstractProblemLoader Environment load took 5.48ms 
9548       INFO  main            d.u.i.k.p.i.AbstractProblemLoader Creating init config 
12651      DEBUG main            d.u.i.k.p.i.AbstractProblemLoader Init config took 3.1s 
12719      INFO  main            d.u.i.k.p.i.AbstractProblemLoader Replaying proof MyClass[MyClass::method0()].JML normal_behavior operation contract.0 
12812      DEBUG main            d.u.i.k.p.i.IntermediateProofReplayer Proof replay took 87.6ms 
12819      DEBUG main            d.u.i.k.p.r.p.TestFile    ... success: reloaded. 
12821      INFO  main            d.u.i.k.p.r.p.TestFile    Now processing file /home/runner/work/key/key/key.core/../key.ui/examples/heap/permissions/permissions_method1.key 
12821      INFO  main            d.u.i.k.p.i.AbstractProblemLoader Loading environment from /home/runner/work/key/key/key.core/../key.ui/examples/heap/permissions/permissions_method1.key 
12821      DEBUG main            d.u.i.k.p.i.AbstractProblemLoader Environment load took 196.4ns 
12823      INFO  main            d.u.i.k.p.i.AbstractProblemLoader Creating init config 
15683      DEBUG main            d.u.i.k.p.i.AbstractProblemLoader Init config took 2.86s 
15742      INFO  main            d.u.i.k.p.i.AbstractProblemLoader Replaying proof MyClass[MyClass::method1()].JML normal_behavior operation contract.0 
15745      DEBUG main            d.u.i.k.p.i.IntermediateProofReplayer Proof replay took 5.9ns 
16048      INFO  main            d.u.i.k.p.r.p.TestFile    ... finished proof: closed. 
16194      INFO  main            d.u.i.k.p.i.AbstractProblemLoader Loading environment from /home/runner/work/key/key/key.core/../key.ui/examples/heap/permissions/permissions_method1.key.proof 
16195      DEBUG main            d.u.i.k.p.i.AbstractProblemLoader Environment load took 376.1ns 
16196      INFO  main            d.u.i.k.p.i.AbstractProblemLoader Creating init config 
18958      DEBUG main            d.u.i.k.p.i.AbstractProblemLoader Init config took 2.76s 
19010      INFO  main            d.u.i.k.p.i.AbstractProblemLoader Replaying proof MyClass[MyClass::method1()].JML normal_behavior operation contract.0 
19068      DEBUG main            d.u.i.k.p.i.IntermediateProofReplayer Proof replay took 55.17ms 
19070      DEBUG main            d.u.i.k.p.r.p.TestFile    ... success: reloaded. 
19071      INFO  main            d.u.i.k.p.r.p.TestFile    Now processing file /home/runner/work/key/key/key.core/../key.ui/examples/heap/permissions/permissions_method3.key 
19071      INFO  main            d.u.i.k.p.i.AbstractProblemLoader Loading environment from /home/runner/work/key/key/key.core/../key.ui/examples/heap/permissions/permissions_method3.key 
19072      DEBUG main            d.u.i.k.p.i.AbstractProblemLoader Environment load took 192ns 
19073      INFO  main            d.u.i.k.p.i.AbstractProblemLoader Creating init config 
21821      DEBUG main            d.u.i.k.p.i.AbstractProblemLoader Init config took 2.75s 
21883      INFO  main            d.u.i.k.p.i.AbstractProblemLoader Replaying proof MyClass[MyClass::method3()].JML normal_behavior operation contract.0 
21888      DEBUG main            d.u.i.k.p.i.IntermediateProofReplayer Proof replay took 7.1ns 
23396      INFO  main            d.u.i.k.p.r.p.TestFile    ... finished proof: closed. 
23608      INFO  main            d.u.i.k.p.i.AbstractProblemLoader Loading environment from /home/runner/work/key/key/key.core/../key.ui/examples/heap/permissions/permissions_method3.key.proof 
23610      DEBUG main            d.u.i.k.p.i.AbstractProblemLoader Environment load took 1.66ms 
23611      INFO  main            d.u.i.k.p.i.AbstractProblemLoader Creating init config 
26306      DEBUG main            d.u.i.k.p.i.AbstractProblemLoader Init config took 2.69s 
26351      INFO  main            d.u.i.k.p.i.AbstractProblemLoader Replaying proof MyClass[MyClass::method3()].JML normal_behavior operation contract.0 
26528      DEBUG main            d.u.i.k.p.i.IntermediateProofReplayer Proof replay took 168.62ms 
26529      DEBUG main            d.u.i.k.p.r.p.TestFile    ... success: reloaded. 
26530      INFO  main            d.u.i.k.p.r.p.TestFile    Now processing file /home/runner/work/key/key/key.core/../key.ui/examples/heap/permissions/permissions_setAB.key 
26531      INFO  main            d.u.i.k.p.i.AbstractProblemLoader Loading environment from /home/runner/work/key/key/key.core/../key.ui/examples/heap/permissions/permissions_setAB.key 
26531      DEBUG main            d.u.i.k.p.i.AbstractProblemLoader Environment load took 180.8ns 
26532      INFO  main            d.u.i.k.p.i.AbstractProblemLoader Creating init config 
29306      DEBUG main            d.u.i.k.p.i.AbstractProblemLoader Init config took 2.77s 
29357      INFO  main            d.u.i.k.p.i.AbstractProblemLoader Replaying proof MyClass[MyClass::setAB()].JML normal_behavior operation contract.0 
29361      DEBUG main            d.u.i.k.p.i.IntermediateProofReplayer Proof replay took 7.6ns 
30867      INFO  main            d.u.i.k.p.r.p.TestFile    ... finished proof: closed. 
31055      INFO  main            d.u.i.k.p.i.AbstractProblemLoader Loading environment from /home/runner/work/key/key/key.core/../key.ui/examples/heap/permissions/permissions_setAB.key.proof 
31056      DEBUG main            d.u.i.k.p.i.AbstractProblemLoader Environment load took 1.21ms 
31058      INFO  main            d.u.i.k.p.i.AbstractProblemLoader Creating init config 
33761      DEBUG main            d.u.i.k.p.i.AbstractProblemLoader Init config took 2.7s 
33805      INFO  main            d.u.i.k.p.i.AbstractProblemLoader Replaying proof MyClass[MyClass::setAB()].JML normal_behavior operation contract.0 
33951      DEBUG main            d.u.i.k.p.i.IntermediateProofReplayer Proof replay took 140.19ms 
33952      DEBUG main            d.u.i.k.p.r.p.TestFile    ... success: reloaded. 
33954      INFO  main            d.u.i.k.p.r.p.TestFile    Now processing file /home/runner/work/key/key/key.core/../key.ui/examples/heap/permissions/permissionProperties.key 
33954      INFO  main            d.u.i.k.p.i.AbstractProblemLoader Loading environment from /home/runner/work/key/key/key.core/../key.ui/examples/heap/permissions/permissionProperties.key 
33954      DEBUG main            d.u.i.k.p.i.AbstractProblemLoader Environment load took 183.4ns 
33956      INFO  main            d.u.i.k.p.i.AbstractProblemLoader Creating init config 
34094      DEBUG main            d.u.i.k.j.TypeConverter   No LDT found for Meta 
34095      DEBUG main            d.u.i.k.j.TypeConverter   No LDT found for Meta 
34096      DEBUG main            d.u.i.k.j.TypeConverter   No LDT found for Meta 
34096      DEBUG main            d.u.i.k.j.TypeConverter   No LDT found for Meta 
34777      DEBUG main            d.u.i.k.j.TypeConverter   No LDT found for JavaBigintExpression 
37562      DEBUG main            d.u.i.k.p.i.AbstractProblemLoader Init config took 3.61s 
37583      INFO  main            d.u.i.k.p.i.AbstractProblemLoader Replaying proof permissionProperties.key 
37585      DEBUG main            d.u.i.k.p.i.IntermediateProofReplayer Proof replay took 7.8ns 
37688      INFO  main            d.u.i.k.p.r.p.TestFile    ... finished proof: closed. 
37857      INFO  main            d.u.i.k.p.i.AbstractProblemLoader Loading environment from /home/runner/work/key/key/key.core/../key.ui/examples/heap/permissions/permissionProperties.key.proof 
37862      DEBUG main            d.u.i.k.p.i.AbstractProblemLoader Environment load took 4.85ms 
37864      INFO  main            d.u.i.k.p.i.AbstractProblemLoader Creating init config 
40357      DEBUG main            d.u.i.k.p.i.AbstractProblemLoader Init config took 2.49s 
40378      INFO  main            d.u.i.k.p.i.AbstractProblemLoader Replaying proof permissionProperties.key.proof 
40393      DEBUG main            d.u.i.k.p.i.IntermediateProofReplayer Proof replay took 13.08ms 
40395      DEBUG main            d.u.i.k.p.r.p.TestFile    ... success: reloaded. 
40396      INFO  main            d.u.i.k.p.r.p.TestFile    Now processing file /home/runner/work/key/key/key.core/../key.ui/examples/heap/permissions/threads/AFilter_AFilter.key 
40397      INFO  main            d.u.i.k.p.i.AbstractProblemLoader Loading environment from /home/runner/work/key/key/key.core/../key.ui/examples/heap/permissions/threads/AFilter_AFilter.key 
40397      DEBUG main            d.u.i.k.p.i.AbstractProblemLoader Environment load took 221.7ns 
40398      INFO  main            d.u.i.k.p.i.AbstractProblemLoader Creating init config 
40522      DEBUG main            d.u.i.k.j.TypeConverter   No LDT found for Meta 
40523      DEBUG main            d.u.i.k.j.TypeConverter   No LDT found for Meta 
40524      DEBUG main            d.u.i.k.j.TypeConverter   No LDT found for Meta 
40524      DEBUG main            d.u.i.k.j.TypeConverter   No LDT found for Meta 
41110      DEBUG main            d.u.i.k.j.TypeConverter   No LDT found for JavaBigintExpression 
46462      DEBUG main            d.u.i.k.p.i.AbstractProblemLoader Init config took 6.06s 
46563      INFO  main            d.u.i.k.p.i.AbstractProblemLoader Replaying proof AFilter[AFilter::AFilter(Sampler,Buffer)].JML normal_behavior operation contract.0 
46566      DEBUG main            d.u.i.k.p.i.IntermediateProofReplayer Proof replay took 7.9ns 
47575      INFO  main            d.u.i.k.p.r.p.TestFile    ... finished proof: closed. 
47889      INFO  main            d.u.i.k.p.i.AbstractProblemLoader Loading environment from /home/runner/work/key/key/key.core/../key.ui/examples/heap/permissions/threads/AFilter_AFilter.key.proof 
47891      DEBUG main            d.u.i.k.p.i.AbstractProblemLoader Environment load took 1.96ms 
47892      INFO  main            d.u.i.k.p.i.AbstractProblemLoader Creating init config 
52621      DEBUG main            d.u.i.k.p.i.AbstractProblemLoader Init config took 4.73s 
52713      INFO  main            d.u.i.k.p.i.AbstractProblemLoader Replaying proof AFilter[AFilter::AFilter(Sampler,Buffer)].JML normal_behavior operation contract.0 
52838      DEBUG main            d.u.i.k.p.i.IntermediateProofReplayer Proof replay took 119.1ms 
52839      DEBUG main            d.u.i.k.p.r.p.TestFile    ... success: reloaded. 
52840      INFO  main            d.u.i.k.p.r.p.TestFile    Now processing file /home/runner/work/key/key/key.core/../key.ui/examples/heap/permissions/threads/AFilter_initPost_accessible.key 
52841      INFO  main            d.u.i.k.p.i.AbstractProblemLoader Loading environment from /home/runner/work/key/key/key.core/../key.ui/examples/heap/permissions/threads/AFilter_initPost_accessible.key 
52841      DEBUG main            d.u.i.k.p.i.AbstractProblemLoader Environment load took 186.4ns 
52842      INFO  main            d.u.i.k.p.i.AbstractProblemLoader Creating init config 
57552      DEBUG main            d.u.i.k.p.i.AbstractProblemLoader Init config took 4.71s 
57656      INFO  main            d.u.i.k.p.i.AbstractProblemLoader Replaying proof AFilter[ThreadSpec2::initPost()].JML accessible clause.0 
57658      DEBUG main            d.u.i.k.p.i.IntermediateProofReplayer Proof replay took 8.5ns 
57760      INFO  main            d.u.i.k.p.r.p.TestFile    ... finished proof: closed. 
58063      INFO  main            d.u.i.k.p.i.AbstractProblemLoader Loading environment from /home/runner/work/key/key/key.core/../key.ui/examples/heap/permissions/threads/AFilter_initPost_accessible.key.proof 
58063      DEBUG main            d.u.i.k.p.i.AbstractProblemLoader Environment load took 137.7ns 
58064      INFO  main            d.u.i.k.p.i.AbstractProblemLoader Creating init config 
62749      DEBUG main            d.u.i.k.p.i.AbstractProblemLoader Init config took 4.69s 
62840      INFO  main            d.u.i.k.p.i.AbstractProblemLoader Replaying proof AFilter[ThreadSpec2::initPost()].JML accessible clause.0 
62852      DEBUG main            d.u.i.k.p.i.IntermediateProofReplayer Proof replay took 10.12ms 
62853      DEBUG main            d.u.i.k.p.r.p.TestFile    ... success: reloaded. 
62854      INFO  main            d.u.i.k.p.r.p.TestFile    Now processing file /home/runner/work/key/key/key.core/../key.ui/examples/heap/permissions/threads/AFilter_inv_accessible1.key 
62854      INFO  main            d.u.i.k.p.i.AbstractProblemLoader Loading environment from /home/runner/work/key/key/key.core/../key.ui/examples/heap/permissions/threads/AFilter_inv_accessible1.key 
62855      DEBUG main            d.u.i.k.p.i.AbstractProblemLoader Environment load took 103.7ns 
62855      INFO  main            d.u.i.k.p.i.AbstractProblemLoader Creating init config 
67537      DEBUG main            d.u.i.k.p.i.AbstractProblemLoader Init config took 4.68s 
67625      INFO  main            d.u.i.k.p.i.AbstractProblemLoader Replaying proof AFilter[java.lang.Object::<inv>()].JML accessible clause.0 
67627      DEBUG main            d.u.i.k.p.i.IntermediateProofReplayer Proof replay took 8.4ns 
67728      INFO  main            d.u.i.k.p.r.p.TestFile    ... finished proof: closed. 
67946      INFO  main            d.u.i.k.p.i.AbstractProblemLoader Loading environment from /home/runner/work/key/key/key.core/../key.ui/examples/heap/permissions/threads/AFilter_inv_accessible1.key.proof 
67948      DEBUG main            d.u.i.k.p.i.AbstractProblemLoader Environment load took 1.69ms 
67949      INFO  main            d.u.i.k.p.i.AbstractProblemLoader Creating init config 
72599      DEBUG main            d.u.i.k.p.i.AbstractProblemLoader Init config took 4.65s 
72684      INFO  main            d.u.i.k.p.i.AbstractProblemLoader Replaying proof AFilter[java.lang.Object::<inv>()].JML accessible clause.0 
72687      DEBUG main            d.u.i.k.p.i.IntermediateProofReplayer Proof replay took 1.99ms 
72688      DEBUG main            d.u.i.k.p.r.p.TestFile    ... success: reloaded. 
72690      INFO  main            d.u.i.k.p.r.p.TestFile    Now processing file /home/runner/work/key/key/key.core/../key.ui/examples/heap/permissions/threads/AFilter_inv_accessible2.key 
72690      INFO  main            d.u.i.k.p.i.AbstractProblemLoader Loading environment from /home/runner/work/key/key/key.core/../key.ui/examples/heap/permissions/threads/AFilter_inv_accessible2.key 
72690      DEBUG main            d.u.i.k.p.i.AbstractProblemLoader Environment load took 113.2ns 
72691      INFO  main            d.u.i.k.p.i.AbstractProblemLoader Creating init config 
77364      DEBUG main            d.u.i.k.p.i.AbstractProblemLoader Init config took 4.67s 
77448      INFO  main            d.u.i.k.p.i.AbstractProblemLoader Replaying proof AFilter[java.lang.Object::<inv>()].JML accessible clause.1 
77450      DEBUG main            d.u.i.k.p.i.IntermediateProofReplayer Proof replay took 7.5ns 
77555      INFO  main            d.u.i.k.p.r.p.TestFile    ... finished proof: closed. 
77776      INFO  main            d.u.i.k.p.i.AbstractProblemLoader Loading environment from /home/runner/work/key/key/key.core/../key.ui/examples/heap/permissions/threads/AFilter_inv_accessible2.key.proof 
77776      DEBUG main            d.u.i.k.p.i.AbstractProblemLoader Environment load took 121.7ns 
77777      INFO  main            d.u.i.k.p.i.AbstractProblemLoader Creating init config 
82431      DEBUG main            d.u.i.k.p.i.AbstractProblemLoader Init config took 4.65s 
82519      INFO  main            d.u.i.k.p.i.AbstractProblemLoader Replaying proof AFilter[java.lang.Object::<inv>()].JML accessible clause.1 
82528      DEBUG main            d.u.i.k.p.i.IntermediateProofReplayer Proof replay took 3.06ms 
82530      DEBUG main            d.u.i.k.p.r.p.TestFile    ... success: reloaded. 
82532      INFO  main            d.u.i.k.p.r.p.TestFile    Now processing file /home/runner/work/key/key/key.core/../key.ui/examples/heap/permissions/threads/AFilter_joinTransfer_accessible.key 
82532      INFO  main            d.u.i.k.p.i.AbstractProblemLoader Loading environment from /home/runner/work/key/key/key.core/../key.ui/examples/heap/permissions/threads/AFilter_joinTransfer_accessible.key 
82532      DEBUG main            d.u.i.k.p.i.AbstractProblemLoader Environment load took 97.4ns 
82533      INFO  main            d.u.i.k.p.i.AbstractProblemLoader Creating init config 
87237      DEBUG main            d.u.i.k.p.i.AbstractProblemLoader Init config took 4.7s 
87322      INFO  main            d.u.i.k.p.i.AbstractProblemLoader Replaying proof AFilter[ThreadSpec2::joinTransfer()].JML accessible clause.0 
87324      DEBUG main            d.u.i.k.p.i.IntermediateProofReplayer Proof replay took 8.2ns 
90635      INFO  main            d.u.i.k.p.r.p.TestFile    ... finished proof: closed. 
90889      INFO  main            d.u.i.k.p.i.AbstractProblemLoader Loading environment from /home/runner/work/key/key/key.core/../key.ui/examples/heap/permissions/threads/AFilter_joinTransfer_accessible.key.proof 
90889      DEBUG main            d.u.i.k.p.i.AbstractProblemLoader Environment load took 373.61ns 
90890      INFO  main            d.u.i.k.p.i.AbstractProblemLoader Creating init config 
95511      DEBUG main            d.u.i.k.p.i.AbstractProblemLoader Init config took 4.62s 
95595      INFO  main            d.u.i.k.p.i.AbstractProblemLoader Replaying proof AFilter[ThreadSpec2::joinTransfer()].JML accessible clause.0 
95902      DEBUG main            d.u.i.k.p.i.IntermediateProofReplayer Proof replay took 286.62ms 
95905      DEBUG main            d.u.i.k.p.r.p.TestFile    ... success: reloaded. 
95907      INFO  main            d.u.i.k.p.r.p.TestFile    Now processing file /home/runner/work/key/key/key.core/../key.ui/examples/heap/permissions/threads/AFilter_joinTransfer_contract.key 
95907      INFO  main            d.u.i.k.p.i.AbstractProblemLoader Loading environment from /home/runner/work/key/key/key.core/../key.ui/examples/heap/permissions/threads/AFilter_joinTransfer_contract.key 
95908      DEBUG main            d.u.i.k.p.i.AbstractProblemLoader Environment load took 223.8ns 
95909      INFO  main            d.u.i.k.p.i.AbstractProblemLoader Creating init config 
100551     DEBUG main            d.u.i.k.p.i.AbstractProblemLoader Init config took 4.64s 
100634     INFO  main            d.u.i.k.p.i.AbstractProblemLoader Replaying proof AFilter[ThreadSpec2::joinTransfer()].JML model_behavior operation contract.0 
100636     DEBUG main            d.u.i.k.p.i.IntermediateProofReplayer Proof replay took 8ns 
100739     INFO  main            d.u.i.k.p.r.p.TestFile    ... finished proof: closed. 
100973     INFO  main            d.u.i.k.p.i.AbstractProblemLoader Loading environment from /home/runner/work/key/key/key.core/../key.ui/examples/heap/permissions/threads/AFilter_joinTransfer_contract.key.proof 
100973     DEBUG main            d.u.i.k.p.i.AbstractProblemLoader Environment load took 130.7ns 
100974     INFO  main            d.u.i.k.p.i.AbstractProblemLoader Creating init config 
105622     DEBUG main            d.u.i.k.p.i.AbstractProblemLoader Init config took 4.65s 
105706     INFO  main            d.u.i.k.p.i.AbstractProblemLoader Replaying proof AFilter[ThreadSpec2::joinTransfer()].JML model_behavior operation contract.0 
105715     DEBUG main            d.u.i.k.p.i.IntermediateProofReplayer Proof replay took 7.05ms 
105716     DEBUG main            d.u.i.k.p.r.p.TestFile    ... success: reloaded. 
105717     INFO  main            d.u.i.k.p.r.p.TestFile    Now processing file /home/runner/work/key/key/key.core/../key.ui/examples/heap/permissions/threads/AFilter_postJoin_accessible.key 
105718     INFO  main            d.u.i.k.p.i.AbstractProblemLoader Loading environment from /home/runner/work/key/key/key.core/../key.ui/examples/heap/permissions/threads/AFilter_postJoin_accessible.key 
105718     DEBUG main            d.u.i.k.p.i.AbstractProblemLoader Environment load took 181.12ns 
105719     INFO  main            d.u.i.k.p.i.AbstractProblemLoader Creating init config 
110416     DEBUG main            d.u.i.k.p.i.AbstractProblemLoader Init config took 4.7s 
110497     INFO  main            d.u.i.k.p.i.AbstractProblemLoader Replaying proof AFilter[ThreadSpec2::postJoin(java.lang.Object)].JML accessible clause.0 
110499     DEBUG main            d.u.i.k.p.i.IntermediateProofReplayer Proof replay took 8.8ns 
110603     INFO  main            d.u.i.k.p.r.p.TestFile    ... finished proof: closed. 
110844     INFO  main            d.u.i.k.p.i.AbstractProblemLoader Loading environment from /home/runner/work/key/key/key.core/../key.ui/examples/heap/permissions/threads/AFilter_postJoin_accessible.key.proof 
110844     DEBUG main            d.u.i.k.p.i.AbstractProblemLoader Environment load took 122.8ns 
110845     INFO  main            d.u.i.k.p.i.AbstractProblemLoader Creating init config 
115433     DEBUG main            d.u.i.k.p.i.AbstractProblemLoader Init config took 4.59s 
115513     INFO  main            d.u.i.k.p.i.AbstractProblemLoader Replaying proof AFilter[ThreadSpec2::postJoin(java.lang.Object)].JML accessible clause.0 
115520     DEBUG main            d.u.i.k.p.i.IntermediateProofReplayer Proof replay took 5.13ms 
115521     DEBUG main            d.u.i.k.p.r.p.TestFile    ... success: reloaded. 
115522     INFO  main            d.u.i.k.p.r.p.TestFile    Now processing file /home/runner/work/key/key/key.core/../key.ui/examples/heap/permissions/threads/AFilter_preStart_accessible.key 
115523     INFO  main            d.u.i.k.p.i.AbstractProblemLoader Loading environment from /home/runner/work/key/key/key.core/../key.ui/examples/heap/permissions/threads/AFilter_preStart_accessible.key 
115523     DEBUG main            d.u.i.k.p.i.AbstractProblemLoader Environment load took 93.5ns 
115524     INFO  main            d.u.i.k.p.i.AbstractProblemLoader Creating init config 
120202     DEBUG main            d.u.i.k.p.i.AbstractProblemLoader Init config took 4.68s 
120282     INFO  main            d.u.i.k.p.i.AbstractProblemLoader Replaying proof AFilter[ThreadSpec2::preStart(java.lang.Object)].JML accessible clause.0 
120284     DEBUG main            d.u.i.k.p.i.IntermediateProofReplayer Proof replay took 8.7ns 
120587     INFO  main            d.u.i.k.p.r.p.TestFile    ... finished proof: closed. 
120874     INFO  main            d.u.i.k.p.i.AbstractProblemLoader Loading environment from /home/runner/work/key/key/key.core/../key.ui/examples/heap/permissions/threads/AFilter_preStart_accessible.key.proof 
120874     DEBUG main            d.u.i.k.p.i.AbstractProblemLoader Environment load took 124.41ns 
120875     INFO  main            d.u.i.k.p.i.AbstractProblemLoader Creating init config 
125521     DEBUG main            d.u.i.k.p.i.AbstractProblemLoader Init config took 4.65s 
125602     INFO  main            d.u.i.k.p.i.AbstractProblemLoader Replaying proof AFilter[ThreadSpec2::preStart(java.lang.Object)].JML accessible clause.0 
125629     DEBUG main            d.u.i.k.p.i.IntermediateProofReplayer Proof replay took 23.42ms 
125630     DEBUG main            d.u.i.k.p.r.p.TestFile    ... success: reloaded. 
125631     INFO  main            d.u.i.k.p.r.p.TestFile    Now processing file /home/runner/work/key/key/key.core/../key.ui/examples/heap/permissions/threads/AFilter_startTransfer_accessible.key 
125631     INFO  main            d.u.i.k.p.i.AbstractProblemLoader Loading environment from /home/runner/work/key/key/key.core/../key.ui/examples/heap/permissions/threads/AFilter_startTransfer_accessible.key 
125631     DEBUG main            d.u.i.k.p.i.AbstractProblemLoader Environment load took 91.5ns 
125632     INFO  main            d.u.i.k.p.i.AbstractProblemLoader Creating init config 
130235     DEBUG main            d.u.i.k.p.i.AbstractProblemLoader Init config took 4.6s 
130332     INFO  main            d.u.i.k.p.i.AbstractProblemLoader Replaying proof AFilter[ThreadSpec2::startTransfer()].JML accessible clause.0 
130333     DEBUG main            d.u.i.k.p.i.IntermediateProofReplayer Proof replay took 7.2ns 
136365     INFO  main            d.u.i.k.p.r.p.TestFile    ... finished proof: closed. 
136650     INFO  main            d.u.i.k.p.i.AbstractProblemLoader Loading environment from /home/runner/work/key/key/key.core/../key.ui/examples/heap/permissions/threads/AFilter_startTransfer_accessible.key.proof 
136650     DEBUG main            d.u.i.k.p.i.AbstractProblemLoader Environment load took 137.2ns 
136652     INFO  main            d.u.i.k.p.i.AbstractProblemLoader Creating init config 
141226     DEBUG main            d.u.i.k.p.i.AbstractProblemLoader Init config took 4.57s 
141305     INFO  main            d.u.i.k.p.i.AbstractProblemLoader Replaying proof AFilter[ThreadSpec2::startTransfer()].JML accessible clause.0 
141644     DEBUG main            d.u.i.k.p.i.IntermediateProofReplayer Proof replay took 324.28ms 
141646     DEBUG main            d.u.i.k.p.r.p.TestFile    ... success: reloaded. 
141647     INFO  main            d.u.i.k.p.r.p.TestFile    Now processing file /home/runner/work/key/key/key.core/../key.ui/examples/heap/permissions/threads/AFilter_startTransfer_contract.key 
141647     INFO  main            d.u.i.k.p.i.AbstractProblemLoader Loading environment from /home/runner/work/key/key/key.core/../key.ui/examples/heap/permissions/threads/AFilter_startTransfer_contract.key 
141647     DEBUG main            d.u.i.k.p.i.AbstractProblemLoader Environment load took 98.3ns 
141648     INFO  main            d.u.i.k.p.i.AbstractProblemLoader Creating init config 
146296     DEBUG main            d.u.i.k.p.i.AbstractProblemLoader Init config took 4.65s 
146378     INFO  main            d.u.i.k.p.i.AbstractProblemLoader Replaying proof AFilter[ThreadSpec2::startTransfer()].JML model_behavior operation contract.0 
146379     DEBUG main            d.u.i.k.p.i.IntermediateProofReplayer Proof replay took 7.8ns 
146784     INFO  main            d.u.i.k.p.r.p.TestFile    ... finished proof: closed. 
147027     INFO  main            d.u.i.k.p.i.AbstractProblemLoader Loading environment from /home/runner/work/key/key/key.core/../key.ui/examples/heap/permissions/threads/AFilter_startTransfer_contract.key.proof 
147028     DEBUG main            d.u.i.k.p.i.AbstractProblemLoader Environment load took 402.61ns 
147029     INFO  main            d.u.i.k.p.i.AbstractProblemLoader Creating init config 
151610     DEBUG main            d.u.i.k.p.i.AbstractProblemLoader Init config took 4.58s 
151692     INFO  main            d.u.i.k.p.i.AbstractProblemLoader Replaying proof AFilter[ThreadSpec2::startTransfer()].JML model_behavior operation contract.0 
151735     DEBUG main            d.u.i.k.p.i.IntermediateProofReplayer Proof replay took 38.73ms 
151736     DEBUG main            d.u.i.k.p.r.p.TestFile    ... success: reloaded. 
151737     INFO  main            d.u.i.k.p.r.p.TestFile    Now processing file /home/runner/work/key/key/key.core/../key.ui/examples/heap/permissions/threads/AFilter_stateInv_accessible.key 
151738     INFO  main            d.u.i.k.p.i.AbstractProblemLoader Loading environment from /home/runner/work/key/key/key.core/../key.ui/examples/heap/permissions/threads/AFilter_stateInv_accessible.key 
151738     DEBUG main            d.u.i.k.p.i.AbstractProblemLoader Environment load took 217.9ns 
151739     INFO  main            d.u.i.k.p.i.AbstractProblemLoader Creating init config 
156388     DEBUG main            d.u.i.k.p.i.AbstractProblemLoader Init config took 4.65s 
156486     INFO  main            d.u.i.k.p.i.AbstractProblemLoader Replaying proof AFilter[ThreadSpec2::stateInv()].JML accessible clause.0 
156487     DEBUG main            d.u.i.k.p.i.IntermediateProofReplayer Proof replay took 7.2ns 
156790     INFO  main            d.u.i.k.p.r.p.TestFile    ... finished proof: closed. 
157060     INFO  main            d.u.i.k.p.i.AbstractProblemLoader Loading environment from /home/runner/work/key/key/key.core/../key.ui/examples/heap/permissions/threads/AFilter_stateInv_accessible.key.proof 
157060     DEBUG main            d.u.i.k.p.i.AbstractProblemLoader Environment load took 177.9ns 
157061     INFO  main            d.u.i.k.p.i.AbstractProblemLoader Creating init config 
161630     DEBUG main            d.u.i.k.p.i.AbstractProblemLoader Init config took 4.57s 
161710     INFO  main            d.u.i.k.p.i.AbstractProblemLoader Replaying proof AFilter[ThreadSpec2::stateInv()].JML accessible clause.0 
161739     DEBUG main            d.u.i.k.p.i.IntermediateProofReplayer Proof replay took 25.91ms 
161741     DEBUG main            d.u.i.k.p.r.p.TestFile    ... success: reloaded. 
161742     INFO  main            d.u.i.k.p.r.p.TestFile    Now processing file /home/runner/work/key/key/key.core/../key.ui/examples/heap/permissions/threads/AFilter_staticPermissions_accessible.key 
161742     INFO  main            d.u.i.k.p.i.AbstractProblemLoader Loading environment from /home/runner/work/key/key/key.core/../key.ui/examples/heap/permissions/threads/AFilter_staticPermissions_accessible.key 
161743     DEBUG main            d.u.i.k.p.i.AbstractProblemLoader Environment load took 214.01ns 
161743     INFO  main            d.u.i.k.p.i.AbstractProblemLoader Creating init config 
166370     DEBUG main            d.u.i.k.p.i.AbstractProblemLoader Init config took 4.63s 
166463     INFO  main            d.u.i.k.p.i.AbstractProblemLoader Replaying proof AFilter[ThreadSpec2::staticPermissions()].JML accessible clause.0 
166465     DEBUG main            d.u.i.k.p.i.IntermediateProofReplayer Proof replay took 6.4ns 
166567     INFO  main            d.u.i.k.p.r.p.TestFile    ... finished proof: closed. 
166840     INFO  main            d.u.i.k.p.i.AbstractProblemLoader Loading environment from /home/runner/work/key/key/key.core/../key.ui/examples/heap/permissions/threads/AFilter_staticPermissions_accessible.key.proof 
166840     DEBUG main            d.u.i.k.p.i.AbstractProblemLoader Environment load took 129ns 
166841     INFO  main            d.u.i.k.p.i.AbstractProblemLoader Creating init config 
171394     DEBUG main            d.u.i.k.p.i.AbstractProblemLoader Init config took 4.55s 
171473     INFO  main            d.u.i.k.p.i.AbstractProblemLoader Replaying proof AFilter[ThreadSpec2::staticPermissions()].JML accessible clause.0 
171482     DEBUG main            d.u.i.k.p.i.IntermediateProofReplayer Proof replay took 7.07ms 
171483     DEBUG main            d.u.i.k.p.r.p.TestFile    ... success: reloaded. 
171484     INFO  main            d.u.i.k.p.r.p.TestFile    Now processing file /home/runner/work/key/key/key.core/../key.ui/examples/heap/permissions/threads/AFilter_workingPermissions_accessible.key 
171485     INFO  main            d.u.i.k.p.i.AbstractProblemLoader Loading environment from /home/runner/work/key/key/key.core/../key.ui/examples/heap/permissions/threads/AFilter_workingPermissions_accessible.key 
171485     DEBUG main            d.u.i.k.p.i.AbstractProblemLoader Environment load took 89.6ns 
171486     INFO  main            d.u.i.k.p.i.AbstractProblemLoader Creating init config 
176123     DEBUG main            d.u.i.k.p.i.AbstractProblemLoader Init config took 4.64s 
176203     INFO  main            d.u.i.k.p.i.AbstractProblemLoader Replaying proof AFilter[ThreadSpec2::workingPermissions()].JML accessible clause.0 
176205     DEBUG main            d.u.i.k.p.i.IntermediateProofReplayer Proof replay took 8ns 
176307     INFO  main            d.u.i.k.p.r.p.TestFile    ... finished proof: closed. 
176584     INFO  main            d.u.i.k.p.i.AbstractProblemLoader Loading environment from /home/runner/work/key/key/key.core/../key.ui/examples/heap/permissions/threads/AFilter_workingPermissions_accessible.key.proof 
176584     DEBUG main            d.u.i.k.p.i.AbstractProblemLoader Environment load took 118.3ns 
176585     INFO  main            d.u.i.k.p.i.AbstractProblemLoader Creating init config 
181156     DEBUG main            d.u.i.k.p.i.AbstractProblemLoader Init config took 4.57s 
181235     INFO  main            d.u.i.k.p.i.AbstractProblemLoader Replaying proof AFilter[ThreadSpec2::workingPermissions()].JML accessible clause.0 
181243     DEBUG main            d.u.i.k.p.i.IntermediateProofReplayer Proof replay took 6.46ms 
181244     DEBUG main            d.u.i.k.p.r.p.TestFile    ... success: reloaded. 
181245     INFO  main            d.u.i.k.p.r.p.TestFile    Now processing file /home/runner/work/key/key/key.core/../key.ui/examples/heap/permissions/threads/BFilter_BFilter.key 
181246     INFO  main            d.u.i.k.p.i.AbstractProblemLoader Loading environment from /home/runner/work/key/key/key.core/../key.ui/examples/heap/permissions/threads/BFilter_BFilter.key 
181246     DEBUG main            d.u.i.k.p.i.AbstractProblemLoader Environment load took 64.4ns 
181247     INFO  main            d.u.i.k.p.i.AbstractProblemLoader Creating init config 
185854     DEBUG main            d.u.i.k.p.i.AbstractProblemLoader Init config took 4.61s 
185933     INFO  main            d.u.i.k.p.i.AbstractProblemLoader Replaying proof BFilter[BFilter::BFilter(Sampler,Buffer)].JML normal_behavior operation contract.0 
185935     DEBUG main            d.u.i.k.p.i.IntermediateProofReplayer Proof replay took 6.8ns 
186839     INFO  main            d.u.i.k.p.r.p.TestFile    ... finished proof: closed. 
187148     INFO  main            d.u.i.k.p.i.AbstractProblemLoader Loading environment from /home/runner/work/key/key/key.core/../key.ui/examples/heap/permissions/threads/BFilter_BFilter.key.proof 
187148     DEBUG main            d.u.i.k.p.i.AbstractProblemLoader Environment load took 386.51ns 
187149     INFO  main            d.u.i.k.p.i.AbstractProblemLoader Creating init config 
191699     DEBUG main            d.u.i.k.p.i.AbstractProblemLoader Init config took 4.55s 
191780     INFO  main            d.u.i.k.p.i.AbstractProblemLoader Replaying proof BFilter[BFilter::BFilter(Sampler,Buffer)].JML normal_behavior operation contract.0 
191889     DEBUG main            d.u.i.k.p.i.IntermediateProofReplayer Proof replay took 104.23ms 
191890     DEBUG main            d.u.i.k.p.r.p.TestFile    ... success: reloaded. 
191891     INFO  main            d.u.i.k.p.r.p.TestFile    Now processing file /home/runner/work/key/key/key.core/../key.ui/examples/heap/permissions/threads/BFilter_initPost_accessible.key 
191891     INFO  main            d.u.i.k.p.i.AbstractProblemLoader Loading environment from /home/runner/work/key/key/key.core/../key.ui/examples/heap/permissions/threads/BFilter_initPost_accessible.key 
191891     DEBUG main            d.u.i.k.p.i.AbstractProblemLoader Environment load took 112.4ns 
191892     INFO  main            d.u.i.k.p.i.AbstractProblemLoader Creating init config 
196524     DEBUG main            d.u.i.k.p.i.AbstractProblemLoader Init config took 4.63s 
196619     INFO  main            d.u.i.k.p.i.AbstractProblemLoader Replaying proof BFilter[ThreadSpec2::initPost()].JML accessible clause.0 
196621     DEBUG main            d.u.i.k.p.i.IntermediateProofReplayer Proof replay took 8.1ns 
196723     INFO  main            d.u.i.k.p.r.p.TestFile    ... finished proof: closed. 
197023     INFO  main            d.u.i.k.p.i.AbstractProblemLoader Loading environment from /home/runner/work/key/key/key.core/../key.ui/examples/heap/permissions/threads/BFilter_initPost_accessible.key.proof 
197023     DEBUG main            d.u.i.k.p.i.AbstractProblemLoader Environment load took 129ns 
197024     INFO  main            d.u.i.k.p.i.AbstractProblemLoader Creating init config 
201555     DEBUG main            d.u.i.k.p.i.AbstractProblemLoader Init config took 4.53s 
201634     INFO  main            d.u.i.k.p.i.AbstractProblemLoader Replaying proof BFilter[ThreadSpec2::initPost()].JML accessible clause.0 
201643     DEBUG main            d.u.i.k.p.i.IntermediateProofReplayer Proof replay took 7.79ms 
201644     DEBUG main            d.u.i.k.p.r.p.TestFile    ... success: reloaded. 
201645     INFO  main            d.u.i.k.p.r.p.TestFile    Now processing file /home/runner/work/key/key/key.core/../key.ui/examples/heap/permissions/threads/BFilter_inv_accessible1.key 
201646     INFO  main            d.u.i.k.p.i.AbstractProblemLoader Loading environment from /home/runner/work/key/key/key.core/../key.ui/examples/heap/permissions/threads/BFilter_inv_accessible1.key 
201646     DEBUG main            d.u.i.k.p.i.AbstractProblemLoader Environment load took 93.4ns 
201647     INFO  main            d.u.i.k.p.i.AbstractProblemLoader Creating init config 
206278     DEBUG main            d.u.i.k.p.i.AbstractProblemLoader Init config took 4.63s 
206357     INFO  main            d.u.i.k.p.i.AbstractProblemLoader Replaying proof BFilter[java.lang.Object::<inv>()].JML accessible clause.0 
206358     DEBUG main            d.u.i.k.p.i.IntermediateProofReplayer Proof replay took 8.1ns 
206460     INFO  main            d.u.i.k.p.r.p.TestFile    ... finished proof: closed. 
206761     INFO  main            d.u.i.k.p.i.AbstractProblemLoader Loading environment from /home/runner/work/key/key/key.core/../key.ui/examples/heap/permissions/threads/BFilter_inv_accessible1.key.proof 
206762     DEBUG main            d.u.i.k.p.i.AbstractProblemLoader Environment load took 113.6ns 
206763     INFO  main            d.u.i.k.p.i.AbstractProblemLoader Creating init config 
211303     DEBUG main            d.u.i.k.p.i.AbstractProblemLoader Init config took 4.54s 
211382     INFO  main            d.u.i.k.p.i.AbstractProblemLoader Replaying proof BFilter[java.lang.Object::<inv>()].JML accessible clause.0 
211385     DEBUG main            d.u.i.k.p.i.IntermediateProofReplayer Proof replay took 1.47ms 
211386     DEBUG main            d.u.i.k.p.r.p.TestFile    ... success: reloaded. 
211387     INFO  main            d.u.i.k.p.r.p.TestFile    Now processing file /home/runner/work/key/key/key.core/../key.ui/examples/heap/permissions/threads/BFilter_inv_accessible2.key 
211387     INFO  main            d.u.i.k.p.i.AbstractProblemLoader Loading environment from /home/runner/work/key/key/key.core/../key.ui/examples/heap/permissions/threads/BFilter_inv_accessible2.key 
211387     DEBUG main            d.u.i.k.p.i.AbstractProblemLoader Environment load took 88.5ns 
211388     INFO  main            d.u.i.k.p.i.AbstractProblemLoader Creating init config 
216015     DEBUG main            d.u.i.k.p.i.AbstractProblemLoader Init config took 4.63s 
216094     INFO  main            d.u.i.k.p.i.AbstractProblemLoader Replaying proof BFilter[java.lang.Object::<inv>()].JML accessible clause.1 
216095     DEBUG main            d.u.i.k.p.i.IntermediateProofReplayer Proof replay took 7.8ns 
216201     INFO  main            d.u.i.k.p.r.p.TestFile    ... finished proof: closed. 
216499     INFO  main            d.u.i.k.p.i.AbstractProblemLoader Loading environment from /home/runner/work/key/key/key.core/../key.ui/examples/heap/permissions/threads/BFilter_inv_accessible2.key.proof 
216499     DEBUG main            d.u.i.k.p.i.AbstractProblemLoader Environment load took 113.7ns 
216500     INFO  main            d.u.i.k.p.i.AbstractProblemLoader Creating init config 
221041     DEBUG main            d.u.i.k.p.i.AbstractProblemLoader Init config took 4.54s 
221120     INFO  main            d.u.i.k.p.i.AbstractProblemLoader Replaying proof BFilter[java.lang.Object::<inv>()].JML accessible clause.1 
221123     DEBUG main            d.u.i.k.p.i.IntermediateProofReplayer Proof replay took 1.52ms 
221124     DEBUG main            d.u.i.k.p.r.p.TestFile    ... success: reloaded. 
221125     INFO  main            d.u.i.k.p.r.p.TestFile    Now processing file /home/runner/work/key/key/key.core/../key.ui/examples/heap/permissions/threads/BFilter_joinTransfer_accessible.key 
221125     INFO  main            d.u.i.k.p.i.AbstractProblemLoader Loading environment from /home/runner/work/key/key/key.core/../key.ui/examples/heap/permissions/threads/BFilter_joinTransfer_accessible.key 
221125     DEBUG main            d.u.i.k.p.i.AbstractProblemLoader Environment load took 68.1ns 
221126     INFO  main            d.u.i.k.p.i.AbstractProblemLoader Creating init config 
225779     DEBUG main            d.u.i.k.p.i.AbstractProblemLoader Init config took 4.65s 
225872     INFO  main            d.u.i.k.p.i.AbstractProblemLoader Replaying proof BFilter[ThreadSpec2::joinTransfer()].JML accessible clause.0 
225873     DEBUG main            d.u.i.k.p.i.IntermediateProofReplayer Proof replay took 7.9ns 
229029     INFO  main            d.u.i.k.p.r.p.TestFile    ... finished proof: closed. 
229353     INFO  main            d.u.i.k.p.i.AbstractProblemLoader Loading environment from /home/runner/work/key/key/key.core/../key.ui/examples/heap/permissions/threads/BFilter_joinTransfer_accessible.key.proof 
229354     DEBUG main            d.u.i.k.p.i.AbstractProblemLoader Environment load took 405.21ns 
229355     INFO  main            d.u.i.k.p.i.AbstractProblemLoader Creating init config 
233914     DEBUG main            d.u.i.k.p.i.AbstractProblemLoader Init config took 4.56s 
234006     INFO  main            d.u.i.k.p.i.AbstractProblemLoader Replaying proof BFilter[ThreadSpec2::joinTransfer()].JML accessible clause.0 
234226     DEBUG main            d.u.i.k.p.i.IntermediateProofReplayer Proof replay took 209.03ms 
234227     DEBUG main            d.u.i.k.p.r.p.TestFile    ... success: reloaded. 
234228     INFO  main            d.u.i.k.p.r.p.TestFile    Now processing file /home/runner/work/key/key/key.core/../key.ui/examples/heap/permissions/threads/BFilter_joinTransfer_contract.key 
234228     INFO  main            d.u.i.k.p.i.AbstractProblemLoader Loading environment from /home/runner/work/key/key/key.core/../key.ui/examples/heap/permissions/threads/BFilter_joinTransfer_contract.key 
234229     DEBUG main            d.u.i.k.p.i.AbstractProblemLoader Environment load took 161.4ns 
234230     INFO  main            d.u.i.k.p.i.AbstractProblemLoader Creating init config 
238831     DEBUG main            d.u.i.k.p.i.AbstractProblemLoader Init config took 4.6s 
238912     INFO  main            d.u.i.k.p.i.AbstractProblemLoader Replaying proof BFilter[ThreadSpec2::joinTransfer()].JML model_behavior operation contract.0 
238914     DEBUG main            d.u.i.k.p.i.IntermediateProofReplayer Proof replay took 8.4ns 
239019     INFO  main            d.u.i.k.p.r.p.TestFile    ... finished proof: closed. 
239474     INFO  main            d.u.i.k.p.i.AbstractProblemLoader Loading environment from /home/runner/work/key/key/key.core/../key.ui/examples/heap/permissions/threads/BFilter_joinTransfer_contract.key.proof 
239474     DEBUG main            d.u.i.k.p.i.AbstractProblemLoader Environment load took 126.7ns 
239475     INFO  main            d.u.i.k.p.i.AbstractProblemLoader Creating init config 
244009     DEBUG main            d.u.i.k.p.i.AbstractProblemLoader Init config took 4.53s 
244091     INFO  main            d.u.i.k.p.i.AbstractProblemLoader Replaying proof BFilter[ThreadSpec2::joinTransfer()].JML model_behavior operation contract.0 
244099     DEBUG main            d.u.i.k.p.i.IntermediateProofReplayer Proof replay took 6.38ms 
244101     DEBUG main            d.u.i.k.p.r.p.TestFile    ... success: reloaded. 
244102     INFO  main            d.u.i.k.p.r.p.TestFile    Now processing file /home/runner/work/key/key/key.core/../key.ui/examples/heap/permissions/threads/BFilter_postJoin_accessible.key 
244102     INFO  main            d.u.i.k.p.i.AbstractProblemLoader Loading environment from /home/runner/work/key/key/key.core/../key.ui/examples/heap/permissions/threads/BFilter_postJoin_accessible.key 
244102     DEBUG main            d.u.i.k.p.i.AbstractProblemLoader Environment load took 180ns 
244103     INFO  main            d.u.i.k.p.i.AbstractProblemLoader Creating init config 
248734     DEBUG main            d.u.i.k.p.i.AbstractProblemLoader Init config took 4.63s 
248830     INFO  main            d.u.i.k.p.i.AbstractProblemLoader Replaying proof BFilter[ThreadSpec2::postJoin(java.lang.Object)].JML accessible clause.0 
248831     DEBUG main            d.u.i.k.p.i.IntermediateProofReplayer Proof replay took 7.7ns 
248933     INFO  main            d.u.i.k.p.r.p.TestFile    ... finished proof: closed. 
249255     INFO  main            d.u.i.k.p.i.AbstractProblemLoader Loading environment from /home/runner/work/key/key/key.core/../key.ui/examples/heap/permissions/threads/BFilter_postJoin_accessible.key.proof 
249255     DEBUG main            d.u.i.k.p.i.AbstractProblemLoader Environment load took 110.6ns 
249256     INFO  main            d.u.i.k.p.i.AbstractProblemLoader Creating init config 
253792     DEBUG main            d.u.i.k.p.i.AbstractProblemLoader Init config took 4.54s 
253870     INFO  main            d.u.i.k.p.i.AbstractProblemLoader Replaying proof BFilter[ThreadSpec2::postJoin(java.lang.Object)].JML accessible clause.0 
253876     DEBUG main            d.u.i.k.p.i.IntermediateProofReplayer Proof replay took 4.61ms 
253877     DEBUG main            d.u.i.k.p.r.p.TestFile    ... success: reloaded. 
253878     INFO  main            d.u.i.k.p.r.p.TestFile    Now processing file /home/runner/work/key/key/key.core/../key.ui/examples/heap/permissions/threads/BFilter_preStart_accessible.key 
253879     INFO  main            d.u.i.k.p.i.AbstractProblemLoader Loading environment from /home/runner/work/key/key/key.core/../key.ui/examples/heap/permissions/threads/BFilter_preStart_accessible.key 
253879     DEBUG main            d.u.i.k.p.i.AbstractProblemLoader Environment load took 97.3ns 
253880     INFO  main            d.u.i.k.p.i.AbstractProblemLoader Creating init config 
258489     DEBUG main            d.u.i.k.p.i.AbstractProblemLoader Init config took 4.61s 
258569     INFO  main            d.u.i.k.p.i.AbstractProblemLoader Replaying proof BFilter[ThreadSpec2::preStart(java.lang.Object)].JML accessible clause.0 
258570     DEBUG main            d.u.i.k.p.i.IntermediateProofReplayer Proof replay took 7.7ns 
258872     INFO  main            d.u.i.k.p.r.p.TestFile    ... finished proof: closed. 
259223     INFO  main            d.u.i.k.p.i.AbstractProblemLoader Loading environment from /home/runner/work/key/key/key.core/../key.ui/examples/heap/permissions/threads/BFilter_preStart_accessible.key.proof 
259223     DEBUG main            d.u.i.k.p.i.AbstractProblemLoader Environment load took 98.7ns 
259224     INFO  main            d.u.i.k.p.i.AbstractProblemLoader Creating init config 
263769     DEBUG main            d.u.i.k.p.i.AbstractProblemLoader Init config took 4.54s 
263847     INFO  main            d.u.i.k.p.i.AbstractProblemLoader Replaying proof BFilter[ThreadSpec2::preStart(java.lang.Object)].JML accessible clause.0 
263869     DEBUG main            d.u.i.k.p.i.IntermediateProofReplayer Proof replay took 19.03ms 
263870     DEBUG main            d.u.i.k.p.r.p.TestFile    ... success: reloaded. 
263871     INFO  main            d.u.i.k.p.r.p.TestFile    Now processing file /home/runner/work/key/key/key.core/../key.ui/examples/heap/permissions/threads/BFilter_startTransfer_accessible.key 
263871     INFO  main            d.u.i.k.p.i.AbstractProblemLoader Loading environment from /home/runner/work/key/key/key.core/../key.ui/examples/heap/permissions/threads/BFilter_startTransfer_accessible.key 
263871     DEBUG main            d.u.i.k.p.i.AbstractProblemLoader Environment load took 94ns 
263872     INFO  main            d.u.i.k.p.i.AbstractProblemLoader Creating init config 
268512     DEBUG main            d.u.i.k.p.i.AbstractProblemLoader Init config took 4.64s 
268589     INFO  main            d.u.i.k.p.i.AbstractProblemLoader Replaying proof BFilter[ThreadSpec2::startTransfer()].JML accessible clause.0 
268591     DEBUG main            d.u.i.k.p.i.IntermediateProofReplayer Proof replay took 6.2ns 
274308     INFO  main            d.u.i.k.p.r.p.TestFile    ... finished proof: closed. 
274661     INFO  main            d.u.i.k.p.i.AbstractProblemLoader Loading environment from /home/runner/work/key/key/key.core/../key.ui/examples/heap/permissions/threads/BFilter_startTransfer_accessible.key.proof 
274661     DEBUG main            d.u.i.k.p.i.AbstractProblemLoader Environment load took 164.3ns 
274663     INFO  main            d.u.i.k.p.i.AbstractProblemLoader Creating init config 
279197     DEBUG main            d.u.i.k.p.i.AbstractProblemLoader Init config took 4.53s 
279275     INFO  main            d.u.i.k.p.i.AbstractProblemLoader Replaying proof BFilter[ThreadSpec2::startTransfer()].JML accessible clause.0 
279610     DEBUG main            d.u.i.k.p.i.IntermediateProofReplayer Proof replay took 324.15ms 
279612     DEBUG main            d.u.i.k.p.r.p.TestFile    ... success: reloaded. 
279613     INFO  main            d.u.i.k.p.r.p.TestFile    Now processing file /home/runner/work/key/key/key.core/../key.ui/examples/heap/permissions/threads/BFilter_startTransfer_contract.key 
279614     INFO  main            d.u.i.k.p.i.AbstractProblemLoader Loading environment from /home/runner/work/key/key/key.core/../key.ui/examples/heap/permissions/threads/BFilter_startTransfer_contract.key 
279615     DEBUG main            d.u.i.k.p.i.AbstractProblemLoader Environment load took 183.6ns 
279615     INFO  main            d.u.i.k.p.i.AbstractProblemLoader Creating init config 
284206     DEBUG main            d.u.i.k.p.i.AbstractProblemLoader Init config took 4.59s 
284304     INFO  main            d.u.i.k.p.i.AbstractProblemLoader Replaying proof BFilter[ThreadSpec2::startTransfer()].JML model_behavior operation contract.0 
284306     DEBUG main            d.u.i.k.p.i.IntermediateProofReplayer Proof replay took 7.4ns 
285415     INFO  main            d.u.i.k.p.r.p.TestFile    ... finished proof: closed. 
285767     INFO  main            d.u.i.k.p.i.AbstractProblemLoader Loading environment from /home/runner/work/key/key/key.core/../key.ui/examples/heap/permissions/threads/BFilter_startTransfer_contract.key.proof 
285768     DEBUG main            d.u.i.k.p.i.AbstractProblemLoader Environment load took 346.11ns 
285769     INFO  main            d.u.i.k.p.i.AbstractProblemLoader Creating init config 
290299     DEBUG main            d.u.i.k.p.i.AbstractProblemLoader Init config took 4.53s 
290377     INFO  main            d.u.i.k.p.i.AbstractProblemLoader Replaying proof BFilter[ThreadSpec2::startTransfer()].JML model_behavior operation contract.0 
290471     DEBUG main            d.u.i.k.p.i.IntermediateProofReplayer Proof replay took 87.72ms 
290473     DEBUG main            d.u.i.k.p.r.p.TestFile    ... success: reloaded. 
290473     INFO  main            d.u.i.k.p.r.p.TestFile    Now processing file /home/runner/work/key/key/key.core/../key.ui/examples/heap/permissions/threads/BFilter_stateInv_accessible.key 
290474     INFO  main            d.u.i.k.p.i.AbstractProblemLoader Loading environment from /home/runner/work/key/key/key.core/../key.ui/examples/heap/permissions/threads/BFilter_stateInv_accessible.key 
290474     DEBUG main            d.u.i.k.p.i.AbstractProblemLoader Environment load took 76.3ns 
290475     INFO  main            d.u.i.k.p.i.AbstractProblemLoader Creating init config 
295088     DEBUG main            d.u.i.k.p.i.AbstractProblemLoader Init config took 4.61s 
295165     INFO  main            d.u.i.k.p.i.AbstractProblemLoader Replaying proof BFilter[ThreadSpec2::stateInv()].JML accessible clause.0 
295167     DEBUG main            d.u.i.k.p.i.IntermediateProofReplayer Proof replay took 7.1ns 
295472     INFO  main            d.u.i.k.p.r.p.TestFile    ... finished proof: closed. 
295821     INFO  main            d.u.i.k.p.i.AbstractProblemLoader Loading environment from /home/runner/work/key/key/key.core/../key.ui/examples/heap/permissions/threads/BFilter_stateInv_accessible.key.proof 
295821     DEBUG main            d.u.i.k.p.i.AbstractProblemLoader Environment load took 108.7ns 
295822     INFO  main            d.u.i.k.p.i.AbstractProblemLoader Creating init config 
300342     DEBUG main            d.u.i.k.p.i.AbstractProblemLoader Init config took 4.52s 
300424     INFO  main            d.u.i.k.p.i.AbstractProblemLoader Replaying proof BFilter[ThreadSpec2::stateInv()].JML accessible clause.0 
300452     DEBUG main            d.u.i.k.p.i.IntermediateProofReplayer Proof replay took 25.07ms 
300453     DEBUG main            d.u.i.k.p.r.p.TestFile    ... success: reloaded. 
300453     INFO  main            d.u.i.k.p.r.p.TestFile    Now processing file /home/runner/work/key/key/key.core/../key.ui/examples/heap/permissions/threads/BFilter_staticPermissions_accessible.key 
300454     INFO  main            d.u.i.k.p.i.AbstractProblemLoader Loading environment from /home/runner/work/key/key/key.core/../key.ui/examples/heap/permissions/threads/BFilter_staticPermissions_accessible.key 
300454     DEBUG main            d.u.i.k.p.i.AbstractProblemLoader Environment load took 117.2ns 
300455     INFO  main            d.u.i.k.p.i.AbstractProblemLoader Creating init config 
305059     DEBUG main            d.u.i.k.p.i.AbstractProblemLoader Init config took 4.6s 
305137     INFO  main            d.u.i.k.p.i.AbstractProblemLoader Replaying proof BFilter[ThreadSpec2::staticPermissions()].JML accessible clause.0 
305139     DEBUG main            d.u.i.k.p.i.IntermediateProofReplayer Proof replay took 7ns 
305243     INFO  main            d.u.i.k.p.r.p.TestFile    ... finished proof: closed. 
305595     INFO  main            d.u.i.k.p.i.AbstractProblemLoader Loading environment from /home/runner/work/key/key/key.core/../key.ui/examples/heap/permissions/threads/BFilter_staticPermissions_accessible.key.proof 
305595     DEBUG main            d.u.i.k.p.i.AbstractProblemLoader Environment load took 98.7ns 
305596     INFO  main            d.u.i.k.p.i.AbstractProblemLoader Creating init config 
310109     DEBUG main            d.u.i.k.p.i.AbstractProblemLoader Init config took 4.51s 
310187     INFO  main            d.u.i.k.p.i.AbstractProblemLoader Replaying proof BFilter[ThreadSpec2::staticPermissions()].JML accessible clause.0 
310195     DEBUG main            d.u.i.k.p.i.IntermediateProofReplayer Proof replay took 6.86ms 
310196     DEBUG main            d.u.i.k.p.r.p.TestFile    ... success: reloaded. 
310197     INFO  main            d.u.i.k.p.r.p.TestFile    Now processing file /home/runner/work/key/key/key.core/../key.ui/examples/heap/permissions/threads/BFilter_workingPermissions_accessible.key 
310197     INFO  main            d.u.i.k.p.i.AbstractProblemLoader Loading environment from /home/runner/work/key/key/key.core/../key.ui/examples/heap/permissions/threads/BFilter_workingPermissions_accessible.key 
310197     DEBUG main            d.u.i.k.p.i.AbstractProblemLoader Environment load took 68.6ns 
310198     INFO  main            d.u.i.k.p.i.AbstractProblemLoader Creating init config 
314788     DEBUG main            d.u.i.k.p.i.AbstractProblemLoader Init config took 4.59s 
314865     INFO  main            d.u.i.k.p.i.AbstractProblemLoader Replaying proof BFilter[ThreadSpec2::workingPermissions()].JML accessible clause.0 
314867     DEBUG main            d.u.i.k.p.i.IntermediateProofReplayer Proof replay took 6.4ns 
314969     INFO  main            d.u.i.k.p.r.p.TestFile    ... finished proof: closed. 
315326     INFO  main            d.u.i.k.p.i.AbstractProblemLoader Loading environment from /home/runner/work/key/key/key.core/../key.ui/examples/heap/permissions/threads/BFilter_workingPermissions_accessible.key.proof 
315326     DEBUG main            d.u.i.k.p.i.AbstractProblemLoader Environment load took 132.2ns 
315327     INFO  main            d.u.i.k.p.i.AbstractProblemLoader Creating init config 
319829     DEBUG main            d.u.i.k.p.i.AbstractProblemLoader Init config took 4.5s 
319910     INFO  main            d.u.i.k.p.i.AbstractProblemLoader Replaying proof BFilter[ThreadSpec2::workingPermissions()].JML accessible clause.0 
319918     DEBUG main            d.u.i.k.p.i.IntermediateProofReplayer Proof replay took 5.99ms 
319919     DEBUG main            d.u.i.k.p.r.p.TestFile    ... success: reloaded. 
319920     INFO  main            d.u.i.k.p.r.p.TestFile    Now processing file /home/runner/work/key/key/key.core/../key.ui/examples/heap/permissions/threads/Fib_Fib.key 
319920     INFO  main            d.u.i.k.p.i.AbstractProblemLoader Loading environment from /home/runner/work/key/key/key.core/../key.ui/examples/heap/permissions/threads/Fib_Fib.key 
319920     DEBUG main            d.u.i.k.p.i.AbstractProblemLoader Environment load took 158.8ns 
319921     INFO  main            d.u.i.k.p.i.AbstractProblemLoader Creating init config 
324528     DEBUG main            d.u.i.k.p.i.AbstractProblemLoader Init config took 4.61s 
324624     INFO  main            d.u.i.k.p.i.AbstractProblemLoader Replaying proof Fib[Fib::Fib(int)].JML normal_behavior operation contract.0 
324625     DEBUG main            d.u.i.k.p.i.IntermediateProofReplayer Proof replay took 7.2ns 
325232     INFO  main            d.u.i.k.p.r.p.TestFile    ... finished proof: closed. 
325635     INFO  main            d.u.i.k.p.i.AbstractProblemLoader Loading environment from /home/runner/work/key/key/key.core/../key.ui/examples/heap/permissions/threads/Fib_Fib.key.proof 
325635     DEBUG main            d.u.i.k.p.i.AbstractProblemLoader Environment load took 108.2ns 
325636     INFO  main            d.u.i.k.p.i.AbstractProblemLoader Creating init config 
330172     DEBUG main            d.u.i.k.p.i.AbstractProblemLoader Init config took 4.54s 
330254     INFO  main            d.u.i.k.p.i.AbstractProblemLoader Replaying proof Fib[Fib::Fib(int)].JML normal_behavior operation contract.0 
330339     DEBUG main            d.u.i.k.p.i.IntermediateProofReplayer Proof replay took 73.54ms 
330340     DEBUG main            d.u.i.k.p.r.p.TestFile    ... success: reloaded. 
330340     INFO  main            d.u.i.k.p.r.p.TestFile    Now processing file /home/runner/work/key/key/key.core/../key.ui/examples/heap/permissions/threads/Fib_initPost_accessible.key 
330341     INFO  main            d.u.i.k.p.i.AbstractProblemLoader Loading environment from /home/runner/work/key/key/key.core/../key.ui/examples/heap/permissions/threads/Fib_initPost_accessible.key 
330341     DEBUG main            d.u.i.k.p.i.AbstractProblemLoader Environment load took 52.9ns 
330342     INFO  main            d.u.i.k.p.i.AbstractProblemLoader Creating init config 
334945     DEBUG main            d.u.i.k.p.i.AbstractProblemLoader Init config took 4.6s 
335040     INFO  main            d.u.i.k.p.i.AbstractProblemLoader Replaying proof Fib[ThreadSpec::initPost()].JML accessible clause.0 
335041     DEBUG main            d.u.i.k.p.i.IntermediateProofReplayer Proof replay took 6.9ns 
335147     INFO  main            d.u.i.k.p.r.p.TestFile    ... finished proof: closed. 
335512     INFO  main            d.u.i.k.p.i.AbstractProblemLoader Loading environment from /home/runner/work/key/key/key.core/../key.ui/examples/heap/permissions/threads/Fib_initPost_accessible.key.proof 
335513     DEBUG main            d.u.i.k.p.i.AbstractProblemLoader Environment load took 101.7ns 
335513     INFO  main            d.u.i.k.p.i.AbstractProblemLoader Creating init config 
340029     DEBUG main            d.u.i.k.p.i.AbstractProblemLoader Init config took 4.52s 
340119     INFO  main            d.u.i.k.p.i.AbstractProblemLoader Replaying proof Fib[ThreadSpec::initPost()].JML accessible clause.0 
340124     DEBUG main            d.u.i.k.p.i.IntermediateProofReplayer Proof replay took 3.76ms 
340125     DEBUG main            d.u.i.k.p.r.p.TestFile    ... success: reloaded. 
340126     INFO  main            d.u.i.k.p.r.p.TestFile    Now processing file /home/runner/work/key/key/key.core/../key.ui/examples/heap/permissions/threads/Fib_inv1_accessible.key 
340127     INFO  main            d.u.i.k.p.i.AbstractProblemLoader Loading environment from /home/runner/work/key/key/key.core/../key.ui/examples/heap/permissions/threads/Fib_inv1_accessible.key 
340127     DEBUG main            d.u.i.k.p.i.AbstractProblemLoader Environment load took 128.3ns 
340128     INFO  main            d.u.i.k.p.i.AbstractProblemLoader Creating init config 
344729     DEBUG main            d.u.i.k.p.i.AbstractProblemLoader Init config took 4.6s 
344805     INFO  main            d.u.i.k.p.i.AbstractProblemLoader Replaying proof Fib[java.lang.Object::<inv>()].JML accessible clause.0 
344807     DEBUG main            d.u.i.k.p.i.IntermediateProofReplayer Proof replay took 7.2ns 
344908     INFO  main            d.u.i.k.p.r.p.TestFile    ... finished proof: closed. 
345282     INFO  main            d.u.i.k.p.i.AbstractProblemLoader Loading environment from /home/runner/work/key/key/key.core/../key.ui/examples/heap/permissions/threads/Fib_inv1_accessible.key.proof 
345283     DEBUG main            d.u.i.k.p.i.AbstractProblemLoader Environment load took 95.1ns 
345283     INFO  main            d.u.i.k.p.i.AbstractProblemLoader Creating init config 
349803     DEBUG main            d.u.i.k.p.i.AbstractProblemLoader Init config took 4.52s 
349880     INFO  main            d.u.i.k.p.i.AbstractProblemLoader Replaying proof Fib[java.lang.Object::<inv>()].JML accessible clause.0 
349883     DEBUG main            d.u.i.k.p.i.IntermediateProofReplayer Proof replay took 1.37ms 
349884     DEBUG main            d.u.i.k.p.r.p.TestFile    ... success: reloaded. 
349884     INFO  main            d.u.i.k.p.r.p.TestFile    Now processing file /home/runner/work/key/key/key.core/../key.ui/examples/heap/permissions/threads/Fib_inv2_accessible.key 
349885     INFO  main            d.u.i.k.p.i.AbstractProblemLoader Loading environment from /home/runner/work/key/key/key.core/../key.ui/examples/heap/permissions/threads/Fib_inv2_accessible.key 
349885     DEBUG main            d.u.i.k.p.i.AbstractProblemLoader Environment load took 82.8ns 
349886     INFO  main            d.u.i.k.p.i.AbstractProblemLoader Creating init config 
354484     DEBUG main            d.u.i.k.p.i.AbstractProblemLoader Init config took 4.6s 
354561     INFO  main            d.u.i.k.p.i.AbstractProblemLoader Replaying proof Fib[java.lang.Object::<inv>()].JML accessible clause.1 
354563     DEBUG main            d.u.i.k.p.i.IntermediateProofReplayer Proof replay took 6.7ns 
354664     INFO  main            d.u.i.k.p.r.p.TestFile    ... finished proof: closed. 
355057     INFO  main            d.u.i.k.p.i.AbstractProblemLoader Loading environment from /home/runner/work/key/key/key.core/../key.ui/examples/heap/permissions/threads/Fib_inv2_accessible.key.proof 
355057     DEBUG main            d.u.i.k.p.i.AbstractProblemLoader Environment load took 102.4ns 
355058     INFO  main            d.u.i.k.p.i.AbstractProblemLoader Creating init config 
359579     DEBUG main            d.u.i.k.p.i.AbstractProblemLoader Init config took 4.52s 
359656     INFO  main            d.u.i.k.p.i.AbstractProblemLoader Replaying proof Fib[java.lang.Object::<inv>()].JML accessible clause.1 
359658     DEBUG main            d.u.i.k.p.i.IntermediateProofReplayer Proof replay took 1.4ms 
359659     DEBUG main            d.u.i.k.p.r.p.TestFile    ... success: reloaded. 
359660     INFO  main            d.u.i.k.p.r.p.TestFile    Now processing file /home/runner/work/key/key/key.core/../key.ui/examples/heap/permissions/threads/Fib_joinTransfer_accessible.key 
359660     INFO  main            d.u.i.k.p.i.AbstractProblemLoader Loading environment from /home/runner/work/key/key/key.core/../key.ui/examples/heap/permissions/threads/Fib_joinTransfer_accessible.key 
359660     DEBUG main            d.u.i.k.p.i.AbstractProblemLoader Environment load took 47.8ns 
359661     INFO  main            d.u.i.k.p.i.AbstractProblemLoader Creating init config 
364240     DEBUG main            d.u.i.k.p.i.AbstractProblemLoader Init config took 4.58s 
364337     INFO  main            d.u.i.k.p.i.AbstractProblemLoader Replaying proof Fib[ThreadSpec::joinTransfer()].JML accessible clause.0 
364338     DEBUG main            d.u.i.k.p.i.IntermediateProofReplayer Proof replay took 7.2ns 
364540     INFO  main            d.u.i.k.p.r.p.TestFile    ... finished proof: closed. 
364932     INFO  main            d.u.i.k.p.i.AbstractProblemLoader Loading environment from /home/runner/work/key/key/key.core/../key.ui/examples/heap/permissions/threads/Fib_joinTransfer_accessible.key.proof 
364932     DEBUG main            d.u.i.k.p.i.AbstractProblemLoader Environment load took 110.2ns 
364933     INFO  main            d.u.i.k.p.i.AbstractProblemLoader Creating init config 
369463     DEBUG main            d.u.i.k.p.i.AbstractProblemLoader Init config took 4.53s 
369540     INFO  main            d.u.i.k.p.i.AbstractProblemLoader Replaying proof Fib[ThreadSpec::joinTransfer()].JML accessible clause.0 
369559     DEBUG main            d.u.i.k.p.i.IntermediateProofReplayer Proof replay took 17.19ms 
369560     DEBUG main            d.u.i.k.p.r.p.TestFile    ... success: reloaded. 
369561     INFO  main            d.u.i.k.p.r.p.TestFile    Now processing file /home/runner/work/key/key/key.core/../key.ui/examples/heap/permissions/threads/Fib_joinTransfer_contract.key 
369562     INFO  main            d.u.i.k.p.i.AbstractProblemLoader Loading environment from /home/runner/work/key/key/key.core/../key.ui/examples/heap/permissions/threads/Fib_joinTransfer_contract.key 
369562     DEBUG main            d.u.i.k.p.i.AbstractProblemLoader Environment load took 68.6ns 
369562     INFO  main            d.u.i.k.p.i.AbstractProblemLoader Creating init config 
374167     DEBUG main            d.u.i.k.p.i.AbstractProblemLoader Init config took 4.6s 
374244     INFO  main            d.u.i.k.p.i.AbstractProblemLoader Replaying proof Fib[ThreadSpec::joinTransfer()].JML model_behavior operation contract.0 
374245     DEBUG main            d.u.i.k.p.i.IntermediateProofReplayer Proof replay took 7.7ns 
374347     INFO  main            d.u.i.k.p.r.p.TestFile    ... finished proof: closed. 
374746     INFO  main            d.u.i.k.p.i.AbstractProblemLoader Loading environment from /home/runner/work/key/key/key.core/../key.ui/examples/heap/permissions/threads/Fib_joinTransfer_contract.key.proof 
374746     DEBUG main            d.u.i.k.p.i.AbstractProblemLoader Environment load took 117.3ns 
374747     INFO  main            d.u.i.k.p.i.AbstractProblemLoader Creating init config 
379250     DEBUG main            d.u.i.k.p.i.AbstractProblemLoader Init config took 4.5s 
379328     INFO  main            d.u.i.k.p.i.AbstractProblemLoader Replaying proof Fib[ThreadSpec::joinTransfer()].JML model_behavior operation contract.0 
379335     DEBUG main            d.u.i.k.p.i.IntermediateProofReplayer Proof replay took 5.79ms 
379336     DEBUG main            d.u.i.k.p.r.p.TestFile    ... success: reloaded. 
379337     INFO  main            d.u.i.k.p.r.p.TestFile    Now processing file /home/runner/work/key/key/key.core/../key.ui/examples/heap/permissions/threads/Fib_postJoin_accessible.key 
379338     INFO  main            d.u.i.k.p.i.AbstractProblemLoader Loading environment from /home/runner/work/key/key/key.core/../key.ui/examples/heap/permissions/threads/Fib_postJoin_accessible.key 
379338     DEBUG main            d.u.i.k.p.i.AbstractProblemLoader Environment load took 189.91ns 
379339     INFO  main            d.u.i.k.p.i.AbstractProblemLoader Creating init config 
383935     DEBUG main            d.u.i.k.p.i.AbstractProblemLoader Init config took 4.6s 
384012     INFO  main            d.u.i.k.p.i.AbstractProblemLoader Replaying proof Fib[ThreadSpec::postJoin(java.lang.Object)].JML accessible clause.0 
384013     DEBUG main            d.u.i.k.p.i.IntermediateProofReplayer Proof replay took 7.9ns 
384115     INFO  main            d.u.i.k.p.r.p.TestFile    ... finished proof: closed. 
384526     INFO  main            d.u.i.k.p.i.AbstractProblemLoader Loading environment from /home/runner/work/key/key/key.core/../key.ui/examples/heap/permissions/threads/Fib_postJoin_accessible.key.proof 
384526     DEBUG main            d.u.i.k.p.i.AbstractProblemLoader Environment load took 120ns 
384527     INFO  main            d.u.i.k.p.i.AbstractProblemLoader Creating init config 
389056     DEBUG main            d.u.i.k.p.i.AbstractProblemLoader Init config took 4.53s 
389132     INFO  main            d.u.i.k.p.i.AbstractProblemLoader Replaying proof Fib[ThreadSpec::postJoin(java.lang.Object)].JML accessible clause.0 
389137     DEBUG main            d.u.i.k.p.i.IntermediateProofReplayer Proof replay took 3.91ms 
389138     DEBUG main            d.u.i.k.p.r.p.TestFile    ... success: reloaded. 
389139     INFO  main            d.u.i.k.p.r.p.TestFile    Now processing file /home/runner/work/key/key/key.core/../key.ui/examples/heap/permissions/threads/Fib_preStart_accessible.key 
389139     INFO  main            d.u.i.k.p.i.AbstractProblemLoader Loading environment from /home/runner/work/key/key/key.core/../key.ui/examples/heap/permissions/threads/Fib_preStart_accessible.key 
389139     DEBUG main            d.u.i.k.p.i.AbstractProblemLoader Environment load took 96.5ns 
389140     INFO  main            d.u.i.k.p.i.AbstractProblemLoader Creating init config 
393738     DEBUG main            d.u.i.k.p.i.AbstractProblemLoader Init config took 4.6s 
393832     INFO  main            d.u.i.k.p.i.AbstractProblemLoader Replaying proof Fib[ThreadSpec::preStart(java.lang.Object)].JML accessible clause.0 
393833     DEBUG main            d.u.i.k.p.i.IntermediateProofReplayer Proof replay took 6.7ns 
393935     INFO  main            d.u.i.k.p.r.p.TestFile    ... finished proof: closed. 
394341     INFO  main            d.u.i.k.p.i.AbstractProblemLoader Loading environment from /home/runner/work/key/key/key.core/../key.ui/examples/heap/permissions/threads/Fib_preStart_accessible.key.proof 
394342     DEBUG main            d.u.i.k.p.i.AbstractProblemLoader Environment load took 101.7ns 
394342     INFO  main            d.u.i.k.p.i.AbstractProblemLoader Creating init config 
398881     DEBUG main            d.u.i.k.p.i.AbstractProblemLoader Init config took 4.54s 
398972     INFO  main            d.u.i.k.p.i.AbstractProblemLoader Replaying proof Fib[ThreadSpec::preStart(java.lang.Object)].JML accessible clause.0 
398977     DEBUG main            d.u.i.k.p.i.IntermediateProofReplayer Proof replay took 3.87ms 
398978     DEBUG main            d.u.i.k.p.r.p.TestFile    ... success: reloaded. 
398979     INFO  main            d.u.i.k.p.r.p.TestFile    Now processing file /home/runner/work/key/key/key.core/../key.ui/examples/heap/permissions/threads/Fib_startTransfer_accessible.key 
398979     INFO  main            d.u.i.k.p.i.AbstractProblemLoader Loading environment from /home/runner/work/key/key/key.core/../key.ui/examples/heap/permissions/threads/Fib_startTransfer_accessible.key 
398979     DEBUG main            d.u.i.k.p.i.AbstractProblemLoader Environment load took 96.7ns 
398980     INFO  main            d.u.i.k.p.i.AbstractProblemLoader Creating init config 
403585     DEBUG main            d.u.i.k.p.i.AbstractProblemLoader Init config took 4.6s 
403661     INFO  main            d.u.i.k.p.i.AbstractProblemLoader Replaying proof Fib[ThreadSpec::startTransfer()].JML accessible clause.0 
403663     DEBUG main            d.u.i.k.p.i.IntermediateProofReplayer Proof replay took 7.3ns 
403864     INFO  main            d.u.i.k.p.r.p.TestFile    ... finished proof: closed. 
404286     INFO  main            d.u.i.k.p.i.AbstractProblemLoader Loading environment from /home/runner/work/key/key/key.core/../key.ui/examples/heap/permissions/threads/Fib_startTransfer_accessible.key.proof 
404287     DEBUG main            d.u.i.k.p.i.AbstractProblemLoader Environment load took 97.3ns 
404287     INFO  main            d.u.i.k.p.i.AbstractProblemLoader Creating init config 
408813     DEBUG main            d.u.i.k.p.i.AbstractProblemLoader Init config took 4.53s 
408902     INFO  main            d.u.i.k.p.i.AbstractProblemLoader Replaying proof Fib[ThreadSpec::startTransfer()].JML accessible clause.0 
408921     DEBUG main            d.u.i.k.p.i.IntermediateProofReplayer Proof replay took 17.27ms 
408922     DEBUG main            d.u.i.k.p.r.p.TestFile    ... success: reloaded. 
408923     INFO  main            d.u.i.k.p.r.p.TestFile    Now processing file /home/runner/work/key/key/key.core/../key.ui/examples/heap/permissions/threads/Fib_startTransfer_contract.key 
408923     INFO  main            d.u.i.k.p.i.AbstractProblemLoader Loading environment from /home/runner/work/key/key/key.core/../key.ui/examples/heap/permissions/threads/Fib_startTransfer_contract.key 
408923     DEBUG main            d.u.i.k.p.i.AbstractProblemLoader Environment load took 85.9ns 
408924     INFO  main            d.u.i.k.p.i.AbstractProblemLoader Creating init config 
413530     DEBUG main            d.u.i.k.p.i.AbstractProblemLoader Init config took 4.61s 
413608     INFO  main            d.u.i.k.p.i.AbstractProblemLoader Replaying proof Fib[ThreadSpec::startTransfer()].JML model_behavior operation contract.0 
413609     DEBUG main            d.u.i.k.p.i.IntermediateProofReplayer Proof replay took 7ns 
413711     INFO  main            d.u.i.k.p.r.p.TestFile    ... finished proof: closed. 
414137     INFO  main            d.u.i.k.p.i.AbstractProblemLoader Loading environment from /home/runner/work/key/key/key.core/../key.ui/examples/heap/permissions/threads/Fib_startTransfer_contract.key.proof 
414137     DEBUG main            d.u.i.k.p.i.AbstractProblemLoader Environment load took 100.3ns 
414138     INFO  main            d.u.i.k.p.i.AbstractProblemLoader Creating init config 
418663     DEBUG main            d.u.i.k.p.i.AbstractProblemLoader Init config took 4.53s 
418740     INFO  main            d.u.i.k.p.i.AbstractProblemLoader Replaying proof Fib[ThreadSpec::startTransfer()].JML model_behavior operation contract.0 
418748     DEBUG main            d.u.i.k.p.i.IntermediateProofReplayer Proof replay took 5.99ms 
418748     DEBUG main            d.u.i.k.p.r.p.TestFile    ... success: reloaded. 
418749     INFO  main            d.u.i.k.p.r.p.TestFile    Now processing file /home/runner/work/key/key/key.core/../key.ui/examples/heap/permissions/threads/Fib_workingPermissions_accessible.key 
418749     INFO  main            d.u.i.k.p.i.AbstractProblemLoader Loading environment from /home/runner/work/key/key/key.core/../key.ui/examples/heap/permissions/threads/Fib_workingPermissions_accessible.key 
418749     DEBUG main            d.u.i.k.p.i.AbstractProblemLoader Environment load took 51.8ns 
418750     INFO  main            d.u.i.k.p.i.AbstractProblemLoader Creating init config 
423338     DEBUG main            d.u.i.k.p.i.AbstractProblemLoader Init config took 4.59s 
423430     INFO  main            d.u.i.k.p.i.AbstractProblemLoader Replaying proof Fib[ThreadSpec::workingPermissions()].JML accessible clause.0 
423432     DEBUG main            d.u.i.k.p.i.IntermediateProofReplayer Proof replay took 6.3ns 
423533     INFO  main            d.u.i.k.p.r.p.TestFile    ... finished proof: closed. 
423957     INFO  main            d.u.i.k.p.i.AbstractProblemLoader Loading environment from /home/runner/work/key/key/key.core/../key.ui/examples/heap/permissions/threads/Fib_workingPermissions_accessible.key.proof 
423958     DEBUG main            d.u.i.k.p.i.AbstractProblemLoader Environment load took 129.3ns 
423958     INFO  main            d.u.i.k.p.i.AbstractProblemLoader Creating init config 
428490     DEBUG main            d.u.i.k.p.i.AbstractProblemLoader Init config took 4.53s 
428568     INFO  main            d.u.i.k.p.i.AbstractProblemLoader Replaying proof Fib[ThreadSpec::workingPermissions()].JML accessible clause.0 
428571     DEBUG main            d.u.i.k.p.i.IntermediateProofReplayer Proof replay took 1.72ms 
428572     DEBUG main            d.u.i.k.p.r.p.TestFile    ... success: reloaded. 
428573     INFO  main            d.u.i.k.p.r.p.TestFile    Now processing file /home/runner/work/key/key/key.core/../key.ui/examples/heap/permissions/threads/Plotter_initPost_accessible.key 
428573     INFO  main            d.u.i.k.p.i.AbstractProblemLoader Loading environment from /home/runner/work/key/key/key.core/../key.ui/examples/heap/permissions/threads/Plotter_initPost_accessible.key 
428573     DEBUG main            d.u.i.k.p.i.AbstractProblemLoader Environment load took 88ns 
428574     INFO  main            d.u.i.k.p.i.AbstractProblemLoader Creating init config 
433226     DEBUG main            d.u.i.k.p.i.AbstractProblemLoader Init config took 4.65s 
433302     INFO  main            d.u.i.k.p.i.AbstractProblemLoader Replaying proof Plotter[ThreadSpec2::initPost()].JML accessible clause.0 
433303     DEBUG main            d.u.i.k.p.i.IntermediateProofReplayer Proof replay took 6.9ns 
433405     INFO  main            d.u.i.k.p.r.p.TestFile    ... finished proof: closed. 
433847     INFO  main            d.u.i.k.p.i.AbstractProblemLoader Loading environment from /home/runner/work/key/key/key.core/../key.ui/examples/heap/permissions/threads/Plotter_initPost_accessible.key.proof 
433847     DEBUG main            d.u.i.k.p.i.AbstractProblemLoader Environment load took 93.6ns 
433848     INFO  main            d.u.i.k.p.i.AbstractProblemLoader Creating init config 
438360     DEBUG main            d.u.i.k.p.i.AbstractProblemLoader Init config took 4.51s 
438439     INFO  main            d.u.i.k.p.i.AbstractProblemLoader Replaying proof Plotter[ThreadSpec2::initPost()].JML accessible clause.0 
438450     DEBUG main            d.u.i.k.p.i.IntermediateProofReplayer Proof replay took 8.69ms 
438451     DEBUG main            d.u.i.k.p.r.p.TestFile    ... success: reloaded. 
438452     INFO  main            d.u.i.k.p.r.p.TestFile    Now processing file /home/runner/work/key/key/key.core/../key.ui/examples/heap/permissions/threads/Plotter_inv_accessible1.key 
438452     INFO  main            d.u.i.k.p.i.AbstractProblemLoader Loading environment from /home/runner/work/key/key/key.core/../key.ui/examples/heap/permissions/threads/Plotter_inv_accessible1.key 
438452     DEBUG main            d.u.i.k.p.i.AbstractProblemLoader Environment load took 48.4ns 
438453     INFO  main            d.u.i.k.p.i.AbstractProblemLoader Creating init config 
443043     DEBUG main            d.u.i.k.p.i.AbstractProblemLoader Init config took 4.59s 
443118     INFO  main            d.u.i.k.p.i.AbstractProblemLoader Replaying proof Plotter[java.lang.Object::<inv>()].JML accessible clause.0 
443120     DEBUG main            d.u.i.k.p.i.IntermediateProofReplayer Proof replay took 820.82ns 
443222     INFO  main            d.u.i.k.p.r.p.TestFile    ... finished proof: closed. 
443672     INFO  main            d.u.i.k.p.i.AbstractProblemLoader Loading environment from /home/runner/work/key/key/key.core/../key.ui/examples/heap/permissions/threads/Plotter_inv_accessible1.key.proof 
443672     DEBUG main            d.u.i.k.p.i.AbstractProblemLoader Environment load took 91ns 
443673     INFO  main            d.u.i.k.p.i.AbstractProblemLoader Creating init config 
448192     DEBUG main            d.u.i.k.p.i.AbstractProblemLoader Init config took 4.52s 
448267     INFO  main            d.u.i.k.p.i.AbstractProblemLoader Replaying proof Plotter[java.lang.Object::<inv>()].JML accessible clause.0 
448271     DEBUG main            d.u.i.k.p.i.IntermediateProofReplayer Proof replay took 1.38ms 
448272     DEBUG main            d.u.i.k.p.r.p.TestFile    ... success: reloaded. 
448273     INFO  main            d.u.i.k.p.r.p.TestFile    Now processing file /home/runner/work/key/key/key.core/../key.ui/examples/heap/permissions/threads/Plotter_inv_accessible2.key 
448273     INFO  main            d.u.i.k.p.i.AbstractProblemLoader Loading environment from /home/runner/work/key/key/key.core/../key.ui/examples/heap/permissions/threads/Plotter_inv_accessible2.key 
448273     DEBUG main            d.u.i.k.p.i.AbstractProblemLoader Environment load took 94.3ns 
448274     INFO  main            d.u.i.k.p.i.AbstractProblemLoader Creating init config 
452869     DEBUG main            d.u.i.k.p.i.AbstractProblemLoader Init config took 4.6s 
452960     INFO  main            d.u.i.k.p.i.AbstractProblemLoader Replaying proof Plotter[java.lang.Object::<inv>()].JML accessible clause.1 
452961     DEBUG main            d.u.i.k.p.i.IntermediateProofReplayer Proof replay took 7.2ns 
453063     INFO  main            d.u.i.k.p.r.p.TestFile    ... finished proof: closed. 
453506     INFO  main            d.u.i.k.p.i.AbstractProblemLoader Loading environment from /home/runner/work/key/key/key.core/../key.ui/examples/heap/permissions/threads/Plotter_inv_accessible2.key.proof 
453506     DEBUG main            d.u.i.k.p.i.AbstractProblemLoader Environment load took 107.5ns 
453507     INFO  main            d.u.i.k.p.i.AbstractProblemLoader Creating init config 
458022     DEBUG main            d.u.i.k.p.i.AbstractProblemLoader Init config took 4.51s 
458098     INFO  main            d.u.i.k.p.i.AbstractProblemLoader Replaying proof Plotter[java.lang.Object::<inv>()].JML accessible clause.1 
458101     DEBUG main            d.u.i.k.p.i.IntermediateProofReplayer Proof replay took 1.37ms 
458102     DEBUG main            d.u.i.k.p.r.p.TestFile    ... success: reloaded. 
458103     INFO  main            d.u.i.k.p.r.p.TestFile    Now processing file /home/runner/work/key/key/key.core/../key.ui/examples/heap/permissions/threads/Plotter_joinTransfer_contract.key 
458103     INFO  main            d.u.i.k.p.i.AbstractProblemLoader Loading environment from /home/runner/work/key/key/key.core/../key.ui/examples/heap/permissions/threads/Plotter_joinTransfer_contract.key 
458103     DEBUG main            d.u.i.k.p.i.AbstractProblemLoader Environment load took 91.6ns 
458104     INFO  main            d.u.i.k.p.i.AbstractProblemLoader Creating init config 
462719     DEBUG main            d.u.i.k.p.i.AbstractProblemLoader Init config took 4.61s 
462796     INFO  main            d.u.i.k.p.i.AbstractProblemLoader Replaying proof Plotter[ThreadSpec2::joinTransfer()].JML model_behavior operation contract.0 
462797     DEBUG main            d.u.i.k.p.i.IntermediateProofReplayer Proof replay took 7ns 
462898     INFO  main            d.u.i.k.p.r.p.TestFile    ... finished proof: closed. 
463349     INFO  main            d.u.i.k.p.i.AbstractProblemLoader Loading environment from /home/runner/work/key/key/key.core/../key.ui/examples/heap/permissions/threads/Plotter_joinTransfer_contract.key.proof 
463349     DEBUG main            d.u.i.k.p.i.AbstractProblemLoader Environment load took 88.4ns 
463350     INFO  main            d.u.i.k.p.i.AbstractProblemLoader Creating init config 
467861     DEBUG main            d.u.i.k.p.i.AbstractProblemLoader Init config took 4.51s 
467952     INFO  main            d.u.i.k.p.i.AbstractProblemLoader Replaying proof Plotter[ThreadSpec2::joinTransfer()].JML model_behavior operation contract.0 
467960     DEBUG main            d.u.i.k.p.i.IntermediateProofReplayer Proof replay took 6.5ms 
467960     DEBUG main            d.u.i.k.p.r.p.TestFile    ... success: reloaded. 
467961     INFO  main            d.u.i.k.p.r.p.TestFile    Now processing file /home/runner/work/key/key/key.core/../key.ui/examples/heap/permissions/threads/Plotter_Plotter.key 
467961     INFO  main            d.u.i.k.p.i.AbstractProblemLoader Loading environment from /home/runner/work/key/key/key.core/../key.ui/examples/heap/permissions/threads/Plotter_Plotter.key 
467962     DEBUG main            d.u.i.k.p.i.AbstractProblemLoader Environment load took 50.2ns 
467962     INFO  main            d.u.i.k.p.i.AbstractProblemLoader Creating init config 
472557     DEBUG main            d.u.i.k.p.i.AbstractProblemLoader Init config took 4.59s 
472634     INFO  main            d.u.i.k.p.i.AbstractProblemLoader Replaying proof Plotter[Plotter::Plotter(AFilter,BFilter,Buffer)].JML normal_behavior operation contract.0 
472636     DEBUG main            d.u.i.k.p.i.IntermediateProofReplayer Proof replay took 7.5ns 
474341     INFO  main            d.u.i.k.p.r.p.TestFile    ... finished proof: closed. 
474825     INFO  main            d.u.i.k.p.i.AbstractProblemLoader Loading environment from /home/runner/work/key/key/key.core/../key.ui/examples/heap/permissions/threads/Plotter_Plotter.key.proof 
474826     DEBUG main            d.u.i.k.p.i.AbstractProblemLoader Environment load took 94ns 
474827     INFO  main            d.u.i.k.p.i.AbstractProblemLoader Creating init config 
479388     DEBUG main            d.u.i.k.p.i.AbstractProblemLoader Init config took 4.56s 
479477     INFO  main            d.u.i.k.p.i.AbstractProblemLoader Replaying proof Plotter[Plotter::Plotter(AFilter,BFilter,Buffer)].JML normal_behavior operation contract.0 
479633     DEBUG main            d.u.i.k.p.i.IntermediateProofReplayer Proof replay took 150.65ms 
479634     DEBUG main            d.u.i.k.p.r.p.TestFile    ... success: reloaded. 
479635     INFO  main            d.u.i.k.p.r.p.TestFile    Now processing file /home/runner/work/key/key/key.core/../key.ui/examples/heap/permissions/threads/Plotter_postJoin_accessible.key 
479635     INFO  main            d.u.i.k.p.i.AbstractProblemLoader Loading environment from /home/runner/work/key/key/key.core/../key.ui/examples/heap/permissions/threads/Plotter_postJoin_accessible.key 
479635     DEBUG main            d.u.i.k.p.i.AbstractProblemLoader Environment load took 85.5ns 
479636     INFO  main            d.u.i.k.p.i.AbstractProblemLoader Creating init config 
484211     DEBUG main            d.u.i.k.p.i.AbstractProblemLoader Init config took 4.58s 
484303     INFO  main            d.u.i.k.p.i.AbstractProblemLoader Replaying proof Plotter[ThreadSpec2::postJoin(java.lang.Object)].JML accessible clause.0 
484305     DEBUG main            d.u.i.k.p.i.IntermediateProofReplayer Proof replay took 8.2ns 
484406     INFO  main            d.u.i.k.p.r.p.TestFile    ... finished proof: closed. 
484880     INFO  main            d.u.i.k.p.i.AbstractProblemLoader Loading environment from /home/runner/work/key/key/key.core/../key.ui/examples/heap/permissions/threads/Plotter_postJoin_accessible.key.proof 
484880     DEBUG main            d.u.i.k.p.i.AbstractProblemLoader Environment load took 84.9ns 
484880     INFO  main            d.u.i.k.p.i.AbstractProblemLoader Creating init config 
489360     DEBUG main            d.u.i.k.p.i.AbstractProblemLoader Init config took 4.48s 
489449     INFO  main            d.u.i.k.p.i.AbstractProblemLoader Replaying proof Plotter[ThreadSpec2::postJoin(java.lang.Object)].JML accessible clause.0 
489459     DEBUG main            d.u.i.k.p.i.IntermediateProofReplayer Proof replay took 8.27ms 
489460     DEBUG main            d.u.i.k.p.r.p.TestFile    ... success: reloaded. 
489461     INFO  main            d.u.i.k.p.r.p.TestFile    Now processing file /home/runner/work/key/key/key.core/../key.ui/examples/heap/permissions/threads/Plotter_preStart_accessible.key 
489461     INFO  main            d.u.i.k.p.i.AbstractProblemLoader Loading environment from /home/runner/work/key/key/key.core/../key.ui/examples/heap/permissions/threads/Plotter_preStart_accessible.key 
489461     DEBUG main            d.u.i.k.p.i.AbstractProblemLoader Environment load took 74.5ns 
489462     INFO  main            d.u.i.k.p.i.AbstractProblemLoader Creating init config 
494008     DEBUG main            d.u.i.k.p.i.AbstractProblemLoader Init config took 4.55s 
494106     INFO  main            d.u.i.k.p.i.AbstractProblemLoader Replaying proof Plotter[ThreadSpec2::preStart(java.lang.Object)].JML accessible clause.0 
494107     DEBUG main            d.u.i.k.p.i.IntermediateProofReplayer Proof replay took 7.6ns 
495111     INFO  main            d.u.i.k.p.r.p.TestFile    ... finished proof: closed. 
495619     INFO  main            d.u.i.k.p.i.AbstractProblemLoader Loading environment from /home/runner/work/key/key/key.core/../key.ui/examples/heap/permissions/threads/Plotter_preStart_accessible.key.proof 
495620     DEBUG main            d.u.i.k.p.i.AbstractProblemLoader Environment load took 85.1ns 
495620     INFO  main            d.u.i.k.p.i.AbstractProblemLoader Creating init config 
500124     DEBUG main            d.u.i.k.p.i.AbstractProblemLoader Init config took 4.5s 
500212     INFO  main            d.u.i.k.p.i.AbstractProblemLoader Replaying proof Plotter[ThreadSpec2::preStart(java.lang.Object)].JML accessible clause.0 
500262     DEBUG main            d.u.i.k.p.i.IntermediateProofReplayer Proof replay took 46.91ms 
500264     DEBUG main            d.u.i.k.p.r.p.TestFile    ... success: reloaded. 
500265     INFO  main            d.u.i.k.p.r.p.TestFile    Now processing file /home/runner/work/key/key/key.core/../key.ui/examples/heap/permissions/threads/Plotter_stateInv_accessible.key 
500265     INFO  main            d.u.i.k.p.i.AbstractProblemLoader Loading environment from /home/runner/work/key/key/key.core/../key.ui/examples/heap/permissions/threads/Plotter_stateInv_accessible.key 
500265     DEBUG main            d.u.i.k.p.i.AbstractProblemLoader Environment load took 163.2ns 
500266     INFO  main            d.u.i.k.p.i.AbstractProblemLoader Creating init config 
504826     DEBUG main            d.u.i.k.p.i.AbstractProblemLoader Init config took 4.56s 
504901     INFO  main            d.u.i.k.p.i.AbstractProblemLoader Replaying proof Plotter[ThreadSpec2::stateInv()].JML accessible clause.0 
504903     DEBUG main            d.u.i.k.p.i.IntermediateProofReplayer Proof replay took 7.4ns 
512252     INFO  main            d.u.i.k.p.r.p.TestFile    ... finished proof: closed. 
512760     INFO  main            d.u.i.k.p.i.AbstractProblemLoader Loading environment from /home/runner/work/key/key/key.core/../key.ui/examples/heap/permissions/threads/Plotter_stateInv_accessible.key.proof 
512760     DEBUG main            d.u.i.k.p.i.AbstractProblemLoader Environment load took 85.4ns 
512762     INFO  main            d.u.i.k.p.i.AbstractProblemLoader Creating init config 
517253     DEBUG main            d.u.i.k.p.i.AbstractProblemLoader Init config took 4.49s 
517330     INFO  main            d.u.i.k.p.i.AbstractProblemLoader Replaying proof Plotter[ThreadSpec2::stateInv()].JML accessible clause.0 
517716     DEBUG main            d.u.i.k.p.i.IntermediateProofReplayer Proof replay took 371.64ms 
517717     DEBUG main            d.u.i.k.p.r.p.TestFile    ... success: reloaded. 
517718     INFO  main            d.u.i.k.p.r.p.TestFile    Now processing file /home/runner/work/key/key/key.core/../key.ui/examples/heap/permissions/threads/Plotter_staticPermissions_accessible.key 
517719     INFO  main            d.u.i.k.p.i.AbstractProblemLoader Loading environment from /home/runner/work/key/key/key.core/../key.ui/examples/heap/permissions/threads/Plotter_staticPermissions_accessible.key 
517719     DEBUG main            d.u.i.k.p.i.AbstractProblemLoader Environment load took 75.3ns 
517720     INFO  main            d.u.i.k.p.i.AbstractProblemLoader Creating init config 
522302     DEBUG main            d.u.i.k.p.i.AbstractProblemLoader Init config took 4.58s 
522379     INFO  main            d.u.i.k.p.i.AbstractProblemLoader Replaying proof Plotter[ThreadSpec2::staticPermissions()].JML accessible clause.0 
522380     DEBUG main            d.u.i.k.p.i.IntermediateProofReplayer Proof replay took 44.3ns 
523283     INFO  main            d.u.i.k.p.r.p.TestFile    ... finished proof: closed. 
523763     INFO  main            d.u.i.k.p.i.AbstractProblemLoader Loading environment from /home/runner/work/key/key/key.core/../key.ui/examples/heap/permissions/threads/Plotter_staticPermissions_accessible.key.proof 
523763     DEBUG main            d.u.i.k.p.i.AbstractProblemLoader Environment load took 82.4ns 
523764     INFO  main            d.u.i.k.p.i.AbstractProblemLoader Creating init config 
528256     DEBUG main            d.u.i.k.p.i.AbstractProblemLoader Init config took 4.49s 
528332     INFO  main            d.u.i.k.p.i.AbstractProblemLoader Replaying proof Plotter[ThreadSpec2::staticPermissions()].JML accessible clause.0 
528373     DEBUG main            d.u.i.k.p.i.IntermediateProofReplayer Proof replay took 37.93ms 
528374     DEBUG main            d.u.i.k.p.r.p.TestFile    ... success: reloaded. 
528375     INFO  main            d.u.i.k.p.r.p.TestFile    Now processing file /home/runner/work/key/key/key.core/../key.ui/examples/heap/permissions/threads/Plotter_workingPermissions_accessible.key 
528375     INFO  main            d.u.i.k.p.i.AbstractProblemLoader Loading environment from /home/runner/work/key/key/key.core/../key.ui/examples/heap/permissions/threads/Plotter_workingPermissions_accessible.key 
528375     DEBUG main            d.u.i.k.p.i.AbstractProblemLoader Environment load took 97.6ns 
528376     INFO  main            d.u.i.k.p.i.AbstractProblemLoader Creating init config 
532938     DEBUG main            d.u.i.k.p.i.AbstractProblemLoader Init config took 4.56s 
533013     INFO  main            d.u.i.k.p.i.AbstractProblemLoader Replaying proof Plotter[ThreadSpec2::workingPermissions()].JML accessible clause.0 
533014     DEBUG main            d.u.i.k.p.i.IntermediateProofReplayer Proof replay took 3.5ns 
533216     INFO  main            d.u.i.k.p.r.p.TestFile    ... finished proof: closed. 
533719     INFO  main            d.u.i.k.p.i.AbstractProblemLoader Loading environment from /home/runner/work/key/key/key.core/../key.ui/examples/heap/permissions/threads/Plotter_workingPermissions_accessible.key.proof 
533719     DEBUG main            d.u.i.k.p.i.AbstractProblemLoader Environment load took 80.4ns 
533720     INFO  main            d.u.i.k.p.i.AbstractProblemLoader Creating init config 
538230     DEBUG main            d.u.i.k.p.i.AbstractProblemLoader Init config took 4.51s 
538312     INFO  main            d.u.i.k.p.i.AbstractProblemLoader Replaying proof Plotter[ThreadSpec2::workingPermissions()].JML accessible clause.0 
538325     DEBUG main            d.u.i.k.p.i.IntermediateProofReplayer Proof replay took 10.76ms 
538326     DEBUG main            d.u.i.k.p.r.p.TestFile    ... success: reloaded. 
538327     INFO  main            d.u.i.k.p.r.p.TestFile    Now processing file /home/runner/work/key/key/key.core/../key.ui/examples/heap/permissions/threads/Sampler_initPost_accessible.key 
538327     INFO  main            d.u.i.k.p.i.AbstractProblemLoader Loading environment from /home/runner/work/key/key/key.core/../key.ui/examples/heap/permissions/threads/Sampler_initPost_accessible.key 
538327     DEBUG main            d.u.i.k.p.i.AbstractProblemLoader Environment load took 83.8ns 
538328     INFO  main            d.u.i.k.p.i.AbstractProblemLoader Creating init config 
542904     DEBUG main            d.u.i.k.p.i.AbstractProblemLoader Init config took 4.58s 
542982     INFO  main            d.u.i.k.p.i.AbstractProblemLoader Replaying proof Sampler[ThreadSpec2::initPost()].JML accessible clause.0 
542983     DEBUG main            d.u.i.k.p.i.IntermediateProofReplayer Proof replay took 3.1ns 
543085     INFO  main            d.u.i.k.p.r.p.TestFile    ... finished proof: closed. 
543587     INFO  main            d.u.i.k.p.i.AbstractProblemLoader Loading environment from /home/runner/work/key/key/key.core/../key.ui/examples/heap/permissions/threads/Sampler_initPost_accessible.key.proof 
543587     DEBUG main            d.u.i.k.p.i.AbstractProblemLoader Environment load took 77.7ns 
543588     INFO  main            d.u.i.k.p.i.AbstractProblemLoader Creating init config 
548077     DEBUG main            d.u.i.k.p.i.AbstractProblemLoader Init config took 4.49s 
548154     INFO  main            d.u.i.k.p.i.AbstractProblemLoader Replaying proof Sampler[ThreadSpec2::initPost()].JML accessible clause.0 
548159     DEBUG main            d.u.i.k.p.i.IntermediateProofReplayer Proof replay took 4.08ms 
548160     DEBUG main            d.u.i.k.p.r.p.TestFile    ... success: reloaded. 
548161     INFO  main            d.u.i.k.p.r.p.TestFile    Now processing file /home/runner/work/key/key/key.core/../key.ui/examples/heap/permissions/threads/Sampler_inv_accessible1.key 
548161     INFO  main            d.u.i.k.p.i.AbstractProblemLoader Loading environment from /home/runner/work/key/key/key.core/../key.ui/examples/heap/permissions/threads/Sampler_inv_accessible1.key 
548161     DEBUG main            d.u.i.k.p.i.AbstractProblemLoader Environment load took 68.5ns 
548162     INFO  main            d.u.i.k.p.i.AbstractProblemLoader Creating init config 
552720     DEBUG main            d.u.i.k.p.i.AbstractProblemLoader Init config took 4.56s 
552798     INFO  main            d.u.i.k.p.i.AbstractProblemLoader Replaying proof Sampler[java.lang.Object::<inv>()].JML accessible clause.0 
552800     DEBUG main            d.u.i.k.p.i.IntermediateProofReplayer Proof replay took 3.8ns 
552901     INFO  main            d.u.i.k.p.r.p.TestFile    ... finished proof: closed. 
553405     INFO  main            d.u.i.k.p.i.AbstractProblemLoader Loading environment from /home/runner/work/key/key/key.core/../key.ui/examples/heap/permissions/threads/Sampler_inv_accessible1.key.proof 
553405     DEBUG main            d.u.i.k.p.i.AbstractProblemLoader Environment load took 111.7ns 
553406     INFO  main            d.u.i.k.p.i.AbstractProblemLoader Creating init config 
557883     DEBUG main            d.u.i.k.p.i.AbstractProblemLoader Init config took 4.48s 
557957     INFO  main            d.u.i.k.p.i.AbstractProblemLoader Replaying proof Sampler[java.lang.Object::<inv>()].JML accessible clause.0 
557960     DEBUG main            d.u.i.k.p.i.IntermediateProofReplayer Proof replay took 1.26ms 
557961     DEBUG main            d.u.i.k.p.r.p.TestFile    ... success: reloaded. 
557961     INFO  main            d.u.i.k.p.r.p.TestFile    Now processing file /home/runner/work/key/key/key.core/../key.ui/examples/heap/permissions/threads/Sampler_inv_accessible2.key 
557962     INFO  main            d.u.i.k.p.i.AbstractProblemLoader Loading environment from /home/runner/work/key/key/key.core/../key.ui/examples/heap/permissions/threads/Sampler_inv_accessible2.key 
557962     DEBUG main            d.u.i.k.p.i.AbstractProblemLoader Environment load took 41.6ns 
557962     INFO  main            d.u.i.k.p.i.AbstractProblemLoader Creating init config 
562503     DEBUG main            d.u.i.k.p.i.AbstractProblemLoader Init config took 4.54s 
562606     INFO  main            d.u.i.k.p.i.AbstractProblemLoader Replaying proof Sampler[java.lang.Object::<inv>()].JML accessible clause.1 
562607     DEBUG main            d.u.i.k.p.i.IntermediateProofReplayer Proof replay took 3.2ns 
562709     INFO  main            d.u.i.k.p.r.p.TestFile    ... finished proof: closed. 
563209     INFO  main            d.u.i.k.p.i.AbstractProblemLoader Loading environment from /home/runner/work/key/key/key.core/../key.ui/examples/heap/permissions/threads/Sampler_inv_accessible2.key.proof 
563209     DEBUG main            d.u.i.k.p.i.AbstractProblemLoader Environment load took 73.6ns 
563210     INFO  main            d.u.i.k.p.i.AbstractProblemLoader Creating init config 
567685     DEBUG main            d.u.i.k.p.i.AbstractProblemLoader Init config took 4.48s 
567761     INFO  main            d.u.i.k.p.i.AbstractProblemLoader Replaying proof Sampler[java.lang.Object::<inv>()].JML accessible clause.1 
567763     DEBUG main            d.u.i.k.p.i.IntermediateProofReplayer Proof replay took 1.37ms 
567764     DEBUG main            d.u.i.k.p.r.p.TestFile    ... success: reloaded. 
567765     INFO  main            d.u.i.k.p.r.p.TestFile    Now processing file /home/runner/work/key/key/key.core/../key.ui/examples/heap/permissions/threads/Sampler_joinTransfer_accessible.key 
567765     INFO  main            d.u.i.k.p.i.AbstractProblemLoader Loading environment from /home/runner/work/key/key/key.core/../key.ui/examples/heap/permissions/threads/Sampler_joinTransfer_accessible.key 
567765     DEBUG main            d.u.i.k.p.i.AbstractProblemLoader Environment load took 60.1ns 
567766     INFO  main            d.u.i.k.p.i.AbstractProblemLoader Creating init config 
572331     DEBUG main            d.u.i.k.p.i.AbstractProblemLoader Init config took 4.57s 
572408     INFO  main            d.u.i.k.p.i.AbstractProblemLoader Replaying proof Sampler[ThreadSpec2::joinTransfer()].JML accessible clause.0 
572410     DEBUG main            d.u.i.k.p.i.IntermediateProofReplayer Proof replay took 3.3ns 
575540     INFO  main            d.u.i.k.p.r.p.TestFile    ... finished proof: closed. 
576063     INFO  main            d.u.i.k.p.i.AbstractProblemLoader Loading environment from /home/runner/work/key/key/key.core/../key.ui/examples/heap/permissions/threads/Sampler_joinTransfer_accessible.key.proof 
576063     DEBUG main            d.u.i.k.p.i.AbstractProblemLoader Environment load took 136.8ns 
576064     INFO  main            d.u.i.k.p.i.AbstractProblemLoader Creating init config 
580541     DEBUG main            d.u.i.k.p.i.AbstractProblemLoader Init config took 4.48s 
580623     INFO  main            d.u.i.k.p.i.AbstractProblemLoader Replaying proof Sampler[ThreadSpec2::joinTransfer()].JML accessible clause.0 
581075     DEBUG main            d.u.i.k.p.i.IntermediateProofReplayer Proof replay took 440.42ms 
581076     DEBUG main            d.u.i.k.p.r.p.TestFile    ... success: reloaded. 
581077     INFO  main            d.u.i.k.p.r.p.TestFile    Now processing file /home/runner/work/key/key/key.core/../key.ui/examples/heap/permissions/threads/Sampler_joinTransfer_contract.key 
581077     INFO  main            d.u.i.k.p.i.AbstractProblemLoader Loading environment from /home/runner/work/key/key/key.core/../key.ui/examples/heap/permissions/threads/Sampler_joinTransfer_contract.key 
581077     DEBUG main            d.u.i.k.p.i.AbstractProblemLoader Environment load took 44ns 
581078     INFO  main            d.u.i.k.p.i.AbstractProblemLoader Creating init config 
585635     DEBUG main            d.u.i.k.p.i.AbstractProblemLoader Init config took 4.56s 
585711     INFO  main            d.u.i.k.p.i.AbstractProblemLoader Replaying proof Sampler[ThreadSpec2::joinTransfer()].JML model_behavior operation contract.0 
585712     DEBUG main            d.u.i.k.p.i.IntermediateProofReplayer Proof replay took 3.3ns 
585814     INFO  main            d.u.i.k.p.r.p.TestFile    ... finished proof: closed. 
586338     INFO  main            d.u.i.k.p.i.AbstractProblemLoader Loading environment from /home/runner/work/key/key/key.core/../key.ui/examples/heap/permissions/threads/Sampler_joinTransfer_contract.key.proof 
586338     DEBUG main            d.u.i.k.p.i.AbstractProblemLoader Environment load took 316.2ns 
586339     INFO  main            d.u.i.k.p.i.AbstractProblemLoader Creating init config 
590815     DEBUG main            d.u.i.k.p.i.AbstractProblemLoader Init config took 4.48s 
590891     INFO  main            d.u.i.k.p.i.AbstractProblemLoader Replaying proof Sampler[ThreadSpec2::joinTransfer()].JML model_behavior operation contract.0 
590898     DEBUG main            d.u.i.k.p.i.IntermediateProofReplayer Proof replay took 5.86ms 
590899     DEBUG main            d.u.i.k.p.r.p.TestFile    ... success: reloaded. 
590900     INFO  main            d.u.i.k.p.r.p.TestFile    Now processing file /home/runner/work/key/key/key.core/../key.ui/examples/heap/permissions/threads/Sampler_postJoin_accessible.key 
590900     INFO  main            d.u.i.k.p.i.AbstractProblemLoader Loading environment from /home/runner/work/key/key/key.core/../key.ui/examples/heap/permissions/threads/Sampler_postJoin_accessible.key 
590900     DEBUG main            d.u.i.k.p.i.AbstractProblemLoader Environment load took 40.4ns 
590901     INFO  main            d.u.i.k.p.i.AbstractProblemLoader Creating init config 
595471     DEBUG main            d.u.i.k.p.i.AbstractProblemLoader Init config took 4.57s 
595546     INFO  main            d.u.i.k.p.i.AbstractProblemLoader Replaying proof Sampler[ThreadSpec2::postJoin(java.lang.Object)].JML accessible clause.0 
595547     DEBUG main            d.u.i.k.p.i.IntermediateProofReplayer Proof replay took 4.1ns 
595649     INFO  main            d.u.i.k.p.r.p.TestFile    ... finished proof: closed. 
596174     INFO  main            d.u.i.k.p.i.AbstractProblemLoader Loading environment from /home/runner/work/key/key/key.core/../key.ui/examples/heap/permissions/threads/Sampler_postJoin_accessible.key.proof 
596174     DEBUG main            d.u.i.k.p.i.AbstractProblemLoader Environment load took 71.3ns 
596175     INFO  main            d.u.i.k.p.i.AbstractProblemLoader Creating init config 
600651     DEBUG main            d.u.i.k.p.i.AbstractProblemLoader Init config took 4.48s 
600726     INFO  main            d.u.i.k.p.i.AbstractProblemLoader Replaying proof Sampler[ThreadSpec2::postJoin(java.lang.Object)].JML accessible clause.0 
600734     DEBUG main            d.u.i.k.p.i.IntermediateProofReplayer Proof replay took 6.63ms 
600735     DEBUG main            d.u.i.k.p.r.p.TestFile    ... success: reloaded. 
600736     INFO  main            d.u.i.k.p.r.p.TestFile    Now processing file /home/runner/work/key/key/key.core/../key.ui/examples/heap/permissions/threads/Sampler_preStart_accessible.key 
600736     INFO  main            d.u.i.k.p.i.AbstractProblemLoader Loading environment from /home/runner/work/key/key/key.core/../key.ui/examples/heap/permissions/threads/Sampler_preStart_accessible.key 
600736     DEBUG main            d.u.i.k.p.i.AbstractProblemLoader Environment load took 43ns 
600737     INFO  main            d.u.i.k.p.i.AbstractProblemLoader Creating init config 
605312     DEBUG main            d.u.i.k.p.i.AbstractProblemLoader Init config took 4.58s 
605387     INFO  main            d.u.i.k.p.i.AbstractProblemLoader Replaying proof Sampler[ThreadSpec2::preStart(java.lang.Object)].JML accessible clause.0 
605388     DEBUG main            d.u.i.k.p.i.IntermediateProofReplayer Proof replay took 3.6ns 
605489     INFO  main            d.u.i.k.p.r.p.TestFile    ... finished proof: closed. 
606020     INFO  main            d.u.i.k.p.i.AbstractProblemLoader Loading environment from /home/runner/work/key/key/key.core/../key.ui/examples/heap/permissions/threads/Sampler_preStart_accessible.key.proof 
606020     DEBUG main            d.u.i.k.p.i.AbstractProblemLoader Environment load took 71.1ns 
606020     INFO  main            d.u.i.k.p.i.AbstractProblemLoader Creating init config 
610501     DEBUG main            d.u.i.k.p.i.AbstractProblemLoader Init config took 4.48s 
610576     INFO  main            d.u.i.k.p.i.AbstractProblemLoader Replaying proof Sampler[ThreadSpec2::preStart(java.lang.Object)].JML accessible clause.0 
610584     DEBUG main            d.u.i.k.p.i.IntermediateProofReplayer Proof replay took 6.57ms 
610584     DEBUG main            d.u.i.k.p.r.p.TestFile    ... success: reloaded. 
610585     INFO  main            d.u.i.k.p.r.p.TestFile    Now processing file /home/runner/work/key/key/key.core/../key.ui/examples/heap/permissions/threads/Sampler_run.key 
610585     INFO  main            d.u.i.k.p.i.AbstractProblemLoader Loading environment from /home/runner/work/key/key/key.core/../key.ui/examples/heap/permissions/threads/Sampler_run.key 
610585     DEBUG main            d.u.i.k.p.i.AbstractProblemLoader Environment load took 53.9ns 
610586     INFO  main            d.u.i.k.p.i.AbstractProblemLoader Creating init config 
615169     DEBUG main            d.u.i.k.p.i.AbstractProblemLoader Init config took 4.58s 
615261     INFO  main            d.u.i.k.p.i.AbstractProblemLoader Replaying proof Sampler[ThreadSpec2::run()].JML normal_behavior operation contract.0 
615262     DEBUG main            d.u.i.k.p.i.IntermediateProofReplayer Proof replay took 3.4ns 
615363     INFO  main            d.u.i.k.p.r.p.TestFile    ... finished proof: closed. 
615905     INFO  main            d.u.i.k.p.i.AbstractProblemLoader Loading environment from /home/runner/work/key/key/key.core/../key.ui/examples/heap/permissions/threads/Sampler_run.key.proof 
615905     DEBUG main            d.u.i.k.p.i.AbstractProblemLoader Environment load took 74.9ns 
615906     INFO  main            d.u.i.k.p.i.AbstractProblemLoader Creating init config 
620388     DEBUG main            d.u.i.k.p.i.AbstractProblemLoader Init config took 4.48s 
620478     INFO  main            d.u.i.k.p.i.AbstractProblemLoader Replaying proof Sampler[ThreadSpec2::run()].JML normal_behavior operation contract.0 
620504     DEBUG main            d.u.i.k.p.i.IntermediateProofReplayer Proof replay took 25.01ms 
620505     DEBUG main            d.u.i.k.p.r.p.TestFile    ... success: reloaded. 
620506     INFO  main            d.u.i.k.p.r.p.TestFile    Now processing file /home/runner/work/key/key/key.core/../key.ui/examples/heap/permissions/threads/Sampler_Sampler.key 
620506     INFO  main            d.u.i.k.p.i.AbstractProblemLoader Loading environment from /home/runner/work/key/key/key.core/../key.ui/examples/heap/permissions/threads/Sampler_Sampler.key 
620506     DEBUG main            d.u.i.k.p.i.AbstractProblemLoader Environment load took 72.5ns 
620507     INFO  main            d.u.i.k.p.i.AbstractProblemLoader Creating init config 
625071     DEBUG main            d.u.i.k.p.i.AbstractProblemLoader Init config took 4.56s 
625147     INFO  main            d.u.i.k.p.i.AbstractProblemLoader Replaying proof Sampler[Sampler::Sampler(Buffer)].JML normal_behavior operation contract.0 
625148     DEBUG main            d.u.i.k.p.i.IntermediateProofReplayer Proof replay took 3ns 
625651     INFO  main            d.u.i.k.p.r.p.TestFile    ... finished proof: closed. 
626226     INFO  main            d.u.i.k.p.i.AbstractProblemLoader Loading environment from /home/runner/work/key/key/key.core/../key.ui/examples/heap/permissions/threads/Sampler_Sampler.key.proof 
626226     DEBUG main            d.u.i.k.p.i.AbstractProblemLoader Environment load took 75.5ns 
626227     INFO  main            d.u.i.k.p.i.AbstractProblemLoader Creating init config 
630739     DEBUG main            d.u.i.k.p.i.AbstractProblemLoader Init config took 4.51s 
630816     INFO  main            d.u.i.k.p.i.AbstractProblemLoader Replaying proof Sampler[Sampler::Sampler(Buffer)].JML normal_behavior operation contract.0 
630878     DEBUG main            d.u.i.k.p.i.IntermediateProofReplayer Proof replay took 59.54ms 
630879     DEBUG main            d.u.i.k.p.r.p.TestFile    ... success: reloaded. 
630879     INFO  main            d.u.i.k.p.r.p.TestFile    Now processing file /home/runner/work/key/key/key.core/../key.ui/examples/heap/permissions/threads/Sampler_startTransfer_accessible.key 
630880     INFO  main            d.u.i.k.p.i.AbstractProblemLoader Loading environment from /home/runner/work/key/key/key.core/../key.ui/examples/heap/permissions/threads/Sampler_startTransfer_accessible.key 
630880     DEBUG main            d.u.i.k.p.i.AbstractProblemLoader Environment load took 94.4ns 
630880     INFO  main            d.u.i.k.p.i.AbstractProblemLoader Creating init config 
635454     DEBUG main            d.u.i.k.p.i.AbstractProblemLoader Init config took 4.57s 
635530     INFO  main            d.u.i.k.p.i.AbstractProblemLoader Replaying proof Sampler[ThreadSpec2::startTransfer()].JML accessible clause.0 
635531     DEBUG main            d.u.i.k.p.i.IntermediateProofReplayer Proof replay took 3ns 
638957     INFO  main            d.u.i.k.p.r.p.TestFile    ... finished proof: closed. 
639519     INFO  main            d.u.i.k.p.i.AbstractProblemLoader Loading environment from /home/runner/work/key/key/key.core/../key.ui/examples/heap/permissions/threads/Sampler_startTransfer_accessible.key.proof 
639519     DEBUG main            d.u.i.k.p.i.AbstractProblemLoader Environment load took 77.2ns 
639520     INFO  main            d.u.i.k.p.i.AbstractProblemLoader Creating init config 
644011     DEBUG main            d.u.i.k.p.i.AbstractProblemLoader Init config took 4.49s 
644086     INFO  main            d.u.i.k.p.i.AbstractProblemLoader Replaying proof Sampler[ThreadSpec2::startTransfer()].JML accessible clause.0 
644447     DEBUG main            d.u.i.k.p.i.IntermediateProofReplayer Proof replay took 350.67ms 
644448     DEBUG main            d.u.i.k.p.r.p.TestFile    ... success: reloaded. 
644449     INFO  main            d.u.i.k.p.r.p.TestFile    Now processing file /home/runner/work/key/key/key.core/../key.ui/examples/heap/permissions/threads/Sampler_startTransfer_contract.key 
644449     INFO  main            d.u.i.k.p.i.AbstractProblemLoader Loading environment from /home/runner/work/key/key/key.core/../key.ui/examples/heap/permissions/threads/Sampler_startTransfer_contract.key 
644449     DEBUG main            d.u.i.k.p.i.AbstractProblemLoader Environment load took 91.7ns 
644450     INFO  main            d.u.i.k.p.i.AbstractProblemLoader Creating init config 
649019     DEBUG main            d.u.i.k.p.i.AbstractProblemLoader Init config took 4.57s 
649095     INFO  main            d.u.i.k.p.i.AbstractProblemLoader Replaying proof Sampler[ThreadSpec2::startTransfer()].JML model_behavior operation contract.0 
649096     DEBUG main            d.u.i.k.p.i.IntermediateProofReplayer Proof replay took 3ns 
649197     INFO  main            d.u.i.k.p.r.p.TestFile    ... finished proof: closed. 
649754     INFO  main            d.u.i.k.p.i.AbstractProblemLoader Loading environment from /home/runner/work/key/key/key.core/../key.ui/examples/heap/permissions/threads/Sampler_startTransfer_contract.key.proof 
649754     DEBUG main            d.u.i.k.p.i.AbstractProblemLoader Environment load took 70.6ns 
649755     INFO  main            d.u.i.k.p.i.AbstractProblemLoader Creating init config 
654250     DEBUG main            d.u.i.k.p.i.AbstractProblemLoader Init config took 4.49s 
654326     INFO  main            d.u.i.k.p.i.AbstractProblemLoader Replaying proof Sampler[ThreadSpec2::startTransfer()].JML model_behavior operation contract.0 
654333     DEBUG main            d.u.i.k.p.i.IntermediateProofReplayer Proof replay took 5.99ms 
654334     DEBUG main            d.u.i.k.p.r.p.TestFile    ... success: reloaded. 
654334     INFO  main            d.u.i.k.p.r.p.TestFile    Now processing file /home/runner/work/key/key/key.core/../key.ui/examples/heap/permissions/threads/Sampler_stateInv_accessible.key 
654335     INFO  main            d.u.i.k.p.i.AbstractProblemLoader Loading environment from /home/runner/work/key/key/key.core/../key.ui/examples/heap/permissions/threads/Sampler_stateInv_accessible.key 
654335     DEBUG main            d.u.i.k.p.i.AbstractProblemLoader Environment load took 70ns 
654335     INFO  main            d.u.i.k.p.i.AbstractProblemLoader Creating init config 
658903     DEBUG main            d.u.i.k.p.i.AbstractProblemLoader Init config took 4.57s 
658978     INFO  main            d.u.i.k.p.i.AbstractProblemLoader Replaying proof Sampler[ThreadSpec2::stateInv()].JML accessible clause.0 
658979     DEBUG main            d.u.i.k.p.i.IntermediateProofReplayer Proof replay took 2.8ns 
659081     INFO  main            d.u.i.k.p.r.p.TestFile    ... finished proof: closed. 
659642     INFO  main            d.u.i.k.p.i.AbstractProblemLoader Loading environment from /home/runner/work/key/key/key.core/../key.ui/examples/heap/permissions/threads/Sampler_stateInv_accessible.key.proof 
659642     DEBUG main            d.u.i.k.p.i.AbstractProblemLoader Environment load took 69.5ns 
659643     INFO  main            d.u.i.k.p.i.AbstractProblemLoader Creating init config 
664125     DEBUG main            d.u.i.k.p.i.AbstractProblemLoader Init config took 4.48s 
664200     INFO  main            d.u.i.k.p.i.AbstractProblemLoader Replaying proof Sampler[ThreadSpec2::stateInv()].JML accessible clause.0 
664207     DEBUG main            d.u.i.k.p.i.IntermediateProofReplayer Proof replay took 4.6ms 
664208     DEBUG main            d.u.i.k.p.r.p.TestFile    ... success: reloaded. 
664209     INFO  main            d.u.i.k.p.r.p.TestFile    Now processing file /home/runner/work/key/key/key.core/../key.ui/examples/heap/permissions/threads/Sampler_staticPermissions_accessible.key 
664209     INFO  main            d.u.i.k.p.i.AbstractProblemLoader Loading environment from /home/runner/work/key/key/key.core/../key.ui/examples/heap/permissions/threads/Sampler_staticPermissions_accessible.key 
664209     DEBUG main            d.u.i.k.p.i.AbstractProblemLoader Environment load took 159.7ns 
664210     INFO  main            d.u.i.k.p.i.AbstractProblemLoader Creating init config 
668771     DEBUG main            d.u.i.k.p.i.AbstractProblemLoader Init config took 4.56s 
668861     INFO  main            d.u.i.k.p.i.AbstractProblemLoader Replaying proof Sampler[ThreadSpec2::staticPermissions()].JML accessible clause.0 
668862     DEBUG main            d.u.i.k.p.i.IntermediateProofReplayer Proof replay took 3ns 
668967     INFO  main            d.u.i.k.p.r.p.TestFile    ... finished proof: closed. 
669530     INFO  main            d.u.i.k.p.i.AbstractProblemLoader Loading environment from /home/runner/work/key/key/key.core/../key.ui/examples/heap/permissions/threads/Sampler_staticPermissions_accessible.key.proof 
669530     DEBUG main            d.u.i.k.p.i.AbstractProblemLoader Environment load took 66.2ns 
669531     INFO  main            d.u.i.k.p.i.AbstractProblemLoader Creating init config 
674017     DEBUG main            d.u.i.k.p.i.AbstractProblemLoader Init config took 4.49s 
674093     INFO  main            d.u.i.k.p.i.AbstractProblemLoader Replaying proof Sampler[ThreadSpec2::staticPermissions()].JML accessible clause.0 
674098     DEBUG main            d.u.i.k.p.i.IntermediateProofReplayer Proof replay took 3.49ms 
674099     DEBUG main            d.u.i.k.p.r.p.TestFile    ... success: reloaded. 
674100     INFO  main            d.u.i.k.p.r.p.TestFile    Now processing file /home/runner/work/key/key/key.core/../key.ui/examples/heap/permissions/threads/Sampler_workingPermissions_accessible.key 
674100     INFO  main            d.u.i.k.p.i.AbstractProblemLoader Loading environment from /home/runner/work/key/key/key.core/../key.ui/examples/heap/permissions/threads/Sampler_workingPermissions_accessible.key 
674100     DEBUG main            d.u.i.k.p.i.AbstractProblemLoader Environment load took 47.3ns 
674101     INFO  main            d.u.i.k.p.i.AbstractProblemLoader Creating init config 
678669     DEBUG main            d.u.i.k.p.i.AbstractProblemLoader Init config took 4.57s 
678745     INFO  main            d.u.i.k.p.i.AbstractProblemLoader Replaying proof Sampler[ThreadSpec2::workingPermissions()].JML accessible clause.0 
678746     DEBUG main            d.u.i.k.p.i.IntermediateProofReplayer Proof replay took 3.2ns 
678847     INFO  main            d.u.i.k.p.r.p.TestFile    ... finished proof: closed. 
679419     INFO  main            d.u.i.k.p.i.AbstractProblemLoader Loading environment from /home/runner/work/key/key/key.core/../key.ui/examples/heap/permissions/threads/Sampler_workingPermissions_accessible.key.proof 
679420     DEBUG main            d.u.i.k.p.i.AbstractProblemLoader Environment load took 70.9ns 
679420     INFO  main            d.u.i.k.p.i.AbstractProblemLoader Creating init config 
683903     DEBUG main            d.u.i.k.p.i.AbstractProblemLoader Init config took 4.48s 
683978     INFO  main            d.u.i.k.p.i.AbstractProblemLoader Replaying proof Sampler[ThreadSpec2::workingPermissions()].JML accessible clause.0 
683983     DEBUG main            d.u.i.k.p.i.IntermediateProofReplayer Proof replay took 3.74ms 
683983     DEBUG main            d.u.i.k.p.r.p.TestFile    ... success: reloaded. 
683984     INFO  main            d.u.i.k.p.r.p.TestFile    Now processing file /home/runner/work/key/key/key.core/../key.ui/examples/heap/permissions/mulleretal/ReadWrite_doRead_contract.key 
683984     INFO  main            d.u.i.k.p.i.AbstractProblemLoader Loading environment from /home/runner/work/key/key/key.core/../key.ui/examples/heap/permissions/mulleretal/ReadWrite_doRead_contract.key 
683984     DEBUG main            d.u.i.k.p.i.AbstractProblemLoader Environment load took 42ns 
683985     INFO  main            d.u.i.k.p.i.AbstractProblemLoader Creating init config 
686581     DEBUG main            d.u.i.k.p.i.AbstractProblemLoader Init config took 2.6s 
686633     INFO  main            d.u.i.k.p.i.AbstractProblemLoader Replaying proof ReadWrite[ReadWrite::doRead()].JML normal_behavior operation contract.0 
686635     DEBUG main            d.u.i.k.p.i.IntermediateProofReplayer Proof replay took 3.1ns 
688147     INFO  main            d.u.i.k.p.r.p.TestFile    ... finished proof: closed. 
688761     INFO  main            d.u.i.k.p.i.AbstractProblemLoader Loading environment from /home/runner/work/key/key/key.core/../key.ui/examples/heap/permissions/mulleretal/ReadWrite_doRead_contract.key.proof 
688761     DEBUG main            d.u.i.k.p.i.AbstractProblemLoader Environment load took 78.8ns 
688762     INFO  main            d.u.i.k.p.i.AbstractProblemLoader Creating init config 
691407     DEBUG main            d.u.i.k.p.i.AbstractProblemLoader Init config took 2.65s 
691451     INFO  main            d.u.i.k.p.i.AbstractProblemLoader Replaying proof ReadWrite[ReadWrite::doRead()].JML normal_behavior operation contract.0 
691839     DEBUG main            d.u.i.k.p.i.IntermediateProofReplayer Proof replay took 380.02ms 
691840     DEBUG main            d.u.i.k.p.r.p.TestFile    ... success: reloaded. 
691840     INFO  main            d.u.i.k.p.r.p.TestFile    Now processing file /home/runner/work/key/key/key.core/../key.ui/examples/heap/permissions/mulleretal/ReadWrite_doWrite_contract.key 
691841     INFO  main            d.u.i.k.p.i.AbstractProblemLoader Loading environment from /home/runner/work/key/key/key.core/../key.ui/examples/heap/permissions/mulleretal/ReadWrite_doWrite_contract.key 
691841     DEBUG main            d.u.i.k.p.i.AbstractProblemLoader Environment load took 145.7ns 
691851     INFO  main            d.u.i.k.p.i.AbstractProblemLoader Creating init config 
694675     DEBUG main            d.u.i.k.p.i.AbstractProblemLoader Init config took 2.82s 
694708     INFO  main            d.u.i.k.p.i.AbstractProblemLoader Replaying proof ReadWrite[ReadWrite::doWrite()].JML normal_behavior operation contract.0 
694709     DEBUG main            d.u.i.k.p.i.IntermediateProofReplayer Proof replay took 3.6ns 
696214     INFO  main            d.u.i.k.p.r.p.TestFile    ... finished proof: closed. 
696839     INFO  main            d.u.i.k.p.i.AbstractProblemLoader Loading environment from /home/runner/work/key/key/key.core/../key.ui/examples/heap/permissions/mulleretal/ReadWrite_doWrite_contract.key.proof 
696839     DEBUG main            d.u.i.k.p.i.AbstractProblemLoader Environment load took 79.5ns 
696840     INFO  main            d.u.i.k.p.i.AbstractProblemLoader Creating init config 
699536     DEBUG main            d.u.i.k.p.i.AbstractProblemLoader Init config took 2.7s 
699575     INFO  main            d.u.i.k.p.i.AbstractProblemLoader Replaying proof ReadWrite[ReadWrite::doWrite()].JML normal_behavior operation contract.0 
700074     DEBUG main            d.u.i.k.p.i.IntermediateProofReplayer Proof replay took 485ms 
700076     DEBUG main            d.u.i.k.p.r.p.TestFile    ... success: reloaded. 
700077     INFO  main            d.u.i.k.p.r.p.TestFile    Now processing file /home/runner/work/key/key/key.core/../key.ui/examples/heap/permissions/mulleretal/ReadWrite_read_contract.key 
700077     INFO  main            d.u.i.k.p.i.AbstractProblemLoader Loading environment from /home/runner/work/key/key/key.core/../key.ui/examples/heap/permissions/mulleretal/ReadWrite_read_contract.key 
700077     DEBUG main            d.u.i.k.p.i.AbstractProblemLoader Environment load took 141.1ns 
700078     INFO  main            d.u.i.k.p.i.AbstractProblemLoader Creating init config 
702821     DEBUG main            d.u.i.k.p.i.AbstractProblemLoader Init config took 2.74s 
702855     INFO  main            d.u.i.k.p.i.AbstractProblemLoader Replaying proof ReadWrite[ReadWrite::read()].JML normal_behavior operation contract.0 
702857     DEBUG main            d.u.i.k.p.i.IntermediateProofReplayer Proof replay took 3.1ns 
702958     INFO  main            d.u.i.k.p.r.p.TestFile    ... finished proof: closed. 
703535     INFO  main            d.u.i.k.p.i.AbstractProblemLoader Loading environment from /home/runner/work/key/key/key.core/../key.ui/examples/heap/permissions/mulleretal/ReadWrite_read_contract.key.proof 
703535     DEBUG main            d.u.i.k.p.i.AbstractProblemLoader Environment load took 72.7ns 
703536     INFO  main            d.u.i.k.p.i.AbstractProblemLoader Creating init config 
706070     DEBUG main            d.u.i.k.p.i.AbstractProblemLoader Init config took 2.53s 
706101     INFO  main            d.u.i.k.p.i.AbstractProblemLoader Replaying proof ReadWrite[ReadWrite::read()].JML normal_behavior operation contract.0 
706107     DEBUG main            d.u.i.k.p.i.IntermediateProofReplayer Proof replay took 4.71ms 
706108     DEBUG main            d.u.i.k.p.r.p.TestFile    ... success: reloaded. 
706109     INFO  main            d.u.i.k.p.r.p.TestFile    Now processing file /home/runner/work/key/key/key.core/../key.ui/examples/heap/permissions/mulleretal/ReadWrite_write_contract.key 
706109     INFO  main            d.u.i.k.p.i.AbstractProblemLoader Loading environment from /home/runner/work/key/key/key.core/../key.ui/examples/heap/permissions/mulleretal/ReadWrite_write_contract.key 
706109     DEBUG main            d.u.i.k.p.i.AbstractProblemLoader Environment load took 53.9ns 
706110     INFO  main            d.u.i.k.p.i.AbstractProblemLoader Creating init config 
708669     DEBUG main            d.u.i.k.p.i.AbstractProblemLoader Init config took 2.56s 
708701     INFO  main            d.u.i.k.p.i.AbstractProblemLoader Replaying proof ReadWrite[ReadWrite::write()].JML normal_behavior operation contract.0 
708702     DEBUG main            d.u.i.k.p.i.IntermediateProofReplayer Proof replay took 2.8ns 
708803     INFO  main            d.u.i.k.p.r.p.TestFile    ... finished proof: closed. 
709396     INFO  main            d.u.i.k.p.i.AbstractProblemLoader Loading environment from /home/runner/work/key/key/key.core/../key.ui/examples/heap/permissions/mulleretal/ReadWrite_write_contract.key.proof 
709397     DEBUG main            d.u.i.k.p.i.AbstractProblemLoader Environment load took 71ns 
709397     INFO  main            d.u.i.k.p.i.AbstractProblemLoader Creating init config 
712018     DEBUG main            d.u.i.k.p.i.AbstractProblemLoader Init config took 2.62s 
712054     INFO  main            d.u.i.k.p.i.AbstractProblemLoader Replaying proof ReadWrite[ReadWrite::write()].JML normal_behavior operation contract.0 
712076     DEBUG main            d.u.i.k.p.i.IntermediateProofReplayer Proof replay took 19.97ms 
712077     DEBUG main            d.u.i.k.p.r.p.TestFile    ... success: reloaded. 
712078     INFO  main            d.u.i.k.p.r.p.TestFile    Now processing file /home/runner/work/key/key/key.core/../key.ui/examples/heap/permissions/mulleretal/ReadWrite_inv1_accessible.key 
712078     INFO  main            d.u.i.k.p.i.AbstractProblemLoader Loading environment from /home/runner/work/key/key/key.core/../key.ui/examples/heap/permissions/mulleretal/ReadWrite_inv1_accessible.key 
712078     DEBUG main            d.u.i.k.p.i.AbstractProblemLoader Environment load took 200ns 
712079     INFO  main            d.u.i.k.p.i.AbstractProblemLoader Creating init config 
714891     DEBUG main            d.u.i.k.p.i.AbstractProblemLoader Init config took 2.81s 
714941     INFO  main            d.u.i.k.p.i.AbstractProblemLoader Replaying proof ReadWrite[java.lang.Object::<inv>()].JML accessible clause.0 
714942     DEBUG main            d.u.i.k.p.i.IntermediateProofReplayer Proof replay took 3ns 
715044     INFO  main            d.u.i.k.p.r.p.TestFile    ... finished proof: closed. 
715620     INFO  main            d.u.i.k.p.i.AbstractProblemLoader Loading environment from /home/runner/work/key/key/key.core/../key.ui/examples/heap/permissions/mulleretal/ReadWrite_inv1_accessible.key.proof 
715620     DEBUG main            d.u.i.k.p.i.AbstractProblemLoader Environment load took 65.9ns 
715621     INFO  main            d.u.i.k.p.i.AbstractProblemLoader Creating init config 
718202     DEBUG main            d.u.i.k.p.i.AbstractProblemLoader Init config took 2.58s 
718233     INFO  main            d.u.i.k.p.i.AbstractProblemLoader Replaying proof ReadWrite[java.lang.Object::<inv>()].JML accessible clause.0 
718236     DEBUG main            d.u.i.k.p.i.IntermediateProofReplayer Proof replay took 1.25ms 
718236     DEBUG main            d.u.i.k.p.r.p.TestFile    ... success: reloaded. 
718237     INFO  main            d.u.i.k.p.r.p.TestFile    Now processing file /home/runner/work/key/key/key.core/../key.ui/examples/heap/permissions/mulleretal/ReadWrite_inv2_accessible.key 
718237     INFO  main            d.u.i.k.p.i.AbstractProblemLoader Loading environment from /home/runner/work/key/key/key.core/../key.ui/examples/heap/permissions/mulleretal/ReadWrite_inv2_accessible.key 
718237     DEBUG main            d.u.i.k.p.i.AbstractProblemLoader Environment load took 40.3ns 
718238     INFO  main            d.u.i.k.p.i.AbstractProblemLoader Creating init config 
720916     DEBUG main            d.u.i.k.p.i.AbstractProblemLoader Init config took 2.68s 
720967     INFO  main            d.u.i.k.p.i.AbstractProblemLoader Replaying proof ReadWrite[java.lang.Object::<inv>()].JML accessible clause.1 
720971     DEBUG main            d.u.i.k.p.i.IntermediateProofReplayer Proof replay took 3.4ns 
721075     INFO  main            d.u.i.k.p.r.p.TestFile    ... finished proof: closed. 
721671     INFO  main            d.u.i.k.p.i.AbstractProblemLoader Loading environment from /home/runner/work/key/key/key.core/../key.ui/examples/heap/permissions/mulleretal/ReadWrite_inv2_accessible.key.proof 
721671     DEBUG main            d.u.i.k.p.i.AbstractProblemLoader Environment load took 67.2ns 
721672     INFO  main            d.u.i.k.p.i.AbstractProblemLoader Creating init config 
724265     DEBUG main            d.u.i.k.p.i.AbstractProblemLoader Init config took 2.59s 
724297     INFO  main            d.u.i.k.p.i.AbstractProblemLoader Replaying proof ReadWrite[java.lang.Object::<inv>()].JML accessible clause.1 
724299     DEBUG main            d.u.i.k.p.i.IntermediateProofReplayer Proof replay took 1.28ms 
724300     DEBUG main            d.u.i.k.p.r.p.TestFile    ... success: reloaded. 
724300     INFO  main            d.u.i.k.p.r.p.TestFile    Now processing file /home/runner/work/key/key/key.core/../key.ui/examples/heap/permissions/lockspec/Counter_lockConsistent_contract.key 
724301     INFO  main            d.u.i.k.p.i.AbstractProblemLoader Loading environment from /home/runner/work/key/key/key.core/../key.ui/examples/heap/permissions/lockspec/Counter_lockConsistent_contract.key 
724301     DEBUG main            d.u.i.k.p.i.AbstractProblemLoader Environment load took 40.7ns 
724301     INFO  main            d.u.i.k.p.i.AbstractProblemLoader Creating init config 
727724     DEBUG main            d.u.i.k.p.i.AbstractProblemLoader Init config took 3.42s 
727803     INFO  main            d.u.i.k.p.i.AbstractProblemLoader Replaying proof Counter[LockSpec::lockConsistent()].JML model_behavior operation contract.0 
727804     DEBUG main            d.u.i.k.p.i.IntermediateProofReplayer Proof replay took 3.2ns 
728809     INFO  main            d.u.i.k.p.r.p.TestFile    ... finished proof: closed. 
729437     INFO  main            d.u.i.k.p.i.AbstractProblemLoader Loading environment from /home/runner/work/key/key/key.core/../key.ui/examples/heap/permissions/lockspec/Counter_lockConsistent_contract.key.proof 
729438     DEBUG main            d.u.i.k.p.i.AbstractProblemLoader Environment load took 292.6ns 
729439     INFO  main            d.u.i.k.p.i.AbstractProblemLoader Creating init config 
732524     DEBUG main            d.u.i.k.p.i.AbstractProblemLoader Init config took 3.09s 
732581     INFO  main            d.u.i.k.p.i.AbstractProblemLoader Replaying proof Counter[LockSpec::lockConsistent()].JML model_behavior operation contract.0 
732794     DEBUG main            d.u.i.k.p.i.IntermediateProofReplayer Proof replay took 204.11ms 
732795     DEBUG main            d.u.i.k.p.r.p.TestFile    ... success: reloaded. 
732796     INFO  main            d.u.i.k.p.r.p.TestFile    Now processing file /home/runner/work/key/key/key.core/../key.ui/examples/heap/permissions/lockspec/Counter_increase_contract.key 
732796     INFO  main            d.u.i.k.p.i.AbstractProblemLoader Loading environment from /home/runner/work/key/key/key.core/../key.ui/examples/heap/permissions/lockspec/Counter_increase_contract.key 
732797     DEBUG main            d.u.i.k.p.i.AbstractProblemLoader Environment load took 139.6ns 
732797     INFO  main            d.u.i.k.p.i.AbstractProblemLoader Creating init config 
736192     DEBUG main            d.u.i.k.p.i.AbstractProblemLoader Init config took 3.4s 
736258     INFO  main            d.u.i.k.p.i.AbstractProblemLoader Replaying proof Counter[Counter::increase()].JML normal_behavior operation contract.0 
736264     DEBUG main            d.u.i.k.p.i.IntermediateProofReplayer Proof replay took 4.3ns 
738000     INFO  main            d.u.i.k.p.r.p.TestFile    ... finished proof: closed. 
738633     INFO  main            d.u.i.k.p.i.AbstractProblemLoader Loading environment from /home/runner/work/key/key/key.core/../key.ui/examples/heap/permissions/lockspec/Counter_increase_contract.key.proof 
738633     DEBUG main            d.u.i.k.p.i.AbstractProblemLoader Environment load took 80.9ns 
738634     INFO  main            d.u.i.k.p.i.AbstractProblemLoader Creating init config 
741761     DEBUG main            d.u.i.k.p.i.AbstractProblemLoader Init config took 3.13s 
741831     INFO  main            d.u.i.k.p.i.AbstractProblemLoader Replaying proof Counter[Counter::increase()].JML normal_behavior operation contract.0 
742002     DEBUG main            d.u.i.k.p.i.IntermediateProofReplayer Proof replay took 154.96ms 
742004     DEBUG main            d.u.i.k.p.r.p.TestFile    ... success: reloaded. 
742005     INFO  main            d.u.i.k.p.r.p.TestFile    Now processing file /home/runner/work/key/key/key.core/../key.ui/examples/heap/permissions/lockspec/Counter_fp_accessible.key 
742005     INFO  main            d.u.i.k.p.i.AbstractProblemLoader Loading environment from /home/runner/work/key/key/key.core/../key.ui/examples/heap/permissions/lockspec/Counter_fp_accessible.key 
742005     DEBUG main            d.u.i.k.p.i.AbstractProblemLoader Environment load took 150.8ns 
742006     INFO  main            d.u.i.k.p.i.AbstractProblemLoader Creating init config 
745158     DEBUG main            d.u.i.k.p.i.AbstractProblemLoader Init config took 3.15s 
745230     INFO  main            d.u.i.k.p.i.AbstractProblemLoader Replaying proof Counter[LockSpec::fp()].JML accessible clause.0 
745232     DEBUG main            d.u.i.k.p.i.IntermediateProofReplayer Proof replay took 3.5ns 
745334     INFO  main            d.u.i.k.p.r.p.TestFile    ... finished proof: closed. 
745942     INFO  main            d.u.i.k.p.i.AbstractProblemLoader Loading environment from /home/runner/work/key/key/key.core/../key.ui/examples/heap/permissions/lockspec/Counter_fp_accessible.key.proof 
745942     DEBUG main            d.u.i.k.p.i.AbstractProblemLoader Environment load took 71.3ns 
745943     INFO  main            d.u.i.k.p.i.AbstractProblemLoader Creating init config 
749014     DEBUG main            d.u.i.k.p.i.AbstractProblemLoader Init config took 3.07s 
749068     INFO  main            d.u.i.k.p.i.AbstractProblemLoader Replaying proof Counter[LockSpec::fp()].JML accessible clause.0 
749077     DEBUG main            d.u.i.k.p.i.IntermediateProofReplayer Proof replay took 6.73ms 
749078     DEBUG main            d.u.i.k.p.r.p.TestFile    ... success: reloaded. 
749079     INFO  main            d.u.i.k.p.r.p.TestFile    Now processing file /home/runner/work/key/key/key.core/../key.ui/examples/heap/permissions/lockspec/Counter_fpLock_accessible.key 
749079     INFO  main            d.u.i.k.p.i.AbstractProblemLoader Loading environment from /home/runner/work/key/key/key.core/../key.ui/examples/heap/permissions/lockspec/Counter_fpLock_accessible.key 
749079     DEBUG main            d.u.i.k.p.i.AbstractProblemLoader Environment load took 144.1ns 
749080     INFO  main            d.u.i.k.p.i.AbstractProblemLoader Creating init config 
752384     DEBUG main            d.u.i.k.p.i.AbstractProblemLoader Init config took 3.3s 
752432     INFO  main            d.u.i.k.p.i.AbstractProblemLoader Replaying proof Counter[LockSpec::fpLock()].JML accessible clause.0 
752433     DEBUG main            d.u.i.k.p.i.IntermediateProofReplayer Proof replay took 3.3ns 
752534     INFO  main            d.u.i.k.p.r.p.TestFile    ... finished proof: closed. 
753156     INFO  main            d.u.i.k.p.i.AbstractProblemLoader Loading environment from /home/runner/work/key/key/key.core/../key.ui/examples/heap/permissions/lockspec/Counter_fpLock_accessible.key.proof 
753156     DEBUG main            d.u.i.k.p.i.AbstractProblemLoader Environment load took 70ns 
753157     INFO  main            d.u.i.k.p.i.AbstractProblemLoader Creating init config 
756265     DEBUG main            d.u.i.k.p.i.AbstractProblemLoader Init config took 3.11s 
756337     INFO  main            d.u.i.k.p.i.AbstractProblemLoader Replaying proof Counter[LockSpec::fpLock()].JML accessible clause.0 
756345     DEBUG main            d.u.i.k.p.i.IntermediateProofReplayer Proof replay took 6.09ms 
756345     DEBUG main            d.u.i.k.p.r.p.TestFile    ... success: reloaded. 
756346     INFO  main            d.u.i.k.p.r.p.TestFile    Now processing file /home/runner/work/key/key/key.core/../key.ui/examples/heap/permissions/lockspec/Counter_fpPerm_accessible.key 
756347     INFO  main            d.u.i.k.p.i.AbstractProblemLoader Loading environment from /home/runner/work/key/key/key.core/../key.ui/examples/heap/permissions/lockspec/Counter_fpPerm_accessible.key 
756347     DEBUG main            d.u.i.k.p.i.AbstractProblemLoader Environment load took 142.8ns 
756347     INFO  main            d.u.i.k.p.i.AbstractProblemLoader Creating init config 
759548     DEBUG main            d.u.i.k.p.i.AbstractProblemLoader Init config took 3.2s 
759596     INFO  main            d.u.i.k.p.i.AbstractProblemLoader Replaying proof Counter[LockSpec::fpPerm()].JML accessible clause.0 
759598     DEBUG main            d.u.i.k.p.i.IntermediateProofReplayer Proof replay took 3.4ns 
759703     INFO  main            d.u.i.k.p.r.p.TestFile    ... finished proof: closed. 
760343     INFO  main            d.u.i.k.p.i.AbstractProblemLoader Loading environment from /home/runner/work/key/key/key.core/../key.ui/examples/heap/permissions/lockspec/Counter_fpPerm_accessible.key.proof 
760343     DEBUG main            d.u.i.k.p.i.AbstractProblemLoader Environment load took 71.3ns 
760343     INFO  main            d.u.i.k.p.i.AbstractProblemLoader Creating init config 
763555     DEBUG main            d.u.i.k.p.i.AbstractProblemLoader Init config took 3.21s 
763624     INFO  main            d.u.i.k.p.i.AbstractProblemLoader Replaying proof Counter[LockSpec::fpPerm()].JML accessible clause.0 
763632     DEBUG main            d.u.i.k.p.i.IntermediateProofReplayer Proof replay took 5.59ms 
763633     DEBUG main            d.u.i.k.p.r.p.TestFile    ... success: reloaded. 
763634     INFO  main            d.u.i.k.p.r.p.TestFile    Now processing file /home/runner/work/key/key/key.core/../key.ui/examples/heap/permissions/lockspec/Counter_inv_accessible1.key 
763634     INFO  main            d.u.i.k.p.i.AbstractProblemLoader Loading environment from /home/runner/work/key/key/key.core/../key.ui/examples/heap/permissions/lockspec/Counter_inv_accessible1.key 
763634     DEBUG main            d.u.i.k.p.i.AbstractProblemLoader Environment load took 146.8ns 
763635     INFO  main            d.u.i.k.p.i.AbstractProblemLoader Creating init config 
766747     DEBUG main            d.u.i.k.p.i.AbstractProblemLoader Init config took 3.11s 
766820     INFO  main            d.u.i.k.p.i.AbstractProblemLoader Replaying proof Counter[java.lang.Object::<inv>()].JML accessible clause.0 
766821     DEBUG main            d.u.i.k.p.i.IntermediateProofReplayer Proof replay took 3.3ns 
766923     INFO  main            d.u.i.k.p.r.p.TestFile    ... finished proof: closed. 
767549     INFO  main            d.u.i.k.p.i.AbstractProblemLoader Loading environment from /home/runner/work/key/key/key.core/../key.ui/examples/heap/permissions/lockspec/Counter_inv_accessible1.key.proof 
767549     DEBUG main            d.u.i.k.p.i.AbstractProblemLoader Environment load took 69.3ns 
767549     INFO  main            d.u.i.k.p.i.AbstractProblemLoader Creating init config 
770607     DEBUG main            d.u.i.k.p.i.AbstractProblemLoader Init config took 3.06s 
770662     INFO  main            d.u.i.k.p.i.AbstractProblemLoader Replaying proof Counter[java.lang.Object::<inv>()].JML accessible clause.0 
770682     DEBUG main            d.u.i.k.p.i.IntermediateProofReplayer Proof replay took 17.95ms 
770685     DEBUG main            d.u.i.k.p.r.p.TestFile    ... success: reloaded. 
770686     INFO  main            d.u.i.k.p.r.p.TestFile    Now processing file /home/runner/work/key/key/key.core/../key.ui/examples/heap/permissions/lockspec/Counter_inv_accessible2.key 
770686     INFO  main            d.u.i.k.p.i.AbstractProblemLoader Loading environment from /home/runner/work/key/key/key.core/../key.ui/examples/heap/permissions/lockspec/Counter_inv_accessible2.key 
770687     DEBUG main            d.u.i.k.p.i.AbstractProblemLoader Environment load took 1.22ms 
770688     INFO  main            d.u.i.k.p.i.AbstractProblemLoader Creating init config 
773867     DEBUG main            d.u.i.k.p.i.AbstractProblemLoader Init config took 3.18s 
773916     INFO  main            d.u.i.k.p.i.AbstractProblemLoader Replaying proof Counter[java.lang.Object::<inv>()].JML accessible clause.1 
773917     DEBUG main            d.u.i.k.p.i.IntermediateProofReplayer Proof replay took 2.9ns 
774019     INFO  main            d.u.i.k.p.r.p.TestFile    ... finished proof: closed. 
774654     INFO  main            d.u.i.k.p.i.AbstractProblemLoader Loading environment from /home/runner/work/key/key/key.core/../key.ui/examples/heap/permissions/lockspec/Counter_inv_accessible2.key.proof 
774654     DEBUG main            d.u.i.k.p.i.AbstractProblemLoader Environment load took 70.4ns 
774655     INFO  main            d.u.i.k.p.i.AbstractProblemLoader Creating init config 
777794     DEBUG main            d.u.i.k.p.i.AbstractProblemLoader Init config took 3.14s 
777853     INFO  main            d.u.i.k.p.i.AbstractProblemLoader Replaying proof Counter[java.lang.Object::<inv>()].JML accessible clause.1 
777862     DEBUG main            d.u.i.k.p.i.IntermediateProofReplayer Proof replay took 6.9ms 
777862     DEBUG main            d.u.i.k.p.r.p.TestFile    ... success: reloaded. 
777863     INFO  main            d.u.i.k.p.r.p.TestFile    Now processing file /home/runner/work/key/key/key.core/../key.ui/examples/heap/permissions/lockspec/Counter_lockRef_accessible.key 
777864     INFO  main            d.u.i.k.p.i.AbstractProblemLoader Loading environment from /home/runner/work/key/key/key.core/../key.ui/examples/heap/permissions/lockspec/Counter_lockRef_accessible.key 
777864     DEBUG main            d.u.i.k.p.i.AbstractProblemLoader Environment load took 158.2ns 
777864     INFO  main            d.u.i.k.p.i.AbstractProblemLoader Creating init config 
781020     DEBUG main            d.u.i.k.p.i.AbstractProblemLoader Init config took 3.16s 
781069     INFO  main            d.u.i.k.p.i.AbstractProblemLoader Replaying proof Counter[LockSpec::lockRef()].JML accessible clause.0 
781070     DEBUG main            d.u.i.k.p.i.IntermediateProofReplayer Proof replay took 3.2ns 
781272     INFO  main            d.u.i.k.p.r.p.TestFile    ... finished proof: closed. 
781921     INFO  main            d.u.i.k.p.i.AbstractProblemLoader Loading environment from /home/runner/work/key/key/key.core/../key.ui/examples/heap/permissions/lockspec/Counter_lockRef_accessible.key.proof 
781921     DEBUG main            d.u.i.k.p.i.AbstractProblemLoader Environment load took 71.2ns 
781922     INFO  main            d.u.i.k.p.i.AbstractProblemLoader Creating init config 
785057     DEBUG main            d.u.i.k.p.i.AbstractProblemLoader Init config took 3.13s 
785105     INFO  main            d.u.i.k.p.i.AbstractProblemLoader Replaying proof Counter[LockSpec::lockRef()].JML accessible clause.0 
785130     DEBUG main            d.u.i.k.p.i.IntermediateProofReplayer Proof replay took 22.6ms 
785131     DEBUG main            d.u.i.k.p.r.p.TestFile    ... success: reloaded. 
785132     INFO  main            d.u.i.k.p.r.p.TestFile    Now processing file /home/runner/work/key/key/key.core/../key.ui/examples/heap/permissions/lockspec/Counter_lockRef_contract1.key 
785132     INFO  main            d.u.i.k.p.i.AbstractProblemLoader Loading environment from /home/runner/work/key/key/key.core/../key.ui/examples/heap/permissions/lockspec/Counter_lockRef_contract1.key 
785132     DEBUG main            d.u.i.k.p.i.AbstractProblemLoader Environment load took 163ns 
785133     INFO  main            d.u.i.k.p.i.AbstractProblemLoader Creating init config 
788260     DEBUG main            d.u.i.k.p.i.AbstractProblemLoader Init config took 3.13s 
788309     INFO  main            d.u.i.k.p.i.AbstractProblemLoader Replaying proof Counter[LockSpec::lockRef()].JML model_behavior operation contract.0 
788310     DEBUG main            d.u.i.k.p.i.IntermediateProofReplayer Proof replay took 3ns 
788412     INFO  main            d.u.i.k.p.r.p.TestFile    ... finished proof: closed. 
789060     INFO  main            d.u.i.k.p.i.AbstractProblemLoader Loading environment from /home/runner/work/key/key/key.core/../key.ui/examples/heap/permissions/lockspec/Counter_lockRef_contract1.key.proof 
789060     DEBUG main            d.u.i.k.p.i.AbstractProblemLoader Environment load took 70.8ns 
789060     INFO  main            d.u.i.k.p.i.AbstractProblemLoader Creating init config 
792183     DEBUG main            d.u.i.k.p.i.AbstractProblemLoader Init config took 3.12s 
792233     INFO  main            d.u.i.k.p.i.AbstractProblemLoader Replaying proof Counter[LockSpec::lockRef()].JML model_behavior operation contract.0 
792237     DEBUG main            d.u.i.k.p.i.IntermediateProofReplayer Proof replay took 3.03ms 
792238     DEBUG main            d.u.i.k.p.r.p.TestFile    ... success: reloaded. 
792239     INFO  main            d.u.i.k.p.r.p.TestFile    Now processing file /home/runner/work/key/key/key.core/../key.ui/examples/heap/permissions/lockspec/Counter_lockRef_contract2.key 
792239     INFO  main            d.u.i.k.p.i.AbstractProblemLoader Loading environment from /home/runner/work/key/key/key.core/../key.ui/examples/heap/permissions/lockspec/Counter_lockRef_contract2.key 
792239     DEBUG main            d.u.i.k.p.i.AbstractProblemLoader Environment load took 147ns 
792240     INFO  main            d.u.i.k.p.i.AbstractProblemLoader Creating init config 
795346     DEBUG main            d.u.i.k.p.i.AbstractProblemLoader Init config took 3.11s 
795394     INFO  main            d.u.i.k.p.i.AbstractProblemLoader Replaying proof Counter[Counter::lockRef()].JML model_behavior operation contract.0 
795395     DEBUG main            d.u.i.k.p.i.IntermediateProofReplayer Proof replay took 3.3ns 
795497     INFO  main            d.u.i.k.p.r.p.TestFile    ... finished proof: closed. 
796161     INFO  main            d.u.i.k.p.i.AbstractProblemLoader Loading environment from /home/runner/work/key/key/key.core/../key.ui/examples/heap/permissions/lockspec/Counter_lockRef_contract2.key.proof 
796162     DEBUG main            d.u.i.k.p.i.AbstractProblemLoader Environment load took 67.5ns 
796162     INFO  main            d.u.i.k.p.i.AbstractProblemLoader Creating init config 
799281     DEBUG main            d.u.i.k.p.i.AbstractProblemLoader Init config took 3.12s 
799330     INFO  main            d.u.i.k.p.i.AbstractProblemLoader Replaying proof Counter[Counter::lockRef()].JML model_behavior operation contract.0 
799335     DEBUG main            d.u.i.k.p.i.IntermediateProofReplayer Proof replay took 3.13ms 
799336     DEBUG main            d.u.i.k.p.r.p.TestFile    ... success: reloaded. 
799336     INFO  main            d.u.i.k.p.r.p.TestFile    Now processing file /home/runner/work/key/key/key.core/../key.ui/examples/heap/permissions/lockspec/Counter_lockState_accessible.key 
799337     INFO  main            d.u.i.k.p.i.AbstractProblemLoader Loading environment from /home/runner/work/key/key/key.core/../key.ui/examples/heap/permissions/lockspec/Counter_lockState_accessible.key 
799337     DEBUG main            d.u.i.k.p.i.AbstractProblemLoader Environment load took 156.4ns 
799338     INFO  main            d.u.i.k.p.i.AbstractProblemLoader Creating init config 
802630     DEBUG main            d.u.i.k.p.i.AbstractProblemLoader Init config took 3.29s 
802678     INFO  main            d.u.i.k.p.i.AbstractProblemLoader Replaying proof Counter[LockSpec::lockState(boolean)].JML accessible clause.0 
802679     DEBUG main            d.u.i.k.p.i.IntermediateProofReplayer Proof replay took 3.8ns 
802881     INFO  main            d.u.i.k.p.r.p.TestFile    ... finished proof: closed. 
803521     INFO  main            d.u.i.k.p.i.AbstractProblemLoader Loading environment from /home/runner/work/key/key/key.core/../key.ui/examples/heap/permissions/lockspec/Counter_lockState_accessible.key.proof 
803521     DEBUG main            d.u.i.k.p.i.AbstractProblemLoader Environment load took 69.8ns 
803522     INFO  main            d.u.i.k.p.i.AbstractProblemLoader Creating init config 
806601     DEBUG main            d.u.i.k.p.i.AbstractProblemLoader Init config took 3.08s 
806655     INFO  main            d.u.i.k.p.i.AbstractProblemLoader Replaying proof Counter[LockSpec::lockState(boolean)].JML accessible clause.0 
806701     DEBUG main            d.u.i.k.p.i.IntermediateProofReplayer Proof replay took 42.36ms 
806702     DEBUG main            d.u.i.k.p.r.p.TestFile    ... success: reloaded. 
806703     INFO  main            d.u.i.k.p.r.p.TestFile    Now processing file /home/runner/work/key/key/key.core/../key.ui/examples/heap/permissions/lockspec/Counter_lockStatus_accessible.key 
806703     INFO  main            d.u.i.k.p.i.AbstractProblemLoader Loading environment from /home/runner/work/key/key/key.core/../key.ui/examples/heap/permissions/lockspec/Counter_lockStatus_accessible.key 
806703     DEBUG main            d.u.i.k.p.i.AbstractProblemLoader Environment load took 148.5ns 
806704     INFO  main            d.u.i.k.p.i.AbstractProblemLoader Creating init config 
809867     DEBUG main            d.u.i.k.p.i.AbstractProblemLoader Init config took 3.16s 
809933     INFO  main            d.u.i.k.p.i.AbstractProblemLoader Replaying proof Counter[LockSpec::lockStatus(boolean)].JML accessible clause.0 
809935     DEBUG main            d.u.i.k.p.i.IntermediateProofReplayer Proof replay took 3.7ns 
810039     INFO  main            d.u.i.k.p.r.p.TestFile    ... finished proof: closed. 
810699     INFO  main            d.u.i.k.p.i.AbstractProblemLoader Loading environment from /home/runner/work/key/key/key.core/../key.ui/examples/heap/permissions/lockspec/Counter_lockStatus_accessible.key.proof 
810699     DEBUG main            d.u.i.k.p.i.AbstractProblemLoader Environment load took 68ns 
810700     INFO  main            d.u.i.k.p.i.AbstractProblemLoader Creating init config 
813767     DEBUG main            d.u.i.k.p.i.AbstractProblemLoader Init config took 3.07s 
813822     INFO  main            d.u.i.k.p.i.AbstractProblemLoader Replaying proof Counter[LockSpec::lockStatus(boolean)].JML accessible clause.0 
813841     DEBUG main            d.u.i.k.p.i.IntermediateProofReplayer Proof replay took 16.75ms 
813842     DEBUG main            d.u.i.k.p.r.p.TestFile    ... success: reloaded. 
813843     INFO  main            d.u.i.k.p.r.p.TestFile    Now processing file /home/runner/work/key/key/key.core/../key.ui/examples/heap/permissions/lockspec/Counter_lockTransfer_accessible.key 
813844     INFO  main            d.u.i.k.p.i.AbstractProblemLoader Loading environment from /home/runner/work/key/key/key.core/../key.ui/examples/heap/permissions/lockspec/Counter_lockTransfer_accessible.key 
813844     DEBUG main            d.u.i.k.p.i.AbstractProblemLoader Environment load took 160.4ns 
813845     INFO  main            d.u.i.k.p.i.AbstractProblemLoader Creating init config 
817101     DEBUG main            d.u.i.k.p.i.AbstractProblemLoader Init config took 3.26s 
817151     INFO  main            d.u.i.k.p.i.AbstractProblemLoader Replaying proof Counter[LockSpec::lockTransfer()].JML accessible clause.0 
817152     DEBUG main            d.u.i.k.p.i.IntermediateProofReplayer Proof replay took 3ns 
817454     INFO  main            d.u.i.k.p.r.p.TestFile    ... finished proof: closed. 
818141     INFO  main            d.u.i.k.p.i.AbstractProblemLoader Loading environment from /home/runner/work/key/key/key.core/../key.ui/examples/heap/permissions/lockspec/Counter_lockTransfer_accessible.key.proof 
818142     DEBUG main            d.u.i.k.p.i.AbstractProblemLoader Environment load took 72.3ns 
818142     INFO  main            d.u.i.k.p.i.AbstractProblemLoader Creating init config 
821303     DEBUG main            d.u.i.k.p.i.AbstractProblemLoader Init config took 3.16s 
821359     INFO  main            d.u.i.k.p.i.AbstractProblemLoader Replaying proof Counter[LockSpec::lockTransfer()].JML accessible clause.0 
821418     DEBUG main            d.u.i.k.p.i.IntermediateProofReplayer Proof replay took 55.26ms 
821419     DEBUG main            d.u.i.k.p.r.p.TestFile    ... success: reloaded. 
821420     INFO  main            d.u.i.k.p.r.p.TestFile    Now processing file /home/runner/work/key/key/key.core/../key.ui/examples/heap/permissions/lockspec/Counter_unlockTransfer_accessible.key 
821421     INFO  main            d.u.i.k.p.i.AbstractProblemLoader Loading environment from /home/runner/work/key/key/key.core/../key.ui/examples/heap/permissions/lockspec/Counter_unlockTransfer_accessible.key 
821421     DEBUG main            d.u.i.k.p.i.AbstractProblemLoader Environment load took 158.1ns 
821422     INFO  main            d.u.i.k.p.i.AbstractProblemLoader Creating init config 
824580     DEBUG main            d.u.i.k.p.i.AbstractProblemLoader Init config took 3.16s 
824629     INFO  main            d.u.i.k.p.i.AbstractProblemLoader Replaying proof Counter[LockSpec::unlockTransfer()].JML accessible clause.0 
824631     DEBUG main            d.u.i.k.p.i.IntermediateProofReplayer Proof replay took 3.8ns 
824936     INFO  main            d.u.i.k.p.r.p.TestFile    ... finished proof: closed. 
825643     INFO  main            d.u.i.k.p.i.AbstractProblemLoader Loading environment from /home/runner/work/key/key/key.core/../key.ui/examples/heap/permissions/lockspec/Counter_unlockTransfer_accessible.key.proof 
825643     DEBUG main            d.u.i.k.p.i.AbstractProblemLoader Environment load took 73.3ns 
825644     INFO  main            d.u.i.k.p.i.AbstractProblemLoader Creating init config 
828822     DEBUG main            d.u.i.k.p.i.AbstractProblemLoader Init config took 3.18s 
828885     INFO  main            d.u.i.k.p.i.AbstractProblemLoader Replaying proof Counter[LockSpec::unlockTransfer()].JML accessible clause.0 
828980     DEBUG main            d.u.i.k.p.i.IntermediateProofReplayer Proof replay took 88.63ms 
828981     DEBUG main            d.u.i.k.p.r.p.TestFile    ... success: reloaded. 
828982     INFO  main            d.u.i.k.p.r.p.TestFile    Now processing file /home/runner/work/key/key/key.core/../key.ui/examples/heap/permissions/threads/Plotter_startTransfer_contract.proof 
828982     INFO  main            d.u.i.k.p.i.AbstractProblemLoader Loading environment from /home/runner/work/key/key/key.core/../key.ui/examples/heap/permissions/threads/Plotter_startTransfer_contract.proof 
828983     DEBUG main            d.u.i.k.p.i.AbstractProblemLoader Environment load took 143.1ns 
828984     INFO  main            d.u.i.k.p.i.AbstractProblemLoader Creating init config 
833774     DEBUG main            d.u.i.k.p.i.AbstractProblemLoader Init config took 4.79s 
833851     INFO  main            d.u.i.k.p.i.AbstractProblemLoader Replaying proof Plotter[ThreadSpec2::startTransfer()].JML model_behavior operation contract.0 
833923     DEBUG main            d.u.i.k.p.i.IntermediateProofReplayer Proof replay took 65.01ms 
833923     INFO  main            d.u.i.k.p.r.p.TestFile    ... success: loaded 
833924     INFO  main            d.u.i.k.p.r.p.TestFile    Now processing file /home/runner/work/key/key/key.core/../key.ui/examples/heap/permissions/threads/Plotter_startTransfer_accessible.proof 
833924     INFO  main            d.u.i.k.p.i.AbstractProblemLoader Loading environment from /home/runner/work/key/key/key.core/../key.ui/examples/heap/permissions/threads/Plotter_startTransfer_accessible.proof 
833924     DEBUG main            d.u.i.k.p.i.AbstractProblemLoader Environment load took 43.6ns 
833925     INFO  main            d.u.i.k.p.i.AbstractProblemLoader Creating init config 
838686     DEBUG main            d.u.i.k.p.i.AbstractProblemLoader Init config took 4.76s 
838813     INFO  main            d.u.i.k.p.i.AbstractProblemLoader Replaying proof Plotter[ThreadSpec2::startTransfer()].JML accessible clause.0 
838921     DEBUG main            d.u.i.k.p.i.IntermediateProofReplayer Proof replay took 95.47ms 
838922     INFO  main            d.u.i.k.p.r.p.TestFile    ... success: loaded 
838923     INFO  main            d.u.i.k.p.r.p.TestFile    Now processing file /home/runner/work/key/key/key.core/../key.ui/examples/heap/permissions/threads/Plotter_joinTransfer_accessible.proof 
838923     INFO  main            d.u.i.k.p.i.AbstractProblemLoader Loading environment from /home/runner/work/key/key/key.core/../key.ui/examples/heap/permissions/threads/Plotter_joinTransfer_accessible.proof 
838924     DEBUG main            d.u.i.k.p.i.AbstractProblemLoader Environment load took 158.8ns 
838924     INFO  main            d.u.i.k.p.i.AbstractProblemLoader Creating init config 
843886     DEBUG main            d.u.i.k.p.i.AbstractProblemLoader Init config took 4.96s 
843961     INFO  main            d.u.i.k.p.i.AbstractProblemLoader Replaying proof Plotter[ThreadSpec2::joinTransfer()].JML accessible clause.0 
843967     WARN  main            d.u.i.k.p.i.IntermediateProofReplayer Proof contains wrong number of \assumes instatiations for Definition_axiom_for_stateInv_in_Plotter 
843969     WARN  main            d.u.i.k.p.i.IntermediateProofReplayer Proof contains wrong number of \assumes instatiations for Definition_axiom_for_stateInv_in_Plotter 
843970     WARN  main            d.u.i.k.p.i.IntermediateProofReplayer Proof contains wrong number of \assumes instatiations for Definition_axiom_for_workingPermissions_in_Plotter 
843971     WARN  main            d.u.i.k.p.i.IntermediateProofReplayer Proof contains wrong number of \assumes instatiations for Definition_axiom_for_staticPermissions_in_Plotter 
843971     WARN  main            d.u.i.k.p.i.IntermediateProofReplayer Proof contains wrong number of \assumes instatiations for Definition_axiom_for_joinTransfer_in_Plotter 
843972     WARN  main            d.u.i.k.p.i.IntermediateProofReplayer Proof contains wrong number of \assumes instatiations for Definition_axiom_for_stateInv_in_BFilter 
843973     WARN  main            d.u.i.k.p.i.IntermediateProofReplayer Proof contains wrong number of \assumes instatiations for Definition_axiom_for_stateInv_in_AFilter 
843974     WARN  main            d.u.i.k.p.i.IntermediateProofReplayer Proof contains wrong number of \assumes instatiations for Definition_axiom_for_stateInv_in_BFilter 
843975     WARN  main            d.u.i.k.p.i.IntermediateProofReplayer Proof contains wrong number of \assumes instatiations for Definition_axiom_for_stateInv_in_AFilter 
843977     WARN  main            d.u.i.k.p.i.IntermediateProofReplayer Proof contains wrong number of \assumes instatiations for Definition_axiom_for_staticPermissions_in_AFilter 
843977     WARN  main            d.u.i.k.p.i.IntermediateProofReplayer Proof contains wrong number of \assumes instatiations for Definition_axiom_for_staticPermissions_in_Plotter 
843977     WARN  main            d.u.i.k.p.i.IntermediateProofReplayer Proof contains wrong number of \assumes instatiations for Definition_axiom_for_staticPermissions_in_BFilter 
843978     WARN  main            d.u.i.k.p.i.IntermediateProofReplayer Proof contains wrong number of \assumes instatiations for Definition_axiom_for_workingPermissions_in_Plotter 
843978     WARN  main            d.u.i.k.p.i.IntermediateProofReplayer Proof contains wrong number of \assumes instatiations for Definition_axiom_for_stateInv_in_Sampler 
843979     WARN  main            d.u.i.k.p.i.IntermediateProofReplayer Proof contains wrong number of \assumes instatiations for Definition_axiom_for_stateInv_in_Sampler 
843979     WARN  main            d.u.i.k.p.i.IntermediateProofReplayer Proof contains wrong number of \assumes instatiations for Definition_axiom_for_staticPermissions_in_Sampler 
843980     WARN  main            d.u.i.k.p.i.IntermediateProofReplayer Proof contains wrong number of \assumes instatiations for Definition_axiom_for_staticPermissions_in_BFilter 
843980     WARN  main            d.u.i.k.p.i.IntermediateProofReplayer Proof contains wrong number of \assumes instatiations for Definition_axiom_for_staticPermissions_in_AFilter 
843981     WARN  main            d.u.i.k.p.i.IntermediateProofReplayer Proof contains wrong number of \assumes instatiations for Definition_axiom_for_staticPermissions_in_Sampler 
843981     WARN  main            d.u.i.k.p.i.IntermediateProofReplayer Proof contains wrong number of \assumes instatiations for Definition_axiom_for_staticPermissions_in_Sampler 
843981     WARN  main            d.u.i.k.p.i.IntermediateProofReplayer Proof contains wrong number of \assumes instatiations for Definition_axiom_for_staticPermissions_in_Sampler 
843982     WARN  main            d.u.i.k.p.i.IntermediateProofReplayer Proof contains wrong number of \assumes instatiations for Definition_axiom_for_joinTransfer_in_Plotter 
844027     DEBUG main            d.u.i.k.p.i.IntermediateProofReplayer Proof replay took 62.02ms 
844027     INFO  main            d.u.i.k.p.r.p.TestFile    ... success: loaded 
5018839    INFO  Test worker     d.u.i.k.p.r.RunAllProofsTestUnit Returning from test permissionHeap 
5018840    INFO  Test worker     d.u.i.k.p.r.RunAllProofsTestUnit Running test completionScopes 
333        INFO  Timeout watchdog d.u.i.k.p.r.p.ForkedTestFileRunner Timeout watcher launched (2000 secs.) 
345        WARN  main            d.u.i.k.s.ProofSettings   The settings in /home/runner/.key/proof-settings.props are *not* read. 
374        INFO  main            d.u.i.k.p.r.p.TestFile    Now processing file /home/runner/work/key/key/key.core/../key.ui/examples/completionscopes/testCcatchReturnVal.key 
489        INFO  main            d.u.i.k.p.i.AbstractProblemLoader Loading environment from /home/runner/work/key/key/key.core/../key.ui/examples/completionscopes/testCcatchReturnVal.key 
506        DEBUG main            d.u.i.k.p.i.AbstractProblemLoader Environment load took 2.3ms 
738        INFO  main            d.u.i.k.p.i.AbstractProblemLoader Creating init config 
1815       DEBUG main            d.u.i.k.j.TypeConverter   No LDT found for Meta 
1815       DEBUG main            d.u.i.k.j.TypeConverter   No LDT found for Meta 
1818       DEBUG main            d.u.i.k.j.TypeConverter   No LDT found for Meta 
1818       DEBUG main            d.u.i.k.j.TypeConverter   No LDT found for Meta 
3259       DEBUG main            d.u.i.k.j.TypeConverter   No LDT found for JavaBigintExpression 
8216       DEBUG main            d.u.i.k.p.i.AbstractProblemLoader Init config took 7.48s 
8381       INFO  main            d.u.i.k.p.i.AbstractProblemLoader Replaying proof CompletionScopes[CompletionScopes::testCcatchReturnVal()].JML normal_behavior operation contract.0 
8419       DEBUG main            d.u.i.k.p.i.IntermediateProofReplayer Proof replay took 38ns 
8962       INFO  main            d.u.i.k.p.r.p.TestFile    ... finished proof: closed. 
9073       INFO  main            d.u.i.k.p.i.AbstractProblemLoader Loading environment from /home/runner/work/key/key/key.core/../key.ui/examples/completionscopes/testCcatchReturnVal.key.proof 
9073       DEBUG main            d.u.i.k.p.i.AbstractProblemLoader Environment load took 393.7ns 
9075       INFO  main            d.u.i.k.p.i.AbstractProblemLoader Creating init config 
11937      DEBUG main            d.u.i.k.p.i.AbstractProblemLoader Init config took 2.86s 
12004      INFO  main            d.u.i.k.p.i.AbstractProblemLoader Replaying proof CompletionScopes[CompletionScopes::testCcatchReturnVal()].JML normal_behavior operation contract.0 
12035      DEBUG main            d.u.i.k.p.i.IntermediateProofReplayer Proof replay took 25.65ms 
12042      DEBUG main            d.u.i.k.p.r.p.TestFile    ... success: reloaded. 
12044      INFO  main            d.u.i.k.p.r.p.TestFile    Now processing file /home/runner/work/key/key/key.core/../key.ui/examples/completionscopes/testMultCcatchClauses.key 
12044      INFO  main            d.u.i.k.p.i.AbstractProblemLoader Loading environment from /home/runner/work/key/key/key.core/../key.ui/examples/completionscopes/testMultCcatchClauses.key 
12044      DEBUG main            d.u.i.k.p.i.AbstractProblemLoader Environment load took 196ns 
12046      INFO  main            d.u.i.k.p.i.AbstractProblemLoader Creating init config 
14781      DEBUG main            d.u.i.k.p.i.AbstractProblemLoader Init config took 2.73s 
14839      INFO  main            d.u.i.k.p.i.AbstractProblemLoader Replaying proof CompletionScopes[CompletionScopes::testMultCcatchClauses()].JML normal_behavior operation contract.0 
14842      DEBUG main            d.u.i.k.p.i.IntermediateProofReplayer Proof replay took 7.8ns 
15246      INFO  main            d.u.i.k.p.r.p.TestFile    ... finished proof: closed. 
15390      INFO  main            d.u.i.k.p.i.AbstractProblemLoader Loading environment from /home/runner/work/key/key/key.core/../key.ui/examples/completionscopes/testMultCcatchClauses.key.proof 
15390      DEBUG main            d.u.i.k.p.i.AbstractProblemLoader Environment load took 136.3ns 
15393      INFO  main            d.u.i.k.p.i.AbstractProblemLoader Creating init config 
18012      DEBUG main            d.u.i.k.p.i.AbstractProblemLoader Init config took 2.62s 
18069      INFO  main            d.u.i.k.p.i.AbstractProblemLoader Replaying proof CompletionScopes[CompletionScopes::testMultCcatchClauses()].JML normal_behavior operation contract.0 
18155      DEBUG main            d.u.i.k.p.i.IntermediateProofReplayer Proof replay took 82.51ms 
18157      DEBUG main            d.u.i.k.p.r.p.TestFile    ... success: reloaded. 
18160      INFO  main            d.u.i.k.p.r.p.TestFile    Now processing file /home/runner/work/key/key/key.core/../key.ui/examples/completionscopes/testNestedExec.key 
18160      INFO  main            d.u.i.k.p.i.AbstractProblemLoader Loading environment from /home/runner/work/key/key/key.core/../key.ui/examples/completionscopes/testNestedExec.key 
18160      DEBUG main            d.u.i.k.p.i.AbstractProblemLoader Environment load took 122.9ns 
18163      INFO  main            d.u.i.k.p.i.AbstractProblemLoader Creating init config 
20851      DEBUG main            d.u.i.k.p.i.AbstractProblemLoader Init config took 2.69s 
20897      INFO  main            d.u.i.k.p.i.AbstractProblemLoader Replaying proof CompletionScopes[CompletionScopes::testMultCcatchClauses()].JML normal_behavior operation contract.0 
20899      DEBUG main            d.u.i.k.p.i.IntermediateProofReplayer Proof replay took 7.7ns 
21203      INFO  main            d.u.i.k.p.r.p.TestFile    ... finished proof: closed. 
21357      INFO  main            d.u.i.k.p.i.AbstractProblemLoader Loading environment from /home/runner/work/key/key/key.core/../key.ui/examples/completionscopes/testNestedExec.key.proof 
21358      DEBUG main            d.u.i.k.p.i.AbstractProblemLoader Environment load took 134.5ns 
21359      INFO  main            d.u.i.k.p.i.AbstractProblemLoader Creating init config 
23941      DEBUG main            d.u.i.k.p.i.AbstractProblemLoader Init config took 2.58s 
23986      INFO  main            d.u.i.k.p.i.AbstractProblemLoader Replaying proof CompletionScopes[CompletionScopes::testMultCcatchClauses()].JML normal_behavior operation contract.0 
24047      DEBUG main            d.u.i.k.p.i.IntermediateProofReplayer Proof replay took 57.22ms 
24048      DEBUG main            d.u.i.k.p.r.p.TestFile    ... success: reloaded. 
24049      INFO  main            d.u.i.k.p.r.p.TestFile    Now processing file /home/runner/work/key/key/key.core/../key.ui/examples/completionscopes/testCcatchBreakLabel.key 
24050      INFO  main            d.u.i.k.p.i.AbstractProblemLoader Loading environment from /home/runner/work/key/key/key.core/../key.ui/examples/completionscopes/testCcatchBreakLabel.key 
24050      DEBUG main            d.u.i.k.p.i.AbstractProblemLoader Environment load took 182.7ns 
24051      INFO  main            d.u.i.k.p.i.AbstractProblemLoader Creating init config 
26693      DEBUG main            d.u.i.k.p.i.AbstractProblemLoader Init config took 2.64s 
26737      INFO  main            d.u.i.k.p.i.AbstractProblemLoader Replaying proof CompletionScopes[CompletionScopes::testBreakLabel()].JML normal_behavior operation contract.0 
26739      DEBUG main            d.u.i.k.p.i.IntermediateProofReplayer Proof replay took 6.9ns 
26757      DEBUG Thread-10       d.u.i.k.l.o.ProgramSV     Match failed: Former match of  SchemaVariable incompatible with  the current match. 
26842      INFO  main            d.u.i.k.p.r.p.TestFile    ... finished proof: closed. 
26989      INFO  main            d.u.i.k.p.i.AbstractProblemLoader Loading environment from /home/runner/work/key/key/key.core/../key.ui/examples/completionscopes/testCcatchBreakLabel.key.proof 
26989      DEBUG main            d.u.i.k.p.i.AbstractProblemLoader Environment load took 128.7ns 
26990      INFO  main            d.u.i.k.p.i.AbstractProblemLoader Creating init config 
29550      DEBUG main            d.u.i.k.p.i.AbstractProblemLoader Init config took 2.56s 
29604      INFO  main            d.u.i.k.p.i.AbstractProblemLoader Replaying proof CompletionScopes[CompletionScopes::testBreakLabel()].JML normal_behavior operation contract.0 
29614      DEBUG main            d.u.i.k.p.i.IntermediateProofReplayer Proof replay took 7.49ms 
29615      DEBUG main            d.u.i.k.p.r.p.TestFile    ... success: reloaded. 
29616      INFO  main            d.u.i.k.p.r.p.TestFile    Now processing file /home/runner/work/key/key/key.core/../key.ui/examples/completionscopes/testCcatchContinueLabel.key 
29616      INFO  main            d.u.i.k.p.i.AbstractProblemLoader Loading environment from /home/runner/work/key/key/key.core/../key.ui/examples/completionscopes/testCcatchContinueLabel.key 
29616      DEBUG main            d.u.i.k.p.i.AbstractProblemLoader Environment load took 95.6ns 
29617      INFO  main            d.u.i.k.p.i.AbstractProblemLoader Creating init config 
32220      DEBUG main            d.u.i.k.p.i.AbstractProblemLoader Init config took 2.6s 
32263      INFO  main            d.u.i.k.p.i.AbstractProblemLoader Replaying proof CompletionScopes[CompletionScopes::testContinueLabel()].JML normal_behavior operation contract.0 
32265      DEBUG main            d.u.i.k.p.i.IntermediateProofReplayer Proof replay took 7.1ns 
32285      DEBUG Thread-13       d.u.i.k.l.o.ProgramSV     Match failed: Former match of  SchemaVariable incompatible with  the current match. 
32368      INFO  main            d.u.i.k.p.r.p.TestFile    ... finished proof: closed. 
32523      INFO  main            d.u.i.k.p.i.AbstractProblemLoader Loading environment from /home/runner/work/key/key/key.core/../key.ui/examples/completionscopes/testCcatchContinueLabel.key.proof 
32524      DEBUG main            d.u.i.k.p.i.AbstractProblemLoader Environment load took 152.6ns 
32525      INFO  main            d.u.i.k.p.i.AbstractProblemLoader Creating init config 
35047      DEBUG main            d.u.i.k.p.i.AbstractProblemLoader Init config took 2.52s 
35090      INFO  main            d.u.i.k.p.i.AbstractProblemLoader Replaying proof CompletionScopes[CompletionScopes::testContinueLabel()].JML normal_behavior operation contract.0 
35112      DEBUG main            d.u.i.k.p.i.IntermediateProofReplayer Proof replay took 8.19ms 
35113      DEBUG main            d.u.i.k.p.r.p.TestFile    ... success: reloaded. 
35114      INFO  main            d.u.i.k.p.r.p.TestFile    Now processing file /home/runner/work/key/key/key.core/../key.ui/examples/completionscopes/testCcatchBreakLabelWildcard.key 
35114      INFO  main            d.u.i.k.p.i.AbstractProblemLoader Loading environment from /home/runner/work/key/key/key.core/../key.ui/examples/completionscopes/testCcatchBreakLabelWildcard.key 
35114      DEBUG main            d.u.i.k.p.i.AbstractProblemLoader Environment load took 122.3ns 
35115      INFO  main            d.u.i.k.p.i.AbstractProblemLoader Creating init config 
37659      DEBUG main            d.u.i.k.p.i.AbstractProblemLoader Init config took 2.54s 
37718      INFO  main            d.u.i.k.p.i.AbstractProblemLoader Replaying proof CompletionScopes[CompletionScopes::testBreakLabelWildcard()].JML normal_behavior operation contract.0 
37722      DEBUG main            d.u.i.k.p.i.IntermediateProofReplayer Proof replay took 8ns 
37744      DEBUG Thread-16       d.u.i.k.l.o.ProgramSV     Match failed: Former match of  SchemaVariable incompatible with  the current match. 
37745      DEBUG Thread-16       d.u.i.k.l.o.ProgramSV     Match failed: Former match of  SchemaVariable incompatible with  the current match. 
37830      INFO  main            d.u.i.k.p.r.p.TestFile    ... finished proof: closed. 
38092      INFO  main            d.u.i.k.p.i.AbstractProblemLoader Loading environment from /home/runner/work/key/key/key.core/../key.ui/examples/completionscopes/testCcatchBreakLabelWildcard.key.proof 
38092      DEBUG main            d.u.i.k.p.i.AbstractProblemLoader Environment load took 125.9ns 
38093      INFO  main            d.u.i.k.p.i.AbstractProblemLoader Creating init config 
40581      DEBUG main            d.u.i.k.p.i.AbstractProblemLoader Init config took 2.49s 
40637      INFO  main            d.u.i.k.p.i.AbstractProblemLoader Replaying proof CompletionScopes[CompletionScopes::testBreakLabelWildcard()].JML normal_behavior operation contract.0 
40651      DEBUG main            d.u.i.k.p.i.IntermediateProofReplayer Proof replay took 10.25ms 
40652      DEBUG main            d.u.i.k.p.r.p.TestFile    ... success: reloaded. 
40653      INFO  main            d.u.i.k.p.r.p.TestFile    Now processing file /home/runner/work/key/key/key.core/../key.ui/examples/completionscopes/testCcatchContinueLabelWildcard.key 
40654      INFO  main            d.u.i.k.p.i.AbstractProblemLoader Loading environment from /home/runner/work/key/key/key.core/../key.ui/examples/completionscopes/testCcatchContinueLabelWildcard.key 
40654      DEBUG main            d.u.i.k.p.i.AbstractProblemLoader Environment load took 96.7ns 
40655      INFO  main            d.u.i.k.p.i.AbstractProblemLoader Creating init config 
43175      DEBUG main            d.u.i.k.p.i.AbstractProblemLoader Init config took 2.52s 
43217      INFO  main            d.u.i.k.p.i.AbstractProblemLoader Replaying proof CompletionScopes[CompletionScopes::testContinueLabelWildcard()].JML normal_behavior operation contract.0 
43218      DEBUG main            d.u.i.k.p.i.IntermediateProofReplayer Proof replay took 7.4ns 
43236      DEBUG Thread-19       d.u.i.k.l.o.ProgramSV     Match failed: Former match of  SchemaVariable incompatible with  the current match. 
43237      DEBUG Thread-19       d.u.i.k.l.o.ProgramSV     Match failed: Former match of  SchemaVariable incompatible with  the current match. 
43320      INFO  main            d.u.i.k.p.r.p.TestFile    ... finished proof: closed. 
43488      INFO  main            d.u.i.k.p.i.AbstractProblemLoader Loading environment from /home/runner/work/key/key/key.core/../key.ui/examples/completionscopes/testCcatchContinueLabelWildcard.key.proof 
43488      DEBUG main            d.u.i.k.p.i.AbstractProblemLoader Environment load took 132.6ns 
43489      INFO  main            d.u.i.k.p.i.AbstractProblemLoader Creating init config 
45973      DEBUG main            d.u.i.k.p.i.AbstractProblemLoader Init config took 2.48s 
46014      INFO  main            d.u.i.k.p.i.AbstractProblemLoader Replaying proof CompletionScopes[CompletionScopes::testContinueLabelWildcard()].JML normal_behavior operation contract.0 
46024      DEBUG main            d.u.i.k.p.i.IntermediateProofReplayer Proof replay took 7.04ms 
46025      DEBUG main            d.u.i.k.p.r.p.TestFile    ... success: reloaded. 
46026      INFO  main            d.u.i.k.p.r.p.TestFile    Now processing file /home/runner/work/key/key/key.core/../key.ui/examples/completionscopes/testCcatchBreakLabelNonmatchingNested.key 
46027      INFO  main            d.u.i.k.p.i.AbstractProblemLoader Loading environment from /home/runner/work/key/key/key.core/../key.ui/examples/completionscopes/testCcatchBreakLabelNonmatchingNested.key 
46027      DEBUG main            d.u.i.k.p.i.AbstractProblemLoader Environment load took 95.8ns 
46028      INFO  main            d.u.i.k.p.i.AbstractProblemLoader Creating init config 
48588      DEBUG main            d.u.i.k.p.i.AbstractProblemLoader Init config took 2.56s 
48626      INFO  main            d.u.i.k.p.i.AbstractProblemLoader Replaying proof CompletionScopes[CompletionScopes::testBreakLabelNonmatchingNested()].JML normal_behavior operation contract.0 
48628      DEBUG main            d.u.i.k.p.i.IntermediateProofReplayer Proof replay took 7.9ns 
48646      DEBUG Thread-22       d.u.i.k.l.o.ProgramSV     Match failed: Former match of  SchemaVariable incompatible with  the current match. 
48647      DEBUG Thread-22       d.u.i.k.l.o.ProgramSV     Match failed: Former match of  SchemaVariable incompatible with  the current match. 
48732      INFO  main            d.u.i.k.p.r.p.TestFile    ... finished proof: closed. 
48898      INFO  main            d.u.i.k.p.i.AbstractProblemLoader Loading environment from /home/runner/work/key/key/key.core/../key.ui/examples/completionscopes/testCcatchBreakLabelNonmatchingNested.key.proof 
48898      DEBUG main            d.u.i.k.p.i.AbstractProblemLoader Environment load took 153.7ns 
48899      INFO  main            d.u.i.k.p.i.AbstractProblemLoader Creating init config 
51397      DEBUG main            d.u.i.k.p.i.AbstractProblemLoader Init config took 2.5s 
51437      INFO  main            d.u.i.k.p.i.AbstractProblemLoader Replaying proof CompletionScopes[CompletionScopes::testBreakLabelNonmatchingNested()].JML normal_behavior operation contract.0 
51446      DEBUG main            d.u.i.k.p.i.IntermediateProofReplayer Proof replay took 6.81ms 
51447      DEBUG main            d.u.i.k.p.r.p.TestFile    ... success: reloaded. 
5070449    INFO  Test worker     d.u.i.k.p.r.RunAllProofsTestUnit Returning from test completionScopes 
5070451    INFO  Test worker     d.u.i.k.p.r.RunAllProofsTestUnit Running test reload_examples 
369        INFO  Timeout watchdog d.u.i.k.p.r.p.ForkedTestFileRunner Timeout watcher launched (2000 secs.) 
381        WARN  main            d.u.i.k.s.ProofSettings   The settings in /home/runner/.key/proof-settings.props are *not* read. 
409        INFO  main            d.u.i.k.p.r.p.TestFile    Now processing file /home/runner/work/key/key/key.core/../key.ui/examples/firstTouch/05-ReverseArray/reverseArray.key 
519        INFO  main            d.u.i.k.p.i.AbstractProblemLoader Loading environment from /home/runner/work/key/key/key.core/../key.ui/examples/firstTouch/05-ReverseArray/reverseArray.key 
546        DEBUG main            d.u.i.k.p.i.AbstractProblemLoader Environment load took 2ms 
778        INFO  main            d.u.i.k.p.i.AbstractProblemLoader Creating init config 
1749       DEBUG main            d.u.i.k.j.TypeConverter   No LDT found for Meta 
1753       DEBUG main            d.u.i.k.j.TypeConverter   No LDT found for Meta 
1756       DEBUG main            d.u.i.k.j.TypeConverter   No LDT found for Meta 
1757       DEBUG main            d.u.i.k.j.TypeConverter   No LDT found for Meta 
3051       DEBUG main            d.u.i.k.j.TypeConverter   No LDT found for JavaBigintExpression 
8542       DEBUG main            d.u.i.k.p.i.AbstractProblemLoader Init config took 7.76s 
8647       INFO  main            d.u.i.k.p.i.AbstractProblemLoader Replaying proof ReverseArray[ReverseArray::reverse()].JML normal_behavior operation contract.0 
8700       DEBUG main            d.u.i.k.p.i.IntermediateProofReplayer Proof replay took 36.6ns 
19821      INFO  main            d.u.i.k.p.r.p.TestFile    ... finished proof: closed. 
20089      INFO  main            d.u.i.k.p.i.AbstractProblemLoader Loading environment from /home/runner/work/key/key/key.core/../key.ui/examples/firstTouch/05-ReverseArray/reverseArray.key.proof 
20090      DEBUG main            d.u.i.k.p.i.AbstractProblemLoader Environment load took 837.41ns 
20095      INFO  main            d.u.i.k.p.i.AbstractProblemLoader Creating init config 
23143      DEBUG main            d.u.i.k.p.i.AbstractProblemLoader Init config took 3.05s 
23193      INFO  main            d.u.i.k.p.i.AbstractProblemLoader Replaying proof ReverseArray[ReverseArray::reverse()].JML normal_behavior operation contract.0 
23792      DEBUG main            d.u.i.k.p.i.IntermediateProofReplayer Proof replay took 536.22ms 
23804      DEBUG main            d.u.i.k.p.r.p.TestFile    ... success: reloaded. 
23807      INFO  main            d.u.i.k.p.r.p.TestFile    Now processing file /home/runner/work/key/key/key.core/../key.ui/examples/standard_key/arith/saveProofTest.key.proof 
23807      INFO  main            d.u.i.k.p.i.AbstractProblemLoader Loading environment from /home/runner/work/key/key/key.core/../key.ui/examples/standard_key/arith/saveProofTest.key.proof 
23807      DEBUG main            d.u.i.k.p.i.AbstractProblemLoader Environment load took 132.2ns 
23810      INFO  main            d.u.i.k.p.i.AbstractProblemLoader Creating init config 
26445      DEBUG main            d.u.i.k.p.i.AbstractProblemLoader Init config took 2.63s 
26485      INFO  main            d.u.i.k.p.i.AbstractProblemLoader Replaying proof saveProofTest.key.proof 
26491      DEBUG main            d.u.i.k.p.i.IntermediateProofReplayer Proof replay took 2.39ms 
26492      INFO  main            d.u.i.k.p.r.p.TestFile    ... success: loaded 
26494      INFO  main            d.u.i.k.p.r.p.TestFile    Now processing file /home/runner/work/key/key/key.core/../key.ui/examples/heap/permutedSum/perm.proof 
26494      INFO  main            d.u.i.k.p.i.AbstractProblemLoader Loading environment from /home/runner/work/key/key/key.core/../key.ui/examples/heap/permutedSum/perm.proof 
26494      DEBUG main            d.u.i.k.p.i.AbstractProblemLoader Environment load took 220.5ns 
26497      INFO  main            d.u.i.k.p.i.AbstractProblemLoader Creating init config 
29317      DEBUG main            d.u.i.k.p.i.AbstractProblemLoader Init config took 2.82s 
29387      INFO  main            d.u.i.k.p.i.AbstractProblemLoader Replaying proof Perm[Perm::foo()].JML normal_behavior operation contract.0 
30258      DEBUG main            d.u.i.k.p.i.IntermediateProofReplayer Proof replay took 818.97ms 
30261      INFO  main            d.u.i.k.p.r.p.TestFile    ... success: loaded 
30263      INFO  main            d.u.i.k.p.r.p.TestFile    Now processing file /home/runner/work/key/key/key.core/../key.ui/examples/firstTouch/05-ReverseArray/reverseArray.proof 
30263      INFO  main            d.u.i.k.p.i.AbstractProblemLoader Loading environment from /home/runner/work/key/key/key.core/../key.ui/examples/firstTouch/05-ReverseArray/reverseArray.proof 
30263      DEBUG main            d.u.i.k.p.i.AbstractProblemLoader Environment load took 117.7ns 
30266      INFO  main            d.u.i.k.p.i.AbstractProblemLoader Creating init config 
33050      DEBUG main            d.u.i.k.p.i.AbstractProblemLoader Init config took 2.78s 
33091      INFO  main            d.u.i.k.p.i.AbstractProblemLoader Replaying proof ReverseArray[ReverseArray::reverse()].JML normal_behavior operation contract.0 
33556      DEBUG main            d.u.i.k.p.i.IntermediateProofReplayer Proof replay took 424.43ms 
33559      INFO  main            d.u.i.k.p.r.p.TestFile    ... success: loaded 
33561      INFO  main            d.u.i.k.p.r.p.TestFile    Now processing file /home/runner/work/key/key/key.core/../key.ui/examples/heap/verifyThis15_1_RelaxedPrefix/relax.proof 
33561      INFO  main            d.u.i.k.p.i.AbstractProblemLoader Loading environment from /home/runner/work/key/key/key.core/../key.ui/examples/heap/verifyThis15_1_RelaxedPrefix/relax.proof 
33561      DEBUG main            d.u.i.k.p.i.AbstractProblemLoader Environment load took 182.9ns 
33563      INFO  main            d.u.i.k.p.i.AbstractProblemLoader Creating init config 
36327      DEBUG main            d.u.i.k.p.i.AbstractProblemLoader Init config took 2.76s 
36375      INFO  main            d.u.i.k.p.i.AbstractProblemLoader Replaying proof Relaxed[Relaxed::isRelaxedPrefix([I,[I)].JML operation contract.0 
36766      DEBUG main            d.u.i.k.p.i.IntermediateProofReplayer Proof replay took 370.72ms 
36767      INFO  main            d.u.i.k.p.r.p.TestFile    ... success: loaded 
36769      INFO  main            d.u.i.k.p.r.p.TestFile    Now processing file /home/runner/work/key/key/key.core/../key.ui/examples/heap/verifyThis15_3_DLL/doUndo.proof 
36769      INFO  main            d.u.i.k.p.i.AbstractProblemLoader Loading environment from /home/runner/work/key/key/key.core/../key.ui/examples/heap/verifyThis15_3_DLL/doUndo.proof 
36770      DEBUG main            d.u.i.k.p.i.AbstractProblemLoader Environment load took 183.6ns 
36772      INFO  main            d.u.i.k.p.i.AbstractProblemLoader Creating init config 
37812      DEBUG main            d.u.i.k.j.r.ClassPreparationMethodBuilder clPrepBuilder: Inner Class detected. Reject building class initialisation methods. 
39792      DEBUG main            d.u.i.k.p.i.AbstractProblemLoader Init config took 3.02s 
39877      INFO  main            d.u.i.k.p.i.AbstractProblemLoader Replaying proof DoubleLinkedList[DoubleLinkedList::doUndo(DoubleLinkedList.Node,int)].JML normal_behavior operation contract.0 
40377      DEBUG main            d.u.i.k.p.i.IntermediateProofReplayer Proof replay took 466.21ms 
40379      INFO  main            d.u.i.k.p.r.p.TestFile    ... success: loaded 
40380      INFO  main            d.u.i.k.p.r.p.TestFile    Now processing file /home/runner/work/key/key/key.core/../key.ui/examples/heap/verifyThis15_2_ParallelGcd/parallelGcd.proof 
40380      INFO  main            d.u.i.k.p.i.AbstractProblemLoader Loading environment from /home/runner/work/key/key/key.core/../key.ui/examples/heap/verifyThis15_2_ParallelGcd/parallelGcd.proof 
40381      DEBUG main            d.u.i.k.p.i.AbstractProblemLoader Environment load took 229.6ns 
40383      INFO  main            d.u.i.k.p.i.AbstractProblemLoader Creating init config 
43131      DEBUG main            d.u.i.k.p.i.AbstractProblemLoader Init config took 2.75s 
43182      INFO  main            d.u.i.k.p.i.AbstractProblemLoader Replaying proof ParallelGcd[ParallelGcd::parallelGcd(int,int,[Z)].JML behavior operation contract.0 
43619      DEBUG main            d.u.i.k.p.i.IntermediateProofReplayer Proof replay took 420.61ms 
43620      INFO  main            d.u.i.k.p.r.p.TestFile    ... success: loaded 
5114246    INFO  Test worker     d.u.i.k.p.r.RunAllProofsTestUnit Returning from test reload_examples 
5114247    INFO  Test worker     d.u.i.k.p.r.RunAllProofsTestUnit Running test proofLoadRepair 
392        INFO  Timeout watchdog d.u.i.k.p.r.p.ForkedTestFileRunner Timeout watcher launched (2000 secs.) 
415        WARN  main            d.u.i.k.s.ProofSettings   The settings in /home/runner/.key/proof-settings.props are *not* read. 
445        INFO  main            d.u.i.k.p.r.p.TestFile    Now processing file /home/runner/work/key/key/key.core/../key.ui/examples/proofLoadRepair/disjConj-manipulated.proof 
573        INFO  main            d.u.i.k.p.i.AbstractProblemLoader Loading environment from /home/runner/work/key/key/key.core/../key.ui/examples/proofLoadRepair/disjConj-manipulated.proof 
591        DEBUG main            d.u.i.k.p.i.AbstractProblemLoader Environment load took 2.39ms 
830        INFO  main            d.u.i.k.p.i.AbstractProblemLoader Creating init config 
1803       DEBUG main            d.u.i.k.j.TypeConverter   No LDT found for Meta 
1803       DEBUG main            d.u.i.k.j.TypeConverter   No LDT found for Meta 
1805       DEBUG main            d.u.i.k.j.TypeConverter   No LDT found for Meta 
1806       DEBUG main            d.u.i.k.j.TypeConverter   No LDT found for Meta 
2994       DEBUG main            d.u.i.k.j.TypeConverter   No LDT found for JavaBigintExpression 
8110       DEBUG main            d.u.i.k.p.i.AbstractProblemLoader Init config took 7.28s 
8170       INFO  main            d.u.i.k.p.i.AbstractProblemLoader Replaying proof disjConj-manipulated.proof 
8229       WARN  main            d.u.i.k.p.i.IntermediateProofReplayer Proof contains wrong number of \assumes instatiations for andLeft 
8230       WARN  main            d.u.i.k.p.i.IntermediateProofReplayer Proof contains wrong number of \assumes instatiations for replace_known_right 
8233       WARN  main            d.u.i.k.p.i.IntermediateProofReplayer Proof contains wrong number of \assumes instatiations for close 
8234       DEBUG main            d.u.i.k.p.i.IntermediateProofReplayer Proof replay took 18.56ms 
8239       INFO  main            d.u.i.k.p.r.p.TestFile    ... success: loaded 
8247       INFO  main            d.u.i.k.p.r.p.TestFile    Now processing file /home/runner/work/key/key/key.core/../key.ui/examples/proofLoadRepair/insufficient-manipulated.proof 
8248       INFO  main            d.u.i.k.p.i.AbstractProblemLoader Loading environment from /home/runner/work/key/key/key.core/../key.ui/examples/proofLoadRepair/insufficient-manipulated.proof 
8248       DEBUG main            d.u.i.k.p.i.AbstractProblemLoader Environment load took 133.3ns 
8257       INFO  main            d.u.i.k.p.i.AbstractProblemLoader Creating init config 
11160      DEBUG main            d.u.i.k.p.i.AbstractProblemLoader Init config took 2.9s 
11192      INFO  main            d.u.i.k.p.i.AbstractProblemLoader Replaying proof insufficient-manipulated.proof 
11210      WARN  main            d.u.i.k.p.i.IntermediateProofReplayer Proof contains wrong number of \assumes instatiations for applyEq 
11220      DEBUG main            d.u.i.k.p.i.IntermediateProofReplayer Proof replay took 10.52ms 
11223      INFO  main            d.u.i.k.p.r.p.TestFile    ... success: loading failed 
11224      INFO  main            d.u.i.k.p.r.p.TestFile    Now processing file /home/runner/work/key/key/key.core/../key.ui/examples/../../key.core/src/test/resources/testcase/issues/1716/incorrectPolarity.proof 
11224      INFO  main            d.u.i.k.p.i.AbstractProblemLoader Loading environment from /home/runner/work/key/key/key.core/../key.ui/examples/../../key.core/src/test/resources/testcase/issues/1716/incorrectPolarity.proof 
11225      DEBUG main            d.u.i.k.p.i.AbstractProblemLoader Environment load took 211.5ns 
11226      INFO  main            d.u.i.k.p.i.AbstractProblemLoader Creating init config 
14111      DEBUG main            d.u.i.k.p.i.AbstractProblemLoader Init config took 2.88s 
14142      INFO  main            d.u.i.k.p.i.AbstractProblemLoader Replaying proof incorrectPolarity.proof 
14144      DEBUG main            d.u.i.k.p.i.IntermediateProofReplayer Proof replay took 234.6ns 
14145      INFO  main            d.u.i.k.p.r.p.TestFile    ... success: loading failed 
14146      INFO  main            d.u.i.k.p.r.p.TestFile    Now processing file /home/runner/work/key/key/key.core/../key.ui/examples/../../key.core/src/test/resources/testcase/issues/1716/incorrectPolarity2.proof 
14147      INFO  main            d.u.i.k.p.i.AbstractProblemLoader Loading environment from /home/runner/work/key/key/key.core/../key.ui/examples/../../key.core/src/test/resources/testcase/issues/1716/incorrectPolarity2.proof 
14147      DEBUG main            d.u.i.k.p.i.AbstractProblemLoader Environment load took 208.9ns 
14148      INFO  main            d.u.i.k.p.i.AbstractProblemLoader Creating init config 
16829      DEBUG main            d.u.i.k.p.i.AbstractProblemLoader Init config took 2.68s 
16852      INFO  main            d.u.i.k.p.i.AbstractProblemLoader Replaying proof incorrectPolarity2.proof 
16855      DEBUG main            d.u.i.k.p.i.IntermediateProofReplayer Proof replay took 361.7ns 
16855      INFO  main            d.u.i.k.p.r.p.TestFile    ... success: loading failed 
16857      INFO  main            d.u.i.k.p.r.p.TestFile    Now processing file /home/runner/work/key/key/key.core/../key.ui/examples/../../key.core/src/test/resources/testcase/issues/1716/incorrectPolarity3.proof 
16857      INFO  main            d.u.i.k.p.i.AbstractProblemLoader Loading environment from /home/runner/work/key/key/key.core/../key.ui/examples/../../key.core/src/test/resources/testcase/issues/1716/incorrectPolarity3.proof 
16857      DEBUG main            d.u.i.k.p.i.AbstractProblemLoader Environment load took 110.3ns 
16859      INFO  main            d.u.i.k.p.i.AbstractProblemLoader Creating init config 
19424      DEBUG main            d.u.i.k.p.i.AbstractProblemLoader Init config took 2.57s 
19445      INFO  main            d.u.i.k.p.i.AbstractProblemLoader Replaying proof incorrectPolarity3.proof 
19448      DEBUG main            d.u.i.k.p.i.IntermediateProofReplayer Proof replay took 1.11ms 
19449      INFO  main            d.u.i.k.p.r.p.TestFile    ... success: loading failed 
5133883    INFO  Test worker     d.u.i.k.p.r.RunAllProofsTestUnit Returning from test proofLoadRepair 
5133883    INFO  Test worker     d.u.i.k.p.r.RunAllProofsTestUnit Running test switch 
344        INFO  Timeout watchdog d.u.i.k.p.r.p.ForkedTestFileRunner Timeout watcher launched (2000 secs.) 
356        WARN  main            d.u.i.k.s.ProofSettings   The settings in /home/runner/.key/proof-settings.props are *not* read. 
404        INFO  main            d.u.i.k.p.r.p.TestFile    Now processing file /home/runner/work/key/key/key.core/../key.ui/examples/standard_key/java_dl/switch/labeled_case.key 
562        INFO  main            d.u.i.k.p.i.AbstractProblemLoader Loading environment from /home/runner/work/key/key/key.core/../key.ui/examples/standard_key/java_dl/switch/labeled_case.key 
579        DEBUG main            d.u.i.k.p.i.AbstractProblemLoader Environment load took 2.26ms 
800        INFO  main            d.u.i.k.p.i.AbstractProblemLoader Creating init config 
1797       DEBUG main            d.u.i.k.j.TypeConverter   No LDT found for Meta 
1798       DEBUG main            d.u.i.k.j.TypeConverter   No LDT found for Meta 
1799       DEBUG main            d.u.i.k.j.TypeConverter   No LDT found for Meta 
1800       DEBUG main            d.u.i.k.j.TypeConverter   No LDT found for Meta 
3247       DEBUG main            d.u.i.k.j.TypeConverter   No LDT found for JavaBigintExpression 
8166       DEBUG main            d.u.i.k.p.i.AbstractProblemLoader Init config took 7.37s 
8296       INFO  main            d.u.i.k.p.i.AbstractProblemLoader Replaying proof LabeledCase[LabeledCase::m(int)].JML normal_behavior operation contract.0 
8330       DEBUG main            d.u.i.k.p.i.IntermediateProofReplayer Proof replay took 35.7ns 
8998       INFO  main            d.u.i.k.p.r.p.TestFile    ... finished proof: closed. 
9109       INFO  main            d.u.i.k.p.i.AbstractProblemLoader Loading environment from /home/runner/work/key/key/key.core/../key.ui/examples/standard_key/java_dl/switch/labeled_case.key.proof 
9110       DEBUG main            d.u.i.k.p.i.AbstractProblemLoader Environment load took 902.81ns 
9114       INFO  main            d.u.i.k.p.i.AbstractProblemLoader Creating init config 
11967      DEBUG main            d.u.i.k.p.i.AbstractProblemLoader Init config took 2.85s 
12041      INFO  main            d.u.i.k.p.i.AbstractProblemLoader Replaying proof LabeledCase[LabeledCase::m(int)].JML normal_behavior operation contract.0 
12097      DEBUG main            d.u.i.k.p.i.IntermediateProofReplayer Proof replay took 50.08ms 
12109      DEBUG main            d.u.i.k.p.r.p.TestFile    ... success: reloaded. 
12110      INFO  main            d.u.i.k.p.r.p.TestFile    Now processing file /home/runner/work/key/key/key.core/../key.ui/examples/standard_key/java_dl/switch/empty_switch.key 
12111      INFO  main            d.u.i.k.p.i.AbstractProblemLoader Loading environment from /home/runner/work/key/key/key.core/../key.ui/examples/standard_key/java_dl/switch/empty_switch.key 
12111      DEBUG main            d.u.i.k.p.i.AbstractProblemLoader Environment load took 231.5ns 
12113      INFO  main            d.u.i.k.p.i.AbstractProblemLoader Creating init config 
14630      DEBUG main            d.u.i.k.p.i.AbstractProblemLoader Init config took 2.52s 
14660      INFO  main            d.u.i.k.p.i.AbstractProblemLoader Replaying proof empty_switch.key 
14662      DEBUG main            d.u.i.k.p.i.IntermediateProofReplayer Proof replay took 7.3ns 
14769      INFO  main            d.u.i.k.p.r.p.TestFile    ... finished proof: closed. 
14896      INFO  main            d.u.i.k.p.i.AbstractProblemLoader Loading environment from /home/runner/work/key/key/key.core/../key.ui/examples/standard_key/java_dl/switch/empty_switch.key.proof 
14897      DEBUG main            d.u.i.k.p.i.AbstractProblemLoader Environment load took 137.1ns 
14898      INFO  main            d.u.i.k.p.i.AbstractProblemLoader Creating init config 
17356      DEBUG main            d.u.i.k.p.i.AbstractProblemLoader Init config took 2.46s 
17380      INFO  main            d.u.i.k.p.i.AbstractProblemLoader Replaying proof empty_switch.key.proof 
17385      DEBUG main            d.u.i.k.p.i.IntermediateProofReplayer Proof replay took 1.76ms 
17386      DEBUG main            d.u.i.k.p.r.p.TestFile    ... success: reloaded. 
17387      INFO  main            d.u.i.k.p.r.p.TestFile    Now processing file /home/runner/work/key/key/key.core/../key.ui/examples/standard_key/java_dl/switch/empty_switch_null.key 
17387      INFO  main            d.u.i.k.p.i.AbstractProblemLoader Loading environment from /home/runner/work/key/key/key.core/../key.ui/examples/standard_key/java_dl/switch/empty_switch_null.key 
17388      DEBUG main            d.u.i.k.p.i.AbstractProblemLoader Environment load took 188.3ns 
17389      INFO  main            d.u.i.k.p.i.AbstractProblemLoader Creating init config 
19842      DEBUG main            d.u.i.k.p.i.AbstractProblemLoader Init config took 2.45s 
19866      INFO  main            d.u.i.k.p.i.AbstractProblemLoader Replaying proof empty_switch_null.key 
19870      DEBUG main            d.u.i.k.p.i.IntermediateProofReplayer Proof replay took 6.5ns 
20073      INFO  main            d.u.i.k.p.r.p.TestFile    ... finished proof: closed. 
20216      INFO  main            d.u.i.k.p.i.AbstractProblemLoader Loading environment from /home/runner/work/key/key/key.core/../key.ui/examples/standard_key/java_dl/switch/empty_switch_null.key.proof 
20216      DEBUG main            d.u.i.k.p.i.AbstractProblemLoader Environment load took 204.9ns 
20219      INFO  main            d.u.i.k.p.i.AbstractProblemLoader Creating init config 
22648      DEBUG main            d.u.i.k.p.i.AbstractProblemLoader Init config took 2.43s 
22669      INFO  main            d.u.i.k.p.i.AbstractProblemLoader Replaying proof empty_switch_null.key.proof 
22697      DEBUG main            d.u.i.k.p.i.IntermediateProofReplayer Proof replay took 25.43ms 
22698      DEBUG main            d.u.i.k.p.r.p.TestFile    ... success: reloaded. 
22699      INFO  main            d.u.i.k.p.r.p.TestFile    Now processing file /home/runner/work/key/key/key.core/../key.ui/examples/standard_key/java_dl/switch/empty_switch_null_catch.key 
22700      INFO  main            d.u.i.k.p.i.AbstractProblemLoader Loading environment from /home/runner/work/key/key/key.core/../key.ui/examples/standard_key/java_dl/switch/empty_switch_null_catch.key 
22700      DEBUG main            d.u.i.k.p.i.AbstractProblemLoader Environment load took 182.6ns 
22701      INFO  main            d.u.i.k.p.i.AbstractProblemLoader Creating init config 
25098      DEBUG main            d.u.i.k.p.i.AbstractProblemLoader Init config took 2.4s 
25118      INFO  main            d.u.i.k.p.i.AbstractProblemLoader Replaying proof empty_switch_null_catch.key 
25120      DEBUG main            d.u.i.k.p.i.IntermediateProofReplayer Proof replay took 6.7ns 
25324      INFO  main            d.u.i.k.p.r.p.TestFile    ... finished proof: closed. 
25474      INFO  main            d.u.i.k.p.i.AbstractProblemLoader Loading environment from /home/runner/work/key/key/key.core/../key.ui/examples/standard_key/java_dl/switch/empty_switch_null_catch.key.proof 
25474      DEBUG main            d.u.i.k.p.i.AbstractProblemLoader Environment load took 503.51ns 
25475      INFO  main            d.u.i.k.p.i.AbstractProblemLoader Creating init config 
27875      DEBUG main            d.u.i.k.p.i.AbstractProblemLoader Init config took 2.4s 
27896      INFO  main            d.u.i.k.p.i.AbstractProblemLoader Replaying proof empty_switch_null_catch.key.proof 
27930      DEBUG main            d.u.i.k.p.i.IntermediateProofReplayer Proof replay took 30.8ms 
27931      DEBUG main            d.u.i.k.p.r.p.TestFile    ... success: reloaded. 
27932      INFO  main            d.u.i.k.p.r.p.TestFile    Now processing file /home/runner/work/key/key/key.core/../key.ui/examples/standard_key/java_dl/switch/empty_switch_array_out_of_bounds.key 
27932      INFO  main            d.u.i.k.p.i.AbstractProblemLoader Loading environment from /home/runner/work/key/key/key.core/../key.ui/examples/standard_key/java_dl/switch/empty_switch_array_out_of_bounds.key 
27932      DEBUG main            d.u.i.k.p.i.AbstractProblemLoader Environment load took 174.6ns 
27933      INFO  main            d.u.i.k.p.i.AbstractProblemLoader Creating init config 
30358      DEBUG main            d.u.i.k.p.i.AbstractProblemLoader Init config took 2.42s 
30378      INFO  main            d.u.i.k.p.i.AbstractProblemLoader Replaying proof empty_switch_array_out_of_bounds.key 
30382      DEBUG main            d.u.i.k.p.i.IntermediateProofReplayer Proof replay took 6.2ns 
30585      INFO  main            d.u.i.k.p.r.p.TestFile    ... finished proof: closed. 
30756      INFO  main            d.u.i.k.p.i.AbstractProblemLoader Loading environment from /home/runner/work/key/key/key.core/../key.ui/examples/standard_key/java_dl/switch/empty_switch_array_out_of_bounds.key.proof 
30757      DEBUG main            d.u.i.k.p.i.AbstractProblemLoader Environment load took 318.7ns 
30758      INFO  main            d.u.i.k.p.i.AbstractProblemLoader Creating init config 
33145      DEBUG main            d.u.i.k.p.i.AbstractProblemLoader Init config took 2.39s 
33169      INFO  main            d.u.i.k.p.i.AbstractProblemLoader Replaying proof empty_switch_array_out_of_bounds.key.proof 
33226      DEBUG main            d.u.i.k.p.i.IntermediateProofReplayer Proof replay took 53.8ms 
33227      DEBUG main            d.u.i.k.p.r.p.TestFile    ... success: reloaded. 
33228      INFO  main            d.u.i.k.p.r.p.TestFile    Now processing file /home/runner/work/key/key/key.core/../key.ui/examples/standard_key/java_dl/switch/empty_switch_array_out_of_bounds_catch.key 
33229      INFO  main            d.u.i.k.p.i.AbstractProblemLoader Loading environment from /home/runner/work/key/key/key.core/../key.ui/examples/standard_key/java_dl/switch/empty_switch_array_out_of_bounds_catch.key 
33229      DEBUG main            d.u.i.k.p.i.AbstractProblemLoader Environment load took 181.8ns 
33230      INFO  main            d.u.i.k.p.i.AbstractProblemLoader Creating init config 
35619      DEBUG main            d.u.i.k.p.i.AbstractProblemLoader Init config took 2.39s 
35640      INFO  main            d.u.i.k.p.i.AbstractProblemLoader Replaying proof empty_switch_array_out_of_bounds_catch.key 
35643      DEBUG main            d.u.i.k.p.i.IntermediateProofReplayer Proof replay took 7ns 
35846      INFO  main            d.u.i.k.p.r.p.TestFile    ... finished proof: closed. 
36011      INFO  main            d.u.i.k.p.i.AbstractProblemLoader Loading environment from /home/runner/work/key/key/key.core/../key.ui/examples/standard_key/java_dl/switch/empty_switch_array_out_of_bounds_catch.key.proof 
36011      DEBUG main            d.u.i.k.p.i.AbstractProblemLoader Environment load took 136.2ns 
36013      INFO  main            d.u.i.k.p.i.AbstractProblemLoader Creating init config 
38375      DEBUG main            d.u.i.k.p.i.AbstractProblemLoader Init config took 2.36s 
38397      INFO  main            d.u.i.k.p.i.AbstractProblemLoader Replaying proof empty_switch_array_out_of_bounds_catch.key.proof 
38439      DEBUG main            d.u.i.k.p.i.IntermediateProofReplayer Proof replay took 39.27ms 
38441      DEBUG main            d.u.i.k.p.r.p.TestFile    ... success: reloaded. 
38442      INFO  main            d.u.i.k.p.r.p.TestFile    Now processing file /home/runner/work/key/key/key.core/../key.ui/examples/standard_key/java_dl/switch/switch_in_switch.key 
38442      INFO  main            d.u.i.k.p.i.AbstractProblemLoader Loading environment from /home/runner/work/key/key/key.core/../key.ui/examples/standard_key/java_dl/switch/switch_in_switch.key 
38442      DEBUG main            d.u.i.k.p.i.AbstractProblemLoader Environment load took 176.6ns 
38443      INFO  main            d.u.i.k.p.i.AbstractProblemLoader Creating init config 
40901      DEBUG main            d.u.i.k.p.i.AbstractProblemLoader Init config took 2.46s 
40948      INFO  main            d.u.i.k.p.i.AbstractProblemLoader Replaying proof SwitchInSwitch[SwitchInSwitch::m(int)].JML normal_behavior operation contract.0 
40950      DEBUG main            d.u.i.k.p.i.IntermediateProofReplayer Proof replay took 7.5ns 
45301      INFO  main            d.u.i.k.p.r.p.TestFile    ... finished proof: closed. 
45540      INFO  main            d.u.i.k.p.i.AbstractProblemLoader Loading environment from /home/runner/work/key/key/key.core/../key.ui/examples/standard_key/java_dl/switch/switch_in_switch.key.proof 
45540      DEBUG main            d.u.i.k.p.i.AbstractProblemLoader Environment load took 153.6ns 
45542      INFO  main            d.u.i.k.p.i.AbstractProblemLoader Creating init config 
47986      DEBUG main            d.u.i.k.p.i.AbstractProblemLoader Init config took 2.44s 
48037      INFO  main            d.u.i.k.p.i.AbstractProblemLoader Replaying proof SwitchInSwitch[SwitchInSwitch::m(int)].JML normal_behavior operation contract.0 
48459      DEBUG main            d.u.i.k.p.i.IntermediateProofReplayer Proof replay took 382.85ms 
48461      DEBUG main            d.u.i.k.p.r.p.TestFile    ... success: reloaded. 
48462      INFO  main            d.u.i.k.p.r.p.TestFile    Now processing file /home/runner/work/key/key/key.core/../key.ui/examples/standard_key/java_dl/switch/while_and_switch.key 
48463      INFO  main            d.u.i.k.p.i.AbstractProblemLoader Loading environment from /home/runner/work/key/key/key.core/../key.ui/examples/standard_key/java_dl/switch/while_and_switch.key 
48463      DEBUG main            d.u.i.k.p.i.AbstractProblemLoader Environment load took 228.9ns 
48464      INFO  main            d.u.i.k.p.i.AbstractProblemLoader Creating init config 
50885      DEBUG main            d.u.i.k.p.i.AbstractProblemLoader Init config took 2.42s 
50932      INFO  main            d.u.i.k.p.i.AbstractProblemLoader Replaying proof WhileAndSwitch[WhileAndSwitch::m(int)].JML normal_behavior operation contract.0 
50934      DEBUG main            d.u.i.k.p.i.IntermediateProofReplayer Proof replay took 7.9ns 
51638      INFO  main            d.u.i.k.p.r.p.TestFile    ... finished proof: closed. 
51814      INFO  main            d.u.i.k.p.i.AbstractProblemLoader Loading environment from /home/runner/work/key/key/key.core/../key.ui/examples/standard_key/java_dl/switch/while_and_switch.key.proof 
51816      DEBUG main            d.u.i.k.p.i.AbstractProblemLoader Environment load took 1.39ms 
51817      INFO  main            d.u.i.k.p.i.AbstractProblemLoader Creating init config 
54230      DEBUG main            d.u.i.k.p.i.AbstractProblemLoader Init config took 2.41s 
54270      INFO  main            d.u.i.k.p.i.AbstractProblemLoader Replaying proof WhileAndSwitch[WhileAndSwitch::m(int)].JML normal_behavior operation contract.0 
54376      DEBUG main            d.u.i.k.p.i.IntermediateProofReplayer Proof replay took 99.56ms 
54377      DEBUG main            d.u.i.k.p.r.p.TestFile    ... success: reloaded. 
54378      INFO  main            d.u.i.k.p.r.p.TestFile    Now processing file /home/runner/work/key/key/key.core/../key.ui/examples/standard_key/java_dl/switch/large_switch.key 
54378      INFO  main            d.u.i.k.p.i.AbstractProblemLoader Loading environment from /home/runner/work/key/key/key.core/../key.ui/examples/standard_key/java_dl/switch/large_switch.key 
54378      DEBUG main            d.u.i.k.p.i.AbstractProblemLoader Environment load took 88ns 
54379      INFO  main            d.u.i.k.p.i.AbstractProblemLoader Creating init config 
56799      DEBUG main            d.u.i.k.p.i.AbstractProblemLoader Init config took 2.42s 
56844      INFO  main            d.u.i.k.p.i.AbstractProblemLoader Replaying proof LargeSwitch[LargeSwitch::m(int)].JML normal_behavior operation contract.0 
56846      DEBUG main            d.u.i.k.p.i.IntermediateProofReplayer Proof replay took 8.5ns 
58153      INFO  main            d.u.i.k.p.r.p.TestFile    ... finished proof: closed. 
58416      INFO  main            d.u.i.k.p.i.AbstractProblemLoader Loading environment from /home/runner/work/key/key/key.core/../key.ui/examples/standard_key/java_dl/switch/large_switch.key.proof 
58419      DEBUG main            d.u.i.k.p.i.AbstractProblemLoader Environment load took 2.65ms 
58421      INFO  main            d.u.i.k.p.i.AbstractProblemLoader Creating init config 
60799      DEBUG main            d.u.i.k.p.i.AbstractProblemLoader Init config took 2.38s 
60836      INFO  main            d.u.i.k.p.i.AbstractProblemLoader Replaying proof LargeSwitch[LargeSwitch::m(int)].JML normal_behavior operation contract.0 
61099      DEBUG main            d.u.i.k.p.i.IntermediateProofReplayer Proof replay took 247.01ms 
61101      DEBUG main            d.u.i.k.p.r.p.TestFile    ... success: reloaded. 
5195162    INFO  Test worker     d.u.i.k.p.r.RunAllProofsTestUnit Returning from test switch 
5195163    INFO  Test worker     d.u.i.k.p.r.RunAllProofsTestUnit Running test redux 
336        INFO  Timeout watchdog d.u.i.k.p.r.p.ForkedTestFileRunner Timeout watcher launched (2000 secs.) 
348        WARN  main            d.u.i.k.s.ProofSettings   The settings in /home/runner/.key/proof-settings.props are *not* read. 
397        INFO  main            d.u.i.k.p.r.p.TestFile    Now processing file /home/runner/work/key/key/key.core/../key.ui/examples/redux/arrays/Arrays.copyOf.key 
539        INFO  main            d.u.i.k.p.i.AbstractProblemLoader Loading environment from /home/runner/work/key/key/key.core/../key.ui/examples/redux/arrays/Arrays.copyOf.key 
561        DEBUG main            d.u.i.k.p.i.AbstractProblemLoader Environment load took 2.33ms 
785        INFO  main            d.u.i.k.p.i.AbstractProblemLoader Creating init config 
1767       DEBUG main            d.u.i.k.j.TypeConverter   No LDT found for Meta 
1768       DEBUG main            d.u.i.k.j.TypeConverter   No LDT found for Meta 
1771       DEBUG main            d.u.i.k.j.TypeConverter   No LDT found for Meta 
1771       DEBUG main            d.u.i.k.j.TypeConverter   No LDT found for Meta 
3333       DEBUG main            d.u.i.k.j.TypeConverter   No LDT found for JavaBigintExpression 
9218       DEBUG main            d.u.i.k.p.i.AbstractProblemLoader Init config took 8.43s 
9350       INFO  main            d.u.i.k.p.i.AbstractProblemLoader Replaying proof Arrays[Arrays::copyOf([I,int)].JML normal_behavior operation contract.0 
9384       DEBUG main            d.u.i.k.p.i.IntermediateProofReplayer Proof replay took 33.8ns 
14549      INFO  main            d.u.i.k.p.r.p.TestFile    ... finished proof: closed. 
14715      INFO  main            d.u.i.k.p.i.AbstractProblemLoader Loading environment from /home/runner/work/key/key/key.core/../key.ui/examples/redux/arrays/Arrays.copyOf.key.proof 
14715      DEBUG main            d.u.i.k.p.i.AbstractProblemLoader Environment load took 388ns 
14718      INFO  main            d.u.i.k.p.i.AbstractProblemLoader Creating init config 
18088      DEBUG main            d.u.i.k.p.i.AbstractProblemLoader Init config took 3.37s 
18161      INFO  main            d.u.i.k.p.i.AbstractProblemLoader Replaying proof Arrays[Arrays::copyOf([I,int)].JML normal_behavior operation contract.0 
18572      DEBUG main            d.u.i.k.p.i.IntermediateProofReplayer Proof replay took 387.46ms 
18581      DEBUG main            d.u.i.k.p.r.p.TestFile    ... success: reloaded. 
18582      INFO  main            d.u.i.k.p.r.p.TestFile    Now processing file /home/runner/work/key/key/key.core/../key.ui/examples/redux/arrays/Arrays.copyOf.float.key 
18583      INFO  main            d.u.i.k.p.i.AbstractProblemLoader Loading environment from /home/runner/work/key/key/key.core/../key.ui/examples/redux/arrays/Arrays.copyOf.float.key 
18583      DEBUG main            d.u.i.k.p.i.AbstractProblemLoader Environment load took 203.7ns 
18585      INFO  main            d.u.i.k.p.i.AbstractProblemLoader Creating init config 
21806      DEBUG main            d.u.i.k.p.i.AbstractProblemLoader Init config took 3.22s 
21861      INFO  main            d.u.i.k.p.i.AbstractProblemLoader Replaying proof Arrays[Arrays::copyOf([F,int)].JML normal_behavior operation contract.0 
21863      DEBUG main            d.u.i.k.p.i.IntermediateProofReplayer Proof replay took 6.6ns 
21894      DEBUG main            d.u.i.k.m.s.ProofScriptEngine [1] goal: 0, source line: 6, command: 'macro autopilot' 
26530      DEBUG main            d.u.i.k.m.s.ProofScriptEngine [2] goal: 17, source line: 7, command: 'smt solver=Z3' 
26635      INFO  main            d.u.i.k.m.s.SMTCommand    Finished run on goal 17 in 73ms, result is valid 
26638      DEBUG main            d.u.i.k.m.s.ProofScriptEngine [3] goal: 309, source line: 8, command: 'tryclose' 
28297      INFO  main            d.u.i.k.p.r.p.TestFile    ... finished proof: closed. 
28484      INFO  main            d.u.i.k.p.i.AbstractProblemLoader Loading environment from /home/runner/work/key/key/key.core/../key.ui/examples/redux/arrays/Arrays.copyOf.float.key.proof 
28484      DEBUG main            d.u.i.k.p.i.AbstractProblemLoader Environment load took 381.61ns 
28490      INFO  main            d.u.i.k.p.i.AbstractProblemLoader Creating init config 
31646      DEBUG main            d.u.i.k.p.i.AbstractProblemLoader Init config took 3.16s 
31727      INFO  main            d.u.i.k.p.i.AbstractProblemLoader Replaying proof Arrays[Arrays::copyOf([F,int)].JML normal_behavior operation contract.0 
31819      INFO  main            d.u.i.k.s.SMTFocusResults Analyzing unsat core: (L_6) 
32403      DEBUG main            d.u.i.k.p.i.IntermediateProofReplayer Proof replay took 649.84ms 
32405      DEBUG main            d.u.i.k.p.r.p.TestFile    ... success: reloaded. 
32408      INFO  main            d.u.i.k.p.r.p.TestFile    Now processing file /home/runner/work/key/key/key.core/../key.ui/examples/redux/arrays/Arrays.copyOfRange.key 
32408      INFO  main            d.u.i.k.p.i.AbstractProblemLoader Loading environment from /home/runner/work/key/key/key.core/../key.ui/examples/redux/arrays/Arrays.copyOfRange.key 
32408      DEBUG main            d.u.i.k.p.i.AbstractProblemLoader Environment load took 209.4ns 
32410      INFO  main            d.u.i.k.p.i.AbstractProblemLoader Creating init config 
35677      DEBUG main            d.u.i.k.p.i.AbstractProblemLoader Init config took 3.27s 
35745      INFO  main            d.u.i.k.p.i.AbstractProblemLoader Replaying proof Arrays[Arrays::copyOfRange([I,int,int)].JML normal_behavior operation contract.0 
35748      DEBUG main            d.u.i.k.p.i.IntermediateProofReplayer Proof replay took 6.1ns 
40198      INFO  main            d.u.i.k.p.r.p.TestFile    ... finished proof: closed. 
40427      INFO  main            d.u.i.k.p.i.AbstractProblemLoader Loading environment from /home/runner/work/key/key/key.core/../key.ui/examples/redux/arrays/Arrays.copyOfRange.key.proof 
40427      DEBUG main            d.u.i.k.p.i.AbstractProblemLoader Environment load took 356.2ns 
40429      INFO  main            d.u.i.k.p.i.AbstractProblemLoader Creating init config 
43479      DEBUG main            d.u.i.k.p.i.AbstractProblemLoader Init config took 3.05s 
43524      INFO  main            d.u.i.k.p.i.AbstractProblemLoader Replaying proof Arrays[Arrays::copyOfRange([I,int,int)].JML normal_behavior operation contract.0 
43904      DEBUG main            d.u.i.k.p.i.IntermediateProofReplayer Proof replay took 361.09ms 
43905      DEBUG main            d.u.i.k.p.r.p.TestFile    ... success: reloaded. 
43906      INFO  main            d.u.i.k.p.r.p.TestFile    Now processing file /home/runner/work/key/key/key.core/../key.ui/examples/redux/arrays/Arrays.copyOfRange.float.key 
43907      INFO  main            d.u.i.k.p.i.AbstractProblemLoader Loading environment from /home/runner/work/key/key/key.core/../key.ui/examples/redux/arrays/Arrays.copyOfRange.float.key 
43907      DEBUG main            d.u.i.k.p.i.AbstractProblemLoader Environment load took 183.4ns 
43908      INFO  main            d.u.i.k.p.i.AbstractProblemLoader Creating init config 
46940      DEBUG main            d.u.i.k.p.i.AbstractProblemLoader Init config took 3.03s 
46982      INFO  main            d.u.i.k.p.i.AbstractProblemLoader Replaying proof Arrays[Arrays::copyOfRange([F,int,int)].JML normal_behavior operation contract.0 
46983      DEBUG main            d.u.i.k.p.i.IntermediateProofReplayer Proof replay took 6.1ns 
46984      DEBUG main            d.u.i.k.m.s.ProofScriptEngine [1] goal: 0, source line: 6, command: 'macro autopilot' 
52754      DEBUG main            d.u.i.k.m.s.ProofScriptEngine [2] goal: 27, source line: 7, command: 'smt solver=Z3' 
52791      INFO  main            d.u.i.k.m.s.SMTCommand    Finished run on goal 27 in 32ms, result is valid 
52791      DEBUG main            d.u.i.k.m.s.ProofScriptEngine [3] goal: 375, source line: 8, command: 'tryclose' 
55972      INFO  main            d.u.i.k.p.r.p.TestFile    ... finished proof: closed. 
56188      INFO  main            d.u.i.k.p.i.AbstractProblemLoader Loading environment from /home/runner/work/key/key/key.core/../key.ui/examples/redux/arrays/Arrays.copyOfRange.float.key.proof 
56190      DEBUG main            d.u.i.k.p.i.AbstractProblemLoader Environment load took 2.11ms 
56192      INFO  main            d.u.i.k.p.i.AbstractProblemLoader Creating init config 
59256      DEBUG main            d.u.i.k.p.i.AbstractProblemLoader Init config took 3.06s 
59299      INFO  main            d.u.i.k.p.i.AbstractProblemLoader Replaying proof Arrays[Arrays::copyOfRange([F,int,int)].JML normal_behavior operation contract.0 
59380      INFO  main            d.u.i.k.s.SMTFocusResults Analyzing unsat core: (L_8) 
60008      DEBUG main            d.u.i.k.p.i.IntermediateProofReplayer Proof replay took 681.99ms 
60010      DEBUG main            d.u.i.k.p.r.p.TestFile    ... success: reloaded. 
60011      INFO  main            d.u.i.k.p.r.p.TestFile    Now processing file /home/runner/work/key/key/key.core/../key.ui/examples/redux/arrays/Arrays.equals.key 
60011      INFO  main            d.u.i.k.p.i.AbstractProblemLoader Loading environment from /home/runner/work/key/key/key.core/../key.ui/examples/redux/arrays/Arrays.equals.key 
60012      DEBUG main            d.u.i.k.p.i.AbstractProblemLoader Environment load took 106.3ns 
60012      INFO  main            d.u.i.k.p.i.AbstractProblemLoader Creating init config 
63125      DEBUG main            d.u.i.k.p.i.AbstractProblemLoader Init config took 3.11s 
63166      INFO  main            d.u.i.k.p.i.AbstractProblemLoader Replaying proof Arrays[Arrays::equals([B,[B)].JML normal_behavior operation contract.0 
63168      DEBUG main            d.u.i.k.p.i.IntermediateProofReplayer Proof replay took 6.2ns 
63675      INFO  main            d.u.i.k.p.r.p.TestFile    ... finished proof: closed. 
63922      INFO  main            d.u.i.k.p.i.AbstractProblemLoader Loading environment from /home/runner/work/key/key/key.core/../key.ui/examples/redux/arrays/Arrays.equals.key.proof 
63922      DEBUG main            d.u.i.k.p.i.AbstractProblemLoader Environment load took 153.7ns 
63923      INFO  main            d.u.i.k.p.i.AbstractProblemLoader Creating init config 
66960      DEBUG main            d.u.i.k.p.i.AbstractProblemLoader Init config took 3.04s 
67001      INFO  main            d.u.i.k.p.i.AbstractProblemLoader Replaying proof Arrays[Arrays::equals([B,[B)].JML normal_behavior operation contract.0 
67109      DEBUG main            d.u.i.k.p.i.IntermediateProofReplayer Proof replay took 104.78ms 
67111      DEBUG main            d.u.i.k.p.r.p.TestFile    ... success: reloaded. 
67111      INFO  main            d.u.i.k.p.r.p.TestFile    Now processing file /home/runner/work/key/key/key.core/../key.ui/examples/redux/arrays/Arrays.fill.key 
67112      INFO  main            d.u.i.k.p.i.AbstractProblemLoader Loading environment from /home/runner/work/key/key/key.core/../key.ui/examples/redux/arrays/Arrays.fill.key 
67112      DEBUG main            d.u.i.k.p.i.AbstractProblemLoader Environment load took 197ns 
67113      INFO  main            d.u.i.k.p.i.AbstractProblemLoader Creating init config 
70127      DEBUG main            d.u.i.k.p.i.AbstractProblemLoader Init config took 3.01s 
70166      INFO  main            d.u.i.k.p.i.AbstractProblemLoader Replaying proof Arrays[Arrays::fill([I,int)].JML normal_behavior operation contract.0 
70168      DEBUG main            d.u.i.k.p.i.IntermediateProofReplayer Proof replay took 7.5ns 
70370      INFO  main            d.u.i.k.p.r.p.TestFile    ... finished proof: closed. 
70627      INFO  main            d.u.i.k.p.i.AbstractProblemLoader Loading environment from /home/runner/work/key/key/key.core/../key.ui/examples/redux/arrays/Arrays.fill.key.proof 
70628      DEBUG main            d.u.i.k.p.i.AbstractProblemLoader Environment load took 128.4ns 
70629      INFO  main            d.u.i.k.p.i.AbstractProblemLoader Creating init config 
73653      DEBUG main            d.u.i.k.p.i.AbstractProblemLoader Init config took 3.02s 
73695      INFO  main            d.u.i.k.p.i.AbstractProblemLoader Replaying proof Arrays[Arrays::fill([I,int)].JML normal_behavior operation contract.0 
73721      DEBUG main            d.u.i.k.p.i.IntermediateProofReplayer Proof replay took 23.7ms 
73722      DEBUG main            d.u.i.k.p.r.p.TestFile    ... success: reloaded. 
73723      INFO  main            d.u.i.k.p.r.p.TestFile    Now processing file /home/runner/work/key/key/key.core/../key.ui/examples/redux/arrays/Arrays.fill.float.key 
73723      INFO  main            d.u.i.k.p.i.AbstractProblemLoader Loading environment from /home/runner/work/key/key/key.core/../key.ui/examples/redux/arrays/Arrays.fill.float.key 
73723      DEBUG main            d.u.i.k.p.i.AbstractProblemLoader Environment load took 96.8ns 
73724      INFO  main            d.u.i.k.p.i.AbstractProblemLoader Creating init config 
76711      DEBUG main            d.u.i.k.p.i.AbstractProblemLoader Init config took 2.99s 
76749      INFO  main            d.u.i.k.p.i.AbstractProblemLoader Replaying proof Arrays[Arrays::fill([F,float)].JML normal_behavior operation contract.0 
76750      DEBUG main            d.u.i.k.p.i.IntermediateProofReplayer Proof replay took 5.8ns 
76952      INFO  main            d.u.i.k.p.r.p.TestFile    ... finished proof: closed. 
77146      INFO  main            d.u.i.k.p.i.AbstractProblemLoader Loading environment from /home/runner/work/key/key/key.core/../key.ui/examples/redux/arrays/Arrays.fill.float.key.proof 
77146      DEBUG main            d.u.i.k.p.i.AbstractProblemLoader Environment load took 149.8ns 
77147      INFO  main            d.u.i.k.p.i.AbstractProblemLoader Creating init config 
80136      DEBUG main            d.u.i.k.p.i.AbstractProblemLoader Init config took 2.99s 
80173      INFO  main            d.u.i.k.p.i.AbstractProblemLoader Replaying proof Arrays[Arrays::fill([F,float)].JML normal_behavior operation contract.0 
80206      DEBUG main            d.u.i.k.p.i.IntermediateProofReplayer Proof replay took 30.97ms 
80207      DEBUG main            d.u.i.k.p.r.p.TestFile    ... success: reloaded. 
80208      INFO  main            d.u.i.k.p.r.p.TestFile    Now processing file /home/runner/work/key/key/key.core/../key.ui/examples/redux/arrays/Arrays.fillFromTo.key 
80209      INFO  main            d.u.i.k.p.i.AbstractProblemLoader Loading environment from /home/runner/work/key/key/key.core/../key.ui/examples/redux/arrays/Arrays.fillFromTo.key 
80209      DEBUG main            d.u.i.k.p.i.AbstractProblemLoader Environment load took 168.1ns 
80210      INFO  main            d.u.i.k.p.i.AbstractProblemLoader Creating init config 
83194      DEBUG main            d.u.i.k.p.i.AbstractProblemLoader Init config took 2.98s 
83231      INFO  main            d.u.i.k.p.i.AbstractProblemLoader Replaying proof Arrays[Arrays::fill([I,int,int,int)].JML normal_behavior operation contract.0 
83232      DEBUG main            d.u.i.k.p.i.IntermediateProofReplayer Proof replay took 6.5ns 
83871      INFO  main            d.u.i.k.p.r.p.TestFile    ... finished proof: closed. 
84141      INFO  main            d.u.i.k.p.i.AbstractProblemLoader Loading environment from /home/runner/work/key/key/key.core/../key.ui/examples/redux/arrays/Arrays.fillFromTo.key.proof 
84141      DEBUG main            d.u.i.k.p.i.AbstractProblemLoader Environment load took 364.4ns 
84142      INFO  main            d.u.i.k.p.i.AbstractProblemLoader Creating init config 
87114      DEBUG main            d.u.i.k.p.i.AbstractProblemLoader Init config took 2.97s 
87151      INFO  main            d.u.i.k.p.i.AbstractProblemLoader Replaying proof Arrays[Arrays::fill([I,int,int,int)].JML normal_behavior operation contract.0 
87228      DEBUG main            d.u.i.k.p.i.IntermediateProofReplayer Proof replay took 73.71ms 
87229      DEBUG main            d.u.i.k.p.r.p.TestFile    ... success: reloaded. 
87230      INFO  main            d.u.i.k.p.r.p.TestFile    Now processing file /home/runner/work/key/key/key.core/../key.ui/examples/redux/arrays/Arrays.fillFromTo.float.key 
87231      INFO  main            d.u.i.k.p.i.AbstractProblemLoader Loading environment from /home/runner/work/key/key/key.core/../key.ui/examples/redux/arrays/Arrays.fillFromTo.float.key 
87231      DEBUG main            d.u.i.k.p.i.AbstractProblemLoader Environment load took 202.3ns 
87232      INFO  main            d.u.i.k.p.i.AbstractProblemLoader Creating init config 
90263      DEBUG main            d.u.i.k.p.i.AbstractProblemLoader Init config took 3.03s 
90298      INFO  main            d.u.i.k.p.i.AbstractProblemLoader Replaying proof Arrays[Arrays::fill([F,int,int,float)].JML normal_behavior operation contract.0 
90300      DEBUG main            d.u.i.k.p.i.IntermediateProofReplayer Proof replay took 7ns 
90904      INFO  main            d.u.i.k.p.r.p.TestFile    ... finished proof: closed. 
91123      INFO  main            d.u.i.k.p.i.AbstractProblemLoader Loading environment from /home/runner/work/key/key/key.core/../key.ui/examples/redux/arrays/Arrays.fillFromTo.float.key.proof 
91123      DEBUG main            d.u.i.k.p.i.AbstractProblemLoader Environment load took 350.6ns 
91124      INFO  main            d.u.i.k.p.i.AbstractProblemLoader Creating init config 
94098      DEBUG main            d.u.i.k.p.i.AbstractProblemLoader Init config took 2.97s 
94133      INFO  main            d.u.i.k.p.i.AbstractProblemLoader Replaying proof Arrays[Arrays::fill([F,int,int,float)].JML normal_behavior operation contract.0 
94233      DEBUG main            d.u.i.k.p.i.IntermediateProofReplayer Proof replay took 94.62ms 
94234      DEBUG main            d.u.i.k.p.r.p.TestFile    ... success: reloaded. 
94235      INFO  main            d.u.i.k.p.r.p.TestFile    Now processing file /home/runner/work/key/key/key.core/../key.ui/examples/redux/arrays/ArrayCopy.arraycopy.normal.0.key 
94235      INFO  main            d.u.i.k.p.i.AbstractProblemLoader Loading environment from /home/runner/work/key/key/key.core/../key.ui/examples/redux/arrays/ArrayCopy.arraycopy.normal.0.key 
94235      DEBUG main            d.u.i.k.p.i.AbstractProblemLoader Environment load took 164.8ns 
94236      INFO  main            d.u.i.k.p.i.AbstractProblemLoader Creating init config 
97187      DEBUG main            d.u.i.k.p.i.AbstractProblemLoader Init config took 2.95s 
97232      INFO  main            d.u.i.k.p.i.AbstractProblemLoader Replaying proof ArrayCopy[ArrayCopy::arraycopy(java.lang.Object,int,java.lang.Object,int,int)].JML normal_behavior operation contract.0 
97236      DEBUG main            d.u.i.k.p.i.IntermediateProofReplayer Proof replay took 6.5ns 
103228     INFO  main            d.u.i.k.p.r.p.TestFile    ... finished proof: closed. 
103470     INFO  main            d.u.i.k.p.i.AbstractProblemLoader Loading environment from /home/runner/work/key/key/key.core/../key.ui/examples/redux/arrays/ArrayCopy.arraycopy.normal.0.key.proof 
103470     DEBUG main            d.u.i.k.p.i.AbstractProblemLoader Environment load took 382.5ns 
103472     INFO  main            d.u.i.k.p.i.AbstractProblemLoader Creating init config 
106405     DEBUG main            d.u.i.k.p.i.AbstractProblemLoader Init config took 2.93s 
106441     INFO  main            d.u.i.k.p.i.AbstractProblemLoader Replaying proof ArrayCopy[ArrayCopy::arraycopy(java.lang.Object,int,java.lang.Object,int,int)].JML normal_behavior operation contract.0 
107071     DEBUG main            d.u.i.k.p.i.IntermediateProofReplayer Proof replay took 614.83ms 
107073     DEBUG main            d.u.i.k.p.r.p.TestFile    ... success: reloaded. 
107074     INFO  main            d.u.i.k.p.r.p.TestFile    Now processing file /home/runner/work/key/key/key.core/../key.ui/examples/redux/arrays/ArrayCopy.arraycopy.exceptional.0.key 
107074     INFO  main            d.u.i.k.p.i.AbstractProblemLoader Loading environment from /home/runner/work/key/key/key.core/../key.ui/examples/redux/arrays/ArrayCopy.arraycopy.exceptional.0.key 
107074     DEBUG main            d.u.i.k.p.i.AbstractProblemLoader Environment load took 175.8ns 
107075     INFO  main            d.u.i.k.p.i.AbstractProblemLoader Creating init config 
110053     DEBUG main            d.u.i.k.p.i.AbstractProblemLoader Init config took 2.98s 
110087     INFO  main            d.u.i.k.p.i.AbstractProblemLoader Replaying proof ArrayCopy[ArrayCopy::arraycopy(java.lang.Object,int,java.lang.Object,int,int)].JML exceptional_behavior operation contract.0 
110088     DEBUG main            d.u.i.k.p.i.IntermediateProofReplayer Proof replay took 5.7ns 
110491     INFO  main            d.u.i.k.p.r.p.TestFile    ... finished proof: closed. 
110686     INFO  main            d.u.i.k.p.i.AbstractProblemLoader Loading environment from /home/runner/work/key/key/key.core/../key.ui/examples/redux/arrays/ArrayCopy.arraycopy.exceptional.0.key.proof 
110686     DEBUG main            d.u.i.k.p.i.AbstractProblemLoader Environment load took 122.6ns 
110687     INFO  main            d.u.i.k.p.i.AbstractProblemLoader Creating init config 
113670     DEBUG main            d.u.i.k.p.i.AbstractProblemLoader Init config took 2.98s 
113704     INFO  main            d.u.i.k.p.i.AbstractProblemLoader Replaying proof ArrayCopy[ArrayCopy::arraycopy(java.lang.Object,int,java.lang.Object,int,int)].JML exceptional_behavior operation contract.0 
113814     DEBUG main            d.u.i.k.p.i.IntermediateProofReplayer Proof replay took 107.27ms 
113815     DEBUG main            d.u.i.k.p.r.p.TestFile    ... success: reloaded. 
113816     INFO  main            d.u.i.k.p.r.p.TestFile    Now processing file /home/runner/work/key/key/key.core/../key.ui/examples/redux/arrays/ArrayCopy.arraycopy.exceptional.1.key 
113817     INFO  main            d.u.i.k.p.i.AbstractProblemLoader Loading environment from /home/runner/work/key/key/key.core/../key.ui/examples/redux/arrays/ArrayCopy.arraycopy.exceptional.1.key 
113817     DEBUG main            d.u.i.k.p.i.AbstractProblemLoader Environment load took 134.8ns 
113818     INFO  main            d.u.i.k.p.i.AbstractProblemLoader Creating init config 
116836     DEBUG main            d.u.i.k.p.i.AbstractProblemLoader Init config took 3.02s 
116869     INFO  main            d.u.i.k.p.i.AbstractProblemLoader Replaying proof ArrayCopy[ArrayCopy::arraycopy(java.lang.Object,int,java.lang.Object,int,int)].JML exceptional_behavior operation contract.1 
116870     DEBUG main            d.u.i.k.p.i.IntermediateProofReplayer Proof replay took 5.6ns 
122752     INFO  main            d.u.i.k.p.r.p.TestFile    ... finished proof: closed. 
122996     INFO  main            d.u.i.k.p.i.AbstractProblemLoader Loading environment from /home/runner/work/key/key/key.core/../key.ui/examples/redux/arrays/ArrayCopy.arraycopy.exceptional.1.key.proof 
122997     DEBUG main            d.u.i.k.p.i.AbstractProblemLoader Environment load took 140ns 
122999     INFO  main            d.u.i.k.p.i.AbstractProblemLoader Creating init config 
125899     DEBUG main            d.u.i.k.p.i.AbstractProblemLoader Init config took 2.9s 
125934     INFO  main            d.u.i.k.p.i.AbstractProblemLoader Replaying proof ArrayCopy[ArrayCopy::arraycopy(java.lang.Object,int,java.lang.Object,int,int)].JML exceptional_behavior operation contract.1 
127129     DEBUG main            d.u.i.k.p.i.IntermediateProofReplayer Proof replay took 1.18s 
127131     DEBUG main            d.u.i.k.p.r.p.TestFile    ... success: reloaded. 
5322466    INFO  Test worker     d.u.i.k.p.r.RunAllProofsTestUnit Returning from test redux 
]]></system-out>
  <system-err><![CDATA[]]></system-err>
</testsuite>
