<?xml version="1.0" encoding="UTF-8"?>
<testsuite name="de.uka.ilkd.key.parser.TestDeclParser" tests="14" skipped="2" failures="0" errors="0" timestamp="2023-04-18T14:39:53" hostname="fv-az1230-283" time="13.644">
  <properties/>
  <testcase name="testGenericSortDecl1()" classname="de.uka.ilkd.key.parser.TestDeclParser" time="1.268"/>
  <testcase name="testGenericSortDecl2()" classname="de.uka.ilkd.key.parser.TestDeclParser" time="1.218"/>
  <testcase name="testGenericSortDecl3()" classname="de.uka.ilkd.key.parser.TestDeclParser" time="1.068"/>
  <testcase name="testGenericSortDecl4()" classname="de.uka.ilkd.key.parser.TestDeclParser" time="1.14"/>
  <testcase name="testGenericSortDecl5()" classname="de.uka.ilkd.key.parser.TestDeclParser" time="0.0">
    <skipped/>
  </testcase>
  <testcase name="testGenericSortDecl6()" classname="de.uka.ilkd.key.parser.TestDeclParser" time="1.155"/>
  <testcase name="testSortDecl()" classname="de.uka.ilkd.key.parser.TestDeclParser" time="1.063"/>
  <testcase name="testProxySortDecl()" classname="de.uka.ilkd.key.parser.TestDeclParser" time="1.152"/>
  <testcase name="testArrayDecl()" classname="de.uka.ilkd.key.parser.TestDeclParser" time="1.146"/>
  <testcase name="testAmbiguousDecls()" classname="de.uka.ilkd.key.parser.TestDeclParser" time="0.0">
    <skipped/>
  </testcase>
  <testcase name="testHeurDecl()" classname="de.uka.ilkd.key.parser.TestDeclParser" time="1.062"/>
  <testcase name="testFunctionDecl()" classname="de.uka.ilkd.key.parser.TestDeclParser" time="1.127"/>
  <testcase name="testPredicateDecl()" classname="de.uka.ilkd.key.parser.TestDeclParser" time="1.149"/>
  <testcase name="testSVDecl()" classname="de.uka.ilkd.key.parser.TestDeclParser" time="1.092"/>
  <system-out><![CDATA[260508     INFO  Test worker     d.u.i.k.n.KeyIO           Parsing took 0 ms 
260508     DEBUG Test worker     d.u.i.k.n.KeyIO           Load declarations of de.uka.ilkd.key.nparser.KeyAst$File:  <unknown>:1#1 
260508     INFO  Test worker     d.u.i.k.n.KeyIO           MODE: declarations took 0 ms 
260508     DEBUG Test worker     d.u.i.k.n.KeyIO           MODE: 2nd degree decls took 0 
260508     DEBUG Test worker     d.u.i.k.n.KeyIO           MODE: taclets took 0ms 
261721     INFO  Test worker     d.u.i.k.n.KeyIO           Parsing took 0 ms 
261721     DEBUG Test worker     d.u.i.k.n.KeyIO           Load declarations of de.uka.ilkd.key.nparser.KeyAst$File:  <unknown>:1#1 
261721     INFO  Test worker     d.u.i.k.n.KeyIO           MODE: declarations took 0 ms 
261721     DEBUG Test worker     d.u.i.k.n.KeyIO           MODE: 2nd degree decls took 0 
261721     DEBUG Test worker     d.u.i.k.n.KeyIO           MODE: taclets took 0ms 
262788     INFO  Test worker     d.u.i.k.n.KeyIO           Parsing took 0 ms 
262788     DEBUG Test worker     d.u.i.k.n.KeyIO           Load declarations of de.uka.ilkd.key.nparser.KeyAst$File:  <unknown>:1#1 
262788     INFO  Test worker     d.u.i.k.n.KeyIO           MODE: declarations took 0 ms 
262788     DEBUG Test worker     d.u.i.k.n.KeyIO           MODE: 2nd degree decls took 0 
262788     DEBUG Test worker     d.u.i.k.n.KeyIO           MODE: taclets took 0ms 
263934     INFO  Test worker     d.u.i.k.n.KeyIO           Parsing took 0 ms 
263934     DEBUG Test worker     d.u.i.k.n.KeyIO           Load declarations of de.uka.ilkd.key.nparser.KeyAst$File:  <unknown>:1#1 
263934     INFO  Test worker     d.u.i.k.n.KeyIO           MODE: declarations took 0 ms 
263934     DEBUG Test worker     d.u.i.k.n.KeyIO           MODE: 2nd degree decls took 0 
263934     DEBUG Test worker     d.u.i.k.n.KeyIO           MODE: taclets took 0ms 
265080     INFO  Test worker     d.u.i.k.n.KeyIO           Parsing took 0 ms 
265080     DEBUG Test worker     d.u.i.k.n.KeyIO           Load declarations of de.uka.ilkd.key.nparser.KeyAst$File:  <unknown>:1#1 
265080     INFO  Test worker     d.u.i.k.n.KeyIO           MODE: declarations took 0 ms 
265080     DEBUG Test worker     d.u.i.k.n.KeyIO           MODE: 2nd degree decls took 0 
265080     DEBUG Test worker     d.u.i.k.n.KeyIO           MODE: taclets took 0ms 
266143     INFO  Test worker     d.u.i.k.n.KeyIO           Parsing took 0 ms 
266143     DEBUG Test worker     d.u.i.k.n.KeyIO           Load declarations of de.uka.ilkd.key.nparser.KeyAst$File:  <unknown>:1#1 
266143     INFO  Test worker     d.u.i.k.n.KeyIO           MODE: declarations took 0 ms 
266143     DEBUG Test worker     d.u.i.k.n.KeyIO           MODE: 2nd degree decls took 0 
266143     DEBUG Test worker     d.u.i.k.n.KeyIO           MODE: taclets took 0ms 
267305     INFO  Test worker     d.u.i.k.n.KeyIO           Parsing took 0 ms 
267305     DEBUG Test worker     d.u.i.k.n.KeyIO           Load declarations of de.uka.ilkd.key.nparser.KeyAst$File:  <unknown>:1#1 
267305     INFO  Test worker     d.u.i.k.n.KeyIO           MODE: declarations took 0 ms 
267305     DEBUG Test worker     d.u.i.k.n.KeyIO           MODE: 2nd degree decls took 0 
267305     DEBUG Test worker     d.u.i.k.n.KeyIO           MODE: taclets took 0ms 
268460     INFO  Test worker     d.u.i.k.n.KeyIO           Parsing took 0 ms 
268460     DEBUG Test worker     d.u.i.k.n.KeyIO           Load declarations of de.uka.ilkd.key.nparser.KeyAst$File:  <unknown>:1#1 
268460     INFO  Test worker     d.u.i.k.n.KeyIO           MODE: declarations took 0 ms 
268460     DEBUG Test worker     d.u.i.k.n.KeyIO           MODE: 2nd degree decls took 0 
268460     DEBUG Test worker     d.u.i.k.n.KeyIO           MODE: taclets took 0ms 
269525     INFO  Test worker     d.u.i.k.n.KeyIO           Parsing took 0 ms 
269525     DEBUG Test worker     d.u.i.k.n.KeyIO           Load declarations of de.uka.ilkd.key.nparser.KeyAst$File:  <unknown>:1#1 
269525     INFO  Test worker     d.u.i.k.n.KeyIO           MODE: declarations took 0 ms 
269525     DEBUG Test worker     d.u.i.k.n.KeyIO           MODE: 2nd degree decls took 0 
269525     DEBUG Test worker     d.u.i.k.n.KeyIO           MODE: taclets took 0ms 
270642     INFO  Test worker     d.u.i.k.n.KeyIO           Parsing took 0 ms 
270642     DEBUG Test worker     d.u.i.k.n.KeyIO           Load declarations of de.uka.ilkd.key.nparser.KeyAst$File:  <unknown>:1#1 
270642     INFO  Test worker     d.u.i.k.n.KeyIO           MODE: declarations took 0 ms 
270642     DEBUG Test worker     d.u.i.k.n.KeyIO           MODE: 2nd degree decls took 0 
270642     DEBUG Test worker     d.u.i.k.n.KeyIO           MODE: taclets took 0ms 
271797     INFO  Test worker     d.u.i.k.n.KeyIO           Parsing took 0 ms 
271797     DEBUG Test worker     d.u.i.k.n.KeyIO           Load declarations of de.uka.ilkd.key.nparser.KeyAst$File:  <unknown>:1#1 
271797     INFO  Test worker     d.u.i.k.n.KeyIO           MODE: declarations took 0 ms 
271797     DEBUG Test worker     d.u.i.k.n.KeyIO           MODE: 2nd degree decls took 0 
271797     DEBUG Test worker     d.u.i.k.n.KeyIO           MODE: taclets took 0ms 
272883     INFO  Test worker     d.u.i.k.n.KeyIO           Parsing took 0 ms 
272883     DEBUG Test worker     d.u.i.k.n.KeyIO           Load declarations of de.uka.ilkd.key.nparser.KeyAst$File:  <unknown>:1#1 
272883     INFO  Test worker     d.u.i.k.n.KeyIO           MODE: declarations took 0 ms 
272883     DEBUG Test worker     d.u.i.k.n.KeyIO           MODE: 2nd degree decls took 0 
272883     DEBUG Test worker     d.u.i.k.n.KeyIO           MODE: taclets took 0ms 
]]></system-out>
  <system-err><![CDATA[]]></system-err>
</testsuite>
