<?xml version="1.0" encoding="UTF-8"?>
<testsuite name="de.uka.ilkd.key.logic.TestClashFreeSubst" tests="14" skipped="2" failures="0" errors="0" timestamp="2023-04-18T14:36:20" hostname="fv-az1230-283" time="59.103">
  <properties/>
  <testcase name="testMultiShareBound()" classname="de.uka.ilkd.key.logic.TestClashFreeSubst" time="1.166"/>
  <testcase name="testClash()" classname="de.uka.ilkd.key.logic.TestClashFreeSubst" time="1.109"/>
  <testcase name="testShare()" classname="de.uka.ilkd.key.logic.TestClashFreeSubst" time="1.08"/>
  <testcase name="testSubst()" classname="de.uka.ilkd.key.logic.TestClashFreeSubst" time="1.092"/>
  <testcase name="testWary0()" classname="de.uka.ilkd.key.logic.TestClashFreeSubst" time="1.119"/>
  <testcase name="testWary1()" classname="de.uka.ilkd.key.logic.TestClashFreeSubst" time="1.07"/>
  <testcase name="testWary2()" classname="de.uka.ilkd.key.logic.TestClashFreeSubst" time="1.051"/>
  <testcase name="testClashInSubstTerm()" classname="de.uka.ilkd.key.logic.TestClashFreeSubst" time="1.056"/>
  <testcase name="testShareWary()" classname="de.uka.ilkd.key.logic.TestClashFreeSubst" time="1.071"/>
  <testcase name="testMultiSubst()" classname="de.uka.ilkd.key.logic.TestClashFreeSubst" time="1.242"/>
  <testcase name="xtestMultiClash()" classname="de.uka.ilkd.key.logic.TestClashFreeSubst" time="0.0">
    <skipped/>
  </testcase>
  <testcase name="testSubstInSubstTerm()" classname="de.uka.ilkd.key.logic.TestClashFreeSubst" time="1.08"/>
  <testcase name="testSubstWary()" classname="de.uka.ilkd.key.logic.TestClashFreeSubst" time="1.095"/>
  <testcase name="xtestMultiClash1()" classname="de.uka.ilkd.key.logic.TestClashFreeSubst" time="0.0">
    <skipped/>
  </testcase>
  <system-out><![CDATA[46648      INFO  Test worker     d.u.i.k.n.KeyIO           Parsing took 0 ms 
46648      DEBUG Test worker     d.u.i.k.n.KeyIO           Load declarations of de.uka.ilkd.key.nparser.KeyAst$File:  <unknown>:1#1 
46648      INFO  Test worker     d.u.i.k.n.KeyIO           MODE: declarations took 0 ms 
46648      DEBUG Test worker     d.u.i.k.n.KeyIO           MODE: 2nd degree decls took 0 
47802      INFO  Test worker     d.u.i.k.n.KeyIO           Parsing took 0 ms 
47802      DEBUG Test worker     d.u.i.k.n.KeyIO           Load declarations of de.uka.ilkd.key.nparser.KeyAst$File:  <unknown>:1#1 
47802      INFO  Test worker     d.u.i.k.n.KeyIO           MODE: declarations took 0 ms 
47802      DEBUG Test worker     d.u.i.k.n.KeyIO           MODE: 2nd degree decls took 0 
51644      INFO  Test worker     d.u.i.k.n.KeyIO           Parsing took 0 ms 
51644      DEBUG Test worker     d.u.i.k.n.KeyIO           Load declarations of de.uka.ilkd.key.nparser.KeyAst$File:  <unknown>:1#1 
51644      INFO  Test worker     d.u.i.k.n.KeyIO           MODE: declarations took 0 ms 
51644      DEBUG Test worker     d.u.i.k.n.KeyIO           MODE: 2nd degree decls took 0 
52742      INFO  Test worker     d.u.i.k.n.KeyIO           Parsing took 0 ms 
52742      DEBUG Test worker     d.u.i.k.n.KeyIO           Load declarations of de.uka.ilkd.key.nparser.KeyAst$File:  <unknown>:1#1 
52742      INFO  Test worker     d.u.i.k.n.KeyIO           MODE: declarations took 0 ms 
52742      DEBUG Test worker     d.u.i.k.n.KeyIO           MODE: 2nd degree decls took 0 
56492      INFO  Test worker     d.u.i.k.n.KeyIO           Parsing took 0 ms 
56492      DEBUG Test worker     d.u.i.k.n.KeyIO           Load declarations of de.uka.ilkd.key.nparser.KeyAst$File:  <unknown>:1#1 
56492      INFO  Test worker     d.u.i.k.n.KeyIO           MODE: declarations took 0 ms 
56492      DEBUG Test worker     d.u.i.k.n.KeyIO           MODE: 2nd degree decls took 0 
57554      INFO  Test worker     d.u.i.k.n.KeyIO           Parsing took 0 ms 
57554      DEBUG Test worker     d.u.i.k.n.KeyIO           Load declarations of de.uka.ilkd.key.nparser.KeyAst$File:  <unknown>:1#1 
57554      INFO  Test worker     d.u.i.k.n.KeyIO           MODE: declarations took 0 ms 
57554      DEBUG Test worker     d.u.i.k.n.KeyIO           MODE: 2nd degree decls took 0 
61127      INFO  Test worker     d.u.i.k.n.KeyIO           Parsing took 0 ms 
61127      DEBUG Test worker     d.u.i.k.n.KeyIO           Load declarations of de.uka.ilkd.key.nparser.KeyAst$File:  <unknown>:1#1 
61127      INFO  Test worker     d.u.i.k.n.KeyIO           MODE: declarations took 0 ms 
61127      DEBUG Test worker     d.u.i.k.n.KeyIO           MODE: 2nd degree decls took 0 
62205      INFO  Test worker     d.u.i.k.n.KeyIO           Parsing took 0 ms 
62205      DEBUG Test worker     d.u.i.k.n.KeyIO           Load declarations of de.uka.ilkd.key.nparser.KeyAst$File:  <unknown>:1#1 
62205      INFO  Test worker     d.u.i.k.n.KeyIO           MODE: declarations took 0 ms 
62205      DEBUG Test worker     d.u.i.k.n.KeyIO           MODE: 2nd degree decls took 0 
65745      INFO  Test worker     d.u.i.k.n.KeyIO           Parsing took 0 ms 
65745      DEBUG Test worker     d.u.i.k.n.KeyIO           Load declarations of de.uka.ilkd.key.nparser.KeyAst$File:  <unknown>:1#1 
65745      INFO  Test worker     d.u.i.k.n.KeyIO           MODE: declarations took 0 ms 
65745      DEBUG Test worker     d.u.i.k.n.KeyIO           MODE: 2nd degree decls took 0 
66846      INFO  Test worker     d.u.i.k.n.KeyIO           Parsing took 0 ms 
66846      DEBUG Test worker     d.u.i.k.n.KeyIO           Load declarations of de.uka.ilkd.key.nparser.KeyAst$File:  <unknown>:1#1 
66846      INFO  Test worker     d.u.i.k.n.KeyIO           MODE: declarations took 0 ms 
66846      DEBUG Test worker     d.u.i.k.n.KeyIO           MODE: 2nd degree decls took 0 
70348      INFO  Test worker     d.u.i.k.n.KeyIO           Parsing took 0 ms 
70348      DEBUG Test worker     d.u.i.k.n.KeyIO           Load declarations of de.uka.ilkd.key.nparser.KeyAst$File:  <unknown>:1#1 
70348      INFO  Test worker     d.u.i.k.n.KeyIO           MODE: declarations took 0 ms 
70348      DEBUG Test worker     d.u.i.k.n.KeyIO           MODE: 2nd degree decls took 0 
71406      INFO  Test worker     d.u.i.k.n.KeyIO           Parsing took 0 ms 
71406      DEBUG Test worker     d.u.i.k.n.KeyIO           Load declarations of de.uka.ilkd.key.nparser.KeyAst$File:  <unknown>:1#1 
71406      INFO  Test worker     d.u.i.k.n.KeyIO           MODE: declarations took 0 ms 
71406      DEBUG Test worker     d.u.i.k.n.KeyIO           MODE: 2nd degree decls took 0 
74881      INFO  Test worker     d.u.i.k.n.KeyIO           Parsing took 0 ms 
74881      DEBUG Test worker     d.u.i.k.n.KeyIO           Load declarations of de.uka.ilkd.key.nparser.KeyAst$File:  <unknown>:1#1 
74881      INFO  Test worker     d.u.i.k.n.KeyIO           MODE: declarations took 0 ms 
74881      DEBUG Test worker     d.u.i.k.n.KeyIO           MODE: 2nd degree decls took 0 
75923      INFO  Test worker     d.u.i.k.n.KeyIO           Parsing took 0 ms 
75923      DEBUG Test worker     d.u.i.k.n.KeyIO           Load declarations of de.uka.ilkd.key.nparser.KeyAst$File:  <unknown>:1#1 
75923      INFO  Test worker     d.u.i.k.n.KeyIO           MODE: declarations took 0 ms 
75923      DEBUG Test worker     d.u.i.k.n.KeyIO           MODE: 2nd degree decls took 0 
79412      INFO  Test worker     d.u.i.k.n.KeyIO           Parsing took 0 ms 
79412      DEBUG Test worker     d.u.i.k.n.KeyIO           Load declarations of de.uka.ilkd.key.nparser.KeyAst$File:  <unknown>:1#1 
79412      INFO  Test worker     d.u.i.k.n.KeyIO           MODE: declarations took 0 ms 
79412      DEBUG Test worker     d.u.i.k.n.KeyIO           MODE: 2nd degree decls took 0 
80460      INFO  Test worker     d.u.i.k.n.KeyIO           Parsing took 0 ms 
80460      DEBUG Test worker     d.u.i.k.n.KeyIO           Load declarations of de.uka.ilkd.key.nparser.KeyAst$File:  <unknown>:1#1 
80460      INFO  Test worker     d.u.i.k.n.KeyIO           MODE: declarations took 0 ms 
80460      DEBUG Test worker     d.u.i.k.n.KeyIO           MODE: 2nd degree decls took 0 
83931      INFO  Test worker     d.u.i.k.n.KeyIO           Parsing took 0 ms 
83931      DEBUG Test worker     d.u.i.k.n.KeyIO           Load declarations of de.uka.ilkd.key.nparser.KeyAst$File:  <unknown>:1#1 
83931      INFO  Test worker     d.u.i.k.n.KeyIO           MODE: declarations took 0 ms 
83931      DEBUG Test worker     d.u.i.k.n.KeyIO           MODE: 2nd degree decls took 0 
84995      INFO  Test worker     d.u.i.k.n.KeyIO           Parsing took 0 ms 
84995      DEBUG Test worker     d.u.i.k.n.KeyIO           Load declarations of de.uka.ilkd.key.nparser.KeyAst$File:  <unknown>:1#1 
84995      INFO  Test worker     d.u.i.k.n.KeyIO           MODE: declarations took 0 ms 
84995      DEBUG Test worker     d.u.i.k.n.KeyIO           MODE: 2nd degree decls took 0 
88452      INFO  Test worker     d.u.i.k.n.KeyIO           Parsing took 0 ms 
88452      DEBUG Test worker     d.u.i.k.n.KeyIO           Load declarations of de.uka.ilkd.key.nparser.KeyAst$File:  <unknown>:1#1 
88452      INFO  Test worker     d.u.i.k.n.KeyIO           MODE: declarations took 0 ms 
88452      DEBUG Test worker     d.u.i.k.n.KeyIO           MODE: 2nd degree decls took 0 
89672      INFO  Test worker     d.u.i.k.n.KeyIO           Parsing took 0 ms 
89672      DEBUG Test worker     d.u.i.k.n.KeyIO           Load declarations of de.uka.ilkd.key.nparser.KeyAst$File:  <unknown>:1#1 
89672      INFO  Test worker     d.u.i.k.n.KeyIO           MODE: declarations took 0 ms 
89672      DEBUG Test worker     d.u.i.k.n.KeyIO           MODE: 2nd degree decls took 0 
96602      INFO  Test worker     d.u.i.k.n.KeyIO           Parsing took 0 ms 
96602      DEBUG Test worker     d.u.i.k.n.KeyIO           Load declarations of de.uka.ilkd.key.nparser.KeyAst$File:  <unknown>:1#1 
96602      INFO  Test worker     d.u.i.k.n.KeyIO           MODE: declarations took 0 ms 
96602      DEBUG Test worker     d.u.i.k.n.KeyIO           MODE: 2nd degree decls took 0 
97677      INFO  Test worker     d.u.i.k.n.KeyIO           Parsing took 0 ms 
97677      DEBUG Test worker     d.u.i.k.n.KeyIO           Load declarations of de.uka.ilkd.key.nparser.KeyAst$File:  <unknown>:1#1 
97677      INFO  Test worker     d.u.i.k.n.KeyIO           MODE: declarations took 0 ms 
97677      DEBUG Test worker     d.u.i.k.n.KeyIO           MODE: 2nd degree decls took 0 
101220     INFO  Test worker     d.u.i.k.n.KeyIO           Parsing took 0 ms 
101220     DEBUG Test worker     d.u.i.k.n.KeyIO           Load declarations of de.uka.ilkd.key.nparser.KeyAst$File:  <unknown>:1#1 
101220     INFO  Test worker     d.u.i.k.n.KeyIO           MODE: declarations took 0 ms 
101220     DEBUG Test worker     d.u.i.k.n.KeyIO           MODE: 2nd degree decls took 0 
102308     INFO  Test worker     d.u.i.k.n.KeyIO           Parsing took 0 ms 
102308     DEBUG Test worker     d.u.i.k.n.KeyIO           Load declarations of de.uka.ilkd.key.nparser.KeyAst$File:  <unknown>:1#1 
102308     INFO  Test worker     d.u.i.k.n.KeyIO           MODE: declarations took 0 ms 
102308     DEBUG Test worker     d.u.i.k.n.KeyIO           MODE: 2nd degree decls took 0 
]]></system-out>
  <system-err><![CDATA[]]></system-err>
</testsuite>
