<?xml version="1.0" encoding="UTF-8"?>
<testsuite name="de.uka.ilkd.key.parser.TestTermParserSorts" tests="2" skipped="0" failures="0" errors="0" timestamp="2023-04-18T14:44:08" hostname="fv-az1230-283" time="3.583">
  <properties/>
  <testcase name="testParseIntegerArgs()" classname="de.uka.ilkd.key.parser.TestTermParserSorts" time="0.019"/>
  <testcase name="testParseSequencePrettySyntax()" classname="de.uka.ilkd.key.parser.TestTermParserSorts" time="0.003"/>
  <system-out><![CDATA[514031     INFO  Test worker     d.u.i.k.n.KeyIO           Parsing took 0 ms 
514031     DEBUG Test worker     d.u.i.k.n.KeyIO           Load declarations of de.uka.ilkd.key.nparser.KeyAst$File:  <unknown>:1#1 
514031     INFO  Test worker     d.u.i.k.n.KeyIO           MODE: declarations took 0 ms 
514031     DEBUG Test worker     d.u.i.k.n.KeyIO           MODE: 2nd degree decls took 0 
514031     INFO  Test worker     d.u.i.k.n.KeyIO           Parsing took 0 ms 
514031     DEBUG Test worker     d.u.i.k.n.KeyIO           Load declarations of de.uka.ilkd.key.nparser.KeyAst$File:  <unknown>:1#1 
514031     INFO  Test worker     d.u.i.k.n.KeyIO           MODE: declarations took 0 ms 
514031     DEBUG Test worker     d.u.i.k.n.KeyIO           MODE: 2nd degree decls took 0 
514031     INFO  Test worker     d.u.i.k.n.KeyIO           Parsing took 0 ms 
514031     DEBUG Test worker     d.u.i.k.n.KeyIO           Load declarations of de.uka.ilkd.key.nparser.KeyAst$File:  <unknown>:1#1 
514031     INFO  Test worker     d.u.i.k.n.KeyIO           MODE: declarations took 0 ms 
514031     DEBUG Test worker     d.u.i.k.n.KeyIO           MODE: 2nd degree decls took 0 
517611     INFO  Test worker     d.u.i.k.n.KeyIO           Parsing took 0 ms 
517611     DEBUG Test worker     d.u.i.k.n.KeyIO           Load declarations of de.uka.ilkd.key.nparser.KeyAst$File:  <unknown>:1#1 
517611     INFO  Test worker     d.u.i.k.n.KeyIO           MODE: declarations took 0 ms 
517611     DEBUG Test worker     d.u.i.k.n.KeyIO           MODE: 2nd degree decls took 0 
517611     INFO  Test worker     d.u.i.k.n.KeyIO           Parsing took 0 ms 
517611     DEBUG Test worker     d.u.i.k.n.KeyIO           Load declarations of de.uka.ilkd.key.nparser.KeyAst$File:  <unknown>:1#1 
517611     INFO  Test worker     d.u.i.k.n.KeyIO           MODE: declarations took 0 ms 
517611     DEBUG Test worker     d.u.i.k.n.KeyIO           MODE: 2nd degree decls took 0 
517611     INFO  Test worker     d.u.i.k.n.KeyIO           Parsing took 0 ms 
517611     DEBUG Test worker     d.u.i.k.n.KeyIO           Load declarations of de.uka.ilkd.key.nparser.KeyAst$File:  <unknown>:1#1 
517611     INFO  Test worker     d.u.i.k.n.KeyIO           MODE: declarations took 0 ms 
517611     DEBUG Test worker     d.u.i.k.n.KeyIO           MODE: 2nd degree decls took 0 
]]></system-out>
  <system-err><![CDATA[]]></system-err>
</testsuite>
