<?xml version="1.0" encoding="UTF-8"?>
<testsuite name="de.uka.ilkd.key.util.TestProofUserManager" tests="3" skipped="1" failures="0" errors="0" timestamp="2023-04-18T14:53:11" hostname="fv-az1230-283" time="0.023">
  <properties/>
  <testcase name="testUserManagement_Environment()" classname="de.uka.ilkd.key.util.TestProofUserManager" time="0.022"/>
  <testcase name="testGetInstance()" classname="de.uka.ilkd.key.util.TestProofUserManager" time="0.001"/>
  <testcase name="testUserManagement_NoEnvironment()" classname="de.uka.ilkd.key.util.TestProofUserManager" time="0.0">
    <skipped/>
  </testcase>
  <system-out><![CDATA[]]></system-out>
  <system-err><![CDATA[]]></system-err>
</testsuite>
