<?xml version="1.0" encoding="UTF-8"?>
<testsuite name="de.uka.ilkd.key.util.TestProofStarter" tests="2" skipped="0" failures="0" errors="0" timestamp="2023-04-18T14:51:58" hostname="fv-az1230-283" time="73.676">
  <properties/>
  <testcase name="testDirectProofWithOneStepSimplification()" classname="de.uka.ilkd.key.util.TestProofStarter" time="40.976"/>
  <testcase name="testDirectProof()" classname="de.uka.ilkd.key.util.TestProofStarter" time="32.7"/>
  <system-out><![CDATA[983968     INFO  Test worker     d.u.i.k.p.i.AbstractProblemLoader Loading environment from src\test\resources\testcase\proofStarter\CC\project.key 
983968     DEBUG Test worker     d.u.i.k.p.i.AbstractProblemLoader Environment load took 260.2ns 
983968     INFO  Test worker     d.u.i.k.p.i.AbstractProblemLoader Creating init config 
984176     DEBUG Test worker     d.u.i.k.j.TypeConverter   No LDT found for Meta 
984176     DEBUG Test worker     d.u.i.k.j.TypeConverter   No LDT found for Meta 
984176     DEBUG Test worker     d.u.i.k.j.TypeConverter   No LDT found for Meta 
984176     DEBUG Test worker     d.u.i.k.j.TypeConverter   No LDT found for Meta 
984904     DEBUG Test worker     d.u.i.k.j.TypeConverter   No LDT found for JavaBigintExpression 
993553     DEBUG Test worker     d.u.i.k.p.i.AbstractProblemLoader Init config took 9.57s 
993631     INFO  Test worker     d.u.i.k.p.i.AbstractProblemLoader Replaying proof CC[CC::calcCoinIndex([I,[I)].JML normal_behavior operation contract.0 
993631     DEBUG Test worker     d.u.i.k.p.i.IntermediateProofReplayer Proof replay took 10.5ns 
1024949    INFO  Test worker     d.u.i.k.p.i.AbstractProblemLoader Loading environment from src\test\resources\testcase\proofStarter\CC\project.key 
1024949    DEBUG Test worker     d.u.i.k.p.i.AbstractProblemLoader Environment load took 190.3ns 
1024949    INFO  Test worker     d.u.i.k.p.i.AbstractProblemLoader Creating init config 
1028413    DEBUG Test worker     d.u.i.k.p.i.AbstractProblemLoader Init config took 3.47s 
1028475    INFO  Test worker     d.u.i.k.p.i.AbstractProblemLoader Replaying proof CC[CC::calcCoinIndex([I,[I)].JML normal_behavior operation contract.0 
1028475    DEBUG Test worker     d.u.i.k.p.i.IntermediateProofReplayer Proof replay took 10.5ns 
]]></system-out>
  <system-err><![CDATA[]]></system-err>
</testsuite>
