<?xml version="1.0" encoding="UTF-8"?>
<testsuite name="de.uka.ilkd.key.proof.TestOneStepSimplifier" tests="1" skipped="0" failures="0" errors="0" timestamp="2023-04-18T14:44:12" hostname="fv-az1230-283" time="4.823">
  <properties/>
  <testcase name="loadWithRestriction()" classname="de.uka.ilkd.key.proof.TestOneStepSimplifier" time="4.823"/>
  <system-out><![CDATA[517689     INFO  Test worker     d.u.i.k.p.i.AbstractProblemLoader Loading environment from src\test\resources\testcase\ossRestriction.proof 
517689     DEBUG Test worker     d.u.i.k.p.i.AbstractProblemLoader Environment load took 180.1ns 
517689     INFO  Test worker     d.u.i.k.p.i.AbstractProblemLoader Creating init config 
517877     DEBUG Test worker     d.u.i.k.j.TypeConverter   No LDT found for Meta 
517877     DEBUG Test worker     d.u.i.k.j.TypeConverter   No LDT found for Meta 
517877     DEBUG Test worker     d.u.i.k.j.TypeConverter   No LDT found for Meta 
517877     DEBUG Test worker     d.u.i.k.j.TypeConverter   No LDT found for Meta 
518548     DEBUG Test worker     d.u.i.k.j.TypeConverter   No LDT found for JavaBigintExpression 
522466     DEBUG Test worker     d.u.i.k.p.i.AbstractProblemLoader Init config took 4.77s 
522497     INFO  Test worker     d.u.i.k.p.i.AbstractProblemLoader Replaying proof ossRestriction.proof 
522497     DEBUG Test worker     d.u.i.k.p.i.IntermediateProofReplayer Proof replay took 951.3ns 
]]></system-out>
  <system-err><![CDATA[]]></system-err>
</testsuite>
