<?xml version="1.0" encoding="UTF-8"?>
<testsuite name="de.uka.ilkd.key.taclettranslation.TestTacletTranslator" tests="5" skipped="0" failures="0" errors="0" timestamp="2023-04-18T14:51:56" hostname="fv-az1230-283" time="0.039">
  <properties/>
  <testcase name="testPropositional1()" classname="de.uka.ilkd.key.taclettranslation.TestTacletTranslator" time="0.025"/>
  <testcase name="testPropositional2()" classname="de.uka.ilkd.key.taclettranslation.TestTacletTranslator" time="0.004"/>
  <testcase name="testNegativePolarity()" classname="de.uka.ilkd.key.taclettranslation.TestTacletTranslator" time="0.003"/>
  <testcase name="testNoPolarity()" classname="de.uka.ilkd.key.taclettranslation.TestTacletTranslator" time="0.004"/>
  <testcase name="testPositivePolarity()" classname="de.uka.ilkd.key.taclettranslation.TestTacletTranslator" time="0.003"/>
  <system-out><![CDATA[982434     INFO  Test worker     d.u.i.k.n.KeyIO           Parsing took 0 ms 
982434     DEBUG Test worker     d.u.i.k.n.KeyIO           Load declarations of de.uka.ilkd.key.nparser.KeyAst$File:  <unknown>:1#1 
982449     INFO  Test worker     d.u.i.k.n.KeyIO           MODE: declarations took 15 ms 
982449     DEBUG Test worker     d.u.i.k.n.KeyIO           MODE: 2nd degree decls took 0 
982449     DEBUG Test worker     d.u.i.k.n.KeyIO           MODE: taclets took 0ms 
982465     INFO  Test worker     d.u.i.k.n.KeyIO           Parsing took 0 ms 
982465     DEBUG Test worker     d.u.i.k.n.KeyIO           Load declarations of de.uka.ilkd.key.nparser.KeyAst$File:  <unknown>:1#1 
982465     INFO  Test worker     d.u.i.k.n.KeyIO           MODE: declarations took 0 ms 
982465     DEBUG Test worker     d.u.i.k.n.KeyIO           MODE: 2nd degree decls took 0 
982465     DEBUG Test worker     d.u.i.k.n.KeyIO           MODE: taclets took 0ms 
982465     INFO  Test worker     d.u.i.k.n.KeyIO           Parsing took 0 ms 
982465     DEBUG Test worker     d.u.i.k.n.KeyIO           Load declarations of de.uka.ilkd.key.nparser.KeyAst$File:  <unknown>:1#1 
982465     INFO  Test worker     d.u.i.k.n.KeyIO           MODE: declarations took 0 ms 
982465     DEBUG Test worker     d.u.i.k.n.KeyIO           MODE: 2nd degree decls took 0 
982465     DEBUG Test worker     d.u.i.k.n.KeyIO           MODE: taclets took 0ms 
982465     INFO  Test worker     d.u.i.k.n.KeyIO           Parsing took 0 ms 
982465     DEBUG Test worker     d.u.i.k.n.KeyIO           Load declarations of de.uka.ilkd.key.nparser.KeyAst$File:  <unknown>:1#1 
982465     INFO  Test worker     d.u.i.k.n.KeyIO           MODE: declarations took 0 ms 
982481     DEBUG Test worker     d.u.i.k.n.KeyIO           MODE: 2nd degree decls took 16 
982481     DEBUG Test worker     d.u.i.k.n.KeyIO           MODE: taclets took 0ms 
982481     INFO  Test worker     d.u.i.k.n.KeyIO           Parsing took 0 ms 
982481     DEBUG Test worker     d.u.i.k.n.KeyIO           Load declarations of de.uka.ilkd.key.nparser.KeyAst$File:  <unknown>:1#1 
982481     INFO  Test worker     d.u.i.k.n.KeyIO           MODE: declarations took 0 ms 
982481     DEBUG Test worker     d.u.i.k.n.KeyIO           MODE: 2nd degree decls took 0 
982481     DEBUG Test worker     d.u.i.k.n.KeyIO           MODE: taclets took 0ms 
]]></system-out>
  <system-err><![CDATA[]]></system-err>
</testsuite>
