<?xml version="1.0" encoding="UTF-8"?>
<testsuite name="de.uka.ilkd.key.rule.merge.PredicateAbstractionLatticeTests" tests="3" skipped="0" failures="0" errors="0" timestamp="2023-04-18T14:46:34" hostname="fv-az1230-283" time="7.047">
  <properties/>
  <testcase name="testToAndFromString()" classname="de.uka.ilkd.key.rule.merge.PredicateAbstractionLatticeTests" time="3.349"/>
  <testcase name="testCreateSignLatticeWithPredicates()" classname="de.uka.ilkd.key.rule.merge.PredicateAbstractionLatticeTests" time="3.698"/>
  <testcase name="testTrivialPredicatesLattice()" classname="de.uka.ilkd.key.rule.merge.PredicateAbstractionLatticeTests" time="0.0"/>
  <system-out><![CDATA[660305     INFO  Test worker     d.u.i.k.p.i.AbstractProblemLoader Loading environment from src\test\resources\testcase\merge\dummy.key 
660305     DEBUG Test worker     d.u.i.k.p.i.AbstractProblemLoader Environment load took 127.9ns 
660305     INFO  Test worker     d.u.i.k.p.i.AbstractProblemLoader Creating init config 
663607     DEBUG Test worker     d.u.i.k.p.i.AbstractProblemLoader Init config took 3.31s 
663622     INFO  Test worker     d.u.i.k.p.i.AbstractProblemLoader Replaying proof dummy.key 
663638     DEBUG Test worker     d.u.i.k.p.i.IntermediateProofReplayer Proof replay took 8.8ns 
663638     INFO  Test worker     d.u.i.k.p.i.AbstractProblemLoader Loading environment from src\test\resources\testcase\merge\dummy.key 
663638     DEBUG Test worker     d.u.i.k.p.i.AbstractProblemLoader Environment load took 140.9ns 
663638     INFO  Test worker     d.u.i.k.p.i.AbstractProblemLoader Creating init config 
667305     DEBUG Test worker     d.u.i.k.p.i.AbstractProblemLoader Init config took 3.66s 
667320     INFO  Test worker     d.u.i.k.p.i.AbstractProblemLoader Replaying proof dummy.key 
667336     DEBUG Test worker     d.u.i.k.p.i.IntermediateProofReplayer Proof replay took 9.7ns 
]]></system-out>
  <system-err><![CDATA[]]></system-err>
</testsuite>
