<?xml version="1.0" encoding="UTF-8"?>
<testsuite name="de.uka.ilkd.key.java.TestJavaCardDLJavaExtensions" tests="2" skipped="0" failures="0" errors="0" timestamp="2023-04-18T14:36:05" hostname="fv-az1230-283" time="7.428">
  <properties/>
  <testcase name="testTypeNotInScopeShouldNotBeFound()" classname="de.uka.ilkd.key.java.TestJavaCardDLJavaExtensions" time="3.77"/>
  <testcase name="testMethodFrameRedirectsScope()" classname="de.uka.ilkd.key.java.TestJavaCardDLJavaExtensions" time="3.655"/>
  <system-out><![CDATA[34459      DEBUG Test worker     d.u.i.k.j.Recoder2KeYConverter recoder2key: called method public de.uka.ilkd.key.java.reference.TypeReference de.uka.ilkd.key.java.Recoder2KeYConverter.convert(recoder.java.reference.TypeReference) threw exception  de.uka.ilkd.key.util.ExceptionHandlerException: Recoder: 1 errors have occurred - aborting.
	at de.uka.ilkd.key.util.KeYRecoderExcHandler.recoderExitAction(KeYRecoderExcHandler.java:69)
Caused by: recoder.service.UnresolvedReferenceException: Could not resolve TypeReference "TestJavaCardDLExtensions" @1/3 in "INTERNAL:<virtual_class_for_parsing174>"(14)
	at recoder.service.DefaultSourceInfo.getType(DefaultSourceInfo.java:798)

34459      DEBUG Test worker     d.u.i.k.j.Recoder2KeYConverter recoder2key: called method public de.uka.ilkd.key.java.declaration.LocalVariableDeclaration de.uka.ilkd.key.java.Recoder2KeYConverter.convert(recoder.java.declaration.LocalVariableDeclaration) threw exception  de.uka.ilkd.key.java.PosConvertException: called method public de.uka.ilkd.key.java.reference.TypeReference de.uka.ilkd.key.java.Recoder2KeYConverter.convert(recoder.java.reference.TypeReference) threw exception.
	at de.uka.ilkd.key.java.Recoder2KeY.reportErrorWithPositionInFile(Recoder2KeY.java:1266)
Caused by: recoder.service.UnresolvedReferenceException: Could not resolve TypeReference "TestJavaCardDLExtensions" @1/3 in "INTERNAL:<virtual_class_for_parsing174>"(14)
	at recoder.service.DefaultSourceInfo.getType(DefaultSourceInfo.java:798)

34459      DEBUG Test worker     d.u.i.k.j.Recoder2KeYConverter recoder2key: called method public de.uka.ilkd.key.java.StatementBlock de.uka.ilkd.key.java.Recoder2KeYConverter.convert(recoder.java.StatementBlock) threw exception  de.uka.ilkd.key.java.PosConvertException: called method public de.uka.ilkd.key.java.reference.TypeReference de.uka.ilkd.key.java.Recoder2KeYConverter.convert(recoder.java.reference.TypeReference) threw exception.
	at de.uka.ilkd.key.java.Recoder2KeY.reportErrorWithPositionInFile(Recoder2KeY.java:1266)
Caused by: recoder.service.UnresolvedReferenceException: Could not resolve TypeReference "TestJavaCardDLExtensions" @1/3 in "INTERNAL:<virtual_class_for_parsing174>"(14)
	at recoder.service.DefaultSourceInfo.getType(DefaultSourceInfo.java:798)

]]></system-out>
  <system-err><![CDATA[]]></system-err>
</testsuite>
