<?xml version="1.0" encoding="UTF-8"?>
<testsuite name="de.uka.ilkd.key.rule.match.legacy.TestLegacyTacletMatch" tests="4" skipped="0" failures="0" errors="0" timestamp="2023-04-18T14:44:51" hostname="fv-az1230-283" time="1.194">
  <properties/>
  <testcase name="testProgramMatch0()" classname="de.uka.ilkd.key.rule.match.legacy.TestLegacyTacletMatch" time="1.189"/>
  <testcase name="testProgramMatch1()" classname="de.uka.ilkd.key.rule.match.legacy.TestLegacyTacletMatch" time="0.002"/>
  <testcase name="testProgramMatch2()" classname="de.uka.ilkd.key.rule.match.legacy.TestLegacyTacletMatch" time="0.002"/>
  <testcase name="testStatementListMatch()" classname="de.uka.ilkd.key.rule.match.legacy.TestLegacyTacletMatch" time="0.001"/>
  <system-out><![CDATA[558032     INFO  Test worker     d.u.i.k.n.KeyIO           Parsing took 0 ms 
558032     DEBUG Test worker     d.u.i.k.n.KeyIO           Load declarations of de.uka.ilkd.key.nparser.KeyAst$File:  D:\a\key\key\key.core\src\test\resources\testcase\..\de\uka\ilkd\key\rule\testRuleMatch.txt:8#1 
558032     INFO  Test worker     d.u.i.k.n.KeyIO           MODE: declarations took 0 ms 
558032     DEBUG Test worker     d.u.i.k.n.KeyIO           MODE: 2nd degree decls took 0 
558048     DEBUG Test worker     d.u.i.k.n.KeyIO           MODE: taclets took 16ms 
558063     DEBUG Test worker     d.u.i.k.l.o.ProgramSV     Match failed: Former match of  SchemaVariable incompatible with  the current match. 
558063     DEBUG Test worker     d.u.i.k.r.m.l.TestLegacyTacletMatch %%%%%%%%%%%% 
]]></system-out>
  <system-err><![CDATA[]]></system-err>
</testsuite>
