<?xml version="1.0" encoding="UTF-8"?>
<testsuite name="de.uka.ilkd.key.symbolic_execution.testcase.TestExecutionNodeWriterAndReader" tests="8" skipped="0" failures="0" errors="0" timestamp="2023-04-06T18:02:32" hostname="fv-az563-662" time="0.224">
  <properties/>
  <testcase name="testWritingAndReading_noReturnValues()" classname="de.uka.ilkd.key.symbolic_execution.testcase.TestExecutionNodeWriterAndReader" time="0.044"/>
  <testcase name="testWritingAndReading_withoutCallStack_withReturnValues()" classname="de.uka.ilkd.key.symbolic_execution.testcase.TestExecutionNodeWriterAndReader" time="0.021"/>
  <testcase name="testWritingAndReading_withoutVariables_and_withoutCallStack_noReturnValues()" classname="de.uka.ilkd.key.symbolic_execution.testcase.TestExecutionNodeWriterAndReader" time="0.02"/>
  <testcase name="testWritingAndReading_withoutVariables_withReturnValues()" classname="de.uka.ilkd.key.symbolic_execution.testcase.TestExecutionNodeWriterAndReader" time="0.02"/>
  <testcase name="testWritingAndReading_withReturnValues()" classname="de.uka.ilkd.key.symbolic_execution.testcase.TestExecutionNodeWriterAndReader" time="0.034"/>
  <testcase name="testWritingAndReading_withoutCallStack_noReturnValues()" classname="de.uka.ilkd.key.symbolic_execution.testcase.TestExecutionNodeWriterAndReader" time="0.022"/>
  <testcase name="testWritingAndReading_withoutVariables_noReturnValues()" classname="de.uka.ilkd.key.symbolic_execution.testcase.TestExecutionNodeWriterAndReader" time="0.017"/>
  <testcase name="testWritingAndReading_withoutVariables_and_withoutCallStack_withReturnValues()" classname="de.uka.ilkd.key.symbolic_execution.testcase.TestExecutionNodeWriterAndReader" time="0.021"/>
  <system-out><![CDATA[]]></system-out>
  <system-err><![CDATA[]]></system-err>
</testsuite>
