<?xml version="1.0" encoding="UTF-8"?>
<testsuite name="de.uka.ilkd.key.parser.TestTermParserHeap" tests="39" skipped="0" failures="0" errors="0" timestamp="2023-04-13T17:13:19" hostname="fv-az449-78" time="123.658">
  <properties/>
  <testcase name="testBracketHeapUpdate()" classname="de.uka.ilkd.key.parser.TestTermParserHeap" time="0.027"/>
  <testcase name="testStore()" classname="de.uka.ilkd.key.parser.TestTermParserHeap" time="0.011"/>
  <testcase name="testUnknownConstant()" classname="de.uka.ilkd.key.parser.TestTermParserHeap" time="0.012"/>
  <testcase name="testAllFieldsSelector()" classname="de.uka.ilkd.key.parser.TestTermParserHeap" time="0.003"/>
  <testcase name="testParsePrettyPrintedSelect()" classname="de.uka.ilkd.key.parser.TestTermParserHeap" time="0.004"/>
  <testcase name="testAccessStaticMembers()" classname="de.uka.ilkd.key.parser.TestTermParserHeap" time="0.004"/>
  <testcase name="testAtOperator_1()" classname="de.uka.ilkd.key.parser.TestTermParserHeap" time="0.003"/>
  <testcase name="testAtOperator_2()" classname="de.uka.ilkd.key.parser.TestTermParserHeap" time="0.003"/>
  <testcase name="testAtOperator_3()" classname="de.uka.ilkd.key.parser.TestTermParserHeap" time="0.004"/>
  <testcase name="testAtOperator_4()" classname="de.uka.ilkd.key.parser.TestTermParserHeap" time="0.006"/>
  <testcase name="testAtOperator_5()" classname="de.uka.ilkd.key.parser.TestTermParserHeap" time="0.004"/>
  <testcase name="testAtOperator_6()" classname="de.uka.ilkd.key.parser.TestTermParserHeap" time="0.003"/>
  <testcase name="testAtOperator_7()" classname="de.uka.ilkd.key.parser.TestTermParserHeap" time="0.004"/>
  <testcase name="testAtOperator_8()" classname="de.uka.ilkd.key.parser.TestTermParserHeap" time="0.003"/>
  <testcase name="testVerifyExceptionIfAtOperatorNotPreceededBySelectTerm()" classname="de.uka.ilkd.key.parser.TestTermParserHeap" time="0.004"/>
  <testcase name="testBugResettingCounter()" classname="de.uka.ilkd.key.parser.TestTermParserHeap" time="0.003"/>
  <testcase name="testLocationSets()" classname="de.uka.ilkd.key.parser.TestTermParserHeap" time="0.005"/>
  <testcase name="testQuantifiedSelect()" classname="de.uka.ilkd.key.parser.TestTermParserHeap" time="0.005"/>
  <testcase name="testGenericObjectProperties()" classname="de.uka.ilkd.key.parser.TestTermParserHeap" time="0.003"/>
  <testcase name="testQueryInheritance_1()" classname="de.uka.ilkd.key.parser.TestTermParserHeap" time="0.003"/>
  <testcase name="testQueryInheritance_2()" classname="de.uka.ilkd.key.parser.TestTermParserHeap" time="0.003"/>
  <testcase name="testQueryInheritance_3()" classname="de.uka.ilkd.key.parser.TestTermParserHeap" time="0.004"/>
  <testcase name="testQueryInheritance_4()" classname="de.uka.ilkd.key.parser.TestTermParserHeap" time="0.002"/>
  <testcase name="testQueryInheritance_5()" classname="de.uka.ilkd.key.parser.TestTermParserHeap" time="0.002"/>
  <testcase name="testQueryInheritance_6()" classname="de.uka.ilkd.key.parser.TestTermParserHeap" time="0.002"/>
  <testcase name="testQueryInheritance_7()" classname="de.uka.ilkd.key.parser.TestTermParserHeap" time="0.003"/>
  <testcase name="testQueryInheritance_8()" classname="de.uka.ilkd.key.parser.TestTermParserHeap" time="0.002"/>
  <testcase name="testQueryInheritance_9()" classname="de.uka.ilkd.key.parser.TestTermParserHeap" time="0.003"/>
  <testcase name="testQueryBasic_10()" classname="de.uka.ilkd.key.parser.TestTermParserHeap" time="0.003"/>
  <testcase name="testQueryBasic_11()" classname="de.uka.ilkd.key.parser.TestTermParserHeap" time="0.004"/>
  <testcase name="testQueryBasic_1()" classname="de.uka.ilkd.key.parser.TestTermParserHeap" time="0.003"/>
  <testcase name="testQueryBasic_2()" classname="de.uka.ilkd.key.parser.TestTermParserHeap" time="0.003"/>
  <testcase name="testQueryBasic_3()" classname="de.uka.ilkd.key.parser.TestTermParserHeap" time="0.002"/>
  <testcase name="testQueryBasic_4()" classname="de.uka.ilkd.key.parser.TestTermParserHeap" time="0.01"/>
  <testcase name="testQueryBasic_5()" classname="de.uka.ilkd.key.parser.TestTermParserHeap" time="0.003"/>
  <testcase name="testQueryBasic_6()" classname="de.uka.ilkd.key.parser.TestTermParserHeap" time="0.001"/>
  <testcase name="testQueryBasic_7()" classname="de.uka.ilkd.key.parser.TestTermParserHeap" time="0.004"/>
  <testcase name="testQueryBasic_8()" classname="de.uka.ilkd.key.parser.TestTermParserHeap" time="0.002"/>
  <testcase name="testQueryBasic_9()" classname="de.uka.ilkd.key.parser.TestTermParserHeap" time="0.037"/>
  <system-out><![CDATA[351367     INFO  Test worker     d.u.i.k.n.KeyIO           Parsing took 0 ms 
351367     INFO  Test worker     d.u.i.k.n.KeyIO           MODE: declarations took 0 ms 
351367     INFO  Test worker     d.u.i.k.n.KeyIO           Parsing took 0 ms 
351367     INFO  Test worker     d.u.i.k.n.KeyIO           MODE: declarations took 0 ms 
351367     INFO  Test worker     d.u.i.k.n.KeyIO           Parsing took 0 ms 
351367     INFO  Test worker     d.u.i.k.n.KeyIO           MODE: declarations took 0 ms 
351367     INFO  Test worker     d.u.i.k.n.KeyIO           Parsing took 0 ms 
351367     INFO  Test worker     d.u.i.k.n.KeyIO           MODE: declarations took 0 ms 
351367     INFO  Test worker     d.u.i.k.n.KeyIO           Parsing took 0 ms 
351367     INFO  Test worker     d.u.i.k.n.KeyIO           MODE: declarations took 0 ms 
354760     INFO  Test worker     d.u.i.k.n.KeyIO           Parsing took 0 ms 
354760     INFO  Test worker     d.u.i.k.n.KeyIO           MODE: declarations took 0 ms 
354760     INFO  Test worker     d.u.i.k.n.KeyIO           Parsing took 0 ms 
354760     INFO  Test worker     d.u.i.k.n.KeyIO           MODE: declarations took 0 ms 
354760     INFO  Test worker     d.u.i.k.n.KeyIO           Parsing took 0 ms 
354760     INFO  Test worker     d.u.i.k.n.KeyIO           MODE: declarations took 0 ms 
354760     INFO  Test worker     d.u.i.k.n.KeyIO           Parsing took 0 ms 
354760     INFO  Test worker     d.u.i.k.n.KeyIO           MODE: declarations took 0 ms 
354760     INFO  Test worker     d.u.i.k.n.KeyIO           Parsing took 0 ms 
354760     INFO  Test worker     d.u.i.k.n.KeyIO           MODE: declarations took 0 ms 
358060     INFO  Test worker     d.u.i.k.n.KeyIO           Parsing took 0 ms 
358060     INFO  Test worker     d.u.i.k.n.KeyIO           MODE: declarations took 0 ms 
358060     INFO  Test worker     d.u.i.k.n.KeyIO           Parsing took 0 ms 
358060     INFO  Test worker     d.u.i.k.n.KeyIO           MODE: declarations took 0 ms 
358060     INFO  Test worker     d.u.i.k.n.KeyIO           Parsing took 0 ms 
358060     INFO  Test worker     d.u.i.k.n.KeyIO           MODE: declarations took 0 ms 
358060     INFO  Test worker     d.u.i.k.n.KeyIO           Parsing took 0 ms 
358060     INFO  Test worker     d.u.i.k.n.KeyIO           MODE: declarations took 0 ms 
358060     INFO  Test worker     d.u.i.k.n.KeyIO           Parsing took 0 ms 
358060     INFO  Test worker     d.u.i.k.n.KeyIO           MODE: declarations took 0 ms 
358060     INFO  Test worker     d.u.i.k.n.KeyIO           Parsing took 0 ms 
358060     INFO  Test worker     d.u.i.k.n.KeyIO           MODE: declarations took 0 ms 
361406     INFO  Test worker     d.u.i.k.n.KeyIO           Parsing took 0 ms 
361406     INFO  Test worker     d.u.i.k.n.KeyIO           MODE: declarations took 0 ms 
361406     INFO  Test worker     d.u.i.k.n.KeyIO           Parsing took 0 ms 
361406     INFO  Test worker     d.u.i.k.n.KeyIO           MODE: declarations took 0 ms 
361406     INFO  Test worker     d.u.i.k.n.KeyIO           Parsing took 0 ms 
361406     INFO  Test worker     d.u.i.k.n.KeyIO           MODE: declarations took 0 ms 
361406     INFO  Test worker     d.u.i.k.n.KeyIO           Parsing took 0 ms 
361406     INFO  Test worker     d.u.i.k.n.KeyIO           MODE: declarations took 0 ms 
361406     INFO  Test worker     d.u.i.k.n.KeyIO           Parsing took 0 ms 
361406     INFO  Test worker     d.u.i.k.n.KeyIO           MODE: declarations took 0 ms 
364704     INFO  Test worker     d.u.i.k.n.KeyIO           Parsing took 0 ms 
364704     INFO  Test worker     d.u.i.k.n.KeyIO           MODE: declarations took 0 ms 
364704     INFO  Test worker     d.u.i.k.n.KeyIO           Parsing took 0 ms 
364704     INFO  Test worker     d.u.i.k.n.KeyIO           MODE: declarations took 0 ms 
364704     INFO  Test worker     d.u.i.k.n.KeyIO           Parsing took 0 ms 
364704     INFO  Test worker     d.u.i.k.n.KeyIO           MODE: declarations took 0 ms 
364704     INFO  Test worker     d.u.i.k.n.KeyIO           Parsing took 0 ms 
364704     INFO  Test worker     d.u.i.k.n.KeyIO           MODE: declarations took 0 ms 
364704     INFO  Test worker     d.u.i.k.n.KeyIO           Parsing took 0 ms 
364704     INFO  Test worker     d.u.i.k.n.KeyIO           MODE: declarations took 0 ms 
368004     INFO  Test worker     d.u.i.k.n.KeyIO           Parsing took 0 ms 
368004     INFO  Test worker     d.u.i.k.n.KeyIO           MODE: declarations took 0 ms 
368004     INFO  Test worker     d.u.i.k.n.KeyIO           Parsing took 0 ms 
368004     INFO  Test worker     d.u.i.k.n.KeyIO           MODE: declarations took 0 ms 
368004     INFO  Test worker     d.u.i.k.n.KeyIO           Parsing took 0 ms 
368004     INFO  Test worker     d.u.i.k.n.KeyIO           MODE: declarations took 0 ms 
368004     INFO  Test worker     d.u.i.k.n.KeyIO           Parsing took 0 ms 
368004     INFO  Test worker     d.u.i.k.n.KeyIO           MODE: declarations took 0 ms 
368004     INFO  Test worker     d.u.i.k.n.KeyIO           Parsing took 0 ms 
368004     INFO  Test worker     d.u.i.k.n.KeyIO           MODE: declarations took 0 ms 
371288     INFO  Test worker     d.u.i.k.n.KeyIO           Parsing took 0 ms 
371288     INFO  Test worker     d.u.i.k.n.KeyIO           MODE: declarations took 0 ms 
371288     INFO  Test worker     d.u.i.k.n.KeyIO           Parsing took 0 ms 
371288     INFO  Test worker     d.u.i.k.n.KeyIO           MODE: declarations took 0 ms 
371288     INFO  Test worker     d.u.i.k.n.KeyIO           Parsing took 0 ms 
371288     INFO  Test worker     d.u.i.k.n.KeyIO           MODE: declarations took 0 ms 
371288     INFO  Test worker     d.u.i.k.n.KeyIO           Parsing took 0 ms 
371288     INFO  Test worker     d.u.i.k.n.KeyIO           MODE: declarations took 0 ms 
371288     INFO  Test worker     d.u.i.k.n.KeyIO           Parsing took 0 ms 
371288     INFO  Test worker     d.u.i.k.n.KeyIO           MODE: declarations took 0 ms 
374477     INFO  Test worker     d.u.i.k.n.KeyIO           Parsing took 0 ms 
374477     INFO  Test worker     d.u.i.k.n.KeyIO           MODE: declarations took 0 ms 
374477     INFO  Test worker     d.u.i.k.n.KeyIO           Parsing took 0 ms 
374477     INFO  Test worker     d.u.i.k.n.KeyIO           MODE: declarations took 0 ms 
374477     INFO  Test worker     d.u.i.k.n.KeyIO           Parsing took 0 ms 
374477     INFO  Test worker     d.u.i.k.n.KeyIO           MODE: declarations took 0 ms 
374477     INFO  Test worker     d.u.i.k.n.KeyIO           Parsing took 0 ms 
374477     INFO  Test worker     d.u.i.k.n.KeyIO           MODE: declarations took 0 ms 
374477     INFO  Test worker     d.u.i.k.n.KeyIO           Parsing took 0 ms 
374477     INFO  Test worker     d.u.i.k.n.KeyIO           MODE: declarations took 0 ms 
377745     INFO  Test worker     d.u.i.k.n.KeyIO           Parsing took 0 ms 
377745     INFO  Test worker     d.u.i.k.n.KeyIO           MODE: declarations took 0 ms 
377745     INFO  Test worker     d.u.i.k.n.KeyIO           Parsing took 0 ms 
377745     INFO  Test worker     d.u.i.k.n.KeyIO           MODE: declarations took 0 ms 
377745     INFO  Test worker     d.u.i.k.n.KeyIO           Parsing took 0 ms 
377745     INFO  Test worker     d.u.i.k.n.KeyIO           MODE: declarations took 0 ms 
377745     INFO  Test worker     d.u.i.k.n.KeyIO           Parsing took 0 ms 
377745     INFO  Test worker     d.u.i.k.n.KeyIO           MODE: declarations took 0 ms 
377745     INFO  Test worker     d.u.i.k.n.KeyIO           Parsing took 0 ms 
377745     INFO  Test worker     d.u.i.k.n.KeyIO           MODE: declarations took 0 ms 
380950     INFO  Test worker     d.u.i.k.n.KeyIO           Parsing took 0 ms 
380950     INFO  Test worker     d.u.i.k.n.KeyIO           MODE: declarations took 0 ms 
380950     INFO  Test worker     d.u.i.k.n.KeyIO           Parsing took 0 ms 
380950     INFO  Test worker     d.u.i.k.n.KeyIO           MODE: declarations took 0 ms 
380950     INFO  Test worker     d.u.i.k.n.KeyIO           Parsing took 0 ms 
380950     INFO  Test worker     d.u.i.k.n.KeyIO           MODE: declarations took 0 ms 
380950     INFO  Test worker     d.u.i.k.n.KeyIO           Parsing took 0 ms 
380950     INFO  Test worker     d.u.i.k.n.KeyIO           MODE: declarations took 0 ms 
380950     INFO  Test worker     d.u.i.k.n.KeyIO           Parsing took 0 ms 
380950     INFO  Test worker     d.u.i.k.n.KeyIO           MODE: declarations took 0 ms 
384155     INFO  Test worker     d.u.i.k.n.KeyIO           Parsing took 0 ms 
384155     INFO  Test worker     d.u.i.k.n.KeyIO           MODE: declarations took 0 ms 
384155     INFO  Test worker     d.u.i.k.n.KeyIO           Parsing took 0 ms 
384155     INFO  Test worker     d.u.i.k.n.KeyIO           MODE: declarations took 0 ms 
384155     INFO  Test worker     d.u.i.k.n.KeyIO           Parsing took 0 ms 
384155     INFO  Test worker     d.u.i.k.n.KeyIO           MODE: declarations took 0 ms 
384155     INFO  Test worker     d.u.i.k.n.KeyIO           Parsing took 0 ms 
384155     INFO  Test worker     d.u.i.k.n.KeyIO           MODE: declarations took 0 ms 
384155     INFO  Test worker     d.u.i.k.n.KeyIO           Parsing took 0 ms 
384155     INFO  Test worker     d.u.i.k.n.KeyIO           MODE: declarations took 0 ms 
387392     INFO  Test worker     d.u.i.k.n.KeyIO           Parsing took 0 ms 
387392     INFO  Test worker     d.u.i.k.n.KeyIO           MODE: declarations took 0 ms 
387392     INFO  Test worker     d.u.i.k.n.KeyIO           Parsing took 0 ms 
387392     INFO  Test worker     d.u.i.k.n.KeyIO           MODE: declarations took 0 ms 
387392     INFO  Test worker     d.u.i.k.n.KeyIO           Parsing took 0 ms 
387392     INFO  Test worker     d.u.i.k.n.KeyIO           MODE: declarations took 0 ms 
387392     INFO  Test worker     d.u.i.k.n.KeyIO           Parsing took 0 ms 
387392     INFO  Test worker     d.u.i.k.n.KeyIO           MODE: declarations took 0 ms 
387392     INFO  Test worker     d.u.i.k.n.KeyIO           Parsing took 0 ms 
387392     INFO  Test worker     d.u.i.k.n.KeyIO           MODE: declarations took 0 ms 
390596     INFO  Test worker     d.u.i.k.n.KeyIO           Parsing took 0 ms 
390596     INFO  Test worker     d.u.i.k.n.KeyIO           MODE: declarations took 0 ms 
390596     INFO  Test worker     d.u.i.k.n.KeyIO           Parsing took 0 ms 
390596     INFO  Test worker     d.u.i.k.n.KeyIO           MODE: declarations took 0 ms 
390596     INFO  Test worker     d.u.i.k.n.KeyIO           Parsing took 0 ms 
390596     INFO  Test worker     d.u.i.k.n.KeyIO           MODE: declarations took 0 ms 
390596     INFO  Test worker     d.u.i.k.n.KeyIO           Parsing took 0 ms 
390596     INFO  Test worker     d.u.i.k.n.KeyIO           MODE: declarations took 0 ms 
390596     INFO  Test worker     d.u.i.k.n.KeyIO           Parsing took 0 ms 
390596     INFO  Test worker     d.u.i.k.n.KeyIO           MODE: declarations took 0 ms 
393879     INFO  Test worker     d.u.i.k.n.KeyIO           Parsing took 0 ms 
393879     INFO  Test worker     d.u.i.k.n.KeyIO           MODE: declarations took 0 ms 
393879     INFO  Test worker     d.u.i.k.n.KeyIO           Parsing took 0 ms 
393879     INFO  Test worker     d.u.i.k.n.KeyIO           MODE: declarations took 0 ms 
393879     INFO  Test worker     d.u.i.k.n.KeyIO           Parsing took 0 ms 
393879     INFO  Test worker     d.u.i.k.n.KeyIO           MODE: declarations took 0 ms 
393879     INFO  Test worker     d.u.i.k.n.KeyIO           Parsing took 0 ms 
393879     INFO  Test worker     d.u.i.k.n.KeyIO           MODE: declarations took 0 ms 
393879     INFO  Test worker     d.u.i.k.n.KeyIO           Parsing took 0 ms 
393879     INFO  Test worker     d.u.i.k.n.KeyIO           MODE: declarations took 0 ms 
397131     INFO  Test worker     d.u.i.k.n.KeyIO           Parsing took 0 ms 
397131     INFO  Test worker     d.u.i.k.n.KeyIO           MODE: declarations took 0 ms 
397131     INFO  Test worker     d.u.i.k.n.KeyIO           Parsing took 0 ms 
397131     INFO  Test worker     d.u.i.k.n.KeyIO           MODE: declarations took 0 ms 
397131     INFO  Test worker     d.u.i.k.n.KeyIO           Parsing took 0 ms 
397131     INFO  Test worker     d.u.i.k.n.KeyIO           MODE: declarations took 0 ms 
397131     INFO  Test worker     d.u.i.k.n.KeyIO           Parsing took 0 ms 
397131     INFO  Test worker     d.u.i.k.n.KeyIO           MODE: declarations took 0 ms 
397131     INFO  Test worker     d.u.i.k.n.KeyIO           Parsing took 0 ms 
397131     INFO  Test worker     d.u.i.k.n.KeyIO           MODE: declarations took 0 ms 
397131     WARN  Test worker     d.u.i.k.n.KeYParser       [syntax-error] <unknown>:1:11: mismatched input '@' expecting {'/', ':=', '.', '(', ')', '{', '[', '@', PARALLEL, OR, AND, IMP, '=', NOT_EQUALS, '%', '*', '-', '+', '>', GREATEREQUAL, '<', LESSEQUAL, LGUILLEMETS, EQV} [@11,11:11='@',<153>,1:11] (termEOF) 
400304     INFO  Test worker     d.u.i.k.n.KeyIO           Parsing took 0 ms 
400304     INFO  Test worker     d.u.i.k.n.KeyIO           MODE: declarations took 0 ms 
400304     INFO  Test worker     d.u.i.k.n.KeyIO           Parsing took 0 ms 
400304     INFO  Test worker     d.u.i.k.n.KeyIO           MODE: declarations took 0 ms 
400304     INFO  Test worker     d.u.i.k.n.KeyIO           Parsing took 0 ms 
400304     INFO  Test worker     d.u.i.k.n.KeyIO           MODE: declarations took 0 ms 
400304     INFO  Test worker     d.u.i.k.n.KeyIO           Parsing took 0 ms 
400304     INFO  Test worker     d.u.i.k.n.KeyIO           MODE: declarations took 0 ms 
400304     INFO  Test worker     d.u.i.k.n.KeyIO           Parsing took 0 ms 
400304     INFO  Test worker     d.u.i.k.n.KeyIO           MODE: declarations took 0 ms 
403572     INFO  Test worker     d.u.i.k.n.KeyIO           Parsing took 0 ms 
403572     INFO  Test worker     d.u.i.k.n.KeyIO           MODE: declarations took 0 ms 
403572     INFO  Test worker     d.u.i.k.n.KeyIO           Parsing took 0 ms 
403572     INFO  Test worker     d.u.i.k.n.KeyIO           MODE: declarations took 0 ms 
403572     INFO  Test worker     d.u.i.k.n.KeyIO           Parsing took 0 ms 
403572     INFO  Test worker     d.u.i.k.n.KeyIO           MODE: declarations took 0 ms 
403572     INFO  Test worker     d.u.i.k.n.KeyIO           Parsing took 0 ms 
403572     INFO  Test worker     d.u.i.k.n.KeyIO           MODE: declarations took 0 ms 
403572     INFO  Test worker     d.u.i.k.n.KeyIO           Parsing took 0 ms 
403572     INFO  Test worker     d.u.i.k.n.KeyIO           MODE: declarations took 0 ms 
406856     INFO  Test worker     d.u.i.k.n.KeyIO           Parsing took 0 ms 
406856     INFO  Test worker     d.u.i.k.n.KeyIO           MODE: declarations took 0 ms 
406856     INFO  Test worker     d.u.i.k.n.KeyIO           Parsing took 0 ms 
406856     INFO  Test worker     d.u.i.k.n.KeyIO           MODE: declarations took 0 ms 
406856     INFO  Test worker     d.u.i.k.n.KeyIO           Parsing took 0 ms 
406856     INFO  Test worker     d.u.i.k.n.KeyIO           MODE: declarations took 0 ms 
406856     INFO  Test worker     d.u.i.k.n.KeyIO           Parsing took 0 ms 
406856     INFO  Test worker     d.u.i.k.n.KeyIO           MODE: declarations took 0 ms 
406856     INFO  Test worker     d.u.i.k.n.KeyIO           Parsing took 0 ms 
406856     INFO  Test worker     d.u.i.k.n.KeyIO           MODE: declarations took 0 ms 
410139     INFO  Test worker     d.u.i.k.n.KeyIO           Parsing took 0 ms 
410139     INFO  Test worker     d.u.i.k.n.KeyIO           MODE: declarations took 0 ms 
410139     INFO  Test worker     d.u.i.k.n.KeyIO           Parsing took 0 ms 
410139     INFO  Test worker     d.u.i.k.n.KeyIO           MODE: declarations took 0 ms 
410139     INFO  Test worker     d.u.i.k.n.KeyIO           Parsing took 0 ms 
410139     INFO  Test worker     d.u.i.k.n.KeyIO           MODE: declarations took 0 ms 
410139     INFO  Test worker     d.u.i.k.n.KeyIO           Parsing took 0 ms 
410139     INFO  Test worker     d.u.i.k.n.KeyIO           MODE: declarations took 0 ms 
410139     INFO  Test worker     d.u.i.k.n.KeyIO           Parsing took 0 ms 
410139     INFO  Test worker     d.u.i.k.n.KeyIO           MODE: declarations took 0 ms 
413392     INFO  Test worker     d.u.i.k.n.KeyIO           Parsing took 0 ms 
413392     INFO  Test worker     d.u.i.k.n.KeyIO           MODE: declarations took 0 ms 
413392     INFO  Test worker     d.u.i.k.n.KeyIO           Parsing took 0 ms 
413392     INFO  Test worker     d.u.i.k.n.KeyIO           MODE: declarations took 0 ms 
413392     INFO  Test worker     d.u.i.k.n.KeyIO           Parsing took 0 ms 
413392     INFO  Test worker     d.u.i.k.n.KeyIO           MODE: declarations took 0 ms 
413392     INFO  Test worker     d.u.i.k.n.KeyIO           Parsing took 0 ms 
413392     INFO  Test worker     d.u.i.k.n.KeyIO           MODE: declarations took 0 ms 
413392     INFO  Test worker     d.u.i.k.n.KeyIO           Parsing took 0 ms 
413408     INFO  Test worker     d.u.i.k.n.KeyIO           MODE: declarations took 0 ms 
416690     INFO  Test worker     d.u.i.k.n.KeyIO           Parsing took 0 ms 
416690     INFO  Test worker     d.u.i.k.n.KeyIO           MODE: declarations took 0 ms 
416690     INFO  Test worker     d.u.i.k.n.KeyIO           Parsing took 0 ms 
416690     INFO  Test worker     d.u.i.k.n.KeyIO           MODE: declarations took 0 ms 
416690     INFO  Test worker     d.u.i.k.n.KeyIO           Parsing took 0 ms 
416690     INFO  Test worker     d.u.i.k.n.KeyIO           MODE: declarations took 0 ms 
416690     INFO  Test worker     d.u.i.k.n.KeyIO           Parsing took 0 ms 
416690     INFO  Test worker     d.u.i.k.n.KeyIO           MODE: declarations took 0 ms 
416690     INFO  Test worker     d.u.i.k.n.KeyIO           Parsing took 0 ms 
416690     INFO  Test worker     d.u.i.k.n.KeyIO           MODE: declarations took 0 ms 
419989     INFO  Test worker     d.u.i.k.n.KeyIO           Parsing took 0 ms 
419989     INFO  Test worker     d.u.i.k.n.KeyIO           MODE: declarations took 0 ms 
419989     INFO  Test worker     d.u.i.k.n.KeyIO           Parsing took 0 ms 
419989     INFO  Test worker     d.u.i.k.n.KeyIO           MODE: declarations took 0 ms 
419989     INFO  Test worker     d.u.i.k.n.KeyIO           Parsing took 0 ms 
419989     INFO  Test worker     d.u.i.k.n.KeyIO           MODE: declarations took 0 ms 
419989     INFO  Test worker     d.u.i.k.n.KeyIO           Parsing took 0 ms 
419989     INFO  Test worker     d.u.i.k.n.KeyIO           MODE: declarations took 0 ms 
419989     INFO  Test worker     d.u.i.k.n.KeyIO           Parsing took 0 ms 
419989     INFO  Test worker     d.u.i.k.n.KeyIO           MODE: declarations took 0 ms 
423225     INFO  Test worker     d.u.i.k.n.KeyIO           Parsing took 0 ms 
423225     INFO  Test worker     d.u.i.k.n.KeyIO           MODE: declarations took 0 ms 
423225     INFO  Test worker     d.u.i.k.n.KeyIO           Parsing took 0 ms 
423225     INFO  Test worker     d.u.i.k.n.KeyIO           MODE: declarations took 0 ms 
423225     INFO  Test worker     d.u.i.k.n.KeyIO           Parsing took 0 ms 
423225     INFO  Test worker     d.u.i.k.n.KeyIO           MODE: declarations took 0 ms 
423225     INFO  Test worker     d.u.i.k.n.KeyIO           Parsing took 0 ms 
423225     INFO  Test worker     d.u.i.k.n.KeyIO           MODE: declarations took 0 ms 
423225     INFO  Test worker     d.u.i.k.n.KeyIO           Parsing took 0 ms 
423225     INFO  Test worker     d.u.i.k.n.KeyIO           MODE: declarations took 0 ms 
426477     INFO  Test worker     d.u.i.k.n.KeyIO           Parsing took 0 ms 
426477     INFO  Test worker     d.u.i.k.n.KeyIO           MODE: declarations took 0 ms 
426477     INFO  Test worker     d.u.i.k.n.KeyIO           Parsing took 0 ms 
426477     INFO  Test worker     d.u.i.k.n.KeyIO           MODE: declarations took 0 ms 
426477     INFO  Test worker     d.u.i.k.n.KeyIO           Parsing took 0 ms 
426477     INFO  Test worker     d.u.i.k.n.KeyIO           MODE: declarations took 0 ms 
426477     INFO  Test worker     d.u.i.k.n.KeyIO           Parsing took 0 ms 
426477     INFO  Test worker     d.u.i.k.n.KeyIO           MODE: declarations took 0 ms 
426477     INFO  Test worker     d.u.i.k.n.KeyIO           Parsing took 0 ms 
426477     INFO  Test worker     d.u.i.k.n.KeyIO           MODE: declarations took 0 ms 
429759     INFO  Test worker     d.u.i.k.n.KeyIO           Parsing took 0 ms 
429759     INFO  Test worker     d.u.i.k.n.KeyIO           MODE: declarations took 0 ms 
429759     INFO  Test worker     d.u.i.k.n.KeyIO           Parsing took 0 ms 
429759     INFO  Test worker     d.u.i.k.n.KeyIO           MODE: declarations took 0 ms 
429759     INFO  Test worker     d.u.i.k.n.KeyIO           Parsing took 0 ms 
429759     INFO  Test worker     d.u.i.k.n.KeyIO           MODE: declarations took 0 ms 
429759     INFO  Test worker     d.u.i.k.n.KeyIO           Parsing took 0 ms 
429759     INFO  Test worker     d.u.i.k.n.KeyIO           MODE: declarations took 0 ms 
429759     INFO  Test worker     d.u.i.k.n.KeyIO           Parsing took 0 ms 
429759     INFO  Test worker     d.u.i.k.n.KeyIO           MODE: declarations took 0 ms 
432933     INFO  Test worker     d.u.i.k.n.KeyIO           Parsing took 0 ms 
432933     INFO  Test worker     d.u.i.k.n.KeyIO           MODE: declarations took 0 ms 
432933     INFO  Test worker     d.u.i.k.n.KeyIO           Parsing took 0 ms 
432933     INFO  Test worker     d.u.i.k.n.KeyIO           MODE: declarations took 0 ms 
432933     INFO  Test worker     d.u.i.k.n.KeyIO           Parsing took 0 ms 
432948     INFO  Test worker     d.u.i.k.n.KeyIO           MODE: declarations took 15 ms 
432948     INFO  Test worker     d.u.i.k.n.KeyIO           Parsing took 0 ms 
432948     INFO  Test worker     d.u.i.k.n.KeyIO           MODE: declarations took 0 ms 
432948     INFO  Test worker     d.u.i.k.n.KeyIO           Parsing took 0 ms 
432948     INFO  Test worker     d.u.i.k.n.KeyIO           MODE: declarations took 0 ms 
436154     INFO  Test worker     d.u.i.k.n.KeyIO           Parsing took 0 ms 
436154     INFO  Test worker     d.u.i.k.n.KeyIO           MODE: declarations took 0 ms 
436154     INFO  Test worker     d.u.i.k.n.KeyIO           Parsing took 0 ms 
436154     INFO  Test worker     d.u.i.k.n.KeyIO           MODE: declarations took 0 ms 
436154     INFO  Test worker     d.u.i.k.n.KeyIO           Parsing took 0 ms 
436154     INFO  Test worker     d.u.i.k.n.KeyIO           MODE: declarations took 0 ms 
436154     INFO  Test worker     d.u.i.k.n.KeyIO           Parsing took 0 ms 
436154     INFO  Test worker     d.u.i.k.n.KeyIO           MODE: declarations took 0 ms 
436154     INFO  Test worker     d.u.i.k.n.KeyIO           Parsing took 0 ms 
436154     INFO  Test worker     d.u.i.k.n.KeyIO           MODE: declarations took 0 ms 
439390     INFO  Test worker     d.u.i.k.n.KeyIO           Parsing took 0 ms 
439390     INFO  Test worker     d.u.i.k.n.KeyIO           MODE: declarations took 0 ms 
439390     INFO  Test worker     d.u.i.k.n.KeyIO           Parsing took 0 ms 
439390     INFO  Test worker     d.u.i.k.n.KeyIO           MODE: declarations took 0 ms 
439390     INFO  Test worker     d.u.i.k.n.KeyIO           Parsing took 0 ms 
439390     INFO  Test worker     d.u.i.k.n.KeyIO           MODE: declarations took 0 ms 
439390     INFO  Test worker     d.u.i.k.n.KeyIO           Parsing took 0 ms 
439390     INFO  Test worker     d.u.i.k.n.KeyIO           MODE: declarations took 0 ms 
439390     INFO  Test worker     d.u.i.k.n.KeyIO           Parsing took 0 ms 
439390     INFO  Test worker     d.u.i.k.n.KeyIO           MODE: declarations took 0 ms 
442642     INFO  Test worker     d.u.i.k.n.KeyIO           Parsing took 0 ms 
442642     INFO  Test worker     d.u.i.k.n.KeyIO           MODE: declarations took 0 ms 
442642     INFO  Test worker     d.u.i.k.n.KeyIO           Parsing took 0 ms 
442642     INFO  Test worker     d.u.i.k.n.KeyIO           MODE: declarations took 0 ms 
442642     INFO  Test worker     d.u.i.k.n.KeyIO           Parsing took 0 ms 
442642     INFO  Test worker     d.u.i.k.n.KeyIO           MODE: declarations took 0 ms 
442642     INFO  Test worker     d.u.i.k.n.KeyIO           Parsing took 0 ms 
442642     INFO  Test worker     d.u.i.k.n.KeyIO           MODE: declarations took 0 ms 
442642     INFO  Test worker     d.u.i.k.n.KeyIO           Parsing took 0 ms 
442642     INFO  Test worker     d.u.i.k.n.KeyIO           MODE: declarations took 0 ms 
445847     INFO  Test worker     d.u.i.k.n.KeyIO           Parsing took 0 ms 
445847     INFO  Test worker     d.u.i.k.n.KeyIO           MODE: declarations took 0 ms 
445847     INFO  Test worker     d.u.i.k.n.KeyIO           Parsing took 0 ms 
445847     INFO  Test worker     d.u.i.k.n.KeyIO           MODE: declarations took 0 ms 
445847     INFO  Test worker     d.u.i.k.n.KeyIO           Parsing took 0 ms 
445847     INFO  Test worker     d.u.i.k.n.KeyIO           MODE: declarations took 0 ms 
445847     INFO  Test worker     d.u.i.k.n.KeyIO           Parsing took 0 ms 
445847     INFO  Test worker     d.u.i.k.n.KeyIO           MODE: declarations took 0 ms 
445847     INFO  Test worker     d.u.i.k.n.KeyIO           Parsing took 0 ms 
445847     INFO  Test worker     d.u.i.k.n.KeyIO           MODE: declarations took 0 ms 
449020     INFO  Test worker     d.u.i.k.n.KeyIO           Parsing took 0 ms 
449020     INFO  Test worker     d.u.i.k.n.KeyIO           MODE: declarations took 0 ms 
449020     INFO  Test worker     d.u.i.k.n.KeyIO           Parsing took 0 ms 
449020     INFO  Test worker     d.u.i.k.n.KeyIO           MODE: declarations took 0 ms 
449020     INFO  Test worker     d.u.i.k.n.KeyIO           Parsing took 0 ms 
449020     INFO  Test worker     d.u.i.k.n.KeyIO           MODE: declarations took 0 ms 
449020     INFO  Test worker     d.u.i.k.n.KeyIO           Parsing took 0 ms 
449020     INFO  Test worker     d.u.i.k.n.KeyIO           MODE: declarations took 0 ms 
449020     INFO  Test worker     d.u.i.k.n.KeyIO           Parsing took 0 ms 
449020     INFO  Test worker     d.u.i.k.n.KeyIO           MODE: declarations took 0 ms 
452225     INFO  Test worker     d.u.i.k.n.KeyIO           Parsing took 0 ms 
452225     INFO  Test worker     d.u.i.k.n.KeyIO           MODE: declarations took 0 ms 
452225     INFO  Test worker     d.u.i.k.n.KeyIO           Parsing took 0 ms 
452225     INFO  Test worker     d.u.i.k.n.KeyIO           MODE: declarations took 0 ms 
452225     INFO  Test worker     d.u.i.k.n.KeyIO           Parsing took 0 ms 
452225     INFO  Test worker     d.u.i.k.n.KeyIO           MODE: declarations took 0 ms 
452225     INFO  Test worker     d.u.i.k.n.KeyIO           Parsing took 0 ms 
452225     INFO  Test worker     d.u.i.k.n.KeyIO           MODE: declarations took 0 ms 
452225     INFO  Test worker     d.u.i.k.n.KeyIO           Parsing took 0 ms 
452225     INFO  Test worker     d.u.i.k.n.KeyIO           MODE: declarations took 0 ms 
455478     INFO  Test worker     d.u.i.k.n.KeyIO           Parsing took 0 ms 
455478     INFO  Test worker     d.u.i.k.n.KeyIO           MODE: declarations took 0 ms 
455478     INFO  Test worker     d.u.i.k.n.KeyIO           Parsing took 0 ms 
455478     INFO  Test worker     d.u.i.k.n.KeyIO           MODE: declarations took 0 ms 
455478     INFO  Test worker     d.u.i.k.n.KeyIO           Parsing took 0 ms 
455478     INFO  Test worker     d.u.i.k.n.KeyIO           MODE: declarations took 0 ms 
455478     INFO  Test worker     d.u.i.k.n.KeyIO           Parsing took 0 ms 
455478     INFO  Test worker     d.u.i.k.n.KeyIO           MODE: declarations took 0 ms 
455478     INFO  Test worker     d.u.i.k.n.KeyIO           Parsing took 0 ms 
455478     INFO  Test worker     d.u.i.k.n.KeyIO           MODE: declarations took 0 ms 
458776     INFO  Test worker     d.u.i.k.n.KeyIO           Parsing took 0 ms 
458776     INFO  Test worker     d.u.i.k.n.KeyIO           MODE: declarations took 0 ms 
458776     INFO  Test worker     d.u.i.k.n.KeyIO           Parsing took 0 ms 
458776     INFO  Test worker     d.u.i.k.n.KeyIO           MODE: declarations took 0 ms 
458776     INFO  Test worker     d.u.i.k.n.KeyIO           Parsing took 0 ms 
458776     INFO  Test worker     d.u.i.k.n.KeyIO           MODE: declarations took 0 ms 
458776     INFO  Test worker     d.u.i.k.n.KeyIO           Parsing took 0 ms 
458776     INFO  Test worker     d.u.i.k.n.KeyIO           MODE: declarations took 0 ms 
458776     INFO  Test worker     d.u.i.k.n.KeyIO           Parsing took 0 ms 
458776     INFO  Test worker     d.u.i.k.n.KeyIO           MODE: declarations took 0 ms 
461964     INFO  Test worker     d.u.i.k.n.KeyIO           Parsing took 0 ms 
461964     INFO  Test worker     d.u.i.k.n.KeyIO           MODE: declarations took 0 ms 
461964     INFO  Test worker     d.u.i.k.n.KeyIO           Parsing took 0 ms 
461964     INFO  Test worker     d.u.i.k.n.KeyIO           MODE: declarations took 0 ms 
461964     INFO  Test worker     d.u.i.k.n.KeyIO           Parsing took 0 ms 
461964     INFO  Test worker     d.u.i.k.n.KeyIO           MODE: declarations took 0 ms 
461964     INFO  Test worker     d.u.i.k.n.KeyIO           Parsing took 0 ms 
461964     INFO  Test worker     d.u.i.k.n.KeyIO           MODE: declarations took 0 ms 
461964     INFO  Test worker     d.u.i.k.n.KeyIO           Parsing took 0 ms 
461964     INFO  Test worker     d.u.i.k.n.KeyIO           MODE: declarations took 0 ms 
465138     INFO  Test worker     d.u.i.k.n.KeyIO           Parsing took 0 ms 
465138     INFO  Test worker     d.u.i.k.n.KeyIO           MODE: declarations took 0 ms 
465138     INFO  Test worker     d.u.i.k.n.KeyIO           Parsing took 0 ms 
465138     INFO  Test worker     d.u.i.k.n.KeyIO           MODE: declarations took 0 ms 
465138     INFO  Test worker     d.u.i.k.n.KeyIO           Parsing took 0 ms 
465138     INFO  Test worker     d.u.i.k.n.KeyIO           MODE: declarations took 0 ms 
465138     INFO  Test worker     d.u.i.k.n.KeyIO           Parsing took 0 ms 
465138     INFO  Test worker     d.u.i.k.n.KeyIO           MODE: declarations took 0 ms 
465138     INFO  Test worker     d.u.i.k.n.KeyIO           Parsing took 0 ms 
465138     INFO  Test worker     d.u.i.k.n.KeyIO           MODE: declarations took 0 ms 
468405     INFO  Test worker     d.u.i.k.n.KeyIO           Parsing took 0 ms 
468405     INFO  Test worker     d.u.i.k.n.KeyIO           MODE: declarations took 0 ms 
468405     INFO  Test worker     d.u.i.k.n.KeyIO           Parsing took 0 ms 
468405     INFO  Test worker     d.u.i.k.n.KeyIO           MODE: declarations took 0 ms 
468405     INFO  Test worker     d.u.i.k.n.KeyIO           Parsing took 0 ms 
468405     INFO  Test worker     d.u.i.k.n.KeyIO           MODE: declarations took 0 ms 
468405     INFO  Test worker     d.u.i.k.n.KeyIO           Parsing took 0 ms 
468405     INFO  Test worker     d.u.i.k.n.KeyIO           MODE: declarations took 0 ms 
468405     INFO  Test worker     d.u.i.k.n.KeyIO           Parsing took 0 ms 
468405     INFO  Test worker     d.u.i.k.n.KeyIO           MODE: declarations took 0 ms 
471672     INFO  Test worker     d.u.i.k.n.KeyIO           Parsing took 0 ms 
471672     INFO  Test worker     d.u.i.k.n.KeyIO           MODE: declarations took 0 ms 
471672     INFO  Test worker     d.u.i.k.n.KeyIO           Parsing took 0 ms 
471672     INFO  Test worker     d.u.i.k.n.KeyIO           MODE: declarations took 0 ms 
471687     INFO  Test worker     d.u.i.k.n.KeyIO           Parsing took 0 ms 
471687     INFO  Test worker     d.u.i.k.n.KeyIO           MODE: declarations took 0 ms 
471687     INFO  Test worker     d.u.i.k.n.KeyIO           Parsing took 0 ms 
471687     INFO  Test worker     d.u.i.k.n.KeyIO           MODE: declarations took 0 ms 
471687     INFO  Test worker     d.u.i.k.n.KeyIO           Parsing took 0 ms 
471687     INFO  Test worker     d.u.i.k.n.KeyIO           MODE: declarations took 0 ms 
474988     INFO  Test worker     d.u.i.k.n.KeyIO           Parsing took 0 ms 
475019     INFO  Test worker     d.u.i.k.n.KeyIO           MODE: declarations took 0 ms 
475019     INFO  Test worker     d.u.i.k.n.KeyIO           Parsing took 0 ms 
475019     INFO  Test worker     d.u.i.k.n.KeyIO           MODE: declarations took 0 ms 
475019     INFO  Test worker     d.u.i.k.n.KeyIO           Parsing took 0 ms 
475019     INFO  Test worker     d.u.i.k.n.KeyIO           MODE: declarations took 0 ms 
475019     INFO  Test worker     d.u.i.k.n.KeyIO           Parsing took 0 ms 
475019     INFO  Test worker     d.u.i.k.n.KeyIO           MODE: declarations took 0 ms 
475019     INFO  Test worker     d.u.i.k.n.KeyIO           Parsing took 0 ms 
475019     INFO  Test worker     d.u.i.k.n.KeyIO           MODE: declarations took 0 ms 
]]></system-out>
  <system-err><![CDATA[]]></system-err>
</testsuite>
