<?xml version="1.0" encoding="UTF-8"?>
<testsuite name="de.uka.ilkd.key.testcase.smt.testgen.TestTestgen" tests="1" skipped="0" failures="0" errors="0" timestamp="2023-04-24T12:57:28" hostname="fv-az951-193" time="4.212">
  <properties/>
  <testcase name="testMiddle()" classname="de.uka.ilkd.key.testcase.smt.testgen.TestTestgen" time="4.212"/>
  <system-out><![CDATA[12581      WARN  Test worker     d.u.i.k.t.s.t.TestTestgen Warning: Z3_CE is not installed, tests skipped. 
12582      WARN  Test worker     d.u.i.k.t.s.t.TestTestgen Maybe use JVM system property "z3SolverPath" to define the path to the Z3 command. 
12584      INFO  Test worker     d.u.i.k.p.i.AbstractProblemLoader Loading environment from src/test/resources/testcase/smt/tg/middle.key 
12584      DEBUG Test worker     d.u.i.k.p.i.AbstractProblemLoader Environment load took 452.22ns 
12588      INFO  Test worker     d.u.i.k.p.i.AbstractProblemLoader Creating init config 
16192      DEBUG Test worker     d.u.i.k.p.i.AbstractProblemLoader Init config took 3.6s 
16275      INFO  Test worker     d.u.i.k.p.i.AbstractProblemLoader Replaying proof Middle[Middle::middle(int,int,int)].JML normal_behavior operation contract.0 
16279      DEBUG Test worker     d.u.i.k.p.i.IntermediateProofReplayer Proof replay took 16.9ns 
]]></system-out>
  <system-err><![CDATA[]]></system-err>
</testsuite>
