<?xml version="1.0" encoding="UTF-8"?>
<testsuite name="de.uka.ilkd.key.rule.TestSchemaModalOperators" tests="4" skipped="0" failures="0" errors="0" timestamp="2023-05-23T10:05:45" hostname="fv-az250-451" time="1.388">
  <properties/>
  <testcase name="testSchemaModalities1()" classname="de.uka.ilkd.key.rule.TestSchemaModalOperators" time="1.295"/>
  <testcase name="testSchemaModalities2()" classname="de.uka.ilkd.key.rule.TestSchemaModalOperators" time="0.019"/>
  <testcase name="testSchemaModalities3()" classname="de.uka.ilkd.key.rule.TestSchemaModalOperators" time="0.014"/>
  <testcase name="testSchemaModalities4()" classname="de.uka.ilkd.key.rule.TestSchemaModalOperators" time="0.057"/>
  <system-out><![CDATA[561277     INFO  Test worker     d.u.i.k.n.KeyIO           Parsing took 0 ms 
561277     DEBUG Test worker     d.u.i.k.n.KeyIO           Load declarations of de.uka.ilkd.key.nparser.KeyAst$File:  D:\a\key\key\key.core\src\test\resources\testcase\testrules.key:9#1 
561277     INFO  Test worker     d.u.i.k.n.KeyIO           MODE: declarations took 0 ms 
561277     DEBUG Test worker     d.u.i.k.n.KeyIO           MODE: 2nd degree decls took 0 
561324     DEBUG Test worker     d.u.i.k.n.KeyIO           MODE: taclets took 47ms 
]]></system-out>
  <system-err><![CDATA[]]></system-err>
</testsuite>
