<?xml version="1.0" encoding="UTF-8"?>
<testsuite name="de.uka.ilkd.key.proof.TestOneStepSimplifier" tests="1" skipped="0" failures="0" errors="0" timestamp="2023-05-23T10:05:13" hostname="fv-az250-451" time="4.84">
  <properties/>
  <testcase name="loadWithRestriction()" classname="de.uka.ilkd.key.proof.TestOneStepSimplifier" time="4.84"/>
  <system-out><![CDATA[528084     INFO  Test worker     d.u.i.k.p.i.AbstractProblemLoader Loading environment from src\test\resources\testcase\ossRestriction.proof 
528084     DEBUG Test worker     d.u.i.k.p.i.AbstractProblemLoader Environment load took 247.2ns 
528084     INFO  Test worker     d.u.i.k.p.i.AbstractProblemLoader Creating init config 
528319     DEBUG Test worker     d.u.i.k.j.TypeConverter   No LDT found for Meta 
528319     DEBUG Test worker     d.u.i.k.j.TypeConverter   No LDT found for Meta 
528319     DEBUG Test worker     d.u.i.k.j.TypeConverter   No LDT found for Meta 
528319     DEBUG Test worker     d.u.i.k.j.TypeConverter   No LDT found for Meta 
528991     DEBUG Test worker     d.u.i.k.j.TypeConverter   No LDT found for JavaBigintExpression 
532869     DEBUG Test worker     d.u.i.k.p.i.AbstractProblemLoader Init config took 4.79s 
532900     INFO  Test worker     d.u.i.k.p.i.AbstractProblemLoader Replaying proof ossRestriction.proof 
532915     DEBUG Test worker     d.u.i.k.p.i.IntermediateProofReplayer Proof replay took 1.28ms 
]]></system-out>
  <system-err><![CDATA[]]></system-err>
</testsuite>
