<?xml version="1.0" encoding="UTF-8"?>
<testsuite name="de.uka.ilkd.key.parser.TestDeclParser" tests="14" skipped="2" failures="0" errors="0" timestamp="2023-05-23T10:00:46" hostname="fv-az250-451" time="13.514">
  <properties/>
  <testcase name="testGenericSortDecl1()" classname="de.uka.ilkd.key.parser.TestDeclParser" time="1.089"/>
  <testcase name="testGenericSortDecl2()" classname="de.uka.ilkd.key.parser.TestDeclParser" time="1.143"/>
  <testcase name="testGenericSortDecl3()" classname="de.uka.ilkd.key.parser.TestDeclParser" time="1.166"/>
  <testcase name="testGenericSortDecl4()" classname="de.uka.ilkd.key.parser.TestDeclParser" time="1.048"/>
  <testcase name="testGenericSortDecl5()" classname="de.uka.ilkd.key.parser.TestDeclParser" time="0.0">
    <skipped/>
  </testcase>
  <testcase name="testGenericSortDecl6()" classname="de.uka.ilkd.key.parser.TestDeclParser" time="1.123"/>
  <testcase name="testSortDecl()" classname="de.uka.ilkd.key.parser.TestDeclParser" time="1.171"/>
  <testcase name="testProxySortDecl()" classname="de.uka.ilkd.key.parser.TestDeclParser" time="1.16"/>
  <testcase name="testArrayDecl()" classname="de.uka.ilkd.key.parser.TestDeclParser" time="1.132"/>
  <testcase name="testAmbiguousDecls()" classname="de.uka.ilkd.key.parser.TestDeclParser" time="0.001">
    <skipped/>
  </testcase>
  <testcase name="testHeurDecl()" classname="de.uka.ilkd.key.parser.TestDeclParser" time="1.061"/>
  <testcase name="testFunctionDecl()" classname="de.uka.ilkd.key.parser.TestDeclParser" time="1.183"/>
  <testcase name="testPredicateDecl()" classname="de.uka.ilkd.key.parser.TestDeclParser" time="1.147"/>
  <testcase name="testSVDecl()" classname="de.uka.ilkd.key.parser.TestDeclParser" time="1.086"/>
  <system-out><![CDATA[262754     INFO  Test worker     d.u.i.k.n.KeyIO           Parsing took 0 ms 
262754     DEBUG Test worker     d.u.i.k.n.KeyIO           Load declarations of de.uka.ilkd.key.nparser.KeyAst$File:  <unknown>:1#1 
262754     INFO  Test worker     d.u.i.k.n.KeyIO           MODE: declarations took 0 ms 
262754     DEBUG Test worker     d.u.i.k.n.KeyIO           MODE: 2nd degree decls took 0 
262754     DEBUG Test worker     d.u.i.k.n.KeyIO           MODE: taclets took 0ms 
263895     INFO  Test worker     d.u.i.k.n.KeyIO           Parsing took 0 ms 
263912     DEBUG Test worker     d.u.i.k.n.KeyIO           Load declarations of de.uka.ilkd.key.nparser.KeyAst$File:  <unknown>:1#1 
263912     INFO  Test worker     d.u.i.k.n.KeyIO           MODE: declarations took 0 ms 
263912     DEBUG Test worker     d.u.i.k.n.KeyIO           MODE: 2nd degree decls took 0 
263912     DEBUG Test worker     d.u.i.k.n.KeyIO           MODE: taclets took 0ms 
265065     INFO  Test worker     d.u.i.k.n.KeyIO           Parsing took 0 ms 
265065     DEBUG Test worker     d.u.i.k.n.KeyIO           Load declarations of de.uka.ilkd.key.nparser.KeyAst$File:  <unknown>:1#1 
265065     INFO  Test worker     d.u.i.k.n.KeyIO           MODE: declarations took 0 ms 
265081     DEBUG Test worker     d.u.i.k.n.KeyIO           MODE: 2nd degree decls took 16 
265081     DEBUG Test worker     d.u.i.k.n.KeyIO           MODE: taclets took 0ms 
266128     INFO  Test worker     d.u.i.k.n.KeyIO           Parsing took 0 ms 
266128     DEBUG Test worker     d.u.i.k.n.KeyIO           Load declarations of de.uka.ilkd.key.nparser.KeyAst$File:  <unknown>:1#1 
266128     INFO  Test worker     d.u.i.k.n.KeyIO           MODE: declarations took 0 ms 
266128     DEBUG Test worker     d.u.i.k.n.KeyIO           MODE: 2nd degree decls took 0 
266128     DEBUG Test worker     d.u.i.k.n.KeyIO           MODE: taclets took 0ms 
267254     INFO  Test worker     d.u.i.k.n.KeyIO           Parsing took 0 ms 
267254     DEBUG Test worker     d.u.i.k.n.KeyIO           Load declarations of de.uka.ilkd.key.nparser.KeyAst$File:  <unknown>:1#1 
267254     INFO  Test worker     d.u.i.k.n.KeyIO           MODE: declarations took 0 ms 
267254     DEBUG Test worker     d.u.i.k.n.KeyIO           MODE: 2nd degree decls took 0 
267254     DEBUG Test worker     d.u.i.k.n.KeyIO           MODE: taclets took 0ms 
268426     INFO  Test worker     d.u.i.k.n.KeyIO           Parsing took 0 ms 
268426     DEBUG Test worker     d.u.i.k.n.KeyIO           Load declarations of de.uka.ilkd.key.nparser.KeyAst$File:  <unknown>:1#1 
268426     INFO  Test worker     d.u.i.k.n.KeyIO           MODE: declarations took 0 ms 
268426     DEBUG Test worker     d.u.i.k.n.KeyIO           MODE: 2nd degree decls took 0 
268426     DEBUG Test worker     d.u.i.k.n.KeyIO           MODE: taclets took 0ms 
269583     INFO  Test worker     d.u.i.k.n.KeyIO           Parsing took 0 ms 
269583     DEBUG Test worker     d.u.i.k.n.KeyIO           Load declarations of de.uka.ilkd.key.nparser.KeyAst$File:  <unknown>:1#1 
269583     INFO  Test worker     d.u.i.k.n.KeyIO           MODE: declarations took 0 ms 
269583     DEBUG Test worker     d.u.i.k.n.KeyIO           MODE: 2nd degree decls took 0 
269583     DEBUG Test worker     d.u.i.k.n.KeyIO           MODE: taclets took 0ms 
270708     INFO  Test worker     d.u.i.k.n.KeyIO           Parsing took 0 ms 
270708     DEBUG Test worker     d.u.i.k.n.KeyIO           Load declarations of de.uka.ilkd.key.nparser.KeyAst$File:  <unknown>:1#1 
270708     INFO  Test worker     d.u.i.k.n.KeyIO           MODE: declarations took 0 ms 
270708     DEBUG Test worker     d.u.i.k.n.KeyIO           MODE: 2nd degree decls took 0 
270708     DEBUG Test worker     d.u.i.k.n.KeyIO           MODE: taclets took 0ms 
271771     INFO  Test worker     d.u.i.k.n.KeyIO           Parsing took 0 ms 
271771     DEBUG Test worker     d.u.i.k.n.KeyIO           Load declarations of de.uka.ilkd.key.nparser.KeyAst$File:  <unknown>:1#1 
271771     INFO  Test worker     d.u.i.k.n.KeyIO           MODE: declarations took 0 ms 
271771     DEBUG Test worker     d.u.i.k.n.KeyIO           MODE: 2nd degree decls took 0 
271771     DEBUG Test worker     d.u.i.k.n.KeyIO           MODE: taclets took 0ms 
272960     INFO  Test worker     d.u.i.k.n.KeyIO           Parsing took 0 ms 
272960     DEBUG Test worker     d.u.i.k.n.KeyIO           Load declarations of de.uka.ilkd.key.nparser.KeyAst$File:  <unknown>:1#1 
272960     INFO  Test worker     d.u.i.k.n.KeyIO           MODE: declarations took 0 ms 
272960     DEBUG Test worker     d.u.i.k.n.KeyIO           MODE: 2nd degree decls took 0 
272960     DEBUG Test worker     d.u.i.k.n.KeyIO           MODE: taclets took 0ms 
274117     INFO  Test worker     d.u.i.k.n.KeyIO           Parsing took 0 ms 
274117     DEBUG Test worker     d.u.i.k.n.KeyIO           Load declarations of de.uka.ilkd.key.nparser.KeyAst$File:  <unknown>:1#1 
274117     INFO  Test worker     d.u.i.k.n.KeyIO           MODE: declarations took 0 ms 
274117     DEBUG Test worker     d.u.i.k.n.KeyIO           MODE: 2nd degree decls took 0 
274117     DEBUG Test worker     d.u.i.k.n.KeyIO           MODE: taclets took 0ms 
275195     INFO  Test worker     d.u.i.k.n.KeyIO           Parsing took 0 ms 
275195     DEBUG Test worker     d.u.i.k.n.KeyIO           Load declarations of de.uka.ilkd.key.nparser.KeyAst$File:  <unknown>:1#1 
275195     INFO  Test worker     d.u.i.k.n.KeyIO           MODE: declarations took 0 ms 
275195     DEBUG Test worker     d.u.i.k.n.KeyIO           MODE: 2nd degree decls took 0 
275195     DEBUG Test worker     d.u.i.k.n.KeyIO           MODE: taclets took 0ms 
]]></system-out>
  <system-err><![CDATA[]]></system-err>
</testsuite>
