<?xml version="1.0" encoding="UTF-8"?>
<testsuite name="de.uka.ilkd.key.smt.TestUnsatCore" tests="1" skipped="0" failures="0" errors="0" timestamp="2023-05-23T10:07:46" hostname="fv-az250-451" time="0.021">
  <properties/>
  <testcase name="testUnsatCore()" classname="de.uka.ilkd.key.smt.TestUnsatCore" time="0.021"/>
  <system-out><![CDATA[]]></system-out>
  <system-err><![CDATA[]]></system-err>
</testsuite>
