<?xml version="1.0" encoding="UTF-8"?>
<testsuite name="de.uka.ilkd.key.taclettranslation.TestTacletTranslator" tests="5" skipped="0" failures="0" errors="0" timestamp="2023-05-23T10:12:36" hostname="fv-az250-451" time="0.025">
  <properties/>
  <testcase name="testPropositional1()" classname="de.uka.ilkd.key.taclettranslation.TestTacletTranslator" time="0.01"/>
  <testcase name="testPropositional2()" classname="de.uka.ilkd.key.taclettranslation.TestTacletTranslator" time="0.003"/>
  <testcase name="testNegativePolarity()" classname="de.uka.ilkd.key.taclettranslation.TestTacletTranslator" time="0.004"/>
  <testcase name="testNoPolarity()" classname="de.uka.ilkd.key.taclettranslation.TestTacletTranslator" time="0.003"/>
  <testcase name="testPositivePolarity()" classname="de.uka.ilkd.key.taclettranslation.TestTacletTranslator" time="0.004"/>
  <system-out><![CDATA[971734     INFO  Test worker     d.u.i.k.n.KeyIO           Parsing took 0 ms 
971734     DEBUG Test worker     d.u.i.k.n.KeyIO           Load declarations of de.uka.ilkd.key.nparser.KeyAst$File:  <unknown>:1#1 
971734     INFO  Test worker     d.u.i.k.n.KeyIO           MODE: declarations took 0 ms 
971734     DEBUG Test worker     d.u.i.k.n.KeyIO           MODE: 2nd degree decls took 0 
971734     DEBUG Test worker     d.u.i.k.n.KeyIO           MODE: taclets took 0ms 
971749     INFO  Test worker     d.u.i.k.n.KeyIO           Parsing took 0 ms 
971749     DEBUG Test worker     d.u.i.k.n.KeyIO           Load declarations of de.uka.ilkd.key.nparser.KeyAst$File:  <unknown>:1#1 
971749     INFO  Test worker     d.u.i.k.n.KeyIO           MODE: declarations took 0 ms 
971749     DEBUG Test worker     d.u.i.k.n.KeyIO           MODE: 2nd degree decls took 0 
971749     DEBUG Test worker     d.u.i.k.n.KeyIO           MODE: taclets took 0ms 
971749     INFO  Test worker     d.u.i.k.n.KeyIO           Parsing took 0 ms 
971749     DEBUG Test worker     d.u.i.k.n.KeyIO           Load declarations of de.uka.ilkd.key.nparser.KeyAst$File:  <unknown>:1#1 
971749     INFO  Test worker     d.u.i.k.n.KeyIO           MODE: declarations took 0 ms 
971749     DEBUG Test worker     d.u.i.k.n.KeyIO           MODE: 2nd degree decls took 0 
971749     DEBUG Test worker     d.u.i.k.n.KeyIO           MODE: taclets took 0ms 
971749     INFO  Test worker     d.u.i.k.n.KeyIO           Parsing took 0 ms 
971749     DEBUG Test worker     d.u.i.k.n.KeyIO           Load declarations of de.uka.ilkd.key.nparser.KeyAst$File:  <unknown>:1#1 
971749     INFO  Test worker     d.u.i.k.n.KeyIO           MODE: declarations took 0 ms 
971749     DEBUG Test worker     d.u.i.k.n.KeyIO           MODE: 2nd degree decls took 0 
971749     DEBUG Test worker     d.u.i.k.n.KeyIO           MODE: taclets took 0ms 
971765     INFO  Test worker     d.u.i.k.n.KeyIO           Parsing took 0 ms 
971765     DEBUG Test worker     d.u.i.k.n.KeyIO           Load declarations of de.uka.ilkd.key.nparser.KeyAst$File:  <unknown>:1#1 
971765     INFO  Test worker     d.u.i.k.n.KeyIO           MODE: declarations took 0 ms 
971765     DEBUG Test worker     d.u.i.k.n.KeyIO           MODE: 2nd degree decls took 0 
971765     DEBUG Test worker     d.u.i.k.n.KeyIO           MODE: taclets took 0ms 
]]></system-out>
  <system-err><![CDATA[]]></system-err>
</testsuite>
