<?xml version="1.0" encoding="UTF-8"?>
<testsuite name="de.uka.ilkd.key.parser.TestTermParserSorts" tests="2" skipped="0" failures="0" errors="0" timestamp="2023-05-23T10:05:09" hostname="fv-az250-451" time="3.506">
  <properties/>
  <testcase name="testParseIntegerArgs()" classname="de.uka.ilkd.key.parser.TestTermParserSorts" time="0.025"/>
  <testcase name="testParseSequencePrettySyntax()" classname="de.uka.ilkd.key.parser.TestTermParserSorts" time="0.004"/>
  <system-out><![CDATA[524504     INFO  Test worker     d.u.i.k.n.KeyIO           Parsing took 0 ms 
524504     DEBUG Test worker     d.u.i.k.n.KeyIO           Load declarations of de.uka.ilkd.key.nparser.KeyAst$File:  <unknown>:1#1 
524504     INFO  Test worker     d.u.i.k.n.KeyIO           MODE: declarations took 0 ms 
524504     DEBUG Test worker     d.u.i.k.n.KeyIO           MODE: 2nd degree decls took 0 
524504     INFO  Test worker     d.u.i.k.n.KeyIO           Parsing took 0 ms 
524504     DEBUG Test worker     d.u.i.k.n.KeyIO           Load declarations of de.uka.ilkd.key.nparser.KeyAst$File:  <unknown>:1#1 
524504     INFO  Test worker     d.u.i.k.n.KeyIO           MODE: declarations took 0 ms 
524504     DEBUG Test worker     d.u.i.k.n.KeyIO           MODE: 2nd degree decls took 0 
524504     INFO  Test worker     d.u.i.k.n.KeyIO           Parsing took 0 ms 
524504     DEBUG Test worker     d.u.i.k.n.KeyIO           Load declarations of de.uka.ilkd.key.nparser.KeyAst$File:  <unknown>:1#1 
524504     INFO  Test worker     d.u.i.k.n.KeyIO           MODE: declarations took 0 ms 
524504     DEBUG Test worker     d.u.i.k.n.KeyIO           MODE: 2nd degree decls took 0 
528006     INFO  Test worker     d.u.i.k.n.KeyIO           Parsing took 0 ms 
528006     DEBUG Test worker     d.u.i.k.n.KeyIO           Load declarations of de.uka.ilkd.key.nparser.KeyAst$File:  <unknown>:1#1 
528006     INFO  Test worker     d.u.i.k.n.KeyIO           MODE: declarations took 0 ms 
528006     DEBUG Test worker     d.u.i.k.n.KeyIO           MODE: 2nd degree decls took 0 
528006     INFO  Test worker     d.u.i.k.n.KeyIO           Parsing took 0 ms 
528006     DEBUG Test worker     d.u.i.k.n.KeyIO           Load declarations of de.uka.ilkd.key.nparser.KeyAst$File:  <unknown>:1#1 
528006     INFO  Test worker     d.u.i.k.n.KeyIO           MODE: declarations took 0 ms 
528006     DEBUG Test worker     d.u.i.k.n.KeyIO           MODE: 2nd degree decls took 0 
528006     INFO  Test worker     d.u.i.k.n.KeyIO           Parsing took 0 ms 
528006     DEBUG Test worker     d.u.i.k.n.KeyIO           Load declarations of de.uka.ilkd.key.nparser.KeyAst$File:  <unknown>:1#1 
528006     INFO  Test worker     d.u.i.k.n.KeyIO           MODE: declarations took 0 ms 
528006     DEBUG Test worker     d.u.i.k.n.KeyIO           MODE: 2nd degree decls took 0 
]]></system-out>
  <system-err><![CDATA[]]></system-err>
</testsuite>
