<?xml version="1.0" encoding="UTF-8"?>
<testsuite name="de.uka.ilkd.key.rule.loop.LoopScopeInvRuleTests" tests="1" skipped="0" failures="0" errors="0" timestamp="2023-05-23T10:05:46" hostname="fv-az250-451" time="6.263">
  <properties/>
  <testcase name="testDoAutomaticProofOfBenchmarkWithLabeledBreaksAndContinues()" classname="de.uka.ilkd.key.rule.loop.LoopScopeInvRuleTests" time="6.263"/>
  <system-out><![CDATA[561465     INFO  Test worker     d.u.i.k.p.i.AbstractProblemLoader Loading environment from src\test\resources\testcase\loopScopeInvRule\Test.key 
561465     DEBUG Test worker     d.u.i.k.p.i.AbstractProblemLoader Environment load took 177.4ns 
561465     INFO  Test worker     d.u.i.k.p.i.AbstractProblemLoader Creating init config 
561652     DEBUG Test worker     d.u.i.k.j.TypeConverter   No LDT found for Meta 
561652     DEBUG Test worker     d.u.i.k.j.TypeConverter   No LDT found for Meta 
561652     DEBUG Test worker     d.u.i.k.j.TypeConverter   No LDT found for Meta 
561652     DEBUG Test worker     d.u.i.k.j.TypeConverter   No LDT found for Meta 
562497     DEBUG Test worker     d.u.i.k.j.TypeConverter   No LDT found for JavaBigintExpression 
566843     DEBUG Test worker     d.u.i.k.p.i.AbstractProblemLoader Init config took 5.38s 
566905     INFO  Test worker     d.u.i.k.p.i.AbstractProblemLoader Replaying proof Test[Test::loopScopeRuleBenchmark(int,boolean)].JML normal_behavior operation contract.0 
566905     DEBUG Test worker     d.u.i.k.p.i.IntermediateProofReplayer Proof replay took 19.3ns 
]]></system-out>
  <system-err><![CDATA[]]></system-err>
</testsuite>
