<?xml version="1.0" encoding="UTF-8"?>
<testsuite name="de.uka.ilkd.key.macros.scripts.meta.ValueInjectorTest" tests="3" skipped="0" failures="0" errors="0" timestamp="2023-05-15T08:42:14" hostname="fv-az319-950" time="0.003">
  <properties/>
  <testcase name="testRequired()" classname="de.uka.ilkd.key.macros.scripts.meta.ValueInjectorTest" time="0.001"/>
  <testcase name="testInjectionSimple()" classname="de.uka.ilkd.key.macros.scripts.meta.ValueInjectorTest" time="0.001"/>
  <testcase name="testInferScriptArguments()" classname="de.uka.ilkd.key.macros.scripts.meta.ValueInjectorTest" time="0.001"/>
  <system-out><![CDATA[]]></system-out>
  <system-err><![CDATA[]]></system-err>
</testsuite>
