<?xml version="1.0" encoding="UTF-8"?>
<testsuite name="de.uka.ilkd.key.parser.TestTermParserHeap" tests="39" skipped="0" failures="0" errors="0" timestamp="2023-05-15T08:44:25" hostname="fv-az319-950" time="133.8">
  <properties/>
  <testcase name="testBracketHeapUpdate()" classname="de.uka.ilkd.key.parser.TestTermParserHeap" time="0.03"/>
  <testcase name="testStore()" classname="de.uka.ilkd.key.parser.TestTermParserHeap" time="0.01"/>
  <testcase name="testUnknownConstant()" classname="de.uka.ilkd.key.parser.TestTermParserHeap" time="0.006"/>
  <testcase name="testAllFieldsSelector()" classname="de.uka.ilkd.key.parser.TestTermParserHeap" time="0.005"/>
  <testcase name="testParsePrettyPrintedSelect()" classname="de.uka.ilkd.key.parser.TestTermParserHeap" time="0.004"/>
  <testcase name="testAccessStaticMembers()" classname="de.uka.ilkd.key.parser.TestTermParserHeap" time="0.01"/>
  <testcase name="testAtOperator_1()" classname="de.uka.ilkd.key.parser.TestTermParserHeap" time="0.004"/>
  <testcase name="testAtOperator_2()" classname="de.uka.ilkd.key.parser.TestTermParserHeap" time="0.004"/>
  <testcase name="testAtOperator_3()" classname="de.uka.ilkd.key.parser.TestTermParserHeap" time="0.006"/>
  <testcase name="testAtOperator_4()" classname="de.uka.ilkd.key.parser.TestTermParserHeap" time="0.014"/>
  <testcase name="testAtOperator_5()" classname="de.uka.ilkd.key.parser.TestTermParserHeap" time="0.005"/>
  <testcase name="testAtOperator_6()" classname="de.uka.ilkd.key.parser.TestTermParserHeap" time="0.004"/>
  <testcase name="testAtOperator_7()" classname="de.uka.ilkd.key.parser.TestTermParserHeap" time="0.004"/>
  <testcase name="testAtOperator_8()" classname="de.uka.ilkd.key.parser.TestTermParserHeap" time="0.01"/>
  <testcase name="testVerifyExceptionIfAtOperatorNotPreceededBySelectTerm()" classname="de.uka.ilkd.key.parser.TestTermParserHeap" time="0.005"/>
  <testcase name="testBugResettingCounter()" classname="de.uka.ilkd.key.parser.TestTermParserHeap" time="0.005"/>
  <testcase name="testLocationSets()" classname="de.uka.ilkd.key.parser.TestTermParserHeap" time="0.005"/>
  <testcase name="testQuantifiedSelect()" classname="de.uka.ilkd.key.parser.TestTermParserHeap" time="0.006"/>
  <testcase name="testGenericObjectProperties()" classname="de.uka.ilkd.key.parser.TestTermParserHeap" time="0.003"/>
  <testcase name="testQueryInheritance_1()" classname="de.uka.ilkd.key.parser.TestTermParserHeap" time="0.004"/>
  <testcase name="testQueryInheritance_2()" classname="de.uka.ilkd.key.parser.TestTermParserHeap" time="0.003"/>
  <testcase name="testQueryInheritance_3()" classname="de.uka.ilkd.key.parser.TestTermParserHeap" time="0.006"/>
  <testcase name="testQueryInheritance_4()" classname="de.uka.ilkd.key.parser.TestTermParserHeap" time="0.009"/>
  <testcase name="testQueryInheritance_5()" classname="de.uka.ilkd.key.parser.TestTermParserHeap" time="0.002"/>
  <testcase name="testQueryInheritance_6()" classname="de.uka.ilkd.key.parser.TestTermParserHeap" time="0.006"/>
  <testcase name="testQueryInheritance_7()" classname="de.uka.ilkd.key.parser.TestTermParserHeap" time="0.002"/>
  <testcase name="testQueryInheritance_8()" classname="de.uka.ilkd.key.parser.TestTermParserHeap" time="0.004"/>
  <testcase name="testQueryInheritance_9()" classname="de.uka.ilkd.key.parser.TestTermParserHeap" time="0.004"/>
  <testcase name="testQueryBasic_10()" classname="de.uka.ilkd.key.parser.TestTermParserHeap" time="0.004"/>
  <testcase name="testQueryBasic_11()" classname="de.uka.ilkd.key.parser.TestTermParserHeap" time="0.005"/>
  <testcase name="testQueryBasic_1()" classname="de.uka.ilkd.key.parser.TestTermParserHeap" time="0.003"/>
  <testcase name="testQueryBasic_2()" classname="de.uka.ilkd.key.parser.TestTermParserHeap" time="0.004"/>
  <testcase name="testQueryBasic_3()" classname="de.uka.ilkd.key.parser.TestTermParserHeap" time="0.008"/>
  <testcase name="testQueryBasic_4()" classname="de.uka.ilkd.key.parser.TestTermParserHeap" time="0.003"/>
  <testcase name="testQueryBasic_5()" classname="de.uka.ilkd.key.parser.TestTermParserHeap" time="0.004"/>
  <testcase name="testQueryBasic_6()" classname="de.uka.ilkd.key.parser.TestTermParserHeap" time="0.005"/>
  <testcase name="testQueryBasic_7()" classname="de.uka.ilkd.key.parser.TestTermParserHeap" time="0.005"/>
  <testcase name="testQueryBasic_8()" classname="de.uka.ilkd.key.parser.TestTermParserHeap" time="0.004"/>
  <testcase name="testQueryBasic_9()" classname="de.uka.ilkd.key.parser.TestTermParserHeap" time="0.006"/>
  <system-out><![CDATA[363613     INFO  Test worker     d.u.i.k.n.KeyIO           Parsing took 0 ms 
363613     DEBUG Test worker     d.u.i.k.n.KeyIO           Load declarations of de.uka.ilkd.key.nparser.KeyAst$File:  <unknown>:1#1 
363613     INFO  Test worker     d.u.i.k.n.KeyIO           MODE: declarations took 0 ms 
363613     DEBUG Test worker     d.u.i.k.n.KeyIO           MODE: 2nd degree decls took 0 
363613     INFO  Test worker     d.u.i.k.n.KeyIO           Parsing took 0 ms 
363613     DEBUG Test worker     d.u.i.k.n.KeyIO           Load declarations of de.uka.ilkd.key.nparser.KeyAst$File:  <unknown>:1#1 
363613     INFO  Test worker     d.u.i.k.n.KeyIO           MODE: declarations took 0 ms 
363613     DEBUG Test worker     d.u.i.k.n.KeyIO           MODE: 2nd degree decls took 0 
363613     INFO  Test worker     d.u.i.k.n.KeyIO           Parsing took 0 ms 
363613     DEBUG Test worker     d.u.i.k.n.KeyIO           Load declarations of de.uka.ilkd.key.nparser.KeyAst$File:  <unknown>:1#1 
363613     INFO  Test worker     d.u.i.k.n.KeyIO           MODE: declarations took 0 ms 
363613     DEBUG Test worker     d.u.i.k.n.KeyIO           MODE: 2nd degree decls took 0 
363613     INFO  Test worker     d.u.i.k.n.KeyIO           Parsing took 0 ms 
363613     DEBUG Test worker     d.u.i.k.n.KeyIO           Load declarations of de.uka.ilkd.key.nparser.KeyAst$File:  <unknown>:1#1 
363613     INFO  Test worker     d.u.i.k.n.KeyIO           MODE: declarations took 0 ms 
363613     DEBUG Test worker     d.u.i.k.n.KeyIO           MODE: 2nd degree decls took 0 
363613     INFO  Test worker     d.u.i.k.n.KeyIO           Parsing took 0 ms 
363613     DEBUG Test worker     d.u.i.k.n.KeyIO           Load declarations of de.uka.ilkd.key.nparser.KeyAst$File:  <unknown>:1#1 
363613     INFO  Test worker     d.u.i.k.n.KeyIO           MODE: declarations took 0 ms 
363613     DEBUG Test worker     d.u.i.k.n.KeyIO           MODE: 2nd degree decls took 0 
367256     INFO  Test worker     d.u.i.k.n.KeyIO           Parsing took 0 ms 
367256     DEBUG Test worker     d.u.i.k.n.KeyIO           Load declarations of de.uka.ilkd.key.nparser.KeyAst$File:  <unknown>:1#1 
367256     INFO  Test worker     d.u.i.k.n.KeyIO           MODE: declarations took 0 ms 
367256     DEBUG Test worker     d.u.i.k.n.KeyIO           MODE: 2nd degree decls took 0 
367256     INFO  Test worker     d.u.i.k.n.KeyIO           Parsing took 0 ms 
367256     DEBUG Test worker     d.u.i.k.n.KeyIO           Load declarations of de.uka.ilkd.key.nparser.KeyAst$File:  <unknown>:1#1 
367256     INFO  Test worker     d.u.i.k.n.KeyIO           MODE: declarations took 0 ms 
367256     DEBUG Test worker     d.u.i.k.n.KeyIO           MODE: 2nd degree decls took 0 
367256     INFO  Test worker     d.u.i.k.n.KeyIO           Parsing took 0 ms 
367256     DEBUG Test worker     d.u.i.k.n.KeyIO           Load declarations of de.uka.ilkd.key.nparser.KeyAst$File:  <unknown>:1#1 
367256     INFO  Test worker     d.u.i.k.n.KeyIO           MODE: declarations took 0 ms 
367256     DEBUG Test worker     d.u.i.k.n.KeyIO           MODE: 2nd degree decls took 0 
367256     INFO  Test worker     d.u.i.k.n.KeyIO           Parsing took 0 ms 
367256     DEBUG Test worker     d.u.i.k.n.KeyIO           Load declarations of de.uka.ilkd.key.nparser.KeyAst$File:  <unknown>:1#1 
367256     INFO  Test worker     d.u.i.k.n.KeyIO           MODE: declarations took 0 ms 
367256     DEBUG Test worker     d.u.i.k.n.KeyIO           MODE: 2nd degree decls took 0 
367256     INFO  Test worker     d.u.i.k.n.KeyIO           Parsing took 0 ms 
367256     DEBUG Test worker     d.u.i.k.n.KeyIO           Load declarations of de.uka.ilkd.key.nparser.KeyAst$File:  <unknown>:1#1 
367256     INFO  Test worker     d.u.i.k.n.KeyIO           MODE: declarations took 0 ms 
367256     DEBUG Test worker     d.u.i.k.n.KeyIO           MODE: 2nd degree decls took 0 
370696     INFO  Test worker     d.u.i.k.n.KeyIO           Parsing took 0 ms 
370696     DEBUG Test worker     d.u.i.k.n.KeyIO           Load declarations of de.uka.ilkd.key.nparser.KeyAst$File:  <unknown>:1#1 
370696     INFO  Test worker     d.u.i.k.n.KeyIO           MODE: declarations took 0 ms 
370696     DEBUG Test worker     d.u.i.k.n.KeyIO           MODE: 2nd degree decls took 0 
370696     INFO  Test worker     d.u.i.k.n.KeyIO           Parsing took 0 ms 
370696     DEBUG Test worker     d.u.i.k.n.KeyIO           Load declarations of de.uka.ilkd.key.nparser.KeyAst$File:  <unknown>:1#1 
370696     INFO  Test worker     d.u.i.k.n.KeyIO           MODE: declarations took 0 ms 
370696     DEBUG Test worker     d.u.i.k.n.KeyIO           MODE: 2nd degree decls took 0 
370696     INFO  Test worker     d.u.i.k.n.KeyIO           Parsing took 0 ms 
370696     DEBUG Test worker     d.u.i.k.n.KeyIO           Load declarations of de.uka.ilkd.key.nparser.KeyAst$File:  <unknown>:1#1 
370696     INFO  Test worker     d.u.i.k.n.KeyIO           MODE: declarations took 0 ms 
370696     DEBUG Test worker     d.u.i.k.n.KeyIO           MODE: 2nd degree decls took 0 
370696     INFO  Test worker     d.u.i.k.n.KeyIO           Parsing took 0 ms 
370696     DEBUG Test worker     d.u.i.k.n.KeyIO           Load declarations of de.uka.ilkd.key.nparser.KeyAst$File:  <unknown>:1#1 
370696     INFO  Test worker     d.u.i.k.n.KeyIO           MODE: declarations took 0 ms 
370696     DEBUG Test worker     d.u.i.k.n.KeyIO           MODE: 2nd degree decls took 0 
370696     INFO  Test worker     d.u.i.k.n.KeyIO           Parsing took 0 ms 
370696     DEBUG Test worker     d.u.i.k.n.KeyIO           Load declarations of de.uka.ilkd.key.nparser.KeyAst$File:  <unknown>:1#1 
370696     INFO  Test worker     d.u.i.k.n.KeyIO           MODE: declarations took 0 ms 
370696     DEBUG Test worker     d.u.i.k.n.KeyIO           MODE: 2nd degree decls took 0 
370696     INFO  Test worker     d.u.i.k.n.KeyIO           Parsing took 0 ms 
370696     DEBUG Test worker     d.u.i.k.n.KeyIO           Load declarations of de.uka.ilkd.key.nparser.KeyAst$File:  <unknown>:1#1 
370696     INFO  Test worker     d.u.i.k.n.KeyIO           MODE: declarations took 0 ms 
370696     DEBUG Test worker     d.u.i.k.n.KeyIO           MODE: 2nd degree decls took 0 
373964     INFO  Test worker     d.u.i.k.n.KeyIO           Parsing took 0 ms 
373964     DEBUG Test worker     d.u.i.k.n.KeyIO           Load declarations of de.uka.ilkd.key.nparser.KeyAst$File:  <unknown>:1#1 
373964     INFO  Test worker     d.u.i.k.n.KeyIO           MODE: declarations took 0 ms 
373964     DEBUG Test worker     d.u.i.k.n.KeyIO           MODE: 2nd degree decls took 0 
373964     INFO  Test worker     d.u.i.k.n.KeyIO           Parsing took 0 ms 
373964     DEBUG Test worker     d.u.i.k.n.KeyIO           Load declarations of de.uka.ilkd.key.nparser.KeyAst$File:  <unknown>:1#1 
373964     INFO  Test worker     d.u.i.k.n.KeyIO           MODE: declarations took 0 ms 
373964     DEBUG Test worker     d.u.i.k.n.KeyIO           MODE: 2nd degree decls took 0 
373964     INFO  Test worker     d.u.i.k.n.KeyIO           Parsing took 0 ms 
373964     DEBUG Test worker     d.u.i.k.n.KeyIO           Load declarations of de.uka.ilkd.key.nparser.KeyAst$File:  <unknown>:1#1 
373964     INFO  Test worker     d.u.i.k.n.KeyIO           MODE: declarations took 0 ms 
373964     DEBUG Test worker     d.u.i.k.n.KeyIO           MODE: 2nd degree decls took 0 
373964     INFO  Test worker     d.u.i.k.n.KeyIO           Parsing took 0 ms 
373964     DEBUG Test worker     d.u.i.k.n.KeyIO           Load declarations of de.uka.ilkd.key.nparser.KeyAst$File:  <unknown>:1#1 
373964     INFO  Test worker     d.u.i.k.n.KeyIO           MODE: declarations took 0 ms 
373964     DEBUG Test worker     d.u.i.k.n.KeyIO           MODE: 2nd degree decls took 0 
373964     INFO  Test worker     d.u.i.k.n.KeyIO           Parsing took 0 ms 
373964     DEBUG Test worker     d.u.i.k.n.KeyIO           Load declarations of de.uka.ilkd.key.nparser.KeyAst$File:  <unknown>:1#1 
373964     INFO  Test worker     d.u.i.k.n.KeyIO           MODE: declarations took 0 ms 
373964     DEBUG Test worker     d.u.i.k.n.KeyIO           MODE: 2nd degree decls took 0 
377341     INFO  Test worker     d.u.i.k.n.KeyIO           Parsing took 0 ms 
377341     DEBUG Test worker     d.u.i.k.n.KeyIO           Load declarations of de.uka.ilkd.key.nparser.KeyAst$File:  <unknown>:1#1 
377341     INFO  Test worker     d.u.i.k.n.KeyIO           MODE: declarations took 0 ms 
377341     DEBUG Test worker     d.u.i.k.n.KeyIO           MODE: 2nd degree decls took 0 
377341     INFO  Test worker     d.u.i.k.n.KeyIO           Parsing took 0 ms 
377341     DEBUG Test worker     d.u.i.k.n.KeyIO           Load declarations of de.uka.ilkd.key.nparser.KeyAst$File:  <unknown>:1#1 
377341     INFO  Test worker     d.u.i.k.n.KeyIO           MODE: declarations took 0 ms 
377341     DEBUG Test worker     d.u.i.k.n.KeyIO           MODE: 2nd degree decls took 0 
377341     INFO  Test worker     d.u.i.k.n.KeyIO           Parsing took 0 ms 
377341     DEBUG Test worker     d.u.i.k.n.KeyIO           Load declarations of de.uka.ilkd.key.nparser.KeyAst$File:  <unknown>:1#1 
377341     INFO  Test worker     d.u.i.k.n.KeyIO           MODE: declarations took 0 ms 
377341     DEBUG Test worker     d.u.i.k.n.KeyIO           MODE: 2nd degree decls took 0 
377341     INFO  Test worker     d.u.i.k.n.KeyIO           Parsing took 0 ms 
377341     DEBUG Test worker     d.u.i.k.n.KeyIO           Load declarations of de.uka.ilkd.key.nparser.KeyAst$File:  <unknown>:1#1 
377341     INFO  Test worker     d.u.i.k.n.KeyIO           MODE: declarations took 0 ms 
377341     DEBUG Test worker     d.u.i.k.n.KeyIO           MODE: 2nd degree decls took 0 
377341     INFO  Test worker     d.u.i.k.n.KeyIO           Parsing took 0 ms 
377341     DEBUG Test worker     d.u.i.k.n.KeyIO           Load declarations of de.uka.ilkd.key.nparser.KeyAst$File:  <unknown>:1#1 
377341     INFO  Test worker     d.u.i.k.n.KeyIO           MODE: declarations took 0 ms 
377341     DEBUG Test worker     d.u.i.k.n.KeyIO           MODE: 2nd degree decls took 0 
380749     INFO  Test worker     d.u.i.k.n.KeyIO           Parsing took 0 ms 
380749     DEBUG Test worker     d.u.i.k.n.KeyIO           Load declarations of de.uka.ilkd.key.nparser.KeyAst$File:  <unknown>:1#1 
380749     INFO  Test worker     d.u.i.k.n.KeyIO           MODE: declarations took 0 ms 
380749     DEBUG Test worker     d.u.i.k.n.KeyIO           MODE: 2nd degree decls took 0 
380749     INFO  Test worker     d.u.i.k.n.KeyIO           Parsing took 0 ms 
380749     DEBUG Test worker     d.u.i.k.n.KeyIO           Load declarations of de.uka.ilkd.key.nparser.KeyAst$File:  <unknown>:1#1 
380749     INFO  Test worker     d.u.i.k.n.KeyIO           MODE: declarations took 0 ms 
380749     DEBUG Test worker     d.u.i.k.n.KeyIO           MODE: 2nd degree decls took 0 
380749     INFO  Test worker     d.u.i.k.n.KeyIO           Parsing took 0 ms 
380749     DEBUG Test worker     d.u.i.k.n.KeyIO           Load declarations of de.uka.ilkd.key.nparser.KeyAst$File:  <unknown>:1#1 
380749     INFO  Test worker     d.u.i.k.n.KeyIO           MODE: declarations took 0 ms 
380749     DEBUG Test worker     d.u.i.k.n.KeyIO           MODE: 2nd degree decls took 0 
380749     INFO  Test worker     d.u.i.k.n.KeyIO           Parsing took 0 ms 
380749     DEBUG Test worker     d.u.i.k.n.KeyIO           Load declarations of de.uka.ilkd.key.nparser.KeyAst$File:  <unknown>:1#1 
380749     INFO  Test worker     d.u.i.k.n.KeyIO           MODE: declarations took 0 ms 
380749     DEBUG Test worker     d.u.i.k.n.KeyIO           MODE: 2nd degree decls took 0 
380749     INFO  Test worker     d.u.i.k.n.KeyIO           Parsing took 0 ms 
380749     DEBUG Test worker     d.u.i.k.n.KeyIO           Load declarations of de.uka.ilkd.key.nparser.KeyAst$File:  <unknown>:1#1 
380749     INFO  Test worker     d.u.i.k.n.KeyIO           MODE: declarations took 0 ms 
380749     DEBUG Test worker     d.u.i.k.n.KeyIO           MODE: 2nd degree decls took 0 
384095     INFO  Test worker     d.u.i.k.n.KeyIO           Parsing took 0 ms 
384095     DEBUG Test worker     d.u.i.k.n.KeyIO           Load declarations of de.uka.ilkd.key.nparser.KeyAst$File:  <unknown>:1#1 
384095     INFO  Test worker     d.u.i.k.n.KeyIO           MODE: declarations took 0 ms 
384095     DEBUG Test worker     d.u.i.k.n.KeyIO           MODE: 2nd degree decls took 0 
384095     INFO  Test worker     d.u.i.k.n.KeyIO           Parsing took 0 ms 
384095     DEBUG Test worker     d.u.i.k.n.KeyIO           Load declarations of de.uka.ilkd.key.nparser.KeyAst$File:  <unknown>:1#1 
384095     INFO  Test worker     d.u.i.k.n.KeyIO           MODE: declarations took 0 ms 
384095     DEBUG Test worker     d.u.i.k.n.KeyIO           MODE: 2nd degree decls took 0 
384095     INFO  Test worker     d.u.i.k.n.KeyIO           Parsing took 0 ms 
384095     DEBUG Test worker     d.u.i.k.n.KeyIO           Load declarations of de.uka.ilkd.key.nparser.KeyAst$File:  <unknown>:1#1 
384095     INFO  Test worker     d.u.i.k.n.KeyIO           MODE: declarations took 0 ms 
384095     DEBUG Test worker     d.u.i.k.n.KeyIO           MODE: 2nd degree decls took 0 
384095     INFO  Test worker     d.u.i.k.n.KeyIO           Parsing took 0 ms 
384095     DEBUG Test worker     d.u.i.k.n.KeyIO           Load declarations of de.uka.ilkd.key.nparser.KeyAst$File:  <unknown>:1#1 
384095     INFO  Test worker     d.u.i.k.n.KeyIO           MODE: declarations took 0 ms 
384095     DEBUG Test worker     d.u.i.k.n.KeyIO           MODE: 2nd degree decls took 0 
384095     INFO  Test worker     d.u.i.k.n.KeyIO           Parsing took 0 ms 
384095     DEBUG Test worker     d.u.i.k.n.KeyIO           Load declarations of de.uka.ilkd.key.nparser.KeyAst$File:  <unknown>:1#1 
384095     INFO  Test worker     d.u.i.k.n.KeyIO           MODE: declarations took 0 ms 
384095     DEBUG Test worker     d.u.i.k.n.KeyIO           MODE: 2nd degree decls took 0 
387611     INFO  Test worker     d.u.i.k.n.KeyIO           Parsing took 0 ms 
387611     DEBUG Test worker     d.u.i.k.n.KeyIO           Load declarations of de.uka.ilkd.key.nparser.KeyAst$File:  <unknown>:1#1 
387611     INFO  Test worker     d.u.i.k.n.KeyIO           MODE: declarations took 0 ms 
387611     DEBUG Test worker     d.u.i.k.n.KeyIO           MODE: 2nd degree decls took 0 
387611     INFO  Test worker     d.u.i.k.n.KeyIO           Parsing took 0 ms 
387611     DEBUG Test worker     d.u.i.k.n.KeyIO           Load declarations of de.uka.ilkd.key.nparser.KeyAst$File:  <unknown>:1#1 
387611     INFO  Test worker     d.u.i.k.n.KeyIO           MODE: declarations took 0 ms 
387611     DEBUG Test worker     d.u.i.k.n.KeyIO           MODE: 2nd degree decls took 0 
387611     INFO  Test worker     d.u.i.k.n.KeyIO           Parsing took 0 ms 
387611     DEBUG Test worker     d.u.i.k.n.KeyIO           Load declarations of de.uka.ilkd.key.nparser.KeyAst$File:  <unknown>:1#1 
387611     INFO  Test worker     d.u.i.k.n.KeyIO           MODE: declarations took 0 ms 
387611     DEBUG Test worker     d.u.i.k.n.KeyIO           MODE: 2nd degree decls took 0 
387611     INFO  Test worker     d.u.i.k.n.KeyIO           Parsing took 0 ms 
387611     DEBUG Test worker     d.u.i.k.n.KeyIO           Load declarations of de.uka.ilkd.key.nparser.KeyAst$File:  <unknown>:1#1 
387611     INFO  Test worker     d.u.i.k.n.KeyIO           MODE: declarations took 0 ms 
387611     DEBUG Test worker     d.u.i.k.n.KeyIO           MODE: 2nd degree decls took 0 
387611     INFO  Test worker     d.u.i.k.n.KeyIO           Parsing took 0 ms 
387611     DEBUG Test worker     d.u.i.k.n.KeyIO           Load declarations of de.uka.ilkd.key.nparser.KeyAst$File:  <unknown>:1#1 
387611     INFO  Test worker     d.u.i.k.n.KeyIO           MODE: declarations took 0 ms 
387611     DEBUG Test worker     d.u.i.k.n.KeyIO           MODE: 2nd degree decls took 0 
391051     INFO  Test worker     d.u.i.k.n.KeyIO           Parsing took 0 ms 
391051     DEBUG Test worker     d.u.i.k.n.KeyIO           Load declarations of de.uka.ilkd.key.nparser.KeyAst$File:  <unknown>:1#1 
391051     INFO  Test worker     d.u.i.k.n.KeyIO           MODE: declarations took 0 ms 
391051     DEBUG Test worker     d.u.i.k.n.KeyIO           MODE: 2nd degree decls took 0 
391051     INFO  Test worker     d.u.i.k.n.KeyIO           Parsing took 0 ms 
391051     DEBUG Test worker     d.u.i.k.n.KeyIO           Load declarations of de.uka.ilkd.key.nparser.KeyAst$File:  <unknown>:1#1 
391051     INFO  Test worker     d.u.i.k.n.KeyIO           MODE: declarations took 0 ms 
391051     DEBUG Test worker     d.u.i.k.n.KeyIO           MODE: 2nd degree decls took 0 
391051     INFO  Test worker     d.u.i.k.n.KeyIO           Parsing took 0 ms 
391051     DEBUG Test worker     d.u.i.k.n.KeyIO           Load declarations of de.uka.ilkd.key.nparser.KeyAst$File:  <unknown>:1#1 
391051     INFO  Test worker     d.u.i.k.n.KeyIO           MODE: declarations took 0 ms 
391051     DEBUG Test worker     d.u.i.k.n.KeyIO           MODE: 2nd degree decls took 0 
391051     INFO  Test worker     d.u.i.k.n.KeyIO           Parsing took 0 ms 
391051     DEBUG Test worker     d.u.i.k.n.KeyIO           Load declarations of de.uka.ilkd.key.nparser.KeyAst$File:  <unknown>:1#1 
391051     INFO  Test worker     d.u.i.k.n.KeyIO           MODE: declarations took 0 ms 
391051     DEBUG Test worker     d.u.i.k.n.KeyIO           MODE: 2nd degree decls took 0 
391051     INFO  Test worker     d.u.i.k.n.KeyIO           Parsing took 0 ms 
391051     DEBUG Test worker     d.u.i.k.n.KeyIO           Load declarations of de.uka.ilkd.key.nparser.KeyAst$File:  <unknown>:1#1 
391051     INFO  Test worker     d.u.i.k.n.KeyIO           MODE: declarations took 0 ms 
391051     DEBUG Test worker     d.u.i.k.n.KeyIO           MODE: 2nd degree decls took 0 
394632     INFO  Test worker     d.u.i.k.n.KeyIO           Parsing took 0 ms 
394632     DEBUG Test worker     d.u.i.k.n.KeyIO           Load declarations of de.uka.ilkd.key.nparser.KeyAst$File:  <unknown>:1#1 
394632     INFO  Test worker     d.u.i.k.n.KeyIO           MODE: declarations took 0 ms 
394632     DEBUG Test worker     d.u.i.k.n.KeyIO           MODE: 2nd degree decls took 0 
394632     INFO  Test worker     d.u.i.k.n.KeyIO           Parsing took 0 ms 
394632     DEBUG Test worker     d.u.i.k.n.KeyIO           Load declarations of de.uka.ilkd.key.nparser.KeyAst$File:  <unknown>:1#1 
394632     INFO  Test worker     d.u.i.k.n.KeyIO           MODE: declarations took 0 ms 
394632     DEBUG Test worker     d.u.i.k.n.KeyIO           MODE: 2nd degree decls took 0 
394632     INFO  Test worker     d.u.i.k.n.KeyIO           Parsing took 0 ms 
394632     DEBUG Test worker     d.u.i.k.n.KeyIO           Load declarations of de.uka.ilkd.key.nparser.KeyAst$File:  <unknown>:1#1 
394632     INFO  Test worker     d.u.i.k.n.KeyIO           MODE: declarations took 0 ms 
394632     DEBUG Test worker     d.u.i.k.n.KeyIO           MODE: 2nd degree decls took 0 
394632     INFO  Test worker     d.u.i.k.n.KeyIO           Parsing took 0 ms 
394632     DEBUG Test worker     d.u.i.k.n.KeyIO           Load declarations of de.uka.ilkd.key.nparser.KeyAst$File:  <unknown>:1#1 
394632     INFO  Test worker     d.u.i.k.n.KeyIO           MODE: declarations took 0 ms 
394632     DEBUG Test worker     d.u.i.k.n.KeyIO           MODE: 2nd degree decls took 0 
394632     INFO  Test worker     d.u.i.k.n.KeyIO           Parsing took 0 ms 
394632     DEBUG Test worker     d.u.i.k.n.KeyIO           Load declarations of de.uka.ilkd.key.nparser.KeyAst$File:  <unknown>:1#1 
394632     INFO  Test worker     d.u.i.k.n.KeyIO           MODE: declarations took 0 ms 
394632     DEBUG Test worker     d.u.i.k.n.KeyIO           MODE: 2nd degree decls took 0 
398415     INFO  Test worker     d.u.i.k.n.KeyIO           Parsing took 0 ms 
398415     DEBUG Test worker     d.u.i.k.n.KeyIO           Load declarations of de.uka.ilkd.key.nparser.KeyAst$File:  <unknown>:1#1 
398415     INFO  Test worker     d.u.i.k.n.KeyIO           MODE: declarations took 0 ms 
398415     DEBUG Test worker     d.u.i.k.n.KeyIO           MODE: 2nd degree decls took 0 
398415     INFO  Test worker     d.u.i.k.n.KeyIO           Parsing took 0 ms 
398415     DEBUG Test worker     d.u.i.k.n.KeyIO           Load declarations of de.uka.ilkd.key.nparser.KeyAst$File:  <unknown>:1#1 
398415     INFO  Test worker     d.u.i.k.n.KeyIO           MODE: declarations took 0 ms 
398415     DEBUG Test worker     d.u.i.k.n.KeyIO           MODE: 2nd degree decls took 0 
398415     INFO  Test worker     d.u.i.k.n.KeyIO           Parsing took 0 ms 
398415     DEBUG Test worker     d.u.i.k.n.KeyIO           Load declarations of de.uka.ilkd.key.nparser.KeyAst$File:  <unknown>:1#1 
398415     INFO  Test worker     d.u.i.k.n.KeyIO           MODE: declarations took 0 ms 
398415     DEBUG Test worker     d.u.i.k.n.KeyIO           MODE: 2nd degree decls took 0 
398415     INFO  Test worker     d.u.i.k.n.KeyIO           Parsing took 0 ms 
398415     DEBUG Test worker     d.u.i.k.n.KeyIO           Load declarations of de.uka.ilkd.key.nparser.KeyAst$File:  <unknown>:1#1 
398415     INFO  Test worker     d.u.i.k.n.KeyIO           MODE: declarations took 0 ms 
398415     DEBUG Test worker     d.u.i.k.n.KeyIO           MODE: 2nd degree decls took 0 
398415     INFO  Test worker     d.u.i.k.n.KeyIO           Parsing took 0 ms 
398415     DEBUG Test worker     d.u.i.k.n.KeyIO           Load declarations of de.uka.ilkd.key.nparser.KeyAst$File:  <unknown>:1#1 
398415     INFO  Test worker     d.u.i.k.n.KeyIO           MODE: declarations took 0 ms 
398415     DEBUG Test worker     d.u.i.k.n.KeyIO           MODE: 2nd degree decls took 0 
402198     INFO  Test worker     d.u.i.k.n.KeyIO           Parsing took 0 ms 
402198     DEBUG Test worker     d.u.i.k.n.KeyIO           Load declarations of de.uka.ilkd.key.nparser.KeyAst$File:  <unknown>:1#1 
402198     INFO  Test worker     d.u.i.k.n.KeyIO           MODE: declarations took 0 ms 
402198     DEBUG Test worker     d.u.i.k.n.KeyIO           MODE: 2nd degree decls took 0 
402198     INFO  Test worker     d.u.i.k.n.KeyIO           Parsing took 0 ms 
402198     DEBUG Test worker     d.u.i.k.n.KeyIO           Load declarations of de.uka.ilkd.key.nparser.KeyAst$File:  <unknown>:1#1 
402198     INFO  Test worker     d.u.i.k.n.KeyIO           MODE: declarations took 0 ms 
402198     DEBUG Test worker     d.u.i.k.n.KeyIO           MODE: 2nd degree decls took 0 
402198     INFO  Test worker     d.u.i.k.n.KeyIO           Parsing took 0 ms 
402198     DEBUG Test worker     d.u.i.k.n.KeyIO           Load declarations of de.uka.ilkd.key.nparser.KeyAst$File:  <unknown>:1#1 
402198     INFO  Test worker     d.u.i.k.n.KeyIO           MODE: declarations took 0 ms 
402198     DEBUG Test worker     d.u.i.k.n.KeyIO           MODE: 2nd degree decls took 0 
402198     INFO  Test worker     d.u.i.k.n.KeyIO           Parsing took 0 ms 
402198     DEBUG Test worker     d.u.i.k.n.KeyIO           Load declarations of de.uka.ilkd.key.nparser.KeyAst$File:  <unknown>:1#1 
402198     INFO  Test worker     d.u.i.k.n.KeyIO           MODE: declarations took 0 ms 
402198     DEBUG Test worker     d.u.i.k.n.KeyIO           MODE: 2nd degree decls took 0 
402198     INFO  Test worker     d.u.i.k.n.KeyIO           Parsing took 0 ms 
402198     DEBUG Test worker     d.u.i.k.n.KeyIO           Load declarations of de.uka.ilkd.key.nparser.KeyAst$File:  <unknown>:1#1 
402198     INFO  Test worker     d.u.i.k.n.KeyIO           MODE: declarations took 0 ms 
402198     DEBUG Test worker     d.u.i.k.n.KeyIO           MODE: 2nd degree decls took 0 
405701     INFO  Test worker     d.u.i.k.n.KeyIO           Parsing took 0 ms 
405701     DEBUG Test worker     d.u.i.k.n.KeyIO           Load declarations of de.uka.ilkd.key.nparser.KeyAst$File:  <unknown>:1#1 
405701     INFO  Test worker     d.u.i.k.n.KeyIO           MODE: declarations took 0 ms 
405701     DEBUG Test worker     d.u.i.k.n.KeyIO           MODE: 2nd degree decls took 0 
405701     INFO  Test worker     d.u.i.k.n.KeyIO           Parsing took 0 ms 
405701     DEBUG Test worker     d.u.i.k.n.KeyIO           Load declarations of de.uka.ilkd.key.nparser.KeyAst$File:  <unknown>:1#1 
405701     INFO  Test worker     d.u.i.k.n.KeyIO           MODE: declarations took 0 ms 
405701     DEBUG Test worker     d.u.i.k.n.KeyIO           MODE: 2nd degree decls took 0 
405701     INFO  Test worker     d.u.i.k.n.KeyIO           Parsing took 0 ms 
405701     DEBUG Test worker     d.u.i.k.n.KeyIO           Load declarations of de.uka.ilkd.key.nparser.KeyAst$File:  <unknown>:1#1 
405701     INFO  Test worker     d.u.i.k.n.KeyIO           MODE: declarations took 0 ms 
405717     DEBUG Test worker     d.u.i.k.n.KeyIO           MODE: 2nd degree decls took 0 
405717     INFO  Test worker     d.u.i.k.n.KeyIO           Parsing took 0 ms 
405717     DEBUG Test worker     d.u.i.k.n.KeyIO           Load declarations of de.uka.ilkd.key.nparser.KeyAst$File:  <unknown>:1#1 
405717     INFO  Test worker     d.u.i.k.n.KeyIO           MODE: declarations took 0 ms 
405718     DEBUG Test worker     d.u.i.k.n.KeyIO           MODE: 2nd degree decls took 0 
405718     INFO  Test worker     d.u.i.k.n.KeyIO           Parsing took 0 ms 
405718     DEBUG Test worker     d.u.i.k.n.KeyIO           Load declarations of de.uka.ilkd.key.nparser.KeyAst$File:  <unknown>:1#1 
405718     INFO  Test worker     d.u.i.k.n.KeyIO           MODE: declarations took 0 ms 
405718     DEBUG Test worker     d.u.i.k.n.KeyIO           MODE: 2nd degree decls took 0 
409219     INFO  Test worker     d.u.i.k.n.KeyIO           Parsing took 0 ms 
409219     DEBUG Test worker     d.u.i.k.n.KeyIO           Load declarations of de.uka.ilkd.key.nparser.KeyAst$File:  <unknown>:1#1 
409219     INFO  Test worker     d.u.i.k.n.KeyIO           MODE: declarations took 0 ms 
409219     DEBUG Test worker     d.u.i.k.n.KeyIO           MODE: 2nd degree decls took 0 
409219     INFO  Test worker     d.u.i.k.n.KeyIO           Parsing took 0 ms 
409219     DEBUG Test worker     d.u.i.k.n.KeyIO           Load declarations of de.uka.ilkd.key.nparser.KeyAst$File:  <unknown>:1#1 
409219     INFO  Test worker     d.u.i.k.n.KeyIO           MODE: declarations took 0 ms 
409219     DEBUG Test worker     d.u.i.k.n.KeyIO           MODE: 2nd degree decls took 0 
409219     INFO  Test worker     d.u.i.k.n.KeyIO           Parsing took 0 ms 
409219     DEBUG Test worker     d.u.i.k.n.KeyIO           Load declarations of de.uka.ilkd.key.nparser.KeyAst$File:  <unknown>:1#1 
409219     INFO  Test worker     d.u.i.k.n.KeyIO           MODE: declarations took 0 ms 
409219     DEBUG Test worker     d.u.i.k.n.KeyIO           MODE: 2nd degree decls took 0 
409219     INFO  Test worker     d.u.i.k.n.KeyIO           Parsing took 0 ms 
409219     DEBUG Test worker     d.u.i.k.n.KeyIO           Load declarations of de.uka.ilkd.key.nparser.KeyAst$File:  <unknown>:1#1 
409219     INFO  Test worker     d.u.i.k.n.KeyIO           MODE: declarations took 0 ms 
409219     DEBUG Test worker     d.u.i.k.n.KeyIO           MODE: 2nd degree decls took 0 
409219     INFO  Test worker     d.u.i.k.n.KeyIO           Parsing took 0 ms 
409219     DEBUG Test worker     d.u.i.k.n.KeyIO           Load declarations of de.uka.ilkd.key.nparser.KeyAst$File:  <unknown>:1#1 
409219     INFO  Test worker     d.u.i.k.n.KeyIO           MODE: declarations took 0 ms 
409219     DEBUG Test worker     d.u.i.k.n.KeyIO           MODE: 2nd degree decls took 0 
412722     INFO  Test worker     d.u.i.k.n.KeyIO           Parsing took 0 ms 
412722     DEBUG Test worker     d.u.i.k.n.KeyIO           Load declarations of de.uka.ilkd.key.nparser.KeyAst$File:  <unknown>:1#1 
412722     INFO  Test worker     d.u.i.k.n.KeyIO           MODE: declarations took 0 ms 
412722     DEBUG Test worker     d.u.i.k.n.KeyIO           MODE: 2nd degree decls took 0 
412722     INFO  Test worker     d.u.i.k.n.KeyIO           Parsing took 0 ms 
412722     DEBUG Test worker     d.u.i.k.n.KeyIO           Load declarations of de.uka.ilkd.key.nparser.KeyAst$File:  <unknown>:1#1 
412722     INFO  Test worker     d.u.i.k.n.KeyIO           MODE: declarations took 0 ms 
412722     DEBUG Test worker     d.u.i.k.n.KeyIO           MODE: 2nd degree decls took 0 
412722     INFO  Test worker     d.u.i.k.n.KeyIO           Parsing took 0 ms 
412722     DEBUG Test worker     d.u.i.k.n.KeyIO           Load declarations of de.uka.ilkd.key.nparser.KeyAst$File:  <unknown>:1#1 
412722     INFO  Test worker     d.u.i.k.n.KeyIO           MODE: declarations took 0 ms 
412722     DEBUG Test worker     d.u.i.k.n.KeyIO           MODE: 2nd degree decls took 0 
412722     INFO  Test worker     d.u.i.k.n.KeyIO           Parsing took 0 ms 
412722     DEBUG Test worker     d.u.i.k.n.KeyIO           Load declarations of de.uka.ilkd.key.nparser.KeyAst$File:  <unknown>:1#1 
412737     INFO  Test worker     d.u.i.k.n.KeyIO           MODE: declarations took 15 ms 
412737     DEBUG Test worker     d.u.i.k.n.KeyIO           MODE: 2nd degree decls took 0 
412737     INFO  Test worker     d.u.i.k.n.KeyIO           Parsing took 0 ms 
412737     DEBUG Test worker     d.u.i.k.n.KeyIO           Load declarations of de.uka.ilkd.key.nparser.KeyAst$File:  <unknown>:1#1 
412737     INFO  Test worker     d.u.i.k.n.KeyIO           MODE: declarations took 0 ms 
412737     DEBUG Test worker     d.u.i.k.n.KeyIO           MODE: 2nd degree decls took 0 
412737     WARN  Test worker     d.u.i.k.n.KeYParser       [syntax-error] <unknown>:1:11: mismatched input '@' expecting {'/', ':=', '.', '(', ')', '{', '[', '@', PARALLEL, OR, AND, IMP, '=', NOT_EQUALS, '%', '*', '-', '+', '>', GREATEREQUAL, '<', LESSEQUAL, LGUILLEMETS, EQV} [@11,11:11='@',<153>,1:11] (termEOF) 
416240     INFO  Test worker     d.u.i.k.n.KeyIO           Parsing took 0 ms 
416240     DEBUG Test worker     d.u.i.k.n.KeyIO           Load declarations of de.uka.ilkd.key.nparser.KeyAst$File:  <unknown>:1#1 
416240     INFO  Test worker     d.u.i.k.n.KeyIO           MODE: declarations took 0 ms 
416240     DEBUG Test worker     d.u.i.k.n.KeyIO           MODE: 2nd degree decls took 0 
416240     INFO  Test worker     d.u.i.k.n.KeyIO           Parsing took 0 ms 
416240     DEBUG Test worker     d.u.i.k.n.KeyIO           Load declarations of de.uka.ilkd.key.nparser.KeyAst$File:  <unknown>:1#1 
416240     INFO  Test worker     d.u.i.k.n.KeyIO           MODE: declarations took 0 ms 
416240     DEBUG Test worker     d.u.i.k.n.KeyIO           MODE: 2nd degree decls took 0 
416240     INFO  Test worker     d.u.i.k.n.KeyIO           Parsing took 0 ms 
416240     DEBUG Test worker     d.u.i.k.n.KeyIO           Load declarations of de.uka.ilkd.key.nparser.KeyAst$File:  <unknown>:1#1 
416240     INFO  Test worker     d.u.i.k.n.KeyIO           MODE: declarations took 0 ms 
416240     DEBUG Test worker     d.u.i.k.n.KeyIO           MODE: 2nd degree decls took 0 
416240     INFO  Test worker     d.u.i.k.n.KeyIO           Parsing took 0 ms 
416240     DEBUG Test worker     d.u.i.k.n.KeyIO           Load declarations of de.uka.ilkd.key.nparser.KeyAst$File:  <unknown>:1#1 
416240     INFO  Test worker     d.u.i.k.n.KeyIO           MODE: declarations took 0 ms 
416240     DEBUG Test worker     d.u.i.k.n.KeyIO           MODE: 2nd degree decls took 0 
416240     INFO  Test worker     d.u.i.k.n.KeyIO           Parsing took 0 ms 
416240     DEBUG Test worker     d.u.i.k.n.KeyIO           Load declarations of de.uka.ilkd.key.nparser.KeyAst$File:  <unknown>:1#1 
416240     INFO  Test worker     d.u.i.k.n.KeyIO           MODE: declarations took 0 ms 
416240     DEBUG Test worker     d.u.i.k.n.KeyIO           MODE: 2nd degree decls took 0 
419804     INFO  Test worker     d.u.i.k.n.KeyIO           Parsing took 0 ms 
419804     DEBUG Test worker     d.u.i.k.n.KeyIO           Load declarations of de.uka.ilkd.key.nparser.KeyAst$File:  <unknown>:1#1 
419804     INFO  Test worker     d.u.i.k.n.KeyIO           MODE: declarations took 0 ms 
419804     DEBUG Test worker     d.u.i.k.n.KeyIO           MODE: 2nd degree decls took 0 
419804     INFO  Test worker     d.u.i.k.n.KeyIO           Parsing took 0 ms 
419804     DEBUG Test worker     d.u.i.k.n.KeyIO           Load declarations of de.uka.ilkd.key.nparser.KeyAst$File:  <unknown>:1#1 
419804     INFO  Test worker     d.u.i.k.n.KeyIO           MODE: declarations took 0 ms 
419804     DEBUG Test worker     d.u.i.k.n.KeyIO           MODE: 2nd degree decls took 0 
419804     INFO  Test worker     d.u.i.k.n.KeyIO           Parsing took 0 ms 
419804     DEBUG Test worker     d.u.i.k.n.KeyIO           Load declarations of de.uka.ilkd.key.nparser.KeyAst$File:  <unknown>:1#1 
419804     INFO  Test worker     d.u.i.k.n.KeyIO           MODE: declarations took 0 ms 
419804     DEBUG Test worker     d.u.i.k.n.KeyIO           MODE: 2nd degree decls took 0 
419804     INFO  Test worker     d.u.i.k.n.KeyIO           Parsing took 0 ms 
419804     DEBUG Test worker     d.u.i.k.n.KeyIO           Load declarations of de.uka.ilkd.key.nparser.KeyAst$File:  <unknown>:1#1 
419804     INFO  Test worker     d.u.i.k.n.KeyIO           MODE: declarations took 0 ms 
419804     DEBUG Test worker     d.u.i.k.n.KeyIO           MODE: 2nd degree decls took 0 
419804     INFO  Test worker     d.u.i.k.n.KeyIO           Parsing took 0 ms 
419804     DEBUG Test worker     d.u.i.k.n.KeyIO           Load declarations of de.uka.ilkd.key.nparser.KeyAst$File:  <unknown>:1#1 
419804     INFO  Test worker     d.u.i.k.n.KeyIO           MODE: declarations took 0 ms 
419804     DEBUG Test worker     d.u.i.k.n.KeyIO           MODE: 2nd degree decls took 0 
423338     INFO  Test worker     d.u.i.k.n.KeyIO           Parsing took 0 ms 
423338     DEBUG Test worker     d.u.i.k.n.KeyIO           Load declarations of de.uka.ilkd.key.nparser.KeyAst$File:  <unknown>:1#1 
423338     INFO  Test worker     d.u.i.k.n.KeyIO           MODE: declarations took 0 ms 
423338     DEBUG Test worker     d.u.i.k.n.KeyIO           MODE: 2nd degree decls took 0 
423338     INFO  Test worker     d.u.i.k.n.KeyIO           Parsing took 0 ms 
423338     DEBUG Test worker     d.u.i.k.n.KeyIO           Load declarations of de.uka.ilkd.key.nparser.KeyAst$File:  <unknown>:1#1 
423338     INFO  Test worker     d.u.i.k.n.KeyIO           MODE: declarations took 0 ms 
423338     DEBUG Test worker     d.u.i.k.n.KeyIO           MODE: 2nd degree decls took 0 
423338     INFO  Test worker     d.u.i.k.n.KeyIO           Parsing took 0 ms 
423338     DEBUG Test worker     d.u.i.k.n.KeyIO           Load declarations of de.uka.ilkd.key.nparser.KeyAst$File:  <unknown>:1#1 
423338     INFO  Test worker     d.u.i.k.n.KeyIO           MODE: declarations took 0 ms 
423338     DEBUG Test worker     d.u.i.k.n.KeyIO           MODE: 2nd degree decls took 0 
423338     INFO  Test worker     d.u.i.k.n.KeyIO           Parsing took 0 ms 
423338     DEBUG Test worker     d.u.i.k.n.KeyIO           Load declarations of de.uka.ilkd.key.nparser.KeyAst$File:  <unknown>:1#1 
423338     INFO  Test worker     d.u.i.k.n.KeyIO           MODE: declarations took 0 ms 
423338     DEBUG Test worker     d.u.i.k.n.KeyIO           MODE: 2nd degree decls took 0 
423338     INFO  Test worker     d.u.i.k.n.KeyIO           Parsing took 0 ms 
423338     DEBUG Test worker     d.u.i.k.n.KeyIO           Load declarations of de.uka.ilkd.key.nparser.KeyAst$File:  <unknown>:1#1 
423338     INFO  Test worker     d.u.i.k.n.KeyIO           MODE: declarations took 0 ms 
423338     DEBUG Test worker     d.u.i.k.n.KeyIO           MODE: 2nd degree decls took 0 
426887     INFO  Test worker     d.u.i.k.n.KeyIO           Parsing took 0 ms 
426887     DEBUG Test worker     d.u.i.k.n.KeyIO           Load declarations of de.uka.ilkd.key.nparser.KeyAst$File:  <unknown>:1#1 
426887     INFO  Test worker     d.u.i.k.n.KeyIO           MODE: declarations took 0 ms 
426887     DEBUG Test worker     d.u.i.k.n.KeyIO           MODE: 2nd degree decls took 0 
426887     INFO  Test worker     d.u.i.k.n.KeyIO           Parsing took 0 ms 
426887     DEBUG Test worker     d.u.i.k.n.KeyIO           Load declarations of de.uka.ilkd.key.nparser.KeyAst$File:  <unknown>:1#1 
426887     INFO  Test worker     d.u.i.k.n.KeyIO           MODE: declarations took 0 ms 
426887     DEBUG Test worker     d.u.i.k.n.KeyIO           MODE: 2nd degree decls took 0 
426887     INFO  Test worker     d.u.i.k.n.KeyIO           Parsing took 0 ms 
426887     DEBUG Test worker     d.u.i.k.n.KeyIO           Load declarations of de.uka.ilkd.key.nparser.KeyAst$File:  <unknown>:1#1 
426887     INFO  Test worker     d.u.i.k.n.KeyIO           MODE: declarations took 0 ms 
426887     DEBUG Test worker     d.u.i.k.n.KeyIO           MODE: 2nd degree decls took 0 
426887     INFO  Test worker     d.u.i.k.n.KeyIO           Parsing took 0 ms 
426887     DEBUG Test worker     d.u.i.k.n.KeyIO           Load declarations of de.uka.ilkd.key.nparser.KeyAst$File:  <unknown>:1#1 
426887     INFO  Test worker     d.u.i.k.n.KeyIO           MODE: declarations took 0 ms 
426887     DEBUG Test worker     d.u.i.k.n.KeyIO           MODE: 2nd degree decls took 0 
426887     INFO  Test worker     d.u.i.k.n.KeyIO           Parsing took 0 ms 
426887     DEBUG Test worker     d.u.i.k.n.KeyIO           Load declarations of de.uka.ilkd.key.nparser.KeyAst$File:  <unknown>:1#1 
426887     INFO  Test worker     d.u.i.k.n.KeyIO           MODE: declarations took 0 ms 
426887     DEBUG Test worker     d.u.i.k.n.KeyIO           MODE: 2nd degree decls took 0 
430545     INFO  Test worker     d.u.i.k.n.KeyIO           Parsing took 0 ms 
430545     DEBUG Test worker     d.u.i.k.n.KeyIO           Load declarations of de.uka.ilkd.key.nparser.KeyAst$File:  <unknown>:1#1 
430545     INFO  Test worker     d.u.i.k.n.KeyIO           MODE: declarations took 0 ms 
430545     DEBUG Test worker     d.u.i.k.n.KeyIO           MODE: 2nd degree decls took 0 
430545     INFO  Test worker     d.u.i.k.n.KeyIO           Parsing took 0 ms 
430545     DEBUG Test worker     d.u.i.k.n.KeyIO           Load declarations of de.uka.ilkd.key.nparser.KeyAst$File:  <unknown>:1#1 
430545     INFO  Test worker     d.u.i.k.n.KeyIO           MODE: declarations took 0 ms 
430545     DEBUG Test worker     d.u.i.k.n.KeyIO           MODE: 2nd degree decls took 0 
430545     INFO  Test worker     d.u.i.k.n.KeyIO           Parsing took 0 ms 
430545     DEBUG Test worker     d.u.i.k.n.KeyIO           Load declarations of de.uka.ilkd.key.nparser.KeyAst$File:  <unknown>:1#1 
430545     INFO  Test worker     d.u.i.k.n.KeyIO           MODE: declarations took 0 ms 
430545     DEBUG Test worker     d.u.i.k.n.KeyIO           MODE: 2nd degree decls took 0 
430545     INFO  Test worker     d.u.i.k.n.KeyIO           Parsing took 0 ms 
430545     DEBUG Test worker     d.u.i.k.n.KeyIO           Load declarations of de.uka.ilkd.key.nparser.KeyAst$File:  <unknown>:1#1 
430545     INFO  Test worker     d.u.i.k.n.KeyIO           MODE: declarations took 0 ms 
430545     DEBUG Test worker     d.u.i.k.n.KeyIO           MODE: 2nd degree decls took 0 
430545     INFO  Test worker     d.u.i.k.n.KeyIO           Parsing took 0 ms 
430545     DEBUG Test worker     d.u.i.k.n.KeyIO           Load declarations of de.uka.ilkd.key.nparser.KeyAst$File:  <unknown>:1#1 
430545     INFO  Test worker     d.u.i.k.n.KeyIO           MODE: declarations took 0 ms 
430545     DEBUG Test worker     d.u.i.k.n.KeyIO           MODE: 2nd degree decls took 0 
434079     INFO  Test worker     d.u.i.k.n.KeyIO           Parsing took 0 ms 
434079     DEBUG Test worker     d.u.i.k.n.KeyIO           Load declarations of de.uka.ilkd.key.nparser.KeyAst$File:  <unknown>:1#1 
434079     INFO  Test worker     d.u.i.k.n.KeyIO           MODE: declarations took 0 ms 
434079     DEBUG Test worker     d.u.i.k.n.KeyIO           MODE: 2nd degree decls took 0 
434079     INFO  Test worker     d.u.i.k.n.KeyIO           Parsing took 0 ms 
434079     DEBUG Test worker     d.u.i.k.n.KeyIO           Load declarations of de.uka.ilkd.key.nparser.KeyAst$File:  <unknown>:1#1 
434079     INFO  Test worker     d.u.i.k.n.KeyIO           MODE: declarations took 0 ms 
434079     DEBUG Test worker     d.u.i.k.n.KeyIO           MODE: 2nd degree decls took 0 
434079     INFO  Test worker     d.u.i.k.n.KeyIO           Parsing took 0 ms 
434079     DEBUG Test worker     d.u.i.k.n.KeyIO           Load declarations of de.uka.ilkd.key.nparser.KeyAst$File:  <unknown>:1#1 
434079     INFO  Test worker     d.u.i.k.n.KeyIO           MODE: declarations took 0 ms 
434079     DEBUG Test worker     d.u.i.k.n.KeyIO           MODE: 2nd degree decls took 0 
434079     INFO  Test worker     d.u.i.k.n.KeyIO           Parsing took 0 ms 
434079     DEBUG Test worker     d.u.i.k.n.KeyIO           Load declarations of de.uka.ilkd.key.nparser.KeyAst$File:  <unknown>:1#1 
434079     INFO  Test worker     d.u.i.k.n.KeyIO           MODE: declarations took 0 ms 
434079     DEBUG Test worker     d.u.i.k.n.KeyIO           MODE: 2nd degree decls took 0 
434079     INFO  Test worker     d.u.i.k.n.KeyIO           Parsing took 0 ms 
434079     DEBUG Test worker     d.u.i.k.n.KeyIO           Load declarations of de.uka.ilkd.key.nparser.KeyAst$File:  <unknown>:1#1 
434079     INFO  Test worker     d.u.i.k.n.KeyIO           MODE: declarations took 0 ms 
434079     DEBUG Test worker     d.u.i.k.n.KeyIO           MODE: 2nd degree decls took 0 
437628     INFO  Test worker     d.u.i.k.n.KeyIO           Parsing took 0 ms 
437628     DEBUG Test worker     d.u.i.k.n.KeyIO           Load declarations of de.uka.ilkd.key.nparser.KeyAst$File:  <unknown>:1#1 
437628     INFO  Test worker     d.u.i.k.n.KeyIO           MODE: declarations took 0 ms 
437628     DEBUG Test worker     d.u.i.k.n.KeyIO           MODE: 2nd degree decls took 0 
437628     INFO  Test worker     d.u.i.k.n.KeyIO           Parsing took 0 ms 
437628     DEBUG Test worker     d.u.i.k.n.KeyIO           Load declarations of de.uka.ilkd.key.nparser.KeyAst$File:  <unknown>:1#1 
437628     INFO  Test worker     d.u.i.k.n.KeyIO           MODE: declarations took 0 ms 
437628     DEBUG Test worker     d.u.i.k.n.KeyIO           MODE: 2nd degree decls took 0 
437628     INFO  Test worker     d.u.i.k.n.KeyIO           Parsing took 0 ms 
437628     DEBUG Test worker     d.u.i.k.n.KeyIO           Load declarations of de.uka.ilkd.key.nparser.KeyAst$File:  <unknown>:1#1 
437628     INFO  Test worker     d.u.i.k.n.KeyIO           MODE: declarations took 0 ms 
437628     DEBUG Test worker     d.u.i.k.n.KeyIO           MODE: 2nd degree decls took 0 
437628     INFO  Test worker     d.u.i.k.n.KeyIO           Parsing took 0 ms 
437628     DEBUG Test worker     d.u.i.k.n.KeyIO           Load declarations of de.uka.ilkd.key.nparser.KeyAst$File:  <unknown>:1#1 
437628     INFO  Test worker     d.u.i.k.n.KeyIO           MODE: declarations took 0 ms 
437628     DEBUG Test worker     d.u.i.k.n.KeyIO           MODE: 2nd degree decls took 0 
437628     INFO  Test worker     d.u.i.k.n.KeyIO           Parsing took 0 ms 
437628     DEBUG Test worker     d.u.i.k.n.KeyIO           Load declarations of de.uka.ilkd.key.nparser.KeyAst$File:  <unknown>:1#1 
437628     INFO  Test worker     d.u.i.k.n.KeyIO           MODE: declarations took 0 ms 
437628     DEBUG Test worker     d.u.i.k.n.KeyIO           MODE: 2nd degree decls took 0 
441178     INFO  Test worker     d.u.i.k.n.KeyIO           Parsing took 0 ms 
441178     DEBUG Test worker     d.u.i.k.n.KeyIO           Load declarations of de.uka.ilkd.key.nparser.KeyAst$File:  <unknown>:1#1 
441193     INFO  Test worker     d.u.i.k.n.KeyIO           MODE: declarations took 15 ms 
441193     DEBUG Test worker     d.u.i.k.n.KeyIO           MODE: 2nd degree decls took 0 
441193     INFO  Test worker     d.u.i.k.n.KeyIO           Parsing took 0 ms 
441193     DEBUG Test worker     d.u.i.k.n.KeyIO           Load declarations of de.uka.ilkd.key.nparser.KeyAst$File:  <unknown>:1#1 
441193     INFO  Test worker     d.u.i.k.n.KeyIO           MODE: declarations took 0 ms 
441193     DEBUG Test worker     d.u.i.k.n.KeyIO           MODE: 2nd degree decls took 0 
441193     INFO  Test worker     d.u.i.k.n.KeyIO           Parsing took 0 ms 
441193     DEBUG Test worker     d.u.i.k.n.KeyIO           Load declarations of de.uka.ilkd.key.nparser.KeyAst$File:  <unknown>:1#1 
441193     INFO  Test worker     d.u.i.k.n.KeyIO           MODE: declarations took 0 ms 
441193     DEBUG Test worker     d.u.i.k.n.KeyIO           MODE: 2nd degree decls took 0 
441193     INFO  Test worker     d.u.i.k.n.KeyIO           Parsing took 0 ms 
441193     DEBUG Test worker     d.u.i.k.n.KeyIO           Load declarations of de.uka.ilkd.key.nparser.KeyAst$File:  <unknown>:1#1 
441193     INFO  Test worker     d.u.i.k.n.KeyIO           MODE: declarations took 0 ms 
441193     DEBUG Test worker     d.u.i.k.n.KeyIO           MODE: 2nd degree decls took 0 
441193     INFO  Test worker     d.u.i.k.n.KeyIO           Parsing took 0 ms 
441193     DEBUG Test worker     d.u.i.k.n.KeyIO           Load declarations of de.uka.ilkd.key.nparser.KeyAst$File:  <unknown>:1#1 
441193     INFO  Test worker     d.u.i.k.n.KeyIO           MODE: declarations took 0 ms 
441193     DEBUG Test worker     d.u.i.k.n.KeyIO           MODE: 2nd degree decls took 0 
444744     INFO  Test worker     d.u.i.k.n.KeyIO           Parsing took 0 ms 
444744     DEBUG Test worker     d.u.i.k.n.KeyIO           Load declarations of de.uka.ilkd.key.nparser.KeyAst$File:  <unknown>:1#1 
444744     INFO  Test worker     d.u.i.k.n.KeyIO           MODE: declarations took 0 ms 
444744     DEBUG Test worker     d.u.i.k.n.KeyIO           MODE: 2nd degree decls took 0 
444744     INFO  Test worker     d.u.i.k.n.KeyIO           Parsing took 0 ms 
444744     DEBUG Test worker     d.u.i.k.n.KeyIO           Load declarations of de.uka.ilkd.key.nparser.KeyAst$File:  <unknown>:1#1 
444744     INFO  Test worker     d.u.i.k.n.KeyIO           MODE: declarations took 0 ms 
444744     DEBUG Test worker     d.u.i.k.n.KeyIO           MODE: 2nd degree decls took 0 
444744     INFO  Test worker     d.u.i.k.n.KeyIO           Parsing took 0 ms 
444744     DEBUG Test worker     d.u.i.k.n.KeyIO           Load declarations of de.uka.ilkd.key.nparser.KeyAst$File:  <unknown>:1#1 
444744     INFO  Test worker     d.u.i.k.n.KeyIO           MODE: declarations took 0 ms 
444744     DEBUG Test worker     d.u.i.k.n.KeyIO           MODE: 2nd degree decls took 0 
444744     INFO  Test worker     d.u.i.k.n.KeyIO           Parsing took 0 ms 
444744     DEBUG Test worker     d.u.i.k.n.KeyIO           Load declarations of de.uka.ilkd.key.nparser.KeyAst$File:  <unknown>:1#1 
444744     INFO  Test worker     d.u.i.k.n.KeyIO           MODE: declarations took 0 ms 
444744     DEBUG Test worker     d.u.i.k.n.KeyIO           MODE: 2nd degree decls took 0 
444744     INFO  Test worker     d.u.i.k.n.KeyIO           Parsing took 0 ms 
444744     DEBUG Test worker     d.u.i.k.n.KeyIO           Load declarations of de.uka.ilkd.key.nparser.KeyAst$File:  <unknown>:1#1 
444744     INFO  Test worker     d.u.i.k.n.KeyIO           MODE: declarations took 0 ms 
444744     DEBUG Test worker     d.u.i.k.n.KeyIO           MODE: 2nd degree decls took 0 
448293     INFO  Test worker     d.u.i.k.n.KeyIO           Parsing took 0 ms 
448293     DEBUG Test worker     d.u.i.k.n.KeyIO           Load declarations of de.uka.ilkd.key.nparser.KeyAst$File:  <unknown>:1#1 
448293     INFO  Test worker     d.u.i.k.n.KeyIO           MODE: declarations took 0 ms 
448293     DEBUG Test worker     d.u.i.k.n.KeyIO           MODE: 2nd degree decls took 0 
448293     INFO  Test worker     d.u.i.k.n.KeyIO           Parsing took 0 ms 
448293     DEBUG Test worker     d.u.i.k.n.KeyIO           Load declarations of de.uka.ilkd.key.nparser.KeyAst$File:  <unknown>:1#1 
448293     INFO  Test worker     d.u.i.k.n.KeyIO           MODE: declarations took 0 ms 
448293     DEBUG Test worker     d.u.i.k.n.KeyIO           MODE: 2nd degree decls took 0 
448293     INFO  Test worker     d.u.i.k.n.KeyIO           Parsing took 0 ms 
448293     DEBUG Test worker     d.u.i.k.n.KeyIO           Load declarations of de.uka.ilkd.key.nparser.KeyAst$File:  <unknown>:1#1 
448293     INFO  Test worker     d.u.i.k.n.KeyIO           MODE: declarations took 0 ms 
448293     DEBUG Test worker     d.u.i.k.n.KeyIO           MODE: 2nd degree decls took 0 
448293     INFO  Test worker     d.u.i.k.n.KeyIO           Parsing took 0 ms 
448293     DEBUG Test worker     d.u.i.k.n.KeyIO           Load declarations of de.uka.ilkd.key.nparser.KeyAst$File:  <unknown>:1#1 
448293     INFO  Test worker     d.u.i.k.n.KeyIO           MODE: declarations took 0 ms 
448293     DEBUG Test worker     d.u.i.k.n.KeyIO           MODE: 2nd degree decls took 0 
448293     INFO  Test worker     d.u.i.k.n.KeyIO           Parsing took 0 ms 
448293     DEBUG Test worker     d.u.i.k.n.KeyIO           Load declarations of de.uka.ilkd.key.nparser.KeyAst$File:  <unknown>:1#1 
448293     INFO  Test worker     d.u.i.k.n.KeyIO           MODE: declarations took 0 ms 
448293     DEBUG Test worker     d.u.i.k.n.KeyIO           MODE: 2nd degree decls took 0 
451796     INFO  Test worker     d.u.i.k.n.KeyIO           Parsing took 0 ms 
451796     DEBUG Test worker     d.u.i.k.n.KeyIO           Load declarations of de.uka.ilkd.key.nparser.KeyAst$File:  <unknown>:1#1 
451796     INFO  Test worker     d.u.i.k.n.KeyIO           MODE: declarations took 0 ms 
451796     DEBUG Test worker     d.u.i.k.n.KeyIO           MODE: 2nd degree decls took 0 
451796     INFO  Test worker     d.u.i.k.n.KeyIO           Parsing took 0 ms 
451796     DEBUG Test worker     d.u.i.k.n.KeyIO           Load declarations of de.uka.ilkd.key.nparser.KeyAst$File:  <unknown>:1#1 
451796     INFO  Test worker     d.u.i.k.n.KeyIO           MODE: declarations took 0 ms 
451796     DEBUG Test worker     d.u.i.k.n.KeyIO           MODE: 2nd degree decls took 0 
451796     INFO  Test worker     d.u.i.k.n.KeyIO           Parsing took 0 ms 
451796     DEBUG Test worker     d.u.i.k.n.KeyIO           Load declarations of de.uka.ilkd.key.nparser.KeyAst$File:  <unknown>:1#1 
451796     INFO  Test worker     d.u.i.k.n.KeyIO           MODE: declarations took 0 ms 
451796     DEBUG Test worker     d.u.i.k.n.KeyIO           MODE: 2nd degree decls took 0 
451796     INFO  Test worker     d.u.i.k.n.KeyIO           Parsing took 0 ms 
451796     DEBUG Test worker     d.u.i.k.n.KeyIO           Load declarations of de.uka.ilkd.key.nparser.KeyAst$File:  <unknown>:1#1 
451796     INFO  Test worker     d.u.i.k.n.KeyIO           MODE: declarations took 0 ms 
451796     DEBUG Test worker     d.u.i.k.n.KeyIO           MODE: 2nd degree decls took 0 
451796     INFO  Test worker     d.u.i.k.n.KeyIO           Parsing took 0 ms 
451796     DEBUG Test worker     d.u.i.k.n.KeyIO           Load declarations of de.uka.ilkd.key.nparser.KeyAst$File:  <unknown>:1#1 
451796     INFO  Test worker     d.u.i.k.n.KeyIO           MODE: declarations took 0 ms 
451796     DEBUG Test worker     d.u.i.k.n.KeyIO           MODE: 2nd degree decls took 0 
455313     INFO  Test worker     d.u.i.k.n.KeyIO           Parsing took 0 ms 
455313     DEBUG Test worker     d.u.i.k.n.KeyIO           Load declarations of de.uka.ilkd.key.nparser.KeyAst$File:  <unknown>:1#1 
455313     INFO  Test worker     d.u.i.k.n.KeyIO           MODE: declarations took 0 ms 
455313     DEBUG Test worker     d.u.i.k.n.KeyIO           MODE: 2nd degree decls took 0 
455313     INFO  Test worker     d.u.i.k.n.KeyIO           Parsing took 0 ms 
455313     DEBUG Test worker     d.u.i.k.n.KeyIO           Load declarations of de.uka.ilkd.key.nparser.KeyAst$File:  <unknown>:1#1 
455313     INFO  Test worker     d.u.i.k.n.KeyIO           MODE: declarations took 0 ms 
455313     DEBUG Test worker     d.u.i.k.n.KeyIO           MODE: 2nd degree decls took 0 
455313     INFO  Test worker     d.u.i.k.n.KeyIO           Parsing took 0 ms 
455313     DEBUG Test worker     d.u.i.k.n.KeyIO           Load declarations of de.uka.ilkd.key.nparser.KeyAst$File:  <unknown>:1#1 
455313     INFO  Test worker     d.u.i.k.n.KeyIO           MODE: declarations took 0 ms 
455313     DEBUG Test worker     d.u.i.k.n.KeyIO           MODE: 2nd degree decls took 0 
455313     INFO  Test worker     d.u.i.k.n.KeyIO           Parsing took 0 ms 
455313     DEBUG Test worker     d.u.i.k.n.KeyIO           Load declarations of de.uka.ilkd.key.nparser.KeyAst$File:  <unknown>:1#1 
455313     INFO  Test worker     d.u.i.k.n.KeyIO           MODE: declarations took 0 ms 
455313     DEBUG Test worker     d.u.i.k.n.KeyIO           MODE: 2nd degree decls took 0 
455313     INFO  Test worker     d.u.i.k.n.KeyIO           Parsing took 0 ms 
455313     DEBUG Test worker     d.u.i.k.n.KeyIO           Load declarations of de.uka.ilkd.key.nparser.KeyAst$File:  <unknown>:1#1 
455313     INFO  Test worker     d.u.i.k.n.KeyIO           MODE: declarations took 0 ms 
455313     DEBUG Test worker     d.u.i.k.n.KeyIO           MODE: 2nd degree decls took 0 
458862     INFO  Test worker     d.u.i.k.n.KeyIO           Parsing took 0 ms 
458862     DEBUG Test worker     d.u.i.k.n.KeyIO           Load declarations of de.uka.ilkd.key.nparser.KeyAst$File:  <unknown>:1#1 
458862     INFO  Test worker     d.u.i.k.n.KeyIO           MODE: declarations took 0 ms 
458862     DEBUG Test worker     d.u.i.k.n.KeyIO           MODE: 2nd degree decls took 0 
458862     INFO  Test worker     d.u.i.k.n.KeyIO           Parsing took 0 ms 
458862     DEBUG Test worker     d.u.i.k.n.KeyIO           Load declarations of de.uka.ilkd.key.nparser.KeyAst$File:  <unknown>:1#1 
458862     INFO  Test worker     d.u.i.k.n.KeyIO           MODE: declarations took 0 ms 
458862     DEBUG Test worker     d.u.i.k.n.KeyIO           MODE: 2nd degree decls took 0 
458862     INFO  Test worker     d.u.i.k.n.KeyIO           Parsing took 0 ms 
458862     DEBUG Test worker     d.u.i.k.n.KeyIO           Load declarations of de.uka.ilkd.key.nparser.KeyAst$File:  <unknown>:1#1 
458862     INFO  Test worker     d.u.i.k.n.KeyIO           MODE: declarations took 0 ms 
458862     DEBUG Test worker     d.u.i.k.n.KeyIO           MODE: 2nd degree decls took 0 
458862     INFO  Test worker     d.u.i.k.n.KeyIO           Parsing took 0 ms 
458862     DEBUG Test worker     d.u.i.k.n.KeyIO           Load declarations of de.uka.ilkd.key.nparser.KeyAst$File:  <unknown>:1#1 
458862     INFO  Test worker     d.u.i.k.n.KeyIO           MODE: declarations took 0 ms 
458862     DEBUG Test worker     d.u.i.k.n.KeyIO           MODE: 2nd degree decls took 0 
458862     INFO  Test worker     d.u.i.k.n.KeyIO           Parsing took 0 ms 
458862     DEBUG Test worker     d.u.i.k.n.KeyIO           Load declarations of de.uka.ilkd.key.nparser.KeyAst$File:  <unknown>:1#1 
458862     INFO  Test worker     d.u.i.k.n.KeyIO           MODE: declarations took 0 ms 
458862     DEBUG Test worker     d.u.i.k.n.KeyIO           MODE: 2nd degree decls took 0 
462364     INFO  Test worker     d.u.i.k.n.KeyIO           Parsing took 0 ms 
462364     DEBUG Test worker     d.u.i.k.n.KeyIO           Load declarations of de.uka.ilkd.key.nparser.KeyAst$File:  <unknown>:1#1 
462364     INFO  Test worker     d.u.i.k.n.KeyIO           MODE: declarations took 0 ms 
462364     DEBUG Test worker     d.u.i.k.n.KeyIO           MODE: 2nd degree decls took 0 
462364     INFO  Test worker     d.u.i.k.n.KeyIO           Parsing took 0 ms 
462364     DEBUG Test worker     d.u.i.k.n.KeyIO           Load declarations of de.uka.ilkd.key.nparser.KeyAst$File:  <unknown>:1#1 
462364     INFO  Test worker     d.u.i.k.n.KeyIO           MODE: declarations took 0 ms 
462364     DEBUG Test worker     d.u.i.k.n.KeyIO           MODE: 2nd degree decls took 0 
462364     INFO  Test worker     d.u.i.k.n.KeyIO           Parsing took 0 ms 
462364     DEBUG Test worker     d.u.i.k.n.KeyIO           Load declarations of de.uka.ilkd.key.nparser.KeyAst$File:  <unknown>:1#1 
462364     INFO  Test worker     d.u.i.k.n.KeyIO           MODE: declarations took 0 ms 
462364     DEBUG Test worker     d.u.i.k.n.KeyIO           MODE: 2nd degree decls took 0 
462364     INFO  Test worker     d.u.i.k.n.KeyIO           Parsing took 0 ms 
462364     DEBUG Test worker     d.u.i.k.n.KeyIO           Load declarations of de.uka.ilkd.key.nparser.KeyAst$File:  <unknown>:1#1 
462364     INFO  Test worker     d.u.i.k.n.KeyIO           MODE: declarations took 0 ms 
462364     DEBUG Test worker     d.u.i.k.n.KeyIO           MODE: 2nd degree decls took 0 
462364     INFO  Test worker     d.u.i.k.n.KeyIO           Parsing took 0 ms 
462380     DEBUG Test worker     d.u.i.k.n.KeyIO           Load declarations of de.uka.ilkd.key.nparser.KeyAst$File:  <unknown>:1#1 
462380     INFO  Test worker     d.u.i.k.n.KeyIO           MODE: declarations took 0 ms 
462380     DEBUG Test worker     d.u.i.k.n.KeyIO           MODE: 2nd degree decls took 0 
465835     INFO  Test worker     d.u.i.k.n.KeyIO           Parsing took 0 ms 
465835     DEBUG Test worker     d.u.i.k.n.KeyIO           Load declarations of de.uka.ilkd.key.nparser.KeyAst$File:  <unknown>:1#1 
465835     INFO  Test worker     d.u.i.k.n.KeyIO           MODE: declarations took 0 ms 
465835     DEBUG Test worker     d.u.i.k.n.KeyIO           MODE: 2nd degree decls took 0 
465835     INFO  Test worker     d.u.i.k.n.KeyIO           Parsing took 0 ms 
465835     DEBUG Test worker     d.u.i.k.n.KeyIO           Load declarations of de.uka.ilkd.key.nparser.KeyAst$File:  <unknown>:1#1 
465835     INFO  Test worker     d.u.i.k.n.KeyIO           MODE: declarations took 0 ms 
465835     DEBUG Test worker     d.u.i.k.n.KeyIO           MODE: 2nd degree decls took 0 
465835     INFO  Test worker     d.u.i.k.n.KeyIO           Parsing took 0 ms 
465835     DEBUG Test worker     d.u.i.k.n.KeyIO           Load declarations of de.uka.ilkd.key.nparser.KeyAst$File:  <unknown>:1#1 
465835     INFO  Test worker     d.u.i.k.n.KeyIO           MODE: declarations took 0 ms 
465835     DEBUG Test worker     d.u.i.k.n.KeyIO           MODE: 2nd degree decls took 0 
465835     INFO  Test worker     d.u.i.k.n.KeyIO           Parsing took 0 ms 
465835     DEBUG Test worker     d.u.i.k.n.KeyIO           Load declarations of de.uka.ilkd.key.nparser.KeyAst$File:  <unknown>:1#1 
465835     INFO  Test worker     d.u.i.k.n.KeyIO           MODE: declarations took 0 ms 
465835     DEBUG Test worker     d.u.i.k.n.KeyIO           MODE: 2nd degree decls took 0 
465835     INFO  Test worker     d.u.i.k.n.KeyIO           Parsing took 0 ms 
465835     DEBUG Test worker     d.u.i.k.n.KeyIO           Load declarations of de.uka.ilkd.key.nparser.KeyAst$File:  <unknown>:1#1 
465835     INFO  Test worker     d.u.i.k.n.KeyIO           MODE: declarations took 0 ms 
465835     DEBUG Test worker     d.u.i.k.n.KeyIO           MODE: 2nd degree decls took 0 
469306     INFO  Test worker     d.u.i.k.n.KeyIO           Parsing took 0 ms 
469306     DEBUG Test worker     d.u.i.k.n.KeyIO           Load declarations of de.uka.ilkd.key.nparser.KeyAst$File:  <unknown>:1#1 
469306     INFO  Test worker     d.u.i.k.n.KeyIO           MODE: declarations took 0 ms 
469306     DEBUG Test worker     d.u.i.k.n.KeyIO           MODE: 2nd degree decls took 0 
469306     INFO  Test worker     d.u.i.k.n.KeyIO           Parsing took 0 ms 
469306     DEBUG Test worker     d.u.i.k.n.KeyIO           Load declarations of de.uka.ilkd.key.nparser.KeyAst$File:  <unknown>:1#1 
469306     INFO  Test worker     d.u.i.k.n.KeyIO           MODE: declarations took 0 ms 
469306     DEBUG Test worker     d.u.i.k.n.KeyIO           MODE: 2nd degree decls took 0 
469306     INFO  Test worker     d.u.i.k.n.KeyIO           Parsing took 0 ms 
469306     DEBUG Test worker     d.u.i.k.n.KeyIO           Load declarations of de.uka.ilkd.key.nparser.KeyAst$File:  <unknown>:1#1 
469306     INFO  Test worker     d.u.i.k.n.KeyIO           MODE: declarations took 0 ms 
469306     DEBUG Test worker     d.u.i.k.n.KeyIO           MODE: 2nd degree decls took 0 
469306     INFO  Test worker     d.u.i.k.n.KeyIO           Parsing took 0 ms 
469306     DEBUG Test worker     d.u.i.k.n.KeyIO           Load declarations of de.uka.ilkd.key.nparser.KeyAst$File:  <unknown>:1#1 
469306     INFO  Test worker     d.u.i.k.n.KeyIO           MODE: declarations took 0 ms 
469306     DEBUG Test worker     d.u.i.k.n.KeyIO           MODE: 2nd degree decls took 0 
469306     INFO  Test worker     d.u.i.k.n.KeyIO           Parsing took 0 ms 
469306     DEBUG Test worker     d.u.i.k.n.KeyIO           Load declarations of de.uka.ilkd.key.nparser.KeyAst$File:  <unknown>:1#1 
469306     INFO  Test worker     d.u.i.k.n.KeyIO           MODE: declarations took 0 ms 
469306     DEBUG Test worker     d.u.i.k.n.KeyIO           MODE: 2nd degree decls took 0 
472839     INFO  Test worker     d.u.i.k.n.KeyIO           Parsing took 0 ms 
472839     DEBUG Test worker     d.u.i.k.n.KeyIO           Load declarations of de.uka.ilkd.key.nparser.KeyAst$File:  <unknown>:1#1 
472839     INFO  Test worker     d.u.i.k.n.KeyIO           MODE: declarations took 0 ms 
472839     DEBUG Test worker     d.u.i.k.n.KeyIO           MODE: 2nd degree decls took 0 
472839     INFO  Test worker     d.u.i.k.n.KeyIO           Parsing took 0 ms 
472839     DEBUG Test worker     d.u.i.k.n.KeyIO           Load declarations of de.uka.ilkd.key.nparser.KeyAst$File:  <unknown>:1#1 
472839     INFO  Test worker     d.u.i.k.n.KeyIO           MODE: declarations took 0 ms 
472839     DEBUG Test worker     d.u.i.k.n.KeyIO           MODE: 2nd degree decls took 0 
472839     INFO  Test worker     d.u.i.k.n.KeyIO           Parsing took 0 ms 
472839     DEBUG Test worker     d.u.i.k.n.KeyIO           Load declarations of de.uka.ilkd.key.nparser.KeyAst$File:  <unknown>:1#1 
472839     INFO  Test worker     d.u.i.k.n.KeyIO           MODE: declarations took 0 ms 
472839     DEBUG Test worker     d.u.i.k.n.KeyIO           MODE: 2nd degree decls took 0 
472839     INFO  Test worker     d.u.i.k.n.KeyIO           Parsing took 0 ms 
472839     DEBUG Test worker     d.u.i.k.n.KeyIO           Load declarations of de.uka.ilkd.key.nparser.KeyAst$File:  <unknown>:1#1 
472839     INFO  Test worker     d.u.i.k.n.KeyIO           MODE: declarations took 0 ms 
472839     DEBUG Test worker     d.u.i.k.n.KeyIO           MODE: 2nd degree decls took 0 
472839     INFO  Test worker     d.u.i.k.n.KeyIO           Parsing took 0 ms 
472839     DEBUG Test worker     d.u.i.k.n.KeyIO           Load declarations of de.uka.ilkd.key.nparser.KeyAst$File:  <unknown>:1#1 
472839     INFO  Test worker     d.u.i.k.n.KeyIO           MODE: declarations took 0 ms 
472839     DEBUG Test worker     d.u.i.k.n.KeyIO           MODE: 2nd degree decls took 0 
476341     INFO  Test worker     d.u.i.k.n.KeyIO           Parsing took 0 ms 
476356     DEBUG Test worker     d.u.i.k.n.KeyIO           Load declarations of de.uka.ilkd.key.nparser.KeyAst$File:  <unknown>:1#1 
476356     INFO  Test worker     d.u.i.k.n.KeyIO           MODE: declarations took 0 ms 
476356     DEBUG Test worker     d.u.i.k.n.KeyIO           MODE: 2nd degree decls took 0 
476356     INFO  Test worker     d.u.i.k.n.KeyIO           Parsing took 0 ms 
476356     DEBUG Test worker     d.u.i.k.n.KeyIO           Load declarations of de.uka.ilkd.key.nparser.KeyAst$File:  <unknown>:1#1 
476356     INFO  Test worker     d.u.i.k.n.KeyIO           MODE: declarations took 0 ms 
476356     DEBUG Test worker     d.u.i.k.n.KeyIO           MODE: 2nd degree decls took 0 
476356     INFO  Test worker     d.u.i.k.n.KeyIO           Parsing took 0 ms 
476356     DEBUG Test worker     d.u.i.k.n.KeyIO           Load declarations of de.uka.ilkd.key.nparser.KeyAst$File:  <unknown>:1#1 
476356     INFO  Test worker     d.u.i.k.n.KeyIO           MODE: declarations took 0 ms 
476356     DEBUG Test worker     d.u.i.k.n.KeyIO           MODE: 2nd degree decls took 0 
476356     INFO  Test worker     d.u.i.k.n.KeyIO           Parsing took 0 ms 
476356     DEBUG Test worker     d.u.i.k.n.KeyIO           Load declarations of de.uka.ilkd.key.nparser.KeyAst$File:  <unknown>:1#1 
476356     INFO  Test worker     d.u.i.k.n.KeyIO           MODE: declarations took 0 ms 
476356     DEBUG Test worker     d.u.i.k.n.KeyIO           MODE: 2nd degree decls took 0 
476356     INFO  Test worker     d.u.i.k.n.KeyIO           Parsing took 0 ms 
476356     DEBUG Test worker     d.u.i.k.n.KeyIO           Load declarations of de.uka.ilkd.key.nparser.KeyAst$File:  <unknown>:1#1 
476356     INFO  Test worker     d.u.i.k.n.KeyIO           MODE: declarations took 0 ms 
476356     DEBUG Test worker     d.u.i.k.n.KeyIO           MODE: 2nd degree decls took 0 
479842     INFO  Test worker     d.u.i.k.n.KeyIO           Parsing took 0 ms 
479842     DEBUG Test worker     d.u.i.k.n.KeyIO           Load declarations of de.uka.ilkd.key.nparser.KeyAst$File:  <unknown>:1#1 
479842     INFO  Test worker     d.u.i.k.n.KeyIO           MODE: declarations took 0 ms 
479842     DEBUG Test worker     d.u.i.k.n.KeyIO           MODE: 2nd degree decls took 0 
479842     INFO  Test worker     d.u.i.k.n.KeyIO           Parsing took 0 ms 
479842     DEBUG Test worker     d.u.i.k.n.KeyIO           Load declarations of de.uka.ilkd.key.nparser.KeyAst$File:  <unknown>:1#1 
479842     INFO  Test worker     d.u.i.k.n.KeyIO           MODE: declarations took 0 ms 
479842     DEBUG Test worker     d.u.i.k.n.KeyIO           MODE: 2nd degree decls took 0 
479842     INFO  Test worker     d.u.i.k.n.KeyIO           Parsing took 0 ms 
479842     DEBUG Test worker     d.u.i.k.n.KeyIO           Load declarations of de.uka.ilkd.key.nparser.KeyAst$File:  <unknown>:1#1 
479842     INFO  Test worker     d.u.i.k.n.KeyIO           MODE: declarations took 0 ms 
479842     DEBUG Test worker     d.u.i.k.n.KeyIO           MODE: 2nd degree decls took 0 
479842     INFO  Test worker     d.u.i.k.n.KeyIO           Parsing took 0 ms 
479842     DEBUG Test worker     d.u.i.k.n.KeyIO           Load declarations of de.uka.ilkd.key.nparser.KeyAst$File:  <unknown>:1#1 
479842     INFO  Test worker     d.u.i.k.n.KeyIO           MODE: declarations took 0 ms 
479842     DEBUG Test worker     d.u.i.k.n.KeyIO           MODE: 2nd degree decls took 0 
479842     INFO  Test worker     d.u.i.k.n.KeyIO           Parsing took 0 ms 
479842     DEBUG Test worker     d.u.i.k.n.KeyIO           Load declarations of de.uka.ilkd.key.nparser.KeyAst$File:  <unknown>:1#1 
479842     INFO  Test worker     d.u.i.k.n.KeyIO           MODE: declarations took 0 ms 
479842     DEBUG Test worker     d.u.i.k.n.KeyIO           MODE: 2nd degree decls took 0 
483347     INFO  Test worker     d.u.i.k.n.KeyIO           Parsing took 0 ms 
483347     DEBUG Test worker     d.u.i.k.n.KeyIO           Load declarations of de.uka.ilkd.key.nparser.KeyAst$File:  <unknown>:1#1 
483347     INFO  Test worker     d.u.i.k.n.KeyIO           MODE: declarations took 0 ms 
483347     DEBUG Test worker     d.u.i.k.n.KeyIO           MODE: 2nd degree decls took 0 
483347     INFO  Test worker     d.u.i.k.n.KeyIO           Parsing took 0 ms 
483347     DEBUG Test worker     d.u.i.k.n.KeyIO           Load declarations of de.uka.ilkd.key.nparser.KeyAst$File:  <unknown>:1#1 
483347     INFO  Test worker     d.u.i.k.n.KeyIO           MODE: declarations took 0 ms 
483347     DEBUG Test worker     d.u.i.k.n.KeyIO           MODE: 2nd degree decls took 0 
483347     INFO  Test worker     d.u.i.k.n.KeyIO           Parsing took 0 ms 
483347     DEBUG Test worker     d.u.i.k.n.KeyIO           Load declarations of de.uka.ilkd.key.nparser.KeyAst$File:  <unknown>:1#1 
483347     INFO  Test worker     d.u.i.k.n.KeyIO           MODE: declarations took 0 ms 
483347     DEBUG Test worker     d.u.i.k.n.KeyIO           MODE: 2nd degree decls took 0 
483347     INFO  Test worker     d.u.i.k.n.KeyIO           Parsing took 0 ms 
483347     DEBUG Test worker     d.u.i.k.n.KeyIO           Load declarations of de.uka.ilkd.key.nparser.KeyAst$File:  <unknown>:1#1 
483347     INFO  Test worker     d.u.i.k.n.KeyIO           MODE: declarations took 0 ms 
483347     DEBUG Test worker     d.u.i.k.n.KeyIO           MODE: 2nd degree decls took 0 
483347     INFO  Test worker     d.u.i.k.n.KeyIO           Parsing took 0 ms 
483347     DEBUG Test worker     d.u.i.k.n.KeyIO           Load declarations of de.uka.ilkd.key.nparser.KeyAst$File:  <unknown>:1#1 
483347     INFO  Test worker     d.u.i.k.n.KeyIO           MODE: declarations took 0 ms 
483347     DEBUG Test worker     d.u.i.k.n.KeyIO           MODE: 2nd degree decls took 0 
486912     INFO  Test worker     d.u.i.k.n.KeyIO           Parsing took 0 ms 
486912     DEBUG Test worker     d.u.i.k.n.KeyIO           Load declarations of de.uka.ilkd.key.nparser.KeyAst$File:  <unknown>:1#1 
486912     INFO  Test worker     d.u.i.k.n.KeyIO           MODE: declarations took 0 ms 
486912     DEBUG Test worker     d.u.i.k.n.KeyIO           MODE: 2nd degree decls took 0 
486912     INFO  Test worker     d.u.i.k.n.KeyIO           Parsing took 0 ms 
486912     DEBUG Test worker     d.u.i.k.n.KeyIO           Load declarations of de.uka.ilkd.key.nparser.KeyAst$File:  <unknown>:1#1 
486912     INFO  Test worker     d.u.i.k.n.KeyIO           MODE: declarations took 0 ms 
486912     DEBUG Test worker     d.u.i.k.n.KeyIO           MODE: 2nd degree decls took 0 
486912     INFO  Test worker     d.u.i.k.n.KeyIO           Parsing took 0 ms 
486912     DEBUG Test worker     d.u.i.k.n.KeyIO           Load declarations of de.uka.ilkd.key.nparser.KeyAst$File:  <unknown>:1#1 
486912     INFO  Test worker     d.u.i.k.n.KeyIO           MODE: declarations took 0 ms 
486912     DEBUG Test worker     d.u.i.k.n.KeyIO           MODE: 2nd degree decls took 0 
486912     INFO  Test worker     d.u.i.k.n.KeyIO           Parsing took 0 ms 
486912     DEBUG Test worker     d.u.i.k.n.KeyIO           Load declarations of de.uka.ilkd.key.nparser.KeyAst$File:  <unknown>:1#1 
486912     INFO  Test worker     d.u.i.k.n.KeyIO           MODE: declarations took 0 ms 
486912     DEBUG Test worker     d.u.i.k.n.KeyIO           MODE: 2nd degree decls took 0 
486912     INFO  Test worker     d.u.i.k.n.KeyIO           Parsing took 0 ms 
486912     DEBUG Test worker     d.u.i.k.n.KeyIO           Load declarations of de.uka.ilkd.key.nparser.KeyAst$File:  <unknown>:1#1 
486912     INFO  Test worker     d.u.i.k.n.KeyIO           MODE: declarations took 0 ms 
486912     DEBUG Test worker     d.u.i.k.n.KeyIO           MODE: 2nd degree decls took 0 
490463     INFO  Test worker     d.u.i.k.n.KeyIO           Parsing took 0 ms 
490463     DEBUG Test worker     d.u.i.k.n.KeyIO           Load declarations of de.uka.ilkd.key.nparser.KeyAst$File:  <unknown>:1#1 
490463     INFO  Test worker     d.u.i.k.n.KeyIO           MODE: declarations took 0 ms 
490463     DEBUG Test worker     d.u.i.k.n.KeyIO           MODE: 2nd degree decls took 0 
490463     INFO  Test worker     d.u.i.k.n.KeyIO           Parsing took 0 ms 
490463     DEBUG Test worker     d.u.i.k.n.KeyIO           Load declarations of de.uka.ilkd.key.nparser.KeyAst$File:  <unknown>:1#1 
490463     INFO  Test worker     d.u.i.k.n.KeyIO           MODE: declarations took 0 ms 
490463     DEBUG Test worker     d.u.i.k.n.KeyIO           MODE: 2nd degree decls took 0 
490463     INFO  Test worker     d.u.i.k.n.KeyIO           Parsing took 0 ms 
490463     DEBUG Test worker     d.u.i.k.n.KeyIO           Load declarations of de.uka.ilkd.key.nparser.KeyAst$File:  <unknown>:1#1 
490463     INFO  Test worker     d.u.i.k.n.KeyIO           MODE: declarations took 0 ms 
490463     DEBUG Test worker     d.u.i.k.n.KeyIO           MODE: 2nd degree decls took 0 
490463     INFO  Test worker     d.u.i.k.n.KeyIO           Parsing took 0 ms 
490463     DEBUG Test worker     d.u.i.k.n.KeyIO           Load declarations of de.uka.ilkd.key.nparser.KeyAst$File:  <unknown>:1#1 
490463     INFO  Test worker     d.u.i.k.n.KeyIO           MODE: declarations took 0 ms 
490463     DEBUG Test worker     d.u.i.k.n.KeyIO           MODE: 2nd degree decls took 0 
490463     INFO  Test worker     d.u.i.k.n.KeyIO           Parsing took 0 ms 
490463     DEBUG Test worker     d.u.i.k.n.KeyIO           Load declarations of de.uka.ilkd.key.nparser.KeyAst$File:  <unknown>:1#1 
490463     INFO  Test worker     d.u.i.k.n.KeyIO           MODE: declarations took 0 ms 
490463     DEBUG Test worker     d.u.i.k.n.KeyIO           MODE: 2nd degree decls took 0 
493935     INFO  Test worker     d.u.i.k.n.KeyIO           Parsing took 0 ms 
493935     DEBUG Test worker     d.u.i.k.n.KeyIO           Load declarations of de.uka.ilkd.key.nparser.KeyAst$File:  <unknown>:1#1 
493935     INFO  Test worker     d.u.i.k.n.KeyIO           MODE: declarations took 0 ms 
493935     DEBUG Test worker     d.u.i.k.n.KeyIO           MODE: 2nd degree decls took 0 
493935     INFO  Test worker     d.u.i.k.n.KeyIO           Parsing took 0 ms 
493935     DEBUG Test worker     d.u.i.k.n.KeyIO           Load declarations of de.uka.ilkd.key.nparser.KeyAst$File:  <unknown>:1#1 
493935     INFO  Test worker     d.u.i.k.n.KeyIO           MODE: declarations took 0 ms 
493935     DEBUG Test worker     d.u.i.k.n.KeyIO           MODE: 2nd degree decls took 0 
493935     INFO  Test worker     d.u.i.k.n.KeyIO           Parsing took 0 ms 
493935     DEBUG Test worker     d.u.i.k.n.KeyIO           Load declarations of de.uka.ilkd.key.nparser.KeyAst$File:  <unknown>:1#1 
493935     INFO  Test worker     d.u.i.k.n.KeyIO           MODE: declarations took 0 ms 
493935     DEBUG Test worker     d.u.i.k.n.KeyIO           MODE: 2nd degree decls took 0 
493935     INFO  Test worker     d.u.i.k.n.KeyIO           Parsing took 0 ms 
493935     DEBUG Test worker     d.u.i.k.n.KeyIO           Load declarations of de.uka.ilkd.key.nparser.KeyAst$File:  <unknown>:1#1 
493935     INFO  Test worker     d.u.i.k.n.KeyIO           MODE: declarations took 0 ms 
493935     DEBUG Test worker     d.u.i.k.n.KeyIO           MODE: 2nd degree decls took 0 
493935     INFO  Test worker     d.u.i.k.n.KeyIO           Parsing took 0 ms 
493935     DEBUG Test worker     d.u.i.k.n.KeyIO           Load declarations of de.uka.ilkd.key.nparser.KeyAst$File:  <unknown>:1#1 
493935     INFO  Test worker     d.u.i.k.n.KeyIO           MODE: declarations took 0 ms 
493935     DEBUG Test worker     d.u.i.k.n.KeyIO           MODE: 2nd degree decls took 0 
497407     INFO  Test worker     d.u.i.k.n.KeyIO           Parsing took 0 ms 
497407     DEBUG Test worker     d.u.i.k.n.KeyIO           Load declarations of de.uka.ilkd.key.nparser.KeyAst$File:  <unknown>:1#1 
497407     INFO  Test worker     d.u.i.k.n.KeyIO           MODE: declarations took 0 ms 
497407     DEBUG Test worker     d.u.i.k.n.KeyIO           MODE: 2nd degree decls took 0 
497407     INFO  Test worker     d.u.i.k.n.KeyIO           Parsing took 0 ms 
497407     DEBUG Test worker     d.u.i.k.n.KeyIO           Load declarations of de.uka.ilkd.key.nparser.KeyAst$File:  <unknown>:1#1 
497407     INFO  Test worker     d.u.i.k.n.KeyIO           MODE: declarations took 0 ms 
497407     DEBUG Test worker     d.u.i.k.n.KeyIO           MODE: 2nd degree decls took 0 
497407     INFO  Test worker     d.u.i.k.n.KeyIO           Parsing took 0 ms 
497407     DEBUG Test worker     d.u.i.k.n.KeyIO           Load declarations of de.uka.ilkd.key.nparser.KeyAst$File:  <unknown>:1#1 
497407     INFO  Test worker     d.u.i.k.n.KeyIO           MODE: declarations took 0 ms 
497407     DEBUG Test worker     d.u.i.k.n.KeyIO           MODE: 2nd degree decls took 0 
497407     INFO  Test worker     d.u.i.k.n.KeyIO           Parsing took 0 ms 
497407     DEBUG Test worker     d.u.i.k.n.KeyIO           Load declarations of de.uka.ilkd.key.nparser.KeyAst$File:  <unknown>:1#1 
497407     INFO  Test worker     d.u.i.k.n.KeyIO           MODE: declarations took 0 ms 
497407     DEBUG Test worker     d.u.i.k.n.KeyIO           MODE: 2nd degree decls took 0 
497407     INFO  Test worker     d.u.i.k.n.KeyIO           Parsing took 0 ms 
497407     DEBUG Test worker     d.u.i.k.n.KeyIO           Load declarations of de.uka.ilkd.key.nparser.KeyAst$File:  <unknown>:1#1 
497407     INFO  Test worker     d.u.i.k.n.KeyIO           MODE: declarations took 0 ms 
497407     DEBUG Test worker     d.u.i.k.n.KeyIO           MODE: 2nd degree decls took 0 
]]></system-out>
  <system-err><![CDATA[]]></system-err>
</testsuite>
