<?xml version="1.0" encoding="UTF-8"?>
<testsuite name="de.uka.ilkd.key.util.TestProofStarter" tests="2" skipped="0" failures="0" errors="0" timestamp="2023-05-15T08:54:31" hostname="fv-az319-950" time="67.25">
  <properties/>
  <testcase name="testDirectProofWithOneStepSimplification()" classname="de.uka.ilkd.key.util.TestProofStarter" time="35.494"/>
  <testcase name="testDirectProof()" classname="de.uka.ilkd.key.util.TestProofStarter" time="31.756"/>
  <system-out><![CDATA[969214     INFO  Test worker     d.u.i.k.p.i.AbstractProblemLoader Loading environment from src\test\resources\testcase\proofStarter\CC\project.key 
969214     DEBUG Test worker     d.u.i.k.p.i.AbstractProblemLoader Environment load took 183.4ns 
969214     INFO  Test worker     d.u.i.k.p.i.AbstractProblemLoader Creating init config 
972935     DEBUG Test worker     d.u.i.k.p.i.AbstractProblemLoader Init config took 3.71s 
972997     INFO  Test worker     d.u.i.k.p.i.AbstractProblemLoader Replaying proof CC[CC::calcCoinIndex([I,[I)].JML normal_behavior operation contract.0 
972997     DEBUG Test worker     d.u.i.k.p.i.IntermediateProofReplayer Proof replay took 2.1ns 
1004687    INFO  Test worker     d.u.i.k.p.i.AbstractProblemLoader Loading environment from src\test\resources\testcase\proofStarter\CC\project.key 
1004687    DEBUG Test worker     d.u.i.k.p.i.AbstractProblemLoader Environment load took 213.3ns 
1004687    INFO  Test worker     d.u.i.k.p.i.AbstractProblemLoader Creating init config 
1008282    DEBUG Test worker     d.u.i.k.p.i.AbstractProblemLoader Init config took 3.59s 
1008376    INFO  Test worker     d.u.i.k.p.i.AbstractProblemLoader Replaying proof CC[CC::calcCoinIndex([I,[I)].JML normal_behavior operation contract.0 
1008376    DEBUG Test worker     d.u.i.k.p.i.IntermediateProofReplayer Proof replay took 2.8ns 
]]></system-out>
  <system-err><![CDATA[]]></system-err>
</testsuite>
