<?xml version="1.0" encoding="UTF-8"?>
<testsuite name="de.uka.ilkd.key.parser.TestTermParserSorts" tests="2" skipped="0" failures="0" errors="0" timestamp="2023-05-15T08:46:42" hostname="fv-az319-950" time="3.506">
  <properties/>
  <testcase name="testParseIntegerArgs()" classname="de.uka.ilkd.key.parser.TestTermParserSorts" time="0.02"/>
  <testcase name="testParseSequencePrettySyntax()" classname="de.uka.ilkd.key.parser.TestTermParserSorts" time="0.003"/>
  <system-out><![CDATA[500941     INFO  Test worker     d.u.i.k.n.KeyIO           Parsing took 0 ms 
500941     DEBUG Test worker     d.u.i.k.n.KeyIO           Load declarations of de.uka.ilkd.key.nparser.KeyAst$File:  <unknown>:1#1 
500941     INFO  Test worker     d.u.i.k.n.KeyIO           MODE: declarations took 0 ms 
500941     DEBUG Test worker     d.u.i.k.n.KeyIO           MODE: 2nd degree decls took 0 
500941     INFO  Test worker     d.u.i.k.n.KeyIO           Parsing took 0 ms 
500941     DEBUG Test worker     d.u.i.k.n.KeyIO           Load declarations of de.uka.ilkd.key.nparser.KeyAst$File:  <unknown>:1#1 
500941     INFO  Test worker     d.u.i.k.n.KeyIO           MODE: declarations took 0 ms 
500941     DEBUG Test worker     d.u.i.k.n.KeyIO           MODE: 2nd degree decls took 0 
500941     INFO  Test worker     d.u.i.k.n.KeyIO           Parsing took 0 ms 
500941     DEBUG Test worker     d.u.i.k.n.KeyIO           Load declarations of de.uka.ilkd.key.nparser.KeyAst$File:  <unknown>:1#1 
500941     INFO  Test worker     d.u.i.k.n.KeyIO           MODE: declarations took 0 ms 
500941     DEBUG Test worker     d.u.i.k.n.KeyIO           MODE: 2nd degree decls took 0 
504444     INFO  Test worker     d.u.i.k.n.KeyIO           Parsing took 0 ms 
504444     DEBUG Test worker     d.u.i.k.n.KeyIO           Load declarations of de.uka.ilkd.key.nparser.KeyAst$File:  <unknown>:1#1 
504444     INFO  Test worker     d.u.i.k.n.KeyIO           MODE: declarations took 0 ms 
504444     DEBUG Test worker     d.u.i.k.n.KeyIO           MODE: 2nd degree decls took 0 
504444     INFO  Test worker     d.u.i.k.n.KeyIO           Parsing took 0 ms 
504444     DEBUG Test worker     d.u.i.k.n.KeyIO           Load declarations of de.uka.ilkd.key.nparser.KeyAst$File:  <unknown>:1#1 
504444     INFO  Test worker     d.u.i.k.n.KeyIO           MODE: declarations took 0 ms 
504444     DEBUG Test worker     d.u.i.k.n.KeyIO           MODE: 2nd degree decls took 0 
504444     INFO  Test worker     d.u.i.k.n.KeyIO           Parsing took 0 ms 
504444     DEBUG Test worker     d.u.i.k.n.KeyIO           Load declarations of de.uka.ilkd.key.nparser.KeyAst$File:  <unknown>:1#1 
504444     INFO  Test worker     d.u.i.k.n.KeyIO           MODE: declarations took 0 ms 
504444     DEBUG Test worker     d.u.i.k.n.KeyIO           MODE: 2nd degree decls took 0 
]]></system-out>
  <system-err><![CDATA[]]></system-err>
</testsuite>
