<?xml version="1.0" encoding="UTF-8"?>
<testsuite name="de.uka.ilkd.key.parser.TestDeclParser" tests="14" skipped="2" failures="0" errors="0" timestamp="2023-05-15T08:42:31" hostname="fv-az319-950" time="13.26">
  <properties/>
  <testcase name="testGenericSortDecl1()" classname="de.uka.ilkd.key.parser.TestDeclParser" time="1.233"/>
  <testcase name="testGenericSortDecl2()" classname="de.uka.ilkd.key.parser.TestDeclParser" time="1.142"/>
  <testcase name="testGenericSortDecl3()" classname="de.uka.ilkd.key.parser.TestDeclParser" time="1.102"/>
  <testcase name="testGenericSortDecl4()" classname="de.uka.ilkd.key.parser.TestDeclParser" time="1.038"/>
  <testcase name="testGenericSortDecl5()" classname="de.uka.ilkd.key.parser.TestDeclParser" time="0.0">
    <skipped/>
  </testcase>
  <testcase name="testGenericSortDecl6()" classname="de.uka.ilkd.key.parser.TestDeclParser" time="1.102"/>
  <testcase name="testSortDecl()" classname="de.uka.ilkd.key.parser.TestDeclParser" time="1.111"/>
  <testcase name="testProxySortDecl()" classname="de.uka.ilkd.key.parser.TestDeclParser" time="1.023"/>
  <testcase name="testArrayDecl()" classname="de.uka.ilkd.key.parser.TestDeclParser" time="1.122"/>
  <testcase name="testAmbiguousDecls()" classname="de.uka.ilkd.key.parser.TestDeclParser" time="0.0">
    <skipped/>
  </testcase>
  <testcase name="testHeurDecl()" classname="de.uka.ilkd.key.parser.TestDeclParser" time="1.114"/>
  <testcase name="testFunctionDecl()" classname="de.uka.ilkd.key.parser.TestDeclParser" time="1.124"/>
  <testcase name="testPredicateDecl()" classname="de.uka.ilkd.key.parser.TestDeclParser" time="1.027"/>
  <testcase name="testSVDecl()" classname="de.uka.ilkd.key.parser.TestDeclParser" time="1.118"/>
  <system-out><![CDATA[250737     INFO  Test worker     d.u.i.k.n.KeyIO           Parsing took 0 ms 
250737     DEBUG Test worker     d.u.i.k.n.KeyIO           Load declarations of de.uka.ilkd.key.nparser.KeyAst$File:  <unknown>:1#1 
250737     INFO  Test worker     d.u.i.k.n.KeyIO           MODE: declarations took 0 ms 
250737     DEBUG Test worker     d.u.i.k.n.KeyIO           MODE: 2nd degree decls took 0 
250737     DEBUG Test worker     d.u.i.k.n.KeyIO           MODE: taclets took 0ms 
251879     INFO  Test worker     d.u.i.k.n.KeyIO           Parsing took 0 ms 
251879     DEBUG Test worker     d.u.i.k.n.KeyIO           Load declarations of de.uka.ilkd.key.nparser.KeyAst$File:  <unknown>:1#1 
251879     INFO  Test worker     d.u.i.k.n.KeyIO           MODE: declarations took 0 ms 
251879     DEBUG Test worker     d.u.i.k.n.KeyIO           MODE: 2nd degree decls took 0 
251879     DEBUG Test worker     d.u.i.k.n.KeyIO           MODE: taclets took 0ms 
252989     INFO  Test worker     d.u.i.k.n.KeyIO           Parsing took 0 ms 
252989     DEBUG Test worker     d.u.i.k.n.KeyIO           Load declarations of de.uka.ilkd.key.nparser.KeyAst$File:  <unknown>:1#1 
252989     INFO  Test worker     d.u.i.k.n.KeyIO           MODE: declarations took 0 ms 
252989     DEBUG Test worker     d.u.i.k.n.KeyIO           MODE: 2nd degree decls took 0 
252989     DEBUG Test worker     d.u.i.k.n.KeyIO           MODE: taclets took 0ms 
254020     INFO  Test worker     d.u.i.k.n.KeyIO           Parsing took 0 ms 
254020     DEBUG Test worker     d.u.i.k.n.KeyIO           Load declarations of de.uka.ilkd.key.nparser.KeyAst$File:  <unknown>:1#1 
254020     INFO  Test worker     d.u.i.k.n.KeyIO           MODE: declarations took 0 ms 
254020     DEBUG Test worker     d.u.i.k.n.KeyIO           MODE: 2nd degree decls took 0 
254020     DEBUG Test worker     d.u.i.k.n.KeyIO           MODE: taclets took 0ms 
255130     INFO  Test worker     d.u.i.k.n.KeyIO           Parsing took 0 ms 
255130     DEBUG Test worker     d.u.i.k.n.KeyIO           Load declarations of de.uka.ilkd.key.nparser.KeyAst$File:  <unknown>:1#1 
255130     INFO  Test worker     d.u.i.k.n.KeyIO           MODE: declarations took 0 ms 
255130     DEBUG Test worker     d.u.i.k.n.KeyIO           MODE: 2nd degree decls took 0 
255130     DEBUG Test worker     d.u.i.k.n.KeyIO           MODE: taclets took 0ms 
256241     INFO  Test worker     d.u.i.k.n.KeyIO           Parsing took 0 ms 
256241     DEBUG Test worker     d.u.i.k.n.KeyIO           Load declarations of de.uka.ilkd.key.nparser.KeyAst$File:  <unknown>:1#1 
256241     INFO  Test worker     d.u.i.k.n.KeyIO           MODE: declarations took 0 ms 
256241     DEBUG Test worker     d.u.i.k.n.KeyIO           MODE: 2nd degree decls took 0 
256241     DEBUG Test worker     d.u.i.k.n.KeyIO           MODE: taclets took 0ms 
257257     INFO  Test worker     d.u.i.k.n.KeyIO           Parsing took 0 ms 
257257     DEBUG Test worker     d.u.i.k.n.KeyIO           Load declarations of de.uka.ilkd.key.nparser.KeyAst$File:  <unknown>:1#1 
257257     INFO  Test worker     d.u.i.k.n.KeyIO           MODE: declarations took 0 ms 
257257     DEBUG Test worker     d.u.i.k.n.KeyIO           MODE: 2nd degree decls took 0 
257257     DEBUG Test worker     d.u.i.k.n.KeyIO           MODE: taclets took 0ms 
258382     INFO  Test worker     d.u.i.k.n.KeyIO           Parsing took 0 ms 
258382     DEBUG Test worker     d.u.i.k.n.KeyIO           Load declarations of de.uka.ilkd.key.nparser.KeyAst$File:  <unknown>:1#1 
258382     INFO  Test worker     d.u.i.k.n.KeyIO           MODE: declarations took 0 ms 
258382     DEBUG Test worker     d.u.i.k.n.KeyIO           MODE: 2nd degree decls took 0 
258382     DEBUG Test worker     d.u.i.k.n.KeyIO           MODE: taclets took 0ms 
259508     INFO  Test worker     d.u.i.k.n.KeyIO           Parsing took 0 ms 
259508     DEBUG Test worker     d.u.i.k.n.KeyIO           Load declarations of de.uka.ilkd.key.nparser.KeyAst$File:  <unknown>:1#1 
259508     INFO  Test worker     d.u.i.k.n.KeyIO           MODE: declarations took 0 ms 
259509     DEBUG Test worker     d.u.i.k.n.KeyIO           MODE: 2nd degree decls took 0 
259509     DEBUG Test worker     d.u.i.k.n.KeyIO           MODE: taclets took 0ms 
260602     INFO  Test worker     d.u.i.k.n.KeyIO           Parsing took 0 ms 
260602     DEBUG Test worker     d.u.i.k.n.KeyIO           Load declarations of de.uka.ilkd.key.nparser.KeyAst$File:  <unknown>:1#1 
260602     INFO  Test worker     d.u.i.k.n.KeyIO           MODE: declarations took 0 ms 
260618     DEBUG Test worker     d.u.i.k.n.KeyIO           MODE: 2nd degree decls took 16 
260618     DEBUG Test worker     d.u.i.k.n.KeyIO           MODE: taclets took 0ms 
261634     INFO  Test worker     d.u.i.k.n.KeyIO           Parsing took 0 ms 
261634     DEBUG Test worker     d.u.i.k.n.KeyIO           Load declarations of de.uka.ilkd.key.nparser.KeyAst$File:  <unknown>:1#1 
261634     INFO  Test worker     d.u.i.k.n.KeyIO           MODE: declarations took 0 ms 
261634     DEBUG Test worker     d.u.i.k.n.KeyIO           MODE: 2nd degree decls took 0 
261634     DEBUG Test worker     d.u.i.k.n.KeyIO           MODE: taclets took 0ms 
262760     INFO  Test worker     d.u.i.k.n.KeyIO           Parsing took 0 ms 
262760     DEBUG Test worker     d.u.i.k.n.KeyIO           Load declarations of de.uka.ilkd.key.nparser.KeyAst$File:  <unknown>:1#1 
262760     INFO  Test worker     d.u.i.k.n.KeyIO           MODE: declarations took 0 ms 
262760     DEBUG Test worker     d.u.i.k.n.KeyIO           MODE: 2nd degree decls took 0 
262760     DEBUG Test worker     d.u.i.k.n.KeyIO           MODE: taclets took 0ms 
]]></system-out>
  <system-err><![CDATA[]]></system-err>
</testsuite>
