<?xml version="1.0" encoding="UTF-8"?>
<testsuite name="org.key_project.slicing.EndToEndTests" tests="11" skipped="0" failures="0" errors="0" timestamp="2023-05-29T21:19:58" hostname="fv-az449-897" time="231.945">
  <properties/>
  <testcase name="sliceIfThenElseSplit()" classname="org.key_project.slicing.EndToEndTests" time="56.306"/>
  <testcase name="deduplicateChecksMergabilityCorrectly()" classname="org.key_project.slicing.EndToEndTests" time="7.949"/>
  <testcase name="sliceDuplicatesAway()" classname="org.key_project.slicing.EndToEndTests" time="31.208"/>
  <testcase name="sliceMultipleIterations()" classname="org.key_project.slicing.EndToEndTests" time="57.175"/>
  <testcase name="sliceDuplicatesAwayOpenGoals()" classname="org.key_project.slicing.EndToEndTests" time="30.852"/>
  <testcase name="sliceCutExample()" classname="org.key_project.slicing.EndToEndTests" time="7.622"/>
  <testcase name="sliceAgathaWithOpenGoal()" classname="org.key_project.slicing.EndToEndTests" time="7.701"/>
  <testcase name="sliceSimpleSMT()" classname="org.key_project.slicing.EndToEndTests" time="0.052"/>
  <testcase name="sliceWithOpenGoal()" classname="org.key_project.slicing.EndToEndTests" time="15.284"/>
  <testcase name="sliceAgatha()" classname="org.key_project.slicing.EndToEndTests" time="7.654"/>
  <testcase name="sliceJavaProof()" classname="org.key_project.slicing.EndToEndTests" time="10.134"/>
  <system-out><![CDATA[[21:19:58.230] ?[34mINFO ?[0;39m ?[36mEndToEndTests?[0;39m - Loading D:\a\key\key\keyext.slicing\src\test\resources\testcase\ifThenElseSplit.proof
[21:19:58.386] ?[31mWARN ?[0;39m ?[36mProofIndependentSettings?[0;39m - The settings in C:\Users\runneradmin\.key\proofIndependentSettings.props are *not* read due to flag 'key.disregardSettings'
[21:19:58.407] ?[34mINFO ?[0;39m ?[36mAbstractProblemLoader?[0;39m - Loading environment from src\test\resources\testcase\ifThenElseSplit.proof
[21:19:58.568] ?[34mINFO ?[0;39m ?[36mAbstractProblemLoader?[0;39m - Creating init config
[21:19:58.584] ?[31mWARN ?[0;39m ?[36mProofSettings?[0;39m - The settings in C:\Users\runneradmin\.key\proof-settings.props are *not* read.
[21:20:08.893] ?[34mINFO ?[0;39m ?[36mAbstractProblemLoader?[0;39m - Replaying proof ifThenElseSplit.proof
[21:20:15.164] ?[34mINFO ?[0;39m ?[36mKeyStrokeSettings?[0;39m - Save keyboard shortcuts to: C:\Users\runneradmin\.key\keystrokes.properties
[21:20:15.336] ?[34mINFO ?[0;39m ?[36mAbstractProblemLoader?[0;39m - Loading environment from C:\Users\RUNNER~1\AppData\Local\Temp\proof6039901305426281101.proof
[21:20:15.352] ?[34mINFO ?[0;39m ?[36mAbstractProblemLoader?[0;39m - Creating init config
[21:20:18.937] ?[34mINFO ?[0;39m ?[36mAbstractProblemLoader?[0;39m - Replaying proof proof6039901305426281101.proof
[21:20:18.968] ?[34mINFO ?[0;39m ?[36mAbstractProblemLoader?[0;39m - Loading environment from C:\Users\RUNNER~1\AppData\Local\Temp\KeYslice17544770433342778673\ifThenElseSplit_slice1.proof
[21:20:18.968] ?[34mINFO ?[0;39m ?[36mAbstractProblemLoader?[0;39m - Creating init config
[21:20:21.969] ?[34mINFO ?[0;39m ?[36mAbstractProblemLoader?[0;39m - Replaying proof ifThenElseSplit_slice1.proof
[21:20:21.969] ?[34mINFO ?[0;39m ?[36mEndToEndTests?[0;39m - Loading D:\a\key\key\keyext.slicing\src\test\resources\testcase\ifThenElseSplit.proof
[21:20:21.984] ?[34mINFO ?[0;39m ?[36mAbstractProblemLoader?[0;39m - Loading environment from src\test\resources\testcase\ifThenElseSplit.proof
[21:20:21.984] ?[34mINFO ?[0;39m ?[36mAbstractProblemLoader?[0;39m - Creating init config
[21:20:24.854] ?[34mINFO ?[0;39m ?[36mAbstractProblemLoader?[0;39m - Replaying proof ifThenElseSplit.proof
[21:20:24.885] ?[34mINFO ?[0;39m ?[36mDependencyAnalyzer?[0;39m - merging 2 and 3
[21:20:24.885] ?[34mINFO ?[0;39m ?[36mAbstractProblemLoader?[0;39m - Loading environment from C:\Users\RUNNER~1\AppData\Local\Temp\proof13102022865145757204.proof
[21:20:24.901] ?[34mINFO ?[0;39m ?[36mAbstractProblemLoader?[0;39m - Creating init config
[21:20:27.642] ?[34mINFO ?[0;39m ?[36mAbstractProblemLoader?[0;39m - Replaying proof proof13102022865145757204.proof
[21:20:27.657] ?[34mINFO ?[0;39m ?[36mAbstractProblemLoader?[0;39m - Loading environment from C:\Users\RUNNER~1\AppData\Local\Temp\KeYslice11862772222853638674\ifThenElseSplit_slice1.proof
[21:20:27.657] ?[34mINFO ?[0;39m ?[36mAbstractProblemLoader?[0;39m - Creating init config
[21:20:30.445] ?[34mINFO ?[0;39m ?[36mAbstractProblemLoader?[0;39m - Replaying proof ifThenElseSplit_slice1.proof
[21:20:30.461] ?[34mINFO ?[0;39m ?[36mEndToEndTests?[0;39m - Loading C:\Users\RUNNER~1\AppData\Local\Temp\KeYslice11862772222853638674\ifThenElseSplit_slice1.proof
[21:20:30.461] ?[34mINFO ?[0;39m ?[36mAbstractProblemLoader?[0;39m - Loading environment from C:\Users\RUNNER~1\AppData\Local\Temp\KeYslice11862772222853638674\ifThenElseSplit_slice1.proof
[21:20:30.461] ?[34mINFO ?[0;39m ?[36mAbstractProblemLoader?[0;39m - Creating init config
[21:20:33.190] ?[34mINFO ?[0;39m ?[36mAbstractProblemLoader?[0;39m - Replaying proof ifThenElseSplit_slice1.proof
[21:20:33.205] ?[34mINFO ?[0;39m ?[36mDependencyAnalyzer?[0;39m - merging 3 and 4
[21:20:33.205] ?[34mINFO ?[0;39m ?[36mAbstractProblemLoader?[0;39m - Loading environment from C:\Users\RUNNER~1\AppData\Local\Temp\proof14704332789433957961.proof
[21:20:33.221] ?[34mINFO ?[0;39m ?[36mAbstractProblemLoader?[0;39m - Creating init config
[21:20:35.925] ?[34mINFO ?[0;39m ?[36mAbstractProblemLoader?[0;39m - Replaying proof proof14704332789433957961.proof
[21:20:35.956] ?[34mINFO ?[0;39m ?[36mAbstractProblemLoader?[0;39m - Loading environment from C:\Users\RUNNER~1\AppData\Local\Temp\KeYslice10975877794892647152\ifThenElseSplit_slice2.proof
[21:20:35.956] ?[34mINFO ?[0;39m ?[36mAbstractProblemLoader?[0;39m - Creating init config
[21:20:38.629] ?[34mINFO ?[0;39m ?[36mAbstractProblemLoader?[0;39m - Replaying proof ifThenElseSplit_slice2.proof
[21:20:38.629] ?[34mINFO ?[0;39m ?[36mEndToEndTests?[0;39m - Loading C:\Users\RUNNER~1\AppData\Local\Temp\KeYslice10975877794892647152\ifThenElseSplit_slice2.proof
[21:20:38.629] ?[34mINFO ?[0;39m ?[36mAbstractProblemLoader?[0;39m - Loading environment from C:\Users\RUNNER~1\AppData\Local\Temp\KeYslice10975877794892647152\ifThenElseSplit_slice2.proof
[21:20:38.644] ?[34mINFO ?[0;39m ?[36mAbstractProblemLoader?[0;39m - Creating init config
[21:20:41.308] ?[34mINFO ?[0;39m ?[36mAbstractProblemLoader?[0;39m - Replaying proof ifThenElseSplit_slice2.proof
[21:20:41.327] ?[34mINFO ?[0;39m ?[36mDependencyAnalyzer?[0;39m - merging 4 and 5
[21:20:41.331] ?[34mINFO ?[0;39m ?[36mAbstractProblemLoader?[0;39m - Loading environment from C:\Users\RUNNER~1\AppData\Local\Temp\proof7376391278296866166.proof
[21:20:41.331] ?[34mINFO ?[0;39m ?[36mAbstractProblemLoader?[0;39m - Creating init config
[21:20:43.973] ?[34mINFO ?[0;39m ?[36mAbstractProblemLoader?[0;39m - Replaying proof proof7376391278296866166.proof
[21:20:43.989] ?[34mINFO ?[0;39m ?[36mAbstractProblemLoader?[0;39m - Loading environment from C:\Users\RUNNER~1\AppData\Local\Temp\KeYslice10975083579852580811\ifThenElseSplit_slice3.proof
[21:20:43.989] ?[34mINFO ?[0;39m ?[36mAbstractProblemLoader?[0;39m - Creating init config
[21:20:46.614] ?[34mINFO ?[0;39m ?[36mAbstractProblemLoader?[0;39m - Replaying proof ifThenElseSplit_slice3.proof
[21:20:46.629] ?[34mINFO ?[0;39m ?[36mEndToEndTests?[0;39m - Loading C:\Users\RUNNER~1\AppData\Local\Temp\KeYslice10975083579852580811\ifThenElseSplit_slice3.proof
[21:20:46.629] ?[34mINFO ?[0;39m ?[36mAbstractProblemLoader?[0;39m - Loading environment from C:\Users\RUNNER~1\AppData\Local\Temp\KeYslice10975083579852580811\ifThenElseSplit_slice3.proof
[21:20:46.629] ?[34mINFO ?[0;39m ?[36mAbstractProblemLoader?[0;39m - Creating init config
[21:20:49.260] ?[34mINFO ?[0;39m ?[36mAbstractProblemLoader?[0;39m - Replaying proof ifThenElseSplit_slice3.proof
[21:20:49.276] ?[34mINFO ?[0;39m ?[36mDependencyAnalyzer?[0;39m - merging 5 and 6
[21:20:49.276] ?[34mINFO ?[0;39m ?[36mAbstractProblemLoader?[0;39m - Loading environment from C:\Users\RUNNER~1\AppData\Local\Temp\proof8602579159538748818.proof
[21:20:49.276] ?[34mINFO ?[0;39m ?[36mAbstractProblemLoader?[0;39m - Creating init config
[21:20:51.907] ?[34mINFO ?[0;39m ?[36mAbstractProblemLoader?[0;39m - Replaying proof proof8602579159538748818.proof
[21:20:51.923] ?[34mINFO ?[0;39m ?[36mAbstractProblemLoader?[0;39m - Loading environment from C:\Users\RUNNER~1\AppData\Local\Temp\KeYslice9038381849224467362\ifThenElseSplit_slice4.proof
[21:20:51.923] ?[34mINFO ?[0;39m ?[36mAbstractProblemLoader?[0;39m - Creating init config
[21:20:54.520] ?[34mINFO ?[0;39m ?[36mAbstractProblemLoader?[0;39m - Replaying proof ifThenElseSplit_slice4.proof
[21:20:54.536] ?[34mINFO ?[0;39m ?[36mEndToEndTests?[0;39m - Loading D:\a\key\key\keyext.slicing\src\test\resources\testcase\deduplicateCheck4.proof
[21:20:54.536] ?[34mINFO ?[0;39m ?[36mAbstractProblemLoader?[0;39m - Loading environment from src\test\resources\testcase\deduplicateCheck4.proof
[21:20:54.536] ?[34mINFO ?[0;39m ?[36mAbstractProblemLoader?[0;39m - Creating init config
[21:20:57.154] ?[34mINFO ?[0;39m ?[36mAbstractProblemLoader?[0;39m - Replaying proof deduplicateCheck4.proof
[21:20:57.170] ?[34mINFO ?[0;39m ?[36mAbstractProblemLoader?[0;39m - Loading environment from C:\Users\RUNNER~1\AppData\Local\Temp\proof12836270519524938086.proof
[21:20:57.185] ?[34mINFO ?[0;39m ?[36mAbstractProblemLoader?[0;39m - Creating init config
[21:20:59.788] ?[34mINFO ?[0;39m ?[36mAbstractProblemLoader?[0;39m - Replaying proof proof12836270519524938086.proof
[21:20:59.819] ?[34mINFO ?[0;39m ?[36mAbstractProblemLoader?[0;39m - Loading environment from C:\Users\RUNNER~1\AppData\Local\Temp\KeYslice18170793950667692032\deduplicateCheck4_slice1.proof
[21:20:59.819] ?[34mINFO ?[0;39m ?[36mAbstractProblemLoader?[0;39m - Creating init config
[21:21:02.463] ?[34mINFO ?[0;39m ?[36mAbstractProblemLoader?[0;39m - Replaying proof deduplicateCheck4_slice1.proof
[21:21:02.488] ?[34mINFO ?[0;39m ?[36mEndToEndTests?[0;39m - Loading D:\a\key\key\keyext.slicing\src\test\resources\testcase\exampleDuplicate.proof
[21:21:02.489] ?[34mINFO ?[0;39m ?[36mAbstractProblemLoader?[0;39m - Loading environment from src\test\resources\testcase\exampleDuplicate.proof
[21:21:02.490] ?[34mINFO ?[0;39m ?[36mAbstractProblemLoader?[0;39m - Creating init config
[21:21:05.030] ?[34mINFO ?[0;39m ?[36mAbstractProblemLoader?[0;39m - Replaying proof exampleDuplicate.proof
[21:21:05.046] ?[34mINFO ?[0;39m ?[36mDependencyAnalyzer?[0;39m - merging 2 and 3
[21:21:05.062] ?[34mINFO ?[0;39m ?[36mAbstractProblemLoader?[0;39m - Loading environment from C:\Users\RUNNER~1\AppData\Local\Temp\proof251236398227478197.proof
[21:21:05.066] ?[34mINFO ?[0;39m ?[36mAbstractProblemLoader?[0;39m - Creating init config
[21:21:07.632] ?[34mINFO ?[0;39m ?[36mAbstractProblemLoader?[0;39m - Replaying proof proof251236398227478197.proof
[21:21:07.648] ?[34mINFO ?[0;39m ?[36mAbstractProblemLoader?[0;39m - Loading environment from C:\Users\RUNNER~1\AppData\Local\Temp\KeYslice14662947287587132768\exampleDuplicate_slice1.proof
[21:21:07.648] ?[34mINFO ?[0;39m ?[36mAbstractProblemLoader?[0;39m - Creating init config
[21:21:10.241] ?[34mINFO ?[0;39m ?[36mAbstractProblemLoader?[0;39m - Replaying proof exampleDuplicate_slice1.proof
[21:21:10.256] ?[34mINFO ?[0;39m ?[36mEndToEndTests?[0;39m - Loading C:\Users\RUNNER~1\AppData\Local\Temp\KeYslice14662947287587132768\exampleDuplicate_slice1.proof
[21:21:10.256] ?[34mINFO ?[0;39m ?[36mAbstractProblemLoader?[0;39m - Loading environment from C:\Users\RUNNER~1\AppData\Local\Temp\KeYslice14662947287587132768\exampleDuplicate_slice1.proof
[21:21:10.273] ?[34mINFO ?[0;39m ?[36mAbstractProblemLoader?[0;39m - Creating init config
[21:21:12.841] ?[34mINFO ?[0;39m ?[36mAbstractProblemLoader?[0;39m - Replaying proof exampleDuplicate_slice1.proof
[21:21:12.856] ?[34mINFO ?[0;39m ?[36mDependencyAnalyzer?[0;39m - merging 3 and 4
[21:21:12.856] ?[34mINFO ?[0;39m ?[36mAbstractProblemLoader?[0;39m - Loading environment from C:\Users\RUNNER~1\AppData\Local\Temp\proof13942670946381661909.proof
[21:21:12.872] ?[34mINFO ?[0;39m ?[36mAbstractProblemLoader?[0;39m - Creating init config
[21:21:15.407] ?[34mINFO ?[0;39m ?[36mAbstractProblemLoader?[0;39m - Replaying proof proof13942670946381661909.proof
[21:21:15.423] ?[34mINFO ?[0;39m ?[36mAbstractProblemLoader?[0;39m - Loading environment from C:\Users\RUNNER~1\AppData\Local\Temp\KeYslice12465782119160044893\exampleDuplicate_slice2.proof
[21:21:15.423] ?[34mINFO ?[0;39m ?[36mAbstractProblemLoader?[0;39m - Creating init config
[21:21:18.041] ?[34mINFO ?[0;39m ?[36mAbstractProblemLoader?[0;39m - Replaying proof exampleDuplicate_slice2.proof
[21:21:18.056] ?[34mINFO ?[0;39m ?[36mEndToEndTests?[0;39m - Loading C:\Users\RUNNER~1\AppData\Local\Temp\KeYslice12465782119160044893\exampleDuplicate_slice2.proof
[21:21:18.056] ?[34mINFO ?[0;39m ?[36mAbstractProblemLoader?[0;39m - Loading environment from C:\Users\RUNNER~1\AppData\Local\Temp\KeYslice12465782119160044893\exampleDuplicate_slice2.proof
[21:21:18.072] ?[34mINFO ?[0;39m ?[36mAbstractProblemLoader?[0;39m - Creating init config
[21:21:20.648] ?[34mINFO ?[0;39m ?[36mAbstractProblemLoader?[0;39m - Replaying proof exampleDuplicate_slice2.proof
[21:21:20.664] ?[34mINFO ?[0;39m ?[36mDependencyAnalyzer?[0;39m - merging 4 and 5
[21:21:20.680] ?[34mINFO ?[0;39m ?[36mAbstractProblemLoader?[0;39m - Loading environment from C:\Users\RUNNER~1\AppData\Local\Temp\proof18173008919561921993.proof
[21:21:20.683] ?[34mINFO ?[0;39m ?[36mAbstractProblemLoader?[0;39m - Creating init config
[21:21:23.296] ?[34mINFO ?[0;39m ?[36mAbstractProblemLoader?[0;39m - Replaying proof proof18173008919561921993.proof
[21:21:23.312] ?[34mINFO ?[0;39m ?[36mAbstractProblemLoader?[0;39m - Loading environment from C:\Users\RUNNER~1\AppData\Local\Temp\KeYslice7768088517932063010\exampleDuplicate_slice3.proof
[21:21:23.312] ?[34mINFO ?[0;39m ?[36mAbstractProblemLoader?[0;39m - Creating init config
[21:21:25.911] ?[34mINFO ?[0;39m ?[36mAbstractProblemLoader?[0;39m - Replaying proof exampleDuplicate_slice3.proof
[21:21:25.927] ?[34mINFO ?[0;39m ?[36mEndToEndTests?[0;39m - Loading C:\Users\RUNNER~1\AppData\Local\Temp\KeYslice7768088517932063010\exampleDuplicate_slice3.proof
[21:21:25.927] ?[34mINFO ?[0;39m ?[36mAbstractProblemLoader?[0;39m - Loading environment from C:\Users\RUNNER~1\AppData\Local\Temp\KeYslice7768088517932063010\exampleDuplicate_slice3.proof
[21:21:25.927] ?[34mINFO ?[0;39m ?[36mAbstractProblemLoader?[0;39m - Creating init config
[21:21:28.453] ?[34mINFO ?[0;39m ?[36mAbstractProblemLoader?[0;39m - Replaying proof exampleDuplicate_slice3.proof
[21:21:28.469] ?[34mINFO ?[0;39m ?[36mAbstractProblemLoader?[0;39m - Loading environment from C:\Users\RUNNER~1\AppData\Local\Temp\proof11712452563188726381.proof
[21:21:28.485] ?[34mINFO ?[0;39m ?[36mAbstractProblemLoader?[0;39m - Creating init config
[21:21:31.052] ?[34mINFO ?[0;39m ?[36mAbstractProblemLoader?[0;39m - Replaying proof proof11712452563188726381.proof
[21:21:31.067] ?[34mINFO ?[0;39m ?[36mAbstractProblemLoader?[0;39m - Loading environment from C:\Users\RUNNER~1\AppData\Local\Temp\KeYslice17353707894982367048\exampleDuplicate_slice4.proof
[21:21:31.083] ?[34mINFO ?[0;39m ?[36mAbstractProblemLoader?[0;39m - Creating init config
[21:21:33.680] ?[34mINFO ?[0;39m ?[36mAbstractProblemLoader?[0;39m - Replaying proof exampleDuplicate_slice4.proof
[21:21:33.695] ?[34mINFO ?[0;39m ?[36mEndToEndTests?[0;39m - Loading D:\a\key\key\keyext.slicing\src\test\resources\testcase\..\..\..\..\..\key.ui\examples\firstTouch\05-ReverseArray\reverseArray.proof
[21:21:33.695] ?[34mINFO ?[0;39m ?[36mAbstractProblemLoader?[0;39m - Loading environment from src\test\resources\testcase\..\..\..\..\..\key.ui\examples\firstTouch\05-ReverseArray\reverseArray.proof
[21:21:33.695] ?[34mINFO ?[0;39m ?[36mAbstractProblemLoader?[0;39m - Creating init config
[21:21:36.606] ?[34mINFO ?[0;39m ?[36mAbstractProblemLoader?[0;39m - Replaying proof ReverseArray[ReverseArray::reverse()].JML normal_behavior operation contract.0
[21:21:39.169] ?[34mINFO ?[0;39m ?[36mDependencyAnalyzer?[0;39m - merging 1354 and 4678
[21:21:39.185] ?[34mINFO ?[0;39m ?[36mDependencyAnalyzer?[0;39m - merging 1010 and 4663
[21:21:39.201] ?[34mINFO ?[0;39m ?[36mDependencyAnalyzer?[0;39m - merging 3958 and 4306
[21:21:39.201] ?[34mINFO ?[0;39m ?[36mDependencyAnalyzer?[0;39m - merging 2591 and 3795
[21:21:39.232] ?[34mINFO ?[0;39m ?[36mAbstractProblemLoader?[0;39m - Loading environment from C:\Users\RUNNER~1\AppData\Local\Temp\proof7953856842656624207.proof
[21:21:39.232] ?[34mINFO ?[0;39m ?[36mAbstractProblemLoader?[0;39m - Creating init config
[21:21:42.131] ?[34mINFO ?[0;39m ?[36mAbstractProblemLoader?[0;39m - Replaying proof ReverseArray[ReverseArray::reverse()].JML normal_behavior operation contract.0
[21:21:43.053] ?[34mINFO ?[0;39m ?[36mAbstractProblemLoader?[0;39m - Loading environment from C:\Users\RUNNER~1\AppData\Local\Temp\KeYslice5065949135795271394\reverseArray_slice1.proof
[21:21:43.053] ?[34mINFO ?[0;39m ?[36mAbstractProblemLoader?[0;39m - Creating init config
[21:21:45.976] ?[34mINFO ?[0;39m ?[36mAbstractProblemLoader?[0;39m - Replaying proof ReverseArray[ReverseArray::reverse()].JML normal_behavior operation contract.0
[21:21:47.073] ?[34mINFO ?[0;39m ?[36mEndToEndTests?[0;39m - Loading C:\Users\RUNNER~1\AppData\Local\Temp\KeYslice5065949135795271394\reverseArray_slice1.proof
[21:21:47.073] ?[34mINFO ?[0;39m ?[36mAbstractProblemLoader?[0;39m - Loading environment from C:\Users\RUNNER~1\AppData\Local\Temp\KeYslice5065949135795271394\reverseArray_slice1.proof
[21:21:47.073] ?[34mINFO ?[0;39m ?[36mAbstractProblemLoader?[0;39m - Creating init config
[21:21:49.954] ?[34mINFO ?[0;39m ?[36mAbstractProblemLoader?[0;39m - Replaying proof ReverseArray[ReverseArray::reverse()].JML normal_behavior operation contract.0
[21:21:51.047] ?[34mINFO ?[0;39m ?[36mDependencyAnalyzer?[0;39m - merging 2219 and 2914
[21:21:51.063] ?[34mINFO ?[0;39m ?[36mDependencyAnalyzer?[0;39m - merging 947 and 3782
[21:21:51.079] ?[34mINFO ?[0;39m ?[36mDependencyAnalyzer?[0;39m - merging 879 and 3479
[21:21:51.079] ?[34mINFO ?[0;39m ?[36mDependencyAnalyzer?[0;39m - merging 1281 and 3384
[21:21:51.079] ?[34mINFO ?[0;39m ?[36mDependencyAnalyzer?[0;39m - merging 2973 and 3148
[21:21:51.094] ?[34mINFO ?[0;39m ?[36mDependencyAnalyzer?[0;39m - merging 880 and 3473
[21:21:51.094] ?[34mINFO ?[0;39m ?[36mDependencyAnalyzer?[0;39m - merging 943 and 3370
[21:21:51.110] ?[34mINFO ?[0;39m ?[36mAbstractProblemLoader?[0;39m - Loading environment from C:\Users\RUNNER~1\AppData\Local\Temp\proof9197825493136343660.proof
[21:21:51.110] ?[34mINFO ?[0;39m ?[36mAbstractProblemLoader?[0;39m - Creating init config
[21:21:53.930] ?[34mINFO ?[0;39m ?[36mAbstractProblemLoader?[0;39m - Replaying proof ReverseArray[ReverseArray::reverse()].JML normal_behavior operation contract.0
[21:21:54.649] ?[34mINFO ?[0;39m ?[36mAbstractProblemLoader?[0;39m - Loading environment from C:\Users\RUNNER~1\AppData\Local\Temp\KeYslice6336504286530687206\reverseArray_slice2.proof
[21:21:54.649] ?[34mINFO ?[0;39m ?[36mAbstractProblemLoader?[0;39m - Creating init config
[21:21:57.523] ?[34mINFO ?[0;39m ?[36mAbstractProblemLoader?[0;39m - Replaying proof ReverseArray[ReverseArray::reverse()].JML normal_behavior operation contract.0
[21:21:58.452] ?[34mINFO ?[0;39m ?[36mEndToEndTests?[0;39m - Loading C:\Users\RUNNER~1\AppData\Local\Temp\KeYslice6336504286530687206\reverseArray_slice2.proof
[21:21:58.453] ?[34mINFO ?[0;39m ?[36mAbstractProblemLoader?[0;39m - Loading environment from C:\Users\RUNNER~1\AppData\Local\Temp\KeYslice6336504286530687206\reverseArray_slice2.proof
[21:21:58.456] ?[34mINFO ?[0;39m ?[36mAbstractProblemLoader?[0;39m - Creating init config
[21:22:01.339] ?[34mINFO ?[0;39m ?[36mAbstractProblemLoader?[0;39m - Replaying proof ReverseArray[ReverseArray::reverse()].JML normal_behavior operation contract.0
[21:22:02.234] ?[34mINFO ?[0;39m ?[36mDependencyAnalyzer?[0;39m - merging 2220 and 2914
[21:22:02.234] ?[34mINFO ?[0;39m ?[36mDependencyAnalyzer?[0;39m - merging 782 and 3554
[21:22:02.234] ?[34mINFO ?[0;39m ?[36mDependencyAnalyzer?[0;39m - merging 883 and 3469
[21:22:02.234] ?[34mINFO ?[0;39m ?[36mDependencyAnalyzer?[0;39m - merging 781 and 3569
[21:22:02.250] ?[34mINFO ?[0;39m ?[36mDependencyAnalyzer?[0;39m - merging 949 and 3776
[21:22:02.250] ?[34mINFO ?[0;39m ?[36mDependencyAnalyzer?[0;39m - merging 882 and 3474
[21:22:02.250] ?[34mINFO ?[0;39m ?[36mDependencyAnalyzer?[0;39m - merging 2973 and 3147
[21:22:02.250] ?[34mINFO ?[0;39m ?[36mDependencyAnalyzer?[0;39m - merging 946 and 3368
[21:22:02.266] ?[34mINFO ?[0;39m ?[36mDependencyAnalyzer?[0;39m - merging 1301 and 3381
[21:22:02.266] ?[34mINFO ?[0;39m ?[36mAbstractProblemLoader?[0;39m - Loading environment from C:\Users\RUNNER~1\AppData\Local\Temp\proof6066279608822857482.proof
[21:22:02.281] ?[34mINFO ?[0;39m ?[36mAbstractProblemLoader?[0;39m - Creating init config
[21:22:05.190] ?[34mINFO ?[0;39m ?[36mAbstractProblemLoader?[0;39m - Replaying proof ReverseArray[ReverseArray::reverse()].JML normal_behavior operation contract.0
[21:22:05.800] ?[34mINFO ?[0;39m ?[36mAbstractProblemLoader?[0;39m - Loading environment from C:\Users\RUNNER~1\AppData\Local\Temp\KeYslice629519249222875792\reverseArray_slice3.proof
[21:22:05.800] ?[34mINFO ?[0;39m ?[36mAbstractProblemLoader?[0;39m - Creating init config
[21:22:08.677] ?[34mINFO ?[0;39m ?[36mAbstractProblemLoader?[0;39m - Replaying proof ReverseArray[ReverseArray::reverse()].JML normal_behavior operation contract.0
[21:22:09.574] ?[34mINFO ?[0;39m ?[36mEndToEndTests?[0;39m - Loading C:\Users\RUNNER~1\AppData\Local\Temp\KeYslice629519249222875792\reverseArray_slice3.proof
[21:22:09.574] ?[34mINFO ?[0;39m ?[36mAbstractProblemLoader?[0;39m - Loading environment from C:\Users\RUNNER~1\AppData\Local\Temp\KeYslice629519249222875792\reverseArray_slice3.proof
[21:22:09.590] ?[34mINFO ?[0;39m ?[36mAbstractProblemLoader?[0;39m - Creating init config
[21:22:12.356] ?[34mINFO ?[0;39m ?[36mAbstractProblemLoader?[0;39m - Replaying proof ReverseArray[ReverseArray::reverse()].JML normal_behavior operation contract.0
[21:22:13.169] ?[34mINFO ?[0;39m ?[36mDependencyAnalyzer?[0;39m - merging 784 and 3548
[21:22:13.184] ?[34mINFO ?[0;39m ?[36mDependencyAnalyzer?[0;39m - merging 2973 and 3146
[21:22:13.184] ?[34mINFO ?[0;39m ?[36mDependencyAnalyzer?[0;39m - merging 1285 and 3379
[21:22:13.184] ?[34mINFO ?[0;39m ?[36mDependencyAnalyzer?[0;39m - merging 785 and 3562
[21:22:13.184] ?[34mINFO ?[0;39m ?[36mDependencyAnalyzer?[0;39m - merging 1296 and 3803
[21:22:13.200] ?[34mINFO ?[0;39m ?[36mDependencyAnalyzer?[0;39m - merging 756 and 3651
[21:22:13.200] ?[34mINFO ?[0;39m ?[36mDependencyAnalyzer?[0;39m - merging 1302 and 3378
[21:22:13.200] ?[34mINFO ?[0;39m ?[36mDependencyAnalyzer?[0;39m - merging 885 and 3465
[21:22:13.200] ?[34mINFO ?[0;39m ?[36mDependencyAnalyzer?[0;39m - merging 886 and 3469
[21:22:13.215] ?[34mINFO ?[0;39m ?[36mDependencyAnalyzer?[0;39m - merging 2221 and 2914
[21:22:13.215] ?[34mINFO ?[0;39m ?[36mDependencyAnalyzer?[0;39m - merging 757 and 3657
[21:22:13.215] ?[34mINFO ?[0;39m ?[36mAbstractProblemLoader?[0;39m - Loading environment from C:\Users\RUNNER~1\AppData\Local\Temp\proof3779225098080053445.proof
[21:22:13.231] ?[34mINFO ?[0;39m ?[36mAbstractProblemLoader?[0;39m - Creating init config
[21:22:15.996] ?[34mINFO ?[0;39m ?[36mAbstractProblemLoader?[0;39m - Replaying proof ReverseArray[ReverseArray::reverse()].JML normal_behavior operation contract.0
[21:22:16.657] ?[34mINFO ?[0;39m ?[36mAbstractProblemLoader?[0;39m - Loading environment from C:\Users\RUNNER~1\AppData\Local\Temp\KeYslice4759599892187478701\reverseArray_slice4.proof
[21:22:16.657] ?[34mINFO ?[0;39m ?[36mAbstractProblemLoader?[0;39m - Creating init config
[21:22:19.467] ?[34mINFO ?[0;39m ?[36mAbstractProblemLoader?[0;39m - Replaying proof ReverseArray[ReverseArray::reverse()].JML normal_behavior operation contract.0
[21:22:20.250] ?[34mINFO ?[0;39m ?[36mEndToEndTests?[0;39m - Loading C:\Users\RUNNER~1\AppData\Local\Temp\KeYslice4759599892187478701\reverseArray_slice4.proof
[21:22:20.250] ?[34mINFO ?[0;39m ?[36mAbstractProblemLoader?[0;39m - Loading environment from C:\Users\RUNNER~1\AppData\Local\Temp\KeYslice4759599892187478701\reverseArray_slice4.proof
[21:22:20.250] ?[34mINFO ?[0;39m ?[36mAbstractProblemLoader?[0;39m - Creating init config
[21:22:23.078] ?[34mINFO ?[0;39m ?[36mAbstractProblemLoader?[0;39m - Replaying proof ReverseArray[ReverseArray::reverse()].JML normal_behavior operation contract.0
[21:22:23.903] ?[34mINFO ?[0;39m ?[36mDependencyAnalyzer?[0;39m - merging 759 and 3643
[21:22:23.919] ?[34mINFO ?[0;39m ?[36mDependencyAnalyzer?[0;39m - merging 788 and 3555
[21:22:23.919] ?[34mINFO ?[0;39m ?[36mDependencyAnalyzer?[0;39m - merging 2222 and 2914
[21:22:23.919] ?[34mINFO ?[0;39m ?[36mDependencyAnalyzer?[0;39m - merging 888 and 3465
[21:22:23.919] ?[34mINFO ?[0;39m ?[36mDependencyAnalyzer?[0;39m - merging 787 and 3542
[21:22:23.919] ?[34mINFO ?[0;39m ?[36mDependencyAnalyzer?[0;39m - merging 2973 and 3145
[21:22:23.935] ?[34mINFO ?[0;39m ?[36mDependencyAnalyzer?[0;39m - merging 1288 and 3376
[21:22:23.935] ?[34mINFO ?[0;39m ?[36mDependencyAnalyzer?[0;39m - merging 760 and 3648
[21:22:23.935] ?[34mINFO ?[0;39m ?[36mDependencyAnalyzer?[0;39m - merging 622 and 3786
[21:22:23.935] ?[34mINFO ?[0;39m ?[36mDependencyAnalyzer?[0;39m - merging 889 and 3464
[21:22:23.950] ?[34mINFO ?[0;39m ?[36mDependencyAnalyzer?[0;39m - merging 1396 and 3388
[21:22:23.950] ?[34mINFO ?[0;39m ?[36mDependencyAnalyzer?[0;39m - merging 1298 and 3793
[21:22:23.950] ?[34mINFO ?[0;39m ?[36mAbstractProblemLoader?[0;39m - Loading environment from C:\Users\RUNNER~1\AppData\Local\Temp\proof7150902439219738049.proof
[21:22:23.966] ?[34mINFO ?[0;39m ?[36mAbstractProblemLoader?[0;39m - Creating init config
[21:22:26.719] ?[34mINFO ?[0;39m ?[36mAbstractProblemLoader?[0;39m - Replaying proof ReverseArray[ReverseArray::reverse()].JML normal_behavior operation contract.0
[21:22:27.256] ?[34mINFO ?[0;39m ?[36mAbstractProblemLoader?[0;39m - Loading environment from C:\Users\RUNNER~1\AppData\Local\Temp\KeYslice5763872799684870928\reverseArray_slice5.proof
[21:22:27.272] ?[34mINFO ?[0;39m ?[36mAbstractProblemLoader?[0;39m - Creating init config
[21:22:30.017] ?[34mINFO ?[0;39m ?[36mAbstractProblemLoader?[0;39m - Replaying proof ReverseArray[ReverseArray::reverse()].JML normal_behavior operation contract.0
[21:22:30.870] ?[34mINFO ?[0;39m ?[36mEndToEndTests?[0;39m - Loading D:\a\key\key\keyext.slicing\src\test\resources\testcase\exampleDuplicateOpen.proof
[21:22:30.870] ?[34mINFO ?[0;39m ?[36mAbstractProblemLoader?[0;39m - Loading environment from src\test\resources\testcase\exampleDuplicateOpen.proof
[21:22:30.870] ?[34mINFO ?[0;39m ?[36mAbstractProblemLoader?[0;39m - Creating init config
[21:22:33.460] ?[34mINFO ?[0;39m ?[36mAbstractProblemLoader?[0;39m - Replaying proof exampleDuplicateOpen.proof
[21:22:33.460] ?[34mINFO ?[0;39m ?[36mDependencyAnalyzer?[0;39m - merging 2 and 3
[21:22:33.460] ?[34mINFO ?[0;39m ?[36mAbstractProblemLoader?[0;39m - Loading environment from C:\Users\RUNNER~1\AppData\Local\Temp\proof13884503622143232147.proof
[21:22:33.476] ?[34mINFO ?[0;39m ?[36mAbstractProblemLoader?[0;39m - Creating init config
[21:22:35.978] ?[34mINFO ?[0;39m ?[36mAbstractProblemLoader?[0;39m - Replaying proof proof13884503622143232147.proof
[21:22:35.994] ?[34mINFO ?[0;39m ?[36mAbstractProblemLoader?[0;39m - Loading environment from C:\Users\RUNNER~1\AppData\Local\Temp\KeYslice6286822978033069015\exampleDuplicateOpen_slice1.proof
[21:22:35.994] ?[34mINFO ?[0;39m ?[36mAbstractProblemLoader?[0;39m - Creating init config
[21:22:38.558] ?[34mINFO ?[0;39m ?[36mAbstractProblemLoader?[0;39m - Replaying proof exampleDuplicateOpen_slice1.proof
[21:22:38.558] ?[34mINFO ?[0;39m ?[36mEndToEndTests?[0;39m - Loading C:\Users\RUNNER~1\AppData\Local\Temp\KeYslice6286822978033069015\exampleDuplicateOpen_slice1.proof
[21:22:38.558] ?[34mINFO ?[0;39m ?[36mAbstractProblemLoader?[0;39m - Loading environment from C:\Users\RUNNER~1\AppData\Local\Temp\KeYslice6286822978033069015\exampleDuplicateOpen_slice1.proof
[21:22:38.558] ?[34mINFO ?[0;39m ?[36mAbstractProblemLoader?[0;39m - Creating init config
[21:22:41.127] ?[34mINFO ?[0;39m ?[36mAbstractProblemLoader?[0;39m - Replaying proof exampleDuplicateOpen_slice1.proof
[21:22:41.127] ?[34mINFO ?[0;39m ?[36mDependencyAnalyzer?[0;39m - merging 3 and 4
[21:22:41.127] ?[34mINFO ?[0;39m ?[36mAbstractProblemLoader?[0;39m - Loading environment from C:\Users\RUNNER~1\AppData\Local\Temp\proof4471308194097289380.proof
[21:22:41.143] ?[34mINFO ?[0;39m ?[36mAbstractProblemLoader?[0;39m - Creating init config
[21:22:43.690] ?[34mINFO ?[0;39m ?[36mAbstractProblemLoader?[0;39m - Replaying proof proof4471308194097289380.proof
[21:22:43.706] ?[34mINFO ?[0;39m ?[36mAbstractProblemLoader?[0;39m - Loading environment from C:\Users\RUNNER~1\AppData\Local\Temp\KeYslice2430073192535290396\exampleDuplicateOpen_slice2.proof
[21:22:43.721] ?[34mINFO ?[0;39m ?[36mAbstractProblemLoader?[0;39m - Creating init config
[21:22:46.295] ?[34mINFO ?[0;39m ?[36mAbstractProblemLoader?[0;39m - Replaying proof exampleDuplicateOpen_slice2.proof
[21:22:46.310] ?[34mINFO ?[0;39m ?[36mEndToEndTests?[0;39m - Loading C:\Users\RUNNER~1\AppData\Local\Temp\KeYslice2430073192535290396\exampleDuplicateOpen_slice2.proof
[21:22:46.310] ?[34mINFO ?[0;39m ?[36mAbstractProblemLoader?[0;39m - Loading environment from C:\Users\RUNNER~1\AppData\Local\Temp\KeYslice2430073192535290396\exampleDuplicateOpen_slice2.proof
[21:22:46.310] ?[34mINFO ?[0;39m ?[36mAbstractProblemLoader?[0;39m - Creating init config
[21:22:48.895] ?[34mINFO ?[0;39m ?[36mAbstractProblemLoader?[0;39m - Replaying proof exampleDuplicateOpen_slice2.proof
[21:22:48.910] ?[34mINFO ?[0;39m ?[36mDependencyAnalyzer?[0;39m - merging 4 and 5
[21:22:48.910] ?[34mINFO ?[0;39m ?[36mAbstractProblemLoader?[0;39m - Loading environment from C:\Users\RUNNER~1\AppData\Local\Temp\proof3163312605557410362.proof
[21:22:48.910] ?[34mINFO ?[0;39m ?[36mAbstractProblemLoader?[0;39m - Creating init config
[21:22:51.511] ?[34mINFO ?[0;39m ?[36mAbstractProblemLoader?[0;39m - Replaying proof proof3163312605557410362.proof
[21:22:51.526] ?[34mINFO ?[0;39m ?[36mAbstractProblemLoader?[0;39m - Loading environment from C:\Users\RUNNER~1\AppData\Local\Temp\KeYslice14065715776771160629\exampleDuplicateOpen_slice3.proof
[21:22:51.542] ?[34mINFO ?[0;39m ?[36mAbstractProblemLoader?[0;39m - Creating init config
[21:22:54.090] ?[34mINFO ?[0;39m ?[36mAbstractProblemLoader?[0;39m - Replaying proof exampleDuplicateOpen_slice3.proof
[21:22:54.105] ?[34mINFO ?[0;39m ?[36mEndToEndTests?[0;39m - Loading C:\Users\RUNNER~1\AppData\Local\Temp\KeYslice14065715776771160629\exampleDuplicateOpen_slice3.proof
[21:22:54.105] ?[34mINFO ?[0;39m ?[36mAbstractProblemLoader?[0;39m - Loading environment from C:\Users\RUNNER~1\AppData\Local\Temp\KeYslice14065715776771160629\exampleDuplicateOpen_slice3.proof
[21:22:54.105] ?[34mINFO ?[0;39m ?[36mAbstractProblemLoader?[0;39m - Creating init config
[21:22:56.654] ?[34mINFO ?[0;39m ?[36mAbstractProblemLoader?[0;39m - Replaying proof exampleDuplicateOpen_slice3.proof
[21:22:56.670] ?[34mINFO ?[0;39m ?[36mAbstractProblemLoader?[0;39m - Loading environment from C:\Users\RUNNER~1\AppData\Local\Temp\proof16068394789366672551.proof
[21:22:56.670] ?[34mINFO ?[0;39m ?[36mAbstractProblemLoader?[0;39m - Creating init config
[21:22:59.168] ?[34mINFO ?[0;39m ?[36mAbstractProblemLoader?[0;39m - Replaying proof proof16068394789366672551.proof
[21:22:59.168] ?[34mINFO ?[0;39m ?[36mAbstractProblemLoader?[0;39m - Loading environment from C:\Users\RUNNER~1\AppData\Local\Temp\KeYslice14908764057370971903\exampleDuplicateOpen_slice4.proof
[21:22:59.183] ?[34mINFO ?[0;39m ?[36mAbstractProblemLoader?[0;39m - Creating init config
[21:23:01.707] ?[34mINFO ?[0;39m ?[36mAbstractProblemLoader?[0;39m - Replaying proof exampleDuplicateOpen_slice4.proof
[21:23:01.723] ?[34mINFO ?[0;39m ?[36mEndToEndTests?[0;39m - Loading D:\a\key\key\keyext.slicing\src\test\resources\testcase\cutExample.proof
[21:23:01.723] ?[34mINFO ?[0;39m ?[36mAbstractProblemLoader?[0;39m - Loading environment from src\test\resources\testcase\cutExample.proof
[21:23:01.723] ?[34mINFO ?[0;39m ?[36mAbstractProblemLoader?[0;39m - Creating init config
[21:23:04.262] ?[34mINFO ?[0;39m ?[36mAbstractProblemLoader?[0;39m - Replaying proof cutExample.proof
[21:23:04.262] ?[34mINFO ?[0;39m ?[36mAbstractProblemLoader?[0;39m - Loading environment from C:\Users\RUNNER~1\AppData\Local\Temp\proof7636125811609782979.proof
[21:23:04.262] ?[34mINFO ?[0;39m ?[36mAbstractProblemLoader?[0;39m - Creating init config
[21:23:06.801] ?[34mINFO ?[0;39m ?[36mAbstractProblemLoader?[0;39m - Replaying proof proof7636125811609782979.proof
[21:23:06.801] ?[34mINFO ?[0;39m ?[36mAbstractProblemLoader?[0;39m - Loading environment from C:\Users\RUNNER~1\AppData\Local\Temp\KeYslice9996071893428952041\cutExample_slice1.proof
[21:23:06.801] ?[34mINFO ?[0;39m ?[36mAbstractProblemLoader?[0;39m - Creating init config
[21:23:09.346] ?[34mINFO ?[0;39m ?[36mAbstractProblemLoader?[0;39m - Replaying proof cutExample_slice1.proof
[21:23:09.361] ?[34mINFO ?[0;39m ?[36mEndToEndTests?[0;39m - Loading D:\a\key\key\keyext.slicing\src\test\resources\testcase\agathaOpenGoal.proof
[21:23:09.361] ?[34mINFO ?[0;39m ?[36mAbstractProblemLoader?[0;39m - Loading environment from src\test\resources\testcase\agathaOpenGoal.proof
[21:23:09.361] ?[34mINFO ?[0;39m ?[36mAbstractProblemLoader?[0;39m - Creating init config
[21:23:11.887] ?[34mINFO ?[0;39m ?[36mAbstractProblemLoader?[0;39m - Replaying proof agathaOpenGoal.proof
[21:23:11.919] ?[34mINFO ?[0;39m ?[36mAbstractProblemLoader?[0;39m - Loading environment from C:\Users\RUNNER~1\AppData\Local\Temp\proof15062118914017851134.proof
[21:23:11.919] ?[34mINFO ?[0;39m ?[36mAbstractProblemLoader?[0;39m - Creating init config
[21:23:14.455] ?[34mINFO ?[0;39m ?[36mAbstractProblemLoader?[0;39m - Replaying proof proof15062118914017851134.proof
[21:23:14.486] ?[34mINFO ?[0;39m ?[36mAbstractProblemLoader?[0;39m - Loading environment from C:\Users\RUNNER~1\AppData\Local\Temp\KeYslice1102264472832385978\agathaOpenGoal_slice1.proof
[21:23:14.501] ?[34mINFO ?[0;39m ?[36mAbstractProblemLoader?[0;39m - Creating init config
[21:23:17.032] ?[34mINFO ?[0;39m ?[36mAbstractProblemLoader?[0;39m - Replaying proof agathaOpenGoal_slice1.proof
[21:23:17.094] ?[34mINFO ?[0;39m ?[36mEndToEndTests?[0;39m - Loading D:\a\key\key\keyext.slicing\src\test\resources\testcase\openGoal1.proof
[21:23:17.094] ?[34mINFO ?[0;39m ?[36mAbstractProblemLoader?[0;39m - Loading environment from src\test\resources\testcase\openGoal1.proof
[21:23:17.110] ?[34mINFO ?[0;39m ?[36mAbstractProblemLoader?[0;39m - Creating init config
[21:23:19.617] ?[34mINFO ?[0;39m ?[36mAbstractProblemLoader?[0;39m - Replaying proof openGoal1.proof
[21:23:19.632] ?[34mINFO ?[0;39m ?[36mAbstractProblemLoader?[0;39m - Loading environment from C:\Users\RUNNER~1\AppData\Local\Temp\proof10229920192573250447.proof
[21:23:19.632] ?[34mINFO ?[0;39m ?[36mAbstractProblemLoader?[0;39m - Creating init config
[21:23:22.177] ?[34mINFO ?[0;39m ?[36mAbstractProblemLoader?[0;39m - Replaying proof proof10229920192573250447.proof
[21:23:22.177] ?[34mINFO ?[0;39m ?[36mAbstractProblemLoader?[0;39m - Loading environment from C:\Users\RUNNER~1\AppData\Local\Temp\KeYslice10058210071382213435\openGoal1_slice1.proof
[21:23:22.192] ?[34mINFO ?[0;39m ?[36mAbstractProblemLoader?[0;39m - Creating init config
[21:23:24.721] ?[34mINFO ?[0;39m ?[36mAbstractProblemLoader?[0;39m - Replaying proof openGoal1_slice1.proof
[21:23:24.721] ?[34mINFO ?[0;39m ?[36mEndToEndTests?[0;39m - Loading D:\a\key\key\keyext.slicing\src\test\resources\testcase\openGoal2.proof
[21:23:24.721] ?[34mINFO ?[0;39m ?[36mAbstractProblemLoader?[0;39m - Loading environment from src\test\resources\testcase\openGoal2.proof
[21:23:24.721] ?[34mINFO ?[0;39m ?[36mAbstractProblemLoader?[0;39m - Creating init config
[21:23:27.237] ?[34mINFO ?[0;39m ?[36mAbstractProblemLoader?[0;39m - Replaying proof openGoal2.proof
[21:23:27.237] ?[34mINFO ?[0;39m ?[36mAbstractProblemLoader?[0;39m - Loading environment from C:\Users\RUNNER~1\AppData\Local\Temp\proof13909177519201714109.proof
[21:23:27.237] ?[34mINFO ?[0;39m ?[36mAbstractProblemLoader?[0;39m - Creating init config
[21:23:29.778] ?[34mINFO ?[0;39m ?[36mAbstractProblemLoader?[0;39m - Replaying proof proof13909177519201714109.proof
[21:23:29.793] ?[34mINFO ?[0;39m ?[36mAbstractProblemLoader?[0;39m - Loading environment from C:\Users\RUNNER~1\AppData\Local\Temp\KeYslice10350336739821314081\openGoal2_slice1.proof
[21:23:29.793] ?[34mINFO ?[0;39m ?[36mAbstractProblemLoader?[0;39m - Creating init config
[21:23:32.370] ?[34mINFO ?[0;39m ?[36mAbstractProblemLoader?[0;39m - Replaying proof openGoal2_slice1.proof
[21:23:32.386] ?[34mINFO ?[0;39m ?[36mEndToEndTests?[0;39m - Loading D:\a\key\key\keyext.slicing\src\test\resources\testcase\agatha.proof
[21:23:32.386] ?[34mINFO ?[0;39m ?[36mAbstractProblemLoader?[0;39m - Loading environment from src\test\resources\testcase\agatha.proof
[21:23:32.386] ?[34mINFO ?[0;39m ?[36mAbstractProblemLoader?[0;39m - Creating init config
[21:23:34.923] ?[34mINFO ?[0;39m ?[36mAbstractProblemLoader?[0;39m - Replaying proof agatha.proof
[21:23:34.939] ?[34mINFO ?[0;39m ?[36mAbstractProblemLoader?[0;39m - Loading environment from C:\Users\RUNNER~1\AppData\Local\Temp\proof17807160081799213412.proof
[21:23:34.954] ?[34mINFO ?[0;39m ?[36mAbstractProblemLoader?[0;39m - Creating init config
[21:23:37.474] ?[34mINFO ?[0;39m ?[36mAbstractProblemLoader?[0;39m - Replaying proof proof17807160081799213412.proof
[21:23:37.490] ?[34mINFO ?[0;39m ?[36mAbstractProblemLoader?[0;39m - Loading environment from C:\Users\RUNNER~1\AppData\Local\Temp\KeYslice13577851094981909009\agatha_slice1.proof
[21:23:37.490] ?[34mINFO ?[0;39m ?[36mAbstractProblemLoader?[0;39m - Creating init config
[21:23:40.025] ?[34mINFO ?[0;39m ?[36mAbstractProblemLoader?[0;39m - Replaying proof agatha_slice1.proof
[21:23:40.041] ?[34mINFO ?[0;39m ?[36mEndToEndTests?[0;39m - Loading D:\a\key\key\keyext.slicing\src\test\resources\testcase\..\..\..\..\..\key.ui\examples\heap\verifyThis15_2_ParallelGcd\parallelGcd.proof
[21:23:40.041] ?[34mINFO ?[0;39m ?[36mAbstractProblemLoader?[0;39m - Loading environment from src\test\resources\testcase\..\..\..\..\..\key.ui\examples\heap\verifyThis15_2_ParallelGcd\parallelGcd.proof
[21:23:40.041] ?[34mINFO ?[0;39m ?[36mAbstractProblemLoader?[0;39m - Creating init config
[21:23:42.789] ?[34mINFO ?[0;39m ?[36mAbstractProblemLoader?[0;39m - Replaying proof ParallelGcd[ParallelGcd::parallelGcd(int,int,[Z)].JML behavior operation contract.0
[21:23:43.601] ?[34mINFO ?[0;39m ?[36mAbstractProblemLoader?[0;39m - Loading environment from C:\Users\RUNNER~1\AppData\Local\Temp\proof13032687357031723711.proof
[21:23:43.601] ?[34mINFO ?[0;39m ?[36mAbstractProblemLoader?[0;39m - Creating init config
[21:23:46.362] ?[34mINFO ?[0;39m ?[36mAbstractProblemLoader?[0;39m - Replaying proof ParallelGcd[ParallelGcd::parallelGcd(int,int,[Z)].JML behavior operation contract.0
[21:23:46.971] ?[34mINFO ?[0;39m ?[36mAbstractProblemLoader?[0;39m - Loading environment from C:\Users\RUNNER~1\AppData\Local\Temp\KeYslice5510350276863102034\parallelGcd_slice1.proof
[21:23:46.971] ?[34mINFO ?[0;39m ?[36mAbstractProblemLoader?[0;39m - Creating init config
[21:23:49.705] ?[34mINFO ?[0;39m ?[36mAbstractProblemLoader?[0;39m - Replaying proof ParallelGcd[ParallelGcd::parallelGcd(int,int,[Z)].JML behavior operation contract.0
]]></system-out>
  <system-err><![CDATA[]]></system-err>
</testsuite>
