<?xml version="1.0" encoding="UTF-8"?>
<testsuite name="de.uka.ilkd.key.logic.TestTermLabelManager" tests="21" skipped="0" failures="0" errors="0" timestamp="2023-03-08T14:31:17" hostname="fv-az411-813" time="54.671">
  <properties/>
  <testcase name="testInstantiateLabels_directChildPolicies_allRules()" classname="de.uka.ilkd.key.logic.TestTermLabelManager" time="4.067"/>
  <testcase name="testInstantiateLabels_childAndGrandchildPolicies_ruleSpecific()" classname="de.uka.ilkd.key.logic.TestTermLabelManager" time="2.924"/>
  <testcase name="testParseLabel()" classname="de.uka.ilkd.key.logic.TestTermLabelManager" time="2.821"/>
  <testcase name="testrefactorGoal_childrenAndGrandchildren_ruleSpecific()" classname="de.uka.ilkd.key.logic.TestTermLabelManager" time="2.852"/>
  <testcase name="testrefactorGoal_directChildren_allRules()" classname="de.uka.ilkd.key.logic.TestTermLabelManager" time="2.853"/>
  <testcase name="testInstantiateLabels_childAndGrandchildPolicies_allRules()" classname="de.uka.ilkd.key.logic.TestTermLabelManager" time="2.804"/>
  <testcase name="testInstantiateLabels_taclet()" classname="de.uka.ilkd.key.logic.TestTermLabelManager" time="2.861"/>
  <testcase name="testrefactorGoal_none_ruleSpecific()" classname="de.uka.ilkd.key.logic.TestTermLabelManager" time="2.835"/>
  <testcase name="testInstantiateLabels_updates_ruleSpecific()" classname="de.uka.ilkd.key.logic.TestTermLabelManager" time="2.773"/>
  <testcase name="testrefactorGoal_sequent_ruleSpecific()" classname="de.uka.ilkd.key.logic.TestTermLabelManager" time="2.783"/>
  <testcase name="testInstantiateLabels_updates_allRules()" classname="de.uka.ilkd.key.logic.TestTermLabelManager" time="2.769"/>
  <testcase name="testrefactorGoal_sequent_allRules()" classname="de.uka.ilkd.key.logic.TestTermLabelManager" time="2.832"/>
  <testcase name="testrefactorGoal_childrenAndGrandchildren_allRules()" classname="de.uka.ilkd.key.logic.TestTermLabelManager" time="2.809"/>
  <testcase name="testGetTermLabelManager()" classname="de.uka.ilkd.key.logic.TestTermLabelManager" time="0.001"/>
  <testcase name="testInstantiateLabels_applicationTermPolicies()" classname="de.uka.ilkd.key.logic.TestTermLabelManager" time="2.742"/>
  <testcase name="testInstantiateLabels_modalityTermPolicies()" classname="de.uka.ilkd.key.logic.TestTermLabelManager" time="2.8"/>
  <testcase name="testrefactorGoal_none_allRules()" classname="de.uka.ilkd.key.logic.TestTermLabelManager" time="2.834"/>
  <testcase name="testInstantiateLabels_null()" classname="de.uka.ilkd.key.logic.TestTermLabelManager" time="0.001"/>
  <testcase name="testrefactorGoal_directChildren_ruleSpecific()" classname="de.uka.ilkd.key.logic.TestTermLabelManager" time="2.789"/>
  <testcase name="testInstantiateLabels_directChildPolicies_ruleSpecific()" classname="de.uka.ilkd.key.logic.TestTermLabelManager" time="2.772"/>
  <testcase name="testGetSupportedTermLabelNames()" classname="de.uka.ilkd.key.logic.TestTermLabelManager" time="2.742"/>
  <system-out><![CDATA[]]></system-out>
  <system-err><![CDATA[]]></system-err>
</testsuite>
