<?xml version="1.0" encoding="UTF-8"?>
<testsuite name="de.uka.ilkd.key.logic.TestClashFreeSubst" tests="14" skipped="2" failures="0" errors="0" timestamp="2023-04-15T00:40:39" hostname="fv-az576-98" time="54.456">
  <properties/>
  <testcase name="testMultiShareBound()" classname="de.uka.ilkd.key.logic.TestClashFreeSubst" time="1.045"/>
  <testcase name="testClash()" classname="de.uka.ilkd.key.logic.TestClashFreeSubst" time="1.012"/>
  <testcase name="testShare()" classname="de.uka.ilkd.key.logic.TestClashFreeSubst" time="0.99"/>
  <testcase name="testSubst()" classname="de.uka.ilkd.key.logic.TestClashFreeSubst" time="0.987"/>
  <testcase name="testWary0()" classname="de.uka.ilkd.key.logic.TestClashFreeSubst" time="0.977"/>
  <testcase name="testWary1()" classname="de.uka.ilkd.key.logic.TestClashFreeSubst" time="1.004"/>
  <testcase name="testWary2()" classname="de.uka.ilkd.key.logic.TestClashFreeSubst" time="0.993"/>
  <testcase name="testClashInSubstTerm()" classname="de.uka.ilkd.key.logic.TestClashFreeSubst" time="1.033"/>
  <testcase name="testShareWary()" classname="de.uka.ilkd.key.logic.TestClashFreeSubst" time="0.954"/>
  <testcase name="testMultiSubst()" classname="de.uka.ilkd.key.logic.TestClashFreeSubst" time="0.948"/>
  <testcase name="xtestMultiClash()" classname="de.uka.ilkd.key.logic.TestClashFreeSubst" time="0.001">
    <skipped/>
  </testcase>
  <testcase name="testSubstInSubstTerm()" classname="de.uka.ilkd.key.logic.TestClashFreeSubst" time="1.028"/>
  <testcase name="testSubstWary()" classname="de.uka.ilkd.key.logic.TestClashFreeSubst" time="0.988"/>
  <testcase name="xtestMultiClash1()" classname="de.uka.ilkd.key.logic.TestClashFreeSubst" time="0.0">
    <skipped/>
  </testcase>
  <system-out><![CDATA[40025      INFO  Test worker     d.u.i.k.n.KeyIO           Parsing took 0 ms 
40028      INFO  Test worker     d.u.i.k.n.KeyIO           MODE: declarations took 0 ms 
41065      INFO  Test worker     d.u.i.k.n.KeyIO           Parsing took 0 ms 
41065      INFO  Test worker     d.u.i.k.n.KeyIO           MODE: declarations took 0 ms 
44513      INFO  Test worker     d.u.i.k.n.KeyIO           Parsing took 0 ms 
44513      INFO  Test worker     d.u.i.k.n.KeyIO           MODE: declarations took 0 ms 
45521      INFO  Test worker     d.u.i.k.n.KeyIO           Parsing took 0 ms 
45521      INFO  Test worker     d.u.i.k.n.KeyIO           MODE: declarations took 0 ms 
48849      INFO  Test worker     d.u.i.k.n.KeyIO           Parsing took 0 ms 
48849      INFO  Test worker     d.u.i.k.n.KeyIO           MODE: declarations took 0 ms 
49830      INFO  Test worker     d.u.i.k.n.KeyIO           Parsing took 0 ms 
49830      INFO  Test worker     d.u.i.k.n.KeyIO           MODE: declarations took 0 ms 
53088      INFO  Test worker     d.u.i.k.n.KeyIO           Parsing took 0 ms 
53088      INFO  Test worker     d.u.i.k.n.KeyIO           MODE: declarations took 0 ms 
54072      INFO  Test worker     d.u.i.k.n.KeyIO           Parsing took 0 ms 
54073      INFO  Test worker     d.u.i.k.n.KeyIO           MODE: declarations took 0 ms 
57319      INFO  Test worker     d.u.i.k.n.KeyIO           Parsing took 0 ms 
57320      INFO  Test worker     d.u.i.k.n.KeyIO           MODE: declarations took 0 ms 
58293      INFO  Test worker     d.u.i.k.n.KeyIO           Parsing took 0 ms 
58294      INFO  Test worker     d.u.i.k.n.KeyIO           MODE: declarations took 0 ms 
61524      INFO  Test worker     d.u.i.k.n.KeyIO           Parsing took 0 ms 
61537      INFO  Test worker     d.u.i.k.n.KeyIO           MODE: declarations took 0 ms 
62524      INFO  Test worker     d.u.i.k.n.KeyIO           Parsing took 0 ms 
62525      INFO  Test worker     d.u.i.k.n.KeyIO           MODE: declarations took 0 ms 
65807      INFO  Test worker     d.u.i.k.n.KeyIO           Parsing took 0 ms 
65807      INFO  Test worker     d.u.i.k.n.KeyIO           MODE: declarations took 0 ms 
66797      INFO  Test worker     d.u.i.k.n.KeyIO           Parsing took 1 ms 
66797      INFO  Test worker     d.u.i.k.n.KeyIO           MODE: declarations took 0 ms 
70074      INFO  Test worker     d.u.i.k.n.KeyIO           Parsing took 0 ms 
70082      INFO  Test worker     d.u.i.k.n.KeyIO           MODE: declarations took 0 ms 
71098      INFO  Test worker     d.u.i.k.n.KeyIO           Parsing took 0 ms 
71101      INFO  Test worker     d.u.i.k.n.KeyIO           MODE: declarations took 1 ms 
74376      INFO  Test worker     d.u.i.k.n.KeyIO           Parsing took 0 ms 
74377      INFO  Test worker     d.u.i.k.n.KeyIO           MODE: declarations took 0 ms 
75325      INFO  Test worker     d.u.i.k.n.KeyIO           Parsing took 0 ms 
75327      INFO  Test worker     d.u.i.k.n.KeyIO           MODE: declarations took 1 ms 
78582      INFO  Test worker     d.u.i.k.n.KeyIO           Parsing took 0 ms 
78583      INFO  Test worker     d.u.i.k.n.KeyIO           MODE: declarations took 0 ms 
79526      INFO  Test worker     d.u.i.k.n.KeyIO           Parsing took 1 ms 
79527      INFO  Test worker     d.u.i.k.n.KeyIO           MODE: declarations took 0 ms 
85975      INFO  Test worker     d.u.i.k.n.KeyIO           Parsing took 0 ms 
85976      INFO  Test worker     d.u.i.k.n.KeyIO           MODE: declarations took 0 ms 
86999      INFO  Test worker     d.u.i.k.n.KeyIO           Parsing took 0 ms 
87000      INFO  Test worker     d.u.i.k.n.KeyIO           MODE: declarations took 0 ms 
90299      INFO  Test worker     d.u.i.k.n.KeyIO           Parsing took 0 ms 
90299      INFO  Test worker     d.u.i.k.n.KeyIO           MODE: declarations took 0 ms 
91284      INFO  Test worker     d.u.i.k.n.KeyIO           Parsing took 0 ms 
91285      INFO  Test worker     d.u.i.k.n.KeyIO           MODE: declarations took 0 ms 
]]></system-out>
  <system-err><![CDATA[]]></system-err>
</testsuite>
