<?xml version="1.0" encoding="UTF-8"?>
<testsuite name="de.uka.ilkd.key.nparser.ExprTest" tests="23" skipped="0" failures="0" errors="0" timestamp="2023-04-15T00:43:37" hostname="fv-az576-98" time="2.376">
  <properties/>
  <testcase name="[1] (bprod{int y;}(1, 2, y) = 0)" classname="de.uka.ilkd.key.nparser.ExprTest" time="0.014"/>
  <testcase name="[2] 1 = 1 -&gt; 2 = 2" classname="de.uka.ilkd.key.nparser.ExprTest" time="0.013"/>
  <testcase name="[3] \&lt; { int x = 1; } \&gt; x=1" classname="de.uka.ilkd.key.nparser.ExprTest" time="1.0"/>
  <testcase name="[4] \&lt;{ int x = 1; {int s = 2;} }\&gt; x=x" classname="de.uka.ilkd.key.nparser.ExprTest" time="1.09"/>
  <testcase name="[5] true" classname="de.uka.ilkd.key.nparser.ExprTest" time="0.013"/>
  <testcase name="[6] true &amp; false" classname="de.uka.ilkd.key.nparser.ExprTest" time="0.011"/>
  <testcase name="[7] 0" classname="de.uka.ilkd.key.nparser.ExprTest" time="0.011"/>
  <testcase name="[8] 1" classname="de.uka.ilkd.key.nparser.ExprTest" time="0.012"/>
  <testcase name="[9] 42" classname="de.uka.ilkd.key.nparser.ExprTest" time="0.011"/>
  <testcase name="[10] -5" classname="de.uka.ilkd.key.nparser.ExprTest" time="0.011"/>
  <testcase name="[11] 1 + 1 = 2" classname="de.uka.ilkd.key.nparser.ExprTest" time="0.015"/>
  <testcase name="[12] \if (3=4) \then (1) \else (2)" classname="de.uka.ilkd.key.nparser.ExprTest" time="0.012"/>
  <testcase name="[13] \if (3=4 &amp; 1=1) \then (\if (3=4) \then (1) \else (2)) \else (2)" classname="de.uka.ilkd.key.nparser.ExprTest" time="0.012"/>
  <testcase name="[14] aa + bb*cc" classname="de.uka.ilkd.key.nparser.ExprTest" time="0.011"/>
  <testcase name="[15] aa%bb*cc &lt; -123" classname="de.uka.ilkd.key.nparser.ExprTest" time="0.03"/>
  <testcase name="[16] \forall int x; true" classname="de.uka.ilkd.key.nparser.ExprTest" time="0.012"/>
  <testcase name="[17] \forall numbers x; x = x" classname="de.uka.ilkd.key.nparser.ExprTest" time="0.012"/>
  <testcase name="[18] (int)3+2" classname="de.uka.ilkd.key.nparser.ExprTest" time="0.012"/>
  <testcase name="[19] 1.f + 1f = 20e-1f * (2f-1f)" classname="de.uka.ilkd.key.nparser.ExprTest" time="0.012"/>
  <testcase name="[20] 1.d + 1d &lt;= 20e+1d * .01d" classname="de.uka.ilkd.key.nparser.ExprTest" time="0.011"/>
  <testcase name="[21] 1f &lt;= 2f" classname="de.uka.ilkd.key.nparser.ExprTest" time="0.011"/>
  <testcase name="[22] 2d &gt; 1d" classname="de.uka.ilkd.key.nparser.ExprTest" time="0.013"/>
  <testcase name="[23] seqEmpty + seqEmpty" classname="de.uka.ilkd.key.nparser.ExprTest" time="0.015"/>
  <system-out><![CDATA[217867     INFO  Test worker     d.u.i.k.n.KeyIO           Parsing took 8 ms 
217869     INFO  Test worker     d.u.i.k.n.KeyIO           MODE: declarations took 1 ms 
217871     INFO  Test worker     d.u.i.k.n.ExprTest        Term: equals(bprod{y:int}(Z(1(#)),Z(2(#)),y),Z(0(#))) 
217882     INFO  Test worker     d.u.i.k.n.KeyIO           Parsing took 8 ms 
217883     INFO  Test worker     d.u.i.k.n.KeyIO           MODE: declarations took 1 ms 
217886     INFO  Test worker     d.u.i.k.n.ExprTest        Term: imp(equals(Z(1(#)),Z(1(#))),equals(Z(2(#)),Z(2(#)))) 
217895     INFO  Test worker     d.u.i.k.n.KeyIO           Parsing took 7 ms 
217896     INFO  Test worker     d.u.i.k.n.KeyIO           MODE: declarations took 1 ms 
218886     INFO  Test worker     d.u.i.k.n.ExprTest        Term: \<{
  int x = 1;
}\> (equals(x,Z(1(#)))) 
218897     INFO  Test worker     d.u.i.k.n.KeyIO           Parsing took 7 ms 
218898     INFO  Test worker     d.u.i.k.n.KeyIO           MODE: declarations took 1 ms 
219977     INFO  Test worker     d.u.i.k.n.ExprTest        Term: \<{
  int x = 1;
  {
    int s = 2;
  }
}\> (equals(x,x)) 
219988     INFO  Test worker     d.u.i.k.n.KeyIO           Parsing took 8 ms 
219989     INFO  Test worker     d.u.i.k.n.KeyIO           MODE: declarations took 1 ms 
219991     INFO  Test worker     d.u.i.k.n.ExprTest        Term: true 
220000     INFO  Test worker     d.u.i.k.n.KeyIO           Parsing took 7 ms 
220001     INFO  Test worker     d.u.i.k.n.KeyIO           MODE: declarations took 1 ms 
220003     INFO  Test worker     d.u.i.k.n.ExprTest        Term: and(true,false) 
220012     INFO  Test worker     d.u.i.k.n.KeyIO           Parsing took 7 ms 
220012     INFO  Test worker     d.u.i.k.n.KeyIO           MODE: declarations took 0 ms 
220014     INFO  Test worker     d.u.i.k.n.ExprTest        Term: Z(0(#)) 
220023     INFO  Test worker     d.u.i.k.n.KeyIO           Parsing took 7 ms 
220024     INFO  Test worker     d.u.i.k.n.KeyIO           MODE: declarations took 0 ms 
220026     INFO  Test worker     d.u.i.k.n.ExprTest        Term: Z(1(#)) 
220035     INFO  Test worker     d.u.i.k.n.KeyIO           Parsing took 7 ms 
220036     INFO  Test worker     d.u.i.k.n.KeyIO           MODE: declarations took 1 ms 
220038     INFO  Test worker     d.u.i.k.n.ExprTest        Term: Z(2(4(#))) 
220047     INFO  Test worker     d.u.i.k.n.KeyIO           Parsing took 7 ms 
220048     INFO  Test worker     d.u.i.k.n.KeyIO           MODE: declarations took 1 ms 
220050     INFO  Test worker     d.u.i.k.n.ExprTest        Term: Z(neglit(5(#))) 
220062     INFO  Test worker     d.u.i.k.n.KeyIO           Parsing took 11 ms 
220063     INFO  Test worker     d.u.i.k.n.KeyIO           MODE: declarations took 1 ms 
220065     INFO  Test worker     d.u.i.k.n.ExprTest        Term: equals(add(Z(1(#)),Z(1(#))),Z(2(#))) 
220075     INFO  Test worker     d.u.i.k.n.KeyIO           Parsing took 8 ms 
220075     INFO  Test worker     d.u.i.k.n.KeyIO           MODE: declarations took 0 ms 
220077     INFO  Test worker     d.u.i.k.n.ExprTest        Term: if-then-else(equals(Z(3(#)),Z(4(#))),Z(1(#)),Z(2(#))) 
220087     INFO  Test worker     d.u.i.k.n.KeyIO           Parsing took 7 ms 
220088     INFO  Test worker     d.u.i.k.n.KeyIO           MODE: declarations took 1 ms 
220090     INFO  Test worker     d.u.i.k.n.ExprTest        Term: if-then-else(and(equals(Z(3(#)),Z(4(#))),equals(Z(1(#)),Z(1(#)))),if-then-else(equals(Z(3(#)),Z(4(#))),Z(1(#)),Z(2(#))),Z(2(#))) 
220099     INFO  Test worker     d.u.i.k.n.KeyIO           Parsing took 7 ms 
220100     INFO  Test worker     d.u.i.k.n.KeyIO           MODE: declarations took 1 ms 
220102     INFO  Test worker     d.u.i.k.n.ExprTest        Term: add(aa,mul(bb,cc)) 
220128     INFO  Test worker     d.u.i.k.n.KeyIO           Parsing took 25 ms 
220129     INFO  Test worker     d.u.i.k.n.KeyIO           MODE: declarations took 1 ms 
220131     INFO  Test worker     d.u.i.k.n.ExprTest        Term: lt(mul(mod(aa,bb),cc),Z(neglit(3(2(1(#)))))) 
220141     INFO  Test worker     d.u.i.k.n.KeyIO           Parsing took 7 ms 
220142     INFO  Test worker     d.u.i.k.n.KeyIO           MODE: declarations took 1 ms 
220144     INFO  Test worker     d.u.i.k.n.ExprTest        Term: all{x:int}(true) 
220153     INFO  Test worker     d.u.i.k.n.KeyIO           Parsing took 7 ms 
220154     INFO  Test worker     d.u.i.k.n.KeyIO           MODE: declarations took 1 ms 
220156     INFO  Test worker     d.u.i.k.n.ExprTest        Term: all{x:numbers}(equals(x,x)) 
220165     INFO  Test worker     d.u.i.k.n.KeyIO           Parsing took 7 ms 
220166     INFO  Test worker     d.u.i.k.n.KeyIO           MODE: declarations took 1 ms 
220168     INFO  Test worker     d.u.i.k.n.ExprTest        Term: add(int::cast(Z(3(#))),Z(2(#))) 
220177     INFO  Test worker     d.u.i.k.n.KeyIO           Parsing took 7 ms 
220178     INFO  Test worker     d.u.i.k.n.KeyIO           MODE: declarations took 1 ms 
220181     INFO  Test worker     d.u.i.k.n.ExprTest        Term: equals(addFloat(FP(6(1(2(3(5(3(5(6(0(1(#))))))))))),FP(6(1(2(3(5(3(5(6(0(1(#)))))))))))),mulFloat(FP(4(2(8(1(4(7(3(7(0(1(#))))))))))),subFloat(FP(4(2(8(1(4(7(3(7(0(1(#))))))))))),FP(6(1(2(3(5(3(5(6(0(1(#)))))))))))))) 
220189     INFO  Test worker     d.u.i.k.n.KeyIO           Parsing took 6 ms 
220190     INFO  Test worker     d.u.i.k.n.KeyIO           MODE: declarations took 1 ms 
220193     INFO  Test worker     d.u.i.k.n.ExprTest        Term: leqDouble(addDouble(DFP(8(0(4(7(1(0(0(0(8(8(1(4(2(8(1(7(0(6(4(#)))))))))))))))))))),DFP(8(0(4(7(1(0(0(0(8(8(1(4(2(8(1(7(0(6(4(#))))))))))))))))))))),mulDouble(DFP(4(8(7(6(0(0(2(8(9(0(9(8(0(4(2(1(4(6(4(#)))))))))))))))))))),DFP(5(7(6(7(8(0(4(0(3(9(2(2(8(1(9(6(7(5(4(#)))))))))))))))))))))) 
220201     INFO  Test worker     d.u.i.k.n.KeyIO           Parsing took 7 ms 
220202     INFO  Test worker     d.u.i.k.n.KeyIO           MODE: declarations took 0 ms 
220204     INFO  Test worker     d.u.i.k.n.ExprTest        Term: leqFloat(FP(6(1(2(3(5(3(5(6(0(1(#))))))))))),FP(4(2(8(1(4(7(3(7(0(1(#)))))))))))) 
220215     INFO  Test worker     d.u.i.k.n.KeyIO           Parsing took 8 ms 
220216     INFO  Test worker     d.u.i.k.n.KeyIO           MODE: declarations took 1 ms 
220218     INFO  Test worker     d.u.i.k.n.ExprTest        Term: gtDouble(DFP(4(0(9(7(8(3(7(2(4(8(1(0(6(8(6(1(1(6(4(#)))))))))))))))))))),DFP(8(0(4(7(1(0(0(0(8(8(1(4(2(8(1(7(0(6(4(#))))))))))))))))))))) 
220230     INFO  Test worker     d.u.i.k.n.KeyIO           Parsing took 10 ms 
220231     INFO  Test worker     d.u.i.k.n.KeyIO           MODE: declarations took 1 ms 
220233     INFO  Test worker     d.u.i.k.n.ExprTest        Term: seqConcat(seqEmpty,seqEmpty) 
]]></system-out>
  <system-err><![CDATA[]]></system-err>
</testsuite>
