<?xml version="1.0" encoding="UTF-8"?>
<testsuite name="de.uka.ilkd.key.nparser.ParseLDTsTests" tests="2" skipped="0" failures="0" errors="0" timestamp="2023-04-15T00:43:39" hostname="fv-az576-98" time="0.966">
  <properties/>
  <testcase name="testLDT()" classname="de.uka.ilkd.key.nparser.ParseLDTsTests" time="0.032"/>
  <testcase name="testSR()" classname="de.uka.ilkd.key.nparser.ParseLDTsTests" time="0.934"/>
  <system-out><![CDATA[220252     INFO  Test worker     d.u.i.k.n.KeyIO           Parsing took 16 ms 
220253     INFO  Test worker     d.u.i.k.n.KeyIO           MODE: declarations took 1 ms 
220624     INFO  Test worker     d.u.i.k.n.KeyIO           Parsing took 356 ms 
220627     INFO  Test worker     d.u.i.k.n.KeyIO           MODE: declarations took 2 ms 
]]></system-out>
  <system-err><![CDATA[]]></system-err>
</testsuite>
