<?xml version="1.0" encoding="UTF-8"?>
<testsuite name="de.uka.ilkd.key.taclettranslation.TestTacletTranslator" tests="5" skipped="0" failures="0" errors="0" timestamp="2023-04-15T00:54:44" hostname="fv-az576-98" time="0.008">
  <properties/>
  <testcase name="testPropositional1()" classname="de.uka.ilkd.key.taclettranslation.TestTacletTranslator" time="0.003"/>
  <testcase name="testPropositional2()" classname="de.uka.ilkd.key.taclettranslation.TestTacletTranslator" time="0.002"/>
  <testcase name="testNegativePolarity()" classname="de.uka.ilkd.key.taclettranslation.TestTacletTranslator" time="0.001"/>
  <testcase name="testNoPolarity()" classname="de.uka.ilkd.key.taclettranslation.TestTacletTranslator" time="0.001"/>
  <testcase name="testPositivePolarity()" classname="de.uka.ilkd.key.taclettranslation.TestTacletTranslator" time="0.001"/>
  <system-out><![CDATA[885035     INFO  Test worker     d.u.i.k.n.KeyIO           Parsing took 0 ms 
885035     INFO  Test worker     d.u.i.k.n.KeyIO           MODE: declarations took 0 ms 
885038     INFO  Test worker     d.u.i.k.n.KeyIO           Parsing took 0 ms 
885038     INFO  Test worker     d.u.i.k.n.KeyIO           MODE: declarations took 0 ms 
885039     INFO  Test worker     d.u.i.k.n.KeyIO           Parsing took 0 ms 
885039     INFO  Test worker     d.u.i.k.n.KeyIO           MODE: declarations took 0 ms 
885040     INFO  Test worker     d.u.i.k.n.KeyIO           Parsing took 0 ms 
885040     INFO  Test worker     d.u.i.k.n.KeyIO           MODE: declarations took 0 ms 
885041     INFO  Test worker     d.u.i.k.n.KeyIO           Parsing took 0 ms 
885041     INFO  Test worker     d.u.i.k.n.KeyIO           MODE: declarations took 0 ms 
]]></system-out>
  <system-err><![CDATA[]]></system-err>
</testsuite>
