<?xml version="1.0" encoding="UTF-8"?>
<testsuite name="de.uka.ilkd.key.parser.TestTermParser" tests="47" skipped="4" failures="0" errors="0" timestamp="2023-04-15T00:45:31" hostname="fv-az576-98" time="3.309">
  <properties/>
  <testcase name="testNotEqual()" classname="de.uka.ilkd.key.parser.TestTermParser" time="0.003"/>
  <testcase name="testProgramVariables()" classname="de.uka.ilkd.key.parser.TestTermParser" time="0.062"/>
  <testcase name="testAttributeWithSpecifiedSortOnObject()" classname="de.uka.ilkd.key.parser.TestTermParser" time="0.004"/>
  <testcase name="testCast()" classname="de.uka.ilkd.key.parser.TestTermParser" time="0.001"/>
  <testcase name="testJavaQueryAndAttribute_all()" classname="de.uka.ilkd.key.parser.TestTermParser" time="0.0">
    <skipped/>
  </testcase>
  <testcase name="test10()" classname="de.uka.ilkd.key.parser.TestTermParser" time="0.003"/>
  <testcase name="test11()" classname="de.uka.ilkd.key.parser.TestTermParser" time="0.002"/>
  <testcase name="test12()" classname="de.uka.ilkd.key.parser.TestTermParser" time="0.0">
    <skipped/>
  </testcase>
  <testcase name="test13()" classname="de.uka.ilkd.key.parser.TestTermParser" time="0.006"/>
  <testcase name="test14()" classname="de.uka.ilkd.key.parser.TestTermParser" time="0.003"/>
  <testcase name="test1a()" classname="de.uka.ilkd.key.parser.TestTermParser" time="0.003"/>
  <testcase name="testJavaAttributeAccess_4()" classname="de.uka.ilkd.key.parser.TestTermParser" time="0.003"/>
  <testcase name="testAttributeOnObject()" classname="de.uka.ilkd.key.parser.TestTermParser" time="0.002"/>
  <testcase name="testNegativeLiteralParsing1()" classname="de.uka.ilkd.key.parser.TestTermParser" time="0.001"/>
  <testcase name="testNegativeLiteralParsing2()" classname="de.uka.ilkd.key.parser.TestTermParser" time="0.001"/>
  <testcase name="testNegativeLiteralParsing3()" classname="de.uka.ilkd.key.parser.TestTermParser" time="0.002"/>
  <testcase name="xtestParsingArrayWithSpaces()" classname="de.uka.ilkd.key.parser.TestTermParser" time="0.0">
    <skipped/>
  </testcase>
  <testcase name="testAmbigiousFuncVarPred()" classname="de.uka.ilkd.key.parser.TestTermParser" time="0.0"/>
  <testcase name="test1()" classname="de.uka.ilkd.key.parser.TestTermParser" time="0.002"/>
  <testcase name="test2()" classname="de.uka.ilkd.key.parser.TestTermParser" time="0.011"/>
  <testcase name="test3()" classname="de.uka.ilkd.key.parser.TestTermParser" time="0.003"/>
  <testcase name="test5()" classname="de.uka.ilkd.key.parser.TestTermParser" time="0.004"/>
  <testcase name="test6()" classname="de.uka.ilkd.key.parser.TestTermParser" time="0.002"/>
  <testcase name="test7()" classname="de.uka.ilkd.key.parser.TestTermParser" time="0.003"/>
  <testcase name="test8()" classname="de.uka.ilkd.key.parser.TestTermParser" time="0.005"/>
  <testcase name="test9()" classname="de.uka.ilkd.key.parser.TestTermParser" time="0.001"/>
  <testcase name="testBindingUpdateTerm()" classname="de.uka.ilkd.key.parser.TestTermParser" time="0.002"/>
  <testcase name="testJavaStaticQuery()" classname="de.uka.ilkd.key.parser.TestTermParser" time="0.003"/>
  <testcase name="testInfix1()" classname="de.uka.ilkd.key.parser.TestTermParser" time="0.001"/>
  <testcase name="testInfix2()" classname="de.uka.ilkd.key.parser.TestTermParser" time="0.002"/>
  <testcase name="testInfix3()" classname="de.uka.ilkd.key.parser.TestTermParser" time="0.002"/>
  <testcase name="testInfix4()" classname="de.uka.ilkd.key.parser.TestTermParser" time="0.002"/>
  <testcase name="testIfThenElse()" classname="de.uka.ilkd.key.parser.TestTermParser" time="0.002"/>
  <testcase name="testJavaAttributeAccessBoth_1()" classname="de.uka.ilkd.key.parser.TestTermParser" time="0.002"/>
  <testcase name="testJavaAttributeAccessBoth_2()" classname="de.uka.ilkd.key.parser.TestTermParser" time="0.003"/>
  <testcase name="testJavaAttributeAccessBoth_3()" classname="de.uka.ilkd.key.parser.TestTermParser" time="0.003"/>
  <testcase name="testBindingUpdateTerm_1()" classname="de.uka.ilkd.key.parser.TestTermParser" time="0.002"/>
  <testcase name="testBindingUpdateTerm_3()" classname="de.uka.ilkd.key.parser.TestTermParser" time="0.004"/>
  <testcase name="testBindingUpdateTerm_4()" classname="de.uka.ilkd.key.parser.TestTermParser" time="0.002"/>
  <testcase name="testBindingUpdateTerm_5()" classname="de.uka.ilkd.key.parser.TestTermParser" time="0.002"/>
  <testcase name="testBindingUpdateTerm_6()" classname="de.uka.ilkd.key.parser.TestTermParser" time="0.003"/>
  <testcase name="testBindingUpdateTerm_7()" classname="de.uka.ilkd.key.parser.TestTermParser" time="0.003"/>
  <testcase name="testBindingUpdateTerm_8()" classname="de.uka.ilkd.key.parser.TestTermParser" time="0.002"/>
  <testcase name="testParsingArray()" classname="de.uka.ilkd.key.parser.TestTermParser" time="0.004"/>
  <testcase name="xtestBindingUpdateTermOldBindingAlternative()" classname="de.uka.ilkd.key.parser.TestTermParser" time="0.0">
    <skipped/>
  </testcase>
  <testcase name="testJavaStaticQueryWithParameter()" classname="de.uka.ilkd.key.parser.TestTermParser" time="0.004"/>
  <testcase name="testParsingArrayCombination()" classname="de.uka.ilkd.key.parser.TestTermParser" time="0.007"/>
  <system-out><![CDATA[331681     INFO  Test worker     d.u.i.k.n.KeyIO           Parsing took 0 ms 
331681     INFO  Test worker     d.u.i.k.n.KeyIO           MODE: declarations took 0 ms 
331683     WARN  Test worker     d.u.i.k.j.r.KeYCrossReferenceNameInfo Datatype T declared twice: Once in UNKNOWN:unknown and once in UNKNOWN:unknown, Keeping one from UNKNOWN:unknown 
331761     INFO  Test worker     d.u.i.k.n.KeyIO           Parsing took 1 ms 
331761     INFO  Test worker     d.u.i.k.n.KeyIO           MODE: declarations took 0 ms 
331823     WARN  Test worker     d.u.i.k.j.r.KeYCrossReferenceNameInfo Datatype T declared twice: Once in UNKNOWN:unknown and once in UNKNOWN:unknown, Keeping one from UNKNOWN:unknown 
331891     INFO  Test worker     d.u.i.k.n.KeyIO           Parsing took 0 ms 
331891     INFO  Test worker     d.u.i.k.n.KeyIO           MODE: declarations took 0 ms 
331895     WARN  Test worker     d.u.i.k.j.r.KeYCrossReferenceNameInfo Datatype T declared twice: Once in UNKNOWN:unknown and once in UNKNOWN:unknown, Keeping one from UNKNOWN:unknown 
331960     INFO  Test worker     d.u.i.k.n.KeyIO           Parsing took 0 ms 
331960     INFO  Test worker     d.u.i.k.n.KeyIO           MODE: declarations took 0 ms 
331962     WARN  Test worker     d.u.i.k.j.r.KeYCrossReferenceNameInfo Datatype T declared twice: Once in UNKNOWN:unknown and once in UNKNOWN:unknown, Keeping one from UNKNOWN:unknown 
332027     WARN  Test worker     d.u.i.k.j.r.KeYCrossReferenceNameInfo Datatype T declared twice: Once in UNKNOWN:unknown and once in UNKNOWN:unknown, Keeping one from UNKNOWN:unknown 
332092     INFO  Test worker     d.u.i.k.n.KeyIO           Parsing took 0 ms 
332093     INFO  Test worker     d.u.i.k.n.KeyIO           MODE: declarations took 1 ms 
332094     INFO  Test worker     d.u.i.k.p.TestTermParser  Out: \<{
  int x = 1;
  {
    int s = 2;
  }
}\> (equals(x,x)) 
332095     WARN  Test worker     d.u.i.k.j.r.KeYCrossReferenceNameInfo Datatype T declared twice: Once in UNKNOWN:unknown and once in UNKNOWN:unknown, Keeping one from UNKNOWN:unknown 
332161     INFO  Test worker     d.u.i.k.n.KeyIO           Parsing took 0 ms 
332161     INFO  Test worker     d.u.i.k.n.KeyIO           MODE: declarations took 0 ms 
332162     INFO  Test worker     d.u.i.k.p.TestTermParser  Out: \[{
  int x = 2;
  {
    String s = ""}";
  }
}\] (true) 
332163     WARN  Test worker     d.u.i.k.j.r.KeYCrossReferenceNameInfo Datatype T declared twice: Once in UNKNOWN:unknown and once in UNKNOWN:unknown, Keeping one from UNKNOWN:unknown 
332233     WARN  Test worker     d.u.i.k.j.r.KeYCrossReferenceNameInfo Datatype T declared twice: Once in UNKNOWN:unknown and once in UNKNOWN:unknown, Keeping one from UNKNOWN:unknown 
332298     INFO  Test worker     d.u.i.k.n.KeyIO           Parsing took 0 ms 
332298     INFO  Test worker     d.u.i.k.n.KeyIO           MODE: declarations took 0 ms 
332304     WARN  Test worker     d.u.i.k.j.r.KeYCrossReferenceNameInfo Datatype T declared twice: Once in UNKNOWN:unknown and once in UNKNOWN:unknown, Keeping one from UNKNOWN:unknown 
332369     INFO  Test worker     d.u.i.k.n.KeyIO           Parsing took 0 ms 
332369     INFO  Test worker     d.u.i.k.n.KeyIO           MODE: declarations took 0 ms 
332371     INFO  Test worker     d.u.i.k.p.TestTermParser  Out: \<{
  int[] i;
}\> (diamond(true)) 
332372     WARN  Test worker     d.u.i.k.j.r.KeYCrossReferenceNameInfo Datatype T declared twice: Once in UNKNOWN:unknown and once in UNKNOWN:unknown, Keeping one from UNKNOWN:unknown 
332439     INFO  Test worker     d.u.i.k.n.KeyIO           Parsing took 1 ms 
332439     INFO  Test worker     d.u.i.k.n.KeyIO           MODE: declarations took 0 ms 
332441     WARN  Test worker     d.u.i.k.j.r.KeYCrossReferenceNameInfo Datatype T declared twice: Once in UNKNOWN:unknown and once in UNKNOWN:unknown, Keeping one from UNKNOWN:unknown 
332505     INFO  Test worker     d.u.i.k.n.KeyIO           Parsing took 0 ms 
332505     INFO  Test worker     d.u.i.k.n.KeyIO           MODE: declarations took 0 ms 
332508     WARN  Test worker     d.u.i.k.j.r.KeYCrossReferenceNameInfo Datatype T declared twice: Once in UNKNOWN:unknown and once in UNKNOWN:unknown, Keeping one from UNKNOWN:unknown 
332570     INFO  Test worker     d.u.i.k.n.KeyIO           Parsing took 0 ms 
332570     INFO  Test worker     d.u.i.k.n.KeyIO           MODE: declarations took 0 ms 
332572     WARN  Test worker     d.u.i.k.j.r.KeYCrossReferenceNameInfo Datatype T declared twice: Once in UNKNOWN:unknown and once in UNKNOWN:unknown, Keeping one from UNKNOWN:unknown 
332638     INFO  Test worker     d.u.i.k.n.KeyIO           Parsing took 0 ms 
332638     INFO  Test worker     d.u.i.k.n.KeyIO           MODE: declarations took 0 ms 
332639     WARN  Test worker     d.u.i.k.j.r.KeYCrossReferenceNameInfo Datatype T declared twice: Once in UNKNOWN:unknown and once in UNKNOWN:unknown, Keeping one from UNKNOWN:unknown 
332706     INFO  Test worker     d.u.i.k.n.KeyIO           Parsing took 0 ms 
332706     INFO  Test worker     d.u.i.k.n.KeyIO           MODE: declarations took 0 ms 
332708     WARN  Test worker     d.u.i.k.j.r.KeYCrossReferenceNameInfo Datatype T declared twice: Once in UNKNOWN:unknown and once in UNKNOWN:unknown, Keeping one from UNKNOWN:unknown 
332775     INFO  Test worker     d.u.i.k.n.KeyIO           Parsing took 0 ms 
332775     INFO  Test worker     d.u.i.k.n.KeyIO           MODE: declarations took 0 ms 
332777     WARN  Test worker     d.u.i.k.j.r.KeYCrossReferenceNameInfo Datatype T declared twice: Once in UNKNOWN:unknown and once in UNKNOWN:unknown, Keeping one from UNKNOWN:unknown 
332845     WARN  Test worker     d.u.i.k.j.r.KeYCrossReferenceNameInfo Datatype T declared twice: Once in UNKNOWN:unknown and once in UNKNOWN:unknown, Keeping one from UNKNOWN:unknown 
332921     INFO  Test worker     d.u.i.k.n.KeyIO           Parsing took 1 ms 
332921     INFO  Test worker     d.u.i.k.n.KeyIO           MODE: declarations took 0 ms 
332924     WARN  Test worker     d.u.i.k.j.r.KeYCrossReferenceNameInfo Datatype T declared twice: Once in UNKNOWN:unknown and once in UNKNOWN:unknown, Keeping one from UNKNOWN:unknown 
333000     INFO  Test worker     d.u.i.k.n.KeyIO           Parsing took 0 ms 
333001     INFO  Test worker     d.u.i.k.n.KeyIO           MODE: declarations took 0 ms 
333003     WARN  Test worker     d.u.i.k.j.r.KeYCrossReferenceNameInfo Datatype T declared twice: Once in UNKNOWN:unknown and once in UNKNOWN:unknown, Keeping one from UNKNOWN:unknown 
333076     INFO  Test worker     d.u.i.k.n.KeyIO           Parsing took 0 ms 
333085     INFO  Test worker     d.u.i.k.n.KeyIO           MODE: declarations took 0 ms 
333087     WARN  Test worker     d.u.i.k.j.r.KeYCrossReferenceNameInfo Datatype T declared twice: Once in UNKNOWN:unknown and once in UNKNOWN:unknown, Keeping one from UNKNOWN:unknown 
333160     INFO  Test worker     d.u.i.k.n.KeyIO           Parsing took 0 ms 
333161     INFO  Test worker     d.u.i.k.n.KeyIO           MODE: declarations took 0 ms 
333162     WARN  Test worker     d.u.i.k.j.r.KeYCrossReferenceNameInfo Datatype T declared twice: Once in UNKNOWN:unknown and once in UNKNOWN:unknown, Keeping one from UNKNOWN:unknown 
333250     INFO  Test worker     d.u.i.k.n.KeyIO           Parsing took 1 ms 
333250     INFO  Test worker     d.u.i.k.n.KeyIO           MODE: declarations took 0 ms 
333254     WARN  Test worker     d.u.i.k.j.r.KeYCrossReferenceNameInfo Datatype T declared twice: Once in UNKNOWN:unknown and once in UNKNOWN:unknown, Keeping one from UNKNOWN:unknown 
333319     INFO  Test worker     d.u.i.k.n.KeyIO           Parsing took 0 ms 
333319     INFO  Test worker     d.u.i.k.n.KeyIO           MODE: declarations took 0 ms 
333321     WARN  Test worker     d.u.i.k.j.r.KeYCrossReferenceNameInfo Datatype T declared twice: Once in UNKNOWN:unknown and once in UNKNOWN:unknown, Keeping one from UNKNOWN:unknown 
333384     INFO  Test worker     d.u.i.k.n.KeyIO           Parsing took 0 ms 
333384     INFO  Test worker     d.u.i.k.n.KeyIO           MODE: declarations took 0 ms 
333387     WARN  Test worker     d.u.i.k.j.r.KeYCrossReferenceNameInfo Datatype T declared twice: Once in UNKNOWN:unknown and once in UNKNOWN:unknown, Keeping one from UNKNOWN:unknown 
333459     INFO  Test worker     d.u.i.k.n.KeyIO           Parsing took 1 ms 
333459     INFO  Test worker     d.u.i.k.n.KeyIO           MODE: declarations took 0 ms 
333464     WARN  Test worker     d.u.i.k.j.r.KeYCrossReferenceNameInfo Datatype T declared twice: Once in UNKNOWN:unknown and once in UNKNOWN:unknown, Keeping one from UNKNOWN:unknown 
333538     INFO  Test worker     d.u.i.k.n.KeyIO           Parsing took 0 ms 
333539     INFO  Test worker     d.u.i.k.n.KeyIO           MODE: declarations took 1 ms 
333540     WARN  Test worker     d.u.i.k.j.r.KeYCrossReferenceNameInfo Datatype T declared twice: Once in UNKNOWN:unknown and once in UNKNOWN:unknown, Keeping one from UNKNOWN:unknown 
333607     INFO  Test worker     d.u.i.k.n.KeyIO           Parsing took 0 ms 
333607     INFO  Test worker     d.u.i.k.n.KeyIO           MODE: declarations took 0 ms 
333609     WARN  Test worker     d.u.i.k.j.r.KeYCrossReferenceNameInfo Datatype T declared twice: Once in UNKNOWN:unknown and once in UNKNOWN:unknown, Keeping one from UNKNOWN:unknown 
333673     INFO  Test worker     d.u.i.k.n.KeyIO           Parsing took 1 ms 
333673     INFO  Test worker     d.u.i.k.n.KeyIO           MODE: declarations took 0 ms 
333675     WARN  Test worker     d.u.i.k.j.r.KeYCrossReferenceNameInfo Datatype T declared twice: Once in UNKNOWN:unknown and once in UNKNOWN:unknown, Keeping one from UNKNOWN:unknown 
333738     INFO  Test worker     d.u.i.k.n.KeyIO           Parsing took 0 ms 
333738     INFO  Test worker     d.u.i.k.n.KeyIO           MODE: declarations took 0 ms 
333739     WARN  Test worker     d.u.i.k.j.r.KeYCrossReferenceNameInfo Datatype T declared twice: Once in UNKNOWN:unknown and once in UNKNOWN:unknown, Keeping one from UNKNOWN:unknown 
333804     INFO  Test worker     d.u.i.k.n.KeyIO           Parsing took 0 ms 
333804     INFO  Test worker     d.u.i.k.n.KeyIO           MODE: declarations took 0 ms 
333806     WARN  Test worker     d.u.i.k.j.r.KeYCrossReferenceNameInfo Datatype T declared twice: Once in UNKNOWN:unknown and once in UNKNOWN:unknown, Keeping one from UNKNOWN:unknown 
333870     INFO  Test worker     d.u.i.k.n.KeyIO           Parsing took 0 ms 
333870     INFO  Test worker     d.u.i.k.n.KeyIO           MODE: declarations took 0 ms 
333872     WARN  Test worker     d.u.i.k.j.r.KeYCrossReferenceNameInfo Datatype T declared twice: Once in UNKNOWN:unknown and once in UNKNOWN:unknown, Keeping one from UNKNOWN:unknown 
333940     INFO  Test worker     d.u.i.k.n.KeyIO           Parsing took 0 ms 
333940     INFO  Test worker     d.u.i.k.n.KeyIO           MODE: declarations took 0 ms 
333942     WARN  Test worker     d.u.i.k.j.r.KeYCrossReferenceNameInfo Datatype T declared twice: Once in UNKNOWN:unknown and once in UNKNOWN:unknown, Keeping one from UNKNOWN:unknown 
334006     INFO  Test worker     d.u.i.k.n.KeyIO           Parsing took 0 ms 
334006     INFO  Test worker     d.u.i.k.n.KeyIO           MODE: declarations took 0 ms 
334008     WARN  Test worker     d.u.i.k.j.r.KeYCrossReferenceNameInfo Datatype T declared twice: Once in UNKNOWN:unknown and once in UNKNOWN:unknown, Keeping one from UNKNOWN:unknown 
334074     INFO  Test worker     d.u.i.k.n.KeyIO           Parsing took 0 ms 
334074     INFO  Test worker     d.u.i.k.n.KeyIO           MODE: declarations took 0 ms 
334076     WARN  Test worker     d.u.i.k.j.r.KeYCrossReferenceNameInfo Datatype T declared twice: Once in UNKNOWN:unknown and once in UNKNOWN:unknown, Keeping one from UNKNOWN:unknown 
334139     INFO  Test worker     d.u.i.k.n.KeyIO           Parsing took 0 ms 
334140     INFO  Test worker     d.u.i.k.n.KeyIO           MODE: declarations took 1 ms 
334142     WARN  Test worker     d.u.i.k.j.r.KeYCrossReferenceNameInfo Datatype T declared twice: Once in UNKNOWN:unknown and once in UNKNOWN:unknown, Keeping one from UNKNOWN:unknown 
334206     INFO  Test worker     d.u.i.k.n.KeyIO           Parsing took 0 ms 
334206     INFO  Test worker     d.u.i.k.n.KeyIO           MODE: declarations took 0 ms 
334209     WARN  Test worker     d.u.i.k.j.r.KeYCrossReferenceNameInfo Datatype T declared twice: Once in UNKNOWN:unknown and once in UNKNOWN:unknown, Keeping one from UNKNOWN:unknown 
334272     INFO  Test worker     d.u.i.k.n.KeyIO           Parsing took 1 ms 
334272     INFO  Test worker     d.u.i.k.n.KeyIO           MODE: declarations took 0 ms 
334273     WARN  Test worker     d.u.i.k.j.r.KeYCrossReferenceNameInfo Datatype T declared twice: Once in UNKNOWN:unknown and once in UNKNOWN:unknown, Keeping one from UNKNOWN:unknown 
334342     INFO  Test worker     d.u.i.k.n.KeyIO           Parsing took 0 ms 
334342     INFO  Test worker     d.u.i.k.n.KeyIO           MODE: declarations took 0 ms 
334347     WARN  Test worker     d.u.i.k.j.r.KeYCrossReferenceNameInfo Datatype T declared twice: Once in UNKNOWN:unknown and once in UNKNOWN:unknown, Keeping one from UNKNOWN:unknown 
334413     INFO  Test worker     d.u.i.k.n.KeyIO           Parsing took 0 ms 
334414     INFO  Test worker     d.u.i.k.n.KeyIO           MODE: declarations took 0 ms 
334415     WARN  Test worker     d.u.i.k.j.r.KeYCrossReferenceNameInfo Datatype T declared twice: Once in UNKNOWN:unknown and once in UNKNOWN:unknown, Keeping one from UNKNOWN:unknown 
334482     INFO  Test worker     d.u.i.k.n.KeyIO           Parsing took 0 ms 
334482     INFO  Test worker     d.u.i.k.n.KeyIO           MODE: declarations took 0 ms 
334485     WARN  Test worker     d.u.i.k.j.r.KeYCrossReferenceNameInfo Datatype T declared twice: Once in UNKNOWN:unknown and once in UNKNOWN:unknown, Keeping one from UNKNOWN:unknown 
334556     INFO  Test worker     d.u.i.k.n.KeyIO           Parsing took 0 ms 
334557     INFO  Test worker     d.u.i.k.n.KeyIO           MODE: declarations took 0 ms 
334559     WARN  Test worker     d.u.i.k.j.r.KeYCrossReferenceNameInfo Datatype T declared twice: Once in UNKNOWN:unknown and once in UNKNOWN:unknown, Keeping one from UNKNOWN:unknown 
334625     INFO  Test worker     d.u.i.k.n.KeyIO           Parsing took 0 ms 
334625     INFO  Test worker     d.u.i.k.n.KeyIO           MODE: declarations took 0 ms 
334628     WARN  Test worker     d.u.i.k.j.r.KeYCrossReferenceNameInfo Datatype T declared twice: Once in UNKNOWN:unknown and once in UNKNOWN:unknown, Keeping one from UNKNOWN:unknown 
334703     INFO  Test worker     d.u.i.k.n.KeyIO           Parsing took 0 ms 
334703     INFO  Test worker     d.u.i.k.n.KeyIO           MODE: declarations took 0 ms 
334705     WARN  Test worker     d.u.i.k.j.r.KeYCrossReferenceNameInfo Datatype T declared twice: Once in UNKNOWN:unknown and once in UNKNOWN:unknown, Keeping one from UNKNOWN:unknown 
334771     INFO  Test worker     d.u.i.k.n.KeyIO           Parsing took 0 ms 
334771     INFO  Test worker     d.u.i.k.n.KeyIO           MODE: declarations took 0 ms 
334775     WARN  Test worker     d.u.i.k.j.r.KeYCrossReferenceNameInfo Datatype T declared twice: Once in UNKNOWN:unknown and once in UNKNOWN:unknown, Keeping one from UNKNOWN:unknown 
334842     WARN  Test worker     d.u.i.k.j.r.KeYCrossReferenceNameInfo Datatype T declared twice: Once in UNKNOWN:unknown and once in UNKNOWN:unknown, Keeping one from UNKNOWN:unknown 
334908     INFO  Test worker     d.u.i.k.n.KeyIO           Parsing took 0 ms 
334909     INFO  Test worker     d.u.i.k.n.KeyIO           MODE: declarations took 0 ms 
334913     WARN  Test worker     d.u.i.k.j.r.KeYCrossReferenceNameInfo Datatype T declared twice: Once in UNKNOWN:unknown and once in UNKNOWN:unknown, Keeping one from UNKNOWN:unknown 
334982     INFO  Test worker     d.u.i.k.n.KeyIO           Parsing took 0 ms 
334984     INFO  Test worker     d.u.i.k.n.KeyIO           MODE: declarations took 0 ms 
]]></system-out>
  <system-err><![CDATA[]]></system-err>
</testsuite>
