<?xml version="1.0" encoding="UTF-8"?>
<testsuite name="de.uka.ilkd.key.parser.TestTermParserHeap" tests="39" skipped="0" failures="0" errors="0" timestamp="2023-04-15T00:45:37" hostname="fv-az576-98" time="124.974">
  <properties/>
  <testcase name="testBracketHeapUpdate()" classname="de.uka.ilkd.key.parser.TestTermParserHeap" time="0.017"/>
  <testcase name="testStore()" classname="de.uka.ilkd.key.parser.TestTermParserHeap" time="0.008"/>
  <testcase name="testUnknownConstant()" classname="de.uka.ilkd.key.parser.TestTermParserHeap" time="0.002"/>
  <testcase name="testAllFieldsSelector()" classname="de.uka.ilkd.key.parser.TestTermParserHeap" time="0.002"/>
  <testcase name="testParsePrettyPrintedSelect()" classname="de.uka.ilkd.key.parser.TestTermParserHeap" time="0.002"/>
  <testcase name="testAccessStaticMembers()" classname="de.uka.ilkd.key.parser.TestTermParserHeap" time="0.003"/>
  <testcase name="testAtOperator_1()" classname="de.uka.ilkd.key.parser.TestTermParserHeap" time="0.001"/>
  <testcase name="testAtOperator_2()" classname="de.uka.ilkd.key.parser.TestTermParserHeap" time="0.001"/>
  <testcase name="testAtOperator_3()" classname="de.uka.ilkd.key.parser.TestTermParserHeap" time="0.002"/>
  <testcase name="testAtOperator_4()" classname="de.uka.ilkd.key.parser.TestTermParserHeap" time="0.005"/>
  <testcase name="testAtOperator_5()" classname="de.uka.ilkd.key.parser.TestTermParserHeap" time="0.002"/>
  <testcase name="testAtOperator_6()" classname="de.uka.ilkd.key.parser.TestTermParserHeap" time="0.001"/>
  <testcase name="testAtOperator_7()" classname="de.uka.ilkd.key.parser.TestTermParserHeap" time="0.002"/>
  <testcase name="testAtOperator_8()" classname="de.uka.ilkd.key.parser.TestTermParserHeap" time="0.002"/>
  <testcase name="testVerifyExceptionIfAtOperatorNotPreceededBySelectTerm()" classname="de.uka.ilkd.key.parser.TestTermParserHeap" time="0.002"/>
  <testcase name="testBugResettingCounter()" classname="de.uka.ilkd.key.parser.TestTermParserHeap" time="0.002"/>
  <testcase name="testLocationSets()" classname="de.uka.ilkd.key.parser.TestTermParserHeap" time="0.002"/>
  <testcase name="testQuantifiedSelect()" classname="de.uka.ilkd.key.parser.TestTermParserHeap" time="0.002"/>
  <testcase name="testGenericObjectProperties()" classname="de.uka.ilkd.key.parser.TestTermParserHeap" time="0.002"/>
  <testcase name="testQueryInheritance_1()" classname="de.uka.ilkd.key.parser.TestTermParserHeap" time="0.002"/>
  <testcase name="testQueryInheritance_2()" classname="de.uka.ilkd.key.parser.TestTermParserHeap" time="0.004"/>
  <testcase name="testQueryInheritance_3()" classname="de.uka.ilkd.key.parser.TestTermParserHeap" time="0.005"/>
  <testcase name="testQueryInheritance_4()" classname="de.uka.ilkd.key.parser.TestTermParserHeap" time="0.001"/>
  <testcase name="testQueryInheritance_5()" classname="de.uka.ilkd.key.parser.TestTermParserHeap" time="0.003"/>
  <testcase name="testQueryInheritance_6()" classname="de.uka.ilkd.key.parser.TestTermParserHeap" time="0.001"/>
  <testcase name="testQueryInheritance_7()" classname="de.uka.ilkd.key.parser.TestTermParserHeap" time="0.002"/>
  <testcase name="testQueryInheritance_8()" classname="de.uka.ilkd.key.parser.TestTermParserHeap" time="0.001"/>
  <testcase name="testQueryInheritance_9()" classname="de.uka.ilkd.key.parser.TestTermParserHeap" time="0.001"/>
  <testcase name="testQueryBasic_10()" classname="de.uka.ilkd.key.parser.TestTermParserHeap" time="0.001"/>
  <testcase name="testQueryBasic_11()" classname="de.uka.ilkd.key.parser.TestTermParserHeap" time="0.002"/>
  <testcase name="testQueryBasic_1()" classname="de.uka.ilkd.key.parser.TestTermParserHeap" time="0.001"/>
  <testcase name="testQueryBasic_2()" classname="de.uka.ilkd.key.parser.TestTermParserHeap" time="0.001"/>
  <testcase name="testQueryBasic_3()" classname="de.uka.ilkd.key.parser.TestTermParserHeap" time="0.002"/>
  <testcase name="testQueryBasic_4()" classname="de.uka.ilkd.key.parser.TestTermParserHeap" time="0.002"/>
  <testcase name="testQueryBasic_5()" classname="de.uka.ilkd.key.parser.TestTermParserHeap" time="0.001"/>
  <testcase name="testQueryBasic_6()" classname="de.uka.ilkd.key.parser.TestTermParserHeap" time="0.002"/>
  <testcase name="testQueryBasic_7()" classname="de.uka.ilkd.key.parser.TestTermParserHeap" time="0.003"/>
  <testcase name="testQueryBasic_8()" classname="de.uka.ilkd.key.parser.TestTermParserHeap" time="0.001"/>
  <testcase name="testQueryBasic_9()" classname="de.uka.ilkd.key.parser.TestTermParserHeap" time="0.001"/>
  <system-out><![CDATA[338378     INFO  Test worker     d.u.i.k.n.KeyIO           Parsing took 0 ms 
338378     INFO  Test worker     d.u.i.k.n.KeyIO           MODE: declarations took 0 ms 
338378     INFO  Test worker     d.u.i.k.n.KeyIO           Parsing took 0 ms 
338379     INFO  Test worker     d.u.i.k.n.KeyIO           MODE: declarations took 0 ms 
338379     INFO  Test worker     d.u.i.k.n.KeyIO           Parsing took 0 ms 
338379     INFO  Test worker     d.u.i.k.n.KeyIO           MODE: declarations took 0 ms 
338379     INFO  Test worker     d.u.i.k.n.KeyIO           Parsing took 0 ms 
338379     INFO  Test worker     d.u.i.k.n.KeyIO           MODE: declarations took 0 ms 
338379     INFO  Test worker     d.u.i.k.n.KeyIO           Parsing took 0 ms 
338379     INFO  Test worker     d.u.i.k.n.KeyIO           MODE: declarations took 0 ms 
341752     INFO  Test worker     d.u.i.k.n.KeyIO           Parsing took 0 ms 
341752     INFO  Test worker     d.u.i.k.n.KeyIO           MODE: declarations took 0 ms 
341752     INFO  Test worker     d.u.i.k.n.KeyIO           Parsing took 0 ms 
341752     INFO  Test worker     d.u.i.k.n.KeyIO           MODE: declarations took 0 ms 
341752     INFO  Test worker     d.u.i.k.n.KeyIO           Parsing took 0 ms 
341752     INFO  Test worker     d.u.i.k.n.KeyIO           MODE: declarations took 0 ms 
341752     INFO  Test worker     d.u.i.k.n.KeyIO           Parsing took 0 ms 
341752     INFO  Test worker     d.u.i.k.n.KeyIO           MODE: declarations took 0 ms 
341752     INFO  Test worker     d.u.i.k.n.KeyIO           Parsing took 0 ms 
341752     INFO  Test worker     d.u.i.k.n.KeyIO           MODE: declarations took 0 ms 
345139     INFO  Test worker     d.u.i.k.n.KeyIO           Parsing took 1 ms 
345139     INFO  Test worker     d.u.i.k.n.KeyIO           MODE: declarations took 0 ms 
345139     INFO  Test worker     d.u.i.k.n.KeyIO           Parsing took 0 ms 
345139     INFO  Test worker     d.u.i.k.n.KeyIO           MODE: declarations took 0 ms 
345139     INFO  Test worker     d.u.i.k.n.KeyIO           Parsing took 0 ms 
345139     INFO  Test worker     d.u.i.k.n.KeyIO           MODE: declarations took 0 ms 
345139     INFO  Test worker     d.u.i.k.n.KeyIO           Parsing took 0 ms 
345139     INFO  Test worker     d.u.i.k.n.KeyIO           MODE: declarations took 0 ms 
345139     INFO  Test worker     d.u.i.k.n.KeyIO           Parsing took 0 ms 
345139     INFO  Test worker     d.u.i.k.n.KeyIO           MODE: declarations took 0 ms 
345139     INFO  Test worker     d.u.i.k.n.KeyIO           Parsing took 0 ms 
345139     INFO  Test worker     d.u.i.k.n.KeyIO           MODE: declarations took 0 ms 
348485     INFO  Test worker     d.u.i.k.n.KeyIO           Parsing took 0 ms 
348485     INFO  Test worker     d.u.i.k.n.KeyIO           MODE: declarations took 0 ms 
348485     INFO  Test worker     d.u.i.k.n.KeyIO           Parsing took 0 ms 
348485     INFO  Test worker     d.u.i.k.n.KeyIO           MODE: declarations took 0 ms 
348485     INFO  Test worker     d.u.i.k.n.KeyIO           Parsing took 0 ms 
348485     INFO  Test worker     d.u.i.k.n.KeyIO           MODE: declarations took 0 ms 
348485     INFO  Test worker     d.u.i.k.n.KeyIO           Parsing took 0 ms 
348485     INFO  Test worker     d.u.i.k.n.KeyIO           MODE: declarations took 0 ms 
348486     INFO  Test worker     d.u.i.k.n.KeyIO           Parsing took 1 ms 
348486     INFO  Test worker     d.u.i.k.n.KeyIO           MODE: declarations took 0 ms 
351853     INFO  Test worker     d.u.i.k.n.KeyIO           Parsing took 0 ms 
351854     INFO  Test worker     d.u.i.k.n.KeyIO           MODE: declarations took 1 ms 
351854     INFO  Test worker     d.u.i.k.n.KeyIO           Parsing took 0 ms 
351854     INFO  Test worker     d.u.i.k.n.KeyIO           MODE: declarations took 0 ms 
351854     INFO  Test worker     d.u.i.k.n.KeyIO           Parsing took 0 ms 
351854     INFO  Test worker     d.u.i.k.n.KeyIO           MODE: declarations took 0 ms 
351854     INFO  Test worker     d.u.i.k.n.KeyIO           Parsing took 0 ms 
351854     INFO  Test worker     d.u.i.k.n.KeyIO           MODE: declarations took 0 ms 
351854     INFO  Test worker     d.u.i.k.n.KeyIO           Parsing took 0 ms 
351854     INFO  Test worker     d.u.i.k.n.KeyIO           MODE: declarations took 0 ms 
355166     INFO  Test worker     d.u.i.k.n.KeyIO           Parsing took 0 ms 
355166     INFO  Test worker     d.u.i.k.n.KeyIO           MODE: declarations took 0 ms 
355166     INFO  Test worker     d.u.i.k.n.KeyIO           Parsing took 0 ms 
355166     INFO  Test worker     d.u.i.k.n.KeyIO           MODE: declarations took 0 ms 
355166     INFO  Test worker     d.u.i.k.n.KeyIO           Parsing took 0 ms 
355166     INFO  Test worker     d.u.i.k.n.KeyIO           MODE: declarations took 0 ms 
355166     INFO  Test worker     d.u.i.k.n.KeyIO           Parsing took 0 ms 
355166     INFO  Test worker     d.u.i.k.n.KeyIO           MODE: declarations took 0 ms 
355166     INFO  Test worker     d.u.i.k.n.KeyIO           Parsing took 0 ms 
355167     INFO  Test worker     d.u.i.k.n.KeyIO           MODE: declarations took 0 ms 
358484     INFO  Test worker     d.u.i.k.n.KeyIO           Parsing took 0 ms 
358484     INFO  Test worker     d.u.i.k.n.KeyIO           MODE: declarations took 0 ms 
358484     INFO  Test worker     d.u.i.k.n.KeyIO           Parsing took 0 ms 
358484     INFO  Test worker     d.u.i.k.n.KeyIO           MODE: declarations took 0 ms 
358484     INFO  Test worker     d.u.i.k.n.KeyIO           Parsing took 0 ms 
358485     INFO  Test worker     d.u.i.k.n.KeyIO           MODE: declarations took 0 ms 
358485     INFO  Test worker     d.u.i.k.n.KeyIO           Parsing took 0 ms 
358485     INFO  Test worker     d.u.i.k.n.KeyIO           MODE: declarations took 0 ms 
358485     INFO  Test worker     d.u.i.k.n.KeyIO           Parsing took 0 ms 
358485     INFO  Test worker     d.u.i.k.n.KeyIO           MODE: declarations took 0 ms 
361747     INFO  Test worker     d.u.i.k.n.KeyIO           Parsing took 0 ms 
361747     INFO  Test worker     d.u.i.k.n.KeyIO           MODE: declarations took 0 ms 
361747     INFO  Test worker     d.u.i.k.n.KeyIO           Parsing took 0 ms 
361747     INFO  Test worker     d.u.i.k.n.KeyIO           MODE: declarations took 0 ms 
361747     INFO  Test worker     d.u.i.k.n.KeyIO           Parsing took 0 ms 
361747     INFO  Test worker     d.u.i.k.n.KeyIO           MODE: declarations took 0 ms 
361747     INFO  Test worker     d.u.i.k.n.KeyIO           Parsing took 0 ms 
361748     INFO  Test worker     d.u.i.k.n.KeyIO           MODE: declarations took 0 ms 
361748     INFO  Test worker     d.u.i.k.n.KeyIO           Parsing took 0 ms 
361748     INFO  Test worker     d.u.i.k.n.KeyIO           MODE: declarations took 0 ms 
365100     INFO  Test worker     d.u.i.k.n.KeyIO           Parsing took 0 ms 
365100     INFO  Test worker     d.u.i.k.n.KeyIO           MODE: declarations took 0 ms 
365100     INFO  Test worker     d.u.i.k.n.KeyIO           Parsing took 0 ms 
365100     INFO  Test worker     d.u.i.k.n.KeyIO           MODE: declarations took 0 ms 
365100     INFO  Test worker     d.u.i.k.n.KeyIO           Parsing took 0 ms 
365100     INFO  Test worker     d.u.i.k.n.KeyIO           MODE: declarations took 0 ms 
365100     INFO  Test worker     d.u.i.k.n.KeyIO           Parsing took 0 ms 
365100     INFO  Test worker     d.u.i.k.n.KeyIO           MODE: declarations took 0 ms 
365100     INFO  Test worker     d.u.i.k.n.KeyIO           Parsing took 0 ms 
365100     INFO  Test worker     d.u.i.k.n.KeyIO           MODE: declarations took 0 ms 
368444     INFO  Test worker     d.u.i.k.n.KeyIO           Parsing took 0 ms 
368445     INFO  Test worker     d.u.i.k.n.KeyIO           MODE: declarations took 1 ms 
368445     INFO  Test worker     d.u.i.k.n.KeyIO           Parsing took 0 ms 
368445     INFO  Test worker     d.u.i.k.n.KeyIO           MODE: declarations took 0 ms 
368445     INFO  Test worker     d.u.i.k.n.KeyIO           Parsing took 0 ms 
368445     INFO  Test worker     d.u.i.k.n.KeyIO           MODE: declarations took 0 ms 
368445     INFO  Test worker     d.u.i.k.n.KeyIO           Parsing took 0 ms 
368445     INFO  Test worker     d.u.i.k.n.KeyIO           MODE: declarations took 0 ms 
368445     INFO  Test worker     d.u.i.k.n.KeyIO           Parsing took 0 ms 
368445     INFO  Test worker     d.u.i.k.n.KeyIO           MODE: declarations took 0 ms 
371717     INFO  Test worker     d.u.i.k.n.KeyIO           Parsing took 0 ms 
371718     INFO  Test worker     d.u.i.k.n.KeyIO           MODE: declarations took 0 ms 
371718     INFO  Test worker     d.u.i.k.n.KeyIO           Parsing took 0 ms 
371718     INFO  Test worker     d.u.i.k.n.KeyIO           MODE: declarations took 0 ms 
371718     INFO  Test worker     d.u.i.k.n.KeyIO           Parsing took 0 ms 
371718     INFO  Test worker     d.u.i.k.n.KeyIO           MODE: declarations took 0 ms 
371718     INFO  Test worker     d.u.i.k.n.KeyIO           Parsing took 0 ms 
371718     INFO  Test worker     d.u.i.k.n.KeyIO           MODE: declarations took 0 ms 
371718     INFO  Test worker     d.u.i.k.n.KeyIO           Parsing took 0 ms 
371718     INFO  Test worker     d.u.i.k.n.KeyIO           MODE: declarations took 0 ms 
375046     INFO  Test worker     d.u.i.k.n.KeyIO           Parsing took 0 ms 
375046     INFO  Test worker     d.u.i.k.n.KeyIO           MODE: declarations took 0 ms 
375046     INFO  Test worker     d.u.i.k.n.KeyIO           Parsing took 0 ms 
375046     INFO  Test worker     d.u.i.k.n.KeyIO           MODE: declarations took 0 ms 
375046     INFO  Test worker     d.u.i.k.n.KeyIO           Parsing took 0 ms 
375047     INFO  Test worker     d.u.i.k.n.KeyIO           MODE: declarations took 0 ms 
375047     INFO  Test worker     d.u.i.k.n.KeyIO           Parsing took 0 ms 
375047     INFO  Test worker     d.u.i.k.n.KeyIO           MODE: declarations took 0 ms 
375047     INFO  Test worker     d.u.i.k.n.KeyIO           Parsing took 0 ms 
375047     INFO  Test worker     d.u.i.k.n.KeyIO           MODE: declarations took 0 ms 
378279     INFO  Test worker     d.u.i.k.n.KeyIO           Parsing took 0 ms 
378279     INFO  Test worker     d.u.i.k.n.KeyIO           MODE: declarations took 0 ms 
378280     INFO  Test worker     d.u.i.k.n.KeyIO           Parsing took 0 ms 
378280     INFO  Test worker     d.u.i.k.n.KeyIO           MODE: declarations took 0 ms 
378280     INFO  Test worker     d.u.i.k.n.KeyIO           Parsing took 0 ms 
378280     INFO  Test worker     d.u.i.k.n.KeyIO           MODE: declarations took 0 ms 
378280     INFO  Test worker     d.u.i.k.n.KeyIO           Parsing took 0 ms 
378280     INFO  Test worker     d.u.i.k.n.KeyIO           MODE: declarations took 0 ms 
378280     INFO  Test worker     d.u.i.k.n.KeyIO           Parsing took 0 ms 
378280     INFO  Test worker     d.u.i.k.n.KeyIO           MODE: declarations took 0 ms 
381548     INFO  Test worker     d.u.i.k.n.KeyIO           Parsing took 0 ms 
381548     INFO  Test worker     d.u.i.k.n.KeyIO           MODE: declarations took 0 ms 
381548     INFO  Test worker     d.u.i.k.n.KeyIO           Parsing took 0 ms 
381548     INFO  Test worker     d.u.i.k.n.KeyIO           MODE: declarations took 0 ms 
381548     INFO  Test worker     d.u.i.k.n.KeyIO           Parsing took 0 ms 
381548     INFO  Test worker     d.u.i.k.n.KeyIO           MODE: declarations took 0 ms 
381548     INFO  Test worker     d.u.i.k.n.KeyIO           Parsing took 0 ms 
381548     INFO  Test worker     d.u.i.k.n.KeyIO           MODE: declarations took 0 ms 
381548     INFO  Test worker     d.u.i.k.n.KeyIO           Parsing took 0 ms 
381548     INFO  Test worker     d.u.i.k.n.KeyIO           MODE: declarations took 0 ms 
384812     INFO  Test worker     d.u.i.k.n.KeyIO           Parsing took 0 ms 
384812     INFO  Test worker     d.u.i.k.n.KeyIO           MODE: declarations took 0 ms 
384812     INFO  Test worker     d.u.i.k.n.KeyIO           Parsing took 0 ms 
384812     INFO  Test worker     d.u.i.k.n.KeyIO           MODE: declarations took 0 ms 
384813     INFO  Test worker     d.u.i.k.n.KeyIO           Parsing took 0 ms 
384813     INFO  Test worker     d.u.i.k.n.KeyIO           MODE: declarations took 0 ms 
384813     INFO  Test worker     d.u.i.k.n.KeyIO           Parsing took 0 ms 
384813     INFO  Test worker     d.u.i.k.n.KeyIO           MODE: declarations took 0 ms 
384813     INFO  Test worker     d.u.i.k.n.KeyIO           Parsing took 0 ms 
384813     INFO  Test worker     d.u.i.k.n.KeyIO           MODE: declarations took 0 ms 
384814     WARN  Test worker     d.u.i.k.n.KeYParser       [syntax-error] <unknown>:1:11: mismatched input '@' expecting {'/', ':=', '.', '(', ')', '{', '[', '@', PARALLEL, OR, AND, IMP, '=', NOT_EQUALS, '%', '*', '-', '+', '>', GREATEREQUAL, '<', LESSEQUAL, LGUILLEMETS, EQV} [@11,11:11='@',<153>,1:11] (termEOF) 
388117     INFO  Test worker     d.u.i.k.n.KeyIO           Parsing took 0 ms 
388117     INFO  Test worker     d.u.i.k.n.KeyIO           MODE: declarations took 0 ms 
388117     INFO  Test worker     d.u.i.k.n.KeyIO           Parsing took 0 ms 
388117     INFO  Test worker     d.u.i.k.n.KeyIO           MODE: declarations took 0 ms 
388117     INFO  Test worker     d.u.i.k.n.KeyIO           Parsing took 0 ms 
388117     INFO  Test worker     d.u.i.k.n.KeyIO           MODE: declarations took 0 ms 
388117     INFO  Test worker     d.u.i.k.n.KeyIO           Parsing took 0 ms 
388117     INFO  Test worker     d.u.i.k.n.KeyIO           MODE: declarations took 0 ms 
388117     INFO  Test worker     d.u.i.k.n.KeyIO           Parsing took 0 ms 
388117     INFO  Test worker     d.u.i.k.n.KeyIO           MODE: declarations took 0 ms 
391422     INFO  Test worker     d.u.i.k.n.KeyIO           Parsing took 0 ms 
391422     INFO  Test worker     d.u.i.k.n.KeyIO           MODE: declarations took 0 ms 
391422     INFO  Test worker     d.u.i.k.n.KeyIO           Parsing took 0 ms 
391422     INFO  Test worker     d.u.i.k.n.KeyIO           MODE: declarations took 0 ms 
391422     INFO  Test worker     d.u.i.k.n.KeyIO           Parsing took 0 ms 
391422     INFO  Test worker     d.u.i.k.n.KeyIO           MODE: declarations took 0 ms 
391422     INFO  Test worker     d.u.i.k.n.KeyIO           Parsing took 0 ms 
391422     INFO  Test worker     d.u.i.k.n.KeyIO           MODE: declarations took 0 ms 
391422     INFO  Test worker     d.u.i.k.n.KeyIO           Parsing took 0 ms 
391422     INFO  Test worker     d.u.i.k.n.KeyIO           MODE: declarations took 0 ms 
394676     INFO  Test worker     d.u.i.k.n.KeyIO           Parsing took 0 ms 
394677     INFO  Test worker     d.u.i.k.n.KeyIO           MODE: declarations took 0 ms 
394677     INFO  Test worker     d.u.i.k.n.KeyIO           Parsing took 0 ms 
394677     INFO  Test worker     d.u.i.k.n.KeyIO           MODE: declarations took 0 ms 
394677     INFO  Test worker     d.u.i.k.n.KeyIO           Parsing took 0 ms 
394677     INFO  Test worker     d.u.i.k.n.KeyIO           MODE: declarations took 0 ms 
394677     INFO  Test worker     d.u.i.k.n.KeyIO           Parsing took 0 ms 
394677     INFO  Test worker     d.u.i.k.n.KeyIO           MODE: declarations took 0 ms 
394677     INFO  Test worker     d.u.i.k.n.KeyIO           Parsing took 0 ms 
394677     INFO  Test worker     d.u.i.k.n.KeyIO           MODE: declarations took 0 ms 
397933     INFO  Test worker     d.u.i.k.n.KeyIO           Parsing took 0 ms 
397933     INFO  Test worker     d.u.i.k.n.KeyIO           MODE: declarations took 0 ms 
397933     INFO  Test worker     d.u.i.k.n.KeyIO           Parsing took 0 ms 
397933     INFO  Test worker     d.u.i.k.n.KeyIO           MODE: declarations took 0 ms 
397933     INFO  Test worker     d.u.i.k.n.KeyIO           Parsing took 0 ms 
397933     INFO  Test worker     d.u.i.k.n.KeyIO           MODE: declarations took 0 ms 
397933     INFO  Test worker     d.u.i.k.n.KeyIO           Parsing took 0 ms 
397933     INFO  Test worker     d.u.i.k.n.KeyIO           MODE: declarations took 0 ms 
397933     INFO  Test worker     d.u.i.k.n.KeyIO           Parsing took 0 ms 
397934     INFO  Test worker     d.u.i.k.n.KeyIO           MODE: declarations took 1 ms 
401148     INFO  Test worker     d.u.i.k.n.KeyIO           Parsing took 0 ms 
401148     INFO  Test worker     d.u.i.k.n.KeyIO           MODE: declarations took 0 ms 
401148     INFO  Test worker     d.u.i.k.n.KeyIO           Parsing took 0 ms 
401148     INFO  Test worker     d.u.i.k.n.KeyIO           MODE: declarations took 0 ms 
401148     INFO  Test worker     d.u.i.k.n.KeyIO           Parsing took 0 ms 
401148     INFO  Test worker     d.u.i.k.n.KeyIO           MODE: declarations took 0 ms 
401148     INFO  Test worker     d.u.i.k.n.KeyIO           Parsing took 0 ms 
401148     INFO  Test worker     d.u.i.k.n.KeyIO           MODE: declarations took 0 ms 
401148     INFO  Test worker     d.u.i.k.n.KeyIO           Parsing took 0 ms 
401148     INFO  Test worker     d.u.i.k.n.KeyIO           MODE: declarations took 0 ms 
404438     INFO  Test worker     d.u.i.k.n.KeyIO           Parsing took 0 ms 
404438     INFO  Test worker     d.u.i.k.n.KeyIO           MODE: declarations took 0 ms 
404438     INFO  Test worker     d.u.i.k.n.KeyIO           Parsing took 0 ms 
404439     INFO  Test worker     d.u.i.k.n.KeyIO           MODE: declarations took 0 ms 
404439     INFO  Test worker     d.u.i.k.n.KeyIO           Parsing took 0 ms 
404439     INFO  Test worker     d.u.i.k.n.KeyIO           MODE: declarations took 0 ms 
404439     INFO  Test worker     d.u.i.k.n.KeyIO           Parsing took 0 ms 
404440     INFO  Test worker     d.u.i.k.n.KeyIO           MODE: declarations took 1 ms 
404440     INFO  Test worker     d.u.i.k.n.KeyIO           Parsing took 0 ms 
404440     INFO  Test worker     d.u.i.k.n.KeyIO           MODE: declarations took 0 ms 
407733     INFO  Test worker     d.u.i.k.n.KeyIO           Parsing took 0 ms 
407734     INFO  Test worker     d.u.i.k.n.KeyIO           MODE: declarations took 1 ms 
407734     INFO  Test worker     d.u.i.k.n.KeyIO           Parsing took 0 ms 
407734     INFO  Test worker     d.u.i.k.n.KeyIO           MODE: declarations took 0 ms 
407735     INFO  Test worker     d.u.i.k.n.KeyIO           Parsing took 0 ms 
407735     INFO  Test worker     d.u.i.k.n.KeyIO           MODE: declarations took 0 ms 
407735     INFO  Test worker     d.u.i.k.n.KeyIO           Parsing took 0 ms 
407735     INFO  Test worker     d.u.i.k.n.KeyIO           MODE: declarations took 0 ms 
407736     INFO  Test worker     d.u.i.k.n.KeyIO           Parsing took 0 ms 
407736     INFO  Test worker     d.u.i.k.n.KeyIO           MODE: declarations took 0 ms 
410933     INFO  Test worker     d.u.i.k.n.KeyIO           Parsing took 0 ms 
410933     INFO  Test worker     d.u.i.k.n.KeyIO           MODE: declarations took 0 ms 
410933     INFO  Test worker     d.u.i.k.n.KeyIO           Parsing took 0 ms 
410933     INFO  Test worker     d.u.i.k.n.KeyIO           MODE: declarations took 0 ms 
410933     INFO  Test worker     d.u.i.k.n.KeyIO           Parsing took 0 ms 
410934     INFO  Test worker     d.u.i.k.n.KeyIO           MODE: declarations took 1 ms 
410934     INFO  Test worker     d.u.i.k.n.KeyIO           Parsing took 0 ms 
410934     INFO  Test worker     d.u.i.k.n.KeyIO           MODE: declarations took 0 ms 
410934     INFO  Test worker     d.u.i.k.n.KeyIO           Parsing took 0 ms 
410934     INFO  Test worker     d.u.i.k.n.KeyIO           MODE: declarations took 0 ms 
414219     INFO  Test worker     d.u.i.k.n.KeyIO           Parsing took 1 ms 
414220     INFO  Test worker     d.u.i.k.n.KeyIO           MODE: declarations took 0 ms 
414220     INFO  Test worker     d.u.i.k.n.KeyIO           Parsing took 0 ms 
414220     INFO  Test worker     d.u.i.k.n.KeyIO           MODE: declarations took 0 ms 
414220     INFO  Test worker     d.u.i.k.n.KeyIO           Parsing took 0 ms 
414220     INFO  Test worker     d.u.i.k.n.KeyIO           MODE: declarations took 0 ms 
414220     INFO  Test worker     d.u.i.k.n.KeyIO           Parsing took 0 ms 
414220     INFO  Test worker     d.u.i.k.n.KeyIO           MODE: declarations took 0 ms 
414220     INFO  Test worker     d.u.i.k.n.KeyIO           Parsing took 0 ms 
414220     INFO  Test worker     d.u.i.k.n.KeyIO           MODE: declarations took 0 ms 
417454     INFO  Test worker     d.u.i.k.n.KeyIO           Parsing took 0 ms 
417455     INFO  Test worker     d.u.i.k.n.KeyIO           MODE: declarations took 1 ms 
417455     INFO  Test worker     d.u.i.k.n.KeyIO           Parsing took 0 ms 
417455     INFO  Test worker     d.u.i.k.n.KeyIO           MODE: declarations took 0 ms 
417455     INFO  Test worker     d.u.i.k.n.KeyIO           Parsing took 0 ms 
417455     INFO  Test worker     d.u.i.k.n.KeyIO           MODE: declarations took 0 ms 
417455     INFO  Test worker     d.u.i.k.n.KeyIO           Parsing took 0 ms 
417455     INFO  Test worker     d.u.i.k.n.KeyIO           MODE: declarations took 0 ms 
417455     INFO  Test worker     d.u.i.k.n.KeyIO           Parsing took 0 ms 
417455     INFO  Test worker     d.u.i.k.n.KeyIO           MODE: declarations took 0 ms 
420726     INFO  Test worker     d.u.i.k.n.KeyIO           Parsing took 0 ms 
420726     INFO  Test worker     d.u.i.k.n.KeyIO           MODE: declarations took 0 ms 
420726     INFO  Test worker     d.u.i.k.n.KeyIO           Parsing took 0 ms 
420726     INFO  Test worker     d.u.i.k.n.KeyIO           MODE: declarations took 0 ms 
420726     INFO  Test worker     d.u.i.k.n.KeyIO           Parsing took 0 ms 
420726     INFO  Test worker     d.u.i.k.n.KeyIO           MODE: declarations took 0 ms 
420726     INFO  Test worker     d.u.i.k.n.KeyIO           Parsing took 0 ms 
420726     INFO  Test worker     d.u.i.k.n.KeyIO           MODE: declarations took 0 ms 
420726     INFO  Test worker     d.u.i.k.n.KeyIO           Parsing took 0 ms 
420726     INFO  Test worker     d.u.i.k.n.KeyIO           MODE: declarations took 0 ms 
424077     INFO  Test worker     d.u.i.k.n.KeyIO           Parsing took 0 ms 
424077     INFO  Test worker     d.u.i.k.n.KeyIO           MODE: declarations took 0 ms 
424078     INFO  Test worker     d.u.i.k.n.KeyIO           Parsing took 0 ms 
424078     INFO  Test worker     d.u.i.k.n.KeyIO           MODE: declarations took 0 ms 
424078     INFO  Test worker     d.u.i.k.n.KeyIO           Parsing took 0 ms 
424078     INFO  Test worker     d.u.i.k.n.KeyIO           MODE: declarations took 0 ms 
424078     INFO  Test worker     d.u.i.k.n.KeyIO           Parsing took 0 ms 
424078     INFO  Test worker     d.u.i.k.n.KeyIO           MODE: declarations took 0 ms 
424078     INFO  Test worker     d.u.i.k.n.KeyIO           Parsing took 0 ms 
424078     INFO  Test worker     d.u.i.k.n.KeyIO           MODE: declarations took 0 ms 
427310     INFO  Test worker     d.u.i.k.n.KeyIO           Parsing took 0 ms 
427310     INFO  Test worker     d.u.i.k.n.KeyIO           MODE: declarations took 0 ms 
427310     INFO  Test worker     d.u.i.k.n.KeyIO           Parsing took 0 ms 
427310     INFO  Test worker     d.u.i.k.n.KeyIO           MODE: declarations took 0 ms 
427310     INFO  Test worker     d.u.i.k.n.KeyIO           Parsing took 0 ms 
427310     INFO  Test worker     d.u.i.k.n.KeyIO           MODE: declarations took 0 ms 
427310     INFO  Test worker     d.u.i.k.n.KeyIO           Parsing took 0 ms 
427310     INFO  Test worker     d.u.i.k.n.KeyIO           MODE: declarations took 0 ms 
427310     INFO  Test worker     d.u.i.k.n.KeyIO           Parsing took 0 ms 
427310     INFO  Test worker     d.u.i.k.n.KeyIO           MODE: declarations took 0 ms 
430585     INFO  Test worker     d.u.i.k.n.KeyIO           Parsing took 0 ms 
430585     INFO  Test worker     d.u.i.k.n.KeyIO           MODE: declarations took 0 ms 
430585     INFO  Test worker     d.u.i.k.n.KeyIO           Parsing took 0 ms 
430585     INFO  Test worker     d.u.i.k.n.KeyIO           MODE: declarations took 0 ms 
430585     INFO  Test worker     d.u.i.k.n.KeyIO           Parsing took 0 ms 
430585     INFO  Test worker     d.u.i.k.n.KeyIO           MODE: declarations took 0 ms 
430585     INFO  Test worker     d.u.i.k.n.KeyIO           Parsing took 0 ms 
430585     INFO  Test worker     d.u.i.k.n.KeyIO           MODE: declarations took 0 ms 
430585     INFO  Test worker     d.u.i.k.n.KeyIO           Parsing took 0 ms 
430585     INFO  Test worker     d.u.i.k.n.KeyIO           MODE: declarations took 0 ms 
433871     INFO  Test worker     d.u.i.k.n.KeyIO           Parsing took 0 ms 
433871     INFO  Test worker     d.u.i.k.n.KeyIO           MODE: declarations took 0 ms 
433871     INFO  Test worker     d.u.i.k.n.KeyIO           Parsing took 0 ms 
433872     INFO  Test worker     d.u.i.k.n.KeyIO           MODE: declarations took 1 ms 
433872     INFO  Test worker     d.u.i.k.n.KeyIO           Parsing took 0 ms 
433872     INFO  Test worker     d.u.i.k.n.KeyIO           MODE: declarations took 0 ms 
433872     INFO  Test worker     d.u.i.k.n.KeyIO           Parsing took 0 ms 
433872     INFO  Test worker     d.u.i.k.n.KeyIO           MODE: declarations took 0 ms 
433872     INFO  Test worker     d.u.i.k.n.KeyIO           Parsing took 0 ms 
433872     INFO  Test worker     d.u.i.k.n.KeyIO           MODE: declarations took 0 ms 
437173     INFO  Test worker     d.u.i.k.n.KeyIO           Parsing took 0 ms 
437173     INFO  Test worker     d.u.i.k.n.KeyIO           MODE: declarations took 0 ms 
437173     INFO  Test worker     d.u.i.k.n.KeyIO           Parsing took 0 ms 
437173     INFO  Test worker     d.u.i.k.n.KeyIO           MODE: declarations took 0 ms 
437173     INFO  Test worker     d.u.i.k.n.KeyIO           Parsing took 0 ms 
437173     INFO  Test worker     d.u.i.k.n.KeyIO           MODE: declarations took 0 ms 
437173     INFO  Test worker     d.u.i.k.n.KeyIO           Parsing took 0 ms 
437173     INFO  Test worker     d.u.i.k.n.KeyIO           MODE: declarations took 0 ms 
437173     INFO  Test worker     d.u.i.k.n.KeyIO           Parsing took 0 ms 
437173     INFO  Test worker     d.u.i.k.n.KeyIO           MODE: declarations took 0 ms 
440494     INFO  Test worker     d.u.i.k.n.KeyIO           Parsing took 0 ms 
440494     INFO  Test worker     d.u.i.k.n.KeyIO           MODE: declarations took 0 ms 
440494     INFO  Test worker     d.u.i.k.n.KeyIO           Parsing took 0 ms 
440494     INFO  Test worker     d.u.i.k.n.KeyIO           MODE: declarations took 0 ms 
440494     INFO  Test worker     d.u.i.k.n.KeyIO           Parsing took 0 ms 
440494     INFO  Test worker     d.u.i.k.n.KeyIO           MODE: declarations took 0 ms 
440494     INFO  Test worker     d.u.i.k.n.KeyIO           Parsing took 0 ms 
440494     INFO  Test worker     d.u.i.k.n.KeyIO           MODE: declarations took 0 ms 
440494     INFO  Test worker     d.u.i.k.n.KeyIO           Parsing took 0 ms 
440494     INFO  Test worker     d.u.i.k.n.KeyIO           MODE: declarations took 0 ms 
443760     INFO  Test worker     d.u.i.k.n.KeyIO           Parsing took 0 ms 
443760     INFO  Test worker     d.u.i.k.n.KeyIO           MODE: declarations took 0 ms 
443760     INFO  Test worker     d.u.i.k.n.KeyIO           Parsing took 0 ms 
443760     INFO  Test worker     d.u.i.k.n.KeyIO           MODE: declarations took 0 ms 
443760     INFO  Test worker     d.u.i.k.n.KeyIO           Parsing took 0 ms 
443760     INFO  Test worker     d.u.i.k.n.KeyIO           MODE: declarations took 0 ms 
443760     INFO  Test worker     d.u.i.k.n.KeyIO           Parsing took 0 ms 
443761     INFO  Test worker     d.u.i.k.n.KeyIO           MODE: declarations took 0 ms 
443761     INFO  Test worker     d.u.i.k.n.KeyIO           Parsing took 0 ms 
443761     INFO  Test worker     d.u.i.k.n.KeyIO           MODE: declarations took 0 ms 
447056     INFO  Test worker     d.u.i.k.n.KeyIO           Parsing took 0 ms 
447056     INFO  Test worker     d.u.i.k.n.KeyIO           MODE: declarations took 0 ms 
447056     INFO  Test worker     d.u.i.k.n.KeyIO           Parsing took 0 ms 
447057     INFO  Test worker     d.u.i.k.n.KeyIO           MODE: declarations took 1 ms 
447057     INFO  Test worker     d.u.i.k.n.KeyIO           Parsing took 0 ms 
447057     INFO  Test worker     d.u.i.k.n.KeyIO           MODE: declarations took 0 ms 
447057     INFO  Test worker     d.u.i.k.n.KeyIO           Parsing took 0 ms 
447057     INFO  Test worker     d.u.i.k.n.KeyIO           MODE: declarations took 0 ms 
447057     INFO  Test worker     d.u.i.k.n.KeyIO           Parsing took 0 ms 
447057     INFO  Test worker     d.u.i.k.n.KeyIO           MODE: declarations took 0 ms 
450375     INFO  Test worker     d.u.i.k.n.KeyIO           Parsing took 0 ms 
450376     INFO  Test worker     d.u.i.k.n.KeyIO           MODE: declarations took 0 ms 
450376     INFO  Test worker     d.u.i.k.n.KeyIO           Parsing took 0 ms 
450376     INFO  Test worker     d.u.i.k.n.KeyIO           MODE: declarations took 0 ms 
450376     INFO  Test worker     d.u.i.k.n.KeyIO           Parsing took 0 ms 
450376     INFO  Test worker     d.u.i.k.n.KeyIO           MODE: declarations took 0 ms 
450376     INFO  Test worker     d.u.i.k.n.KeyIO           Parsing took 0 ms 
450376     INFO  Test worker     d.u.i.k.n.KeyIO           MODE: declarations took 0 ms 
450376     INFO  Test worker     d.u.i.k.n.KeyIO           Parsing took 0 ms 
450376     INFO  Test worker     d.u.i.k.n.KeyIO           MODE: declarations took 0 ms 
453632     INFO  Test worker     d.u.i.k.n.KeyIO           Parsing took 0 ms 
453633     INFO  Test worker     d.u.i.k.n.KeyIO           MODE: declarations took 0 ms 
453633     INFO  Test worker     d.u.i.k.n.KeyIO           Parsing took 0 ms 
453633     INFO  Test worker     d.u.i.k.n.KeyIO           MODE: declarations took 0 ms 
453633     INFO  Test worker     d.u.i.k.n.KeyIO           Parsing took 0 ms 
453633     INFO  Test worker     d.u.i.k.n.KeyIO           MODE: declarations took 0 ms 
453633     INFO  Test worker     d.u.i.k.n.KeyIO           Parsing took 0 ms 
453633     INFO  Test worker     d.u.i.k.n.KeyIO           MODE: declarations took 0 ms 
453633     INFO  Test worker     d.u.i.k.n.KeyIO           Parsing took 0 ms 
453633     INFO  Test worker     d.u.i.k.n.KeyIO           MODE: declarations took 0 ms 
456857     INFO  Test worker     d.u.i.k.n.KeyIO           Parsing took 0 ms 
456857     INFO  Test worker     d.u.i.k.n.KeyIO           MODE: declarations took 0 ms 
456857     INFO  Test worker     d.u.i.k.n.KeyIO           Parsing took 0 ms 
456857     INFO  Test worker     d.u.i.k.n.KeyIO           MODE: declarations took 0 ms 
456857     INFO  Test worker     d.u.i.k.n.KeyIO           Parsing took 0 ms 
456857     INFO  Test worker     d.u.i.k.n.KeyIO           MODE: declarations took 0 ms 
456857     INFO  Test worker     d.u.i.k.n.KeyIO           Parsing took 0 ms 
456858     INFO  Test worker     d.u.i.k.n.KeyIO           MODE: declarations took 1 ms 
456858     INFO  Test worker     d.u.i.k.n.KeyIO           Parsing took 0 ms 
456858     INFO  Test worker     d.u.i.k.n.KeyIO           MODE: declarations took 0 ms 
460097     INFO  Test worker     d.u.i.k.n.KeyIO           Parsing took 0 ms 
460097     INFO  Test worker     d.u.i.k.n.KeyIO           MODE: declarations took 0 ms 
460097     INFO  Test worker     d.u.i.k.n.KeyIO           Parsing took 0 ms 
460097     INFO  Test worker     d.u.i.k.n.KeyIO           MODE: declarations took 0 ms 
460097     INFO  Test worker     d.u.i.k.n.KeyIO           Parsing took 0 ms 
460097     INFO  Test worker     d.u.i.k.n.KeyIO           MODE: declarations took 0 ms 
460097     INFO  Test worker     d.u.i.k.n.KeyIO           Parsing took 0 ms 
460097     INFO  Test worker     d.u.i.k.n.KeyIO           MODE: declarations took 0 ms 
460097     INFO  Test worker     d.u.i.k.n.KeyIO           Parsing took 0 ms 
460097     INFO  Test worker     d.u.i.k.n.KeyIO           MODE: declarations took 0 ms 
463351     INFO  Test worker     d.u.i.k.n.KeyIO           Parsing took 0 ms 
463352     INFO  Test worker     d.u.i.k.n.KeyIO           MODE: declarations took 0 ms 
463352     INFO  Test worker     d.u.i.k.n.KeyIO           Parsing took 0 ms 
463352     INFO  Test worker     d.u.i.k.n.KeyIO           MODE: declarations took 0 ms 
463352     INFO  Test worker     d.u.i.k.n.KeyIO           Parsing took 0 ms 
463352     INFO  Test worker     d.u.i.k.n.KeyIO           MODE: declarations took 0 ms 
463352     INFO  Test worker     d.u.i.k.n.KeyIO           Parsing took 0 ms 
463352     INFO  Test worker     d.u.i.k.n.KeyIO           MODE: declarations took 0 ms 
463352     INFO  Test worker     d.u.i.k.n.KeyIO           Parsing took 0 ms 
463352     INFO  Test worker     d.u.i.k.n.KeyIO           MODE: declarations took 0 ms 
]]></system-out>
  <system-err><![CDATA[]]></system-err>
</testsuite>
