<?xml version="1.0" encoding="UTF-8"?>
<testsuite name="de.uka.ilkd.key.parser.TestDeclParser" tests="14" skipped="2" failures="0" errors="0" timestamp="2023-04-15T00:43:51" hostname="fv-az576-98" time="12.115">
  <properties/>
  <testcase name="testGenericSortDecl1()" classname="de.uka.ilkd.key.parser.TestDeclParser" time="0.968"/>
  <testcase name="testGenericSortDecl2()" classname="de.uka.ilkd.key.parser.TestDeclParser" time="1.095"/>
  <testcase name="testGenericSortDecl3()" classname="de.uka.ilkd.key.parser.TestDeclParser" time="0.945"/>
  <testcase name="testGenericSortDecl4()" classname="de.uka.ilkd.key.parser.TestDeclParser" time="1.048"/>
  <testcase name="testGenericSortDecl5()" classname="de.uka.ilkd.key.parser.TestDeclParser" time="0.0">
    <skipped/>
  </testcase>
  <testcase name="testGenericSortDecl6()" classname="de.uka.ilkd.key.parser.TestDeclParser" time="0.951"/>
  <testcase name="testSortDecl()" classname="de.uka.ilkd.key.parser.TestDeclParser" time="1.051"/>
  <testcase name="testProxySortDecl()" classname="de.uka.ilkd.key.parser.TestDeclParser" time="0.964"/>
  <testcase name="testArrayDecl()" classname="de.uka.ilkd.key.parser.TestDeclParser" time="1.059"/>
  <testcase name="testAmbiguousDecls()" classname="de.uka.ilkd.key.parser.TestDeclParser" time="0.0">
    <skipped/>
  </testcase>
  <testcase name="testHeurDecl()" classname="de.uka.ilkd.key.parser.TestDeclParser" time="0.959"/>
  <testcase name="testFunctionDecl()" classname="de.uka.ilkd.key.parser.TestDeclParser" time="1.03"/>
  <testcase name="testPredicateDecl()" classname="de.uka.ilkd.key.parser.TestDeclParser" time="0.965"/>
  <testcase name="testSVDecl()" classname="de.uka.ilkd.key.parser.TestDeclParser" time="1.076"/>
  <system-out><![CDATA[232609     INFO  Test worker     d.u.i.k.n.KeyIO           Parsing took 0 ms 
232609     INFO  Test worker     d.u.i.k.n.KeyIO           MODE: declarations took 0 ms 
233705     INFO  Test worker     d.u.i.k.n.KeyIO           Parsing took 0 ms 
233705     INFO  Test worker     d.u.i.k.n.KeyIO           MODE: declarations took 0 ms 
234651     INFO  Test worker     d.u.i.k.n.KeyIO           Parsing took 0 ms 
234651     INFO  Test worker     d.u.i.k.n.KeyIO           MODE: declarations took 0 ms 
235700     INFO  Test worker     d.u.i.k.n.KeyIO           Parsing took 1 ms 
235700     INFO  Test worker     d.u.i.k.n.KeyIO           MODE: declarations took 0 ms 
236651     INFO  Test worker     d.u.i.k.n.KeyIO           Parsing took 0 ms 
236652     INFO  Test worker     d.u.i.k.n.KeyIO           MODE: declarations took 0 ms 
237702     INFO  Test worker     d.u.i.k.n.KeyIO           Parsing took 0 ms 
237702     INFO  Test worker     d.u.i.k.n.KeyIO           MODE: declarations took 0 ms 
238666     INFO  Test worker     d.u.i.k.n.KeyIO           Parsing took 0 ms 
238667     INFO  Test worker     d.u.i.k.n.KeyIO           MODE: declarations took 1 ms 
239725     INFO  Test worker     d.u.i.k.n.KeyIO           Parsing took 0 ms 
239725     INFO  Test worker     d.u.i.k.n.KeyIO           MODE: declarations took 0 ms 
240685     INFO  Test worker     d.u.i.k.n.KeyIO           Parsing took 0 ms 
240685     INFO  Test worker     d.u.i.k.n.KeyIO           MODE: declarations took 0 ms 
241715     INFO  Test worker     d.u.i.k.n.KeyIO           Parsing took 1 ms 
241715     INFO  Test worker     d.u.i.k.n.KeyIO           MODE: declarations took 0 ms 
242680     INFO  Test worker     d.u.i.k.n.KeyIO           Parsing took 0 ms 
242681     INFO  Test worker     d.u.i.k.n.KeyIO           MODE: declarations took 0 ms 
243756     INFO  Test worker     d.u.i.k.n.KeyIO           Parsing took 0 ms 
243757     INFO  Test worker     d.u.i.k.n.KeyIO           MODE: declarations took 0 ms 
]]></system-out>
  <system-err><![CDATA[]]></system-err>
</testsuite>
