<?xml version="1.0" encoding="UTF-8"?>
<testsuite name="de.uka.ilkd.key.parser.TestTermParserSorts" tests="2" skipped="0" failures="0" errors="0" timestamp="2023-04-15T00:47:46" hostname="fv-az576-98" time="3.199">
  <properties/>
  <testcase name="testParseIntegerArgs()" classname="de.uka.ilkd.key.parser.TestTermParserSorts" time="0.014"/>
  <testcase name="testParseSequencePrettySyntax()" classname="de.uka.ilkd.key.parser.TestTermParserSorts" time="0.003"/>
  <system-out><![CDATA[466628     INFO  Test worker     d.u.i.k.n.KeyIO           Parsing took 1 ms 
466628     INFO  Test worker     d.u.i.k.n.KeyIO           MODE: declarations took 0 ms 
466628     INFO  Test worker     d.u.i.k.n.KeyIO           Parsing took 0 ms 
466628     INFO  Test worker     d.u.i.k.n.KeyIO           MODE: declarations took 0 ms 
466628     INFO  Test worker     d.u.i.k.n.KeyIO           Parsing took 0 ms 
466628     INFO  Test worker     d.u.i.k.n.KeyIO           MODE: declarations took 0 ms 
469823     INFO  Test worker     d.u.i.k.n.KeyIO           Parsing took 0 ms 
469823     INFO  Test worker     d.u.i.k.n.KeyIO           MODE: declarations took 0 ms 
469823     INFO  Test worker     d.u.i.k.n.KeyIO           Parsing took 0 ms 
469823     INFO  Test worker     d.u.i.k.n.KeyIO           MODE: declarations took 0 ms 
469823     INFO  Test worker     d.u.i.k.n.KeyIO           Parsing took 0 ms 
469823     INFO  Test worker     d.u.i.k.n.KeyIO           MODE: declarations took 0 ms 
]]></system-out>
  <system-err><![CDATA[]]></system-err>
</testsuite>
