<?xml version="1.0" encoding="UTF-8"?>
<testsuite name="de.uka.ilkd.key.testcase.smt.testgen.TestTestgen" tests="1" skipped="0" failures="0" errors="0" timestamp="2023-05-31T08:08:38" hostname="fv-az1252-487" time="3.735">
  <properties/>
  <testcase name="testMiddle()" classname="de.uka.ilkd.key.testcase.smt.testgen.TestTestgen" time="3.735"/>
  <system-out><![CDATA[13568      WARN  Test worker     d.u.i.k.t.s.t.TestTestgen Warning: Z3_CE is not installed, tests skipped. 
13568      WARN  Test worker     d.u.i.k.t.s.t.TestTestgen Maybe use JVM system property "z3SolverPath" to define the path to the Z3 command. 
13570      INFO  Test worker     d.u.i.k.p.i.AbstractProblemLoader Loading environment from src\test\resources\testcase\smt\tg\middle.key 
13570      DEBUG Test worker     d.u.i.k.p.i.AbstractProblemLoader Environment load took 222ns 
13577      INFO  Test worker     d.u.i.k.p.i.AbstractProblemLoader Creating init config 
16741      DEBUG Test worker     d.u.i.k.p.i.AbstractProblemLoader Init config took 3.16s 
16819      INFO  Test worker     d.u.i.k.p.i.AbstractProblemLoader Replaying proof Middle[Middle::middle(int,int,int)].JML normal_behavior operation contract.0 
16835      DEBUG Test worker     d.u.i.k.p.i.IntermediateProofReplayer Proof replay took 18.1ns 
]]></system-out>
  <system-err><![CDATA[]]></system-err>
</testsuite>
