<?xml version="1.0" encoding="UTF-8"?>
<testsuite name="org.key_project.slicing.EndToEndTests" tests="11" skipped="0" failures="0" errors="0" timestamp="2023-04-03T11:07:15" hostname="fv-az578-974" time="258.653">
  <properties/>
  <testcase name="sliceIfThenElseSplit()" classname="org.key_project.slicing.EndToEndTests" time="57.265"/>
  <testcase name="deduplicateChecksMergabilityCorrectly()" classname="org.key_project.slicing.EndToEndTests" time="8.882"/>
  <testcase name="sliceDuplicatesAway()" classname="org.key_project.slicing.EndToEndTests" time="35.613"/>
  <testcase name="sliceMultipleIterations()" classname="org.key_project.slicing.EndToEndTests" time="67.001"/>
  <testcase name="sliceDuplicatesAwayOpenGoals()" classname="org.key_project.slicing.EndToEndTests" time="35.28"/>
  <testcase name="sliceCutExample()" classname="org.key_project.slicing.EndToEndTests" time="8.55"/>
  <testcase name="sliceAgathaWithOpenGoal()" classname="org.key_project.slicing.EndToEndTests" time="8.585"/>
  <testcase name="sliceSimpleSMT()" classname="org.key_project.slicing.EndToEndTests" time="0.001"/>
  <testcase name="sliceWithOpenGoal()" classname="org.key_project.slicing.EndToEndTests" time="17.174"/>
  <testcase name="sliceAgatha()" classname="org.key_project.slicing.EndToEndTests" time="8.669"/>
  <testcase name="sliceJavaProof()" classname="org.key_project.slicing.EndToEndTests" time="11.628"/>
  <system-out><![CDATA[[11:07:15.852] ?[34mINFO ?[0;39m ?[36mEndToEndTests?[0;39m - Loading /home/runner/work/key/key/keyext.slicing/src/test/resources/testcase/ifThenElseSplit.proof
[11:07:16.024] ?[31mWARN ?[0;39m ?[36mProofIndependentSettings?[0;39m - The settings in /home/runner/.key/proofIndependentSettings.props are *not* read due to flag 'key.disregardSettings'
[11:07:16.238] ?[31mWARN ?[0;39m ?[36mProofSettings?[0;39m - The settings in /home/runner/.key/proof-settings.props are *not* read.
[11:07:27.882] ?[34mINFO ?[0;39m ?[36mKeyStrokeSettings?[0;39m - Save keyboard shortcuts to: /home/runner/.key/keystrokes.properties
[11:07:34.984] ?[34mINFO ?[0;39m ?[36mEndToEndTests?[0;39m - Loading /home/runner/work/key/key/keyext.slicing/src/test/resources/testcase/ifThenElseSplit.proof
[11:07:38.228] ?[34mINFO ?[0;39m ?[36mDependencyAnalyzer?[0;39m - merging 2 and 3
[11:07:44.670] ?[34mINFO ?[0;39m ?[36mEndToEndTests?[0;39m - Loading /tmp/KeYslice14163920773785280901/ifThenElseSplit_slice1.proof
[11:07:47.901] ?[34mINFO ?[0;39m ?[36mDependencyAnalyzer?[0;39m - merging 3 and 4
[11:07:54.253] ?[34mINFO ?[0;39m ?[36mEndToEndTests?[0;39m - Loading /tmp/KeYslice8272809447545392593/ifThenElseSplit_slice2.proof
[11:07:57.372] ?[34mINFO ?[0;39m ?[36mDependencyAnalyzer?[0;39m - merging 4 and 5
[11:08:03.578] ?[34mINFO ?[0;39m ?[36mEndToEndTests?[0;39m - Loading /tmp/KeYslice18198513800671101806/ifThenElseSplit_slice3.proof
[11:08:06.668] ?[34mINFO ?[0;39m ?[36mDependencyAnalyzer?[0;39m - merging 5 and 6
[11:08:13.115] ?[34mINFO ?[0;39m ?[36mEndToEndTests?[0;39m - Loading /home/runner/work/key/key/keyext.slicing/src/test/resources/testcase/deduplicateCheck4.proof
[11:08:21.997] ?[34mINFO ?[0;39m ?[36mEndToEndTests?[0;39m - Loading /home/runner/work/key/key/keyext.slicing/src/test/resources/testcase/exampleDuplicate.proof
[11:08:25.216] ?[34mINFO ?[0;39m ?[36mDependencyAnalyzer?[0;39m - merging 2 and 3
[11:08:31.361] ?[34mINFO ?[0;39m ?[36mEndToEndTests?[0;39m - Loading /tmp/KeYslice17055343772840038891/exampleDuplicate_slice1.proof
[11:08:34.499] ?[34mINFO ?[0;39m ?[36mDependencyAnalyzer?[0;39m - merging 3 and 4
[11:08:40.351] ?[34mINFO ?[0;39m ?[36mEndToEndTests?[0;39m - Loading /tmp/KeYslice13657356519922413521/exampleDuplicate_slice2.proof
[11:08:43.211] ?[34mINFO ?[0;39m ?[36mDependencyAnalyzer?[0;39m - merging 4 and 5
[11:08:48.981] ?[34mINFO ?[0;39m ?[36mEndToEndTests?[0;39m - Loading /tmp/KeYslice6934883763644631781/exampleDuplicate_slice3.proof
[11:08:57.610] ?[34mINFO ?[0;39m ?[36mEndToEndTests?[0;39m - Loading /home/runner/work/key/key/keyext.slicing/src/test/resources/testcase/../../../../../key.ui/examples/firstTouch/05-ReverseArray/reverseArray.proof
[11:09:03.802] ?[34mINFO ?[0;39m ?[36mDependencyAnalyzer?[0;39m - merging 1354 and 4678
[11:09:03.807] ?[34mINFO ?[0;39m ?[36mDependencyAnalyzer?[0;39m - merging 1010 and 4663
[11:09:03.865] ?[34mINFO ?[0;39m ?[36mDependencyAnalyzer?[0;39m - merging 2591 and 3795
[11:09:03.867] ?[34mINFO ?[0;39m ?[36mDependencyAnalyzer?[0;39m - merging 3958 and 4306
[11:09:13.638] ?[34mINFO ?[0;39m ?[36mEndToEndTests?[0;39m - Loading /tmp/KeYslice6550517886538640735/reverseArray_slice1.proof
[11:09:18.168] ?[34mINFO ?[0;39m ?[36mDependencyAnalyzer?[0;39m - merging 2219 and 2914
[11:09:18.170] ?[34mINFO ?[0;39m ?[36mDependencyAnalyzer?[0;39m - merging 1281 and 3384
[11:09:18.179] ?[34mINFO ?[0;39m ?[36mDependencyAnalyzer?[0;39m - merging 880 and 3473
[11:09:18.185] ?[34mINFO ?[0;39m ?[36mDependencyAnalyzer?[0;39m - merging 879 and 3479
[11:09:18.187] ?[34mINFO ?[0;39m ?[36mDependencyAnalyzer?[0;39m - merging 2973 and 3148
[11:09:18.190] ?[34mINFO ?[0;39m ?[36mDependencyAnalyzer?[0;39m - merging 947 and 3782
[11:09:18.203] ?[34mINFO ?[0;39m ?[36mDependencyAnalyzer?[0;39m - merging 943 and 3370
[11:09:26.638] ?[34mINFO ?[0;39m ?[36mEndToEndTests?[0;39m - Loading /tmp/KeYslice6250325250369982540/reverseArray_slice2.proof
[11:09:30.966] ?[34mINFO ?[0;39m ?[36mDependencyAnalyzer?[0;39m - merging 781 and 3554
[11:09:30.969] ?[34mINFO ?[0;39m ?[36mDependencyAnalyzer?[0;39m - merging 782 and 3569
[11:09:30.983] ?[34mINFO ?[0;39m ?[36mDependencyAnalyzer?[0;39m - merging 1301 and 3381
[11:09:30.987] ?[34mINFO ?[0;39m ?[36mDependencyAnalyzer?[0;39m - merging 946 and 3368
[11:09:30.991] ?[34mINFO ?[0;39m ?[36mDependencyAnalyzer?[0;39m - merging 882 and 3474
[11:09:30.997] ?[34mINFO ?[0;39m ?[36mDependencyAnalyzer?[0;39m - merging 2220 and 2914
[11:09:31.000] ?[34mINFO ?[0;39m ?[36mDependencyAnalyzer?[0;39m - merging 949 and 3776
[11:09:31.005] ?[34mINFO ?[0;39m ?[36mDependencyAnalyzer?[0;39m - merging 2973 and 3147
[11:09:31.007] ?[34mINFO ?[0;39m ?[36mDependencyAnalyzer?[0;39m - merging 883 and 3469
[11:09:39.636] ?[34mINFO ?[0;39m ?[36mEndToEndTests?[0;39m - Loading /tmp/KeYslice6348525403389010215/reverseArray_slice3.proof
[11:09:43.961] ?[34mINFO ?[0;39m ?[36mDependencyAnalyzer?[0;39m - merging 1302 and 3378
[11:09:43.968] ?[34mINFO ?[0;39m ?[36mDependencyAnalyzer?[0;39m - merging 1296 and 3803
[11:09:43.971] ?[34mINFO ?[0;39m ?[36mDependencyAnalyzer?[0;39m - merging 785 and 3548
[11:09:43.976] ?[34mINFO ?[0;39m ?[36mDependencyAnalyzer?[0;39m - merging 2973 and 3146
[11:09:43.978] ?[34mINFO ?[0;39m ?[36mDependencyAnalyzer?[0;39m - merging 784 and 3562
[11:09:43.980] ?[34mINFO ?[0;39m ?[36mDependencyAnalyzer?[0;39m - merging 756 and 3651
[11:09:43.983] ?[34mINFO ?[0;39m ?[36mDependencyAnalyzer?[0;39m - merging 885 and 3469
[11:09:43.986] ?[34mINFO ?[0;39m ?[36mDependencyAnalyzer?[0;39m - merging 2221 and 2914
[11:09:43.988] ?[34mINFO ?[0;39m ?[36mDependencyAnalyzer?[0;39m - merging 757 and 3657
[11:09:43.995] ?[34mINFO ?[0;39m ?[36mDependencyAnalyzer?[0;39m - merging 1285 and 3379
[11:09:43.998] ?[34mINFO ?[0;39m ?[36mDependencyAnalyzer?[0;39m - merging 886 and 3465
[11:09:52.208] ?[34mINFO ?[0;39m ?[36mEndToEndTests?[0;39m - Loading /tmp/KeYslice17832092927218318549/reverseArray_slice4.proof
[11:09:56.499] ?[34mINFO ?[0;39m ?[36mDependencyAnalyzer?[0;39m - merging 622 and 3786
[11:09:56.505] ?[34mINFO ?[0;39m ?[36mDependencyAnalyzer?[0;39m - merging 1298 and 3793
[11:09:56.506] ?[34mINFO ?[0;39m ?[36mDependencyAnalyzer?[0;39m - merging 2973 and 3145
[11:09:56.507] ?[34mINFO ?[0;39m ?[36mDependencyAnalyzer?[0;39m - merging 1396 and 3388
[11:09:56.511] ?[34mINFO ?[0;39m ?[36mDependencyAnalyzer?[0;39m - merging 788 and 3542
[11:09:56.514] ?[34mINFO ?[0;39m ?[36mDependencyAnalyzer?[0;39m - merging 787 and 3555
[11:09:56.517] ?[34mINFO ?[0;39m ?[36mDependencyAnalyzer?[0;39m - merging 760 and 3648
[11:09:56.519] ?[34mINFO ?[0;39m ?[36mDependencyAnalyzer?[0;39m - merging 889 and 3465
[11:09:56.520] ?[34mINFO ?[0;39m ?[36mDependencyAnalyzer?[0;39m - merging 2222 and 2914
[11:09:56.522] ?[34mINFO ?[0;39m ?[36mDependencyAnalyzer?[0;39m - merging 759 and 3643
[11:09:56.525] ?[34mINFO ?[0;39m ?[36mDependencyAnalyzer?[0;39m - merging 1288 and 3376
[11:09:56.526] ?[34mINFO ?[0;39m ?[36mDependencyAnalyzer?[0;39m - merging 888 and 3464
[11:10:04.612] ?[34mINFO ?[0;39m ?[36mEndToEndTests?[0;39m - Loading /home/runner/work/key/key/keyext.slicing/src/test/resources/testcase/exampleDuplicateOpen.proof
[11:10:07.583] ?[34mINFO ?[0;39m ?[36mDependencyAnalyzer?[0;39m - merging 2 and 3
[11:10:13.450] ?[34mINFO ?[0;39m ?[36mEndToEndTests?[0;39m - Loading /tmp/KeYslice756421151105311175/exampleDuplicateOpen_slice1.proof
[11:10:16.399] ?[34mINFO ?[0;39m ?[36mDependencyAnalyzer?[0;39m - merging 3 and 4
[11:10:22.206] ?[34mINFO ?[0;39m ?[36mEndToEndTests?[0;39m - Loading /tmp/KeYslice16594441996165696649/exampleDuplicateOpen_slice2.proof
[11:10:25.101] ?[34mINFO ?[0;39m ?[36mDependencyAnalyzer?[0;39m - merging 4 and 5
[11:10:31.255] ?[34mINFO ?[0;39m ?[36mEndToEndTests?[0;39m - Loading /tmp/KeYslice2150957740717663114/exampleDuplicateOpen_slice3.proof
[11:10:39.892] ?[34mINFO ?[0;39m ?[36mEndToEndTests?[0;39m - Loading /home/runner/work/key/key/keyext.slicing/src/test/resources/testcase/cutExample.proof
[11:10:48.442] ?[34mINFO ?[0;39m ?[36mEndToEndTests?[0;39m - Loading /home/runner/work/key/key/keyext.slicing/src/test/resources/testcase/agathaOpenGoal.proof
[11:10:57.030] ?[34mINFO ?[0;39m ?[36mEndToEndTests?[0;39m - Loading /home/runner/work/key/key/keyext.slicing/src/test/resources/testcase/openGoal1.proof
[11:11:05.495] ?[34mINFO ?[0;39m ?[36mEndToEndTests?[0;39m - Loading /home/runner/work/key/key/keyext.slicing/src/test/resources/testcase/openGoal2.proof
[11:11:14.203] ?[34mINFO ?[0;39m ?[36mEndToEndTests?[0;39m - Loading /home/runner/work/key/key/keyext.slicing/src/test/resources/testcase/agatha.proof
[11:11:22.873] ?[34mINFO ?[0;39m ?[36mEndToEndTests?[0;39m - Loading /home/runner/work/key/key/keyext.slicing/src/test/resources/testcase/../../../../../key.ui/examples/heap/verifyThis15_2_ParallelGcd/parallelGcd.proof
]]></system-out>
  <system-err><![CDATA[]]></system-err>
</testsuite>
