<?xml version="1.0" encoding="UTF-8"?>
<testsuite name="de.uka.ilkd.key.symbolic_execution.testcase.strategy.TestKeYWatchpointMethodsOnSatisfiable" tests="1" skipped="0" failures="0" errors="0" timestamp="2023-01-31T15:22:47" hostname="fv-az576-473" time="4.347">
  <properties/>
  <testcase name="testBreakpointStopCondition()" classname="de.uka.ilkd.key.symbolic_execution.testcase.strategy.TestKeYWatchpointMethodsOnSatisfiable" time="4.347"/>
  <system-out><![CDATA[]]></system-out>
  <system-err><![CDATA[]]></system-err>
</testsuite>
