<?xml version="1.0" encoding="UTF-8"?>
<testsuite name="de.uka.ilkd.key.parser.TestDeclParser" tests="14" skipped="2" failures="0" errors="0" timestamp="2023-03-25T22:42:41" hostname="fv-az246-127" time="9.886">
  <properties/>
  <testcase name="testGenericSortDecl1()" classname="de.uka.ilkd.key.parser.TestDeclParser" time="0.802"/>
  <testcase name="testGenericSortDecl2()" classname="de.uka.ilkd.key.parser.TestDeclParser" time="0.842"/>
  <testcase name="testGenericSortDecl3()" classname="de.uka.ilkd.key.parser.TestDeclParser" time="0.834"/>
  <testcase name="testGenericSortDecl4()" classname="de.uka.ilkd.key.parser.TestDeclParser" time="0.837"/>
  <testcase name="testGenericSortDecl5()" classname="de.uka.ilkd.key.parser.TestDeclParser" time="0.0">
    <skipped/>
  </testcase>
  <testcase name="testGenericSortDecl6()" classname="de.uka.ilkd.key.parser.TestDeclParser" time="0.837"/>
  <testcase name="testSortDecl()" classname="de.uka.ilkd.key.parser.TestDeclParser" time="0.78"/>
  <testcase name="testProxySortDecl()" classname="de.uka.ilkd.key.parser.TestDeclParser" time="0.836"/>
  <testcase name="testArrayDecl()" classname="de.uka.ilkd.key.parser.TestDeclParser" time="0.837"/>
  <testcase name="testAmbiguousDecls()" classname="de.uka.ilkd.key.parser.TestDeclParser" time="0.0">
    <skipped/>
  </testcase>
  <testcase name="testHeurDecl()" classname="de.uka.ilkd.key.parser.TestDeclParser" time="0.832"/>
  <testcase name="testFunctionDecl()" classname="de.uka.ilkd.key.parser.TestDeclParser" time="0.833"/>
  <testcase name="testPredicateDecl()" classname="de.uka.ilkd.key.parser.TestDeclParser" time="0.782"/>
  <testcase name="testSVDecl()" classname="de.uka.ilkd.key.parser.TestDeclParser" time="0.832"/>
  <system-out><![CDATA[186149     INFO  Test worker     d.u.i.k.n.KeyIO           Parsing took 0 ms 
186149     INFO  Test worker     d.u.i.k.n.KeyIO           MODE: declarations took 0 ms 
186993     INFO  Test worker     d.u.i.k.n.KeyIO           Parsing took 1 ms 
186993     INFO  Test worker     d.u.i.k.n.KeyIO           MODE: declarations took 0 ms 
187826     INFO  Test worker     d.u.i.k.n.KeyIO           Parsing took 0 ms 
187826     INFO  Test worker     d.u.i.k.n.KeyIO           MODE: declarations took 0 ms 
188664     INFO  Test worker     d.u.i.k.n.KeyIO           Parsing took 0 ms 
188664     INFO  Test worker     d.u.i.k.n.KeyIO           MODE: declarations took 0 ms 
189501     INFO  Test worker     d.u.i.k.n.KeyIO           Parsing took 0 ms 
189502     INFO  Test worker     d.u.i.k.n.KeyIO           MODE: declarations took 0 ms 
190282     INFO  Test worker     d.u.i.k.n.KeyIO           Parsing took 0 ms 
190282     INFO  Test worker     d.u.i.k.n.KeyIO           MODE: declarations took 0 ms 
191118     INFO  Test worker     d.u.i.k.n.KeyIO           Parsing took 1 ms 
191119     INFO  Test worker     d.u.i.k.n.KeyIO           MODE: declarations took 1 ms 
191954     INFO  Test worker     d.u.i.k.n.KeyIO           Parsing took 0 ms 
191954     INFO  Test worker     d.u.i.k.n.KeyIO           MODE: declarations took 0 ms 
192787     INFO  Test worker     d.u.i.k.n.KeyIO           Parsing took 0 ms 
192787     INFO  Test worker     d.u.i.k.n.KeyIO           MODE: declarations took 0 ms 
193620     INFO  Test worker     d.u.i.k.n.KeyIO           Parsing took 1 ms 
193620     INFO  Test worker     d.u.i.k.n.KeyIO           MODE: declarations took 0 ms 
194402     INFO  Test worker     d.u.i.k.n.KeyIO           Parsing took 0 ms 
194402     INFO  Test worker     d.u.i.k.n.KeyIO           MODE: declarations took 0 ms 
195233     INFO  Test worker     d.u.i.k.n.KeyIO           Parsing took 0 ms 
195233     INFO  Test worker     d.u.i.k.n.KeyIO           MODE: declarations took 0 ms 
]]></system-out>
  <system-err><![CDATA[]]></system-err>
</testsuite>
