<?xml version="1.0" encoding="UTF-8"?>
<testsuite name="de.uka.ilkd.key.proof.TestProofTree" tests="1" skipped="0" failures="0" errors="0" timestamp="2023-03-25T22:45:56" hostname="fv-az246-127" time="0.004">
  <properties/>
  <testcase name="testLeaves()" classname="de.uka.ilkd.key.proof.TestProofTree" time="0.004"/>
  <system-out><![CDATA[]]></system-out>
  <system-err><![CDATA[]]></system-err>
</testsuite>
