<?xml version="1.0" encoding="UTF-8"?>
<testsuite name="de.uka.ilkd.key.parser.TestTermParserHeap" tests="39" skipped="0" failures="0" errors="0" timestamp="2023-03-25T22:44:08" hostname="fv-az246-127" time="99.473">
  <properties/>
  <testcase name="testBracketHeapUpdate()" classname="de.uka.ilkd.key.parser.TestTermParserHeap" time="0.02"/>
  <testcase name="testStore()" classname="de.uka.ilkd.key.parser.TestTermParserHeap" time="0.006"/>
  <testcase name="testUnknownConstant()" classname="de.uka.ilkd.key.parser.TestTermParserHeap" time="0.001"/>
  <testcase name="testAllFieldsSelector()" classname="de.uka.ilkd.key.parser.TestTermParserHeap" time="0.004"/>
  <testcase name="testParsePrettyPrintedSelect()" classname="de.uka.ilkd.key.parser.TestTermParserHeap" time="0.005"/>
  <testcase name="testAccessStaticMembers()" classname="de.uka.ilkd.key.parser.TestTermParserHeap" time="0.005"/>
  <testcase name="testAtOperator_1()" classname="de.uka.ilkd.key.parser.TestTermParserHeap" time="0.001"/>
  <testcase name="testAtOperator_2()" classname="de.uka.ilkd.key.parser.TestTermParserHeap" time="0.001"/>
  <testcase name="testAtOperator_3()" classname="de.uka.ilkd.key.parser.TestTermParserHeap" time="0.001"/>
  <testcase name="testAtOperator_4()" classname="de.uka.ilkd.key.parser.TestTermParserHeap" time="0.004"/>
  <testcase name="testAtOperator_5()" classname="de.uka.ilkd.key.parser.TestTermParserHeap" time="0.002"/>
  <testcase name="testAtOperator_6()" classname="de.uka.ilkd.key.parser.TestTermParserHeap" time="0.002"/>
  <testcase name="testAtOperator_7()" classname="de.uka.ilkd.key.parser.TestTermParserHeap" time="0.001"/>
  <testcase name="testAtOperator_8()" classname="de.uka.ilkd.key.parser.TestTermParserHeap" time="0.004"/>
  <testcase name="testVerifyExceptionIfAtOperatorNotPreceededBySelectTerm()" classname="de.uka.ilkd.key.parser.TestTermParserHeap" time="0.001"/>
  <testcase name="testBugResettingCounter()" classname="de.uka.ilkd.key.parser.TestTermParserHeap" time="0.002"/>
  <testcase name="testLocationSets()" classname="de.uka.ilkd.key.parser.TestTermParserHeap" time="0.001"/>
  <testcase name="testQuantifiedSelect()" classname="de.uka.ilkd.key.parser.TestTermParserHeap" time="0.002"/>
  <testcase name="testGenericObjectProperties()" classname="de.uka.ilkd.key.parser.TestTermParserHeap" time="0.002"/>
  <testcase name="testQueryInheritance_1()" classname="de.uka.ilkd.key.parser.TestTermParserHeap" time="0.003"/>
  <testcase name="testQueryInheritance_2()" classname="de.uka.ilkd.key.parser.TestTermParserHeap" time="0.003"/>
  <testcase name="testQueryInheritance_3()" classname="de.uka.ilkd.key.parser.TestTermParserHeap" time="0.004"/>
  <testcase name="testQueryInheritance_4()" classname="de.uka.ilkd.key.parser.TestTermParserHeap" time="0.001"/>
  <testcase name="testQueryInheritance_5()" classname="de.uka.ilkd.key.parser.TestTermParserHeap" time="0.001"/>
  <testcase name="testQueryInheritance_6()" classname="de.uka.ilkd.key.parser.TestTermParserHeap" time="0.001"/>
  <testcase name="testQueryInheritance_7()" classname="de.uka.ilkd.key.parser.TestTermParserHeap" time="0.001"/>
  <testcase name="testQueryInheritance_8()" classname="de.uka.ilkd.key.parser.TestTermParserHeap" time="0.005"/>
  <testcase name="testQueryInheritance_9()" classname="de.uka.ilkd.key.parser.TestTermParserHeap" time="0.004"/>
  <testcase name="testQueryBasic_10()" classname="de.uka.ilkd.key.parser.TestTermParserHeap" time="0.001"/>
  <testcase name="testQueryBasic_11()" classname="de.uka.ilkd.key.parser.TestTermParserHeap" time="0.002"/>
  <testcase name="testQueryBasic_1()" classname="de.uka.ilkd.key.parser.TestTermParserHeap" time="0.001"/>
  <testcase name="testQueryBasic_2()" classname="de.uka.ilkd.key.parser.TestTermParserHeap" time="0.002"/>
  <testcase name="testQueryBasic_3()" classname="de.uka.ilkd.key.parser.TestTermParserHeap" time="0.001"/>
  <testcase name="testQueryBasic_4()" classname="de.uka.ilkd.key.parser.TestTermParserHeap" time="0.002"/>
  <testcase name="testQueryBasic_5()" classname="de.uka.ilkd.key.parser.TestTermParserHeap" time="0.001"/>
  <testcase name="testQueryBasic_6()" classname="de.uka.ilkd.key.parser.TestTermParserHeap" time="0.002"/>
  <testcase name="testQueryBasic_7()" classname="de.uka.ilkd.key.parser.TestTermParserHeap" time="0.005"/>
  <testcase name="testQueryBasic_8()" classname="de.uka.ilkd.key.parser.TestTermParserHeap" time="0.002"/>
  <testcase name="testQueryBasic_9()" classname="de.uka.ilkd.key.parser.TestTermParserHeap" time="0.001"/>
  <system-out><![CDATA[272478     INFO  Test worker     d.u.i.k.n.KeyIO           Parsing took 0 ms 
272478     INFO  Test worker     d.u.i.k.n.KeyIO           MODE: declarations took 0 ms 
272479     INFO  Test worker     d.u.i.k.n.KeyIO           Parsing took 0 ms 
272479     INFO  Test worker     d.u.i.k.n.KeyIO           MODE: declarations took 0 ms 
272479     INFO  Test worker     d.u.i.k.n.KeyIO           Parsing took 0 ms 
272479     INFO  Test worker     d.u.i.k.n.KeyIO           MODE: declarations took 0 ms 
272479     INFO  Test worker     d.u.i.k.n.KeyIO           Parsing took 0 ms 
272479     INFO  Test worker     d.u.i.k.n.KeyIO           MODE: declarations took 0 ms 
272479     INFO  Test worker     d.u.i.k.n.KeyIO           Parsing took 0 ms 
272479     INFO  Test worker     d.u.i.k.n.KeyIO           MODE: declarations took 0 ms 
275155     INFO  Test worker     d.u.i.k.n.KeyIO           Parsing took 0 ms 
275155     INFO  Test worker     d.u.i.k.n.KeyIO           MODE: declarations took 0 ms 
275155     INFO  Test worker     d.u.i.k.n.KeyIO           Parsing took 0 ms 
275155     INFO  Test worker     d.u.i.k.n.KeyIO           MODE: declarations took 0 ms 
275155     INFO  Test worker     d.u.i.k.n.KeyIO           Parsing took 0 ms 
275155     INFO  Test worker     d.u.i.k.n.KeyIO           MODE: declarations took 0 ms 
275155     INFO  Test worker     d.u.i.k.n.KeyIO           Parsing took 0 ms 
275155     INFO  Test worker     d.u.i.k.n.KeyIO           MODE: declarations took 0 ms 
275155     INFO  Test worker     d.u.i.k.n.KeyIO           Parsing took 0 ms 
275155     INFO  Test worker     d.u.i.k.n.KeyIO           MODE: declarations took 0 ms 
277803     INFO  Test worker     d.u.i.k.n.KeyIO           Parsing took 0 ms 
277803     INFO  Test worker     d.u.i.k.n.KeyIO           MODE: declarations took 0 ms 
277803     INFO  Test worker     d.u.i.k.n.KeyIO           Parsing took 0 ms 
277803     INFO  Test worker     d.u.i.k.n.KeyIO           MODE: declarations took 0 ms 
277803     INFO  Test worker     d.u.i.k.n.KeyIO           Parsing took 0 ms 
277804     INFO  Test worker     d.u.i.k.n.KeyIO           MODE: declarations took 0 ms 
277804     INFO  Test worker     d.u.i.k.n.KeyIO           Parsing took 0 ms 
277804     INFO  Test worker     d.u.i.k.n.KeyIO           MODE: declarations took 0 ms 
277804     INFO  Test worker     d.u.i.k.n.KeyIO           Parsing took 0 ms 
277804     INFO  Test worker     d.u.i.k.n.KeyIO           MODE: declarations took 0 ms 
277804     INFO  Test worker     d.u.i.k.n.KeyIO           Parsing took 0 ms 
277804     INFO  Test worker     d.u.i.k.n.KeyIO           MODE: declarations took 0 ms 
280509     INFO  Test worker     d.u.i.k.n.KeyIO           Parsing took 0 ms 
280510     INFO  Test worker     d.u.i.k.n.KeyIO           MODE: declarations took 1 ms 
280510     INFO  Test worker     d.u.i.k.n.KeyIO           Parsing took 0 ms 
280510     INFO  Test worker     d.u.i.k.n.KeyIO           MODE: declarations took 0 ms 
280510     INFO  Test worker     d.u.i.k.n.KeyIO           Parsing took 0 ms 
280510     INFO  Test worker     d.u.i.k.n.KeyIO           MODE: declarations took 0 ms 
280511     INFO  Test worker     d.u.i.k.n.KeyIO           Parsing took 0 ms 
280511     INFO  Test worker     d.u.i.k.n.KeyIO           MODE: declarations took 0 ms 
280511     INFO  Test worker     d.u.i.k.n.KeyIO           Parsing took 0 ms 
280511     INFO  Test worker     d.u.i.k.n.KeyIO           MODE: declarations took 0 ms 
283150     INFO  Test worker     d.u.i.k.n.KeyIO           Parsing took 0 ms 
283151     INFO  Test worker     d.u.i.k.n.KeyIO           MODE: declarations took 0 ms 
283152     INFO  Test worker     d.u.i.k.n.KeyIO           Parsing took 0 ms 
283152     INFO  Test worker     d.u.i.k.n.KeyIO           MODE: declarations took 0 ms 
283152     INFO  Test worker     d.u.i.k.n.KeyIO           Parsing took 0 ms 
283152     INFO  Test worker     d.u.i.k.n.KeyIO           MODE: declarations took 0 ms 
283153     INFO  Test worker     d.u.i.k.n.KeyIO           Parsing took 1 ms 
283153     INFO  Test worker     d.u.i.k.n.KeyIO           MODE: declarations took 0 ms 
283153     INFO  Test worker     d.u.i.k.n.KeyIO           Parsing took 0 ms 
283153     INFO  Test worker     d.u.i.k.n.KeyIO           MODE: declarations took 0 ms 
285779     INFO  Test worker     d.u.i.k.n.KeyIO           Parsing took 0 ms 
285780     INFO  Test worker     d.u.i.k.n.KeyIO           MODE: declarations took 0 ms 
285780     INFO  Test worker     d.u.i.k.n.KeyIO           Parsing took 0 ms 
285780     INFO  Test worker     d.u.i.k.n.KeyIO           MODE: declarations took 0 ms 
285780     INFO  Test worker     d.u.i.k.n.KeyIO           Parsing took 0 ms 
285781     INFO  Test worker     d.u.i.k.n.KeyIO           MODE: declarations took 0 ms 
285781     INFO  Test worker     d.u.i.k.n.KeyIO           Parsing took 0 ms 
285781     INFO  Test worker     d.u.i.k.n.KeyIO           MODE: declarations took 0 ms 
285781     INFO  Test worker     d.u.i.k.n.KeyIO           Parsing took 0 ms 
285781     INFO  Test worker     d.u.i.k.n.KeyIO           MODE: declarations took 0 ms 
288397     INFO  Test worker     d.u.i.k.n.KeyIO           Parsing took 0 ms 
288397     INFO  Test worker     d.u.i.k.n.KeyIO           MODE: declarations took 0 ms 
288397     INFO  Test worker     d.u.i.k.n.KeyIO           Parsing took 0 ms 
288397     INFO  Test worker     d.u.i.k.n.KeyIO           MODE: declarations took 0 ms 
288397     INFO  Test worker     d.u.i.k.n.KeyIO           Parsing took 0 ms 
288397     INFO  Test worker     d.u.i.k.n.KeyIO           MODE: declarations took 0 ms 
288397     INFO  Test worker     d.u.i.k.n.KeyIO           Parsing took 0 ms 
288397     INFO  Test worker     d.u.i.k.n.KeyIO           MODE: declarations took 0 ms 
288397     INFO  Test worker     d.u.i.k.n.KeyIO           Parsing took 0 ms 
288397     INFO  Test worker     d.u.i.k.n.KeyIO           MODE: declarations took 0 ms 
291015     INFO  Test worker     d.u.i.k.n.KeyIO           Parsing took 0 ms 
291015     INFO  Test worker     d.u.i.k.n.KeyIO           MODE: declarations took 0 ms 
291015     INFO  Test worker     d.u.i.k.n.KeyIO           Parsing took 0 ms 
291015     INFO  Test worker     d.u.i.k.n.KeyIO           MODE: declarations took 0 ms 
291015     INFO  Test worker     d.u.i.k.n.KeyIO           Parsing took 0 ms 
291015     INFO  Test worker     d.u.i.k.n.KeyIO           MODE: declarations took 0 ms 
291015     INFO  Test worker     d.u.i.k.n.KeyIO           Parsing took 0 ms 
291015     INFO  Test worker     d.u.i.k.n.KeyIO           MODE: declarations took 0 ms 
291015     INFO  Test worker     d.u.i.k.n.KeyIO           Parsing took 0 ms 
291015     INFO  Test worker     d.u.i.k.n.KeyIO           MODE: declarations took 0 ms 
293612     INFO  Test worker     d.u.i.k.n.KeyIO           Parsing took 0 ms 
293612     INFO  Test worker     d.u.i.k.n.KeyIO           MODE: declarations took 0 ms 
293612     INFO  Test worker     d.u.i.k.n.KeyIO           Parsing took 0 ms 
293612     INFO  Test worker     d.u.i.k.n.KeyIO           MODE: declarations took 0 ms 
293612     INFO  Test worker     d.u.i.k.n.KeyIO           Parsing took 0 ms 
293612     INFO  Test worker     d.u.i.k.n.KeyIO           MODE: declarations took 0 ms 
293612     INFO  Test worker     d.u.i.k.n.KeyIO           Parsing took 0 ms 
293612     INFO  Test worker     d.u.i.k.n.KeyIO           MODE: declarations took 0 ms 
293612     INFO  Test worker     d.u.i.k.n.KeyIO           Parsing took 0 ms 
293612     INFO  Test worker     d.u.i.k.n.KeyIO           MODE: declarations took 0 ms 
296212     INFO  Test worker     d.u.i.k.n.KeyIO           Parsing took 0 ms 
296212     INFO  Test worker     d.u.i.k.n.KeyIO           MODE: declarations took 0 ms 
296212     INFO  Test worker     d.u.i.k.n.KeyIO           Parsing took 0 ms 
296212     INFO  Test worker     d.u.i.k.n.KeyIO           MODE: declarations took 0 ms 
296212     INFO  Test worker     d.u.i.k.n.KeyIO           Parsing took 0 ms 
296212     INFO  Test worker     d.u.i.k.n.KeyIO           MODE: declarations took 0 ms 
296212     INFO  Test worker     d.u.i.k.n.KeyIO           Parsing took 0 ms 
296212     INFO  Test worker     d.u.i.k.n.KeyIO           MODE: declarations took 0 ms 
296212     INFO  Test worker     d.u.i.k.n.KeyIO           Parsing took 0 ms 
296212     INFO  Test worker     d.u.i.k.n.KeyIO           MODE: declarations took 0 ms 
298828     INFO  Test worker     d.u.i.k.n.KeyIO           Parsing took 0 ms 
298828     INFO  Test worker     d.u.i.k.n.KeyIO           MODE: declarations took 0 ms 
298828     INFO  Test worker     d.u.i.k.n.KeyIO           Parsing took 0 ms 
298828     INFO  Test worker     d.u.i.k.n.KeyIO           MODE: declarations took 0 ms 
298828     INFO  Test worker     d.u.i.k.n.KeyIO           Parsing took 0 ms 
298828     INFO  Test worker     d.u.i.k.n.KeyIO           MODE: declarations took 0 ms 
298828     INFO  Test worker     d.u.i.k.n.KeyIO           Parsing took 0 ms 
298828     INFO  Test worker     d.u.i.k.n.KeyIO           MODE: declarations took 0 ms 
298828     INFO  Test worker     d.u.i.k.n.KeyIO           Parsing took 0 ms 
298828     INFO  Test worker     d.u.i.k.n.KeyIO           MODE: declarations took 0 ms 
301426     INFO  Test worker     d.u.i.k.n.KeyIO           Parsing took 0 ms 
301427     INFO  Test worker     d.u.i.k.n.KeyIO           MODE: declarations took 1 ms 
301427     INFO  Test worker     d.u.i.k.n.KeyIO           Parsing took 0 ms 
301427     INFO  Test worker     d.u.i.k.n.KeyIO           MODE: declarations took 0 ms 
301427     INFO  Test worker     d.u.i.k.n.KeyIO           Parsing took 0 ms 
301427     INFO  Test worker     d.u.i.k.n.KeyIO           MODE: declarations took 0 ms 
301427     INFO  Test worker     d.u.i.k.n.KeyIO           Parsing took 0 ms 
301427     INFO  Test worker     d.u.i.k.n.KeyIO           MODE: declarations took 0 ms 
301427     INFO  Test worker     d.u.i.k.n.KeyIO           Parsing took 0 ms 
301427     INFO  Test worker     d.u.i.k.n.KeyIO           MODE: declarations took 0 ms 
304021     INFO  Test worker     d.u.i.k.n.KeyIO           Parsing took 0 ms 
304021     INFO  Test worker     d.u.i.k.n.KeyIO           MODE: declarations took 0 ms 
304021     INFO  Test worker     d.u.i.k.n.KeyIO           Parsing took 0 ms 
304021     INFO  Test worker     d.u.i.k.n.KeyIO           MODE: declarations took 0 ms 
304021     INFO  Test worker     d.u.i.k.n.KeyIO           Parsing took 0 ms 
304021     INFO  Test worker     d.u.i.k.n.KeyIO           MODE: declarations took 0 ms 
304021     INFO  Test worker     d.u.i.k.n.KeyIO           Parsing took 0 ms 
304021     INFO  Test worker     d.u.i.k.n.KeyIO           MODE: declarations took 0 ms 
304021     INFO  Test worker     d.u.i.k.n.KeyIO           Parsing took 0 ms 
304021     INFO  Test worker     d.u.i.k.n.KeyIO           MODE: declarations took 0 ms 
306674     INFO  Test worker     d.u.i.k.n.KeyIO           Parsing took 0 ms 
306674     INFO  Test worker     d.u.i.k.n.KeyIO           MODE: declarations took 0 ms 
306674     INFO  Test worker     d.u.i.k.n.KeyIO           Parsing took 0 ms 
306675     INFO  Test worker     d.u.i.k.n.KeyIO           MODE: declarations took 1 ms 
306675     INFO  Test worker     d.u.i.k.n.KeyIO           Parsing took 0 ms 
306675     INFO  Test worker     d.u.i.k.n.KeyIO           MODE: declarations took 0 ms 
306675     INFO  Test worker     d.u.i.k.n.KeyIO           Parsing took 0 ms 
306675     INFO  Test worker     d.u.i.k.n.KeyIO           MODE: declarations took 0 ms 
306675     INFO  Test worker     d.u.i.k.n.KeyIO           Parsing took 0 ms 
306676     INFO  Test worker     d.u.i.k.n.KeyIO           MODE: declarations took 0 ms 
309286     INFO  Test worker     d.u.i.k.n.KeyIO           Parsing took 0 ms 
309286     INFO  Test worker     d.u.i.k.n.KeyIO           MODE: declarations took 0 ms 
309286     INFO  Test worker     d.u.i.k.n.KeyIO           Parsing took 0 ms 
309286     INFO  Test worker     d.u.i.k.n.KeyIO           MODE: declarations took 0 ms 
309286     INFO  Test worker     d.u.i.k.n.KeyIO           Parsing took 0 ms 
309286     INFO  Test worker     d.u.i.k.n.KeyIO           MODE: declarations took 0 ms 
309286     INFO  Test worker     d.u.i.k.n.KeyIO           Parsing took 0 ms 
309286     INFO  Test worker     d.u.i.k.n.KeyIO           MODE: declarations took 0 ms 
309286     INFO  Test worker     d.u.i.k.n.KeyIO           Parsing took 0 ms 
309286     INFO  Test worker     d.u.i.k.n.KeyIO           MODE: declarations took 0 ms 
309287     WARN  Test worker     d.u.i.k.n.KeYParser       [syntax-error] <unknown>:1:11: mismatched input '@' expecting {'/', ':=', '.', '(', ')', '{', '[', '@', PARALLEL, OR, AND, IMP, '=', NOT_EQUALS, '%', '*', '-', '+', '>', GREATEREQUAL, '<', LESSEQUAL, LGUILLEMETS, EQV} [@11,11:11='@',<153>,1:11] (termEOF) 
311882     INFO  Test worker     d.u.i.k.n.KeyIO           Parsing took 0 ms 
311882     INFO  Test worker     d.u.i.k.n.KeyIO           MODE: declarations took 0 ms 
311882     INFO  Test worker     d.u.i.k.n.KeyIO           Parsing took 0 ms 
311882     INFO  Test worker     d.u.i.k.n.KeyIO           MODE: declarations took 0 ms 
311882     INFO  Test worker     d.u.i.k.n.KeyIO           Parsing took 0 ms 
311882     INFO  Test worker     d.u.i.k.n.KeyIO           MODE: declarations took 0 ms 
311882     INFO  Test worker     d.u.i.k.n.KeyIO           Parsing took 0 ms 
311882     INFO  Test worker     d.u.i.k.n.KeyIO           MODE: declarations took 0 ms 
311882     INFO  Test worker     d.u.i.k.n.KeyIO           Parsing took 0 ms 
311882     INFO  Test worker     d.u.i.k.n.KeyIO           MODE: declarations took 0 ms 
314498     INFO  Test worker     d.u.i.k.n.KeyIO           Parsing took 0 ms 
314498     INFO  Test worker     d.u.i.k.n.KeyIO           MODE: declarations took 0 ms 
314498     INFO  Test worker     d.u.i.k.n.KeyIO           Parsing took 0 ms 
314498     INFO  Test worker     d.u.i.k.n.KeyIO           MODE: declarations took 0 ms 
314498     INFO  Test worker     d.u.i.k.n.KeyIO           Parsing took 0 ms 
314498     INFO  Test worker     d.u.i.k.n.KeyIO           MODE: declarations took 0 ms 
314498     INFO  Test worker     d.u.i.k.n.KeyIO           Parsing took 0 ms 
314498     INFO  Test worker     d.u.i.k.n.KeyIO           MODE: declarations took 0 ms 
314498     INFO  Test worker     d.u.i.k.n.KeyIO           Parsing took 0 ms 
314498     INFO  Test worker     d.u.i.k.n.KeyIO           MODE: declarations took 0 ms 
317100     INFO  Test worker     d.u.i.k.n.KeyIO           Parsing took 0 ms 
317100     INFO  Test worker     d.u.i.k.n.KeyIO           MODE: declarations took 0 ms 
317100     INFO  Test worker     d.u.i.k.n.KeyIO           Parsing took 0 ms 
317100     INFO  Test worker     d.u.i.k.n.KeyIO           MODE: declarations took 0 ms 
317100     INFO  Test worker     d.u.i.k.n.KeyIO           Parsing took 0 ms 
317100     INFO  Test worker     d.u.i.k.n.KeyIO           MODE: declarations took 0 ms 
317101     INFO  Test worker     d.u.i.k.n.KeyIO           Parsing took 1 ms 
317101     INFO  Test worker     d.u.i.k.n.KeyIO           MODE: declarations took 0 ms 
317101     INFO  Test worker     d.u.i.k.n.KeyIO           Parsing took 0 ms 
317101     INFO  Test worker     d.u.i.k.n.KeyIO           MODE: declarations took 0 ms 
319694     INFO  Test worker     d.u.i.k.n.KeyIO           Parsing took 0 ms 
319694     INFO  Test worker     d.u.i.k.n.KeyIO           MODE: declarations took 0 ms 
319694     INFO  Test worker     d.u.i.k.n.KeyIO           Parsing took 0 ms 
319694     INFO  Test worker     d.u.i.k.n.KeyIO           MODE: declarations took 0 ms 
319694     INFO  Test worker     d.u.i.k.n.KeyIO           Parsing took 0 ms 
319694     INFO  Test worker     d.u.i.k.n.KeyIO           MODE: declarations took 0 ms 
319694     INFO  Test worker     d.u.i.k.n.KeyIO           Parsing took 0 ms 
319694     INFO  Test worker     d.u.i.k.n.KeyIO           MODE: declarations took 0 ms 
319694     INFO  Test worker     d.u.i.k.n.KeyIO           Parsing took 0 ms 
319694     INFO  Test worker     d.u.i.k.n.KeyIO           MODE: declarations took 0 ms 
322316     INFO  Test worker     d.u.i.k.n.KeyIO           Parsing took 0 ms 
322316     INFO  Test worker     d.u.i.k.n.KeyIO           MODE: declarations took 0 ms 
322316     INFO  Test worker     d.u.i.k.n.KeyIO           Parsing took 0 ms 
322316     INFO  Test worker     d.u.i.k.n.KeyIO           MODE: declarations took 0 ms 
322316     INFO  Test worker     d.u.i.k.n.KeyIO           Parsing took 0 ms 
322316     INFO  Test worker     d.u.i.k.n.KeyIO           MODE: declarations took 0 ms 
322316     INFO  Test worker     d.u.i.k.n.KeyIO           Parsing took 0 ms 
322316     INFO  Test worker     d.u.i.k.n.KeyIO           MODE: declarations took 0 ms 
322316     INFO  Test worker     d.u.i.k.n.KeyIO           Parsing took 0 ms 
322317     INFO  Test worker     d.u.i.k.n.KeyIO           MODE: declarations took 1 ms 
324933     INFO  Test worker     d.u.i.k.n.KeyIO           Parsing took 0 ms 
324934     INFO  Test worker     d.u.i.k.n.KeyIO           MODE: declarations took 0 ms 
324934     INFO  Test worker     d.u.i.k.n.KeyIO           Parsing took 0 ms 
324934     INFO  Test worker     d.u.i.k.n.KeyIO           MODE: declarations took 0 ms 
324934     INFO  Test worker     d.u.i.k.n.KeyIO           Parsing took 0 ms 
324934     INFO  Test worker     d.u.i.k.n.KeyIO           MODE: declarations took 0 ms 
324934     INFO  Test worker     d.u.i.k.n.KeyIO           Parsing took 0 ms 
324934     INFO  Test worker     d.u.i.k.n.KeyIO           MODE: declarations took 0 ms 
324934     INFO  Test worker     d.u.i.k.n.KeyIO           Parsing took 0 ms 
324935     INFO  Test worker     d.u.i.k.n.KeyIO           MODE: declarations took 0 ms 
327542     INFO  Test worker     d.u.i.k.n.KeyIO           Parsing took 0 ms 
327542     INFO  Test worker     d.u.i.k.n.KeyIO           MODE: declarations took 0 ms 
327543     INFO  Test worker     d.u.i.k.n.KeyIO           Parsing took 0 ms 
327543     INFO  Test worker     d.u.i.k.n.KeyIO           MODE: declarations took 0 ms 
327543     INFO  Test worker     d.u.i.k.n.KeyIO           Parsing took 0 ms 
327543     INFO  Test worker     d.u.i.k.n.KeyIO           MODE: declarations took 0 ms 
327543     INFO  Test worker     d.u.i.k.n.KeyIO           Parsing took 0 ms 
327544     INFO  Test worker     d.u.i.k.n.KeyIO           MODE: declarations took 0 ms 
327544     INFO  Test worker     d.u.i.k.n.KeyIO           Parsing took 0 ms 
327544     INFO  Test worker     d.u.i.k.n.KeyIO           MODE: declarations took 0 ms 
330163     INFO  Test worker     d.u.i.k.n.KeyIO           Parsing took 0 ms 
330163     INFO  Test worker     d.u.i.k.n.KeyIO           MODE: declarations took 0 ms 
330163     INFO  Test worker     d.u.i.k.n.KeyIO           Parsing took 0 ms 
330163     INFO  Test worker     d.u.i.k.n.KeyIO           MODE: declarations took 0 ms 
330163     INFO  Test worker     d.u.i.k.n.KeyIO           Parsing took 0 ms 
330163     INFO  Test worker     d.u.i.k.n.KeyIO           MODE: declarations took 0 ms 
330163     INFO  Test worker     d.u.i.k.n.KeyIO           Parsing took 0 ms 
330163     INFO  Test worker     d.u.i.k.n.KeyIO           MODE: declarations took 0 ms 
330163     INFO  Test worker     d.u.i.k.n.KeyIO           Parsing took 0 ms 
330163     INFO  Test worker     d.u.i.k.n.KeyIO           MODE: declarations took 0 ms 
332771     INFO  Test worker     d.u.i.k.n.KeyIO           Parsing took 0 ms 
332771     INFO  Test worker     d.u.i.k.n.KeyIO           MODE: declarations took 0 ms 
332771     INFO  Test worker     d.u.i.k.n.KeyIO           Parsing took 0 ms 
332771     INFO  Test worker     d.u.i.k.n.KeyIO           MODE: declarations took 0 ms 
332771     INFO  Test worker     d.u.i.k.n.KeyIO           Parsing took 0 ms 
332771     INFO  Test worker     d.u.i.k.n.KeyIO           MODE: declarations took 0 ms 
332771     INFO  Test worker     d.u.i.k.n.KeyIO           Parsing took 0 ms 
332771     INFO  Test worker     d.u.i.k.n.KeyIO           MODE: declarations took 0 ms 
332771     INFO  Test worker     d.u.i.k.n.KeyIO           Parsing took 0 ms 
332771     INFO  Test worker     d.u.i.k.n.KeyIO           MODE: declarations took 0 ms 
335386     INFO  Test worker     d.u.i.k.n.KeyIO           Parsing took 0 ms 
335386     INFO  Test worker     d.u.i.k.n.KeyIO           MODE: declarations took 0 ms 
335386     INFO  Test worker     d.u.i.k.n.KeyIO           Parsing took 0 ms 
335386     INFO  Test worker     d.u.i.k.n.KeyIO           MODE: declarations took 0 ms 
335386     INFO  Test worker     d.u.i.k.n.KeyIO           Parsing took 0 ms 
335386     INFO  Test worker     d.u.i.k.n.KeyIO           MODE: declarations took 0 ms 
335386     INFO  Test worker     d.u.i.k.n.KeyIO           Parsing took 0 ms 
335386     INFO  Test worker     d.u.i.k.n.KeyIO           MODE: declarations took 0 ms 
335386     INFO  Test worker     d.u.i.k.n.KeyIO           Parsing took 0 ms 
335386     INFO  Test worker     d.u.i.k.n.KeyIO           MODE: declarations took 0 ms 
338027     INFO  Test worker     d.u.i.k.n.KeyIO           Parsing took 0 ms 
338027     INFO  Test worker     d.u.i.k.n.KeyIO           MODE: declarations took 0 ms 
338027     INFO  Test worker     d.u.i.k.n.KeyIO           Parsing took 0 ms 
338027     INFO  Test worker     d.u.i.k.n.KeyIO           MODE: declarations took 0 ms 
338027     INFO  Test worker     d.u.i.k.n.KeyIO           Parsing took 0 ms 
338027     INFO  Test worker     d.u.i.k.n.KeyIO           MODE: declarations took 0 ms 
338027     INFO  Test worker     d.u.i.k.n.KeyIO           Parsing took 0 ms 
338027     INFO  Test worker     d.u.i.k.n.KeyIO           MODE: declarations took 0 ms 
338027     INFO  Test worker     d.u.i.k.n.KeyIO           Parsing took 0 ms 
338027     INFO  Test worker     d.u.i.k.n.KeyIO           MODE: declarations took 0 ms 
340633     INFO  Test worker     d.u.i.k.n.KeyIO           Parsing took 0 ms 
340633     INFO  Test worker     d.u.i.k.n.KeyIO           MODE: declarations took 0 ms 
340635     INFO  Test worker     d.u.i.k.n.KeyIO           Parsing took 0 ms 
340635     INFO  Test worker     d.u.i.k.n.KeyIO           MODE: declarations took 0 ms 
340636     INFO  Test worker     d.u.i.k.n.KeyIO           Parsing took 0 ms 
340636     INFO  Test worker     d.u.i.k.n.KeyIO           MODE: declarations took 0 ms 
340636     INFO  Test worker     d.u.i.k.n.KeyIO           Parsing took 0 ms 
340637     INFO  Test worker     d.u.i.k.n.KeyIO           MODE: declarations took 0 ms 
340637     INFO  Test worker     d.u.i.k.n.KeyIO           Parsing took 0 ms 
340637     INFO  Test worker     d.u.i.k.n.KeyIO           MODE: declarations took 0 ms 
343255     INFO  Test worker     d.u.i.k.n.KeyIO           Parsing took 0 ms 
343255     INFO  Test worker     d.u.i.k.n.KeyIO           MODE: declarations took 0 ms 
343255     INFO  Test worker     d.u.i.k.n.KeyIO           Parsing took 0 ms 
343256     INFO  Test worker     d.u.i.k.n.KeyIO           MODE: declarations took 0 ms 
343256     INFO  Test worker     d.u.i.k.n.KeyIO           Parsing took 0 ms 
343256     INFO  Test worker     d.u.i.k.n.KeyIO           MODE: declarations took 0 ms 
343256     INFO  Test worker     d.u.i.k.n.KeyIO           Parsing took 0 ms 
343256     INFO  Test worker     d.u.i.k.n.KeyIO           MODE: declarations took 0 ms 
343256     INFO  Test worker     d.u.i.k.n.KeyIO           Parsing took 0 ms 
343257     INFO  Test worker     d.u.i.k.n.KeyIO           MODE: declarations took 0 ms 
345861     INFO  Test worker     d.u.i.k.n.KeyIO           Parsing took 0 ms 
345861     INFO  Test worker     d.u.i.k.n.KeyIO           MODE: declarations took 0 ms 
345861     INFO  Test worker     d.u.i.k.n.KeyIO           Parsing took 0 ms 
345861     INFO  Test worker     d.u.i.k.n.KeyIO           MODE: declarations took 0 ms 
345861     INFO  Test worker     d.u.i.k.n.KeyIO           Parsing took 0 ms 
345861     INFO  Test worker     d.u.i.k.n.KeyIO           MODE: declarations took 0 ms 
345861     INFO  Test worker     d.u.i.k.n.KeyIO           Parsing took 0 ms 
345861     INFO  Test worker     d.u.i.k.n.KeyIO           MODE: declarations took 0 ms 
345861     INFO  Test worker     d.u.i.k.n.KeyIO           Parsing took 0 ms 
345861     INFO  Test worker     d.u.i.k.n.KeyIO           MODE: declarations took 0 ms 
348452     INFO  Test worker     d.u.i.k.n.KeyIO           Parsing took 0 ms 
348452     INFO  Test worker     d.u.i.k.n.KeyIO           MODE: declarations took 0 ms 
348452     INFO  Test worker     d.u.i.k.n.KeyIO           Parsing took 0 ms 
348453     INFO  Test worker     d.u.i.k.n.KeyIO           MODE: declarations took 1 ms 
348453     INFO  Test worker     d.u.i.k.n.KeyIO           Parsing took 0 ms 
348453     INFO  Test worker     d.u.i.k.n.KeyIO           MODE: declarations took 0 ms 
348453     INFO  Test worker     d.u.i.k.n.KeyIO           Parsing took 0 ms 
348453     INFO  Test worker     d.u.i.k.n.KeyIO           MODE: declarations took 0 ms 
348453     INFO  Test worker     d.u.i.k.n.KeyIO           Parsing took 0 ms 
348453     INFO  Test worker     d.u.i.k.n.KeyIO           MODE: declarations took 0 ms 
351073     INFO  Test worker     d.u.i.k.n.KeyIO           Parsing took 0 ms 
351073     INFO  Test worker     d.u.i.k.n.KeyIO           MODE: declarations took 0 ms 
351073     INFO  Test worker     d.u.i.k.n.KeyIO           Parsing took 0 ms 
351073     INFO  Test worker     d.u.i.k.n.KeyIO           MODE: declarations took 0 ms 
351073     INFO  Test worker     d.u.i.k.n.KeyIO           Parsing took 0 ms 
351073     INFO  Test worker     d.u.i.k.n.KeyIO           MODE: declarations took 0 ms 
351073     INFO  Test worker     d.u.i.k.n.KeyIO           Parsing took 0 ms 
351073     INFO  Test worker     d.u.i.k.n.KeyIO           MODE: declarations took 0 ms 
351073     INFO  Test worker     d.u.i.k.n.KeyIO           Parsing took 0 ms 
351073     INFO  Test worker     d.u.i.k.n.KeyIO           MODE: declarations took 0 ms 
353681     INFO  Test worker     d.u.i.k.n.KeyIO           Parsing took 0 ms 
353681     INFO  Test worker     d.u.i.k.n.KeyIO           MODE: declarations took 0 ms 
353681     INFO  Test worker     d.u.i.k.n.KeyIO           Parsing took 0 ms 
353681     INFO  Test worker     d.u.i.k.n.KeyIO           MODE: declarations took 0 ms 
353681     INFO  Test worker     d.u.i.k.n.KeyIO           Parsing took 0 ms 
353681     INFO  Test worker     d.u.i.k.n.KeyIO           MODE: declarations took 0 ms 
353681     INFO  Test worker     d.u.i.k.n.KeyIO           Parsing took 0 ms 
353681     INFO  Test worker     d.u.i.k.n.KeyIO           MODE: declarations took 0 ms 
353681     INFO  Test worker     d.u.i.k.n.KeyIO           Parsing took 0 ms 
353681     INFO  Test worker     d.u.i.k.n.KeyIO           MODE: declarations took 0 ms 
356297     INFO  Test worker     d.u.i.k.n.KeyIO           Parsing took 0 ms 
356297     INFO  Test worker     d.u.i.k.n.KeyIO           MODE: declarations took 0 ms 
356297     INFO  Test worker     d.u.i.k.n.KeyIO           Parsing took 0 ms 
356297     INFO  Test worker     d.u.i.k.n.KeyIO           MODE: declarations took 0 ms 
356297     INFO  Test worker     d.u.i.k.n.KeyIO           Parsing took 0 ms 
356297     INFO  Test worker     d.u.i.k.n.KeyIO           MODE: declarations took 0 ms 
356297     INFO  Test worker     d.u.i.k.n.KeyIO           Parsing took 0 ms 
356297     INFO  Test worker     d.u.i.k.n.KeyIO           MODE: declarations took 0 ms 
356298     INFO  Test worker     d.u.i.k.n.KeyIO           Parsing took 1 ms 
356298     INFO  Test worker     d.u.i.k.n.KeyIO           MODE: declarations took 0 ms 
358898     INFO  Test worker     d.u.i.k.n.KeyIO           Parsing took 0 ms 
358898     INFO  Test worker     d.u.i.k.n.KeyIO           MODE: declarations took 0 ms 
358898     INFO  Test worker     d.u.i.k.n.KeyIO           Parsing took 0 ms 
358898     INFO  Test worker     d.u.i.k.n.KeyIO           MODE: declarations took 0 ms 
358898     INFO  Test worker     d.u.i.k.n.KeyIO           Parsing took 0 ms 
358898     INFO  Test worker     d.u.i.k.n.KeyIO           MODE: declarations took 0 ms 
358898     INFO  Test worker     d.u.i.k.n.KeyIO           Parsing took 0 ms 
358898     INFO  Test worker     d.u.i.k.n.KeyIO           MODE: declarations took 0 ms 
358898     INFO  Test worker     d.u.i.k.n.KeyIO           Parsing took 0 ms 
358898     INFO  Test worker     d.u.i.k.n.KeyIO           MODE: declarations took 0 ms 
361512     INFO  Test worker     d.u.i.k.n.KeyIO           Parsing took 0 ms 
361512     INFO  Test worker     d.u.i.k.n.KeyIO           MODE: declarations took 0 ms 
361513     INFO  Test worker     d.u.i.k.n.KeyIO           Parsing took 0 ms 
361513     INFO  Test worker     d.u.i.k.n.KeyIO           MODE: declarations took 0 ms 
361513     INFO  Test worker     d.u.i.k.n.KeyIO           Parsing took 0 ms 
361513     INFO  Test worker     d.u.i.k.n.KeyIO           MODE: declarations took 0 ms 
361513     INFO  Test worker     d.u.i.k.n.KeyIO           Parsing took 0 ms 
361513     INFO  Test worker     d.u.i.k.n.KeyIO           MODE: declarations took 0 ms 
361513     INFO  Test worker     d.u.i.k.n.KeyIO           Parsing took 0 ms 
361513     INFO  Test worker     d.u.i.k.n.KeyIO           MODE: declarations took 0 ms 
364103     INFO  Test worker     d.u.i.k.n.KeyIO           Parsing took 0 ms 
364103     INFO  Test worker     d.u.i.k.n.KeyIO           MODE: declarations took 0 ms 
364103     INFO  Test worker     d.u.i.k.n.KeyIO           Parsing took 0 ms 
364103     INFO  Test worker     d.u.i.k.n.KeyIO           MODE: declarations took 0 ms 
364103     INFO  Test worker     d.u.i.k.n.KeyIO           Parsing took 0 ms 
364103     INFO  Test worker     d.u.i.k.n.KeyIO           MODE: declarations took 0 ms 
364104     INFO  Test worker     d.u.i.k.n.KeyIO           Parsing took 1 ms 
364104     INFO  Test worker     d.u.i.k.n.KeyIO           MODE: declarations took 0 ms 
364104     INFO  Test worker     d.u.i.k.n.KeyIO           Parsing took 0 ms 
364104     INFO  Test worker     d.u.i.k.n.KeyIO           MODE: declarations took 0 ms 
366721     INFO  Test worker     d.u.i.k.n.KeyIO           Parsing took 0 ms 
366721     INFO  Test worker     d.u.i.k.n.KeyIO           MODE: declarations took 0 ms 
366721     INFO  Test worker     d.u.i.k.n.KeyIO           Parsing took 0 ms 
366721     INFO  Test worker     d.u.i.k.n.KeyIO           MODE: declarations took 0 ms 
366721     INFO  Test worker     d.u.i.k.n.KeyIO           Parsing took 0 ms 
366721     INFO  Test worker     d.u.i.k.n.KeyIO           MODE: declarations took 0 ms 
366721     INFO  Test worker     d.u.i.k.n.KeyIO           Parsing took 0 ms 
366721     INFO  Test worker     d.u.i.k.n.KeyIO           MODE: declarations took 0 ms 
366721     INFO  Test worker     d.u.i.k.n.KeyIO           Parsing took 0 ms 
366721     INFO  Test worker     d.u.i.k.n.KeyIO           MODE: declarations took 0 ms 
369328     INFO  Test worker     d.u.i.k.n.KeyIO           Parsing took 0 ms 
369329     INFO  Test worker     d.u.i.k.n.KeyIO           MODE: declarations took 1 ms 
369329     INFO  Test worker     d.u.i.k.n.KeyIO           Parsing took 0 ms 
369329     INFO  Test worker     d.u.i.k.n.KeyIO           MODE: declarations took 0 ms 
369329     INFO  Test worker     d.u.i.k.n.KeyIO           Parsing took 0 ms 
369329     INFO  Test worker     d.u.i.k.n.KeyIO           MODE: declarations took 0 ms 
369329     INFO  Test worker     d.u.i.k.n.KeyIO           Parsing took 0 ms 
369329     INFO  Test worker     d.u.i.k.n.KeyIO           MODE: declarations took 0 ms 
369329     INFO  Test worker     d.u.i.k.n.KeyIO           Parsing took 0 ms 
369329     INFO  Test worker     d.u.i.k.n.KeyIO           MODE: declarations took 0 ms 
371949     INFO  Test worker     d.u.i.k.n.KeyIO           Parsing took 0 ms 
371949     INFO  Test worker     d.u.i.k.n.KeyIO           MODE: declarations took 0 ms 
371949     INFO  Test worker     d.u.i.k.n.KeyIO           Parsing took 0 ms 
371949     INFO  Test worker     d.u.i.k.n.KeyIO           MODE: declarations took 0 ms 
371949     INFO  Test worker     d.u.i.k.n.KeyIO           Parsing took 0 ms 
371949     INFO  Test worker     d.u.i.k.n.KeyIO           MODE: declarations took 0 ms 
371949     INFO  Test worker     d.u.i.k.n.KeyIO           Parsing took 0 ms 
371949     INFO  Test worker     d.u.i.k.n.KeyIO           MODE: declarations took 0 ms 
371949     INFO  Test worker     d.u.i.k.n.KeyIO           Parsing took 0 ms 
371949     INFO  Test worker     d.u.i.k.n.KeyIO           MODE: declarations took 0 ms 
]]></system-out>
  <system-err><![CDATA[]]></system-err>
</testsuite>
