<?xml version="1.0" encoding="UTF-8"?>
<testsuite name="de.uka.ilkd.key.logic.TestLocalSymbols" tests="2" skipped="0" failures="0" errors="0" timestamp="2023-03-25T22:40:51" hostname="fv-az246-127" time="4.069">
  <properties/>
  <testcase name="testSkolemization()" classname="de.uka.ilkd.key.logic.TestLocalSymbols" time="0.022"/>
  <testcase name="testDoubleInstantiation()" classname="de.uka.ilkd.key.logic.TestLocalSymbols" time="4.047"/>
  <system-out><![CDATA[79357      INFO  Test worker     d.u.i.k.m.s.ProofScriptEngine 1: 'rule orRight' 
79376      INFO  Test worker     d.u.i.k.m.s.ProofScriptEngine 2: 'rule allRight formula='\forall int i; i > 0'' 
79380      INFO  Test worker     d.u.i.k.m.s.ProofScriptEngine 3: 'rule allRight formula='\forall int i; i < 0'' 
]]></system-out>
  <system-err><![CDATA[]]></system-err>
</testsuite>
