<?xml version="1.0" encoding="UTF-8"?>
<testsuite name="de.uka.ilkd.key.parser.TestTermParserSorts" tests="2" skipped="0" failures="0" errors="0" timestamp="2023-03-25T22:45:50" hostname="fv-az246-127" time="2.624">
  <properties/>
  <testcase name="testParseIntegerArgs()" classname="de.uka.ilkd.key.parser.TestTermParserSorts" time="0.013"/>
  <testcase name="testParseSequencePrettySyntax()" classname="de.uka.ilkd.key.parser.TestTermParserSorts" time="0.002"/>
  <system-out><![CDATA[374545     INFO  Test worker     d.u.i.k.n.KeyIO           Parsing took 0 ms 
374546     INFO  Test worker     d.u.i.k.n.KeyIO           MODE: declarations took 0 ms 
374546     INFO  Test worker     d.u.i.k.n.KeyIO           Parsing took 0 ms 
374546     INFO  Test worker     d.u.i.k.n.KeyIO           MODE: declarations took 0 ms 
374546     INFO  Test worker     d.u.i.k.n.KeyIO           Parsing took 0 ms 
374546     INFO  Test worker     d.u.i.k.n.KeyIO           MODE: declarations took 0 ms 
377167     INFO  Test worker     d.u.i.k.n.KeyIO           Parsing took 0 ms 
377168     INFO  Test worker     d.u.i.k.n.KeyIO           MODE: declarations took 1 ms 
377168     INFO  Test worker     d.u.i.k.n.KeyIO           Parsing took 0 ms 
377168     INFO  Test worker     d.u.i.k.n.KeyIO           MODE: declarations took 0 ms 
377168     INFO  Test worker     d.u.i.k.n.KeyIO           Parsing took 0 ms 
377168     INFO  Test worker     d.u.i.k.n.KeyIO           MODE: declarations took 0 ms 
]]></system-out>
  <system-err><![CDATA[]]></system-err>
</testsuite>
