<?xml version="1.0" encoding="UTF-8"?>
<testsuite name="de.uka.ilkd.key.logic.TestClashFreeSubst" tests="14" skipped="2" failures="0" errors="0" timestamp="2023-03-25T22:40:07" hostname="fv-az246-127" time="43.785">
  <properties/>
  <testcase name="testMultiShareBound()" classname="de.uka.ilkd.key.logic.TestClashFreeSubst" time="0.835"/>
  <testcase name="testClash()" classname="de.uka.ilkd.key.logic.TestClashFreeSubst" time="0.825"/>
  <testcase name="testShare()" classname="de.uka.ilkd.key.logic.TestClashFreeSubst" time="0.822"/>
  <testcase name="testSubst()" classname="de.uka.ilkd.key.logic.TestClashFreeSubst" time="0.816"/>
  <testcase name="testWary0()" classname="de.uka.ilkd.key.logic.TestClashFreeSubst" time="0.804"/>
  <testcase name="testWary1()" classname="de.uka.ilkd.key.logic.TestClashFreeSubst" time="0.8"/>
  <testcase name="testWary2()" classname="de.uka.ilkd.key.logic.TestClashFreeSubst" time="0.785"/>
  <testcase name="testClashInSubstTerm()" classname="de.uka.ilkd.key.logic.TestClashFreeSubst" time="0.805"/>
  <testcase name="testShareWary()" classname="de.uka.ilkd.key.logic.TestClashFreeSubst" time="0.806"/>
  <testcase name="testMultiSubst()" classname="de.uka.ilkd.key.logic.TestClashFreeSubst" time="0.798"/>
  <testcase name="xtestMultiClash()" classname="de.uka.ilkd.key.logic.TestClashFreeSubst" time="0.0">
    <skipped/>
  </testcase>
  <testcase name="testSubstInSubstTerm()" classname="de.uka.ilkd.key.logic.TestClashFreeSubst" time="0.791"/>
  <testcase name="testSubstWary()" classname="de.uka.ilkd.key.logic.TestClashFreeSubst" time="0.792"/>
  <testcase name="xtestMultiClash1()" classname="de.uka.ilkd.key.logic.TestClashFreeSubst" time="0.0">
    <skipped/>
  </testcase>
  <system-out><![CDATA[31529      INFO  Test worker     d.u.i.k.n.KeyIO           Parsing took 0 ms 
31531      INFO  Test worker     d.u.i.k.n.KeyIO           MODE: declarations took 1 ms 
32357      INFO  Test worker     d.u.i.k.n.KeyIO           Parsing took 0 ms 
32359      INFO  Test worker     d.u.i.k.n.KeyIO           MODE: declarations took 1 ms 
35045      INFO  Test worker     d.u.i.k.n.KeyIO           Parsing took 0 ms 
35046      INFO  Test worker     d.u.i.k.n.KeyIO           MODE: declarations took 1 ms 
35863      INFO  Test worker     d.u.i.k.n.KeyIO           Parsing took 0 ms 
35865      INFO  Test worker     d.u.i.k.n.KeyIO           MODE: declarations took 0 ms 
38515      INFO  Test worker     d.u.i.k.n.KeyIO           Parsing took 0 ms 
38516      INFO  Test worker     d.u.i.k.n.KeyIO           MODE: declarations took 0 ms 
39331      INFO  Test worker     d.u.i.k.n.KeyIO           Parsing took 0 ms 
39332      INFO  Test worker     d.u.i.k.n.KeyIO           MODE: declarations took 0 ms 
41958      INFO  Test worker     d.u.i.k.n.KeyIO           Parsing took 0 ms 
41959      INFO  Test worker     d.u.i.k.n.KeyIO           MODE: declarations took 0 ms 
42770      INFO  Test worker     d.u.i.k.n.KeyIO           Parsing took 0 ms 
42771      INFO  Test worker     d.u.i.k.n.KeyIO           MODE: declarations took 1 ms 
45407      INFO  Test worker     d.u.i.k.n.KeyIO           Parsing took 0 ms 
45407      INFO  Test worker     d.u.i.k.n.KeyIO           MODE: declarations took 0 ms 
46206      INFO  Test worker     d.u.i.k.n.KeyIO           Parsing took 0 ms 
46208      INFO  Test worker     d.u.i.k.n.KeyIO           MODE: declarations took 2 ms 
48842      INFO  Test worker     d.u.i.k.n.KeyIO           Parsing took 0 ms 
48843      INFO  Test worker     d.u.i.k.n.KeyIO           MODE: declarations took 0 ms 
49637      INFO  Test worker     d.u.i.k.n.KeyIO           Parsing took 0 ms 
49638      INFO  Test worker     d.u.i.k.n.KeyIO           MODE: declarations took 0 ms 
52303      INFO  Test worker     d.u.i.k.n.KeyIO           Parsing took 0 ms 
52303      INFO  Test worker     d.u.i.k.n.KeyIO           MODE: declarations took 0 ms 
53084      INFO  Test worker     d.u.i.k.n.KeyIO           Parsing took 0 ms 
53084      INFO  Test worker     d.u.i.k.n.KeyIO           MODE: declarations took 0 ms 
55699      INFO  Test worker     d.u.i.k.n.KeyIO           Parsing took 0 ms 
55699      INFO  Test worker     d.u.i.k.n.KeyIO           MODE: declarations took 0 ms 
56498      INFO  Test worker     d.u.i.k.n.KeyIO           Parsing took 0 ms 
56499      INFO  Test worker     d.u.i.k.n.KeyIO           MODE: declarations took 0 ms 
59201      INFO  Test worker     d.u.i.k.n.KeyIO           Parsing took 0 ms 
59202      INFO  Test worker     d.u.i.k.n.KeyIO           MODE: declarations took 0 ms 
60000      INFO  Test worker     d.u.i.k.n.KeyIO           Parsing took 0 ms 
60001      INFO  Test worker     d.u.i.k.n.KeyIO           MODE: declarations took 0 ms 
62609      INFO  Test worker     d.u.i.k.n.KeyIO           Parsing took 0 ms 
62609      INFO  Test worker     d.u.i.k.n.KeyIO           MODE: declarations took 0 ms 
63403      INFO  Test worker     d.u.i.k.n.KeyIO           Parsing took 0 ms 
63403      INFO  Test worker     d.u.i.k.n.KeyIO           MODE: declarations took 0 ms 
68558      INFO  Test worker     d.u.i.k.n.KeyIO           Parsing took 0 ms 
68559      INFO  Test worker     d.u.i.k.n.KeyIO           MODE: declarations took 0 ms 
69347      INFO  Test worker     d.u.i.k.n.KeyIO           Parsing took 0 ms 
69347      INFO  Test worker     d.u.i.k.n.KeyIO           MODE: declarations took 0 ms 
71934      INFO  Test worker     d.u.i.k.n.KeyIO           Parsing took 0 ms 
71935      INFO  Test worker     d.u.i.k.n.KeyIO           MODE: declarations took 0 ms 
72725      INFO  Test worker     d.u.i.k.n.KeyIO           Parsing took 0 ms 
72725      INFO  Test worker     d.u.i.k.n.KeyIO           MODE: declarations took 0 ms 
]]></system-out>
  <system-err><![CDATA[]]></system-err>
</testsuite>
