<?xml version="1.0" encoding="UTF-8"?>
<testsuite name="de.uka.ilkd.key.parser.TestParser" tests="5" skipped="1" failures="0" errors="0" timestamp="2023-03-25T22:43:58" hostname="fv-az246-127" time="4.336">
  <properties/>
  <testcase name="testConstantEvaluationError()" classname="de.uka.ilkd.key.parser.TestParser" time="0.862"/>
  <testcase name="testGenericSort()" classname="de.uka.ilkd.key.parser.TestParser" time="0.001"/>
  <testcase name="testIssue1566()" classname="de.uka.ilkd.key.parser.TestParser" time="2.638"/>
  <testcase name="testIssue39()" classname="de.uka.ilkd.key.parser.TestParser" time="0.832"/>
  <testcase name="testRelativeInclude()" classname="de.uka.ilkd.key.parser.TestParser" time="0.002">
    <skipped/>
  </testcase>
  <system-out><![CDATA[263177     INFO  Test worker     d.u.i.k.n.KeyIO           Parsing took 0 ms 
263177     INFO  Test worker     d.u.i.k.n.KeyIO           MODE: declarations took 0 ms 
]]></system-out>
  <system-err><![CDATA[]]></system-err>
</testsuite>
