<?xml version="1.0" encoding="UTF-8"?>
<testsuite name="de.uka.ilkd.key.taclettranslation.TestTacletTranslator" tests="5" skipped="0" failures="0" errors="0" timestamp="2023-03-25T22:51:38" hostname="fv-az246-127" time="0.007">
  <properties/>
  <testcase name="testPropositional1()" classname="de.uka.ilkd.key.taclettranslation.TestTacletTranslator" time="0.003"/>
  <testcase name="testPropositional2()" classname="de.uka.ilkd.key.taclettranslation.TestTacletTranslator" time="0.001"/>
  <testcase name="testNegativePolarity()" classname="de.uka.ilkd.key.taclettranslation.TestTacletTranslator" time="0.001"/>
  <testcase name="testNoPolarity()" classname="de.uka.ilkd.key.taclettranslation.TestTacletTranslator" time="0.001"/>
  <testcase name="testPositivePolarity()" classname="de.uka.ilkd.key.taclettranslation.TestTacletTranslator" time="0.001"/>
  <system-out><![CDATA[722658     INFO  Test worker     d.u.i.k.n.KeyIO           Parsing took 0 ms 
722659     INFO  Test worker     d.u.i.k.n.KeyIO           MODE: declarations took 0 ms 
722661     INFO  Test worker     d.u.i.k.n.KeyIO           Parsing took 0 ms 
722661     INFO  Test worker     d.u.i.k.n.KeyIO           MODE: declarations took 0 ms 
722662     INFO  Test worker     d.u.i.k.n.KeyIO           Parsing took 0 ms 
722662     INFO  Test worker     d.u.i.k.n.KeyIO           MODE: declarations took 0 ms 
722663     INFO  Test worker     d.u.i.k.n.KeyIO           Parsing took 0 ms 
722663     INFO  Test worker     d.u.i.k.n.KeyIO           MODE: declarations took 0 ms 
722664     INFO  Test worker     d.u.i.k.n.KeyIO           Parsing took 0 ms 
722664     INFO  Test worker     d.u.i.k.n.KeyIO           MODE: declarations took 0 ms 
]]></system-out>
  <system-err><![CDATA[]]></system-err>
</testsuite>
