<?xml version="1.0" encoding="UTF-8"?>
<testsuite name="de.uka.ilkd.key.nparser.ParseLDTsTests" tests="2" skipped="0" failures="0" errors="0" timestamp="2023-03-25T22:42:32" hostname="fv-az246-127" time="0.827">
  <properties/>
  <testcase name="testLDT()" classname="de.uka.ilkd.key.nparser.ParseLDTsTests" time="0.013"/>
  <testcase name="testSR()" classname="de.uka.ilkd.key.nparser.ParseLDTsTests" time="0.813"/>
  <system-out><![CDATA[176590     INFO  Test worker     d.u.i.k.n.KeyIO           Parsing took 7 ms 
176591     INFO  Test worker     d.u.i.k.n.KeyIO           MODE: declarations took 1 ms 
177005     INFO  Test worker     d.u.i.k.n.KeyIO           Parsing took 407 ms 
177008     INFO  Test worker     d.u.i.k.n.KeyIO           MODE: declarations took 2 ms 
]]></system-out>
  <system-err><![CDATA[]]></system-err>
</testsuite>
