<?xml version="1.0" encoding="UTF-8"?>
<testsuite name="de.uka.ilkd.key.nparser.ExprTest" tests="23" skipped="0" failures="0" errors="0" timestamp="2023-03-25T22:42:30" hostname="fv-az246-127" time="1.925">
  <properties/>
  <testcase name="[1] (bprod{int y;}(1, 2, y) = 0)" classname="de.uka.ilkd.key.nparser.ExprTest" time="0.019"/>
  <testcase name="[2] 1 = 1 -&gt; 2 = 2" classname="de.uka.ilkd.key.nparser.ExprTest" time="0.013"/>
  <testcase name="[3] \&lt; { int x = 1; } \&gt; x=1" classname="de.uka.ilkd.key.nparser.ExprTest" time="0.804"/>
  <testcase name="[4] \&lt;{ int x = 1; {int s = 2;} }\&gt; x=x" classname="de.uka.ilkd.key.nparser.ExprTest" time="0.875"/>
  <testcase name="[5] true" classname="de.uka.ilkd.key.nparser.ExprTest" time="0.011"/>
  <testcase name="[6] true &amp; false" classname="de.uka.ilkd.key.nparser.ExprTest" time="0.01"/>
  <testcase name="[7] 0" classname="de.uka.ilkd.key.nparser.ExprTest" time="0.009"/>
  <testcase name="[8] 1" classname="de.uka.ilkd.key.nparser.ExprTest" time="0.009"/>
  <testcase name="[9] 42" classname="de.uka.ilkd.key.nparser.ExprTest" time="0.009"/>
  <testcase name="[10] -5" classname="de.uka.ilkd.key.nparser.ExprTest" time="0.009"/>
  <testcase name="[11] 1 + 1 = 2" classname="de.uka.ilkd.key.nparser.ExprTest" time="0.011"/>
  <testcase name="[12] \if (3=4) \then (1) \else (2)" classname="de.uka.ilkd.key.nparser.ExprTest" time="0.01"/>
  <testcase name="[13] \if (3=4 &amp; 1=1) \then (\if (3=4) \then (1) \else (2)) \else (2)" classname="de.uka.ilkd.key.nparser.ExprTest" time="0.01"/>
  <testcase name="[14] aa + bb*cc" classname="de.uka.ilkd.key.nparser.ExprTest" time="0.009"/>
  <testcase name="[15] aa%bb*cc &lt; -123" classname="de.uka.ilkd.key.nparser.ExprTest" time="0.01"/>
  <testcase name="[16] \forall int x; true" classname="de.uka.ilkd.key.nparser.ExprTest" time="0.01"/>
  <testcase name="[17] \forall numbers x; x = x" classname="de.uka.ilkd.key.nparser.ExprTest" time="0.01"/>
  <testcase name="[18] (int)3+2" classname="de.uka.ilkd.key.nparser.ExprTest" time="0.009"/>
  <testcase name="[19] 1.f + 1f = 20e-1f * (2f-1f)" classname="de.uka.ilkd.key.nparser.ExprTest" time="0.01"/>
  <testcase name="[20] 1.d + 1d &lt;= 20e+1d * .01d" classname="de.uka.ilkd.key.nparser.ExprTest" time="0.011"/>
  <testcase name="[21] 1f &lt;= 2f" classname="de.uka.ilkd.key.nparser.ExprTest" time="0.02"/>
  <testcase name="[22] 2d &gt; 1d" classname="de.uka.ilkd.key.nparser.ExprTest" time="0.012"/>
  <testcase name="[23] seqEmpty + seqEmpty" classname="de.uka.ilkd.key.nparser.ExprTest" time="0.009"/>
  <system-out><![CDATA[174666     INFO  Test worker     d.u.i.k.n.KeyIO           Parsing took 8 ms 
174672     INFO  Test worker     d.u.i.k.n.KeyIO           MODE: declarations took 1 ms 
174674     INFO  Test worker     d.u.i.k.n.ExprTest        Term: equals(bprod{y:int}(Z(1(#)),Z(2(#)),y),Z(0(#))) 
174684     INFO  Test worker     d.u.i.k.n.KeyIO           Parsing took 7 ms 
174686     INFO  Test worker     d.u.i.k.n.KeyIO           MODE: declarations took 1 ms 
174688     INFO  Test worker     d.u.i.k.n.ExprTest        Term: imp(equals(Z(1(#)),Z(1(#))),equals(Z(2(#)),Z(2(#)))) 
174697     INFO  Test worker     d.u.i.k.n.KeyIO           Parsing took 6 ms 
174699     INFO  Test worker     d.u.i.k.n.KeyIO           MODE: declarations took 1 ms 
175491     INFO  Test worker     d.u.i.k.n.ExprTest        Term: \<{
  int x = 1;
}\> (equals(x,Z(1(#)))) 
175501     INFO  Test worker     d.u.i.k.n.KeyIO           Parsing took 6 ms 
175503     INFO  Test worker     d.u.i.k.n.KeyIO           MODE: declarations took 0 ms 
176368     INFO  Test worker     d.u.i.k.n.ExprTest        Term: \<{
  int x = 1;
  {
    int s = 2;
  }
}\> (equals(x,x)) 
176377     INFO  Test worker     d.u.i.k.n.KeyIO           Parsing took 7 ms 
176378     INFO  Test worker     d.u.i.k.n.KeyIO           MODE: declarations took 1 ms 
176380     INFO  Test worker     d.u.i.k.n.ExprTest        Term: true 
176388     INFO  Test worker     d.u.i.k.n.KeyIO           Parsing took 6 ms 
176389     INFO  Test worker     d.u.i.k.n.KeyIO           MODE: declarations took 1 ms 
176391     INFO  Test worker     d.u.i.k.n.ExprTest        Term: and(true,false) 
176399     INFO  Test worker     d.u.i.k.n.KeyIO           Parsing took 7 ms 
176399     INFO  Test worker     d.u.i.k.n.KeyIO           MODE: declarations took 0 ms 
176401     INFO  Test worker     d.u.i.k.n.ExprTest        Term: Z(0(#)) 
176409     INFO  Test worker     d.u.i.k.n.KeyIO           Parsing took 7 ms 
176409     INFO  Test worker     d.u.i.k.n.KeyIO           MODE: declarations took 0 ms 
176411     INFO  Test worker     d.u.i.k.n.ExprTest        Term: Z(1(#)) 
176418     INFO  Test worker     d.u.i.k.n.KeyIO           Parsing took 6 ms 
176419     INFO  Test worker     d.u.i.k.n.KeyIO           MODE: declarations took 1 ms 
176421     INFO  Test worker     d.u.i.k.n.ExprTest        Term: Z(2(4(#))) 
176428     INFO  Test worker     d.u.i.k.n.KeyIO           Parsing took 6 ms 
176429     INFO  Test worker     d.u.i.k.n.KeyIO           MODE: declarations took 1 ms 
176431     INFO  Test worker     d.u.i.k.n.ExprTest        Term: Z(neglit(5(#))) 
176439     INFO  Test worker     d.u.i.k.n.KeyIO           Parsing took 7 ms 
176440     INFO  Test worker     d.u.i.k.n.KeyIO           MODE: declarations took 1 ms 
176442     INFO  Test worker     d.u.i.k.n.ExprTest        Term: equals(add(Z(1(#)),Z(1(#))),Z(2(#))) 
176450     INFO  Test worker     d.u.i.k.n.KeyIO           Parsing took 6 ms 
176450     INFO  Test worker     d.u.i.k.n.KeyIO           MODE: declarations took 0 ms 
176452     INFO  Test worker     d.u.i.k.n.ExprTest        Term: if-then-else(equals(Z(3(#)),Z(4(#))),Z(1(#)),Z(2(#))) 
176460     INFO  Test worker     d.u.i.k.n.KeyIO           Parsing took 6 ms 
176461     INFO  Test worker     d.u.i.k.n.KeyIO           MODE: declarations took 1 ms 
176463     INFO  Test worker     d.u.i.k.n.ExprTest        Term: if-then-else(and(equals(Z(3(#)),Z(4(#))),equals(Z(1(#)),Z(1(#)))),if-then-else(equals(Z(3(#)),Z(4(#))),Z(1(#)),Z(2(#))),Z(2(#))) 
176470     INFO  Test worker     d.u.i.k.n.KeyIO           Parsing took 6 ms 
176471     INFO  Test worker     d.u.i.k.n.KeyIO           MODE: declarations took 0 ms 
176473     INFO  Test worker     d.u.i.k.n.ExprTest        Term: add(aa,mul(bb,cc)) 
176481     INFO  Test worker     d.u.i.k.n.KeyIO           Parsing took 6 ms 
176482     INFO  Test worker     d.u.i.k.n.KeyIO           MODE: declarations took 1 ms 
176484     INFO  Test worker     d.u.i.k.n.ExprTest        Term: lt(mul(mod(aa,bb),cc),Z(neglit(3(2(1(#)))))) 
176492     INFO  Test worker     d.u.i.k.n.KeyIO           Parsing took 6 ms 
176493     INFO  Test worker     d.u.i.k.n.KeyIO           MODE: declarations took 1 ms 
176494     INFO  Test worker     d.u.i.k.n.ExprTest        Term: all{x:int}(true) 
176502     INFO  Test worker     d.u.i.k.n.KeyIO           Parsing took 6 ms 
176503     INFO  Test worker     d.u.i.k.n.KeyIO           MODE: declarations took 1 ms 
176505     INFO  Test worker     d.u.i.k.n.ExprTest        Term: all{x:numbers}(equals(x,x)) 
176512     INFO  Test worker     d.u.i.k.n.KeyIO           Parsing took 6 ms 
176513     INFO  Test worker     d.u.i.k.n.KeyIO           MODE: declarations took 0 ms 
176515     INFO  Test worker     d.u.i.k.n.ExprTest        Term: add(int::cast(Z(3(#))),Z(2(#))) 
176523     INFO  Test worker     d.u.i.k.n.KeyIO           Parsing took 6 ms 
176523     INFO  Test worker     d.u.i.k.n.KeyIO           MODE: declarations took 0 ms 
176526     INFO  Test worker     d.u.i.k.n.ExprTest        Term: equals(addFloat(FP(6(1(2(3(5(3(5(6(0(1(#))))))))))),FP(6(1(2(3(5(3(5(6(0(1(#)))))))))))),mulFloat(FP(4(2(8(1(4(7(3(7(0(1(#))))))))))),subFloat(FP(4(2(8(1(4(7(3(7(0(1(#))))))))))),FP(6(1(2(3(5(3(5(6(0(1(#)))))))))))))) 
176533     INFO  Test worker     d.u.i.k.n.KeyIO           Parsing took 6 ms 
176535     INFO  Test worker     d.u.i.k.n.KeyIO           MODE: declarations took 2 ms 
176537     INFO  Test worker     d.u.i.k.n.ExprTest        Term: leqDouble(addDouble(DFP(8(0(4(7(1(0(0(0(8(8(1(4(2(8(1(7(0(6(4(#)))))))))))))))))))),DFP(8(0(4(7(1(0(0(0(8(8(1(4(2(8(1(7(0(6(4(#))))))))))))))))))))),mulDouble(DFP(4(8(7(6(0(0(2(8(9(0(9(8(0(4(2(1(4(6(4(#)))))))))))))))))))),DFP(5(7(6(7(8(0(4(0(3(9(2(2(8(1(9(6(7(5(4(#)))))))))))))))))))))) 
176545     INFO  Test worker     d.u.i.k.n.KeyIO           Parsing took 6 ms 
176546     INFO  Test worker     d.u.i.k.n.KeyIO           MODE: declarations took 1 ms 
176549     INFO  Test worker     d.u.i.k.n.ExprTest        Term: leqFloat(FP(6(1(2(3(5(3(5(6(0(1(#))))))))))),FP(4(2(8(1(4(7(3(7(0(1(#)))))))))))) 
176566     INFO  Test worker     d.u.i.k.n.KeyIO           Parsing took 6 ms 
176569     INFO  Test worker     d.u.i.k.n.KeyIO           MODE: declarations took 1 ms 
176571     INFO  Test worker     d.u.i.k.n.ExprTest        Term: gtDouble(DFP(4(0(9(7(8(3(7(2(4(8(1(0(6(8(6(1(1(6(4(#)))))))))))))))))))),DFP(8(0(4(7(1(0(0(0(8(8(1(4(2(8(1(7(0(6(4(#))))))))))))))))))))) 
176578     INFO  Test worker     d.u.i.k.n.KeyIO           Parsing took 6 ms 
176579     INFO  Test worker     d.u.i.k.n.KeyIO           MODE: declarations took 0 ms 
176581     INFO  Test worker     d.u.i.k.n.ExprTest        Term: seqConcat(seqEmpty,seqEmpty) 
]]></system-out>
  <system-err><![CDATA[]]></system-err>
</testsuite>
