<?xml version="1.0" encoding="UTF-8"?>
<testsuite name="de.uka.ilkd.key.java.TestContextStatementBlock" tests="1" skipped="0" failures="0" errors="0" timestamp="2023-03-25T22:39:55" hostname="fv-az246-127" time="1.036">
  <properties/>
  <testcase name="testContextTermInstantiation()" classname="de.uka.ilkd.key.java.TestContextStatementBlock" time="1.036"/>
  <system-out><![CDATA[20038      INFO  Test worker     d.u.i.k.n.KeyIO           Parsing took 3 ms 
20050      INFO  Test worker     d.u.i.k.n.KeyIO           MODE: declarations took 11 ms 
]]></system-out>
  <system-err><![CDATA[]]></system-err>
</testsuite>
