<?xml version="1.0" encoding="UTF-8"?>
<testsuite name="de.uka.ilkd.key.parser.TestTermParser" tests="47" skipped="4" failures="0" errors="0" timestamp="2023-03-25T22:44:02" hostname="fv-az246-127" time="2.893">
  <properties/>
  <testcase name="testNotEqual()" classname="de.uka.ilkd.key.parser.TestTermParser" time="0.003"/>
  <testcase name="testProgramVariables()" classname="de.uka.ilkd.key.parser.TestTermParser" time="0.047"/>
  <testcase name="testAttributeWithSpecifiedSortOnObject()" classname="de.uka.ilkd.key.parser.TestTermParser" time="0.006"/>
  <testcase name="testCast()" classname="de.uka.ilkd.key.parser.TestTermParser" time="0.002"/>
  <testcase name="testJavaQueryAndAttribute_all()" classname="de.uka.ilkd.key.parser.TestTermParser" time="0.0">
    <skipped/>
  </testcase>
  <testcase name="test10()" classname="de.uka.ilkd.key.parser.TestTermParser" time="0.004"/>
  <testcase name="test11()" classname="de.uka.ilkd.key.parser.TestTermParser" time="0.005"/>
  <testcase name="test12()" classname="de.uka.ilkd.key.parser.TestTermParser" time="0.0">
    <skipped/>
  </testcase>
  <testcase name="test13()" classname="de.uka.ilkd.key.parser.TestTermParser" time="0.006"/>
  <testcase name="test14()" classname="de.uka.ilkd.key.parser.TestTermParser" time="0.008"/>
  <testcase name="test1a()" classname="de.uka.ilkd.key.parser.TestTermParser" time="0.003"/>
  <testcase name="testJavaAttributeAccess_4()" classname="de.uka.ilkd.key.parser.TestTermParser" time="0.004"/>
  <testcase name="testAttributeOnObject()" classname="de.uka.ilkd.key.parser.TestTermParser" time="0.004"/>
  <testcase name="testNegativeLiteralParsing1()" classname="de.uka.ilkd.key.parser.TestTermParser" time="0.002"/>
  <testcase name="testNegativeLiteralParsing2()" classname="de.uka.ilkd.key.parser.TestTermParser" time="0.002"/>
  <testcase name="testNegativeLiteralParsing3()" classname="de.uka.ilkd.key.parser.TestTermParser" time="0.002"/>
  <testcase name="xtestParsingArrayWithSpaces()" classname="de.uka.ilkd.key.parser.TestTermParser" time="0.0">
    <skipped/>
  </testcase>
  <testcase name="testAmbigiousFuncVarPred()" classname="de.uka.ilkd.key.parser.TestTermParser" time="0.001"/>
  <testcase name="test1()" classname="de.uka.ilkd.key.parser.TestTermParser" time="0.001"/>
  <testcase name="test2()" classname="de.uka.ilkd.key.parser.TestTermParser" time="0.002"/>
  <testcase name="test3()" classname="de.uka.ilkd.key.parser.TestTermParser" time="0.001"/>
  <testcase name="test5()" classname="de.uka.ilkd.key.parser.TestTermParser" time="0.002"/>
  <testcase name="test6()" classname="de.uka.ilkd.key.parser.TestTermParser" time="0.002"/>
  <testcase name="test7()" classname="de.uka.ilkd.key.parser.TestTermParser" time="0.003"/>
  <testcase name="test8()" classname="de.uka.ilkd.key.parser.TestTermParser" time="0.001"/>
  <testcase name="test9()" classname="de.uka.ilkd.key.parser.TestTermParser" time="0.001"/>
  <testcase name="testBindingUpdateTerm()" classname="de.uka.ilkd.key.parser.TestTermParser" time="0.002"/>
  <testcase name="testJavaStaticQuery()" classname="de.uka.ilkd.key.parser.TestTermParser" time="0.003"/>
  <testcase name="testInfix1()" classname="de.uka.ilkd.key.parser.TestTermParser" time="0.001"/>
  <testcase name="testInfix2()" classname="de.uka.ilkd.key.parser.TestTermParser" time="0.002"/>
  <testcase name="testInfix3()" classname="de.uka.ilkd.key.parser.TestTermParser" time="0.001"/>
  <testcase name="testInfix4()" classname="de.uka.ilkd.key.parser.TestTermParser" time="0.002"/>
  <testcase name="testIfThenElse()" classname="de.uka.ilkd.key.parser.TestTermParser" time="0.001"/>
  <testcase name="testJavaAttributeAccessBoth_1()" classname="de.uka.ilkd.key.parser.TestTermParser" time="0.002"/>
  <testcase name="testJavaAttributeAccessBoth_2()" classname="de.uka.ilkd.key.parser.TestTermParser" time="0.002"/>
  <testcase name="testJavaAttributeAccessBoth_3()" classname="de.uka.ilkd.key.parser.TestTermParser" time="0.003"/>
  <testcase name="testBindingUpdateTerm_1()" classname="de.uka.ilkd.key.parser.TestTermParser" time="0.002"/>
  <testcase name="testBindingUpdateTerm_3()" classname="de.uka.ilkd.key.parser.TestTermParser" time="0.004"/>
  <testcase name="testBindingUpdateTerm_4()" classname="de.uka.ilkd.key.parser.TestTermParser" time="0.001"/>
  <testcase name="testBindingUpdateTerm_5()" classname="de.uka.ilkd.key.parser.TestTermParser" time="0.002"/>
  <testcase name="testBindingUpdateTerm_6()" classname="de.uka.ilkd.key.parser.TestTermParser" time="0.002"/>
  <testcase name="testBindingUpdateTerm_7()" classname="de.uka.ilkd.key.parser.TestTermParser" time="0.001"/>
  <testcase name="testBindingUpdateTerm_8()" classname="de.uka.ilkd.key.parser.TestTermParser" time="0.002"/>
  <testcase name="testParsingArray()" classname="de.uka.ilkd.key.parser.TestTermParser" time="0.01"/>
  <testcase name="xtestBindingUpdateTermOldBindingAlternative()" classname="de.uka.ilkd.key.parser.TestTermParser" time="0.0">
    <skipped/>
  </testcase>
  <testcase name="testJavaStaticQueryWithParameter()" classname="de.uka.ilkd.key.parser.TestTermParser" time="0.004"/>
  <testcase name="testParsingArrayCombination()" classname="de.uka.ilkd.key.parser.TestTermParser" time="0.016"/>
  <system-out><![CDATA[266808     INFO  Test worker     d.u.i.k.n.KeyIO           Parsing took 1 ms 
266808     INFO  Test worker     d.u.i.k.n.KeyIO           MODE: declarations took 0 ms 
266810     WARN  Test worker     d.u.i.k.j.r.KeYCrossReferenceNameInfo Datatype T declared twice: Once in UNKNOWN:unknown and once in UNKNOWN:unknown, Keeping one from UNKNOWN:unknown 
266871     INFO  Test worker     d.u.i.k.n.KeyIO           Parsing took 0 ms 
266872     INFO  Test worker     d.u.i.k.n.KeyIO           MODE: declarations took 0 ms 
266919     WARN  Test worker     d.u.i.k.j.r.KeYCrossReferenceNameInfo Datatype T declared twice: Once in UNKNOWN:unknown and once in UNKNOWN:unknown, Keeping one from UNKNOWN:unknown 
266979     INFO  Test worker     d.u.i.k.n.KeyIO           Parsing took 0 ms 
266980     INFO  Test worker     d.u.i.k.n.KeyIO           MODE: declarations took 0 ms 
266985     WARN  Test worker     d.u.i.k.j.r.KeYCrossReferenceNameInfo Datatype T declared twice: Once in UNKNOWN:unknown and once in UNKNOWN:unknown, Keeping one from UNKNOWN:unknown 
267044     INFO  Test worker     d.u.i.k.n.KeyIO           Parsing took 0 ms 
267044     INFO  Test worker     d.u.i.k.n.KeyIO           MODE: declarations took 0 ms 
267046     WARN  Test worker     d.u.i.k.j.r.KeYCrossReferenceNameInfo Datatype T declared twice: Once in UNKNOWN:unknown and once in UNKNOWN:unknown, Keeping one from UNKNOWN:unknown 
267105     WARN  Test worker     d.u.i.k.j.r.KeYCrossReferenceNameInfo Datatype T declared twice: Once in UNKNOWN:unknown and once in UNKNOWN:unknown, Keeping one from UNKNOWN:unknown 
267164     INFO  Test worker     d.u.i.k.n.KeyIO           Parsing took 0 ms 
267165     INFO  Test worker     d.u.i.k.n.KeyIO           MODE: declarations took 0 ms 
267167     INFO  Test worker     d.u.i.k.p.TestTermParser  Out: \<{
  int x = 1;
  {
    int s = 2;
  }
}\> (equals(x,x)) 
267169     WARN  Test worker     d.u.i.k.j.r.KeYCrossReferenceNameInfo Datatype T declared twice: Once in UNKNOWN:unknown and once in UNKNOWN:unknown, Keeping one from UNKNOWN:unknown 
267228     INFO  Test worker     d.u.i.k.n.KeyIO           Parsing took 0 ms 
267230     INFO  Test worker     d.u.i.k.n.KeyIO           MODE: declarations took 0 ms 
267232     INFO  Test worker     d.u.i.k.p.TestTermParser  Out: \[{
  int x = 2;
  {
    String s = ""}";
  }
}\] (true) 
267234     WARN  Test worker     d.u.i.k.j.r.KeYCrossReferenceNameInfo Datatype T declared twice: Once in UNKNOWN:unknown and once in UNKNOWN:unknown, Keeping one from UNKNOWN:unknown 
267293     WARN  Test worker     d.u.i.k.j.r.KeYCrossReferenceNameInfo Datatype T declared twice: Once in UNKNOWN:unknown and once in UNKNOWN:unknown, Keeping one from UNKNOWN:unknown 
267354     INFO  Test worker     d.u.i.k.n.KeyIO           Parsing took 0 ms 
267355     INFO  Test worker     d.u.i.k.n.KeyIO           MODE: declarations took 0 ms 
267359     WARN  Test worker     d.u.i.k.j.r.KeYCrossReferenceNameInfo Datatype T declared twice: Once in UNKNOWN:unknown and once in UNKNOWN:unknown, Keeping one from UNKNOWN:unknown 
267419     INFO  Test worker     d.u.i.k.n.KeyIO           Parsing took 1 ms 
267419     INFO  Test worker     d.u.i.k.n.KeyIO           MODE: declarations took 0 ms 
267421     INFO  Test worker     d.u.i.k.p.TestTermParser  Out: \<{
  int[] i;
}\> (diamond(true)) 
267427     WARN  Test worker     d.u.i.k.j.r.KeYCrossReferenceNameInfo Datatype T declared twice: Once in UNKNOWN:unknown and once in UNKNOWN:unknown, Keeping one from UNKNOWN:unknown 
267488     INFO  Test worker     d.u.i.k.n.KeyIO           Parsing took 0 ms 
267489     INFO  Test worker     d.u.i.k.n.KeyIO           MODE: declarations took 0 ms 
267491     WARN  Test worker     d.u.i.k.j.r.KeYCrossReferenceNameInfo Datatype T declared twice: Once in UNKNOWN:unknown and once in UNKNOWN:unknown, Keeping one from UNKNOWN:unknown 
267551     INFO  Test worker     d.u.i.k.n.KeyIO           Parsing took 1 ms 
267552     INFO  Test worker     d.u.i.k.n.KeyIO           MODE: declarations took 1 ms 
267554     WARN  Test worker     d.u.i.k.j.r.KeYCrossReferenceNameInfo Datatype T declared twice: Once in UNKNOWN:unknown and once in UNKNOWN:unknown, Keeping one from UNKNOWN:unknown 
267613     INFO  Test worker     d.u.i.k.n.KeyIO           Parsing took 0 ms 
267614     INFO  Test worker     d.u.i.k.n.KeyIO           MODE: declarations took 0 ms 
267617     WARN  Test worker     d.u.i.k.j.r.KeYCrossReferenceNameInfo Datatype T declared twice: Once in UNKNOWN:unknown and once in UNKNOWN:unknown, Keeping one from UNKNOWN:unknown 
267677     INFO  Test worker     d.u.i.k.n.KeyIO           Parsing took 0 ms 
267677     INFO  Test worker     d.u.i.k.n.KeyIO           MODE: declarations took 0 ms 
267679     WARN  Test worker     d.u.i.k.j.r.KeYCrossReferenceNameInfo Datatype T declared twice: Once in UNKNOWN:unknown and once in UNKNOWN:unknown, Keeping one from UNKNOWN:unknown 
267742     INFO  Test worker     d.u.i.k.n.KeyIO           Parsing took 1 ms 
267742     INFO  Test worker     d.u.i.k.n.KeyIO           MODE: declarations took 0 ms 
267744     WARN  Test worker     d.u.i.k.j.r.KeYCrossReferenceNameInfo Datatype T declared twice: Once in UNKNOWN:unknown and once in UNKNOWN:unknown, Keeping one from UNKNOWN:unknown 
267803     INFO  Test worker     d.u.i.k.n.KeyIO           Parsing took 0 ms 
267803     INFO  Test worker     d.u.i.k.n.KeyIO           MODE: declarations took 0 ms 
267805     WARN  Test worker     d.u.i.k.j.r.KeYCrossReferenceNameInfo Datatype T declared twice: Once in UNKNOWN:unknown and once in UNKNOWN:unknown, Keeping one from UNKNOWN:unknown 
267865     WARN  Test worker     d.u.i.k.j.r.KeYCrossReferenceNameInfo Datatype T declared twice: Once in UNKNOWN:unknown and once in UNKNOWN:unknown, Keeping one from UNKNOWN:unknown 
267923     INFO  Test worker     d.u.i.k.n.KeyIO           Parsing took 0 ms 
267923     INFO  Test worker     d.u.i.k.n.KeyIO           MODE: declarations took 0 ms 
267924     WARN  Test worker     d.u.i.k.j.r.KeYCrossReferenceNameInfo Datatype T declared twice: Once in UNKNOWN:unknown and once in UNKNOWN:unknown, Keeping one from UNKNOWN:unknown 
267982     INFO  Test worker     d.u.i.k.n.KeyIO           Parsing took 0 ms 
267982     INFO  Test worker     d.u.i.k.n.KeyIO           MODE: declarations took 0 ms 
267984     WARN  Test worker     d.u.i.k.j.r.KeYCrossReferenceNameInfo Datatype T declared twice: Once in UNKNOWN:unknown and once in UNKNOWN:unknown, Keeping one from UNKNOWN:unknown 
268042     INFO  Test worker     d.u.i.k.n.KeyIO           Parsing took 0 ms 
268042     INFO  Test worker     d.u.i.k.n.KeyIO           MODE: declarations took 0 ms 
268043     WARN  Test worker     d.u.i.k.j.r.KeYCrossReferenceNameInfo Datatype T declared twice: Once in UNKNOWN:unknown and once in UNKNOWN:unknown, Keeping one from UNKNOWN:unknown 
268101     INFO  Test worker     d.u.i.k.n.KeyIO           Parsing took 0 ms 
268101     INFO  Test worker     d.u.i.k.n.KeyIO           MODE: declarations took 0 ms 
268103     WARN  Test worker     d.u.i.k.j.r.KeYCrossReferenceNameInfo Datatype T declared twice: Once in UNKNOWN:unknown and once in UNKNOWN:unknown, Keeping one from UNKNOWN:unknown 
268162     INFO  Test worker     d.u.i.k.n.KeyIO           Parsing took 1 ms 
268162     INFO  Test worker     d.u.i.k.n.KeyIO           MODE: declarations took 0 ms 
268164     WARN  Test worker     d.u.i.k.j.r.KeYCrossReferenceNameInfo Datatype T declared twice: Once in UNKNOWN:unknown and once in UNKNOWN:unknown, Keeping one from UNKNOWN:unknown 
268223     INFO  Test worker     d.u.i.k.n.KeyIO           Parsing took 0 ms 
268224     INFO  Test worker     d.u.i.k.n.KeyIO           MODE: declarations took 0 ms 
268226     WARN  Test worker     d.u.i.k.j.r.KeYCrossReferenceNameInfo Datatype T declared twice: Once in UNKNOWN:unknown and once in UNKNOWN:unknown, Keeping one from UNKNOWN:unknown 
268285     INFO  Test worker     d.u.i.k.n.KeyIO           Parsing took 0 ms 
268286     INFO  Test worker     d.u.i.k.n.KeyIO           MODE: declarations took 1 ms 
268288     WARN  Test worker     d.u.i.k.j.r.KeYCrossReferenceNameInfo Datatype T declared twice: Once in UNKNOWN:unknown and once in UNKNOWN:unknown, Keeping one from UNKNOWN:unknown 
268346     INFO  Test worker     d.u.i.k.n.KeyIO           Parsing took 0 ms 
268347     INFO  Test worker     d.u.i.k.n.KeyIO           MODE: declarations took 1 ms 
268348     WARN  Test worker     d.u.i.k.j.r.KeYCrossReferenceNameInfo Datatype T declared twice: Once in UNKNOWN:unknown and once in UNKNOWN:unknown, Keeping one from UNKNOWN:unknown 
268406     INFO  Test worker     d.u.i.k.n.KeyIO           Parsing took 0 ms 
268406     INFO  Test worker     d.u.i.k.n.KeyIO           MODE: declarations took 0 ms 
268408     WARN  Test worker     d.u.i.k.j.r.KeYCrossReferenceNameInfo Datatype T declared twice: Once in UNKNOWN:unknown and once in UNKNOWN:unknown, Keeping one from UNKNOWN:unknown 
268465     INFO  Test worker     d.u.i.k.n.KeyIO           Parsing took 0 ms 
268466     INFO  Test worker     d.u.i.k.n.KeyIO           MODE: declarations took 1 ms 
268467     WARN  Test worker     d.u.i.k.j.r.KeYCrossReferenceNameInfo Datatype T declared twice: Once in UNKNOWN:unknown and once in UNKNOWN:unknown, Keeping one from UNKNOWN:unknown 
268525     INFO  Test worker     d.u.i.k.n.KeyIO           Parsing took 0 ms 
268525     INFO  Test worker     d.u.i.k.n.KeyIO           MODE: declarations took 0 ms 
268527     WARN  Test worker     d.u.i.k.j.r.KeYCrossReferenceNameInfo Datatype T declared twice: Once in UNKNOWN:unknown and once in UNKNOWN:unknown, Keeping one from UNKNOWN:unknown 
268585     INFO  Test worker     d.u.i.k.n.KeyIO           Parsing took 0 ms 
268585     INFO  Test worker     d.u.i.k.n.KeyIO           MODE: declarations took 0 ms 
268587     WARN  Test worker     d.u.i.k.j.r.KeYCrossReferenceNameInfo Datatype T declared twice: Once in UNKNOWN:unknown and once in UNKNOWN:unknown, Keeping one from UNKNOWN:unknown 
268645     INFO  Test worker     d.u.i.k.n.KeyIO           Parsing took 1 ms 
268645     INFO  Test worker     d.u.i.k.n.KeyIO           MODE: declarations took 0 ms 
268646     WARN  Test worker     d.u.i.k.j.r.KeYCrossReferenceNameInfo Datatype T declared twice: Once in UNKNOWN:unknown and once in UNKNOWN:unknown, Keeping one from UNKNOWN:unknown 
268704     INFO  Test worker     d.u.i.k.n.KeyIO           Parsing took 0 ms 
268704     INFO  Test worker     d.u.i.k.n.KeyIO           MODE: declarations took 0 ms 
268706     WARN  Test worker     d.u.i.k.j.r.KeYCrossReferenceNameInfo Datatype T declared twice: Once in UNKNOWN:unknown and once in UNKNOWN:unknown, Keeping one from UNKNOWN:unknown 
268764     INFO  Test worker     d.u.i.k.n.KeyIO           Parsing took 1 ms 
268764     INFO  Test worker     d.u.i.k.n.KeyIO           MODE: declarations took 0 ms 
268766     WARN  Test worker     d.u.i.k.j.r.KeYCrossReferenceNameInfo Datatype T declared twice: Once in UNKNOWN:unknown and once in UNKNOWN:unknown, Keeping one from UNKNOWN:unknown 
268824     INFO  Test worker     d.u.i.k.n.KeyIO           Parsing took 0 ms 
268824     INFO  Test worker     d.u.i.k.n.KeyIO           MODE: declarations took 0 ms 
268825     WARN  Test worker     d.u.i.k.j.r.KeYCrossReferenceNameInfo Datatype T declared twice: Once in UNKNOWN:unknown and once in UNKNOWN:unknown, Keeping one from UNKNOWN:unknown 
268884     INFO  Test worker     d.u.i.k.n.KeyIO           Parsing took 0 ms 
268884     INFO  Test worker     d.u.i.k.n.KeyIO           MODE: declarations took 0 ms 
268886     WARN  Test worker     d.u.i.k.j.r.KeYCrossReferenceNameInfo Datatype T declared twice: Once in UNKNOWN:unknown and once in UNKNOWN:unknown, Keeping one from UNKNOWN:unknown 
268945     INFO  Test worker     d.u.i.k.n.KeyIO           Parsing took 0 ms 
268945     INFO  Test worker     d.u.i.k.n.KeyIO           MODE: declarations took 0 ms 
268948     WARN  Test worker     d.u.i.k.j.r.KeYCrossReferenceNameInfo Datatype T declared twice: Once in UNKNOWN:unknown and once in UNKNOWN:unknown, Keeping one from UNKNOWN:unknown 
269006     INFO  Test worker     d.u.i.k.n.KeyIO           Parsing took 0 ms 
269006     INFO  Test worker     d.u.i.k.n.KeyIO           MODE: declarations took 0 ms 
269008     WARN  Test worker     d.u.i.k.j.r.KeYCrossReferenceNameInfo Datatype T declared twice: Once in UNKNOWN:unknown and once in UNKNOWN:unknown, Keeping one from UNKNOWN:unknown 
269066     INFO  Test worker     d.u.i.k.n.KeyIO           Parsing took 0 ms 
269067     INFO  Test worker     d.u.i.k.n.KeyIO           MODE: declarations took 0 ms 
269068     WARN  Test worker     d.u.i.k.j.r.KeYCrossReferenceNameInfo Datatype T declared twice: Once in UNKNOWN:unknown and once in UNKNOWN:unknown, Keeping one from UNKNOWN:unknown 
269127     INFO  Test worker     d.u.i.k.n.KeyIO           Parsing took 1 ms 
269127     INFO  Test worker     d.u.i.k.n.KeyIO           MODE: declarations took 0 ms 
269130     WARN  Test worker     d.u.i.k.j.r.KeYCrossReferenceNameInfo Datatype T declared twice: Once in UNKNOWN:unknown and once in UNKNOWN:unknown, Keeping one from UNKNOWN:unknown 
269188     INFO  Test worker     d.u.i.k.n.KeyIO           Parsing took 0 ms 
269189     INFO  Test worker     d.u.i.k.n.KeyIO           MODE: declarations took 1 ms 
269189     WARN  Test worker     d.u.i.k.j.r.KeYCrossReferenceNameInfo Datatype T declared twice: Once in UNKNOWN:unknown and once in UNKNOWN:unknown, Keeping one from UNKNOWN:unknown 
269247     INFO  Test worker     d.u.i.k.n.KeyIO           Parsing took 0 ms 
269247     INFO  Test worker     d.u.i.k.n.KeyIO           MODE: declarations took 0 ms 
269249     WARN  Test worker     d.u.i.k.j.r.KeYCrossReferenceNameInfo Datatype T declared twice: Once in UNKNOWN:unknown and once in UNKNOWN:unknown, Keeping one from UNKNOWN:unknown 
269307     INFO  Test worker     d.u.i.k.n.KeyIO           Parsing took 0 ms 
269307     INFO  Test worker     d.u.i.k.n.KeyIO           MODE: declarations took 0 ms 
269309     WARN  Test worker     d.u.i.k.j.r.KeYCrossReferenceNameInfo Datatype T declared twice: Once in UNKNOWN:unknown and once in UNKNOWN:unknown, Keeping one from UNKNOWN:unknown 
269367     INFO  Test worker     d.u.i.k.n.KeyIO           Parsing took 0 ms 
269367     INFO  Test worker     d.u.i.k.n.KeyIO           MODE: declarations took 0 ms 
269369     WARN  Test worker     d.u.i.k.j.r.KeYCrossReferenceNameInfo Datatype T declared twice: Once in UNKNOWN:unknown and once in UNKNOWN:unknown, Keeping one from UNKNOWN:unknown 
269427     INFO  Test worker     d.u.i.k.n.KeyIO           Parsing took 0 ms 
269427     INFO  Test worker     d.u.i.k.n.KeyIO           MODE: declarations took 0 ms 
269429     WARN  Test worker     d.u.i.k.j.r.KeYCrossReferenceNameInfo Datatype T declared twice: Once in UNKNOWN:unknown and once in UNKNOWN:unknown, Keeping one from UNKNOWN:unknown 
269487     INFO  Test worker     d.u.i.k.n.KeyIO           Parsing took 0 ms 
269487     INFO  Test worker     d.u.i.k.n.KeyIO           MODE: declarations took 0 ms 
269497     WARN  Test worker     d.u.i.k.j.r.KeYCrossReferenceNameInfo Datatype T declared twice: Once in UNKNOWN:unknown and once in UNKNOWN:unknown, Keeping one from UNKNOWN:unknown 
269564     WARN  Test worker     d.u.i.k.j.r.KeYCrossReferenceNameInfo Datatype T declared twice: Once in UNKNOWN:unknown and once in UNKNOWN:unknown, Keeping one from UNKNOWN:unknown 
269622     INFO  Test worker     d.u.i.k.n.KeyIO           Parsing took 0 ms 
269622     INFO  Test worker     d.u.i.k.n.KeyIO           MODE: declarations took 0 ms 
269626     WARN  Test worker     d.u.i.k.j.r.KeYCrossReferenceNameInfo Datatype T declared twice: Once in UNKNOWN:unknown and once in UNKNOWN:unknown, Keeping one from UNKNOWN:unknown 
269684     INFO  Test worker     d.u.i.k.n.KeyIO           Parsing took 0 ms 
269685     INFO  Test worker     d.u.i.k.n.KeyIO           MODE: declarations took 0 ms 
]]></system-out>
  <system-err><![CDATA[]]></system-err>
</testsuite>
