<?xml version="1.0" encoding="UTF-8"?>
<testsuite name="de.uka.ilkd.key.util.removegenerics.TestTypeReference" tests="9" skipped="0" failures="0" errors="0" timestamp="2023-04-04T16:52:50" hostname="fv-az251-622" time="0.066">
  <properties/>
  <testcase name="testTypeVariableArray()" classname="de.uka.ilkd.key.util.removegenerics.TestTypeReference" time="0.002"/>
  <testcase name="testQualifiedBound()" classname="de.uka.ilkd.key.util.removegenerics.TestTypeReference" time="0.01"/>
  <testcase name="testExtendsAndImplementsReference()" classname="de.uka.ilkd.key.util.removegenerics.TestTypeReference" time="0.002"/>
  <testcase name="testCastToTV()" classname="de.uka.ilkd.key.util.removegenerics.TestTypeReference" time="0.004"/>
  <testcase name="testTypeVariable()" classname="de.uka.ilkd.key.util.removegenerics.TestTypeReference" time="0.008"/>
  <testcase name="testLocVar()" classname="de.uka.ilkd.key.util.removegenerics.TestTypeReference" time="0.002"/>
  <testcase name="testVariableDeclaration()" classname="de.uka.ilkd.key.util.removegenerics.TestTypeReference" time="0.011"/>
  <testcase name="testFieldType()" classname="de.uka.ilkd.key.util.removegenerics.TestTypeReference" time="0.002"/>
  <testcase name="testConstructor()" classname="de.uka.ilkd.key.util.removegenerics.TestTypeReference" time="0.005"/>
  <system-out><![CDATA[]]></system-out>
  <system-err><![CDATA[]]></system-err>
</testsuite>
