<?xml version="1.0" encoding="UTF-8"?>
<testsuite name="de.uka.ilkd.key.testcase.smt.testgen.TestTestgen" tests="1" skipped="0" failures="0" errors="0" timestamp="2023-06-12T22:35:29" hostname="fv-az618-737" time="6.761">
  <properties/>
  <testcase name="testMiddle()" classname="de.uka.ilkd.key.testcase.smt.testgen.TestTestgen" time="6.761"/>
  <system-out><![CDATA[22808      WARN  Test worker     d.u.i.k.t.s.t.TestTestgen Warning: Z3_CE is not installed, tests skipped. 
22808      WARN  Test worker     d.u.i.k.t.s.t.TestTestgen Maybe use JVM system property "z3SolverPath" to define the path to the Z3 command. 
22808      INFO  Test worker     d.u.i.k.p.i.AbstractProblemLoader Loading environment from src\test\resources\testcase\smt\tg\middle.key 
22808      DEBUG Test worker     d.u.i.k.p.i.AbstractProblemLoader Environment load took 336.3ns 
22823      INFO  Test worker     d.u.i.k.p.i.AbstractProblemLoader Creating init config 
28739      DEBUG Test worker     d.u.i.k.p.i.AbstractProblemLoader Init config took 5.92s 
28849      INFO  Test worker     d.u.i.k.p.i.AbstractProblemLoader Replaying proof Middle[Middle::middle(int,int,int)].JML normal_behavior operation contract.0 
28864      DEBUG Test worker     d.u.i.k.p.i.IntermediateProofReplayer Proof replay took 20ns 
]]></system-out>
  <system-err><![CDATA[]]></system-err>
</testsuite>
