<?xml version="1.0" encoding="UTF-8"?>
<testsuite name="de.uka.ilkd.key.proof.runallproofs.RunAllProofsFunctional" tests="34" skipped="0" failures="0" errors="0" timestamp="2023-06-10T12:27:27" hostname="fv-az565-814" time="5189.307">
  <properties/>
  <testcase name="newBook" classname="de.uka.ilkd.key.proof.runallproofs.RunAllProofsFunctional" time="59.797"/>
  <testcase name="oldBook" classname="de.uka.ilkd.key.proof.runallproofs.RunAllProofsFunctional" time="17.014"/>
  <testcase name="comprehensions" classname="de.uka.ilkd.key.proof.runallproofs.RunAllProofsFunctional" time="66.052"/>
  <testcase name="performance" classname="de.uka.ilkd.key.proof.runallproofs.RunAllProofsFunctional" time="218.412"/>
  <testcase name="performancePOConstruction" classname="de.uka.ilkd.key.proof.runallproofs.RunAllProofsFunctional" time="77.171"/>
  <testcase name="applicationRestrictions" classname="de.uka.ilkd.key.proof.runallproofs.RunAllProofsFunctional" time="47.934"/>
  <testcase name="blockContracts" classname="de.uka.ilkd.key.proof.runallproofs.RunAllProofsFunctional" time="134.453"/>
  <testcase name="jmlAsserts" classname="de.uka.ilkd.key.proof.runallproofs.RunAllProofsFunctional" time="88.03"/>
  <testcase name="javaCard" classname="de.uka.ilkd.key.proof.runallproofs.RunAllProofsFunctional" time="130.611"/>
  <testcase name="list" classname="de.uka.ilkd.key.proof.runallproofs.RunAllProofsFunctional" time="263.024"/>
  <testcase name="list_ghost" classname="de.uka.ilkd.key.proof.runallproofs.RunAllProofsFunctional" time="66.659"/>
  <testcase name="list_recursive" classname="de.uka.ilkd.key.proof.runallproofs.RunAllProofsFunctional" time="21.197"/>
  <testcase name="list_seq" classname="de.uka.ilkd.key.proof.runallproofs.RunAllProofsFunctional" time="156.006"/>
  <testcase name="observer" classname="de.uka.ilkd.key.proof.runallproofs.RunAllProofsFunctional" time="97.168"/>
  <testcase name="removeDups" classname="de.uka.ilkd.key.proof.runallproofs.RunAllProofsFunctional" time="133.509"/>
  <testcase name="quicksort" classname="de.uka.ilkd.key.proof.runallproofs.RunAllProofsFunctional" time="107.738"/>
  <testcase name="simpleTests" classname="de.uka.ilkd.key.proof.runallproofs.RunAllProofsFunctional" time="156.315"/>
  <testcase name="SmansEtAl" classname="de.uka.ilkd.key.proof.runallproofs.RunAllProofsFunctional" time="196.912"/>
  <testcase name="VACID0" classname="de.uka.ilkd.key.proof.runallproofs.RunAllProofsFunctional" time="79.738"/>
  <testcase name="VSTTE10" classname="de.uka.ilkd.key.proof.runallproofs.RunAllProofsFunctional" time="179.217"/>
  <testcase name="WeideEtAl" classname="de.uka.ilkd.key.proof.runallproofs.RunAllProofsFunctional" time="28.244"/>
  <testcase name="arithmetic" classname="de.uka.ilkd.key.proof.runallproofs.RunAllProofsFunctional" time="483.515"/>
  <testcase name="arrays" classname="de.uka.ilkd.key.proof.runallproofs.RunAllProofsFunctional" time="58.041"/>
  <testcase name="javadl" classname="de.uka.ilkd.key.proof.runallproofs.RunAllProofsFunctional" time="599.913"/>
  <testcase name="FOL" classname="de.uka.ilkd.key.proof.runallproofs.RunAllProofsFunctional" time="289.395"/>
  <testcase name="strings" classname="de.uka.ilkd.key.proof.runallproofs.RunAllProofsFunctional" time="148.467"/>
  <testcase name="simple_info_flow" classname="de.uka.ilkd.key.proof.runallproofs.RunAllProofsFunctional" time="13.255"/>
  <testcase name="modelMethods" classname="de.uka.ilkd.key.proof.runallproofs.RunAllProofsFunctional" time="181.055"/>
  <testcase name="permissionHeap" classname="de.uka.ilkd.key.proof.runallproofs.RunAllProofsFunctional" time="791.59"/>
  <testcase name="completionScopes" classname="de.uka.ilkd.key.proof.runallproofs.RunAllProofsFunctional" time="51.349"/>
  <testcase name="reload_examples" classname="de.uka.ilkd.key.proof.runallproofs.RunAllProofsFunctional" time="42.201"/>
  <testcase name="proofLoadRepair" classname="de.uka.ilkd.key.proof.runallproofs.RunAllProofsFunctional" time="18.2"/>
  <testcase name="switch" classname="de.uka.ilkd.key.proof.runallproofs.RunAllProofsFunctional" time="61.776"/>
  <testcase name="redux" classname="de.uka.ilkd.key.proof.runallproofs.RunAllProofsFunctional" time="125.333"/>
  <system-out><![CDATA[250        INFO  Test worker     d.u.i.k.p.r.RunAllProofsTestUnit Running test newBook 
320        INFO  Timeout watchdog d.u.i.k.p.r.p.ForkedTestFileRunner Timeout watcher launched (2000 secs.) 
335        WARN  main            d.u.i.k.s.ProofSettings   No proof-settings could be loaded, using defaults java.io.FileNotFoundException: /home/runner/.key/proof-settings.props (No such file or directory)
	at java.base/java.io.FileInputStream.open0(Native Method)

379        INFO  main            d.u.i.k.p.r.p.TestFile    Now processing file /home/runner/work/key/key/key.core/../key.ui/examples/newBook/09.list_modelfield/ArrayList.add.key 
494        INFO  main            d.u.i.k.p.i.AbstractProblemLoader Loading environment from /home/runner/work/key/key/key.core/../key.ui/examples/newBook/09.list_modelfield/ArrayList.add.key 
513        DEBUG main            d.u.i.k.p.i.AbstractProblemLoader Environment load took 2.36ms 
750        INFO  main            d.u.i.k.p.i.AbstractProblemLoader Creating init config 
1771       DEBUG main            d.u.i.k.j.TypeConverter   No LDT found for Meta 
1771       DEBUG main            d.u.i.k.j.TypeConverter   No LDT found for Meta 
1775       DEBUG main            d.u.i.k.j.TypeConverter   No LDT found for Meta 
1775       DEBUG main            d.u.i.k.j.TypeConverter   No LDT found for Meta 
3420       DEBUG main            d.u.i.k.j.TypeConverter   No LDT found for JavaBigintExpression 
8730       DEBUG main            d.u.i.k.p.i.AbstractProblemLoader Init config took 7.98s 
8858       INFO  main            d.u.i.k.p.i.AbstractProblemLoader Replaying proof ArrayList[List::add(int)].JML normal_behavior operation contract.0 
8896       DEBUG main            d.u.i.k.p.i.IntermediateProofReplayer Proof replay took 46.8ns 
25988      INFO  main            d.u.i.k.p.r.p.TestFile    ... finished proof: closed. 
26267      INFO  main            d.u.i.k.p.i.AbstractProblemLoader Loading environment from /home/runner/work/key/key/key.core/../key.ui/examples/newBook/09.list_modelfield/ArrayList.add.key.proof 
26267      DEBUG main            d.u.i.k.p.i.AbstractProblemLoader Environment load took 163.8ns 
26273      INFO  main            d.u.i.k.p.i.AbstractProblemLoader Creating init config 
29206      DEBUG main            d.u.i.k.p.i.AbstractProblemLoader Init config took 2.93s 
29284      INFO  main            d.u.i.k.p.i.AbstractProblemLoader Replaying proof ArrayList[List::add(int)].JML normal_behavior operation contract.0 
30289      DEBUG main            d.u.i.k.p.i.IntermediateProofReplayer Proof replay took 944.09ms 
30299      DEBUG main            d.u.i.k.p.r.p.TestFile    ... success: reloaded. 
30301      INFO  main            d.u.i.k.p.r.p.TestFile    Now processing file /home/runner/work/key/key/key.core/../key.ui/examples/newBook/09.list_modelfield/ArrayList.remFirst.key 
30301      INFO  main            d.u.i.k.p.i.AbstractProblemLoader Loading environment from /home/runner/work/key/key/key.core/../key.ui/examples/newBook/09.list_modelfield/ArrayList.remFirst.key 
30302      DEBUG main            d.u.i.k.p.i.AbstractProblemLoader Environment load took 346.9ns 
30304      INFO  main            d.u.i.k.p.i.AbstractProblemLoader Creating init config 
33207      DEBUG main            d.u.i.k.p.i.AbstractProblemLoader Init config took 2.9s 
33265      INFO  main            d.u.i.k.p.i.AbstractProblemLoader Replaying proof ArrayList[List::remFirst()].JML normal_behavior operation contract.0 
33267      DEBUG main            d.u.i.k.p.i.IntermediateProofReplayer Proof replay took 12.2ns 
37131      INFO  main            d.u.i.k.p.r.p.TestFile    ... finished proof: closed. 
37355      INFO  main            d.u.i.k.p.i.AbstractProblemLoader Loading environment from /home/runner/work/key/key/key.core/../key.ui/examples/newBook/09.list_modelfield/ArrayList.remFirst.key.proof 
37355      DEBUG main            d.u.i.k.p.i.AbstractProblemLoader Environment load took 150.3ns 
37361      INFO  main            d.u.i.k.p.i.AbstractProblemLoader Creating init config 
40012      DEBUG main            d.u.i.k.p.i.AbstractProblemLoader Init config took 2.65s 
40072      INFO  main            d.u.i.k.p.i.AbstractProblemLoader Replaying proof ArrayList[List::remFirst()].JML normal_behavior operation contract.0 
40434      DEBUG main            d.u.i.k.p.i.IntermediateProofReplayer Proof replay took 345.89ms 
40436      DEBUG main            d.u.i.k.p.r.p.TestFile    ... success: reloaded. 
40437      INFO  main            d.u.i.k.p.r.p.TestFile    Now processing file /home/runner/work/key/key/key.core/../key.ui/examples/newBook/09.list_modelfield/ArrayList.empty.key 
40437      INFO  main            d.u.i.k.p.i.AbstractProblemLoader Loading environment from /home/runner/work/key/key/key.core/../key.ui/examples/newBook/09.list_modelfield/ArrayList.empty.key 
40437      DEBUG main            d.u.i.k.p.i.AbstractProblemLoader Environment load took 70ns 
40438      INFO  main            d.u.i.k.p.i.AbstractProblemLoader Creating init config 
43090      DEBUG main            d.u.i.k.p.i.AbstractProblemLoader Init config took 2.65s 
43153      INFO  main            d.u.i.k.p.i.AbstractProblemLoader Replaying proof ArrayList[List::empty()].JML normal_behavior operation contract.0 
43156      DEBUG main            d.u.i.k.p.i.IntermediateProofReplayer Proof replay took 5.1ns 
44185      INFO  main            d.u.i.k.p.r.p.TestFile    ... finished proof: closed. 
44341      INFO  main            d.u.i.k.p.i.AbstractProblemLoader Loading environment from /home/runner/work/key/key/key.core/../key.ui/examples/newBook/09.list_modelfield/ArrayList.empty.key.proof 
44341      DEBUG main            d.u.i.k.p.i.AbstractProblemLoader Environment load took 131.8ns 
44342      INFO  main            d.u.i.k.p.i.AbstractProblemLoader Creating init config 
46896      DEBUG main            d.u.i.k.p.i.AbstractProblemLoader Init config took 2.55s 
46954      INFO  main            d.u.i.k.p.i.AbstractProblemLoader Replaying proof ArrayList[List::empty()].JML normal_behavior operation contract.0 
47073      DEBUG main            d.u.i.k.p.i.IntermediateProofReplayer Proof replay took 112.61ms 
47075      DEBUG main            d.u.i.k.p.r.p.TestFile    ... success: reloaded. 
47076      INFO  main            d.u.i.k.p.r.p.TestFile    Now processing file /home/runner/work/key/key/key.core/../key.ui/examples/newBook/09.list_modelfield/ArrayList.size.key 
47077      INFO  main            d.u.i.k.p.i.AbstractProblemLoader Loading environment from /home/runner/work/key/key/key.core/../key.ui/examples/newBook/09.list_modelfield/ArrayList.size.key 
47078      DEBUG main            d.u.i.k.p.i.AbstractProblemLoader Environment load took 715.11ns 
47079      INFO  main            d.u.i.k.p.i.AbstractProblemLoader Creating init config 
49752      DEBUG main            d.u.i.k.p.i.AbstractProblemLoader Init config took 2.67s 
49800      INFO  main            d.u.i.k.p.i.AbstractProblemLoader Replaying proof ArrayList[List::size()].JML normal_behavior operation contract.0 
49802      DEBUG main            d.u.i.k.p.i.IntermediateProofReplayer Proof replay took 5.9ns 
50205      INFO  main            d.u.i.k.p.r.p.TestFile    ... finished proof: closed. 
50382      INFO  main            d.u.i.k.p.i.AbstractProblemLoader Loading environment from /home/runner/work/key/key/key.core/../key.ui/examples/newBook/09.list_modelfield/ArrayList.size.key.proof 
50383      DEBUG main            d.u.i.k.p.i.AbstractProblemLoader Environment load took 131.5ns 
50384      INFO  main            d.u.i.k.p.i.AbstractProblemLoader Creating init config 
52924      DEBUG main            d.u.i.k.p.i.AbstractProblemLoader Init config took 2.54s 
52971      INFO  main            d.u.i.k.p.i.AbstractProblemLoader Replaying proof ArrayList[List::size()].JML normal_behavior operation contract.0 
53007      DEBUG main            d.u.i.k.p.i.IntermediateProofReplayer Proof replay took 33.1ms 
53008      DEBUG main            d.u.i.k.p.r.p.TestFile    ... success: reloaded. 
53009      INFO  main            d.u.i.k.p.r.p.TestFile    Now processing file /home/runner/work/key/key/key.core/../key.ui/examples/newBook/09.list_modelfield/ArrayList.get.key 
53009      INFO  main            d.u.i.k.p.i.AbstractProblemLoader Loading environment from /home/runner/work/key/key/key.core/../key.ui/examples/newBook/09.list_modelfield/ArrayList.get.key 
53009      DEBUG main            d.u.i.k.p.i.AbstractProblemLoader Environment load took 65.2ns 
53010      INFO  main            d.u.i.k.p.i.AbstractProblemLoader Creating init config 
55594      DEBUG main            d.u.i.k.p.i.AbstractProblemLoader Init config took 2.58s 
55653      INFO  main            d.u.i.k.p.i.AbstractProblemLoader Replaying proof ArrayList[List::get(int)].JML normal_behavior operation contract.0 
55655      DEBUG main            d.u.i.k.p.i.IntermediateProofReplayer Proof replay took 6ns 
56689      INFO  main            d.u.i.k.p.r.p.TestFile    ... finished proof: closed. 
56857      INFO  main            d.u.i.k.p.i.AbstractProblemLoader Loading environment from /home/runner/work/key/key/key.core/../key.ui/examples/newBook/09.list_modelfield/ArrayList.get.key.proof 
56858      DEBUG main            d.u.i.k.p.i.AbstractProblemLoader Environment load took 672.7ns 
56859      INFO  main            d.u.i.k.p.i.AbstractProblemLoader Creating init config 
59433      DEBUG main            d.u.i.k.p.i.AbstractProblemLoader Init config took 2.57s 
59488      INFO  main            d.u.i.k.p.i.AbstractProblemLoader Replaying proof ArrayList[List::get(int)].JML normal_behavior operation contract.0 
59549      DEBUG main            d.u.i.k.p.i.IntermediateProofReplayer Proof replay took 56.6ms 
59550      DEBUG main            d.u.i.k.p.r.p.TestFile    ... success: reloaded. 
60040      INFO  Test worker     d.u.i.k.p.r.RunAllProofsTestUnit Returning from test newBook 
60044      INFO  Test worker     d.u.i.k.p.r.RunAllProofsTestUnit Running test oldBook 
361        INFO  Timeout watchdog d.u.i.k.p.r.p.ForkedTestFileRunner Timeout watcher launched (2000 secs.) 
376        WARN  main            d.u.i.k.s.ProofSettings   The settings in /home/runner/.key/proof-settings.props are *not* read. 
432        INFO  main            d.u.i.k.p.r.p.TestFile    Now processing file /home/runner/work/key/key/key.core/../key.ui/examples/standard_key/BookExamples/02FirstOrderLogic/Ex2.58.key 
563        INFO  main            d.u.i.k.p.i.AbstractProblemLoader Loading environment from /home/runner/work/key/key/key.core/../key.ui/examples/standard_key/BookExamples/02FirstOrderLogic/Ex2.58.key 
587        DEBUG main            d.u.i.k.p.i.AbstractProblemLoader Environment load took 2.76ms 
811        INFO  main            d.u.i.k.p.i.AbstractProblemLoader Creating init config 
1852       DEBUG main            d.u.i.k.j.TypeConverter   No LDT found for Meta 
1853       DEBUG main            d.u.i.k.j.TypeConverter   No LDT found for Meta 
1856       DEBUG main            d.u.i.k.j.TypeConverter   No LDT found for Meta 
1857       DEBUG main            d.u.i.k.j.TypeConverter   No LDT found for Meta 
3303       DEBUG main            d.u.i.k.j.TypeConverter   No LDT found for JavaBigintExpression 
7884       DEBUG main            d.u.i.k.p.i.AbstractProblemLoader Init config took 7.07s 
7943       INFO  main            d.u.i.k.p.i.AbstractProblemLoader Replaying proof Ex2.58.key 
7977       DEBUG main            d.u.i.k.p.i.IntermediateProofReplayer Proof replay took 27.9ns 
8131       INFO  main            d.u.i.k.p.r.p.TestFile    ... finished proof: closed. 
8243       INFO  main            d.u.i.k.p.i.AbstractProblemLoader Loading environment from /home/runner/work/key/key/key.core/../key.ui/examples/standard_key/BookExamples/02FirstOrderLogic/Ex2.58.key.proof 
8245       DEBUG main            d.u.i.k.p.i.AbstractProblemLoader Environment load took 2.16ms 
8250       INFO  main            d.u.i.k.p.i.AbstractProblemLoader Creating init config 
10927      DEBUG main            d.u.i.k.p.i.AbstractProblemLoader Init config took 2.68s 
10963      INFO  main            d.u.i.k.p.i.AbstractProblemLoader Replaying proof Ex2.58.key.proof 
10976      DEBUG main            d.u.i.k.p.i.IntermediateProofReplayer Proof replay took 4.78ms 
10992      DEBUG main            d.u.i.k.p.r.p.TestFile    ... success: reloaded. 
10994      INFO  main            d.u.i.k.p.r.p.TestFile    Now processing file /home/runner/work/key/key/key.core/../key.ui/examples/standard_key/BookExamples/03DynamicLogic/Sect3.3.1.key 
10994      INFO  main            d.u.i.k.p.i.AbstractProblemLoader Loading environment from /home/runner/work/key/key/key.core/../key.ui/examples/standard_key/BookExamples/03DynamicLogic/Sect3.3.1.key 
10994      DEBUG main            d.u.i.k.p.i.AbstractProblemLoader Environment load took 107.3ns 
10996      INFO  main            d.u.i.k.p.i.AbstractProblemLoader Creating init config 
13541      DEBUG main            d.u.i.k.p.i.AbstractProblemLoader Init config took 2.54s 
13577      INFO  main            d.u.i.k.p.i.AbstractProblemLoader Replaying proof Sect3.3.1.key 
13584      DEBUG main            d.u.i.k.p.i.IntermediateProofReplayer Proof replay took 6.1ns 
14095      INFO  main            d.u.i.k.p.r.p.TestFile    ... finished proof: closed. 
14226      INFO  main            d.u.i.k.p.i.AbstractProblemLoader Loading environment from /home/runner/work/key/key/key.core/../key.ui/examples/standard_key/BookExamples/03DynamicLogic/Sect3.3.1.key.proof 
14228      DEBUG main            d.u.i.k.p.i.AbstractProblemLoader Environment load took 2.01ms 
14234      INFO  main            d.u.i.k.p.i.AbstractProblemLoader Creating init config 
16744      DEBUG main            d.u.i.k.p.i.AbstractProblemLoader Init config took 2.51s 
16771      INFO  main            d.u.i.k.p.i.AbstractProblemLoader Replaying proof Sect3.3.1.key.proof 
16834      DEBUG main            d.u.i.k.p.i.IntermediateProofReplayer Proof replay took 54.69ms 
16837      DEBUG main            d.u.i.k.p.r.p.TestFile    ... success: reloaded. 
77056      INFO  Test worker     d.u.i.k.p.r.RunAllProofsTestUnit Returning from test oldBook 
77058      INFO  Test worker     d.u.i.k.p.r.RunAllProofsTestUnit Running test comprehensions 
373        INFO  Timeout watchdog d.u.i.k.p.r.p.ForkedTestFileRunner Timeout watcher launched (2000 secs.) 
386        WARN  main            d.u.i.k.s.ProofSettings   The settings in /home/runner/.key/proof-settings.props are *not* read. 
432        INFO  main            d.u.i.k.p.r.p.TestFile    Now processing file /home/runner/work/key/key/key.core/../key.ui/examples/heap/comprehensions/general_sum.key 
561        INFO  main            d.u.i.k.p.i.AbstractProblemLoader Loading environment from /home/runner/work/key/key/key.core/../key.ui/examples/heap/comprehensions/general_sum.key 
589        DEBUG main            d.u.i.k.p.i.AbstractProblemLoader Environment load took 2.03ms 
817        INFO  main            d.u.i.k.p.i.AbstractProblemLoader Creating init config 
1823       DEBUG main            d.u.i.k.j.TypeConverter   No LDT found for Meta 
1823       DEBUG main            d.u.i.k.j.TypeConverter   No LDT found for Meta 
1825       DEBUG main            d.u.i.k.j.TypeConverter   No LDT found for Meta 
1826       DEBUG main            d.u.i.k.j.TypeConverter   No LDT found for Meta 
3289       DEBUG main            d.u.i.k.j.TypeConverter   No LDT found for JavaBigintExpression 
8690       DEBUG main            d.u.i.k.p.i.AbstractProblemLoader Init config took 7.87s 
8847       INFO  main            d.u.i.k.p.i.AbstractProblemLoader Replaying proof GSum[GSum::doNothing()].JML operation contract.0 
8888       DEBUG main            d.u.i.k.p.i.IntermediateProofReplayer Proof replay took 33.2ns 
9226       INFO  main            d.u.i.k.p.r.p.TestFile    ... finished proof: closed. 
9352       INFO  main            d.u.i.k.p.i.AbstractProblemLoader Loading environment from /home/runner/work/key/key/key.core/../key.ui/examples/heap/comprehensions/general_sum.key.proof 
9352       DEBUG main            d.u.i.k.p.i.AbstractProblemLoader Environment load took 145.9ns 
9355       INFO  main            d.u.i.k.p.i.AbstractProblemLoader Creating init config 
12125      DEBUG main            d.u.i.k.p.i.AbstractProblemLoader Init config took 2.77s 
12189      INFO  main            d.u.i.k.p.i.AbstractProblemLoader Replaying proof GSum[GSum::doNothing()].JML operation contract.0 
12207      DEBUG main            d.u.i.k.p.i.IntermediateProofReplayer Proof replay took 12.65ms 
12214      DEBUG main            d.u.i.k.p.r.p.TestFile    ... success: reloaded. 
12215      INFO  main            d.u.i.k.p.r.p.TestFile    Now processing file /home/runner/work/key/key/key.core/../key.ui/examples/heap/comprehensions/sum0.key 
12215      INFO  main            d.u.i.k.p.i.AbstractProblemLoader Loading environment from /home/runner/work/key/key/key.core/../key.ui/examples/heap/comprehensions/sum0.key 
12215      DEBUG main            d.u.i.k.p.i.AbstractProblemLoader Environment load took 77.1ns 
12217      INFO  main            d.u.i.k.p.i.AbstractProblemLoader Creating init config 
14897      DEBUG main            d.u.i.k.p.i.AbstractProblemLoader Init config took 2.68s 
14955      INFO  main            d.u.i.k.p.i.AbstractProblemLoader Replaying proof Sum[Sum::sum0([I)].JML normal_behavior operation contract.0 
14959      DEBUG main            d.u.i.k.p.i.IntermediateProofReplayer Proof replay took 5.9ns 
15065      DEBUG Thread-4        d.u.i.k.l.l.OriginTermLabel commonFileName is null! 
15066      DEBUG Thread-4        d.u.i.k.l.l.OriginTermLabel commonFileName is null! 
15320      DEBUG Thread-4        d.u.i.k.l.l.OriginTermLabel commonFileName is null! 
15323      DEBUG Thread-4        d.u.i.k.l.l.OriginTermLabel commonFileName is null! 
15570      DEBUG Thread-4        d.u.i.k.l.l.OriginTermLabel commonFileName is null! 
15768      INFO  main            d.u.i.k.p.r.p.TestFile    ... finished proof: closed. 
15902      INFO  main            d.u.i.k.p.i.AbstractProblemLoader Loading environment from /home/runner/work/key/key/key.core/../key.ui/examples/heap/comprehensions/sum0.key.proof 
15903      DEBUG main            d.u.i.k.p.i.AbstractProblemLoader Environment load took 746.6ns 
15908      INFO  main            d.u.i.k.p.i.AbstractProblemLoader Creating init config 
18770      DEBUG main            d.u.i.k.p.i.AbstractProblemLoader Init config took 2.86s 
18864      INFO  main            d.u.i.k.p.i.AbstractProblemLoader Replaying proof Sum[Sum::sum0([I)].JML normal_behavior operation contract.0 
18902      DEBUG main            d.u.i.k.l.l.OriginTermLabel commonFileName is null! 
18903      DEBUG main            d.u.i.k.l.l.OriginTermLabel commonFileName is null! 
18956      DEBUG main            d.u.i.k.l.l.OriginTermLabel commonFileName is null! 
19017      DEBUG main            d.u.i.k.l.l.OriginTermLabel commonFileName is null! 
19018      DEBUG main            d.u.i.k.l.l.OriginTermLabel commonFileName is null! 
19022      DEBUG main            d.u.i.k.p.i.IntermediateProofReplayer Proof replay took 151.14ms 
19024      DEBUG main            d.u.i.k.p.r.p.TestFile    ... success: reloaded. 
19025      INFO  main            d.u.i.k.p.r.p.TestFile    Now processing file /home/runner/work/key/key/key.core/../key.ui/examples/heap/comprehensions/sum1.key 
19026      INFO  main            d.u.i.k.p.i.AbstractProblemLoader Loading environment from /home/runner/work/key/key/key.core/../key.ui/examples/heap/comprehensions/sum1.key 
19027      DEBUG main            d.u.i.k.p.i.AbstractProblemLoader Environment load took 394.8ns 
19029      INFO  main            d.u.i.k.p.i.AbstractProblemLoader Creating init config 
21806      DEBUG main            d.u.i.k.p.i.AbstractProblemLoader Init config took 2.78s 
21853      INFO  main            d.u.i.k.p.i.AbstractProblemLoader Replaying proof Sum[Sum::sum1([I)].JML normal_behavior operation contract.0 
21856      DEBUG main            d.u.i.k.p.i.IntermediateProofReplayer Proof replay took 5.4ns 
21917      DEBUG Thread-7        d.u.i.k.l.l.OriginTermLabel commonFileName is null! 
21917      DEBUG Thread-7        d.u.i.k.l.l.OriginTermLabel commonFileName is null! 
22067      DEBUG Thread-7        d.u.i.k.l.l.OriginTermLabel commonFileName is null! 
22068      DEBUG Thread-7        d.u.i.k.l.l.OriginTermLabel commonFileName is null! 
22256      DEBUG Thread-7        d.u.i.k.l.l.OriginTermLabel commonFileName is null! 
22564      INFO  main            d.u.i.k.p.r.p.TestFile    ... finished proof: closed. 
22706      INFO  main            d.u.i.k.p.i.AbstractProblemLoader Loading environment from /home/runner/work/key/key/key.core/../key.ui/examples/heap/comprehensions/sum1.key.proof 
22708      DEBUG main            d.u.i.k.p.i.AbstractProblemLoader Environment load took 1.33ms 
22709      INFO  main            d.u.i.k.p.i.AbstractProblemLoader Creating init config 
25330      DEBUG main            d.u.i.k.p.i.AbstractProblemLoader Init config took 2.62s 
25400      INFO  main            d.u.i.k.p.i.AbstractProblemLoader Replaying proof Sum[Sum::sum1([I)].JML normal_behavior operation contract.0 
25429      DEBUG main            d.u.i.k.l.l.OriginTermLabel commonFileName is null! 
25429      DEBUG main            d.u.i.k.l.l.OriginTermLabel commonFileName is null! 
25468      DEBUG main            d.u.i.k.l.l.OriginTermLabel commonFileName is null! 
25494      DEBUG main            d.u.i.k.l.l.OriginTermLabel commonFileName is null! 
25495      DEBUG main            d.u.i.k.l.l.OriginTermLabel commonFileName is null! 
25498      DEBUG main            d.u.i.k.p.i.IntermediateProofReplayer Proof replay took 93.83ms 
25499      DEBUG main            d.u.i.k.p.r.p.TestFile    ... success: reloaded. 
25500      INFO  main            d.u.i.k.p.r.p.TestFile    Now processing file /home/runner/work/key/key/key.core/../key.ui/examples/heap/comprehensions/sum2.key 
25501      INFO  main            d.u.i.k.p.i.AbstractProblemLoader Loading environment from /home/runner/work/key/key/key.core/../key.ui/examples/heap/comprehensions/sum2.key 
25501      DEBUG main            d.u.i.k.p.i.AbstractProblemLoader Environment load took 329.6ns 
25503      INFO  main            d.u.i.k.p.i.AbstractProblemLoader Creating init config 
28093      DEBUG main            d.u.i.k.p.i.AbstractProblemLoader Init config took 2.59s 
28140      INFO  main            d.u.i.k.p.i.AbstractProblemLoader Replaying proof Sum[Sum::sum2([I)].JML normal_behavior operation contract.0 
28144      DEBUG main            d.u.i.k.p.i.IntermediateProofReplayer Proof replay took 6.2ns 
28194      DEBUG Thread-10       d.u.i.k.l.l.OriginTermLabel commonFileName is null! 
28195      DEBUG Thread-10       d.u.i.k.l.l.OriginTermLabel commonFileName is null! 
28314      DEBUG Thread-10       d.u.i.k.l.l.OriginTermLabel commonFileName is null! 
28315      DEBUG Thread-10       d.u.i.k.l.l.OriginTermLabel commonFileName is null! 
28402      DEBUG Thread-10       d.u.i.k.l.l.OriginTermLabel commonFileName is null! 
28547      INFO  main            d.u.i.k.p.r.p.TestFile    ... finished proof: closed. 
28724      INFO  main            d.u.i.k.p.i.AbstractProblemLoader Loading environment from /home/runner/work/key/key/key.core/../key.ui/examples/heap/comprehensions/sum2.key.proof 
28724      DEBUG main            d.u.i.k.p.i.AbstractProblemLoader Environment load took 137.8ns 
28727      INFO  main            d.u.i.k.p.i.AbstractProblemLoader Creating init config 
31285      DEBUG main            d.u.i.k.p.i.AbstractProblemLoader Init config took 2.56s 
31328      INFO  main            d.u.i.k.p.i.AbstractProblemLoader Replaying proof Sum[Sum::sum2([I)].JML normal_behavior operation contract.0 
31358      DEBUG main            d.u.i.k.l.l.OriginTermLabel commonFileName is null! 
31358      DEBUG main            d.u.i.k.l.l.OriginTermLabel commonFileName is null! 
31394      DEBUG main            d.u.i.k.l.l.OriginTermLabel commonFileName is null! 
31418      DEBUG main            d.u.i.k.l.l.OriginTermLabel commonFileName is null! 
31419      DEBUG main            d.u.i.k.l.l.OriginTermLabel commonFileName is null! 
31421      DEBUG main            d.u.i.k.p.i.IntermediateProofReplayer Proof replay took 88.08ms 
31422      DEBUG main            d.u.i.k.p.r.p.TestFile    ... success: reloaded. 
31423      INFO  main            d.u.i.k.p.r.p.TestFile    Now processing file /home/runner/work/key/key/key.core/../key.ui/examples/heap/comprehensions/sum3.key 
31423      INFO  main            d.u.i.k.p.i.AbstractProblemLoader Loading environment from /home/runner/work/key/key/key.core/../key.ui/examples/heap/comprehensions/sum3.key 
31423      DEBUG main            d.u.i.k.p.i.AbstractProblemLoader Environment load took 71.2ns 
31424      INFO  main            d.u.i.k.p.i.AbstractProblemLoader Creating init config 
33967      DEBUG main            d.u.i.k.p.i.AbstractProblemLoader Init config took 2.54s 
34011      INFO  main            d.u.i.k.p.i.AbstractProblemLoader Replaying proof Sum[Sum::sum3([I)].JML normal_behavior operation contract.0 
34013      DEBUG main            d.u.i.k.p.i.IntermediateProofReplayer Proof replay took 6.1ns 
34071      DEBUG Thread-13       d.u.i.k.l.l.OriginTermLabel commonFileName is null! 
34072      DEBUG Thread-13       d.u.i.k.l.l.OriginTermLabel commonFileName is null! 
34221      DEBUG Thread-13       d.u.i.k.l.l.OriginTermLabel commonFileName is null! 
34222      DEBUG Thread-13       d.u.i.k.l.l.OriginTermLabel commonFileName is null! 
34308      DEBUG Thread-13       d.u.i.k.l.l.OriginTermLabel commonFileName is null! 
34416      INFO  main            d.u.i.k.p.r.p.TestFile    ... finished proof: closed. 
34578      INFO  main            d.u.i.k.p.i.AbstractProblemLoader Loading environment from /home/runner/work/key/key/key.core/../key.ui/examples/heap/comprehensions/sum3.key.proof 
34581      DEBUG main            d.u.i.k.p.i.AbstractProblemLoader Environment load took 3.35ms 
34585      INFO  main            d.u.i.k.p.i.AbstractProblemLoader Creating init config 
37097      DEBUG main            d.u.i.k.p.i.AbstractProblemLoader Init config took 2.51s 
37143      INFO  main            d.u.i.k.p.i.AbstractProblemLoader Replaying proof Sum[Sum::sum3([I)].JML normal_behavior operation contract.0 
37186      DEBUG main            d.u.i.k.l.l.OriginTermLabel commonFileName is null! 
37189      DEBUG main            d.u.i.k.l.l.OriginTermLabel commonFileName is null! 
37231      DEBUG main            d.u.i.k.l.l.OriginTermLabel commonFileName is null! 
37258      DEBUG main            d.u.i.k.l.l.OriginTermLabel commonFileName is null! 
37261      DEBUG main            d.u.i.k.l.l.OriginTermLabel commonFileName is null! 
37263      DEBUG main            d.u.i.k.p.i.IntermediateProofReplayer Proof replay took 116.22ms 
37270      DEBUG main            d.u.i.k.p.r.p.TestFile    ... success: reloaded. 
37271      INFO  main            d.u.i.k.p.r.p.TestFile    Now processing file /home/runner/work/key/key/key.core/../key.ui/examples/heap/comprehensions/segsum.key 
37271      INFO  main            d.u.i.k.p.i.AbstractProblemLoader Loading environment from /home/runner/work/key/key/key.core/../key.ui/examples/heap/comprehensions/segsum.key 
37271      DEBUG main            d.u.i.k.p.i.AbstractProblemLoader Environment load took 81.3ns 
37272      INFO  main            d.u.i.k.p.i.AbstractProblemLoader Creating init config 
39761      DEBUG main            d.u.i.k.p.i.AbstractProblemLoader Init config took 2.49s 
39802      INFO  main            d.u.i.k.p.i.AbstractProblemLoader Replaying proof SegSum[SegSum::segSum([I,int,int)].JML normal_behavior operation contract.0 
39804      DEBUG main            d.u.i.k.p.i.IntermediateProofReplayer Proof replay took 6.2ns 
40207      INFO  main            d.u.i.k.p.r.p.TestFile    ... finished proof: closed. 
40427      INFO  main            d.u.i.k.p.i.AbstractProblemLoader Loading environment from /home/runner/work/key/key/key.core/../key.ui/examples/heap/comprehensions/segsum.key.proof 
40430      DEBUG main            d.u.i.k.p.i.AbstractProblemLoader Environment load took 2.14ms 
40431      INFO  main            d.u.i.k.p.i.AbstractProblemLoader Creating init config 
42885      DEBUG main            d.u.i.k.p.i.AbstractProblemLoader Init config took 2.45s 
42928      INFO  main            d.u.i.k.p.i.AbstractProblemLoader Replaying proof SegSum[SegSum::segSum([I,int,int)].JML normal_behavior operation contract.0 
43015      DEBUG main            d.u.i.k.p.i.IntermediateProofReplayer Proof replay took 80.24ms 
43016      DEBUG main            d.u.i.k.p.r.p.TestFile    ... success: reloaded. 
43017      INFO  main            d.u.i.k.p.r.p.TestFile    Now processing file /home/runner/work/key/key/key.core/../key.ui/examples/heap/comprehensions/bsum_negative.key 
43017      INFO  main            d.u.i.k.p.i.AbstractProblemLoader Loading environment from /home/runner/work/key/key/key.core/../key.ui/examples/heap/comprehensions/bsum_negative.key 
43018      DEBUG main            d.u.i.k.p.i.AbstractProblemLoader Environment load took 67ns 
43019      INFO  main            d.u.i.k.p.i.AbstractProblemLoader Creating init config 
45394      DEBUG main            d.u.i.k.p.i.AbstractProblemLoader Init config took 2.38s 
45414      INFO  main            d.u.i.k.p.i.AbstractProblemLoader Replaying proof bsum_negative.key 
45415      DEBUG main            d.u.i.k.p.i.IntermediateProofReplayer Proof replay took 6ns 
45517      INFO  main            d.u.i.k.p.r.p.TestFile    ... finished proof: closed. 
45686      INFO  main            d.u.i.k.p.i.AbstractProblemLoader Loading environment from /home/runner/work/key/key/key.core/../key.ui/examples/heap/comprehensions/bsum_negative.key.proof 
45686      DEBUG main            d.u.i.k.p.i.AbstractProblemLoader Environment load took 126.7ns 
45687      INFO  main            d.u.i.k.p.i.AbstractProblemLoader Creating init config 
48036      DEBUG main            d.u.i.k.p.i.AbstractProblemLoader Init config took 2.35s 
48057      INFO  main            d.u.i.k.p.i.AbstractProblemLoader Replaying proof bsum_negative.key.proof 
48064      DEBUG main            d.u.i.k.p.i.IntermediateProofReplayer Proof replay took 1.71ms 
48066      DEBUG main            d.u.i.k.p.r.p.TestFile    ... success: reloaded. 
48067      INFO  main            d.u.i.k.p.r.p.TestFile    Now processing file /home/runner/work/key/key/key.core/../key.ui/examples/heap/comprehensions/bsum_neg2.key 
48069      INFO  main            d.u.i.k.p.i.AbstractProblemLoader Loading environment from /home/runner/work/key/key/key.core/../key.ui/examples/heap/comprehensions/bsum_neg2.key 
48069      DEBUG main            d.u.i.k.p.i.AbstractProblemLoader Environment load took 340ns 
48070      INFO  main            d.u.i.k.p.i.AbstractProblemLoader Creating init config 
50453      DEBUG main            d.u.i.k.p.i.AbstractProblemLoader Init config took 2.38s 
50472      INFO  main            d.u.i.k.p.i.AbstractProblemLoader Replaying proof bsum_neg2.key 
50473      DEBUG main            d.u.i.k.p.i.IntermediateProofReplayer Proof replay took 6.9ns 
50575      INFO  main            d.u.i.k.p.r.p.TestFile    ... finished proof: closed. 
50749      INFO  main            d.u.i.k.p.i.AbstractProblemLoader Loading environment from /home/runner/work/key/key/key.core/../key.ui/examples/heap/comprehensions/bsum_neg2.key.proof 
50749      DEBUG main            d.u.i.k.p.i.AbstractProblemLoader Environment load took 135.7ns 
50751      INFO  main            d.u.i.k.p.i.AbstractProblemLoader Creating init config 
53093      DEBUG main            d.u.i.k.p.i.AbstractProblemLoader Init config took 2.34s 
53111      INFO  main            d.u.i.k.p.i.AbstractProblemLoader Replaying proof bsum_neg2.key.proof 
53114      DEBUG main            d.u.i.k.p.i.IntermediateProofReplayer Proof replay took 812.5ns 
53115      DEBUG main            d.u.i.k.p.r.p.TestFile    ... success: reloaded. 
53116      INFO  main            d.u.i.k.p.r.p.TestFile    Now processing file /home/runner/work/key/key/key.core/../key.ui/examples/heap/comprehensions/bsumSplit.key 
53116      INFO  main            d.u.i.k.p.i.AbstractProblemLoader Loading environment from /home/runner/work/key/key/key.core/../key.ui/examples/heap/comprehensions/bsumSplit.key 
53116      DEBUG main            d.u.i.k.p.i.AbstractProblemLoader Environment load took 115.7ns 
53117      INFO  main            d.u.i.k.p.i.AbstractProblemLoader Creating init config 
55548      DEBUG main            d.u.i.k.p.i.AbstractProblemLoader Init config took 2.43s 
55569      INFO  main            d.u.i.k.p.i.AbstractProblemLoader Replaying proof bsumSplit.key 
55570      DEBUG main            d.u.i.k.p.i.IntermediateProofReplayer Proof replay took 6.9ns 
55672      INFO  main            d.u.i.k.p.r.p.TestFile    ... finished proof: closed. 
55853      INFO  main            d.u.i.k.p.i.AbstractProblemLoader Loading environment from /home/runner/work/key/key/key.core/../key.ui/examples/heap/comprehensions/bsumSplit.key.proof 
55853      DEBUG main            d.u.i.k.p.i.AbstractProblemLoader Environment load took 123.5ns 
55855      INFO  main            d.u.i.k.p.i.AbstractProblemLoader Creating init config 
58187      DEBUG main            d.u.i.k.p.i.AbstractProblemLoader Init config took 2.33s 
58203      INFO  main            d.u.i.k.p.i.AbstractProblemLoader Replaying proof bsumSplit.key.proof 
58212      DEBUG main            d.u.i.k.p.i.IntermediateProofReplayer Proof replay took 7.07ms 
58213      DEBUG main            d.u.i.k.p.r.p.TestFile    ... success: reloaded. 
58214      INFO  main            d.u.i.k.p.r.p.TestFile    Now processing file /home/runner/work/key/key/key.core/../key.ui/examples/heap/comprehensions/bprodSplit.key 
58218      INFO  main            d.u.i.k.p.i.AbstractProblemLoader Loading environment from /home/runner/work/key/key/key.core/../key.ui/examples/heap/comprehensions/bprodSplit.key 
58218      DEBUG main            d.u.i.k.p.i.AbstractProblemLoader Environment load took 339.1ns 
58220      INFO  main            d.u.i.k.p.i.AbstractProblemLoader Creating init config 
60561      DEBUG main            d.u.i.k.p.i.AbstractProblemLoader Init config took 2.34s 
60576      INFO  main            d.u.i.k.p.i.AbstractProblemLoader Replaying proof bprodSplit.key 
60577      DEBUG main            d.u.i.k.p.i.IntermediateProofReplayer Proof replay took 7.1ns 
60681      INFO  main            d.u.i.k.p.r.p.TestFile    ... finished proof: closed. 
60870      INFO  main            d.u.i.k.p.i.AbstractProblemLoader Loading environment from /home/runner/work/key/key/key.core/../key.ui/examples/heap/comprehensions/bprodSplit.key.proof 
60870      DEBUG main            d.u.i.k.p.i.AbstractProblemLoader Environment load took 120.2ns 
60872      INFO  main            d.u.i.k.p.i.AbstractProblemLoader Creating init config 
63165      DEBUG main            d.u.i.k.p.i.AbstractProblemLoader Init config took 2.29s 
63181      INFO  main            d.u.i.k.p.i.AbstractProblemLoader Replaying proof bprodSplit.key.proof 
63184      DEBUG main            d.u.i.k.p.i.IntermediateProofReplayer Proof replay took 1.58ms 
63185      DEBUG main            d.u.i.k.p.r.p.TestFile    ... success: reloaded. 
63186      INFO  main            d.u.i.k.p.r.p.TestFile    Now processing file /home/runner/work/key/key/key.core/../key.ui/examples/heap/comprehensions/bsumSplitInvalid.key 
63186      INFO  main            d.u.i.k.p.i.AbstractProblemLoader Loading environment from /home/runner/work/key/key/key.core/../key.ui/examples/heap/comprehensions/bsumSplitInvalid.key 
63186      DEBUG main            d.u.i.k.p.i.AbstractProblemLoader Environment load took 136.2ns 
63187      INFO  main            d.u.i.k.p.i.AbstractProblemLoader Creating init config 
65540      DEBUG main            d.u.i.k.p.i.AbstractProblemLoader Init config took 2.35s 
65558      INFO  main            d.u.i.k.p.i.AbstractProblemLoader Replaying proof bsumSplitInvalid.key 
65565      DEBUG main            d.u.i.k.p.i.IntermediateProofReplayer Proof replay took 7ns 
65669      INFO  main            d.u.i.k.p.r.p.TestFile    ... finished proof: open goal(s) 
143109     INFO  Test worker     d.u.i.k.p.r.RunAllProofsTestUnit Returning from test comprehensions 
143115     INFO  Test worker     d.u.i.k.p.r.RunAllProofsTestUnit Running test performance 
407        INFO  Timeout watchdog d.u.i.k.p.r.p.ForkedTestFileRunner Timeout watcher launched (2000 secs.) 
414        WARN  main            d.u.i.k.s.ProofSettings   The settings in /home/runner/.key/proof-settings.props are *not* read. 
460        INFO  main            d.u.i.k.p.r.p.TestFile    Now processing file /home/runner/work/key/key/key.core/../key.ui/examples/performance-test/Disjoint(Disjoint__disjoint_08()).JML_operation_contract.0.key 
593        INFO  main            d.u.i.k.p.i.AbstractProblemLoader Loading environment from /home/runner/work/key/key/key.core/../key.ui/examples/performance-test/Disjoint(Disjoint__disjoint_08()).JML_operation_contract.0.key 
610        DEBUG main            d.u.i.k.p.i.AbstractProblemLoader Environment load took 2.49ms 
813        INFO  main            d.u.i.k.p.i.AbstractProblemLoader Creating init config 
1718       DEBUG main            d.u.i.k.j.TypeConverter   No LDT found for Meta 
1720       DEBUG main            d.u.i.k.j.TypeConverter   No LDT found for Meta 
1723       DEBUG main            d.u.i.k.j.TypeConverter   No LDT found for Meta 
1724       DEBUG main            d.u.i.k.j.TypeConverter   No LDT found for Meta 
3381       DEBUG main            d.u.i.k.j.TypeConverter   No LDT found for JavaBigintExpression 
8657       DEBUG main            d.u.i.k.j.r.ClassPreparationMethodBuilder clPrepBuilder: Inner Class detected. Reject building class initialisation methods. 
16505      DEBUG main            d.u.i.k.p.i.AbstractProblemLoader Init config took 15.69s 
16707      INFO  main            d.u.i.k.p.i.AbstractProblemLoader Replaying proof Disjoint[Disjoint::disjoint_8()].JML operation contract.0 
16792      DEBUG main            d.u.i.k.p.i.IntermediateProofReplayer Proof replay took 7.86ms 
19438      INFO  main            d.u.i.k.p.r.p.TestFile    ... finished proof: closed. 
19660      INFO  main            d.u.i.k.p.i.AbstractProblemLoader Loading environment from /home/runner/work/key/key/key.core/../key.ui/examples/performance-test/Disjoint(Disjoint__disjoint_08()).JML_operation_contract.0.key.proof 
19664      DEBUG main            d.u.i.k.p.i.AbstractProblemLoader Environment load took 3.73ms 
19667      INFO  main            d.u.i.k.p.i.AbstractProblemLoader Creating init config 
22917      DEBUG main            d.u.i.k.j.r.ClassPreparationMethodBuilder clPrepBuilder: Inner Class detected. Reject building class initialisation methods. 
30346      DEBUG main            d.u.i.k.p.i.AbstractProblemLoader Init config took 10.68s 
30482      INFO  main            d.u.i.k.p.i.AbstractProblemLoader Replaying proof Disjoint[Disjoint::disjoint_8()].JML operation contract.0 
30866      DEBUG main            d.u.i.k.p.i.IntermediateProofReplayer Proof replay took 371.1ms 
30876      DEBUG main            d.u.i.k.p.r.p.TestFile    ... success: reloaded. 
30879      INFO  main            d.u.i.k.p.r.p.TestFile    Now processing file /home/runner/work/key/key/key.core/../key.ui/examples/performance-test/Disjoint(Disjoint__disjoint2_08()).JML_operation_contract.0.key 
30879      INFO  main            d.u.i.k.p.i.AbstractProblemLoader Loading environment from /home/runner/work/key/key/key.core/../key.ui/examples/performance-test/Disjoint(Disjoint__disjoint2_08()).JML_operation_contract.0.key 
30880      DEBUG main            d.u.i.k.p.i.AbstractProblemLoader Environment load took 461.5ns 
30881      INFO  main            d.u.i.k.p.i.AbstractProblemLoader Creating init config 
34085      DEBUG main            d.u.i.k.j.r.ClassPreparationMethodBuilder clPrepBuilder: Inner Class detected. Reject building class initialisation methods. 
40982      DEBUG main            d.u.i.k.p.i.AbstractProblemLoader Init config took 10.1s 
41105      INFO  main            d.u.i.k.p.i.AbstractProblemLoader Replaying proof Disjoint[Disjoint::disjoint2_8()].JML operation contract.0 
41112      DEBUG main            d.u.i.k.p.i.IntermediateProofReplayer Proof replay took 153.5ns 
42216      INFO  main            d.u.i.k.p.r.p.TestFile    ... finished proof: closed. 
42523      INFO  main            d.u.i.k.p.i.AbstractProblemLoader Loading environment from /home/runner/work/key/key/key.core/../key.ui/examples/performance-test/Disjoint(Disjoint__disjoint2_08()).JML_operation_contract.0.key.proof 
42525      DEBUG main            d.u.i.k.p.i.AbstractProblemLoader Environment load took 1.23ms 
42527      INFO  main            d.u.i.k.p.i.AbstractProblemLoader Creating init config 
45567      DEBUG main            d.u.i.k.j.r.ClassPreparationMethodBuilder clPrepBuilder: Inner Class detected. Reject building class initialisation methods. 
52633      DEBUG main            d.u.i.k.p.i.AbstractProblemLoader Init config took 10.11s 
52739      INFO  main            d.u.i.k.p.i.AbstractProblemLoader Replaying proof Disjoint[Disjoint::disjoint2_8()].JML operation contract.0 
52829      DEBUG main            d.u.i.k.p.i.IntermediateProofReplayer Proof replay took 85.78ms 
52831      DEBUG main            d.u.i.k.p.r.p.TestFile    ... success: reloaded. 
52832      INFO  main            d.u.i.k.p.r.p.TestFile    Now processing file /home/runner/work/key/key/key.core/../key.ui/examples/performance-test/AccessChain1(AccessChain1__foo_08()).JML_operation_contract.0.key 
52832      INFO  main            d.u.i.k.p.i.AbstractProblemLoader Loading environment from /home/runner/work/key/key/key.core/../key.ui/examples/performance-test/AccessChain1(AccessChain1__foo_08()).JML_operation_contract.0.key 
52832      DEBUG main            d.u.i.k.p.i.AbstractProblemLoader Environment load took 63.6ns 
52834      INFO  main            d.u.i.k.p.i.AbstractProblemLoader Creating init config 
56097      DEBUG main            d.u.i.k.j.r.ClassPreparationMethodBuilder clPrepBuilder: Inner Class detected. Reject building class initialisation methods. 
63267      DEBUG main            d.u.i.k.p.i.AbstractProblemLoader Init config took 10.43s 
63361      INFO  main            d.u.i.k.p.i.AbstractProblemLoader Replaying proof AccessChain1[AccessChain1::foo_8()].JML operation contract.0 
63365      DEBUG main            d.u.i.k.p.i.IntermediateProofReplayer Proof replay took 10.5ns 
66001      INFO  main            d.u.i.k.p.r.p.TestFile    ... finished proof: closed. 
66433      INFO  main            d.u.i.k.p.i.AbstractProblemLoader Loading environment from /home/runner/work/key/key/key.core/../key.ui/examples/performance-test/AccessChain1(AccessChain1__foo_08()).JML_operation_contract.0.key.proof 
66436      DEBUG main            d.u.i.k.p.i.AbstractProblemLoader Environment load took 2.68ms 
66438      INFO  main            d.u.i.k.p.i.AbstractProblemLoader Creating init config 
69459      DEBUG main            d.u.i.k.j.r.ClassPreparationMethodBuilder clPrepBuilder: Inner Class detected. Reject building class initialisation methods. 
76092      DEBUG main            d.u.i.k.p.i.AbstractProblemLoader Init config took 9.65s 
76224      INFO  main            d.u.i.k.p.i.AbstractProblemLoader Replaying proof AccessChain1[AccessChain1::foo_8()].JML operation contract.0 
76648      DEBUG main            d.u.i.k.p.i.IntermediateProofReplayer Proof replay took 408.02ms 
76650      DEBUG main            d.u.i.k.p.r.p.TestFile    ... success: reloaded. 
76651      INFO  main            d.u.i.k.p.r.p.TestFile    Now processing file /home/runner/work/key/key/key.core/../key.ui/examples/performance-test/AccessChain4(AccessChain4__foo_08()).JML_operation_contract.0.key 
76652      INFO  main            d.u.i.k.p.i.AbstractProblemLoader Loading environment from /home/runner/work/key/key/key.core/../key.ui/examples/performance-test/AccessChain4(AccessChain4__foo_08()).JML_operation_contract.0.key 
76652      DEBUG main            d.u.i.k.p.i.AbstractProblemLoader Environment load took 222.4ns 
76656      INFO  main            d.u.i.k.p.i.AbstractProblemLoader Creating init config 
79513      DEBUG main            d.u.i.k.j.r.ClassPreparationMethodBuilder clPrepBuilder: Inner Class detected. Reject building class initialisation methods. 
86045      DEBUG main            d.u.i.k.p.i.AbstractProblemLoader Init config took 9.39s 
86176      INFO  main            d.u.i.k.p.i.AbstractProblemLoader Replaying proof AccessChain4[AccessChain4::foo_8()].JML operation contract.0 
86179      DEBUG main            d.u.i.k.p.i.IntermediateProofReplayer Proof replay took 19.1ns 
92531      INFO  main            d.u.i.k.p.r.p.TestFile    ... finished proof: closed. 
92922      INFO  main            d.u.i.k.p.i.AbstractProblemLoader Loading environment from /home/runner/work/key/key/key.core/../key.ui/examples/performance-test/AccessChain4(AccessChain4__foo_08()).JML_operation_contract.0.key.proof 
92923      DEBUG main            d.u.i.k.p.i.AbstractProblemLoader Environment load took 668.9ns 
92933      INFO  main            d.u.i.k.p.i.AbstractProblemLoader Creating init config 
95722      DEBUG main            d.u.i.k.j.r.ClassPreparationMethodBuilder clPrepBuilder: Inner Class detected. Reject building class initialisation methods. 
102318     DEBUG main            d.u.i.k.p.i.AbstractProblemLoader Init config took 9.38s 
102410     INFO  main            d.u.i.k.p.i.AbstractProblemLoader Replaying proof AccessChain4[AccessChain4::foo_8()].JML operation contract.0 
103146     DEBUG main            d.u.i.k.p.i.IntermediateProofReplayer Proof replay took 703.6ms 
103149     DEBUG main            d.u.i.k.p.r.p.TestFile    ... success: reloaded. 
103151     INFO  main            d.u.i.k.p.r.p.TestFile    Now processing file /home/runner/work/key/key/key.core/../key.ui/examples/performance-test/Disjoint(Disjoint__xZero_08()).JML_operation_contract.0.key 
103152     INFO  main            d.u.i.k.p.i.AbstractProblemLoader Loading environment from /home/runner/work/key/key/key.core/../key.ui/examples/performance-test/Disjoint(Disjoint__xZero_08()).JML_operation_contract.0.key 
103152     DEBUG main            d.u.i.k.p.i.AbstractProblemLoader Environment load took 366.1ns 
103154     INFO  main            d.u.i.k.p.i.AbstractProblemLoader Creating init config 
106089     DEBUG main            d.u.i.k.j.r.ClassPreparationMethodBuilder clPrepBuilder: Inner Class detected. Reject building class initialisation methods. 
112714     DEBUG main            d.u.i.k.p.i.AbstractProblemLoader Init config took 9.56s 
112802     INFO  main            d.u.i.k.p.i.AbstractProblemLoader Replaying proof Disjoint[Disjoint::xZero_8()].JML operation contract.0 
112805     DEBUG main            d.u.i.k.p.i.IntermediateProofReplayer Proof replay took 9.7ns 
113910     INFO  main            d.u.i.k.p.r.p.TestFile    ... finished proof: closed. 
114276     INFO  main            d.u.i.k.p.i.AbstractProblemLoader Loading environment from /home/runner/work/key/key/key.core/../key.ui/examples/performance-test/Disjoint(Disjoint__xZero_08()).JML_operation_contract.0.key.proof 
114276     DEBUG main            d.u.i.k.p.i.AbstractProblemLoader Environment load took 151.3ns 
114280     INFO  main            d.u.i.k.p.i.AbstractProblemLoader Creating init config 
117108     DEBUG main            d.u.i.k.j.r.ClassPreparationMethodBuilder clPrepBuilder: Inner Class detected. Reject building class initialisation methods. 
123722     DEBUG main            d.u.i.k.p.i.AbstractProblemLoader Init config took 9.44s 
123814     INFO  main            d.u.i.k.p.i.AbstractProblemLoader Replaying proof Disjoint[Disjoint::xZero_8()].JML operation contract.0 
124034     DEBUG main            d.u.i.k.p.i.IntermediateProofReplayer Proof replay took 211.74ms 
124035     DEBUG main            d.u.i.k.p.r.p.TestFile    ... success: reloaded. 
124037     INFO  main            d.u.i.k.p.r.p.TestFile    Now processing file /home/runner/work/key/key/key.core/../key.ui/examples/performance-test/Dynamic(Dynamic__foo_08()).JML_operation_contract.0.key 
124037     INFO  main            d.u.i.k.p.i.AbstractProblemLoader Loading environment from /home/runner/work/key/key/key.core/../key.ui/examples/performance-test/Dynamic(Dynamic__foo_08()).JML_operation_contract.0.key 
124038     DEBUG main            d.u.i.k.p.i.AbstractProblemLoader Environment load took 232.1ns 
124039     INFO  main            d.u.i.k.p.i.AbstractProblemLoader Creating init config 
126967     DEBUG main            d.u.i.k.j.r.ClassPreparationMethodBuilder clPrepBuilder: Inner Class detected. Reject building class initialisation methods. 
133530     DEBUG main            d.u.i.k.p.i.AbstractProblemLoader Init config took 9.49s 
133621     INFO  main            d.u.i.k.p.i.AbstractProblemLoader Replaying proof Dynamic[Dynamic::foo_8()].JML operation contract.0 
133624     DEBUG main            d.u.i.k.p.i.IntermediateProofReplayer Proof replay took 76.4ns 
138781     INFO  main            d.u.i.k.p.r.p.TestFile    ... finished proof: closed. 
139186     INFO  main            d.u.i.k.p.i.AbstractProblemLoader Loading environment from /home/runner/work/key/key/key.core/../key.ui/examples/performance-test/Dynamic(Dynamic__foo_08()).JML_operation_contract.0.key.proof 
139187     DEBUG main            d.u.i.k.p.i.AbstractProblemLoader Environment load took 645.5ns 
139189     INFO  main            d.u.i.k.p.i.AbstractProblemLoader Creating init config 
142059     DEBUG main            d.u.i.k.j.r.ClassPreparationMethodBuilder clPrepBuilder: Inner Class detected. Reject building class initialisation methods. 
148629     DEBUG main            d.u.i.k.p.i.AbstractProblemLoader Init config took 9.44s 
148719     INFO  main            d.u.i.k.p.i.AbstractProblemLoader Replaying proof Dynamic[Dynamic::foo_8()].JML operation contract.0 
149248     DEBUG main            d.u.i.k.p.i.IntermediateProofReplayer Proof replay took 470.96ms 
149250     DEBUG main            d.u.i.k.p.r.p.TestFile    ... success: reloaded. 
149252     INFO  main            d.u.i.k.p.r.p.TestFile    Now processing file /home/runner/work/key/key/key.core/../key.ui/examples/performance-test/DynamicGhost(DynamicGhost__dynamicGhost_08()).JML_normal_behavior_operation_contract.0.key 
149255     INFO  main            d.u.i.k.p.i.AbstractProblemLoader Loading environment from /home/runner/work/key/key/key.core/../key.ui/examples/performance-test/DynamicGhost(DynamicGhost__dynamicGhost_08()).JML_normal_behavior_operation_contract.0.key 
149255     DEBUG main            d.u.i.k.p.i.AbstractProblemLoader Environment load took 123.6ns 
149256     INFO  main            d.u.i.k.p.i.AbstractProblemLoader Creating init config 
152232     DEBUG main            d.u.i.k.j.r.ClassPreparationMethodBuilder clPrepBuilder: Inner Class detected. Reject building class initialisation methods. 
158797     DEBUG main            d.u.i.k.p.i.AbstractProblemLoader Init config took 9.54s 
158887     INFO  main            d.u.i.k.p.i.AbstractProblemLoader Replaying proof DynamicGhost[DynamicGhost::dynamicGhost_8()].JML normal_behavior operation contract.0 
158890     DEBUG main            d.u.i.k.p.i.IntermediateProofReplayer Proof replay took 11.9ns 
162978     INFO  main            d.u.i.k.p.r.p.TestFile    ... finished proof: closed. 
163471     INFO  main            d.u.i.k.p.i.AbstractProblemLoader Loading environment from /home/runner/work/key/key/key.core/../key.ui/examples/performance-test/DynamicGhost(DynamicGhost__dynamicGhost_08()).JML_normal_behavior_operation_contract.0.key.proof 
163472     DEBUG main            d.u.i.k.p.i.AbstractProblemLoader Environment load took 281.9ns 
163474     INFO  main            d.u.i.k.p.i.AbstractProblemLoader Creating init config 
166331     DEBUG main            d.u.i.k.j.r.ClassPreparationMethodBuilder clPrepBuilder: Inner Class detected. Reject building class initialisation methods. 
172931     DEBUG main            d.u.i.k.p.i.AbstractProblemLoader Init config took 9.46s 
173023     INFO  main            d.u.i.k.p.i.AbstractProblemLoader Replaying proof DynamicGhost[DynamicGhost::dynamicGhost_8()].JML normal_behavior operation contract.0 
173587     DEBUG main            d.u.i.k.p.i.IntermediateProofReplayer Proof replay took 543.47ms 
173589     DEBUG main            d.u.i.k.p.r.p.TestFile    ... success: reloaded. 
173591     INFO  main            d.u.i.k.p.r.p.TestFile    Now processing file /home/runner/work/key/key/key.core/../key.ui/examples/performance-test/GhostFrame(GhostFrame__foo_08()).JML_operation_contract.0.key 
173591     INFO  main            d.u.i.k.p.i.AbstractProblemLoader Loading environment from /home/runner/work/key/key/key.core/../key.ui/examples/performance-test/GhostFrame(GhostFrame__foo_08()).JML_operation_contract.0.key 
173592     DEBUG main            d.u.i.k.p.i.AbstractProblemLoader Environment load took 402.1ns 
173593     INFO  main            d.u.i.k.p.i.AbstractProblemLoader Creating init config 
176617     DEBUG main            d.u.i.k.j.r.ClassPreparationMethodBuilder clPrepBuilder: Inner Class detected. Reject building class initialisation methods. 
183347     DEBUG main            d.u.i.k.p.i.AbstractProblemLoader Init config took 9.75s 
183433     INFO  main            d.u.i.k.p.i.AbstractProblemLoader Replaying proof GhostFrame[GhostFrame::foo_8()].JML operation contract.0 
183436     DEBUG main            d.u.i.k.p.i.IntermediateProofReplayer Proof replay took 13.5ns 
185270     INFO  main            d.u.i.k.p.r.p.TestFile    ... finished proof: closed. 
185700     INFO  main            d.u.i.k.p.i.AbstractProblemLoader Loading environment from /home/runner/work/key/key/key.core/../key.ui/examples/performance-test/GhostFrame(GhostFrame__foo_08()).JML_operation_contract.0.key.proof 
185701     DEBUG main            d.u.i.k.p.i.AbstractProblemLoader Environment load took 781.6ns 
185702     INFO  main            d.u.i.k.p.i.AbstractProblemLoader Creating init config 
188451     DEBUG main            d.u.i.k.j.r.ClassPreparationMethodBuilder clPrepBuilder: Inner Class detected. Reject building class initialisation methods. 
195024     DEBUG main            d.u.i.k.p.i.AbstractProblemLoader Init config took 9.32s 
195136     INFO  main            d.u.i.k.p.i.AbstractProblemLoader Replaying proof GhostFrame[GhostFrame::foo_8()].JML operation contract.0 
195419     DEBUG main            d.u.i.k.p.i.IntermediateProofReplayer Proof replay took 275ms 
195421     DEBUG main            d.u.i.k.p.r.p.TestFile    ... success: reloaded. 
195422     INFO  main            d.u.i.k.p.r.p.TestFile    Now processing file /home/runner/work/key/key/key.core/../key.ui/examples/performance-test/Modelfield(Modelfield__foo_08()).JML_operation_contract.0.key 
195422     INFO  main            d.u.i.k.p.i.AbstractProblemLoader Loading environment from /home/runner/work/key/key/key.core/../key.ui/examples/performance-test/Modelfield(Modelfield__foo_08()).JML_operation_contract.0.key 
195423     DEBUG main            d.u.i.k.p.i.AbstractProblemLoader Environment load took 100.8ns 
195423     INFO  main            d.u.i.k.p.i.AbstractProblemLoader Creating init config 
198278     DEBUG main            d.u.i.k.j.r.ClassPreparationMethodBuilder clPrepBuilder: Inner Class detected. Reject building class initialisation methods. 
204851     DEBUG main            d.u.i.k.p.i.AbstractProblemLoader Init config took 9.43s 
204969     INFO  main            d.u.i.k.p.i.AbstractProblemLoader Replaying proof Modelfield[Modelfield::foo_8()].JML operation contract.0 
204971     DEBUG main            d.u.i.k.p.i.IntermediateProofReplayer Proof replay took 6.2ns 
208007     INFO  main            d.u.i.k.p.r.p.TestFile    ... finished proof: closed. 
208477     INFO  main            d.u.i.k.p.i.AbstractProblemLoader Loading environment from /home/runner/work/key/key/key.core/../key.ui/examples/performance-test/Modelfield(Modelfield__foo_08()).JML_operation_contract.0.key.proof 
208478     DEBUG main            d.u.i.k.p.i.AbstractProblemLoader Environment load took 1.37ms 
208480     INFO  main            d.u.i.k.p.i.AbstractProblemLoader Creating init config 
211274     DEBUG main            d.u.i.k.j.r.ClassPreparationMethodBuilder clPrepBuilder: Inner Class detected. Reject building class initialisation methods. 
217822     DEBUG main            d.u.i.k.p.i.AbstractProblemLoader Init config took 9.34s 
217905     INFO  main            d.u.i.k.p.i.AbstractProblemLoader Replaying proof Modelfield[Modelfield::foo_8()].JML operation contract.0 
218247     DEBUG main            d.u.i.k.p.i.IntermediateProofReplayer Proof replay took 328.43ms 
218249     DEBUG main            d.u.i.k.p.r.p.TestFile    ... success: reloaded. 
361526     INFO  Test worker     d.u.i.k.p.r.RunAllProofsTestUnit Returning from test performance 
361527     INFO  Test worker     d.u.i.k.p.r.RunAllProofsTestUnit Running test performancePOConstruction 
353        INFO  Timeout watchdog d.u.i.k.p.r.p.ForkedTestFileRunner Timeout watcher launched (2000 secs.) 
363        WARN  main            d.u.i.k.s.ProofSettings   The settings in /home/runner/.key/proof-settings.props are *not* read. 
388        INFO  main            d.u.i.k.p.r.p.TestFile    Now processing file /home/runner/work/key/key/key.core/../key.ui/examples/performance-test/Test(Test__a0(int)).JML_normal_behavior_operation_contract.0.key 
493        INFO  main            d.u.i.k.p.i.AbstractProblemLoader Loading environment from /home/runner/work/key/key/key.core/../key.ui/examples/performance-test/Test(Test__a0(int)).JML_normal_behavior_operation_contract.0.key 
516        DEBUG main            d.u.i.k.p.i.AbstractProblemLoader Environment load took 2.24ms 
749        INFO  main            d.u.i.k.p.i.AbstractProblemLoader Creating init config 
1766       DEBUG main            d.u.i.k.j.TypeConverter   No LDT found for Meta 
1770       DEBUG main            d.u.i.k.j.TypeConverter   No LDT found for Meta 
1772       DEBUG main            d.u.i.k.j.TypeConverter   No LDT found for Meta 
1773       DEBUG main            d.u.i.k.j.TypeConverter   No LDT found for Meta 
3314       DEBUG main            d.u.i.k.j.TypeConverter   No LDT found for JavaBigintExpression 
9447       DEBUG main            d.u.i.k.j.r.ClassPreparationMethodBuilder clPrepBuilder: Inner Class detected. Reject building class initialisation methods. 
17507      DEBUG main            d.u.i.k.p.i.AbstractProblemLoader Init config took 16.76s 
18828      INFO  main            d.u.i.k.p.i.AbstractProblemLoader Replaying proof Test[Test::a0(int)].JML normal_behavior operation contract.0 
18918      DEBUG main            d.u.i.k.p.i.IntermediateProofReplayer Proof replay took 34.5ns 
19263      INFO  main            d.u.i.k.p.r.p.TestFile    ... finished proof: closed. 
19425      INFO  main            d.u.i.k.p.i.AbstractProblemLoader Loading environment from /home/runner/work/key/key/key.core/../key.ui/examples/performance-test/Test(Test__a0(int)).JML_normal_behavior_operation_contract.0.key.proof 
19430      DEBUG main            d.u.i.k.p.i.AbstractProblemLoader Environment load took 5.36ms 
19433      INFO  main            d.u.i.k.p.i.AbstractProblemLoader Creating init config 
22742      DEBUG main            d.u.i.k.j.r.ClassPreparationMethodBuilder clPrepBuilder: Inner Class detected. Reject building class initialisation methods. 
29968      DEBUG main            d.u.i.k.p.i.AbstractProblemLoader Init config took 10.54s 
31086      INFO  main            d.u.i.k.p.i.AbstractProblemLoader Replaying proof Test[Test::a0(int)].JML normal_behavior operation contract.0 
31112      DEBUG main            d.u.i.k.p.i.IntermediateProofReplayer Proof replay took 20.37ms 
31120      DEBUG main            d.u.i.k.p.r.p.TestFile    ... success: reloaded. 
31121      INFO  main            d.u.i.k.p.r.p.TestFile    Now processing file /home/runner/work/key/key/key.core/../key.ui/examples/performance-test/Test(Test__a1(int)).JML_normal_behavior_operation_contract.0.key 
31122      INFO  main            d.u.i.k.p.i.AbstractProblemLoader Loading environment from /home/runner/work/key/key/key.core/../key.ui/examples/performance-test/Test(Test__a1(int)).JML_normal_behavior_operation_contract.0.key 
31122      DEBUG main            d.u.i.k.p.i.AbstractProblemLoader Environment load took 250.3ns 
31124      INFO  main            d.u.i.k.p.i.AbstractProblemLoader Creating init config 
34319      DEBUG main            d.u.i.k.j.r.ClassPreparationMethodBuilder clPrepBuilder: Inner Class detected. Reject building class initialisation methods. 
41385      DEBUG main            d.u.i.k.p.i.AbstractProblemLoader Init config took 10.26s 
42501      INFO  main            d.u.i.k.p.i.AbstractProblemLoader Replaying proof Test[Test::a1(int)].JML normal_behavior operation contract.0 
42504      DEBUG main            d.u.i.k.p.i.IntermediateProofReplayer Proof replay took 5.8ns 
42915      INFO  main            d.u.i.k.p.r.p.TestFile    ... finished proof: closed. 
43229      INFO  main            d.u.i.k.p.i.AbstractProblemLoader Loading environment from /home/runner/work/key/key/key.core/../key.ui/examples/performance-test/Test(Test__a1(int)).JML_normal_behavior_operation_contract.0.key.proof 
43229      DEBUG main            d.u.i.k.p.i.AbstractProblemLoader Environment load took 189ns 
43231      INFO  main            d.u.i.k.p.i.AbstractProblemLoader Creating init config 
46335      DEBUG main            d.u.i.k.j.r.ClassPreparationMethodBuilder clPrepBuilder: Inner Class detected. Reject building class initialisation methods. 
53227      DEBUG main            d.u.i.k.p.i.AbstractProblemLoader Init config took 10s 
54386      INFO  main            d.u.i.k.p.i.AbstractProblemLoader Replaying proof Test[Test::a1(int)].JML normal_behavior operation contract.0 
54446      DEBUG main            d.u.i.k.p.i.IntermediateProofReplayer Proof replay took 55.99ms 
54448      DEBUG main            d.u.i.k.p.r.p.TestFile    ... success: reloaded. 
54449      INFO  main            d.u.i.k.p.r.p.TestFile    Now processing file /home/runner/work/key/key/key.core/../key.ui/examples/performance-test/Test(Test__f1(int)).JML_normal_behavior_operation_contract.0.key 
54450      INFO  main            d.u.i.k.p.i.AbstractProblemLoader Loading environment from /home/runner/work/key/key/key.core/../key.ui/examples/performance-test/Test(Test__f1(int)).JML_normal_behavior_operation_contract.0.key 
54450      DEBUG main            d.u.i.k.p.i.AbstractProblemLoader Environment load took 347.7ns 
54452      INFO  main            d.u.i.k.p.i.AbstractProblemLoader Creating init config 
57556      DEBUG main            d.u.i.k.j.r.ClassPreparationMethodBuilder clPrepBuilder: Inner Class detected. Reject building class initialisation methods. 
64413      DEBUG main            d.u.i.k.p.i.AbstractProblemLoader Init config took 9.96s 
65515      INFO  main            d.u.i.k.p.i.AbstractProblemLoader Replaying proof Test[Test::f1(int)].JML normal_behavior operation contract.0 
65517      DEBUG main            d.u.i.k.p.i.IntermediateProofReplayer Proof replay took 5.9ns 
65720      INFO  main            d.u.i.k.p.r.p.TestFile    ... finished proof: closed. 
66030      INFO  main            d.u.i.k.p.i.AbstractProblemLoader Loading environment from /home/runner/work/key/key/key.core/../key.ui/examples/performance-test/Test(Test__f1(int)).JML_normal_behavior_operation_contract.0.key.proof 
66031      DEBUG main            d.u.i.k.p.i.AbstractProblemLoader Environment load took 1.28ms 
66032      INFO  main            d.u.i.k.p.i.AbstractProblemLoader Creating init config 
68955      DEBUG main            d.u.i.k.j.r.ClassPreparationMethodBuilder clPrepBuilder: Inner Class detected. Reject building class initialisation methods. 
75854      DEBUG main            d.u.i.k.p.i.AbstractProblemLoader Init config took 9.82s 
76939      INFO  main            d.u.i.k.p.i.AbstractProblemLoader Replaying proof Test[Test::f1(int)].JML normal_behavior operation contract.0 
76985      DEBUG main            d.u.i.k.p.i.IntermediateProofReplayer Proof replay took 42.84ms 
76986      DEBUG main            d.u.i.k.p.r.p.TestFile    ... success: reloaded. 
438696     INFO  Test worker     d.u.i.k.p.r.RunAllProofsTestUnit Returning from test performancePOConstruction 
438700     INFO  Test worker     d.u.i.k.p.r.RunAllProofsTestUnit Running test applicationRestrictions 
395        INFO  Timeout watchdog d.u.i.k.p.r.p.ForkedTestFileRunner Timeout watcher launched (2000 secs.) 
407        WARN  main            d.u.i.k.s.ProofSettings   The settings in /home/runner/.key/proof-settings.props are *not* read. 
452        INFO  main            d.u.i.k.p.r.p.TestFile    Now processing file /home/runner/work/key/key/key.core/../key.ui/examples/heap/polarity_tests/wellformed1.key 
577        INFO  main            d.u.i.k.p.i.AbstractProblemLoader Loading environment from /home/runner/work/key/key/key.core/../key.ui/examples/heap/polarity_tests/wellformed1.key 
598        DEBUG main            d.u.i.k.p.i.AbstractProblemLoader Environment load took 2.38ms 
851        INFO  main            d.u.i.k.p.i.AbstractProblemLoader Creating init config 
1962       DEBUG main            d.u.i.k.j.TypeConverter   No LDT found for Meta 
1963       DEBUG main            d.u.i.k.j.TypeConverter   No LDT found for Meta 
1966       DEBUG main            d.u.i.k.j.TypeConverter   No LDT found for Meta 
1966       DEBUG main            d.u.i.k.j.TypeConverter   No LDT found for Meta 
3443       DEBUG main            d.u.i.k.j.TypeConverter   No LDT found for JavaBigintExpression 
8247       DEBUG main            d.u.i.k.p.i.AbstractProblemLoader Init config took 7.4s 
8304       INFO  main            d.u.i.k.p.i.AbstractProblemLoader Replaying proof wellformed1.key 
8339       DEBUG main            d.u.i.k.p.i.IntermediateProofReplayer Proof replay took 28.8ns 
8493       INFO  main            d.u.i.k.p.r.p.TestFile    ... finished proof: closed. 
8592       INFO  main            d.u.i.k.p.i.AbstractProblemLoader Loading environment from /home/runner/work/key/key/key.core/../key.ui/examples/heap/polarity_tests/wellformed1.key.proof 
8592       DEBUG main            d.u.i.k.p.i.AbstractProblemLoader Environment load took 146.8ns 
8601       INFO  main            d.u.i.k.p.i.AbstractProblemLoader Creating init config 
11310      DEBUG main            d.u.i.k.p.i.AbstractProblemLoader Init config took 2.71s 
11342      INFO  main            d.u.i.k.p.i.AbstractProblemLoader Replaying proof wellformed1.key.proof 
11349      DEBUG main            d.u.i.k.p.i.IntermediateProofReplayer Proof replay took 2.15ms 
11360      DEBUG main            d.u.i.k.p.r.p.TestFile    ... success: reloaded. 
11361      INFO  main            d.u.i.k.p.r.p.TestFile    Now processing file /home/runner/work/key/key/key.core/../key.ui/examples/heap/polarity_tests/wellformed2.key 
11362      INFO  main            d.u.i.k.p.i.AbstractProblemLoader Loading environment from /home/runner/work/key/key/key.core/../key.ui/examples/heap/polarity_tests/wellformed2.key 
11362      DEBUG main            d.u.i.k.p.i.AbstractProblemLoader Environment load took 261.5ns 
11364      INFO  main            d.u.i.k.p.i.AbstractProblemLoader Creating init config 
13869      DEBUG main            d.u.i.k.p.i.AbstractProblemLoader Init config took 2.51s 
13899      INFO  main            d.u.i.k.p.i.AbstractProblemLoader Replaying proof wellformed2.key 
13902      DEBUG main            d.u.i.k.p.i.IntermediateProofReplayer Proof replay took 6ns 
14006      INFO  main            d.u.i.k.p.r.p.TestFile    ... finished proof: open goal(s) 
14137      INFO  main            d.u.i.k.p.r.p.TestFile    Now processing file /home/runner/work/key/key/key.core/../key.ui/examples/heap/polarity_tests/wellformed3.key 
14138      INFO  main            d.u.i.k.p.i.AbstractProblemLoader Loading environment from /home/runner/work/key/key/key.core/../key.ui/examples/heap/polarity_tests/wellformed3.key 
14138      DEBUG main            d.u.i.k.p.i.AbstractProblemLoader Environment load took 83.9ns 
14139      INFO  main            d.u.i.k.p.i.AbstractProblemLoader Creating init config 
16575      DEBUG main            d.u.i.k.p.i.AbstractProblemLoader Init config took 2.44s 
16602      INFO  main            d.u.i.k.p.i.AbstractProblemLoader Replaying proof wellformed3.key 
16607      DEBUG main            d.u.i.k.p.i.IntermediateProofReplayer Proof replay took 5.9ns 
16710      INFO  main            d.u.i.k.p.r.p.TestFile    ... finished proof: closed. 
16824      INFO  main            d.u.i.k.p.i.AbstractProblemLoader Loading environment from /home/runner/work/key/key/key.core/../key.ui/examples/heap/polarity_tests/wellformed3.key.proof 
16824      DEBUG main            d.u.i.k.p.i.AbstractProblemLoader Environment load took 135.6ns 
16827      INFO  main            d.u.i.k.p.i.AbstractProblemLoader Creating init config 
19264      DEBUG main            d.u.i.k.p.i.AbstractProblemLoader Init config took 2.44s 
19286      INFO  main            d.u.i.k.p.i.AbstractProblemLoader Replaying proof wellformed3.key.proof 
19292      DEBUG main            d.u.i.k.p.i.IntermediateProofReplayer Proof replay took 2.6ms 
19293      DEBUG main            d.u.i.k.p.r.p.TestFile    ... success: reloaded. 
19294      INFO  main            d.u.i.k.p.r.p.TestFile    Now processing file /home/runner/work/key/key/key.core/../key.ui/examples/heap/polarity_tests/wellformed4.key 
19295      INFO  main            d.u.i.k.p.i.AbstractProblemLoader Loading environment from /home/runner/work/key/key/key.core/../key.ui/examples/heap/polarity_tests/wellformed4.key 
19295      DEBUG main            d.u.i.k.p.i.AbstractProblemLoader Environment load took 253.1ns 
19296      INFO  main            d.u.i.k.p.i.AbstractProblemLoader Creating init config 
21710      DEBUG main            d.u.i.k.p.i.AbstractProblemLoader Init config took 2.41s 
21730      INFO  main            d.u.i.k.p.i.AbstractProblemLoader Replaying proof wellformed4.key 
21731      DEBUG main            d.u.i.k.p.i.IntermediateProofReplayer Proof replay took 5.1ns 
21834      INFO  main            d.u.i.k.p.r.p.TestFile    ... finished proof: open goal(s) 
21965      INFO  main            d.u.i.k.p.r.p.TestFile    Now processing file /home/runner/work/key/key/key.core/../key.ui/examples/heap/polarity_tests/wellformed5.key 
21965      INFO  main            d.u.i.k.p.i.AbstractProblemLoader Loading environment from /home/runner/work/key/key/key.core/../key.ui/examples/heap/polarity_tests/wellformed5.key 
21965      DEBUG main            d.u.i.k.p.i.AbstractProblemLoader Environment load took 65.7ns 
21968      INFO  main            d.u.i.k.p.i.AbstractProblemLoader Creating init config 
24413      DEBUG main            d.u.i.k.p.i.AbstractProblemLoader Init config took 2.44s 
24437      INFO  main            d.u.i.k.p.i.AbstractProblemLoader Replaying proof wellformed5.key 
24440      DEBUG main            d.u.i.k.p.i.IntermediateProofReplayer Proof replay took 6.8ns 
24542      INFO  main            d.u.i.k.p.r.p.TestFile    ... finished proof: closed. 
24666      INFO  main            d.u.i.k.p.i.AbstractProblemLoader Loading environment from /home/runner/work/key/key/key.core/../key.ui/examples/heap/polarity_tests/wellformed5.key.proof 
24666      DEBUG main            d.u.i.k.p.i.AbstractProblemLoader Environment load took 126.7ns 
24667      INFO  main            d.u.i.k.p.i.AbstractProblemLoader Creating init config 
27114      DEBUG main            d.u.i.k.p.i.AbstractProblemLoader Init config took 2.45s 
27133      INFO  main            d.u.i.k.p.i.AbstractProblemLoader Replaying proof wellformed5.key.proof 
27135      DEBUG main            d.u.i.k.p.i.IntermediateProofReplayer Proof replay took 886.4ns 
27136      DEBUG main            d.u.i.k.p.r.p.TestFile    ... success: reloaded. 
27137      INFO  main            d.u.i.k.p.r.p.TestFile    Now processing file /home/runner/work/key/key/key.core/../key.ui/examples/heap/polarity_tests/wellformed6.key 
27137      INFO  main            d.u.i.k.p.i.AbstractProblemLoader Loading environment from /home/runner/work/key/key/key.core/../key.ui/examples/heap/polarity_tests/wellformed6.key 
27137      DEBUG main            d.u.i.k.p.i.AbstractProblemLoader Environment load took 112.2ns 
27138      INFO  main            d.u.i.k.p.i.AbstractProblemLoader Creating init config 
29558      DEBUG main            d.u.i.k.p.i.AbstractProblemLoader Init config took 2.42s 
29587      INFO  main            d.u.i.k.p.i.AbstractProblemLoader Replaying proof wellformed6.key 
29588      DEBUG main            d.u.i.k.p.i.IntermediateProofReplayer Proof replay took 6.5ns 
29690      INFO  main            d.u.i.k.p.r.p.TestFile    ... finished proof: open goal(s) 
29822      INFO  main            d.u.i.k.p.r.p.TestFile    Now processing file /home/runner/work/key/key/key.core/../key.ui/examples/heap/polarity_tests/wellformed7.key 
29822      INFO  main            d.u.i.k.p.i.AbstractProblemLoader Loading environment from /home/runner/work/key/key/key.core/../key.ui/examples/heap/polarity_tests/wellformed7.key 
29823      DEBUG main            d.u.i.k.p.i.AbstractProblemLoader Environment load took 64.6ns 
29824      INFO  main            d.u.i.k.p.i.AbstractProblemLoader Creating init config 
32169      DEBUG main            d.u.i.k.p.i.AbstractProblemLoader Init config took 2.34s 
32190      INFO  main            d.u.i.k.p.i.AbstractProblemLoader Replaying proof wellformed7.key 
32193      DEBUG main            d.u.i.k.p.i.IntermediateProofReplayer Proof replay took 5.5ns 
32296      INFO  main            d.u.i.k.p.r.p.TestFile    ... finished proof: closed. 
32429      INFO  main            d.u.i.k.p.i.AbstractProblemLoader Loading environment from /home/runner/work/key/key/key.core/../key.ui/examples/heap/polarity_tests/wellformed7.key.proof 
32429      DEBUG main            d.u.i.k.p.i.AbstractProblemLoader Environment load took 114.5ns 
32431      INFO  main            d.u.i.k.p.i.AbstractProblemLoader Creating init config 
34824      DEBUG main            d.u.i.k.p.i.AbstractProblemLoader Init config took 2.39s 
34844      INFO  main            d.u.i.k.p.i.AbstractProblemLoader Replaying proof wellformed7.key.proof 
34848      DEBUG main            d.u.i.k.p.i.IntermediateProofReplayer Proof replay took 1.76ms 
34849      DEBUG main            d.u.i.k.p.r.p.TestFile    ... success: reloaded. 
34850      INFO  main            d.u.i.k.p.r.p.TestFile    Now processing file /home/runner/work/key/key/key.core/../key.ui/examples/heap/polarity_tests/wellformed8.key 
34850      INFO  main            d.u.i.k.p.i.AbstractProblemLoader Loading environment from /home/runner/work/key/key/key.core/../key.ui/examples/heap/polarity_tests/wellformed8.key 
34850      DEBUG main            d.u.i.k.p.i.AbstractProblemLoader Environment load took 225.5ns 
34851      INFO  main            d.u.i.k.p.i.AbstractProblemLoader Creating init config 
37241      DEBUG main            d.u.i.k.p.i.AbstractProblemLoader Init config took 2.39s 
37259      INFO  main            d.u.i.k.p.i.AbstractProblemLoader Replaying proof wellformed8.key 
37260      DEBUG main            d.u.i.k.p.i.IntermediateProofReplayer Proof replay took 7.2ns 
37363      INFO  main            d.u.i.k.p.r.p.TestFile    ... finished proof: open goal(s) 
37524      INFO  main            d.u.i.k.p.r.p.TestFile    Now processing file /home/runner/work/key/key/key.core/../key.ui/examples/heap/polarity_tests/wellformed9.key 
37525      INFO  main            d.u.i.k.p.i.AbstractProblemLoader Loading environment from /home/runner/work/key/key/key.core/../key.ui/examples/heap/polarity_tests/wellformed9.key 
37525      DEBUG main            d.u.i.k.p.i.AbstractProblemLoader Environment load took 67.3ns 
37526      INFO  main            d.u.i.k.p.i.AbstractProblemLoader Creating init config 
39861      DEBUG main            d.u.i.k.p.i.AbstractProblemLoader Init config took 2.33s 
39879      INFO  main            d.u.i.k.p.i.AbstractProblemLoader Replaying proof wellformed9.key 
39882      DEBUG main            d.u.i.k.p.i.IntermediateProofReplayer Proof replay took 24.7ns 
39984      INFO  main            d.u.i.k.p.r.p.TestFile    ... finished proof: closed. 
40134      INFO  main            d.u.i.k.p.i.AbstractProblemLoader Loading environment from /home/runner/work/key/key/key.core/../key.ui/examples/heap/polarity_tests/wellformed9.key.proof 
40135      DEBUG main            d.u.i.k.p.i.AbstractProblemLoader Environment load took 121.6ns 
40136      INFO  main            d.u.i.k.p.i.AbstractProblemLoader Creating init config 
42477      DEBUG main            d.u.i.k.p.i.AbstractProblemLoader Init config took 2.34s 
42491      INFO  main            d.u.i.k.p.i.AbstractProblemLoader Replaying proof wellformed9.key.proof 
42494      DEBUG main            d.u.i.k.p.i.IntermediateProofReplayer Proof replay took 1.25ms 
42495      DEBUG main            d.u.i.k.p.r.p.TestFile    ... success: reloaded. 
42496      INFO  main            d.u.i.k.p.r.p.TestFile    Now processing file /home/runner/work/key/key/key.core/../key.ui/examples/heap/polarity_tests/wellformed10.key 
42496      INFO  main            d.u.i.k.p.i.AbstractProblemLoader Loading environment from /home/runner/work/key/key/key.core/../key.ui/examples/heap/polarity_tests/wellformed10.key 
42496      DEBUG main            d.u.i.k.p.i.AbstractProblemLoader Environment load took 111.4ns 
42497      INFO  main            d.u.i.k.p.i.AbstractProblemLoader Creating init config 
44853      DEBUG main            d.u.i.k.p.i.AbstractProblemLoader Init config took 2.36s 
44868      INFO  main            d.u.i.k.p.i.AbstractProblemLoader Replaying proof wellformed10.key 
44869      DEBUG main            d.u.i.k.p.i.IntermediateProofReplayer Proof replay took 6.7ns 
44975      INFO  main            d.u.i.k.p.r.p.TestFile    ... finished proof: open goal(s) 
45132      INFO  main            d.u.i.k.p.r.p.TestFile    Now processing file /home/runner/work/key/key/key.core/../key.ui/examples/heap/polarity_tests/wellformed11.key 
45132      INFO  main            d.u.i.k.p.i.AbstractProblemLoader Loading environment from /home/runner/work/key/key/key.core/../key.ui/examples/heap/polarity_tests/wellformed11.key 
45132      DEBUG main            d.u.i.k.p.i.AbstractProblemLoader Environment load took 68ns 
45134      INFO  main            d.u.i.k.p.i.AbstractProblemLoader Creating init config 
47491      DEBUG main            d.u.i.k.p.i.AbstractProblemLoader Init config took 2.36s 
47505      INFO  main            d.u.i.k.p.i.AbstractProblemLoader Replaying proof wellformed11.key 
47510      DEBUG main            d.u.i.k.p.i.IntermediateProofReplayer Proof replay took 6.6ns 
47614      INFO  main            d.u.i.k.p.r.p.TestFile    ... finished proof: open goal(s) 
486632     INFO  Test worker     d.u.i.k.p.r.RunAllProofsTestUnit Returning from test applicationRestrictions 
486634     INFO  Test worker     d.u.i.k.p.r.RunAllProofsTestUnit Running test blockContracts 
359        INFO  Timeout watchdog d.u.i.k.p.r.p.ForkedTestFileRunner Timeout watcher launched (2000 secs.) 
372        WARN  main            d.u.i.k.s.ProofSettings   The settings in /home/runner/.key/proof-settings.props are *not* read. 
416        INFO  main            d.u.i.k.p.r.p.TestFile    Now processing file /home/runner/work/key/key/key.core/../key.ui/examples/heap/block_contracts/Simple__add.key 
532        INFO  main            d.u.i.k.p.i.AbstractProblemLoader Loading environment from /home/runner/work/key/key/key.core/../key.ui/examples/heap/block_contracts/Simple__add.key 
553        DEBUG main            d.u.i.k.p.i.AbstractProblemLoader Environment load took 2.68ms 
792        INFO  main            d.u.i.k.p.i.AbstractProblemLoader Creating init config 
1904       DEBUG main            d.u.i.k.j.TypeConverter   No LDT found for Meta 
1905       DEBUG main            d.u.i.k.j.TypeConverter   No LDT found for Meta 
1907       DEBUG main            d.u.i.k.j.TypeConverter   No LDT found for Meta 
1908       DEBUG main            d.u.i.k.j.TypeConverter   No LDT found for Meta 
3430       DEBUG main            d.u.i.k.j.TypeConverter   No LDT found for JavaBigintExpression 
9029       DEBUG main            d.u.i.k.p.i.AbstractProblemLoader Init config took 8.24s 
9217       INFO  main            d.u.i.k.p.i.AbstractProblemLoader Replaying proof Simple[Simple::add(int,int)].JML operation contract.0 
9290       DEBUG main            d.u.i.k.p.i.IntermediateProofReplayer Proof replay took 323.6ns 
10118      INFO  main            d.u.i.k.p.r.p.TestFile    ... finished proof: closed. 
10232      INFO  main            d.u.i.k.p.i.AbstractProblemLoader Loading environment from /home/runner/work/key/key/key.core/../key.ui/examples/heap/block_contracts/Simple__add.key.proof 
10233      DEBUG main            d.u.i.k.p.i.AbstractProblemLoader Environment load took 1.15ms 
10237      INFO  main            d.u.i.k.p.i.AbstractProblemLoader Creating init config 
13607      DEBUG main            d.u.i.k.p.i.AbstractProblemLoader Init config took 3.37s 
13687      INFO  main            d.u.i.k.p.i.AbstractProblemLoader Replaying proof Simple[Simple::add(int,int)].JML operation contract.0 
13765      DEBUG main            d.u.i.k.p.i.IntermediateProofReplayer Proof replay took 73.07ms 
13774      DEBUG main            d.u.i.k.p.r.p.TestFile    ... success: reloaded. 
13776      INFO  main            d.u.i.k.p.r.p.TestFile    Now processing file /home/runner/work/key/key/key.core/../key.ui/examples/heap/block_contracts/Simple__addAbsoluteValues.key 
13776      INFO  main            d.u.i.k.p.i.AbstractProblemLoader Loading environment from /home/runner/work/key/key/key.core/../key.ui/examples/heap/block_contracts/Simple__addAbsoluteValues.key 
13777      DEBUG main            d.u.i.k.p.i.AbstractProblemLoader Environment load took 277.2ns 
13778      INFO  main            d.u.i.k.p.i.AbstractProblemLoader Creating init config 
16918      DEBUG main            d.u.i.k.p.i.AbstractProblemLoader Init config took 3.14s 
16975      INFO  main            d.u.i.k.p.i.AbstractProblemLoader Replaying proof Simple[Simple::addAbsoluteValues(int,int)].JML normal_behavior operation contract.0 
16980      DEBUG main            d.u.i.k.p.i.IntermediateProofReplayer Proof replay took 13.1ns 
18199      INFO  main            d.u.i.k.p.r.p.TestFile    ... finished proof: closed. 
18369      INFO  main            d.u.i.k.p.i.AbstractProblemLoader Loading environment from /home/runner/work/key/key/key.core/../key.ui/examples/heap/block_contracts/Simple__addAbsoluteValues.key.proof 
18373      DEBUG main            d.u.i.k.p.i.AbstractProblemLoader Environment load took 4.32ms 
18376      INFO  main            d.u.i.k.p.i.AbstractProblemLoader Creating init config 
21317      DEBUG main            d.u.i.k.p.i.AbstractProblemLoader Init config took 2.94s 
21386      INFO  main            d.u.i.k.p.i.AbstractProblemLoader Replaying proof Simple[Simple::addAbsoluteValues(int,int)].JML normal_behavior operation contract.0 
21567      DEBUG main            d.u.i.k.p.i.IntermediateProofReplayer Proof replay took 173.49ms 
21569      DEBUG main            d.u.i.k.p.r.p.TestFile    ... success: reloaded. 
21571      INFO  main            d.u.i.k.p.r.p.TestFile    Now processing file /home/runner/work/key/key/key.core/../key.ui/examples/heap/block_contracts/Simple__addWithJump.key 
21571      INFO  main            d.u.i.k.p.i.AbstractProblemLoader Loading environment from /home/runner/work/key/key/key.core/../key.ui/examples/heap/block_contracts/Simple__addWithJump.key 
21571      DEBUG main            d.u.i.k.p.i.AbstractProblemLoader Environment load took 193.1ns 
21573      INFO  main            d.u.i.k.p.i.AbstractProblemLoader Creating init config 
24902      DEBUG main            d.u.i.k.p.i.AbstractProblemLoader Init config took 3.33s 
24954      INFO  main            d.u.i.k.p.i.AbstractProblemLoader Replaying proof Simple[Simple::addWithJump(int,int,int)].JML operation contract.0 
24956      DEBUG main            d.u.i.k.p.i.IntermediateProofReplayer Proof replay took 39ns 
25161      INFO  main            d.u.i.k.p.r.p.TestFile    ... finished proof: closed. 
25344      INFO  main            d.u.i.k.p.i.AbstractProblemLoader Loading environment from /home/runner/work/key/key/key.core/../key.ui/examples/heap/block_contracts/Simple__addWithJump.key.proof 
25345      DEBUG main            d.u.i.k.p.i.AbstractProblemLoader Environment load took 127.4ns 
25346      INFO  main            d.u.i.k.p.i.AbstractProblemLoader Creating init config 
28378      DEBUG main            d.u.i.k.p.i.AbstractProblemLoader Init config took 3.03s 
28427      INFO  main            d.u.i.k.p.i.AbstractProblemLoader Replaying proof Simple[Simple::addWithJump(int,int,int)].JML operation contract.0 
28467      DEBUG main            d.u.i.k.p.i.IntermediateProofReplayer Proof replay took 37.09ms 
28468      DEBUG main            d.u.i.k.p.r.p.TestFile    ... success: reloaded. 
28469      INFO  main            d.u.i.k.p.r.p.TestFile    Now processing file /home/runner/work/key/key/key.core/../key.ui/examples/heap/block_contracts/Simple__addWithTwoBlockContracts.key 
28469      INFO  main            d.u.i.k.p.i.AbstractProblemLoader Loading environment from /home/runner/work/key/key/key.core/../key.ui/examples/heap/block_contracts/Simple__addWithTwoBlockContracts.key 
28469      DEBUG main            d.u.i.k.p.i.AbstractProblemLoader Environment load took 72.7ns 
28471      INFO  main            d.u.i.k.p.i.AbstractProblemLoader Creating init config 
31471      DEBUG main            d.u.i.k.p.i.AbstractProblemLoader Init config took 3s 
31521      INFO  main            d.u.i.k.p.i.AbstractProblemLoader Replaying proof Simple[Simple::addWithTwoBlockContracts(int,int,int)].JML operation contract.0 
31523      DEBUG main            d.u.i.k.p.i.IntermediateProofReplayer Proof replay took 11.2ns 
31837      INFO  main            d.u.i.k.p.r.p.TestFile    ... finished proof: closed. 
32015      INFO  main            d.u.i.k.p.i.AbstractProblemLoader Loading environment from /home/runner/work/key/key/key.core/../key.ui/examples/heap/block_contracts/Simple__addWithTwoBlockContracts.key.proof 
32015      DEBUG main            d.u.i.k.p.i.AbstractProblemLoader Environment load took 127.5ns 
32016      INFO  main            d.u.i.k.p.i.AbstractProblemLoader Creating init config 
35002      DEBUG main            d.u.i.k.p.i.AbstractProblemLoader Init config took 2.99s 
35049      INFO  main            d.u.i.k.p.i.AbstractProblemLoader Replaying proof Simple[Simple::addWithTwoBlockContracts(int,int,int)].JML operation contract.0 
35107      DEBUG main            d.u.i.k.p.i.IntermediateProofReplayer Proof replay took 54.5ms 
35108      DEBUG main            d.u.i.k.p.r.p.TestFile    ... success: reloaded. 
35109      INFO  main            d.u.i.k.p.r.p.TestFile    Now processing file /home/runner/work/key/key/key.core/../key.ui/examples/heap/block_contracts/Simple__generateByteArray.key 
35109      INFO  main            d.u.i.k.p.i.AbstractProblemLoader Loading environment from /home/runner/work/key/key/key.core/../key.ui/examples/heap/block_contracts/Simple__generateByteArray.key 
35110      DEBUG main            d.u.i.k.p.i.AbstractProblemLoader Environment load took 206.2ns 
35111      INFO  main            d.u.i.k.p.i.AbstractProblemLoader Creating init config 
38164      DEBUG main            d.u.i.k.p.i.AbstractProblemLoader Init config took 3.05s 
38207      INFO  main            d.u.i.k.p.i.AbstractProblemLoader Replaying proof Simple[Simple::generateByteArray()].JML normal_behavior operation contract.0 
38209      DEBUG main            d.u.i.k.p.i.IntermediateProofReplayer Proof replay took 9.7ns 
39923      INFO  main            d.u.i.k.p.r.p.TestFile    ... finished proof: closed. 
40149      INFO  main            d.u.i.k.p.i.AbstractProblemLoader Loading environment from /home/runner/work/key/key/key.core/../key.ui/examples/heap/block_contracts/Simple__generateByteArray.key.proof 
40150      DEBUG main            d.u.i.k.p.i.AbstractProblemLoader Environment load took 525.2ns 
40151      INFO  main            d.u.i.k.p.i.AbstractProblemLoader Creating init config 
43090      DEBUG main            d.u.i.k.p.i.AbstractProblemLoader Init config took 2.94s 
43136      INFO  main            d.u.i.k.p.i.AbstractProblemLoader Replaying proof Simple[Simple::generateByteArray()].JML normal_behavior operation contract.0 
43370      DEBUG main            d.u.i.k.p.i.IntermediateProofReplayer Proof replay took 219.81ms 
43371      DEBUG main            d.u.i.k.p.r.p.TestFile    ... success: reloaded. 
43372      INFO  main            d.u.i.k.p.r.p.TestFile    Now processing file /home/runner/work/key/key/key.core/../key.ui/examples/heap/block_contracts/Simple__getLength.key 
43373      INFO  main            d.u.i.k.p.i.AbstractProblemLoader Loading environment from /home/runner/work/key/key/key.core/../key.ui/examples/heap/block_contracts/Simple__getLength.key 
43373      DEBUG main            d.u.i.k.p.i.AbstractProblemLoader Environment load took 253.5ns 
43374      INFO  main            d.u.i.k.p.i.AbstractProblemLoader Creating init config 
46351      DEBUG main            d.u.i.k.p.i.AbstractProblemLoader Init config took 2.98s 
46396      INFO  main            d.u.i.k.p.i.AbstractProblemLoader Replaying proof Simple[Simple::getLength()].JML normal_behavior operation contract.0 
46398      DEBUG main            d.u.i.k.p.i.IntermediateProofReplayer Proof replay took 11.3ns 
46509      INFO  main            d.u.i.k.p.r.p.TestFile    ... finished proof: closed. 
46732      INFO  main            d.u.i.k.p.i.AbstractProblemLoader Loading environment from /home/runner/work/key/key/key.core/../key.ui/examples/heap/block_contracts/Simple__getLength.key.proof 
46732      DEBUG main            d.u.i.k.p.i.AbstractProblemLoader Environment load took 126.1ns 
46733      INFO  main            d.u.i.k.p.i.AbstractProblemLoader Creating init config 
49624      DEBUG main            d.u.i.k.p.i.AbstractProblemLoader Init config took 2.89s 
49667      INFO  main            d.u.i.k.p.i.AbstractProblemLoader Replaying proof Simple[Simple::getLength()].JML normal_behavior operation contract.0 
49675      DEBUG main            d.u.i.k.p.i.IntermediateProofReplayer Proof replay took 6.54ms 
49676      DEBUG main            d.u.i.k.p.r.p.TestFile    ... success: reloaded. 
49678      INFO  main            d.u.i.k.p.r.p.TestFile    Now processing file /home/runner/work/key/key/key.core/../key.ui/examples/heap/block_contracts/Simple__square.key 
49678      INFO  main            d.u.i.k.p.i.AbstractProblemLoader Loading environment from /home/runner/work/key/key/key.core/../key.ui/examples/heap/block_contracts/Simple__square.key 
49678      DEBUG main            d.u.i.k.p.i.AbstractProblemLoader Environment load took 108ns 
49679      INFO  main            d.u.i.k.p.i.AbstractProblemLoader Creating init config 
52550      DEBUG main            d.u.i.k.p.i.AbstractProblemLoader Init config took 2.87s 
52598      INFO  main            d.u.i.k.p.i.AbstractProblemLoader Replaying proof Simple[Simple::square(int)].JML operation contract.0 
52601      DEBUG main            d.u.i.k.p.i.IntermediateProofReplayer Proof replay took 25ns 
53004      INFO  main            d.u.i.k.p.r.p.TestFile    ... finished proof: closed. 
53204      INFO  main            d.u.i.k.p.i.AbstractProblemLoader Loading environment from /home/runner/work/key/key/key.core/../key.ui/examples/heap/block_contracts/Simple__square.key.proof 
53204      DEBUG main            d.u.i.k.p.i.AbstractProblemLoader Environment load took 119.1ns 
53205      INFO  main            d.u.i.k.p.i.AbstractProblemLoader Creating init config 
56099      DEBUG main            d.u.i.k.p.i.AbstractProblemLoader Init config took 2.89s 
56148      INFO  main            d.u.i.k.p.i.AbstractProblemLoader Replaying proof Simple[Simple::square(int)].JML operation contract.0 
56233      DEBUG main            d.u.i.k.p.i.IntermediateProofReplayer Proof replay took 79.85ms 
56234      DEBUG main            d.u.i.k.p.r.p.TestFile    ... success: reloaded. 
56236      INFO  main            d.u.i.k.p.r.p.TestFile    Now processing file /home/runner/work/key/key/key.core/../key.ui/examples/heap/block_contracts/Simple__unnecessaryBlockContract.key 
56236      INFO  main            d.u.i.k.p.i.AbstractProblemLoader Loading environment from /home/runner/work/key/key/key.core/../key.ui/examples/heap/block_contracts/Simple__unnecessaryBlockContract.key 
56236      DEBUG main            d.u.i.k.p.i.AbstractProblemLoader Environment load took 220.3ns 
56237      INFO  main            d.u.i.k.p.i.AbstractProblemLoader Creating init config 
59111      DEBUG main            d.u.i.k.p.i.AbstractProblemLoader Init config took 2.87s 
59155      INFO  main            d.u.i.k.p.i.AbstractProblemLoader Replaying proof Simple[Simple::unnecessaryBlockContract()].JML operation contract.0 
59158      DEBUG main            d.u.i.k.p.i.IntermediateProofReplayer Proof replay took 14.1ns 
59260      INFO  main            d.u.i.k.p.r.p.TestFile    ... finished proof: closed. 
59465      INFO  main            d.u.i.k.p.i.AbstractProblemLoader Loading environment from /home/runner/work/key/key/key.core/../key.ui/examples/heap/block_contracts/Simple__unnecessaryBlockContract.key.proof 
59466      DEBUG main            d.u.i.k.p.i.AbstractProblemLoader Environment load took 138.3ns 
59466      INFO  main            d.u.i.k.p.i.AbstractProblemLoader Creating init config 
62280      DEBUG main            d.u.i.k.p.i.AbstractProblemLoader Init config took 2.81s 
62322      INFO  main            d.u.i.k.p.i.AbstractProblemLoader Replaying proof Simple[Simple::unnecessaryBlockContract()].JML operation contract.0 
62358      DEBUG main            d.u.i.k.p.i.IntermediateProofReplayer Proof replay took 33.75ms 
62359      DEBUG main            d.u.i.k.p.r.p.TestFile    ... success: reloaded. 
62361      INFO  main            d.u.i.k.p.r.p.TestFile    Now processing file /home/runner/work/key/key/key.core/../key.ui/examples/heap/block_contracts/Simple__unnecessaryLoopInvariant.key 
62361      INFO  main            d.u.i.k.p.i.AbstractProblemLoader Loading environment from /home/runner/work/key/key/key.core/../key.ui/examples/heap/block_contracts/Simple__unnecessaryLoopInvariant.key 
62361      DEBUG main            d.u.i.k.p.i.AbstractProblemLoader Environment load took 108.5ns 
62362      INFO  main            d.u.i.k.p.i.AbstractProblemLoader Creating init config 
65282      DEBUG main            d.u.i.k.p.i.AbstractProblemLoader Init config took 2.92s 
65323      INFO  main            d.u.i.k.p.i.AbstractProblemLoader Replaying proof Simple[Simple::unnecessaryLoopInvariant()].JML operation contract.0 
65325      DEBUG main            d.u.i.k.p.i.IntermediateProofReplayer Proof replay took 11ns 
65427      INFO  main            d.u.i.k.p.r.p.TestFile    ... finished proof: closed. 
65634      INFO  main            d.u.i.k.p.i.AbstractProblemLoader Loading environment from /home/runner/work/key/key/key.core/../key.ui/examples/heap/block_contracts/Simple__unnecessaryLoopInvariant.key.proof 
65634      DEBUG main            d.u.i.k.p.i.AbstractProblemLoader Environment load took 124.5ns 
65636      INFO  main            d.u.i.k.p.i.AbstractProblemLoader Creating init config 
68502      DEBUG main            d.u.i.k.p.i.AbstractProblemLoader Init config took 2.87s 
68540      INFO  main            d.u.i.k.p.i.AbstractProblemLoader Replaying proof Simple[Simple::unnecessaryLoopInvariant()].JML operation contract.0 
68552      DEBUG main            d.u.i.k.p.i.IntermediateProofReplayer Proof replay took 9.88ms 
68553      DEBUG main            d.u.i.k.p.r.p.TestFile    ... success: reloaded. 
68554      INFO  main            d.u.i.k.p.r.p.TestFile    Now processing file /home/runner/work/key/key/key.core/../key.ui/examples/standard_key/java_dl/jml-assert/assert.key 
68555      INFO  main            d.u.i.k.p.i.AbstractProblemLoader Loading environment from /home/runner/work/key/key/key.core/../key.ui/examples/standard_key/java_dl/jml-assert/assert.key 
68555      DEBUG main            d.u.i.k.p.i.AbstractProblemLoader Environment load took 235.5ns 
68556      INFO  main            d.u.i.k.p.i.AbstractProblemLoader Creating init config 
71129      DEBUG main            d.u.i.k.p.i.AbstractProblemLoader Init config took 2.57s 
71166      INFO  main            d.u.i.k.p.i.AbstractProblemLoader Replaying proof Assert[Assert::createArray(int)].JML normal_behavior operation contract.0 
71168      DEBUG main            d.u.i.k.p.i.IntermediateProofReplayer Proof replay took 5.9ns 
71370      INFO  main            d.u.i.k.p.r.p.TestFile    ... finished proof: closed. 
71585      INFO  main            d.u.i.k.p.i.AbstractProblemLoader Loading environment from /home/runner/work/key/key/key.core/../key.ui/examples/standard_key/java_dl/jml-assert/assert.key.proof 
71586      DEBUG main            d.u.i.k.p.i.AbstractProblemLoader Environment load took 564.3ns 
71587      INFO  main            d.u.i.k.p.i.AbstractProblemLoader Creating init config 
74055      DEBUG main            d.u.i.k.p.i.AbstractProblemLoader Init config took 2.47s 
74095      INFO  main            d.u.i.k.p.i.AbstractProblemLoader Replaying proof Assert[Assert::createArray(int)].JML normal_behavior operation contract.0 
74155      DEBUG main            d.u.i.k.p.i.IntermediateProofReplayer Proof replay took 57.16ms 
74157      DEBUG main            d.u.i.k.p.r.p.TestFile    ... success: reloaded. 
74158      INFO  main            d.u.i.k.p.r.p.TestFile    Now processing file /home/runner/work/key/key/key.core/../key.ui/examples/standard_key/java_dl/jml-assert/assert_assume_order.key 
74159      INFO  main            d.u.i.k.p.i.AbstractProblemLoader Loading environment from /home/runner/work/key/key/key.core/../key.ui/examples/standard_key/java_dl/jml-assert/assert_assume_order.key 
74159      DEBUG main            d.u.i.k.p.i.AbstractProblemLoader Environment load took 236.6ns 
74160      INFO  main            d.u.i.k.p.i.AbstractProblemLoader Creating init config 
76724      DEBUG main            d.u.i.k.p.i.AbstractProblemLoader Init config took 2.56s 
76762      INFO  main            d.u.i.k.p.i.AbstractProblemLoader Replaying proof AssertAssume[AssertAssume::singleAssumeAssert(int)].JML normal_behavior operation contract.0 
76763      DEBUG main            d.u.i.k.p.i.IntermediateProofReplayer Proof replay took 6.8ns 
76869      INFO  main            d.u.i.k.p.r.p.TestFile    ... finished proof: closed. 
77066      INFO  main            d.u.i.k.p.i.AbstractProblemLoader Loading environment from /home/runner/work/key/key/key.core/../key.ui/examples/standard_key/java_dl/jml-assert/assert_assume_order.key.proof 
77066      DEBUG main            d.u.i.k.p.i.AbstractProblemLoader Environment load took 131.5ns 
77068      INFO  main            d.u.i.k.p.i.AbstractProblemLoader Creating init config 
79480      DEBUG main            d.u.i.k.p.i.AbstractProblemLoader Init config took 2.41s 
79516      INFO  main            d.u.i.k.p.i.AbstractProblemLoader Replaying proof AssertAssume[AssertAssume::singleAssumeAssert(int)].JML normal_behavior operation contract.0 
79527      DEBUG main            d.u.i.k.p.i.IntermediateProofReplayer Proof replay took 8.64ms 
79528      DEBUG main            d.u.i.k.p.r.p.TestFile    ... success: reloaded. 
79529      INFO  main            d.u.i.k.p.r.p.TestFile    Now processing file /home/runner/work/key/key/key.core/../key.ui/examples/heap/block_loop_contracts/SimpleVariants/sum_onBlock_external.key 
79530      INFO  main            d.u.i.k.p.i.AbstractProblemLoader Loading environment from /home/runner/work/key/key/key.core/../key.ui/examples/heap/block_loop_contracts/SimpleVariants/sum_onBlock_external.key 
79530      DEBUG main            d.u.i.k.p.i.AbstractProblemLoader Environment load took 204.2ns 
79531      INFO  main            d.u.i.k.p.i.AbstractProblemLoader Creating init config 
82238      DEBUG main            d.u.i.k.p.i.AbstractProblemLoader Init config took 2.71s 
82273      INFO  main            d.u.i.k.p.i.AbstractProblemLoader Replaying proof LoopContractExamplesAll[LoopContractExamplesAll::sum_loopContract_onBlock([I)].JML normal_behavior operation contract.0 
82275      DEBUG main            d.u.i.k.p.i.IntermediateProofReplayer Proof replay took 10.4ns 
82377      INFO  main            d.u.i.k.p.r.p.TestFile    ... finished proof: closed. 
82629      INFO  main            d.u.i.k.p.i.AbstractProblemLoader Loading environment from /home/runner/work/key/key/key.core/../key.ui/examples/heap/block_loop_contracts/SimpleVariants/sum_onBlock_external.key.proof 
82630      DEBUG main            d.u.i.k.p.i.AbstractProblemLoader Environment load took 208.3ns 
82631      INFO  main            d.u.i.k.p.i.AbstractProblemLoader Creating init config 
85327      DEBUG main            d.u.i.k.p.i.AbstractProblemLoader Init config took 2.7s 
85363      INFO  main            d.u.i.k.p.i.AbstractProblemLoader Replaying proof LoopContractExamplesAll[LoopContractExamplesAll::sum_loopContract_onBlock([I)].JML normal_behavior operation contract.0 
85397      DEBUG main            d.u.i.k.p.i.IntermediateProofReplayer Proof replay took 31.49ms 
85398      DEBUG main            d.u.i.k.p.r.p.TestFile    ... success: reloaded. 
85399      INFO  main            d.u.i.k.p.r.p.TestFile    Now processing file /home/runner/work/key/key/key.core/../key.ui/examples/heap/block_loop_contracts/SimpleVariants/sum_onBlock_internal.key 
85399      INFO  main            d.u.i.k.p.i.AbstractProblemLoader Loading environment from /home/runner/work/key/key/key.core/../key.ui/examples/heap/block_loop_contracts/SimpleVariants/sum_onBlock_internal.key 
85399      DEBUG main            d.u.i.k.p.i.AbstractProblemLoader Environment load took 64.9ns 
85400      INFO  main            d.u.i.k.p.i.AbstractProblemLoader Creating init config 
88109      DEBUG main            d.u.i.k.p.i.AbstractProblemLoader Init config took 2.71s 
88145      INFO  main            d.u.i.k.p.i.AbstractProblemLoader Replaying proof LoopContractExamplesAll[LoopContractExamplesAll::sum_loopContract_onBlock([I)].JML normal_behavior operation contract.0 
88148      DEBUG main            d.u.i.k.p.i.IntermediateProofReplayer Proof replay took 12.3ns 
88852      INFO  main            d.u.i.k.p.r.p.TestFile    ... finished proof: closed. 
89106      INFO  main            d.u.i.k.p.i.AbstractProblemLoader Loading environment from /home/runner/work/key/key/key.core/../key.ui/examples/heap/block_loop_contracts/SimpleVariants/sum_onBlock_internal.key.proof 
89107      DEBUG main            d.u.i.k.p.i.AbstractProblemLoader Environment load took 1.04ms 
89108      INFO  main            d.u.i.k.p.i.AbstractProblemLoader Creating init config 
91731      DEBUG main            d.u.i.k.p.i.AbstractProblemLoader Init config took 2.62s 
91765      INFO  main            d.u.i.k.p.i.AbstractProblemLoader Replaying proof LoopContractExamplesAll[LoopContractExamplesAll::sum_loopContract_onBlock([I)].JML normal_behavior operation contract.0 
91961      DEBUG main            d.u.i.k.p.i.IntermediateProofReplayer Proof replay took 192.41ms 
91962      DEBUG main            d.u.i.k.p.r.p.TestFile    ... success: reloaded. 
91963      INFO  main            d.u.i.k.p.r.p.TestFile    Now processing file /home/runner/work/key/key/key.core/../key.ui/examples/heap/block_loop_contracts/SimpleVariants/sum_onBlock_loop.key 
91963      INFO  main            d.u.i.k.p.i.AbstractProblemLoader Loading environment from /home/runner/work/key/key/key.core/../key.ui/examples/heap/block_loop_contracts/SimpleVariants/sum_onBlock_loop.key 
91963      DEBUG main            d.u.i.k.p.i.AbstractProblemLoader Environment load took 63.7ns 
91964      INFO  main            d.u.i.k.p.i.AbstractProblemLoader Creating init config 
94679      DEBUG main            d.u.i.k.p.i.AbstractProblemLoader Init config took 2.72s 
94716      INFO  main            d.u.i.k.p.i.AbstractProblemLoader Replaying proof LoopContractExamplesAll[LoopContractExamplesAll::sum_loopContract_onBlock([I)].JML normal_behavior loop contract.0 
94718      DEBUG main            d.u.i.k.p.i.IntermediateProofReplayer Proof replay took 10.6ns 
95521      INFO  main            d.u.i.k.p.r.p.TestFile    ... finished proof: closed. 
95789      INFO  main            d.u.i.k.p.i.AbstractProblemLoader Loading environment from /home/runner/work/key/key/key.core/../key.ui/examples/heap/block_loop_contracts/SimpleVariants/sum_onBlock_loop.key.proof 
95789      DEBUG main            d.u.i.k.p.i.AbstractProblemLoader Environment load took 114.1ns 
95790      INFO  main            d.u.i.k.p.i.AbstractProblemLoader Creating init config 
98399      DEBUG main            d.u.i.k.p.i.AbstractProblemLoader Init config took 2.61s 
98433      INFO  main            d.u.i.k.p.i.AbstractProblemLoader Replaying proof LoopContractExamplesAll[LoopContractExamplesAll::sum_loopContract_onBlock([I)].JML normal_behavior loop contract.0 
98639      DEBUG main            d.u.i.k.p.i.IntermediateProofReplayer Proof replay took 202.15ms 
98640      DEBUG main            d.u.i.k.p.r.p.TestFile    ... success: reloaded. 
98641      INFO  main            d.u.i.k.p.r.p.TestFile    Now processing file /home/runner/work/key/key/key.core/../key.ui/examples/heap/block_loop_contracts/SimpleVariants/sum_onLoop_external.key 
98642      INFO  main            d.u.i.k.p.i.AbstractProblemLoader Loading environment from /home/runner/work/key/key/key.core/../key.ui/examples/heap/block_loop_contracts/SimpleVariants/sum_onLoop_external.key 
98642      DEBUG main            d.u.i.k.p.i.AbstractProblemLoader Environment load took 272.9ns 
98643      INFO  main            d.u.i.k.p.i.AbstractProblemLoader Creating init config 
101325     DEBUG main            d.u.i.k.p.i.AbstractProblemLoader Init config took 2.68s 
101357     INFO  main            d.u.i.k.p.i.AbstractProblemLoader Replaying proof LoopContractExamplesAll[LoopContractExamplesAll::sum_loopContract_onLoop([I)].JML normal_behavior operation contract.0 
101359     DEBUG main            d.u.i.k.p.i.IntermediateProofReplayer Proof replay took 24ns 
101461     INFO  main            d.u.i.k.p.r.p.TestFile    ... finished proof: closed. 
101738     INFO  main            d.u.i.k.p.i.AbstractProblemLoader Loading environment from /home/runner/work/key/key/key.core/../key.ui/examples/heap/block_loop_contracts/SimpleVariants/sum_onLoop_external.key.proof 
101738     DEBUG main            d.u.i.k.p.i.AbstractProblemLoader Environment load took 114.9ns 
101739     INFO  main            d.u.i.k.p.i.AbstractProblemLoader Creating init config 
104312     DEBUG main            d.u.i.k.p.i.AbstractProblemLoader Init config took 2.57s 
104344     INFO  main            d.u.i.k.p.i.AbstractProblemLoader Replaying proof LoopContractExamplesAll[LoopContractExamplesAll::sum_loopContract_onLoop([I)].JML normal_behavior operation contract.0 
104372     DEBUG main            d.u.i.k.p.i.IntermediateProofReplayer Proof replay took 26.54ms 
104373     DEBUG main            d.u.i.k.p.r.p.TestFile    ... success: reloaded. 
104374     INFO  main            d.u.i.k.p.r.p.TestFile    Now processing file /home/runner/work/key/key/key.core/../key.ui/examples/heap/block_loop_contracts/SimpleVariants/sum_onLoop_internal.key 
104374     INFO  main            d.u.i.k.p.i.AbstractProblemLoader Loading environment from /home/runner/work/key/key/key.core/../key.ui/examples/heap/block_loop_contracts/SimpleVariants/sum_onLoop_internal.key 
104375     DEBUG main            d.u.i.k.p.i.AbstractProblemLoader Environment load took 119.6ns 
104376     INFO  main            d.u.i.k.p.i.AbstractProblemLoader Creating init config 
107090     DEBUG main            d.u.i.k.p.i.AbstractProblemLoader Init config took 2.71s 
107121     INFO  main            d.u.i.k.p.i.AbstractProblemLoader Replaying proof LoopContractExamplesAll[LoopContractExamplesAll::sum_loopContract_onLoop([I)].JML normal_behavior operation contract.0 
107123     DEBUG main            d.u.i.k.p.i.IntermediateProofReplayer Proof replay took 11.8ns 
107729     INFO  main            d.u.i.k.p.r.p.TestFile    ... finished proof: closed. 
108004     INFO  main            d.u.i.k.p.i.AbstractProblemLoader Loading environment from /home/runner/work/key/key/key.core/../key.ui/examples/heap/block_loop_contracts/SimpleVariants/sum_onLoop_internal.key.proof 
108004     DEBUG main            d.u.i.k.p.i.AbstractProblemLoader Environment load took 131.3ns 
108005     INFO  main            d.u.i.k.p.i.AbstractProblemLoader Creating init config 
110630     DEBUG main            d.u.i.k.p.i.AbstractProblemLoader Init config took 2.63s 
110678     INFO  main            d.u.i.k.p.i.AbstractProblemLoader Replaying proof LoopContractExamplesAll[LoopContractExamplesAll::sum_loopContract_onLoop([I)].JML normal_behavior operation contract.0 
110850     DEBUG main            d.u.i.k.p.i.IntermediateProofReplayer Proof replay took 167.07ms 
110851     DEBUG main            d.u.i.k.p.r.p.TestFile    ... success: reloaded. 
110852     INFO  main            d.u.i.k.p.r.p.TestFile    Now processing file /home/runner/work/key/key/key.core/../key.ui/examples/heap/block_loop_contracts/SimpleVariants/sum_onLoop_loop.key 
110853     INFO  main            d.u.i.k.p.i.AbstractProblemLoader Loading environment from /home/runner/work/key/key/key.core/../key.ui/examples/heap/block_loop_contracts/SimpleVariants/sum_onLoop_loop.key 
110853     DEBUG main            d.u.i.k.p.i.AbstractProblemLoader Environment load took 219.4ns 
110854     INFO  main            d.u.i.k.p.i.AbstractProblemLoader Creating init config 
113532     DEBUG main            d.u.i.k.p.i.AbstractProblemLoader Init config took 2.68s 
113567     INFO  main            d.u.i.k.p.i.AbstractProblemLoader Replaying proof LoopContractExamplesAll[LoopContractExamplesAll::sum_loopContract_onLoop([I)].JML normal_behavior loop contract.0 
113569     DEBUG main            d.u.i.k.p.i.IntermediateProofReplayer Proof replay took 12.9ns 
114282     INFO  main            d.u.i.k.p.r.p.TestFile    ... finished proof: closed. 
114564     INFO  main            d.u.i.k.p.i.AbstractProblemLoader Loading environment from /home/runner/work/key/key/key.core/../key.ui/examples/heap/block_loop_contracts/SimpleVariants/sum_onLoop_loop.key.proof 
114564     DEBUG main            d.u.i.k.p.i.AbstractProblemLoader Environment load took 555ns 
114565     INFO  main            d.u.i.k.p.i.AbstractProblemLoader Creating init config 
117107     DEBUG main            d.u.i.k.p.i.AbstractProblemLoader Init config took 2.54s 
117140     INFO  main            d.u.i.k.p.i.AbstractProblemLoader Replaying proof LoopContractExamplesAll[LoopContractExamplesAll::sum_loopContract_onLoop([I)].JML normal_behavior loop contract.0 
117325     DEBUG main            d.u.i.k.p.i.IntermediateProofReplayer Proof replay took 181.03ms 
117327     DEBUG main            d.u.i.k.p.r.p.TestFile    ... success: reloaded. 
117328     INFO  main            d.u.i.k.p.r.p.TestFile    Now processing file /home/runner/work/key/key/key.core/../key.ui/examples/heap/block_loop_contracts/Free/blockContracts0.key 
117328     INFO  main            d.u.i.k.p.i.AbstractProblemLoader Loading environment from /home/runner/work/key/key/key.core/../key.ui/examples/heap/block_loop_contracts/Free/blockContracts0.key 
117328     DEBUG main            d.u.i.k.p.i.AbstractProblemLoader Environment load took 111.4ns 
117329     INFO  main            d.u.i.k.p.i.AbstractProblemLoader Creating init config 
119721     DEBUG main            d.u.i.k.p.i.AbstractProblemLoader Init config took 2.39s 
119753     INFO  main            d.u.i.k.p.i.AbstractProblemLoader Replaying proof FreeConditions[FreeConditions::blockContract0()].JML normal_behavior operation contract.0 
119755     DEBUG main            d.u.i.k.p.i.IntermediateProofReplayer Proof replay took 11.5ns 
119857     INFO  main            d.u.i.k.p.r.p.TestFile    ... finished proof: closed. 
120144     INFO  main            d.u.i.k.p.i.AbstractProblemLoader Loading environment from /home/runner/work/key/key/key.core/../key.ui/examples/heap/block_loop_contracts/Free/blockContracts0.key.proof 
120144     DEBUG main            d.u.i.k.p.i.AbstractProblemLoader Environment load took 108.4ns 
120145     INFO  main            d.u.i.k.p.i.AbstractProblemLoader Creating init config 
122411     DEBUG main            d.u.i.k.p.i.AbstractProblemLoader Init config took 2.27s 
122443     INFO  main            d.u.i.k.p.i.AbstractProblemLoader Replaying proof FreeConditions[FreeConditions::blockContract0()].JML normal_behavior operation contract.0 
122463     DEBUG main            d.u.i.k.p.i.IntermediateProofReplayer Proof replay took 17.82ms 
122464     DEBUG main            d.u.i.k.p.r.p.TestFile    ... success: reloaded. 
122465     INFO  main            d.u.i.k.p.r.p.TestFile    Now processing file /home/runner/work/key/key/key.core/../key.ui/examples/heap/block_loop_contracts/Free/blockContracts1.key 
122465     INFO  main            d.u.i.k.p.i.AbstractProblemLoader Loading environment from /home/runner/work/key/key/key.core/../key.ui/examples/heap/block_loop_contracts/Free/blockContracts1.key 
122465     DEBUG main            d.u.i.k.p.i.AbstractProblemLoader Environment load took 127.1ns 
122466     INFO  main            d.u.i.k.p.i.AbstractProblemLoader Creating init config 
124812     DEBUG main            d.u.i.k.p.i.AbstractProblemLoader Init config took 2.35s 
124843     INFO  main            d.u.i.k.p.i.AbstractProblemLoader Replaying proof FreeConditions[FreeConditions::blockContract1()].JML normal_behavior operation contract.0 
124845     DEBUG main            d.u.i.k.p.i.IntermediateProofReplayer Proof replay took 11.9ns 
124946     INFO  main            d.u.i.k.p.r.p.TestFile    ... finished proof: closed. 
125262     INFO  main            d.u.i.k.p.i.AbstractProblemLoader Loading environment from /home/runner/work/key/key/key.core/../key.ui/examples/heap/block_loop_contracts/Free/blockContracts1.key.proof 
125262     DEBUG main            d.u.i.k.p.i.AbstractProblemLoader Environment load took 110.8ns 
125264     INFO  main            d.u.i.k.p.i.AbstractProblemLoader Creating init config 
127539     DEBUG main            d.u.i.k.p.i.AbstractProblemLoader Init config took 2.28s 
127574     INFO  main            d.u.i.k.p.i.AbstractProblemLoader Replaying proof FreeConditions[FreeConditions::blockContract1()].JML normal_behavior operation contract.0 
127596     DEBUG main            d.u.i.k.p.i.IntermediateProofReplayer Proof replay took 16.79ms 
127596     DEBUG main            d.u.i.k.p.r.p.TestFile    ... success: reloaded. 
127597     INFO  main            d.u.i.k.p.r.p.TestFile    Now processing file /home/runner/work/key/key/key.core/../key.ui/examples/heap/block_loop_contracts/Finally/block_finally.key 
127599     INFO  main            d.u.i.k.p.i.AbstractProblemLoader Loading environment from /home/runner/work/key/key/key.core/../key.ui/examples/heap/block_loop_contracts/Finally/block_finally.key 
127599     DEBUG main            d.u.i.k.p.i.AbstractProblemLoader Environment load took 103ns 
127600     INFO  main            d.u.i.k.p.i.AbstractProblemLoader Creating init config 
130131     DEBUG main            d.u.i.k.p.i.AbstractProblemLoader Init config took 2.53s 
130164     INFO  main            d.u.i.k.p.i.AbstractProblemLoader Replaying proof AuxiliaryContractsFinally[AuxiliaryContractsFinally::breakThrowContinueBlockContract(java.lang.Exception)].JML block contract.0 
130166     DEBUG main            d.u.i.k.p.i.IntermediateProofReplayer Proof replay took 11.4ns 
130670     INFO  main            d.u.i.k.p.r.p.TestFile    ... finished proof: open goal(s) 
130979     INFO  main            d.u.i.k.p.r.p.TestFile    Now processing file /home/runner/work/key/key/key.core/../key.ui/examples/heap/block_loop_contracts/Finally/loop_finally.key 
130980     INFO  main            d.u.i.k.p.i.AbstractProblemLoader Loading environment from /home/runner/work/key/key/key.core/../key.ui/examples/heap/block_loop_contracts/Finally/loop_finally.key 
130980     DEBUG main            d.u.i.k.p.i.AbstractProblemLoader Environment load took 73ns 
130981     INFO  main            d.u.i.k.p.i.AbstractProblemLoader Creating init config 
133309     DEBUG main            d.u.i.k.p.i.AbstractProblemLoader Init config took 2.33s 
133344     INFO  main            d.u.i.k.p.i.AbstractProblemLoader Replaying proof AuxiliaryContractsFinally[AuxiliaryContractsFinally::breakThrowContinueLoopContract(java.lang.Exception)].JML normal_behavior loop contract.0 
133346     DEBUG main            d.u.i.k.p.i.IntermediateProofReplayer Proof replay took 11.3ns 
133955     INFO  main            d.u.i.k.p.r.p.TestFile    ... finished proof: open goal(s) 
621086     INFO  Test worker     d.u.i.k.p.r.RunAllProofsTestUnit Returning from test blockContracts 
621087     INFO  Test worker     d.u.i.k.p.r.RunAllProofsTestUnit Running test jmlAsserts 
352        INFO  Timeout watchdog d.u.i.k.p.r.p.ForkedTestFileRunner Timeout watcher launched (2000 secs.) 
358        WARN  main            d.u.i.k.s.ProofSettings   The settings in /home/runner/.key/proof-settings.props are *not* read. 
417        INFO  main            d.u.i.k.p.r.p.TestFile    Now processing file /home/runner/work/key/key/key.core/../key.ui/examples/standard_key/java_dl/jml-assert/assert.key 
546        INFO  main            d.u.i.k.p.i.AbstractProblemLoader Loading environment from /home/runner/work/key/key/key.core/../key.ui/examples/standard_key/java_dl/jml-assert/assert.key 
562        DEBUG main            d.u.i.k.p.i.AbstractProblemLoader Environment load took 2.12ms 
774        INFO  main            d.u.i.k.p.i.AbstractProblemLoader Creating init config 
1810       DEBUG main            d.u.i.k.j.TypeConverter   No LDT found for Meta 
1810       DEBUG main            d.u.i.k.j.TypeConverter   No LDT found for Meta 
1814       DEBUG main            d.u.i.k.j.TypeConverter   No LDT found for Meta 
1814       DEBUG main            d.u.i.k.j.TypeConverter   No LDT found for Meta 
3176       DEBUG main            d.u.i.k.j.TypeConverter   No LDT found for JavaBigintExpression 
8117       DEBUG main            d.u.i.k.p.i.AbstractProblemLoader Init config took 7.34s 
8249       INFO  main            d.u.i.k.p.i.AbstractProblemLoader Replaying proof Assert[Assert::createArray(int)].JML normal_behavior operation contract.0 
8285       DEBUG main            d.u.i.k.p.i.IntermediateProofReplayer Proof replay took 29.3ns 
9246       INFO  main            d.u.i.k.p.r.p.TestFile    ... finished proof: closed. 
9360       INFO  main            d.u.i.k.p.i.AbstractProblemLoader Loading environment from /home/runner/work/key/key/key.core/../key.ui/examples/standard_key/java_dl/jml-assert/assert.key.proof 
9360       DEBUG main            d.u.i.k.p.i.AbstractProblemLoader Environment load took 151ns 
9366       INFO  main            d.u.i.k.p.i.AbstractProblemLoader Creating init config 
12131      DEBUG main            d.u.i.k.p.i.AbstractProblemLoader Init config took 2.76s 
12207      INFO  main            d.u.i.k.p.i.AbstractProblemLoader Replaying proof Assert[Assert::createArray(int)].JML normal_behavior operation contract.0 
12293      DEBUG main            d.u.i.k.p.i.IntermediateProofReplayer Proof replay took 79.6ms 
12300      DEBUG main            d.u.i.k.p.r.p.TestFile    ... success: reloaded. 
12302      INFO  main            d.u.i.k.p.r.p.TestFile    Now processing file /home/runner/work/key/key/key.core/../key.ui/examples/heap/block_loop_contracts/Free/assertions0.key 
12303      INFO  main            d.u.i.k.p.i.AbstractProblemLoader Loading environment from /home/runner/work/key/key/key.core/../key.ui/examples/heap/block_loop_contracts/Free/assertions0.key 
12304      DEBUG main            d.u.i.k.p.i.AbstractProblemLoader Environment load took 1.34ms 
12306      INFO  main            d.u.i.k.p.i.AbstractProblemLoader Creating init config 
15110      DEBUG main            d.u.i.k.p.i.AbstractProblemLoader Init config took 2.8s 
15177      INFO  main            d.u.i.k.p.i.AbstractProblemLoader Replaying proof FreeConditions[FreeConditions::assertions0()].JML normal_behavior operation contract.0 
15181      DEBUG main            d.u.i.k.p.i.IntermediateProofReplayer Proof replay took 12.4ns 
15284      INFO  main            d.u.i.k.p.r.p.TestFile    ... finished proof: closed. 
15407      INFO  main            d.u.i.k.p.i.AbstractProblemLoader Loading environment from /home/runner/work/key/key/key.core/../key.ui/examples/heap/block_loop_contracts/Free/assertions0.key.proof 
15407      DEBUG main            d.u.i.k.p.i.AbstractProblemLoader Environment load took 144ns 
15409      INFO  main            d.u.i.k.p.i.AbstractProblemLoader Creating init config 
18054      DEBUG main            d.u.i.k.p.i.AbstractProblemLoader Init config took 2.64s 
18103      INFO  main            d.u.i.k.p.i.AbstractProblemLoader Replaying proof FreeConditions[FreeConditions::assertions0()].JML normal_behavior operation contract.0 
18129      DEBUG main            d.u.i.k.p.i.IntermediateProofReplayer Proof replay took 22.86ms 
18130      DEBUG main            d.u.i.k.p.r.p.TestFile    ... success: reloaded. 
18131      INFO  main            d.u.i.k.p.r.p.TestFile    Now processing file /home/runner/work/key/key/key.core/../key.ui/examples/heap/block_loop_contracts/Free/assertions1.key 
18132      INFO  main            d.u.i.k.p.i.AbstractProblemLoader Loading environment from /home/runner/work/key/key/key.core/../key.ui/examples/heap/block_loop_contracts/Free/assertions1.key 
18132      DEBUG main            d.u.i.k.p.i.AbstractProblemLoader Environment load took 302.5ns 
18133      INFO  main            d.u.i.k.p.i.AbstractProblemLoader Creating init config 
20666      DEBUG main            d.u.i.k.p.i.AbstractProblemLoader Init config took 2.53s 
20736      INFO  main            d.u.i.k.p.i.AbstractProblemLoader Replaying proof FreeConditions[FreeConditions::assertions1()].JML normal_behavior operation contract.0 
20740      DEBUG main            d.u.i.k.p.i.IntermediateProofReplayer Proof replay took 21.3ns 
20842      INFO  main            d.u.i.k.p.r.p.TestFile    ... finished proof: closed. 
21010      INFO  main            d.u.i.k.p.i.AbstractProblemLoader Loading environment from /home/runner/work/key/key/key.core/../key.ui/examples/heap/block_loop_contracts/Free/assertions1.key.proof 
21011      DEBUG main            d.u.i.k.p.i.AbstractProblemLoader Environment load took 141ns 
21012      INFO  main            d.u.i.k.p.i.AbstractProblemLoader Creating init config 
23467      DEBUG main            d.u.i.k.p.i.AbstractProblemLoader Init config took 2.46s 
23513      INFO  main            d.u.i.k.p.i.AbstractProblemLoader Replaying proof FreeConditions[FreeConditions::assertions1()].JML normal_behavior operation contract.0 
23521      DEBUG main            d.u.i.k.p.i.IntermediateProofReplayer Proof replay took 5.68ms 
23522      DEBUG main            d.u.i.k.p.r.p.TestFile    ... success: reloaded. 
23523      INFO  main            d.u.i.k.p.r.p.TestFile    Now processing file /home/runner/work/key/key/key.core/../key.ui/examples/standard_key/java_dl/jml-assert/recursion-assert.key 
23523      INFO  main            d.u.i.k.p.i.AbstractProblemLoader Loading environment from /home/runner/work/key/key/key.core/../key.ui/examples/standard_key/java_dl/jml-assert/recursion-assert.key 
23524      DEBUG main            d.u.i.k.p.i.AbstractProblemLoader Environment load took 246.7ns 
23525      INFO  main            d.u.i.k.p.i.AbstractProblemLoader Creating init config 
26101      DEBUG main            d.u.i.k.p.i.AbstractProblemLoader Init config took 2.58s 
26162      INFO  main            d.u.i.k.p.i.AbstractProblemLoader Replaying proof RecursiveMethod[RecursiveMethod::fac1(int)].JML normal_behavior operation contract.0 
26166      DEBUG main            d.u.i.k.p.i.IntermediateProofReplayer Proof replay took 6.4ns 
26469      INFO  main            d.u.i.k.p.r.p.TestFile    ... finished proof: closed. 
26657      INFO  main            d.u.i.k.p.i.AbstractProblemLoader Loading environment from /home/runner/work/key/key/key.core/../key.ui/examples/standard_key/java_dl/jml-assert/recursion-assert.key.proof 
26662      DEBUG main            d.u.i.k.p.i.AbstractProblemLoader Environment load took 4.87ms 
26663      INFO  main            d.u.i.k.p.i.AbstractProblemLoader Creating init config 
29334      DEBUG main            d.u.i.k.p.i.AbstractProblemLoader Init config took 2.67s 
29379      INFO  main            d.u.i.k.p.i.AbstractProblemLoader Replaying proof RecursiveMethod[RecursiveMethod::fac1(int)].JML normal_behavior operation contract.0 
29421      DEBUG main            d.u.i.k.p.i.IntermediateProofReplayer Proof replay took 38.51ms 
29423      DEBUG main            d.u.i.k.p.r.p.TestFile    ... success: reloaded. 
29424      INFO  main            d.u.i.k.p.r.p.TestFile    Now processing file /home/runner/work/key/key/key.core/../key.ui/examples/standard_key/java_dl/jml-assert/recursion-assume.key 
29424      INFO  main            d.u.i.k.p.i.AbstractProblemLoader Loading environment from /home/runner/work/key/key/key.core/../key.ui/examples/standard_key/java_dl/jml-assert/recursion-assume.key 
29424      DEBUG main            d.u.i.k.p.i.AbstractProblemLoader Environment load took 232.7ns 
29425      INFO  main            d.u.i.k.p.i.AbstractProblemLoader Creating init config 
31998      DEBUG main            d.u.i.k.p.i.AbstractProblemLoader Init config took 2.57s 
32048      INFO  main            d.u.i.k.p.i.AbstractProblemLoader Replaying proof RecursiveMethod[RecursiveMethod::fac2(int)].JML normal_behavior operation contract.0 
32050      DEBUG main            d.u.i.k.p.i.IntermediateProofReplayer Proof replay took 5.7ns 
32255      INFO  main            d.u.i.k.p.r.p.TestFile    ... finished proof: closed. 
32537      INFO  main            d.u.i.k.p.i.AbstractProblemLoader Loading environment from /home/runner/work/key/key/key.core/../key.ui/examples/standard_key/java_dl/jml-assert/recursion-assume.key.proof 
32537      DEBUG main            d.u.i.k.p.i.AbstractProblemLoader Environment load took 126.7ns 
32539      INFO  main            d.u.i.k.p.i.AbstractProblemLoader Creating init config 
35060      DEBUG main            d.u.i.k.p.i.AbstractProblemLoader Init config took 2.52s 
35109      INFO  main            d.u.i.k.p.i.AbstractProblemLoader Replaying proof RecursiveMethod[RecursiveMethod::fac2(int)].JML normal_behavior operation contract.0 
35151      DEBUG main            d.u.i.k.p.i.IntermediateProofReplayer Proof replay took 38.01ms 
35152      DEBUG main            d.u.i.k.p.r.p.TestFile    ... success: reloaded. 
35153      INFO  main            d.u.i.k.p.r.p.TestFile    Now processing file /home/runner/work/key/key/key.core/../key.ui/examples/standard_key/java_dl/jml-assert/quantor-assert.key 
35154      INFO  main            d.u.i.k.p.i.AbstractProblemLoader Loading environment from /home/runner/work/key/key/key.core/../key.ui/examples/standard_key/java_dl/jml-assert/quantor-assert.key 
35154      DEBUG main            d.u.i.k.p.i.AbstractProblemLoader Environment load took 242.5ns 
35155      INFO  main            d.u.i.k.p.i.AbstractProblemLoader Creating init config 
37835      DEBUG main            d.u.i.k.p.i.AbstractProblemLoader Init config took 2.68s 
37900      INFO  main            d.u.i.k.p.i.AbstractProblemLoader Replaying proof Quantor[Quantor::square1(int)].JML normal_behavior operation contract.0 
37902      DEBUG main            d.u.i.k.p.i.IntermediateProofReplayer Proof replay took 6.4ns 
38004      INFO  main            d.u.i.k.p.r.p.TestFile    ... finished proof: closed. 
38186      INFO  main            d.u.i.k.p.i.AbstractProblemLoader Loading environment from /home/runner/work/key/key/key.core/../key.ui/examples/standard_key/java_dl/jml-assert/quantor-assert.key.proof 
38186      DEBUG main            d.u.i.k.p.i.AbstractProblemLoader Environment load took 128.8ns 
38187      INFO  main            d.u.i.k.p.i.AbstractProblemLoader Creating init config 
40679      DEBUG main            d.u.i.k.p.i.AbstractProblemLoader Init config took 2.49s 
40723      INFO  main            d.u.i.k.p.i.AbstractProblemLoader Replaying proof Quantor[Quantor::square1(int)].JML normal_behavior operation contract.0 
40741      DEBUG main            d.u.i.k.p.i.IntermediateProofReplayer Proof replay took 15.25ms 
40742      DEBUG main            d.u.i.k.p.r.p.TestFile    ... success: reloaded. 
40743      INFO  main            d.u.i.k.p.r.p.TestFile    Now processing file /home/runner/work/key/key/key.core/../key.ui/examples/standard_key/java_dl/jml-assert/quantor-assume.key 
40743      INFO  main            d.u.i.k.p.i.AbstractProblemLoader Loading environment from /home/runner/work/key/key/key.core/../key.ui/examples/standard_key/java_dl/jml-assert/quantor-assume.key 
40743      DEBUG main            d.u.i.k.p.i.AbstractProblemLoader Environment load took 115.1ns 
40744      INFO  main            d.u.i.k.p.i.AbstractProblemLoader Creating init config 
43259      DEBUG main            d.u.i.k.p.i.AbstractProblemLoader Init config took 2.52s 
43300      INFO  main            d.u.i.k.p.i.AbstractProblemLoader Replaying proof Quantor[Quantor::square2(int)].JML normal_behavior operation contract.0 
43302      DEBUG main            d.u.i.k.p.i.IntermediateProofReplayer Proof replay took 6.6ns 
43406      INFO  main            d.u.i.k.p.r.p.TestFile    ... finished proof: closed. 
43621      INFO  main            d.u.i.k.p.i.AbstractProblemLoader Loading environment from /home/runner/work/key/key/key.core/../key.ui/examples/standard_key/java_dl/jml-assert/quantor-assume.key.proof 
43622      DEBUG main            d.u.i.k.p.i.AbstractProblemLoader Environment load took 123.1ns 
43623      INFO  main            d.u.i.k.p.i.AbstractProblemLoader Creating init config 
46034      DEBUG main            d.u.i.k.p.i.AbstractProblemLoader Init config took 2.41s 
46074      INFO  main            d.u.i.k.p.i.AbstractProblemLoader Replaying proof Quantor[Quantor::square2(int)].JML normal_behavior operation contract.0 
46090      DEBUG main            d.u.i.k.p.i.IntermediateProofReplayer Proof replay took 13.39ms 
46090      DEBUG main            d.u.i.k.p.r.p.TestFile    ... success: reloaded. 
46091      INFO  main            d.u.i.k.p.r.p.TestFile    Now processing file /home/runner/work/key/key/key.core/../key.ui/examples/standard_key/java_dl/jml-assert/model-methods-static-static.key 
46092      INFO  main            d.u.i.k.p.i.AbstractProblemLoader Loading environment from /home/runner/work/key/key/key.core/../key.ui/examples/standard_key/java_dl/jml-assert/model-methods-static-static.key 
46092      DEBUG main            d.u.i.k.p.i.AbstractProblemLoader Environment load took 103.6ns 
46093      INFO  main            d.u.i.k.p.i.AbstractProblemLoader Creating init config 
48566      DEBUG main            d.u.i.k.p.i.AbstractProblemLoader Init config took 2.47s 
48613      INFO  main            d.u.i.k.p.i.AbstractProblemLoader Replaying proof ModelMethods[ModelMethods::test1()].JML normal_behavior operation contract.0 
48615      DEBUG main            d.u.i.k.p.i.IntermediateProofReplayer Proof replay took 6.4ns 
48716      INFO  main            d.u.i.k.p.r.p.TestFile    ... finished proof: closed. 
48929      INFO  main            d.u.i.k.p.i.AbstractProblemLoader Loading environment from /home/runner/work/key/key/key.core/../key.ui/examples/standard_key/java_dl/jml-assert/model-methods-static-static.key.proof 
48929      DEBUG main            d.u.i.k.p.i.AbstractProblemLoader Environment load took 125.5ns 
48931      INFO  main            d.u.i.k.p.i.AbstractProblemLoader Creating init config 
51320      DEBUG main            d.u.i.k.p.i.AbstractProblemLoader Init config took 2.39s 
51359      INFO  main            d.u.i.k.p.i.AbstractProblemLoader Replaying proof ModelMethods[ModelMethods::test1()].JML normal_behavior operation contract.0 
51367      DEBUG main            d.u.i.k.p.i.IntermediateProofReplayer Proof replay took 6.13ms 
51368      DEBUG main            d.u.i.k.p.r.p.TestFile    ... success: reloaded. 
51368      INFO  main            d.u.i.k.p.r.p.TestFile    Now processing file /home/runner/work/key/key/key.core/../key.ui/examples/standard_key/java_dl/jml-assert/model-methods-instance-static.key 
51369      INFO  main            d.u.i.k.p.i.AbstractProblemLoader Loading environment from /home/runner/work/key/key/key.core/../key.ui/examples/standard_key/java_dl/jml-assert/model-methods-instance-static.key 
51369      DEBUG main            d.u.i.k.p.i.AbstractProblemLoader Environment load took 94.9ns 
51370      INFO  main            d.u.i.k.p.i.AbstractProblemLoader Creating init config 
53882      DEBUG main            d.u.i.k.p.i.AbstractProblemLoader Init config took 2.51s 
53929      INFO  main            d.u.i.k.p.i.AbstractProblemLoader Replaying proof ModelMethods[ModelMethods::test2()].JML normal_behavior operation contract.0 
53931      DEBUG main            d.u.i.k.p.i.IntermediateProofReplayer Proof replay took 6.1ns 
54033      INFO  main            d.u.i.k.p.r.p.TestFile    ... finished proof: closed. 
54255      INFO  main            d.u.i.k.p.i.AbstractProblemLoader Loading environment from /home/runner/work/key/key/key.core/../key.ui/examples/standard_key/java_dl/jml-assert/model-methods-instance-static.key.proof 
54255      DEBUG main            d.u.i.k.p.i.AbstractProblemLoader Environment load took 138.6ns 
54256      INFO  main            d.u.i.k.p.i.AbstractProblemLoader Creating init config 
56644      DEBUG main            d.u.i.k.p.i.AbstractProblemLoader Init config took 2.39s 
56685      INFO  main            d.u.i.k.p.i.AbstractProblemLoader Replaying proof ModelMethods[ModelMethods::test2()].JML normal_behavior operation contract.0 
56711      DEBUG main            d.u.i.k.p.i.IntermediateProofReplayer Proof replay took 23.27ms 
56712      DEBUG main            d.u.i.k.p.r.p.TestFile    ... success: reloaded. 
56713      INFO  main            d.u.i.k.p.r.p.TestFile    Now processing file /home/runner/work/key/key/key.core/../key.ui/examples/standard_key/java_dl/jml-assert/model-methods-instance-instance.key 
56714      INFO  main            d.u.i.k.p.i.AbstractProblemLoader Loading environment from /home/runner/work/key/key/key.core/../key.ui/examples/standard_key/java_dl/jml-assert/model-methods-instance-instance.key 
56714      DEBUG main            d.u.i.k.p.i.AbstractProblemLoader Environment load took 260.8ns 
56715      INFO  main            d.u.i.k.p.i.AbstractProblemLoader Creating init config 
59175      DEBUG main            d.u.i.k.p.i.AbstractProblemLoader Init config took 2.46s 
59218      INFO  main            d.u.i.k.p.i.AbstractProblemLoader Replaying proof ModelMethods[ModelMethods::test3()].JML normal_behavior operation contract.0 
59221      DEBUG main            d.u.i.k.p.i.IntermediateProofReplayer Proof replay took 6.6ns 
59323      INFO  main            d.u.i.k.p.r.p.TestFile    ... finished proof: closed. 
59527      INFO  main            d.u.i.k.p.i.AbstractProblemLoader Loading environment from /home/runner/work/key/key/key.core/../key.ui/examples/standard_key/java_dl/jml-assert/model-methods-instance-instance.key.proof 
59527      DEBUG main            d.u.i.k.p.i.AbstractProblemLoader Environment load took 117.5ns 
59528      INFO  main            d.u.i.k.p.i.AbstractProblemLoader Creating init config 
61980      DEBUG main            d.u.i.k.p.i.AbstractProblemLoader Init config took 2.45s 
62017      INFO  main            d.u.i.k.p.i.AbstractProblemLoader Replaying proof ModelMethods[ModelMethods::test3()].JML normal_behavior operation contract.0 
62029      DEBUG main            d.u.i.k.p.i.IntermediateProofReplayer Proof replay took 9.71ms 
62030      DEBUG main            d.u.i.k.p.r.p.TestFile    ... success: reloaded. 
62031      INFO  main            d.u.i.k.p.r.p.TestFile    Now processing file /home/runner/work/key/key/key.core/../key.ui/examples/standard_key/java_dl/jml-assert/model-methods-static-instance.key 
62031      INFO  main            d.u.i.k.p.i.AbstractProblemLoader Loading environment from /home/runner/work/key/key/key.core/../key.ui/examples/standard_key/java_dl/jml-assert/model-methods-static-instance.key 
62032      DEBUG main            d.u.i.k.p.i.AbstractProblemLoader Environment load took 291.7ns 
62033      INFO  main            d.u.i.k.p.i.AbstractProblemLoader Creating init config 
64471      DEBUG main            d.u.i.k.p.i.AbstractProblemLoader Init config took 2.44s 
64516      INFO  main            d.u.i.k.p.i.AbstractProblemLoader Replaying proof ModelMethods[ModelMethods::test4()].JML normal_behavior operation contract.0 
64517      DEBUG main            d.u.i.k.p.i.IntermediateProofReplayer Proof replay took 6.4ns 
64619      INFO  main            d.u.i.k.p.r.p.TestFile    ... finished proof: closed. 
64831      INFO  main            d.u.i.k.p.i.AbstractProblemLoader Loading environment from /home/runner/work/key/key/key.core/../key.ui/examples/standard_key/java_dl/jml-assert/model-methods-static-instance.key.proof 
64831      DEBUG main            d.u.i.k.p.i.AbstractProblemLoader Environment load took 122.2ns 
64833      INFO  main            d.u.i.k.p.i.AbstractProblemLoader Creating init config 
67217      DEBUG main            d.u.i.k.p.i.AbstractProblemLoader Init config took 2.38s 
67257      INFO  main            d.u.i.k.p.i.AbstractProblemLoader Replaying proof ModelMethods[ModelMethods::test4()].JML normal_behavior operation contract.0 
67284      DEBUG main            d.u.i.k.p.i.IntermediateProofReplayer Proof replay took 24.93ms 
67284      DEBUG main            d.u.i.k.p.r.p.TestFile    ... success: reloaded. 
67285      INFO  main            d.u.i.k.p.r.p.TestFile    Now processing file /home/runner/work/key/key/key.core/../key.ui/examples/standard_key/java_dl/jml-assert/assert-old/inc-field.key 
67285      INFO  main            d.u.i.k.p.i.AbstractProblemLoader Loading environment from /home/runner/work/key/key/key.core/../key.ui/examples/standard_key/java_dl/jml-assert/assert-old/inc-field.key 
67286      DEBUG main            d.u.i.k.p.i.AbstractProblemLoader Environment load took 67.3ns 
67286      INFO  main            d.u.i.k.p.i.AbstractProblemLoader Creating init config 
69605      DEBUG main            d.u.i.k.p.i.AbstractProblemLoader Init config took 2.32s 
69640      INFO  main            d.u.i.k.p.i.AbstractProblemLoader Replaying proof Inc[Inc::inc_field()].JML normal_behavior operation contract.0 
69642      DEBUG main            d.u.i.k.p.i.IntermediateProofReplayer Proof replay took 6.2ns 
69847      INFO  main            d.u.i.k.p.r.p.TestFile    ... finished proof: closed. 
70062      INFO  main            d.u.i.k.p.i.AbstractProblemLoader Loading environment from /home/runner/work/key/key/key.core/../key.ui/examples/standard_key/java_dl/jml-assert/assert-old/inc-field.key.proof 
70062      DEBUG main            d.u.i.k.p.i.AbstractProblemLoader Environment load took 128.5ns 
70063      INFO  main            d.u.i.k.p.i.AbstractProblemLoader Creating init config 
72338      DEBUG main            d.u.i.k.p.i.AbstractProblemLoader Init config took 2.28s 
72374      INFO  main            d.u.i.k.p.i.AbstractProblemLoader Replaying proof Inc[Inc::inc_field()].JML normal_behavior operation contract.0 
72401      DEBUG main            d.u.i.k.p.i.IntermediateProofReplayer Proof replay took 24.15ms 
72401      DEBUG main            d.u.i.k.p.r.p.TestFile    ... success: reloaded. 
72402      INFO  main            d.u.i.k.p.r.p.TestFile    Now processing file /home/runner/work/key/key/key.core/../key.ui/examples/standard_key/java_dl/jml-assert/assert-old/inc-parameter.key 
72402      INFO  main            d.u.i.k.p.i.AbstractProblemLoader Loading environment from /home/runner/work/key/key/key.core/../key.ui/examples/standard_key/java_dl/jml-assert/assert-old/inc-parameter.key 
72402      DEBUG main            d.u.i.k.p.i.AbstractProblemLoader Environment load took 104.51ns 
72403      INFO  main            d.u.i.k.p.i.AbstractProblemLoader Creating init config 
74792      DEBUG main            d.u.i.k.p.i.AbstractProblemLoader Init config took 2.39s 
74827      INFO  main            d.u.i.k.p.i.AbstractProblemLoader Replaying proof Inc[Inc::inc_parameter(int)].JML normal_behavior operation contract.0 
74828      DEBUG main            d.u.i.k.p.i.IntermediateProofReplayer Proof replay took 6.6ns 
74930      INFO  main            d.u.i.k.p.r.p.TestFile    ... finished proof: closed. 
75175      INFO  main            d.u.i.k.p.i.AbstractProblemLoader Loading environment from /home/runner/work/key/key/key.core/../key.ui/examples/standard_key/java_dl/jml-assert/assert-old/inc-parameter.key.proof 
75175      DEBUG main            d.u.i.k.p.i.AbstractProblemLoader Environment load took 122.6ns 
75176      INFO  main            d.u.i.k.p.i.AbstractProblemLoader Creating init config 
77478      DEBUG main            d.u.i.k.p.i.AbstractProblemLoader Init config took 2.3s 
77514      INFO  main            d.u.i.k.p.i.AbstractProblemLoader Replaying proof Inc[Inc::inc_parameter(int)].JML normal_behavior operation contract.0 
77529      DEBUG main            d.u.i.k.p.i.IntermediateProofReplayer Proof replay took 12.92ms 
77530      DEBUG main            d.u.i.k.p.r.p.TestFile    ... success: reloaded. 
77531      INFO  main            d.u.i.k.p.r.p.TestFile    Now processing file /home/runner/work/key/key/key.core/../key.ui/examples/standard_key/java_dl/jml-assert/assert-old/inc-parameter-field.key 
77532      INFO  main            d.u.i.k.p.i.AbstractProblemLoader Loading environment from /home/runner/work/key/key/key.core/../key.ui/examples/standard_key/java_dl/jml-assert/assert-old/inc-parameter-field.key 
77532      DEBUG main            d.u.i.k.p.i.AbstractProblemLoader Environment load took 241.3ns 
77533      INFO  main            d.u.i.k.p.i.AbstractProblemLoader Creating init config 
79925      DEBUG main            d.u.i.k.p.i.AbstractProblemLoader Init config took 2.39s 
79964      INFO  main            d.u.i.k.p.i.AbstractProblemLoader Replaying proof Inc[Inc::inc_parameter_field(Inc)].JML normal_behavior operation contract.0 
79968      DEBUG main            d.u.i.k.p.i.IntermediateProofReplayer Proof replay took 6.7ns 
80170      INFO  main            d.u.i.k.p.r.p.TestFile    ... finished proof: closed. 
80446      INFO  main            d.u.i.k.p.i.AbstractProblemLoader Loading environment from /home/runner/work/key/key/key.core/../key.ui/examples/standard_key/java_dl/jml-assert/assert-old/inc-parameter-field.key.proof 
80446      DEBUG main            d.u.i.k.p.i.AbstractProblemLoader Environment load took 123.1ns 
80447      INFO  main            d.u.i.k.p.i.AbstractProblemLoader Creating init config 
82691      DEBUG main            d.u.i.k.p.i.AbstractProblemLoader Init config took 2.24s 
82725      INFO  main            d.u.i.k.p.i.AbstractProblemLoader Replaying proof Inc[Inc::inc_parameter_field(Inc)].JML normal_behavior operation contract.0 
82755      DEBUG main            d.u.i.k.p.i.IntermediateProofReplayer Proof replay took 28.49ms 
82756      DEBUG main            d.u.i.k.p.r.p.TestFile    ... success: reloaded. 
82757      INFO  main            d.u.i.k.p.r.p.TestFile    Now processing file /home/runner/work/key/key/key.core/../key.ui/examples/standard_key/java_dl/jml-assert/assert-old/inc-ghost-field.key 
82758      INFO  main            d.u.i.k.p.i.AbstractProblemLoader Loading environment from /home/runner/work/key/key/key.core/../key.ui/examples/standard_key/java_dl/jml-assert/assert-old/inc-ghost-field.key 
82758      DEBUG main            d.u.i.k.p.i.AbstractProblemLoader Environment load took 266.1ns 
82759      INFO  main            d.u.i.k.p.i.AbstractProblemLoader Creating init config 
85108      DEBUG main            d.u.i.k.p.i.AbstractProblemLoader Init config took 2.35s 
85143      INFO  main            d.u.i.k.p.i.AbstractProblemLoader Replaying proof Inc[Inc::inc_ghost_field()].JML normal_behavior operation contract.0 
85144      DEBUG main            d.u.i.k.p.i.IntermediateProofReplayer Proof replay took 6.9ns 
85246      INFO  main            d.u.i.k.p.r.p.TestFile    ... finished proof: closed. 
85511      INFO  main            d.u.i.k.p.i.AbstractProblemLoader Loading environment from /home/runner/work/key/key/key.core/../key.ui/examples/standard_key/java_dl/jml-assert/assert-old/inc-ghost-field.key.proof 
85511      DEBUG main            d.u.i.k.p.i.AbstractProblemLoader Environment load took 161.9ns 
85512      INFO  main            d.u.i.k.p.i.AbstractProblemLoader Creating init config 
87769      DEBUG main            d.u.i.k.p.i.AbstractProblemLoader Init config took 2.26s 
87804      INFO  main            d.u.i.k.p.i.AbstractProblemLoader Replaying proof Inc[Inc::inc_ghost_field()].JML normal_behavior operation contract.0 
87848      DEBUG main            d.u.i.k.p.i.IntermediateProofReplayer Proof replay took 42.76ms 
87850      DEBUG main            d.u.i.k.p.r.p.TestFile    ... success: reloaded. 
709116     INFO  Test worker     d.u.i.k.p.r.RunAllProofsTestUnit Returning from test jmlAsserts 
709117     INFO  Test worker     d.u.i.k.p.r.RunAllProofsTestUnit Running test javaCard 
368        INFO  Timeout watchdog d.u.i.k.p.r.p.ForkedTestFileRunner Timeout watcher launched (2000 secs.) 
375        WARN  main            d.u.i.k.s.ProofSettings   The settings in /home/runner/.key/proof-settings.props are *not* read. 
404        INFO  main            d.u.i.k.p.r.p.TestFile    Now processing file /home/runner/work/key/key/key.core/../key.ui/examples/heap/javacard/updateBalance0.key 
525        INFO  main            d.u.i.k.p.i.AbstractProblemLoader Loading environment from /home/runner/work/key/key/key.core/../key.ui/examples/heap/javacard/updateBalance0.key 
543        DEBUG main            d.u.i.k.p.i.AbstractProblemLoader Environment load took 2.61ms 
777        INFO  main            d.u.i.k.p.i.AbstractProblemLoader Creating init config 
1671       DEBUG main            d.u.i.k.j.TypeConverter   No LDT found for Meta 
1671       DEBUG main            d.u.i.k.j.TypeConverter   No LDT found for Meta 
1672       DEBUG main            d.u.i.k.j.TypeConverter   No LDT found for Meta 
1672       DEBUG main            d.u.i.k.j.TypeConverter   No LDT found for Meta 
3178       DEBUG main            d.u.i.k.j.TypeConverter   No LDT found for JavaBigintExpression 
6607       DEBUG main            d.u.i.k.p.i.AbstractProblemLoader Init config took 5.83s 
6733       INFO  main            d.u.i.k.p.i.AbstractProblemLoader Replaying proof Examples[Examples::updateBalance(short)].JML normal_behavior operation contract.0 
6768       DEBUG main            d.u.i.k.p.i.IntermediateProofReplayer Proof replay took 27.9ns 
8200       INFO  main            d.u.i.k.p.r.p.TestFile    ... finished proof: closed. 
8322       INFO  main            d.u.i.k.p.i.AbstractProblemLoader Loading environment from /home/runner/work/key/key/key.core/../key.ui/examples/heap/javacard/updateBalance0.key.proof 
8323       DEBUG main            d.u.i.k.p.i.AbstractProblemLoader Environment load took 1.36ms 
8326       INFO  main            d.u.i.k.p.i.AbstractProblemLoader Creating init config 
10058      DEBUG main            d.u.i.k.p.i.AbstractProblemLoader Init config took 1.73s 
10161      INFO  main            d.u.i.k.p.i.AbstractProblemLoader Replaying proof Examples[Examples::updateBalance(short)].JML normal_behavior operation contract.0 
10302      DEBUG main            d.u.i.k.p.i.IntermediateProofReplayer Proof replay took 131.67ms 
10310      DEBUG main            d.u.i.k.p.r.p.TestFile    ... success: reloaded. 
10313      INFO  main            d.u.i.k.p.r.p.TestFile    Now processing file /home/runner/work/key/key/key.core/../key.ui/examples/heap/javacard/updateBalance1.key 
10314      INFO  main            d.u.i.k.p.i.AbstractProblemLoader Loading environment from /home/runner/work/key/key/key.core/../key.ui/examples/heap/javacard/updateBalance1.key 
10314      DEBUG main            d.u.i.k.p.i.AbstractProblemLoader Environment load took 272.6ns 
10316      INFO  main            d.u.i.k.p.i.AbstractProblemLoader Creating init config 
11890      DEBUG main            d.u.i.k.p.i.AbstractProblemLoader Init config took 1.57s 
11940      INFO  main            d.u.i.k.p.i.AbstractProblemLoader Replaying proof Examples[Examples::updateBalance(short)].JML normal_behavior operation contract.1 
11943      DEBUG main            d.u.i.k.p.i.IntermediateProofReplayer Proof replay took 5.2ns 
12662      INFO  main            d.u.i.k.p.r.p.TestFile    ... finished proof: closed. 
12798      INFO  main            d.u.i.k.p.i.AbstractProblemLoader Loading environment from /home/runner/work/key/key/key.core/../key.ui/examples/heap/javacard/updateBalance1.key.proof 
12799      DEBUG main            d.u.i.k.p.i.AbstractProblemLoader Environment load took 808.71ns 
12801      INFO  main            d.u.i.k.p.i.AbstractProblemLoader Creating init config 
14425      DEBUG main            d.u.i.k.p.i.AbstractProblemLoader Init config took 1.62s 
14473      INFO  main            d.u.i.k.p.i.AbstractProblemLoader Replaying proof Examples[Examples::updateBalance(short)].JML normal_behavior operation contract.1 
14572      DEBUG main            d.u.i.k.p.i.IntermediateProofReplayer Proof replay took 94.74ms 
14575      DEBUG main            d.u.i.k.p.r.p.TestFile    ... success: reloaded. 
14577      INFO  main            d.u.i.k.p.r.p.TestFile    Now processing file /home/runner/work/key/key/key.core/../key.ui/examples/heap/javacard/setArray1.key 
14577      INFO  main            d.u.i.k.p.i.AbstractProblemLoader Loading environment from /home/runner/work/key/key/key.core/../key.ui/examples/heap/javacard/setArray1.key 
14578      DEBUG main            d.u.i.k.p.i.AbstractProblemLoader Environment load took 242.1ns 
14579      INFO  main            d.u.i.k.p.i.AbstractProblemLoader Creating init config 
16175      DEBUG main            d.u.i.k.p.i.AbstractProblemLoader Init config took 1.6s 
16216      INFO  main            d.u.i.k.p.i.AbstractProblemLoader Replaying proof Examples[Examples::setArray1([B)].JML normal_behavior operation contract.0 
16218      DEBUG main            d.u.i.k.p.i.IntermediateProofReplayer Proof replay took 5.4ns 
17324      INFO  main            d.u.i.k.p.r.p.TestFile    ... finished proof: closed. 
17487      INFO  main            d.u.i.k.p.i.AbstractProblemLoader Loading environment from /home/runner/work/key/key/key.core/../key.ui/examples/heap/javacard/setArray1.key.proof 
17487      DEBUG main            d.u.i.k.p.i.AbstractProblemLoader Environment load took 550ns 
17489      INFO  main            d.u.i.k.p.i.AbstractProblemLoader Creating init config 
19039      DEBUG main            d.u.i.k.p.i.AbstractProblemLoader Init config took 1.55s 
19078      INFO  main            d.u.i.k.p.i.AbstractProblemLoader Replaying proof Examples[Examples::setArray1([B)].JML normal_behavior operation contract.0 
19274      DEBUG main            d.u.i.k.p.i.IntermediateProofReplayer Proof replay took 190.95ms 
19277      DEBUG main            d.u.i.k.p.r.p.TestFile    ... success: reloaded. 
19279      INFO  main            d.u.i.k.p.r.p.TestFile    Now processing file /home/runner/work/key/key/key.core/../key.ui/examples/heap/javacard/setArray2.key 
19280      INFO  main            d.u.i.k.p.i.AbstractProblemLoader Loading environment from /home/runner/work/key/key/key.core/../key.ui/examples/heap/javacard/setArray2.key 
19280      DEBUG main            d.u.i.k.p.i.AbstractProblemLoader Environment load took 266.9ns 
19281      INFO  main            d.u.i.k.p.i.AbstractProblemLoader Creating init config 
20879      DEBUG main            d.u.i.k.p.i.AbstractProblemLoader Init config took 1.6s 
20921      INFO  main            d.u.i.k.p.i.AbstractProblemLoader Replaying proof Examples[Examples::setArray2([B)].JML normal_behavior operation contract.0 
20923      DEBUG main            d.u.i.k.p.i.IntermediateProofReplayer Proof replay took 5.7ns 
22129      INFO  main            d.u.i.k.p.r.p.TestFile    ... finished proof: closed. 
22306      INFO  main            d.u.i.k.p.i.AbstractProblemLoader Loading environment from /home/runner/work/key/key/key.core/../key.ui/examples/heap/javacard/setArray2.key.proof 
22307      DEBUG main            d.u.i.k.p.i.AbstractProblemLoader Environment load took 1.43ms 
22309      INFO  main            d.u.i.k.p.i.AbstractProblemLoader Creating init config 
23956      DEBUG main            d.u.i.k.p.i.AbstractProblemLoader Init config took 1.65s 
23995      INFO  main            d.u.i.k.p.i.AbstractProblemLoader Replaying proof Examples[Examples::setArray2([B)].JML normal_behavior operation contract.0 
24188      DEBUG main            d.u.i.k.p.i.IntermediateProofReplayer Proof replay took 187.46ms 
24191      DEBUG main            d.u.i.k.p.r.p.TestFile    ... success: reloaded. 
24193      INFO  main            d.u.i.k.p.r.p.TestFile    Now processing file /home/runner/work/key/key/key.core/../key.ui/examples/heap/javacard/arrayFillNonAtomic.key 
24194      INFO  main            d.u.i.k.p.i.AbstractProblemLoader Loading environment from /home/runner/work/key/key/key.core/../key.ui/examples/heap/javacard/arrayFillNonAtomic.key 
24194      DEBUG main            d.u.i.k.p.i.AbstractProblemLoader Environment load took 244.7ns 
24195      INFO  main            d.u.i.k.p.i.AbstractProblemLoader Creating init config 
25742      DEBUG main            d.u.i.k.p.i.AbstractProblemLoader Init config took 1.55s 
25798      INFO  main            d.u.i.k.p.i.AbstractProblemLoader Replaying proof javacard.framework.Util[javacard.framework.Util::arrayFillNonAtomic([B,short,short,byte)].JML behavior operation contract.0.transaction_inactive 
25800      DEBUG main            d.u.i.k.p.i.IntermediateProofReplayer Proof replay took 5.4ns 
26648      DEBUG Thread-13       d.u.i.k.l.o.ProgramSV     Match failed: Former match of  SchemaVariable incompatible with  the current match. 
26648      DEBUG Thread-13       d.u.i.k.l.o.ProgramSV     Match failed: Former match of  SchemaVariable incompatible with  the current match. 
28122      DEBUG Thread-13       d.u.i.k.l.o.ProgramSV     Match failed: Former match of  SchemaVariable incompatible with  the current match. 
28122      DEBUG Thread-13       d.u.i.k.l.o.ProgramSV     Match failed: Former match of  SchemaVariable incompatible with  the current match. 
29758      INFO  main            d.u.i.k.p.r.p.TestFile    ... finished proof: closed. 
29914      INFO  main            d.u.i.k.p.i.AbstractProblemLoader Loading environment from /home/runner/work/key/key/key.core/../key.ui/examples/heap/javacard/arrayFillNonAtomic.key.proof 
29914      DEBUG main            d.u.i.k.p.i.AbstractProblemLoader Environment load took 513.8ns 
29917      INFO  main            d.u.i.k.p.i.AbstractProblemLoader Creating init config 
31519      DEBUG main            d.u.i.k.p.i.AbstractProblemLoader Init config took 1.6s 
31573      INFO  main            d.u.i.k.p.i.AbstractProblemLoader Replaying proof javacard.framework.Util[javacard.framework.Util::arrayFillNonAtomic([B,short,short,byte)].JML behavior operation contract.0.transaction_inactive 
32323      DEBUG main            d.u.i.k.p.i.IntermediateProofReplayer Proof replay took 735.08ms 
32325      DEBUG main            d.u.i.k.p.r.p.TestFile    ... success: reloaded. 
32326      INFO  main            d.u.i.k.p.r.p.TestFile    Now processing file /home/runner/work/key/key/key.core/../key.ui/examples/heap/coincidence_count/project.key 
32327      INFO  main            d.u.i.k.p.i.AbstractProblemLoader Loading environment from /home/runner/work/key/key/key.core/../key.ui/examples/heap/coincidence_count/project.key 
32327      DEBUG main            d.u.i.k.p.i.AbstractProblemLoader Environment load took 292.4ns 
32329      INFO  main            d.u.i.k.p.i.AbstractProblemLoader Creating init config 
35957      DEBUG main            d.u.i.k.p.i.AbstractProblemLoader Init config took 3.63s 
36001      INFO  main            d.u.i.k.p.i.AbstractProblemLoader Replaying proof CC[CC::calcCoinIndex([I,[I)].JML normal_behavior operation contract.0 
36007      DEBUG main            d.u.i.k.p.i.IntermediateProofReplayer Proof replay took 7.7ns 
53924      INFO  main            d.u.i.k.p.r.p.TestFile    ... finished proof: closed. 
54258      INFO  main            d.u.i.k.p.i.AbstractProblemLoader Loading environment from /home/runner/work/key/key/key.core/../key.ui/examples/heap/coincidence_count/project.key.proof 
54259      DEBUG main            d.u.i.k.p.i.AbstractProblemLoader Environment load took 513.3ns 
54262      INFO  main            d.u.i.k.p.i.AbstractProblemLoader Creating init config 
56715      DEBUG main            d.u.i.k.p.i.AbstractProblemLoader Init config took 2.45s 
56757      INFO  main            d.u.i.k.p.i.AbstractProblemLoader Replaying proof CC[CC::calcCoinIndex([I,[I)].JML normal_behavior operation contract.0 
57563      DEBUG main            d.u.i.k.p.i.IntermediateProofReplayer Proof replay took 755.6ms 
57566      DEBUG main            d.u.i.k.p.r.p.TestFile    ... success: reloaded. 
57568      INFO  main            d.u.i.k.p.r.p.TestFile    Now processing file /home/runner/work/key/key/key.core/../key.ui/examples/heap/verifyThis11_1_Maximum/project.key 
57568      INFO  main            d.u.i.k.p.i.AbstractProblemLoader Loading environment from /home/runner/work/key/key/key.core/../key.ui/examples/heap/verifyThis11_1_Maximum/project.key 
57568      DEBUG main            d.u.i.k.p.i.AbstractProblemLoader Environment load took 102ns 
57569      INFO  main            d.u.i.k.p.i.AbstractProblemLoader Creating init config 
60219      DEBUG main            d.u.i.k.p.i.AbstractProblemLoader Init config took 2.65s 
60260      INFO  main            d.u.i.k.p.i.AbstractProblemLoader Replaying proof Maximum[Maximum::maxIndex([I)].JML normal_behavior operation contract.0 
60261      DEBUG main            d.u.i.k.p.i.IntermediateProofReplayer Proof replay took 5.9ns 
61267      INFO  main            d.u.i.k.p.r.p.TestFile    ... finished proof: closed. 
61521      INFO  main            d.u.i.k.p.i.AbstractProblemLoader Loading environment from /home/runner/work/key/key/key.core/../key.ui/examples/heap/verifyThis11_1_Maximum/project.key.proof 
61521      DEBUG main            d.u.i.k.p.i.AbstractProblemLoader Environment load took 156.4ns 
61522      INFO  main            d.u.i.k.p.i.AbstractProblemLoader Creating init config 
63983      DEBUG main            d.u.i.k.p.i.AbstractProblemLoader Init config took 2.46s 
64026      INFO  main            d.u.i.k.p.i.AbstractProblemLoader Replaying proof Maximum[Maximum::maxIndex([I)].JML normal_behavior operation contract.0 
64186      DEBUG main            d.u.i.k.p.i.IntermediateProofReplayer Proof replay took 154.01ms 
64188      DEBUG main            d.u.i.k.p.r.p.TestFile    ... success: reloaded. 
64189      INFO  main            d.u.i.k.p.r.p.TestFile    Now processing file /home/runner/work/key/key/key.core/../key.ui/examples/heap/fm12_01_LRS/lcp.key 
64189      INFO  main            d.u.i.k.p.i.AbstractProblemLoader Loading environment from /home/runner/work/key/key/key.core/../key.ui/examples/heap/fm12_01_LRS/lcp.key 
64189      DEBUG main            d.u.i.k.p.i.AbstractProblemLoader Environment load took 233.8ns 
64190      INFO  main            d.u.i.k.p.i.AbstractProblemLoader Creating init config 
67258      DEBUG main            d.u.i.k.p.i.AbstractProblemLoader Init config took 3.07s 
67315      INFO  main            d.u.i.k.p.i.AbstractProblemLoader Replaying proof LCP[LCP::lcp([I,int,int)].JML normal_behavior operation contract.0 
67318      DEBUG main            d.u.i.k.p.i.IntermediateProofReplayer Proof replay took 6.2ns 
68323      INFO  main            d.u.i.k.p.r.p.TestFile    ... finished proof: closed. 
68584      INFO  main            d.u.i.k.p.i.AbstractProblemLoader Loading environment from /home/runner/work/key/key/key.core/../key.ui/examples/heap/fm12_01_LRS/lcp.key.proof 
68585      DEBUG main            d.u.i.k.p.i.AbstractProblemLoader Environment load took 537.5ns 
68587      INFO  main            d.u.i.k.p.i.AbstractProblemLoader Creating init config 
71507      DEBUG main            d.u.i.k.p.i.AbstractProblemLoader Init config took 2.92s 
71562      INFO  main            d.u.i.k.p.i.AbstractProblemLoader Replaying proof LCP[LCP::lcp([I,int,int)].JML normal_behavior operation contract.0 
71728      DEBUG main            d.u.i.k.p.i.IntermediateProofReplayer Proof replay took 160.91ms 
71730      DEBUG main            d.u.i.k.p.r.p.TestFile    ... success: reloaded. 
71731      INFO  main            d.u.i.k.p.r.p.TestFile    Now processing file /home/runner/work/key/key/key.core/../key.ui/examples/heap/SemanticSlicing/project.key 
71731      INFO  main            d.u.i.k.p.i.AbstractProblemLoader Loading environment from /home/runner/work/key/key/key.core/../key.ui/examples/heap/SemanticSlicing/project.key 
71732      DEBUG main            d.u.i.k.p.i.AbstractProblemLoader Environment load took 242.2ns 
71733      INFO  main            d.u.i.k.p.i.AbstractProblemLoader Creating init config 
74246      DEBUG main            d.u.i.k.p.i.AbstractProblemLoader Init config took 2.51s 
74316      INFO  main            d.u.i.k.p.i.AbstractProblemLoader Replaying proof unsatcore_after.competition.postcond5.scope333.LRS[unsatcore_after.competition.postcond5.scope333.LRS::doLRS()].JML operation contract.0 
74318      DEBUG main            d.u.i.k.p.i.IntermediateProofReplayer Proof replay took 5.2ns 
78128      INFO  main            d.u.i.k.p.r.p.TestFile    ... finished proof: closed. 
78411      INFO  main            d.u.i.k.p.i.AbstractProblemLoader Loading environment from /home/runner/work/key/key/key.core/../key.ui/examples/heap/SemanticSlicing/project.key.proof 
78411      DEBUG main            d.u.i.k.p.i.AbstractProblemLoader Environment load took 515.5ns 
78413      INFO  main            d.u.i.k.p.i.AbstractProblemLoader Creating init config 
80928      DEBUG main            d.u.i.k.p.i.AbstractProblemLoader Init config took 2.51s 
80992      INFO  main            d.u.i.k.p.i.AbstractProblemLoader Replaying proof unsatcore_after.competition.postcond5.scope333.LRS[unsatcore_after.competition.postcond5.scope333.LRS::doLRS()].JML operation contract.0 
81603      DEBUG main            d.u.i.k.p.i.IntermediateProofReplayer Proof replay took 598.67ms 
81604      DEBUG main            d.u.i.k.p.r.p.TestFile    ... success: reloaded. 
81606      INFO  main            d.u.i.k.p.r.p.TestFile    Now processing file /home/runner/work/key/key/key.core/../key.ui/examples/heap/information_flow/ArrayList_contains.key 
81606      INFO  main            d.u.i.k.p.i.AbstractProblemLoader Loading environment from /home/runner/work/key/key/key.core/../key.ui/examples/heap/information_flow/ArrayList_contains.key 
81606      DEBUG main            d.u.i.k.p.i.AbstractProblemLoader Environment load took 245.4ns 
81607      INFO  main            d.u.i.k.p.i.AbstractProblemLoader Creating init config 
84297      DEBUG main            d.u.i.k.p.i.AbstractProblemLoader Init config took 2.69s 
84337      INFO  main            d.u.i.k.p.i.AbstractProblemLoader Replaying proof ArrayList[ArrayList::get(int)].JML normal_behavior operation contract.0 
84338      DEBUG main            d.u.i.k.p.i.IntermediateProofReplayer Proof replay took 6.5ns 
84641      INFO  main            d.u.i.k.p.r.p.TestFile    ... finished proof: closed. 
84945      INFO  main            d.u.i.k.p.i.AbstractProblemLoader Loading environment from /home/runner/work/key/key/key.core/../key.ui/examples/heap/information_flow/ArrayList_contains.key.proof 
84945      DEBUG main            d.u.i.k.p.i.AbstractProblemLoader Environment load took 113.8ns 
84946      INFO  main            d.u.i.k.p.i.AbstractProblemLoader Creating init config 
87587      DEBUG main            d.u.i.k.p.i.AbstractProblemLoader Init config took 2.64s 
87632      INFO  main            d.u.i.k.p.i.AbstractProblemLoader Replaying proof ArrayList[ArrayList::get(int)].JML normal_behavior operation contract.0 
87679      DEBUG main            d.u.i.k.p.i.IntermediateProofReplayer Proof replay took 43.79ms 
87680      DEBUG main            d.u.i.k.p.r.p.TestFile    ... success: reloaded. 
87681      INFO  main            d.u.i.k.p.r.p.TestFile    Now processing file /home/runner/work/key/key/key.core/../key.ui/examples/heap/information_flow/ArrayList_get.key 
87682      INFO  main            d.u.i.k.p.i.AbstractProblemLoader Loading environment from /home/runner/work/key/key/key.core/../key.ui/examples/heap/information_flow/ArrayList_get.key 
87682      DEBUG main            d.u.i.k.p.i.AbstractProblemLoader Environment load took 309.6ns 
87683      INFO  main            d.u.i.k.p.i.AbstractProblemLoader Creating init config 
90404      DEBUG main            d.u.i.k.p.i.AbstractProblemLoader Init config took 2.72s 
90440      INFO  main            d.u.i.k.p.i.AbstractProblemLoader Replaying proof ArrayList[ArrayList::contains(java.lang.Object)].JML normal_behavior operation contract.0 
90441      DEBUG main            d.u.i.k.p.i.IntermediateProofReplayer Proof replay took 7.1ns 
91345      INFO  main            d.u.i.k.p.r.p.TestFile    ... finished proof: closed. 
91603      INFO  main            d.u.i.k.p.i.AbstractProblemLoader Loading environment from /home/runner/work/key/key/key.core/../key.ui/examples/heap/information_flow/ArrayList_get.key.proof 
91604      DEBUG main            d.u.i.k.p.i.AbstractProblemLoader Environment load took 526.11ns 
91605      INFO  main            d.u.i.k.p.i.AbstractProblemLoader Creating init config 
94239      DEBUG main            d.u.i.k.p.i.AbstractProblemLoader Init config took 2.63s 
94277      INFO  main            d.u.i.k.p.i.AbstractProblemLoader Replaying proof ArrayList[ArrayList::contains(java.lang.Object)].JML normal_behavior operation contract.0 
94403      DEBUG main            d.u.i.k.p.i.IntermediateProofReplayer Proof replay took 121.03ms 
94405      DEBUG main            d.u.i.k.p.r.p.TestFile    ... success: reloaded. 
94406      INFO  main            d.u.i.k.p.r.p.TestFile    Now processing file /home/runner/work/key/key/key.core/../key.ui/examples/heap/information_flow/ArrayList_size.key 
94406      INFO  main            d.u.i.k.p.i.AbstractProblemLoader Loading environment from /home/runner/work/key/key/key.core/../key.ui/examples/heap/information_flow/ArrayList_size.key 
94406      DEBUG main            d.u.i.k.p.i.AbstractProblemLoader Environment load took 214ns 
94407      INFO  main            d.u.i.k.p.i.AbstractProblemLoader Creating init config 
97123      DEBUG main            d.u.i.k.p.i.AbstractProblemLoader Init config took 2.72s 
97158      INFO  main            d.u.i.k.p.i.AbstractProblemLoader Replaying proof ArrayList[ArrayList::size()].JML normal_behavior operation contract.0 
97160      DEBUG main            d.u.i.k.p.i.IntermediateProofReplayer Proof replay took 6.4ns 
97261      INFO  main            d.u.i.k.p.r.p.TestFile    ... finished proof: closed. 
97508      INFO  main            d.u.i.k.p.i.AbstractProblemLoader Loading environment from /home/runner/work/key/key/key.core/../key.ui/examples/heap/information_flow/ArrayList_size.key.proof 
97508      DEBUG main            d.u.i.k.p.i.AbstractProblemLoader Environment load took 117.8ns 
97509      INFO  main            d.u.i.k.p.i.AbstractProblemLoader Creating init config 
100067     DEBUG main            d.u.i.k.p.i.AbstractProblemLoader Init config took 2.56s 
100107     INFO  main            d.u.i.k.p.i.AbstractProblemLoader Replaying proof ArrayList[ArrayList::size()].JML normal_behavior operation contract.0 
100122     DEBUG main            d.u.i.k.p.i.IntermediateProofReplayer Proof replay took 12.54ms 
100123     DEBUG main            d.u.i.k.p.r.p.TestFile    ... success: reloaded. 
100124     INFO  main            d.u.i.k.p.r.p.TestFile    Now processing file /home/runner/work/key/key/key.core/../key.ui/examples/heap/information_flow/UpdateAbstraction_ex7_3_secure.key 
100125     INFO  main            d.u.i.k.p.i.AbstractProblemLoader Loading environment from /home/runner/work/key/key/key.core/../key.ui/examples/heap/information_flow/UpdateAbstraction_ex7_3_secure.key 
100125     DEBUG main            d.u.i.k.p.i.AbstractProblemLoader Environment load took 252.2ns 
100126     INFO  main            d.u.i.k.p.i.AbstractProblemLoader Creating init config 
102837     DEBUG main            d.u.i.k.p.i.AbstractProblemLoader Init config took 2.71s 
102870     INFO  main            d.u.i.k.p.i.AbstractProblemLoader Replaying proof UpdateAbstraction[UpdateAbstraction::ex7_3_secure()].JML operation contract.0 
102872     DEBUG main            d.u.i.k.p.i.IntermediateProofReplayer Proof replay took 5.7ns 
103074     INFO  main            d.u.i.k.p.r.p.TestFile    ... finished proof: closed. 
103347     INFO  main            d.u.i.k.p.i.AbstractProblemLoader Loading environment from /home/runner/work/key/key/key.core/../key.ui/examples/heap/information_flow/UpdateAbstraction_ex7_3_secure.key.proof 
103348     DEBUG main            d.u.i.k.p.i.AbstractProblemLoader Environment load took 118.4ns 
103348     INFO  main            d.u.i.k.p.i.AbstractProblemLoader Creating init config 
105939     DEBUG main            d.u.i.k.p.i.AbstractProblemLoader Init config took 2.59s 
105974     INFO  main            d.u.i.k.p.i.AbstractProblemLoader Replaying proof UpdateAbstraction[UpdateAbstraction::ex7_3_secure()].JML operation contract.0 
106001     DEBUG main            d.u.i.k.p.i.IntermediateProofReplayer Proof replay took 25.5ms 
106002     DEBUG main            d.u.i.k.p.r.p.TestFile    ... success: reloaded. 
106003     INFO  main            d.u.i.k.p.r.p.TestFile    Now processing file /home/runner/work/key/key/key.core/../key.ui/examples/heap/information_flow/UpdateAbstraction_ex7_4_secure.key 
106004     INFO  main            d.u.i.k.p.i.AbstractProblemLoader Loading environment from /home/runner/work/key/key/key.core/../key.ui/examples/heap/information_flow/UpdateAbstraction_ex7_4_secure.key 
106004     DEBUG main            d.u.i.k.p.i.AbstractProblemLoader Environment load took 232.1ns 
106005     INFO  main            d.u.i.k.p.i.AbstractProblemLoader Creating init config 
108584     DEBUG main            d.u.i.k.p.i.AbstractProblemLoader Init config took 2.58s 
108619     INFO  main            d.u.i.k.p.i.AbstractProblemLoader Replaying proof UpdateAbstraction[UpdateAbstraction::ex7_4_secure()].JML operation contract.0 
108621     DEBUG main            d.u.i.k.p.i.IntermediateProofReplayer Proof replay took 6.1ns 
108823     INFO  main            d.u.i.k.p.r.p.TestFile    ... finished proof: closed. 
109089     INFO  main            d.u.i.k.p.i.AbstractProblemLoader Loading environment from /home/runner/work/key/key/key.core/../key.ui/examples/heap/information_flow/UpdateAbstraction_ex7_4_secure.key.proof 
109089     DEBUG main            d.u.i.k.p.i.AbstractProblemLoader Environment load took 118.2ns 
109090     INFO  main            d.u.i.k.p.i.AbstractProblemLoader Creating init config 
111647     DEBUG main            d.u.i.k.p.i.AbstractProblemLoader Init config took 2.56s 
111684     INFO  main            d.u.i.k.p.i.AbstractProblemLoader Replaying proof UpdateAbstraction[UpdateAbstraction::ex7_4_secure()].JML operation contract.0 
111725     DEBUG main            d.u.i.k.p.i.IntermediateProofReplayer Proof replay took 37.87ms 
111726     DEBUG main            d.u.i.k.p.r.p.TestFile    ... success: reloaded. 
111727     INFO  main            d.u.i.k.p.r.p.TestFile    Now processing file /home/runner/work/key/key/key.core/../key.ui/examples/heap/information_flow/UpdateAbstraction_ex7_5_secure.key 
111727     INFO  main            d.u.i.k.p.i.AbstractProblemLoader Loading environment from /home/runner/work/key/key/key.core/../key.ui/examples/heap/information_flow/UpdateAbstraction_ex7_5_secure.key 
111727     DEBUG main            d.u.i.k.p.i.AbstractProblemLoader Environment load took 116.9ns 
111728     INFO  main            d.u.i.k.p.i.AbstractProblemLoader Creating init config 
114359     DEBUG main            d.u.i.k.p.i.AbstractProblemLoader Init config took 2.63s 
114392     INFO  main            d.u.i.k.p.i.AbstractProblemLoader Replaying proof UpdateAbstraction[UpdateAbstraction::ex7_5_secure()].JML operation contract.0 
114393     DEBUG main            d.u.i.k.p.i.IntermediateProofReplayer Proof replay took 5.9ns 
114496     INFO  main            d.u.i.k.p.r.p.TestFile    ... finished proof: closed. 
114800     INFO  main            d.u.i.k.p.i.AbstractProblemLoader Loading environment from /home/runner/work/key/key/key.core/../key.ui/examples/heap/information_flow/UpdateAbstraction_ex7_5_secure.key.proof 
114800     DEBUG main            d.u.i.k.p.i.AbstractProblemLoader Environment load took 114.5ns 
114802     INFO  main            d.u.i.k.p.i.AbstractProblemLoader Creating init config 
117388     DEBUG main            d.u.i.k.p.i.AbstractProblemLoader Init config took 2.59s 
117422     INFO  main            d.u.i.k.p.i.AbstractProblemLoader Replaying proof UpdateAbstraction[UpdateAbstraction::ex7_5_secure()].JML operation contract.0 
117440     DEBUG main            d.u.i.k.p.i.IntermediateProofReplayer Proof replay took 15.82ms 
117440     DEBUG main            d.u.i.k.p.r.p.TestFile    ... success: reloaded. 
117441     INFO  main            d.u.i.k.p.r.p.TestFile    Now processing file /home/runner/work/key/key/key.core/../key.ui/examples/heap/information_flow/UpdateAbstraction_ex7_6_secure.key 
117441     INFO  main            d.u.i.k.p.i.AbstractProblemLoader Loading environment from /home/runner/work/key/key/key.core/../key.ui/examples/heap/information_flow/UpdateAbstraction_ex7_6_secure.key 
117441     DEBUG main            d.u.i.k.p.i.AbstractProblemLoader Environment load took 111.8ns 
117442     INFO  main            d.u.i.k.p.i.AbstractProblemLoader Creating init config 
120071     DEBUG main            d.u.i.k.p.i.AbstractProblemLoader Init config took 2.63s 
120108     INFO  main            d.u.i.k.p.i.AbstractProblemLoader Replaying proof UpdateAbstraction[UpdateAbstraction::ex7_6_secure()].JML operation contract.0 
120109     DEBUG main            d.u.i.k.p.i.IntermediateProofReplayer Proof replay took 5.8ns 
120412     INFO  main            d.u.i.k.p.r.p.TestFile    ... finished proof: closed. 
120729     INFO  main            d.u.i.k.p.i.AbstractProblemLoader Loading environment from /home/runner/work/key/key/key.core/../key.ui/examples/heap/information_flow/UpdateAbstraction_ex7_6_secure.key.proof 
120729     DEBUG main            d.u.i.k.p.i.AbstractProblemLoader Environment load took 114.2ns 
120730     INFO  main            d.u.i.k.p.i.AbstractProblemLoader Creating init config 
123336     DEBUG main            d.u.i.k.p.i.AbstractProblemLoader Init config took 2.61s 
123369     INFO  main            d.u.i.k.p.i.AbstractProblemLoader Replaying proof UpdateAbstraction[UpdateAbstraction::ex7_6_secure()].JML operation contract.0 
123425     DEBUG main            d.u.i.k.p.i.IntermediateProofReplayer Proof replay took 53.72ms 
123426     DEBUG main            d.u.i.k.p.r.p.TestFile    ... success: reloaded. 
123427     INFO  main            d.u.i.k.p.r.p.TestFile    Now processing file /home/runner/work/key/key/key.core/../key.ui/examples/heap/information_flow/UpdateAbstraction_ex9_secure.key 
123427     INFO  main            d.u.i.k.p.i.AbstractProblemLoader Loading environment from /home/runner/work/key/key/key.core/../key.ui/examples/heap/information_flow/UpdateAbstraction_ex9_secure.key 
123427     DEBUG main            d.u.i.k.p.i.AbstractProblemLoader Environment load took 115.4ns 
123430     INFO  main            d.u.i.k.p.i.AbstractProblemLoader Creating init config 
126313     DEBUG main            d.u.i.k.p.i.AbstractProblemLoader Init config took 2.88s 
126349     INFO  main            d.u.i.k.p.i.AbstractProblemLoader Replaying proof UpdateAbstraction[UpdateAbstraction::ex9_secure()].JML operation contract.0 
126351     DEBUG main            d.u.i.k.p.i.IntermediateProofReplayer Proof replay took 6.8ns 
127355     INFO  main            d.u.i.k.p.r.p.TestFile    ... finished proof: closed. 
127676     INFO  main            d.u.i.k.p.i.AbstractProblemLoader Loading environment from /home/runner/work/key/key/key.core/../key.ui/examples/heap/information_flow/UpdateAbstraction_ex9_secure.key.proof 
127676     DEBUG main            d.u.i.k.p.i.AbstractProblemLoader Environment load took 122.4ns 
127677     INFO  main            d.u.i.k.p.i.AbstractProblemLoader Creating init config 
130234     DEBUG main            d.u.i.k.p.i.AbstractProblemLoader Init config took 2.56s 
130272     INFO  main            d.u.i.k.p.i.AbstractProblemLoader Replaying proof UpdateAbstraction[UpdateAbstraction::ex9_secure()].JML operation contract.0 
130417     DEBUG main            d.u.i.k.p.i.IntermediateProofReplayer Proof replay took 141.9ms 
130418     DEBUG main            d.u.i.k.p.r.p.TestFile    ... success: reloaded. 
839726     INFO  Test worker     d.u.i.k.p.r.RunAllProofsTestUnit Returning from test javaCard 
839728     INFO  Test worker     d.u.i.k.p.r.RunAllProofsTestUnit Running test list 
338        INFO  Timeout watchdog d.u.i.k.p.r.p.ForkedTestFileRunner Timeout watcher launched (2000 secs.) 
343        WARN  main            d.u.i.k.s.ProofSettings   The settings in /home/runner/.key/proof-settings.props are *not* read. 
380        INFO  main            d.u.i.k.p.r.p.TestFile    Now processing file /home/runner/work/key/key/key.core/../key.ui/examples/heap/list/ArrayList_add.key 
498        INFO  main            d.u.i.k.p.i.AbstractProblemLoader Loading environment from /home/runner/work/key/key/key.core/../key.ui/examples/heap/list/ArrayList_add.key 
524        DEBUG main            d.u.i.k.p.i.AbstractProblemLoader Environment load took 2.28ms 
739        INFO  main            d.u.i.k.p.i.AbstractProblemLoader Creating init config 
1722       DEBUG main            d.u.i.k.j.TypeConverter   No LDT found for Meta 
1723       DEBUG main            d.u.i.k.j.TypeConverter   No LDT found for Meta 
1724       DEBUG main            d.u.i.k.j.TypeConverter   No LDT found for Meta 
1724       DEBUG main            d.u.i.k.j.TypeConverter   No LDT found for Meta 
3101       DEBUG main            d.u.i.k.j.TypeConverter   No LDT found for JavaBigintExpression 
6333       DEBUG main            d.u.i.k.j.r.ClassPreparationMethodBuilder clPrepBuilder: Inner Class detected. Reject building class initialisation methods. 
9065       DEBUG main            d.u.i.k.p.i.AbstractProblemLoader Init config took 8.33s 
9265       INFO  main            d.u.i.k.p.i.AbstractProblemLoader Replaying proof ArrayList[List::add(java.lang.Object)].JML normal_behavior operation contract.0 
9317       DEBUG main            d.u.i.k.p.i.IntermediateProofReplayer Proof replay took 42ns 
15129      INFO  main            d.u.i.k.p.r.p.TestFile    ... finished proof: closed. 
15342      INFO  main            d.u.i.k.p.i.AbstractProblemLoader Loading environment from /home/runner/work/key/key/key.core/../key.ui/examples/heap/list/ArrayList_add.key.proof 
15343      DEBUG main            d.u.i.k.p.i.AbstractProblemLoader Environment load took 1.08ms 
15346      INFO  main            d.u.i.k.p.i.AbstractProblemLoader Creating init config 
16521      DEBUG main            d.u.i.k.j.r.ClassPreparationMethodBuilder clPrepBuilder: Inner Class detected. Reject building class initialisation methods. 
18856      DEBUG main            d.u.i.k.p.i.AbstractProblemLoader Init config took 3.51s 
18928      INFO  main            d.u.i.k.p.i.AbstractProblemLoader Replaying proof ArrayList[List::add(java.lang.Object)].JML normal_behavior operation contract.0 
19597      DEBUG main            d.u.i.k.p.i.IntermediateProofReplayer Proof replay took 644.68ms 
19608      DEBUG main            d.u.i.k.p.r.p.TestFile    ... success: reloaded. 
19610      INFO  main            d.u.i.k.p.r.p.TestFile    Now processing file /home/runner/work/key/key/key.core/../key.ui/examples/heap/list/ArrayList_ArrayList.key 
19611      INFO  main            d.u.i.k.p.i.AbstractProblemLoader Loading environment from /home/runner/work/key/key/key.core/../key.ui/examples/heap/list/ArrayList_ArrayList.key 
19611      DEBUG main            d.u.i.k.p.i.AbstractProblemLoader Environment load took 271.1ns 
19613      INFO  main            d.u.i.k.p.i.AbstractProblemLoader Creating init config 
20687      DEBUG main            d.u.i.k.j.r.ClassPreparationMethodBuilder clPrepBuilder: Inner Class detected. Reject building class initialisation methods. 
22917      DEBUG main            d.u.i.k.p.i.AbstractProblemLoader Init config took 3.3s 
22997      INFO  main            d.u.i.k.p.i.AbstractProblemLoader Replaying proof ArrayList[ArrayList::ArrayList()].JML normal_behavior operation contract.0 
22999      DEBUG main            d.u.i.k.p.i.IntermediateProofReplayer Proof replay took 5.7ns 
24606      INFO  main            d.u.i.k.p.r.p.TestFile    ... finished proof: closed. 
24775      INFO  main            d.u.i.k.p.i.AbstractProblemLoader Loading environment from /home/runner/work/key/key/key.core/../key.ui/examples/heap/list/ArrayList_ArrayList.key.proof 
24775      DEBUG main            d.u.i.k.p.i.AbstractProblemLoader Environment load took 221.4ns 
24777      INFO  main            d.u.i.k.p.i.AbstractProblemLoader Creating init config 
25842      DEBUG main            d.u.i.k.j.r.ClassPreparationMethodBuilder clPrepBuilder: Inner Class detected. Reject building class initialisation methods. 
28022      DEBUG main            d.u.i.k.p.i.AbstractProblemLoader Init config took 3.25s 
28083      INFO  main            d.u.i.k.p.i.AbstractProblemLoader Replaying proof ArrayList[ArrayList::ArrayList()].JML normal_behavior operation contract.0 
28270      DEBUG main            d.u.i.k.p.i.IntermediateProofReplayer Proof replay took 176.92ms 
28272      DEBUG main            d.u.i.k.p.r.p.TestFile    ... success: reloaded. 
28274      INFO  main            d.u.i.k.p.r.p.TestFile    Now processing file /home/runner/work/key/key/key.core/../key.ui/examples/heap/list/ArrayList_concatenate.key 
28274      INFO  main            d.u.i.k.p.i.AbstractProblemLoader Loading environment from /home/runner/work/key/key/key.core/../key.ui/examples/heap/list/ArrayList_concatenate.key 
28274      DEBUG main            d.u.i.k.p.i.AbstractProblemLoader Environment load took 266.6ns 
28275      INFO  main            d.u.i.k.p.i.AbstractProblemLoader Creating init config 
29345      DEBUG main            d.u.i.k.j.r.ClassPreparationMethodBuilder clPrepBuilder: Inner Class detected. Reject building class initialisation methods. 
31541      DEBUG main            d.u.i.k.p.i.AbstractProblemLoader Init config took 3.27s 
31609      INFO  main            d.u.i.k.p.i.AbstractProblemLoader Replaying proof ArrayList[List::concatenate(List)].JML normal_behavior operation contract.0 
31613      DEBUG main            d.u.i.k.p.i.IntermediateProofReplayer Proof replay took 5.4ns 
54734      INFO  main            d.u.i.k.p.r.p.TestFile    ... finished proof: closed. 
55020      INFO  main            d.u.i.k.p.i.AbstractProblemLoader Loading environment from /home/runner/work/key/key/key.core/../key.ui/examples/heap/list/ArrayList_concatenate.key.proof 
55020      DEBUG main            d.u.i.k.p.i.AbstractProblemLoader Environment load took 560.61ns 
55026      INFO  main            d.u.i.k.p.i.AbstractProblemLoader Creating init config 
56070      DEBUG main            d.u.i.k.j.r.ClassPreparationMethodBuilder clPrepBuilder: Inner Class detected. Reject building class initialisation methods. 
58240      DEBUG main            d.u.i.k.p.i.AbstractProblemLoader Init config took 3.21s 
58321      INFO  main            d.u.i.k.p.i.AbstractProblemLoader Replaying proof ArrayList[List::concatenate(List)].JML normal_behavior operation contract.0 
60013      DEBUG main            d.u.i.k.p.i.IntermediateProofReplayer Proof replay took 1.61s 
60017      DEBUG main            d.u.i.k.p.r.p.TestFile    ... success: reloaded. 
60018      INFO  main            d.u.i.k.p.r.p.TestFile    Now processing file /home/runner/work/key/key/key.core/../key.ui/examples/heap/list/ArrayList_contains_dep.key 
60019      INFO  main            d.u.i.k.p.i.AbstractProblemLoader Loading environment from /home/runner/work/key/key/key.core/../key.ui/examples/heap/list/ArrayList_contains_dep.key 
60019      DEBUG main            d.u.i.k.p.i.AbstractProblemLoader Environment load took 138.4ns 
60020      INFO  main            d.u.i.k.p.i.AbstractProblemLoader Creating init config 
61067      DEBUG main            d.u.i.k.j.r.ClassPreparationMethodBuilder clPrepBuilder: Inner Class detected. Reject building class initialisation methods. 
63262      DEBUG main            d.u.i.k.p.i.AbstractProblemLoader Init config took 3.24s 
63348      INFO  main            d.u.i.k.p.i.AbstractProblemLoader Replaying proof ArrayList[List::contains(java.lang.Object)].JML accessible clause.0 
63350      DEBUG main            d.u.i.k.p.i.IntermediateProofReplayer Proof replay took 6.7ns 
66096      INFO  main            d.u.i.k.p.r.p.TestFile    ... finished proof: closed. 
66319      INFO  main            d.u.i.k.p.i.AbstractProblemLoader Loading environment from /home/runner/work/key/key/key.core/../key.ui/examples/heap/list/ArrayList_contains_dep.key.proof 
66320      DEBUG main            d.u.i.k.p.i.AbstractProblemLoader Environment load took 528.2ns 
66321      INFO  main            d.u.i.k.p.i.AbstractProblemLoader Creating init config 
67326      DEBUG main            d.u.i.k.j.r.ClassPreparationMethodBuilder clPrepBuilder: Inner Class detected. Reject building class initialisation methods. 
69346      DEBUG main            d.u.i.k.p.i.AbstractProblemLoader Init config took 3.03s 
69396      INFO  main            d.u.i.k.p.i.AbstractProblemLoader Replaying proof ArrayList[List::contains(java.lang.Object)].JML accessible clause.0 
69733      DEBUG main            d.u.i.k.p.i.IntermediateProofReplayer Proof replay took 326.77ms 
69734      DEBUG main            d.u.i.k.p.r.p.TestFile    ... success: reloaded. 
69736      INFO  main            d.u.i.k.p.r.p.TestFile    Now processing file /home/runner/work/key/key/key.core/../key.ui/examples/heap/list/ArrayList_enlarge.key 
69736      INFO  main            d.u.i.k.p.i.AbstractProblemLoader Loading environment from /home/runner/work/key/key/key.core/../key.ui/examples/heap/list/ArrayList_enlarge.key 
69737      DEBUG main            d.u.i.k.p.i.AbstractProblemLoader Environment load took 215.1ns 
69738      INFO  main            d.u.i.k.p.i.AbstractProblemLoader Creating init config 
70715      DEBUG main            d.u.i.k.j.r.ClassPreparationMethodBuilder clPrepBuilder: Inner Class detected. Reject building class initialisation methods. 
72807      DEBUG main            d.u.i.k.p.i.AbstractProblemLoader Init config took 3.07s 
72857      INFO  main            d.u.i.k.p.i.AbstractProblemLoader Replaying proof ArrayList[ArrayList::enlarge()].JML normal_behavior operation contract.0 
72859      DEBUG main            d.u.i.k.p.i.IntermediateProofReplayer Proof replay took 5.2ns 
75310      INFO  main            d.u.i.k.p.r.p.TestFile    ... finished proof: closed. 
75538      INFO  main            d.u.i.k.p.i.AbstractProblemLoader Loading environment from /home/runner/work/key/key/key.core/../key.ui/examples/heap/list/ArrayList_enlarge.key.proof 
75540      DEBUG main            d.u.i.k.p.i.AbstractProblemLoader Environment load took 1.73ms 
75541      INFO  main            d.u.i.k.p.i.AbstractProblemLoader Creating init config 
76503      DEBUG main            d.u.i.k.j.r.ClassPreparationMethodBuilder clPrepBuilder: Inner Class detected. Reject building class initialisation methods. 
78692      DEBUG main            d.u.i.k.p.i.AbstractProblemLoader Init config took 3.15s 
78746      INFO  main            d.u.i.k.p.i.AbstractProblemLoader Replaying proof ArrayList[ArrayList::enlarge()].JML normal_behavior operation contract.0 
79047      DEBUG main            d.u.i.k.p.i.IntermediateProofReplayer Proof replay took 292ms 
79048      DEBUG main            d.u.i.k.p.r.p.TestFile    ... success: reloaded. 
79049      INFO  main            d.u.i.k.p.r.p.TestFile    Now processing file /home/runner/work/key/key/key.core/../key.ui/examples/heap/list/ArrayList_footprint.key 
79050      INFO  main            d.u.i.k.p.i.AbstractProblemLoader Loading environment from /home/runner/work/key/key/key.core/../key.ui/examples/heap/list/ArrayList_footprint.key 
79050      DEBUG main            d.u.i.k.p.i.AbstractProblemLoader Environment load took 220.5ns 
79051      INFO  main            d.u.i.k.p.i.AbstractProblemLoader Creating init config 
80021      DEBUG main            d.u.i.k.j.r.ClassPreparationMethodBuilder clPrepBuilder: Inner Class detected. Reject building class initialisation methods. 
82109      DEBUG main            d.u.i.k.p.i.AbstractProblemLoader Init config took 3.06s 
82153      INFO  main            d.u.i.k.p.i.AbstractProblemLoader Replaying proof List[List::$footprint()].JML accessible clause.0 
82155      DEBUG main            d.u.i.k.p.i.IntermediateProofReplayer Proof replay took 5.2ns 
82259      INFO  main            d.u.i.k.p.r.p.TestFile    ... finished proof: closed. 
82444      INFO  main            d.u.i.k.p.i.AbstractProblemLoader Loading environment from /home/runner/work/key/key/key.core/../key.ui/examples/heap/list/ArrayList_footprint.key.proof 
82444      DEBUG main            d.u.i.k.p.i.AbstractProblemLoader Environment load took 156.6ns 
82445      INFO  main            d.u.i.k.p.i.AbstractProblemLoader Creating init config 
83436      DEBUG main            d.u.i.k.j.r.ClassPreparationMethodBuilder clPrepBuilder: Inner Class detected. Reject building class initialisation methods. 
85536      DEBUG main            d.u.i.k.p.i.AbstractProblemLoader Init config took 3.09s 
85579      INFO  main            d.u.i.k.p.i.AbstractProblemLoader Replaying proof List[List::$footprint()].JML accessible clause.0 
85582      DEBUG main            d.u.i.k.p.i.IntermediateProofReplayer Proof replay took 935.81ns 
85583      DEBUG main            d.u.i.k.p.r.p.TestFile    ... success: reloaded. 
85584      INFO  main            d.u.i.k.p.r.p.TestFile    Now processing file /home/runner/work/key/key/key.core/../key.ui/examples/heap/list/ArrayList_get_dep.key 
85585      INFO  main            d.u.i.k.p.i.AbstractProblemLoader Loading environment from /home/runner/work/key/key/key.core/../key.ui/examples/heap/list/ArrayList_get_dep.key 
85585      DEBUG main            d.u.i.k.p.i.AbstractProblemLoader Environment load took 162.1ns 
85586      INFO  main            d.u.i.k.p.i.AbstractProblemLoader Creating init config 
86559      DEBUG main            d.u.i.k.j.r.ClassPreparationMethodBuilder clPrepBuilder: Inner Class detected. Reject building class initialisation methods. 
88638      DEBUG main            d.u.i.k.p.i.AbstractProblemLoader Init config took 3.05s 
88683      INFO  main            d.u.i.k.p.i.AbstractProblemLoader Replaying proof ArrayList[List::get(int)].JML accessible clause.0 
88685      DEBUG main            d.u.i.k.p.i.IntermediateProofReplayer Proof replay took 5.4ns 
89193      INFO  main            d.u.i.k.p.r.p.TestFile    ... finished proof: closed. 
89379      INFO  main            d.u.i.k.p.i.AbstractProblemLoader Loading environment from /home/runner/work/key/key/key.core/../key.ui/examples/heap/list/ArrayList_get_dep.key.proof 
89379      DEBUG main            d.u.i.k.p.i.AbstractProblemLoader Environment load took 132.6ns 
89380      INFO  main            d.u.i.k.p.i.AbstractProblemLoader Creating init config 
90369      DEBUG main            d.u.i.k.j.r.ClassPreparationMethodBuilder clPrepBuilder: Inner Class detected. Reject building class initialisation methods. 
92396      DEBUG main            d.u.i.k.p.i.AbstractProblemLoader Init config took 3.02s 
92445      INFO  main            d.u.i.k.p.i.AbstractProblemLoader Replaying proof ArrayList[List::get(int)].JML accessible clause.0 
92518      DEBUG main            d.u.i.k.p.i.IntermediateProofReplayer Proof replay took 68.17ms 
92520      DEBUG main            d.u.i.k.p.r.p.TestFile    ... success: reloaded. 
92523      INFO  main            d.u.i.k.p.r.p.TestFile    Now processing file /home/runner/work/key/key/key.core/../key.ui/examples/heap/list/ArrayList_get_exceptional.key 
92523      INFO  main            d.u.i.k.p.i.AbstractProblemLoader Loading environment from /home/runner/work/key/key/key.core/../key.ui/examples/heap/list/ArrayList_get_exceptional.key 
92526      DEBUG main            d.u.i.k.p.i.AbstractProblemLoader Environment load took 2.45ms 
92527      INFO  main            d.u.i.k.p.i.AbstractProblemLoader Creating init config 
93508      DEBUG main            d.u.i.k.j.r.ClassPreparationMethodBuilder clPrepBuilder: Inner Class detected. Reject building class initialisation methods. 
95620      DEBUG main            d.u.i.k.p.i.AbstractProblemLoader Init config took 3.09s 
95666      INFO  main            d.u.i.k.p.i.AbstractProblemLoader Replaying proof ArrayList[List::get(int)].JML exceptional_behavior operation contract.0 
95668      DEBUG main            d.u.i.k.p.i.IntermediateProofReplayer Proof replay took 56.4ns 
96875      INFO  main            d.u.i.k.p.r.p.TestFile    ... finished proof: closed. 
97095      INFO  main            d.u.i.k.p.i.AbstractProblemLoader Loading environment from /home/runner/work/key/key/key.core/../key.ui/examples/heap/list/ArrayList_get_exceptional.key.proof 
97096      DEBUG main            d.u.i.k.p.i.AbstractProblemLoader Environment load took 648.81ns 
97097      INFO  main            d.u.i.k.p.i.AbstractProblemLoader Creating init config 
98045      DEBUG main            d.u.i.k.j.r.ClassPreparationMethodBuilder clPrepBuilder: Inner Class detected. Reject building class initialisation methods. 
100152     DEBUG main            d.u.i.k.p.i.AbstractProblemLoader Init config took 3.05s 
100199     INFO  main            d.u.i.k.p.i.AbstractProblemLoader Replaying proof ArrayList[List::get(int)].JML exceptional_behavior operation contract.0 
100396     DEBUG main            d.u.i.k.p.i.IntermediateProofReplayer Proof replay took 191.11ms 
100397     DEBUG main            d.u.i.k.p.r.p.TestFile    ... success: reloaded. 
100399     INFO  main            d.u.i.k.p.r.p.TestFile    Now processing file /home/runner/work/key/key/key.core/../key.ui/examples/heap/list/ArrayList_get_normal.key 
100399     INFO  main            d.u.i.k.p.i.AbstractProblemLoader Loading environment from /home/runner/work/key/key/key.core/../key.ui/examples/heap/list/ArrayList_get_normal.key 
100399     DEBUG main            d.u.i.k.p.i.AbstractProblemLoader Environment load took 104.4ns 
100400     INFO  main            d.u.i.k.p.i.AbstractProblemLoader Creating init config 
101401     DEBUG main            d.u.i.k.j.r.ClassPreparationMethodBuilder clPrepBuilder: Inner Class detected. Reject building class initialisation methods. 
103489     DEBUG main            d.u.i.k.p.i.AbstractProblemLoader Init config took 3.09s 
103535     INFO  main            d.u.i.k.p.i.AbstractProblemLoader Replaying proof ArrayList[List::get(int)].JML normal_behavior operation contract.0 
103536     DEBUG main            d.u.i.k.p.i.IntermediateProofReplayer Proof replay took 5.6ns 
103940     INFO  main            d.u.i.k.p.r.p.TestFile    ... finished proof: closed. 
104167     INFO  main            d.u.i.k.p.i.AbstractProblemLoader Loading environment from /home/runner/work/key/key/key.core/../key.ui/examples/heap/list/ArrayList_get_normal.key.proof 
104168     DEBUG main            d.u.i.k.p.i.AbstractProblemLoader Environment load took 524.1ns 
104169     INFO  main            d.u.i.k.p.i.AbstractProblemLoader Creating init config 
105180     DEBUG main            d.u.i.k.j.r.ClassPreparationMethodBuilder clPrepBuilder: Inner Class detected. Reject building class initialisation methods. 
107285     DEBUG main            d.u.i.k.p.i.AbstractProblemLoader Init config took 3.12s 
107330     INFO  main            d.u.i.k.p.i.AbstractProblemLoader Replaying proof ArrayList[List::get(int)].JML normal_behavior operation contract.0 
107390     DEBUG main            d.u.i.k.p.i.IntermediateProofReplayer Proof replay took 56.1ms 
107391     DEBUG main            d.u.i.k.p.r.p.TestFile    ... success: reloaded. 
107392     INFO  main            d.u.i.k.p.r.p.TestFile    Now processing file /home/runner/work/key/key/key.core/../key.ui/examples/heap/list/ArrayList_inv.key 
107395     INFO  main            d.u.i.k.p.i.AbstractProblemLoader Loading environment from /home/runner/work/key/key/key.core/../key.ui/examples/heap/list/ArrayList_inv.key 
107395     DEBUG main            d.u.i.k.p.i.AbstractProblemLoader Environment load took 300.3ns 
107396     INFO  main            d.u.i.k.p.i.AbstractProblemLoader Creating init config 
108357     DEBUG main            d.u.i.k.j.r.ClassPreparationMethodBuilder clPrepBuilder: Inner Class detected. Reject building class initialisation methods. 
110466     DEBUG main            d.u.i.k.p.i.AbstractProblemLoader Init config took 3.07s 
110515     INFO  main            d.u.i.k.p.i.AbstractProblemLoader Replaying proof ArrayList[java.lang.Object::<inv>()].JML accessible clause.0 
110517     DEBUG main            d.u.i.k.p.i.IntermediateProofReplayer Proof replay took 6ns 
110920     INFO  main            d.u.i.k.p.r.p.TestFile    ... finished proof: closed. 
111160     INFO  main            d.u.i.k.p.i.AbstractProblemLoader Loading environment from /home/runner/work/key/key/key.core/../key.ui/examples/heap/list/ArrayList_inv.key.proof 
111160     DEBUG main            d.u.i.k.p.i.AbstractProblemLoader Environment load took 117.4ns 
111161     INFO  main            d.u.i.k.p.i.AbstractProblemLoader Creating init config 
112210     DEBUG main            d.u.i.k.j.r.ClassPreparationMethodBuilder clPrepBuilder: Inner Class detected. Reject building class initialisation methods. 
114310     DEBUG main            d.u.i.k.p.i.AbstractProblemLoader Init config took 3.15s 
114365     INFO  main            d.u.i.k.p.i.AbstractProblemLoader Replaying proof ArrayList[java.lang.Object::<inv>()].JML accessible clause.0 
114403     DEBUG main            d.u.i.k.p.i.IntermediateProofReplayer Proof replay took 34.86ms 
114404     DEBUG main            d.u.i.k.p.r.p.TestFile    ... success: reloaded. 
114406     INFO  main            d.u.i.k.p.r.p.TestFile    Now processing file /home/runner/work/key/key/key.core/../key.ui/examples/heap/list/ArrayList_iterator.key 
114406     INFO  main            d.u.i.k.p.i.AbstractProblemLoader Loading environment from /home/runner/work/key/key/key.core/../key.ui/examples/heap/list/ArrayList_iterator.key 
114406     DEBUG main            d.u.i.k.p.i.AbstractProblemLoader Environment load took 257.8ns 
114407     INFO  main            d.u.i.k.p.i.AbstractProblemLoader Creating init config 
115441     DEBUG main            d.u.i.k.j.r.ClassPreparationMethodBuilder clPrepBuilder: Inner Class detected. Reject building class initialisation methods. 
117556     DEBUG main            d.u.i.k.p.i.AbstractProblemLoader Init config took 3.15s 
117601     INFO  main            d.u.i.k.p.i.AbstractProblemLoader Replaying proof ArrayList[List::iterator()].JML normal_behavior operation contract.0 
117602     DEBUG main            d.u.i.k.p.i.IntermediateProofReplayer Proof replay took 5.8ns 
118220     INFO  main            d.u.i.k.p.r.p.TestFile    ... finished proof: closed. 
118435     INFO  main            d.u.i.k.p.i.AbstractProblemLoader Loading environment from /home/runner/work/key/key/key.core/../key.ui/examples/heap/list/ArrayList_iterator.key.proof 
118435     DEBUG main            d.u.i.k.p.i.AbstractProblemLoader Environment load took 123.4ns 
118436     INFO  main            d.u.i.k.p.i.AbstractProblemLoader Creating init config 
119414     DEBUG main            d.u.i.k.j.r.ClassPreparationMethodBuilder clPrepBuilder: Inner Class detected. Reject building class initialisation methods. 
121514     DEBUG main            d.u.i.k.p.i.AbstractProblemLoader Init config took 3.08s 
121570     INFO  main            d.u.i.k.p.i.AbstractProblemLoader Replaying proof ArrayList[List::iterator()].JML normal_behavior operation contract.0 
121649     DEBUG main            d.u.i.k.p.i.IntermediateProofReplayer Proof replay took 72.33ms 
121651     DEBUG main            d.u.i.k.p.r.p.TestFile    ... success: reloaded. 
121653     INFO  main            d.u.i.k.p.r.p.TestFile    Now processing file /home/runner/work/key/key/key.core/../key.ui/examples/heap/list/ArrayList_size_dep.key 
121653     INFO  main            d.u.i.k.p.i.AbstractProblemLoader Loading environment from /home/runner/work/key/key/key.core/../key.ui/examples/heap/list/ArrayList_size_dep.key 
121654     DEBUG main            d.u.i.k.p.i.AbstractProblemLoader Environment load took 466.5ns 
121655     INFO  main            d.u.i.k.p.i.AbstractProblemLoader Creating init config 
122671     DEBUG main            d.u.i.k.j.r.ClassPreparationMethodBuilder clPrepBuilder: Inner Class detected. Reject building class initialisation methods. 
124800     DEBUG main            d.u.i.k.p.i.AbstractProblemLoader Init config took 3.15s 
124846     INFO  main            d.u.i.k.p.i.AbstractProblemLoader Replaying proof ArrayList[List::size()].JML accessible clause.0 
124847     DEBUG main            d.u.i.k.p.i.IntermediateProofReplayer Proof replay took 5.2ns 
125049     INFO  main            d.u.i.k.p.r.p.TestFile    ... finished proof: closed. 
125285     INFO  main            d.u.i.k.p.i.AbstractProblemLoader Loading environment from /home/runner/work/key/key/key.core/../key.ui/examples/heap/list/ArrayList_size_dep.key.proof 
125285     DEBUG main            d.u.i.k.p.i.AbstractProblemLoader Environment load took 159.1ns 
125290     INFO  main            d.u.i.k.p.i.AbstractProblemLoader Creating init config 
126253     DEBUG main            d.u.i.k.j.r.ClassPreparationMethodBuilder clPrepBuilder: Inner Class detected. Reject building class initialisation methods. 
128334     DEBUG main            d.u.i.k.p.i.AbstractProblemLoader Init config took 3.04s 
128396     INFO  main            d.u.i.k.p.i.AbstractProblemLoader Replaying proof ArrayList[List::size()].JML accessible clause.0 
128417     DEBUG main            d.u.i.k.p.i.IntermediateProofReplayer Proof replay took 16.61ms 
128418     DEBUG main            d.u.i.k.p.r.p.TestFile    ... success: reloaded. 
128420     INFO  main            d.u.i.k.p.r.p.TestFile    Now processing file /home/runner/work/key/key/key.core/../key.ui/examples/heap/list/ArrayList_size.key 
128421     INFO  main            d.u.i.k.p.i.AbstractProblemLoader Loading environment from /home/runner/work/key/key/key.core/../key.ui/examples/heap/list/ArrayList_size.key 
128421     DEBUG main            d.u.i.k.p.i.AbstractProblemLoader Environment load took 134.3ns 
128423     INFO  main            d.u.i.k.p.i.AbstractProblemLoader Creating init config 
129411     DEBUG main            d.u.i.k.j.r.ClassPreparationMethodBuilder clPrepBuilder: Inner Class detected. Reject building class initialisation methods. 
131529     DEBUG main            d.u.i.k.p.i.AbstractProblemLoader Init config took 3.11s 
131575     INFO  main            d.u.i.k.p.i.AbstractProblemLoader Replaying proof ArrayList[List::size()].JML normal_behavior operation contract.0 
131576     DEBUG main            d.u.i.k.p.i.IntermediateProofReplayer Proof replay took 5.9ns 
131878     INFO  main            d.u.i.k.p.r.p.TestFile    ... finished proof: closed. 
132129     INFO  main            d.u.i.k.p.i.AbstractProblemLoader Loading environment from /home/runner/work/key/key/key.core/../key.ui/examples/heap/list/ArrayList_size.key.proof 
132129     DEBUG main            d.u.i.k.p.i.AbstractProblemLoader Environment load took 134.5ns 
132130     INFO  main            d.u.i.k.p.i.AbstractProblemLoader Creating init config 
133051     DEBUG main            d.u.i.k.j.r.ClassPreparationMethodBuilder clPrepBuilder: Inner Class detected. Reject building class initialisation methods. 
135119     DEBUG main            d.u.i.k.p.i.AbstractProblemLoader Init config took 2.99s 
135164     INFO  main            d.u.i.k.p.i.AbstractProblemLoader Replaying proof ArrayList[List::size()].JML normal_behavior operation contract.0 
135193     DEBUG main            d.u.i.k.p.i.IntermediateProofReplayer Proof replay took 26.61ms 
135194     DEBUG main            d.u.i.k.p.r.p.TestFile    ... success: reloaded. 
135195     INFO  main            d.u.i.k.p.r.p.TestFile    Now processing file /home/runner/work/key/key/key.core/../key.ui/examples/heap/list/ArrayList.ArrayListIterator_ArrayListIterator.key 
135196     INFO  main            d.u.i.k.p.i.AbstractProblemLoader Loading environment from /home/runner/work/key/key/key.core/../key.ui/examples/heap/list/ArrayList.ArrayListIterator_ArrayListIterator.key 
135196     DEBUG main            d.u.i.k.p.i.AbstractProblemLoader Environment load took 142ns 
135197     INFO  main            d.u.i.k.p.i.AbstractProblemLoader Creating init config 
136180     DEBUG main            d.u.i.k.j.r.ClassPreparationMethodBuilder clPrepBuilder: Inner Class detected. Reject building class initialisation methods. 
138241     DEBUG main            d.u.i.k.p.i.AbstractProblemLoader Init config took 3.04s 
138297     INFO  main            d.u.i.k.p.i.AbstractProblemLoader Replaying proof ArrayList.ArrayListIterator[ArrayList.ArrayListIterator::ArrayListIterator(ArrayList)].JML normal_behavior operation contract.0 
138298     DEBUG main            d.u.i.k.p.i.IntermediateProofReplayer Proof replay took 5.8ns 
138918     INFO  main            d.u.i.k.p.r.p.TestFile    ... finished proof: closed. 
139167     INFO  main            d.u.i.k.p.i.AbstractProblemLoader Loading environment from /home/runner/work/key/key/key.core/../key.ui/examples/heap/list/ArrayList.ArrayListIterator_ArrayListIterator.key.proof 
139168     DEBUG main            d.u.i.k.p.i.AbstractProblemLoader Environment load took 509.9ns 
139169     INFO  main            d.u.i.k.p.i.AbstractProblemLoader Creating init config 
140110     DEBUG main            d.u.i.k.j.r.ClassPreparationMethodBuilder clPrepBuilder: Inner Class detected. Reject building class initialisation methods. 
142177     DEBUG main            d.u.i.k.p.i.AbstractProblemLoader Init config took 3.01s 
142234     INFO  main            d.u.i.k.p.i.AbstractProblemLoader Replaying proof ArrayList.ArrayListIterator[ArrayList.ArrayListIterator::ArrayListIterator(ArrayList)].JML normal_behavior operation contract.0 
142316     DEBUG main            d.u.i.k.p.i.IntermediateProofReplayer Proof replay took 78.16ms 
142317     DEBUG main            d.u.i.k.p.r.p.TestFile    ... success: reloaded. 
142318     INFO  main            d.u.i.k.p.r.p.TestFile    Now processing file /home/runner/work/key/key/key.core/../key.ui/examples/heap/list/ArrayList.ArrayListIterator_hasNext_dep.key 
142318     INFO  main            d.u.i.k.p.i.AbstractProblemLoader Loading environment from /home/runner/work/key/key/key.core/../key.ui/examples/heap/list/ArrayList.ArrayListIterator_hasNext_dep.key 
142319     DEBUG main            d.u.i.k.p.i.AbstractProblemLoader Environment load took 63.7ns 
142319     INFO  main            d.u.i.k.p.i.AbstractProblemLoader Creating init config 
143273     DEBUG main            d.u.i.k.j.r.ClassPreparationMethodBuilder clPrepBuilder: Inner Class detected. Reject building class initialisation methods. 
145379     DEBUG main            d.u.i.k.p.i.AbstractProblemLoader Init config took 3.06s 
145431     INFO  main            d.u.i.k.p.i.AbstractProblemLoader Replaying proof ArrayList.ArrayListIterator[ListIterator::hasNext()].JML accessible clause.0 
145433     DEBUG main            d.u.i.k.p.i.IntermediateProofReplayer Proof replay took 6ns 
145836     INFO  main            d.u.i.k.p.r.p.TestFile    ... finished proof: closed. 
146128     INFO  main            d.u.i.k.p.i.AbstractProblemLoader Loading environment from /home/runner/work/key/key/key.core/../key.ui/examples/heap/list/ArrayList.ArrayListIterator_hasNext_dep.key.proof 
146128     DEBUG main            d.u.i.k.p.i.AbstractProblemLoader Environment load took 138.3ns 
146129     INFO  main            d.u.i.k.p.i.AbstractProblemLoader Creating init config 
147044     DEBUG main            d.u.i.k.j.r.ClassPreparationMethodBuilder clPrepBuilder: Inner Class detected. Reject building class initialisation methods. 
149031     DEBUG main            d.u.i.k.p.i.AbstractProblemLoader Init config took 2.9s 
149083     INFO  main            d.u.i.k.p.i.AbstractProblemLoader Replaying proof ArrayList.ArrayListIterator[ListIterator::hasNext()].JML accessible clause.0 
149120     DEBUG main            d.u.i.k.p.i.IntermediateProofReplayer Proof replay took 34.39ms 
149121     DEBUG main            d.u.i.k.p.r.p.TestFile    ... success: reloaded. 
149122     INFO  main            d.u.i.k.p.r.p.TestFile    Now processing file /home/runner/work/key/key/key.core/../key.ui/examples/heap/list/ArrayList.ArrayListIterator_hasNext.key 
149122     INFO  main            d.u.i.k.p.i.AbstractProblemLoader Loading environment from /home/runner/work/key/key/key.core/../key.ui/examples/heap/list/ArrayList.ArrayListIterator_hasNext.key 
149123     DEBUG main            d.u.i.k.p.i.AbstractProblemLoader Environment load took 136.2ns 
149124     INFO  main            d.u.i.k.p.i.AbstractProblemLoader Creating init config 
150089     DEBUG main            d.u.i.k.j.r.ClassPreparationMethodBuilder clPrepBuilder: Inner Class detected. Reject building class initialisation methods. 
152165     DEBUG main            d.u.i.k.p.i.AbstractProblemLoader Init config took 3.04s 
152220     INFO  main            d.u.i.k.p.i.AbstractProblemLoader Replaying proof ArrayList.ArrayListIterator[ListIterator::hasNext()].JML normal_behavior operation contract.0 
152222     DEBUG main            d.u.i.k.p.i.IntermediateProofReplayer Proof replay took 5.9ns 
152625     INFO  main            d.u.i.k.p.r.p.TestFile    ... finished proof: closed. 
152883     INFO  main            d.u.i.k.p.i.AbstractProblemLoader Loading environment from /home/runner/work/key/key/key.core/../key.ui/examples/heap/list/ArrayList.ArrayListIterator_hasNext.key.proof 
152883     DEBUG main            d.u.i.k.p.i.AbstractProblemLoader Environment load took 119.8ns 
152884     INFO  main            d.u.i.k.p.i.AbstractProblemLoader Creating init config 
153850     DEBUG main            d.u.i.k.j.r.ClassPreparationMethodBuilder clPrepBuilder: Inner Class detected. Reject building class initialisation methods. 
155900     DEBUG main            d.u.i.k.p.i.AbstractProblemLoader Init config took 3.02s 
155950     INFO  main            d.u.i.k.p.i.AbstractProblemLoader Replaying proof ArrayList.ArrayListIterator[ListIterator::hasNext()].JML normal_behavior operation contract.0 
155998     DEBUG main            d.u.i.k.p.i.IntermediateProofReplayer Proof replay took 44.99ms 
155999     DEBUG main            d.u.i.k.p.r.p.TestFile    ... success: reloaded. 
156000     INFO  main            d.u.i.k.p.r.p.TestFile    Now processing file /home/runner/work/key/key/key.core/../key.ui/examples/heap/list/ArrayList.ArrayListIterator_inv.key 
156001     INFO  main            d.u.i.k.p.i.AbstractProblemLoader Loading environment from /home/runner/work/key/key/key.core/../key.ui/examples/heap/list/ArrayList.ArrayListIterator_inv.key 
156001     DEBUG main            d.u.i.k.p.i.AbstractProblemLoader Environment load took 106.7ns 
156002     INFO  main            d.u.i.k.p.i.AbstractProblemLoader Creating init config 
156977     DEBUG main            d.u.i.k.j.r.ClassPreparationMethodBuilder clPrepBuilder: Inner Class detected. Reject building class initialisation methods. 
158996     DEBUG main            d.u.i.k.p.i.AbstractProblemLoader Init config took 2.99s 
159054     INFO  main            d.u.i.k.p.i.AbstractProblemLoader Replaying proof ArrayList.ArrayListIterator[java.lang.Object::<inv>()].JML accessible clause.0 
159058     DEBUG main            d.u.i.k.p.i.IntermediateProofReplayer Proof replay took 5.9ns 
160063     INFO  main            d.u.i.k.p.r.p.TestFile    ... finished proof: closed. 
160361     INFO  main            d.u.i.k.p.i.AbstractProblemLoader Loading environment from /home/runner/work/key/key/key.core/../key.ui/examples/heap/list/ArrayList.ArrayListIterator_inv.key.proof 
160361     DEBUG main            d.u.i.k.p.i.AbstractProblemLoader Environment load took 353ns 
160364     INFO  main            d.u.i.k.p.i.AbstractProblemLoader Creating init config 
161295     DEBUG main            d.u.i.k.j.r.ClassPreparationMethodBuilder clPrepBuilder: Inner Class detected. Reject building class initialisation methods. 
163318     DEBUG main            d.u.i.k.p.i.AbstractProblemLoader Init config took 2.95s 
163367     INFO  main            d.u.i.k.p.i.AbstractProblemLoader Replaying proof ArrayList.ArrayListIterator[java.lang.Object::<inv>()].JML accessible clause.0 
163442     DEBUG main            d.u.i.k.p.i.IntermediateProofReplayer Proof replay took 69ms 
163443     DEBUG main            d.u.i.k.p.r.p.TestFile    ... success: reloaded. 
163444     INFO  main            d.u.i.k.p.r.p.TestFile    Now processing file /home/runner/work/key/key/key.core/../key.ui/examples/heap/list/ArrayList.ArrayListIterator_list.key 
163444     INFO  main            d.u.i.k.p.i.AbstractProblemLoader Loading environment from /home/runner/work/key/key/key.core/../key.ui/examples/heap/list/ArrayList.ArrayListIterator_list.key 
163444     DEBUG main            d.u.i.k.p.i.AbstractProblemLoader Environment load took 79.3ns 
163445     INFO  main            d.u.i.k.p.i.AbstractProblemLoader Creating init config 
164379     DEBUG main            d.u.i.k.j.r.ClassPreparationMethodBuilder clPrepBuilder: Inner Class detected. Reject building class initialisation methods. 
166419     DEBUG main            d.u.i.k.p.i.AbstractProblemLoader Init config took 2.97s 
166460     INFO  main            d.u.i.k.p.i.AbstractProblemLoader Replaying proof ListIterator[ListIterator::$list()].JML accessible clause.0 
166462     DEBUG main            d.u.i.k.p.i.IntermediateProofReplayer Proof replay took 5.7ns 
166563     INFO  main            d.u.i.k.p.r.p.TestFile    ... finished proof: closed. 
166844     INFO  main            d.u.i.k.p.i.AbstractProblemLoader Loading environment from /home/runner/work/key/key/key.core/../key.ui/examples/heap/list/ArrayList.ArrayListIterator_list.key.proof 
166844     DEBUG main            d.u.i.k.p.i.AbstractProblemLoader Environment load took 199ns 
166845     INFO  main            d.u.i.k.p.i.AbstractProblemLoader Creating init config 
167778     DEBUG main            d.u.i.k.j.r.ClassPreparationMethodBuilder clPrepBuilder: Inner Class detected. Reject building class initialisation methods. 
169789     DEBUG main            d.u.i.k.p.i.AbstractProblemLoader Init config took 2.94s 
169827     INFO  main            d.u.i.k.p.i.AbstractProblemLoader Replaying proof ListIterator[ListIterator::$list()].JML accessible clause.0 
169830     DEBUG main            d.u.i.k.p.i.IntermediateProofReplayer Proof replay took 886.11ns 
169831     DEBUG main            d.u.i.k.p.r.p.TestFile    ... success: reloaded. 
169832     INFO  main            d.u.i.k.p.r.p.TestFile    Now processing file /home/runner/work/key/key/key.core/../key.ui/examples/heap/list/ArrayList.ArrayListIterator_next_exceptional.key 
169832     INFO  main            d.u.i.k.p.i.AbstractProblemLoader Loading environment from /home/runner/work/key/key/key.core/../key.ui/examples/heap/list/ArrayList.ArrayListIterator_next_exceptional.key 
169832     DEBUG main            d.u.i.k.p.i.AbstractProblemLoader Environment load took 97.1ns 
169833     INFO  main            d.u.i.k.p.i.AbstractProblemLoader Creating init config 
170818     DEBUG main            d.u.i.k.j.r.ClassPreparationMethodBuilder clPrepBuilder: Inner Class detected. Reject building class initialisation methods. 
172907     DEBUG main            d.u.i.k.p.i.AbstractProblemLoader Init config took 3.07s 
172955     INFO  main            d.u.i.k.p.i.AbstractProblemLoader Replaying proof ArrayList.ArrayListIterator[ListIterator::next()].JML exceptional_behavior operation contract.0 
172957     DEBUG main            d.u.i.k.p.i.IntermediateProofReplayer Proof replay took 5.8ns 
173761     INFO  main            d.u.i.k.p.r.p.TestFile    ... finished proof: closed. 
174076     INFO  main            d.u.i.k.p.i.AbstractProblemLoader Loading environment from /home/runner/work/key/key/key.core/../key.ui/examples/heap/list/ArrayList.ArrayListIterator_next_exceptional.key.proof 
174076     DEBUG main            d.u.i.k.p.i.AbstractProblemLoader Environment load took 106.2ns 
174077     INFO  main            d.u.i.k.p.i.AbstractProblemLoader Creating init config 
175038     DEBUG main            d.u.i.k.j.r.ClassPreparationMethodBuilder clPrepBuilder: Inner Class detected. Reject building class initialisation methods. 
177041     DEBUG main            d.u.i.k.p.i.AbstractProblemLoader Init config took 2.96s 
177095     INFO  main            d.u.i.k.p.i.AbstractProblemLoader Replaying proof ArrayList.ArrayListIterator[ListIterator::next()].JML exceptional_behavior operation contract.0 
177199     DEBUG main            d.u.i.k.p.i.IntermediateProofReplayer Proof replay took 99.15ms 
177200     DEBUG main            d.u.i.k.p.r.p.TestFile    ... success: reloaded. 
177201     INFO  main            d.u.i.k.p.r.p.TestFile    Now processing file /home/runner/work/key/key/key.core/../key.ui/examples/heap/list/ArrayList.ArrayListIterator_next_normal.key 
177202     INFO  main            d.u.i.k.p.i.AbstractProblemLoader Loading environment from /home/runner/work/key/key/key.core/../key.ui/examples/heap/list/ArrayList.ArrayListIterator_next_normal.key 
177202     DEBUG main            d.u.i.k.p.i.AbstractProblemLoader Environment load took 208.4ns 
177206     INFO  main            d.u.i.k.p.i.AbstractProblemLoader Creating init config 
178186     DEBUG main            d.u.i.k.j.r.ClassPreparationMethodBuilder clPrepBuilder: Inner Class detected. Reject building class initialisation methods. 
180218     DEBUG main            d.u.i.k.p.i.AbstractProblemLoader Init config took 3.01s 
180266     INFO  main            d.u.i.k.p.i.AbstractProblemLoader Replaying proof ArrayList.ArrayListIterator[ListIterator::next()].JML normal_behavior operation contract.0 
180268     DEBUG main            d.u.i.k.p.i.IntermediateProofReplayer Proof replay took 6ns 
181172     INFO  main            d.u.i.k.p.r.p.TestFile    ... finished proof: closed. 
181491     INFO  main            d.u.i.k.p.i.AbstractProblemLoader Loading environment from /home/runner/work/key/key/key.core/../key.ui/examples/heap/list/ArrayList.ArrayListIterator_next_normal.key.proof 
181491     DEBUG main            d.u.i.k.p.i.AbstractProblemLoader Environment load took 118.5ns 
181493     INFO  main            d.u.i.k.p.i.AbstractProblemLoader Creating init config 
182421     DEBUG main            d.u.i.k.j.r.ClassPreparationMethodBuilder clPrepBuilder: Inner Class detected. Reject building class initialisation methods. 
184471     DEBUG main            d.u.i.k.p.i.AbstractProblemLoader Init config took 2.98s 
184531     INFO  main            d.u.i.k.p.i.AbstractProblemLoader Replaying proof ArrayList.ArrayListIterator[ListIterator::next()].JML normal_behavior operation contract.0 
184650     DEBUG main            d.u.i.k.p.i.IntermediateProofReplayer Proof replay took 113.5ms 
184651     DEBUG main            d.u.i.k.p.r.p.TestFile    ... success: reloaded. 
184652     INFO  main            d.u.i.k.p.r.p.TestFile    Now processing file /home/runner/work/key/key/key.core/../key.ui/examples/heap/list/ArrayList.ArrayListIterator_pos.key 
184653     INFO  main            d.u.i.k.p.i.AbstractProblemLoader Loading environment from /home/runner/work/key/key/key.core/../key.ui/examples/heap/list/ArrayList.ArrayListIterator_pos.key 
184653     DEBUG main            d.u.i.k.p.i.AbstractProblemLoader Environment load took 121.7ns 
184654     INFO  main            d.u.i.k.p.i.AbstractProblemLoader Creating init config 
185615     DEBUG main            d.u.i.k.j.r.ClassPreparationMethodBuilder clPrepBuilder: Inner Class detected. Reject building class initialisation methods. 
187667     DEBUG main            d.u.i.k.p.i.AbstractProblemLoader Init config took 3.01s 
187705     INFO  main            d.u.i.k.p.i.AbstractProblemLoader Replaying proof ListIterator[ListIterator::$pos()].JML accessible clause.0 
187709     DEBUG main            d.u.i.k.p.i.IntermediateProofReplayer Proof replay took 5.8ns 
187815     INFO  main            d.u.i.k.p.r.p.TestFile    ... finished proof: closed. 
188097     INFO  main            d.u.i.k.p.i.AbstractProblemLoader Loading environment from /home/runner/work/key/key/key.core/../key.ui/examples/heap/list/ArrayList.ArrayListIterator_pos.key.proof 
188097     DEBUG main            d.u.i.k.p.i.AbstractProblemLoader Environment load took 108.5ns 
188098     INFO  main            d.u.i.k.p.i.AbstractProblemLoader Creating init config 
189031     DEBUG main            d.u.i.k.j.r.ClassPreparationMethodBuilder clPrepBuilder: Inner Class detected. Reject building class initialisation methods. 
191020     DEBUG main            d.u.i.k.p.i.AbstractProblemLoader Init config took 2.92s 
191060     INFO  main            d.u.i.k.p.i.AbstractProblemLoader Replaying proof ListIterator[ListIterator::$pos()].JML accessible clause.0 
191063     DEBUG main            d.u.i.k.p.i.IntermediateProofReplayer Proof replay took 1.16ms 
191064     DEBUG main            d.u.i.k.p.r.p.TestFile    ... success: reloaded. 
191065     INFO  main            d.u.i.k.p.r.p.TestFile    Now processing file /home/runner/work/key/key/key.core/../key.ui/examples/heap/list/Client_m.key 
191065     INFO  main            d.u.i.k.p.i.AbstractProblemLoader Loading environment from /home/runner/work/key/key/key.core/../key.ui/examples/heap/list/Client_m.key 
191065     DEBUG main            d.u.i.k.p.i.AbstractProblemLoader Environment load took 104.4ns 
191066     INFO  main            d.u.i.k.p.i.AbstractProblemLoader Creating init config 
192052     DEBUG main            d.u.i.k.j.r.ClassPreparationMethodBuilder clPrepBuilder: Inner Class detected. Reject building class initialisation methods. 
194082     DEBUG main            d.u.i.k.p.i.AbstractProblemLoader Init config took 3.02s 
194138     INFO  main            d.u.i.k.p.i.AbstractProblemLoader Replaying proof Client[Client::m(List)].JML normal_behavior operation contract.0 
194140     DEBUG main            d.u.i.k.p.i.IntermediateProofReplayer Proof replay took 6.2ns 
194446     INFO  main            d.u.i.k.p.r.p.TestFile    ... finished proof: closed. 
194761     INFO  main            d.u.i.k.p.i.AbstractProblemLoader Loading environment from /home/runner/work/key/key/key.core/../key.ui/examples/heap/list/Client_m.key.proof 
194761     DEBUG main            d.u.i.k.p.i.AbstractProblemLoader Environment load took 108.2ns 
194762     INFO  main            d.u.i.k.p.i.AbstractProblemLoader Creating init config 
195682     DEBUG main            d.u.i.k.j.r.ClassPreparationMethodBuilder clPrepBuilder: Inner Class detected. Reject building class initialisation methods. 
197700     DEBUG main            d.u.i.k.p.i.AbstractProblemLoader Init config took 2.94s 
197738     INFO  main            d.u.i.k.p.i.AbstractProblemLoader Replaying proof Client[Client::m(List)].JML normal_behavior operation contract.0 
197799     DEBUG main            d.u.i.k.p.i.IntermediateProofReplayer Proof replay took 57.51ms 
197800     DEBUG main            d.u.i.k.p.r.p.TestFile    ... success: reloaded. 
197801     INFO  main            d.u.i.k.p.r.p.TestFile    Now processing file /home/runner/work/key/key/key.core/../key.ui/examples/heap/list/Client_n.key 
197801     INFO  main            d.u.i.k.p.i.AbstractProblemLoader Loading environment from /home/runner/work/key/key/key.core/../key.ui/examples/heap/list/Client_n.key 
197801     DEBUG main            d.u.i.k.p.i.AbstractProblemLoader Environment load took 117.6ns 
197802     INFO  main            d.u.i.k.p.i.AbstractProblemLoader Creating init config 
198757     DEBUG main            d.u.i.k.j.r.ClassPreparationMethodBuilder clPrepBuilder: Inner Class detected. Reject building class initialisation methods. 
200809     DEBUG main            d.u.i.k.p.i.AbstractProblemLoader Init config took 3.01s 
200847     INFO  main            d.u.i.k.p.i.AbstractProblemLoader Replaying proof Client[Client::n(List)].JML normal_behavior operation contract.0 
200848     DEBUG main            d.u.i.k.p.i.IntermediateProofReplayer Proof replay took 6ns 
200950     INFO  main            d.u.i.k.p.r.p.TestFile    ... finished proof: closed. 
201247     INFO  main            d.u.i.k.p.i.AbstractProblemLoader Loading environment from /home/runner/work/key/key/key.core/../key.ui/examples/heap/list/Client_n.key.proof 
201248     DEBUG main            d.u.i.k.p.i.AbstractProblemLoader Environment load took 114.4ns 
201249     INFO  main            d.u.i.k.p.i.AbstractProblemLoader Creating init config 
202216     DEBUG main            d.u.i.k.j.r.ClassPreparationMethodBuilder clPrepBuilder: Inner Class detected. Reject building class initialisation methods. 
204347     DEBUG main            d.u.i.k.p.i.AbstractProblemLoader Init config took 3.1s 
204384     INFO  main            d.u.i.k.p.i.AbstractProblemLoader Replaying proof Client[Client::n(List)].JML normal_behavior operation contract.0 
204401     DEBUG main            d.u.i.k.p.i.IntermediateProofReplayer Proof replay took 15.57ms 
204402     DEBUG main            d.u.i.k.p.r.p.TestFile    ... success: reloaded. 
204403     INFO  main            d.u.i.k.p.r.p.TestFile    Now processing file /home/runner/work/key/key/key.core/../key.ui/examples/heap/list/LinkedList_get_exceptional.key 
204403     INFO  main            d.u.i.k.p.i.AbstractProblemLoader Loading environment from /home/runner/work/key/key/key.core/../key.ui/examples/heap/list/LinkedList_get_exceptional.key 
204403     DEBUG main            d.u.i.k.p.i.AbstractProblemLoader Environment load took 81.3ns 
204404     INFO  main            d.u.i.k.p.i.AbstractProblemLoader Creating init config 
205377     DEBUG main            d.u.i.k.j.r.ClassPreparationMethodBuilder clPrepBuilder: Inner Class detected. Reject building class initialisation methods. 
207412     DEBUG main            d.u.i.k.p.i.AbstractProblemLoader Init config took 3.01s 
207456     INFO  main            d.u.i.k.p.i.AbstractProblemLoader Replaying proof LinkedList[List::get(int)].JML exceptional_behavior operation contract.0 
207458     DEBUG main            d.u.i.k.p.i.IntermediateProofReplayer Proof replay took 6.7ns 
209566     INFO  main            d.u.i.k.p.r.p.TestFile    ... finished proof: closed. 
209895     INFO  main            d.u.i.k.p.i.AbstractProblemLoader Loading environment from /home/runner/work/key/key/key.core/../key.ui/examples/heap/list/LinkedList_get_exceptional.key.proof 
209895     DEBUG main            d.u.i.k.p.i.AbstractProblemLoader Environment load took 97.3ns 
209897     INFO  main            d.u.i.k.p.i.AbstractProblemLoader Creating init config 
210827     DEBUG main            d.u.i.k.j.r.ClassPreparationMethodBuilder clPrepBuilder: Inner Class detected. Reject building class initialisation methods. 
212822     DEBUG main            d.u.i.k.p.i.AbstractProblemLoader Init config took 2.93s 
212875     INFO  main            d.u.i.k.p.i.AbstractProblemLoader Replaying proof LinkedList[List::get(int)].JML exceptional_behavior operation contract.0 
213098     DEBUG main            d.u.i.k.p.i.IntermediateProofReplayer Proof replay took 215.18ms 
213099     DEBUG main            d.u.i.k.p.r.p.TestFile    ... success: reloaded. 
213100     INFO  main            d.u.i.k.p.r.p.TestFile    Now processing file /home/runner/work/key/key/key.core/../key.ui/examples/heap/list/LinkedList_get_normal.key 
213100     INFO  main            d.u.i.k.p.i.AbstractProblemLoader Loading environment from /home/runner/work/key/key/key.core/../key.ui/examples/heap/list/LinkedList_get_normal.key 
213100     DEBUG main            d.u.i.k.p.i.AbstractProblemLoader Environment load took 88.1ns 
213101     INFO  main            d.u.i.k.p.i.AbstractProblemLoader Creating init config 
214043     DEBUG main            d.u.i.k.j.r.ClassPreparationMethodBuilder clPrepBuilder: Inner Class detected. Reject building class initialisation methods. 
216098     DEBUG main            d.u.i.k.p.i.AbstractProblemLoader Init config took 3s 
216144     INFO  main            d.u.i.k.p.i.AbstractProblemLoader Replaying proof LinkedList[List::get(int)].JML normal_behavior operation contract.0 
216146     DEBUG main            d.u.i.k.p.i.IntermediateProofReplayer Proof replay took 6.2ns 
222306     INFO  main            d.u.i.k.p.r.p.TestFile    ... finished proof: closed. 
222743     INFO  main            d.u.i.k.p.i.AbstractProblemLoader Loading environment from /home/runner/work/key/key/key.core/../key.ui/examples/heap/list/LinkedList_get_normal.key.proof 
222749     DEBUG main            d.u.i.k.p.i.AbstractProblemLoader Environment load took 6.34ms 
222752     INFO  main            d.u.i.k.p.i.AbstractProblemLoader Creating init config 
223690     DEBUG main            d.u.i.k.j.r.ClassPreparationMethodBuilder clPrepBuilder: Inner Class detected. Reject building class initialisation methods. 
225686     DEBUG main            d.u.i.k.p.i.AbstractProblemLoader Init config took 2.93s 
225732     INFO  main            d.u.i.k.p.i.AbstractProblemLoader Replaying proof LinkedList[List::get(int)].JML normal_behavior operation contract.0 
226133     DEBUG main            d.u.i.k.p.i.IntermediateProofReplayer Proof replay took 379.25ms 
226135     DEBUG main            d.u.i.k.p.r.p.TestFile    ... success: reloaded. 
226136     INFO  main            d.u.i.k.p.r.p.TestFile    Now processing file /home/runner/work/key/key/key.core/../key.ui/examples/heap/list/LinkedList_LinkedList.key 
226137     INFO  main            d.u.i.k.p.i.AbstractProblemLoader Loading environment from /home/runner/work/key/key/key.core/../key.ui/examples/heap/list/LinkedList_LinkedList.key 
226137     DEBUG main            d.u.i.k.p.i.AbstractProblemLoader Environment load took 103.9ns 
226137     INFO  main            d.u.i.k.p.i.AbstractProblemLoader Creating init config 
227134     DEBUG main            d.u.i.k.j.r.ClassPreparationMethodBuilder clPrepBuilder: Inner Class detected. Reject building class initialisation methods. 
229279     DEBUG main            d.u.i.k.p.i.AbstractProblemLoader Init config took 3.14s 
229323     INFO  main            d.u.i.k.p.i.AbstractProblemLoader Replaying proof LinkedList[LinkedList::LinkedList()].JML normal_behavior operation contract.0 
229325     DEBUG main            d.u.i.k.p.i.IntermediateProofReplayer Proof replay took 7.4ns 
229828     INFO  main            d.u.i.k.p.r.p.TestFile    ... finished proof: closed. 
230174     INFO  main            d.u.i.k.p.i.AbstractProblemLoader Loading environment from /home/runner/work/key/key/key.core/../key.ui/examples/heap/list/LinkedList_LinkedList.key.proof 
230175     DEBUG main            d.u.i.k.p.i.AbstractProblemLoader Environment load took 180.9ns 
230176     INFO  main            d.u.i.k.p.i.AbstractProblemLoader Creating init config 
231104     DEBUG main            d.u.i.k.j.r.ClassPreparationMethodBuilder clPrepBuilder: Inner Class detected. Reject building class initialisation methods. 
233120     DEBUG main            d.u.i.k.p.i.AbstractProblemLoader Init config took 2.94s 
233161     INFO  main            d.u.i.k.p.i.AbstractProblemLoader Replaying proof LinkedList[LinkedList::LinkedList()].JML normal_behavior operation contract.0 
233228     DEBUG main            d.u.i.k.p.i.IntermediateProofReplayer Proof replay took 63.55ms 
233229     DEBUG main            d.u.i.k.p.r.p.TestFile    ... success: reloaded. 
233230     INFO  main            d.u.i.k.p.r.p.TestFile    Now processing file /home/runner/work/key/key/key.core/../key.ui/examples/heap/list/LinkedList_size_dep.key 
233230     INFO  main            d.u.i.k.p.i.AbstractProblemLoader Loading environment from /home/runner/work/key/key/key.core/../key.ui/examples/heap/list/LinkedList_size_dep.key 
233231     DEBUG main            d.u.i.k.p.i.AbstractProblemLoader Environment load took 98.8ns 
233231     INFO  main            d.u.i.k.p.i.AbstractProblemLoader Creating init config 
234222     DEBUG main            d.u.i.k.j.r.ClassPreparationMethodBuilder clPrepBuilder: Inner Class detected. Reject building class initialisation methods. 
236248     DEBUG main            d.u.i.k.p.i.AbstractProblemLoader Init config took 3.02s 
236288     INFO  main            d.u.i.k.p.i.AbstractProblemLoader Replaying proof LinkedList[List::size()].JML accessible clause.0 
236291     DEBUG main            d.u.i.k.p.i.IntermediateProofReplayer Proof replay took 6.3ns 
236794     INFO  main            d.u.i.k.p.r.p.TestFile    ... finished proof: closed. 
237152     INFO  main            d.u.i.k.p.i.AbstractProblemLoader Loading environment from /home/runner/work/key/key/key.core/../key.ui/examples/heap/list/LinkedList_size_dep.key.proof 
237152     DEBUG main            d.u.i.k.p.i.AbstractProblemLoader Environment load took 102ns 
237153     INFO  main            d.u.i.k.p.i.AbstractProblemLoader Creating init config 
238097     DEBUG main            d.u.i.k.j.r.ClassPreparationMethodBuilder clPrepBuilder: Inner Class detected. Reject building class initialisation methods. 
240115     DEBUG main            d.u.i.k.p.i.AbstractProblemLoader Init config took 2.96s 
240157     INFO  main            d.u.i.k.p.i.AbstractProblemLoader Replaying proof LinkedList[List::size()].JML accessible clause.0 
240192     DEBUG main            d.u.i.k.p.i.IntermediateProofReplayer Proof replay took 31.59ms 
240193     DEBUG main            d.u.i.k.p.r.p.TestFile    ... success: reloaded. 
240194     INFO  main            d.u.i.k.p.r.p.TestFile    Now processing file /home/runner/work/key/key/key.core/../key.ui/examples/heap/list/LinkedList_size.key 
240194     INFO  main            d.u.i.k.p.i.AbstractProblemLoader Loading environment from /home/runner/work/key/key/key.core/../key.ui/examples/heap/list/LinkedList_size.key 
240195     DEBUG main            d.u.i.k.p.i.AbstractProblemLoader Environment load took 271.1ns 
240196     INFO  main            d.u.i.k.p.i.AbstractProblemLoader Creating init config 
241148     DEBUG main            d.u.i.k.j.r.ClassPreparationMethodBuilder clPrepBuilder: Inner Class detected. Reject building class initialisation methods. 
243149     DEBUG main            d.u.i.k.p.i.AbstractProblemLoader Init config took 2.95s 
243190     INFO  main            d.u.i.k.p.i.AbstractProblemLoader Replaying proof LinkedList[List::size()].JML normal_behavior operation contract.0 
243191     DEBUG main            d.u.i.k.p.i.IntermediateProofReplayer Proof replay took 6.4ns 
243693     INFO  main            d.u.i.k.p.r.p.TestFile    ... finished proof: closed. 
244061     INFO  main            d.u.i.k.p.i.AbstractProblemLoader Loading environment from /home/runner/work/key/key/key.core/../key.ui/examples/heap/list/LinkedList_size.key.proof 
244061     DEBUG main            d.u.i.k.p.i.AbstractProblemLoader Environment load took 124.2ns 
244062     INFO  main            d.u.i.k.p.i.AbstractProblemLoader Creating init config 
244994     DEBUG main            d.u.i.k.j.r.ClassPreparationMethodBuilder clPrepBuilder: Inner Class detected. Reject building class initialisation methods. 
246996     DEBUG main            d.u.i.k.p.i.AbstractProblemLoader Init config took 2.93s 
247038     INFO  main            d.u.i.k.p.i.AbstractProblemLoader Replaying proof LinkedList[List::size()].JML normal_behavior operation contract.0 
247069     DEBUG main            d.u.i.k.p.i.IntermediateProofReplayer Proof replay took 29.11ms 
247070     DEBUG main            d.u.i.k.p.r.p.TestFile    ... success: reloaded. 
247071     INFO  main            d.u.i.k.p.r.p.TestFile    Now processing file /home/runner/work/key/key/key.core/../key.ui/examples/heap/list/MySet_footprint.key 
247071     INFO  main            d.u.i.k.p.i.AbstractProblemLoader Loading environment from /home/runner/work/key/key/key.core/../key.ui/examples/heap/list/MySet_footprint.key 
247071     DEBUG main            d.u.i.k.p.i.AbstractProblemLoader Environment load took 109.6ns 
247072     INFO  main            d.u.i.k.p.i.AbstractProblemLoader Creating init config 
248010     DEBUG main            d.u.i.k.j.r.ClassPreparationMethodBuilder clPrepBuilder: Inner Class detected. Reject building class initialisation methods. 
250038     DEBUG main            d.u.i.k.p.i.AbstractProblemLoader Init config took 2.97s 
250081     INFO  main            d.u.i.k.p.i.AbstractProblemLoader Replaying proof MySet[MySet::$footprint()].JML accessible clause.0 
250083     DEBUG main            d.u.i.k.p.i.IntermediateProofReplayer Proof replay took 6.4ns 
250385     INFO  main            d.u.i.k.p.r.p.TestFile    ... finished proof: closed. 
250731     INFO  main            d.u.i.k.p.i.AbstractProblemLoader Loading environment from /home/runner/work/key/key/key.core/../key.ui/examples/heap/list/MySet_footprint.key.proof 
250731     DEBUG main            d.u.i.k.p.i.AbstractProblemLoader Environment load took 98.4ns 
250732     INFO  main            d.u.i.k.p.i.AbstractProblemLoader Creating init config 
251646     DEBUG main            d.u.i.k.j.r.ClassPreparationMethodBuilder clPrepBuilder: Inner Class detected. Reject building class initialisation methods. 
253605     DEBUG main            d.u.i.k.p.i.AbstractProblemLoader Init config took 2.87s 
253649     INFO  main            d.u.i.k.p.i.AbstractProblemLoader Replaying proof MySet[MySet::$footprint()].JML accessible clause.0 
253673     DEBUG main            d.u.i.k.p.i.IntermediateProofReplayer Proof replay took 21.62ms 
253674     DEBUG main            d.u.i.k.p.r.p.TestFile    ... success: reloaded. 
253675     INFO  main            d.u.i.k.p.r.p.TestFile    Now processing file /home/runner/work/key/key/key.core/../key.ui/examples/heap/list/MySet_MySet.key 
253676     INFO  main            d.u.i.k.p.i.AbstractProblemLoader Loading environment from /home/runner/work/key/key/key.core/../key.ui/examples/heap/list/MySet_MySet.key 
253676     DEBUG main            d.u.i.k.p.i.AbstractProblemLoader Environment load took 114.8ns 
253677     INFO  main            d.u.i.k.p.i.AbstractProblemLoader Creating init config 
254616     DEBUG main            d.u.i.k.j.r.ClassPreparationMethodBuilder clPrepBuilder: Inner Class detected. Reject building class initialisation methods. 
256691     DEBUG main            d.u.i.k.p.i.AbstractProblemLoader Init config took 3.01s 
256748     INFO  main            d.u.i.k.p.i.AbstractProblemLoader Replaying proof MySet[MySet::MySet()].JML normal_behavior operation contract.0 
256750     DEBUG main            d.u.i.k.p.i.IntermediateProofReplayer Proof replay took 29.9ns 
259160     INFO  main            d.u.i.k.p.r.p.TestFile    ... finished proof: closed. 
259540     INFO  main            d.u.i.k.p.i.AbstractProblemLoader Loading environment from /home/runner/work/key/key/key.core/../key.ui/examples/heap/list/MySet_MySet.key.proof 
259540     DEBUG main            d.u.i.k.p.i.AbstractProblemLoader Environment load took 126.4ns 
259542     INFO  main            d.u.i.k.p.i.AbstractProblemLoader Creating init config 
260471     DEBUG main            d.u.i.k.j.r.ClassPreparationMethodBuilder clPrepBuilder: Inner Class detected. Reject building class initialisation methods. 
262441     DEBUG main            d.u.i.k.p.i.AbstractProblemLoader Init config took 2.9s 
262505     INFO  main            d.u.i.k.p.i.AbstractProblemLoader Replaying proof MySet[MySet::MySet()].JML normal_behavior operation contract.0 
262815     DEBUG main            d.u.i.k.p.i.IntermediateProofReplayer Proof replay took 297.39ms 
262817     DEBUG main            d.u.i.k.p.r.p.TestFile    ... success: reloaded. 
1102752    INFO  Test worker     d.u.i.k.p.r.RunAllProofsTestUnit Returning from test list 
1102753    INFO  Test worker     d.u.i.k.p.r.RunAllProofsTestUnit Running test list_ghost 
324        INFO  Timeout watchdog d.u.i.k.p.r.p.ForkedTestFileRunner Timeout watcher launched (2000 secs.) 
334        WARN  main            d.u.i.k.s.ProofSettings   The settings in /home/runner/.key/proof-settings.props are *not* read. 
361        INFO  main            d.u.i.k.p.r.p.TestFile    Now processing file /home/runner/work/key/key/key.core/../key.ui/examples/heap/list_ghost/ArrayList_add.key 
470        INFO  main            d.u.i.k.p.i.AbstractProblemLoader Loading environment from /home/runner/work/key/key/key.core/../key.ui/examples/heap/list_ghost/ArrayList_add.key 
499        DEBUG main            d.u.i.k.p.i.AbstractProblemLoader Environment load took 1.86ms 
722        INFO  main            d.u.i.k.p.i.AbstractProblemLoader Creating init config 
1699       DEBUG main            d.u.i.k.j.TypeConverter   No LDT found for Meta 
1700       DEBUG main            d.u.i.k.j.TypeConverter   No LDT found for Meta 
1703       DEBUG main            d.u.i.k.j.TypeConverter   No LDT found for Meta 
1704       DEBUG main            d.u.i.k.j.TypeConverter   No LDT found for Meta 
3338       DEBUG main            d.u.i.k.j.TypeConverter   No LDT found for JavaBigintExpression 
8140       DEBUG main            d.u.i.k.p.i.AbstractProblemLoader Init config took 7.42s 
8281       INFO  main            d.u.i.k.p.i.AbstractProblemLoader Replaying proof ArrayList[List::add(java.lang.Object)].JML normal_behavior operation contract.0 
8318       DEBUG main            d.u.i.k.p.i.IntermediateProofReplayer Proof replay took 35.2ns 
13372      INFO  main            d.u.i.k.p.r.p.TestFile    ... finished proof: closed. 
13629      INFO  main            d.u.i.k.p.i.AbstractProblemLoader Loading environment from /home/runner/work/key/key/key.core/../key.ui/examples/heap/list_ghost/ArrayList_add.key.proof 
13633      DEBUG main            d.u.i.k.p.i.AbstractProblemLoader Environment load took 3.73ms 
13636      INFO  main            d.u.i.k.p.i.AbstractProblemLoader Creating init config 
16489      DEBUG main            d.u.i.k.p.i.AbstractProblemLoader Init config took 2.85s 
16566      INFO  main            d.u.i.k.p.i.AbstractProblemLoader Replaying proof ArrayList[List::add(java.lang.Object)].JML normal_behavior operation contract.0 
17069      DEBUG main            d.u.i.k.p.i.IntermediateProofReplayer Proof replay took 478.93ms 
17078      DEBUG main            d.u.i.k.p.r.p.TestFile    ... success: reloaded. 
17080      INFO  main            d.u.i.k.p.r.p.TestFile    Now processing file /home/runner/work/key/key/key.core/../key.ui/examples/heap/list_ghost/ArrayList_ArrayList.key 
17081      INFO  main            d.u.i.k.p.i.AbstractProblemLoader Loading environment from /home/runner/work/key/key/key.core/../key.ui/examples/heap/list_ghost/ArrayList_ArrayList.key 
17081      DEBUG main            d.u.i.k.p.i.AbstractProblemLoader Environment load took 294.6ns 
17083      INFO  main            d.u.i.k.p.i.AbstractProblemLoader Creating init config 
19865      DEBUG main            d.u.i.k.p.i.AbstractProblemLoader Init config took 2.78s 
19920      INFO  main            d.u.i.k.p.i.AbstractProblemLoader Replaying proof ArrayList[ArrayList::ArrayList()].JML normal_behavior operation contract.0 
19923      DEBUG main            d.u.i.k.p.i.IntermediateProofReplayer Proof replay took 5.7ns 
21030      INFO  main            d.u.i.k.p.r.p.TestFile    ... finished proof: closed. 
21178      INFO  main            d.u.i.k.p.i.AbstractProblemLoader Loading environment from /home/runner/work/key/key/key.core/../key.ui/examples/heap/list_ghost/ArrayList_ArrayList.key.proof 
21179      DEBUG main            d.u.i.k.p.i.AbstractProblemLoader Environment load took 538.3ns 
21180      INFO  main            d.u.i.k.p.i.AbstractProblemLoader Creating init config 
23871      DEBUG main            d.u.i.k.p.i.AbstractProblemLoader Init config took 2.69s 
23923      INFO  main            d.u.i.k.p.i.AbstractProblemLoader Replaying proof ArrayList[ArrayList::ArrayList()].JML normal_behavior operation contract.0 
24089      DEBUG main            d.u.i.k.p.i.IntermediateProofReplayer Proof replay took 158.16ms 
24091      DEBUG main            d.u.i.k.p.r.p.TestFile    ... success: reloaded. 
24092      INFO  main            d.u.i.k.p.r.p.TestFile    Now processing file /home/runner/work/key/key/key.core/../key.ui/examples/heap/list_ghost/ArrayList_enlarge.key 
24093      INFO  main            d.u.i.k.p.i.AbstractProblemLoader Loading environment from /home/runner/work/key/key/key.core/../key.ui/examples/heap/list_ghost/ArrayList_enlarge.key 
24093      DEBUG main            d.u.i.k.p.i.AbstractProblemLoader Environment load took 256.8ns 
24095      INFO  main            d.u.i.k.p.i.AbstractProblemLoader Creating init config 
26716      DEBUG main            d.u.i.k.p.i.AbstractProblemLoader Init config took 2.62s 
26764      INFO  main            d.u.i.k.p.i.AbstractProblemLoader Replaying proof ArrayList[ArrayList::enlarge()].JML normal_behavior operation contract.0 
26766      DEBUG main            d.u.i.k.p.i.IntermediateProofReplayer Proof replay took 5.7ns 
28803      INFO  main            d.u.i.k.p.r.p.TestFile    ... finished proof: closed. 
29000      INFO  main            d.u.i.k.p.i.AbstractProblemLoader Loading environment from /home/runner/work/key/key/key.core/../key.ui/examples/heap/list_ghost/ArrayList_enlarge.key.proof 
29001      DEBUG main            d.u.i.k.p.i.AbstractProblemLoader Environment load took 135.9ns 
29002      INFO  main            d.u.i.k.p.i.AbstractProblemLoader Creating init config 
31615      DEBUG main            d.u.i.k.p.i.AbstractProblemLoader Init config took 2.61s 
31661      INFO  main            d.u.i.k.p.i.AbstractProblemLoader Replaying proof ArrayList[ArrayList::enlarge()].JML normal_behavior operation contract.0 
32022      DEBUG main            d.u.i.k.p.i.IntermediateProofReplayer Proof replay took 350.83ms 
32023      DEBUG main            d.u.i.k.p.r.p.TestFile    ... success: reloaded. 
32024      INFO  main            d.u.i.k.p.r.p.TestFile    Now processing file /home/runner/work/key/key/key.core/../key.ui/examples/heap/list_ghost/ArrayList_get_dep.key 
32025      INFO  main            d.u.i.k.p.i.AbstractProblemLoader Loading environment from /home/runner/work/key/key/key.core/../key.ui/examples/heap/list_ghost/ArrayList_get_dep.key 
32025      DEBUG main            d.u.i.k.p.i.AbstractProblemLoader Environment load took 242.8ns 
32026      INFO  main            d.u.i.k.p.i.AbstractProblemLoader Creating init config 
34615      DEBUG main            d.u.i.k.p.i.AbstractProblemLoader Init config took 2.59s 
34665      INFO  main            d.u.i.k.p.i.AbstractProblemLoader Replaying proof ArrayList[List::get(int)].JML accessible clause.0 
34667      DEBUG main            d.u.i.k.p.i.IntermediateProofReplayer Proof replay took 16.6ns 
34972      INFO  main            d.u.i.k.p.r.p.TestFile    ... finished proof: closed. 
35152      INFO  main            d.u.i.k.p.i.AbstractProblemLoader Loading environment from /home/runner/work/key/key/key.core/../key.ui/examples/heap/list_ghost/ArrayList_get_dep.key.proof 
35152      DEBUG main            d.u.i.k.p.i.AbstractProblemLoader Environment load took 120.2ns 
35153      INFO  main            d.u.i.k.p.i.AbstractProblemLoader Creating init config 
37727      DEBUG main            d.u.i.k.p.i.AbstractProblemLoader Init config took 2.57s 
37772      INFO  main            d.u.i.k.p.i.AbstractProblemLoader Replaying proof ArrayList[List::get(int)].JML accessible clause.0 
37825      DEBUG main            d.u.i.k.p.i.IntermediateProofReplayer Proof replay took 49.31ms 
37826      DEBUG main            d.u.i.k.p.r.p.TestFile    ... success: reloaded. 
37827      INFO  main            d.u.i.k.p.r.p.TestFile    Now processing file /home/runner/work/key/key/key.core/../key.ui/examples/heap/list_ghost/ArrayList_get_exceptional.key 
37827      INFO  main            d.u.i.k.p.i.AbstractProblemLoader Loading environment from /home/runner/work/key/key/key.core/../key.ui/examples/heap/list_ghost/ArrayList_get_exceptional.key 
37828      DEBUG main            d.u.i.k.p.i.AbstractProblemLoader Environment load took 160.1ns 
37828      INFO  main            d.u.i.k.p.i.AbstractProblemLoader Creating init config 
40389      DEBUG main            d.u.i.k.p.i.AbstractProblemLoader Init config took 2.56s 
40431      INFO  main            d.u.i.k.p.i.AbstractProblemLoader Replaying proof ArrayList[List::get(int)].JML exceptional_behavior operation contract.0 
40433      DEBUG main            d.u.i.k.p.i.IntermediateProofReplayer Proof replay took 6.3ns 
41136      INFO  main            d.u.i.k.p.r.p.TestFile    ... finished proof: closed. 
41326      INFO  main            d.u.i.k.p.i.AbstractProblemLoader Loading environment from /home/runner/work/key/key/key.core/../key.ui/examples/heap/list_ghost/ArrayList_get_exceptional.key.proof 
41327      DEBUG main            d.u.i.k.p.i.AbstractProblemLoader Environment load took 613ns 
41328      INFO  main            d.u.i.k.p.i.AbstractProblemLoader Creating init config 
43839      DEBUG main            d.u.i.k.p.i.AbstractProblemLoader Init config took 2.51s 
43882      INFO  main            d.u.i.k.p.i.AbstractProblemLoader Replaying proof ArrayList[List::get(int)].JML exceptional_behavior operation contract.0 
44025      DEBUG main            d.u.i.k.p.i.IntermediateProofReplayer Proof replay took 137.54ms 
44027      DEBUG main            d.u.i.k.p.r.p.TestFile    ... success: reloaded. 
44028      INFO  main            d.u.i.k.p.r.p.TestFile    Now processing file /home/runner/work/key/key/key.core/../key.ui/examples/heap/list_ghost/ArrayList_get_normal.key 
44028      INFO  main            d.u.i.k.p.i.AbstractProblemLoader Loading environment from /home/runner/work/key/key/key.core/../key.ui/examples/heap/list_ghost/ArrayList_get_normal.key 
44029      DEBUG main            d.u.i.k.p.i.AbstractProblemLoader Environment load took 251.7ns 
44030      INFO  main            d.u.i.k.p.i.AbstractProblemLoader Creating init config 
46599      DEBUG main            d.u.i.k.p.i.AbstractProblemLoader Init config took 2.57s 
46648      INFO  main            d.u.i.k.p.i.AbstractProblemLoader Replaying proof ArrayList[List::get(int)].JML normal_behavior operation contract.0 
46651      DEBUG main            d.u.i.k.p.i.IntermediateProofReplayer Proof replay took 6.9ns 
46953      INFO  main            d.u.i.k.p.r.p.TestFile    ... finished proof: closed. 
47132      INFO  main            d.u.i.k.p.i.AbstractProblemLoader Loading environment from /home/runner/work/key/key/key.core/../key.ui/examples/heap/list_ghost/ArrayList_get_normal.key.proof 
47132      DEBUG main            d.u.i.k.p.i.AbstractProblemLoader Environment load took 121.4ns 
47133      INFO  main            d.u.i.k.p.i.AbstractProblemLoader Creating init config 
49645      DEBUG main            d.u.i.k.p.i.AbstractProblemLoader Init config took 2.51s 
49686      INFO  main            d.u.i.k.p.i.AbstractProblemLoader Replaying proof ArrayList[List::get(int)].JML normal_behavior operation contract.0 
49733      DEBUG main            d.u.i.k.p.i.IntermediateProofReplayer Proof replay took 43.23ms 
49734      DEBUG main            d.u.i.k.p.r.p.TestFile    ... success: reloaded. 
49735      INFO  main            d.u.i.k.p.r.p.TestFile    Now processing file /home/runner/work/key/key/key.core/../key.ui/examples/heap/list_ghost/ArrayList_inv.key 
49736      INFO  main            d.u.i.k.p.i.AbstractProblemLoader Loading environment from /home/runner/work/key/key/key.core/../key.ui/examples/heap/list_ghost/ArrayList_inv.key 
49736      DEBUG main            d.u.i.k.p.i.AbstractProblemLoader Environment load took 211.7ns 
49737      INFO  main            d.u.i.k.p.i.AbstractProblemLoader Creating init config 
52302      DEBUG main            d.u.i.k.p.i.AbstractProblemLoader Init config took 2.56s 
52341      INFO  main            d.u.i.k.p.i.AbstractProblemLoader Replaying proof ArrayList[java.lang.Object::<inv>()].JML accessible clause.0 
52342      DEBUG main            d.u.i.k.p.i.IntermediateProofReplayer Proof replay took 6.5ns 
52444      INFO  main            d.u.i.k.p.r.p.TestFile    ... finished proof: closed. 
52620      INFO  main            d.u.i.k.p.i.AbstractProblemLoader Loading environment from /home/runner/work/key/key/key.core/../key.ui/examples/heap/list_ghost/ArrayList_inv.key.proof 
52620      DEBUG main            d.u.i.k.p.i.AbstractProblemLoader Environment load took 186.7ns 
52622      INFO  main            d.u.i.k.p.i.AbstractProblemLoader Creating init config 
55142      DEBUG main            d.u.i.k.p.i.AbstractProblemLoader Init config took 2.52s 
55181      INFO  main            d.u.i.k.p.i.AbstractProblemLoader Replaying proof ArrayList[java.lang.Object::<inv>()].JML accessible clause.0 
55191      DEBUG main            d.u.i.k.p.i.IntermediateProofReplayer Proof replay took 7.88ms 
55192      DEBUG main            d.u.i.k.p.r.p.TestFile    ... success: reloaded. 
55194      INFO  main            d.u.i.k.p.r.p.TestFile    Now processing file /home/runner/work/key/key/key.core/../key.ui/examples/heap/list_ghost/ArrayList_size_dep.key 
55194      INFO  main            d.u.i.k.p.i.AbstractProblemLoader Loading environment from /home/runner/work/key/key/key.core/../key.ui/examples/heap/list_ghost/ArrayList_size_dep.key 
55195      DEBUG main            d.u.i.k.p.i.AbstractProblemLoader Environment load took 279.4ns 
55196      INFO  main            d.u.i.k.p.i.AbstractProblemLoader Creating init config 
57878      DEBUG main            d.u.i.k.p.i.AbstractProblemLoader Init config took 2.68s 
57920      INFO  main            d.u.i.k.p.i.AbstractProblemLoader Replaying proof ArrayList[List::size()].JML accessible clause.0 
57926      DEBUG main            d.u.i.k.p.i.IntermediateProofReplayer Proof replay took 6.8ns 
58028      INFO  main            d.u.i.k.p.r.p.TestFile    ... finished proof: closed. 
58275      INFO  main            d.u.i.k.p.i.AbstractProblemLoader Loading environment from /home/runner/work/key/key/key.core/../key.ui/examples/heap/list_ghost/ArrayList_size_dep.key.proof 
58275      DEBUG main            d.u.i.k.p.i.AbstractProblemLoader Environment load took 126.1ns 
58276      INFO  main            d.u.i.k.p.i.AbstractProblemLoader Creating init config 
60832      DEBUG main            d.u.i.k.p.i.AbstractProblemLoader Init config took 2.56s 
60871      INFO  main            d.u.i.k.p.i.AbstractProblemLoader Replaying proof ArrayList[List::size()].JML accessible clause.0 
60885      DEBUG main            d.u.i.k.p.i.IntermediateProofReplayer Proof replay took 11.96ms 
60886      DEBUG main            d.u.i.k.p.r.p.TestFile    ... success: reloaded. 
60887      INFO  main            d.u.i.k.p.r.p.TestFile    Now processing file /home/runner/work/key/key/key.core/../key.ui/examples/heap/list_ghost/ArrayList_size.key 
60888      INFO  main            d.u.i.k.p.i.AbstractProblemLoader Loading environment from /home/runner/work/key/key/key.core/../key.ui/examples/heap/list_ghost/ArrayList_size.key 
60888      DEBUG main            d.u.i.k.p.i.AbstractProblemLoader Environment load took 238.7ns 
60889      INFO  main            d.u.i.k.p.i.AbstractProblemLoader Creating init config 
63502      DEBUG main            d.u.i.k.p.i.AbstractProblemLoader Init config took 2.61s 
63539      INFO  main            d.u.i.k.p.i.AbstractProblemLoader Replaying proof ArrayList[List::size()].JML normal_behavior operation contract.0 
63541      DEBUG main            d.u.i.k.p.i.IntermediateProofReplayer Proof replay took 6.1ns 
63643      INFO  main            d.u.i.k.p.r.p.TestFile    ... finished proof: closed. 
63907      INFO  main            d.u.i.k.p.i.AbstractProblemLoader Loading environment from /home/runner/work/key/key/key.core/../key.ui/examples/heap/list_ghost/ArrayList_size.key.proof 
63907      DEBUG main            d.u.i.k.p.i.AbstractProblemLoader Environment load took 124.8ns 
63908      INFO  main            d.u.i.k.p.i.AbstractProblemLoader Creating init config 
66423      DEBUG main            d.u.i.k.p.i.AbstractProblemLoader Init config took 2.51s 
66460      INFO  main            d.u.i.k.p.i.AbstractProblemLoader Replaying proof ArrayList[List::size()].JML normal_behavior operation contract.0 
66476      DEBUG main            d.u.i.k.p.i.IntermediateProofReplayer Proof replay took 13.3ms 
66477      DEBUG main            d.u.i.k.p.r.p.TestFile    ... success: reloaded. 
1169410    INFO  Test worker     d.u.i.k.p.r.RunAllProofsTestUnit Returning from test list_ghost 
1169412    INFO  Test worker     d.u.i.k.p.r.RunAllProofsTestUnit Running test list_recursive 
341        INFO  Timeout watchdog d.u.i.k.p.r.p.ForkedTestFileRunner Timeout watcher launched (2000 secs.) 
349        WARN  main            d.u.i.k.s.ProofSettings   The settings in /home/runner/.key/proof-settings.props are *not* read. 
394        INFO  main            d.u.i.k.p.r.p.TestFile    Now processing file /home/runner/work/key/key/key.core/../key.ui/examples/heap/list_recursiveSpec/ListOperationsNonNull_getNextNN_normal_behavior.key 
537        INFO  main            d.u.i.k.p.i.AbstractProblemLoader Loading environment from /home/runner/work/key/key/key.core/../key.ui/examples/heap/list_recursiveSpec/ListOperationsNonNull_getNextNN_normal_behavior.key 
562        DEBUG main            d.u.i.k.p.i.AbstractProblemLoader Environment load took 2.56ms 
787        INFO  main            d.u.i.k.p.i.AbstractProblemLoader Creating init config 
1866       DEBUG main            d.u.i.k.j.TypeConverter   No LDT found for Meta 
1867       DEBUG main            d.u.i.k.j.TypeConverter   No LDT found for Meta 
1870       DEBUG main            d.u.i.k.j.TypeConverter   No LDT found for Meta 
1870       DEBUG main            d.u.i.k.j.TypeConverter   No LDT found for Meta 
3318       DEBUG main            d.u.i.k.j.TypeConverter   No LDT found for JavaBigintExpression 
8277       DEBUG main            d.u.i.k.p.i.AbstractProblemLoader Init config took 7.49s 
8409       INFO  main            d.u.i.k.p.i.AbstractProblemLoader Replaying proof ListOperationsNonNull[ListOperationsNonNull::getNextNN(ListNN,int)].JML normal_behavior operation contract.0 
8448       DEBUG main            d.u.i.k.p.i.IntermediateProofReplayer Proof replay took 27.5ns 
9682       INFO  main            d.u.i.k.p.r.p.TestFile    ... finished proof: closed. 
9880       INFO  main            d.u.i.k.p.i.AbstractProblemLoader Loading environment from /home/runner/work/key/key/key.core/../key.ui/examples/heap/list_recursiveSpec/ListOperationsNonNull_getNextNN_normal_behavior.key.proof 
9883       DEBUG main            d.u.i.k.p.i.AbstractProblemLoader Environment load took 2.77ms 
9886       INFO  main            d.u.i.k.p.i.AbstractProblemLoader Creating init config 
12739      DEBUG main            d.u.i.k.p.i.AbstractProblemLoader Init config took 2.85s 
12813      INFO  main            d.u.i.k.p.i.AbstractProblemLoader Replaying proof ListOperationsNonNull[ListOperationsNonNull::getNextNN(ListNN,int)].JML normal_behavior operation contract.0 
12977      DEBUG main            d.u.i.k.p.i.IntermediateProofReplayer Proof replay took 155.09ms 
12984      DEBUG main            d.u.i.k.p.r.p.TestFile    ... success: reloaded. 
12985      INFO  main            d.u.i.k.p.r.p.TestFile    Now processing file /home/runner/work/key/key/key.core/../key.ui/examples/heap/list_recursiveSpec/ListOperationsNonNull_setValueAt_normal_behavior.key 
12986      INFO  main            d.u.i.k.p.i.AbstractProblemLoader Loading environment from /home/runner/work/key/key/key.core/../key.ui/examples/heap/list_recursiveSpec/ListOperationsNonNull_setValueAt_normal_behavior.key 
12986      DEBUG main            d.u.i.k.p.i.AbstractProblemLoader Environment load took 248.6ns 
12988      INFO  main            d.u.i.k.p.i.AbstractProblemLoader Creating init config 
15748      DEBUG main            d.u.i.k.p.i.AbstractProblemLoader Init config took 2.76s 
15810      INFO  main            d.u.i.k.p.i.AbstractProblemLoader Replaying proof ListOperationsNonNull[ListOperationsNonNull::setValueAt_NN(ListNN,int,int)].JML normal_behavior operation contract.0 
15813      DEBUG main            d.u.i.k.p.i.IntermediateProofReplayer Proof replay took 5.4ns 
15857      DEBUG main            d.u.i.k.m.s.ProofScriptEngine [1] goal: 0, source line: 51, command: 'macro autopilot' 
18043      DEBUG main            d.u.i.k.m.s.ProofScriptEngine [2] goal: 79, source line: 52, command: 'macro simp-upd' 
18049      DEBUG main            d.u.i.k.m.s.ProofScriptEngine [3] goal: 1451, source line: 53, command: 'rule observerDependencyEQ' 
18063      DEBUG main            d.u.i.k.m.s.ProofScriptEngine [4] goal: 1452, source line: 54, command: 'tryclose' 
18094      INFO  main            d.u.i.k.p.r.p.TestFile    ... finished proof: closed. 
18261      INFO  main            d.u.i.k.p.i.AbstractProblemLoader Loading environment from /home/runner/work/key/key/key.core/../key.ui/examples/heap/list_recursiveSpec/ListOperationsNonNull_setValueAt_normal_behavior.key.proof 
18261      DEBUG main            d.u.i.k.p.i.AbstractProblemLoader Environment load took 736.2ns 
18263      INFO  main            d.u.i.k.p.i.AbstractProblemLoader Creating init config 
20805      DEBUG main            d.u.i.k.p.i.AbstractProblemLoader Init config took 2.54s 
20858      INFO  main            d.u.i.k.p.i.AbstractProblemLoader Replaying proof ListOperationsNonNull[ListOperationsNonNull::setValueAt_NN(ListNN,int,int)].JML normal_behavior operation contract.0 
21004      DEBUG main            d.u.i.k.p.i.IntermediateProofReplayer Proof replay took 140.72ms 
21006      DEBUG main            d.u.i.k.p.r.p.TestFile    ... success: reloaded. 
1190608    INFO  Test worker     d.u.i.k.p.r.RunAllProofsTestUnit Returning from test list_recursive 
1190610    INFO  Test worker     d.u.i.k.p.r.RunAllProofsTestUnit Running test list_seq 
370        INFO  Timeout watchdog d.u.i.k.p.r.p.ForkedTestFileRunner Timeout watcher launched (2000 secs.) 
388        WARN  main            d.u.i.k.s.ProofSettings   The settings in /home/runner/.key/proof-settings.props are *not* read. 
416        INFO  main            d.u.i.k.p.r.p.TestFile    Now processing file /home/runner/work/key/key/key.core/../key.ui/examples/heap/list_seq/SimplifiedLinkedList.remove.key 
560        INFO  main            d.u.i.k.p.i.AbstractProblemLoader Loading environment from /home/runner/work/key/key/key.core/../key.ui/examples/heap/list_seq/SimplifiedLinkedList.remove.key 
576        DEBUG main            d.u.i.k.p.i.AbstractProblemLoader Environment load took 2.08ms 
791        INFO  main            d.u.i.k.p.i.AbstractProblemLoader Creating init config 
1841       DEBUG main            d.u.i.k.j.TypeConverter   No LDT found for Meta 
1842       DEBUG main            d.u.i.k.j.TypeConverter   No LDT found for Meta 
1845       DEBUG main            d.u.i.k.j.TypeConverter   No LDT found for Meta 
1845       DEBUG main            d.u.i.k.j.TypeConverter   No LDT found for Meta 
3162       DEBUG main            d.u.i.k.j.TypeConverter   No LDT found for JavaBigintExpression 
8716       DEBUG main            d.u.i.k.p.i.AbstractProblemLoader Init config took 7.92s 
8929       INFO  main            d.u.i.k.p.i.AbstractProblemLoader Replaying proof SimplifiedLinkedList[SimplifiedLinkedList::remove(int)].JML normal_behavior operation contract.0 
8965       DEBUG main            d.u.i.k.p.i.IntermediateProofReplayer Proof replay took 27.1ns 
75875      INFO  main            d.u.i.k.p.r.p.TestFile    ... finished proof: closed. 
76315      INFO  main            d.u.i.k.p.i.AbstractProblemLoader Loading environment from /home/runner/work/key/key/key.core/../key.ui/examples/heap/list_seq/SimplifiedLinkedList.remove.key.proof 
76316      DEBUG main            d.u.i.k.p.i.AbstractProblemLoader Environment load took 968.6ns 
76335      INFO  main            d.u.i.k.p.i.AbstractProblemLoader Creating init config 
79528      DEBUG main            d.u.i.k.p.i.AbstractProblemLoader Init config took 3.19s 
79626      INFO  main            d.u.i.k.p.i.AbstractProblemLoader Replaying proof SimplifiedLinkedList[SimplifiedLinkedList::remove(int)].JML normal_behavior operation contract.0 
82646      DEBUG main            d.u.i.k.p.i.IntermediateProofReplayer Proof replay took 2.77s 
82664      DEBUG main            d.u.i.k.p.r.p.TestFile    ... success: reloaded. 
82667      INFO  main            d.u.i.k.p.r.p.TestFile    Now processing file /home/runner/work/key/key/key.core/../key.ui/examples/heap/list_seq/ArrayList.ArrayList.key 
82667      INFO  main            d.u.i.k.p.i.AbstractProblemLoader Loading environment from /home/runner/work/key/key/key.core/../key.ui/examples/heap/list_seq/ArrayList.ArrayList.key 
82668      DEBUG main            d.u.i.k.p.i.AbstractProblemLoader Environment load took 138.2ns 
82671      INFO  main            d.u.i.k.p.i.AbstractProblemLoader Creating init config 
85806      DEBUG main            d.u.i.k.p.i.AbstractProblemLoader Init config took 3.13s 
85943      INFO  main            d.u.i.k.p.i.AbstractProblemLoader Replaying proof ArrayList[ArrayList::ArrayList()].JML normal_behavior operation contract.0 
85945      DEBUG main            d.u.i.k.p.i.IntermediateProofReplayer Proof replay took 6.7ns 
87051      INFO  main            d.u.i.k.p.r.p.TestFile    ... finished proof: closed. 
87232      INFO  main            d.u.i.k.p.i.AbstractProblemLoader Loading environment from /home/runner/work/key/key/key.core/../key.ui/examples/heap/list_seq/ArrayList.ArrayList.key.proof 
87233      DEBUG main            d.u.i.k.p.i.AbstractProblemLoader Environment load took 744.91ns 
87234      INFO  main            d.u.i.k.p.i.AbstractProblemLoader Creating init config 
90255      DEBUG main            d.u.i.k.p.i.AbstractProblemLoader Init config took 3.02s 
90343      INFO  main            d.u.i.k.p.i.AbstractProblemLoader Replaying proof ArrayList[ArrayList::ArrayList()].JML normal_behavior operation contract.0 
90461      DEBUG main            d.u.i.k.p.i.IntermediateProofReplayer Proof replay took 112.82ms 
90463      DEBUG main            d.u.i.k.p.r.p.TestFile    ... success: reloaded. 
90464      INFO  main            d.u.i.k.p.r.p.TestFile    Now processing file /home/runner/work/key/key/key.core/../key.ui/examples/heap/list_seq/ArrayList.add.key 
90464      INFO  main            d.u.i.k.p.i.AbstractProblemLoader Loading environment from /home/runner/work/key/key/key.core/../key.ui/examples/heap/list_seq/ArrayList.add.key 
90465      DEBUG main            d.u.i.k.p.i.AbstractProblemLoader Environment load took 248.4ns 
90466      INFO  main            d.u.i.k.p.i.AbstractProblemLoader Creating init config 
93420      DEBUG main            d.u.i.k.p.i.AbstractProblemLoader Init config took 2.95s 
93508      INFO  main            d.u.i.k.p.i.AbstractProblemLoader Replaying proof ArrayList[List::add(java.lang.Object)].JML normal_behavior operation contract.0 
93510      DEBUG main            d.u.i.k.p.i.IntermediateProofReplayer Proof replay took 7.5ns 
96998      INFO  main            d.u.i.k.p.r.p.TestFile    ... finished proof: closed. 
97203      INFO  main            d.u.i.k.p.i.AbstractProblemLoader Loading environment from /home/runner/work/key/key/key.core/../key.ui/examples/heap/list_seq/ArrayList.add.key.proof 
97204      DEBUG main            d.u.i.k.p.i.AbstractProblemLoader Environment load took 518.5ns 
97205      INFO  main            d.u.i.k.p.i.AbstractProblemLoader Creating init config 
100037     DEBUG main            d.u.i.k.p.i.AbstractProblemLoader Init config took 2.83s 
100143     INFO  main            d.u.i.k.p.i.AbstractProblemLoader Replaying proof ArrayList[List::add(java.lang.Object)].JML normal_behavior operation contract.0 
100404     DEBUG main            d.u.i.k.p.i.IntermediateProofReplayer Proof replay took 248.74ms 
100406     DEBUG main            d.u.i.k.p.r.p.TestFile    ... success: reloaded. 
100407     INFO  main            d.u.i.k.p.r.p.TestFile    Now processing file /home/runner/work/key/key/key.core/../key.ui/examples/heap/list_seq/ArrayList.contains.key 
100408     INFO  main            d.u.i.k.p.i.AbstractProblemLoader Loading environment from /home/runner/work/key/key/key.core/../key.ui/examples/heap/list_seq/ArrayList.contains.key 
100408     DEBUG main            d.u.i.k.p.i.AbstractProblemLoader Environment load took 229.7ns 
100409     INFO  main            d.u.i.k.p.i.AbstractProblemLoader Creating init config 
103234     DEBUG main            d.u.i.k.p.i.AbstractProblemLoader Init config took 2.82s 
103331     INFO  main            d.u.i.k.p.i.AbstractProblemLoader Replaying proof ArrayList[List::contains(java.lang.Object)].JML normal_behavior operation contract.0 
103334     DEBUG main            d.u.i.k.p.i.IntermediateProofReplayer Proof replay took 7.3ns 
105062     INFO  main            d.u.i.k.p.r.p.TestFile    ... finished proof: closed. 
105261     INFO  main            d.u.i.k.p.i.AbstractProblemLoader Loading environment from /home/runner/work/key/key/key.core/../key.ui/examples/heap/list_seq/ArrayList.contains.key.proof 
105262     DEBUG main            d.u.i.k.p.i.AbstractProblemLoader Environment load took 489.4ns 
105263     INFO  main            d.u.i.k.p.i.AbstractProblemLoader Creating init config 
108087     DEBUG main            d.u.i.k.p.i.AbstractProblemLoader Init config took 2.82s 
108172     INFO  main            d.u.i.k.p.i.AbstractProblemLoader Replaying proof ArrayList[List::contains(java.lang.Object)].JML normal_behavior operation contract.0 
108344     DEBUG main            d.u.i.k.p.i.IntermediateProofReplayer Proof replay took 165.6ms 
108345     DEBUG main            d.u.i.k.p.r.p.TestFile    ... success: reloaded. 
108347     INFO  main            d.u.i.k.p.r.p.TestFile    Now processing file /home/runner/work/key/key/key.core/../key.ui/examples/heap/list_seq/ArrayList.enlarge.key 
108347     INFO  main            d.u.i.k.p.i.AbstractProblemLoader Loading environment from /home/runner/work/key/key/key.core/../key.ui/examples/heap/list_seq/ArrayList.enlarge.key 
108347     DEBUG main            d.u.i.k.p.i.AbstractProblemLoader Environment load took 250.6ns 
108348     INFO  main            d.u.i.k.p.i.AbstractProblemLoader Creating init config 
111359     DEBUG main            d.u.i.k.p.i.AbstractProblemLoader Init config took 3.01s 
111435     INFO  main            d.u.i.k.p.i.AbstractProblemLoader Replaying proof ArrayList[ArrayList::enlarge()].JML normal_behavior operation contract.0 
111436     DEBUG main            d.u.i.k.p.i.IntermediateProofReplayer Proof replay took 5.9ns 
113475     INFO  main            d.u.i.k.p.r.p.TestFile    ... finished proof: closed. 
113687     INFO  main            d.u.i.k.p.i.AbstractProblemLoader Loading environment from /home/runner/work/key/key/key.core/../key.ui/examples/heap/list_seq/ArrayList.enlarge.key.proof 
113687     DEBUG main            d.u.i.k.p.i.AbstractProblemLoader Environment load took 125.8ns 
113688     INFO  main            d.u.i.k.p.i.AbstractProblemLoader Creating init config 
116540     DEBUG main            d.u.i.k.p.i.AbstractProblemLoader Init config took 2.85s 
116613     INFO  main            d.u.i.k.p.i.AbstractProblemLoader Replaying proof ArrayList[ArrayList::enlarge()].JML normal_behavior operation contract.0 
116861     DEBUG main            d.u.i.k.p.i.IntermediateProofReplayer Proof replay took 241.91ms 
116862     DEBUG main            d.u.i.k.p.r.p.TestFile    ... success: reloaded. 
116863     INFO  main            d.u.i.k.p.r.p.TestFile    Now processing file /home/runner/work/key/key/key.core/../key.ui/examples/heap/list_seq/ArrayList.get.key 
116863     INFO  main            d.u.i.k.p.i.AbstractProblemLoader Loading environment from /home/runner/work/key/key/key.core/../key.ui/examples/heap/list_seq/ArrayList.get.key 
116864     DEBUG main            d.u.i.k.p.i.AbstractProblemLoader Environment load took 92.3ns 
116864     INFO  main            d.u.i.k.p.i.AbstractProblemLoader Creating init config 
119670     DEBUG main            d.u.i.k.p.i.AbstractProblemLoader Init config took 2.81s 
119741     INFO  main            d.u.i.k.p.i.AbstractProblemLoader Replaying proof ArrayList[List::get(int)].JML normal_behavior operation contract.0 
119743     DEBUG main            d.u.i.k.p.i.IntermediateProofReplayer Proof replay took 6.8ns 
120246     INFO  main            d.u.i.k.p.r.p.TestFile    ... finished proof: closed. 
120453     INFO  main            d.u.i.k.p.i.AbstractProblemLoader Loading environment from /home/runner/work/key/key/key.core/../key.ui/examples/heap/list_seq/ArrayList.get.key.proof 
120454     DEBUG main            d.u.i.k.p.i.AbstractProblemLoader Environment load took 659.9ns 
120455     INFO  main            d.u.i.k.p.i.AbstractProblemLoader Creating init config 
123217     DEBUG main            d.u.i.k.p.i.AbstractProblemLoader Init config took 2.76s 
123287     INFO  main            d.u.i.k.p.i.AbstractProblemLoader Replaying proof ArrayList[List::get(int)].JML normal_behavior operation contract.0 
123330     DEBUG main            d.u.i.k.p.i.IntermediateProofReplayer Proof replay took 39.62ms 
123331     DEBUG main            d.u.i.k.p.r.p.TestFile    ... success: reloaded. 
123332     INFO  main            d.u.i.k.p.r.p.TestFile    Now processing file /home/runner/work/key/key/key.core/../key.ui/examples/heap/list_seq/ArrayList.newArray.key 
123333     INFO  main            d.u.i.k.p.i.AbstractProblemLoader Loading environment from /home/runner/work/key/key/key.core/../key.ui/examples/heap/list_seq/ArrayList.newArray.key 
123333     DEBUG main            d.u.i.k.p.i.AbstractProblemLoader Environment load took 232.5ns 
123334     INFO  main            d.u.i.k.p.i.AbstractProblemLoader Creating init config 
126177     DEBUG main            d.u.i.k.p.i.AbstractProblemLoader Init config took 2.84s 
126246     INFO  main            d.u.i.k.p.i.AbstractProblemLoader Replaying proof ArrayList[ArrayList::newArray(int)].JML normal_behavior operation contract.0 
126248     DEBUG main            d.u.i.k.p.i.IntermediateProofReplayer Proof replay took 7ns 
126554     INFO  main            d.u.i.k.p.r.p.TestFile    ... finished proof: closed. 
126774     INFO  main            d.u.i.k.p.i.AbstractProblemLoader Loading environment from /home/runner/work/key/key/key.core/../key.ui/examples/heap/list_seq/ArrayList.newArray.key.proof 
126774     DEBUG main            d.u.i.k.p.i.AbstractProblemLoader Environment load took 531.5ns 
126775     INFO  main            d.u.i.k.p.i.AbstractProblemLoader Creating init config 
129509     DEBUG main            d.u.i.k.p.i.AbstractProblemLoader Init config took 2.73s 
129580     INFO  main            d.u.i.k.p.i.AbstractProblemLoader Replaying proof ArrayList[ArrayList::newArray(int)].JML normal_behavior operation contract.0 
129633     DEBUG main            d.u.i.k.p.i.IntermediateProofReplayer Proof replay took 50.06ms 
129634     DEBUG main            d.u.i.k.p.r.p.TestFile    ... success: reloaded. 
129635     INFO  main            d.u.i.k.p.r.p.TestFile    Now processing file /home/runner/work/key/key/key.core/../key.ui/examples/heap/list_seq/ArrayList.remove.0.key 
129635     INFO  main            d.u.i.k.p.i.AbstractProblemLoader Loading environment from /home/runner/work/key/key/key.core/../key.ui/examples/heap/list_seq/ArrayList.remove.0.key 
129635     DEBUG main            d.u.i.k.p.i.AbstractProblemLoader Environment load took 117.8ns 
129636     INFO  main            d.u.i.k.p.i.AbstractProblemLoader Creating init config 
132431     DEBUG main            d.u.i.k.p.i.AbstractProblemLoader Init config took 2.8s 
132499     INFO  main            d.u.i.k.p.i.AbstractProblemLoader Replaying proof ArrayList[List::remove(java.lang.Object)].JML normal_behavior operation contract.0 
132500     DEBUG main            d.u.i.k.p.i.IntermediateProofReplayer Proof replay took 7.4ns 
134409     INFO  main            d.u.i.k.p.r.p.TestFile    ... finished proof: closed. 
134646     INFO  main            d.u.i.k.p.i.AbstractProblemLoader Loading environment from /home/runner/work/key/key/key.core/../key.ui/examples/heap/list_seq/ArrayList.remove.0.key.proof 
134647     DEBUG main            d.u.i.k.p.i.AbstractProblemLoader Environment load took 133.1ns 
134648     INFO  main            d.u.i.k.p.i.AbstractProblemLoader Creating init config 
137435     DEBUG main            d.u.i.k.p.i.AbstractProblemLoader Init config took 2.79s 
137503     INFO  main            d.u.i.k.p.i.AbstractProblemLoader Replaying proof ArrayList[List::remove(java.lang.Object)].JML normal_behavior operation contract.0 
137832     DEBUG main            d.u.i.k.p.i.IntermediateProofReplayer Proof replay took 323.29ms 
137833     DEBUG main            d.u.i.k.p.r.p.TestFile    ... success: reloaded. 
137834     INFO  main            d.u.i.k.p.r.p.TestFile    Now processing file /home/runner/work/key/key/key.core/../key.ui/examples/heap/list_seq/ArrayList.remove.1.key 
137835     INFO  main            d.u.i.k.p.i.AbstractProblemLoader Loading environment from /home/runner/work/key/key/key.core/../key.ui/examples/heap/list_seq/ArrayList.remove.1.key 
137835     DEBUG main            d.u.i.k.p.i.AbstractProblemLoader Environment load took 364.7ns 
137837     INFO  main            d.u.i.k.p.i.AbstractProblemLoader Creating init config 
140606     DEBUG main            d.u.i.k.p.i.AbstractProblemLoader Init config took 2.77s 
140681     INFO  main            d.u.i.k.p.i.AbstractProblemLoader Replaying proof ArrayList[List::remove(java.lang.Object)].JML normal_behavior operation contract.1 
140683     DEBUG main            d.u.i.k.p.i.IntermediateProofReplayer Proof replay took 7.1ns 
151852     INFO  main            d.u.i.k.p.r.p.TestFile    ... finished proof: closed. 
152135     INFO  main            d.u.i.k.p.i.AbstractProblemLoader Loading environment from /home/runner/work/key/key/key.core/../key.ui/examples/heap/list_seq/ArrayList.remove.1.key.proof 
152136     DEBUG main            d.u.i.k.p.i.AbstractProblemLoader Environment load took 527.9ns 
152138     INFO  main            d.u.i.k.p.i.AbstractProblemLoader Creating init config 
154850     DEBUG main            d.u.i.k.p.i.AbstractProblemLoader Init config took 2.71s 
154917     INFO  main            d.u.i.k.p.i.AbstractProblemLoader Replaying proof ArrayList[List::remove(java.lang.Object)].JML normal_behavior operation contract.1 
155789     DEBUG main            d.u.i.k.p.i.IntermediateProofReplayer Proof replay took 848.6ms 
155792     DEBUG main            d.u.i.k.p.r.p.TestFile    ... success: reloaded. 
1346613    INFO  Test worker     d.u.i.k.p.r.RunAllProofsTestUnit Returning from test list_seq 
1346616    INFO  Test worker     d.u.i.k.p.r.RunAllProofsTestUnit Running test observer 
349        INFO  Timeout watchdog d.u.i.k.p.r.p.ForkedTestFileRunner Timeout watcher launched (2000 secs.) 
359        WARN  main            d.u.i.k.s.ProofSettings   The settings in /home/runner/.key/proof-settings.props are *not* read. 
386        INFO  main            d.u.i.k.p.r.p.TestFile    Now processing file /home/runner/work/key/key/key.core/../key.ui/examples/heap/observer/ExampleObserver_ExampleObserver.key 
498        INFO  main            d.u.i.k.p.i.AbstractProblemLoader Loading environment from /home/runner/work/key/key/key.core/../key.ui/examples/heap/observer/ExampleObserver_ExampleObserver.key 
519        DEBUG main            d.u.i.k.p.i.AbstractProblemLoader Environment load took 5.85ms 
734        INFO  main            d.u.i.k.p.i.AbstractProblemLoader Creating init config 
1576       DEBUG main            d.u.i.k.j.TypeConverter   No LDT found for Meta 
1576       DEBUG main            d.u.i.k.j.TypeConverter   No LDT found for Meta 
1577       DEBUG main            d.u.i.k.j.TypeConverter   No LDT found for Meta 
1578       DEBUG main            d.u.i.k.j.TypeConverter   No LDT found for Meta 
3240       DEBUG main            d.u.i.k.j.TypeConverter   No LDT found for JavaBigintExpression 
8877       DEBUG main            d.u.i.k.p.i.AbstractProblemLoader Init config took 8.14s 
9042       INFO  main            d.u.i.k.p.i.AbstractProblemLoader Replaying proof ExampleObserver[ExampleObserver::ExampleObserver(ExampleSubject)].JML normal_behavior operation contract.0 
9078       DEBUG main            d.u.i.k.p.i.IntermediateProofReplayer Proof replay took 53ns 
10156      INFO  main            d.u.i.k.p.r.p.TestFile    ... finished proof: closed. 
10275      INFO  main            d.u.i.k.p.i.AbstractProblemLoader Loading environment from /home/runner/work/key/key/key.core/../key.ui/examples/heap/observer/ExampleObserver_ExampleObserver.key.proof 
10275      DEBUG main            d.u.i.k.p.i.AbstractProblemLoader Environment load took 225.4ns 
10283      INFO  main            d.u.i.k.p.i.AbstractProblemLoader Creating init config 
13281      DEBUG main            d.u.i.k.p.i.AbstractProblemLoader Init config took 3s 
13348      INFO  main            d.u.i.k.p.i.AbstractProblemLoader Replaying proof ExampleObserver[ExampleObserver::ExampleObserver(ExampleSubject)].JML normal_behavior operation contract.0 
13448      DEBUG main            d.u.i.k.p.i.IntermediateProofReplayer Proof replay took 92.18ms 
13455      DEBUG main            d.u.i.k.p.r.p.TestFile    ... success: reloaded. 
13457      INFO  main            d.u.i.k.p.r.p.TestFile    Now processing file /home/runner/work/key/key/key.core/../key.ui/examples/heap/observer/ExampleObserver_inv.key 
13457      INFO  main            d.u.i.k.p.i.AbstractProblemLoader Loading environment from /home/runner/work/key/key/key.core/../key.ui/examples/heap/observer/ExampleObserver_inv.key 
13458      DEBUG main            d.u.i.k.p.i.AbstractProblemLoader Environment load took 239.4ns 
13460      INFO  main            d.u.i.k.p.i.AbstractProblemLoader Creating init config 
16361      DEBUG main            d.u.i.k.p.i.AbstractProblemLoader Init config took 2.9s 
16426      INFO  main            d.u.i.k.p.i.AbstractProblemLoader Replaying proof ExampleObserver[java.lang.Object::<inv>()].JML accessible clause.0 
16429      DEBUG main            d.u.i.k.p.i.IntermediateProofReplayer Proof replay took 6.4ns 
16532      INFO  main            d.u.i.k.p.r.p.TestFile    ... finished proof: closed. 
16698      INFO  main            d.u.i.k.p.i.AbstractProblemLoader Loading environment from /home/runner/work/key/key/key.core/../key.ui/examples/heap/observer/ExampleObserver_inv.key.proof 
16699      DEBUG main            d.u.i.k.p.i.AbstractProblemLoader Environment load took 132.4ns 
16700      INFO  main            d.u.i.k.p.i.AbstractProblemLoader Creating init config 
19479      DEBUG main            d.u.i.k.p.i.AbstractProblemLoader Init config took 2.78s 
19549      INFO  main            d.u.i.k.p.i.AbstractProblemLoader Replaying proof ExampleObserver[java.lang.Object::<inv>()].JML accessible clause.0 
19566      DEBUG main            d.u.i.k.p.i.IntermediateProofReplayer Proof replay took 14.34ms 
19567      DEBUG main            d.u.i.k.p.r.p.TestFile    ... success: reloaded. 
19569      INFO  main            d.u.i.k.p.r.p.TestFile    Now processing file /home/runner/work/key/key/key.core/../key.ui/examples/heap/observer/ExampleObserver_subject.key 
19569      INFO  main            d.u.i.k.p.i.AbstractProblemLoader Loading environment from /home/runner/work/key/key/key.core/../key.ui/examples/heap/observer/ExampleObserver_subject.key 
19570      DEBUG main            d.u.i.k.p.i.AbstractProblemLoader Environment load took 255.4ns 
19571      INFO  main            d.u.i.k.p.i.AbstractProblemLoader Creating init config 
22328      DEBUG main            d.u.i.k.p.i.AbstractProblemLoader Init config took 2.76s 
22402      INFO  main            d.u.i.k.p.i.AbstractProblemLoader Replaying proof Observer[Observer::$subject()].JML accessible clause.0 
22404      DEBUG main            d.u.i.k.p.i.IntermediateProofReplayer Proof replay took 6.1ns 
22506      INFO  main            d.u.i.k.p.r.p.TestFile    ... finished proof: closed. 
22662      INFO  main            d.u.i.k.p.i.AbstractProblemLoader Loading environment from /home/runner/work/key/key/key.core/../key.ui/examples/heap/observer/ExampleObserver_subject.key.proof 
22662      DEBUG main            d.u.i.k.p.i.AbstractProblemLoader Environment load took 215.6ns 
22663      INFO  main            d.u.i.k.p.i.AbstractProblemLoader Creating init config 
25484      DEBUG main            d.u.i.k.p.i.AbstractProblemLoader Init config took 2.82s 
25540      INFO  main            d.u.i.k.p.i.AbstractProblemLoader Replaying proof Observer[Observer::$subject()].JML accessible clause.0 
25544      DEBUG main            d.u.i.k.p.i.IntermediateProofReplayer Proof replay took 1.55ms 
25545      DEBUG main            d.u.i.k.p.r.p.TestFile    ... success: reloaded. 
25547      INFO  main            d.u.i.k.p.r.p.TestFile    Now processing file /home/runner/work/key/key/key.core/../key.ui/examples/heap/observer/ExampleObserver_update.key 
25547      INFO  main            d.u.i.k.p.i.AbstractProblemLoader Loading environment from /home/runner/work/key/key/key.core/../key.ui/examples/heap/observer/ExampleObserver_update.key 
25547      DEBUG main            d.u.i.k.p.i.AbstractProblemLoader Environment load took 214.4ns 
25549      INFO  main            d.u.i.k.p.i.AbstractProblemLoader Creating init config 
28371      DEBUG main            d.u.i.k.p.i.AbstractProblemLoader Init config took 2.82s 
28431      INFO  main            d.u.i.k.p.i.AbstractProblemLoader Replaying proof ExampleObserver[Observer::update()].JML normal_behavior operation contract.0 
28433      DEBUG main            d.u.i.k.p.i.IntermediateProofReplayer Proof replay took 6.3ns 
28836      INFO  main            d.u.i.k.p.r.p.TestFile    ... finished proof: closed. 
29004      INFO  main            d.u.i.k.p.i.AbstractProblemLoader Loading environment from /home/runner/work/key/key/key.core/../key.ui/examples/heap/observer/ExampleObserver_update.key.proof 
29011      DEBUG main            d.u.i.k.p.i.AbstractProblemLoader Environment load took 6.82ms 
29012      INFO  main            d.u.i.k.p.i.AbstractProblemLoader Creating init config 
31707      DEBUG main            d.u.i.k.p.i.AbstractProblemLoader Init config took 2.69s 
31764      INFO  main            d.u.i.k.p.i.AbstractProblemLoader Replaying proof ExampleObserver[Observer::update()].JML normal_behavior operation contract.0 
31823      DEBUG main            d.u.i.k.p.i.IntermediateProofReplayer Proof replay took 54.82ms 
31824      DEBUG main            d.u.i.k.p.r.p.TestFile    ... success: reloaded. 
31825      INFO  main            d.u.i.k.p.r.p.TestFile    Now processing file /home/runner/work/key/key/key.core/../key.ui/examples/heap/observer/ExampleObserver_upToDate.key 
31825      INFO  main            d.u.i.k.p.i.AbstractProblemLoader Loading environment from /home/runner/work/key/key/key.core/../key.ui/examples/heap/observer/ExampleObserver_upToDate.key 
31825      DEBUG main            d.u.i.k.p.i.AbstractProblemLoader Environment load took 206.6ns 
31826      INFO  main            d.u.i.k.p.i.AbstractProblemLoader Creating init config 
34480      DEBUG main            d.u.i.k.p.i.AbstractProblemLoader Init config took 2.65s 
34525      INFO  main            d.u.i.k.p.i.AbstractProblemLoader Replaying proof ExampleObserver[Observer::$upToDate()].JML accessible clause.0 
34527      DEBUG main            d.u.i.k.p.i.IntermediateProofReplayer Proof replay took 6.1ns 
34630      INFO  main            d.u.i.k.p.r.p.TestFile    ... finished proof: closed. 
34785      INFO  main            d.u.i.k.p.i.AbstractProblemLoader Loading environment from /home/runner/work/key/key/key.core/../key.ui/examples/heap/observer/ExampleObserver_upToDate.key.proof 
34786      DEBUG main            d.u.i.k.p.i.AbstractProblemLoader Environment load took 121.8ns 
34787      INFO  main            d.u.i.k.p.i.AbstractProblemLoader Creating init config 
37439      DEBUG main            d.u.i.k.p.i.AbstractProblemLoader Init config took 2.65s 
37490      INFO  main            d.u.i.k.p.i.AbstractProblemLoader Replaying proof ExampleObserver[Observer::$upToDate()].JML accessible clause.0 
37512      DEBUG main            d.u.i.k.p.i.IntermediateProofReplayer Proof replay took 18.9ms 
37514      DEBUG main            d.u.i.k.p.r.p.TestFile    ... success: reloaded. 
37515      INFO  main            d.u.i.k.p.r.p.TestFile    Now processing file /home/runner/work/key/key/key.core/../key.ui/examples/heap/observer/ExampleObserver_value.key 
37516      INFO  main            d.u.i.k.p.i.AbstractProblemLoader Loading environment from /home/runner/work/key/key/key.core/../key.ui/examples/heap/observer/ExampleObserver_value.key 
37516      DEBUG main            d.u.i.k.p.i.AbstractProblemLoader Environment load took 290.4ns 
37517      INFO  main            d.u.i.k.p.i.AbstractProblemLoader Creating init config 
40199      DEBUG main            d.u.i.k.p.i.AbstractProblemLoader Init config took 2.68s 
40244      INFO  main            d.u.i.k.p.i.AbstractProblemLoader Replaying proof ExampleObserver[ExampleObserver::value()].JML normal_behavior operation contract.0 
40246      DEBUG main            d.u.i.k.p.i.IntermediateProofReplayer Proof replay took 6.4ns 
40348      INFO  main            d.u.i.k.p.r.p.TestFile    ... finished proof: closed. 
40512      INFO  main            d.u.i.k.p.i.AbstractProblemLoader Loading environment from /home/runner/work/key/key/key.core/../key.ui/examples/heap/observer/ExampleObserver_value.key.proof 
40512      DEBUG main            d.u.i.k.p.i.AbstractProblemLoader Environment load took 120ns 
40513      INFO  main            d.u.i.k.p.i.AbstractProblemLoader Creating init config 
43096      DEBUG main            d.u.i.k.p.i.AbstractProblemLoader Init config took 2.58s 
43183      INFO  main            d.u.i.k.p.i.AbstractProblemLoader Replaying proof ExampleObserver[ExampleObserver::value()].JML normal_behavior operation contract.0 
43206      DEBUG main            d.u.i.k.p.i.IntermediateProofReplayer Proof replay took 20.29ms 
43208      DEBUG main            d.u.i.k.p.r.p.TestFile    ... success: reloaded. 
43209      INFO  main            d.u.i.k.p.r.p.TestFile    Now processing file /home/runner/work/key/key/key.core/../key.ui/examples/heap/observer/ExampleSubject_addObserver.key 
43209      INFO  main            d.u.i.k.p.i.AbstractProblemLoader Loading environment from /home/runner/work/key/key/key.core/../key.ui/examples/heap/observer/ExampleSubject_addObserver.key 
43210      DEBUG main            d.u.i.k.p.i.AbstractProblemLoader Environment load took 242ns 
43212      INFO  main            d.u.i.k.p.i.AbstractProblemLoader Creating init config 
45847      DEBUG main            d.u.i.k.p.i.AbstractProblemLoader Init config took 2.63s 
45915      INFO  main            d.u.i.k.p.i.AbstractProblemLoader Replaying proof ExampleSubject[Subject::addObserver(Observer)].JML normal_behavior operation contract.0 
45918      DEBUG main            d.u.i.k.p.i.IntermediateProofReplayer Proof replay took 7.9ns 
51230      INFO  main            d.u.i.k.p.r.p.TestFile    ... finished proof: closed. 
51458      INFO  main            d.u.i.k.p.i.AbstractProblemLoader Loading environment from /home/runner/work/key/key/key.core/../key.ui/examples/heap/observer/ExampleSubject_addObserver.key.proof 
51459      DEBUG main            d.u.i.k.p.i.AbstractProblemLoader Environment load took 495.9ns 
51461      INFO  main            d.u.i.k.p.i.AbstractProblemLoader Creating init config 
54067      DEBUG main            d.u.i.k.p.i.AbstractProblemLoader Init config took 2.61s 
54113      INFO  main            d.u.i.k.p.i.AbstractProblemLoader Replaying proof ExampleSubject[Subject::addObserver(Observer)].JML normal_behavior operation contract.0 
54673      DEBUG main            d.u.i.k.p.i.IntermediateProofReplayer Proof replay took 541.04ms 
54675      DEBUG main            d.u.i.k.p.r.p.TestFile    ... success: reloaded. 
54677      INFO  main            d.u.i.k.p.r.p.TestFile    Now processing file /home/runner/work/key/key/key.core/../key.ui/examples/heap/observer/ExampleSubject_change.key 
54677      INFO  main            d.u.i.k.p.i.AbstractProblemLoader Loading environment from /home/runner/work/key/key/key.core/../key.ui/examples/heap/observer/ExampleSubject_change.key 
54677      DEBUG main            d.u.i.k.p.i.AbstractProblemLoader Environment load took 225ns 
54678      INFO  main            d.u.i.k.p.i.AbstractProblemLoader Creating init config 
57242      DEBUG main            d.u.i.k.p.i.AbstractProblemLoader Init config took 2.56s 
57310      INFO  main            d.u.i.k.p.i.AbstractProblemLoader Replaying proof ExampleSubject[ExampleSubject::change()].JML normal_behavior operation contract.0 
57312      DEBUG main            d.u.i.k.p.i.IntermediateProofReplayer Proof replay took 6.9ns 
57820      INFO  main            d.u.i.k.p.r.p.TestFile    ... finished proof: closed. 
58024      INFO  main            d.u.i.k.p.i.AbstractProblemLoader Loading environment from /home/runner/work/key/key/key.core/../key.ui/examples/heap/observer/ExampleSubject_change.key.proof 
58025      DEBUG main            d.u.i.k.p.i.AbstractProblemLoader Environment load took 509.1ns 
58026      INFO  main            d.u.i.k.p.i.AbstractProblemLoader Creating init config 
60711      DEBUG main            d.u.i.k.p.i.AbstractProblemLoader Init config took 2.68s 
60766      INFO  main            d.u.i.k.p.i.AbstractProblemLoader Replaying proof ExampleSubject[ExampleSubject::change()].JML normal_behavior operation contract.0 
60824      DEBUG main            d.u.i.k.p.i.IntermediateProofReplayer Proof replay took 52.94ms 
60825      DEBUG main            d.u.i.k.p.r.p.TestFile    ... success: reloaded. 
60826      INFO  main            d.u.i.k.p.r.p.TestFile    Now processing file /home/runner/work/key/key/key.core/../key.ui/examples/heap/observer/ExampleSubject_ExampleSubject.key 
60827      INFO  main            d.u.i.k.p.i.AbstractProblemLoader Loading environment from /home/runner/work/key/key/key.core/../key.ui/examples/heap/observer/ExampleSubject_ExampleSubject.key 
60827      DEBUG main            d.u.i.k.p.i.AbstractProblemLoader Environment load took 235.3ns 
60828      INFO  main            d.u.i.k.p.i.AbstractProblemLoader Creating init config 
63474      DEBUG main            d.u.i.k.p.i.AbstractProblemLoader Init config took 2.65s 
63518      INFO  main            d.u.i.k.p.i.AbstractProblemLoader Replaying proof ExampleSubject[ExampleSubject::ExampleSubject()].JML normal_behavior operation contract.0 
63520      DEBUG main            d.u.i.k.p.i.IntermediateProofReplayer Proof replay took 6ns 
64556      INFO  main            d.u.i.k.p.r.p.TestFile    ... finished proof: closed. 
64766      INFO  main            d.u.i.k.p.i.AbstractProblemLoader Loading environment from /home/runner/work/key/key/key.core/../key.ui/examples/heap/observer/ExampleSubject_ExampleSubject.key.proof 
64768      DEBUG main            d.u.i.k.p.i.AbstractProblemLoader Environment load took 2.03ms 
64770      INFO  main            d.u.i.k.p.i.AbstractProblemLoader Creating init config 
67322      DEBUG main            d.u.i.k.p.i.AbstractProblemLoader Init config took 2.55s 
67367      INFO  main            d.u.i.k.p.i.AbstractProblemLoader Replaying proof ExampleSubject[ExampleSubject::ExampleSubject()].JML normal_behavior operation contract.0 
67539      DEBUG main            d.u.i.k.p.i.IntermediateProofReplayer Proof replay took 165.89ms 
67541      DEBUG main            d.u.i.k.p.r.p.TestFile    ... success: reloaded. 
67543      INFO  main            d.u.i.k.p.r.p.TestFile    Now processing file /home/runner/work/key/key/key.core/../key.ui/examples/heap/observer/ExampleSubject_footprint.key 
67543      INFO  main            d.u.i.k.p.i.AbstractProblemLoader Loading environment from /home/runner/work/key/key/key.core/../key.ui/examples/heap/observer/ExampleSubject_footprint.key 
67543      DEBUG main            d.u.i.k.p.i.AbstractProblemLoader Environment load took 213.5ns 
67544      INFO  main            d.u.i.k.p.i.AbstractProblemLoader Creating init config 
70221      DEBUG main            d.u.i.k.p.i.AbstractProblemLoader Init config took 2.68s 
70268      INFO  main            d.u.i.k.p.i.AbstractProblemLoader Replaying proof ExampleSubject[Subject::$footprint()].JML accessible clause.0 
70270      DEBUG main            d.u.i.k.p.i.IntermediateProofReplayer Proof replay took 7.1ns 
70372      INFO  main            d.u.i.k.p.r.p.TestFile    ... finished proof: closed. 
70590      INFO  main            d.u.i.k.p.i.AbstractProblemLoader Loading environment from /home/runner/work/key/key/key.core/../key.ui/examples/heap/observer/ExampleSubject_footprint.key.proof 
70590      DEBUG main            d.u.i.k.p.i.AbstractProblemLoader Environment load took 122.2ns 
70591      INFO  main            d.u.i.k.p.i.AbstractProblemLoader Creating init config 
73172      DEBUG main            d.u.i.k.p.i.AbstractProblemLoader Init config took 2.58s 
73223      INFO  main            d.u.i.k.p.i.AbstractProblemLoader Replaying proof ExampleSubject[Subject::$footprint()].JML accessible clause.0 
73241      DEBUG main            d.u.i.k.p.i.IntermediateProofReplayer Proof replay took 13.37ms 
73243      DEBUG main            d.u.i.k.p.r.p.TestFile    ... success: reloaded. 
73245      INFO  main            d.u.i.k.p.r.p.TestFile    Now processing file /home/runner/work/key/key/key.core/../key.ui/examples/heap/observer/ExampleSubject_inv.key 
73245      INFO  main            d.u.i.k.p.i.AbstractProblemLoader Loading environment from /home/runner/work/key/key/key.core/../key.ui/examples/heap/observer/ExampleSubject_inv.key 
73246      DEBUG main            d.u.i.k.p.i.AbstractProblemLoader Environment load took 279.5ns 
73247      INFO  main            d.u.i.k.p.i.AbstractProblemLoader Creating init config 
75934      DEBUG main            d.u.i.k.p.i.AbstractProblemLoader Init config took 2.69s 
75977      INFO  main            d.u.i.k.p.i.AbstractProblemLoader Replaying proof ExampleSubject[java.lang.Object::<inv>()].JML accessible clause.0 
75979      DEBUG main            d.u.i.k.p.i.IntermediateProofReplayer Proof replay took 6.2ns 
77184      INFO  main            d.u.i.k.p.r.p.TestFile    ... finished proof: closed. 
77449      INFO  main            d.u.i.k.p.i.AbstractProblemLoader Loading environment from /home/runner/work/key/key/key.core/../key.ui/examples/heap/observer/ExampleSubject_inv.key.proof 
77450      DEBUG main            d.u.i.k.p.i.AbstractProblemLoader Environment load took 483.3ns 
77451      INFO  main            d.u.i.k.p.i.AbstractProblemLoader Creating init config 
80033      DEBUG main            d.u.i.k.p.i.AbstractProblemLoader Init config took 2.58s 
80086      INFO  main            d.u.i.k.p.i.AbstractProblemLoader Replaying proof ExampleSubject[java.lang.Object::<inv>()].JML accessible clause.0 
80165      DEBUG main            d.u.i.k.p.i.IntermediateProofReplayer Proof replay took 73.29ms 
80166      DEBUG main            d.u.i.k.p.r.p.TestFile    ... success: reloaded. 
80168      INFO  main            d.u.i.k.p.r.p.TestFile    Now processing file /home/runner/work/key/key/key.core/../key.ui/examples/heap/observer/ExampleSubject_notifyObservers.key 
80168      INFO  main            d.u.i.k.p.i.AbstractProblemLoader Loading environment from /home/runner/work/key/key/key.core/../key.ui/examples/heap/observer/ExampleSubject_notifyObservers.key 
80168      DEBUG main            d.u.i.k.p.i.AbstractProblemLoader Environment load took 172ns 
80170      INFO  main            d.u.i.k.p.i.AbstractProblemLoader Creating init config 
82807      DEBUG main            d.u.i.k.p.i.AbstractProblemLoader Init config took 2.64s 
82854      INFO  main            d.u.i.k.p.i.AbstractProblemLoader Replaying proof Subject[Subject::notifyObservers()].JML normal_behavior operation contract.0 
82855      DEBUG main            d.u.i.k.p.i.IntermediateProofReplayer Proof replay took 6.7ns 
82957      INFO  main            d.u.i.k.p.r.p.TestFile    ... finished proof: closed. 
83167      INFO  main            d.u.i.k.p.i.AbstractProblemLoader Loading environment from /home/runner/work/key/key/key.core/../key.ui/examples/heap/observer/ExampleSubject_notifyObservers.key.proof 
83168      DEBUG main            d.u.i.k.p.i.AbstractProblemLoader Environment load took 121ns 
83169      INFO  main            d.u.i.k.p.i.AbstractProblemLoader Creating init config 
85707      DEBUG main            d.u.i.k.p.i.AbstractProblemLoader Init config took 2.54s 
85751      INFO  main            d.u.i.k.p.i.AbstractProblemLoader Replaying proof Subject[Subject::notifyObservers()].JML normal_behavior operation contract.0 
85755      DEBUG main            d.u.i.k.p.i.IntermediateProofReplayer Proof replay took 2.45ms 
85756      DEBUG main            d.u.i.k.p.r.p.TestFile    ... success: reloaded. 
85757      INFO  main            d.u.i.k.p.r.p.TestFile    Now processing file /home/runner/work/key/key/key.core/../key.ui/examples/heap/observer/ExampleSubject_value_dep.key 
85757      INFO  main            d.u.i.k.p.i.AbstractProblemLoader Loading environment from /home/runner/work/key/key/key.core/../key.ui/examples/heap/observer/ExampleSubject_value_dep.key 
85757      DEBUG main            d.u.i.k.p.i.AbstractProblemLoader Environment load took 106.4ns 
85762      INFO  main            d.u.i.k.p.i.AbstractProblemLoader Creating init config 
88422      DEBUG main            d.u.i.k.p.i.AbstractProblemLoader Init config took 2.66s 
88468      INFO  main            d.u.i.k.p.i.AbstractProblemLoader Replaying proof ExampleSubject[ExampleSubject::value()].JML accessible clause.0 
88470      DEBUG main            d.u.i.k.p.i.IntermediateProofReplayer Proof replay took 7.2ns 
88573      INFO  main            d.u.i.k.p.r.p.TestFile    ... finished proof: closed. 
88807      INFO  main            d.u.i.k.p.i.AbstractProblemLoader Loading environment from /home/runner/work/key/key/key.core/../key.ui/examples/heap/observer/ExampleSubject_value_dep.key.proof 
88807      DEBUG main            d.u.i.k.p.i.AbstractProblemLoader Environment load took 112.6ns 
88808      INFO  main            d.u.i.k.p.i.AbstractProblemLoader Creating init config 
91355      DEBUG main            d.u.i.k.p.i.AbstractProblemLoader Init config took 2.55s 
91397      INFO  main            d.u.i.k.p.i.AbstractProblemLoader Replaying proof ExampleSubject[ExampleSubject::value()].JML accessible clause.0 
91411      DEBUG main            d.u.i.k.p.i.IntermediateProofReplayer Proof replay took 11.17ms 
91411      DEBUG main            d.u.i.k.p.r.p.TestFile    ... success: reloaded. 
91415      INFO  main            d.u.i.k.p.r.p.TestFile    Now processing file /home/runner/work/key/key/key.core/../key.ui/examples/heap/observer/ExampleSubject_value.key 
91415      INFO  main            d.u.i.k.p.i.AbstractProblemLoader Loading environment from /home/runner/work/key/key/key.core/../key.ui/examples/heap/observer/ExampleSubject_value.key 
91415      DEBUG main            d.u.i.k.p.i.AbstractProblemLoader Environment load took 119.3ns 
91416      INFO  main            d.u.i.k.p.i.AbstractProblemLoader Creating init config 
94023      DEBUG main            d.u.i.k.p.i.AbstractProblemLoader Init config took 2.61s 
94064      INFO  main            d.u.i.k.p.i.AbstractProblemLoader Replaying proof ExampleSubject[ExampleSubject::value()].JML normal_behavior operation contract.0 
94065      DEBUG main            d.u.i.k.p.i.IntermediateProofReplayer Proof replay took 6.7ns 
94168      INFO  main            d.u.i.k.p.r.p.TestFile    ... finished proof: closed. 
94397      INFO  main            d.u.i.k.p.i.AbstractProblemLoader Loading environment from /home/runner/work/key/key/key.core/../key.ui/examples/heap/observer/ExampleSubject_value.key.proof 
94397      DEBUG main            d.u.i.k.p.i.AbstractProblemLoader Environment load took 122.8ns 
94398      INFO  main            d.u.i.k.p.i.AbstractProblemLoader Creating init config 
96920      DEBUG main            d.u.i.k.p.i.AbstractProblemLoader Init config took 2.52s 
96959      INFO  main            d.u.i.k.p.i.AbstractProblemLoader Replaying proof ExampleSubject[ExampleSubject::value()].JML normal_behavior operation contract.0 
96985      DEBUG main            d.u.i.k.p.i.IntermediateProofReplayer Proof replay took 24.89ms 
96986      DEBUG main            d.u.i.k.p.r.p.TestFile    ... success: reloaded. 
1443783    INFO  Test worker     d.u.i.k.p.r.RunAllProofsTestUnit Returning from test observer 
1443784    INFO  Test worker     d.u.i.k.p.r.RunAllProofsTestUnit Running test removeDups 
336        INFO  Timeout watchdog d.u.i.k.p.r.p.ForkedTestFileRunner Timeout watcher launched (2000 secs.) 
347        WARN  main            d.u.i.k.s.ProofSettings   The settings in /home/runner/.key/proof-settings.props are *not* read. 
380        INFO  main            d.u.i.k.p.r.p.TestFile    Now processing file /home/runner/work/key/key/key.core/../key.ui/examples/heap/removeDups/arrayPart.key 
524        INFO  main            d.u.i.k.p.i.AbstractProblemLoader Loading environment from /home/runner/work/key/key/key.core/../key.ui/examples/heap/removeDups/arrayPart.key 
545        DEBUG main            d.u.i.k.p.i.AbstractProblemLoader Environment load took 2.78ms 
786        INFO  main            d.u.i.k.p.i.AbstractProblemLoader Creating init config 
1658       DEBUG main            d.u.i.k.j.TypeConverter   No LDT found for Meta 
1659       DEBUG main            d.u.i.k.j.TypeConverter   No LDT found for Meta 
1661       DEBUG main            d.u.i.k.j.TypeConverter   No LDT found for Meta 
1661       DEBUG main            d.u.i.k.j.TypeConverter   No LDT found for Meta 
3113       DEBUG main            d.u.i.k.j.TypeConverter   No LDT found for JavaBigintExpression 
8071       DEBUG main            d.u.i.k.p.i.AbstractProblemLoader Init config took 7.28s 
8195       INFO  main            d.u.i.k.p.i.AbstractProblemLoader Replaying proof RemoveDup[RemoveDup::arrayPart([I,int)].JML normal_behavior operation contract.0 
8232       DEBUG main            d.u.i.k.p.i.IntermediateProofReplayer Proof replay took 27.3ns 
10912      INFO  main            d.u.i.k.p.r.p.TestFile    ... finished proof: closed. 
11120      INFO  main            d.u.i.k.p.i.AbstractProblemLoader Loading environment from /home/runner/work/key/key/key.core/../key.ui/examples/heap/removeDups/arrayPart.key.proof 
11120      DEBUG main            d.u.i.k.p.i.AbstractProblemLoader Environment load took 151.3ns 
11126      INFO  main            d.u.i.k.p.i.AbstractProblemLoader Creating init config 
13966      DEBUG main            d.u.i.k.p.i.AbstractProblemLoader Init config took 2.84s 
14075      INFO  main            d.u.i.k.p.i.AbstractProblemLoader Replaying proof RemoveDup[RemoveDup::arrayPart([I,int)].JML normal_behavior operation contract.0 
14431      DEBUG main            d.u.i.k.p.i.IntermediateProofReplayer Proof replay took 327.7ms 
14441      DEBUG main            d.u.i.k.p.r.p.TestFile    ... success: reloaded. 
14447      INFO  main            d.u.i.k.p.r.p.TestFile    Now processing file /home/runner/work/key/key/key.core/../key.ui/examples/heap/removeDups/contains.key 
14448      INFO  main            d.u.i.k.p.i.AbstractProblemLoader Loading environment from /home/runner/work/key/key/key.core/../key.ui/examples/heap/removeDups/contains.key 
14448      DEBUG main            d.u.i.k.p.i.AbstractProblemLoader Environment load took 93.1ns 
14450      INFO  main            d.u.i.k.p.i.AbstractProblemLoader Creating init config 
17142      DEBUG main            d.u.i.k.p.i.AbstractProblemLoader Init config took 2.69s 
17199      INFO  main            d.u.i.k.p.i.AbstractProblemLoader Replaying proof RemoveDup[RemoveDup::contains([I,int,int)].JML normal_behavior operation contract.0 
17202      DEBUG main            d.u.i.k.p.i.IntermediateProofReplayer Proof replay took 5.2ns 
17805      INFO  main            d.u.i.k.p.r.p.TestFile    ... finished proof: closed. 
17939      INFO  main            d.u.i.k.p.i.AbstractProblemLoader Loading environment from /home/runner/work/key/key/key.core/../key.ui/examples/heap/removeDups/contains.key.proof 
17940      DEBUG main            d.u.i.k.p.i.AbstractProblemLoader Environment load took 766.1ns 
17943      INFO  main            d.u.i.k.p.i.AbstractProblemLoader Creating init config 
20609      DEBUG main            d.u.i.k.p.i.AbstractProblemLoader Init config took 2.67s 
20658      INFO  main            d.u.i.k.p.i.AbstractProblemLoader Replaying proof RemoveDup[RemoveDup::contains([I,int,int)].JML normal_behavior operation contract.0 
20753      DEBUG main            d.u.i.k.p.i.IntermediateProofReplayer Proof replay took 89.92ms 
20755      DEBUG main            d.u.i.k.p.r.p.TestFile    ... success: reloaded. 
20756      INFO  main            d.u.i.k.p.r.p.TestFile    Now processing file /home/runner/work/key/key/key.core/../key.ui/examples/heap/removeDups/removeDup.key 
20756      INFO  main            d.u.i.k.p.i.AbstractProblemLoader Loading environment from /home/runner/work/key/key/key.core/../key.ui/examples/heap/removeDups/removeDup.key 
20756      DEBUG main            d.u.i.k.p.i.AbstractProblemLoader Environment load took 354.5ns 
20758      INFO  main            d.u.i.k.p.i.AbstractProblemLoader Creating init config 
23335      DEBUG main            d.u.i.k.p.i.AbstractProblemLoader Init config took 2.58s 
23387      INFO  main            d.u.i.k.p.i.AbstractProblemLoader Replaying proof RemoveDup[RemoveDup::removeDup([I)].JML normal_behavior operation contract.0 
23391      DEBUG main            d.u.i.k.p.i.IntermediateProofReplayer Proof replay took 5.6ns 
44068      INFO  main            d.u.i.k.p.r.p.TestFile    ... finished proof: closed. 
44372      INFO  main            d.u.i.k.p.i.AbstractProblemLoader Loading environment from /home/runner/work/key/key/key.core/../key.ui/examples/heap/removeDups/removeDup.key.proof 
44373      DEBUG main            d.u.i.k.p.i.AbstractProblemLoader Environment load took 528.8ns 
44378      INFO  main            d.u.i.k.p.i.AbstractProblemLoader Creating init config 
46904      DEBUG main            d.u.i.k.p.i.AbstractProblemLoader Init config took 2.53s 
46969      INFO  main            d.u.i.k.p.i.AbstractProblemLoader Replaying proof RemoveDup[RemoveDup::removeDup([I)].JML normal_behavior operation contract.0 
48329      DEBUG main            d.u.i.k.p.i.IntermediateProofReplayer Proof replay took 1.3s 
48332      DEBUG main            d.u.i.k.p.r.p.TestFile    ... success: reloaded. 
48333      INFO  main            d.u.i.k.p.r.p.TestFile    Now processing file /home/runner/work/key/key/key.core/../key.ui/examples/heap/saddleback_search/Saddleback_search.key 
48334      INFO  main            d.u.i.k.p.i.AbstractProblemLoader Loading environment from /home/runner/work/key/key/key.core/../key.ui/examples/heap/saddleback_search/Saddleback_search.key 
48336      DEBUG main            d.u.i.k.p.i.AbstractProblemLoader Environment load took 2.05ms 
48337      INFO  main            d.u.i.k.p.i.AbstractProblemLoader Creating init config 
51058      DEBUG main            d.u.i.k.p.i.AbstractProblemLoader Init config took 2.72s 
51100      INFO  main            d.u.i.k.p.i.AbstractProblemLoader Replaying proof Saddleback[Saddleback::search([[I,int)].JML normal_behavior operation contract.0 
51108      DEBUG main            d.u.i.k.p.i.IntermediateProofReplayer Proof replay took 5.9ns 
128563     INFO  main            d.u.i.k.p.r.p.TestFile    ... finished proof: closed. 
128969     INFO  main            d.u.i.k.p.i.AbstractProblemLoader Loading environment from /home/runner/work/key/key/key.core/../key.ui/examples/heap/saddleback_search/Saddleback_search.key.proof 
128970     DEBUG main            d.u.i.k.p.i.AbstractProblemLoader Environment load took 256.1ns 
128981     INFO  main            d.u.i.k.p.i.AbstractProblemLoader Creating init config 
131398     DEBUG main            d.u.i.k.p.i.AbstractProblemLoader Init config took 2.42s 
131454     INFO  main            d.u.i.k.p.i.AbstractProblemLoader Replaying proof Saddleback[Saddleback::search([[I,int)].JML normal_behavior operation contract.0 
133326     DEBUG main            d.u.i.k.p.i.IntermediateProofReplayer Proof replay took 1.7s 
133335     DEBUG main            d.u.i.k.p.r.p.TestFile    ... success: reloaded. 
1577292    INFO  Test worker     d.u.i.k.p.r.RunAllProofsTestUnit Returning from test removeDups 
1577293    INFO  Test worker     d.u.i.k.p.r.RunAllProofsTestUnit Running test quicksort 
359        INFO  Timeout watchdog d.u.i.k.p.r.p.ForkedTestFileRunner Timeout watcher launched (2000 secs.) 
367        WARN  main            d.u.i.k.s.ProofSettings   The settings in /home/runner/.key/proof-settings.props are *not* read. 
397        INFO  main            d.u.i.k.p.r.p.TestFile    Now processing file /home/runner/work/key/key/key.core/../key.ui/examples/heap/quicksort/toplevel.key 
512        INFO  main            d.u.i.k.p.i.AbstractProblemLoader Loading environment from /home/runner/work/key/key/key.core/../key.ui/examples/heap/quicksort/toplevel.key 
529        DEBUG main            d.u.i.k.p.i.AbstractProblemLoader Environment load took 1.68ms 
738        INFO  main            d.u.i.k.p.i.AbstractProblemLoader Creating init config 
1645       DEBUG main            d.u.i.k.j.TypeConverter   No LDT found for Meta 
1645       DEBUG main            d.u.i.k.j.TypeConverter   No LDT found for Meta 
1646       DEBUG main            d.u.i.k.j.TypeConverter   No LDT found for Meta 
1646       DEBUG main            d.u.i.k.j.TypeConverter   No LDT found for Meta 
3087       DEBUG main            d.u.i.k.j.TypeConverter   No LDT found for JavaBigintExpression 
8527       DEBUG main            d.u.i.k.p.i.AbstractProblemLoader Init config took 7.79s 
8673       INFO  main            d.u.i.k.p.i.AbstractProblemLoader Replaying proof Quicksort[Quicksort::sort([I)].JML normal_behavior operation contract.0 
8712       DEBUG main            d.u.i.k.p.i.IntermediateProofReplayer Proof replay took 29.6ns 
10049      INFO  main            d.u.i.k.p.r.p.TestFile    ... finished proof: closed. 
10217      INFO  main            d.u.i.k.p.i.AbstractProblemLoader Loading environment from /home/runner/work/key/key/key.core/../key.ui/examples/heap/quicksort/toplevel.key.proof 
10221      DEBUG main            d.u.i.k.p.i.AbstractProblemLoader Environment load took 4.35ms 
10225      INFO  main            d.u.i.k.p.i.AbstractProblemLoader Creating init config 
13313      DEBUG main            d.u.i.k.p.i.AbstractProblemLoader Init config took 3.09s 
13387      INFO  main            d.u.i.k.p.i.AbstractProblemLoader Replaying proof Quicksort[Quicksort::sort([I)].JML normal_behavior operation contract.0 
13556      DEBUG main            d.u.i.k.p.i.IntermediateProofReplayer Proof replay took 158.26ms 
13563      DEBUG main            d.u.i.k.p.r.p.TestFile    ... success: reloaded. 
13566      INFO  main            d.u.i.k.p.r.p.TestFile    Now processing file /home/runner/work/key/key/key.core/../key.ui/examples/heap/quicksort/sort.key 
13566      INFO  main            d.u.i.k.p.i.AbstractProblemLoader Loading environment from /home/runner/work/key/key/key.core/../key.ui/examples/heap/quicksort/sort.key 
13566      DEBUG main            d.u.i.k.p.i.AbstractProblemLoader Environment load took 225.1ns 
13568      INFO  main            d.u.i.k.p.i.AbstractProblemLoader Creating init config 
16788      DEBUG main            d.u.i.k.p.i.AbstractProblemLoader Init config took 3.22s 
16843      INFO  main            d.u.i.k.p.i.AbstractProblemLoader Replaying proof Quicksort[Quicksort::sort([I,int,int)].JML normal_behavior operation contract.0 
16847      DEBUG main            d.u.i.k.p.i.IntermediateProofReplayer Proof replay took 5.6ns 
16877      DEBUG main            d.u.i.k.m.s.ProofScriptEngine [1] goal: 0, source line: 7, command: 'script 'sort.script'' 
16877      INFO  main            d.u.i.k.m.s.ProofScriptCommand Included script /home/runner/work/key/key/key.core/../key.ui/examples/heap/quicksort/sort.script 
16879      DEBUG main            d.u.i.k.m.s.ProofScriptEngine [1] goal: 0, source line: 1, command: 'macro autopilot-prep' 
18048      DEBUG main            d.u.i.k.m.s.ProofScriptEngine [2] goal: 358, source line: 3, command: 'select formula="{heapAtPre:=heap || exc:=null || heap:=heapAfter_sort_0}
   seq ...' 
18050      DEBUG main            d.u.i.k.m.s.ProofScriptEngine [3] goal: 358, source line: 9, command: 'macro simp-upd' 
18058      DEBUG main            d.u.i.k.m.s.ProofScriptEngine [4] goal: 369, source line: 11, command: 'let   @seqPre="seqDef{int u;}(0, array.length, array[u])"
    @seqSplit="seqDef ...' 
18062      DEBUG main            d.u.i.k.m.s.ProofScriptEngine [5] goal: 369, source line: 16, command: 'rule seqPermSym 
  formula="seqPerm(@seqSplit, @seqPre)"' 
18074      DEBUG main            d.u.i.k.m.s.ProofScriptEngine [6] goal: 370, source line: 19, command: 'rule seqPermSym
  formula="seqPerm(@seqSort, @seqSplit)"' 
18075      DEBUG main            d.u.i.k.m.s.ProofScriptEngine [7] goal: 371, source line: 22, command: 'rule seqPermSym
  formula="seqPerm(@seqSort0, @seqSort)"' 
18077      DEBUG main            d.u.i.k.m.s.ProofScriptEngine [8] goal: 372, source line: 25, command: 'rule seqPermTrans
  formula="seqPerm(@seqPre, @seqSplit)"' 
18078      DEBUG main            d.u.i.k.m.s.ProofScriptEngine [9] goal: 373, source line: 28, command: 'rule seqPermTrans
  formula="seqPerm(@seqPre, @seqSort)"' 
18079      DEBUG main            d.u.i.k.m.s.ProofScriptEngine [10] goal: 374, source line: 31, command: 'rule seqPermSym
  formula="seqPerm(@seqPre, @seqSort0)"' 
18080      DEBUG main            d.u.i.k.m.s.ProofScriptEngine [11] goal: 375, source line: 34, command: 'tryclose' 
43739      INFO  main            d.u.i.k.p.r.p.TestFile    ... finished proof: closed. 
44035      INFO  main            d.u.i.k.p.i.AbstractProblemLoader Loading environment from /home/runner/work/key/key/key.core/../key.ui/examples/heap/quicksort/sort.key.proof 
44036      DEBUG main            d.u.i.k.p.i.AbstractProblemLoader Environment load took 261.6ns 
44047      INFO  main            d.u.i.k.p.i.AbstractProblemLoader Creating init config 
46882      DEBUG main            d.u.i.k.p.i.AbstractProblemLoader Init config took 2.84s 
46935      INFO  main            d.u.i.k.p.i.AbstractProblemLoader Replaying proof Quicksort[Quicksort::sort([I,int,int)].JML normal_behavior operation contract.0 
48725      DEBUG main            d.u.i.k.p.i.IntermediateProofReplayer Proof replay took 1.62s 
48733      DEBUG main            d.u.i.k.p.r.p.TestFile    ... success: reloaded. 
48735      INFO  main            d.u.i.k.p.r.p.TestFile    Now processing file /home/runner/work/key/key/key.core/../key.ui/examples/heap/quicksort/split.key 
48736      INFO  main            d.u.i.k.p.i.AbstractProblemLoader Loading environment from /home/runner/work/key/key/key.core/../key.ui/examples/heap/quicksort/split.key 
48736      DEBUG main            d.u.i.k.p.i.AbstractProblemLoader Environment load took 224.7ns 
48737      INFO  main            d.u.i.k.p.i.AbstractProblemLoader Creating init config 
51603      DEBUG main            d.u.i.k.p.i.AbstractProblemLoader Init config took 2.87s 
51671      INFO  main            d.u.i.k.p.i.AbstractProblemLoader Replaying proof Quicksort[Quicksort::split([I,int,int)].JML normal_behavior operation contract.0 
51676      DEBUG main            d.u.i.k.p.i.IntermediateProofReplayer Proof replay took 5.5ns 
51677      DEBUG main            d.u.i.k.m.s.ProofScriptEngine [1] goal: 0, source line: 15, command: 'macro autopilot-prep' 
52856      DEBUG main            d.u.i.k.m.s.ProofScriptEngine [2] goal: 520, source line: 17, command: 'tryclose' 
89911      DEBUG main            d.u.i.k.m.s.ProofScriptEngine [3] goal: 495, source line: 20, command: 'macro simp-upd' 
90011      DEBUG main            d.u.i.k.m.s.ProofScriptEngine [4] goal: 495, source line: 25, command: 'rule seqPermFromSwap' 
90024      DEBUG main            d.u.i.k.m.s.ProofScriptEngine [5] goal: 40829, source line: 26, command: 'rule andRight' 
90031      DEBUG main            d.u.i.k.m.s.ProofScriptEngine [6] goal: 40830, source line: 27, command: 'auto' 
90053      DEBUG main            d.u.i.k.m.s.ProofScriptEngine [7] goal: 40831, source line: 29, command: 'instantiate hide var=iv with=i_0' 
90055      DEBUG main            d.u.i.k.m.s.ProofScriptEngine [8] goal: 40836, source line: 31, command: 'instantiate hide var=jv with=j_0' 
90058      DEBUG main            d.u.i.k.m.s.ProofScriptEngine [9] goal: 40837, source line: 32, command: 'auto' 
96381      DEBUG main            d.u.i.k.m.s.ProofScriptEngine [10] goal: 190, source line: 34, command: 'macro simp-upd' 
96453      DEBUG main            d.u.i.k.m.s.ProofScriptEngine [11] goal: 46168, source line: 36, command: 'rule seqPermFromSwap' 
96456      DEBUG main            d.u.i.k.m.s.ProofScriptEngine [12] goal: 46169, source line: 37, command: 'rule andRight' 
96459      DEBUG main            d.u.i.k.m.s.ProofScriptEngine [13] goal: 46170, source line: 38, command: 'auto' 
96472      DEBUG main            d.u.i.k.m.s.ProofScriptEngine [14] goal: 46171, source line: 40, command: 'instantiate hide var=iv with=i_0' 
96473      DEBUG main            d.u.i.k.m.s.ProofScriptEngine [15] goal: 46176, source line: 42, command: 'instantiate hide var=jv with=to' 
96475      DEBUG main            d.u.i.k.m.s.ProofScriptEngine [16] goal: 46177, source line: 43, command: 'auto' 
101300     INFO  main            d.u.i.k.p.r.p.TestFile    ... finished proof: closed. 
101764     INFO  main            d.u.i.k.p.i.AbstractProblemLoader Loading environment from /home/runner/work/key/key/key.core/../key.ui/examples/heap/quicksort/split.key.proof 
101765     DEBUG main            d.u.i.k.p.i.AbstractProblemLoader Environment load took 320.2ns 
101776     INFO  main            d.u.i.k.p.i.AbstractProblemLoader Creating init config 
104560     DEBUG main            d.u.i.k.p.i.AbstractProblemLoader Init config took 2.78s 
104620     INFO  main            d.u.i.k.p.i.AbstractProblemLoader Replaying proof Quicksort[Quicksort::split([I,int,int)].JML normal_behavior operation contract.0 
107560     DEBUG main            d.u.i.k.p.i.IntermediateProofReplayer Proof replay took 2.73s 
107570     DEBUG main            d.u.i.k.p.r.p.TestFile    ... success: reloaded. 
1685029    INFO  Test worker     d.u.i.k.p.r.RunAllProofsTestUnit Returning from test quicksort 
1685032    INFO  Test worker     d.u.i.k.p.r.RunAllProofsTestUnit Running test simpleTests 
376        INFO  Timeout watchdog d.u.i.k.p.r.p.ForkedTestFileRunner Timeout watcher launched (2000 secs.) 
379        WARN  main            d.u.i.k.s.ProofSettings   The settings in /home/runner/.key/proof-settings.props are *not* read. 
410        INFO  main            d.u.i.k.p.r.p.TestFile    Now processing file /home/runner/work/key/key/key.core/../key.ui/examples/heap/simple/anonymise_datagroup.key 
559        INFO  main            d.u.i.k.p.i.AbstractProblemLoader Loading environment from /home/runner/work/key/key/key.core/../key.ui/examples/heap/simple/anonymise_datagroup.key 
581        DEBUG main            d.u.i.k.p.i.AbstractProblemLoader Environment load took 2.88ms 
862        INFO  main            d.u.i.k.p.i.AbstractProblemLoader Creating init config 
1815       DEBUG main            d.u.i.k.j.TypeConverter   No LDT found for Meta 
1816       DEBUG main            d.u.i.k.j.TypeConverter   No LDT found for Meta 
1818       DEBUG main            d.u.i.k.j.TypeConverter   No LDT found for Meta 
1819       DEBUG main            d.u.i.k.j.TypeConverter   No LDT found for Meta 
3157       DEBUG main            d.u.i.k.j.TypeConverter   No LDT found for JavaBigintExpression 
7925       DEBUG main            d.u.i.k.p.i.AbstractProblemLoader Init config took 7.06s 
7986       INFO  main            d.u.i.k.p.i.AbstractProblemLoader Replaying proof anonymise_datagroup.key 
8022       DEBUG main            d.u.i.k.p.i.IntermediateProofReplayer Proof replay took 35.2ns 
8294       INFO  main            d.u.i.k.p.r.p.TestFile    ... finished proof: closed. 
8395       INFO  main            d.u.i.k.p.i.AbstractProblemLoader Loading environment from /home/runner/work/key/key/key.core/../key.ui/examples/heap/simple/anonymise_datagroup.key.proof 
8395       DEBUG main            d.u.i.k.p.i.AbstractProblemLoader Environment load took 531.5ns 
8400       INFO  main            d.u.i.k.p.i.AbstractProblemLoader Creating init config 
11135      DEBUG main            d.u.i.k.p.i.AbstractProblemLoader Init config took 2.74s 
11171      INFO  main            d.u.i.k.p.i.AbstractProblemLoader Replaying proof anonymise_datagroup.key.proof 
11203      DEBUG main            d.u.i.k.p.i.IntermediateProofReplayer Proof replay took 22.5ms 
11220      DEBUG main            d.u.i.k.p.r.p.TestFile    ... success: reloaded. 
11222      INFO  main            d.u.i.k.p.r.p.TestFile    Now processing file /home/runner/work/key/key/key.core/../key.ui/examples/heap/simple/array_creation.key 
11223      INFO  main            d.u.i.k.p.i.AbstractProblemLoader Loading environment from /home/runner/work/key/key/key.core/../key.ui/examples/heap/simple/array_creation.key 
11223      DEBUG main            d.u.i.k.p.i.AbstractProblemLoader Environment load took 235.4ns 
11227      INFO  main            d.u.i.k.p.i.AbstractProblemLoader Creating init config 
13944      DEBUG main            d.u.i.k.p.i.AbstractProblemLoader Init config took 2.72s 
13990      INFO  main            d.u.i.k.p.i.AbstractProblemLoader Replaying proof array_creation.key 
14001      DEBUG main            d.u.i.k.p.i.IntermediateProofReplayer Proof replay took 7.4ns 
14811      INFO  main            d.u.i.k.p.r.p.TestFile    ... finished proof: closed. 
14960      INFO  main            d.u.i.k.p.i.AbstractProblemLoader Loading environment from /home/runner/work/key/key/key.core/../key.ui/examples/heap/simple/array_creation.key.proof 
14963      DEBUG main            d.u.i.k.p.i.AbstractProblemLoader Environment load took 2.64ms 
14966      INFO  main            d.u.i.k.p.i.AbstractProblemLoader Creating init config 
17485      DEBUG main            d.u.i.k.p.i.AbstractProblemLoader Init config took 2.52s 
17509      INFO  main            d.u.i.k.p.i.AbstractProblemLoader Replaying proof array_creation.key.proof 
17602      DEBUG main            d.u.i.k.p.i.IntermediateProofReplayer Proof replay took 88.54ms 
17604      DEBUG main            d.u.i.k.p.r.p.TestFile    ... success: reloaded. 
17605      INFO  main            d.u.i.k.p.r.p.TestFile    Now processing file /home/runner/work/key/key/key.core/../key.ui/examples/heap/simple/arrays_with_disjoint_sorts.key 
17605      INFO  main            d.u.i.k.p.i.AbstractProblemLoader Loading environment from /home/runner/work/key/key/key.core/../key.ui/examples/heap/simple/arrays_with_disjoint_sorts.key 
17606      DEBUG main            d.u.i.k.p.i.AbstractProblemLoader Environment load took 218.2ns 
17607      INFO  main            d.u.i.k.p.i.AbstractProblemLoader Creating init config 
20076      DEBUG main            d.u.i.k.p.i.AbstractProblemLoader Init config took 2.47s 
20099      INFO  main            d.u.i.k.p.i.AbstractProblemLoader Replaying proof arrays_with_disjoint_sorts.key 
20101      DEBUG main            d.u.i.k.p.i.IntermediateProofReplayer Proof replay took 5.7ns 
20206      INFO  main            d.u.i.k.p.r.p.TestFile    ... finished proof: closed. 
20361      INFO  main            d.u.i.k.p.i.AbstractProblemLoader Loading environment from /home/runner/work/key/key/key.core/../key.ui/examples/heap/simple/arrays_with_disjoint_sorts.key.proof 
20366      DEBUG main            d.u.i.k.p.i.AbstractProblemLoader Environment load took 5.29ms 
20368      INFO  main            d.u.i.k.p.i.AbstractProblemLoader Creating init config 
22931      DEBUG main            d.u.i.k.p.i.AbstractProblemLoader Init config took 2.56s 
22961      INFO  main            d.u.i.k.p.i.AbstractProblemLoader Replaying proof arrays_with_disjoint_sorts.key.proof 
23011      DEBUG main            d.u.i.k.p.i.IntermediateProofReplayer Proof replay took 41.59ms 
23012      DEBUG main            d.u.i.k.p.r.p.TestFile    ... success: reloaded. 
23013      INFO  main            d.u.i.k.p.r.p.TestFile    Now processing file /home/runner/work/key/key/key.core/../key.ui/examples/heap/simple/arrays.key 
23013      INFO  main            d.u.i.k.p.i.AbstractProblemLoader Loading environment from /home/runner/work/key/key/key.core/../key.ui/examples/heap/simple/arrays.key 
23014      DEBUG main            d.u.i.k.p.i.AbstractProblemLoader Environment load took 138.1ns 
23016      INFO  main            d.u.i.k.p.i.AbstractProblemLoader Creating init config 
25546      DEBUG main            d.u.i.k.p.i.AbstractProblemLoader Init config took 2.53s 
25567      INFO  main            d.u.i.k.p.i.AbstractProblemLoader Replaying proof arrays.key 
25570      DEBUG main            d.u.i.k.p.i.IntermediateProofReplayer Proof replay took 6.2ns 
25774      INFO  main            d.u.i.k.p.r.p.TestFile    ... finished proof: closed. 
25929      INFO  main            d.u.i.k.p.i.AbstractProblemLoader Loading environment from /home/runner/work/key/key/key.core/../key.ui/examples/heap/simple/arrays.key.proof 
25930      DEBUG main            d.u.i.k.p.i.AbstractProblemLoader Environment load took 626.11ns 
25931      INFO  main            d.u.i.k.p.i.AbstractProblemLoader Creating init config 
28300      DEBUG main            d.u.i.k.p.i.AbstractProblemLoader Init config took 2.37s 
28324      INFO  main            d.u.i.k.p.i.AbstractProblemLoader Replaying proof arrays.key.proof 
28356      DEBUG main            d.u.i.k.p.i.IntermediateProofReplayer Proof replay took 27.51ms 
28357      DEBUG main            d.u.i.k.p.r.p.TestFile    ... success: reloaded. 
28358      INFO  main            d.u.i.k.p.r.p.TestFile    Now processing file /home/runner/work/key/key/key.core/../key.ui/examples/heap/simple/attributes.key 
28358      INFO  main            d.u.i.k.p.i.AbstractProblemLoader Loading environment from /home/runner/work/key/key/key.core/../key.ui/examples/heap/simple/attributes.key 
28359      DEBUG main            d.u.i.k.p.i.AbstractProblemLoader Environment load took 131.4ns 
28360      INFO  main            d.u.i.k.p.i.AbstractProblemLoader Creating init config 
30767      DEBUG main            d.u.i.k.p.i.AbstractProblemLoader Init config took 2.41s 
30787      INFO  main            d.u.i.k.p.i.AbstractProblemLoader Replaying proof attributes.key 
30789      DEBUG main            d.u.i.k.p.i.IntermediateProofReplayer Proof replay took 6.8ns 
30891      INFO  main            d.u.i.k.p.r.p.TestFile    ... finished proof: closed. 
31046      INFO  main            d.u.i.k.p.i.AbstractProblemLoader Loading environment from /home/runner/work/key/key/key.core/../key.ui/examples/heap/simple/attributes.key.proof 
31047      DEBUG main            d.u.i.k.p.i.AbstractProblemLoader Environment load took 126.2ns 
31048      INFO  main            d.u.i.k.p.i.AbstractProblemLoader Creating init config 
33400      DEBUG main            d.u.i.k.p.i.AbstractProblemLoader Init config took 2.35s 
33421      INFO  main            d.u.i.k.p.i.AbstractProblemLoader Replaying proof attributes.key.proof 
33427      DEBUG main            d.u.i.k.p.i.IntermediateProofReplayer Proof replay took 2.29ms 
33428      DEBUG main            d.u.i.k.p.r.p.TestFile    ... success: reloaded. 
33429      INFO  main            d.u.i.k.p.r.p.TestFile    Now processing file /home/runner/work/key/key/key.core/../key.ui/examples/heap/simple/constructor_contracts.key 
33429      INFO  main            d.u.i.k.p.i.AbstractProblemLoader Loading environment from /home/runner/work/key/key/key.core/../key.ui/examples/heap/simple/constructor_contracts.key 
33429      DEBUG main            d.u.i.k.p.i.AbstractProblemLoader Environment load took 211.51ns 
33431      INFO  main            d.u.i.k.p.i.AbstractProblemLoader Creating init config 
36359      DEBUG main            d.u.i.k.p.i.AbstractProblemLoader Init config took 2.93s 
36383      INFO  main            d.u.i.k.p.i.AbstractProblemLoader Replaying proof constructor_contracts.key 
36385      DEBUG main            d.u.i.k.p.i.IntermediateProofReplayer Proof replay took 5.9ns 
36993      INFO  main            d.u.i.k.p.r.p.TestFile    ... finished proof: closed. 
37219      INFO  main            d.u.i.k.p.i.AbstractProblemLoader Loading environment from /home/runner/work/key/key/key.core/../key.ui/examples/heap/simple/constructor_contracts.key.proof 
37219      DEBUG main            d.u.i.k.p.i.AbstractProblemLoader Environment load took 594.2ns 
37221      INFO  main            d.u.i.k.p.i.AbstractProblemLoader Creating init config 
39857      DEBUG main            d.u.i.k.p.i.AbstractProblemLoader Init config took 2.64s 
39878      INFO  main            d.u.i.k.p.i.AbstractProblemLoader Replaying proof constructor_contracts.key.proof 
39985      DEBUG main            d.u.i.k.p.i.IntermediateProofReplayer Proof replay took 100.75ms 
39987      DEBUG main            d.u.i.k.p.r.p.TestFile    ... success: reloaded. 
39989      INFO  main            d.u.i.k.p.r.p.TestFile    Now processing file /home/runner/work/key/key/key.core/../key.ui/examples/heap/simple/dependencies.key 
39989      INFO  main            d.u.i.k.p.i.AbstractProblemLoader Loading environment from /home/runner/work/key/key/key.core/../key.ui/examples/heap/simple/dependencies.key 
39989      DEBUG main            d.u.i.k.p.i.AbstractProblemLoader Environment load took 234.8ns 
39991      INFO  main            d.u.i.k.p.i.AbstractProblemLoader Creating init config 
42420      DEBUG main            d.u.i.k.p.i.AbstractProblemLoader Init config took 2.43s 
42439      INFO  main            d.u.i.k.p.i.AbstractProblemLoader Replaying proof dependencies.key 
42441      DEBUG main            d.u.i.k.p.i.IntermediateProofReplayer Proof replay took 6.7ns 
42545      INFO  main            d.u.i.k.p.r.p.TestFile    ... finished proof: closed. 
42743      INFO  main            d.u.i.k.p.i.AbstractProblemLoader Loading environment from /home/runner/work/key/key/key.core/../key.ui/examples/heap/simple/dependencies.key.proof 
42744      DEBUG main            d.u.i.k.p.i.AbstractProblemLoader Environment load took 124.5ns 
42745      INFO  main            d.u.i.k.p.i.AbstractProblemLoader Creating init config 
45109      DEBUG main            d.u.i.k.p.i.AbstractProblemLoader Init config took 2.36s 
45128      INFO  main            d.u.i.k.p.i.AbstractProblemLoader Replaying proof dependencies.key.proof 
45137      DEBUG main            d.u.i.k.p.i.IntermediateProofReplayer Proof replay took 6.59ms 
45138      DEBUG main            d.u.i.k.p.r.p.TestFile    ... success: reloaded. 
45139      INFO  main            d.u.i.k.p.r.p.TestFile    Now processing file /home/runner/work/key/key/key.core/../key.ui/examples/heap/simple/dependency_contracts.key 
45139      INFO  main            d.u.i.k.p.i.AbstractProblemLoader Loading environment from /home/runner/work/key/key/key.core/../key.ui/examples/heap/simple/dependency_contracts.key 
45140      DEBUG main            d.u.i.k.p.i.AbstractProblemLoader Environment load took 206.3ns 
45141      INFO  main            d.u.i.k.p.i.AbstractProblemLoader Creating init config 
47729      DEBUG main            d.u.i.k.p.i.AbstractProblemLoader Init config took 2.59s 
47747      INFO  main            d.u.i.k.p.i.AbstractProblemLoader Replaying proof dependency_contracts.key 
47749      DEBUG main            d.u.i.k.p.i.IntermediateProofReplayer Proof replay took 6.4ns 
49162      INFO  main            d.u.i.k.p.r.p.TestFile    ... finished proof: closed. 
49431      INFO  main            d.u.i.k.p.i.AbstractProblemLoader Loading environment from /home/runner/work/key/key/key.core/../key.ui/examples/heap/simple/dependency_contracts.key.proof 
49432      DEBUG main            d.u.i.k.p.i.AbstractProblemLoader Environment load took 482.8ns 
49436      INFO  main            d.u.i.k.p.i.AbstractProblemLoader Creating init config 
52021      DEBUG main            d.u.i.k.p.i.AbstractProblemLoader Init config took 2.59s 
52040      INFO  main            d.u.i.k.p.i.AbstractProblemLoader Replaying proof dependency_contracts.key.proof 
52220      DEBUG main            d.u.i.k.p.i.IntermediateProofReplayer Proof replay took 170.64ms 
52222      DEBUG main            d.u.i.k.p.r.p.TestFile    ... success: reloaded. 
52223      INFO  main            d.u.i.k.p.r.p.TestFile    Now processing file /home/runner/work/key/key/key.core/../key.ui/examples/heap/simple/invariant_preservation.key 
52224      INFO  main            d.u.i.k.p.i.AbstractProblemLoader Loading environment from /home/runner/work/key/key/key.core/../key.ui/examples/heap/simple/invariant_preservation.key 
52224      DEBUG main            d.u.i.k.p.i.AbstractProblemLoader Environment load took 206.4ns 
52226      INFO  main            d.u.i.k.p.i.AbstractProblemLoader Creating init config 
54850      DEBUG main            d.u.i.k.p.i.AbstractProblemLoader Init config took 2.62s 
54867      INFO  main            d.u.i.k.p.i.AbstractProblemLoader Replaying proof invariant_preservation.key 
54869      DEBUG main            d.u.i.k.p.i.IntermediateProofReplayer Proof replay took 6.9ns 
55073      INFO  main            d.u.i.k.p.r.p.TestFile    ... finished proof: closed. 
55286      INFO  main            d.u.i.k.p.i.AbstractProblemLoader Loading environment from /home/runner/work/key/key/key.core/../key.ui/examples/heap/simple/invariant_preservation.key.proof 
55287      DEBUG main            d.u.i.k.p.i.AbstractProblemLoader Environment load took 171.1ns 
55288      INFO  main            d.u.i.k.p.i.AbstractProblemLoader Creating init config 
57792      DEBUG main            d.u.i.k.p.i.AbstractProblemLoader Init config took 2.5s 
57809      INFO  main            d.u.i.k.p.i.AbstractProblemLoader Replaying proof invariant_preservation.key.proof 
57847      DEBUG main            d.u.i.k.p.i.IntermediateProofReplayer Proof replay took 35.73ms 
57849      DEBUG main            d.u.i.k.p.r.p.TestFile    ... success: reloaded. 
57850      INFO  main            d.u.i.k.p.r.p.TestFile    Now processing file /home/runner/work/key/key/key.core/../key.ui/examples/heap/simple/locsets.key 
57850      INFO  main            d.u.i.k.p.i.AbstractProblemLoader Loading environment from /home/runner/work/key/key/key.core/../key.ui/examples/heap/simple/locsets.key 
57850      DEBUG main            d.u.i.k.p.i.AbstractProblemLoader Environment load took 205.4ns 
57851      INFO  main            d.u.i.k.p.i.AbstractProblemLoader Creating init config 
60143      DEBUG main            d.u.i.k.p.i.AbstractProblemLoader Init config took 2.29s 
60173      INFO  main            d.u.i.k.p.i.AbstractProblemLoader Replaying proof locsets.key 
60175      DEBUG main            d.u.i.k.p.i.IntermediateProofReplayer Proof replay took 7ns 
60280      INFO  main            d.u.i.k.p.r.p.TestFile    ... finished proof: closed. 
60465      INFO  main            d.u.i.k.p.i.AbstractProblemLoader Loading environment from /home/runner/work/key/key/key.core/../key.ui/examples/heap/simple/locsets.key.proof 
60465      DEBUG main            d.u.i.k.p.i.AbstractProblemLoader Environment load took 120.7ns 
60466      INFO  main            d.u.i.k.p.i.AbstractProblemLoader Creating init config 
62732      DEBUG main            d.u.i.k.p.i.AbstractProblemLoader Init config took 2.27s 
62746      INFO  main            d.u.i.k.p.i.AbstractProblemLoader Replaying proof locsets.key.proof 
62749      DEBUG main            d.u.i.k.p.i.IntermediateProofReplayer Proof replay took 1.38ms 
62749      DEBUG main            d.u.i.k.p.r.p.TestFile    ... success: reloaded. 
62750      INFO  main            d.u.i.k.p.r.p.TestFile    Now processing file /home/runner/work/key/key/key.core/../key.ui/examples/heap/simple/loop1.key 
62751      INFO  main            d.u.i.k.p.i.AbstractProblemLoader Loading environment from /home/runner/work/key/key/key.core/../key.ui/examples/heap/simple/loop1.key 
62751      DEBUG main            d.u.i.k.p.i.AbstractProblemLoader Environment load took 131.4ns 
62752      INFO  main            d.u.i.k.p.i.AbstractProblemLoader Creating init config 
65268      DEBUG main            d.u.i.k.p.i.AbstractProblemLoader Init config took 2.52s 
65283      INFO  main            d.u.i.k.p.i.AbstractProblemLoader Replaying proof loop1.key 
65284      DEBUG main            d.u.i.k.p.i.IntermediateProofReplayer Proof replay took 6.7ns 
65486      INFO  main            d.u.i.k.p.r.p.TestFile    ... finished proof: closed. 
65680      INFO  main            d.u.i.k.p.i.AbstractProblemLoader Loading environment from /home/runner/work/key/key/key.core/../key.ui/examples/heap/simple/loop1.key.proof 
65680      DEBUG main            d.u.i.k.p.i.AbstractProblemLoader Environment load took 231.1ns 
65681      INFO  main            d.u.i.k.p.i.AbstractProblemLoader Creating init config 
68249      DEBUG main            d.u.i.k.p.i.AbstractProblemLoader Init config took 2.57s 
68264      INFO  main            d.u.i.k.p.i.AbstractProblemLoader Replaying proof loop1.key.proof 
68326      DEBUG main            d.u.i.k.p.i.IntermediateProofReplayer Proof replay took 59.99ms 
68328      DEBUG main            d.u.i.k.p.r.p.TestFile    ... success: reloaded. 
68329      INFO  main            d.u.i.k.p.r.p.TestFile    Now processing file /home/runner/work/key/key/key.core/../key.ui/examples/heap/simple/loop2.key 
68330      INFO  main            d.u.i.k.p.i.AbstractProblemLoader Loading environment from /home/runner/work/key/key/key.core/../key.ui/examples/heap/simple/loop2.key 
68330      DEBUG main            d.u.i.k.p.i.AbstractProblemLoader Environment load took 201.3ns 
68331      INFO  main            d.u.i.k.p.i.AbstractProblemLoader Creating init config 
70849      DEBUG main            d.u.i.k.p.i.AbstractProblemLoader Init config took 2.52s 
70865      INFO  main            d.u.i.k.p.i.AbstractProblemLoader Replaying proof loop2.key 
70868      DEBUG main            d.u.i.k.p.i.IntermediateProofReplayer Proof replay took 7.3ns 
71472      INFO  main            d.u.i.k.p.r.p.TestFile    ... finished proof: closed. 
71721      INFO  main            d.u.i.k.p.i.AbstractProblemLoader Loading environment from /home/runner/work/key/key/key.core/../key.ui/examples/heap/simple/loop2.key.proof 
71722      DEBUG main            d.u.i.k.p.i.AbstractProblemLoader Environment load took 533.3ns 
71723      INFO  main            d.u.i.k.p.i.AbstractProblemLoader Creating init config 
74240      DEBUG main            d.u.i.k.p.i.AbstractProblemLoader Init config took 2.52s 
74259      INFO  main            d.u.i.k.p.i.AbstractProblemLoader Replaying proof loop2.key.proof 
74371      DEBUG main            d.u.i.k.p.i.IntermediateProofReplayer Proof replay took 107.96ms 
74374      DEBUG main            d.u.i.k.p.r.p.TestFile    ... success: reloaded. 
74377      INFO  main            d.u.i.k.p.r.p.TestFile    Now processing file /home/runner/work/key/key/key.core/../key.ui/examples/heap/simple/modifies_datagroup.key 
74378      INFO  main            d.u.i.k.p.i.AbstractProblemLoader Loading environment from /home/runner/work/key/key/key.core/../key.ui/examples/heap/simple/modifies_datagroup.key 
74378      DEBUG main            d.u.i.k.p.i.AbstractProblemLoader Environment load took 288.1ns 
74379      INFO  main            d.u.i.k.p.i.AbstractProblemLoader Creating init config 
76721      DEBUG main            d.u.i.k.p.i.AbstractProblemLoader Init config took 2.34s 
76736      INFO  main            d.u.i.k.p.i.AbstractProblemLoader Replaying proof modifies_datagroup.key 
76737      DEBUG main            d.u.i.k.p.i.IntermediateProofReplayer Proof replay took 6.7ns 
76840      INFO  main            d.u.i.k.p.r.p.TestFile    ... finished proof: closed. 
77063      INFO  main            d.u.i.k.p.i.AbstractProblemLoader Loading environment from /home/runner/work/key/key/key.core/../key.ui/examples/heap/simple/modifies_datagroup.key.proof 
77063      DEBUG main            d.u.i.k.p.i.AbstractProblemLoader Environment load took 119.5ns 
77064      INFO  main            d.u.i.k.p.i.AbstractProblemLoader Creating init config 
79332      DEBUG main            d.u.i.k.p.i.AbstractProblemLoader Init config took 2.27s 
79347      INFO  main            d.u.i.k.p.i.AbstractProblemLoader Replaying proof modifies_datagroup.key.proof 
79352      DEBUG main            d.u.i.k.p.i.IntermediateProofReplayer Proof replay took 3.03ms 
79353      DEBUG main            d.u.i.k.p.r.p.TestFile    ... success: reloaded. 
79354      INFO  main            d.u.i.k.p.r.p.TestFile    Now processing file /home/runner/work/key/key/key.core/../key.ui/examples/heap/simple/modifies.key 
79354      INFO  main            d.u.i.k.p.i.AbstractProblemLoader Loading environment from /home/runner/work/key/key/key.core/../key.ui/examples/heap/simple/modifies.key 
79354      DEBUG main            d.u.i.k.p.i.AbstractProblemLoader Environment load took 104.3ns 
79356      INFO  main            d.u.i.k.p.i.AbstractProblemLoader Creating init config 
81647      DEBUG main            d.u.i.k.p.i.AbstractProblemLoader Init config took 2.29s 
81662      INFO  main            d.u.i.k.p.i.AbstractProblemLoader Replaying proof modifies.key 
81663      DEBUG main            d.u.i.k.p.i.IntermediateProofReplayer Proof replay took 7.1ns 
81765      INFO  main            d.u.i.k.p.r.p.TestFile    ... finished proof: closed. 
81981      INFO  main            d.u.i.k.p.i.AbstractProblemLoader Loading environment from /home/runner/work/key/key/key.core/../key.ui/examples/heap/simple/modifies.key.proof 
81982      DEBUG main            d.u.i.k.p.i.AbstractProblemLoader Environment load took 114ns 
81984      INFO  main            d.u.i.k.p.i.AbstractProblemLoader Creating init config 
84265      DEBUG main            d.u.i.k.p.i.AbstractProblemLoader Init config took 2.28s 
84283      INFO  main            d.u.i.k.p.i.AbstractProblemLoader Replaying proof modifies.key.proof 
84298      DEBUG main            d.u.i.k.p.i.IntermediateProofReplayer Proof replay took 12.81ms 
84299      DEBUG main            d.u.i.k.p.r.p.TestFile    ... success: reloaded. 
84303      INFO  main            d.u.i.k.p.r.p.TestFile    Now processing file /home/runner/work/key/key/key.core/../key.ui/examples/heap/simple/object_creation.key 
84304      INFO  main            d.u.i.k.p.i.AbstractProblemLoader Loading environment from /home/runner/work/key/key/key.core/../key.ui/examples/heap/simple/object_creation.key 
84304      DEBUG main            d.u.i.k.p.i.AbstractProblemLoader Environment load took 153ns 
84305      INFO  main            d.u.i.k.p.i.AbstractProblemLoader Creating init config 
86668      DEBUG main            d.u.i.k.p.i.AbstractProblemLoader Init config took 2.36s 
86683      INFO  main            d.u.i.k.p.i.AbstractProblemLoader Replaying proof object_creation.key 
86686      DEBUG main            d.u.i.k.p.i.IntermediateProofReplayer Proof replay took 7.6ns 
86889      INFO  main            d.u.i.k.p.r.p.TestFile    ... finished proof: closed. 
87118      INFO  main            d.u.i.k.p.i.AbstractProblemLoader Loading environment from /home/runner/work/key/key/key.core/../key.ui/examples/heap/simple/object_creation.key.proof 
87118      DEBUG main            d.u.i.k.p.i.AbstractProblemLoader Environment load took 114.2ns 
87120      INFO  main            d.u.i.k.p.i.AbstractProblemLoader Creating init config 
89373      DEBUG main            d.u.i.k.p.i.AbstractProblemLoader Init config took 2.25s 
89389      INFO  main            d.u.i.k.p.i.AbstractProblemLoader Replaying proof object_creation.key.proof 
89442      DEBUG main            d.u.i.k.p.i.IntermediateProofReplayer Proof replay took 49.81ms 
89443      DEBUG main            d.u.i.k.p.r.p.TestFile    ... success: reloaded. 
89443      INFO  main            d.u.i.k.p.r.p.TestFile    Now processing file /home/runner/work/key/key/key.core/../key.ui/examples/heap/simple/operation_contracts.key 
89444      INFO  main            d.u.i.k.p.i.AbstractProblemLoader Loading environment from /home/runner/work/key/key/key.core/../key.ui/examples/heap/simple/operation_contracts.key 
89444      DEBUG main            d.u.i.k.p.i.AbstractProblemLoader Environment load took 114.6ns 
89446      INFO  main            d.u.i.k.p.i.AbstractProblemLoader Creating init config 
92017      DEBUG main            d.u.i.k.p.i.AbstractProblemLoader Init config took 2.57s 
92033      INFO  main            d.u.i.k.p.i.AbstractProblemLoader Replaying proof operation_contracts.key 
92035      DEBUG main            d.u.i.k.p.i.IntermediateProofReplayer Proof replay took 7.8ns 
92841      INFO  main            d.u.i.k.p.r.p.TestFile    ... finished proof: closed. 
93128      INFO  main            d.u.i.k.p.i.AbstractProblemLoader Loading environment from /home/runner/work/key/key/key.core/../key.ui/examples/heap/simple/operation_contracts.key.proof 
93129      DEBUG main            d.u.i.k.p.i.AbstractProblemLoader Environment load took 905.11ns 
93131      INFO  main            d.u.i.k.p.i.AbstractProblemLoader Creating init config 
95612      DEBUG main            d.u.i.k.p.i.AbstractProblemLoader Init config took 2.48s 
95628      INFO  main            d.u.i.k.p.i.AbstractProblemLoader Replaying proof operation_contracts.key.proof 
95765      DEBUG main            d.u.i.k.p.i.IntermediateProofReplayer Proof replay took 130.34ms 
95767      DEBUG main            d.u.i.k.p.r.p.TestFile    ... success: reloaded. 
95768      INFO  main            d.u.i.k.p.r.p.TestFile    Now processing file /home/runner/work/key/key/key.core/../key.ui/examples/heap/simple/select_store.key 
95769      INFO  main            d.u.i.k.p.i.AbstractProblemLoader Loading environment from /home/runner/work/key/key/key.core/../key.ui/examples/heap/simple/select_store.key 
95769      DEBUG main            d.u.i.k.p.i.AbstractProblemLoader Environment load took 300.3ns 
95770      INFO  main            d.u.i.k.p.i.AbstractProblemLoader Creating init config 
98117      DEBUG main            d.u.i.k.p.i.AbstractProblemLoader Init config took 2.35s 
98131      INFO  main            d.u.i.k.p.i.AbstractProblemLoader Replaying proof select_store.key 
98133      DEBUG main            d.u.i.k.p.i.IntermediateProofReplayer Proof replay took 7ns 
98237      INFO  main            d.u.i.k.p.r.p.TestFile    ... finished proof: closed. 
98493      INFO  main            d.u.i.k.p.i.AbstractProblemLoader Loading environment from /home/runner/work/key/key/key.core/../key.ui/examples/heap/simple/select_store.key.proof 
98493      DEBUG main            d.u.i.k.p.i.AbstractProblemLoader Environment load took 180.3ns 
98495      INFO  main            d.u.i.k.p.i.AbstractProblemLoader Creating init config 
100787     DEBUG main            d.u.i.k.p.i.AbstractProblemLoader Init config took 2.29s 
100800     INFO  main            d.u.i.k.p.i.AbstractProblemLoader Replaying proof select_store.key.proof 
100805     DEBUG main            d.u.i.k.p.i.IntermediateProofReplayer Proof replay took 2.49ms 
100806     DEBUG main            d.u.i.k.p.r.p.TestFile    ... success: reloaded. 
100807     INFO  main            d.u.i.k.p.r.p.TestFile    Now processing file /home/runner/work/key/key/key.core/../key.ui/examples/heap/simple/selection_sort.key 
100807     INFO  main            d.u.i.k.p.i.AbstractProblemLoader Loading environment from /home/runner/work/key/key/key.core/../key.ui/examples/heap/simple/selection_sort.key 
100807     DEBUG main            d.u.i.k.p.i.AbstractProblemLoader Environment load took 109.6ns 
100809     INFO  main            d.u.i.k.p.i.AbstractProblemLoader Creating init config 
103337     DEBUG main            d.u.i.k.p.i.AbstractProblemLoader Init config took 2.53s 
103351     INFO  main            d.u.i.k.p.i.AbstractProblemLoader Replaying proof selection_sort.key 
103354     DEBUG main            d.u.i.k.p.i.IntermediateProofReplayer Proof replay took 7.3ns 
106869     INFO  main            d.u.i.k.p.r.p.TestFile    ... finished proof: closed. 
107157     INFO  main            d.u.i.k.p.i.AbstractProblemLoader Loading environment from /home/runner/work/key/key/key.core/../key.ui/examples/heap/simple/selection_sort.key.proof 
107157     DEBUG main            d.u.i.k.p.i.AbstractProblemLoader Environment load took 563ns 
107159     INFO  main            d.u.i.k.p.i.AbstractProblemLoader Creating init config 
109641     DEBUG main            d.u.i.k.p.i.AbstractProblemLoader Init config took 2.48s 
109655     INFO  main            d.u.i.k.p.i.AbstractProblemLoader Replaying proof selection_sort.key.proof 
110093     DEBUG main            d.u.i.k.p.i.IntermediateProofReplayer Proof replay took 419.77ms 
110095     DEBUG main            d.u.i.k.p.r.p.TestFile    ... success: reloaded. 
110096     INFO  main            d.u.i.k.p.r.p.TestFile    Now processing file /home/runner/work/key/key/key.core/../key.ui/examples/heap/simple/seq.key 
110097     INFO  main            d.u.i.k.p.i.AbstractProblemLoader Loading environment from /home/runner/work/key/key/key.core/../key.ui/examples/heap/simple/seq.key 
110097     DEBUG main            d.u.i.k.p.i.AbstractProblemLoader Environment load took 198.7ns 
110098     INFO  main            d.u.i.k.p.i.AbstractProblemLoader Creating init config 
112418     DEBUG main            d.u.i.k.p.i.AbstractProblemLoader Init config took 2.32s 
112431     INFO  main            d.u.i.k.p.i.AbstractProblemLoader Replaying proof seq.key 
112433     DEBUG main            d.u.i.k.p.i.IntermediateProofReplayer Proof replay took 7ns 
112847     INFO  main            d.u.i.k.p.r.p.TestFile    ... finished proof: closed. 
113140     INFO  main            d.u.i.k.p.i.AbstractProblemLoader Loading environment from /home/runner/work/key/key/key.core/../key.ui/examples/heap/simple/seq.key.proof 
113140     DEBUG main            d.u.i.k.p.i.AbstractProblemLoader Environment load took 107.5ns 
113142     INFO  main            d.u.i.k.p.i.AbstractProblemLoader Creating init config 
115410     DEBUG main            d.u.i.k.p.i.AbstractProblemLoader Init config took 2.27s 
115425     INFO  main            d.u.i.k.p.i.AbstractProblemLoader Replaying proof seq.key.proof 
115464     DEBUG main            d.u.i.k.p.i.IntermediateProofReplayer Proof replay took 34.4ms 
115465     DEBUG main            d.u.i.k.p.r.p.TestFile    ... success: reloaded. 
115466     INFO  main            d.u.i.k.p.r.p.TestFile    Now processing file /home/runner/work/key/key/key.core/../key.ui/examples/heap/simple/oldForParams.key 
115467     INFO  main            d.u.i.k.p.i.AbstractProblemLoader Loading environment from /home/runner/work/key/key/key.core/../key.ui/examples/heap/simple/oldForParams.key 
115467     DEBUG main            d.u.i.k.p.i.AbstractProblemLoader Environment load took 211.3ns 
115468     INFO  main            d.u.i.k.p.i.AbstractProblemLoader Creating init config 
117931     DEBUG main            d.u.i.k.p.i.AbstractProblemLoader Init config took 2.46s 
117999     INFO  main            d.u.i.k.p.i.AbstractProblemLoader Replaying proof OldForParameters[OldForParameters::method(int)].JML operation contract.0 
118001     DEBUG main            d.u.i.k.p.i.IntermediateProofReplayer Proof replay took 6.2ns 
118205     INFO  main            d.u.i.k.p.r.p.TestFile    ... finished proof: closed. 
118513     INFO  main            d.u.i.k.p.i.AbstractProblemLoader Loading environment from /home/runner/work/key/key/key.core/../key.ui/examples/heap/simple/oldForParams.key.proof 
118513     DEBUG main            d.u.i.k.p.i.AbstractProblemLoader Environment load took 196.3ns 
118514     INFO  main            d.u.i.k.p.i.AbstractProblemLoader Creating init config 
120977     DEBUG main            d.u.i.k.p.i.AbstractProblemLoader Init config took 2.46s 
121034     INFO  main            d.u.i.k.p.i.AbstractProblemLoader Replaying proof OldForParameters[OldForParameters::method(int)].JML operation contract.0 
121079     DEBUG main            d.u.i.k.p.i.IntermediateProofReplayer Proof replay took 41.18ms 
121081     DEBUG main            d.u.i.k.p.r.p.TestFile    ... success: reloaded. 
121083     INFO  main            d.u.i.k.p.r.p.TestFile    Now processing file /home/runner/work/key/key/key.core/../key.ui/examples/heap/simple/parse_lmtd.key 
121083     INFO  main            d.u.i.k.p.i.AbstractProblemLoader Loading environment from /home/runner/work/key/key/key.core/../key.ui/examples/heap/simple/parse_lmtd.key 
121084     DEBUG main            d.u.i.k.p.i.AbstractProblemLoader Environment load took 226.2ns 
121085     INFO  main            d.u.i.k.p.i.AbstractProblemLoader Creating init config 
123693     DEBUG main            d.u.i.k.p.i.AbstractProblemLoader Init config took 2.61s 
123738     INFO  main            d.u.i.k.p.i.AbstractProblemLoader Replaying proof ParseLmtd[ParseLmtd::simple(int)].JML normal_behavior operation contract.0 
123739     DEBUG main            d.u.i.k.p.i.IntermediateProofReplayer Proof replay took 6.3ns 
123941     INFO  main            d.u.i.k.p.r.p.TestFile    ... finished proof: closed. 
124281     INFO  main            d.u.i.k.p.i.AbstractProblemLoader Loading environment from /home/runner/work/key/key/key.core/../key.ui/examples/heap/simple/parse_lmtd.key.proof 
124281     DEBUG main            d.u.i.k.p.i.AbstractProblemLoader Environment load took 118.2ns 
124282     INFO  main            d.u.i.k.p.i.AbstractProblemLoader Creating init config 
126757     DEBUG main            d.u.i.k.p.i.AbstractProblemLoader Init config took 2.47s 
126799     INFO  main            d.u.i.k.p.i.AbstractProblemLoader Replaying proof ParseLmtd[ParseLmtd::simple(int)].JML normal_behavior operation contract.0 
126820     DEBUG main            d.u.i.k.p.i.IntermediateProofReplayer Proof replay took 18.49ms 
126821     DEBUG main            d.u.i.k.p.r.p.TestFile    ... success: reloaded. 
126822     INFO  main            d.u.i.k.p.r.p.TestFile    Now processing file /home/runner/work/key/key/key.core/../key.ui/examples/heap/strictly_pure/strictlyPureMethod.key 
126822     INFO  main            d.u.i.k.p.i.AbstractProblemLoader Loading environment from /home/runner/work/key/key/key.core/../key.ui/examples/heap/strictly_pure/strictlyPureMethod.key 
126822     DEBUG main            d.u.i.k.p.i.AbstractProblemLoader Environment load took 194.7ns 
126823     INFO  main            d.u.i.k.p.i.AbstractProblemLoader Creating init config 
129251     DEBUG main            d.u.i.k.p.i.AbstractProblemLoader Init config took 2.43s 
129295     INFO  main            d.u.i.k.p.i.AbstractProblemLoader Replaying proof StrictlyPure[StrictlyPure::strictlyPureMethod()].JML operation contract.0 
129297     DEBUG main            d.u.i.k.p.i.IntermediateProofReplayer Proof replay took 6.9ns 
129503     INFO  main            d.u.i.k.p.r.p.TestFile    ... finished proof: closed. 
129790     INFO  main            d.u.i.k.p.i.AbstractProblemLoader Loading environment from /home/runner/work/key/key/key.core/../key.ui/examples/heap/strictly_pure/strictlyPureMethod.key.proof 
129791     DEBUG main            d.u.i.k.p.i.AbstractProblemLoader Environment load took 125.4ns 
129792     INFO  main            d.u.i.k.p.i.AbstractProblemLoader Creating init config 
132123     DEBUG main            d.u.i.k.p.i.AbstractProblemLoader Init config took 2.33s 
132158     INFO  main            d.u.i.k.p.i.AbstractProblemLoader Replaying proof StrictlyPure[StrictlyPure::strictlyPureMethod()].JML operation contract.0 
132191     DEBUG main            d.u.i.k.p.i.IntermediateProofReplayer Proof replay took 30.8ms 
132192     DEBUG main            d.u.i.k.p.r.p.TestFile    ... success: reloaded. 
132193     INFO  main            d.u.i.k.p.r.p.TestFile    Now processing file /home/runner/work/key/key/key.core/../key.ui/examples/heap/strictly_pure/useStrictlyPureMethod.key 
132193     INFO  main            d.u.i.k.p.i.AbstractProblemLoader Loading environment from /home/runner/work/key/key/key.core/../key.ui/examples/heap/strictly_pure/useStrictlyPureMethod.key 
132193     DEBUG main            d.u.i.k.p.i.AbstractProblemLoader Environment load took 122.6ns 
132194     INFO  main            d.u.i.k.p.i.AbstractProblemLoader Creating init config 
134684     DEBUG main            d.u.i.k.p.i.AbstractProblemLoader Init config took 2.49s 
134725     INFO  main            d.u.i.k.p.i.AbstractProblemLoader Replaying proof StrictlyPure[StrictlyPure::useStrictlyPureMethod(StrictlyPureClass)].JML operation contract.0 
134727     DEBUG main            d.u.i.k.p.i.IntermediateProofReplayer Proof replay took 6.5ns 
134929     INFO  main            d.u.i.k.p.r.p.TestFile    ... finished proof: closed. 
135336     INFO  main            d.u.i.k.p.i.AbstractProblemLoader Loading environment from /home/runner/work/key/key/key.core/../key.ui/examples/heap/strictly_pure/useStrictlyPureMethod.key.proof 
135336     DEBUG main            d.u.i.k.p.i.AbstractProblemLoader Environment load took 108.7ns 
135337     INFO  main            d.u.i.k.p.i.AbstractProblemLoader Creating init config 
137602     DEBUG main            d.u.i.k.p.i.AbstractProblemLoader Init config took 2.27s 
137646     INFO  main            d.u.i.k.p.i.AbstractProblemLoader Replaying proof StrictlyPure[StrictlyPure::useStrictlyPureMethod(StrictlyPureClass)].JML operation contract.0 
137699     DEBUG main            d.u.i.k.p.i.IntermediateProofReplayer Proof replay took 50.41ms 
137701     DEBUG main            d.u.i.k.p.r.p.TestFile    ... success: reloaded. 
137702     INFO  main            d.u.i.k.p.r.p.TestFile    Now processing file /home/runner/work/key/key/key.core/../key.ui/examples/heap/Wellfounded/ackermann.key 
137702     INFO  main            d.u.i.k.p.i.AbstractProblemLoader Loading environment from /home/runner/work/key/key/key.core/../key.ui/examples/heap/Wellfounded/ackermann.key 
137703     DEBUG main            d.u.i.k.p.i.AbstractProblemLoader Environment load took 249.5ns 
137704     INFO  main            d.u.i.k.p.i.AbstractProblemLoader Creating init config 
140091     DEBUG main            d.u.i.k.p.i.AbstractProblemLoader Init config took 2.39s 
140141     INFO  main            d.u.i.k.p.i.AbstractProblemLoader Replaying proof Ackermann[Ackermann::a(int,int)].JML normal_behavior operation contract.0 
140144     DEBUG main            d.u.i.k.p.i.IntermediateProofReplayer Proof replay took 6ns 
140449     INFO  main            d.u.i.k.p.r.p.TestFile    ... finished proof: closed. 
140785     INFO  main            d.u.i.k.p.i.AbstractProblemLoader Loading environment from /home/runner/work/key/key/key.core/../key.ui/examples/heap/Wellfounded/ackermann.key.proof 
140785     DEBUG main            d.u.i.k.p.i.AbstractProblemLoader Environment load took 108.1ns 
140786     INFO  main            d.u.i.k.p.i.AbstractProblemLoader Creating init config 
143122     DEBUG main            d.u.i.k.p.i.AbstractProblemLoader Init config took 2.34s 
143159     INFO  main            d.u.i.k.p.i.AbstractProblemLoader Replaying proof Ackermann[Ackermann::a(int,int)].JML normal_behavior operation contract.0 
143222     DEBUG main            d.u.i.k.p.i.IntermediateProofReplayer Proof replay took 58.87ms 
143223     DEBUG main            d.u.i.k.p.r.p.TestFile    ... success: reloaded. 
143225     INFO  main            d.u.i.k.p.r.p.TestFile    Now processing file /home/runner/work/key/key/key.core/../key.ui/examples/standard_key/unicode_test.key 
143225     INFO  main            d.u.i.k.p.i.AbstractProblemLoader Loading environment from /home/runner/work/key/key/key.core/../key.ui/examples/standard_key/unicode_test.key 
143226     DEBUG main            d.u.i.k.p.i.AbstractProblemLoader Environment load took 194.7ns 
143228     INFO  main            d.u.i.k.p.i.AbstractProblemLoader Creating init config 
145533     DEBUG main            d.u.i.k.p.i.AbstractProblemLoader Init config took 2.3s 
145546     INFO  main            d.u.i.k.p.i.AbstractProblemLoader Replaying proof unicode_test.key 
145547     DEBUG main            d.u.i.k.p.i.IntermediateProofReplayer Proof replay took 7.6ns 
145648     INFO  main            d.u.i.k.p.r.p.TestFile    ... finished proof: closed. 
145935     INFO  main            d.u.i.k.p.i.AbstractProblemLoader Loading environment from /home/runner/work/key/key/key.core/../key.ui/examples/standard_key/unicode_test.key.proof 
145935     DEBUG main            d.u.i.k.p.i.AbstractProblemLoader Environment load took 105.5ns 
145936     INFO  main            d.u.i.k.p.i.AbstractProblemLoader Creating init config 
148138     DEBUG main            d.u.i.k.p.i.AbstractProblemLoader Init config took 2.2s 
148151     INFO  main            d.u.i.k.p.i.AbstractProblemLoader Replaying proof unicode_test.key.proof 
148153     DEBUG main            d.u.i.k.p.i.IntermediateProofReplayer Proof replay took 374.1ns 
148153     DEBUG main            d.u.i.k.p.r.p.TestFile    ... success: reloaded. 
148154     INFO  main            d.u.i.k.p.r.p.TestFile    Now processing file /home/runner/work/key/key/key.core/../key.ui/examples/heap/strictlyModular/mayExpand.key 
148154     INFO  main            d.u.i.k.p.i.AbstractProblemLoader Loading environment from /home/runner/work/key/key/key.core/../key.ui/examples/heap/strictlyModular/mayExpand.key 
148154     DEBUG main            d.u.i.k.p.i.AbstractProblemLoader Environment load took 203.6ns 
148155     INFO  main            d.u.i.k.p.i.AbstractProblemLoader Creating init config 
150528     DEBUG main            d.u.i.k.p.i.AbstractProblemLoader Init config took 2.37s 
150562     INFO  main            d.u.i.k.p.i.AbstractProblemLoader Replaying proof Modular[Modular::m()].JML operation contract.0 
150564     DEBUG main            d.u.i.k.p.i.IntermediateProofReplayer Proof replay took 6.6ns 
150668     INFO  main            d.u.i.k.p.r.p.TestFile    ... finished proof: closed. 
150964     INFO  main            d.u.i.k.p.i.AbstractProblemLoader Loading environment from /home/runner/work/key/key/key.core/../key.ui/examples/heap/strictlyModular/mayExpand.key.proof 
150964     DEBUG main            d.u.i.k.p.i.AbstractProblemLoader Environment load took 98.9ns 
150965     INFO  main            d.u.i.k.p.i.AbstractProblemLoader Creating init config 
153232     DEBUG main            d.u.i.k.p.i.AbstractProblemLoader Init config took 2.27s 
153270     INFO  main            d.u.i.k.p.i.AbstractProblemLoader Replaying proof Modular[Modular::m()].JML operation contract.0 
153286     DEBUG main            d.u.i.k.p.i.IntermediateProofReplayer Proof replay took 14.56ms 
153287     DEBUG main            d.u.i.k.p.r.p.TestFile    ... success: reloaded. 
153288     INFO  main            d.u.i.k.p.r.p.TestFile    Now processing file /home/runner/work/key/key/key.core/../key.ui/examples/heap/strictlyModular/modularOnly.key 
153288     INFO  main            d.u.i.k.p.i.AbstractProblemLoader Loading environment from /home/runner/work/key/key/key.core/../key.ui/examples/heap/strictlyModular/modularOnly.key 
153288     DEBUG main            d.u.i.k.p.i.AbstractProblemLoader Environment load took 73.6ns 
153289     INFO  main            d.u.i.k.p.i.AbstractProblemLoader Creating init config 
155677     DEBUG main            d.u.i.k.p.i.AbstractProblemLoader Init config took 2.39s 
155711     INFO  main            d.u.i.k.p.i.AbstractProblemLoader Replaying proof Modular[Modular::m()].JML operation contract.0 
155712     DEBUG main            d.u.i.k.p.i.IntermediateProofReplayer Proof replay took 6ns 
155817     INFO  main            d.u.i.k.p.r.p.TestFile    ... finished proof: open goal(s) 
1841346    INFO  Test worker     d.u.i.k.p.r.RunAllProofsTestUnit Returning from test simpleTests 
1841347    INFO  Test worker     d.u.i.k.p.r.RunAllProofsTestUnit Running test SmansEtAl 
360        INFO  Timeout watchdog d.u.i.k.p.r.p.ForkedTestFileRunner Timeout watcher launched (2000 secs.) 
370        WARN  main            d.u.i.k.s.ProofSettings   The settings in /home/runner/.key/proof-settings.props are *not* read. 
399        INFO  main            d.u.i.k.p.r.p.TestFile    Now processing file /home/runner/work/key/key/key.core/../key.ui/examples/heap/SmansEtAl/ArrayList_add.key 
516        INFO  main            d.u.i.k.p.i.AbstractProblemLoader Loading environment from /home/runner/work/key/key/key.core/../key.ui/examples/heap/SmansEtAl/ArrayList_add.key 
531        DEBUG main            d.u.i.k.p.i.AbstractProblemLoader Environment load took 1.8ms 
752        INFO  main            d.u.i.k.p.i.AbstractProblemLoader Creating init config 
1746       DEBUG main            d.u.i.k.j.TypeConverter   No LDT found for Meta 
1747       DEBUG main            d.u.i.k.j.TypeConverter   No LDT found for Meta 
1750       DEBUG main            d.u.i.k.j.TypeConverter   No LDT found for Meta 
1750       DEBUG main            d.u.i.k.j.TypeConverter   No LDT found for Meta 
3125       DEBUG main            d.u.i.k.j.TypeConverter   No LDT found for JavaBigintExpression 
8314       DEBUG main            d.u.i.k.p.i.AbstractProblemLoader Init config took 7.56s 
8476       INFO  main            d.u.i.k.p.i.AbstractProblemLoader Replaying proof ArrayList[ArrayList::add(java.lang.Object)].JML normal_behavior operation contract.0 
8513       DEBUG main            d.u.i.k.p.i.IntermediateProofReplayer Proof replay took 46.9ns 
16118      INFO  main            d.u.i.k.p.r.p.TestFile    ... finished proof: closed. 
16326      INFO  main            d.u.i.k.p.i.AbstractProblemLoader Loading environment from /home/runner/work/key/key/key.core/../key.ui/examples/heap/SmansEtAl/ArrayList_add.key.proof 
16330      DEBUG main            d.u.i.k.p.i.AbstractProblemLoader Environment load took 3.32ms 
16335      INFO  main            d.u.i.k.p.i.AbstractProblemLoader Creating init config 
19356      DEBUG main            d.u.i.k.p.i.AbstractProblemLoader Init config took 3.02s 
19417      INFO  main            d.u.i.k.p.i.AbstractProblemLoader Replaying proof ArrayList[ArrayList::add(java.lang.Object)].JML normal_behavior operation contract.0 
20272      DEBUG main            d.u.i.k.p.i.IntermediateProofReplayer Proof replay took 825.66ms 
20281      DEBUG main            d.u.i.k.p.r.p.TestFile    ... success: reloaded. 
20283      INFO  main            d.u.i.k.p.r.p.TestFile    Now processing file /home/runner/work/key/key/key.core/../key.ui/examples/heap/SmansEtAl/ArrayList_ArrayList.key 
20283      INFO  main            d.u.i.k.p.i.AbstractProblemLoader Loading environment from /home/runner/work/key/key/key.core/../key.ui/examples/heap/SmansEtAl/ArrayList_ArrayList.key 
20283      DEBUG main            d.u.i.k.p.i.AbstractProblemLoader Environment load took 345.8ns 
20285      INFO  main            d.u.i.k.p.i.AbstractProblemLoader Creating init config 
23176      DEBUG main            d.u.i.k.p.i.AbstractProblemLoader Init config took 2.89s 
23230      INFO  main            d.u.i.k.p.i.AbstractProblemLoader Replaying proof ArrayList[ArrayList::ArrayList()].JML normal_behavior operation contract.0 
23233      DEBUG main            d.u.i.k.p.i.IntermediateProofReplayer Proof replay took 5.6ns 
24339      INFO  main            d.u.i.k.p.r.p.TestFile    ... finished proof: closed. 
24518      INFO  main            d.u.i.k.p.i.AbstractProblemLoader Loading environment from /home/runner/work/key/key/key.core/../key.ui/examples/heap/SmansEtAl/ArrayList_ArrayList.key.proof 
24518      DEBUG main            d.u.i.k.p.i.AbstractProblemLoader Environment load took 628.9ns 
24520      INFO  main            d.u.i.k.p.i.AbstractProblemLoader Creating init config 
27268      DEBUG main            d.u.i.k.p.i.AbstractProblemLoader Init config took 2.75s 
27317      INFO  main            d.u.i.k.p.i.AbstractProblemLoader Replaying proof ArrayList[ArrayList::ArrayList()].JML normal_behavior operation contract.0 
27500      DEBUG main            d.u.i.k.p.i.IntermediateProofReplayer Proof replay took 175.3ms 
27502      DEBUG main            d.u.i.k.p.r.p.TestFile    ... success: reloaded. 
27503      INFO  main            d.u.i.k.p.r.p.TestFile    Now processing file /home/runner/work/key/key/key.core/../key.ui/examples/heap/SmansEtAl/ArrayList_footprint.key 
27504      INFO  main            d.u.i.k.p.i.AbstractProblemLoader Loading environment from /home/runner/work/key/key/key.core/../key.ui/examples/heap/SmansEtAl/ArrayList_footprint.key 
27504      DEBUG main            d.u.i.k.p.i.AbstractProblemLoader Environment load took 237.3ns 
27505      INFO  main            d.u.i.k.p.i.AbstractProblemLoader Creating init config 
30264      DEBUG main            d.u.i.k.p.i.AbstractProblemLoader Init config took 2.76s 
30312      INFO  main            d.u.i.k.p.i.AbstractProblemLoader Replaying proof ArrayList[ArrayList::$footprint()].JML accessible clause.0 
30315      DEBUG main            d.u.i.k.p.i.IntermediateProofReplayer Proof replay took 5.6ns 
30417      INFO  main            d.u.i.k.p.r.p.TestFile    ... finished proof: closed. 
30581      INFO  main            d.u.i.k.p.i.AbstractProblemLoader Loading environment from /home/runner/work/key/key/key.core/../key.ui/examples/heap/SmansEtAl/ArrayList_footprint.key.proof 
30581      DEBUG main            d.u.i.k.p.i.AbstractProblemLoader Environment load took 135.2ns 
30582      INFO  main            d.u.i.k.p.i.AbstractProblemLoader Creating init config 
33260      DEBUG main            d.u.i.k.p.i.AbstractProblemLoader Init config took 2.68s 
33305      INFO  main            d.u.i.k.p.i.AbstractProblemLoader Replaying proof ArrayList[ArrayList::$footprint()].JML accessible clause.0 
33317      DEBUG main            d.u.i.k.p.i.IntermediateProofReplayer Proof replay took 10.13ms 
33318      DEBUG main            d.u.i.k.p.r.p.TestFile    ... success: reloaded. 
33320      INFO  main            d.u.i.k.p.r.p.TestFile    Now processing file /home/runner/work/key/key/key.core/../key.ui/examples/heap/SmansEtAl/ArrayList_get_dep.key 
33320      INFO  main            d.u.i.k.p.i.AbstractProblemLoader Loading environment from /home/runner/work/key/key/key.core/../key.ui/examples/heap/SmansEtAl/ArrayList_get_dep.key 
33320      DEBUG main            d.u.i.k.p.i.AbstractProblemLoader Environment load took 267.4ns 
33321      INFO  main            d.u.i.k.p.i.AbstractProblemLoader Creating init config 
36091      DEBUG main            d.u.i.k.p.i.AbstractProblemLoader Init config took 2.77s 
36141      INFO  main            d.u.i.k.p.i.AbstractProblemLoader Replaying proof ArrayList[ArrayList::get(int)].JML accessible clause.0 
36142      DEBUG main            d.u.i.k.p.i.IntermediateProofReplayer Proof replay took 5.9ns 
36446      INFO  main            d.u.i.k.p.r.p.TestFile    ... finished proof: closed. 
36646      INFO  main            d.u.i.k.p.i.AbstractProblemLoader Loading environment from /home/runner/work/key/key/key.core/../key.ui/examples/heap/SmansEtAl/ArrayList_get_dep.key.proof 
36646      DEBUG main            d.u.i.k.p.i.AbstractProblemLoader Environment load took 459.4ns 
36647      INFO  main            d.u.i.k.p.i.AbstractProblemLoader Creating init config 
39286      DEBUG main            d.u.i.k.p.i.AbstractProblemLoader Init config took 2.64s 
39330      INFO  main            d.u.i.k.p.i.AbstractProblemLoader Replaying proof ArrayList[ArrayList::get(int)].JML accessible clause.0 
39383      DEBUG main            d.u.i.k.p.i.IntermediateProofReplayer Proof replay took 49.38ms 
39384      DEBUG main            d.u.i.k.p.r.p.TestFile    ... success: reloaded. 
39386      INFO  main            d.u.i.k.p.r.p.TestFile    Now processing file /home/runner/work/key/key/key.core/../key.ui/examples/heap/SmansEtAl/ArrayList_get.key 
39386      INFO  main            d.u.i.k.p.i.AbstractProblemLoader Loading environment from /home/runner/work/key/key/key.core/../key.ui/examples/heap/SmansEtAl/ArrayList_get.key 
39387      DEBUG main            d.u.i.k.p.i.AbstractProblemLoader Environment load took 347.5ns 
39388      INFO  main            d.u.i.k.p.i.AbstractProblemLoader Creating init config 
42098      DEBUG main            d.u.i.k.p.i.AbstractProblemLoader Init config took 2.71s 
42158      INFO  main            d.u.i.k.p.i.AbstractProblemLoader Replaying proof ArrayList[ArrayList::get(int)].JML normal_behavior operation contract.0 
42160      DEBUG main            d.u.i.k.p.i.IntermediateProofReplayer Proof replay took 5.9ns 
42363      INFO  main            d.u.i.k.p.r.p.TestFile    ... finished proof: closed. 
42521      INFO  main            d.u.i.k.p.i.AbstractProblemLoader Loading environment from /home/runner/work/key/key/key.core/../key.ui/examples/heap/SmansEtAl/ArrayList_get.key.proof 
42521      DEBUG main            d.u.i.k.p.i.AbstractProblemLoader Environment load took 124.4ns 
42522      INFO  main            d.u.i.k.p.i.AbstractProblemLoader Creating init config 
45198      DEBUG main            d.u.i.k.p.i.AbstractProblemLoader Init config took 2.68s 
45243      INFO  main            d.u.i.k.p.i.AbstractProblemLoader Replaying proof ArrayList[ArrayList::get(int)].JML normal_behavior operation contract.0 
45275      DEBUG main            d.u.i.k.p.i.IntermediateProofReplayer Proof replay took 28.46ms 
45276      DEBUG main            d.u.i.k.p.r.p.TestFile    ... success: reloaded. 
45277      INFO  main            d.u.i.k.p.r.p.TestFile    Now processing file /home/runner/work/key/key/key.core/../key.ui/examples/heap/SmansEtAl/ArrayList_inv.key 
45278      INFO  main            d.u.i.k.p.i.AbstractProblemLoader Loading environment from /home/runner/work/key/key/key.core/../key.ui/examples/heap/SmansEtAl/ArrayList_inv.key 
45278      DEBUG main            d.u.i.k.p.i.AbstractProblemLoader Environment load took 352.7ns 
45279      INFO  main            d.u.i.k.p.i.AbstractProblemLoader Creating init config 
47941      DEBUG main            d.u.i.k.p.i.AbstractProblemLoader Init config took 2.66s 
47986      INFO  main            d.u.i.k.p.i.AbstractProblemLoader Replaying proof ArrayList[java.lang.Object::<inv>()].JML accessible clause.0 
47988      DEBUG main            d.u.i.k.p.i.IntermediateProofReplayer Proof replay took 23.6ns 
48093      INFO  main            d.u.i.k.p.r.p.TestFile    ... finished proof: closed. 
48263      INFO  main            d.u.i.k.p.i.AbstractProblemLoader Loading environment from /home/runner/work/key/key/key.core/../key.ui/examples/heap/SmansEtAl/ArrayList_inv.key.proof 
48263      DEBUG main            d.u.i.k.p.i.AbstractProblemLoader Environment load took 140.1ns 
48265      INFO  main            d.u.i.k.p.i.AbstractProblemLoader Creating init config 
50846      DEBUG main            d.u.i.k.p.i.AbstractProblemLoader Init config took 2.58s 
50887      INFO  main            d.u.i.k.p.i.AbstractProblemLoader Replaying proof ArrayList[java.lang.Object::<inv>()].JML accessible clause.0 
50898      DEBUG main            d.u.i.k.p.i.IntermediateProofReplayer Proof replay took 8.68ms 
50899      DEBUG main            d.u.i.k.p.r.p.TestFile    ... success: reloaded. 
50900      INFO  main            d.u.i.k.p.r.p.TestFile    Now processing file /home/runner/work/key/key/key.core/../key.ui/examples/heap/SmansEtAl/ArrayList_size_dep.key 
50900      INFO  main            d.u.i.k.p.i.AbstractProblemLoader Loading environment from /home/runner/work/key/key/key.core/../key.ui/examples/heap/SmansEtAl/ArrayList_size_dep.key 
50900      DEBUG main            d.u.i.k.p.i.AbstractProblemLoader Environment load took 99ns 
50901      INFO  main            d.u.i.k.p.i.AbstractProblemLoader Creating init config 
53531      DEBUG main            d.u.i.k.p.i.AbstractProblemLoader Init config took 2.63s 
53593      INFO  main            d.u.i.k.p.i.AbstractProblemLoader Replaying proof ArrayList[ArrayList::size()].JML accessible clause.0 
53595      DEBUG main            d.u.i.k.p.i.IntermediateProofReplayer Proof replay took 14.4ns 
53698      INFO  main            d.u.i.k.p.r.p.TestFile    ... finished proof: closed. 
53882      INFO  main            d.u.i.k.p.i.AbstractProblemLoader Loading environment from /home/runner/work/key/key/key.core/../key.ui/examples/heap/SmansEtAl/ArrayList_size_dep.key.proof 
53882      DEBUG main            d.u.i.k.p.i.AbstractProblemLoader Environment load took 126ns 
53883      INFO  main            d.u.i.k.p.i.AbstractProblemLoader Creating init config 
56456      DEBUG main            d.u.i.k.p.i.AbstractProblemLoader Init config took 2.57s 
56495      INFO  main            d.u.i.k.p.i.AbstractProblemLoader Replaying proof ArrayList[ArrayList::size()].JML accessible clause.0 
56510      DEBUG main            d.u.i.k.p.i.IntermediateProofReplayer Proof replay took 13.18ms 
56511      DEBUG main            d.u.i.k.p.r.p.TestFile    ... success: reloaded. 
56512      INFO  main            d.u.i.k.p.r.p.TestFile    Now processing file /home/runner/work/key/key/key.core/../key.ui/examples/heap/SmansEtAl/ArrayList_size.key 
56512      INFO  main            d.u.i.k.p.i.AbstractProblemLoader Loading environment from /home/runner/work/key/key/key.core/../key.ui/examples/heap/SmansEtAl/ArrayList_size.key 
56513      DEBUG main            d.u.i.k.p.i.AbstractProblemLoader Environment load took 113.7ns 
56514      INFO  main            d.u.i.k.p.i.AbstractProblemLoader Creating init config 
59140      DEBUG main            d.u.i.k.p.i.AbstractProblemLoader Init config took 2.63s 
59177      INFO  main            d.u.i.k.p.i.AbstractProblemLoader Replaying proof ArrayList[ArrayList::size()].JML normal_behavior operation contract.0 
59179      DEBUG main            d.u.i.k.p.i.IntermediateProofReplayer Proof replay took 5.9ns 
59283      INFO  main            d.u.i.k.p.r.p.TestFile    ... finished proof: closed. 
59456      INFO  main            d.u.i.k.p.i.AbstractProblemLoader Loading environment from /home/runner/work/key/key/key.core/../key.ui/examples/heap/SmansEtAl/ArrayList_size.key.proof 
59456      DEBUG main            d.u.i.k.p.i.AbstractProblemLoader Environment load took 120.6ns 
59457      INFO  main            d.u.i.k.p.i.AbstractProblemLoader Creating init config 
62094      DEBUG main            d.u.i.k.p.i.AbstractProblemLoader Init config took 2.64s 
62132      INFO  main            d.u.i.k.p.i.AbstractProblemLoader Replaying proof ArrayList[ArrayList::size()].JML normal_behavior operation contract.0 
62147      DEBUG main            d.u.i.k.p.i.IntermediateProofReplayer Proof replay took 12.16ms 
62148      DEBUG main            d.u.i.k.p.r.p.TestFile    ... success: reloaded. 
62149      INFO  main            d.u.i.k.p.r.p.TestFile    Now processing file /home/runner/work/key/key/key.core/../key.ui/examples/heap/SmansEtAl/Cell_Cell.key 
62149      INFO  main            d.u.i.k.p.i.AbstractProblemLoader Loading environment from /home/runner/work/key/key/key.core/../key.ui/examples/heap/SmansEtAl/Cell_Cell.key 
62150      DEBUG main            d.u.i.k.p.i.AbstractProblemLoader Environment load took 362.9ns 
62151      INFO  main            d.u.i.k.p.i.AbstractProblemLoader Creating init config 
64773      DEBUG main            d.u.i.k.p.i.AbstractProblemLoader Init config took 2.62s 
64809      INFO  main            d.u.i.k.p.i.AbstractProblemLoader Replaying proof Cell[Cell::Cell()].JML normal_behavior operation contract.0 
64810      DEBUG main            d.u.i.k.p.i.IntermediateProofReplayer Proof replay took 6.7ns 
65015      INFO  main            d.u.i.k.p.r.p.TestFile    ... finished proof: closed. 
65227      INFO  main            d.u.i.k.p.i.AbstractProblemLoader Loading environment from /home/runner/work/key/key/key.core/../key.ui/examples/heap/SmansEtAl/Cell_Cell.key.proof 
65227      DEBUG main            d.u.i.k.p.i.AbstractProblemLoader Environment load took 118.8ns 
65228      INFO  main            d.u.i.k.p.i.AbstractProblemLoader Creating init config 
67773      DEBUG main            d.u.i.k.p.i.AbstractProblemLoader Init config took 2.54s 
67809      INFO  main            d.u.i.k.p.i.AbstractProblemLoader Replaying proof Cell[Cell::Cell()].JML normal_behavior operation contract.0 
67848      DEBUG main            d.u.i.k.p.i.IntermediateProofReplayer Proof replay took 35.9ms 
67849      DEBUG main            d.u.i.k.p.r.p.TestFile    ... success: reloaded. 
67850      INFO  main            d.u.i.k.p.r.p.TestFile    Now processing file /home/runner/work/key/key/key.core/../key.ui/examples/heap/SmansEtAl/Cell_footprint.key 
67851      INFO  main            d.u.i.k.p.i.AbstractProblemLoader Loading environment from /home/runner/work/key/key/key.core/../key.ui/examples/heap/SmansEtAl/Cell_footprint.key 
67851      DEBUG main            d.u.i.k.p.i.AbstractProblemLoader Environment load took 122.1ns 
67852      INFO  main            d.u.i.k.p.i.AbstractProblemLoader Creating init config 
70582      DEBUG main            d.u.i.k.p.i.AbstractProblemLoader Init config took 2.73s 
70617      INFO  main            d.u.i.k.p.i.AbstractProblemLoader Replaying proof Cell[Cell::$footprint()].JML accessible clause.0 
70618      DEBUG main            d.u.i.k.p.i.IntermediateProofReplayer Proof replay took 6.2ns 
70720      INFO  main            d.u.i.k.p.r.p.TestFile    ... finished proof: closed. 
70921      INFO  main            d.u.i.k.p.i.AbstractProblemLoader Loading environment from /home/runner/work/key/key/key.core/../key.ui/examples/heap/SmansEtAl/Cell_footprint.key.proof 
70921      DEBUG main            d.u.i.k.p.i.AbstractProblemLoader Environment load took 122ns 
70922      INFO  main            d.u.i.k.p.i.AbstractProblemLoader Creating init config 
73552      DEBUG main            d.u.i.k.p.i.AbstractProblemLoader Init config took 2.63s 
73585      INFO  main            d.u.i.k.p.i.AbstractProblemLoader Replaying proof Cell[Cell::$footprint()].JML accessible clause.0 
73590      DEBUG main            d.u.i.k.p.i.IntermediateProofReplayer Proof replay took 3.55ms 
73591      DEBUG main            d.u.i.k.p.r.p.TestFile    ... success: reloaded. 
73592      INFO  main            d.u.i.k.p.r.p.TestFile    Now processing file /home/runner/work/key/key/key.core/../key.ui/examples/heap/SmansEtAl/Cell_getX_dep.key 
73592      INFO  main            d.u.i.k.p.i.AbstractProblemLoader Loading environment from /home/runner/work/key/key/key.core/../key.ui/examples/heap/SmansEtAl/Cell_getX_dep.key 
73592      DEBUG main            d.u.i.k.p.i.AbstractProblemLoader Environment load took 121.9ns 
73593      INFO  main            d.u.i.k.p.i.AbstractProblemLoader Creating init config 
76211      DEBUG main            d.u.i.k.p.i.AbstractProblemLoader Init config took 2.62s 
76244      INFO  main            d.u.i.k.p.i.AbstractProblemLoader Replaying proof Cell[Cell::getX()].JML accessible clause.0 
76246      DEBUG main            d.u.i.k.p.i.IntermediateProofReplayer Proof replay took 7ns 
76353      INFO  main            d.u.i.k.p.r.p.TestFile    ... finished proof: closed. 
76567      INFO  main            d.u.i.k.p.i.AbstractProblemLoader Loading environment from /home/runner/work/key/key/key.core/../key.ui/examples/heap/SmansEtAl/Cell_getX_dep.key.proof 
76567      DEBUG main            d.u.i.k.p.i.AbstractProblemLoader Environment load took 118.4ns 
76568      INFO  main            d.u.i.k.p.i.AbstractProblemLoader Creating init config 
79178      DEBUG main            d.u.i.k.p.i.AbstractProblemLoader Init config took 2.61s 
79218      INFO  main            d.u.i.k.p.i.AbstractProblemLoader Replaying proof Cell[Cell::getX()].JML accessible clause.0 
79231      DEBUG main            d.u.i.k.p.i.IntermediateProofReplayer Proof replay took 10.74ms 
79232      DEBUG main            d.u.i.k.p.r.p.TestFile    ... success: reloaded. 
79233      INFO  main            d.u.i.k.p.r.p.TestFile    Now processing file /home/runner/work/key/key/key.core/../key.ui/examples/heap/SmansEtAl/Cell_getX.key 
79233      INFO  main            d.u.i.k.p.i.AbstractProblemLoader Loading environment from /home/runner/work/key/key/key.core/../key.ui/examples/heap/SmansEtAl/Cell_getX.key 
79233      DEBUG main            d.u.i.k.p.i.AbstractProblemLoader Environment load took 120.1ns 
79234      INFO  main            d.u.i.k.p.i.AbstractProblemLoader Creating init config 
81941      DEBUG main            d.u.i.k.p.i.AbstractProblemLoader Init config took 2.71s 
81981      INFO  main            d.u.i.k.p.i.AbstractProblemLoader Replaying proof Cell[Cell::getX()].JML normal_behavior operation contract.0 
81983      DEBUG main            d.u.i.k.p.i.IntermediateProofReplayer Proof replay took 6.9ns 
82084      INFO  main            d.u.i.k.p.r.p.TestFile    ... finished proof: closed. 
82298      INFO  main            d.u.i.k.p.i.AbstractProblemLoader Loading environment from /home/runner/work/key/key/key.core/../key.ui/examples/heap/SmansEtAl/Cell_getX.key.proof 
82298      DEBUG main            d.u.i.k.p.i.AbstractProblemLoader Environment load took 182.3ns 
82299      INFO  main            d.u.i.k.p.i.AbstractProblemLoader Creating init config 
84958      DEBUG main            d.u.i.k.p.i.AbstractProblemLoader Init config took 2.66s 
84993      INFO  main            d.u.i.k.p.i.AbstractProblemLoader Replaying proof Cell[Cell::getX()].JML normal_behavior operation contract.0 
85006      DEBUG main            d.u.i.k.p.i.IntermediateProofReplayer Proof replay took 10.99ms 
85007      DEBUG main            d.u.i.k.p.r.p.TestFile    ... success: reloaded. 
85008      INFO  main            d.u.i.k.p.r.p.TestFile    Now processing file /home/runner/work/key/key/key.core/../key.ui/examples/heap/SmansEtAl/Cell_inv.key 
85009      INFO  main            d.u.i.k.p.i.AbstractProblemLoader Loading environment from /home/runner/work/key/key/key.core/../key.ui/examples/heap/SmansEtAl/Cell_inv.key 
85009      DEBUG main            d.u.i.k.p.i.AbstractProblemLoader Environment load took 200.4ns 
85010      INFO  main            d.u.i.k.p.i.AbstractProblemLoader Creating init config 
87625      DEBUG main            d.u.i.k.p.i.AbstractProblemLoader Init config took 2.62s 
87659      INFO  main            d.u.i.k.p.i.AbstractProblemLoader Replaying proof Cell[java.lang.Object::<inv>()].JML accessible clause.0 
87661      DEBUG main            d.u.i.k.p.i.IntermediateProofReplayer Proof replay took 6.3ns 
87762      INFO  main            d.u.i.k.p.r.p.TestFile    ... finished proof: closed. 
87998      INFO  main            d.u.i.k.p.i.AbstractProblemLoader Loading environment from /home/runner/work/key/key/key.core/../key.ui/examples/heap/SmansEtAl/Cell_inv.key.proof 
87999      DEBUG main            d.u.i.k.p.i.AbstractProblemLoader Environment load took 115.7ns 
88000      INFO  main            d.u.i.k.p.i.AbstractProblemLoader Creating init config 
90589      DEBUG main            d.u.i.k.p.i.AbstractProblemLoader Init config took 2.59s 
90622      INFO  main            d.u.i.k.p.i.AbstractProblemLoader Replaying proof Cell[java.lang.Object::<inv>()].JML accessible clause.0 
90624      DEBUG main            d.u.i.k.p.i.IntermediateProofReplayer Proof replay took 1.36ms 
90625      DEBUG main            d.u.i.k.p.r.p.TestFile    ... success: reloaded. 
90626      INFO  main            d.u.i.k.p.r.p.TestFile    Now processing file /home/runner/work/key/key/key.core/../key.ui/examples/heap/SmansEtAl/Cell_setX.key 
90626      INFO  main            d.u.i.k.p.i.AbstractProblemLoader Loading environment from /home/runner/work/key/key/key.core/../key.ui/examples/heap/SmansEtAl/Cell_setX.key 
90626      DEBUG main            d.u.i.k.p.i.AbstractProblemLoader Environment load took 104.5ns 
90627      INFO  main            d.u.i.k.p.i.AbstractProblemLoader Creating init config 
93230      DEBUG main            d.u.i.k.p.i.AbstractProblemLoader Init config took 2.6s 
93287      INFO  main            d.u.i.k.p.i.AbstractProblemLoader Replaying proof Cell[Cell::setX(int)].JML normal_behavior operation contract.0 
93289      DEBUG main            d.u.i.k.p.i.IntermediateProofReplayer Proof replay took 6.4ns 
93391      INFO  main            d.u.i.k.p.r.p.TestFile    ... finished proof: closed. 
93622      INFO  main            d.u.i.k.p.i.AbstractProblemLoader Loading environment from /home/runner/work/key/key/key.core/../key.ui/examples/heap/SmansEtAl/Cell_setX.key.proof 
93622      DEBUG main            d.u.i.k.p.i.AbstractProblemLoader Environment load took 291.1ns 
93623      INFO  main            d.u.i.k.p.i.AbstractProblemLoader Creating init config 
96189      DEBUG main            d.u.i.k.p.i.AbstractProblemLoader Init config took 2.57s 
96235      INFO  main            d.u.i.k.p.i.AbstractProblemLoader Replaying proof Cell[Cell::setX(int)].JML normal_behavior operation contract.0 
96256      DEBUG main            d.u.i.k.p.i.IntermediateProofReplayer Proof replay took 18.88ms 
96257      DEBUG main            d.u.i.k.p.r.p.TestFile    ... success: reloaded. 
96258      INFO  main            d.u.i.k.p.r.p.TestFile    Now processing file /home/runner/work/key/key/key.core/../key.ui/examples/heap/SmansEtAl/CellClient_m.key 
96258      INFO  main            d.u.i.k.p.i.AbstractProblemLoader Loading environment from /home/runner/work/key/key/key.core/../key.ui/examples/heap/SmansEtAl/CellClient_m.key 
96258      DEBUG main            d.u.i.k.p.i.AbstractProblemLoader Environment load took 114.1ns 
96259      INFO  main            d.u.i.k.p.i.AbstractProblemLoader Creating init config 
98856      DEBUG main            d.u.i.k.p.i.AbstractProblemLoader Init config took 2.6s 
98896      INFO  main            d.u.i.k.p.i.AbstractProblemLoader Replaying proof CellClient[CellClient::m()].JML operation contract.0 
98898      DEBUG main            d.u.i.k.p.i.IntermediateProofReplayer Proof replay took 5.7ns 
99402      INFO  main            d.u.i.k.p.r.p.TestFile    ... finished proof: closed. 
99677      INFO  main            d.u.i.k.p.i.AbstractProblemLoader Loading environment from /home/runner/work/key/key/key.core/../key.ui/examples/heap/SmansEtAl/CellClient_m.key.proof 
99680      DEBUG main            d.u.i.k.p.i.AbstractProblemLoader Environment load took 2.76ms 
99681      INFO  main            d.u.i.k.p.i.AbstractProblemLoader Creating init config 
102203     DEBUG main            d.u.i.k.p.i.AbstractProblemLoader Init config took 2.52s 
102235     INFO  main            d.u.i.k.p.i.AbstractProblemLoader Replaying proof CellClient[CellClient::m()].JML operation contract.0 
102333     DEBUG main            d.u.i.k.p.i.IntermediateProofReplayer Proof replay took 94.89ms 
102335     DEBUG main            d.u.i.k.p.r.p.TestFile    ... success: reloaded. 
102336     INFO  main            d.u.i.k.p.r.p.TestFile    Now processing file /home/runner/work/key/key/key.core/../key.ui/examples/heap/SmansEtAl/Iterator_footprint.key 
102336     INFO  main            d.u.i.k.p.i.AbstractProblemLoader Loading environment from /home/runner/work/key/key/key.core/../key.ui/examples/heap/SmansEtAl/Iterator_footprint.key 
102337     DEBUG main            d.u.i.k.p.i.AbstractProblemLoader Environment load took 204.8ns 
102338     INFO  main            d.u.i.k.p.i.AbstractProblemLoader Creating init config 
104950     DEBUG main            d.u.i.k.p.i.AbstractProblemLoader Init config took 2.61s 
104989     INFO  main            d.u.i.k.p.i.AbstractProblemLoader Replaying proof Iterator[Iterator::$footprint()].JML accessible clause.0 
104991     DEBUG main            d.u.i.k.p.i.IntermediateProofReplayer Proof replay took 6ns 
105094     INFO  main            d.u.i.k.p.r.p.TestFile    ... finished proof: closed. 
105340     INFO  main            d.u.i.k.p.i.AbstractProblemLoader Loading environment from /home/runner/work/key/key/key.core/../key.ui/examples/heap/SmansEtAl/Iterator_footprint.key.proof 
105340     DEBUG main            d.u.i.k.p.i.AbstractProblemLoader Environment load took 119.8ns 
105341     INFO  main            d.u.i.k.p.i.AbstractProblemLoader Creating init config 
107877     DEBUG main            d.u.i.k.p.i.AbstractProblemLoader Init config took 2.54s 
107917     INFO  main            d.u.i.k.p.i.AbstractProblemLoader Replaying proof Iterator[Iterator::$footprint()].JML accessible clause.0 
107928     DEBUG main            d.u.i.k.p.i.IntermediateProofReplayer Proof replay took 7.27ms 
107929     DEBUG main            d.u.i.k.p.r.p.TestFile    ... success: reloaded. 
107931     INFO  main            d.u.i.k.p.r.p.TestFile    Now processing file /home/runner/work/key/key/key.core/../key.ui/examples/heap/SmansEtAl/Iterator_hasNext_dep.key 
107931     INFO  main            d.u.i.k.p.i.AbstractProblemLoader Loading environment from /home/runner/work/key/key/key.core/../key.ui/examples/heap/SmansEtAl/Iterator_hasNext_dep.key 
107931     DEBUG main            d.u.i.k.p.i.AbstractProblemLoader Environment load took 127.1ns 
107933     INFO  main            d.u.i.k.p.i.AbstractProblemLoader Creating init config 
110523     DEBUG main            d.u.i.k.p.i.AbstractProblemLoader Init config took 2.59s 
110556     INFO  main            d.u.i.k.p.i.AbstractProblemLoader Replaying proof Iterator[Iterator::hasNext()].JML accessible clause.0 
110558     DEBUG main            d.u.i.k.p.i.IntermediateProofReplayer Proof replay took 23.1ns 
111166     INFO  main            d.u.i.k.p.r.p.TestFile    ... finished proof: closed. 
111461     INFO  main            d.u.i.k.p.i.AbstractProblemLoader Loading environment from /home/runner/work/key/key/key.core/../key.ui/examples/heap/SmansEtAl/Iterator_hasNext_dep.key.proof 
111464     DEBUG main            d.u.i.k.p.i.AbstractProblemLoader Environment load took 2.77ms 
111466     INFO  main            d.u.i.k.p.i.AbstractProblemLoader Creating init config 
113990     DEBUG main            d.u.i.k.p.i.AbstractProblemLoader Init config took 2.52s 
114029     INFO  main            d.u.i.k.p.i.AbstractProblemLoader Replaying proof Iterator[Iterator::hasNext()].JML accessible clause.0 
114122     DEBUG main            d.u.i.k.p.i.IntermediateProofReplayer Proof replay took 87.52ms 
114123     DEBUG main            d.u.i.k.p.r.p.TestFile    ... success: reloaded. 
114124     INFO  main            d.u.i.k.p.r.p.TestFile    Now processing file /home/runner/work/key/key/key.core/../key.ui/examples/heap/SmansEtAl/Iterator_hasNext.key 
114124     INFO  main            d.u.i.k.p.i.AbstractProblemLoader Loading environment from /home/runner/work/key/key/key.core/../key.ui/examples/heap/SmansEtAl/Iterator_hasNext.key 
114124     DEBUG main            d.u.i.k.p.i.AbstractProblemLoader Environment load took 83.3ns 
114125     INFO  main            d.u.i.k.p.i.AbstractProblemLoader Creating init config 
116737     DEBUG main            d.u.i.k.p.i.AbstractProblemLoader Init config took 2.61s 
116792     INFO  main            d.u.i.k.p.i.AbstractProblemLoader Replaying proof Iterator[Iterator::hasNext()].JML normal_behavior operation contract.0 
116793     DEBUG main            d.u.i.k.p.i.IntermediateProofReplayer Proof replay took 6.4ns 
117297     INFO  main            d.u.i.k.p.r.p.TestFile    ... finished proof: closed. 
117664     INFO  main            d.u.i.k.p.i.AbstractProblemLoader Loading environment from /home/runner/work/key/key/key.core/../key.ui/examples/heap/SmansEtAl/Iterator_hasNext.key.proof 
117664     DEBUG main            d.u.i.k.p.i.AbstractProblemLoader Environment load took 449.2ns 
117666     INFO  main            d.u.i.k.p.i.AbstractProblemLoader Creating init config 
120220     DEBUG main            d.u.i.k.p.i.AbstractProblemLoader Init config took 2.55s 
120257     INFO  main            d.u.i.k.p.i.AbstractProblemLoader Replaying proof Iterator[Iterator::hasNext()].JML normal_behavior operation contract.0 
120332     DEBUG main            d.u.i.k.p.i.IntermediateProofReplayer Proof replay took 70.58ms 
120333     DEBUG main            d.u.i.k.p.r.p.TestFile    ... success: reloaded. 
120334     INFO  main            d.u.i.k.p.r.p.TestFile    Now processing file /home/runner/work/key/key/key.core/../key.ui/examples/heap/SmansEtAl/Iterator_inv.key 
120334     INFO  main            d.u.i.k.p.i.AbstractProblemLoader Loading environment from /home/runner/work/key/key/key.core/../key.ui/examples/heap/SmansEtAl/Iterator_inv.key 
120335     DEBUG main            d.u.i.k.p.i.AbstractProblemLoader Environment load took 102.1ns 
120335     INFO  main            d.u.i.k.p.i.AbstractProblemLoader Creating init config 
122886     DEBUG main            d.u.i.k.p.i.AbstractProblemLoader Init config took 2.55s 
122926     INFO  main            d.u.i.k.p.i.AbstractProblemLoader Replaying proof Iterator[java.lang.Object::<inv>()].JML accessible clause.0 
122928     DEBUG main            d.u.i.k.p.i.IntermediateProofReplayer Proof replay took 6.7ns 
123131     INFO  main            d.u.i.k.p.r.p.TestFile    ... finished proof: closed. 
123437     INFO  main            d.u.i.k.p.i.AbstractProblemLoader Loading environment from /home/runner/work/key/key/key.core/../key.ui/examples/heap/SmansEtAl/Iterator_inv.key.proof 
123437     DEBUG main            d.u.i.k.p.i.AbstractProblemLoader Environment load took 108ns 
123440     INFO  main            d.u.i.k.p.i.AbstractProblemLoader Creating init config 
125918     DEBUG main            d.u.i.k.p.i.AbstractProblemLoader Init config took 2.48s 
125962     INFO  main            d.u.i.k.p.i.AbstractProblemLoader Replaying proof Iterator[java.lang.Object::<inv>()].JML accessible clause.0 
125983     DEBUG main            d.u.i.k.p.i.IntermediateProofReplayer Proof replay took 18.71ms 
125984     DEBUG main            d.u.i.k.p.r.p.TestFile    ... success: reloaded. 
125985     INFO  main            d.u.i.k.p.r.p.TestFile    Now processing file /home/runner/work/key/key/key.core/../key.ui/examples/heap/SmansEtAl/Iterator_Iterator.key 
125985     INFO  main            d.u.i.k.p.i.AbstractProblemLoader Loading environment from /home/runner/work/key/key/key.core/../key.ui/examples/heap/SmansEtAl/Iterator_Iterator.key 
125986     DEBUG main            d.u.i.k.p.i.AbstractProblemLoader Environment load took 96.4ns 
125986     INFO  main            d.u.i.k.p.i.AbstractProblemLoader Creating init config 
128503     DEBUG main            d.u.i.k.p.i.AbstractProblemLoader Init config took 2.52s 
128539     INFO  main            d.u.i.k.p.i.AbstractProblemLoader Replaying proof Iterator[Iterator::Iterator(ArrayList)].JML normal_behavior operation contract.0 
128541     DEBUG main            d.u.i.k.p.i.IntermediateProofReplayer Proof replay took 6.1ns 
129851     INFO  main            d.u.i.k.p.r.p.TestFile    ... finished proof: closed. 
130157     INFO  main            d.u.i.k.p.i.AbstractProblemLoader Loading environment from /home/runner/work/key/key/key.core/../key.ui/examples/heap/SmansEtAl/Iterator_Iterator.key.proof 
130157     DEBUG main            d.u.i.k.p.i.AbstractProblemLoader Environment load took 455.8ns 
130159     INFO  main            d.u.i.k.p.i.AbstractProblemLoader Creating init config 
132658     DEBUG main            d.u.i.k.p.i.AbstractProblemLoader Init config took 2.5s 
132692     INFO  main            d.u.i.k.p.i.AbstractProblemLoader Replaying proof Iterator[Iterator::Iterator(ArrayList)].JML normal_behavior operation contract.0 
132863     DEBUG main            d.u.i.k.p.i.IntermediateProofReplayer Proof replay took 159.43ms 
132865     DEBUG main            d.u.i.k.p.r.p.TestFile    ... success: reloaded. 
132866     INFO  main            d.u.i.k.p.r.p.TestFile    Now processing file /home/runner/work/key/key/key.core/../key.ui/examples/heap/SmansEtAl/Iterator_list_dep.key 
132866     INFO  main            d.u.i.k.p.i.AbstractProblemLoader Loading environment from /home/runner/work/key/key/key.core/../key.ui/examples/heap/SmansEtAl/Iterator_list_dep.key 
132866     DEBUG main            d.u.i.k.p.i.AbstractProblemLoader Environment load took 200.3ns 
132868     INFO  main            d.u.i.k.p.i.AbstractProblemLoader Creating init config 
135466     DEBUG main            d.u.i.k.p.i.AbstractProblemLoader Init config took 2.6s 
135500     INFO  main            d.u.i.k.p.i.AbstractProblemLoader Replaying proof Iterator[Iterator::list()].JML accessible clause.0 
135501     DEBUG main            d.u.i.k.p.i.IntermediateProofReplayer Proof replay took 5.7ns 
135606     INFO  main            d.u.i.k.p.r.p.TestFile    ... finished proof: closed. 
135891     INFO  main            d.u.i.k.p.i.AbstractProblemLoader Loading environment from /home/runner/work/key/key/key.core/../key.ui/examples/heap/SmansEtAl/Iterator_list_dep.key.proof 
135891     DEBUG main            d.u.i.k.p.i.AbstractProblemLoader Environment load took 108.2ns 
135892     INFO  main            d.u.i.k.p.i.AbstractProblemLoader Creating init config 
138382     DEBUG main            d.u.i.k.p.i.AbstractProblemLoader Init config took 2.49s 
138416     INFO  main            d.u.i.k.p.i.AbstractProblemLoader Replaying proof Iterator[Iterator::list()].JML accessible clause.0 
138433     DEBUG main            d.u.i.k.p.i.IntermediateProofReplayer Proof replay took 14.65ms 
138433     DEBUG main            d.u.i.k.p.r.p.TestFile    ... success: reloaded. 
138434     INFO  main            d.u.i.k.p.r.p.TestFile    Now processing file /home/runner/work/key/key/key.core/../key.ui/examples/heap/SmansEtAl/Iterator_list.key 
138435     INFO  main            d.u.i.k.p.i.AbstractProblemLoader Loading environment from /home/runner/work/key/key/key.core/../key.ui/examples/heap/SmansEtAl/Iterator_list.key 
138435     DEBUG main            d.u.i.k.p.i.AbstractProblemLoader Environment load took 79.4ns 
138435     INFO  main            d.u.i.k.p.i.AbstractProblemLoader Creating init config 
141030     DEBUG main            d.u.i.k.p.i.AbstractProblemLoader Init config took 2.59s 
141072     INFO  main            d.u.i.k.p.i.AbstractProblemLoader Replaying proof Iterator[Iterator::list()].JML normal_behavior operation contract.0 
141073     DEBUG main            d.u.i.k.p.i.IntermediateProofReplayer Proof replay took 6.5ns 
141178     INFO  main            d.u.i.k.p.r.p.TestFile    ... finished proof: closed. 
141451     INFO  main            d.u.i.k.p.i.AbstractProblemLoader Loading environment from /home/runner/work/key/key/key.core/../key.ui/examples/heap/SmansEtAl/Iterator_list.key.proof 
141451     DEBUG main            d.u.i.k.p.i.AbstractProblemLoader Environment load took 111.4ns 
141452     INFO  main            d.u.i.k.p.i.AbstractProblemLoader Creating init config 
143952     DEBUG main            d.u.i.k.p.i.AbstractProblemLoader Init config took 2.5s 
144007     INFO  main            d.u.i.k.p.i.AbstractProblemLoader Replaying proof Iterator[Iterator::list()].JML normal_behavior operation contract.0 
144023     DEBUG main            d.u.i.k.p.i.IntermediateProofReplayer Proof replay took 13.72ms 
144024     DEBUG main            d.u.i.k.p.r.p.TestFile    ... success: reloaded. 
144025     INFO  main            d.u.i.k.p.r.p.TestFile    Now processing file /home/runner/work/key/key/key.core/../key.ui/examples/heap/SmansEtAl/Iterator_next.key 
144025     INFO  main            d.u.i.k.p.i.AbstractProblemLoader Loading environment from /home/runner/work/key/key/key.core/../key.ui/examples/heap/SmansEtAl/Iterator_next.key 
144025     DEBUG main            d.u.i.k.p.i.AbstractProblemLoader Environment load took 99.5ns 
144026     INFO  main            d.u.i.k.p.i.AbstractProblemLoader Creating init config 
146577     DEBUG main            d.u.i.k.p.i.AbstractProblemLoader Init config took 2.55s 
146612     INFO  main            d.u.i.k.p.i.AbstractProblemLoader Replaying proof Iterator[Iterator::next()].JML normal_behavior operation contract.0 
146613     DEBUG main            d.u.i.k.p.i.IntermediateProofReplayer Proof replay took 6ns 
149260     INFO  main            d.u.i.k.p.r.p.TestFile    ... finished proof: closed. 
149592     INFO  main            d.u.i.k.p.i.AbstractProblemLoader Loading environment from /home/runner/work/key/key/key.core/../key.ui/examples/heap/SmansEtAl/Iterator_next.key.proof 
149592     DEBUG main            d.u.i.k.p.i.AbstractProblemLoader Environment load took 213ns 
149594     INFO  main            d.u.i.k.p.i.AbstractProblemLoader Creating init config 
152420     DEBUG main            d.u.i.k.p.i.AbstractProblemLoader Init config took 2.83s 
152455     INFO  main            d.u.i.k.p.i.AbstractProblemLoader Replaying proof Iterator[Iterator::next()].JML normal_behavior operation contract.0 
152776     DEBUG main            d.u.i.k.p.i.IntermediateProofReplayer Proof replay took 306.18ms 
152779     DEBUG main            d.u.i.k.p.r.p.TestFile    ... success: reloaded. 
152780     INFO  main            d.u.i.k.p.r.p.TestFile    Now processing file /home/runner/work/key/key/key.core/../key.ui/examples/heap/SmansEtAl/Stack_footprint.key 
152780     INFO  main            d.u.i.k.p.i.AbstractProblemLoader Loading environment from /home/runner/work/key/key/key.core/../key.ui/examples/heap/SmansEtAl/Stack_footprint.key 
152780     DEBUG main            d.u.i.k.p.i.AbstractProblemLoader Environment load took 104.6ns 
152781     INFO  main            d.u.i.k.p.i.AbstractProblemLoader Creating init config 
155610     DEBUG main            d.u.i.k.p.i.AbstractProblemLoader Init config took 2.83s 
155644     INFO  main            d.u.i.k.p.i.AbstractProblemLoader Replaying proof Stack[Stack::$footprint()].JML accessible clause.0 
155646     DEBUG main            d.u.i.k.p.i.IntermediateProofReplayer Proof replay took 7.3ns 
155848     INFO  main            d.u.i.k.p.r.p.TestFile    ... finished proof: closed. 
156161     INFO  main            d.u.i.k.p.i.AbstractProblemLoader Loading environment from /home/runner/work/key/key/key.core/../key.ui/examples/heap/SmansEtAl/Stack_footprint.key.proof 
156161     DEBUG main            d.u.i.k.p.i.AbstractProblemLoader Environment load took 104.9ns 
156162     INFO  main            d.u.i.k.p.i.AbstractProblemLoader Creating init config 
158702     DEBUG main            d.u.i.k.p.i.AbstractProblemLoader Init config took 2.54s 
158738     INFO  main            d.u.i.k.p.i.AbstractProblemLoader Replaying proof Stack[Stack::$footprint()].JML accessible clause.0 
158763     DEBUG main            d.u.i.k.p.i.IntermediateProofReplayer Proof replay took 22.25ms 
158764     DEBUG main            d.u.i.k.p.r.p.TestFile    ... success: reloaded. 
158766     INFO  main            d.u.i.k.p.r.p.TestFile    Now processing file /home/runner/work/key/key/key.core/../key.ui/examples/heap/SmansEtAl/Stack_inv.key 
158767     INFO  main            d.u.i.k.p.i.AbstractProblemLoader Loading environment from /home/runner/work/key/key/key.core/../key.ui/examples/heap/SmansEtAl/Stack_inv.key 
158767     DEBUG main            d.u.i.k.p.i.AbstractProblemLoader Environment load took 201.2ns 
158768     INFO  main            d.u.i.k.p.i.AbstractProblemLoader Creating init config 
161420     DEBUG main            d.u.i.k.p.i.AbstractProblemLoader Init config took 2.65s 
161452     INFO  main            d.u.i.k.p.i.AbstractProblemLoader Replaying proof Stack[java.lang.Object::<inv>()].JML accessible clause.0 
161454     DEBUG main            d.u.i.k.p.i.IntermediateProofReplayer Proof replay took 6.9ns 
161555     INFO  main            d.u.i.k.p.r.p.TestFile    ... finished proof: closed. 
161852     INFO  main            d.u.i.k.p.i.AbstractProblemLoader Loading environment from /home/runner/work/key/key/key.core/../key.ui/examples/heap/SmansEtAl/Stack_inv.key.proof 
161852     DEBUG main            d.u.i.k.p.i.AbstractProblemLoader Environment load took 138.9ns 
161853     INFO  main            d.u.i.k.p.i.AbstractProblemLoader Creating init config 
164417     DEBUG main            d.u.i.k.p.i.AbstractProblemLoader Init config took 2.56s 
164452     INFO  main            d.u.i.k.p.i.AbstractProblemLoader Replaying proof Stack[java.lang.Object::<inv>()].JML accessible clause.0 
164462     DEBUG main            d.u.i.k.p.i.IntermediateProofReplayer Proof replay took 9.01ms 
164463     DEBUG main            d.u.i.k.p.r.p.TestFile    ... success: reloaded. 
164464     INFO  main            d.u.i.k.p.r.p.TestFile    Now processing file /home/runner/work/key/key/key.core/../key.ui/examples/heap/SmansEtAl/Stack_push.key 
164464     INFO  main            d.u.i.k.p.i.AbstractProblemLoader Loading environment from /home/runner/work/key/key/key.core/../key.ui/examples/heap/SmansEtAl/Stack_push.key 
164465     DEBUG main            d.u.i.k.p.i.AbstractProblemLoader Environment load took 95.2ns 
164465     INFO  main            d.u.i.k.p.i.AbstractProblemLoader Creating init config 
167167     DEBUG main            d.u.i.k.p.i.AbstractProblemLoader Init config took 2.7s 
167204     INFO  main            d.u.i.k.p.i.AbstractProblemLoader Replaying proof Stack[Stack::push(java.lang.Object)].JML normal_behavior operation contract.0 
167205     DEBUG main            d.u.i.k.p.i.IntermediateProofReplayer Proof replay took 43.9ns 
168012     INFO  main            d.u.i.k.p.r.p.TestFile    ... finished proof: closed. 
168338     INFO  main            d.u.i.k.p.i.AbstractProblemLoader Loading environment from /home/runner/work/key/key/key.core/../key.ui/examples/heap/SmansEtAl/Stack_push.key.proof 
168338     DEBUG main            d.u.i.k.p.i.AbstractProblemLoader Environment load took 180.4ns 
168339     INFO  main            d.u.i.k.p.i.AbstractProblemLoader Creating init config 
171059     DEBUG main            d.u.i.k.p.i.AbstractProblemLoader Init config took 2.72s 
171097     INFO  main            d.u.i.k.p.i.AbstractProblemLoader Replaying proof Stack[Stack::push(java.lang.Object)].JML normal_behavior operation contract.0 
171201     DEBUG main            d.u.i.k.p.i.IntermediateProofReplayer Proof replay took 98.59ms 
171202     DEBUG main            d.u.i.k.p.r.p.TestFile    ... success: reloaded. 
171203     INFO  main            d.u.i.k.p.r.p.TestFile    Now processing file /home/runner/work/key/key/key.core/../key.ui/examples/heap/SmansEtAl/Stack_size.key 
171203     INFO  main            d.u.i.k.p.i.AbstractProblemLoader Loading environment from /home/runner/work/key/key/key.core/../key.ui/examples/heap/SmansEtAl/Stack_size.key 
171203     DEBUG main            d.u.i.k.p.i.AbstractProblemLoader Environment load took 71.4ns 
171204     INFO  main            d.u.i.k.p.i.AbstractProblemLoader Creating init config 
173762     DEBUG main            d.u.i.k.p.i.AbstractProblemLoader Init config took 2.56s 
173794     INFO  main            d.u.i.k.p.i.AbstractProblemLoader Replaying proof Stack[Stack::size()].JML accessible clause.0 
173795     DEBUG main            d.u.i.k.p.i.IntermediateProofReplayer Proof replay took 7.4ns 
173998     INFO  main            d.u.i.k.p.r.p.TestFile    ... finished proof: closed. 
174320     INFO  main            d.u.i.k.p.i.AbstractProblemLoader Loading environment from /home/runner/work/key/key/key.core/../key.ui/examples/heap/SmansEtAl/Stack_size.key.proof 
174320     DEBUG main            d.u.i.k.p.i.AbstractProblemLoader Environment load took 113ns 
174321     INFO  main            d.u.i.k.p.i.AbstractProblemLoader Creating init config 
177046     DEBUG main            d.u.i.k.p.i.AbstractProblemLoader Init config took 2.72s 
177090     INFO  main            d.u.i.k.p.i.AbstractProblemLoader Replaying proof Stack[Stack::size()].JML accessible clause.0 
177136     DEBUG main            d.u.i.k.p.i.IntermediateProofReplayer Proof replay took 43.5ms 
177138     DEBUG main            d.u.i.k.p.r.p.TestFile    ... success: reloaded. 
177140     INFO  main            d.u.i.k.p.r.p.TestFile    Now processing file /home/runner/work/key/key/key.core/../key.ui/examples/heap/SmansEtAl/Stack_Stack.key 
177140     INFO  main            d.u.i.k.p.i.AbstractProblemLoader Loading environment from /home/runner/work/key/key/key.core/../key.ui/examples/heap/SmansEtAl/Stack_Stack.key 
177140     DEBUG main            d.u.i.k.p.i.AbstractProblemLoader Environment load took 257.3ns 
177142     INFO  main            d.u.i.k.p.i.AbstractProblemLoader Creating init config 
180405     DEBUG main            d.u.i.k.p.i.AbstractProblemLoader Init config took 3.26s 
180449     INFO  main            d.u.i.k.p.i.AbstractProblemLoader Replaying proof Stack[Stack::Stack()].JML normal_behavior operation contract.0 
180451     DEBUG main            d.u.i.k.p.i.IntermediateProofReplayer Proof replay took 7.3ns 
181783     INFO  main            d.u.i.k.p.r.p.TestFile    ... finished proof: closed. 
182173     INFO  main            d.u.i.k.p.i.AbstractProblemLoader Loading environment from /home/runner/work/key/key/key.core/../key.ui/examples/heap/SmansEtAl/Stack_Stack.key.proof 
182173     DEBUG main            d.u.i.k.p.i.AbstractProblemLoader Environment load took 121.2ns 
182175     INFO  main            d.u.i.k.p.i.AbstractProblemLoader Creating init config 
185118     DEBUG main            d.u.i.k.p.i.AbstractProblemLoader Init config took 2.94s 
185164     INFO  main            d.u.i.k.p.i.AbstractProblemLoader Replaying proof Stack[Stack::Stack()].JML normal_behavior operation contract.0 
185362     DEBUG main            d.u.i.k.p.i.IntermediateProofReplayer Proof replay took 190.63ms 
185367     DEBUG main            d.u.i.k.p.r.p.TestFile    ... success: reloaded. 
185369     INFO  main            d.u.i.k.p.r.p.TestFile    Now processing file /home/runner/work/key/key/key.core/../key.ui/examples/heap/SmansEtAl/Stack_switchContents.key 
185369     INFO  main            d.u.i.k.p.i.AbstractProblemLoader Loading environment from /home/runner/work/key/key/key.core/../key.ui/examples/heap/SmansEtAl/Stack_switchContents.key 
185369     DEBUG main            d.u.i.k.p.i.AbstractProblemLoader Environment load took 66.7ns 
185370     INFO  main            d.u.i.k.p.i.AbstractProblemLoader Creating init config 
188273     DEBUG main            d.u.i.k.p.i.AbstractProblemLoader Init config took 2.9s 
188314     INFO  main            d.u.i.k.p.i.AbstractProblemLoader Replaying proof Stack[Stack::switchContents(Stack)].JML normal_behavior operation contract.0 
188318     DEBUG main            d.u.i.k.p.i.IntermediateProofReplayer Proof replay took 7.8ns 
193181     INFO  main            d.u.i.k.p.r.p.TestFile    ... finished proof: closed. 
193571     INFO  main            d.u.i.k.p.i.AbstractProblemLoader Loading environment from /home/runner/work/key/key/key.core/../key.ui/examples/heap/SmansEtAl/Stack_switchContents.key.proof 
193572     DEBUG main            d.u.i.k.p.i.AbstractProblemLoader Environment load took 548.8ns 
193574     INFO  main            d.u.i.k.p.i.AbstractProblemLoader Creating init config 
196366     DEBUG main            d.u.i.k.p.i.AbstractProblemLoader Init config took 2.79s 
196402     INFO  main            d.u.i.k.p.i.AbstractProblemLoader Replaying proof Stack[Stack::switchContents(Stack)].JML normal_behavior operation contract.0 
196729     DEBUG main            d.u.i.k.p.i.IntermediateProofReplayer Proof replay took 312.28ms 
196731     DEBUG main            d.u.i.k.p.r.p.TestFile    ... success: reloaded. 
2038256    INFO  Test worker     d.u.i.k.p.r.RunAllProofsTestUnit Returning from test SmansEtAl 
2038258    INFO  Test worker     d.u.i.k.p.r.RunAllProofsTestUnit Running test VACID0 
376        INFO  Timeout watchdog d.u.i.k.p.r.p.ForkedTestFileRunner Timeout watcher launched (2000 secs.) 
393        WARN  main            d.u.i.k.s.ProofSettings   The settings in /home/runner/.key/proof-settings.props are *not* read. 
434        INFO  main            d.u.i.k.p.r.p.TestFile    Now processing file /home/runner/work/key/key/key.core/../key.ui/examples/heap/vacid0_01_SparseArray/Harness_sparseArrayTestHarness1.key 
607        INFO  main            d.u.i.k.p.i.AbstractProblemLoader Loading environment from /home/runner/work/key/key/key.core/../key.ui/examples/heap/vacid0_01_SparseArray/Harness_sparseArrayTestHarness1.key 
639        DEBUG main            d.u.i.k.p.i.AbstractProblemLoader Environment load took 2.21ms 
909        INFO  main            d.u.i.k.p.i.AbstractProblemLoader Creating init config 
2076       DEBUG main            d.u.i.k.j.TypeConverter   No LDT found for Meta 
2077       DEBUG main            d.u.i.k.j.TypeConverter   No LDT found for Meta 
2080       DEBUG main            d.u.i.k.j.TypeConverter   No LDT found for Meta 
2080       DEBUG main            d.u.i.k.j.TypeConverter   No LDT found for Meta 
3611       DEBUG main            d.u.i.k.j.TypeConverter   No LDT found for JavaBigintExpression 
9317       DEBUG main            d.u.i.k.p.i.AbstractProblemLoader Init config took 8.41s 
9468       INFO  main            d.u.i.k.p.i.AbstractProblemLoader Replaying proof Harness[Harness::sparseArrayTestHarness1()].JML normal_behavior operation contract.0 
9509       DEBUG main            d.u.i.k.p.i.IntermediateProofReplayer Proof replay took 32ns 
10942      INFO  main            d.u.i.k.p.r.p.TestFile    ... finished proof: closed. 
11136      INFO  main            d.u.i.k.p.i.AbstractProblemLoader Loading environment from /home/runner/work/key/key/key.core/../key.ui/examples/heap/vacid0_01_SparseArray/Harness_sparseArrayTestHarness1.key.proof 
11138      DEBUG main            d.u.i.k.p.i.AbstractProblemLoader Environment load took 2.2ms 
11140      INFO  main            d.u.i.k.p.i.AbstractProblemLoader Creating init config 
14269      DEBUG main            d.u.i.k.p.i.AbstractProblemLoader Init config took 3.13s 
14342      INFO  main            d.u.i.k.p.i.AbstractProblemLoader Replaying proof Harness[Harness::sparseArrayTestHarness1()].JML normal_behavior operation contract.0 
14500      DEBUG main            d.u.i.k.p.i.IntermediateProofReplayer Proof replay took 149.37ms 
14508      DEBUG main            d.u.i.k.p.r.p.TestFile    ... success: reloaded. 
14510      INFO  main            d.u.i.k.p.r.p.TestFile    Now processing file /home/runner/work/key/key/key.core/../key.ui/examples/heap/vacid0_01_SparseArray/Harness_sparseArrayTestHarness2.key 
14511      INFO  main            d.u.i.k.p.i.AbstractProblemLoader Loading environment from /home/runner/work/key/key/key.core/../key.ui/examples/heap/vacid0_01_SparseArray/Harness_sparseArrayTestHarness2.key 
14511      DEBUG main            d.u.i.k.p.i.AbstractProblemLoader Environment load took 278.1ns 
14513      INFO  main            d.u.i.k.p.i.AbstractProblemLoader Creating init config 
17399      DEBUG main            d.u.i.k.p.i.AbstractProblemLoader Init config took 2.89s 
17456      INFO  main            d.u.i.k.p.i.AbstractProblemLoader Replaying proof Harness[Harness::sparseArrayTestHarness2()].JML normal_behavior operation contract.0 
17459      DEBUG main            d.u.i.k.p.i.IntermediateProofReplayer Proof replay took 5.8ns 
29215      INFO  main            d.u.i.k.p.r.p.TestFile    ... finished proof: closed. 
29436      INFO  main            d.u.i.k.p.i.AbstractProblemLoader Loading environment from /home/runner/work/key/key/key.core/../key.ui/examples/heap/vacid0_01_SparseArray/Harness_sparseArrayTestHarness2.key.proof 
29437      DEBUG main            d.u.i.k.p.i.AbstractProblemLoader Environment load took 711ns 
29447      INFO  main            d.u.i.k.p.i.AbstractProblemLoader Creating init config 
32300      DEBUG main            d.u.i.k.p.i.AbstractProblemLoader Init config took 2.85s 
32349      INFO  main            d.u.i.k.p.i.AbstractProblemLoader Replaying proof Harness[Harness::sparseArrayTestHarness2()].JML normal_behavior operation contract.0 
33377      DEBUG main            d.u.i.k.p.i.IntermediateProofReplayer Proof replay took 945.54ms 
33379      DEBUG main            d.u.i.k.p.r.p.TestFile    ... success: reloaded. 
33381      INFO  main            d.u.i.k.p.r.p.TestFile    Now processing file /home/runner/work/key/key/key.core/../key.ui/examples/heap/vacid0_01_SparseArray/MemoryAllocator_alloc_unsigned.key 
33381      INFO  main            d.u.i.k.p.i.AbstractProblemLoader Loading environment from /home/runner/work/key/key/key.core/../key.ui/examples/heap/vacid0_01_SparseArray/MemoryAllocator_alloc_unsigned.key 
33382      DEBUG main            d.u.i.k.p.i.AbstractProblemLoader Environment load took 264ns 
33383      INFO  main            d.u.i.k.p.i.AbstractProblemLoader Creating init config 
36156      DEBUG main            d.u.i.k.p.i.AbstractProblemLoader Init config took 2.77s 
36202      INFO  main            d.u.i.k.p.i.AbstractProblemLoader Replaying proof MemoryAllocator[MemoryAllocator::alloc_unsigned(int)].JML normal_behavior operation contract.0 
36204      DEBUG main            d.u.i.k.p.i.IntermediateProofReplayer Proof replay took 5.6ns 
37137      INFO  main            d.u.i.k.p.r.p.TestFile    ... finished proof: closed. 
37369      INFO  main            d.u.i.k.p.i.AbstractProblemLoader Loading environment from /home/runner/work/key/key/key.core/../key.ui/examples/heap/vacid0_01_SparseArray/MemoryAllocator_alloc_unsigned.key.proof 
37370      DEBUG main            d.u.i.k.p.i.AbstractProblemLoader Environment load took 478.5ns 
37371      INFO  main            d.u.i.k.p.i.AbstractProblemLoader Creating init config 
40085      DEBUG main            d.u.i.k.p.i.AbstractProblemLoader Init config took 2.71s 
40127      INFO  main            d.u.i.k.p.i.AbstractProblemLoader Replaying proof MemoryAllocator[MemoryAllocator::alloc_unsigned(int)].JML normal_behavior operation contract.0 
40284      DEBUG main            d.u.i.k.p.i.IntermediateProofReplayer Proof replay took 150.94ms 
40285      DEBUG main            d.u.i.k.p.r.p.TestFile    ... success: reloaded. 
40287      INFO  main            d.u.i.k.p.r.p.TestFile    Now processing file /home/runner/work/key/key/key.core/../key.ui/examples/heap/vacid0_01_SparseArray/MemoryAllocator_alloc.key 
40287      INFO  main            d.u.i.k.p.i.AbstractProblemLoader Loading environment from /home/runner/work/key/key/key.core/../key.ui/examples/heap/vacid0_01_SparseArray/MemoryAllocator_alloc.key 
40287      DEBUG main            d.u.i.k.p.i.AbstractProblemLoader Environment load took 224.5ns 
40288      INFO  main            d.u.i.k.p.i.AbstractProblemLoader Creating init config 
42989      DEBUG main            d.u.i.k.p.i.AbstractProblemLoader Init config took 2.7s 
43030      INFO  main            d.u.i.k.p.i.AbstractProblemLoader Replaying proof MemoryAllocator[MemoryAllocator::alloc(int)].JML normal_behavior operation contract.0 
43032      DEBUG main            d.u.i.k.p.i.IntermediateProofReplayer Proof replay took 5.4ns 
43647      INFO  main            d.u.i.k.p.r.p.TestFile    ... finished proof: closed. 
43864      INFO  main            d.u.i.k.p.i.AbstractProblemLoader Loading environment from /home/runner/work/key/key/key.core/../key.ui/examples/heap/vacid0_01_SparseArray/MemoryAllocator_alloc.key.proof 
43864      DEBUG main            d.u.i.k.p.i.AbstractProblemLoader Environment load took 125ns 
43868      INFO  main            d.u.i.k.p.i.AbstractProblemLoader Creating init config 
46693      DEBUG main            d.u.i.k.p.i.AbstractProblemLoader Init config took 2.82s 
46735      INFO  main            d.u.i.k.p.i.AbstractProblemLoader Replaying proof MemoryAllocator[MemoryAllocator::alloc(int)].JML normal_behavior operation contract.0 
46848      DEBUG main            d.u.i.k.p.i.IntermediateProofReplayer Proof replay took 107.81ms 
46849      DEBUG main            d.u.i.k.p.r.p.TestFile    ... success: reloaded. 
46850      INFO  main            d.u.i.k.p.r.p.TestFile    Now processing file /home/runner/work/key/key/key.core/../key.ui/examples/heap/vacid0_01_SparseArray/SparseArray_get_dep.key 
46851      INFO  main            d.u.i.k.p.i.AbstractProblemLoader Loading environment from /home/runner/work/key/key/key.core/../key.ui/examples/heap/vacid0_01_SparseArray/SparseArray_get_dep.key 
46851      DEBUG main            d.u.i.k.p.i.AbstractProblemLoader Environment load took 132.6ns 
46852      INFO  main            d.u.i.k.p.i.AbstractProblemLoader Creating init config 
49540      DEBUG main            d.u.i.k.p.i.AbstractProblemLoader Init config took 2.69s 
49610      INFO  main            d.u.i.k.p.i.AbstractProblemLoader Replaying proof SparseArray[SparseArray::get(int)].JML accessible clause.0 
49613      DEBUG main            d.u.i.k.p.i.IntermediateProofReplayer Proof replay took 5.9ns 
51934      INFO  main            d.u.i.k.p.r.p.TestFile    ... finished proof: closed. 
52152      INFO  main            d.u.i.k.p.i.AbstractProblemLoader Loading environment from /home/runner/work/key/key/key.core/../key.ui/examples/heap/vacid0_01_SparseArray/SparseArray_get_dep.key.proof 
52155      DEBUG main            d.u.i.k.p.i.AbstractProblemLoader Environment load took 2.82ms 
52156      INFO  main            d.u.i.k.p.i.AbstractProblemLoader Creating init config 
54805      DEBUG main            d.u.i.k.p.i.AbstractProblemLoader Init config took 2.65s 
54864      INFO  main            d.u.i.k.p.i.AbstractProblemLoader Replaying proof SparseArray[SparseArray::get(int)].JML accessible clause.0 
55056      DEBUG main            d.u.i.k.p.i.IntermediateProofReplayer Proof replay took 181.35ms 
55057      DEBUG main            d.u.i.k.p.r.p.TestFile    ... success: reloaded. 
55058      INFO  main            d.u.i.k.p.r.p.TestFile    Now processing file /home/runner/work/key/key/key.core/../key.ui/examples/heap/vacid0_01_SparseArray/SparseArray_get.key 
55059      INFO  main            d.u.i.k.p.i.AbstractProblemLoader Loading environment from /home/runner/work/key/key/key.core/../key.ui/examples/heap/vacid0_01_SparseArray/SparseArray_get.key 
55059      DEBUG main            d.u.i.k.p.i.AbstractProblemLoader Environment load took 224.6ns 
55060      INFO  main            d.u.i.k.p.i.AbstractProblemLoader Creating init config 
57664      DEBUG main            d.u.i.k.p.i.AbstractProblemLoader Init config took 2.6s 
57723      INFO  main            d.u.i.k.p.i.AbstractProblemLoader Replaying proof SparseArray[SparseArray::get(int)].JML normal_behavior operation contract.0 
57725      DEBUG main            d.u.i.k.p.i.IntermediateProofReplayer Proof replay took 6.5ns 
59941      INFO  main            d.u.i.k.p.r.p.TestFile    ... finished proof: closed. 
60165      INFO  main            d.u.i.k.p.i.AbstractProblemLoader Loading environment from /home/runner/work/key/key/key.core/../key.ui/examples/heap/vacid0_01_SparseArray/SparseArray_get.key.proof 
60165      DEBUG main            d.u.i.k.p.i.AbstractProblemLoader Environment load took 137ns 
60166      INFO  main            d.u.i.k.p.i.AbstractProblemLoader Creating init config 
62773      DEBUG main            d.u.i.k.p.i.AbstractProblemLoader Init config took 2.61s 
62838      INFO  main            d.u.i.k.p.i.AbstractProblemLoader Replaying proof SparseArray[SparseArray::get(int)].JML normal_behavior operation contract.0 
63029      DEBUG main            d.u.i.k.p.i.IntermediateProofReplayer Proof replay took 178.08ms 
63030      DEBUG main            d.u.i.k.p.r.p.TestFile    ... success: reloaded. 
63032      INFO  main            d.u.i.k.p.r.p.TestFile    Now processing file /home/runner/work/key/key/key.core/../key.ui/examples/heap/vacid0_01_SparseArray/SparseArray_inv.key 
63032      INFO  main            d.u.i.k.p.i.AbstractProblemLoader Loading environment from /home/runner/work/key/key/key.core/../key.ui/examples/heap/vacid0_01_SparseArray/SparseArray_inv.key 
63032      DEBUG main            d.u.i.k.p.i.AbstractProblemLoader Environment load took 115ns 
63033      INFO  main            d.u.i.k.p.i.AbstractProblemLoader Creating init config 
65611      DEBUG main            d.u.i.k.p.i.AbstractProblemLoader Init config took 2.58s 
65662      INFO  main            d.u.i.k.p.i.AbstractProblemLoader Replaying proof SparseArray[java.lang.Object::<inv>()].JML accessible clause.0 
65664      DEBUG main            d.u.i.k.p.i.IntermediateProofReplayer Proof replay took 6.5ns 
67470      INFO  main            d.u.i.k.p.r.p.TestFile    ... finished proof: closed. 
67694      INFO  main            d.u.i.k.p.i.AbstractProblemLoader Loading environment from /home/runner/work/key/key/key.core/../key.ui/examples/heap/vacid0_01_SparseArray/SparseArray_inv.key.proof 
67694      DEBUG main            d.u.i.k.p.i.AbstractProblemLoader Environment load took 565.6ns 
67696      INFO  main            d.u.i.k.p.i.AbstractProblemLoader Creating init config 
70257      DEBUG main            d.u.i.k.p.i.AbstractProblemLoader Init config took 2.56s 
70309      INFO  main            d.u.i.k.p.i.AbstractProblemLoader Replaying proof SparseArray[java.lang.Object::<inv>()].JML accessible clause.0 
70381      DEBUG main            d.u.i.k.p.i.IntermediateProofReplayer Proof replay took 66.05ms 
70382      DEBUG main            d.u.i.k.p.r.p.TestFile    ... success: reloaded. 
70383      INFO  main            d.u.i.k.p.r.p.TestFile    Now processing file /home/runner/work/key/key/key.core/../key.ui/examples/heap/vacid0_01_SparseArray/SparseArray_SparseArray.key 
70383      INFO  main            d.u.i.k.p.i.AbstractProblemLoader Loading environment from /home/runner/work/key/key/key.core/../key.ui/examples/heap/vacid0_01_SparseArray/SparseArray_SparseArray.key 
70383      DEBUG main            d.u.i.k.p.i.AbstractProblemLoader Environment load took 159.2ns 
70385      INFO  main            d.u.i.k.p.i.AbstractProblemLoader Creating init config 
72960      DEBUG main            d.u.i.k.p.i.AbstractProblemLoader Init config took 2.58s 
73012      INFO  main            d.u.i.k.p.i.AbstractProblemLoader Replaying proof SparseArray[SparseArray::SparseArray(int)].JML normal_behavior operation contract.0 
73014      DEBUG main            d.u.i.k.p.i.IntermediateProofReplayer Proof replay took 5.6ns 
76246      INFO  main            d.u.i.k.p.r.p.TestFile    ... finished proof: closed. 
76474      INFO  main            d.u.i.k.p.i.AbstractProblemLoader Loading environment from /home/runner/work/key/key/key.core/../key.ui/examples/heap/vacid0_01_SparseArray/SparseArray_SparseArray.key.proof 
76475      DEBUG main            d.u.i.k.p.i.AbstractProblemLoader Environment load took 525.8ns 
76476      INFO  main            d.u.i.k.p.i.AbstractProblemLoader Creating init config 
79155      DEBUG main            d.u.i.k.p.i.AbstractProblemLoader Init config took 2.68s 
79211      INFO  main            d.u.i.k.p.i.AbstractProblemLoader Replaying proof SparseArray[SparseArray::SparseArray(int)].JML normal_behavior operation contract.0 
79529      DEBUG main            d.u.i.k.p.i.IntermediateProofReplayer Proof replay took 306.36ms 
79530      DEBUG main            d.u.i.k.p.r.p.TestFile    ... success: reloaded. 
2117996    INFO  Test worker     d.u.i.k.p.r.RunAllProofsTestUnit Returning from test VACID0 
2117997    INFO  Test worker     d.u.i.k.p.r.RunAllProofsTestUnit Running test VSTTE10 
371        INFO  Timeout watchdog d.u.i.k.p.r.p.ForkedTestFileRunner Timeout watcher launched (2000 secs.) 
402        WARN  main            d.u.i.k.s.ProofSettings   The settings in /home/runner/.key/proof-settings.props are *not* read. 
442        INFO  main            d.u.i.k.p.r.p.TestFile    Now processing file /home/runner/work/key/key/key.core/../key.ui/examples/heap/vstte10_01_SumAndMax/SumAndMax_sumAndMax.key 
591        INFO  main            d.u.i.k.p.i.AbstractProblemLoader Loading environment from /home/runner/work/key/key/key.core/../key.ui/examples/heap/vstte10_01_SumAndMax/SumAndMax_sumAndMax.key 
608        DEBUG main            d.u.i.k.p.i.AbstractProblemLoader Environment load took 2.09ms 
898        INFO  main            d.u.i.k.p.i.AbstractProblemLoader Creating init config 
2045       DEBUG main            d.u.i.k.j.TypeConverter   No LDT found for Meta 
2046       DEBUG main            d.u.i.k.j.TypeConverter   No LDT found for Meta 
2050       DEBUG main            d.u.i.k.j.TypeConverter   No LDT found for Meta 
2050       DEBUG main            d.u.i.k.j.TypeConverter   No LDT found for Meta 
3438       DEBUG main            d.u.i.k.j.TypeConverter   No LDT found for JavaBigintExpression 
8717       DEBUG main            d.u.i.k.p.i.AbstractProblemLoader Init config took 7.82s 
8904       INFO  main            d.u.i.k.p.i.AbstractProblemLoader Replaying proof SumAndMax[SumAndMax::sumAndMax([I)].JML normal_behavior operation contract.0 
8949       DEBUG main            d.u.i.k.p.i.IntermediateProofReplayer Proof replay took 30.1ns 
14242      INFO  main            d.u.i.k.p.r.p.TestFile    ... finished proof: closed. 
14441      INFO  main            d.u.i.k.p.i.AbstractProblemLoader Loading environment from /home/runner/work/key/key/key.core/../key.ui/examples/heap/vstte10_01_SumAndMax/SumAndMax_sumAndMax.key.proof 
14441      DEBUG main            d.u.i.k.p.i.AbstractProblemLoader Environment load took 270.6ns 
14444      INFO  main            d.u.i.k.p.i.AbstractProblemLoader Creating init config 
17253      DEBUG main            d.u.i.k.p.i.AbstractProblemLoader Init config took 2.81s 
17331      INFO  main            d.u.i.k.p.i.AbstractProblemLoader Replaying proof SumAndMax[SumAndMax::sumAndMax([I)].JML normal_behavior operation contract.0 
17878      DEBUG main            d.u.i.k.p.i.IntermediateProofReplayer Proof replay took 523.37ms 
17887      DEBUG main            d.u.i.k.p.r.p.TestFile    ... success: reloaded. 
17889      INFO  main            d.u.i.k.p.r.p.TestFile    Now processing file /home/runner/work/key/key/key.core/../key.ui/examples/heap/vstte10_03_LinkedList/Node_cons.key 
17889      INFO  main            d.u.i.k.p.i.AbstractProblemLoader Loading environment from /home/runner/work/key/key/key.core/../key.ui/examples/heap/vstte10_03_LinkedList/Node_cons.key 
17890      DEBUG main            d.u.i.k.p.i.AbstractProblemLoader Environment load took 206.9ns 
17891      INFO  main            d.u.i.k.p.i.AbstractProblemLoader Creating init config 
20704      DEBUG main            d.u.i.k.p.i.AbstractProblemLoader Init config took 2.81s 
20766      INFO  main            d.u.i.k.p.i.AbstractProblemLoader Replaying proof Node[Node::cons(int,Node)].JML normal_behavior operation contract.0 
20768      DEBUG main            d.u.i.k.p.i.IntermediateProofReplayer Proof replay took 6.1ns 
22400      INFO  main            d.u.i.k.p.r.p.TestFile    ... finished proof: closed. 
22553      INFO  main            d.u.i.k.p.i.AbstractProblemLoader Loading environment from /home/runner/work/key/key/key.core/../key.ui/examples/heap/vstte10_03_LinkedList/Node_cons.key.proof 
22554      DEBUG main            d.u.i.k.p.i.AbstractProblemLoader Environment load took 505.9ns 
22555      INFO  main            d.u.i.k.p.i.AbstractProblemLoader Creating init config 
25142      DEBUG main            d.u.i.k.p.i.AbstractProblemLoader Init config took 2.59s 
25226      INFO  main            d.u.i.k.p.i.AbstractProblemLoader Replaying proof Node[Node::cons(int,Node)].JML normal_behavior operation contract.0 
25480      DEBUG main            d.u.i.k.p.i.IntermediateProofReplayer Proof replay took 240.42ms 
25482      DEBUG main            d.u.i.k.p.r.p.TestFile    ... success: reloaded. 
25483      INFO  main            d.u.i.k.p.r.p.TestFile    Now processing file /home/runner/work/key/key/key.core/../key.ui/examples/heap/vstte10_03_LinkedList/Node_inv.key 
25484      INFO  main            d.u.i.k.p.i.AbstractProblemLoader Loading environment from /home/runner/work/key/key/key.core/../key.ui/examples/heap/vstte10_03_LinkedList/Node_inv.key 
25484      DEBUG main            d.u.i.k.p.i.AbstractProblemLoader Environment load took 254.9ns 
25485      INFO  main            d.u.i.k.p.i.AbstractProblemLoader Creating init config 
28126      DEBUG main            d.u.i.k.p.i.AbstractProblemLoader Init config took 2.64s 
28183      INFO  main            d.u.i.k.p.i.AbstractProblemLoader Replaying proof Node[java.lang.Object::<inv>()].JML accessible clause.0 
28185      DEBUG main            d.u.i.k.p.i.IntermediateProofReplayer Proof replay took 4.9ns 
28488      INFO  main            d.u.i.k.p.r.p.TestFile    ... finished proof: closed. 
28662      INFO  main            d.u.i.k.p.i.AbstractProblemLoader Loading environment from /home/runner/work/key/key/key.core/../key.ui/examples/heap/vstte10_03_LinkedList/Node_inv.key.proof 
28662      DEBUG main            d.u.i.k.p.i.AbstractProblemLoader Environment load took 130.8ns 
28663      INFO  main            d.u.i.k.p.i.AbstractProblemLoader Creating init config 
31144      DEBUG main            d.u.i.k.p.i.AbstractProblemLoader Init config took 2.48s 
31197      INFO  main            d.u.i.k.p.i.AbstractProblemLoader Replaying proof Node[java.lang.Object::<inv>()].JML accessible clause.0 
31230      DEBUG main            d.u.i.k.p.i.IntermediateProofReplayer Proof replay took 27.93ms 
31231      DEBUG main            d.u.i.k.p.r.p.TestFile    ... success: reloaded. 
31233      INFO  main            d.u.i.k.p.r.p.TestFile    Now processing file /home/runner/work/key/key/key.core/../key.ui/examples/heap/vstte10_03_LinkedList/Node_search.key 
31233      INFO  main            d.u.i.k.p.i.AbstractProblemLoader Loading environment from /home/runner/work/key/key/key.core/../key.ui/examples/heap/vstte10_03_LinkedList/Node_search.key 
31233      DEBUG main            d.u.i.k.p.i.AbstractProblemLoader Environment load took 246.2ns 
31235      INFO  main            d.u.i.k.p.i.AbstractProblemLoader Creating init config 
33835      DEBUG main            d.u.i.k.p.i.AbstractProblemLoader Init config took 2.6s 
33885      INFO  main            d.u.i.k.p.i.AbstractProblemLoader Replaying proof Node[Node::search()].JML normal_behavior operation contract.0 
33886      DEBUG main            d.u.i.k.p.i.IntermediateProofReplayer Proof replay took 5.7ns 
40109      INFO  main            d.u.i.k.p.r.p.TestFile    ... finished proof: closed. 
40336      INFO  main            d.u.i.k.p.i.AbstractProblemLoader Loading environment from /home/runner/work/key/key/key.core/../key.ui/examples/heap/vstte10_03_LinkedList/Node_search.key.proof 
40336      DEBUG main            d.u.i.k.p.i.AbstractProblemLoader Environment load took 222.6ns 
40338      INFO  main            d.u.i.k.p.i.AbstractProblemLoader Creating init config 
42875      DEBUG main            d.u.i.k.p.i.AbstractProblemLoader Init config took 2.54s 
42937      INFO  main            d.u.i.k.p.i.AbstractProblemLoader Replaying proof Node[Node::search()].JML normal_behavior operation contract.0 
43518      DEBUG main            d.u.i.k.p.i.IntermediateProofReplayer Proof replay took 542.95ms 
43521      DEBUG main            d.u.i.k.p.r.p.TestFile    ... success: reloaded. 
43523      INFO  main            d.u.i.k.p.r.p.TestFile    Now processing file /home/runner/work/key/key/key.core/../key.ui/examples/heap/vstte10_04_Queens/Queens_isConsistent.key 
43523      INFO  main            d.u.i.k.p.i.AbstractProblemLoader Loading environment from /home/runner/work/key/key/key.core/../key.ui/examples/heap/vstte10_04_Queens/Queens_isConsistent.key 
43523      DEBUG main            d.u.i.k.p.i.AbstractProblemLoader Environment load took 186.3ns 
43524      INFO  main            d.u.i.k.p.i.AbstractProblemLoader Creating init config 
46323      DEBUG main            d.u.i.k.p.i.AbstractProblemLoader Init config took 2.8s 
46365      INFO  main            d.u.i.k.p.i.AbstractProblemLoader Replaying proof Queens[Queens::isConsistent([I,int)].JML normal_behavior operation contract.0 
46367      DEBUG main            d.u.i.k.p.i.IntermediateProofReplayer Proof replay took 5.3ns 
48219      INFO  main            d.u.i.k.p.r.p.TestFile    ... finished proof: closed. 
48474      INFO  main            d.u.i.k.p.i.AbstractProblemLoader Loading environment from /home/runner/work/key/key/key.core/../key.ui/examples/heap/vstte10_04_Queens/Queens_isConsistent.key.proof 
48475      DEBUG main            d.u.i.k.p.i.AbstractProblemLoader Environment load took 477.5ns 
48476      INFO  main            d.u.i.k.p.i.AbstractProblemLoader Creating init config 
51038      DEBUG main            d.u.i.k.p.i.AbstractProblemLoader Init config took 2.56s 
51095      INFO  main            d.u.i.k.p.i.AbstractProblemLoader Replaying proof Queens[Queens::isConsistent([I,int)].JML normal_behavior operation contract.0 
51409      DEBUG main            d.u.i.k.p.i.IntermediateProofReplayer Proof replay took 304.45ms 
51411      DEBUG main            d.u.i.k.p.r.p.TestFile    ... success: reloaded. 
51412      INFO  main            d.u.i.k.p.r.p.TestFile    Now processing file /home/runner/work/key/key/key.core/../key.ui/examples/heap/vstte10_04_Queens/Queens_nQueens.key 
51413      INFO  main            d.u.i.k.p.i.AbstractProblemLoader Loading environment from /home/runner/work/key/key/key.core/../key.ui/examples/heap/vstte10_04_Queens/Queens_nQueens.key 
51413      DEBUG main            d.u.i.k.p.i.AbstractProblemLoader Environment load took 659.6ns 
51414      INFO  main            d.u.i.k.p.i.AbstractProblemLoader Creating init config 
54040      DEBUG main            d.u.i.k.p.i.AbstractProblemLoader Init config took 2.62s 
54098      INFO  main            d.u.i.k.p.i.AbstractProblemLoader Replaying proof Queens[Queens::nQueens(int)].JML normal_behavior operation contract.0 
54100      DEBUG main            d.u.i.k.p.i.IntermediateProofReplayer Proof replay took 6.6ns 
67262      INFO  main            d.u.i.k.p.r.p.TestFile    ... finished proof: closed. 
67531      INFO  main            d.u.i.k.p.i.AbstractProblemLoader Loading environment from /home/runner/work/key/key/key.core/../key.ui/examples/heap/vstte10_04_Queens/Queens_nQueens.key.proof 
67531      DEBUG main            d.u.i.k.p.i.AbstractProblemLoader Environment load took 134ns 
67533      INFO  main            d.u.i.k.p.i.AbstractProblemLoader Creating init config 
70008      DEBUG main            d.u.i.k.p.i.AbstractProblemLoader Init config took 2.48s 
70053      INFO  main            d.u.i.k.p.i.AbstractProblemLoader Replaying proof Queens[Queens::nQueens(int)].JML normal_behavior operation contract.0 
70484      DEBUG main            d.u.i.k.p.i.IntermediateProofReplayer Proof replay took 413.99ms 
70486      DEBUG main            d.u.i.k.p.r.p.TestFile    ... success: reloaded. 
70487      INFO  main            d.u.i.k.p.r.p.TestFile    Now processing file /home/runner/work/key/key/key.core/../key.ui/examples/heap/vstte10_05_Queue/AmortizedQueue_AmortizedQueue.key 
70488      INFO  main            d.u.i.k.p.i.AbstractProblemLoader Loading environment from /home/runner/work/key/key/key.core/../key.ui/examples/heap/vstte10_05_Queue/AmortizedQueue_AmortizedQueue.key 
70488      DEBUG main            d.u.i.k.p.i.AbstractProblemLoader Environment load took 282.9ns 
70489      INFO  main            d.u.i.k.p.i.AbstractProblemLoader Creating init config 
73182      DEBUG main            d.u.i.k.p.i.AbstractProblemLoader Init config took 2.69s 
73230      INFO  main            d.u.i.k.p.i.AbstractProblemLoader Replaying proof AmortizedQueue[AmortizedQueue::AmortizedQueue()].JML normal_behavior operation contract.0 
73232      DEBUG main            d.u.i.k.p.i.IntermediateProofReplayer Proof replay took 5.1ns 
74668      INFO  main            d.u.i.k.p.r.p.TestFile    ... finished proof: closed. 
74914      INFO  main            d.u.i.k.p.i.AbstractProblemLoader Loading environment from /home/runner/work/key/key/key.core/../key.ui/examples/heap/vstte10_05_Queue/AmortizedQueue_AmortizedQueue.key.proof 
74914      DEBUG main            d.u.i.k.p.i.AbstractProblemLoader Environment load took 444.3ns 
74916      INFO  main            d.u.i.k.p.i.AbstractProblemLoader Creating init config 
77437      DEBUG main            d.u.i.k.p.i.AbstractProblemLoader Init config took 2.52s 
77481      INFO  main            d.u.i.k.p.i.AbstractProblemLoader Replaying proof AmortizedQueue[AmortizedQueue::AmortizedQueue()].JML normal_behavior operation contract.0 
77658      DEBUG main            d.u.i.k.p.i.IntermediateProofReplayer Proof replay took 171.86ms 
77659      DEBUG main            d.u.i.k.p.r.p.TestFile    ... success: reloaded. 
77661      INFO  main            d.u.i.k.p.r.p.TestFile    Now processing file /home/runner/work/key/key/key.core/../key.ui/examples/heap/vstte10_05_Queue/AmortizedQueue_front.key 
77661      INFO  main            d.u.i.k.p.i.AbstractProblemLoader Loading environment from /home/runner/work/key/key/key.core/../key.ui/examples/heap/vstte10_05_Queue/AmortizedQueue_front.key 
77662      DEBUG main            d.u.i.k.p.i.AbstractProblemLoader Environment load took 284.8ns 
77663      INFO  main            d.u.i.k.p.i.AbstractProblemLoader Creating init config 
80260      DEBUG main            d.u.i.k.p.i.AbstractProblemLoader Init config took 2.6s 
80307      INFO  main            d.u.i.k.p.i.AbstractProblemLoader Replaying proof AmortizedQueue[AmortizedQueue::front()].JML normal_behavior operation contract.0 
80309      DEBUG main            d.u.i.k.p.i.IntermediateProofReplayer Proof replay took 6.3ns 
80814      INFO  main            d.u.i.k.p.r.p.TestFile    ... finished proof: closed. 
81018      INFO  main            d.u.i.k.p.i.AbstractProblemLoader Loading environment from /home/runner/work/key/key/key.core/../key.ui/examples/heap/vstte10_05_Queue/AmortizedQueue_front.key.proof 
81018      DEBUG main            d.u.i.k.p.i.AbstractProblemLoader Environment load took 123.5ns 
81019      INFO  main            d.u.i.k.p.i.AbstractProblemLoader Creating init config 
83631      DEBUG main            d.u.i.k.p.i.AbstractProblemLoader Init config took 2.61s 
83675      INFO  main            d.u.i.k.p.i.AbstractProblemLoader Replaying proof AmortizedQueue[AmortizedQueue::front()].JML normal_behavior operation contract.0 
83717      DEBUG main            d.u.i.k.p.i.IntermediateProofReplayer Proof replay took 37.78ms 
83718      DEBUG main            d.u.i.k.p.r.p.TestFile    ... success: reloaded. 
83719      INFO  main            d.u.i.k.p.r.p.TestFile    Now processing file /home/runner/work/key/key/key.core/../key.ui/examples/heap/vstte10_05_Queue/LinkedList_concat.key 
83719      INFO  main            d.u.i.k.p.i.AbstractProblemLoader Loading environment from /home/runner/work/key/key/key.core/../key.ui/examples/heap/vstte10_05_Queue/LinkedList_concat.key 
83720      DEBUG main            d.u.i.k.p.i.AbstractProblemLoader Environment load took 224.3ns 
83721      INFO  main            d.u.i.k.p.i.AbstractProblemLoader Creating init config 
86252      DEBUG main            d.u.i.k.p.i.AbstractProblemLoader Init config took 2.53s 
86300      INFO  main            d.u.i.k.p.i.AbstractProblemLoader Replaying proof LinkedList[LinkedList::concat(LinkedList)].JML normal_behavior operation contract.0 
86302      DEBUG main            d.u.i.k.p.i.IntermediateProofReplayer Proof replay took 5ns 
94395      INFO  main            d.u.i.k.p.r.p.TestFile    ... finished proof: closed. 
94693      INFO  main            d.u.i.k.p.i.AbstractProblemLoader Loading environment from /home/runner/work/key/key/key.core/../key.ui/examples/heap/vstte10_05_Queue/LinkedList_concat.key.proof 
94694      DEBUG main            d.u.i.k.p.i.AbstractProblemLoader Environment load took 446.1ns 
94696      INFO  main            d.u.i.k.p.i.AbstractProblemLoader Creating init config 
97215      DEBUG main            d.u.i.k.p.i.AbstractProblemLoader Init config took 2.52s 
97261      INFO  main            d.u.i.k.p.i.AbstractProblemLoader Replaying proof LinkedList[LinkedList::concat(LinkedList)].JML normal_behavior operation contract.0 
97756      DEBUG main            d.u.i.k.p.i.IntermediateProofReplayer Proof replay took 462.34ms 
97758      DEBUG main            d.u.i.k.p.r.p.TestFile    ... success: reloaded. 
97759      INFO  main            d.u.i.k.p.r.p.TestFile    Now processing file /home/runner/work/key/key/key.core/../key.ui/examples/heap/vstte10_05_Queue/LinkedList_cons.key 
97759      INFO  main            d.u.i.k.p.i.AbstractProblemLoader Loading environment from /home/runner/work/key/key/key.core/../key.ui/examples/heap/vstte10_05_Queue/LinkedList_cons.key 
97760      DEBUG main            d.u.i.k.p.i.AbstractProblemLoader Environment load took 247.3ns 
97761      INFO  main            d.u.i.k.p.i.AbstractProblemLoader Creating init config 
100294     DEBUG main            d.u.i.k.p.i.AbstractProblemLoader Init config took 2.53s 
100340     INFO  main            d.u.i.k.p.i.AbstractProblemLoader Replaying proof LinkedList[LinkedList::cons(int)].JML normal_behavior operation contract.0 
100341     DEBUG main            d.u.i.k.p.i.IntermediateProofReplayer Proof replay took 6ns 
102652     INFO  main            d.u.i.k.p.r.p.TestFile    ... finished proof: closed. 
102913     INFO  main            d.u.i.k.p.i.AbstractProblemLoader Loading environment from /home/runner/work/key/key/key.core/../key.ui/examples/heap/vstte10_05_Queue/LinkedList_cons.key.proof 
102913     DEBUG main            d.u.i.k.p.i.AbstractProblemLoader Environment load took 200ns 
102915     INFO  main            d.u.i.k.p.i.AbstractProblemLoader Creating init config 
105381     DEBUG main            d.u.i.k.p.i.AbstractProblemLoader Init config took 2.47s 
105423     INFO  main            d.u.i.k.p.i.AbstractProblemLoader Replaying proof LinkedList[LinkedList::cons(int)].JML normal_behavior operation contract.0 
105616     DEBUG main            d.u.i.k.p.i.IntermediateProofReplayer Proof replay took 183.04ms 
105617     DEBUG main            d.u.i.k.p.r.p.TestFile    ... success: reloaded. 
105618     INFO  main            d.u.i.k.p.r.p.TestFile    Now processing file /home/runner/work/key/key/key.core/../key.ui/examples/heap/vstte10_05_Queue/LinkedList_head.key 
105618     INFO  main            d.u.i.k.p.i.AbstractProblemLoader Loading environment from /home/runner/work/key/key/key.core/../key.ui/examples/heap/vstte10_05_Queue/LinkedList_head.key 
105618     DEBUG main            d.u.i.k.p.i.AbstractProblemLoader Environment load took 109.9ns 
105619     INFO  main            d.u.i.k.p.i.AbstractProblemLoader Creating init config 
108251     DEBUG main            d.u.i.k.p.i.AbstractProblemLoader Init config took 2.63s 
108296     INFO  main            d.u.i.k.p.i.AbstractProblemLoader Replaying proof LinkedList[LinkedList::head()].JML normal_behavior operation contract.0 
108297     DEBUG main            d.u.i.k.p.i.IntermediateProofReplayer Proof replay took 6.8ns 
108399     INFO  main            d.u.i.k.p.r.p.TestFile    ... finished proof: closed. 
108659     INFO  main            d.u.i.k.p.i.AbstractProblemLoader Loading environment from /home/runner/work/key/key/key.core/../key.ui/examples/heap/vstte10_05_Queue/LinkedList_head.key.proof 
108659     DEBUG main            d.u.i.k.p.i.AbstractProblemLoader Environment load took 125.9ns 
108661     INFO  main            d.u.i.k.p.i.AbstractProblemLoader Creating init config 
111128     DEBUG main            d.u.i.k.p.i.AbstractProblemLoader Init config took 2.47s 
111172     INFO  main            d.u.i.k.p.i.AbstractProblemLoader Replaying proof LinkedList[LinkedList::head()].JML normal_behavior operation contract.0 
111186     DEBUG main            d.u.i.k.p.i.IntermediateProofReplayer Proof replay took 10.44ms 
111189     DEBUG main            d.u.i.k.p.r.p.TestFile    ... success: reloaded. 
111191     INFO  main            d.u.i.k.p.r.p.TestFile    Now processing file /home/runner/work/key/key/key.core/../key.ui/examples/heap/vstte10_05_Queue/LinkedList_inv.key 
111191     INFO  main            d.u.i.k.p.i.AbstractProblemLoader Loading environment from /home/runner/work/key/key/key.core/../key.ui/examples/heap/vstte10_05_Queue/LinkedList_inv.key 
111192     DEBUG main            d.u.i.k.p.i.AbstractProblemLoader Environment load took 209ns 
111193     INFO  main            d.u.i.k.p.i.AbstractProblemLoader Creating init config 
113776     DEBUG main            d.u.i.k.p.i.AbstractProblemLoader Init config took 2.58s 
113816     INFO  main            d.u.i.k.p.i.AbstractProblemLoader Replaying proof LinkedList[java.lang.Object::<inv>()].JML accessible clause.0 
113818     DEBUG main            d.u.i.k.p.i.IntermediateProofReplayer Proof replay took 5.3ns 
114121     INFO  main            d.u.i.k.p.r.p.TestFile    ... finished proof: closed. 
114344     INFO  main            d.u.i.k.p.i.AbstractProblemLoader Loading environment from /home/runner/work/key/key/key.core/../key.ui/examples/heap/vstte10_05_Queue/LinkedList_inv.key.proof 
114345     DEBUG main            d.u.i.k.p.i.AbstractProblemLoader Environment load took 476.8ns 
114346     INFO  main            d.u.i.k.p.i.AbstractProblemLoader Creating init config 
116853     DEBUG main            d.u.i.k.p.i.AbstractProblemLoader Init config took 2.51s 
116894     INFO  main            d.u.i.k.p.i.AbstractProblemLoader Replaying proof LinkedList[java.lang.Object::<inv>()].JML accessible clause.0 
116918     DEBUG main            d.u.i.k.p.i.IntermediateProofReplayer Proof replay took 20.59ms 
116918     DEBUG main            d.u.i.k.p.r.p.TestFile    ... success: reloaded. 
116919     INFO  main            d.u.i.k.p.r.p.TestFile    Now processing file /home/runner/work/key/key/key.core/../key.ui/examples/heap/vstte10_05_Queue/LinkedList_length.key 
116920     INFO  main            d.u.i.k.p.i.AbstractProblemLoader Loading environment from /home/runner/work/key/key/key.core/../key.ui/examples/heap/vstte10_05_Queue/LinkedList_length.key 
116920     DEBUG main            d.u.i.k.p.i.AbstractProblemLoader Environment load took 124.8ns 
116921     INFO  main            d.u.i.k.p.i.AbstractProblemLoader Creating init config 
119506     DEBUG main            d.u.i.k.p.i.AbstractProblemLoader Init config took 2.58s 
119556     INFO  main            d.u.i.k.p.i.AbstractProblemLoader Replaying proof LinkedList[LinkedList::length()].JML normal_behavior operation contract.0 
119558     DEBUG main            d.u.i.k.p.i.IntermediateProofReplayer Proof replay took 7.1ns 
119661     INFO  main            d.u.i.k.p.r.p.TestFile    ... finished proof: closed. 
119924     INFO  main            d.u.i.k.p.i.AbstractProblemLoader Loading environment from /home/runner/work/key/key/key.core/../key.ui/examples/heap/vstte10_05_Queue/LinkedList_length.key.proof 
119924     DEBUG main            d.u.i.k.p.i.AbstractProblemLoader Environment load took 113.7ns 
119925     INFO  main            d.u.i.k.p.i.AbstractProblemLoader Creating init config 
122527     DEBUG main            d.u.i.k.p.i.AbstractProblemLoader Init config took 2.6s 
122569     INFO  main            d.u.i.k.p.i.AbstractProblemLoader Replaying proof LinkedList[LinkedList::length()].JML normal_behavior operation contract.0 
122581     DEBUG main            d.u.i.k.p.i.IntermediateProofReplayer Proof replay took 9.93ms 
122582     DEBUG main            d.u.i.k.p.r.p.TestFile    ... success: reloaded. 
122583     INFO  main            d.u.i.k.p.r.p.TestFile    Now processing file /home/runner/work/key/key/key.core/../key.ui/examples/heap/vstte10_05_Queue/LinkedList_LinkedList1.key 
122584     INFO  main            d.u.i.k.p.i.AbstractProblemLoader Loading environment from /home/runner/work/key/key/key.core/../key.ui/examples/heap/vstte10_05_Queue/LinkedList_LinkedList1.key 
122584     DEBUG main            d.u.i.k.p.i.AbstractProblemLoader Environment load took 267.5ns 
122585     INFO  main            d.u.i.k.p.i.AbstractProblemLoader Creating init config 
125130     DEBUG main            d.u.i.k.p.i.AbstractProblemLoader Init config took 2.55s 
125171     INFO  main            d.u.i.k.p.i.AbstractProblemLoader Replaying proof LinkedList[LinkedList::LinkedList(int,LinkedList)].JML normal_behavior operation contract.0 
125173     DEBUG main            d.u.i.k.p.i.IntermediateProofReplayer Proof replay took 6.3ns 
127179     INFO  main            d.u.i.k.p.r.p.TestFile    ... finished proof: closed. 
127442     INFO  main            d.u.i.k.p.i.AbstractProblemLoader Loading environment from /home/runner/work/key/key/key.core/../key.ui/examples/heap/vstte10_05_Queue/LinkedList_LinkedList1.key.proof 
127442     DEBUG main            d.u.i.k.p.i.AbstractProblemLoader Environment load took 464.7ns 
127444     INFO  main            d.u.i.k.p.i.AbstractProblemLoader Creating init config 
129892     DEBUG main            d.u.i.k.p.i.AbstractProblemLoader Init config took 2.45s 
129936     INFO  main            d.u.i.k.p.i.AbstractProblemLoader Replaying proof LinkedList[LinkedList::LinkedList(int,LinkedList)].JML normal_behavior operation contract.0 
130139     DEBUG main            d.u.i.k.p.i.IntermediateProofReplayer Proof replay took 194.89ms 
130141     DEBUG main            d.u.i.k.p.r.p.TestFile    ... success: reloaded. 
130143     INFO  main            d.u.i.k.p.r.p.TestFile    Now processing file /home/runner/work/key/key/key.core/../key.ui/examples/heap/vstte10_05_Queue/LinkedList_LinkedList2.key 
130143     INFO  main            d.u.i.k.p.i.AbstractProblemLoader Loading environment from /home/runner/work/key/key/key.core/../key.ui/examples/heap/vstte10_05_Queue/LinkedList_LinkedList2.key 
130144     DEBUG main            d.u.i.k.p.i.AbstractProblemLoader Environment load took 266.2ns 
130145     INFO  main            d.u.i.k.p.i.AbstractProblemLoader Creating init config 
132773     DEBUG main            d.u.i.k.p.i.AbstractProblemLoader Init config took 2.63s 
132816     INFO  main            d.u.i.k.p.i.AbstractProblemLoader Replaying proof LinkedList[LinkedList::LinkedList(int,LinkedList)].JML normal_behavior operation contract.0 
132818     DEBUG main            d.u.i.k.p.i.IntermediateProofReplayer Proof replay took 23.7ns 
134724     INFO  main            d.u.i.k.p.r.p.TestFile    ... finished proof: closed. 
135014     INFO  main            d.u.i.k.p.i.AbstractProblemLoader Loading environment from /home/runner/work/key/key/key.core/../key.ui/examples/heap/vstte10_05_Queue/LinkedList_LinkedList2.key.proof 
135014     DEBUG main            d.u.i.k.p.i.AbstractProblemLoader Environment load took 168.2ns 
135016     INFO  main            d.u.i.k.p.i.AbstractProblemLoader Creating init config 
137527     DEBUG main            d.u.i.k.p.i.AbstractProblemLoader Init config took 2.51s 
137571     INFO  main            d.u.i.k.p.i.AbstractProblemLoader Replaying proof LinkedList[LinkedList::LinkedList(int,LinkedList)].JML normal_behavior operation contract.0 
137748     DEBUG main            d.u.i.k.p.i.IntermediateProofReplayer Proof replay took 171.42ms 
137751     DEBUG main            d.u.i.k.p.r.p.TestFile    ... success: reloaded. 
137753     INFO  main            d.u.i.k.p.r.p.TestFile    Now processing file /home/runner/work/key/key/key.core/../key.ui/examples/heap/vstte10_05_Queue/LinkedList_LinkedList3.key 
137753     INFO  main            d.u.i.k.p.i.AbstractProblemLoader Loading environment from /home/runner/work/key/key/key.core/../key.ui/examples/heap/vstte10_05_Queue/LinkedList_LinkedList3.key 
137753     DEBUG main            d.u.i.k.p.i.AbstractProblemLoader Environment load took 134.2ns 
137754     INFO  main            d.u.i.k.p.i.AbstractProblemLoader Creating init config 
140224     DEBUG main            d.u.i.k.p.i.AbstractProblemLoader Init config took 2.47s 
140267     INFO  main            d.u.i.k.p.i.AbstractProblemLoader Replaying proof LinkedList[LinkedList::LinkedList(int,LinkedList)].JML normal_behavior operation contract.0 
140269     DEBUG main            d.u.i.k.p.i.IntermediateProofReplayer Proof replay took 21.8ns 
154030     INFO  main            d.u.i.k.p.r.p.TestFile    ... finished proof: closed. 
154412     INFO  main            d.u.i.k.p.i.AbstractProblemLoader Loading environment from /home/runner/work/key/key/key.core/../key.ui/examples/heap/vstte10_05_Queue/LinkedList_LinkedList3.key.proof 
154412     DEBUG main            d.u.i.k.p.i.AbstractProblemLoader Environment load took 245.5ns 
154418     INFO  main            d.u.i.k.p.i.AbstractProblemLoader Creating init config 
156879     DEBUG main            d.u.i.k.p.i.AbstractProblemLoader Init config took 2.46s 
156925     INFO  main            d.u.i.k.p.i.AbstractProblemLoader Replaying proof LinkedList[LinkedList::LinkedList(int,LinkedList)].JML normal_behavior operation contract.0 
158121     DEBUG main            d.u.i.k.p.i.IntermediateProofReplayer Proof replay took 1.12s 
158126     DEBUG main            d.u.i.k.p.r.p.TestFile    ... success: reloaded. 
158127     INFO  main            d.u.i.k.p.r.p.TestFile    Now processing file /home/runner/work/key/key/key.core/../key.ui/examples/heap/vstte10_05_Queue/LinkedList_reverse.key 
158127     INFO  main            d.u.i.k.p.i.AbstractProblemLoader Loading environment from /home/runner/work/key/key/key.core/../key.ui/examples/heap/vstte10_05_Queue/LinkedList_reverse.key 
158127     DEBUG main            d.u.i.k.p.i.AbstractProblemLoader Environment load took 140.9ns 
158128     INFO  main            d.u.i.k.p.i.AbstractProblemLoader Creating init config 
160768     DEBUG main            d.u.i.k.p.i.AbstractProblemLoader Init config took 2.64s 
160809     INFO  main            d.u.i.k.p.i.AbstractProblemLoader Replaying proof LinkedList[LinkedList::reverse()].JML normal_behavior operation contract.0 
160811     DEBUG main            d.u.i.k.p.i.IntermediateProofReplayer Proof replay took 6.3ns 
169720     INFO  main            d.u.i.k.p.r.p.TestFile    ... finished proof: closed. 
170036     INFO  main            d.u.i.k.p.i.AbstractProblemLoader Loading environment from /home/runner/work/key/key/key.core/../key.ui/examples/heap/vstte10_05_Queue/LinkedList_reverse.key.proof 
170040     DEBUG main            d.u.i.k.p.i.AbstractProblemLoader Environment load took 5.79ms 
170044     INFO  main            d.u.i.k.p.i.AbstractProblemLoader Creating init config 
172508     DEBUG main            d.u.i.k.p.i.AbstractProblemLoader Init config took 2.46s 
172565     INFO  main            d.u.i.k.p.i.AbstractProblemLoader Replaying proof LinkedList[LinkedList::reverse()].JML normal_behavior operation contract.0 
173115     DEBUG main            d.u.i.k.p.i.IntermediateProofReplayer Proof replay took 506.6ms 
173118     DEBUG main            d.u.i.k.p.r.p.TestFile    ... success: reloaded. 
173119     INFO  main            d.u.i.k.p.r.p.TestFile    Now processing file /home/runner/work/key/key/key.core/../key.ui/examples/heap/vstte10_05_Queue/LinkedList_tail.key 
173119     INFO  main            d.u.i.k.p.i.AbstractProblemLoader Loading environment from /home/runner/work/key/key/key.core/../key.ui/examples/heap/vstte10_05_Queue/LinkedList_tail.key 
173119     DEBUG main            d.u.i.k.p.i.AbstractProblemLoader Environment load took 108.5ns 
173120     INFO  main            d.u.i.k.p.i.AbstractProblemLoader Creating init config 
175638     DEBUG main            d.u.i.k.p.i.AbstractProblemLoader Init config took 2.52s 
175678     INFO  main            d.u.i.k.p.i.AbstractProblemLoader Replaying proof LinkedList[LinkedList::tail()].JML normal_behavior operation contract.0 
175680     DEBUG main            d.u.i.k.p.i.IntermediateProofReplayer Proof replay took 42.5ns 
176184     INFO  main            d.u.i.k.p.r.p.TestFile    ... finished proof: closed. 
176449     INFO  main            d.u.i.k.p.i.AbstractProblemLoader Loading environment from /home/runner/work/key/key/key.core/../key.ui/examples/heap/vstte10_05_Queue/LinkedList_tail.key.proof 
176449     DEBUG main            d.u.i.k.p.i.AbstractProblemLoader Environment load took 103.1ns 
176450     INFO  main            d.u.i.k.p.i.AbstractProblemLoader Creating init config 
178904     DEBUG main            d.u.i.k.p.i.AbstractProblemLoader Init config took 2.45s 
178953     INFO  main            d.u.i.k.p.i.AbstractProblemLoader Replaying proof LinkedList[LinkedList::tail()].JML normal_behavior operation contract.0 
179045     DEBUG main            d.u.i.k.p.i.IntermediateProofReplayer Proof replay took 88.39ms 
179047     DEBUG main            d.u.i.k.p.r.p.TestFile    ... success: reloaded. 
2297213    INFO  Test worker     d.u.i.k.p.r.RunAllProofsTestUnit Returning from test VSTTE10 
2297214    INFO  Test worker     d.u.i.k.p.r.RunAllProofsTestUnit Running test WeideEtAl 
333        INFO  Timeout watchdog d.u.i.k.p.r.p.ForkedTestFileRunner Timeout watcher launched (2000 secs.) 
344        WARN  main            d.u.i.k.s.ProofSettings   The settings in /home/runner/.key/proof-settings.props are *not* read. 
388        INFO  main            d.u.i.k.p.r.p.TestFile    Now processing file /home/runner/work/key/key/key.core/../key.ui/examples/heap/WeideEtAl_01_AddAndMultiply/AddAndMultiply_add.key 
494        INFO  main            d.u.i.k.p.i.AbstractProblemLoader Loading environment from /home/runner/work/key/key/key.core/../key.ui/examples/heap/WeideEtAl_01_AddAndMultiply/AddAndMultiply_add.key 
514        DEBUG main            d.u.i.k.p.i.AbstractProblemLoader Environment load took 2.11ms 
728        INFO  main            d.u.i.k.p.i.AbstractProblemLoader Creating init config 
1609       DEBUG main            d.u.i.k.j.TypeConverter   No LDT found for Meta 
1610       DEBUG main            d.u.i.k.j.TypeConverter   No LDT found for Meta 
1611       DEBUG main            d.u.i.k.j.TypeConverter   No LDT found for Meta 
1612       DEBUG main            d.u.i.k.j.TypeConverter   No LDT found for Meta 
3116       DEBUG main            d.u.i.k.j.TypeConverter   No LDT found for JavaBigintExpression 
7898       DEBUG main            d.u.i.k.p.i.AbstractProblemLoader Init config took 7.17s 
8041       INFO  main            d.u.i.k.p.i.AbstractProblemLoader Replaying proof AddAndMultiply[AddAndMultiply::add(int,int)].JML normal_behavior operation contract.0 
8078       DEBUG main            d.u.i.k.p.i.IntermediateProofReplayer Proof replay took 31.8ns 
9615       INFO  main            d.u.i.k.p.r.p.TestFile    ... finished proof: closed. 
9756       INFO  main            d.u.i.k.p.i.AbstractProblemLoader Loading environment from /home/runner/work/key/key/key.core/../key.ui/examples/heap/WeideEtAl_01_AddAndMultiply/AddAndMultiply_add.key.proof 
9762       DEBUG main            d.u.i.k.p.i.AbstractProblemLoader Environment load took 6.69ms 
9765       INFO  main            d.u.i.k.p.i.AbstractProblemLoader Creating init config 
12451      DEBUG main            d.u.i.k.p.i.AbstractProblemLoader Init config took 2.69s 
12510      INFO  main            d.u.i.k.p.i.AbstractProblemLoader Replaying proof AddAndMultiply[AddAndMultiply::add(int,int)].JML normal_behavior operation contract.0 
12712      DEBUG main            d.u.i.k.p.i.IntermediateProofReplayer Proof replay took 191.68ms 
12719      DEBUG main            d.u.i.k.p.r.p.TestFile    ... success: reloaded. 
12721      INFO  main            d.u.i.k.p.r.p.TestFile    Now processing file /home/runner/work/key/key/key.core/../key.ui/examples/heap/WeideEtAl_01_AddAndMultiply/AddAndMultiply_mul.key 
12721      INFO  main            d.u.i.k.p.i.AbstractProblemLoader Loading environment from /home/runner/work/key/key/key.core/../key.ui/examples/heap/WeideEtAl_01_AddAndMultiply/AddAndMultiply_mul.key 
12722      DEBUG main            d.u.i.k.p.i.AbstractProblemLoader Environment load took 349.6ns 
12723      INFO  main            d.u.i.k.p.i.AbstractProblemLoader Creating init config 
15427      DEBUG main            d.u.i.k.p.i.AbstractProblemLoader Init config took 2.7s 
15485      INFO  main            d.u.i.k.p.i.AbstractProblemLoader Replaying proof AddAndMultiply[AddAndMultiply::mul(int,int)].JML normal_behavior operation contract.0 
15488      DEBUG main            d.u.i.k.p.i.IntermediateProofReplayer Proof replay took 5.8ns 
15993      INFO  main            d.u.i.k.p.r.p.TestFile    ... finished proof: closed. 
16157      INFO  main            d.u.i.k.p.i.AbstractProblemLoader Loading environment from /home/runner/work/key/key/key.core/../key.ui/examples/heap/WeideEtAl_01_AddAndMultiply/AddAndMultiply_mul.key.proof 
16158      DEBUG main            d.u.i.k.p.i.AbstractProblemLoader Environment load took 1.02ms 
16161      INFO  main            d.u.i.k.p.i.AbstractProblemLoader Creating init config 
18664      DEBUG main            d.u.i.k.p.i.AbstractProblemLoader Init config took 2.5s 
18722      INFO  main            d.u.i.k.p.i.AbstractProblemLoader Replaying proof AddAndMultiply[AddAndMultiply::mul(int,int)].JML normal_behavior operation contract.0 
18843      DEBUG main            d.u.i.k.p.i.IntermediateProofReplayer Proof replay took 111.95ms 
18845      DEBUG main            d.u.i.k.p.r.p.TestFile    ... success: reloaded. 
18847      INFO  main            d.u.i.k.p.r.p.TestFile    Now processing file /home/runner/work/key/key/key.core/../key.ui/examples/heap/WeideEtAl_02_BinarySearch/BinarySearch_search.key 
18847      INFO  main            d.u.i.k.p.i.AbstractProblemLoader Loading environment from /home/runner/work/key/key/key.core/../key.ui/examples/heap/WeideEtAl_02_BinarySearch/BinarySearch_search.key 
18847      DEBUG main            d.u.i.k.p.i.AbstractProblemLoader Environment load took 130.4ns 
18850      INFO  main            d.u.i.k.p.i.AbstractProblemLoader Creating init config 
21440      DEBUG main            d.u.i.k.p.i.AbstractProblemLoader Init config took 2.59s 
21491      INFO  main            d.u.i.k.p.i.AbstractProblemLoader Replaying proof BinarySearch[BinarySearch::search([I,int)].JML normal_behavior operation contract.0 
21496      DEBUG main            d.u.i.k.p.i.IntermediateProofReplayer Proof replay took 6.9ns 
24945      INFO  main            d.u.i.k.p.r.p.TestFile    ... finished proof: closed. 
25145      INFO  main            d.u.i.k.p.i.AbstractProblemLoader Loading environment from /home/runner/work/key/key/key.core/../key.ui/examples/heap/WeideEtAl_02_BinarySearch/BinarySearch_search.key.proof 
25145      DEBUG main            d.u.i.k.p.i.AbstractProblemLoader Environment load took 235.1ns 
25147      INFO  main            d.u.i.k.p.i.AbstractProblemLoader Creating init config 
27600      DEBUG main            d.u.i.k.p.i.AbstractProblemLoader Init config took 2.45s 
27644      INFO  main            d.u.i.k.p.i.AbstractProblemLoader Replaying proof BinarySearch[BinarySearch::search([I,int)].JML normal_behavior operation contract.0 
28060      DEBUG main            d.u.i.k.p.i.IntermediateProofReplayer Proof replay took 396.51ms 
28062      DEBUG main            d.u.i.k.p.r.p.TestFile    ... success: reloaded. 
2325456    INFO  Test worker     d.u.i.k.p.r.RunAllProofsTestUnit Returning from test WeideEtAl 
2325458    INFO  Test worker     d.u.i.k.p.r.RunAllProofsTestUnit Running test arithmetic 
386        INFO  Timeout watchdog d.u.i.k.p.r.p.ForkedTestFileRunner Timeout watcher launched (2000 secs.) 
392        WARN  main            d.u.i.k.s.ProofSettings   The settings in /home/runner/.key/proof-settings.props are *not* read. 
448        INFO  main            d.u.i.k.p.r.p.TestFile    Now processing file /home/runner/work/key/key/key.core/../key.ui/examples/standard_key/arith/binomial1.key 
592        INFO  main            d.u.i.k.p.i.AbstractProblemLoader Loading environment from /home/runner/work/key/key/key.core/../key.ui/examples/standard_key/arith/binomial1.key 
609        DEBUG main            d.u.i.k.p.i.AbstractProblemLoader Environment load took 1.95ms 
865        INFO  main            d.u.i.k.p.i.AbstractProblemLoader Creating init config 
1809       DEBUG main            d.u.i.k.j.TypeConverter   No LDT found for Meta 
1810       DEBUG main            d.u.i.k.j.TypeConverter   No LDT found for Meta 
1811       DEBUG main            d.u.i.k.j.TypeConverter   No LDT found for Meta 
1811       DEBUG main            d.u.i.k.j.TypeConverter   No LDT found for Meta 
3208       DEBUG main            d.u.i.k.j.TypeConverter   No LDT found for JavaBigintExpression 
8025       DEBUG main            d.u.i.k.p.i.AbstractProblemLoader Init config took 7.16s 
8098       INFO  main            d.u.i.k.p.i.AbstractProblemLoader Replaying proof binomial1.key 
8142       DEBUG main            d.u.i.k.p.i.IntermediateProofReplayer Proof replay took 31.5ns 
8521       INFO  main            d.u.i.k.p.r.p.TestFile    ... finished proof: closed. 
8643       INFO  main            d.u.i.k.p.i.AbstractProblemLoader Loading environment from /home/runner/work/key/key/key.core/../key.ui/examples/standard_key/arith/binomial1.key.proof 
8644       DEBUG main            d.u.i.k.p.i.AbstractProblemLoader Environment load took 1.06ms 
8653       INFO  main            d.u.i.k.p.i.AbstractProblemLoader Creating init config 
11377      DEBUG main            d.u.i.k.p.i.AbstractProblemLoader Init config took 2.72s 
11421      INFO  main            d.u.i.k.p.i.AbstractProblemLoader Replaying proof binomial1.key.proof 
11434      DEBUG main            d.u.i.k.p.i.IntermediateProofReplayer Proof replay took 8.72ms 
11444      DEBUG main            d.u.i.k.p.r.p.TestFile    ... success: reloaded. 
11445      INFO  main            d.u.i.k.p.r.p.TestFile    Now processing file /home/runner/work/key/key/key.core/../key.ui/examples/standard_key/arith/binomial2.key 
11446      INFO  main            d.u.i.k.p.i.AbstractProblemLoader Loading environment from /home/runner/work/key/key/key.core/../key.ui/examples/standard_key/arith/binomial2.key 
11446      DEBUG main            d.u.i.k.p.i.AbstractProblemLoader Environment load took 220ns 
11448      INFO  main            d.u.i.k.p.i.AbstractProblemLoader Creating init config 
13990      DEBUG main            d.u.i.k.p.i.AbstractProblemLoader Init config took 2.54s 
14020      INFO  main            d.u.i.k.p.i.AbstractProblemLoader Replaying proof binomial2.key 
14023      DEBUG main            d.u.i.k.p.i.IntermediateProofReplayer Proof replay took 5.6ns 
14126      INFO  main            d.u.i.k.p.r.p.TestFile    ... finished proof: closed. 
14287      INFO  main            d.u.i.k.p.i.AbstractProblemLoader Loading environment from /home/runner/work/key/key/key.core/../key.ui/examples/standard_key/arith/binomial2.key.proof 
14290      DEBUG main            d.u.i.k.p.i.AbstractProblemLoader Environment load took 2.44ms 
14292      INFO  main            d.u.i.k.p.i.AbstractProblemLoader Creating init config 
16816      DEBUG main            d.u.i.k.p.i.AbstractProblemLoader Init config took 2.52s 
16849      INFO  main            d.u.i.k.p.i.AbstractProblemLoader Replaying proof binomial2.key.proof 
16871      DEBUG main            d.u.i.k.p.i.IntermediateProofReplayer Proof replay took 17.49ms 
16874      DEBUG main            d.u.i.k.p.r.p.TestFile    ... success: reloaded. 
16876      INFO  main            d.u.i.k.p.r.p.TestFile    Now processing file /home/runner/work/key/key/key.core/../key.ui/examples/standard_key/arith/check_jdiv.key 
16877      INFO  main            d.u.i.k.p.i.AbstractProblemLoader Loading environment from /home/runner/work/key/key/key.core/../key.ui/examples/standard_key/arith/check_jdiv.key 
16877      DEBUG main            d.u.i.k.p.i.AbstractProblemLoader Environment load took 321ns 
16880      INFO  main            d.u.i.k.p.i.AbstractProblemLoader Creating init config 
19333      DEBUG main            d.u.i.k.p.i.AbstractProblemLoader Init config took 2.45s 
19355      INFO  main            d.u.i.k.p.i.AbstractProblemLoader Replaying proof check_jdiv.key 
19359      DEBUG main            d.u.i.k.p.i.IntermediateProofReplayer Proof replay took 5.8ns 
24885      INFO  main            d.u.i.k.p.r.p.TestFile    ... finished proof: closed. 
25085      INFO  main            d.u.i.k.p.i.AbstractProblemLoader Loading environment from /home/runner/work/key/key/key.core/../key.ui/examples/standard_key/arith/check_jdiv.key.proof 
25086      DEBUG main            d.u.i.k.p.i.AbstractProblemLoader Environment load took 246.3ns 
25088      INFO  main            d.u.i.k.p.i.AbstractProblemLoader Creating init config 
27435      DEBUG main            d.u.i.k.p.i.AbstractProblemLoader Init config took 2.35s 
27460      INFO  main            d.u.i.k.p.i.AbstractProblemLoader Replaying proof check_jdiv.key.proof 
27858      DEBUG main            d.u.i.k.p.i.IntermediateProofReplayer Proof replay took 353.11ms 
27860      DEBUG main            d.u.i.k.p.r.p.TestFile    ... success: reloaded. 
27862      INFO  main            d.u.i.k.p.r.p.TestFile    Now processing file /home/runner/work/key/key/key.core/../key.ui/examples/standard_key/arith/check_jdiv_concrete.key 
27862      INFO  main            d.u.i.k.p.i.AbstractProblemLoader Loading environment from /home/runner/work/key/key/key.core/../key.ui/examples/standard_key/arith/check_jdiv_concrete.key 
27863      DEBUG main            d.u.i.k.p.i.AbstractProblemLoader Environment load took 222.4ns 
27864      INFO  main            d.u.i.k.p.i.AbstractProblemLoader Creating init config 
30267      DEBUG main            d.u.i.k.p.i.AbstractProblemLoader Init config took 2.4s 
30290      INFO  main            d.u.i.k.p.i.AbstractProblemLoader Replaying proof check_jdiv_concrete.key 
30294      DEBUG main            d.u.i.k.p.i.IntermediateProofReplayer Proof replay took 5.2ns 
30396      INFO  main            d.u.i.k.p.r.p.TestFile    ... finished proof: closed. 
30605      INFO  main            d.u.i.k.p.i.AbstractProblemLoader Loading environment from /home/runner/work/key/key/key.core/../key.ui/examples/standard_key/arith/check_jdiv_concrete.key.proof 
30605      DEBUG main            d.u.i.k.p.i.AbstractProblemLoader Environment load took 139.3ns 
30607      INFO  main            d.u.i.k.p.i.AbstractProblemLoader Creating init config 
32944      DEBUG main            d.u.i.k.p.i.AbstractProblemLoader Init config took 2.34s 
32965      INFO  main            d.u.i.k.p.i.AbstractProblemLoader Replaying proof check_jdiv_concrete.key.proof 
32971      DEBUG main            d.u.i.k.p.i.IntermediateProofReplayer Proof replay took 3.14ms 
32972      DEBUG main            d.u.i.k.p.r.p.TestFile    ... success: reloaded. 
32973      INFO  main            d.u.i.k.p.r.p.TestFile    Now processing file /home/runner/work/key/key/key.core/../key.ui/examples/standard_key/arith/check_jdiv_instantiated.key 
32974      INFO  main            d.u.i.k.p.i.AbstractProblemLoader Loading environment from /home/runner/work/key/key/key.core/../key.ui/examples/standard_key/arith/check_jdiv_instantiated.key 
32974      DEBUG main            d.u.i.k.p.i.AbstractProblemLoader Environment load took 267ns 
32976      INFO  main            d.u.i.k.p.i.AbstractProblemLoader Creating init config 
35389      DEBUG main            d.u.i.k.p.i.AbstractProblemLoader Init config took 2.41s 
35408      INFO  main            d.u.i.k.p.i.AbstractProblemLoader Replaying proof check_jdiv_instantiated.key 
35410      DEBUG main            d.u.i.k.p.i.IntermediateProofReplayer Proof replay took 5.5ns 
38883      INFO  main            d.u.i.k.p.r.p.TestFile    ... finished proof: closed. 
39117      INFO  main            d.u.i.k.p.i.AbstractProblemLoader Loading environment from /home/runner/work/key/key/key.core/../key.ui/examples/standard_key/arith/check_jdiv_instantiated.key.proof 
39117      DEBUG main            d.u.i.k.p.i.AbstractProblemLoader Environment load took 210.4ns 
39120      INFO  main            d.u.i.k.p.i.AbstractProblemLoader Creating init config 
41425      DEBUG main            d.u.i.k.p.i.AbstractProblemLoader Init config took 2.31s 
41446      INFO  main            d.u.i.k.p.i.AbstractProblemLoader Replaying proof check_jdiv_instantiated.key.proof 
41635      DEBUG main            d.u.i.k.p.i.IntermediateProofReplayer Proof replay took 168.13ms 
41638      DEBUG main            d.u.i.k.p.r.p.TestFile    ... success: reloaded. 
41639      INFO  main            d.u.i.k.p.r.p.TestFile    Now processing file /home/runner/work/key/key/key.core/../key.ui/examples/standard_key/arith/check_jmod.key 
41639      INFO  main            d.u.i.k.p.i.AbstractProblemLoader Loading environment from /home/runner/work/key/key/key.core/../key.ui/examples/standard_key/arith/check_jmod.key 
41639      DEBUG main            d.u.i.k.p.i.AbstractProblemLoader Environment load took 129.6ns 
41641      INFO  main            d.u.i.k.p.i.AbstractProblemLoader Creating init config 
43996      DEBUG main            d.u.i.k.p.i.AbstractProblemLoader Init config took 2.36s 
44017      INFO  main            d.u.i.k.p.i.AbstractProblemLoader Replaying proof check_jmod.key 
44019      DEBUG main            d.u.i.k.p.i.IntermediateProofReplayer Proof replay took 6.3ns 
44624      INFO  main            d.u.i.k.p.r.p.TestFile    ... finished proof: closed. 
44853      INFO  main            d.u.i.k.p.i.AbstractProblemLoader Loading environment from /home/runner/work/key/key/key.core/../key.ui/examples/standard_key/arith/check_jmod.key.proof 
44853      DEBUG main            d.u.i.k.p.i.AbstractProblemLoader Environment load took 515ns 
44855      INFO  main            d.u.i.k.p.i.AbstractProblemLoader Creating init config 
47121      DEBUG main            d.u.i.k.p.i.AbstractProblemLoader Init config took 2.27s 
47140      INFO  main            d.u.i.k.p.i.AbstractProblemLoader Replaying proof check_jmod.key.proof 
47177      DEBUG main            d.u.i.k.p.i.IntermediateProofReplayer Proof replay took 31.1ms 
47181      DEBUG main            d.u.i.k.p.r.p.TestFile    ... success: reloaded. 
47182      INFO  main            d.u.i.k.p.r.p.TestFile    Now processing file /home/runner/work/key/key/key.core/../key.ui/examples/standard_key/arith/complexExpressions.key 
47182      INFO  main            d.u.i.k.p.i.AbstractProblemLoader Loading environment from /home/runner/work/key/key/key.core/../key.ui/examples/standard_key/arith/complexExpressions.key 
47183      DEBUG main            d.u.i.k.p.i.AbstractProblemLoader Environment load took 218.2ns 
47184      INFO  main            d.u.i.k.p.i.AbstractProblemLoader Creating init config 
49576      DEBUG main            d.u.i.k.p.i.AbstractProblemLoader Init config took 2.39s 
49598      INFO  main            d.u.i.k.p.i.AbstractProblemLoader Replaying proof complexExpressions.key 
49599      DEBUG main            d.u.i.k.p.i.IntermediateProofReplayer Proof replay took 5.8ns 
49805      INFO  main            d.u.i.k.p.r.p.TestFile    ... finished proof: closed. 
50031      INFO  main            d.u.i.k.p.i.AbstractProblemLoader Loading environment from /home/runner/work/key/key/key.core/../key.ui/examples/standard_key/arith/complexExpressions.key.proof 
50031      DEBUG main            d.u.i.k.p.i.AbstractProblemLoader Environment load took 125.8ns 
50033      INFO  main            d.u.i.k.p.i.AbstractProblemLoader Creating init config 
52340      DEBUG main            d.u.i.k.p.i.AbstractProblemLoader Init config took 2.31s 
52359      INFO  main            d.u.i.k.p.i.AbstractProblemLoader Replaying proof complexExpressions.key.proof 
52368      DEBUG main            d.u.i.k.p.i.IntermediateProofReplayer Proof replay took 7.55ms 
52369      DEBUG main            d.u.i.k.p.r.p.TestFile    ... success: reloaded. 
52370      INFO  main            d.u.i.k.p.r.p.TestFile    Now processing file /home/runner/work/key/key/key.core/../key.ui/examples/standard_key/arith/compound_unaryMinus.key 
52370      INFO  main            d.u.i.k.p.i.AbstractProblemLoader Loading environment from /home/runner/work/key/key/key.core/../key.ui/examples/standard_key/arith/compound_unaryMinus.key 
52370      DEBUG main            d.u.i.k.p.i.AbstractProblemLoader Environment load took 105ns 
52371      INFO  main            d.u.i.k.p.i.AbstractProblemLoader Creating init config 
54761      DEBUG main            d.u.i.k.p.i.AbstractProblemLoader Init config took 2.39s 
54780      INFO  main            d.u.i.k.p.i.AbstractProblemLoader Replaying proof compound_unaryMinus.key 
54782      DEBUG main            d.u.i.k.p.i.IntermediateProofReplayer Proof replay took 5.5ns 
54883      INFO  main            d.u.i.k.p.r.p.TestFile    ... finished proof: closed. 
55061      INFO  main            d.u.i.k.p.i.AbstractProblemLoader Loading environment from /home/runner/work/key/key/key.core/../key.ui/examples/standard_key/arith/compound_unaryMinus.key.proof 
55061      DEBUG main            d.u.i.k.p.i.AbstractProblemLoader Environment load took 131.7ns 
55062      INFO  main            d.u.i.k.p.i.AbstractProblemLoader Creating init config 
57315      DEBUG main            d.u.i.k.p.i.AbstractProblemLoader Init config took 2.25s 
57334      INFO  main            d.u.i.k.p.i.AbstractProblemLoader Replaying proof compound_unaryMinus.key.proof 
57340      DEBUG main            d.u.i.k.p.i.IntermediateProofReplayer Proof replay took 4.21ms 
57341      DEBUG main            d.u.i.k.p.r.p.TestFile    ... success: reloaded. 
57342      INFO  main            d.u.i.k.p.r.p.TestFile    Now processing file /home/runner/work/key/key/key.core/../key.ui/examples/standard_key/arith/computation.key 
57342      INFO  main            d.u.i.k.p.i.AbstractProblemLoader Loading environment from /home/runner/work/key/key/key.core/../key.ui/examples/standard_key/arith/computation.key 
57342      DEBUG main            d.u.i.k.p.i.AbstractProblemLoader Environment load took 94.9ns 
57343      INFO  main            d.u.i.k.p.i.AbstractProblemLoader Creating init config 
59686      DEBUG main            d.u.i.k.p.i.AbstractProblemLoader Init config took 2.34s 
59720      INFO  main            d.u.i.k.p.i.AbstractProblemLoader Replaying proof computation.key 
59723      DEBUG main            d.u.i.k.p.i.IntermediateProofReplayer Proof replay took 4.9ns 
61249      INFO  main            d.u.i.k.p.r.p.TestFile    ... finished proof: closed. 
61495      INFO  main            d.u.i.k.p.i.AbstractProblemLoader Loading environment from /home/runner/work/key/key/key.core/../key.ui/examples/standard_key/arith/computation.key.proof 
61495      DEBUG main            d.u.i.k.p.i.AbstractProblemLoader Environment load took 134.5ns 
61497      INFO  main            d.u.i.k.p.i.AbstractProblemLoader Creating init config 
63761      DEBUG main            d.u.i.k.p.i.AbstractProblemLoader Init config took 2.26s 
63782      INFO  main            d.u.i.k.p.i.AbstractProblemLoader Replaying proof computation.key.proof 
63851      DEBUG main            d.u.i.k.p.i.IntermediateProofReplayer Proof replay took 64.93ms 
63853      DEBUG main            d.u.i.k.p.r.p.TestFile    ... success: reloaded. 
63854      INFO  main            d.u.i.k.p.r.p.TestFile    Now processing file /home/runner/work/key/key/key.core/../key.ui/examples/standard_key/arith/cubicSum.key 
63854      INFO  main            d.u.i.k.p.i.AbstractProblemLoader Loading environment from /home/runner/work/key/key/key.core/../key.ui/examples/standard_key/arith/cubicSum.key 
63854      DEBUG main            d.u.i.k.p.i.AbstractProblemLoader Environment load took 96.9ns 
63856      INFO  main            d.u.i.k.p.i.AbstractProblemLoader Creating init config 
66298      DEBUG main            d.u.i.k.p.i.AbstractProblemLoader Init config took 2.44s 
66322      INFO  main            d.u.i.k.p.i.AbstractProblemLoader Replaying proof cubicSum.key 
66324      DEBUG main            d.u.i.k.p.i.IntermediateProofReplayer Proof replay took 5.9ns 
67330      INFO  main            d.u.i.k.p.r.p.TestFile    ... finished proof: closed. 
67599      INFO  main            d.u.i.k.p.i.AbstractProblemLoader Loading environment from /home/runner/work/key/key/key.core/../key.ui/examples/standard_key/arith/cubicSum.key.proof 
67600      DEBUG main            d.u.i.k.p.i.AbstractProblemLoader Environment load took 1.71ms 
67602      INFO  main            d.u.i.k.p.i.AbstractProblemLoader Creating init config 
69958      DEBUG main            d.u.i.k.p.i.AbstractProblemLoader Init config took 2.36s 
69995      INFO  main            d.u.i.k.p.i.AbstractProblemLoader Replaying proof cubicSum.key.proof 
70118      DEBUG main            d.u.i.k.p.i.IntermediateProofReplayer Proof replay took 116.12ms 
70119      DEBUG main            d.u.i.k.p.r.p.TestFile    ... success: reloaded. 
70120      INFO  main            d.u.i.k.p.r.p.TestFile    Now processing file /home/runner/work/key/key/key.core/../key.ui/examples/standard_key/arith/divByZero.key 
70120      INFO  main            d.u.i.k.p.i.AbstractProblemLoader Loading environment from /home/runner/work/key/key/key.core/../key.ui/examples/standard_key/arith/divByZero.key 
70120      DEBUG main            d.u.i.k.p.i.AbstractProblemLoader Environment load took 133.2ns 
70121      INFO  main            d.u.i.k.p.i.AbstractProblemLoader Creating init config 
72533      DEBUG main            d.u.i.k.p.i.AbstractProblemLoader Init config took 2.41s 
72548      INFO  main            d.u.i.k.p.i.AbstractProblemLoader Replaying proof divByZero.key 
72550      DEBUG main            d.u.i.k.p.i.IntermediateProofReplayer Proof replay took 5.8ns 
72757      INFO  main            d.u.i.k.p.r.p.TestFile    ... finished proof: closed. 
73011      INFO  main            d.u.i.k.p.i.AbstractProblemLoader Loading environment from /home/runner/work/key/key/key.core/../key.ui/examples/standard_key/arith/divByZero.key.proof 
73011      DEBUG main            d.u.i.k.p.i.AbstractProblemLoader Environment load took 631ns 
73014      INFO  main            d.u.i.k.p.i.AbstractProblemLoader Creating init config 
75407      DEBUG main            d.u.i.k.p.i.AbstractProblemLoader Init config took 2.39s 
75423      INFO  main            d.u.i.k.p.i.AbstractProblemLoader Replaying proof divByZero.key.proof 
75462      DEBUG main            d.u.i.k.p.i.IntermediateProofReplayer Proof replay took 36.05ms 
75463      DEBUG main            d.u.i.k.p.r.p.TestFile    ... success: reloaded. 
75464      INFO  main            d.u.i.k.p.r.p.TestFile    Now processing file /home/runner/work/key/key/key.core/../key.ui/examples/standard_key/arith/divisionAssoc.key 
75464      INFO  main            d.u.i.k.p.i.AbstractProblemLoader Loading environment from /home/runner/work/key/key/key.core/../key.ui/examples/standard_key/arith/divisionAssoc.key 
75464      DEBUG main            d.u.i.k.p.i.AbstractProblemLoader Environment load took 106.6ns 
75465      INFO  main            d.u.i.k.p.i.AbstractProblemLoader Creating init config 
77803      DEBUG main            d.u.i.k.p.i.AbstractProblemLoader Init config took 2.34s 
77817      INFO  main            d.u.i.k.p.i.AbstractProblemLoader Replaying proof divisionAssoc.key 
77819      DEBUG main            d.u.i.k.p.i.IntermediateProofReplayer Proof replay took 6.4ns 
78523      INFO  main            d.u.i.k.p.r.p.TestFile    ... finished proof: closed. 
78820      INFO  main            d.u.i.k.p.i.AbstractProblemLoader Loading environment from /home/runner/work/key/key/key.core/../key.ui/examples/standard_key/arith/divisionAssoc.key.proof 
78821      DEBUG main            d.u.i.k.p.i.AbstractProblemLoader Environment load took 461ns 
78822      INFO  main            d.u.i.k.p.i.AbstractProblemLoader Creating init config 
81074      DEBUG main            d.u.i.k.p.i.AbstractProblemLoader Init config took 2.25s 
81088      INFO  main            d.u.i.k.p.i.AbstractProblemLoader Replaying proof divisionAssoc.key.proof 
81144      DEBUG main            d.u.i.k.p.i.IntermediateProofReplayer Proof replay took 48.77ms 
81145      DEBUG main            d.u.i.k.p.r.p.TestFile    ... success: reloaded. 
81146      INFO  main            d.u.i.k.p.r.p.TestFile    Now processing file /home/runner/work/key/key/key.core/../key.ui/examples/standard_key/arith/divisionBy2.key 
81147      INFO  main            d.u.i.k.p.i.AbstractProblemLoader Loading environment from /home/runner/work/key/key/key.core/../key.ui/examples/standard_key/arith/divisionBy2.key 
81147      DEBUG main            d.u.i.k.p.i.AbstractProblemLoader Environment load took 266.5ns 
81149      INFO  main            d.u.i.k.p.i.AbstractProblemLoader Creating init config 
83454      DEBUG main            d.u.i.k.p.i.AbstractProblemLoader Init config took 2.3s 
83467      INFO  main            d.u.i.k.p.i.AbstractProblemLoader Replaying proof divisionBy2.key 
83469      DEBUG main            d.u.i.k.p.i.IntermediateProofReplayer Proof replay took 5.7ns 
83571      INFO  main            d.u.i.k.p.r.p.TestFile    ... finished proof: closed. 
83802      INFO  main            d.u.i.k.p.i.AbstractProblemLoader Loading environment from /home/runner/work/key/key/key.core/../key.ui/examples/standard_key/arith/divisionBy2.key.proof 
83803      DEBUG main            d.u.i.k.p.i.AbstractProblemLoader Environment load took 115.3ns 
83804      INFO  main            d.u.i.k.p.i.AbstractProblemLoader Creating init config 
86031      DEBUG main            d.u.i.k.p.i.AbstractProblemLoader Init config took 2.23s 
86045      INFO  main            d.u.i.k.p.i.AbstractProblemLoader Replaying proof divisionBy2.key.proof 
86053      DEBUG main            d.u.i.k.p.i.IntermediateProofReplayer Proof replay took 6.1ms 
86054      DEBUG main            d.u.i.k.p.r.p.TestFile    ... success: reloaded. 
86055      INFO  main            d.u.i.k.p.r.p.TestFile    Now processing file /home/runner/work/key/key/key.core/../key.ui/examples/standard_key/arith/euclidean/gcdHelp-post.key 
86055      INFO  main            d.u.i.k.p.i.AbstractProblemLoader Loading environment from /home/runner/work/key/key/key.core/../key.ui/examples/standard_key/arith/euclidean/gcdHelp-post.key 
86055      DEBUG main            d.u.i.k.p.i.AbstractProblemLoader Environment load took 104.8ns 
86056      INFO  main            d.u.i.k.p.i.AbstractProblemLoader Creating init config 
88520      DEBUG main            d.u.i.k.p.i.AbstractProblemLoader Init config took 2.46s 
88535      INFO  main            d.u.i.k.p.i.AbstractProblemLoader Replaying proof gcdHelp-post.key 
88537      DEBUG main            d.u.i.k.p.i.IntermediateProofReplayer Proof replay took 6.2ns 
91686      INFO  main            d.u.i.k.p.r.p.TestFile    ... finished proof: closed. 
91976      INFO  main            d.u.i.k.p.i.AbstractProblemLoader Loading environment from /home/runner/work/key/key/key.core/../key.ui/examples/standard_key/arith/euclidean/gcdHelp-post.key.proof 
91977      DEBUG main            d.u.i.k.p.i.AbstractProblemLoader Environment load took 481.6ns 
91979      INFO  main            d.u.i.k.p.i.AbstractProblemLoader Creating init config 
94313      DEBUG main            d.u.i.k.p.i.AbstractProblemLoader Init config took 2.33s 
94328      INFO  main            d.u.i.k.p.i.AbstractProblemLoader Replaying proof gcdHelp-post.key.proof 
94502      DEBUG main            d.u.i.k.p.i.IntermediateProofReplayer Proof replay took 164.16ms 
94503      DEBUG main            d.u.i.k.p.r.p.TestFile    ... success: reloaded. 
94505      INFO  main            d.u.i.k.p.r.p.TestFile    Now processing file /home/runner/work/key/key/key.core/../key.ui/examples/standard_key/arith/gemplusDecimal/add.key 
94506      INFO  main            d.u.i.k.p.i.AbstractProblemLoader Loading environment from /home/runner/work/key/key/key.core/../key.ui/examples/standard_key/arith/gemplusDecimal/add.key 
94506      DEBUG main            d.u.i.k.p.i.AbstractProblemLoader Environment load took 132.6ns 
94508      INFO  main            d.u.i.k.p.i.AbstractProblemLoader Creating init config 
96917      DEBUG main            d.u.i.k.p.i.AbstractProblemLoader Init config took 2.41s 
96933      INFO  main            d.u.i.k.p.i.AbstractProblemLoader Replaying proof add.key 
96934      DEBUG main            d.u.i.k.p.i.IntermediateProofReplayer Proof replay took 5.9ns 
138402     INFO  main            d.u.i.k.p.r.p.TestFile    ... finished proof: closed. 
138846     INFO  main            d.u.i.k.p.i.AbstractProblemLoader Loading environment from /home/runner/work/key/key/key.core/../key.ui/examples/standard_key/arith/gemplusDecimal/add.key.proof 
138847     DEBUG main            d.u.i.k.p.i.AbstractProblemLoader Environment load took 630.2ns 
138853     INFO  main            d.u.i.k.p.i.AbstractProblemLoader Creating init config 
141107     DEBUG main            d.u.i.k.p.i.AbstractProblemLoader Init config took 2.25s 
141124     INFO  main            d.u.i.k.p.i.AbstractProblemLoader Replaying proof add.key.proof 
143441     DEBUG main            d.u.i.k.p.i.IntermediateProofReplayer Proof replay took 2.22s 
143449     DEBUG main            d.u.i.k.p.r.p.TestFile    ... success: reloaded. 
143451     INFO  main            d.u.i.k.p.r.p.TestFile    Now processing file /home/runner/work/key/key/key.core/../key.ui/examples/standard_key/arith/jdivevenodd.key 
143451     INFO  main            d.u.i.k.p.i.AbstractProblemLoader Loading environment from /home/runner/work/key/key/key.core/../key.ui/examples/standard_key/arith/jdivevenodd.key 
143452     DEBUG main            d.u.i.k.p.i.AbstractProblemLoader Environment load took 225.1ns 
143453     INFO  main            d.u.i.k.p.i.AbstractProblemLoader Creating init config 
145856     DEBUG main            d.u.i.k.p.i.AbstractProblemLoader Init config took 2.4s 
145869     INFO  main            d.u.i.k.p.i.AbstractProblemLoader Replaying proof jdivevenodd.key 
145871     DEBUG main            d.u.i.k.p.i.IntermediateProofReplayer Proof replay took 6.4ns 
146078     INFO  main            d.u.i.k.p.r.p.TestFile    ... finished proof: closed. 
146442     INFO  main            d.u.i.k.p.i.AbstractProblemLoader Loading environment from /home/runner/work/key/key/key.core/../key.ui/examples/standard_key/arith/jdivevenodd.key.proof 
146442     DEBUG main            d.u.i.k.p.i.AbstractProblemLoader Environment load took 140.1ns 
146444     INFO  main            d.u.i.k.p.i.AbstractProblemLoader Creating init config 
148661     DEBUG main            d.u.i.k.p.i.AbstractProblemLoader Init config took 2.22s 
148674     INFO  main            d.u.i.k.p.i.AbstractProblemLoader Replaying proof jdivevenodd.key.proof 
148688     DEBUG main            d.u.i.k.p.i.IntermediateProofReplayer Proof replay took 9.8ms 
148689     DEBUG main            d.u.i.k.p.r.p.TestFile    ... success: reloaded. 
148691     INFO  main            d.u.i.k.p.r.p.TestFile    Now processing file /home/runner/work/key/key/key.core/../key.ui/examples/standard_key/arith/median.key 
148691     INFO  main            d.u.i.k.p.i.AbstractProblemLoader Loading environment from /home/runner/work/key/key/key.core/../key.ui/examples/standard_key/arith/median.key 
148691     DEBUG main            d.u.i.k.p.i.AbstractProblemLoader Environment load took 107.5ns 
148692     INFO  main            d.u.i.k.p.i.AbstractProblemLoader Creating init config 
150926     DEBUG main            d.u.i.k.p.i.AbstractProblemLoader Init config took 2.23s 
150940     INFO  main            d.u.i.k.p.i.AbstractProblemLoader Replaying proof median.key 
150942     DEBUG main            d.u.i.k.p.i.IntermediateProofReplayer Proof replay took 5.5ns 
165563     INFO  main            d.u.i.k.p.r.p.TestFile    ... finished proof: closed. 
165901     INFO  main            d.u.i.k.p.i.AbstractProblemLoader Loading environment from /home/runner/work/key/key/key.core/../key.ui/examples/standard_key/arith/median.key.proof 
165906     DEBUG main            d.u.i.k.p.i.AbstractProblemLoader Environment load took 5.7ms 
165910     INFO  main            d.u.i.k.p.i.AbstractProblemLoader Creating init config 
168091     DEBUG main            d.u.i.k.p.i.AbstractProblemLoader Init config took 2.18s 
168115     INFO  main            d.u.i.k.p.i.AbstractProblemLoader Replaying proof median.key.proof 
168753     DEBUG main            d.u.i.k.p.i.IntermediateProofReplayer Proof replay took 595.05ms 
168757     DEBUG main            d.u.i.k.p.r.p.TestFile    ... success: reloaded. 
168758     INFO  main            d.u.i.k.p.r.p.TestFile    Now processing file /home/runner/work/key/key/key.core/../key.ui/examples/standard_key/arith/mod1.key 
168759     INFO  main            d.u.i.k.p.i.AbstractProblemLoader Loading environment from /home/runner/work/key/key/key.core/../key.ui/examples/standard_key/arith/mod1.key 
168759     DEBUG main            d.u.i.k.p.i.AbstractProblemLoader Environment load took 268.9ns 
168760     INFO  main            d.u.i.k.p.i.AbstractProblemLoader Creating init config 
171056     DEBUG main            d.u.i.k.p.i.AbstractProblemLoader Init config took 2.3s 
171069     INFO  main            d.u.i.k.p.i.AbstractProblemLoader Replaying proof mod1.key 
171072     DEBUG main            d.u.i.k.p.i.IntermediateProofReplayer Proof replay took 6.2ns 
171174     INFO  main            d.u.i.k.p.r.p.TestFile    ... finished proof: closed. 
171481     INFO  main            d.u.i.k.p.i.AbstractProblemLoader Loading environment from /home/runner/work/key/key/key.core/../key.ui/examples/standard_key/arith/mod1.key.proof 
171481     DEBUG main            d.u.i.k.p.i.AbstractProblemLoader Environment load took 109.9ns 
171482     INFO  main            d.u.i.k.p.i.AbstractProblemLoader Creating init config 
173694     DEBUG main            d.u.i.k.p.i.AbstractProblemLoader Init config took 2.21s 
173707     INFO  main            d.u.i.k.p.i.AbstractProblemLoader Replaying proof mod1.key.proof 
173711     DEBUG main            d.u.i.k.p.i.IntermediateProofReplayer Proof replay took 1.67ms 
173712     DEBUG main            d.u.i.k.p.r.p.TestFile    ... success: reloaded. 
173713     INFO  main            d.u.i.k.p.r.p.TestFile    Now processing file /home/runner/work/key/key/key.core/../key.ui/examples/standard_key/arith/mod2.key 
173713     INFO  main            d.u.i.k.p.i.AbstractProblemLoader Loading environment from /home/runner/work/key/key/key.core/../key.ui/examples/standard_key/arith/mod2.key 
173713     DEBUG main            d.u.i.k.p.i.AbstractProblemLoader Environment load took 94.5ns 
173714     INFO  main            d.u.i.k.p.i.AbstractProblemLoader Creating init config 
175998     DEBUG main            d.u.i.k.p.i.AbstractProblemLoader Init config took 2.28s 
176011     INFO  main            d.u.i.k.p.i.AbstractProblemLoader Replaying proof mod2.key 
176013     DEBUG main            d.u.i.k.p.i.IntermediateProofReplayer Proof replay took 6.2ns 
176117     INFO  main            d.u.i.k.p.r.p.TestFile    ... finished proof: closed. 
176353     INFO  main            d.u.i.k.p.i.AbstractProblemLoader Loading environment from /home/runner/work/key/key/key.core/../key.ui/examples/standard_key/arith/mod2.key.proof 
176353     DEBUG main            d.u.i.k.p.i.AbstractProblemLoader Environment load took 99.6ns 
176354     INFO  main            d.u.i.k.p.i.AbstractProblemLoader Creating init config 
178583     DEBUG main            d.u.i.k.p.i.AbstractProblemLoader Init config took 2.23s 
178596     INFO  main            d.u.i.k.p.i.AbstractProblemLoader Replaying proof mod2.key.proof 
178599     DEBUG main            d.u.i.k.p.i.IntermediateProofReplayer Proof replay took 1.13ms 
178599     DEBUG main            d.u.i.k.p.r.p.TestFile    ... success: reloaded. 
178600     INFO  main            d.u.i.k.p.r.p.TestFile    Now processing file /home/runner/work/key/key/key.core/../key.ui/examples/standard_key/arith/mod7.key 
178600     INFO  main            d.u.i.k.p.i.AbstractProblemLoader Loading environment from /home/runner/work/key/key/key.core/../key.ui/examples/standard_key/arith/mod7.key 
178600     DEBUG main            d.u.i.k.p.i.AbstractProblemLoader Environment load took 110.4ns 
178601     INFO  main            d.u.i.k.p.i.AbstractProblemLoader Creating init config 
180888     DEBUG main            d.u.i.k.p.i.AbstractProblemLoader Init config took 2.29s 
180901     INFO  main            d.u.i.k.p.i.AbstractProblemLoader Replaying proof mod7.key 
180903     DEBUG main            d.u.i.k.p.i.IntermediateProofReplayer Proof replay took 6.5ns 
181004     INFO  main            d.u.i.k.p.r.p.TestFile    ... finished proof: closed. 
181265     INFO  main            d.u.i.k.p.i.AbstractProblemLoader Loading environment from /home/runner/work/key/key/key.core/../key.ui/examples/standard_key/arith/mod7.key.proof 
181265     DEBUG main            d.u.i.k.p.i.AbstractProblemLoader Environment load took 97.7ns 
181266     INFO  main            d.u.i.k.p.i.AbstractProblemLoader Creating init config 
183506     DEBUG main            d.u.i.k.p.i.AbstractProblemLoader Init config took 2.24s 
183520     INFO  main            d.u.i.k.p.i.AbstractProblemLoader Replaying proof mod7.key.proof 
183526     DEBUG main            d.u.i.k.p.i.IntermediateProofReplayer Proof replay took 3.4ms 
183527     DEBUG main            d.u.i.k.p.r.p.TestFile    ... success: reloaded. 
183528     INFO  main            d.u.i.k.p.r.p.TestFile    Now processing file /home/runner/work/key/key/key.core/../key.ui/examples/standard_key/arith/overflow_hija.key 
183528     INFO  main            d.u.i.k.p.i.AbstractProblemLoader Loading environment from /home/runner/work/key/key/key.core/../key.ui/examples/standard_key/arith/overflow_hija.key 
183528     DEBUG main            d.u.i.k.p.i.AbstractProblemLoader Environment load took 217.5ns 
183531     INFO  main            d.u.i.k.p.i.AbstractProblemLoader Creating init config 
185814     DEBUG main            d.u.i.k.p.i.AbstractProblemLoader Init config took 2.28s 
185830     INFO  main            d.u.i.k.p.i.AbstractProblemLoader Replaying proof overflow_hija.key 
185832     DEBUG main            d.u.i.k.p.i.IntermediateProofReplayer Proof replay took 5.9ns 
190287     INFO  main            d.u.i.k.p.r.p.TestFile    ... finished proof: closed. 
190588     INFO  main            d.u.i.k.p.i.AbstractProblemLoader Loading environment from /home/runner/work/key/key/key.core/../key.ui/examples/standard_key/arith/overflow_hija.key.proof 
190589     DEBUG main            d.u.i.k.p.i.AbstractProblemLoader Environment load took 325.2ns 
190594     INFO  main            d.u.i.k.p.i.AbstractProblemLoader Creating init config 
192843     DEBUG main            d.u.i.k.p.i.AbstractProblemLoader Init config took 2.25s 
192859     INFO  main            d.u.i.k.p.i.AbstractProblemLoader Replaying proof overflow_hija.key.proof 
193027     DEBUG main            d.u.i.k.p.i.IntermediateProofReplayer Proof replay took 159.05ms 
193030     DEBUG main            d.u.i.k.p.r.p.TestFile    ... success: reloaded. 
193032     INFO  main            d.u.i.k.p.r.p.TestFile    Now processing file /home/runner/work/key/key/key.core/../key.ui/examples/standard_key/arith/poly_division0.key 
193032     INFO  main            d.u.i.k.p.i.AbstractProblemLoader Loading environment from /home/runner/work/key/key/key.core/../key.ui/examples/standard_key/arith/poly_division0.key 
193033     DEBUG main            d.u.i.k.p.i.AbstractProblemLoader Environment load took 344ns 
193034     INFO  main            d.u.i.k.p.i.AbstractProblemLoader Creating init config 
195292     DEBUG main            d.u.i.k.p.i.AbstractProblemLoader Init config took 2.26s 
195305     INFO  main            d.u.i.k.p.i.AbstractProblemLoader Replaying proof poly_division0.key 
195306     DEBUG main            d.u.i.k.p.i.IntermediateProofReplayer Proof replay took 5.9ns 
195410     INFO  main            d.u.i.k.p.r.p.TestFile    ... finished proof: closed. 
195724     INFO  main            d.u.i.k.p.i.AbstractProblemLoader Loading environment from /home/runner/work/key/key/key.core/../key.ui/examples/standard_key/arith/poly_division0.key.proof 
195725     DEBUG main            d.u.i.k.p.i.AbstractProblemLoader Environment load took 594.5ns 
195726     INFO  main            d.u.i.k.p.i.AbstractProblemLoader Creating init config 
197922     DEBUG main            d.u.i.k.p.i.AbstractProblemLoader Init config took 2.2s 
197935     INFO  main            d.u.i.k.p.i.AbstractProblemLoader Replaying proof poly_division0.key.proof 
197941     DEBUG main            d.u.i.k.p.i.IntermediateProofReplayer Proof replay took 4.18ms 
197942     DEBUG main            d.u.i.k.p.r.p.TestFile    ... success: reloaded. 
197943     INFO  main            d.u.i.k.p.r.p.TestFile    Now processing file /home/runner/work/key/key/key.core/../key.ui/examples/standard_key/arith/poly_division1.key 
197943     INFO  main            d.u.i.k.p.i.AbstractProblemLoader Loading environment from /home/runner/work/key/key/key.core/../key.ui/examples/standard_key/arith/poly_division1.key 
197943     DEBUG main            d.u.i.k.p.i.AbstractProblemLoader Environment load took 97.6ns 
197944     INFO  main            d.u.i.k.p.i.AbstractProblemLoader Creating init config 
200205     DEBUG main            d.u.i.k.p.i.AbstractProblemLoader Init config took 2.26s 
200218     INFO  main            d.u.i.k.p.i.AbstractProblemLoader Replaying proof poly_division1.key 
200219     DEBUG main            d.u.i.k.p.i.IntermediateProofReplayer Proof replay took 6.4ns 
200321     INFO  main            d.u.i.k.p.r.p.TestFile    ... finished proof: closed. 
200585     INFO  main            d.u.i.k.p.i.AbstractProblemLoader Loading environment from /home/runner/work/key/key/key.core/../key.ui/examples/standard_key/arith/poly_division1.key.proof 
200586     DEBUG main            d.u.i.k.p.i.AbstractProblemLoader Environment load took 103.5ns 
200587     INFO  main            d.u.i.k.p.i.AbstractProblemLoader Creating init config 
202830     DEBUG main            d.u.i.k.p.i.AbstractProblemLoader Init config took 2.24s 
202846     INFO  main            d.u.i.k.p.i.AbstractProblemLoader Replaying proof poly_division1.key.proof 
202852     DEBUG main            d.u.i.k.p.i.IntermediateProofReplayer Proof replay took 3.97ms 
202854     DEBUG main            d.u.i.k.p.r.p.TestFile    ... success: reloaded. 
202854     INFO  main            d.u.i.k.p.r.p.TestFile    Now processing file /home/runner/work/key/key/key.core/../key.ui/examples/standard_key/inEqSimp/division.key 
202855     INFO  main            d.u.i.k.p.i.AbstractProblemLoader Loading environment from /home/runner/work/key/key/key.core/../key.ui/examples/standard_key/inEqSimp/division.key 
202855     DEBUG main            d.u.i.k.p.i.AbstractProblemLoader Environment load took 238.9ns 
202856     INFO  main            d.u.i.k.p.i.AbstractProblemLoader Creating init config 
205160     DEBUG main            d.u.i.k.p.i.AbstractProblemLoader Init config took 2.3s 
205177     INFO  main            d.u.i.k.p.i.AbstractProblemLoader Replaying proof division.key 
205178     DEBUG main            d.u.i.k.p.i.IntermediateProofReplayer Proof replay took 7.6ns 
207314     INFO  main            d.u.i.k.p.r.p.TestFile    ... finished proof: closed. 
207599     INFO  main            d.u.i.k.p.i.AbstractProblemLoader Loading environment from /home/runner/work/key/key/key.core/../key.ui/examples/standard_key/inEqSimp/division.key.proof 
207599     DEBUG main            d.u.i.k.p.i.AbstractProblemLoader Environment load took 514.3ns 
207601     INFO  main            d.u.i.k.p.i.AbstractProblemLoader Creating init config 
209802     DEBUG main            d.u.i.k.p.i.AbstractProblemLoader Init config took 2.2s 
209815     INFO  main            d.u.i.k.p.i.AbstractProblemLoader Replaying proof division.key.proof 
209899     DEBUG main            d.u.i.k.p.i.IntermediateProofReplayer Proof replay took 78.61ms 
209901     DEBUG main            d.u.i.k.p.r.p.TestFile    ... success: reloaded. 
209901     INFO  main            d.u.i.k.p.r.p.TestFile    Now processing file /home/runner/work/key/key/key.core/../key.ui/examples/standard_key/inEqSimp/inequations0.key 
209902     INFO  main            d.u.i.k.p.i.AbstractProblemLoader Loading environment from /home/runner/work/key/key/key.core/../key.ui/examples/standard_key/inEqSimp/inequations0.key 
209902     DEBUG main            d.u.i.k.p.i.AbstractProblemLoader Environment load took 114.2ns 
209903     INFO  main            d.u.i.k.p.i.AbstractProblemLoader Creating init config 
212223     DEBUG main            d.u.i.k.p.i.AbstractProblemLoader Init config took 2.32s 
212235     INFO  main            d.u.i.k.p.i.AbstractProblemLoader Replaying proof inequations0.key 
212236     DEBUG main            d.u.i.k.p.i.IntermediateProofReplayer Proof replay took 38.4ns 
212338     INFO  main            d.u.i.k.p.r.p.TestFile    ... finished proof: closed. 
212638     INFO  main            d.u.i.k.p.i.AbstractProblemLoader Loading environment from /home/runner/work/key/key/key.core/../key.ui/examples/standard_key/inEqSimp/inequations0.key.proof 
212638     DEBUG main            d.u.i.k.p.i.AbstractProblemLoader Environment load took 97.4ns 
212640     INFO  main            d.u.i.k.p.i.AbstractProblemLoader Creating init config 
214839     DEBUG main            d.u.i.k.p.i.AbstractProblemLoader Init config took 2.2s 
214856     INFO  main            d.u.i.k.p.i.AbstractProblemLoader Replaying proof inequations0.key.proof 
214860     DEBUG main            d.u.i.k.p.i.IntermediateProofReplayer Proof replay took 2.11ms 
214861     DEBUG main            d.u.i.k.p.r.p.TestFile    ... success: reloaded. 
214862     INFO  main            d.u.i.k.p.r.p.TestFile    Now processing file /home/runner/work/key/key/key.core/../key.ui/examples/standard_key/inEqSimp/inequations1.key 
214862     INFO  main            d.u.i.k.p.i.AbstractProblemLoader Loading environment from /home/runner/work/key/key/key.core/../key.ui/examples/standard_key/inEqSimp/inequations1.key 
214862     DEBUG main            d.u.i.k.p.i.AbstractProblemLoader Environment load took 94.9ns 
214863     INFO  main            d.u.i.k.p.i.AbstractProblemLoader Creating init config 
217131     DEBUG main            d.u.i.k.p.i.AbstractProblemLoader Init config took 2.27s 
217143     INFO  main            d.u.i.k.p.i.AbstractProblemLoader Replaying proof inequations1.key 
217144     DEBUG main            d.u.i.k.p.i.IntermediateProofReplayer Proof replay took 3.2ns 
217246     INFO  main            d.u.i.k.p.r.p.TestFile    ... finished proof: closed. 
217530     INFO  main            d.u.i.k.p.i.AbstractProblemLoader Loading environment from /home/runner/work/key/key/key.core/../key.ui/examples/standard_key/inEqSimp/inequations1.key.proof 
217530     DEBUG main            d.u.i.k.p.i.AbstractProblemLoader Environment load took 94.7ns 
217531     INFO  main            d.u.i.k.p.i.AbstractProblemLoader Creating init config 
219798     DEBUG main            d.u.i.k.p.i.AbstractProblemLoader Init config took 2.27s 
219812     INFO  main            d.u.i.k.p.i.AbstractProblemLoader Replaying proof inequations1.key.proof 
219814     DEBUG main            d.u.i.k.p.i.IntermediateProofReplayer Proof replay took 1.02ms 
219815     DEBUG main            d.u.i.k.p.r.p.TestFile    ... success: reloaded. 
219816     INFO  main            d.u.i.k.p.r.p.TestFile    Now processing file /home/runner/work/key/key/key.core/../key.ui/examples/standard_key/inEqSimp/inequations2.key 
219816     INFO  main            d.u.i.k.p.i.AbstractProblemLoader Loading environment from /home/runner/work/key/key/key.core/../key.ui/examples/standard_key/inEqSimp/inequations2.key 
219816     DEBUG main            d.u.i.k.p.i.AbstractProblemLoader Environment load took 175.7ns 
219817     INFO  main            d.u.i.k.p.i.AbstractProblemLoader Creating init config 
222087     DEBUG main            d.u.i.k.p.i.AbstractProblemLoader Init config took 2.27s 
222099     INFO  main            d.u.i.k.p.i.AbstractProblemLoader Replaying proof inequations2.key 
222100     DEBUG main            d.u.i.k.p.i.IntermediateProofReplayer Proof replay took 3.1ns 
222202     INFO  main            d.u.i.k.p.r.p.TestFile    ... finished proof: closed. 
222485     INFO  main            d.u.i.k.p.i.AbstractProblemLoader Loading environment from /home/runner/work/key/key/key.core/../key.ui/examples/standard_key/inEqSimp/inequations2.key.proof 
222485     DEBUG main            d.u.i.k.p.i.AbstractProblemLoader Environment load took 84.4ns 
222486     INFO  main            d.u.i.k.p.i.AbstractProblemLoader Creating init config 
224669     DEBUG main            d.u.i.k.p.i.AbstractProblemLoader Init config took 2.18s 
224682     INFO  main            d.u.i.k.p.i.AbstractProblemLoader Replaying proof inequations2.key.proof 
224685     DEBUG main            d.u.i.k.p.i.IntermediateProofReplayer Proof replay took 1.27ms 
224685     DEBUG main            d.u.i.k.p.r.p.TestFile    ... success: reloaded. 
224686     INFO  main            d.u.i.k.p.r.p.TestFile    Now processing file /home/runner/work/key/key/key.core/../key.ui/examples/standard_key/inEqSimp/linApprox.key 
224686     INFO  main            d.u.i.k.p.i.AbstractProblemLoader Loading environment from /home/runner/work/key/key/key.core/../key.ui/examples/standard_key/inEqSimp/linApprox.key 
224686     DEBUG main            d.u.i.k.p.i.AbstractProblemLoader Environment load took 141ns 
224687     INFO  main            d.u.i.k.p.i.AbstractProblemLoader Creating init config 
226960     DEBUG main            d.u.i.k.p.i.AbstractProblemLoader Init config took 2.27s 
226973     INFO  main            d.u.i.k.p.i.AbstractProblemLoader Replaying proof linApprox.key 
226975     DEBUG main            d.u.i.k.p.i.IntermediateProofReplayer Proof replay took 4ns 
227076     INFO  main            d.u.i.k.p.r.p.TestFile    ... finished proof: closed. 
227363     INFO  main            d.u.i.k.p.i.AbstractProblemLoader Loading environment from /home/runner/work/key/key/key.core/../key.ui/examples/standard_key/inEqSimp/linApprox.key.proof 
227363     DEBUG main            d.u.i.k.p.i.AbstractProblemLoader Environment load took 88.4ns 
227364     INFO  main            d.u.i.k.p.i.AbstractProblemLoader Creating init config 
229532     DEBUG main            d.u.i.k.p.i.AbstractProblemLoader Init config took 2.17s 
229546     INFO  main            d.u.i.k.p.i.AbstractProblemLoader Replaying proof linApprox.key.proof 
229549     DEBUG main            d.u.i.k.p.i.IntermediateProofReplayer Proof replay took 1.62ms 
229550     DEBUG main            d.u.i.k.p.r.p.TestFile    ... success: reloaded. 
229552     INFO  main            d.u.i.k.p.r.p.TestFile    Now processing file /home/runner/work/key/key/key.core/../key.ui/examples/standard_key/inEqSimp/nonLinInEqExample0.key 
229552     INFO  main            d.u.i.k.p.i.AbstractProblemLoader Loading environment from /home/runner/work/key/key/key.core/../key.ui/examples/standard_key/inEqSimp/nonLinInEqExample0.key 
229552     DEBUG main            d.u.i.k.p.i.AbstractProblemLoader Environment load took 121.3ns 
229553     INFO  main            d.u.i.k.p.i.AbstractProblemLoader Creating init config 
231807     DEBUG main            d.u.i.k.p.i.AbstractProblemLoader Init config took 2.25s 
231819     INFO  main            d.u.i.k.p.i.AbstractProblemLoader Replaying proof nonLinInEqExample0.key 
231820     DEBUG main            d.u.i.k.p.i.IntermediateProofReplayer Proof replay took 3.2ns 
231922     INFO  main            d.u.i.k.p.r.p.TestFile    ... finished proof: closed. 
232212     INFO  main            d.u.i.k.p.i.AbstractProblemLoader Loading environment from /home/runner/work/key/key/key.core/../key.ui/examples/standard_key/inEqSimp/nonLinInEqExample0.key.proof 
232212     DEBUG main            d.u.i.k.p.i.AbstractProblemLoader Environment load took 129.8ns 
232214     INFO  main            d.u.i.k.p.i.AbstractProblemLoader Creating init config 
234388     DEBUG main            d.u.i.k.p.i.AbstractProblemLoader Init config took 2.17s 
234404     INFO  main            d.u.i.k.p.i.AbstractProblemLoader Replaying proof nonLinInEqExample0.key.proof 
234406     DEBUG main            d.u.i.k.p.i.IntermediateProofReplayer Proof replay took 654ns 
234407     DEBUG main            d.u.i.k.p.r.p.TestFile    ... success: reloaded. 
234408     INFO  main            d.u.i.k.p.r.p.TestFile    Now processing file /home/runner/work/key/key/key.core/../key.ui/examples/standard_key/inEqSimp/nonLinInEqExample2.key 
234409     INFO  main            d.u.i.k.p.i.AbstractProblemLoader Loading environment from /home/runner/work/key/key/key.core/../key.ui/examples/standard_key/inEqSimp/nonLinInEqExample2.key 
234409     DEBUG main            d.u.i.k.p.i.AbstractProblemLoader Environment load took 225.4ns 
234412     INFO  main            d.u.i.k.p.i.AbstractProblemLoader Creating init config 
236700     DEBUG main            d.u.i.k.p.i.AbstractProblemLoader Init config took 2.29s 
236711     INFO  main            d.u.i.k.p.i.AbstractProblemLoader Replaying proof nonLinInEqExample2.key 
236713     DEBUG main            d.u.i.k.p.i.IntermediateProofReplayer Proof replay took 21.4ns 
237035     INFO  main            d.u.i.k.p.r.p.TestFile    ... finished proof: closed. 
237343     INFO  main            d.u.i.k.p.i.AbstractProblemLoader Loading environment from /home/runner/work/key/key/key.core/../key.ui/examples/standard_key/inEqSimp/nonLinInEqExample2.key.proof 
237344     DEBUG main            d.u.i.k.p.i.AbstractProblemLoader Environment load took 90.1ns 
237345     INFO  main            d.u.i.k.p.i.AbstractProblemLoader Creating init config 
239591     DEBUG main            d.u.i.k.p.i.AbstractProblemLoader Init config took 2.25s 
239604     INFO  main            d.u.i.k.p.i.AbstractProblemLoader Replaying proof nonLinInEqExample2.key.proof 
239633     DEBUG main            d.u.i.k.p.i.IntermediateProofReplayer Proof replay took 25.75ms 
239634     DEBUG main            d.u.i.k.p.r.p.TestFile    ... success: reloaded. 
239635     INFO  main            d.u.i.k.p.r.p.TestFile    Now processing file /home/runner/work/key/key/key.core/../key.ui/examples/standard_key/inEqSimp/nonLinInEqExample3.key 
239636     INFO  main            d.u.i.k.p.i.AbstractProblemLoader Loading environment from /home/runner/work/key/key/key.core/../key.ui/examples/standard_key/inEqSimp/nonLinInEqExample3.key 
239636     DEBUG main            d.u.i.k.p.i.AbstractProblemLoader Environment load took 110.5ns 
239637     INFO  main            d.u.i.k.p.i.AbstractProblemLoader Creating init config 
241920     DEBUG main            d.u.i.k.p.i.AbstractProblemLoader Init config took 2.28s 
241935     INFO  main            d.u.i.k.p.i.AbstractProblemLoader Replaying proof nonLinInEqExample3.key 
241937     DEBUG main            d.u.i.k.p.i.IntermediateProofReplayer Proof replay took 4.1ns 
242139     INFO  main            d.u.i.k.p.r.p.TestFile    ... finished proof: closed. 
242466     INFO  main            d.u.i.k.p.i.AbstractProblemLoader Loading environment from /home/runner/work/key/key/key.core/../key.ui/examples/standard_key/inEqSimp/nonLinInEqExample3.key.proof 
242467     DEBUG main            d.u.i.k.p.i.AbstractProblemLoader Environment load took 113.3ns 
242468     INFO  main            d.u.i.k.p.i.AbstractProblemLoader Creating init config 
244650     DEBUG main            d.u.i.k.p.i.AbstractProblemLoader Init config took 2.18s 
244664     INFO  main            d.u.i.k.p.i.AbstractProblemLoader Replaying proof nonLinInEqExample3.key.proof 
244678     DEBUG main            d.u.i.k.p.i.IntermediateProofReplayer Proof replay took 12.23ms 
244679     DEBUG main            d.u.i.k.p.r.p.TestFile    ... success: reloaded. 
244679     INFO  main            d.u.i.k.p.r.p.TestFile    Now processing file /home/runner/work/key/key/key.core/../key.ui/examples/standard_key/inEqSimp/nonLinInEqExample4.key 
244680     INFO  main            d.u.i.k.p.i.AbstractProblemLoader Loading environment from /home/runner/work/key/key/key.core/../key.ui/examples/standard_key/inEqSimp/nonLinInEqExample4.key 
244680     DEBUG main            d.u.i.k.p.i.AbstractProblemLoader Environment load took 92.6ns 
244681     INFO  main            d.u.i.k.p.i.AbstractProblemLoader Creating init config 
246962     DEBUG main            d.u.i.k.p.i.AbstractProblemLoader Init config took 2.28s 
246974     INFO  main            d.u.i.k.p.i.AbstractProblemLoader Replaying proof nonLinInEqExample4.key 
246975     DEBUG main            d.u.i.k.p.i.IntermediateProofReplayer Proof replay took 3.3ns 
247077     INFO  main            d.u.i.k.p.r.p.TestFile    ... finished proof: closed. 
247401     INFO  main            d.u.i.k.p.i.AbstractProblemLoader Loading environment from /home/runner/work/key/key/key.core/../key.ui/examples/standard_key/inEqSimp/nonLinInEqExample4.key.proof 
247401     DEBUG main            d.u.i.k.p.i.AbstractProblemLoader Environment load took 87.1ns 
247402     INFO  main            d.u.i.k.p.i.AbstractProblemLoader Creating init config 
249583     DEBUG main            d.u.i.k.p.i.AbstractProblemLoader Init config took 2.18s 
249596     INFO  main            d.u.i.k.p.i.AbstractProblemLoader Replaying proof nonLinInEqExample4.key.proof 
249601     DEBUG main            d.u.i.k.p.i.IntermediateProofReplayer Proof replay took 3ms 
249602     DEBUG main            d.u.i.k.p.r.p.TestFile    ... success: reloaded. 
249602     INFO  main            d.u.i.k.p.r.p.TestFile    Now processing file /home/runner/work/key/key/key.core/../key.ui/examples/standard_key/inEqSimp/quadraticInEq.key 
249603     INFO  main            d.u.i.k.p.i.AbstractProblemLoader Loading environment from /home/runner/work/key/key/key.core/../key.ui/examples/standard_key/inEqSimp/quadraticInEq.key 
249603     DEBUG main            d.u.i.k.p.i.AbstractProblemLoader Environment load took 140.7ns 
249604     INFO  main            d.u.i.k.p.i.AbstractProblemLoader Creating init config 
251802     DEBUG main            d.u.i.k.p.i.AbstractProblemLoader Init config took 2.2s 
251814     INFO  main            d.u.i.k.p.i.AbstractProblemLoader Replaying proof quadraticInEq.key 
251816     DEBUG main            d.u.i.k.p.i.IntermediateProofReplayer Proof replay took 4.1ns 
252221     INFO  main            d.u.i.k.p.r.p.TestFile    ... finished proof: closed. 
252540     INFO  main            d.u.i.k.p.i.AbstractProblemLoader Loading environment from /home/runner/work/key/key/key.core/../key.ui/examples/standard_key/inEqSimp/quadraticInEq.key.proof 
252540     DEBUG main            d.u.i.k.p.i.AbstractProblemLoader Environment load took 167.8ns 
252541     INFO  main            d.u.i.k.p.i.AbstractProblemLoader Creating init config 
254755     DEBUG main            d.u.i.k.p.i.AbstractProblemLoader Init config took 2.21s 
254767     INFO  main            d.u.i.k.p.i.AbstractProblemLoader Replaying proof quadraticInEq.key.proof 
254805     DEBUG main            d.u.i.k.p.i.IntermediateProofReplayer Proof replay took 33.68ms 
254806     DEBUG main            d.u.i.k.p.r.p.TestFile    ... success: reloaded. 
254807     INFO  main            d.u.i.k.p.r.p.TestFile    Now processing file /home/runner/work/key/key/key.core/../key.ui/examples/standard_key/inEqSimp/quadraticInEq10.key 
254807     INFO  main            d.u.i.k.p.i.AbstractProblemLoader Loading environment from /home/runner/work/key/key/key.core/../key.ui/examples/standard_key/inEqSimp/quadraticInEq10.key 
254807     DEBUG main            d.u.i.k.p.i.AbstractProblemLoader Environment load took 124.5ns 
254808     INFO  main            d.u.i.k.p.i.AbstractProblemLoader Creating init config 
257087     DEBUG main            d.u.i.k.p.i.AbstractProblemLoader Init config took 2.28s 
257099     INFO  main            d.u.i.k.p.i.AbstractProblemLoader Replaying proof quadraticInEq10.key 
257100     DEBUG main            d.u.i.k.p.i.IntermediateProofReplayer Proof replay took 3.9ns 
257302     INFO  main            d.u.i.k.p.r.p.TestFile    ... finished proof: closed. 
257656     INFO  main            d.u.i.k.p.i.AbstractProblemLoader Loading environment from /home/runner/work/key/key/key.core/../key.ui/examples/standard_key/inEqSimp/quadraticInEq10.key.proof 
257656     DEBUG main            d.u.i.k.p.i.AbstractProblemLoader Environment load took 103.3ns 
257658     INFO  main            d.u.i.k.p.i.AbstractProblemLoader Creating init config 
259830     DEBUG main            d.u.i.k.p.i.AbstractProblemLoader Init config took 2.17s 
259842     INFO  main            d.u.i.k.p.i.AbstractProblemLoader Replaying proof quadraticInEq10.key.proof 
259857     DEBUG main            d.u.i.k.p.i.IntermediateProofReplayer Proof replay took 13.03ms 
259858     DEBUG main            d.u.i.k.p.r.p.TestFile    ... success: reloaded. 
259858     INFO  main            d.u.i.k.p.r.p.TestFile    Now processing file /home/runner/work/key/key/key.core/../key.ui/examples/standard_key/inEqSimp/quadraticInEq13.key 
259859     INFO  main            d.u.i.k.p.i.AbstractProblemLoader Loading environment from /home/runner/work/key/key/key.core/../key.ui/examples/standard_key/inEqSimp/quadraticInEq13.key 
259859     DEBUG main            d.u.i.k.p.i.AbstractProblemLoader Environment load took 80.1ns 
259860     INFO  main            d.u.i.k.p.i.AbstractProblemLoader Creating init config 
262072     DEBUG main            d.u.i.k.p.i.AbstractProblemLoader Init config took 2.21s 
262084     INFO  main            d.u.i.k.p.i.AbstractProblemLoader Replaying proof quadraticInEq13.key 
262085     DEBUG main            d.u.i.k.p.i.IntermediateProofReplayer Proof replay took 4ns 
262287     INFO  main            d.u.i.k.p.r.p.TestFile    ... finished proof: closed. 
262656     INFO  main            d.u.i.k.p.i.AbstractProblemLoader Loading environment from /home/runner/work/key/key/key.core/../key.ui/examples/standard_key/inEqSimp/quadraticInEq13.key.proof 
262656     DEBUG main            d.u.i.k.p.i.AbstractProblemLoader Environment load took 86.8ns 
262658     INFO  main            d.u.i.k.p.i.AbstractProblemLoader Creating init config 
264854     DEBUG main            d.u.i.k.p.i.AbstractProblemLoader Init config took 2.2s 
264866     INFO  main            d.u.i.k.p.i.AbstractProblemLoader Replaying proof quadraticInEq13.key.proof 
264880     DEBUG main            d.u.i.k.p.i.IntermediateProofReplayer Proof replay took 11.12ms 
264880     DEBUG main            d.u.i.k.p.r.p.TestFile    ... success: reloaded. 
264881     INFO  main            d.u.i.k.p.r.p.TestFile    Now processing file /home/runner/work/key/key/key.core/../key.ui/examples/standard_key/inEqSimp/quadraticInEq14.key 
264882     INFO  main            d.u.i.k.p.i.AbstractProblemLoader Loading environment from /home/runner/work/key/key/key.core/../key.ui/examples/standard_key/inEqSimp/quadraticInEq14.key 
264882     DEBUG main            d.u.i.k.p.i.AbstractProblemLoader Environment load took 93.3ns 
264883     INFO  main            d.u.i.k.p.i.AbstractProblemLoader Creating init config 
267062     DEBUG main            d.u.i.k.p.i.AbstractProblemLoader Init config took 2.18s 
267074     INFO  main            d.u.i.k.p.i.AbstractProblemLoader Replaying proof quadraticInEq14.key 
267075     DEBUG main            d.u.i.k.p.i.IntermediateProofReplayer Proof replay took 3.7ns 
267399     INFO  main            d.u.i.k.p.r.p.TestFile    ... finished proof: closed. 
267755     INFO  main            d.u.i.k.p.i.AbstractProblemLoader Loading environment from /home/runner/work/key/key/key.core/../key.ui/examples/standard_key/inEqSimp/quadraticInEq14.key.proof 
267755     DEBUG main            d.u.i.k.p.i.AbstractProblemLoader Environment load took 84ns 
267756     INFO  main            d.u.i.k.p.i.AbstractProblemLoader Creating init config 
269920     DEBUG main            d.u.i.k.p.i.AbstractProblemLoader Init config took 2.16s 
269932     INFO  main            d.u.i.k.p.i.AbstractProblemLoader Replaying proof quadraticInEq14.key.proof 
269950     DEBUG main            d.u.i.k.p.i.IntermediateProofReplayer Proof replay took 14.75ms 
269950     DEBUG main            d.u.i.k.p.r.p.TestFile    ... success: reloaded. 
269956     INFO  main            d.u.i.k.p.r.p.TestFile    Now processing file /home/runner/work/key/key/key.core/../key.ui/examples/standard_key/inEqSimp/quadraticInEq2.key 
269957     INFO  main            d.u.i.k.p.i.AbstractProblemLoader Loading environment from /home/runner/work/key/key/key.core/../key.ui/examples/standard_key/inEqSimp/quadraticInEq2.key 
269957     DEBUG main            d.u.i.k.p.i.AbstractProblemLoader Environment load took 122.4ns 
269958     INFO  main            d.u.i.k.p.i.AbstractProblemLoader Creating init config 
272189     DEBUG main            d.u.i.k.p.i.AbstractProblemLoader Init config took 2.23s 
272201     INFO  main            d.u.i.k.p.i.AbstractProblemLoader Replaying proof quadraticInEq2.key 
272202     DEBUG main            d.u.i.k.p.i.IntermediateProofReplayer Proof replay took 3.5ns 
272304     INFO  main            d.u.i.k.p.r.p.TestFile    ... finished proof: closed. 
272663     INFO  main            d.u.i.k.p.i.AbstractProblemLoader Loading environment from /home/runner/work/key/key/key.core/../key.ui/examples/standard_key/inEqSimp/quadraticInEq2.key.proof 
272663     DEBUG main            d.u.i.k.p.i.AbstractProblemLoader Environment load took 86.1ns 
272664     INFO  main            d.u.i.k.p.i.AbstractProblemLoader Creating init config 
274856     DEBUG main            d.u.i.k.p.i.AbstractProblemLoader Init config took 2.19s 
274868     INFO  main            d.u.i.k.p.i.AbstractProblemLoader Replaying proof quadraticInEq2.key.proof 
274872     DEBUG main            d.u.i.k.p.i.IntermediateProofReplayer Proof replay took 1.9ms 
274872     DEBUG main            d.u.i.k.p.r.p.TestFile    ... success: reloaded. 
274873     INFO  main            d.u.i.k.p.r.p.TestFile    Now processing file /home/runner/work/key/key/key.core/../key.ui/examples/standard_key/inEqSimp/quadraticInEq3.key 
274873     INFO  main            d.u.i.k.p.i.AbstractProblemLoader Loading environment from /home/runner/work/key/key/key.core/../key.ui/examples/standard_key/inEqSimp/quadraticInEq3.key 
274874     DEBUG main            d.u.i.k.p.i.AbstractProblemLoader Environment load took 148.4ns 
274875     INFO  main            d.u.i.k.p.i.AbstractProblemLoader Creating init config 
277064     DEBUG main            d.u.i.k.p.i.AbstractProblemLoader Init config took 2.19s 
277078     INFO  main            d.u.i.k.p.i.AbstractProblemLoader Replaying proof quadraticInEq3.key 
277079     DEBUG main            d.u.i.k.p.i.IntermediateProofReplayer Proof replay took 3.3ns 
277181     INFO  main            d.u.i.k.p.r.p.TestFile    ... finished proof: closed. 
277542     INFO  main            d.u.i.k.p.i.AbstractProblemLoader Loading environment from /home/runner/work/key/key/key.core/../key.ui/examples/standard_key/inEqSimp/quadraticInEq3.key.proof 
277542     DEBUG main            d.u.i.k.p.i.AbstractProblemLoader Environment load took 81.8ns 
277543     INFO  main            d.u.i.k.p.i.AbstractProblemLoader Creating init config 
279733     DEBUG main            d.u.i.k.p.i.AbstractProblemLoader Init config took 2.19s 
279746     INFO  main            d.u.i.k.p.i.AbstractProblemLoader Replaying proof quadraticInEq3.key.proof 
279752     DEBUG main            d.u.i.k.p.i.IntermediateProofReplayer Proof replay took 4.83ms 
279752     DEBUG main            d.u.i.k.p.r.p.TestFile    ... success: reloaded. 
279753     INFO  main            d.u.i.k.p.r.p.TestFile    Now processing file /home/runner/work/key/key/key.core/../key.ui/examples/standard_key/inEqSimp/quadraticInEq4.key 
279754     INFO  main            d.u.i.k.p.i.AbstractProblemLoader Loading environment from /home/runner/work/key/key/key.core/../key.ui/examples/standard_key/inEqSimp/quadraticInEq4.key 
279754     DEBUG main            d.u.i.k.p.i.AbstractProblemLoader Environment load took 105.7ns 
279755     INFO  main            d.u.i.k.p.i.AbstractProblemLoader Creating init config 
281954     DEBUG main            d.u.i.k.p.i.AbstractProblemLoader Init config took 2.2s 
281966     INFO  main            d.u.i.k.p.i.AbstractProblemLoader Replaying proof quadraticInEq4.key 
281967     DEBUG main            d.u.i.k.p.i.IntermediateProofReplayer Proof replay took 3.5ns 
282069     INFO  main            d.u.i.k.p.r.p.TestFile    ... finished proof: closed. 
282422     INFO  main            d.u.i.k.p.i.AbstractProblemLoader Loading environment from /home/runner/work/key/key/key.core/../key.ui/examples/standard_key/inEqSimp/quadraticInEq4.key.proof 
282422     DEBUG main            d.u.i.k.p.i.AbstractProblemLoader Environment load took 79.5ns 
282423     INFO  main            d.u.i.k.p.i.AbstractProblemLoader Creating init config 
284575     DEBUG main            d.u.i.k.p.i.AbstractProblemLoader Init config took 2.15s 
284587     INFO  main            d.u.i.k.p.i.AbstractProblemLoader Replaying proof quadraticInEq4.key.proof 
284591     DEBUG main            d.u.i.k.p.i.IntermediateProofReplayer Proof replay took 2.95ms 
284592     DEBUG main            d.u.i.k.p.r.p.TestFile    ... success: reloaded. 
284592     INFO  main            d.u.i.k.p.r.p.TestFile    Now processing file /home/runner/work/key/key/key.core/../key.ui/examples/standard_key/inEqSimp/quadraticInEq5.key 
284593     INFO  main            d.u.i.k.p.i.AbstractProblemLoader Loading environment from /home/runner/work/key/key/key.core/../key.ui/examples/standard_key/inEqSimp/quadraticInEq5.key 
284593     DEBUG main            d.u.i.k.p.i.AbstractProblemLoader Environment load took 100.5ns 
284594     INFO  main            d.u.i.k.p.i.AbstractProblemLoader Creating init config 
286840     DEBUG main            d.u.i.k.p.i.AbstractProblemLoader Init config took 2.25s 
286870     INFO  main            d.u.i.k.p.i.AbstractProblemLoader Replaying proof quadraticInEq5.key 
286871     DEBUG main            d.u.i.k.p.i.IntermediateProofReplayer Proof replay took 3.7ns 
286973     INFO  main            d.u.i.k.p.r.p.TestFile    ... finished proof: closed. 
287326     INFO  main            d.u.i.k.p.i.AbstractProblemLoader Loading environment from /home/runner/work/key/key/key.core/../key.ui/examples/standard_key/inEqSimp/quadraticInEq5.key.proof 
287326     DEBUG main            d.u.i.k.p.i.AbstractProblemLoader Environment load took 80.6ns 
287327     INFO  main            d.u.i.k.p.i.AbstractProblemLoader Creating init config 
289615     DEBUG main            d.u.i.k.p.i.AbstractProblemLoader Init config took 2.29s 
289628     INFO  main            d.u.i.k.p.i.AbstractProblemLoader Replaying proof quadraticInEq5.key.proof 
289633     DEBUG main            d.u.i.k.p.i.IntermediateProofReplayer Proof replay took 3.33ms 
289634     DEBUG main            d.u.i.k.p.r.p.TestFile    ... success: reloaded. 
289635     INFO  main            d.u.i.k.p.r.p.TestFile    Now processing file /home/runner/work/key/key/key.core/../key.ui/examples/standard_key/inEqSimp/quadraticInEq6.key 
289635     INFO  main            d.u.i.k.p.i.AbstractProblemLoader Loading environment from /home/runner/work/key/key/key.core/../key.ui/examples/standard_key/inEqSimp/quadraticInEq6.key 
289635     DEBUG main            d.u.i.k.p.i.AbstractProblemLoader Environment load took 96.1ns 
289636     INFO  main            d.u.i.k.p.i.AbstractProblemLoader Creating init config 
291906     DEBUG main            d.u.i.k.p.i.AbstractProblemLoader Init config took 2.27s 
291931     INFO  main            d.u.i.k.p.i.AbstractProblemLoader Replaying proof quadraticInEq6.key 
291933     DEBUG main            d.u.i.k.p.i.IntermediateProofReplayer Proof replay took 4.4ns 
292035     INFO  main            d.u.i.k.p.r.p.TestFile    ... finished proof: closed. 
292395     INFO  main            d.u.i.k.p.i.AbstractProblemLoader Loading environment from /home/runner/work/key/key/key.core/../key.ui/examples/standard_key/inEqSimp/quadraticInEq6.key.proof 
292396     DEBUG main            d.u.i.k.p.i.AbstractProblemLoader Environment load took 81.4ns 
292397     INFO  main            d.u.i.k.p.i.AbstractProblemLoader Creating init config 
294589     DEBUG main            d.u.i.k.p.i.AbstractProblemLoader Init config took 2.19s 
294601     INFO  main            d.u.i.k.p.i.AbstractProblemLoader Replaying proof quadraticInEq6.key.proof 
294606     DEBUG main            d.u.i.k.p.i.IntermediateProofReplayer Proof replay took 4.09ms 
294607     DEBUG main            d.u.i.k.p.r.p.TestFile    ... success: reloaded. 
294608     INFO  main            d.u.i.k.p.r.p.TestFile    Now processing file /home/runner/work/key/key/key.core/../key.ui/examples/standard_key/inEqSimp/quadraticInEq7.key 
294608     INFO  main            d.u.i.k.p.i.AbstractProblemLoader Loading environment from /home/runner/work/key/key/key.core/../key.ui/examples/standard_key/inEqSimp/quadraticInEq7.key 
294608     DEBUG main            d.u.i.k.p.i.AbstractProblemLoader Environment load took 90.5ns 
294609     INFO  main            d.u.i.k.p.i.AbstractProblemLoader Creating init config 
296791     DEBUG main            d.u.i.k.p.i.AbstractProblemLoader Init config took 2.18s 
296805     INFO  main            d.u.i.k.p.i.AbstractProblemLoader Replaying proof quadraticInEq7.key 
296806     DEBUG main            d.u.i.k.p.i.IntermediateProofReplayer Proof replay took 3.8ns 
296908     INFO  main            d.u.i.k.p.r.p.TestFile    ... finished proof: closed. 
297277     INFO  main            d.u.i.k.p.i.AbstractProblemLoader Loading environment from /home/runner/work/key/key/key.core/../key.ui/examples/standard_key/inEqSimp/quadraticInEq7.key.proof 
297277     DEBUG main            d.u.i.k.p.i.AbstractProblemLoader Environment load took 89.5ns 
297278     INFO  main            d.u.i.k.p.i.AbstractProblemLoader Creating init config 
299451     DEBUG main            d.u.i.k.p.i.AbstractProblemLoader Init config took 2.17s 
299463     INFO  main            d.u.i.k.p.i.AbstractProblemLoader Replaying proof quadraticInEq7.key.proof 
299466     DEBUG main            d.u.i.k.p.i.IntermediateProofReplayer Proof replay took 1.55ms 
299467     DEBUG main            d.u.i.k.p.r.p.TestFile    ... success: reloaded. 
299468     INFO  main            d.u.i.k.p.r.p.TestFile    Now processing file /home/runner/work/key/key/key.core/../key.ui/examples/standard_key/inEqSimp/quadraticInEq8.key 
299468     INFO  main            d.u.i.k.p.i.AbstractProblemLoader Loading environment from /home/runner/work/key/key/key.core/../key.ui/examples/standard_key/inEqSimp/quadraticInEq8.key 
299468     DEBUG main            d.u.i.k.p.i.AbstractProblemLoader Environment load took 108.5ns 
299469     INFO  main            d.u.i.k.p.i.AbstractProblemLoader Creating init config 
301709     DEBUG main            d.u.i.k.p.i.AbstractProblemLoader Init config took 2.24s 
301721     INFO  main            d.u.i.k.p.i.AbstractProblemLoader Replaying proof quadraticInEq8.key 
301723     DEBUG main            d.u.i.k.p.i.IntermediateProofReplayer Proof replay took 4.1ns 
301825     INFO  main            d.u.i.k.p.r.p.TestFile    ... finished proof: closed. 
302206     INFO  main            d.u.i.k.p.i.AbstractProblemLoader Loading environment from /home/runner/work/key/key/key.core/../key.ui/examples/standard_key/inEqSimp/quadraticInEq8.key.proof 
302206     DEBUG main            d.u.i.k.p.i.AbstractProblemLoader Environment load took 89.9ns 
302207     INFO  main            d.u.i.k.p.i.AbstractProblemLoader Creating init config 
304417     DEBUG main            d.u.i.k.p.i.AbstractProblemLoader Init config took 2.21s 
304431     INFO  main            d.u.i.k.p.i.AbstractProblemLoader Replaying proof quadraticInEq8.key.proof 
304439     DEBUG main            d.u.i.k.p.i.IntermediateProofReplayer Proof replay took 4.61ms 
304440     DEBUG main            d.u.i.k.p.r.p.TestFile    ... success: reloaded. 
304441     INFO  main            d.u.i.k.p.r.p.TestFile    Now processing file /home/runner/work/key/key/key.core/../key.ui/examples/standard_key/inEqSimp/simplify0.key 
304441     INFO  main            d.u.i.k.p.i.AbstractProblemLoader Loading environment from /home/runner/work/key/key/key.core/../key.ui/examples/standard_key/inEqSimp/simplify0.key 
304441     DEBUG main            d.u.i.k.p.i.AbstractProblemLoader Environment load took 50.3ns 
304442     INFO  main            d.u.i.k.p.i.AbstractProblemLoader Creating init config 
306676     DEBUG main            d.u.i.k.p.i.AbstractProblemLoader Init config took 2.23s 
306693     INFO  main            d.u.i.k.p.i.AbstractProblemLoader Replaying proof simplify0.key 
306694     DEBUG main            d.u.i.k.p.i.IntermediateProofReplayer Proof replay took 3.6ns 
306796     INFO  main            d.u.i.k.p.r.p.TestFile    ... finished proof: closed. 
307201     INFO  main            d.u.i.k.p.i.AbstractProblemLoader Loading environment from /home/runner/work/key/key/key.core/../key.ui/examples/standard_key/inEqSimp/simplify0.key.proof 
307202     DEBUG main            d.u.i.k.p.i.AbstractProblemLoader Environment load took 82.5ns 
307202     INFO  main            d.u.i.k.p.i.AbstractProblemLoader Creating init config 
309428     DEBUG main            d.u.i.k.p.i.AbstractProblemLoader Init config took 2.23s 
309441     INFO  main            d.u.i.k.p.i.AbstractProblemLoader Replaying proof simplify0.key.proof 
309444     DEBUG main            d.u.i.k.p.i.IntermediateProofReplayer Proof replay took 855.3ns 
309444     DEBUG main            d.u.i.k.p.r.p.TestFile    ... success: reloaded. 
309445     INFO  main            d.u.i.k.p.r.p.TestFile    Now processing file /home/runner/work/key/key/key.core/../key.ui/examples/standard_key/inEqSimp/simplify1.key 
309445     INFO  main            d.u.i.k.p.i.AbstractProblemLoader Loading environment from /home/runner/work/key/key/key.core/../key.ui/examples/standard_key/inEqSimp/simplify1.key 
309445     DEBUG main            d.u.i.k.p.i.AbstractProblemLoader Environment load took 70.9ns 
309446     INFO  main            d.u.i.k.p.i.AbstractProblemLoader Creating init config 
311644     DEBUG main            d.u.i.k.p.i.AbstractProblemLoader Init config took 2.2s 
311656     INFO  main            d.u.i.k.p.i.AbstractProblemLoader Replaying proof simplify1.key 
311657     DEBUG main            d.u.i.k.p.i.IntermediateProofReplayer Proof replay took 3.7ns 
311758     INFO  main            d.u.i.k.p.r.p.TestFile    ... finished proof: closed. 
312152     INFO  main            d.u.i.k.p.i.AbstractProblemLoader Loading environment from /home/runner/work/key/key/key.core/../key.ui/examples/standard_key/inEqSimp/simplify1.key.proof 
312152     DEBUG main            d.u.i.k.p.i.AbstractProblemLoader Environment load took 73.6ns 
312153     INFO  main            d.u.i.k.p.i.AbstractProblemLoader Creating init config 
314317     DEBUG main            d.u.i.k.p.i.AbstractProblemLoader Init config took 2.16s 
314328     INFO  main            d.u.i.k.p.i.AbstractProblemLoader Replaying proof simplify1.key.proof 
314330     DEBUG main            d.u.i.k.p.i.IntermediateProofReplayer Proof replay took 845.1ns 
314331     DEBUG main            d.u.i.k.p.r.p.TestFile    ... success: reloaded. 
314331     INFO  main            d.u.i.k.p.r.p.TestFile    Now processing file /home/runner/work/key/key/key.core/../key.ui/examples/standard_key/inEqSimp/simplify2.key 
314331     INFO  main            d.u.i.k.p.i.AbstractProblemLoader Loading environment from /home/runner/work/key/key/key.core/../key.ui/examples/standard_key/inEqSimp/simplify2.key 
314331     DEBUG main            d.u.i.k.p.i.AbstractProblemLoader Environment load took 51ns 
314332     INFO  main            d.u.i.k.p.i.AbstractProblemLoader Creating init config 
316567     DEBUG main            d.u.i.k.p.i.AbstractProblemLoader Init config took 2.24s 
316579     INFO  main            d.u.i.k.p.i.AbstractProblemLoader Replaying proof simplify2.key 
316580     DEBUG main            d.u.i.k.p.i.IntermediateProofReplayer Proof replay took 3.9ns 
316681     INFO  main            d.u.i.k.p.r.p.TestFile    ... finished proof: closed. 
317088     INFO  main            d.u.i.k.p.i.AbstractProblemLoader Loading environment from /home/runner/work/key/key/key.core/../key.ui/examples/standard_key/inEqSimp/simplify2.key.proof 
317088     DEBUG main            d.u.i.k.p.i.AbstractProblemLoader Environment load took 76.4ns 
317089     INFO  main            d.u.i.k.p.i.AbstractProblemLoader Creating init config 
319331     DEBUG main            d.u.i.k.p.i.AbstractProblemLoader Init config took 2.24s 
319344     INFO  main            d.u.i.k.p.i.AbstractProblemLoader Replaying proof simplify2.key.proof 
319354     DEBUG main            d.u.i.k.p.i.IntermediateProofReplayer Proof replay took 8.03ms 
319355     DEBUG main            d.u.i.k.p.r.p.TestFile    ... success: reloaded. 
319355     INFO  main            d.u.i.k.p.r.p.TestFile    Now processing file /home/runner/work/key/key/key.core/../key.ui/examples/standard_key/inEqSimp/simplify3.key 
319355     INFO  main            d.u.i.k.p.i.AbstractProblemLoader Loading environment from /home/runner/work/key/key/key.core/../key.ui/examples/standard_key/inEqSimp/simplify3.key 
319355     DEBUG main            d.u.i.k.p.i.AbstractProblemLoader Environment load took 53.7ns 
319356     INFO  main            d.u.i.k.p.i.AbstractProblemLoader Creating init config 
321693     DEBUG main            d.u.i.k.p.i.AbstractProblemLoader Init config took 2.34s 
321707     INFO  main            d.u.i.k.p.i.AbstractProblemLoader Replaying proof simplify3.key 
321708     DEBUG main            d.u.i.k.p.i.IntermediateProofReplayer Proof replay took 3.3ns 
321810     INFO  main            d.u.i.k.p.r.p.TestFile    ... finished proof: closed. 
322232     INFO  main            d.u.i.k.p.i.AbstractProblemLoader Loading environment from /home/runner/work/key/key/key.core/../key.ui/examples/standard_key/inEqSimp/simplify3.key.proof 
322232     DEBUG main            d.u.i.k.p.i.AbstractProblemLoader Environment load took 72.9ns 
322233     INFO  main            d.u.i.k.p.i.AbstractProblemLoader Creating init config 
324544     DEBUG main            d.u.i.k.p.i.AbstractProblemLoader Init config took 2.31s 
324558     INFO  main            d.u.i.k.p.i.AbstractProblemLoader Replaying proof simplify3.key.proof 
324562     DEBUG main            d.u.i.k.p.i.IntermediateProofReplayer Proof replay took 1.85ms 
324562     DEBUG main            d.u.i.k.p.r.p.TestFile    ... success: reloaded. 
324563     INFO  main            d.u.i.k.p.r.p.TestFile    Now processing file /home/runner/work/key/key/key.core/../key.ui/examples/standard_key/inEqSimp/simplify4.key 
324563     INFO  main            d.u.i.k.p.i.AbstractProblemLoader Loading environment from /home/runner/work/key/key/key.core/../key.ui/examples/standard_key/inEqSimp/simplify4.key 
324563     DEBUG main            d.u.i.k.p.i.AbstractProblemLoader Environment load took 93.2ns 
324564     INFO  main            d.u.i.k.p.i.AbstractProblemLoader Creating init config 
326834     DEBUG main            d.u.i.k.p.i.AbstractProblemLoader Init config took 2.27s 
326848     INFO  main            d.u.i.k.p.i.AbstractProblemLoader Replaying proof simplify4.key 
326849     DEBUG main            d.u.i.k.p.i.IntermediateProofReplayer Proof replay took 3.4ns 
326951     INFO  main            d.u.i.k.p.r.p.TestFile    ... finished proof: closed. 
327371     INFO  main            d.u.i.k.p.i.AbstractProblemLoader Loading environment from /home/runner/work/key/key/key.core/../key.ui/examples/standard_key/inEqSimp/simplify4.key.proof 
327371     DEBUG main            d.u.i.k.p.i.AbstractProblemLoader Environment load took 74ns 
327372     INFO  main            d.u.i.k.p.i.AbstractProblemLoader Creating init config 
329578     DEBUG main            d.u.i.k.p.i.AbstractProblemLoader Init config took 2.21s 
329591     INFO  main            d.u.i.k.p.i.AbstractProblemLoader Replaying proof simplify4.key.proof 
329598     DEBUG main            d.u.i.k.p.i.IntermediateProofReplayer Proof replay took 5.17ms 
329598     DEBUG main            d.u.i.k.p.r.p.TestFile    ... success: reloaded. 
329599     INFO  main            d.u.i.k.p.r.p.TestFile    Now processing file /home/runner/work/key/key/key.core/../key.ui/examples/standard_key/inEqSimp/simplify5.key 
329599     INFO  main            d.u.i.k.p.i.AbstractProblemLoader Loading environment from /home/runner/work/key/key/key.core/../key.ui/examples/standard_key/inEqSimp/simplify5.key 
329599     DEBUG main            d.u.i.k.p.i.AbstractProblemLoader Environment load took 66.8ns 
329600     INFO  main            d.u.i.k.p.i.AbstractProblemLoader Creating init config 
331993     DEBUG main            d.u.i.k.p.i.AbstractProblemLoader Init config took 2.39s 
332005     INFO  main            d.u.i.k.p.i.AbstractProblemLoader Replaying proof simplify5.key 
332006     DEBUG main            d.u.i.k.p.i.IntermediateProofReplayer Proof replay took 4ns 
332510     INFO  main            d.u.i.k.p.r.p.TestFile    ... finished proof: closed. 
332961     INFO  main            d.u.i.k.p.i.AbstractProblemLoader Loading environment from /home/runner/work/key/key/key.core/../key.ui/examples/standard_key/inEqSimp/simplify5.key.proof 
332961     DEBUG main            d.u.i.k.p.i.AbstractProblemLoader Environment load took 462.8ns 
332963     INFO  main            d.u.i.k.p.i.AbstractProblemLoader Creating init config 
335201     DEBUG main            d.u.i.k.p.i.AbstractProblemLoader Init config took 2.24s 
335215     INFO  main            d.u.i.k.p.i.AbstractProblemLoader Replaying proof simplify5.key.proof 
335267     DEBUG main            d.u.i.k.p.i.IntermediateProofReplayer Proof replay took 47.73ms 
335269     DEBUG main            d.u.i.k.p.r.p.TestFile    ... success: reloaded. 
335269     INFO  main            d.u.i.k.p.r.p.TestFile    Now processing file /home/runner/work/key/key/key.core/../key.ui/examples/standard_key/inEqSimp/subsumptionExample.key 
335270     INFO  main            d.u.i.k.p.i.AbstractProblemLoader Loading environment from /home/runner/work/key/key/key.core/../key.ui/examples/standard_key/inEqSimp/subsumptionExample.key 
335270     DEBUG main            d.u.i.k.p.i.AbstractProblemLoader Environment load took 134.6ns 
335271     INFO  main            d.u.i.k.p.i.AbstractProblemLoader Creating init config 
337634     DEBUG main            d.u.i.k.p.i.AbstractProblemLoader Init config took 2.36s 
337646     INFO  main            d.u.i.k.p.i.AbstractProblemLoader Replaying proof subsumptionExample.key 
337647     DEBUG main            d.u.i.k.p.i.IntermediateProofReplayer Proof replay took 3.8ns 
337749     INFO  main            d.u.i.k.p.r.p.TestFile    ... finished proof: closed. 
338193     INFO  main            d.u.i.k.p.i.AbstractProblemLoader Loading environment from /home/runner/work/key/key/key.core/../key.ui/examples/standard_key/inEqSimp/subsumptionExample.key.proof 
338193     DEBUG main            d.u.i.k.p.i.AbstractProblemLoader Environment load took 70ns 
338194     INFO  main            d.u.i.k.p.i.AbstractProblemLoader Creating init config 
340445     DEBUG main            d.u.i.k.p.i.AbstractProblemLoader Init config took 2.25s 
340458     INFO  main            d.u.i.k.p.i.AbstractProblemLoader Replaying proof subsumptionExample.key.proof 
340460     DEBUG main            d.u.i.k.p.i.IntermediateProofReplayer Proof replay took 1.02ms 
340461     DEBUG main            d.u.i.k.p.r.p.TestFile    ... success: reloaded. 
340461     INFO  main            d.u.i.k.p.r.p.TestFile    Now processing file /home/runner/work/key/key/key.core/../key.ui/examples/standard_key/polySimp/simplify0.key 
340462     INFO  main            d.u.i.k.p.i.AbstractProblemLoader Loading environment from /home/runner/work/key/key/key.core/../key.ui/examples/standard_key/polySimp/simplify0.key 
340462     DEBUG main            d.u.i.k.p.i.AbstractProblemLoader Environment load took 76.6ns 
340463     INFO  main            d.u.i.k.p.i.AbstractProblemLoader Creating init config 
342692     DEBUG main            d.u.i.k.p.i.AbstractProblemLoader Init config took 2.23s 
342706     INFO  main            d.u.i.k.p.i.AbstractProblemLoader Replaying proof simplify0.key 
342707     DEBUG main            d.u.i.k.p.i.IntermediateProofReplayer Proof replay took 3.7ns 
342909     INFO  main            d.u.i.k.p.r.p.TestFile    ... finished proof: closed. 
343385     INFO  main            d.u.i.k.p.i.AbstractProblemLoader Loading environment from /home/runner/work/key/key/key.core/../key.ui/examples/standard_key/polySimp/simplify0.key.proof 
343385     DEBUG main            d.u.i.k.p.i.AbstractProblemLoader Environment load took 75.9ns 
343386     INFO  main            d.u.i.k.p.i.AbstractProblemLoader Creating init config 
345648     DEBUG main            d.u.i.k.p.i.AbstractProblemLoader Init config took 2.26s 
345662     INFO  main            d.u.i.k.p.i.AbstractProblemLoader Replaying proof simplify0.key.proof 
345670     DEBUG main            d.u.i.k.p.i.IntermediateProofReplayer Proof replay took 5.6ms 
345671     DEBUG main            d.u.i.k.p.r.p.TestFile    ... success: reloaded. 
345671     INFO  main            d.u.i.k.p.r.p.TestFile    Now processing file /home/runner/work/key/key/key.core/../key.ui/examples/standard_key/polySimp/simplify1.key 
345671     INFO  main            d.u.i.k.p.i.AbstractProblemLoader Loading environment from /home/runner/work/key/key/key.core/../key.ui/examples/standard_key/polySimp/simplify1.key 
345672     DEBUG main            d.u.i.k.p.i.AbstractProblemLoader Environment load took 91.5ns 
345673     INFO  main            d.u.i.k.p.i.AbstractProblemLoader Creating init config 
347899     DEBUG main            d.u.i.k.p.i.AbstractProblemLoader Init config took 2.23s 
347911     INFO  main            d.u.i.k.p.i.AbstractProblemLoader Replaying proof simplify1.key 
347912     DEBUG main            d.u.i.k.p.i.IntermediateProofReplayer Proof replay took 3.1ns 
348214     INFO  main            d.u.i.k.p.r.p.TestFile    ... finished proof: closed. 
348678     INFO  main            d.u.i.k.p.i.AbstractProblemLoader Loading environment from /home/runner/work/key/key/key.core/../key.ui/examples/standard_key/polySimp/simplify1.key.proof 
348678     DEBUG main            d.u.i.k.p.i.AbstractProblemLoader Environment load took 85.5ns 
348679     INFO  main            d.u.i.k.p.i.AbstractProblemLoader Creating init config 
350863     DEBUG main            d.u.i.k.p.i.AbstractProblemLoader Init config took 2.18s 
350877     INFO  main            d.u.i.k.p.i.AbstractProblemLoader Replaying proof simplify1.key.proof 
350887     DEBUG main            d.u.i.k.p.i.IntermediateProofReplayer Proof replay took 7.76ms 
350888     DEBUG main            d.u.i.k.p.r.p.TestFile    ... success: reloaded. 
350888     INFO  main            d.u.i.k.p.r.p.TestFile    Now processing file /home/runner/work/key/key/key.core/../key.ui/examples/standard_key/polySimp/simplify10.key 
350889     INFO  main            d.u.i.k.p.i.AbstractProblemLoader Loading environment from /home/runner/work/key/key/key.core/../key.ui/examples/standard_key/polySimp/simplify10.key 
350889     DEBUG main            d.u.i.k.p.i.AbstractProblemLoader Environment load took 191.7ns 
350890     INFO  main            d.u.i.k.p.i.AbstractProblemLoader Creating init config 
353117     DEBUG main            d.u.i.k.p.i.AbstractProblemLoader Init config took 2.23s 
353131     INFO  main            d.u.i.k.p.i.AbstractProblemLoader Replaying proof simplify10.key 
353132     DEBUG main            d.u.i.k.p.i.IntermediateProofReplayer Proof replay took 3.8ns 
353436     INFO  main            d.u.i.k.p.r.p.TestFile    ... finished proof: closed. 
353927     INFO  main            d.u.i.k.p.i.AbstractProblemLoader Loading environment from /home/runner/work/key/key/key.core/../key.ui/examples/standard_key/polySimp/simplify10.key.proof 
353927     DEBUG main            d.u.i.k.p.i.AbstractProblemLoader Environment load took 106.8ns 
353928     INFO  main            d.u.i.k.p.i.AbstractProblemLoader Creating init config 
356151     DEBUG main            d.u.i.k.p.i.AbstractProblemLoader Init config took 2.22s 
356164     INFO  main            d.u.i.k.p.i.AbstractProblemLoader Replaying proof simplify10.key.proof 
356177     DEBUG main            d.u.i.k.p.i.IntermediateProofReplayer Proof replay took 9.86ms 
356178     DEBUG main            d.u.i.k.p.r.p.TestFile    ... success: reloaded. 
356179     INFO  main            d.u.i.k.p.r.p.TestFile    Now processing file /home/runner/work/key/key/key.core/../key.ui/examples/standard_key/polySimp/simplify11.key 
356179     INFO  main            d.u.i.k.p.i.AbstractProblemLoader Loading environment from /home/runner/work/key/key/key.core/../key.ui/examples/standard_key/polySimp/simplify11.key 
356179     DEBUG main            d.u.i.k.p.i.AbstractProblemLoader Environment load took 64.9ns 
356180     INFO  main            d.u.i.k.p.i.AbstractProblemLoader Creating init config 
358388     DEBUG main            d.u.i.k.p.i.AbstractProblemLoader Init config took 2.21s 
358400     INFO  main            d.u.i.k.p.i.AbstractProblemLoader Replaying proof simplify11.key 
358401     DEBUG main            d.u.i.k.p.i.IntermediateProofReplayer Proof replay took 3ns 
358604     INFO  main            d.u.i.k.p.r.p.TestFile    ... finished proof: closed. 
359063     INFO  main            d.u.i.k.p.i.AbstractProblemLoader Loading environment from /home/runner/work/key/key/key.core/../key.ui/examples/standard_key/polySimp/simplify11.key.proof 
359063     DEBUG main            d.u.i.k.p.i.AbstractProblemLoader Environment load took 76.4ns 
359065     INFO  main            d.u.i.k.p.i.AbstractProblemLoader Creating init config 
361257     DEBUG main            d.u.i.k.p.i.AbstractProblemLoader Init config took 2.19s 
361270     INFO  main            d.u.i.k.p.i.AbstractProblemLoader Replaying proof simplify11.key.proof 
361281     DEBUG main            d.u.i.k.p.i.IntermediateProofReplayer Proof replay took 8.77ms 
361282     DEBUG main            d.u.i.k.p.r.p.TestFile    ... success: reloaded. 
361282     INFO  main            d.u.i.k.p.r.p.TestFile    Now processing file /home/runner/work/key/key/key.core/../key.ui/examples/standard_key/polySimp/simplify12.key 
361283     INFO  main            d.u.i.k.p.i.AbstractProblemLoader Loading environment from /home/runner/work/key/key/key.core/../key.ui/examples/standard_key/polySimp/simplify12.key 
361283     DEBUG main            d.u.i.k.p.i.AbstractProblemLoader Environment load took 50.9ns 
361283     INFO  main            d.u.i.k.p.i.AbstractProblemLoader Creating init config 
363515     DEBUG main            d.u.i.k.p.i.AbstractProblemLoader Init config took 2.23s 
363526     INFO  main            d.u.i.k.p.i.AbstractProblemLoader Replaying proof simplify12.key 
363527     DEBUG main            d.u.i.k.p.i.IntermediateProofReplayer Proof replay took 21.2ns 
363629     INFO  main            d.u.i.k.p.r.p.TestFile    ... finished proof: closed. 
364107     INFO  main            d.u.i.k.p.i.AbstractProblemLoader Loading environment from /home/runner/work/key/key/key.core/../key.ui/examples/standard_key/polySimp/simplify12.key.proof 
364107     DEBUG main            d.u.i.k.p.i.AbstractProblemLoader Environment load took 77.1ns 
364108     INFO  main            d.u.i.k.p.i.AbstractProblemLoader Creating init config 
366311     DEBUG main            d.u.i.k.p.i.AbstractProblemLoader Init config took 2.2s 
366323     INFO  main            d.u.i.k.p.i.AbstractProblemLoader Replaying proof simplify12.key.proof 
366338     DEBUG main            d.u.i.k.p.i.IntermediateProofReplayer Proof replay took 13.59ms 
366339     DEBUG main            d.u.i.k.p.r.p.TestFile    ... success: reloaded. 
366340     INFO  main            d.u.i.k.p.r.p.TestFile    Now processing file /home/runner/work/key/key/key.core/../key.ui/examples/standard_key/polySimp/simplify13.key 
366340     INFO  main            d.u.i.k.p.i.AbstractProblemLoader Loading environment from /home/runner/work/key/key/key.core/../key.ui/examples/standard_key/polySimp/simplify13.key 
366340     DEBUG main            d.u.i.k.p.i.AbstractProblemLoader Environment load took 98.3ns 
366341     INFO  main            d.u.i.k.p.i.AbstractProblemLoader Creating init config 
368577     DEBUG main            d.u.i.k.p.i.AbstractProblemLoader Init config took 2.24s 
368589     INFO  main            d.u.i.k.p.i.AbstractProblemLoader Replaying proof simplify13.key 
368590     DEBUG main            d.u.i.k.p.i.IntermediateProofReplayer Proof replay took 3ns 
368693     INFO  main            d.u.i.k.p.r.p.TestFile    ... finished proof: closed. 
369170     INFO  main            d.u.i.k.p.i.AbstractProblemLoader Loading environment from /home/runner/work/key/key/key.core/../key.ui/examples/standard_key/polySimp/simplify13.key.proof 
369170     DEBUG main            d.u.i.k.p.i.AbstractProblemLoader Environment load took 73ns 
369171     INFO  main            d.u.i.k.p.i.AbstractProblemLoader Creating init config 
371453     DEBUG main            d.u.i.k.p.i.AbstractProblemLoader Init config took 2.28s 
371469     INFO  main            d.u.i.k.p.i.AbstractProblemLoader Replaying proof simplify13.key.proof 
371473     DEBUG main            d.u.i.k.p.i.IntermediateProofReplayer Proof replay took 2.5ms 
371474     DEBUG main            d.u.i.k.p.r.p.TestFile    ... success: reloaded. 
371474     INFO  main            d.u.i.k.p.r.p.TestFile    Now processing file /home/runner/work/key/key/key.core/../key.ui/examples/standard_key/polySimp/simplify14.key 
371474     INFO  main            d.u.i.k.p.i.AbstractProblemLoader Loading environment from /home/runner/work/key/key/key.core/../key.ui/examples/standard_key/polySimp/simplify14.key 
371474     DEBUG main            d.u.i.k.p.i.AbstractProblemLoader Environment load took 97.6ns 
371475     INFO  main            d.u.i.k.p.i.AbstractProblemLoader Creating init config 
373800     DEBUG main            d.u.i.k.p.i.AbstractProblemLoader Init config took 2.32s 
373814     INFO  main            d.u.i.k.p.i.AbstractProblemLoader Replaying proof simplify14.key 
373815     DEBUG main            d.u.i.k.p.i.IntermediateProofReplayer Proof replay took 3.3ns 
373916     INFO  main            d.u.i.k.p.r.p.TestFile    ... finished proof: closed. 
374399     INFO  main            d.u.i.k.p.i.AbstractProblemLoader Loading environment from /home/runner/work/key/key/key.core/../key.ui/examples/standard_key/polySimp/simplify14.key.proof 
374399     DEBUG main            d.u.i.k.p.i.AbstractProblemLoader Environment load took 69.8ns 
374400     INFO  main            d.u.i.k.p.i.AbstractProblemLoader Creating init config 
376584     DEBUG main            d.u.i.k.p.i.AbstractProblemLoader Init config took 2.18s 
376606     INFO  main            d.u.i.k.p.i.AbstractProblemLoader Replaying proof simplify14.key.proof 
376607     DEBUG main            d.u.i.k.p.i.IntermediateProofReplayer Proof replay took 522.3ns 
376608     DEBUG main            d.u.i.k.p.r.p.TestFile    ... success: reloaded. 
376609     INFO  main            d.u.i.k.p.r.p.TestFile    Now processing file /home/runner/work/key/key/key.core/../key.ui/examples/standard_key/polySimp/simplify15.key 
376609     INFO  main            d.u.i.k.p.i.AbstractProblemLoader Loading environment from /home/runner/work/key/key/key.core/../key.ui/examples/standard_key/polySimp/simplify15.key 
376609     DEBUG main            d.u.i.k.p.i.AbstractProblemLoader Environment load took 48.1ns 
376609     INFO  main            d.u.i.k.p.i.AbstractProblemLoader Creating init config 
378834     DEBUG main            d.u.i.k.p.i.AbstractProblemLoader Init config took 2.22s 
378846     INFO  main            d.u.i.k.p.i.AbstractProblemLoader Replaying proof simplify15.key 
378847     DEBUG main            d.u.i.k.p.i.IntermediateProofReplayer Proof replay took 3.4ns 
378950     INFO  main            d.u.i.k.p.r.p.TestFile    ... finished proof: closed. 
379419     INFO  main            d.u.i.k.p.i.AbstractProblemLoader Loading environment from /home/runner/work/key/key/key.core/../key.ui/examples/standard_key/polySimp/simplify15.key.proof 
379420     DEBUG main            d.u.i.k.p.i.AbstractProblemLoader Environment load took 75.7ns 
379420     INFO  main            d.u.i.k.p.i.AbstractProblemLoader Creating init config 
381592     DEBUG main            d.u.i.k.p.i.AbstractProblemLoader Init config took 2.17s 
381604     INFO  main            d.u.i.k.p.i.AbstractProblemLoader Replaying proof simplify15.key.proof 
381606     DEBUG main            d.u.i.k.p.i.IntermediateProofReplayer Proof replay took 424ns 
381606     DEBUG main            d.u.i.k.p.r.p.TestFile    ... success: reloaded. 
381606     INFO  main            d.u.i.k.p.r.p.TestFile    Now processing file /home/runner/work/key/key/key.core/../key.ui/examples/standard_key/polySimp/simplify16.key 
381607     INFO  main            d.u.i.k.p.i.AbstractProblemLoader Loading environment from /home/runner/work/key/key/key.core/../key.ui/examples/standard_key/polySimp/simplify16.key 
381607     DEBUG main            d.u.i.k.p.i.AbstractProblemLoader Environment load took 76.8ns 
381607     INFO  main            d.u.i.k.p.i.AbstractProblemLoader Creating init config 
383820     DEBUG main            d.u.i.k.p.i.AbstractProblemLoader Init config took 2.21s 
383833     INFO  main            d.u.i.k.p.i.AbstractProblemLoader Replaying proof simplify16.key 
383834     DEBUG main            d.u.i.k.p.i.IntermediateProofReplayer Proof replay took 3.3ns 
383937     INFO  main            d.u.i.k.p.r.p.TestFile    ... finished proof: closed. 
384411     INFO  main            d.u.i.k.p.i.AbstractProblemLoader Loading environment from /home/runner/work/key/key/key.core/../key.ui/examples/standard_key/polySimp/simplify16.key.proof 
384411     DEBUG main            d.u.i.k.p.i.AbstractProblemLoader Environment load took 93.2ns 
384412     INFO  main            d.u.i.k.p.i.AbstractProblemLoader Creating init config 
386611     DEBUG main            d.u.i.k.p.i.AbstractProblemLoader Init config took 2.2s 
386623     INFO  main            d.u.i.k.p.i.AbstractProblemLoader Replaying proof simplify16.key.proof 
386624     DEBUG main            d.u.i.k.p.i.IntermediateProofReplayer Proof replay took 259.4ns 
386625     DEBUG main            d.u.i.k.p.r.p.TestFile    ... success: reloaded. 
386625     INFO  main            d.u.i.k.p.r.p.TestFile    Now processing file /home/runner/work/key/key/key.core/../key.ui/examples/standard_key/polySimp/simplify17.key 
386625     INFO  main            d.u.i.k.p.i.AbstractProblemLoader Loading environment from /home/runner/work/key/key/key.core/../key.ui/examples/standard_key/polySimp/simplify17.key 
386625     DEBUG main            d.u.i.k.p.i.AbstractProblemLoader Environment load took 48.3ns 
386626     INFO  main            d.u.i.k.p.i.AbstractProblemLoader Creating init config 
388841     DEBUG main            d.u.i.k.p.i.AbstractProblemLoader Init config took 2.22s 
388854     INFO  main            d.u.i.k.p.i.AbstractProblemLoader Replaying proof simplify17.key 
388855     DEBUG main            d.u.i.k.p.i.IntermediateProofReplayer Proof replay took 3.7ns 
388957     INFO  main            d.u.i.k.p.r.p.TestFile    ... finished proof: closed. 
389434     INFO  main            d.u.i.k.p.i.AbstractProblemLoader Loading environment from /home/runner/work/key/key/key.core/../key.ui/examples/standard_key/polySimp/simplify17.key.proof 
389434     DEBUG main            d.u.i.k.p.i.AbstractProblemLoader Environment load took 74.8ns 
389435     INFO  main            d.u.i.k.p.i.AbstractProblemLoader Creating init config 
391695     DEBUG main            d.u.i.k.p.i.AbstractProblemLoader Init config took 2.26s 
391708     INFO  main            d.u.i.k.p.i.AbstractProblemLoader Replaying proof simplify17.key.proof 
391713     DEBUG main            d.u.i.k.p.i.IntermediateProofReplayer Proof replay took 3.3ms 
391714     DEBUG main            d.u.i.k.p.r.p.TestFile    ... success: reloaded. 
391714     INFO  main            d.u.i.k.p.r.p.TestFile    Now processing file /home/runner/work/key/key/key.core/../key.ui/examples/standard_key/polySimp/simplify18.key 
391715     INFO  main            d.u.i.k.p.i.AbstractProblemLoader Loading environment from /home/runner/work/key/key/key.core/../key.ui/examples/standard_key/polySimp/simplify18.key 
391715     DEBUG main            d.u.i.k.p.i.AbstractProblemLoader Environment load took 65ns 
391716     INFO  main            d.u.i.k.p.i.AbstractProblemLoader Creating init config 
393994     DEBUG main            d.u.i.k.p.i.AbstractProblemLoader Init config took 2.28s 
394006     INFO  main            d.u.i.k.p.i.AbstractProblemLoader Replaying proof simplify18.key 
394007     DEBUG main            d.u.i.k.p.i.IntermediateProofReplayer Proof replay took 3.7ns 
394209     INFO  main            d.u.i.k.p.r.p.TestFile    ... finished proof: closed. 
394699     INFO  main            d.u.i.k.p.i.AbstractProblemLoader Loading environment from /home/runner/work/key/key/key.core/../key.ui/examples/standard_key/polySimp/simplify18.key.proof 
394700     DEBUG main            d.u.i.k.p.i.AbstractProblemLoader Environment load took 76ns 
394701     INFO  main            d.u.i.k.p.i.AbstractProblemLoader Creating init config 
396908     DEBUG main            d.u.i.k.p.i.AbstractProblemLoader Init config took 2.21s 
396921     INFO  main            d.u.i.k.p.i.AbstractProblemLoader Replaying proof simplify18.key.proof 
396930     DEBUG main            d.u.i.k.p.i.IntermediateProofReplayer Proof replay took 6.8ms 
396931     DEBUG main            d.u.i.k.p.r.p.TestFile    ... success: reloaded. 
396931     INFO  main            d.u.i.k.p.r.p.TestFile    Now processing file /home/runner/work/key/key/key.core/../key.ui/examples/standard_key/polySimp/simplify19.key 
396931     INFO  main            d.u.i.k.p.i.AbstractProblemLoader Loading environment from /home/runner/work/key/key/key.core/../key.ui/examples/standard_key/polySimp/simplify19.key 
396931     DEBUG main            d.u.i.k.p.i.AbstractProblemLoader Environment load took 75.8ns 
396932     INFO  main            d.u.i.k.p.i.AbstractProblemLoader Creating init config 
399177     DEBUG main            d.u.i.k.p.i.AbstractProblemLoader Init config took 2.24s 
399189     INFO  main            d.u.i.k.p.i.AbstractProblemLoader Replaying proof simplify19.key 
399190     DEBUG main            d.u.i.k.p.i.IntermediateProofReplayer Proof replay took 3.3ns 
402240     INFO  main            d.u.i.k.p.r.p.TestFile    ... finished proof: closed. 
402766     INFO  main            d.u.i.k.p.i.AbstractProblemLoader Loading environment from /home/runner/work/key/key/key.core/../key.ui/examples/standard_key/polySimp/simplify19.key.proof 
402766     DEBUG main            d.u.i.k.p.i.AbstractProblemLoader Environment load took 306.1ns 
402768     INFO  main            d.u.i.k.p.i.AbstractProblemLoader Creating init config 
405042     DEBUG main            d.u.i.k.p.i.AbstractProblemLoader Init config took 2.27s 
405055     INFO  main            d.u.i.k.p.i.AbstractProblemLoader Replaying proof simplify19.key.proof 
405167     DEBUG main            d.u.i.k.p.i.IntermediateProofReplayer Proof replay took 102.76ms 
405168     DEBUG main            d.u.i.k.p.r.p.TestFile    ... success: reloaded. 
405168     INFO  main            d.u.i.k.p.r.p.TestFile    Now processing file /home/runner/work/key/key/key.core/../key.ui/examples/standard_key/polySimp/simplify2.key 
405169     INFO  main            d.u.i.k.p.i.AbstractProblemLoader Loading environment from /home/runner/work/key/key/key.core/../key.ui/examples/standard_key/polySimp/simplify2.key 
405169     DEBUG main            d.u.i.k.p.i.AbstractProblemLoader Environment load took 82.4ns 
405169     INFO  main            d.u.i.k.p.i.AbstractProblemLoader Creating init config 
407419     DEBUG main            d.u.i.k.p.i.AbstractProblemLoader Init config took 2.25s 
407431     INFO  main            d.u.i.k.p.i.AbstractProblemLoader Replaying proof simplify2.key 
407432     DEBUG main            d.u.i.k.p.i.IntermediateProofReplayer Proof replay took 3.1ns 
407533     INFO  main            d.u.i.k.p.r.p.TestFile    ... finished proof: closed. 
408092     INFO  main            d.u.i.k.p.i.AbstractProblemLoader Loading environment from /home/runner/work/key/key/key.core/../key.ui/examples/standard_key/polySimp/simplify2.key.proof 
408092     DEBUG main            d.u.i.k.p.i.AbstractProblemLoader Environment load took 75.5ns 
408092     INFO  main            d.u.i.k.p.i.AbstractProblemLoader Creating init config 
410244     DEBUG main            d.u.i.k.p.i.AbstractProblemLoader Init config took 2.15s 
410255     INFO  main            d.u.i.k.p.i.AbstractProblemLoader Replaying proof simplify2.key.proof 
410257     DEBUG main            d.u.i.k.p.i.IntermediateProofReplayer Proof replay took 824.1ns 
410258     DEBUG main            d.u.i.k.p.r.p.TestFile    ... success: reloaded. 
410258     INFO  main            d.u.i.k.p.r.p.TestFile    Now processing file /home/runner/work/key/key/key.core/../key.ui/examples/standard_key/polySimp/simplify20.key 
410258     INFO  main            d.u.i.k.p.i.AbstractProblemLoader Loading environment from /home/runner/work/key/key/key.core/../key.ui/examples/standard_key/polySimp/simplify20.key 
410258     DEBUG main            d.u.i.k.p.i.AbstractProblemLoader Environment load took 48.2ns 
410259     INFO  main            d.u.i.k.p.i.AbstractProblemLoader Creating init config 
412525     DEBUG main            d.u.i.k.p.i.AbstractProblemLoader Init config took 2.27s 
412537     INFO  main            d.u.i.k.p.i.AbstractProblemLoader Replaying proof simplify20.key 
412541     DEBUG main            d.u.i.k.p.i.IntermediateProofReplayer Proof replay took 3.7ns 
413161     INFO  main            d.u.i.k.p.r.p.TestFile    ... finished proof: closed. 
413731     INFO  main            d.u.i.k.p.i.AbstractProblemLoader Loading environment from /home/runner/work/key/key/key.core/../key.ui/examples/standard_key/polySimp/simplify20.key.proof 
413731     DEBUG main            d.u.i.k.p.i.AbstractProblemLoader Environment load took 81.2ns 
413732     INFO  main            d.u.i.k.p.i.AbstractProblemLoader Creating init config 
415986     DEBUG main            d.u.i.k.p.i.AbstractProblemLoader Init config took 2.25s 
415999     INFO  main            d.u.i.k.p.i.AbstractProblemLoader Replaying proof simplify20.key.proof 
416033     DEBUG main            d.u.i.k.p.i.IntermediateProofReplayer Proof replay took 29.84ms 
416035     DEBUG main            d.u.i.k.p.r.p.TestFile    ... success: reloaded. 
416035     INFO  main            d.u.i.k.p.r.p.TestFile    Now processing file /home/runner/work/key/key/key.core/../key.ui/examples/standard_key/polySimp/simplify21.key 
416035     INFO  main            d.u.i.k.p.i.AbstractProblemLoader Loading environment from /home/runner/work/key/key/key.core/../key.ui/examples/standard_key/polySimp/simplify21.key 
416036     DEBUG main            d.u.i.k.p.i.AbstractProblemLoader Environment load took 137.3ns 
416038     INFO  main            d.u.i.k.p.i.AbstractProblemLoader Creating init config 
418347     DEBUG main            d.u.i.k.p.i.AbstractProblemLoader Init config took 2.31s 
418362     INFO  main            d.u.i.k.p.i.AbstractProblemLoader Replaying proof simplify21.key 
418363     DEBUG main            d.u.i.k.p.i.IntermediateProofReplayer Proof replay took 3.3ns 
418973     INFO  main            d.u.i.k.p.r.p.TestFile    ... finished proof: closed. 
419538     INFO  main            d.u.i.k.p.i.AbstractProblemLoader Loading environment from /home/runner/work/key/key/key.core/../key.ui/examples/standard_key/polySimp/simplify21.key.proof 
419538     DEBUG main            d.u.i.k.p.i.AbstractProblemLoader Environment load took 94.7ns 
419541     INFO  main            d.u.i.k.p.i.AbstractProblemLoader Creating init config 
421826     DEBUG main            d.u.i.k.p.i.AbstractProblemLoader Init config took 2.29s 
421842     INFO  main            d.u.i.k.p.i.AbstractProblemLoader Replaying proof simplify21.key.proof 
421869     DEBUG main            d.u.i.k.p.i.IntermediateProofReplayer Proof replay took 22.78ms 
421871     DEBUG main            d.u.i.k.p.r.p.TestFile    ... success: reloaded. 
421872     INFO  main            d.u.i.k.p.r.p.TestFile    Now processing file /home/runner/work/key/key/key.core/../key.ui/examples/standard_key/polySimp/simplify22.key 
421872     INFO  main            d.u.i.k.p.i.AbstractProblemLoader Loading environment from /home/runner/work/key/key/key.core/../key.ui/examples/standard_key/polySimp/simplify22.key 
421872     DEBUG main            d.u.i.k.p.i.AbstractProblemLoader Environment load took 198.1ns 
421888     INFO  main            d.u.i.k.p.i.AbstractProblemLoader Creating init config 
424189     DEBUG main            d.u.i.k.p.i.AbstractProblemLoader Init config took 2.3s 
424223     INFO  main            d.u.i.k.p.i.AbstractProblemLoader Replaying proof simplify22.key 
424224     DEBUG main            d.u.i.k.p.i.IntermediateProofReplayer Proof replay took 3.2ns 
424326     INFO  main            d.u.i.k.p.r.p.TestFile    ... finished proof: closed. 
424900     INFO  main            d.u.i.k.p.i.AbstractProblemLoader Loading environment from /home/runner/work/key/key/key.core/../key.ui/examples/standard_key/polySimp/simplify22.key.proof 
424901     DEBUG main            d.u.i.k.p.i.AbstractProblemLoader Environment load took 81ns 
424902     INFO  main            d.u.i.k.p.i.AbstractProblemLoader Creating init config 
427132     DEBUG main            d.u.i.k.p.i.AbstractProblemLoader Init config took 2.23s 
427144     INFO  main            d.u.i.k.p.i.AbstractProblemLoader Replaying proof simplify22.key.proof 
427148     DEBUG main            d.u.i.k.p.i.IntermediateProofReplayer Proof replay took 2.77ms 
427150     DEBUG main            d.u.i.k.p.r.p.TestFile    ... success: reloaded. 
427150     INFO  main            d.u.i.k.p.r.p.TestFile    Now processing file /home/runner/work/key/key/key.core/../key.ui/examples/standard_key/polySimp/simplify23.key 
427150     INFO  main            d.u.i.k.p.i.AbstractProblemLoader Loading environment from /home/runner/work/key/key/key.core/../key.ui/examples/standard_key/polySimp/simplify23.key 
427150     DEBUG main            d.u.i.k.p.i.AbstractProblemLoader Environment load took 109.8ns 
427151     INFO  main            d.u.i.k.p.i.AbstractProblemLoader Creating init config 
429421     DEBUG main            d.u.i.k.p.i.AbstractProblemLoader Init config took 2.27s 
429433     INFO  main            d.u.i.k.p.i.AbstractProblemLoader Replaying proof simplify23.key 
429434     DEBUG main            d.u.i.k.p.i.IntermediateProofReplayer Proof replay took 3.1ns 
429536     INFO  main            d.u.i.k.p.r.p.TestFile    ... finished proof: closed. 
430066     INFO  main            d.u.i.k.p.i.AbstractProblemLoader Loading environment from /home/runner/work/key/key/key.core/../key.ui/examples/standard_key/polySimp/simplify23.key.proof 
430066     DEBUG main            d.u.i.k.p.i.AbstractProblemLoader Environment load took 99.9ns 
430067     INFO  main            d.u.i.k.p.i.AbstractProblemLoader Creating init config 
432223     DEBUG main            d.u.i.k.p.i.AbstractProblemLoader Init config took 2.16s 
432235     INFO  main            d.u.i.k.p.i.AbstractProblemLoader Replaying proof simplify23.key.proof 
432243     DEBUG main            d.u.i.k.p.i.IntermediateProofReplayer Proof replay took 5.86ms 
432243     DEBUG main            d.u.i.k.p.r.p.TestFile    ... success: reloaded. 
432244     INFO  main            d.u.i.k.p.r.p.TestFile    Now processing file /home/runner/work/key/key/key.core/../key.ui/examples/standard_key/polySimp/simplify24.key 
432244     INFO  main            d.u.i.k.p.i.AbstractProblemLoader Loading environment from /home/runner/work/key/key/key.core/../key.ui/examples/standard_key/polySimp/simplify24.key 
432244     DEBUG main            d.u.i.k.p.i.AbstractProblemLoader Environment load took 48.9ns 
432245     INFO  main            d.u.i.k.p.i.AbstractProblemLoader Creating init config 
434463     DEBUG main            d.u.i.k.p.i.AbstractProblemLoader Init config took 2.22s 
434474     INFO  main            d.u.i.k.p.i.AbstractProblemLoader Replaying proof simplify24.key 
434475     DEBUG main            d.u.i.k.p.i.IntermediateProofReplayer Proof replay took 3.5ns 
434577     INFO  main            d.u.i.k.p.r.p.TestFile    ... finished proof: closed. 
435134     INFO  main            d.u.i.k.p.i.AbstractProblemLoader Loading environment from /home/runner/work/key/key/key.core/../key.ui/examples/standard_key/polySimp/simplify24.key.proof 
435134     DEBUG main            d.u.i.k.p.i.AbstractProblemLoader Environment load took 80.2ns 
435135     INFO  main            d.u.i.k.p.i.AbstractProblemLoader Creating init config 
437292     DEBUG main            d.u.i.k.p.i.AbstractProblemLoader Init config took 2.16s 
437304     INFO  main            d.u.i.k.p.i.AbstractProblemLoader Replaying proof simplify24.key.proof 
437306     DEBUG main            d.u.i.k.p.i.IntermediateProofReplayer Proof replay took 1.18ms 
437307     DEBUG main            d.u.i.k.p.r.p.TestFile    ... success: reloaded. 
437307     INFO  main            d.u.i.k.p.r.p.TestFile    Now processing file /home/runner/work/key/key/key.core/../key.ui/examples/standard_key/polySimp/simplify25.key 
437307     INFO  main            d.u.i.k.p.i.AbstractProblemLoader Loading environment from /home/runner/work/key/key/key.core/../key.ui/examples/standard_key/polySimp/simplify25.key 
437307     DEBUG main            d.u.i.k.p.i.AbstractProblemLoader Environment load took 67ns 
437308     INFO  main            d.u.i.k.p.i.AbstractProblemLoader Creating init config 
439521     DEBUG main            d.u.i.k.p.i.AbstractProblemLoader Init config took 2.21s 
439536     INFO  main            d.u.i.k.p.i.AbstractProblemLoader Replaying proof simplify25.key 
439536     DEBUG main            d.u.i.k.p.i.IntermediateProofReplayer Proof replay took 3.1ns 
439638     INFO  main            d.u.i.k.p.r.p.TestFile    ... finished proof: closed. 
440167     INFO  main            d.u.i.k.p.i.AbstractProblemLoader Loading environment from /home/runner/work/key/key/key.core/../key.ui/examples/standard_key/polySimp/simplify25.key.proof 
440167     DEBUG main            d.u.i.k.p.i.AbstractProblemLoader Environment load took 69.1ns 
440168     INFO  main            d.u.i.k.p.i.AbstractProblemLoader Creating init config 
442359     DEBUG main            d.u.i.k.p.i.AbstractProblemLoader Init config took 2.19s 
442370     INFO  main            d.u.i.k.p.i.AbstractProblemLoader Replaying proof simplify25.key.proof 
442373     DEBUG main            d.u.i.k.p.i.IntermediateProofReplayer Proof replay took 1.63ms 
442374     DEBUG main            d.u.i.k.p.r.p.TestFile    ... success: reloaded. 
442375     INFO  main            d.u.i.k.p.r.p.TestFile    Now processing file /home/runner/work/key/key/key.core/../key.ui/examples/standard_key/polySimp/simplify3.key 
442375     INFO  main            d.u.i.k.p.i.AbstractProblemLoader Loading environment from /home/runner/work/key/key/key.core/../key.ui/examples/standard_key/polySimp/simplify3.key 
442375     DEBUG main            d.u.i.k.p.i.AbstractProblemLoader Environment load took 46.6ns 
442376     INFO  main            d.u.i.k.p.i.AbstractProblemLoader Creating init config 
444560     DEBUG main            d.u.i.k.p.i.AbstractProblemLoader Init config took 2.18s 
444572     INFO  main            d.u.i.k.p.i.AbstractProblemLoader Replaying proof simplify3.key 
444573     DEBUG main            d.u.i.k.p.i.IntermediateProofReplayer Proof replay took 3.1ns 
444674     INFO  main            d.u.i.k.p.r.p.TestFile    ... finished proof: closed. 
445226     INFO  main            d.u.i.k.p.i.AbstractProblemLoader Loading environment from /home/runner/work/key/key/key.core/../key.ui/examples/standard_key/polySimp/simplify3.key.proof 
445226     DEBUG main            d.u.i.k.p.i.AbstractProblemLoader Environment load took 126.7ns 
445227     INFO  main            d.u.i.k.p.i.AbstractProblemLoader Creating init config 
447452     DEBUG main            d.u.i.k.p.i.AbstractProblemLoader Init config took 2.22s 
447463     INFO  main            d.u.i.k.p.i.AbstractProblemLoader Replaying proof simplify3.key.proof 
447465     DEBUG main            d.u.i.k.p.i.IntermediateProofReplayer Proof replay took 603.81ns 
447465     DEBUG main            d.u.i.k.p.r.p.TestFile    ... success: reloaded. 
447466     INFO  main            d.u.i.k.p.r.p.TestFile    Now processing file /home/runner/work/key/key/key.core/../key.ui/examples/standard_key/polySimp/simplify4.key 
447466     INFO  main            d.u.i.k.p.i.AbstractProblemLoader Loading environment from /home/runner/work/key/key/key.core/../key.ui/examples/standard_key/polySimp/simplify4.key 
447466     DEBUG main            d.u.i.k.p.i.AbstractProblemLoader Environment load took 48.5ns 
447467     INFO  main            d.u.i.k.p.i.AbstractProblemLoader Creating init config 
449661     DEBUG main            d.u.i.k.p.i.AbstractProblemLoader Init config took 2.19s 
449673     INFO  main            d.u.i.k.p.i.AbstractProblemLoader Replaying proof simplify4.key 
449674     DEBUG main            d.u.i.k.p.i.IntermediateProofReplayer Proof replay took 3.2ns 
449775     INFO  main            d.u.i.k.p.r.p.TestFile    ... finished proof: closed. 
450315     INFO  main            d.u.i.k.p.i.AbstractProblemLoader Loading environment from /home/runner/work/key/key/key.core/../key.ui/examples/standard_key/polySimp/simplify4.key.proof 
450316     DEBUG main            d.u.i.k.p.i.AbstractProblemLoader Environment load took 112.9ns 
450316     INFO  main            d.u.i.k.p.i.AbstractProblemLoader Creating init config 
452611     DEBUG main            d.u.i.k.p.i.AbstractProblemLoader Init config took 2.29s 
452624     INFO  main            d.u.i.k.p.i.AbstractProblemLoader Replaying proof simplify4.key.proof 
452626     DEBUG main            d.u.i.k.p.i.IntermediateProofReplayer Proof replay took 928.61ns 
452627     DEBUG main            d.u.i.k.p.r.p.TestFile    ... success: reloaded. 
452629     INFO  main            d.u.i.k.p.r.p.TestFile    Now processing file /home/runner/work/key/key/key.core/../key.ui/examples/standard_key/polySimp/simplify5.key 
452629     INFO  main            d.u.i.k.p.i.AbstractProblemLoader Loading environment from /home/runner/work/key/key/key.core/../key.ui/examples/standard_key/polySimp/simplify5.key 
452631     DEBUG main            d.u.i.k.p.i.AbstractProblemLoader Environment load took 1.64ms 
452632     INFO  main            d.u.i.k.p.i.AbstractProblemLoader Creating init config 
454972     DEBUG main            d.u.i.k.p.i.AbstractProblemLoader Init config took 2.34s 
454983     INFO  main            d.u.i.k.p.i.AbstractProblemLoader Replaying proof simplify5.key 
454984     DEBUG main            d.u.i.k.p.i.IntermediateProofReplayer Proof replay took 3.2ns 
455086     INFO  main            d.u.i.k.p.r.p.TestFile    ... finished proof: closed. 
455619     INFO  main            d.u.i.k.p.i.AbstractProblemLoader Loading environment from /home/runner/work/key/key/key.core/../key.ui/examples/standard_key/polySimp/simplify5.key.proof 
455619     DEBUG main            d.u.i.k.p.i.AbstractProblemLoader Environment load took 71.1ns 
455620     INFO  main            d.u.i.k.p.i.AbstractProblemLoader Creating init config 
457880     DEBUG main            d.u.i.k.p.i.AbstractProblemLoader Init config took 2.26s 
457893     INFO  main            d.u.i.k.p.i.AbstractProblemLoader Replaying proof simplify5.key.proof 
457898     DEBUG main            d.u.i.k.p.i.IntermediateProofReplayer Proof replay took 3.25ms 
457899     DEBUG main            d.u.i.k.p.r.p.TestFile    ... success: reloaded. 
457899     INFO  main            d.u.i.k.p.r.p.TestFile    Now processing file /home/runner/work/key/key/key.core/../key.ui/examples/standard_key/polySimp/simplify6.key 
457900     INFO  main            d.u.i.k.p.i.AbstractProblemLoader Loading environment from /home/runner/work/key/key/key.core/../key.ui/examples/standard_key/polySimp/simplify6.key 
457900     DEBUG main            d.u.i.k.p.i.AbstractProblemLoader Environment load took 48.6ns 
457900     INFO  main            d.u.i.k.p.i.AbstractProblemLoader Creating init config 
460323     DEBUG main            d.u.i.k.p.i.AbstractProblemLoader Init config took 2.42s 
460336     INFO  main            d.u.i.k.p.i.AbstractProblemLoader Replaying proof simplify6.key 
460337     DEBUG main            d.u.i.k.p.i.IntermediateProofReplayer Proof replay took 3.5ns 
460441     INFO  main            d.u.i.k.p.r.p.TestFile    ... finished proof: closed. 
461011     INFO  main            d.u.i.k.p.i.AbstractProblemLoader Loading environment from /home/runner/work/key/key/key.core/../key.ui/examples/standard_key/polySimp/simplify6.key.proof 
461011     DEBUG main            d.u.i.k.p.i.AbstractProblemLoader Environment load took 89.4ns 
461012     INFO  main            d.u.i.k.p.i.AbstractProblemLoader Creating init config 
463331     DEBUG main            d.u.i.k.p.i.AbstractProblemLoader Init config took 2.32s 
463354     INFO  main            d.u.i.k.p.i.AbstractProblemLoader Replaying proof simplify6.key.proof 
463356     DEBUG main            d.u.i.k.p.i.IntermediateProofReplayer Proof replay took 176.1ns 
463356     DEBUG main            d.u.i.k.p.r.p.TestFile    ... success: reloaded. 
463357     INFO  main            d.u.i.k.p.r.p.TestFile    Now processing file /home/runner/work/key/key/key.core/../key.ui/examples/standard_key/polySimp/simplify7.key 
463357     INFO  main            d.u.i.k.p.i.AbstractProblemLoader Loading environment from /home/runner/work/key/key/key.core/../key.ui/examples/standard_key/polySimp/simplify7.key 
463357     DEBUG main            d.u.i.k.p.i.AbstractProblemLoader Environment load took 170.7ns 
463358     INFO  main            d.u.i.k.p.i.AbstractProblemLoader Creating init config 
465715     DEBUG main            d.u.i.k.p.i.AbstractProblemLoader Init config took 2.36s 
465727     INFO  main            d.u.i.k.p.i.AbstractProblemLoader Replaying proof simplify7.key 
465729     DEBUG main            d.u.i.k.p.i.IntermediateProofReplayer Proof replay took 422.6ns 
465830     INFO  main            d.u.i.k.p.r.p.TestFile    ... finished proof: closed. 
466369     INFO  main            d.u.i.k.p.i.AbstractProblemLoader Loading environment from /home/runner/work/key/key/key.core/../key.ui/examples/standard_key/polySimp/simplify7.key.proof 
466369     DEBUG main            d.u.i.k.p.i.AbstractProblemLoader Environment load took 85.6ns 
466370     INFO  main            d.u.i.k.p.i.AbstractProblemLoader Creating init config 
468697     DEBUG main            d.u.i.k.p.i.AbstractProblemLoader Init config took 2.33s 
468711     INFO  main            d.u.i.k.p.i.AbstractProblemLoader Replaying proof simplify7.key.proof 
468713     DEBUG main            d.u.i.k.p.i.IntermediateProofReplayer Proof replay took 350.8ns 
468714     DEBUG main            d.u.i.k.p.r.p.TestFile    ... success: reloaded. 
468714     INFO  main            d.u.i.k.p.r.p.TestFile    Now processing file /home/runner/work/key/key/key.core/../key.ui/examples/standard_key/polySimp/simplify8.key 
468714     INFO  main            d.u.i.k.p.i.AbstractProblemLoader Loading environment from /home/runner/work/key/key/key.core/../key.ui/examples/standard_key/polySimp/simplify8.key 
468715     DEBUG main            d.u.i.k.p.i.AbstractProblemLoader Environment load took 171.1ns 
468718     INFO  main            d.u.i.k.p.i.AbstractProblemLoader Creating init config 
471092     DEBUG main            d.u.i.k.p.i.AbstractProblemLoader Init config took 2.37s 
471105     INFO  main            d.u.i.k.p.i.AbstractProblemLoader Replaying proof simplify8.key 
471109     DEBUG main            d.u.i.k.p.i.IntermediateProofReplayer Proof replay took 3.5ns 
474957     INFO  main            d.u.i.k.p.r.p.TestFile    ... finished proof: closed. 
475535     INFO  main            d.u.i.k.p.i.AbstractProblemLoader Loading environment from /home/runner/work/key/key/key.core/../key.ui/examples/standard_key/polySimp/simplify8.key.proof 
475535     DEBUG main            d.u.i.k.p.i.AbstractProblemLoader Environment load took 79.7ns 
475538     INFO  main            d.u.i.k.p.i.AbstractProblemLoader Creating init config 
477881     DEBUG main            d.u.i.k.p.i.AbstractProblemLoader Init config took 2.34s 
477903     INFO  main            d.u.i.k.p.i.AbstractProblemLoader Replaying proof simplify8.key.proof 
477964     DEBUG main            d.u.i.k.p.i.IntermediateProofReplayer Proof replay took 55.88ms 
477967     DEBUG main            d.u.i.k.p.r.p.TestFile    ... success: reloaded. 
477967     INFO  main            d.u.i.k.p.r.p.TestFile    Now processing file /home/runner/work/key/key/key.core/../key.ui/examples/standard_key/polySimp/simplify9.key 
477968     INFO  main            d.u.i.k.p.i.AbstractProblemLoader Loading environment from /home/runner/work/key/key/key.core/../key.ui/examples/standard_key/polySimp/simplify9.key 
477968     DEBUG main            d.u.i.k.p.i.AbstractProblemLoader Environment load took 188.4ns 
477969     INFO  main            d.u.i.k.p.i.AbstractProblemLoader Creating init config 
480250     DEBUG main            d.u.i.k.p.i.AbstractProblemLoader Init config took 2.28s 
480262     INFO  main            d.u.i.k.p.i.AbstractProblemLoader Replaying proof simplify9.key 
480263     DEBUG main            d.u.i.k.p.i.IntermediateProofReplayer Proof replay took 3.9ns 
480465     INFO  main            d.u.i.k.p.r.p.TestFile    ... finished proof: closed. 
481084     INFO  main            d.u.i.k.p.i.AbstractProblemLoader Loading environment from /home/runner/work/key/key/key.core/../key.ui/examples/standard_key/polySimp/simplify9.key.proof 
481084     DEBUG main            d.u.i.k.p.i.AbstractProblemLoader Environment load took 111.3ns 
481086     INFO  main            d.u.i.k.p.i.AbstractProblemLoader Creating init config 
483280     DEBUG main            d.u.i.k.p.i.AbstractProblemLoader Init config took 2.19s 
483293     INFO  main            d.u.i.k.p.i.AbstractProblemLoader Replaying proof simplify9.key.proof 
483298     DEBUG main            d.u.i.k.p.i.IntermediateProofReplayer Proof replay took 3.61ms 
483299     DEBUG main            d.u.i.k.p.r.p.TestFile    ... success: reloaded. 
2808973    INFO  Test worker     d.u.i.k.p.r.RunAllProofsTestUnit Returning from test arithmetic 
2808974    INFO  Test worker     d.u.i.k.p.r.RunAllProofsTestUnit Running test arrays 
341        INFO  Timeout watchdog d.u.i.k.p.r.p.ForkedTestFileRunner Timeout watcher launched (2000 secs.) 
360        WARN  main            d.u.i.k.s.ProofSettings   The settings in /home/runner/.key/proof-settings.props are *not* read. 
390        INFO  main            d.u.i.k.p.r.p.TestFile    Now processing file /home/runner/work/key/key/key.core/../key.ui/examples/standard_key/arrays/arrayStoreException/array2DimPrim.key 
504        INFO  main            d.u.i.k.p.i.AbstractProblemLoader Loading environment from /home/runner/work/key/key/key.core/../key.ui/examples/standard_key/arrays/arrayStoreException/array2DimPrim.key 
520        DEBUG main            d.u.i.k.p.i.AbstractProblemLoader Environment load took 2.13ms 
807        INFO  main            d.u.i.k.p.i.AbstractProblemLoader Creating init config 
1759       DEBUG main            d.u.i.k.j.TypeConverter   No LDT found for Meta 
1760       DEBUG main            d.u.i.k.j.TypeConverter   No LDT found for Meta 
1761       DEBUG main            d.u.i.k.j.TypeConverter   No LDT found for Meta 
1761       DEBUG main            d.u.i.k.j.TypeConverter   No LDT found for Meta 
3339       DEBUG main            d.u.i.k.j.TypeConverter   No LDT found for JavaBigintExpression 
8419       DEBUG main            d.u.i.k.p.i.AbstractProblemLoader Init config took 7.61s 
8500       INFO  main            d.u.i.k.p.i.AbstractProblemLoader Replaying proof array2DimPrim.key 
8541       DEBUG main            d.u.i.k.p.i.IntermediateProofReplayer Proof replay took 32.2ns 
12578      INFO  main            d.u.i.k.p.r.p.TestFile    ... finished proof: closed. 
12778      INFO  main            d.u.i.k.p.i.AbstractProblemLoader Loading environment from /home/runner/work/key/key/key.core/../key.ui/examples/standard_key/arrays/arrayStoreException/array2DimPrim.key.proof 
12782      DEBUG main            d.u.i.k.p.i.AbstractProblemLoader Environment load took 4.39ms 
12788      INFO  main            d.u.i.k.p.i.AbstractProblemLoader Creating init config 
15617      DEBUG main            d.u.i.k.p.i.AbstractProblemLoader Init config took 2.83s 
15662      INFO  main            d.u.i.k.p.i.AbstractProblemLoader Replaying proof array2DimPrim.key.proof 
16072      DEBUG main            d.u.i.k.p.i.IntermediateProofReplayer Proof replay took 393.53ms 
16089      DEBUG main            d.u.i.k.p.r.p.TestFile    ... success: reloaded. 
16094      INFO  main            d.u.i.k.p.r.p.TestFile    Now processing file /home/runner/work/key/key/key.core/../key.ui/examples/standard_key/arrays/arrayStoreException/arrayStoreKnownDynType.key 
16094      INFO  main            d.u.i.k.p.i.AbstractProblemLoader Loading environment from /home/runner/work/key/key/key.core/../key.ui/examples/standard_key/arrays/arrayStoreException/arrayStoreKnownDynType.key 
16094      DEBUG main            d.u.i.k.p.i.AbstractProblemLoader Environment load took 128.1ns 
16098      INFO  main            d.u.i.k.p.i.AbstractProblemLoader Creating init config 
18797      DEBUG main            d.u.i.k.p.i.AbstractProblemLoader Init config took 2.7s 
18825      INFO  main            d.u.i.k.p.i.AbstractProblemLoader Replaying proof arrayStoreKnownDynType.key 
18828      DEBUG main            d.u.i.k.p.i.IntermediateProofReplayer Proof replay took 5.6ns 
19131      INFO  main            d.u.i.k.p.r.p.TestFile    ... finished proof: closed. 
19385      INFO  main            d.u.i.k.p.i.AbstractProblemLoader Loading environment from /home/runner/work/key/key/key.core/../key.ui/examples/standard_key/arrays/arrayStoreException/arrayStoreKnownDynType.key.proof 
19385      DEBUG main            d.u.i.k.p.i.AbstractProblemLoader Environment load took 127ns 
19387      INFO  main            d.u.i.k.p.i.AbstractProblemLoader Creating init config 
21938      DEBUG main            d.u.i.k.p.i.AbstractProblemLoader Init config took 2.55s 
21963      INFO  main            d.u.i.k.p.i.AbstractProblemLoader Replaying proof arrayStoreKnownDynType.key.proof 
22005      DEBUG main            d.u.i.k.p.i.IntermediateProofReplayer Proof replay took 37.28ms 
22006      DEBUG main            d.u.i.k.p.r.p.TestFile    ... success: reloaded. 
22007      INFO  main            d.u.i.k.p.r.p.TestFile    Now processing file /home/runner/work/key/key/key.core/../key.ui/examples/standard_key/arrays/arrayStoreException/reverseArray.key 
22007      INFO  main            d.u.i.k.p.i.AbstractProblemLoader Loading environment from /home/runner/work/key/key/key.core/../key.ui/examples/standard_key/arrays/arrayStoreException/reverseArray.key 
22008      DEBUG main            d.u.i.k.p.i.AbstractProblemLoader Environment load took 232.9ns 
22009      INFO  main            d.u.i.k.p.i.AbstractProblemLoader Creating init config 
24573      DEBUG main            d.u.i.k.p.i.AbstractProblemLoader Init config took 2.56s 
24597      INFO  main            d.u.i.k.p.i.AbstractProblemLoader Replaying proof reverseArray.key 
24600      DEBUG main            d.u.i.k.p.i.IntermediateProofReplayer Proof replay took 5.8ns 
25204      INFO  main            d.u.i.k.p.r.p.TestFile    ... finished proof: closed. 
25381      INFO  main            d.u.i.k.p.i.AbstractProblemLoader Loading environment from /home/runner/work/key/key/key.core/../key.ui/examples/standard_key/arrays/arrayStoreException/reverseArray.key.proof 
25382      DEBUG main            d.u.i.k.p.i.AbstractProblemLoader Environment load took 547.5ns 
25383      INFO  main            d.u.i.k.p.i.AbstractProblemLoader Creating init config 
27921      DEBUG main            d.u.i.k.p.i.AbstractProblemLoader Init config took 2.54s 
27946      INFO  main            d.u.i.k.p.i.AbstractProblemLoader Replaying proof reverseArray.key.proof 
28071      DEBUG main            d.u.i.k.p.i.IntermediateProofReplayer Proof replay took 118.71ms 
28073      DEBUG main            d.u.i.k.p.r.p.TestFile    ... success: reloaded. 
28075      INFO  main            d.u.i.k.p.r.p.TestFile    Now processing file /home/runner/work/key/key/key.core/../key.ui/examples/standard_key/arrays/arrayStoreException/throwArrayStoreException.key 
28075      INFO  main            d.u.i.k.p.i.AbstractProblemLoader Loading environment from /home/runner/work/key/key/key.core/../key.ui/examples/standard_key/arrays/arrayStoreException/throwArrayStoreException.key 
28075      DEBUG main            d.u.i.k.p.i.AbstractProblemLoader Environment load took 296.8ns 
28077      INFO  main            d.u.i.k.p.i.AbstractProblemLoader Creating init config 
30611      DEBUG main            d.u.i.k.p.i.AbstractProblemLoader Init config took 2.53s 
30633      INFO  main            d.u.i.k.p.i.AbstractProblemLoader Replaying proof throwArrayStoreException.key 
30639      DEBUG main            d.u.i.k.p.i.IntermediateProofReplayer Proof replay took 5.9ns 
31042      INFO  main            d.u.i.k.p.r.p.TestFile    ... finished proof: closed. 
31226      INFO  main            d.u.i.k.p.i.AbstractProblemLoader Loading environment from /home/runner/work/key/key/key.core/../key.ui/examples/standard_key/arrays/arrayStoreException/throwArrayStoreException.key.proof 
31226      DEBUG main            d.u.i.k.p.i.AbstractProblemLoader Environment load took 411ns 
31227      INFO  main            d.u.i.k.p.i.AbstractProblemLoader Creating init config 
33697      DEBUG main            d.u.i.k.p.i.AbstractProblemLoader Init config took 2.47s 
33718      INFO  main            d.u.i.k.p.i.AbstractProblemLoader Replaying proof throwArrayStoreException.key.proof 
33800      DEBUG main            d.u.i.k.p.i.IntermediateProofReplayer Proof replay took 77.56ms 
33802      DEBUG main            d.u.i.k.p.r.p.TestFile    ... success: reloaded. 
33803      INFO  main            d.u.i.k.p.r.p.TestFile    Now processing file /home/runner/work/key/key/key.core/../key.ui/examples/standard_key/arrays/creation/arrayCreation1.key 
33803      INFO  main            d.u.i.k.p.i.AbstractProblemLoader Loading environment from /home/runner/work/key/key/key.core/../key.ui/examples/standard_key/arrays/creation/arrayCreation1.key 
33803      DEBUG main            d.u.i.k.p.i.AbstractProblemLoader Environment load took 186.4ns 
33804      INFO  main            d.u.i.k.p.i.AbstractProblemLoader Creating init config 
36249      DEBUG main            d.u.i.k.p.i.AbstractProblemLoader Init config took 2.44s 
36275      INFO  main            d.u.i.k.p.i.AbstractProblemLoader Replaying proof arrayCreation1.key 
36276      DEBUG main            d.u.i.k.p.i.IntermediateProofReplayer Proof replay took 6.5ns 
36481      INFO  main            d.u.i.k.p.r.p.TestFile    ... finished proof: closed. 
36651      INFO  main            d.u.i.k.p.i.AbstractProblemLoader Loading environment from /home/runner/work/key/key/key.core/../key.ui/examples/standard_key/arrays/creation/arrayCreation1.key.proof 
36651      DEBUG main            d.u.i.k.p.i.AbstractProblemLoader Environment load took 124.3ns 
36656      INFO  main            d.u.i.k.p.i.AbstractProblemLoader Creating init config 
39066      DEBUG main            d.u.i.k.p.i.AbstractProblemLoader Init config took 2.41s 
39087      INFO  main            d.u.i.k.p.i.AbstractProblemLoader Replaying proof arrayCreation1.key.proof 
39125      DEBUG main            d.u.i.k.p.i.IntermediateProofReplayer Proof replay took 29.35ms 
39127      DEBUG main            d.u.i.k.p.r.p.TestFile    ... success: reloaded. 
39128      INFO  main            d.u.i.k.p.r.p.TestFile    Now processing file /home/runner/work/key/key/key.core/../key.ui/examples/standard_key/arrays/arrayStoreException/array2Dim.key 
39128      INFO  main            d.u.i.k.p.i.AbstractProblemLoader Loading environment from /home/runner/work/key/key/key.core/../key.ui/examples/standard_key/arrays/arrayStoreException/array2Dim.key 
39128      DEBUG main            d.u.i.k.p.i.AbstractProblemLoader Environment load took 229.4ns 
39130      INFO  main            d.u.i.k.p.i.AbstractProblemLoader Creating init config 
41670      DEBUG main            d.u.i.k.p.i.AbstractProblemLoader Init config took 2.54s 
41692      INFO  main            d.u.i.k.p.i.AbstractProblemLoader Replaying proof array2Dim.key 
41694      DEBUG main            d.u.i.k.p.i.IntermediateProofReplayer Proof replay took 6.4ns 
45206      INFO  main            d.u.i.k.p.r.p.TestFile    ... finished proof: open goal(s) 
45501      INFO  main            d.u.i.k.p.r.p.TestFile    Now processing file /home/runner/work/key/key/key.core/../key.ui/examples/standard_key/arrays/arrayStoreException/array2DimClose.key 
45501      INFO  main            d.u.i.k.p.i.AbstractProblemLoader Loading environment from /home/runner/work/key/key/key.core/../key.ui/examples/standard_key/arrays/arrayStoreException/array2DimClose.key 
45501      DEBUG main            d.u.i.k.p.i.AbstractProblemLoader Environment load took 136.4ns 
45503      INFO  main            d.u.i.k.p.i.AbstractProblemLoader Creating init config 
47961      DEBUG main            d.u.i.k.p.i.AbstractProblemLoader Init config took 2.46s 
47984      INFO  main            d.u.i.k.p.i.AbstractProblemLoader Replaying proof array2DimClose.key 
47987      DEBUG main            d.u.i.k.p.i.IntermediateProofReplayer Proof replay took 11.8ns 
50226      INFO  main            d.u.i.k.p.r.p.TestFile    ... finished proof: open goal(s) 
50588      INFO  main            d.u.i.k.p.r.p.TestFile    Now processing file /home/runner/work/key/key/key.core/../key.ui/examples/standard_key/arrays/arrayStoreException/throwASEForPrim.key 
50588      INFO  main            d.u.i.k.p.i.AbstractProblemLoader Loading environment from /home/runner/work/key/key/key.core/../key.ui/examples/standard_key/arrays/arrayStoreException/throwASEForPrim.key 
50588      DEBUG main            d.u.i.k.p.i.AbstractProblemLoader Environment load took 66.9ns 
50590      INFO  main            d.u.i.k.p.i.AbstractProblemLoader Creating init config 
53007      DEBUG main            d.u.i.k.p.i.AbstractProblemLoader Init config took 2.42s 
53027      INFO  main            d.u.i.k.p.i.AbstractProblemLoader Replaying proof throwASEForPrim.key 
53029      DEBUG main            d.u.i.k.p.i.IntermediateProofReplayer Proof replay took 5.9ns 
57627      INFO  main            d.u.i.k.p.r.p.TestFile    ... finished proof: open goal(s) 
2867014    INFO  Test worker     d.u.i.k.p.r.RunAllProofsTestUnit Returning from test arrays 
2867015    INFO  Test worker     d.u.i.k.p.r.RunAllProofsTestUnit Running test javadl 
340        INFO  Timeout watchdog d.u.i.k.p.r.p.ForkedTestFileRunner Timeout watcher launched (2000 secs.) 
376        WARN  main            d.u.i.k.s.ProofSettings   The settings in /home/runner/.key/proof-settings.props are *not* read. 
421        INFO  main            d.u.i.k.p.r.p.TestFile    Now processing file /home/runner/work/key/key/key.core/../key.ui/examples/standard_key/instanceCreation/instanceCreation1.key 
567        INFO  main            d.u.i.k.p.i.AbstractProblemLoader Loading environment from /home/runner/work/key/key/key.core/../key.ui/examples/standard_key/instanceCreation/instanceCreation1.key 
584        DEBUG main            d.u.i.k.p.i.AbstractProblemLoader Environment load took 1.85ms 
875        INFO  main            d.u.i.k.p.i.AbstractProblemLoader Creating init config 
2007       DEBUG main            d.u.i.k.j.TypeConverter   No LDT found for Meta 
2008       DEBUG main            d.u.i.k.j.TypeConverter   No LDT found for Meta 
2010       DEBUG main            d.u.i.k.j.TypeConverter   No LDT found for Meta 
2011       DEBUG main            d.u.i.k.j.TypeConverter   No LDT found for Meta 
3743       DEBUG main            d.u.i.k.j.TypeConverter   No LDT found for JavaBigintExpression 
8899       DEBUG main            d.u.i.k.p.i.AbstractProblemLoader Init config took 8.02s 
8993       INFO  main            d.u.i.k.p.i.AbstractProblemLoader Replaying proof instanceCreation1.key 
9033       DEBUG main            d.u.i.k.p.i.IntermediateProofReplayer Proof replay took 47.8ns 
9977       INFO  main            d.u.i.k.p.r.p.TestFile    ... finished proof: closed. 
10098      INFO  main            d.u.i.k.p.i.AbstractProblemLoader Loading environment from /home/runner/work/key/key/key.core/../key.ui/examples/standard_key/instanceCreation/instanceCreation1.key.proof 
10098      DEBUG main            d.u.i.k.p.i.AbstractProblemLoader Environment load took 472.8ns 
10105      INFO  main            d.u.i.k.p.i.AbstractProblemLoader Creating init config 
12907      DEBUG main            d.u.i.k.p.i.AbstractProblemLoader Init config took 2.8s 
12947      INFO  main            d.u.i.k.p.i.AbstractProblemLoader Replaying proof instanceCreation1.key.proof 
13061      DEBUG main            d.u.i.k.p.i.IntermediateProofReplayer Proof replay took 95.59ms 
13074      DEBUG main            d.u.i.k.p.r.p.TestFile    ... success: reloaded. 
13078      INFO  main            d.u.i.k.p.r.p.TestFile    Now processing file /home/runner/work/key/key/key.core/../key.ui/examples/standard_key/instanceCreation/instanceCreation2.key 
13085      INFO  main            d.u.i.k.p.i.AbstractProblemLoader Loading environment from /home/runner/work/key/key/key.core/../key.ui/examples/standard_key/instanceCreation/instanceCreation2.key 
13095      DEBUG main            d.u.i.k.p.i.AbstractProblemLoader Environment load took 10.51ms 
13097      INFO  main            d.u.i.k.p.i.AbstractProblemLoader Creating init config 
15798      DEBUG main            d.u.i.k.p.i.AbstractProblemLoader Init config took 2.7s 
15843      INFO  main            d.u.i.k.p.i.AbstractProblemLoader Replaying proof instanceCreation2.key 
15858      DEBUG main            d.u.i.k.p.i.IntermediateProofReplayer Proof replay took 6.2ns 
16569      INFO  main            d.u.i.k.p.r.p.TestFile    ... finished proof: closed. 
16740      INFO  main            d.u.i.k.p.i.AbstractProblemLoader Loading environment from /home/runner/work/key/key/key.core/../key.ui/examples/standard_key/instanceCreation/instanceCreation2.key.proof 
16741      DEBUG main            d.u.i.k.p.i.AbstractProblemLoader Environment load took 873.21ns 
16743      INFO  main            d.u.i.k.p.i.AbstractProblemLoader Creating init config 
19377      DEBUG main            d.u.i.k.p.i.AbstractProblemLoader Init config took 2.63s 
19409      INFO  main            d.u.i.k.p.i.AbstractProblemLoader Replaying proof instanceCreation2.key.proof 
19529      DEBUG main            d.u.i.k.p.i.IntermediateProofReplayer Proof replay took 110.19ms 
19531      DEBUG main            d.u.i.k.p.r.p.TestFile    ... success: reloaded. 
19533      INFO  main            d.u.i.k.p.r.p.TestFile    Now processing file /home/runner/work/key/key/key.core/../key.ui/examples/standard_key/instanceCreation/interfacesAndAbstractClassesHaveNoInstances.key 
19534      INFO  main            d.u.i.k.p.i.AbstractProblemLoader Loading environment from /home/runner/work/key/key/key.core/../key.ui/examples/standard_key/instanceCreation/interfacesAndAbstractClassesHaveNoInstances.key 
19534      DEBUG main            d.u.i.k.p.i.AbstractProblemLoader Environment load took 220.4ns 
19536      INFO  main            d.u.i.k.p.i.AbstractProblemLoader Creating init config 
22161      DEBUG main            d.u.i.k.p.i.AbstractProblemLoader Init config took 2.62s 
22182      INFO  main            d.u.i.k.p.i.AbstractProblemLoader Replaying proof interfacesAndAbstractClassesHaveNoInstances.key 
22184      DEBUG main            d.u.i.k.p.i.IntermediateProofReplayer Proof replay took 5.5ns 
22289      INFO  main            d.u.i.k.p.r.p.TestFile    ... finished proof: closed. 
22446      INFO  main            d.u.i.k.p.i.AbstractProblemLoader Loading environment from /home/runner/work/key/key/key.core/../key.ui/examples/standard_key/instanceCreation/interfacesAndAbstractClassesHaveNoInstances.key.proof 
22446      DEBUG main            d.u.i.k.p.i.AbstractProblemLoader Environment load took 133.6ns 
22448      INFO  main            d.u.i.k.p.i.AbstractProblemLoader Creating init config 
24939      DEBUG main            d.u.i.k.p.i.AbstractProblemLoader Init config took 2.49s 
24960      INFO  main            d.u.i.k.p.i.AbstractProblemLoader Replaying proof interfacesAndAbstractClassesHaveNoInstances.key.proof 
24963      DEBUG main            d.u.i.k.p.i.IntermediateProofReplayer Proof replay took 1.41ms 
24964      DEBUG main            d.u.i.k.p.r.p.TestFile    ... success: reloaded. 
24970      INFO  main            d.u.i.k.p.r.p.TestFile    Now processing file /home/runner/work/key/key/key.core/../key.ui/examples/standard_key/instanceCreation/successiveCreatedObjectsAreDistinct.key 
24970      INFO  main            d.u.i.k.p.i.AbstractProblemLoader Loading environment from /home/runner/work/key/key/key.core/../key.ui/examples/standard_key/instanceCreation/successiveCreatedObjectsAreDistinct.key 
24970      DEBUG main            d.u.i.k.p.i.AbstractProblemLoader Environment load took 269.7ns 
24972      INFO  main            d.u.i.k.p.i.AbstractProblemLoader Creating init config 
27475      DEBUG main            d.u.i.k.p.i.AbstractProblemLoader Init config took 2.5s 
27498      INFO  main            d.u.i.k.p.i.AbstractProblemLoader Replaying proof successiveCreatedObjectsAreDistinct.key 
27500      DEBUG main            d.u.i.k.p.i.IntermediateProofReplayer Proof replay took 6.4ns 
27907      INFO  main            d.u.i.k.p.r.p.TestFile    ... finished proof: closed. 
28074      INFO  main            d.u.i.k.p.i.AbstractProblemLoader Loading environment from /home/runner/work/key/key/key.core/../key.ui/examples/standard_key/instanceCreation/successiveCreatedObjectsAreDistinct.key.proof 
28074      DEBUG main            d.u.i.k.p.i.AbstractProblemLoader Environment load took 583.9ns 
28076      INFO  main            d.u.i.k.p.i.AbstractProblemLoader Creating init config 
30593      DEBUG main            d.u.i.k.p.i.AbstractProblemLoader Init config took 2.52s 
30615      INFO  main            d.u.i.k.p.i.AbstractProblemLoader Replaying proof successiveCreatedObjectsAreDistinct.key.proof 
30667      DEBUG main            d.u.i.k.p.i.IntermediateProofReplayer Proof replay took 48.81ms 
30668      DEBUG main            d.u.i.k.p.r.p.TestFile    ... success: reloaded. 
30669      INFO  main            d.u.i.k.p.r.p.TestFile    Now processing file /home/runner/work/key/key/key.core/../key.ui/examples/standard_key/instanceCreation/testOverloadingConstructors.key 
30670      INFO  main            d.u.i.k.p.i.AbstractProblemLoader Loading environment from /home/runner/work/key/key/key.core/../key.ui/examples/standard_key/instanceCreation/testOverloadingConstructors.key 
30670      DEBUG main            d.u.i.k.p.i.AbstractProblemLoader Environment load took 193ns 
30671      INFO  main            d.u.i.k.p.i.AbstractProblemLoader Creating init config 
33157      DEBUG main            d.u.i.k.p.i.AbstractProblemLoader Init config took 2.49s 
33177      INFO  main            d.u.i.k.p.i.AbstractProblemLoader Replaying proof testOverloadingConstructors.key 
33178      DEBUG main            d.u.i.k.p.i.IntermediateProofReplayer Proof replay took 5.1ns 
33487      INFO  main            d.u.i.k.p.r.p.TestFile    ... finished proof: closed. 
33663      INFO  main            d.u.i.k.p.i.AbstractProblemLoader Loading environment from /home/runner/work/key/key/key.core/../key.ui/examples/standard_key/instanceCreation/testOverloadingConstructors.key.proof 
33664      DEBUG main            d.u.i.k.p.i.AbstractProblemLoader Environment load took 641.4ns 
33665      INFO  main            d.u.i.k.p.i.AbstractProblemLoader Creating init config 
36164      DEBUG main            d.u.i.k.p.i.AbstractProblemLoader Init config took 2.5s 
36182      INFO  main            d.u.i.k.p.i.AbstractProblemLoader Replaying proof testOverloadingConstructors.key.proof 
36228      DEBUG main            d.u.i.k.p.i.IntermediateProofReplayer Proof replay took 42.67ms 
36229      DEBUG main            d.u.i.k.p.r.p.TestFile    ... success: reloaded. 
36230      INFO  main            d.u.i.k.p.r.p.TestFile    Now processing file /home/runner/work/key/key/key.core/../key.ui/examples/standard_key/java_dl/SimpleAttributes.key 
36230      INFO  main            d.u.i.k.p.i.AbstractProblemLoader Loading environment from /home/runner/work/key/key/key.core/../key.ui/examples/standard_key/java_dl/SimpleAttributes.key 
36231      DEBUG main            d.u.i.k.p.i.AbstractProblemLoader Environment load took 199.3ns 
36232      INFO  main            d.u.i.k.p.i.AbstractProblemLoader Creating init config 
38729      DEBUG main            d.u.i.k.p.i.AbstractProblemLoader Init config took 2.5s 
38747      INFO  main            d.u.i.k.p.i.AbstractProblemLoader Replaying proof SimpleAttributes.key 
38749      DEBUG main            d.u.i.k.p.i.IntermediateProofReplayer Proof replay took 6.3ns 
38851      INFO  main            d.u.i.k.p.r.p.TestFile    ... finished proof: closed. 
39027      INFO  main            d.u.i.k.p.i.AbstractProblemLoader Loading environment from /home/runner/work/key/key/key.core/../key.ui/examples/standard_key/java_dl/SimpleAttributes.key.proof 
39027      DEBUG main            d.u.i.k.p.i.AbstractProblemLoader Environment load took 144.6ns 
39028      INFO  main            d.u.i.k.p.i.AbstractProblemLoader Creating init config 
41501      DEBUG main            d.u.i.k.p.i.AbstractProblemLoader Init config took 2.47s 
41519      INFO  main            d.u.i.k.p.i.AbstractProblemLoader Replaying proof SimpleAttributes.key.proof 
41543      DEBUG main            d.u.i.k.p.i.IntermediateProofReplayer Proof replay took 21.46ms 
41544      DEBUG main            d.u.i.k.p.r.p.TestFile    ... success: reloaded. 
41545      INFO  main            d.u.i.k.p.r.p.TestFile    Now processing file /home/runner/work/key/key/key.core/../key.ui/examples/standard_key/java_dl/arrayMax.key 
41545      INFO  main            d.u.i.k.p.i.AbstractProblemLoader Loading environment from /home/runner/work/key/key/key.core/../key.ui/examples/standard_key/java_dl/arrayMax.key 
41545      DEBUG main            d.u.i.k.p.i.AbstractProblemLoader Environment load took 194.7ns 
41548      INFO  main            d.u.i.k.p.i.AbstractProblemLoader Creating init config 
44087      DEBUG main            d.u.i.k.p.i.AbstractProblemLoader Init config took 2.54s 
44105      INFO  main            d.u.i.k.p.i.AbstractProblemLoader Replaying proof arrayMax.key 
44108      DEBUG main            d.u.i.k.p.i.IntermediateProofReplayer Proof replay took 5.7ns 
45518      INFO  main            d.u.i.k.p.r.p.TestFile    ... finished proof: closed. 
45761      INFO  main            d.u.i.k.p.i.AbstractProblemLoader Loading environment from /home/runner/work/key/key/key.core/../key.ui/examples/standard_key/java_dl/arrayMax.key.proof 
45762      DEBUG main            d.u.i.k.p.i.AbstractProblemLoader Environment load took 427.5ns 
45764      INFO  main            d.u.i.k.p.i.AbstractProblemLoader Creating init config 
48293      DEBUG main            d.u.i.k.p.i.AbstractProblemLoader Init config took 2.53s 
48312      INFO  main            d.u.i.k.p.i.AbstractProblemLoader Replaying proof arrayMax.key.proof 
48542      DEBUG main            d.u.i.k.p.i.IntermediateProofReplayer Proof replay took 221.14ms 
48544      DEBUG main            d.u.i.k.p.r.p.TestFile    ... success: reloaded. 
48545      INFO  main            d.u.i.k.p.r.p.TestFile    Now processing file /home/runner/work/key/key/key.core/../key.ui/examples/standard_key/java_dl/arrayUpdateSimp.key 
48545      INFO  main            d.u.i.k.p.i.AbstractProblemLoader Loading environment from /home/runner/work/key/key/key.core/../key.ui/examples/standard_key/java_dl/arrayUpdateSimp.key 
48546      DEBUG main            d.u.i.k.p.i.AbstractProblemLoader Environment load took 287.1ns 
48548      INFO  main            d.u.i.k.p.i.AbstractProblemLoader Creating init config 
48574      WARN  main            d.u.i.k.j.r.KeYCrossReferenceNameInfo Datatype java.io.PrintStream declared twice: Once in FILE:/home/runner/work/key/key/key.core/../key.ui/examples/standard_key/java_dl/./classpath/PrintStream.java and once in URL:file:/home/runner/work/key/key/key.core/build/resources/main/de/uka/ilkd/key/java/JavaRedux/java/io/PrintStream.java, Keeping one from URL:file:/home/runner/work/key/key/key.core/build/resources/main/de/uka/ilkd/key/java/JavaRedux/java/io/PrintStream.java 
48575      WARN  main            d.u.i.k.j.r.KeYCrossReferenceNameInfo Datatype java.lang.System declared twice: Once in FILE:/home/runner/work/key/key/key.core/../key.ui/examples/standard_key/java_dl/./classpath/System.java and once in URL:file:/home/runner/work/key/key/key.core/build/resources/main/de/uka/ilkd/key/java/JavaRedux/java/lang/System.java, Keeping one from URL:file:/home/runner/work/key/key/key.core/build/resources/main/de/uka/ilkd/key/java/JavaRedux/java/lang/System.java 
48575      WARN  main            d.u.i.k.j.r.KeYCrossReferenceNameInfo Datatype java.io.InputStream declared twice: Once in FILE:/home/runner/work/key/key/key.core/../key.ui/examples/standard_key/java_dl/./classpath/InputStream.java and once in URL:file:/home/runner/work/key/key/key.core/build/resources/main/de/uka/ilkd/key/java/JavaRedux/java/io/InputStream.java, Keeping one from URL:file:/home/runner/work/key/key/key.core/build/resources/main/de/uka/ilkd/key/java/JavaRedux/java/io/InputStream.java 
48580      DEBUG main            d.u.i.k.j.r.ClassFileDeclarationBuilder Parsing: package java.io; public class Closeable { } 
48581      DEBUG main            r.s.KeYCrossReferenceSourceInfo Dynamically created class: java.io.Closeable 
51075      DEBUG main            d.u.i.k.p.i.AbstractProblemLoader Init config took 2.53s 
51092      INFO  main            d.u.i.k.p.i.AbstractProblemLoader Replaying proof arrayUpdateSimp.key 
51094      DEBUG main            d.u.i.k.p.i.IntermediateProofReplayer Proof replay took 6ns 
51197      INFO  main            d.u.i.k.p.r.p.TestFile    ... finished proof: closed. 
51407      INFO  main            d.u.i.k.p.i.AbstractProblemLoader Loading environment from /home/runner/work/key/key/key.core/../key.ui/examples/standard_key/java_dl/arrayUpdateSimp.key.proof 
51407      DEBUG main            d.u.i.k.p.i.AbstractProblemLoader Environment load took 162.8ns 
51412      INFO  main            d.u.i.k.p.i.AbstractProblemLoader Creating init config 
51460      WARN  main            d.u.i.k.j.r.KeYCrossReferenceNameInfo Datatype java.io.PrintStream declared twice: Once in FILE:/home/runner/work/key/key/key.core/../key.ui/examples/standard_key/java_dl/classpath/PrintStream.java and once in URL:file:/home/runner/work/key/key/key.core/build/resources/main/de/uka/ilkd/key/java/JavaRedux/java/io/PrintStream.java, Keeping one from URL:file:/home/runner/work/key/key/key.core/build/resources/main/de/uka/ilkd/key/java/JavaRedux/java/io/PrintStream.java 
51461      WARN  main            d.u.i.k.j.r.KeYCrossReferenceNameInfo Datatype java.lang.System declared twice: Once in FILE:/home/runner/work/key/key/key.core/../key.ui/examples/standard_key/java_dl/classpath/System.java and once in URL:file:/home/runner/work/key/key/key.core/build/resources/main/de/uka/ilkd/key/java/JavaRedux/java/lang/System.java, Keeping one from URL:file:/home/runner/work/key/key/key.core/build/resources/main/de/uka/ilkd/key/java/JavaRedux/java/lang/System.java 
51461      WARN  main            d.u.i.k.j.r.KeYCrossReferenceNameInfo Datatype java.io.InputStream declared twice: Once in FILE:/home/runner/work/key/key/key.core/../key.ui/examples/standard_key/java_dl/classpath/InputStream.java and once in URL:file:/home/runner/work/key/key/key.core/build/resources/main/de/uka/ilkd/key/java/JavaRedux/java/io/InputStream.java, Keeping one from URL:file:/home/runner/work/key/key/key.core/build/resources/main/de/uka/ilkd/key/java/JavaRedux/java/io/InputStream.java 
51464      DEBUG main            d.u.i.k.j.r.ClassFileDeclarationBuilder Parsing: package java.io; public class Closeable { } 
51465      DEBUG main            r.s.KeYCrossReferenceSourceInfo Dynamically created class: java.io.Closeable 
53862      DEBUG main            d.u.i.k.p.i.AbstractProblemLoader Init config took 2.45s 
53880      INFO  main            d.u.i.k.p.i.AbstractProblemLoader Replaying proof arrayUpdateSimp.key.proof 
53882      DEBUG main            d.u.i.k.p.i.IntermediateProofReplayer Proof replay took 564.7ns 
53884      DEBUG main            d.u.i.k.p.r.p.TestFile    ... success: reloaded. 
53885      INFO  main            d.u.i.k.p.r.p.TestFile    Now processing file /home/runner/work/key/key/key.core/../key.ui/examples/standard_key/java_dl/attributes.key 
53885      INFO  main            d.u.i.k.p.i.AbstractProblemLoader Loading environment from /home/runner/work/key/key/key.core/../key.ui/examples/standard_key/java_dl/attributes.key 
53885      DEBUG main            d.u.i.k.p.i.AbstractProblemLoader Environment load took 95.4ns 
53886      INFO  main            d.u.i.k.p.i.AbstractProblemLoader Creating init config 
56305      DEBUG main            d.u.i.k.p.i.AbstractProblemLoader Init config took 2.42s 
56322      INFO  main            d.u.i.k.p.i.AbstractProblemLoader Replaying proof attributes.key 
56325      DEBUG main            d.u.i.k.p.i.IntermediateProofReplayer Proof replay took 6.1ns 
56527      INFO  main            d.u.i.k.p.r.p.TestFile    ... finished proof: closed. 
56791      INFO  main            d.u.i.k.p.i.AbstractProblemLoader Loading environment from /home/runner/work/key/key/key.core/../key.ui/examples/standard_key/java_dl/attributes.key.proof 
56791      DEBUG main            d.u.i.k.p.i.AbstractProblemLoader Environment load took 119.4ns 
56793      INFO  main            d.u.i.k.p.i.AbstractProblemLoader Creating init config 
59274      DEBUG main            d.u.i.k.p.i.AbstractProblemLoader Init config took 2.48s 
59290      INFO  main            d.u.i.k.p.i.AbstractProblemLoader Replaying proof attributes.key.proof 
59327      DEBUG main            d.u.i.k.p.i.IntermediateProofReplayer Proof replay took 34.58ms 
59328      DEBUG main            d.u.i.k.p.r.p.TestFile    ... success: reloaded. 
59329      INFO  main            d.u.i.k.p.r.p.TestFile    Now processing file /home/runner/work/key/key/key.core/../key.ui/examples/standard_key/java_dl/break.key 
59329      INFO  main            d.u.i.k.p.i.AbstractProblemLoader Loading environment from /home/runner/work/key/key/key.core/../key.ui/examples/standard_key/java_dl/break.key 
59330      DEBUG main            d.u.i.k.p.i.AbstractProblemLoader Environment load took 141.1ns 
59330      INFO  main            d.u.i.k.p.i.AbstractProblemLoader Creating init config 
59355      WARN  main            d.u.i.k.j.r.KeYCrossReferenceNameInfo Datatype java.io.PrintStream declared twice: Once in FILE:/home/runner/work/key/key/key.core/../key.ui/examples/standard_key/java_dl/classpath/PrintStream.java and once in URL:file:/home/runner/work/key/key/key.core/build/resources/main/de/uka/ilkd/key/java/JavaRedux/java/io/PrintStream.java, Keeping one from URL:file:/home/runner/work/key/key/key.core/build/resources/main/de/uka/ilkd/key/java/JavaRedux/java/io/PrintStream.java 
59355      WARN  main            d.u.i.k.j.r.KeYCrossReferenceNameInfo Datatype java.lang.System declared twice: Once in FILE:/home/runner/work/key/key/key.core/../key.ui/examples/standard_key/java_dl/classpath/System.java and once in URL:file:/home/runner/work/key/key/key.core/build/resources/main/de/uka/ilkd/key/java/JavaRedux/java/lang/System.java, Keeping one from URL:file:/home/runner/work/key/key/key.core/build/resources/main/de/uka/ilkd/key/java/JavaRedux/java/lang/System.java 
59356      WARN  main            d.u.i.k.j.r.KeYCrossReferenceNameInfo Datatype java.io.InputStream declared twice: Once in FILE:/home/runner/work/key/key/key.core/../key.ui/examples/standard_key/java_dl/classpath/InputStream.java and once in URL:file:/home/runner/work/key/key/key.core/build/resources/main/de/uka/ilkd/key/java/JavaRedux/java/io/InputStream.java, Keeping one from URL:file:/home/runner/work/key/key/key.core/build/resources/main/de/uka/ilkd/key/java/JavaRedux/java/io/InputStream.java 
59358      DEBUG main            d.u.i.k.j.r.ClassFileDeclarationBuilder Parsing: package java.io; public class Closeable { } 
59371      DEBUG main            r.s.KeYCrossReferenceSourceInfo Dynamically created class: java.io.Closeable 
61796      DEBUG main            d.u.i.k.p.i.AbstractProblemLoader Init config took 2.47s 
61811      INFO  main            d.u.i.k.p.i.AbstractProblemLoader Replaying proof break.key 
61813      DEBUG main            d.u.i.k.p.i.IntermediateProofReplayer Proof replay took 6.2ns 
61916      INFO  main            d.u.i.k.p.r.p.TestFile    ... finished proof: closed. 
62110      INFO  main            d.u.i.k.p.i.AbstractProblemLoader Loading environment from /home/runner/work/key/key/key.core/../key.ui/examples/standard_key/java_dl/break.key.proof 
62110      DEBUG main            d.u.i.k.p.i.AbstractProblemLoader Environment load took 128.2ns 
62111      INFO  main            d.u.i.k.p.i.AbstractProblemLoader Creating init config 
62135      WARN  main            d.u.i.k.j.r.KeYCrossReferenceNameInfo Datatype java.io.PrintStream declared twice: Once in FILE:/home/runner/work/key/key/key.core/../key.ui/examples/standard_key/java_dl/classpath/PrintStream.java and once in URL:file:/home/runner/work/key/key/key.core/build/resources/main/de/uka/ilkd/key/java/JavaRedux/java/io/PrintStream.java, Keeping one from URL:file:/home/runner/work/key/key/key.core/build/resources/main/de/uka/ilkd/key/java/JavaRedux/java/io/PrintStream.java 
62136      WARN  main            d.u.i.k.j.r.KeYCrossReferenceNameInfo Datatype java.lang.System declared twice: Once in FILE:/home/runner/work/key/key/key.core/../key.ui/examples/standard_key/java_dl/classpath/System.java and once in URL:file:/home/runner/work/key/key/key.core/build/resources/main/de/uka/ilkd/key/java/JavaRedux/java/lang/System.java, Keeping one from URL:file:/home/runner/work/key/key/key.core/build/resources/main/de/uka/ilkd/key/java/JavaRedux/java/lang/System.java 
62136      WARN  main            d.u.i.k.j.r.KeYCrossReferenceNameInfo Datatype java.io.InputStream declared twice: Once in FILE:/home/runner/work/key/key/key.core/../key.ui/examples/standard_key/java_dl/classpath/InputStream.java and once in URL:file:/home/runner/work/key/key/key.core/build/resources/main/de/uka/ilkd/key/java/JavaRedux/java/io/InputStream.java, Keeping one from URL:file:/home/runner/work/key/key/key.core/build/resources/main/de/uka/ilkd/key/java/JavaRedux/java/io/InputStream.java 
62139      DEBUG main            d.u.i.k.j.r.ClassFileDeclarationBuilder Parsing: package java.io; public class Closeable { } 
62139      DEBUG main            r.s.KeYCrossReferenceSourceInfo Dynamically created class: java.io.Closeable 
64591      DEBUG main            d.u.i.k.p.i.AbstractProblemLoader Init config took 2.48s 
64606      INFO  main            d.u.i.k.p.i.AbstractProblemLoader Replaying proof break.key.proof 
64614      DEBUG main            d.u.i.k.p.i.IntermediateProofReplayer Proof replay took 6.71ms 
64615      DEBUG main            d.u.i.k.p.r.p.TestFile    ... success: reloaded. 
64616      INFO  main            d.u.i.k.p.r.p.TestFile    Now processing file /home/runner/work/key/key/key.core/../key.ui/examples/standard_key/java_dl/char.key 
64617      INFO  main            d.u.i.k.p.i.AbstractProblemLoader Loading environment from /home/runner/work/key/key/key.core/../key.ui/examples/standard_key/java_dl/char.key 
64617      DEBUG main            d.u.i.k.p.i.AbstractProblemLoader Environment load took 158.1ns 
64618      INFO  main            d.u.i.k.p.i.AbstractProblemLoader Creating init config 
67005      DEBUG main            d.u.i.k.p.i.AbstractProblemLoader Init config took 2.39s 
67019      INFO  main            d.u.i.k.p.i.AbstractProblemLoader Replaying proof char.key 
67020      DEBUG main            d.u.i.k.p.i.IntermediateProofReplayer Proof replay took 5.9ns 
67122      INFO  main            d.u.i.k.p.r.p.TestFile    ... finished proof: closed. 
67435      INFO  main            d.u.i.k.p.i.AbstractProblemLoader Loading environment from /home/runner/work/key/key/key.core/../key.ui/examples/standard_key/java_dl/char.key.proof 
67435      DEBUG main            d.u.i.k.p.i.AbstractProblemLoader Environment load took 141.6ns 
67436      INFO  main            d.u.i.k.p.i.AbstractProblemLoader Creating init config 
69793      DEBUG main            d.u.i.k.p.i.AbstractProblemLoader Init config took 2.36s 
69807      INFO  main            d.u.i.k.p.i.AbstractProblemLoader Replaying proof char.key.proof 
69811      DEBUG main            d.u.i.k.p.i.IntermediateProofReplayer Proof replay took 2.34ms 
69812      DEBUG main            d.u.i.k.p.r.p.TestFile    ... success: reloaded. 
69813      INFO  main            d.u.i.k.p.r.p.TestFile    Now processing file /home/runner/work/key/key/key.core/../key.ui/examples/standard_key/java_dl/compileTimeConstants.key 
69813      INFO  main            d.u.i.k.p.i.AbstractProblemLoader Loading environment from /home/runner/work/key/key/key.core/../key.ui/examples/standard_key/java_dl/compileTimeConstants.key 
69813      DEBUG main            d.u.i.k.p.i.AbstractProblemLoader Environment load took 121.2ns 
69814      INFO  main            d.u.i.k.p.i.AbstractProblemLoader Creating init config 
72214      DEBUG main            d.u.i.k.p.i.AbstractProblemLoader Init config took 2.4s 
72230      INFO  main            d.u.i.k.p.i.AbstractProblemLoader Replaying proof compileTimeConstants.key 
72233      DEBUG main            d.u.i.k.p.i.IntermediateProofReplayer Proof replay took 6.7ns 
72344      INFO  main            d.u.i.k.p.r.p.TestFile    ... finished proof: closed. 
72555      INFO  main            d.u.i.k.p.i.AbstractProblemLoader Loading environment from /home/runner/work/key/key/key.core/../key.ui/examples/standard_key/java_dl/compileTimeConstants.key.proof 
72556      DEBUG main            d.u.i.k.p.i.AbstractProblemLoader Environment load took 116.1ns 
72557      INFO  main            d.u.i.k.p.i.AbstractProblemLoader Creating init config 
74935      DEBUG main            d.u.i.k.p.i.AbstractProblemLoader Init config took 2.38s 
74950      INFO  main            d.u.i.k.p.i.AbstractProblemLoader Replaying proof compileTimeConstants.key.proof 
74964      DEBUG main            d.u.i.k.p.i.IntermediateProofReplayer Proof replay took 11.31ms 
74969      DEBUG main            d.u.i.k.p.r.p.TestFile    ... success: reloaded. 
74970      INFO  main            d.u.i.k.p.r.p.TestFile    Now processing file /home/runner/work/key/key/key.core/../key.ui/examples/standard_key/java_dl/constructorException/test.key 
74970      INFO  main            d.u.i.k.p.i.AbstractProblemLoader Loading environment from /home/runner/work/key/key/key.core/../key.ui/examples/standard_key/java_dl/constructorException/test.key 
74970      DEBUG main            d.u.i.k.p.i.AbstractProblemLoader Environment load took 130.8ns 
74971      INFO  main            d.u.i.k.p.i.AbstractProblemLoader Creating init config 
77459      DEBUG main            d.u.i.k.p.i.AbstractProblemLoader Init config took 2.49s 
77517      INFO  main            d.u.i.k.p.i.AbstractProblemLoader Replaying proof Test[Test::Test(int)].JML operation contract.0 
77518      DEBUG main            d.u.i.k.p.i.IntermediateProofReplayer Proof replay took 6.3ns 
77721      INFO  main            d.u.i.k.p.r.p.TestFile    ... finished proof: closed. 
77961      INFO  main            d.u.i.k.p.i.AbstractProblemLoader Loading environment from /home/runner/work/key/key/key.core/../key.ui/examples/standard_key/java_dl/constructorException/test.key.proof 
77961      DEBUG main            d.u.i.k.p.i.AbstractProblemLoader Environment load took 123.5ns 
77962      INFO  main            d.u.i.k.p.i.AbstractProblemLoader Creating init config 
80354      DEBUG main            d.u.i.k.p.i.AbstractProblemLoader Init config took 2.39s 
80405      INFO  main            d.u.i.k.p.i.AbstractProblemLoader Replaying proof Test[Test::Test(int)].JML operation contract.0 
80458      DEBUG main            d.u.i.k.p.i.IntermediateProofReplayer Proof replay took 48.32ms 
80459      DEBUG main            d.u.i.k.p.r.p.TestFile    ... success: reloaded. 
80460      INFO  main            d.u.i.k.p.r.p.TestFile    Now processing file /home/runner/work/key/key/key.core/../key.ui/examples/standard_key/java_dl/constructorException/regressionTestBug1333.key 
80460      INFO  main            d.u.i.k.p.i.AbstractProblemLoader Loading environment from /home/runner/work/key/key/key.core/../key.ui/examples/standard_key/java_dl/constructorException/regressionTestBug1333.key 
80461      DEBUG main            d.u.i.k.p.i.AbstractProblemLoader Environment load took 183.7ns 
80461      INFO  main            d.u.i.k.p.i.AbstractProblemLoader Creating init config 
82929      DEBUG main            d.u.i.k.p.i.AbstractProblemLoader Init config took 2.47s 
82976      INFO  main            d.u.i.k.p.i.AbstractProblemLoader Replaying proof False[False::False()].JML normal_behavior operation contract.0 
82979      DEBUG main            d.u.i.k.p.i.IntermediateProofReplayer Proof replay took 6.5ns 
83081      INFO  main            d.u.i.k.p.r.p.TestFile    ... finished proof: open goal(s) 
83305      INFO  main            d.u.i.k.p.r.p.TestFile    Now processing file /home/runner/work/key/key/key.core/../key.ui/examples/standard_key/java_dl/continue1.key 
83306      INFO  main            d.u.i.k.p.i.AbstractProblemLoader Loading environment from /home/runner/work/key/key/key.core/../key.ui/examples/standard_key/java_dl/continue1.key 
83306      DEBUG main            d.u.i.k.p.i.AbstractProblemLoader Environment load took 84.3ns 
83307      INFO  main            d.u.i.k.p.i.AbstractProblemLoader Creating init config 
83332      WARN  main            d.u.i.k.j.r.KeYCrossReferenceNameInfo Datatype java.io.PrintStream declared twice: Once in FILE:/home/runner/work/key/key/key.core/../key.ui/examples/standard_key/java_dl/classpath/PrintStream.java and once in URL:file:/home/runner/work/key/key/key.core/build/resources/main/de/uka/ilkd/key/java/JavaRedux/java/io/PrintStream.java, Keeping one from URL:file:/home/runner/work/key/key/key.core/build/resources/main/de/uka/ilkd/key/java/JavaRedux/java/io/PrintStream.java 
83332      WARN  main            d.u.i.k.j.r.KeYCrossReferenceNameInfo Datatype java.lang.System declared twice: Once in FILE:/home/runner/work/key/key/key.core/../key.ui/examples/standard_key/java_dl/classpath/System.java and once in URL:file:/home/runner/work/key/key/key.core/build/resources/main/de/uka/ilkd/key/java/JavaRedux/java/lang/System.java, Keeping one from URL:file:/home/runner/work/key/key/key.core/build/resources/main/de/uka/ilkd/key/java/JavaRedux/java/lang/System.java 
83332      WARN  main            d.u.i.k.j.r.KeYCrossReferenceNameInfo Datatype java.io.InputStream declared twice: Once in FILE:/home/runner/work/key/key/key.core/../key.ui/examples/standard_key/java_dl/classpath/InputStream.java and once in URL:file:/home/runner/work/key/key/key.core/build/resources/main/de/uka/ilkd/key/java/JavaRedux/java/io/InputStream.java, Keeping one from URL:file:/home/runner/work/key/key/key.core/build/resources/main/de/uka/ilkd/key/java/JavaRedux/java/io/InputStream.java 
83335      DEBUG main            d.u.i.k.j.r.ClassFileDeclarationBuilder Parsing: package java.io; public class Closeable { } 
83335      DEBUG main            r.s.KeYCrossReferenceSourceInfo Dynamically created class: java.io.Closeable 
85721      DEBUG main            d.u.i.k.p.i.AbstractProblemLoader Init config took 2.41s 
85735      INFO  main            d.u.i.k.p.i.AbstractProblemLoader Replaying proof continue1.key 
85736      DEBUG main            d.u.i.k.p.i.IntermediateProofReplayer Proof replay took 6.7ns 
85838      INFO  main            d.u.i.k.p.r.p.TestFile    ... finished proof: closed. 
86049      INFO  main            d.u.i.k.p.i.AbstractProblemLoader Loading environment from /home/runner/work/key/key/key.core/../key.ui/examples/standard_key/java_dl/continue1.key.proof 
86049      DEBUG main            d.u.i.k.p.i.AbstractProblemLoader Environment load took 133.4ns 
86050      INFO  main            d.u.i.k.p.i.AbstractProblemLoader Creating init config 
86076      WARN  main            d.u.i.k.j.r.KeYCrossReferenceNameInfo Datatype java.io.PrintStream declared twice: Once in FILE:/home/runner/work/key/key/key.core/../key.ui/examples/standard_key/java_dl/classpath/PrintStream.java and once in URL:file:/home/runner/work/key/key/key.core/build/resources/main/de/uka/ilkd/key/java/JavaRedux/java/io/PrintStream.java, Keeping one from URL:file:/home/runner/work/key/key/key.core/build/resources/main/de/uka/ilkd/key/java/JavaRedux/java/io/PrintStream.java 
86076      WARN  main            d.u.i.k.j.r.KeYCrossReferenceNameInfo Datatype java.lang.System declared twice: Once in FILE:/home/runner/work/key/key/key.core/../key.ui/examples/standard_key/java_dl/classpath/System.java and once in URL:file:/home/runner/work/key/key/key.core/build/resources/main/de/uka/ilkd/key/java/JavaRedux/java/lang/System.java, Keeping one from URL:file:/home/runner/work/key/key/key.core/build/resources/main/de/uka/ilkd/key/java/JavaRedux/java/lang/System.java 
86076      WARN  main            d.u.i.k.j.r.KeYCrossReferenceNameInfo Datatype java.io.InputStream declared twice: Once in FILE:/home/runner/work/key/key/key.core/../key.ui/examples/standard_key/java_dl/classpath/InputStream.java and once in URL:file:/home/runner/work/key/key/key.core/build/resources/main/de/uka/ilkd/key/java/JavaRedux/java/io/InputStream.java, Keeping one from URL:file:/home/runner/work/key/key/key.core/build/resources/main/de/uka/ilkd/key/java/JavaRedux/java/io/InputStream.java 
86079      DEBUG main            d.u.i.k.j.r.ClassFileDeclarationBuilder Parsing: package java.io; public class Closeable { } 
86079      DEBUG main            r.s.KeYCrossReferenceSourceInfo Dynamically created class: java.io.Closeable 
88474      DEBUG main            d.u.i.k.p.i.AbstractProblemLoader Init config took 2.42s 
88488      INFO  main            d.u.i.k.p.i.AbstractProblemLoader Replaying proof continue1.key.proof 
88508      DEBUG main            d.u.i.k.p.i.IntermediateProofReplayer Proof replay took 17.92ms 
88510      DEBUG main            d.u.i.k.p.r.p.TestFile    ... success: reloaded. 
88511      INFO  main            d.u.i.k.p.r.p.TestFile    Now processing file /home/runner/work/key/key/key.core/../key.ui/examples/standard_key/java_dl/continue2.key 
88511      INFO  main            d.u.i.k.p.i.AbstractProblemLoader Loading environment from /home/runner/work/key/key/key.core/../key.ui/examples/standard_key/java_dl/continue2.key 
88511      DEBUG main            d.u.i.k.p.i.AbstractProblemLoader Environment load took 128.9ns 
88512      INFO  main            d.u.i.k.p.i.AbstractProblemLoader Creating init config 
88534      WARN  main            d.u.i.k.j.r.KeYCrossReferenceNameInfo Datatype java.io.PrintStream declared twice: Once in FILE:/home/runner/work/key/key/key.core/../key.ui/examples/standard_key/java_dl/classpath/PrintStream.java and once in URL:file:/home/runner/work/key/key/key.core/build/resources/main/de/uka/ilkd/key/java/JavaRedux/java/io/PrintStream.java, Keeping one from URL:file:/home/runner/work/key/key/key.core/build/resources/main/de/uka/ilkd/key/java/JavaRedux/java/io/PrintStream.java 
88535      WARN  main            d.u.i.k.j.r.KeYCrossReferenceNameInfo Datatype java.lang.System declared twice: Once in FILE:/home/runner/work/key/key/key.core/../key.ui/examples/standard_key/java_dl/classpath/System.java and once in URL:file:/home/runner/work/key/key/key.core/build/resources/main/de/uka/ilkd/key/java/JavaRedux/java/lang/System.java, Keeping one from URL:file:/home/runner/work/key/key/key.core/build/resources/main/de/uka/ilkd/key/java/JavaRedux/java/lang/System.java 
88535      WARN  main            d.u.i.k.j.r.KeYCrossReferenceNameInfo Datatype java.io.InputStream declared twice: Once in FILE:/home/runner/work/key/key/key.core/../key.ui/examples/standard_key/java_dl/classpath/InputStream.java and once in URL:file:/home/runner/work/key/key/key.core/build/resources/main/de/uka/ilkd/key/java/JavaRedux/java/io/InputStream.java, Keeping one from URL:file:/home/runner/work/key/key/key.core/build/resources/main/de/uka/ilkd/key/java/JavaRedux/java/io/InputStream.java 
88537      DEBUG main            d.u.i.k.j.r.ClassFileDeclarationBuilder Parsing: package java.io; public class Closeable { } 
88538      DEBUG main            r.s.KeYCrossReferenceSourceInfo Dynamically created class: java.io.Closeable 
91069      DEBUG main            d.u.i.k.p.i.AbstractProblemLoader Init config took 2.56s 
91083      INFO  main            d.u.i.k.p.i.AbstractProblemLoader Replaying proof continue2.key 
91085      DEBUG main            d.u.i.k.p.i.IntermediateProofReplayer Proof replay took 6ns 
91387      INFO  main            d.u.i.k.p.r.p.TestFile    ... finished proof: closed. 
91645      INFO  main            d.u.i.k.p.i.AbstractProblemLoader Loading environment from /home/runner/work/key/key/key.core/../key.ui/examples/standard_key/java_dl/continue2.key.proof 
91645      DEBUG main            d.u.i.k.p.i.AbstractProblemLoader Environment load took 107.9ns 
91647      INFO  main            d.u.i.k.p.i.AbstractProblemLoader Creating init config 
91670      WARN  main            d.u.i.k.j.r.KeYCrossReferenceNameInfo Datatype java.io.PrintStream declared twice: Once in FILE:/home/runner/work/key/key/key.core/../key.ui/examples/standard_key/java_dl/classpath/PrintStream.java and once in URL:file:/home/runner/work/key/key/key.core/build/resources/main/de/uka/ilkd/key/java/JavaRedux/java/io/PrintStream.java, Keeping one from URL:file:/home/runner/work/key/key/key.core/build/resources/main/de/uka/ilkd/key/java/JavaRedux/java/io/PrintStream.java 
91670      WARN  main            d.u.i.k.j.r.KeYCrossReferenceNameInfo Datatype java.lang.System declared twice: Once in FILE:/home/runner/work/key/key/key.core/../key.ui/examples/standard_key/java_dl/classpath/System.java and once in URL:file:/home/runner/work/key/key/key.core/build/resources/main/de/uka/ilkd/key/java/JavaRedux/java/lang/System.java, Keeping one from URL:file:/home/runner/work/key/key/key.core/build/resources/main/de/uka/ilkd/key/java/JavaRedux/java/lang/System.java 
91670      WARN  main            d.u.i.k.j.r.KeYCrossReferenceNameInfo Datatype java.io.InputStream declared twice: Once in FILE:/home/runner/work/key/key/key.core/../key.ui/examples/standard_key/java_dl/classpath/InputStream.java and once in URL:file:/home/runner/work/key/key/key.core/build/resources/main/de/uka/ilkd/key/java/JavaRedux/java/io/InputStream.java, Keeping one from URL:file:/home/runner/work/key/key/key.core/build/resources/main/de/uka/ilkd/key/java/JavaRedux/java/io/InputStream.java 
91673      DEBUG main            d.u.i.k.j.r.ClassFileDeclarationBuilder Parsing: package java.io; public class Closeable { } 
91673      DEBUG main            r.s.KeYCrossReferenceSourceInfo Dynamically created class: java.io.Closeable 
94035      DEBUG main            d.u.i.k.p.i.AbstractProblemLoader Init config took 2.39s 
94049      INFO  main            d.u.i.k.p.i.AbstractProblemLoader Replaying proof continue2.key.proof 
94114      DEBUG main            d.u.i.k.p.i.IntermediateProofReplayer Proof replay took 62.25ms 
94115      DEBUG main            d.u.i.k.p.r.p.TestFile    ... success: reloaded. 
94116      INFO  main            d.u.i.k.p.r.p.TestFile    Now processing file /home/runner/work/key/key/key.core/../key.ui/examples/standard_key/java_dl/complexAssignment.key 
94117      INFO  main            d.u.i.k.p.i.AbstractProblemLoader Loading environment from /home/runner/work/key/key/key.core/../key.ui/examples/standard_key/java_dl/complexAssignment.key 
94117      DEBUG main            d.u.i.k.p.i.AbstractProblemLoader Environment load took 131.4ns 
94118      INFO  main            d.u.i.k.p.i.AbstractProblemLoader Creating init config 
96603      DEBUG main            d.u.i.k.p.i.AbstractProblemLoader Init config took 2.48s 
96618      INFO  main            d.u.i.k.p.i.AbstractProblemLoader Replaying proof complexAssignment.key 
96620      DEBUG main            d.u.i.k.p.i.IntermediateProofReplayer Proof replay took 6.6ns 
96722      INFO  main            d.u.i.k.p.r.p.TestFile    ... finished proof: closed. 
96972      INFO  main            d.u.i.k.p.i.AbstractProblemLoader Loading environment from /home/runner/work/key/key/key.core/../key.ui/examples/standard_key/java_dl/complexAssignment.key.proof 
96973      DEBUG main            d.u.i.k.p.i.AbstractProblemLoader Environment load took 109.1ns 
96974      INFO  main            d.u.i.k.p.i.AbstractProblemLoader Creating init config 
99299      DEBUG main            d.u.i.k.p.i.AbstractProblemLoader Init config took 2.32s 
99314      INFO  main            d.u.i.k.p.i.AbstractProblemLoader Replaying proof complexAssignment.key.proof 
99323      DEBUG main            d.u.i.k.p.i.IntermediateProofReplayer Proof replay took 6.82ms 
99324      DEBUG main            d.u.i.k.p.r.p.TestFile    ... success: reloaded. 
99324      INFO  main            d.u.i.k.p.r.p.TestFile    Now processing file /home/runner/work/key/key/key.core/../key.ui/examples/standard_key/java_dl/danglingElseSolution1.key 
99325      INFO  main            d.u.i.k.p.i.AbstractProblemLoader Loading environment from /home/runner/work/key/key/key.core/../key.ui/examples/standard_key/java_dl/danglingElseSolution1.key 
99325      DEBUG main            d.u.i.k.p.i.AbstractProblemLoader Environment load took 156ns 
99326      INFO  main            d.u.i.k.p.i.AbstractProblemLoader Creating init config 
101771     DEBUG main            d.u.i.k.p.i.AbstractProblemLoader Init config took 2.45s 
101787     INFO  main            d.u.i.k.p.i.AbstractProblemLoader Replaying proof danglingElseSolution1.key 
101788     DEBUG main            d.u.i.k.p.i.IntermediateProofReplayer Proof replay took 6.5ns 
101891     INFO  main            d.u.i.k.p.r.p.TestFile    ... finished proof: closed. 
102169     INFO  main            d.u.i.k.p.i.AbstractProblemLoader Loading environment from /home/runner/work/key/key/key.core/../key.ui/examples/standard_key/java_dl/danglingElseSolution1.key.proof 
102169     DEBUG main            d.u.i.k.p.i.AbstractProblemLoader Environment load took 108.2ns 
102170     INFO  main            d.u.i.k.p.i.AbstractProblemLoader Creating init config 
104534     DEBUG main            d.u.i.k.p.i.AbstractProblemLoader Init config took 2.36s 
104551     INFO  main            d.u.i.k.p.i.AbstractProblemLoader Replaying proof danglingElseSolution1.key.proof 
104561     DEBUG main            d.u.i.k.p.i.IntermediateProofReplayer Proof replay took 8.28ms 
104562     DEBUG main            d.u.i.k.p.r.p.TestFile    ... success: reloaded. 
104563     INFO  main            d.u.i.k.p.r.p.TestFile    Now processing file /home/runner/work/key/key/key.core/../key.ui/examples/standard_key/java_dl/danglingElseSolution2.key 
104563     INFO  main            d.u.i.k.p.i.AbstractProblemLoader Loading environment from /home/runner/work/key/key/key.core/../key.ui/examples/standard_key/java_dl/danglingElseSolution2.key 
104563     DEBUG main            d.u.i.k.p.i.AbstractProblemLoader Environment load took 93ns 
104564     INFO  main            d.u.i.k.p.i.AbstractProblemLoader Creating init config 
106980     DEBUG main            d.u.i.k.p.i.AbstractProblemLoader Init config took 2.42s 
106996     INFO  main            d.u.i.k.p.i.AbstractProblemLoader Replaying proof danglingElseSolution2.key 
106998     DEBUG main            d.u.i.k.p.i.IntermediateProofReplayer Proof replay took 6.4ns 
107101     INFO  main            d.u.i.k.p.r.p.TestFile    ... finished proof: closed. 
107380     INFO  main            d.u.i.k.p.i.AbstractProblemLoader Loading environment from /home/runner/work/key/key/key.core/../key.ui/examples/standard_key/java_dl/danglingElseSolution2.key.proof 
107380     DEBUG main            d.u.i.k.p.i.AbstractProblemLoader Environment load took 107.3ns 
107382     INFO  main            d.u.i.k.p.i.AbstractProblemLoader Creating init config 
109669     DEBUG main            d.u.i.k.p.i.AbstractProblemLoader Init config took 2.29s 
109684     INFO  main            d.u.i.k.p.i.AbstractProblemLoader Replaying proof danglingElseSolution2.key.proof 
109694     DEBUG main            d.u.i.k.p.i.IntermediateProofReplayer Proof replay took 8.1ms 
109695     DEBUG main            d.u.i.k.p.r.p.TestFile    ... success: reloaded. 
109695     INFO  main            d.u.i.k.p.r.p.TestFile    Now processing file /home/runner/work/key/key/key.core/../key.ui/examples/standard_key/java_dl/deepNonNull/deepNonNull0.key 
109696     INFO  main            d.u.i.k.p.i.AbstractProblemLoader Loading environment from /home/runner/work/key/key/key.core/../key.ui/examples/standard_key/java_dl/deepNonNull/deepNonNull0.key 
109696     DEBUG main            d.u.i.k.p.i.AbstractProblemLoader Environment load took 167.91ns 
109697     INFO  main            d.u.i.k.p.i.AbstractProblemLoader Creating init config 
112135     DEBUG main            d.u.i.k.p.i.AbstractProblemLoader Init config took 2.44s 
112196     INFO  main            d.u.i.k.p.i.AbstractProblemLoader Replaying proof Arrays[Arrays::get()].JML operation contract.0 
112198     DEBUG main            d.u.i.k.p.i.IntermediateProofReplayer Proof replay took 7ns 
112401     INFO  main            d.u.i.k.p.r.p.TestFile    ... finished proof: closed. 
112646     INFO  main            d.u.i.k.p.i.AbstractProblemLoader Loading environment from /home/runner/work/key/key/key.core/../key.ui/examples/standard_key/java_dl/deepNonNull/deepNonNull0.key.proof 
112647     DEBUG main            d.u.i.k.p.i.AbstractProblemLoader Environment load took 108.8ns 
112649     INFO  main            d.u.i.k.p.i.AbstractProblemLoader Creating init config 
115028     DEBUG main            d.u.i.k.p.i.AbstractProblemLoader Init config took 2.38s 
115065     INFO  main            d.u.i.k.p.i.AbstractProblemLoader Replaying proof Arrays[Arrays::get()].JML operation contract.0 
115087     DEBUG main            d.u.i.k.p.i.IntermediateProofReplayer Proof replay took 18.54ms 
115087     DEBUG main            d.u.i.k.p.r.p.TestFile    ... success: reloaded. 
115088     INFO  main            d.u.i.k.p.r.p.TestFile    Now processing file /home/runner/work/key/key/key.core/../key.ui/examples/standard_key/java_dl/deepNonNull/deepNonNull1.key 
115088     INFO  main            d.u.i.k.p.i.AbstractProblemLoader Loading environment from /home/runner/work/key/key/key.core/../key.ui/examples/standard_key/java_dl/deepNonNull/deepNonNull1.key 
115089     DEBUG main            d.u.i.k.p.i.AbstractProblemLoader Environment load took 114.7ns 
115089     INFO  main            d.u.i.k.p.i.AbstractProblemLoader Creating init config 
117486     DEBUG main            d.u.i.k.p.i.AbstractProblemLoader Init config took 2.4s 
117521     INFO  main            d.u.i.k.p.i.AbstractProblemLoader Replaying proof Arrays[Arrays::head()].JML operation contract.0 
117522     DEBUG main            d.u.i.k.p.i.IntermediateProofReplayer Proof replay took 6.8ns 
117725     INFO  main            d.u.i.k.p.r.p.TestFile    ... finished proof: closed. 
117993     INFO  main            d.u.i.k.p.i.AbstractProblemLoader Loading environment from /home/runner/work/key/key/key.core/../key.ui/examples/standard_key/java_dl/deepNonNull/deepNonNull1.key.proof 
117993     DEBUG main            d.u.i.k.p.i.AbstractProblemLoader Environment load took 116ns 
117994     INFO  main            d.u.i.k.p.i.AbstractProblemLoader Creating init config 
120349     DEBUG main            d.u.i.k.p.i.AbstractProblemLoader Init config took 2.35s 
120384     INFO  main            d.u.i.k.p.i.AbstractProblemLoader Replaying proof Arrays[Arrays::head()].JML operation contract.0 
120409     DEBUG main            d.u.i.k.p.i.IntermediateProofReplayer Proof replay took 22.32ms 
120410     DEBUG main            d.u.i.k.p.r.p.TestFile    ... success: reloaded. 
120411     INFO  main            d.u.i.k.p.r.p.TestFile    Now processing file /home/runner/work/key/key/key.core/../key.ui/examples/standard_key/java_dl/deepNonNull/deepNonNull2.key 
120411     INFO  main            d.u.i.k.p.i.AbstractProblemLoader Loading environment from /home/runner/work/key/key/key.core/../key.ui/examples/standard_key/java_dl/deepNonNull/deepNonNull2.key 
120411     DEBUG main            d.u.i.k.p.i.AbstractProblemLoader Environment load took 71.8ns 
120412     INFO  main            d.u.i.k.p.i.AbstractProblemLoader Creating init config 
122840     DEBUG main            d.u.i.k.p.i.AbstractProblemLoader Init config took 2.43s 
122877     INFO  main            d.u.i.k.p.i.AbstractProblemLoader Replaying proof Arrays[Arrays::unprovable(java.lang.Object)].JML operation contract.0 
122878     DEBUG main            d.u.i.k.p.i.IntermediateProofReplayer Proof replay took 6.9ns 
122984     INFO  main            d.u.i.k.p.r.p.TestFile    ... finished proof: open goal(s) 
123242     INFO  main            d.u.i.k.p.r.p.TestFile    Now processing file /home/runner/work/key/key/key.core/../key.ui/examples/standard_key/java_dl/deepNonNull/deepNonNull3.key 
123242     INFO  main            d.u.i.k.p.i.AbstractProblemLoader Loading environment from /home/runner/work/key/key/key.core/../key.ui/examples/standard_key/java_dl/deepNonNull/deepNonNull3.key 
123242     DEBUG main            d.u.i.k.p.i.AbstractProblemLoader Environment load took 122.1ns 
123243     INFO  main            d.u.i.k.p.i.AbstractProblemLoader Creating init config 
125620     DEBUG main            d.u.i.k.p.i.AbstractProblemLoader Init config took 2.38s 
125656     INFO  main            d.u.i.k.p.i.AbstractProblemLoader Replaying proof Arrays[Arrays::head([[[[Ljava.lang.Object)].JML operation contract.0 
125657     DEBUG main            d.u.i.k.p.i.IntermediateProofReplayer Proof replay took 6.3ns 
126565     INFO  main            d.u.i.k.p.r.p.TestFile    ... finished proof: closed. 
126945     INFO  main            d.u.i.k.p.i.AbstractProblemLoader Loading environment from /home/runner/work/key/key/key.core/../key.ui/examples/standard_key/java_dl/deepNonNull/deepNonNull3.key.proof 
126946     DEBUG main            d.u.i.k.p.i.AbstractProblemLoader Environment load took 1.03ms 
126948     INFO  main            d.u.i.k.p.i.AbstractProblemLoader Creating init config 
129343     DEBUG main            d.u.i.k.p.i.AbstractProblemLoader Init config took 2.39s 
129381     INFO  main            d.u.i.k.p.i.AbstractProblemLoader Replaying proof Arrays[Arrays::head([[[[Ljava.lang.Object)].JML operation contract.0 
129466     DEBUG main            d.u.i.k.p.i.IntermediateProofReplayer Proof replay took 79ms 
129467     DEBUG main            d.u.i.k.p.r.p.TestFile    ... success: reloaded. 
129467     INFO  main            d.u.i.k.p.r.p.TestFile    Now processing file /home/runner/work/key/key/key.core/../key.ui/examples/standard_key/java_dl/exceptions.key 
129468     INFO  main            d.u.i.k.p.i.AbstractProblemLoader Loading environment from /home/runner/work/key/key/key.core/../key.ui/examples/standard_key/java_dl/exceptions.key 
129468     DEBUG main            d.u.i.k.p.i.AbstractProblemLoader Environment load took 100.3ns 
129469     INFO  main            d.u.i.k.p.i.AbstractProblemLoader Creating init config 
129491     WARN  main            d.u.i.k.j.r.KeYCrossReferenceNameInfo Datatype java.io.PrintStream declared twice: Once in FILE:/home/runner/work/key/key/key.core/../key.ui/examples/standard_key/java_dl/classpath/PrintStream.java and once in URL:file:/home/runner/work/key/key/key.core/build/resources/main/de/uka/ilkd/key/java/JavaRedux/java/io/PrintStream.java, Keeping one from URL:file:/home/runner/work/key/key/key.core/build/resources/main/de/uka/ilkd/key/java/JavaRedux/java/io/PrintStream.java 
129491     WARN  main            d.u.i.k.j.r.KeYCrossReferenceNameInfo Datatype java.lang.System declared twice: Once in FILE:/home/runner/work/key/key/key.core/../key.ui/examples/standard_key/java_dl/classpath/System.java and once in URL:file:/home/runner/work/key/key/key.core/build/resources/main/de/uka/ilkd/key/java/JavaRedux/java/lang/System.java, Keeping one from URL:file:/home/runner/work/key/key/key.core/build/resources/main/de/uka/ilkd/key/java/JavaRedux/java/lang/System.java 
129491     WARN  main            d.u.i.k.j.r.KeYCrossReferenceNameInfo Datatype java.io.InputStream declared twice: Once in FILE:/home/runner/work/key/key/key.core/../key.ui/examples/standard_key/java_dl/classpath/InputStream.java and once in URL:file:/home/runner/work/key/key/key.core/build/resources/main/de/uka/ilkd/key/java/JavaRedux/java/io/InputStream.java, Keeping one from URL:file:/home/runner/work/key/key/key.core/build/resources/main/de/uka/ilkd/key/java/JavaRedux/java/io/InputStream.java 
129494     DEBUG main            d.u.i.k.j.r.ClassFileDeclarationBuilder Parsing: package java.io; public class Closeable { } 
129494     DEBUG main            r.s.KeYCrossReferenceSourceInfo Dynamically created class: java.io.Closeable 
131883     DEBUG main            d.u.i.k.p.i.AbstractProblemLoader Init config took 2.41s 
131897     INFO  main            d.u.i.k.p.i.AbstractProblemLoader Replaying proof exceptions.key 
131898     DEBUG main            d.u.i.k.p.i.IntermediateProofReplayer Proof replay took 7.3ns 
132105     INFO  main            d.u.i.k.p.r.p.TestFile    ... finished proof: closed. 
132412     INFO  main            d.u.i.k.p.i.AbstractProblemLoader Loading environment from /home/runner/work/key/key/key.core/../key.ui/examples/standard_key/java_dl/exceptions.key.proof 
132412     DEBUG main            d.u.i.k.p.i.AbstractProblemLoader Environment load took 112.5ns 
132413     INFO  main            d.u.i.k.p.i.AbstractProblemLoader Creating init config 
132436     WARN  main            d.u.i.k.j.r.KeYCrossReferenceNameInfo Datatype java.io.PrintStream declared twice: Once in FILE:/home/runner/work/key/key/key.core/../key.ui/examples/standard_key/java_dl/classpath/PrintStream.java and once in URL:file:/home/runner/work/key/key/key.core/build/resources/main/de/uka/ilkd/key/java/JavaRedux/java/io/PrintStream.java, Keeping one from URL:file:/home/runner/work/key/key/key.core/build/resources/main/de/uka/ilkd/key/java/JavaRedux/java/io/PrintStream.java 
132436     WARN  main            d.u.i.k.j.r.KeYCrossReferenceNameInfo Datatype java.lang.System declared twice: Once in FILE:/home/runner/work/key/key/key.core/../key.ui/examples/standard_key/java_dl/classpath/System.java and once in URL:file:/home/runner/work/key/key/key.core/build/resources/main/de/uka/ilkd/key/java/JavaRedux/java/lang/System.java, Keeping one from URL:file:/home/runner/work/key/key/key.core/build/resources/main/de/uka/ilkd/key/java/JavaRedux/java/lang/System.java 
132436     WARN  main            d.u.i.k.j.r.KeYCrossReferenceNameInfo Datatype java.io.InputStream declared twice: Once in FILE:/home/runner/work/key/key/key.core/../key.ui/examples/standard_key/java_dl/classpath/InputStream.java and once in URL:file:/home/runner/work/key/key/key.core/build/resources/main/de/uka/ilkd/key/java/JavaRedux/java/io/InputStream.java, Keeping one from URL:file:/home/runner/work/key/key/key.core/build/resources/main/de/uka/ilkd/key/java/JavaRedux/java/io/InputStream.java 
132439     DEBUG main            d.u.i.k.j.r.ClassFileDeclarationBuilder Parsing: package java.io; public class Closeable { } 
132439     DEBUG main            r.s.KeYCrossReferenceSourceInfo Dynamically created class: java.io.Closeable 
134729     DEBUG main            d.u.i.k.p.i.AbstractProblemLoader Init config took 2.32s 
134742     INFO  main            d.u.i.k.p.i.AbstractProblemLoader Replaying proof exceptions.key.proof 
134778     DEBUG main            d.u.i.k.p.i.IntermediateProofReplayer Proof replay took 33.37ms 
134779     DEBUG main            d.u.i.k.p.r.p.TestFile    ... success: reloaded. 
134780     INFO  main            d.u.i.k.p.r.p.TestFile    Now processing file /home/runner/work/key/key/key.core/../key.ui/examples/standard_key/java_dl/exceptions1.key 
134780     INFO  main            d.u.i.k.p.i.AbstractProblemLoader Loading environment from /home/runner/work/key/key/key.core/../key.ui/examples/standard_key/java_dl/exceptions1.key 
134780     DEBUG main            d.u.i.k.p.i.AbstractProblemLoader Environment load took 79.9ns 
134781     INFO  main            d.u.i.k.p.i.AbstractProblemLoader Creating init config 
137149     DEBUG main            d.u.i.k.p.i.AbstractProblemLoader Init config took 2.37s 
137163     INFO  main            d.u.i.k.p.i.AbstractProblemLoader Replaying proof exceptions1.key 
137165     DEBUG main            d.u.i.k.p.i.IntermediateProofReplayer Proof replay took 7.3ns 
137267     INFO  main            d.u.i.k.p.r.p.TestFile    ... finished proof: closed. 
137553     INFO  main            d.u.i.k.p.i.AbstractProblemLoader Loading environment from /home/runner/work/key/key/key.core/../key.ui/examples/standard_key/java_dl/exceptions1.key.proof 
137553     DEBUG main            d.u.i.k.p.i.AbstractProblemLoader Environment load took 93.7ns 
137554     INFO  main            d.u.i.k.p.i.AbstractProblemLoader Creating init config 
139830     DEBUG main            d.u.i.k.p.i.AbstractProblemLoader Init config took 2.28s 
139844     INFO  main            d.u.i.k.p.i.AbstractProblemLoader Replaying proof exceptions1.key.proof 
139875     DEBUG main            d.u.i.k.p.i.IntermediateProofReplayer Proof replay took 28.15ms 
139875     DEBUG main            d.u.i.k.p.r.p.TestFile    ... success: reloaded. 
139876     INFO  main            d.u.i.k.p.r.p.TestFile    Now processing file /home/runner/work/key/key/key.core/../key.ui/examples/standard_key/java_dl/exceptions2.key 
139876     INFO  main            d.u.i.k.p.i.AbstractProblemLoader Loading environment from /home/runner/work/key/key/key.core/../key.ui/examples/standard_key/java_dl/exceptions2.key 
139876     DEBUG main            d.u.i.k.p.i.AbstractProblemLoader Environment load took 104ns 
139877     INFO  main            d.u.i.k.p.i.AbstractProblemLoader Creating init config 
142246     DEBUG main            d.u.i.k.p.i.AbstractProblemLoader Init config took 2.37s 
142278     INFO  main            d.u.i.k.p.i.AbstractProblemLoader Replaying proof exceptions2.key 
142280     DEBUG main            d.u.i.k.p.i.IntermediateProofReplayer Proof replay took 8.2ns 
142482     INFO  main            d.u.i.k.p.r.p.TestFile    ... finished proof: closed. 
142777     INFO  main            d.u.i.k.p.i.AbstractProblemLoader Loading environment from /home/runner/work/key/key/key.core/../key.ui/examples/standard_key/java_dl/exceptions2.key.proof 
142777     DEBUG main            d.u.i.k.p.i.AbstractProblemLoader Environment load took 110ns 
142778     INFO  main            d.u.i.k.p.i.AbstractProblemLoader Creating init config 
145082     DEBUG main            d.u.i.k.p.i.AbstractProblemLoader Init config took 2.3s 
145096     INFO  main            d.u.i.k.p.i.AbstractProblemLoader Replaying proof exceptions2.key.proof 
145126     DEBUG main            d.u.i.k.p.i.IntermediateProofReplayer Proof replay took 28.72ms 
145127     DEBUG main            d.u.i.k.p.r.p.TestFile    ... success: reloaded. 
145128     INFO  main            d.u.i.k.p.r.p.TestFile    Now processing file /home/runner/work/key/key/key.core/../key.ui/examples/standard_key/java_dl/exceptions3.key 
145130     INFO  main            d.u.i.k.p.i.AbstractProblemLoader Loading environment from /home/runner/work/key/key/key.core/../key.ui/examples/standard_key/java_dl/exceptions3.key 
145130     DEBUG main            d.u.i.k.p.i.AbstractProblemLoader Environment load took 204.8ns 
145131     INFO  main            d.u.i.k.p.i.AbstractProblemLoader Creating init config 
145166     WARN  main            d.u.i.k.j.r.KeYCrossReferenceNameInfo Datatype java.io.PrintStream declared twice: Once in FILE:/home/runner/work/key/key/key.core/../key.ui/examples/standard_key/java_dl/classpath/PrintStream.java and once in URL:file:/home/runner/work/key/key/key.core/build/resources/main/de/uka/ilkd/key/java/JavaRedux/java/io/PrintStream.java, Keeping one from URL:file:/home/runner/work/key/key/key.core/build/resources/main/de/uka/ilkd/key/java/JavaRedux/java/io/PrintStream.java 
145166     WARN  main            d.u.i.k.j.r.KeYCrossReferenceNameInfo Datatype java.lang.System declared twice: Once in FILE:/home/runner/work/key/key/key.core/../key.ui/examples/standard_key/java_dl/classpath/System.java and once in URL:file:/home/runner/work/key/key/key.core/build/resources/main/de/uka/ilkd/key/java/JavaRedux/java/lang/System.java, Keeping one from URL:file:/home/runner/work/key/key/key.core/build/resources/main/de/uka/ilkd/key/java/JavaRedux/java/lang/System.java 
145166     WARN  main            d.u.i.k.j.r.KeYCrossReferenceNameInfo Datatype java.io.InputStream declared twice: Once in FILE:/home/runner/work/key/key/key.core/../key.ui/examples/standard_key/java_dl/classpath/InputStream.java and once in URL:file:/home/runner/work/key/key/key.core/build/resources/main/de/uka/ilkd/key/java/JavaRedux/java/io/InputStream.java, Keeping one from URL:file:/home/runner/work/key/key/key.core/build/resources/main/de/uka/ilkd/key/java/JavaRedux/java/io/InputStream.java 
145169     DEBUG main            d.u.i.k.j.r.ClassFileDeclarationBuilder Parsing: package java.io; public class Closeable { } 
145169     DEBUG main            r.s.KeYCrossReferenceSourceInfo Dynamically created class: java.io.Closeable 
147542     DEBUG main            d.u.i.k.p.i.AbstractProblemLoader Init config took 2.41s 
147556     INFO  main            d.u.i.k.p.i.AbstractProblemLoader Replaying proof exceptions3.key 
147557     DEBUG main            d.u.i.k.p.i.IntermediateProofReplayer Proof replay took 7.6ns 
147660     INFO  main            d.u.i.k.p.r.p.TestFile    ... finished proof: closed. 
147944     INFO  main            d.u.i.k.p.i.AbstractProblemLoader Loading environment from /home/runner/work/key/key/key.core/../key.ui/examples/standard_key/java_dl/exceptions3.key.proof 
147944     DEBUG main            d.u.i.k.p.i.AbstractProblemLoader Environment load took 97.5ns 
147946     INFO  main            d.u.i.k.p.i.AbstractProblemLoader Creating init config 
147968     WARN  main            d.u.i.k.j.r.KeYCrossReferenceNameInfo Datatype java.io.PrintStream declared twice: Once in FILE:/home/runner/work/key/key/key.core/../key.ui/examples/standard_key/java_dl/classpath/PrintStream.java and once in URL:file:/home/runner/work/key/key/key.core/build/resources/main/de/uka/ilkd/key/java/JavaRedux/java/io/PrintStream.java, Keeping one from URL:file:/home/runner/work/key/key/key.core/build/resources/main/de/uka/ilkd/key/java/JavaRedux/java/io/PrintStream.java 
147968     WARN  main            d.u.i.k.j.r.KeYCrossReferenceNameInfo Datatype java.lang.System declared twice: Once in FILE:/home/runner/work/key/key/key.core/../key.ui/examples/standard_key/java_dl/classpath/System.java and once in URL:file:/home/runner/work/key/key/key.core/build/resources/main/de/uka/ilkd/key/java/JavaRedux/java/lang/System.java, Keeping one from URL:file:/home/runner/work/key/key/key.core/build/resources/main/de/uka/ilkd/key/java/JavaRedux/java/lang/System.java 
147968     WARN  main            d.u.i.k.j.r.KeYCrossReferenceNameInfo Datatype java.io.InputStream declared twice: Once in FILE:/home/runner/work/key/key/key.core/../key.ui/examples/standard_key/java_dl/classpath/InputStream.java and once in URL:file:/home/runner/work/key/key/key.core/build/resources/main/de/uka/ilkd/key/java/JavaRedux/java/io/InputStream.java, Keeping one from URL:file:/home/runner/work/key/key/key.core/build/resources/main/de/uka/ilkd/key/java/JavaRedux/java/io/InputStream.java 
147971     DEBUG main            d.u.i.k.j.r.ClassFileDeclarationBuilder Parsing: package java.io; public class Closeable { } 
147971     DEBUG main            r.s.KeYCrossReferenceSourceInfo Dynamically created class: java.io.Closeable 
150295     DEBUG main            d.u.i.k.p.i.AbstractProblemLoader Init config took 2.35s 
150308     INFO  main            d.u.i.k.p.i.AbstractProblemLoader Replaying proof exceptions3.key.proof 
150314     DEBUG main            d.u.i.k.p.i.IntermediateProofReplayer Proof replay took 3.28ms 
150315     DEBUG main            d.u.i.k.p.r.p.TestFile    ... success: reloaded. 
150316     INFO  main            d.u.i.k.p.r.p.TestFile    Now processing file /home/runner/work/key/key/key.core/../key.ui/examples/standard_key/java_dl/exchange.key 
150316     INFO  main            d.u.i.k.p.i.AbstractProblemLoader Loading environment from /home/runner/work/key/key/key.core/../key.ui/examples/standard_key/java_dl/exchange.key 
150316     DEBUG main            d.u.i.k.p.i.AbstractProblemLoader Environment load took 69ns 
150317     INFO  main            d.u.i.k.p.i.AbstractProblemLoader Creating init config 
152639     DEBUG main            d.u.i.k.p.i.AbstractProblemLoader Init config took 2.32s 
152654     INFO  main            d.u.i.k.p.i.AbstractProblemLoader Replaying proof exchange.key 
152655     DEBUG main            d.u.i.k.p.i.IntermediateProofReplayer Proof replay took 7.4ns 
152757     INFO  main            d.u.i.k.p.r.p.TestFile    ... finished proof: closed. 
153047     INFO  main            d.u.i.k.p.i.AbstractProblemLoader Loading environment from /home/runner/work/key/key/key.core/../key.ui/examples/standard_key/java_dl/exchange.key.proof 
153048     DEBUG main            d.u.i.k.p.i.AbstractProblemLoader Environment load took 93.1ns 
153048     INFO  main            d.u.i.k.p.i.AbstractProblemLoader Creating init config 
155349     DEBUG main            d.u.i.k.p.i.AbstractProblemLoader Init config took 2.3s 
155363     INFO  main            d.u.i.k.p.i.AbstractProblemLoader Replaying proof exchange.key.proof 
155368     DEBUG main            d.u.i.k.p.i.IntermediateProofReplayer Proof replay took 3.03ms 
155368     DEBUG main            d.u.i.k.p.r.p.TestFile    ... success: reloaded. 
155369     INFO  main            d.u.i.k.p.r.p.TestFile    Now processing file /home/runner/work/key/key/key.core/../key.ui/examples/standard_key/java_dl/if.key 
155369     INFO  main            d.u.i.k.p.i.AbstractProblemLoader Loading environment from /home/runner/work/key/key/key.core/../key.ui/examples/standard_key/java_dl/if.key 
155370     DEBUG main            d.u.i.k.p.i.AbstractProblemLoader Environment load took 883.91ns 
155371     INFO  main            d.u.i.k.p.i.AbstractProblemLoader Creating init config 
157689     DEBUG main            d.u.i.k.p.i.AbstractProblemLoader Init config took 2.32s 
157702     INFO  main            d.u.i.k.p.i.AbstractProblemLoader Replaying proof if.key 
157703     DEBUG main            d.u.i.k.p.i.IntermediateProofReplayer Proof replay took 6.7ns 
157805     INFO  main            d.u.i.k.p.r.p.TestFile    ... finished proof: closed. 
158104     INFO  main            d.u.i.k.p.i.AbstractProblemLoader Loading environment from /home/runner/work/key/key/key.core/../key.ui/examples/standard_key/java_dl/if.key.proof 
158104     DEBUG main            d.u.i.k.p.i.AbstractProblemLoader Environment load took 93.2ns 
158105     INFO  main            d.u.i.k.p.i.AbstractProblemLoader Creating init config 
160369     DEBUG main            d.u.i.k.p.i.AbstractProblemLoader Init config took 2.26s 
160382     INFO  main            d.u.i.k.p.i.AbstractProblemLoader Replaying proof if.key.proof 
160387     DEBUG main            d.u.i.k.p.i.IntermediateProofReplayer Proof replay took 3.09ms 
160387     DEBUG main            d.u.i.k.p.r.p.TestFile    ... success: reloaded. 
160388     INFO  main            d.u.i.k.p.r.p.TestFile    Now processing file /home/runner/work/key/key/key.core/../key.ui/examples/standard_key/java_dl/incrementcounter.key 
160388     INFO  main            d.u.i.k.p.i.AbstractProblemLoader Loading environment from /home/runner/work/key/key/key.core/../key.ui/examples/standard_key/java_dl/incrementcounter.key 
160388     DEBUG main            d.u.i.k.p.i.AbstractProblemLoader Environment load took 55ns 
160389     INFO  main            d.u.i.k.p.i.AbstractProblemLoader Creating init config 
162713     DEBUG main            d.u.i.k.p.i.AbstractProblemLoader Init config took 2.32s 
162728     INFO  main            d.u.i.k.p.i.AbstractProblemLoader Replaying proof incrementcounter.key 
162730     DEBUG main            d.u.i.k.p.i.IntermediateProofReplayer Proof replay took 7.3ns 
162831     INFO  main            d.u.i.k.p.r.p.TestFile    ... finished proof: closed. 
163139     INFO  main            d.u.i.k.p.i.AbstractProblemLoader Loading environment from /home/runner/work/key/key/key.core/../key.ui/examples/standard_key/java_dl/incrementcounter.key.proof 
163139     DEBUG main            d.u.i.k.p.i.AbstractProblemLoader Environment load took 93.7ns 
163140     INFO  main            d.u.i.k.p.i.AbstractProblemLoader Creating init config 
165457     DEBUG main            d.u.i.k.p.i.AbstractProblemLoader Init config took 2.32s 
165471     INFO  main            d.u.i.k.p.i.AbstractProblemLoader Replaying proof incrementcounter.key.proof 
165474     DEBUG main            d.u.i.k.p.i.IntermediateProofReplayer Proof replay took 1.66ms 
165475     DEBUG main            d.u.i.k.p.r.p.TestFile    ... success: reloaded. 
165476     INFO  main            d.u.i.k.p.r.p.TestFile    Now processing file /home/runner/work/key/key/key.core/../key.ui/examples/standard_key/java_dl/danglingElse.key 
165476     INFO  main            d.u.i.k.p.i.AbstractProblemLoader Loading environment from /home/runner/work/key/key/key.core/../key.ui/examples/standard_key/java_dl/danglingElse.key 
165476     DEBUG main            d.u.i.k.p.i.AbstractProblemLoader Environment load took 117.6ns 
165477     INFO  main            d.u.i.k.p.i.AbstractProblemLoader Creating init config 
167824     DEBUG main            d.u.i.k.p.i.AbstractProblemLoader Init config took 2.35s 
167841     INFO  main            d.u.i.k.p.i.AbstractProblemLoader Replaying proof danglingElse.key 
167843     DEBUG main            d.u.i.k.p.i.IntermediateProofReplayer Proof replay took 7.4ns 
167946     INFO  main            d.u.i.k.p.r.p.TestFile    ... finished proof: open goal(s) 
168300     INFO  main            d.u.i.k.p.r.p.TestFile    Now processing file /home/runner/work/key/key/key.core/../key.ui/examples/standard_key/java_dl/iteratedAssignment.key 
168300     INFO  main            d.u.i.k.p.i.AbstractProblemLoader Loading environment from /home/runner/work/key/key/key.core/../key.ui/examples/standard_key/java_dl/iteratedAssignment.key 
168300     DEBUG main            d.u.i.k.p.i.AbstractProblemLoader Environment load took 106.3ns 
168302     INFO  main            d.u.i.k.p.i.AbstractProblemLoader Creating init config 
170566     DEBUG main            d.u.i.k.p.i.AbstractProblemLoader Init config took 2.26s 
170581     INFO  main            d.u.i.k.p.i.AbstractProblemLoader Replaying proof iteratedAssignment.key 
170583     DEBUG main            d.u.i.k.p.i.IntermediateProofReplayer Proof replay took 7.9ns 
170886     INFO  main            d.u.i.k.p.r.p.TestFile    ... finished proof: closed. 
171218     INFO  main            d.u.i.k.p.i.AbstractProblemLoader Loading environment from /home/runner/work/key/key/key.core/../key.ui/examples/standard_key/java_dl/iteratedAssignment.key.proof 
171218     DEBUG main            d.u.i.k.p.i.AbstractProblemLoader Environment load took 85.1ns 
171219     INFO  main            d.u.i.k.p.i.AbstractProblemLoader Creating init config 
173501     DEBUG main            d.u.i.k.p.i.AbstractProblemLoader Init config took 2.28s 
173515     INFO  main            d.u.i.k.p.i.AbstractProblemLoader Replaying proof iteratedAssignment.key.proof 
173573     DEBUG main            d.u.i.k.p.i.IntermediateProofReplayer Proof replay took 55.54ms 
173576     DEBUG main            d.u.i.k.p.r.p.TestFile    ... success: reloaded. 
173580     INFO  main            d.u.i.k.p.r.p.TestFile    Now processing file /home/runner/work/key/key/key.core/../key.ui/examples/standard_key/java_dl/assert/assert1.key 
173580     INFO  main            d.u.i.k.p.i.AbstractProblemLoader Loading environment from /home/runner/work/key/key/key.core/../key.ui/examples/standard_key/java_dl/assert/assert1.key 
173580     DEBUG main            d.u.i.k.p.i.AbstractProblemLoader Environment load took 186.1ns 
173581     INFO  main            d.u.i.k.p.i.AbstractProblemLoader Creating init config 
175927     DEBUG main            d.u.i.k.p.i.AbstractProblemLoader Init config took 2.35s 
175959     INFO  main            d.u.i.k.p.i.AbstractProblemLoader Replaying proof C[C::foo()].JML normal_behavior operation contract.0 
175962     DEBUG main            d.u.i.k.p.i.IntermediateProofReplayer Proof replay took 6.7ns 
176164     INFO  main            d.u.i.k.p.r.p.TestFile    ... finished proof: open goal(s) 
176497     INFO  main            d.u.i.k.p.r.p.TestFile    Now processing file /home/runner/work/key/key/key.core/../key.ui/examples/standard_key/java_dl/assert/assert2.key 
176497     INFO  main            d.u.i.k.p.i.AbstractProblemLoader Loading environment from /home/runner/work/key/key/key.core/../key.ui/examples/standard_key/java_dl/assert/assert2.key 
176497     DEBUG main            d.u.i.k.p.i.AbstractProblemLoader Environment load took 53.1ns 
176499     INFO  main            d.u.i.k.p.i.AbstractProblemLoader Creating init config 
178858     DEBUG main            d.u.i.k.p.i.AbstractProblemLoader Init config took 2.36s 
178897     INFO  main            d.u.i.k.p.i.AbstractProblemLoader Replaying proof C[C::bar()].JML exceptional_behavior operation contract.0 
178899     DEBUG main            d.u.i.k.p.i.IntermediateProofReplayer Proof replay took 6.3ns 
179101     INFO  main            d.u.i.k.p.r.p.TestFile    ... finished proof: closed. 
179427     INFO  main            d.u.i.k.p.i.AbstractProblemLoader Loading environment from /home/runner/work/key/key/key.core/../key.ui/examples/standard_key/java_dl/assert/assert2.key.proof 
179427     DEBUG main            d.u.i.k.p.i.AbstractProblemLoader Environment load took 82.5ns 
179428     INFO  main            d.u.i.k.p.i.AbstractProblemLoader Creating init config 
181752     DEBUG main            d.u.i.k.p.i.AbstractProblemLoader Init config took 2.32s 
181783     INFO  main            d.u.i.k.p.i.AbstractProblemLoader Replaying proof C[C::bar()].JML exceptional_behavior operation contract.0 
181817     DEBUG main            d.u.i.k.p.i.IntermediateProofReplayer Proof replay took 31.54ms 
181817     DEBUG main            d.u.i.k.p.r.p.TestFile    ... success: reloaded. 
181818     INFO  main            d.u.i.k.p.r.p.TestFile    Now processing file /home/runner/work/key/key/key.core/../key.ui/examples/standard_key/java_dl/assert/assert3.key 
181818     INFO  main            d.u.i.k.p.i.AbstractProblemLoader Loading environment from /home/runner/work/key/key/key.core/../key.ui/examples/standard_key/java_dl/assert/assert3.key 
181818     DEBUG main            d.u.i.k.p.i.AbstractProblemLoader Environment load took 119.7ns 
181819     INFO  main            d.u.i.k.p.i.AbstractProblemLoader Creating init config 
184163     DEBUG main            d.u.i.k.p.i.AbstractProblemLoader Init config took 2.34s 
184227     INFO  main            d.u.i.k.p.i.AbstractProblemLoader Replaying proof C[C::foo()].JML normal_behavior operation contract.0 
184233     DEBUG main            d.u.i.k.p.i.IntermediateProofReplayer Proof replay took 6.3ns 
184334     INFO  main            d.u.i.k.p.r.p.TestFile    ... finished proof: open goal(s) 
184664     INFO  main            d.u.i.k.p.r.p.TestFile    Now processing file /home/runner/work/key/key/key.core/../key.ui/examples/standard_key/java_dl/java5/vararg.key 
184664     INFO  main            d.u.i.k.p.i.AbstractProblemLoader Loading environment from /home/runner/work/key/key/key.core/../key.ui/examples/standard_key/java_dl/java5/vararg.key 
184665     DEBUG main            d.u.i.k.p.i.AbstractProblemLoader Environment load took 61.9ns 
184666     INFO  main            d.u.i.k.p.i.AbstractProblemLoader Creating init config 
185550     DEBUG main            d.u.i.k.j.r.ClassPreparationMethodBuilder clPrepBuilder: Inner Class detected. Reject building class initialisation methods. 
187342     DEBUG main            d.u.i.k.p.i.AbstractProblemLoader Init config took 2.68s 
187367     INFO  main            d.u.i.k.p.i.AbstractProblemLoader Replaying proof vararg.key 
187369     DEBUG main            d.u.i.k.p.i.IntermediateProofReplayer Proof replay took 5.5ns 
188678     INFO  main            d.u.i.k.p.r.p.TestFile    ... finished proof: closed. 
189146     INFO  main            d.u.i.k.p.i.AbstractProblemLoader Loading environment from /home/runner/work/key/key/key.core/../key.ui/examples/standard_key/java_dl/java5/vararg.key.proof 
189147     DEBUG main            d.u.i.k.p.i.AbstractProblemLoader Environment load took 576.71ns 
189149     INFO  main            d.u.i.k.p.i.AbstractProblemLoader Creating init config 
189932     DEBUG main            d.u.i.k.j.r.ClassPreparationMethodBuilder clPrepBuilder: Inner Class detected. Reject building class initialisation methods. 
191686     DEBUG main            d.u.i.k.p.i.AbstractProblemLoader Init config took 2.54s 
191708     INFO  main            d.u.i.k.p.i.AbstractProblemLoader Replaying proof vararg.key.proof 
191987     DEBUG main            d.u.i.k.p.i.IntermediateProofReplayer Proof replay took 269.14ms 
191989     DEBUG main            d.u.i.k.p.r.p.TestFile    ... success: reloaded. 
191990     INFO  main            d.u.i.k.p.r.p.TestFile    Now processing file /home/runner/work/key/key/key.core/../key.ui/examples/standard_key/java_dl/java5/for_Array.key 
191990     INFO  main            d.u.i.k.p.i.AbstractProblemLoader Loading environment from /home/runner/work/key/key/key.core/../key.ui/examples/standard_key/java_dl/java5/for_Array.key 
191990     DEBUG main            d.u.i.k.p.i.AbstractProblemLoader Environment load took 171.5ns 
191992     INFO  main            d.u.i.k.p.i.AbstractProblemLoader Creating init config 
192782     DEBUG main            d.u.i.k.j.r.ClassPreparationMethodBuilder clPrepBuilder: Inner Class detected. Reject building class initialisation methods. 
194563     DEBUG main            d.u.i.k.p.i.AbstractProblemLoader Init config took 2.57s 
194642     INFO  main            d.u.i.k.p.i.AbstractProblemLoader Replaying proof For[For::sum([I)].JML operation contract.0 
194644     DEBUG main            d.u.i.k.p.i.IntermediateProofReplayer Proof replay took 6.8ns 
195050     INFO  main            d.u.i.k.p.r.p.TestFile    ... finished proof: closed. 
195541     INFO  main            d.u.i.k.p.i.AbstractProblemLoader Loading environment from /home/runner/work/key/key/key.core/../key.ui/examples/standard_key/java_dl/java5/for_Array.key.proof 
195542     DEBUG main            d.u.i.k.p.i.AbstractProblemLoader Environment load took 564ns 
195543     INFO  main            d.u.i.k.p.i.AbstractProblemLoader Creating init config 
196341     DEBUG main            d.u.i.k.j.r.ClassPreparationMethodBuilder clPrepBuilder: Inner Class detected. Reject building class initialisation methods. 
198187     DEBUG main            d.u.i.k.p.i.AbstractProblemLoader Init config took 2.64s 
198241     INFO  main            d.u.i.k.p.i.AbstractProblemLoader Replaying proof For[For::sum([I)].JML operation contract.0 
198316     DEBUG main            d.u.i.k.p.i.IntermediateProofReplayer Proof replay took 72.42ms 
198317     DEBUG main            d.u.i.k.p.r.p.TestFile    ... success: reloaded. 
198318     INFO  main            d.u.i.k.p.r.p.TestFile    Now processing file /home/runner/work/key/key/key.core/../key.ui/examples/standard_key/java_dl/java5/for_Iterable.key 
198318     INFO  main            d.u.i.k.p.i.AbstractProblemLoader Loading environment from /home/runner/work/key/key/key.core/../key.ui/examples/standard_key/java_dl/java5/for_Iterable.key 
198318     DEBUG main            d.u.i.k.p.i.AbstractProblemLoader Environment load took 104.1ns 
198319     INFO  main            d.u.i.k.p.i.AbstractProblemLoader Creating init config 
199129     DEBUG main            d.u.i.k.j.r.ClassPreparationMethodBuilder clPrepBuilder: Inner Class detected. Reject building class initialisation methods. 
200862     DEBUG main            d.u.i.k.p.i.AbstractProblemLoader Init config took 2.54s 
200911     INFO  main            d.u.i.k.p.i.AbstractProblemLoader Replaying proof For[For::infiniteLoop(For)].JML operation contract.0 
200913     DEBUG main            d.u.i.k.p.i.IntermediateProofReplayer Proof replay took 6.6ns 
201117     INFO  main            d.u.i.k.p.r.p.TestFile    ... finished proof: closed. 
201495     INFO  main            d.u.i.k.p.i.AbstractProblemLoader Loading environment from /home/runner/work/key/key/key.core/../key.ui/examples/standard_key/java_dl/java5/for_Iterable.key.proof 
201495     DEBUG main            d.u.i.k.p.i.AbstractProblemLoader Environment load took 88.6ns 
201496     INFO  main            d.u.i.k.p.i.AbstractProblemLoader Creating init config 
202272     DEBUG main            d.u.i.k.j.r.ClassPreparationMethodBuilder clPrepBuilder: Inner Class detected. Reject building class initialisation methods. 
203978     DEBUG main            d.u.i.k.p.i.AbstractProblemLoader Init config took 2.48s 
204026     INFO  main            d.u.i.k.p.i.AbstractProblemLoader Replaying proof For[For::infiniteLoop(For)].JML operation contract.0 
204067     DEBUG main            d.u.i.k.p.i.IntermediateProofReplayer Proof replay took 38.67ms 
204067     DEBUG main            d.u.i.k.p.r.p.TestFile    ... success: reloaded. 
204068     INFO  main            d.u.i.k.p.r.p.TestFile    Now processing file /home/runner/work/key/key/key.core/../key.ui/examples/standard_key/java_dl/java5/for_ReferenceArray.key 
204069     INFO  main            d.u.i.k.p.i.AbstractProblemLoader Loading environment from /home/runner/work/key/key/key.core/../key.ui/examples/standard_key/java_dl/java5/for_ReferenceArray.key 
204069     DEBUG main            d.u.i.k.p.i.AbstractProblemLoader Environment load took 119.6ns 
204069     INFO  main            d.u.i.k.p.i.AbstractProblemLoader Creating init config 
204873     DEBUG main            d.u.i.k.j.r.ClassPreparationMethodBuilder clPrepBuilder: Inner Class detected. Reject building class initialisation methods. 
206593     DEBUG main            d.u.i.k.p.i.AbstractProblemLoader Init config took 2.52s 
206648     INFO  main            d.u.i.k.p.i.AbstractProblemLoader Replaying proof ForReferenceArray[ForReferenceArray::foo([Ljava.lang.Object)].JML operation contract.0 
206651     DEBUG main            d.u.i.k.p.i.IntermediateProofReplayer Proof replay took 7.1ns 
206953     INFO  main            d.u.i.k.p.r.p.TestFile    ... finished proof: closed. 
207318     INFO  main            d.u.i.k.p.i.AbstractProblemLoader Loading environment from /home/runner/work/key/key/key.core/../key.ui/examples/standard_key/java_dl/java5/for_ReferenceArray.key.proof 
207318     DEBUG main            d.u.i.k.p.i.AbstractProblemLoader Environment load took 83.9ns 
207319     INFO  main            d.u.i.k.p.i.AbstractProblemLoader Creating init config 
208086     DEBUG main            d.u.i.k.j.r.ClassPreparationMethodBuilder clPrepBuilder: Inner Class detected. Reject building class initialisation methods. 
209808     DEBUG main            d.u.i.k.p.i.AbstractProblemLoader Init config took 2.49s 
209864     INFO  main            d.u.i.k.p.i.AbstractProblemLoader Replaying proof ForReferenceArray[ForReferenceArray::foo([Ljava.lang.Object)].JML operation contract.0 
209950     DEBUG main            d.u.i.k.p.i.IntermediateProofReplayer Proof replay took 82.53ms 
209951     DEBUG main            d.u.i.k.p.r.p.TestFile    ... success: reloaded. 
209952     INFO  main            d.u.i.k.p.r.p.TestFile    Now processing file /home/runner/work/key/key/key.core/../key.ui/examples/standard_key/java_dl/jml-bigint/cast.key 
209952     INFO  main            d.u.i.k.p.i.AbstractProblemLoader Loading environment from /home/runner/work/key/key/key.core/../key.ui/examples/standard_key/java_dl/jml-bigint/cast.key 
209952     DEBUG main            d.u.i.k.p.i.AbstractProblemLoader Environment load took 124.3ns 
209953     INFO  main            d.u.i.k.p.i.AbstractProblemLoader Creating init config 
212390     DEBUG main            d.u.i.k.p.i.AbstractProblemLoader Init config took 2.44s 
212424     INFO  main            d.u.i.k.p.i.AbstractProblemLoader Replaying proof Mult[Mult::cast()].JML operation contract.0 
212426     DEBUG main            d.u.i.k.p.i.IntermediateProofReplayer Proof replay took 7ns 
212528     INFO  main            d.u.i.k.p.r.p.TestFile    ... finished proof: closed. 
212915     INFO  main            d.u.i.k.p.i.AbstractProblemLoader Loading environment from /home/runner/work/key/key/key.core/../key.ui/examples/standard_key/java_dl/jml-bigint/cast.key.proof 
212915     DEBUG main            d.u.i.k.p.i.AbstractProblemLoader Environment load took 85.2ns 
212916     INFO  main            d.u.i.k.p.i.AbstractProblemLoader Creating init config 
215258     DEBUG main            d.u.i.k.p.i.AbstractProblemLoader Init config took 2.34s 
215292     INFO  main            d.u.i.k.p.i.AbstractProblemLoader Replaying proof Mult[Mult::cast()].JML operation contract.0 
215304     DEBUG main            d.u.i.k.p.i.IntermediateProofReplayer Proof replay took 9.58ms 
215304     DEBUG main            d.u.i.k.p.r.p.TestFile    ... success: reloaded. 
215305     INFO  main            d.u.i.k.p.r.p.TestFile    Now processing file /home/runner/work/key/key/key.core/../key.ui/examples/standard_key/java_dl/jml-free/loopInvFree.key 
215306     INFO  main            d.u.i.k.p.i.AbstractProblemLoader Loading environment from /home/runner/work/key/key/key.core/../key.ui/examples/standard_key/java_dl/jml-free/loopInvFree.key 
215306     DEBUG main            d.u.i.k.p.i.AbstractProblemLoader Environment load took 323.1ns 
215307     INFO  main            d.u.i.k.p.i.AbstractProblemLoader Creating init config 
217656     DEBUG main            d.u.i.k.p.i.AbstractProblemLoader Init config took 2.35s 
217689     INFO  main            d.u.i.k.p.i.AbstractProblemLoader Replaying proof LoopInvFree[LoopInvFree::test()].JML operation contract.0 
217691     DEBUG main            d.u.i.k.p.i.IntermediateProofReplayer Proof replay took 6.9ns 
217896     INFO  main            d.u.i.k.p.r.p.TestFile    ... finished proof: closed. 
218289     INFO  main            d.u.i.k.p.i.AbstractProblemLoader Loading environment from /home/runner/work/key/key/key.core/../key.ui/examples/standard_key/java_dl/jml-free/loopInvFree.key.proof 
218289     DEBUG main            d.u.i.k.p.i.AbstractProblemLoader Environment load took 85.9ns 
218290     INFO  main            d.u.i.k.p.i.AbstractProblemLoader Creating init config 
220594     DEBUG main            d.u.i.k.p.i.AbstractProblemLoader Init config took 2.3s 
220625     INFO  main            d.u.i.k.p.i.AbstractProblemLoader Replaying proof LoopInvFree[LoopInvFree::test()].JML operation contract.0 
220659     DEBUG main            d.u.i.k.p.i.IntermediateProofReplayer Proof replay took 31.37ms 
220659     DEBUG main            d.u.i.k.p.r.p.TestFile    ... success: reloaded. 
220660     INFO  main            d.u.i.k.p.r.p.TestFile    Now processing file /home/runner/work/key/key/key.core/../key.ui/examples/standard_key/java_dl/jml-free/ensuresFree.key 
220660     INFO  main            d.u.i.k.p.i.AbstractProblemLoader Loading environment from /home/runner/work/key/key/key.core/../key.ui/examples/standard_key/java_dl/jml-free/ensuresFree.key 
220661     DEBUG main            d.u.i.k.p.i.AbstractProblemLoader Environment load took 91ns 
220661     INFO  main            d.u.i.k.p.i.AbstractProblemLoader Creating init config 
223029     DEBUG main            d.u.i.k.p.i.AbstractProblemLoader Init config took 2.37s 
223060     INFO  main            d.u.i.k.p.i.AbstractProblemLoader Replaying proof EnsuresFree[EnsuresFree::test()].JML operation contract.0 
223061     DEBUG main            d.u.i.k.p.i.IntermediateProofReplayer Proof replay took 18.5ns 
223162     INFO  main            d.u.i.k.p.r.p.TestFile    ... finished proof: closed. 
223562     INFO  main            d.u.i.k.p.i.AbstractProblemLoader Loading environment from /home/runner/work/key/key/key.core/../key.ui/examples/standard_key/java_dl/jml-free/ensuresFree.key.proof 
223562     DEBUG main            d.u.i.k.p.i.AbstractProblemLoader Environment load took 79.8ns 
223564     INFO  main            d.u.i.k.p.i.AbstractProblemLoader Creating init config 
225919     DEBUG main            d.u.i.k.p.i.AbstractProblemLoader Init config took 2.35s 
225951     INFO  main            d.u.i.k.p.i.AbstractProblemLoader Replaying proof EnsuresFree[EnsuresFree::test()].JML operation contract.0 
225969     DEBUG main            d.u.i.k.p.i.IntermediateProofReplayer Proof replay took 15.35ms 
225969     DEBUG main            d.u.i.k.p.r.p.TestFile    ... success: reloaded. 
225970     INFO  main            d.u.i.k.p.r.p.TestFile    Now processing file /home/runner/work/key/key/key.core/../key.ui/examples/standard_key/java_dl/jml-information-flow.key 
225971     INFO  main            d.u.i.k.p.i.AbstractProblemLoader Loading environment from /home/runner/work/key/key/key.core/../key.ui/examples/standard_key/java_dl/jml-information-flow.key 
225971     DEBUG main            d.u.i.k.p.i.AbstractProblemLoader Environment load took 198.4ns 
225977     INFO  main            d.u.i.k.p.i.AbstractProblemLoader Creating init config 
228550     DEBUG main            d.u.i.k.p.i.AbstractProblemLoader Init config took 2.57s 
228586     INFO  main            d.u.i.k.p.i.AbstractProblemLoader Replaying proof jml-information-flow.key 
228588     DEBUG main            d.u.i.k.p.i.IntermediateProofReplayer Proof replay took 6.4ns 
339710     INFO  main            d.u.i.k.p.r.p.TestFile    ... finished proof: closed. 
340332     INFO  main            d.u.i.k.p.i.AbstractProblemLoader Loading environment from /home/runner/work/key/key/key.core/../key.ui/examples/standard_key/java_dl/jml-information-flow.key.proof 
340333     DEBUG main            d.u.i.k.p.i.AbstractProblemLoader Environment load took 425.8ns 
340340     INFO  main            d.u.i.k.p.i.AbstractProblemLoader Creating init config 
342746     DEBUG main            d.u.i.k.p.i.AbstractProblemLoader Init config took 2.41s 
342766     INFO  main            d.u.i.k.p.i.AbstractProblemLoader Replaying proof jml-information-flow.key.proof 
345527     DEBUG main            d.u.i.k.p.i.IntermediateProofReplayer Proof replay took 2.65s 
345534     DEBUG main            d.u.i.k.p.r.p.TestFile    ... success: reloaded. 
345535     INFO  main            d.u.i.k.p.r.p.TestFile    Now processing file /home/runner/work/key/key/key.core/../key.ui/examples/standard_key/java_dl/jml-min/min-unprovable1.key 
345535     INFO  main            d.u.i.k.p.i.AbstractProblemLoader Loading environment from /home/runner/work/key/key/key.core/../key.ui/examples/standard_key/java_dl/jml-min/min-unprovable1.key 
345535     DEBUG main            d.u.i.k.p.i.AbstractProblemLoader Environment load took 56.1ns 
345536     INFO  main            d.u.i.k.p.i.AbstractProblemLoader Creating init config 
347999     DEBUG main            d.u.i.k.p.i.AbstractProblemLoader Init config took 2.46s 
348032     INFO  main            d.u.i.k.p.i.AbstractProblemLoader Replaying proof Min[Min::foo()].JML operation contract.0 
348033     DEBUG main            d.u.i.k.p.i.IntermediateProofReplayer Proof replay took 6.2ns 
348135     INFO  main            d.u.i.k.p.r.p.TestFile    ... finished proof: open goal(s) 
348746     INFO  main            d.u.i.k.p.r.p.TestFile    Now processing file /home/runner/work/key/key/key.core/../key.ui/examples/standard_key/java_dl/jml-min/min-unprovable2.key 
348746     INFO  main            d.u.i.k.p.i.AbstractProblemLoader Loading environment from /home/runner/work/key/key/key.core/../key.ui/examples/standard_key/java_dl/jml-min/min-unprovable2.key 
348746     DEBUG main            d.u.i.k.p.i.AbstractProblemLoader Environment load took 47.2ns 
348747     INFO  main            d.u.i.k.p.i.AbstractProblemLoader Creating init config 
351129     DEBUG main            d.u.i.k.p.i.AbstractProblemLoader Init config took 2.38s 
351159     INFO  main            d.u.i.k.p.i.AbstractProblemLoader Replaying proof Min[Min::foo2()].JML operation contract.0 
351160     DEBUG main            d.u.i.k.p.i.IntermediateProofReplayer Proof replay took 5.8ns 
351262     INFO  main            d.u.i.k.p.r.p.TestFile    ... finished proof: open goal(s) 
351676     INFO  main            d.u.i.k.p.r.p.TestFile    Now processing file /home/runner/work/key/key/key.core/../key.ui/examples/standard_key/java_dl/methodCall.key 
351677     INFO  main            d.u.i.k.p.i.AbstractProblemLoader Loading environment from /home/runner/work/key/key/key.core/../key.ui/examples/standard_key/java_dl/methodCall.key 
351677     DEBUG main            d.u.i.k.p.i.AbstractProblemLoader Environment load took 48.5ns 
351678     INFO  main            d.u.i.k.p.i.AbstractProblemLoader Creating init config 
353965     DEBUG main            d.u.i.k.p.i.AbstractProblemLoader Init config took 2.29s 
353977     INFO  main            d.u.i.k.p.i.AbstractProblemLoader Replaying proof methodCall.key 
353979     DEBUG main            d.u.i.k.p.i.IntermediateProofReplayer Proof replay took 6ns 
354080     INFO  main            d.u.i.k.p.r.p.TestFile    ... finished proof: closed. 
354487     INFO  main            d.u.i.k.p.i.AbstractProblemLoader Loading environment from /home/runner/work/key/key/key.core/../key.ui/examples/standard_key/java_dl/methodCall.key.proof 
354487     DEBUG main            d.u.i.k.p.i.AbstractProblemLoader Environment load took 79.1ns 
354488     INFO  main            d.u.i.k.p.i.AbstractProblemLoader Creating init config 
356792     DEBUG main            d.u.i.k.p.i.AbstractProblemLoader Init config took 2.3s 
356805     INFO  main            d.u.i.k.p.i.AbstractProblemLoader Replaying proof methodCall.key.proof 
356808     DEBUG main            d.u.i.k.p.i.IntermediateProofReplayer Proof replay took 1.4ms 
356809     DEBUG main            d.u.i.k.p.r.p.TestFile    ... success: reloaded. 
356809     INFO  main            d.u.i.k.p.r.p.TestFile    Now processing file /home/runner/work/key/key/key.core/../key.ui/examples/standard_key/java_dl/methodCall1.key 
356809     INFO  main            d.u.i.k.p.i.AbstractProblemLoader Loading environment from /home/runner/work/key/key/key.core/../key.ui/examples/standard_key/java_dl/methodCall1.key 
356809     DEBUG main            d.u.i.k.p.i.AbstractProblemLoader Environment load took 59.8ns 
356810     INFO  main            d.u.i.k.p.i.AbstractProblemLoader Creating init config 
359113     DEBUG main            d.u.i.k.p.i.AbstractProblemLoader Init config took 2.3s 
359127     INFO  main            d.u.i.k.p.i.AbstractProblemLoader Replaying proof methodCall1.key 
359128     DEBUG main            d.u.i.k.p.i.IntermediateProofReplayer Proof replay took 5.8ns 
359233     INFO  main            d.u.i.k.p.r.p.TestFile    ... finished proof: closed. 
359696     INFO  main            d.u.i.k.p.i.AbstractProblemLoader Loading environment from /home/runner/work/key/key/key.core/../key.ui/examples/standard_key/java_dl/methodCall1.key.proof 
359696     DEBUG main            d.u.i.k.p.i.AbstractProblemLoader Environment load took 83.8ns 
359697     INFO  main            d.u.i.k.p.i.AbstractProblemLoader Creating init config 
362015     DEBUG main            d.u.i.k.p.i.AbstractProblemLoader Init config took 2.32s 
362027     INFO  main            d.u.i.k.p.i.AbstractProblemLoader Replaying proof methodCall1.key.proof 
362039     DEBUG main            d.u.i.k.p.i.IntermediateProofReplayer Proof replay took 9.38ms 
362040     DEBUG main            d.u.i.k.p.r.p.TestFile    ... success: reloaded. 
362041     INFO  main            d.u.i.k.p.r.p.TestFile    Now processing file /home/runner/work/key/key/key.core/../key.ui/examples/standard_key/java_dl/methodCall1box.key 
362041     INFO  main            d.u.i.k.p.i.AbstractProblemLoader Loading environment from /home/runner/work/key/key/key.core/../key.ui/examples/standard_key/java_dl/methodCall1box.key 
362041     DEBUG main            d.u.i.k.p.i.AbstractProblemLoader Environment load took 83.4ns 
362042     INFO  main            d.u.i.k.p.i.AbstractProblemLoader Creating init config 
364374     DEBUG main            d.u.i.k.p.i.AbstractProblemLoader Init config took 2.33s 
364387     INFO  main            d.u.i.k.p.i.AbstractProblemLoader Replaying proof methodCall1box.key 
364389     DEBUG main            d.u.i.k.p.i.IntermediateProofReplayer Proof replay took 7.8ns 
364491     INFO  main            d.u.i.k.p.r.p.TestFile    ... finished proof: closed. 
364923     INFO  main            d.u.i.k.p.i.AbstractProblemLoader Loading environment from /home/runner/work/key/key/key.core/../key.ui/examples/standard_key/java_dl/methodCall1box.key.proof 
364923     DEBUG main            d.u.i.k.p.i.AbstractProblemLoader Environment load took 217.9ns 
364924     INFO  main            d.u.i.k.p.i.AbstractProblemLoader Creating init config 
367181     DEBUG main            d.u.i.k.p.i.AbstractProblemLoader Init config took 2.26s 
367194     INFO  main            d.u.i.k.p.i.AbstractProblemLoader Replaying proof methodCall1box.key.proof 
367208     DEBUG main            d.u.i.k.p.i.IntermediateProofReplayer Proof replay took 12.42ms 
367210     DEBUG main            d.u.i.k.p.r.p.TestFile    ... success: reloaded. 
367210     INFO  main            d.u.i.k.p.r.p.TestFile    Now processing file /home/runner/work/key/key/key.core/../key.ui/examples/standard_key/java_dl/methodCall3.key 
367210     INFO  main            d.u.i.k.p.i.AbstractProblemLoader Loading environment from /home/runner/work/key/key/key.core/../key.ui/examples/standard_key/java_dl/methodCall3.key 
367211     DEBUG main            d.u.i.k.p.i.AbstractProblemLoader Environment load took 84.9ns 
367211     INFO  main            d.u.i.k.p.i.AbstractProblemLoader Creating init config 
369544     DEBUG main            d.u.i.k.p.i.AbstractProblemLoader Init config took 2.33s 
369557     INFO  main            d.u.i.k.p.i.AbstractProblemLoader Replaying proof methodCall3.key 
369559     DEBUG main            d.u.i.k.p.i.IntermediateProofReplayer Proof replay took 5.5ns 
369662     INFO  main            d.u.i.k.p.r.p.TestFile    ... finished proof: closed. 
370102     INFO  main            d.u.i.k.p.i.AbstractProblemLoader Loading environment from /home/runner/work/key/key/key.core/../key.ui/examples/standard_key/java_dl/methodCall3.key.proof 
370102     DEBUG main            d.u.i.k.p.i.AbstractProblemLoader Environment load took 76.6ns 
370104     INFO  main            d.u.i.k.p.i.AbstractProblemLoader Creating init config 
372405     DEBUG main            d.u.i.k.p.i.AbstractProblemLoader Init config took 2.3s 
372418     INFO  main            d.u.i.k.p.i.AbstractProblemLoader Replaying proof methodCall3.key.proof 
372427     DEBUG main            d.u.i.k.p.i.IntermediateProofReplayer Proof replay took 7ms 
372428     DEBUG main            d.u.i.k.p.r.p.TestFile    ... success: reloaded. 
372428     INFO  main            d.u.i.k.p.r.p.TestFile    Now processing file /home/runner/work/key/key/key.core/../key.ui/examples/standard_key/java_dl/polishFlagSort.key 
372429     INFO  main            d.u.i.k.p.i.AbstractProblemLoader Loading environment from /home/runner/work/key/key/key.core/../key.ui/examples/standard_key/java_dl/polishFlagSort.key 
372429     DEBUG main            d.u.i.k.p.i.AbstractProblemLoader Environment load took 67.5ns 
372430     INFO  main            d.u.i.k.p.i.AbstractProblemLoader Creating init config 
374798     DEBUG main            d.u.i.k.p.i.AbstractProblemLoader Init config took 2.37s 
374813     INFO  main            d.u.i.k.p.i.AbstractProblemLoader Replaying proof polishFlagSort.key 
374814     DEBUG main            d.u.i.k.p.i.IntermediateProofReplayer Proof replay took 5.9ns 
376925     INFO  main            d.u.i.k.p.r.p.TestFile    ... finished proof: closed. 
377412     INFO  main            d.u.i.k.p.i.AbstractProblemLoader Loading environment from /home/runner/work/key/key/key.core/../key.ui/examples/standard_key/java_dl/polishFlagSort.key.proof 
377412     DEBUG main            d.u.i.k.p.i.AbstractProblemLoader Environment load took 149.8ns 
377416     INFO  main            d.u.i.k.p.i.AbstractProblemLoader Creating init config 
379751     DEBUG main            d.u.i.k.p.i.AbstractProblemLoader Init config took 2.34s 
379767     INFO  main            d.u.i.k.p.i.AbstractProblemLoader Replaying proof polishFlagSort.key.proof 
380025     DEBUG main            d.u.i.k.p.i.IntermediateProofReplayer Proof replay took 247.23ms 
380027     DEBUG main            d.u.i.k.p.r.p.TestFile    ... success: reloaded. 
380028     INFO  main            d.u.i.k.p.r.p.TestFile    Now processing file /home/runner/work/key/key/key.core/../key.ui/examples/standard_key/java_dl/postConditionTaclets1.key 
380028     INFO  main            d.u.i.k.p.i.AbstractProblemLoader Loading environment from /home/runner/work/key/key/key.core/../key.ui/examples/standard_key/java_dl/postConditionTaclets1.key 
380028     DEBUG main            d.u.i.k.p.i.AbstractProblemLoader Environment load took 195.8ns 
380029     INFO  main            d.u.i.k.p.i.AbstractProblemLoader Creating init config 
382310     DEBUG main            d.u.i.k.p.i.AbstractProblemLoader Init config took 2.28s 
382324     INFO  main            d.u.i.k.p.i.AbstractProblemLoader Replaying proof postConditionTaclets1.key 
382325     DEBUG main            d.u.i.k.p.i.IntermediateProofReplayer Proof replay took 6.7ns 
382427     INFO  main            d.u.i.k.p.r.p.TestFile    ... finished proof: closed. 
382924     INFO  main            d.u.i.k.p.i.AbstractProblemLoader Loading environment from /home/runner/work/key/key/key.core/../key.ui/examples/standard_key/java_dl/postConditionTaclets1.key.proof 
382924     DEBUG main            d.u.i.k.p.i.AbstractProblemLoader Environment load took 81.7ns 
382925     INFO  main            d.u.i.k.p.i.AbstractProblemLoader Creating init config 
385175     DEBUG main            d.u.i.k.p.i.AbstractProblemLoader Init config took 2.25s 
385187     INFO  main            d.u.i.k.p.i.AbstractProblemLoader Replaying proof postConditionTaclets1.key.proof 
385189     DEBUG main            d.u.i.k.p.i.IntermediateProofReplayer Proof replay took 264ns 
385189     DEBUG main            d.u.i.k.p.r.p.TestFile    ... success: reloaded. 
385190     INFO  main            d.u.i.k.p.r.p.TestFile    Now processing file /home/runner/work/key/key/key.core/../key.ui/examples/standard_key/java_dl/postConditionTaclets2.key 
385190     INFO  main            d.u.i.k.p.i.AbstractProblemLoader Loading environment from /home/runner/work/key/key/key.core/../key.ui/examples/standard_key/java_dl/postConditionTaclets2.key 
385190     DEBUG main            d.u.i.k.p.i.AbstractProblemLoader Environment load took 105.9ns 
385191     INFO  main            d.u.i.k.p.i.AbstractProblemLoader Creating init config 
387448     DEBUG main            d.u.i.k.p.i.AbstractProblemLoader Init config took 2.26s 
387462     INFO  main            d.u.i.k.p.i.AbstractProblemLoader Replaying proof postConditionTaclets2.key 
387463     DEBUG main            d.u.i.k.p.i.IntermediateProofReplayer Proof replay took 6.3ns 
387568     INFO  main            d.u.i.k.p.r.p.TestFile    ... finished proof: closed. 
388013     INFO  main            d.u.i.k.p.i.AbstractProblemLoader Loading environment from /home/runner/work/key/key/key.core/../key.ui/examples/standard_key/java_dl/postConditionTaclets2.key.proof 
388013     DEBUG main            d.u.i.k.p.i.AbstractProblemLoader Environment load took 74.6ns 
388014     INFO  main            d.u.i.k.p.i.AbstractProblemLoader Creating init config 
390278     DEBUG main            d.u.i.k.p.i.AbstractProblemLoader Init config took 2.26s 
390292     INFO  main            d.u.i.k.p.i.AbstractProblemLoader Replaying proof postConditionTaclets2.key.proof 
390294     DEBUG main            d.u.i.k.p.i.IntermediateProofReplayer Proof replay took 594.5ns 
390295     DEBUG main            d.u.i.k.p.r.p.TestFile    ... success: reloaded. 
390296     INFO  main            d.u.i.k.p.r.p.TestFile    Now processing file /home/runner/work/key/key/key.core/../key.ui/examples/standard_key/java_dl/quantifiedQuery.key 
390296     INFO  main            d.u.i.k.p.i.AbstractProblemLoader Loading environment from /home/runner/work/key/key/key.core/../key.ui/examples/standard_key/java_dl/quantifiedQuery.key 
390296     DEBUG main            d.u.i.k.p.i.AbstractProblemLoader Environment load took 71.9ns 
390297     INFO  main            d.u.i.k.p.i.AbstractProblemLoader Creating init config 
392627     DEBUG main            d.u.i.k.p.i.AbstractProblemLoader Init config took 2.33s 
392641     INFO  main            d.u.i.k.p.i.AbstractProblemLoader Replaying proof quantifiedQuery.key 
392642     DEBUG main            d.u.i.k.p.i.IntermediateProofReplayer Proof replay took 7ns 
392744     INFO  main            d.u.i.k.p.r.p.TestFile    ... finished proof: closed. 
393216     INFO  main            d.u.i.k.p.i.AbstractProblemLoader Loading environment from /home/runner/work/key/key/key.core/../key.ui/examples/standard_key/java_dl/quantifiedQuery.key.proof 
393216     DEBUG main            d.u.i.k.p.i.AbstractProblemLoader Environment load took 83.3ns 
393217     INFO  main            d.u.i.k.p.i.AbstractProblemLoader Creating init config 
395569     DEBUG main            d.u.i.k.p.i.AbstractProblemLoader Init config took 2.35s 
395582     INFO  main            d.u.i.k.p.i.AbstractProblemLoader Replaying proof quantifiedQuery.key.proof 
395591     DEBUG main            d.u.i.k.p.i.IntermediateProofReplayer Proof replay took 7.6ms 
395592     DEBUG main            d.u.i.k.p.r.p.TestFile    ... success: reloaded. 
395593     INFO  main            d.u.i.k.p.r.p.TestFile    Now processing file /home/runner/work/key/key/key.core/../key.ui/examples/standard_key/java_dl/recursion/triangular.key 
395593     INFO  main            d.u.i.k.p.i.AbstractProblemLoader Loading environment from /home/runner/work/key/key/key.core/../key.ui/examples/standard_key/java_dl/recursion/triangular.key 
395593     DEBUG main            d.u.i.k.p.i.AbstractProblemLoader Environment load took 98.7ns 
395594     INFO  main            d.u.i.k.p.i.AbstractProblemLoader Creating init config 
397960     DEBUG main            d.u.i.k.p.i.AbstractProblemLoader Init config took 2.37s 
398008     INFO  main            d.u.i.k.p.i.AbstractProblemLoader Replaying proof Triangular[Triangular::tria(int)].JML normal_behavior operation contract.0 
398009     DEBUG main            d.u.i.k.p.i.IntermediateProofReplayer Proof replay took 7.1ns 
398211     INFO  main            d.u.i.k.p.r.p.TestFile    ... finished proof: closed. 
398688     INFO  main            d.u.i.k.p.i.AbstractProblemLoader Loading environment from /home/runner/work/key/key/key.core/../key.ui/examples/standard_key/java_dl/recursion/triangular.key.proof 
398688     DEBUG main            d.u.i.k.p.i.AbstractProblemLoader Environment load took 77.6ns 
398689     INFO  main            d.u.i.k.p.i.AbstractProblemLoader Creating init config 
400945     DEBUG main            d.u.i.k.p.i.AbstractProblemLoader Init config took 2.26s 
400976     INFO  main            d.u.i.k.p.i.AbstractProblemLoader Replaying proof Triangular[Triangular::tria(int)].JML normal_behavior operation contract.0 
401008     DEBUG main            d.u.i.k.p.i.IntermediateProofReplayer Proof replay took 28.96ms 
401008     DEBUG main            d.u.i.k.p.r.p.TestFile    ... success: reloaded. 
401009     INFO  main            d.u.i.k.p.r.p.TestFile    Now processing file /home/runner/work/key/key/key.core/../key.ui/examples/standard_key/java_dl/reverseArray.key 
401009     INFO  main            d.u.i.k.p.i.AbstractProblemLoader Loading environment from /home/runner/work/key/key/key.core/../key.ui/examples/standard_key/java_dl/reverseArray.key 
401009     DEBUG main            d.u.i.k.p.i.AbstractProblemLoader Environment load took 160.5ns 
401012     INFO  main            d.u.i.k.p.i.AbstractProblemLoader Creating init config 
401034     WARN  main            d.u.i.k.j.r.KeYCrossReferenceNameInfo Datatype java.io.PrintStream declared twice: Once in FILE:/home/runner/work/key/key/key.core/../key.ui/examples/standard_key/java_dl/./classpath/PrintStream.java and once in URL:file:/home/runner/work/key/key/key.core/build/resources/main/de/uka/ilkd/key/java/JavaRedux/java/io/PrintStream.java, Keeping one from URL:file:/home/runner/work/key/key/key.core/build/resources/main/de/uka/ilkd/key/java/JavaRedux/java/io/PrintStream.java 
401034     WARN  main            d.u.i.k.j.r.KeYCrossReferenceNameInfo Datatype java.lang.System declared twice: Once in FILE:/home/runner/work/key/key/key.core/../key.ui/examples/standard_key/java_dl/./classpath/System.java and once in URL:file:/home/runner/work/key/key/key.core/build/resources/main/de/uka/ilkd/key/java/JavaRedux/java/lang/System.java, Keeping one from URL:file:/home/runner/work/key/key/key.core/build/resources/main/de/uka/ilkd/key/java/JavaRedux/java/lang/System.java 
401034     WARN  main            d.u.i.k.j.r.KeYCrossReferenceNameInfo Datatype java.io.InputStream declared twice: Once in FILE:/home/runner/work/key/key/key.core/../key.ui/examples/standard_key/java_dl/./classpath/InputStream.java and once in URL:file:/home/runner/work/key/key/key.core/build/resources/main/de/uka/ilkd/key/java/JavaRedux/java/io/InputStream.java, Keeping one from URL:file:/home/runner/work/key/key/key.core/build/resources/main/de/uka/ilkd/key/java/JavaRedux/java/io/InputStream.java 
401037     DEBUG main            d.u.i.k.j.r.ClassFileDeclarationBuilder Parsing: package java.io; public class Closeable { } 
401037     DEBUG main            r.s.KeYCrossReferenceSourceInfo Dynamically created class: java.io.Closeable 
403552     DEBUG main            d.u.i.k.p.i.AbstractProblemLoader Init config took 2.54s 
403572     INFO  main            d.u.i.k.p.i.AbstractProblemLoader Replaying proof reverseArray.key 
403574     DEBUG main            d.u.i.k.p.i.IntermediateProofReplayer Proof replay took 6.6ns 
408032     INFO  main            d.u.i.k.p.r.p.TestFile    ... finished proof: closed. 
408565     INFO  main            d.u.i.k.p.i.AbstractProblemLoader Loading environment from /home/runner/work/key/key/key.core/../key.ui/examples/standard_key/java_dl/reverseArray.key.proof 
408566     DEBUG main            d.u.i.k.p.i.AbstractProblemLoader Environment load took 412.5ns 
408568     INFO  main            d.u.i.k.p.i.AbstractProblemLoader Creating init config 
408590     WARN  main            d.u.i.k.j.r.KeYCrossReferenceNameInfo Datatype java.io.PrintStream declared twice: Once in FILE:/home/runner/work/key/key/key.core/../key.ui/examples/standard_key/java_dl/classpath/PrintStream.java and once in URL:file:/home/runner/work/key/key/key.core/build/resources/main/de/uka/ilkd/key/java/JavaRedux/java/io/PrintStream.java, Keeping one from URL:file:/home/runner/work/key/key/key.core/build/resources/main/de/uka/ilkd/key/java/JavaRedux/java/io/PrintStream.java 
408590     WARN  main            d.u.i.k.j.r.KeYCrossReferenceNameInfo Datatype java.lang.System declared twice: Once in FILE:/home/runner/work/key/key/key.core/../key.ui/examples/standard_key/java_dl/classpath/System.java and once in URL:file:/home/runner/work/key/key/key.core/build/resources/main/de/uka/ilkd/key/java/JavaRedux/java/lang/System.java, Keeping one from URL:file:/home/runner/work/key/key/key.core/build/resources/main/de/uka/ilkd/key/java/JavaRedux/java/lang/System.java 
408590     WARN  main            d.u.i.k.j.r.KeYCrossReferenceNameInfo Datatype java.io.InputStream declared twice: Once in FILE:/home/runner/work/key/key/key.core/../key.ui/examples/standard_key/java_dl/classpath/InputStream.java and once in URL:file:/home/runner/work/key/key/key.core/build/resources/main/de/uka/ilkd/key/java/JavaRedux/java/io/InputStream.java, Keeping one from URL:file:/home/runner/work/key/key/key.core/build/resources/main/de/uka/ilkd/key/java/JavaRedux/java/io/InputStream.java 
408593     DEBUG main            d.u.i.k.j.r.ClassFileDeclarationBuilder Parsing: package java.io; public class Closeable { } 
408593     DEBUG main            r.s.KeYCrossReferenceSourceInfo Dynamically created class: java.io.Closeable 
411102     DEBUG main            d.u.i.k.p.i.AbstractProblemLoader Init config took 2.53s 
411122     INFO  main            d.u.i.k.p.i.AbstractProblemLoader Replaying proof reverseArray.key.proof 
411547     DEBUG main            d.u.i.k.p.i.IntermediateProofReplayer Proof replay took 413.73ms 
411549     DEBUG main            d.u.i.k.p.r.p.TestFile    ... success: reloaded. 
411550     INFO  main            d.u.i.k.p.r.p.TestFile    Now processing file /home/runner/work/key/key/key.core/../key.ui/examples/standard_key/java_dl/reverseArray2.key 
411550     INFO  main            d.u.i.k.p.i.AbstractProblemLoader Loading environment from /home/runner/work/key/key/key.core/../key.ui/examples/standard_key/java_dl/reverseArray2.key 
411550     DEBUG main            d.u.i.k.p.i.AbstractProblemLoader Environment load took 86.9ns 
411552     INFO  main            d.u.i.k.p.i.AbstractProblemLoader Creating init config 
411573     WARN  main            d.u.i.k.j.r.KeYCrossReferenceNameInfo Datatype java.io.PrintStream declared twice: Once in FILE:/home/runner/work/key/key/key.core/../key.ui/examples/standard_key/java_dl/classpath/PrintStream.java and once in URL:file:/home/runner/work/key/key/key.core/build/resources/main/de/uka/ilkd/key/java/JavaRedux/java/io/PrintStream.java, Keeping one from URL:file:/home/runner/work/key/key/key.core/build/resources/main/de/uka/ilkd/key/java/JavaRedux/java/io/PrintStream.java 
411573     WARN  main            d.u.i.k.j.r.KeYCrossReferenceNameInfo Datatype java.lang.System declared twice: Once in FILE:/home/runner/work/key/key/key.core/../key.ui/examples/standard_key/java_dl/classpath/System.java and once in URL:file:/home/runner/work/key/key/key.core/build/resources/main/de/uka/ilkd/key/java/JavaRedux/java/lang/System.java, Keeping one from URL:file:/home/runner/work/key/key/key.core/build/resources/main/de/uka/ilkd/key/java/JavaRedux/java/lang/System.java 
411573     WARN  main            d.u.i.k.j.r.KeYCrossReferenceNameInfo Datatype java.io.InputStream declared twice: Once in FILE:/home/runner/work/key/key/key.core/../key.ui/examples/standard_key/java_dl/classpath/InputStream.java and once in URL:file:/home/runner/work/key/key/key.core/build/resources/main/de/uka/ilkd/key/java/JavaRedux/java/io/InputStream.java, Keeping one from URL:file:/home/runner/work/key/key/key.core/build/resources/main/de/uka/ilkd/key/java/JavaRedux/java/io/InputStream.java 
411576     DEBUG main            d.u.i.k.j.r.ClassFileDeclarationBuilder Parsing: package java.io; public class Closeable { } 
411576     DEBUG main            r.s.KeYCrossReferenceSourceInfo Dynamically created class: java.io.Closeable 
414072     DEBUG main            d.u.i.k.p.i.AbstractProblemLoader Init config took 2.52s 
414086     INFO  main            d.u.i.k.p.i.AbstractProblemLoader Replaying proof reverseArray2.key 
414088     DEBUG main            d.u.i.k.p.i.IntermediateProofReplayer Proof replay took 33.6ns 
415493     INFO  main            d.u.i.k.p.r.p.TestFile    ... finished proof: closed. 
416069     INFO  main            d.u.i.k.p.i.AbstractProblemLoader Loading environment from /home/runner/work/key/key/key.core/../key.ui/examples/standard_key/java_dl/reverseArray2.key.proof 
416069     DEBUG main            d.u.i.k.p.i.AbstractProblemLoader Environment load took 397.3ns 
416071     INFO  main            d.u.i.k.p.i.AbstractProblemLoader Creating init config 
416094     WARN  main            d.u.i.k.j.r.KeYCrossReferenceNameInfo Datatype java.io.PrintStream declared twice: Once in FILE:/home/runner/work/key/key/key.core/../key.ui/examples/standard_key/java_dl/classpath/PrintStream.java and once in URL:file:/home/runner/work/key/key/key.core/build/resources/main/de/uka/ilkd/key/java/JavaRedux/java/io/PrintStream.java, Keeping one from URL:file:/home/runner/work/key/key/key.core/build/resources/main/de/uka/ilkd/key/java/JavaRedux/java/io/PrintStream.java 
416094     WARN  main            d.u.i.k.j.r.KeYCrossReferenceNameInfo Datatype java.lang.System declared twice: Once in FILE:/home/runner/work/key/key/key.core/../key.ui/examples/standard_key/java_dl/classpath/System.java and once in URL:file:/home/runner/work/key/key/key.core/build/resources/main/de/uka/ilkd/key/java/JavaRedux/java/lang/System.java, Keeping one from URL:file:/home/runner/work/key/key/key.core/build/resources/main/de/uka/ilkd/key/java/JavaRedux/java/lang/System.java 
416094     WARN  main            d.u.i.k.j.r.KeYCrossReferenceNameInfo Datatype java.io.InputStream declared twice: Once in FILE:/home/runner/work/key/key/key.core/../key.ui/examples/standard_key/java_dl/classpath/InputStream.java and once in URL:file:/home/runner/work/key/key/key.core/build/resources/main/de/uka/ilkd/key/java/JavaRedux/java/io/InputStream.java, Keeping one from URL:file:/home/runner/work/key/key/key.core/build/resources/main/de/uka/ilkd/key/java/JavaRedux/java/io/InputStream.java 
416097     DEBUG main            d.u.i.k.j.r.ClassFileDeclarationBuilder Parsing: package java.io; public class Closeable { } 
416097     DEBUG main            r.s.KeYCrossReferenceSourceInfo Dynamically created class: java.io.Closeable 
418458     DEBUG main            d.u.i.k.p.i.AbstractProblemLoader Init config took 2.39s 
418473     INFO  main            d.u.i.k.p.i.AbstractProblemLoader Replaying proof reverseArray2.key.proof 
418626     DEBUG main            d.u.i.k.p.i.IntermediateProofReplayer Proof replay took 148.39ms 
418628     DEBUG main            d.u.i.k.p.r.p.TestFile    ... success: reloaded. 
418629     INFO  main            d.u.i.k.p.r.p.TestFile    Now processing file /home/runner/work/key/key/key.core/../key.ui/examples/standard_key/java_dl/simpleAssignment.key 
418629     INFO  main            d.u.i.k.p.i.AbstractProblemLoader Loading environment from /home/runner/work/key/key/key.core/../key.ui/examples/standard_key/java_dl/simpleAssignment.key 
418629     DEBUG main            d.u.i.k.p.i.AbstractProblemLoader Environment load took 51.3ns 
418630     INFO  main            d.u.i.k.p.i.AbstractProblemLoader Creating init config 
420927     DEBUG main            d.u.i.k.p.i.AbstractProblemLoader Init config took 2.3s 
420942     INFO  main            d.u.i.k.p.i.AbstractProblemLoader Replaying proof simpleAssignment.key 
420943     DEBUG main            d.u.i.k.p.i.IntermediateProofReplayer Proof replay took 2.4ns 
421045     INFO  main            d.u.i.k.p.r.p.TestFile    ... finished proof: closed. 
421611     INFO  main            d.u.i.k.p.i.AbstractProblemLoader Loading environment from /home/runner/work/key/key/key.core/../key.ui/examples/standard_key/java_dl/simpleAssignment.key.proof 
421612     DEBUG main            d.u.i.k.p.i.AbstractProblemLoader Environment load took 75.4ns 
421613     INFO  main            d.u.i.k.p.i.AbstractProblemLoader Creating init config 
423897     DEBUG main            d.u.i.k.p.i.AbstractProblemLoader Init config took 2.28s 
423911     INFO  main            d.u.i.k.p.i.AbstractProblemLoader Replaying proof simpleAssignment.key.proof 
423913     DEBUG main            d.u.i.k.p.i.IntermediateProofReplayer Proof replay took 713.7ns 
423914     DEBUG main            d.u.i.k.p.r.p.TestFile    ... success: reloaded. 
423914     INFO  main            d.u.i.k.p.r.p.TestFile    Now processing file /home/runner/work/key/key/key.core/../key.ui/examples/standard_key/java_dl/simpleAssignment2.key 
423914     INFO  main            d.u.i.k.p.i.AbstractProblemLoader Loading environment from /home/runner/work/key/key/key.core/../key.ui/examples/standard_key/java_dl/simpleAssignment2.key 
423915     DEBUG main            d.u.i.k.p.i.AbstractProblemLoader Environment load took 63.8ns 
423915     INFO  main            d.u.i.k.p.i.AbstractProblemLoader Creating init config 
426181     DEBUG main            d.u.i.k.p.i.AbstractProblemLoader Init config took 2.27s 
426195     INFO  main            d.u.i.k.p.i.AbstractProblemLoader Replaying proof simpleAssignment2.key 
426196     DEBUG main            d.u.i.k.p.i.IntermediateProofReplayer Proof replay took 3.2ns 
426300     INFO  main            d.u.i.k.p.r.p.TestFile    ... finished proof: closed. 
426793     INFO  main            d.u.i.k.p.i.AbstractProblemLoader Loading environment from /home/runner/work/key/key/key.core/../key.ui/examples/standard_key/java_dl/simpleAssignment2.key.proof 
426793     DEBUG main            d.u.i.k.p.i.AbstractProblemLoader Environment load took 96.2ns 
426794     INFO  main            d.u.i.k.p.i.AbstractProblemLoader Creating init config 
429063     DEBUG main            d.u.i.k.p.i.AbstractProblemLoader Init config took 2.27s 
429076     INFO  main            d.u.i.k.p.i.AbstractProblemLoader Replaying proof simpleAssignment2.key.proof 
429078     DEBUG main            d.u.i.k.p.i.IntermediateProofReplayer Proof replay took 393.1ns 
429078     DEBUG main            d.u.i.k.p.r.p.TestFile    ... success: reloaded. 
429078     INFO  main            d.u.i.k.p.r.p.TestFile    Now processing file /home/runner/work/key/key/key.core/../key.ui/examples/standard_key/java_dl/splittingWithQueries.key 
429079     INFO  main            d.u.i.k.p.i.AbstractProblemLoader Loading environment from /home/runner/work/key/key/key.core/../key.ui/examples/standard_key/java_dl/splittingWithQueries.key 
429079     DEBUG main            d.u.i.k.p.i.AbstractProblemLoader Environment load took 43.5ns 
429080     INFO  main            d.u.i.k.p.i.AbstractProblemLoader Creating init config 
431396     DEBUG main            d.u.i.k.p.i.AbstractProblemLoader Init config took 2.32s 
431408     INFO  main            d.u.i.k.p.i.AbstractProblemLoader Replaying proof splittingWithQueries.key 
431410     DEBUG main            d.u.i.k.p.i.IntermediateProofReplayer Proof replay took 2.2ns 
431511     INFO  main            d.u.i.k.p.r.p.TestFile    ... finished proof: closed. 
432006     INFO  main            d.u.i.k.p.i.AbstractProblemLoader Loading environment from /home/runner/work/key/key/key.core/../key.ui/examples/standard_key/java_dl/splittingWithQueries.key.proof 
432006     DEBUG main            d.u.i.k.p.i.AbstractProblemLoader Environment load took 75.2ns 
432007     INFO  main            d.u.i.k.p.i.AbstractProblemLoader Creating init config 
434393     DEBUG main            d.u.i.k.p.i.AbstractProblemLoader Init config took 2.39s 
434412     INFO  main            d.u.i.k.p.i.AbstractProblemLoader Replaying proof splittingWithQueries.key.proof 
434415     DEBUG main            d.u.i.k.p.i.IntermediateProofReplayer Proof replay took 1.46ms 
434416     DEBUG main            d.u.i.k.p.r.p.TestFile    ... success: reloaded. 
434419     INFO  main            d.u.i.k.p.r.p.TestFile    Now processing file /home/runner/work/key/key/key.core/../key.ui/examples/standard_key/java_dl/strassen/strassen.key 
434419     INFO  main            d.u.i.k.p.i.AbstractProblemLoader Loading environment from /home/runner/work/key/key/key.core/../key.ui/examples/standard_key/java_dl/strassen/strassen.key 
434419     DEBUG main            d.u.i.k.p.i.AbstractProblemLoader Environment load took 47.8ns 
434420     INFO  main            d.u.i.k.p.i.AbstractProblemLoader Creating init config 
436858     DEBUG main            d.u.i.k.p.i.AbstractProblemLoader Init config took 2.44s 
436891     INFO  main            d.u.i.k.p.i.AbstractProblemLoader Replaying proof Matrix22[Matrix22::strassen(Matrix22,Matrix22)].JML normal_behavior operation contract.0 
436893     DEBUG main            d.u.i.k.p.i.IntermediateProofReplayer Proof replay took 2.3ns 
441473     INFO  main            d.u.i.k.p.r.p.TestFile    ... finished proof: closed. 
442100     INFO  main            d.u.i.k.p.i.AbstractProblemLoader Loading environment from /home/runner/work/key/key/key.core/../key.ui/examples/standard_key/java_dl/strassen/strassen.key.proof 
442101     DEBUG main            d.u.i.k.p.i.AbstractProblemLoader Environment load took 326.6ns 
442102     INFO  main            d.u.i.k.p.i.AbstractProblemLoader Creating init config 
444511     DEBUG main            d.u.i.k.p.i.AbstractProblemLoader Init config took 2.41s 
444545     INFO  main            d.u.i.k.p.i.AbstractProblemLoader Replaying proof Matrix22[Matrix22::strassen(Matrix22,Matrix22)].JML normal_behavior operation contract.0 
444949     DEBUG main            d.u.i.k.p.i.IntermediateProofReplayer Proof replay took 379.32ms 
444951     DEBUG main            d.u.i.k.p.r.p.TestFile    ... success: reloaded. 
444952     INFO  main            d.u.i.k.p.r.p.TestFile    Now processing file /home/runner/work/key/key/key.core/../key.ui/examples/standard_key/java_dl/symmArray.key 
444952     INFO  main            d.u.i.k.p.i.AbstractProblemLoader Loading environment from /home/runner/work/key/key/key.core/../key.ui/examples/standard_key/java_dl/symmArray.key 
444952     DEBUG main            d.u.i.k.p.i.AbstractProblemLoader Environment load took 145.7ns 
444956     INFO  main            d.u.i.k.p.i.AbstractProblemLoader Creating init config 
447421     DEBUG main            d.u.i.k.p.i.AbstractProblemLoader Init config took 2.47s 
447436     INFO  main            d.u.i.k.p.i.AbstractProblemLoader Replaying proof symmArray.key 
447437     DEBUG main            d.u.i.k.p.i.IntermediateProofReplayer Proof replay took 2.4ns 
521111     INFO  main            d.u.i.k.p.r.p.TestFile    ... finished proof: closed. 
521779     INFO  main            d.u.i.k.p.i.AbstractProblemLoader Loading environment from /home/runner/work/key/key/key.core/../key.ui/examples/standard_key/java_dl/symmArray.key.proof 
521780     DEBUG main            d.u.i.k.p.i.AbstractProblemLoader Environment load took 340.6ns 
521785     INFO  main            d.u.i.k.p.i.AbstractProblemLoader Creating init config 
524176     DEBUG main            d.u.i.k.p.i.AbstractProblemLoader Init config took 2.39s 
524191     INFO  main            d.u.i.k.p.i.AbstractProblemLoader Replaying proof symmArray.key.proof 
525125     DEBUG main            d.u.i.k.p.i.IntermediateProofReplayer Proof replay took 878.01ms 
525129     DEBUG main            d.u.i.k.p.r.p.TestFile    ... success: reloaded. 
525130     INFO  main            d.u.i.k.p.r.p.TestFile    Now processing file /home/runner/work/key/key/key.core/../key.ui/examples/standard_key/java_dl/testcontext.key 
525130     INFO  main            d.u.i.k.p.i.AbstractProblemLoader Loading environment from /home/runner/work/key/key/key.core/../key.ui/examples/standard_key/java_dl/testcontext.key 
525130     DEBUG main            d.u.i.k.p.i.AbstractProblemLoader Environment load took 80.2ns 
525131     INFO  main            d.u.i.k.p.i.AbstractProblemLoader Creating init config 
525152     WARN  main            d.u.i.k.j.r.KeYCrossReferenceNameInfo Datatype java.io.PrintStream declared twice: Once in FILE:/home/runner/work/key/key/key.core/../key.ui/examples/standard_key/java_dl/classpath/PrintStream.java and once in URL:file:/home/runner/work/key/key/key.core/build/resources/main/de/uka/ilkd/key/java/JavaRedux/java/io/PrintStream.java, Keeping one from URL:file:/home/runner/work/key/key/key.core/build/resources/main/de/uka/ilkd/key/java/JavaRedux/java/io/PrintStream.java 
525152     WARN  main            d.u.i.k.j.r.KeYCrossReferenceNameInfo Datatype java.lang.System declared twice: Once in FILE:/home/runner/work/key/key/key.core/../key.ui/examples/standard_key/java_dl/classpath/System.java and once in URL:file:/home/runner/work/key/key/key.core/build/resources/main/de/uka/ilkd/key/java/JavaRedux/java/lang/System.java, Keeping one from URL:file:/home/runner/work/key/key/key.core/build/resources/main/de/uka/ilkd/key/java/JavaRedux/java/lang/System.java 
525152     WARN  main            d.u.i.k.j.r.KeYCrossReferenceNameInfo Datatype java.io.InputStream declared twice: Once in FILE:/home/runner/work/key/key/key.core/../key.ui/examples/standard_key/java_dl/classpath/InputStream.java and once in URL:file:/home/runner/work/key/key/key.core/build/resources/main/de/uka/ilkd/key/java/JavaRedux/java/io/InputStream.java, Keeping one from URL:file:/home/runner/work/key/key/key.core/build/resources/main/de/uka/ilkd/key/java/JavaRedux/java/io/InputStream.java 
525155     DEBUG main            d.u.i.k.j.r.ClassFileDeclarationBuilder Parsing: package java.io; public class Closeable { } 
525155     DEBUG main            r.s.KeYCrossReferenceSourceInfo Dynamically created class: java.io.Closeable 
527547     DEBUG main            d.u.i.k.p.i.AbstractProblemLoader Init config took 2.42s 
527561     INFO  main            d.u.i.k.p.i.AbstractProblemLoader Replaying proof testcontext.key 
527562     DEBUG main            d.u.i.k.p.i.IntermediateProofReplayer Proof replay took 2.4ns 
527864     INFO  main            d.u.i.k.p.r.p.TestFile    ... finished proof: closed. 
528532     INFO  main            d.u.i.k.p.i.AbstractProblemLoader Loading environment from /home/runner/work/key/key/key.core/../key.ui/examples/standard_key/java_dl/testcontext.key.proof 
528532     DEBUG main            d.u.i.k.p.i.AbstractProblemLoader Environment load took 70.3ns 
528533     INFO  main            d.u.i.k.p.i.AbstractProblemLoader Creating init config 
528555     WARN  main            d.u.i.k.j.r.KeYCrossReferenceNameInfo Datatype java.io.PrintStream declared twice: Once in FILE:/home/runner/work/key/key/key.core/../key.ui/examples/standard_key/java_dl/classpath/PrintStream.java and once in URL:file:/home/runner/work/key/key/key.core/build/resources/main/de/uka/ilkd/key/java/JavaRedux/java/io/PrintStream.java, Keeping one from URL:file:/home/runner/work/key/key/key.core/build/resources/main/de/uka/ilkd/key/java/JavaRedux/java/io/PrintStream.java 
528555     WARN  main            d.u.i.k.j.r.KeYCrossReferenceNameInfo Datatype java.lang.System declared twice: Once in FILE:/home/runner/work/key/key/key.core/../key.ui/examples/standard_key/java_dl/classpath/System.java and once in URL:file:/home/runner/work/key/key/key.core/build/resources/main/de/uka/ilkd/key/java/JavaRedux/java/lang/System.java, Keeping one from URL:file:/home/runner/work/key/key/key.core/build/resources/main/de/uka/ilkd/key/java/JavaRedux/java/lang/System.java 
528555     WARN  main            d.u.i.k.j.r.KeYCrossReferenceNameInfo Datatype java.io.InputStream declared twice: Once in FILE:/home/runner/work/key/key/key.core/../key.ui/examples/standard_key/java_dl/classpath/InputStream.java and once in URL:file:/home/runner/work/key/key/key.core/build/resources/main/de/uka/ilkd/key/java/JavaRedux/java/io/InputStream.java, Keeping one from URL:file:/home/runner/work/key/key/key.core/build/resources/main/de/uka/ilkd/key/java/JavaRedux/java/io/InputStream.java 
528557     DEBUG main            d.u.i.k.j.r.ClassFileDeclarationBuilder Parsing: package java.io; public class Closeable { } 
528557     DEBUG main            r.s.KeYCrossReferenceSourceInfo Dynamically created class: java.io.Closeable 
530855     DEBUG main            d.u.i.k.p.i.AbstractProblemLoader Init config took 2.32s 
530869     INFO  main            d.u.i.k.p.i.AbstractProblemLoader Replaying proof testcontext.key.proof 
530912     DEBUG main            d.u.i.k.p.i.IntermediateProofReplayer Proof replay took 41.11ms 
530913     DEBUG main            d.u.i.k.p.r.p.TestFile    ... success: reloaded. 
530914     INFO  main            d.u.i.k.p.r.p.TestFile    Now processing file /home/runner/work/key/key/key.core/../key.ui/examples/standard_key/staticInitialisation/cascadeStaticInitialisation.key 
530914     INFO  main            d.u.i.k.p.i.AbstractProblemLoader Loading environment from /home/runner/work/key/key/key.core/../key.ui/examples/standard_key/staticInitialisation/cascadeStaticInitialisation.key 
530914     DEBUG main            d.u.i.k.p.i.AbstractProblemLoader Environment load took 66.5ns 
530917     INFO  main            d.u.i.k.p.i.AbstractProblemLoader Creating init config 
530936     WARN  main            d.u.i.k.j.r.KeYCrossReferenceNameInfo Datatype java.io.PrintStream declared twice: Once in FILE:/home/runner/work/key/key/key.core/../key.ui/examples/standard_key/staticInitialisation/classpath/PrintStream.java and once in URL:file:/home/runner/work/key/key/key.core/build/resources/main/de/uka/ilkd/key/java/JavaRedux/java/io/PrintStream.java, Keeping one from URL:file:/home/runner/work/key/key/key.core/build/resources/main/de/uka/ilkd/key/java/JavaRedux/java/io/PrintStream.java 
530936     WARN  main            d.u.i.k.j.r.KeYCrossReferenceNameInfo Datatype java.lang.System declared twice: Once in FILE:/home/runner/work/key/key/key.core/../key.ui/examples/standard_key/staticInitialisation/classpath/System.java and once in URL:file:/home/runner/work/key/key/key.core/build/resources/main/de/uka/ilkd/key/java/JavaRedux/java/lang/System.java, Keeping one from URL:file:/home/runner/work/key/key/key.core/build/resources/main/de/uka/ilkd/key/java/JavaRedux/java/lang/System.java 
533293     DEBUG main            d.u.i.k.p.i.AbstractProblemLoader Init config took 2.38s 
533308     INFO  main            d.u.i.k.p.i.AbstractProblemLoader Replaying proof cascadeStaticInitialisation.key 
533309     DEBUG main            d.u.i.k.p.i.IntermediateProofReplayer Proof replay took 2.8ns 
533914     INFO  main            d.u.i.k.p.r.p.TestFile    ... finished proof: closed. 
534528     INFO  main            d.u.i.k.p.i.AbstractProblemLoader Loading environment from /home/runner/work/key/key/key.core/../key.ui/examples/standard_key/staticInitialisation/cascadeStaticInitialisation.key.proof 
534529     DEBUG main            d.u.i.k.p.i.AbstractProblemLoader Environment load took 381.4ns 
534530     INFO  main            d.u.i.k.p.i.AbstractProblemLoader Creating init config 
534560     WARN  main            d.u.i.k.j.r.KeYCrossReferenceNameInfo Datatype java.io.PrintStream declared twice: Once in FILE:/home/runner/work/key/key/key.core/../key.ui/examples/standard_key/staticInitialisation/classpath/PrintStream.java and once in URL:file:/home/runner/work/key/key/key.core/build/resources/main/de/uka/ilkd/key/java/JavaRedux/java/io/PrintStream.java, Keeping one from URL:file:/home/runner/work/key/key/key.core/build/resources/main/de/uka/ilkd/key/java/JavaRedux/java/io/PrintStream.java 
534560     WARN  main            d.u.i.k.j.r.KeYCrossReferenceNameInfo Datatype java.lang.System declared twice: Once in FILE:/home/runner/work/key/key/key.core/../key.ui/examples/standard_key/staticInitialisation/classpath/System.java and once in URL:file:/home/runner/work/key/key/key.core/build/resources/main/de/uka/ilkd/key/java/JavaRedux/java/lang/System.java, Keeping one from URL:file:/home/runner/work/key/key/key.core/build/resources/main/de/uka/ilkd/key/java/JavaRedux/java/lang/System.java 
536897     DEBUG main            d.u.i.k.p.i.AbstractProblemLoader Init config took 2.37s 
536910     INFO  main            d.u.i.k.p.i.AbstractProblemLoader Replaying proof cascadeStaticInitialisation.key.proof 
537019     DEBUG main            d.u.i.k.p.i.IntermediateProofReplayer Proof replay took 106.07ms 
537020     DEBUG main            d.u.i.k.p.r.p.TestFile    ... success: reloaded. 
537021     INFO  main            d.u.i.k.p.r.p.TestFile    Now processing file /home/runner/work/key/key/key.core/../key.ui/examples/standard_key/staticInitialisation/erroneousClassImpliesErroneousSubclass.key 
537021     INFO  main            d.u.i.k.p.i.AbstractProblemLoader Loading environment from /home/runner/work/key/key/key.core/../key.ui/examples/standard_key/staticInitialisation/erroneousClassImpliesErroneousSubclass.key 
537021     DEBUG main            d.u.i.k.p.i.AbstractProblemLoader Environment load took 46ns 
537022     INFO  main            d.u.i.k.p.i.AbstractProblemLoader Creating init config 
537041     WARN  main            d.u.i.k.j.r.KeYCrossReferenceNameInfo Datatype java.io.PrintStream declared twice: Once in FILE:/home/runner/work/key/key/key.core/../key.ui/examples/standard_key/staticInitialisation/classpath/PrintStream.java and once in URL:file:/home/runner/work/key/key/key.core/build/resources/main/de/uka/ilkd/key/java/JavaRedux/java/io/PrintStream.java, Keeping one from URL:file:/home/runner/work/key/key/key.core/build/resources/main/de/uka/ilkd/key/java/JavaRedux/java/io/PrintStream.java 
537042     WARN  main            d.u.i.k.j.r.KeYCrossReferenceNameInfo Datatype java.lang.System declared twice: Once in FILE:/home/runner/work/key/key/key.core/../key.ui/examples/standard_key/staticInitialisation/classpath/System.java and once in URL:file:/home/runner/work/key/key/key.core/build/resources/main/de/uka/ilkd/key/java/JavaRedux/java/lang/System.java, Keeping one from URL:file:/home/runner/work/key/key/key.core/build/resources/main/de/uka/ilkd/key/java/JavaRedux/java/lang/System.java 
539320     DEBUG main            d.u.i.k.p.i.AbstractProblemLoader Init config took 2.3s 
539332     INFO  main            d.u.i.k.p.i.AbstractProblemLoader Replaying proof erroneousClassImpliesErroneousSubclass.key 
539333     DEBUG main            d.u.i.k.p.i.IntermediateProofReplayer Proof replay took 2.4ns 
539434     INFO  main            d.u.i.k.p.r.p.TestFile    ... finished proof: closed. 
539994     INFO  main            d.u.i.k.p.i.AbstractProblemLoader Loading environment from /home/runner/work/key/key/key.core/../key.ui/examples/standard_key/staticInitialisation/erroneousClassImpliesErroneousSubclass.key.proof 
539994     DEBUG main            d.u.i.k.p.i.AbstractProblemLoader Environment load took 70ns 
539994     INFO  main            d.u.i.k.p.i.AbstractProblemLoader Creating init config 
540014     WARN  main            d.u.i.k.j.r.KeYCrossReferenceNameInfo Datatype java.io.PrintStream declared twice: Once in FILE:/home/runner/work/key/key/key.core/../key.ui/examples/standard_key/staticInitialisation/classpath/PrintStream.java and once in URL:file:/home/runner/work/key/key/key.core/build/resources/main/de/uka/ilkd/key/java/JavaRedux/java/io/PrintStream.java, Keeping one from URL:file:/home/runner/work/key/key/key.core/build/resources/main/de/uka/ilkd/key/java/JavaRedux/java/io/PrintStream.java 
540014     WARN  main            d.u.i.k.j.r.KeYCrossReferenceNameInfo Datatype java.lang.System declared twice: Once in FILE:/home/runner/work/key/key/key.core/../key.ui/examples/standard_key/staticInitialisation/classpath/System.java and once in URL:file:/home/runner/work/key/key/key.core/build/resources/main/de/uka/ilkd/key/java/JavaRedux/java/lang/System.java, Keeping one from URL:file:/home/runner/work/key/key/key.core/build/resources/main/de/uka/ilkd/key/java/JavaRedux/java/lang/System.java 
542274     DEBUG main            d.u.i.k.p.i.AbstractProblemLoader Init config took 2.28s 
542286     INFO  main            d.u.i.k.p.i.AbstractProblemLoader Replaying proof erroneousClassImpliesErroneousSubclass.key.proof 
542289     DEBUG main            d.u.i.k.p.i.IntermediateProofReplayer Proof replay took 745ns 
542290     DEBUG main            d.u.i.k.p.r.p.TestFile    ... success: reloaded. 
542291     INFO  main            d.u.i.k.p.r.p.TestFile    Now processing file /home/runner/work/key/key/key.core/../key.ui/examples/standard_key/staticInitialisation/initializedSubclassImpliesInitializedSuperclass.key 
542291     INFO  main            d.u.i.k.p.i.AbstractProblemLoader Loading environment from /home/runner/work/key/key/key.core/../key.ui/examples/standard_key/staticInitialisation/initializedSubclassImpliesInitializedSuperclass.key 
542291     DEBUG main            d.u.i.k.p.i.AbstractProblemLoader Environment load took 80.8ns 
542292     INFO  main            d.u.i.k.p.i.AbstractProblemLoader Creating init config 
542312     WARN  main            d.u.i.k.j.r.KeYCrossReferenceNameInfo Datatype java.io.PrintStream declared twice: Once in FILE:/home/runner/work/key/key/key.core/../key.ui/examples/standard_key/staticInitialisation/classpath/PrintStream.java and once in URL:file:/home/runner/work/key/key/key.core/build/resources/main/de/uka/ilkd/key/java/JavaRedux/java/io/PrintStream.java, Keeping one from URL:file:/home/runner/work/key/key/key.core/build/resources/main/de/uka/ilkd/key/java/JavaRedux/java/io/PrintStream.java 
542312     WARN  main            d.u.i.k.j.r.KeYCrossReferenceNameInfo Datatype java.lang.System declared twice: Once in FILE:/home/runner/work/key/key/key.core/../key.ui/examples/standard_key/staticInitialisation/classpath/System.java and once in URL:file:/home/runner/work/key/key/key.core/build/resources/main/de/uka/ilkd/key/java/JavaRedux/java/lang/System.java, Keeping one from URL:file:/home/runner/work/key/key/key.core/build/resources/main/de/uka/ilkd/key/java/JavaRedux/java/lang/System.java 
544613     DEBUG main            d.u.i.k.p.i.AbstractProblemLoader Init config took 2.32s 
544626     INFO  main            d.u.i.k.p.i.AbstractProblemLoader Replaying proof initializedSubclassImpliesInitializedSuperclass.key 
544627     DEBUG main            d.u.i.k.p.i.IntermediateProofReplayer Proof replay took 3.1ns 
544728     INFO  main            d.u.i.k.p.r.p.TestFile    ... finished proof: closed. 
545299     INFO  main            d.u.i.k.p.i.AbstractProblemLoader Loading environment from /home/runner/work/key/key/key.core/../key.ui/examples/standard_key/staticInitialisation/initializedSubclassImpliesInitializedSuperclass.key.proof 
545299     DEBUG main            d.u.i.k.p.i.AbstractProblemLoader Environment load took 71.8ns 
545300     INFO  main            d.u.i.k.p.i.AbstractProblemLoader Creating init config 
545321     WARN  main            d.u.i.k.j.r.KeYCrossReferenceNameInfo Datatype java.io.PrintStream declared twice: Once in FILE:/home/runner/work/key/key/key.core/../key.ui/examples/standard_key/staticInitialisation/classpath/PrintStream.java and once in URL:file:/home/runner/work/key/key/key.core/build/resources/main/de/uka/ilkd/key/java/JavaRedux/java/io/PrintStream.java, Keeping one from URL:file:/home/runner/work/key/key/key.core/build/resources/main/de/uka/ilkd/key/java/JavaRedux/java/io/PrintStream.java 
545321     WARN  main            d.u.i.k.j.r.KeYCrossReferenceNameInfo Datatype java.lang.System declared twice: Once in FILE:/home/runner/work/key/key/key.core/../key.ui/examples/standard_key/staticInitialisation/classpath/System.java and once in URL:file:/home/runner/work/key/key/key.core/build/resources/main/de/uka/ilkd/key/java/JavaRedux/java/lang/System.java, Keeping one from URL:file:/home/runner/work/key/key/key.core/build/resources/main/de/uka/ilkd/key/java/JavaRedux/java/lang/System.java 
547755     DEBUG main            d.u.i.k.p.i.AbstractProblemLoader Init config took 2.45s 
547767     INFO  main            d.u.i.k.p.i.AbstractProblemLoader Replaying proof initializedSubclassImpliesInitializedSuperclass.key.proof 
547769     DEBUG main            d.u.i.k.p.i.IntermediateProofReplayer Proof replay took 433ns 
547770     DEBUG main            d.u.i.k.p.r.p.TestFile    ... success: reloaded. 
547771     INFO  main            d.u.i.k.p.r.p.TestFile    Now processing file /home/runner/work/key/key/key.core/../key.ui/examples/standard_key/staticInitialisation/localDeclared.key 
547771     INFO  main            d.u.i.k.p.i.AbstractProblemLoader Loading environment from /home/runner/work/key/key/key.core/../key.ui/examples/standard_key/staticInitialisation/localDeclared.key 
547771     DEBUG main            d.u.i.k.p.i.AbstractProblemLoader Environment load took 54ns 
547773     INFO  main            d.u.i.k.p.i.AbstractProblemLoader Creating init config 
547792     WARN  main            d.u.i.k.j.r.KeYCrossReferenceNameInfo Datatype java.io.PrintStream declared twice: Once in FILE:/home/runner/work/key/key/key.core/../key.ui/examples/standard_key/staticInitialisation/classpath/PrintStream.java and once in URL:file:/home/runner/work/key/key/key.core/build/resources/main/de/uka/ilkd/key/java/JavaRedux/java/io/PrintStream.java, Keeping one from URL:file:/home/runner/work/key/key/key.core/build/resources/main/de/uka/ilkd/key/java/JavaRedux/java/io/PrintStream.java 
547792     WARN  main            d.u.i.k.j.r.KeYCrossReferenceNameInfo Datatype java.lang.System declared twice: Once in FILE:/home/runner/work/key/key/key.core/../key.ui/examples/standard_key/staticInitialisation/classpath/System.java and once in URL:file:/home/runner/work/key/key/key.core/build/resources/main/de/uka/ilkd/key/java/JavaRedux/java/lang/System.java, Keeping one from URL:file:/home/runner/work/key/key/key.core/build/resources/main/de/uka/ilkd/key/java/JavaRedux/java/lang/System.java 
550145     DEBUG main            d.u.i.k.p.i.AbstractProblemLoader Init config took 2.37s 
550158     INFO  main            d.u.i.k.p.i.AbstractProblemLoader Replaying proof localDeclared.key 
550159     DEBUG main            d.u.i.k.p.i.IntermediateProofReplayer Proof replay took 39.3ns 
550462     INFO  main            d.u.i.k.p.r.p.TestFile    ... finished proof: closed. 
551016     INFO  main            d.u.i.k.p.i.AbstractProblemLoader Loading environment from /home/runner/work/key/key/key.core/../key.ui/examples/standard_key/staticInitialisation/localDeclared.key.proof 
551016     DEBUG main            d.u.i.k.p.i.AbstractProblemLoader Environment load took 82.9ns 
551017     INFO  main            d.u.i.k.p.i.AbstractProblemLoader Creating init config 
551037     WARN  main            d.u.i.k.j.r.KeYCrossReferenceNameInfo Datatype java.io.PrintStream declared twice: Once in FILE:/home/runner/work/key/key/key.core/../key.ui/examples/standard_key/staticInitialisation/classpath/PrintStream.java and once in URL:file:/home/runner/work/key/key/key.core/build/resources/main/de/uka/ilkd/key/java/JavaRedux/java/io/PrintStream.java, Keeping one from URL:file:/home/runner/work/key/key/key.core/build/resources/main/de/uka/ilkd/key/java/JavaRedux/java/io/PrintStream.java 
551037     WARN  main            d.u.i.k.j.r.KeYCrossReferenceNameInfo Datatype java.lang.System declared twice: Once in FILE:/home/runner/work/key/key/key.core/../key.ui/examples/standard_key/staticInitialisation/classpath/System.java and once in URL:file:/home/runner/work/key/key/key.core/build/resources/main/de/uka/ilkd/key/java/JavaRedux/java/lang/System.java, Keeping one from URL:file:/home/runner/work/key/key/key.core/build/resources/main/de/uka/ilkd/key/java/JavaRedux/java/lang/System.java 
553381     DEBUG main            d.u.i.k.p.i.AbstractProblemLoader Init config took 2.36s 
553395     INFO  main            d.u.i.k.p.i.AbstractProblemLoader Replaying proof localDeclared.key.proof 
553440     DEBUG main            d.u.i.k.p.i.IntermediateProofReplayer Proof replay took 43.1ms 
553441     DEBUG main            d.u.i.k.p.r.p.TestFile    ... success: reloaded. 
553442     INFO  main            d.u.i.k.p.r.p.TestFile    Now processing file /home/runner/work/key/key/key.core/../key.ui/examples/standard_key/staticInitialisation/localDeclaredMethod.key 
553442     INFO  main            d.u.i.k.p.i.AbstractProblemLoader Loading environment from /home/runner/work/key/key/key.core/../key.ui/examples/standard_key/staticInitialisation/localDeclaredMethod.key 
553442     DEBUG main            d.u.i.k.p.i.AbstractProblemLoader Environment load took 72.4ns 
553444     INFO  main            d.u.i.k.p.i.AbstractProblemLoader Creating init config 
553463     WARN  main            d.u.i.k.j.r.KeYCrossReferenceNameInfo Datatype java.io.PrintStream declared twice: Once in FILE:/home/runner/work/key/key/key.core/../key.ui/examples/standard_key/staticInitialisation/classpath/PrintStream.java and once in URL:file:/home/runner/work/key/key/key.core/build/resources/main/de/uka/ilkd/key/java/JavaRedux/java/io/PrintStream.java, Keeping one from URL:file:/home/runner/work/key/key/key.core/build/resources/main/de/uka/ilkd/key/java/JavaRedux/java/io/PrintStream.java 
553463     WARN  main            d.u.i.k.j.r.KeYCrossReferenceNameInfo Datatype java.lang.System declared twice: Once in FILE:/home/runner/work/key/key/key.core/../key.ui/examples/standard_key/staticInitialisation/classpath/System.java and once in URL:file:/home/runner/work/key/key/key.core/build/resources/main/de/uka/ilkd/key/java/JavaRedux/java/lang/System.java, Keeping one from URL:file:/home/runner/work/key/key/key.core/build/resources/main/de/uka/ilkd/key/java/JavaRedux/java/lang/System.java 
555761     DEBUG main            d.u.i.k.p.i.AbstractProblemLoader Init config took 2.32s 
555775     INFO  main            d.u.i.k.p.i.AbstractProblemLoader Replaying proof localDeclaredMethod.key 
555776     DEBUG main            d.u.i.k.p.i.IntermediateProofReplayer Proof replay took 2.6ns 
555979     INFO  main            d.u.i.k.p.r.p.TestFile    ... finished proof: closed. 
556560     INFO  main            d.u.i.k.p.i.AbstractProblemLoader Loading environment from /home/runner/work/key/key/key.core/../key.ui/examples/standard_key/staticInitialisation/localDeclaredMethod.key.proof 
556560     DEBUG main            d.u.i.k.p.i.AbstractProblemLoader Environment load took 77.7ns 
556561     INFO  main            d.u.i.k.p.i.AbstractProblemLoader Creating init config 
556584     WARN  main            d.u.i.k.j.r.KeYCrossReferenceNameInfo Datatype java.io.PrintStream declared twice: Once in FILE:/home/runner/work/key/key/key.core/../key.ui/examples/standard_key/staticInitialisation/classpath/PrintStream.java and once in URL:file:/home/runner/work/key/key/key.core/build/resources/main/de/uka/ilkd/key/java/JavaRedux/java/io/PrintStream.java, Keeping one from URL:file:/home/runner/work/key/key/key.core/build/resources/main/de/uka/ilkd/key/java/JavaRedux/java/io/PrintStream.java 
556584     WARN  main            d.u.i.k.j.r.KeYCrossReferenceNameInfo Datatype java.lang.System declared twice: Once in FILE:/home/runner/work/key/key/key.core/../key.ui/examples/standard_key/staticInitialisation/classpath/System.java and once in URL:file:/home/runner/work/key/key/key.core/build/resources/main/de/uka/ilkd/key/java/JavaRedux/java/lang/System.java, Keeping one from URL:file:/home/runner/work/key/key/key.core/build/resources/main/de/uka/ilkd/key/java/JavaRedux/java/lang/System.java 
558857     DEBUG main            d.u.i.k.p.i.AbstractProblemLoader Init config took 2.3s 
558870     INFO  main            d.u.i.k.p.i.AbstractProblemLoader Replaying proof localDeclaredMethod.key.proof 
558912     DEBUG main            d.u.i.k.p.i.IntermediateProofReplayer Proof replay took 40.11ms 
558913     DEBUG main            d.u.i.k.p.r.p.TestFile    ... success: reloaded. 
558914     INFO  main            d.u.i.k.p.r.p.TestFile    Now processing file /home/runner/work/key/key/key.core/../key.ui/examples/standard_key/staticInitialisation/objectOfErroneousClass.key 
558914     INFO  main            d.u.i.k.p.i.AbstractProblemLoader Loading environment from /home/runner/work/key/key/key.core/../key.ui/examples/standard_key/staticInitialisation/objectOfErroneousClass.key 
558914     DEBUG main            d.u.i.k.p.i.AbstractProblemLoader Environment load took 82.4ns 
558916     INFO  main            d.u.i.k.p.i.AbstractProblemLoader Creating init config 
558936     WARN  main            d.u.i.k.j.r.KeYCrossReferenceNameInfo Datatype java.io.PrintStream declared twice: Once in FILE:/home/runner/work/key/key/key.core/../key.ui/examples/standard_key/staticInitialisation/classpath/PrintStream.java and once in URL:file:/home/runner/work/key/key/key.core/build/resources/main/de/uka/ilkd/key/java/JavaRedux/java/io/PrintStream.java, Keeping one from URL:file:/home/runner/work/key/key/key.core/build/resources/main/de/uka/ilkd/key/java/JavaRedux/java/io/PrintStream.java 
558936     WARN  main            d.u.i.k.j.r.KeYCrossReferenceNameInfo Datatype java.lang.System declared twice: Once in FILE:/home/runner/work/key/key/key.core/../key.ui/examples/standard_key/staticInitialisation/classpath/System.java and once in URL:file:/home/runner/work/key/key/key.core/build/resources/main/de/uka/ilkd/key/java/JavaRedux/java/lang/System.java, Keeping one from URL:file:/home/runner/work/key/key/key.core/build/resources/main/de/uka/ilkd/key/java/JavaRedux/java/lang/System.java 
561208     DEBUG main            d.u.i.k.p.i.AbstractProblemLoader Init config took 2.29s 
561223     INFO  main            d.u.i.k.p.i.AbstractProblemLoader Replaying proof objectOfErroneousClass.key 
561226     DEBUG main            d.u.i.k.p.i.IntermediateProofReplayer Proof replay took 2.7ns 
572750     INFO  main            d.u.i.k.p.r.p.TestFile    ... finished proof: closed. 
573421     INFO  main            d.u.i.k.p.i.AbstractProblemLoader Loading environment from /home/runner/work/key/key/key.core/../key.ui/examples/standard_key/staticInitialisation/objectOfErroneousClass.key.proof 
573421     DEBUG main            d.u.i.k.p.i.AbstractProblemLoader Environment load took 75.2ns 
573424     INFO  main            d.u.i.k.p.i.AbstractProblemLoader Creating init config 
573443     WARN  main            d.u.i.k.j.r.KeYCrossReferenceNameInfo Datatype java.io.PrintStream declared twice: Once in FILE:/home/runner/work/key/key/key.core/../key.ui/examples/standard_key/staticInitialisation/classpath/PrintStream.java and once in URL:file:/home/runner/work/key/key/key.core/build/resources/main/de/uka/ilkd/key/java/JavaRedux/java/io/PrintStream.java, Keeping one from URL:file:/home/runner/work/key/key/key.core/build/resources/main/de/uka/ilkd/key/java/JavaRedux/java/io/PrintStream.java 
573444     WARN  main            d.u.i.k.j.r.KeYCrossReferenceNameInfo Datatype java.lang.System declared twice: Once in FILE:/home/runner/work/key/key/key.core/../key.ui/examples/standard_key/staticInitialisation/classpath/System.java and once in URL:file:/home/runner/work/key/key/key.core/build/resources/main/de/uka/ilkd/key/java/JavaRedux/java/lang/System.java, Keeping one from URL:file:/home/runner/work/key/key/key.core/build/resources/main/de/uka/ilkd/key/java/JavaRedux/java/lang/System.java 
575708     DEBUG main            d.u.i.k.p.i.AbstractProblemLoader Init config took 2.28s 
575724     INFO  main            d.u.i.k.p.i.AbstractProblemLoader Replaying proof objectOfErroneousClass.key.proof 
577123     DEBUG main            d.u.i.k.p.i.IntermediateProofReplayer Proof replay took 1.37s 
577126     DEBUG main            d.u.i.k.p.r.p.TestFile    ... success: reloaded. 
577127     INFO  main            d.u.i.k.p.r.p.TestFile    Now processing file /home/runner/work/key/key/key.core/../key.ui/examples/standard_key/staticInitialisation/staticInitialisersAreNonSimple.key 
577128     INFO  main            d.u.i.k.p.i.AbstractProblemLoader Loading environment from /home/runner/work/key/key/key.core/../key.ui/examples/standard_key/staticInitialisation/staticInitialisersAreNonSimple.key 
577128     DEBUG main            d.u.i.k.p.i.AbstractProblemLoader Environment load took 160.5ns 
577130     INFO  main            d.u.i.k.p.i.AbstractProblemLoader Creating init config 
577149     WARN  main            d.u.i.k.j.r.KeYCrossReferenceNameInfo Datatype java.io.PrintStream declared twice: Once in FILE:/home/runner/work/key/key/key.core/../key.ui/examples/standard_key/staticInitialisation/classpath/PrintStream.java and once in URL:file:/home/runner/work/key/key/key.core/build/resources/main/de/uka/ilkd/key/java/JavaRedux/java/io/PrintStream.java, Keeping one from URL:file:/home/runner/work/key/key/key.core/build/resources/main/de/uka/ilkd/key/java/JavaRedux/java/io/PrintStream.java 
577149     WARN  main            d.u.i.k.j.r.KeYCrossReferenceNameInfo Datatype java.lang.System declared twice: Once in FILE:/home/runner/work/key/key/key.core/../key.ui/examples/standard_key/staticInitialisation/classpath/System.java and once in URL:file:/home/runner/work/key/key/key.core/build/resources/main/de/uka/ilkd/key/java/JavaRedux/java/lang/System.java, Keeping one from URL:file:/home/runner/work/key/key/key.core/build/resources/main/de/uka/ilkd/key/java/JavaRedux/java/lang/System.java 
579514     DEBUG main            d.u.i.k.p.i.AbstractProblemLoader Init config took 2.38s 
579527     INFO  main            d.u.i.k.p.i.AbstractProblemLoader Replaying proof staticInitialisersAreNonSimple.key 
579528     DEBUG main            d.u.i.k.p.i.IntermediateProofReplayer Proof replay took 2.7ns 
579832     INFO  main            d.u.i.k.p.r.p.TestFile    ... finished proof: closed. 
580491     INFO  main            d.u.i.k.p.i.AbstractProblemLoader Loading environment from /home/runner/work/key/key/key.core/../key.ui/examples/standard_key/staticInitialisation/staticInitialisersAreNonSimple.key.proof 
580491     DEBUG main            d.u.i.k.p.i.AbstractProblemLoader Environment load took 70.2ns 
580492     INFO  main            d.u.i.k.p.i.AbstractProblemLoader Creating init config 
580512     WARN  main            d.u.i.k.j.r.KeYCrossReferenceNameInfo Datatype java.io.PrintStream declared twice: Once in FILE:/home/runner/work/key/key/key.core/../key.ui/examples/standard_key/staticInitialisation/classpath/PrintStream.java and once in URL:file:/home/runner/work/key/key/key.core/build/resources/main/de/uka/ilkd/key/java/JavaRedux/java/io/PrintStream.java, Keeping one from URL:file:/home/runner/work/key/key/key.core/build/resources/main/de/uka/ilkd/key/java/JavaRedux/java/io/PrintStream.java 
580512     WARN  main            d.u.i.k.j.r.KeYCrossReferenceNameInfo Datatype java.lang.System declared twice: Once in FILE:/home/runner/work/key/key/key.core/../key.ui/examples/standard_key/staticInitialisation/classpath/System.java and once in URL:file:/home/runner/work/key/key/key.core/build/resources/main/de/uka/ilkd/key/java/JavaRedux/java/lang/System.java, Keeping one from URL:file:/home/runner/work/key/key/key.core/build/resources/main/de/uka/ilkd/key/java/JavaRedux/java/lang/System.java 
582785     DEBUG main            d.u.i.k.p.i.AbstractProblemLoader Init config took 2.29s 
582799     INFO  main            d.u.i.k.p.i.AbstractProblemLoader Replaying proof staticInitialisersAreNonSimple.key.proof 
582860     DEBUG main            d.u.i.k.p.i.IntermediateProofReplayer Proof replay took 59.42ms 
582862     DEBUG main            d.u.i.k.p.r.p.TestFile    ... success: reloaded. 
582862     INFO  main            d.u.i.k.p.r.p.TestFile    Now processing file /home/runner/work/key/key/key.core/../key.ui/examples/standard_key/types/disjoint.key 
582863     INFO  main            d.u.i.k.p.i.AbstractProblemLoader Loading environment from /home/runner/work/key/key/key.core/../key.ui/examples/standard_key/types/disjoint.key 
582863     DEBUG main            d.u.i.k.p.i.AbstractProblemLoader Environment load took 51ns 
582863     INFO  main            d.u.i.k.p.i.AbstractProblemLoader Creating init config 
585138     DEBUG main            d.u.i.k.p.i.AbstractProblemLoader Init config took 2.27s 
585151     INFO  main            d.u.i.k.p.i.AbstractProblemLoader Replaying proof disjoint.key 
585152     DEBUG main            d.u.i.k.p.i.IntermediateProofReplayer Proof replay took 3.1ns 
585253     INFO  main            d.u.i.k.p.r.p.TestFile    ... finished proof: closed. 
585818     INFO  main            d.u.i.k.p.i.AbstractProblemLoader Loading environment from /home/runner/work/key/key/key.core/../key.ui/examples/standard_key/types/disjoint.key.proof 
585818     DEBUG main            d.u.i.k.p.i.AbstractProblemLoader Environment load took 96.5ns 
585819     INFO  main            d.u.i.k.p.i.AbstractProblemLoader Creating init config 
588040     DEBUG main            d.u.i.k.p.i.AbstractProblemLoader Init config took 2.22s 
588053     INFO  main            d.u.i.k.p.i.AbstractProblemLoader Replaying proof disjoint.key.proof 
588055     DEBUG main            d.u.i.k.p.i.IntermediateProofReplayer Proof replay took 279.2ns 
588056     DEBUG main            d.u.i.k.p.r.p.TestFile    ... success: reloaded. 
588056     INFO  main            d.u.i.k.p.r.p.TestFile    Now processing file /home/runner/work/key/key/key.core/../key.ui/examples/../../key.core/src/test/resources/testcase/classpath/classpath.key 
588056     INFO  main            d.u.i.k.p.i.AbstractProblemLoader Loading environment from /home/runner/work/key/key/key.core/../key.ui/examples/../../key.core/src/test/resources/testcase/classpath/classpath.key 
588056     DEBUG main            d.u.i.k.p.i.AbstractProblemLoader Environment load took 182.4ns 
588057     INFO  main            d.u.i.k.p.i.AbstractProblemLoader Creating init config 
588080     WARN  main            d.u.i.k.j.r.KeYCrossReferenceNameInfo Datatype cp.C declared twice: Once in FILE:/home/runner/work/key/key/key.core/../key.ui/examples/../../key.core/src/test/resources/testcase/classpath/classpath/C.class and once in FILE:/home/runner/work/key/key/key.core/../key.ui/examples/../../key.core/src/test/resources/testcase/classpath/classpath/C.jml, Keeping one from FILE:/home/runner/work/key/key/key.core/../key.ui/examples/../../key.core/src/test/resources/testcase/classpath/classpath/C.jml 
588083     DEBUG main            d.u.i.k.j.r.ClassFileDeclarationBuilder Parsing: package cp; public class Unresolved1 { } 
588083     DEBUG main            r.s.KeYCrossReferenceSourceInfo Dynamically created class: cp.Unresolved1 
588083     DEBUG main            d.u.i.k.j.r.ClassFileDeclarationBuilder Parsing: package cp; public class Unresolved2 { } 
588083     DEBUG main            r.s.KeYCrossReferenceSourceInfo Dynamically created class: cp.Unresolved2 
590491     DEBUG main            d.u.i.k.p.i.AbstractProblemLoader Init config took 2.43s 
590505     INFO  main            d.u.i.k.p.i.AbstractProblemLoader Replaying proof classpath.key 
590506     DEBUG main            d.u.i.k.p.i.IntermediateProofReplayer Proof replay took 2.8ns 
590608     INFO  main            d.u.i.k.p.r.p.TestFile    ... finished proof: closed. 
591192     INFO  main            d.u.i.k.p.i.AbstractProblemLoader Loading environment from /home/runner/work/key/key/key.core/../key.ui/examples/../../key.core/src/test/resources/testcase/classpath/classpath.key.proof 
591192     DEBUG main            d.u.i.k.p.i.AbstractProblemLoader Environment load took 73.9ns 
591193     INFO  main            d.u.i.k.p.i.AbstractProblemLoader Creating init config 
591224     WARN  main            d.u.i.k.j.r.KeYCrossReferenceNameInfo Datatype cp.C declared twice: Once in FILE:/home/runner/work/key/key/key.core/../key.ui/examples/../../key.core/src/test/resources/testcase/classpath/classpath/C.class and once in FILE:/home/runner/work/key/key/key.core/../key.ui/examples/../../key.core/src/test/resources/testcase/classpath/classpath/C.jml, Keeping one from FILE:/home/runner/work/key/key/key.core/../key.ui/examples/../../key.core/src/test/resources/testcase/classpath/classpath/C.jml 
591234     DEBUG main            d.u.i.k.j.r.ClassFileDeclarationBuilder Parsing: package cp; public class Unresolved1 { } 
591234     DEBUG main            r.s.KeYCrossReferenceSourceInfo Dynamically created class: cp.Unresolved1 
591234     DEBUG main            d.u.i.k.j.r.ClassFileDeclarationBuilder Parsing: package cp; public class Unresolved2 { } 
591234     DEBUG main            r.s.KeYCrossReferenceSourceInfo Dynamically created class: cp.Unresolved2 
593553     DEBUG main            d.u.i.k.p.i.AbstractProblemLoader Init config took 2.36s 
593568     INFO  main            d.u.i.k.p.i.AbstractProblemLoader Replaying proof classpath.key.proof 
593570     DEBUG main            d.u.i.k.p.i.IntermediateProofReplayer Proof replay took 472.9ns 
593571     DEBUG main            d.u.i.k.p.r.p.TestFile    ... success: reloaded. 
593572     INFO  main            d.u.i.k.p.r.p.TestFile    Now processing file /home/runner/work/key/key/key.core/../key.ui/examples/heap/inconsistent_represents/MyClass_m.key 
593572     INFO  main            d.u.i.k.p.i.AbstractProblemLoader Loading environment from /home/runner/work/key/key/key.core/../key.ui/examples/heap/inconsistent_represents/MyClass_m.key 
593572     DEBUG main            d.u.i.k.p.i.AbstractProblemLoader Environment load took 50.3ns 
593573     INFO  main            d.u.i.k.p.i.AbstractProblemLoader Creating init config 
595963     DEBUG main            d.u.i.k.p.i.AbstractProblemLoader Init config took 2.39s 
595997     INFO  main            d.u.i.k.p.i.AbstractProblemLoader Replaying proof MyClass[MyClass::m()].JML operation contract.0 
595998     DEBUG main            d.u.i.k.p.i.IntermediateProofReplayer Proof replay took 2.6ns 
596100     INFO  main            d.u.i.k.p.r.p.TestFile    ... finished proof: open goal(s) 
596689     INFO  main            d.u.i.k.p.r.p.TestFile    Now processing file /home/runner/work/key/key/key.core/../key.ui/examples/heap/inconsistent_represents/MyClass_n.key 
596689     INFO  main            d.u.i.k.p.i.AbstractProblemLoader Loading environment from /home/runner/work/key/key/key.core/../key.ui/examples/heap/inconsistent_represents/MyClass_n.key 
596689     DEBUG main            d.u.i.k.p.i.AbstractProblemLoader Environment load took 53.3ns 
596690     INFO  main            d.u.i.k.p.i.AbstractProblemLoader Creating init config 
598991     DEBUG main            d.u.i.k.p.i.AbstractProblemLoader Init config took 2.3s 
599025     INFO  main            d.u.i.k.p.i.AbstractProblemLoader Replaying proof MyClass[MyClass::n()].JML operation contract.0 
599026     DEBUG main            d.u.i.k.p.i.IntermediateProofReplayer Proof replay took 3.5ns 
599128     INFO  main            d.u.i.k.p.r.p.TestFile    ... finished proof: open goal(s) 
3466927    INFO  Test worker     d.u.i.k.p.r.RunAllProofsTestUnit Returning from test javadl 
3466932    INFO  Test worker     d.u.i.k.p.r.RunAllProofsTestUnit Running test FOL 
352        INFO  Timeout watchdog d.u.i.k.p.r.p.ForkedTestFileRunner Timeout watcher launched (2000 secs.) 
358        WARN  main            d.u.i.k.s.ProofSettings   The settings in /home/runner/.key/proof-settings.props are *not* read. 
387        INFO  main            d.u.i.k.p.r.p.TestFile    Now processing file /home/runner/work/key/key/key.core/../key.ui/examples/standard_key/pred_log/count.key 
512        INFO  main            d.u.i.k.p.i.AbstractProblemLoader Loading environment from /home/runner/work/key/key/key.core/../key.ui/examples/standard_key/pred_log/count.key 
530        DEBUG main            d.u.i.k.p.i.AbstractProblemLoader Environment load took 1.97ms 
787        INFO  main            d.u.i.k.p.i.AbstractProblemLoader Creating init config 
1749       DEBUG main            d.u.i.k.j.TypeConverter   No LDT found for Meta 
1750       DEBUG main            d.u.i.k.j.TypeConverter   No LDT found for Meta 
1753       DEBUG main            d.u.i.k.j.TypeConverter   No LDT found for Meta 
1753       DEBUG main            d.u.i.k.j.TypeConverter   No LDT found for Meta 
3108       DEBUG main            d.u.i.k.j.TypeConverter   No LDT found for JavaBigintExpression 
7985       DEBUG main            d.u.i.k.p.i.AbstractProblemLoader Init config took 7.2s 
8050       INFO  main            d.u.i.k.p.i.AbstractProblemLoader Replaying proof count.key 
8088       DEBUG main            d.u.i.k.p.i.IntermediateProofReplayer Proof replay took 31.3ns 
8242       INFO  main            d.u.i.k.p.r.p.TestFile    ... finished proof: closed. 
8342       INFO  main            d.u.i.k.p.i.AbstractProblemLoader Loading environment from /home/runner/work/key/key/key.core/../key.ui/examples/standard_key/pred_log/count.key.proof 
8342       DEBUG main            d.u.i.k.p.i.AbstractProblemLoader Environment load took 414.1ns 
8349       INFO  main            d.u.i.k.p.i.AbstractProblemLoader Creating init config 
11286      DEBUG main            d.u.i.k.p.i.AbstractProblemLoader Init config took 2.94s 
11338      INFO  main            d.u.i.k.p.i.AbstractProblemLoader Replaying proof count.key.proof 
11360      DEBUG main            d.u.i.k.p.i.IntermediateProofReplayer Proof replay took 11.94ms 
11379      DEBUG main            d.u.i.k.p.r.p.TestFile    ... success: reloaded. 
11380      INFO  main            d.u.i.k.p.r.p.TestFile    Now processing file /home/runner/work/key/key/key.core/../key.ui/examples/standard_key/pred_log/count2.key 
11380      INFO  main            d.u.i.k.p.i.AbstractProblemLoader Loading environment from /home/runner/work/key/key/key.core/../key.ui/examples/standard_key/pred_log/count2.key 
11381      DEBUG main            d.u.i.k.p.i.AbstractProblemLoader Environment load took 125.5ns 
11385      INFO  main            d.u.i.k.p.i.AbstractProblemLoader Creating init config 
14204      DEBUG main            d.u.i.k.p.i.AbstractProblemLoader Init config took 2.82s 
14236      INFO  main            d.u.i.k.p.i.AbstractProblemLoader Replaying proof count2.key 
14238      DEBUG main            d.u.i.k.p.i.IntermediateProofReplayer Proof replay took 5.9ns 
14341      INFO  main            d.u.i.k.p.r.p.TestFile    ... finished proof: closed. 
14472      INFO  main            d.u.i.k.p.i.AbstractProblemLoader Loading environment from /home/runner/work/key/key/key.core/../key.ui/examples/standard_key/pred_log/count2.key.proof 
14472      DEBUG main            d.u.i.k.p.i.AbstractProblemLoader Environment load took 207.6ns 
14474      INFO  main            d.u.i.k.p.i.AbstractProblemLoader Creating init config 
17103      DEBUG main            d.u.i.k.p.i.AbstractProblemLoader Init config took 2.63s 
17126      INFO  main            d.u.i.k.p.i.AbstractProblemLoader Replaying proof count2.key.proof 
17131      DEBUG main            d.u.i.k.p.i.IntermediateProofReplayer Proof replay took 2.65ms 
17132      DEBUG main            d.u.i.k.p.r.p.TestFile    ... success: reloaded. 
17133      INFO  main            d.u.i.k.p.r.p.TestFile    Now processing file /home/runner/work/key/key/key.core/../key.ui/examples/standard_key/pred_log/count3.key 
17133      INFO  main            d.u.i.k.p.i.AbstractProblemLoader Loading environment from /home/runner/work/key/key/key.core/../key.ui/examples/standard_key/pred_log/count3.key 
17133      DEBUG main            d.u.i.k.p.i.AbstractProblemLoader Environment load took 194.9ns 
17135      INFO  main            d.u.i.k.p.i.AbstractProblemLoader Creating init config 
19664      DEBUG main            d.u.i.k.p.i.AbstractProblemLoader Init config took 2.53s 
19686      INFO  main            d.u.i.k.p.i.AbstractProblemLoader Replaying proof count3.key 
19688      DEBUG main            d.u.i.k.p.i.IntermediateProofReplayer Proof replay took 5.7ns 
19792      INFO  main            d.u.i.k.p.r.p.TestFile    ... finished proof: closed. 
19924      INFO  main            d.u.i.k.p.i.AbstractProblemLoader Loading environment from /home/runner/work/key/key/key.core/../key.ui/examples/standard_key/pred_log/count3.key.proof 
19924      DEBUG main            d.u.i.k.p.i.AbstractProblemLoader Environment load took 155.2ns 
19926      INFO  main            d.u.i.k.p.i.AbstractProblemLoader Creating init config 
22501      DEBUG main            d.u.i.k.p.i.AbstractProblemLoader Init config took 2.58s 
22526      INFO  main            d.u.i.k.p.i.AbstractProblemLoader Replaying proof count3.key.proof 
22535      DEBUG main            d.u.i.k.p.i.IntermediateProofReplayer Proof replay took 3.95ms 
22536      DEBUG main            d.u.i.k.p.r.p.TestFile    ... success: reloaded. 
22539      INFO  main            d.u.i.k.p.r.p.TestFile    Now processing file /home/runner/work/key/key/key.core/../key.ui/examples/standard_key/pred_log/equalities.key 
22539      INFO  main            d.u.i.k.p.i.AbstractProblemLoader Loading environment from /home/runner/work/key/key/key.core/../key.ui/examples/standard_key/pred_log/equalities.key 
22541      DEBUG main            d.u.i.k.p.i.AbstractProblemLoader Environment load took 1.81ms 
22543      INFO  main            d.u.i.k.p.i.AbstractProblemLoader Creating init config 
25195      DEBUG main            d.u.i.k.p.i.AbstractProblemLoader Init config took 2.65s 
25232      INFO  main            d.u.i.k.p.i.AbstractProblemLoader Replaying proof equalities.key 
25234      DEBUG main            d.u.i.k.p.i.IntermediateProofReplayer Proof replay took 23.7ns 
25340      INFO  main            d.u.i.k.p.r.p.TestFile    ... finished proof: closed. 
25475      INFO  main            d.u.i.k.p.i.AbstractProblemLoader Loading environment from /home/runner/work/key/key/key.core/../key.ui/examples/standard_key/pred_log/equalities.key.proof 
25475      DEBUG main            d.u.i.k.p.i.AbstractProblemLoader Environment load took 138.6ns 
25476      INFO  main            d.u.i.k.p.i.AbstractProblemLoader Creating init config 
27997      DEBUG main            d.u.i.k.p.i.AbstractProblemLoader Init config took 2.52s 
28015      INFO  main            d.u.i.k.p.i.AbstractProblemLoader Replaying proof equalities.key.proof 
28018      DEBUG main            d.u.i.k.p.i.IntermediateProofReplayer Proof replay took 1.35ms 
28019      DEBUG main            d.u.i.k.p.r.p.TestFile    ... success: reloaded. 
28020      INFO  main            d.u.i.k.p.r.p.TestFile    Now processing file /home/runner/work/key/key/key.core/../key.ui/examples/standard_key/pred_log/equalities2.key 
28020      INFO  main            d.u.i.k.p.i.AbstractProblemLoader Loading environment from /home/runner/work/key/key/key.core/../key.ui/examples/standard_key/pred_log/equalities2.key 
28020      DEBUG main            d.u.i.k.p.i.AbstractProblemLoader Environment load took 171.7ns 
28021      INFO  main            d.u.i.k.p.i.AbstractProblemLoader Creating init config 
30600      DEBUG main            d.u.i.k.p.i.AbstractProblemLoader Init config took 2.58s 
30618      INFO  main            d.u.i.k.p.i.AbstractProblemLoader Replaying proof equalities2.key 
30620      DEBUG main            d.u.i.k.p.i.IntermediateProofReplayer Proof replay took 7ns 
30723      INFO  main            d.u.i.k.p.r.p.TestFile    ... finished proof: closed. 
30944      INFO  main            d.u.i.k.p.i.AbstractProblemLoader Loading environment from /home/runner/work/key/key/key.core/../key.ui/examples/standard_key/pred_log/equalities2.key.proof 
30945      DEBUG main            d.u.i.k.p.i.AbstractProblemLoader Environment load took 166.8ns 
30946      INFO  main            d.u.i.k.p.i.AbstractProblemLoader Creating init config 
33424      DEBUG main            d.u.i.k.p.i.AbstractProblemLoader Init config took 2.48s 
33443      INFO  main            d.u.i.k.p.i.AbstractProblemLoader Replaying proof equalities2.key.proof 
33457      DEBUG main            d.u.i.k.p.i.IntermediateProofReplayer Proof replay took 9.8ms 
33459      DEBUG main            d.u.i.k.p.r.p.TestFile    ... success: reloaded. 
33460      INFO  main            d.u.i.k.p.r.p.TestFile    Now processing file /home/runner/work/key/key/key.core/../key.ui/examples/standard_key/pred_log/equalities3.key 
33460      INFO  main            d.u.i.k.p.i.AbstractProblemLoader Loading environment from /home/runner/work/key/key/key.core/../key.ui/examples/standard_key/pred_log/equalities3.key 
33460      DEBUG main            d.u.i.k.p.i.AbstractProblemLoader Environment load took 184.3ns 
33461      INFO  main            d.u.i.k.p.i.AbstractProblemLoader Creating init config 
35938      DEBUG main            d.u.i.k.p.i.AbstractProblemLoader Init config took 2.48s 
35954      INFO  main            d.u.i.k.p.i.AbstractProblemLoader Replaying proof equalities3.key 
35956      DEBUG main            d.u.i.k.p.i.IntermediateProofReplayer Proof replay took 6.3ns 
36060      INFO  main            d.u.i.k.p.r.p.TestFile    ... finished proof: closed. 
36208      INFO  main            d.u.i.k.p.i.AbstractProblemLoader Loading environment from /home/runner/work/key/key/key.core/../key.ui/examples/standard_key/pred_log/equalities3.key.proof 
36209      DEBUG main            d.u.i.k.p.i.AbstractProblemLoader Environment load took 158.8ns 
36210      INFO  main            d.u.i.k.p.i.AbstractProblemLoader Creating init config 
38667      DEBUG main            d.u.i.k.p.i.AbstractProblemLoader Init config took 2.46s 
38683      INFO  main            d.u.i.k.p.i.AbstractProblemLoader Replaying proof equalities3.key.proof 
38691      DEBUG main            d.u.i.k.p.i.IntermediateProofReplayer Proof replay took 5.97ms 
38692      DEBUG main            d.u.i.k.p.r.p.TestFile    ... success: reloaded. 
38692      INFO  main            d.u.i.k.p.r.p.TestFile    Now processing file /home/runner/work/key/key/key.core/../key.ui/examples/standard_key/pred_log/functions.key 
38693      INFO  main            d.u.i.k.p.i.AbstractProblemLoader Loading environment from /home/runner/work/key/key/key.core/../key.ui/examples/standard_key/pred_log/functions.key 
38693      DEBUG main            d.u.i.k.p.i.AbstractProblemLoader Environment load took 198.9ns 
38694      INFO  main            d.u.i.k.p.i.AbstractProblemLoader Creating init config 
41178      DEBUG main            d.u.i.k.p.i.AbstractProblemLoader Init config took 2.48s 
41192      INFO  main            d.u.i.k.p.i.AbstractProblemLoader Replaying proof functions.key 
41193      DEBUG main            d.u.i.k.p.i.IntermediateProofReplayer Proof replay took 5.7ns 
41295      INFO  main            d.u.i.k.p.r.p.TestFile    ... finished proof: closed. 
41472      INFO  main            d.u.i.k.p.i.AbstractProblemLoader Loading environment from /home/runner/work/key/key/key.core/../key.ui/examples/standard_key/pred_log/functions.key.proof 
41472      DEBUG main            d.u.i.k.p.i.AbstractProblemLoader Environment load took 121ns 
41473      INFO  main            d.u.i.k.p.i.AbstractProblemLoader Creating init config 
43920      DEBUG main            d.u.i.k.p.i.AbstractProblemLoader Init config took 2.45s 
43935      INFO  main            d.u.i.k.p.i.AbstractProblemLoader Replaying proof functions.key.proof 
43939      DEBUG main            d.u.i.k.p.i.IntermediateProofReplayer Proof replay took 2.26ms 
43939      DEBUG main            d.u.i.k.p.r.p.TestFile    ... success: reloaded. 
43940      INFO  main            d.u.i.k.p.r.p.TestFile    Now processing file /home/runner/work/key/key/key.core/../key.ui/examples/standard_key/pred_log/mv1.key 
43940      INFO  main            d.u.i.k.p.i.AbstractProblemLoader Loading environment from /home/runner/work/key/key/key.core/../key.ui/examples/standard_key/pred_log/mv1.key 
43940      DEBUG main            d.u.i.k.p.i.AbstractProblemLoader Environment load took 91.1ns 
43941      INFO  main            d.u.i.k.p.i.AbstractProblemLoader Creating init config 
46544      DEBUG main            d.u.i.k.p.i.AbstractProblemLoader Init config took 2.6s 
46560      INFO  main            d.u.i.k.p.i.AbstractProblemLoader Replaying proof mv1.key 
46563      DEBUG main            d.u.i.k.p.i.IntermediateProofReplayer Proof replay took 7.6ns 
46665      INFO  main            d.u.i.k.p.r.p.TestFile    ... finished proof: closed. 
46828      INFO  main            d.u.i.k.p.i.AbstractProblemLoader Loading environment from /home/runner/work/key/key/key.core/../key.ui/examples/standard_key/pred_log/mv1.key.proof 
46828      DEBUG main            d.u.i.k.p.i.AbstractProblemLoader Environment load took 152.5ns 
46829      INFO  main            d.u.i.k.p.i.AbstractProblemLoader Creating init config 
49299      DEBUG main            d.u.i.k.p.i.AbstractProblemLoader Init config took 2.47s 
49314      INFO  main            d.u.i.k.p.i.AbstractProblemLoader Replaying proof mv1.key.proof 
49316      DEBUG main            d.u.i.k.p.i.IntermediateProofReplayer Proof replay took 834.9ns 
49317      DEBUG main            d.u.i.k.p.r.p.TestFile    ... success: reloaded. 
49318      INFO  main            d.u.i.k.p.r.p.TestFile    Now processing file /home/runner/work/key/key/key.core/../key.ui/examples/standard_key/pred_log/mv2.key 
49318      INFO  main            d.u.i.k.p.i.AbstractProblemLoader Loading environment from /home/runner/work/key/key/key.core/../key.ui/examples/standard_key/pred_log/mv2.key 
49318      DEBUG main            d.u.i.k.p.i.AbstractProblemLoader Environment load took 86.1ns 
49319      INFO  main            d.u.i.k.p.i.AbstractProblemLoader Creating init config 
51835      DEBUG main            d.u.i.k.p.i.AbstractProblemLoader Init config took 2.52s 
51849      INFO  main            d.u.i.k.p.i.AbstractProblemLoader Replaying proof mv2.key 
51850      DEBUG main            d.u.i.k.p.i.IntermediateProofReplayer Proof replay took 7.7ns 
51953      INFO  main            d.u.i.k.p.r.p.TestFile    ... finished proof: closed. 
52169      INFO  main            d.u.i.k.p.i.AbstractProblemLoader Loading environment from /home/runner/work/key/key/key.core/../key.ui/examples/standard_key/pred_log/mv2.key.proof 
52169      DEBUG main            d.u.i.k.p.i.AbstractProblemLoader Environment load took 128.3ns 
52172      INFO  main            d.u.i.k.p.i.AbstractProblemLoader Creating init config 
54569      DEBUG main            d.u.i.k.p.i.AbstractProblemLoader Init config took 2.4s 
54584      INFO  main            d.u.i.k.p.i.AbstractProblemLoader Replaying proof mv2.key.proof 
54587      DEBUG main            d.u.i.k.p.i.IntermediateProofReplayer Proof replay took 1.44ms 
54587      DEBUG main            d.u.i.k.p.r.p.TestFile    ... success: reloaded. 
54588      INFO  main            d.u.i.k.p.r.p.TestFile    Now processing file /home/runner/work/key/key/key.core/../key.ui/examples/standard_key/pred_log/quantifiers.key 
54588      INFO  main            d.u.i.k.p.i.AbstractProblemLoader Loading environment from /home/runner/work/key/key/key.core/../key.ui/examples/standard_key/pred_log/quantifiers.key 
54588      DEBUG main            d.u.i.k.p.i.AbstractProblemLoader Environment load took 101.9ns 
54589      INFO  main            d.u.i.k.p.i.AbstractProblemLoader Creating init config 
57042      DEBUG main            d.u.i.k.p.i.AbstractProblemLoader Init config took 2.45s 
57058      INFO  main            d.u.i.k.p.i.AbstractProblemLoader Replaying proof quantifiers.key 
57062      DEBUG main            d.u.i.k.p.i.IntermediateProofReplayer Proof replay took 7.1ns 
57164      INFO  main            d.u.i.k.p.r.p.TestFile    ... finished proof: closed. 
57339      INFO  main            d.u.i.k.p.i.AbstractProblemLoader Loading environment from /home/runner/work/key/key/key.core/../key.ui/examples/standard_key/pred_log/quantifiers.key.proof 
57340      DEBUG main            d.u.i.k.p.i.AbstractProblemLoader Environment load took 155ns 
57341      INFO  main            d.u.i.k.p.i.AbstractProblemLoader Creating init config 
59810      DEBUG main            d.u.i.k.p.i.AbstractProblemLoader Init config took 2.47s 
59824      INFO  main            d.u.i.k.p.i.AbstractProblemLoader Replaying proof quantifiers.key.proof 
59828      DEBUG main            d.u.i.k.p.i.IntermediateProofReplayer Proof replay took 1.86ms 
59829      DEBUG main            d.u.i.k.p.r.p.TestFile    ... success: reloaded. 
59829      INFO  main            d.u.i.k.p.r.p.TestFile    Now processing file /home/runner/work/key/key/key.core/../key.ui/examples/standard_key/pred_log/simpleEps.key 
59830      INFO  main            d.u.i.k.p.i.AbstractProblemLoader Loading environment from /home/runner/work/key/key/key.core/../key.ui/examples/standard_key/pred_log/simpleEps.key 
59830      DEBUG main            d.u.i.k.p.i.AbstractProblemLoader Environment load took 142.8ns 
59831      INFO  main            d.u.i.k.p.i.AbstractProblemLoader Creating init config 
62251      DEBUG main            d.u.i.k.p.i.AbstractProblemLoader Init config took 2.42s 
62281      INFO  main            d.u.i.k.p.i.AbstractProblemLoader Replaying proof simpleEps.key 
62283      DEBUG main            d.u.i.k.p.i.IntermediateProofReplayer Proof replay took 7.2ns 
62388      INFO  main            d.u.i.k.p.r.p.TestFile    ... finished proof: closed. 
62581      INFO  main            d.u.i.k.p.i.AbstractProblemLoader Loading environment from /home/runner/work/key/key/key.core/../key.ui/examples/standard_key/pred_log/simpleEps.key.proof 
62581      DEBUG main            d.u.i.k.p.i.AbstractProblemLoader Environment load took 117.3ns 
62582      INFO  main            d.u.i.k.p.i.AbstractProblemLoader Creating init config 
64983      DEBUG main            d.u.i.k.p.i.AbstractProblemLoader Init config took 2.4s 
64996      INFO  main            d.u.i.k.p.i.AbstractProblemLoader Replaying proof simpleEps.key.proof 
65000      DEBUG main            d.u.i.k.p.i.IntermediateProofReplayer Proof replay took 1.75ms 
65001      DEBUG main            d.u.i.k.p.r.p.TestFile    ... success: reloaded. 
65001      INFO  main            d.u.i.k.p.r.p.TestFile    Now processing file /home/runner/work/key/key/key.core/../key.ui/examples/standard_key/pred_log/steam1.key 
65001      INFO  main            d.u.i.k.p.i.AbstractProblemLoader Loading environment from /home/runner/work/key/key/key.core/../key.ui/examples/standard_key/pred_log/steam1.key 
65002      DEBUG main            d.u.i.k.p.i.AbstractProblemLoader Environment load took 98.7ns 
65003      INFO  main            d.u.i.k.p.i.AbstractProblemLoader Creating init config 
67469      DEBUG main            d.u.i.k.p.i.AbstractProblemLoader Init config took 2.47s 
67491      INFO  main            d.u.i.k.p.i.AbstractProblemLoader Replaying proof steam1.key 
67493      DEBUG main            d.u.i.k.p.i.IntermediateProofReplayer Proof replay took 6.4ns 
67799      INFO  main            d.u.i.k.p.r.p.TestFile    ... finished proof: closed. 
68002      INFO  main            d.u.i.k.p.i.AbstractProblemLoader Loading environment from /home/runner/work/key/key/key.core/../key.ui/examples/standard_key/pred_log/steam1.key.proof 
68010      DEBUG main            d.u.i.k.p.i.AbstractProblemLoader Environment load took 8.25ms 
68013      INFO  main            d.u.i.k.p.i.AbstractProblemLoader Creating init config 
70437      DEBUG main            d.u.i.k.p.i.AbstractProblemLoader Init config took 2.42s 
70458      INFO  main            d.u.i.k.p.i.AbstractProblemLoader Replaying proof steam1.key.proof 
70485      DEBUG main            d.u.i.k.p.i.IntermediateProofReplayer Proof replay took 23.86ms 
70487      DEBUG main            d.u.i.k.p.r.p.TestFile    ... success: reloaded. 
70488      INFO  main            d.u.i.k.p.r.p.TestFile    Now processing file /home/runner/work/key/key/key.core/../key.ui/examples/standard_key/pred_log/tptp/PUZ/PUZ001p1.key 
70488      INFO  main            d.u.i.k.p.i.AbstractProblemLoader Loading environment from /home/runner/work/key/key/key.core/../key.ui/examples/standard_key/pred_log/tptp/PUZ/PUZ001p1.key 
70488      DEBUG main            d.u.i.k.p.i.AbstractProblemLoader Environment load took 216.9ns 
70490      INFO  main            d.u.i.k.p.i.AbstractProblemLoader Creating init config 
72916      DEBUG main            d.u.i.k.p.i.AbstractProblemLoader Init config took 2.43s 
72933      INFO  main            d.u.i.k.p.i.AbstractProblemLoader Replaying proof PUZ001p1.key 
72934      DEBUG main            d.u.i.k.p.i.IntermediateProofReplayer Proof replay took 6.5ns 
75766      INFO  main            d.u.i.k.p.r.p.TestFile    ... finished proof: closed. 
75978      INFO  main            d.u.i.k.p.i.AbstractProblemLoader Loading environment from /home/runner/work/key/key/key.core/../key.ui/examples/standard_key/pred_log/tptp/PUZ/PUZ001p1.key.proof 
75979      DEBUG main            d.u.i.k.p.i.AbstractProblemLoader Environment load took 976.6ns 
75982      INFO  main            d.u.i.k.p.i.AbstractProblemLoader Creating init config 
78368      DEBUG main            d.u.i.k.p.i.AbstractProblemLoader Init config took 2.39s 
78383      INFO  main            d.u.i.k.p.i.AbstractProblemLoader Replaying proof PUZ001p1.key.proof 
78509      DEBUG main            d.u.i.k.p.i.IntermediateProofReplayer Proof replay took 117.14ms 
78511      DEBUG main            d.u.i.k.p.r.p.TestFile    ... success: reloaded. 
78512      INFO  main            d.u.i.k.p.r.p.TestFile    Now processing file /home/runner/work/key/key/key.core/../key.ui/examples/standard_key/pred_log/tptp/PUZ/PUZ001p1-eq.key 
78512      INFO  main            d.u.i.k.p.i.AbstractProblemLoader Loading environment from /home/runner/work/key/key/key.core/../key.ui/examples/standard_key/pred_log/tptp/PUZ/PUZ001p1-eq.key 
78512      DEBUG main            d.u.i.k.p.i.AbstractProblemLoader Environment load took 101.6ns 
78513      INFO  main            d.u.i.k.p.i.AbstractProblemLoader Creating init config 
80908      DEBUG main            d.u.i.k.p.i.AbstractProblemLoader Init config took 2.4s 
80922      INFO  main            d.u.i.k.p.i.AbstractProblemLoader Replaying proof PUZ001p1-eq.key 
80924      DEBUG main            d.u.i.k.p.i.IntermediateProofReplayer Proof replay took 6.5ns 
81028      INFO  main            d.u.i.k.p.r.p.TestFile    ... finished proof: closed. 
81266      INFO  main            d.u.i.k.p.i.AbstractProblemLoader Loading environment from /home/runner/work/key/key/key.core/../key.ui/examples/standard_key/pred_log/tptp/PUZ/PUZ001p1-eq.key.proof 
81267      DEBUG main            d.u.i.k.p.i.AbstractProblemLoader Environment load took 163.8ns 
81268      INFO  main            d.u.i.k.p.i.AbstractProblemLoader Creating init config 
83675      DEBUG main            d.u.i.k.p.i.AbstractProblemLoader Init config took 2.41s 
83689      INFO  main            d.u.i.k.p.i.AbstractProblemLoader Replaying proof PUZ001p1-eq.key.proof 
83701      DEBUG main            d.u.i.k.p.i.IntermediateProofReplayer Proof replay took 9.74ms 
83702      DEBUG main            d.u.i.k.p.r.p.TestFile    ... success: reloaded. 
83703      INFO  main            d.u.i.k.p.r.p.TestFile    Now processing file /home/runner/work/key/key/key.core/../key.ui/examples/standard_key/pred_log/tptp/PUZ/PUZ031p1.key 
83703      INFO  main            d.u.i.k.p.i.AbstractProblemLoader Loading environment from /home/runner/work/key/key/key.core/../key.ui/examples/standard_key/pred_log/tptp/PUZ/PUZ031p1.key 
83703      DEBUG main            d.u.i.k.p.i.AbstractProblemLoader Environment load took 166ns 
83705      INFO  main            d.u.i.k.p.i.AbstractProblemLoader Creating init config 
86069      DEBUG main            d.u.i.k.p.i.AbstractProblemLoader Init config took 2.36s 
86083      INFO  main            d.u.i.k.p.i.AbstractProblemLoader Replaying proof PUZ031p1.key 
86084      DEBUG main            d.u.i.k.p.i.IntermediateProofReplayer Proof replay took 6.8ns 
94025      INFO  main            d.u.i.k.p.r.p.TestFile    ... finished proof: closed. 
94245      INFO  main            d.u.i.k.p.i.AbstractProblemLoader Loading environment from /home/runner/work/key/key/key.core/../key.ui/examples/standard_key/pred_log/tptp/PUZ/PUZ031p1.key.proof 
94245      DEBUG main            d.u.i.k.p.i.AbstractProblemLoader Environment load took 364.3ns 
94247      INFO  main            d.u.i.k.p.i.AbstractProblemLoader Creating init config 
96599      DEBUG main            d.u.i.k.p.i.AbstractProblemLoader Init config took 2.35s 
96615      INFO  main            d.u.i.k.p.i.AbstractProblemLoader Replaying proof PUZ031p1.key.proof 
96681      DEBUG main            d.u.i.k.p.i.IntermediateProofReplayer Proof replay took 61.15ms 
96682      DEBUG main            d.u.i.k.p.r.p.TestFile    ... success: reloaded. 
96683      INFO  main            d.u.i.k.p.r.p.TestFile    Now processing file /home/runner/work/key/key/key.core/../key.ui/examples/standard_key/pred_log/tptp/SET/SET027p3.key 
96683      INFO  main            d.u.i.k.p.i.AbstractProblemLoader Loading environment from /home/runner/work/key/key/key.core/../key.ui/examples/standard_key/pred_log/tptp/SET/SET027p3.key 
96684      DEBUG main            d.u.i.k.p.i.AbstractProblemLoader Environment load took 104.1ns 
96685      INFO  main            d.u.i.k.p.i.AbstractProblemLoader Creating init config 
99150      DEBUG main            d.u.i.k.p.i.AbstractProblemLoader Init config took 2.46s 
99166      INFO  main            d.u.i.k.p.i.AbstractProblemLoader Replaying proof SET027p3.key 
99167      DEBUG main            d.u.i.k.p.i.IntermediateProofReplayer Proof replay took 6.9ns 
99269      INFO  main            d.u.i.k.p.r.p.TestFile    ... finished proof: closed. 
99499      INFO  main            d.u.i.k.p.i.AbstractProblemLoader Loading environment from /home/runner/work/key/key/key.core/../key.ui/examples/standard_key/pred_log/tptp/SET/SET027p3.key.proof 
99499      DEBUG main            d.u.i.k.p.i.AbstractProblemLoader Environment load took 119.9ns 
99500      INFO  main            d.u.i.k.p.i.AbstractProblemLoader Creating init config 
101832     DEBUG main            d.u.i.k.p.i.AbstractProblemLoader Init config took 2.33s 
101846     INFO  main            d.u.i.k.p.i.AbstractProblemLoader Replaying proof SET027p3.key.proof 
101853     DEBUG main            d.u.i.k.p.i.IntermediateProofReplayer Proof replay took 4ms 
101853     DEBUG main            d.u.i.k.p.r.p.TestFile    ... success: reloaded. 
101854     INFO  main            d.u.i.k.p.r.p.TestFile    Now processing file /home/runner/work/key/key/key.core/../key.ui/examples/standard_key/pred_log/tptp/SET/SET043p1.key 
101854     INFO  main            d.u.i.k.p.i.AbstractProblemLoader Loading environment from /home/runner/work/key/key/key.core/../key.ui/examples/standard_key/pred_log/tptp/SET/SET043p1.key 
101854     DEBUG main            d.u.i.k.p.i.AbstractProblemLoader Environment load took 115.2ns 
101856     INFO  main            d.u.i.k.p.i.AbstractProblemLoader Creating init config 
104340     DEBUG main            d.u.i.k.p.i.AbstractProblemLoader Init config took 2.48s 
104355     INFO  main            d.u.i.k.p.i.AbstractProblemLoader Replaying proof SET043p1.key 
104356     DEBUG main            d.u.i.k.p.i.IntermediateProofReplayer Proof replay took 6.8ns 
104460     INFO  main            d.u.i.k.p.r.p.TestFile    ... finished proof: closed. 
104679     INFO  main            d.u.i.k.p.i.AbstractProblemLoader Loading environment from /home/runner/work/key/key/key.core/../key.ui/examples/standard_key/pred_log/tptp/SET/SET043p1.key.proof 
104679     DEBUG main            d.u.i.k.p.i.AbstractProblemLoader Environment load took 187.5ns 
104680     INFO  main            d.u.i.k.p.i.AbstractProblemLoader Creating init config 
107043     DEBUG main            d.u.i.k.p.i.AbstractProblemLoader Init config took 2.36s 
107063     INFO  main            d.u.i.k.p.i.AbstractProblemLoader Replaying proof SET043p1.key.proof 
107066     DEBUG main            d.u.i.k.p.i.IntermediateProofReplayer Proof replay took 1.43ms 
107067     DEBUG main            d.u.i.k.p.r.p.TestFile    ... success: reloaded. 
107067     INFO  main            d.u.i.k.p.r.p.TestFile    Now processing file /home/runner/work/key/key/key.core/../key.ui/examples/standard_key/pred_log/tptp/SET/SET045p1.key 
107068     INFO  main            d.u.i.k.p.i.AbstractProblemLoader Loading environment from /home/runner/work/key/key/key.core/../key.ui/examples/standard_key/pred_log/tptp/SET/SET045p1.key 
107068     DEBUG main            d.u.i.k.p.i.AbstractProblemLoader Environment load took 173.3ns 
107069     INFO  main            d.u.i.k.p.i.AbstractProblemLoader Creating init config 
109573     DEBUG main            d.u.i.k.p.i.AbstractProblemLoader Init config took 2.5s 
109586     INFO  main            d.u.i.k.p.i.AbstractProblemLoader Replaying proof SET045p1.key 
109587     DEBUG main            d.u.i.k.p.i.IntermediateProofReplayer Proof replay took 5.9ns 
109689     INFO  main            d.u.i.k.p.r.p.TestFile    ... finished proof: closed. 
109913     INFO  main            d.u.i.k.p.i.AbstractProblemLoader Loading environment from /home/runner/work/key/key/key.core/../key.ui/examples/standard_key/pred_log/tptp/SET/SET045p1.key.proof 
109913     DEBUG main            d.u.i.k.p.i.AbstractProblemLoader Environment load took 120.2ns 
109915     INFO  main            d.u.i.k.p.i.AbstractProblemLoader Creating init config 
112300     DEBUG main            d.u.i.k.p.i.AbstractProblemLoader Init config took 2.39s 
112314     INFO  main            d.u.i.k.p.i.AbstractProblemLoader Replaying proof SET045p1.key.proof 
112319     DEBUG main            d.u.i.k.p.i.IntermediateProofReplayer Proof replay took 2.94ms 
112319     DEBUG main            d.u.i.k.p.r.p.TestFile    ... success: reloaded. 
112320     INFO  main            d.u.i.k.p.r.p.TestFile    Now processing file /home/runner/work/key/key/key.core/../key.ui/examples/standard_key/pred_log/tptp/SET/SET062p3.key 
112320     INFO  main            d.u.i.k.p.i.AbstractProblemLoader Loading environment from /home/runner/work/key/key/key.core/../key.ui/examples/standard_key/pred_log/tptp/SET/SET062p3.key 
112320     DEBUG main            d.u.i.k.p.i.AbstractProblemLoader Environment load took 95.1ns 
112321     INFO  main            d.u.i.k.p.i.AbstractProblemLoader Creating init config 
114750     DEBUG main            d.u.i.k.p.i.AbstractProblemLoader Init config took 2.43s 
114768     INFO  main            d.u.i.k.p.i.AbstractProblemLoader Replaying proof SET062p3.key 
114770     DEBUG main            d.u.i.k.p.i.IntermediateProofReplayer Proof replay took 7.6ns 
114872     INFO  main            d.u.i.k.p.r.p.TestFile    ... finished proof: closed. 
115095     INFO  main            d.u.i.k.p.i.AbstractProblemLoader Loading environment from /home/runner/work/key/key/key.core/../key.ui/examples/standard_key/pred_log/tptp/SET/SET062p3.key.proof 
115095     DEBUG main            d.u.i.k.p.i.AbstractProblemLoader Environment load took 109ns 
115097     INFO  main            d.u.i.k.p.i.AbstractProblemLoader Creating init config 
117443     DEBUG main            d.u.i.k.p.i.AbstractProblemLoader Init config took 2.35s 
117457     INFO  main            d.u.i.k.p.i.AbstractProblemLoader Replaying proof SET062p3.key.proof 
117461     DEBUG main            d.u.i.k.p.i.IntermediateProofReplayer Proof replay took 2.74ms 
117462     DEBUG main            d.u.i.k.p.r.p.TestFile    ... success: reloaded. 
117462     INFO  main            d.u.i.k.p.r.p.TestFile    Now processing file /home/runner/work/key/key/key.core/../key.ui/examples/standard_key/pred_log/tptp/SET/SET063p3.key 
117463     INFO  main            d.u.i.k.p.i.AbstractProblemLoader Loading environment from /home/runner/work/key/key/key.core/../key.ui/examples/standard_key/pred_log/tptp/SET/SET063p3.key 
117463     DEBUG main            d.u.i.k.p.i.AbstractProblemLoader Environment load took 166.2ns 
117464     INFO  main            d.u.i.k.p.i.AbstractProblemLoader Creating init config 
119951     DEBUG main            d.u.i.k.p.i.AbstractProblemLoader Init config took 2.49s 
119965     INFO  main            d.u.i.k.p.i.AbstractProblemLoader Replaying proof SET063p3.key 
119966     DEBUG main            d.u.i.k.p.i.IntermediateProofReplayer Proof replay took 6.6ns 
120071     INFO  main            d.u.i.k.p.r.p.TestFile    ... finished proof: closed. 
120321     INFO  main            d.u.i.k.p.i.AbstractProblemLoader Loading environment from /home/runner/work/key/key/key.core/../key.ui/examples/standard_key/pred_log/tptp/SET/SET063p3.key.proof 
120322     DEBUG main            d.u.i.k.p.i.AbstractProblemLoader Environment load took 111.7ns 
120323     INFO  main            d.u.i.k.p.i.AbstractProblemLoader Creating init config 
122677     DEBUG main            d.u.i.k.p.i.AbstractProblemLoader Init config took 2.35s 
122690     INFO  main            d.u.i.k.p.i.AbstractProblemLoader Replaying proof SET063p3.key.proof 
122696     DEBUG main            d.u.i.k.p.i.IntermediateProofReplayer Proof replay took 3.73ms 
122696     DEBUG main            d.u.i.k.p.r.p.TestFile    ... success: reloaded. 
122697     INFO  main            d.u.i.k.p.r.p.TestFile    Now processing file /home/runner/work/key/key/key.core/../key.ui/examples/standard_key/pred_log/tptp/SYN/SYN036p2.key 
122697     INFO  main            d.u.i.k.p.i.AbstractProblemLoader Loading environment from /home/runner/work/key/key/key.core/../key.ui/examples/standard_key/pred_log/tptp/SYN/SYN036p2.key 
122698     DEBUG main            d.u.i.k.p.i.AbstractProblemLoader Environment load took 177.3ns 
122699     INFO  main            d.u.i.k.p.i.AbstractProblemLoader Creating init config 
125155     DEBUG main            d.u.i.k.p.i.AbstractProblemLoader Init config took 2.46s 
125168     INFO  main            d.u.i.k.p.i.AbstractProblemLoader Replaying proof SYN036p2.key 
125169     DEBUG main            d.u.i.k.p.i.IntermediateProofReplayer Proof replay took 6.6ns 
125474     INFO  main            d.u.i.k.p.r.p.TestFile    ... finished proof: closed. 
125737     INFO  main            d.u.i.k.p.i.AbstractProblemLoader Loading environment from /home/runner/work/key/key/key.core/../key.ui/examples/standard_key/pred_log/tptp/SYN/SYN036p2.key.proof 
125737     DEBUG main            d.u.i.k.p.i.AbstractProblemLoader Environment load took 371.9ns 
125739     INFO  main            d.u.i.k.p.i.AbstractProblemLoader Creating init config 
128067     DEBUG main            d.u.i.k.p.i.AbstractProblemLoader Init config took 2.33s 
128084     INFO  main            d.u.i.k.p.i.AbstractProblemLoader Replaying proof SYN036p2.key.proof 
128175     DEBUG main            d.u.i.k.p.i.IntermediateProofReplayer Proof replay took 82.25ms 
128176     DEBUG main            d.u.i.k.p.r.p.TestFile    ... success: reloaded. 
128177     INFO  main            d.u.i.k.p.r.p.TestFile    Now processing file /home/runner/work/key/key/key.core/../key.ui/examples/standard_key/pred_log/tptp/SYN/SYN550p1.key 
128177     INFO  main            d.u.i.k.p.i.AbstractProblemLoader Loading environment from /home/runner/work/key/key/key.core/../key.ui/examples/standard_key/pred_log/tptp/SYN/SYN550p1.key 
128177     DEBUG main            d.u.i.k.p.i.AbstractProblemLoader Environment load took 84.9ns 
128178     INFO  main            d.u.i.k.p.i.AbstractProblemLoader Creating init config 
130722     DEBUG main            d.u.i.k.p.i.AbstractProblemLoader Init config took 2.54s 
130735     INFO  main            d.u.i.k.p.i.AbstractProblemLoader Replaying proof SYN550p1.key 
130737     DEBUG main            d.u.i.k.p.i.IntermediateProofReplayer Proof replay took 16.9ns 
133444     INFO  main            d.u.i.k.p.r.p.TestFile    ... finished proof: closed. 
133736     INFO  main            d.u.i.k.p.i.AbstractProblemLoader Loading environment from /home/runner/work/key/key/key.core/../key.ui/examples/standard_key/pred_log/tptp/SYN/SYN550p1.key.proof 
133736     DEBUG main            d.u.i.k.p.i.AbstractProblemLoader Environment load took 361.5ns 
133737     INFO  main            d.u.i.k.p.i.AbstractProblemLoader Creating init config 
136083     DEBUG main            d.u.i.k.p.i.AbstractProblemLoader Init config took 2.35s 
136098     INFO  main            d.u.i.k.p.i.AbstractProblemLoader Replaying proof SYN550p1.key.proof 
136181     DEBUG main            d.u.i.k.p.i.IntermediateProofReplayer Proof replay took 75.47ms 
136182     DEBUG main            d.u.i.k.p.r.p.TestFile    ... success: reloaded. 
136183     INFO  main            d.u.i.k.p.r.p.TestFile    Now processing file /home/runner/work/key/key/key.core/../key.ui/examples/standard_key/prop_log/reallySimple.key 
136183     INFO  main            d.u.i.k.p.i.AbstractProblemLoader Loading environment from /home/runner/work/key/key/key.core/../key.ui/examples/standard_key/prop_log/reallySimple.key 
136183     DEBUG main            d.u.i.k.p.i.AbstractProblemLoader Environment load took 101.9ns 
136184     INFO  main            d.u.i.k.p.i.AbstractProblemLoader Creating init config 
138671     DEBUG main            d.u.i.k.p.i.AbstractProblemLoader Init config took 2.49s 
138687     INFO  main            d.u.i.k.p.i.AbstractProblemLoader Replaying proof reallySimple.key 
138689     DEBUG main            d.u.i.k.p.i.IntermediateProofReplayer Proof replay took 12.6ns 
138791     INFO  main            d.u.i.k.p.r.p.TestFile    ... finished proof: open goal(s) 
139082     INFO  main            d.u.i.k.p.r.p.TestFile    Now processing file /home/runner/work/key/key/key.core/../key.ui/examples/standard_key/pred_log/sameName1.key 
139082     INFO  main            d.u.i.k.p.i.AbstractProblemLoader Loading environment from /home/runner/work/key/key/key.core/../key.ui/examples/standard_key/pred_log/sameName1.key 
139082     DEBUG main            d.u.i.k.p.i.AbstractProblemLoader Environment load took 67.3ns 
139083     INFO  main            d.u.i.k.p.i.AbstractProblemLoader Creating init config 
141462     DEBUG main            d.u.i.k.p.i.AbstractProblemLoader Init config took 2.38s 
141474     INFO  main            d.u.i.k.p.i.AbstractProblemLoader Replaying proof sameName1.key 
141475     DEBUG main            d.u.i.k.p.i.IntermediateProofReplayer Proof replay took 6.5ns 
141577     INFO  main            d.u.i.k.p.r.p.TestFile    ... finished proof: open goal(s) 
141817     INFO  main            d.u.i.k.p.r.p.TestFile    Now processing file /home/runner/work/key/key/key.core/../key.ui/examples/standard_key/pred_log/jbyteIfEx.key 
141817     INFO  main            d.u.i.k.p.i.AbstractProblemLoader Loading environment from /home/runner/work/key/key/key.core/../key.ui/examples/standard_key/pred_log/jbyteIfEx.key 
141817     DEBUG main            d.u.i.k.p.i.AbstractProblemLoader Environment load took 71ns 
141818     INFO  main            d.u.i.k.p.i.AbstractProblemLoader Creating init config 
144211     DEBUG main            d.u.i.k.p.i.AbstractProblemLoader Init config took 2.39s 
144223     INFO  main            d.u.i.k.p.i.AbstractProblemLoader Replaying proof jbyteIfEx.key 
144224     DEBUG main            d.u.i.k.p.i.IntermediateProofReplayer Proof replay took 6.4ns 
144326     INFO  main            d.u.i.k.p.r.p.TestFile    ... finished proof: closed. 
144651     INFO  main            d.u.i.k.p.i.AbstractProblemLoader Loading environment from /home/runner/work/key/key/key.core/../key.ui/examples/standard_key/pred_log/jbyteIfEx.key.proof 
144651     DEBUG main            d.u.i.k.p.i.AbstractProblemLoader Environment load took 113.2ns 
144653     INFO  main            d.u.i.k.p.i.AbstractProblemLoader Creating init config 
147012     DEBUG main            d.u.i.k.p.i.AbstractProblemLoader Init config took 2.36s 
147025     INFO  main            d.u.i.k.p.i.AbstractProblemLoader Replaying proof jbyteIfEx.key.proof 
147031     DEBUG main            d.u.i.k.p.i.IntermediateProofReplayer Proof replay took 4.4ms 
147033     DEBUG main            d.u.i.k.p.r.p.TestFile    ... success: reloaded. 
147033     INFO  main            d.u.i.k.p.r.p.TestFile    Now processing file /home/runner/work/key/key/key.core/../key.ui/examples/standard_key/prop_log/allClausesLength4.key 
147034     INFO  main            d.u.i.k.p.i.AbstractProblemLoader Loading environment from /home/runner/work/key/key/key.core/../key.ui/examples/standard_key/prop_log/allClausesLength4.key 
147034     DEBUG main            d.u.i.k.p.i.AbstractProblemLoader Environment load took 162.8ns 
147038     INFO  main            d.u.i.k.p.i.AbstractProblemLoader Creating init config 
149506     DEBUG main            d.u.i.k.p.i.AbstractProblemLoader Init config took 2.47s 
149521     INFO  main            d.u.i.k.p.i.AbstractProblemLoader Replaying proof allClausesLength4.key 
149523     DEBUG main            d.u.i.k.p.i.IntermediateProofReplayer Proof replay took 6.1ns 
149625     INFO  main            d.u.i.k.p.r.p.TestFile    ... finished proof: closed. 
149955     INFO  main            d.u.i.k.p.i.AbstractProblemLoader Loading environment from /home/runner/work/key/key/key.core/../key.ui/examples/standard_key/prop_log/allClausesLength4.key.proof 
149955     DEBUG main            d.u.i.k.p.i.AbstractProblemLoader Environment load took 126.8ns 
149956     INFO  main            d.u.i.k.p.i.AbstractProblemLoader Creating init config 
152284     DEBUG main            d.u.i.k.p.i.AbstractProblemLoader Init config took 2.33s 
152297     INFO  main            d.u.i.k.p.i.AbstractProblemLoader Replaying proof allClausesLength4.key.proof 
152312     DEBUG main            d.u.i.k.p.i.IntermediateProofReplayer Proof replay took 12.43ms 
152313     DEBUG main            d.u.i.k.p.r.p.TestFile    ... success: reloaded. 
152314     INFO  main            d.u.i.k.p.r.p.TestFile    Now processing file /home/runner/work/key/key/key.core/../key.ui/examples/standard_key/prop_log/allClausesLength5.key 
152314     INFO  main            d.u.i.k.p.i.AbstractProblemLoader Loading environment from /home/runner/work/key/key/key.core/../key.ui/examples/standard_key/prop_log/allClausesLength5.key 
152314     DEBUG main            d.u.i.k.p.i.AbstractProblemLoader Environment load took 219.6ns 
152316     INFO  main            d.u.i.k.p.i.AbstractProblemLoader Creating init config 
154738     DEBUG main            d.u.i.k.p.i.AbstractProblemLoader Init config took 2.42s 
154753     INFO  main            d.u.i.k.p.i.AbstractProblemLoader Replaying proof allClausesLength5.key 
154755     DEBUG main            d.u.i.k.p.i.IntermediateProofReplayer Proof replay took 6.8ns 
155060     INFO  main            d.u.i.k.p.r.p.TestFile    ... finished proof: closed. 
155380     INFO  main            d.u.i.k.p.i.AbstractProblemLoader Loading environment from /home/runner/work/key/key/key.core/../key.ui/examples/standard_key/prop_log/allClausesLength5.key.proof 
155380     DEBUG main            d.u.i.k.p.i.AbstractProblemLoader Environment load took 393.4ns 
155382     INFO  main            d.u.i.k.p.i.AbstractProblemLoader Creating init config 
157780     DEBUG main            d.u.i.k.p.i.AbstractProblemLoader Init config took 2.4s 
157795     INFO  main            d.u.i.k.p.i.AbstractProblemLoader Replaying proof allClausesLength5.key.proof 
157831     DEBUG main            d.u.i.k.p.i.IntermediateProofReplayer Proof replay took 32.6ms 
157832     DEBUG main            d.u.i.k.p.r.p.TestFile    ... success: reloaded. 
157833     INFO  main            d.u.i.k.p.r.p.TestFile    Now processing file /home/runner/work/key/key/key.core/../key.ui/examples/standard_key/prop_log/doubleNeg.key 
157833     INFO  main            d.u.i.k.p.i.AbstractProblemLoader Loading environment from /home/runner/work/key/key/key.core/../key.ui/examples/standard_key/prop_log/doubleNeg.key 
157833     DEBUG main            d.u.i.k.p.i.AbstractProblemLoader Environment load took 161.6ns 
157834     INFO  main            d.u.i.k.p.i.AbstractProblemLoader Creating init config 
160201     DEBUG main            d.u.i.k.p.i.AbstractProblemLoader Init config took 2.37s 
160218     INFO  main            d.u.i.k.p.i.AbstractProblemLoader Replaying proof doubleNeg.key 
160219     DEBUG main            d.u.i.k.p.i.IntermediateProofReplayer Proof replay took 6.3ns 
160321     INFO  main            d.u.i.k.p.r.p.TestFile    ... finished proof: closed. 
160603     INFO  main            d.u.i.k.p.i.AbstractProblemLoader Loading environment from /home/runner/work/key/key/key.core/../key.ui/examples/standard_key/prop_log/doubleNeg.key.proof 
160603     DEBUG main            d.u.i.k.p.i.AbstractProblemLoader Environment load took 105.3ns 
160604     INFO  main            d.u.i.k.p.i.AbstractProblemLoader Creating init config 
162929     DEBUG main            d.u.i.k.p.i.AbstractProblemLoader Init config took 2.33s 
162942     INFO  main            d.u.i.k.p.i.AbstractProblemLoader Replaying proof doubleNeg.key.proof 
162944     DEBUG main            d.u.i.k.p.i.IntermediateProofReplayer Proof replay took 503.4ns 
162945     DEBUG main            d.u.i.k.p.r.p.TestFile    ... success: reloaded. 
162945     INFO  main            d.u.i.k.p.r.p.TestFile    Now processing file /home/runner/work/key/key/key.core/../key.ui/examples/standard_key/prop_log/liarsville.key 
162945     INFO  main            d.u.i.k.p.i.AbstractProblemLoader Loading environment from /home/runner/work/key/key/key.core/../key.ui/examples/standard_key/prop_log/liarsville.key 
162945     DEBUG main            d.u.i.k.p.i.AbstractProblemLoader Environment load took 91ns 
162946     INFO  main            d.u.i.k.p.i.AbstractProblemLoader Creating init config 
165397     DEBUG main            d.u.i.k.p.i.AbstractProblemLoader Init config took 2.45s 
165412     INFO  main            d.u.i.k.p.i.AbstractProblemLoader Replaying proof liarsville.key 
165413     DEBUG main            d.u.i.k.p.i.IntermediateProofReplayer Proof replay took 6.9ns 
165515     INFO  main            d.u.i.k.p.r.p.TestFile    ... finished proof: closed. 
165803     INFO  main            d.u.i.k.p.i.AbstractProblemLoader Loading environment from /home/runner/work/key/key/key.core/../key.ui/examples/standard_key/prop_log/liarsville.key.proof 
165803     DEBUG main            d.u.i.k.p.i.AbstractProblemLoader Environment load took 96.6ns 
165804     INFO  main            d.u.i.k.p.i.AbstractProblemLoader Creating init config 
168120     DEBUG main            d.u.i.k.p.i.AbstractProblemLoader Init config took 2.32s 
168132     INFO  main            d.u.i.k.p.i.AbstractProblemLoader Replaying proof liarsville.key.proof 
168134     DEBUG main            d.u.i.k.p.i.IntermediateProofReplayer Proof replay took 1.03ms 
168135     DEBUG main            d.u.i.k.p.r.p.TestFile    ... success: reloaded. 
168136     INFO  main            d.u.i.k.p.r.p.TestFile    Now processing file /home/runner/work/key/key/key.core/../key.ui/examples/standard_key/prop_log/simplest.key 
168136     INFO  main            d.u.i.k.p.i.AbstractProblemLoader Loading environment from /home/runner/work/key/key/key.core/../key.ui/examples/standard_key/prop_log/simplest.key 
168136     DEBUG main            d.u.i.k.p.i.AbstractProblemLoader Environment load took 76.4ns 
168137     INFO  main            d.u.i.k.p.i.AbstractProblemLoader Creating init config 
170495     DEBUG main            d.u.i.k.p.i.AbstractProblemLoader Init config took 2.36s 
170506     INFO  main            d.u.i.k.p.i.AbstractProblemLoader Replaying proof simplest.key 
170507     DEBUG main            d.u.i.k.p.i.IntermediateProofReplayer Proof replay took 6.4ns 
170609     INFO  main            d.u.i.k.p.r.p.TestFile    ... finished proof: closed. 
170915     INFO  main            d.u.i.k.p.i.AbstractProblemLoader Loading environment from /home/runner/work/key/key/key.core/../key.ui/examples/standard_key/prop_log/simplest.key.proof 
170915     DEBUG main            d.u.i.k.p.i.AbstractProblemLoader Environment load took 102.9ns 
170916     INFO  main            d.u.i.k.p.i.AbstractProblemLoader Creating init config 
173212     DEBUG main            d.u.i.k.p.i.AbstractProblemLoader Init config took 2.3s 
173224     INFO  main            d.u.i.k.p.i.AbstractProblemLoader Replaying proof simplest.key.proof 
173225     DEBUG main            d.u.i.k.p.i.IntermediateProofReplayer Proof replay took 95.2ns 
173226     DEBUG main            d.u.i.k.p.r.p.TestFile    ... success: reloaded. 
173226     INFO  main            d.u.i.k.p.r.p.TestFile    Now processing file /home/runner/work/key/key/key.core/../key.ui/examples/standard_key/prop_log/contraposition.key 
173226     INFO  main            d.u.i.k.p.i.AbstractProblemLoader Loading environment from /home/runner/work/key/key/key.core/../key.ui/examples/standard_key/prop_log/contraposition.key 
173226     DEBUG main            d.u.i.k.p.i.AbstractProblemLoader Environment load took 70ns 
173227     INFO  main            d.u.i.k.p.i.AbstractProblemLoader Creating init config 
175562     DEBUG main            d.u.i.k.p.i.AbstractProblemLoader Init config took 2.33s 
175574     INFO  main            d.u.i.k.p.i.AbstractProblemLoader Replaying proof contraposition.key 
175575     DEBUG main            d.u.i.k.p.i.IntermediateProofReplayer Proof replay took 6.4ns 
175677     INFO  main            d.u.i.k.p.r.p.TestFile    ... finished proof: closed. 
175980     INFO  main            d.u.i.k.p.i.AbstractProblemLoader Loading environment from /home/runner/work/key/key/key.core/../key.ui/examples/standard_key/prop_log/contraposition.key.proof 
175981     DEBUG main            d.u.i.k.p.i.AbstractProblemLoader Environment load took 105.5ns 
175981     INFO  main            d.u.i.k.p.i.AbstractProblemLoader Creating init config 
178277     DEBUG main            d.u.i.k.p.i.AbstractProblemLoader Init config took 2.3s 
178289     INFO  main            d.u.i.k.p.i.AbstractProblemLoader Replaying proof contraposition.key.proof 
178291     DEBUG main            d.u.i.k.p.i.IntermediateProofReplayer Proof replay took 484.9ns 
178292     DEBUG main            d.u.i.k.p.r.p.TestFile    ... success: reloaded. 
178292     INFO  main            d.u.i.k.p.r.p.TestFile    Now processing file /home/runner/work/key/key/key.core/../key.ui/examples/standard_key/quantifiers/elimination0.key 
178293     INFO  main            d.u.i.k.p.i.AbstractProblemLoader Loading environment from /home/runner/work/key/key/key.core/../key.ui/examples/standard_key/quantifiers/elimination0.key 
178293     DEBUG main            d.u.i.k.p.i.AbstractProblemLoader Environment load took 86.6ns 
178294     INFO  main            d.u.i.k.p.i.AbstractProblemLoader Creating init config 
180723     DEBUG main            d.u.i.k.p.i.AbstractProblemLoader Init config took 2.43s 
180736     INFO  main            d.u.i.k.p.i.AbstractProblemLoader Replaying proof elimination0.key 
180737     DEBUG main            d.u.i.k.p.i.IntermediateProofReplayer Proof replay took 5.6ns 
180839     INFO  main            d.u.i.k.p.r.p.TestFile    ... finished proof: closed. 
181156     INFO  main            d.u.i.k.p.i.AbstractProblemLoader Loading environment from /home/runner/work/key/key/key.core/../key.ui/examples/standard_key/quantifiers/elimination0.key.proof 
181156     DEBUG main            d.u.i.k.p.i.AbstractProblemLoader Environment load took 105ns 
181157     INFO  main            d.u.i.k.p.i.AbstractProblemLoader Creating init config 
183485     DEBUG main            d.u.i.k.p.i.AbstractProblemLoader Init config took 2.33s 
183498     INFO  main            d.u.i.k.p.i.AbstractProblemLoader Replaying proof elimination0.key.proof 
183501     DEBUG main            d.u.i.k.p.i.IntermediateProofReplayer Proof replay took 1.28ms 
183501     DEBUG main            d.u.i.k.p.r.p.TestFile    ... success: reloaded. 
183502     INFO  main            d.u.i.k.p.r.p.TestFile    Now processing file /home/runner/work/key/key/key.core/../key.ui/examples/standard_key/quantifiers/heuristic_PUZ001p1-eq.key 
183502     INFO  main            d.u.i.k.p.i.AbstractProblemLoader Loading environment from /home/runner/work/key/key/key.core/../key.ui/examples/standard_key/quantifiers/heuristic_PUZ001p1-eq.key 
183502     DEBUG main            d.u.i.k.p.i.AbstractProblemLoader Environment load took 113.4ns 
183504     INFO  main            d.u.i.k.p.i.AbstractProblemLoader Creating init config 
185853     DEBUG main            d.u.i.k.p.i.AbstractProblemLoader Init config took 2.35s 
185866     INFO  main            d.u.i.k.p.i.AbstractProblemLoader Replaying proof heuristic_PUZ001p1-eq.key 
185867     DEBUG main            d.u.i.k.p.i.IntermediateProofReplayer Proof replay took 5.3ns 
185969     INFO  main            d.u.i.k.p.r.p.TestFile    ... finished proof: closed. 
186343     INFO  main            d.u.i.k.p.i.AbstractProblemLoader Loading environment from /home/runner/work/key/key/key.core/../key.ui/examples/standard_key/quantifiers/heuristic_PUZ001p1-eq.key.proof 
186343     DEBUG main            d.u.i.k.p.i.AbstractProblemLoader Environment load took 138.7ns 
186345     INFO  main            d.u.i.k.p.i.AbstractProblemLoader Creating init config 
188674     DEBUG main            d.u.i.k.p.i.AbstractProblemLoader Init config took 2.33s 
188687     INFO  main            d.u.i.k.p.i.AbstractProblemLoader Replaying proof heuristic_PUZ001p1-eq.key.proof 
188697     DEBUG main            d.u.i.k.p.i.IntermediateProofReplayer Proof replay took 8.15ms 
188698     DEBUG main            d.u.i.k.p.r.p.TestFile    ... success: reloaded. 
188699     INFO  main            d.u.i.k.p.r.p.TestFile    Now processing file /home/runner/work/key/key/key.core/../key.ui/examples/standard_key/quantifiers/heuristic_PUZ001p1.key 
188699     INFO  main            d.u.i.k.p.i.AbstractProblemLoader Loading environment from /home/runner/work/key/key/key.core/../key.ui/examples/standard_key/quantifiers/heuristic_PUZ001p1.key 
188699     DEBUG main            d.u.i.k.p.i.AbstractProblemLoader Environment load took 91.3ns 
188700     INFO  main            d.u.i.k.p.i.AbstractProblemLoader Creating init config 
191065     DEBUG main            d.u.i.k.p.i.AbstractProblemLoader Init config took 2.36s 
191080     INFO  main            d.u.i.k.p.i.AbstractProblemLoader Replaying proof heuristic_PUZ001p1.key 
191081     DEBUG main            d.u.i.k.p.i.IntermediateProofReplayer Proof replay took 6.1ns 
192408     INFO  main            d.u.i.k.p.r.p.TestFile    ... finished proof: closed. 
192743     INFO  main            d.u.i.k.p.i.AbstractProblemLoader Loading environment from /home/runner/work/key/key/key.core/../key.ui/examples/standard_key/quantifiers/heuristic_PUZ001p1.key.proof 
192743     DEBUG main            d.u.i.k.p.i.AbstractProblemLoader Environment load took 393.8ns 
192745     INFO  main            d.u.i.k.p.i.AbstractProblemLoader Creating init config 
195088     DEBUG main            d.u.i.k.p.i.AbstractProblemLoader Init config took 2.34s 
195102     INFO  main            d.u.i.k.p.i.AbstractProblemLoader Replaying proof heuristic_PUZ001p1.key.proof 
195141     DEBUG main            d.u.i.k.p.i.IntermediateProofReplayer Proof replay took 35.66ms 
195143     DEBUG main            d.u.i.k.p.r.p.TestFile    ... success: reloaded. 
195144     INFO  main            d.u.i.k.p.r.p.TestFile    Now processing file /home/runner/work/key/key/key.core/../key.ui/examples/standard_key/quantifiers/heuristic_PUZ031p1.key 
195144     INFO  main            d.u.i.k.p.i.AbstractProblemLoader Loading environment from /home/runner/work/key/key/key.core/../key.ui/examples/standard_key/quantifiers/heuristic_PUZ031p1.key 
195144     DEBUG main            d.u.i.k.p.i.AbstractProblemLoader Environment load took 186.1ns 
195146     INFO  main            d.u.i.k.p.i.AbstractProblemLoader Creating init config 
197525     DEBUG main            d.u.i.k.p.i.AbstractProblemLoader Init config took 2.38s 
197539     INFO  main            d.u.i.k.p.i.AbstractProblemLoader Replaying proof heuristic_PUZ031p1.key 
197540     DEBUG main            d.u.i.k.p.i.IntermediateProofReplayer Proof replay took 5.7ns 
202166     INFO  main            d.u.i.k.p.r.p.TestFile    ... finished proof: closed. 
202528     INFO  main            d.u.i.k.p.i.AbstractProblemLoader Loading environment from /home/runner/work/key/key/key.core/../key.ui/examples/standard_key/quantifiers/heuristic_PUZ031p1.key.proof 
202529     DEBUG main            d.u.i.k.p.i.AbstractProblemLoader Environment load took 489.9ns 
202530     INFO  main            d.u.i.k.p.i.AbstractProblemLoader Creating init config 
204901     DEBUG main            d.u.i.k.p.i.AbstractProblemLoader Init config took 2.37s 
204916     INFO  main            d.u.i.k.p.i.AbstractProblemLoader Replaying proof heuristic_PUZ031p1.key.proof 
204967     DEBUG main            d.u.i.k.p.i.IntermediateProofReplayer Proof replay took 45.16ms 
204968     DEBUG main            d.u.i.k.p.r.p.TestFile    ... success: reloaded. 
204969     INFO  main            d.u.i.k.p.r.p.TestFile    Now processing file /home/runner/work/key/key/key.core/../key.ui/examples/standard_key/quantifiers/heuristic_SYN036p2.key 
204969     INFO  main            d.u.i.k.p.i.AbstractProblemLoader Loading environment from /home/runner/work/key/key/key.core/../key.ui/examples/standard_key/quantifiers/heuristic_SYN036p2.key 
204969     DEBUG main            d.u.i.k.p.i.AbstractProblemLoader Environment load took 90.4ns 
204970     INFO  main            d.u.i.k.p.i.AbstractProblemLoader Creating init config 
207407     DEBUG main            d.u.i.k.p.i.AbstractProblemLoader Init config took 2.44s 
207420     INFO  main            d.u.i.k.p.i.AbstractProblemLoader Replaying proof heuristic_SYN036p2.key 
207421     DEBUG main            d.u.i.k.p.i.IntermediateProofReplayer Proof replay took 6ns 
207729     INFO  main            d.u.i.k.p.r.p.TestFile    ... finished proof: closed. 
208078     INFO  main            d.u.i.k.p.i.AbstractProblemLoader Loading environment from /home/runner/work/key/key/key.core/../key.ui/examples/standard_key/quantifiers/heuristic_SYN036p2.key.proof 
208078     DEBUG main            d.u.i.k.p.i.AbstractProblemLoader Environment load took 474.7ns 
208080     INFO  main            d.u.i.k.p.i.AbstractProblemLoader Creating init config 
210489     DEBUG main            d.u.i.k.p.i.AbstractProblemLoader Init config took 2.41s 
210502     INFO  main            d.u.i.k.p.i.AbstractProblemLoader Replaying proof heuristic_SYN036p2.key.proof 
210557     DEBUG main            d.u.i.k.p.i.IntermediateProofReplayer Proof replay took 48.73ms 
210558     DEBUG main            d.u.i.k.p.r.p.TestFile    ... success: reloaded. 
210558     INFO  main            d.u.i.k.p.r.p.TestFile    Now processing file /home/runner/work/key/key/key.core/../key.ui/examples/standard_key/quantifiers/injectivity.key 
210559     INFO  main            d.u.i.k.p.i.AbstractProblemLoader Loading environment from /home/runner/work/key/key/key.core/../key.ui/examples/standard_key/quantifiers/injectivity.key 
210559     DEBUG main            d.u.i.k.p.i.AbstractProblemLoader Environment load took 112.2ns 
210560     INFO  main            d.u.i.k.p.i.AbstractProblemLoader Creating init config 
212958     DEBUG main            d.u.i.k.p.i.AbstractProblemLoader Init config took 2.4s 
212970     INFO  main            d.u.i.k.p.i.AbstractProblemLoader Replaying proof injectivity.key 
212971     DEBUG main            d.u.i.k.p.i.IntermediateProofReplayer Proof replay took 22.9ns 
213073     INFO  main            d.u.i.k.p.r.p.TestFile    ... finished proof: closed. 
213417     INFO  main            d.u.i.k.p.i.AbstractProblemLoader Loading environment from /home/runner/work/key/key/key.core/../key.ui/examples/standard_key/quantifiers/injectivity.key.proof 
213417     DEBUG main            d.u.i.k.p.i.AbstractProblemLoader Environment load took 124ns 
213418     INFO  main            d.u.i.k.p.i.AbstractProblemLoader Creating init config 
215779     DEBUG main            d.u.i.k.p.i.AbstractProblemLoader Init config took 2.36s 
215792     INFO  main            d.u.i.k.p.i.AbstractProblemLoader Replaying proof injectivity.key.proof 
215795     DEBUG main            d.u.i.k.p.i.IntermediateProofReplayer Proof replay took 1.22ms 
215796     DEBUG main            d.u.i.k.p.r.p.TestFile    ... success: reloaded. 
215797     INFO  main            d.u.i.k.p.r.p.TestFile    Now processing file /home/runner/work/key/key/key.core/../key.ui/examples/standard_key/quantifiers/normalisation0.key 
215797     INFO  main            d.u.i.k.p.i.AbstractProblemLoader Loading environment from /home/runner/work/key/key/key.core/../key.ui/examples/standard_key/quantifiers/normalisation0.key 
215797     DEBUG main            d.u.i.k.p.i.AbstractProblemLoader Environment load took 249ns 
215798     INFO  main            d.u.i.k.p.i.AbstractProblemLoader Creating init config 
218202     DEBUG main            d.u.i.k.p.i.AbstractProblemLoader Init config took 2.4s 
218214     INFO  main            d.u.i.k.p.i.AbstractProblemLoader Replaying proof normalisation0.key 
218216     DEBUG main            d.u.i.k.p.i.IntermediateProofReplayer Proof replay took 6.2ns 
218318     INFO  main            d.u.i.k.p.r.p.TestFile    ... finished proof: closed. 
218668     INFO  main            d.u.i.k.p.i.AbstractProblemLoader Loading environment from /home/runner/work/key/key/key.core/../key.ui/examples/standard_key/quantifiers/normalisation0.key.proof 
218668     DEBUG main            d.u.i.k.p.i.AbstractProblemLoader Environment load took 128.2ns 
218670     INFO  main            d.u.i.k.p.i.AbstractProblemLoader Creating init config 
221137     DEBUG main            d.u.i.k.p.i.AbstractProblemLoader Init config took 2.47s 
221151     INFO  main            d.u.i.k.p.i.AbstractProblemLoader Replaying proof normalisation0.key.proof 
221154     DEBUG main            d.u.i.k.p.i.IntermediateProofReplayer Proof replay took 1.46ms 
221155     DEBUG main            d.u.i.k.p.r.p.TestFile    ... success: reloaded. 
221156     INFO  main            d.u.i.k.p.r.p.TestFile    Now processing file /home/runner/work/key/key/key.core/../key.ui/examples/standard_key/quantifiers/normalisation1.key 
221156     INFO  main            d.u.i.k.p.i.AbstractProblemLoader Loading environment from /home/runner/work/key/key/key.core/../key.ui/examples/standard_key/quantifiers/normalisation1.key 
221156     DEBUG main            d.u.i.k.p.i.AbstractProblemLoader Environment load took 101.5ns 
221157     INFO  main            d.u.i.k.p.i.AbstractProblemLoader Creating init config 
223616     DEBUG main            d.u.i.k.p.i.AbstractProblemLoader Init config took 2.46s 
223632     INFO  main            d.u.i.k.p.i.AbstractProblemLoader Replaying proof normalisation1.key 
223633     DEBUG main            d.u.i.k.p.i.IntermediateProofReplayer Proof replay took 6.1ns 
223738     INFO  main            d.u.i.k.p.r.p.TestFile    ... finished proof: closed. 
224119     INFO  main            d.u.i.k.p.i.AbstractProblemLoader Loading environment from /home/runner/work/key/key/key.core/../key.ui/examples/standard_key/quantifiers/normalisation1.key.proof 
224119     DEBUG main            d.u.i.k.p.i.AbstractProblemLoader Environment load took 93.4ns 
224120     INFO  main            d.u.i.k.p.i.AbstractProblemLoader Creating init config 
226499     DEBUG main            d.u.i.k.p.i.AbstractProblemLoader Init config took 2.38s 
226513     INFO  main            d.u.i.k.p.i.AbstractProblemLoader Replaying proof normalisation1.key.proof 
226515     DEBUG main            d.u.i.k.p.i.IntermediateProofReplayer Proof replay took 1.22ms 
226516     DEBUG main            d.u.i.k.p.r.p.TestFile    ... success: reloaded. 
226517     INFO  main            d.u.i.k.p.r.p.TestFile    Now processing file /home/runner/work/key/key/key.core/../key.ui/examples/standard_key/quantifiers/normalisation2.key 
226517     INFO  main            d.u.i.k.p.i.AbstractProblemLoader Loading environment from /home/runner/work/key/key/key.core/../key.ui/examples/standard_key/quantifiers/normalisation2.key 
226517     DEBUG main            d.u.i.k.p.i.AbstractProblemLoader Environment load took 96.1ns 
226518     INFO  main            d.u.i.k.p.i.AbstractProblemLoader Creating init config 
228986     DEBUG main            d.u.i.k.p.i.AbstractProblemLoader Init config took 2.47s 
229002     INFO  main            d.u.i.k.p.i.AbstractProblemLoader Replaying proof normalisation2.key 
229003     DEBUG main            d.u.i.k.p.i.IntermediateProofReplayer Proof replay took 6.3ns 
229105     INFO  main            d.u.i.k.p.r.p.TestFile    ... finished proof: closed. 
229460     INFO  main            d.u.i.k.p.i.AbstractProblemLoader Loading environment from /home/runner/work/key/key/key.core/../key.ui/examples/standard_key/quantifiers/normalisation2.key.proof 
229460     DEBUG main            d.u.i.k.p.i.AbstractProblemLoader Environment load took 106.6ns 
229461     INFO  main            d.u.i.k.p.i.AbstractProblemLoader Creating init config 
231860     DEBUG main            d.u.i.k.p.i.AbstractProblemLoader Init config took 2.4s 
231874     INFO  main            d.u.i.k.p.i.AbstractProblemLoader Replaying proof normalisation2.key.proof 
231877     DEBUG main            d.u.i.k.p.i.IntermediateProofReplayer Proof replay took 1.31ms 
231877     DEBUG main            d.u.i.k.p.r.p.TestFile    ... success: reloaded. 
231878     INFO  main            d.u.i.k.p.r.p.TestFile    Now processing file /home/runner/work/key/key/key.core/../key.ui/examples/standard_key/quantifiers/normalisation3.key 
231878     INFO  main            d.u.i.k.p.i.AbstractProblemLoader Loading environment from /home/runner/work/key/key/key.core/../key.ui/examples/standard_key/quantifiers/normalisation3.key 
231879     DEBUG main            d.u.i.k.p.i.AbstractProblemLoader Environment load took 147.8ns 
231880     INFO  main            d.u.i.k.p.i.AbstractProblemLoader Creating init config 
234312     DEBUG main            d.u.i.k.p.i.AbstractProblemLoader Init config took 2.43s 
234327     INFO  main            d.u.i.k.p.i.AbstractProblemLoader Replaying proof normalisation3.key 
234328     DEBUG main            d.u.i.k.p.i.IntermediateProofReplayer Proof replay took 6.5ns 
234430     INFO  main            d.u.i.k.p.r.p.TestFile    ... finished proof: closed. 
234794     INFO  main            d.u.i.k.p.i.AbstractProblemLoader Loading environment from /home/runner/work/key/key/key.core/../key.ui/examples/standard_key/quantifiers/normalisation3.key.proof 
234794     DEBUG main            d.u.i.k.p.i.AbstractProblemLoader Environment load took 95.9ns 
234795     INFO  main            d.u.i.k.p.i.AbstractProblemLoader Creating init config 
237194     DEBUG main            d.u.i.k.p.i.AbstractProblemLoader Init config took 2.4s 
237208     INFO  main            d.u.i.k.p.i.AbstractProblemLoader Replaying proof normalisation3.key.proof 
237210     DEBUG main            d.u.i.k.p.i.IntermediateProofReplayer Proof replay took 1.26ms 
237211     DEBUG main            d.u.i.k.p.r.p.TestFile    ... success: reloaded. 
237212     INFO  main            d.u.i.k.p.r.p.TestFile    Now processing file /home/runner/work/key/key/key.core/../key.ui/examples/standard_key/quantifiers/normalisation4.key 
237212     INFO  main            d.u.i.k.p.i.AbstractProblemLoader Loading environment from /home/runner/work/key/key/key.core/../key.ui/examples/standard_key/quantifiers/normalisation4.key 
237212     DEBUG main            d.u.i.k.p.i.AbstractProblemLoader Environment load took 121.2ns 
237213     INFO  main            d.u.i.k.p.i.AbstractProblemLoader Creating init config 
239590     DEBUG main            d.u.i.k.p.i.AbstractProblemLoader Init config took 2.38s 
239602     INFO  main            d.u.i.k.p.i.AbstractProblemLoader Replaying proof normalisation4.key 
239603     DEBUG main            d.u.i.k.p.i.IntermediateProofReplayer Proof replay took 5.8ns 
239705     INFO  main            d.u.i.k.p.r.p.TestFile    ... finished proof: closed. 
240076     INFO  main            d.u.i.k.p.i.AbstractProblemLoader Loading environment from /home/runner/work/key/key/key.core/../key.ui/examples/standard_key/quantifiers/normalisation4.key.proof 
240076     DEBUG main            d.u.i.k.p.i.AbstractProblemLoader Environment load took 93.4ns 
240077     INFO  main            d.u.i.k.p.i.AbstractProblemLoader Creating init config 
242422     DEBUG main            d.u.i.k.p.i.AbstractProblemLoader Init config took 2.34s 
242434     INFO  main            d.u.i.k.p.i.AbstractProblemLoader Replaying proof normalisation4.key.proof 
242439     DEBUG main            d.u.i.k.p.i.IntermediateProofReplayer Proof replay took 2.51ms 
242439     DEBUG main            d.u.i.k.p.r.p.TestFile    ... success: reloaded. 
242440     INFO  main            d.u.i.k.p.r.p.TestFile    Now processing file /home/runner/work/key/key/key.core/../key.ui/examples/standard_key/quantifiers/normalisation5.key 
242441     INFO  main            d.u.i.k.p.i.AbstractProblemLoader Loading environment from /home/runner/work/key/key/key.core/../key.ui/examples/standard_key/quantifiers/normalisation5.key 
242441     DEBUG main            d.u.i.k.p.i.AbstractProblemLoader Environment load took 122.1ns 
242442     INFO  main            d.u.i.k.p.i.AbstractProblemLoader Creating init config 
244812     DEBUG main            d.u.i.k.p.i.AbstractProblemLoader Init config took 2.37s 
244825     INFO  main            d.u.i.k.p.i.AbstractProblemLoader Replaying proof normalisation5.key 
244827     DEBUG main            d.u.i.k.p.i.IntermediateProofReplayer Proof replay took 6.8ns 
244928     INFO  main            d.u.i.k.p.r.p.TestFile    ... finished proof: closed. 
245298     INFO  main            d.u.i.k.p.i.AbstractProblemLoader Loading environment from /home/runner/work/key/key/key.core/../key.ui/examples/standard_key/quantifiers/normalisation5.key.proof 
245298     DEBUG main            d.u.i.k.p.i.AbstractProblemLoader Environment load took 94ns 
245299     INFO  main            d.u.i.k.p.i.AbstractProblemLoader Creating init config 
247624     DEBUG main            d.u.i.k.p.i.AbstractProblemLoader Init config took 2.32s 
247636     INFO  main            d.u.i.k.p.i.AbstractProblemLoader Replaying proof normalisation5.key.proof 
247639     DEBUG main            d.u.i.k.p.i.IntermediateProofReplayer Proof replay took 1.46ms 
247640     DEBUG main            d.u.i.k.p.r.p.TestFile    ... success: reloaded. 
247641     INFO  main            d.u.i.k.p.r.p.TestFile    Now processing file /home/runner/work/key/key/key.core/../key.ui/examples/standard_key/quantifiers/normalisation6.key 
247641     INFO  main            d.u.i.k.p.i.AbstractProblemLoader Loading environment from /home/runner/work/key/key/key.core/../key.ui/examples/standard_key/quantifiers/normalisation6.key 
247641     DEBUG main            d.u.i.k.p.i.AbstractProblemLoader Environment load took 162.1ns 
247642     INFO  main            d.u.i.k.p.i.AbstractProblemLoader Creating init config 
249978     DEBUG main            d.u.i.k.p.i.AbstractProblemLoader Init config took 2.34s 
249991     INFO  main            d.u.i.k.p.i.AbstractProblemLoader Replaying proof normalisation6.key 
249992     DEBUG main            d.u.i.k.p.i.IntermediateProofReplayer Proof replay took 5.9ns 
250093     INFO  main            d.u.i.k.p.r.p.TestFile    ... finished proof: closed. 
250464     INFO  main            d.u.i.k.p.i.AbstractProblemLoader Loading environment from /home/runner/work/key/key/key.core/../key.ui/examples/standard_key/quantifiers/normalisation6.key.proof 
250464     DEBUG main            d.u.i.k.p.i.AbstractProblemLoader Environment load took 86.2ns 
250465     INFO  main            d.u.i.k.p.i.AbstractProblemLoader Creating init config 
252770     DEBUG main            d.u.i.k.p.i.AbstractProblemLoader Init config took 2.3s 
252782     INFO  main            d.u.i.k.p.i.AbstractProblemLoader Replaying proof normalisation6.key.proof 
252785     DEBUG main            d.u.i.k.p.i.IntermediateProofReplayer Proof replay took 1.18ms 
252786     DEBUG main            d.u.i.k.p.r.p.TestFile    ... success: reloaded. 
252787     INFO  main            d.u.i.k.p.r.p.TestFile    Now processing file /home/runner/work/key/key/key.core/../key.ui/examples/standard_key/quantifiers/normalisation7.key 
252787     INFO  main            d.u.i.k.p.i.AbstractProblemLoader Loading environment from /home/runner/work/key/key/key.core/../key.ui/examples/standard_key/quantifiers/normalisation7.key 
252787     DEBUG main            d.u.i.k.p.i.AbstractProblemLoader Environment load took 89.9ns 
252788     INFO  main            d.u.i.k.p.i.AbstractProblemLoader Creating init config 
255137     DEBUG main            d.u.i.k.p.i.AbstractProblemLoader Init config took 2.35s 
255149     INFO  main            d.u.i.k.p.i.AbstractProblemLoader Replaying proof normalisation7.key 
255151     DEBUG main            d.u.i.k.p.i.IntermediateProofReplayer Proof replay took 7ns 
255252     INFO  main            d.u.i.k.p.r.p.TestFile    ... finished proof: closed. 
255637     INFO  main            d.u.i.k.p.i.AbstractProblemLoader Loading environment from /home/runner/work/key/key/key.core/../key.ui/examples/standard_key/quantifiers/normalisation7.key.proof 
255637     DEBUG main            d.u.i.k.p.i.AbstractProblemLoader Environment load took 87.2ns 
255638     INFO  main            d.u.i.k.p.i.AbstractProblemLoader Creating init config 
257946     DEBUG main            d.u.i.k.p.i.AbstractProblemLoader Init config took 2.31s 
257963     INFO  main            d.u.i.k.p.i.AbstractProblemLoader Replaying proof normalisation7.key.proof 
257965     DEBUG main            d.u.i.k.p.i.IntermediateProofReplayer Proof replay took 1.23ms 
257966     DEBUG main            d.u.i.k.p.r.p.TestFile    ... success: reloaded. 
257967     INFO  main            d.u.i.k.p.r.p.TestFile    Now processing file /home/runner/work/key/key/key.core/../key.ui/examples/standard_key/quantifiers/normalisation8.key 
257967     INFO  main            d.u.i.k.p.i.AbstractProblemLoader Loading environment from /home/runner/work/key/key/key.core/../key.ui/examples/standard_key/quantifiers/normalisation8.key 
257968     DEBUG main            d.u.i.k.p.i.AbstractProblemLoader Environment load took 139ns 
257968     INFO  main            d.u.i.k.p.i.AbstractProblemLoader Creating init config 
260309     DEBUG main            d.u.i.k.p.i.AbstractProblemLoader Init config took 2.34s 
260322     INFO  main            d.u.i.k.p.i.AbstractProblemLoader Replaying proof normalisation8.key 
260323     DEBUG main            d.u.i.k.p.i.IntermediateProofReplayer Proof replay took 6ns 
260425     INFO  main            d.u.i.k.p.r.p.TestFile    ... finished proof: closed. 
260809     INFO  main            d.u.i.k.p.i.AbstractProblemLoader Loading environment from /home/runner/work/key/key/key.core/../key.ui/examples/standard_key/quantifiers/normalisation8.key.proof 
260809     DEBUG main            d.u.i.k.p.i.AbstractProblemLoader Environment load took 85.9ns 
260810     INFO  main            d.u.i.k.p.i.AbstractProblemLoader Creating init config 
263094     DEBUG main            d.u.i.k.p.i.AbstractProblemLoader Init config took 2.28s 
263107     INFO  main            d.u.i.k.p.i.AbstractProblemLoader Replaying proof normalisation8.key.proof 
263112     DEBUG main            d.u.i.k.p.i.IntermediateProofReplayer Proof replay took 2.92ms 
263113     DEBUG main            d.u.i.k.p.r.p.TestFile    ... success: reloaded. 
263113     INFO  main            d.u.i.k.p.r.p.TestFile    Now processing file /home/runner/work/key/key/key.core/../key.ui/examples/standard_key/quantifiers/normalisation9.key 
263114     INFO  main            d.u.i.k.p.i.AbstractProblemLoader Loading environment from /home/runner/work/key/key/key.core/../key.ui/examples/standard_key/quantifiers/normalisation9.key 
263114     DEBUG main            d.u.i.k.p.i.AbstractProblemLoader Environment load took 78.7ns 
263115     INFO  main            d.u.i.k.p.i.AbstractProblemLoader Creating init config 
265528     DEBUG main            d.u.i.k.p.i.AbstractProblemLoader Init config took 2.41s 
265542     INFO  main            d.u.i.k.p.i.AbstractProblemLoader Replaying proof normalisation9.key 
265543     DEBUG main            d.u.i.k.p.i.IntermediateProofReplayer Proof replay took 6.4ns 
265645     INFO  main            d.u.i.k.p.r.p.TestFile    ... finished proof: closed. 
266042     INFO  main            d.u.i.k.p.i.AbstractProblemLoader Loading environment from /home/runner/work/key/key/key.core/../key.ui/examples/standard_key/quantifiers/normalisation9.key.proof 
266042     DEBUG main            d.u.i.k.p.i.AbstractProblemLoader Environment load took 88.2ns 
266043     INFO  main            d.u.i.k.p.i.AbstractProblemLoader Creating init config 
268345     DEBUG main            d.u.i.k.p.i.AbstractProblemLoader Init config took 2.3s 
268362     INFO  main            d.u.i.k.p.i.AbstractProblemLoader Replaying proof normalisation9.key.proof 
268367     DEBUG main            d.u.i.k.p.i.IntermediateProofReplayer Proof replay took 2.55ms 
268367     DEBUG main            d.u.i.k.p.r.p.TestFile    ... success: reloaded. 
268368     INFO  main            d.u.i.k.p.r.p.TestFile    Now processing file /home/runner/work/key/key/key.core/../key.ui/examples/standard_key/quantifiers/normalisation10.key 
268369     INFO  main            d.u.i.k.p.i.AbstractProblemLoader Loading environment from /home/runner/work/key/key/key.core/../key.ui/examples/standard_key/quantifiers/normalisation10.key 
268369     DEBUG main            d.u.i.k.p.i.AbstractProblemLoader Environment load took 171.7ns 
268370     INFO  main            d.u.i.k.p.i.AbstractProblemLoader Creating init config 
270761     DEBUG main            d.u.i.k.p.i.AbstractProblemLoader Init config took 2.39s 
270773     INFO  main            d.u.i.k.p.i.AbstractProblemLoader Replaying proof normalisation10.key 
270775     DEBUG main            d.u.i.k.p.i.IntermediateProofReplayer Proof replay took 5.9ns 
270877     INFO  main            d.u.i.k.p.r.p.TestFile    ... finished proof: closed. 
271272     INFO  main            d.u.i.k.p.i.AbstractProblemLoader Loading environment from /home/runner/work/key/key/key.core/../key.ui/examples/standard_key/quantifiers/normalisation10.key.proof 
271272     DEBUG main            d.u.i.k.p.i.AbstractProblemLoader Environment load took 92.5ns 
271273     INFO  main            d.u.i.k.p.i.AbstractProblemLoader Creating init config 
273561     DEBUG main            d.u.i.k.p.i.AbstractProblemLoader Init config took 2.29s 
273575     INFO  main            d.u.i.k.p.i.AbstractProblemLoader Replaying proof normalisation10.key.proof 
273581     DEBUG main            d.u.i.k.p.i.IntermediateProofReplayer Proof replay took 3.62ms 
273582     DEBUG main            d.u.i.k.p.r.p.TestFile    ... success: reloaded. 
273583     INFO  main            d.u.i.k.p.r.p.TestFile    Now processing file /home/runner/work/key/key/key.core/../key.ui/examples/standard_key/quantifiers/normalisation12.key 
273583     INFO  main            d.u.i.k.p.i.AbstractProblemLoader Loading environment from /home/runner/work/key/key/key.core/../key.ui/examples/standard_key/quantifiers/normalisation12.key 
273583     DEBUG main            d.u.i.k.p.i.AbstractProblemLoader Environment load took 100.8ns 
273584     INFO  main            d.u.i.k.p.i.AbstractProblemLoader Creating init config 
275941     DEBUG main            d.u.i.k.p.i.AbstractProblemLoader Init config took 2.36s 
275955     INFO  main            d.u.i.k.p.i.AbstractProblemLoader Replaying proof normalisation12.key 
275957     DEBUG main            d.u.i.k.p.i.IntermediateProofReplayer Proof replay took 7.6ns 
276059     INFO  main            d.u.i.k.p.r.p.TestFile    ... finished proof: closed. 
276455     INFO  main            d.u.i.k.p.i.AbstractProblemLoader Loading environment from /home/runner/work/key/key/key.core/../key.ui/examples/standard_key/quantifiers/normalisation12.key.proof 
276456     DEBUG main            d.u.i.k.p.i.AbstractProblemLoader Environment load took 93.2ns 
276456     INFO  main            d.u.i.k.p.i.AbstractProblemLoader Creating init config 
278753     DEBUG main            d.u.i.k.p.i.AbstractProblemLoader Init config took 2.3s 
278767     INFO  main            d.u.i.k.p.i.AbstractProblemLoader Replaying proof normalisation12.key.proof 
278770     DEBUG main            d.u.i.k.p.i.IntermediateProofReplayer Proof replay took 889.4ns 
278770     DEBUG main            d.u.i.k.p.r.p.TestFile    ... success: reloaded. 
278771     INFO  main            d.u.i.k.p.r.p.TestFile    Now processing file /home/runner/work/key/key/key.core/../key.ui/examples/standard_key/quantifiers/normalisation13.key 
278771     INFO  main            d.u.i.k.p.i.AbstractProblemLoader Loading environment from /home/runner/work/key/key/key.core/../key.ui/examples/standard_key/quantifiers/normalisation13.key 
278771     DEBUG main            d.u.i.k.p.i.AbstractProblemLoader Environment load took 91.4ns 
278772     INFO  main            d.u.i.k.p.i.AbstractProblemLoader Creating init config 
281136     DEBUG main            d.u.i.k.p.i.AbstractProblemLoader Init config took 2.36s 
281147     INFO  main            d.u.i.k.p.i.AbstractProblemLoader Replaying proof normalisation13.key 
281149     DEBUG main            d.u.i.k.p.i.IntermediateProofReplayer Proof replay took 6.2ns 
281251     INFO  main            d.u.i.k.p.r.p.TestFile    ... finished proof: closed. 
281649     INFO  main            d.u.i.k.p.i.AbstractProblemLoader Loading environment from /home/runner/work/key/key/key.core/../key.ui/examples/standard_key/quantifiers/normalisation13.key.proof 
281649     DEBUG main            d.u.i.k.p.i.AbstractProblemLoader Environment load took 82.7ns 
281650     INFO  main            d.u.i.k.p.i.AbstractProblemLoader Creating init config 
283911     DEBUG main            d.u.i.k.p.i.AbstractProblemLoader Init config took 2.26s 
283923     INFO  main            d.u.i.k.p.i.AbstractProblemLoader Replaying proof normalisation13.key.proof 
283925     DEBUG main            d.u.i.k.p.i.IntermediateProofReplayer Proof replay took 497.8ns 
283925     DEBUG main            d.u.i.k.p.r.p.TestFile    ... success: reloaded. 
283926     INFO  main            d.u.i.k.p.r.p.TestFile    Now processing file /home/runner/work/key/key/key.core/../key.ui/examples/standard_key/quantifiers/triggers0.key 
283927     INFO  main            d.u.i.k.p.i.AbstractProblemLoader Loading environment from /home/runner/work/key/key/key.core/../key.ui/examples/standard_key/quantifiers/triggers0.key 
283927     DEBUG main            d.u.i.k.p.i.AbstractProblemLoader Environment load took 60ns 
283927     INFO  main            d.u.i.k.p.i.AbstractProblemLoader Creating init config 
286324     DEBUG main            d.u.i.k.p.i.AbstractProblemLoader Init config took 2.4s 
286338     INFO  main            d.u.i.k.p.i.AbstractProblemLoader Replaying proof triggers0.key 
286340     DEBUG main            d.u.i.k.p.i.IntermediateProofReplayer Proof replay took 6.3ns 
286442     INFO  main            d.u.i.k.p.r.p.TestFile    ... finished proof: closed. 
286865     INFO  main            d.u.i.k.p.i.AbstractProblemLoader Loading environment from /home/runner/work/key/key/key.core/../key.ui/examples/standard_key/quantifiers/triggers0.key.proof 
286865     DEBUG main            d.u.i.k.p.i.AbstractProblemLoader Environment load took 95.1ns 
286866     INFO  main            d.u.i.k.p.i.AbstractProblemLoader Creating init config 
289187     DEBUG main            d.u.i.k.p.i.AbstractProblemLoader Init config took 2.32s 
289199     INFO  main            d.u.i.k.p.i.AbstractProblemLoader Replaying proof triggers0.key.proof 
289201     DEBUG main            d.u.i.k.p.i.IntermediateProofReplayer Proof replay took 964.2ns 
289202     DEBUG main            d.u.i.k.p.r.p.TestFile    ... success: reloaded. 
3756322    INFO  Test worker     d.u.i.k.p.r.RunAllProofsTestUnit Returning from test FOL 
3756327    INFO  Test worker     d.u.i.k.p.r.RunAllProofsTestUnit Running test strings 
331        INFO  Timeout watchdog d.u.i.k.p.r.p.ForkedTestFileRunner Timeout watcher launched (2000 secs.) 
344        WARN  main            d.u.i.k.s.ProofSettings   The settings in /home/runner/.key/proof-settings.props are *not* read. 
376        INFO  main            d.u.i.k.p.r.p.TestFile    Now processing file /home/runner/work/key/key/key.core/../key.ui/examples/standard_key/strings/charAt0.key 
513        INFO  main            d.u.i.k.p.i.AbstractProblemLoader Loading environment from /home/runner/work/key/key/key.core/../key.ui/examples/standard_key/strings/charAt0.key 
541        DEBUG main            d.u.i.k.p.i.AbstractProblemLoader Environment load took 3.05ms 
817        INFO  main            d.u.i.k.p.i.AbstractProblemLoader Creating init config 
1804       DEBUG main            d.u.i.k.j.TypeConverter   No LDT found for Meta 
1805       DEBUG main            d.u.i.k.j.TypeConverter   No LDT found for Meta 
1808       DEBUG main            d.u.i.k.j.TypeConverter   No LDT found for Meta 
1808       DEBUG main            d.u.i.k.j.TypeConverter   No LDT found for Meta 
3206       DEBUG main            d.u.i.k.j.TypeConverter   No LDT found for JavaBigintExpression 
7936       DEBUG main            d.u.i.k.p.i.AbstractProblemLoader Init config took 7.12s 
8022       INFO  main            d.u.i.k.p.i.AbstractProblemLoader Replaying proof charAt0.key 
8065       DEBUG main            d.u.i.k.p.i.IntermediateProofReplayer Proof replay took 29.5ns 
8427       INFO  main            d.u.i.k.p.r.p.TestFile    ... finished proof: closed. 
8531       INFO  main            d.u.i.k.p.i.AbstractProblemLoader Loading environment from /home/runner/work/key/key/key.core/../key.ui/examples/standard_key/strings/charAt0.key.proof 
8531       DEBUG main            d.u.i.k.p.i.AbstractProblemLoader Environment load took 163.5ns 
8540       INFO  main            d.u.i.k.p.i.AbstractProblemLoader Creating init config 
11231      DEBUG main            d.u.i.k.p.i.AbstractProblemLoader Init config took 2.69s 
11265      INFO  main            d.u.i.k.p.i.AbstractProblemLoader Replaying proof charAt0.key.proof 
11284      DEBUG main            d.u.i.k.p.i.IntermediateProofReplayer Proof replay took 14.02ms 
11295      DEBUG main            d.u.i.k.p.r.p.TestFile    ... success: reloaded. 
11296      INFO  main            d.u.i.k.p.r.p.TestFile    Now processing file /home/runner/work/key/key/key.core/../key.ui/examples/standard_key/strings/charAt1.key 
11296      INFO  main            d.u.i.k.p.i.AbstractProblemLoader Loading environment from /home/runner/work/key/key/key.core/../key.ui/examples/standard_key/strings/charAt1.key 
11297      DEBUG main            d.u.i.k.p.i.AbstractProblemLoader Environment load took 185.5ns 
11299      INFO  main            d.u.i.k.p.i.AbstractProblemLoader Creating init config 
13807      DEBUG main            d.u.i.k.p.i.AbstractProblemLoader Init config took 2.51s 
13841      INFO  main            d.u.i.k.p.i.AbstractProblemLoader Replaying proof charAt1.key 
13846      DEBUG main            d.u.i.k.p.i.IntermediateProofReplayer Proof replay took 5.4ns 
14056      INFO  main            d.u.i.k.p.r.p.TestFile    ... finished proof: closed. 
14186      INFO  main            d.u.i.k.p.i.AbstractProblemLoader Loading environment from /home/runner/work/key/key/key.core/../key.ui/examples/standard_key/strings/charAt1.key.proof 
14188      DEBUG main            d.u.i.k.p.i.AbstractProblemLoader Environment load took 1.77ms 
14193      INFO  main            d.u.i.k.p.i.AbstractProblemLoader Creating init config 
16716      DEBUG main            d.u.i.k.p.i.AbstractProblemLoader Init config took 2.52s 
16740      INFO  main            d.u.i.k.p.i.AbstractProblemLoader Replaying proof charAt1.key.proof 
16765      DEBUG main            d.u.i.k.p.i.IntermediateProofReplayer Proof replay took 20.98ms 
16767      DEBUG main            d.u.i.k.p.r.p.TestFile    ... success: reloaded. 
16768      INFO  main            d.u.i.k.p.r.p.TestFile    Now processing file /home/runner/work/key/key/key.core/../key.ui/examples/standard_key/strings/concat1.key 
16769      INFO  main            d.u.i.k.p.i.AbstractProblemLoader Loading environment from /home/runner/work/key/key/key.core/../key.ui/examples/standard_key/strings/concat1.key 
16769      DEBUG main            d.u.i.k.p.i.AbstractProblemLoader Environment load took 333.4ns 
16772      INFO  main            d.u.i.k.p.i.AbstractProblemLoader Creating init config 
19253      DEBUG main            d.u.i.k.p.i.AbstractProblemLoader Init config took 2.48s 
19276      INFO  main            d.u.i.k.p.i.AbstractProblemLoader Replaying proof concat1.key 
19280      DEBUG main            d.u.i.k.p.i.IntermediateProofReplayer Proof replay took 6.2ns 
19384      INFO  main            d.u.i.k.p.r.p.TestFile    ... finished proof: closed. 
19523      INFO  main            d.u.i.k.p.i.AbstractProblemLoader Loading environment from /home/runner/work/key/key/key.core/../key.ui/examples/standard_key/strings/concat1.key.proof 
19523      DEBUG main            d.u.i.k.p.i.AbstractProblemLoader Environment load took 133.9ns 
19525      INFO  main            d.u.i.k.p.i.AbstractProblemLoader Creating init config 
21952      DEBUG main            d.u.i.k.p.i.AbstractProblemLoader Init config took 2.43s 
21972      INFO  main            d.u.i.k.p.i.AbstractProblemLoader Replaying proof concat1.key.proof 
21976      DEBUG main            d.u.i.k.p.i.IntermediateProofReplayer Proof replay took 1.34ms 
21977      DEBUG main            d.u.i.k.p.r.p.TestFile    ... success: reloaded. 
21978      INFO  main            d.u.i.k.p.r.p.TestFile    Now processing file /home/runner/work/key/key/key.core/../key.ui/examples/standard_key/strings/concat2.key 
21978      INFO  main            d.u.i.k.p.i.AbstractProblemLoader Loading environment from /home/runner/work/key/key/key.core/../key.ui/examples/standard_key/strings/concat2.key 
21978      DEBUG main            d.u.i.k.p.i.AbstractProblemLoader Environment load took 187.4ns 
21980      INFO  main            d.u.i.k.p.i.AbstractProblemLoader Creating init config 
24342      DEBUG main            d.u.i.k.p.i.AbstractProblemLoader Init config took 2.36s 
24362      INFO  main            d.u.i.k.p.i.AbstractProblemLoader Replaying proof concat2.key 
24363      DEBUG main            d.u.i.k.p.i.IntermediateProofReplayer Proof replay took 5.8ns 
24468      INFO  main            d.u.i.k.p.r.p.TestFile    ... finished proof: closed. 
24603      INFO  main            d.u.i.k.p.i.AbstractProblemLoader Loading environment from /home/runner/work/key/key/key.core/../key.ui/examples/standard_key/strings/concat2.key.proof 
24604      DEBUG main            d.u.i.k.p.i.AbstractProblemLoader Environment load took 476.2ns 
24605      INFO  main            d.u.i.k.p.i.AbstractProblemLoader Creating init config 
26987      DEBUG main            d.u.i.k.p.i.AbstractProblemLoader Init config took 2.38s 
27007      INFO  main            d.u.i.k.p.i.AbstractProblemLoader Replaying proof concat2.key.proof 
27017      DEBUG main            d.u.i.k.p.i.IntermediateProofReplayer Proof replay took 7.55ms 
27018      DEBUG main            d.u.i.k.p.r.p.TestFile    ... success: reloaded. 
27019      INFO  main            d.u.i.k.p.r.p.TestFile    Now processing file /home/runner/work/key/key/key.core/../key.ui/examples/standard_key/strings/deriveLength1.key 
27019      INFO  main            d.u.i.k.p.i.AbstractProblemLoader Loading environment from /home/runner/work/key/key/key.core/../key.ui/examples/standard_key/strings/deriveLength1.key 
27019      DEBUG main            d.u.i.k.p.i.AbstractProblemLoader Environment load took 110.1ns 
27020      INFO  main            d.u.i.k.p.i.AbstractProblemLoader Creating init config 
29392      DEBUG main            d.u.i.k.p.i.AbstractProblemLoader Init config took 2.37s 
29411      INFO  main            d.u.i.k.p.i.AbstractProblemLoader Replaying proof deriveLength1.key 
29412      DEBUG main            d.u.i.k.p.i.IntermediateProofReplayer Proof replay took 6.2ns 
29516      INFO  main            d.u.i.k.p.r.p.TestFile    ... finished proof: closed. 
29671      INFO  main            d.u.i.k.p.i.AbstractProblemLoader Loading environment from /home/runner/work/key/key/key.core/../key.ui/examples/standard_key/strings/deriveLength1.key.proof 
29671      DEBUG main            d.u.i.k.p.i.AbstractProblemLoader Environment load took 434.3ns 
29673      INFO  main            d.u.i.k.p.i.AbstractProblemLoader Creating init config 
31989      DEBUG main            d.u.i.k.p.i.AbstractProblemLoader Init config took 2.32s 
32009      INFO  main            d.u.i.k.p.i.AbstractProblemLoader Replaying proof deriveLength1.key.proof 
32020      DEBUG main            d.u.i.k.p.i.IntermediateProofReplayer Proof replay took 8.6ms 
32022      DEBUG main            d.u.i.k.p.r.p.TestFile    ... success: reloaded. 
32023      INFO  main            d.u.i.k.p.r.p.TestFile    Now processing file /home/runner/work/key/key/key.core/../key.ui/examples/standard_key/strings/emptyStringLengthZero.key 
32023      INFO  main            d.u.i.k.p.i.AbstractProblemLoader Loading environment from /home/runner/work/key/key/key.core/../key.ui/examples/standard_key/strings/emptyStringLengthZero.key 
32023      DEBUG main            d.u.i.k.p.i.AbstractProblemLoader Environment load took 107.6ns 
32024      INFO  main            d.u.i.k.p.i.AbstractProblemLoader Creating init config 
34347      DEBUG main            d.u.i.k.p.i.AbstractProblemLoader Init config took 2.32s 
34365      INFO  main            d.u.i.k.p.i.AbstractProblemLoader Replaying proof emptyStringLengthZero.key 
34367      DEBUG main            d.u.i.k.p.i.IntermediateProofReplayer Proof replay took 5.9ns 
34472      INFO  main            d.u.i.k.p.r.p.TestFile    ... finished proof: closed. 
34617      INFO  main            d.u.i.k.p.i.AbstractProblemLoader Loading environment from /home/runner/work/key/key/key.core/../key.ui/examples/standard_key/strings/emptyStringLengthZero.key.proof 
34618      DEBUG main            d.u.i.k.p.i.AbstractProblemLoader Environment load took 123ns 
34619      INFO  main            d.u.i.k.p.i.AbstractProblemLoader Creating init config 
36946      DEBUG main            d.u.i.k.p.i.AbstractProblemLoader Init config took 2.33s 
36965      INFO  main            d.u.i.k.p.i.AbstractProblemLoader Replaying proof emptyStringLengthZero.key.proof 
36981      DEBUG main            d.u.i.k.p.i.IntermediateProofReplayer Proof replay took 11.3ms 
36982      DEBUG main            d.u.i.k.p.r.p.TestFile    ... success: reloaded. 
36983      INFO  main            d.u.i.k.p.r.p.TestFile    Now processing file /home/runner/work/key/key/key.core/../key.ui/examples/standard_key/strings/implicitBooleanStringConversion.key 
36984      INFO  main            d.u.i.k.p.i.AbstractProblemLoader Loading environment from /home/runner/work/key/key/key.core/../key.ui/examples/standard_key/strings/implicitBooleanStringConversion.key 
36984      DEBUG main            d.u.i.k.p.i.AbstractProblemLoader Environment load took 177.71ns 
36985      INFO  main            d.u.i.k.p.i.AbstractProblemLoader Creating init config 
39485      DEBUG main            d.u.i.k.p.i.AbstractProblemLoader Init config took 2.5s 
39505      INFO  main            d.u.i.k.p.i.AbstractProblemLoader Replaying proof implicitBooleanStringConversion.key 
39507      DEBUG main            d.u.i.k.p.i.IntermediateProofReplayer Proof replay took 6.7ns 
40438      INFO  main            d.u.i.k.p.r.p.TestFile    ... finished proof: closed. 
40637      INFO  main            d.u.i.k.p.i.AbstractProblemLoader Loading environment from /home/runner/work/key/key/key.core/../key.ui/examples/standard_key/strings/implicitBooleanStringConversion.key.proof 
40637      DEBUG main            d.u.i.k.p.i.AbstractProblemLoader Environment load took 131.7ns 
40639      INFO  main            d.u.i.k.p.i.AbstractProblemLoader Creating init config 
42982      DEBUG main            d.u.i.k.p.i.AbstractProblemLoader Init config took 2.34s 
43000      INFO  main            d.u.i.k.p.i.AbstractProblemLoader Replaying proof implicitBooleanStringConversion.key.proof 
43064      DEBUG main            d.u.i.k.p.i.IntermediateProofReplayer Proof replay took 58.33ms 
43065      DEBUG main            d.u.i.k.p.r.p.TestFile    ... success: reloaded. 
43066      INFO  main            d.u.i.k.p.r.p.TestFile    Now processing file /home/runner/work/key/key/key.core/../key.ui/examples/standard_key/strings/implicitBooleanStringConversion2.key 
43066      INFO  main            d.u.i.k.p.i.AbstractProblemLoader Loading environment from /home/runner/work/key/key/key.core/../key.ui/examples/standard_key/strings/implicitBooleanStringConversion2.key 
43066      DEBUG main            d.u.i.k.p.i.AbstractProblemLoader Environment load took 101.9ns 
43067      INFO  main            d.u.i.k.p.i.AbstractProblemLoader Creating init config 
45469      DEBUG main            d.u.i.k.p.i.AbstractProblemLoader Init config took 2.4s 
45487      INFO  main            d.u.i.k.p.i.AbstractProblemLoader Replaying proof implicitBooleanStringConversion2.key 
45488      DEBUG main            d.u.i.k.p.i.IntermediateProofReplayer Proof replay took 6ns 
45791      INFO  main            d.u.i.k.p.r.p.TestFile    ... finished proof: closed. 
46013      INFO  main            d.u.i.k.p.i.AbstractProblemLoader Loading environment from /home/runner/work/key/key/key.core/../key.ui/examples/standard_key/strings/implicitBooleanStringConversion2.key.proof 
46013      DEBUG main            d.u.i.k.p.i.AbstractProblemLoader Environment load took 405.51ns 
46014      INFO  main            d.u.i.k.p.i.AbstractProblemLoader Creating init config 
48385      DEBUG main            d.u.i.k.p.i.AbstractProblemLoader Init config took 2.37s 
48403      INFO  main            d.u.i.k.p.i.AbstractProblemLoader Replaying proof implicitBooleanStringConversion2.key.proof 
48433      DEBUG main            d.u.i.k.p.i.IntermediateProofReplayer Proof replay took 25.77ms 
48434      DEBUG main            d.u.i.k.p.r.p.TestFile    ... success: reloaded. 
48435      INFO  main            d.u.i.k.p.r.p.TestFile    Now processing file /home/runner/work/key/key/key.core/../key.ui/examples/standard_key/strings/implicitIntStringConversion.key 
48435      INFO  main            d.u.i.k.p.i.AbstractProblemLoader Loading environment from /home/runner/work/key/key/key.core/../key.ui/examples/standard_key/strings/implicitIntStringConversion.key 
48435      DEBUG main            d.u.i.k.p.i.AbstractProblemLoader Environment load took 180.7ns 
48436      INFO  main            d.u.i.k.p.i.AbstractProblemLoader Creating init config 
50758      DEBUG main            d.u.i.k.p.i.AbstractProblemLoader Init config took 2.32s 
50776      INFO  main            d.u.i.k.p.i.AbstractProblemLoader Replaying proof implicitIntStringConversion.key 
50778      DEBUG main            d.u.i.k.p.i.IntermediateProofReplayer Proof replay took 6.8ns 
51482      INFO  main            d.u.i.k.p.r.p.TestFile    ... finished proof: closed. 
51692      INFO  main            d.u.i.k.p.i.AbstractProblemLoader Loading environment from /home/runner/work/key/key/key.core/../key.ui/examples/standard_key/strings/implicitIntStringConversion.key.proof 
51697      DEBUG main            d.u.i.k.p.i.AbstractProblemLoader Environment load took 4.53ms 
51698      INFO  main            d.u.i.k.p.i.AbstractProblemLoader Creating init config 
54030      DEBUG main            d.u.i.k.p.i.AbstractProblemLoader Init config took 2.33s 
54046      INFO  main            d.u.i.k.p.i.AbstractProblemLoader Replaying proof implicitIntStringConversion.key.proof 
54101      DEBUG main            d.u.i.k.p.i.IntermediateProofReplayer Proof replay took 49.08ms 
54102      DEBUG main            d.u.i.k.p.r.p.TestFile    ... success: reloaded. 
54103      INFO  main            d.u.i.k.p.r.p.TestFile    Now processing file /home/runner/work/key/key/key.core/../key.ui/examples/standard_key/strings/implicitNullStringConversion.key 
54103      INFO  main            d.u.i.k.p.i.AbstractProblemLoader Loading environment from /home/runner/work/key/key/key.core/../key.ui/examples/standard_key/strings/implicitNullStringConversion.key 
54103      DEBUG main            d.u.i.k.p.i.AbstractProblemLoader Environment load took 100.4ns 
54104      INFO  main            d.u.i.k.p.i.AbstractProblemLoader Creating init config 
56438      DEBUG main            d.u.i.k.p.i.AbstractProblemLoader Init config took 2.33s 
56454      INFO  main            d.u.i.k.p.i.AbstractProblemLoader Replaying proof implicitNullStringConversion.key 
56455      DEBUG main            d.u.i.k.p.i.IntermediateProofReplayer Proof replay took 6.8ns 
56761      INFO  main            d.u.i.k.p.r.p.TestFile    ... finished proof: closed. 
56980      INFO  main            d.u.i.k.p.i.AbstractProblemLoader Loading environment from /home/runner/work/key/key/key.core/../key.ui/examples/standard_key/strings/implicitNullStringConversion.key.proof 
56980      DEBUG main            d.u.i.k.p.i.AbstractProblemLoader Environment load took 114ns 
56981      INFO  main            d.u.i.k.p.i.AbstractProblemLoader Creating init config 
59317      DEBUG main            d.u.i.k.p.i.AbstractProblemLoader Init config took 2.34s 
59333      INFO  main            d.u.i.k.p.i.AbstractProblemLoader Replaying proof implicitNullStringConversion.key.proof 
59359      DEBUG main            d.u.i.k.p.i.IntermediateProofReplayer Proof replay took 21.69ms 
59360      DEBUG main            d.u.i.k.p.r.p.TestFile    ... success: reloaded. 
59360      INFO  main            d.u.i.k.p.r.p.TestFile    Now processing file /home/runner/work/key/key/key.core/../key.ui/examples/standard_key/strings/implicitNullStringConversion2.key 
59361      INFO  main            d.u.i.k.p.i.AbstractProblemLoader Loading environment from /home/runner/work/key/key/key.core/../key.ui/examples/standard_key/strings/implicitNullStringConversion2.key 
59361      DEBUG main            d.u.i.k.p.i.AbstractProblemLoader Environment load took 74.2ns 
59362      INFO  main            d.u.i.k.p.i.AbstractProblemLoader Creating init config 
61698      DEBUG main            d.u.i.k.p.i.AbstractProblemLoader Init config took 2.34s 
61715      INFO  main            d.u.i.k.p.i.AbstractProblemLoader Replaying proof implicitNullStringConversion2.key 
61716      DEBUG main            d.u.i.k.p.i.IntermediateProofReplayer Proof replay took 7ns 
61919      INFO  main            d.u.i.k.p.r.p.TestFile    ... finished proof: closed. 
62132      INFO  main            d.u.i.k.p.i.AbstractProblemLoader Loading environment from /home/runner/work/key/key/key.core/../key.ui/examples/standard_key/strings/implicitNullStringConversion2.key.proof 
62133      DEBUG main            d.u.i.k.p.i.AbstractProblemLoader Environment load took 1.43ms 
62135      INFO  main            d.u.i.k.p.i.AbstractProblemLoader Creating init config 
64541      DEBUG main            d.u.i.k.p.i.AbstractProblemLoader Init config took 2.41s 
64558      INFO  main            d.u.i.k.p.i.AbstractProblemLoader Replaying proof implicitNullStringConversion2.key.proof 
64581      DEBUG main            d.u.i.k.p.i.IntermediateProofReplayer Proof replay took 19.27ms 
64582      DEBUG main            d.u.i.k.p.r.p.TestFile    ... success: reloaded. 
64582      INFO  main            d.u.i.k.p.r.p.TestFile    Now processing file /home/runner/work/key/key/key.core/../key.ui/examples/standard_key/strings/implicitObjectStringConversion.key 
64583      INFO  main            d.u.i.k.p.i.AbstractProblemLoader Loading environment from /home/runner/work/key/key/key.core/../key.ui/examples/standard_key/strings/implicitObjectStringConversion.key 
64583      DEBUG main            d.u.i.k.p.i.AbstractProblemLoader Environment load took 303.1ns 
64584      INFO  main            d.u.i.k.p.i.AbstractProblemLoader Creating init config 
67074      DEBUG main            d.u.i.k.p.i.AbstractProblemLoader Init config took 2.49s 
67092      INFO  main            d.u.i.k.p.i.AbstractProblemLoader Replaying proof implicitObjectStringConversion.key 
67093      DEBUG main            d.u.i.k.p.i.IntermediateProofReplayer Proof replay took 6.7ns 
67704      INFO  main            d.u.i.k.p.r.p.TestFile    ... finished proof: closed. 
67940      INFO  main            d.u.i.k.p.i.AbstractProblemLoader Loading environment from /home/runner/work/key/key/key.core/../key.ui/examples/standard_key/strings/implicitObjectStringConversion.key.proof 
67942      DEBUG main            d.u.i.k.p.i.AbstractProblemLoader Environment load took 1.94ms 
67943      INFO  main            d.u.i.k.p.i.AbstractProblemLoader Creating init config 
70440      DEBUG main            d.u.i.k.p.i.AbstractProblemLoader Init config took 2.5s 
70457      INFO  main            d.u.i.k.p.i.AbstractProblemLoader Replaying proof implicitObjectStringConversion.key.proof 
70514      DEBUG main            d.u.i.k.p.i.IntermediateProofReplayer Proof replay took 53.26ms 
70516      DEBUG main            d.u.i.k.p.r.p.TestFile    ... success: reloaded. 
70517      INFO  main            d.u.i.k.p.r.p.TestFile    Now processing file /home/runner/work/key/key/key.core/../key.ui/examples/standard_key/strings/literalEquality.key 
70517      INFO  main            d.u.i.k.p.i.AbstractProblemLoader Loading environment from /home/runner/work/key/key/key.core/../key.ui/examples/standard_key/strings/literalEquality.key 
70518      DEBUG main            d.u.i.k.p.i.AbstractProblemLoader Environment load took 205.1ns 
70519      INFO  main            d.u.i.k.p.i.AbstractProblemLoader Creating init config 
72876      DEBUG main            d.u.i.k.p.i.AbstractProblemLoader Init config took 2.36s 
72892      INFO  main            d.u.i.k.p.i.AbstractProblemLoader Replaying proof literalEquality.key 
72893      DEBUG main            d.u.i.k.p.i.IntermediateProofReplayer Proof replay took 6.6ns 
72996      INFO  main            d.u.i.k.p.r.p.TestFile    ... finished proof: closed. 
73243      INFO  main            d.u.i.k.p.i.AbstractProblemLoader Loading environment from /home/runner/work/key/key/key.core/../key.ui/examples/standard_key/strings/literalEquality.key.proof 
73244      DEBUG main            d.u.i.k.p.i.AbstractProblemLoader Environment load took 124.3ns 
73245      INFO  main            d.u.i.k.p.i.AbstractProblemLoader Creating init config 
75520      DEBUG main            d.u.i.k.p.i.AbstractProblemLoader Init config took 2.28s 
75537      INFO  main            d.u.i.k.p.i.AbstractProblemLoader Replaying proof literalEquality.key.proof 
75542      DEBUG main            d.u.i.k.p.i.IntermediateProofReplayer Proof replay took 2.84ms 
75543      DEBUG main            d.u.i.k.p.r.p.TestFile    ... success: reloaded. 
75544      INFO  main            d.u.i.k.p.r.p.TestFile    Now processing file /home/runner/work/key/key/key.core/../key.ui/examples/standard_key/strings/replace0.key 
75544      INFO  main            d.u.i.k.p.i.AbstractProblemLoader Loading environment from /home/runner/work/key/key/key.core/../key.ui/examples/standard_key/strings/replace0.key 
75544      DEBUG main            d.u.i.k.p.i.AbstractProblemLoader Environment load took 181.5ns 
75545      INFO  main            d.u.i.k.p.i.AbstractProblemLoader Creating init config 
77832      DEBUG main            d.u.i.k.p.i.AbstractProblemLoader Init config took 2.29s 
77845      INFO  main            d.u.i.k.p.i.AbstractProblemLoader Replaying proof replace0.key 
77847      DEBUG main            d.u.i.k.p.i.IntermediateProofReplayer Proof replay took 5.7ns 
77951      INFO  main            d.u.i.k.p.r.p.TestFile    ... finished proof: closed. 
78199      INFO  main            d.u.i.k.p.i.AbstractProblemLoader Loading environment from /home/runner/work/key/key/key.core/../key.ui/examples/standard_key/strings/replace0.key.proof 
78199      DEBUG main            d.u.i.k.p.i.AbstractProblemLoader Environment load took 159.6ns 
78200      INFO  main            d.u.i.k.p.i.AbstractProblemLoader Creating init config 
80397      DEBUG main            d.u.i.k.p.i.AbstractProblemLoader Init config took 2.2s 
80420      INFO  main            d.u.i.k.p.i.AbstractProblemLoader Replaying proof replace0.key.proof 
80425      DEBUG main            d.u.i.k.p.i.IntermediateProofReplayer Proof replay took 2.79ms 
80426      DEBUG main            d.u.i.k.p.r.p.TestFile    ... success: reloaded. 
80427      INFO  main            d.u.i.k.p.r.p.TestFile    Now processing file /home/runner/work/key/key/key.core/../key.ui/examples/standard_key/strings/replace1.key 
80427      INFO  main            d.u.i.k.p.i.AbstractProblemLoader Loading environment from /home/runner/work/key/key/key.core/../key.ui/examples/standard_key/strings/replace1.key 
80427      DEBUG main            d.u.i.k.p.i.AbstractProblemLoader Environment load took 195.2ns 
80428      INFO  main            d.u.i.k.p.i.AbstractProblemLoader Creating init config 
82723      DEBUG main            d.u.i.k.p.i.AbstractProblemLoader Init config took 2.29s 
82737      INFO  main            d.u.i.k.p.i.AbstractProblemLoader Replaying proof replace1.key 
82739      DEBUG main            d.u.i.k.p.i.IntermediateProofReplayer Proof replay took 24.3ns 
82843      INFO  main            d.u.i.k.p.r.p.TestFile    ... finished proof: closed. 
83064      INFO  main            d.u.i.k.p.i.AbstractProblemLoader Loading environment from /home/runner/work/key/key/key.core/../key.ui/examples/standard_key/strings/replace1.key.proof 
83065      DEBUG main            d.u.i.k.p.i.AbstractProblemLoader Environment load took 135.2ns 
83066      INFO  main            d.u.i.k.p.i.AbstractProblemLoader Creating init config 
85285      DEBUG main            d.u.i.k.p.i.AbstractProblemLoader Init config took 2.22s 
85298      INFO  main            d.u.i.k.p.i.AbstractProblemLoader Replaying proof replace1.key.proof 
85304      DEBUG main            d.u.i.k.p.i.IntermediateProofReplayer Proof replay took 3.91ms 
85304      DEBUG main            d.u.i.k.p.r.p.TestFile    ... success: reloaded. 
85305      INFO  main            d.u.i.k.p.r.p.TestFile    Now processing file /home/runner/work/key/key/key.core/../key.ui/examples/standard_key/strings/simpleAssignment.key 
85305      INFO  main            d.u.i.k.p.i.AbstractProblemLoader Loading environment from /home/runner/work/key/key/key.core/../key.ui/examples/standard_key/strings/simpleAssignment.key 
85305      DEBUG main            d.u.i.k.p.i.AbstractProblemLoader Environment load took 169.6ns 
85306      INFO  main            d.u.i.k.p.i.AbstractProblemLoader Creating init config 
87602      DEBUG main            d.u.i.k.p.i.AbstractProblemLoader Init config took 2.3s 
87616      INFO  main            d.u.i.k.p.i.AbstractProblemLoader Replaying proof simpleAssignment.key 
87617      DEBUG main            d.u.i.k.p.i.IntermediateProofReplayer Proof replay took 6.1ns 
87719      INFO  main            d.u.i.k.p.r.p.TestFile    ... finished proof: closed. 
87932      INFO  main            d.u.i.k.p.i.AbstractProblemLoader Loading environment from /home/runner/work/key/key/key.core/../key.ui/examples/standard_key/strings/simpleAssignment.key.proof 
87932      DEBUG main            d.u.i.k.p.i.AbstractProblemLoader Environment load took 114.6ns 
87933      INFO  main            d.u.i.k.p.i.AbstractProblemLoader Creating init config 
90185      DEBUG main            d.u.i.k.p.i.AbstractProblemLoader Init config took 2.25s 
90198      INFO  main            d.u.i.k.p.i.AbstractProblemLoader Replaying proof simpleAssignment.key.proof 
90201      DEBUG main            d.u.i.k.p.i.IntermediateProofReplayer Proof replay took 1.35ms 
90203      DEBUG main            d.u.i.k.p.r.p.TestFile    ... success: reloaded. 
90203      INFO  main            d.u.i.k.p.r.p.TestFile    Now processing file /home/runner/work/key/key/key.core/../key.ui/examples/standard_key/strings/simpleLengthComp.key 
90203      INFO  main            d.u.i.k.p.i.AbstractProblemLoader Loading environment from /home/runner/work/key/key/key.core/../key.ui/examples/standard_key/strings/simpleLengthComp.key 
90204      DEBUG main            d.u.i.k.p.i.AbstractProblemLoader Environment load took 167.5ns 
90205      INFO  main            d.u.i.k.p.i.AbstractProblemLoader Creating init config 
92488      DEBUG main            d.u.i.k.p.i.AbstractProblemLoader Init config took 2.28s 
92502      INFO  main            d.u.i.k.p.i.AbstractProblemLoader Replaying proof simpleLengthComp.key 
92505      DEBUG main            d.u.i.k.p.i.IntermediateProofReplayer Proof replay took 23.3ns 
92707      INFO  main            d.u.i.k.p.r.p.TestFile    ... finished proof: closed. 
92960      INFO  main            d.u.i.k.p.i.AbstractProblemLoader Loading environment from /home/runner/work/key/key/key.core/../key.ui/examples/standard_key/strings/simpleLengthComp.key.proof 
92960      DEBUG main            d.u.i.k.p.i.AbstractProblemLoader Environment load took 127.7ns 
92962      INFO  main            d.u.i.k.p.i.AbstractProblemLoader Creating init config 
95222      DEBUG main            d.u.i.k.p.i.AbstractProblemLoader Init config took 2.26s 
95238      INFO  main            d.u.i.k.p.i.AbstractProblemLoader Replaying proof simpleLengthComp.key.proof 
95262      DEBUG main            d.u.i.k.p.i.IntermediateProofReplayer Proof replay took 22.34ms 
95263      DEBUG main            d.u.i.k.p.r.p.TestFile    ... success: reloaded. 
95264      INFO  main            d.u.i.k.p.r.p.TestFile    Now processing file /home/runner/work/key/key/key.core/../key.ui/examples/standard_key/strings/stringCompileTimeConstant1.key 
95265      INFO  main            d.u.i.k.p.i.AbstractProblemLoader Loading environment from /home/runner/work/key/key/key.core/../key.ui/examples/standard_key/strings/stringCompileTimeConstant1.key 
95265      DEBUG main            d.u.i.k.p.i.AbstractProblemLoader Environment load took 193ns 
95266      INFO  main            d.u.i.k.p.i.AbstractProblemLoader Creating init config 
97539      DEBUG main            d.u.i.k.p.i.AbstractProblemLoader Init config took 2.27s 
97554      INFO  main            d.u.i.k.p.i.AbstractProblemLoader Replaying proof stringCompileTimeConstant1.key 
97555      DEBUG main            d.u.i.k.p.i.IntermediateProofReplayer Proof replay took 6.4ns 
97659      INFO  main            d.u.i.k.p.r.p.TestFile    ... finished proof: closed. 
97886      INFO  main            d.u.i.k.p.i.AbstractProblemLoader Loading environment from /home/runner/work/key/key/key.core/../key.ui/examples/standard_key/strings/stringCompileTimeConstant1.key.proof 
97886      DEBUG main            d.u.i.k.p.i.AbstractProblemLoader Environment load took 107.5ns 
97888      INFO  main            d.u.i.k.p.i.AbstractProblemLoader Creating init config 
100119     DEBUG main            d.u.i.k.p.i.AbstractProblemLoader Init config took 2.23s 
100134     INFO  main            d.u.i.k.p.i.AbstractProblemLoader Replaying proof stringCompileTimeConstant1.key.proof 
100140     DEBUG main            d.u.i.k.p.i.IntermediateProofReplayer Proof replay took 3.6ms 
100141     DEBUG main            d.u.i.k.p.r.p.TestFile    ... success: reloaded. 
100141     INFO  main            d.u.i.k.p.r.p.TestFile    Now processing file /home/runner/work/key/key/key.core/../key.ui/examples/standard_key/strings/stringCompileTimeConstant2.key 
100141     INFO  main            d.u.i.k.p.i.AbstractProblemLoader Loading environment from /home/runner/work/key/key/key.core/../key.ui/examples/standard_key/strings/stringCompileTimeConstant2.key 
100141     DEBUG main            d.u.i.k.p.i.AbstractProblemLoader Environment load took 92.1ns 
100143     INFO  main            d.u.i.k.p.i.AbstractProblemLoader Creating init config 
102603     DEBUG main            d.u.i.k.p.i.AbstractProblemLoader Init config took 2.46s 
102618     INFO  main            d.u.i.k.p.i.AbstractProblemLoader Replaying proof stringCompileTimeConstant2.key 
102620     DEBUG main            d.u.i.k.p.i.IntermediateProofReplayer Proof replay took 6.9ns 
105435     INFO  main            d.u.i.k.p.r.p.TestFile    ... finished proof: closed. 
105731     INFO  main            d.u.i.k.p.i.AbstractProblemLoader Loading environment from /home/runner/work/key/key/key.core/../key.ui/examples/standard_key/strings/stringCompileTimeConstant2.key.proof 
105731     DEBUG main            d.u.i.k.p.i.AbstractProblemLoader Environment load took 361.2ns 
105733     INFO  main            d.u.i.k.p.i.AbstractProblemLoader Creating init config 
108105     DEBUG main            d.u.i.k.p.i.AbstractProblemLoader Init config took 2.37s 
108120     INFO  main            d.u.i.k.p.i.AbstractProblemLoader Replaying proof stringCompileTimeConstant2.key.proof 
108393     DEBUG main            d.u.i.k.p.i.IntermediateProofReplayer Proof replay took 261.89ms 
108394     DEBUG main            d.u.i.k.p.r.p.TestFile    ... success: reloaded. 
108396     INFO  main            d.u.i.k.p.r.p.TestFile    Now processing file /home/runner/work/key/key/key.core/../key.ui/examples/standard_key/strings/stringEquality1.key 
108396     INFO  main            d.u.i.k.p.i.AbstractProblemLoader Loading environment from /home/runner/work/key/key/key.core/../key.ui/examples/standard_key/strings/stringEquality1.key 
108396     DEBUG main            d.u.i.k.p.i.AbstractProblemLoader Environment load took 234.3ns 
108397     INFO  main            d.u.i.k.p.i.AbstractProblemLoader Creating init config 
110692     DEBUG main            d.u.i.k.p.i.AbstractProblemLoader Init config took 2.29s 
110706     INFO  main            d.u.i.k.p.i.AbstractProblemLoader Replaying proof stringEquality1.key 
110708     DEBUG main            d.u.i.k.p.i.IntermediateProofReplayer Proof replay took 6.6ns 
110812     INFO  main            d.u.i.k.p.r.p.TestFile    ... finished proof: closed. 
111092     INFO  main            d.u.i.k.p.i.AbstractProblemLoader Loading environment from /home/runner/work/key/key/key.core/../key.ui/examples/standard_key/strings/stringEquality1.key.proof 
111092     DEBUG main            d.u.i.k.p.i.AbstractProblemLoader Environment load took 100.4ns 
111093     INFO  main            d.u.i.k.p.i.AbstractProblemLoader Creating init config 
113263     DEBUG main            d.u.i.k.p.i.AbstractProblemLoader Init config took 2.17s 
113276     INFO  main            d.u.i.k.p.i.AbstractProblemLoader Replaying proof stringEquality1.key.proof 
113284     DEBUG main            d.u.i.k.p.i.IntermediateProofReplayer Proof replay took 5.75ms 
113285     DEBUG main            d.u.i.k.p.r.p.TestFile    ... success: reloaded. 
113285     INFO  main            d.u.i.k.p.r.p.TestFile    Now processing file /home/runner/work/key/key/key.core/../key.ui/examples/standard_key/strings/stringEquality2.key 
113286     INFO  main            d.u.i.k.p.i.AbstractProblemLoader Loading environment from /home/runner/work/key/key/key.core/../key.ui/examples/standard_key/strings/stringEquality2.key 
113286     DEBUG main            d.u.i.k.p.i.AbstractProblemLoader Environment load took 159.1ns 
113288     INFO  main            d.u.i.k.p.i.AbstractProblemLoader Creating init config 
115614     DEBUG main            d.u.i.k.p.i.AbstractProblemLoader Init config took 2.33s 
115627     INFO  main            d.u.i.k.p.i.AbstractProblemLoader Replaying proof stringEquality2.key 
115628     DEBUG main            d.u.i.k.p.i.IntermediateProofReplayer Proof replay took 5.5ns 
116031     INFO  main            d.u.i.k.p.r.p.TestFile    ... finished proof: closed. 
116314     INFO  main            d.u.i.k.p.i.AbstractProblemLoader Loading environment from /home/runner/work/key/key/key.core/../key.ui/examples/standard_key/strings/stringEquality2.key.proof 
116314     DEBUG main            d.u.i.k.p.i.AbstractProblemLoader Environment load took 392.7ns 
116316     INFO  main            d.u.i.k.p.i.AbstractProblemLoader Creating init config 
118555     DEBUG main            d.u.i.k.p.i.AbstractProblemLoader Init config took 2.24s 
118570     INFO  main            d.u.i.k.p.i.AbstractProblemLoader Replaying proof stringEquality2.key.proof 
118598     DEBUG main            d.u.i.k.p.i.IntermediateProofReplayer Proof replay took 24.21ms 
118599     DEBUG main            d.u.i.k.p.r.p.TestFile    ... success: reloaded. 
118600     INFO  main            d.u.i.k.p.r.p.TestFile    Now processing file /home/runner/work/key/key/key.core/../key.ui/examples/standard_key/strings/substring0.key 
118600     INFO  main            d.u.i.k.p.i.AbstractProblemLoader Loading environment from /home/runner/work/key/key/key.core/../key.ui/examples/standard_key/strings/substring0.key 
118601     DEBUG main            d.u.i.k.p.i.AbstractProblemLoader Environment load took 241.7ns 
118602     INFO  main            d.u.i.k.p.i.AbstractProblemLoader Creating init config 
120908     DEBUG main            d.u.i.k.p.i.AbstractProblemLoader Init config took 2.31s 
120921     INFO  main            d.u.i.k.p.i.AbstractProblemLoader Replaying proof substring0.key 
120922     DEBUG main            d.u.i.k.p.i.IntermediateProofReplayer Proof replay took 6.3ns 
121025     INFO  main            d.u.i.k.p.r.p.TestFile    ... finished proof: closed. 
121297     INFO  main            d.u.i.k.p.i.AbstractProblemLoader Loading environment from /home/runner/work/key/key/key.core/../key.ui/examples/standard_key/strings/substring0.key.proof 
121297     DEBUG main            d.u.i.k.p.i.AbstractProblemLoader Environment load took 104.7ns 
121298     INFO  main            d.u.i.k.p.i.AbstractProblemLoader Creating init config 
123528     DEBUG main            d.u.i.k.p.i.AbstractProblemLoader Init config took 2.23s 
123542     INFO  main            d.u.i.k.p.i.AbstractProblemLoader Replaying proof substring0.key.proof 
123544     DEBUG main            d.u.i.k.p.i.IntermediateProofReplayer Proof replay took 432ns 
123545     DEBUG main            d.u.i.k.p.r.p.TestFile    ... success: reloaded. 
123546     INFO  main            d.u.i.k.p.r.p.TestFile    Now processing file /home/runner/work/key/key/key.core/../key.ui/examples/standard_key/strings/substring1.key 
123546     INFO  main            d.u.i.k.p.i.AbstractProblemLoader Loading environment from /home/runner/work/key/key/key.core/../key.ui/examples/standard_key/strings/substring1.key 
123546     DEBUG main            d.u.i.k.p.i.AbstractProblemLoader Environment load took 98.6ns 
123547     INFO  main            d.u.i.k.p.i.AbstractProblemLoader Creating init config 
125797     DEBUG main            d.u.i.k.p.i.AbstractProblemLoader Init config took 2.25s 
125810     INFO  main            d.u.i.k.p.i.AbstractProblemLoader Replaying proof substring1.key 
125811     DEBUG main            d.u.i.k.p.i.IntermediateProofReplayer Proof replay took 6.6ns 
125915     INFO  main            d.u.i.k.p.r.p.TestFile    ... finished proof: closed. 
126180     INFO  main            d.u.i.k.p.i.AbstractProblemLoader Loading environment from /home/runner/work/key/key/key.core/../key.ui/examples/standard_key/strings/substring1.key.proof 
126181     DEBUG main            d.u.i.k.p.i.AbstractProblemLoader Environment load took 126.2ns 
126182     INFO  main            d.u.i.k.p.i.AbstractProblemLoader Creating init config 
128370     DEBUG main            d.u.i.k.p.i.AbstractProblemLoader Init config took 2.19s 
128382     INFO  main            d.u.i.k.p.i.AbstractProblemLoader Replaying proof substring1.key.proof 
128384     DEBUG main            d.u.i.k.p.i.IntermediateProofReplayer Proof replay took 432.1ns 
128385     DEBUG main            d.u.i.k.p.r.p.TestFile    ... success: reloaded. 
128385     INFO  main            d.u.i.k.p.r.p.TestFile    Now processing file /home/runner/work/key/key/key.core/../key.ui/examples/standard_key/strings/substring2.key 
128385     INFO  main            d.u.i.k.p.i.AbstractProblemLoader Loading environment from /home/runner/work/key/key/key.core/../key.ui/examples/standard_key/strings/substring2.key 
128385     DEBUG main            d.u.i.k.p.i.AbstractProblemLoader Environment load took 65.1ns 
128386     INFO  main            d.u.i.k.p.i.AbstractProblemLoader Creating init config 
130613     DEBUG main            d.u.i.k.p.i.AbstractProblemLoader Init config took 2.23s 
130626     INFO  main            d.u.i.k.p.i.AbstractProblemLoader Replaying proof substring2.key 
130627     DEBUG main            d.u.i.k.p.i.IntermediateProofReplayer Proof replay took 6.4ns 
130728     INFO  main            d.u.i.k.p.r.p.TestFile    ... finished proof: closed. 
130999     INFO  main            d.u.i.k.p.i.AbstractProblemLoader Loading environment from /home/runner/work/key/key/key.core/../key.ui/examples/standard_key/strings/substring2.key.proof 
130999     DEBUG main            d.u.i.k.p.i.AbstractProblemLoader Environment load took 102.9ns 
131000     INFO  main            d.u.i.k.p.i.AbstractProblemLoader Creating init config 
133183     DEBUG main            d.u.i.k.p.i.AbstractProblemLoader Init config took 2.18s 
133196     INFO  main            d.u.i.k.p.i.AbstractProblemLoader Replaying proof substring2.key.proof 
133198     DEBUG main            d.u.i.k.p.i.IntermediateProofReplayer Proof replay took 932.51ns 
133199     DEBUG main            d.u.i.k.p.r.p.TestFile    ... success: reloaded. 
133200     INFO  main            d.u.i.k.p.r.p.TestFile    Now processing file /home/runner/work/key/key/key.core/../key.ui/examples/standard_key/strings/substring3.key 
133200     INFO  main            d.u.i.k.p.i.AbstractProblemLoader Loading environment from /home/runner/work/key/key/key.core/../key.ui/examples/standard_key/strings/substring3.key 
133200     DEBUG main            d.u.i.k.p.i.AbstractProblemLoader Environment load took 73.8ns 
133201     INFO  main            d.u.i.k.p.i.AbstractProblemLoader Creating init config 
135526     DEBUG main            d.u.i.k.p.i.AbstractProblemLoader Init config took 2.33s 
135539     INFO  main            d.u.i.k.p.i.AbstractProblemLoader Replaying proof substring3.key 
135541     DEBUG main            d.u.i.k.p.i.IntermediateProofReplayer Proof replay took 16.4ns 
135643     INFO  main            d.u.i.k.p.r.p.TestFile    ... finished proof: closed. 
135954     INFO  main            d.u.i.k.p.i.AbstractProblemLoader Loading environment from /home/runner/work/key/key/key.core/../key.ui/examples/standard_key/strings/substring3.key.proof 
135954     DEBUG main            d.u.i.k.p.i.AbstractProblemLoader Environment load took 104.8ns 
135955     INFO  main            d.u.i.k.p.i.AbstractProblemLoader Creating init config 
138167     DEBUG main            d.u.i.k.p.i.AbstractProblemLoader Init config took 2.21s 
138179     INFO  main            d.u.i.k.p.i.AbstractProblemLoader Replaying proof substring3.key.proof 
138183     DEBUG main            d.u.i.k.p.i.IntermediateProofReplayer Proof replay took 2.09ms 
138184     DEBUG main            d.u.i.k.p.r.p.TestFile    ... success: reloaded. 
138184     INFO  main            d.u.i.k.p.r.p.TestFile    Now processing file /home/runner/work/key/key/key.core/../key.ui/examples/standard_key/strings/substring4.key 
138185     INFO  main            d.u.i.k.p.i.AbstractProblemLoader Loading environment from /home/runner/work/key/key/key.core/../key.ui/examples/standard_key/strings/substring4.key 
138185     DEBUG main            d.u.i.k.p.i.AbstractProblemLoader Environment load took 245.8ns 
138187     INFO  main            d.u.i.k.p.i.AbstractProblemLoader Creating init config 
140486     DEBUG main            d.u.i.k.p.i.AbstractProblemLoader Init config took 2.3s 
140500     INFO  main            d.u.i.k.p.i.AbstractProblemLoader Replaying proof substring4.key 
140502     DEBUG main            d.u.i.k.p.i.IntermediateProofReplayer Proof replay took 26.4ns 
140604     INFO  main            d.u.i.k.p.r.p.TestFile    ... finished proof: closed. 
140892     INFO  main            d.u.i.k.p.i.AbstractProblemLoader Loading environment from /home/runner/work/key/key/key.core/../key.ui/examples/standard_key/strings/substring4.key.proof 
140892     DEBUG main            d.u.i.k.p.i.AbstractProblemLoader Environment load took 126.2ns 
140893     INFO  main            d.u.i.k.p.i.AbstractProblemLoader Creating init config 
143119     DEBUG main            d.u.i.k.p.i.AbstractProblemLoader Init config took 2.23s 
143132     INFO  main            d.u.i.k.p.i.AbstractProblemLoader Replaying proof substring4.key.proof 
143138     DEBUG main            d.u.i.k.p.i.IntermediateProofReplayer Proof replay took 2.64ms 
143139     DEBUG main            d.u.i.k.p.r.p.TestFile    ... success: reloaded. 
143140     INFO  main            d.u.i.k.p.r.p.TestFile    Now processing file /home/runner/work/key/key/key.core/../key.ui/examples/standard_key/strings/substring5.key 
143140     INFO  main            d.u.i.k.p.i.AbstractProblemLoader Loading environment from /home/runner/work/key/key/key.core/../key.ui/examples/standard_key/strings/substring5.key 
143140     DEBUG main            d.u.i.k.p.i.AbstractProblemLoader Environment load took 116.5ns 
143142     INFO  main            d.u.i.k.p.i.AbstractProblemLoader Creating init config 
145378     DEBUG main            d.u.i.k.p.i.AbstractProblemLoader Init config took 2.24s 
145391     INFO  main            d.u.i.k.p.i.AbstractProblemLoader Replaying proof substring5.key 
145392     DEBUG main            d.u.i.k.p.i.IntermediateProofReplayer Proof replay took 8ns 
145694     INFO  main            d.u.i.k.p.r.p.TestFile    ... finished proof: closed. 
146016     INFO  main            d.u.i.k.p.i.AbstractProblemLoader Loading environment from /home/runner/work/key/key/key.core/../key.ui/examples/standard_key/strings/substring5.key.proof 
146016     DEBUG main            d.u.i.k.p.i.AbstractProblemLoader Environment load took 91.5ns 
146017     INFO  main            d.u.i.k.p.i.AbstractProblemLoader Creating init config 
148226     DEBUG main            d.u.i.k.p.i.AbstractProblemLoader Init config took 2.21s 
148240     INFO  main            d.u.i.k.p.i.AbstractProblemLoader Replaying proof substring5.key.proof 
148261     DEBUG main            d.u.i.k.p.i.IntermediateProofReplayer Proof replay took 17.39ms 
148262     DEBUG main            d.u.i.k.p.r.p.TestFile    ... success: reloaded. 
3904792    INFO  Test worker     d.u.i.k.p.r.RunAllProofsTestUnit Returning from test strings 
3904793    INFO  Test worker     d.u.i.k.p.r.RunAllProofsTestUnit Running test simple_info_flow 
358        INFO  Timeout watchdog d.u.i.k.p.r.p.ForkedTestFileRunner Timeout watcher launched (2000 secs.) 
367        WARN  main            d.u.i.k.s.ProofSettings   The settings in /home/runner/.key/proof-settings.props are *not* read. 
399        INFO  main            d.u.i.k.p.r.p.TestFile    Now processing file /home/runner/work/key/key/key.core/../key.ui/examples/heap/information_flow/UpdateAbstraction_ex7_1_insecure.key 
532        INFO  main            d.u.i.k.p.i.AbstractProblemLoader Loading environment from /home/runner/work/key/key/key.core/../key.ui/examples/heap/information_flow/UpdateAbstraction_ex7_1_insecure.key 
551        DEBUG main            d.u.i.k.p.i.AbstractProblemLoader Environment load took 2.57ms 
781        INFO  main            d.u.i.k.p.i.AbstractProblemLoader Creating init config 
1738       DEBUG main            d.u.i.k.j.TypeConverter   No LDT found for Meta 
1738       DEBUG main            d.u.i.k.j.TypeConverter   No LDT found for Meta 
1740       DEBUG main            d.u.i.k.j.TypeConverter   No LDT found for Meta 
1741       DEBUG main            d.u.i.k.j.TypeConverter   No LDT found for Meta 
3051       DEBUG main            d.u.i.k.j.TypeConverter   No LDT found for JavaBigintExpression 
8433       DEBUG main            d.u.i.k.p.i.AbstractProblemLoader Init config took 7.65s 
8557       INFO  main            d.u.i.k.p.i.AbstractProblemLoader Replaying proof UpdateAbstraction[UpdateAbstraction::ex7_1_insecure()].JML operation contract.0 
8634       DEBUG main            d.u.i.k.p.i.IntermediateProofReplayer Proof replay took 33.5ns 
9282       INFO  main            d.u.i.k.p.r.p.TestFile    ... finished proof: open goal(s) 
9451       INFO  main            d.u.i.k.p.r.p.TestFile    Now processing file /home/runner/work/key/key/key.core/../key.ui/examples/heap/information_flow/UpdateAbstraction_ex7_2_insecure.key 
9453       INFO  main            d.u.i.k.p.i.AbstractProblemLoader Loading environment from /home/runner/work/key/key/key.core/../key.ui/examples/heap/information_flow/UpdateAbstraction_ex7_2_insecure.key 
9455       DEBUG main            d.u.i.k.p.i.AbstractProblemLoader Environment load took 2.13ms 
9458       INFO  main            d.u.i.k.p.i.AbstractProblemLoader Creating init config 
12463      DEBUG main            d.u.i.k.p.i.AbstractProblemLoader Init config took 3s 
12526      INFO  main            d.u.i.k.p.i.AbstractProblemLoader Replaying proof UpdateAbstraction[UpdateAbstraction::ex7_2_insecure()].JML operation contract.0 
12529      DEBUG main            d.u.i.k.p.i.IntermediateProofReplayer Proof replay took 5.8ns 
12934      INFO  main            d.u.i.k.p.r.p.TestFile    ... finished proof: open goal(s) 
3918048    INFO  Test worker     d.u.i.k.p.r.RunAllProofsTestUnit Returning from test simple_info_flow 
3918049    INFO  Test worker     d.u.i.k.p.r.RunAllProofsTestUnit Running test modelMethods 
399        INFO  Timeout watchdog d.u.i.k.p.r.p.ForkedTestFileRunner Timeout watcher launched (2000 secs.) 
404        WARN  main            d.u.i.k.s.ProofSettings   The settings in /home/runner/.key/proof-settings.props are *not* read. 
438        INFO  main            d.u.i.k.p.r.p.TestFile    Now processing file /home/runner/work/key/key/key.core/../key.ui/examples/heap/model_methods/Cell_footprint_acc.key 
555        INFO  main            d.u.i.k.p.i.AbstractProblemLoader Loading environment from /home/runner/work/key/key/key.core/../key.ui/examples/heap/model_methods/Cell_footprint_acc.key 
571        DEBUG main            d.u.i.k.p.i.AbstractProblemLoader Environment load took 1.9ms 
802        INFO  main            d.u.i.k.p.i.AbstractProblemLoader Creating init config 
1734       DEBUG main            d.u.i.k.j.TypeConverter   No LDT found for Meta 
1734       DEBUG main            d.u.i.k.j.TypeConverter   No LDT found for Meta 
1737       DEBUG main            d.u.i.k.j.TypeConverter   No LDT found for Meta 
1738       DEBUG main            d.u.i.k.j.TypeConverter   No LDT found for Meta 
3032       DEBUG main            d.u.i.k.j.TypeConverter   No LDT found for JavaBigintExpression 
8463       DEBUG main            d.u.i.k.p.i.AbstractProblemLoader Init config took 7.66s 
8590       INFO  main            d.u.i.k.p.i.AbstractProblemLoader Replaying proof Cell[Cell::footprint()].JML accessible clause.0 
8625       DEBUG main            d.u.i.k.p.i.IntermediateProofReplayer Proof replay took 28.7ns 
9072       INFO  main            d.u.i.k.p.r.p.TestFile    ... finished proof: closed. 
9183       INFO  main            d.u.i.k.p.i.AbstractProblemLoader Loading environment from /home/runner/work/key/key/key.core/../key.ui/examples/heap/model_methods/Cell_footprint_acc.key.proof 
9184       DEBUG main            d.u.i.k.p.i.AbstractProblemLoader Environment load took 424.5ns 
9186       INFO  main            d.u.i.k.p.i.AbstractProblemLoader Creating init config 
12182      DEBUG main            d.u.i.k.p.i.AbstractProblemLoader Init config took 3s 
12256      INFO  main            d.u.i.k.p.i.AbstractProblemLoader Replaying proof Cell[Cell::footprint()].JML accessible clause.0 
12276      DEBUG main            d.u.i.k.p.i.IntermediateProofReplayer Proof replay took 15.53ms 
12283      DEBUG main            d.u.i.k.p.r.p.TestFile    ... success: reloaded. 
12285      INFO  main            d.u.i.k.p.r.p.TestFile    Now processing file /home/runner/work/key/key/key.core/../key.ui/examples/heap/model_methods/Cell_footprint.key 
12285      INFO  main            d.u.i.k.p.i.AbstractProblemLoader Loading environment from /home/runner/work/key/key/key.core/../key.ui/examples/heap/model_methods/Cell_footprint.key 
12286      DEBUG main            d.u.i.k.p.i.AbstractProblemLoader Environment load took 189ns 
12287      INFO  main            d.u.i.k.p.i.AbstractProblemLoader Creating init config 
15075      DEBUG main            d.u.i.k.p.i.AbstractProblemLoader Init config took 2.79s 
15143      INFO  main            d.u.i.k.p.i.AbstractProblemLoader Replaying proof Cell[Cell::footprint()].JML model_behavior operation contract.0 
15145      DEBUG main            d.u.i.k.p.i.IntermediateProofReplayer Proof replay took 5.6ns 
15248      INFO  main            d.u.i.k.p.r.p.TestFile    ... finished proof: closed. 
15399      INFO  main            d.u.i.k.p.i.AbstractProblemLoader Loading environment from /home/runner/work/key/key/key.core/../key.ui/examples/heap/model_methods/Cell_footprint.key.proof 
15399      DEBUG main            d.u.i.k.p.i.AbstractProblemLoader Environment load took 136.3ns 
15401      INFO  main            d.u.i.k.p.i.AbstractProblemLoader Creating init config 
18157      DEBUG main            d.u.i.k.p.i.AbstractProblemLoader Init config took 2.76s 
18225      INFO  main            d.u.i.k.p.i.AbstractProblemLoader Replaying proof Cell[Cell::footprint()].JML model_behavior operation contract.0 
18235      DEBUG main            d.u.i.k.p.i.IntermediateProofReplayer Proof replay took 8.28ms 
18236      DEBUG main            d.u.i.k.p.r.p.TestFile    ... success: reloaded. 
18237      INFO  main            d.u.i.k.p.r.p.TestFile    Now processing file /home/runner/work/key/key/key.core/../key.ui/examples/heap/model_methods/Cell_get_acc.key 
18238      INFO  main            d.u.i.k.p.i.AbstractProblemLoader Loading environment from /home/runner/work/key/key/key.core/../key.ui/examples/heap/model_methods/Cell_get_acc.key 
18238      DEBUG main            d.u.i.k.p.i.AbstractProblemLoader Environment load took 155.4ns 
18239      INFO  main            d.u.i.k.p.i.AbstractProblemLoader Creating init config 
21002      DEBUG main            d.u.i.k.p.i.AbstractProblemLoader Init config took 2.76s 
21071      INFO  main            d.u.i.k.p.i.AbstractProblemLoader Replaying proof Cell[Cell::get()].JML accessible clause.0 
21073      DEBUG main            d.u.i.k.p.i.IntermediateProofReplayer Proof replay took 6.3ns 
21281      INFO  main            d.u.i.k.p.r.p.TestFile    ... finished proof: closed. 
21457      INFO  main            d.u.i.k.p.i.AbstractProblemLoader Loading environment from /home/runner/work/key/key/key.core/../key.ui/examples/heap/model_methods/Cell_get_acc.key.proof 
21458      DEBUG main            d.u.i.k.p.i.AbstractProblemLoader Environment load took 493ns 
21459      INFO  main            d.u.i.k.p.i.AbstractProblemLoader Creating init config 
24122      DEBUG main            d.u.i.k.p.i.AbstractProblemLoader Init config took 2.66s 
24176      INFO  main            d.u.i.k.p.i.AbstractProblemLoader Replaying proof Cell[Cell::get()].JML accessible clause.0 
24211      DEBUG main            d.u.i.k.p.i.IntermediateProofReplayer Proof replay took 32.84ms 
24213      DEBUG main            d.u.i.k.p.r.p.TestFile    ... success: reloaded. 
24214      INFO  main            d.u.i.k.p.r.p.TestFile    Now processing file /home/runner/work/key/key/key.core/../key.ui/examples/heap/model_methods/Cell_get.key 
24214      INFO  main            d.u.i.k.p.i.AbstractProblemLoader Loading environment from /home/runner/work/key/key/key.core/../key.ui/examples/heap/model_methods/Cell_get.key 
24215      DEBUG main            d.u.i.k.p.i.AbstractProblemLoader Environment load took 249.8ns 
24216      INFO  main            d.u.i.k.p.i.AbstractProblemLoader Creating init config 
26951      DEBUG main            d.u.i.k.p.i.AbstractProblemLoader Init config took 2.74s 
27003      INFO  main            d.u.i.k.p.i.AbstractProblemLoader Replaying proof Cell[Cell::get()].JML operation contract.0 
27006      DEBUG main            d.u.i.k.p.i.IntermediateProofReplayer Proof replay took 5.4ns 
27107      INFO  main            d.u.i.k.p.r.p.TestFile    ... finished proof: closed. 
27268      INFO  main            d.u.i.k.p.i.AbstractProblemLoader Loading environment from /home/runner/work/key/key/key.core/../key.ui/examples/heap/model_methods/Cell_get.key.proof 
27268      DEBUG main            d.u.i.k.p.i.AbstractProblemLoader Environment load took 131.6ns 
27269      INFO  main            d.u.i.k.p.i.AbstractProblemLoader Creating init config 
29925      DEBUG main            d.u.i.k.p.i.AbstractProblemLoader Init config took 2.66s 
29990      INFO  main            d.u.i.k.p.i.AbstractProblemLoader Replaying proof Cell[Cell::get()].JML operation contract.0 
30008      DEBUG main            d.u.i.k.p.i.IntermediateProofReplayer Proof replay took 15.77ms 
30009      DEBUG main            d.u.i.k.p.r.p.TestFile    ... success: reloaded. 
30011      INFO  main            d.u.i.k.p.r.p.TestFile    Now processing file /home/runner/work/key/key/key.core/../key.ui/examples/heap/model_methods/Cell_post_set.key 
30011      INFO  main            d.u.i.k.p.i.AbstractProblemLoader Loading environment from /home/runner/work/key/key/key.core/../key.ui/examples/heap/model_methods/Cell_post_set.key 
30011      DEBUG main            d.u.i.k.p.i.AbstractProblemLoader Environment load took 240.6ns 
30012      INFO  main            d.u.i.k.p.i.AbstractProblemLoader Creating init config 
32697      DEBUG main            d.u.i.k.p.i.AbstractProblemLoader Init config took 2.68s 
32763      INFO  main            d.u.i.k.p.i.AbstractProblemLoader Replaying proof Cell[Cell::post_set(int)].JML model_behavior operation contract.0 
32766      DEBUG main            d.u.i.k.p.i.IntermediateProofReplayer Proof replay took 5.8ns 
32868      INFO  main            d.u.i.k.p.r.p.TestFile    ... finished proof: closed. 
33020      INFO  main            d.u.i.k.p.i.AbstractProblemLoader Loading environment from /home/runner/work/key/key/key.core/../key.ui/examples/heap/model_methods/Cell_post_set.key.proof 
33020      DEBUG main            d.u.i.k.p.i.AbstractProblemLoader Environment load took 135.6ns 
33021      INFO  main            d.u.i.k.p.i.AbstractProblemLoader Creating init config 
35647      DEBUG main            d.u.i.k.p.i.AbstractProblemLoader Init config took 2.63s 
35693      INFO  main            d.u.i.k.p.i.AbstractProblemLoader Replaying proof Cell[Cell::post_set(int)].JML model_behavior operation contract.0 
35700      DEBUG main            d.u.i.k.p.i.IntermediateProofReplayer Proof replay took 5.29ms 
35701      DEBUG main            d.u.i.k.p.r.p.TestFile    ... success: reloaded. 
35702      INFO  main            d.u.i.k.p.r.p.TestFile    Now processing file /home/runner/work/key/key/key.core/../key.ui/examples/heap/model_methods/Cell_set.key 
35702      INFO  main            d.u.i.k.p.i.AbstractProblemLoader Loading environment from /home/runner/work/key/key/key.core/../key.ui/examples/heap/model_methods/Cell_set.key 
35703      DEBUG main            d.u.i.k.p.i.AbstractProblemLoader Environment load took 156.7ns 
35704      INFO  main            d.u.i.k.p.i.AbstractProblemLoader Creating init config 
38411      DEBUG main            d.u.i.k.p.i.AbstractProblemLoader Init config took 2.71s 
38458      INFO  main            d.u.i.k.p.i.AbstractProblemLoader Replaying proof Cell[Cell::set(int)].JML operation contract.0 
38460      DEBUG main            d.u.i.k.p.i.IntermediateProofReplayer Proof replay took 6.9ns 
45011      INFO  main            d.u.i.k.p.r.p.TestFile    ... finished proof: closed. 
45245      INFO  main            d.u.i.k.p.i.AbstractProblemLoader Loading environment from /home/runner/work/key/key/key.core/../key.ui/examples/heap/model_methods/Cell_set.key.proof 
45246      DEBUG main            d.u.i.k.p.i.AbstractProblemLoader Environment load took 142.4ns 
45249      INFO  main            d.u.i.k.p.i.AbstractProblemLoader Creating init config 
47828      DEBUG main            d.u.i.k.p.i.AbstractProblemLoader Init config took 2.58s 
47874      INFO  main            d.u.i.k.p.i.AbstractProblemLoader Replaying proof Cell[Cell::set(int)].JML operation contract.0 
48367      DEBUG main            d.u.i.k.p.i.IntermediateProofReplayer Proof replay took 476.25ms 
48369      DEBUG main            d.u.i.k.p.r.p.TestFile    ... success: reloaded. 
48370      INFO  main            d.u.i.k.p.r.p.TestFile    Now processing file /home/runner/work/key/key/key.core/../key.ui/examples/heap/model_methods/CellTest_callSet.key 
48371      INFO  main            d.u.i.k.p.i.AbstractProblemLoader Loading environment from /home/runner/work/key/key/key.core/../key.ui/examples/heap/model_methods/CellTest_callSet.key 
48371      DEBUG main            d.u.i.k.p.i.AbstractProblemLoader Environment load took 219.7ns 
48372      INFO  main            d.u.i.k.p.i.AbstractProblemLoader Creating init config 
50971      DEBUG main            d.u.i.k.p.i.AbstractProblemLoader Init config took 2.6s 
51023      INFO  main            d.u.i.k.p.i.AbstractProblemLoader Replaying proof CellTest[CellTest::callSet(Cell,int)].JML operation contract.0 
51025      DEBUG main            d.u.i.k.p.i.IntermediateProofReplayer Proof replay took 7ns 
51227      INFO  main            d.u.i.k.p.r.p.TestFile    ... finished proof: closed. 
51395      INFO  main            d.u.i.k.p.i.AbstractProblemLoader Loading environment from /home/runner/work/key/key/key.core/../key.ui/examples/heap/model_methods/CellTest_callSet.key.proof 
51395      DEBUG main            d.u.i.k.p.i.AbstractProblemLoader Environment load took 134.3ns 
51396      INFO  main            d.u.i.k.p.i.AbstractProblemLoader Creating init config 
53970      DEBUG main            d.u.i.k.p.i.AbstractProblemLoader Init config took 2.57s 
54014      INFO  main            d.u.i.k.p.i.AbstractProblemLoader Replaying proof CellTest[CellTest::callSet(Cell,int)].JML operation contract.0 
54059      DEBUG main            d.u.i.k.p.i.IntermediateProofReplayer Proof replay took 41.97ms 
54060      DEBUG main            d.u.i.k.p.r.p.TestFile    ... success: reloaded. 
54061      INFO  main            d.u.i.k.p.r.p.TestFile    Now processing file /home/runner/work/key/key/key.core/../key.ui/examples/heap/model_methods/CellTest_test2.key 
54061      INFO  main            d.u.i.k.p.i.AbstractProblemLoader Loading environment from /home/runner/work/key/key/key.core/../key.ui/examples/heap/model_methods/CellTest_test2.key 
54062      DEBUG main            d.u.i.k.p.i.AbstractProblemLoader Environment load took 175.4ns 
54063      INFO  main            d.u.i.k.p.i.AbstractProblemLoader Creating init config 
56699      DEBUG main            d.u.i.k.p.i.AbstractProblemLoader Init config took 2.64s 
56741      INFO  main            d.u.i.k.p.i.AbstractProblemLoader Replaying proof CellTest[CellTest::test2(Cell)].JML operation contract.0 
56742      DEBUG main            d.u.i.k.p.i.IntermediateProofReplayer Proof replay took 6.5ns 
57045      INFO  main            d.u.i.k.p.r.p.TestFile    ... finished proof: closed. 
57263      INFO  main            d.u.i.k.p.i.AbstractProblemLoader Loading environment from /home/runner/work/key/key/key.core/../key.ui/examples/heap/model_methods/CellTest_test2.key.proof 
57263      DEBUG main            d.u.i.k.p.i.AbstractProblemLoader Environment load took 193.1ns 
57264      INFO  main            d.u.i.k.p.i.AbstractProblemLoader Creating init config 
59840      DEBUG main            d.u.i.k.p.i.AbstractProblemLoader Init config took 2.58s 
59880      INFO  main            d.u.i.k.p.i.AbstractProblemLoader Replaying proof CellTest[CellTest::test2(Cell)].JML operation contract.0 
59952      DEBUG main            d.u.i.k.p.i.IntermediateProofReplayer Proof replay took 69.29ms 
59953      DEBUG main            d.u.i.k.p.r.p.TestFile    ... success: reloaded. 
59954      INFO  main            d.u.i.k.p.r.p.TestFile    Now processing file /home/runner/work/key/key/key.core/../key.ui/examples/heap/model_methods/CellTest_test.key 
59955      INFO  main            d.u.i.k.p.i.AbstractProblemLoader Loading environment from /home/runner/work/key/key/key.core/../key.ui/examples/heap/model_methods/CellTest_test.key 
59955      DEBUG main            d.u.i.k.p.i.AbstractProblemLoader Environment load took 86.7ns 
59956      INFO  main            d.u.i.k.p.i.AbstractProblemLoader Creating init config 
62524      DEBUG main            d.u.i.k.p.i.AbstractProblemLoader Init config took 2.57s 
62563      INFO  main            d.u.i.k.p.i.AbstractProblemLoader Replaying proof CellTest[CellTest::test(Recell)].JML operation contract.0 
62565      DEBUG main            d.u.i.k.p.i.IntermediateProofReplayer Proof replay took 6.3ns 
64366      INFO  main            d.u.i.k.p.r.p.TestFile    ... finished proof: closed. 
64626      INFO  main            d.u.i.k.p.i.AbstractProblemLoader Loading environment from /home/runner/work/key/key/key.core/../key.ui/examples/heap/model_methods/CellTest_test.key.proof 
64627      DEBUG main            d.u.i.k.p.i.AbstractProblemLoader Environment load took 374.7ns 
64628      INFO  main            d.u.i.k.p.i.AbstractProblemLoader Creating init config 
67210      DEBUG main            d.u.i.k.p.i.AbstractProblemLoader Init config took 2.58s 
67266      INFO  main            d.u.i.k.p.i.AbstractProblemLoader Replaying proof CellTest[CellTest::test(Recell)].JML operation contract.0 
67722      DEBUG main            d.u.i.k.p.i.IntermediateProofReplayer Proof replay took 424.45ms 
67724      DEBUG main            d.u.i.k.p.r.p.TestFile    ... success: reloaded. 
67725      INFO  main            d.u.i.k.p.r.p.TestFile    Now processing file /home/runner/work/key/key/key.core/../key.ui/examples/heap/model_methods/Coll1_add.key 
67725      INFO  main            d.u.i.k.p.i.AbstractProblemLoader Loading environment from /home/runner/work/key/key/key.core/../key.ui/examples/heap/model_methods/Coll1_add.key 
67726      DEBUG main            d.u.i.k.p.i.AbstractProblemLoader Environment load took 208.8ns 
67726      INFO  main            d.u.i.k.p.i.AbstractProblemLoader Creating init config 
70358      DEBUG main            d.u.i.k.p.i.AbstractProblemLoader Init config took 2.63s 
70401      INFO  main            d.u.i.k.p.i.AbstractProblemLoader Replaying proof Coll1[Coll::add(int)].JML operation contract.0 
70402      DEBUG main            d.u.i.k.p.i.IntermediateProofReplayer Proof replay took 6.1ns 
70505      INFO  main            d.u.i.k.p.r.p.TestFile    ... finished proof: closed. 
70702      INFO  main            d.u.i.k.p.i.AbstractProblemLoader Loading environment from /home/runner/work/key/key/key.core/../key.ui/examples/heap/model_methods/Coll1_add.key.proof 
70703      DEBUG main            d.u.i.k.p.i.AbstractProblemLoader Environment load took 121.3ns 
70704      INFO  main            d.u.i.k.p.i.AbstractProblemLoader Creating init config 
73289      DEBUG main            d.u.i.k.p.i.AbstractProblemLoader Init config took 2.59s 
73327      INFO  main            d.u.i.k.p.i.AbstractProblemLoader Replaying proof Coll1[Coll::add(int)].JML operation contract.0 
73336      DEBUG main            d.u.i.k.p.i.IntermediateProofReplayer Proof replay took 6.46ms 
73336      DEBUG main            d.u.i.k.p.r.p.TestFile    ... success: reloaded. 
73337      INFO  main            d.u.i.k.p.r.p.TestFile    Now processing file /home/runner/work/key/key/key.core/../key.ui/examples/heap/model_methods/Coll1_Coll1_add_pre.key 
73337      INFO  main            d.u.i.k.p.i.AbstractProblemLoader Loading environment from /home/runner/work/key/key/key.core/../key.ui/examples/heap/model_methods/Coll1_Coll1_add_pre.key 
73338      DEBUG main            d.u.i.k.p.i.AbstractProblemLoader Environment load took 122.8ns 
73339      INFO  main            d.u.i.k.p.i.AbstractProblemLoader Creating init config 
75883      DEBUG main            d.u.i.k.p.i.AbstractProblemLoader Init config took 2.54s 
75923      INFO  main            d.u.i.k.p.i.AbstractProblemLoader Replaying proof Coll1[Coll1::add_pre(int)].JML model_behavior operation contract.0 
75925      DEBUG main            d.u.i.k.p.i.IntermediateProofReplayer Proof replay took 7.8ns 
76026      INFO  main            d.u.i.k.p.r.p.TestFile    ... finished proof: closed. 
76241      INFO  main            d.u.i.k.p.i.AbstractProblemLoader Loading environment from /home/runner/work/key/key/key.core/../key.ui/examples/heap/model_methods/Coll1_Coll1_add_pre.key.proof 
76241      DEBUG main            d.u.i.k.p.i.AbstractProblemLoader Environment load took 128.6ns 
76242      INFO  main            d.u.i.k.p.i.AbstractProblemLoader Creating init config 
78974      DEBUG main            d.u.i.k.p.i.AbstractProblemLoader Init config took 2.73s 
79020      INFO  main            d.u.i.k.p.i.AbstractProblemLoader Replaying proof Coll1[Coll1::add_pre(int)].JML model_behavior operation contract.0 
79027      DEBUG main            d.u.i.k.p.i.IntermediateProofReplayer Proof replay took 1.76ms 
79029      DEBUG main            d.u.i.k.p.r.p.TestFile    ... success: reloaded. 
79032      INFO  main            d.u.i.k.p.r.p.TestFile    Now processing file /home/runner/work/key/key/key.core/../key.ui/examples/heap/model_methods/Coll1_Coll_add_pre.key 
79033      INFO  main            d.u.i.k.p.i.AbstractProblemLoader Loading environment from /home/runner/work/key/key/key.core/../key.ui/examples/heap/model_methods/Coll1_Coll_add_pre.key 
79033      DEBUG main            d.u.i.k.p.i.AbstractProblemLoader Environment load took 128.5ns 
79034      INFO  main            d.u.i.k.p.i.AbstractProblemLoader Creating init config 
81624      DEBUG main            d.u.i.k.p.i.AbstractProblemLoader Init config took 2.59s 
81662      INFO  main            d.u.i.k.p.i.AbstractProblemLoader Replaying proof Coll1[Coll::add_pre(int)].JML model_behavior operation contract.0 
81664      DEBUG main            d.u.i.k.p.i.IntermediateProofReplayer Proof replay took 7ns 
81766      INFO  main            d.u.i.k.p.r.p.TestFile    ... finished proof: closed. 
81989      INFO  main            d.u.i.k.p.i.AbstractProblemLoader Loading environment from /home/runner/work/key/key/key.core/../key.ui/examples/heap/model_methods/Coll1_Coll_add_pre.key.proof 
81989      DEBUG main            d.u.i.k.p.i.AbstractProblemLoader Environment load took 129.5ns 
81990      INFO  main            d.u.i.k.p.i.AbstractProblemLoader Creating init config 
84614      DEBUG main            d.u.i.k.p.i.AbstractProblemLoader Init config took 2.62s 
84653      INFO  main            d.u.i.k.p.i.AbstractProblemLoader Replaying proof Coll1[Coll::add_pre(int)].JML model_behavior operation contract.0 
84657      DEBUG main            d.u.i.k.p.i.IntermediateProofReplayer Proof replay took 2.34ms 
84658      DEBUG main            d.u.i.k.p.r.p.TestFile    ... success: reloaded. 
84659      INFO  main            d.u.i.k.p.r.p.TestFile    Now processing file /home/runner/work/key/key/key.core/../key.ui/examples/heap/model_methods/Coll2_add.key 
84659      INFO  main            d.u.i.k.p.i.AbstractProblemLoader Loading environment from /home/runner/work/key/key/key.core/../key.ui/examples/heap/model_methods/Coll2_add.key 
84659      DEBUG main            d.u.i.k.p.i.AbstractProblemLoader Environment load took 203.5ns 
84660      INFO  main            d.u.i.k.p.i.AbstractProblemLoader Creating init config 
87212      DEBUG main            d.u.i.k.p.i.AbstractProblemLoader Init config took 2.55s 
87253      INFO  main            d.u.i.k.p.i.AbstractProblemLoader Replaying proof Coll2[Coll::add(int)].JML operation contract.0 
87255      DEBUG main            d.u.i.k.p.i.IntermediateProofReplayer Proof replay took 6.8ns 
87357      INFO  main            d.u.i.k.p.r.p.TestFile    ... finished proof: closed. 
87589      INFO  main            d.u.i.k.p.i.AbstractProblemLoader Loading environment from /home/runner/work/key/key/key.core/../key.ui/examples/heap/model_methods/Coll2_add.key.proof 
87589      DEBUG main            d.u.i.k.p.i.AbstractProblemLoader Environment load took 121.1ns 
87590      INFO  main            d.u.i.k.p.i.AbstractProblemLoader Creating init config 
90170      DEBUG main            d.u.i.k.p.i.AbstractProblemLoader Init config took 2.58s 
90210      INFO  main            d.u.i.k.p.i.AbstractProblemLoader Replaying proof Coll2[Coll::add(int)].JML operation contract.0 
90218      DEBUG main            d.u.i.k.p.i.IntermediateProofReplayer Proof replay took 6.02ms 
90219      DEBUG main            d.u.i.k.p.r.p.TestFile    ... success: reloaded. 
90220      INFO  main            d.u.i.k.p.r.p.TestFile    Now processing file /home/runner/work/key/key/key.core/../key.ui/examples/heap/model_methods/Coll2_Coll2_add_pre.key 
90220      INFO  main            d.u.i.k.p.i.AbstractProblemLoader Loading environment from /home/runner/work/key/key/key.core/../key.ui/examples/heap/model_methods/Coll2_Coll2_add_pre.key 
90220      DEBUG main            d.u.i.k.p.i.AbstractProblemLoader Environment load took 199.7ns 
90221      INFO  main            d.u.i.k.p.i.AbstractProblemLoader Creating init config 
92829      DEBUG main            d.u.i.k.p.i.AbstractProblemLoader Init config took 2.61s 
92883      INFO  main            d.u.i.k.p.i.AbstractProblemLoader Replaying proof Coll2[Coll2::add_pre(int)].JML model_behavior operation contract.0 
92885      DEBUG main            d.u.i.k.p.i.IntermediateProofReplayer Proof replay took 7.9ns 
92987      INFO  main            d.u.i.k.p.r.p.TestFile    ... finished proof: closed. 
93199      INFO  main            d.u.i.k.p.i.AbstractProblemLoader Loading environment from /home/runner/work/key/key/key.core/../key.ui/examples/heap/model_methods/Coll2_Coll2_add_pre.key.proof 
93199      DEBUG main            d.u.i.k.p.i.AbstractProblemLoader Environment load took 137.8ns 
93201      INFO  main            d.u.i.k.p.i.AbstractProblemLoader Creating init config 
95761      DEBUG main            d.u.i.k.p.i.AbstractProblemLoader Init config took 2.56s 
95800      INFO  main            d.u.i.k.p.i.AbstractProblemLoader Replaying proof Coll2[Coll2::add_pre(int)].JML model_behavior operation contract.0 
95803      DEBUG main            d.u.i.k.p.i.IntermediateProofReplayer Proof replay took 1.54ms 
95804      DEBUG main            d.u.i.k.p.r.p.TestFile    ... success: reloaded. 
95805      INFO  main            d.u.i.k.p.r.p.TestFile    Now processing file /home/runner/work/key/key/key.core/../key.ui/examples/heap/model_methods/Coll2_Coll_add_pre.key 
95805      INFO  main            d.u.i.k.p.i.AbstractProblemLoader Loading environment from /home/runner/work/key/key/key.core/../key.ui/examples/heap/model_methods/Coll2_Coll_add_pre.key 
95805      DEBUG main            d.u.i.k.p.i.AbstractProblemLoader Environment load took 69.4ns 
95806      INFO  main            d.u.i.k.p.i.AbstractProblemLoader Creating init config 
98511      DEBUG main            d.u.i.k.p.i.AbstractProblemLoader Init config took 2.71s 
98546      INFO  main            d.u.i.k.p.i.AbstractProblemLoader Replaying proof Coll2[Coll::add_pre(int)].JML model_behavior operation contract.0 
98548      DEBUG main            d.u.i.k.p.i.IntermediateProofReplayer Proof replay took 11.1ns 
98650      INFO  main            d.u.i.k.p.r.p.TestFile    ... finished proof: closed. 
98896      INFO  main            d.u.i.k.p.i.AbstractProblemLoader Loading environment from /home/runner/work/key/key/key.core/../key.ui/examples/heap/model_methods/Coll2_Coll_add_pre.key.proof 
98896      DEBUG main            d.u.i.k.p.i.AbstractProblemLoader Environment load took 119.5ns 
98897      INFO  main            d.u.i.k.p.i.AbstractProblemLoader Creating init config 
101427     DEBUG main            d.u.i.k.p.i.AbstractProblemLoader Init config took 2.53s 
101467     INFO  main            d.u.i.k.p.i.AbstractProblemLoader Replaying proof Coll2[Coll::add_pre(int)].JML model_behavior operation contract.0 
101471     DEBUG main            d.u.i.k.p.i.IntermediateProofReplayer Proof replay took 2.23ms 
101471     DEBUG main            d.u.i.k.p.r.p.TestFile    ... success: reloaded. 
101473     INFO  main            d.u.i.k.p.r.p.TestFile    Now processing file /home/runner/work/key/key/key.core/../key.ui/examples/heap/model_methods/Coll_add.key 
101473     INFO  main            d.u.i.k.p.i.AbstractProblemLoader Loading environment from /home/runner/work/key/key/key.core/../key.ui/examples/heap/model_methods/Coll_add.key 
101473     DEBUG main            d.u.i.k.p.i.AbstractProblemLoader Environment load took 67.4ns 
101474     INFO  main            d.u.i.k.p.i.AbstractProblemLoader Creating init config 
104065     DEBUG main            d.u.i.k.p.i.AbstractProblemLoader Init config took 2.59s 
104106     INFO  main            d.u.i.k.p.i.AbstractProblemLoader Replaying proof Coll[Coll::add(int)].JML operation contract.0 
104107     DEBUG main            d.u.i.k.p.i.IntermediateProofReplayer Proof replay took 12.6ns 
104209     INFO  main            d.u.i.k.p.r.p.TestFile    ... finished proof: closed. 
104456     INFO  main            d.u.i.k.p.i.AbstractProblemLoader Loading environment from /home/runner/work/key/key/key.core/../key.ui/examples/heap/model_methods/Coll_add.key.proof 
104456     DEBUG main            d.u.i.k.p.i.AbstractProblemLoader Environment load took 139.2ns 
104457     INFO  main            d.u.i.k.p.i.AbstractProblemLoader Creating init config 
107139     DEBUG main            d.u.i.k.p.i.AbstractProblemLoader Init config took 2.68s 
107189     INFO  main            d.u.i.k.p.i.AbstractProblemLoader Replaying proof Coll[Coll::add(int)].JML operation contract.0 
107193     DEBUG main            d.u.i.k.p.i.IntermediateProofReplayer Proof replay took 2.47ms 
107194     DEBUG main            d.u.i.k.p.r.p.TestFile    ... success: reloaded. 
107195     INFO  main            d.u.i.k.p.r.p.TestFile    Now processing file /home/runner/work/key/key/key.core/../key.ui/examples/heap/model_methods/Coll_add_pre.key 
107196     INFO  main            d.u.i.k.p.i.AbstractProblemLoader Loading environment from /home/runner/work/key/key/key.core/../key.ui/examples/heap/model_methods/Coll_add_pre.key 
107196     DEBUG main            d.u.i.k.p.i.AbstractProblemLoader Environment load took 200.1ns 
107197     INFO  main            d.u.i.k.p.i.AbstractProblemLoader Creating init config 
109713     DEBUG main            d.u.i.k.p.i.AbstractProblemLoader Init config took 2.52s 
109750     INFO  main            d.u.i.k.p.i.AbstractProblemLoader Replaying proof Coll[Coll::add_pre(int)].JML model_behavior operation contract.0 
109752     DEBUG main            d.u.i.k.p.i.IntermediateProofReplayer Proof replay took 7.1ns 
109854     INFO  main            d.u.i.k.p.r.p.TestFile    ... finished proof: closed. 
110097     INFO  main            d.u.i.k.p.i.AbstractProblemLoader Loading environment from /home/runner/work/key/key/key.core/../key.ui/examples/heap/model_methods/Coll_add_pre.key.proof 
110098     DEBUG main            d.u.i.k.p.i.AbstractProblemLoader Environment load took 483.1ns 
110099     INFO  main            d.u.i.k.p.i.AbstractProblemLoader Creating init config 
112617     DEBUG main            d.u.i.k.p.i.AbstractProblemLoader Init config took 2.52s 
112656     INFO  main            d.u.i.k.p.i.AbstractProblemLoader Replaying proof Coll[Coll::add_pre(int)].JML model_behavior operation contract.0 
112661     DEBUG main            d.u.i.k.p.i.IntermediateProofReplayer Proof replay took 2.88ms 
112662     DEBUG main            d.u.i.k.p.r.p.TestFile    ... success: reloaded. 
112663     INFO  main            d.u.i.k.p.r.p.TestFile    Now processing file /home/runner/work/key/key/key.core/../key.ui/examples/heap/model_methods/Indirect_callAdd.key 
112663     INFO  main            d.u.i.k.p.i.AbstractProblemLoader Loading environment from /home/runner/work/key/key/key.core/../key.ui/examples/heap/model_methods/Indirect_callAdd.key 
112663     DEBUG main            d.u.i.k.p.i.AbstractProblemLoader Environment load took 105.8ns 
112664     INFO  main            d.u.i.k.p.i.AbstractProblemLoader Creating init config 
115280     DEBUG main            d.u.i.k.p.i.AbstractProblemLoader Init config took 2.62s 
115316     INFO  main            d.u.i.k.p.i.AbstractProblemLoader Replaying proof Indirect[Indirect::callAdd(Coll,int)].JML operation contract.0 
115317     DEBUG main            d.u.i.k.p.i.IntermediateProofReplayer Proof replay took 6.8ns 
115419     INFO  main            d.u.i.k.p.r.p.TestFile    ... finished proof: closed. 
115705     INFO  main            d.u.i.k.p.i.AbstractProblemLoader Loading environment from /home/runner/work/key/key/key.core/../key.ui/examples/heap/model_methods/Indirect_callAdd.key.proof 
115705     DEBUG main            d.u.i.k.p.i.AbstractProblemLoader Environment load took 99.7ns 
115707     INFO  main            d.u.i.k.p.i.AbstractProblemLoader Creating init config 
118171     DEBUG main            d.u.i.k.p.i.AbstractProblemLoader Init config took 2.46s 
118222     INFO  main            d.u.i.k.p.i.AbstractProblemLoader Replaying proof Indirect[Indirect::callAdd(Coll,int)].JML operation contract.0 
118249     DEBUG main            d.u.i.k.p.i.IntermediateProofReplayer Proof replay took 23.66ms 
118250     DEBUG main            d.u.i.k.p.r.p.TestFile    ... success: reloaded. 
118253     INFO  main            d.u.i.k.p.r.p.TestFile    Now processing file /home/runner/work/key/key/key.core/../key.ui/examples/heap/model_methods/Indirect_test.key 
118253     INFO  main            d.u.i.k.p.i.AbstractProblemLoader Loading environment from /home/runner/work/key/key/key.core/../key.ui/examples/heap/model_methods/Indirect_test.key 
118253     DEBUG main            d.u.i.k.p.i.AbstractProblemLoader Environment load took 93.9ns 
118254     INFO  main            d.u.i.k.p.i.AbstractProblemLoader Creating init config 
120881     DEBUG main            d.u.i.k.p.i.AbstractProblemLoader Init config took 2.63s 
120917     INFO  main            d.u.i.k.p.i.AbstractProblemLoader Replaying proof Indirect[Indirect::test(Coll1,Coll2)].JML operation contract.0 
120919     DEBUG main            d.u.i.k.p.i.IntermediateProofReplayer Proof replay took 6.7ns 
121122     INFO  main            d.u.i.k.p.r.p.TestFile    ... finished proof: closed. 
121394     INFO  main            d.u.i.k.p.i.AbstractProblemLoader Loading environment from /home/runner/work/key/key/key.core/../key.ui/examples/heap/model_methods/Indirect_test.key.proof 
121394     DEBUG main            d.u.i.k.p.i.AbstractProblemLoader Environment load took 351.4ns 
121395     INFO  main            d.u.i.k.p.i.AbstractProblemLoader Creating init config 
123829     DEBUG main            d.u.i.k.p.i.AbstractProblemLoader Init config took 2.43s 
123865     INFO  main            d.u.i.k.p.i.AbstractProblemLoader Replaying proof Indirect[Indirect::test(Coll1,Coll2)].JML operation contract.0 
123919     DEBUG main            d.u.i.k.p.i.IntermediateProofReplayer Proof replay took 51.43ms 
123920     DEBUG main            d.u.i.k.p.r.p.TestFile    ... success: reloaded. 
123921     INFO  main            d.u.i.k.p.r.p.TestFile    Now processing file /home/runner/work/key/key/key.core/../key.ui/examples/heap/model_methods/Recell_Cell_footprint.key 
123921     INFO  main            d.u.i.k.p.i.AbstractProblemLoader Loading environment from /home/runner/work/key/key/key.core/../key.ui/examples/heap/model_methods/Recell_Cell_footprint.key 
123921     DEBUG main            d.u.i.k.p.i.AbstractProblemLoader Environment load took 92.8ns 
123923     INFO  main            d.u.i.k.p.i.AbstractProblemLoader Creating init config 
126503     DEBUG main            d.u.i.k.p.i.AbstractProblemLoader Init config took 2.58s 
126538     INFO  main            d.u.i.k.p.i.AbstractProblemLoader Replaying proof Recell[Cell::footprint()].JML model_behavior operation contract.0 
126539     DEBUG main            d.u.i.k.p.i.IntermediateProofReplayer Proof replay took 6.9ns 
126641     INFO  main            d.u.i.k.p.r.p.TestFile    ... finished proof: closed. 
126900     INFO  main            d.u.i.k.p.i.AbstractProblemLoader Loading environment from /home/runner/work/key/key/key.core/../key.ui/examples/heap/model_methods/Recell_Cell_footprint.key.proof 
126900     DEBUG main            d.u.i.k.p.i.AbstractProblemLoader Environment load took 143.5ns 
126901     INFO  main            d.u.i.k.p.i.AbstractProblemLoader Creating init config 
129369     DEBUG main            d.u.i.k.p.i.AbstractProblemLoader Init config took 2.47s 
129404     INFO  main            d.u.i.k.p.i.AbstractProblemLoader Replaying proof Recell[Cell::footprint()].JML model_behavior operation contract.0 
129408     DEBUG main            d.u.i.k.p.i.IntermediateProofReplayer Proof replay took 2.73ms 
129409     DEBUG main            d.u.i.k.p.r.p.TestFile    ... success: reloaded. 
129410     INFO  main            d.u.i.k.p.r.p.TestFile    Now processing file /home/runner/work/key/key/key.core/../key.ui/examples/heap/model_methods/Recell_Cell_post_set.key 
129410     INFO  main            d.u.i.k.p.i.AbstractProblemLoader Loading environment from /home/runner/work/key/key/key.core/../key.ui/examples/heap/model_methods/Recell_Cell_post_set.key 
129410     DEBUG main            d.u.i.k.p.i.AbstractProblemLoader Environment load took 106.2ns 
129411     INFO  main            d.u.i.k.p.i.AbstractProblemLoader Creating init config 
131940     DEBUG main            d.u.i.k.p.i.AbstractProblemLoader Init config took 2.53s 
131977     INFO  main            d.u.i.k.p.i.AbstractProblemLoader Replaying proof Recell[Cell::post_set(int)].JML model_behavior operation contract.0 
131978     DEBUG main            d.u.i.k.p.i.IntermediateProofReplayer Proof replay took 6.8ns 
132080     INFO  main            d.u.i.k.p.r.p.TestFile    ... finished proof: closed. 
132339     INFO  main            d.u.i.k.p.i.AbstractProblemLoader Loading environment from /home/runner/work/key/key/key.core/../key.ui/examples/heap/model_methods/Recell_Cell_post_set.key.proof 
132339     DEBUG main            d.u.i.k.p.i.AbstractProblemLoader Environment load took 106.1ns 
132341     INFO  main            d.u.i.k.p.i.AbstractProblemLoader Creating init config 
134797     DEBUG main            d.u.i.k.p.i.AbstractProblemLoader Init config took 2.46s 
134831     INFO  main            d.u.i.k.p.i.AbstractProblemLoader Replaying proof Recell[Cell::post_set(int)].JML model_behavior operation contract.0 
134836     DEBUG main            d.u.i.k.p.i.IntermediateProofReplayer Proof replay took 3.55ms 
134837     DEBUG main            d.u.i.k.p.r.p.TestFile    ... success: reloaded. 
134838     INFO  main            d.u.i.k.p.r.p.TestFile    Now processing file /home/runner/work/key/key/key.core/../key.ui/examples/heap/model_methods/Recell_footprint_acc.key 
134838     INFO  main            d.u.i.k.p.i.AbstractProblemLoader Loading environment from /home/runner/work/key/key/key.core/../key.ui/examples/heap/model_methods/Recell_footprint_acc.key 
134838     DEBUG main            d.u.i.k.p.i.AbstractProblemLoader Environment load took 83.3ns 
134839     INFO  main            d.u.i.k.p.i.AbstractProblemLoader Creating init config 
137399     DEBUG main            d.u.i.k.p.i.AbstractProblemLoader Init config took 2.56s 
137437     INFO  main            d.u.i.k.p.i.AbstractProblemLoader Replaying proof Recell[Cell::footprint()].JML accessible clause.0 
137439     DEBUG main            d.u.i.k.p.i.IntermediateProofReplayer Proof replay took 6.9ns 
137545     INFO  main            d.u.i.k.p.r.p.TestFile    ... finished proof: closed. 
137823     INFO  main            d.u.i.k.p.i.AbstractProblemLoader Loading environment from /home/runner/work/key/key/key.core/../key.ui/examples/heap/model_methods/Recell_footprint_acc.key.proof 
137823     DEBUG main            d.u.i.k.p.i.AbstractProblemLoader Environment load took 115.5ns 
137824     INFO  main            d.u.i.k.p.i.AbstractProblemLoader Creating init config 
140266     DEBUG main            d.u.i.k.p.i.AbstractProblemLoader Init config took 2.44s 
140318     INFO  main            d.u.i.k.p.i.AbstractProblemLoader Replaying proof Recell[Cell::footprint()].JML accessible clause.0 
140338     DEBUG main            d.u.i.k.p.i.IntermediateProofReplayer Proof replay took 17.9ms 
140339     DEBUG main            d.u.i.k.p.r.p.TestFile    ... success: reloaded. 
140340     INFO  main            d.u.i.k.p.r.p.TestFile    Now processing file /home/runner/work/key/key/key.core/../key.ui/examples/heap/model_methods/Recell_get_acc.key 
140340     INFO  main            d.u.i.k.p.i.AbstractProblemLoader Loading environment from /home/runner/work/key/key/key.core/../key.ui/examples/heap/model_methods/Recell_get_acc.key 
140341     DEBUG main            d.u.i.k.p.i.AbstractProblemLoader Environment load took 93.9ns 
140341     INFO  main            d.u.i.k.p.i.AbstractProblemLoader Creating init config 
142880     DEBUG main            d.u.i.k.p.i.AbstractProblemLoader Init config took 2.54s 
142915     INFO  main            d.u.i.k.p.i.AbstractProblemLoader Replaying proof Recell[Cell::get()].JML accessible clause.0 
142917     DEBUG main            d.u.i.k.p.i.IntermediateProofReplayer Proof replay took 7ns 
143021     INFO  main            d.u.i.k.p.r.p.TestFile    ... finished proof: closed. 
143309     INFO  main            d.u.i.k.p.i.AbstractProblemLoader Loading environment from /home/runner/work/key/key/key.core/../key.ui/examples/heap/model_methods/Recell_get_acc.key.proof 
143309     DEBUG main            d.u.i.k.p.i.AbstractProblemLoader Environment load took 100.1ns 
143310     INFO  main            d.u.i.k.p.i.AbstractProblemLoader Creating init config 
145781     DEBUG main            d.u.i.k.p.i.AbstractProblemLoader Init config took 2.47s 
145818     INFO  main            d.u.i.k.p.i.AbstractProblemLoader Replaying proof Recell[Cell::get()].JML accessible clause.0 
145837     DEBUG main            d.u.i.k.p.i.IntermediateProofReplayer Proof replay took 17.18ms 
145838     DEBUG main            d.u.i.k.p.r.p.TestFile    ... success: reloaded. 
145839     INFO  main            d.u.i.k.p.r.p.TestFile    Now processing file /home/runner/work/key/key/key.core/../key.ui/examples/heap/model_methods/Recell_get.key 
145839     INFO  main            d.u.i.k.p.i.AbstractProblemLoader Loading environment from /home/runner/work/key/key/key.core/../key.ui/examples/heap/model_methods/Recell_get.key 
145840     DEBUG main            d.u.i.k.p.i.AbstractProblemLoader Environment load took 117.2ns 
145840     INFO  main            d.u.i.k.p.i.AbstractProblemLoader Creating init config 
148666     DEBUG main            d.u.i.k.p.i.AbstractProblemLoader Init config took 2.83s 
148704     INFO  main            d.u.i.k.p.i.AbstractProblemLoader Replaying proof Recell[Cell::get()].JML operation contract.0 
148705     DEBUG main            d.u.i.k.p.i.IntermediateProofReplayer Proof replay took 7.5ns 
148809     INFO  main            d.u.i.k.p.r.p.TestFile    ... finished proof: closed. 
149112     INFO  main            d.u.i.k.p.i.AbstractProblemLoader Loading environment from /home/runner/work/key/key/key.core/../key.ui/examples/heap/model_methods/Recell_get.key.proof 
149112     DEBUG main            d.u.i.k.p.i.AbstractProblemLoader Environment load took 129.7ns 
149115     INFO  main            d.u.i.k.p.i.AbstractProblemLoader Creating init config 
151626     DEBUG main            d.u.i.k.p.i.AbstractProblemLoader Init config took 2.51s 
151661     INFO  main            d.u.i.k.p.i.AbstractProblemLoader Replaying proof Recell[Cell::get()].JML operation contract.0 
151671     DEBUG main            d.u.i.k.p.i.IntermediateProofReplayer Proof replay took 8.04ms 
151671     DEBUG main            d.u.i.k.p.r.p.TestFile    ... success: reloaded. 
151672     INFO  main            d.u.i.k.p.r.p.TestFile    Now processing file /home/runner/work/key/key/key.core/../key.ui/examples/heap/model_methods/Recell_Recell_footprint.key 
151672     INFO  main            d.u.i.k.p.i.AbstractProblemLoader Loading environment from /home/runner/work/key/key/key.core/../key.ui/examples/heap/model_methods/Recell_Recell_footprint.key 
151673     DEBUG main            d.u.i.k.p.i.AbstractProblemLoader Environment load took 160.3ns 
151675     INFO  main            d.u.i.k.p.i.AbstractProblemLoader Creating init config 
154230     DEBUG main            d.u.i.k.p.i.AbstractProblemLoader Init config took 2.56s 
154266     INFO  main            d.u.i.k.p.i.AbstractProblemLoader Replaying proof Recell[Recell::footprint()].JML model_behavior operation contract.0 
154268     DEBUG main            d.u.i.k.p.i.IntermediateProofReplayer Proof replay took 7.9ns 
154373     INFO  main            d.u.i.k.p.r.p.TestFile    ... finished proof: closed. 
154664     INFO  main            d.u.i.k.p.i.AbstractProblemLoader Loading environment from /home/runner/work/key/key/key.core/../key.ui/examples/heap/model_methods/Recell_Recell_footprint.key.proof 
154664     DEBUG main            d.u.i.k.p.i.AbstractProblemLoader Environment load took 121.3ns 
154665     INFO  main            d.u.i.k.p.i.AbstractProblemLoader Creating init config 
157171     DEBUG main            d.u.i.k.p.i.AbstractProblemLoader Init config took 2.51s 
157207     INFO  main            d.u.i.k.p.i.AbstractProblemLoader Replaying proof Recell[Recell::footprint()].JML model_behavior operation contract.0 
157210     DEBUG main            d.u.i.k.p.i.IntermediateProofReplayer Proof replay took 1.57ms 
157211     DEBUG main            d.u.i.k.p.r.p.TestFile    ... success: reloaded. 
157212     INFO  main            d.u.i.k.p.r.p.TestFile    Now processing file /home/runner/work/key/key/key.core/../key.ui/examples/heap/model_methods/Recell_Recell_post_set.key 
157212     INFO  main            d.u.i.k.p.i.AbstractProblemLoader Loading environment from /home/runner/work/key/key/key.core/../key.ui/examples/heap/model_methods/Recell_Recell_post_set.key 
157213     DEBUG main            d.u.i.k.p.i.AbstractProblemLoader Environment load took 360.2ns 
157214     INFO  main            d.u.i.k.p.i.AbstractProblemLoader Creating init config 
159909     DEBUG main            d.u.i.k.p.i.AbstractProblemLoader Init config took 2.69s 
159951     INFO  main            d.u.i.k.p.i.AbstractProblemLoader Replaying proof Recell[Recell::post_set(int)].JML model_behavior operation contract.0 
159952     DEBUG main            d.u.i.k.p.i.IntermediateProofReplayer Proof replay took 7.4ns 
160054     INFO  main            d.u.i.k.p.r.p.TestFile    ... finished proof: closed. 
160359     INFO  main            d.u.i.k.p.i.AbstractProblemLoader Loading environment from /home/runner/work/key/key/key.core/../key.ui/examples/heap/model_methods/Recell_Recell_post_set.key.proof 
160359     DEBUG main            d.u.i.k.p.i.AbstractProblemLoader Environment load took 96.6ns 
160360     INFO  main            d.u.i.k.p.i.AbstractProblemLoader Creating init config 
162804     DEBUG main            d.u.i.k.p.i.AbstractProblemLoader Init config took 2.44s 
162842     INFO  main            d.u.i.k.p.i.AbstractProblemLoader Replaying proof Recell[Recell::post_set(int)].JML model_behavior operation contract.0 
162846     DEBUG main            d.u.i.k.p.i.IntermediateProofReplayer Proof replay took 2.49ms 
162847     DEBUG main            d.u.i.k.p.r.p.TestFile    ... success: reloaded. 
162848     INFO  main            d.u.i.k.p.r.p.TestFile    Now processing file /home/runner/work/key/key/key.core/../key.ui/examples/heap/model_methods/Recell_set.key 
162848     INFO  main            d.u.i.k.p.i.AbstractProblemLoader Loading environment from /home/runner/work/key/key/key.core/../key.ui/examples/heap/model_methods/Recell_set.key 
162848     DEBUG main            d.u.i.k.p.i.AbstractProblemLoader Environment load took 134.8ns 
162849     INFO  main            d.u.i.k.p.i.AbstractProblemLoader Creating init config 
165421     DEBUG main            d.u.i.k.p.i.AbstractProblemLoader Init config took 2.57s 
165456     INFO  main            d.u.i.k.p.i.AbstractProblemLoader Replaying proof Recell[Cell::set(int)].JML operation contract.0 
165458     DEBUG main            d.u.i.k.p.i.IntermediateProofReplayer Proof replay took 6.8ns 
171925     INFO  main            d.u.i.k.p.r.p.TestFile    ... finished proof: closed. 
172268     INFO  main            d.u.i.k.p.i.AbstractProblemLoader Loading environment from /home/runner/work/key/key/key.core/../key.ui/examples/heap/model_methods/Recell_set.key.proof 
172269     DEBUG main            d.u.i.k.p.i.AbstractProblemLoader Environment load took 345.5ns 
172270     INFO  main            d.u.i.k.p.i.AbstractProblemLoader Creating init config 
174737     DEBUG main            d.u.i.k.p.i.AbstractProblemLoader Init config took 2.47s 
174772     INFO  main            d.u.i.k.p.i.AbstractProblemLoader Replaying proof Recell[Cell::set(int)].JML operation contract.0 
175181     DEBUG main            d.u.i.k.p.i.IntermediateProofReplayer Proof replay took 391.02ms 
175182     DEBUG main            d.u.i.k.p.r.p.TestFile    ... success: reloaded. 
175183     INFO  main            d.u.i.k.p.r.p.TestFile    Now processing file /home/runner/work/key/key/key.core/../key.ui/examples/heap/model_methods/Recell_undo.key 
175183     INFO  main            d.u.i.k.p.i.AbstractProblemLoader Loading environment from /home/runner/work/key/key/key.core/../key.ui/examples/heap/model_methods/Recell_undo.key 
175183     DEBUG main            d.u.i.k.p.i.AbstractProblemLoader Environment load took 171ns 
175184     INFO  main            d.u.i.k.p.i.AbstractProblemLoader Creating init config 
177704     DEBUG main            d.u.i.k.p.i.AbstractProblemLoader Init config took 2.52s 
177738     INFO  main            d.u.i.k.p.i.AbstractProblemLoader Replaying proof Recell[Recell::undo()].JML operation contract.0 
177740     DEBUG main            d.u.i.k.p.i.IntermediateProofReplayer Proof replay took 7.5ns 
177942     INFO  main            d.u.i.k.p.r.p.TestFile    ... finished proof: closed. 
178281     INFO  main            d.u.i.k.p.i.AbstractProblemLoader Loading environment from /home/runner/work/key/key/key.core/../key.ui/examples/heap/model_methods/Recell_undo.key.proof 
178281     DEBUG main            d.u.i.k.p.i.AbstractProblemLoader Environment load took 105ns 
178282     INFO  main            d.u.i.k.p.i.AbstractProblemLoader Creating init config 
180776     DEBUG main            d.u.i.k.p.i.AbstractProblemLoader Init config took 2.49s 
180810     INFO  main            d.u.i.k.p.i.AbstractProblemLoader Replaying proof Recell[Recell::undo()].JML operation contract.0 
180838     DEBUG main            d.u.i.k.p.i.IntermediateProofReplayer Proof replay took 25.84ms 
180839     DEBUG main            d.u.i.k.p.r.p.TestFile    ... success: reloaded. 
4099102    INFO  Test worker     d.u.i.k.p.r.RunAllProofsTestUnit Returning from test modelMethods 
4099104    INFO  Test worker     d.u.i.k.p.r.RunAllProofsTestUnit Running test permissionHeap 
385        INFO  Timeout watchdog d.u.i.k.p.r.p.ForkedTestFileRunner Timeout watcher launched (2000 secs.) 
392        WARN  main            d.u.i.k.s.ProofSettings   The settings in /home/runner/.key/proof-settings.props are *not* read. 
417        INFO  main            d.u.i.k.p.r.p.TestFile    Now processing file /home/runner/work/key/key/key.core/../key.ui/examples/heap/permissions/permissions_method0.key 
530        INFO  main            d.u.i.k.p.i.AbstractProblemLoader Loading environment from /home/runner/work/key/key/key.core/../key.ui/examples/heap/permissions/permissions_method0.key 
545        DEBUG main            d.u.i.k.p.i.AbstractProblemLoader Environment load took 1.84ms 
768        INFO  main            d.u.i.k.p.i.AbstractProblemLoader Creating init config 
1808       DEBUG main            d.u.i.k.j.TypeConverter   No LDT found for Meta 
1809       DEBUG main            d.u.i.k.j.TypeConverter   No LDT found for Meta 
1812       DEBUG main            d.u.i.k.j.TypeConverter   No LDT found for Meta 
1813       DEBUG main            d.u.i.k.j.TypeConverter   No LDT found for Meta 
3537       DEBUG main            d.u.i.k.j.TypeConverter   No LDT found for JavaBigintExpression 
8410       DEBUG main            d.u.i.k.p.i.AbstractProblemLoader Init config took 7.64s 
8582       INFO  main            d.u.i.k.p.i.AbstractProblemLoader Replaying proof MyClass[MyClass::method0()].JML normal_behavior operation contract.0 
8626       DEBUG main            d.u.i.k.p.i.IntermediateProofReplayer Proof replay took 29ns 
9654       INFO  main            d.u.i.k.p.r.p.TestFile    ... finished proof: closed. 
9775       INFO  main            d.u.i.k.p.i.AbstractProblemLoader Loading environment from /home/runner/work/key/key/key.core/../key.ui/examples/heap/permissions/permissions_method0.key.proof 
9780       DEBUG main            d.u.i.k.p.i.AbstractProblemLoader Environment load took 4.59ms 
9782       INFO  main            d.u.i.k.p.i.AbstractProblemLoader Creating init config 
12545      DEBUG main            d.u.i.k.p.i.AbstractProblemLoader Init config took 2.76s 
12609      INFO  main            d.u.i.k.p.i.AbstractProblemLoader Replaying proof MyClass[MyClass::method0()].JML normal_behavior operation contract.0 
12701      DEBUG main            d.u.i.k.p.i.IntermediateProofReplayer Proof replay took 86.37ms 
12709      DEBUG main            d.u.i.k.p.r.p.TestFile    ... success: reloaded. 
12711      INFO  main            d.u.i.k.p.r.p.TestFile    Now processing file /home/runner/work/key/key/key.core/../key.ui/examples/heap/permissions/permissions_method1.key 
12711      INFO  main            d.u.i.k.p.i.AbstractProblemLoader Loading environment from /home/runner/work/key/key/key.core/../key.ui/examples/heap/permissions/permissions_method1.key 
12712      DEBUG main            d.u.i.k.p.i.AbstractProblemLoader Environment load took 223.5ns 
12714      INFO  main            d.u.i.k.p.i.AbstractProblemLoader Creating init config 
15500      DEBUG main            d.u.i.k.p.i.AbstractProblemLoader Init config took 2.79s 
15560      INFO  main            d.u.i.k.p.i.AbstractProblemLoader Replaying proof MyClass[MyClass::method1()].JML normal_behavior operation contract.0 
15562      DEBUG main            d.u.i.k.p.i.IntermediateProofReplayer Proof replay took 5.6ns 
15966      INFO  main            d.u.i.k.p.r.p.TestFile    ... finished proof: closed. 
16155      INFO  main            d.u.i.k.p.i.AbstractProblemLoader Loading environment from /home/runner/work/key/key/key.core/../key.ui/examples/heap/permissions/permissions_method1.key.proof 
16156      DEBUG main            d.u.i.k.p.i.AbstractProblemLoader Environment load took 378.1ns 
16158      INFO  main            d.u.i.k.p.i.AbstractProblemLoader Creating init config 
18668      DEBUG main            d.u.i.k.p.i.AbstractProblemLoader Init config took 2.51s 
18734      INFO  main            d.u.i.k.p.i.AbstractProblemLoader Replaying proof MyClass[MyClass::method1()].JML normal_behavior operation contract.0 
18793      DEBUG main            d.u.i.k.p.i.IntermediateProofReplayer Proof replay took 55.71ms 
18795      DEBUG main            d.u.i.k.p.r.p.TestFile    ... success: reloaded. 
18796      INFO  main            d.u.i.k.p.r.p.TestFile    Now processing file /home/runner/work/key/key/key.core/../key.ui/examples/heap/permissions/permissions_method3.key 
18796      INFO  main            d.u.i.k.p.i.AbstractProblemLoader Loading environment from /home/runner/work/key/key/key.core/../key.ui/examples/heap/permissions/permissions_method3.key 
18796      DEBUG main            d.u.i.k.p.i.AbstractProblemLoader Environment load took 232.3ns 
18798      INFO  main            d.u.i.k.p.i.AbstractProblemLoader Creating init config 
21341      DEBUG main            d.u.i.k.p.i.AbstractProblemLoader Init config took 2.54s 
21393      INFO  main            d.u.i.k.p.i.AbstractProblemLoader Replaying proof MyClass[MyClass::method3()].JML normal_behavior operation contract.0 
21396      DEBUG main            d.u.i.k.p.i.IntermediateProofReplayer Proof replay took 6.4ns 
23028      INFO  main            d.u.i.k.p.r.p.TestFile    ... finished proof: closed. 
23207      INFO  main            d.u.i.k.p.i.AbstractProblemLoader Loading environment from /home/runner/work/key/key/key.core/../key.ui/examples/heap/permissions/permissions_method3.key.proof 
23209      DEBUG main            d.u.i.k.p.i.AbstractProblemLoader Environment load took 2.1ms 
23211      INFO  main            d.u.i.k.p.i.AbstractProblemLoader Creating init config 
25680      DEBUG main            d.u.i.k.p.i.AbstractProblemLoader Init config took 2.47s 
25739      INFO  main            d.u.i.k.p.i.AbstractProblemLoader Replaying proof MyClass[MyClass::method3()].JML normal_behavior operation contract.0 
26016      DEBUG main            d.u.i.k.p.i.IntermediateProofReplayer Proof replay took 263.77ms 
26017      DEBUG main            d.u.i.k.p.r.p.TestFile    ... success: reloaded. 
26019      INFO  main            d.u.i.k.p.r.p.TestFile    Now processing file /home/runner/work/key/key/key.core/../key.ui/examples/heap/permissions/permissions_setAB.key 
26019      INFO  main            d.u.i.k.p.i.AbstractProblemLoader Loading environment from /home/runner/work/key/key/key.core/../key.ui/examples/heap/permissions/permissions_setAB.key 
26019      DEBUG main            d.u.i.k.p.i.AbstractProblemLoader Environment load took 108.4ns 
26021      INFO  main            d.u.i.k.p.i.AbstractProblemLoader Creating init config 
28539      DEBUG main            d.u.i.k.p.i.AbstractProblemLoader Init config took 2.52s 
28582      INFO  main            d.u.i.k.p.i.AbstractProblemLoader Replaying proof MyClass[MyClass::setAB()].JML normal_behavior operation contract.0 
28584      DEBUG main            d.u.i.k.p.i.IntermediateProofReplayer Proof replay took 5.2ns 
30093      INFO  main            d.u.i.k.p.r.p.TestFile    ... finished proof: closed. 
30301      INFO  main            d.u.i.k.p.i.AbstractProblemLoader Loading environment from /home/runner/work/key/key/key.core/../key.ui/examples/heap/permissions/permissions_setAB.key.proof 
30308      DEBUG main            d.u.i.k.p.i.AbstractProblemLoader Environment load took 7ms 
30310      INFO  main            d.u.i.k.p.i.AbstractProblemLoader Creating init config 
32794      DEBUG main            d.u.i.k.p.i.AbstractProblemLoader Init config took 2.48s 
32860      INFO  main            d.u.i.k.p.i.AbstractProblemLoader Replaying proof MyClass[MyClass::setAB()].JML normal_behavior operation contract.0 
33041      DEBUG main            d.u.i.k.p.i.IntermediateProofReplayer Proof replay took 171.95ms 
33042      DEBUG main            d.u.i.k.p.r.p.TestFile    ... success: reloaded. 
33043      INFO  main            d.u.i.k.p.r.p.TestFile    Now processing file /home/runner/work/key/key/key.core/../key.ui/examples/heap/permissions/permissionProperties.key 
33043      INFO  main            d.u.i.k.p.i.AbstractProblemLoader Loading environment from /home/runner/work/key/key/key.core/../key.ui/examples/heap/permissions/permissionProperties.key 
33044      DEBUG main            d.u.i.k.p.i.AbstractProblemLoader Environment load took 176.8ns 
33046      INFO  main            d.u.i.k.p.i.AbstractProblemLoader Creating init config 
33221      DEBUG main            d.u.i.k.j.TypeConverter   No LDT found for Meta 
33221      DEBUG main            d.u.i.k.j.TypeConverter   No LDT found for Meta 
33222      DEBUG main            d.u.i.k.j.TypeConverter   No LDT found for Meta 
33222      DEBUG main            d.u.i.k.j.TypeConverter   No LDT found for Meta 
33919      DEBUG main            d.u.i.k.j.TypeConverter   No LDT found for JavaBigintExpression 
36621      DEBUG main            d.u.i.k.p.i.AbstractProblemLoader Init config took 3.58s 
36642      INFO  main            d.u.i.k.p.i.AbstractProblemLoader Replaying proof permissionProperties.key 
36645      DEBUG main            d.u.i.k.p.i.IntermediateProofReplayer Proof replay took 6.1ns 
36751      INFO  main            d.u.i.k.p.r.p.TestFile    ... finished proof: closed. 
36923      INFO  main            d.u.i.k.p.i.AbstractProblemLoader Loading environment from /home/runner/work/key/key/key.core/../key.ui/examples/heap/permissions/permissionProperties.key.proof 
36923      DEBUG main            d.u.i.k.p.i.AbstractProblemLoader Environment load took 383.3ns 
36925      INFO  main            d.u.i.k.p.i.AbstractProblemLoader Creating init config 
39224      DEBUG main            d.u.i.k.p.i.AbstractProblemLoader Init config took 2.3s 
39244      INFO  main            d.u.i.k.p.i.AbstractProblemLoader Replaying proof permissionProperties.key.proof 
39261      DEBUG main            d.u.i.k.p.i.IntermediateProofReplayer Proof replay took 14.78ms 
39262      DEBUG main            d.u.i.k.p.r.p.TestFile    ... success: reloaded. 
39264      INFO  main            d.u.i.k.p.r.p.TestFile    Now processing file /home/runner/work/key/key/key.core/../key.ui/examples/heap/permissions/threads/AFilter_AFilter.key 
39264      INFO  main            d.u.i.k.p.i.AbstractProblemLoader Loading environment from /home/runner/work/key/key/key.core/../key.ui/examples/heap/permissions/threads/AFilter_AFilter.key 
39264      DEBUG main            d.u.i.k.p.i.AbstractProblemLoader Environment load took 195.4ns 
39265      INFO  main            d.u.i.k.p.i.AbstractProblemLoader Creating init config 
39388      DEBUG main            d.u.i.k.j.TypeConverter   No LDT found for Meta 
39388      DEBUG main            d.u.i.k.j.TypeConverter   No LDT found for Meta 
39389      DEBUG main            d.u.i.k.j.TypeConverter   No LDT found for Meta 
39389      DEBUG main            d.u.i.k.j.TypeConverter   No LDT found for Meta 
39982      DEBUG main            d.u.i.k.j.TypeConverter   No LDT found for JavaBigintExpression 
45023      DEBUG main            d.u.i.k.p.i.AbstractProblemLoader Init config took 5.76s 
45130      INFO  main            d.u.i.k.p.i.AbstractProblemLoader Replaying proof AFilter[AFilter::AFilter(Sampler,Buffer)].JML normal_behavior operation contract.0 
45132      DEBUG main            d.u.i.k.p.i.IntermediateProofReplayer Proof replay took 6.5ns 
46137      INFO  main            d.u.i.k.p.r.p.TestFile    ... finished proof: closed. 
46390      INFO  main            d.u.i.k.p.i.AbstractProblemLoader Loading environment from /home/runner/work/key/key/key.core/../key.ui/examples/heap/permissions/threads/AFilter_AFilter.key.proof 
46390      DEBUG main            d.u.i.k.p.i.AbstractProblemLoader Environment load took 392.5ns 
46391      INFO  main            d.u.i.k.p.i.AbstractProblemLoader Creating init config 
50667      DEBUG main            d.u.i.k.p.i.AbstractProblemLoader Init config took 4.28s 
50778      INFO  main            d.u.i.k.p.i.AbstractProblemLoader Replaying proof AFilter[AFilter::AFilter(Sampler,Buffer)].JML normal_behavior operation contract.0 
50919      DEBUG main            d.u.i.k.p.i.IntermediateProofReplayer Proof replay took 134.55ms 
50920      DEBUG main            d.u.i.k.p.r.p.TestFile    ... success: reloaded. 
50922      INFO  main            d.u.i.k.p.r.p.TestFile    Now processing file /home/runner/work/key/key/key.core/../key.ui/examples/heap/permissions/threads/AFilter_initPost_accessible.key 
50922      INFO  main            d.u.i.k.p.i.AbstractProblemLoader Loading environment from /home/runner/work/key/key/key.core/../key.ui/examples/heap/permissions/threads/AFilter_initPost_accessible.key 
50923      DEBUG main            d.u.i.k.p.i.AbstractProblemLoader Environment load took 263.3ns 
50924      INFO  main            d.u.i.k.p.i.AbstractProblemLoader Creating init config 
55336      DEBUG main            d.u.i.k.p.i.AbstractProblemLoader Init config took 4.41s 
55422      INFO  main            d.u.i.k.p.i.AbstractProblemLoader Replaying proof AFilter[ThreadSpec2::initPost()].JML accessible clause.0 
55424      DEBUG main            d.u.i.k.p.i.IntermediateProofReplayer Proof replay took 6.9ns 
55526      INFO  main            d.u.i.k.p.r.p.TestFile    ... finished proof: closed. 
55764      INFO  main            d.u.i.k.p.i.AbstractProblemLoader Loading environment from /home/runner/work/key/key/key.core/../key.ui/examples/heap/permissions/threads/AFilter_initPost_accessible.key.proof 
55765      DEBUG main            d.u.i.k.p.i.AbstractProblemLoader Environment load took 123.4ns 
55765      INFO  main            d.u.i.k.p.i.AbstractProblemLoader Creating init config 
60094      DEBUG main            d.u.i.k.p.i.AbstractProblemLoader Init config took 4.33s 
60196      INFO  main            d.u.i.k.p.i.AbstractProblemLoader Replaying proof AFilter[ThreadSpec2::initPost()].JML accessible clause.0 
60208      DEBUG main            d.u.i.k.p.i.IntermediateProofReplayer Proof replay took 10.19ms 
60209      DEBUG main            d.u.i.k.p.r.p.TestFile    ... success: reloaded. 
60210      INFO  main            d.u.i.k.p.r.p.TestFile    Now processing file /home/runner/work/key/key/key.core/../key.ui/examples/heap/permissions/threads/AFilter_inv_accessible1.key 
60210      INFO  main            d.u.i.k.p.i.AbstractProblemLoader Loading environment from /home/runner/work/key/key/key.core/../key.ui/examples/heap/permissions/threads/AFilter_inv_accessible1.key 
60210      DEBUG main            d.u.i.k.p.i.AbstractProblemLoader Environment load took 98.6ns 
60211      INFO  main            d.u.i.k.p.i.AbstractProblemLoader Creating init config 
64576      DEBUG main            d.u.i.k.p.i.AbstractProblemLoader Init config took 4.36s 
64660      INFO  main            d.u.i.k.p.i.AbstractProblemLoader Replaying proof AFilter[java.lang.Object::<inv>()].JML accessible clause.0 
64661      DEBUG main            d.u.i.k.p.i.IntermediateProofReplayer Proof replay took 6ns 
64765      INFO  main            d.u.i.k.p.r.p.TestFile    ... finished proof: closed. 
64994      INFO  main            d.u.i.k.p.i.AbstractProblemLoader Loading environment from /home/runner/work/key/key/key.core/../key.ui/examples/heap/permissions/threads/AFilter_inv_accessible1.key.proof 
64994      DEBUG main            d.u.i.k.p.i.AbstractProblemLoader Environment load took 115.3ns 
64995      INFO  main            d.u.i.k.p.i.AbstractProblemLoader Creating init config 
69291      DEBUG main            d.u.i.k.p.i.AbstractProblemLoader Init config took 4.3s 
69386      INFO  main            d.u.i.k.p.i.AbstractProblemLoader Replaying proof AFilter[java.lang.Object::<inv>()].JML accessible clause.0 
69390      DEBUG main            d.u.i.k.p.i.IntermediateProofReplayer Proof replay took 2.02ms 
69391      DEBUG main            d.u.i.k.p.r.p.TestFile    ... success: reloaded. 
69392      INFO  main            d.u.i.k.p.r.p.TestFile    Now processing file /home/runner/work/key/key/key.core/../key.ui/examples/heap/permissions/threads/AFilter_inv_accessible2.key 
69393      INFO  main            d.u.i.k.p.i.AbstractProblemLoader Loading environment from /home/runner/work/key/key/key.core/../key.ui/examples/heap/permissions/threads/AFilter_inv_accessible2.key 
69393      DEBUG main            d.u.i.k.p.i.AbstractProblemLoader Environment load took 181.4ns 
69394      INFO  main            d.u.i.k.p.i.AbstractProblemLoader Creating init config 
73721      DEBUG main            d.u.i.k.p.i.AbstractProblemLoader Init config took 4.33s 
73822      INFO  main            d.u.i.k.p.i.AbstractProblemLoader Replaying proof AFilter[java.lang.Object::<inv>()].JML accessible clause.1 
73827      DEBUG main            d.u.i.k.p.i.IntermediateProofReplayer Proof replay took 5.7ns 
73930      INFO  main            d.u.i.k.p.r.p.TestFile    ... finished proof: closed. 
74162      INFO  main            d.u.i.k.p.i.AbstractProblemLoader Loading environment from /home/runner/work/key/key/key.core/../key.ui/examples/heap/permissions/threads/AFilter_inv_accessible2.key.proof 
74162      DEBUG main            d.u.i.k.p.i.AbstractProblemLoader Environment load took 272.2ns 
74163      INFO  main            d.u.i.k.p.i.AbstractProblemLoader Creating init config 
78413      DEBUG main            d.u.i.k.p.i.AbstractProblemLoader Init config took 4.25s 
78501      INFO  main            d.u.i.k.p.i.AbstractProblemLoader Replaying proof AFilter[java.lang.Object::<inv>()].JML accessible clause.1 
78505      DEBUG main            d.u.i.k.p.i.IntermediateProofReplayer Proof replay took 2.1ms 
78506      DEBUG main            d.u.i.k.p.r.p.TestFile    ... success: reloaded. 
78507      INFO  main            d.u.i.k.p.r.p.TestFile    Now processing file /home/runner/work/key/key/key.core/../key.ui/examples/heap/permissions/threads/AFilter_joinTransfer_accessible.key 
78508      INFO  main            d.u.i.k.p.i.AbstractProblemLoader Loading environment from /home/runner/work/key/key/key.core/../key.ui/examples/heap/permissions/threads/AFilter_joinTransfer_accessible.key 
78508      DEBUG main            d.u.i.k.p.i.AbstractProblemLoader Environment load took 243.8ns 
78509      INFO  main            d.u.i.k.p.i.AbstractProblemLoader Creating init config 
82781      DEBUG main            d.u.i.k.p.i.AbstractProblemLoader Init config took 4.27s 
82864      INFO  main            d.u.i.k.p.i.AbstractProblemLoader Replaying proof AFilter[ThreadSpec2::joinTransfer()].JML accessible clause.0 
82865      DEBUG main            d.u.i.k.p.i.IntermediateProofReplayer Proof replay took 6.9ns 
86079      INFO  main            d.u.i.k.p.r.p.TestFile    ... finished proof: closed. 
86351      INFO  main            d.u.i.k.p.i.AbstractProblemLoader Loading environment from /home/runner/work/key/key/key.core/../key.ui/examples/heap/permissions/threads/AFilter_joinTransfer_accessible.key.proof 
86351      DEBUG main            d.u.i.k.p.i.AbstractProblemLoader Environment load took 125.5ns 
86352      INFO  main            d.u.i.k.p.i.AbstractProblemLoader Creating init config 
90600      DEBUG main            d.u.i.k.p.i.AbstractProblemLoader Init config took 4.25s 
90687      INFO  main            d.u.i.k.p.i.AbstractProblemLoader Replaying proof AFilter[ThreadSpec2::joinTransfer()].JML accessible clause.0 
91011      DEBUG main            d.u.i.k.p.i.IntermediateProofReplayer Proof replay took 314.13ms 
91013      DEBUG main            d.u.i.k.p.r.p.TestFile    ... success: reloaded. 
91014      INFO  main            d.u.i.k.p.r.p.TestFile    Now processing file /home/runner/work/key/key/key.core/../key.ui/examples/heap/permissions/threads/AFilter_joinTransfer_contract.key 
91014      INFO  main            d.u.i.k.p.i.AbstractProblemLoader Loading environment from /home/runner/work/key/key/key.core/../key.ui/examples/heap/permissions/threads/AFilter_joinTransfer_contract.key 
91015      DEBUG main            d.u.i.k.p.i.AbstractProblemLoader Environment load took 192.6ns 
91016      INFO  main            d.u.i.k.p.i.AbstractProblemLoader Creating init config 
95276      DEBUG main            d.u.i.k.p.i.AbstractProblemLoader Init config took 4.26s 
95373      INFO  main            d.u.i.k.p.i.AbstractProblemLoader Replaying proof AFilter[ThreadSpec2::joinTransfer()].JML model_behavior operation contract.0 
95375      DEBUG main            d.u.i.k.p.i.IntermediateProofReplayer Proof replay took 7.1ns 
95476      INFO  main            d.u.i.k.p.r.p.TestFile    ... finished proof: closed. 
95708      INFO  main            d.u.i.k.p.i.AbstractProblemLoader Loading environment from /home/runner/work/key/key/key.core/../key.ui/examples/heap/permissions/threads/AFilter_joinTransfer_contract.key.proof 
95708      DEBUG main            d.u.i.k.p.i.AbstractProblemLoader Environment load took 136.9ns 
95709      INFO  main            d.u.i.k.p.i.AbstractProblemLoader Creating init config 
99924      DEBUG main            d.u.i.k.p.i.AbstractProblemLoader Init config took 4.21s 
100005     INFO  main            d.u.i.k.p.i.AbstractProblemLoader Replaying proof AFilter[ThreadSpec2::joinTransfer()].JML model_behavior operation contract.0 
100016     DEBUG main            d.u.i.k.p.i.IntermediateProofReplayer Proof replay took 9.72ms 
100017     DEBUG main            d.u.i.k.p.r.p.TestFile    ... success: reloaded. 
100018     INFO  main            d.u.i.k.p.r.p.TestFile    Now processing file /home/runner/work/key/key/key.core/../key.ui/examples/heap/permissions/threads/AFilter_postJoin_accessible.key 
100019     INFO  main            d.u.i.k.p.i.AbstractProblemLoader Loading environment from /home/runner/work/key/key/key.core/../key.ui/examples/heap/permissions/threads/AFilter_postJoin_accessible.key 
100019     DEBUG main            d.u.i.k.p.i.AbstractProblemLoader Environment load took 96.9ns 
100020     INFO  main            d.u.i.k.p.i.AbstractProblemLoader Creating init config 
104265     DEBUG main            d.u.i.k.p.i.AbstractProblemLoader Init config took 4.24s 
104344     INFO  main            d.u.i.k.p.i.AbstractProblemLoader Replaying proof AFilter[ThreadSpec2::postJoin(java.lang.Object)].JML accessible clause.0 
104345     DEBUG main            d.u.i.k.p.i.IntermediateProofReplayer Proof replay took 6.3ns 
104448     INFO  main            d.u.i.k.p.r.p.TestFile    ... finished proof: closed. 
104743     INFO  main            d.u.i.k.p.i.AbstractProblemLoader Loading environment from /home/runner/work/key/key/key.core/../key.ui/examples/heap/permissions/threads/AFilter_postJoin_accessible.key.proof 
104743     DEBUG main            d.u.i.k.p.i.AbstractProblemLoader Environment load took 123.1ns 
104746     INFO  main            d.u.i.k.p.i.AbstractProblemLoader Creating init config 
108922     DEBUG main            d.u.i.k.p.i.AbstractProblemLoader Init config took 4.18s 
109016     INFO  main            d.u.i.k.p.i.AbstractProblemLoader Replaying proof AFilter[ThreadSpec2::postJoin(java.lang.Object)].JML accessible clause.0 
109026     DEBUG main            d.u.i.k.p.i.IntermediateProofReplayer Proof replay took 7.33ms 
109026     DEBUG main            d.u.i.k.p.r.p.TestFile    ... success: reloaded. 
109028     INFO  main            d.u.i.k.p.r.p.TestFile    Now processing file /home/runner/work/key/key/key.core/../key.ui/examples/heap/permissions/threads/AFilter_preStart_accessible.key 
109028     INFO  main            d.u.i.k.p.i.AbstractProblemLoader Loading environment from /home/runner/work/key/key/key.core/../key.ui/examples/heap/permissions/threads/AFilter_preStart_accessible.key 
109028     DEBUG main            d.u.i.k.p.i.AbstractProblemLoader Environment load took 96.7ns 
109029     INFO  main            d.u.i.k.p.i.AbstractProblemLoader Creating init config 
113339     DEBUG main            d.u.i.k.p.i.AbstractProblemLoader Init config took 4.31s 
113446     INFO  main            d.u.i.k.p.i.AbstractProblemLoader Replaying proof AFilter[ThreadSpec2::preStart(java.lang.Object)].JML accessible clause.0 
113448     DEBUG main            d.u.i.k.p.i.IntermediateProofReplayer Proof replay took 7.6ns 
113754     INFO  main            d.u.i.k.p.r.p.TestFile    ... finished proof: closed. 
114061     INFO  main            d.u.i.k.p.i.AbstractProblemLoader Loading environment from /home/runner/work/key/key/key.core/../key.ui/examples/heap/permissions/threads/AFilter_preStart_accessible.key.proof 
114061     DEBUG main            d.u.i.k.p.i.AbstractProblemLoader Environment load took 121.4ns 
114062     INFO  main            d.u.i.k.p.i.AbstractProblemLoader Creating init config 
118281     DEBUG main            d.u.i.k.p.i.AbstractProblemLoader Init config took 4.22s 
118363     INFO  main            d.u.i.k.p.i.AbstractProblemLoader Replaying proof AFilter[ThreadSpec2::preStart(java.lang.Object)].JML accessible clause.0 
118394     DEBUG main            d.u.i.k.p.i.IntermediateProofReplayer Proof replay took 27.49ms 
118395     DEBUG main            d.u.i.k.p.r.p.TestFile    ... success: reloaded. 
118396     INFO  main            d.u.i.k.p.r.p.TestFile    Now processing file /home/runner/work/key/key/key.core/../key.ui/examples/heap/permissions/threads/AFilter_startTransfer_accessible.key 
118397     INFO  main            d.u.i.k.p.i.AbstractProblemLoader Loading environment from /home/runner/work/key/key/key.core/../key.ui/examples/heap/permissions/threads/AFilter_startTransfer_accessible.key 
118397     DEBUG main            d.u.i.k.p.i.AbstractProblemLoader Environment load took 166.8ns 
118398     INFO  main            d.u.i.k.p.i.AbstractProblemLoader Creating init config 
122779     DEBUG main            d.u.i.k.p.i.AbstractProblemLoader Init config took 4.38s 
122855     INFO  main            d.u.i.k.p.i.AbstractProblemLoader Replaying proof AFilter[ThreadSpec2::startTransfer()].JML accessible clause.0 
122857     DEBUG main            d.u.i.k.p.i.IntermediateProofReplayer Proof replay took 8ns 
128895     INFO  main            d.u.i.k.p.r.p.TestFile    ... finished proof: closed. 
129190     INFO  main            d.u.i.k.p.i.AbstractProblemLoader Loading environment from /home/runner/work/key/key/key.core/../key.ui/examples/heap/permissions/threads/AFilter_startTransfer_accessible.key.proof 
129191     DEBUG main            d.u.i.k.p.i.AbstractProblemLoader Environment load took 366ns 
129192     INFO  main            d.u.i.k.p.i.AbstractProblemLoader Creating init config 
133446     DEBUG main            d.u.i.k.p.i.AbstractProblemLoader Init config took 4.25s 
133537     INFO  main            d.u.i.k.p.i.AbstractProblemLoader Replaying proof AFilter[ThreadSpec2::startTransfer()].JML accessible clause.0 
133913     DEBUG main            d.u.i.k.p.i.IntermediateProofReplayer Proof replay took 361.02ms 
133915     DEBUG main            d.u.i.k.p.r.p.TestFile    ... success: reloaded. 
133917     INFO  main            d.u.i.k.p.r.p.TestFile    Now processing file /home/runner/work/key/key/key.core/../key.ui/examples/heap/permissions/threads/AFilter_startTransfer_contract.key 
133917     INFO  main            d.u.i.k.p.i.AbstractProblemLoader Loading environment from /home/runner/work/key/key/key.core/../key.ui/examples/heap/permissions/threads/AFilter_startTransfer_contract.key 
133918     DEBUG main            d.u.i.k.p.i.AbstractProblemLoader Environment load took 227.3ns 
133919     INFO  main            d.u.i.k.p.i.AbstractProblemLoader Creating init config 
138230     DEBUG main            d.u.i.k.p.i.AbstractProblemLoader Init config took 4.31s 
138308     INFO  main            d.u.i.k.p.i.AbstractProblemLoader Replaying proof AFilter[ThreadSpec2::startTransfer()].JML model_behavior operation contract.0 
138309     DEBUG main            d.u.i.k.p.i.IntermediateProofReplayer Proof replay took 6.2ns 
138715     INFO  main            d.u.i.k.p.r.p.TestFile    ... finished proof: closed. 
138999     INFO  main            d.u.i.k.p.i.AbstractProblemLoader Loading environment from /home/runner/work/key/key/key.core/../key.ui/examples/heap/permissions/threads/AFilter_startTransfer_contract.key.proof 
138999     DEBUG main            d.u.i.k.p.i.AbstractProblemLoader Environment load took 359.4ns 
139001     INFO  main            d.u.i.k.p.i.AbstractProblemLoader Creating init config 
143167     DEBUG main            d.u.i.k.p.i.AbstractProblemLoader Init config took 4.17s 
143270     INFO  main            d.u.i.k.p.i.AbstractProblemLoader Replaying proof AFilter[ThreadSpec2::startTransfer()].JML model_behavior operation contract.0 
143327     DEBUG main            d.u.i.k.p.i.IntermediateProofReplayer Proof replay took 52.22ms 
143330     DEBUG main            d.u.i.k.p.r.p.TestFile    ... success: reloaded. 
143331     INFO  main            d.u.i.k.p.r.p.TestFile    Now processing file /home/runner/work/key/key/key.core/../key.ui/examples/heap/permissions/threads/AFilter_stateInv_accessible.key 
143331     INFO  main            d.u.i.k.p.i.AbstractProblemLoader Loading environment from /home/runner/work/key/key/key.core/../key.ui/examples/heap/permissions/threads/AFilter_stateInv_accessible.key 
143332     DEBUG main            d.u.i.k.p.i.AbstractProblemLoader Environment load took 256.8ns 
143333     INFO  main            d.u.i.k.p.i.AbstractProblemLoader Creating init config 
147575     DEBUG main            d.u.i.k.p.i.AbstractProblemLoader Init config took 4.24s 
147653     INFO  main            d.u.i.k.p.i.AbstractProblemLoader Replaying proof AFilter[ThreadSpec2::stateInv()].JML accessible clause.0 
147654     DEBUG main            d.u.i.k.p.i.IntermediateProofReplayer Proof replay took 7.1ns 
147957     INFO  main            d.u.i.k.p.r.p.TestFile    ... finished proof: closed. 
148308     INFO  main            d.u.i.k.p.i.AbstractProblemLoader Loading environment from /home/runner/work/key/key/key.core/../key.ui/examples/heap/permissions/threads/AFilter_stateInv_accessible.key.proof 
148308     DEBUG main            d.u.i.k.p.i.AbstractProblemLoader Environment load took 166.1ns 
148312     INFO  main            d.u.i.k.p.i.AbstractProblemLoader Creating init config 
152550     DEBUG main            d.u.i.k.p.i.AbstractProblemLoader Init config took 4.24s 
152629     INFO  main            d.u.i.k.p.i.AbstractProblemLoader Replaying proof AFilter[ThreadSpec2::stateInv()].JML accessible clause.0 
152661     DEBUG main            d.u.i.k.p.i.IntermediateProofReplayer Proof replay took 28.39ms 
152662     DEBUG main            d.u.i.k.p.r.p.TestFile    ... success: reloaded. 
152663     INFO  main            d.u.i.k.p.r.p.TestFile    Now processing file /home/runner/work/key/key/key.core/../key.ui/examples/heap/permissions/threads/AFilter_staticPermissions_accessible.key 
152663     INFO  main            d.u.i.k.p.i.AbstractProblemLoader Loading environment from /home/runner/work/key/key/key.core/../key.ui/examples/heap/permissions/threads/AFilter_staticPermissions_accessible.key 
152664     DEBUG main            d.u.i.k.p.i.AbstractProblemLoader Environment load took 223ns 
152665     INFO  main            d.u.i.k.p.i.AbstractProblemLoader Creating init config 
156901     DEBUG main            d.u.i.k.p.i.AbstractProblemLoader Init config took 4.24s 
156993     INFO  main            d.u.i.k.p.i.AbstractProblemLoader Replaying proof AFilter[ThreadSpec2::staticPermissions()].JML accessible clause.0 
156995     DEBUG main            d.u.i.k.p.i.IntermediateProofReplayer Proof replay took 7.9ns 
157097     INFO  main            d.u.i.k.p.r.p.TestFile    ... finished proof: closed. 
157376     INFO  main            d.u.i.k.p.i.AbstractProblemLoader Loading environment from /home/runner/work/key/key/key.core/../key.ui/examples/heap/permissions/threads/AFilter_staticPermissions_accessible.key.proof 
157376     DEBUG main            d.u.i.k.p.i.AbstractProblemLoader Environment load took 189.7ns 
157378     INFO  main            d.u.i.k.p.i.AbstractProblemLoader Creating init config 
161561     DEBUG main            d.u.i.k.p.i.AbstractProblemLoader Init config took 4.18s 
161649     INFO  main            d.u.i.k.p.i.AbstractProblemLoader Replaying proof AFilter[ThreadSpec2::staticPermissions()].JML accessible clause.0 
161658     DEBUG main            d.u.i.k.p.i.IntermediateProofReplayer Proof replay took 7.65ms 
161659     DEBUG main            d.u.i.k.p.r.p.TestFile    ... success: reloaded. 
161660     INFO  main            d.u.i.k.p.r.p.TestFile    Now processing file /home/runner/work/key/key/key.core/../key.ui/examples/heap/permissions/threads/AFilter_workingPermissions_accessible.key 
161661     INFO  main            d.u.i.k.p.i.AbstractProblemLoader Loading environment from /home/runner/work/key/key/key.core/../key.ui/examples/heap/permissions/threads/AFilter_workingPermissions_accessible.key 
161661     DEBUG main            d.u.i.k.p.i.AbstractProblemLoader Environment load took 84.8ns 
161662     INFO  main            d.u.i.k.p.i.AbstractProblemLoader Creating init config 
165884     DEBUG main            d.u.i.k.p.i.AbstractProblemLoader Init config took 4.22s 
165977     INFO  main            d.u.i.k.p.i.AbstractProblemLoader Replaying proof AFilter[ThreadSpec2::workingPermissions()].JML accessible clause.0 
165980     DEBUG main            d.u.i.k.p.i.IntermediateProofReplayer Proof replay took 7.1ns 
166082     INFO  main            d.u.i.k.p.r.p.TestFile    ... finished proof: closed. 
166369     INFO  main            d.u.i.k.p.i.AbstractProblemLoader Loading environment from /home/runner/work/key/key/key.core/../key.ui/examples/heap/permissions/threads/AFilter_workingPermissions_accessible.key.proof 
166369     DEBUG main            d.u.i.k.p.i.AbstractProblemLoader Environment load took 134.4ns 
166370     INFO  main            d.u.i.k.p.i.AbstractProblemLoader Creating init config 
170485     DEBUG main            d.u.i.k.p.i.AbstractProblemLoader Init config took 4.11s 
170585     INFO  main            d.u.i.k.p.i.AbstractProblemLoader Replaying proof AFilter[ThreadSpec2::workingPermissions()].JML accessible clause.0 
170594     DEBUG main            d.u.i.k.p.i.IntermediateProofReplayer Proof replay took 7.36ms 
170595     DEBUG main            d.u.i.k.p.r.p.TestFile    ... success: reloaded. 
170596     INFO  main            d.u.i.k.p.r.p.TestFile    Now processing file /home/runner/work/key/key/key.core/../key.ui/examples/heap/permissions/threads/BFilter_BFilter.key 
170596     INFO  main            d.u.i.k.p.i.AbstractProblemLoader Loading environment from /home/runner/work/key/key/key.core/../key.ui/examples/heap/permissions/threads/BFilter_BFilter.key 
170597     DEBUG main            d.u.i.k.p.i.AbstractProblemLoader Environment load took 96.6ns 
170597     INFO  main            d.u.i.k.p.i.AbstractProblemLoader Creating init config 
174818     DEBUG main            d.u.i.k.p.i.AbstractProblemLoader Init config took 4.22s 
174899     INFO  main            d.u.i.k.p.i.AbstractProblemLoader Replaying proof BFilter[BFilter::BFilter(Sampler,Buffer)].JML normal_behavior operation contract.0 
174901     DEBUG main            d.u.i.k.p.i.IntermediateProofReplayer Proof replay took 7.2ns 
175807     INFO  main            d.u.i.k.p.r.p.TestFile    ... finished proof: closed. 
176125     INFO  main            d.u.i.k.p.i.AbstractProblemLoader Loading environment from /home/runner/work/key/key/key.core/../key.ui/examples/heap/permissions/threads/BFilter_BFilter.key.proof 
176126     DEBUG main            d.u.i.k.p.i.AbstractProblemLoader Environment load took 681.39ns 
176127     INFO  main            d.u.i.k.p.i.AbstractProblemLoader Creating init config 
180307     DEBUG main            d.u.i.k.p.i.AbstractProblemLoader Init config took 4.18s 
180388     INFO  main            d.u.i.k.p.i.AbstractProblemLoader Replaying proof BFilter[BFilter::BFilter(Sampler,Buffer)].JML normal_behavior operation contract.0 
180505     DEBUG main            d.u.i.k.p.i.IntermediateProofReplayer Proof replay took 112.66ms 
180507     DEBUG main            d.u.i.k.p.r.p.TestFile    ... success: reloaded. 
180508     INFO  main            d.u.i.k.p.r.p.TestFile    Now processing file /home/runner/work/key/key/key.core/../key.ui/examples/heap/permissions/threads/BFilter_initPost_accessible.key 
180508     INFO  main            d.u.i.k.p.i.AbstractProblemLoader Loading environment from /home/runner/work/key/key/key.core/../key.ui/examples/heap/permissions/threads/BFilter_initPost_accessible.key 
180508     DEBUG main            d.u.i.k.p.i.AbstractProblemLoader Environment load took 122.3ns 
180509     INFO  main            d.u.i.k.p.i.AbstractProblemLoader Creating init config 
184725     DEBUG main            d.u.i.k.p.i.AbstractProblemLoader Init config took 4.22s 
184815     INFO  main            d.u.i.k.p.i.AbstractProblemLoader Replaying proof BFilter[ThreadSpec2::initPost()].JML accessible clause.0 
184817     DEBUG main            d.u.i.k.p.i.IntermediateProofReplayer Proof replay took 7.5ns 
184919     INFO  main            d.u.i.k.p.r.p.TestFile    ... finished proof: closed. 
185224     INFO  main            d.u.i.k.p.i.AbstractProblemLoader Loading environment from /home/runner/work/key/key/key.core/../key.ui/examples/heap/permissions/threads/BFilter_initPost_accessible.key.proof 
185224     DEBUG main            d.u.i.k.p.i.AbstractProblemLoader Environment load took 132.2ns 
185226     INFO  main            d.u.i.k.p.i.AbstractProblemLoader Creating init config 
189366     DEBUG main            d.u.i.k.p.i.AbstractProblemLoader Init config took 4.14s 
189447     INFO  main            d.u.i.k.p.i.AbstractProblemLoader Replaying proof BFilter[ThreadSpec2::initPost()].JML accessible clause.0 
189458     DEBUG main            d.u.i.k.p.i.IntermediateProofReplayer Proof replay took 8.91ms 
189459     DEBUG main            d.u.i.k.p.r.p.TestFile    ... success: reloaded. 
189460     INFO  main            d.u.i.k.p.r.p.TestFile    Now processing file /home/runner/work/key/key/key.core/../key.ui/examples/heap/permissions/threads/BFilter_inv_accessible1.key 
189460     INFO  main            d.u.i.k.p.i.AbstractProblemLoader Loading environment from /home/runner/work/key/key/key.core/../key.ui/examples/heap/permissions/threads/BFilter_inv_accessible1.key 
189465     DEBUG main            d.u.i.k.p.i.AbstractProblemLoader Environment load took 5.08ms 
189466     INFO  main            d.u.i.k.p.i.AbstractProblemLoader Creating init config 
193690     DEBUG main            d.u.i.k.p.i.AbstractProblemLoader Init config took 4.22s 
193770     INFO  main            d.u.i.k.p.i.AbstractProblemLoader Replaying proof BFilter[java.lang.Object::<inv>()].JML accessible clause.0 
193772     DEBUG main            d.u.i.k.p.i.IntermediateProofReplayer Proof replay took 7ns 
193873     INFO  main            d.u.i.k.p.r.p.TestFile    ... finished proof: closed. 
194171     INFO  main            d.u.i.k.p.i.AbstractProblemLoader Loading environment from /home/runner/work/key/key/key.core/../key.ui/examples/heap/permissions/threads/BFilter_inv_accessible1.key.proof 
194171     DEBUG main            d.u.i.k.p.i.AbstractProblemLoader Environment load took 148.2ns 
194172     INFO  main            d.u.i.k.p.i.AbstractProblemLoader Creating init config 
198342     DEBUG main            d.u.i.k.p.i.AbstractProblemLoader Init config took 4.17s 
198421     INFO  main            d.u.i.k.p.i.AbstractProblemLoader Replaying proof BFilter[java.lang.Object::<inv>()].JML accessible clause.0 
198424     DEBUG main            d.u.i.k.p.i.IntermediateProofReplayer Proof replay took 1.54ms 
198425     DEBUG main            d.u.i.k.p.r.p.TestFile    ... success: reloaded. 
198426     INFO  main            d.u.i.k.p.r.p.TestFile    Now processing file /home/runner/work/key/key/key.core/../key.ui/examples/heap/permissions/threads/BFilter_inv_accessible2.key 
198427     INFO  main            d.u.i.k.p.i.AbstractProblemLoader Loading environment from /home/runner/work/key/key/key.core/../key.ui/examples/heap/permissions/threads/BFilter_inv_accessible2.key 
198427     DEBUG main            d.u.i.k.p.i.AbstractProblemLoader Environment load took 186.2ns 
198428     INFO  main            d.u.i.k.p.i.AbstractProblemLoader Creating init config 
202676     DEBUG main            d.u.i.k.p.i.AbstractProblemLoader Init config took 4.25s 
202757     INFO  main            d.u.i.k.p.i.AbstractProblemLoader Replaying proof BFilter[java.lang.Object::<inv>()].JML accessible clause.1 
202758     DEBUG main            d.u.i.k.p.i.IntermediateProofReplayer Proof replay took 6.9ns 
202863     INFO  main            d.u.i.k.p.r.p.TestFile    ... finished proof: closed. 
203181     INFO  main            d.u.i.k.p.i.AbstractProblemLoader Loading environment from /home/runner/work/key/key/key.core/../key.ui/examples/heap/permissions/threads/BFilter_inv_accessible2.key.proof 
203181     DEBUG main            d.u.i.k.p.i.AbstractProblemLoader Environment load took 110.8ns 
203182     INFO  main            d.u.i.k.p.i.AbstractProblemLoader Creating init config 
207310     DEBUG main            d.u.i.k.p.i.AbstractProblemLoader Init config took 4.13s 
207387     INFO  main            d.u.i.k.p.i.AbstractProblemLoader Replaying proof BFilter[java.lang.Object::<inv>()].JML accessible clause.1 
207390     DEBUG main            d.u.i.k.p.i.IntermediateProofReplayer Proof replay took 1.49ms 
207391     DEBUG main            d.u.i.k.p.r.p.TestFile    ... success: reloaded. 
207392     INFO  main            d.u.i.k.p.r.p.TestFile    Now processing file /home/runner/work/key/key/key.core/../key.ui/examples/heap/permissions/threads/BFilter_joinTransfer_accessible.key 
207392     INFO  main            d.u.i.k.p.i.AbstractProblemLoader Loading environment from /home/runner/work/key/key/key.core/../key.ui/examples/heap/permissions/threads/BFilter_joinTransfer_accessible.key 
207392     DEBUG main            d.u.i.k.p.i.AbstractProblemLoader Environment load took 141.9ns 
207393     INFO  main            d.u.i.k.p.i.AbstractProblemLoader Creating init config 
211639     DEBUG main            d.u.i.k.p.i.AbstractProblemLoader Init config took 4.25s 
211717     INFO  main            d.u.i.k.p.i.AbstractProblemLoader Replaying proof BFilter[ThreadSpec2::joinTransfer()].JML accessible clause.0 
211718     DEBUG main            d.u.i.k.p.i.IntermediateProofReplayer Proof replay took 7.1ns 
214861     INFO  main            d.u.i.k.p.r.p.TestFile    ... finished proof: closed. 
215193     INFO  main            d.u.i.k.p.i.AbstractProblemLoader Loading environment from /home/runner/work/key/key/key.core/../key.ui/examples/heap/permissions/threads/BFilter_joinTransfer_accessible.key.proof 
215193     DEBUG main            d.u.i.k.p.i.AbstractProblemLoader Environment load took 407.7ns 
215194     INFO  main            d.u.i.k.p.i.AbstractProblemLoader Creating init config 
219362     DEBUG main            d.u.i.k.p.i.AbstractProblemLoader Init config took 4.17s 
219445     INFO  main            d.u.i.k.p.i.AbstractProblemLoader Replaying proof BFilter[ThreadSpec2::joinTransfer()].JML accessible clause.0 
219653     DEBUG main            d.u.i.k.p.i.IntermediateProofReplayer Proof replay took 199.36ms 
219655     DEBUG main            d.u.i.k.p.r.p.TestFile    ... success: reloaded. 
219656     INFO  main            d.u.i.k.p.r.p.TestFile    Now processing file /home/runner/work/key/key/key.core/../key.ui/examples/heap/permissions/threads/BFilter_joinTransfer_contract.key 
219656     INFO  main            d.u.i.k.p.i.AbstractProblemLoader Loading environment from /home/runner/work/key/key/key.core/../key.ui/examples/heap/permissions/threads/BFilter_joinTransfer_contract.key 
219656     DEBUG main            d.u.i.k.p.i.AbstractProblemLoader Environment load took 91.4ns 
219657     INFO  main            d.u.i.k.p.i.AbstractProblemLoader Creating init config 
223864     DEBUG main            d.u.i.k.p.i.AbstractProblemLoader Init config took 4.21s 
223944     INFO  main            d.u.i.k.p.i.AbstractProblemLoader Replaying proof BFilter[ThreadSpec2::joinTransfer()].JML model_behavior operation contract.0 
223946     DEBUG main            d.u.i.k.p.i.IntermediateProofReplayer Proof replay took 7.4ns 
224049     INFO  main            d.u.i.k.p.r.p.TestFile    ... finished proof: closed. 
224390     INFO  main            d.u.i.k.p.i.AbstractProblemLoader Loading environment from /home/runner/work/key/key/key.core/../key.ui/examples/heap/permissions/threads/BFilter_joinTransfer_contract.key.proof 
224391     DEBUG main            d.u.i.k.p.i.AbstractProblemLoader Environment load took 125.8ns 
224392     INFO  main            d.u.i.k.p.i.AbstractProblemLoader Creating init config 
228605     DEBUG main            d.u.i.k.p.i.AbstractProblemLoader Init config took 4.21s 
228694     INFO  main            d.u.i.k.p.i.AbstractProblemLoader Replaying proof BFilter[ThreadSpec2::joinTransfer()].JML model_behavior operation contract.0 
228702     DEBUG main            d.u.i.k.p.i.IntermediateProofReplayer Proof replay took 6.67ms 
228703     DEBUG main            d.u.i.k.p.r.p.TestFile    ... success: reloaded. 
228704     INFO  main            d.u.i.k.p.r.p.TestFile    Now processing file /home/runner/work/key/key/key.core/../key.ui/examples/heap/permissions/threads/BFilter_postJoin_accessible.key 
228704     INFO  main            d.u.i.k.p.i.AbstractProblemLoader Loading environment from /home/runner/work/key/key/key.core/../key.ui/examples/heap/permissions/threads/BFilter_postJoin_accessible.key 
228704     DEBUG main            d.u.i.k.p.i.AbstractProblemLoader Environment load took 93ns 
228705     INFO  main            d.u.i.k.p.i.AbstractProblemLoader Creating init config 
232929     DEBUG main            d.u.i.k.p.i.AbstractProblemLoader Init config took 4.22s 
233007     INFO  main            d.u.i.k.p.i.AbstractProblemLoader Replaying proof BFilter[ThreadSpec2::postJoin(java.lang.Object)].JML accessible clause.0 
233009     DEBUG main            d.u.i.k.p.i.IntermediateProofReplayer Proof replay took 6.8ns 
233112     INFO  main            d.u.i.k.p.r.p.TestFile    ... finished proof: closed. 
233480     INFO  main            d.u.i.k.p.i.AbstractProblemLoader Loading environment from /home/runner/work/key/key/key.core/../key.ui/examples/heap/permissions/threads/BFilter_postJoin_accessible.key.proof 
233480     DEBUG main            d.u.i.k.p.i.AbstractProblemLoader Environment load took 112.8ns 
233481     INFO  main            d.u.i.k.p.i.AbstractProblemLoader Creating init config 
237844     DEBUG main            d.u.i.k.p.i.AbstractProblemLoader Init config took 4.36s 
237920     INFO  main            d.u.i.k.p.i.AbstractProblemLoader Replaying proof BFilter[ThreadSpec2::postJoin(java.lang.Object)].JML accessible clause.0 
237927     DEBUG main            d.u.i.k.p.i.IntermediateProofReplayer Proof replay took 4.98ms 
237927     DEBUG main            d.u.i.k.p.r.p.TestFile    ... success: reloaded. 
237928     INFO  main            d.u.i.k.p.r.p.TestFile    Now processing file /home/runner/work/key/key/key.core/../key.ui/examples/heap/permissions/threads/BFilter_preStart_accessible.key 
237929     INFO  main            d.u.i.k.p.i.AbstractProblemLoader Loading environment from /home/runner/work/key/key/key.core/../key.ui/examples/heap/permissions/threads/BFilter_preStart_accessible.key 
237929     DEBUG main            d.u.i.k.p.i.AbstractProblemLoader Environment load took 89.7ns 
237930     INFO  main            d.u.i.k.p.i.AbstractProblemLoader Creating init config 
242175     DEBUG main            d.u.i.k.p.i.AbstractProblemLoader Init config took 4.25s 
242253     INFO  main            d.u.i.k.p.i.AbstractProblemLoader Replaying proof BFilter[ThreadSpec2::preStart(java.lang.Object)].JML accessible clause.0 
242255     DEBUG main            d.u.i.k.p.i.IntermediateProofReplayer Proof replay took 7.4ns 
242558     INFO  main            d.u.i.k.p.r.p.TestFile    ... finished proof: closed. 
242902     INFO  main            d.u.i.k.p.i.AbstractProblemLoader Loading environment from /home/runner/work/key/key/key.core/../key.ui/examples/heap/permissions/threads/BFilter_preStart_accessible.key.proof 
242902     DEBUG main            d.u.i.k.p.i.AbstractProblemLoader Environment load took 101.5ns 
242903     INFO  main            d.u.i.k.p.i.AbstractProblemLoader Creating init config 
247041     DEBUG main            d.u.i.k.p.i.AbstractProblemLoader Init config took 4.14s 
247116     INFO  main            d.u.i.k.p.i.AbstractProblemLoader Replaying proof BFilter[ThreadSpec2::preStart(java.lang.Object)].JML accessible clause.0 
247140     DEBUG main            d.u.i.k.p.i.IntermediateProofReplayer Proof replay took 21.18ms 
247142     DEBUG main            d.u.i.k.p.r.p.TestFile    ... success: reloaded. 
247143     INFO  main            d.u.i.k.p.r.p.TestFile    Now processing file /home/runner/work/key/key/key.core/../key.ui/examples/heap/permissions/threads/BFilter_startTransfer_accessible.key 
247143     INFO  main            d.u.i.k.p.i.AbstractProblemLoader Loading environment from /home/runner/work/key/key/key.core/../key.ui/examples/heap/permissions/threads/BFilter_startTransfer_accessible.key 
247143     DEBUG main            d.u.i.k.p.i.AbstractProblemLoader Environment load took 109.7ns 
247144     INFO  main            d.u.i.k.p.i.AbstractProblemLoader Creating init config 
251322     DEBUG main            d.u.i.k.p.i.AbstractProblemLoader Init config took 4.18s 
251399     INFO  main            d.u.i.k.p.i.AbstractProblemLoader Replaying proof BFilter[ThreadSpec2::startTransfer()].JML accessible clause.0 
251401     DEBUG main            d.u.i.k.p.i.IntermediateProofReplayer Proof replay took 7.1ns 
257054     INFO  main            d.u.i.k.p.r.p.TestFile    ... finished proof: closed. 
257414     INFO  main            d.u.i.k.p.i.AbstractProblemLoader Loading environment from /home/runner/work/key/key/key.core/../key.ui/examples/heap/permissions/threads/BFilter_startTransfer_accessible.key.proof 
257414     DEBUG main            d.u.i.k.p.i.AbstractProblemLoader Environment load took 377.4ns 
257416     INFO  main            d.u.i.k.p.i.AbstractProblemLoader Creating init config 
261631     DEBUG main            d.u.i.k.p.i.AbstractProblemLoader Init config took 4.22s 
261712     INFO  main            d.u.i.k.p.i.AbstractProblemLoader Replaying proof BFilter[ThreadSpec2::startTransfer()].JML accessible clause.0 
262019     DEBUG main            d.u.i.k.p.i.IntermediateProofReplayer Proof replay took 296.01ms 
262021     DEBUG main            d.u.i.k.p.r.p.TestFile    ... success: reloaded. 
262022     INFO  main            d.u.i.k.p.r.p.TestFile    Now processing file /home/runner/work/key/key/key.core/../key.ui/examples/heap/permissions/threads/BFilter_startTransfer_contract.key 
262022     INFO  main            d.u.i.k.p.i.AbstractProblemLoader Loading environment from /home/runner/work/key/key/key.core/../key.ui/examples/heap/permissions/threads/BFilter_startTransfer_contract.key 
262022     DEBUG main            d.u.i.k.p.i.AbstractProblemLoader Environment load took 151.3ns 
262023     INFO  main            d.u.i.k.p.i.AbstractProblemLoader Creating init config 
266331     DEBUG main            d.u.i.k.p.i.AbstractProblemLoader Init config took 4.31s 
266413     INFO  main            d.u.i.k.p.i.AbstractProblemLoader Replaying proof BFilter[ThreadSpec2::startTransfer()].JML model_behavior operation contract.0 
266415     DEBUG main            d.u.i.k.p.i.IntermediateProofReplayer Proof replay took 7.8ns 
267620     INFO  main            d.u.i.k.p.r.p.TestFile    ... finished proof: closed. 
267970     INFO  main            d.u.i.k.p.i.AbstractProblemLoader Loading environment from /home/runner/work/key/key/key.core/../key.ui/examples/heap/permissions/threads/BFilter_startTransfer_contract.key.proof 
267970     DEBUG main            d.u.i.k.p.i.AbstractProblemLoader Environment load took 327.8ns 
267971     INFO  main            d.u.i.k.p.i.AbstractProblemLoader Creating init config 
272186     DEBUG main            d.u.i.k.p.i.AbstractProblemLoader Init config took 4.21s 
272266     INFO  main            d.u.i.k.p.i.AbstractProblemLoader Replaying proof BFilter[ThreadSpec2::startTransfer()].JML model_behavior operation contract.0 
272375     DEBUG main            d.u.i.k.p.i.IntermediateProofReplayer Proof replay took 102.48ms 
272376     DEBUG main            d.u.i.k.p.r.p.TestFile    ... success: reloaded. 
272377     INFO  main            d.u.i.k.p.r.p.TestFile    Now processing file /home/runner/work/key/key/key.core/../key.ui/examples/heap/permissions/threads/BFilter_stateInv_accessible.key 
272378     INFO  main            d.u.i.k.p.i.AbstractProblemLoader Loading environment from /home/runner/work/key/key/key.core/../key.ui/examples/heap/permissions/threads/BFilter_stateInv_accessible.key 
272378     DEBUG main            d.u.i.k.p.i.AbstractProblemLoader Environment load took 116.1ns 
272379     INFO  main            d.u.i.k.p.i.AbstractProblemLoader Creating init config 
276817     DEBUG main            d.u.i.k.p.i.AbstractProblemLoader Init config took 4.44s 
276891     INFO  main            d.u.i.k.p.i.AbstractProblemLoader Replaying proof BFilter[ThreadSpec2::stateInv()].JML accessible clause.0 
276893     DEBUG main            d.u.i.k.p.i.IntermediateProofReplayer Proof replay took 7.7ns 
277195     INFO  main            d.u.i.k.p.r.p.TestFile    ... finished proof: closed. 
277709     INFO  main            d.u.i.k.p.i.AbstractProblemLoader Loading environment from /home/runner/work/key/key/key.core/../key.ui/examples/heap/permissions/threads/BFilter_stateInv_accessible.key.proof 
277709     DEBUG main            d.u.i.k.p.i.AbstractProblemLoader Environment load took 96.8ns 
277710     INFO  main            d.u.i.k.p.i.AbstractProblemLoader Creating init config 
281949     DEBUG main            d.u.i.k.p.i.AbstractProblemLoader Init config took 4.24s 
282029     INFO  main            d.u.i.k.p.i.AbstractProblemLoader Replaying proof BFilter[ThreadSpec2::stateInv()].JML accessible clause.0 
282059     DEBUG main            d.u.i.k.p.i.IntermediateProofReplayer Proof replay took 27.36ms 
282060     DEBUG main            d.u.i.k.p.r.p.TestFile    ... success: reloaded. 
282061     INFO  main            d.u.i.k.p.r.p.TestFile    Now processing file /home/runner/work/key/key/key.core/../key.ui/examples/heap/permissions/threads/BFilter_staticPermissions_accessible.key 
282061     INFO  main            d.u.i.k.p.i.AbstractProblemLoader Loading environment from /home/runner/work/key/key/key.core/../key.ui/examples/heap/permissions/threads/BFilter_staticPermissions_accessible.key 
282061     DEBUG main            d.u.i.k.p.i.AbstractProblemLoader Environment load took 60.6ns 
282062     INFO  main            d.u.i.k.p.i.AbstractProblemLoader Creating init config 
286452     DEBUG main            d.u.i.k.p.i.AbstractProblemLoader Init config took 4.39s 
286529     INFO  main            d.u.i.k.p.i.AbstractProblemLoader Replaying proof BFilter[ThreadSpec2::staticPermissions()].JML accessible clause.0 
286531     DEBUG main            d.u.i.k.p.i.IntermediateProofReplayer Proof replay took 6.5ns 
286633     INFO  main            d.u.i.k.p.r.p.TestFile    ... finished proof: closed. 
287013     INFO  main            d.u.i.k.p.i.AbstractProblemLoader Loading environment from /home/runner/work/key/key/key.core/../key.ui/examples/heap/permissions/threads/BFilter_staticPermissions_accessible.key.proof 
287013     DEBUG main            d.u.i.k.p.i.AbstractProblemLoader Environment load took 123.4ns 
287014     INFO  main            d.u.i.k.p.i.AbstractProblemLoader Creating init config 
291202     DEBUG main            d.u.i.k.p.i.AbstractProblemLoader Init config took 4.19s 
291282     INFO  main            d.u.i.k.p.i.AbstractProblemLoader Replaying proof BFilter[ThreadSpec2::staticPermissions()].JML accessible clause.0 
291291     DEBUG main            d.u.i.k.p.i.IntermediateProofReplayer Proof replay took 7.32ms 
291292     DEBUG main            d.u.i.k.p.r.p.TestFile    ... success: reloaded. 
291293     INFO  main            d.u.i.k.p.r.p.TestFile    Now processing file /home/runner/work/key/key/key.core/../key.ui/examples/heap/permissions/threads/BFilter_workingPermissions_accessible.key 
291293     INFO  main            d.u.i.k.p.i.AbstractProblemLoader Loading environment from /home/runner/work/key/key/key.core/../key.ui/examples/heap/permissions/threads/BFilter_workingPermissions_accessible.key 
291294     DEBUG main            d.u.i.k.p.i.AbstractProblemLoader Environment load took 112.5ns 
291295     INFO  main            d.u.i.k.p.i.AbstractProblemLoader Creating init config 
295818     DEBUG main            d.u.i.k.p.i.AbstractProblemLoader Init config took 4.52s 
295892     INFO  main            d.u.i.k.p.i.AbstractProblemLoader Replaying proof BFilter[ThreadSpec2::workingPermissions()].JML accessible clause.0 
295894     DEBUG main            d.u.i.k.p.i.IntermediateProofReplayer Proof replay took 7.2ns 
295996     INFO  main            d.u.i.k.p.r.p.TestFile    ... finished proof: closed. 
296369     INFO  main            d.u.i.k.p.i.AbstractProblemLoader Loading environment from /home/runner/work/key/key/key.core/../key.ui/examples/heap/permissions/threads/BFilter_workingPermissions_accessible.key.proof 
296369     DEBUG main            d.u.i.k.p.i.AbstractProblemLoader Environment load took 93.1ns 
296370     INFO  main            d.u.i.k.p.i.AbstractProblemLoader Creating init config 
300507     DEBUG main            d.u.i.k.p.i.AbstractProblemLoader Init config took 4.14s 
300589     INFO  main            d.u.i.k.p.i.AbstractProblemLoader Replaying proof BFilter[ThreadSpec2::workingPermissions()].JML accessible clause.0 
300598     DEBUG main            d.u.i.k.p.i.IntermediateProofReplayer Proof replay took 6.92ms 
300599     DEBUG main            d.u.i.k.p.r.p.TestFile    ... success: reloaded. 
300600     INFO  main            d.u.i.k.p.r.p.TestFile    Now processing file /home/runner/work/key/key/key.core/../key.ui/examples/heap/permissions/threads/Fib_Fib.key 
300600     INFO  main            d.u.i.k.p.i.AbstractProblemLoader Loading environment from /home/runner/work/key/key/key.core/../key.ui/examples/heap/permissions/threads/Fib_Fib.key 
300600     DEBUG main            d.u.i.k.p.i.AbstractProblemLoader Environment load took 189.2ns 
300601     INFO  main            d.u.i.k.p.i.AbstractProblemLoader Creating init config 
304927     DEBUG main            d.u.i.k.p.i.AbstractProblemLoader Init config took 4.33s 
305005     INFO  main            d.u.i.k.p.i.AbstractProblemLoader Replaying proof Fib[Fib::Fib(int)].JML normal_behavior operation contract.0 
305006     DEBUG main            d.u.i.k.p.i.IntermediateProofReplayer Proof replay took 6.5ns 
305610     INFO  main            d.u.i.k.p.r.p.TestFile    ... finished proof: closed. 
306023     INFO  main            d.u.i.k.p.i.AbstractProblemLoader Loading environment from /home/runner/work/key/key/key.core/../key.ui/examples/heap/permissions/threads/Fib_Fib.key.proof 
306023     DEBUG main            d.u.i.k.p.i.AbstractProblemLoader Environment load took 88.7ns 
306024     INFO  main            d.u.i.k.p.i.AbstractProblemLoader Creating init config 
310215     DEBUG main            d.u.i.k.p.i.AbstractProblemLoader Init config took 4.19s 
310303     INFO  main            d.u.i.k.p.i.AbstractProblemLoader Replaying proof Fib[Fib::Fib(int)].JML normal_behavior operation contract.0 
310389     DEBUG main            d.u.i.k.p.i.IntermediateProofReplayer Proof replay took 80.51ms 
310390     DEBUG main            d.u.i.k.p.r.p.TestFile    ... success: reloaded. 
310391     INFO  main            d.u.i.k.p.r.p.TestFile    Now processing file /home/runner/work/key/key/key.core/../key.ui/examples/heap/permissions/threads/Fib_initPost_accessible.key 
310391     INFO  main            d.u.i.k.p.i.AbstractProblemLoader Loading environment from /home/runner/work/key/key/key.core/../key.ui/examples/heap/permissions/threads/Fib_initPost_accessible.key 
310391     DEBUG main            d.u.i.k.p.i.AbstractProblemLoader Environment load took 113.3ns 
310392     INFO  main            d.u.i.k.p.i.AbstractProblemLoader Creating init config 
314603     DEBUG main            d.u.i.k.p.i.AbstractProblemLoader Init config took 4.21s 
314677     INFO  main            d.u.i.k.p.i.AbstractProblemLoader Replaying proof Fib[ThreadSpec::initPost()].JML accessible clause.0 
314679     DEBUG main            d.u.i.k.p.i.IntermediateProofReplayer Proof replay took 7.2ns 
314780     INFO  main            d.u.i.k.p.r.p.TestFile    ... finished proof: closed. 
315186     INFO  main            d.u.i.k.p.i.AbstractProblemLoader Loading environment from /home/runner/work/key/key/key.core/../key.ui/examples/heap/permissions/threads/Fib_initPost_accessible.key.proof 
315186     DEBUG main            d.u.i.k.p.i.AbstractProblemLoader Environment load took 106.3ns 
315187     INFO  main            d.u.i.k.p.i.AbstractProblemLoader Creating init config 
319337     DEBUG main            d.u.i.k.p.i.AbstractProblemLoader Init config took 4.15s 
319410     INFO  main            d.u.i.k.p.i.AbstractProblemLoader Replaying proof Fib[ThreadSpec::initPost()].JML accessible clause.0 
319416     DEBUG main            d.u.i.k.p.i.IntermediateProofReplayer Proof replay took 3.75ms 
319417     DEBUG main            d.u.i.k.p.r.p.TestFile    ... success: reloaded. 
319418     INFO  main            d.u.i.k.p.r.p.TestFile    Now processing file /home/runner/work/key/key/key.core/../key.ui/examples/heap/permissions/threads/Fib_inv1_accessible.key 
319418     INFO  main            d.u.i.k.p.i.AbstractProblemLoader Loading environment from /home/runner/work/key/key/key.core/../key.ui/examples/heap/permissions/threads/Fib_inv1_accessible.key 
319418     DEBUG main            d.u.i.k.p.i.AbstractProblemLoader Environment load took 75.7ns 
319419     INFO  main            d.u.i.k.p.i.AbstractProblemLoader Creating init config 
323770     DEBUG main            d.u.i.k.p.i.AbstractProblemLoader Init config took 4.35s 
323848     INFO  main            d.u.i.k.p.i.AbstractProblemLoader Replaying proof Fib[java.lang.Object::<inv>()].JML accessible clause.0 
323849     DEBUG main            d.u.i.k.p.i.IntermediateProofReplayer Proof replay took 5.9ns 
323950     INFO  main            d.u.i.k.p.r.p.TestFile    ... finished proof: closed. 
324350     INFO  main            d.u.i.k.p.i.AbstractProblemLoader Loading environment from /home/runner/work/key/key/key.core/../key.ui/examples/heap/permissions/threads/Fib_inv1_accessible.key.proof 
324350     DEBUG main            d.u.i.k.p.i.AbstractProblemLoader Environment load took 80.1ns 
324351     INFO  main            d.u.i.k.p.i.AbstractProblemLoader Creating init config 
328718     DEBUG main            d.u.i.k.p.i.AbstractProblemLoader Init config took 4.37s 
328795     INFO  main            d.u.i.k.p.i.AbstractProblemLoader Replaying proof Fib[java.lang.Object::<inv>()].JML accessible clause.0 
328798     DEBUG main            d.u.i.k.p.i.IntermediateProofReplayer Proof replay took 1.64ms 
328799     DEBUG main            d.u.i.k.p.r.p.TestFile    ... success: reloaded. 
328800     INFO  main            d.u.i.k.p.r.p.TestFile    Now processing file /home/runner/work/key/key/key.core/../key.ui/examples/heap/permissions/threads/Fib_inv2_accessible.key 
328801     INFO  main            d.u.i.k.p.i.AbstractProblemLoader Loading environment from /home/runner/work/key/key/key.core/../key.ui/examples/heap/permissions/threads/Fib_inv2_accessible.key 
328801     DEBUG main            d.u.i.k.p.i.AbstractProblemLoader Environment load took 100.1ns 
328802     INFO  main            d.u.i.k.p.i.AbstractProblemLoader Creating init config 
333060     DEBUG main            d.u.i.k.p.i.AbstractProblemLoader Init config took 4.26s 
333158     INFO  main            d.u.i.k.p.i.AbstractProblemLoader Replaying proof Fib[java.lang.Object::<inv>()].JML accessible clause.1 
333159     DEBUG main            d.u.i.k.p.i.IntermediateProofReplayer Proof replay took 7ns 
333261     INFO  main            d.u.i.k.p.r.p.TestFile    ... finished proof: closed. 
333670     INFO  main            d.u.i.k.p.i.AbstractProblemLoader Loading environment from /home/runner/work/key/key/key.core/../key.ui/examples/heap/permissions/threads/Fib_inv2_accessible.key.proof 
333670     DEBUG main            d.u.i.k.p.i.AbstractProblemLoader Environment load took 81.9ns 
333670     INFO  main            d.u.i.k.p.i.AbstractProblemLoader Creating init config 
337886     DEBUG main            d.u.i.k.p.i.AbstractProblemLoader Init config took 4.22s 
337960     INFO  main            d.u.i.k.p.i.AbstractProblemLoader Replaying proof Fib[java.lang.Object::<inv>()].JML accessible clause.1 
337963     DEBUG main            d.u.i.k.p.i.IntermediateProofReplayer Proof replay took 1.36ms 
337963     DEBUG main            d.u.i.k.p.r.p.TestFile    ... success: reloaded. 
337964     INFO  main            d.u.i.k.p.r.p.TestFile    Now processing file /home/runner/work/key/key/key.core/../key.ui/examples/heap/permissions/threads/Fib_joinTransfer_accessible.key 
337964     INFO  main            d.u.i.k.p.i.AbstractProblemLoader Loading environment from /home/runner/work/key/key/key.core/../key.ui/examples/heap/permissions/threads/Fib_joinTransfer_accessible.key 
337964     DEBUG main            d.u.i.k.p.i.AbstractProblemLoader Environment load took 52.4ns 
337965     INFO  main            d.u.i.k.p.i.AbstractProblemLoader Creating init config 
342290     DEBUG main            d.u.i.k.p.i.AbstractProblemLoader Init config took 4.32s 
342369     INFO  main            d.u.i.k.p.i.AbstractProblemLoader Replaying proof Fib[ThreadSpec::joinTransfer()].JML accessible clause.0 
342370     DEBUG main            d.u.i.k.p.i.IntermediateProofReplayer Proof replay took 6.7ns 
342572     INFO  main            d.u.i.k.p.r.p.TestFile    ... finished proof: closed. 
343001     INFO  main            d.u.i.k.p.i.AbstractProblemLoader Loading environment from /home/runner/work/key/key/key.core/../key.ui/examples/heap/permissions/threads/Fib_joinTransfer_accessible.key.proof 
343001     DEBUG main            d.u.i.k.p.i.AbstractProblemLoader Environment load took 95ns 
343002     INFO  main            d.u.i.k.p.i.AbstractProblemLoader Creating init config 
347105     DEBUG main            d.u.i.k.p.i.AbstractProblemLoader Init config took 4.1s 
347179     INFO  main            d.u.i.k.p.i.AbstractProblemLoader Replaying proof Fib[ThreadSpec::joinTransfer()].JML accessible clause.0 
347199     DEBUG main            d.u.i.k.p.i.IntermediateProofReplayer Proof replay took 17.25ms 
347200     DEBUG main            d.u.i.k.p.r.p.TestFile    ... success: reloaded. 
347200     INFO  main            d.u.i.k.p.r.p.TestFile    Now processing file /home/runner/work/key/key/key.core/../key.ui/examples/heap/permissions/threads/Fib_joinTransfer_contract.key 
347201     INFO  main            d.u.i.k.p.i.AbstractProblemLoader Loading environment from /home/runner/work/key/key/key.core/../key.ui/examples/heap/permissions/threads/Fib_joinTransfer_contract.key 
347201     DEBUG main            d.u.i.k.p.i.AbstractProblemLoader Environment load took 105.9ns 
347202     INFO  main            d.u.i.k.p.i.AbstractProblemLoader Creating init config 
351442     DEBUG main            d.u.i.k.p.i.AbstractProblemLoader Init config took 4.24s 
351518     INFO  main            d.u.i.k.p.i.AbstractProblemLoader Replaying proof Fib[ThreadSpec::joinTransfer()].JML model_behavior operation contract.0 
351519     DEBUG main            d.u.i.k.p.i.IntermediateProofReplayer Proof replay took 6.6ns 
351621     INFO  main            d.u.i.k.p.r.p.TestFile    ... finished proof: closed. 
352032     INFO  main            d.u.i.k.p.i.AbstractProblemLoader Loading environment from /home/runner/work/key/key/key.core/../key.ui/examples/heap/permissions/threads/Fib_joinTransfer_contract.key.proof 
352032     DEBUG main            d.u.i.k.p.i.AbstractProblemLoader Environment load took 164.4ns 
352033     INFO  main            d.u.i.k.p.i.AbstractProblemLoader Creating init config 
356137     DEBUG main            d.u.i.k.p.i.AbstractProblemLoader Init config took 4.1s 
356211     INFO  main            d.u.i.k.p.i.AbstractProblemLoader Replaying proof Fib[ThreadSpec::joinTransfer()].JML model_behavior operation contract.0 
356220     DEBUG main            d.u.i.k.p.i.IntermediateProofReplayer Proof replay took 6.56ms 
356221     DEBUG main            d.u.i.k.p.r.p.TestFile    ... success: reloaded. 
356221     INFO  main            d.u.i.k.p.r.p.TestFile    Now processing file /home/runner/work/key/key/key.core/../key.ui/examples/heap/permissions/threads/Fib_postJoin_accessible.key 
356222     INFO  main            d.u.i.k.p.i.AbstractProblemLoader Loading environment from /home/runner/work/key/key/key.core/../key.ui/examples/heap/permissions/threads/Fib_postJoin_accessible.key 
356222     DEBUG main            d.u.i.k.p.i.AbstractProblemLoader Environment load took 146.4ns 
356223     INFO  main            d.u.i.k.p.i.AbstractProblemLoader Creating init config 
360455     DEBUG main            d.u.i.k.p.i.AbstractProblemLoader Init config took 4.23s 
360529     INFO  main            d.u.i.k.p.i.AbstractProblemLoader Replaying proof Fib[ThreadSpec::postJoin(java.lang.Object)].JML accessible clause.0 
360531     DEBUG main            d.u.i.k.p.i.IntermediateProofReplayer Proof replay took 6.7ns 
360632     INFO  main            d.u.i.k.p.r.p.TestFile    ... finished proof: closed. 
361051     INFO  main            d.u.i.k.p.i.AbstractProblemLoader Loading environment from /home/runner/work/key/key/key.core/../key.ui/examples/heap/permissions/threads/Fib_postJoin_accessible.key.proof 
361051     DEBUG main            d.u.i.k.p.i.AbstractProblemLoader Environment load took 81.6ns 
361052     INFO  main            d.u.i.k.p.i.AbstractProblemLoader Creating init config 
365230     DEBUG main            d.u.i.k.p.i.AbstractProblemLoader Init config took 4.18s 
365310     INFO  main            d.u.i.k.p.i.AbstractProblemLoader Replaying proof Fib[ThreadSpec::postJoin(java.lang.Object)].JML accessible clause.0 
365315     DEBUG main            d.u.i.k.p.i.IntermediateProofReplayer Proof replay took 4.07ms 
365316     DEBUG main            d.u.i.k.p.r.p.TestFile    ... success: reloaded. 
365317     INFO  main            d.u.i.k.p.r.p.TestFile    Now processing file /home/runner/work/key/key/key.core/../key.ui/examples/heap/permissions/threads/Fib_preStart_accessible.key 
365317     INFO  main            d.u.i.k.p.i.AbstractProblemLoader Loading environment from /home/runner/work/key/key/key.core/../key.ui/examples/heap/permissions/threads/Fib_preStart_accessible.key 
365317     DEBUG main            d.u.i.k.p.i.AbstractProblemLoader Environment load took 70.9ns 
365318     INFO  main            d.u.i.k.p.i.AbstractProblemLoader Creating init config 
369486     DEBUG main            d.u.i.k.p.i.AbstractProblemLoader Init config took 4.17s 
369576     INFO  main            d.u.i.k.p.i.AbstractProblemLoader Replaying proof Fib[ThreadSpec::preStart(java.lang.Object)].JML accessible clause.0 
369578     DEBUG main            d.u.i.k.p.i.IntermediateProofReplayer Proof replay took 6.4ns 
369679     INFO  main            d.u.i.k.p.r.p.TestFile    ... finished proof: closed. 
370129     INFO  main            d.u.i.k.p.i.AbstractProblemLoader Loading environment from /home/runner/work/key/key/key.core/../key.ui/examples/heap/permissions/threads/Fib_preStart_accessible.key.proof 
370129     DEBUG main            d.u.i.k.p.i.AbstractProblemLoader Environment load took 93.5ns 
370130     INFO  main            d.u.i.k.p.i.AbstractProblemLoader Creating init config 
374296     DEBUG main            d.u.i.k.p.i.AbstractProblemLoader Init config took 4.17s 
374384     INFO  main            d.u.i.k.p.i.AbstractProblemLoader Replaying proof Fib[ThreadSpec::preStart(java.lang.Object)].JML accessible clause.0 
374390     DEBUG main            d.u.i.k.p.i.IntermediateProofReplayer Proof replay took 4.17ms 
374391     DEBUG main            d.u.i.k.p.r.p.TestFile    ... success: reloaded. 
374392     INFO  main            d.u.i.k.p.r.p.TestFile    Now processing file /home/runner/work/key/key/key.core/../key.ui/examples/heap/permissions/threads/Fib_startTransfer_accessible.key 
374392     INFO  main            d.u.i.k.p.i.AbstractProblemLoader Loading environment from /home/runner/work/key/key/key.core/../key.ui/examples/heap/permissions/threads/Fib_startTransfer_accessible.key 
374392     DEBUG main            d.u.i.k.p.i.AbstractProblemLoader Environment load took 87.8ns 
374393     INFO  main            d.u.i.k.p.i.AbstractProblemLoader Creating init config 
378586     DEBUG main            d.u.i.k.p.i.AbstractProblemLoader Init config took 4.19s 
378661     INFO  main            d.u.i.k.p.i.AbstractProblemLoader Replaying proof Fib[ThreadSpec::startTransfer()].JML accessible clause.0 
378662     DEBUG main            d.u.i.k.p.i.IntermediateProofReplayer Proof replay took 7.1ns 
378864     INFO  main            d.u.i.k.p.r.p.TestFile    ... finished proof: closed. 
379339     INFO  main            d.u.i.k.p.i.AbstractProblemLoader Loading environment from /home/runner/work/key/key/key.core/../key.ui/examples/heap/permissions/threads/Fib_startTransfer_accessible.key.proof 
379339     DEBUG main            d.u.i.k.p.i.AbstractProblemLoader Environment load took 93.6ns 
379340     INFO  main            d.u.i.k.p.i.AbstractProblemLoader Creating init config 
383488     DEBUG main            d.u.i.k.p.i.AbstractProblemLoader Init config took 4.15s 
383579     INFO  main            d.u.i.k.p.i.AbstractProblemLoader Replaying proof Fib[ThreadSpec::startTransfer()].JML accessible clause.0 
383601     DEBUG main            d.u.i.k.p.i.IntermediateProofReplayer Proof replay took 19.07ms 
383602     DEBUG main            d.u.i.k.p.r.p.TestFile    ... success: reloaded. 
383603     INFO  main            d.u.i.k.p.r.p.TestFile    Now processing file /home/runner/work/key/key/key.core/../key.ui/examples/heap/permissions/threads/Fib_startTransfer_contract.key 
383604     INFO  main            d.u.i.k.p.i.AbstractProblemLoader Loading environment from /home/runner/work/key/key/key.core/../key.ui/examples/heap/permissions/threads/Fib_startTransfer_contract.key 
383604     DEBUG main            d.u.i.k.p.i.AbstractProblemLoader Environment load took 157ns 
383605     INFO  main            d.u.i.k.p.i.AbstractProblemLoader Creating init config 
387808     DEBUG main            d.u.i.k.p.i.AbstractProblemLoader Init config took 4.2s 
387886     INFO  main            d.u.i.k.p.i.AbstractProblemLoader Replaying proof Fib[ThreadSpec::startTransfer()].JML model_behavior operation contract.0 
387888     DEBUG main            d.u.i.k.p.i.IntermediateProofReplayer Proof replay took 7ns 
387989     INFO  main            d.u.i.k.p.r.p.TestFile    ... finished proof: closed. 
388443     INFO  main            d.u.i.k.p.i.AbstractProblemLoader Loading environment from /home/runner/work/key/key/key.core/../key.ui/examples/heap/permissions/threads/Fib_startTransfer_contract.key.proof 
388444     DEBUG main            d.u.i.k.p.i.AbstractProblemLoader Environment load took 89.2ns 
388444     INFO  main            d.u.i.k.p.i.AbstractProblemLoader Creating init config 
392603     DEBUG main            d.u.i.k.p.i.AbstractProblemLoader Init config took 4.16s 
392693     INFO  main            d.u.i.k.p.i.AbstractProblemLoader Replaying proof Fib[ThreadSpec::startTransfer()].JML model_behavior operation contract.0 
392702     DEBUG main            d.u.i.k.p.i.IntermediateProofReplayer Proof replay took 6.76ms 
392704     DEBUG main            d.u.i.k.p.r.p.TestFile    ... success: reloaded. 
392705     INFO  main            d.u.i.k.p.r.p.TestFile    Now processing file /home/runner/work/key/key/key.core/../key.ui/examples/heap/permissions/threads/Fib_workingPermissions_accessible.key 
392705     INFO  main            d.u.i.k.p.i.AbstractProblemLoader Loading environment from /home/runner/work/key/key/key.core/../key.ui/examples/heap/permissions/threads/Fib_workingPermissions_accessible.key 
392706     DEBUG main            d.u.i.k.p.i.AbstractProblemLoader Environment load took 129.2ns 
392707     INFO  main            d.u.i.k.p.i.AbstractProblemLoader Creating init config 
396847     DEBUG main            d.u.i.k.p.i.AbstractProblemLoader Init config took 4.14s 
396923     INFO  main            d.u.i.k.p.i.AbstractProblemLoader Replaying proof Fib[ThreadSpec::workingPermissions()].JML accessible clause.0 
396925     DEBUG main            d.u.i.k.p.i.IntermediateProofReplayer Proof replay took 6.5ns 
397026     INFO  main            d.u.i.k.p.r.p.TestFile    ... finished proof: closed. 
397476     INFO  main            d.u.i.k.p.i.AbstractProblemLoader Loading environment from /home/runner/work/key/key/key.core/../key.ui/examples/heap/permissions/threads/Fib_workingPermissions_accessible.key.proof 
397476     DEBUG main            d.u.i.k.p.i.AbstractProblemLoader Environment load took 146.6ns 
397477     INFO  main            d.u.i.k.p.i.AbstractProblemLoader Creating init config 
401639     DEBUG main            d.u.i.k.p.i.AbstractProblemLoader Init config took 4.16s 
401715     INFO  main            d.u.i.k.p.i.AbstractProblemLoader Replaying proof Fib[ThreadSpec::workingPermissions()].JML accessible clause.0 
401718     DEBUG main            d.u.i.k.p.i.IntermediateProofReplayer Proof replay took 1.72ms 
401718     DEBUG main            d.u.i.k.p.r.p.TestFile    ... success: reloaded. 
401719     INFO  main            d.u.i.k.p.r.p.TestFile    Now processing file /home/runner/work/key/key/key.core/../key.ui/examples/heap/permissions/threads/Plotter_initPost_accessible.key 
401720     INFO  main            d.u.i.k.p.i.AbstractProblemLoader Loading environment from /home/runner/work/key/key/key.core/../key.ui/examples/heap/permissions/threads/Plotter_initPost_accessible.key 
401720     DEBUG main            d.u.i.k.p.i.AbstractProblemLoader Environment load took 63.8ns 
401720     INFO  main            d.u.i.k.p.i.AbstractProblemLoader Creating init config 
405839     DEBUG main            d.u.i.k.p.i.AbstractProblemLoader Init config took 4.12s 
405915     INFO  main            d.u.i.k.p.i.AbstractProblemLoader Replaying proof Plotter[ThreadSpec2::initPost()].JML accessible clause.0 
405917     DEBUG main            d.u.i.k.p.i.IntermediateProofReplayer Proof replay took 6.6ns 
406018     INFO  main            d.u.i.k.p.r.p.TestFile    ... finished proof: closed. 
406479     INFO  main            d.u.i.k.p.i.AbstractProblemLoader Loading environment from /home/runner/work/key/key/key.core/../key.ui/examples/heap/permissions/threads/Plotter_initPost_accessible.key.proof 
406479     DEBUG main            d.u.i.k.p.i.AbstractProblemLoader Environment load took 96.6ns 
406480     INFO  main            d.u.i.k.p.i.AbstractProblemLoader Creating init config 
410542     DEBUG main            d.u.i.k.p.i.AbstractProblemLoader Init config took 4.06s 
410620     INFO  main            d.u.i.k.p.i.AbstractProblemLoader Replaying proof Plotter[ThreadSpec2::initPost()].JML accessible clause.0 
410631     DEBUG main            d.u.i.k.p.i.IntermediateProofReplayer Proof replay took 9.17ms 
410632     DEBUG main            d.u.i.k.p.r.p.TestFile    ... success: reloaded. 
410633     INFO  main            d.u.i.k.p.r.p.TestFile    Now processing file /home/runner/work/key/key/key.core/../key.ui/examples/heap/permissions/threads/Plotter_inv_accessible1.key 
410633     INFO  main            d.u.i.k.p.i.AbstractProblemLoader Loading environment from /home/runner/work/key/key/key.core/../key.ui/examples/heap/permissions/threads/Plotter_inv_accessible1.key 
410633     DEBUG main            d.u.i.k.p.i.AbstractProblemLoader Environment load took 56.6ns 
410634     INFO  main            d.u.i.k.p.i.AbstractProblemLoader Creating init config 
414762     DEBUG main            d.u.i.k.p.i.AbstractProblemLoader Init config took 4.13s 
414836     INFO  main            d.u.i.k.p.i.AbstractProblemLoader Replaying proof Plotter[java.lang.Object::<inv>()].JML accessible clause.0 
414838     DEBUG main            d.u.i.k.p.i.IntermediateProofReplayer Proof replay took 6.8ns 
414939     INFO  main            d.u.i.k.p.r.p.TestFile    ... finished proof: closed. 
415420     INFO  main            d.u.i.k.p.i.AbstractProblemLoader Loading environment from /home/runner/work/key/key/key.core/../key.ui/examples/heap/permissions/threads/Plotter_inv_accessible1.key.proof 
415420     DEBUG main            d.u.i.k.p.i.AbstractProblemLoader Environment load took 110.3ns 
415421     INFO  main            d.u.i.k.p.i.AbstractProblemLoader Creating init config 
419503     DEBUG main            d.u.i.k.p.i.AbstractProblemLoader Init config took 4.08s 
419577     INFO  main            d.u.i.k.p.i.AbstractProblemLoader Replaying proof Plotter[java.lang.Object::<inv>()].JML accessible clause.0 
419579     DEBUG main            d.u.i.k.p.i.IntermediateProofReplayer Proof replay took 1.31ms 
419580     DEBUG main            d.u.i.k.p.r.p.TestFile    ... success: reloaded. 
419581     INFO  main            d.u.i.k.p.r.p.TestFile    Now processing file /home/runner/work/key/key/key.core/../key.ui/examples/heap/permissions/threads/Plotter_inv_accessible2.key 
419581     INFO  main            d.u.i.k.p.i.AbstractProblemLoader Loading environment from /home/runner/work/key/key/key.core/../key.ui/examples/heap/permissions/threads/Plotter_inv_accessible2.key 
419581     DEBUG main            d.u.i.k.p.i.AbstractProblemLoader Environment load took 46.6ns 
419582     INFO  main            d.u.i.k.p.i.AbstractProblemLoader Creating init config 
423698     DEBUG main            d.u.i.k.p.i.AbstractProblemLoader Init config took 4.12s 
423770     INFO  main            d.u.i.k.p.i.AbstractProblemLoader Replaying proof Plotter[java.lang.Object::<inv>()].JML accessible clause.1 
423772     DEBUG main            d.u.i.k.p.i.IntermediateProofReplayer Proof replay took 6.4ns 
423873     INFO  main            d.u.i.k.p.r.p.TestFile    ... finished proof: closed. 
424364     INFO  main            d.u.i.k.p.i.AbstractProblemLoader Loading environment from /home/runner/work/key/key/key.core/../key.ui/examples/heap/permissions/threads/Plotter_inv_accessible2.key.proof 
424364     DEBUG main            d.u.i.k.p.i.AbstractProblemLoader Environment load took 83.4ns 
424365     INFO  main            d.u.i.k.p.i.AbstractProblemLoader Creating init config 
428479     DEBUG main            d.u.i.k.p.i.AbstractProblemLoader Init config took 4.11s 
428552     INFO  main            d.u.i.k.p.i.AbstractProblemLoader Replaying proof Plotter[java.lang.Object::<inv>()].JML accessible clause.1 
428555     DEBUG main            d.u.i.k.p.i.IntermediateProofReplayer Proof replay took 1.35ms 
428555     DEBUG main            d.u.i.k.p.r.p.TestFile    ... success: reloaded. 
428556     INFO  main            d.u.i.k.p.r.p.TestFile    Now processing file /home/runner/work/key/key/key.core/../key.ui/examples/heap/permissions/threads/Plotter_joinTransfer_contract.key 
428556     INFO  main            d.u.i.k.p.i.AbstractProblemLoader Loading environment from /home/runner/work/key/key/key.core/../key.ui/examples/heap/permissions/threads/Plotter_joinTransfer_contract.key 
428556     DEBUG main            d.u.i.k.p.i.AbstractProblemLoader Environment load took 69.2ns 
428557     INFO  main            d.u.i.k.p.i.AbstractProblemLoader Creating init config 
432696     DEBUG main            d.u.i.k.p.i.AbstractProblemLoader Init config took 4.14s 
432790     INFO  main            d.u.i.k.p.i.AbstractProblemLoader Replaying proof Plotter[ThreadSpec2::joinTransfer()].JML model_behavior operation contract.0 
432792     DEBUG main            d.u.i.k.p.i.IntermediateProofReplayer Proof replay took 6.7ns 
432894     INFO  main            d.u.i.k.p.r.p.TestFile    ... finished proof: closed. 
433388     INFO  main            d.u.i.k.p.i.AbstractProblemLoader Loading environment from /home/runner/work/key/key/key.core/../key.ui/examples/heap/permissions/threads/Plotter_joinTransfer_contract.key.proof 
433389     DEBUG main            d.u.i.k.p.i.AbstractProblemLoader Environment load took 85.2ns 
433389     INFO  main            d.u.i.k.p.i.AbstractProblemLoader Creating init config 
437515     DEBUG main            d.u.i.k.p.i.AbstractProblemLoader Init config took 4.13s 
437590     INFO  main            d.u.i.k.p.i.AbstractProblemLoader Replaying proof Plotter[ThreadSpec2::joinTransfer()].JML model_behavior operation contract.0 
437599     DEBUG main            d.u.i.k.p.i.IntermediateProofReplayer Proof replay took 7.29ms 
437599     DEBUG main            d.u.i.k.p.r.p.TestFile    ... success: reloaded. 
437600     INFO  main            d.u.i.k.p.r.p.TestFile    Now processing file /home/runner/work/key/key/key.core/../key.ui/examples/heap/permissions/threads/Plotter_Plotter.key 
437600     INFO  main            d.u.i.k.p.i.AbstractProblemLoader Loading environment from /home/runner/work/key/key/key.core/../key.ui/examples/heap/permissions/threads/Plotter_Plotter.key 
437600     DEBUG main            d.u.i.k.p.i.AbstractProblemLoader Environment load took 45.8ns 
437601     INFO  main            d.u.i.k.p.i.AbstractProblemLoader Creating init config 
441763     DEBUG main            d.u.i.k.p.i.AbstractProblemLoader Init config took 4.16s 
441838     INFO  main            d.u.i.k.p.i.AbstractProblemLoader Replaying proof Plotter[Plotter::Plotter(AFilter,BFilter,Buffer)].JML normal_behavior operation contract.0 
441839     DEBUG main            d.u.i.k.p.i.IntermediateProofReplayer Proof replay took 6.4ns 
443545     INFO  main            d.u.i.k.p.r.p.TestFile    ... finished proof: closed. 
444055     INFO  main            d.u.i.k.p.i.AbstractProblemLoader Loading environment from /home/runner/work/key/key/key.core/../key.ui/examples/heap/permissions/threads/Plotter_Plotter.key.proof 
444055     DEBUG main            d.u.i.k.p.i.AbstractProblemLoader Environment load took 146.4ns 
444056     INFO  main            d.u.i.k.p.i.AbstractProblemLoader Creating init config 
448279     DEBUG main            d.u.i.k.p.i.AbstractProblemLoader Init config took 4.22s 
448355     INFO  main            d.u.i.k.p.i.AbstractProblemLoader Replaying proof Plotter[Plotter::Plotter(AFilter,BFilter,Buffer)].JML normal_behavior operation contract.0 
448517     DEBUG main            d.u.i.k.p.i.IntermediateProofReplayer Proof replay took 157.89ms 
448518     DEBUG main            d.u.i.k.p.r.p.TestFile    ... success: reloaded. 
448519     INFO  main            d.u.i.k.p.r.p.TestFile    Now processing file /home/runner/work/key/key/key.core/../key.ui/examples/heap/permissions/threads/Plotter_postJoin_accessible.key 
448519     INFO  main            d.u.i.k.p.i.AbstractProblemLoader Loading environment from /home/runner/work/key/key/key.core/../key.ui/examples/heap/permissions/threads/Plotter_postJoin_accessible.key 
448519     DEBUG main            d.u.i.k.p.i.AbstractProblemLoader Environment load took 85.8ns 
448520     INFO  main            d.u.i.k.p.i.AbstractProblemLoader Creating init config 
452775     DEBUG main            d.u.i.k.p.i.AbstractProblemLoader Init config took 4.25s 
452853     INFO  main            d.u.i.k.p.i.AbstractProblemLoader Replaying proof Plotter[ThreadSpec2::postJoin(java.lang.Object)].JML accessible clause.0 
452855     DEBUG main            d.u.i.k.p.i.IntermediateProofReplayer Proof replay took 7.3ns 
452956     INFO  main            d.u.i.k.p.r.p.TestFile    ... finished proof: closed. 
453476     INFO  main            d.u.i.k.p.i.AbstractProblemLoader Loading environment from /home/runner/work/key/key/key.core/../key.ui/examples/heap/permissions/threads/Plotter_postJoin_accessible.key.proof 
453476     DEBUG main            d.u.i.k.p.i.AbstractProblemLoader Environment load took 94.5ns 
453477     INFO  main            d.u.i.k.p.i.AbstractProblemLoader Creating init config 
457645     DEBUG main            d.u.i.k.p.i.AbstractProblemLoader Init config took 4.17s 
457730     INFO  main            d.u.i.k.p.i.AbstractProblemLoader Replaying proof Plotter[ThreadSpec2::postJoin(java.lang.Object)].JML accessible clause.0 
457740     DEBUG main            d.u.i.k.p.i.IntermediateProofReplayer Proof replay took 7.91ms 
457741     DEBUG main            d.u.i.k.p.r.p.TestFile    ... success: reloaded. 
457742     INFO  main            d.u.i.k.p.r.p.TestFile    Now processing file /home/runner/work/key/key/key.core/../key.ui/examples/heap/permissions/threads/Plotter_preStart_accessible.key 
457742     INFO  main            d.u.i.k.p.i.AbstractProblemLoader Loading environment from /home/runner/work/key/key/key.core/../key.ui/examples/heap/permissions/threads/Plotter_preStart_accessible.key 
457742     DEBUG main            d.u.i.k.p.i.AbstractProblemLoader Environment load took 50.8ns 
457743     INFO  main            d.u.i.k.p.i.AbstractProblemLoader Creating init config 
462014     DEBUG main            d.u.i.k.p.i.AbstractProblemLoader Init config took 4.27s 
462092     INFO  main            d.u.i.k.p.i.AbstractProblemLoader Replaying proof Plotter[ThreadSpec2::preStart(java.lang.Object)].JML accessible clause.0 
462094     DEBUG main            d.u.i.k.p.i.IntermediateProofReplayer Proof replay took 7.3ns 
463120     INFO  main            d.u.i.k.p.r.p.TestFile    ... finished proof: closed. 
463638     INFO  main            d.u.i.k.p.i.AbstractProblemLoader Loading environment from /home/runner/work/key/key/key.core/../key.ui/examples/heap/permissions/threads/Plotter_preStart_accessible.key.proof 
463638     DEBUG main            d.u.i.k.p.i.AbstractProblemLoader Environment load took 89ns 
463639     INFO  main            d.u.i.k.p.i.AbstractProblemLoader Creating init config 
467833     DEBUG main            d.u.i.k.p.i.AbstractProblemLoader Init config took 4.19s 
467906     INFO  main            d.u.i.k.p.i.AbstractProblemLoader Replaying proof Plotter[ThreadSpec2::preStart(java.lang.Object)].JML accessible clause.0 
467961     DEBUG main            d.u.i.k.p.i.IntermediateProofReplayer Proof replay took 51.44ms 
467962     DEBUG main            d.u.i.k.p.r.p.TestFile    ... success: reloaded. 
467963     INFO  main            d.u.i.k.p.r.p.TestFile    Now processing file /home/runner/work/key/key/key.core/../key.ui/examples/heap/permissions/threads/Plotter_stateInv_accessible.key 
467963     INFO  main            d.u.i.k.p.i.AbstractProblemLoader Loading environment from /home/runner/work/key/key/key.core/../key.ui/examples/heap/permissions/threads/Plotter_stateInv_accessible.key 
467963     DEBUG main            d.u.i.k.p.i.AbstractProblemLoader Environment load took 112.2ns 
467964     INFO  main            d.u.i.k.p.i.AbstractProblemLoader Creating init config 
472222     DEBUG main            d.u.i.k.p.i.AbstractProblemLoader Init config took 4.26s 
472301     INFO  main            d.u.i.k.p.i.AbstractProblemLoader Replaying proof Plotter[ThreadSpec2::stateInv()].JML accessible clause.0 
472302     DEBUG main            d.u.i.k.p.i.IntermediateProofReplayer Proof replay took 24.4ns 
479936     INFO  main            d.u.i.k.p.r.p.TestFile    ... finished proof: closed. 
480504     INFO  main            d.u.i.k.p.i.AbstractProblemLoader Loading environment from /home/runner/work/key/key/key.core/../key.ui/examples/heap/permissions/threads/Plotter_stateInv_accessible.key.proof 
480504     DEBUG main            d.u.i.k.p.i.AbstractProblemLoader Environment load took 86.7ns 
480508     INFO  main            d.u.i.k.p.i.AbstractProblemLoader Creating init config 
484616     DEBUG main            d.u.i.k.p.i.AbstractProblemLoader Init config took 4.11s 
484692     INFO  main            d.u.i.k.p.i.AbstractProblemLoader Replaying proof Plotter[ThreadSpec2::stateInv()].JML accessible clause.0 
485096     DEBUG main            d.u.i.k.p.i.IntermediateProofReplayer Proof replay took 388.27ms 
485097     DEBUG main            d.u.i.k.p.r.p.TestFile    ... success: reloaded. 
485098     INFO  main            d.u.i.k.p.r.p.TestFile    Now processing file /home/runner/work/key/key/key.core/../key.ui/examples/heap/permissions/threads/Plotter_staticPermissions_accessible.key 
485098     INFO  main            d.u.i.k.p.i.AbstractProblemLoader Loading environment from /home/runner/work/key/key/key.core/../key.ui/examples/heap/permissions/threads/Plotter_staticPermissions_accessible.key 
485098     DEBUG main            d.u.i.k.p.i.AbstractProblemLoader Environment load took 66.7ns 
485099     INFO  main            d.u.i.k.p.i.AbstractProblemLoader Creating init config 
489270     DEBUG main            d.u.i.k.p.i.AbstractProblemLoader Init config took 4.17s 
489342     INFO  main            d.u.i.k.p.i.AbstractProblemLoader Replaying proof Plotter[ThreadSpec2::staticPermissions()].JML accessible clause.0 
489343     DEBUG main            d.u.i.k.p.i.IntermediateProofReplayer Proof replay took 45ns 
490146     INFO  main            d.u.i.k.p.r.p.TestFile    ... finished proof: closed. 
490668     INFO  main            d.u.i.k.p.i.AbstractProblemLoader Loading environment from /home/runner/work/key/key/key.core/../key.ui/examples/heap/permissions/threads/Plotter_staticPermissions_accessible.key.proof 
490668     DEBUG main            d.u.i.k.p.i.AbstractProblemLoader Environment load took 70.4ns 
490669     INFO  main            d.u.i.k.p.i.AbstractProblemLoader Creating init config 
494781     DEBUG main            d.u.i.k.p.i.AbstractProblemLoader Init config took 4.11s 
494870     INFO  main            d.u.i.k.p.i.AbstractProblemLoader Replaying proof Plotter[ThreadSpec2::staticPermissions()].JML accessible clause.0 
494913     DEBUG main            d.u.i.k.p.i.IntermediateProofReplayer Proof replay took 40.33ms 
494914     DEBUG main            d.u.i.k.p.r.p.TestFile    ... success: reloaded. 
494915     INFO  main            d.u.i.k.p.r.p.TestFile    Now processing file /home/runner/work/key/key/key.core/../key.ui/examples/heap/permissions/threads/Plotter_workingPermissions_accessible.key 
494915     INFO  main            d.u.i.k.p.i.AbstractProblemLoader Loading environment from /home/runner/work/key/key/key.core/../key.ui/examples/heap/permissions/threads/Plotter_workingPermissions_accessible.key 
494915     DEBUG main            d.u.i.k.p.i.AbstractProblemLoader Environment load took 79.8ns 
494916     INFO  main            d.u.i.k.p.i.AbstractProblemLoader Creating init config 
499098     DEBUG main            d.u.i.k.p.i.AbstractProblemLoader Init config took 4.18s 
499195     INFO  main            d.u.i.k.p.i.AbstractProblemLoader Replaying proof Plotter[ThreadSpec2::workingPermissions()].JML accessible clause.0 
499197     DEBUG main            d.u.i.k.p.i.IntermediateProofReplayer Proof replay took 4ns 
499398     INFO  main            d.u.i.k.p.r.p.TestFile    ... finished proof: closed. 
499952     INFO  main            d.u.i.k.p.i.AbstractProblemLoader Loading environment from /home/runner/work/key/key/key.core/../key.ui/examples/heap/permissions/threads/Plotter_workingPermissions_accessible.key.proof 
499952     DEBUG main            d.u.i.k.p.i.AbstractProblemLoader Environment load took 79.5ns 
499953     INFO  main            d.u.i.k.p.i.AbstractProblemLoader Creating init config 
504123     DEBUG main            d.u.i.k.p.i.AbstractProblemLoader Init config took 4.17s 
504201     INFO  main            d.u.i.k.p.i.AbstractProblemLoader Replaying proof Plotter[ThreadSpec2::workingPermissions()].JML accessible clause.0 
504215     DEBUG main            d.u.i.k.p.i.IntermediateProofReplayer Proof replay took 11.76ms 
504216     DEBUG main            d.u.i.k.p.r.p.TestFile    ... success: reloaded. 
504216     INFO  main            d.u.i.k.p.r.p.TestFile    Now processing file /home/runner/work/key/key/key.core/../key.ui/examples/heap/permissions/threads/Sampler_initPost_accessible.key 
504217     INFO  main            d.u.i.k.p.i.AbstractProblemLoader Loading environment from /home/runner/work/key/key/key.core/../key.ui/examples/heap/permissions/threads/Sampler_initPost_accessible.key 
504217     DEBUG main            d.u.i.k.p.i.AbstractProblemLoader Environment load took 50.5ns 
504217     INFO  main            d.u.i.k.p.i.AbstractProblemLoader Creating init config 
508425     DEBUG main            d.u.i.k.p.i.AbstractProblemLoader Init config took 4.21s 
508520     INFO  main            d.u.i.k.p.i.AbstractProblemLoader Replaying proof Sampler[ThreadSpec2::initPost()].JML accessible clause.0 
508522     DEBUG main            d.u.i.k.p.i.IntermediateProofReplayer Proof replay took 4.1ns 
508623     INFO  main            d.u.i.k.p.r.p.TestFile    ... finished proof: closed. 
509161     INFO  main            d.u.i.k.p.i.AbstractProblemLoader Loading environment from /home/runner/work/key/key/key.core/../key.ui/examples/heap/permissions/threads/Sampler_initPost_accessible.key.proof 
509161     DEBUG main            d.u.i.k.p.i.AbstractProblemLoader Environment load took 74.7ns 
509162     INFO  main            d.u.i.k.p.i.AbstractProblemLoader Creating init config 
513305     DEBUG main            d.u.i.k.p.i.AbstractProblemLoader Init config took 4.14s 
513392     INFO  main            d.u.i.k.p.i.AbstractProblemLoader Replaying proof Sampler[ThreadSpec2::initPost()].JML accessible clause.0 
513398     DEBUG main            d.u.i.k.p.i.IntermediateProofReplayer Proof replay took 4.23ms 
513399     DEBUG main            d.u.i.k.p.r.p.TestFile    ... success: reloaded. 
513400     INFO  main            d.u.i.k.p.r.p.TestFile    Now processing file /home/runner/work/key/key/key.core/../key.ui/examples/heap/permissions/threads/Sampler_inv_accessible1.key 
513400     INFO  main            d.u.i.k.p.i.AbstractProblemLoader Loading environment from /home/runner/work/key/key/key.core/../key.ui/examples/heap/permissions/threads/Sampler_inv_accessible1.key 
513400     DEBUG main            d.u.i.k.p.i.AbstractProblemLoader Environment load took 84.8ns 
513401     INFO  main            d.u.i.k.p.i.AbstractProblemLoader Creating init config 
517602     DEBUG main            d.u.i.k.p.i.AbstractProblemLoader Init config took 4.2s 
517674     INFO  main            d.u.i.k.p.i.AbstractProblemLoader Replaying proof Sampler[java.lang.Object::<inv>()].JML accessible clause.0 
517676     DEBUG main            d.u.i.k.p.i.IntermediateProofReplayer Proof replay took 3.6ns 
517777     INFO  main            d.u.i.k.p.r.p.TestFile    ... finished proof: closed. 
518313     INFO  main            d.u.i.k.p.i.AbstractProblemLoader Loading environment from /home/runner/work/key/key/key.core/../key.ui/examples/heap/permissions/threads/Sampler_inv_accessible1.key.proof 
518313     DEBUG main            d.u.i.k.p.i.AbstractProblemLoader Environment load took 78.1ns 
518314     INFO  main            d.u.i.k.p.i.AbstractProblemLoader Creating init config 
522406     DEBUG main            d.u.i.k.p.i.AbstractProblemLoader Init config took 4.09s 
522491     INFO  main            d.u.i.k.p.i.AbstractProblemLoader Replaying proof Sampler[java.lang.Object::<inv>()].JML accessible clause.0 
522494     DEBUG main            d.u.i.k.p.i.IntermediateProofReplayer Proof replay took 1.29ms 
522494     DEBUG main            d.u.i.k.p.r.p.TestFile    ... success: reloaded. 
522495     INFO  main            d.u.i.k.p.r.p.TestFile    Now processing file /home/runner/work/key/key/key.core/../key.ui/examples/heap/permissions/threads/Sampler_inv_accessible2.key 
522495     INFO  main            d.u.i.k.p.i.AbstractProblemLoader Loading environment from /home/runner/work/key/key/key.core/../key.ui/examples/heap/permissions/threads/Sampler_inv_accessible2.key 
522495     DEBUG main            d.u.i.k.p.i.AbstractProblemLoader Environment load took 48.3ns 
522496     INFO  main            d.u.i.k.p.i.AbstractProblemLoader Creating init config 
526676     DEBUG main            d.u.i.k.p.i.AbstractProblemLoader Init config took 4.18s 
526749     INFO  main            d.u.i.k.p.i.AbstractProblemLoader Replaying proof Sampler[java.lang.Object::<inv>()].JML accessible clause.1 
526750     DEBUG main            d.u.i.k.p.i.IntermediateProofReplayer Proof replay took 3.7ns 
526852     INFO  main            d.u.i.k.p.r.p.TestFile    ... finished proof: closed. 
527422     INFO  main            d.u.i.k.p.i.AbstractProblemLoader Loading environment from /home/runner/work/key/key/key.core/../key.ui/examples/heap/permissions/threads/Sampler_inv_accessible2.key.proof 
527422     DEBUG main            d.u.i.k.p.i.AbstractProblemLoader Environment load took 73.4ns 
527422     INFO  main            d.u.i.k.p.i.AbstractProblemLoader Creating init config 
531516     DEBUG main            d.u.i.k.p.i.AbstractProblemLoader Init config took 4.09s 
531590     INFO  main            d.u.i.k.p.i.AbstractProblemLoader Replaying proof Sampler[java.lang.Object::<inv>()].JML accessible clause.1 
531593     DEBUG main            d.u.i.k.p.i.IntermediateProofReplayer Proof replay took 1.66ms 
531594     DEBUG main            d.u.i.k.p.r.p.TestFile    ... success: reloaded. 
531595     INFO  main            d.u.i.k.p.r.p.TestFile    Now processing file /home/runner/work/key/key/key.core/../key.ui/examples/heap/permissions/threads/Sampler_joinTransfer_accessible.key 
531595     INFO  main            d.u.i.k.p.i.AbstractProblemLoader Loading environment from /home/runner/work/key/key/key.core/../key.ui/examples/heap/permissions/threads/Sampler_joinTransfer_accessible.key 
531595     DEBUG main            d.u.i.k.p.i.AbstractProblemLoader Environment load took 70.6ns 
531596     INFO  main            d.u.i.k.p.i.AbstractProblemLoader Creating init config 
535750     DEBUG main            d.u.i.k.p.i.AbstractProblemLoader Init config took 4.15s 
535822     INFO  main            d.u.i.k.p.i.AbstractProblemLoader Replaying proof Sampler[ThreadSpec2::joinTransfer()].JML accessible clause.0 
535823     DEBUG main            d.u.i.k.p.i.IntermediateProofReplayer Proof replay took 4ns 
538931     INFO  main            d.u.i.k.p.r.p.TestFile    ... finished proof: closed. 
539525     INFO  main            d.u.i.k.p.i.AbstractProblemLoader Loading environment from /home/runner/work/key/key/key.core/../key.ui/examples/heap/permissions/threads/Sampler_joinTransfer_accessible.key.proof 
539525     DEBUG main            d.u.i.k.p.i.AbstractProblemLoader Environment load took 83.2ns 
539526     INFO  main            d.u.i.k.p.i.AbstractProblemLoader Creating init config 
543687     DEBUG main            d.u.i.k.p.i.AbstractProblemLoader Init config took 4.16s 
543761     INFO  main            d.u.i.k.p.i.AbstractProblemLoader Replaying proof Sampler[ThreadSpec2::joinTransfer()].JML accessible clause.0 
544166     DEBUG main            d.u.i.k.p.i.IntermediateProofReplayer Proof replay took 393.9ms 
544167     DEBUG main            d.u.i.k.p.r.p.TestFile    ... success: reloaded. 
544168     INFO  main            d.u.i.k.p.r.p.TestFile    Now processing file /home/runner/work/key/key/key.core/../key.ui/examples/heap/permissions/threads/Sampler_joinTransfer_contract.key 
544168     INFO  main            d.u.i.k.p.i.AbstractProblemLoader Loading environment from /home/runner/work/key/key/key.core/../key.ui/examples/heap/permissions/threads/Sampler_joinTransfer_contract.key 
544168     DEBUG main            d.u.i.k.p.i.AbstractProblemLoader Environment load took 49.3ns 
544169     INFO  main            d.u.i.k.p.i.AbstractProblemLoader Creating init config 
548329     DEBUG main            d.u.i.k.p.i.AbstractProblemLoader Init config took 4.16s 
548403     INFO  main            d.u.i.k.p.i.AbstractProblemLoader Replaying proof Sampler[ThreadSpec2::joinTransfer()].JML model_behavior operation contract.0 
548405     DEBUG main            d.u.i.k.p.i.IntermediateProofReplayer Proof replay took 4.1ns 
548506     INFO  main            d.u.i.k.p.r.p.TestFile    ... finished proof: closed. 
549072     INFO  main            d.u.i.k.p.i.AbstractProblemLoader Loading environment from /home/runner/work/key/key/key.core/../key.ui/examples/heap/permissions/threads/Sampler_joinTransfer_contract.key.proof 
549072     DEBUG main            d.u.i.k.p.i.AbstractProblemLoader Environment load took 79.9ns 
549074     INFO  main            d.u.i.k.p.i.AbstractProblemLoader Creating init config 
553333     DEBUG main            d.u.i.k.p.i.AbstractProblemLoader Init config took 4.26s 
553405     INFO  main            d.u.i.k.p.i.AbstractProblemLoader Replaying proof Sampler[ThreadSpec2::joinTransfer()].JML model_behavior operation contract.0 
553413     DEBUG main            d.u.i.k.p.i.IntermediateProofReplayer Proof replay took 5.97ms 
553413     DEBUG main            d.u.i.k.p.r.p.TestFile    ... success: reloaded. 
553414     INFO  main            d.u.i.k.p.r.p.TestFile    Now processing file /home/runner/work/key/key/key.core/../key.ui/examples/heap/permissions/threads/Sampler_postJoin_accessible.key 
553414     INFO  main            d.u.i.k.p.i.AbstractProblemLoader Loading environment from /home/runner/work/key/key/key.core/../key.ui/examples/heap/permissions/threads/Sampler_postJoin_accessible.key 
553414     DEBUG main            d.u.i.k.p.i.AbstractProblemLoader Environment load took 60.3ns 
553415     INFO  main            d.u.i.k.p.i.AbstractProblemLoader Creating init config 
557618     DEBUG main            d.u.i.k.p.i.AbstractProblemLoader Init config took 4.2s 
557712     INFO  main            d.u.i.k.p.i.AbstractProblemLoader Replaying proof Sampler[ThreadSpec2::postJoin(java.lang.Object)].JML accessible clause.0 
557713     DEBUG main            d.u.i.k.p.i.IntermediateProofReplayer Proof replay took 3.4ns 
557815     INFO  main            d.u.i.k.p.r.p.TestFile    ... finished proof: closed. 
558394     INFO  main            d.u.i.k.p.i.AbstractProblemLoader Loading environment from /home/runner/work/key/key/key.core/../key.ui/examples/heap/permissions/threads/Sampler_postJoin_accessible.key.proof 
558394     DEBUG main            d.u.i.k.p.i.AbstractProblemLoader Environment load took 71.1ns 
558395     INFO  main            d.u.i.k.p.i.AbstractProblemLoader Creating init config 
562533     DEBUG main            d.u.i.k.p.i.AbstractProblemLoader Init config took 4.14s 
562613     INFO  main            d.u.i.k.p.i.AbstractProblemLoader Replaying proof Sampler[ThreadSpec2::postJoin(java.lang.Object)].JML accessible clause.0 
562623     DEBUG main            d.u.i.k.p.i.IntermediateProofReplayer Proof replay took 7.8ms 
562624     DEBUG main            d.u.i.k.p.r.p.TestFile    ... success: reloaded. 
562625     INFO  main            d.u.i.k.p.r.p.TestFile    Now processing file /home/runner/work/key/key/key.core/../key.ui/examples/heap/permissions/threads/Sampler_preStart_accessible.key 
562625     INFO  main            d.u.i.k.p.i.AbstractProblemLoader Loading environment from /home/runner/work/key/key/key.core/../key.ui/examples/heap/permissions/threads/Sampler_preStart_accessible.key 
562625     DEBUG main            d.u.i.k.p.i.AbstractProblemLoader Environment load took 216.1ns 
562626     INFO  main            d.u.i.k.p.i.AbstractProblemLoader Creating init config 
566929     DEBUG main            d.u.i.k.p.i.AbstractProblemLoader Init config took 4.3s 
567002     INFO  main            d.u.i.k.p.i.AbstractProblemLoader Replaying proof Sampler[ThreadSpec2::preStart(java.lang.Object)].JML accessible clause.0 
567004     DEBUG main            d.u.i.k.p.i.IntermediateProofReplayer Proof replay took 4ns 
567105     INFO  main            d.u.i.k.p.r.p.TestFile    ... finished proof: closed. 
567675     INFO  main            d.u.i.k.p.i.AbstractProblemLoader Loading environment from /home/runner/work/key/key/key.core/../key.ui/examples/heap/permissions/threads/Sampler_preStart_accessible.key.proof 
567675     DEBUG main            d.u.i.k.p.i.AbstractProblemLoader Environment load took 73.7ns 
567676     INFO  main            d.u.i.k.p.i.AbstractProblemLoader Creating init config 
571752     DEBUG main            d.u.i.k.p.i.AbstractProblemLoader Init config took 4.08s 
571825     INFO  main            d.u.i.k.p.i.AbstractProblemLoader Replaying proof Sampler[ThreadSpec2::preStart(java.lang.Object)].JML accessible clause.0 
571834     DEBUG main            d.u.i.k.p.i.IntermediateProofReplayer Proof replay took 6.64ms 
571834     DEBUG main            d.u.i.k.p.r.p.TestFile    ... success: reloaded. 
571835     INFO  main            d.u.i.k.p.r.p.TestFile    Now processing file /home/runner/work/key/key/key.core/../key.ui/examples/heap/permissions/threads/Sampler_run.key 
571835     INFO  main            d.u.i.k.p.i.AbstractProblemLoader Loading environment from /home/runner/work/key/key/key.core/../key.ui/examples/heap/permissions/threads/Sampler_run.key 
571835     DEBUG main            d.u.i.k.p.i.AbstractProblemLoader Environment load took 45.3ns 
571836     INFO  main            d.u.i.k.p.i.AbstractProblemLoader Creating init config 
576019     DEBUG main            d.u.i.k.p.i.AbstractProblemLoader Init config took 4.18s 
576094     INFO  main            d.u.i.k.p.i.AbstractProblemLoader Replaying proof Sampler[ThreadSpec2::run()].JML normal_behavior operation contract.0 
576095     DEBUG main            d.u.i.k.p.i.IntermediateProofReplayer Proof replay took 4.1ns 
576297     INFO  main            d.u.i.k.p.r.p.TestFile    ... finished proof: closed. 
576872     INFO  main            d.u.i.k.p.i.AbstractProblemLoader Loading environment from /home/runner/work/key/key/key.core/../key.ui/examples/heap/permissions/threads/Sampler_run.key.proof 
576872     DEBUG main            d.u.i.k.p.i.AbstractProblemLoader Environment load took 75.8ns 
576873     INFO  main            d.u.i.k.p.i.AbstractProblemLoader Creating init config 
580953     DEBUG main            d.u.i.k.p.i.AbstractProblemLoader Init config took 4.08s 
581025     INFO  main            d.u.i.k.p.i.AbstractProblemLoader Replaying proof Sampler[ThreadSpec2::run()].JML normal_behavior operation contract.0 
581051     DEBUG main            d.u.i.k.p.i.IntermediateProofReplayer Proof replay took 25.28ms 
581052     DEBUG main            d.u.i.k.p.r.p.TestFile    ... success: reloaded. 
581053     INFO  main            d.u.i.k.p.r.p.TestFile    Now processing file /home/runner/work/key/key/key.core/../key.ui/examples/heap/permissions/threads/Sampler_Sampler.key 
581053     INFO  main            d.u.i.k.p.i.AbstractProblemLoader Loading environment from /home/runner/work/key/key/key.core/../key.ui/examples/heap/permissions/threads/Sampler_Sampler.key 
581053     DEBUG main            d.u.i.k.p.i.AbstractProblemLoader Environment load took 76.2ns 
581054     INFO  main            d.u.i.k.p.i.AbstractProblemLoader Creating init config 
585218     DEBUG main            d.u.i.k.p.i.AbstractProblemLoader Init config took 4.16s 
585289     INFO  main            d.u.i.k.p.i.AbstractProblemLoader Replaying proof Sampler[Sampler::Sampler(Buffer)].JML normal_behavior operation contract.0 
585291     DEBUG main            d.u.i.k.p.i.IntermediateProofReplayer Proof replay took 3.5ns 
585793     INFO  main            d.u.i.k.p.r.p.TestFile    ... finished proof: closed. 
586430     INFO  main            d.u.i.k.p.i.AbstractProblemLoader Loading environment from /home/runner/work/key/key/key.core/../key.ui/examples/heap/permissions/threads/Sampler_Sampler.key.proof 
586430     DEBUG main            d.u.i.k.p.i.AbstractProblemLoader Environment load took 75.6ns 
586431     INFO  main            d.u.i.k.p.i.AbstractProblemLoader Creating init config 
590540     DEBUG main            d.u.i.k.p.i.AbstractProblemLoader Init config took 4.11s 
590613     INFO  main            d.u.i.k.p.i.AbstractProblemLoader Replaying proof Sampler[Sampler::Sampler(Buffer)].JML normal_behavior operation contract.0 
590677     DEBUG main            d.u.i.k.p.i.IntermediateProofReplayer Proof replay took 61.53ms 
590678     DEBUG main            d.u.i.k.p.r.p.TestFile    ... success: reloaded. 
590679     INFO  main            d.u.i.k.p.r.p.TestFile    Now processing file /home/runner/work/key/key/key.core/../key.ui/examples/heap/permissions/threads/Sampler_startTransfer_accessible.key 
590679     INFO  main            d.u.i.k.p.i.AbstractProblemLoader Loading environment from /home/runner/work/key/key/key.core/../key.ui/examples/heap/permissions/threads/Sampler_startTransfer_accessible.key 
590679     DEBUG main            d.u.i.k.p.i.AbstractProblemLoader Environment load took 80.2ns 
590680     INFO  main            d.u.i.k.p.i.AbstractProblemLoader Creating init config 
594840     DEBUG main            d.u.i.k.p.i.AbstractProblemLoader Init config took 4.16s 
594943     INFO  main            d.u.i.k.p.i.AbstractProblemLoader Replaying proof Sampler[ThreadSpec2::startTransfer()].JML accessible clause.0 
594945     DEBUG main            d.u.i.k.p.i.IntermediateProofReplayer Proof replay took 3.4ns 
598286     INFO  main            d.u.i.k.p.r.p.TestFile    ... finished proof: closed. 
598887     INFO  main            d.u.i.k.p.i.AbstractProblemLoader Loading environment from /home/runner/work/key/key/key.core/../key.ui/examples/heap/permissions/threads/Sampler_startTransfer_accessible.key.proof 
598887     DEBUG main            d.u.i.k.p.i.AbstractProblemLoader Environment load took 90.9ns 
598889     INFO  main            d.u.i.k.p.i.AbstractProblemLoader Creating init config 
602941     DEBUG main            d.u.i.k.p.i.AbstractProblemLoader Init config took 4.05s 
603024     INFO  main            d.u.i.k.p.i.AbstractProblemLoader Replaying proof Sampler[ThreadSpec2::startTransfer()].JML accessible clause.0 
603359     DEBUG main            d.u.i.k.p.i.IntermediateProofReplayer Proof replay took 325.82ms 
603361     DEBUG main            d.u.i.k.p.r.p.TestFile    ... success: reloaded. 
603361     INFO  main            d.u.i.k.p.r.p.TestFile    Now processing file /home/runner/work/key/key/key.core/../key.ui/examples/heap/permissions/threads/Sampler_startTransfer_contract.key 
603362     INFO  main            d.u.i.k.p.i.AbstractProblemLoader Loading environment from /home/runner/work/key/key/key.core/../key.ui/examples/heap/permissions/threads/Sampler_startTransfer_contract.key 
603362     DEBUG main            d.u.i.k.p.i.AbstractProblemLoader Environment load took 50.4ns 
603363     INFO  main            d.u.i.k.p.i.AbstractProblemLoader Creating init config 
607542     DEBUG main            d.u.i.k.p.i.AbstractProblemLoader Init config took 4.18s 
607614     INFO  main            d.u.i.k.p.i.AbstractProblemLoader Replaying proof Sampler[ThreadSpec2::startTransfer()].JML model_behavior operation contract.0 
607616     DEBUG main            d.u.i.k.p.i.IntermediateProofReplayer Proof replay took 3.5ns 
607718     INFO  main            d.u.i.k.p.r.p.TestFile    ... finished proof: closed. 
608312     INFO  main            d.u.i.k.p.i.AbstractProblemLoader Loading environment from /home/runner/work/key/key/key.core/../key.ui/examples/heap/permissions/threads/Sampler_startTransfer_contract.key.proof 
608312     DEBUG main            d.u.i.k.p.i.AbstractProblemLoader Environment load took 77.4ns 
608313     INFO  main            d.u.i.k.p.i.AbstractProblemLoader Creating init config 
612371     DEBUG main            d.u.i.k.p.i.AbstractProblemLoader Init config took 4.06s 
612458     INFO  main            d.u.i.k.p.i.AbstractProblemLoader Replaying proof Sampler[ThreadSpec2::startTransfer()].JML model_behavior operation contract.0 
612466     DEBUG main            d.u.i.k.p.i.IntermediateProofReplayer Proof replay took 6.59ms 
612467     DEBUG main            d.u.i.k.p.r.p.TestFile    ... success: reloaded. 
612468     INFO  main            d.u.i.k.p.r.p.TestFile    Now processing file /home/runner/work/key/key/key.core/../key.ui/examples/heap/permissions/threads/Sampler_stateInv_accessible.key 
612468     INFO  main            d.u.i.k.p.i.AbstractProblemLoader Loading environment from /home/runner/work/key/key/key.core/../key.ui/examples/heap/permissions/threads/Sampler_stateInv_accessible.key 
612468     DEBUG main            d.u.i.k.p.i.AbstractProblemLoader Environment load took 47ns 
612469     INFO  main            d.u.i.k.p.i.AbstractProblemLoader Creating init config 
616626     DEBUG main            d.u.i.k.p.i.AbstractProblemLoader Init config took 4.16s 
616700     INFO  main            d.u.i.k.p.i.AbstractProblemLoader Replaying proof Sampler[ThreadSpec2::stateInv()].JML accessible clause.0 
616702     DEBUG main            d.u.i.k.p.i.IntermediateProofReplayer Proof replay took 3.5ns 
616803     INFO  main            d.u.i.k.p.r.p.TestFile    ... finished proof: closed. 
617427     INFO  main            d.u.i.k.p.i.AbstractProblemLoader Loading environment from /home/runner/work/key/key/key.core/../key.ui/examples/heap/permissions/threads/Sampler_stateInv_accessible.key.proof 
617428     DEBUG main            d.u.i.k.p.i.AbstractProblemLoader Environment load took 77.2ns 
617428     INFO  main            d.u.i.k.p.i.AbstractProblemLoader Creating init config 
621615     DEBUG main            d.u.i.k.p.i.AbstractProblemLoader Init config took 4.19s 
621706     INFO  main            d.u.i.k.p.i.AbstractProblemLoader Replaying proof Sampler[ThreadSpec2::stateInv()].JML accessible clause.0 
621713     DEBUG main            d.u.i.k.p.i.IntermediateProofReplayer Proof replay took 5.53ms 
621714     DEBUG main            d.u.i.k.p.r.p.TestFile    ... success: reloaded. 
621715     INFO  main            d.u.i.k.p.r.p.TestFile    Now processing file /home/runner/work/key/key/key.core/../key.ui/examples/heap/permissions/threads/Sampler_staticPermissions_accessible.key 
621715     INFO  main            d.u.i.k.p.i.AbstractProblemLoader Loading environment from /home/runner/work/key/key/key.core/../key.ui/examples/heap/permissions/threads/Sampler_staticPermissions_accessible.key 
621715     DEBUG main            d.u.i.k.p.i.AbstractProblemLoader Environment load took 120.2ns 
621716     INFO  main            d.u.i.k.p.i.AbstractProblemLoader Creating init config 
625913     DEBUG main            d.u.i.k.p.i.AbstractProblemLoader Init config took 4.2s 
625985     INFO  main            d.u.i.k.p.i.AbstractProblemLoader Replaying proof Sampler[ThreadSpec2::staticPermissions()].JML accessible clause.0 
625987     DEBUG main            d.u.i.k.p.i.IntermediateProofReplayer Proof replay took 3.9ns 
626092     INFO  main            d.u.i.k.p.r.p.TestFile    ... finished proof: closed. 
626721     INFO  main            d.u.i.k.p.i.AbstractProblemLoader Loading environment from /home/runner/work/key/key/key.core/../key.ui/examples/heap/permissions/threads/Sampler_staticPermissions_accessible.key.proof 
626721     DEBUG main            d.u.i.k.p.i.AbstractProblemLoader Environment load took 74ns 
626722     INFO  main            d.u.i.k.p.i.AbstractProblemLoader Creating init config 
630871     DEBUG main            d.u.i.k.p.i.AbstractProblemLoader Init config took 4.15s 
630956     INFO  main            d.u.i.k.p.i.AbstractProblemLoader Replaying proof Sampler[ThreadSpec2::staticPermissions()].JML accessible clause.0 
630960     DEBUG main            d.u.i.k.p.i.IntermediateProofReplayer Proof replay took 2.49ms 
630960     DEBUG main            d.u.i.k.p.r.p.TestFile    ... success: reloaded. 
630961     INFO  main            d.u.i.k.p.r.p.TestFile    Now processing file /home/runner/work/key/key/key.core/../key.ui/examples/heap/permissions/threads/Sampler_workingPermissions_accessible.key 
630962     INFO  main            d.u.i.k.p.i.AbstractProblemLoader Loading environment from /home/runner/work/key/key/key.core/../key.ui/examples/heap/permissions/threads/Sampler_workingPermissions_accessible.key 
630962     DEBUG main            d.u.i.k.p.i.AbstractProblemLoader Environment load took 99.7ns 
630963     INFO  main            d.u.i.k.p.i.AbstractProblemLoader Creating init config 
635164     DEBUG main            d.u.i.k.p.i.AbstractProblemLoader Init config took 4.2s 
635239     INFO  main            d.u.i.k.p.i.AbstractProblemLoader Replaying proof Sampler[ThreadSpec2::workingPermissions()].JML accessible clause.0 
635240     DEBUG main            d.u.i.k.p.i.IntermediateProofReplayer Proof replay took 3.4ns 
635341     INFO  main            d.u.i.k.p.r.p.TestFile    ... finished proof: closed. 
635964     INFO  main            d.u.i.k.p.i.AbstractProblemLoader Loading environment from /home/runner/work/key/key/key.core/../key.ui/examples/heap/permissions/threads/Sampler_workingPermissions_accessible.key.proof 
635964     DEBUG main            d.u.i.k.p.i.AbstractProblemLoader Environment load took 74.9ns 
635965     INFO  main            d.u.i.k.p.i.AbstractProblemLoader Creating init config 
640176     DEBUG main            d.u.i.k.p.i.AbstractProblemLoader Init config took 4.21s 
640251     INFO  main            d.u.i.k.p.i.AbstractProblemLoader Replaying proof Sampler[ThreadSpec2::workingPermissions()].JML accessible clause.0 
640256     DEBUG main            d.u.i.k.p.i.IntermediateProofReplayer Proof replay took 3.55ms 
640257     DEBUG main            d.u.i.k.p.r.p.TestFile    ... success: reloaded. 
640257     INFO  main            d.u.i.k.p.r.p.TestFile    Now processing file /home/runner/work/key/key/key.core/../key.ui/examples/heap/permissions/mulleretal/ReadWrite_doRead_contract.key 
640258     INFO  main            d.u.i.k.p.i.AbstractProblemLoader Loading environment from /home/runner/work/key/key/key.core/../key.ui/examples/heap/permissions/mulleretal/ReadWrite_doRead_contract.key 
640258     DEBUG main            d.u.i.k.p.i.AbstractProblemLoader Environment load took 46.5ns 
640258     INFO  main            d.u.i.k.p.i.AbstractProblemLoader Creating init config 
642760     DEBUG main            d.u.i.k.p.i.AbstractProblemLoader Init config took 2.5s 
642792     INFO  main            d.u.i.k.p.i.AbstractProblemLoader Replaying proof ReadWrite[ReadWrite::doRead()].JML normal_behavior operation contract.0 
642794     DEBUG main            d.u.i.k.p.i.IntermediateProofReplayer Proof replay took 3.6ns 
644400     INFO  main            d.u.i.k.p.r.p.TestFile    ... finished proof: closed. 
645048     INFO  main            d.u.i.k.p.i.AbstractProblemLoader Loading environment from /home/runner/work/key/key/key.core/../key.ui/examples/heap/permissions/mulleretal/ReadWrite_doRead_contract.key.proof 
645048     DEBUG main            d.u.i.k.p.i.AbstractProblemLoader Environment load took 75.1ns 
645049     INFO  main            d.u.i.k.p.i.AbstractProblemLoader Creating init config 
647372     DEBUG main            d.u.i.k.p.i.AbstractProblemLoader Init config took 2.32s 
647402     INFO  main            d.u.i.k.p.i.AbstractProblemLoader Replaying proof ReadWrite[ReadWrite::doRead()].JML normal_behavior operation contract.0 
647718     DEBUG main            d.u.i.k.p.i.IntermediateProofReplayer Proof replay took 310.71ms 
647719     DEBUG main            d.u.i.k.p.r.p.TestFile    ... success: reloaded. 
647720     INFO  main            d.u.i.k.p.r.p.TestFile    Now processing file /home/runner/work/key/key/key.core/../key.ui/examples/heap/permissions/mulleretal/ReadWrite_doWrite_contract.key 
647720     INFO  main            d.u.i.k.p.i.AbstractProblemLoader Loading environment from /home/runner/work/key/key/key.core/../key.ui/examples/heap/permissions/mulleretal/ReadWrite_doWrite_contract.key 
647720     DEBUG main            d.u.i.k.p.i.AbstractProblemLoader Environment load took 79.5ns 
647721     INFO  main            d.u.i.k.p.i.AbstractProblemLoader Creating init config 
650156     DEBUG main            d.u.i.k.p.i.AbstractProblemLoader Init config took 2.43s 
650205     INFO  main            d.u.i.k.p.i.AbstractProblemLoader Replaying proof ReadWrite[ReadWrite::doWrite()].JML normal_behavior operation contract.0 
650206     DEBUG main            d.u.i.k.p.i.IntermediateProofReplayer Proof replay took 3.5ns 
651858     INFO  main            d.u.i.k.p.r.p.TestFile    ... finished proof: closed. 
652517     INFO  main            d.u.i.k.p.i.AbstractProblemLoader Loading environment from /home/runner/work/key/key/key.core/../key.ui/examples/heap/permissions/mulleretal/ReadWrite_doWrite_contract.key.proof 
652518     DEBUG main            d.u.i.k.p.i.AbstractProblemLoader Environment load took 75.1ns 
652519     INFO  main            d.u.i.k.p.i.AbstractProblemLoader Creating init config 
654880     DEBUG main            d.u.i.k.p.i.AbstractProblemLoader Init config took 2.36s 
654921     INFO  main            d.u.i.k.p.i.AbstractProblemLoader Replaying proof ReadWrite[ReadWrite::doWrite()].JML normal_behavior operation contract.0 
655240     DEBUG main            d.u.i.k.p.i.IntermediateProofReplayer Proof replay took 313.07ms 
655241     DEBUG main            d.u.i.k.p.r.p.TestFile    ... success: reloaded. 
655241     INFO  main            d.u.i.k.p.r.p.TestFile    Now processing file /home/runner/work/key/key/key.core/../key.ui/examples/heap/permissions/mulleretal/ReadWrite_read_contract.key 
655242     INFO  main            d.u.i.k.p.i.AbstractProblemLoader Loading environment from /home/runner/work/key/key/key.core/../key.ui/examples/heap/permissions/mulleretal/ReadWrite_read_contract.key 
655242     DEBUG main            d.u.i.k.p.i.AbstractProblemLoader Environment load took 80.2ns 
655243     INFO  main            d.u.i.k.p.i.AbstractProblemLoader Creating init config 
657686     DEBUG main            d.u.i.k.p.i.AbstractProblemLoader Init config took 2.44s 
657717     INFO  main            d.u.i.k.p.i.AbstractProblemLoader Replaying proof ReadWrite[ReadWrite::read()].JML normal_behavior operation contract.0 
657718     DEBUG main            d.u.i.k.p.i.IntermediateProofReplayer Proof replay took 3.3ns 
657820     INFO  main            d.u.i.k.p.r.p.TestFile    ... finished proof: closed. 
658460     INFO  main            d.u.i.k.p.i.AbstractProblemLoader Loading environment from /home/runner/work/key/key/key.core/../key.ui/examples/heap/permissions/mulleretal/ReadWrite_read_contract.key.proof 
658460     DEBUG main            d.u.i.k.p.i.AbstractProblemLoader Environment load took 80.4ns 
658461     INFO  main            d.u.i.k.p.i.AbstractProblemLoader Creating init config 
660840     DEBUG main            d.u.i.k.p.i.AbstractProblemLoader Init config took 2.38s 
660872     INFO  main            d.u.i.k.p.i.AbstractProblemLoader Replaying proof ReadWrite[ReadWrite::read()].JML normal_behavior operation contract.0 
660879     DEBUG main            d.u.i.k.p.i.IntermediateProofReplayer Proof replay took 5.48ms 
660880     DEBUG main            d.u.i.k.p.r.p.TestFile    ... success: reloaded. 
660881     INFO  main            d.u.i.k.p.r.p.TestFile    Now processing file /home/runner/work/key/key/key.core/../key.ui/examples/heap/permissions/mulleretal/ReadWrite_write_contract.key 
660881     INFO  main            d.u.i.k.p.i.AbstractProblemLoader Loading environment from /home/runner/work/key/key/key.core/../key.ui/examples/heap/permissions/mulleretal/ReadWrite_write_contract.key 
660881     DEBUG main            d.u.i.k.p.i.AbstractProblemLoader Environment load took 146.7ns 
660882     INFO  main            d.u.i.k.p.i.AbstractProblemLoader Creating init config 
663337     DEBUG main            d.u.i.k.p.i.AbstractProblemLoader Init config took 2.46s 
663371     INFO  main            d.u.i.k.p.i.AbstractProblemLoader Replaying proof ReadWrite[ReadWrite::write()].JML normal_behavior operation contract.0 
663373     DEBUG main            d.u.i.k.p.i.IntermediateProofReplayer Proof replay took 3.6ns 
663474     INFO  main            d.u.i.k.p.r.p.TestFile    ... finished proof: closed. 
664121     INFO  main            d.u.i.k.p.i.AbstractProblemLoader Loading environment from /home/runner/work/key/key/key.core/../key.ui/examples/heap/permissions/mulleretal/ReadWrite_write_contract.key.proof 
664121     DEBUG main            d.u.i.k.p.i.AbstractProblemLoader Environment load took 105.6ns 
664122     INFO  main            d.u.i.k.p.i.AbstractProblemLoader Creating init config 
666483     DEBUG main            d.u.i.k.p.i.AbstractProblemLoader Init config took 2.36s 
666513     INFO  main            d.u.i.k.p.i.AbstractProblemLoader Replaying proof ReadWrite[ReadWrite::write()].JML normal_behavior operation contract.0 
666533     DEBUG main            d.u.i.k.p.i.IntermediateProofReplayer Proof replay took 18.54ms 
666533     DEBUG main            d.u.i.k.p.r.p.TestFile    ... success: reloaded. 
666534     INFO  main            d.u.i.k.p.r.p.TestFile    Now processing file /home/runner/work/key/key/key.core/../key.ui/examples/heap/permissions/mulleretal/ReadWrite_inv1_accessible.key 
666534     INFO  main            d.u.i.k.p.i.AbstractProblemLoader Loading environment from /home/runner/work/key/key/key.core/../key.ui/examples/heap/permissions/mulleretal/ReadWrite_inv1_accessible.key 
666534     DEBUG main            d.u.i.k.p.i.AbstractProblemLoader Environment load took 45.1ns 
666535     INFO  main            d.u.i.k.p.i.AbstractProblemLoader Creating init config 
668908     DEBUG main            d.u.i.k.p.i.AbstractProblemLoader Init config took 2.37s 
668941     INFO  main            d.u.i.k.p.i.AbstractProblemLoader Replaying proof ReadWrite[java.lang.Object::<inv>()].JML accessible clause.0 
668942     DEBUG main            d.u.i.k.p.i.IntermediateProofReplayer Proof replay took 3.1ns 
669044     INFO  main            d.u.i.k.p.r.p.TestFile    ... finished proof: closed. 
669699     INFO  main            d.u.i.k.p.i.AbstractProblemLoader Loading environment from /home/runner/work/key/key/key.core/../key.ui/examples/heap/permissions/mulleretal/ReadWrite_inv1_accessible.key.proof 
669699     DEBUG main            d.u.i.k.p.i.AbstractProblemLoader Environment load took 79.9ns 
669700     INFO  main            d.u.i.k.p.i.AbstractProblemLoader Creating init config 
672068     DEBUG main            d.u.i.k.p.i.AbstractProblemLoader Init config took 2.37s 
672097     INFO  main            d.u.i.k.p.i.AbstractProblemLoader Replaying proof ReadWrite[java.lang.Object::<inv>()].JML accessible clause.0 
672100     DEBUG main            d.u.i.k.p.i.IntermediateProofReplayer Proof replay took 1.3ms 
672101     DEBUG main            d.u.i.k.p.r.p.TestFile    ... success: reloaded. 
672101     INFO  main            d.u.i.k.p.r.p.TestFile    Now processing file /home/runner/work/key/key/key.core/../key.ui/examples/heap/permissions/mulleretal/ReadWrite_inv2_accessible.key 
672101     INFO  main            d.u.i.k.p.i.AbstractProblemLoader Loading environment from /home/runner/work/key/key/key.core/../key.ui/examples/heap/permissions/mulleretal/ReadWrite_inv2_accessible.key 
672102     DEBUG main            d.u.i.k.p.i.AbstractProblemLoader Environment load took 67.5ns 
672102     INFO  main            d.u.i.k.p.i.AbstractProblemLoader Creating init config 
674458     DEBUG main            d.u.i.k.p.i.AbstractProblemLoader Init config took 2.36s 
674491     INFO  main            d.u.i.k.p.i.AbstractProblemLoader Replaying proof ReadWrite[java.lang.Object::<inv>()].JML accessible clause.1 
674493     DEBUG main            d.u.i.k.p.i.IntermediateProofReplayer Proof replay took 3.5ns 
674595     INFO  main            d.u.i.k.p.r.p.TestFile    ... finished proof: closed. 
675237     INFO  main            d.u.i.k.p.i.AbstractProblemLoader Loading environment from /home/runner/work/key/key/key.core/../key.ui/examples/heap/permissions/mulleretal/ReadWrite_inv2_accessible.key.proof 
675237     DEBUG main            d.u.i.k.p.i.AbstractProblemLoader Environment load took 75.5ns 
675238     INFO  main            d.u.i.k.p.i.AbstractProblemLoader Creating init config 
677705     DEBUG main            d.u.i.k.p.i.AbstractProblemLoader Init config took 2.47s 
677739     INFO  main            d.u.i.k.p.i.AbstractProblemLoader Replaying proof ReadWrite[java.lang.Object::<inv>()].JML accessible clause.1 
677742     DEBUG main            d.u.i.k.p.i.IntermediateProofReplayer Proof replay took 1.55ms 
677743     DEBUG main            d.u.i.k.p.r.p.TestFile    ... success: reloaded. 
677744     INFO  main            d.u.i.k.p.r.p.TestFile    Now processing file /home/runner/work/key/key/key.core/../key.ui/examples/heap/permissions/lockspec/Counter_lockConsistent_contract.key 
677744     INFO  main            d.u.i.k.p.i.AbstractProblemLoader Loading environment from /home/runner/work/key/key/key.core/../key.ui/examples/heap/permissions/lockspec/Counter_lockConsistent_contract.key 
677744     DEBUG main            d.u.i.k.p.i.AbstractProblemLoader Environment load took 79.7ns 
677745     INFO  main            d.u.i.k.p.i.AbstractProblemLoader Creating init config 
680788     DEBUG main            d.u.i.k.p.i.AbstractProblemLoader Init config took 3.04s 
680836     INFO  main            d.u.i.k.p.i.AbstractProblemLoader Replaying proof Counter[LockSpec::lockConsistent()].JML model_behavior operation contract.0 
680837     DEBUG main            d.u.i.k.p.i.IntermediateProofReplayer Proof replay took 3.2ns 
681842     INFO  main            d.u.i.k.p.r.p.TestFile    ... finished proof: closed. 
682514     INFO  main            d.u.i.k.p.i.AbstractProblemLoader Loading environment from /home/runner/work/key/key/key.core/../key.ui/examples/heap/permissions/lockspec/Counter_lockConsistent_contract.key.proof 
682514     DEBUG main            d.u.i.k.p.i.AbstractProblemLoader Environment load took 91.1ns 
682515     INFO  main            d.u.i.k.p.i.AbstractProblemLoader Creating init config 
685474     DEBUG main            d.u.i.k.p.i.AbstractProblemLoader Init config took 2.96s 
685548     INFO  main            d.u.i.k.p.i.AbstractProblemLoader Replaying proof Counter[LockSpec::lockConsistent()].JML model_behavior operation contract.0 
685734     DEBUG main            d.u.i.k.p.i.IntermediateProofReplayer Proof replay took 174.39ms 
685735     DEBUG main            d.u.i.k.p.r.p.TestFile    ... success: reloaded. 
685736     INFO  main            d.u.i.k.p.r.p.TestFile    Now processing file /home/runner/work/key/key/key.core/../key.ui/examples/heap/permissions/lockspec/Counter_increase_contract.key 
685736     INFO  main            d.u.i.k.p.i.AbstractProblemLoader Loading environment from /home/runner/work/key/key/key.core/../key.ui/examples/heap/permissions/lockspec/Counter_increase_contract.key 
685737     DEBUG main            d.u.i.k.p.i.AbstractProblemLoader Environment load took 261.3ns 
685738     INFO  main            d.u.i.k.p.i.AbstractProblemLoader Creating init config 
688627     DEBUG main            d.u.i.k.p.i.AbstractProblemLoader Init config took 2.89s 
688725     INFO  main            d.u.i.k.p.i.AbstractProblemLoader Replaying proof Counter[Counter::increase()].JML normal_behavior operation contract.0 
688741     DEBUG main            d.u.i.k.p.i.IntermediateProofReplayer Proof replay took 4.3ns 
690961     INFO  main            d.u.i.k.p.r.p.TestFile    ... finished proof: closed. 
691642     INFO  main            d.u.i.k.p.i.AbstractProblemLoader Loading environment from /home/runner/work/key/key/key.core/../key.ui/examples/heap/permissions/lockspec/Counter_increase_contract.key.proof 
691642     DEBUG main            d.u.i.k.p.i.AbstractProblemLoader Environment load took 80.5ns 
691644     INFO  main            d.u.i.k.p.i.AbstractProblemLoader Creating init config 
694488     DEBUG main            d.u.i.k.p.i.AbstractProblemLoader Init config took 2.84s 
694537     INFO  main            d.u.i.k.p.i.AbstractProblemLoader Replaying proof Counter[Counter::increase()].JML normal_behavior operation contract.0 
694732     DEBUG main            d.u.i.k.p.i.IntermediateProofReplayer Proof replay took 178.05ms 
694735     DEBUG main            d.u.i.k.p.r.p.TestFile    ... success: reloaded. 
694736     INFO  main            d.u.i.k.p.r.p.TestFile    Now processing file /home/runner/work/key/key/key.core/../key.ui/examples/heap/permissions/lockspec/Counter_fp_accessible.key 
694737     INFO  main            d.u.i.k.p.i.AbstractProblemLoader Loading environment from /home/runner/work/key/key/key.core/../key.ui/examples/heap/permissions/lockspec/Counter_fp_accessible.key 
694737     DEBUG main            d.u.i.k.p.i.AbstractProblemLoader Environment load took 177.5ns 
694738     INFO  main            d.u.i.k.p.i.AbstractProblemLoader Creating init config 
697667     DEBUG main            d.u.i.k.p.i.AbstractProblemLoader Init config took 2.93s 
697721     INFO  main            d.u.i.k.p.i.AbstractProblemLoader Replaying proof Counter[LockSpec::fp()].JML accessible clause.0 
697723     DEBUG main            d.u.i.k.p.i.IntermediateProofReplayer Proof replay took 4.2ns 
697824     INFO  main            d.u.i.k.p.r.p.TestFile    ... finished proof: closed. 
698463     INFO  main            d.u.i.k.p.i.AbstractProblemLoader Loading environment from /home/runner/work/key/key/key.core/../key.ui/examples/heap/permissions/lockspec/Counter_fp_accessible.key.proof 
698463     DEBUG main            d.u.i.k.p.i.AbstractProblemLoader Environment load took 74.2ns 
698463     INFO  main            d.u.i.k.p.i.AbstractProblemLoader Creating init config 
701406     DEBUG main            d.u.i.k.p.i.AbstractProblemLoader Init config took 2.94s 
701459     INFO  main            d.u.i.k.p.i.AbstractProblemLoader Replaying proof Counter[LockSpec::fp()].JML accessible clause.0 
701468     DEBUG main            d.u.i.k.p.i.IntermediateProofReplayer Proof replay took 7.14ms 
701469     DEBUG main            d.u.i.k.p.r.p.TestFile    ... success: reloaded. 
701470     INFO  main            d.u.i.k.p.r.p.TestFile    Now processing file /home/runner/work/key/key/key.core/../key.ui/examples/heap/permissions/lockspec/Counter_fpLock_accessible.key 
701470     INFO  main            d.u.i.k.p.i.AbstractProblemLoader Loading environment from /home/runner/work/key/key/key.core/../key.ui/examples/heap/permissions/lockspec/Counter_fpLock_accessible.key 
701470     DEBUG main            d.u.i.k.p.i.AbstractProblemLoader Environment load took 145.4ns 
701471     INFO  main            d.u.i.k.p.i.AbstractProblemLoader Creating init config 
704350     DEBUG main            d.u.i.k.p.i.AbstractProblemLoader Init config took 2.88s 
704416     INFO  main            d.u.i.k.p.i.AbstractProblemLoader Replaying proof Counter[LockSpec::fpLock()].JML accessible clause.0 
704418     DEBUG main            d.u.i.k.p.i.IntermediateProofReplayer Proof replay took 3.5ns 
704519     INFO  main            d.u.i.k.p.r.p.TestFile    ... finished proof: closed. 
705192     INFO  main            d.u.i.k.p.i.AbstractProblemLoader Loading environment from /home/runner/work/key/key/key.core/../key.ui/examples/heap/permissions/lockspec/Counter_fpLock_accessible.key.proof 
705192     DEBUG main            d.u.i.k.p.i.AbstractProblemLoader Environment load took 112ns 
705193     INFO  main            d.u.i.k.p.i.AbstractProblemLoader Creating init config 
708092     DEBUG main            d.u.i.k.p.i.AbstractProblemLoader Init config took 2.9s 
708150     INFO  main            d.u.i.k.p.i.AbstractProblemLoader Replaying proof Counter[LockSpec::fpLock()].JML accessible clause.0 
708158     DEBUG main            d.u.i.k.p.i.IntermediateProofReplayer Proof replay took 6.34ms 
708159     DEBUG main            d.u.i.k.p.r.p.TestFile    ... success: reloaded. 
708160     INFO  main            d.u.i.k.p.r.p.TestFile    Now processing file /home/runner/work/key/key/key.core/../key.ui/examples/heap/permissions/lockspec/Counter_fpPerm_accessible.key 
708160     INFO  main            d.u.i.k.p.i.AbstractProblemLoader Loading environment from /home/runner/work/key/key/key.core/../key.ui/examples/heap/permissions/lockspec/Counter_fpPerm_accessible.key 
708160     DEBUG main            d.u.i.k.p.i.AbstractProblemLoader Environment load took 152.8ns 
708161     INFO  main            d.u.i.k.p.i.AbstractProblemLoader Creating init config 
711079     DEBUG main            d.u.i.k.p.i.AbstractProblemLoader Init config took 2.92s 
711143     INFO  main            d.u.i.k.p.i.AbstractProblemLoader Replaying proof Counter[LockSpec::fpPerm()].JML accessible clause.0 
711147     DEBUG main            d.u.i.k.p.i.IntermediateProofReplayer Proof replay took 4.5ns 
711254     INFO  main            d.u.i.k.p.r.p.TestFile    ... finished proof: closed. 
711921     INFO  main            d.u.i.k.p.i.AbstractProblemLoader Loading environment from /home/runner/work/key/key/key.core/../key.ui/examples/heap/permissions/lockspec/Counter_fpPerm_accessible.key.proof 
711921     DEBUG main            d.u.i.k.p.i.AbstractProblemLoader Environment load took 91.2ns 
711922     INFO  main            d.u.i.k.p.i.AbstractProblemLoader Creating init config 
714697     DEBUG main            d.u.i.k.p.i.AbstractProblemLoader Init config took 2.78s 
714754     INFO  main            d.u.i.k.p.i.AbstractProblemLoader Replaying proof Counter[LockSpec::fpPerm()].JML accessible clause.0 
714763     DEBUG main            d.u.i.k.p.i.IntermediateProofReplayer Proof replay took 6.33ms 
714773     DEBUG main            d.u.i.k.p.r.p.TestFile    ... success: reloaded. 
714774     INFO  main            d.u.i.k.p.r.p.TestFile    Now processing file /home/runner/work/key/key/key.core/../key.ui/examples/heap/permissions/lockspec/Counter_inv_accessible1.key 
714774     INFO  main            d.u.i.k.p.i.AbstractProblemLoader Loading environment from /home/runner/work/key/key/key.core/../key.ui/examples/heap/permissions/lockspec/Counter_inv_accessible1.key 
714774     DEBUG main            d.u.i.k.p.i.AbstractProblemLoader Environment load took 160ns 
714775     INFO  main            d.u.i.k.p.i.AbstractProblemLoader Creating init config 
717878     DEBUG main            d.u.i.k.p.i.AbstractProblemLoader Init config took 3.1s 
717924     INFO  main            d.u.i.k.p.i.AbstractProblemLoader Replaying proof Counter[java.lang.Object::<inv>()].JML accessible clause.0 
717926     DEBUG main            d.u.i.k.p.i.IntermediateProofReplayer Proof replay took 3.7ns 
718027     INFO  main            d.u.i.k.p.r.p.TestFile    ... finished proof: closed. 
718703     INFO  main            d.u.i.k.p.i.AbstractProblemLoader Loading environment from /home/runner/work/key/key/key.core/../key.ui/examples/heap/permissions/lockspec/Counter_inv_accessible1.key.proof 
718703     DEBUG main            d.u.i.k.p.i.AbstractProblemLoader Environment load took 65.1ns 
718704     INFO  main            d.u.i.k.p.i.AbstractProblemLoader Creating init config 
721584     DEBUG main            d.u.i.k.p.i.AbstractProblemLoader Init config took 2.88s 
721645     INFO  main            d.u.i.k.p.i.AbstractProblemLoader Replaying proof Counter[java.lang.Object::<inv>()].JML accessible clause.0 
721658     DEBUG main            d.u.i.k.p.i.IntermediateProofReplayer Proof replay took 11.02ms 
721658     DEBUG main            d.u.i.k.p.r.p.TestFile    ... success: reloaded. 
721659     INFO  main            d.u.i.k.p.r.p.TestFile    Now processing file /home/runner/work/key/key/key.core/../key.ui/examples/heap/permissions/lockspec/Counter_inv_accessible2.key 
721659     INFO  main            d.u.i.k.p.i.AbstractProblemLoader Loading environment from /home/runner/work/key/key/key.core/../key.ui/examples/heap/permissions/lockspec/Counter_inv_accessible2.key 
721660     DEBUG main            d.u.i.k.p.i.AbstractProblemLoader Environment load took 101.1ns 
721661     INFO  main            d.u.i.k.p.i.AbstractProblemLoader Creating init config 
724533     DEBUG main            d.u.i.k.p.i.AbstractProblemLoader Init config took 2.87s 
724582     INFO  main            d.u.i.k.p.i.AbstractProblemLoader Replaying proof Counter[java.lang.Object::<inv>()].JML accessible clause.1 
724583     DEBUG main            d.u.i.k.p.i.IntermediateProofReplayer Proof replay took 3.7ns 
724689     INFO  main            d.u.i.k.p.r.p.TestFile    ... finished proof: closed. 
725439     INFO  main            d.u.i.k.p.i.AbstractProblemLoader Loading environment from /home/runner/work/key/key/key.core/../key.ui/examples/heap/permissions/lockspec/Counter_inv_accessible2.key.proof 
725439     DEBUG main            d.u.i.k.p.i.AbstractProblemLoader Environment load took 69.2ns 
725440     INFO  main            d.u.i.k.p.i.AbstractProblemLoader Creating init config 
728424     DEBUG main            d.u.i.k.p.i.AbstractProblemLoader Init config took 2.98s 
728477     INFO  main            d.u.i.k.p.i.AbstractProblemLoader Replaying proof Counter[java.lang.Object::<inv>()].JML accessible clause.1 
728488     DEBUG main            d.u.i.k.p.i.IntermediateProofReplayer Proof replay took 9.06ms 
728488     DEBUG main            d.u.i.k.p.r.p.TestFile    ... success: reloaded. 
728489     INFO  main            d.u.i.k.p.r.p.TestFile    Now processing file /home/runner/work/key/key/key.core/../key.ui/examples/heap/permissions/lockspec/Counter_lockRef_accessible.key 
728489     INFO  main            d.u.i.k.p.i.AbstractProblemLoader Loading environment from /home/runner/work/key/key/key.core/../key.ui/examples/heap/permissions/lockspec/Counter_lockRef_accessible.key 
728489     DEBUG main            d.u.i.k.p.i.AbstractProblemLoader Environment load took 150.9ns 
728490     INFO  main            d.u.i.k.p.i.AbstractProblemLoader Creating init config 
731411     DEBUG main            d.u.i.k.p.i.AbstractProblemLoader Init config took 2.92s 
731458     INFO  main            d.u.i.k.p.i.AbstractProblemLoader Replaying proof Counter[LockSpec::lockRef()].JML accessible clause.0 
731459     DEBUG main            d.u.i.k.p.i.IntermediateProofReplayer Proof replay took 4ns 
731661     INFO  main            d.u.i.k.p.r.p.TestFile    ... finished proof: closed. 
732367     INFO  main            d.u.i.k.p.i.AbstractProblemLoader Loading environment from /home/runner/work/key/key/key.core/../key.ui/examples/heap/permissions/lockspec/Counter_lockRef_accessible.key.proof 
732367     DEBUG main            d.u.i.k.p.i.AbstractProblemLoader Environment load took 74.9ns 
732367     INFO  main            d.u.i.k.p.i.AbstractProblemLoader Creating init config 
735187     DEBUG main            d.u.i.k.p.i.AbstractProblemLoader Init config took 2.82s 
735242     INFO  main            d.u.i.k.p.i.AbstractProblemLoader Replaying proof Counter[LockSpec::lockRef()].JML accessible clause.0 
735269     DEBUG main            d.u.i.k.p.i.IntermediateProofReplayer Proof replay took 24.67ms 
735270     DEBUG main            d.u.i.k.p.r.p.TestFile    ... success: reloaded. 
735271     INFO  main            d.u.i.k.p.r.p.TestFile    Now processing file /home/runner/work/key/key/key.core/../key.ui/examples/heap/permissions/lockspec/Counter_lockRef_contract1.key 
735272     INFO  main            d.u.i.k.p.i.AbstractProblemLoader Loading environment from /home/runner/work/key/key/key.core/../key.ui/examples/heap/permissions/lockspec/Counter_lockRef_contract1.key 
735272     DEBUG main            d.u.i.k.p.i.AbstractProblemLoader Environment load took 180.4ns 
735273     INFO  main            d.u.i.k.p.i.AbstractProblemLoader Creating init config 
738152     DEBUG main            d.u.i.k.p.i.AbstractProblemLoader Init config took 2.88s 
738200     INFO  main            d.u.i.k.p.i.AbstractProblemLoader Replaying proof Counter[LockSpec::lockRef()].JML model_behavior operation contract.0 
738202     DEBUG main            d.u.i.k.p.i.IntermediateProofReplayer Proof replay took 3.7ns 
738303     INFO  main            d.u.i.k.p.r.p.TestFile    ... finished proof: closed. 
739002     INFO  main            d.u.i.k.p.i.AbstractProblemLoader Loading environment from /home/runner/work/key/key/key.core/../key.ui/examples/heap/permissions/lockspec/Counter_lockRef_contract1.key.proof 
739002     DEBUG main            d.u.i.k.p.i.AbstractProblemLoader Environment load took 69.2ns 
739003     INFO  main            d.u.i.k.p.i.AbstractProblemLoader Creating init config 
741867     DEBUG main            d.u.i.k.p.i.AbstractProblemLoader Init config took 2.86s 
741923     INFO  main            d.u.i.k.p.i.AbstractProblemLoader Replaying proof Counter[LockSpec::lockRef()].JML model_behavior operation contract.0 
741931     DEBUG main            d.u.i.k.p.i.IntermediateProofReplayer Proof replay took 5.19ms 
741931     DEBUG main            d.u.i.k.p.r.p.TestFile    ... success: reloaded. 
741932     INFO  main            d.u.i.k.p.r.p.TestFile    Now processing file /home/runner/work/key/key/key.core/../key.ui/examples/heap/permissions/lockspec/Counter_lockRef_contract2.key 
741933     INFO  main            d.u.i.k.p.i.AbstractProblemLoader Loading environment from /home/runner/work/key/key/key.core/../key.ui/examples/heap/permissions/lockspec/Counter_lockRef_contract2.key 
741933     DEBUG main            d.u.i.k.p.i.AbstractProblemLoader Environment load took 153.1ns 
741934     INFO  main            d.u.i.k.p.i.AbstractProblemLoader Creating init config 
745118     DEBUG main            d.u.i.k.p.i.AbstractProblemLoader Init config took 3.18s 
745186     INFO  main            d.u.i.k.p.i.AbstractProblemLoader Replaying proof Counter[Counter::lockRef()].JML model_behavior operation contract.0 
745189     DEBUG main            d.u.i.k.p.i.IntermediateProofReplayer Proof replay took 3.4ns 
745291     INFO  main            d.u.i.k.p.r.p.TestFile    ... finished proof: closed. 
746076     INFO  main            d.u.i.k.p.i.AbstractProblemLoader Loading environment from /home/runner/work/key/key/key.core/../key.ui/examples/heap/permissions/lockspec/Counter_lockRef_contract2.key.proof 
746076     DEBUG main            d.u.i.k.p.i.AbstractProblemLoader Environment load took 71.9ns 
746077     INFO  main            d.u.i.k.p.i.AbstractProblemLoader Creating init config 
748994     DEBUG main            d.u.i.k.p.i.AbstractProblemLoader Init config took 2.92s 
749112     INFO  main            d.u.i.k.p.i.AbstractProblemLoader Replaying proof Counter[Counter::lockRef()].JML model_behavior operation contract.0 
749124     DEBUG main            d.u.i.k.p.i.IntermediateProofReplayer Proof replay took 11.24ms 
749125     DEBUG main            d.u.i.k.p.r.p.TestFile    ... success: reloaded. 
749126     INFO  main            d.u.i.k.p.r.p.TestFile    Now processing file /home/runner/work/key/key/key.core/../key.ui/examples/heap/permissions/lockspec/Counter_lockState_accessible.key 
749126     INFO  main            d.u.i.k.p.i.AbstractProblemLoader Loading environment from /home/runner/work/key/key/key.core/../key.ui/examples/heap/permissions/lockspec/Counter_lockState_accessible.key 
749126     DEBUG main            d.u.i.k.p.i.AbstractProblemLoader Environment load took 55.5ns 
749127     INFO  main            d.u.i.k.p.i.AbstractProblemLoader Creating init config 
752125     DEBUG main            d.u.i.k.p.i.AbstractProblemLoader Init config took 3s 
752171     INFO  main            d.u.i.k.p.i.AbstractProblemLoader Replaying proof Counter[LockSpec::lockState(boolean)].JML accessible clause.0 
752172     DEBUG main            d.u.i.k.p.i.IntermediateProofReplayer Proof replay took 4.1ns 
752374     INFO  main            d.u.i.k.p.r.p.TestFile    ... finished proof: closed. 
753098     INFO  main            d.u.i.k.p.i.AbstractProblemLoader Loading environment from /home/runner/work/key/key/key.core/../key.ui/examples/heap/permissions/lockspec/Counter_lockState_accessible.key.proof 
753098     DEBUG main            d.u.i.k.p.i.AbstractProblemLoader Environment load took 71.6ns 
753098     INFO  main            d.u.i.k.p.i.AbstractProblemLoader Creating init config 
756050     DEBUG main            d.u.i.k.p.i.AbstractProblemLoader Init config took 2.95s 
756113     INFO  main            d.u.i.k.p.i.AbstractProblemLoader Replaying proof Counter[LockSpec::lockState(boolean)].JML accessible clause.0 
756173     DEBUG main            d.u.i.k.p.i.IntermediateProofReplayer Proof replay took 51.23ms 
756174     DEBUG main            d.u.i.k.p.r.p.TestFile    ... success: reloaded. 
756175     INFO  main            d.u.i.k.p.r.p.TestFile    Now processing file /home/runner/work/key/key/key.core/../key.ui/examples/heap/permissions/lockspec/Counter_lockStatus_accessible.key 
756177     INFO  main            d.u.i.k.p.i.AbstractProblemLoader Loading environment from /home/runner/work/key/key/key.core/../key.ui/examples/heap/permissions/lockspec/Counter_lockStatus_accessible.key 
756178     DEBUG main            d.u.i.k.p.i.AbstractProblemLoader Environment load took 228.9ns 
756179     INFO  main            d.u.i.k.p.i.AbstractProblemLoader Creating init config 
759186     DEBUG main            d.u.i.k.p.i.AbstractProblemLoader Init config took 3.01s 
759238     INFO  main            d.u.i.k.p.i.AbstractProblemLoader Replaying proof Counter[LockSpec::lockStatus(boolean)].JML accessible clause.0 
759241     DEBUG main            d.u.i.k.p.i.IntermediateProofReplayer Proof replay took 3.8ns 
759342     INFO  main            d.u.i.k.p.r.p.TestFile    ... finished proof: closed. 
760066     INFO  main            d.u.i.k.p.i.AbstractProblemLoader Loading environment from /home/runner/work/key/key/key.core/../key.ui/examples/heap/permissions/lockspec/Counter_lockStatus_accessible.key.proof 
760066     DEBUG main            d.u.i.k.p.i.AbstractProblemLoader Environment load took 72.4ns 
760066     INFO  main            d.u.i.k.p.i.AbstractProblemLoader Creating init config 
762946     DEBUG main            d.u.i.k.p.i.AbstractProblemLoader Init config took 2.88s 
763000     INFO  main            d.u.i.k.p.i.AbstractProblemLoader Replaying proof Counter[LockSpec::lockStatus(boolean)].JML accessible clause.0 
763020     DEBUG main            d.u.i.k.p.i.IntermediateProofReplayer Proof replay took 17.31ms 
763021     DEBUG main            d.u.i.k.p.r.p.TestFile    ... success: reloaded. 
763021     INFO  main            d.u.i.k.p.r.p.TestFile    Now processing file /home/runner/work/key/key/key.core/../key.ui/examples/heap/permissions/lockspec/Counter_lockTransfer_accessible.key 
763022     INFO  main            d.u.i.k.p.i.AbstractProblemLoader Loading environment from /home/runner/work/key/key/key.core/../key.ui/examples/heap/permissions/lockspec/Counter_lockTransfer_accessible.key 
763022     DEBUG main            d.u.i.k.p.i.AbstractProblemLoader Environment load took 157.6ns 
763023     INFO  main            d.u.i.k.p.i.AbstractProblemLoader Creating init config 
765991     DEBUG main            d.u.i.k.p.i.AbstractProblemLoader Init config took 2.97s 
766040     INFO  main            d.u.i.k.p.i.AbstractProblemLoader Replaying proof Counter[LockSpec::lockTransfer()].JML accessible clause.0 
766041     DEBUG main            d.u.i.k.p.i.IntermediateProofReplayer Proof replay took 3.5ns 
766344     INFO  main            d.u.i.k.p.r.p.TestFile    ... finished proof: closed. 
767065     INFO  main            d.u.i.k.p.i.AbstractProblemLoader Loading environment from /home/runner/work/key/key/key.core/../key.ui/examples/heap/permissions/lockspec/Counter_lockTransfer_accessible.key.proof 
767066     DEBUG main            d.u.i.k.p.i.AbstractProblemLoader Environment load took 93.9ns 
767067     INFO  main            d.u.i.k.p.i.AbstractProblemLoader Creating init config 
769960     DEBUG main            d.u.i.k.p.i.AbstractProblemLoader Init config took 2.89s 
770018     INFO  main            d.u.i.k.p.i.AbstractProblemLoader Replaying proof Counter[LockSpec::lockTransfer()].JML accessible clause.0 
770084     DEBUG main            d.u.i.k.p.i.IntermediateProofReplayer Proof replay took 61.34ms 
770084     DEBUG main            d.u.i.k.p.r.p.TestFile    ... success: reloaded. 
770085     INFO  main            d.u.i.k.p.r.p.TestFile    Now processing file /home/runner/work/key/key/key.core/../key.ui/examples/heap/permissions/lockspec/Counter_unlockTransfer_accessible.key 
770086     INFO  main            d.u.i.k.p.i.AbstractProblemLoader Loading environment from /home/runner/work/key/key/key.core/../key.ui/examples/heap/permissions/lockspec/Counter_unlockTransfer_accessible.key 
770086     DEBUG main            d.u.i.k.p.i.AbstractProblemLoader Environment load took 90.1ns 
770087     INFO  main            d.u.i.k.p.i.AbstractProblemLoader Creating init config 
773159     DEBUG main            d.u.i.k.p.i.AbstractProblemLoader Init config took 3.07s 
773206     INFO  main            d.u.i.k.p.i.AbstractProblemLoader Replaying proof Counter[LockSpec::unlockTransfer()].JML accessible clause.0 
773208     DEBUG main            d.u.i.k.p.i.IntermediateProofReplayer Proof replay took 4.7ns 
773512     INFO  main            d.u.i.k.p.r.p.TestFile    ... finished proof: closed. 
774240     INFO  main            d.u.i.k.p.i.AbstractProblemLoader Loading environment from /home/runner/work/key/key/key.core/../key.ui/examples/heap/permissions/lockspec/Counter_unlockTransfer_accessible.key.proof 
774240     DEBUG main            d.u.i.k.p.i.AbstractProblemLoader Environment load took 67.4ns 
774241     INFO  main            d.u.i.k.p.i.AbstractProblemLoader Creating init config 
777049     DEBUG main            d.u.i.k.p.i.AbstractProblemLoader Init config took 2.81s 
777104     INFO  main            d.u.i.k.p.i.AbstractProblemLoader Replaying proof Counter[LockSpec::unlockTransfer()].JML accessible clause.0 
777166     DEBUG main            d.u.i.k.p.i.IntermediateProofReplayer Proof replay took 55.7ms 
777167     DEBUG main            d.u.i.k.p.r.p.TestFile    ... success: reloaded. 
777168     INFO  main            d.u.i.k.p.r.p.TestFile    Now processing file /home/runner/work/key/key/key.core/../key.ui/examples/heap/permissions/threads/Plotter_startTransfer_contract.proof 
777168     INFO  main            d.u.i.k.p.i.AbstractProblemLoader Loading environment from /home/runner/work/key/key/key.core/../key.ui/examples/heap/permissions/threads/Plotter_startTransfer_contract.proof 
777169     DEBUG main            d.u.i.k.p.i.AbstractProblemLoader Environment load took 156ns 
777170     INFO  main            d.u.i.k.p.i.AbstractProblemLoader Creating init config 
781726     DEBUG main            d.u.i.k.p.i.AbstractProblemLoader Init config took 4.56s 
781817     INFO  main            d.u.i.k.p.i.AbstractProblemLoader Replaying proof Plotter[ThreadSpec2::startTransfer()].JML model_behavior operation contract.0 
781901     DEBUG main            d.u.i.k.p.i.IntermediateProofReplayer Proof replay took 77.26ms 
781902     INFO  main            d.u.i.k.p.r.p.TestFile    ... success: loaded 
781903     INFO  main            d.u.i.k.p.r.p.TestFile    Now processing file /home/runner/work/key/key/key.core/../key.ui/examples/heap/permissions/threads/Plotter_startTransfer_accessible.proof 
781903     INFO  main            d.u.i.k.p.i.AbstractProblemLoader Loading environment from /home/runner/work/key/key/key.core/../key.ui/examples/heap/permissions/threads/Plotter_startTransfer_accessible.proof 
781903     DEBUG main            d.u.i.k.p.i.AbstractProblemLoader Environment load took 175.5ns 
781904     INFO  main            d.u.i.k.p.i.AbstractProblemLoader Creating init config 
786306     DEBUG main            d.u.i.k.p.i.AbstractProblemLoader Init config took 4.4s 
786412     INFO  main            d.u.i.k.p.i.AbstractProblemLoader Replaying proof Plotter[ThreadSpec2::startTransfer()].JML accessible clause.0 
786485     DEBUG main            d.u.i.k.p.i.IntermediateProofReplayer Proof replay took 68.74ms 
786486     INFO  main            d.u.i.k.p.r.p.TestFile    ... success: loaded 
786487     INFO  main            d.u.i.k.p.r.p.TestFile    Now processing file /home/runner/work/key/key/key.core/../key.ui/examples/heap/permissions/threads/Plotter_joinTransfer_accessible.proof 
786487     INFO  main            d.u.i.k.p.i.AbstractProblemLoader Loading environment from /home/runner/work/key/key/key.core/../key.ui/examples/heap/permissions/threads/Plotter_joinTransfer_accessible.proof 
786487     DEBUG main            d.u.i.k.p.i.AbstractProblemLoader Environment load took 145.6ns 
786488     INFO  main            d.u.i.k.p.i.AbstractProblemLoader Creating init config 
790922     DEBUG main            d.u.i.k.p.i.AbstractProblemLoader Init config took 4.43s 
790995     INFO  main            d.u.i.k.p.i.AbstractProblemLoader Replaying proof Plotter[ThreadSpec2::joinTransfer()].JML accessible clause.0 
791001     WARN  main            d.u.i.k.p.i.IntermediateProofReplayer Proof contains wrong number of \assumes instatiations for Definition_axiom_for_stateInv_in_Plotter 
791003     WARN  main            d.u.i.k.p.i.IntermediateProofReplayer Proof contains wrong number of \assumes instatiations for Definition_axiom_for_stateInv_in_Plotter 
791007     WARN  main            d.u.i.k.p.i.IntermediateProofReplayer Proof contains wrong number of \assumes instatiations for Definition_axiom_for_workingPermissions_in_Plotter 
791008     WARN  main            d.u.i.k.p.i.IntermediateProofReplayer Proof contains wrong number of \assumes instatiations for Definition_axiom_for_staticPermissions_in_Plotter 
791008     WARN  main            d.u.i.k.p.i.IntermediateProofReplayer Proof contains wrong number of \assumes instatiations for Definition_axiom_for_joinTransfer_in_Plotter 
791009     WARN  main            d.u.i.k.p.i.IntermediateProofReplayer Proof contains wrong number of \assumes instatiations for Definition_axiom_for_stateInv_in_BFilter 
791011     WARN  main            d.u.i.k.p.i.IntermediateProofReplayer Proof contains wrong number of \assumes instatiations for Definition_axiom_for_stateInv_in_AFilter 
791012     WARN  main            d.u.i.k.p.i.IntermediateProofReplayer Proof contains wrong number of \assumes instatiations for Definition_axiom_for_stateInv_in_BFilter 
791014     WARN  main            d.u.i.k.p.i.IntermediateProofReplayer Proof contains wrong number of \assumes instatiations for Definition_axiom_for_stateInv_in_AFilter 
791015     WARN  main            d.u.i.k.p.i.IntermediateProofReplayer Proof contains wrong number of \assumes instatiations for Definition_axiom_for_staticPermissions_in_AFilter 
791015     WARN  main            d.u.i.k.p.i.IntermediateProofReplayer Proof contains wrong number of \assumes instatiations for Definition_axiom_for_staticPermissions_in_Plotter 
791016     WARN  main            d.u.i.k.p.i.IntermediateProofReplayer Proof contains wrong number of \assumes instatiations for Definition_axiom_for_staticPermissions_in_BFilter 
791016     WARN  main            d.u.i.k.p.i.IntermediateProofReplayer Proof contains wrong number of \assumes instatiations for Definition_axiom_for_workingPermissions_in_Plotter 
791017     WARN  main            d.u.i.k.p.i.IntermediateProofReplayer Proof contains wrong number of \assumes instatiations for Definition_axiom_for_stateInv_in_Sampler 
791017     WARN  main            d.u.i.k.p.i.IntermediateProofReplayer Proof contains wrong number of \assumes instatiations for Definition_axiom_for_stateInv_in_Sampler 
791018     WARN  main            d.u.i.k.p.i.IntermediateProofReplayer Proof contains wrong number of \assumes instatiations for Definition_axiom_for_staticPermissions_in_Sampler 
791019     WARN  main            d.u.i.k.p.i.IntermediateProofReplayer Proof contains wrong number of \assumes instatiations for Definition_axiom_for_staticPermissions_in_BFilter 
791019     WARN  main            d.u.i.k.p.i.IntermediateProofReplayer Proof contains wrong number of \assumes instatiations for Definition_axiom_for_staticPermissions_in_AFilter 
791020     WARN  main            d.u.i.k.p.i.IntermediateProofReplayer Proof contains wrong number of \assumes instatiations for Definition_axiom_for_staticPermissions_in_Sampler 
791020     WARN  main            d.u.i.k.p.i.IntermediateProofReplayer Proof contains wrong number of \assumes instatiations for Definition_axiom_for_staticPermissions_in_Sampler 
791021     WARN  main            d.u.i.k.p.i.IntermediateProofReplayer Proof contains wrong number of \assumes instatiations for Definition_axiom_for_staticPermissions_in_Sampler 
791021     WARN  main            d.u.i.k.p.i.IntermediateProofReplayer Proof contains wrong number of \assumes instatiations for Definition_axiom_for_joinTransfer_in_Plotter 
791073     DEBUG main            d.u.i.k.p.i.IntermediateProofReplayer Proof replay took 74.08ms 
791074     INFO  main            d.u.i.k.p.r.p.TestFile    ... success: loaded 
4890691    INFO  Test worker     d.u.i.k.p.r.RunAllProofsTestUnit Returning from test permissionHeap 
4890694    INFO  Test worker     d.u.i.k.p.r.RunAllProofsTestUnit Running test completionScopes 
353        INFO  Timeout watchdog d.u.i.k.p.r.p.ForkedTestFileRunner Timeout watcher launched (2000 secs.) 
376        WARN  main            d.u.i.k.s.ProofSettings   The settings in /home/runner/.key/proof-settings.props are *not* read. 
424        INFO  main            d.u.i.k.p.r.p.TestFile    Now processing file /home/runner/work/key/key/key.core/../key.ui/examples/completionscopes/testCcatchReturnVal.key 
567        INFO  main            d.u.i.k.p.i.AbstractProblemLoader Loading environment from /home/runner/work/key/key/key.core/../key.ui/examples/completionscopes/testCcatchReturnVal.key 
594        DEBUG main            d.u.i.k.p.i.AbstractProblemLoader Environment load took 12.29ms 
866        INFO  main            d.u.i.k.p.i.AbstractProblemLoader Creating init config 
1909       DEBUG main            d.u.i.k.j.TypeConverter   No LDT found for Meta 
1910       DEBUG main            d.u.i.k.j.TypeConverter   No LDT found for Meta 
1913       DEBUG main            d.u.i.k.j.TypeConverter   No LDT found for Meta 
1913       DEBUG main            d.u.i.k.j.TypeConverter   No LDT found for Meta 
3304       DEBUG main            d.u.i.k.j.TypeConverter   No LDT found for JavaBigintExpression 
8328       DEBUG main            d.u.i.k.p.i.AbstractProblemLoader Init config took 7.46s 
8459       INFO  main            d.u.i.k.p.i.AbstractProblemLoader Replaying proof CompletionScopes[CompletionScopes::testCcatchReturnVal()].JML normal_behavior operation contract.0 
8494       DEBUG main            d.u.i.k.p.i.IntermediateProofReplayer Proof replay took 28.4ns 
8937       INFO  main            d.u.i.k.p.r.p.TestFile    ... finished proof: closed. 
9051       INFO  main            d.u.i.k.p.i.AbstractProblemLoader Loading environment from /home/runner/work/key/key/key.core/../key.ui/examples/completionscopes/testCcatchReturnVal.key.proof 
9051       DEBUG main            d.u.i.k.p.i.AbstractProblemLoader Environment load took 171.3ns 
9054       INFO  main            d.u.i.k.p.i.AbstractProblemLoader Creating init config 
11951      DEBUG main            d.u.i.k.p.i.AbstractProblemLoader Init config took 2.9s 
12024      INFO  main            d.u.i.k.p.i.AbstractProblemLoader Replaying proof CompletionScopes[CompletionScopes::testCcatchReturnVal()].JML normal_behavior operation contract.0 
12057      DEBUG main            d.u.i.k.p.i.IntermediateProofReplayer Proof replay took 26.9ms 
12063      DEBUG main            d.u.i.k.p.r.p.TestFile    ... success: reloaded. 
12065      INFO  main            d.u.i.k.p.r.p.TestFile    Now processing file /home/runner/work/key/key/key.core/../key.ui/examples/completionscopes/testMultCcatchClauses.key 
12065      INFO  main            d.u.i.k.p.i.AbstractProblemLoader Loading environment from /home/runner/work/key/key/key.core/../key.ui/examples/completionscopes/testMultCcatchClauses.key 
12066      DEBUG main            d.u.i.k.p.i.AbstractProblemLoader Environment load took 319.4ns 
12067      INFO  main            d.u.i.k.p.i.AbstractProblemLoader Creating init config 
14762      DEBUG main            d.u.i.k.p.i.AbstractProblemLoader Init config took 2.69s 
14820      INFO  main            d.u.i.k.p.i.AbstractProblemLoader Replaying proof CompletionScopes[CompletionScopes::testMultCcatchClauses()].JML normal_behavior operation contract.0 
14823      DEBUG main            d.u.i.k.p.i.IntermediateProofReplayer Proof replay took 5.6ns 
15328      INFO  main            d.u.i.k.p.r.p.TestFile    ... finished proof: closed. 
15490      INFO  main            d.u.i.k.p.i.AbstractProblemLoader Loading environment from /home/runner/work/key/key/key.core/../key.ui/examples/completionscopes/testMultCcatchClauses.key.proof 
15493      DEBUG main            d.u.i.k.p.i.AbstractProblemLoader Environment load took 2.21ms 
15495      INFO  main            d.u.i.k.p.i.AbstractProblemLoader Creating init config 
18099      DEBUG main            d.u.i.k.p.i.AbstractProblemLoader Init config took 2.6s 
18150      INFO  main            d.u.i.k.p.i.AbstractProblemLoader Replaying proof CompletionScopes[CompletionScopes::testMultCcatchClauses()].JML normal_behavior operation contract.0 
18234      DEBUG main            d.u.i.k.p.i.IntermediateProofReplayer Proof replay took 80.78ms 
18236      DEBUG main            d.u.i.k.p.r.p.TestFile    ... success: reloaded. 
18237      INFO  main            d.u.i.k.p.r.p.TestFile    Now processing file /home/runner/work/key/key/key.core/../key.ui/examples/completionscopes/testNestedExec.key 
18237      INFO  main            d.u.i.k.p.i.AbstractProblemLoader Loading environment from /home/runner/work/key/key/key.core/../key.ui/examples/completionscopes/testNestedExec.key 
18237      DEBUG main            d.u.i.k.p.i.AbstractProblemLoader Environment load took 208.8ns 
18239      INFO  main            d.u.i.k.p.i.AbstractProblemLoader Creating init config 
20890      DEBUG main            d.u.i.k.p.i.AbstractProblemLoader Init config took 2.65s 
20937      INFO  main            d.u.i.k.p.i.AbstractProblemLoader Replaying proof CompletionScopes[CompletionScopes::testMultCcatchClauses()].JML normal_behavior operation contract.0 
20940      DEBUG main            d.u.i.k.p.i.IntermediateProofReplayer Proof replay took 5.6ns 
21243      INFO  main            d.u.i.k.p.r.p.TestFile    ... finished proof: closed. 
21390      INFO  main            d.u.i.k.p.i.AbstractProblemLoader Loading environment from /home/runner/work/key/key/key.core/../key.ui/examples/completionscopes/testNestedExec.key.proof 
21390      DEBUG main            d.u.i.k.p.i.AbstractProblemLoader Environment load took 124ns 
21391      INFO  main            d.u.i.k.p.i.AbstractProblemLoader Creating init config 
23965      DEBUG main            d.u.i.k.p.i.AbstractProblemLoader Init config took 2.57s 
24013      INFO  main            d.u.i.k.p.i.AbstractProblemLoader Replaying proof CompletionScopes[CompletionScopes::testMultCcatchClauses()].JML normal_behavior operation contract.0 
24079      DEBUG main            d.u.i.k.p.i.IntermediateProofReplayer Proof replay took 62.75ms 
24080      DEBUG main            d.u.i.k.p.r.p.TestFile    ... success: reloaded. 
24081      INFO  main            d.u.i.k.p.r.p.TestFile    Now processing file /home/runner/work/key/key/key.core/../key.ui/examples/completionscopes/testCcatchBreakLabel.key 
24081      INFO  main            d.u.i.k.p.i.AbstractProblemLoader Loading environment from /home/runner/work/key/key/key.core/../key.ui/examples/completionscopes/testCcatchBreakLabel.key 
24081      DEBUG main            d.u.i.k.p.i.AbstractProblemLoader Environment load took 172.1ns 
24083      INFO  main            d.u.i.k.p.i.AbstractProblemLoader Creating init config 
26672      DEBUG main            d.u.i.k.p.i.AbstractProblemLoader Init config took 2.59s 
26725      INFO  main            d.u.i.k.p.i.AbstractProblemLoader Replaying proof CompletionScopes[CompletionScopes::testBreakLabel()].JML normal_behavior operation contract.0 
26728      DEBUG main            d.u.i.k.p.i.IntermediateProofReplayer Proof replay took 6.5ns 
26754      DEBUG Thread-10       d.u.i.k.l.o.ProgramSV     Match failed: Former match of  SchemaVariable incompatible with  the current match. 
26830      INFO  main            d.u.i.k.p.r.p.TestFile    ... finished proof: closed. 
26993      INFO  main            d.u.i.k.p.i.AbstractProblemLoader Loading environment from /home/runner/work/key/key/key.core/../key.ui/examples/completionscopes/testCcatchBreakLabel.key.proof 
26993      DEBUG main            d.u.i.k.p.i.AbstractProblemLoader Environment load took 130.4ns 
26997      INFO  main            d.u.i.k.p.i.AbstractProblemLoader Creating init config 
29509      DEBUG main            d.u.i.k.p.i.AbstractProblemLoader Init config took 2.51s 
29554      INFO  main            d.u.i.k.p.i.AbstractProblemLoader Replaying proof CompletionScopes[CompletionScopes::testBreakLabel()].JML normal_behavior operation contract.0 
29564      DEBUG main            d.u.i.k.p.i.IntermediateProofReplayer Proof replay took 7.55ms 
29565      DEBUG main            d.u.i.k.p.r.p.TestFile    ... success: reloaded. 
29566      INFO  main            d.u.i.k.p.r.p.TestFile    Now processing file /home/runner/work/key/key/key.core/../key.ui/examples/completionscopes/testCcatchContinueLabel.key 
29567      INFO  main            d.u.i.k.p.i.AbstractProblemLoader Loading environment from /home/runner/work/key/key/key.core/../key.ui/examples/completionscopes/testCcatchContinueLabel.key 
29567      DEBUG main            d.u.i.k.p.i.AbstractProblemLoader Environment load took 188.7ns 
29568      INFO  main            d.u.i.k.p.i.AbstractProblemLoader Creating init config 
32074      DEBUG main            d.u.i.k.p.i.AbstractProblemLoader Init config took 2.51s 
32117      INFO  main            d.u.i.k.p.i.AbstractProblemLoader Replaying proof CompletionScopes[CompletionScopes::testContinueLabel()].JML normal_behavior operation contract.0 
32119      DEBUG main            d.u.i.k.p.i.IntermediateProofReplayer Proof replay took 5.6ns 
32138      DEBUG Thread-13       d.u.i.k.l.o.ProgramSV     Match failed: Former match of  SchemaVariable incompatible with  the current match. 
32223      INFO  main            d.u.i.k.p.r.p.TestFile    ... finished proof: closed. 
32376      INFO  main            d.u.i.k.p.i.AbstractProblemLoader Loading environment from /home/runner/work/key/key/key.core/../key.ui/examples/completionscopes/testCcatchContinueLabel.key.proof 
32376      DEBUG main            d.u.i.k.p.i.AbstractProblemLoader Environment load took 169ns 
32378      INFO  main            d.u.i.k.p.i.AbstractProblemLoader Creating init config 
34934      DEBUG main            d.u.i.k.p.i.AbstractProblemLoader Init config took 2.56s 
34976      INFO  main            d.u.i.k.p.i.AbstractProblemLoader Replaying proof CompletionScopes[CompletionScopes::testContinueLabel()].JML normal_behavior operation contract.0 
34985      DEBUG main            d.u.i.k.p.i.IntermediateProofReplayer Proof replay took 6.75ms 
34986      DEBUG main            d.u.i.k.p.r.p.TestFile    ... success: reloaded. 
34987      INFO  main            d.u.i.k.p.r.p.TestFile    Now processing file /home/runner/work/key/key/key.core/../key.ui/examples/completionscopes/testCcatchBreakLabelWildcard.key 
34987      INFO  main            d.u.i.k.p.i.AbstractProblemLoader Loading environment from /home/runner/work/key/key/key.core/../key.ui/examples/completionscopes/testCcatchBreakLabelWildcard.key 
34987      DEBUG main            d.u.i.k.p.i.AbstractProblemLoader Environment load took 182.4ns 
34989      INFO  main            d.u.i.k.p.i.AbstractProblemLoader Creating init config 
37458      DEBUG main            d.u.i.k.p.i.AbstractProblemLoader Init config took 2.47s 
37505      INFO  main            d.u.i.k.p.i.AbstractProblemLoader Replaying proof CompletionScopes[CompletionScopes::testBreakLabelWildcard()].JML normal_behavior operation contract.0 
37507      DEBUG main            d.u.i.k.p.i.IntermediateProofReplayer Proof replay took 6.8ns 
37522      DEBUG Thread-16       d.u.i.k.l.o.ProgramSV     Match failed: Former match of  SchemaVariable incompatible with  the current match. 
37523      DEBUG Thread-16       d.u.i.k.l.o.ProgramSV     Match failed: Former match of  SchemaVariable incompatible with  the current match. 
37609      INFO  main            d.u.i.k.p.r.p.TestFile    ... finished proof: closed. 
37818      INFO  main            d.u.i.k.p.i.AbstractProblemLoader Loading environment from /home/runner/work/key/key/key.core/../key.ui/examples/completionscopes/testCcatchBreakLabelWildcard.key.proof 
37819      DEBUG main            d.u.i.k.p.i.AbstractProblemLoader Environment load took 134.8ns 
37820      INFO  main            d.u.i.k.p.i.AbstractProblemLoader Creating init config 
40311      DEBUG main            d.u.i.k.p.i.AbstractProblemLoader Init config took 2.49s 
40375      INFO  main            d.u.i.k.p.i.AbstractProblemLoader Replaying proof CompletionScopes[CompletionScopes::testBreakLabelWildcard()].JML normal_behavior operation contract.0 
40390      DEBUG main            d.u.i.k.p.i.IntermediateProofReplayer Proof replay took 9.84ms 
40391      DEBUG main            d.u.i.k.p.r.p.TestFile    ... success: reloaded. 
40392      INFO  main            d.u.i.k.p.r.p.TestFile    Now processing file /home/runner/work/key/key/key.core/../key.ui/examples/completionscopes/testCcatchContinueLabelWildcard.key 
40392      INFO  main            d.u.i.k.p.i.AbstractProblemLoader Loading environment from /home/runner/work/key/key/key.core/../key.ui/examples/completionscopes/testCcatchContinueLabelWildcard.key 
40392      DEBUG main            d.u.i.k.p.i.AbstractProblemLoader Environment load took 169ns 
40393      INFO  main            d.u.i.k.p.i.AbstractProblemLoader Creating init config 
42876      DEBUG main            d.u.i.k.p.i.AbstractProblemLoader Init config took 2.48s 
42946      INFO  main            d.u.i.k.p.i.AbstractProblemLoader Replaying proof CompletionScopes[CompletionScopes::testContinueLabelWildcard()].JML normal_behavior operation contract.0 
42948      DEBUG main            d.u.i.k.p.i.IntermediateProofReplayer Proof replay took 7.8ns 
42966      DEBUG Thread-19       d.u.i.k.l.o.ProgramSV     Match failed: Former match of  SchemaVariable incompatible with  the current match. 
42967      DEBUG Thread-19       d.u.i.k.l.o.ProgramSV     Match failed: Former match of  SchemaVariable incompatible with  the current match. 
43050      INFO  main            d.u.i.k.p.r.p.TestFile    ... finished proof: closed. 
43203      INFO  main            d.u.i.k.p.i.AbstractProblemLoader Loading environment from /home/runner/work/key/key/key.core/../key.ui/examples/completionscopes/testCcatchContinueLabelWildcard.key.proof 
43204      DEBUG main            d.u.i.k.p.i.AbstractProblemLoader Environment load took 125.7ns 
43205      INFO  main            d.u.i.k.p.i.AbstractProblemLoader Creating init config 
45685      DEBUG main            d.u.i.k.p.i.AbstractProblemLoader Init config took 2.48s 
45725      INFO  main            d.u.i.k.p.i.AbstractProblemLoader Replaying proof CompletionScopes[CompletionScopes::testContinueLabelWildcard()].JML normal_behavior operation contract.0 
45734      DEBUG main            d.u.i.k.p.i.IntermediateProofReplayer Proof replay took 7.3ms 
45735      DEBUG main            d.u.i.k.p.r.p.TestFile    ... success: reloaded. 
45736      INFO  main            d.u.i.k.p.r.p.TestFile    Now processing file /home/runner/work/key/key/key.core/../key.ui/examples/completionscopes/testCcatchBreakLabelNonmatchingNested.key 
45737      INFO  main            d.u.i.k.p.i.AbstractProblemLoader Loading environment from /home/runner/work/key/key/key.core/../key.ui/examples/completionscopes/testCcatchBreakLabelNonmatchingNested.key 
45737      DEBUG main            d.u.i.k.p.i.AbstractProblemLoader Environment load took 223.7ns 
45738      INFO  main            d.u.i.k.p.i.AbstractProblemLoader Creating init config 
48271      DEBUG main            d.u.i.k.p.i.AbstractProblemLoader Init config took 2.53s 
48319      INFO  main            d.u.i.k.p.i.AbstractProblemLoader Replaying proof CompletionScopes[CompletionScopes::testBreakLabelNonmatchingNested()].JML normal_behavior operation contract.0 
48321      DEBUG main            d.u.i.k.p.i.IntermediateProofReplayer Proof replay took 6ns 
48339      DEBUG Thread-22       d.u.i.k.l.o.ProgramSV     Match failed: Former match of  SchemaVariable incompatible with  the current match. 
48340      DEBUG Thread-22       d.u.i.k.l.o.ProgramSV     Match failed: Former match of  SchemaVariable incompatible with  the current match. 
48426      INFO  main            d.u.i.k.p.r.p.TestFile    ... finished proof: closed. 
48666      INFO  main            d.u.i.k.p.i.AbstractProblemLoader Loading environment from /home/runner/work/key/key/key.core/../key.ui/examples/completionscopes/testCcatchBreakLabelNonmatchingNested.key.proof 
48667      DEBUG main            d.u.i.k.p.i.AbstractProblemLoader Environment load took 124.1ns 
48668      INFO  main            d.u.i.k.p.i.AbstractProblemLoader Creating init config 
51112      DEBUG main            d.u.i.k.p.i.AbstractProblemLoader Init config took 2.44s 
51163      INFO  main            d.u.i.k.p.i.AbstractProblemLoader Replaying proof CompletionScopes[CompletionScopes::testBreakLabelNonmatchingNested()].JML normal_behavior operation contract.0 
51175      DEBUG main            d.u.i.k.p.i.IntermediateProofReplayer Proof replay took 9.32ms 
51176      DEBUG main            d.u.i.k.p.r.p.TestFile    ... success: reloaded. 
4942041    INFO  Test worker     d.u.i.k.p.r.RunAllProofsTestUnit Returning from test completionScopes 
4942043    INFO  Test worker     d.u.i.k.p.r.RunAllProofsTestUnit Running test reload_examples 
383        INFO  Timeout watchdog d.u.i.k.p.r.p.ForkedTestFileRunner Timeout watcher launched (2000 secs.) 
407        WARN  main            d.u.i.k.s.ProofSettings   The settings in /home/runner/.key/proof-settings.props are *not* read. 
434        INFO  main            d.u.i.k.p.r.p.TestFile    Now processing file /home/runner/work/key/key/key.core/../key.ui/examples/firstTouch/05-ReverseArray/reverseArray.key 
561        INFO  main            d.u.i.k.p.i.AbstractProblemLoader Loading environment from /home/runner/work/key/key/key.core/../key.ui/examples/firstTouch/05-ReverseArray/reverseArray.key 
585        DEBUG main            d.u.i.k.p.i.AbstractProblemLoader Environment load took 1.88ms 
805        INFO  main            d.u.i.k.p.i.AbstractProblemLoader Creating init config 
1739       DEBUG main            d.u.i.k.j.TypeConverter   No LDT found for Meta 
1740       DEBUG main            d.u.i.k.j.TypeConverter   No LDT found for Meta 
1743       DEBUG main            d.u.i.k.j.TypeConverter   No LDT found for Meta 
1743       DEBUG main            d.u.i.k.j.TypeConverter   No LDT found for Meta 
3286       DEBUG main            d.u.i.k.j.TypeConverter   No LDT found for JavaBigintExpression 
8161       DEBUG main            d.u.i.k.p.i.AbstractProblemLoader Init config took 7.36s 
8269       INFO  main            d.u.i.k.p.i.AbstractProblemLoader Replaying proof ReverseArray[ReverseArray::reverse()].JML normal_behavior operation contract.0 
8331       DEBUG main            d.u.i.k.p.i.IntermediateProofReplayer Proof replay took 30.7ns 
18787      INFO  main            d.u.i.k.p.r.p.TestFile    ... finished proof: closed. 
19093      INFO  main            d.u.i.k.p.i.AbstractProblemLoader Loading environment from /home/runner/work/key/key/key.core/../key.ui/examples/firstTouch/05-ReverseArray/reverseArray.key.proof 
19094      DEBUG main            d.u.i.k.p.i.AbstractProblemLoader Environment load took 187.9ns 
19097      INFO  main            d.u.i.k.p.i.AbstractProblemLoader Creating init config 
22002      DEBUG main            d.u.i.k.p.i.AbstractProblemLoader Init config took 2.9s 
22048      INFO  main            d.u.i.k.p.i.AbstractProblemLoader Replaying proof ReverseArray[ReverseArray::reverse()].JML normal_behavior operation contract.0 
22619      DEBUG main            d.u.i.k.p.i.IntermediateProofReplayer Proof replay took 509.48ms 
22630      DEBUG main            d.u.i.k.p.r.p.TestFile    ... success: reloaded. 
22634      INFO  main            d.u.i.k.p.r.p.TestFile    Now processing file /home/runner/work/key/key/key.core/../key.ui/examples/standard_key/arith/saveProofTest.key.proof 
22634      INFO  main            d.u.i.k.p.i.AbstractProblemLoader Loading environment from /home/runner/work/key/key/key.core/../key.ui/examples/standard_key/arith/saveProofTest.key.proof 
22634      DEBUG main            d.u.i.k.p.i.AbstractProblemLoader Environment load took 119.6ns 
22638      INFO  main            d.u.i.k.p.i.AbstractProblemLoader Creating init config 
25219      DEBUG main            d.u.i.k.p.i.AbstractProblemLoader Init config took 2.58s 
25253      INFO  main            d.u.i.k.p.i.AbstractProblemLoader Replaying proof saveProofTest.key.proof 
25261      DEBUG main            d.u.i.k.p.i.IntermediateProofReplayer Proof replay took 3.33ms 
25262      INFO  main            d.u.i.k.p.r.p.TestFile    ... success: loaded 
25264      INFO  main            d.u.i.k.p.r.p.TestFile    Now processing file /home/runner/work/key/key/key.core/../key.ui/examples/heap/permutedSum/perm.proof 
25264      INFO  main            d.u.i.k.p.i.AbstractProblemLoader Loading environment from /home/runner/work/key/key/key.core/../key.ui/examples/heap/permutedSum/perm.proof 
25264      DEBUG main            d.u.i.k.p.i.AbstractProblemLoader Environment load took 458.2ns 
25267      INFO  main            d.u.i.k.p.i.AbstractProblemLoader Creating init config 
27984      DEBUG main            d.u.i.k.p.i.AbstractProblemLoader Init config took 2.72s 
28049      INFO  main            d.u.i.k.p.i.AbstractProblemLoader Replaying proof Perm[Perm::foo()].JML normal_behavior operation contract.0 
28957      DEBUG main            d.u.i.k.p.i.IntermediateProofReplayer Proof replay took 867ms 
28960      INFO  main            d.u.i.k.p.r.p.TestFile    ... success: loaded 
28961      INFO  main            d.u.i.k.p.r.p.TestFile    Now processing file /home/runner/work/key/key/key.core/../key.ui/examples/firstTouch/05-ReverseArray/reverseArray.proof 
28962      INFO  main            d.u.i.k.p.i.AbstractProblemLoader Loading environment from /home/runner/work/key/key/key.core/../key.ui/examples/firstTouch/05-ReverseArray/reverseArray.proof 
28962      DEBUG main            d.u.i.k.p.i.AbstractProblemLoader Environment load took 255.5ns 
28965      INFO  main            d.u.i.k.p.i.AbstractProblemLoader Creating init config 
31698      DEBUG main            d.u.i.k.p.i.AbstractProblemLoader Init config took 2.73s 
31739      INFO  main            d.u.i.k.p.i.AbstractProblemLoader Replaying proof ReverseArray[ReverseArray::reverse()].JML normal_behavior operation contract.0 
32265      DEBUG main            d.u.i.k.p.i.IntermediateProofReplayer Proof replay took 492.2ms 
32268      INFO  main            d.u.i.k.p.r.p.TestFile    ... success: loaded 
32270      INFO  main            d.u.i.k.p.r.p.TestFile    Now processing file /home/runner/work/key/key/key.core/../key.ui/examples/heap/verifyThis15_1_RelaxedPrefix/relax.proof 
32270      INFO  main            d.u.i.k.p.i.AbstractProblemLoader Loading environment from /home/runner/work/key/key/key.core/../key.ui/examples/heap/verifyThis15_1_RelaxedPrefix/relax.proof 
32271      DEBUG main            d.u.i.k.p.i.AbstractProblemLoader Environment load took 201.7ns 
32273      INFO  main            d.u.i.k.p.i.AbstractProblemLoader Creating init config 
34838      DEBUG main            d.u.i.k.p.i.AbstractProblemLoader Init config took 2.57s 
34885      INFO  main            d.u.i.k.p.i.AbstractProblemLoader Replaying proof Relaxed[Relaxed::isRelaxedPrefix([I,[I)].JML operation contract.0 
35340      DEBUG main            d.u.i.k.p.i.IntermediateProofReplayer Proof replay took 437.37ms 
35342      INFO  main            d.u.i.k.p.r.p.TestFile    ... success: loaded 
35344      INFO  main            d.u.i.k.p.r.p.TestFile    Now processing file /home/runner/work/key/key/key.core/../key.ui/examples/heap/verifyThis15_3_DLL/doUndo.proof 
35345      INFO  main            d.u.i.k.p.i.AbstractProblemLoader Loading environment from /home/runner/work/key/key/key.core/../key.ui/examples/heap/verifyThis15_3_DLL/doUndo.proof 
35345      DEBUG main            d.u.i.k.p.i.AbstractProblemLoader Environment load took 175.1ns 
35349      INFO  main            d.u.i.k.p.i.AbstractProblemLoader Creating init config 
36264      DEBUG main            d.u.i.k.j.r.ClassPreparationMethodBuilder clPrepBuilder: Inner Class detected. Reject building class initialisation methods. 
38110      DEBUG main            d.u.i.k.p.i.AbstractProblemLoader Init config took 2.76s 
38189      INFO  main            d.u.i.k.p.i.AbstractProblemLoader Replaying proof DoubleLinkedList[DoubleLinkedList::doUndo(DoubleLinkedList.Node,int)].JML normal_behavior operation contract.0 
38775      DEBUG main            d.u.i.k.p.i.IntermediateProofReplayer Proof replay took 555.78ms 
38777      INFO  main            d.u.i.k.p.r.p.TestFile    ... success: loaded 
38778      INFO  main            d.u.i.k.p.r.p.TestFile    Now processing file /home/runner/work/key/key/key.core/../key.ui/examples/heap/verifyThis15_2_ParallelGcd/parallelGcd.proof 
38779      INFO  main            d.u.i.k.p.i.AbstractProblemLoader Loading environment from /home/runner/work/key/key/key.core/../key.ui/examples/heap/verifyThis15_2_ParallelGcd/parallelGcd.proof 
38779      DEBUG main            d.u.i.k.p.i.AbstractProblemLoader Environment load took 176ns 
38781      INFO  main            d.u.i.k.p.i.AbstractProblemLoader Creating init config 
41481      DEBUG main            d.u.i.k.p.i.AbstractProblemLoader Init config took 2.7s 
41531      INFO  main            d.u.i.k.p.i.AbstractProblemLoader Replaying proof ParallelGcd[ParallelGcd::parallelGcd(int,int,[Z)].JML behavior operation contract.0 
42023      DEBUG main            d.u.i.k.p.i.IntermediateProofReplayer Proof replay took 478.24ms 
42024      INFO  main            d.u.i.k.p.r.p.TestFile    ... success: loaded 
4984242    INFO  Test worker     d.u.i.k.p.r.RunAllProofsTestUnit Returning from test reload_examples 
4984243    INFO  Test worker     d.u.i.k.p.r.RunAllProofsTestUnit Running test proofLoadRepair 
331        INFO  Timeout watchdog d.u.i.k.p.r.p.ForkedTestFileRunner Timeout watcher launched (2000 secs.) 
351        WARN  main            d.u.i.k.s.ProofSettings   The settings in /home/runner/.key/proof-settings.props are *not* read. 
386        INFO  main            d.u.i.k.p.r.p.TestFile    Now processing file /home/runner/work/key/key/key.core/../key.ui/examples/proofLoadRepair/disjConj-manipulated.proof 
509        INFO  main            d.u.i.k.p.i.AbstractProblemLoader Loading environment from /home/runner/work/key/key/key.core/../key.ui/examples/proofLoadRepair/disjConj-manipulated.proof 
541        DEBUG main            d.u.i.k.p.i.AbstractProblemLoader Environment load took 2.18ms 
808        INFO  main            d.u.i.k.p.i.AbstractProblemLoader Creating init config 
1740       DEBUG main            d.u.i.k.j.TypeConverter   No LDT found for Meta 
1740       DEBUG main            d.u.i.k.j.TypeConverter   No LDT found for Meta 
1743       DEBUG main            d.u.i.k.j.TypeConverter   No LDT found for Meta 
1743       DEBUG main            d.u.i.k.j.TypeConverter   No LDT found for Meta 
3054       DEBUG main            d.u.i.k.j.TypeConverter   No LDT found for JavaBigintExpression 
7612       DEBUG main            d.u.i.k.p.i.AbstractProblemLoader Init config took 6.8s 
7676       INFO  main            d.u.i.k.p.i.AbstractProblemLoader Replaying proof disjConj-manipulated.proof 
7727       WARN  main            d.u.i.k.p.i.IntermediateProofReplayer Proof contains wrong number of \assumes instatiations for andLeft 
7728       WARN  main            d.u.i.k.p.i.IntermediateProofReplayer Proof contains wrong number of \assumes instatiations for replace_known_right 
7732       WARN  main            d.u.i.k.p.i.IntermediateProofReplayer Proof contains wrong number of \assumes instatiations for close 
7733       DEBUG main            d.u.i.k.p.i.IntermediateProofReplayer Proof replay took 16.21ms 
7737       INFO  main            d.u.i.k.p.r.p.TestFile    ... success: loaded 
7743       INFO  main            d.u.i.k.p.r.p.TestFile    Now processing file /home/runner/work/key/key/key.core/../key.ui/examples/proofLoadRepair/insufficient-manipulated.proof 
7743       INFO  main            d.u.i.k.p.i.AbstractProblemLoader Loading environment from /home/runner/work/key/key/key.core/../key.ui/examples/proofLoadRepair/insufficient-manipulated.proof 
7743       DEBUG main            d.u.i.k.p.i.AbstractProblemLoader Environment load took 246.2ns 
7747       INFO  main            d.u.i.k.p.i.AbstractProblemLoader Creating init config 
10398      DEBUG main            d.u.i.k.p.i.AbstractProblemLoader Init config took 2.65s 
10419      INFO  main            d.u.i.k.p.i.AbstractProblemLoader Replaying proof insufficient-manipulated.proof 
10437      WARN  main            d.u.i.k.p.i.IntermediateProofReplayer Proof contains wrong number of \assumes instatiations for applyEq 
10448      DEBUG main            d.u.i.k.p.i.IntermediateProofReplayer Proof replay took 12.35ms 
10451      INFO  main            d.u.i.k.p.r.p.TestFile    ... success: loading failed 
10452      INFO  main            d.u.i.k.p.r.p.TestFile    Now processing file /home/runner/work/key/key/key.core/../key.ui/examples/../../key.core/src/test/resources/testcase/issues/1716/incorrectPolarity.proof 
10453      INFO  main            d.u.i.k.p.i.AbstractProblemLoader Loading environment from /home/runner/work/key/key/key.core/../key.ui/examples/../../key.core/src/test/resources/testcase/issues/1716/incorrectPolarity.proof 
10453      DEBUG main            d.u.i.k.p.i.AbstractProblemLoader Environment load took 328.8ns 
10457      INFO  main            d.u.i.k.p.i.AbstractProblemLoader Creating init config 
13138      DEBUG main            d.u.i.k.p.i.AbstractProblemLoader Init config took 2.68s 
13166      INFO  main            d.u.i.k.p.i.AbstractProblemLoader Replaying proof incorrectPolarity.proof 
13171      DEBUG main            d.u.i.k.p.i.IntermediateProofReplayer Proof replay took 199.9ns 
13172      INFO  main            d.u.i.k.p.r.p.TestFile    ... success: loading failed 
13175      INFO  main            d.u.i.k.p.r.p.TestFile    Now processing file /home/runner/work/key/key/key.core/../key.ui/examples/../../key.core/src/test/resources/testcase/issues/1716/incorrectPolarity2.proof 
13176      INFO  main            d.u.i.k.p.i.AbstractProblemLoader Loading environment from /home/runner/work/key/key/key.core/../key.ui/examples/../../key.core/src/test/resources/testcase/issues/1716/incorrectPolarity2.proof 
13176      DEBUG main            d.u.i.k.p.i.AbstractProblemLoader Environment load took 779.51ns 
13178      INFO  main            d.u.i.k.p.i.AbstractProblemLoader Creating init config 
15593      DEBUG main            d.u.i.k.p.i.AbstractProblemLoader Init config took 2.42s 
15617      INFO  main            d.u.i.k.p.i.AbstractProblemLoader Replaying proof incorrectPolarity2.proof 
15620      DEBUG main            d.u.i.k.p.i.IntermediateProofReplayer Proof replay took 481.1ns 
15620      INFO  main            d.u.i.k.p.r.p.TestFile    ... success: loading failed 
15621      INFO  main            d.u.i.k.p.r.p.TestFile    Now processing file /home/runner/work/key/key/key.core/../key.ui/examples/../../key.core/src/test/resources/testcase/issues/1716/incorrectPolarity3.proof 
15622      INFO  main            d.u.i.k.p.i.AbstractProblemLoader Loading environment from /home/runner/work/key/key/key.core/../key.ui/examples/../../key.core/src/test/resources/testcase/issues/1716/incorrectPolarity3.proof 
15622      DEBUG main            d.u.i.k.p.i.AbstractProblemLoader Environment load took 184.1ns 
15623      INFO  main            d.u.i.k.p.i.AbstractProblemLoader Creating init config 
17991      DEBUG main            d.u.i.k.p.i.AbstractProblemLoader Init config took 2.37s 
18013      INFO  main            d.u.i.k.p.i.AbstractProblemLoader Replaying proof incorrectPolarity3.proof 
18015      DEBUG main            d.u.i.k.p.i.IntermediateProofReplayer Proof replay took 985.61ns 
18016      INFO  main            d.u.i.k.p.r.p.TestFile    ... success: loading failed 
5002442    INFO  Test worker     d.u.i.k.p.r.RunAllProofsTestUnit Returning from test proofLoadRepair 
5002443    INFO  Test worker     d.u.i.k.p.r.RunAllProofsTestUnit Running test switch 
363        INFO  Timeout watchdog d.u.i.k.p.r.p.ForkedTestFileRunner Timeout watcher launched (2000 secs.) 
373        WARN  main            d.u.i.k.s.ProofSettings   The settings in /home/runner/.key/proof-settings.props are *not* read. 
399        INFO  main            d.u.i.k.p.r.p.TestFile    Now processing file /home/runner/work/key/key/key.core/../key.ui/examples/standard_key/java_dl/switch/labeled_case.key 
506        INFO  main            d.u.i.k.p.i.AbstractProblemLoader Loading environment from /home/runner/work/key/key/key.core/../key.ui/examples/standard_key/java_dl/switch/labeled_case.key 
531        DEBUG main            d.u.i.k.p.i.AbstractProblemLoader Environment load took 1.66ms 
750        INFO  main            d.u.i.k.p.i.AbstractProblemLoader Creating init config 
1763       DEBUG main            d.u.i.k.j.TypeConverter   No LDT found for Meta 
1764       DEBUG main            d.u.i.k.j.TypeConverter   No LDT found for Meta 
1767       DEBUG main            d.u.i.k.j.TypeConverter   No LDT found for Meta 
1767       DEBUG main            d.u.i.k.j.TypeConverter   No LDT found for Meta 
3153       DEBUG main            d.u.i.k.j.TypeConverter   No LDT found for JavaBigintExpression 
7888       DEBUG main            d.u.i.k.p.i.AbstractProblemLoader Init config took 7.14s 
8051       INFO  main            d.u.i.k.p.i.AbstractProblemLoader Replaying proof LabeledCase[LabeledCase::m(int)].JML normal_behavior operation contract.0 
8092       DEBUG main            d.u.i.k.p.i.IntermediateProofReplayer Proof replay took 29.1ns 
8832       INFO  main            d.u.i.k.p.r.p.TestFile    ... finished proof: closed. 
8992       INFO  main            d.u.i.k.p.i.AbstractProblemLoader Loading environment from /home/runner/work/key/key/key.core/../key.ui/examples/standard_key/java_dl/switch/labeled_case.key.proof 
8993       DEBUG main            d.u.i.k.p.i.AbstractProblemLoader Environment load took 167.5ns 
8996       INFO  main            d.u.i.k.p.i.AbstractProblemLoader Creating init config 
11832      DEBUG main            d.u.i.k.p.i.AbstractProblemLoader Init config took 2.84s 
11919      INFO  main            d.u.i.k.p.i.AbstractProblemLoader Replaying proof LabeledCase[LabeledCase::m(int)].JML normal_behavior operation contract.0 
12027      DEBUG main            d.u.i.k.p.i.IntermediateProofReplayer Proof replay took 95.97ms 
12041      DEBUG main            d.u.i.k.p.r.p.TestFile    ... success: reloaded. 
12043      INFO  main            d.u.i.k.p.r.p.TestFile    Now processing file /home/runner/work/key/key/key.core/../key.ui/examples/standard_key/java_dl/switch/empty_switch.key 
12044      INFO  main            d.u.i.k.p.i.AbstractProblemLoader Loading environment from /home/runner/work/key/key/key.core/../key.ui/examples/standard_key/java_dl/switch/empty_switch.key 
12045      DEBUG main            d.u.i.k.p.i.AbstractProblemLoader Environment load took 1.3ms 
12048      INFO  main            d.u.i.k.p.i.AbstractProblemLoader Creating init config 
14632      DEBUG main            d.u.i.k.p.i.AbstractProblemLoader Init config took 2.58s 
14660      INFO  main            d.u.i.k.p.i.AbstractProblemLoader Replaying proof empty_switch.key 
14664      DEBUG main            d.u.i.k.p.i.IntermediateProofReplayer Proof replay took 89.8ns 
14767      INFO  main            d.u.i.k.p.r.p.TestFile    ... finished proof: closed. 
14933      INFO  main            d.u.i.k.p.i.AbstractProblemLoader Loading environment from /home/runner/work/key/key/key.core/../key.ui/examples/standard_key/java_dl/switch/empty_switch.key.proof 
14933      DEBUG main            d.u.i.k.p.i.AbstractProblemLoader Environment load took 146.4ns 
14934      INFO  main            d.u.i.k.p.i.AbstractProblemLoader Creating init config 
17500      DEBUG main            d.u.i.k.p.i.AbstractProblemLoader Init config took 2.57s 
17523      INFO  main            d.u.i.k.p.i.AbstractProblemLoader Replaying proof empty_switch.key.proof 
17527      DEBUG main            d.u.i.k.p.i.IntermediateProofReplayer Proof replay took 1.91ms 
17528      DEBUG main            d.u.i.k.p.r.p.TestFile    ... success: reloaded. 
17529      INFO  main            d.u.i.k.p.r.p.TestFile    Now processing file /home/runner/work/key/key/key.core/../key.ui/examples/standard_key/java_dl/switch/empty_switch_null.key 
17529      INFO  main            d.u.i.k.p.i.AbstractProblemLoader Loading environment from /home/runner/work/key/key/key.core/../key.ui/examples/standard_key/java_dl/switch/empty_switch_null.key 
17530      DEBUG main            d.u.i.k.p.i.AbstractProblemLoader Environment load took 236.7ns 
17531      INFO  main            d.u.i.k.p.i.AbstractProblemLoader Creating init config 
20016      DEBUG main            d.u.i.k.p.i.AbstractProblemLoader Init config took 2.48s 
20041      INFO  main            d.u.i.k.p.i.AbstractProblemLoader Replaying proof empty_switch_null.key 
20043      DEBUG main            d.u.i.k.p.i.IntermediateProofReplayer Proof replay took 5.8ns 
20247      INFO  main            d.u.i.k.p.r.p.TestFile    ... finished proof: closed. 
20382      INFO  main            d.u.i.k.p.i.AbstractProblemLoader Loading environment from /home/runner/work/key/key/key.core/../key.ui/examples/standard_key/java_dl/switch/empty_switch_null.key.proof 
20382      DEBUG main            d.u.i.k.p.i.AbstractProblemLoader Environment load took 371.5ns 
20384      INFO  main            d.u.i.k.p.i.AbstractProblemLoader Creating init config 
22831      DEBUG main            d.u.i.k.p.i.AbstractProblemLoader Init config took 2.45s 
22852      INFO  main            d.u.i.k.p.i.AbstractProblemLoader Replaying proof empty_switch_null.key.proof 
22890      DEBUG main            d.u.i.k.p.i.IntermediateProofReplayer Proof replay took 33.21ms 
22891      DEBUG main            d.u.i.k.p.r.p.TestFile    ... success: reloaded. 
22892      INFO  main            d.u.i.k.p.r.p.TestFile    Now processing file /home/runner/work/key/key/key.core/../key.ui/examples/standard_key/java_dl/switch/empty_switch_null_catch.key 
22892      INFO  main            d.u.i.k.p.i.AbstractProblemLoader Loading environment from /home/runner/work/key/key/key.core/../key.ui/examples/standard_key/java_dl/switch/empty_switch_null_catch.key 
22892      DEBUG main            d.u.i.k.p.i.AbstractProblemLoader Environment load took 179.5ns 
22893      INFO  main            d.u.i.k.p.i.AbstractProblemLoader Creating init config 
25352      DEBUG main            d.u.i.k.p.i.AbstractProblemLoader Init config took 2.46s 
25374      INFO  main            d.u.i.k.p.i.AbstractProblemLoader Replaying proof empty_switch_null_catch.key 
25376      DEBUG main            d.u.i.k.p.i.IntermediateProofReplayer Proof replay took 6ns 
25579      INFO  main            d.u.i.k.p.r.p.TestFile    ... finished proof: closed. 
25747      INFO  main            d.u.i.k.p.i.AbstractProblemLoader Loading environment from /home/runner/work/key/key/key.core/../key.ui/examples/standard_key/java_dl/switch/empty_switch_null_catch.key.proof 
25748      DEBUG main            d.u.i.k.p.i.AbstractProblemLoader Environment load took 417.6ns 
25749      INFO  main            d.u.i.k.p.i.AbstractProblemLoader Creating init config 
28147      DEBUG main            d.u.i.k.p.i.AbstractProblemLoader Init config took 2.4s 
28167      INFO  main            d.u.i.k.p.i.AbstractProblemLoader Replaying proof empty_switch_null_catch.key.proof 
28205      DEBUG main            d.u.i.k.p.i.IntermediateProofReplayer Proof replay took 35.07ms 
28206      DEBUG main            d.u.i.k.p.r.p.TestFile    ... success: reloaded. 
28207      INFO  main            d.u.i.k.p.r.p.TestFile    Now processing file /home/runner/work/key/key/key.core/../key.ui/examples/standard_key/java_dl/switch/empty_switch_array_out_of_bounds.key 
28207      INFO  main            d.u.i.k.p.i.AbstractProblemLoader Loading environment from /home/runner/work/key/key/key.core/../key.ui/examples/standard_key/java_dl/switch/empty_switch_array_out_of_bounds.key 
28207      DEBUG main            d.u.i.k.p.i.AbstractProblemLoader Environment load took 102.3ns 
28208      INFO  main            d.u.i.k.p.i.AbstractProblemLoader Creating init config 
30633      DEBUG main            d.u.i.k.p.i.AbstractProblemLoader Init config took 2.42s 
30656      INFO  main            d.u.i.k.p.i.AbstractProblemLoader Replaying proof empty_switch_array_out_of_bounds.key 
30659      DEBUG main            d.u.i.k.p.i.IntermediateProofReplayer Proof replay took 5.8ns 
30862      INFO  main            d.u.i.k.p.r.p.TestFile    ... finished proof: closed. 
31047      INFO  main            d.u.i.k.p.i.AbstractProblemLoader Loading environment from /home/runner/work/key/key/key.core/../key.ui/examples/standard_key/java_dl/switch/empty_switch_array_out_of_bounds.key.proof 
31047      DEBUG main            d.u.i.k.p.i.AbstractProblemLoader Environment load took 515.9ns 
31048      INFO  main            d.u.i.k.p.i.AbstractProblemLoader Creating init config 
33389      DEBUG main            d.u.i.k.p.i.AbstractProblemLoader Init config took 2.34s 
33410      INFO  main            d.u.i.k.p.i.AbstractProblemLoader Replaying proof empty_switch_array_out_of_bounds.key.proof 
33467      DEBUG main            d.u.i.k.p.i.IntermediateProofReplayer Proof replay took 53.88ms 
33470      DEBUG main            d.u.i.k.p.r.p.TestFile    ... success: reloaded. 
33471      INFO  main            d.u.i.k.p.r.p.TestFile    Now processing file /home/runner/work/key/key/key.core/../key.ui/examples/standard_key/java_dl/switch/empty_switch_array_out_of_bounds_catch.key 
33472      INFO  main            d.u.i.k.p.i.AbstractProblemLoader Loading environment from /home/runner/work/key/key/key.core/../key.ui/examples/standard_key/java_dl/switch/empty_switch_array_out_of_bounds_catch.key 
33472      DEBUG main            d.u.i.k.p.i.AbstractProblemLoader Environment load took 231.2ns 
33474      INFO  main            d.u.i.k.p.i.AbstractProblemLoader Creating init config 
35889      DEBUG main            d.u.i.k.p.i.AbstractProblemLoader Init config took 2.41s 
35911      INFO  main            d.u.i.k.p.i.AbstractProblemLoader Replaying proof empty_switch_array_out_of_bounds_catch.key 
35914      DEBUG main            d.u.i.k.p.i.IntermediateProofReplayer Proof replay took 6.4ns 
36117      INFO  main            d.u.i.k.p.r.p.TestFile    ... finished proof: closed. 
36298      INFO  main            d.u.i.k.p.i.AbstractProblemLoader Loading environment from /home/runner/work/key/key/key.core/../key.ui/examples/standard_key/java_dl/switch/empty_switch_array_out_of_bounds_catch.key.proof 
36298      DEBUG main            d.u.i.k.p.i.AbstractProblemLoader Environment load took 384.8ns 
36299      INFO  main            d.u.i.k.p.i.AbstractProblemLoader Creating init config 
38638      DEBUG main            d.u.i.k.p.i.AbstractProblemLoader Init config took 2.34s 
38660      INFO  main            d.u.i.k.p.i.AbstractProblemLoader Replaying proof empty_switch_array_out_of_bounds_catch.key.proof 
38700      DEBUG main            d.u.i.k.p.i.IntermediateProofReplayer Proof replay took 37.17ms 
38701      DEBUG main            d.u.i.k.p.r.p.TestFile    ... success: reloaded. 
38702      INFO  main            d.u.i.k.p.r.p.TestFile    Now processing file /home/runner/work/key/key/key.core/../key.ui/examples/standard_key/java_dl/switch/switch_in_switch.key 
38702      INFO  main            d.u.i.k.p.i.AbstractProblemLoader Loading environment from /home/runner/work/key/key/key.core/../key.ui/examples/standard_key/java_dl/switch/switch_in_switch.key 
38703      DEBUG main            d.u.i.k.p.i.AbstractProblemLoader Environment load took 279.1ns 
38704      INFO  main            d.u.i.k.p.i.AbstractProblemLoader Creating init config 
41146      DEBUG main            d.u.i.k.p.i.AbstractProblemLoader Init config took 2.44s 
41192      INFO  main            d.u.i.k.p.i.AbstractProblemLoader Replaying proof SwitchInSwitch[SwitchInSwitch::m(int)].JML normal_behavior operation contract.0 
41193      DEBUG main            d.u.i.k.p.i.IntermediateProofReplayer Proof replay took 6.4ns 
45557      INFO  main            d.u.i.k.p.r.p.TestFile    ... finished proof: closed. 
45807      INFO  main            d.u.i.k.p.i.AbstractProblemLoader Loading environment from /home/runner/work/key/key/key.core/../key.ui/examples/standard_key/java_dl/switch/switch_in_switch.key.proof 
45807      DEBUG main            d.u.i.k.p.i.AbstractProblemLoader Environment load took 363.6ns 
45811      INFO  main            d.u.i.k.p.i.AbstractProblemLoader Creating init config 
48246      DEBUG main            d.u.i.k.p.i.AbstractProblemLoader Init config took 2.44s 
48288      INFO  main            d.u.i.k.p.i.AbstractProblemLoader Replaying proof SwitchInSwitch[SwitchInSwitch::m(int)].JML normal_behavior operation contract.0 
48673      DEBUG main            d.u.i.k.p.i.IntermediateProofReplayer Proof replay took 362.76ms 
48675      DEBUG main            d.u.i.k.p.r.p.TestFile    ... success: reloaded. 
48676      INFO  main            d.u.i.k.p.r.p.TestFile    Now processing file /home/runner/work/key/key/key.core/../key.ui/examples/standard_key/java_dl/switch/while_and_switch.key 
48676      INFO  main            d.u.i.k.p.i.AbstractProblemLoader Loading environment from /home/runner/work/key/key/key.core/../key.ui/examples/standard_key/java_dl/switch/while_and_switch.key 
48676      DEBUG main            d.u.i.k.p.i.AbstractProblemLoader Environment load took 278.9ns 
48677      INFO  main            d.u.i.k.p.i.AbstractProblemLoader Creating init config 
51152      DEBUG main            d.u.i.k.p.i.AbstractProblemLoader Init config took 2.48s 
51196      INFO  main            d.u.i.k.p.i.AbstractProblemLoader Replaying proof WhileAndSwitch[WhileAndSwitch::m(int)].JML normal_behavior operation contract.0 
51198      DEBUG main            d.u.i.k.p.i.IntermediateProofReplayer Proof replay took 14.7ns 
51903      INFO  main            d.u.i.k.p.r.p.TestFile    ... finished proof: closed. 
52132      INFO  main            d.u.i.k.p.i.AbstractProblemLoader Loading environment from /home/runner/work/key/key/key.core/../key.ui/examples/standard_key/java_dl/switch/while_and_switch.key.proof 
52134      DEBUG main            d.u.i.k.p.i.AbstractProblemLoader Environment load took 1.72ms 
52135      INFO  main            d.u.i.k.p.i.AbstractProblemLoader Creating init config 
54572      DEBUG main            d.u.i.k.p.i.AbstractProblemLoader Init config took 2.44s 
54613      INFO  main            d.u.i.k.p.i.AbstractProblemLoader Replaying proof WhileAndSwitch[WhileAndSwitch::m(int)].JML normal_behavior operation contract.0 
54723      DEBUG main            d.u.i.k.p.i.IntermediateProofReplayer Proof replay took 104.43ms 
54725      DEBUG main            d.u.i.k.p.r.p.TestFile    ... success: reloaded. 
54726      INFO  main            d.u.i.k.p.r.p.TestFile    Now processing file /home/runner/work/key/key/key.core/../key.ui/examples/standard_key/java_dl/switch/large_switch.key 
54726      INFO  main            d.u.i.k.p.i.AbstractProblemLoader Loading environment from /home/runner/work/key/key/key.core/../key.ui/examples/standard_key/java_dl/switch/large_switch.key 
54726      DEBUG main            d.u.i.k.p.i.AbstractProblemLoader Environment load took 180.4ns 
54727      INFO  main            d.u.i.k.p.i.AbstractProblemLoader Creating init config 
57104      DEBUG main            d.u.i.k.p.i.AbstractProblemLoader Init config took 2.38s 
57154      INFO  main            d.u.i.k.p.i.AbstractProblemLoader Replaying proof LargeSwitch[LargeSwitch::m(int)].JML normal_behavior operation contract.0 
57156      DEBUG main            d.u.i.k.p.i.IntermediateProofReplayer Proof replay took 6.4ns 
58574      INFO  main            d.u.i.k.p.r.p.TestFile    ... finished proof: closed. 
58807      INFO  main            d.u.i.k.p.i.AbstractProblemLoader Loading environment from /home/runner/work/key/key/key.core/../key.ui/examples/standard_key/java_dl/switch/large_switch.key.proof 
58807      DEBUG main            d.u.i.k.p.i.AbstractProblemLoader Environment load took 374.2ns 
58809      INFO  main            d.u.i.k.p.i.AbstractProblemLoader Creating init config 
61239      DEBUG main            d.u.i.k.p.i.AbstractProblemLoader Init config took 2.43s 
61279      INFO  main            d.u.i.k.p.i.AbstractProblemLoader Replaying proof LargeSwitch[LargeSwitch::m(int)].JML normal_behavior operation contract.0 
61591      DEBUG main            d.u.i.k.p.i.IntermediateProofReplayer Proof replay took 299.41ms 
61593      DEBUG main            d.u.i.k.p.r.p.TestFile    ... success: reloaded. 
5064219    INFO  Test worker     d.u.i.k.p.r.RunAllProofsTestUnit Returning from test switch 
5064220    INFO  Test worker     d.u.i.k.p.r.RunAllProofsTestUnit Running test redux 
411        INFO  Timeout watchdog d.u.i.k.p.r.p.ForkedTestFileRunner Timeout watcher launched (2000 secs.) 
424        WARN  main            d.u.i.k.s.ProofSettings   The settings in /home/runner/.key/proof-settings.props are *not* read. 
465        INFO  main            d.u.i.k.p.r.p.TestFile    Now processing file /home/runner/work/key/key/key.core/../key.ui/examples/redux/arrays/Arrays.copyOf.key 
606        INFO  main            d.u.i.k.p.i.AbstractProblemLoader Loading environment from /home/runner/work/key/key/key.core/../key.ui/examples/redux/arrays/Arrays.copyOf.key 
622        DEBUG main            d.u.i.k.p.i.AbstractProblemLoader Environment load took 1.99ms 
872        INFO  main            d.u.i.k.p.i.AbstractProblemLoader Creating init config 
1985       DEBUG main            d.u.i.k.j.TypeConverter   No LDT found for Meta 
1986       DEBUG main            d.u.i.k.j.TypeConverter   No LDT found for Meta 
1989       DEBUG main            d.u.i.k.j.TypeConverter   No LDT found for Meta 
1989       DEBUG main            d.u.i.k.j.TypeConverter   No LDT found for Meta 
3528       DEBUG main            d.u.i.k.j.TypeConverter   No LDT found for JavaBigintExpression 
9484       DEBUG main            d.u.i.k.p.i.AbstractProblemLoader Init config took 8.61s 
9661       INFO  main            d.u.i.k.p.i.AbstractProblemLoader Replaying proof Arrays[Arrays::copyOf([I,int)].JML normal_behavior operation contract.0 
9698       DEBUG main            d.u.i.k.p.i.IntermediateProofReplayer Proof replay took 27.8ns 
15003      INFO  main            d.u.i.k.p.r.p.TestFile    ... finished proof: closed. 
15223      INFO  main            d.u.i.k.p.i.AbstractProblemLoader Loading environment from /home/runner/work/key/key/key.core/../key.ui/examples/redux/arrays/Arrays.copyOf.key.proof 
15223      DEBUG main            d.u.i.k.p.i.AbstractProblemLoader Environment load took 412.9ns 
15227      INFO  main            d.u.i.k.p.i.AbstractProblemLoader Creating init config 
18623      DEBUG main            d.u.i.k.p.i.AbstractProblemLoader Init config took 3.39s 
18702      INFO  main            d.u.i.k.p.i.AbstractProblemLoader Replaying proof Arrays[Arrays::copyOf([I,int)].JML normal_behavior operation contract.0 
19158      DEBUG main            d.u.i.k.p.i.IntermediateProofReplayer Proof replay took 436.74ms 
19167      DEBUG main            d.u.i.k.p.r.p.TestFile    ... success: reloaded. 
19168      INFO  main            d.u.i.k.p.r.p.TestFile    Now processing file /home/runner/work/key/key/key.core/../key.ui/examples/redux/arrays/Arrays.copyOf.float.key 
19168      INFO  main            d.u.i.k.p.i.AbstractProblemLoader Loading environment from /home/runner/work/key/key/key.core/../key.ui/examples/redux/arrays/Arrays.copyOf.float.key 
19168      DEBUG main            d.u.i.k.p.i.AbstractProblemLoader Environment load took 202.1ns 
19170      INFO  main            d.u.i.k.p.i.AbstractProblemLoader Creating init config 
22318      DEBUG main            d.u.i.k.p.i.AbstractProblemLoader Init config took 3.15s 
22369      INFO  main            d.u.i.k.p.i.AbstractProblemLoader Replaying proof Arrays[Arrays::copyOf([F,int)].JML normal_behavior operation contract.0 
22373      DEBUG main            d.u.i.k.p.i.IntermediateProofReplayer Proof replay took 6.4ns 
22415      DEBUG main            d.u.i.k.m.s.ProofScriptEngine [1] goal: 0, source line: 6, command: 'macro autopilot' 
26759      DEBUG main            d.u.i.k.m.s.ProofScriptEngine [2] goal: 17, source line: 7, command: 'smt solver=Z3' 
26851      INFO  main            d.u.i.k.m.s.SMTCommand    Finished run on goal 17 in 61ms, result is valid 
26852      DEBUG main            d.u.i.k.m.s.ProofScriptEngine [3] goal: 309, source line: 8, command: 'tryclose' 
28595      INFO  main            d.u.i.k.p.r.p.TestFile    ... finished proof: closed. 
28800      INFO  main            d.u.i.k.p.i.AbstractProblemLoader Loading environment from /home/runner/work/key/key/key.core/../key.ui/examples/redux/arrays/Arrays.copyOf.float.key.proof 
28801      DEBUG main            d.u.i.k.p.i.AbstractProblemLoader Environment load took 394.7ns 
28806      INFO  main            d.u.i.k.p.i.AbstractProblemLoader Creating init config 
31852      DEBUG main            d.u.i.k.p.i.AbstractProblemLoader Init config took 3.05s 
31901      INFO  main            d.u.i.k.p.i.AbstractProblemLoader Replaying proof Arrays[Arrays::copyOf([F,int)].JML normal_behavior operation contract.0 
31968      INFO  main            d.u.i.k.s.SMTFocusResults Analyzing unsat core: (L_6) 
32530      DEBUG main            d.u.i.k.p.i.IntermediateProofReplayer Proof replay took 612.12ms 
32532      DEBUG main            d.u.i.k.p.r.p.TestFile    ... success: reloaded. 
32535      INFO  main            d.u.i.k.p.r.p.TestFile    Now processing file /home/runner/work/key/key/key.core/../key.ui/examples/redux/arrays/Arrays.copyOfRange.key 
32535      INFO  main            d.u.i.k.p.i.AbstractProblemLoader Loading environment from /home/runner/work/key/key/key.core/../key.ui/examples/redux/arrays/Arrays.copyOfRange.key 
32535      DEBUG main            d.u.i.k.p.i.AbstractProblemLoader Environment load took 208.3ns 
32539      INFO  main            d.u.i.k.p.i.AbstractProblemLoader Creating init config 
35657      DEBUG main            d.u.i.k.p.i.AbstractProblemLoader Init config took 3.12s 
35705      INFO  main            d.u.i.k.p.i.AbstractProblemLoader Replaying proof Arrays[Arrays::copyOfRange([I,int,int)].JML normal_behavior operation contract.0 
35707      DEBUG main            d.u.i.k.p.i.IntermediateProofReplayer Proof replay took 5.5ns 
40055      INFO  main            d.u.i.k.p.r.p.TestFile    ... finished proof: closed. 
40317      INFO  main            d.u.i.k.p.i.AbstractProblemLoader Loading environment from /home/runner/work/key/key/key.core/../key.ui/examples/redux/arrays/Arrays.copyOfRange.key.proof 
40317      DEBUG main            d.u.i.k.p.i.AbstractProblemLoader Environment load took 456.2ns 
40319      INFO  main            d.u.i.k.p.i.AbstractProblemLoader Creating init config 
43281      DEBUG main            d.u.i.k.p.i.AbstractProblemLoader Init config took 2.96s 
43344      INFO  main            d.u.i.k.p.i.AbstractProblemLoader Replaying proof Arrays[Arrays::copyOfRange([I,int,int)].JML normal_behavior operation contract.0 
43723      DEBUG main            d.u.i.k.p.i.IntermediateProofReplayer Proof replay took 360.21ms 
43725      DEBUG main            d.u.i.k.p.r.p.TestFile    ... success: reloaded. 
43726      INFO  main            d.u.i.k.p.r.p.TestFile    Now processing file /home/runner/work/key/key/key.core/../key.ui/examples/redux/arrays/Arrays.copyOfRange.float.key 
43726      INFO  main            d.u.i.k.p.i.AbstractProblemLoader Loading environment from /home/runner/work/key/key/key.core/../key.ui/examples/redux/arrays/Arrays.copyOfRange.float.key 
43726      DEBUG main            d.u.i.k.p.i.AbstractProblemLoader Environment load took 182.3ns 
43728      INFO  main            d.u.i.k.p.i.AbstractProblemLoader Creating init config 
46659      DEBUG main            d.u.i.k.p.i.AbstractProblemLoader Init config took 2.93s 
46717      INFO  main            d.u.i.k.p.i.AbstractProblemLoader Replaying proof Arrays[Arrays::copyOfRange([F,int,int)].JML normal_behavior operation contract.0 
46719      DEBUG main            d.u.i.k.p.i.IntermediateProofReplayer Proof replay took 5.1ns 
46719      DEBUG main            d.u.i.k.m.s.ProofScriptEngine [1] goal: 0, source line: 6, command: 'macro autopilot' 
52394      DEBUG main            d.u.i.k.m.s.ProofScriptEngine [2] goal: 27, source line: 7, command: 'smt solver=Z3' 
52436      INFO  main            d.u.i.k.m.s.SMTCommand    Finished run on goal 27 in 35ms, result is valid 
52436      DEBUG main            d.u.i.k.m.s.ProofScriptEngine [3] goal: 375, source line: 8, command: 'tryclose' 
55652      INFO  main            d.u.i.k.p.r.p.TestFile    ... finished proof: closed. 
55875      INFO  main            d.u.i.k.p.i.AbstractProblemLoader Loading environment from /home/runner/work/key/key/key.core/../key.ui/examples/redux/arrays/Arrays.copyOfRange.float.key.proof 
55875      DEBUG main            d.u.i.k.p.i.AbstractProblemLoader Environment load took 393ns 
55877      INFO  main            d.u.i.k.p.i.AbstractProblemLoader Creating init config 
58940      DEBUG main            d.u.i.k.p.i.AbstractProblemLoader Init config took 3.06s 
58994      INFO  main            d.u.i.k.p.i.AbstractProblemLoader Replaying proof Arrays[Arrays::copyOfRange([F,int,int)].JML normal_behavior operation contract.0 
59074      INFO  main            d.u.i.k.s.SMTFocusResults Analyzing unsat core: (L_8) 
59899      DEBUG main            d.u.i.k.p.i.IntermediateProofReplayer Proof replay took 879.57ms 
59902      DEBUG main            d.u.i.k.p.r.p.TestFile    ... success: reloaded. 
59903      INFO  main            d.u.i.k.p.r.p.TestFile    Now processing file /home/runner/work/key/key/key.core/../key.ui/examples/redux/arrays/Arrays.equals.key 
59903      INFO  main            d.u.i.k.p.i.AbstractProblemLoader Loading environment from /home/runner/work/key/key/key.core/../key.ui/examples/redux/arrays/Arrays.equals.key 
59903      DEBUG main            d.u.i.k.p.i.AbstractProblemLoader Environment load took 155.3ns 
59904      INFO  main            d.u.i.k.p.i.AbstractProblemLoader Creating init config 
62930      DEBUG main            d.u.i.k.p.i.AbstractProblemLoader Init config took 3.03s 
62974      INFO  main            d.u.i.k.p.i.AbstractProblemLoader Replaying proof Arrays[Arrays::equals([B,[B)].JML normal_behavior operation contract.0 
62975      DEBUG main            d.u.i.k.p.i.IntermediateProofReplayer Proof replay took 6.2ns 
63479      INFO  main            d.u.i.k.p.r.p.TestFile    ... finished proof: closed. 
63739      INFO  main            d.u.i.k.p.i.AbstractProblemLoader Loading environment from /home/runner/work/key/key/key.core/../key.ui/examples/redux/arrays/Arrays.equals.key.proof 
63739      DEBUG main            d.u.i.k.p.i.AbstractProblemLoader Environment load took 394.1ns 
63740      INFO  main            d.u.i.k.p.i.AbstractProblemLoader Creating init config 
66617      DEBUG main            d.u.i.k.p.i.AbstractProblemLoader Init config took 2.88s 
66657      INFO  main            d.u.i.k.p.i.AbstractProblemLoader Replaying proof Arrays[Arrays::equals([B,[B)].JML normal_behavior operation contract.0 
66795      DEBUG main            d.u.i.k.p.i.IntermediateProofReplayer Proof replay took 134.53ms 
66796      DEBUG main            d.u.i.k.p.r.p.TestFile    ... success: reloaded. 
66797      INFO  main            d.u.i.k.p.r.p.TestFile    Now processing file /home/runner/work/key/key/key.core/../key.ui/examples/redux/arrays/Arrays.fill.key 
66798      INFO  main            d.u.i.k.p.i.AbstractProblemLoader Loading environment from /home/runner/work/key/key/key.core/../key.ui/examples/redux/arrays/Arrays.fill.key 
66798      DEBUG main            d.u.i.k.p.i.AbstractProblemLoader Environment load took 200.7ns 
66799      INFO  main            d.u.i.k.p.i.AbstractProblemLoader Creating init config 
69648      DEBUG main            d.u.i.k.p.i.AbstractProblemLoader Init config took 2.85s 
69687      INFO  main            d.u.i.k.p.i.AbstractProblemLoader Replaying proof Arrays[Arrays::fill([I,int)].JML normal_behavior operation contract.0 
69688      DEBUG main            d.u.i.k.p.i.IntermediateProofReplayer Proof replay took 6.7ns 
69893      INFO  main            d.u.i.k.p.r.p.TestFile    ... finished proof: closed. 
70092      INFO  main            d.u.i.k.p.i.AbstractProblemLoader Loading environment from /home/runner/work/key/key/key.core/../key.ui/examples/redux/arrays/Arrays.fill.key.proof 
70092      DEBUG main            d.u.i.k.p.i.AbstractProblemLoader Environment load took 122.6ns 
70093      INFO  main            d.u.i.k.p.i.AbstractProblemLoader Creating init config 
72958      DEBUG main            d.u.i.k.p.i.AbstractProblemLoader Init config took 2.86s 
73001      INFO  main            d.u.i.k.p.i.AbstractProblemLoader Replaying proof Arrays[Arrays::fill([I,int)].JML normal_behavior operation contract.0 
73034      DEBUG main            d.u.i.k.p.i.IntermediateProofReplayer Proof replay took 29.15ms 
73035      DEBUG main            d.u.i.k.p.r.p.TestFile    ... success: reloaded. 
73037      INFO  main            d.u.i.k.p.r.p.TestFile    Now processing file /home/runner/work/key/key/key.core/../key.ui/examples/redux/arrays/Arrays.fill.float.key 
73037      INFO  main            d.u.i.k.p.i.AbstractProblemLoader Loading environment from /home/runner/work/key/key/key.core/../key.ui/examples/redux/arrays/Arrays.fill.float.key 
73037      DEBUG main            d.u.i.k.p.i.AbstractProblemLoader Environment load took 209.5ns 
73039      INFO  main            d.u.i.k.p.i.AbstractProblemLoader Creating init config 
75888      DEBUG main            d.u.i.k.p.i.AbstractProblemLoader Init config took 2.85s 
75937      INFO  main            d.u.i.k.p.i.AbstractProblemLoader Replaying proof Arrays[Arrays::fill([F,float)].JML normal_behavior operation contract.0 
75939      DEBUG main            d.u.i.k.p.i.IntermediateProofReplayer Proof replay took 6.8ns 
76141      INFO  main            d.u.i.k.p.r.p.TestFile    ... finished proof: closed. 
76333      INFO  main            d.u.i.k.p.i.AbstractProblemLoader Loading environment from /home/runner/work/key/key/key.core/../key.ui/examples/redux/arrays/Arrays.fill.float.key.proof 
76334      DEBUG main            d.u.i.k.p.i.AbstractProblemLoader Environment load took 156.2ns 
76335      INFO  main            d.u.i.k.p.i.AbstractProblemLoader Creating init config 
79149      DEBUG main            d.u.i.k.p.i.AbstractProblemLoader Init config took 2.81s 
79185      INFO  main            d.u.i.k.p.i.AbstractProblemLoader Replaying proof Arrays[Arrays::fill([F,float)].JML normal_behavior operation contract.0 
79222      DEBUG main            d.u.i.k.p.i.IntermediateProofReplayer Proof replay took 35.19ms 
79223      DEBUG main            d.u.i.k.p.r.p.TestFile    ... success: reloaded. 
79224      INFO  main            d.u.i.k.p.r.p.TestFile    Now processing file /home/runner/work/key/key/key.core/../key.ui/examples/redux/arrays/Arrays.fillFromTo.key 
79225      INFO  main            d.u.i.k.p.i.AbstractProblemLoader Loading environment from /home/runner/work/key/key/key.core/../key.ui/examples/redux/arrays/Arrays.fillFromTo.key 
79225      DEBUG main            d.u.i.k.p.i.AbstractProblemLoader Environment load took 184.7ns 
79226      INFO  main            d.u.i.k.p.i.AbstractProblemLoader Creating init config 
82096      DEBUG main            d.u.i.k.p.i.AbstractProblemLoader Init config took 2.87s 
82131      INFO  main            d.u.i.k.p.i.AbstractProblemLoader Replaying proof Arrays[Arrays::fill([I,int,int,int)].JML normal_behavior operation contract.0 
82132      DEBUG main            d.u.i.k.p.i.IntermediateProofReplayer Proof replay took 6.3ns 
82752      INFO  main            d.u.i.k.p.r.p.TestFile    ... finished proof: closed. 
82959      INFO  main            d.u.i.k.p.i.AbstractProblemLoader Loading environment from /home/runner/work/key/key/key.core/../key.ui/examples/redux/arrays/Arrays.fillFromTo.key.proof 
82959      DEBUG main            d.u.i.k.p.i.AbstractProblemLoader Environment load took 172.5ns 
82960      INFO  main            d.u.i.k.p.i.AbstractProblemLoader Creating init config 
85795      DEBUG main            d.u.i.k.p.i.AbstractProblemLoader Init config took 2.83s 
85830      INFO  main            d.u.i.k.p.i.AbstractProblemLoader Replaying proof Arrays[Arrays::fill([I,int,int,int)].JML normal_behavior operation contract.0 
85915      DEBUG main            d.u.i.k.p.i.IntermediateProofReplayer Proof replay took 81.43ms 
85919      DEBUG main            d.u.i.k.p.r.p.TestFile    ... success: reloaded. 
85919      INFO  main            d.u.i.k.p.r.p.TestFile    Now processing file /home/runner/work/key/key/key.core/../key.ui/examples/redux/arrays/Arrays.fillFromTo.float.key 
85920      INFO  main            d.u.i.k.p.i.AbstractProblemLoader Loading environment from /home/runner/work/key/key/key.core/../key.ui/examples/redux/arrays/Arrays.fillFromTo.float.key 
85920      DEBUG main            d.u.i.k.p.i.AbstractProblemLoader Environment load took 99.6ns 
85920      INFO  main            d.u.i.k.p.i.AbstractProblemLoader Creating init config 
88763      DEBUG main            d.u.i.k.p.i.AbstractProblemLoader Init config took 2.84s 
88796      INFO  main            d.u.i.k.p.i.AbstractProblemLoader Replaying proof Arrays[Arrays::fill([F,int,int,float)].JML normal_behavior operation contract.0 
88798      DEBUG main            d.u.i.k.p.i.IntermediateProofReplayer Proof replay took 7.1ns 
89502      INFO  main            d.u.i.k.p.r.p.TestFile    ... finished proof: closed. 
89713      INFO  main            d.u.i.k.p.i.AbstractProblemLoader Loading environment from /home/runner/work/key/key/key.core/../key.ui/examples/redux/arrays/Arrays.fillFromTo.float.key.proof 
89714      DEBUG main            d.u.i.k.p.i.AbstractProblemLoader Environment load took 399.1ns 
89715      INFO  main            d.u.i.k.p.i.AbstractProblemLoader Creating init config 
92624      DEBUG main            d.u.i.k.p.i.AbstractProblemLoader Init config took 2.91s 
92660      INFO  main            d.u.i.k.p.i.AbstractProblemLoader Replaying proof Arrays[Arrays::fill([F,int,int,float)].JML normal_behavior operation contract.0 
92773      DEBUG main            d.u.i.k.p.i.IntermediateProofReplayer Proof replay took 107.56ms 
92774      DEBUG main            d.u.i.k.p.r.p.TestFile    ... success: reloaded. 
92775      INFO  main            d.u.i.k.p.r.p.TestFile    Now processing file /home/runner/work/key/key/key.core/../key.ui/examples/redux/arrays/ArrayCopy.arraycopy.normal.0.key 
92775      INFO  main            d.u.i.k.p.i.AbstractProblemLoader Loading environment from /home/runner/work/key/key/key.core/../key.ui/examples/redux/arrays/ArrayCopy.arraycopy.normal.0.key 
92775      DEBUG main            d.u.i.k.p.i.AbstractProblemLoader Environment load took 186.4ns 
92776      INFO  main            d.u.i.k.p.i.AbstractProblemLoader Creating init config 
95605      DEBUG main            d.u.i.k.p.i.AbstractProblemLoader Init config took 2.83s 
95638      INFO  main            d.u.i.k.p.i.AbstractProblemLoader Replaying proof ArrayCopy[ArrayCopy::arraycopy(java.lang.Object,int,java.lang.Object,int,int)].JML normal_behavior operation contract.0 
95640      DEBUG main            d.u.i.k.p.i.IntermediateProofReplayer Proof replay took 6.1ns 
101573     INFO  main            d.u.i.k.p.r.p.TestFile    ... finished proof: closed. 
101830     INFO  main            d.u.i.k.p.i.AbstractProblemLoader Loading environment from /home/runner/work/key/key/key.core/../key.ui/examples/redux/arrays/ArrayCopy.arraycopy.normal.0.key.proof 
101831     DEBUG main            d.u.i.k.p.i.AbstractProblemLoader Environment load took 343.9ns 
101833     INFO  main            d.u.i.k.p.i.AbstractProblemLoader Creating init config 
104606     DEBUG main            d.u.i.k.p.i.AbstractProblemLoader Init config took 2.77s 
104639     INFO  main            d.u.i.k.p.i.AbstractProblemLoader Replaying proof ArrayCopy[ArrayCopy::arraycopy(java.lang.Object,int,java.lang.Object,int,int)].JML normal_behavior operation contract.0 
105296     DEBUG main            d.u.i.k.p.i.IntermediateProofReplayer Proof replay took 642.22ms 
105297     DEBUG main            d.u.i.k.p.r.p.TestFile    ... success: reloaded. 
105300     INFO  main            d.u.i.k.p.r.p.TestFile    Now processing file /home/runner/work/key/key/key.core/../key.ui/examples/redux/arrays/ArrayCopy.arraycopy.exceptional.0.key 
105300     INFO  main            d.u.i.k.p.i.AbstractProblemLoader Loading environment from /home/runner/work/key/key/key.core/../key.ui/examples/redux/arrays/ArrayCopy.arraycopy.exceptional.0.key 
105301     DEBUG main            d.u.i.k.p.i.AbstractProblemLoader Environment load took 183.1ns 
105302     INFO  main            d.u.i.k.p.i.AbstractProblemLoader Creating init config 
108186     DEBUG main            d.u.i.k.p.i.AbstractProblemLoader Init config took 2.88s 
108219     INFO  main            d.u.i.k.p.i.AbstractProblemLoader Replaying proof ArrayCopy[ArrayCopy::arraycopy(java.lang.Object,int,java.lang.Object,int,int)].JML exceptional_behavior operation contract.0 
108220     DEBUG main            d.u.i.k.p.i.IntermediateProofReplayer Proof replay took 6.2ns 
108625     INFO  main            d.u.i.k.p.r.p.TestFile    ... finished proof: closed. 
108841     INFO  main            d.u.i.k.p.i.AbstractProblemLoader Loading environment from /home/runner/work/key/key/key.core/../key.ui/examples/redux/arrays/ArrayCopy.arraycopy.exceptional.0.key.proof 
108842     DEBUG main            d.u.i.k.p.i.AbstractProblemLoader Environment load took 120ns 
108843     INFO  main            d.u.i.k.p.i.AbstractProblemLoader Creating init config 
111788     DEBUG main            d.u.i.k.p.i.AbstractProblemLoader Init config took 2.95s 
111820     INFO  main            d.u.i.k.p.i.AbstractProblemLoader Replaying proof ArrayCopy[ArrayCopy::arraycopy(java.lang.Object,int,java.lang.Object,int,int)].JML exceptional_behavior operation contract.0 
111915     DEBUG main            d.u.i.k.p.i.IntermediateProofReplayer Proof replay took 92.36ms 
111916     DEBUG main            d.u.i.k.p.r.p.TestFile    ... success: reloaded. 
111917     INFO  main            d.u.i.k.p.r.p.TestFile    Now processing file /home/runner/work/key/key/key.core/../key.ui/examples/redux/arrays/ArrayCopy.arraycopy.exceptional.1.key 
111917     INFO  main            d.u.i.k.p.i.AbstractProblemLoader Loading environment from /home/runner/work/key/key/key.core/../key.ui/examples/redux/arrays/ArrayCopy.arraycopy.exceptional.1.key 
111917     DEBUG main            d.u.i.k.p.i.AbstractProblemLoader Environment load took 94.2ns 
111918     INFO  main            d.u.i.k.p.i.AbstractProblemLoader Creating init config 
114843     DEBUG main            d.u.i.k.p.i.AbstractProblemLoader Init config took 2.93s 
114879     INFO  main            d.u.i.k.p.i.AbstractProblemLoader Replaying proof ArrayCopy[ArrayCopy::arraycopy(java.lang.Object,int,java.lang.Object,int,int)].JML exceptional_behavior operation contract.1 
114881     DEBUG main            d.u.i.k.p.i.IntermediateProofReplayer Proof replay took 7.2ns 
120831     INFO  main            d.u.i.k.p.r.p.TestFile    ... finished proof: closed. 
121076     INFO  main            d.u.i.k.p.i.AbstractProblemLoader Loading environment from /home/runner/work/key/key/key.core/../key.ui/examples/redux/arrays/ArrayCopy.arraycopy.exceptional.1.key.proof 
121076     DEBUG main            d.u.i.k.p.i.AbstractProblemLoader Environment load took 126.6ns 
121078     INFO  main            d.u.i.k.p.i.AbstractProblemLoader Creating init config 
123982     DEBUG main            d.u.i.k.p.i.AbstractProblemLoader Init config took 2.9s 
124014     INFO  main            d.u.i.k.p.i.AbstractProblemLoader Replaying proof ArrayCopy[ArrayCopy::arraycopy(java.lang.Object,int,java.lang.Object,int,int)].JML exceptional_behavior operation contract.1 
125158     DEBUG main            d.u.i.k.p.i.IntermediateProofReplayer Proof replay took 1.13s 
125160     DEBUG main            d.u.i.k.p.r.p.TestFile    ... success: reloaded. 
5189551    INFO  Test worker     d.u.i.k.p.r.RunAllProofsTestUnit Returning from test redux 
]]></system-out>
  <system-err><![CDATA[]]></system-err>
</testsuite>
