<?xml version="1.0" encoding="UTF-8"?>
<testsuite name="de.uka.ilkd.key.rule.TestApplyTaclet" tests="29" skipped="0" failures="0" errors="0" timestamp="2023-03-10T12:59:17" hostname="fv-az478-358" time="2.526">
  <properties/>
  <testcase name="testCatchList()" classname="de.uka.ilkd.key.rule.TestApplyTaclet" time="0.922"/>
  <testcase name="testAntecTacletWithoutIf()" classname="de.uka.ilkd.key.rule.TestApplyTaclet" time="0.027"/>
  <testcase name="testAddExistingFormulaTwoInAntec2()" classname="de.uka.ilkd.key.rule.TestApplyTaclet" time="0.027"/>
  <testcase name="testAddExistingFormulaTwoInAntec()" classname="de.uka.ilkd.key.rule.TestApplyTaclet" time="0.027"/>
  <testcase name="testAddExistingFormulaTwoInSucc2()" classname="de.uka.ilkd.key.rule.TestApplyTaclet" time="0.026"/>
  <testcase name="testTacletWithIf()" classname="de.uka.ilkd.key.rule.TestApplyTaclet" time="0.027"/>
  <testcase name="testRemoveEmptyBlock()" classname="de.uka.ilkd.key.rule.TestApplyTaclet" time="0.027"/>
  <testcase name="testBugBrokenApply()" classname="de.uka.ilkd.key.rule.TestApplyTaclet" time="0.027"/>
  <testcase name="testCompleteContextAddBug()" classname="de.uka.ilkd.key.rule.TestApplyTaclet" time="0.028"/>
  <testcase name="testBugID176()" classname="de.uka.ilkd.key.rule.TestApplyTaclet" time="0.031"/>
  <testcase name="testBugID177()" classname="de.uka.ilkd.key.rule.TestApplyTaclet" time="0.026"/>
  <testcase name="testBugID188()" classname="de.uka.ilkd.key.rule.TestApplyTaclet" time="0.027"/>
  <testcase name="testSuccTacletWithoutIf()" classname="de.uka.ilkd.key.rule.TestApplyTaclet" time="0.027"/>
  <testcase name="testRewriteTacletWithoutIf()" classname="de.uka.ilkd.key.rule.TestApplyTaclet" time="0.026"/>
  <testcase name="testSuccTacletAllRight()" classname="de.uka.ilkd.key.rule.TestApplyTaclet" time="0.026"/>
  <testcase name="testTacletVariableCollector()" classname="de.uka.ilkd.key.rule.TestApplyTaclet" time="0.028"/>
  <testcase name="testIncompleteSuccTacletApp()" classname="de.uka.ilkd.key.rule.TestApplyTaclet" time="0.026"/>
  <testcase name="testAddExistingFormulaSucc()" classname="de.uka.ilkd.key.rule.TestApplyTaclet" time="0.466"/>
  <testcase name="testAddExistingFormulaTwoInSucc()" classname="de.uka.ilkd.key.rule.TestApplyTaclet" time="0.053"/>
  <testcase name="testIncompleteNoFindTacletApp()" classname="de.uka.ilkd.key.rule.TestApplyTaclet" time="0.061"/>
  <testcase name="testNoFindTacletWithoutIf()" classname="de.uka.ilkd.key.rule.TestApplyTaclet" time="0.061"/>
  <testcase name="testModalityLevel0()" classname="de.uka.ilkd.key.rule.TestApplyTaclet" time="0.084"/>
  <testcase name="testModalityLevel1()" classname="de.uka.ilkd.key.rule.TestApplyTaclet" time="0.057"/>
  <testcase name="testModalityLevel2()" classname="de.uka.ilkd.key.rule.TestApplyTaclet" time="0.061"/>
  <testcase name="testContextAdding()" classname="de.uka.ilkd.key.rule.TestApplyTaclet" time="0.072"/>
  <testcase name="testAddingRule()" classname="de.uka.ilkd.key.rule.TestApplyTaclet" time="0.033"/>
  <testcase name="testBugEmptyBlock()" classname="de.uka.ilkd.key.rule.TestApplyTaclet" time="0.132"/>
  <testcase name="testAddExistingFormulaAntec()" classname="de.uka.ilkd.key.rule.TestApplyTaclet" time="0.034"/>
  <testcase name="testPrgTacletApp()" classname="de.uka.ilkd.key.rule.TestApplyTaclet" time="0.033"/>
  <system-out><![CDATA[]]></system-out>
  <system-err><![CDATA[]]></system-err>
</testsuite>
