<?xml version="1.0" encoding="UTF-8"?>
<testsuite name="de.uka.ilkd.key.parser.TestDeclParser" tests="14" skipped="2" failures="0" errors="0" timestamp="2023-05-10T23:56:28" hostname="fv-az1252-359" time="10.589">
  <properties/>
  <testcase name="testGenericSortDecl1()" classname="de.uka.ilkd.key.parser.TestDeclParser" time="0.957"/>
  <testcase name="testGenericSortDecl2()" classname="de.uka.ilkd.key.parser.TestDeclParser" time="0.914"/>
  <testcase name="testGenericSortDecl3()" classname="de.uka.ilkd.key.parser.TestDeclParser" time="0.894"/>
  <testcase name="testGenericSortDecl4()" classname="de.uka.ilkd.key.parser.TestDeclParser" time="0.815"/>
  <testcase name="testGenericSortDecl5()" classname="de.uka.ilkd.key.parser.TestDeclParser" time="0.0">
    <skipped/>
  </testcase>
  <testcase name="testGenericSortDecl6()" classname="de.uka.ilkd.key.parser.TestDeclParser" time="0.888"/>
  <testcase name="testSortDecl()" classname="de.uka.ilkd.key.parser.TestDeclParser" time="0.892"/>
  <testcase name="testProxySortDecl()" classname="de.uka.ilkd.key.parser.TestDeclParser" time="0.837"/>
  <testcase name="testArrayDecl()" classname="de.uka.ilkd.key.parser.TestDeclParser" time="0.906"/>
  <testcase name="testAmbiguousDecls()" classname="de.uka.ilkd.key.parser.TestDeclParser" time="0.0">
    <skipped/>
  </testcase>
  <testcase name="testHeurDecl()" classname="de.uka.ilkd.key.parser.TestDeclParser" time="0.912"/>
  <testcase name="testFunctionDecl()" classname="de.uka.ilkd.key.parser.TestDeclParser" time="0.817"/>
  <testcase name="testPredicateDecl()" classname="de.uka.ilkd.key.parser.TestDeclParser" time="0.879"/>
  <testcase name="testSVDecl()" classname="de.uka.ilkd.key.parser.TestDeclParser" time="0.873"/>
  <system-out><![CDATA[201099     INFO  Test worker     d.u.i.k.n.KeyIO           Parsing took 0 ms 
201099     DEBUG Test worker     d.u.i.k.n.KeyIO           Load declarations of de.uka.ilkd.key.nparser.KeyAst$File:  <unknown>:1#1 
201099     INFO  Test worker     d.u.i.k.n.KeyIO           MODE: declarations took 0 ms 
201099     DEBUG Test worker     d.u.i.k.n.KeyIO           MODE: 2nd degree decls took 0 
201099     DEBUG Test worker     d.u.i.k.n.KeyIO           MODE: taclets took 0ms 
202021     INFO  Test worker     d.u.i.k.n.KeyIO           Parsing took 0 ms 
202021     DEBUG Test worker     d.u.i.k.n.KeyIO           Load declarations of de.uka.ilkd.key.nparser.KeyAst$File:  <unknown>:1#1 
202021     INFO  Test worker     d.u.i.k.n.KeyIO           MODE: declarations took 0 ms 
202021     DEBUG Test worker     d.u.i.k.n.KeyIO           MODE: 2nd degree decls took 0 
202021     DEBUG Test worker     d.u.i.k.n.KeyIO           MODE: taclets took 0ms 
202913     INFO  Test worker     d.u.i.k.n.KeyIO           Parsing took 0 ms 
202913     DEBUG Test worker     d.u.i.k.n.KeyIO           Load declarations of de.uka.ilkd.key.nparser.KeyAst$File:  <unknown>:1#1 
202913     INFO  Test worker     d.u.i.k.n.KeyIO           MODE: declarations took 0 ms 
202913     DEBUG Test worker     d.u.i.k.n.KeyIO           MODE: 2nd degree decls took 0 
202913     DEBUG Test worker     d.u.i.k.n.KeyIO           MODE: taclets took 0ms 
203726     INFO  Test worker     d.u.i.k.n.KeyIO           Parsing took 0 ms 
203726     DEBUG Test worker     d.u.i.k.n.KeyIO           Load declarations of de.uka.ilkd.key.nparser.KeyAst$File:  <unknown>:1#1 
203726     INFO  Test worker     d.u.i.k.n.KeyIO           MODE: declarations took 0 ms 
203726     DEBUG Test worker     d.u.i.k.n.KeyIO           MODE: 2nd degree decls took 0 
203726     DEBUG Test worker     d.u.i.k.n.KeyIO           MODE: taclets took 0ms 
204621     INFO  Test worker     d.u.i.k.n.KeyIO           Parsing took 0 ms 
204621     DEBUG Test worker     d.u.i.k.n.KeyIO           Load declarations of de.uka.ilkd.key.nparser.KeyAst$File:  <unknown>:1#1 
204621     INFO  Test worker     d.u.i.k.n.KeyIO           MODE: declarations took 0 ms 
204621     DEBUG Test worker     d.u.i.k.n.KeyIO           MODE: 2nd degree decls took 0 
204621     DEBUG Test worker     d.u.i.k.n.KeyIO           MODE: taclets took 0ms 
205515     INFO  Test worker     d.u.i.k.n.KeyIO           Parsing took 0 ms 
205515     DEBUG Test worker     d.u.i.k.n.KeyIO           Load declarations of de.uka.ilkd.key.nparser.KeyAst$File:  <unknown>:1#1 
205515     INFO  Test worker     d.u.i.k.n.KeyIO           MODE: declarations took 0 ms 
205515     DEBUG Test worker     d.u.i.k.n.KeyIO           MODE: 2nd degree decls took 0 
205515     DEBUG Test worker     d.u.i.k.n.KeyIO           MODE: taclets took 0ms 
206347     INFO  Test worker     d.u.i.k.n.KeyIO           Parsing took 0 ms 
206347     DEBUG Test worker     d.u.i.k.n.KeyIO           Load declarations of de.uka.ilkd.key.nparser.KeyAst$File:  <unknown>:1#1 
206347     INFO  Test worker     d.u.i.k.n.KeyIO           MODE: declarations took 0 ms 
206347     DEBUG Test worker     d.u.i.k.n.KeyIO           MODE: 2nd degree decls took 0 
206347     DEBUG Test worker     d.u.i.k.n.KeyIO           MODE: taclets took 0ms 
207248     INFO  Test worker     d.u.i.k.n.KeyIO           Parsing took 0 ms 
207248     DEBUG Test worker     d.u.i.k.n.KeyIO           Load declarations of de.uka.ilkd.key.nparser.KeyAst$File:  <unknown>:1#1 
207248     INFO  Test worker     d.u.i.k.n.KeyIO           MODE: declarations took 0 ms 
207263     DEBUG Test worker     d.u.i.k.n.KeyIO           MODE: 2nd degree decls took 15 
207263     DEBUG Test worker     d.u.i.k.n.KeyIO           MODE: taclets took 0ms 
208164     INFO  Test worker     d.u.i.k.n.KeyIO           Parsing took 0 ms 
208164     DEBUG Test worker     d.u.i.k.n.KeyIO           Load declarations of de.uka.ilkd.key.nparser.KeyAst$File:  <unknown>:1#1 
208164     INFO  Test worker     d.u.i.k.n.KeyIO           MODE: declarations took 0 ms 
208164     DEBUG Test worker     d.u.i.k.n.KeyIO           MODE: 2nd degree decls took 0 
208164     DEBUG Test worker     d.u.i.k.n.KeyIO           MODE: taclets took 0ms 
208992     INFO  Test worker     d.u.i.k.n.KeyIO           Parsing took 0 ms 
208992     DEBUG Test worker     d.u.i.k.n.KeyIO           Load declarations of de.uka.ilkd.key.nparser.KeyAst$File:  <unknown>:1#1 
208992     INFO  Test worker     d.u.i.k.n.KeyIO           MODE: declarations took 0 ms 
208992     DEBUG Test worker     d.u.i.k.n.KeyIO           MODE: 2nd degree decls took 0 
208992     DEBUG Test worker     d.u.i.k.n.KeyIO           MODE: taclets took 0ms 
209863     INFO  Test worker     d.u.i.k.n.KeyIO           Parsing took 0 ms 
209863     DEBUG Test worker     d.u.i.k.n.KeyIO           Load declarations of de.uka.ilkd.key.nparser.KeyAst$File:  <unknown>:1#1 
209863     INFO  Test worker     d.u.i.k.n.KeyIO           MODE: declarations took 0 ms 
209863     DEBUG Test worker     d.u.i.k.n.KeyIO           MODE: 2nd degree decls took 0 
209863     DEBUG Test worker     d.u.i.k.n.KeyIO           MODE: taclets took 0ms 
210745     INFO  Test worker     d.u.i.k.n.KeyIO           Parsing took 0 ms 
210745     DEBUG Test worker     d.u.i.k.n.KeyIO           Load declarations of de.uka.ilkd.key.nparser.KeyAst$File:  <unknown>:1#1 
210745     INFO  Test worker     d.u.i.k.n.KeyIO           MODE: declarations took 0 ms 
210745     DEBUG Test worker     d.u.i.k.n.KeyIO           MODE: 2nd degree decls took 0 
210745     DEBUG Test worker     d.u.i.k.n.KeyIO           MODE: taclets took 0ms 
]]></system-out>
  <system-err><![CDATA[]]></system-err>
</testsuite>
