<?xml version="1.0" encoding="UTF-8"?>
<testsuite name="de.uka.ilkd.key.rule.loop.LoopScopeInvRuleTests" tests="1" skipped="0" failures="0" errors="0" timestamp="2023-05-11T00:00:10" hostname="fv-az1252-359" time="4.433">
  <properties/>
  <testcase name="testDoAutomaticProofOfBenchmarkWithLabeledBreaksAndContinues()" classname="de.uka.ilkd.key.rule.loop.LoopScopeInvRuleTests" time="4.433"/>
  <system-out><![CDATA[422395     INFO  Test worker     d.u.i.k.p.i.AbstractProblemLoader Loading environment from src\test\resources\testcase\loopScopeInvRule\Test.key 
422395     DEBUG Test worker     d.u.i.k.p.i.AbstractProblemLoader Environment load took 510.9ns 
422395     INFO  Test worker     d.u.i.k.p.i.AbstractProblemLoader Creating init config 
422535     DEBUG Test worker     d.u.i.k.j.TypeConverter   No LDT found for Meta 
422535     DEBUG Test worker     d.u.i.k.j.TypeConverter   No LDT found for Meta 
422535     DEBUG Test worker     d.u.i.k.j.TypeConverter   No LDT found for Meta 
422535     DEBUG Test worker     d.u.i.k.j.TypeConverter   No LDT found for Meta 
423117     DEBUG Test worker     d.u.i.k.j.TypeConverter   No LDT found for JavaBigintExpression 
426230     DEBUG Test worker     d.u.i.k.p.i.AbstractProblemLoader Init config took 3.83s 
426261     INFO  Test worker     d.u.i.k.p.i.AbstractProblemLoader Replaying proof Test[Test::loopScopeRuleBenchmark(int,boolean)].JML normal_behavior operation contract.0 
426261     DEBUG Test worker     d.u.i.k.p.i.IntermediateProofReplayer Proof replay took 17ns 
]]></system-out>
  <system-err><![CDATA[]]></system-err>
</testsuite>
