<?xml version="1.0" encoding="UTF-8"?>
<testsuite name="de.uka.ilkd.key.logic.TestClashFreeSubst" tests="14" skipped="2" failures="0" errors="0" timestamp="2023-05-10T23:53:44" hostname="fv-az1252-359" time="45.549">
  <properties/>
  <testcase name="testMultiShareBound()" classname="de.uka.ilkd.key.logic.TestClashFreeSubst" time="0.901"/>
  <testcase name="testClash()" classname="de.uka.ilkd.key.logic.TestClashFreeSubst" time="0.855"/>
  <testcase name="testShare()" classname="de.uka.ilkd.key.logic.TestClashFreeSubst" time="0.837"/>
  <testcase name="testSubst()" classname="de.uka.ilkd.key.logic.TestClashFreeSubst" time="0.826"/>
  <testcase name="testWary0()" classname="de.uka.ilkd.key.logic.TestClashFreeSubst" time="0.838"/>
  <testcase name="testWary1()" classname="de.uka.ilkd.key.logic.TestClashFreeSubst" time="0.83"/>
  <testcase name="testWary2()" classname="de.uka.ilkd.key.logic.TestClashFreeSubst" time="0.824"/>
  <testcase name="testClashInSubstTerm()" classname="de.uka.ilkd.key.logic.TestClashFreeSubst" time="0.829"/>
  <testcase name="testShareWary()" classname="de.uka.ilkd.key.logic.TestClashFreeSubst" time="0.828"/>
  <testcase name="testMultiSubst()" classname="de.uka.ilkd.key.logic.TestClashFreeSubst" time="0.855"/>
  <testcase name="xtestMultiClash()" classname="de.uka.ilkd.key.logic.TestClashFreeSubst" time="0.0">
    <skipped/>
  </testcase>
  <testcase name="testSubstInSubstTerm()" classname="de.uka.ilkd.key.logic.TestClashFreeSubst" time="0.843"/>
  <testcase name="testSubstWary()" classname="de.uka.ilkd.key.logic.TestClashFreeSubst" time="0.834"/>
  <testcase name="xtestMultiClash1()" classname="de.uka.ilkd.key.logic.TestClashFreeSubst" time="0.0">
    <skipped/>
  </testcase>
  <system-out><![CDATA[35958      INFO  Test worker     d.u.i.k.n.KeyIO           Parsing took 0 ms 
35958      DEBUG Test worker     d.u.i.k.n.KeyIO           Load declarations of de.uka.ilkd.key.nparser.KeyAst$File:  <unknown>:1#1 
35958      INFO  Test worker     d.u.i.k.n.KeyIO           MODE: declarations took 0 ms 
35958      DEBUG Test worker     d.u.i.k.n.KeyIO           MODE: 2nd degree decls took 0 
36846      INFO  Test worker     d.u.i.k.n.KeyIO           Parsing took 0 ms 
36846      DEBUG Test worker     d.u.i.k.n.KeyIO           Load declarations of de.uka.ilkd.key.nparser.KeyAst$File:  <unknown>:1#1 
36846      INFO  Test worker     d.u.i.k.n.KeyIO           MODE: declarations took 0 ms 
36861      DEBUG Test worker     d.u.i.k.n.KeyIO           MODE: 2nd degree decls took 0 
39819      INFO  Test worker     d.u.i.k.n.KeyIO           Parsing took 0 ms 
39819      DEBUG Test worker     d.u.i.k.n.KeyIO           Load declarations of de.uka.ilkd.key.nparser.KeyAst$File:  <unknown>:1#1 
39819      INFO  Test worker     d.u.i.k.n.KeyIO           MODE: declarations took 0 ms 
39819      DEBUG Test worker     d.u.i.k.n.KeyIO           MODE: 2nd degree decls took 0 
40668      INFO  Test worker     d.u.i.k.n.KeyIO           Parsing took 0 ms 
40668      DEBUG Test worker     d.u.i.k.n.KeyIO           Load declarations of de.uka.ilkd.key.nparser.KeyAst$File:  <unknown>:1#1 
40668      INFO  Test worker     d.u.i.k.n.KeyIO           MODE: declarations took 0 ms 
40668      DEBUG Test worker     d.u.i.k.n.KeyIO           MODE: 2nd degree decls took 0 
43430      INFO  Test worker     d.u.i.k.n.KeyIO           Parsing took 0 ms 
43430      DEBUG Test worker     d.u.i.k.n.KeyIO           Load declarations of de.uka.ilkd.key.nparser.KeyAst$File:  <unknown>:1#1 
43430      INFO  Test worker     d.u.i.k.n.KeyIO           MODE: declarations took 0 ms 
43430      DEBUG Test worker     d.u.i.k.n.KeyIO           MODE: 2nd degree decls took 0 
44262      INFO  Test worker     d.u.i.k.n.KeyIO           Parsing took 0 ms 
44262      DEBUG Test worker     d.u.i.k.n.KeyIO           Load declarations of de.uka.ilkd.key.nparser.KeyAst$File:  <unknown>:1#1 
44262      INFO  Test worker     d.u.i.k.n.KeyIO           MODE: declarations took 0 ms 
44262      DEBUG Test worker     d.u.i.k.n.KeyIO           MODE: 2nd degree decls took 0 
47020      INFO  Test worker     d.u.i.k.n.KeyIO           Parsing took 0 ms 
47020      DEBUG Test worker     d.u.i.k.n.KeyIO           Load declarations of de.uka.ilkd.key.nparser.KeyAst$File:  <unknown>:1#1 
47020      INFO  Test worker     d.u.i.k.n.KeyIO           MODE: declarations took 0 ms 
47020      DEBUG Test worker     d.u.i.k.n.KeyIO           MODE: 2nd degree decls took 0 
47838      INFO  Test worker     d.u.i.k.n.KeyIO           Parsing took 0 ms 
47838      DEBUG Test worker     d.u.i.k.n.KeyIO           Load declarations of de.uka.ilkd.key.nparser.KeyAst$File:  <unknown>:1#1 
47838      INFO  Test worker     d.u.i.k.n.KeyIO           MODE: declarations took 0 ms 
47838      DEBUG Test worker     d.u.i.k.n.KeyIO           MODE: 2nd degree decls took 0 
50543      INFO  Test worker     d.u.i.k.n.KeyIO           Parsing took 0 ms 
50543      DEBUG Test worker     d.u.i.k.n.KeyIO           Load declarations of de.uka.ilkd.key.nparser.KeyAst$File:  <unknown>:1#1 
50543      INFO  Test worker     d.u.i.k.n.KeyIO           MODE: declarations took 0 ms 
50543      DEBUG Test worker     d.u.i.k.n.KeyIO           MODE: 2nd degree decls took 0 
51386      INFO  Test worker     d.u.i.k.n.KeyIO           Parsing took 0 ms 
51386      DEBUG Test worker     d.u.i.k.n.KeyIO           Load declarations of de.uka.ilkd.key.nparser.KeyAst$File:  <unknown>:1#1 
51386      INFO  Test worker     d.u.i.k.n.KeyIO           MODE: declarations took 0 ms 
51386      DEBUG Test worker     d.u.i.k.n.KeyIO           MODE: 2nd degree decls took 0 
54122      INFO  Test worker     d.u.i.k.n.KeyIO           Parsing took 0 ms 
54122      DEBUG Test worker     d.u.i.k.n.KeyIO           Load declarations of de.uka.ilkd.key.nparser.KeyAst$File:  <unknown>:1#1 
54122      INFO  Test worker     d.u.i.k.n.KeyIO           MODE: declarations took 0 ms 
54122      DEBUG Test worker     d.u.i.k.n.KeyIO           MODE: 2nd degree decls took 0 
54945      INFO  Test worker     d.u.i.k.n.KeyIO           Parsing took 0 ms 
54945      DEBUG Test worker     d.u.i.k.n.KeyIO           Load declarations of de.uka.ilkd.key.nparser.KeyAst$File:  <unknown>:1#1 
54945      INFO  Test worker     d.u.i.k.n.KeyIO           MODE: declarations took 0 ms 
54945      DEBUG Test worker     d.u.i.k.n.KeyIO           MODE: 2nd degree decls took 0 
57624      INFO  Test worker     d.u.i.k.n.KeyIO           Parsing took 0 ms 
57624      DEBUG Test worker     d.u.i.k.n.KeyIO           Load declarations of de.uka.ilkd.key.nparser.KeyAst$File:  <unknown>:1#1 
57640      INFO  Test worker     d.u.i.k.n.KeyIO           MODE: declarations took 16 ms 
57640      DEBUG Test worker     d.u.i.k.n.KeyIO           MODE: 2nd degree decls took 0 
58452      INFO  Test worker     d.u.i.k.n.KeyIO           Parsing took 0 ms 
58452      DEBUG Test worker     d.u.i.k.n.KeyIO           Load declarations of de.uka.ilkd.key.nparser.KeyAst$File:  <unknown>:1#1 
58452      INFO  Test worker     d.u.i.k.n.KeyIO           MODE: declarations took 0 ms 
58452      DEBUG Test worker     d.u.i.k.n.KeyIO           MODE: 2nd degree decls took 0 
61156      INFO  Test worker     d.u.i.k.n.KeyIO           Parsing took 0 ms 
61156      DEBUG Test worker     d.u.i.k.n.KeyIO           Load declarations of de.uka.ilkd.key.nparser.KeyAst$File:  <unknown>:1#1 
61156      INFO  Test worker     d.u.i.k.n.KeyIO           MODE: declarations took 0 ms 
61156      DEBUG Test worker     d.u.i.k.n.KeyIO           MODE: 2nd degree decls took 0 
61985      INFO  Test worker     d.u.i.k.n.KeyIO           Parsing took 0 ms 
61985      DEBUG Test worker     d.u.i.k.n.KeyIO           Load declarations of de.uka.ilkd.key.nparser.KeyAst$File:  <unknown>:1#1 
61985      INFO  Test worker     d.u.i.k.n.KeyIO           MODE: declarations took 0 ms 
61985      DEBUG Test worker     d.u.i.k.n.KeyIO           MODE: 2nd degree decls took 0 
64694      INFO  Test worker     d.u.i.k.n.KeyIO           Parsing took 0 ms 
64694      DEBUG Test worker     d.u.i.k.n.KeyIO           Load declarations of de.uka.ilkd.key.nparser.KeyAst$File:  <unknown>:1#1 
64694      INFO  Test worker     d.u.i.k.n.KeyIO           MODE: declarations took 0 ms 
64694      DEBUG Test worker     d.u.i.k.n.KeyIO           MODE: 2nd degree decls took 0 
65517      INFO  Test worker     d.u.i.k.n.KeyIO           Parsing took 0 ms 
65517      DEBUG Test worker     d.u.i.k.n.KeyIO           Load declarations of de.uka.ilkd.key.nparser.KeyAst$File:  <unknown>:1#1 
65517      INFO  Test worker     d.u.i.k.n.KeyIO           MODE: declarations took 0 ms 
65517      DEBUG Test worker     d.u.i.k.n.KeyIO           MODE: 2nd degree decls took 0 
68212      INFO  Test worker     d.u.i.k.n.KeyIO           Parsing took 0 ms 
68212      DEBUG Test worker     d.u.i.k.n.KeyIO           Load declarations of de.uka.ilkd.key.nparser.KeyAst$File:  <unknown>:1#1 
68227      INFO  Test worker     d.u.i.k.n.KeyIO           MODE: declarations took 15 ms 
68227      DEBUG Test worker     d.u.i.k.n.KeyIO           MODE: 2nd degree decls took 0 
69062      INFO  Test worker     d.u.i.k.n.KeyIO           Parsing took 0 ms 
69062      DEBUG Test worker     d.u.i.k.n.KeyIO           Load declarations of de.uka.ilkd.key.nparser.KeyAst$File:  <unknown>:1#1 
69062      INFO  Test worker     d.u.i.k.n.KeyIO           MODE: declarations took 0 ms 
69062      DEBUG Test worker     d.u.i.k.n.KeyIO           MODE: 2nd degree decls took 0 
74446      INFO  Test worker     d.u.i.k.n.KeyIO           Parsing took 0 ms 
74446      DEBUG Test worker     d.u.i.k.n.KeyIO           Load declarations of de.uka.ilkd.key.nparser.KeyAst$File:  <unknown>:1#1 
74462      INFO  Test worker     d.u.i.k.n.KeyIO           MODE: declarations took 16 ms 
74462      DEBUG Test worker     d.u.i.k.n.KeyIO           MODE: 2nd degree decls took 0 
75284      INFO  Test worker     d.u.i.k.n.KeyIO           Parsing took 0 ms 
75284      DEBUG Test worker     d.u.i.k.n.KeyIO           Load declarations of de.uka.ilkd.key.nparser.KeyAst$File:  <unknown>:1#1 
75284      INFO  Test worker     d.u.i.k.n.KeyIO           MODE: declarations took 0 ms 
75284      DEBUG Test worker     d.u.i.k.n.KeyIO           MODE: 2nd degree decls took 0 
77980      INFO  Test worker     d.u.i.k.n.KeyIO           Parsing took 0 ms 
77980      DEBUG Test worker     d.u.i.k.n.KeyIO           Load declarations of de.uka.ilkd.key.nparser.KeyAst$File:  <unknown>:1#1 
77980      INFO  Test worker     d.u.i.k.n.KeyIO           MODE: declarations took 0 ms 
77980      DEBUG Test worker     d.u.i.k.n.KeyIO           MODE: 2nd degree decls took 0 
78821      INFO  Test worker     d.u.i.k.n.KeyIO           Parsing took 0 ms 
78821      DEBUG Test worker     d.u.i.k.n.KeyIO           Load declarations of de.uka.ilkd.key.nparser.KeyAst$File:  <unknown>:1#1 
78821      INFO  Test worker     d.u.i.k.n.KeyIO           MODE: declarations took 0 ms 
78821      DEBUG Test worker     d.u.i.k.n.KeyIO           MODE: 2nd degree decls took 0 
]]></system-out>
  <system-err><![CDATA[]]></system-err>
</testsuite>
