<?xml version="1.0" encoding="UTF-8"?>
<testsuite name="de.uka.ilkd.key.proof.TestOneStepSimplifier" tests="1" skipped="0" failures="0" errors="0" timestamp="2023-05-10T23:59:46" hostname="fv-az1252-359" time="3.573">
  <properties/>
  <testcase name="loadWithRestriction()" classname="de.uka.ilkd.key.proof.TestOneStepSimplifier" time="3.573"/>
  <system-out><![CDATA[398399     INFO  Test worker     d.u.i.k.p.i.AbstractProblemLoader Loading environment from src\test\resources\testcase\ossRestriction.proof 
398399     DEBUG Test worker     d.u.i.k.p.i.AbstractProblemLoader Environment load took 131.2ns 
398399     INFO  Test worker     d.u.i.k.p.i.AbstractProblemLoader Creating init config 
398525     DEBUG Test worker     d.u.i.k.j.TypeConverter   No LDT found for Meta 
398525     DEBUG Test worker     d.u.i.k.j.TypeConverter   No LDT found for Meta 
398525     DEBUG Test worker     d.u.i.k.j.TypeConverter   No LDT found for Meta 
398525     DEBUG Test worker     d.u.i.k.j.TypeConverter   No LDT found for Meta 
398946     DEBUG Test worker     d.u.i.k.j.TypeConverter   No LDT found for JavaBigintExpression 
401938     DEBUG Test worker     d.u.i.k.p.i.AbstractProblemLoader Init config took 3.53s 
401954     INFO  Test worker     d.u.i.k.p.i.AbstractProblemLoader Replaying proof ossRestriction.proof 
401970     DEBUG Test worker     d.u.i.k.p.i.IntermediateProofReplayer Proof replay took 915ns 
]]></system-out>
  <system-err><![CDATA[]]></system-err>
</testsuite>
