<?xml version="1.0" encoding="UTF-8"?>
<testsuite name="de.uka.ilkd.key.parser.TestParser" tests="5" skipped="1" failures="0" errors="0" timestamp="2023-05-10T23:57:47" hostname="fv-az1252-359" time="4.492">
  <properties/>
  <testcase name="testConstantEvaluationError()" classname="de.uka.ilkd.key.parser.TestParser" time="0.9"/>
  <testcase name="testGenericSort()" classname="de.uka.ilkd.key.parser.TestParser" time="0.002"/>
  <testcase name="testIssue1566()" classname="de.uka.ilkd.key.parser.TestParser" time="2.765"/>
  <testcase name="testIssue39()" classname="de.uka.ilkd.key.parser.TestParser" time="0.822"/>
  <testcase name="testRelativeInclude()" classname="de.uka.ilkd.key.parser.TestParser" time="0.002">
    <skipped/>
  </testcase>
  <system-out><![CDATA[279465     INFO  Test worker     d.u.i.k.p.i.AbstractProblemLoader Loading environment from src\test\resources\testcase\parserErrorTest\AssignToArray.java 
279465     DEBUG Test worker     d.u.i.k.p.i.AbstractProblemLoader Environment load took 105.5ns 
279465     INFO  Test worker     d.u.i.k.p.i.AbstractProblemLoader Creating init config 
280355     INFO  Test worker     d.u.i.k.n.KeyIO           Parsing took 0 ms 
280355     DEBUG Test worker     d.u.i.k.n.KeyIO           Load declarations of de.uka.ilkd.key.nparser.KeyAst$File:  <unknown>:1#1 
280355     INFO  Test worker     d.u.i.k.n.KeyIO           MODE: declarations took 0 ms 
280355     DEBUG Test worker     d.u.i.k.n.KeyIO           MODE: 2nd degree decls took 0 
280355     DEBUG Test worker     d.u.i.k.n.KeyIO           MODE: taclets took 0ms 
280355     INFO  Test worker     d.u.i.k.p.i.AbstractProblemLoader Loading environment from src\test\resources\testcase\issues\1566\a.key 
280355     DEBUG Test worker     d.u.i.k.p.i.AbstractProblemLoader Environment load took 122.4ns 
280371     INFO  Test worker     d.u.i.k.p.i.AbstractProblemLoader Creating init config 
283118     DEBUG Test worker     d.u.i.k.p.i.AbstractProblemLoader Init config took 2.76s 
283133     INFO  Test worker     d.u.i.k.p.i.AbstractProblemLoader Replaying proof a.key 
283133     DEBUG Test worker     d.u.i.k.p.i.IntermediateProofReplayer Proof replay took 9.2ns 
283133     INFO  Test worker     d.u.i.k.p.i.AbstractProblemLoader Loading environment from src\test\resources\testcase\issues\39\A.java 
283133     DEBUG Test worker     d.u.i.k.p.i.AbstractProblemLoader Environment load took 106.8ns 
283149     INFO  Test worker     d.u.i.k.p.i.AbstractProblemLoader Creating init config 
]]></system-out>
  <system-err><![CDATA[]]></system-err>
</testsuite>
