<?xml version="1.0" encoding="UTF-8"?>
<testsuite name="de.uka.ilkd.key.parser.TestTermParserSorts" tests="2" skipped="0" failures="0" errors="0" timestamp="2023-05-10T23:59:43" hostname="fv-az1252-359" time="2.692">
  <properties/>
  <testcase name="testParseIntegerArgs()" classname="de.uka.ilkd.key.parser.TestTermParserSorts" time="0.014"/>
  <testcase name="testParseSequencePrettySyntax()" classname="de.uka.ilkd.key.parser.TestTermParserSorts" time="0.004"/>
  <system-out><![CDATA[395655     INFO  Test worker     d.u.i.k.n.KeyIO           Parsing took 0 ms 
395655     DEBUG Test worker     d.u.i.k.n.KeyIO           Load declarations of de.uka.ilkd.key.nparser.KeyAst$File:  <unknown>:1#1 
395655     INFO  Test worker     d.u.i.k.n.KeyIO           MODE: declarations took 0 ms 
395655     DEBUG Test worker     d.u.i.k.n.KeyIO           MODE: 2nd degree decls took 0 
395655     INFO  Test worker     d.u.i.k.n.KeyIO           Parsing took 0 ms 
395655     DEBUG Test worker     d.u.i.k.n.KeyIO           Load declarations of de.uka.ilkd.key.nparser.KeyAst$File:  <unknown>:1#1 
395655     INFO  Test worker     d.u.i.k.n.KeyIO           MODE: declarations took 0 ms 
395655     DEBUG Test worker     d.u.i.k.n.KeyIO           MODE: 2nd degree decls took 0 
395655     INFO  Test worker     d.u.i.k.n.KeyIO           Parsing took 0 ms 
395655     DEBUG Test worker     d.u.i.k.n.KeyIO           Load declarations of de.uka.ilkd.key.nparser.KeyAst$File:  <unknown>:1#1 
395655     INFO  Test worker     d.u.i.k.n.KeyIO           MODE: declarations took 0 ms 
395655     DEBUG Test worker     d.u.i.k.n.KeyIO           MODE: 2nd degree decls took 0 
398353     INFO  Test worker     d.u.i.k.n.KeyIO           Parsing took 0 ms 
398353     DEBUG Test worker     d.u.i.k.n.KeyIO           Load declarations of de.uka.ilkd.key.nparser.KeyAst$File:  <unknown>:1#1 
398353     INFO  Test worker     d.u.i.k.n.KeyIO           MODE: declarations took 0 ms 
398353     DEBUG Test worker     d.u.i.k.n.KeyIO           MODE: 2nd degree decls took 0 
398353     INFO  Test worker     d.u.i.k.n.KeyIO           Parsing took 0 ms 
398353     DEBUG Test worker     d.u.i.k.n.KeyIO           Load declarations of de.uka.ilkd.key.nparser.KeyAst$File:  <unknown>:1#1 
398353     INFO  Test worker     d.u.i.k.n.KeyIO           MODE: declarations took 0 ms 
398353     DEBUG Test worker     d.u.i.k.n.KeyIO           MODE: 2nd degree decls took 0 
398353     INFO  Test worker     d.u.i.k.n.KeyIO           Parsing took 0 ms 
398353     DEBUG Test worker     d.u.i.k.n.KeyIO           Load declarations of de.uka.ilkd.key.nparser.KeyAst$File:  <unknown>:1#1 
398353     INFO  Test worker     d.u.i.k.n.KeyIO           MODE: declarations took 0 ms 
398353     DEBUG Test worker     d.u.i.k.n.KeyIO           MODE: 2nd degree decls took 0 
]]></system-out>
  <system-err><![CDATA[]]></system-err>
</testsuite>
