<?xml version="1.0" encoding="UTF-8"?>
<testsuite name="de.uka.ilkd.key.parser.TestTermParserHeap" tests="39" skipped="0" failures="0" errors="0" timestamp="2023-05-10T23:57:58" hostname="fv-az1252-359" time="102.906">
  <properties/>
  <testcase name="testBracketHeapUpdate()" classname="de.uka.ilkd.key.parser.TestTermParserHeap" time="0.014"/>
  <testcase name="testStore()" classname="de.uka.ilkd.key.parser.TestTermParserHeap" time="0.01"/>
  <testcase name="testUnknownConstant()" classname="de.uka.ilkd.key.parser.TestTermParserHeap" time="0.006"/>
  <testcase name="testAllFieldsSelector()" classname="de.uka.ilkd.key.parser.TestTermParserHeap" time="0.002"/>
  <testcase name="testParsePrettyPrintedSelect()" classname="de.uka.ilkd.key.parser.TestTermParserHeap" time="0.003"/>
  <testcase name="testAccessStaticMembers()" classname="de.uka.ilkd.key.parser.TestTermParserHeap" time="0.007"/>
  <testcase name="testAtOperator_1()" classname="de.uka.ilkd.key.parser.TestTermParserHeap" time="0.002"/>
  <testcase name="testAtOperator_2()" classname="de.uka.ilkd.key.parser.TestTermParserHeap" time="0.005"/>
  <testcase name="testAtOperator_3()" classname="de.uka.ilkd.key.parser.TestTermParserHeap" time="0.004"/>
  <testcase name="testAtOperator_4()" classname="de.uka.ilkd.key.parser.TestTermParserHeap" time="0.011"/>
  <testcase name="testAtOperator_5()" classname="de.uka.ilkd.key.parser.TestTermParserHeap" time="0.005"/>
  <testcase name="testAtOperator_6()" classname="de.uka.ilkd.key.parser.TestTermParserHeap" time="0.002"/>
  <testcase name="testAtOperator_7()" classname="de.uka.ilkd.key.parser.TestTermParserHeap" time="0.003"/>
  <testcase name="testAtOperator_8()" classname="de.uka.ilkd.key.parser.TestTermParserHeap" time="0.007"/>
  <testcase name="testVerifyExceptionIfAtOperatorNotPreceededBySelectTerm()" classname="de.uka.ilkd.key.parser.TestTermParserHeap" time="0.004"/>
  <testcase name="testBugResettingCounter()" classname="de.uka.ilkd.key.parser.TestTermParserHeap" time="0.003"/>
  <testcase name="testLocationSets()" classname="de.uka.ilkd.key.parser.TestTermParserHeap" time="0.002"/>
  <testcase name="testQuantifiedSelect()" classname="de.uka.ilkd.key.parser.TestTermParserHeap" time="0.005"/>
  <testcase name="testGenericObjectProperties()" classname="de.uka.ilkd.key.parser.TestTermParserHeap" time="0.002"/>
  <testcase name="testQueryInheritance_1()" classname="de.uka.ilkd.key.parser.TestTermParserHeap" time="0.004"/>
  <testcase name="testQueryInheritance_2()" classname="de.uka.ilkd.key.parser.TestTermParserHeap" time="0.006"/>
  <testcase name="testQueryInheritance_3()" classname="de.uka.ilkd.key.parser.TestTermParserHeap" time="0.009"/>
  <testcase name="testQueryInheritance_4()" classname="de.uka.ilkd.key.parser.TestTermParserHeap" time="0.003"/>
  <testcase name="testQueryInheritance_5()" classname="de.uka.ilkd.key.parser.TestTermParserHeap" time="0.003"/>
  <testcase name="testQueryInheritance_6()" classname="de.uka.ilkd.key.parser.TestTermParserHeap" time="0.004"/>
  <testcase name="testQueryInheritance_7()" classname="de.uka.ilkd.key.parser.TestTermParserHeap" time="0.005"/>
  <testcase name="testQueryInheritance_8()" classname="de.uka.ilkd.key.parser.TestTermParserHeap" time="0.002"/>
  <testcase name="testQueryInheritance_9()" classname="de.uka.ilkd.key.parser.TestTermParserHeap" time="0.002"/>
  <testcase name="testQueryBasic_10()" classname="de.uka.ilkd.key.parser.TestTermParserHeap" time="0.004"/>
  <testcase name="testQueryBasic_11()" classname="de.uka.ilkd.key.parser.TestTermParserHeap" time="0.003"/>
  <testcase name="testQueryBasic_1()" classname="de.uka.ilkd.key.parser.TestTermParserHeap" time="0.003"/>
  <testcase name="testQueryBasic_2()" classname="de.uka.ilkd.key.parser.TestTermParserHeap" time="0.003"/>
  <testcase name="testQueryBasic_3()" classname="de.uka.ilkd.key.parser.TestTermParserHeap" time="0.009"/>
  <testcase name="testQueryBasic_4()" classname="de.uka.ilkd.key.parser.TestTermParserHeap" time="0.004"/>
  <testcase name="testQueryBasic_5()" classname="de.uka.ilkd.key.parser.TestTermParserHeap" time="0.003"/>
  <testcase name="testQueryBasic_6()" classname="de.uka.ilkd.key.parser.TestTermParserHeap" time="0.003"/>
  <testcase name="testQueryBasic_7()" classname="de.uka.ilkd.key.parser.TestTermParserHeap" time="0.004"/>
  <testcase name="testQueryBasic_8()" classname="de.uka.ilkd.key.parser.TestTermParserHeap" time="0.005"/>
  <testcase name="testQueryBasic_9()" classname="de.uka.ilkd.key.parser.TestTermParserHeap" time="0.003"/>
  <system-out><![CDATA[290015     INFO  Test worker     d.u.i.k.n.KeyIO           Parsing took 0 ms 
290015     DEBUG Test worker     d.u.i.k.n.KeyIO           Load declarations of de.uka.ilkd.key.nparser.KeyAst$File:  <unknown>:1#1 
290015     INFO  Test worker     d.u.i.k.n.KeyIO           MODE: declarations took 0 ms 
290015     DEBUG Test worker     d.u.i.k.n.KeyIO           MODE: 2nd degree decls took 0 
290015     INFO  Test worker     d.u.i.k.n.KeyIO           Parsing took 0 ms 
290015     DEBUG Test worker     d.u.i.k.n.KeyIO           Load declarations of de.uka.ilkd.key.nparser.KeyAst$File:  <unknown>:1#1 
290015     INFO  Test worker     d.u.i.k.n.KeyIO           MODE: declarations took 0 ms 
290015     DEBUG Test worker     d.u.i.k.n.KeyIO           MODE: 2nd degree decls took 0 
290015     INFO  Test worker     d.u.i.k.n.KeyIO           Parsing took 0 ms 
290015     DEBUG Test worker     d.u.i.k.n.KeyIO           Load declarations of de.uka.ilkd.key.nparser.KeyAst$File:  <unknown>:1#1 
290015     INFO  Test worker     d.u.i.k.n.KeyIO           MODE: declarations took 0 ms 
290015     DEBUG Test worker     d.u.i.k.n.KeyIO           MODE: 2nd degree decls took 0 
290015     INFO  Test worker     d.u.i.k.n.KeyIO           Parsing took 0 ms 
290015     DEBUG Test worker     d.u.i.k.n.KeyIO           Load declarations of de.uka.ilkd.key.nparser.KeyAst$File:  <unknown>:1#1 
290015     INFO  Test worker     d.u.i.k.n.KeyIO           MODE: declarations took 0 ms 
290015     DEBUG Test worker     d.u.i.k.n.KeyIO           MODE: 2nd degree decls took 0 
290015     INFO  Test worker     d.u.i.k.n.KeyIO           Parsing took 0 ms 
290015     DEBUG Test worker     d.u.i.k.n.KeyIO           Load declarations of de.uka.ilkd.key.nparser.KeyAst$File:  <unknown>:1#1 
290015     INFO  Test worker     d.u.i.k.n.KeyIO           MODE: declarations took 0 ms 
290015     DEBUG Test worker     d.u.i.k.n.KeyIO           MODE: 2nd degree decls took 0 
292822     INFO  Test worker     d.u.i.k.n.KeyIO           Parsing took 0 ms 
292822     DEBUG Test worker     d.u.i.k.n.KeyIO           Load declarations of de.uka.ilkd.key.nparser.KeyAst$File:  <unknown>:1#1 
292822     INFO  Test worker     d.u.i.k.n.KeyIO           MODE: declarations took 0 ms 
292822     DEBUG Test worker     d.u.i.k.n.KeyIO           MODE: 2nd degree decls took 0 
292822     INFO  Test worker     d.u.i.k.n.KeyIO           Parsing took 0 ms 
292822     DEBUG Test worker     d.u.i.k.n.KeyIO           Load declarations of de.uka.ilkd.key.nparser.KeyAst$File:  <unknown>:1#1 
292822     INFO  Test worker     d.u.i.k.n.KeyIO           MODE: declarations took 0 ms 
292822     DEBUG Test worker     d.u.i.k.n.KeyIO           MODE: 2nd degree decls took 0 
292822     INFO  Test worker     d.u.i.k.n.KeyIO           Parsing took 0 ms 
292822     DEBUG Test worker     d.u.i.k.n.KeyIO           Load declarations of de.uka.ilkd.key.nparser.KeyAst$File:  <unknown>:1#1 
292822     INFO  Test worker     d.u.i.k.n.KeyIO           MODE: declarations took 0 ms 
292822     DEBUG Test worker     d.u.i.k.n.KeyIO           MODE: 2nd degree decls took 0 
292822     INFO  Test worker     d.u.i.k.n.KeyIO           Parsing took 0 ms 
292822     DEBUG Test worker     d.u.i.k.n.KeyIO           Load declarations of de.uka.ilkd.key.nparser.KeyAst$File:  <unknown>:1#1 
292822     INFO  Test worker     d.u.i.k.n.KeyIO           MODE: declarations took 0 ms 
292822     DEBUG Test worker     d.u.i.k.n.KeyIO           MODE: 2nd degree decls took 0 
292822     INFO  Test worker     d.u.i.k.n.KeyIO           Parsing took 0 ms 
292822     DEBUG Test worker     d.u.i.k.n.KeyIO           Load declarations of de.uka.ilkd.key.nparser.KeyAst$File:  <unknown>:1#1 
292822     INFO  Test worker     d.u.i.k.n.KeyIO           MODE: declarations took 0 ms 
292822     DEBUG Test worker     d.u.i.k.n.KeyIO           MODE: 2nd degree decls took 0 
295632     INFO  Test worker     d.u.i.k.n.KeyIO           Parsing took 0 ms 
295632     DEBUG Test worker     d.u.i.k.n.KeyIO           Load declarations of de.uka.ilkd.key.nparser.KeyAst$File:  <unknown>:1#1 
295632     INFO  Test worker     d.u.i.k.n.KeyIO           MODE: declarations took 0 ms 
295632     DEBUG Test worker     d.u.i.k.n.KeyIO           MODE: 2nd degree decls took 0 
295632     INFO  Test worker     d.u.i.k.n.KeyIO           Parsing took 0 ms 
295632     DEBUG Test worker     d.u.i.k.n.KeyIO           Load declarations of de.uka.ilkd.key.nparser.KeyAst$File:  <unknown>:1#1 
295632     INFO  Test worker     d.u.i.k.n.KeyIO           MODE: declarations took 0 ms 
295632     DEBUG Test worker     d.u.i.k.n.KeyIO           MODE: 2nd degree decls took 0 
295632     INFO  Test worker     d.u.i.k.n.KeyIO           Parsing took 0 ms 
295632     DEBUG Test worker     d.u.i.k.n.KeyIO           Load declarations of de.uka.ilkd.key.nparser.KeyAst$File:  <unknown>:1#1 
295632     INFO  Test worker     d.u.i.k.n.KeyIO           MODE: declarations took 0 ms 
295632     DEBUG Test worker     d.u.i.k.n.KeyIO           MODE: 2nd degree decls took 0 
295632     INFO  Test worker     d.u.i.k.n.KeyIO           Parsing took 0 ms 
295632     DEBUG Test worker     d.u.i.k.n.KeyIO           Load declarations of de.uka.ilkd.key.nparser.KeyAst$File:  <unknown>:1#1 
295632     INFO  Test worker     d.u.i.k.n.KeyIO           MODE: declarations took 0 ms 
295632     DEBUG Test worker     d.u.i.k.n.KeyIO           MODE: 2nd degree decls took 0 
295632     INFO  Test worker     d.u.i.k.n.KeyIO           Parsing took 0 ms 
295632     DEBUG Test worker     d.u.i.k.n.KeyIO           Load declarations of de.uka.ilkd.key.nparser.KeyAst$File:  <unknown>:1#1 
295632     INFO  Test worker     d.u.i.k.n.KeyIO           MODE: declarations took 0 ms 
295632     DEBUG Test worker     d.u.i.k.n.KeyIO           MODE: 2nd degree decls took 0 
295632     INFO  Test worker     d.u.i.k.n.KeyIO           Parsing took 0 ms 
295632     DEBUG Test worker     d.u.i.k.n.KeyIO           Load declarations of de.uka.ilkd.key.nparser.KeyAst$File:  <unknown>:1#1 
295632     INFO  Test worker     d.u.i.k.n.KeyIO           MODE: declarations took 0 ms 
295632     DEBUG Test worker     d.u.i.k.n.KeyIO           MODE: 2nd degree decls took 0 
298450     INFO  Test worker     d.u.i.k.n.KeyIO           Parsing took 0 ms 
298450     DEBUG Test worker     d.u.i.k.n.KeyIO           Load declarations of de.uka.ilkd.key.nparser.KeyAst$File:  <unknown>:1#1 
298450     INFO  Test worker     d.u.i.k.n.KeyIO           MODE: declarations took 0 ms 
298450     DEBUG Test worker     d.u.i.k.n.KeyIO           MODE: 2nd degree decls took 0 
298450     INFO  Test worker     d.u.i.k.n.KeyIO           Parsing took 0 ms 
298450     DEBUG Test worker     d.u.i.k.n.KeyIO           Load declarations of de.uka.ilkd.key.nparser.KeyAst$File:  <unknown>:1#1 
298450     INFO  Test worker     d.u.i.k.n.KeyIO           MODE: declarations took 0 ms 
298450     DEBUG Test worker     d.u.i.k.n.KeyIO           MODE: 2nd degree decls took 0 
298450     INFO  Test worker     d.u.i.k.n.KeyIO           Parsing took 0 ms 
298450     DEBUG Test worker     d.u.i.k.n.KeyIO           Load declarations of de.uka.ilkd.key.nparser.KeyAst$File:  <unknown>:1#1 
298450     INFO  Test worker     d.u.i.k.n.KeyIO           MODE: declarations took 0 ms 
298450     DEBUG Test worker     d.u.i.k.n.KeyIO           MODE: 2nd degree decls took 0 
298450     INFO  Test worker     d.u.i.k.n.KeyIO           Parsing took 0 ms 
298450     DEBUG Test worker     d.u.i.k.n.KeyIO           Load declarations of de.uka.ilkd.key.nparser.KeyAst$File:  <unknown>:1#1 
298450     INFO  Test worker     d.u.i.k.n.KeyIO           MODE: declarations took 0 ms 
298450     DEBUG Test worker     d.u.i.k.n.KeyIO           MODE: 2nd degree decls took 0 
298450     INFO  Test worker     d.u.i.k.n.KeyIO           Parsing took 0 ms 
298450     DEBUG Test worker     d.u.i.k.n.KeyIO           Load declarations of de.uka.ilkd.key.nparser.KeyAst$File:  <unknown>:1#1 
298450     INFO  Test worker     d.u.i.k.n.KeyIO           MODE: declarations took 0 ms 
298450     DEBUG Test worker     d.u.i.k.n.KeyIO           MODE: 2nd degree decls took 0 
301183     INFO  Test worker     d.u.i.k.n.KeyIO           Parsing took 0 ms 
301183     DEBUG Test worker     d.u.i.k.n.KeyIO           Load declarations of de.uka.ilkd.key.nparser.KeyAst$File:  <unknown>:1#1 
301183     INFO  Test worker     d.u.i.k.n.KeyIO           MODE: declarations took 0 ms 
301183     DEBUG Test worker     d.u.i.k.n.KeyIO           MODE: 2nd degree decls took 0 
301183     INFO  Test worker     d.u.i.k.n.KeyIO           Parsing took 0 ms 
301183     DEBUG Test worker     d.u.i.k.n.KeyIO           Load declarations of de.uka.ilkd.key.nparser.KeyAst$File:  <unknown>:1#1 
301183     INFO  Test worker     d.u.i.k.n.KeyIO           MODE: declarations took 0 ms 
301183     DEBUG Test worker     d.u.i.k.n.KeyIO           MODE: 2nd degree decls took 0 
301183     INFO  Test worker     d.u.i.k.n.KeyIO           Parsing took 0 ms 
301183     DEBUG Test worker     d.u.i.k.n.KeyIO           Load declarations of de.uka.ilkd.key.nparser.KeyAst$File:  <unknown>:1#1 
301183     INFO  Test worker     d.u.i.k.n.KeyIO           MODE: declarations took 0 ms 
301183     DEBUG Test worker     d.u.i.k.n.KeyIO           MODE: 2nd degree decls took 0 
301183     INFO  Test worker     d.u.i.k.n.KeyIO           Parsing took 0 ms 
301183     DEBUG Test worker     d.u.i.k.n.KeyIO           Load declarations of de.uka.ilkd.key.nparser.KeyAst$File:  <unknown>:1#1 
301183     INFO  Test worker     d.u.i.k.n.KeyIO           MODE: declarations took 0 ms 
301183     DEBUG Test worker     d.u.i.k.n.KeyIO           MODE: 2nd degree decls took 0 
301183     INFO  Test worker     d.u.i.k.n.KeyIO           Parsing took 0 ms 
301183     DEBUG Test worker     d.u.i.k.n.KeyIO           Load declarations of de.uka.ilkd.key.nparser.KeyAst$File:  <unknown>:1#1 
301183     INFO  Test worker     d.u.i.k.n.KeyIO           MODE: declarations took 0 ms 
301183     DEBUG Test worker     d.u.i.k.n.KeyIO           MODE: 2nd degree decls took 0 
303941     INFO  Test worker     d.u.i.k.n.KeyIO           Parsing took 0 ms 
303941     DEBUG Test worker     d.u.i.k.n.KeyIO           Load declarations of de.uka.ilkd.key.nparser.KeyAst$File:  <unknown>:1#1 
303941     INFO  Test worker     d.u.i.k.n.KeyIO           MODE: declarations took 0 ms 
303941     DEBUG Test worker     d.u.i.k.n.KeyIO           MODE: 2nd degree decls took 0 
303941     INFO  Test worker     d.u.i.k.n.KeyIO           Parsing took 0 ms 
303941     DEBUG Test worker     d.u.i.k.n.KeyIO           Load declarations of de.uka.ilkd.key.nparser.KeyAst$File:  <unknown>:1#1 
303941     INFO  Test worker     d.u.i.k.n.KeyIO           MODE: declarations took 0 ms 
303941     DEBUG Test worker     d.u.i.k.n.KeyIO           MODE: 2nd degree decls took 0 
303941     INFO  Test worker     d.u.i.k.n.KeyIO           Parsing took 0 ms 
303941     DEBUG Test worker     d.u.i.k.n.KeyIO           Load declarations of de.uka.ilkd.key.nparser.KeyAst$File:  <unknown>:1#1 
303941     INFO  Test worker     d.u.i.k.n.KeyIO           MODE: declarations took 0 ms 
303941     DEBUG Test worker     d.u.i.k.n.KeyIO           MODE: 2nd degree decls took 0 
303941     INFO  Test worker     d.u.i.k.n.KeyIO           Parsing took 0 ms 
303941     DEBUG Test worker     d.u.i.k.n.KeyIO           Load declarations of de.uka.ilkd.key.nparser.KeyAst$File:  <unknown>:1#1 
303941     INFO  Test worker     d.u.i.k.n.KeyIO           MODE: declarations took 0 ms 
303941     DEBUG Test worker     d.u.i.k.n.KeyIO           MODE: 2nd degree decls took 0 
303941     INFO  Test worker     d.u.i.k.n.KeyIO           Parsing took 0 ms 
303941     DEBUG Test worker     d.u.i.k.n.KeyIO           Load declarations of de.uka.ilkd.key.nparser.KeyAst$File:  <unknown>:1#1 
303941     INFO  Test worker     d.u.i.k.n.KeyIO           MODE: declarations took 0 ms 
303941     DEBUG Test worker     d.u.i.k.n.KeyIO           MODE: 2nd degree decls took 0 
306627     INFO  Test worker     d.u.i.k.n.KeyIO           Parsing took 0 ms 
306627     DEBUG Test worker     d.u.i.k.n.KeyIO           Load declarations of de.uka.ilkd.key.nparser.KeyAst$File:  <unknown>:1#1 
306627     INFO  Test worker     d.u.i.k.n.KeyIO           MODE: declarations took 0 ms 
306627     DEBUG Test worker     d.u.i.k.n.KeyIO           MODE: 2nd degree decls took 0 
306627     INFO  Test worker     d.u.i.k.n.KeyIO           Parsing took 0 ms 
306627     DEBUG Test worker     d.u.i.k.n.KeyIO           Load declarations of de.uka.ilkd.key.nparser.KeyAst$File:  <unknown>:1#1 
306627     INFO  Test worker     d.u.i.k.n.KeyIO           MODE: declarations took 0 ms 
306627     DEBUG Test worker     d.u.i.k.n.KeyIO           MODE: 2nd degree decls took 0 
306627     INFO  Test worker     d.u.i.k.n.KeyIO           Parsing took 0 ms 
306627     DEBUG Test worker     d.u.i.k.n.KeyIO           Load declarations of de.uka.ilkd.key.nparser.KeyAst$File:  <unknown>:1#1 
306627     INFO  Test worker     d.u.i.k.n.KeyIO           MODE: declarations took 0 ms 
306627     DEBUG Test worker     d.u.i.k.n.KeyIO           MODE: 2nd degree decls took 0 
306627     INFO  Test worker     d.u.i.k.n.KeyIO           Parsing took 0 ms 
306627     DEBUG Test worker     d.u.i.k.n.KeyIO           Load declarations of de.uka.ilkd.key.nparser.KeyAst$File:  <unknown>:1#1 
306627     INFO  Test worker     d.u.i.k.n.KeyIO           MODE: declarations took 0 ms 
306627     DEBUG Test worker     d.u.i.k.n.KeyIO           MODE: 2nd degree decls took 0 
306627     INFO  Test worker     d.u.i.k.n.KeyIO           Parsing took 0 ms 
306627     DEBUG Test worker     d.u.i.k.n.KeyIO           Load declarations of de.uka.ilkd.key.nparser.KeyAst$File:  <unknown>:1#1 
306627     INFO  Test worker     d.u.i.k.n.KeyIO           MODE: declarations took 0 ms 
306627     DEBUG Test worker     d.u.i.k.n.KeyIO           MODE: 2nd degree decls took 0 
309316     INFO  Test worker     d.u.i.k.n.KeyIO           Parsing took 0 ms 
309316     DEBUG Test worker     d.u.i.k.n.KeyIO           Load declarations of de.uka.ilkd.key.nparser.KeyAst$File:  <unknown>:1#1 
309316     INFO  Test worker     d.u.i.k.n.KeyIO           MODE: declarations took 0 ms 
309331     DEBUG Test worker     d.u.i.k.n.KeyIO           MODE: 2nd degree decls took 0 
309331     INFO  Test worker     d.u.i.k.n.KeyIO           Parsing took 0 ms 
309331     DEBUG Test worker     d.u.i.k.n.KeyIO           Load declarations of de.uka.ilkd.key.nparser.KeyAst$File:  <unknown>:1#1 
309331     INFO  Test worker     d.u.i.k.n.KeyIO           MODE: declarations took 0 ms 
309331     DEBUG Test worker     d.u.i.k.n.KeyIO           MODE: 2nd degree decls took 0 
309331     INFO  Test worker     d.u.i.k.n.KeyIO           Parsing took 0 ms 
309331     DEBUG Test worker     d.u.i.k.n.KeyIO           Load declarations of de.uka.ilkd.key.nparser.KeyAst$File:  <unknown>:1#1 
309331     INFO  Test worker     d.u.i.k.n.KeyIO           MODE: declarations took 0 ms 
309331     DEBUG Test worker     d.u.i.k.n.KeyIO           MODE: 2nd degree decls took 0 
309331     INFO  Test worker     d.u.i.k.n.KeyIO           Parsing took 0 ms 
309331     DEBUG Test worker     d.u.i.k.n.KeyIO           Load declarations of de.uka.ilkd.key.nparser.KeyAst$File:  <unknown>:1#1 
309331     INFO  Test worker     d.u.i.k.n.KeyIO           MODE: declarations took 0 ms 
309331     DEBUG Test worker     d.u.i.k.n.KeyIO           MODE: 2nd degree decls took 0 
309331     INFO  Test worker     d.u.i.k.n.KeyIO           Parsing took 0 ms 
309331     DEBUG Test worker     d.u.i.k.n.KeyIO           Load declarations of de.uka.ilkd.key.nparser.KeyAst$File:  <unknown>:1#1 
309331     INFO  Test worker     d.u.i.k.n.KeyIO           MODE: declarations took 0 ms 
309331     DEBUG Test worker     d.u.i.k.n.KeyIO           MODE: 2nd degree decls took 0 
312028     INFO  Test worker     d.u.i.k.n.KeyIO           Parsing took 0 ms 
312028     DEBUG Test worker     d.u.i.k.n.KeyIO           Load declarations of de.uka.ilkd.key.nparser.KeyAst$File:  <unknown>:1#1 
312028     INFO  Test worker     d.u.i.k.n.KeyIO           MODE: declarations took 0 ms 
312028     DEBUG Test worker     d.u.i.k.n.KeyIO           MODE: 2nd degree decls took 0 
312028     INFO  Test worker     d.u.i.k.n.KeyIO           Parsing took 0 ms 
312028     DEBUG Test worker     d.u.i.k.n.KeyIO           Load declarations of de.uka.ilkd.key.nparser.KeyAst$File:  <unknown>:1#1 
312028     INFO  Test worker     d.u.i.k.n.KeyIO           MODE: declarations took 0 ms 
312028     DEBUG Test worker     d.u.i.k.n.KeyIO           MODE: 2nd degree decls took 0 
312028     INFO  Test worker     d.u.i.k.n.KeyIO           Parsing took 0 ms 
312028     DEBUG Test worker     d.u.i.k.n.KeyIO           Load declarations of de.uka.ilkd.key.nparser.KeyAst$File:  <unknown>:1#1 
312028     INFO  Test worker     d.u.i.k.n.KeyIO           MODE: declarations took 0 ms 
312028     DEBUG Test worker     d.u.i.k.n.KeyIO           MODE: 2nd degree decls took 0 
312028     INFO  Test worker     d.u.i.k.n.KeyIO           Parsing took 0 ms 
312028     DEBUG Test worker     d.u.i.k.n.KeyIO           Load declarations of de.uka.ilkd.key.nparser.KeyAst$File:  <unknown>:1#1 
312028     INFO  Test worker     d.u.i.k.n.KeyIO           MODE: declarations took 0 ms 
312028     DEBUG Test worker     d.u.i.k.n.KeyIO           MODE: 2nd degree decls took 0 
312028     INFO  Test worker     d.u.i.k.n.KeyIO           Parsing took 0 ms 
312028     DEBUG Test worker     d.u.i.k.n.KeyIO           Load declarations of de.uka.ilkd.key.nparser.KeyAst$File:  <unknown>:1#1 
312028     INFO  Test worker     d.u.i.k.n.KeyIO           MODE: declarations took 0 ms 
312028     DEBUG Test worker     d.u.i.k.n.KeyIO           MODE: 2nd degree decls took 0 
314729     INFO  Test worker     d.u.i.k.n.KeyIO           Parsing took 0 ms 
314729     DEBUG Test worker     d.u.i.k.n.KeyIO           Load declarations of de.uka.ilkd.key.nparser.KeyAst$File:  <unknown>:1#1 
314729     INFO  Test worker     d.u.i.k.n.KeyIO           MODE: declarations took 0 ms 
314729     DEBUG Test worker     d.u.i.k.n.KeyIO           MODE: 2nd degree decls took 0 
314729     INFO  Test worker     d.u.i.k.n.KeyIO           Parsing took 0 ms 
314729     DEBUG Test worker     d.u.i.k.n.KeyIO           Load declarations of de.uka.ilkd.key.nparser.KeyAst$File:  <unknown>:1#1 
314729     INFO  Test worker     d.u.i.k.n.KeyIO           MODE: declarations took 0 ms 
314729     DEBUG Test worker     d.u.i.k.n.KeyIO           MODE: 2nd degree decls took 0 
314729     INFO  Test worker     d.u.i.k.n.KeyIO           Parsing took 0 ms 
314729     DEBUG Test worker     d.u.i.k.n.KeyIO           Load declarations of de.uka.ilkd.key.nparser.KeyAst$File:  <unknown>:1#1 
314729     INFO  Test worker     d.u.i.k.n.KeyIO           MODE: declarations took 0 ms 
314729     DEBUG Test worker     d.u.i.k.n.KeyIO           MODE: 2nd degree decls took 0 
314729     INFO  Test worker     d.u.i.k.n.KeyIO           Parsing took 0 ms 
314729     DEBUG Test worker     d.u.i.k.n.KeyIO           Load declarations of de.uka.ilkd.key.nparser.KeyAst$File:  <unknown>:1#1 
314729     INFO  Test worker     d.u.i.k.n.KeyIO           MODE: declarations took 0 ms 
314729     DEBUG Test worker     d.u.i.k.n.KeyIO           MODE: 2nd degree decls took 0 
314729     INFO  Test worker     d.u.i.k.n.KeyIO           Parsing took 0 ms 
314729     DEBUG Test worker     d.u.i.k.n.KeyIO           Load declarations of de.uka.ilkd.key.nparser.KeyAst$File:  <unknown>:1#1 
314729     INFO  Test worker     d.u.i.k.n.KeyIO           MODE: declarations took 0 ms 
314729     DEBUG Test worker     d.u.i.k.n.KeyIO           MODE: 2nd degree decls took 0 
317440     INFO  Test worker     d.u.i.k.n.KeyIO           Parsing took 0 ms 
317440     DEBUG Test worker     d.u.i.k.n.KeyIO           Load declarations of de.uka.ilkd.key.nparser.KeyAst$File:  <unknown>:1#1 
317440     INFO  Test worker     d.u.i.k.n.KeyIO           MODE: declarations took 0 ms 
317440     DEBUG Test worker     d.u.i.k.n.KeyIO           MODE: 2nd degree decls took 0 
317440     INFO  Test worker     d.u.i.k.n.KeyIO           Parsing took 0 ms 
317440     DEBUG Test worker     d.u.i.k.n.KeyIO           Load declarations of de.uka.ilkd.key.nparser.KeyAst$File:  <unknown>:1#1 
317440     INFO  Test worker     d.u.i.k.n.KeyIO           MODE: declarations took 0 ms 
317440     DEBUG Test worker     d.u.i.k.n.KeyIO           MODE: 2nd degree decls took 0 
317440     INFO  Test worker     d.u.i.k.n.KeyIO           Parsing took 0 ms 
317440     DEBUG Test worker     d.u.i.k.n.KeyIO           Load declarations of de.uka.ilkd.key.nparser.KeyAst$File:  <unknown>:1#1 
317440     INFO  Test worker     d.u.i.k.n.KeyIO           MODE: declarations took 0 ms 
317440     DEBUG Test worker     d.u.i.k.n.KeyIO           MODE: 2nd degree decls took 0 
317440     INFO  Test worker     d.u.i.k.n.KeyIO           Parsing took 0 ms 
317440     DEBUG Test worker     d.u.i.k.n.KeyIO           Load declarations of de.uka.ilkd.key.nparser.KeyAst$File:  <unknown>:1#1 
317440     INFO  Test worker     d.u.i.k.n.KeyIO           MODE: declarations took 0 ms 
317440     DEBUG Test worker     d.u.i.k.n.KeyIO           MODE: 2nd degree decls took 0 
317440     INFO  Test worker     d.u.i.k.n.KeyIO           Parsing took 0 ms 
317440     DEBUG Test worker     d.u.i.k.n.KeyIO           Load declarations of de.uka.ilkd.key.nparser.KeyAst$File:  <unknown>:1#1 
317440     INFO  Test worker     d.u.i.k.n.KeyIO           MODE: declarations took 0 ms 
317440     DEBUG Test worker     d.u.i.k.n.KeyIO           MODE: 2nd degree decls took 0 
320151     INFO  Test worker     d.u.i.k.n.KeyIO           Parsing took 0 ms 
320151     DEBUG Test worker     d.u.i.k.n.KeyIO           Load declarations of de.uka.ilkd.key.nparser.KeyAst$File:  <unknown>:1#1 
320151     INFO  Test worker     d.u.i.k.n.KeyIO           MODE: declarations took 0 ms 
320151     DEBUG Test worker     d.u.i.k.n.KeyIO           MODE: 2nd degree decls took 0 
320151     INFO  Test worker     d.u.i.k.n.KeyIO           Parsing took 0 ms 
320151     DEBUG Test worker     d.u.i.k.n.KeyIO           Load declarations of de.uka.ilkd.key.nparser.KeyAst$File:  <unknown>:1#1 
320151     INFO  Test worker     d.u.i.k.n.KeyIO           MODE: declarations took 0 ms 
320151     DEBUG Test worker     d.u.i.k.n.KeyIO           MODE: 2nd degree decls took 0 
320151     INFO  Test worker     d.u.i.k.n.KeyIO           Parsing took 0 ms 
320151     DEBUG Test worker     d.u.i.k.n.KeyIO           Load declarations of de.uka.ilkd.key.nparser.KeyAst$File:  <unknown>:1#1 
320151     INFO  Test worker     d.u.i.k.n.KeyIO           MODE: declarations took 0 ms 
320151     DEBUG Test worker     d.u.i.k.n.KeyIO           MODE: 2nd degree decls took 0 
320151     INFO  Test worker     d.u.i.k.n.KeyIO           Parsing took 0 ms 
320151     DEBUG Test worker     d.u.i.k.n.KeyIO           Load declarations of de.uka.ilkd.key.nparser.KeyAst$File:  <unknown>:1#1 
320151     INFO  Test worker     d.u.i.k.n.KeyIO           MODE: declarations took 0 ms 
320151     DEBUG Test worker     d.u.i.k.n.KeyIO           MODE: 2nd degree decls took 0 
320151     INFO  Test worker     d.u.i.k.n.KeyIO           Parsing took 0 ms 
320151     DEBUG Test worker     d.u.i.k.n.KeyIO           Load declarations of de.uka.ilkd.key.nparser.KeyAst$File:  <unknown>:1#1 
320151     INFO  Test worker     d.u.i.k.n.KeyIO           MODE: declarations took 0 ms 
320151     DEBUG Test worker     d.u.i.k.n.KeyIO           MODE: 2nd degree decls took 0 
322842     INFO  Test worker     d.u.i.k.n.KeyIO           Parsing took 0 ms 
322842     DEBUG Test worker     d.u.i.k.n.KeyIO           Load declarations of de.uka.ilkd.key.nparser.KeyAst$File:  <unknown>:1#1 
322842     INFO  Test worker     d.u.i.k.n.KeyIO           MODE: declarations took 0 ms 
322842     DEBUG Test worker     d.u.i.k.n.KeyIO           MODE: 2nd degree decls took 0 
322842     INFO  Test worker     d.u.i.k.n.KeyIO           Parsing took 0 ms 
322842     DEBUG Test worker     d.u.i.k.n.KeyIO           Load declarations of de.uka.ilkd.key.nparser.KeyAst$File:  <unknown>:1#1 
322842     INFO  Test worker     d.u.i.k.n.KeyIO           MODE: declarations took 0 ms 
322842     DEBUG Test worker     d.u.i.k.n.KeyIO           MODE: 2nd degree decls took 0 
322842     INFO  Test worker     d.u.i.k.n.KeyIO           Parsing took 0 ms 
322842     DEBUG Test worker     d.u.i.k.n.KeyIO           Load declarations of de.uka.ilkd.key.nparser.KeyAst$File:  <unknown>:1#1 
322842     INFO  Test worker     d.u.i.k.n.KeyIO           MODE: declarations took 0 ms 
322842     DEBUG Test worker     d.u.i.k.n.KeyIO           MODE: 2nd degree decls took 0 
322842     INFO  Test worker     d.u.i.k.n.KeyIO           Parsing took 0 ms 
322842     DEBUG Test worker     d.u.i.k.n.KeyIO           Load declarations of de.uka.ilkd.key.nparser.KeyAst$File:  <unknown>:1#1 
322842     INFO  Test worker     d.u.i.k.n.KeyIO           MODE: declarations took 0 ms 
322842     DEBUG Test worker     d.u.i.k.n.KeyIO           MODE: 2nd degree decls took 0 
322842     INFO  Test worker     d.u.i.k.n.KeyIO           Parsing took 0 ms 
322842     DEBUG Test worker     d.u.i.k.n.KeyIO           Load declarations of de.uka.ilkd.key.nparser.KeyAst$File:  <unknown>:1#1 
322842     INFO  Test worker     d.u.i.k.n.KeyIO           MODE: declarations took 0 ms 
322842     DEBUG Test worker     d.u.i.k.n.KeyIO           MODE: 2nd degree decls took 0 
325556     INFO  Test worker     d.u.i.k.n.KeyIO           Parsing took 0 ms 
325556     DEBUG Test worker     d.u.i.k.n.KeyIO           Load declarations of de.uka.ilkd.key.nparser.KeyAst$File:  <unknown>:1#1 
325556     INFO  Test worker     d.u.i.k.n.KeyIO           MODE: declarations took 0 ms 
325556     DEBUG Test worker     d.u.i.k.n.KeyIO           MODE: 2nd degree decls took 0 
325556     INFO  Test worker     d.u.i.k.n.KeyIO           Parsing took 0 ms 
325556     DEBUG Test worker     d.u.i.k.n.KeyIO           Load declarations of de.uka.ilkd.key.nparser.KeyAst$File:  <unknown>:1#1 
325556     INFO  Test worker     d.u.i.k.n.KeyIO           MODE: declarations took 0 ms 
325556     DEBUG Test worker     d.u.i.k.n.KeyIO           MODE: 2nd degree decls took 0 
325556     INFO  Test worker     d.u.i.k.n.KeyIO           Parsing took 0 ms 
325556     DEBUG Test worker     d.u.i.k.n.KeyIO           Load declarations of de.uka.ilkd.key.nparser.KeyAst$File:  <unknown>:1#1 
325556     INFO  Test worker     d.u.i.k.n.KeyIO           MODE: declarations took 0 ms 
325556     DEBUG Test worker     d.u.i.k.n.KeyIO           MODE: 2nd degree decls took 0 
325556     INFO  Test worker     d.u.i.k.n.KeyIO           Parsing took 0 ms 
325556     DEBUG Test worker     d.u.i.k.n.KeyIO           Load declarations of de.uka.ilkd.key.nparser.KeyAst$File:  <unknown>:1#1 
325556     INFO  Test worker     d.u.i.k.n.KeyIO           MODE: declarations took 0 ms 
325556     DEBUG Test worker     d.u.i.k.n.KeyIO           MODE: 2nd degree decls took 0 
325556     INFO  Test worker     d.u.i.k.n.KeyIO           Parsing took 0 ms 
325556     DEBUG Test worker     d.u.i.k.n.KeyIO           Load declarations of de.uka.ilkd.key.nparser.KeyAst$File:  <unknown>:1#1 
325556     INFO  Test worker     d.u.i.k.n.KeyIO           MODE: declarations took 0 ms 
325556     DEBUG Test worker     d.u.i.k.n.KeyIO           MODE: 2nd degree decls took 0 
328259     INFO  Test worker     d.u.i.k.n.KeyIO           Parsing took 0 ms 
328259     DEBUG Test worker     d.u.i.k.n.KeyIO           Load declarations of de.uka.ilkd.key.nparser.KeyAst$File:  <unknown>:1#1 
328259     INFO  Test worker     d.u.i.k.n.KeyIO           MODE: declarations took 0 ms 
328259     DEBUG Test worker     d.u.i.k.n.KeyIO           MODE: 2nd degree decls took 0 
328259     INFO  Test worker     d.u.i.k.n.KeyIO           Parsing took 0 ms 
328259     DEBUG Test worker     d.u.i.k.n.KeyIO           Load declarations of de.uka.ilkd.key.nparser.KeyAst$File:  <unknown>:1#1 
328259     INFO  Test worker     d.u.i.k.n.KeyIO           MODE: declarations took 0 ms 
328259     DEBUG Test worker     d.u.i.k.n.KeyIO           MODE: 2nd degree decls took 0 
328259     INFO  Test worker     d.u.i.k.n.KeyIO           Parsing took 0 ms 
328259     DEBUG Test worker     d.u.i.k.n.KeyIO           Load declarations of de.uka.ilkd.key.nparser.KeyAst$File:  <unknown>:1#1 
328259     INFO  Test worker     d.u.i.k.n.KeyIO           MODE: declarations took 0 ms 
328259     DEBUG Test worker     d.u.i.k.n.KeyIO           MODE: 2nd degree decls took 0 
328259     INFO  Test worker     d.u.i.k.n.KeyIO           Parsing took 0 ms 
328259     DEBUG Test worker     d.u.i.k.n.KeyIO           Load declarations of de.uka.ilkd.key.nparser.KeyAst$File:  <unknown>:1#1 
328259     INFO  Test worker     d.u.i.k.n.KeyIO           MODE: declarations took 0 ms 
328259     DEBUG Test worker     d.u.i.k.n.KeyIO           MODE: 2nd degree decls took 0 
328259     INFO  Test worker     d.u.i.k.n.KeyIO           Parsing took 0 ms 
328259     DEBUG Test worker     d.u.i.k.n.KeyIO           Load declarations of de.uka.ilkd.key.nparser.KeyAst$File:  <unknown>:1#1 
328259     INFO  Test worker     d.u.i.k.n.KeyIO           MODE: declarations took 0 ms 
328259     DEBUG Test worker     d.u.i.k.n.KeyIO           MODE: 2nd degree decls took 0 
328259     WARN  Test worker     d.u.i.k.n.KeYParser       [syntax-error] <unknown>:1:11: mismatched input '@' expecting {'/', ':=', '.', '(', ')', '{', '[', '@', PARALLEL, OR, AND, IMP, '=', NOT_EQUALS, '%', '*', '-', '+', '>', GREATEREQUAL, '<', LESSEQUAL, LGUILLEMETS, EQV} [@11,11:11='@',<153>,1:11] (termEOF) 
330924     INFO  Test worker     d.u.i.k.n.KeyIO           Parsing took 0 ms 
330924     DEBUG Test worker     d.u.i.k.n.KeyIO           Load declarations of de.uka.ilkd.key.nparser.KeyAst$File:  <unknown>:1#1 
330924     INFO  Test worker     d.u.i.k.n.KeyIO           MODE: declarations took 0 ms 
330924     DEBUG Test worker     d.u.i.k.n.KeyIO           MODE: 2nd degree decls took 0 
330924     INFO  Test worker     d.u.i.k.n.KeyIO           Parsing took 0 ms 
330924     DEBUG Test worker     d.u.i.k.n.KeyIO           Load declarations of de.uka.ilkd.key.nparser.KeyAst$File:  <unknown>:1#1 
330924     INFO  Test worker     d.u.i.k.n.KeyIO           MODE: declarations took 0 ms 
330924     DEBUG Test worker     d.u.i.k.n.KeyIO           MODE: 2nd degree decls took 0 
330924     INFO  Test worker     d.u.i.k.n.KeyIO           Parsing took 0 ms 
330924     DEBUG Test worker     d.u.i.k.n.KeyIO           Load declarations of de.uka.ilkd.key.nparser.KeyAst$File:  <unknown>:1#1 
330924     INFO  Test worker     d.u.i.k.n.KeyIO           MODE: declarations took 0 ms 
330924     DEBUG Test worker     d.u.i.k.n.KeyIO           MODE: 2nd degree decls took 0 
330924     INFO  Test worker     d.u.i.k.n.KeyIO           Parsing took 0 ms 
330924     DEBUG Test worker     d.u.i.k.n.KeyIO           Load declarations of de.uka.ilkd.key.nparser.KeyAst$File:  <unknown>:1#1 
330924     INFO  Test worker     d.u.i.k.n.KeyIO           MODE: declarations took 0 ms 
330924     DEBUG Test worker     d.u.i.k.n.KeyIO           MODE: 2nd degree decls took 0 
330924     INFO  Test worker     d.u.i.k.n.KeyIO           Parsing took 0 ms 
330924     DEBUG Test worker     d.u.i.k.n.KeyIO           Load declarations of de.uka.ilkd.key.nparser.KeyAst$File:  <unknown>:1#1 
330924     INFO  Test worker     d.u.i.k.n.KeyIO           MODE: declarations took 0 ms 
330924     DEBUG Test worker     d.u.i.k.n.KeyIO           MODE: 2nd degree decls took 0 
333621     INFO  Test worker     d.u.i.k.n.KeyIO           Parsing took 0 ms 
333621     DEBUG Test worker     d.u.i.k.n.KeyIO           Load declarations of de.uka.ilkd.key.nparser.KeyAst$File:  <unknown>:1#1 
333621     INFO  Test worker     d.u.i.k.n.KeyIO           MODE: declarations took 0 ms 
333621     DEBUG Test worker     d.u.i.k.n.KeyIO           MODE: 2nd degree decls took 0 
333621     INFO  Test worker     d.u.i.k.n.KeyIO           Parsing took 0 ms 
333621     DEBUG Test worker     d.u.i.k.n.KeyIO           Load declarations of de.uka.ilkd.key.nparser.KeyAst$File:  <unknown>:1#1 
333621     INFO  Test worker     d.u.i.k.n.KeyIO           MODE: declarations took 0 ms 
333621     DEBUG Test worker     d.u.i.k.n.KeyIO           MODE: 2nd degree decls took 0 
333621     INFO  Test worker     d.u.i.k.n.KeyIO           Parsing took 0 ms 
333621     DEBUG Test worker     d.u.i.k.n.KeyIO           Load declarations of de.uka.ilkd.key.nparser.KeyAst$File:  <unknown>:1#1 
333621     INFO  Test worker     d.u.i.k.n.KeyIO           MODE: declarations took 0 ms 
333621     DEBUG Test worker     d.u.i.k.n.KeyIO           MODE: 2nd degree decls took 0 
333621     INFO  Test worker     d.u.i.k.n.KeyIO           Parsing took 0 ms 
333621     DEBUG Test worker     d.u.i.k.n.KeyIO           Load declarations of de.uka.ilkd.key.nparser.KeyAst$File:  <unknown>:1#1 
333621     INFO  Test worker     d.u.i.k.n.KeyIO           MODE: declarations took 0 ms 
333621     DEBUG Test worker     d.u.i.k.n.KeyIO           MODE: 2nd degree decls took 0 
333621     INFO  Test worker     d.u.i.k.n.KeyIO           Parsing took 0 ms 
333621     DEBUG Test worker     d.u.i.k.n.KeyIO           Load declarations of de.uka.ilkd.key.nparser.KeyAst$File:  <unknown>:1#1 
333621     INFO  Test worker     d.u.i.k.n.KeyIO           MODE: declarations took 0 ms 
333621     DEBUG Test worker     d.u.i.k.n.KeyIO           MODE: 2nd degree decls took 0 
336290     INFO  Test worker     d.u.i.k.n.KeyIO           Parsing took 0 ms 
336290     DEBUG Test worker     d.u.i.k.n.KeyIO           Load declarations of de.uka.ilkd.key.nparser.KeyAst$File:  <unknown>:1#1 
336290     INFO  Test worker     d.u.i.k.n.KeyIO           MODE: declarations took 0 ms 
336290     DEBUG Test worker     d.u.i.k.n.KeyIO           MODE: 2nd degree decls took 0 
336290     INFO  Test worker     d.u.i.k.n.KeyIO           Parsing took 0 ms 
336290     DEBUG Test worker     d.u.i.k.n.KeyIO           Load declarations of de.uka.ilkd.key.nparser.KeyAst$File:  <unknown>:1#1 
336290     INFO  Test worker     d.u.i.k.n.KeyIO           MODE: declarations took 0 ms 
336290     DEBUG Test worker     d.u.i.k.n.KeyIO           MODE: 2nd degree decls took 0 
336290     INFO  Test worker     d.u.i.k.n.KeyIO           Parsing took 0 ms 
336290     DEBUG Test worker     d.u.i.k.n.KeyIO           Load declarations of de.uka.ilkd.key.nparser.KeyAst$File:  <unknown>:1#1 
336290     INFO  Test worker     d.u.i.k.n.KeyIO           MODE: declarations took 0 ms 
336290     DEBUG Test worker     d.u.i.k.n.KeyIO           MODE: 2nd degree decls took 0 
336290     INFO  Test worker     d.u.i.k.n.KeyIO           Parsing took 0 ms 
336290     DEBUG Test worker     d.u.i.k.n.KeyIO           Load declarations of de.uka.ilkd.key.nparser.KeyAst$File:  <unknown>:1#1 
336290     INFO  Test worker     d.u.i.k.n.KeyIO           MODE: declarations took 0 ms 
336290     DEBUG Test worker     d.u.i.k.n.KeyIO           MODE: 2nd degree decls took 0 
336290     INFO  Test worker     d.u.i.k.n.KeyIO           Parsing took 0 ms 
336290     DEBUG Test worker     d.u.i.k.n.KeyIO           Load declarations of de.uka.ilkd.key.nparser.KeyAst$File:  <unknown>:1#1 
336290     INFO  Test worker     d.u.i.k.n.KeyIO           MODE: declarations took 0 ms 
336290     DEBUG Test worker     d.u.i.k.n.KeyIO           MODE: 2nd degree decls took 0 
338998     INFO  Test worker     d.u.i.k.n.KeyIO           Parsing took 0 ms 
338998     DEBUG Test worker     d.u.i.k.n.KeyIO           Load declarations of de.uka.ilkd.key.nparser.KeyAst$File:  <unknown>:1#1 
338998     INFO  Test worker     d.u.i.k.n.KeyIO           MODE: declarations took 0 ms 
338998     DEBUG Test worker     d.u.i.k.n.KeyIO           MODE: 2nd degree decls took 0 
338998     INFO  Test worker     d.u.i.k.n.KeyIO           Parsing took 0 ms 
338998     DEBUG Test worker     d.u.i.k.n.KeyIO           Load declarations of de.uka.ilkd.key.nparser.KeyAst$File:  <unknown>:1#1 
338998     INFO  Test worker     d.u.i.k.n.KeyIO           MODE: declarations took 0 ms 
338998     DEBUG Test worker     d.u.i.k.n.KeyIO           MODE: 2nd degree decls took 0 
338998     INFO  Test worker     d.u.i.k.n.KeyIO           Parsing took 0 ms 
338998     DEBUG Test worker     d.u.i.k.n.KeyIO           Load declarations of de.uka.ilkd.key.nparser.KeyAst$File:  <unknown>:1#1 
338998     INFO  Test worker     d.u.i.k.n.KeyIO           MODE: declarations took 0 ms 
338998     DEBUG Test worker     d.u.i.k.n.KeyIO           MODE: 2nd degree decls took 0 
338998     INFO  Test worker     d.u.i.k.n.KeyIO           Parsing took 0 ms 
338998     DEBUG Test worker     d.u.i.k.n.KeyIO           Load declarations of de.uka.ilkd.key.nparser.KeyAst$File:  <unknown>:1#1 
338998     INFO  Test worker     d.u.i.k.n.KeyIO           MODE: declarations took 0 ms 
338998     DEBUG Test worker     d.u.i.k.n.KeyIO           MODE: 2nd degree decls took 0 
338998     INFO  Test worker     d.u.i.k.n.KeyIO           Parsing took 0 ms 
338998     DEBUG Test worker     d.u.i.k.n.KeyIO           Load declarations of de.uka.ilkd.key.nparser.KeyAst$File:  <unknown>:1#1 
338998     INFO  Test worker     d.u.i.k.n.KeyIO           MODE: declarations took 0 ms 
338998     DEBUG Test worker     d.u.i.k.n.KeyIO           MODE: 2nd degree decls took 0 
341659     INFO  Test worker     d.u.i.k.n.KeyIO           Parsing took 0 ms 
341659     DEBUG Test worker     d.u.i.k.n.KeyIO           Load declarations of de.uka.ilkd.key.nparser.KeyAst$File:  <unknown>:1#1 
341659     INFO  Test worker     d.u.i.k.n.KeyIO           MODE: declarations took 0 ms 
341659     DEBUG Test worker     d.u.i.k.n.KeyIO           MODE: 2nd degree decls took 0 
341659     INFO  Test worker     d.u.i.k.n.KeyIO           Parsing took 0 ms 
341659     DEBUG Test worker     d.u.i.k.n.KeyIO           Load declarations of de.uka.ilkd.key.nparser.KeyAst$File:  <unknown>:1#1 
341659     INFO  Test worker     d.u.i.k.n.KeyIO           MODE: declarations took 0 ms 
341659     DEBUG Test worker     d.u.i.k.n.KeyIO           MODE: 2nd degree decls took 0 
341659     INFO  Test worker     d.u.i.k.n.KeyIO           Parsing took 0 ms 
341659     DEBUG Test worker     d.u.i.k.n.KeyIO           Load declarations of de.uka.ilkd.key.nparser.KeyAst$File:  <unknown>:1#1 
341659     INFO  Test worker     d.u.i.k.n.KeyIO           MODE: declarations took 0 ms 
341659     DEBUG Test worker     d.u.i.k.n.KeyIO           MODE: 2nd degree decls took 0 
341659     INFO  Test worker     d.u.i.k.n.KeyIO           Parsing took 0 ms 
341659     DEBUG Test worker     d.u.i.k.n.KeyIO           Load declarations of de.uka.ilkd.key.nparser.KeyAst$File:  <unknown>:1#1 
341659     INFO  Test worker     d.u.i.k.n.KeyIO           MODE: declarations took 0 ms 
341659     DEBUG Test worker     d.u.i.k.n.KeyIO           MODE: 2nd degree decls took 0 
341659     INFO  Test worker     d.u.i.k.n.KeyIO           Parsing took 0 ms 
341659     DEBUG Test worker     d.u.i.k.n.KeyIO           Load declarations of de.uka.ilkd.key.nparser.KeyAst$File:  <unknown>:1#1 
341659     INFO  Test worker     d.u.i.k.n.KeyIO           MODE: declarations took 0 ms 
341659     DEBUG Test worker     d.u.i.k.n.KeyIO           MODE: 2nd degree decls took 0 
344349     INFO  Test worker     d.u.i.k.n.KeyIO           Parsing took 0 ms 
344349     DEBUG Test worker     d.u.i.k.n.KeyIO           Load declarations of de.uka.ilkd.key.nparser.KeyAst$File:  <unknown>:1#1 
344349     INFO  Test worker     d.u.i.k.n.KeyIO           MODE: declarations took 0 ms 
344349     DEBUG Test worker     d.u.i.k.n.KeyIO           MODE: 2nd degree decls took 0 
344349     INFO  Test worker     d.u.i.k.n.KeyIO           Parsing took 0 ms 
344349     DEBUG Test worker     d.u.i.k.n.KeyIO           Load declarations of de.uka.ilkd.key.nparser.KeyAst$File:  <unknown>:1#1 
344349     INFO  Test worker     d.u.i.k.n.KeyIO           MODE: declarations took 0 ms 
344349     DEBUG Test worker     d.u.i.k.n.KeyIO           MODE: 2nd degree decls took 0 
344349     INFO  Test worker     d.u.i.k.n.KeyIO           Parsing took 0 ms 
344349     DEBUG Test worker     d.u.i.k.n.KeyIO           Load declarations of de.uka.ilkd.key.nparser.KeyAst$File:  <unknown>:1#1 
344349     INFO  Test worker     d.u.i.k.n.KeyIO           MODE: declarations took 0 ms 
344349     DEBUG Test worker     d.u.i.k.n.KeyIO           MODE: 2nd degree decls took 0 
344349     INFO  Test worker     d.u.i.k.n.KeyIO           Parsing took 0 ms 
344349     DEBUG Test worker     d.u.i.k.n.KeyIO           Load declarations of de.uka.ilkd.key.nparser.KeyAst$File:  <unknown>:1#1 
344349     INFO  Test worker     d.u.i.k.n.KeyIO           MODE: declarations took 0 ms 
344349     DEBUG Test worker     d.u.i.k.n.KeyIO           MODE: 2nd degree decls took 0 
344349     INFO  Test worker     d.u.i.k.n.KeyIO           Parsing took 0 ms 
344349     DEBUG Test worker     d.u.i.k.n.KeyIO           Load declarations of de.uka.ilkd.key.nparser.KeyAst$File:  <unknown>:1#1 
344349     INFO  Test worker     d.u.i.k.n.KeyIO           MODE: declarations took 0 ms 
344349     DEBUG Test worker     d.u.i.k.n.KeyIO           MODE: 2nd degree decls took 0 
347075     INFO  Test worker     d.u.i.k.n.KeyIO           Parsing took 0 ms 
347075     DEBUG Test worker     d.u.i.k.n.KeyIO           Load declarations of de.uka.ilkd.key.nparser.KeyAst$File:  <unknown>:1#1 
347075     INFO  Test worker     d.u.i.k.n.KeyIO           MODE: declarations took 0 ms 
347075     DEBUG Test worker     d.u.i.k.n.KeyIO           MODE: 2nd degree decls took 0 
347075     INFO  Test worker     d.u.i.k.n.KeyIO           Parsing took 0 ms 
347075     DEBUG Test worker     d.u.i.k.n.KeyIO           Load declarations of de.uka.ilkd.key.nparser.KeyAst$File:  <unknown>:1#1 
347075     INFO  Test worker     d.u.i.k.n.KeyIO           MODE: declarations took 0 ms 
347075     DEBUG Test worker     d.u.i.k.n.KeyIO           MODE: 2nd degree decls took 0 
347075     INFO  Test worker     d.u.i.k.n.KeyIO           Parsing took 0 ms 
347075     DEBUG Test worker     d.u.i.k.n.KeyIO           Load declarations of de.uka.ilkd.key.nparser.KeyAst$File:  <unknown>:1#1 
347075     INFO  Test worker     d.u.i.k.n.KeyIO           MODE: declarations took 0 ms 
347075     DEBUG Test worker     d.u.i.k.n.KeyIO           MODE: 2nd degree decls took 0 
347075     INFO  Test worker     d.u.i.k.n.KeyIO           Parsing took 0 ms 
347075     DEBUG Test worker     d.u.i.k.n.KeyIO           Load declarations of de.uka.ilkd.key.nparser.KeyAst$File:  <unknown>:1#1 
347075     INFO  Test worker     d.u.i.k.n.KeyIO           MODE: declarations took 0 ms 
347075     DEBUG Test worker     d.u.i.k.n.KeyIO           MODE: 2nd degree decls took 0 
347075     INFO  Test worker     d.u.i.k.n.KeyIO           Parsing took 0 ms 
347075     DEBUG Test worker     d.u.i.k.n.KeyIO           Load declarations of de.uka.ilkd.key.nparser.KeyAst$File:  <unknown>:1#1 
347075     INFO  Test worker     d.u.i.k.n.KeyIO           MODE: declarations took 0 ms 
347075     DEBUG Test worker     d.u.i.k.n.KeyIO           MODE: 2nd degree decls took 0 
349767     INFO  Test worker     d.u.i.k.n.KeyIO           Parsing took 0 ms 
349767     DEBUG Test worker     d.u.i.k.n.KeyIO           Load declarations of de.uka.ilkd.key.nparser.KeyAst$File:  <unknown>:1#1 
349767     INFO  Test worker     d.u.i.k.n.KeyIO           MODE: declarations took 0 ms 
349767     DEBUG Test worker     d.u.i.k.n.KeyIO           MODE: 2nd degree decls took 0 
349767     INFO  Test worker     d.u.i.k.n.KeyIO           Parsing took 0 ms 
349767     DEBUG Test worker     d.u.i.k.n.KeyIO           Load declarations of de.uka.ilkd.key.nparser.KeyAst$File:  <unknown>:1#1 
349767     INFO  Test worker     d.u.i.k.n.KeyIO           MODE: declarations took 0 ms 
349767     DEBUG Test worker     d.u.i.k.n.KeyIO           MODE: 2nd degree decls took 0 
349767     INFO  Test worker     d.u.i.k.n.KeyIO           Parsing took 0 ms 
349767     DEBUG Test worker     d.u.i.k.n.KeyIO           Load declarations of de.uka.ilkd.key.nparser.KeyAst$File:  <unknown>:1#1 
349767     INFO  Test worker     d.u.i.k.n.KeyIO           MODE: declarations took 0 ms 
349767     DEBUG Test worker     d.u.i.k.n.KeyIO           MODE: 2nd degree decls took 0 
349767     INFO  Test worker     d.u.i.k.n.KeyIO           Parsing took 0 ms 
349767     DEBUG Test worker     d.u.i.k.n.KeyIO           Load declarations of de.uka.ilkd.key.nparser.KeyAst$File:  <unknown>:1#1 
349767     INFO  Test worker     d.u.i.k.n.KeyIO           MODE: declarations took 0 ms 
349767     DEBUG Test worker     d.u.i.k.n.KeyIO           MODE: 2nd degree decls took 0 
349767     INFO  Test worker     d.u.i.k.n.KeyIO           Parsing took 0 ms 
349767     DEBUG Test worker     d.u.i.k.n.KeyIO           Load declarations of de.uka.ilkd.key.nparser.KeyAst$File:  <unknown>:1#1 
349767     INFO  Test worker     d.u.i.k.n.KeyIO           MODE: declarations took 0 ms 
349767     DEBUG Test worker     d.u.i.k.n.KeyIO           MODE: 2nd degree decls took 0 
352468     INFO  Test worker     d.u.i.k.n.KeyIO           Parsing took 0 ms 
352468     DEBUG Test worker     d.u.i.k.n.KeyIO           Load declarations of de.uka.ilkd.key.nparser.KeyAst$File:  <unknown>:1#1 
352468     INFO  Test worker     d.u.i.k.n.KeyIO           MODE: declarations took 0 ms 
352468     DEBUG Test worker     d.u.i.k.n.KeyIO           MODE: 2nd degree decls took 0 
352468     INFO  Test worker     d.u.i.k.n.KeyIO           Parsing took 0 ms 
352468     DEBUG Test worker     d.u.i.k.n.KeyIO           Load declarations of de.uka.ilkd.key.nparser.KeyAst$File:  <unknown>:1#1 
352468     INFO  Test worker     d.u.i.k.n.KeyIO           MODE: declarations took 0 ms 
352468     DEBUG Test worker     d.u.i.k.n.KeyIO           MODE: 2nd degree decls took 0 
352468     INFO  Test worker     d.u.i.k.n.KeyIO           Parsing took 0 ms 
352468     DEBUG Test worker     d.u.i.k.n.KeyIO           Load declarations of de.uka.ilkd.key.nparser.KeyAst$File:  <unknown>:1#1 
352468     INFO  Test worker     d.u.i.k.n.KeyIO           MODE: declarations took 0 ms 
352468     DEBUG Test worker     d.u.i.k.n.KeyIO           MODE: 2nd degree decls took 0 
352468     INFO  Test worker     d.u.i.k.n.KeyIO           Parsing took 0 ms 
352468     DEBUG Test worker     d.u.i.k.n.KeyIO           Load declarations of de.uka.ilkd.key.nparser.KeyAst$File:  <unknown>:1#1 
352468     INFO  Test worker     d.u.i.k.n.KeyIO           MODE: declarations took 0 ms 
352468     DEBUG Test worker     d.u.i.k.n.KeyIO           MODE: 2nd degree decls took 0 
352468     INFO  Test worker     d.u.i.k.n.KeyIO           Parsing took 0 ms 
352468     DEBUG Test worker     d.u.i.k.n.KeyIO           Load declarations of de.uka.ilkd.key.nparser.KeyAst$File:  <unknown>:1#1 
352468     INFO  Test worker     d.u.i.k.n.KeyIO           MODE: declarations took 0 ms 
352468     DEBUG Test worker     d.u.i.k.n.KeyIO           MODE: 2nd degree decls took 0 
355148     INFO  Test worker     d.u.i.k.n.KeyIO           Parsing took 0 ms 
355148     DEBUG Test worker     d.u.i.k.n.KeyIO           Load declarations of de.uka.ilkd.key.nparser.KeyAst$File:  <unknown>:1#1 
355148     INFO  Test worker     d.u.i.k.n.KeyIO           MODE: declarations took 0 ms 
355148     DEBUG Test worker     d.u.i.k.n.KeyIO           MODE: 2nd degree decls took 0 
355148     INFO  Test worker     d.u.i.k.n.KeyIO           Parsing took 0 ms 
355148     DEBUG Test worker     d.u.i.k.n.KeyIO           Load declarations of de.uka.ilkd.key.nparser.KeyAst$File:  <unknown>:1#1 
355148     INFO  Test worker     d.u.i.k.n.KeyIO           MODE: declarations took 0 ms 
355148     DEBUG Test worker     d.u.i.k.n.KeyIO           MODE: 2nd degree decls took 0 
355148     INFO  Test worker     d.u.i.k.n.KeyIO           Parsing took 0 ms 
355148     DEBUG Test worker     d.u.i.k.n.KeyIO           Load declarations of de.uka.ilkd.key.nparser.KeyAst$File:  <unknown>:1#1 
355148     INFO  Test worker     d.u.i.k.n.KeyIO           MODE: declarations took 0 ms 
355148     DEBUG Test worker     d.u.i.k.n.KeyIO           MODE: 2nd degree decls took 0 
355148     INFO  Test worker     d.u.i.k.n.KeyIO           Parsing took 0 ms 
355148     DEBUG Test worker     d.u.i.k.n.KeyIO           Load declarations of de.uka.ilkd.key.nparser.KeyAst$File:  <unknown>:1#1 
355148     INFO  Test worker     d.u.i.k.n.KeyIO           MODE: declarations took 0 ms 
355148     DEBUG Test worker     d.u.i.k.n.KeyIO           MODE: 2nd degree decls took 0 
355148     INFO  Test worker     d.u.i.k.n.KeyIO           Parsing took 0 ms 
355148     DEBUG Test worker     d.u.i.k.n.KeyIO           Load declarations of de.uka.ilkd.key.nparser.KeyAst$File:  <unknown>:1#1 
355148     INFO  Test worker     d.u.i.k.n.KeyIO           MODE: declarations took 0 ms 
355148     DEBUG Test worker     d.u.i.k.n.KeyIO           MODE: 2nd degree decls took 0 
357843     INFO  Test worker     d.u.i.k.n.KeyIO           Parsing took 0 ms 
357843     DEBUG Test worker     d.u.i.k.n.KeyIO           Load declarations of de.uka.ilkd.key.nparser.KeyAst$File:  <unknown>:1#1 
357843     INFO  Test worker     d.u.i.k.n.KeyIO           MODE: declarations took 0 ms 
357843     DEBUG Test worker     d.u.i.k.n.KeyIO           MODE: 2nd degree decls took 0 
357843     INFO  Test worker     d.u.i.k.n.KeyIO           Parsing took 0 ms 
357843     DEBUG Test worker     d.u.i.k.n.KeyIO           Load declarations of de.uka.ilkd.key.nparser.KeyAst$File:  <unknown>:1#1 
357843     INFO  Test worker     d.u.i.k.n.KeyIO           MODE: declarations took 0 ms 
357858     DEBUG Test worker     d.u.i.k.n.KeyIO           MODE: 2nd degree decls took 0 
357858     INFO  Test worker     d.u.i.k.n.KeyIO           Parsing took 0 ms 
357858     DEBUG Test worker     d.u.i.k.n.KeyIO           Load declarations of de.uka.ilkd.key.nparser.KeyAst$File:  <unknown>:1#1 
357858     INFO  Test worker     d.u.i.k.n.KeyIO           MODE: declarations took 0 ms 
357858     DEBUG Test worker     d.u.i.k.n.KeyIO           MODE: 2nd degree decls took 0 
357858     INFO  Test worker     d.u.i.k.n.KeyIO           Parsing took 0 ms 
357858     DEBUG Test worker     d.u.i.k.n.KeyIO           Load declarations of de.uka.ilkd.key.nparser.KeyAst$File:  <unknown>:1#1 
357858     INFO  Test worker     d.u.i.k.n.KeyIO           MODE: declarations took 0 ms 
357858     DEBUG Test worker     d.u.i.k.n.KeyIO           MODE: 2nd degree decls took 0 
357858     INFO  Test worker     d.u.i.k.n.KeyIO           Parsing took 0 ms 
357858     DEBUG Test worker     d.u.i.k.n.KeyIO           Load declarations of de.uka.ilkd.key.nparser.KeyAst$File:  <unknown>:1#1 
357858     INFO  Test worker     d.u.i.k.n.KeyIO           MODE: declarations took 0 ms 
357858     DEBUG Test worker     d.u.i.k.n.KeyIO           MODE: 2nd degree decls took 0 
360549     INFO  Test worker     d.u.i.k.n.KeyIO           Parsing took 0 ms 
360549     DEBUG Test worker     d.u.i.k.n.KeyIO           Load declarations of de.uka.ilkd.key.nparser.KeyAst$File:  <unknown>:1#1 
360549     INFO  Test worker     d.u.i.k.n.KeyIO           MODE: declarations took 0 ms 
360549     DEBUG Test worker     d.u.i.k.n.KeyIO           MODE: 2nd degree decls took 0 
360549     INFO  Test worker     d.u.i.k.n.KeyIO           Parsing took 0 ms 
360549     DEBUG Test worker     d.u.i.k.n.KeyIO           Load declarations of de.uka.ilkd.key.nparser.KeyAst$File:  <unknown>:1#1 
360549     INFO  Test worker     d.u.i.k.n.KeyIO           MODE: declarations took 0 ms 
360549     DEBUG Test worker     d.u.i.k.n.KeyIO           MODE: 2nd degree decls took 0 
360549     INFO  Test worker     d.u.i.k.n.KeyIO           Parsing took 0 ms 
360549     DEBUG Test worker     d.u.i.k.n.KeyIO           Load declarations of de.uka.ilkd.key.nparser.KeyAst$File:  <unknown>:1#1 
360549     INFO  Test worker     d.u.i.k.n.KeyIO           MODE: declarations took 0 ms 
360549     DEBUG Test worker     d.u.i.k.n.KeyIO           MODE: 2nd degree decls took 0 
360549     INFO  Test worker     d.u.i.k.n.KeyIO           Parsing took 0 ms 
360549     DEBUG Test worker     d.u.i.k.n.KeyIO           Load declarations of de.uka.ilkd.key.nparser.KeyAst$File:  <unknown>:1#1 
360549     INFO  Test worker     d.u.i.k.n.KeyIO           MODE: declarations took 0 ms 
360549     DEBUG Test worker     d.u.i.k.n.KeyIO           MODE: 2nd degree decls took 0 
360549     INFO  Test worker     d.u.i.k.n.KeyIO           Parsing took 0 ms 
360549     DEBUG Test worker     d.u.i.k.n.KeyIO           Load declarations of de.uka.ilkd.key.nparser.KeyAst$File:  <unknown>:1#1 
360549     INFO  Test worker     d.u.i.k.n.KeyIO           MODE: declarations took 0 ms 
360549     DEBUG Test worker     d.u.i.k.n.KeyIO           MODE: 2nd degree decls took 0 
363228     INFO  Test worker     d.u.i.k.n.KeyIO           Parsing took 0 ms 
363228     DEBUG Test worker     d.u.i.k.n.KeyIO           Load declarations of de.uka.ilkd.key.nparser.KeyAst$File:  <unknown>:1#1 
363228     INFO  Test worker     d.u.i.k.n.KeyIO           MODE: declarations took 0 ms 
363228     DEBUG Test worker     d.u.i.k.n.KeyIO           MODE: 2nd degree decls took 0 
363228     INFO  Test worker     d.u.i.k.n.KeyIO           Parsing took 0 ms 
363228     DEBUG Test worker     d.u.i.k.n.KeyIO           Load declarations of de.uka.ilkd.key.nparser.KeyAst$File:  <unknown>:1#1 
363228     INFO  Test worker     d.u.i.k.n.KeyIO           MODE: declarations took 0 ms 
363228     DEBUG Test worker     d.u.i.k.n.KeyIO           MODE: 2nd degree decls took 0 
363228     INFO  Test worker     d.u.i.k.n.KeyIO           Parsing took 0 ms 
363228     DEBUG Test worker     d.u.i.k.n.KeyIO           Load declarations of de.uka.ilkd.key.nparser.KeyAst$File:  <unknown>:1#1 
363228     INFO  Test worker     d.u.i.k.n.KeyIO           MODE: declarations took 0 ms 
363228     DEBUG Test worker     d.u.i.k.n.KeyIO           MODE: 2nd degree decls took 0 
363228     INFO  Test worker     d.u.i.k.n.KeyIO           Parsing took 0 ms 
363228     DEBUG Test worker     d.u.i.k.n.KeyIO           Load declarations of de.uka.ilkd.key.nparser.KeyAst$File:  <unknown>:1#1 
363228     INFO  Test worker     d.u.i.k.n.KeyIO           MODE: declarations took 0 ms 
363228     DEBUG Test worker     d.u.i.k.n.KeyIO           MODE: 2nd degree decls took 0 
363228     INFO  Test worker     d.u.i.k.n.KeyIO           Parsing took 0 ms 
363228     DEBUG Test worker     d.u.i.k.n.KeyIO           Load declarations of de.uka.ilkd.key.nparser.KeyAst$File:  <unknown>:1#1 
363229     INFO  Test worker     d.u.i.k.n.KeyIO           MODE: declarations took 1 ms 
363229     DEBUG Test worker     d.u.i.k.n.KeyIO           MODE: 2nd degree decls took 0 
365944     INFO  Test worker     d.u.i.k.n.KeyIO           Parsing took 0 ms 
365944     DEBUG Test worker     d.u.i.k.n.KeyIO           Load declarations of de.uka.ilkd.key.nparser.KeyAst$File:  <unknown>:1#1 
365944     INFO  Test worker     d.u.i.k.n.KeyIO           MODE: declarations took 0 ms 
365944     DEBUG Test worker     d.u.i.k.n.KeyIO           MODE: 2nd degree decls took 0 
365944     INFO  Test worker     d.u.i.k.n.KeyIO           Parsing took 0 ms 
365944     DEBUG Test worker     d.u.i.k.n.KeyIO           Load declarations of de.uka.ilkd.key.nparser.KeyAst$File:  <unknown>:1#1 
365944     INFO  Test worker     d.u.i.k.n.KeyIO           MODE: declarations took 0 ms 
365944     DEBUG Test worker     d.u.i.k.n.KeyIO           MODE: 2nd degree decls took 0 
365944     INFO  Test worker     d.u.i.k.n.KeyIO           Parsing took 0 ms 
365944     DEBUG Test worker     d.u.i.k.n.KeyIO           Load declarations of de.uka.ilkd.key.nparser.KeyAst$File:  <unknown>:1#1 
365944     INFO  Test worker     d.u.i.k.n.KeyIO           MODE: declarations took 0 ms 
365944     DEBUG Test worker     d.u.i.k.n.KeyIO           MODE: 2nd degree decls took 0 
365944     INFO  Test worker     d.u.i.k.n.KeyIO           Parsing took 0 ms 
365944     DEBUG Test worker     d.u.i.k.n.KeyIO           Load declarations of de.uka.ilkd.key.nparser.KeyAst$File:  <unknown>:1#1 
365944     INFO  Test worker     d.u.i.k.n.KeyIO           MODE: declarations took 0 ms 
365944     DEBUG Test worker     d.u.i.k.n.KeyIO           MODE: 2nd degree decls took 0 
365944     INFO  Test worker     d.u.i.k.n.KeyIO           Parsing took 0 ms 
365944     DEBUG Test worker     d.u.i.k.n.KeyIO           Load declarations of de.uka.ilkd.key.nparser.KeyAst$File:  <unknown>:1#1 
365944     INFO  Test worker     d.u.i.k.n.KeyIO           MODE: declarations took 0 ms 
365944     DEBUG Test worker     d.u.i.k.n.KeyIO           MODE: 2nd degree decls took 0 
368964     INFO  Test worker     d.u.i.k.n.KeyIO           Parsing took 0 ms 
368964     DEBUG Test worker     d.u.i.k.n.KeyIO           Load declarations of de.uka.ilkd.key.nparser.KeyAst$File:  <unknown>:1#1 
368964     INFO  Test worker     d.u.i.k.n.KeyIO           MODE: declarations took 0 ms 
368964     DEBUG Test worker     d.u.i.k.n.KeyIO           MODE: 2nd degree decls took 0 
368964     INFO  Test worker     d.u.i.k.n.KeyIO           Parsing took 0 ms 
368964     DEBUG Test worker     d.u.i.k.n.KeyIO           Load declarations of de.uka.ilkd.key.nparser.KeyAst$File:  <unknown>:1#1 
368964     INFO  Test worker     d.u.i.k.n.KeyIO           MODE: declarations took 0 ms 
368964     DEBUG Test worker     d.u.i.k.n.KeyIO           MODE: 2nd degree decls took 0 
368964     INFO  Test worker     d.u.i.k.n.KeyIO           Parsing took 0 ms 
368964     DEBUG Test worker     d.u.i.k.n.KeyIO           Load declarations of de.uka.ilkd.key.nparser.KeyAst$File:  <unknown>:1#1 
368964     INFO  Test worker     d.u.i.k.n.KeyIO           MODE: declarations took 0 ms 
368964     DEBUG Test worker     d.u.i.k.n.KeyIO           MODE: 2nd degree decls took 0 
368964     INFO  Test worker     d.u.i.k.n.KeyIO           Parsing took 0 ms 
368964     DEBUG Test worker     d.u.i.k.n.KeyIO           Load declarations of de.uka.ilkd.key.nparser.KeyAst$File:  <unknown>:1#1 
368964     INFO  Test worker     d.u.i.k.n.KeyIO           MODE: declarations took 0 ms 
368964     DEBUG Test worker     d.u.i.k.n.KeyIO           MODE: 2nd degree decls took 0 
368964     INFO  Test worker     d.u.i.k.n.KeyIO           Parsing took 0 ms 
368964     DEBUG Test worker     d.u.i.k.n.KeyIO           Load declarations of de.uka.ilkd.key.nparser.KeyAst$File:  <unknown>:1#1 
368964     INFO  Test worker     d.u.i.k.n.KeyIO           MODE: declarations took 0 ms 
368964     DEBUG Test worker     d.u.i.k.n.KeyIO           MODE: 2nd degree decls took 0 
371629     INFO  Test worker     d.u.i.k.n.KeyIO           Parsing took 0 ms 
371629     DEBUG Test worker     d.u.i.k.n.KeyIO           Load declarations of de.uka.ilkd.key.nparser.KeyAst$File:  <unknown>:1#1 
371629     INFO  Test worker     d.u.i.k.n.KeyIO           MODE: declarations took 0 ms 
371629     DEBUG Test worker     d.u.i.k.n.KeyIO           MODE: 2nd degree decls took 0 
371629     INFO  Test worker     d.u.i.k.n.KeyIO           Parsing took 0 ms 
371629     DEBUG Test worker     d.u.i.k.n.KeyIO           Load declarations of de.uka.ilkd.key.nparser.KeyAst$File:  <unknown>:1#1 
371629     INFO  Test worker     d.u.i.k.n.KeyIO           MODE: declarations took 0 ms 
371629     DEBUG Test worker     d.u.i.k.n.KeyIO           MODE: 2nd degree decls took 0 
371629     INFO  Test worker     d.u.i.k.n.KeyIO           Parsing took 0 ms 
371629     DEBUG Test worker     d.u.i.k.n.KeyIO           Load declarations of de.uka.ilkd.key.nparser.KeyAst$File:  <unknown>:1#1 
371629     INFO  Test worker     d.u.i.k.n.KeyIO           MODE: declarations took 0 ms 
371629     DEBUG Test worker     d.u.i.k.n.KeyIO           MODE: 2nd degree decls took 0 
371629     INFO  Test worker     d.u.i.k.n.KeyIO           Parsing took 0 ms 
371629     DEBUG Test worker     d.u.i.k.n.KeyIO           Load declarations of de.uka.ilkd.key.nparser.KeyAst$File:  <unknown>:1#1 
371629     INFO  Test worker     d.u.i.k.n.KeyIO           MODE: declarations took 0 ms 
371629     DEBUG Test worker     d.u.i.k.n.KeyIO           MODE: 2nd degree decls took 0 
371629     INFO  Test worker     d.u.i.k.n.KeyIO           Parsing took 0 ms 
371629     DEBUG Test worker     d.u.i.k.n.KeyIO           Load declarations of de.uka.ilkd.key.nparser.KeyAst$File:  <unknown>:1#1 
371629     INFO  Test worker     d.u.i.k.n.KeyIO           MODE: declarations took 0 ms 
371629     DEBUG Test worker     d.u.i.k.n.KeyIO           MODE: 2nd degree decls took 0 
374262     INFO  Test worker     d.u.i.k.n.KeyIO           Parsing took 0 ms 
374262     DEBUG Test worker     d.u.i.k.n.KeyIO           Load declarations of de.uka.ilkd.key.nparser.KeyAst$File:  <unknown>:1#1 
374262     INFO  Test worker     d.u.i.k.n.KeyIO           MODE: declarations took 0 ms 
374262     DEBUG Test worker     d.u.i.k.n.KeyIO           MODE: 2nd degree decls took 0 
374262     INFO  Test worker     d.u.i.k.n.KeyIO           Parsing took 0 ms 
374262     DEBUG Test worker     d.u.i.k.n.KeyIO           Load declarations of de.uka.ilkd.key.nparser.KeyAst$File:  <unknown>:1#1 
374262     INFO  Test worker     d.u.i.k.n.KeyIO           MODE: declarations took 0 ms 
374262     DEBUG Test worker     d.u.i.k.n.KeyIO           MODE: 2nd degree decls took 0 
374262     INFO  Test worker     d.u.i.k.n.KeyIO           Parsing took 0 ms 
374262     DEBUG Test worker     d.u.i.k.n.KeyIO           Load declarations of de.uka.ilkd.key.nparser.KeyAst$File:  <unknown>:1#1 
374262     INFO  Test worker     d.u.i.k.n.KeyIO           MODE: declarations took 0 ms 
374262     DEBUG Test worker     d.u.i.k.n.KeyIO           MODE: 2nd degree decls took 0 
374262     INFO  Test worker     d.u.i.k.n.KeyIO           Parsing took 0 ms 
374262     DEBUG Test worker     d.u.i.k.n.KeyIO           Load declarations of de.uka.ilkd.key.nparser.KeyAst$File:  <unknown>:1#1 
374262     INFO  Test worker     d.u.i.k.n.KeyIO           MODE: declarations took 0 ms 
374262     DEBUG Test worker     d.u.i.k.n.KeyIO           MODE: 2nd degree decls took 0 
374262     INFO  Test worker     d.u.i.k.n.KeyIO           Parsing took 0 ms 
374262     DEBUG Test worker     d.u.i.k.n.KeyIO           Load declarations of de.uka.ilkd.key.nparser.KeyAst$File:  <unknown>:1#1 
374262     INFO  Test worker     d.u.i.k.n.KeyIO           MODE: declarations took 0 ms 
374262     DEBUG Test worker     d.u.i.k.n.KeyIO           MODE: 2nd degree decls took 0 
376932     INFO  Test worker     d.u.i.k.n.KeyIO           Parsing took 0 ms 
376932     DEBUG Test worker     d.u.i.k.n.KeyIO           Load declarations of de.uka.ilkd.key.nparser.KeyAst$File:  <unknown>:1#1 
376932     INFO  Test worker     d.u.i.k.n.KeyIO           MODE: declarations took 0 ms 
376932     DEBUG Test worker     d.u.i.k.n.KeyIO           MODE: 2nd degree decls took 0 
376932     INFO  Test worker     d.u.i.k.n.KeyIO           Parsing took 0 ms 
376932     DEBUG Test worker     d.u.i.k.n.KeyIO           Load declarations of de.uka.ilkd.key.nparser.KeyAst$File:  <unknown>:1#1 
376932     INFO  Test worker     d.u.i.k.n.KeyIO           MODE: declarations took 0 ms 
376932     DEBUG Test worker     d.u.i.k.n.KeyIO           MODE: 2nd degree decls took 0 
376932     INFO  Test worker     d.u.i.k.n.KeyIO           Parsing took 0 ms 
376932     DEBUG Test worker     d.u.i.k.n.KeyIO           Load declarations of de.uka.ilkd.key.nparser.KeyAst$File:  <unknown>:1#1 
376932     INFO  Test worker     d.u.i.k.n.KeyIO           MODE: declarations took 0 ms 
376932     DEBUG Test worker     d.u.i.k.n.KeyIO           MODE: 2nd degree decls took 0 
376948     INFO  Test worker     d.u.i.k.n.KeyIO           Parsing took 16 ms 
376948     DEBUG Test worker     d.u.i.k.n.KeyIO           Load declarations of de.uka.ilkd.key.nparser.KeyAst$File:  <unknown>:1#1 
376948     INFO  Test worker     d.u.i.k.n.KeyIO           MODE: declarations took 0 ms 
376948     DEBUG Test worker     d.u.i.k.n.KeyIO           MODE: 2nd degree decls took 0 
376948     INFO  Test worker     d.u.i.k.n.KeyIO           Parsing took 0 ms 
376948     DEBUG Test worker     d.u.i.k.n.KeyIO           Load declarations of de.uka.ilkd.key.nparser.KeyAst$File:  <unknown>:1#1 
376948     INFO  Test worker     d.u.i.k.n.KeyIO           MODE: declarations took 0 ms 
376948     DEBUG Test worker     d.u.i.k.n.KeyIO           MODE: 2nd degree decls took 0 
379600     INFO  Test worker     d.u.i.k.n.KeyIO           Parsing took 0 ms 
379600     DEBUG Test worker     d.u.i.k.n.KeyIO           Load declarations of de.uka.ilkd.key.nparser.KeyAst$File:  <unknown>:1#1 
379600     INFO  Test worker     d.u.i.k.n.KeyIO           MODE: declarations took 0 ms 
379600     DEBUG Test worker     d.u.i.k.n.KeyIO           MODE: 2nd degree decls took 0 
379600     INFO  Test worker     d.u.i.k.n.KeyIO           Parsing took 0 ms 
379600     DEBUG Test worker     d.u.i.k.n.KeyIO           Load declarations of de.uka.ilkd.key.nparser.KeyAst$File:  <unknown>:1#1 
379600     INFO  Test worker     d.u.i.k.n.KeyIO           MODE: declarations took 0 ms 
379600     DEBUG Test worker     d.u.i.k.n.KeyIO           MODE: 2nd degree decls took 0 
379600     INFO  Test worker     d.u.i.k.n.KeyIO           Parsing took 0 ms 
379600     DEBUG Test worker     d.u.i.k.n.KeyIO           Load declarations of de.uka.ilkd.key.nparser.KeyAst$File:  <unknown>:1#1 
379600     INFO  Test worker     d.u.i.k.n.KeyIO           MODE: declarations took 0 ms 
379600     DEBUG Test worker     d.u.i.k.n.KeyIO           MODE: 2nd degree decls took 0 
379600     INFO  Test worker     d.u.i.k.n.KeyIO           Parsing took 0 ms 
379600     DEBUG Test worker     d.u.i.k.n.KeyIO           Load declarations of de.uka.ilkd.key.nparser.KeyAst$File:  <unknown>:1#1 
379600     INFO  Test worker     d.u.i.k.n.KeyIO           MODE: declarations took 0 ms 
379600     DEBUG Test worker     d.u.i.k.n.KeyIO           MODE: 2nd degree decls took 0 
379600     INFO  Test worker     d.u.i.k.n.KeyIO           Parsing took 0 ms 
379600     DEBUG Test worker     d.u.i.k.n.KeyIO           Load declarations of de.uka.ilkd.key.nparser.KeyAst$File:  <unknown>:1#1 
379600     INFO  Test worker     d.u.i.k.n.KeyIO           MODE: declarations took 0 ms 
379600     DEBUG Test worker     d.u.i.k.n.KeyIO           MODE: 2nd degree decls took 0 
382248     INFO  Test worker     d.u.i.k.n.KeyIO           Parsing took 0 ms 
382263     DEBUG Test worker     d.u.i.k.n.KeyIO           Load declarations of de.uka.ilkd.key.nparser.KeyAst$File:  <unknown>:1#1 
382263     INFO  Test worker     d.u.i.k.n.KeyIO           MODE: declarations took 0 ms 
382263     DEBUG Test worker     d.u.i.k.n.KeyIO           MODE: 2nd degree decls took 0 
382263     INFO  Test worker     d.u.i.k.n.KeyIO           Parsing took 0 ms 
382263     DEBUG Test worker     d.u.i.k.n.KeyIO           Load declarations of de.uka.ilkd.key.nparser.KeyAst$File:  <unknown>:1#1 
382263     INFO  Test worker     d.u.i.k.n.KeyIO           MODE: declarations took 0 ms 
382263     DEBUG Test worker     d.u.i.k.n.KeyIO           MODE: 2nd degree decls took 0 
382263     INFO  Test worker     d.u.i.k.n.KeyIO           Parsing took 0 ms 
382263     DEBUG Test worker     d.u.i.k.n.KeyIO           Load declarations of de.uka.ilkd.key.nparser.KeyAst$File:  <unknown>:1#1 
382263     INFO  Test worker     d.u.i.k.n.KeyIO           MODE: declarations took 0 ms 
382263     DEBUG Test worker     d.u.i.k.n.KeyIO           MODE: 2nd degree decls took 0 
382263     INFO  Test worker     d.u.i.k.n.KeyIO           Parsing took 0 ms 
382263     DEBUG Test worker     d.u.i.k.n.KeyIO           Load declarations of de.uka.ilkd.key.nparser.KeyAst$File:  <unknown>:1#1 
382263     INFO  Test worker     d.u.i.k.n.KeyIO           MODE: declarations took 0 ms 
382263     DEBUG Test worker     d.u.i.k.n.KeyIO           MODE: 2nd degree decls took 0 
382263     INFO  Test worker     d.u.i.k.n.KeyIO           Parsing took 0 ms 
382263     DEBUG Test worker     d.u.i.k.n.KeyIO           Load declarations of de.uka.ilkd.key.nparser.KeyAst$File:  <unknown>:1#1 
382263     INFO  Test worker     d.u.i.k.n.KeyIO           MODE: declarations took 0 ms 
382263     DEBUG Test worker     d.u.i.k.n.KeyIO           MODE: 2nd degree decls took 0 
384916     INFO  Test worker     d.u.i.k.n.KeyIO           Parsing took 0 ms 
384916     DEBUG Test worker     d.u.i.k.n.KeyIO           Load declarations of de.uka.ilkd.key.nparser.KeyAst$File:  <unknown>:1#1 
384916     INFO  Test worker     d.u.i.k.n.KeyIO           MODE: declarations took 0 ms 
384916     DEBUG Test worker     d.u.i.k.n.KeyIO           MODE: 2nd degree decls took 0 
384916     INFO  Test worker     d.u.i.k.n.KeyIO           Parsing took 0 ms 
384916     DEBUG Test worker     d.u.i.k.n.KeyIO           Load declarations of de.uka.ilkd.key.nparser.KeyAst$File:  <unknown>:1#1 
384916     INFO  Test worker     d.u.i.k.n.KeyIO           MODE: declarations took 0 ms 
384916     DEBUG Test worker     d.u.i.k.n.KeyIO           MODE: 2nd degree decls took 0 
384916     INFO  Test worker     d.u.i.k.n.KeyIO           Parsing took 0 ms 
384916     DEBUG Test worker     d.u.i.k.n.KeyIO           Load declarations of de.uka.ilkd.key.nparser.KeyAst$File:  <unknown>:1#1 
384916     INFO  Test worker     d.u.i.k.n.KeyIO           MODE: declarations took 0 ms 
384916     DEBUG Test worker     d.u.i.k.n.KeyIO           MODE: 2nd degree decls took 0 
384916     INFO  Test worker     d.u.i.k.n.KeyIO           Parsing took 0 ms 
384916     DEBUG Test worker     d.u.i.k.n.KeyIO           Load declarations of de.uka.ilkd.key.nparser.KeyAst$File:  <unknown>:1#1 
384916     INFO  Test worker     d.u.i.k.n.KeyIO           MODE: declarations took 0 ms 
384916     DEBUG Test worker     d.u.i.k.n.KeyIO           MODE: 2nd degree decls took 0 
384916     INFO  Test worker     d.u.i.k.n.KeyIO           Parsing took 0 ms 
384916     DEBUG Test worker     d.u.i.k.n.KeyIO           Load declarations of de.uka.ilkd.key.nparser.KeyAst$File:  <unknown>:1#1 
384916     INFO  Test worker     d.u.i.k.n.KeyIO           MODE: declarations took 0 ms 
384916     DEBUG Test worker     d.u.i.k.n.KeyIO           MODE: 2nd degree decls took 0 
387574     INFO  Test worker     d.u.i.k.n.KeyIO           Parsing took 0 ms 
387574     DEBUG Test worker     d.u.i.k.n.KeyIO           Load declarations of de.uka.ilkd.key.nparser.KeyAst$File:  <unknown>:1#1 
387574     INFO  Test worker     d.u.i.k.n.KeyIO           MODE: declarations took 0 ms 
387574     DEBUG Test worker     d.u.i.k.n.KeyIO           MODE: 2nd degree decls took 0 
387574     INFO  Test worker     d.u.i.k.n.KeyIO           Parsing took 0 ms 
387574     DEBUG Test worker     d.u.i.k.n.KeyIO           Load declarations of de.uka.ilkd.key.nparser.KeyAst$File:  <unknown>:1#1 
387574     INFO  Test worker     d.u.i.k.n.KeyIO           MODE: declarations took 0 ms 
387574     DEBUG Test worker     d.u.i.k.n.KeyIO           MODE: 2nd degree decls took 0 
387574     INFO  Test worker     d.u.i.k.n.KeyIO           Parsing took 0 ms 
387574     DEBUG Test worker     d.u.i.k.n.KeyIO           Load declarations of de.uka.ilkd.key.nparser.KeyAst$File:  <unknown>:1#1 
387574     INFO  Test worker     d.u.i.k.n.KeyIO           MODE: declarations took 0 ms 
387574     DEBUG Test worker     d.u.i.k.n.KeyIO           MODE: 2nd degree decls took 0 
387574     INFO  Test worker     d.u.i.k.n.KeyIO           Parsing took 0 ms 
387574     DEBUG Test worker     d.u.i.k.n.KeyIO           Load declarations of de.uka.ilkd.key.nparser.KeyAst$File:  <unknown>:1#1 
387574     INFO  Test worker     d.u.i.k.n.KeyIO           MODE: declarations took 0 ms 
387574     DEBUG Test worker     d.u.i.k.n.KeyIO           MODE: 2nd degree decls took 0 
387574     INFO  Test worker     d.u.i.k.n.KeyIO           Parsing took 0 ms 
387574     DEBUG Test worker     d.u.i.k.n.KeyIO           Load declarations of de.uka.ilkd.key.nparser.KeyAst$File:  <unknown>:1#1 
387574     INFO  Test worker     d.u.i.k.n.KeyIO           MODE: declarations took 0 ms 
387574     DEBUG Test worker     d.u.i.k.n.KeyIO           MODE: 2nd degree decls took 0 
390242     INFO  Test worker     d.u.i.k.n.KeyIO           Parsing took 0 ms 
390242     DEBUG Test worker     d.u.i.k.n.KeyIO           Load declarations of de.uka.ilkd.key.nparser.KeyAst$File:  <unknown>:1#1 
390242     INFO  Test worker     d.u.i.k.n.KeyIO           MODE: declarations took 0 ms 
390242     DEBUG Test worker     d.u.i.k.n.KeyIO           MODE: 2nd degree decls took 0 
390242     INFO  Test worker     d.u.i.k.n.KeyIO           Parsing took 0 ms 
390242     DEBUG Test worker     d.u.i.k.n.KeyIO           Load declarations of de.uka.ilkd.key.nparser.KeyAst$File:  <unknown>:1#1 
390242     INFO  Test worker     d.u.i.k.n.KeyIO           MODE: declarations took 0 ms 
390242     DEBUG Test worker     d.u.i.k.n.KeyIO           MODE: 2nd degree decls took 0 
390258     INFO  Test worker     d.u.i.k.n.KeyIO           Parsing took 0 ms 
390258     DEBUG Test worker     d.u.i.k.n.KeyIO           Load declarations of de.uka.ilkd.key.nparser.KeyAst$File:  <unknown>:1#1 
390258     INFO  Test worker     d.u.i.k.n.KeyIO           MODE: declarations took 0 ms 
390258     DEBUG Test worker     d.u.i.k.n.KeyIO           MODE: 2nd degree decls took 0 
390258     INFO  Test worker     d.u.i.k.n.KeyIO           Parsing took 0 ms 
390258     DEBUG Test worker     d.u.i.k.n.KeyIO           Load declarations of de.uka.ilkd.key.nparser.KeyAst$File:  <unknown>:1#1 
390258     INFO  Test worker     d.u.i.k.n.KeyIO           MODE: declarations took 0 ms 
390258     DEBUG Test worker     d.u.i.k.n.KeyIO           MODE: 2nd degree decls took 0 
390258     INFO  Test worker     d.u.i.k.n.KeyIO           Parsing took 0 ms 
390258     DEBUG Test worker     d.u.i.k.n.KeyIO           Load declarations of de.uka.ilkd.key.nparser.KeyAst$File:  <unknown>:1#1 
390258     INFO  Test worker     d.u.i.k.n.KeyIO           MODE: declarations took 0 ms 
390258     DEBUG Test worker     d.u.i.k.n.KeyIO           MODE: 2nd degree decls took 0 
392921     INFO  Test worker     d.u.i.k.n.KeyIO           Parsing took 0 ms 
392921     DEBUG Test worker     d.u.i.k.n.KeyIO           Load declarations of de.uka.ilkd.key.nparser.KeyAst$File:  <unknown>:1#1 
392921     INFO  Test worker     d.u.i.k.n.KeyIO           MODE: declarations took 0 ms 
392921     DEBUG Test worker     d.u.i.k.n.KeyIO           MODE: 2nd degree decls took 0 
392921     INFO  Test worker     d.u.i.k.n.KeyIO           Parsing took 0 ms 
392921     DEBUG Test worker     d.u.i.k.n.KeyIO           Load declarations of de.uka.ilkd.key.nparser.KeyAst$File:  <unknown>:1#1 
392921     INFO  Test worker     d.u.i.k.n.KeyIO           MODE: declarations took 0 ms 
392921     DEBUG Test worker     d.u.i.k.n.KeyIO           MODE: 2nd degree decls took 0 
392921     INFO  Test worker     d.u.i.k.n.KeyIO           Parsing took 0 ms 
392921     DEBUG Test worker     d.u.i.k.n.KeyIO           Load declarations of de.uka.ilkd.key.nparser.KeyAst$File:  <unknown>:1#1 
392921     INFO  Test worker     d.u.i.k.n.KeyIO           MODE: declarations took 0 ms 
392921     DEBUG Test worker     d.u.i.k.n.KeyIO           MODE: 2nd degree decls took 0 
392921     INFO  Test worker     d.u.i.k.n.KeyIO           Parsing took 0 ms 
392921     DEBUG Test worker     d.u.i.k.n.KeyIO           Load declarations of de.uka.ilkd.key.nparser.KeyAst$File:  <unknown>:1#1 
392921     INFO  Test worker     d.u.i.k.n.KeyIO           MODE: declarations took 0 ms 
392921     DEBUG Test worker     d.u.i.k.n.KeyIO           MODE: 2nd degree decls took 0 
392921     INFO  Test worker     d.u.i.k.n.KeyIO           Parsing took 0 ms 
392921     DEBUG Test worker     d.u.i.k.n.KeyIO           Load declarations of de.uka.ilkd.key.nparser.KeyAst$File:  <unknown>:1#1 
392921     INFO  Test worker     d.u.i.k.n.KeyIO           MODE: declarations took 0 ms 
392921     DEBUG Test worker     d.u.i.k.n.KeyIO           MODE: 2nd degree decls took 0 
]]></system-out>
  <system-err><![CDATA[]]></system-err>
</testsuite>
