<?xml version="1.0" encoding="UTF-8"?>
<testsuite name="de.uka.ilkd.key.logic.TestTermLabelManager" tests="21" skipped="0" failures="0" errors="0" timestamp="2023-05-10T23:54:52" hostname="fv-az1252-359" time="52.308">
  <properties/>
  <testcase name="testInstantiateLabels_directChildPolicies_allRules()" classname="de.uka.ilkd.key.logic.TestTermLabelManager" time="3.876"/>
  <testcase name="testInstantiateLabels_childAndGrandchildPolicies_ruleSpecific()" classname="de.uka.ilkd.key.logic.TestTermLabelManager" time="2.659"/>
  <testcase name="testParseLabel()" classname="de.uka.ilkd.key.logic.TestTermLabelManager" time="2.649"/>
  <testcase name="testrefactorGoal_childrenAndGrandchildren_ruleSpecific()" classname="de.uka.ilkd.key.logic.TestTermLabelManager" time="2.685"/>
  <testcase name="testrefactorGoal_directChildren_allRules()" classname="de.uka.ilkd.key.logic.TestTermLabelManager" time="2.684"/>
  <testcase name="testInstantiateLabels_childAndGrandchildPolicies_allRules()" classname="de.uka.ilkd.key.logic.TestTermLabelManager" time="2.664"/>
  <testcase name="testInstantiateLabels_taclet()" classname="de.uka.ilkd.key.logic.TestTermLabelManager" time="2.707"/>
  <testcase name="testrefactorGoal_none_ruleSpecific()" classname="de.uka.ilkd.key.logic.TestTermLabelManager" time="2.703"/>
  <testcase name="testInstantiateLabels_updates_ruleSpecific()" classname="de.uka.ilkd.key.logic.TestTermLabelManager" time="2.657"/>
  <testcase name="testrefactorGoal_sequent_ruleSpecific()" classname="de.uka.ilkd.key.logic.TestTermLabelManager" time="2.714"/>
  <testcase name="testInstantiateLabels_updates_allRules()" classname="de.uka.ilkd.key.logic.TestTermLabelManager" time="2.687"/>
  <testcase name="testrefactorGoal_sequent_allRules()" classname="de.uka.ilkd.key.logic.TestTermLabelManager" time="2.752"/>
  <testcase name="testrefactorGoal_childrenAndGrandchildren_allRules()" classname="de.uka.ilkd.key.logic.TestTermLabelManager" time="2.693"/>
  <testcase name="testGetTermLabelManager()" classname="de.uka.ilkd.key.logic.TestTermLabelManager" time="0.003"/>
  <testcase name="testInstantiateLabels_applicationTermPolicies()" classname="de.uka.ilkd.key.logic.TestTermLabelManager" time="2.676"/>
  <testcase name="testInstantiateLabels_modalityTermPolicies()" classname="de.uka.ilkd.key.logic.TestTermLabelManager" time="2.676"/>
  <testcase name="testrefactorGoal_none_allRules()" classname="de.uka.ilkd.key.logic.TestTermLabelManager" time="2.688"/>
  <testcase name="testInstantiateLabels_null()" classname="de.uka.ilkd.key.logic.TestTermLabelManager" time="0.0"/>
  <testcase name="testrefactorGoal_directChildren_ruleSpecific()" classname="de.uka.ilkd.key.logic.TestTermLabelManager" time="2.693"/>
  <testcase name="testInstantiateLabels_directChildPolicies_ruleSpecific()" classname="de.uka.ilkd.key.logic.TestTermLabelManager" time="2.718"/>
  <testcase name="testGetSupportedTermLabelNames()" classname="de.uka.ilkd.key.logic.TestTermLabelManager" time="2.712"/>
  <system-out><![CDATA[104003     INFO  Test worker     d.u.i.k.p.i.AbstractProblemLoader Loading environment from src\test\resources\testcase\termLabels\flatSteps\FlatSteps.java 
104003     DEBUG Test worker     d.u.i.k.p.i.AbstractProblemLoader Environment load took 220.9ns 
104003     INFO  Test worker     d.u.i.k.p.i.AbstractProblemLoader Creating init config 
104175     DEBUG Test worker     d.u.i.k.j.TypeConverter   No LDT found for Meta 
104175     DEBUG Test worker     d.u.i.k.j.TypeConverter   No LDT found for Meta 
104175     DEBUG Test worker     d.u.i.k.j.TypeConverter   No LDT found for Meta 
104175     DEBUG Test worker     d.u.i.k.j.TypeConverter   No LDT found for Meta 
104754     DEBUG Test worker     d.u.i.k.j.TypeConverter   No LDT found for JavaBigintExpression 
107858     DEBUG Test worker     d.u.i.k.p.i.AbstractProblemLoader Init config took 3.85s 
107874     INFO  Test worker     d.u.i.k.p.i.AbstractProblemLoader Loading environment from src\test\resources\testcase\termLabels\flatSteps\FlatSteps.java 
107874     DEBUG Test worker     d.u.i.k.p.i.AbstractProblemLoader Environment load took 183.8ns 
107874     INFO  Test worker     d.u.i.k.p.i.AbstractProblemLoader Creating init config 
110525     DEBUG Test worker     d.u.i.k.p.i.AbstractProblemLoader Init config took 2.65s 
110525     INFO  Test worker     d.u.i.k.p.i.AbstractProblemLoader Loading environment from src\test\resources\testcase\termLabels\flatSteps\FlatSteps.java 
110525     DEBUG Test worker     d.u.i.k.p.i.AbstractProblemLoader Environment load took 238.5ns 
110525     INFO  Test worker     d.u.i.k.p.i.AbstractProblemLoader Creating init config 
113183     DEBUG Test worker     d.u.i.k.p.i.AbstractProblemLoader Init config took 2.65s 
113183     INFO  Test worker     d.u.i.k.p.i.AbstractProblemLoader Loading environment from src\test\resources\testcase\termLabels\flatSteps\FlatSteps.java 
113183     DEBUG Test worker     d.u.i.k.p.i.AbstractProblemLoader Environment load took 211.5ns 
113199     INFO  Test worker     d.u.i.k.p.i.AbstractProblemLoader Creating init config 
115868     DEBUG Test worker     d.u.i.k.p.i.AbstractProblemLoader Init config took 2.67s 
115868     INFO  Test worker     d.u.i.k.p.i.AbstractProblemLoader Loading environment from src\test\resources\testcase\termLabels\flatSteps\FlatSteps.java 
115868     DEBUG Test worker     d.u.i.k.p.i.AbstractProblemLoader Environment load took 144.1ns 
115884     INFO  Test worker     d.u.i.k.p.i.AbstractProblemLoader Creating init config 
118554     DEBUG Test worker     d.u.i.k.p.i.AbstractProblemLoader Init config took 2.67s 
118554     INFO  Test worker     d.u.i.k.p.i.AbstractProblemLoader Loading environment from src\test\resources\testcase\termLabels\flatSteps\FlatSteps.java 
118554     DEBUG Test worker     d.u.i.k.p.i.AbstractProblemLoader Environment load took 484.6ns 
118554     INFO  Test worker     d.u.i.k.p.i.AbstractProblemLoader Creating init config 
121225     DEBUG Test worker     d.u.i.k.p.i.AbstractProblemLoader Init config took 2.66s 
121225     INFO  Test worker     d.u.i.k.p.i.AbstractProblemLoader Loading environment from src\test\resources\testcase\termLabels\flatSteps\FlatSteps.java 
121225     DEBUG Test worker     d.u.i.k.p.i.AbstractProblemLoader Environment load took 183.8ns 
121225     INFO  Test worker     d.u.i.k.p.i.AbstractProblemLoader Creating init config 
123926     DEBUG Test worker     d.u.i.k.p.i.AbstractProblemLoader Init config took 2.7s 
123926     INFO  Test worker     d.u.i.k.p.i.AbstractProblemLoader Loading environment from src\test\resources\testcase\termLabels\flatSteps\FlatSteps.java 
123926     DEBUG Test worker     d.u.i.k.p.i.AbstractProblemLoader Environment load took 463.8ns 
123926     INFO  Test worker     d.u.i.k.p.i.AbstractProblemLoader Creating init config 
126628     DEBUG Test worker     d.u.i.k.p.i.AbstractProblemLoader Init config took 2.69s 
126628     INFO  Test worker     d.u.i.k.p.i.AbstractProblemLoader Loading environment from src\test\resources\testcase\termLabels\flatSteps\FlatSteps.java 
126628     DEBUG Test worker     d.u.i.k.p.i.AbstractProblemLoader Environment load took 770ns 
126644     INFO  Test worker     d.u.i.k.p.i.AbstractProblemLoader Creating init config 
129288     DEBUG Test worker     d.u.i.k.p.i.AbstractProblemLoader Init config took 2.65s 
129288     INFO  Test worker     d.u.i.k.p.i.AbstractProblemLoader Loading environment from src\test\resources\testcase\termLabels\flatSteps\FlatSteps.java 
129288     DEBUG Test worker     d.u.i.k.p.i.AbstractProblemLoader Environment load took 1.29ms 
129288     INFO  Test worker     d.u.i.k.p.i.AbstractProblemLoader Creating init config 
131996     DEBUG Test worker     d.u.i.k.p.i.AbstractProblemLoader Init config took 2.7s 
132012     INFO  Test worker     d.u.i.k.p.i.AbstractProblemLoader Loading environment from src\test\resources\testcase\termLabels\flatSteps\FlatSteps.java 
132012     DEBUG Test worker     d.u.i.k.p.i.AbstractProblemLoader Environment load took 170.2ns 
132012     INFO  Test worker     d.u.i.k.p.i.AbstractProblemLoader Creating init config 
134690     DEBUG Test worker     d.u.i.k.p.i.AbstractProblemLoader Init config took 2.68s 
134690     INFO  Test worker     d.u.i.k.p.i.AbstractProblemLoader Loading environment from src\test\resources\testcase\termLabels\flatSteps\FlatSteps.java 
134690     DEBUG Test worker     d.u.i.k.p.i.AbstractProblemLoader Environment load took 165ns 
134690     INFO  Test worker     d.u.i.k.p.i.AbstractProblemLoader Creating init config 
137426     DEBUG Test worker     d.u.i.k.p.i.AbstractProblemLoader Init config took 2.74s 
137441     INFO  Test worker     d.u.i.k.p.i.AbstractProblemLoader Loading environment from src\test\resources\testcase\termLabels\flatSteps\FlatSteps.java 
137441     DEBUG Test worker     d.u.i.k.p.i.AbstractProblemLoader Environment load took 173.8ns 
137441     INFO  Test worker     d.u.i.k.p.i.AbstractProblemLoader Creating init config 
140120     DEBUG Test worker     d.u.i.k.p.i.AbstractProblemLoader Init config took 2.68s 
140135     INFO  Test worker     d.u.i.k.p.i.AbstractProblemLoader Loading environment from src\test\resources\testcase\termLabels\flatSteps\FlatSteps.java 
140135     DEBUG Test worker     d.u.i.k.p.i.AbstractProblemLoader Environment load took 190.1ns 
140135     INFO  Test worker     d.u.i.k.p.i.AbstractProblemLoader Creating init config 
142814     DEBUG Test worker     d.u.i.k.p.i.AbstractProblemLoader Init config took 2.67s 
142814     INFO  Test worker     d.u.i.k.p.i.AbstractProblemLoader Loading environment from src\test\resources\testcase\termLabels\flatSteps\FlatSteps.java 
142814     DEBUG Test worker     d.u.i.k.p.i.AbstractProblemLoader Environment load took 203.1ns 
142814     INFO  Test worker     d.u.i.k.p.i.AbstractProblemLoader Creating init config 
145493     DEBUG Test worker     d.u.i.k.p.i.AbstractProblemLoader Init config took 2.67s 
145493     INFO  Test worker     d.u.i.k.p.i.AbstractProblemLoader Loading environment from src\test\resources\testcase\termLabels\flatSteps\FlatSteps.java 
145493     DEBUG Test worker     d.u.i.k.p.i.AbstractProblemLoader Environment load took 161.8ns 
145493     INFO  Test worker     d.u.i.k.p.i.AbstractProblemLoader Creating init config 
148161     DEBUG Test worker     d.u.i.k.p.i.AbstractProblemLoader Init config took 2.67s 
148177     INFO  Test worker     d.u.i.k.p.i.AbstractProblemLoader Loading environment from src\test\resources\testcase\termLabels\flatSteps\FlatSteps.java 
148177     DEBUG Test worker     d.u.i.k.p.i.AbstractProblemLoader Environment load took 172.7ns 
148177     INFO  Test worker     d.u.i.k.p.i.AbstractProblemLoader Creating init config 
150875     DEBUG Test worker     d.u.i.k.p.i.AbstractProblemLoader Init config took 2.69s 
150875     INFO  Test worker     d.u.i.k.p.i.AbstractProblemLoader Loading environment from src\test\resources\testcase\termLabels\flatSteps\FlatSteps.java 
150890     DEBUG Test worker     d.u.i.k.p.i.AbstractProblemLoader Environment load took 1.08ms 
150890     INFO  Test worker     d.u.i.k.p.i.AbstractProblemLoader Creating init config 
153589     DEBUG Test worker     d.u.i.k.p.i.AbstractProblemLoader Init config took 2.71s 
153605     INFO  Test worker     d.u.i.k.p.i.AbstractProblemLoader Loading environment from src\test\resources\testcase\termLabels\flatSteps\FlatSteps.java 
153605     DEBUG Test worker     d.u.i.k.p.i.AbstractProblemLoader Environment load took 265.2ns 
153605     INFO  Test worker     d.u.i.k.p.i.AbstractProblemLoader Creating init config 
156306     DEBUG Test worker     d.u.i.k.p.i.AbstractProblemLoader Init config took 2.7s 
]]></system-out>
  <system-err><![CDATA[]]></system-err>
</testsuite>
