<?xml version="1.0" encoding="UTF-8"?>
<testsuite name="de.uka.ilkd.key.util.TestProofStarter" tests="2" skipped="0" failures="0" errors="0" timestamp="2023-05-11T00:05:36" hostname="fv-az1252-359" time="52.146">
  <properties/>
  <testcase name="testDirectProofWithOneStepSimplification()" classname="de.uka.ilkd.key.util.TestProofStarter" time="27.841"/>
  <testcase name="testDirectProof()" classname="de.uka.ilkd.key.util.TestProofStarter" time="24.305"/>
  <system-out><![CDATA[748905     INFO  Test worker     d.u.i.k.p.i.AbstractProblemLoader Loading environment from src\test\resources\testcase\proofStarter\CC\project.key 
748905     DEBUG Test worker     d.u.i.k.p.i.AbstractProblemLoader Environment load took 150.6ns 
748905     INFO  Test worker     d.u.i.k.p.i.AbstractProblemLoader Creating init config 
749046     DEBUG Test worker     d.u.i.k.j.TypeConverter   No LDT found for Meta 
749046     DEBUG Test worker     d.u.i.k.j.TypeConverter   No LDT found for Meta 
749046     DEBUG Test worker     d.u.i.k.j.TypeConverter   No LDT found for Meta 
749046     DEBUG Test worker     d.u.i.k.j.TypeConverter   No LDT found for Meta 
749609     DEBUG Test worker     d.u.i.k.j.TypeConverter   No LDT found for JavaBigintExpression 
752760     DEBUG Test worker     d.u.i.k.p.i.AbstractProblemLoader Init config took 3.86s 
752839     INFO  Test worker     d.u.i.k.p.i.AbstractProblemLoader Replaying proof CC[CC::calcCoinIndex([I,[I)].JML normal_behavior operation contract.0 
752839     DEBUG Test worker     d.u.i.k.p.i.IntermediateProofReplayer Proof replay took 9.1ns 
776718     INFO  Test worker     d.u.i.k.p.i.AbstractProblemLoader Loading environment from src\test\resources\testcase\proofStarter\CC\project.key 
776718     DEBUG Test worker     d.u.i.k.p.i.AbstractProblemLoader Environment load took 199.2ns 
776718     INFO  Test worker     d.u.i.k.p.i.AbstractProblemLoader Creating init config 
779564     DEBUG Test worker     d.u.i.k.p.i.AbstractProblemLoader Init config took 2.85s 
779611     INFO  Test worker     d.u.i.k.p.i.AbstractProblemLoader Replaying proof CC[CC::calcCoinIndex([I,[I)].JML normal_behavior operation contract.0 
779611     DEBUG Test worker     d.u.i.k.p.i.IntermediateProofReplayer Proof replay took 8.4ns 
]]></system-out>
  <system-err><![CDATA[]]></system-err>
</testsuite>
