<?xml version="1.0" encoding="UTF-8"?>
<testsuite name="de.uka.ilkd.key.rule.merge.PredicateAbstractionLatticeTests" tests="3" skipped="0" failures="0" errors="0" timestamp="2023-05-11T00:01:28" hostname="fv-az1252-359" time="5.444">
  <properties/>
  <testcase name="testToAndFromString()" classname="de.uka.ilkd.key.rule.merge.PredicateAbstractionLatticeTests" time="2.789"/>
  <testcase name="testCreateSignLatticeWithPredicates()" classname="de.uka.ilkd.key.rule.merge.PredicateAbstractionLatticeTests" time="2.655"/>
  <testcase name="testTrivialPredicatesLattice()" classname="de.uka.ilkd.key.rule.merge.PredicateAbstractionLatticeTests" time="0.0"/>
  <system-out><![CDATA[500623     INFO  Test worker     d.u.i.k.p.i.AbstractProblemLoader Loading environment from src\test\resources\testcase\merge\dummy.key 
500623     DEBUG Test worker     d.u.i.k.p.i.AbstractProblemLoader Environment load took 362.3ns 
500639     INFO  Test worker     d.u.i.k.p.i.AbstractProblemLoader Creating init config 
503403     DEBUG Test worker     d.u.i.k.p.i.AbstractProblemLoader Init config took 2.77s 
503419     INFO  Test worker     d.u.i.k.p.i.AbstractProblemLoader Replaying proof dummy.key 
503419     DEBUG Test worker     d.u.i.k.p.i.IntermediateProofReplayer Proof replay took 8.7ns 
503419     INFO  Test worker     d.u.i.k.p.i.AbstractProblemLoader Loading environment from src\test\resources\testcase\merge\dummy.key 
503419     DEBUG Test worker     d.u.i.k.p.i.AbstractProblemLoader Environment load took 107.8ns 
503419     INFO  Test worker     d.u.i.k.p.i.AbstractProblemLoader Creating init config 
506052     DEBUG Test worker     d.u.i.k.p.i.AbstractProblemLoader Init config took 2.64s 
506068     INFO  Test worker     d.u.i.k.p.i.AbstractProblemLoader Replaying proof dummy.key 
506068     DEBUG Test worker     d.u.i.k.p.i.IntermediateProofReplayer Proof replay took 9.5ns 
]]></system-out>
  <system-err><![CDATA[]]></system-err>
</testsuite>
