<?xml version="1.0" encoding="UTF-8"?>
<testsuite name="de.uka.ilkd.key.taclettranslation.lemma.TestGenericRemovingLemmaGenerator" tests="1" skipped="0" failures="0" errors="0" timestamp="2023-01-31T20:59:19" hostname="fv-az749-185" time="0.003">
  <properties/>
  <testcase name="testRemovingGenericSorts()" classname="de.uka.ilkd.key.taclettranslation.lemma.TestGenericRemovingLemmaGenerator" time="0.003"/>
  <system-out><![CDATA[]]></system-out>
  <system-err><![CDATA[]]></system-err>
</testsuite>
