<?xml version="1.0" encoding="UTF-8"?>
<testsuite name="de.uka.ilkd.key.rule.loop.LoopScopeInvRuleTests" tests="1" skipped="0" failures="0" errors="0" timestamp="2023-06-09T10:59:34" hostname="fv-az89-575" time="6.485">
  <properties/>
  <testcase name="testDoAutomaticProofOfBenchmarkWithLabeledBreaksAndContinues()" classname="de.uka.ilkd.key.rule.loop.LoopScopeInvRuleTests" time="6.485"/>
  <system-out><![CDATA[656241     INFO  Test worker     d.u.i.k.p.i.AbstractProblemLoader Loading environment from src\test\resources\testcase\loopScopeInvRule\Test.key 
656241     DEBUG Test worker     d.u.i.k.p.i.AbstractProblemLoader Environment load took 179.4ns 
656257     INFO  Test worker     d.u.i.k.p.i.AbstractProblemLoader Creating init config 
656413     DEBUG Test worker     d.u.i.k.j.TypeConverter   No LDT found for Meta 
656413     DEBUG Test worker     d.u.i.k.j.TypeConverter   No LDT found for Meta 
656413     DEBUG Test worker     d.u.i.k.j.TypeConverter   No LDT found for Meta 
656413     DEBUG Test worker     d.u.i.k.j.TypeConverter   No LDT found for Meta 
657130     DEBUG Test worker     d.u.i.k.j.TypeConverter   No LDT found for JavaBigintExpression 
662081     DEBUG Test worker     d.u.i.k.p.i.AbstractProblemLoader Init config took 5.84s 
662129     INFO  Test worker     d.u.i.k.p.i.AbstractProblemLoader Replaying proof Test[Test::loopScopeRuleBenchmark(int,boolean)].JML normal_behavior operation contract.0 
662129     DEBUG Test worker     d.u.i.k.p.i.IntermediateProofReplayer Proof replay took 18.3ns 
]]></system-out>
  <system-err><![CDATA[]]></system-err>
</testsuite>
