<?xml version="1.0" encoding="UTF-8"?>
<testsuite name="de.uka.ilkd.key.proof.TestOneStepSimplifier" tests="1" skipped="0" failures="0" errors="0" timestamp="2023-06-09T10:59:00" hostname="fv-az89-575" time="5.525">
  <properties/>
  <testcase name="loadWithRestriction()" classname="de.uka.ilkd.key.proof.TestOneStepSimplifier" time="5.525"/>
  <system-out><![CDATA[621544     INFO  Test worker     d.u.i.k.p.i.AbstractProblemLoader Loading environment from src\test\resources\testcase\ossRestriction.proof 
621544     DEBUG Test worker     d.u.i.k.p.i.AbstractProblemLoader Environment load took 162.1ns 
621544     INFO  Test worker     d.u.i.k.p.i.AbstractProblemLoader Creating init config 
621716     DEBUG Test worker     d.u.i.k.j.TypeConverter   No LDT found for Meta 
621716     DEBUG Test worker     d.u.i.k.j.TypeConverter   No LDT found for Meta 
621716     DEBUG Test worker     d.u.i.k.j.TypeConverter   No LDT found for Meta 
621716     DEBUG Test worker     d.u.i.k.j.TypeConverter   No LDT found for Meta 
622356     DEBUG Test worker     d.u.i.k.j.TypeConverter   No LDT found for JavaBigintExpression 
627029     DEBUG Test worker     d.u.i.k.p.i.AbstractProblemLoader Init config took 5.48s 
627044     INFO  Test worker     d.u.i.k.p.i.AbstractProblemLoader Replaying proof ossRestriction.proof 
627061     DEBUG Test worker     d.u.i.k.p.i.IntermediateProofReplayer Proof replay took 1.06ms 
]]></system-out>
  <system-err><![CDATA[]]></system-err>
</testsuite>
