<?xml version="1.0" encoding="UTF-8"?>
<testsuite name="de.uka.ilkd.key.rule.merge.PredicateAbstractionLatticeTests" tests="3" skipped="0" failures="0" errors="0" timestamp="2023-06-09T11:01:17" hostname="fv-az89-575" time="8.751">
  <properties/>
  <testcase name="testToAndFromString()" classname="de.uka.ilkd.key.rule.merge.PredicateAbstractionLatticeTests" time="4.335"/>
  <testcase name="testCreateSignLatticeWithPredicates()" classname="de.uka.ilkd.key.rule.merge.PredicateAbstractionLatticeTests" time="4.416"/>
  <testcase name="testTrivialPredicatesLattice()" classname="de.uka.ilkd.key.rule.merge.PredicateAbstractionLatticeTests" time="0.0"/>
  <system-out><![CDATA[758497     INFO  Test worker     d.u.i.k.p.i.AbstractProblemLoader Loading environment from src\test\resources\testcase\merge\dummy.key 
758513     DEBUG Test worker     d.u.i.k.p.i.AbstractProblemLoader Environment load took 384.3ns 
758513     INFO  Test worker     d.u.i.k.p.i.AbstractProblemLoader Creating init config 
762817     DEBUG Test worker     d.u.i.k.p.i.AbstractProblemLoader Init config took 4.31s 
762833     INFO  Test worker     d.u.i.k.p.i.AbstractProblemLoader Replaying proof dummy.key 
762833     DEBUG Test worker     d.u.i.k.p.i.IntermediateProofReplayer Proof replay took 9.9ns 
762849     INFO  Test worker     d.u.i.k.p.i.AbstractProblemLoader Loading environment from src\test\resources\testcase\merge\dummy.key 
762849     DEBUG Test worker     d.u.i.k.p.i.AbstractProblemLoader Environment load took 184.8ns 
762849     INFO  Test worker     d.u.i.k.p.i.AbstractProblemLoader Creating init config 
767233     DEBUG Test worker     d.u.i.k.p.i.AbstractProblemLoader Init config took 4.38s 
767249     INFO  Test worker     d.u.i.k.p.i.AbstractProblemLoader Replaying proof dummy.key 
767249     DEBUG Test worker     d.u.i.k.p.i.IntermediateProofReplayer Proof replay took 10.5ns 
]]></system-out>
  <system-err><![CDATA[]]></system-err>
</testsuite>
