<?xml version="1.0" encoding="UTF-8"?>
<testsuite name="de.uka.ilkd.key.parser.TestDeclParser" tests="14" skipped="2" failures="0" errors="0" timestamp="2023-06-09T10:53:47" hostname="fv-az89-575" time="16.323">
  <properties/>
  <testcase name="testGenericSortDecl1()" classname="de.uka.ilkd.key.parser.TestDeclParser" time="1.44"/>
  <testcase name="testGenericSortDecl2()" classname="de.uka.ilkd.key.parser.TestDeclParser" time="1.363"/>
  <testcase name="testGenericSortDecl3()" classname="de.uka.ilkd.key.parser.TestDeclParser" time="1.352"/>
  <testcase name="testGenericSortDecl4()" classname="de.uka.ilkd.key.parser.TestDeclParser" time="1.354"/>
  <testcase name="testGenericSortDecl5()" classname="de.uka.ilkd.key.parser.TestDeclParser" time="0.0">
    <skipped/>
  </testcase>
  <testcase name="testGenericSortDecl6()" classname="de.uka.ilkd.key.parser.TestDeclParser" time="1.353"/>
  <testcase name="testSortDecl()" classname="de.uka.ilkd.key.parser.TestDeclParser" time="1.351"/>
  <testcase name="testProxySortDecl()" classname="de.uka.ilkd.key.parser.TestDeclParser" time="1.357"/>
  <testcase name="testArrayDecl()" classname="de.uka.ilkd.key.parser.TestDeclParser" time="1.354"/>
  <testcase name="testAmbiguousDecls()" classname="de.uka.ilkd.key.parser.TestDeclParser" time="0.0">
    <skipped/>
  </testcase>
  <testcase name="testHeurDecl()" classname="de.uka.ilkd.key.parser.TestDeclParser" time="1.356"/>
  <testcase name="testFunctionDecl()" classname="de.uka.ilkd.key.parser.TestDeclParser" time="1.351"/>
  <testcase name="testPredicateDecl()" classname="de.uka.ilkd.key.parser.TestDeclParser" time="1.349"/>
  <testcase name="testSVDecl()" classname="de.uka.ilkd.key.parser.TestDeclParser" time="1.338"/>
  <system-out><![CDATA[310313     INFO  Test worker     d.u.i.k.n.KeyIO           Parsing took 0 ms 
310313     DEBUG Test worker     d.u.i.k.n.KeyIO           Load declarations of de.uka.ilkd.key.nparser.KeyAst$File:  <unknown>:1#1 
310313     INFO  Test worker     d.u.i.k.n.KeyIO           MODE: declarations took 0 ms 
310313     DEBUG Test worker     d.u.i.k.n.KeyIO           MODE: 2nd degree decls took 0 
310313     DEBUG Test worker     d.u.i.k.n.KeyIO           MODE: taclets took 0ms 
311665     INFO  Test worker     d.u.i.k.n.KeyIO           Parsing took 0 ms 
311665     DEBUG Test worker     d.u.i.k.n.KeyIO           Load declarations of de.uka.ilkd.key.nparser.KeyAst$File:  <unknown>:1#1 
311665     INFO  Test worker     d.u.i.k.n.KeyIO           MODE: declarations took 0 ms 
311665     DEBUG Test worker     d.u.i.k.n.KeyIO           MODE: 2nd degree decls took 0 
311665     DEBUG Test worker     d.u.i.k.n.KeyIO           MODE: taclets took 0ms 
313019     INFO  Test worker     d.u.i.k.n.KeyIO           Parsing took 0 ms 
313019     DEBUG Test worker     d.u.i.k.n.KeyIO           Load declarations of de.uka.ilkd.key.nparser.KeyAst$File:  <unknown>:1#1 
313019     INFO  Test worker     d.u.i.k.n.KeyIO           MODE: declarations took 0 ms 
313019     DEBUG Test worker     d.u.i.k.n.KeyIO           MODE: 2nd degree decls took 0 
313019     DEBUG Test worker     d.u.i.k.n.KeyIO           MODE: taclets took 0ms 
314371     INFO  Test worker     d.u.i.k.n.KeyIO           Parsing took 0 ms 
314371     DEBUG Test worker     d.u.i.k.n.KeyIO           Load declarations of de.uka.ilkd.key.nparser.KeyAst$File:  <unknown>:1#1 
314371     INFO  Test worker     d.u.i.k.n.KeyIO           MODE: declarations took 0 ms 
314371     DEBUG Test worker     d.u.i.k.n.KeyIO           MODE: 2nd degree decls took 0 
314371     DEBUG Test worker     d.u.i.k.n.KeyIO           MODE: taclets took 0ms 
315726     INFO  Test worker     d.u.i.k.n.KeyIO           Parsing took 0 ms 
315726     DEBUG Test worker     d.u.i.k.n.KeyIO           Load declarations of de.uka.ilkd.key.nparser.KeyAst$File:  <unknown>:1#1 
315726     INFO  Test worker     d.u.i.k.n.KeyIO           MODE: declarations took 0 ms 
315726     DEBUG Test worker     d.u.i.k.n.KeyIO           MODE: 2nd degree decls took 0 
315726     DEBUG Test worker     d.u.i.k.n.KeyIO           MODE: taclets took 0ms 
317076     INFO  Test worker     d.u.i.k.n.KeyIO           Parsing took 0 ms 
317076     DEBUG Test worker     d.u.i.k.n.KeyIO           Load declarations of de.uka.ilkd.key.nparser.KeyAst$File:  <unknown>:1#1 
317076     INFO  Test worker     d.u.i.k.n.KeyIO           MODE: declarations took 0 ms 
317076     DEBUG Test worker     d.u.i.k.n.KeyIO           MODE: 2nd degree decls took 0 
317076     DEBUG Test worker     d.u.i.k.n.KeyIO           MODE: taclets took 0ms 
318436     INFO  Test worker     d.u.i.k.n.KeyIO           Parsing took 0 ms 
318436     DEBUG Test worker     d.u.i.k.n.KeyIO           Load declarations of de.uka.ilkd.key.nparser.KeyAst$File:  <unknown>:1#1 
318436     INFO  Test worker     d.u.i.k.n.KeyIO           MODE: declarations took 0 ms 
318436     DEBUG Test worker     d.u.i.k.n.KeyIO           MODE: 2nd degree decls took 0 
318436     DEBUG Test worker     d.u.i.k.n.KeyIO           MODE: taclets took 0ms 
319788     INFO  Test worker     d.u.i.k.n.KeyIO           Parsing took 0 ms 
319788     DEBUG Test worker     d.u.i.k.n.KeyIO           Load declarations of de.uka.ilkd.key.nparser.KeyAst$File:  <unknown>:1#1 
319788     INFO  Test worker     d.u.i.k.n.KeyIO           MODE: declarations took 0 ms 
319788     DEBUG Test worker     d.u.i.k.n.KeyIO           MODE: 2nd degree decls took 0 
319788     DEBUG Test worker     d.u.i.k.n.KeyIO           MODE: taclets took 0ms 
321146     INFO  Test worker     d.u.i.k.n.KeyIO           Parsing took 0 ms 
321146     DEBUG Test worker     d.u.i.k.n.KeyIO           Load declarations of de.uka.ilkd.key.nparser.KeyAst$File:  <unknown>:1#1 
321146     INFO  Test worker     d.u.i.k.n.KeyIO           MODE: declarations took 0 ms 
321146     DEBUG Test worker     d.u.i.k.n.KeyIO           MODE: 2nd degree decls took 0 
321146     DEBUG Test worker     d.u.i.k.n.KeyIO           MODE: taclets took 0ms 
322501     INFO  Test worker     d.u.i.k.n.KeyIO           Parsing took 0 ms 
322501     DEBUG Test worker     d.u.i.k.n.KeyIO           Load declarations of de.uka.ilkd.key.nparser.KeyAst$File:  <unknown>:1#1 
322501     INFO  Test worker     d.u.i.k.n.KeyIO           MODE: declarations took 0 ms 
322501     DEBUG Test worker     d.u.i.k.n.KeyIO           MODE: 2nd degree decls took 0 
322501     DEBUG Test worker     d.u.i.k.n.KeyIO           MODE: taclets took 0ms 
323846     INFO  Test worker     d.u.i.k.n.KeyIO           Parsing took 0 ms 
323846     DEBUG Test worker     d.u.i.k.n.KeyIO           Load declarations of de.uka.ilkd.key.nparser.KeyAst$File:  <unknown>:1#1 
323846     INFO  Test worker     d.u.i.k.n.KeyIO           MODE: declarations took 0 ms 
323846     DEBUG Test worker     d.u.i.k.n.KeyIO           MODE: 2nd degree decls took 0 
323846     DEBUG Test worker     d.u.i.k.n.KeyIO           MODE: taclets took 0ms 
325182     INFO  Test worker     d.u.i.k.n.KeyIO           Parsing took 0 ms 
325182     DEBUG Test worker     d.u.i.k.n.KeyIO           Load declarations of de.uka.ilkd.key.nparser.KeyAst$File:  <unknown>:1#1 
325182     INFO  Test worker     d.u.i.k.n.KeyIO           MODE: declarations took 0 ms 
325182     DEBUG Test worker     d.u.i.k.n.KeyIO           MODE: 2nd degree decls took 0 
325182     DEBUG Test worker     d.u.i.k.n.KeyIO           MODE: taclets took 0ms 
]]></system-out>
  <system-err><![CDATA[]]></system-err>
</testsuite>
