<?xml version="1.0" encoding="UTF-8"?>
<testsuite name="de.uka.ilkd.key.proof.runallproofs.RunAllProofsInfFlow" tests="29" skipped="0" failures="0" errors="0" timestamp="2023-05-26T22:14:10" hostname="fv-az507-77" time="3613.029">
  <properties/>
  <testcase name="ToyVoting" classname="de.uka.ilkd.key.proof.runallproofs.RunAllProofsInfFlow" time="31.376"/>
  <testcase name="ConditionalConfidential" classname="de.uka.ilkd.key.proof.runallproofs.RunAllProofsInfFlow" time="18.557"/>
  <testcase name="SumExample" classname="de.uka.ilkd.key.proof.runallproofs.RunAllProofsInfFlow" time="12.557"/>
  <testcase name="ToyBanking" classname="de.uka.ilkd.key.proof.runallproofs.RunAllProofsInfFlow" time="152.944"/>
  <testcase name="BlockContracts" classname="de.uka.ilkd.key.proof.runallproofs.RunAllProofsInfFlow" time="76.951"/>
  <testcase name="MethodContracts" classname="de.uka.ilkd.key.proof.runallproofs.RunAllProofsInfFlow" time="88.709"/>
  <testcase name="LoopInvariants" classname="de.uka.ilkd.key.proof.runallproofs.RunAllProofsInfFlow" time="87.838"/>
  <testcase name="MiniExamples" classname="de.uka.ilkd.key.proof.runallproofs.RunAllProofsInfFlow" time="117.008"/>
  <testcase name="NewObjects" classname="de.uka.ilkd.key.proof.runallproofs.RunAllProofsInfFlow" time="101.062"/>
  <testcase name="SimpleEvoting" classname="de.uka.ilkd.key.proof.runallproofs.RunAllProofsInfFlow" time="208.069"/>
  <testcase name="ToyVoting_nomacro" classname="de.uka.ilkd.key.proof.runallproofs.RunAllProofsInfFlow" time="45.946"/>
  <testcase name="ConditionalConfidential_nomacro" classname="de.uka.ilkd.key.proof.runallproofs.RunAllProofsInfFlow" time="0.003"/>
  <testcase name="SumExample_nomacro" classname="de.uka.ilkd.key.proof.runallproofs.RunAllProofsInfFlow" time="15.563"/>
  <testcase name="ToyBanking_nomacro" classname="de.uka.ilkd.key.proof.runallproofs.RunAllProofsInfFlow" time="107.579"/>
  <testcase name="BlockContracts_nomacro" classname="de.uka.ilkd.key.proof.runallproofs.RunAllProofsInfFlow" time="103.125"/>
  <testcase name="MethodContracts_nomacro" classname="de.uka.ilkd.key.proof.runallproofs.RunAllProofsInfFlow" time="90.032"/>
  <testcase name="LoopInvariants_nomacro" classname="de.uka.ilkd.key.proof.runallproofs.RunAllProofsInfFlow" time="149.626"/>
  <testcase name="MiniExamples_nomacro" classname="de.uka.ilkd.key.proof.runallproofs.RunAllProofsInfFlow" time="128.706"/>
  <testcase name="NewObjects_nomacro" classname="de.uka.ilkd.key.proof.runallproofs.RunAllProofsInfFlow" time="177.576"/>
  <testcase name="SimpleEvoting_nomacro" classname="de.uka.ilkd.key.proof.runallproofs.RunAllProofsInfFlow" time="187.066"/>
  <testcase name="ToyVoting_fullmacro" classname="de.uka.ilkd.key.proof.runallproofs.RunAllProofsInfFlow" time="79.314"/>
  <testcase name="SumExample_fullmacro" classname="de.uka.ilkd.key.proof.runallproofs.RunAllProofsInfFlow" time="13.326"/>
  <testcase name="ToyBanking_fullmacro" classname="de.uka.ilkd.key.proof.runallproofs.RunAllProofsInfFlow" time="365.624"/>
  <testcase name="BlockContracts_fullmacro" classname="de.uka.ilkd.key.proof.runallproofs.RunAllProofsInfFlow" time="107.662"/>
  <testcase name="MethodContracts_fullmacro" classname="de.uka.ilkd.key.proof.runallproofs.RunAllProofsInfFlow" time="94.076"/>
  <testcase name="InformationFlow_fullmacro" classname="de.uka.ilkd.key.proof.runallproofs.RunAllProofsInfFlow" time="436.634"/>
  <testcase name="MiniExamples_fullmacro" classname="de.uka.ilkd.key.proof.runallproofs.RunAllProofsInfFlow" time="122.088"/>
  <testcase name="NewObjects_fullmacro" classname="de.uka.ilkd.key.proof.runallproofs.RunAllProofsInfFlow" time="252.194"/>
  <testcase name="SimpleEvoting_fullmacro" classname="de.uka.ilkd.key.proof.runallproofs.RunAllProofsInfFlow" time="241.798"/>
  <system-out><![CDATA[298        INFO  Test worker     d.u.i.k.p.r.RunAllProofsTestUnit Running test ToyVoting 
459        INFO  Timeout watchdog d.u.i.k.p.r.p.ForkedTestFileRunner Timeout watcher launched (1000 secs.) 
483        WARN  main            d.u.i.k.s.ProofSettings   No proof-settings could be loaded, using defaults java.io.FileNotFoundException: /home/runner/.key/proof-settings.props (No such file or directory)
	at java.base/java.io.FileInputStream.open0(Native Method)

517        INFO  main            d.u.i.k.p.r.p.TestFile    Now processing file /home/runner/work/key/key/key.core/../key.ui/examples/InformationFlow/ToyVoting/Voter(Voter__insecure_voting()).JML normal_behavior operation contract.0.key 
658        INFO  main            d.u.i.k.p.i.AbstractProblemLoader Loading environment from /home/runner/work/key/key/key.core/../key.ui/examples/InformationFlow/ToyVoting/Voter(Voter__insecure_voting()).JML normal_behavior operation contract.0.key 
684        DEBUG main            d.u.i.k.p.i.AbstractProblemLoader Environment load took 3.01ms 
987        INFO  main            d.u.i.k.p.i.AbstractProblemLoader Creating init config 
2068       DEBUG main            d.u.i.k.j.TypeConverter   No LDT found for Meta 
2068       DEBUG main            d.u.i.k.j.TypeConverter   No LDT found for Meta 
2069       DEBUG main            d.u.i.k.j.TypeConverter   No LDT found for Meta 
2070       DEBUG main            d.u.i.k.j.TypeConverter   No LDT found for Meta 
3631       DEBUG main            d.u.i.k.j.TypeConverter   No LDT found for JavaBigintExpression 
9883       DEBUG main            d.u.i.k.p.i.AbstractProblemLoader Init config took 8.9s 
10069      INFO  main            d.u.i.k.p.i.AbstractProblemLoader Replaying proof Voter[Voter::insecure_voting()].JML normal_behavior operation contract.0 
10192      DEBUG main            d.u.i.k.p.i.IntermediateProofReplayer Proof replay took 449.91ns 
11531      INFO  main            d.u.i.k.p.r.p.TestFile    ... finished proof: closed. 
11679      INFO  main            d.u.i.k.p.r.p.TestFile    Now processing file /home/runner/work/key/key/key.core/../key.ui/examples/InformationFlow/ToyVoting/Voter(Voter__publishVoterParticipation()).JML normal_behavior operation contract.0.key 
11679      INFO  main            d.u.i.k.p.i.AbstractProblemLoader Loading environment from /home/runner/work/key/key/key.core/../key.ui/examples/InformationFlow/ToyVoting/Voter(Voter__publishVoterParticipation()).JML normal_behavior operation contract.0.key 
11679      DEBUG main            d.u.i.k.p.i.AbstractProblemLoader Environment load took 98.9ns 
11683      INFO  main            d.u.i.k.p.i.AbstractProblemLoader Creating init config 
15243      DEBUG main            d.u.i.k.p.i.AbstractProblemLoader Init config took 3.56s 
15319      INFO  main            d.u.i.k.p.i.AbstractProblemLoader Replaying proof Voter[Voter::publishVoterParticipation()].JML normal_behavior operation contract.0 
15324      DEBUG main            d.u.i.k.p.i.IntermediateProofReplayer Proof replay took 14.4ns 
15426      INFO  main            d.u.i.k.p.r.p.TestFile    ... finished proof: closed. 
15559      INFO  main            d.u.i.k.p.r.p.TestFile    Now processing file /home/runner/work/key/key/key.core/../key.ui/examples/InformationFlow/ToyVoting/Voter(Voter__isValid(int)).JML normal_behavior operation contract.0.key 
15560      INFO  main            d.u.i.k.p.i.AbstractProblemLoader Loading environment from /home/runner/work/key/key/key.core/../key.ui/examples/InformationFlow/ToyVoting/Voter(Voter__isValid(int)).JML normal_behavior operation contract.0.key 
15560      DEBUG main            d.u.i.k.p.i.AbstractProblemLoader Environment load took 199ns 
15562      INFO  main            d.u.i.k.p.i.AbstractProblemLoader Creating init config 
18889      DEBUG main            d.u.i.k.p.i.AbstractProblemLoader Init config took 3.33s 
18973      INFO  main            d.u.i.k.p.i.AbstractProblemLoader Replaying proof Voter[Voter::isValid(int)].JML normal_behavior operation contract.0 
18978      DEBUG main            d.u.i.k.p.i.IntermediateProofReplayer Proof replay took 13.9ns 
19181      INFO  main            d.u.i.k.p.r.p.TestFile    ... finished proof: closed. 
19329      INFO  main            d.u.i.k.p.r.p.TestFile    Now processing file /home/runner/work/key/key/key.core/../key.ui/examples/InformationFlow/ToyVoting/Voter(Voter__sendVote(int)).JML normal_behavior operation contract.0.key 
19330      INFO  main            d.u.i.k.p.i.AbstractProblemLoader Loading environment from /home/runner/work/key/key/key.core/../key.ui/examples/InformationFlow/ToyVoting/Voter(Voter__sendVote(int)).JML normal_behavior operation contract.0.key 
19330      DEBUG main            d.u.i.k.p.i.AbstractProblemLoader Environment load took 250.61ns 
19333      INFO  main            d.u.i.k.p.i.AbstractProblemLoader Creating init config 
22594      DEBUG main            d.u.i.k.p.i.AbstractProblemLoader Init config took 3.26s 
22661      INFO  main            d.u.i.k.p.i.AbstractProblemLoader Replaying proof Voter[Voter::sendVote(int)].JML normal_behavior operation contract.0 
22666      DEBUG main            d.u.i.k.p.i.IntermediateProofReplayer Proof replay took 13.2ns 
22769      INFO  main            d.u.i.k.p.r.p.TestFile    ... finished proof: closed. 
22907      INFO  main            d.u.i.k.p.r.p.TestFile    Now processing file /home/runner/work/key/key/key.core/../key.ui/examples/InformationFlow/ToyVoting/Voter(Voter__inputVote()).JML normal_behavior operation contract.0.key 
22908      INFO  main            d.u.i.k.p.i.AbstractProblemLoader Loading environment from /home/runner/work/key/key/key.core/../key.ui/examples/InformationFlow/ToyVoting/Voter(Voter__inputVote()).JML normal_behavior operation contract.0.key 
22908      DEBUG main            d.u.i.k.p.i.AbstractProblemLoader Environment load took 84.9ns 
22913      INFO  main            d.u.i.k.p.i.AbstractProblemLoader Creating init config 
26123      DEBUG main            d.u.i.k.p.i.AbstractProblemLoader Init config took 3.21s 
26184      INFO  main            d.u.i.k.p.i.AbstractProblemLoader Replaying proof Voter[Voter::inputVote()].JML normal_behavior operation contract.0 
26187      DEBUG main            d.u.i.k.p.i.IntermediateProofReplayer Proof replay took 13.3ns 
26289      INFO  main            d.u.i.k.p.r.p.TestFile    ... finished proof: closed. 
26434      INFO  main            d.u.i.k.p.r.p.TestFile    Now processing file /home/runner/work/key/key/key.core/../key.ui/examples/InformationFlow/ToyVoting/Voter(Voter__secure_voting()).JML normal_behavior operation contract.0.key 
26434      INFO  main            d.u.i.k.p.i.AbstractProblemLoader Loading environment from /home/runner/work/key/key/key.core/../key.ui/examples/InformationFlow/ToyVoting/Voter(Voter__secure_voting()).JML normal_behavior operation contract.0.key 
26434      DEBUG main            d.u.i.k.p.i.AbstractProblemLoader Environment load took 89.1ns 
26440      INFO  main            d.u.i.k.p.i.AbstractProblemLoader Creating init config 
29698      DEBUG main            d.u.i.k.p.i.AbstractProblemLoader Init config took 3.26s 
29753      INFO  main            d.u.i.k.p.i.AbstractProblemLoader Replaying proof Voter[Voter::secure_voting()].JML normal_behavior operation contract.0 
29756      DEBUG main            d.u.i.k.p.i.IntermediateProofReplayer Proof replay took 13.9ns 
30869      INFO  main            d.u.i.k.p.r.p.TestFile    ... finished proof: closed. 
31647      INFO  Test worker     d.u.i.k.p.r.RunAllProofsTestUnit Returning from test ToyVoting 
31675      INFO  Test worker     d.u.i.k.p.r.RunAllProofsTestUnit Running test ConditionalConfidential 
429        INFO  Timeout watchdog d.u.i.k.p.r.p.ForkedTestFileRunner Timeout watcher launched (1000 secs.) 
451        WARN  main            d.u.i.k.s.ProofSettings   The settings in /home/runner/.key/proof-settings.props are *not* read. 
498        INFO  main            d.u.i.k.p.r.p.TestFile    Now processing file /home/runner/work/key/key/key.core/../key.ui/examples/InformationFlow/ConditionalConfidential/CCExample(CCExample__hasAccessRight(CCExample.User)).JML normal_behavior operation contract.0.key 
665        INFO  main            d.u.i.k.p.i.AbstractProblemLoader Loading environment from /home/runner/work/key/key/key.core/../key.ui/examples/InformationFlow/ConditionalConfidential/CCExample(CCExample__hasAccessRight(CCExample.User)).JML normal_behavior operation contract.0.key 
687        DEBUG main            d.u.i.k.p.i.AbstractProblemLoader Environment load took 2.17ms 
971        INFO  main            d.u.i.k.p.i.AbstractProblemLoader Creating init config 
2077       DEBUG main            d.u.i.k.j.TypeConverter   No LDT found for Meta 
2078       DEBUG main            d.u.i.k.j.TypeConverter   No LDT found for Meta 
2081       DEBUG main            d.u.i.k.j.TypeConverter   No LDT found for Meta 
2082       DEBUG main            d.u.i.k.j.TypeConverter   No LDT found for Meta 
3876       DEBUG main            d.u.i.k.j.TypeConverter   No LDT found for JavaBigintExpression 
7386       DEBUG main            d.u.i.k.j.r.ClassPreparationMethodBuilder clPrepBuilder: Inner Class detected. Reject building class initialisation methods. 
10184      DEBUG main            d.u.i.k.p.i.AbstractProblemLoader Init config took 9.21s 
10401      INFO  main            d.u.i.k.p.i.AbstractProblemLoader Replaying proof ConditionalConfidentialExample[ConditionalConfidentialExample::hasAccessRight(ConditionalConfidentialExample.User)].JML normal_behavior operation contract.0 
10449      DEBUG main            d.u.i.k.p.i.IntermediateProofReplayer Proof replay took 381.11ns 
13578      INFO  main            d.u.i.k.p.r.p.TestFile    ... finished proof: closed. 
13781      INFO  main            d.u.i.k.p.r.p.TestFile    Now processing file /home/runner/work/key/key/key.core/../key.ui/examples/InformationFlow/ConditionalConfidential/CCExample(CCExample__getConfidentialData(CCExample.User)).JML normal_behavior operation contract.0.key 
13784      INFO  main            d.u.i.k.p.i.AbstractProblemLoader Loading environment from /home/runner/work/key/key/key.core/../key.ui/examples/InformationFlow/ConditionalConfidential/CCExample(CCExample__getConfidentialData(CCExample.User)).JML normal_behavior operation contract.0.key 
13785      DEBUG main            d.u.i.k.p.i.AbstractProblemLoader Environment load took 1.71ms 
13789      INFO  main            d.u.i.k.p.i.AbstractProblemLoader Creating init config 
15025      DEBUG main            d.u.i.k.j.r.ClassPreparationMethodBuilder clPrepBuilder: Inner Class detected. Reject building class initialisation methods. 
17355      DEBUG main            d.u.i.k.p.i.AbstractProblemLoader Init config took 3.57s 
17437      INFO  main            d.u.i.k.p.i.AbstractProblemLoader Replaying proof ConditionalConfidentialExample[ConditionalConfidentialExample::getConfidentialData(ConditionalConfidentialExample.User)].JML normal_behavior operation contract.0 
17446      DEBUG main            d.u.i.k.p.i.IntermediateProofReplayer Proof replay took 16.3ns 
18152      INFO  main            d.u.i.k.p.r.p.TestFile    ... finished proof: closed. 
50230      INFO  Test worker     d.u.i.k.p.r.RunAllProofsTestUnit Returning from test ConditionalConfidential 
50233      INFO  Test worker     d.u.i.k.p.r.RunAllProofsTestUnit Running test SumExample 
480        INFO  Timeout watchdog d.u.i.k.p.r.p.ForkedTestFileRunner Timeout watcher launched (1000 secs.) 
496        WARN  main            d.u.i.k.s.ProofSettings   The settings in /home/runner/.key/proof-settings.props are *not* read. 
541        INFO  main            d.u.i.k.p.r.p.TestFile    Now processing file /home/runner/work/key/key/key.core/../key.ui/examples/InformationFlow/Sum/SumExample(SumExample__getSum()).JML normal_behavior operation contract.0.key 
697        INFO  main            d.u.i.k.p.i.AbstractProblemLoader Loading environment from /home/runner/work/key/key/key.core/../key.ui/examples/InformationFlow/Sum/SumExample(SumExample__getSum()).JML normal_behavior operation contract.0.key 
721        DEBUG main            d.u.i.k.p.i.AbstractProblemLoader Environment load took 3.53ms 
1062       INFO  main            d.u.i.k.p.i.AbstractProblemLoader Creating init config 
2246       DEBUG main            d.u.i.k.j.TypeConverter   No LDT found for Meta 
2246       DEBUG main            d.u.i.k.j.TypeConverter   No LDT found for Meta 
2250       DEBUG main            d.u.i.k.j.TypeConverter   No LDT found for Meta 
2250       DEBUG main            d.u.i.k.j.TypeConverter   No LDT found for Meta 
4055       DEBUG main            d.u.i.k.j.TypeConverter   No LDT found for JavaBigintExpression 
10184      DEBUG main            d.u.i.k.p.i.AbstractProblemLoader Init config took 9.12s 
10389      INFO  main            d.u.i.k.p.i.AbstractProblemLoader Replaying proof SumExample[SumExample::getSum()].JML normal_behavior operation contract.0 
10437      DEBUG main            d.u.i.k.p.i.IntermediateProofReplayer Proof replay took 393.41ns 
12081      INFO  main            d.u.i.k.p.r.p.TestFile    ... finished proof: closed. 
62789      INFO  Test worker     d.u.i.k.p.r.RunAllProofsTestUnit Returning from test SumExample 
62790      INFO  Test worker     d.u.i.k.p.r.RunAllProofsTestUnit Running test ToyBanking 
499        INFO  Timeout watchdog d.u.i.k.p.r.p.ForkedTestFileRunner Timeout watcher launched (1000 secs.) 
527        WARN  main            d.u.i.k.s.ProofSettings   The settings in /home/runner/.key/proof-settings.props are *not* read. 
580        INFO  main            d.u.i.k.p.r.p.TestFile    Now processing file /home/runner/work/key/key/key.core/../key.ui/examples/InformationFlow/ToyBanking/banking_example.UserAccount(banking_example.UserAccount__getBankAccount(int)).JML normal_behavior operation contract.0.key 
734        INFO  main            d.u.i.k.p.i.AbstractProblemLoader Loading environment from /home/runner/work/key/key/key.core/../key.ui/examples/InformationFlow/ToyBanking/banking_example.UserAccount(banking_example.UserAccount__getBankAccount(int)).JML normal_behavior operation contract.0.key 
766        DEBUG main            d.u.i.k.p.i.AbstractProblemLoader Environment load took 3.4ms 
1080       INFO  main            d.u.i.k.p.i.AbstractProblemLoader Creating init config 
2158       DEBUG main            d.u.i.k.j.TypeConverter   No LDT found for Meta 
2160       DEBUG main            d.u.i.k.j.TypeConverter   No LDT found for Meta 
2163       DEBUG main            d.u.i.k.j.TypeConverter   No LDT found for Meta 
2163       DEBUG main            d.u.i.k.j.TypeConverter   No LDT found for Meta 
4038       DEBUG main            d.u.i.k.j.TypeConverter   No LDT found for JavaBigintExpression 
11473      DEBUG main            d.u.i.k.p.i.AbstractProblemLoader Init config took 10.39s 
11662      INFO  main            d.u.i.k.p.i.AbstractProblemLoader Replaying proof banking_example.UserAccount[banking_example.UserAccount::getBankAccount(int)].JML normal_behavior operation contract.0 
11716      DEBUG main            d.u.i.k.p.i.IntermediateProofReplayer Proof replay took 438.51ns 
13419      INFO  main            d.u.i.k.p.r.p.TestFile    ... finished proof: closed. 
13585      INFO  main            d.u.i.k.p.r.p.TestFile    Now processing file /home/runner/work/key/key/key.core/../key.ui/examples/InformationFlow/ToyBanking/banking_example.UserAccount(banking_example.UserAccount__tryLogin(int,(C)).JML normal_behavior operation contract.0.key 
13589      INFO  main            d.u.i.k.p.i.AbstractProblemLoader Loading environment from /home/runner/work/key/key/key.core/../key.ui/examples/InformationFlow/ToyBanking/banking_example.UserAccount(banking_example.UserAccount__tryLogin(int,(C)).JML normal_behavior operation contract.0.key 
13589      DEBUG main            d.u.i.k.p.i.AbstractProblemLoader Environment load took 143.5ns 
13594      INFO  main            d.u.i.k.p.i.AbstractProblemLoader Creating init config 
17737      DEBUG main            d.u.i.k.p.i.AbstractProblemLoader Init config took 4.14s 
17840      INFO  main            d.u.i.k.p.i.AbstractProblemLoader Replaying proof banking_example.UserAccount[banking_example.UserAccount::tryLogin(int,[C)].JML normal_behavior operation contract.0 
17844      DEBUG main            d.u.i.k.p.i.IntermediateProofReplayer Proof replay took 14.9ns 
49729      INFO  main            d.u.i.k.p.r.p.TestFile    ... finished proof: closed. 
49977      INFO  main            d.u.i.k.p.r.p.TestFile    Now processing file /home/runner/work/key/key/key.core/../key.ui/examples/InformationFlow/ToyBanking/banking_example.UserAccount(java.lang.Object___inv_()).JML accessible clause.0.key 
49978      INFO  main            d.u.i.k.p.i.AbstractProblemLoader Loading environment from /home/runner/work/key/key/key.core/../key.ui/examples/InformationFlow/ToyBanking/banking_example.UserAccount(java.lang.Object___inv_()).JML accessible clause.0.key 
49978      DEBUG main            d.u.i.k.p.i.AbstractProblemLoader Environment load took 185.3ns 
49980      INFO  main            d.u.i.k.p.i.AbstractProblemLoader Creating init config 
53770      DEBUG main            d.u.i.k.p.i.AbstractProblemLoader Init config took 3.79s 
53897      INFO  main            d.u.i.k.p.i.AbstractProblemLoader Replaying proof banking_example.UserAccount[java.lang.Object::<inv>()].JML accessible clause.0 
53901      DEBUG main            d.u.i.k.p.i.IntermediateProofReplayer Proof replay took 75.2ns 
61625      INFO  main            d.u.i.k.p.r.p.TestFile    ... finished proof: closed. 
61875      INFO  main            d.u.i.k.p.r.p.TestFile    Now processing file /home/runner/work/key/key/key.core/../key.ui/examples/InformationFlow/ToyBanking/banking_example.BankAccount(banking_example.BankAccount__depositMoney(int)).JML normal_behavior operation contract.0.key 
61875      INFO  main            d.u.i.k.p.i.AbstractProblemLoader Loading environment from /home/runner/work/key/key/key.core/../key.ui/examples/InformationFlow/ToyBanking/banking_example.BankAccount(banking_example.BankAccount__depositMoney(int)).JML normal_behavior operation contract.0.key 
61876      DEBUG main            d.u.i.k.p.i.AbstractProblemLoader Environment load took 130.8ns 
61877      INFO  main            d.u.i.k.p.i.AbstractProblemLoader Creating init config 
65641      DEBUG main            d.u.i.k.p.i.AbstractProblemLoader Init config took 3.76s 
65728      INFO  main            d.u.i.k.p.i.AbstractProblemLoader Replaying proof banking_example.BankAccount[banking_example.BankAccount::depositMoney(int)].JML normal_behavior operation contract.0 
65735      DEBUG main            d.u.i.k.p.i.IntermediateProofReplayer Proof replay took 13.5ns 
66140      INFO  main            d.u.i.k.p.r.p.TestFile    ... finished proof: closed. 
66325      INFO  main            d.u.i.k.p.r.p.TestFile    Now processing file /home/runner/work/key/key/key.core/../key.ui/examples/InformationFlow/ToyBanking/banking_example.BankAccount(banking_example.BankAccount__getBalance()).JML normal_behavior operation contract.0.key 
66325      INFO  main            d.u.i.k.p.i.AbstractProblemLoader Loading environment from /home/runner/work/key/key/key.core/../key.ui/examples/InformationFlow/ToyBanking/banking_example.BankAccount(banking_example.BankAccount__getBalance()).JML normal_behavior operation contract.0.key 
66325      DEBUG main            d.u.i.k.p.i.AbstractProblemLoader Environment load took 104.2ns 
66327      INFO  main            d.u.i.k.p.i.AbstractProblemLoader Creating init config 
69959      DEBUG main            d.u.i.k.p.i.AbstractProblemLoader Init config took 3.63s 
70025      INFO  main            d.u.i.k.p.i.AbstractProblemLoader Replaying proof banking_example.BankAccount[banking_example.BankAccount::getBalance()].JML normal_behavior operation contract.0 
70029      DEBUG main            d.u.i.k.p.i.IntermediateProofReplayer Proof replay took 12ns 
70135      INFO  main            d.u.i.k.p.r.p.TestFile    ... finished proof: closed. 
70303      INFO  main            d.u.i.k.p.r.p.TestFile    Now processing file /home/runner/work/key/key/key.core/../key.ui/examples/InformationFlow/ToyBanking/banking_example.BankAccount(banking_example.BankAccount__getId()).JML normal_behavior operation contract.0.key 
70303      INFO  main            d.u.i.k.p.i.AbstractProblemLoader Loading environment from /home/runner/work/key/key/key.core/../key.ui/examples/InformationFlow/ToyBanking/banking_example.BankAccount(banking_example.BankAccount__getId()).JML normal_behavior operation contract.0.key 
70303      DEBUG main            d.u.i.k.p.i.AbstractProblemLoader Environment load took 92.5ns 
70306      INFO  main            d.u.i.k.p.i.AbstractProblemLoader Creating init config 
73884      DEBUG main            d.u.i.k.p.i.AbstractProblemLoader Init config took 3.58s 
73953      INFO  main            d.u.i.k.p.i.AbstractProblemLoader Replaying proof banking_example.BankAccount[banking_example.BankAccount::getId()].JML normal_behavior operation contract.0 
73959      DEBUG main            d.u.i.k.p.i.IntermediateProofReplayer Proof replay took 14.1ns 
74061      INFO  main            d.u.i.k.p.r.p.TestFile    ... finished proof: closed. 
74228      INFO  main            d.u.i.k.p.r.p.TestFile    Now processing file /home/runner/work/key/key/key.core/../key.ui/examples/InformationFlow/ToyBanking/banking_example.Bank(banking_example.Bank__login(int,(C)).JML normal_behavior operation contract.0.key 
74228      INFO  main            d.u.i.k.p.i.AbstractProblemLoader Loading environment from /home/runner/work/key/key/key.core/../key.ui/examples/InformationFlow/ToyBanking/banking_example.Bank(banking_example.Bank__login(int,(C)).JML normal_behavior operation contract.0.key 
74228      DEBUG main            d.u.i.k.p.i.AbstractProblemLoader Environment load took 83.6ns 
74230      INFO  main            d.u.i.k.p.i.AbstractProblemLoader Creating init config 
77927      DEBUG main            d.u.i.k.p.i.AbstractProblemLoader Init config took 3.7s 
78001      INFO  main            d.u.i.k.p.i.AbstractProblemLoader Replaying proof banking_example.Bank[banking_example.Bank::login(int,[C)].JML normal_behavior operation contract.0 
78007      DEBUG main            d.u.i.k.p.i.IntermediateProofReplayer Proof replay took 14.6ns 
86545      INFO  main            d.u.i.k.p.r.p.TestFile    ... finished proof: closed. 
86802      INFO  main            d.u.i.k.p.r.p.TestFile    Now processing file /home/runner/work/key/key/key.core/../key.ui/examples/InformationFlow/ToyBanking/banking_example2.UserAccount(banking_example2.UserAccount__getBankAccount(int)).JML normal_behavior operation contract.0.key 
86802      INFO  main            d.u.i.k.p.i.AbstractProblemLoader Loading environment from /home/runner/work/key/key/key.core/../key.ui/examples/InformationFlow/ToyBanking/banking_example2.UserAccount(banking_example2.UserAccount__getBankAccount(int)).JML normal_behavior operation contract.0.key 
86802      DEBUG main            d.u.i.k.p.i.AbstractProblemLoader Environment load took 84.3ns 
86804      INFO  main            d.u.i.k.p.i.AbstractProblemLoader Creating init config 
90311      DEBUG main            d.u.i.k.p.i.AbstractProblemLoader Init config took 3.51s 
90390      INFO  main            d.u.i.k.p.i.AbstractProblemLoader Replaying proof banking_example2.UserAccount[banking_example2.UserAccount::getBankAccount(int)].JML normal_behavior operation contract.0 
90397      DEBUG main            d.u.i.k.p.i.IntermediateProofReplayer Proof replay took 15ns 
90902      INFO  main            d.u.i.k.p.r.p.TestFile    ... finished proof: closed. 
91116      INFO  main            d.u.i.k.p.r.p.TestFile    Now processing file /home/runner/work/key/key/key.core/../key.ui/examples/InformationFlow/ToyBanking/banking_example2.UserAccount(banking_example2.UserAccount__tryLogin(int,(C)).JML normal_behavior operation contract.0.key 
91117      INFO  main            d.u.i.k.p.i.AbstractProblemLoader Loading environment from /home/runner/work/key/key/key.core/../key.ui/examples/InformationFlow/ToyBanking/banking_example2.UserAccount(banking_example2.UserAccount__tryLogin(int,(C)).JML normal_behavior operation contract.0.key 
91118      DEBUG main            d.u.i.k.p.i.AbstractProblemLoader Environment load took 150.7ns 
91119      INFO  main            d.u.i.k.p.i.AbstractProblemLoader Creating init config 
94569      DEBUG main            d.u.i.k.p.i.AbstractProblemLoader Init config took 3.45s 
94639      INFO  main            d.u.i.k.p.i.AbstractProblemLoader Replaying proof banking_example2.UserAccount[banking_example2.UserAccount::tryLogin(int,[C)].JML normal_behavior operation contract.0 
94642      DEBUG main            d.u.i.k.p.i.IntermediateProofReplayer Proof replay took 12.8ns 
122849     INFO  main            d.u.i.k.p.r.p.TestFile    ... finished proof: closed. 
123132     INFO  main            d.u.i.k.p.r.p.TestFile    Now processing file /home/runner/work/key/key/key.core/../key.ui/examples/InformationFlow/ToyBanking/banking_example2.UserAccount(java.lang.Object___inv_()).JML accessible clause.0.key 
123134     INFO  main            d.u.i.k.p.i.AbstractProblemLoader Loading environment from /home/runner/work/key/key/key.core/../key.ui/examples/InformationFlow/ToyBanking/banking_example2.UserAccount(java.lang.Object___inv_()).JML accessible clause.0.key 
123135     DEBUG main            d.u.i.k.p.i.AbstractProblemLoader Environment load took 110ns 
123136     INFO  main            d.u.i.k.p.i.AbstractProblemLoader Creating init config 
126563     DEBUG main            d.u.i.k.p.i.AbstractProblemLoader Init config took 3.43s 
126630     INFO  main            d.u.i.k.p.i.AbstractProblemLoader Replaying proof banking_example2.UserAccount[java.lang.Object::<inv>()].JML accessible clause.0 
126633     DEBUG main            d.u.i.k.p.i.IntermediateProofReplayer Proof replay took 14.3ns 
132650     INFO  main            d.u.i.k.p.r.p.TestFile    ... finished proof: open goal(s) 
132904     INFO  main            d.u.i.k.p.r.p.TestFile    Now processing file /home/runner/work/key/key/key.core/../key.ui/examples/InformationFlow/ToyBanking/banking_example2.BankAccount(banking_example2.BankAccount__depositMoney(int)).JML normal_behavior operation contract.0.key 
132905     INFO  main            d.u.i.k.p.i.AbstractProblemLoader Loading environment from /home/runner/work/key/key/key.core/../key.ui/examples/InformationFlow/ToyBanking/banking_example2.BankAccount(banking_example2.BankAccount__depositMoney(int)).JML normal_behavior operation contract.0.key 
132905     DEBUG main            d.u.i.k.p.i.AbstractProblemLoader Environment load took 90.6ns 
132906     INFO  main            d.u.i.k.p.i.AbstractProblemLoader Creating init config 
136215     DEBUG main            d.u.i.k.p.i.AbstractProblemLoader Init config took 3.31s 
136279     INFO  main            d.u.i.k.p.i.AbstractProblemLoader Replaying proof banking_example2.BankAccount[banking_example2.BankAccount::depositMoney(int)].JML normal_behavior operation contract.0 
136283     DEBUG main            d.u.i.k.p.i.IntermediateProofReplayer Proof replay took 14.4ns 
136687     INFO  main            d.u.i.k.p.r.p.TestFile    ... finished proof: closed. 
136894     INFO  main            d.u.i.k.p.r.p.TestFile    Now processing file /home/runner/work/key/key/key.core/../key.ui/examples/InformationFlow/ToyBanking/banking_example2.BankAccount(banking_example2.BankAccount__getBalance()).JML normal_behavior operation contract.0.key 
136895     INFO  main            d.u.i.k.p.i.AbstractProblemLoader Loading environment from /home/runner/work/key/key/key.core/../key.ui/examples/InformationFlow/ToyBanking/banking_example2.BankAccount(banking_example2.BankAccount__getBalance()).JML normal_behavior operation contract.0.key 
136895     DEBUG main            d.u.i.k.p.i.AbstractProblemLoader Environment load took 81.2ns 
136896     INFO  main            d.u.i.k.p.i.AbstractProblemLoader Creating init config 
140359     DEBUG main            d.u.i.k.p.i.AbstractProblemLoader Init config took 3.46s 
140419     INFO  main            d.u.i.k.p.i.AbstractProblemLoader Replaying proof banking_example2.BankAccount[banking_example2.BankAccount::getBalance()].JML normal_behavior operation contract.0 
140424     DEBUG main            d.u.i.k.p.i.IntermediateProofReplayer Proof replay took 15.4ns 
140526     INFO  main            d.u.i.k.p.r.p.TestFile    ... finished proof: closed. 
140729     INFO  main            d.u.i.k.p.r.p.TestFile    Now processing file /home/runner/work/key/key/key.core/../key.ui/examples/InformationFlow/ToyBanking/banking_example2.BankAccount(banking_example2.BankAccount__getId()).JML normal_behavior operation contract.0.key 
140731     INFO  main            d.u.i.k.p.i.AbstractProblemLoader Loading environment from /home/runner/work/key/key/key.core/../key.ui/examples/InformationFlow/ToyBanking/banking_example2.BankAccount(banking_example2.BankAccount__getId()).JML normal_behavior operation contract.0.key 
140731     DEBUG main            d.u.i.k.p.i.AbstractProblemLoader Environment load took 96.6ns 
140732     INFO  main            d.u.i.k.p.i.AbstractProblemLoader Creating init config 
144294     DEBUG main            d.u.i.k.p.i.AbstractProblemLoader Init config took 3.56s 
144350     INFO  main            d.u.i.k.p.i.AbstractProblemLoader Replaying proof banking_example2.BankAccount[banking_example2.BankAccount::getId()].JML normal_behavior operation contract.0 
144354     DEBUG main            d.u.i.k.p.i.IntermediateProofReplayer Proof replay took 14.2ns 
144458     INFO  main            d.u.i.k.p.r.p.TestFile    ... finished proof: closed. 
144679     INFO  main            d.u.i.k.p.r.p.TestFile    Now processing file /home/runner/work/key/key/key.core/../key.ui/examples/InformationFlow/ToyBanking/banking_example2.Bank(banking_example2.Bank__login(int,(C)).JML normal_behavior operation contract.0.key 
144680     INFO  main            d.u.i.k.p.i.AbstractProblemLoader Loading environment from /home/runner/work/key/key/key.core/../key.ui/examples/InformationFlow/ToyBanking/banking_example2.Bank(banking_example2.Bank__login(int,(C)).JML normal_behavior operation contract.0.key 
144680     DEBUG main            d.u.i.k.p.i.AbstractProblemLoader Environment load took 83.5ns 
144688     INFO  main            d.u.i.k.p.i.AbstractProblemLoader Creating init config 
148327     DEBUG main            d.u.i.k.p.i.AbstractProblemLoader Init config took 3.64s 
148383     INFO  main            d.u.i.k.p.i.AbstractProblemLoader Replaying proof banking_example2.Bank[banking_example2.Bank::login(int,[C)].JML normal_behavior operation contract.0 
148387     DEBUG main            d.u.i.k.p.i.IntermediateProofReplayer Proof replay took 14.4ns 
152500     INFO  main            d.u.i.k.p.r.p.TestFile    ... finished proof: closed. 
215732     INFO  Test worker     d.u.i.k.p.r.RunAllProofsTestUnit Returning from test ToyBanking 
215738     INFO  Test worker     d.u.i.k.p.r.RunAllProofsTestUnit Running test BlockContracts 
417        INFO  Timeout watchdog d.u.i.k.p.r.p.ForkedTestFileRunner Timeout watcher launched (1000 secs.) 
433        WARN  main            d.u.i.k.s.ProofSettings   The settings in /home/runner/.key/proof-settings.props are *not* read. 
463        INFO  main            d.u.i.k.p.r.p.TestFile    Now processing file /home/runner/work/key/key/key.core/../key.ui/examples/InformationFlow/BlockContracts/contract.IFBlockExamples(contract.IFBlockExamples__secure_5()).JML operation contract.0.key 
612        INFO  main            d.u.i.k.p.i.AbstractProblemLoader Loading environment from /home/runner/work/key/key/key.core/../key.ui/examples/InformationFlow/BlockContracts/contract.IFBlockExamples(contract.IFBlockExamples__secure_5()).JML operation contract.0.key 
636        DEBUG main            d.u.i.k.p.i.AbstractProblemLoader Environment load took 2.67ms 
926        INFO  main            d.u.i.k.p.i.AbstractProblemLoader Creating init config 
2013       DEBUG main            d.u.i.k.j.TypeConverter   No LDT found for Meta 
2014       DEBUG main            d.u.i.k.j.TypeConverter   No LDT found for Meta 
2020       DEBUG main            d.u.i.k.j.TypeConverter   No LDT found for Meta 
2021       DEBUG main            d.u.i.k.j.TypeConverter   No LDT found for Meta 
3979       DEBUG main            d.u.i.k.j.TypeConverter   No LDT found for JavaBigintExpression 
10673      DEBUG main            d.u.i.k.p.i.AbstractProblemLoader Init config took 9.75s 
10896      INFO  main            d.u.i.k.p.i.AbstractProblemLoader Replaying proof contract.IFBlockExamples[contract.IFBlockExamples::secure_5()].JML operation contract.0 
11000      DEBUG main            d.u.i.k.p.i.IntermediateProofReplayer Proof replay took 415.71ns 
11947      INFO  main            d.u.i.k.p.r.p.TestFile    ... finished proof: closed. 
12081      INFO  main            d.u.i.k.p.r.p.TestFile    Now processing file /home/runner/work/key/key/key.core/../key.ui/examples/InformationFlow/BlockContracts/contract.IFBlockExamples(contract.IFBlockExamples__block_no_return_secure(int)).JML operation contract.0.key 
12085      INFO  main            d.u.i.k.p.i.AbstractProblemLoader Loading environment from /home/runner/work/key/key/key.core/../key.ui/examples/InformationFlow/BlockContracts/contract.IFBlockExamples(contract.IFBlockExamples__block_no_return_secure(int)).JML operation contract.0.key 
12086      DEBUG main            d.u.i.k.p.i.AbstractProblemLoader Environment load took 1.02ms 
12091      INFO  main            d.u.i.k.p.i.AbstractProblemLoader Creating init config 
15863      DEBUG main            d.u.i.k.p.i.AbstractProblemLoader Init config took 3.77s 
15961      INFO  main            d.u.i.k.p.i.AbstractProblemLoader Replaying proof contract.IFBlockExamples[contract.IFBlockExamples::block_no_return_secure(int)].JML operation contract.0 
15971      DEBUG main            d.u.i.k.p.i.IntermediateProofReplayer Proof replay took 13.8ns 
16275      INFO  main            d.u.i.k.p.r.p.TestFile    ... finished proof: closed. 
16434      INFO  main            d.u.i.k.p.r.p.TestFile    Now processing file /home/runner/work/key/key/key.core/../key.ui/examples/InformationFlow/BlockContracts/contract.IFBlockExamples(contract.IFBlockExamples__while_block_insecure(int)).JML operation contract.0.key 
16434      INFO  main            d.u.i.k.p.i.AbstractProblemLoader Loading environment from /home/runner/work/key/key/key.core/../key.ui/examples/InformationFlow/BlockContracts/contract.IFBlockExamples(contract.IFBlockExamples__while_block_insecure(int)).JML operation contract.0.key 
16435      DEBUG main            d.u.i.k.p.i.AbstractProblemLoader Environment load took 968.31ns 
16439      INFO  main            d.u.i.k.p.i.AbstractProblemLoader Creating init config 
20022      DEBUG main            d.u.i.k.p.i.AbstractProblemLoader Init config took 3.58s 
20105      INFO  main            d.u.i.k.p.i.AbstractProblemLoader Replaying proof contract.IFBlockExamples[contract.IFBlockExamples::while_block_insecure(int)].JML operation contract.0 
20111      DEBUG main            d.u.i.k.p.i.IntermediateProofReplayer Proof replay took 14ns 
20616      INFO  main            d.u.i.k.p.r.p.TestFile    ... finished proof: closed. 
20785      INFO  main            d.u.i.k.p.r.p.TestFile    Now processing file /home/runner/work/key/key/key.core/../key.ui/examples/InformationFlow/BlockContracts/contract.IFBlockExamples(contract.IFBlockExamples__while_block_secure(int)).JML operation contract.0.key 
20786      INFO  main            d.u.i.k.p.i.AbstractProblemLoader Loading environment from /home/runner/work/key/key/key.core/../key.ui/examples/InformationFlow/BlockContracts/contract.IFBlockExamples(contract.IFBlockExamples__while_block_secure(int)).JML operation contract.0.key 
20786      DEBUG main            d.u.i.k.p.i.AbstractProblemLoader Environment load took 89.1ns 
20787      INFO  main            d.u.i.k.p.i.AbstractProblemLoader Creating init config 
24303      DEBUG main            d.u.i.k.p.i.AbstractProblemLoader Init config took 3.52s 
24368      INFO  main            d.u.i.k.p.i.AbstractProblemLoader Replaying proof contract.IFBlockExamples[contract.IFBlockExamples::while_block_secure(int)].JML operation contract.0 
24371      DEBUG main            d.u.i.k.p.i.IntermediateProofReplayer Proof replay took 13.3ns 
24775      INFO  main            d.u.i.k.p.r.p.TestFile    ... finished proof: closed. 
24938      INFO  main            d.u.i.k.p.r.p.TestFile    Now processing file /home/runner/work/key/key/key.core/../key.ui/examples/InformationFlow/BlockContracts/contract.IFBlockExamples(contract.IFBlockExamples__block_while_secure(int)).JML operation contract.0.key 
24939      INFO  main            d.u.i.k.p.i.AbstractProblemLoader Loading environment from /home/runner/work/key/key/key.core/../key.ui/examples/InformationFlow/BlockContracts/contract.IFBlockExamples(contract.IFBlockExamples__block_while_secure(int)).JML operation contract.0.key 
24939      DEBUG main            d.u.i.k.p.i.AbstractProblemLoader Environment load took 102ns 
24945      INFO  main            d.u.i.k.p.i.AbstractProblemLoader Creating init config 
28419      DEBUG main            d.u.i.k.p.i.AbstractProblemLoader Init config took 3.47s 
28482      INFO  main            d.u.i.k.p.i.AbstractProblemLoader Replaying proof contract.IFBlockExamples[contract.IFBlockExamples::block_while_secure(int)].JML operation contract.0 
28486      DEBUG main            d.u.i.k.p.i.IntermediateProofReplayer Proof replay took 15.3ns 
28993      INFO  main            d.u.i.k.p.r.p.TestFile    ... finished proof: closed. 
29181      INFO  main            d.u.i.k.p.r.p.TestFile    Now processing file /home/runner/work/key/key/key.core/../key.ui/examples/InformationFlow/BlockContracts/contract.IFBlockExamples(contract.IFBlockExamples__insecure_4(int)).JML operation contract.0.key 
29181      INFO  main            d.u.i.k.p.i.AbstractProblemLoader Loading environment from /home/runner/work/key/key/key.core/../key.ui/examples/InformationFlow/BlockContracts/contract.IFBlockExamples(contract.IFBlockExamples__insecure_4(int)).JML operation contract.0.key 
29181      DEBUG main            d.u.i.k.p.i.AbstractProblemLoader Environment load took 94.8ns 
29183      INFO  main            d.u.i.k.p.i.AbstractProblemLoader Creating init config 
32586      DEBUG main            d.u.i.k.p.i.AbstractProblemLoader Init config took 3.4s 
32660      INFO  main            d.u.i.k.p.i.AbstractProblemLoader Replaying proof contract.IFBlockExamples[contract.IFBlockExamples::insecure_4(int)].JML operation contract.0 
32664      DEBUG main            d.u.i.k.p.i.IntermediateProofReplayer Proof replay took 14.6ns 
33171      INFO  main            d.u.i.k.p.r.p.TestFile    ... finished proof: closed. 
33357      INFO  main            d.u.i.k.p.r.p.TestFile    Now processing file /home/runner/work/key/key/key.core/../key.ui/examples/InformationFlow/BlockContracts/contract.IFBlockExamples(contract.IFBlockExamples__insecure_3(int)).JML operation contract.0.key 
33359      INFO  main            d.u.i.k.p.i.AbstractProblemLoader Loading environment from /home/runner/work/key/key/key.core/../key.ui/examples/InformationFlow/BlockContracts/contract.IFBlockExamples(contract.IFBlockExamples__insecure_3(int)).JML operation contract.0.key 
33359      DEBUG main            d.u.i.k.p.i.AbstractProblemLoader Environment load took 723.71ns 
33361      INFO  main            d.u.i.k.p.i.AbstractProblemLoader Creating init config 
36783      DEBUG main            d.u.i.k.p.i.AbstractProblemLoader Init config took 3.42s 
36853      INFO  main            d.u.i.k.p.i.AbstractProblemLoader Replaying proof contract.IFBlockExamples[contract.IFBlockExamples::insecure_3(int)].JML operation contract.0 
36859      DEBUG main            d.u.i.k.p.i.IntermediateProofReplayer Proof replay took 15ns 
37364      INFO  main            d.u.i.k.p.r.p.TestFile    ... finished proof: closed. 
37572      INFO  main            d.u.i.k.p.r.p.TestFile    Now processing file /home/runner/work/key/key/key.core/../key.ui/examples/InformationFlow/BlockContracts/contract.IFBlockExamples(contract.IFBlockExamples__secure_3(int)).JML operation contract.0.key 
37572      INFO  main            d.u.i.k.p.i.AbstractProblemLoader Loading environment from /home/runner/work/key/key/key.core/../key.ui/examples/InformationFlow/BlockContracts/contract.IFBlockExamples(contract.IFBlockExamples__secure_3(int)).JML operation contract.0.key 
37573      DEBUG main            d.u.i.k.p.i.AbstractProblemLoader Environment load took 869.51ns 
37574      INFO  main            d.u.i.k.p.i.AbstractProblemLoader Creating init config 
40894      DEBUG main            d.u.i.k.p.i.AbstractProblemLoader Init config took 3.32s 
40952      INFO  main            d.u.i.k.p.i.AbstractProblemLoader Replaying proof contract.IFBlockExamples[contract.IFBlockExamples::secure_3(int)].JML operation contract.0 
40956      DEBUG main            d.u.i.k.p.i.IntermediateProofReplayer Proof replay took 14.7ns 
41459      INFO  main            d.u.i.k.p.r.p.TestFile    ... finished proof: closed. 
41641      INFO  main            d.u.i.k.p.r.p.TestFile    Now processing file /home/runner/work/key/key/key.core/../key.ui/examples/InformationFlow/BlockContracts/contract.IFBlockExamples(contract.IFBlockExamples__secure_2(int)).JML operation contract.0.key 
41641      INFO  main            d.u.i.k.p.i.AbstractProblemLoader Loading environment from /home/runner/work/key/key/key.core/../key.ui/examples/InformationFlow/BlockContracts/contract.IFBlockExamples(contract.IFBlockExamples__secure_2(int)).JML operation contract.0.key 
41641      DEBUG main            d.u.i.k.p.i.AbstractProblemLoader Environment load took 98.6ns 
41642      INFO  main            d.u.i.k.p.i.AbstractProblemLoader Creating init config 
44964      DEBUG main            d.u.i.k.p.i.AbstractProblemLoader Init config took 3.32s 
45032      INFO  main            d.u.i.k.p.i.AbstractProblemLoader Replaying proof contract.IFBlockExamples[contract.IFBlockExamples::secure_2(int)].JML operation contract.0 
45035      DEBUG main            d.u.i.k.p.i.IntermediateProofReplayer Proof replay took 14.6ns 
45439      INFO  main            d.u.i.k.p.r.p.TestFile    ... finished proof: closed. 
45638      INFO  main            d.u.i.k.p.r.p.TestFile    Now processing file /home/runner/work/key/key/key.core/../key.ui/examples/InformationFlow/BlockContracts/contract.IFBlockExamples(contract.IFBlockExamples__secure_8(int)).JML operation contract.0.key 
45639      INFO  main            d.u.i.k.p.i.AbstractProblemLoader Loading environment from /home/runner/work/key/key/key.core/../key.ui/examples/InformationFlow/BlockContracts/contract.IFBlockExamples(contract.IFBlockExamples__secure_8(int)).JML operation contract.0.key 
45639      DEBUG main            d.u.i.k.p.i.AbstractProblemLoader Environment load took 1.07ms 
45641      INFO  main            d.u.i.k.p.i.AbstractProblemLoader Creating init config 
48994      DEBUG main            d.u.i.k.p.i.AbstractProblemLoader Init config took 3.35s 
49047      INFO  main            d.u.i.k.p.i.AbstractProblemLoader Replaying proof contract.IFBlockExamples[contract.IFBlockExamples::secure_8(int)].JML operation contract.0 
49050      DEBUG main            d.u.i.k.p.i.IntermediateProofReplayer Proof replay took 13.9ns 
49353      INFO  main            d.u.i.k.p.r.p.TestFile    ... finished proof: closed. 
49555      INFO  main            d.u.i.k.p.r.p.TestFile    Now processing file /home/runner/work/key/key/key.core/../key.ui/examples/InformationFlow/BlockContracts/contract.IFBlockExamples(contract.IFBlockExamples__secure_7(int)).JML operation contract.0.key 
49555      INFO  main            d.u.i.k.p.i.AbstractProblemLoader Loading environment from /home/runner/work/key/key/key.core/../key.ui/examples/InformationFlow/BlockContracts/contract.IFBlockExamples(contract.IFBlockExamples__secure_7(int)).JML operation contract.0.key 
49555      DEBUG main            d.u.i.k.p.i.AbstractProblemLoader Environment load took 83.3ns 
49557      INFO  main            d.u.i.k.p.i.AbstractProblemLoader Creating init config 
52896      DEBUG main            d.u.i.k.p.i.AbstractProblemLoader Init config took 3.34s 
52949      INFO  main            d.u.i.k.p.i.AbstractProblemLoader Replaying proof contract.IFBlockExamples[contract.IFBlockExamples::secure_7(int)].JML operation contract.0 
52951      DEBUG main            d.u.i.k.p.i.IntermediateProofReplayer Proof replay took 15ns 
53154      INFO  main            d.u.i.k.p.r.p.TestFile    ... finished proof: closed. 
53338      INFO  main            d.u.i.k.p.r.p.TestFile    Now processing file /home/runner/work/key/key/key.core/../key.ui/examples/InformationFlow/BlockContracts/contract.IFBlockExamples(contract.IFBlockExamples__secure_6(int)).JML operation contract.0.key 
53339      INFO  main            d.u.i.k.p.i.AbstractProblemLoader Loading environment from /home/runner/work/key/key/key.core/../key.ui/examples/InformationFlow/BlockContracts/contract.IFBlockExamples(contract.IFBlockExamples__secure_6(int)).JML operation contract.0.key 
53339      DEBUG main            d.u.i.k.p.i.AbstractProblemLoader Environment load took 135.5ns 
53340      INFO  main            d.u.i.k.p.i.AbstractProblemLoader Creating init config 
56571      DEBUG main            d.u.i.k.p.i.AbstractProblemLoader Init config took 3.23s 
56621      INFO  main            d.u.i.k.p.i.AbstractProblemLoader Replaying proof contract.IFBlockExamples[contract.IFBlockExamples::secure_6(int)].JML operation contract.0 
56635      DEBUG main            d.u.i.k.p.i.IntermediateProofReplayer Proof replay took 15.8ns 
56838      INFO  main            d.u.i.k.p.r.p.TestFile    ... finished proof: closed. 
57048      INFO  main            d.u.i.k.p.r.p.TestFile    Now processing file /home/runner/work/key/key/key.core/../key.ui/examples/InformationFlow/BlockContracts/contract.IFBlockExamples(contract.IFBlockExamples__insecure_1(int)).JML operation contract.0.key 
57048      INFO  main            d.u.i.k.p.i.AbstractProblemLoader Loading environment from /home/runner/work/key/key/key.core/../key.ui/examples/InformationFlow/BlockContracts/contract.IFBlockExamples(contract.IFBlockExamples__insecure_1(int)).JML operation contract.0.key 
57048      DEBUG main            d.u.i.k.p.i.AbstractProblemLoader Environment load took 96.8ns 
57050      INFO  main            d.u.i.k.p.i.AbstractProblemLoader Creating init config 
60313      DEBUG main            d.u.i.k.p.i.AbstractProblemLoader Init config took 3.26s 
60374      INFO  main            d.u.i.k.p.i.AbstractProblemLoader Replaying proof contract.IFBlockExamples[contract.IFBlockExamples::insecure_1(int)].JML operation contract.0 
60379      DEBUG main            d.u.i.k.p.i.IntermediateProofReplayer Proof replay took 16.4ns 
60581      INFO  main            d.u.i.k.p.r.p.TestFile    ... finished proof: closed. 
60838      INFO  main            d.u.i.k.p.r.p.TestFile    Now processing file /home/runner/work/key/key/key.core/../key.ui/examples/InformationFlow/BlockContracts/contract.IFBlockExamples(contract.IFBlockExamples__secure_4(int)).JML operation contract.0.key 
60838      INFO  main            d.u.i.k.p.i.AbstractProblemLoader Loading environment from /home/runner/work/key/key/key.core/../key.ui/examples/InformationFlow/BlockContracts/contract.IFBlockExamples(contract.IFBlockExamples__secure_4(int)).JML operation contract.0.key 
60839      DEBUG main            d.u.i.k.p.i.AbstractProblemLoader Environment load took 878.81ns 
60841      INFO  main            d.u.i.k.p.i.AbstractProblemLoader Creating init config 
64095      DEBUG main            d.u.i.k.p.i.AbstractProblemLoader Init config took 3.25s 
64155      INFO  main            d.u.i.k.p.i.AbstractProblemLoader Replaying proof contract.IFBlockExamples[contract.IFBlockExamples::secure_4(int)].JML operation contract.0 
64158      DEBUG main            d.u.i.k.p.i.IntermediateProofReplayer Proof replay took 16ns 
64361      INFO  main            d.u.i.k.p.r.p.TestFile    ... finished proof: closed. 
64562      INFO  main            d.u.i.k.p.r.p.TestFile    Now processing file /home/runner/work/key/key/key.core/../key.ui/examples/InformationFlow/BlockContracts/contract.IFBlockExamples(contract.IFBlockExamples__secure_1(int)).JML operation contract.0.key 
64562      INFO  main            d.u.i.k.p.i.AbstractProblemLoader Loading environment from /home/runner/work/key/key/key.core/../key.ui/examples/InformationFlow/BlockContracts/contract.IFBlockExamples(contract.IFBlockExamples__secure_1(int)).JML operation contract.0.key 
64562      DEBUG main            d.u.i.k.p.i.AbstractProblemLoader Environment load took 95.7ns 
64563      INFO  main            d.u.i.k.p.i.AbstractProblemLoader Creating init config 
67673      DEBUG main            d.u.i.k.p.i.AbstractProblemLoader Init config took 3.11s 
67747      INFO  main            d.u.i.k.p.i.AbstractProblemLoader Replaying proof contract.IFBlockExamples[contract.IFBlockExamples::secure_1(int)].JML operation contract.0 
67754      DEBUG main            d.u.i.k.p.i.IntermediateProofReplayer Proof replay took 19.5ns 
67957      INFO  main            d.u.i.k.p.r.p.TestFile    ... finished proof: closed. 
68160      INFO  main            d.u.i.k.p.r.p.TestFile    Now processing file /home/runner/work/key/key/key.core/../key.ui/examples/InformationFlow/BlockContracts/contract.IFEfficiencyExamples(contract.IFEfficiencyExamples__mWithoutBlockContract()).JML operation contract.0.key 
68161      INFO  main            d.u.i.k.p.i.AbstractProblemLoader Loading environment from /home/runner/work/key/key/key.core/../key.ui/examples/InformationFlow/BlockContracts/contract.IFEfficiencyExamples(contract.IFEfficiencyExamples__mWithoutBlockContract()).JML operation contract.0.key 
68161      DEBUG main            d.u.i.k.p.i.AbstractProblemLoader Environment load took 110.7ns 
68163      INFO  main            d.u.i.k.p.i.AbstractProblemLoader Creating init config 
71299      DEBUG main            d.u.i.k.p.i.AbstractProblemLoader Init config took 3.14s 
71351      INFO  main            d.u.i.k.p.i.AbstractProblemLoader Replaying proof contract.IFEfficiencyExamples[contract.IFEfficiencyExamples::mWithoutBlockContract()].JML operation contract.0 
71354      DEBUG main            d.u.i.k.p.i.IntermediateProofReplayer Proof replay took 16.1ns 
72261      INFO  main            d.u.i.k.p.r.p.TestFile    ... finished proof: closed. 
72491      INFO  main            d.u.i.k.p.r.p.TestFile    Now processing file /home/runner/work/key/key/key.core/../key.ui/examples/InformationFlow/BlockContracts/contract.IFEfficiencyExamples(contract.IFEfficiencyExamples__mWithBlockContract()).JML operation contract.0.key 
72492      INFO  main            d.u.i.k.p.i.AbstractProblemLoader Loading environment from /home/runner/work/key/key/key.core/../key.ui/examples/InformationFlow/BlockContracts/contract.IFEfficiencyExamples(contract.IFEfficiencyExamples__mWithBlockContract()).JML operation contract.0.key 
72492      DEBUG main            d.u.i.k.p.i.AbstractProblemLoader Environment load took 711.71ns 
72493      INFO  main            d.u.i.k.p.i.AbstractProblemLoader Creating init config 
75754      DEBUG main            d.u.i.k.p.i.AbstractProblemLoader Init config took 3.26s 
75814      INFO  main            d.u.i.k.p.i.AbstractProblemLoader Replaying proof contract.IFEfficiencyExamples[contract.IFEfficiencyExamples::mWithBlockContract()].JML operation contract.0 
75819      DEBUG main            d.u.i.k.p.i.IntermediateProofReplayer Proof replay took 15ns 
76529      INFO  main            d.u.i.k.p.r.p.TestFile    ... finished proof: closed. 
292686     INFO  Test worker     d.u.i.k.p.r.RunAllProofsTestUnit Returning from test BlockContracts 
292687     INFO  Test worker     d.u.i.k.p.r.RunAllProofsTestUnit Running test MethodContracts 
408        INFO  Timeout watchdog d.u.i.k.p.r.p.ForkedTestFileRunner Timeout watcher launched (1000 secs.) 
426        WARN  main            d.u.i.k.s.ProofSettings   The settings in /home/runner/.key/proof-settings.props are *not* read. 
458        INFO  main            d.u.i.k.p.r.p.TestFile    Now processing file /home/runner/work/key/key/key.core/../key.ui/examples/InformationFlow/MethodContracts/contract.IFMethodContract(contract.IFMethodContract__secure_recursion_2((I,int)).JML normal_behavior operation contract.0.key 
602        INFO  main            d.u.i.k.p.i.AbstractProblemLoader Loading environment from /home/runner/work/key/key/key.core/../key.ui/examples/InformationFlow/MethodContracts/contract.IFMethodContract(contract.IFMethodContract__secure_recursion_2((I,int)).JML normal_behavior operation contract.0.key 
625        DEBUG main            d.u.i.k.p.i.AbstractProblemLoader Environment load took 3.17ms 
907        INFO  main            d.u.i.k.p.i.AbstractProblemLoader Creating init config 
2180       DEBUG main            d.u.i.k.j.TypeConverter   No LDT found for Meta 
2181       DEBUG main            d.u.i.k.j.TypeConverter   No LDT found for Meta 
2184       DEBUG main            d.u.i.k.j.TypeConverter   No LDT found for Meta 
2184       DEBUG main            d.u.i.k.j.TypeConverter   No LDT found for Meta 
3967       DEBUG main            d.u.i.k.j.TypeConverter   No LDT found for JavaBigintExpression 
10282      DEBUG main            d.u.i.k.p.i.AbstractProblemLoader Init config took 9.37s 
10467      INFO  main            d.u.i.k.p.i.AbstractProblemLoader Replaying proof contract.IFMethodContract[contract.IFMethodContract::secure_recursion_2([I,int)].JML normal_behavior operation contract.0 
10516      DEBUG main            d.u.i.k.p.i.IntermediateProofReplayer Proof replay took 408.6ns 
11770      INFO  main            d.u.i.k.p.r.p.TestFile    ... finished proof: closed. 
11915      INFO  main            d.u.i.k.p.r.p.TestFile    Now processing file /home/runner/work/key/key/key.core/../key.ui/examples/InformationFlow/MethodContracts/contract.IFMethodContract(contract.IFMethodContract__secure_recursion(int)).JML normal_behavior operation contract.0.key 
11915      INFO  main            d.u.i.k.p.i.AbstractProblemLoader Loading environment from /home/runner/work/key/key/key.core/../key.ui/examples/InformationFlow/MethodContracts/contract.IFMethodContract(contract.IFMethodContract__secure_recursion(int)).JML normal_behavior operation contract.0.key 
11915      DEBUG main            d.u.i.k.p.i.AbstractProblemLoader Environment load took 114.8ns 
11917      INFO  main            d.u.i.k.p.i.AbstractProblemLoader Creating init config 
15583      DEBUG main            d.u.i.k.p.i.AbstractProblemLoader Init config took 3.67s 
15657      INFO  main            d.u.i.k.p.i.AbstractProblemLoader Replaying proof contract.IFMethodContract[contract.IFMethodContract::secure_recursion(int)].JML normal_behavior operation contract.0 
15661      DEBUG main            d.u.i.k.p.i.IntermediateProofReplayer Proof replay took 34.1ns 
15966      INFO  main            d.u.i.k.p.r.p.TestFile    ... finished proof: closed. 
16151      INFO  main            d.u.i.k.p.r.p.TestFile    Now processing file /home/runner/work/key/key/key.core/../key.ui/examples/InformationFlow/MethodContracts/contract.IFMethodContract(contract.IFMethodContract__secure_catch_exception()).JML operation contract.0.key 
16152      INFO  main            d.u.i.k.p.i.AbstractProblemLoader Loading environment from /home/runner/work/key/key/key.core/../key.ui/examples/InformationFlow/MethodContracts/contract.IFMethodContract(contract.IFMethodContract__secure_catch_exception()).JML operation contract.0.key 
16153      DEBUG main            d.u.i.k.p.i.AbstractProblemLoader Environment load took 734.11ns 
16155      INFO  main            d.u.i.k.p.i.AbstractProblemLoader Creating init config 
19522      DEBUG main            d.u.i.k.p.i.AbstractProblemLoader Init config took 3.37s 
19604      INFO  main            d.u.i.k.p.i.AbstractProblemLoader Replaying proof contract.IFMethodContract[contract.IFMethodContract::secure_catch_exception()].JML operation contract.0 
19611      DEBUG main            d.u.i.k.p.i.IntermediateProofReplayer Proof replay took 14.8ns 
19915      INFO  main            d.u.i.k.p.r.p.TestFile    ... finished proof: closed. 
20080      INFO  main            d.u.i.k.p.r.p.TestFile    Now processing file /home/runner/work/key/key/key.core/../key.ui/examples/InformationFlow/MethodContracts/contract.IFMethodContract(contract.IFMethodContract__n6()).JML normal_behavior operation contract.0.key 
20081      INFO  main            d.u.i.k.p.i.AbstractProblemLoader Loading environment from /home/runner/work/key/key/key.core/../key.ui/examples/InformationFlow/MethodContracts/contract.IFMethodContract(contract.IFMethodContract__n6()).JML normal_behavior operation contract.0.key 
20081      DEBUG main            d.u.i.k.p.i.AbstractProblemLoader Environment load took 100.3ns 
20082      INFO  main            d.u.i.k.p.i.AbstractProblemLoader Creating init config 
23538      DEBUG main            d.u.i.k.p.i.AbstractProblemLoader Init config took 3.46s 
23603      INFO  main            d.u.i.k.p.i.AbstractProblemLoader Replaying proof contract.IFMethodContract[contract.IFMethodContract::n6()].JML normal_behavior operation contract.0 
23608      DEBUG main            d.u.i.k.p.i.IntermediateProofReplayer Proof replay took 14ns 
23711      INFO  main            d.u.i.k.p.r.p.TestFile    ... finished proof: closed. 
23906      INFO  main            d.u.i.k.p.r.p.TestFile    Now processing file /home/runner/work/key/key/key.core/../key.ui/examples/InformationFlow/MethodContracts/contract.IFMethodContract(contract.IFMethodContract__secure_n6()).JML operation contract.0.key 
23910      INFO  main            d.u.i.k.p.i.AbstractProblemLoader Loading environment from /home/runner/work/key/key/key.core/../key.ui/examples/InformationFlow/MethodContracts/contract.IFMethodContract(contract.IFMethodContract__secure_n6()).JML operation contract.0.key 
23910      DEBUG main            d.u.i.k.p.i.AbstractProblemLoader Environment load took 114.8ns 
23911      INFO  main            d.u.i.k.p.i.AbstractProblemLoader Creating init config 
27262      DEBUG main            d.u.i.k.p.i.AbstractProblemLoader Init config took 3.35s 
27328      INFO  main            d.u.i.k.p.i.AbstractProblemLoader Replaying proof contract.IFMethodContract[contract.IFMethodContract::secure_n6()].JML operation contract.0 
27333      DEBUG main            d.u.i.k.p.i.IntermediateProofReplayer Proof replay took 15.9ns 
27438      INFO  main            d.u.i.k.p.r.p.TestFile    ... finished proof: closed. 
27617      INFO  main            d.u.i.k.p.r.p.TestFile    Now processing file /home/runner/work/key/key/key.core/../key.ui/examples/InformationFlow/MethodContracts/contract.IFMethodContract(contract.IFMethodContract__secure_array_param_helper()).JML normal_behavior operation contract.0.key 
27618      INFO  main            d.u.i.k.p.i.AbstractProblemLoader Loading environment from /home/runner/work/key/key/key.core/../key.ui/examples/InformationFlow/MethodContracts/contract.IFMethodContract(contract.IFMethodContract__secure_array_param_helper()).JML normal_behavior operation contract.0.key 
27618      DEBUG main            d.u.i.k.p.i.AbstractProblemLoader Environment load took 91.9ns 
27619      INFO  main            d.u.i.k.p.i.AbstractProblemLoader Creating init config 
30909      DEBUG main            d.u.i.k.p.i.AbstractProblemLoader Init config took 3.29s 
30965      INFO  main            d.u.i.k.p.i.AbstractProblemLoader Replaying proof contract.IFMethodContract[contract.IFMethodContract::secure_array_param_helper()].JML normal_behavior operation contract.0 
30969      DEBUG main            d.u.i.k.p.i.IntermediateProofReplayer Proof replay took 12ns 
31071      INFO  main            d.u.i.k.p.r.p.TestFile    ... finished proof: closed. 
31265      INFO  main            d.u.i.k.p.r.p.TestFile    Now processing file /home/runner/work/key/key/key.core/../key.ui/examples/InformationFlow/MethodContracts/contract.IFMethodContract(contract.IFMethodContract__secure_array_param((I,int)).JML operation contract.0.key 
31265      INFO  main            d.u.i.k.p.i.AbstractProblemLoader Loading environment from /home/runner/work/key/key/key.core/../key.ui/examples/InformationFlow/MethodContracts/contract.IFMethodContract(contract.IFMethodContract__secure_array_param((I,int)).JML operation contract.0.key 
31266      DEBUG main            d.u.i.k.p.i.AbstractProblemLoader Environment load took 912.11ns 
31268      INFO  main            d.u.i.k.p.i.AbstractProblemLoader Creating init config 
34588      DEBUG main            d.u.i.k.p.i.AbstractProblemLoader Init config took 3.32s 
34664      INFO  main            d.u.i.k.p.i.AbstractProblemLoader Replaying proof contract.IFMethodContract[contract.IFMethodContract::secure_array_param([I,int)].JML operation contract.0 
34667      DEBUG main            d.u.i.k.p.i.IntermediateProofReplayer Proof replay took 13.2ns 
34871      INFO  main            d.u.i.k.p.r.p.TestFile    ... finished proof: closed. 
35027      INFO  main            d.u.i.k.p.r.p.TestFile    Now processing file /home/runner/work/key/key/key.core/../key.ui/examples/InformationFlow/MethodContracts/contract.IFMethodContract(contract.IFMethodContract__n9()).JML normal_behavior operation contract.0.key 
35027      INFO  main            d.u.i.k.p.i.AbstractProblemLoader Loading environment from /home/runner/work/key/key/key.core/../key.ui/examples/InformationFlow/MethodContracts/contract.IFMethodContract(contract.IFMethodContract__n9()).JML normal_behavior operation contract.0.key 
35028      DEBUG main            d.u.i.k.p.i.AbstractProblemLoader Environment load took 88.6ns 
35030      INFO  main            d.u.i.k.p.i.AbstractProblemLoader Creating init config 
38264      DEBUG main            d.u.i.k.p.i.AbstractProblemLoader Init config took 3.23s 
38323      INFO  main            d.u.i.k.p.i.AbstractProblemLoader Replaying proof contract.IFMethodContract[contract.IFMethodContract::n9()].JML normal_behavior operation contract.0 
38326      DEBUG main            d.u.i.k.p.i.IntermediateProofReplayer Proof replay took 15.2ns 
38430      INFO  main            d.u.i.k.p.r.p.TestFile    ... finished proof: closed. 
38598      INFO  main            d.u.i.k.p.r.p.TestFile    Now processing file /home/runner/work/key/key/key.core/../key.ui/examples/InformationFlow/MethodContracts/contract.IFMethodContract(contract.IFMethodContract__secure_assignment_0_n9()).JML operation contract.0.key 
38599      INFO  main            d.u.i.k.p.i.AbstractProblemLoader Loading environment from /home/runner/work/key/key/key.core/../key.ui/examples/InformationFlow/MethodContracts/contract.IFMethodContract(contract.IFMethodContract__secure_assignment_0_n9()).JML operation contract.0.key 
38599      DEBUG main            d.u.i.k.p.i.AbstractProblemLoader Environment load took 106.9ns 
38602      INFO  main            d.u.i.k.p.i.AbstractProblemLoader Creating init config 
41883      DEBUG main            d.u.i.k.p.i.AbstractProblemLoader Init config took 3.28s 
41937      INFO  main            d.u.i.k.p.i.AbstractProblemLoader Replaying proof contract.IFMethodContract[contract.IFMethodContract::secure_assignment_0_n9()].JML operation contract.0 
41950      DEBUG main            d.u.i.k.p.i.IntermediateProofReplayer Proof replay took 15.6ns 
42055      INFO  main            d.u.i.k.p.r.p.TestFile    ... finished proof: closed. 
42236      INFO  main            d.u.i.k.p.r.p.TestFile    Now processing file /home/runner/work/key/key/key.core/../key.ui/examples/InformationFlow/MethodContracts/contract.IFMethodContract(contract.IFMethodContract__insecure_if_high_n5_n1()).JML operation contract.0.key 
42236      INFO  main            d.u.i.k.p.i.AbstractProblemLoader Loading environment from /home/runner/work/key/key/key.core/../key.ui/examples/InformationFlow/MethodContracts/contract.IFMethodContract(contract.IFMethodContract__insecure_if_high_n5_n1()).JML operation contract.0.key 
42236      DEBUG main            d.u.i.k.p.i.AbstractProblemLoader Environment load took 107.5ns 
42237      INFO  main            d.u.i.k.p.i.AbstractProblemLoader Creating init config 
45465      DEBUG main            d.u.i.k.p.i.AbstractProblemLoader Init config took 3.23s 
45536      INFO  main            d.u.i.k.p.i.AbstractProblemLoader Replaying proof contract.IFMethodContract[contract.IFMethodContract::insecure_if_high_n5_n1()].JML operation contract.0 
45540      DEBUG main            d.u.i.k.p.i.IntermediateProofReplayer Proof replay took 42.8ns 
45743      INFO  main            d.u.i.k.p.r.p.TestFile    ... finished proof: closed. 
45908      INFO  main            d.u.i.k.p.r.p.TestFile    Now processing file /home/runner/work/key/key/key.core/../key.ui/examples/InformationFlow/MethodContracts/contract.IFMethodContract(contract.IFMethodContract__n5(int)).JML normal_behavior operation contract.0.key 
45908      INFO  main            d.u.i.k.p.i.AbstractProblemLoader Loading environment from /home/runner/work/key/key/key.core/../key.ui/examples/InformationFlow/MethodContracts/contract.IFMethodContract(contract.IFMethodContract__n5(int)).JML normal_behavior operation contract.0.key 
45908      DEBUG main            d.u.i.k.p.i.AbstractProblemLoader Environment load took 86.7ns 
45909      INFO  main            d.u.i.k.p.i.AbstractProblemLoader Creating init config 
49085      DEBUG main            d.u.i.k.p.i.AbstractProblemLoader Init config took 3.18s 
49152      INFO  main            d.u.i.k.p.i.AbstractProblemLoader Replaying proof contract.IFMethodContract[contract.IFMethodContract::n5(int)].JML normal_behavior operation contract.0 
49156      DEBUG main            d.u.i.k.p.i.IntermediateProofReplayer Proof replay took 14.7ns 
49258      INFO  main            d.u.i.k.p.r.p.TestFile    ... finished proof: closed. 
49453      INFO  main            d.u.i.k.p.r.p.TestFile    Now processing file /home/runner/work/key/key/key.core/../key.ui/examples/InformationFlow/MethodContracts/contract.IFMethodContract(contract.IFMethodContract__secure_if_high_n5_n1()).JML operation contract.0.key 
49454      INFO  main            d.u.i.k.p.i.AbstractProblemLoader Loading environment from /home/runner/work/key/key/key.core/../key.ui/examples/InformationFlow/MethodContracts/contract.IFMethodContract(contract.IFMethodContract__secure_if_high_n5_n1()).JML operation contract.0.key 
49454      DEBUG main            d.u.i.k.p.i.AbstractProblemLoader Environment load took 89.5ns 
49455      INFO  main            d.u.i.k.p.i.AbstractProblemLoader Creating init config 
52546      DEBUG main            d.u.i.k.p.i.AbstractProblemLoader Init config took 3.09s 
52607      INFO  main            d.u.i.k.p.i.AbstractProblemLoader Replaying proof contract.IFMethodContract[contract.IFMethodContract::secure_if_high_n5_n1()].JML operation contract.0 
52610      DEBUG main            d.u.i.k.p.i.IntermediateProofReplayer Proof replay took 14.3ns 
52913      INFO  main            d.u.i.k.p.r.p.TestFile    ... finished proof: closed. 
53093      INFO  main            d.u.i.k.p.r.p.TestFile    Now processing file /home/runner/work/key/key/key.core/../key.ui/examples/InformationFlow/MethodContracts/contract.IFMethodContract(contract.IFMethodContract__secure_if_high_n1()).JML operation contract.0.key 
53094      INFO  main            d.u.i.k.p.i.AbstractProblemLoader Loading environment from /home/runner/work/key/key/key.core/../key.ui/examples/InformationFlow/MethodContracts/contract.IFMethodContract(contract.IFMethodContract__secure_if_high_n1()).JML operation contract.0.key 
53094      DEBUG main            d.u.i.k.p.i.AbstractProblemLoader Environment load took 96.7ns 
53095      INFO  main            d.u.i.k.p.i.AbstractProblemLoader Creating init config 
56337      DEBUG main            d.u.i.k.p.i.AbstractProblemLoader Init config took 3.24s 
56395      INFO  main            d.u.i.k.p.i.AbstractProblemLoader Replaying proof contract.IFMethodContract[contract.IFMethodContract::secure_if_high_n1()].JML operation contract.0 
56398      DEBUG main            d.u.i.k.p.i.IntermediateProofReplayer Proof replay took 15.7ns 
56600      INFO  main            d.u.i.k.p.r.p.TestFile    ... finished proof: closed. 
56791      INFO  main            d.u.i.k.p.r.p.TestFile    Now processing file /home/runner/work/key/key/key.core/../key.ui/examples/InformationFlow/MethodContracts/contract.IFMethodContract(contract.IFMethodContract__secure_n5()).JML operation contract.0.key 
56792      INFO  main            d.u.i.k.p.i.AbstractProblemLoader Loading environment from /home/runner/work/key/key/key.core/../key.ui/examples/InformationFlow/MethodContracts/contract.IFMethodContract(contract.IFMethodContract__secure_n5()).JML operation contract.0.key 
56792      DEBUG main            d.u.i.k.p.i.AbstractProblemLoader Environment load took 88.9ns 
56795      INFO  main            d.u.i.k.p.i.AbstractProblemLoader Creating init config 
60004      DEBUG main            d.u.i.k.p.i.AbstractProblemLoader Init config took 3.21s 
60057      INFO  main            d.u.i.k.p.i.AbstractProblemLoader Replaying proof contract.IFMethodContract[contract.IFMethodContract::secure_n5()].JML operation contract.0 
60061      DEBUG main            d.u.i.k.p.i.IntermediateProofReplayer Proof replay took 17.5ns 
60164      INFO  main            d.u.i.k.p.r.p.TestFile    ... finished proof: closed. 
60358      INFO  main            d.u.i.k.p.r.p.TestFile    Now processing file /home/runner/work/key/key/key.core/../key.ui/examples/InformationFlow/MethodContracts/contract.IFMethodContract(contract.IFMethodContract__n4()).JML normal_behavior operation contract.0.key 
60359      INFO  main            d.u.i.k.p.i.AbstractProblemLoader Loading environment from /home/runner/work/key/key/key.core/../key.ui/examples/InformationFlow/MethodContracts/contract.IFMethodContract(contract.IFMethodContract__n4()).JML normal_behavior operation contract.0.key 
60359      DEBUG main            d.u.i.k.p.i.AbstractProblemLoader Environment load took 102.2ns 
60360      INFO  main            d.u.i.k.p.i.AbstractProblemLoader Creating init config 
63470      DEBUG main            d.u.i.k.p.i.AbstractProblemLoader Init config took 3.11s 
63522      INFO  main            d.u.i.k.p.i.AbstractProblemLoader Replaying proof contract.IFMethodContract[contract.IFMethodContract::n4()].JML normal_behavior operation contract.0 
63526      DEBUG main            d.u.i.k.p.i.IntermediateProofReplayer Proof replay took 31.3ns 
63629      INFO  main            d.u.i.k.p.r.p.TestFile    ... finished proof: closed. 
63882      INFO  main            d.u.i.k.p.r.p.TestFile    Now processing file /home/runner/work/key/key/key.core/../key.ui/examples/InformationFlow/MethodContracts/contract.IFMethodContract(contract.IFMethodContract__n3()).JML normal_behavior operation contract.0.key 
63882      INFO  main            d.u.i.k.p.i.AbstractProblemLoader Loading environment from /home/runner/work/key/key/key.core/../key.ui/examples/InformationFlow/MethodContracts/contract.IFMethodContract(contract.IFMethodContract__n3()).JML normal_behavior operation contract.0.key 
63882      DEBUG main            d.u.i.k.p.i.AbstractProblemLoader Environment load took 96.7ns 
63883      INFO  main            d.u.i.k.p.i.AbstractProblemLoader Creating init config 
67036      DEBUG main            d.u.i.k.p.i.AbstractProblemLoader Init config took 3.15s 
67084      INFO  main            d.u.i.k.p.i.AbstractProblemLoader Replaying proof contract.IFMethodContract[contract.IFMethodContract::n3()].JML normal_behavior operation contract.0 
67087      DEBUG main            d.u.i.k.p.i.IntermediateProofReplayer Proof replay took 15.8ns 
67190      INFO  main            d.u.i.k.p.r.p.TestFile    ... finished proof: closed. 
67409      INFO  main            d.u.i.k.p.r.p.TestFile    Now processing file /home/runner/work/key/key/key.core/../key.ui/examples/InformationFlow/MethodContracts/contract.IFMethodContract(contract.IFMethodContract__secure_sequential_n3_precond_n4()).JML operation contract.0.key 
67410      INFO  main            d.u.i.k.p.i.AbstractProblemLoader Loading environment from /home/runner/work/key/key/key.core/../key.ui/examples/InformationFlow/MethodContracts/contract.IFMethodContract(contract.IFMethodContract__secure_sequential_n3_precond_n4()).JML operation contract.0.key 
67410      DEBUG main            d.u.i.k.p.i.AbstractProblemLoader Environment load took 96.6ns 
67411      INFO  main            d.u.i.k.p.i.AbstractProblemLoader Creating init config 
70489      DEBUG main            d.u.i.k.p.i.AbstractProblemLoader Init config took 3.08s 
70551      INFO  main            d.u.i.k.p.i.AbstractProblemLoader Replaying proof contract.IFMethodContract[contract.IFMethodContract::secure_sequential_n3_precond_n4()].JML operation contract.0 
70556      DEBUG main            d.u.i.k.p.i.IntermediateProofReplayer Proof replay took 15.9ns 
70665      INFO  main            d.u.i.k.p.r.p.TestFile    ... finished proof: closed. 
70862      INFO  main            d.u.i.k.p.r.p.TestFile    Now processing file /home/runner/work/key/key/key.core/../key.ui/examples/InformationFlow/MethodContracts/contract.IFMethodContract(contract.IFMethodContract__insecure_assignment_n2()).JML operation contract.0.key 
70863      INFO  main            d.u.i.k.p.i.AbstractProblemLoader Loading environment from /home/runner/work/key/key/key.core/../key.ui/examples/InformationFlow/MethodContracts/contract.IFMethodContract(contract.IFMethodContract__insecure_assignment_n2()).JML operation contract.0.key 
70863      DEBUG main            d.u.i.k.p.i.AbstractProblemLoader Environment load took 85.9ns 
70865      INFO  main            d.u.i.k.p.i.AbstractProblemLoader Creating init config 
74038      DEBUG main            d.u.i.k.p.i.AbstractProblemLoader Init config took 3.17s 
74094      INFO  main            d.u.i.k.p.i.AbstractProblemLoader Replaying proof contract.IFMethodContract[contract.IFMethodContract::insecure_assignment_n2()].JML operation contract.0 
74098      DEBUG main            d.u.i.k.p.i.IntermediateProofReplayer Proof replay took 17.4ns 
74201      INFO  main            d.u.i.k.p.r.p.TestFile    ... finished proof: closed. 
74400      INFO  main            d.u.i.k.p.r.p.TestFile    Now processing file /home/runner/work/key/key/key.core/../key.ui/examples/InformationFlow/MethodContracts/contract.IFMethodContract(contract.IFMethodContract__secure_assignments_n2()).JML operation contract.0.key 
74401      INFO  main            d.u.i.k.p.i.AbstractProblemLoader Loading environment from /home/runner/work/key/key/key.core/../key.ui/examples/InformationFlow/MethodContracts/contract.IFMethodContract(contract.IFMethodContract__secure_assignments_n2()).JML operation contract.0.key 
74401      DEBUG main            d.u.i.k.p.i.AbstractProblemLoader Environment load took 106ns 
74402      INFO  main            d.u.i.k.p.i.AbstractProblemLoader Creating init config 
77491      DEBUG main            d.u.i.k.p.i.AbstractProblemLoader Init config took 3.09s 
77538      INFO  main            d.u.i.k.p.i.AbstractProblemLoader Replaying proof contract.IFMethodContract[contract.IFMethodContract::secure_assignments_n2()].JML operation contract.0 
77541      DEBUG main            d.u.i.k.p.i.IntermediateProofReplayer Proof replay took 15.8ns 
77645      INFO  main            d.u.i.k.p.r.p.TestFile    ... finished proof: closed. 
77842      INFO  main            d.u.i.k.p.r.p.TestFile    Now processing file /home/runner/work/key/key/key.core/../key.ui/examples/InformationFlow/MethodContracts/contract.IFMethodContract(contract.IFMethodContract__n2()).JML normal_behavior operation contract.0.key 
77843      INFO  main            d.u.i.k.p.i.AbstractProblemLoader Loading environment from /home/runner/work/key/key/key.core/../key.ui/examples/InformationFlow/MethodContracts/contract.IFMethodContract(contract.IFMethodContract__n2()).JML normal_behavior operation contract.0.key 
77843      DEBUG main            d.u.i.k.p.i.AbstractProblemLoader Environment load took 94ns 
77844      INFO  main            d.u.i.k.p.i.AbstractProblemLoader Creating init config 
80990      DEBUG main            d.u.i.k.p.i.AbstractProblemLoader Init config took 3.15s 
81035      INFO  main            d.u.i.k.p.i.AbstractProblemLoader Replaying proof contract.IFMethodContract[contract.IFMethodContract::n2()].JML normal_behavior operation contract.0 
81038      DEBUG main            d.u.i.k.p.i.IntermediateProofReplayer Proof replay took 14.5ns 
81142      INFO  main            d.u.i.k.p.r.p.TestFile    ... finished proof: closed. 
81348      INFO  main            d.u.i.k.p.r.p.TestFile    Now processing file /home/runner/work/key/key/key.core/../key.ui/examples/InformationFlow/MethodContracts/contract.IFMethodContract(contract.IFMethodContract__n1()).JML normal_behavior operation contract.0.key 
81348      INFO  main            d.u.i.k.p.i.AbstractProblemLoader Loading environment from /home/runner/work/key/key/key.core/../key.ui/examples/InformationFlow/MethodContracts/contract.IFMethodContract(contract.IFMethodContract__n1()).JML normal_behavior operation contract.0.key 
81349      DEBUG main            d.u.i.k.p.i.AbstractProblemLoader Environment load took 89ns 
81350      INFO  main            d.u.i.k.p.i.AbstractProblemLoader Creating init config 
84515      DEBUG main            d.u.i.k.p.i.AbstractProblemLoader Init config took 3.17s 
84561      INFO  main            d.u.i.k.p.i.AbstractProblemLoader Replaying proof contract.IFMethodContract[contract.IFMethodContract::n1()].JML normal_behavior operation contract.0 
84564      DEBUG main            d.u.i.k.p.i.IntermediateProofReplayer Proof replay took 15.4ns 
84669      INFO  main            d.u.i.k.p.r.p.TestFile    ... finished proof: closed. 
84877      INFO  main            d.u.i.k.p.r.p.TestFile    Now processing file /home/runner/work/key/key/key.core/../key.ui/examples/InformationFlow/MethodContracts/contract.IFMethodContract(contract.IFMethodContract__secure_sequential_n1_n2()).JML operation contract.0.key 
84878      INFO  main            d.u.i.k.p.i.AbstractProblemLoader Loading environment from /home/runner/work/key/key/key.core/../key.ui/examples/InformationFlow/MethodContracts/contract.IFMethodContract(contract.IFMethodContract__secure_sequential_n1_n2()).JML operation contract.0.key 
84878      DEBUG main            d.u.i.k.p.i.AbstractProblemLoader Environment load took 147.2ns 
84881      INFO  main            d.u.i.k.p.i.AbstractProblemLoader Creating init config 
87959      DEBUG main            d.u.i.k.p.i.AbstractProblemLoader Init config took 3.08s 
88004      INFO  main            d.u.i.k.p.i.AbstractProblemLoader Replaying proof contract.IFMethodContract[contract.IFMethodContract::secure_sequential_n1_n2()].JML operation contract.0 
88007      DEBUG main            d.u.i.k.p.i.IntermediateProofReplayer Proof replay took 15.1ns 
88211      INFO  main            d.u.i.k.p.r.p.TestFile    ... finished proof: closed. 
381394     INFO  Test worker     d.u.i.k.p.r.RunAllProofsTestUnit Returning from test MethodContracts 
381397     INFO  Test worker     d.u.i.k.p.r.RunAllProofsTestUnit Running test LoopInvariants 
440        INFO  Timeout watchdog d.u.i.k.p.r.p.ForkedTestFileRunner Timeout watcher launched (1000 secs.) 
460        WARN  main            d.u.i.k.s.ProofSettings   The settings in /home/runner/.key/proof-settings.props are *not* read. 
490        INFO  main            d.u.i.k.p.r.p.TestFile    Now processing file /home/runner/work/key/key/key.core/../key.ui/examples/InformationFlow/LoopInvariants/loop.IFLoopExamples(loop.IFLoopExamples__insecure_while_3(int)).JML operation contract.0.key 
651        INFO  main            d.u.i.k.p.i.AbstractProblemLoader Loading environment from /home/runner/work/key/key/key.core/../key.ui/examples/InformationFlow/LoopInvariants/loop.IFLoopExamples(loop.IFLoopExamples__insecure_while_3(int)).JML operation contract.0.key 
675        DEBUG main            d.u.i.k.p.i.AbstractProblemLoader Environment load took 2.92ms 
992        INFO  main            d.u.i.k.p.i.AbstractProblemLoader Creating init config 
2158       DEBUG main            d.u.i.k.j.TypeConverter   No LDT found for Meta 
2159       DEBUG main            d.u.i.k.j.TypeConverter   No LDT found for Meta 
2164       DEBUG main            d.u.i.k.j.TypeConverter   No LDT found for Meta 
2165       DEBUG main            d.u.i.k.j.TypeConverter   No LDT found for Meta 
3808       DEBUG main            d.u.i.k.j.TypeConverter   No LDT found for JavaBigintExpression 
11233      DEBUG main            d.u.i.k.p.i.AbstractProblemLoader Init config took 10.24s 
11384      INFO  main            d.u.i.k.p.i.AbstractProblemLoader Replaying proof loop.IFLoopExamples[loop.IFLoopExamples::insecure_while_3(int)].JML operation contract.0 
11433      DEBUG main            d.u.i.k.p.i.IntermediateProofReplayer Proof replay took 388.9ns 
12974      INFO  main            d.u.i.k.p.r.p.TestFile    ... finished proof: closed. 
13134      INFO  main            d.u.i.k.p.r.p.TestFile    Now processing file /home/runner/work/key/key/key.core/../key.ui/examples/InformationFlow/LoopInvariants/loop.IFLoopExamples(loop.IFLoopExamples__secure_while_2(int)).JML operation contract.0.key 
13135      INFO  main            d.u.i.k.p.i.AbstractProblemLoader Loading environment from /home/runner/work/key/key/key.core/../key.ui/examples/InformationFlow/LoopInvariants/loop.IFLoopExamples(loop.IFLoopExamples__secure_while_2(int)).JML operation contract.0.key 
13137      DEBUG main            d.u.i.k.p.i.AbstractProblemLoader Environment load took 1.6ms 
13140      INFO  main            d.u.i.k.p.i.AbstractProblemLoader Creating init config 
17270      DEBUG main            d.u.i.k.p.i.AbstractProblemLoader Init config took 4.13s 
17343      INFO  main            d.u.i.k.p.i.AbstractProblemLoader Replaying proof loop.IFLoopExamples[loop.IFLoopExamples::secure_while_2(int)].JML operation contract.0 
17347      DEBUG main            d.u.i.k.p.i.IntermediateProofReplayer Proof replay took 13.5ns 
18063      INFO  main            d.u.i.k.p.r.p.TestFile    ... finished proof: closed. 
18261      INFO  main            d.u.i.k.p.r.p.TestFile    Now processing file /home/runner/work/key/key/key.core/../key.ui/examples/InformationFlow/LoopInvariants/loop.IFLoopExamples(loop.IFLoopExamples__secure_while_4(int)).JML operation contract.0.key 
18262      INFO  main            d.u.i.k.p.i.AbstractProblemLoader Loading environment from /home/runner/work/key/key/key.core/../key.ui/examples/InformationFlow/LoopInvariants/loop.IFLoopExamples(loop.IFLoopExamples__secure_while_4(int)).JML operation contract.0.key 
18262      DEBUG main            d.u.i.k.p.i.AbstractProblemLoader Environment load took 112.6ns 
18265      INFO  main            d.u.i.k.p.i.AbstractProblemLoader Creating init config 
22158      DEBUG main            d.u.i.k.p.i.AbstractProblemLoader Init config took 3.89s 
22240      INFO  main            d.u.i.k.p.i.AbstractProblemLoader Replaying proof loop.IFLoopExamples[loop.IFLoopExamples::secure_while_4(int)].JML operation contract.0 
22244      DEBUG main            d.u.i.k.p.i.IntermediateProofReplayer Proof replay took 14.1ns 
22849      INFO  main            d.u.i.k.p.r.p.TestFile    ... finished proof: closed. 
23013      INFO  main            d.u.i.k.p.r.p.TestFile    Now processing file /home/runner/work/key/key/key.core/../key.ui/examples/InformationFlow/LoopInvariants/loop.IFLoopExamples(loop.IFLoopExamples__insecure_doubleNestedWhile2(int)).JML operation contract.0.key 
23013      INFO  main            d.u.i.k.p.i.AbstractProblemLoader Loading environment from /home/runner/work/key/key/key.core/../key.ui/examples/InformationFlow/LoopInvariants/loop.IFLoopExamples(loop.IFLoopExamples__insecure_doubleNestedWhile2(int)).JML operation contract.0.key 
23013      DEBUG main            d.u.i.k.p.i.AbstractProblemLoader Environment load took 85.8ns 
23015      INFO  main            d.u.i.k.p.i.AbstractProblemLoader Creating init config 
26838      DEBUG main            d.u.i.k.p.i.AbstractProblemLoader Init config took 3.82s 
26897      INFO  main            d.u.i.k.p.i.AbstractProblemLoader Replaying proof loop.IFLoopExamples[loop.IFLoopExamples::insecure_doubleNestedWhile2(int)].JML operation contract.0 
26901      DEBUG main            d.u.i.k.p.i.IntermediateProofReplayer Proof replay took 14.1ns 
28307      INFO  main            d.u.i.k.p.r.p.TestFile    ... finished proof: closed. 
28514      INFO  main            d.u.i.k.p.r.p.TestFile    Now processing file /home/runner/work/key/key/key.core/../key.ui/examples/InformationFlow/LoopInvariants/loop.IFLoopExamples(loop.IFLoopExamples__insecure_doubleNestedWhile(int)).JML operation contract.0.key 
28514      INFO  main            d.u.i.k.p.i.AbstractProblemLoader Loading environment from /home/runner/work/key/key/key.core/../key.ui/examples/InformationFlow/LoopInvariants/loop.IFLoopExamples(loop.IFLoopExamples__insecure_doubleNestedWhile(int)).JML operation contract.0.key 
28515      DEBUG main            d.u.i.k.p.i.AbstractProblemLoader Environment load took 747.91ns 
28518      INFO  main            d.u.i.k.p.i.AbstractProblemLoader Creating init config 
32302      DEBUG main            d.u.i.k.p.i.AbstractProblemLoader Init config took 3.78s 
32365      INFO  main            d.u.i.k.p.i.AbstractProblemLoader Replaying proof loop.IFLoopExamples[loop.IFLoopExamples::insecure_doubleNestedWhile(int)].JML operation contract.0 
32368      DEBUG main            d.u.i.k.p.i.IntermediateProofReplayer Proof replay took 13.5ns 
33677      INFO  main            d.u.i.k.p.r.p.TestFile    ... finished proof: closed. 
33859      INFO  main            d.u.i.k.p.r.p.TestFile    Now processing file /home/runner/work/key/key/key.core/../key.ui/examples/InformationFlow/LoopInvariants/loop.IFLoopExamples(loop.IFLoopExamples__secure_doubleNestedWhile(int)).JML operation contract.0.key 
33860      INFO  main            d.u.i.k.p.i.AbstractProblemLoader Loading environment from /home/runner/work/key/key/key.core/../key.ui/examples/InformationFlow/LoopInvariants/loop.IFLoopExamples(loop.IFLoopExamples__secure_doubleNestedWhile(int)).JML operation contract.0.key 
33860      DEBUG main            d.u.i.k.p.i.AbstractProblemLoader Environment load took 91.6ns 
33861      INFO  main            d.u.i.k.p.i.AbstractProblemLoader Creating init config 
37640      DEBUG main            d.u.i.k.p.i.AbstractProblemLoader Init config took 3.78s 
37695      INFO  main            d.u.i.k.p.i.AbstractProblemLoader Replaying proof loop.IFLoopExamples[loop.IFLoopExamples::secure_doubleNestedWhile(int)].JML operation contract.0 
37699      DEBUG main            d.u.i.k.p.i.IntermediateProofReplayer Proof replay took 13.4ns 
38804      INFO  main            d.u.i.k.p.r.p.TestFile    ... finished proof: closed. 
39010      INFO  main            d.u.i.k.p.r.p.TestFile    Now processing file /home/runner/work/key/key/key.core/../key.ui/examples/InformationFlow/LoopInvariants/loop.IFLoopExamples(loop.IFLoopExamples__secure_nestedTwoWhile(int)).JML operation contract.0.key 
39010      INFO  main            d.u.i.k.p.i.AbstractProblemLoader Loading environment from /home/runner/work/key/key/key.core/../key.ui/examples/InformationFlow/LoopInvariants/loop.IFLoopExamples(loop.IFLoopExamples__secure_nestedTwoWhile(int)).JML operation contract.0.key 
39010      DEBUG main            d.u.i.k.p.i.AbstractProblemLoader Environment load took 95ns 
39013      INFO  main            d.u.i.k.p.i.AbstractProblemLoader Creating init config 
42699      DEBUG main            d.u.i.k.p.i.AbstractProblemLoader Init config took 3.69s 
42755      INFO  main            d.u.i.k.p.i.AbstractProblemLoader Replaying proof loop.IFLoopExamples[loop.IFLoopExamples::secure_nestedTwoWhile(int)].JML operation contract.0 
42758      DEBUG main            d.u.i.k.p.i.IntermediateProofReplayer Proof replay took 15ns 
43863      INFO  main            d.u.i.k.p.r.p.TestFile    ... finished proof: closed. 
44057      INFO  main            d.u.i.k.p.r.p.TestFile    Now processing file /home/runner/work/key/key/key.core/../key.ui/examples/InformationFlow/LoopInvariants/loop.IFLoopExamples(loop.IFLoopExamples__secure_nestedWhile(int)).JML operation contract.0.key 
44057      INFO  main            d.u.i.k.p.i.AbstractProblemLoader Loading environment from /home/runner/work/key/key/key.core/../key.ui/examples/InformationFlow/LoopInvariants/loop.IFLoopExamples(loop.IFLoopExamples__secure_nestedWhile(int)).JML operation contract.0.key 
44058      DEBUG main            d.u.i.k.p.i.AbstractProblemLoader Environment load took 93.9ns 
44059      INFO  main            d.u.i.k.p.i.AbstractProblemLoader Creating init config 
47668      DEBUG main            d.u.i.k.p.i.AbstractProblemLoader Init config took 3.61s 
47736      INFO  main            d.u.i.k.p.i.AbstractProblemLoader Replaying proof loop.IFLoopExamples[loop.IFLoopExamples::secure_nestedWhile(int)].JML operation contract.0 
47741      DEBUG main            d.u.i.k.p.i.IntermediateProofReplayer Proof replay took 15ns 
48349      INFO  main            d.u.i.k.p.r.p.TestFile    ... finished proof: closed. 
48561      INFO  main            d.u.i.k.p.r.p.TestFile    Now processing file /home/runner/work/key/key/key.core/../key.ui/examples/InformationFlow/LoopInvariants/loop.IFLoopExamples(loop.IFLoopExamples__notSecure_while(int)).JML operation contract.0.key 
48563      INFO  main            d.u.i.k.p.i.AbstractProblemLoader Loading environment from /home/runner/work/key/key/key.core/../key.ui/examples/InformationFlow/LoopInvariants/loop.IFLoopExamples(loop.IFLoopExamples__notSecure_while(int)).JML operation contract.0.key 
48563      DEBUG main            d.u.i.k.p.i.AbstractProblemLoader Environment load took 101.3ns 
48565      INFO  main            d.u.i.k.p.i.AbstractProblemLoader Creating init config 
52170      DEBUG main            d.u.i.k.p.i.AbstractProblemLoader Init config took 3.61s 
52237      INFO  main            d.u.i.k.p.i.AbstractProblemLoader Replaying proof loop.IFLoopExamples[loop.IFLoopExamples::notSecure_while(int)].JML operation contract.0 
52242      DEBUG main            d.u.i.k.p.i.IntermediateProofReplayer Proof replay took 26.3ns 
52545      INFO  main            d.u.i.k.p.r.p.TestFile    ... finished proof: closed. 
52800      INFO  main            d.u.i.k.p.r.p.TestFile    Now processing file /home/runner/work/key/key/key.core/../key.ui/examples/InformationFlow/LoopInvariants/loop.IFLoopExamples(loop.IFLoopExamples__notSecure_while_wrongInv(int)).JML operation contract.0.key 
52801      INFO  main            d.u.i.k.p.i.AbstractProblemLoader Loading environment from /home/runner/work/key/key/key.core/../key.ui/examples/InformationFlow/LoopInvariants/loop.IFLoopExamples(loop.IFLoopExamples__notSecure_while_wrongInv(int)).JML operation contract.0.key 
52801      DEBUG main            d.u.i.k.p.i.AbstractProblemLoader Environment load took 99.5ns 
52802      INFO  main            d.u.i.k.p.i.AbstractProblemLoader Creating init config 
56518      DEBUG main            d.u.i.k.p.i.AbstractProblemLoader Init config took 3.72s 
56587      INFO  main            d.u.i.k.p.i.AbstractProblemLoader Replaying proof loop.IFLoopExamples[loop.IFLoopExamples::notSecure_while_wrongInv(int)].JML operation contract.0 
56591      DEBUG main            d.u.i.k.p.i.IntermediateProofReplayer Proof replay took 13.4ns 
56900      INFO  main            d.u.i.k.p.r.p.TestFile    ... finished proof: open goal(s) 
57091      INFO  main            d.u.i.k.p.r.p.TestFile    Now processing file /home/runner/work/key/key/key.core/../key.ui/examples/InformationFlow/LoopInvariants/loop.IFLoopExamples(loop.IFLoopExamples__insecure_twoWhile(int)).JML operation contract.0.key 
57091      INFO  main            d.u.i.k.p.i.AbstractProblemLoader Loading environment from /home/runner/work/key/key/key.core/../key.ui/examples/InformationFlow/LoopInvariants/loop.IFLoopExamples(loop.IFLoopExamples__insecure_twoWhile(int)).JML operation contract.0.key 
57092      DEBUG main            d.u.i.k.p.i.AbstractProblemLoader Environment load took 108.4ns 
57093      INFO  main            d.u.i.k.p.i.AbstractProblemLoader Creating init config 
60814      DEBUG main            d.u.i.k.p.i.AbstractProblemLoader Init config took 3.72s 
60864      INFO  main            d.u.i.k.p.i.AbstractProblemLoader Replaying proof loop.IFLoopExamples[loop.IFLoopExamples::insecure_twoWhile(int)].JML operation contract.0 
60868      DEBUG main            d.u.i.k.p.i.IntermediateProofReplayer Proof replay took 15.4ns 
61472      INFO  main            d.u.i.k.p.r.p.TestFile    ... finished proof: closed. 
61759      INFO  main            d.u.i.k.p.r.p.TestFile    Now processing file /home/runner/work/key/key/key.core/../key.ui/examples/InformationFlow/LoopInvariants/loop.IFLoopExamples(loop.IFLoopExamples__insecure_twoWhile_2(int)).JML operation contract.0.key 
61759      INFO  main            d.u.i.k.p.i.AbstractProblemLoader Loading environment from /home/runner/work/key/key/key.core/../key.ui/examples/InformationFlow/LoopInvariants/loop.IFLoopExamples(loop.IFLoopExamples__insecure_twoWhile_2(int)).JML operation contract.0.key 
61759      DEBUG main            d.u.i.k.p.i.AbstractProblemLoader Environment load took 82.9ns 
61760      INFO  main            d.u.i.k.p.i.AbstractProblemLoader Creating init config 
65367      DEBUG main            d.u.i.k.p.i.AbstractProblemLoader Init config took 3.61s 
65415      INFO  main            d.u.i.k.p.i.AbstractProblemLoader Replaying proof loop.IFLoopExamples[loop.IFLoopExamples::insecure_twoWhile_2(int)].JML operation contract.0 
65419      DEBUG main            d.u.i.k.p.i.IntermediateProofReplayer Proof replay took 14.7ns 
65922      INFO  main            d.u.i.k.p.r.p.TestFile    ... finished proof: closed. 
66147      INFO  main            d.u.i.k.p.r.p.TestFile    Now processing file /home/runner/work/key/key/key.core/../key.ui/examples/InformationFlow/LoopInvariants/loop.IFLoopExamples(loop.IFLoopExamples__secure_twoWhile(int)).JML operation contract.0.key 
66147      INFO  main            d.u.i.k.p.i.AbstractProblemLoader Loading environment from /home/runner/work/key/key/key.core/../key.ui/examples/InformationFlow/LoopInvariants/loop.IFLoopExamples(loop.IFLoopExamples__secure_twoWhile(int)).JML operation contract.0.key 
66148      DEBUG main            d.u.i.k.p.i.AbstractProblemLoader Environment load took 84.3ns 
66149      INFO  main            d.u.i.k.p.i.AbstractProblemLoader Creating init config 
69809      DEBUG main            d.u.i.k.p.i.AbstractProblemLoader Init config took 3.66s 
69861      INFO  main            d.u.i.k.p.i.AbstractProblemLoader Replaying proof loop.IFLoopExamples[loop.IFLoopExamples::secure_twoWhile(int)].JML operation contract.0 
69864      DEBUG main            d.u.i.k.p.i.IntermediateProofReplayer Proof replay took 16.1ns 
70470      INFO  main            d.u.i.k.p.r.p.TestFile    ... finished proof: closed. 
70677      INFO  main            d.u.i.k.p.r.p.TestFile    Now processing file /home/runner/work/key/key/key.core/../key.ui/examples/InformationFlow/LoopInvariants/loop.IFLoopExamples(loop.IFLoopExamples__loc_secure_while(int)).JML operation contract.0.key 
70678      INFO  main            d.u.i.k.p.i.AbstractProblemLoader Loading environment from /home/runner/work/key/key/key.core/../key.ui/examples/InformationFlow/LoopInvariants/loop.IFLoopExamples(loop.IFLoopExamples__loc_secure_while(int)).JML operation contract.0.key 
70678      DEBUG main            d.u.i.k.p.i.AbstractProblemLoader Environment load took 90.6ns 
70679      INFO  main            d.u.i.k.p.i.AbstractProblemLoader Creating init config 
74388      DEBUG main            d.u.i.k.p.i.AbstractProblemLoader Init config took 3.71s 
74434      INFO  main            d.u.i.k.p.i.AbstractProblemLoader Replaying proof loop.IFLoopExamples[loop.IFLoopExamples::loc_secure_while(int)].JML operation contract.0 
74437      DEBUG main            d.u.i.k.p.i.IntermediateProofReplayer Proof replay took 16.5ns 
74741      INFO  main            d.u.i.k.p.r.p.TestFile    ... finished proof: closed. 
74967      INFO  main            d.u.i.k.p.r.p.TestFile    Now processing file /home/runner/work/key/key/key.core/../key.ui/examples/InformationFlow/LoopInvariants/loop.IFLoopExamples(loop.IFLoopExamples__secure_while(int)).JML operation contract.0.key 
74968      INFO  main            d.u.i.k.p.i.AbstractProblemLoader Loading environment from /home/runner/work/key/key/key.core/../key.ui/examples/InformationFlow/LoopInvariants/loop.IFLoopExamples(loop.IFLoopExamples__secure_while(int)).JML operation contract.0.key 
74968      DEBUG main            d.u.i.k.p.i.AbstractProblemLoader Environment load took 89.2ns 
74969      INFO  main            d.u.i.k.p.i.AbstractProblemLoader Creating init config 
78722      DEBUG main            d.u.i.k.p.i.AbstractProblemLoader Init config took 3.75s 
78775      INFO  main            d.u.i.k.p.i.AbstractProblemLoader Replaying proof loop.IFLoopExamples[loop.IFLoopExamples::secure_while(int)].JML operation contract.0 
78778      DEBUG main            d.u.i.k.p.i.IntermediateProofReplayer Proof replay took 18.6ns 
79081      INFO  main            d.u.i.k.p.r.p.TestFile    ... finished proof: closed. 
79280      INFO  main            d.u.i.k.p.r.p.TestFile    Now processing file /home/runner/work/key/key/key.core/../key.ui/examples/InformationFlow/LoopInvariants/loop.IFLoopExamples(loop.IFLoopExamples__print(int)).JML normal_behavior operation contract.0.key 
79280      INFO  main            d.u.i.k.p.i.AbstractProblemLoader Loading environment from /home/runner/work/key/key/key.core/../key.ui/examples/InformationFlow/LoopInvariants/loop.IFLoopExamples(loop.IFLoopExamples__print(int)).JML normal_behavior operation contract.0.key 
79280      DEBUG main            d.u.i.k.p.i.AbstractProblemLoader Environment load took 79.8ns 
79283      INFO  main            d.u.i.k.p.i.AbstractProblemLoader Creating init config 
82851      DEBUG main            d.u.i.k.p.i.AbstractProblemLoader Init config took 3.57s 
82913      INFO  main            d.u.i.k.p.i.AbstractProblemLoader Replaying proof loop.IFLoopExamples[loop.IFLoopExamples::print(int)].JML normal_behavior operation contract.0 
82916      DEBUG main            d.u.i.k.p.i.IntermediateProofReplayer Proof replay took 15.1ns 
83020      INFO  main            d.u.i.k.p.r.p.TestFile    ... finished proof: closed. 
83214      INFO  main            d.u.i.k.p.r.p.TestFile    Now processing file /home/runner/work/key/key/key.core/../key.ui/examples/InformationFlow/LoopInvariants/loop.IFLoopExamples(loop.IFLoopExamples__hammer(int)).JML normal_behavior operation contract.0.key 
83214      INFO  main            d.u.i.k.p.i.AbstractProblemLoader Loading environment from /home/runner/work/key/key/key.core/../key.ui/examples/InformationFlow/LoopInvariants/loop.IFLoopExamples(loop.IFLoopExamples__hammer(int)).JML normal_behavior operation contract.0.key 
83214      DEBUG main            d.u.i.k.p.i.AbstractProblemLoader Environment load took 88.6ns 
83215      INFO  main            d.u.i.k.p.i.AbstractProblemLoader Creating init config 
86853      DEBUG main            d.u.i.k.p.i.AbstractProblemLoader Init config took 3.64s 
86898      INFO  main            d.u.i.k.p.i.AbstractProblemLoader Replaying proof loop.IFLoopExamples[loop.IFLoopExamples::hammer(int)].JML normal_behavior operation contract.0 
86903      DEBUG main            d.u.i.k.p.i.IntermediateProofReplayer Proof replay took 19.1ns 
87407      INFO  main            d.u.i.k.p.r.p.TestFile    ... finished proof: closed. 
469233     INFO  Test worker     d.u.i.k.p.r.RunAllProofsTestUnit Returning from test LoopInvariants 
469235     INFO  Test worker     d.u.i.k.p.r.RunAllProofsTestUnit Running test MiniExamples 
438        INFO  Timeout watchdog d.u.i.k.p.r.p.ForkedTestFileRunner Timeout watcher launched (1000 secs.) 
461        WARN  main            d.u.i.k.s.ProofSettings   The settings in /home/runner/.key/proof-settings.props are *not* read. 
506        INFO  main            d.u.i.k.p.r.p.TestFile    Now processing file /home/runner/work/key/key/key.core/../key.ui/examples/InformationFlow/MiniExamples/mini.AliasingExamples(mini.AliasingExamples__insecure_1(mini.AliasingExamples,mini.AliasingExamples,int)).JML operation contract.0.key 
681        INFO  main            d.u.i.k.p.i.AbstractProblemLoader Loading environment from /home/runner/work/key/key/key.core/../key.ui/examples/InformationFlow/MiniExamples/mini.AliasingExamples(mini.AliasingExamples__insecure_1(mini.AliasingExamples,mini.AliasingExamples,int)).JML operation contract.0.key 
704        DEBUG main            d.u.i.k.p.i.AbstractProblemLoader Environment load took 2.57ms 
1014       INFO  main            d.u.i.k.p.i.AbstractProblemLoader Creating init config 
2174       DEBUG main            d.u.i.k.j.TypeConverter   No LDT found for Meta 
2175       DEBUG main            d.u.i.k.j.TypeConverter   No LDT found for Meta 
2179       DEBUG main            d.u.i.k.j.TypeConverter   No LDT found for Meta 
2179       DEBUG main            d.u.i.k.j.TypeConverter   No LDT found for Meta 
3665       DEBUG main            d.u.i.k.j.TypeConverter   No LDT found for JavaBigintExpression 
10355      DEBUG main            d.u.i.k.p.i.AbstractProblemLoader Init config took 9.34s 
10600      INFO  main            d.u.i.k.p.i.AbstractProblemLoader Replaying proof mini.AliasingExamples[mini.AliasingExamples::insecure_1(mini.AliasingExamples,mini.AliasingExamples,int)].JML operation contract.0 
10656      DEBUG main            d.u.i.k.p.i.IntermediateProofReplayer Proof replay took 354.4ns 
11336      INFO  main            d.u.i.k.p.r.p.TestFile    ... finished proof: closed. 
11468      INFO  main            d.u.i.k.p.r.p.TestFile    Now processing file /home/runner/work/key/key/key.core/../key.ui/examples/InformationFlow/MiniExamples/mini.AliasingExamples(mini.AliasingExamples__secure_1(mini.AliasingExamples,mini.AliasingExamples,int)).JML operation contract.0.key 
11469      INFO  main            d.u.i.k.p.i.AbstractProblemLoader Loading environment from /home/runner/work/key/key/key.core/../key.ui/examples/InformationFlow/MiniExamples/mini.AliasingExamples(mini.AliasingExamples__secure_1(mini.AliasingExamples,mini.AliasingExamples,int)).JML operation contract.0.key 
11470      DEBUG main            d.u.i.k.p.i.AbstractProblemLoader Environment load took 312.1ns 
11472      INFO  main            d.u.i.k.p.i.AbstractProblemLoader Creating init config 
15272      DEBUG main            d.u.i.k.p.i.AbstractProblemLoader Init config took 3.8s 
15360      INFO  main            d.u.i.k.p.i.AbstractProblemLoader Replaying proof mini.AliasingExamples[mini.AliasingExamples::secure_1(mini.AliasingExamples,mini.AliasingExamples,int)].JML operation contract.0 
15367      DEBUG main            d.u.i.k.p.i.IntermediateProofReplayer Proof replay took 51.1ns 
15571      INFO  main            d.u.i.k.p.r.p.TestFile    ... finished proof: closed. 
15709      INFO  main            d.u.i.k.p.r.p.TestFile    Now processing file /home/runner/work/key/key/key.core/../key.ui/examples/InformationFlow/MiniExamples/mini.MiniExamplesLecture(mini.MiniExamplesLecture__m_6()).JML normal_behavior operation contract.0.key 
15710      INFO  main            d.u.i.k.p.i.AbstractProblemLoader Loading environment from /home/runner/work/key/key/key.core/../key.ui/examples/InformationFlow/MiniExamples/mini.MiniExamplesLecture(mini.MiniExamplesLecture__m_6()).JML normal_behavior operation contract.0.key 
15711      DEBUG main            d.u.i.k.p.i.AbstractProblemLoader Environment load took 350.2ns 
15713      INFO  main            d.u.i.k.p.i.AbstractProblemLoader Creating init config 
19173      DEBUG main            d.u.i.k.p.i.AbstractProblemLoader Init config took 3.46s 
19270      INFO  main            d.u.i.k.p.i.AbstractProblemLoader Replaying proof mini.MiniExamplesLecture[mini.MiniExamplesLecture::m_6()].JML normal_behavior operation contract.0 
19277      DEBUG main            d.u.i.k.p.i.IntermediateProofReplayer Proof replay took 13.9ns 
19381      INFO  main            d.u.i.k.p.r.p.TestFile    ... finished proof: closed. 
19518      INFO  main            d.u.i.k.p.r.p.TestFile    Now processing file /home/runner/work/key/key/key.core/../key.ui/examples/InformationFlow/MiniExamples/mini.MiniExamplesLecture(mini.MiniExamplesLecture__m_5()).JML normal_behavior operation contract.0.key 
19518      INFO  main            d.u.i.k.p.i.AbstractProblemLoader Loading environment from /home/runner/work/key/key/key.core/../key.ui/examples/InformationFlow/MiniExamples/mini.MiniExamplesLecture(mini.MiniExamplesLecture__m_5()).JML normal_behavior operation contract.0.key 
19518      DEBUG main            d.u.i.k.p.i.AbstractProblemLoader Environment load took 119.9ns 
19520      INFO  main            d.u.i.k.p.i.AbstractProblemLoader Creating init config 
22851      DEBUG main            d.u.i.k.p.i.AbstractProblemLoader Init config took 3.33s 
22932      INFO  main            d.u.i.k.p.i.AbstractProblemLoader Replaying proof mini.MiniExamplesLecture[mini.MiniExamplesLecture::m_5()].JML normal_behavior operation contract.0 
22936      DEBUG main            d.u.i.k.p.i.IntermediateProofReplayer Proof replay took 13.9ns 
23139      INFO  main            d.u.i.k.p.r.p.TestFile    ... finished proof: closed. 
23279      INFO  main            d.u.i.k.p.r.p.TestFile    Now processing file /home/runner/work/key/key/key.core/../key.ui/examples/InformationFlow/MiniExamples/mini.MiniExamplesLecture(mini.MiniExamplesLecture__m_4()).JML normal_behavior operation contract.0.key 
23279      INFO  main            d.u.i.k.p.i.AbstractProblemLoader Loading environment from /home/runner/work/key/key/key.core/../key.ui/examples/InformationFlow/MiniExamples/mini.MiniExamplesLecture(mini.MiniExamplesLecture__m_4()).JML normal_behavior operation contract.0.key 
23280      DEBUG main            d.u.i.k.p.i.AbstractProblemLoader Environment load took 96.3ns 
23282      INFO  main            d.u.i.k.p.i.AbstractProblemLoader Creating init config 
26538      DEBUG main            d.u.i.k.p.i.AbstractProblemLoader Init config took 3.26s 
26601      INFO  main            d.u.i.k.p.i.AbstractProblemLoader Replaying proof mini.MiniExamplesLecture[mini.MiniExamplesLecture::m_4()].JML normal_behavior operation contract.0 
26605      DEBUG main            d.u.i.k.p.i.IntermediateProofReplayer Proof replay took 14.6ns 
26711      INFO  main            d.u.i.k.p.r.p.TestFile    ... finished proof: closed. 
26871      INFO  main            d.u.i.k.p.r.p.TestFile    Now processing file /home/runner/work/key/key/key.core/../key.ui/examples/InformationFlow/MiniExamples/mini.MiniExamplesLecture(mini.MiniExamplesLecture__m_3()).JML normal_behavior operation contract.0.key 
26872      INFO  main            d.u.i.k.p.i.AbstractProblemLoader Loading environment from /home/runner/work/key/key/key.core/../key.ui/examples/InformationFlow/MiniExamples/mini.MiniExamplesLecture(mini.MiniExamplesLecture__m_3()).JML normal_behavior operation contract.0.key 
26872      DEBUG main            d.u.i.k.p.i.AbstractProblemLoader Environment load took 98.8ns 
26874      INFO  main            d.u.i.k.p.i.AbstractProblemLoader Creating init config 
30146      DEBUG main            d.u.i.k.p.i.AbstractProblemLoader Init config took 3.27s 
30212      INFO  main            d.u.i.k.p.i.AbstractProblemLoader Replaying proof mini.MiniExamplesLecture[mini.MiniExamplesLecture::m_3()].JML normal_behavior operation contract.0 
30217      DEBUG main            d.u.i.k.p.i.IntermediateProofReplayer Proof replay took 13.9ns 
30420      INFO  main            d.u.i.k.p.r.p.TestFile    ... finished proof: closed. 
30584      INFO  main            d.u.i.k.p.r.p.TestFile    Now processing file /home/runner/work/key/key/key.core/../key.ui/examples/InformationFlow/MiniExamples/mini.MiniExamplesLecture(mini.MiniExamplesLecture__m_2()).JML normal_behavior operation contract.0.key 
30585      INFO  main            d.u.i.k.p.i.AbstractProblemLoader Loading environment from /home/runner/work/key/key/key.core/../key.ui/examples/InformationFlow/MiniExamples/mini.MiniExamplesLecture(mini.MiniExamplesLecture__m_2()).JML normal_behavior operation contract.0.key 
30585      DEBUG main            d.u.i.k.p.i.AbstractProblemLoader Environment load took 82.8ns 
30586      INFO  main            d.u.i.k.p.i.AbstractProblemLoader Creating init config 
33914      DEBUG main            d.u.i.k.p.i.AbstractProblemLoader Init config took 3.33s 
33986      INFO  main            d.u.i.k.p.i.AbstractProblemLoader Replaying proof mini.MiniExamplesLecture[mini.MiniExamplesLecture::m_2()].JML normal_behavior operation contract.0 
33991      DEBUG main            d.u.i.k.p.i.IntermediateProofReplayer Proof replay took 12.7ns 
34093      INFO  main            d.u.i.k.p.r.p.TestFile    ... finished proof: closed. 
34319      INFO  main            d.u.i.k.p.r.p.TestFile    Now processing file /home/runner/work/key/key/key.core/../key.ui/examples/InformationFlow/MiniExamples/mini.MiniExamplesLecture(mini.MiniExamplesLecture__m_1()).JML normal_behavior operation contract.0.key 
34320      INFO  main            d.u.i.k.p.i.AbstractProblemLoader Loading environment from /home/runner/work/key/key/key.core/../key.ui/examples/InformationFlow/MiniExamples/mini.MiniExamplesLecture(mini.MiniExamplesLecture__m_1()).JML normal_behavior operation contract.0.key 
34320      DEBUG main            d.u.i.k.p.i.AbstractProblemLoader Environment load took 97.6ns 
34321      INFO  main            d.u.i.k.p.i.AbstractProblemLoader Creating init config 
37590      DEBUG main            d.u.i.k.p.i.AbstractProblemLoader Init config took 3.27s 
37672      INFO  main            d.u.i.k.p.i.AbstractProblemLoader Replaying proof mini.MiniExamplesLecture[mini.MiniExamplesLecture::m_1()].JML normal_behavior operation contract.0 
37677      DEBUG main            d.u.i.k.p.i.IntermediateProofReplayer Proof replay took 15.6ns 
37780      INFO  main            d.u.i.k.p.r.p.TestFile    ... finished proof: closed. 
37945      INFO  main            d.u.i.k.p.r.p.TestFile    Now processing file /home/runner/work/key/key/key.core/../key.ui/examples/InformationFlow/MiniExamples/mini.DifferenceSeqLocset(mini.DifferenceSeqLocset__m()).JML normal_behavior operation contract.1.key 
37945      INFO  main            d.u.i.k.p.i.AbstractProblemLoader Loading environment from /home/runner/work/key/key/key.core/../key.ui/examples/InformationFlow/MiniExamples/mini.DifferenceSeqLocset(mini.DifferenceSeqLocset__m()).JML normal_behavior operation contract.1.key 
37946      DEBUG main            d.u.i.k.p.i.AbstractProblemLoader Environment load took 108.6ns 
37947      INFO  main            d.u.i.k.p.i.AbstractProblemLoader Creating init config 
41164      DEBUG main            d.u.i.k.p.i.AbstractProblemLoader Init config took 3.22s 
41220      INFO  main            d.u.i.k.p.i.AbstractProblemLoader Replaying proof mini.DifferenceSeqLocset[mini.DifferenceSeqLocset::m()].JML normal_behavior operation contract.1 
41225      DEBUG main            d.u.i.k.p.i.IntermediateProofReplayer Proof replay took 13.9ns 
41428      INFO  main            d.u.i.k.p.r.p.TestFile    ... finished proof: closed. 
41604      INFO  main            d.u.i.k.p.r.p.TestFile    Now processing file /home/runner/work/key/key/key.core/../key.ui/examples/InformationFlow/MiniExamples/mini.DifferenceSeqLocset(mini.DifferenceSeqLocset__m()).JML normal_behavior operation contract.0.key 
41604      INFO  main            d.u.i.k.p.i.AbstractProblemLoader Loading environment from /home/runner/work/key/key/key.core/../key.ui/examples/InformationFlow/MiniExamples/mini.DifferenceSeqLocset(mini.DifferenceSeqLocset__m()).JML normal_behavior operation contract.0.key 
41604      DEBUG main            d.u.i.k.p.i.AbstractProblemLoader Environment load took 79.2ns 
41606      INFO  main            d.u.i.k.p.i.AbstractProblemLoader Creating init config 
44819      DEBUG main            d.u.i.k.p.i.AbstractProblemLoader Init config took 3.21s 
44876      INFO  main            d.u.i.k.p.i.AbstractProblemLoader Replaying proof mini.DifferenceSeqLocset[mini.DifferenceSeqLocset::m()].JML normal_behavior operation contract.0 
44879      DEBUG main            d.u.i.k.p.i.IntermediateProofReplayer Proof replay took 14.8ns 
45082      INFO  main            d.u.i.k.p.r.p.TestFile    ... finished proof: closed. 
45275      INFO  main            d.u.i.k.p.r.p.TestFile    Now processing file /home/runner/work/key/key/key.core/../key.ui/examples/InformationFlow/MiniExamples/mini.MiniExamples(mini.MiniExamples__secure_p2_8()).JML normal_behavior operation contract.0.key 
45275      INFO  main            d.u.i.k.p.i.AbstractProblemLoader Loading environment from /home/runner/work/key/key/key.core/../key.ui/examples/InformationFlow/MiniExamples/mini.MiniExamples(mini.MiniExamples__secure_p2_8()).JML normal_behavior operation contract.0.key 
45275      DEBUG main            d.u.i.k.p.i.AbstractProblemLoader Environment load took 82.4ns 
45276      INFO  main            d.u.i.k.p.i.AbstractProblemLoader Creating init config 
48519      DEBUG main            d.u.i.k.p.i.AbstractProblemLoader Init config took 3.24s 
48575      INFO  main            d.u.i.k.p.i.AbstractProblemLoader Replaying proof mini.MiniExamples[mini.MiniExamples::secure_p2_8()].JML normal_behavior operation contract.0 
48578      DEBUG main            d.u.i.k.p.i.IntermediateProofReplayer Proof replay took 16.2ns 
48783      INFO  main            d.u.i.k.p.r.p.TestFile    ... finished proof: closed. 
48985      INFO  main            d.u.i.k.p.r.p.TestFile    Now processing file /home/runner/work/key/key/key.core/../key.ui/examples/InformationFlow/MiniExamples/mini.MiniExamples(mini.MiniExamples__secure_parameter(int)).JML operation contract.0.key 
48986      INFO  main            d.u.i.k.p.i.AbstractProblemLoader Loading environment from /home/runner/work/key/key/key.core/../key.ui/examples/InformationFlow/MiniExamples/mini.MiniExamples(mini.MiniExamples__secure_parameter(int)).JML operation contract.0.key 
48986      DEBUG main            d.u.i.k.p.i.AbstractProblemLoader Environment load took 92.3ns 
48987      INFO  main            d.u.i.k.p.i.AbstractProblemLoader Creating init config 
52281      DEBUG main            d.u.i.k.p.i.AbstractProblemLoader Init config took 3.29s 
52332      INFO  main            d.u.i.k.p.i.AbstractProblemLoader Replaying proof mini.MiniExamples[mini.MiniExamples::secure_parameter(int)].JML operation contract.0 
52335      DEBUG main            d.u.i.k.p.i.IntermediateProofReplayer Proof replay took 15.4ns 
52438      INFO  main            d.u.i.k.p.r.p.TestFile    ... finished proof: closed. 
52616      INFO  main            d.u.i.k.p.r.p.TestFile    Now processing file /home/runner/work/key/key/key.core/../key.ui/examples/InformationFlow/MiniExamples/mini.MiniExamples(mini.MiniExamples__secure_p2_7()).JML normal_behavior operation contract.0.key 
52617      INFO  main            d.u.i.k.p.i.AbstractProblemLoader Loading environment from /home/runner/work/key/key/key.core/../key.ui/examples/InformationFlow/MiniExamples/mini.MiniExamples(mini.MiniExamples__secure_p2_7()).JML normal_behavior operation contract.0.key 
52617      DEBUG main            d.u.i.k.p.i.AbstractProblemLoader Environment load took 160.3ns 
52619      INFO  main            d.u.i.k.p.i.AbstractProblemLoader Creating init config 
55899      DEBUG main            d.u.i.k.p.i.AbstractProblemLoader Init config took 3.28s 
55966      INFO  main            d.u.i.k.p.i.AbstractProblemLoader Replaying proof mini.MiniExamples[mini.MiniExamples::secure_p2_7()].JML normal_behavior operation contract.0 
55969      DEBUG main            d.u.i.k.p.i.IntermediateProofReplayer Proof replay took 17.4ns 
56077      INFO  main            d.u.i.k.p.r.p.TestFile    ... finished proof: closed. 
56263      INFO  main            d.u.i.k.p.r.p.TestFile    Now processing file /home/runner/work/key/key/key.core/../key.ui/examples/InformationFlow/MiniExamples/mini.MiniExamples(mini.MiniExamples__insecure_p2_2()).JML normal_behavior operation contract.0.key 
56263      INFO  main            d.u.i.k.p.i.AbstractProblemLoader Loading environment from /home/runner/work/key/key/key.core/../key.ui/examples/InformationFlow/MiniExamples/mini.MiniExamples(mini.MiniExamples__insecure_p2_2()).JML normal_behavior operation contract.0.key 
56263      DEBUG main            d.u.i.k.p.i.AbstractProblemLoader Environment load took 94.5ns 
56264      INFO  main            d.u.i.k.p.i.AbstractProblemLoader Creating init config 
59541      DEBUG main            d.u.i.k.p.i.AbstractProblemLoader Init config took 3.28s 
59590      INFO  main            d.u.i.k.p.i.AbstractProblemLoader Replaying proof mini.MiniExamples[mini.MiniExamples::insecure_p2_2()].JML normal_behavior operation contract.0 
59593      DEBUG main            d.u.i.k.p.i.IntermediateProofReplayer Proof replay took 15.5ns 
59699      INFO  main            d.u.i.k.p.r.p.TestFile    ... finished proof: closed. 
59894      INFO  main            d.u.i.k.p.r.p.TestFile    Now processing file /home/runner/work/key/key/key.core/../key.ui/examples/InformationFlow/MiniExamples/mini.MiniExamples(mini.MiniExamples__secure_p2_6()).JML normal_behavior operation contract.0.key 
59895      INFO  main            d.u.i.k.p.i.AbstractProblemLoader Loading environment from /home/runner/work/key/key/key.core/../key.ui/examples/InformationFlow/MiniExamples/mini.MiniExamples(mini.MiniExamples__secure_p2_6()).JML normal_behavior operation contract.0.key 
59895      DEBUG main            d.u.i.k.p.i.AbstractProblemLoader Environment load took 204ns 
59896      INFO  main            d.u.i.k.p.i.AbstractProblemLoader Creating init config 
63202      DEBUG main            d.u.i.k.p.i.AbstractProblemLoader Init config took 3.31s 
63260      INFO  main            d.u.i.k.p.i.AbstractProblemLoader Replaying proof mini.MiniExamples[mini.MiniExamples::secure_p2_6()].JML normal_behavior operation contract.0 
63263      DEBUG main            d.u.i.k.p.i.IntermediateProofReplayer Proof replay took 17.9ns 
63366      INFO  main            d.u.i.k.p.r.p.TestFile    ... finished proof: closed. 
63553      INFO  main            d.u.i.k.p.r.p.TestFile    Now processing file /home/runner/work/key/key/key.core/../key.ui/examples/InformationFlow/MiniExamples/mini.MiniExamples(mini.MiniExamples__secure_p2_5()).JML normal_behavior operation contract.0.key 
63555      INFO  main            d.u.i.k.p.i.AbstractProblemLoader Loading environment from /home/runner/work/key/key/key.core/../key.ui/examples/InformationFlow/MiniExamples/mini.MiniExamples(mini.MiniExamples__secure_p2_5()).JML normal_behavior operation contract.0.key 
63555      DEBUG main            d.u.i.k.p.i.AbstractProblemLoader Environment load took 85.1ns 
63556      INFO  main            d.u.i.k.p.i.AbstractProblemLoader Creating init config 
66748      DEBUG main            d.u.i.k.p.i.AbstractProblemLoader Init config took 3.19s 
66815      INFO  main            d.u.i.k.p.i.AbstractProblemLoader Replaying proof mini.MiniExamples[mini.MiniExamples::secure_p2_5()].JML normal_behavior operation contract.0 
66819      DEBUG main            d.u.i.k.p.i.IntermediateProofReplayer Proof replay took 15.9ns 
66923      INFO  main            d.u.i.k.p.r.p.TestFile    ... finished proof: closed. 
67116      INFO  main            d.u.i.k.p.r.p.TestFile    Now processing file /home/runner/work/key/key/key.core/../key.ui/examples/InformationFlow/MiniExamples/mini.MiniExamples(mini.MiniExamples__secure_p2_4()).JML normal_behavior operation contract.0.key 
67117      INFO  main            d.u.i.k.p.i.AbstractProblemLoader Loading environment from /home/runner/work/key/key/key.core/../key.ui/examples/InformationFlow/MiniExamples/mini.MiniExamples(mini.MiniExamples__secure_p2_4()).JML normal_behavior operation contract.0.key 
67117      DEBUG main            d.u.i.k.p.i.AbstractProblemLoader Environment load took 1.23ms 
67119      INFO  main            d.u.i.k.p.i.AbstractProblemLoader Creating init config 
70305      DEBUG main            d.u.i.k.p.i.AbstractProblemLoader Init config took 3.19s 
70360      INFO  main            d.u.i.k.p.i.AbstractProblemLoader Replaying proof mini.MiniExamples[mini.MiniExamples::secure_p2_4()].JML normal_behavior operation contract.0 
70365      DEBUG main            d.u.i.k.p.i.IntermediateProofReplayer Proof replay took 17.1ns 
70467      INFO  main            d.u.i.k.p.r.p.TestFile    ... finished proof: closed. 
70760      INFO  main            d.u.i.k.p.r.p.TestFile    Now processing file /home/runner/work/key/key/key.core/../key.ui/examples/InformationFlow/MiniExamples/mini.MiniExamples(mini.MiniExamples__secure_p2_3()).JML normal_behavior operation contract.0.key 
70761      INFO  main            d.u.i.k.p.i.AbstractProblemLoader Loading environment from /home/runner/work/key/key/key.core/../key.ui/examples/InformationFlow/MiniExamples/mini.MiniExamples(mini.MiniExamples__secure_p2_3()).JML normal_behavior operation contract.0.key 
70761      DEBUG main            d.u.i.k.p.i.AbstractProblemLoader Environment load took 90.8ns 
70765      INFO  main            d.u.i.k.p.i.AbstractProblemLoader Creating init config 
73956      DEBUG main            d.u.i.k.p.i.AbstractProblemLoader Init config took 3.19s 
74002      INFO  main            d.u.i.k.p.i.AbstractProblemLoader Replaying proof mini.MiniExamples[mini.MiniExamples::secure_p2_3()].JML normal_behavior operation contract.0 
74006      DEBUG main            d.u.i.k.p.i.IntermediateProofReplayer Proof replay took 16.5ns 
74111      INFO  main            d.u.i.k.p.r.p.TestFile    ... finished proof: closed. 
74310      INFO  main            d.u.i.k.p.r.p.TestFile    Now processing file /home/runner/work/key/key/key.core/../key.ui/examples/InformationFlow/MiniExamples/mini.MiniExamples(mini.MiniExamples__secure_p2_2()).JML normal_behavior operation contract.0.key 
74311      INFO  main            d.u.i.k.p.i.AbstractProblemLoader Loading environment from /home/runner/work/key/key/key.core/../key.ui/examples/InformationFlow/MiniExamples/mini.MiniExamples(mini.MiniExamples__secure_p2_2()).JML normal_behavior operation contract.0.key 
74311      DEBUG main            d.u.i.k.p.i.AbstractProblemLoader Environment load took 95.9ns 
74312      INFO  main            d.u.i.k.p.i.AbstractProblemLoader Creating init config 
77494      DEBUG main            d.u.i.k.p.i.AbstractProblemLoader Init config took 3.18s 
77557      INFO  main            d.u.i.k.p.i.AbstractProblemLoader Replaying proof mini.MiniExamples[mini.MiniExamples::secure_p2_2()].JML normal_behavior operation contract.0 
77561      DEBUG main            d.u.i.k.p.i.IntermediateProofReplayer Proof replay took 15.9ns 
77664      INFO  main            d.u.i.k.p.r.p.TestFile    ... finished proof: closed. 
77871      INFO  main            d.u.i.k.p.r.p.TestFile    Now processing file /home/runner/work/key/key/key.core/../key.ui/examples/InformationFlow/MiniExamples/mini.MiniExamples(mini.MiniExamples__secure_p2_1()).JML normal_behavior operation contract.0.key 
77871      INFO  main            d.u.i.k.p.i.AbstractProblemLoader Loading environment from /home/runner/work/key/key/key.core/../key.ui/examples/InformationFlow/MiniExamples/mini.MiniExamples(mini.MiniExamples__secure_p2_1()).JML normal_behavior operation contract.0.key 
77872      DEBUG main            d.u.i.k.p.i.AbstractProblemLoader Environment load took 91.9ns 
77873      INFO  main            d.u.i.k.p.i.AbstractProblemLoader Creating init config 
81096      DEBUG main            d.u.i.k.p.i.AbstractProblemLoader Init config took 3.22s 
81142      INFO  main            d.u.i.k.p.i.AbstractProblemLoader Replaying proof mini.MiniExamples[mini.MiniExamples::secure_p2_1()].JML normal_behavior operation contract.0 
81145      DEBUG main            d.u.i.k.p.i.IntermediateProofReplayer Proof replay took 15.2ns 
81251      INFO  main            d.u.i.k.p.r.p.TestFile    ... finished proof: closed. 
81506      INFO  main            d.u.i.k.p.r.p.TestFile    Now processing file /home/runner/work/key/key/key.core/../key.ui/examples/InformationFlow/MiniExamples/mini.MiniExamples(mini.MiniExamples__insecure_p2_1()).JML normal_behavior operation contract.0.key 
81506      INFO  main            d.u.i.k.p.i.AbstractProblemLoader Loading environment from /home/runner/work/key/key/key.core/../key.ui/examples/InformationFlow/MiniExamples/mini.MiniExamples(mini.MiniExamples__insecure_p2_1()).JML normal_behavior operation contract.0.key 
81506      DEBUG main            d.u.i.k.p.i.AbstractProblemLoader Environment load took 119.3ns 
81508      INFO  main            d.u.i.k.p.i.AbstractProblemLoader Creating init config 
84650      DEBUG main            d.u.i.k.p.i.AbstractProblemLoader Init config took 3.14s 
84692      INFO  main            d.u.i.k.p.i.AbstractProblemLoader Replaying proof mini.MiniExamples[mini.MiniExamples::insecure_p2_1()].JML normal_behavior operation contract.0 
84695      DEBUG main            d.u.i.k.p.i.IntermediateProofReplayer Proof replay took 16ns 
84798      INFO  main            d.u.i.k.p.r.p.TestFile    ... finished proof: closed. 
85010      INFO  main            d.u.i.k.p.r.p.TestFile    Now processing file /home/runner/work/key/key/key.core/../key.ui/examples/InformationFlow/MiniExamples/mini.MiniExamples(mini.MiniExamples__secure_p1_6()).JML normal_behavior operation contract.0.key 
85011      INFO  main            d.u.i.k.p.i.AbstractProblemLoader Loading environment from /home/runner/work/key/key/key.core/../key.ui/examples/InformationFlow/MiniExamples/mini.MiniExamples(mini.MiniExamples__secure_p1_6()).JML normal_behavior operation contract.0.key 
85011      DEBUG main            d.u.i.k.p.i.AbstractProblemLoader Environment load took 1.09ms 
85012      INFO  main            d.u.i.k.p.i.AbstractProblemLoader Creating init config 
88133      DEBUG main            d.u.i.k.p.i.AbstractProblemLoader Init config took 3.12s 
88177      INFO  main            d.u.i.k.p.i.AbstractProblemLoader Replaying proof mini.MiniExamples[mini.MiniExamples::secure_p1_6()].JML normal_behavior operation contract.0 
88181      DEBUG main            d.u.i.k.p.i.IntermediateProofReplayer Proof replay took 15.4ns 
88283      INFO  main            d.u.i.k.p.r.p.TestFile    ... finished proof: closed. 
88505      INFO  main            d.u.i.k.p.r.p.TestFile    Now processing file /home/runner/work/key/key/key.core/../key.ui/examples/InformationFlow/MiniExamples/mini.MiniExamples(mini.MiniExamples__secure_p1_5()).JML normal_behavior operation contract.0.key 
88506      INFO  main            d.u.i.k.p.i.AbstractProblemLoader Loading environment from /home/runner/work/key/key/key.core/../key.ui/examples/InformationFlow/MiniExamples/mini.MiniExamples(mini.MiniExamples__secure_p1_5()).JML normal_behavior operation contract.0.key 
88506      DEBUG main            d.u.i.k.p.i.AbstractProblemLoader Environment load took 92.3ns 
88507      INFO  main            d.u.i.k.p.i.AbstractProblemLoader Creating init config 
91676      DEBUG main            d.u.i.k.p.i.AbstractProblemLoader Init config took 3.17s 
91720      INFO  main            d.u.i.k.p.i.AbstractProblemLoader Replaying proof mini.MiniExamples[mini.MiniExamples::secure_p1_5()].JML normal_behavior operation contract.0 
91723      DEBUG main            d.u.i.k.p.i.IntermediateProofReplayer Proof replay took 14.4ns 
91827      INFO  main            d.u.i.k.p.r.p.TestFile    ... finished proof: closed. 
92050      INFO  main            d.u.i.k.p.r.p.TestFile    Now processing file /home/runner/work/key/key/key.core/../key.ui/examples/InformationFlow/MiniExamples/mini.MiniExamples(mini.MiniExamples__secure_p1_4()).JML normal_behavior operation contract.0.key 
92051      INFO  main            d.u.i.k.p.i.AbstractProblemLoader Loading environment from /home/runner/work/key/key/key.core/../key.ui/examples/InformationFlow/MiniExamples/mini.MiniExamples(mini.MiniExamples__secure_p1_4()).JML normal_behavior operation contract.0.key 
92051      DEBUG main            d.u.i.k.p.i.AbstractProblemLoader Environment load took 79.2ns 
92052      INFO  main            d.u.i.k.p.i.AbstractProblemLoader Creating init config 
95167      DEBUG main            d.u.i.k.p.i.AbstractProblemLoader Init config took 3.12s 
95219      INFO  main            d.u.i.k.p.i.AbstractProblemLoader Replaying proof mini.MiniExamples[mini.MiniExamples::secure_p1_4()].JML normal_behavior operation contract.0 
95222      DEBUG main            d.u.i.k.p.i.IntermediateProofReplayer Proof replay took 14.4ns 
95324      INFO  main            d.u.i.k.p.r.p.TestFile    ... finished proof: closed. 
95545      INFO  main            d.u.i.k.p.r.p.TestFile    Now processing file /home/runner/work/key/key/key.core/../key.ui/examples/InformationFlow/MiniExamples/mini.MiniExamples(mini.MiniExamples__secure_p1_3()).JML normal_behavior operation contract.0.key 
95545      INFO  main            d.u.i.k.p.i.AbstractProblemLoader Loading environment from /home/runner/work/key/key/key.core/../key.ui/examples/InformationFlow/MiniExamples/mini.MiniExamples(mini.MiniExamples__secure_p1_3()).JML normal_behavior operation contract.0.key 
95546      DEBUG main            d.u.i.k.p.i.AbstractProblemLoader Environment load took 1.22ms 
95548      INFO  main            d.u.i.k.p.i.AbstractProblemLoader Creating init config 
98685      DEBUG main            d.u.i.k.p.i.AbstractProblemLoader Init config took 3.14s 
98743      INFO  main            d.u.i.k.p.i.AbstractProblemLoader Replaying proof mini.MiniExamples[mini.MiniExamples::secure_p1_3()].JML normal_behavior operation contract.0 
98746      DEBUG main            d.u.i.k.p.i.IntermediateProofReplayer Proof replay took 15.9ns 
98848      INFO  main            d.u.i.k.p.r.p.TestFile    ... finished proof: closed. 
99069      INFO  main            d.u.i.k.p.r.p.TestFile    Now processing file /home/runner/work/key/key/key.core/../key.ui/examples/InformationFlow/MiniExamples/mini.MiniExamples(mini.MiniExamples__secure_p1_2()).JML normal_behavior operation contract.0.key 
99070      INFO  main            d.u.i.k.p.i.AbstractProblemLoader Loading environment from /home/runner/work/key/key/key.core/../key.ui/examples/InformationFlow/MiniExamples/mini.MiniExamples(mini.MiniExamples__secure_p1_2()).JML normal_behavior operation contract.0.key 
99070      DEBUG main            d.u.i.k.p.i.AbstractProblemLoader Environment load took 278.4ns 
99072      INFO  main            d.u.i.k.p.i.AbstractProblemLoader Creating init config 
102176     DEBUG main            d.u.i.k.p.i.AbstractProblemLoader Init config took 3.1s 
102218     INFO  main            d.u.i.k.p.i.AbstractProblemLoader Replaying proof mini.MiniExamples[mini.MiniExamples::secure_p1_2()].JML normal_behavior operation contract.0 
102221     DEBUG main            d.u.i.k.p.i.IntermediateProofReplayer Proof replay took 15.2ns 
102325     INFO  main            d.u.i.k.p.r.p.TestFile    ... finished proof: closed. 
102575     INFO  main            d.u.i.k.p.r.p.TestFile    Now processing file /home/runner/work/key/key/key.core/../key.ui/examples/InformationFlow/MiniExamples/mini.MiniExamples(mini.MiniExamples__secure_p1_1()).JML normal_behavior operation contract.1.key 
102575     INFO  main            d.u.i.k.p.i.AbstractProblemLoader Loading environment from /home/runner/work/key/key/key.core/../key.ui/examples/InformationFlow/MiniExamples/mini.MiniExamples(mini.MiniExamples__secure_p1_1()).JML normal_behavior operation contract.1.key 
102576     DEBUG main            d.u.i.k.p.i.AbstractProblemLoader Environment load took 688.51ns 
102578     INFO  main            d.u.i.k.p.i.AbstractProblemLoader Creating init config 
105716     DEBUG main            d.u.i.k.p.i.AbstractProblemLoader Init config took 3.14s 
105759     INFO  main            d.u.i.k.p.i.AbstractProblemLoader Replaying proof mini.MiniExamples[mini.MiniExamples::secure_p1_1()].JML normal_behavior operation contract.1 
105764     DEBUG main            d.u.i.k.p.i.IntermediateProofReplayer Proof replay took 16.5ns 
105867     INFO  main            d.u.i.k.p.r.p.TestFile    ... finished proof: closed. 
106103     INFO  main            d.u.i.k.p.r.p.TestFile    Now processing file /home/runner/work/key/key/key.core/../key.ui/examples/InformationFlow/MiniExamples/mini.MiniExamples(mini.MiniExamples__secure_p1_1()).JML normal_behavior operation contract.0.key 
106104     INFO  main            d.u.i.k.p.i.AbstractProblemLoader Loading environment from /home/runner/work/key/key/key.core/../key.ui/examples/InformationFlow/MiniExamples/mini.MiniExamples(mini.MiniExamples__secure_p1_1()).JML normal_behavior operation contract.0.key 
106104     DEBUG main            d.u.i.k.p.i.AbstractProblemLoader Environment load took 86.6ns 
106107     INFO  main            d.u.i.k.p.i.AbstractProblemLoader Creating init config 
109313     DEBUG main            d.u.i.k.p.i.AbstractProblemLoader Init config took 3.21s 
109356     INFO  main            d.u.i.k.p.i.AbstractProblemLoader Replaying proof mini.MiniExamples[mini.MiniExamples::secure_p1_1()].JML normal_behavior operation contract.0 
109359     DEBUG main            d.u.i.k.p.i.IntermediateProofReplayer Proof replay took 16.4ns 
109462     INFO  main            d.u.i.k.p.r.p.TestFile    ... finished proof: closed. 
109702     INFO  main            d.u.i.k.p.r.p.TestFile    Now processing file /home/runner/work/key/key/key.core/../key.ui/examples/InformationFlow/MiniExamples/mini.MiniExamples(mini.MiniExamples__insecure_p1_2()).JML normal_behavior operation contract.0.key 
109702     INFO  main            d.u.i.k.p.i.AbstractProblemLoader Loading environment from /home/runner/work/key/key/key.core/../key.ui/examples/InformationFlow/MiniExamples/mini.MiniExamples(mini.MiniExamples__insecure_p1_2()).JML normal_behavior operation contract.0.key 
109702     DEBUG main            d.u.i.k.p.i.AbstractProblemLoader Environment load took 87ns 
109703     INFO  main            d.u.i.k.p.i.AbstractProblemLoader Creating init config 
112806     DEBUG main            d.u.i.k.p.i.AbstractProblemLoader Init config took 3.1s 
112848     INFO  main            d.u.i.k.p.i.AbstractProblemLoader Replaying proof mini.MiniExamples[mini.MiniExamples::insecure_p1_2()].JML normal_behavior operation contract.0 
112851     DEBUG main            d.u.i.k.p.i.IntermediateProofReplayer Proof replay took 32.8ns 
112954     INFO  main            d.u.i.k.p.r.p.TestFile    ... finished proof: closed. 
113190     INFO  main            d.u.i.k.p.r.p.TestFile    Now processing file /home/runner/work/key/key/key.core/../key.ui/examples/InformationFlow/MiniExamples/mini.MiniExamples(mini.MiniExamples__insecure_p1_1()).JML normal_behavior operation contract.0.key 
113190     INFO  main            d.u.i.k.p.i.AbstractProblemLoader Loading environment from /home/runner/work/key/key/key.core/../key.ui/examples/InformationFlow/MiniExamples/mini.MiniExamples(mini.MiniExamples__insecure_p1_1()).JML normal_behavior operation contract.0.key 
113190     DEBUG main            d.u.i.k.p.i.AbstractProblemLoader Environment load took 82.4ns 
113191     INFO  main            d.u.i.k.p.i.AbstractProblemLoader Creating init config 
116384     DEBUG main            d.u.i.k.p.i.AbstractProblemLoader Init config took 3.19s 
116428     INFO  main            d.u.i.k.p.i.AbstractProblemLoader Replaying proof mini.MiniExamples[mini.MiniExamples::insecure_p1_1()].JML normal_behavior operation contract.0 
116431     DEBUG main            d.u.i.k.p.i.IntermediateProofReplayer Proof replay took 18.2ns 
116533     INFO  main            d.u.i.k.p.r.p.TestFile    ... finished proof: closed. 
586241     INFO  Test worker     d.u.i.k.p.r.RunAllProofsTestUnit Returning from test MiniExamples 
586245     INFO  Test worker     d.u.i.k.p.r.RunAllProofsTestUnit Running test NewObjects 
507        INFO  Timeout watchdog d.u.i.k.p.r.p.ForkedTestFileRunner Timeout watcher launched (1000 secs.) 
528        WARN  main            d.u.i.k.s.ProofSettings   The settings in /home/runner/.key/proof-settings.props are *not* read. 
572        INFO  main            d.u.i.k.p.r.p.TestFile    Now processing file /home/runner/work/key/key/key.core/../key.ui/examples/InformationFlow/NewObjects/object.AmtoftBanerjee3(object.AmtoftBanerjee3__m()).JML operation contract.0.key 
710        INFO  main            d.u.i.k.p.i.AbstractProblemLoader Loading environment from /home/runner/work/key/key/key.core/../key.ui/examples/InformationFlow/NewObjects/object.AmtoftBanerjee3(object.AmtoftBanerjee3__m()).JML operation contract.0.key 
733        DEBUG main            d.u.i.k.p.i.AbstractProblemLoader Environment load took 2.73ms 
1027       INFO  main            d.u.i.k.p.i.AbstractProblemLoader Creating init config 
2337       DEBUG main            d.u.i.k.j.TypeConverter   No LDT found for Meta 
2337       DEBUG main            d.u.i.k.j.TypeConverter   No LDT found for Meta 
2339       DEBUG main            d.u.i.k.j.TypeConverter   No LDT found for Meta 
2340       DEBUG main            d.u.i.k.j.TypeConverter   No LDT found for Meta 
4357       DEBUG main            d.u.i.k.j.TypeConverter   No LDT found for JavaBigintExpression 
8002       DEBUG main            d.u.i.k.j.r.ClassPreparationMethodBuilder clPrepBuilder: Inner Class detected. Reject building class initialisation methods. 
11168      DEBUG main            d.u.i.k.p.i.AbstractProblemLoader Init config took 10.14s 
11338      INFO  main            d.u.i.k.p.i.AbstractProblemLoader Replaying proof object.AmtoftBanerjee3[object.AmtoftBanerjee3::m()].JML operation contract.0 
11450      DEBUG main            d.u.i.k.p.i.IntermediateProofReplayer Proof replay took 414.4ns 
12097      INFO  main            d.u.i.k.p.r.p.TestFile    ... finished proof: closed. 
12218      INFO  main            d.u.i.k.p.r.p.TestFile    Now processing file /home/runner/work/key/key/key.core/../key.ui/examples/InformationFlow/NewObjects/object.AmtoftBanerjee(object.AmtoftBanerjee__m_2()).JML normal_behavior operation contract.0.key 
12219      INFO  main            d.u.i.k.p.i.AbstractProblemLoader Loading environment from /home/runner/work/key/key/key.core/../key.ui/examples/InformationFlow/NewObjects/object.AmtoftBanerjee(object.AmtoftBanerjee__m_2()).JML normal_behavior operation contract.0.key 
12219      DEBUG main            d.u.i.k.p.i.AbstractProblemLoader Environment load took 683.71ns 
12222      INFO  main            d.u.i.k.p.i.AbstractProblemLoader Creating init config 
13403      DEBUG main            d.u.i.k.j.r.ClassPreparationMethodBuilder clPrepBuilder: Inner Class detected. Reject building class initialisation methods. 
16036      DEBUG main            d.u.i.k.p.i.AbstractProblemLoader Init config took 3.81s 
16138      INFO  main            d.u.i.k.p.i.AbstractProblemLoader Replaying proof object.AmtoftBanerjee[object.AmtoftBanerjee::m_2()].JML normal_behavior operation contract.0 
16142      DEBUG main            d.u.i.k.p.i.IntermediateProofReplayer Proof replay took 13.6ns 
16852      INFO  main            d.u.i.k.p.r.p.TestFile    ... finished proof: closed. 
17007      INFO  main            d.u.i.k.p.r.p.TestFile    Now processing file /home/runner/work/key/key/key.core/../key.ui/examples/InformationFlow/NewObjects/object.AmtoftBanerjee(object.AmtoftBanerjee__m_1()).JML normal_behavior operation contract.1.key 
17008      INFO  main            d.u.i.k.p.i.AbstractProblemLoader Loading environment from /home/runner/work/key/key/key.core/../key.ui/examples/InformationFlow/NewObjects/object.AmtoftBanerjee(object.AmtoftBanerjee__m_1()).JML normal_behavior operation contract.1.key 
17008      DEBUG main            d.u.i.k.p.i.AbstractProblemLoader Environment load took 111.6ns 
17013      INFO  main            d.u.i.k.p.i.AbstractProblemLoader Creating init config 
18214      DEBUG main            d.u.i.k.j.r.ClassPreparationMethodBuilder clPrepBuilder: Inner Class detected. Reject building class initialisation methods. 
20782      DEBUG main            d.u.i.k.p.i.AbstractProblemLoader Init config took 3.77s 
20868      INFO  main            d.u.i.k.p.i.AbstractProblemLoader Replaying proof object.AmtoftBanerjee[object.AmtoftBanerjee::m_1()].JML normal_behavior operation contract.1 
20872      DEBUG main            d.u.i.k.p.i.IntermediateProofReplayer Proof replay took 14.1ns 
21178      INFO  main            d.u.i.k.p.r.p.TestFile    ... finished proof: closed. 
21334      INFO  main            d.u.i.k.p.r.p.TestFile    Now processing file /home/runner/work/key/key/key.core/../key.ui/examples/InformationFlow/NewObjects/object.AmtoftBanerjee(object.AmtoftBanerjee__m_1()).JML normal_behavior operation contract.0.key 
21335      INFO  main            d.u.i.k.p.i.AbstractProblemLoader Loading environment from /home/runner/work/key/key/key.core/../key.ui/examples/InformationFlow/NewObjects/object.AmtoftBanerjee(object.AmtoftBanerjee__m_1()).JML normal_behavior operation contract.0.key 
21335      DEBUG main            d.u.i.k.p.i.AbstractProblemLoader Environment load took 124ns 
21337      INFO  main            d.u.i.k.p.i.AbstractProblemLoader Creating init config 
22511      DEBUG main            d.u.i.k.j.r.ClassPreparationMethodBuilder clPrepBuilder: Inner Class detected. Reject building class initialisation methods. 
24892      DEBUG main            d.u.i.k.p.i.AbstractProblemLoader Init config took 3.56s 
24958      INFO  main            d.u.i.k.p.i.AbstractProblemLoader Replaying proof object.AmtoftBanerjee[object.AmtoftBanerjee::m_1()].JML normal_behavior operation contract.0 
24965      DEBUG main            d.u.i.k.p.i.IntermediateProofReplayer Proof replay took 14.8ns 
25271      INFO  main            d.u.i.k.p.r.p.TestFile    ... finished proof: closed. 
25439      INFO  main            d.u.i.k.p.r.p.TestFile    Now processing file /home/runner/work/key/key/key.core/../key.ui/examples/InformationFlow/NewObjects/object.AmtoftBanerjee(object.AmtoftBanerjee__getQ()).JML normal_behavior operation contract.0.key 
25439      INFO  main            d.u.i.k.p.i.AbstractProblemLoader Loading environment from /home/runner/work/key/key/key.core/../key.ui/examples/InformationFlow/NewObjects/object.AmtoftBanerjee(object.AmtoftBanerjee__getQ()).JML normal_behavior operation contract.0.key 
25439      DEBUG main            d.u.i.k.p.i.AbstractProblemLoader Environment load took 95.2ns 
25441      INFO  main            d.u.i.k.p.i.AbstractProblemLoader Creating init config 
26519      DEBUG main            d.u.i.k.j.r.ClassPreparationMethodBuilder clPrepBuilder: Inner Class detected. Reject building class initialisation methods. 
28854      DEBUG main            d.u.i.k.p.i.AbstractProblemLoader Init config took 3.41s 
28918      INFO  main            d.u.i.k.p.i.AbstractProblemLoader Replaying proof object.AmtoftBanerjee[object.AmtoftBanerjee::getQ()].JML normal_behavior operation contract.0 
28921      DEBUG main            d.u.i.k.p.i.IntermediateProofReplayer Proof replay took 15.7ns 
29026      INFO  main            d.u.i.k.p.r.p.TestFile    ... finished proof: closed. 
29181      INFO  main            d.u.i.k.p.r.p.TestFile    Now processing file /home/runner/work/key/key/key.core/../key.ui/examples/InformationFlow/NewObjects/object.Naumann(object.Naumann__Pair_m(int,int)).JML operation contract.0.key 
29182      INFO  main            d.u.i.k.p.i.AbstractProblemLoader Loading environment from /home/runner/work/key/key/key.core/../key.ui/examples/InformationFlow/NewObjects/object.Naumann(object.Naumann__Pair_m(int,int)).JML operation contract.0.key 
29182      DEBUG main            d.u.i.k.p.i.AbstractProblemLoader Environment load took 98.8ns 
29183      INFO  main            d.u.i.k.p.i.AbstractProblemLoader Creating init config 
30259      DEBUG main            d.u.i.k.j.r.ClassPreparationMethodBuilder clPrepBuilder: Inner Class detected. Reject building class initialisation methods. 
32575      DEBUG main            d.u.i.k.p.i.AbstractProblemLoader Init config took 3.39s 
32651      INFO  main            d.u.i.k.p.i.AbstractProblemLoader Replaying proof object.Naumann[object.Naumann::Pair_m(int,int)].JML operation contract.0 
32658      DEBUG main            d.u.i.k.p.i.IntermediateProofReplayer Proof replay took 16.2ns 
34879      INFO  main            d.u.i.k.p.r.p.TestFile    ... finished proof: closed. 
35097      INFO  main            d.u.i.k.p.r.p.TestFile    Now processing file /home/runner/work/key/key/key.core/../key.ui/examples/InformationFlow/NewObjects/object.ObjectOrientation(object.ObjectOrientation__secure_while_i((Ljava.lang.Object)).JML operation contract.0.key 
35098      INFO  main            d.u.i.k.p.i.AbstractProblemLoader Loading environment from /home/runner/work/key/key/key.core/../key.ui/examples/InformationFlow/NewObjects/object.ObjectOrientation(object.ObjectOrientation__secure_while_i((Ljava.lang.Object)).JML operation contract.0.key 
35098      DEBUG main            d.u.i.k.p.i.AbstractProblemLoader Environment load took 92.5ns 
35099      INFO  main            d.u.i.k.p.i.AbstractProblemLoader Creating init config 
36188      DEBUG main            d.u.i.k.j.r.ClassPreparationMethodBuilder clPrepBuilder: Inner Class detected. Reject building class initialisation methods. 
38563      DEBUG main            d.u.i.k.p.i.AbstractProblemLoader Init config took 3.46s 
38628      INFO  main            d.u.i.k.p.i.AbstractProblemLoader Replaying proof object.ObjectOrientation[object.ObjectOrientation::secure_while_i([Ljava.lang.Object)].JML operation contract.0 
38633      DEBUG main            d.u.i.k.p.i.IntermediateProofReplayer Proof replay took 15.6ns 
39541      INFO  main            d.u.i.k.p.r.p.TestFile    ... finished proof: closed. 
39787      INFO  main            d.u.i.k.p.r.p.TestFile    Now processing file /home/runner/work/key/key/key.core/../key.ui/examples/InformationFlow/NewObjects/object.ObjectOrientation(object.ObjectOrientation__secure_method_call()).JML operation contract.0.key 
39790      INFO  main            d.u.i.k.p.i.AbstractProblemLoader Loading environment from /home/runner/work/key/key/key.core/../key.ui/examples/InformationFlow/NewObjects/object.ObjectOrientation(object.ObjectOrientation__secure_method_call()).JML operation contract.0.key 
39790      DEBUG main            d.u.i.k.p.i.AbstractProblemLoader Environment load took 104.6ns 
39793      INFO  main            d.u.i.k.p.i.AbstractProblemLoader Creating init config 
40832      DEBUG main            d.u.i.k.j.r.ClassPreparationMethodBuilder clPrepBuilder: Inner Class detected. Reject building class initialisation methods. 
43217      DEBUG main            d.u.i.k.p.i.AbstractProblemLoader Init config took 3.42s 
43279      INFO  main            d.u.i.k.p.i.AbstractProblemLoader Replaying proof object.ObjectOrientation[object.ObjectOrientation::secure_method_call()].JML operation contract.0 
43283      DEBUG main            d.u.i.k.p.i.IntermediateProofReplayer Proof replay took 14.6ns 
43486      INFO  main            d.u.i.k.p.r.p.TestFile    ... finished proof: closed. 
43676      INFO  main            d.u.i.k.p.r.p.TestFile    Now processing file /home/runner/work/key/key/key.core/../key.ui/examples/InformationFlow/NewObjects/object.ObjectOrientation(object.ObjectOrientation__if_two_object_creation_next()).JML operation contract.1.key 
43676      INFO  main            d.u.i.k.p.i.AbstractProblemLoader Loading environment from /home/runner/work/key/key/key.core/../key.ui/examples/InformationFlow/NewObjects/object.ObjectOrientation(object.ObjectOrientation__if_two_object_creation_next()).JML operation contract.1.key 
43676      DEBUG main            d.u.i.k.p.i.AbstractProblemLoader Environment load took 91.7ns 
43678      INFO  main            d.u.i.k.p.i.AbstractProblemLoader Creating init config 
44794      DEBUG main            d.u.i.k.j.r.ClassPreparationMethodBuilder clPrepBuilder: Inner Class detected. Reject building class initialisation methods. 
47026      DEBUG main            d.u.i.k.p.i.AbstractProblemLoader Init config took 3.35s 
47085      INFO  main            d.u.i.k.p.i.AbstractProblemLoader Replaying proof object.ObjectOrientation[object.ObjectOrientation::if_two_object_creation_next()].JML operation contract.1 
47089      DEBUG main            d.u.i.k.p.i.IntermediateProofReplayer Proof replay took 14.2ns 
48421      INFO  main            d.u.i.k.p.r.p.TestFile    ... finished proof: closed. 
48632      INFO  main            d.u.i.k.p.r.p.TestFile    Now processing file /home/runner/work/key/key/key.core/../key.ui/examples/InformationFlow/NewObjects/object.ObjectOrientation(object.ObjectOrientation__if_two_object_creation_next()).JML operation contract.0.key 
48633      INFO  main            d.u.i.k.p.i.AbstractProblemLoader Loading environment from /home/runner/work/key/key/key.core/../key.ui/examples/InformationFlow/NewObjects/object.ObjectOrientation(object.ObjectOrientation__if_two_object_creation_next()).JML operation contract.0.key 
48633      DEBUG main            d.u.i.k.p.i.AbstractProblemLoader Environment load took 347.4ns 
48635      INFO  main            d.u.i.k.p.i.AbstractProblemLoader Creating init config 
49671      DEBUG main            d.u.i.k.j.r.ClassPreparationMethodBuilder clPrepBuilder: Inner Class detected. Reject building class initialisation methods. 
52030      DEBUG main            d.u.i.k.p.i.AbstractProblemLoader Init config took 3.39s 
52090      INFO  main            d.u.i.k.p.i.AbstractProblemLoader Replaying proof object.ObjectOrientation[object.ObjectOrientation::if_two_object_creation_next()].JML operation contract.0 
52094      DEBUG main            d.u.i.k.p.i.IntermediateProofReplayer Proof replay took 15.4ns 
53302      INFO  main            d.u.i.k.p.r.p.TestFile    ... finished proof: closed. 
53512      INFO  main            d.u.i.k.p.r.p.TestFile    Now processing file /home/runner/work/key/key/key.core/../key.ui/examples/InformationFlow/NewObjects/object.ObjectOrientation(object.ObjectOrientation__secure_if_two_object_creation()).JML operation contract.0.key 
53513      INFO  main            d.u.i.k.p.i.AbstractProblemLoader Loading environment from /home/runner/work/key/key/key.core/../key.ui/examples/InformationFlow/NewObjects/object.ObjectOrientation(object.ObjectOrientation__secure_if_two_object_creation()).JML operation contract.0.key 
53513      DEBUG main            d.u.i.k.p.i.AbstractProblemLoader Environment load took 91.4ns 
53514      INFO  main            d.u.i.k.p.i.AbstractProblemLoader Creating init config 
54572      DEBUG main            d.u.i.k.j.r.ClassPreparationMethodBuilder clPrepBuilder: Inner Class detected. Reject building class initialisation methods. 
56908      DEBUG main            d.u.i.k.p.i.AbstractProblemLoader Init config took 3.39s 
56984      INFO  main            d.u.i.k.p.i.AbstractProblemLoader Replaying proof object.ObjectOrientation[object.ObjectOrientation::secure_if_two_object_creation()].JML operation contract.0 
56988      DEBUG main            d.u.i.k.p.i.IntermediateProofReplayer Proof replay took 17.3ns 
57997      INFO  main            d.u.i.k.p.r.p.TestFile    ... finished proof: closed. 
58291      INFO  main            d.u.i.k.p.r.p.TestFile    Now processing file /home/runner/work/key/key/key.core/../key.ui/examples/InformationFlow/NewObjects/object.ObjectOrientation(object.ObjectOrientation__insecure_two_object_creation()).JML operation contract.0.key 
58292      INFO  main            d.u.i.k.p.i.AbstractProblemLoader Loading environment from /home/runner/work/key/key/key.core/../key.ui/examples/InformationFlow/NewObjects/object.ObjectOrientation(object.ObjectOrientation__insecure_two_object_creation()).JML operation contract.0.key 
58292      DEBUG main            d.u.i.k.p.i.AbstractProblemLoader Environment load took 117.2ns 
58295      INFO  main            d.u.i.k.p.i.AbstractProblemLoader Creating init config 
59358      DEBUG main            d.u.i.k.j.r.ClassPreparationMethodBuilder clPrepBuilder: Inner Class detected. Reject building class initialisation methods. 
61789      DEBUG main            d.u.i.k.p.i.AbstractProblemLoader Init config took 3.49s 
61857      INFO  main            d.u.i.k.p.i.AbstractProblemLoader Replaying proof object.ObjectOrientation[object.ObjectOrientation::insecure_two_object_creation()].JML operation contract.0 
61861      DEBUG main            d.u.i.k.p.i.IntermediateProofReplayer Proof replay took 16.1ns 
62565      INFO  main            d.u.i.k.p.r.p.TestFile    ... finished proof: closed. 
62784      INFO  main            d.u.i.k.p.r.p.TestFile    Now processing file /home/runner/work/key/key/key.core/../key.ui/examples/InformationFlow/NewObjects/object.ObjectOrientation(object.ObjectOrientation__secure_two_object_creation()).JML normal_behavior operation contract.0.key 
62784      INFO  main            d.u.i.k.p.i.AbstractProblemLoader Loading environment from /home/runner/work/key/key/key.core/../key.ui/examples/InformationFlow/NewObjects/object.ObjectOrientation(object.ObjectOrientation__secure_two_object_creation()).JML normal_behavior operation contract.0.key 
62785      DEBUG main            d.u.i.k.p.i.AbstractProblemLoader Environment load took 88.9ns 
62788      INFO  main            d.u.i.k.p.i.AbstractProblemLoader Creating init config 
63822      DEBUG main            d.u.i.k.j.r.ClassPreparationMethodBuilder clPrepBuilder: Inner Class detected. Reject building class initialisation methods. 
66133      DEBUG main            d.u.i.k.p.i.AbstractProblemLoader Init config took 3.35s 
66192      INFO  main            d.u.i.k.p.i.AbstractProblemLoader Replaying proof object.ObjectOrientation[object.ObjectOrientation::secure_two_object_creation()].JML normal_behavior operation contract.0 
66196      DEBUG main            d.u.i.k.p.i.IntermediateProofReplayer Proof replay took 17ns 
66700      INFO  main            d.u.i.k.p.r.p.TestFile    ... finished proof: closed. 
66937      INFO  main            d.u.i.k.p.r.p.TestFile    Now processing file /home/runner/work/key/key/key.core/../key.ui/examples/InformationFlow/NewObjects/object.ObjectOrientation(object.ObjectOrientation__insecure_object_assignment()).JML operation contract.1.key 
66937      INFO  main            d.u.i.k.p.i.AbstractProblemLoader Loading environment from /home/runner/work/key/key/key.core/../key.ui/examples/InformationFlow/NewObjects/object.ObjectOrientation(object.ObjectOrientation__insecure_object_assignment()).JML operation contract.1.key 
66937      DEBUG main            d.u.i.k.p.i.AbstractProblemLoader Environment load took 106.7ns 
66938      INFO  main            d.u.i.k.p.i.AbstractProblemLoader Creating init config 
67952      DEBUG main            d.u.i.k.j.r.ClassPreparationMethodBuilder clPrepBuilder: Inner Class detected. Reject building class initialisation methods. 
70226      DEBUG main            d.u.i.k.p.i.AbstractProblemLoader Init config took 3.29s 
70275      INFO  main            d.u.i.k.p.i.AbstractProblemLoader Replaying proof object.ObjectOrientation[object.ObjectOrientation::insecure_object_assignment()].JML operation contract.1 
70277      DEBUG main            d.u.i.k.p.i.IntermediateProofReplayer Proof replay took 14.2ns 
70382      INFO  main            d.u.i.k.p.r.p.TestFile    ... finished proof: closed. 
70603      INFO  main            d.u.i.k.p.r.p.TestFile    Now processing file /home/runner/work/key/key/key.core/../key.ui/examples/InformationFlow/NewObjects/object.ObjectOrientation(object.ObjectOrientation__insecure_object_assignment()).JML operation contract.0.key 
70604      INFO  main            d.u.i.k.p.i.AbstractProblemLoader Loading environment from /home/runner/work/key/key/key.core/../key.ui/examples/InformationFlow/NewObjects/object.ObjectOrientation(object.ObjectOrientation__insecure_object_assignment()).JML operation contract.0.key 
70604      DEBUG main            d.u.i.k.p.i.AbstractProblemLoader Environment load took 82.9ns 
70605      INFO  main            d.u.i.k.p.i.AbstractProblemLoader Creating init config 
71632      DEBUG main            d.u.i.k.j.r.ClassPreparationMethodBuilder clPrepBuilder: Inner Class detected. Reject building class initialisation methods. 
73897      DEBUG main            d.u.i.k.p.i.AbstractProblemLoader Init config took 3.29s 
73945      INFO  main            d.u.i.k.p.i.AbstractProblemLoader Replaying proof object.ObjectOrientation[object.ObjectOrientation::insecure_object_assignment()].JML operation contract.0 
73948      DEBUG main            d.u.i.k.p.i.IntermediateProofReplayer Proof replay took 17.4ns 
74054      INFO  main            d.u.i.k.p.r.p.TestFile    ... finished proof: closed. 
74251      INFO  main            d.u.i.k.p.r.p.TestFile    Now processing file /home/runner/work/key/key/key.core/../key.ui/examples/InformationFlow/NewObjects/object.ObjectOrientation(object.ObjectOrientation__secure_object_creation_3()).JML operation contract.0.key 
74251      INFO  main            d.u.i.k.p.i.AbstractProblemLoader Loading environment from /home/runner/work/key/key/key.core/../key.ui/examples/InformationFlow/NewObjects/object.ObjectOrientation(object.ObjectOrientation__secure_object_creation_3()).JML operation contract.0.key 
74251      DEBUG main            d.u.i.k.p.i.AbstractProblemLoader Environment load took 98.5ns 
74253      INFO  main            d.u.i.k.p.i.AbstractProblemLoader Creating init config 
75282      DEBUG main            d.u.i.k.j.r.ClassPreparationMethodBuilder clPrepBuilder: Inner Class detected. Reject building class initialisation methods. 
77617      DEBUG main            d.u.i.k.p.i.AbstractProblemLoader Init config took 3.36s 
77669      INFO  main            d.u.i.k.p.i.AbstractProblemLoader Replaying proof object.ObjectOrientation[object.ObjectOrientation::secure_object_creation_3()].JML operation contract.0 
77672      DEBUG main            d.u.i.k.p.i.IntermediateProofReplayer Proof replay took 17.6ns 
77976      INFO  main            d.u.i.k.p.r.p.TestFile    ... finished proof: closed. 
78196      INFO  main            d.u.i.k.p.r.p.TestFile    Now processing file /home/runner/work/key/key/key.core/../key.ui/examples/InformationFlow/NewObjects/object.ObjectOrientation(object.ObjectOrientation__secure_object_creation_2()).JML operation contract.0.key 
78197      INFO  main            d.u.i.k.p.i.AbstractProblemLoader Loading environment from /home/runner/work/key/key/key.core/../key.ui/examples/InformationFlow/NewObjects/object.ObjectOrientation(object.ObjectOrientation__secure_object_creation_2()).JML operation contract.0.key 
78197      DEBUG main            d.u.i.k.p.i.AbstractProblemLoader Environment load took 103.1ns 
78198      INFO  main            d.u.i.k.p.i.AbstractProblemLoader Creating init config 
79247      DEBUG main            d.u.i.k.j.r.ClassPreparationMethodBuilder clPrepBuilder: Inner Class detected. Reject building class initialisation methods. 
81559      DEBUG main            d.u.i.k.p.i.AbstractProblemLoader Init config took 3.36s 
81626      INFO  main            d.u.i.k.p.i.AbstractProblemLoader Replaying proof object.ObjectOrientation[object.ObjectOrientation::secure_object_creation_2()].JML operation contract.0 
81629      DEBUG main            d.u.i.k.p.i.IntermediateProofReplayer Proof replay took 15.6ns 
81834      INFO  main            d.u.i.k.p.r.p.TestFile    ... finished proof: closed. 
82046      INFO  main            d.u.i.k.p.r.p.TestFile    Now processing file /home/runner/work/key/key/key.core/../key.ui/examples/InformationFlow/NewObjects/object.ObjectOrientation(object.ObjectOrientation__secure_object_creation()).JML operation contract.0.key 
82046      INFO  main            d.u.i.k.p.i.AbstractProblemLoader Loading environment from /home/runner/work/key/key/key.core/../key.ui/examples/InformationFlow/NewObjects/object.ObjectOrientation(object.ObjectOrientation__secure_object_creation()).JML operation contract.0.key 
82046      DEBUG main            d.u.i.k.p.i.AbstractProblemLoader Environment load took 123ns 
82047      INFO  main            d.u.i.k.p.i.AbstractProblemLoader Creating init config 
83052      DEBUG main            d.u.i.k.j.r.ClassPreparationMethodBuilder clPrepBuilder: Inner Class detected. Reject building class initialisation methods. 
85290      DEBUG main            d.u.i.k.p.i.AbstractProblemLoader Init config took 3.24s 
85338      INFO  main            d.u.i.k.p.i.AbstractProblemLoader Replaying proof object.ObjectOrientation[object.ObjectOrientation::secure_object_creation()].JML operation contract.0 
85341      DEBUG main            d.u.i.k.p.i.IntermediateProofReplayer Proof replay took 15.7ns 
85546      INFO  main            d.u.i.k.p.r.p.TestFile    ... finished proof: closed. 
85756      INFO  main            d.u.i.k.p.r.p.TestFile    Now processing file /home/runner/work/key/key/key.core/../key.ui/examples/InformationFlow/NewObjects/object.AmtoftBanerjee2(object.AmtoftBanerjee2__expensive(int)).JML accessible clause.0.key 
85757      INFO  main            d.u.i.k.p.i.AbstractProblemLoader Loading environment from /home/runner/work/key/key/key.core/../key.ui/examples/InformationFlow/NewObjects/object.AmtoftBanerjee2(object.AmtoftBanerjee2__expensive(int)).JML accessible clause.0.key 
85757      DEBUG main            d.u.i.k.p.i.AbstractProblemLoader Environment load took 143.1ns 
85758      INFO  main            d.u.i.k.p.i.AbstractProblemLoader Creating init config 
86753      DEBUG main            d.u.i.k.j.r.ClassPreparationMethodBuilder clPrepBuilder: Inner Class detected. Reject building class initialisation methods. 
88996      DEBUG main            d.u.i.k.p.i.AbstractProblemLoader Init config took 3.24s 
89048      INFO  main            d.u.i.k.p.i.AbstractProblemLoader Replaying proof object.AmtoftBanerjee2[object.AmtoftBanerjee2::expensive(int)].JML accessible clause.0 
89052      DEBUG main            d.u.i.k.p.i.IntermediateProofReplayer Proof replay took 16ns 
89154      INFO  main            d.u.i.k.p.r.p.TestFile    ... finished proof: closed. 
89382      INFO  main            d.u.i.k.p.r.p.TestFile    Now processing file /home/runner/work/key/key/key.core/../key.ui/examples/InformationFlow/NewObjects/object.AmtoftBanerjee2(object.AmtoftBanerjee2__expensive(int)).JML normal_behavior operation contract.0.key 
89382      INFO  main            d.u.i.k.p.i.AbstractProblemLoader Loading environment from /home/runner/work/key/key/key.core/../key.ui/examples/InformationFlow/NewObjects/object.AmtoftBanerjee2(object.AmtoftBanerjee2__expensive(int)).JML normal_behavior operation contract.0.key 
89382      DEBUG main            d.u.i.k.p.i.AbstractProblemLoader Environment load took 80.7ns 
89383      INFO  main            d.u.i.k.p.i.AbstractProblemLoader Creating init config 
90408      DEBUG main            d.u.i.k.j.r.ClassPreparationMethodBuilder clPrepBuilder: Inner Class detected. Reject building class initialisation methods. 
92685      DEBUG main            d.u.i.k.p.i.AbstractProblemLoader Init config took 3.3s 
92735      INFO  main            d.u.i.k.p.i.AbstractProblemLoader Replaying proof object.AmtoftBanerjee2[object.AmtoftBanerjee2::expensive(int)].JML normal_behavior operation contract.0 
92739      DEBUG main            d.u.i.k.p.i.IntermediateProofReplayer Proof replay took 15.7ns 
92845      INFO  main            d.u.i.k.p.r.p.TestFile    ... finished proof: closed. 
93081      INFO  main            d.u.i.k.p.r.p.TestFile    Now processing file /home/runner/work/key/key/key.core/../key.ui/examples/InformationFlow/NewObjects/object.AmtoftBanerjee2(object.AmtoftBanerjee2__cexp(int)).JML normal_behavior operation contract.0.key 
93082      INFO  main            d.u.i.k.p.i.AbstractProblemLoader Loading environment from /home/runner/work/key/key/key.core/../key.ui/examples/InformationFlow/NewObjects/object.AmtoftBanerjee2(object.AmtoftBanerjee2__cexp(int)).JML normal_behavior operation contract.0.key 
93082      DEBUG main            d.u.i.k.p.i.AbstractProblemLoader Environment load took 117ns 
93083      INFO  main            d.u.i.k.p.i.AbstractProblemLoader Creating init config 
94112      DEBUG main            d.u.i.k.j.r.ClassPreparationMethodBuilder clPrepBuilder: Inner Class detected. Reject building class initialisation methods. 
96401      DEBUG main            d.u.i.k.p.i.AbstractProblemLoader Init config took 3.32s 
96449      INFO  main            d.u.i.k.p.i.AbstractProblemLoader Replaying proof object.AmtoftBanerjee2[object.AmtoftBanerjee2::cexp(int)].JML normal_behavior operation contract.0 
96452      DEBUG main            d.u.i.k.p.i.IntermediateProofReplayer Proof replay took 15ns 
96858      INFO  main            d.u.i.k.p.r.p.TestFile    ... finished proof: closed. 
97106      INFO  main            d.u.i.k.p.r.p.TestFile    Now processing file /home/runner/work/key/key/key.core/../key.ui/examples/InformationFlow/PasswordFile/passwordfile.SecurePasswordFile(passwordfile.SecurePasswordFile___userIndex()).JML accessible clause.0.key 
97106      INFO  main            d.u.i.k.p.i.AbstractProblemLoader Loading environment from /home/runner/work/key/key/key.core/../key.ui/examples/InformationFlow/PasswordFile/passwordfile.SecurePasswordFile(passwordfile.SecurePasswordFile___userIndex()).JML accessible clause.0.key 
97106      DEBUG main            d.u.i.k.p.i.AbstractProblemLoader Environment load took 109.1ns 
97108      INFO  main            d.u.i.k.p.i.AbstractProblemLoader Creating init config 
100271     DEBUG main            d.u.i.k.p.i.AbstractProblemLoader Init config took 3.16s 
100316     INFO  main            d.u.i.k.p.i.AbstractProblemLoader Replaying proof passwordfile.SecurePasswordFile[passwordfile.SecurePasswordFile::$userIndex()].JML accessible clause.0 
100319     DEBUG main            d.u.i.k.p.i.IntermediateProofReplayer Proof replay took 15.9ns 
100522     INFO  main            d.u.i.k.p.r.p.TestFile    ... finished proof: open goal(s) 
687306     INFO  Test worker     d.u.i.k.p.r.RunAllProofsTestUnit Returning from test NewObjects 
687307     INFO  Test worker     d.u.i.k.p.r.RunAllProofsTestUnit Running test SimpleEvoting 
513        INFO  Timeout watchdog d.u.i.k.p.r.p.ForkedTestFileRunner Timeout watcher launched (1000 secs.) 
518        WARN  main            d.u.i.k.s.ProofSettings   The settings in /home/runner/.key/proof-settings.props are *not* read. 
548        INFO  main            d.u.i.k.p.r.p.TestFile    Now processing file /home/runner/work/key/key/key.core/../key.ui/examples/InformationFlow/SimpleEvoting/simple_evoting.Environment(simple_evoting.Environment__untrustedOutputMessage((B)).JML normal_behavior operation contract.0.key 
686        INFO  main            d.u.i.k.p.i.AbstractProblemLoader Loading environment from /home/runner/work/key/key/key.core/../key.ui/examples/InformationFlow/SimpleEvoting/simple_evoting.Environment(simple_evoting.Environment__untrustedOutputMessage((B)).JML normal_behavior operation contract.0.key 
711        DEBUG main            d.u.i.k.p.i.AbstractProblemLoader Environment load took 2.55ms 
1011       INFO  main            d.u.i.k.p.i.AbstractProblemLoader Creating init config 
2169       DEBUG main            d.u.i.k.j.TypeConverter   No LDT found for Meta 
2170       DEBUG main            d.u.i.k.j.TypeConverter   No LDT found for Meta 
2174       DEBUG main            d.u.i.k.j.TypeConverter   No LDT found for Meta 
2175       DEBUG main            d.u.i.k.j.TypeConverter   No LDT found for Meta 
3909       DEBUG main            d.u.i.k.j.TypeConverter   No LDT found for JavaBigintExpression 
11263      DEBUG main            d.u.i.k.p.i.AbstractProblemLoader Init config took 10.25s 
11515      INFO  main            d.u.i.k.p.i.AbstractProblemLoader Replaying proof simple_evoting.Environment[simple_evoting.Environment::untrustedOutputMessage([B)].JML normal_behavior operation contract.0 
11633      DEBUG main            d.u.i.k.p.i.IntermediateProofReplayer Proof replay took 434.8ns 
13393      INFO  main            d.u.i.k.p.r.p.TestFile    ... finished proof: closed. 
13565      INFO  main            d.u.i.k.p.r.p.TestFile    Now processing file /home/runner/work/key/key/key.core/../key.ui/examples/InformationFlow/SimpleEvoting/simple_evoting.Environment(simple_evoting.Environment__untrustedInputMessage((B)).JML normal_behavior operation contract.0.key 
13565      INFO  main            d.u.i.k.p.i.AbstractProblemLoader Loading environment from /home/runner/work/key/key/key.core/../key.ui/examples/InformationFlow/SimpleEvoting/simple_evoting.Environment(simple_evoting.Environment__untrustedInputMessage((B)).JML normal_behavior operation contract.0.key 
13566      DEBUG main            d.u.i.k.p.i.AbstractProblemLoader Environment load took 168.4ns 
13568      INFO  main            d.u.i.k.p.i.AbstractProblemLoader Creating init config 
17993      DEBUG main            d.u.i.k.p.i.AbstractProblemLoader Init config took 4.42s 
18106      INFO  main            d.u.i.k.p.i.AbstractProblemLoader Replaying proof simple_evoting.Environment[simple_evoting.Environment::untrustedInputMessage([B)].JML normal_behavior operation contract.0 
18116      DEBUG main            d.u.i.k.p.i.IntermediateProofReplayer Proof replay took 58.5ns 
19030      INFO  main            d.u.i.k.p.r.p.TestFile    ... finished proof: closed. 
19233      INFO  main            d.u.i.k.p.r.p.TestFile    Now processing file /home/runner/work/key/key/key.core/../key.ui/examples/InformationFlow/SimpleEvoting/simple_evoting.Environment(simple_evoting.Environment__untrustedInputMessage()).JML normal_behavior operation contract.0.key 
19234      INFO  main            d.u.i.k.p.i.AbstractProblemLoader Loading environment from /home/runner/work/key/key/key.core/../key.ui/examples/InformationFlow/SimpleEvoting/simple_evoting.Environment(simple_evoting.Environment__untrustedInputMessage()).JML normal_behavior operation contract.0.key 
19234      DEBUG main            d.u.i.k.p.i.AbstractProblemLoader Environment load took 87.3ns 
19238      INFO  main            d.u.i.k.p.i.AbstractProblemLoader Creating init config 
23298      DEBUG main            d.u.i.k.p.i.AbstractProblemLoader Init config took 4.06s 
23408      INFO  main            d.u.i.k.p.i.AbstractProblemLoader Replaying proof simple_evoting.Environment[simple_evoting.Environment::untrustedInputMessage()].JML normal_behavior operation contract.0 
23415      DEBUG main            d.u.i.k.p.i.IntermediateProofReplayer Proof replay took 14.9ns 
25428      INFO  main            d.u.i.k.p.r.p.TestFile    ... finished proof: closed. 
25612      INFO  main            d.u.i.k.p.r.p.TestFile    Now processing file /home/runner/work/key/key/key.core/../key.ui/examples/InformationFlow/SimpleEvoting/simple_evoting.Environment(simple_evoting.Environment__untrustedOutput(int)).JML normal_behavior operation contract.0.key 
25614      INFO  main            d.u.i.k.p.i.AbstractProblemLoader Loading environment from /home/runner/work/key/key/key.core/../key.ui/examples/InformationFlow/SimpleEvoting/simple_evoting.Environment(simple_evoting.Environment__untrustedOutput(int)).JML normal_behavior operation contract.0.key 
25614      DEBUG main            d.u.i.k.p.i.AbstractProblemLoader Environment load took 129.8ns 
25616      INFO  main            d.u.i.k.p.i.AbstractProblemLoader Creating init config 
29601      DEBUG main            d.u.i.k.p.i.AbstractProblemLoader Init config took 3.99s 
29680      INFO  main            d.u.i.k.p.i.AbstractProblemLoader Replaying proof simple_evoting.Environment[simple_evoting.Environment::untrustedOutput(int)].JML normal_behavior operation contract.0 
29684      DEBUG main            d.u.i.k.p.i.IntermediateProofReplayer Proof replay took 13.9ns 
29790      INFO  main            d.u.i.k.p.r.p.TestFile    ... finished proof: closed. 
30009      INFO  main            d.u.i.k.p.r.p.TestFile    Now processing file /home/runner/work/key/key/key.core/../key.ui/examples/InformationFlow/SimpleEvoting/simple_evoting.Environment(simple_evoting.Environment__untrustedInput(int)).JML normal_behavior operation contract.0.key 
30010      INFO  main            d.u.i.k.p.i.AbstractProblemLoader Loading environment from /home/runner/work/key/key/key.core/../key.ui/examples/InformationFlow/SimpleEvoting/simple_evoting.Environment(simple_evoting.Environment__untrustedInput(int)).JML normal_behavior operation contract.0.key 
30010      DEBUG main            d.u.i.k.p.i.AbstractProblemLoader Environment load took 93.9ns 
30011      INFO  main            d.u.i.k.p.i.AbstractProblemLoader Creating init config 
33880      DEBUG main            d.u.i.k.p.i.AbstractProblemLoader Init config took 3.87s 
33954      INFO  main            d.u.i.k.p.i.AbstractProblemLoader Replaying proof simple_evoting.Environment[simple_evoting.Environment::untrustedInput(int)].JML normal_behavior operation contract.0 
33962      DEBUG main            d.u.i.k.p.i.IntermediateProofReplayer Proof replay took 50ns 
34077      INFO  main            d.u.i.k.p.r.p.TestFile    ... finished proof: open goal(s) 
34238      INFO  main            d.u.i.k.p.r.p.TestFile    Now processing file /home/runner/work/key/key/key.core/../key.ui/examples/InformationFlow/SimpleEvoting/simple_evoting.Environment(simple_evoting.Environment__untrustedInput()).JML normal_behavior operation contract.0.key 
34239      INFO  main            d.u.i.k.p.i.AbstractProblemLoader Loading environment from /home/runner/work/key/key/key.core/../key.ui/examples/InformationFlow/SimpleEvoting/simple_evoting.Environment(simple_evoting.Environment__untrustedInput()).JML normal_behavior operation contract.0.key 
34239      DEBUG main            d.u.i.k.p.i.AbstractProblemLoader Environment load took 302.1ns 
34243      INFO  main            d.u.i.k.p.i.AbstractProblemLoader Creating init config 
38168      DEBUG main            d.u.i.k.p.i.AbstractProblemLoader Init config took 3.92s 
38241      INFO  main            d.u.i.k.p.i.AbstractProblemLoader Replaying proof simple_evoting.Environment[simple_evoting.Environment::untrustedInput()].JML normal_behavior operation contract.0 
38245      DEBUG main            d.u.i.k.p.i.IntermediateProofReplayer Proof replay took 14.6ns 
38348      INFO  main            d.u.i.k.p.r.p.TestFile    ... finished proof: open goal(s) 
38521      INFO  main            d.u.i.k.p.r.p.TestFile    Now processing file /home/runner/work/key/key/key.core/../key.ui/examples/InformationFlow/SimpleEvoting/simple_evoting.Environment(simple_evoting.Environment___rep()).JML accessible clause.0.key 
38522      INFO  main            d.u.i.k.p.i.AbstractProblemLoader Loading environment from /home/runner/work/key/key/key.core/../key.ui/examples/InformationFlow/SimpleEvoting/simple_evoting.Environment(simple_evoting.Environment___rep()).JML accessible clause.0.key 
38522      DEBUG main            d.u.i.k.p.i.AbstractProblemLoader Environment load took 83.6ns 
38523      INFO  main            d.u.i.k.p.i.AbstractProblemLoader Creating init config 
42451      DEBUG main            d.u.i.k.p.i.AbstractProblemLoader Init config took 3.93s 
42523      INFO  main            d.u.i.k.p.i.AbstractProblemLoader Replaying proof simple_evoting.Environment[simple_evoting.Environment::$rep()].JML accessible clause.0 
42526      DEBUG main            d.u.i.k.p.i.IntermediateProofReplayer Proof replay took 15.3ns 
42629      INFO  main            d.u.i.k.p.r.p.TestFile    ... finished proof: closed. 
42814      INFO  main            d.u.i.k.p.r.p.TestFile    Now processing file /home/runner/work/key/key/key.core/../key.ui/examples/InformationFlow/SimpleEvoting/simple_evoting.SMT(simple_evoting.SMT__send(simple_evoting.Message,int,simple_evoting.Server)).JML normal_behavior operation contract.1.key 
42816      INFO  main            d.u.i.k.p.i.AbstractProblemLoader Loading environment from /home/runner/work/key/key/key.core/../key.ui/examples/InformationFlow/SimpleEvoting/simple_evoting.SMT(simple_evoting.SMT__send(simple_evoting.Message,int,simple_evoting.Server)).JML normal_behavior operation contract.1.key 
42816      DEBUG main            d.u.i.k.p.i.AbstractProblemLoader Environment load took 111.4ns 
42819      INFO  main            d.u.i.k.p.i.AbstractProblemLoader Creating init config 
46687      DEBUG main            d.u.i.k.p.i.AbstractProblemLoader Init config took 3.87s 
46763      INFO  main            d.u.i.k.p.i.AbstractProblemLoader Replaying proof simple_evoting.SMT[simple_evoting.SMT::send(simple_evoting.Message,int,simple_evoting.Server)].JML normal_behavior operation contract.1 
46769      DEBUG main            d.u.i.k.p.i.IntermediateProofReplayer Proof replay took 17.1ns 
59324      INFO  main            d.u.i.k.p.r.p.TestFile    ... finished proof: closed. 
59572      INFO  main            d.u.i.k.p.r.p.TestFile    Now processing file /home/runner/work/key/key/key.core/../key.ui/examples/InformationFlow/SimpleEvoting/simple_evoting.SMT(simple_evoting.SMT__send(simple_evoting.Message,int,simple_evoting.Server)).JML normal_behavior operation contract.0.key 
59573      INFO  main            d.u.i.k.p.i.AbstractProblemLoader Loading environment from /home/runner/work/key/key/key.core/../key.ui/examples/InformationFlow/SimpleEvoting/simple_evoting.SMT(simple_evoting.SMT__send(simple_evoting.Message,int,simple_evoting.Server)).JML normal_behavior operation contract.0.key 
59573      DEBUG main            d.u.i.k.p.i.AbstractProblemLoader Environment load took 100.3ns 
59574      INFO  main            d.u.i.k.p.i.AbstractProblemLoader Creating init config 
63344      DEBUG main            d.u.i.k.p.i.AbstractProblemLoader Init config took 3.77s 
63414      INFO  main            d.u.i.k.p.i.AbstractProblemLoader Replaying proof simple_evoting.SMT[simple_evoting.SMT::send(simple_evoting.Message,int,simple_evoting.Server)].JML normal_behavior operation contract.0 
63418      DEBUG main            d.u.i.k.p.i.IntermediateProofReplayer Proof replay took 15.4ns 
74995      INFO  main            d.u.i.k.p.r.p.TestFile    ... finished proof: closed. 
75250      INFO  main            d.u.i.k.p.r.p.TestFile    Now processing file /home/runner/work/key/key/key.core/../key.ui/examples/InformationFlow/SimpleEvoting/simple_evoting.Message(java.lang.Object___inv_()).JML accessible clause.0.key 
75250      INFO  main            d.u.i.k.p.i.AbstractProblemLoader Loading environment from /home/runner/work/key/key/key.core/../key.ui/examples/InformationFlow/SimpleEvoting/simple_evoting.Message(java.lang.Object___inv_()).JML accessible clause.0.key 
75251      DEBUG main            d.u.i.k.p.i.AbstractProblemLoader Environment load took 1.3ms 
75253      INFO  main            d.u.i.k.p.i.AbstractProblemLoader Creating init config 
79067      DEBUG main            d.u.i.k.p.i.AbstractProblemLoader Init config took 3.81s 
79150      INFO  main            d.u.i.k.p.i.AbstractProblemLoader Replaying proof simple_evoting.Message[java.lang.Object::<inv>()].JML accessible clause.0 
79159      DEBUG main            d.u.i.k.p.i.IntermediateProofReplayer Proof replay took 16.7ns 
79462      INFO  main            d.u.i.k.p.r.p.TestFile    ... finished proof: closed. 
79664      INFO  main            d.u.i.k.p.r.p.TestFile    Now processing file /home/runner/work/key/key/key.core/../key.ui/examples/InformationFlow/SimpleEvoting/simple_evoting.Server(simple_evoting.Server__resultReady()).JML accessible clause.0.key 
79665      INFO  main            d.u.i.k.p.i.AbstractProblemLoader Loading environment from /home/runner/work/key/key/key.core/../key.ui/examples/InformationFlow/SimpleEvoting/simple_evoting.Server(simple_evoting.Server__resultReady()).JML accessible clause.0.key 
79665      DEBUG main            d.u.i.k.p.i.AbstractProblemLoader Environment load took 83.8ns 
79667      INFO  main            d.u.i.k.p.i.AbstractProblemLoader Creating init config 
83474      DEBUG main            d.u.i.k.p.i.AbstractProblemLoader Init config took 3.81s 
83540      INFO  main            d.u.i.k.p.i.AbstractProblemLoader Replaying proof simple_evoting.Server[simple_evoting.Server::resultReady()].JML accessible clause.0 
83544      DEBUG main            d.u.i.k.p.i.IntermediateProofReplayer Proof replay took 36.9ns 
85410      INFO  main            d.u.i.k.p.r.p.TestFile    ... finished proof: closed. 
85630      INFO  main            d.u.i.k.p.r.p.TestFile    Now processing file /home/runner/work/key/key/key.core/../key.ui/examples/InformationFlow/SimpleEvoting/simple_evoting.Server(simple_evoting.Server__resultReady()).JML normal_behavior operation contract.0.key 
85631      INFO  main            d.u.i.k.p.i.AbstractProblemLoader Loading environment from /home/runner/work/key/key/key.core/../key.ui/examples/InformationFlow/SimpleEvoting/simple_evoting.Server(simple_evoting.Server__resultReady()).JML normal_behavior operation contract.0.key 
85631      DEBUG main            d.u.i.k.p.i.AbstractProblemLoader Environment load took 92.2ns 
85634      INFO  main            d.u.i.k.p.i.AbstractProblemLoader Creating init config 
89372      DEBUG main            d.u.i.k.p.i.AbstractProblemLoader Init config took 3.74s 
89443      INFO  main            d.u.i.k.p.i.AbstractProblemLoader Replaying proof simple_evoting.Server[simple_evoting.Server::resultReady()].JML normal_behavior operation contract.0 
89449      DEBUG main            d.u.i.k.p.i.IntermediateProofReplayer Proof replay took 15.6ns 
90354      INFO  main            d.u.i.k.p.r.p.TestFile    ... finished proof: closed. 
90577      INFO  main            d.u.i.k.p.r.p.TestFile    Now processing file /home/runner/work/key/key/key.core/../key.ui/examples/InformationFlow/SimpleEvoting/simple_evoting.Server(simple_evoting.Server__onSendResult()).JML normal_behavior operation contract.0.key 
90577      INFO  main            d.u.i.k.p.i.AbstractProblemLoader Loading environment from /home/runner/work/key/key/key.core/../key.ui/examples/InformationFlow/SimpleEvoting/simple_evoting.Server(simple_evoting.Server__onSendResult()).JML normal_behavior operation contract.0.key 
90578      DEBUG main            d.u.i.k.p.i.AbstractProblemLoader Environment load took 277.3ns 
90579      INFO  main            d.u.i.k.p.i.AbstractProblemLoader Creating init config 
94279      DEBUG main            d.u.i.k.p.i.AbstractProblemLoader Init config took 3.7s 
94342      INFO  main            d.u.i.k.p.i.AbstractProblemLoader Replaying proof simple_evoting.Server[simple_evoting.Server::onSendResult()].JML normal_behavior operation contract.0 
94346      DEBUG main            d.u.i.k.p.i.IntermediateProofReplayer Proof replay took 16.7ns 
94650      INFO  main            d.u.i.k.p.r.p.TestFile    ... finished proof: closed. 
94859      INFO  main            d.u.i.k.p.r.p.TestFile    Now processing file /home/runner/work/key/key/key.core/../key.ui/examples/InformationFlow/SimpleEvoting/simple_evoting.Server(simple_evoting.Server__onCollectBallot(simple_evoting.Message)).JML normal_behavior operation contract.1.key 
94860      INFO  main            d.u.i.k.p.i.AbstractProblemLoader Loading environment from /home/runner/work/key/key/key.core/../key.ui/examples/InformationFlow/SimpleEvoting/simple_evoting.Server(simple_evoting.Server__onCollectBallot(simple_evoting.Message)).JML normal_behavior operation contract.1.key 
94860      DEBUG main            d.u.i.k.p.i.AbstractProblemLoader Environment load took 98ns 
94861      INFO  main            d.u.i.k.p.i.AbstractProblemLoader Creating init config 
98621      DEBUG main            d.u.i.k.p.i.AbstractProblemLoader Init config took 3.76s 
98691      INFO  main            d.u.i.k.p.i.AbstractProblemLoader Replaying proof simple_evoting.Server[simple_evoting.Server::onCollectBallot(simple_evoting.Message)].JML normal_behavior operation contract.1 
98698      DEBUG main            d.u.i.k.p.i.IntermediateProofReplayer Proof replay took 18ns 
99001      INFO  main            d.u.i.k.p.r.p.TestFile    ... finished proof: closed. 
99212      INFO  main            d.u.i.k.p.r.p.TestFile    Now processing file /home/runner/work/key/key/key.core/../key.ui/examples/InformationFlow/SimpleEvoting/simple_evoting.Server(simple_evoting.Server__onCollectBallot(simple_evoting.Message)).JML normal_behavior operation contract.0.key 
99212      INFO  main            d.u.i.k.p.i.AbstractProblemLoader Loading environment from /home/runner/work/key/key/key.core/../key.ui/examples/InformationFlow/SimpleEvoting/simple_evoting.Server(simple_evoting.Server__onCollectBallot(simple_evoting.Message)).JML normal_behavior operation contract.0.key 
99212      DEBUG main            d.u.i.k.p.i.AbstractProblemLoader Environment load took 184.1ns 
99214      INFO  main            d.u.i.k.p.i.AbstractProblemLoader Creating init config 
102991     DEBUG main            d.u.i.k.p.i.AbstractProblemLoader Init config took 3.78s 
103069     INFO  main            d.u.i.k.p.i.AbstractProblemLoader Replaying proof simple_evoting.Server[simple_evoting.Server::onCollectBallot(simple_evoting.Message)].JML normal_behavior operation contract.0 
103073     DEBUG main            d.u.i.k.p.i.IntermediateProofReplayer Proof replay took 17.7ns 
103976     INFO  main            d.u.i.k.p.r.p.TestFile    ... finished proof: closed. 
104202     INFO  main            d.u.i.k.p.r.p.TestFile    Now processing file /home/runner/work/key/key/key.core/../key.ui/examples/InformationFlow/SimpleEvoting/simple_evoting.Server(java.lang.Object___inv_()).JML accessible clause.0.key 
104202     INFO  main            d.u.i.k.p.i.AbstractProblemLoader Loading environment from /home/runner/work/key/key/key.core/../key.ui/examples/InformationFlow/SimpleEvoting/simple_evoting.Server(java.lang.Object___inv_()).JML accessible clause.0.key 
104202     DEBUG main            d.u.i.k.p.i.AbstractProblemLoader Environment load took 83ns 
104203     INFO  main            d.u.i.k.p.i.AbstractProblemLoader Creating init config 
107899     DEBUG main            d.u.i.k.p.i.AbstractProblemLoader Init config took 3.7s 
107974     INFO  main            d.u.i.k.p.i.AbstractProblemLoader Replaying proof simple_evoting.Server[java.lang.Object::<inv>()].JML accessible clause.0 
107976     DEBUG main            d.u.i.k.p.i.IntermediateProofReplayer Proof replay took 15.7ns 
108182     INFO  main            d.u.i.k.p.r.p.TestFile    ... finished proof: closed. 
108414     INFO  main            d.u.i.k.p.r.p.TestFile    Now processing file /home/runner/work/key/key/key.core/../key.ui/examples/InformationFlow/SimpleEvoting/simple_evoting.SMTEnv(simple_evoting.SMTEnv__send(int,int,int,simple_evoting.Server,int)).JML normal_behavior operation contract.0.key 
108415     INFO  main            d.u.i.k.p.i.AbstractProblemLoader Loading environment from /home/runner/work/key/key/key.core/../key.ui/examples/InformationFlow/SimpleEvoting/simple_evoting.SMTEnv(simple_evoting.SMTEnv__send(int,int,int,simple_evoting.Server,int)).JML normal_behavior operation contract.0.key 
108415     DEBUG main            d.u.i.k.p.i.AbstractProblemLoader Environment load took 76.8ns 
108416     INFO  main            d.u.i.k.p.i.AbstractProblemLoader Creating init config 
112167     DEBUG main            d.u.i.k.p.i.AbstractProblemLoader Init config took 3.75s 
112227     INFO  main            d.u.i.k.p.i.AbstractProblemLoader Replaying proof simple_evoting.SMTEnv[simple_evoting.SMTEnv::send(int,int,int,simple_evoting.Server,int)].JML normal_behavior operation contract.0 
112230     DEBUG main            d.u.i.k.p.i.IntermediateProofReplayer Proof replay took 16.6ns 
112635     INFO  main            d.u.i.k.p.r.p.TestFile    ... finished proof: closed. 
112879     INFO  main            d.u.i.k.p.r.p.TestFile    Now processing file /home/runner/work/key/key/key.core/../key.ui/examples/InformationFlow/SimpleEvoting/simple_evoting.NetworkClient(simple_evoting.NetworkClient__send((B,simple_evoting.Server,int)).JML normal_behavior operation contract.0.key 
112879     INFO  main            d.u.i.k.p.i.AbstractProblemLoader Loading environment from /home/runner/work/key/key/key.core/../key.ui/examples/InformationFlow/SimpleEvoting/simple_evoting.NetworkClient(simple_evoting.NetworkClient__send((B,simple_evoting.Server,int)).JML normal_behavior operation contract.0.key 
112879     DEBUG main            d.u.i.k.p.i.AbstractProblemLoader Environment load took 89.6ns 
112880     INFO  main            d.u.i.k.p.i.AbstractProblemLoader Creating init config 
116591     DEBUG main            d.u.i.k.p.i.AbstractProblemLoader Init config took 3.71s 
116649     INFO  main            d.u.i.k.p.i.AbstractProblemLoader Replaying proof simple_evoting.NetworkClient[simple_evoting.NetworkClient::send([B,simple_evoting.Server,int)].JML normal_behavior operation contract.0 
116653     DEBUG main            d.u.i.k.p.i.IntermediateProofReplayer Proof replay took 16.1ns 
116856     INFO  main            d.u.i.k.p.r.p.TestFile    ... finished proof: closed. 
117088     INFO  main            d.u.i.k.p.r.p.TestFile    Now processing file /home/runner/work/key/key/key.core/../key.ui/examples/InformationFlow/SimpleEvoting/simple_evoting.Setup(simple_evoting.Setup__publishResult()).JML normal_behavior operation contract.0.key 
117088     INFO  main            d.u.i.k.p.i.AbstractProblemLoader Loading environment from /home/runner/work/key/key/key.core/../key.ui/examples/InformationFlow/SimpleEvoting/simple_evoting.Setup(simple_evoting.Setup__publishResult()).JML normal_behavior operation contract.0.key 
117088     DEBUG main            d.u.i.k.p.i.AbstractProblemLoader Environment load took 82.7ns 
117090     INFO  main            d.u.i.k.p.i.AbstractProblemLoader Creating init config 
120807     DEBUG main            d.u.i.k.p.i.AbstractProblemLoader Init config took 3.72s 
120887     INFO  main            d.u.i.k.p.i.AbstractProblemLoader Replaying proof simple_evoting.Setup[simple_evoting.Setup::publishResult()].JML normal_behavior operation contract.0 
120891     DEBUG main            d.u.i.k.p.i.IntermediateProofReplayer Proof replay took 17.6ns 
121695     INFO  main            d.u.i.k.p.r.p.TestFile    ... finished proof: closed. 
121941     INFO  main            d.u.i.k.p.r.p.TestFile    Now processing file /home/runner/work/key/key/key.core/../key.ui/examples/InformationFlow/SimpleEvoting/simple_evoting.Setup(simple_evoting.Setup__main()).JML normal_behavior operation contract.0.key 
121944     INFO  main            d.u.i.k.p.i.AbstractProblemLoader Loading environment from /home/runner/work/key/key/key.core/../key.ui/examples/InformationFlow/SimpleEvoting/simple_evoting.Setup(simple_evoting.Setup__main()).JML normal_behavior operation contract.0.key 
121944     DEBUG main            d.u.i.k.p.i.AbstractProblemLoader Environment load took 99.1ns 
121946     INFO  main            d.u.i.k.p.i.AbstractProblemLoader Creating init config 
125536     DEBUG main            d.u.i.k.p.i.AbstractProblemLoader Init config took 3.59s 
125597     INFO  main            d.u.i.k.p.i.AbstractProblemLoader Replaying proof simple_evoting.Setup[simple_evoting.Setup::main()].JML normal_behavior operation contract.0 
125600     DEBUG main            d.u.i.k.p.i.IntermediateProofReplayer Proof replay took 16.1ns 
170981     INFO  main            d.u.i.k.p.r.p.TestFile    ... finished proof: open goal(s) 
171318     INFO  main            d.u.i.k.p.r.p.TestFile    Now processing file /home/runner/work/key/key/key.core/../key.ui/examples/InformationFlow/SimpleEvoting/simple_evoting.Setup(java.lang.Object___inv_()).JML accessible clause.0.key 
171318     INFO  main            d.u.i.k.p.i.AbstractProblemLoader Loading environment from /home/runner/work/key/key/key.core/../key.ui/examples/InformationFlow/SimpleEvoting/simple_evoting.Setup(java.lang.Object___inv_()).JML accessible clause.0.key 
171319     DEBUG main            d.u.i.k.p.i.AbstractProblemLoader Environment load took 85.1ns 
171320     INFO  main            d.u.i.k.p.i.AbstractProblemLoader Creating init config 
175038     DEBUG main            d.u.i.k.p.i.AbstractProblemLoader Init config took 3.72s 
175099     INFO  main            d.u.i.k.p.i.AbstractProblemLoader Replaying proof simple_evoting.Setup[java.lang.Object::<inv>()].JML accessible clause.0 
175102     DEBUG main            d.u.i.k.p.i.IntermediateProofReplayer Proof replay took 15.1ns 
180012     INFO  main            d.u.i.k.p.r.p.TestFile    ... finished proof: closed. 
180417     INFO  main            d.u.i.k.p.r.p.TestFile    Now processing file /home/runner/work/key/key/key.core/../key.ui/examples/InformationFlow/SimpleEvoting/simple_evoting.Voter(simple_evoting.Voter__onSendBallot(simple_evoting.Server)).JML normal_behavior operation contract.1.key 
180419     INFO  main            d.u.i.k.p.i.AbstractProblemLoader Loading environment from /home/runner/work/key/key/key.core/../key.ui/examples/InformationFlow/SimpleEvoting/simple_evoting.Voter(simple_evoting.Voter__onSendBallot(simple_evoting.Server)).JML normal_behavior operation contract.1.key 
180419     DEBUG main            d.u.i.k.p.i.AbstractProblemLoader Environment load took 203.9ns 
180420     INFO  main            d.u.i.k.p.i.AbstractProblemLoader Creating init config 
184064     DEBUG main            d.u.i.k.p.i.AbstractProblemLoader Init config took 3.64s 
184123     INFO  main            d.u.i.k.p.i.AbstractProblemLoader Replaying proof simple_evoting.Voter[simple_evoting.Voter::onSendBallot(simple_evoting.Server)].JML normal_behavior operation contract.1 
184128     DEBUG main            d.u.i.k.p.i.IntermediateProofReplayer Proof replay took 17ns 
189778     INFO  main            d.u.i.k.p.r.p.TestFile    ... finished proof: closed. 
190087     INFO  main            d.u.i.k.p.r.p.TestFile    Now processing file /home/runner/work/key/key/key.core/../key.ui/examples/InformationFlow/SimpleEvoting/simple_evoting.Voter(simple_evoting.Voter__onSendBallot(simple_evoting.Server)).JML normal_behavior operation contract.0.key 
190087     INFO  main            d.u.i.k.p.i.AbstractProblemLoader Loading environment from /home/runner/work/key/key/key.core/../key.ui/examples/InformationFlow/SimpleEvoting/simple_evoting.Voter(simple_evoting.Voter__onSendBallot(simple_evoting.Server)).JML normal_behavior operation contract.0.key 
190087     DEBUG main            d.u.i.k.p.i.AbstractProblemLoader Environment load took 104.6ns 
190088     INFO  main            d.u.i.k.p.i.AbstractProblemLoader Creating init config 
193715     DEBUG main            d.u.i.k.p.i.AbstractProblemLoader Init config took 3.63s 
193776     INFO  main            d.u.i.k.p.i.AbstractProblemLoader Replaying proof simple_evoting.Voter[simple_evoting.Voter::onSendBallot(simple_evoting.Server)].JML normal_behavior operation contract.0 
193781     DEBUG main            d.u.i.k.p.i.IntermediateProofReplayer Proof replay took 15.3ns 
203346     INFO  main            d.u.i.k.p.r.p.TestFile    ... finished proof: closed. 
203677     INFO  main            d.u.i.k.p.r.p.TestFile    Now processing file /home/runner/work/key/key/key.core/../key.ui/examples/InformationFlow/SimpleEvoting/simple_evoting.Voter(java.lang.Object___inv_()).JML accessible clause.0.key 
203679     INFO  main            d.u.i.k.p.i.AbstractProblemLoader Loading environment from /home/runner/work/key/key/key.core/../key.ui/examples/InformationFlow/SimpleEvoting/simple_evoting.Voter(java.lang.Object___inv_()).JML accessible clause.0.key 
203679     DEBUG main            d.u.i.k.p.i.AbstractProblemLoader Environment load took 168.7ns 
203681     INFO  main            d.u.i.k.p.i.AbstractProblemLoader Creating init config 
207316     DEBUG main            d.u.i.k.p.i.AbstractProblemLoader Init config took 3.64s 
207372     INFO  main            d.u.i.k.p.i.AbstractProblemLoader Replaying proof simple_evoting.Voter[java.lang.Object::<inv>()].JML accessible clause.0 
207375     DEBUG main            d.u.i.k.p.i.IntermediateProofReplayer Proof replay took 15.4ns 
207586     INFO  main            d.u.i.k.p.r.p.TestFile    ... finished proof: closed. 
895376     INFO  Test worker     d.u.i.k.p.r.RunAllProofsTestUnit Returning from test SimpleEvoting 
895378     INFO  Test worker     d.u.i.k.p.r.RunAllProofsTestUnit Running test ToyVoting_nomacro 
467        INFO  Timeout watchdog d.u.i.k.p.r.p.ForkedTestFileRunner Timeout watcher launched (1000 secs.) 
488        WARN  main            d.u.i.k.s.ProofSettings   The settings in /home/runner/.key/proof-settings.props are *not* read. 
527        INFO  main            d.u.i.k.p.r.p.TestFile    Now processing file /home/runner/work/key/key/key.core/../key.ui/examples/InformationFlow/ToyVoting/Voter(Voter__insecure_voting()).Non-interference contract.0.key 
662        INFO  main            d.u.i.k.p.i.AbstractProblemLoader Loading environment from /home/runner/work/key/key/key.core/../key.ui/examples/InformationFlow/ToyVoting/Voter(Voter__insecure_voting()).Non-interference contract.0.key 
685        DEBUG main            d.u.i.k.p.i.AbstractProblemLoader Environment load took 2.32ms 
980        INFO  main            d.u.i.k.p.i.AbstractProblemLoader Creating init config 
2128       DEBUG main            d.u.i.k.j.TypeConverter   No LDT found for Meta 
2129       DEBUG main            d.u.i.k.j.TypeConverter   No LDT found for Meta 
2131       DEBUG main            d.u.i.k.j.TypeConverter   No LDT found for Meta 
2133       DEBUG main            d.u.i.k.j.TypeConverter   No LDT found for Meta 
4007       DEBUG main            d.u.i.k.j.TypeConverter   No LDT found for JavaBigintExpression 
10821      DEBUG main            d.u.i.k.p.i.AbstractProblemLoader Init config took 9.84s 
10994      INFO  main            d.u.i.k.p.i.AbstractProblemLoader Replaying proof Voter[Voter::insecure_voting()].Non-interference contract.0 
11078      DEBUG main            d.u.i.k.p.i.IntermediateProofReplayer Proof replay took 399.7ns 
29185      INFO  main            d.u.i.k.p.r.p.TestFile    ... finished proof: open goal(s) 
29422      INFO  main            d.u.i.k.p.r.p.TestFile    Now processing file /home/runner/work/key/key/key.core/../key.ui/examples/InformationFlow/ToyVoting/Voter(Voter__publishVoterParticipation()).Non-interference contract.0.key 
29423      INFO  main            d.u.i.k.p.i.AbstractProblemLoader Loading environment from /home/runner/work/key/key/key.core/../key.ui/examples/InformationFlow/ToyVoting/Voter(Voter__publishVoterParticipation()).Non-interference contract.0.key 
29423      DEBUG main            d.u.i.k.p.i.AbstractProblemLoader Environment load took 111.3ns 
29428      INFO  main            d.u.i.k.p.i.AbstractProblemLoader Creating init config 
33083      DEBUG main            d.u.i.k.p.i.AbstractProblemLoader Init config took 3.66s 
33171      INFO  main            d.u.i.k.p.i.AbstractProblemLoader Replaying proof Voter[Voter::publishVoterParticipation()].Non-interference contract.0 
33182      DEBUG main            d.u.i.k.p.i.IntermediateProofReplayer Proof replay took 14.4ns 
33485      INFO  main            d.u.i.k.p.r.p.TestFile    ... finished proof: closed. 
33740      INFO  main            d.u.i.k.p.r.p.TestFile    Now processing file /home/runner/work/key/key/key.core/../key.ui/examples/InformationFlow/ToyVoting/Voter(Voter__isValid(int)).Non-interference contract.0.key 
33740      INFO  main            d.u.i.k.p.i.AbstractProblemLoader Loading environment from /home/runner/work/key/key/key.core/../key.ui/examples/InformationFlow/ToyVoting/Voter(Voter__isValid(int)).Non-interference contract.0.key 
33740      DEBUG main            d.u.i.k.p.i.AbstractProblemLoader Environment load took 160ns 
33742      INFO  main            d.u.i.k.p.i.AbstractProblemLoader Creating init config 
37128      DEBUG main            d.u.i.k.p.i.AbstractProblemLoader Init config took 3.39s 
37215      INFO  main            d.u.i.k.p.i.AbstractProblemLoader Replaying proof Voter[Voter::isValid(int)].Non-interference contract.0 
37223      DEBUG main            d.u.i.k.p.i.IntermediateProofReplayer Proof replay took 15.3ns 
37733      INFO  main            d.u.i.k.p.r.p.TestFile    ... finished proof: closed. 
37935      INFO  main            d.u.i.k.p.r.p.TestFile    Now processing file /home/runner/work/key/key/key.core/../key.ui/examples/InformationFlow/ToyVoting/Voter(Voter__sendVote(int)).Non-interference contract.0.key 
37938      INFO  main            d.u.i.k.p.i.AbstractProblemLoader Loading environment from /home/runner/work/key/key/key.core/../key.ui/examples/InformationFlow/ToyVoting/Voter(Voter__sendVote(int)).Non-interference contract.0.key 
37938      DEBUG main            d.u.i.k.p.i.AbstractProblemLoader Environment load took 104.7ns 
37939      INFO  main            d.u.i.k.p.i.AbstractProblemLoader Creating init config 
41333      DEBUG main            d.u.i.k.p.i.AbstractProblemLoader Init config took 3.39s 
41395      INFO  main            d.u.i.k.p.i.AbstractProblemLoader Replaying proof Voter[Voter::sendVote(int)].Non-interference contract.0 
41400      DEBUG main            d.u.i.k.p.i.IntermediateProofReplayer Proof replay took 15ns 
41816      INFO  main            d.u.i.k.p.r.p.TestFile    ... finished proof: closed. 
42028      INFO  main            d.u.i.k.p.r.p.TestFile    Now processing file /home/runner/work/key/key/key.core/../key.ui/examples/InformationFlow/ToyVoting/Voter(Voter__inputVote()).Non-interference contract.0.key 
42029      INFO  main            d.u.i.k.p.i.AbstractProblemLoader Loading environment from /home/runner/work/key/key/key.core/../key.ui/examples/InformationFlow/ToyVoting/Voter(Voter__inputVote()).Non-interference contract.0.key 
42029      DEBUG main            d.u.i.k.p.i.AbstractProblemLoader Environment load took 172.8ns 
42030      INFO  main            d.u.i.k.p.i.AbstractProblemLoader Creating init config 
45295      DEBUG main            d.u.i.k.p.i.AbstractProblemLoader Init config took 3.26s 
45356      INFO  main            d.u.i.k.p.i.AbstractProblemLoader Replaying proof Voter[Voter::inputVote()].Non-interference contract.0 
45359      DEBUG main            d.u.i.k.p.i.IntermediateProofReplayer Proof replay took 14.9ns 
45564      INFO  main            d.u.i.k.p.r.p.TestFile    ... finished proof: closed. 
941323     INFO  Test worker     d.u.i.k.p.r.RunAllProofsTestUnit Returning from test ToyVoting_nomacro 
941324     INFO  Test worker     d.u.i.k.p.r.RunAllProofsTestUnit Running test ConditionalConfidential_nomacro 
941324     INFO  Test worker     d.u.i.k.p.r.RunAllProofsTestUnit Returning from test ConditionalConfidential_nomacro 
941327     INFO  Test worker     d.u.i.k.p.r.RunAllProofsTestUnit Running test SumExample_nomacro 
458        INFO  Timeout watchdog d.u.i.k.p.r.p.ForkedTestFileRunner Timeout watcher launched (1000 secs.) 
489        WARN  main            d.u.i.k.s.ProofSettings   The settings in /home/runner/.key/proof-settings.props are *not* read. 
540        INFO  main            d.u.i.k.p.r.p.TestFile    Now processing file /home/runner/work/key/key/key.core/../key.ui/examples/InformationFlow/Sum/SumExample(SumExample__getSum()).Non-interference contract.0.key 
693        INFO  main            d.u.i.k.p.i.AbstractProblemLoader Loading environment from /home/runner/work/key/key/key.core/../key.ui/examples/InformationFlow/Sum/SumExample(SumExample__getSum()).Non-interference contract.0.key 
717        DEBUG main            d.u.i.k.p.i.AbstractProblemLoader Environment load took 2.2ms 
1011       INFO  main            d.u.i.k.p.i.AbstractProblemLoader Creating init config 
2197       DEBUG main            d.u.i.k.j.TypeConverter   No LDT found for Meta 
2198       DEBUG main            d.u.i.k.j.TypeConverter   No LDT found for Meta 
2202       DEBUG main            d.u.i.k.j.TypeConverter   No LDT found for Meta 
2202       DEBUG main            d.u.i.k.j.TypeConverter   No LDT found for Meta 
3890       DEBUG main            d.u.i.k.j.TypeConverter   No LDT found for JavaBigintExpression 
10561      DEBUG main            d.u.i.k.p.i.AbstractProblemLoader Init config took 9.55s 
10733      INFO  main            d.u.i.k.p.i.AbstractProblemLoader Replaying proof SumExample[SumExample::getSum()].Non-interference contract.0 
10838      DEBUG main            d.u.i.k.p.i.IntermediateProofReplayer Proof replay took 490.61ns 
15162      INFO  main            d.u.i.k.p.r.p.TestFile    ... finished proof: closed. 
956890     INFO  Test worker     d.u.i.k.p.r.RunAllProofsTestUnit Returning from test SumExample_nomacro 
956892     INFO  Test worker     d.u.i.k.p.r.RunAllProofsTestUnit Running test ToyBanking_nomacro 
463        INFO  Timeout watchdog d.u.i.k.p.r.p.ForkedTestFileRunner Timeout watcher launched (1000 secs.) 
489        WARN  main            d.u.i.k.s.ProofSettings   The settings in /home/runner/.key/proof-settings.props are *not* read. 
533        INFO  main            d.u.i.k.p.r.p.TestFile    Now processing file /home/runner/work/key/key/key.core/../key.ui/examples/InformationFlow/ToyBanking/banking_example.UserAccount(banking_example.UserAccount__getBankAccount(int)).Non-interference contract.0.key 
674        INFO  main            d.u.i.k.p.i.AbstractProblemLoader Loading environment from /home/runner/work/key/key/key.core/../key.ui/examples/InformationFlow/ToyBanking/banking_example.UserAccount(banking_example.UserAccount__getBankAccount(int)).Non-interference contract.0.key 
698        DEBUG main            d.u.i.k.p.i.AbstractProblemLoader Environment load took 2.36ms 
982        INFO  main            d.u.i.k.p.i.AbstractProblemLoader Creating init config 
2103       DEBUG main            d.u.i.k.j.TypeConverter   No LDT found for Meta 
2107       DEBUG main            d.u.i.k.j.TypeConverter   No LDT found for Meta 
2111       DEBUG main            d.u.i.k.j.TypeConverter   No LDT found for Meta 
2111       DEBUG main            d.u.i.k.j.TypeConverter   No LDT found for Meta 
3967       DEBUG main            d.u.i.k.j.TypeConverter   No LDT found for JavaBigintExpression 
10545      DEBUG main            d.u.i.k.p.i.AbstractProblemLoader Init config took 9.56s 
10779      INFO  main            d.u.i.k.p.i.AbstractProblemLoader Replaying proof banking_example.UserAccount[banking_example.UserAccount::getBankAccount(int)].Non-interference contract.0 
10881      DEBUG main            d.u.i.k.p.i.IntermediateProofReplayer Proof replay took 495.5ns 
16096      INFO  main            d.u.i.k.p.r.p.TestFile    ... finished proof: closed. 
16300      INFO  main            d.u.i.k.p.r.p.TestFile    Now processing file /home/runner/work/key/key/key.core/../key.ui/examples/InformationFlow/ToyBanking/banking_example.BankAccount(banking_example.BankAccount__depositMoney(int)).Non-interference contract.0.key 
16301      INFO  main            d.u.i.k.p.i.AbstractProblemLoader Loading environment from /home/runner/work/key/key/key.core/../key.ui/examples/InformationFlow/ToyBanking/banking_example.BankAccount(banking_example.BankAccount__depositMoney(int)).Non-interference contract.0.key 
16301      DEBUG main            d.u.i.k.p.i.AbstractProblemLoader Environment load took 313.9ns 
16306      INFO  main            d.u.i.k.p.i.AbstractProblemLoader Creating init config 
20189      DEBUG main            d.u.i.k.p.i.AbstractProblemLoader Init config took 3.88s 
20304      INFO  main            d.u.i.k.p.i.AbstractProblemLoader Replaying proof banking_example.BankAccount[banking_example.BankAccount::depositMoney(int)].Non-interference contract.0 
20316      DEBUG main            d.u.i.k.p.i.IntermediateProofReplayer Proof replay took 15.9ns 
21827      INFO  main            d.u.i.k.p.r.p.TestFile    ... finished proof: closed. 
22081      INFO  main            d.u.i.k.p.r.p.TestFile    Now processing file /home/runner/work/key/key/key.core/../key.ui/examples/InformationFlow/ToyBanking/banking_example.BankAccount(banking_example.BankAccount__getBalance()).Non-interference contract.0.key 
22081      INFO  main            d.u.i.k.p.i.AbstractProblemLoader Loading environment from /home/runner/work/key/key/key.core/../key.ui/examples/InformationFlow/ToyBanking/banking_example.BankAccount(banking_example.BankAccount__getBalance()).Non-interference contract.0.key 
22082      DEBUG main            d.u.i.k.p.i.AbstractProblemLoader Environment load took 728.11ns 
22086      INFO  main            d.u.i.k.p.i.AbstractProblemLoader Creating init config 
25778      DEBUG main            d.u.i.k.p.i.AbstractProblemLoader Init config took 3.69s 
25866      INFO  main            d.u.i.k.p.i.AbstractProblemLoader Replaying proof banking_example.BankAccount[banking_example.BankAccount::getBalance()].Non-interference contract.0 
25875      DEBUG main            d.u.i.k.p.i.IntermediateProofReplayer Proof replay took 14.5ns 
26279      INFO  main            d.u.i.k.p.r.p.TestFile    ... finished proof: closed. 
26450      INFO  main            d.u.i.k.p.r.p.TestFile    Now processing file /home/runner/work/key/key/key.core/../key.ui/examples/InformationFlow/ToyBanking/banking_example.BankAccount(banking_example.BankAccount__getId()).Non-interference contract.0.key 
26450      INFO  main            d.u.i.k.p.i.AbstractProblemLoader Loading environment from /home/runner/work/key/key/key.core/../key.ui/examples/InformationFlow/ToyBanking/banking_example.BankAccount(banking_example.BankAccount__getId()).Non-interference contract.0.key 
26450      DEBUG main            d.u.i.k.p.i.AbstractProblemLoader Environment load took 88.31ns 
26452      INFO  main            d.u.i.k.p.i.AbstractProblemLoader Creating init config 
29997      DEBUG main            d.u.i.k.p.i.AbstractProblemLoader Init config took 3.55s 
30070      INFO  main            d.u.i.k.p.i.AbstractProblemLoader Replaying proof banking_example.BankAccount[banking_example.BankAccount::getId()].Non-interference contract.0 
30075      DEBUG main            d.u.i.k.p.i.IntermediateProofReplayer Proof replay took 14.5ns 
30483      INFO  main            d.u.i.k.p.r.p.TestFile    ... finished proof: closed. 
30645      INFO  main            d.u.i.k.p.r.p.TestFile    Now processing file /home/runner/work/key/key/key.core/../key.ui/examples/InformationFlow/ToyBanking/banking_example.Bank(banking_example.Bank__login(int,(C)).Non-interference contract.0.key 
30646      INFO  main            d.u.i.k.p.i.AbstractProblemLoader Loading environment from /home/runner/work/key/key/key.core/../key.ui/examples/InformationFlow/ToyBanking/banking_example.Bank(banking_example.Bank__login(int,(C)).Non-interference contract.0.key 
30646      DEBUG main            d.u.i.k.p.i.AbstractProblemLoader Environment load took 89.2ns 
30647      INFO  main            d.u.i.k.p.i.AbstractProblemLoader Creating init config 
34013      DEBUG main            d.u.i.k.p.i.AbstractProblemLoader Init config took 3.37s 
34124      INFO  main            d.u.i.k.p.i.AbstractProblemLoader Replaying proof banking_example.Bank[banking_example.Bank::login(int,[C)].Non-interference contract.0 
34128      DEBUG main            d.u.i.k.p.i.IntermediateProofReplayer Proof replay took 15.11ns 
88392      INFO  main            d.u.i.k.p.r.p.TestFile    ... finished proof: open goal(s) 
88762      INFO  main            d.u.i.k.p.r.p.TestFile    Now processing file /home/runner/work/key/key/key.core/../key.ui/examples/InformationFlow/ToyBanking/banking_example2.UserAccount(banking_example2.UserAccount__getBankAccount(int)).Non-interference contract.0.key 
88763      INFO  main            d.u.i.k.p.i.AbstractProblemLoader Loading environment from /home/runner/work/key/key/key.core/../key.ui/examples/InformationFlow/ToyBanking/banking_example2.UserAccount(banking_example2.UserAccount__getBankAccount(int)).Non-interference contract.0.key 
88763      DEBUG main            d.u.i.k.p.i.AbstractProblemLoader Environment load took 602.32ns 
88765      INFO  main            d.u.i.k.p.i.AbstractProblemLoader Creating init config 
91974      DEBUG main            d.u.i.k.p.i.AbstractProblemLoader Init config took 3.21s 
92086      INFO  main            d.u.i.k.p.i.AbstractProblemLoader Replaying proof banking_example2.UserAccount[banking_example2.UserAccount::getBankAccount(int)].Non-interference contract.0 
92090      DEBUG main            d.u.i.k.p.i.IntermediateProofReplayer Proof replay took 14.2ns 
94519      INFO  main            d.u.i.k.p.r.p.TestFile    ... finished proof: closed. 
94884      INFO  main            d.u.i.k.p.r.p.TestFile    Now processing file /home/runner/work/key/key/key.core/../key.ui/examples/InformationFlow/ToyBanking/banking_example2.BankAccount(banking_example2.BankAccount__depositMoney(int)).Non-interference contract.0.key 
94884      INFO  main            d.u.i.k.p.i.AbstractProblemLoader Loading environment from /home/runner/work/key/key/key.core/../key.ui/examples/InformationFlow/ToyBanking/banking_example2.BankAccount(banking_example2.BankAccount__depositMoney(int)).Non-interference contract.0.key 
94886      DEBUG main            d.u.i.k.p.i.AbstractProblemLoader Environment load took 1.97ms 
94888      INFO  main            d.u.i.k.p.i.AbstractProblemLoader Creating init config 
98098      DEBUG main            d.u.i.k.p.i.AbstractProblemLoader Init config took 3.21s 
98165      INFO  main            d.u.i.k.p.i.AbstractProblemLoader Replaying proof banking_example2.BankAccount[banking_example2.BankAccount::depositMoney(int)].Non-interference contract.0 
98168      DEBUG main            d.u.i.k.p.i.IntermediateProofReplayer Proof replay took 26.1ns 
99377      INFO  main            d.u.i.k.p.r.p.TestFile    ... finished proof: closed. 
99569      INFO  main            d.u.i.k.p.r.p.TestFile    Now processing file /home/runner/work/key/key/key.core/../key.ui/examples/InformationFlow/ToyBanking/banking_example2.BankAccount(banking_example2.BankAccount__getBalance()).Non-interference contract.0.key 
99570      INFO  main            d.u.i.k.p.i.AbstractProblemLoader Loading environment from /home/runner/work/key/key/key.core/../key.ui/examples/InformationFlow/ToyBanking/banking_example2.BankAccount(banking_example2.BankAccount__getBalance()).Non-interference contract.0.key 
99570      DEBUG main            d.u.i.k.p.i.AbstractProblemLoader Environment load took 112.7ns 
99571      INFO  main            d.u.i.k.p.i.AbstractProblemLoader Creating init config 
102867     DEBUG main            d.u.i.k.p.i.AbstractProblemLoader Init config took 3.3s 
102935     INFO  main            d.u.i.k.p.i.AbstractProblemLoader Replaying proof banking_example2.BankAccount[banking_example2.BankAccount::getBalance()].Non-interference contract.0 
102941     DEBUG main            d.u.i.k.p.i.IntermediateProofReplayer Proof replay took 15.2ns 
103246     INFO  main            d.u.i.k.p.r.p.TestFile    ... finished proof: closed. 
103441     INFO  main            d.u.i.k.p.r.p.TestFile    Now processing file /home/runner/work/key/key/key.core/../key.ui/examples/InformationFlow/ToyBanking/banking_example2.BankAccount(banking_example2.BankAccount__getId()).Non-interference contract.0.key 
103442     INFO  main            d.u.i.k.p.i.AbstractProblemLoader Loading environment from /home/runner/work/key/key/key.core/../key.ui/examples/InformationFlow/ToyBanking/banking_example2.BankAccount(banking_example2.BankAccount__getId()).Non-interference contract.0.key 
103442     DEBUG main            d.u.i.k.p.i.AbstractProblemLoader Environment load took 92.7ns 
103443     INFO  main            d.u.i.k.p.i.AbstractProblemLoader Creating init config 
106715     DEBUG main            d.u.i.k.p.i.AbstractProblemLoader Init config took 3.27s 
106778     INFO  main            d.u.i.k.p.i.AbstractProblemLoader Replaying proof banking_example2.BankAccount[banking_example2.BankAccount::getId()].Non-interference contract.0 
106781     DEBUG main            d.u.i.k.p.i.IntermediateProofReplayer Proof replay took 15.9ns 
107184     INFO  main            d.u.i.k.p.r.p.TestFile    ... finished proof: closed. 
1064469    INFO  Test worker     d.u.i.k.p.r.RunAllProofsTestUnit Returning from test ToyBanking_nomacro 
1064470    INFO  Test worker     d.u.i.k.p.r.RunAllProofsTestUnit Running test BlockContracts_nomacro 
508        INFO  Timeout watchdog d.u.i.k.p.r.p.ForkedTestFileRunner Timeout watcher launched (1000 secs.) 
531        WARN  main            d.u.i.k.s.ProofSettings   The settings in /home/runner/.key/proof-settings.props are *not* read. 
574        INFO  main            d.u.i.k.p.r.p.TestFile    Now processing file /home/runner/work/key/key/key.core/../key.ui/examples/InformationFlow/BlockContracts/contract.IFBlockExamples(contract.IFBlockExamples__secure_5()).Non-interference contract.0.key 
724        INFO  main            d.u.i.k.p.i.AbstractProblemLoader Loading environment from /home/runner/work/key/key/key.core/../key.ui/examples/InformationFlow/BlockContracts/contract.IFBlockExamples(contract.IFBlockExamples__secure_5()).Non-interference contract.0.key 
747        DEBUG main            d.u.i.k.p.i.AbstractProblemLoader Environment load took 2.66ms 
1069       INFO  main            d.u.i.k.p.i.AbstractProblemLoader Creating init config 
2340       DEBUG main            d.u.i.k.j.TypeConverter   No LDT found for Meta 
2342       DEBUG main            d.u.i.k.j.TypeConverter   No LDT found for Meta 
2344       DEBUG main            d.u.i.k.j.TypeConverter   No LDT found for Meta 
2344       DEBUG main            d.u.i.k.j.TypeConverter   No LDT found for Meta 
4130       DEBUG main            d.u.i.k.j.TypeConverter   No LDT found for JavaBigintExpression 
10664      DEBUG main            d.u.i.k.p.i.AbstractProblemLoader Init config took 9.59s 
10869      INFO  main            d.u.i.k.p.i.AbstractProblemLoader Replaying proof contract.IFBlockExamples[contract.IFBlockExamples::secure_5()].Non-interference contract.0 
10963      DEBUG main            d.u.i.k.p.i.IntermediateProofReplayer Proof replay took 405.21ns 
12908      INFO  main            d.u.i.k.p.r.p.TestFile    ... finished proof: closed. 
13097      INFO  main            d.u.i.k.p.r.p.TestFile    Now processing file /home/runner/work/key/key/key.core/../key.ui/examples/InformationFlow/BlockContracts/contract.IFBlockExamples(contract.IFBlockExamples__block_no_return_secure(int)).Non-interference contract.0.key 
13098      INFO  main            d.u.i.k.p.i.AbstractProblemLoader Loading environment from /home/runner/work/key/key/key.core/../key.ui/examples/InformationFlow/BlockContracts/contract.IFBlockExamples(contract.IFBlockExamples__block_no_return_secure(int)).Non-interference contract.0.key 
13098      DEBUG main            d.u.i.k.p.i.AbstractProblemLoader Environment load took 322.71ns 
13103      INFO  main            d.u.i.k.p.i.AbstractProblemLoader Creating init config 
17087      DEBUG main            d.u.i.k.p.i.AbstractProblemLoader Init config took 3.98s 
17188      INFO  main            d.u.i.k.p.i.AbstractProblemLoader Replaying proof contract.IFBlockExamples[contract.IFBlockExamples::block_no_return_secure(int)].Non-interference contract.0 
17192      DEBUG main            d.u.i.k.p.i.IntermediateProofReplayer Proof replay took 14.3ns 
18008      INFO  main            d.u.i.k.p.r.p.TestFile    ... finished proof: closed. 
18241      INFO  main            d.u.i.k.p.r.p.TestFile    Now processing file /home/runner/work/key/key/key.core/../key.ui/examples/InformationFlow/BlockContracts/contract.IFBlockExamples(contract.IFBlockExamples__while_block_insecure(int)).Non-interference contract.0.key 
18242      INFO  main            d.u.i.k.p.i.AbstractProblemLoader Loading environment from /home/runner/work/key/key/key.core/../key.ui/examples/InformationFlow/BlockContracts/contract.IFBlockExamples(contract.IFBlockExamples__while_block_insecure(int)).Non-interference contract.0.key 
18242      DEBUG main            d.u.i.k.p.i.AbstractProblemLoader Environment load took 345.21ns 
18245      INFO  main            d.u.i.k.p.i.AbstractProblemLoader Creating init config 
21879      DEBUG main            d.u.i.k.p.i.AbstractProblemLoader Init config took 3.63s 
21962      INFO  main            d.u.i.k.p.i.AbstractProblemLoader Replaying proof contract.IFBlockExamples[contract.IFBlockExamples::while_block_insecure(int)].Non-interference contract.0 
21967      DEBUG main            d.u.i.k.p.i.IntermediateProofReplayer Proof replay took 14.9ns 
24200      INFO  main            d.u.i.k.p.r.p.TestFile    ... finished proof: open goal(s) 
24398      INFO  main            d.u.i.k.p.r.p.TestFile    Now processing file /home/runner/work/key/key/key.core/../key.ui/examples/InformationFlow/BlockContracts/contract.IFBlockExamples(contract.IFBlockExamples__while_block_secure(int)).Non-interference contract.0.key 
24399      INFO  main            d.u.i.k.p.i.AbstractProblemLoader Loading environment from /home/runner/work/key/key/key.core/../key.ui/examples/InformationFlow/BlockContracts/contract.IFBlockExamples(contract.IFBlockExamples__while_block_secure(int)).Non-interference contract.0.key 
24399      DEBUG main            d.u.i.k.p.i.AbstractProblemLoader Environment load took 155.3ns 
24401      INFO  main            d.u.i.k.p.i.AbstractProblemLoader Creating init config 
27905      DEBUG main            d.u.i.k.p.i.AbstractProblemLoader Init config took 3.5s 
27981      INFO  main            d.u.i.k.p.i.AbstractProblemLoader Replaying proof contract.IFBlockExamples[contract.IFBlockExamples::while_block_secure(int)].Non-interference contract.0 
27989      DEBUG main            d.u.i.k.p.i.IntermediateProofReplayer Proof replay took 53.6ns 
29704      INFO  main            d.u.i.k.p.r.p.TestFile    ... finished proof: closed. 
30015      INFO  main            d.u.i.k.p.r.p.TestFile    Now processing file /home/runner/work/key/key/key.core/../key.ui/examples/InformationFlow/BlockContracts/contract.IFBlockExamples(contract.IFBlockExamples__block_while_secure(int)).Non-interference contract.0.key 
30016      INFO  main            d.u.i.k.p.i.AbstractProblemLoader Loading environment from /home/runner/work/key/key/key.core/../key.ui/examples/InformationFlow/BlockContracts/contract.IFBlockExamples(contract.IFBlockExamples__block_while_secure(int)).Non-interference contract.0.key 
30016      DEBUG main            d.u.i.k.p.i.AbstractProblemLoader Environment load took 325.91ns 
30018      INFO  main            d.u.i.k.p.i.AbstractProblemLoader Creating init config 
33511      DEBUG main            d.u.i.k.p.i.AbstractProblemLoader Init config took 3.49s 
33583      INFO  main            d.u.i.k.p.i.AbstractProblemLoader Replaying proof contract.IFBlockExamples[contract.IFBlockExamples::block_while_secure(int)].Non-interference contract.0 
33587      DEBUG main            d.u.i.k.p.i.IntermediateProofReplayer Proof replay took 16.4ns 
35518      INFO  main            d.u.i.k.p.r.p.TestFile    ... finished proof: closed. 
35773      INFO  main            d.u.i.k.p.r.p.TestFile    Now processing file /home/runner/work/key/key/key.core/../key.ui/examples/InformationFlow/BlockContracts/contract.IFBlockExamples(contract.IFBlockExamples__insecure_4(int)).Non-interference contract.0.key 
35774      INFO  main            d.u.i.k.p.i.AbstractProblemLoader Loading environment from /home/runner/work/key/key/key.core/../key.ui/examples/InformationFlow/BlockContracts/contract.IFBlockExamples(contract.IFBlockExamples__insecure_4(int)).Non-interference contract.0.key 
35774      DEBUG main            d.u.i.k.p.i.AbstractProblemLoader Environment load took 91.6ns 
35775      INFO  main            d.u.i.k.p.i.AbstractProblemLoader Creating init config 
39227      DEBUG main            d.u.i.k.p.i.AbstractProblemLoader Init config took 3.45s 
39298      INFO  main            d.u.i.k.p.i.AbstractProblemLoader Replaying proof contract.IFBlockExamples[contract.IFBlockExamples::insecure_4(int)].Non-interference contract.0 
39304      DEBUG main            d.u.i.k.p.i.IntermediateProofReplayer Proof replay took 13.7ns 
41961      INFO  main            d.u.i.k.p.r.p.TestFile    ... finished proof: open goal(s) 
42256      INFO  main            d.u.i.k.p.r.p.TestFile    Now processing file /home/runner/work/key/key/key.core/../key.ui/examples/InformationFlow/BlockContracts/contract.IFBlockExamples(contract.IFBlockExamples__insecure_3(int)).Non-interference contract.0.key 
42258      INFO  main            d.u.i.k.p.i.AbstractProblemLoader Loading environment from /home/runner/work/key/key/key.core/../key.ui/examples/InformationFlow/BlockContracts/contract.IFBlockExamples(contract.IFBlockExamples__insecure_3(int)).Non-interference contract.0.key 
42258      DEBUG main            d.u.i.k.p.i.AbstractProblemLoader Environment load took 112ns 
42259      INFO  main            d.u.i.k.p.i.AbstractProblemLoader Creating init config 
45673      DEBUG main            d.u.i.k.p.i.AbstractProblemLoader Init config took 3.41s 
45738      INFO  main            d.u.i.k.p.i.AbstractProblemLoader Replaying proof contract.IFBlockExamples[contract.IFBlockExamples::insecure_3(int)].Non-interference contract.0 
45745      DEBUG main            d.u.i.k.p.i.IntermediateProofReplayer Proof replay took 14.9ns 
48863      INFO  main            d.u.i.k.p.r.p.TestFile    ... finished proof: open goal(s) 
49171      INFO  main            d.u.i.k.p.r.p.TestFile    Now processing file /home/runner/work/key/key/key.core/../key.ui/examples/InformationFlow/BlockContracts/contract.IFBlockExamples(contract.IFBlockExamples__secure_3(int)).Non-interference contract.0.key 
49171      INFO  main            d.u.i.k.p.i.AbstractProblemLoader Loading environment from /home/runner/work/key/key/key.core/../key.ui/examples/InformationFlow/BlockContracts/contract.IFBlockExamples(contract.IFBlockExamples__secure_3(int)).Non-interference contract.0.key 
49171      DEBUG main            d.u.i.k.p.i.AbstractProblemLoader Environment load took 90.4ns 
49179      INFO  main            d.u.i.k.p.i.AbstractProblemLoader Creating init config 
52766      DEBUG main            d.u.i.k.p.i.AbstractProblemLoader Init config took 3.59s 
52844      INFO  main            d.u.i.k.p.i.AbstractProblemLoader Replaying proof contract.IFBlockExamples[contract.IFBlockExamples::secure_3(int)].Non-interference contract.0 
52847      DEBUG main            d.u.i.k.p.i.IntermediateProofReplayer Proof replay took 15.8ns 
55406      INFO  main            d.u.i.k.p.r.p.TestFile    ... finished proof: closed. 
55701      INFO  main            d.u.i.k.p.r.p.TestFile    Now processing file /home/runner/work/key/key/key.core/../key.ui/examples/InformationFlow/BlockContracts/contract.IFBlockExamples(contract.IFBlockExamples__secure_2(int)).Non-interference contract.0.key 
55702      INFO  main            d.u.i.k.p.i.AbstractProblemLoader Loading environment from /home/runner/work/key/key/key.core/../key.ui/examples/InformationFlow/BlockContracts/contract.IFBlockExamples(contract.IFBlockExamples__secure_2(int)).Non-interference contract.0.key 
55702      DEBUG main            d.u.i.k.p.i.AbstractProblemLoader Environment load took 299ns 
55704      INFO  main            d.u.i.k.p.i.AbstractProblemLoader Creating init config 
59070      DEBUG main            d.u.i.k.p.i.AbstractProblemLoader Init config took 3.37s 
59122      INFO  main            d.u.i.k.p.i.AbstractProblemLoader Replaying proof contract.IFBlockExamples[contract.IFBlockExamples::secure_2(int)].Non-interference contract.0 
59125      DEBUG main            d.u.i.k.p.i.IntermediateProofReplayer Proof replay took 14.8ns 
62037      INFO  main            d.u.i.k.p.r.p.TestFile    ... finished proof: closed. 
62352      INFO  main            d.u.i.k.p.r.p.TestFile    Now processing file /home/runner/work/key/key/key.core/../key.ui/examples/InformationFlow/BlockContracts/contract.IFBlockExamples(contract.IFBlockExamples__secure_8(int)).Non-interference contract.0.key 
62352      INFO  main            d.u.i.k.p.i.AbstractProblemLoader Loading environment from /home/runner/work/key/key/key.core/../key.ui/examples/InformationFlow/BlockContracts/contract.IFBlockExamples(contract.IFBlockExamples__secure_8(int)).Non-interference contract.0.key 
62354      DEBUG main            d.u.i.k.p.i.AbstractProblemLoader Environment load took 2.21ms 
62355      INFO  main            d.u.i.k.p.i.AbstractProblemLoader Creating init config 
65649      DEBUG main            d.u.i.k.p.i.AbstractProblemLoader Init config took 3.29s 
65718      INFO  main            d.u.i.k.p.i.AbstractProblemLoader Replaying proof contract.IFBlockExamples[contract.IFBlockExamples::secure_8(int)].Non-interference contract.0 
65722      DEBUG main            d.u.i.k.p.i.IntermediateProofReplayer Proof replay took 17.9ns 
66527      INFO  main            d.u.i.k.p.r.p.TestFile    ... finished proof: closed. 
66882      INFO  main            d.u.i.k.p.r.p.TestFile    Now processing file /home/runner/work/key/key/key.core/../key.ui/examples/InformationFlow/BlockContracts/contract.IFBlockExamples(contract.IFBlockExamples__secure_7(int)).Non-interference contract.0.key 
66882      INFO  main            d.u.i.k.p.i.AbstractProblemLoader Loading environment from /home/runner/work/key/key/key.core/../key.ui/examples/InformationFlow/BlockContracts/contract.IFBlockExamples(contract.IFBlockExamples__secure_7(int)).Non-interference contract.0.key 
66883      DEBUG main            d.u.i.k.p.i.AbstractProblemLoader Environment load took 84.6ns 
66884      INFO  main            d.u.i.k.p.i.AbstractProblemLoader Creating init config 
70181      DEBUG main            d.u.i.k.p.i.AbstractProblemLoader Init config took 3.3s 
70233      INFO  main            d.u.i.k.p.i.AbstractProblemLoader Replaying proof contract.IFBlockExamples[contract.IFBlockExamples::secure_7(int)].Non-interference contract.0 
70237      DEBUG main            d.u.i.k.p.i.IntermediateProofReplayer Proof replay took 15.3ns 
70852      INFO  main            d.u.i.k.p.r.p.TestFile    ... finished proof: closed. 
71083      INFO  main            d.u.i.k.p.r.p.TestFile    Now processing file /home/runner/work/key/key/key.core/../key.ui/examples/InformationFlow/BlockContracts/contract.IFBlockExamples(contract.IFBlockExamples__secure_6(int)).Non-interference contract.0.key 
71083      INFO  main            d.u.i.k.p.i.AbstractProblemLoader Loading environment from /home/runner/work/key/key/key.core/../key.ui/examples/InformationFlow/BlockContracts/contract.IFBlockExamples(contract.IFBlockExamples__secure_6(int)).Non-interference contract.0.key 
71083      DEBUG main            d.u.i.k.p.i.AbstractProblemLoader Environment load took 117ns 
71084      INFO  main            d.u.i.k.p.i.AbstractProblemLoader Creating init config 
74366      DEBUG main            d.u.i.k.p.i.AbstractProblemLoader Init config took 3.28s 
74416      INFO  main            d.u.i.k.p.i.AbstractProblemLoader Replaying proof contract.IFBlockExamples[contract.IFBlockExamples::secure_6(int)].Non-interference contract.0 
74419      DEBUG main            d.u.i.k.p.i.IntermediateProofReplayer Proof replay took 15.5ns 
75023      INFO  main            d.u.i.k.p.r.p.TestFile    ... finished proof: closed. 
75338      INFO  main            d.u.i.k.p.r.p.TestFile    Now processing file /home/runner/work/key/key/key.core/../key.ui/examples/InformationFlow/BlockContracts/contract.IFBlockExamples(contract.IFBlockExamples__insecure_1(int)).Non-interference contract.0.key 
75339      INFO  main            d.u.i.k.p.i.AbstractProblemLoader Loading environment from /home/runner/work/key/key/key.core/../key.ui/examples/InformationFlow/BlockContracts/contract.IFBlockExamples(contract.IFBlockExamples__insecure_1(int)).Non-interference contract.0.key 
75339      DEBUG main            d.u.i.k.p.i.AbstractProblemLoader Environment load took 97.4ns 
75341      INFO  main            d.u.i.k.p.i.AbstractProblemLoader Creating init config 
78674      DEBUG main            d.u.i.k.p.i.AbstractProblemLoader Init config took 3.33s 
78722      INFO  main            d.u.i.k.p.i.AbstractProblemLoader Replaying proof contract.IFBlockExamples[contract.IFBlockExamples::insecure_1(int)].Non-interference contract.0 
78725      DEBUG main            d.u.i.k.p.i.IntermediateProofReplayer Proof replay took 15.9ns 
79434      INFO  main            d.u.i.k.p.r.p.TestFile    ... finished proof: open goal(s) 
79667      INFO  main            d.u.i.k.p.r.p.TestFile    Now processing file /home/runner/work/key/key/key.core/../key.ui/examples/InformationFlow/BlockContracts/contract.IFBlockExamples(contract.IFBlockExamples__secure_4(int)).Non-interference contract.0.key 
79667      INFO  main            d.u.i.k.p.i.AbstractProblemLoader Loading environment from /home/runner/work/key/key/key.core/../key.ui/examples/InformationFlow/BlockContracts/contract.IFBlockExamples(contract.IFBlockExamples__secure_4(int)).Non-interference contract.0.key 
79667      DEBUG main            d.u.i.k.p.i.AbstractProblemLoader Environment load took 95.9ns 
79669      INFO  main            d.u.i.k.p.i.AbstractProblemLoader Creating init config 
83032      DEBUG main            d.u.i.k.p.i.AbstractProblemLoader Init config took 3.36s 
83080      INFO  main            d.u.i.k.p.i.AbstractProblemLoader Replaying proof contract.IFBlockExamples[contract.IFBlockExamples::secure_4(int)].Non-interference contract.0 
83083      DEBUG main            d.u.i.k.p.i.IntermediateProofReplayer Proof replay took 16.3ns 
83903      INFO  main            d.u.i.k.p.r.p.TestFile    ... finished proof: closed. 
84142      INFO  main            d.u.i.k.p.r.p.TestFile    Now processing file /home/runner/work/key/key/key.core/../key.ui/examples/InformationFlow/BlockContracts/contract.IFBlockExamples(contract.IFBlockExamples__secure_1(int)).Non-interference contract.0.key 
84143      INFO  main            d.u.i.k.p.i.AbstractProblemLoader Loading environment from /home/runner/work/key/key/key.core/../key.ui/examples/InformationFlow/BlockContracts/contract.IFBlockExamples(contract.IFBlockExamples__secure_1(int)).Non-interference contract.0.key 
84143      DEBUG main            d.u.i.k.p.i.AbstractProblemLoader Environment load took 95.8ns 
84144      INFO  main            d.u.i.k.p.i.AbstractProblemLoader Creating init config 
87470      DEBUG main            d.u.i.k.p.i.AbstractProblemLoader Init config took 3.33s 
87530      INFO  main            d.u.i.k.p.i.AbstractProblemLoader Replaying proof contract.IFBlockExamples[contract.IFBlockExamples::secure_1(int)].Non-interference contract.0 
87532      DEBUG main            d.u.i.k.p.i.IntermediateProofReplayer Proof replay took 17.7ns 
88442      INFO  main            d.u.i.k.p.r.p.TestFile    ... finished proof: closed. 
88674      INFO  main            d.u.i.k.p.r.p.TestFile    Now processing file /home/runner/work/key/key/key.core/../key.ui/examples/InformationFlow/BlockContracts/contract.IFEfficiencyExamples(contract.IFEfficiencyExamples__mWithoutBlockContract()).Non-interference contract.0.key 
88676      INFO  main            d.u.i.k.p.i.AbstractProblemLoader Loading environment from /home/runner/work/key/key/key.core/../key.ui/examples/InformationFlow/BlockContracts/contract.IFEfficiencyExamples(contract.IFEfficiencyExamples__mWithoutBlockContract()).Non-interference contract.0.key 
88676      DEBUG main            d.u.i.k.p.i.AbstractProblemLoader Environment load took 117.3ns 
88677      INFO  main            d.u.i.k.p.i.AbstractProblemLoader Creating init config 
91999      DEBUG main            d.u.i.k.p.i.AbstractProblemLoader Init config took 3.32s 
92050      INFO  main            d.u.i.k.p.i.AbstractProblemLoader Replaying proof contract.IFEfficiencyExamples[contract.IFEfficiencyExamples::mWithoutBlockContract()].Non-interference contract.0 
92053      DEBUG main            d.u.i.k.p.i.IntermediateProofReplayer Proof replay took 15.1ns 
95895      INFO  main            d.u.i.k.p.r.p.TestFile    ... finished proof: closed. 
96167      INFO  main            d.u.i.k.p.r.p.TestFile    Now processing file /home/runner/work/key/key/key.core/../key.ui/examples/InformationFlow/BlockContracts/contract.IFEfficiencyExamples(contract.IFEfficiencyExamples__mWithBlockContract()).Non-interference contract.0.key 
96167      INFO  main            d.u.i.k.p.i.AbstractProblemLoader Loading environment from /home/runner/work/key/key/key.core/../key.ui/examples/InformationFlow/BlockContracts/contract.IFEfficiencyExamples(contract.IFEfficiencyExamples__mWithBlockContract()).Non-interference contract.0.key 
96167      DEBUG main            d.u.i.k.p.i.AbstractProblemLoader Environment load took 81.4ns 
96168      INFO  main            d.u.i.k.p.i.AbstractProblemLoader Creating init config 
99447      DEBUG main            d.u.i.k.p.i.AbstractProblemLoader Init config took 3.28s 
99499      INFO  main            d.u.i.k.p.i.AbstractProblemLoader Replaying proof contract.IFEfficiencyExamples[contract.IFEfficiencyExamples::mWithBlockContract()].Non-interference contract.0 
99506      DEBUG main            d.u.i.k.p.i.IntermediateProofReplayer Proof replay took 18.8ns 
102629     INFO  main            d.u.i.k.p.r.p.TestFile    ... finished proof: closed. 
1167594    INFO  Test worker     d.u.i.k.p.r.RunAllProofsTestUnit Returning from test BlockContracts_nomacro 
1167595    INFO  Test worker     d.u.i.k.p.r.RunAllProofsTestUnit Running test MethodContracts_nomacro 
444        INFO  Timeout watchdog d.u.i.k.p.r.p.ForkedTestFileRunner Timeout watcher launched (1000 secs.) 
444        WARN  main            d.u.i.k.s.ProofSettings   The settings in /home/runner/.key/proof-settings.props are *not* read. 
500        INFO  main            d.u.i.k.p.r.p.TestFile    Now processing file /home/runner/work/key/key/key.core/../key.ui/examples/InformationFlow/MethodContracts/contract.IFMethodContract(contract.IFMethodContract__secure_recursion_2((I,int)).Non-interference contract.0.key 
658        INFO  main            d.u.i.k.p.i.AbstractProblemLoader Loading environment from /home/runner/work/key/key/key.core/../key.ui/examples/InformationFlow/MethodContracts/contract.IFMethodContract(contract.IFMethodContract__secure_recursion_2((I,int)).Non-interference contract.0.key 
681        DEBUG main            d.u.i.k.p.i.AbstractProblemLoader Environment load took 2.85ms 
992        INFO  main            d.u.i.k.p.i.AbstractProblemLoader Creating init config 
2144       DEBUG main            d.u.i.k.j.TypeConverter   No LDT found for Meta 
2145       DEBUG main            d.u.i.k.j.TypeConverter   No LDT found for Meta 
2147       DEBUG main            d.u.i.k.j.TypeConverter   No LDT found for Meta 
2148       DEBUG main            d.u.i.k.j.TypeConverter   No LDT found for Meta 
3688       DEBUG main            d.u.i.k.j.TypeConverter   No LDT found for JavaBigintExpression 
9694       DEBUG main            d.u.i.k.p.i.AbstractProblemLoader Init config took 8.7s 
9877       INFO  main            d.u.i.k.p.i.AbstractProblemLoader Replaying proof contract.IFMethodContract[contract.IFMethodContract::secure_recursion_2([I,int)].Non-interference contract.0 
9927       DEBUG main            d.u.i.k.p.i.IntermediateProofReplayer Proof replay took 555.51ns 
15308      INFO  main            d.u.i.k.p.r.p.TestFile    ... finished proof: closed. 
15500      INFO  main            d.u.i.k.p.r.p.TestFile    Now processing file /home/runner/work/key/key/key.core/../key.ui/examples/InformationFlow/MethodContracts/contract.IFMethodContract(contract.IFMethodContract__secure_recursion(int)).Non-interference contract.0.key 
15501      INFO  main            d.u.i.k.p.i.AbstractProblemLoader Loading environment from /home/runner/work/key/key/key.core/../key.ui/examples/InformationFlow/MethodContracts/contract.IFMethodContract(contract.IFMethodContract__secure_recursion(int)).Non-interference contract.0.key 
15501      DEBUG main            d.u.i.k.p.i.AbstractProblemLoader Environment load took 305.01ns 
15504      INFO  main            d.u.i.k.p.i.AbstractProblemLoader Creating init config 
19094      DEBUG main            d.u.i.k.p.i.AbstractProblemLoader Init config took 3.59s 
19189      INFO  main            d.u.i.k.p.i.AbstractProblemLoader Replaying proof contract.IFMethodContract[contract.IFMethodContract::secure_recursion(int)].Non-interference contract.0 
19197      DEBUG main            d.u.i.k.p.i.IntermediateProofReplayer Proof replay took 13.5ns 
19812      INFO  main            d.u.i.k.p.r.p.TestFile    ... finished proof: closed. 
19976      INFO  main            d.u.i.k.p.r.p.TestFile    Now processing file /home/runner/work/key/key/key.core/../key.ui/examples/InformationFlow/MethodContracts/contract.IFMethodContract(contract.IFMethodContract__secure_catch_exception()).Non-interference contract.0.key 
19978      INFO  main            d.u.i.k.p.i.AbstractProblemLoader Loading environment from /home/runner/work/key/key/key.core/../key.ui/examples/InformationFlow/MethodContracts/contract.IFMethodContract(contract.IFMethodContract__secure_catch_exception()).Non-interference contract.0.key 
19978      DEBUG main            d.u.i.k.p.i.AbstractProblemLoader Environment load took 124.8ns 
19980      INFO  main            d.u.i.k.p.i.AbstractProblemLoader Creating init config 
23394      DEBUG main            d.u.i.k.p.i.AbstractProblemLoader Init config took 3.41s 
23467      INFO  main            d.u.i.k.p.i.AbstractProblemLoader Replaying proof contract.IFMethodContract[contract.IFMethodContract::secure_catch_exception()].Non-interference contract.0 
23471      DEBUG main            d.u.i.k.p.i.IntermediateProofReplayer Proof replay took 13.7ns 
23975      INFO  main            d.u.i.k.p.r.p.TestFile    ... finished proof: closed. 
24133      INFO  main            d.u.i.k.p.r.p.TestFile    Now processing file /home/runner/work/key/key/key.core/../key.ui/examples/InformationFlow/MethodContracts/contract.IFMethodContract(contract.IFMethodContract__n6()).Non-interference contract.0.key 
24134      INFO  main            d.u.i.k.p.i.AbstractProblemLoader Loading environment from /home/runner/work/key/key/key.core/../key.ui/examples/InformationFlow/MethodContracts/contract.IFMethodContract(contract.IFMethodContract__n6()).Non-interference contract.0.key 
24134      DEBUG main            d.u.i.k.p.i.AbstractProblemLoader Environment load took 103.6ns 
24136      INFO  main            d.u.i.k.p.i.AbstractProblemLoader Creating init config 
27464      DEBUG main            d.u.i.k.p.i.AbstractProblemLoader Init config took 3.33s 
27531      INFO  main            d.u.i.k.p.i.AbstractProblemLoader Replaying proof contract.IFMethodContract[contract.IFMethodContract::n6()].Non-interference contract.0 
27537      DEBUG main            d.u.i.k.p.i.IntermediateProofReplayer Proof replay took 60.7ns 
27741      INFO  main            d.u.i.k.p.r.p.TestFile    ... finished proof: closed. 
27953      INFO  main            d.u.i.k.p.r.p.TestFile    Now processing file /home/runner/work/key/key/key.core/../key.ui/examples/InformationFlow/MethodContracts/contract.IFMethodContract(contract.IFMethodContract__secure_n6()).Non-interference contract.0.key 
27954      INFO  main            d.u.i.k.p.i.AbstractProblemLoader Loading environment from /home/runner/work/key/key/key.core/../key.ui/examples/InformationFlow/MethodContracts/contract.IFMethodContract(contract.IFMethodContract__secure_n6()).Non-interference contract.0.key 
27955      DEBUG main            d.u.i.k.p.i.AbstractProblemLoader Environment load took 368.81ns 
27957      INFO  main            d.u.i.k.p.i.AbstractProblemLoader Creating init config 
31160      DEBUG main            d.u.i.k.p.i.AbstractProblemLoader Init config took 3.2s 
31239      INFO  main            d.u.i.k.p.i.AbstractProblemLoader Replaying proof contract.IFMethodContract[contract.IFMethodContract::secure_n6()].Non-interference contract.0 
31242      DEBUG main            d.u.i.k.p.i.IntermediateProofReplayer Proof replay took 13.9ns 
31446      INFO  main            d.u.i.k.p.r.p.TestFile    ... finished proof: closed. 
31625      INFO  main            d.u.i.k.p.r.p.TestFile    Now processing file /home/runner/work/key/key/key.core/../key.ui/examples/InformationFlow/MethodContracts/contract.IFMethodContract(contract.IFMethodContract__secure_array_param((I,int)).Non-interference contract.0.key 
31625      INFO  main            d.u.i.k.p.i.AbstractProblemLoader Loading environment from /home/runner/work/key/key/key.core/../key.ui/examples/InformationFlow/MethodContracts/contract.IFMethodContract(contract.IFMethodContract__secure_array_param((I,int)).Non-interference contract.0.key 
31625      DEBUG main            d.u.i.k.p.i.AbstractProblemLoader Environment load took 84.4ns 
31628      INFO  main            d.u.i.k.p.i.AbstractProblemLoader Creating init config 
34832      DEBUG main            d.u.i.k.p.i.AbstractProblemLoader Init config took 3.2s 
34889      INFO  main            d.u.i.k.p.i.AbstractProblemLoader Replaying proof contract.IFMethodContract[contract.IFMethodContract::secure_array_param([I,int)].Non-interference contract.0 
34893      DEBUG main            d.u.i.k.p.i.IntermediateProofReplayer Proof replay took 14.2ns 
36305      INFO  main            d.u.i.k.p.r.p.TestFile    ... finished proof: closed. 
36533      INFO  main            d.u.i.k.p.r.p.TestFile    Now processing file /home/runner/work/key/key/key.core/../key.ui/examples/InformationFlow/MethodContracts/contract.IFMethodContract(contract.IFMethodContract__secure_assignment_0_n9()).Non-interference contract.0.key 
36534      INFO  main            d.u.i.k.p.i.AbstractProblemLoader Loading environment from /home/runner/work/key/key/key.core/../key.ui/examples/InformationFlow/MethodContracts/contract.IFMethodContract(contract.IFMethodContract__secure_assignment_0_n9()).Non-interference contract.0.key 
36534      DEBUG main            d.u.i.k.p.i.AbstractProblemLoader Environment load took 92.8ns 
36535      INFO  main            d.u.i.k.p.i.AbstractProblemLoader Creating init config 
39718      DEBUG main            d.u.i.k.p.i.AbstractProblemLoader Init config took 3.18s 
39777      INFO  main            d.u.i.k.p.i.AbstractProblemLoader Replaying proof contract.IFMethodContract[contract.IFMethodContract::secure_assignment_0_n9()].Non-interference contract.0 
39781      DEBUG main            d.u.i.k.p.i.IntermediateProofReplayer Proof replay took 14.5ns 
40085      INFO  main            d.u.i.k.p.r.p.TestFile    ... finished proof: closed. 
40272      INFO  main            d.u.i.k.p.r.p.TestFile    Now processing file /home/runner/work/key/key/key.core/../key.ui/examples/InformationFlow/MethodContracts/contract.IFMethodContract(contract.IFMethodContract__insecure_if_high_n5_n1()).Non-interference contract.0.key 
40272      INFO  main            d.u.i.k.p.i.AbstractProblemLoader Loading environment from /home/runner/work/key/key/key.core/../key.ui/examples/InformationFlow/MethodContracts/contract.IFMethodContract(contract.IFMethodContract__insecure_if_high_n5_n1()).Non-interference contract.0.key 
40272      DEBUG main            d.u.i.k.p.i.AbstractProblemLoader Environment load took 94.6ns 
40273      INFO  main            d.u.i.k.p.i.AbstractProblemLoader Creating init config 
43455      DEBUG main            d.u.i.k.p.i.AbstractProblemLoader Init config took 3.18s 
43514      INFO  main            d.u.i.k.p.i.AbstractProblemLoader Replaying proof contract.IFMethodContract[contract.IFMethodContract::insecure_if_high_n5_n1()].Non-interference contract.0 
43517      DEBUG main            d.u.i.k.p.i.IntermediateProofReplayer Proof replay took 14.7ns 
44562      INFO  main            d.u.i.k.p.r.p.TestFile    ... finished proof: open goal(s) 
44816      INFO  main            d.u.i.k.p.r.p.TestFile    Now processing file /home/runner/work/key/key/key.core/../key.ui/examples/InformationFlow/MethodContracts/contract.IFMethodContract(contract.IFMethodContract__n5(int)).Non-interference contract.0.key 
44816      INFO  main            d.u.i.k.p.i.AbstractProblemLoader Loading environment from /home/runner/work/key/key/key.core/../key.ui/examples/InformationFlow/MethodContracts/contract.IFMethodContract(contract.IFMethodContract__n5(int)).Non-interference contract.0.key 
44816      DEBUG main            d.u.i.k.p.i.AbstractProblemLoader Environment load took 105.7ns 
44817      INFO  main            d.u.i.k.p.i.AbstractProblemLoader Creating init config 
47996      DEBUG main            d.u.i.k.p.i.AbstractProblemLoader Init config took 3.18s 
48049      INFO  main            d.u.i.k.p.i.AbstractProblemLoader Replaying proof contract.IFMethodContract[contract.IFMethodContract::n5(int)].Non-interference contract.0 
48053      DEBUG main            d.u.i.k.p.i.IntermediateProofReplayer Proof replay took 14.2ns 
48255      INFO  main            d.u.i.k.p.r.p.TestFile    ... finished proof: closed. 
48445      INFO  main            d.u.i.k.p.r.p.TestFile    Now processing file /home/runner/work/key/key/key.core/../key.ui/examples/InformationFlow/MethodContracts/contract.IFMethodContract(contract.IFMethodContract__secure_if_high_n5_n1()).Non-interference contract.0.key 
48445      INFO  main            d.u.i.k.p.i.AbstractProblemLoader Loading environment from /home/runner/work/key/key/key.core/../key.ui/examples/InformationFlow/MethodContracts/contract.IFMethodContract(contract.IFMethodContract__secure_if_high_n5_n1()).Non-interference contract.0.key 
48445      DEBUG main            d.u.i.k.p.i.AbstractProblemLoader Environment load took 91.3ns 
48446      INFO  main            d.u.i.k.p.i.AbstractProblemLoader Creating init config 
51553      DEBUG main            d.u.i.k.p.i.AbstractProblemLoader Init config took 3.11s 
51608      INFO  main            d.u.i.k.p.i.AbstractProblemLoader Replaying proof contract.IFMethodContract[contract.IFMethodContract::secure_if_high_n5_n1()].Non-interference contract.0 
51611      DEBUG main            d.u.i.k.p.i.IntermediateProofReplayer Proof replay took 17.3ns 
53131      INFO  main            d.u.i.k.p.r.p.TestFile    ... finished proof: closed. 
53352      INFO  main            d.u.i.k.p.r.p.TestFile    Now processing file /home/runner/work/key/key/key.core/../key.ui/examples/InformationFlow/MethodContracts/contract.IFMethodContract(contract.IFMethodContract__secure_if_high_n1()).Non-interference contract.0.key 
53352      INFO  main            d.u.i.k.p.i.AbstractProblemLoader Loading environment from /home/runner/work/key/key/key.core/../key.ui/examples/InformationFlow/MethodContracts/contract.IFMethodContract(contract.IFMethodContract__secure_if_high_n1()).Non-interference contract.0.key 
53352      DEBUG main            d.u.i.k.p.i.AbstractProblemLoader Environment load took 92.2ns 
53354      INFO  main            d.u.i.k.p.i.AbstractProblemLoader Creating init config 
56560      DEBUG main            d.u.i.k.p.i.AbstractProblemLoader Init config took 3.21s 
56620      INFO  main            d.u.i.k.p.i.AbstractProblemLoader Replaying proof contract.IFMethodContract[contract.IFMethodContract::secure_if_high_n1()].Non-interference contract.0 
56623      DEBUG main            d.u.i.k.p.i.IntermediateProofReplayer Proof replay took 17.6ns 
57452      INFO  main            d.u.i.k.p.r.p.TestFile    ... finished proof: closed. 
57664      INFO  main            d.u.i.k.p.r.p.TestFile    Now processing file /home/runner/work/key/key/key.core/../key.ui/examples/InformationFlow/MethodContracts/contract.IFMethodContract(contract.IFMethodContract__secure_n5()).Non-interference contract.0.key 
57665      INFO  main            d.u.i.k.p.i.AbstractProblemLoader Loading environment from /home/runner/work/key/key/key.core/../key.ui/examples/InformationFlow/MethodContracts/contract.IFMethodContract(contract.IFMethodContract__secure_n5()).Non-interference contract.0.key 
57665      DEBUG main            d.u.i.k.p.i.AbstractProblemLoader Environment load took 101.1ns 
57666      INFO  main            d.u.i.k.p.i.AbstractProblemLoader Creating init config 
60726      DEBUG main            d.u.i.k.p.i.AbstractProblemLoader Init config took 3.06s 
60787      INFO  main            d.u.i.k.p.i.AbstractProblemLoader Replaying proof contract.IFMethodContract[contract.IFMethodContract::secure_n5()].Non-interference contract.0 
60797      DEBUG main            d.u.i.k.p.i.IntermediateProofReplayer Proof replay took 16.4ns 
61001      INFO  main            d.u.i.k.p.r.p.TestFile    ... finished proof: closed. 
61189      INFO  main            d.u.i.k.p.r.p.TestFile    Now processing file /home/runner/work/key/key/key.core/../key.ui/examples/InformationFlow/MethodContracts/contract.IFMethodContract(contract.IFMethodContract__n4()).Non-interference contract.0.key 
61190      INFO  main            d.u.i.k.p.i.AbstractProblemLoader Loading environment from /home/runner/work/key/key/key.core/../key.ui/examples/InformationFlow/MethodContracts/contract.IFMethodContract(contract.IFMethodContract__n4()).Non-interference contract.0.key 
61190      DEBUG main            d.u.i.k.p.i.AbstractProblemLoader Environment load took 92.7ns 
61191      INFO  main            d.u.i.k.p.i.AbstractProblemLoader Creating init config 
64248      DEBUG main            d.u.i.k.p.i.AbstractProblemLoader Init config took 3.06s 
64304      INFO  main            d.u.i.k.p.i.AbstractProblemLoader Replaying proof contract.IFMethodContract[contract.IFMethodContract::n4()].Non-interference contract.0 
64308      DEBUG main            d.u.i.k.p.i.IntermediateProofReplayer Proof replay took 15ns 
64511      INFO  main            d.u.i.k.p.r.p.TestFile    ... finished proof: closed. 
64741      INFO  main            d.u.i.k.p.r.p.TestFile    Now processing file /home/runner/work/key/key/key.core/../key.ui/examples/InformationFlow/MethodContracts/contract.IFMethodContract(contract.IFMethodContract__n3()).Non-interference contract.0.key 
64742      INFO  main            d.u.i.k.p.i.AbstractProblemLoader Loading environment from /home/runner/work/key/key/key.core/../key.ui/examples/InformationFlow/MethodContracts/contract.IFMethodContract(contract.IFMethodContract__n3()).Non-interference contract.0.key 
64742      DEBUG main            d.u.i.k.p.i.AbstractProblemLoader Environment load took 98.6ns 
64744      INFO  main            d.u.i.k.p.i.AbstractProblemLoader Creating init config 
67789      DEBUG main            d.u.i.k.p.i.AbstractProblemLoader Init config took 3.05s 
67837      INFO  main            d.u.i.k.p.i.AbstractProblemLoader Replaying proof contract.IFMethodContract[contract.IFMethodContract::n3()].Non-interference contract.0 
67844      DEBUG main            d.u.i.k.p.i.IntermediateProofReplayer Proof replay took 55.6ns 
67948      INFO  main            d.u.i.k.p.r.p.TestFile    ... finished proof: closed. 
68148      INFO  main            d.u.i.k.p.r.p.TestFile    Now processing file /home/runner/work/key/key/key.core/../key.ui/examples/InformationFlow/MethodContracts/contract.IFMethodContract(contract.IFMethodContract__secure_sequential_n3_precond_n4()).Non-interference contract.0.key 
68148      INFO  main            d.u.i.k.p.i.AbstractProblemLoader Loading environment from /home/runner/work/key/key/key.core/../key.ui/examples/InformationFlow/MethodContracts/contract.IFMethodContract(contract.IFMethodContract__secure_sequential_n3_precond_n4()).Non-interference contract.0.key 
68149      DEBUG main            d.u.i.k.p.i.AbstractProblemLoader Environment load took 103.3ns 
68150      INFO  main            d.u.i.k.p.i.AbstractProblemLoader Creating init config 
71222      DEBUG main            d.u.i.k.p.i.AbstractProblemLoader Init config took 3.07s 
71278      INFO  main            d.u.i.k.p.i.AbstractProblemLoader Replaying proof contract.IFMethodContract[contract.IFMethodContract::secure_sequential_n3_precond_n4()].Non-interference contract.0 
71282      DEBUG main            d.u.i.k.p.i.IntermediateProofReplayer Proof replay took 20.4ns 
71686      INFO  main            d.u.i.k.p.r.p.TestFile    ... finished proof: closed. 
71891      INFO  main            d.u.i.k.p.r.p.TestFile    Now processing file /home/runner/work/key/key/key.core/../key.ui/examples/InformationFlow/MethodContracts/contract.IFMethodContract(contract.IFMethodContract__insecure_assignment_n2()).Non-interference contract.0.key 
71892      INFO  main            d.u.i.k.p.i.AbstractProblemLoader Loading environment from /home/runner/work/key/key/key.core/../key.ui/examples/InformationFlow/MethodContracts/contract.IFMethodContract(contract.IFMethodContract__insecure_assignment_n2()).Non-interference contract.0.key 
71892      DEBUG main            d.u.i.k.p.i.AbstractProblemLoader Environment load took 104.7ns 
71894      INFO  main            d.u.i.k.p.i.AbstractProblemLoader Creating init config 
74957      DEBUG main            d.u.i.k.p.i.AbstractProblemLoader Init config took 3.06s 
75004      INFO  main            d.u.i.k.p.i.AbstractProblemLoader Replaying proof contract.IFMethodContract[contract.IFMethodContract::insecure_assignment_n2()].Non-interference contract.0 
75007      DEBUG main            d.u.i.k.p.i.IntermediateProofReplayer Proof replay took 15.3ns 
75311      INFO  main            d.u.i.k.p.r.p.TestFile    ... finished proof: open goal(s) 
75515      INFO  main            d.u.i.k.p.r.p.TestFile    Now processing file /home/runner/work/key/key/key.core/../key.ui/examples/InformationFlow/MethodContracts/contract.IFMethodContract(contract.IFMethodContract__secure_assignments_n2()).Non-interference contract.0.key 
75516      INFO  main            d.u.i.k.p.i.AbstractProblemLoader Loading environment from /home/runner/work/key/key/key.core/../key.ui/examples/InformationFlow/MethodContracts/contract.IFMethodContract(contract.IFMethodContract__secure_assignments_n2()).Non-interference contract.0.key 
75516      DEBUG main            d.u.i.k.p.i.AbstractProblemLoader Environment load took 112.6ns 
75517      INFO  main            d.u.i.k.p.i.AbstractProblemLoader Creating init config 
78587      DEBUG main            d.u.i.k.p.i.AbstractProblemLoader Init config took 3.07s 
78634      INFO  main            d.u.i.k.p.i.AbstractProblemLoader Replaying proof contract.IFMethodContract[contract.IFMethodContract::secure_assignments_n2()].Non-interference contract.0 
78640      DEBUG main            d.u.i.k.p.i.IntermediateProofReplayer Proof replay took 17.2ns 
79044      INFO  main            d.u.i.k.p.r.p.TestFile    ... finished proof: closed. 
79283      INFO  main            d.u.i.k.p.r.p.TestFile    Now processing file /home/runner/work/key/key/key.core/../key.ui/examples/InformationFlow/MethodContracts/contract.IFMethodContract(contract.IFMethodContract__n2()).Non-interference contract.0.key 
79283      INFO  main            d.u.i.k.p.i.AbstractProblemLoader Loading environment from /home/runner/work/key/key/key.core/../key.ui/examples/InformationFlow/MethodContracts/contract.IFMethodContract(contract.IFMethodContract__n2()).Non-interference contract.0.key 
79284      DEBUG main            d.u.i.k.p.i.AbstractProblemLoader Environment load took 81.9ns 
79286      INFO  main            d.u.i.k.p.i.AbstractProblemLoader Creating init config 
82333      DEBUG main            d.u.i.k.p.i.AbstractProblemLoader Init config took 3.05s 
82377      INFO  main            d.u.i.k.p.i.AbstractProblemLoader Replaying proof contract.IFMethodContract[contract.IFMethodContract::n2()].Non-interference contract.0 
82381      DEBUG main            d.u.i.k.p.i.IntermediateProofReplayer Proof replay took 16.2ns 
82584      INFO  main            d.u.i.k.p.r.p.TestFile    ... finished proof: closed. 
82799      INFO  main            d.u.i.k.p.r.p.TestFile    Now processing file /home/runner/work/key/key/key.core/../key.ui/examples/InformationFlow/MethodContracts/contract.IFMethodContract(contract.IFMethodContract__n1()).Non-interference contract.0.key 
82799      INFO  main            d.u.i.k.p.i.AbstractProblemLoader Loading environment from /home/runner/work/key/key/key.core/../key.ui/examples/InformationFlow/MethodContracts/contract.IFMethodContract(contract.IFMethodContract__n1()).Non-interference contract.0.key 
82799      DEBUG main            d.u.i.k.p.i.AbstractProblemLoader Environment load took 116.6ns 
82800      INFO  main            d.u.i.k.p.i.AbstractProblemLoader Creating init config 
85852      DEBUG main            d.u.i.k.p.i.AbstractProblemLoader Init config took 3.05s 
85899      INFO  main            d.u.i.k.p.i.AbstractProblemLoader Replaying proof contract.IFMethodContract[contract.IFMethodContract::n1()].Non-interference contract.0 
85902      DEBUG main            d.u.i.k.p.i.IntermediateProofReplayer Proof replay took 17.2ns 
86008      INFO  main            d.u.i.k.p.r.p.TestFile    ... finished proof: closed. 
86239      INFO  main            d.u.i.k.p.r.p.TestFile    Now processing file /home/runner/work/key/key/key.core/../key.ui/examples/InformationFlow/MethodContracts/contract.IFMethodContract(contract.IFMethodContract__secure_sequential_n1_n2()).Non-interference contract.0.key 
86239      INFO  main            d.u.i.k.p.i.AbstractProblemLoader Loading environment from /home/runner/work/key/key/key.core/../key.ui/examples/InformationFlow/MethodContracts/contract.IFMethodContract(contract.IFMethodContract__secure_sequential_n1_n2()).Non-interference contract.0.key 
86239      DEBUG main            d.u.i.k.p.i.AbstractProblemLoader Environment load took 83ns 
86241      INFO  main            d.u.i.k.p.i.AbstractProblemLoader Creating init config 
89267      DEBUG main            d.u.i.k.p.i.AbstractProblemLoader Init config took 3.03s 
89317      INFO  main            d.u.i.k.p.i.AbstractProblemLoader Replaying proof contract.IFMethodContract[contract.IFMethodContract::secure_sequential_n1_n2()].Non-interference contract.0 
89320      DEBUG main            d.u.i.k.p.i.IntermediateProofReplayer Proof replay took 14.5ns 
89624      INFO  main            d.u.i.k.p.r.p.TestFile    ... finished proof: closed. 
1257626    INFO  Test worker     d.u.i.k.p.r.RunAllProofsTestUnit Returning from test MethodContracts_nomacro 
1257628    INFO  Test worker     d.u.i.k.p.r.RunAllProofsTestUnit Running test LoopInvariants_nomacro 
450        INFO  Timeout watchdog d.u.i.k.p.r.p.ForkedTestFileRunner Timeout watcher launched (1000 secs.) 
478        WARN  main            d.u.i.k.s.ProofSettings   The settings in /home/runner/.key/proof-settings.props are *not* read. 
537        INFO  main            d.u.i.k.p.r.p.TestFile    Now processing file /home/runner/work/key/key/key.core/../key.ui/examples/InformationFlow/LoopInvariants/loop.IFLoopExamples(loop.IFLoopExamples__insecure_while_3(int)).Non-interference contract.0.key 
733        INFO  main            d.u.i.k.p.i.AbstractProblemLoader Loading environment from /home/runner/work/key/key/key.core/../key.ui/examples/InformationFlow/LoopInvariants/loop.IFLoopExamples(loop.IFLoopExamples__insecure_while_3(int)).Non-interference contract.0.key 
756        DEBUG main            d.u.i.k.p.i.AbstractProblemLoader Environment load took 2.77ms 
1057       INFO  main            d.u.i.k.p.i.AbstractProblemLoader Creating init config 
2238       DEBUG main            d.u.i.k.j.TypeConverter   No LDT found for Meta 
2239       DEBUG main            d.u.i.k.j.TypeConverter   No LDT found for Meta 
2240       DEBUG main            d.u.i.k.j.TypeConverter   No LDT found for Meta 
2241       DEBUG main            d.u.i.k.j.TypeConverter   No LDT found for Meta 
4250       DEBUG main            d.u.i.k.j.TypeConverter   No LDT found for JavaBigintExpression 
11078      DEBUG main            d.u.i.k.p.i.AbstractProblemLoader Init config took 10.02s 
11327      INFO  main            d.u.i.k.p.i.AbstractProblemLoader Replaying proof loop.IFLoopExamples[loop.IFLoopExamples::insecure_while_3(int)].Non-interference contract.0 
11455      DEBUG main            d.u.i.k.p.i.IntermediateProofReplayer Proof replay took 482.41ns 
15484      INFO  main            d.u.i.k.p.r.p.TestFile    ... finished proof: open goal(s) 
15753      INFO  main            d.u.i.k.p.r.p.TestFile    Now processing file /home/runner/work/key/key/key.core/../key.ui/examples/InformationFlow/LoopInvariants/loop.IFLoopExamples(loop.IFLoopExamples__secure_while_2(int)).Non-interference contract.0.key 
15755      INFO  main            d.u.i.k.p.i.AbstractProblemLoader Loading environment from /home/runner/work/key/key/key.core/../key.ui/examples/InformationFlow/LoopInvariants/loop.IFLoopExamples(loop.IFLoopExamples__secure_while_2(int)).Non-interference contract.0.key 
15755      DEBUG main            d.u.i.k.p.i.AbstractProblemLoader Environment load took 141ns 
15758      INFO  main            d.u.i.k.p.i.AbstractProblemLoader Creating init config 
19867      DEBUG main            d.u.i.k.p.i.AbstractProblemLoader Init config took 4.11s 
19957      INFO  main            d.u.i.k.p.i.AbstractProblemLoader Replaying proof loop.IFLoopExamples[loop.IFLoopExamples::secure_while_2(int)].Non-interference contract.0 
19967      DEBUG main            d.u.i.k.p.i.IntermediateProofReplayer Proof replay took 17.6ns 
22487      INFO  main            d.u.i.k.p.r.p.TestFile    ... finished proof: closed. 
22740      INFO  main            d.u.i.k.p.r.p.TestFile    Now processing file /home/runner/work/key/key/key.core/../key.ui/examples/InformationFlow/LoopInvariants/loop.IFLoopExamples(loop.IFLoopExamples__secure_while_4(int)).Non-interference contract.0.key 
22741      INFO  main            d.u.i.k.p.i.AbstractProblemLoader Loading environment from /home/runner/work/key/key/key.core/../key.ui/examples/InformationFlow/LoopInvariants/loop.IFLoopExamples(loop.IFLoopExamples__secure_while_4(int)).Non-interference contract.0.key 
22743      DEBUG main            d.u.i.k.p.i.AbstractProblemLoader Environment load took 1.24ms 
22745      INFO  main            d.u.i.k.p.i.AbstractProblemLoader Creating init config 
26788      DEBUG main            d.u.i.k.p.i.AbstractProblemLoader Init config took 4.04s 
26873      INFO  main            d.u.i.k.p.i.AbstractProblemLoader Replaying proof loop.IFLoopExamples[loop.IFLoopExamples::secure_while_4(int)].Non-interference contract.0 
26880      DEBUG main            d.u.i.k.p.i.IntermediateProofReplayer Proof replay took 15.9ns 
29095      INFO  main            d.u.i.k.p.r.p.TestFile    ... finished proof: closed. 
29349      INFO  main            d.u.i.k.p.r.p.TestFile    Now processing file /home/runner/work/key/key/key.core/../key.ui/examples/InformationFlow/LoopInvariants/loop.IFLoopExamples(loop.IFLoopExamples__insecure_doubleNestedWhile2(int)).Non-interference contract.0.key 
29349      INFO  main            d.u.i.k.p.i.AbstractProblemLoader Loading environment from /home/runner/work/key/key/key.core/../key.ui/examples/InformationFlow/LoopInvariants/loop.IFLoopExamples(loop.IFLoopExamples__insecure_doubleNestedWhile2(int)).Non-interference contract.0.key 
29349      DEBUG main            d.u.i.k.p.i.AbstractProblemLoader Environment load took 102.5ns 
29351      INFO  main            d.u.i.k.p.i.AbstractProblemLoader Creating init config 
33283      DEBUG main            d.u.i.k.p.i.AbstractProblemLoader Init config took 3.93s 
33346      INFO  main            d.u.i.k.p.i.AbstractProblemLoader Replaying proof loop.IFLoopExamples[loop.IFLoopExamples::insecure_doubleNestedWhile2(int)].Non-interference contract.0 
33353      DEBUG main            d.u.i.k.p.i.IntermediateProofReplayer Proof replay took 16.4ns 
46297      INFO  main            d.u.i.k.p.r.p.TestFile    ... finished proof: open goal(s) 
46594      INFO  main            d.u.i.k.p.r.p.TestFile    Now processing file /home/runner/work/key/key/key.core/../key.ui/examples/InformationFlow/LoopInvariants/loop.IFLoopExamples(loop.IFLoopExamples__insecure_doubleNestedWhile(int)).Non-interference contract.0.key 
46595      INFO  main            d.u.i.k.p.i.AbstractProblemLoader Loading environment from /home/runner/work/key/key/key.core/../key.ui/examples/InformationFlow/LoopInvariants/loop.IFLoopExamples(loop.IFLoopExamples__insecure_doubleNestedWhile(int)).Non-interference contract.0.key 
46596      DEBUG main            d.u.i.k.p.i.AbstractProblemLoader Environment load took 376.81ns 
46598      INFO  main            d.u.i.k.p.i.AbstractProblemLoader Creating init config 
50350      DEBUG main            d.u.i.k.p.i.AbstractProblemLoader Init config took 3.75s 
50411      INFO  main            d.u.i.k.p.i.AbstractProblemLoader Replaying proof loop.IFLoopExamples[loop.IFLoopExamples::insecure_doubleNestedWhile(int)].Non-interference contract.0 
50414      DEBUG main            d.u.i.k.p.i.IntermediateProofReplayer Proof replay took 16.1ns 
61634      INFO  main            d.u.i.k.p.r.p.TestFile    ... finished proof: open goal(s) 
62053      INFO  main            d.u.i.k.p.r.p.TestFile    Now processing file /home/runner/work/key/key/key.core/../key.ui/examples/InformationFlow/LoopInvariants/loop.IFLoopExamples(loop.IFLoopExamples__secure_doubleNestedWhile(int)).Non-interference contract.0.key 
62054      INFO  main            d.u.i.k.p.i.AbstractProblemLoader Loading environment from /home/runner/work/key/key/key.core/../key.ui/examples/InformationFlow/LoopInvariants/loop.IFLoopExamples(loop.IFLoopExamples__secure_doubleNestedWhile(int)).Non-interference contract.0.key 
62054      DEBUG main            d.u.i.k.p.i.AbstractProblemLoader Environment load took 105.2ns 
62057      INFO  main            d.u.i.k.p.i.AbstractProblemLoader Creating init config 
65801      DEBUG main            d.u.i.k.p.i.AbstractProblemLoader Init config took 3.74s 
65874      INFO  main            d.u.i.k.p.i.AbstractProblemLoader Replaying proof loop.IFLoopExamples[loop.IFLoopExamples::secure_doubleNestedWhile(int)].Non-interference contract.0 
65878      DEBUG main            d.u.i.k.p.i.IntermediateProofReplayer Proof replay took 15.9ns 
76534      INFO  main            d.u.i.k.p.r.p.TestFile    ... finished proof: closed. 
76905      INFO  main            d.u.i.k.p.r.p.TestFile    Now processing file /home/runner/work/key/key/key.core/../key.ui/examples/InformationFlow/LoopInvariants/loop.IFLoopExamples(loop.IFLoopExamples__secure_nestedTwoWhile(int)).Non-interference contract.0.key 
76905      INFO  main            d.u.i.k.p.i.AbstractProblemLoader Loading environment from /home/runner/work/key/key/key.core/../key.ui/examples/InformationFlow/LoopInvariants/loop.IFLoopExamples(loop.IFLoopExamples__secure_nestedTwoWhile(int)).Non-interference contract.0.key 
76908      DEBUG main            d.u.i.k.p.i.AbstractProblemLoader Environment load took 2.36ms 
76909      INFO  main            d.u.i.k.p.i.AbstractProblemLoader Creating init config 
80702      DEBUG main            d.u.i.k.p.i.AbstractProblemLoader Init config took 3.79s 
80760      INFO  main            d.u.i.k.p.i.AbstractProblemLoader Replaying proof loop.IFLoopExamples[loop.IFLoopExamples::secure_nestedTwoWhile(int)].Non-interference contract.0 
80763      DEBUG main            d.u.i.k.p.i.IntermediateProofReplayer Proof replay took 47.1ns 
88680      INFO  main            d.u.i.k.p.r.p.TestFile    ... finished proof: closed. 
88941      INFO  main            d.u.i.k.p.r.p.TestFile    Now processing file /home/runner/work/key/key/key.core/../key.ui/examples/InformationFlow/LoopInvariants/loop.IFLoopExamples(loop.IFLoopExamples__secure_nestedWhile(int)).Non-interference contract.0.key 
88941      INFO  main            d.u.i.k.p.i.AbstractProblemLoader Loading environment from /home/runner/work/key/key/key.core/../key.ui/examples/InformationFlow/LoopInvariants/loop.IFLoopExamples(loop.IFLoopExamples__secure_nestedWhile(int)).Non-interference contract.0.key 
88941      DEBUG main            d.u.i.k.p.i.AbstractProblemLoader Environment load took 93.2ns 
88942      INFO  main            d.u.i.k.p.i.AbstractProblemLoader Creating init config 
92615      DEBUG main            d.u.i.k.p.i.AbstractProblemLoader Init config took 3.67s 
92671      INFO  main            d.u.i.k.p.i.AbstractProblemLoader Replaying proof loop.IFLoopExamples[loop.IFLoopExamples::secure_nestedWhile(int)].Non-interference contract.0 
92674      DEBUG main            d.u.i.k.p.i.IntermediateProofReplayer Proof replay took 14.5ns 
97224      INFO  main            d.u.i.k.p.r.p.TestFile    ... finished proof: closed. 
97458      INFO  main            d.u.i.k.p.r.p.TestFile    Now processing file /home/runner/work/key/key/key.core/../key.ui/examples/InformationFlow/LoopInvariants/loop.IFLoopExamples(loop.IFLoopExamples__notSecure_while(int)).Non-interference contract.0.key 
97458      INFO  main            d.u.i.k.p.i.AbstractProblemLoader Loading environment from /home/runner/work/key/key/key.core/../key.ui/examples/InformationFlow/LoopInvariants/loop.IFLoopExamples(loop.IFLoopExamples__notSecure_while(int)).Non-interference contract.0.key 
97458      DEBUG main            d.u.i.k.p.i.AbstractProblemLoader Environment load took 84.5ns 
97460      INFO  main            d.u.i.k.p.i.AbstractProblemLoader Creating init config 
101170     DEBUG main            d.u.i.k.p.i.AbstractProblemLoader Init config took 3.71s 
101220     INFO  main            d.u.i.k.p.i.AbstractProblemLoader Replaying proof loop.IFLoopExamples[loop.IFLoopExamples::notSecure_while(int)].Non-interference contract.0 
101223     DEBUG main            d.u.i.k.p.i.IntermediateProofReplayer Proof replay took 15.5ns 
102836     INFO  main            d.u.i.k.p.r.p.TestFile    ... finished proof: open goal(s) 
103059     INFO  main            d.u.i.k.p.r.p.TestFile    Now processing file /home/runner/work/key/key/key.core/../key.ui/examples/InformationFlow/LoopInvariants/loop.IFLoopExamples(loop.IFLoopExamples__notSecure_while_wrongInv(int)).Non-interference contract.0.key 
103060     INFO  main            d.u.i.k.p.i.AbstractProblemLoader Loading environment from /home/runner/work/key/key/key.core/../key.ui/examples/InformationFlow/LoopInvariants/loop.IFLoopExamples(loop.IFLoopExamples__notSecure_while_wrongInv(int)).Non-interference contract.0.key 
103060     DEBUG main            d.u.i.k.p.i.AbstractProblemLoader Environment load took 95.5ns 
103061     INFO  main            d.u.i.k.p.i.AbstractProblemLoader Creating init config 
106693     DEBUG main            d.u.i.k.p.i.AbstractProblemLoader Init config took 3.63s 
106743     INFO  main            d.u.i.k.p.i.AbstractProblemLoader Replaying proof loop.IFLoopExamples[loop.IFLoopExamples::notSecure_while_wrongInv(int)].Non-interference contract.0 
106746     DEBUG main            d.u.i.k.p.i.IntermediateProofReplayer Proof replay took 15.1ns 
107350     INFO  main            d.u.i.k.p.r.p.TestFile    ... finished proof: open goal(s) 
107589     INFO  main            d.u.i.k.p.r.p.TestFile    Now processing file /home/runner/work/key/key/key.core/../key.ui/examples/InformationFlow/LoopInvariants/loop.IFLoopExamples(loop.IFLoopExamples__insecure_twoWhile(int)).Non-interference contract.0.key 
107590     INFO  main            d.u.i.k.p.i.AbstractProblemLoader Loading environment from /home/runner/work/key/key/key.core/../key.ui/examples/InformationFlow/LoopInvariants/loop.IFLoopExamples(loop.IFLoopExamples__insecure_twoWhile(int)).Non-interference contract.0.key 
107590     DEBUG main            d.u.i.k.p.i.AbstractProblemLoader Environment load took 102.2ns 
107592     INFO  main            d.u.i.k.p.i.AbstractProblemLoader Creating init config 
111238     DEBUG main            d.u.i.k.p.i.AbstractProblemLoader Init config took 3.65s 
111291     INFO  main            d.u.i.k.p.i.AbstractProblemLoader Replaying proof loop.IFLoopExamples[loop.IFLoopExamples::insecure_twoWhile(int)].Non-interference contract.0 
111294     DEBUG main            d.u.i.k.p.i.IntermediateProofReplayer Proof replay took 16.5ns 
114123     INFO  main            d.u.i.k.p.r.p.TestFile    ... finished proof: open goal(s) 
114374     INFO  main            d.u.i.k.p.r.p.TestFile    Now processing file /home/runner/work/key/key/key.core/../key.ui/examples/InformationFlow/LoopInvariants/loop.IFLoopExamples(loop.IFLoopExamples__insecure_twoWhile_2(int)).Non-interference contract.0.key 
114374     INFO  main            d.u.i.k.p.i.AbstractProblemLoader Loading environment from /home/runner/work/key/key/key.core/../key.ui/examples/InformationFlow/LoopInvariants/loop.IFLoopExamples(loop.IFLoopExamples__insecure_twoWhile_2(int)).Non-interference contract.0.key 
114374     DEBUG main            d.u.i.k.p.i.AbstractProblemLoader Environment load took 82.9ns 
114376     INFO  main            d.u.i.k.p.i.AbstractProblemLoader Creating init config 
117945     DEBUG main            d.u.i.k.p.i.AbstractProblemLoader Init config took 3.57s 
117993     INFO  main            d.u.i.k.p.i.AbstractProblemLoader Replaying proof loop.IFLoopExamples[loop.IFLoopExamples::insecure_twoWhile_2(int)].Non-interference contract.0 
117996     DEBUG main            d.u.i.k.p.i.IntermediateProofReplayer Proof replay took 15.2ns 
121309     INFO  main            d.u.i.k.p.r.p.TestFile    ... finished proof: open goal(s) 
121606     INFO  main            d.u.i.k.p.r.p.TestFile    Now processing file /home/runner/work/key/key/key.core/../key.ui/examples/InformationFlow/LoopInvariants/loop.IFLoopExamples(loop.IFLoopExamples__secure_twoWhile(int)).Non-interference contract.0.key 
121606     INFO  main            d.u.i.k.p.i.AbstractProblemLoader Loading environment from /home/runner/work/key/key/key.core/../key.ui/examples/InformationFlow/LoopInvariants/loop.IFLoopExamples(loop.IFLoopExamples__secure_twoWhile(int)).Non-interference contract.0.key 
121606     DEBUG main            d.u.i.k.p.i.AbstractProblemLoader Environment load took 85.5ns 
121609     INFO  main            d.u.i.k.p.i.AbstractProblemLoader Creating init config 
125128     DEBUG main            d.u.i.k.p.i.AbstractProblemLoader Init config took 3.52s 
125175     INFO  main            d.u.i.k.p.i.AbstractProblemLoader Replaying proof loop.IFLoopExamples[loop.IFLoopExamples::secure_twoWhile(int)].Non-interference contract.0 
125178     DEBUG main            d.u.i.k.p.i.IntermediateProofReplayer Proof replay took 14.7ns 
127794     INFO  main            d.u.i.k.p.r.p.TestFile    ... finished proof: closed. 
128101     INFO  main            d.u.i.k.p.r.p.TestFile    Now processing file /home/runner/work/key/key/key.core/../key.ui/examples/InformationFlow/LoopInvariants/loop.IFLoopExamples(loop.IFLoopExamples__loc_secure_while(int)).Non-interference contract.0.key 
128101     INFO  main            d.u.i.k.p.i.AbstractProblemLoader Loading environment from /home/runner/work/key/key/key.core/../key.ui/examples/InformationFlow/LoopInvariants/loop.IFLoopExamples(loop.IFLoopExamples__loc_secure_while(int)).Non-interference contract.0.key 
128101     DEBUG main            d.u.i.k.p.i.AbstractProblemLoader Environment load took 105.9ns 
128104     INFO  main            d.u.i.k.p.i.AbstractProblemLoader Creating init config 
131584     DEBUG main            d.u.i.k.p.i.AbstractProblemLoader Init config took 3.48s 
131642     INFO  main            d.u.i.k.p.i.AbstractProblemLoader Replaying proof loop.IFLoopExamples[loop.IFLoopExamples::loc_secure_while(int)].Non-interference contract.0 
131646     DEBUG main            d.u.i.k.p.i.IntermediateProofReplayer Proof replay took 15.2ns 
133353     INFO  main            d.u.i.k.p.r.p.TestFile    ... finished proof: closed. 
133585     INFO  main            d.u.i.k.p.r.p.TestFile    Now processing file /home/runner/work/key/key/key.core/../key.ui/examples/InformationFlow/LoopInvariants/loop.IFLoopExamples(loop.IFLoopExamples__secure_while(int)).Non-interference contract.0.key 
133585     INFO  main            d.u.i.k.p.i.AbstractProblemLoader Loading environment from /home/runner/work/key/key/key.core/../key.ui/examples/InformationFlow/LoopInvariants/loop.IFLoopExamples(loop.IFLoopExamples__secure_while(int)).Non-interference contract.0.key 
133585     DEBUG main            d.u.i.k.p.i.AbstractProblemLoader Environment load took 109ns 
133587     INFO  main            d.u.i.k.p.i.AbstractProblemLoader Creating init config 
137114     DEBUG main            d.u.i.k.p.i.AbstractProblemLoader Init config took 3.53s 
137159     INFO  main            d.u.i.k.p.i.AbstractProblemLoader Replaying proof loop.IFLoopExamples[loop.IFLoopExamples::secure_while(int)].Non-interference contract.0 
137162     DEBUG main            d.u.i.k.p.i.IntermediateProofReplayer Proof replay took 17.6ns 
138570     INFO  main            d.u.i.k.p.r.p.TestFile    ... finished proof: closed. 
138809     INFO  main            d.u.i.k.p.r.p.TestFile    Now processing file /home/runner/work/key/key/key.core/../key.ui/examples/InformationFlow/LoopInvariants/loop.IFLoopExamples(loop.IFLoopExamples__print(int)).Non-interference contract.0.key 
138810     INFO  main            d.u.i.k.p.i.AbstractProblemLoader Loading environment from /home/runner/work/key/key/key.core/../key.ui/examples/InformationFlow/LoopInvariants/loop.IFLoopExamples(loop.IFLoopExamples__print(int)).Non-interference contract.0.key 
138810     DEBUG main            d.u.i.k.p.i.AbstractProblemLoader Environment load took 89.4ns 
138811     INFO  main            d.u.i.k.p.i.AbstractProblemLoader Creating init config 
142360     DEBUG main            d.u.i.k.p.i.AbstractProblemLoader Init config took 3.55s 
142407     INFO  main            d.u.i.k.p.i.AbstractProblemLoader Replaying proof loop.IFLoopExamples[loop.IFLoopExamples::print(int)].Non-interference contract.0 
142410     DEBUG main            d.u.i.k.p.i.IntermediateProofReplayer Proof replay took 14.8ns 
142512     INFO  main            d.u.i.k.p.r.p.TestFile    ... finished proof: closed. 
142713     INFO  main            d.u.i.k.p.r.p.TestFile    Now processing file /home/runner/work/key/key/key.core/../key.ui/examples/InformationFlow/LoopInvariants/loop.IFLoopExamples(loop.IFLoopExamples__hammer(int)).Non-interference contract.0.key 
142714     INFO  main            d.u.i.k.p.i.AbstractProblemLoader Loading environment from /home/runner/work/key/key/key.core/../key.ui/examples/InformationFlow/LoopInvariants/loop.IFLoopExamples(loop.IFLoopExamples__hammer(int)).Non-interference contract.0.key 
142714     DEBUG main            d.u.i.k.p.i.AbstractProblemLoader Environment load took 85.6ns 
142715     INFO  main            d.u.i.k.p.i.AbstractProblemLoader Creating init config 
146310     DEBUG main            d.u.i.k.p.i.AbstractProblemLoader Init config took 3.6s 
146356     INFO  main            d.u.i.k.p.i.AbstractProblemLoader Replaying proof loop.IFLoopExamples[loop.IFLoopExamples::hammer(int)].Non-interference contract.0 
146359     DEBUG main            d.u.i.k.p.i.IntermediateProofReplayer Proof replay took 48.7ns 
149172     INFO  main            d.u.i.k.p.r.p.TestFile    ... finished proof: closed. 
1407252    INFO  Test worker     d.u.i.k.p.r.RunAllProofsTestUnit Returning from test LoopInvariants_nomacro 
1407254    INFO  Test worker     d.u.i.k.p.r.RunAllProofsTestUnit Running test MiniExamples_nomacro 
435        INFO  Timeout watchdog d.u.i.k.p.r.p.ForkedTestFileRunner Timeout watcher launched (1000 secs.) 
454        WARN  main            d.u.i.k.s.ProofSettings   The settings in /home/runner/.key/proof-settings.props are *not* read. 
481        INFO  main            d.u.i.k.p.r.p.TestFile    Now processing file /home/runner/work/key/key/key.core/../key.ui/examples/InformationFlow/MiniExamples/mini.AliasingExamples(mini.AliasingExamples__insecure_1(mini.AliasingExamples,mini.AliasingExamples,int)).Non-interference contract.0.key 
619        INFO  main            d.u.i.k.p.i.AbstractProblemLoader Loading environment from /home/runner/work/key/key/key.core/../key.ui/examples/InformationFlow/MiniExamples/mini.AliasingExamples(mini.AliasingExamples__insecure_1(mini.AliasingExamples,mini.AliasingExamples,int)).Non-interference contract.0.key 
642        DEBUG main            d.u.i.k.p.i.AbstractProblemLoader Environment load took 2.68ms 
962        INFO  main            d.u.i.k.p.i.AbstractProblemLoader Creating init config 
2236       DEBUG main            d.u.i.k.j.TypeConverter   No LDT found for Meta 
2237       DEBUG main            d.u.i.k.j.TypeConverter   No LDT found for Meta 
2239       DEBUG main            d.u.i.k.j.TypeConverter   No LDT found for Meta 
2239       DEBUG main            d.u.i.k.j.TypeConverter   No LDT found for Meta 
4293       DEBUG main            d.u.i.k.j.TypeConverter   No LDT found for JavaBigintExpression 
11030      DEBUG main            d.u.i.k.p.i.AbstractProblemLoader Init config took 10.07s 
11219      INFO  main            d.u.i.k.p.i.AbstractProblemLoader Replaying proof mini.AliasingExamples[mini.AliasingExamples::insecure_1(mini.AliasingExamples,mini.AliasingExamples,int)].Non-interference contract.0 
11328      DEBUG main            d.u.i.k.p.i.IntermediateProofReplayer Proof replay took 637.81ns 
12685      INFO  main            d.u.i.k.p.r.p.TestFile    ... finished proof: open goal(s) 
12889      INFO  main            d.u.i.k.p.r.p.TestFile    Now processing file /home/runner/work/key/key/key.core/../key.ui/examples/InformationFlow/MiniExamples/mini.AliasingExamples(mini.AliasingExamples__secure_1(mini.AliasingExamples,mini.AliasingExamples,int)).Non-interference contract.0.key 
12891      INFO  main            d.u.i.k.p.i.AbstractProblemLoader Loading environment from /home/runner/work/key/key/key.core/../key.ui/examples/InformationFlow/MiniExamples/mini.AliasingExamples(mini.AliasingExamples__secure_1(mini.AliasingExamples,mini.AliasingExamples,int)).Non-interference contract.0.key 
12892      DEBUG main            d.u.i.k.p.i.AbstractProblemLoader Environment load took 343.21ns 
12896      INFO  main            d.u.i.k.p.i.AbstractProblemLoader Creating init config 
16822      DEBUG main            d.u.i.k.p.i.AbstractProblemLoader Init config took 3.93s 
16923      INFO  main            d.u.i.k.p.i.AbstractProblemLoader Replaying proof mini.AliasingExamples[mini.AliasingExamples::secure_1(mini.AliasingExamples,mini.AliasingExamples,int)].Non-interference contract.0 
16927      DEBUG main            d.u.i.k.p.i.IntermediateProofReplayer Proof replay took 14.3ns 
17332      INFO  main            d.u.i.k.p.r.p.TestFile    ... finished proof: closed. 
17485      INFO  main            d.u.i.k.p.r.p.TestFile    Now processing file /home/runner/work/key/key/key.core/../key.ui/examples/InformationFlow/MiniExamples/mini.MiniExamplesLecture(mini.MiniExamplesLecture__m_6()).Non-interference contract.0.key 
17490      INFO  main            d.u.i.k.p.i.AbstractProblemLoader Loading environment from /home/runner/work/key/key/key.core/../key.ui/examples/InformationFlow/MiniExamples/mini.MiniExamplesLecture(mini.MiniExamplesLecture__m_6()).Non-interference contract.0.key 
17491      DEBUG main            d.u.i.k.p.i.AbstractProblemLoader Environment load took 493.91ns 
17494      INFO  main            d.u.i.k.p.i.AbstractProblemLoader Creating init config 
21222      DEBUG main            d.u.i.k.p.i.AbstractProblemLoader Init config took 3.73s 
21305      INFO  main            d.u.i.k.p.i.AbstractProblemLoader Replaying proof mini.MiniExamplesLecture[mini.MiniExamplesLecture::m_6()].Non-interference contract.0 
21309      DEBUG main            d.u.i.k.p.i.IntermediateProofReplayer Proof replay took 12.8ns 
21512      INFO  main            d.u.i.k.p.r.p.TestFile    ... finished proof: closed. 
21665      INFO  main            d.u.i.k.p.r.p.TestFile    Now processing file /home/runner/work/key/key/key.core/../key.ui/examples/InformationFlow/MiniExamples/mini.MiniExamplesLecture(mini.MiniExamplesLecture__m_5()).Non-interference contract.0.key 
21665      INFO  main            d.u.i.k.p.i.AbstractProblemLoader Loading environment from /home/runner/work/key/key/key.core/../key.ui/examples/InformationFlow/MiniExamples/mini.MiniExamplesLecture(mini.MiniExamplesLecture__m_5()).Non-interference contract.0.key 
21665      DEBUG main            d.u.i.k.p.i.AbstractProblemLoader Environment load took 93.1ns 
21666      INFO  main            d.u.i.k.p.i.AbstractProblemLoader Creating init config 
25172      DEBUG main            d.u.i.k.p.i.AbstractProblemLoader Init config took 3.5s 
25243      INFO  main            d.u.i.k.p.i.AbstractProblemLoader Replaying proof mini.MiniExamplesLecture[mini.MiniExamplesLecture::m_5()].Non-interference contract.0 
25247      DEBUG main            d.u.i.k.p.i.IntermediateProofReplayer Proof replay took 13.4ns 
25550      INFO  main            d.u.i.k.p.r.p.TestFile    ... finished proof: closed. 
25726      INFO  main            d.u.i.k.p.r.p.TestFile    Now processing file /home/runner/work/key/key/key.core/../key.ui/examples/InformationFlow/MiniExamples/mini.MiniExamplesLecture(mini.MiniExamplesLecture__m_4()).Non-interference contract.0.key 
25726      INFO  main            d.u.i.k.p.i.AbstractProblemLoader Loading environment from /home/runner/work/key/key/key.core/../key.ui/examples/InformationFlow/MiniExamples/mini.MiniExamplesLecture(mini.MiniExamplesLecture__m_4()).Non-interference contract.0.key 
25726      DEBUG main            d.u.i.k.p.i.AbstractProblemLoader Environment load took 95.41ns 
25728      INFO  main            d.u.i.k.p.i.AbstractProblemLoader Creating init config 
29198      DEBUG main            d.u.i.k.p.i.AbstractProblemLoader Init config took 3.47s 
29273      INFO  main            d.u.i.k.p.i.AbstractProblemLoader Replaying proof mini.MiniExamplesLecture[mini.MiniExamplesLecture::m_4()].Non-interference contract.0 
29283      DEBUG main            d.u.i.k.p.i.IntermediateProofReplayer Proof replay took 15.3ns 
29488      INFO  main            d.u.i.k.p.r.p.TestFile    ... finished proof: closed. 
29645      INFO  main            d.u.i.k.p.r.p.TestFile    Now processing file /home/runner/work/key/key/key.core/../key.ui/examples/InformationFlow/MiniExamples/mini.MiniExamplesLecture(mini.MiniExamplesLecture__m_3()).Non-interference contract.0.key 
29646      INFO  main            d.u.i.k.p.i.AbstractProblemLoader Loading environment from /home/runner/work/key/key/key.core/../key.ui/examples/InformationFlow/MiniExamples/mini.MiniExamplesLecture(mini.MiniExamplesLecture__m_3()).Non-interference contract.0.key 
29646      DEBUG main            d.u.i.k.p.i.AbstractProblemLoader Environment load took 89ns 
29648      INFO  main            d.u.i.k.p.i.AbstractProblemLoader Creating init config 
33026      DEBUG main            d.u.i.k.p.i.AbstractProblemLoader Init config took 3.38s 
33093      INFO  main            d.u.i.k.p.i.AbstractProblemLoader Replaying proof mini.MiniExamplesLecture[mini.MiniExamplesLecture::m_3()].Non-interference contract.0 
33096      DEBUG main            d.u.i.k.p.i.IntermediateProofReplayer Proof replay took 14ns 
33503      INFO  main            d.u.i.k.p.r.p.TestFile    ... finished proof: open goal(s) 
33763      INFO  main            d.u.i.k.p.r.p.TestFile    Now processing file /home/runner/work/key/key/key.core/../key.ui/examples/InformationFlow/MiniExamples/mini.MiniExamplesLecture(mini.MiniExamplesLecture__m_2()).Non-interference contract.0.key 
33763      INFO  main            d.u.i.k.p.i.AbstractProblemLoader Loading environment from /home/runner/work/key/key/key.core/../key.ui/examples/InformationFlow/MiniExamples/mini.MiniExamplesLecture(mini.MiniExamplesLecture__m_2()).Non-interference contract.0.key 
33763      DEBUG main            d.u.i.k.p.i.AbstractProblemLoader Environment load took 86.4ns 
33765      INFO  main            d.u.i.k.p.i.AbstractProblemLoader Creating init config 
37190      DEBUG main            d.u.i.k.p.i.AbstractProblemLoader Init config took 3.43s 
37249      INFO  main            d.u.i.k.p.i.AbstractProblemLoader Replaying proof mini.MiniExamplesLecture[mini.MiniExamplesLecture::m_2()].Non-interference contract.0 
37254      DEBUG main            d.u.i.k.p.i.IntermediateProofReplayer Proof replay took 13.7ns 
37560      INFO  main            d.u.i.k.p.r.p.TestFile    ... finished proof: closed. 
37728      INFO  main            d.u.i.k.p.r.p.TestFile    Now processing file /home/runner/work/key/key/key.core/../key.ui/examples/InformationFlow/MiniExamples/mini.MiniExamplesLecture(mini.MiniExamplesLecture__m_1()).Non-interference contract.0.key 
37728      INFO  main            d.u.i.k.p.i.AbstractProblemLoader Loading environment from /home/runner/work/key/key/key.core/../key.ui/examples/InformationFlow/MiniExamples/mini.MiniExamplesLecture(mini.MiniExamplesLecture__m_1()).Non-interference contract.0.key 
37728      DEBUG main            d.u.i.k.p.i.AbstractProblemLoader Environment load took 88.5ns 
37729      INFO  main            d.u.i.k.p.i.AbstractProblemLoader Creating init config 
41194      DEBUG main            d.u.i.k.p.i.AbstractProblemLoader Init config took 3.46s 
41266      INFO  main            d.u.i.k.p.i.AbstractProblemLoader Replaying proof mini.MiniExamplesLecture[mini.MiniExamplesLecture::m_1()].Non-interference contract.0 
41271      DEBUG main            d.u.i.k.p.i.IntermediateProofReplayer Proof replay took 13.6ns 
41474      INFO  main            d.u.i.k.p.r.p.TestFile    ... finished proof: open goal(s) 
41649      INFO  main            d.u.i.k.p.r.p.TestFile    Now processing file /home/runner/work/key/key/key.core/../key.ui/examples/InformationFlow/MiniExamples/mini.DifferenceSeqLocset(mini.DifferenceSeqLocset__m()).Non-interference contract.1.key 
41649      INFO  main            d.u.i.k.p.i.AbstractProblemLoader Loading environment from /home/runner/work/key/key/key.core/../key.ui/examples/InformationFlow/MiniExamples/mini.DifferenceSeqLocset(mini.DifferenceSeqLocset__m()).Non-interference contract.1.key 
41650      DEBUG main            d.u.i.k.p.i.AbstractProblemLoader Environment load took 99.4ns 
41652      INFO  main            d.u.i.k.p.i.AbstractProblemLoader Creating init config 
45035      DEBUG main            d.u.i.k.p.i.AbstractProblemLoader Init config took 3.38s 
45095      INFO  main            d.u.i.k.p.i.AbstractProblemLoader Replaying proof mini.DifferenceSeqLocset[mini.DifferenceSeqLocset::m()].Non-interference contract.1 
45098      DEBUG main            d.u.i.k.p.i.IntermediateProofReplayer Proof replay took 14.1ns 
46210      INFO  main            d.u.i.k.p.r.p.TestFile    ... finished proof: open goal(s) 
46386      INFO  main            d.u.i.k.p.r.p.TestFile    Now processing file /home/runner/work/key/key/key.core/../key.ui/examples/InformationFlow/MiniExamples/mini.DifferenceSeqLocset(mini.DifferenceSeqLocset__m()).Non-interference contract.0.key 
46387      INFO  main            d.u.i.k.p.i.AbstractProblemLoader Loading environment from /home/runner/work/key/key/key.core/../key.ui/examples/InformationFlow/MiniExamples/mini.DifferenceSeqLocset(mini.DifferenceSeqLocset__m()).Non-interference contract.0.key 
46387      DEBUG main            d.u.i.k.p.i.AbstractProblemLoader Environment load took 120.6ns 
46388      INFO  main            d.u.i.k.p.i.AbstractProblemLoader Creating init config 
49686      DEBUG main            d.u.i.k.p.i.AbstractProblemLoader Init config took 3.3s 
49747      INFO  main            d.u.i.k.p.i.AbstractProblemLoader Replaying proof mini.DifferenceSeqLocset[mini.DifferenceSeqLocset::m()].Non-interference contract.0 
49751      DEBUG main            d.u.i.k.p.i.IntermediateProofReplayer Proof replay took 15.4ns 
52808      INFO  main            d.u.i.k.p.r.p.TestFile    ... finished proof: open goal(s) 
53024      INFO  main            d.u.i.k.p.r.p.TestFile    Now processing file /home/runner/work/key/key/key.core/../key.ui/examples/InformationFlow/MiniExamples/mini.MiniExamples(mini.MiniExamples__secure_p2_8()).Non-interference contract.0.key 
53025      INFO  main            d.u.i.k.p.i.AbstractProblemLoader Loading environment from /home/runner/work/key/key/key.core/../key.ui/examples/InformationFlow/MiniExamples/mini.MiniExamples(mini.MiniExamples__secure_p2_8()).Non-interference contract.0.key 
53026      DEBUG main            d.u.i.k.p.i.AbstractProblemLoader Environment load took 428.71ns 
53029      INFO  main            d.u.i.k.p.i.AbstractProblemLoader Creating init config 
56332      DEBUG main            d.u.i.k.p.i.AbstractProblemLoader Init config took 3.3s 
56395      INFO  main            d.u.i.k.p.i.AbstractProblemLoader Replaying proof mini.MiniExamples[mini.MiniExamples::secure_p2_8()].Non-interference contract.0 
56400      DEBUG main            d.u.i.k.p.i.IntermediateProofReplayer Proof replay took 15.1ns 
56803      INFO  main            d.u.i.k.p.r.p.TestFile    ... finished proof: closed. 
57004      INFO  main            d.u.i.k.p.r.p.TestFile    Now processing file /home/runner/work/key/key/key.core/../key.ui/examples/InformationFlow/MiniExamples/mini.MiniExamples(mini.MiniExamples__secure_parameter(int)).Non-interference contract.0.key 
57004      INFO  main            d.u.i.k.p.i.AbstractProblemLoader Loading environment from /home/runner/work/key/key/key.core/../key.ui/examples/InformationFlow/MiniExamples/mini.MiniExamples(mini.MiniExamples__secure_parameter(int)).Non-interference contract.0.key 
57004      DEBUG main            d.u.i.k.p.i.AbstractProblemLoader Environment load took 146.2ns 
57008      INFO  main            d.u.i.k.p.i.AbstractProblemLoader Creating init config 
60306      DEBUG main            d.u.i.k.p.i.AbstractProblemLoader Init config took 3.3s 
60361      INFO  main            d.u.i.k.p.i.AbstractProblemLoader Replaying proof mini.MiniExamples[mini.MiniExamples::secure_parameter(int)].Non-interference contract.0 
60364      DEBUG main            d.u.i.k.p.i.IntermediateProofReplayer Proof replay took 14.7ns 
60567      INFO  main            d.u.i.k.p.r.p.TestFile    ... finished proof: closed. 
60744      INFO  main            d.u.i.k.p.r.p.TestFile    Now processing file /home/runner/work/key/key/key.core/../key.ui/examples/InformationFlow/MiniExamples/mini.MiniExamples(mini.MiniExamples__secure_p2_7()).Non-interference contract.0.key 
60744      INFO  main            d.u.i.k.p.i.AbstractProblemLoader Loading environment from /home/runner/work/key/key/key.core/../key.ui/examples/InformationFlow/MiniExamples/mini.MiniExamples(mini.MiniExamples__secure_p2_7()).Non-interference contract.0.key 
60744      DEBUG main            d.u.i.k.p.i.AbstractProblemLoader Environment load took 105.7ns 
60745      INFO  main            d.u.i.k.p.i.AbstractProblemLoader Creating init config 
64010      DEBUG main            d.u.i.k.p.i.AbstractProblemLoader Init config took 3.26s 
64069      INFO  main            d.u.i.k.p.i.AbstractProblemLoader Replaying proof mini.MiniExamples[mini.MiniExamples::secure_p2_7()].Non-interference contract.0 
64074      DEBUG main            d.u.i.k.p.i.IntermediateProofReplayer Proof replay took 14.3ns 
64377      INFO  main            d.u.i.k.p.r.p.TestFile    ... finished proof: closed. 
64564      INFO  main            d.u.i.k.p.r.p.TestFile    Now processing file /home/runner/work/key/key/key.core/../key.ui/examples/InformationFlow/MiniExamples/mini.MiniExamples(mini.MiniExamples__insecure_p2_2()).Non-interference contract.0.key 
64565      INFO  main            d.u.i.k.p.i.AbstractProblemLoader Loading environment from /home/runner/work/key/key/key.core/../key.ui/examples/InformationFlow/MiniExamples/mini.MiniExamples(mini.MiniExamples__insecure_p2_2()).Non-interference contract.0.key 
64565      DEBUG main            d.u.i.k.p.i.AbstractProblemLoader Environment load took 88.2ns 
64566      INFO  main            d.u.i.k.p.i.AbstractProblemLoader Creating init config 
67857      DEBUG main            d.u.i.k.p.i.AbstractProblemLoader Init config took 3.29s 
67910      INFO  main            d.u.i.k.p.i.AbstractProblemLoader Replaying proof mini.MiniExamples[mini.MiniExamples::insecure_p2_2()].Non-interference contract.0 
67915      DEBUG main            d.u.i.k.p.i.IntermediateProofReplayer Proof replay took 19ns 
68221      INFO  main            d.u.i.k.p.r.p.TestFile    ... finished proof: open goal(s) 
68406      INFO  main            d.u.i.k.p.r.p.TestFile    Now processing file /home/runner/work/key/key/key.core/../key.ui/examples/InformationFlow/MiniExamples/mini.MiniExamples(mini.MiniExamples__secure_p2_6()).Non-interference contract.0.key 
68406      INFO  main            d.u.i.k.p.i.AbstractProblemLoader Loading environment from /home/runner/work/key/key/key.core/../key.ui/examples/InformationFlow/MiniExamples/mini.MiniExamples(mini.MiniExamples__secure_p2_6()).Non-interference contract.0.key 
68406      DEBUG main            d.u.i.k.p.i.AbstractProblemLoader Environment load took 99.8ns 
68407      INFO  main            d.u.i.k.p.i.AbstractProblemLoader Creating init config 
71683      DEBUG main            d.u.i.k.p.i.AbstractProblemLoader Init config took 3.28s 
71733      INFO  main            d.u.i.k.p.i.AbstractProblemLoader Replaying proof mini.MiniExamples[mini.MiniExamples::secure_p2_6()].Non-interference contract.0 
71737      DEBUG main            d.u.i.k.p.i.IntermediateProofReplayer Proof replay took 19.1ns 
71840      INFO  main            d.u.i.k.p.r.p.TestFile    ... finished proof: closed. 
72032      INFO  main            d.u.i.k.p.r.p.TestFile    Now processing file /home/runner/work/key/key/key.core/../key.ui/examples/InformationFlow/MiniExamples/mini.MiniExamples(mini.MiniExamples__secure_p2_5()).Non-interference contract.0.key 
72033      INFO  main            d.u.i.k.p.i.AbstractProblemLoader Loading environment from /home/runner/work/key/key/key.core/../key.ui/examples/InformationFlow/MiniExamples/mini.MiniExamples(mini.MiniExamples__secure_p2_5()).Non-interference contract.0.key 
72033      DEBUG main            d.u.i.k.p.i.AbstractProblemLoader Environment load took 83.7ns 
72034      INFO  main            d.u.i.k.p.i.AbstractProblemLoader Creating init config 
75228      DEBUG main            d.u.i.k.p.i.AbstractProblemLoader Init config took 3.19s 
75317      INFO  main            d.u.i.k.p.i.AbstractProblemLoader Replaying proof mini.MiniExamples[mini.MiniExamples::secure_p2_5()].Non-interference contract.0 
75320      DEBUG main            d.u.i.k.p.i.IntermediateProofReplayer Proof replay took 15.6ns 
75522      INFO  main            d.u.i.k.p.r.p.TestFile    ... finished proof: closed. 
75726      INFO  main            d.u.i.k.p.r.p.TestFile    Now processing file /home/runner/work/key/key/key.core/../key.ui/examples/InformationFlow/MiniExamples/mini.MiniExamples(mini.MiniExamples__secure_p2_4()).Non-interference contract.0.key 
75726      INFO  main            d.u.i.k.p.i.AbstractProblemLoader Loading environment from /home/runner/work/key/key/key.core/../key.ui/examples/InformationFlow/MiniExamples/mini.MiniExamples(mini.MiniExamples__secure_p2_4()).Non-interference contract.0.key 
75726      DEBUG main            d.u.i.k.p.i.AbstractProblemLoader Environment load took 82.2ns 
75728      INFO  main            d.u.i.k.p.i.AbstractProblemLoader Creating init config 
78988      DEBUG main            d.u.i.k.p.i.AbstractProblemLoader Init config took 3.26s 
79045      INFO  main            d.u.i.k.p.i.AbstractProblemLoader Replaying proof mini.MiniExamples[mini.MiniExamples::secure_p2_4()].Non-interference contract.0 
79048      DEBUG main            d.u.i.k.p.i.IntermediateProofReplayer Proof replay took 15.6ns 
79251      INFO  main            d.u.i.k.p.r.p.TestFile    ... finished proof: closed. 
79460      INFO  main            d.u.i.k.p.r.p.TestFile    Now processing file /home/runner/work/key/key/key.core/../key.ui/examples/InformationFlow/MiniExamples/mini.MiniExamples(mini.MiniExamples__secure_p2_3()).Non-interference contract.0.key 
79460      INFO  main            d.u.i.k.p.i.AbstractProblemLoader Loading environment from /home/runner/work/key/key/key.core/../key.ui/examples/InformationFlow/MiniExamples/mini.MiniExamples(mini.MiniExamples__secure_p2_3()).Non-interference contract.0.key 
79460      DEBUG main            d.u.i.k.p.i.AbstractProblemLoader Environment load took 210ns 
79462      INFO  main            d.u.i.k.p.i.AbstractProblemLoader Creating init config 
82815      DEBUG main            d.u.i.k.p.i.AbstractProblemLoader Init config took 3.35s 
82865      INFO  main            d.u.i.k.p.i.AbstractProblemLoader Replaying proof mini.MiniExamples[mini.MiniExamples::secure_p2_3()].Non-interference contract.0 
82868      DEBUG main            d.u.i.k.p.i.IntermediateProofReplayer Proof replay took 16.8ns 
83170      INFO  main            d.u.i.k.p.r.p.TestFile    ... finished proof: closed. 
83394      INFO  main            d.u.i.k.p.r.p.TestFile    Now processing file /home/runner/work/key/key/key.core/../key.ui/examples/InformationFlow/MiniExamples/mini.MiniExamples(mini.MiniExamples__secure_p2_2()).Non-interference contract.0.key 
83395      INFO  main            d.u.i.k.p.i.AbstractProblemLoader Loading environment from /home/runner/work/key/key/key.core/../key.ui/examples/InformationFlow/MiniExamples/mini.MiniExamples(mini.MiniExamples__secure_p2_2()).Non-interference contract.0.key 
83395      DEBUG main            d.u.i.k.p.i.AbstractProblemLoader Environment load took 92.7ns 
83396      INFO  main            d.u.i.k.p.i.AbstractProblemLoader Creating init config 
86736      DEBUG main            d.u.i.k.p.i.AbstractProblemLoader Init config took 3.34s 
86785      INFO  main            d.u.i.k.p.i.AbstractProblemLoader Replaying proof mini.MiniExamples[mini.MiniExamples::secure_p2_2()].Non-interference contract.0 
86788      DEBUG main            d.u.i.k.p.i.IntermediateProofReplayer Proof replay took 16.4ns 
86890      INFO  main            d.u.i.k.p.r.p.TestFile    ... finished proof: closed. 
87099      INFO  main            d.u.i.k.p.r.p.TestFile    Now processing file /home/runner/work/key/key/key.core/../key.ui/examples/InformationFlow/MiniExamples/mini.MiniExamples(mini.MiniExamples__secure_p2_1()).Non-interference contract.0.key 
87100      INFO  main            d.u.i.k.p.i.AbstractProblemLoader Loading environment from /home/runner/work/key/key/key.core/../key.ui/examples/InformationFlow/MiniExamples/mini.MiniExamples(mini.MiniExamples__secure_p2_1()).Non-interference contract.0.key 
87100      DEBUG main            d.u.i.k.p.i.AbstractProblemLoader Environment load took 80.4ns 
87101      INFO  main            d.u.i.k.p.i.AbstractProblemLoader Creating init config 
90274      DEBUG main            d.u.i.k.p.i.AbstractProblemLoader Init config took 3.17s 
90325      INFO  main            d.u.i.k.p.i.AbstractProblemLoader Replaying proof mini.MiniExamples[mini.MiniExamples::secure_p2_1()].Non-interference contract.0 
90328      DEBUG main            d.u.i.k.p.i.IntermediateProofReplayer Proof replay took 15.3ns 
90531      INFO  main            d.u.i.k.p.r.p.TestFile    ... finished proof: closed. 
90735      INFO  main            d.u.i.k.p.r.p.TestFile    Now processing file /home/runner/work/key/key/key.core/../key.ui/examples/InformationFlow/MiniExamples/mini.MiniExamples(mini.MiniExamples__insecure_p2_1()).Non-interference contract.0.key 
90736      INFO  main            d.u.i.k.p.i.AbstractProblemLoader Loading environment from /home/runner/work/key/key/key.core/../key.ui/examples/InformationFlow/MiniExamples/mini.MiniExamples(mini.MiniExamples__insecure_p2_1()).Non-interference contract.0.key 
90736      DEBUG main            d.u.i.k.p.i.AbstractProblemLoader Environment load took 100.2ns 
90737      INFO  main            d.u.i.k.p.i.AbstractProblemLoader Creating init config 
93914      DEBUG main            d.u.i.k.p.i.AbstractProblemLoader Init config took 3.18s 
93965      INFO  main            d.u.i.k.p.i.AbstractProblemLoader Replaying proof mini.MiniExamples[mini.MiniExamples::insecure_p2_1()].Non-interference contract.0 
93968      DEBUG main            d.u.i.k.p.i.IntermediateProofReplayer Proof replay took 15.1ns 
94070      INFO  main            d.u.i.k.p.r.p.TestFile    ... finished proof: open goal(s) 
94282      INFO  main            d.u.i.k.p.r.p.TestFile    Now processing file /home/runner/work/key/key/key.core/../key.ui/examples/InformationFlow/MiniExamples/mini.MiniExamples(mini.MiniExamples__secure_p1_6()).Non-interference contract.0.key 
94282      INFO  main            d.u.i.k.p.i.AbstractProblemLoader Loading environment from /home/runner/work/key/key/key.core/../key.ui/examples/InformationFlow/MiniExamples/mini.MiniExamples(mini.MiniExamples__secure_p1_6()).Non-interference contract.0.key 
94282      DEBUG main            d.u.i.k.p.i.AbstractProblemLoader Environment load took 91ns 
94283      INFO  main            d.u.i.k.p.i.AbstractProblemLoader Creating init config 
97416      DEBUG main            d.u.i.k.p.i.AbstractProblemLoader Init config took 3.13s 
97464      INFO  main            d.u.i.k.p.i.AbstractProblemLoader Replaying proof mini.MiniExamples[mini.MiniExamples::secure_p1_6()].Non-interference contract.0 
97468      DEBUG main            d.u.i.k.p.i.IntermediateProofReplayer Proof replay took 15.3ns 
97672      INFO  main            d.u.i.k.p.r.p.TestFile    ... finished proof: closed. 
97902      INFO  main            d.u.i.k.p.r.p.TestFile    Now processing file /home/runner/work/key/key/key.core/../key.ui/examples/InformationFlow/MiniExamples/mini.MiniExamples(mini.MiniExamples__secure_p1_5()).Non-interference contract.0.key 
97903      INFO  main            d.u.i.k.p.i.AbstractProblemLoader Loading environment from /home/runner/work/key/key/key.core/../key.ui/examples/InformationFlow/MiniExamples/mini.MiniExamples(mini.MiniExamples__secure_p1_5()).Non-interference contract.0.key 
97903      DEBUG main            d.u.i.k.p.i.AbstractProblemLoader Environment load took 100.2ns 
97904      INFO  main            d.u.i.k.p.i.AbstractProblemLoader Creating init config 
101198     DEBUG main            d.u.i.k.p.i.AbstractProblemLoader Init config took 3.29s 
101245     INFO  main            d.u.i.k.p.i.AbstractProblemLoader Replaying proof mini.MiniExamples[mini.MiniExamples::secure_p1_5()].Non-interference contract.0 
101249     DEBUG main            d.u.i.k.p.i.IntermediateProofReplayer Proof replay took 15.4ns 
101653     INFO  main            d.u.i.k.p.r.p.TestFile    ... finished proof: closed. 
101888     INFO  main            d.u.i.k.p.r.p.TestFile    Now processing file /home/runner/work/key/key/key.core/../key.ui/examples/InformationFlow/MiniExamples/mini.MiniExamples(mini.MiniExamples__secure_p1_4()).Non-interference contract.0.key 
101890     INFO  main            d.u.i.k.p.i.AbstractProblemLoader Loading environment from /home/runner/work/key/key/key.core/../key.ui/examples/InformationFlow/MiniExamples/mini.MiniExamples(mini.MiniExamples__secure_p1_4()).Non-interference contract.0.key 
101890     DEBUG main            d.u.i.k.p.i.AbstractProblemLoader Environment load took 114.5ns 
101894     INFO  main            d.u.i.k.p.i.AbstractProblemLoader Creating init config 
105134     DEBUG main            d.u.i.k.p.i.AbstractProblemLoader Init config took 3.24s 
105177     INFO  main            d.u.i.k.p.i.AbstractProblemLoader Replaying proof mini.MiniExamples[mini.MiniExamples::secure_p1_4()].Non-interference contract.0 
105180     DEBUG main            d.u.i.k.p.i.IntermediateProofReplayer Proof replay took 14.2ns 
105584     INFO  main            d.u.i.k.p.r.p.TestFile    ... finished proof: closed. 
105920     INFO  main            d.u.i.k.p.r.p.TestFile    Now processing file /home/runner/work/key/key/key.core/../key.ui/examples/InformationFlow/MiniExamples/mini.MiniExamples(mini.MiniExamples__secure_p1_3()).Non-interference contract.0.key 
105920     INFO  main            d.u.i.k.p.i.AbstractProblemLoader Loading environment from /home/runner/work/key/key/key.core/../key.ui/examples/InformationFlow/MiniExamples/mini.MiniExamples(mini.MiniExamples__secure_p1_3()).Non-interference contract.0.key 
105920     DEBUG main            d.u.i.k.p.i.AbstractProblemLoader Environment load took 127.8ns 
105922     INFO  main            d.u.i.k.p.i.AbstractProblemLoader Creating init config 
109038     DEBUG main            d.u.i.k.p.i.AbstractProblemLoader Init config took 3.12s 
109084     INFO  main            d.u.i.k.p.i.AbstractProblemLoader Replaying proof mini.MiniExamples[mini.MiniExamples::secure_p1_3()].Non-interference contract.0 
109087     DEBUG main            d.u.i.k.p.i.IntermediateProofReplayer Proof replay took 15.2ns 
109292     INFO  main            d.u.i.k.p.r.p.TestFile    ... finished proof: closed. 
109521     INFO  main            d.u.i.k.p.r.p.TestFile    Now processing file /home/runner/work/key/key/key.core/../key.ui/examples/InformationFlow/MiniExamples/mini.MiniExamples(mini.MiniExamples__secure_p1_2()).Non-interference contract.0.key 
109521     INFO  main            d.u.i.k.p.i.AbstractProblemLoader Loading environment from /home/runner/work/key/key/key.core/../key.ui/examples/InformationFlow/MiniExamples/mini.MiniExamples(mini.MiniExamples__secure_p1_2()).Non-interference contract.0.key 
109521     DEBUG main            d.u.i.k.p.i.AbstractProblemLoader Environment load took 145.8ns 
109523     INFO  main            d.u.i.k.p.i.AbstractProblemLoader Creating init config 
112775     DEBUG main            d.u.i.k.p.i.AbstractProblemLoader Init config took 3.25s 
112823     INFO  main            d.u.i.k.p.i.AbstractProblemLoader Replaying proof mini.MiniExamples[mini.MiniExamples::secure_p1_2()].Non-interference contract.0 
112826     DEBUG main            d.u.i.k.p.i.IntermediateProofReplayer Proof replay took 15.9ns 
113130     INFO  main            d.u.i.k.p.r.p.TestFile    ... finished proof: closed. 
113475     INFO  main            d.u.i.k.p.r.p.TestFile    Now processing file /home/runner/work/key/key/key.core/../key.ui/examples/InformationFlow/MiniExamples/mini.MiniExamples(mini.MiniExamples__secure_p1_1()).Non-interference contract.1.key 
113475     INFO  main            d.u.i.k.p.i.AbstractProblemLoader Loading environment from /home/runner/work/key/key/key.core/../key.ui/examples/InformationFlow/MiniExamples/mini.MiniExamples(mini.MiniExamples__secure_p1_1()).Non-interference contract.1.key 
113475     DEBUG main            d.u.i.k.p.i.AbstractProblemLoader Environment load took 82.3ns 
113476     INFO  main            d.u.i.k.p.i.AbstractProblemLoader Creating init config 
116671     DEBUG main            d.u.i.k.p.i.AbstractProblemLoader Init config took 3.19s 
116715     INFO  main            d.u.i.k.p.i.AbstractProblemLoader Replaying proof mini.MiniExamples[mini.MiniExamples::secure_p1_1()].Non-interference contract.1 
116718     DEBUG main            d.u.i.k.p.i.IntermediateProofReplayer Proof replay took 16.8ns 
117022     INFO  main            d.u.i.k.p.r.p.TestFile    ... finished proof: closed. 
117291     INFO  main            d.u.i.k.p.r.p.TestFile    Now processing file /home/runner/work/key/key/key.core/../key.ui/examples/InformationFlow/MiniExamples/mini.MiniExamples(mini.MiniExamples__secure_p1_1()).Non-interference contract.0.key 
117292     INFO  main            d.u.i.k.p.i.AbstractProblemLoader Loading environment from /home/runner/work/key/key/key.core/../key.ui/examples/InformationFlow/MiniExamples/mini.MiniExamples(mini.MiniExamples__secure_p1_1()).Non-interference contract.0.key 
117292     DEBUG main            d.u.i.k.p.i.AbstractProblemLoader Environment load took 87.7ns 
117293     INFO  main            d.u.i.k.p.i.AbstractProblemLoader Creating init config 
120380     DEBUG main            d.u.i.k.p.i.AbstractProblemLoader Init config took 3.09s 
120424     INFO  main            d.u.i.k.p.i.AbstractProblemLoader Replaying proof mini.MiniExamples[mini.MiniExamples::secure_p1_1()].Non-interference contract.0 
120427     DEBUG main            d.u.i.k.p.i.IntermediateProofReplayer Proof replay took 18.8ns 
120730     INFO  main            d.u.i.k.p.r.p.TestFile    ... finished proof: closed. 
120977     INFO  main            d.u.i.k.p.r.p.TestFile    Now processing file /home/runner/work/key/key/key.core/../key.ui/examples/InformationFlow/MiniExamples/mini.MiniExamples(mini.MiniExamples__insecure_p1_2()).Non-interference contract.0.key 
120977     INFO  main            d.u.i.k.p.i.AbstractProblemLoader Loading environment from /home/runner/work/key/key/key.core/../key.ui/examples/InformationFlow/MiniExamples/mini.MiniExamples(mini.MiniExamples__insecure_p1_2()).Non-interference contract.0.key 
120977     DEBUG main            d.u.i.k.p.i.AbstractProblemLoader Environment load took 101.5ns 
120978     INFO  main            d.u.i.k.p.i.AbstractProblemLoader Creating init config 
124224     DEBUG main            d.u.i.k.p.i.AbstractProblemLoader Init config took 3.25s 
124287     INFO  main            d.u.i.k.p.i.AbstractProblemLoader Replaying proof mini.MiniExamples[mini.MiniExamples::insecure_p1_2()].Non-interference contract.0 
124290     DEBUG main            d.u.i.k.p.i.IntermediateProofReplayer Proof replay took 15.4ns 
124594     INFO  main            d.u.i.k.p.r.p.TestFile    ... finished proof: open goal(s) 
124850     INFO  main            d.u.i.k.p.r.p.TestFile    Now processing file /home/runner/work/key/key/key.core/../key.ui/examples/InformationFlow/MiniExamples/mini.MiniExamples(mini.MiniExamples__insecure_p1_1()).Non-interference contract.0.key 
124850     INFO  main            d.u.i.k.p.i.AbstractProblemLoader Loading environment from /home/runner/work/key/key/key.core/../key.ui/examples/InformationFlow/MiniExamples/mini.MiniExamples(mini.MiniExamples__insecure_p1_1()).Non-interference contract.0.key 
124850     DEBUG main            d.u.i.k.p.i.AbstractProblemLoader Environment load took 90.5ns 
124851     INFO  main            d.u.i.k.p.i.AbstractProblemLoader Creating init config 
128005     DEBUG main            d.u.i.k.p.i.AbstractProblemLoader Init config took 3.15s 
128051     INFO  main            d.u.i.k.p.i.AbstractProblemLoader Replaying proof mini.MiniExamples[mini.MiniExamples::insecure_p1_1()].Non-interference contract.0 
128053     DEBUG main            d.u.i.k.p.i.IntermediateProofReplayer Proof replay took 16.8ns 
128257     INFO  main            d.u.i.k.p.r.p.TestFile    ... finished proof: open goal(s) 
1535960    INFO  Test worker     d.u.i.k.p.r.RunAllProofsTestUnit Returning from test MiniExamples_nomacro 
1535963    INFO  Test worker     d.u.i.k.p.r.RunAllProofsTestUnit Running test NewObjects_nomacro 
501        INFO  Timeout watchdog d.u.i.k.p.r.p.ForkedTestFileRunner Timeout watcher launched (1000 secs.) 
529        WARN  main            d.u.i.k.s.ProofSettings   The settings in /home/runner/.key/proof-settings.props are *not* read. 
578        INFO  main            d.u.i.k.p.r.p.TestFile    Now processing file /home/runner/work/key/key/key.core/../key.ui/examples/InformationFlow/NewObjects/object.AmtoftBanerjee3(object.AmtoftBanerjee3__m()).Non-interference contract.0.key 
763        INFO  main            d.u.i.k.p.i.AbstractProblemLoader Loading environment from /home/runner/work/key/key/key.core/../key.ui/examples/InformationFlow/NewObjects/object.AmtoftBanerjee3(object.AmtoftBanerjee3__m()).Non-interference contract.0.key 
787        DEBUG main            d.u.i.k.p.i.AbstractProblemLoader Environment load took 2.96ms 
1095       INFO  main            d.u.i.k.p.i.AbstractProblemLoader Creating init config 
2311       DEBUG main            d.u.i.k.j.TypeConverter   No LDT found for Meta 
2312       DEBUG main            d.u.i.k.j.TypeConverter   No LDT found for Meta 
2313       DEBUG main            d.u.i.k.j.TypeConverter   No LDT found for Meta 
2313       DEBUG main            d.u.i.k.j.TypeConverter   No LDT found for Meta 
4002       DEBUG main            d.u.i.k.j.TypeConverter   No LDT found for JavaBigintExpression 
8202       DEBUG main            d.u.i.k.j.r.ClassPreparationMethodBuilder clPrepBuilder: Inner Class detected. Reject building class initialisation methods. 
11709      DEBUG main            d.u.i.k.p.i.AbstractProblemLoader Init config took 10.61s 
11889      INFO  main            d.u.i.k.p.i.AbstractProblemLoader Replaying proof object.AmtoftBanerjee3[object.AmtoftBanerjee3::m()].Non-interference contract.0 
12017      DEBUG main            d.u.i.k.p.i.IntermediateProofReplayer Proof replay took 554.01ns 
12973      INFO  main            d.u.i.k.p.r.p.TestFile    ... finished proof: closed. 
13127      INFO  main            d.u.i.k.p.r.p.TestFile    Now processing file /home/runner/work/key/key/key.core/../key.ui/examples/InformationFlow/NewObjects/object.AmtoftBanerjee(object.AmtoftBanerjee__m_2()).Non-interference contract.0.key 
13127      INFO  main            d.u.i.k.p.i.AbstractProblemLoader Loading environment from /home/runner/work/key/key/key.core/../key.ui/examples/InformationFlow/NewObjects/object.AmtoftBanerjee(object.AmtoftBanerjee__m_2()).Non-interference contract.0.key 
13127      DEBUG main            d.u.i.k.p.i.AbstractProblemLoader Environment load took 112.7ns 
13130      INFO  main            d.u.i.k.p.i.AbstractProblemLoader Creating init config 
14474      DEBUG main            d.u.i.k.j.r.ClassPreparationMethodBuilder clPrepBuilder: Inner Class detected. Reject building class initialisation methods. 
17087      DEBUG main            d.u.i.k.p.i.AbstractProblemLoader Init config took 3.96s 
17173      INFO  main            d.u.i.k.p.i.AbstractProblemLoader Replaying proof object.AmtoftBanerjee[object.AmtoftBanerjee::m_2()].Non-interference contract.0 
17178      DEBUG main            d.u.i.k.p.i.IntermediateProofReplayer Proof replay took 13.3ns 
18887      INFO  main            d.u.i.k.p.r.p.TestFile    ... finished proof: closed. 
19059      INFO  main            d.u.i.k.p.r.p.TestFile    Now processing file /home/runner/work/key/key/key.core/../key.ui/examples/InformationFlow/NewObjects/object.AmtoftBanerjee(object.AmtoftBanerjee__m_1()).Non-interference contract.1.key 
19061      INFO  main            d.u.i.k.p.i.AbstractProblemLoader Loading environment from /home/runner/work/key/key/key.core/../key.ui/examples/InformationFlow/NewObjects/object.AmtoftBanerjee(object.AmtoftBanerjee__m_1()).Non-interference contract.1.key 
19062      DEBUG main            d.u.i.k.p.i.AbstractProblemLoader Environment load took 143.6ns 
19064      INFO  main            d.u.i.k.p.i.AbstractProblemLoader Creating init config 
20333      DEBUG main            d.u.i.k.j.r.ClassPreparationMethodBuilder clPrepBuilder: Inner Class detected. Reject building class initialisation methods. 
22846      DEBUG main            d.u.i.k.p.i.AbstractProblemLoader Init config took 3.78s 
22926      INFO  main            d.u.i.k.p.i.AbstractProblemLoader Replaying proof object.AmtoftBanerjee[object.AmtoftBanerjee::m_1()].Non-interference contract.1 
22934      DEBUG main            d.u.i.k.p.i.IntermediateProofReplayer Proof replay took 13.1ns 
23755      INFO  main            d.u.i.k.p.r.p.TestFile    ... finished proof: open goal(s) 
23983      INFO  main            d.u.i.k.p.r.p.TestFile    Now processing file /home/runner/work/key/key/key.core/../key.ui/examples/InformationFlow/NewObjects/object.AmtoftBanerjee(object.AmtoftBanerjee__m_1()).Non-interference contract.0.key 
23983      INFO  main            d.u.i.k.p.i.AbstractProblemLoader Loading environment from /home/runner/work/key/key/key.core/../key.ui/examples/InformationFlow/NewObjects/object.AmtoftBanerjee(object.AmtoftBanerjee__m_1()).Non-interference contract.0.key 
23984      DEBUG main            d.u.i.k.p.i.AbstractProblemLoader Environment load took 358.5ns 
23987      INFO  main            d.u.i.k.p.i.AbstractProblemLoader Creating init config 
25174      DEBUG main            d.u.i.k.j.r.ClassPreparationMethodBuilder clPrepBuilder: Inner Class detected. Reject building class initialisation methods. 
27640      DEBUG main            d.u.i.k.p.i.AbstractProblemLoader Init config took 3.65s 
27709      INFO  main            d.u.i.k.p.i.AbstractProblemLoader Replaying proof object.AmtoftBanerjee[object.AmtoftBanerjee::m_1()].Non-interference contract.0 
27712      DEBUG main            d.u.i.k.p.i.IntermediateProofReplayer Proof replay took 13.1ns 
28329      INFO  main            d.u.i.k.p.r.p.TestFile    ... finished proof: closed. 
28531      INFO  main            d.u.i.k.p.r.p.TestFile    Now processing file /home/runner/work/key/key/key.core/../key.ui/examples/InformationFlow/NewObjects/object.AmtoftBanerjee(object.AmtoftBanerjee__getQ()).Non-interference contract.0.key 
28532      INFO  main            d.u.i.k.p.i.AbstractProblemLoader Loading environment from /home/runner/work/key/key/key.core/../key.ui/examples/InformationFlow/NewObjects/object.AmtoftBanerjee(object.AmtoftBanerjee__getQ()).Non-interference contract.0.key 
28532      DEBUG main            d.u.i.k.p.i.AbstractProblemLoader Environment load took 392.5ns 
28534      INFO  main            d.u.i.k.p.i.AbstractProblemLoader Creating init config 
29674      DEBUG main            d.u.i.k.j.r.ClassPreparationMethodBuilder clPrepBuilder: Inner Class detected. Reject building class initialisation methods. 
32139      DEBUG main            d.u.i.k.p.i.AbstractProblemLoader Init config took 3.6s 
32204      INFO  main            d.u.i.k.p.i.AbstractProblemLoader Replaying proof object.AmtoftBanerjee[object.AmtoftBanerjee::getQ()].Non-interference contract.0 
32208      DEBUG main            d.u.i.k.p.i.IntermediateProofReplayer Proof replay took 13.5ns 
32315      INFO  main            d.u.i.k.p.r.p.TestFile    ... finished proof: closed. 
32487      INFO  main            d.u.i.k.p.r.p.TestFile    Now processing file /home/runner/work/key/key/key.core/../key.ui/examples/InformationFlow/NewObjects/object.ObjectOrientation(object.ObjectOrientation__secure_while_i((Ljava.lang.Object)).Non-interference contract.0.key 
32487      INFO  main            d.u.i.k.p.i.AbstractProblemLoader Loading environment from /home/runner/work/key/key/key.core/../key.ui/examples/InformationFlow/NewObjects/object.ObjectOrientation(object.ObjectOrientation__secure_while_i((Ljava.lang.Object)).Non-interference contract.0.key 
32487      DEBUG main            d.u.i.k.p.i.AbstractProblemLoader Environment load took 86.8ns 
32489      INFO  main            d.u.i.k.p.i.AbstractProblemLoader Creating init config 
33583      DEBUG main            d.u.i.k.j.r.ClassPreparationMethodBuilder clPrepBuilder: Inner Class detected. Reject building class initialisation methods. 
36073      DEBUG main            d.u.i.k.p.i.AbstractProblemLoader Init config took 3.58s 
36139      INFO  main            d.u.i.k.p.i.AbstractProblemLoader Replaying proof object.ObjectOrientation[object.ObjectOrientation::secure_while_i([Ljava.lang.Object)].Non-interference contract.0 
36143      DEBUG main            d.u.i.k.p.i.IntermediateProofReplayer Proof replay took 14.8ns 
49756      INFO  main            d.u.i.k.p.r.p.TestFile    ... finished proof: closed. 
50014      INFO  main            d.u.i.k.p.r.p.TestFile    Now processing file /home/runner/work/key/key/key.core/../key.ui/examples/InformationFlow/NewObjects/object.ObjectOrientation(object.ObjectOrientation__secure_method_call()).Non-interference contract.0.key 
50014      INFO  main            d.u.i.k.p.i.AbstractProblemLoader Loading environment from /home/runner/work/key/key/key.core/../key.ui/examples/InformationFlow/NewObjects/object.ObjectOrientation(object.ObjectOrientation__secure_method_call()).Non-interference contract.0.key 
50014      DEBUG main            d.u.i.k.p.i.AbstractProblemLoader Environment load took 88.2ns 
50016      INFO  main            d.u.i.k.p.i.AbstractProblemLoader Creating init config 
51101      DEBUG main            d.u.i.k.j.r.ClassPreparationMethodBuilder clPrepBuilder: Inner Class detected. Reject building class initialisation methods. 
53527      DEBUG main            d.u.i.k.p.i.AbstractProblemLoader Init config took 3.51s 
53605      INFO  main            d.u.i.k.p.i.AbstractProblemLoader Replaying proof object.ObjectOrientation[object.ObjectOrientation::secure_method_call()].Non-interference contract.0 
53609      DEBUG main            d.u.i.k.p.i.IntermediateProofReplayer Proof replay took 14.5ns 
54314      INFO  main            d.u.i.k.p.r.p.TestFile    ... finished proof: closed. 
54534      INFO  main            d.u.i.k.p.r.p.TestFile    Now processing file /home/runner/work/key/key/key.core/../key.ui/examples/InformationFlow/NewObjects/object.ObjectOrientation(object.ObjectOrientation__if_two_object_creation_next()).Non-interference contract.1.key 
54535      INFO  main            d.u.i.k.p.i.AbstractProblemLoader Loading environment from /home/runner/work/key/key/key.core/../key.ui/examples/InformationFlow/NewObjects/object.ObjectOrientation(object.ObjectOrientation__if_two_object_creation_next()).Non-interference contract.1.key 
54535      DEBUG main            d.u.i.k.p.i.AbstractProblemLoader Environment load took 108.9ns 
54538      INFO  main            d.u.i.k.p.i.AbstractProblemLoader Creating init config 
55629      DEBUG main            d.u.i.k.j.r.ClassPreparationMethodBuilder clPrepBuilder: Inner Class detected. Reject building class initialisation methods. 
58019      DEBUG main            d.u.i.k.p.i.AbstractProblemLoader Init config took 3.48s 
58099      INFO  main            d.u.i.k.p.i.AbstractProblemLoader Replaying proof object.ObjectOrientation[object.ObjectOrientation::if_two_object_creation_next()].Non-interference contract.1 
58105      DEBUG main            d.u.i.k.p.i.IntermediateProofReplayer Proof replay took 16ns 
83552      INFO  main            d.u.i.k.p.r.p.TestFile    ... finished proof: open goal(s) 
83817      INFO  main            d.u.i.k.p.r.p.TestFile    Now processing file /home/runner/work/key/key/key.core/../key.ui/examples/InformationFlow/NewObjects/object.ObjectOrientation(object.ObjectOrientation__insecure_two_object_creation()).Non-interference contract.0.key 
83818      INFO  main            d.u.i.k.p.i.AbstractProblemLoader Loading environment from /home/runner/work/key/key/key.core/../key.ui/examples/InformationFlow/NewObjects/object.ObjectOrientation(object.ObjectOrientation__insecure_two_object_creation()).Non-interference contract.0.key 
83818      DEBUG main            d.u.i.k.p.i.AbstractProblemLoader Environment load took 135.5ns 
83819      INFO  main            d.u.i.k.p.i.AbstractProblemLoader Creating init config 
84906      DEBUG main            d.u.i.k.j.r.ClassPreparationMethodBuilder clPrepBuilder: Inner Class detected. Reject building class initialisation methods. 
87262      DEBUG main            d.u.i.k.p.i.AbstractProblemLoader Init config took 3.44s 
87328      INFO  main            d.u.i.k.p.i.AbstractProblemLoader Replaying proof object.ObjectOrientation[object.ObjectOrientation::insecure_two_object_creation()].Non-interference contract.0 
87332      DEBUG main            d.u.i.k.p.i.IntermediateProofReplayer Proof replay took 15.7ns 
112622     INFO  main            d.u.i.k.p.r.p.TestFile    ... finished proof: open goal(s) 
112955     INFO  main            d.u.i.k.p.r.p.TestFile    Now processing file /home/runner/work/key/key/key.core/../key.ui/examples/InformationFlow/NewObjects/object.ObjectOrientation(object.ObjectOrientation__secure_two_object_creation()).Non-interference contract.0.key 
112955     INFO  main            d.u.i.k.p.i.AbstractProblemLoader Loading environment from /home/runner/work/key/key/key.core/../key.ui/examples/InformationFlow/NewObjects/object.ObjectOrientation(object.ObjectOrientation__secure_two_object_creation()).Non-interference contract.0.key 
112956     DEBUG main            d.u.i.k.p.i.AbstractProblemLoader Environment load took 705.21ns 
112957     INFO  main            d.u.i.k.p.i.AbstractProblemLoader Creating init config 
114033     DEBUG main            d.u.i.k.j.r.ClassPreparationMethodBuilder clPrepBuilder: Inner Class detected. Reject building class initialisation methods. 
116396     DEBUG main            d.u.i.k.p.i.AbstractProblemLoader Init config took 3.44s 
116453     INFO  main            d.u.i.k.p.i.AbstractProblemLoader Replaying proof object.ObjectOrientation[object.ObjectOrientation::secure_two_object_creation()].Non-interference contract.0 
116456     DEBUG main            d.u.i.k.p.i.IntermediateProofReplayer Proof replay took 14.5ns 
134268     INFO  main            d.u.i.k.p.r.p.TestFile    ... finished proof: closed. 
134603     INFO  main            d.u.i.k.p.r.p.TestFile    Now processing file /home/runner/work/key/key/key.core/../key.ui/examples/InformationFlow/NewObjects/object.ObjectOrientation(object.ObjectOrientation__insecure_object_assignment()).Non-interference contract.1.key 
134603     INFO  main            d.u.i.k.p.i.AbstractProblemLoader Loading environment from /home/runner/work/key/key/key.core/../key.ui/examples/InformationFlow/NewObjects/object.ObjectOrientation(object.ObjectOrientation__insecure_object_assignment()).Non-interference contract.1.key 
134603     DEBUG main            d.u.i.k.p.i.AbstractProblemLoader Environment load took 83.1ns 
134605     INFO  main            d.u.i.k.p.i.AbstractProblemLoader Creating init config 
135666     DEBUG main            d.u.i.k.j.r.ClassPreparationMethodBuilder clPrepBuilder: Inner Class detected. Reject building class initialisation methods. 
137980     DEBUG main            d.u.i.k.p.i.AbstractProblemLoader Init config took 3.38s 
138040     INFO  main            d.u.i.k.p.i.AbstractProblemLoader Replaying proof object.ObjectOrientation[object.ObjectOrientation::insecure_object_assignment()].Non-interference contract.1 
138043     DEBUG main            d.u.i.k.p.i.IntermediateProofReplayer Proof replay took 15.4ns 
150053     INFO  main            d.u.i.k.p.r.p.TestFile    ... finished proof: open goal(s) 
150296     INFO  main            d.u.i.k.p.r.p.TestFile    Now processing file /home/runner/work/key/key/key.core/../key.ui/examples/InformationFlow/NewObjects/object.ObjectOrientation(object.ObjectOrientation__insecure_object_assignment()).Non-interference contract.0.key 
150296     INFO  main            d.u.i.k.p.i.AbstractProblemLoader Loading environment from /home/runner/work/key/key/key.core/../key.ui/examples/InformationFlow/NewObjects/object.ObjectOrientation(object.ObjectOrientation__insecure_object_assignment()).Non-interference contract.0.key 
150296     DEBUG main            d.u.i.k.p.i.AbstractProblemLoader Environment load took 94.8ns 
150297     INFO  main            d.u.i.k.p.i.AbstractProblemLoader Creating init config 
151356     DEBUG main            d.u.i.k.j.r.ClassPreparationMethodBuilder clPrepBuilder: Inner Class detected. Reject building class initialisation methods. 
153625     DEBUG main            d.u.i.k.p.i.AbstractProblemLoader Init config took 3.33s 
153694     INFO  main            d.u.i.k.p.i.AbstractProblemLoader Replaying proof object.ObjectOrientation[object.ObjectOrientation::insecure_object_assignment()].Non-interference contract.0 
153698     DEBUG main            d.u.i.k.p.i.IntermediateProofReplayer Proof replay took 15.8ns 
153900     INFO  main            d.u.i.k.p.r.p.TestFile    ... finished proof: open goal(s) 
154119     INFO  main            d.u.i.k.p.r.p.TestFile    Now processing file /home/runner/work/key/key/key.core/../key.ui/examples/InformationFlow/NewObjects/object.ObjectOrientation(object.ObjectOrientation__secure_object_creation_3()).Non-interference contract.0.key 
154120     INFO  main            d.u.i.k.p.i.AbstractProblemLoader Loading environment from /home/runner/work/key/key/key.core/../key.ui/examples/InformationFlow/NewObjects/object.ObjectOrientation(object.ObjectOrientation__secure_object_creation_3()).Non-interference contract.0.key 
154120     DEBUG main            d.u.i.k.p.i.AbstractProblemLoader Environment load took 91.7ns 
154122     INFO  main            d.u.i.k.p.i.AbstractProblemLoader Creating init config 
155180     DEBUG main            d.u.i.k.j.r.ClassPreparationMethodBuilder clPrepBuilder: Inner Class detected. Reject building class initialisation methods. 
157531     DEBUG main            d.u.i.k.p.i.AbstractProblemLoader Init config took 3.41s 
157593     INFO  main            d.u.i.k.p.i.AbstractProblemLoader Replaying proof object.ObjectOrientation[object.ObjectOrientation::secure_object_creation_3()].Non-interference contract.0 
157598     DEBUG main            d.u.i.k.p.i.IntermediateProofReplayer Proof replay took 16.2ns 
158201     INFO  main            d.u.i.k.p.r.p.TestFile    ... finished proof: closed. 
158426     INFO  main            d.u.i.k.p.r.p.TestFile    Now processing file /home/runner/work/key/key/key.core/../key.ui/examples/InformationFlow/NewObjects/object.ObjectOrientation(object.ObjectOrientation__secure_object_creation_2()).Non-interference contract.0.key 
158426     INFO  main            d.u.i.k.p.i.AbstractProblemLoader Loading environment from /home/runner/work/key/key/key.core/../key.ui/examples/InformationFlow/NewObjects/object.ObjectOrientation(object.ObjectOrientation__secure_object_creation_2()).Non-interference contract.0.key 
158426     DEBUG main            d.u.i.k.p.i.AbstractProblemLoader Environment load took 97ns 
158428     INFO  main            d.u.i.k.p.i.AbstractProblemLoader Creating init config 
159502     DEBUG main            d.u.i.k.j.r.ClassPreparationMethodBuilder clPrepBuilder: Inner Class detected. Reject building class initialisation methods. 
161844     DEBUG main            d.u.i.k.p.i.AbstractProblemLoader Init config took 3.42s 
161900     INFO  main            d.u.i.k.p.i.AbstractProblemLoader Replaying proof object.ObjectOrientation[object.ObjectOrientation::secure_object_creation_2()].Non-interference contract.0 
161904     DEBUG main            d.u.i.k.p.i.IntermediateProofReplayer Proof replay took 24.7ns 
162407     INFO  main            d.u.i.k.p.r.p.TestFile    ... finished proof: closed. 
162613     INFO  main            d.u.i.k.p.r.p.TestFile    Now processing file /home/runner/work/key/key/key.core/../key.ui/examples/InformationFlow/NewObjects/object.ObjectOrientation(object.ObjectOrientation__secure_object_creation()).Non-interference contract.0.key 
162614     INFO  main            d.u.i.k.p.i.AbstractProblemLoader Loading environment from /home/runner/work/key/key/key.core/../key.ui/examples/InformationFlow/NewObjects/object.ObjectOrientation(object.ObjectOrientation__secure_object_creation()).Non-interference contract.0.key 
162614     DEBUG main            d.u.i.k.p.i.AbstractProblemLoader Environment load took 548.8ns 
162616     INFO  main            d.u.i.k.p.i.AbstractProblemLoader Creating init config 
163681     DEBUG main            d.u.i.k.j.r.ClassPreparationMethodBuilder clPrepBuilder: Inner Class detected. Reject building class initialisation methods. 
166180     DEBUG main            d.u.i.k.p.i.AbstractProblemLoader Init config took 3.56s 
166252     INFO  main            d.u.i.k.p.i.AbstractProblemLoader Replaying proof object.ObjectOrientation[object.ObjectOrientation::secure_object_creation()].Non-interference contract.0 
166256     DEBUG main            d.u.i.k.p.i.IntermediateProofReplayer Proof replay took 18.2ns 
167463     INFO  main            d.u.i.k.p.r.p.TestFile    ... finished proof: closed. 
167676     INFO  main            d.u.i.k.p.r.p.TestFile    Now processing file /home/runner/work/key/key/key.core/../key.ui/examples/InformationFlow/NewObjects/object.AmtoftBanerjee2(object.AmtoftBanerjee2__expensive(int)).Non-interference contract.0.key 
167677     INFO  main            d.u.i.k.p.i.AbstractProblemLoader Loading environment from /home/runner/work/key/key/key.core/../key.ui/examples/InformationFlow/NewObjects/object.AmtoftBanerjee2(object.AmtoftBanerjee2__expensive(int)).Non-interference contract.0.key 
167677     DEBUG main            d.u.i.k.p.i.AbstractProblemLoader Environment load took 93ns 
167679     INFO  main            d.u.i.k.p.i.AbstractProblemLoader Creating init config 
168710     DEBUG main            d.u.i.k.j.r.ClassPreparationMethodBuilder clPrepBuilder: Inner Class detected. Reject building class initialisation methods. 
171054     DEBUG main            d.u.i.k.p.i.AbstractProblemLoader Init config took 3.37s 
171113     INFO  main            d.u.i.k.p.i.AbstractProblemLoader Replaying proof object.AmtoftBanerjee2[object.AmtoftBanerjee2::expensive(int)].Non-interference contract.0 
171118     DEBUG main            d.u.i.k.p.i.IntermediateProofReplayer Proof replay took 15.7ns 
171220     INFO  main            d.u.i.k.p.r.p.TestFile    ... finished proof: closed. 
171436     INFO  main            d.u.i.k.p.r.p.TestFile    Now processing file /home/runner/work/key/key/key.core/../key.ui/examples/InformationFlow/NewObjects/object.AmtoftBanerjee2(object.AmtoftBanerjee2__cexp(int)).Non-interference contract.0.key 
171437     INFO  main            d.u.i.k.p.i.AbstractProblemLoader Loading environment from /home/runner/work/key/key/key.core/../key.ui/examples/InformationFlow/NewObjects/object.AmtoftBanerjee2(object.AmtoftBanerjee2__cexp(int)).Non-interference contract.0.key 
171438     DEBUG main            d.u.i.k.p.i.AbstractProblemLoader Environment load took 282.4ns 
171439     INFO  main            d.u.i.k.p.i.AbstractProblemLoader Creating init config 
172469     DEBUG main            d.u.i.k.j.r.ClassPreparationMethodBuilder clPrepBuilder: Inner Class detected. Reject building class initialisation methods. 
174797     DEBUG main            d.u.i.k.p.i.AbstractProblemLoader Init config took 3.36s 
174849     INFO  main            d.u.i.k.p.i.AbstractProblemLoader Replaying proof object.AmtoftBanerjee2[object.AmtoftBanerjee2::cexp(int)].Non-interference contract.0 
174852     DEBUG main            d.u.i.k.p.i.IntermediateProofReplayer Proof replay took 13.9ns 
177061     INFO  main            d.u.i.k.p.r.p.TestFile    ... finished proof: closed. 
1713539    INFO  Test worker     d.u.i.k.p.r.RunAllProofsTestUnit Returning from test NewObjects_nomacro 
1713540    INFO  Test worker     d.u.i.k.p.r.RunAllProofsTestUnit Running test SimpleEvoting_nomacro 
459        INFO  Timeout watchdog d.u.i.k.p.r.p.ForkedTestFileRunner Timeout watcher launched (1000 secs.) 
498        WARN  main            d.u.i.k.s.ProofSettings   The settings in /home/runner/.key/proof-settings.props are *not* read. 
544        INFO  main            d.u.i.k.p.r.p.TestFile    Now processing file /home/runner/work/key/key/key.core/../key.ui/examples/InformationFlow/SimpleEvoting/simple_evoting.Environment(simple_evoting.Environment__untrustedOutputMessage((B)).Non-interference contract.0.key 
743        INFO  main            d.u.i.k.p.i.AbstractProblemLoader Loading environment from /home/runner/work/key/key/key.core/../key.ui/examples/InformationFlow/SimpleEvoting/simple_evoting.Environment(simple_evoting.Environment__untrustedOutputMessage((B)).Non-interference contract.0.key 
766        DEBUG main            d.u.i.k.p.i.AbstractProblemLoader Environment load took 2.69ms 
1057       INFO  main            d.u.i.k.p.i.AbstractProblemLoader Creating init config 
2342       DEBUG main            d.u.i.k.j.TypeConverter   No LDT found for Meta 
2343       DEBUG main            d.u.i.k.j.TypeConverter   No LDT found for Meta 
2346       DEBUG main            d.u.i.k.j.TypeConverter   No LDT found for Meta 
2347       DEBUG main            d.u.i.k.j.TypeConverter   No LDT found for Meta 
4356       DEBUG main            d.u.i.k.j.TypeConverter   No LDT found for JavaBigintExpression 
11336      DEBUG main            d.u.i.k.p.i.AbstractProblemLoader Init config took 10.28s 
11562      INFO  main            d.u.i.k.p.i.AbstractProblemLoader Replaying proof simple_evoting.Environment[simple_evoting.Environment::untrustedOutputMessage([B)].Non-interference contract.0 
11710      DEBUG main            d.u.i.k.p.i.IntermediateProofReplayer Proof replay took 421.4ns 
23672      INFO  main            d.u.i.k.p.r.p.TestFile    ... finished proof: closed. 
23901      INFO  main            d.u.i.k.p.r.p.TestFile    Now processing file /home/runner/work/key/key/key.core/../key.ui/examples/InformationFlow/SimpleEvoting/simple_evoting.Environment(simple_evoting.Environment__untrustedOutput(int)).Non-interference contract.0.key 
23903      INFO  main            d.u.i.k.p.i.AbstractProblemLoader Loading environment from /home/runner/work/key/key/key.core/../key.ui/examples/InformationFlow/SimpleEvoting/simple_evoting.Environment(simple_evoting.Environment__untrustedOutput(int)).Non-interference contract.0.key 
23903      DEBUG main            d.u.i.k.p.i.AbstractProblemLoader Environment load took 346.4ns 
23906      INFO  main            d.u.i.k.p.i.AbstractProblemLoader Creating init config 
28140      DEBUG main            d.u.i.k.p.i.AbstractProblemLoader Init config took 4.23s 
28257      INFO  main            d.u.i.k.p.i.AbstractProblemLoader Replaying proof simple_evoting.Environment[simple_evoting.Environment::untrustedOutput(int)].Non-interference contract.0 
28261      DEBUG main            d.u.i.k.p.i.IntermediateProofReplayer Proof replay took 13.9ns 
28364      INFO  main            d.u.i.k.p.r.p.TestFile    ... finished proof: closed. 
28533      INFO  main            d.u.i.k.p.r.p.TestFile    Now processing file /home/runner/work/key/key/key.core/../key.ui/examples/InformationFlow/SimpleEvoting/simple_evoting.Environment(simple_evoting.Environment__untrustedInput(int)).Non-interference contract.0.key 
28535      INFO  main            d.u.i.k.p.i.AbstractProblemLoader Loading environment from /home/runner/work/key/key/key.core/../key.ui/examples/InformationFlow/SimpleEvoting/simple_evoting.Environment(simple_evoting.Environment__untrustedInput(int)).Non-interference contract.0.key 
28535      DEBUG main            d.u.i.k.p.i.AbstractProblemLoader Environment load took 120.4ns 
28536      INFO  main            d.u.i.k.p.i.AbstractProblemLoader Creating init config 
32536      DEBUG main            d.u.i.k.p.i.AbstractProblemLoader Init config took 4s 
32625      INFO  main            d.u.i.k.p.i.AbstractProblemLoader Replaying proof simple_evoting.Environment[simple_evoting.Environment::untrustedInput(int)].Non-interference contract.0 
32633      DEBUG main            d.u.i.k.p.i.IntermediateProofReplayer Proof replay took 15ns 
32738      INFO  main            d.u.i.k.p.r.p.TestFile    ... finished proof: open goal(s) 
32902      INFO  main            d.u.i.k.p.r.p.TestFile    Now processing file /home/runner/work/key/key/key.core/../key.ui/examples/InformationFlow/SimpleEvoting/simple_evoting.Environment(simple_evoting.Environment__untrustedInput()).Non-interference contract.0.key 
32902      INFO  main            d.u.i.k.p.i.AbstractProblemLoader Loading environment from /home/runner/work/key/key/key.core/../key.ui/examples/InformationFlow/SimpleEvoting/simple_evoting.Environment(simple_evoting.Environment__untrustedInput()).Non-interference contract.0.key 
32903      DEBUG main            d.u.i.k.p.i.AbstractProblemLoader Environment load took 92.1ns 
32904      INFO  main            d.u.i.k.p.i.AbstractProblemLoader Creating init config 
36767      DEBUG main            d.u.i.k.p.i.AbstractProblemLoader Init config took 3.86s 
36846      INFO  main            d.u.i.k.p.i.AbstractProblemLoader Replaying proof simple_evoting.Environment[simple_evoting.Environment::untrustedInput()].Non-interference contract.0 
36850      DEBUG main            d.u.i.k.p.i.IntermediateProofReplayer Proof replay took 14ns 
36954      INFO  main            d.u.i.k.p.r.p.TestFile    ... finished proof: open goal(s) 
37152      INFO  main            d.u.i.k.p.r.p.TestFile    Now processing file /home/runner/work/key/key/key.core/../key.ui/examples/InformationFlow/SimpleEvoting/simple_evoting.SMT(simple_evoting.SMT__send(simple_evoting.Message,int,simple_evoting.Server)).Non-interference contract.1.key 
37152      INFO  main            d.u.i.k.p.i.AbstractProblemLoader Loading environment from /home/runner/work/key/key/key.core/../key.ui/examples/InformationFlow/SimpleEvoting/simple_evoting.SMT(simple_evoting.SMT__send(simple_evoting.Message,int,simple_evoting.Server)).Non-interference contract.1.key 
37152      DEBUG main            d.u.i.k.p.i.AbstractProblemLoader Environment load took 118.7ns 
37154      INFO  main            d.u.i.k.p.i.AbstractProblemLoader Creating init config 
40955      DEBUG main            d.u.i.k.p.i.AbstractProblemLoader Init config took 3.8s 
41029      INFO  main            d.u.i.k.p.i.AbstractProblemLoader Replaying proof simple_evoting.SMT[simple_evoting.SMT::send(simple_evoting.Message,int,simple_evoting.Server)].Non-interference contract.1 
41033      DEBUG main            d.u.i.k.p.i.IntermediateProofReplayer Proof replay took 13.3ns 
83477      INFO  main            d.u.i.k.p.r.p.TestFile    ... finished proof: closed. 
83771      INFO  main            d.u.i.k.p.r.p.TestFile    Now processing file /home/runner/work/key/key/key.core/../key.ui/examples/InformationFlow/SimpleEvoting/simple_evoting.SMT(simple_evoting.SMT__send(simple_evoting.Message,int,simple_evoting.Server)).Non-interference contract.0.key 
83772      INFO  main            d.u.i.k.p.i.AbstractProblemLoader Loading environment from /home/runner/work/key/key/key.core/../key.ui/examples/InformationFlow/SimpleEvoting/simple_evoting.SMT(simple_evoting.SMT__send(simple_evoting.Message,int,simple_evoting.Server)).Non-interference contract.0.key 
83772      DEBUG main            d.u.i.k.p.i.AbstractProblemLoader Environment load took 107.1ns 
83775      INFO  main            d.u.i.k.p.i.AbstractProblemLoader Creating init config 
87520      DEBUG main            d.u.i.k.p.i.AbstractProblemLoader Init config took 3.74s 
87615      INFO  main            d.u.i.k.p.i.AbstractProblemLoader Replaying proof simple_evoting.SMT[simple_evoting.SMT::send(simple_evoting.Message,int,simple_evoting.Server)].Non-interference contract.0 
87624      DEBUG main            d.u.i.k.p.i.IntermediateProofReplayer Proof replay took 33.5ns 
138265     INFO  main            d.u.i.k.p.r.p.TestFile    ... finished proof: closed. 
138569     INFO  main            d.u.i.k.p.r.p.TestFile    Now processing file /home/runner/work/key/key/key.core/../key.ui/examples/InformationFlow/SimpleEvoting/simple_evoting.NetworkClient(simple_evoting.NetworkClient__send((B,simple_evoting.Server,int)).Non-interference contract.0.key 
138569     INFO  main            d.u.i.k.p.i.AbstractProblemLoader Loading environment from /home/runner/work/key/key/key.core/../key.ui/examples/InformationFlow/SimpleEvoting/simple_evoting.NetworkClient(simple_evoting.NetworkClient__send((B,simple_evoting.Server,int)).Non-interference contract.0.key 
138569     DEBUG main            d.u.i.k.p.i.AbstractProblemLoader Environment load took 86.3ns 
138570     INFO  main            d.u.i.k.p.i.AbstractProblemLoader Creating init config 
142245     DEBUG main            d.u.i.k.p.i.AbstractProblemLoader Init config took 3.67s 
142315     INFO  main            d.u.i.k.p.i.AbstractProblemLoader Replaying proof simple_evoting.NetworkClient[simple_evoting.NetworkClient::send([B,simple_evoting.Server,int)].Non-interference contract.0 
142318     DEBUG main            d.u.i.k.p.i.IntermediateProofReplayer Proof replay took 12.8ns 
146661     INFO  main            d.u.i.k.p.r.p.TestFile    ... finished proof: closed. 
146886     INFO  main            d.u.i.k.p.r.p.TestFile    Now processing file /home/runner/work/key/key/key.core/../key.ui/examples/InformationFlow/SimpleEvoting/simple_evoting.Voter(simple_evoting.Voter__onSendBallot(simple_evoting.Server)).Non-interference contract.1.key 
146888     INFO  main            d.u.i.k.p.i.AbstractProblemLoader Loading environment from /home/runner/work/key/key/key.core/../key.ui/examples/InformationFlow/SimpleEvoting/simple_evoting.Voter(simple_evoting.Voter__onSendBallot(simple_evoting.Server)).Non-interference contract.1.key 
146888     DEBUG main            d.u.i.k.p.i.AbstractProblemLoader Environment load took 96.4ns 
146889     INFO  main            d.u.i.k.p.i.AbstractProblemLoader Creating init config 
150594     DEBUG main            d.u.i.k.p.i.AbstractProblemLoader Init config took 3.7s 
150663     INFO  main            d.u.i.k.p.i.AbstractProblemLoader Replaying proof simple_evoting.Voter[simple_evoting.Voter::onSendBallot(simple_evoting.Server)].Non-interference contract.1 
150668     DEBUG main            d.u.i.k.p.i.IntermediateProofReplayer Proof replay took 14.8ns 
164714     INFO  main            d.u.i.k.p.r.p.TestFile    ... finished proof: closed. 
164974     INFO  main            d.u.i.k.p.r.p.TestFile    Now processing file /home/runner/work/key/key/key.core/../key.ui/examples/InformationFlow/SimpleEvoting/simple_evoting.Voter(simple_evoting.Voter__onSendBallot(simple_evoting.Server)).Non-interference contract.0.key 
164974     INFO  main            d.u.i.k.p.i.AbstractProblemLoader Loading environment from /home/runner/work/key/key/key.core/../key.ui/examples/InformationFlow/SimpleEvoting/simple_evoting.Voter(simple_evoting.Voter__onSendBallot(simple_evoting.Server)).Non-interference contract.0.key 
164974     DEBUG main            d.u.i.k.p.i.AbstractProblemLoader Environment load took 193.1ns 
164976     INFO  main            d.u.i.k.p.i.AbstractProblemLoader Creating init config 
168673     DEBUG main            d.u.i.k.p.i.AbstractProblemLoader Init config took 3.7s 
168741     INFO  main            d.u.i.k.p.i.AbstractProblemLoader Replaying proof simple_evoting.Voter[simple_evoting.Voter::onSendBallot(simple_evoting.Server)].Non-interference contract.0 
168744     DEBUG main            d.u.i.k.p.i.IntermediateProofReplayer Proof replay took 14.7ns 
186551     INFO  main            d.u.i.k.p.r.p.TestFile    ... finished proof: closed. 
1900605    INFO  Test worker     d.u.i.k.p.r.RunAllProofsTestUnit Returning from test SimpleEvoting_nomacro 
1900606    INFO  Test worker     d.u.i.k.p.r.RunAllProofsTestUnit Running test ToyVoting_fullmacro 
485        INFO  Timeout watchdog d.u.i.k.p.r.p.ForkedTestFileRunner Timeout watcher launched (1000 secs.) 
490        WARN  main            d.u.i.k.s.ProofSettings   The settings in /home/runner/.key/proof-settings.props are *not* read. 
525        INFO  main            d.u.i.k.p.r.p.TestFile    Now processing file /home/runner/work/key/key/key.core/../key.ui/examples/InformationFlow/ToyVoting/Voter(Voter__insecure_voting()).Non-interference contract.0.m.key 
665        INFO  main            d.u.i.k.p.i.AbstractProblemLoader Loading environment from /home/runner/work/key/key/key.core/../key.ui/examples/InformationFlow/ToyVoting/Voter(Voter__insecure_voting()).Non-interference contract.0.m.key 
687        DEBUG main            d.u.i.k.p.i.AbstractProblemLoader Environment load took 2.39ms 
981        INFO  main            d.u.i.k.p.i.AbstractProblemLoader Creating init config 
2301       DEBUG main            d.u.i.k.j.TypeConverter   No LDT found for Meta 
2301       DEBUG main            d.u.i.k.j.TypeConverter   No LDT found for Meta 
2305       DEBUG main            d.u.i.k.j.TypeConverter   No LDT found for Meta 
2306       DEBUG main            d.u.i.k.j.TypeConverter   No LDT found for Meta 
4173       DEBUG main            d.u.i.k.j.TypeConverter   No LDT found for JavaBigintExpression 
10376      DEBUG main            d.u.i.k.p.i.AbstractProblemLoader Init config took 9.39s 
10584      INFO  main            d.u.i.k.p.i.AbstractProblemLoader Replaying proof Voter[Voter::insecure_voting()].Non-interference contract.0 
10683      DEBUG main            d.u.i.k.p.i.IntermediateProofReplayer Proof replay took 436.6ns 
10763      DEBUG main            d.u.i.k.m.s.ProofScriptEngine 1: 'macro 'infflow-autopilot'' 
11174      DEBUG main            d.u.i.k.p.m.ProofCorrectnessMgt No justification found for rule Class_invariant_axiom_for_Voter 
11395      DEBUG main            d.u.i.k.p.m.ProofCorrectnessMgt No justification found for rule Class_invariant_axiom_for_Voter 
11399      DEBUG main            d.u.i.k.p.m.ProofCorrectnessMgt No justification found for rule Class_invariant_axiom_for_Voter 
11672      DEBUG main            d.u.i.k.p.m.ProofCorrectnessMgt No justification found for rule Class_invariant_axiom_for_Voter 
11675      DEBUG main            d.u.i.k.p.m.ProofCorrectnessMgt No justification found for rule Class_invariant_axiom_for_Voter 
11759      DEBUG main            d.u.i.k.p.m.ProofCorrectnessMgt No justification found for rule Class_invariant_axiom_for_Voter 
11764      DEBUG main            d.u.i.k.p.m.ProofCorrectnessMgt No justification found for rule Class_invariant_axiom_for_Voter 
11874      DEBUG main            d.u.i.k.p.m.ProofCorrectnessMgt No justification found for rule Class_invariant_axiom_for_Voter 
11876      DEBUG main            d.u.i.k.p.m.ProofCorrectnessMgt No justification found for rule Class_invariant_axiom_for_Voter 
12059      DEBUG main            d.u.i.k.p.m.ProofCorrectnessMgt No justification found for rule Class_invariant_axiom_for_Voter 
12061      DEBUG main            d.u.i.k.p.m.ProofCorrectnessMgt No justification found for rule Class_invariant_axiom_for_Voter 
12185      DEBUG main            d.u.i.k.p.m.ProofCorrectnessMgt No justification found for rule Class_invariant_axiom_for_Voter 
12187      DEBUG main            d.u.i.k.p.m.ProofCorrectnessMgt No justification found for rule Class_invariant_axiom_for_Voter 
12246      DEBUG main            d.u.i.k.p.m.ProofCorrectnessMgt No justification found for rule Class_invariant_axiom_for_Voter 
12248      DEBUG main            d.u.i.k.p.m.ProofCorrectnessMgt No justification found for rule Class_invariant_axiom_for_Voter 
12379      DEBUG main            d.u.i.k.p.m.ProofCorrectnessMgt No justification found for rule Class_invariant_axiom_for_Voter 
12401      DEBUG main            d.u.i.k.p.m.ProofCorrectnessMgt No justification found for rule Class_invariant_axiom_for_Voter 
12522      DEBUG main            d.u.i.k.p.m.ProofCorrectnessMgt No justification found for rule Class_invariant_axiom_for_Voter 
12538      DEBUG main            d.u.i.k.p.m.ProofCorrectnessMgt No justification found for rule Class_invariant_axiom_for_Voter 
12651      DEBUG main            d.u.i.k.p.m.ProofCorrectnessMgt No justification found for rule Class_invariant_axiom_for_Voter 
12673      DEBUG main            d.u.i.k.p.m.ProofCorrectnessMgt No justification found for rule Class_invariant_axiom_for_Voter 
12678      DEBUG main            d.u.i.k.p.m.ProofCorrectnessMgt No justification found for rule Class_invariant_axiom_for_Voter 
47415      INFO  main            d.u.i.k.p.r.p.TestFile    ... finished proof: open goal(s) 
47666      INFO  main            d.u.i.k.p.r.p.TestFile    Now processing file /home/runner/work/key/key/key.core/../key.ui/examples/InformationFlow/ToyVoting/Voter(Voter__publishVoterParticipation()).Non-interference contract.0.m.key 
47666      INFO  main            d.u.i.k.p.i.AbstractProblemLoader Loading environment from /home/runner/work/key/key/key.core/../key.ui/examples/InformationFlow/ToyVoting/Voter(Voter__publishVoterParticipation()).Non-interference contract.0.m.key 
47667      DEBUG main            d.u.i.k.p.i.AbstractProblemLoader Environment load took 292.3ns 
47669      INFO  main            d.u.i.k.p.i.AbstractProblemLoader Creating init config 
51191      DEBUG main            d.u.i.k.p.i.AbstractProblemLoader Init config took 3.52s 
51280      INFO  main            d.u.i.k.p.i.AbstractProblemLoader Replaying proof Voter[Voter::publishVoterParticipation()].Non-interference contract.0 
51284      DEBUG main            d.u.i.k.p.i.IntermediateProofReplayer Proof replay took 12.9ns 
51285      DEBUG main            d.u.i.k.m.s.ProofScriptEngine 1: 'macro 'infflow-autopilot'' 
51342      DEBUG main            d.u.i.k.p.m.ProofCorrectnessMgt No justification found for rule Class_invariant_axiom_for_Voter 
51590      INFO  main            d.u.i.k.p.r.p.TestFile    ... finished proof: closed. 
51919      INFO  main            d.u.i.k.p.r.p.TestFile    Now processing file /home/runner/work/key/key/key.core/../key.ui/examples/InformationFlow/ToyVoting/Voter(Voter__isValid(int)).Non-interference contract.0.m.key 
51919      INFO  main            d.u.i.k.p.i.AbstractProblemLoader Loading environment from /home/runner/work/key/key/key.core/../key.ui/examples/InformationFlow/ToyVoting/Voter(Voter__isValid(int)).Non-interference contract.0.m.key 
51919      DEBUG main            d.u.i.k.p.i.AbstractProblemLoader Environment load took 103.7ns 
51921      INFO  main            d.u.i.k.p.i.AbstractProblemLoader Creating init config 
55169      DEBUG main            d.u.i.k.p.i.AbstractProblemLoader Init config took 3.25s 
55229      INFO  main            d.u.i.k.p.i.AbstractProblemLoader Replaying proof Voter[Voter::isValid(int)].Non-interference contract.0 
55233      DEBUG main            d.u.i.k.p.i.IntermediateProofReplayer Proof replay took 14.8ns 
55234      DEBUG main            d.u.i.k.m.s.ProofScriptEngine 1: 'macro 'infflow-autopilot'' 
55288      DEBUG main            d.u.i.k.p.m.ProofCorrectnessMgt No justification found for rule Class_invariant_axiom_for_Voter 
55655      INFO  main            d.u.i.k.p.r.p.TestFile    ... finished proof: closed. 
55821      INFO  main            d.u.i.k.p.r.p.TestFile    Now processing file /home/runner/work/key/key/key.core/../key.ui/examples/InformationFlow/ToyVoting/Voter(Voter__sendVote(int)).Non-interference contract.0.m.key 
55822      INFO  main            d.u.i.k.p.i.AbstractProblemLoader Loading environment from /home/runner/work/key/key/key.core/../key.ui/examples/InformationFlow/ToyVoting/Voter(Voter__sendVote(int)).Non-interference contract.0.m.key 
55822      DEBUG main            d.u.i.k.p.i.AbstractProblemLoader Environment load took 97.7ns 
55823      INFO  main            d.u.i.k.p.i.AbstractProblemLoader Creating init config 
59082      DEBUG main            d.u.i.k.p.i.AbstractProblemLoader Init config took 3.26s 
59139      INFO  main            d.u.i.k.p.i.AbstractProblemLoader Replaying proof Voter[Voter::sendVote(int)].Non-interference contract.0 
59142      DEBUG main            d.u.i.k.p.i.IntermediateProofReplayer Proof replay took 16.5ns 
59143      DEBUG main            d.u.i.k.m.s.ProofScriptEngine 1: 'macro 'infflow-autopilot'' 
59193      DEBUG main            d.u.i.k.p.m.ProofCorrectnessMgt No justification found for rule Class_invariant_axiom_for_Voter 
59467      INFO  main            d.u.i.k.p.r.p.TestFile    ... finished proof: closed. 
59713      INFO  main            d.u.i.k.p.r.p.TestFile    Now processing file /home/runner/work/key/key/key.core/../key.ui/examples/InformationFlow/ToyVoting/Voter(Voter__inputVote()).Non-interference contract.0.m.key 
59714      INFO  main            d.u.i.k.p.i.AbstractProblemLoader Loading environment from /home/runner/work/key/key/key.core/../key.ui/examples/InformationFlow/ToyVoting/Voter(Voter__inputVote()).Non-interference contract.0.m.key 
59714      DEBUG main            d.u.i.k.p.i.AbstractProblemLoader Environment load took 286.11ns 
59716      INFO  main            d.u.i.k.p.i.AbstractProblemLoader Creating init config 
62887      DEBUG main            d.u.i.k.p.i.AbstractProblemLoader Init config took 3.17s 
62958      INFO  main            d.u.i.k.p.i.AbstractProblemLoader Replaying proof Voter[Voter::inputVote()].Non-interference contract.0 
62961      DEBUG main            d.u.i.k.p.i.IntermediateProofReplayer Proof replay took 30.4ns 
62962      DEBUG main            d.u.i.k.m.s.ProofScriptEngine 1: 'macro 'infflow-autopilot'' 
63005      DEBUG main            d.u.i.k.p.m.ProofCorrectnessMgt No justification found for rule Class_invariant_axiom_for_Voter 
63141      INFO  main            d.u.i.k.p.r.p.TestFile    ... finished proof: closed. 
63315      INFO  main            d.u.i.k.p.r.p.TestFile    Now processing file /home/runner/work/key/key/key.core/../key.ui/examples/InformationFlow/ToyVoting/Voter(Voter__secure_voting()).Non-interference contract.0.m.key 
63315      INFO  main            d.u.i.k.p.i.AbstractProblemLoader Loading environment from /home/runner/work/key/key/key.core/../key.ui/examples/InformationFlow/ToyVoting/Voter(Voter__secure_voting()).Non-interference contract.0.m.key 
63315      DEBUG main            d.u.i.k.p.i.AbstractProblemLoader Environment load took 92.9ns 
63317      INFO  main            d.u.i.k.p.i.AbstractProblemLoader Creating init config 
66497      DEBUG main            d.u.i.k.p.i.AbstractProblemLoader Init config took 3.18s 
66559      INFO  main            d.u.i.k.p.i.AbstractProblemLoader Replaying proof Voter[Voter::secure_voting()].Non-interference contract.0 
66562      DEBUG main            d.u.i.k.p.i.IntermediateProofReplayer Proof replay took 15ns 
66563      DEBUG main            d.u.i.k.m.s.ProofScriptEngine 1: 'macro 'infflow-autopilot'' 
66605      DEBUG main            d.u.i.k.p.m.ProofCorrectnessMgt No justification found for rule Class_invariant_axiom_for_Voter 
66750      DEBUG main            d.u.i.k.p.m.ProofCorrectnessMgt No justification found for rule Class_invariant_axiom_for_Voter 
66857      DEBUG main            d.u.i.k.p.m.ProofCorrectnessMgt No justification found for rule Class_invariant_axiom_for_Voter 
66858      DEBUG main            d.u.i.k.p.m.ProofCorrectnessMgt No justification found for rule Class_invariant_axiom_for_Voter 
67049      DEBUG main            d.u.i.k.p.m.ProofCorrectnessMgt No justification found for rule Class_invariant_axiom_for_Voter 
67254      DEBUG main            d.u.i.k.p.m.ProofCorrectnessMgt No justification found for rule Class_invariant_axiom_for_Voter 
67257      DEBUG main            d.u.i.k.p.m.ProofCorrectnessMgt No justification found for rule Class_invariant_axiom_for_Voter 
67636      DEBUG main            d.u.i.k.p.m.ProofCorrectnessMgt No justification found for rule Class_invariant_axiom_for_Voter 
67737      DEBUG main            d.u.i.k.p.m.ProofCorrectnessMgt No justification found for rule Class_invariant_axiom_for_Voter 
67739      DEBUG main            d.u.i.k.p.m.ProofCorrectnessMgt No justification found for rule Class_invariant_axiom_for_Voter 
67768      DEBUG main            d.u.i.k.p.m.ProofCorrectnessMgt No justification found for rule Class_invariant_axiom_for_Voter 
67847      DEBUG main            d.u.i.k.p.m.ProofCorrectnessMgt No justification found for rule Class_invariant_axiom_for_Voter 
67850      DEBUG main            d.u.i.k.p.m.ProofCorrectnessMgt No justification found for rule Class_invariant_axiom_for_Voter 
68897      DEBUG main            d.u.i.k.p.m.ProofCorrectnessMgt No justification found for rule Class_invariant_axiom_for_Voter 
68900      DEBUG main            d.u.i.k.p.m.ProofCorrectnessMgt No justification found for rule Class_invariant_axiom_for_Voter 
69042      DEBUG main            d.u.i.k.p.m.ProofCorrectnessMgt No justification found for rule Class_invariant_axiom_for_Voter 
69047      DEBUG main            d.u.i.k.p.m.ProofCorrectnessMgt No justification found for rule Class_invariant_axiom_for_Voter 
69130      DEBUG main            d.u.i.k.p.m.ProofCorrectnessMgt No justification found for rule Class_invariant_axiom_for_Voter 
69134      DEBUG main            d.u.i.k.p.m.ProofCorrectnessMgt No justification found for rule Class_invariant_axiom_for_Voter 
69159      DEBUG main            d.u.i.k.p.m.ProofCorrectnessMgt No justification found for rule Class_invariant_axiom_for_Voter 
69245      DEBUG main            d.u.i.k.p.m.ProofCorrectnessMgt No justification found for rule Class_invariant_axiom_for_Voter 
69365      DEBUG main            d.u.i.k.p.m.ProofCorrectnessMgt No justification found for rule Class_invariant_axiom_for_Voter 
69367      DEBUG main            d.u.i.k.p.m.ProofCorrectnessMgt No justification found for rule Class_invariant_axiom_for_Voter 
69956      DEBUG main            d.u.i.k.p.m.ProofCorrectnessMgt No justification found for rule Class_invariant_axiom_for_Voter 
69982      DEBUG main            d.u.i.k.p.m.ProofCorrectnessMgt No justification found for rule Class_invariant_axiom_for_Voter 
69985      DEBUG main            d.u.i.k.p.m.ProofCorrectnessMgt No justification found for rule Class_invariant_axiom_for_Voter 
70012      DEBUG main            d.u.i.k.p.m.ProofCorrectnessMgt No justification found for rule Class_invariant_axiom_for_Voter 
70040      DEBUG main            d.u.i.k.p.m.ProofCorrectnessMgt No justification found for rule Class_invariant_axiom_for_Voter 
70042      DEBUG main            d.u.i.k.p.m.ProofCorrectnessMgt No justification found for rule Class_invariant_axiom_for_Voter 
70091      DEBUG main            d.u.i.k.p.m.ProofCorrectnessMgt No justification found for rule Class_invariant_axiom_for_Voter 
70125      DEBUG main            d.u.i.k.p.m.ProofCorrectnessMgt No justification found for rule Class_invariant_axiom_for_Voter 
70127      DEBUG main            d.u.i.k.p.m.ProofCorrectnessMgt No justification found for rule Class_invariant_axiom_for_Voter 
70345      DEBUG main            d.u.i.k.p.m.ProofCorrectnessMgt No justification found for rule Class_invariant_axiom_for_Voter 
70379      DEBUG main            d.u.i.k.p.m.ProofCorrectnessMgt No justification found for rule Class_invariant_axiom_for_Voter 
70381      DEBUG main            d.u.i.k.p.m.ProofCorrectnessMgt No justification found for rule Class_invariant_axiom_for_Voter 
70575      DEBUG main            d.u.i.k.p.m.ProofCorrectnessMgt No justification found for rule Class_invariant_axiom_for_Voter 
70580      DEBUG main            d.u.i.k.p.m.ProofCorrectnessMgt No justification found for rule Class_invariant_axiom_for_Voter 
70680      DEBUG main            d.u.i.k.p.m.ProofCorrectnessMgt No justification found for rule Class_invariant_axiom_for_Voter 
70683      DEBUG main            d.u.i.k.p.m.ProofCorrectnessMgt No justification found for rule Class_invariant_axiom_for_Voter 
70743      DEBUG main            d.u.i.k.p.m.ProofCorrectnessMgt No justification found for rule Class_invariant_axiom_for_Voter 
70746      DEBUG main            d.u.i.k.p.m.ProofCorrectnessMgt No justification found for rule Class_invariant_axiom_for_Voter 
70820      DEBUG main            d.u.i.k.p.m.ProofCorrectnessMgt No justification found for rule Class_invariant_axiom_for_Voter 
70826      DEBUG main            d.u.i.k.p.m.ProofCorrectnessMgt No justification found for rule Class_invariant_axiom_for_Voter 
70872      DEBUG main            d.u.i.k.p.m.ProofCorrectnessMgt No justification found for rule Class_invariant_axiom_for_Voter 
70875      DEBUG main            d.u.i.k.p.m.ProofCorrectnessMgt No justification found for rule Class_invariant_axiom_for_Voter 
71015      DEBUG main            d.u.i.k.p.m.ProofCorrectnessMgt No justification found for rule Class_invariant_axiom_for_Voter 
71021      DEBUG main            d.u.i.k.p.m.ProofCorrectnessMgt No justification found for rule Class_invariant_axiom_for_Voter 
71221      DEBUG main            d.u.i.k.p.m.ProofCorrectnessMgt No justification found for rule Class_invariant_axiom_for_Voter 
71225      DEBUG main            d.u.i.k.p.m.ProofCorrectnessMgt No justification found for rule Class_invariant_axiom_for_Voter 
71460      DEBUG main            d.u.i.k.p.m.ProofCorrectnessMgt No justification found for rule Class_invariant_axiom_for_Voter 
71584      DEBUG main            d.u.i.k.p.m.ProofCorrectnessMgt No justification found for rule Class_invariant_axiom_for_Voter 
71585      DEBUG main            d.u.i.k.p.m.ProofCorrectnessMgt No justification found for rule Class_invariant_axiom_for_Voter 
71682      DEBUG main            d.u.i.k.p.m.ProofCorrectnessMgt No justification found for rule Class_invariant_axiom_for_Voter 
71683      DEBUG main            d.u.i.k.p.m.ProofCorrectnessMgt No justification found for rule Class_invariant_axiom_for_Voter 
71734      DEBUG main            d.u.i.k.p.m.ProofCorrectnessMgt No justification found for rule Class_invariant_axiom_for_Voter 
71735      DEBUG main            d.u.i.k.p.m.ProofCorrectnessMgt No justification found for rule Class_invariant_axiom_for_Voter 
71769      DEBUG main            d.u.i.k.p.m.ProofCorrectnessMgt No justification found for rule Class_invariant_axiom_for_Voter 
71794      DEBUG main            d.u.i.k.p.m.ProofCorrectnessMgt No justification found for rule Class_invariant_axiom_for_Voter 
71796      DEBUG main            d.u.i.k.p.m.ProofCorrectnessMgt No justification found for rule Class_invariant_axiom_for_Voter 
72398      DEBUG main            d.u.i.k.p.m.ProofCorrectnessMgt No justification found for rule Class_invariant_axiom_for_Voter 
72401      DEBUG main            d.u.i.k.p.m.ProofCorrectnessMgt No justification found for rule Class_invariant_axiom_for_Voter 
72404      DEBUG main            d.u.i.k.p.m.ProofCorrectnessMgt No justification found for rule Class_invariant_axiom_for_Voter 
72409      DEBUG main            d.u.i.k.p.m.ProofCorrectnessMgt No justification found for rule Class_invariant_axiom_for_Voter 
72729      DEBUG main            d.u.i.k.p.m.ProofCorrectnessMgt No justification found for rule Class_invariant_axiom_for_Voter 
72733      DEBUG main            d.u.i.k.p.m.ProofCorrectnessMgt No justification found for rule Class_invariant_axiom_for_Voter 
72852      DEBUG main            d.u.i.k.p.m.ProofCorrectnessMgt No justification found for rule Class_invariant_axiom_for_Voter 
72855      DEBUG main            d.u.i.k.p.m.ProofCorrectnessMgt No justification found for rule Class_invariant_axiom_for_Voter 
73001      DEBUG main            d.u.i.k.p.m.ProofCorrectnessMgt No justification found for rule Class_invariant_axiom_for_Voter 
73006      DEBUG main            d.u.i.k.p.m.ProofCorrectnessMgt No justification found for rule Class_invariant_axiom_for_Voter 
73112      DEBUG main            d.u.i.k.p.m.ProofCorrectnessMgt No justification found for rule Class_invariant_axiom_for_Voter 
73115      DEBUG main            d.u.i.k.p.m.ProofCorrectnessMgt No justification found for rule Class_invariant_axiom_for_Voter 
73252      DEBUG main            d.u.i.k.p.m.ProofCorrectnessMgt No justification found for rule Class_invariant_axiom_for_Voter 
73255      DEBUG main            d.u.i.k.p.m.ProofCorrectnessMgt No justification found for rule Class_invariant_axiom_for_Voter 
73384      DEBUG main            d.u.i.k.p.m.ProofCorrectnessMgt No justification found for rule Class_invariant_axiom_for_Voter 
73388      DEBUG main            d.u.i.k.p.m.ProofCorrectnessMgt No justification found for rule Class_invariant_axiom_for_Voter 
73530      DEBUG main            d.u.i.k.p.m.ProofCorrectnessMgt No justification found for rule Class_invariant_axiom_for_Voter 
73534      DEBUG main            d.u.i.k.p.m.ProofCorrectnessMgt No justification found for rule Class_invariant_axiom_for_Voter 
73627      DEBUG main            d.u.i.k.p.m.ProofCorrectnessMgt No justification found for rule Class_invariant_axiom_for_Voter 
73631      DEBUG main            d.u.i.k.p.m.ProofCorrectnessMgt No justification found for rule Class_invariant_axiom_for_Voter 
73867      DEBUG main            d.u.i.k.p.m.ProofCorrectnessMgt No justification found for rule Class_invariant_axiom_for_Voter 
73870      DEBUG main            d.u.i.k.p.m.ProofCorrectnessMgt No justification found for rule Class_invariant_axiom_for_Voter 
74083      DEBUG main            d.u.i.k.p.m.ProofCorrectnessMgt No justification found for rule Class_invariant_axiom_for_Voter 
74085      DEBUG main            d.u.i.k.p.m.ProofCorrectnessMgt No justification found for rule Class_invariant_axiom_for_Voter 
75168      DEBUG main            d.u.i.k.p.m.ProofCorrectnessMgt No justification found for rule Class_invariant_axiom_for_Voter 
75171      DEBUG main            d.u.i.k.p.m.ProofCorrectnessMgt No justification found for rule Class_invariant_axiom_for_Voter 
75716      DEBUG main            d.u.i.k.p.m.ProofCorrectnessMgt No justification found for rule Class_invariant_axiom_for_Voter 
75719      DEBUG main            d.u.i.k.p.m.ProofCorrectnessMgt No justification found for rule Class_invariant_axiom_for_Voter 
75871      DEBUG main            d.u.i.k.p.m.ProofCorrectnessMgt No justification found for rule Class_invariant_axiom_for_Voter 
75874      DEBUG main            d.u.i.k.p.m.ProofCorrectnessMgt No justification found for rule Class_invariant_axiom_for_Voter 
76310      DEBUG main            d.u.i.k.p.m.ProofCorrectnessMgt No justification found for rule Class_invariant_axiom_for_Voter 
76313      DEBUG main            d.u.i.k.p.m.ProofCorrectnessMgt No justification found for rule Class_invariant_axiom_for_Voter 
76544      DEBUG main            d.u.i.k.p.m.ProofCorrectnessMgt No justification found for rule Class_invariant_axiom_for_Voter 
76547      DEBUG main            d.u.i.k.p.m.ProofCorrectnessMgt No justification found for rule Class_invariant_axiom_for_Voter 
76742      DEBUG main            d.u.i.k.p.m.ProofCorrectnessMgt No justification found for rule Class_invariant_axiom_for_Voter 
76745      DEBUG main            d.u.i.k.p.m.ProofCorrectnessMgt No justification found for rule Class_invariant_axiom_for_Voter 
76941      DEBUG main            d.u.i.k.p.m.ProofCorrectnessMgt No justification found for rule Class_invariant_axiom_for_Voter 
76943      DEBUG main            d.u.i.k.p.m.ProofCorrectnessMgt No justification found for rule Class_invariant_axiom_for_Voter 
77134      DEBUG main            d.u.i.k.p.m.ProofCorrectnessMgt No justification found for rule Class_invariant_axiom_for_Voter 
77137      DEBUG main            d.u.i.k.p.m.ProofCorrectnessMgt No justification found for rule Class_invariant_axiom_for_Voter 
77413      DEBUG main            d.u.i.k.p.m.ProofCorrectnessMgt No justification found for rule Class_invariant_axiom_for_Voter 
77416      DEBUG main            d.u.i.k.p.m.ProofCorrectnessMgt No justification found for rule Class_invariant_axiom_for_Voter 
78816      INFO  main            d.u.i.k.p.r.p.TestFile    ... finished proof: closed. 
1979919    INFO  Test worker     d.u.i.k.p.r.RunAllProofsTestUnit Returning from test ToyVoting_fullmacro 
1979920    INFO  Test worker     d.u.i.k.p.r.RunAllProofsTestUnit Running test SumExample_fullmacro 
461        INFO  Timeout watchdog d.u.i.k.p.r.p.ForkedTestFileRunner Timeout watcher launched (1000 secs.) 
482        WARN  main            d.u.i.k.s.ProofSettings   The settings in /home/runner/.key/proof-settings.props are *not* read. 
524        INFO  main            d.u.i.k.p.r.p.TestFile    Now processing file /home/runner/work/key/key/key.core/../key.ui/examples/InformationFlow/Sum/SumExample(SumExample__getSum()).Non-interference contract.0.m.key 
703        INFO  main            d.u.i.k.p.i.AbstractProblemLoader Loading environment from /home/runner/work/key/key/key.core/../key.ui/examples/InformationFlow/Sum/SumExample(SumExample__getSum()).Non-interference contract.0.m.key 
727        DEBUG main            d.u.i.k.p.i.AbstractProblemLoader Environment load took 2.65ms 
1043       INFO  main            d.u.i.k.p.i.AbstractProblemLoader Creating init config 
2245       DEBUG main            d.u.i.k.j.TypeConverter   No LDT found for Meta 
2246       DEBUG main            d.u.i.k.j.TypeConverter   No LDT found for Meta 
2250       DEBUG main            d.u.i.k.j.TypeConverter   No LDT found for Meta 
2250       DEBUG main            d.u.i.k.j.TypeConverter   No LDT found for Meta 
3906       DEBUG main            d.u.i.k.j.TypeConverter   No LDT found for JavaBigintExpression 
9889       DEBUG main            d.u.i.k.p.i.AbstractProblemLoader Init config took 8.85s 
10121      INFO  main            d.u.i.k.p.i.AbstractProblemLoader Replaying proof SumExample[SumExample::getSum()].Non-interference contract.0 
10218      DEBUG main            d.u.i.k.p.i.IntermediateProofReplayer Proof replay took 526.31ns 
10309      DEBUG main            d.u.i.k.m.s.ProofScriptEngine 1: 'macro 'infflow-autopilot'' 
10771      DEBUG main            d.u.i.k.p.m.ProofCorrectnessMgt No justification found for rule Class_invariant_axiom_for_SumExample 
12955      INFO  main            d.u.i.k.p.r.p.TestFile    ... finished proof: closed. 
1993245    INFO  Test worker     d.u.i.k.p.r.RunAllProofsTestUnit Returning from test SumExample_fullmacro 
1993246    INFO  Test worker     d.u.i.k.p.r.RunAllProofsTestUnit Running test ToyBanking_fullmacro 
445        WARN  main            d.u.i.k.s.ProofSettings   The settings in /home/runner/.key/proof-settings.props are *not* read. 
445        INFO  Timeout watchdog d.u.i.k.p.r.p.ForkedTestFileRunner Timeout watcher launched (1000 secs.) 
499        INFO  main            d.u.i.k.p.r.p.TestFile    Now processing file /home/runner/work/key/key/key.core/../key.ui/examples/InformationFlow/ToyBanking/banking_example.UserAccount(banking_example.UserAccount__getBankAccount(int)).Non-interference contract.0.m.key 
661        INFO  main            d.u.i.k.p.i.AbstractProblemLoader Loading environment from /home/runner/work/key/key/key.core/../key.ui/examples/InformationFlow/ToyBanking/banking_example.UserAccount(banking_example.UserAccount__getBankAccount(int)).Non-interference contract.0.m.key 
688        DEBUG main            d.u.i.k.p.i.AbstractProblemLoader Environment load took 2.51ms 
975        INFO  main            d.u.i.k.p.i.AbstractProblemLoader Creating init config 
2198       DEBUG main            d.u.i.k.j.TypeConverter   No LDT found for Meta 
2199       DEBUG main            d.u.i.k.j.TypeConverter   No LDT found for Meta 
2203       DEBUG main            d.u.i.k.j.TypeConverter   No LDT found for Meta 
2203       DEBUG main            d.u.i.k.j.TypeConverter   No LDT found for Meta 
4235       DEBUG main            d.u.i.k.j.TypeConverter   No LDT found for JavaBigintExpression 
11112      DEBUG main            d.u.i.k.p.i.AbstractProblemLoader Init config took 10.14s 
11356      INFO  main            d.u.i.k.p.i.AbstractProblemLoader Replaying proof banking_example.UserAccount[banking_example.UserAccount::getBankAccount(int)].Non-interference contract.0 
11461      DEBUG main            d.u.i.k.p.i.IntermediateProofReplayer Proof replay took 479.51ns 
11541      DEBUG main            d.u.i.k.m.s.ProofScriptEngine 1: 'macro 'infflow-autopilot'' 
12039      DEBUG main            d.u.i.k.p.m.ProofCorrectnessMgt No justification found for rule Class_invariant_axiom_for_banking_example_UserAccount 
17361      INFO  main            d.u.i.k.p.r.p.TestFile    ... finished proof: closed. 
17582      INFO  main            d.u.i.k.p.r.p.TestFile    Now processing file /home/runner/work/key/key/key.core/../key.ui/examples/InformationFlow/ToyBanking/banking_example.UserAccount(banking_example.UserAccount__tryLogin(int,(C)).Non-interference contract.0.m.key 
17582      INFO  main            d.u.i.k.p.i.AbstractProblemLoader Loading environment from /home/runner/work/key/key/key.core/../key.ui/examples/InformationFlow/ToyBanking/banking_example.UserAccount(banking_example.UserAccount__tryLogin(int,(C)).Non-interference contract.0.m.key 
17583      DEBUG main            d.u.i.k.p.i.AbstractProblemLoader Environment load took 176.6ns 
17586      INFO  main            d.u.i.k.p.i.AbstractProblemLoader Creating init config 
21363      DEBUG main            d.u.i.k.p.i.AbstractProblemLoader Init config took 3.78s 
21480      INFO  main            d.u.i.k.p.i.AbstractProblemLoader Replaying proof banking_example.UserAccount[banking_example.UserAccount::tryLogin(int,[C)].Non-interference contract.0 
21484      DEBUG main            d.u.i.k.p.i.IntermediateProofReplayer Proof replay took 15.2ns 
21485      DEBUG main            d.u.i.k.m.s.ProofScriptEngine 1: 'macro 'infflow-autopilot'' 
21571      DEBUG main            d.u.i.k.p.m.ProofCorrectnessMgt No justification found for rule Class_invariant_axiom_for_banking_example_UserAccount 
95744      INFO  main            d.u.i.k.p.r.p.TestFile    ... finished proof: closed. 
96173      INFO  main            d.u.i.k.p.r.p.TestFile    Now processing file /home/runner/work/key/key/key.core/../key.ui/examples/InformationFlow/ToyBanking/banking_example.BankAccount(banking_example.BankAccount__depositMoney(int)).Non-interference contract.0.m.key 
96175      INFO  main            d.u.i.k.p.i.AbstractProblemLoader Loading environment from /home/runner/work/key/key/key.core/../key.ui/examples/InformationFlow/ToyBanking/banking_example.BankAccount(banking_example.BankAccount__depositMoney(int)).Non-interference contract.0.m.key 
96175      DEBUG main            d.u.i.k.p.i.AbstractProblemLoader Environment load took 337.71ns 
96179      INFO  main            d.u.i.k.p.i.AbstractProblemLoader Creating init config 
99889      DEBUG main            d.u.i.k.p.i.AbstractProblemLoader Init config took 3.71s 
99976      INFO  main            d.u.i.k.p.i.AbstractProblemLoader Replaying proof banking_example.BankAccount[banking_example.BankAccount::depositMoney(int)].Non-interference contract.0 
99979      DEBUG main            d.u.i.k.p.i.IntermediateProofReplayer Proof replay took 15.3ns 
99981      DEBUG main            d.u.i.k.m.s.ProofScriptEngine 1: 'macro 'infflow-autopilot'' 
100062     DEBUG main            d.u.i.k.p.m.ProofCorrectnessMgt No justification found for rule Class_invariant_axiom_for_banking_example_BankAccount 
100814     INFO  main            d.u.i.k.p.r.p.TestFile    ... finished proof: closed. 
101128     INFO  main            d.u.i.k.p.r.p.TestFile    Now processing file /home/runner/work/key/key/key.core/../key.ui/examples/InformationFlow/ToyBanking/banking_example.BankAccount(banking_example.BankAccount__getBalance()).Non-interference contract.0.m.key 
101128     INFO  main            d.u.i.k.p.i.AbstractProblemLoader Loading environment from /home/runner/work/key/key/key.core/../key.ui/examples/InformationFlow/ToyBanking/banking_example.BankAccount(banking_example.BankAccount__getBalance()).Non-interference contract.0.m.key 
101128     DEBUG main            d.u.i.k.p.i.AbstractProblemLoader Environment load took 112.1ns 
101132     INFO  main            d.u.i.k.p.i.AbstractProblemLoader Creating init config 
104504     DEBUG main            d.u.i.k.p.i.AbstractProblemLoader Init config took 3.37s 
104585     INFO  main            d.u.i.k.p.i.AbstractProblemLoader Replaying proof banking_example.BankAccount[banking_example.BankAccount::getBalance()].Non-interference contract.0 
104592     DEBUG main            d.u.i.k.p.i.IntermediateProofReplayer Proof replay took 14.6ns 
104593     DEBUG main            d.u.i.k.m.s.ProofScriptEngine 1: 'macro 'infflow-autopilot'' 
104645     DEBUG main            d.u.i.k.p.m.ProofCorrectnessMgt No justification found for rule Class_invariant_axiom_for_banking_example_BankAccount 
104795     INFO  main            d.u.i.k.p.r.p.TestFile    ... finished proof: closed. 
104980     INFO  main            d.u.i.k.p.r.p.TestFile    Now processing file /home/runner/work/key/key/key.core/../key.ui/examples/InformationFlow/ToyBanking/banking_example.BankAccount(banking_example.BankAccount__getId()).Non-interference contract.0.m.key 
104980     INFO  main            d.u.i.k.p.i.AbstractProblemLoader Loading environment from /home/runner/work/key/key/key.core/../key.ui/examples/InformationFlow/ToyBanking/banking_example.BankAccount(banking_example.BankAccount__getId()).Non-interference contract.0.m.key 
104980     DEBUG main            d.u.i.k.p.i.AbstractProblemLoader Environment load took 91.4ns 
104982     INFO  main            d.u.i.k.p.i.AbstractProblemLoader Creating init config 
108336     DEBUG main            d.u.i.k.p.i.AbstractProblemLoader Init config took 3.35s 
108405     INFO  main            d.u.i.k.p.i.AbstractProblemLoader Replaying proof banking_example.BankAccount[banking_example.BankAccount::getId()].Non-interference contract.0 
108408     DEBUG main            d.u.i.k.p.i.IntermediateProofReplayer Proof replay took 33.9ns 
108409     DEBUG main            d.u.i.k.m.s.ProofScriptEngine 1: 'macro 'infflow-autopilot'' 
108454     DEBUG main            d.u.i.k.p.m.ProofCorrectnessMgt No justification found for rule Class_invariant_axiom_for_banking_example_BankAccount 
108639     INFO  main            d.u.i.k.p.r.p.TestFile    ... finished proof: closed. 
108827     INFO  main            d.u.i.k.p.r.p.TestFile    Now processing file /home/runner/work/key/key/key.core/../key.ui/examples/InformationFlow/ToyBanking/banking_example.Bank(banking_example.Bank__login(int,(C)).Non-interference contract.0.m.key 
108828     INFO  main            d.u.i.k.p.i.AbstractProblemLoader Loading environment from /home/runner/work/key/key/key.core/../key.ui/examples/InformationFlow/ToyBanking/banking_example.Bank(banking_example.Bank__login(int,(C)).Non-interference contract.0.m.key 
108828     DEBUG main            d.u.i.k.p.i.AbstractProblemLoader Environment load took 91.5ns 
108829     INFO  main            d.u.i.k.p.i.AbstractProblemLoader Creating init config 
112242     DEBUG main            d.u.i.k.p.i.AbstractProblemLoader Init config took 3.41s 
112332     INFO  main            d.u.i.k.p.i.AbstractProblemLoader Replaying proof banking_example.Bank[banking_example.Bank::login(int,[C)].Non-interference contract.0 
112335     DEBUG main            d.u.i.k.p.i.IntermediateProofReplayer Proof replay took 15ns 
112335     DEBUG main            d.u.i.k.m.s.ProofScriptEngine 1: 'macro 'infflow-autopilot'' 
112392     DEBUG main            d.u.i.k.p.m.ProofCorrectnessMgt No justification found for rule Class_invariant_axiom_for_banking_example_Bank 
113958     DEBUG main            d.u.i.k.p.m.ProofCorrectnessMgt No justification found for rule Partial_inv_axiom_for_JML_class_invariant_nr_13_in_UserAccount 
114146     DEBUG main            d.u.i.k.p.m.ProofCorrectnessMgt No justification found for rule Partial_inv_axiom_for_JML_class_invariant_nr_9_in_UserAccount_EQ 
114160     DEBUG main            d.u.i.k.p.m.ProofCorrectnessMgt No justification found for rule Partial_inv_axiom_for_JML_class_invariant_nr_13_in_UserAccount_EQ 
114194     DEBUG main            d.u.i.k.p.m.ProofCorrectnessMgt No justification found for rule Partial_inv_axiom_for_JML_class_invariant_nr_9_in_UserAccount 
114203     DEBUG main            d.u.i.k.p.m.ProofCorrectnessMgt No justification found for rule Partial_inv_axiom_for_JML_class_invariant_nr_11_in_UserAccount 
114308     DEBUG main            d.u.i.k.p.m.ProofCorrectnessMgt No justification found for rule Partial_inv_axiom_for_JML_class_invariant_nr_15_in_UserAccount 
114322     DEBUG main            d.u.i.k.p.m.ProofCorrectnessMgt No justification found for rule Partial_inv_axiom_for_JML_class_invariant_nr_11_in_UserAccount_EQ 
114347     DEBUG main            d.u.i.k.p.m.ProofCorrectnessMgt No justification found for rule Partial_inv_axiom_for_JML_class_invariant_nr_15_in_UserAccount_EQ 
114406     DEBUG main            d.u.i.k.p.m.ProofCorrectnessMgt No justification found for rule Partial_inv_axiom_for_JML_class_invariant_nr_13_in_UserAccount 
116011     DEBUG main            d.u.i.k.p.m.ProofCorrectnessMgt No justification found for rule Partial_inv_axiom_for_JML_class_invariant_nr_15_in_UserAccount 
116050     DEBUG main            d.u.i.k.p.m.ProofCorrectnessMgt No justification found for rule Partial_inv_axiom_for_JML_class_invariant_nr_13_in_UserAccount 
116280     DEBUG main            d.u.i.k.p.m.ProofCorrectnessMgt No justification found for rule Partial_inv_axiom_for_JML_class_invariant_nr_15_in_UserAccount 
116490     DEBUG main            d.u.i.k.p.m.ProofCorrectnessMgt No justification found for rule Partial_inv_axiom_for_JML_class_invariant_nr_9_in_UserAccount 
116500     DEBUG main            d.u.i.k.p.m.ProofCorrectnessMgt No justification found for rule Partial_inv_axiom_for_JML_class_invariant_nr_11_in_UserAccount 
117339     DEBUG main            d.u.i.k.p.m.ProofCorrectnessMgt No justification found for rule Partial_inv_axiom_for_JML_class_invariant_nr_13_in_UserAccount 
323894     INFO  main            d.u.i.k.p.r.p.TestFile    ... finished proof: open goal(s) 
324324     INFO  main            d.u.i.k.p.r.p.TestFile    Now processing file /home/runner/work/key/key/key.core/../key.ui/examples/InformationFlow/ToyBanking/banking_example2.UserAccount(banking_example2.UserAccount__getBankAccount(int)).Non-interference contract.0.m.key 
324324     INFO  main            d.u.i.k.p.i.AbstractProblemLoader Loading environment from /home/runner/work/key/key/key.core/../key.ui/examples/InformationFlow/ToyBanking/banking_example2.UserAccount(banking_example2.UserAccount__getBankAccount(int)).Non-interference contract.0.m.key 
324324     DEBUG main            d.u.i.k.p.i.AbstractProblemLoader Environment load took 118.4ns 
324325     INFO  main            d.u.i.k.p.i.AbstractProblemLoader Creating init config 
327572     DEBUG main            d.u.i.k.p.i.AbstractProblemLoader Init config took 3.25s 
327666     INFO  main            d.u.i.k.p.i.AbstractProblemLoader Replaying proof banking_example2.UserAccount[banking_example2.UserAccount::getBankAccount(int)].Non-interference contract.0 
327669     DEBUG main            d.u.i.k.p.i.IntermediateProofReplayer Proof replay took 15.3ns 
327670     DEBUG main            d.u.i.k.m.s.ProofScriptEngine 1: 'macro 'infflow-autopilot'' 
327730     DEBUG main            d.u.i.k.p.m.ProofCorrectnessMgt No justification found for rule Class_invariant_axiom_for_banking_example2_UserAccount 
330262     INFO  main            d.u.i.k.p.r.p.TestFile    ... finished proof: closed. 
330770     INFO  main            d.u.i.k.p.r.p.TestFile    Now processing file /home/runner/work/key/key/key.core/../key.ui/examples/InformationFlow/ToyBanking/banking_example2.UserAccount(banking_example2.UserAccount__tryLogin(int,(C)).Non-interference contract.0.m.key 
330770     INFO  main            d.u.i.k.p.i.AbstractProblemLoader Loading environment from /home/runner/work/key/key/key.core/../key.ui/examples/InformationFlow/ToyBanking/banking_example2.UserAccount(banking_example2.UserAccount__tryLogin(int,(C)).Non-interference contract.0.m.key 
330770     DEBUG main            d.u.i.k.p.i.AbstractProblemLoader Environment load took 102.6ns 
330771     INFO  main            d.u.i.k.p.i.AbstractProblemLoader Creating init config 
333968     DEBUG main            d.u.i.k.p.i.AbstractProblemLoader Init config took 3.2s 
334037     INFO  main            d.u.i.k.p.i.AbstractProblemLoader Replaying proof banking_example2.UserAccount[banking_example2.UserAccount::tryLogin(int,[C)].Non-interference contract.0 
334040     DEBUG main            d.u.i.k.p.i.IntermediateProofReplayer Proof replay took 16.8ns 
334040     DEBUG main            d.u.i.k.m.s.ProofScriptEngine 1: 'macro 'infflow-autopilot'' 
334090     DEBUG main            d.u.i.k.p.m.ProofCorrectnessMgt No justification found for rule Class_invariant_axiom_for_banking_example2_UserAccount 
352357     INFO  main            d.u.i.k.p.r.p.TestFile    ... finished proof: closed. 
352689     INFO  main            d.u.i.k.p.r.p.TestFile    Now processing file /home/runner/work/key/key/key.core/../key.ui/examples/InformationFlow/ToyBanking/banking_example2.BankAccount(banking_example2.BankAccount__depositMoney(int)).Non-interference contract.0.m.key 
352689     INFO  main            d.u.i.k.p.i.AbstractProblemLoader Loading environment from /home/runner/work/key/key/key.core/../key.ui/examples/InformationFlow/ToyBanking/banking_example2.BankAccount(banking_example2.BankAccount__depositMoney(int)).Non-interference contract.0.m.key 
352689     DEBUG main            d.u.i.k.p.i.AbstractProblemLoader Environment load took 105.6ns 
352690     INFO  main            d.u.i.k.p.i.AbstractProblemLoader Creating init config 
355921     DEBUG main            d.u.i.k.p.i.AbstractProblemLoader Init config took 3.23s 
355991     INFO  main            d.u.i.k.p.i.AbstractProblemLoader Replaying proof banking_example2.BankAccount[banking_example2.BankAccount::depositMoney(int)].Non-interference contract.0 
355994     DEBUG main            d.u.i.k.p.i.IntermediateProofReplayer Proof replay took 15.9ns 
355994     DEBUG main            d.u.i.k.m.s.ProofScriptEngine 1: 'macro 'infflow-autopilot'' 
356034     DEBUG main            d.u.i.k.p.m.ProofCorrectnessMgt No justification found for rule Class_invariant_axiom_for_banking_example2_BankAccount 
356767     INFO  main            d.u.i.k.p.r.p.TestFile    ... finished proof: closed. 
357038     INFO  main            d.u.i.k.p.r.p.TestFile    Now processing file /home/runner/work/key/key/key.core/../key.ui/examples/InformationFlow/ToyBanking/banking_example2.BankAccount(banking_example2.BankAccount__getBalance()).Non-interference contract.0.m.key 
357038     INFO  main            d.u.i.k.p.i.AbstractProblemLoader Loading environment from /home/runner/work/key/key/key.core/../key.ui/examples/InformationFlow/ToyBanking/banking_example2.BankAccount(banking_example2.BankAccount__getBalance()).Non-interference contract.0.m.key 
357038     DEBUG main            d.u.i.k.p.i.AbstractProblemLoader Environment load took 98.8ns 
357040     INFO  main            d.u.i.k.p.i.AbstractProblemLoader Creating init config 
360265     DEBUG main            d.u.i.k.p.i.AbstractProblemLoader Init config took 3.23s 
360334     INFO  main            d.u.i.k.p.i.AbstractProblemLoader Replaying proof banking_example2.BankAccount[banking_example2.BankAccount::getBalance()].Non-interference contract.0 
360338     DEBUG main            d.u.i.k.p.i.IntermediateProofReplayer Proof replay took 15.3ns 
360340     DEBUG main            d.u.i.k.m.s.ProofScriptEngine 1: 'macro 'infflow-autopilot'' 
360378     DEBUG main            d.u.i.k.p.m.ProofCorrectnessMgt No justification found for rule Class_invariant_axiom_for_banking_example2_BankAccount 
360517     INFO  main            d.u.i.k.p.r.p.TestFile    ... finished proof: closed. 
360732     INFO  main            d.u.i.k.p.r.p.TestFile    Now processing file /home/runner/work/key/key/key.core/../key.ui/examples/InformationFlow/ToyBanking/banking_example2.BankAccount(banking_example2.BankAccount__getId()).Non-interference contract.0.m.key 
360732     INFO  main            d.u.i.k.p.i.AbstractProblemLoader Loading environment from /home/runner/work/key/key/key.core/../key.ui/examples/InformationFlow/ToyBanking/banking_example2.BankAccount(banking_example2.BankAccount__getId()).Non-interference contract.0.m.key 
360732     DEBUG main            d.u.i.k.p.i.AbstractProblemLoader Environment load took 99.8ns 
360734     INFO  main            d.u.i.k.p.i.AbstractProblemLoader Creating init config 
364961     DEBUG main            d.u.i.k.p.i.AbstractProblemLoader Init config took 4.23s 
365034     INFO  main            d.u.i.k.p.i.AbstractProblemLoader Replaying proof banking_example2.BankAccount[banking_example2.BankAccount::getId()].Non-interference contract.0 
365037     DEBUG main            d.u.i.k.p.i.IntermediateProofReplayer Proof replay took 18.4ns 
365038     DEBUG main            d.u.i.k.m.s.ProofScriptEngine 1: 'macro 'infflow-autopilot'' 
365077     DEBUG main            d.u.i.k.p.m.ProofCorrectnessMgt No justification found for rule Class_invariant_axiom_for_banking_example2_BankAccount 
365217     INFO  main            d.u.i.k.p.r.p.TestFile    ... finished proof: closed. 
2358869    INFO  Test worker     d.u.i.k.p.r.RunAllProofsTestUnit Returning from test ToyBanking_fullmacro 
2358870    INFO  Test worker     d.u.i.k.p.r.RunAllProofsTestUnit Running test BlockContracts_fullmacro 
672        INFO  Timeout watchdog d.u.i.k.p.r.p.ForkedTestFileRunner Timeout watcher launched (1000 secs.) 
694        WARN  main            d.u.i.k.s.ProofSettings   The settings in /home/runner/.key/proof-settings.props are *not* read. 
740        INFO  main            d.u.i.k.p.r.p.TestFile    Now processing file /home/runner/work/key/key/key.core/../key.ui/examples/InformationFlow/BlockContracts/contract.IFBlockExamples(contract.IFBlockExamples__secure_5()).Non-interference contract.0.m.key 
893        INFO  main            d.u.i.k.p.i.AbstractProblemLoader Loading environment from /home/runner/work/key/key/key.core/../key.ui/examples/InformationFlow/BlockContracts/contract.IFBlockExamples(contract.IFBlockExamples__secure_5()).Non-interference contract.0.m.key 
921        DEBUG main            d.u.i.k.p.i.AbstractProblemLoader Environment load took 2.29ms 
1215       INFO  main            d.u.i.k.p.i.AbstractProblemLoader Creating init config 
2846       DEBUG main            d.u.i.k.j.TypeConverter   No LDT found for Meta 
2847       DEBUG main            d.u.i.k.j.TypeConverter   No LDT found for Meta 
2852       DEBUG main            d.u.i.k.j.TypeConverter   No LDT found for Meta 
2852       DEBUG main            d.u.i.k.j.TypeConverter   No LDT found for Meta 
5161       DEBUG main            d.u.i.k.j.TypeConverter   No LDT found for JavaBigintExpression 
12588      DEBUG main            d.u.i.k.p.i.AbstractProblemLoader Init config took 11.37s 
12842      INFO  main            d.u.i.k.p.i.AbstractProblemLoader Replaying proof contract.IFBlockExamples[contract.IFBlockExamples::secure_5()].Non-interference contract.0 
12933      DEBUG main            d.u.i.k.p.i.IntermediateProofReplayer Proof replay took 391.8ns 
13018      DEBUG main            d.u.i.k.m.s.ProofScriptEngine 1: 'macro 'infflow-autopilot'' 
13428      DEBUG main            d.u.i.k.p.m.ProofCorrectnessMgt No justification found for rule Class_invariant_axiom_for_contract_IFBlockExamples 
14561      INFO  main            d.u.i.k.p.r.p.TestFile    ... finished proof: closed. 
14719      INFO  main            d.u.i.k.p.r.p.TestFile    Now processing file /home/runner/work/key/key/key.core/../key.ui/examples/InformationFlow/BlockContracts/contract.IFBlockExamples(contract.IFBlockExamples__block_no_return_secure(int)).Non-interference contract.0.m.key 
14720      INFO  main            d.u.i.k.p.i.AbstractProblemLoader Loading environment from /home/runner/work/key/key/key.core/../key.ui/examples/InformationFlow/BlockContracts/contract.IFBlockExamples(contract.IFBlockExamples__block_no_return_secure(int)).Non-interference contract.0.m.key 
14720      DEBUG main            d.u.i.k.p.i.AbstractProblemLoader Environment load took 282ns 
14725      INFO  main            d.u.i.k.p.i.AbstractProblemLoader Creating init config 
18551      DEBUG main            d.u.i.k.p.i.AbstractProblemLoader Init config took 3.83s 
18625      INFO  main            d.u.i.k.p.i.AbstractProblemLoader Replaying proof contract.IFBlockExamples[contract.IFBlockExamples::block_no_return_secure(int)].Non-interference contract.0 
18629      DEBUG main            d.u.i.k.p.i.IntermediateProofReplayer Proof replay took 14.4ns 
18630      DEBUG main            d.u.i.k.m.s.ProofScriptEngine 1: 'macro 'infflow-autopilot'' 
18698      DEBUG main            d.u.i.k.p.m.ProofCorrectnessMgt No justification found for rule Class_invariant_axiom_for_contract_IFBlockExamples 
19405      INFO  main            d.u.i.k.p.r.p.TestFile    ... finished proof: closed. 
19592      INFO  main            d.u.i.k.p.r.p.TestFile    Now processing file /home/runner/work/key/key/key.core/../key.ui/examples/InformationFlow/BlockContracts/contract.IFBlockExamples(contract.IFBlockExamples__while_block_insecure(int)).Non-interference contract.0.m.key 
19592      INFO  main            d.u.i.k.p.i.AbstractProblemLoader Loading environment from /home/runner/work/key/key/key.core/../key.ui/examples/InformationFlow/BlockContracts/contract.IFBlockExamples(contract.IFBlockExamples__while_block_insecure(int)).Non-interference contract.0.m.key 
19592      DEBUG main            d.u.i.k.p.i.AbstractProblemLoader Environment load took 142.7ns 
19594      INFO  main            d.u.i.k.p.i.AbstractProblemLoader Creating init config 
23082      DEBUG main            d.u.i.k.p.i.AbstractProblemLoader Init config took 3.49s 
23172      INFO  main            d.u.i.k.p.i.AbstractProblemLoader Replaying proof contract.IFBlockExamples[contract.IFBlockExamples::while_block_insecure(int)].Non-interference contract.0 
23176      DEBUG main            d.u.i.k.p.i.IntermediateProofReplayer Proof replay took 26.6ns 
23177      DEBUG main            d.u.i.k.m.s.ProofScriptEngine 1: 'macro 'infflow-autopilot'' 
23244      DEBUG main            d.u.i.k.p.m.ProofCorrectnessMgt No justification found for rule Class_invariant_axiom_for_contract_IFBlockExamples 
25278      INFO  main            d.u.i.k.p.r.p.TestFile    ... finished proof: open goal(s) 
25544      INFO  main            d.u.i.k.p.r.p.TestFile    Now processing file /home/runner/work/key/key/key.core/../key.ui/examples/InformationFlow/BlockContracts/contract.IFBlockExamples(contract.IFBlockExamples__while_block_secure(int)).Non-interference contract.0.m.key 
25545      INFO  main            d.u.i.k.p.i.AbstractProblemLoader Loading environment from /home/runner/work/key/key/key.core/../key.ui/examples/InformationFlow/BlockContracts/contract.IFBlockExamples(contract.IFBlockExamples__while_block_secure(int)).Non-interference contract.0.m.key 
25545      DEBUG main            d.u.i.k.p.i.AbstractProblemLoader Environment load took 100.6ns 
25547      INFO  main            d.u.i.k.p.i.AbstractProblemLoader Creating init config 
28995      DEBUG main            d.u.i.k.p.i.AbstractProblemLoader Init config took 3.45s 
29090      INFO  main            d.u.i.k.p.i.AbstractProblemLoader Replaying proof contract.IFBlockExamples[contract.IFBlockExamples::while_block_secure(int)].Non-interference contract.0 
29095      DEBUG main            d.u.i.k.p.i.IntermediateProofReplayer Proof replay took 15.6ns 
29096      DEBUG main            d.u.i.k.m.s.ProofScriptEngine 1: 'macro 'infflow-autopilot'' 
29163      DEBUG main            d.u.i.k.p.m.ProofCorrectnessMgt No justification found for rule Class_invariant_axiom_for_contract_IFBlockExamples 
30920      INFO  main            d.u.i.k.p.r.p.TestFile    ... finished proof: closed. 
31163      INFO  main            d.u.i.k.p.r.p.TestFile    Now processing file /home/runner/work/key/key/key.core/../key.ui/examples/InformationFlow/BlockContracts/contract.IFBlockExamples(contract.IFBlockExamples__block_while_secure(int)).Non-interference contract.0.m.key 
31163      INFO  main            d.u.i.k.p.i.AbstractProblemLoader Loading environment from /home/runner/work/key/key/key.core/../key.ui/examples/InformationFlow/BlockContracts/contract.IFBlockExamples(contract.IFBlockExamples__block_while_secure(int)).Non-interference contract.0.m.key 
31163      DEBUG main            d.u.i.k.p.i.AbstractProblemLoader Environment load took 97.2ns 
31165      INFO  main            d.u.i.k.p.i.AbstractProblemLoader Creating init config 
34580      DEBUG main            d.u.i.k.p.i.AbstractProblemLoader Init config took 3.42s 
34656      INFO  main            d.u.i.k.p.i.AbstractProblemLoader Replaying proof contract.IFBlockExamples[contract.IFBlockExamples::block_while_secure(int)].Non-interference contract.0 
34660      DEBUG main            d.u.i.k.p.i.IntermediateProofReplayer Proof replay took 16.4ns 
34660      DEBUG main            d.u.i.k.m.s.ProofScriptEngine 1: 'macro 'infflow-autopilot'' 
34720      DEBUG main            d.u.i.k.p.m.ProofCorrectnessMgt No justification found for rule Class_invariant_axiom_for_contract_IFBlockExamples 
36364      INFO  main            d.u.i.k.p.r.p.TestFile    ... finished proof: closed. 
36597      INFO  main            d.u.i.k.p.r.p.TestFile    Now processing file /home/runner/work/key/key/key.core/../key.ui/examples/InformationFlow/BlockContracts/contract.IFBlockExamples(contract.IFBlockExamples__insecure_4(int)).Non-interference contract.0.m.key 
36598      INFO  main            d.u.i.k.p.i.AbstractProblemLoader Loading environment from /home/runner/work/key/key/key.core/../key.ui/examples/InformationFlow/BlockContracts/contract.IFBlockExamples(contract.IFBlockExamples__insecure_4(int)).Non-interference contract.0.m.key 
36598      DEBUG main            d.u.i.k.p.i.AbstractProblemLoader Environment load took 86.7ns 
36599      INFO  main            d.u.i.k.p.i.AbstractProblemLoader Creating init config 
39997      DEBUG main            d.u.i.k.p.i.AbstractProblemLoader Init config took 3.4s 
40073      INFO  main            d.u.i.k.p.i.AbstractProblemLoader Replaying proof contract.IFBlockExamples[contract.IFBlockExamples::insecure_4(int)].Non-interference contract.0 
40076      DEBUG main            d.u.i.k.p.i.IntermediateProofReplayer Proof replay took 16.4ns 
40077      DEBUG main            d.u.i.k.m.s.ProofScriptEngine 1: 'macro 'infflow-autopilot'' 
40135      DEBUG main            d.u.i.k.p.m.ProofCorrectnessMgt No justification found for rule Class_invariant_axiom_for_contract_IFBlockExamples 
42024      INFO  main            d.u.i.k.p.r.p.TestFile    ... finished proof: open goal(s) 
42317      INFO  main            d.u.i.k.p.r.p.TestFile    Now processing file /home/runner/work/key/key/key.core/../key.ui/examples/InformationFlow/BlockContracts/contract.IFBlockExamples(contract.IFBlockExamples__insecure_3(int)).Non-interference contract.0.m.key 
42318      INFO  main            d.u.i.k.p.i.AbstractProblemLoader Loading environment from /home/runner/work/key/key/key.core/../key.ui/examples/InformationFlow/BlockContracts/contract.IFBlockExamples(contract.IFBlockExamples__insecure_3(int)).Non-interference contract.0.m.key 
42318      DEBUG main            d.u.i.k.p.i.AbstractProblemLoader Environment load took 104.4ns 
42320      INFO  main            d.u.i.k.p.i.AbstractProblemLoader Creating init config 
45655      DEBUG main            d.u.i.k.p.i.AbstractProblemLoader Init config took 3.34s 
45712      INFO  main            d.u.i.k.p.i.AbstractProblemLoader Replaying proof contract.IFBlockExamples[contract.IFBlockExamples::insecure_3(int)].Non-interference contract.0 
45716      DEBUG main            d.u.i.k.p.i.IntermediateProofReplayer Proof replay took 17ns 
45717      DEBUG main            d.u.i.k.m.s.ProofScriptEngine 1: 'macro 'infflow-autopilot'' 
45769      DEBUG main            d.u.i.k.p.m.ProofCorrectnessMgt No justification found for rule Class_invariant_axiom_for_contract_IFBlockExamples 
55796      INFO  main            d.u.i.k.p.r.p.TestFile    ... finished proof: open goal(s) 
56156      INFO  main            d.u.i.k.p.r.p.TestFile    Now processing file /home/runner/work/key/key/key.core/../key.ui/examples/InformationFlow/BlockContracts/contract.IFBlockExamples(contract.IFBlockExamples__secure_3(int)).Non-interference contract.0.m.key 
56161      INFO  main            d.u.i.k.p.i.AbstractProblemLoader Loading environment from /home/runner/work/key/key/key.core/../key.ui/examples/InformationFlow/BlockContracts/contract.IFBlockExamples(contract.IFBlockExamples__secure_3(int)).Non-interference contract.0.m.key 
56161      DEBUG main            d.u.i.k.p.i.AbstractProblemLoader Environment load took 315.2ns 
56162      INFO  main            d.u.i.k.p.i.AbstractProblemLoader Creating init config 
59375      DEBUG main            d.u.i.k.p.i.AbstractProblemLoader Init config took 3.21s 
59428      INFO  main            d.u.i.k.p.i.AbstractProblemLoader Replaying proof contract.IFBlockExamples[contract.IFBlockExamples::secure_3(int)].Non-interference contract.0 
59431      DEBUG main            d.u.i.k.p.i.IntermediateProofReplayer Proof replay took 27.7ns 
59432      DEBUG main            d.u.i.k.m.s.ProofScriptEngine 1: 'macro 'infflow-autopilot'' 
59476      DEBUG main            d.u.i.k.p.m.ProofCorrectnessMgt No justification found for rule Class_invariant_axiom_for_contract_IFBlockExamples 
61027      INFO  main            d.u.i.k.p.r.p.TestFile    ... finished proof: closed. 
61393      INFO  main            d.u.i.k.p.r.p.TestFile    Now processing file /home/runner/work/key/key/key.core/../key.ui/examples/InformationFlow/BlockContracts/contract.IFBlockExamples(contract.IFBlockExamples__secure_2(int)).Non-interference contract.0.m.key 
61393      INFO  main            d.u.i.k.p.i.AbstractProblemLoader Loading environment from /home/runner/work/key/key/key.core/../key.ui/examples/InformationFlow/BlockContracts/contract.IFBlockExamples(contract.IFBlockExamples__secure_2(int)).Non-interference contract.0.m.key 
61393      DEBUG main            d.u.i.k.p.i.AbstractProblemLoader Environment load took 87ns 
61394      INFO  main            d.u.i.k.p.i.AbstractProblemLoader Creating init config 
64674      DEBUG main            d.u.i.k.p.i.AbstractProblemLoader Init config took 3.28s 
64732      INFO  main            d.u.i.k.p.i.AbstractProblemLoader Replaying proof contract.IFBlockExamples[contract.IFBlockExamples::secure_2(int)].Non-interference contract.0 
64735      DEBUG main            d.u.i.k.p.i.IntermediateProofReplayer Proof replay took 16.3ns 
64736      DEBUG main            d.u.i.k.m.s.ProofScriptEngine 1: 'macro 'infflow-autopilot'' 
64780      DEBUG main            d.u.i.k.p.m.ProofCorrectnessMgt No justification found for rule Class_invariant_axiom_for_contract_IFBlockExamples 
66594      INFO  main            d.u.i.k.p.r.p.TestFile    ... finished proof: closed. 
66904      INFO  main            d.u.i.k.p.r.p.TestFile    Now processing file /home/runner/work/key/key/key.core/../key.ui/examples/InformationFlow/BlockContracts/contract.IFBlockExamples(contract.IFBlockExamples__secure_8(int)).Non-interference contract.0.m.key 
66905      INFO  main            d.u.i.k.p.i.AbstractProblemLoader Loading environment from /home/runner/work/key/key/key.core/../key.ui/examples/InformationFlow/BlockContracts/contract.IFBlockExamples(contract.IFBlockExamples__secure_8(int)).Non-interference contract.0.m.key 
66905      DEBUG main            d.u.i.k.p.i.AbstractProblemLoader Environment load took 95.5ns 
66906      INFO  main            d.u.i.k.p.i.AbstractProblemLoader Creating init config 
70112      DEBUG main            d.u.i.k.p.i.AbstractProblemLoader Init config took 3.21s 
70163      INFO  main            d.u.i.k.p.i.AbstractProblemLoader Replaying proof contract.IFBlockExamples[contract.IFBlockExamples::secure_8(int)].Non-interference contract.0 
70166      DEBUG main            d.u.i.k.p.i.IntermediateProofReplayer Proof replay took 15.3ns 
70167      DEBUG main            d.u.i.k.m.s.ProofScriptEngine 1: 'macro 'infflow-autopilot'' 
70213      DEBUG main            d.u.i.k.p.m.ProofCorrectnessMgt No justification found for rule Class_invariant_axiom_for_contract_IFBlockExamples 
70817      INFO  main            d.u.i.k.p.r.p.TestFile    ... finished proof: closed. 
71114      INFO  main            d.u.i.k.p.r.p.TestFile    Now processing file /home/runner/work/key/key/key.core/../key.ui/examples/InformationFlow/BlockContracts/contract.IFBlockExamples(contract.IFBlockExamples__secure_7(int)).Non-interference contract.0.m.key 
71114      INFO  main            d.u.i.k.p.i.AbstractProblemLoader Loading environment from /home/runner/work/key/key/key.core/../key.ui/examples/InformationFlow/BlockContracts/contract.IFBlockExamples(contract.IFBlockExamples__secure_7(int)).Non-interference contract.0.m.key 
71114      DEBUG main            d.u.i.k.p.i.AbstractProblemLoader Environment load took 80.7ns 
71115      INFO  main            d.u.i.k.p.i.AbstractProblemLoader Creating init config 
74340      DEBUG main            d.u.i.k.p.i.AbstractProblemLoader Init config took 3.22s 
74388      INFO  main            d.u.i.k.p.i.AbstractProblemLoader Replaying proof contract.IFBlockExamples[contract.IFBlockExamples::secure_7(int)].Non-interference contract.0 
74391      DEBUG main            d.u.i.k.p.i.IntermediateProofReplayer Proof replay took 16.8ns 
74391      DEBUG main            d.u.i.k.m.s.ProofScriptEngine 1: 'macro 'infflow-autopilot'' 
74433      DEBUG main            d.u.i.k.p.m.ProofCorrectnessMgt No justification found for rule Class_invariant_axiom_for_contract_IFBlockExamples 
74886      INFO  main            d.u.i.k.p.r.p.TestFile    ... finished proof: closed. 
75156      INFO  main            d.u.i.k.p.r.p.TestFile    Now processing file /home/runner/work/key/key/key.core/../key.ui/examples/InformationFlow/BlockContracts/contract.IFBlockExamples(contract.IFBlockExamples__secure_6(int)).Non-interference contract.0.m.key 
75157      INFO  main            d.u.i.k.p.i.AbstractProblemLoader Loading environment from /home/runner/work/key/key/key.core/../key.ui/examples/InformationFlow/BlockContracts/contract.IFBlockExamples(contract.IFBlockExamples__secure_6(int)).Non-interference contract.0.m.key 
75157      DEBUG main            d.u.i.k.p.i.AbstractProblemLoader Environment load took 86.6ns 
75159      INFO  main            d.u.i.k.p.i.AbstractProblemLoader Creating init config 
78406      DEBUG main            d.u.i.k.p.i.AbstractProblemLoader Init config took 3.25s 
78455      INFO  main            d.u.i.k.p.i.AbstractProblemLoader Replaying proof contract.IFBlockExamples[contract.IFBlockExamples::secure_6(int)].Non-interference contract.0 
78458      DEBUG main            d.u.i.k.p.i.IntermediateProofReplayer Proof replay took 16.3ns 
78458      DEBUG main            d.u.i.k.m.s.ProofScriptEngine 1: 'macro 'infflow-autopilot'' 
78498      DEBUG main            d.u.i.k.p.m.ProofCorrectnessMgt No justification found for rule Class_invariant_axiom_for_contract_IFBlockExamples 
78949      INFO  main            d.u.i.k.p.r.p.TestFile    ... finished proof: closed. 
79238      INFO  main            d.u.i.k.p.r.p.TestFile    Now processing file /home/runner/work/key/key/key.core/../key.ui/examples/InformationFlow/BlockContracts/contract.IFBlockExamples(contract.IFBlockExamples__insecure_1(int)).Non-interference contract.0.m.key 
79240      INFO  main            d.u.i.k.p.i.AbstractProblemLoader Loading environment from /home/runner/work/key/key/key.core/../key.ui/examples/InformationFlow/BlockContracts/contract.IFBlockExamples(contract.IFBlockExamples__insecure_1(int)).Non-interference contract.0.m.key 
79240      DEBUG main            d.u.i.k.p.i.AbstractProblemLoader Environment load took 88.5ns 
79241      INFO  main            d.u.i.k.p.i.AbstractProblemLoader Creating init config 
82383      DEBUG main            d.u.i.k.p.i.AbstractProblemLoader Init config took 3.14s 
82442      INFO  main            d.u.i.k.p.i.AbstractProblemLoader Replaying proof contract.IFBlockExamples[contract.IFBlockExamples::insecure_1(int)].Non-interference contract.0 
82445      DEBUG main            d.u.i.k.p.i.IntermediateProofReplayer Proof replay took 16.2ns 
82446      DEBUG main            d.u.i.k.m.s.ProofScriptEngine 1: 'macro 'infflow-autopilot'' 
82485      DEBUG main            d.u.i.k.p.m.ProofCorrectnessMgt No justification found for rule Class_invariant_axiom_for_contract_IFBlockExamples 
83195      INFO  main            d.u.i.k.p.r.p.TestFile    ... finished proof: open goal(s) 
83429      INFO  main            d.u.i.k.p.r.p.TestFile    Now processing file /home/runner/work/key/key/key.core/../key.ui/examples/InformationFlow/BlockContracts/contract.IFBlockExamples(contract.IFBlockExamples__secure_4(int)).Non-interference contract.0.m.key 
83429      INFO  main            d.u.i.k.p.i.AbstractProblemLoader Loading environment from /home/runner/work/key/key/key.core/../key.ui/examples/InformationFlow/BlockContracts/contract.IFBlockExamples(contract.IFBlockExamples__secure_4(int)).Non-interference contract.0.m.key 
83429      DEBUG main            d.u.i.k.p.i.AbstractProblemLoader Environment load took 165.3ns 
83430      INFO  main            d.u.i.k.p.i.AbstractProblemLoader Creating init config 
86605      DEBUG main            d.u.i.k.p.i.AbstractProblemLoader Init config took 3.17s 
86662      INFO  main            d.u.i.k.p.i.AbstractProblemLoader Replaying proof contract.IFBlockExamples[contract.IFBlockExamples::secure_4(int)].Non-interference contract.0 
86665      DEBUG main            d.u.i.k.p.i.IntermediateProofReplayer Proof replay took 15.1ns 
86665      DEBUG main            d.u.i.k.m.s.ProofScriptEngine 1: 'macro 'infflow-autopilot'' 
86703      DEBUG main            d.u.i.k.p.m.ProofCorrectnessMgt No justification found for rule Class_invariant_axiom_for_contract_IFBlockExamples 
87325      INFO  main            d.u.i.k.p.r.p.TestFile    ... finished proof: closed. 
87625      INFO  main            d.u.i.k.p.r.p.TestFile    Now processing file /home/runner/work/key/key/key.core/../key.ui/examples/InformationFlow/BlockContracts/contract.IFBlockExamples(contract.IFBlockExamples__secure_1(int)).Non-interference contract.0.m.key 
87625      INFO  main            d.u.i.k.p.i.AbstractProblemLoader Loading environment from /home/runner/work/key/key/key.core/../key.ui/examples/InformationFlow/BlockContracts/contract.IFBlockExamples(contract.IFBlockExamples__secure_1(int)).Non-interference contract.0.m.key 
87625      DEBUG main            d.u.i.k.p.i.AbstractProblemLoader Environment load took 83ns 
87626      INFO  main            d.u.i.k.p.i.AbstractProblemLoader Creating init config 
90834      DEBUG main            d.u.i.k.p.i.AbstractProblemLoader Init config took 3.21s 
90894      INFO  main            d.u.i.k.p.i.AbstractProblemLoader Replaying proof contract.IFBlockExamples[contract.IFBlockExamples::secure_1(int)].Non-interference contract.0 
90897      DEBUG main            d.u.i.k.p.i.IntermediateProofReplayer Proof replay took 43.2ns 
90897      DEBUG main            d.u.i.k.m.s.ProofScriptEngine 1: 'macro 'infflow-autopilot'' 
90937      DEBUG main            d.u.i.k.p.m.ProofCorrectnessMgt No justification found for rule Class_invariant_axiom_for_contract_IFBlockExamples 
91634      INFO  main            d.u.i.k.p.r.p.TestFile    ... finished proof: closed. 
91905      INFO  main            d.u.i.k.p.r.p.TestFile    Now processing file /home/runner/work/key/key/key.core/../key.ui/examples/InformationFlow/BlockContracts/contract.IFEfficiencyExamples(contract.IFEfficiencyExamples__mWithoutBlockContract()).Non-interference contract.0.m.key 
91905      INFO  main            d.u.i.k.p.i.AbstractProblemLoader Loading environment from /home/runner/work/key/key/key.core/../key.ui/examples/InformationFlow/BlockContracts/contract.IFEfficiencyExamples(contract.IFEfficiencyExamples__mWithoutBlockContract()).Non-interference contract.0.m.key 
91905      DEBUG main            d.u.i.k.p.i.AbstractProblemLoader Environment load took 90.5ns 
91906      INFO  main            d.u.i.k.p.i.AbstractProblemLoader Creating init config 
95151      DEBUG main            d.u.i.k.p.i.AbstractProblemLoader Init config took 3.24s 
95195      INFO  main            d.u.i.k.p.i.AbstractProblemLoader Replaying proof contract.IFEfficiencyExamples[contract.IFEfficiencyExamples::mWithoutBlockContract()].Non-interference contract.0 
95199      DEBUG main            d.u.i.k.p.i.IntermediateProofReplayer Proof replay took 15.3ns 
95199      DEBUG main            d.u.i.k.m.s.ProofScriptEngine 1: 'macro 'infflow-autopilot'' 
95231      DEBUG main            d.u.i.k.p.m.ProofCorrectnessMgt No justification found for rule Class_invariant_axiom_for_contract_IFEfficiencyExamples 
101460     INFO  main            d.u.i.k.p.r.p.TestFile    ... finished proof: closed. 
101772     INFO  main            d.u.i.k.p.r.p.TestFile    Now processing file /home/runner/work/key/key/key.core/../key.ui/examples/InformationFlow/BlockContracts/contract.IFEfficiencyExamples(contract.IFEfficiencyExamples__mWithBlockContract()).Non-interference contract.0.m.key 
101773     INFO  main            d.u.i.k.p.i.AbstractProblemLoader Loading environment from /home/runner/work/key/key/key.core/../key.ui/examples/InformationFlow/BlockContracts/contract.IFEfficiencyExamples(contract.IFEfficiencyExamples__mWithBlockContract()).Non-interference contract.0.m.key 
101773     DEBUG main            d.u.i.k.p.i.AbstractProblemLoader Environment load took 82.5ns 
101774     INFO  main            d.u.i.k.p.i.AbstractProblemLoader Creating init config 
104901     DEBUG main            d.u.i.k.p.i.AbstractProblemLoader Init config took 3.13s 
104944     INFO  main            d.u.i.k.p.i.AbstractProblemLoader Replaying proof contract.IFEfficiencyExamples[contract.IFEfficiencyExamples::mWithBlockContract()].Non-interference contract.0 
104947     DEBUG main            d.u.i.k.p.i.IntermediateProofReplayer Proof replay took 16.9ns 
104947     DEBUG main            d.u.i.k.m.s.ProofScriptEngine 1: 'macro 'infflow-autopilot'' 
104982     DEBUG main            d.u.i.k.p.m.ProofCorrectnessMgt No justification found for rule Class_invariant_axiom_for_contract_IFEfficiencyExamples 
107078     INFO  main            d.u.i.k.p.r.p.TestFile    ... finished proof: closed. 
2466531    INFO  Test worker     d.u.i.k.p.r.RunAllProofsTestUnit Returning from test BlockContracts_fullmacro 
2466533    INFO  Test worker     d.u.i.k.p.r.RunAllProofsTestUnit Running test MethodContracts_fullmacro 
409        INFO  Timeout watchdog d.u.i.k.p.r.p.ForkedTestFileRunner Timeout watcher launched (1000 secs.) 
424        WARN  main            d.u.i.k.s.ProofSettings   The settings in /home/runner/.key/proof-settings.props are *not* read. 
453        INFO  main            d.u.i.k.p.r.p.TestFile    Now processing file /home/runner/work/key/key/key.core/../key.ui/examples/InformationFlow/MethodContracts/contract.IFMethodContract(contract.IFMethodContract__secure_recursion_2((I,int)).Non-interference contract.0.m.key 
612        INFO  main            d.u.i.k.p.i.AbstractProblemLoader Loading environment from /home/runner/work/key/key/key.core/../key.ui/examples/InformationFlow/MethodContracts/contract.IFMethodContract(contract.IFMethodContract__secure_recursion_2((I,int)).Non-interference contract.0.m.key 
636        DEBUG main            d.u.i.k.p.i.AbstractProblemLoader Environment load took 2.49ms 
943        INFO  main            d.u.i.k.p.i.AbstractProblemLoader Creating init config 
2300       DEBUG main            d.u.i.k.j.TypeConverter   No LDT found for Meta 
2301       DEBUG main            d.u.i.k.j.TypeConverter   No LDT found for Meta 
2305       DEBUG main            d.u.i.k.j.TypeConverter   No LDT found for Meta 
2306       DEBUG main            d.u.i.k.j.TypeConverter   No LDT found for Meta 
4485       DEBUG main            d.u.i.k.j.TypeConverter   No LDT found for JavaBigintExpression 
10630      DEBUG main            d.u.i.k.p.i.AbstractProblemLoader Init config took 9.69s 
10879      INFO  main            d.u.i.k.p.i.AbstractProblemLoader Replaying proof contract.IFMethodContract[contract.IFMethodContract::secure_recursion_2([I,int)].Non-interference contract.0 
10968      DEBUG main            d.u.i.k.p.i.IntermediateProofReplayer Proof replay took 494.51ns 
11028      DEBUG main            d.u.i.k.m.s.ProofScriptEngine 1: 'macro 'infflow-autopilot'' 
11602      DEBUG main            d.u.i.k.p.m.ProofCorrectnessMgt No justification found for rule Class_invariant_axiom_for_contract_IFMethodContract 
12231      DEBUG main            d.u.i.k.p.m.ProofCorrectnessMgt No justification found for rule Class_invariant_axiom_for_contract_IFMethodContract 
12239      DEBUG main            d.u.i.k.p.m.ProofCorrectnessMgt No justification found for rule Class_invariant_axiom_for_contract_IFMethodContract 
12517      DEBUG main            d.u.i.k.p.m.ProofCorrectnessMgt No justification found for rule Class_invariant_axiom_for_contract_IFMethodContract 
16775      INFO  main            d.u.i.k.p.r.p.TestFile    ... finished proof: closed. 
16970      INFO  main            d.u.i.k.p.r.p.TestFile    Now processing file /home/runner/work/key/key/key.core/../key.ui/examples/InformationFlow/MethodContracts/contract.IFMethodContract(contract.IFMethodContract__secure_recursion(int)).Non-interference contract.0.m.key 
16970      INFO  main            d.u.i.k.p.i.AbstractProblemLoader Loading environment from /home/runner/work/key/key/key.core/../key.ui/examples/InformationFlow/MethodContracts/contract.IFMethodContract(contract.IFMethodContract__secure_recursion(int)).Non-interference contract.0.m.key 
16971      DEBUG main            d.u.i.k.p.i.AbstractProblemLoader Environment load took 337.9ns 
16973      INFO  main            d.u.i.k.p.i.AbstractProblemLoader Creating init config 
20779      DEBUG main            d.u.i.k.p.i.AbstractProblemLoader Init config took 3.81s 
20854      INFO  main            d.u.i.k.p.i.AbstractProblemLoader Replaying proof contract.IFMethodContract[contract.IFMethodContract::secure_recursion(int)].Non-interference contract.0 
20858      DEBUG main            d.u.i.k.p.i.IntermediateProofReplayer Proof replay took 13.7ns 
20859      DEBUG main            d.u.i.k.m.s.ProofScriptEngine 1: 'macro 'infflow-autopilot'' 
20922      DEBUG main            d.u.i.k.p.m.ProofCorrectnessMgt No justification found for rule Class_invariant_axiom_for_contract_IFMethodContract 
21002      DEBUG main            d.u.i.k.p.m.ProofCorrectnessMgt No justification found for rule Class_invariant_axiom_for_contract_IFMethodContract 
21003      DEBUG main            d.u.i.k.p.m.ProofCorrectnessMgt No justification found for rule Class_invariant_axiom_for_contract_IFMethodContract 
21084      DEBUG main            d.u.i.k.p.m.ProofCorrectnessMgt No justification found for rule Class_invariant_axiom_for_contract_IFMethodContract 
21676      INFO  main            d.u.i.k.p.r.p.TestFile    ... finished proof: closed. 
21841      INFO  main            d.u.i.k.p.r.p.TestFile    Now processing file /home/runner/work/key/key/key.core/../key.ui/examples/InformationFlow/MethodContracts/contract.IFMethodContract(contract.IFMethodContract__secure_catch_exception()).Non-interference contract.0.m.key 
21842      INFO  main            d.u.i.k.p.i.AbstractProblemLoader Loading environment from /home/runner/work/key/key/key.core/../key.ui/examples/InformationFlow/MethodContracts/contract.IFMethodContract(contract.IFMethodContract__secure_catch_exception()).Non-interference contract.0.m.key 
21842      DEBUG main            d.u.i.k.p.i.AbstractProblemLoader Environment load took 104.5ns 
21844      INFO  main            d.u.i.k.p.i.AbstractProblemLoader Creating init config 
25218      DEBUG main            d.u.i.k.p.i.AbstractProblemLoader Init config took 3.37s 
25280      INFO  main            d.u.i.k.p.i.AbstractProblemLoader Replaying proof contract.IFMethodContract[contract.IFMethodContract::secure_catch_exception()].Non-interference contract.0 
25284      DEBUG main            d.u.i.k.p.i.IntermediateProofReplayer Proof replay took 63.7ns 
25284      DEBUG main            d.u.i.k.m.s.ProofScriptEngine 1: 'macro 'infflow-autopilot'' 
25363      DEBUG main            d.u.i.k.p.m.ProofCorrectnessMgt No justification found for rule Class_invariant_axiom_for_contract_IFMethodContract 
25683      INFO  main            d.u.i.k.p.r.p.TestFile    ... finished proof: closed. 
25881      INFO  main            d.u.i.k.p.r.p.TestFile    Now processing file /home/runner/work/key/key/key.core/../key.ui/examples/InformationFlow/MethodContracts/contract.IFMethodContract(contract.IFMethodContract__n6()).Non-interference contract.0.m.key 
25881      INFO  main            d.u.i.k.p.i.AbstractProblemLoader Loading environment from /home/runner/work/key/key/key.core/../key.ui/examples/InformationFlow/MethodContracts/contract.IFMethodContract(contract.IFMethodContract__n6()).Non-interference contract.0.m.key 
25881      DEBUG main            d.u.i.k.p.i.AbstractProblemLoader Environment load took 122.5ns 
25883      INFO  main            d.u.i.k.p.i.AbstractProblemLoader Creating init config 
29241      DEBUG main            d.u.i.k.p.i.AbstractProblemLoader Init config took 3.36s 
29303      INFO  main            d.u.i.k.p.i.AbstractProblemLoader Replaying proof contract.IFMethodContract[contract.IFMethodContract::n6()].Non-interference contract.0 
29306      DEBUG main            d.u.i.k.p.i.IntermediateProofReplayer Proof replay took 15.2ns 
29307      DEBUG main            d.u.i.k.m.s.ProofScriptEngine 1: 'macro 'infflow-autopilot'' 
29360      DEBUG main            d.u.i.k.p.m.ProofCorrectnessMgt No justification found for rule Class_invariant_axiom_for_contract_IFMethodContract 
29500      INFO  main            d.u.i.k.p.r.p.TestFile    ... finished proof: closed. 
29673      INFO  main            d.u.i.k.p.r.p.TestFile    Now processing file /home/runner/work/key/key/key.core/../key.ui/examples/InformationFlow/MethodContracts/contract.IFMethodContract(contract.IFMethodContract__secure_n6()).Non-interference contract.0.m.key 
29673      INFO  main            d.u.i.k.p.i.AbstractProblemLoader Loading environment from /home/runner/work/key/key/key.core/../key.ui/examples/InformationFlow/MethodContracts/contract.IFMethodContract(contract.IFMethodContract__secure_n6()).Non-interference contract.0.m.key 
29673      DEBUG main            d.u.i.k.p.i.AbstractProblemLoader Environment load took 100.2ns 
29675      INFO  main            d.u.i.k.p.i.AbstractProblemLoader Creating init config 
32982      DEBUG main            d.u.i.k.p.i.AbstractProblemLoader Init config took 3.31s 
33052      INFO  main            d.u.i.k.p.i.AbstractProblemLoader Replaying proof contract.IFMethodContract[contract.IFMethodContract::secure_n6()].Non-interference contract.0 
33056      DEBUG main            d.u.i.k.p.i.IntermediateProofReplayer Proof replay took 153.6ns 
33057      DEBUG main            d.u.i.k.m.s.ProofScriptEngine 1: 'macro 'infflow-autopilot'' 
33112      DEBUG main            d.u.i.k.p.m.ProofCorrectnessMgt No justification found for rule Class_invariant_axiom_for_contract_IFMethodContract 
33146      DEBUG main            d.u.i.k.p.m.ProofCorrectnessMgt No justification found for rule Class_invariant_axiom_for_contract_IFMethodContract 
33148      DEBUG main            d.u.i.k.p.m.ProofCorrectnessMgt No justification found for rule Class_invariant_axiom_for_contract_IFMethodContract 
33173      DEBUG main            d.u.i.k.p.m.ProofCorrectnessMgt No justification found for rule Class_invariant_axiom_for_contract_IFMethodContract 
33422      INFO  main            d.u.i.k.p.r.p.TestFile    ... finished proof: closed. 
33596      INFO  main            d.u.i.k.p.r.p.TestFile    Now processing file /home/runner/work/key/key/key.core/../key.ui/examples/InformationFlow/MethodContracts/contract.IFMethodContract(contract.IFMethodContract__secure_array_param((I,int)).Non-interference contract.0.m.key 
33597      INFO  main            d.u.i.k.p.i.AbstractProblemLoader Loading environment from /home/runner/work/key/key/key.core/../key.ui/examples/InformationFlow/MethodContracts/contract.IFMethodContract(contract.IFMethodContract__secure_array_param((I,int)).Non-interference contract.0.m.key 
33597      DEBUG main            d.u.i.k.p.i.AbstractProblemLoader Environment load took 99.3ns 
33598      INFO  main            d.u.i.k.p.i.AbstractProblemLoader Creating init config 
36936      DEBUG main            d.u.i.k.p.i.AbstractProblemLoader Init config took 3.34s 
36990      INFO  main            d.u.i.k.p.i.AbstractProblemLoader Replaying proof contract.IFMethodContract[contract.IFMethodContract::secure_array_param([I,int)].Non-interference contract.0 
36993      DEBUG main            d.u.i.k.p.i.IntermediateProofReplayer Proof replay took 15.3ns 
36993      DEBUG main            d.u.i.k.m.s.ProofScriptEngine 1: 'macro 'infflow-autopilot'' 
37052      DEBUG main            d.u.i.k.p.m.ProofCorrectnessMgt No justification found for rule Class_invariant_axiom_for_contract_IFMethodContract 
37156      DEBUG main            d.u.i.k.p.m.ProofCorrectnessMgt No justification found for rule Class_invariant_axiom_for_contract_IFMethodContract 
37157      DEBUG main            d.u.i.k.p.m.ProofCorrectnessMgt No justification found for rule Class_invariant_axiom_for_contract_IFMethodContract 
37239      DEBUG main            d.u.i.k.p.m.ProofCorrectnessMgt No justification found for rule Class_invariant_axiom_for_contract_IFMethodContract 
39196      INFO  main            d.u.i.k.p.r.p.TestFile    ... finished proof: closed. 
39383      INFO  main            d.u.i.k.p.r.p.TestFile    Now processing file /home/runner/work/key/key/key.core/../key.ui/examples/InformationFlow/MethodContracts/contract.IFMethodContract(contract.IFMethodContract__secure_assignment_0_n9()).Non-interference contract.0.m.key 
39386      INFO  main            d.u.i.k.p.i.AbstractProblemLoader Loading environment from /home/runner/work/key/key/key.core/../key.ui/examples/InformationFlow/MethodContracts/contract.IFMethodContract(contract.IFMethodContract__secure_assignment_0_n9()).Non-interference contract.0.m.key 
39386      DEBUG main            d.u.i.k.p.i.AbstractProblemLoader Environment load took 113.3ns 
39387      INFO  main            d.u.i.k.p.i.AbstractProblemLoader Creating init config 
42552      DEBUG main            d.u.i.k.p.i.AbstractProblemLoader Init config took 3.16s 
42617      INFO  main            d.u.i.k.p.i.AbstractProblemLoader Replaying proof contract.IFMethodContract[contract.IFMethodContract::secure_assignment_0_n9()].Non-interference contract.0 
42629      DEBUG main            d.u.i.k.p.i.IntermediateProofReplayer Proof replay took 17.2ns 
42630      DEBUG main            d.u.i.k.m.s.ProofScriptEngine 1: 'macro 'infflow-autopilot'' 
42684      DEBUG main            d.u.i.k.p.m.ProofCorrectnessMgt No justification found for rule Class_invariant_axiom_for_contract_IFMethodContract 
42760      DEBUG main            d.u.i.k.p.m.ProofCorrectnessMgt No justification found for rule Class_invariant_axiom_for_contract_IFMethodContract 
42761      DEBUG main            d.u.i.k.p.m.ProofCorrectnessMgt No justification found for rule Class_invariant_axiom_for_contract_IFMethodContract 
42779      DEBUG main            d.u.i.k.p.m.ProofCorrectnessMgt No justification found for rule Class_invariant_axiom_for_contract_IFMethodContract 
42944      INFO  main            d.u.i.k.p.r.p.TestFile    ... finished proof: closed. 
43189      INFO  main            d.u.i.k.p.r.p.TestFile    Now processing file /home/runner/work/key/key/key.core/../key.ui/examples/InformationFlow/MethodContracts/contract.IFMethodContract(contract.IFMethodContract__insecure_if_high_n5_n1()).Non-interference contract.0.m.key 
43189      INFO  main            d.u.i.k.p.i.AbstractProblemLoader Loading environment from /home/runner/work/key/key/key.core/../key.ui/examples/InformationFlow/MethodContracts/contract.IFMethodContract(contract.IFMethodContract__insecure_if_high_n5_n1()).Non-interference contract.0.m.key 
43189      DEBUG main            d.u.i.k.p.i.AbstractProblemLoader Environment load took 94ns 
43190      INFO  main            d.u.i.k.p.i.AbstractProblemLoader Creating init config 
46453      DEBUG main            d.u.i.k.p.i.AbstractProblemLoader Init config took 3.26s 
46507      INFO  main            d.u.i.k.p.i.AbstractProblemLoader Replaying proof contract.IFMethodContract[contract.IFMethodContract::insecure_if_high_n5_n1()].Non-interference contract.0 
46513      DEBUG main            d.u.i.k.p.i.IntermediateProofReplayer Proof replay took 16.5ns 
46514      DEBUG main            d.u.i.k.m.s.ProofScriptEngine 1: 'macro 'infflow-autopilot'' 
46572      DEBUG main            d.u.i.k.p.m.ProofCorrectnessMgt No justification found for rule Class_invariant_axiom_for_contract_IFMethodContract 
46623      DEBUG main            d.u.i.k.p.m.ProofCorrectnessMgt No justification found for rule Class_invariant_axiom_for_contract_IFMethodContract 
46624      DEBUG main            d.u.i.k.p.m.ProofCorrectnessMgt No justification found for rule Class_invariant_axiom_for_contract_IFMethodContract 
46682      DEBUG main            d.u.i.k.p.m.ProofCorrectnessMgt No justification found for rule Class_invariant_axiom_for_contract_IFMethodContract 
46683      DEBUG main            d.u.i.k.p.m.ProofCorrectnessMgt No justification found for rule Class_invariant_axiom_for_contract_IFMethodContract 
46713      DEBUG main            d.u.i.k.p.m.ProofCorrectnessMgt No justification found for rule Class_invariant_axiom_for_contract_IFMethodContract 
46714      DEBUG main            d.u.i.k.p.m.ProofCorrectnessMgt No justification found for rule Class_invariant_axiom_for_contract_IFMethodContract 
46746      DEBUG main            d.u.i.k.p.m.ProofCorrectnessMgt No justification found for rule Class_invariant_axiom_for_contract_IFMethodContract 
46753      DEBUG main            d.u.i.k.p.m.ProofCorrectnessMgt No justification found for rule Class_invariant_axiom_for_contract_IFMethodContract 
46770      DEBUG main            d.u.i.k.p.m.ProofCorrectnessMgt No justification found for rule Class_invariant_axiom_for_contract_IFMethodContract 
47557      INFO  main            d.u.i.k.p.r.p.TestFile    ... finished proof: open goal(s) 
47758      INFO  main            d.u.i.k.p.r.p.TestFile    Now processing file /home/runner/work/key/key/key.core/../key.ui/examples/InformationFlow/MethodContracts/contract.IFMethodContract(contract.IFMethodContract__n5(int)).Non-interference contract.0.m.key 
47759      INFO  main            d.u.i.k.p.i.AbstractProblemLoader Loading environment from /home/runner/work/key/key/key.core/../key.ui/examples/InformationFlow/MethodContracts/contract.IFMethodContract(contract.IFMethodContract__n5(int)).Non-interference contract.0.m.key 
47759      DEBUG main            d.u.i.k.p.i.AbstractProblemLoader Environment load took 90.6ns 
47760      INFO  main            d.u.i.k.p.i.AbstractProblemLoader Creating init config 
50986      DEBUG main            d.u.i.k.p.i.AbstractProblemLoader Init config took 3.23s 
51047      INFO  main            d.u.i.k.p.i.AbstractProblemLoader Replaying proof contract.IFMethodContract[contract.IFMethodContract::n5(int)].Non-interference contract.0 
51051      DEBUG main            d.u.i.k.p.i.IntermediateProofReplayer Proof replay took 17.8ns 
51051      DEBUG main            d.u.i.k.m.s.ProofScriptEngine 1: 'macro 'infflow-autopilot'' 
51105      DEBUG main            d.u.i.k.p.m.ProofCorrectnessMgt No justification found for rule Class_invariant_axiom_for_contract_IFMethodContract 
51236      INFO  main            d.u.i.k.p.r.p.TestFile    ... finished proof: closed. 
51492      INFO  main            d.u.i.k.p.r.p.TestFile    Now processing file /home/runner/work/key/key/key.core/../key.ui/examples/InformationFlow/MethodContracts/contract.IFMethodContract(contract.IFMethodContract__secure_if_high_n5_n1()).Non-interference contract.0.m.key 
51493      INFO  main            d.u.i.k.p.i.AbstractProblemLoader Loading environment from /home/runner/work/key/key/key.core/../key.ui/examples/InformationFlow/MethodContracts/contract.IFMethodContract(contract.IFMethodContract__secure_if_high_n5_n1()).Non-interference contract.0.m.key 
51493      DEBUG main            d.u.i.k.p.i.AbstractProblemLoader Environment load took 86.6ns 
51494      INFO  main            d.u.i.k.p.i.AbstractProblemLoader Creating init config 
54717      DEBUG main            d.u.i.k.p.i.AbstractProblemLoader Init config took 3.22s 
54766      INFO  main            d.u.i.k.p.i.AbstractProblemLoader Replaying proof contract.IFMethodContract[contract.IFMethodContract::secure_if_high_n5_n1()].Non-interference contract.0 
54769      DEBUG main            d.u.i.k.p.i.IntermediateProofReplayer Proof replay took 15.8ns 
54770      DEBUG main            d.u.i.k.m.s.ProofScriptEngine 1: 'macro 'infflow-autopilot'' 
54830      DEBUG main            d.u.i.k.p.m.ProofCorrectnessMgt No justification found for rule Class_invariant_axiom_for_contract_IFMethodContract 
54944      DEBUG main            d.u.i.k.p.m.ProofCorrectnessMgt No justification found for rule Class_invariant_axiom_for_contract_IFMethodContract 
54945      DEBUG main            d.u.i.k.p.m.ProofCorrectnessMgt No justification found for rule Class_invariant_axiom_for_contract_IFMethodContract 
54971      DEBUG main            d.u.i.k.p.m.ProofCorrectnessMgt No justification found for rule Class_invariant_axiom_for_contract_IFMethodContract 
54972      DEBUG main            d.u.i.k.p.m.ProofCorrectnessMgt No justification found for rule Class_invariant_axiom_for_contract_IFMethodContract 
55019      DEBUG main            d.u.i.k.p.m.ProofCorrectnessMgt No justification found for rule Class_invariant_axiom_for_contract_IFMethodContract 
55020      DEBUG main            d.u.i.k.p.m.ProofCorrectnessMgt No justification found for rule Class_invariant_axiom_for_contract_IFMethodContract 
55044      DEBUG main            d.u.i.k.p.m.ProofCorrectnessMgt No justification found for rule Class_invariant_axiom_for_contract_IFMethodContract 
55045      DEBUG main            d.u.i.k.p.m.ProofCorrectnessMgt No justification found for rule Class_invariant_axiom_for_contract_IFMethodContract 
55073      DEBUG main            d.u.i.k.p.m.ProofCorrectnessMgt No justification found for rule Class_invariant_axiom_for_contract_IFMethodContract 
55080      DEBUG main            d.u.i.k.p.m.ProofCorrectnessMgt No justification found for rule Class_invariant_axiom_for_contract_IFMethodContract 
55106      DEBUG main            d.u.i.k.p.m.ProofCorrectnessMgt No justification found for rule Class_invariant_axiom_for_contract_IFMethodContract 
55112      DEBUG main            d.u.i.k.p.m.ProofCorrectnessMgt No justification found for rule Class_invariant_axiom_for_contract_IFMethodContract 
55854      INFO  main            d.u.i.k.p.r.p.TestFile    ... finished proof: closed. 
56086      INFO  main            d.u.i.k.p.r.p.TestFile    Now processing file /home/runner/work/key/key/key.core/../key.ui/examples/InformationFlow/MethodContracts/contract.IFMethodContract(contract.IFMethodContract__secure_if_high_n1()).Non-interference contract.0.m.key 
56087      INFO  main            d.u.i.k.p.i.AbstractProblemLoader Loading environment from /home/runner/work/key/key/key.core/../key.ui/examples/InformationFlow/MethodContracts/contract.IFMethodContract(contract.IFMethodContract__secure_if_high_n1()).Non-interference contract.0.m.key 
56087      DEBUG main            d.u.i.k.p.i.AbstractProblemLoader Environment load took 86.7ns 
56088      INFO  main            d.u.i.k.p.i.AbstractProblemLoader Creating init config 
59381      DEBUG main            d.u.i.k.p.i.AbstractProblemLoader Init config took 3.29s 
59432      INFO  main            d.u.i.k.p.i.AbstractProblemLoader Replaying proof contract.IFMethodContract[contract.IFMethodContract::secure_if_high_n1()].Non-interference contract.0 
59435      DEBUG main            d.u.i.k.p.i.IntermediateProofReplayer Proof replay took 15.9ns 
59436      DEBUG main            d.u.i.k.m.s.ProofScriptEngine 1: 'macro 'infflow-autopilot'' 
59483      DEBUG main            d.u.i.k.p.m.ProofCorrectnessMgt No justification found for rule Class_invariant_axiom_for_contract_IFMethodContract 
59566      DEBUG main            d.u.i.k.p.m.ProofCorrectnessMgt No justification found for rule Class_invariant_axiom_for_contract_IFMethodContract 
59567      DEBUG main            d.u.i.k.p.m.ProofCorrectnessMgt No justification found for rule Class_invariant_axiom_for_contract_IFMethodContract 
59631      DEBUG main            d.u.i.k.p.m.ProofCorrectnessMgt No justification found for rule Class_invariant_axiom_for_contract_IFMethodContract 
59632      DEBUG main            d.u.i.k.p.m.ProofCorrectnessMgt No justification found for rule Class_invariant_axiom_for_contract_IFMethodContract 
59655      DEBUG main            d.u.i.k.p.m.ProofCorrectnessMgt No justification found for rule Class_invariant_axiom_for_contract_IFMethodContract 
59674      DEBUG main            d.u.i.k.p.m.ProofCorrectnessMgt No justification found for rule Class_invariant_axiom_for_contract_IFMethodContract 
60104      INFO  main            d.u.i.k.p.r.p.TestFile    ... finished proof: closed. 
60354      INFO  main            d.u.i.k.p.r.p.TestFile    Now processing file /home/runner/work/key/key/key.core/../key.ui/examples/InformationFlow/MethodContracts/contract.IFMethodContract(contract.IFMethodContract__secure_n5()).Non-interference contract.0.m.key 
60355      INFO  main            d.u.i.k.p.i.AbstractProblemLoader Loading environment from /home/runner/work/key/key/key.core/../key.ui/examples/InformationFlow/MethodContracts/contract.IFMethodContract(contract.IFMethodContract__secure_n5()).Non-interference contract.0.m.key 
60355      DEBUG main            d.u.i.k.p.i.AbstractProblemLoader Environment load took 89.3ns 
60356      INFO  main            d.u.i.k.p.i.AbstractProblemLoader Creating init config 
63536      DEBUG main            d.u.i.k.p.i.AbstractProblemLoader Init config took 3.18s 
63590      INFO  main            d.u.i.k.p.i.AbstractProblemLoader Replaying proof contract.IFMethodContract[contract.IFMethodContract::secure_n5()].Non-interference contract.0 
63593      DEBUG main            d.u.i.k.p.i.IntermediateProofReplayer Proof replay took 18.3ns 
63594      DEBUG main            d.u.i.k.m.s.ProofScriptEngine 1: 'macro 'infflow-autopilot'' 
63634      DEBUG main            d.u.i.k.p.m.ProofCorrectnessMgt No justification found for rule Class_invariant_axiom_for_contract_IFMethodContract 
63680      DEBUG main            d.u.i.k.p.m.ProofCorrectnessMgt No justification found for rule Class_invariant_axiom_for_contract_IFMethodContract 
63681      DEBUG main            d.u.i.k.p.m.ProofCorrectnessMgt No justification found for rule Class_invariant_axiom_for_contract_IFMethodContract 
63696      DEBUG main            d.u.i.k.p.m.ProofCorrectnessMgt No justification found for rule Class_invariant_axiom_for_contract_IFMethodContract 
63870      INFO  main            d.u.i.k.p.r.p.TestFile    ... finished proof: closed. 
64113      INFO  main            d.u.i.k.p.r.p.TestFile    Now processing file /home/runner/work/key/key/key.core/../key.ui/examples/InformationFlow/MethodContracts/contract.IFMethodContract(contract.IFMethodContract__n4()).Non-interference contract.0.m.key 
64114      INFO  main            d.u.i.k.p.i.AbstractProblemLoader Loading environment from /home/runner/work/key/key/key.core/../key.ui/examples/InformationFlow/MethodContracts/contract.IFMethodContract(contract.IFMethodContract__n4()).Non-interference contract.0.m.key 
64114      DEBUG main            d.u.i.k.p.i.AbstractProblemLoader Environment load took 81.5ns 
64115      INFO  main            d.u.i.k.p.i.AbstractProblemLoader Creating init config 
67235      DEBUG main            d.u.i.k.p.i.AbstractProblemLoader Init config took 3.12s 
67293      INFO  main            d.u.i.k.p.i.AbstractProblemLoader Replaying proof contract.IFMethodContract[contract.IFMethodContract::n4()].Non-interference contract.0 
67295      DEBUG main            d.u.i.k.p.i.IntermediateProofReplayer Proof replay took 15.4ns 
67296      DEBUG main            d.u.i.k.m.s.ProofScriptEngine 1: 'macro 'infflow-autopilot'' 
67338      DEBUG main            d.u.i.k.p.m.ProofCorrectnessMgt No justification found for rule Class_invariant_axiom_for_contract_IFMethodContract 
67488      INFO  main            d.u.i.k.p.r.p.TestFile    ... finished proof: closed. 
67700      INFO  main            d.u.i.k.p.r.p.TestFile    Now processing file /home/runner/work/key/key/key.core/../key.ui/examples/InformationFlow/MethodContracts/contract.IFMethodContract(contract.IFMethodContract__n3()).Non-interference contract.0.m.key 
67701      INFO  main            d.u.i.k.p.i.AbstractProblemLoader Loading environment from /home/runner/work/key/key/key.core/../key.ui/examples/InformationFlow/MethodContracts/contract.IFMethodContract(contract.IFMethodContract__n3()).Non-interference contract.0.m.key 
67701      DEBUG main            d.u.i.k.p.i.AbstractProblemLoader Environment load took 127.2ns 
67702      INFO  main            d.u.i.k.p.i.AbstractProblemLoader Creating init config 
70852      DEBUG main            d.u.i.k.p.i.AbstractProblemLoader Init config took 3.15s 
70898      INFO  main            d.u.i.k.p.i.AbstractProblemLoader Replaying proof contract.IFMethodContract[contract.IFMethodContract::n3()].Non-interference contract.0 
70901      DEBUG main            d.u.i.k.p.i.IntermediateProofReplayer Proof replay took 17.2ns 
70902      DEBUG main            d.u.i.k.m.s.ProofScriptEngine 1: 'macro 'infflow-autopilot'' 
70941      DEBUG main            d.u.i.k.p.m.ProofCorrectnessMgt No justification found for rule Class_invariant_axiom_for_contract_IFMethodContract 
71062      INFO  main            d.u.i.k.p.r.p.TestFile    ... finished proof: closed. 
71264      INFO  main            d.u.i.k.p.r.p.TestFile    Now processing file /home/runner/work/key/key/key.core/../key.ui/examples/InformationFlow/MethodContracts/contract.IFMethodContract(contract.IFMethodContract__secure_sequential_n3_precond_n4()).Non-interference contract.0.m.key 
71265      INFO  main            d.u.i.k.p.i.AbstractProblemLoader Loading environment from /home/runner/work/key/key/key.core/../key.ui/examples/InformationFlow/MethodContracts/contract.IFMethodContract(contract.IFMethodContract__secure_sequential_n3_precond_n4()).Non-interference contract.0.m.key 
71265      DEBUG main            d.u.i.k.p.i.AbstractProblemLoader Environment load took 82.3ns 
71266      INFO  main            d.u.i.k.p.i.AbstractProblemLoader Creating init config 
74538      DEBUG main            d.u.i.k.p.i.AbstractProblemLoader Init config took 3.27s 
74584      INFO  main            d.u.i.k.p.i.AbstractProblemLoader Replaying proof contract.IFMethodContract[contract.IFMethodContract::secure_sequential_n3_precond_n4()].Non-interference contract.0 
74587      DEBUG main            d.u.i.k.p.i.IntermediateProofReplayer Proof replay took 18.4ns 
74589      DEBUG main            d.u.i.k.m.s.ProofScriptEngine 1: 'macro 'infflow-autopilot'' 
74626      DEBUG main            d.u.i.k.p.m.ProofCorrectnessMgt No justification found for rule Class_invariant_axiom_for_contract_IFMethodContract 
74663      DEBUG main            d.u.i.k.p.m.ProofCorrectnessMgt No justification found for rule Class_invariant_axiom_for_contract_IFMethodContract 
74664      DEBUG main            d.u.i.k.p.m.ProofCorrectnessMgt No justification found for rule Class_invariant_axiom_for_contract_IFMethodContract 
74691      DEBUG main            d.u.i.k.p.m.ProofCorrectnessMgt No justification found for rule Class_invariant_axiom_for_contract_IFMethodContract 
74692      DEBUG main            d.u.i.k.p.m.ProofCorrectnessMgt No justification found for rule Class_invariant_axiom_for_contract_IFMethodContract 
74721      DEBUG main            d.u.i.k.p.m.ProofCorrectnessMgt No justification found for rule Class_invariant_axiom_for_contract_IFMethodContract 
74725      DEBUG main            d.u.i.k.p.m.ProofCorrectnessMgt No justification found for rule Class_invariant_axiom_for_contract_IFMethodContract 
75035      INFO  main            d.u.i.k.p.r.p.TestFile    ... finished proof: closed. 
75282      INFO  main            d.u.i.k.p.r.p.TestFile    Now processing file /home/runner/work/key/key/key.core/../key.ui/examples/InformationFlow/MethodContracts/contract.IFMethodContract(contract.IFMethodContract__insecure_assignment_n2()).Non-interference contract.0.m.key 
75282      INFO  main            d.u.i.k.p.i.AbstractProblemLoader Loading environment from /home/runner/work/key/key/key.core/../key.ui/examples/InformationFlow/MethodContracts/contract.IFMethodContract(contract.IFMethodContract__insecure_assignment_n2()).Non-interference contract.0.m.key 
75282      DEBUG main            d.u.i.k.p.i.AbstractProblemLoader Environment load took 79.6ns 
75283      INFO  main            d.u.i.k.p.i.AbstractProblemLoader Creating init config 
78429      DEBUG main            d.u.i.k.p.i.AbstractProblemLoader Init config took 3.15s 
78476      INFO  main            d.u.i.k.p.i.AbstractProblemLoader Replaying proof contract.IFMethodContract[contract.IFMethodContract::insecure_assignment_n2()].Non-interference contract.0 
78480      DEBUG main            d.u.i.k.p.i.IntermediateProofReplayer Proof replay took 16.1ns 
78480      DEBUG main            d.u.i.k.m.s.ProofScriptEngine 1: 'macro 'infflow-autopilot'' 
78517      DEBUG main            d.u.i.k.p.m.ProofCorrectnessMgt No justification found for rule Class_invariant_axiom_for_contract_IFMethodContract 
78556      DEBUG main            d.u.i.k.p.m.ProofCorrectnessMgt No justification found for rule Class_invariant_axiom_for_contract_IFMethodContract 
78557      DEBUG main            d.u.i.k.p.m.ProofCorrectnessMgt No justification found for rule Class_invariant_axiom_for_contract_IFMethodContract 
78573      DEBUG main            d.u.i.k.p.m.ProofCorrectnessMgt No justification found for rule Class_invariant_axiom_for_contract_IFMethodContract 
78933      INFO  main            d.u.i.k.p.r.p.TestFile    ... finished proof: open goal(s) 
79136      INFO  main            d.u.i.k.p.r.p.TestFile    Now processing file /home/runner/work/key/key/key.core/../key.ui/examples/InformationFlow/MethodContracts/contract.IFMethodContract(contract.IFMethodContract__secure_assignments_n2()).Non-interference contract.0.m.key 
79136      INFO  main            d.u.i.k.p.i.AbstractProblemLoader Loading environment from /home/runner/work/key/key/key.core/../key.ui/examples/InformationFlow/MethodContracts/contract.IFMethodContract(contract.IFMethodContract__secure_assignments_n2()).Non-interference contract.0.m.key 
79137      DEBUG main            d.u.i.k.p.i.AbstractProblemLoader Environment load took 514.71ns 
79138      INFO  main            d.u.i.k.p.i.AbstractProblemLoader Creating init config 
82259      DEBUG main            d.u.i.k.p.i.AbstractProblemLoader Init config took 3.12s 
82302      INFO  main            d.u.i.k.p.i.AbstractProblemLoader Replaying proof contract.IFMethodContract[contract.IFMethodContract::secure_assignments_n2()].Non-interference contract.0 
82305      DEBUG main            d.u.i.k.p.i.IntermediateProofReplayer Proof replay took 19ns 
82305      DEBUG main            d.u.i.k.m.s.ProofScriptEngine 1: 'macro 'infflow-autopilot'' 
82340      DEBUG main            d.u.i.k.p.m.ProofCorrectnessMgt No justification found for rule Class_invariant_axiom_for_contract_IFMethodContract 
82399      DEBUG main            d.u.i.k.p.m.ProofCorrectnessMgt No justification found for rule Class_invariant_axiom_for_contract_IFMethodContract 
82399      DEBUG main            d.u.i.k.p.m.ProofCorrectnessMgt No justification found for rule Class_invariant_axiom_for_contract_IFMethodContract 
82416      DEBUG main            d.u.i.k.p.m.ProofCorrectnessMgt No justification found for rule Class_invariant_axiom_for_contract_IFMethodContract 
82739      INFO  main            d.u.i.k.p.r.p.TestFile    ... finished proof: closed. 
82970      INFO  main            d.u.i.k.p.r.p.TestFile    Now processing file /home/runner/work/key/key/key.core/../key.ui/examples/InformationFlow/MethodContracts/contract.IFMethodContract(contract.IFMethodContract__n2()).Non-interference contract.0.m.key 
82970      INFO  main            d.u.i.k.p.i.AbstractProblemLoader Loading environment from /home/runner/work/key/key/key.core/../key.ui/examples/InformationFlow/MethodContracts/contract.IFMethodContract(contract.IFMethodContract__n2()).Non-interference contract.0.m.key 
82970      DEBUG main            d.u.i.k.p.i.AbstractProblemLoader Environment load took 86.9ns 
82972      INFO  main            d.u.i.k.p.i.AbstractProblemLoader Creating init config 
86108      DEBUG main            d.u.i.k.p.i.AbstractProblemLoader Init config took 3.14s 
86158      INFO  main            d.u.i.k.p.i.AbstractProblemLoader Replaying proof contract.IFMethodContract[contract.IFMethodContract::n2()].Non-interference contract.0 
86161      DEBUG main            d.u.i.k.p.i.IntermediateProofReplayer Proof replay took 16ns 
86162      DEBUG main            d.u.i.k.m.s.ProofScriptEngine 1: 'macro 'infflow-autopilot'' 
86200      DEBUG main            d.u.i.k.p.m.ProofCorrectnessMgt No justification found for rule Class_invariant_axiom_for_contract_IFMethodContract 
86337      INFO  main            d.u.i.k.p.r.p.TestFile    ... finished proof: closed. 
86580      INFO  main            d.u.i.k.p.r.p.TestFile    Now processing file /home/runner/work/key/key/key.core/../key.ui/examples/InformationFlow/MethodContracts/contract.IFMethodContract(contract.IFMethodContract__n1()).Non-interference contract.0.m.key 
86581      INFO  main            d.u.i.k.p.i.AbstractProblemLoader Loading environment from /home/runner/work/key/key/key.core/../key.ui/examples/InformationFlow/MethodContracts/contract.IFMethodContract(contract.IFMethodContract__n1()).Non-interference contract.0.m.key 
86581      DEBUG main            d.u.i.k.p.i.AbstractProblemLoader Environment load took 162.4ns 
86583      INFO  main            d.u.i.k.p.i.AbstractProblemLoader Creating init config 
89715      DEBUG main            d.u.i.k.p.i.AbstractProblemLoader Init config took 3.13s 
89759      INFO  main            d.u.i.k.p.i.AbstractProblemLoader Replaying proof contract.IFMethodContract[contract.IFMethodContract::n1()].Non-interference contract.0 
89762      DEBUG main            d.u.i.k.p.i.IntermediateProofReplayer Proof replay took 16.3ns 
89762      DEBUG main            d.u.i.k.m.s.ProofScriptEngine 1: 'macro 'infflow-autopilot'' 
89801      DEBUG main            d.u.i.k.p.m.ProofCorrectnessMgt No justification found for rule Class_invariant_axiom_for_contract_IFMethodContract 
89896      INFO  main            d.u.i.k.p.r.p.TestFile    ... finished proof: closed. 
90126      INFO  main            d.u.i.k.p.r.p.TestFile    Now processing file /home/runner/work/key/key/key.core/../key.ui/examples/InformationFlow/MethodContracts/contract.IFMethodContract(contract.IFMethodContract__secure_sequential_n1_n2()).Non-interference contract.0.m.key 
90126      INFO  main            d.u.i.k.p.i.AbstractProblemLoader Loading environment from /home/runner/work/key/key/key.core/../key.ui/examples/InformationFlow/MethodContracts/contract.IFMethodContract(contract.IFMethodContract__secure_sequential_n1_n2()).Non-interference contract.0.m.key 
90126      DEBUG main            d.u.i.k.p.i.AbstractProblemLoader Environment load took 242.6ns 
90128      INFO  main            d.u.i.k.p.i.AbstractProblemLoader Creating init config 
93215      DEBUG main            d.u.i.k.p.i.AbstractProblemLoader Init config took 3.09s 
93256      INFO  main            d.u.i.k.p.i.AbstractProblemLoader Replaying proof contract.IFMethodContract[contract.IFMethodContract::secure_sequential_n1_n2()].Non-interference contract.0 
93259      DEBUG main            d.u.i.k.p.i.IntermediateProofReplayer Proof replay took 14.6ns 
93260      DEBUG main            d.u.i.k.m.s.ProofScriptEngine 1: 'macro 'infflow-autopilot'' 
93293      DEBUG main            d.u.i.k.p.m.ProofCorrectnessMgt No justification found for rule Class_invariant_axiom_for_contract_IFMethodContract 
93332      DEBUG main            d.u.i.k.p.m.ProofCorrectnessMgt No justification found for rule Class_invariant_axiom_for_contract_IFMethodContract 
93333      DEBUG main            d.u.i.k.p.m.ProofCorrectnessMgt No justification found for rule Class_invariant_axiom_for_contract_IFMethodContract 
93356      DEBUG main            d.u.i.k.p.m.ProofCorrectnessMgt No justification found for rule Class_invariant_axiom_for_contract_IFMethodContract 
93357      DEBUG main            d.u.i.k.p.m.ProofCorrectnessMgt No justification found for rule Class_invariant_axiom_for_contract_IFMethodContract 
93376      DEBUG main            d.u.i.k.p.m.ProofCorrectnessMgt No justification found for rule Class_invariant_axiom_for_contract_IFMethodContract 
93378      DEBUG main            d.u.i.k.p.m.ProofCorrectnessMgt No justification found for rule Class_invariant_axiom_for_contract_IFMethodContract 
93606      INFO  main            d.u.i.k.p.r.p.TestFile    ... finished proof: closed. 
2560608    INFO  Test worker     d.u.i.k.p.r.RunAllProofsTestUnit Returning from test MethodContracts_fullmacro 
2560609    INFO  Test worker     d.u.i.k.p.r.RunAllProofsTestUnit Running test InformationFlow_fullmacro 
458        INFO  Timeout watchdog d.u.i.k.p.r.p.ForkedTestFileRunner Timeout watcher launched (1000 secs.) 
478        WARN  main            d.u.i.k.s.ProofSettings   The settings in /home/runner/.key/proof-settings.props are *not* read. 
514        INFO  main            d.u.i.k.p.r.p.TestFile    Now processing file /home/runner/work/key/key/key.core/../key.ui/examples/InformationFlow/LoopInvariants/loop.IFLoopExamples(loop.IFLoopExamples__insecure_while_3(int)).Non-interference contract.0.m.key 
655        INFO  main            d.u.i.k.p.i.AbstractProblemLoader Loading environment from /home/runner/work/key/key/key.core/../key.ui/examples/InformationFlow/LoopInvariants/loop.IFLoopExamples(loop.IFLoopExamples__insecure_while_3(int)).Non-interference contract.0.m.key 
679        DEBUG main            d.u.i.k.p.i.AbstractProblemLoader Environment load took 2.51ms 
996        INFO  main            d.u.i.k.p.i.AbstractProblemLoader Creating init config 
2347       DEBUG main            d.u.i.k.j.TypeConverter   No LDT found for Meta 
2347       DEBUG main            d.u.i.k.j.TypeConverter   No LDT found for Meta 
2351       DEBUG main            d.u.i.k.j.TypeConverter   No LDT found for Meta 
2351       DEBUG main            d.u.i.k.j.TypeConverter   No LDT found for Meta 
4444       DEBUG main            d.u.i.k.j.TypeConverter   No LDT found for JavaBigintExpression 
10988      DEBUG main            d.u.i.k.p.i.AbstractProblemLoader Init config took 9.99s 
11155      INFO  main            d.u.i.k.p.i.AbstractProblemLoader Replaying proof loop.IFLoopExamples[loop.IFLoopExamples::insecure_while_3(int)].Non-interference contract.0 
11257      DEBUG main            d.u.i.k.p.i.IntermediateProofReplayer Proof replay took 471.51ns 
11345      DEBUG main            d.u.i.k.m.s.ProofScriptEngine 1: 'macro 'infflow-autopilot'' 
11854      DEBUG main            d.u.i.k.p.m.ProofCorrectnessMgt No justification found for rule Class_invariant_axiom_for_loop_IFLoopExamples 
18912      INFO  main            d.u.i.k.p.r.p.TestFile    ... finished proof: open goal(s) 
19135      INFO  main            d.u.i.k.p.r.p.TestFile    Now processing file /home/runner/work/key/key/key.core/../key.ui/examples/InformationFlow/LoopInvariants/loop.IFLoopExamples(loop.IFLoopExamples__secure_while_2(int)).Non-interference contract.0.m.key 
19136      INFO  main            d.u.i.k.p.i.AbstractProblemLoader Loading environment from /home/runner/work/key/key/key.core/../key.ui/examples/InformationFlow/LoopInvariants/loop.IFLoopExamples(loop.IFLoopExamples__secure_while_2(int)).Non-interference contract.0.m.key 
19136      DEBUG main            d.u.i.k.p.i.AbstractProblemLoader Environment load took 346.81ns 
19144      INFO  main            d.u.i.k.p.i.AbstractProblemLoader Creating init config 
23261      DEBUG main            d.u.i.k.p.i.AbstractProblemLoader Init config took 4.12s 
23327      INFO  main            d.u.i.k.p.i.AbstractProblemLoader Replaying proof loop.IFLoopExamples[loop.IFLoopExamples::secure_while_2(int)].Non-interference contract.0 
23332      DEBUG main            d.u.i.k.p.i.IntermediateProofReplayer Proof replay took 168.5ns 
23333      DEBUG main            d.u.i.k.m.s.ProofScriptEngine 1: 'macro 'infflow-autopilot'' 
23394      DEBUG main            d.u.i.k.p.m.ProofCorrectnessMgt No justification found for rule Class_invariant_axiom_for_loop_IFLoopExamples 
25202      INFO  main            d.u.i.k.p.r.p.TestFile    ... finished proof: closed. 
25437      INFO  main            d.u.i.k.p.r.p.TestFile    Now processing file /home/runner/work/key/key/key.core/../key.ui/examples/InformationFlow/LoopInvariants/loop.IFLoopExamples(loop.IFLoopExamples__secure_while_4(int)).Non-interference contract.0.m.key 
25437      INFO  main            d.u.i.k.p.i.AbstractProblemLoader Loading environment from /home/runner/work/key/key/key.core/../key.ui/examples/InformationFlow/LoopInvariants/loop.IFLoopExamples(loop.IFLoopExamples__secure_while_4(int)).Non-interference contract.0.m.key 
25437      DEBUG main            d.u.i.k.p.i.AbstractProblemLoader Environment load took 107.9ns 
25441      INFO  main            d.u.i.k.p.i.AbstractProblemLoader Creating init config 
29243      DEBUG main            d.u.i.k.p.i.AbstractProblemLoader Init config took 3.8s 
29316      INFO  main            d.u.i.k.p.i.AbstractProblemLoader Replaying proof loop.IFLoopExamples[loop.IFLoopExamples::secure_while_4(int)].Non-interference contract.0 
29319      DEBUG main            d.u.i.k.p.i.IntermediateProofReplayer Proof replay took 14ns 
29320      DEBUG main            d.u.i.k.m.s.ProofScriptEngine 1: 'macro 'infflow-autopilot'' 
29389      DEBUG main            d.u.i.k.p.m.ProofCorrectnessMgt No justification found for rule Class_invariant_axiom_for_loop_IFLoopExamples 
31042      INFO  main            d.u.i.k.p.r.p.TestFile    ... finished proof: closed. 
31242      INFO  main            d.u.i.k.p.r.p.TestFile    Now processing file /home/runner/work/key/key/key.core/../key.ui/examples/InformationFlow/LoopInvariants/loop.IFLoopExamples(loop.IFLoopExamples__insecure_doubleNestedWhile2(int)).Non-interference contract.0.m.key 
31243      INFO  main            d.u.i.k.p.i.AbstractProblemLoader Loading environment from /home/runner/work/key/key/key.core/../key.ui/examples/InformationFlow/LoopInvariants/loop.IFLoopExamples(loop.IFLoopExamples__insecure_doubleNestedWhile2(int)).Non-interference contract.0.m.key 
31243      DEBUG main            d.u.i.k.p.i.AbstractProblemLoader Environment load took 100.5ns 
31244      INFO  main            d.u.i.k.p.i.AbstractProblemLoader Creating init config 
35076      DEBUG main            d.u.i.k.p.i.AbstractProblemLoader Init config took 3.83s 
35159      INFO  main            d.u.i.k.p.i.AbstractProblemLoader Replaying proof loop.IFLoopExamples[loop.IFLoopExamples::insecure_doubleNestedWhile2(int)].Non-interference contract.0 
35162      DEBUG main            d.u.i.k.p.i.IntermediateProofReplayer Proof replay took 13.9ns 
35162      DEBUG main            d.u.i.k.m.s.ProofScriptEngine 1: 'macro 'infflow-autopilot'' 
35212      DEBUG main            d.u.i.k.p.m.ProofCorrectnessMgt No justification found for rule Class_invariant_axiom_for_loop_IFLoopExamples 
346311     INFO  main            d.u.i.k.p.r.p.TestFile    ... finished proof: open goal(s) 
346642     INFO  main            d.u.i.k.p.r.p.TestFile    Now processing file /home/runner/work/key/key/key.core/../key.ui/examples/InformationFlow/LoopInvariants/loop.IFLoopExamples(loop.IFLoopExamples__insecure_doubleNestedWhile(int)).Non-interference contract.0.m.key 
346642     INFO  main            d.u.i.k.p.i.AbstractProblemLoader Loading environment from /home/runner/work/key/key/key.core/../key.ui/examples/InformationFlow/LoopInvariants/loop.IFLoopExamples(loop.IFLoopExamples__insecure_doubleNestedWhile(int)).Non-interference contract.0.m.key 
346642     DEBUG main            d.u.i.k.p.i.AbstractProblemLoader Environment load took 80.8ns 
346646     INFO  main            d.u.i.k.p.i.AbstractProblemLoader Creating init config 
350151     DEBUG main            d.u.i.k.p.i.AbstractProblemLoader Init config took 3.51s 
350201     INFO  main            d.u.i.k.p.i.AbstractProblemLoader Replaying proof loop.IFLoopExamples[loop.IFLoopExamples::insecure_doubleNestedWhile(int)].Non-interference contract.0 
350205     DEBUG main            d.u.i.k.p.i.IntermediateProofReplayer Proof replay took 14.3ns 
350206     DEBUG main            d.u.i.k.m.s.ProofScriptEngine 1: 'macro 'infflow-autopilot'' 
350247     DEBUG main            d.u.i.k.p.m.ProofCorrectnessMgt No justification found for rule Class_invariant_axiom_for_loop_IFLoopExamples 
356975     INFO  main            d.u.i.k.p.r.p.TestFile    ... finished proof: open goal(s) 
357349     INFO  main            d.u.i.k.p.r.p.TestFile    Now processing file /home/runner/work/key/key/key.core/../key.ui/examples/InformationFlow/LoopInvariants/loop.IFLoopExamples(loop.IFLoopExamples__secure_doubleNestedWhile(int)).Non-interference contract.0.m.key 
357350     INFO  main            d.u.i.k.p.i.AbstractProblemLoader Loading environment from /home/runner/work/key/key/key.core/../key.ui/examples/InformationFlow/LoopInvariants/loop.IFLoopExamples(loop.IFLoopExamples__secure_doubleNestedWhile(int)).Non-interference contract.0.m.key 
357350     DEBUG main            d.u.i.k.p.i.AbstractProblemLoader Environment load took 85.1ns 
357351     INFO  main            d.u.i.k.p.i.AbstractProblemLoader Creating init config 
360930     DEBUG main            d.u.i.k.p.i.AbstractProblemLoader Init config took 3.58s 
360977     INFO  main            d.u.i.k.p.i.AbstractProblemLoader Replaying proof loop.IFLoopExamples[loop.IFLoopExamples::secure_doubleNestedWhile(int)].Non-interference contract.0 
360979     DEBUG main            d.u.i.k.p.i.IntermediateProofReplayer Proof replay took 15.5ns 
360980     DEBUG main            d.u.i.k.m.s.ProofScriptEngine 1: 'macro 'infflow-autopilot'' 
361018     DEBUG main            d.u.i.k.p.m.ProofCorrectnessMgt No justification found for rule Class_invariant_axiom_for_loop_IFLoopExamples 
367132     INFO  main            d.u.i.k.p.r.p.TestFile    ... finished proof: closed. 
367443     INFO  main            d.u.i.k.p.r.p.TestFile    Now processing file /home/runner/work/key/key/key.core/../key.ui/examples/InformationFlow/LoopInvariants/loop.IFLoopExamples(loop.IFLoopExamples__secure_nestedTwoWhile(int)).Non-interference contract.0.m.key 
367443     INFO  main            d.u.i.k.p.i.AbstractProblemLoader Loading environment from /home/runner/work/key/key/key.core/../key.ui/examples/InformationFlow/LoopInvariants/loop.IFLoopExamples(loop.IFLoopExamples__secure_nestedTwoWhile(int)).Non-interference contract.0.m.key 
367443     DEBUG main            d.u.i.k.p.i.AbstractProblemLoader Environment load took 89.7ns 
367444     INFO  main            d.u.i.k.p.i.AbstractProblemLoader Creating init config 
371390     DEBUG main            d.u.i.k.p.i.AbstractProblemLoader Init config took 3.95s 
371442     INFO  main            d.u.i.k.p.i.AbstractProblemLoader Replaying proof loop.IFLoopExamples[loop.IFLoopExamples::secure_nestedTwoWhile(int)].Non-interference contract.0 
371445     DEBUG main            d.u.i.k.p.i.IntermediateProofReplayer Proof replay took 17.6ns 
371446     DEBUG main            d.u.i.k.m.s.ProofScriptEngine 1: 'macro 'infflow-autopilot'' 
371486     DEBUG main            d.u.i.k.p.m.ProofCorrectnessMgt No justification found for rule Class_invariant_axiom_for_loop_IFLoopExamples 
376494     INFO  main            d.u.i.k.p.r.p.TestFile    ... finished proof: closed. 
376789     INFO  main            d.u.i.k.p.r.p.TestFile    Now processing file /home/runner/work/key/key/key.core/../key.ui/examples/InformationFlow/LoopInvariants/loop.IFLoopExamples(loop.IFLoopExamples__secure_nestedWhile(int)).Non-interference contract.0.m.key 
376790     INFO  main            d.u.i.k.p.i.AbstractProblemLoader Loading environment from /home/runner/work/key/key/key.core/../key.ui/examples/InformationFlow/LoopInvariants/loop.IFLoopExamples(loop.IFLoopExamples__secure_nestedWhile(int)).Non-interference contract.0.m.key 
376790     DEBUG main            d.u.i.k.p.i.AbstractProblemLoader Environment load took 142.4ns 
376791     INFO  main            d.u.i.k.p.i.AbstractProblemLoader Creating init config 
380362     DEBUG main            d.u.i.k.p.i.AbstractProblemLoader Init config took 3.57s 
380406     INFO  main            d.u.i.k.p.i.AbstractProblemLoader Replaying proof loop.IFLoopExamples[loop.IFLoopExamples::secure_nestedWhile(int)].Non-interference contract.0 
380408     DEBUG main            d.u.i.k.p.i.IntermediateProofReplayer Proof replay took 15.3ns 
380409     DEBUG main            d.u.i.k.m.s.ProofScriptEngine 1: 'macro 'infflow-autopilot'' 
380451     DEBUG main            d.u.i.k.p.m.ProofCorrectnessMgt No justification found for rule Class_invariant_axiom_for_loop_IFLoopExamples 
383787     INFO  main            d.u.i.k.p.r.p.TestFile    ... finished proof: closed. 
384072     INFO  main            d.u.i.k.p.r.p.TestFile    Now processing file /home/runner/work/key/key/key.core/../key.ui/examples/InformationFlow/LoopInvariants/loop.IFLoopExamples(loop.IFLoopExamples__notSecure_while(int)).Non-interference contract.0.m.key 
384073     INFO  main            d.u.i.k.p.i.AbstractProblemLoader Loading environment from /home/runner/work/key/key/key.core/../key.ui/examples/InformationFlow/LoopInvariants/loop.IFLoopExamples(loop.IFLoopExamples__notSecure_while(int)).Non-interference contract.0.m.key 
384073     DEBUG main            d.u.i.k.p.i.AbstractProblemLoader Environment load took 106.9ns 
384074     INFO  main            d.u.i.k.p.i.AbstractProblemLoader Creating init config 
387714     DEBUG main            d.u.i.k.p.i.AbstractProblemLoader Init config took 3.64s 
387757     INFO  main            d.u.i.k.p.i.AbstractProblemLoader Replaying proof loop.IFLoopExamples[loop.IFLoopExamples::notSecure_while(int)].Non-interference contract.0 
387760     DEBUG main            d.u.i.k.p.i.IntermediateProofReplayer Proof replay took 16.5ns 
387760     DEBUG main            d.u.i.k.m.s.ProofScriptEngine 1: 'macro 'infflow-autopilot'' 
387795     DEBUG main            d.u.i.k.p.m.ProofCorrectnessMgt No justification found for rule Class_invariant_axiom_for_loop_IFLoopExamples 
391347     INFO  main            d.u.i.k.p.r.p.TestFile    ... finished proof: open goal(s) 
391612     INFO  main            d.u.i.k.p.r.p.TestFile    Now processing file /home/runner/work/key/key/key.core/../key.ui/examples/InformationFlow/LoopInvariants/loop.IFLoopExamples(loop.IFLoopExamples__notSecure_while_wrongInv(int)).Non-interference contract.0.m.key 
391612     INFO  main            d.u.i.k.p.i.AbstractProblemLoader Loading environment from /home/runner/work/key/key/key.core/../key.ui/examples/InformationFlow/LoopInvariants/loop.IFLoopExamples(loop.IFLoopExamples__notSecure_while_wrongInv(int)).Non-interference contract.0.m.key 
391613     DEBUG main            d.u.i.k.p.i.AbstractProblemLoader Environment load took 85.2ns 
391614     INFO  main            d.u.i.k.p.i.AbstractProblemLoader Creating init config 
395209     DEBUG main            d.u.i.k.p.i.AbstractProblemLoader Init config took 3.6s 
395266     INFO  main            d.u.i.k.p.i.AbstractProblemLoader Replaying proof loop.IFLoopExamples[loop.IFLoopExamples::notSecure_while_wrongInv(int)].Non-interference contract.0 
395268     DEBUG main            d.u.i.k.p.i.IntermediateProofReplayer Proof replay took 18.7ns 
395269     DEBUG main            d.u.i.k.m.s.ProofScriptEngine 1: 'macro 'infflow-autopilot'' 
395309     DEBUG main            d.u.i.k.p.m.ProofCorrectnessMgt No justification found for rule Class_invariant_axiom_for_loop_IFLoopExamples 
397596     INFO  main            d.u.i.k.p.r.p.TestFile    ... finished proof: open goal(s) 
397878     INFO  main            d.u.i.k.p.r.p.TestFile    Now processing file /home/runner/work/key/key/key.core/../key.ui/examples/InformationFlow/LoopInvariants/loop.IFLoopExamples(loop.IFLoopExamples__insecure_twoWhile(int)).Non-interference contract.0.m.key 
397879     INFO  main            d.u.i.k.p.i.AbstractProblemLoader Loading environment from /home/runner/work/key/key/key.core/../key.ui/examples/InformationFlow/LoopInvariants/loop.IFLoopExamples(loop.IFLoopExamples__insecure_twoWhile(int)).Non-interference contract.0.m.key 
397879     DEBUG main            d.u.i.k.p.i.AbstractProblemLoader Environment load took 103.1ns 
397880     INFO  main            d.u.i.k.p.i.AbstractProblemLoader Creating init config 
401438     DEBUG main            d.u.i.k.p.i.AbstractProblemLoader Init config took 3.56s 
401483     INFO  main            d.u.i.k.p.i.AbstractProblemLoader Replaying proof loop.IFLoopExamples[loop.IFLoopExamples::insecure_twoWhile(int)].Non-interference contract.0 
401485     DEBUG main            d.u.i.k.p.i.IntermediateProofReplayer Proof replay took 15.4ns 
401486     DEBUG main            d.u.i.k.m.s.ProofScriptEngine 1: 'macro 'infflow-autopilot'' 
401526     DEBUG main            d.u.i.k.p.m.ProofCorrectnessMgt No justification found for rule Class_invariant_axiom_for_loop_IFLoopExamples 
403830     INFO  main            d.u.i.k.p.r.p.TestFile    ... finished proof: open goal(s) 
404116     INFO  main            d.u.i.k.p.r.p.TestFile    Now processing file /home/runner/work/key/key/key.core/../key.ui/examples/InformationFlow/LoopInvariants/loop.IFLoopExamples(loop.IFLoopExamples__insecure_twoWhile_2(int)).Non-interference contract.0.m.key 
404116     INFO  main            d.u.i.k.p.i.AbstractProblemLoader Loading environment from /home/runner/work/key/key/key.core/../key.ui/examples/InformationFlow/LoopInvariants/loop.IFLoopExamples(loop.IFLoopExamples__insecure_twoWhile_2(int)).Non-interference contract.0.m.key 
404116     DEBUG main            d.u.i.k.p.i.AbstractProblemLoader Environment load took 104.4ns 
404118     INFO  main            d.u.i.k.p.i.AbstractProblemLoader Creating init config 
407568     DEBUG main            d.u.i.k.p.i.AbstractProblemLoader Init config took 3.45s 
407616     INFO  main            d.u.i.k.p.i.AbstractProblemLoader Replaying proof loop.IFLoopExamples[loop.IFLoopExamples::insecure_twoWhile_2(int)].Non-interference contract.0 
407619     DEBUG main            d.u.i.k.p.i.IntermediateProofReplayer Proof replay took 16.6ns 
407620     DEBUG main            d.u.i.k.m.s.ProofScriptEngine 1: 'macro 'infflow-autopilot'' 
407661     DEBUG main            d.u.i.k.p.m.ProofCorrectnessMgt No justification found for rule Class_invariant_axiom_for_loop_IFLoopExamples 
410760     INFO  main            d.u.i.k.p.r.p.TestFile    ... finished proof: open goal(s) 
411045     INFO  main            d.u.i.k.p.r.p.TestFile    Now processing file /home/runner/work/key/key/key.core/../key.ui/examples/InformationFlow/LoopInvariants/loop.IFLoopExamples(loop.IFLoopExamples__secure_twoWhile(int)).Non-interference contract.0.m.key 
411045     INFO  main            d.u.i.k.p.i.AbstractProblemLoader Loading environment from /home/runner/work/key/key/key.core/../key.ui/examples/InformationFlow/LoopInvariants/loop.IFLoopExamples(loop.IFLoopExamples__secure_twoWhile(int)).Non-interference contract.0.m.key 
411045     DEBUG main            d.u.i.k.p.i.AbstractProblemLoader Environment load took 77.5ns 
411046     INFO  main            d.u.i.k.p.i.AbstractProblemLoader Creating init config 
414546     DEBUG main            d.u.i.k.p.i.AbstractProblemLoader Init config took 3.5s 
414592     INFO  main            d.u.i.k.p.i.AbstractProblemLoader Replaying proof loop.IFLoopExamples[loop.IFLoopExamples::secure_twoWhile(int)].Non-interference contract.0 
414595     DEBUG main            d.u.i.k.p.i.IntermediateProofReplayer Proof replay took 16.5ns 
414595     DEBUG main            d.u.i.k.m.s.ProofScriptEngine 1: 'macro 'infflow-autopilot'' 
414632     DEBUG main            d.u.i.k.p.m.ProofCorrectnessMgt No justification found for rule Class_invariant_axiom_for_loop_IFLoopExamples 
416694     INFO  main            d.u.i.k.p.r.p.TestFile    ... finished proof: closed. 
416989     INFO  main            d.u.i.k.p.r.p.TestFile    Now processing file /home/runner/work/key/key/key.core/../key.ui/examples/InformationFlow/LoopInvariants/loop.IFLoopExamples(loop.IFLoopExamples__loc_secure_while(int)).Non-interference contract.0.m.key 
416989     INFO  main            d.u.i.k.p.i.AbstractProblemLoader Loading environment from /home/runner/work/key/key/key.core/../key.ui/examples/InformationFlow/LoopInvariants/loop.IFLoopExamples(loop.IFLoopExamples__loc_secure_while(int)).Non-interference contract.0.m.key 
416989     DEBUG main            d.u.i.k.p.i.AbstractProblemLoader Environment load took 85.6ns 
416990     INFO  main            d.u.i.k.p.i.AbstractProblemLoader Creating init config 
420340     DEBUG main            d.u.i.k.p.i.AbstractProblemLoader Init config took 3.35s 
420394     INFO  main            d.u.i.k.p.i.AbstractProblemLoader Replaying proof loop.IFLoopExamples[loop.IFLoopExamples::loc_secure_while(int)].Non-interference contract.0 
420397     DEBUG main            d.u.i.k.p.i.IntermediateProofReplayer Proof replay took 205.8ns 
420397     DEBUG main            d.u.i.k.m.s.ProofScriptEngine 1: 'macro 'infflow-autopilot'' 
420434     DEBUG main            d.u.i.k.p.m.ProofCorrectnessMgt No justification found for rule Class_invariant_axiom_for_loop_IFLoopExamples 
421704     INFO  main            d.u.i.k.p.r.p.TestFile    ... finished proof: closed. 
421983     INFO  main            d.u.i.k.p.r.p.TestFile    Now processing file /home/runner/work/key/key/key.core/../key.ui/examples/InformationFlow/LoopInvariants/loop.IFLoopExamples(loop.IFLoopExamples__secure_while(int)).Non-interference contract.0.m.key 
421983     INFO  main            d.u.i.k.p.i.AbstractProblemLoader Loading environment from /home/runner/work/key/key/key.core/../key.ui/examples/InformationFlow/LoopInvariants/loop.IFLoopExamples(loop.IFLoopExamples__secure_while(int)).Non-interference contract.0.m.key 
421983     DEBUG main            d.u.i.k.p.i.AbstractProblemLoader Environment load took 85.6ns 
421984     INFO  main            d.u.i.k.p.i.AbstractProblemLoader Creating init config 
425493     DEBUG main            d.u.i.k.p.i.AbstractProblemLoader Init config took 3.51s 
425536     INFO  main            d.u.i.k.p.i.AbstractProblemLoader Replaying proof loop.IFLoopExamples[loop.IFLoopExamples::secure_while(int)].Non-interference contract.0 
425539     DEBUG main            d.u.i.k.p.i.IntermediateProofReplayer Proof replay took 19.1ns 
425540     DEBUG main            d.u.i.k.m.s.ProofScriptEngine 1: 'macro 'infflow-autopilot'' 
425582     DEBUG main            d.u.i.k.p.m.ProofCorrectnessMgt No justification found for rule Class_invariant_axiom_for_loop_IFLoopExamples 
426595     INFO  main            d.u.i.k.p.r.p.TestFile    ... finished proof: closed. 
426858     INFO  main            d.u.i.k.p.r.p.TestFile    Now processing file /home/runner/work/key/key/key.core/../key.ui/examples/InformationFlow/LoopInvariants/loop.IFLoopExamples(loop.IFLoopExamples__print(int)).Non-interference contract.0.m.key 
426859     INFO  main            d.u.i.k.p.i.AbstractProblemLoader Loading environment from /home/runner/work/key/key/key.core/../key.ui/examples/InformationFlow/LoopInvariants/loop.IFLoopExamples(loop.IFLoopExamples__print(int)).Non-interference contract.0.m.key 
426859     DEBUG main            d.u.i.k.p.i.AbstractProblemLoader Environment load took 88ns 
426860     INFO  main            d.u.i.k.p.i.AbstractProblemLoader Creating init config 
430370     DEBUG main            d.u.i.k.p.i.AbstractProblemLoader Init config took 3.51s 
430412     INFO  main            d.u.i.k.p.i.AbstractProblemLoader Replaying proof loop.IFLoopExamples[loop.IFLoopExamples::print(int)].Non-interference contract.0 
430415     DEBUG main            d.u.i.k.p.i.IntermediateProofReplayer Proof replay took 15.5ns 
430415     DEBUG main            d.u.i.k.m.s.ProofScriptEngine 1: 'macro 'infflow-autopilot'' 
430531     INFO  main            d.u.i.k.p.r.p.TestFile    ... finished proof: closed. 
430751     INFO  main            d.u.i.k.p.r.p.TestFile    Now processing file /home/runner/work/key/key/key.core/../key.ui/examples/InformationFlow/LoopInvariants/loop.IFLoopExamples(loop.IFLoopExamples__hammer(int)).Non-interference contract.0.m.key 
430751     INFO  main            d.u.i.k.p.i.AbstractProblemLoader Loading environment from /home/runner/work/key/key/key.core/../key.ui/examples/InformationFlow/LoopInvariants/loop.IFLoopExamples(loop.IFLoopExamples__hammer(int)).Non-interference contract.0.m.key 
430751     DEBUG main            d.u.i.k.p.i.AbstractProblemLoader Environment load took 76.3ns 
430752     INFO  main            d.u.i.k.p.i.AbstractProblemLoader Creating init config 
434254     DEBUG main            d.u.i.k.p.i.AbstractProblemLoader Init config took 3.5s 
434292     INFO  main            d.u.i.k.p.i.AbstractProblemLoader Replaying proof loop.IFLoopExamples[loop.IFLoopExamples::hammer(int)].Non-interference contract.0 
434295     DEBUG main            d.u.i.k.p.i.IntermediateProofReplayer Proof replay took 14.7ns 
434296     DEBUG main            d.u.i.k.m.s.ProofScriptEngine 1: 'macro 'infflow-autopilot'' 
434327     DEBUG main            d.u.i.k.p.m.ProofCorrectnessMgt No justification found for rule Class_invariant_axiom_for_loop_IFLoopExamples 
436131     INFO  main            d.u.i.k.p.r.p.TestFile    ... finished proof: closed. 
2997242    INFO  Test worker     d.u.i.k.p.r.RunAllProofsTestUnit Returning from test InformationFlow_fullmacro 
2997243    INFO  Test worker     d.u.i.k.p.r.RunAllProofsTestUnit Running test MiniExamples_fullmacro 
476        INFO  Timeout watchdog d.u.i.k.p.r.p.ForkedTestFileRunner Timeout watcher launched (1000 secs.) 
508        WARN  main            d.u.i.k.s.ProofSettings   The settings in /home/runner/.key/proof-settings.props are *not* read. 
554        INFO  main            d.u.i.k.p.r.p.TestFile    Now processing file /home/runner/work/key/key/key.core/../key.ui/examples/InformationFlow/MiniExamples/mini.AliasingExamples(mini.AliasingExamples__insecure_1(mini.AliasingExamples,mini.AliasingExamples,int)).Non-interference contract.0.m.key 
683        INFO  main            d.u.i.k.p.i.AbstractProblemLoader Loading environment from /home/runner/work/key/key/key.core/../key.ui/examples/InformationFlow/MiniExamples/mini.AliasingExamples(mini.AliasingExamples__insecure_1(mini.AliasingExamples,mini.AliasingExamples,int)).Non-interference contract.0.m.key 
704        DEBUG main            d.u.i.k.p.i.AbstractProblemLoader Environment load took 2.43ms 
1005       INFO  main            d.u.i.k.p.i.AbstractProblemLoader Creating init config 
2105       DEBUG main            d.u.i.k.j.TypeConverter   No LDT found for Meta 
2128       DEBUG main            d.u.i.k.j.TypeConverter   No LDT found for Meta 
2131       DEBUG main            d.u.i.k.j.TypeConverter   No LDT found for Meta 
2131       DEBUG main            d.u.i.k.j.TypeConverter   No LDT found for Meta 
4015       DEBUG main            d.u.i.k.j.TypeConverter   No LDT found for JavaBigintExpression 
10229      DEBUG main            d.u.i.k.p.i.AbstractProblemLoader Init config took 9.22s 
10485      INFO  main            d.u.i.k.p.i.AbstractProblemLoader Replaying proof mini.AliasingExamples[mini.AliasingExamples::insecure_1(mini.AliasingExamples,mini.AliasingExamples,int)].Non-interference contract.0 
10585      DEBUG main            d.u.i.k.p.i.IntermediateProofReplayer Proof replay took 455.21ns 
10640      DEBUG main            d.u.i.k.m.s.ProofScriptEngine 1: 'macro 'infflow-autopilot'' 
11178      DEBUG main            d.u.i.k.p.m.ProofCorrectnessMgt No justification found for rule Class_invariant_axiom_for_mini_AliasingExamples 
12082      INFO  main            d.u.i.k.p.r.p.TestFile    ... finished proof: open goal(s) 
12256      INFO  main            d.u.i.k.p.r.p.TestFile    Now processing file /home/runner/work/key/key/key.core/../key.ui/examples/InformationFlow/MiniExamples/mini.AliasingExamples(mini.AliasingExamples__secure_1(mini.AliasingExamples,mini.AliasingExamples,int)).Non-interference contract.0.m.key 
12257      INFO  main            d.u.i.k.p.i.AbstractProblemLoader Loading environment from /home/runner/work/key/key/key.core/../key.ui/examples/InformationFlow/MiniExamples/mini.AliasingExamples(mini.AliasingExamples__secure_1(mini.AliasingExamples,mini.AliasingExamples,int)).Non-interference contract.0.m.key 
12257      DEBUG main            d.u.i.k.p.i.AbstractProblemLoader Environment load took 299.01ns 
12260      INFO  main            d.u.i.k.p.i.AbstractProblemLoader Creating init config 
15931      DEBUG main            d.u.i.k.p.i.AbstractProblemLoader Init config took 3.67s 
16004      INFO  main            d.u.i.k.p.i.AbstractProblemLoader Replaying proof mini.AliasingExamples[mini.AliasingExamples::secure_1(mini.AliasingExamples,mini.AliasingExamples,int)].Non-interference contract.0 
16008      DEBUG main            d.u.i.k.p.i.IntermediateProofReplayer Proof replay took 15.1ns 
16009      DEBUG main            d.u.i.k.m.s.ProofScriptEngine 1: 'macro 'infflow-autopilot'' 
16104      DEBUG main            d.u.i.k.p.m.ProofCorrectnessMgt No justification found for rule Class_invariant_axiom_for_mini_AliasingExamples 
16424      INFO  main            d.u.i.k.p.r.p.TestFile    ... finished proof: closed. 
16608      INFO  main            d.u.i.k.p.r.p.TestFile    Now processing file /home/runner/work/key/key/key.core/../key.ui/examples/InformationFlow/MiniExamples/mini.MiniExamplesLecture(mini.MiniExamplesLecture__m_6()).Non-interference contract.0.m.key 
16609      INFO  main            d.u.i.k.p.i.AbstractProblemLoader Loading environment from /home/runner/work/key/key/key.core/../key.ui/examples/InformationFlow/MiniExamples/mini.MiniExamplesLecture(mini.MiniExamplesLecture__m_6()).Non-interference contract.0.m.key 
16609      DEBUG main            d.u.i.k.p.i.AbstractProblemLoader Environment load took 280.9ns 
16611      INFO  main            d.u.i.k.p.i.AbstractProblemLoader Creating init config 
19984      DEBUG main            d.u.i.k.p.i.AbstractProblemLoader Init config took 3.37s 
20053      INFO  main            d.u.i.k.p.i.AbstractProblemLoader Replaying proof mini.MiniExamplesLecture[mini.MiniExamplesLecture::m_6()].Non-interference contract.0 
20058      DEBUG main            d.u.i.k.p.i.IntermediateProofReplayer Proof replay took 15.7ns 
20058      DEBUG main            d.u.i.k.m.s.ProofScriptEngine 1: 'macro 'infflow-autopilot'' 
20121      DEBUG main            d.u.i.k.p.m.ProofCorrectnessMgt No justification found for rule Class_invariant_axiom_for_mini_MiniExamplesLecture 
20264      INFO  main            d.u.i.k.p.r.p.TestFile    ... finished proof: closed. 
20472      INFO  main            d.u.i.k.p.r.p.TestFile    Now processing file /home/runner/work/key/key/key.core/../key.ui/examples/InformationFlow/MiniExamples/mini.MiniExamplesLecture(mini.MiniExamplesLecture__m_5()).Non-interference contract.0.m.key 
20472      INFO  main            d.u.i.k.p.i.AbstractProblemLoader Loading environment from /home/runner/work/key/key/key.core/../key.ui/examples/InformationFlow/MiniExamples/mini.MiniExamplesLecture(mini.MiniExamplesLecture__m_5()).Non-interference contract.0.m.key 
20472      DEBUG main            d.u.i.k.p.i.AbstractProblemLoader Environment load took 113.5ns 
20474      INFO  main            d.u.i.k.p.i.AbstractProblemLoader Creating init config 
23870      DEBUG main            d.u.i.k.p.i.AbstractProblemLoader Init config took 3.4s 
23941      INFO  main            d.u.i.k.p.i.AbstractProblemLoader Replaying proof mini.MiniExamplesLecture[mini.MiniExamplesLecture::m_5()].Non-interference contract.0 
23945      DEBUG main            d.u.i.k.p.i.IntermediateProofReplayer Proof replay took 15.6ns 
23946      DEBUG main            d.u.i.k.m.s.ProofScriptEngine 1: 'macro 'infflow-autopilot'' 
24005      DEBUG main            d.u.i.k.p.m.ProofCorrectnessMgt No justification found for rule Class_invariant_axiom_for_mini_MiniExamplesLecture 
24238      INFO  main            d.u.i.k.p.r.p.TestFile    ... finished proof: closed. 
24445      INFO  main            d.u.i.k.p.r.p.TestFile    Now processing file /home/runner/work/key/key/key.core/../key.ui/examples/InformationFlow/MiniExamples/mini.MiniExamplesLecture(mini.MiniExamplesLecture__m_4()).Non-interference contract.0.m.key 
24446      INFO  main            d.u.i.k.p.i.AbstractProblemLoader Loading environment from /home/runner/work/key/key/key.core/../key.ui/examples/InformationFlow/MiniExamples/mini.MiniExamplesLecture(mini.MiniExamplesLecture__m_4()).Non-interference contract.0.m.key 
24446      DEBUG main            d.u.i.k.p.i.AbstractProblemLoader Environment load took 97.5ns 
24449      INFO  main            d.u.i.k.p.i.AbstractProblemLoader Creating init config 
27752      DEBUG main            d.u.i.k.p.i.AbstractProblemLoader Init config took 3.3s 
27816      INFO  main            d.u.i.k.p.i.AbstractProblemLoader Replaying proof mini.MiniExamplesLecture[mini.MiniExamplesLecture::m_4()].Non-interference contract.0 
27820      DEBUG main            d.u.i.k.p.i.IntermediateProofReplayer Proof replay took 19.5ns 
27821      DEBUG main            d.u.i.k.m.s.ProofScriptEngine 1: 'macro 'infflow-autopilot'' 
27876      DEBUG main            d.u.i.k.p.m.ProofCorrectnessMgt No justification found for rule Class_invariant_axiom_for_mini_MiniExamplesLecture 
28066      INFO  main            d.u.i.k.p.r.p.TestFile    ... finished proof: closed. 
28297      INFO  main            d.u.i.k.p.r.p.TestFile    Now processing file /home/runner/work/key/key/key.core/../key.ui/examples/InformationFlow/MiniExamples/mini.MiniExamplesLecture(mini.MiniExamplesLecture__m_3()).Non-interference contract.0.m.key 
28298      INFO  main            d.u.i.k.p.i.AbstractProblemLoader Loading environment from /home/runner/work/key/key/key.core/../key.ui/examples/InformationFlow/MiniExamples/mini.MiniExamplesLecture(mini.MiniExamplesLecture__m_3()).Non-interference contract.0.m.key 
28298      DEBUG main            d.u.i.k.p.i.AbstractProblemLoader Environment load took 109.9ns 
28299      INFO  main            d.u.i.k.p.i.AbstractProblemLoader Creating init config 
31484      DEBUG main            d.u.i.k.p.i.AbstractProblemLoader Init config took 3.18s 
31563      INFO  main            d.u.i.k.p.i.AbstractProblemLoader Replaying proof mini.MiniExamplesLecture[mini.MiniExamplesLecture::m_3()].Non-interference contract.0 
31566      DEBUG main            d.u.i.k.p.i.IntermediateProofReplayer Proof replay took 15.3ns 
31567      DEBUG main            d.u.i.k.m.s.ProofScriptEngine 1: 'macro 'infflow-autopilot'' 
31617      DEBUG main            d.u.i.k.p.m.ProofCorrectnessMgt No justification found for rule Class_invariant_axiom_for_mini_MiniExamplesLecture 
32005      INFO  main            d.u.i.k.p.r.p.TestFile    ... finished proof: open goal(s) 
32248      INFO  main            d.u.i.k.p.r.p.TestFile    Now processing file /home/runner/work/key/key/key.core/../key.ui/examples/InformationFlow/MiniExamples/mini.MiniExamplesLecture(mini.MiniExamplesLecture__m_2()).Non-interference contract.0.m.key 
32248      INFO  main            d.u.i.k.p.i.AbstractProblemLoader Loading environment from /home/runner/work/key/key/key.core/../key.ui/examples/InformationFlow/MiniExamples/mini.MiniExamplesLecture(mini.MiniExamplesLecture__m_2()).Non-interference contract.0.m.key 
32248      DEBUG main            d.u.i.k.p.i.AbstractProblemLoader Environment load took 91ns 
32249      INFO  main            d.u.i.k.p.i.AbstractProblemLoader Creating init config 
35612      DEBUG main            d.u.i.k.p.i.AbstractProblemLoader Init config took 3.36s 
35672      INFO  main            d.u.i.k.p.i.AbstractProblemLoader Replaying proof mini.MiniExamplesLecture[mini.MiniExamplesLecture::m_2()].Non-interference contract.0 
35675      DEBUG main            d.u.i.k.p.i.IntermediateProofReplayer Proof replay took 15ns 
35675      DEBUG main            d.u.i.k.m.s.ProofScriptEngine 1: 'macro 'infflow-autopilot'' 
35725      DEBUG main            d.u.i.k.p.m.ProofCorrectnessMgt No justification found for rule Class_invariant_axiom_for_mini_MiniExamplesLecture 
35969      INFO  main            d.u.i.k.p.r.p.TestFile    ... finished proof: closed. 
36172      INFO  main            d.u.i.k.p.r.p.TestFile    Now processing file /home/runner/work/key/key/key.core/../key.ui/examples/InformationFlow/MiniExamples/mini.MiniExamplesLecture(mini.MiniExamplesLecture__m_1()).Non-interference contract.0.m.key 
36172      INFO  main            d.u.i.k.p.i.AbstractProblemLoader Loading environment from /home/runner/work/key/key/key.core/../key.ui/examples/InformationFlow/MiniExamples/mini.MiniExamplesLecture(mini.MiniExamplesLecture__m_1()).Non-interference contract.0.m.key 
36172      DEBUG main            d.u.i.k.p.i.AbstractProblemLoader Environment load took 105.5ns 
36173      INFO  main            d.u.i.k.p.i.AbstractProblemLoader Creating init config 
39395      DEBUG main            d.u.i.k.p.i.AbstractProblemLoader Init config took 3.22s 
39466      INFO  main            d.u.i.k.p.i.AbstractProblemLoader Replaying proof mini.MiniExamplesLecture[mini.MiniExamplesLecture::m_1()].Non-interference contract.0 
39470      DEBUG main            d.u.i.k.p.i.IntermediateProofReplayer Proof replay took 17.8ns 
39471      DEBUG main            d.u.i.k.m.s.ProofScriptEngine 1: 'macro 'infflow-autopilot'' 
39526      DEBUG main            d.u.i.k.p.m.ProofCorrectnessMgt No justification found for rule Class_invariant_axiom_for_mini_MiniExamplesLecture 
39707      INFO  main            d.u.i.k.p.r.p.TestFile    ... finished proof: open goal(s) 
39890      INFO  main            d.u.i.k.p.r.p.TestFile    Now processing file /home/runner/work/key/key/key.core/../key.ui/examples/InformationFlow/MiniExamples/mini.DifferenceSeqLocset(mini.DifferenceSeqLocset__m()).Non-interference contract.1.m.key 
39890      INFO  main            d.u.i.k.p.i.AbstractProblemLoader Loading environment from /home/runner/work/key/key/key.core/../key.ui/examples/InformationFlow/MiniExamples/mini.DifferenceSeqLocset(mini.DifferenceSeqLocset__m()).Non-interference contract.1.m.key 
39890      DEBUG main            d.u.i.k.p.i.AbstractProblemLoader Environment load took 88ns 
39891      INFO  main            d.u.i.k.p.i.AbstractProblemLoader Creating init config 
42994      DEBUG main            d.u.i.k.p.i.AbstractProblemLoader Init config took 3.1s 
43050      INFO  main            d.u.i.k.p.i.AbstractProblemLoader Replaying proof mini.DifferenceSeqLocset[mini.DifferenceSeqLocset::m()].Non-interference contract.1 
43053      DEBUG main            d.u.i.k.p.i.IntermediateProofReplayer Proof replay took 15.6ns 
43054      DEBUG main            d.u.i.k.m.s.ProofScriptEngine 1: 'macro 'infflow-autopilot'' 
43132      DEBUG main            d.u.i.k.p.m.ProofCorrectnessMgt No justification found for rule Class_invariant_axiom_for_mini_DifferenceSeqLocset 
43853      INFO  main            d.u.i.k.p.r.p.TestFile    ... finished proof: open goal(s) 
44039      INFO  main            d.u.i.k.p.r.p.TestFile    Now processing file /home/runner/work/key/key/key.core/../key.ui/examples/InformationFlow/MiniExamples/mini.DifferenceSeqLocset(mini.DifferenceSeqLocset__m()).Non-interference contract.0.m.key 
44040      INFO  main            d.u.i.k.p.i.AbstractProblemLoader Loading environment from /home/runner/work/key/key/key.core/../key.ui/examples/InformationFlow/MiniExamples/mini.DifferenceSeqLocset(mini.DifferenceSeqLocset__m()).Non-interference contract.0.m.key 
44040      DEBUG main            d.u.i.k.p.i.AbstractProblemLoader Environment load took 96.6ns 
44041      INFO  main            d.u.i.k.p.i.AbstractProblemLoader Creating init config 
47148      DEBUG main            d.u.i.k.p.i.AbstractProblemLoader Init config took 3.11s 
47202      INFO  main            d.u.i.k.p.i.AbstractProblemLoader Replaying proof mini.DifferenceSeqLocset[mini.DifferenceSeqLocset::m()].Non-interference contract.0 
47204      DEBUG main            d.u.i.k.p.i.IntermediateProofReplayer Proof replay took 16.6ns 
47205      DEBUG main            d.u.i.k.m.s.ProofScriptEngine 1: 'macro 'infflow-autopilot'' 
47251      DEBUG main            d.u.i.k.p.m.ProofCorrectnessMgt No justification found for rule Class_invariant_axiom_for_mini_DifferenceSeqLocset 
49409      INFO  main            d.u.i.k.p.r.p.TestFile    ... finished proof: open goal(s) 
49643      INFO  main            d.u.i.k.p.r.p.TestFile    Now processing file /home/runner/work/key/key/key.core/../key.ui/examples/InformationFlow/MiniExamples/mini.MiniExamples(mini.MiniExamples__secure_p2_8()).Non-interference contract.0.m.key 
49644      INFO  main            d.u.i.k.p.i.AbstractProblemLoader Loading environment from /home/runner/work/key/key/key.core/../key.ui/examples/InformationFlow/MiniExamples/mini.MiniExamples(mini.MiniExamples__secure_p2_8()).Non-interference contract.0.m.key 
49644      DEBUG main            d.u.i.k.p.i.AbstractProblemLoader Environment load took 119.8ns 
49645      INFO  main            d.u.i.k.p.i.AbstractProblemLoader Creating init config 
52843      DEBUG main            d.u.i.k.p.i.AbstractProblemLoader Init config took 3.2s 
52907      INFO  main            d.u.i.k.p.i.AbstractProblemLoader Replaying proof mini.MiniExamples[mini.MiniExamples::secure_p2_8()].Non-interference contract.0 
52910      DEBUG main            d.u.i.k.p.i.IntermediateProofReplayer Proof replay took 19ns 
52911      DEBUG main            d.u.i.k.m.s.ProofScriptEngine 1: 'macro 'infflow-autopilot'' 
52953      DEBUG main            d.u.i.k.p.m.ProofCorrectnessMgt No justification found for rule Class_invariant_axiom_for_mini_MiniExamples 
53264      INFO  main            d.u.i.k.p.r.p.TestFile    ... finished proof: closed. 
53498      INFO  main            d.u.i.k.p.r.p.TestFile    Now processing file /home/runner/work/key/key/key.core/../key.ui/examples/InformationFlow/MiniExamples/mini.MiniExamples(mini.MiniExamples__secure_parameter(int)).Non-interference contract.0.m.key 
53499      INFO  main            d.u.i.k.p.i.AbstractProblemLoader Loading environment from /home/runner/work/key/key/key.core/../key.ui/examples/InformationFlow/MiniExamples/mini.MiniExamples(mini.MiniExamples__secure_parameter(int)).Non-interference contract.0.m.key 
53499      DEBUG main            d.u.i.k.p.i.AbstractProblemLoader Environment load took 98.6ns 
53500      INFO  main            d.u.i.k.p.i.AbstractProblemLoader Creating init config 
56587      DEBUG main            d.u.i.k.p.i.AbstractProblemLoader Init config took 3.09s 
56652      INFO  main            d.u.i.k.p.i.AbstractProblemLoader Replaying proof mini.MiniExamples[mini.MiniExamples::secure_parameter(int)].Non-interference contract.0 
56654      DEBUG main            d.u.i.k.p.i.IntermediateProofReplayer Proof replay took 21.2ns 
56656      DEBUG main            d.u.i.k.m.s.ProofScriptEngine 1: 'macro 'infflow-autopilot'' 
56718      DEBUG main            d.u.i.k.p.m.ProofCorrectnessMgt No justification found for rule Class_invariant_axiom_for_mini_MiniExamples 
56871      INFO  main            d.u.i.k.p.r.p.TestFile    ... finished proof: closed. 
57076      INFO  main            d.u.i.k.p.r.p.TestFile    Now processing file /home/runner/work/key/key/key.core/../key.ui/examples/InformationFlow/MiniExamples/mini.MiniExamples(mini.MiniExamples__secure_p2_7()).Non-interference contract.0.m.key 
57076      INFO  main            d.u.i.k.p.i.AbstractProblemLoader Loading environment from /home/runner/work/key/key/key.core/../key.ui/examples/InformationFlow/MiniExamples/mini.MiniExamples(mini.MiniExamples__secure_p2_7()).Non-interference contract.0.m.key 
57076      DEBUG main            d.u.i.k.p.i.AbstractProblemLoader Environment load took 84.7ns 
57077      INFO  main            d.u.i.k.p.i.AbstractProblemLoader Creating init config 
60189      DEBUG main            d.u.i.k.p.i.AbstractProblemLoader Init config took 3.11s 
60237      INFO  main            d.u.i.k.p.i.AbstractProblemLoader Replaying proof mini.MiniExamples[mini.MiniExamples::secure_p2_7()].Non-interference contract.0 
60240      DEBUG main            d.u.i.k.p.i.IntermediateProofReplayer Proof replay took 17.2ns 
60240      DEBUG main            d.u.i.k.m.s.ProofScriptEngine 1: 'macro 'infflow-autopilot'' 
60278      DEBUG main            d.u.i.k.p.m.ProofCorrectnessMgt No justification found for rule Class_invariant_axiom_for_mini_MiniExamples 
60560      INFO  main            d.u.i.k.p.r.p.TestFile    ... finished proof: closed. 
60780      INFO  main            d.u.i.k.p.r.p.TestFile    Now processing file /home/runner/work/key/key/key.core/../key.ui/examples/InformationFlow/MiniExamples/mini.MiniExamples(mini.MiniExamples__insecure_p2_2()).Non-interference contract.0.m.key 
60781      INFO  main            d.u.i.k.p.i.AbstractProblemLoader Loading environment from /home/runner/work/key/key/key.core/../key.ui/examples/InformationFlow/MiniExamples/mini.MiniExamples(mini.MiniExamples__insecure_p2_2()).Non-interference contract.0.m.key 
60781      DEBUG main            d.u.i.k.p.i.AbstractProblemLoader Environment load took 799.72ns 
60783      INFO  main            d.u.i.k.p.i.AbstractProblemLoader Creating init config 
63907      DEBUG main            d.u.i.k.p.i.AbstractProblemLoader Init config took 3.12s 
63952      INFO  main            d.u.i.k.p.i.AbstractProblemLoader Replaying proof mini.MiniExamples[mini.MiniExamples::insecure_p2_2()].Non-interference contract.0 
63955      DEBUG main            d.u.i.k.p.i.IntermediateProofReplayer Proof replay took 15.1ns 
63956      DEBUG main            d.u.i.k.m.s.ProofScriptEngine 1: 'macro 'infflow-autopilot'' 
63991      DEBUG main            d.u.i.k.p.m.ProofCorrectnessMgt No justification found for rule Class_invariant_axiom_for_mini_MiniExamples 
64312      INFO  main            d.u.i.k.p.r.p.TestFile    ... finished proof: open goal(s) 
64519      INFO  main            d.u.i.k.p.r.p.TestFile    Now processing file /home/runner/work/key/key/key.core/../key.ui/examples/InformationFlow/MiniExamples/mini.MiniExamples(mini.MiniExamples__secure_p2_6()).Non-interference contract.0.m.key 
64520      INFO  main            d.u.i.k.p.i.AbstractProblemLoader Loading environment from /home/runner/work/key/key/key.core/../key.ui/examples/InformationFlow/MiniExamples/mini.MiniExamples(mini.MiniExamples__secure_p2_6()).Non-interference contract.0.m.key 
64520      DEBUG main            d.u.i.k.p.i.AbstractProblemLoader Environment load took 88.4ns 
64521      INFO  main            d.u.i.k.p.i.AbstractProblemLoader Creating init config 
67595      DEBUG main            d.u.i.k.p.i.AbstractProblemLoader Init config took 3.07s 
67648      INFO  main            d.u.i.k.p.i.AbstractProblemLoader Replaying proof mini.MiniExamples[mini.MiniExamples::secure_p2_6()].Non-interference contract.0 
67651      DEBUG main            d.u.i.k.p.i.IntermediateProofReplayer Proof replay took 21.5ns 
67652      DEBUG main            d.u.i.k.m.s.ProofScriptEngine 1: 'macro 'infflow-autopilot'' 
67695      DEBUG main            d.u.i.k.p.m.ProofCorrectnessMgt No justification found for rule Class_invariant_axiom_for_mini_MiniExamples 
67779      INFO  main            d.u.i.k.p.r.p.TestFile    ... finished proof: closed. 
68015      INFO  main            d.u.i.k.p.r.p.TestFile    Now processing file /home/runner/work/key/key/key.core/../key.ui/examples/InformationFlow/MiniExamples/mini.MiniExamples(mini.MiniExamples__secure_p2_5()).Non-interference contract.0.m.key 
68016      INFO  main            d.u.i.k.p.i.AbstractProblemLoader Loading environment from /home/runner/work/key/key/key.core/../key.ui/examples/InformationFlow/MiniExamples/mini.MiniExamples(mini.MiniExamples__secure_p2_5()).Non-interference contract.0.m.key 
68016      DEBUG main            d.u.i.k.p.i.AbstractProblemLoader Environment load took 96ns 
68018      INFO  main            d.u.i.k.p.i.AbstractProblemLoader Creating init config 
71113      DEBUG main            d.u.i.k.p.i.AbstractProblemLoader Init config took 3.09s 
71159      INFO  main            d.u.i.k.p.i.AbstractProblemLoader Replaying proof mini.MiniExamples[mini.MiniExamples::secure_p2_5()].Non-interference contract.0 
71161      DEBUG main            d.u.i.k.p.i.IntermediateProofReplayer Proof replay took 16.1ns 
71162      DEBUG main            d.u.i.k.m.s.ProofScriptEngine 1: 'macro 'infflow-autopilot'' 
71199      DEBUG main            d.u.i.k.p.m.ProofCorrectnessMgt No justification found for rule Class_invariant_axiom_for_mini_MiniExamples 
71331      INFO  main            d.u.i.k.p.r.p.TestFile    ... finished proof: closed. 
71547      INFO  main            d.u.i.k.p.r.p.TestFile    Now processing file /home/runner/work/key/key/key.core/../key.ui/examples/InformationFlow/MiniExamples/mini.MiniExamples(mini.MiniExamples__secure_p2_4()).Non-interference contract.0.m.key 
71548      INFO  main            d.u.i.k.p.i.AbstractProblemLoader Loading environment from /home/runner/work/key/key/key.core/../key.ui/examples/InformationFlow/MiniExamples/mini.MiniExamples(mini.MiniExamples__secure_p2_4()).Non-interference contract.0.m.key 
71548      DEBUG main            d.u.i.k.p.i.AbstractProblemLoader Environment load took 106.1ns 
71549      INFO  main            d.u.i.k.p.i.AbstractProblemLoader Creating init config 
74659      DEBUG main            d.u.i.k.p.i.AbstractProblemLoader Init config took 3.11s 
74703      INFO  main            d.u.i.k.p.i.AbstractProblemLoader Replaying proof mini.MiniExamples[mini.MiniExamples::secure_p2_4()].Non-interference contract.0 
74706      DEBUG main            d.u.i.k.p.i.IntermediateProofReplayer Proof replay took 15.6ns 
74706      DEBUG main            d.u.i.k.m.s.ProofScriptEngine 1: 'macro 'infflow-autopilot'' 
74743      DEBUG main            d.u.i.k.p.m.ProofCorrectnessMgt No justification found for rule Class_invariant_axiom_for_mini_MiniExamples 
74874      INFO  main            d.u.i.k.p.r.p.TestFile    ... finished proof: closed. 
75109      INFO  main            d.u.i.k.p.r.p.TestFile    Now processing file /home/runner/work/key/key/key.core/../key.ui/examples/InformationFlow/MiniExamples/mini.MiniExamples(mini.MiniExamples__secure_p2_3()).Non-interference contract.0.m.key 
75110      INFO  main            d.u.i.k.p.i.AbstractProblemLoader Loading environment from /home/runner/work/key/key/key.core/../key.ui/examples/InformationFlow/MiniExamples/mini.MiniExamples(mini.MiniExamples__secure_p2_3()).Non-interference contract.0.m.key 
75110      DEBUG main            d.u.i.k.p.i.AbstractProblemLoader Environment load took 83.7ns 
75111      INFO  main            d.u.i.k.p.i.AbstractProblemLoader Creating init config 
78263      DEBUG main            d.u.i.k.p.i.AbstractProblemLoader Init config took 3.15s 
78308      INFO  main            d.u.i.k.p.i.AbstractProblemLoader Replaying proof mini.MiniExamples[mini.MiniExamples::secure_p2_3()].Non-interference contract.0 
78310      DEBUG main            d.u.i.k.p.i.IntermediateProofReplayer Proof replay took 16.5ns 
78311      DEBUG main            d.u.i.k.m.s.ProofScriptEngine 1: 'macro 'infflow-autopilot'' 
78347      DEBUG main            d.u.i.k.p.m.ProofCorrectnessMgt No justification found for rule Class_invariant_axiom_for_mini_MiniExamples 
78459      INFO  main            d.u.i.k.p.r.p.TestFile    ... finished proof: closed. 
78692      INFO  main            d.u.i.k.p.r.p.TestFile    Now processing file /home/runner/work/key/key/key.core/../key.ui/examples/InformationFlow/MiniExamples/mini.MiniExamples(mini.MiniExamples__secure_p2_2()).Non-interference contract.0.m.key 
78692      INFO  main            d.u.i.k.p.i.AbstractProblemLoader Loading environment from /home/runner/work/key/key/key.core/../key.ui/examples/InformationFlow/MiniExamples/mini.MiniExamples(mini.MiniExamples__secure_p2_2()).Non-interference contract.0.m.key 
78692      DEBUG main            d.u.i.k.p.i.AbstractProblemLoader Environment load took 86.2ns 
78693      INFO  main            d.u.i.k.p.i.AbstractProblemLoader Creating init config 
81819      DEBUG main            d.u.i.k.p.i.AbstractProblemLoader Init config took 3.13s 
81864      INFO  main            d.u.i.k.p.i.AbstractProblemLoader Replaying proof mini.MiniExamples[mini.MiniExamples::secure_p2_2()].Non-interference contract.0 
81866      DEBUG main            d.u.i.k.p.i.IntermediateProofReplayer Proof replay took 61.9ns 
81867      DEBUG main            d.u.i.k.m.s.ProofScriptEngine 1: 'macro 'infflow-autopilot'' 
81903      DEBUG main            d.u.i.k.p.m.ProofCorrectnessMgt No justification found for rule Class_invariant_axiom_for_mini_MiniExamples 
82005      INFO  main            d.u.i.k.p.r.p.TestFile    ... finished proof: closed. 
82228      INFO  main            d.u.i.k.p.r.p.TestFile    Now processing file /home/runner/work/key/key/key.core/../key.ui/examples/InformationFlow/MiniExamples/mini.MiniExamples(mini.MiniExamples__secure_p2_1()).Non-interference contract.0.m.key 
82229      INFO  main            d.u.i.k.p.i.AbstractProblemLoader Loading environment from /home/runner/work/key/key/key.core/../key.ui/examples/InformationFlow/MiniExamples/mini.MiniExamples(mini.MiniExamples__secure_p2_1()).Non-interference contract.0.m.key 
82229      DEBUG main            d.u.i.k.p.i.AbstractProblemLoader Environment load took 91.4ns 
82231      INFO  main            d.u.i.k.p.i.AbstractProblemLoader Creating init config 
85341      DEBUG main            d.u.i.k.p.i.AbstractProblemLoader Init config took 3.11s 
85386      INFO  main            d.u.i.k.p.i.AbstractProblemLoader Replaying proof mini.MiniExamples[mini.MiniExamples::secure_p2_1()].Non-interference contract.0 
85388      DEBUG main            d.u.i.k.p.i.IntermediateProofReplayer Proof replay took 16.4ns 
85389      DEBUG main            d.u.i.k.m.s.ProofScriptEngine 1: 'macro 'infflow-autopilot'' 
85424      DEBUG main            d.u.i.k.p.m.ProofCorrectnessMgt No justification found for rule Class_invariant_axiom_for_mini_MiniExamples 
85532      INFO  main            d.u.i.k.p.r.p.TestFile    ... finished proof: closed. 
85745      INFO  main            d.u.i.k.p.r.p.TestFile    Now processing file /home/runner/work/key/key/key.core/../key.ui/examples/InformationFlow/MiniExamples/mini.MiniExamples(mini.MiniExamples__insecure_p2_1()).Non-interference contract.0.m.key 
85745      INFO  main            d.u.i.k.p.i.AbstractProblemLoader Loading environment from /home/runner/work/key/key/key.core/../key.ui/examples/InformationFlow/MiniExamples/mini.MiniExamples(mini.MiniExamples__insecure_p2_1()).Non-interference contract.0.m.key 
85745      DEBUG main            d.u.i.k.p.i.AbstractProblemLoader Environment load took 77.9ns 
85748      INFO  main            d.u.i.k.p.i.AbstractProblemLoader Creating init config 
88843      DEBUG main            d.u.i.k.p.i.AbstractProblemLoader Init config took 3.1s 
88901      INFO  main            d.u.i.k.p.i.AbstractProblemLoader Replaying proof mini.MiniExamples[mini.MiniExamples::insecure_p2_1()].Non-interference contract.0 
88904      DEBUG main            d.u.i.k.p.i.IntermediateProofReplayer Proof replay took 15.9ns 
88904      DEBUG main            d.u.i.k.m.s.ProofScriptEngine 1: 'macro 'infflow-autopilot'' 
88941      DEBUG main            d.u.i.k.p.m.ProofCorrectnessMgt No justification found for rule Class_invariant_axiom_for_mini_MiniExamples 
89077      INFO  main            d.u.i.k.p.r.p.TestFile    ... finished proof: open goal(s) 
89352      INFO  main            d.u.i.k.p.r.p.TestFile    Now processing file /home/runner/work/key/key/key.core/../key.ui/examples/InformationFlow/MiniExamples/mini.MiniExamples(mini.MiniExamples__secure_p1_6()).Non-interference contract.0.m.key 
89352      INFO  main            d.u.i.k.p.i.AbstractProblemLoader Loading environment from /home/runner/work/key/key/key.core/../key.ui/examples/InformationFlow/MiniExamples/mini.MiniExamples(mini.MiniExamples__secure_p1_6()).Non-interference contract.0.m.key 
89352      DEBUG main            d.u.i.k.p.i.AbstractProblemLoader Environment load took 101.5ns 
89353      INFO  main            d.u.i.k.p.i.AbstractProblemLoader Creating init config 
92379      DEBUG main            d.u.i.k.p.i.AbstractProblemLoader Init config took 3.03s 
92423      INFO  main            d.u.i.k.p.i.AbstractProblemLoader Replaying proof mini.MiniExamples[mini.MiniExamples::secure_p1_6()].Non-interference contract.0 
92425      DEBUG main            d.u.i.k.p.i.IntermediateProofReplayer Proof replay took 16.6ns 
92426      DEBUG main            d.u.i.k.m.s.ProofScriptEngine 1: 'macro 'infflow-autopilot'' 
92460      DEBUG main            d.u.i.k.p.m.ProofCorrectnessMgt No justification found for rule Class_invariant_axiom_for_mini_MiniExamples 
92583      INFO  main            d.u.i.k.p.r.p.TestFile    ... finished proof: closed. 
92831      INFO  main            d.u.i.k.p.r.p.TestFile    Now processing file /home/runner/work/key/key/key.core/../key.ui/examples/InformationFlow/MiniExamples/mini.MiniExamples(mini.MiniExamples__secure_p1_5()).Non-interference contract.0.m.key 
92832      INFO  main            d.u.i.k.p.i.AbstractProblemLoader Loading environment from /home/runner/work/key/key/key.core/../key.ui/examples/InformationFlow/MiniExamples/mini.MiniExamples(mini.MiniExamples__secure_p1_5()).Non-interference contract.0.m.key 
92832      DEBUG main            d.u.i.k.p.i.AbstractProblemLoader Environment load took 332.1ns 
92834      INFO  main            d.u.i.k.p.i.AbstractProblemLoader Creating init config 
95956      DEBUG main            d.u.i.k.p.i.AbstractProblemLoader Init config took 3.12s 
96015      INFO  main            d.u.i.k.p.i.AbstractProblemLoader Replaying proof mini.MiniExamples[mini.MiniExamples::secure_p1_5()].Non-interference contract.0 
96019      DEBUG main            d.u.i.k.p.i.IntermediateProofReplayer Proof replay took 18ns 
96020      DEBUG main            d.u.i.k.m.s.ProofScriptEngine 1: 'macro 'infflow-autopilot'' 
96060      DEBUG main            d.u.i.k.p.m.ProofCorrectnessMgt No justification found for rule Class_invariant_axiom_for_mini_MiniExamples 
96417      INFO  main            d.u.i.k.p.r.p.TestFile    ... finished proof: closed. 
96680      INFO  main            d.u.i.k.p.r.p.TestFile    Now processing file /home/runner/work/key/key/key.core/../key.ui/examples/InformationFlow/MiniExamples/mini.MiniExamples(mini.MiniExamples__secure_p1_4()).Non-interference contract.0.m.key 
96680      INFO  main            d.u.i.k.p.i.AbstractProblemLoader Loading environment from /home/runner/work/key/key/key.core/../key.ui/examples/InformationFlow/MiniExamples/mini.MiniExamples(mini.MiniExamples__secure_p1_4()).Non-interference contract.0.m.key 
96680      DEBUG main            d.u.i.k.p.i.AbstractProblemLoader Environment load took 85.6ns 
96681      INFO  main            d.u.i.k.p.i.AbstractProblemLoader Creating init config 
99827      DEBUG main            d.u.i.k.p.i.AbstractProblemLoader Init config took 3.15s 
99871      INFO  main            d.u.i.k.p.i.AbstractProblemLoader Replaying proof mini.MiniExamples[mini.MiniExamples::secure_p1_4()].Non-interference contract.0 
99873      DEBUG main            d.u.i.k.p.i.IntermediateProofReplayer Proof replay took 16.8ns 
99874      DEBUG main            d.u.i.k.m.s.ProofScriptEngine 1: 'macro 'infflow-autopilot'' 
99909      DEBUG main            d.u.i.k.p.m.ProofCorrectnessMgt No justification found for rule Class_invariant_axiom_for_mini_MiniExamples 
100179     INFO  main            d.u.i.k.p.r.p.TestFile    ... finished proof: closed. 
100459     INFO  main            d.u.i.k.p.r.p.TestFile    Now processing file /home/runner/work/key/key/key.core/../key.ui/examples/InformationFlow/MiniExamples/mini.MiniExamples(mini.MiniExamples__secure_p1_3()).Non-interference contract.0.m.key 
100460     INFO  main            d.u.i.k.p.i.AbstractProblemLoader Loading environment from /home/runner/work/key/key/key.core/../key.ui/examples/InformationFlow/MiniExamples/mini.MiniExamples(mini.MiniExamples__secure_p1_3()).Non-interference contract.0.m.key 
100460     DEBUG main            d.u.i.k.p.i.AbstractProblemLoader Environment load took 88.4ns 
100461     INFO  main            d.u.i.k.p.i.AbstractProblemLoader Creating init config 
103421     DEBUG main            d.u.i.k.p.i.AbstractProblemLoader Init config took 2.96s 
103462     INFO  main            d.u.i.k.p.i.AbstractProblemLoader Replaying proof mini.MiniExamples[mini.MiniExamples::secure_p1_3()].Non-interference contract.0 
103465     DEBUG main            d.u.i.k.p.i.IntermediateProofReplayer Proof replay took 15.7ns 
103466     DEBUG main            d.u.i.k.m.s.ProofScriptEngine 1: 'macro 'infflow-autopilot'' 
103501     DEBUG main            d.u.i.k.p.m.ProofCorrectnessMgt No justification found for rule Class_invariant_axiom_for_mini_MiniExamples 
103621     INFO  main            d.u.i.k.p.r.p.TestFile    ... finished proof: closed. 
103867     INFO  main            d.u.i.k.p.r.p.TestFile    Now processing file /home/runner/work/key/key/key.core/../key.ui/examples/InformationFlow/MiniExamples/mini.MiniExamples(mini.MiniExamples__secure_p1_2()).Non-interference contract.0.m.key 
103867     INFO  main            d.u.i.k.p.i.AbstractProblemLoader Loading environment from /home/runner/work/key/key/key.core/../key.ui/examples/InformationFlow/MiniExamples/mini.MiniExamples(mini.MiniExamples__secure_p1_2()).Non-interference contract.0.m.key 
103868     DEBUG main            d.u.i.k.p.i.AbstractProblemLoader Environment load took 84.1ns 
103869     INFO  main            d.u.i.k.p.i.AbstractProblemLoader Creating init config 
106837     DEBUG main            d.u.i.k.p.i.AbstractProblemLoader Init config took 2.97s 
106880     INFO  main            d.u.i.k.p.i.AbstractProblemLoader Replaying proof mini.MiniExamples[mini.MiniExamples::secure_p1_2()].Non-interference contract.0 
106883     DEBUG main            d.u.i.k.p.i.IntermediateProofReplayer Proof replay took 34.3ns 
106884     DEBUG main            d.u.i.k.m.s.ProofScriptEngine 1: 'macro 'infflow-autopilot'' 
106919     DEBUG main            d.u.i.k.p.m.ProofCorrectnessMgt No justification found for rule Class_invariant_axiom_for_mini_MiniExamples 
107213     INFO  main            d.u.i.k.p.r.p.TestFile    ... finished proof: closed. 
107453     INFO  main            d.u.i.k.p.r.p.TestFile    Now processing file /home/runner/work/key/key/key.core/../key.ui/examples/InformationFlow/MiniExamples/mini.MiniExamples(mini.MiniExamples__secure_p1_1()).Non-interference contract.1.m.key 
107454     INFO  main            d.u.i.k.p.i.AbstractProblemLoader Loading environment from /home/runner/work/key/key/key.core/../key.ui/examples/InformationFlow/MiniExamples/mini.MiniExamples(mini.MiniExamples__secure_p1_1()).Non-interference contract.1.m.key 
107454     DEBUG main            d.u.i.k.p.i.AbstractProblemLoader Environment load took 79.3ns 
107455     INFO  main            d.u.i.k.p.i.AbstractProblemLoader Creating init config 
110482     DEBUG main            d.u.i.k.p.i.AbstractProblemLoader Init config took 3.03s 
110526     INFO  main            d.u.i.k.p.i.AbstractProblemLoader Replaying proof mini.MiniExamples[mini.MiniExamples::secure_p1_1()].Non-interference contract.1 
110529     DEBUG main            d.u.i.k.p.i.IntermediateProofReplayer Proof replay took 40.4ns 
110529     DEBUG main            d.u.i.k.m.s.ProofScriptEngine 1: 'macro 'infflow-autopilot'' 
110565     DEBUG main            d.u.i.k.p.m.ProofCorrectnessMgt No justification found for rule Class_invariant_axiom_for_mini_MiniExamples 
110750     INFO  main            d.u.i.k.p.r.p.TestFile    ... finished proof: closed. 
111020     INFO  main            d.u.i.k.p.r.p.TestFile    Now processing file /home/runner/work/key/key/key.core/../key.ui/examples/InformationFlow/MiniExamples/mini.MiniExamples(mini.MiniExamples__secure_p1_1()).Non-interference contract.0.m.key 
111020     INFO  main            d.u.i.k.p.i.AbstractProblemLoader Loading environment from /home/runner/work/key/key/key.core/../key.ui/examples/InformationFlow/MiniExamples/mini.MiniExamples(mini.MiniExamples__secure_p1_1()).Non-interference contract.0.m.key 
111020     DEBUG main            d.u.i.k.p.i.AbstractProblemLoader Environment load took 74.8ns 
111022     INFO  main            d.u.i.k.p.i.AbstractProblemLoader Creating init config 
114078     DEBUG main            d.u.i.k.p.i.AbstractProblemLoader Init config took 3.06s 
114124     INFO  main            d.u.i.k.p.i.AbstractProblemLoader Replaying proof mini.MiniExamples[mini.MiniExamples::secure_p1_1()].Non-interference contract.0 
114126     DEBUG main            d.u.i.k.p.i.IntermediateProofReplayer Proof replay took 17.1ns 
114127     DEBUG main            d.u.i.k.m.s.ProofScriptEngine 1: 'macro 'infflow-autopilot'' 
114162     DEBUG main            d.u.i.k.p.m.ProofCorrectnessMgt No justification found for rule Class_invariant_axiom_for_mini_MiniExamples 
114347     INFO  main            d.u.i.k.p.r.p.TestFile    ... finished proof: closed. 
114620     INFO  main            d.u.i.k.p.r.p.TestFile    Now processing file /home/runner/work/key/key/key.core/../key.ui/examples/InformationFlow/MiniExamples/mini.MiniExamples(mini.MiniExamples__insecure_p1_2()).Non-interference contract.0.m.key 
114620     INFO  main            d.u.i.k.p.i.AbstractProblemLoader Loading environment from /home/runner/work/key/key/key.core/../key.ui/examples/InformationFlow/MiniExamples/mini.MiniExamples(mini.MiniExamples__insecure_p1_2()).Non-interference contract.0.m.key 
114620     DEBUG main            d.u.i.k.p.i.AbstractProblemLoader Environment load took 75.8ns 
114622     INFO  main            d.u.i.k.p.i.AbstractProblemLoader Creating init config 
117627     DEBUG main            d.u.i.k.p.i.AbstractProblemLoader Init config took 3.01s 
117688     INFO  main            d.u.i.k.p.i.AbstractProblemLoader Replaying proof mini.MiniExamples[mini.MiniExamples::insecure_p1_2()].Non-interference contract.0 
117690     DEBUG main            d.u.i.k.p.i.IntermediateProofReplayer Proof replay took 17.4ns 
117691     DEBUG main            d.u.i.k.m.s.ProofScriptEngine 1: 'macro 'infflow-autopilot'' 
117725     DEBUG main            d.u.i.k.p.m.ProofCorrectnessMgt No justification found for rule Class_invariant_axiom_for_mini_MiniExamples 
118039     INFO  main            d.u.i.k.p.r.p.TestFile    ... finished proof: open goal(s) 
118318     INFO  main            d.u.i.k.p.r.p.TestFile    Now processing file /home/runner/work/key/key/key.core/../key.ui/examples/InformationFlow/MiniExamples/mini.MiniExamples(mini.MiniExamples__insecure_p1_1()).Non-interference contract.0.m.key 
118318     INFO  main            d.u.i.k.p.i.AbstractProblemLoader Loading environment from /home/runner/work/key/key/key.core/../key.ui/examples/InformationFlow/MiniExamples/mini.MiniExamples(mini.MiniExamples__insecure_p1_1()).Non-interference contract.0.m.key 
118318     DEBUG main            d.u.i.k.p.i.AbstractProblemLoader Environment load took 113.6ns 
118319     INFO  main            d.u.i.k.p.i.AbstractProblemLoader Creating init config 
121399     DEBUG main            d.u.i.k.p.i.AbstractProblemLoader Init config took 3.08s 
121442     INFO  main            d.u.i.k.p.i.AbstractProblemLoader Replaying proof mini.MiniExamples[mini.MiniExamples::insecure_p1_1()].Non-interference contract.0 
121446     DEBUG main            d.u.i.k.p.i.IntermediateProofReplayer Proof replay took 18.2ns 
121446     DEBUG main            d.u.i.k.m.s.ProofScriptEngine 1: 'macro 'infflow-autopilot'' 
121482     DEBUG main            d.u.i.k.p.m.ProofCorrectnessMgt No justification found for rule Class_invariant_axiom_for_mini_MiniExamples 
121607     INFO  main            d.u.i.k.p.r.p.TestFile    ... finished proof: open goal(s) 
3119330    INFO  Test worker     d.u.i.k.p.r.RunAllProofsTestUnit Returning from test MiniExamples_fullmacro 
3119331    INFO  Test worker     d.u.i.k.p.r.RunAllProofsTestUnit Running test NewObjects_fullmacro 
461        INFO  Timeout watchdog d.u.i.k.p.r.p.ForkedTestFileRunner Timeout watcher launched (1000 secs.) 
482        WARN  main            d.u.i.k.s.ProofSettings   The settings in /home/runner/.key/proof-settings.props are *not* read. 
541        INFO  main            d.u.i.k.p.r.p.TestFile    Now processing file /home/runner/work/key/key/key.core/../key.ui/examples/InformationFlow/NewObjects/object.AmtoftBanerjee3(object.AmtoftBanerjee3__m()).Non-interference contract.0.m.key 
718        INFO  main            d.u.i.k.p.i.AbstractProblemLoader Loading environment from /home/runner/work/key/key/key.core/../key.ui/examples/InformationFlow/NewObjects/object.AmtoftBanerjee3(object.AmtoftBanerjee3__m()).Non-interference contract.0.m.key 
741        DEBUG main            d.u.i.k.p.i.AbstractProblemLoader Environment load took 2.98ms 
1046       INFO  main            d.u.i.k.p.i.AbstractProblemLoader Creating init config 
2070       DEBUG main            d.u.i.k.j.TypeConverter   No LDT found for Meta 
2071       DEBUG main            d.u.i.k.j.TypeConverter   No LDT found for Meta 
2073       DEBUG main            d.u.i.k.j.TypeConverter   No LDT found for Meta 
2073       DEBUG main            d.u.i.k.j.TypeConverter   No LDT found for Meta 
3827       DEBUG main            d.u.i.k.j.TypeConverter   No LDT found for JavaBigintExpression 
7492       DEBUG main            d.u.i.k.j.r.ClassPreparationMethodBuilder clPrepBuilder: Inner Class detected. Reject building class initialisation methods. 
10469      DEBUG main            d.u.i.k.p.i.AbstractProblemLoader Init config took 9.42s 
10710      INFO  main            d.u.i.k.p.i.AbstractProblemLoader Replaying proof object.AmtoftBanerjee3[object.AmtoftBanerjee3::m()].Non-interference contract.0 
10843      DEBUG main            d.u.i.k.p.i.IntermediateProofReplayer Proof replay took 6.37ms 
10926      DEBUG main            d.u.i.k.m.s.ProofScriptEngine 1: 'macro 'infflow-autopilot'' 
11428      DEBUG main            d.u.i.k.p.m.ProofCorrectnessMgt No justification found for rule Class_invariant_axiom_for_object_AmtoftBanerjee3 
12209      INFO  main            d.u.i.k.p.r.p.TestFile    ... finished proof: closed. 
12351      INFO  main            d.u.i.k.p.r.p.TestFile    Now processing file /home/runner/work/key/key/key.core/../key.ui/examples/InformationFlow/NewObjects/object.AmtoftBanerjee(object.AmtoftBanerjee__m_2()).Non-interference contract.0.m.key 
12352      INFO  main            d.u.i.k.p.i.AbstractProblemLoader Loading environment from /home/runner/work/key/key/key.core/../key.ui/examples/InformationFlow/NewObjects/object.AmtoftBanerjee(object.AmtoftBanerjee__m_2()).Non-interference contract.0.m.key 
12352      DEBUG main            d.u.i.k.p.i.AbstractProblemLoader Environment load took 273.71ns 
12357      INFO  main            d.u.i.k.p.i.AbstractProblemLoader Creating init config 
13678      DEBUG main            d.u.i.k.j.r.ClassPreparationMethodBuilder clPrepBuilder: Inner Class detected. Reject building class initialisation methods. 
16233      DEBUG main            d.u.i.k.p.i.AbstractProblemLoader Init config took 3.88s 
16351      INFO  main            d.u.i.k.p.i.AbstractProblemLoader Replaying proof object.AmtoftBanerjee[object.AmtoftBanerjee::m_2()].Non-interference contract.0 
16355      DEBUG main            d.u.i.k.p.i.IntermediateProofReplayer Proof replay took 53.6ns 
16356      DEBUG main            d.u.i.k.m.s.ProofScriptEngine 1: 'macro 'infflow-autopilot'' 
17116      DEBUG main            d.u.i.k.p.m.ProofCorrectnessMgt No justification found for rule Class_invariant_axiom_for_object_AmtoftBanerjee 
17118      DEBUG main            d.u.i.k.p.m.ProofCorrectnessMgt No justification found for rule Class_invariant_axiom_for_object_AmtoftBanerjee 
17266      DEBUG main            d.u.i.k.p.m.ProofCorrectnessMgt No justification found for rule Class_invariant_axiom_for_object_AmtoftBanerjee 
17994      INFO  main            d.u.i.k.p.r.p.TestFile    ... finished proof: closed. 
18213      INFO  main            d.u.i.k.p.r.p.TestFile    Now processing file /home/runner/work/key/key/key.core/../key.ui/examples/InformationFlow/NewObjects/object.AmtoftBanerjee(object.AmtoftBanerjee__m_1()).Non-interference contract.1.m.key 
18213      INFO  main            d.u.i.k.p.i.AbstractProblemLoader Loading environment from /home/runner/work/key/key/key.core/../key.ui/examples/InformationFlow/NewObjects/object.AmtoftBanerjee(object.AmtoftBanerjee__m_1()).Non-interference contract.1.m.key 
18213      DEBUG main            d.u.i.k.p.i.AbstractProblemLoader Environment load took 102.4ns 
18216      INFO  main            d.u.i.k.p.i.AbstractProblemLoader Creating init config 
19356      DEBUG main            d.u.i.k.j.r.ClassPreparationMethodBuilder clPrepBuilder: Inner Class detected. Reject building class initialisation methods. 
21828      DEBUG main            d.u.i.k.p.i.AbstractProblemLoader Init config took 3.61s 
21897      INFO  main            d.u.i.k.p.i.AbstractProblemLoader Replaying proof object.AmtoftBanerjee[object.AmtoftBanerjee::m_1()].Non-interference contract.1 
21900      DEBUG main            d.u.i.k.p.i.IntermediateProofReplayer Proof replay took 13.2ns 
21901      DEBUG main            d.u.i.k.m.s.ProofScriptEngine 1: 'macro 'infflow-autopilot'' 
22188      DEBUG main            d.u.i.k.p.m.ProofCorrectnessMgt No justification found for rule Class_invariant_axiom_for_object_AmtoftBanerjee 
22190      DEBUG main            d.u.i.k.p.m.ProofCorrectnessMgt No justification found for rule Class_invariant_axiom_for_object_AmtoftBanerjee 
22232      DEBUG main            d.u.i.k.p.m.ProofCorrectnessMgt No justification found for rule Class_invariant_axiom_for_object_AmtoftBanerjee 
22611      INFO  main            d.u.i.k.p.r.p.TestFile    ... finished proof: open goal(s) 
22812      INFO  main            d.u.i.k.p.r.p.TestFile    Now processing file /home/runner/work/key/key/key.core/../key.ui/examples/InformationFlow/NewObjects/object.AmtoftBanerjee(object.AmtoftBanerjee__m_1()).Non-interference contract.0.m.key 
22812      INFO  main            d.u.i.k.p.i.AbstractProblemLoader Loading environment from /home/runner/work/key/key/key.core/../key.ui/examples/InformationFlow/NewObjects/object.AmtoftBanerjee(object.AmtoftBanerjee__m_1()).Non-interference contract.0.m.key 
22812      DEBUG main            d.u.i.k.p.i.AbstractProblemLoader Environment load took 88.8ns 
22813      INFO  main            d.u.i.k.p.i.AbstractProblemLoader Creating init config 
23874      DEBUG main            d.u.i.k.j.r.ClassPreparationMethodBuilder clPrepBuilder: Inner Class detected. Reject building class initialisation methods. 
26225      DEBUG main            d.u.i.k.p.i.AbstractProblemLoader Init config took 3.41s 
26287      INFO  main            d.u.i.k.p.i.AbstractProblemLoader Replaying proof object.AmtoftBanerjee[object.AmtoftBanerjee::m_1()].Non-interference contract.0 
26290      DEBUG main            d.u.i.k.p.i.IntermediateProofReplayer Proof replay took 14.5ns 
26291      DEBUG main            d.u.i.k.m.s.ProofScriptEngine 1: 'macro 'infflow-autopilot'' 
26559      DEBUG main            d.u.i.k.p.m.ProofCorrectnessMgt No justification found for rule Class_invariant_axiom_for_object_AmtoftBanerjee 
26560      DEBUG main            d.u.i.k.p.m.ProofCorrectnessMgt No justification found for rule Class_invariant_axiom_for_object_AmtoftBanerjee 
26601      DEBUG main            d.u.i.k.p.m.ProofCorrectnessMgt No justification found for rule Class_invariant_axiom_for_object_AmtoftBanerjee 
26876      INFO  main            d.u.i.k.p.r.p.TestFile    ... finished proof: closed. 
27076      INFO  main            d.u.i.k.p.r.p.TestFile    Now processing file /home/runner/work/key/key/key.core/../key.ui/examples/InformationFlow/NewObjects/object.AmtoftBanerjee(object.AmtoftBanerjee__getQ()).Non-interference contract.0.m.key 
27076      INFO  main            d.u.i.k.p.i.AbstractProblemLoader Loading environment from /home/runner/work/key/key/key.core/../key.ui/examples/InformationFlow/NewObjects/object.AmtoftBanerjee(object.AmtoftBanerjee__getQ()).Non-interference contract.0.m.key 
27076      DEBUG main            d.u.i.k.p.i.AbstractProblemLoader Environment load took 91ns 
27077      INFO  main            d.u.i.k.p.i.AbstractProblemLoader Creating init config 
28142      DEBUG main            d.u.i.k.j.r.ClassPreparationMethodBuilder clPrepBuilder: Inner Class detected. Reject building class initialisation methods. 
30357      DEBUG main            d.u.i.k.p.i.AbstractProblemLoader Init config took 3.28s 
30443      INFO  main            d.u.i.k.p.i.AbstractProblemLoader Replaying proof object.AmtoftBanerjee[object.AmtoftBanerjee::getQ()].Non-interference contract.0 
30446      DEBUG main            d.u.i.k.p.i.IntermediateProofReplayer Proof replay took 34.2ns 
30447      DEBUG main            d.u.i.k.m.s.ProofScriptEngine 1: 'macro 'infflow-autopilot'' 
30499      DEBUG main            d.u.i.k.p.m.ProofCorrectnessMgt No justification found for rule Class_invariant_axiom_for_object_AmtoftBanerjee 
30602      INFO  main            d.u.i.k.p.r.p.TestFile    ... finished proof: closed. 
30786      INFO  main            d.u.i.k.p.r.p.TestFile    Now processing file /home/runner/work/key/key/key.core/../key.ui/examples/InformationFlow/NewObjects/object.Naumann(object.Naumann__Pair_m(int,int)).Non-interference contract.0.m.key 
30786      INFO  main            d.u.i.k.p.i.AbstractProblemLoader Loading environment from /home/runner/work/key/key/key.core/../key.ui/examples/InformationFlow/NewObjects/object.Naumann(object.Naumann__Pair_m(int,int)).Non-interference contract.0.m.key 
30786      DEBUG main            d.u.i.k.p.i.AbstractProblemLoader Environment load took 90.5ns 
30787      INFO  main            d.u.i.k.p.i.AbstractProblemLoader Creating init config 
31851      DEBUG main            d.u.i.k.j.r.ClassPreparationMethodBuilder clPrepBuilder: Inner Class detected. Reject building class initialisation methods. 
34174      DEBUG main            d.u.i.k.p.i.AbstractProblemLoader Init config took 3.39s 
34235      INFO  main            d.u.i.k.p.i.AbstractProblemLoader Replaying proof object.Naumann[object.Naumann::Pair_m(int,int)].Non-interference contract.0 
34238      DEBUG main            d.u.i.k.p.i.IntermediateProofReplayer Proof replay took 15.3ns 
34238      DEBUG main            d.u.i.k.m.s.ProofScriptEngine 1: 'macro 'infflow-autopilot'' 
50735      INFO  main            d.u.i.k.p.r.p.TestFile    ... finished proof: closed. 
51028      INFO  main            d.u.i.k.p.r.p.TestFile    Now processing file /home/runner/work/key/key/key.core/../key.ui/examples/InformationFlow/NewObjects/object.ObjectOrientation(object.ObjectOrientation__secure_while_i((Ljava.lang.Object)).Non-interference contract.0.m.key 
51028      INFO  main            d.u.i.k.p.i.AbstractProblemLoader Loading environment from /home/runner/work/key/key/key.core/../key.ui/examples/InformationFlow/NewObjects/object.ObjectOrientation(object.ObjectOrientation__secure_while_i((Ljava.lang.Object)).Non-interference contract.0.m.key 
51028      DEBUG main            d.u.i.k.p.i.AbstractProblemLoader Environment load took 105.5ns 
51029      INFO  main            d.u.i.k.p.i.AbstractProblemLoader Creating init config 
52097      DEBUG main            d.u.i.k.j.r.ClassPreparationMethodBuilder clPrepBuilder: Inner Class detected. Reject building class initialisation methods. 
54297      DEBUG main            d.u.i.k.p.i.AbstractProblemLoader Init config took 3.27s 
54355      INFO  main            d.u.i.k.p.i.AbstractProblemLoader Replaying proof object.ObjectOrientation[object.ObjectOrientation::secure_while_i([Ljava.lang.Object)].Non-interference contract.0 
54358      DEBUG main            d.u.i.k.p.i.IntermediateProofReplayer Proof replay took 15.8ns 
54359      DEBUG main            d.u.i.k.m.s.ProofScriptEngine 1: 'macro 'infflow-autopilot'' 
54419      DEBUG main            d.u.i.k.p.m.ProofCorrectnessMgt No justification found for rule Class_invariant_axiom_for_object_ObjectOrientation 
62870      INFO  main            d.u.i.k.p.r.p.TestFile    ... finished proof: closed. 
63205      INFO  main            d.u.i.k.p.r.p.TestFile    Now processing file /home/runner/work/key/key/key.core/../key.ui/examples/InformationFlow/NewObjects/object.ObjectOrientation(object.ObjectOrientation__secure_method_call()).Non-interference contract.0.m.key 
63205      INFO  main            d.u.i.k.p.i.AbstractProblemLoader Loading environment from /home/runner/work/key/key/key.core/../key.ui/examples/InformationFlow/NewObjects/object.ObjectOrientation(object.ObjectOrientation__secure_method_call()).Non-interference contract.0.m.key 
63205      DEBUG main            d.u.i.k.p.i.AbstractProblemLoader Environment load took 79.1ns 
63206      INFO  main            d.u.i.k.p.i.AbstractProblemLoader Creating init config 
64248      DEBUG main            d.u.i.k.j.r.ClassPreparationMethodBuilder clPrepBuilder: Inner Class detected. Reject building class initialisation methods. 
66535      DEBUG main            d.u.i.k.p.i.AbstractProblemLoader Init config took 3.33s 
66592      INFO  main            d.u.i.k.p.i.AbstractProblemLoader Replaying proof object.ObjectOrientation[object.ObjectOrientation::secure_method_call()].Non-interference contract.0 
66595      DEBUG main            d.u.i.k.p.i.IntermediateProofReplayer Proof replay took 14.9ns 
66595      DEBUG main            d.u.i.k.m.s.ProofScriptEngine 1: 'macro 'infflow-autopilot'' 
66639      DEBUG main            d.u.i.k.p.m.ProofCorrectnessMgt No justification found for rule Class_invariant_axiom_for_object_ObjectOrientation 
66688      DEBUG main            d.u.i.k.p.m.ProofCorrectnessMgt No justification found for rule Class_invariant_axiom_for_object_ObjectOrientation 
66722      DEBUG main            d.u.i.k.p.m.ProofCorrectnessMgt No justification found for rule Class_invariant_axiom_for_object_ObjectOrientation 
66784      DEBUG main            d.u.i.k.p.m.ProofCorrectnessMgt No justification found for rule Class_invariant_axiom_for_object_ObjectOrientation 
67251      INFO  main            d.u.i.k.p.r.p.TestFile    ... finished proof: closed. 
67455      INFO  main            d.u.i.k.p.r.p.TestFile    Now processing file /home/runner/work/key/key/key.core/../key.ui/examples/InformationFlow/NewObjects/object.ObjectOrientation(object.ObjectOrientation__if_two_object_creation_next()).Non-interference contract.1.m.key 
67456      INFO  main            d.u.i.k.p.i.AbstractProblemLoader Loading environment from /home/runner/work/key/key/key.core/../key.ui/examples/InformationFlow/NewObjects/object.ObjectOrientation(object.ObjectOrientation__if_two_object_creation_next()).Non-interference contract.1.m.key 
67456      DEBUG main            d.u.i.k.p.i.AbstractProblemLoader Environment load took 94.2ns 
67457      INFO  main            d.u.i.k.p.i.AbstractProblemLoader Creating init config 
68545      DEBUG main            d.u.i.k.j.r.ClassPreparationMethodBuilder clPrepBuilder: Inner Class detected. Reject building class initialisation methods. 
70821      DEBUG main            d.u.i.k.p.i.AbstractProblemLoader Init config took 3.36s 
70873      INFO  main            d.u.i.k.p.i.AbstractProblemLoader Replaying proof object.ObjectOrientation[object.ObjectOrientation::if_two_object_creation_next()].Non-interference contract.1 
70876      DEBUG main            d.u.i.k.p.i.IntermediateProofReplayer Proof replay took 16.8ns 
70877      DEBUG main            d.u.i.k.m.s.ProofScriptEngine 1: 'macro 'infflow-autopilot'' 
70916      DEBUG main            d.u.i.k.p.m.ProofCorrectnessMgt No justification found for rule Class_invariant_axiom_for_object_ObjectOrientation 
111364     INFO  main            d.u.i.k.p.r.p.TestFile    ... finished proof: open goal(s) 
111682     INFO  main            d.u.i.k.p.r.p.TestFile    Now processing file /home/runner/work/key/key/key.core/../key.ui/examples/InformationFlow/NewObjects/object.ObjectOrientation(object.ObjectOrientation__if_two_object_creation_next()).Non-interference contract.0.m.key 
111682     INFO  main            d.u.i.k.p.i.AbstractProblemLoader Loading environment from /home/runner/work/key/key/key.core/../key.ui/examples/InformationFlow/NewObjects/object.ObjectOrientation(object.ObjectOrientation__if_two_object_creation_next()).Non-interference contract.0.m.key 
111682     DEBUG main            d.u.i.k.p.i.AbstractProblemLoader Environment load took 86.7ns 
111683     INFO  main            d.u.i.k.p.i.AbstractProblemLoader Creating init config 
112707     DEBUG main            d.u.i.k.j.r.ClassPreparationMethodBuilder clPrepBuilder: Inner Class detected. Reject building class initialisation methods. 
114967     DEBUG main            d.u.i.k.p.i.AbstractProblemLoader Init config took 3.28s 
115015     INFO  main            d.u.i.k.p.i.AbstractProblemLoader Replaying proof object.ObjectOrientation[object.ObjectOrientation::if_two_object_creation_next()].Non-interference contract.0 
115018     DEBUG main            d.u.i.k.p.i.IntermediateProofReplayer Proof replay took 14.6ns 
115018     DEBUG main            d.u.i.k.m.s.ProofScriptEngine 1: 'macro 'infflow-autopilot'' 
115056     DEBUG main            d.u.i.k.p.m.ProofCorrectnessMgt No justification found for rule Class_invariant_axiom_for_object_ObjectOrientation 
131679     INFO  main            d.u.i.k.p.r.p.TestFile    ... finished proof: closed. 
132079     INFO  main            d.u.i.k.p.r.p.TestFile    Now processing file /home/runner/work/key/key/key.core/../key.ui/examples/InformationFlow/NewObjects/object.ObjectOrientation(object.ObjectOrientation__secure_if_two_object_creation()).Non-interference contract.0.m.key 
132080     INFO  main            d.u.i.k.p.i.AbstractProblemLoader Loading environment from /home/runner/work/key/key/key.core/../key.ui/examples/InformationFlow/NewObjects/object.ObjectOrientation(object.ObjectOrientation__secure_if_two_object_creation()).Non-interference contract.0.m.key 
132080     DEBUG main            d.u.i.k.p.i.AbstractProblemLoader Environment load took 100.1ns 
132081     INFO  main            d.u.i.k.p.i.AbstractProblemLoader Creating init config 
133098     DEBUG main            d.u.i.k.j.r.ClassPreparationMethodBuilder clPrepBuilder: Inner Class detected. Reject building class initialisation methods. 
135430     DEBUG main            d.u.i.k.p.i.AbstractProblemLoader Init config took 3.35s 
135492     INFO  main            d.u.i.k.p.i.AbstractProblemLoader Replaying proof object.ObjectOrientation[object.ObjectOrientation::secure_if_two_object_creation()].Non-interference contract.0 
135496     DEBUG main            d.u.i.k.p.i.IntermediateProofReplayer Proof replay took 15.7ns 
135497     DEBUG main            d.u.i.k.m.s.ProofScriptEngine 1: 'macro 'infflow-autopilot'' 
135543     DEBUG main            d.u.i.k.p.m.ProofCorrectnessMgt No justification found for rule Class_invariant_axiom_for_object_ObjectOrientation 
151718     INFO  main            d.u.i.k.p.r.p.TestFile    ... finished proof: closed. 
152032     INFO  main            d.u.i.k.p.r.p.TestFile    Now processing file /home/runner/work/key/key/key.core/../key.ui/examples/InformationFlow/NewObjects/object.ObjectOrientation(object.ObjectOrientation__insecure_two_object_creation()).Non-interference contract.0.m.key 
152033     INFO  main            d.u.i.k.p.i.AbstractProblemLoader Loading environment from /home/runner/work/key/key/key.core/../key.ui/examples/InformationFlow/NewObjects/object.ObjectOrientation(object.ObjectOrientation__insecure_two_object_creation()).Non-interference contract.0.m.key 
152033     DEBUG main            d.u.i.k.p.i.AbstractProblemLoader Environment load took 99.7ns 
152035     INFO  main            d.u.i.k.p.i.AbstractProblemLoader Creating init config 
153011     DEBUG main            d.u.i.k.j.r.ClassPreparationMethodBuilder clPrepBuilder: Inner Class detected. Reject building class initialisation methods. 
155225     DEBUG main            d.u.i.k.p.i.AbstractProblemLoader Init config took 3.19s 
155286     INFO  main            d.u.i.k.p.i.AbstractProblemLoader Replaying proof object.ObjectOrientation[object.ObjectOrientation::insecure_two_object_creation()].Non-interference contract.0 
155290     DEBUG main            d.u.i.k.p.i.IntermediateProofReplayer Proof replay took 14.3ns 
155291     DEBUG main            d.u.i.k.m.s.ProofScriptEngine 1: 'macro 'infflow-autopilot'' 
155330     DEBUG main            d.u.i.k.p.m.ProofCorrectnessMgt No justification found for rule Class_invariant_axiom_for_object_ObjectOrientation 
193838     INFO  main            d.u.i.k.p.r.p.TestFile    ... finished proof: open goal(s) 
194188     INFO  main            d.u.i.k.p.r.p.TestFile    Now processing file /home/runner/work/key/key/key.core/../key.ui/examples/InformationFlow/NewObjects/object.ObjectOrientation(object.ObjectOrientation__secure_two_object_creation()).Non-interference contract.0.m.key 
194188     INFO  main            d.u.i.k.p.i.AbstractProblemLoader Loading environment from /home/runner/work/key/key/key.core/../key.ui/examples/InformationFlow/NewObjects/object.ObjectOrientation(object.ObjectOrientation__secure_two_object_creation()).Non-interference contract.0.m.key 
194188     DEBUG main            d.u.i.k.p.i.AbstractProblemLoader Environment load took 78.6ns 
194189     INFO  main            d.u.i.k.p.i.AbstractProblemLoader Creating init config 
195183     DEBUG main            d.u.i.k.j.r.ClassPreparationMethodBuilder clPrepBuilder: Inner Class detected. Reject building class initialisation methods. 
197446     DEBUG main            d.u.i.k.p.i.AbstractProblemLoader Init config took 3.26s 
197498     INFO  main            d.u.i.k.p.i.AbstractProblemLoader Replaying proof object.ObjectOrientation[object.ObjectOrientation::secure_two_object_creation()].Non-interference contract.0 
197501     DEBUG main            d.u.i.k.p.i.IntermediateProofReplayer Proof replay took 15ns 
197501     DEBUG main            d.u.i.k.m.s.ProofScriptEngine 1: 'macro 'infflow-autopilot'' 
197540     DEBUG main            d.u.i.k.p.m.ProofCorrectnessMgt No justification found for rule Class_invariant_axiom_for_object_ObjectOrientation 
210755     INFO  main            d.u.i.k.p.r.p.TestFile    ... finished proof: closed. 
211133     INFO  main            d.u.i.k.p.r.p.TestFile    Now processing file /home/runner/work/key/key/key.core/../key.ui/examples/InformationFlow/NewObjects/object.ObjectOrientation(object.ObjectOrientation__insecure_object_assignment()).Non-interference contract.1.m.key 
211134     INFO  main            d.u.i.k.p.i.AbstractProblemLoader Loading environment from /home/runner/work/key/key/key.core/../key.ui/examples/InformationFlow/NewObjects/object.ObjectOrientation(object.ObjectOrientation__insecure_object_assignment()).Non-interference contract.1.m.key 
211134     DEBUG main            d.u.i.k.p.i.AbstractProblemLoader Environment load took 92.1ns 
211135     INFO  main            d.u.i.k.p.i.AbstractProblemLoader Creating init config 
212155     DEBUG main            d.u.i.k.j.r.ClassPreparationMethodBuilder clPrepBuilder: Inner Class detected. Reject building class initialisation methods. 
214335     DEBUG main            d.u.i.k.p.i.AbstractProblemLoader Init config took 3.2s 
214381     INFO  main            d.u.i.k.p.i.AbstractProblemLoader Replaying proof object.ObjectOrientation[object.ObjectOrientation::insecure_object_assignment()].Non-interference contract.1 
214383     DEBUG main            d.u.i.k.p.i.IntermediateProofReplayer Proof replay took 15.1ns 
214384     DEBUG main            d.u.i.k.m.s.ProofScriptEngine 1: 'macro 'infflow-autopilot'' 
214425     DEBUG main            d.u.i.k.p.m.ProofCorrectnessMgt No justification found for rule Class_invariant_axiom_for_object_ObjectOrientation 
226201     INFO  main            d.u.i.k.p.r.p.TestFile    ... finished proof: open goal(s) 
226481     INFO  main            d.u.i.k.p.r.p.TestFile    Now processing file /home/runner/work/key/key/key.core/../key.ui/examples/InformationFlow/NewObjects/object.ObjectOrientation(object.ObjectOrientation__insecure_object_assignment()).Non-interference contract.0.m.key 
226481     INFO  main            d.u.i.k.p.i.AbstractProblemLoader Loading environment from /home/runner/work/key/key/key.core/../key.ui/examples/InformationFlow/NewObjects/object.ObjectOrientation(object.ObjectOrientation__insecure_object_assignment()).Non-interference contract.0.m.key 
226481     DEBUG main            d.u.i.k.p.i.AbstractProblemLoader Environment load took 86.9ns 
226482     INFO  main            d.u.i.k.p.i.AbstractProblemLoader Creating init config 
227560     DEBUG main            d.u.i.k.j.r.ClassPreparationMethodBuilder clPrepBuilder: Inner Class detected. Reject building class initialisation methods. 
229756     DEBUG main            d.u.i.k.p.i.AbstractProblemLoader Init config took 3.27s 
229805     INFO  main            d.u.i.k.p.i.AbstractProblemLoader Replaying proof object.ObjectOrientation[object.ObjectOrientation::insecure_object_assignment()].Non-interference contract.0 
229808     DEBUG main            d.u.i.k.p.i.IntermediateProofReplayer Proof replay took 18.8ns 
229809     DEBUG main            d.u.i.k.m.s.ProofScriptEngine 1: 'macro 'infflow-autopilot'' 
229845     DEBUG main            d.u.i.k.p.m.ProofCorrectnessMgt No justification found for rule Class_invariant_axiom_for_object_ObjectOrientation 
230105     INFO  main            d.u.i.k.p.r.p.TestFile    ... finished proof: open goal(s) 
230377     INFO  main            d.u.i.k.p.r.p.TestFile    Now processing file /home/runner/work/key/key/key.core/../key.ui/examples/InformationFlow/NewObjects/object.ObjectOrientation(object.ObjectOrientation__secure_object_creation_3()).Non-interference contract.0.m.key 
230379     INFO  main            d.u.i.k.p.i.AbstractProblemLoader Loading environment from /home/runner/work/key/key/key.core/../key.ui/examples/InformationFlow/NewObjects/object.ObjectOrientation(object.ObjectOrientation__secure_object_creation_3()).Non-interference contract.0.m.key 
230379     DEBUG main            d.u.i.k.p.i.AbstractProblemLoader Environment load took 225.9ns 
230380     INFO  main            d.u.i.k.p.i.AbstractProblemLoader Creating init config 
231390     DEBUG main            d.u.i.k.j.r.ClassPreparationMethodBuilder clPrepBuilder: Inner Class detected. Reject building class initialisation methods. 
233669     DEBUG main            d.u.i.k.p.i.AbstractProblemLoader Init config took 3.29s 
233723     INFO  main            d.u.i.k.p.i.AbstractProblemLoader Replaying proof object.ObjectOrientation[object.ObjectOrientation::secure_object_creation_3()].Non-interference contract.0 
233726     DEBUG main            d.u.i.k.p.i.IntermediateProofReplayer Proof replay took 16.8ns 
233727     DEBUG main            d.u.i.k.m.s.ProofScriptEngine 1: 'macro 'infflow-autopilot'' 
233763     DEBUG main            d.u.i.k.p.m.ProofCorrectnessMgt No justification found for rule Class_invariant_axiom_for_object_ObjectOrientation 
234270     INFO  main            d.u.i.k.p.r.p.TestFile    ... finished proof: closed. 
234528     INFO  main            d.u.i.k.p.r.p.TestFile    Now processing file /home/runner/work/key/key/key.core/../key.ui/examples/InformationFlow/NewObjects/object.ObjectOrientation(object.ObjectOrientation__secure_object_creation_2()).Non-interference contract.0.m.key 
234528     INFO  main            d.u.i.k.p.i.AbstractProblemLoader Loading environment from /home/runner/work/key/key/key.core/../key.ui/examples/InformationFlow/NewObjects/object.ObjectOrientation(object.ObjectOrientation__secure_object_creation_2()).Non-interference contract.0.m.key 
234528     DEBUG main            d.u.i.k.p.i.AbstractProblemLoader Environment load took 150.1ns 
234529     INFO  main            d.u.i.k.p.i.AbstractProblemLoader Creating init config 
235536     DEBUG main            d.u.i.k.j.r.ClassPreparationMethodBuilder clPrepBuilder: Inner Class detected. Reject building class initialisation methods. 
237839     DEBUG main            d.u.i.k.p.i.AbstractProblemLoader Init config took 3.31s 
237893     INFO  main            d.u.i.k.p.i.AbstractProblemLoader Replaying proof object.ObjectOrientation[object.ObjectOrientation::secure_object_creation_2()].Non-interference contract.0 
237895     DEBUG main            d.u.i.k.p.i.IntermediateProofReplayer Proof replay took 27.3ns 
237896     DEBUG main            d.u.i.k.m.s.ProofScriptEngine 1: 'macro 'infflow-autopilot'' 
237936     DEBUG main            d.u.i.k.p.m.ProofCorrectnessMgt No justification found for rule Class_invariant_axiom_for_object_ObjectOrientation 
238304     INFO  main            d.u.i.k.p.r.p.TestFile    ... finished proof: closed. 
238564     INFO  main            d.u.i.k.p.r.p.TestFile    Now processing file /home/runner/work/key/key/key.core/../key.ui/examples/InformationFlow/NewObjects/object.ObjectOrientation(object.ObjectOrientation__secure_object_creation()).Non-interference contract.0.m.key 
238565     INFO  main            d.u.i.k.p.i.AbstractProblemLoader Loading environment from /home/runner/work/key/key/key.core/../key.ui/examples/InformationFlow/NewObjects/object.ObjectOrientation(object.ObjectOrientation__secure_object_creation()).Non-interference contract.0.m.key 
238565     DEBUG main            d.u.i.k.p.i.AbstractProblemLoader Environment load took 93.7ns 
238567     INFO  main            d.u.i.k.p.i.AbstractProblemLoader Creating init config 
239542     DEBUG main            d.u.i.k.j.r.ClassPreparationMethodBuilder clPrepBuilder: Inner Class detected. Reject building class initialisation methods. 
241787     DEBUG main            d.u.i.k.p.i.AbstractProblemLoader Init config took 3.22s 
241848     INFO  main            d.u.i.k.p.i.AbstractProblemLoader Replaying proof object.ObjectOrientation[object.ObjectOrientation::secure_object_creation()].Non-interference contract.0 
241851     DEBUG main            d.u.i.k.p.i.IntermediateProofReplayer Proof replay took 16.1ns 
241851     DEBUG main            d.u.i.k.m.s.ProofScriptEngine 1: 'macro 'infflow-autopilot'' 
241890     DEBUG main            d.u.i.k.p.m.ProofCorrectnessMgt No justification found for rule Class_invariant_axiom_for_object_ObjectOrientation 
242350     INFO  main            d.u.i.k.p.r.p.TestFile    ... finished proof: closed. 
242608     INFO  main            d.u.i.k.p.r.p.TestFile    Now processing file /home/runner/work/key/key/key.core/../key.ui/examples/InformationFlow/NewObjects/object.AmtoftBanerjee2(object.AmtoftBanerjee2__expensive(int)).Non-interference contract.0.m.key 
242608     INFO  main            d.u.i.k.p.i.AbstractProblemLoader Loading environment from /home/runner/work/key/key/key.core/../key.ui/examples/InformationFlow/NewObjects/object.AmtoftBanerjee2(object.AmtoftBanerjee2__expensive(int)).Non-interference contract.0.m.key 
242608     DEBUG main            d.u.i.k.p.i.AbstractProblemLoader Environment load took 151ns 
242609     INFO  main            d.u.i.k.p.i.AbstractProblemLoader Creating init config 
243667     DEBUG main            d.u.i.k.j.r.ClassPreparationMethodBuilder clPrepBuilder: Inner Class detected. Reject building class initialisation methods. 
245930     DEBUG main            d.u.i.k.p.i.AbstractProblemLoader Init config took 3.32s 
245979     INFO  main            d.u.i.k.p.i.AbstractProblemLoader Replaying proof object.AmtoftBanerjee2[object.AmtoftBanerjee2::expensive(int)].Non-interference contract.0 
245982     DEBUG main            d.u.i.k.p.i.IntermediateProofReplayer Proof replay took 16.2ns 
245983     DEBUG main            d.u.i.k.m.s.ProofScriptEngine 1: 'macro 'infflow-autopilot'' 
246104     INFO  main            d.u.i.k.p.r.p.TestFile    ... finished proof: closed. 
246331     INFO  main            d.u.i.k.p.r.p.TestFile    Now processing file /home/runner/work/key/key/key.core/../key.ui/examples/InformationFlow/NewObjects/object.AmtoftBanerjee2(object.AmtoftBanerjee2__cexp(int)).Non-interference contract.0.m.key 
246332     INFO  main            d.u.i.k.p.i.AbstractProblemLoader Loading environment from /home/runner/work/key/key/key.core/../key.ui/examples/InformationFlow/NewObjects/object.AmtoftBanerjee2(object.AmtoftBanerjee2__cexp(int)).Non-interference contract.0.m.key 
246332     DEBUG main            d.u.i.k.p.i.AbstractProblemLoader Environment load took 81.6ns 
246333     INFO  main            d.u.i.k.p.i.AbstractProblemLoader Creating init config 
247354     DEBUG main            d.u.i.k.j.r.ClassPreparationMethodBuilder clPrepBuilder: Inner Class detected. Reject building class initialisation methods. 
249564     DEBUG main            d.u.i.k.p.i.AbstractProblemLoader Init config took 3.23s 
249633     INFO  main            d.u.i.k.p.i.AbstractProblemLoader Replaying proof object.AmtoftBanerjee2[object.AmtoftBanerjee2::cexp(int)].Non-interference contract.0 
249636     DEBUG main            d.u.i.k.p.i.IntermediateProofReplayer Proof replay took 16.6ns 
249636     DEBUG main            d.u.i.k.m.s.ProofScriptEngine 1: 'macro 'infflow-autopilot'' 
249678     DEBUG main            d.u.i.k.p.m.ProofCorrectnessMgt No justification found for rule Class_invariant_axiom_for_object_AmtoftBanerjee2 
251687     INFO  main            d.u.i.k.p.r.p.TestFile    ... finished proof: closed. 
3371524    INFO  Test worker     d.u.i.k.p.r.RunAllProofsTestUnit Returning from test NewObjects_fullmacro 
3371525    INFO  Test worker     d.u.i.k.p.r.RunAllProofsTestUnit Running test SimpleEvoting_fullmacro 
437        INFO  Timeout watchdog d.u.i.k.p.r.p.ForkedTestFileRunner Timeout watcher launched (1000 secs.) 
467        WARN  main            d.u.i.k.s.ProofSettings   The settings in /home/runner/.key/proof-settings.props are *not* read. 
514        INFO  main            d.u.i.k.p.r.p.TestFile    Now processing file /home/runner/work/key/key/key.core/../key.ui/examples/InformationFlow/SimpleEvoting/simple_evoting.Environment(simple_evoting.Environment__untrustedOutputMessage((B)).Non-interference contract.0.m.key 
665        INFO  main            d.u.i.k.p.i.AbstractProblemLoader Loading environment from /home/runner/work/key/key/key.core/../key.ui/examples/InformationFlow/SimpleEvoting/simple_evoting.Environment(simple_evoting.Environment__untrustedOutputMessage((B)).Non-interference contract.0.m.key 
694        DEBUG main            d.u.i.k.p.i.AbstractProblemLoader Environment load took 2.29ms 
1033       INFO  main            d.u.i.k.p.i.AbstractProblemLoader Creating init config 
2152       DEBUG main            d.u.i.k.j.TypeConverter   No LDT found for Meta 
2153       DEBUG main            d.u.i.k.j.TypeConverter   No LDT found for Meta 
2154       DEBUG main            d.u.i.k.j.TypeConverter   No LDT found for Meta 
2155       DEBUG main            d.u.i.k.j.TypeConverter   No LDT found for Meta 
4065       DEBUG main            d.u.i.k.j.TypeConverter   No LDT found for JavaBigintExpression 
11504      DEBUG main            d.u.i.k.p.i.AbstractProblemLoader Init config took 10.47s 
11789      INFO  main            d.u.i.k.p.i.AbstractProblemLoader Replaying proof simple_evoting.Environment[simple_evoting.Environment::untrustedOutputMessage([B)].Non-interference contract.0 
11880      DEBUG main            d.u.i.k.p.i.IntermediateProofReplayer Proof replay took 517.9ns 
11972      DEBUG main            d.u.i.k.m.s.ProofScriptEngine 1: 'macro 'infflow-autopilot'' 
12690      DEBUG main            d.u.i.k.p.m.ProofCorrectnessMgt No justification found for rule JML_represents_clause_for_simple_evoting_Environment_rep 
12917      DEBUG main            d.u.i.k.p.m.ProofCorrectnessMgt No justification found for rule JML_represents_clause_for_simple_evoting_Environment_rep 
14095      DEBUG main            d.u.i.k.p.m.ProofCorrectnessMgt No justification found for rule JML_represents_clause_for_simple_evoting_Environment_rep 
14877      DEBUG main            d.u.i.k.p.m.ProofCorrectnessMgt No justification found for rule JML_represents_clause_for_simple_evoting_Environment_rep 
16671      DEBUG main            d.u.i.k.p.m.ProofCorrectnessMgt No justification found for rule JML_represents_clause_for_simple_evoting_Environment_rep 
19677      INFO  main            d.u.i.k.p.r.p.TestFile    ... finished proof: closed. 
19862      INFO  main            d.u.i.k.p.r.p.TestFile    Now processing file /home/runner/work/key/key/key.core/../key.ui/examples/InformationFlow/SimpleEvoting/simple_evoting.Environment(simple_evoting.Environment__untrustedInputMessage()).Non-interference contract.0.m.key 
19863      INFO  main            d.u.i.k.p.i.AbstractProblemLoader Loading environment from /home/runner/work/key/key/key.core/../key.ui/examples/InformationFlow/SimpleEvoting/simple_evoting.Environment(simple_evoting.Environment__untrustedInputMessage()).Non-interference contract.0.m.key 
19863      DEBUG main            d.u.i.k.p.i.AbstractProblemLoader Environment load took 293.1ns 
19868      INFO  main            d.u.i.k.p.i.AbstractProblemLoader Creating init config 
24334      DEBUG main            d.u.i.k.p.i.AbstractProblemLoader Init config took 4.47s 
24423      INFO  main            d.u.i.k.p.i.AbstractProblemLoader Replaying proof simple_evoting.Environment[simple_evoting.Environment::untrustedInputMessage()].Non-interference contract.0 
24427      DEBUG main            d.u.i.k.p.i.IntermediateProofReplayer Proof replay took 15.2ns 
24428      DEBUG main            d.u.i.k.m.s.ProofScriptEngine 1: 'macro 'infflow-autopilot'' 
24521      DEBUG main            d.u.i.k.p.m.ProofCorrectnessMgt No justification found for rule JML_represents_clause_for_simple_evoting_Environment_rep 
24824      DEBUG main            d.u.i.k.p.m.ProofCorrectnessMgt No justification found for rule JML_represents_clause_for_simple_evoting_Environment_rep 
28082      INFO  main            d.u.i.k.p.r.p.TestFile    ... finished proof: closed. 
28296      INFO  main            d.u.i.k.p.r.p.TestFile    Now processing file /home/runner/work/key/key/key.core/../key.ui/examples/InformationFlow/SimpleEvoting/simple_evoting.Environment(simple_evoting.Environment__untrustedOutput(int)).Non-interference contract.0.m.key 
28296      INFO  main            d.u.i.k.p.i.AbstractProblemLoader Loading environment from /home/runner/work/key/key/key.core/../key.ui/examples/InformationFlow/SimpleEvoting/simple_evoting.Environment(simple_evoting.Environment__untrustedOutput(int)).Non-interference contract.0.m.key 
28296      DEBUG main            d.u.i.k.p.i.AbstractProblemLoader Environment load took 90.1ns 
28299      INFO  main            d.u.i.k.p.i.AbstractProblemLoader Creating init config 
32661      DEBUG main            d.u.i.k.p.i.AbstractProblemLoader Init config took 4.36s 
32770      INFO  main            d.u.i.k.p.i.AbstractProblemLoader Replaying proof simple_evoting.Environment[simple_evoting.Environment::untrustedOutput(int)].Non-interference contract.0 
32773      DEBUG main            d.u.i.k.p.i.IntermediateProofReplayer Proof replay took 14.7ns 
32774      DEBUG main            d.u.i.k.m.s.ProofScriptEngine 1: 'macro 'infflow-autopilot'' 
32886      INFO  main            d.u.i.k.p.r.p.TestFile    ... finished proof: closed. 
33112      INFO  main            d.u.i.k.p.r.p.TestFile    Now processing file /home/runner/work/key/key/key.core/../key.ui/examples/InformationFlow/SimpleEvoting/simple_evoting.Environment(simple_evoting.Environment__untrustedInput(int)).Non-interference contract.0.m.key 
33112      INFO  main            d.u.i.k.p.i.AbstractProblemLoader Loading environment from /home/runner/work/key/key/key.core/../key.ui/examples/InformationFlow/SimpleEvoting/simple_evoting.Environment(simple_evoting.Environment__untrustedInput(int)).Non-interference contract.0.m.key 
33113      DEBUG main            d.u.i.k.p.i.AbstractProblemLoader Environment load took 112.1ns 
33116      INFO  main            d.u.i.k.p.i.AbstractProblemLoader Creating init config 
37293      DEBUG main            d.u.i.k.p.i.AbstractProblemLoader Init config took 4.18s 
37374      INFO  main            d.u.i.k.p.i.AbstractProblemLoader Replaying proof simple_evoting.Environment[simple_evoting.Environment::untrustedInput(int)].Non-interference contract.0 
37378      DEBUG main            d.u.i.k.p.i.IntermediateProofReplayer Proof replay took 16.1ns 
37379      DEBUG main            d.u.i.k.m.s.ProofScriptEngine 1: 'macro 'infflow-autopilot'' 
37527      INFO  main            d.u.i.k.p.r.p.TestFile    ... finished proof: open goal(s) 
37731      INFO  main            d.u.i.k.p.r.p.TestFile    Now processing file /home/runner/work/key/key/key.core/../key.ui/examples/InformationFlow/SimpleEvoting/simple_evoting.Environment(simple_evoting.Environment__untrustedInput()).Non-interference contract.0.m.key 
37731      INFO  main            d.u.i.k.p.i.AbstractProblemLoader Loading environment from /home/runner/work/key/key/key.core/../key.ui/examples/InformationFlow/SimpleEvoting/simple_evoting.Environment(simple_evoting.Environment__untrustedInput()).Non-interference contract.0.m.key 
37731      DEBUG main            d.u.i.k.p.i.AbstractProblemLoader Environment load took 117.3ns 
37733      INFO  main            d.u.i.k.p.i.AbstractProblemLoader Creating init config 
41992      DEBUG main            d.u.i.k.p.i.AbstractProblemLoader Init config took 4.26s 
42083      INFO  main            d.u.i.k.p.i.AbstractProblemLoader Replaying proof simple_evoting.Environment[simple_evoting.Environment::untrustedInput()].Non-interference contract.0 
42086      DEBUG main            d.u.i.k.p.i.IntermediateProofReplayer Proof replay took 16.7ns 
42087      DEBUG main            d.u.i.k.m.s.ProofScriptEngine 1: 'macro 'infflow-autopilot'' 
42210      INFO  main            d.u.i.k.p.r.p.TestFile    ... finished proof: open goal(s) 
42410      INFO  main            d.u.i.k.p.r.p.TestFile    Now processing file /home/runner/work/key/key/key.core/../key.ui/examples/InformationFlow/SimpleEvoting/simple_evoting.SMT(simple_evoting.SMT__send(simple_evoting.Message,int,simple_evoting.Server)).Non-interference contract.1.m.key 
42410      INFO  main            d.u.i.k.p.i.AbstractProblemLoader Loading environment from /home/runner/work/key/key/key.core/../key.ui/examples/InformationFlow/SimpleEvoting/simple_evoting.SMT(simple_evoting.SMT__send(simple_evoting.Message,int,simple_evoting.Server)).Non-interference contract.1.m.key 
42410      DEBUG main            d.u.i.k.p.i.AbstractProblemLoader Environment load took 149.9ns 
42412      INFO  main            d.u.i.k.p.i.AbstractProblemLoader Creating init config 
46510      DEBUG main            d.u.i.k.p.i.AbstractProblemLoader Init config took 4.1s 
46585      INFO  main            d.u.i.k.p.i.AbstractProblemLoader Replaying proof simple_evoting.SMT[simple_evoting.SMT::send(simple_evoting.Message,int,simple_evoting.Server)].Non-interference contract.1 
46587      DEBUG main            d.u.i.k.p.i.IntermediateProofReplayer Proof replay took 16ns 
46588      DEBUG main            d.u.i.k.m.s.ProofScriptEngine 1: 'macro 'infflow-autopilot'' 
46652      DEBUG main            d.u.i.k.p.m.ProofCorrectnessMgt No justification found for rule Class_invariant_axiom_for_simple_evoting_Server 
46662      DEBUG main            d.u.i.k.p.m.ProofCorrectnessMgt No justification found for rule Class_invariant_axiom_for_simple_evoting_Message 
46714      DEBUG main            d.u.i.k.p.m.ProofCorrectnessMgt No justification found for rule JML_represents_clause_for_simple_evoting_Environment_rep 
47130      DEBUG main            d.u.i.k.p.m.ProofCorrectnessMgt No justification found for rule Class_invariant_axiom_for_simple_evoting_Server 
47237      DEBUG main            d.u.i.k.p.m.ProofCorrectnessMgt No justification found for rule Class_invariant_axiom_for_simple_evoting_Message 
47282      DEBUG main            d.u.i.k.p.m.ProofCorrectnessMgt No justification found for rule Class_invariant_axiom_for_simple_evoting_Server 
47336      DEBUG main            d.u.i.k.p.m.ProofCorrectnessMgt No justification found for rule Class_invariant_axiom_for_simple_evoting_Message 
48745      DEBUG main            d.u.i.k.p.m.ProofCorrectnessMgt No justification found for rule Class_invariant_axiom_for_simple_evoting_Message 
48853      DEBUG main            d.u.i.k.p.m.ProofCorrectnessMgt No justification found for rule Class_invariant_axiom_for_simple_evoting_Server 
49006      DEBUG main            d.u.i.k.p.m.ProofCorrectnessMgt No justification found for rule Class_invariant_axiom_for_simple_evoting_Server 
49094      DEBUG main            d.u.i.k.p.m.ProofCorrectnessMgt No justification found for rule Class_invariant_axiom_for_simple_evoting_Server 
49158      DEBUG main            d.u.i.k.p.m.ProofCorrectnessMgt No justification found for rule Class_invariant_axiom_for_simple_evoting_Message 
49182      DEBUG main            d.u.i.k.p.m.ProofCorrectnessMgt No justification found for rule Class_invariant_axiom_for_simple_evoting_Server 
49239      DEBUG main            d.u.i.k.p.m.ProofCorrectnessMgt No justification found for rule Class_invariant_axiom_for_simple_evoting_Message 
49276      DEBUG main            d.u.i.k.p.m.ProofCorrectnessMgt No justification found for rule Class_invariant_axiom_for_simple_evoting_Server 
49359      DEBUG main            d.u.i.k.p.m.ProofCorrectnessMgt No justification found for rule Class_invariant_axiom_for_simple_evoting_Message 
49437      DEBUG main            d.u.i.k.p.m.ProofCorrectnessMgt No justification found for rule Class_invariant_axiom_for_simple_evoting_Server 
49495      DEBUG main            d.u.i.k.p.m.ProofCorrectnessMgt No justification found for rule Class_invariant_axiom_for_simple_evoting_Server 
49579      DEBUG main            d.u.i.k.p.m.ProofCorrectnessMgt No justification found for rule Class_invariant_axiom_for_simple_evoting_Server 
49662      DEBUG main            d.u.i.k.p.m.ProofCorrectnessMgt No justification found for rule Class_invariant_axiom_for_simple_evoting_Message 
49685      DEBUG main            d.u.i.k.p.m.ProofCorrectnessMgt No justification found for rule Class_invariant_axiom_for_simple_evoting_Message 
49716      DEBUG main            d.u.i.k.p.m.ProofCorrectnessMgt No justification found for rule Class_invariant_axiom_for_simple_evoting_Server 
49778      DEBUG main            d.u.i.k.p.m.ProofCorrectnessMgt No justification found for rule Class_invariant_axiom_for_simple_evoting_Message 
49805      DEBUG main            d.u.i.k.p.m.ProofCorrectnessMgt No justification found for rule Class_invariant_axiom_for_simple_evoting_Server 
49894      DEBUG main            d.u.i.k.p.m.ProofCorrectnessMgt No justification found for rule Class_invariant_axiom_for_simple_evoting_Message 
49919      DEBUG main            d.u.i.k.p.m.ProofCorrectnessMgt No justification found for rule Class_invariant_axiom_for_simple_evoting_Message 
49957      DEBUG main            d.u.i.k.p.m.ProofCorrectnessMgt No justification found for rule Class_invariant_axiom_for_simple_evoting_Server 
50325      DEBUG main            d.u.i.k.p.m.ProofCorrectnessMgt No justification found for rule Class_invariant_axiom_for_simple_evoting_Message 
50383      DEBUG main            d.u.i.k.p.m.ProofCorrectnessMgt No justification found for rule Class_invariant_axiom_for_simple_evoting_Server 
50565      DEBUG main            d.u.i.k.p.m.ProofCorrectnessMgt No justification found for rule Class_invariant_axiom_for_simple_evoting_Message 
50611      DEBUG main            d.u.i.k.p.m.ProofCorrectnessMgt No justification found for rule Class_invariant_axiom_for_simple_evoting_Message 
50649      DEBUG main            d.u.i.k.p.m.ProofCorrectnessMgt No justification found for rule Class_invariant_axiom_for_simple_evoting_Server 
50735      DEBUG main            d.u.i.k.p.m.ProofCorrectnessMgt No justification found for rule Class_invariant_axiom_for_simple_evoting_Server 
50849      DEBUG main            d.u.i.k.p.m.ProofCorrectnessMgt No justification found for rule Class_invariant_axiom_for_simple_evoting_Server 
50946      DEBUG main            d.u.i.k.p.m.ProofCorrectnessMgt No justification found for rule Class_invariant_axiom_for_simple_evoting_Server 
51037      DEBUG main            d.u.i.k.p.m.ProofCorrectnessMgt No justification found for rule Class_invariant_axiom_for_simple_evoting_Server 
51136      DEBUG main            d.u.i.k.p.m.ProofCorrectnessMgt No justification found for rule Class_invariant_axiom_for_simple_evoting_Message 
51176      DEBUG main            d.u.i.k.p.m.ProofCorrectnessMgt No justification found for rule Class_invariant_axiom_for_simple_evoting_Message 
51209      DEBUG main            d.u.i.k.p.m.ProofCorrectnessMgt No justification found for rule Class_invariant_axiom_for_simple_evoting_Message 
51247      DEBUG main            d.u.i.k.p.m.ProofCorrectnessMgt No justification found for rule Class_invariant_axiom_for_simple_evoting_Message 
51533      DEBUG main            d.u.i.k.p.m.ProofCorrectnessMgt No justification found for rule Class_invariant_axiom_for_simple_evoting_Message 
51584      DEBUG main            d.u.i.k.p.m.ProofCorrectnessMgt No justification found for rule Class_invariant_axiom_for_simple_evoting_Server 
51682      DEBUG main            d.u.i.k.p.m.ProofCorrectnessMgt No justification found for rule Class_invariant_axiom_for_simple_evoting_Message 
51724      DEBUG main            d.u.i.k.p.m.ProofCorrectnessMgt No justification found for rule Class_invariant_axiom_for_simple_evoting_Server 
52914      DEBUG main            d.u.i.k.p.m.ProofCorrectnessMgt No justification found for rule Class_invariant_axiom_for_simple_evoting_Server 
52988      DEBUG main            d.u.i.k.p.m.ProofCorrectnessMgt No justification found for rule JML_represents_clause_for_simple_evoting_Environment_rep 
53113      DEBUG main            d.u.i.k.p.m.ProofCorrectnessMgt No justification found for rule Class_invariant_axiom_for_simple_evoting_Message 
53171      DEBUG main            d.u.i.k.p.m.ProofCorrectnessMgt No justification found for rule Class_invariant_axiom_for_simple_evoting_Message 
53220      DEBUG main            d.u.i.k.p.m.ProofCorrectnessMgt No justification found for rule Class_invariant_axiom_for_simple_evoting_Message 
53272      DEBUG main            d.u.i.k.p.m.ProofCorrectnessMgt No justification found for rule Class_invariant_axiom_for_simple_evoting_Message 
53331      DEBUG main            d.u.i.k.p.m.ProofCorrectnessMgt No justification found for rule Class_invariant_axiom_for_simple_evoting_Message 
53380      DEBUG main            d.u.i.k.p.m.ProofCorrectnessMgt No justification found for rule Class_invariant_axiom_for_simple_evoting_Message 
53436      DEBUG main            d.u.i.k.p.m.ProofCorrectnessMgt No justification found for rule Class_invariant_axiom_for_simple_evoting_Message 
53490      DEBUG main            d.u.i.k.p.m.ProofCorrectnessMgt No justification found for rule Class_invariant_axiom_for_simple_evoting_Message 
53537      DEBUG main            d.u.i.k.p.m.ProofCorrectnessMgt No justification found for rule Class_invariant_axiom_for_simple_evoting_Message 
53592      DEBUG main            d.u.i.k.p.m.ProofCorrectnessMgt No justification found for rule Class_invariant_axiom_for_simple_evoting_Message 
54020      DEBUG main            d.u.i.k.p.m.ProofCorrectnessMgt No justification found for rule Class_invariant_axiom_for_simple_evoting_Server 
54132      DEBUG main            d.u.i.k.p.m.ProofCorrectnessMgt No justification found for rule Class_invariant_axiom_for_simple_evoting_Server 
54238      DEBUG main            d.u.i.k.p.m.ProofCorrectnessMgt No justification found for rule Class_invariant_axiom_for_simple_evoting_Server 
54380      DEBUG main            d.u.i.k.p.m.ProofCorrectnessMgt No justification found for rule Class_invariant_axiom_for_simple_evoting_Server 
54474      DEBUG main            d.u.i.k.p.m.ProofCorrectnessMgt No justification found for rule Class_invariant_axiom_for_simple_evoting_Server 
54566      DEBUG main            d.u.i.k.p.m.ProofCorrectnessMgt No justification found for rule Class_invariant_axiom_for_simple_evoting_Server 
54679      DEBUG main            d.u.i.k.p.m.ProofCorrectnessMgt No justification found for rule Class_invariant_axiom_for_simple_evoting_Server 
54782      DEBUG main            d.u.i.k.p.m.ProofCorrectnessMgt No justification found for rule Class_invariant_axiom_for_simple_evoting_Server 
54868      DEBUG main            d.u.i.k.p.m.ProofCorrectnessMgt No justification found for rule Class_invariant_axiom_for_simple_evoting_Server 
54950      DEBUG main            d.u.i.k.p.m.ProofCorrectnessMgt No justification found for rule Class_invariant_axiom_for_simple_evoting_Server 
76868      DEBUG main            d.u.i.k.p.m.ProofCorrectnessMgt No justification found for rule Class_invariant_axiom_for_simple_evoting_Message 
76947      DEBUG main            d.u.i.k.p.m.ProofCorrectnessMgt No justification found for rule Class_invariant_axiom_for_simple_evoting_Server 
77064      DEBUG main            d.u.i.k.p.m.ProofCorrectnessMgt No justification found for rule Class_invariant_axiom_for_simple_evoting_Server 
77110      DEBUG main            d.u.i.k.p.m.ProofCorrectnessMgt No justification found for rule Class_invariant_axiom_for_simple_evoting_Message 
104445     INFO  main            d.u.i.k.p.r.p.TestFile    ... finished proof: closed. 
104915     INFO  main            d.u.i.k.p.r.p.TestFile    Now processing file /home/runner/work/key/key/key.core/../key.ui/examples/InformationFlow/SimpleEvoting/simple_evoting.SMT(simple_evoting.SMT__send(simple_evoting.Message,int,simple_evoting.Server)).Non-interference contract.0.m.key 
104915     INFO  main            d.u.i.k.p.i.AbstractProblemLoader Loading environment from /home/runner/work/key/key/key.core/../key.ui/examples/InformationFlow/SimpleEvoting/simple_evoting.SMT(simple_evoting.SMT__send(simple_evoting.Message,int,simple_evoting.Server)).Non-interference contract.0.m.key 
104915     DEBUG main            d.u.i.k.p.i.AbstractProblemLoader Environment load took 82.4ns 
104916     INFO  main            d.u.i.k.p.i.AbstractProblemLoader Creating init config 
108981     DEBUG main            d.u.i.k.p.i.AbstractProblemLoader Init config took 4.06s 
109047     INFO  main            d.u.i.k.p.i.AbstractProblemLoader Replaying proof simple_evoting.SMT[simple_evoting.SMT::send(simple_evoting.Message,int,simple_evoting.Server)].Non-interference contract.0 
109050     DEBUG main            d.u.i.k.p.i.IntermediateProofReplayer Proof replay took 15.9ns 
109051     DEBUG main            d.u.i.k.m.s.ProofScriptEngine 1: 'macro 'infflow-autopilot'' 
109119     DEBUG main            d.u.i.k.p.m.ProofCorrectnessMgt No justification found for rule Class_invariant_axiom_for_simple_evoting_Server 
109128     DEBUG main            d.u.i.k.p.m.ProofCorrectnessMgt No justification found for rule Class_invariant_axiom_for_simple_evoting_Message 
109178     DEBUG main            d.u.i.k.p.m.ProofCorrectnessMgt No justification found for rule JML_represents_clause_for_simple_evoting_Environment_rep 
109514     DEBUG main            d.u.i.k.p.m.ProofCorrectnessMgt No justification found for rule Class_invariant_axiom_for_simple_evoting_Server 
109626     DEBUG main            d.u.i.k.p.m.ProofCorrectnessMgt No justification found for rule Class_invariant_axiom_for_simple_evoting_Message 
109666     DEBUG main            d.u.i.k.p.m.ProofCorrectnessMgt No justification found for rule Class_invariant_axiom_for_simple_evoting_Message 
109680     DEBUG main            d.u.i.k.p.m.ProofCorrectnessMgt No justification found for rule Class_invariant_axiom_for_simple_evoting_Server 
111059     DEBUG main            d.u.i.k.p.m.ProofCorrectnessMgt No justification found for rule Class_invariant_axiom_for_simple_evoting_Message 
111162     DEBUG main            d.u.i.k.p.m.ProofCorrectnessMgt No justification found for rule Class_invariant_axiom_for_simple_evoting_Server 
111311     DEBUG main            d.u.i.k.p.m.ProofCorrectnessMgt No justification found for rule Class_invariant_axiom_for_simple_evoting_Server 
111401     DEBUG main            d.u.i.k.p.m.ProofCorrectnessMgt No justification found for rule Class_invariant_axiom_for_simple_evoting_Message 
111435     DEBUG main            d.u.i.k.p.m.ProofCorrectnessMgt No justification found for rule Class_invariant_axiom_for_simple_evoting_Server 
111527     DEBUG main            d.u.i.k.p.m.ProofCorrectnessMgt No justification found for rule Class_invariant_axiom_for_simple_evoting_Server 
111646     DEBUG main            d.u.i.k.p.m.ProofCorrectnessMgt No justification found for rule Class_invariant_axiom_for_simple_evoting_Message 
111680     DEBUG main            d.u.i.k.p.m.ProofCorrectnessMgt No justification found for rule Class_invariant_axiom_for_simple_evoting_Server 
111741     DEBUG main            d.u.i.k.p.m.ProofCorrectnessMgt No justification found for rule Class_invariant_axiom_for_simple_evoting_Server 
112048     DEBUG main            d.u.i.k.p.m.ProofCorrectnessMgt No justification found for rule Class_invariant_axiom_for_simple_evoting_Message 
112077     DEBUG main            d.u.i.k.p.m.ProofCorrectnessMgt No justification found for rule Class_invariant_axiom_for_simple_evoting_Message 
112100     DEBUG main            d.u.i.k.p.m.ProofCorrectnessMgt No justification found for rule Class_invariant_axiom_for_simple_evoting_Message 
112134     DEBUG main            d.u.i.k.p.m.ProofCorrectnessMgt No justification found for rule Class_invariant_axiom_for_simple_evoting_Message 
112167     DEBUG main            d.u.i.k.p.m.ProofCorrectnessMgt No justification found for rule Class_invariant_axiom_for_simple_evoting_Server 
112254     DEBUG main            d.u.i.k.p.m.ProofCorrectnessMgt No justification found for rule Class_invariant_axiom_for_simple_evoting_Server 
112326     DEBUG main            d.u.i.k.p.m.ProofCorrectnessMgt No justification found for rule Class_invariant_axiom_for_simple_evoting_Message 
112359     DEBUG main            d.u.i.k.p.m.ProofCorrectnessMgt No justification found for rule Class_invariant_axiom_for_simple_evoting_Server 
112427     DEBUG main            d.u.i.k.p.m.ProofCorrectnessMgt No justification found for rule Class_invariant_axiom_for_simple_evoting_Server 
112466     DEBUG main            d.u.i.k.p.m.ProofCorrectnessMgt No justification found for rule Class_invariant_axiom_for_simple_evoting_Server 
112534     DEBUG main            d.u.i.k.p.m.ProofCorrectnessMgt No justification found for rule Class_invariant_axiom_for_simple_evoting_Server 
112622     DEBUG main            d.u.i.k.p.m.ProofCorrectnessMgt No justification found for rule Class_invariant_axiom_for_simple_evoting_Message 
112644     DEBUG main            d.u.i.k.p.m.ProofCorrectnessMgt No justification found for rule Class_invariant_axiom_for_simple_evoting_Message 
112672     DEBUG main            d.u.i.k.p.m.ProofCorrectnessMgt No justification found for rule Class_invariant_axiom_for_simple_evoting_Server 
112785     DEBUG main            d.u.i.k.p.m.ProofCorrectnessMgt No justification found for rule Class_invariant_axiom_for_simple_evoting_Server 
112894     DEBUG main            d.u.i.k.p.m.ProofCorrectnessMgt No justification found for rule Class_invariant_axiom_for_simple_evoting_Server 
113008     DEBUG main            d.u.i.k.p.m.ProofCorrectnessMgt No justification found for rule Class_invariant_axiom_for_simple_evoting_Server 
113164     DEBUG main            d.u.i.k.p.m.ProofCorrectnessMgt No justification found for rule Class_invariant_axiom_for_simple_evoting_Server 
113248     DEBUG main            d.u.i.k.p.m.ProofCorrectnessMgt No justification found for rule Class_invariant_axiom_for_simple_evoting_Message 
113287     DEBUG main            d.u.i.k.p.m.ProofCorrectnessMgt No justification found for rule Class_invariant_axiom_for_simple_evoting_Message 
113331     DEBUG main            d.u.i.k.p.m.ProofCorrectnessMgt No justification found for rule Class_invariant_axiom_for_simple_evoting_Message 
113372     DEBUG main            d.u.i.k.p.m.ProofCorrectnessMgt No justification found for rule Class_invariant_axiom_for_simple_evoting_Server 
113435     DEBUG main            d.u.i.k.p.m.ProofCorrectnessMgt No justification found for rule Class_invariant_axiom_for_simple_evoting_Message 
113472     DEBUG main            d.u.i.k.p.m.ProofCorrectnessMgt No justification found for rule Class_invariant_axiom_for_simple_evoting_Message 
113512     DEBUG main            d.u.i.k.p.m.ProofCorrectnessMgt No justification found for rule Class_invariant_axiom_for_simple_evoting_Message 
113563     DEBUG main            d.u.i.k.p.m.ProofCorrectnessMgt No justification found for rule Class_invariant_axiom_for_simple_evoting_Message 
113609     DEBUG main            d.u.i.k.p.m.ProofCorrectnessMgt No justification found for rule Class_invariant_axiom_for_simple_evoting_Server 
113686     DEBUG main            d.u.i.k.p.m.ProofCorrectnessMgt No justification found for rule Class_invariant_axiom_for_simple_evoting_Server 
113756     DEBUG main            d.u.i.k.p.m.ProofCorrectnessMgt No justification found for rule Class_invariant_axiom_for_simple_evoting_Message 
115074     DEBUG main            d.u.i.k.p.m.ProofCorrectnessMgt No justification found for rule JML_represents_clause_for_simple_evoting_Environment_rep 
115182     DEBUG main            d.u.i.k.p.m.ProofCorrectnessMgt No justification found for rule Class_invariant_axiom_for_simple_evoting_Message 
115236     DEBUG main            d.u.i.k.p.m.ProofCorrectnessMgt No justification found for rule Class_invariant_axiom_for_simple_evoting_Message 
115288     DEBUG main            d.u.i.k.p.m.ProofCorrectnessMgt No justification found for rule Class_invariant_axiom_for_simple_evoting_Message 
115343     DEBUG main            d.u.i.k.p.m.ProofCorrectnessMgt No justification found for rule Class_invariant_axiom_for_simple_evoting_Message 
115390     DEBUG main            d.u.i.k.p.m.ProofCorrectnessMgt No justification found for rule Class_invariant_axiom_for_simple_evoting_Message 
115436     DEBUG main            d.u.i.k.p.m.ProofCorrectnessMgt No justification found for rule Class_invariant_axiom_for_simple_evoting_Message 
115483     DEBUG main            d.u.i.k.p.m.ProofCorrectnessMgt No justification found for rule Class_invariant_axiom_for_simple_evoting_Message 
115540     DEBUG main            d.u.i.k.p.m.ProofCorrectnessMgt No justification found for rule Class_invariant_axiom_for_simple_evoting_Message 
115590     DEBUG main            d.u.i.k.p.m.ProofCorrectnessMgt No justification found for rule Class_invariant_axiom_for_simple_evoting_Message 
115633     DEBUG main            d.u.i.k.p.m.ProofCorrectnessMgt No justification found for rule Class_invariant_axiom_for_simple_evoting_Message 
115963     DEBUG main            d.u.i.k.p.m.ProofCorrectnessMgt No justification found for rule Class_invariant_axiom_for_simple_evoting_Server 
116069     DEBUG main            d.u.i.k.p.m.ProofCorrectnessMgt No justification found for rule Class_invariant_axiom_for_simple_evoting_Server 
116169     DEBUG main            d.u.i.k.p.m.ProofCorrectnessMgt No justification found for rule Class_invariant_axiom_for_simple_evoting_Server 
116298     DEBUG main            d.u.i.k.p.m.ProofCorrectnessMgt No justification found for rule Class_invariant_axiom_for_simple_evoting_Server 
116394     DEBUG main            d.u.i.k.p.m.ProofCorrectnessMgt No justification found for rule Class_invariant_axiom_for_simple_evoting_Server 
116490     DEBUG main            d.u.i.k.p.m.ProofCorrectnessMgt No justification found for rule Class_invariant_axiom_for_simple_evoting_Server 
116581     DEBUG main            d.u.i.k.p.m.ProofCorrectnessMgt No justification found for rule Class_invariant_axiom_for_simple_evoting_Server 
116676     DEBUG main            d.u.i.k.p.m.ProofCorrectnessMgt No justification found for rule Class_invariant_axiom_for_simple_evoting_Server 
116757     DEBUG main            d.u.i.k.p.m.ProofCorrectnessMgt No justification found for rule Class_invariant_axiom_for_simple_evoting_Server 
116839     DEBUG main            d.u.i.k.p.m.ProofCorrectnessMgt No justification found for rule Class_invariant_axiom_for_simple_evoting_Server 
139366     DEBUG main            d.u.i.k.p.m.ProofCorrectnessMgt No justification found for rule Class_invariant_axiom_for_simple_evoting_Message 
139444     DEBUG main            d.u.i.k.p.m.ProofCorrectnessMgt No justification found for rule Class_invariant_axiom_for_simple_evoting_Message 
139484     DEBUG main            d.u.i.k.p.m.ProofCorrectnessMgt No justification found for rule Class_invariant_axiom_for_simple_evoting_Server 
139591     DEBUG main            d.u.i.k.p.m.ProofCorrectnessMgt No justification found for rule Class_invariant_axiom_for_simple_evoting_Server 
170283     INFO  main            d.u.i.k.p.r.p.TestFile    ... finished proof: closed. 
170695     INFO  main            d.u.i.k.p.r.p.TestFile    Now processing file /home/runner/work/key/key/key.core/../key.ui/examples/InformationFlow/SimpleEvoting/simple_evoting.SMTEnv(simple_evoting.SMTEnv__send(int,int,int,simple_evoting.Server,int)).Non-interference contract.0.m.key 
170696     INFO  main            d.u.i.k.p.i.AbstractProblemLoader Loading environment from /home/runner/work/key/key/key.core/../key.ui/examples/InformationFlow/SimpleEvoting/simple_evoting.SMTEnv(simple_evoting.SMTEnv__send(int,int,int,simple_evoting.Server,int)).Non-interference contract.0.m.key 
170696     DEBUG main            d.u.i.k.p.i.AbstractProblemLoader Environment load took 317.9ns 
170697     INFO  main            d.u.i.k.p.i.AbstractProblemLoader Creating init config 
174747     DEBUG main            d.u.i.k.p.i.AbstractProblemLoader Init config took 4.05s 
174817     INFO  main            d.u.i.k.p.i.AbstractProblemLoader Replaying proof simple_evoting.SMTEnv[simple_evoting.SMTEnv::send(int,int,int,simple_evoting.Server,int)].Non-interference contract.0 
174820     DEBUG main            d.u.i.k.p.i.IntermediateProofReplayer Proof replay took 16.4ns 
174820     DEBUG main            d.u.i.k.m.s.ProofScriptEngine 1: 'macro 'infflow-autopilot'' 
174885     DEBUG main            d.u.i.k.p.m.ProofCorrectnessMgt No justification found for rule JML_represents_clause_for_simple_evoting_Environment_rep 
174904     DEBUG main            d.u.i.k.p.m.ProofCorrectnessMgt No justification found for rule JML_represents_clause_for_simple_evoting_Environment_rep 
174924     DEBUG main            d.u.i.k.p.m.ProofCorrectnessMgt No justification found for rule JML_represents_clause_for_simple_evoting_Environment_rep 
174944     DEBUG main            d.u.i.k.p.m.ProofCorrectnessMgt No justification found for rule JML_represents_clause_for_simple_evoting_Environment_rep 
174965     DEBUG main            d.u.i.k.p.m.ProofCorrectnessMgt No justification found for rule JML_represents_clause_for_simple_evoting_Environment_rep 
175036     DEBUG main            d.u.i.k.p.m.ProofCorrectnessMgt No justification found for rule JML_represents_clause_for_simple_evoting_Environment_rep 
176851     INFO  main            d.u.i.k.p.r.p.TestFile    ... finished proof: closed. 
177243     INFO  main            d.u.i.k.p.r.p.TestFile    Now processing file /home/runner/work/key/key/key.core/../key.ui/examples/InformationFlow/SimpleEvoting/simple_evoting.NetworkClient(simple_evoting.NetworkClient__send((B,simple_evoting.Server,int)).Non-interference contract.0.m.key 
177244     INFO  main            d.u.i.k.p.i.AbstractProblemLoader Loading environment from /home/runner/work/key/key/key.core/../key.ui/examples/InformationFlow/SimpleEvoting/simple_evoting.NetworkClient(simple_evoting.NetworkClient__send((B,simple_evoting.Server,int)).Non-interference contract.0.m.key 
177244     DEBUG main            d.u.i.k.p.i.AbstractProblemLoader Environment load took 85.8ns 
177245     INFO  main            d.u.i.k.p.i.AbstractProblemLoader Creating init config 
181369     DEBUG main            d.u.i.k.p.i.AbstractProblemLoader Init config took 4.12s 
181433     INFO  main            d.u.i.k.p.i.AbstractProblemLoader Replaying proof simple_evoting.NetworkClient[simple_evoting.NetworkClient::send([B,simple_evoting.Server,int)].Non-interference contract.0 
181435     DEBUG main            d.u.i.k.p.i.IntermediateProofReplayer Proof replay took 14.8ns 
181436     DEBUG main            d.u.i.k.m.s.ProofScriptEngine 1: 'macro 'infflow-autopilot'' 
181494     DEBUG main            d.u.i.k.p.m.ProofCorrectnessMgt No justification found for rule JML_represents_clause_for_simple_evoting_Environment_rep 
181520     DEBUG main            d.u.i.k.p.m.ProofCorrectnessMgt No justification found for rule JML_represents_clause_for_simple_evoting_Environment_rep 
181562     DEBUG main            d.u.i.k.p.m.ProofCorrectnessMgt No justification found for rule JML_represents_clause_for_simple_evoting_Environment_rep 
182927     INFO  main            d.u.i.k.p.r.p.TestFile    ... finished proof: closed. 
183171     INFO  main            d.u.i.k.p.r.p.TestFile    Now processing file /home/runner/work/key/key/key.core/../key.ui/examples/InformationFlow/SimpleEvoting/simple_evoting.Voter(simple_evoting.Voter__onSendBallot(simple_evoting.Server)).Non-interference contract.1.m.key 
183171     INFO  main            d.u.i.k.p.i.AbstractProblemLoader Loading environment from /home/runner/work/key/key/key.core/../key.ui/examples/InformationFlow/SimpleEvoting/simple_evoting.Voter(simple_evoting.Voter__onSendBallot(simple_evoting.Server)).Non-interference contract.1.m.key 
183171     DEBUG main            d.u.i.k.p.i.AbstractProblemLoader Environment load took 79.3ns 
183172     INFO  main            d.u.i.k.p.i.AbstractProblemLoader Creating init config 
187268     DEBUG main            d.u.i.k.p.i.AbstractProblemLoader Init config took 4.1s 
187336     INFO  main            d.u.i.k.p.i.AbstractProblemLoader Replaying proof simple_evoting.Voter[simple_evoting.Voter::onSendBallot(simple_evoting.Server)].Non-interference contract.1 
187340     DEBUG main            d.u.i.k.p.i.IntermediateProofReplayer Proof replay took 16.5ns 
187341     DEBUG main            d.u.i.k.m.s.ProofScriptEngine 1: 'macro 'infflow-autopilot'' 
187421     DEBUG main            d.u.i.k.p.m.ProofCorrectnessMgt No justification found for rule Class_invariant_axiom_for_simple_evoting_Voter 
187427     DEBUG main            d.u.i.k.p.m.ProofCorrectnessMgt No justification found for rule Class_invariant_axiom_for_simple_evoting_Server 
188260     DEBUG main            d.u.i.k.p.m.ProofCorrectnessMgt No justification found for rule Class_invariant_axiom_for_simple_evoting_Server 
188474     DEBUG main            d.u.i.k.p.m.ProofCorrectnessMgt No justification found for rule Class_invariant_axiom_for_simple_evoting_Message 
188553     DEBUG main            d.u.i.k.p.m.ProofCorrectnessMgt No justification found for rule Class_invariant_axiom_for_simple_evoting_Server 
188722     DEBUG main            d.u.i.k.p.m.ProofCorrectnessMgt No justification found for rule Class_invariant_axiom_for_simple_evoting_Message 
192196     DEBUG main            d.u.i.k.p.m.ProofCorrectnessMgt No justification found for rule JML_represents_clause_for_simple_evoting_Environment_rep 
192204     DEBUG main            d.u.i.k.p.m.ProofCorrectnessMgt No justification found for rule JML_represents_clause_for_simple_evoting_Environment_rep 
192281     DEBUG main            d.u.i.k.p.m.ProofCorrectnessMgt No justification found for rule JML_represents_clause_for_simple_evoting_Environment_rep 
192299     DEBUG main            d.u.i.k.p.m.ProofCorrectnessMgt No justification found for rule JML_represents_clause_for_simple_evoting_Environment_rep 
192308     DEBUG main            d.u.i.k.p.m.ProofCorrectnessMgt No justification found for rule JML_represents_clause_for_simple_evoting_Environment_rep 
192336     DEBUG main            d.u.i.k.p.m.ProofCorrectnessMgt No justification found for rule JML_represents_clause_for_simple_evoting_Environment_rep 
192345     DEBUG main            d.u.i.k.p.m.ProofCorrectnessMgt No justification found for rule JML_represents_clause_for_simple_evoting_Environment_rep 
192353     DEBUG main            d.u.i.k.p.m.ProofCorrectnessMgt No justification found for rule JML_represents_clause_for_simple_evoting_Environment_rep 
192380     DEBUG main            d.u.i.k.p.m.ProofCorrectnessMgt No justification found for rule JML_represents_clause_for_simple_evoting_Environment_rep 
192390     DEBUG main            d.u.i.k.p.m.ProofCorrectnessMgt No justification found for rule JML_represents_clause_for_simple_evoting_Environment_rep 
192408     DEBUG main            d.u.i.k.p.m.ProofCorrectnessMgt No justification found for rule JML_represents_clause_for_simple_evoting_Environment_rep 
192425     DEBUG main            d.u.i.k.p.m.ProofCorrectnessMgt No justification found for rule JML_represents_clause_for_simple_evoting_Environment_rep 
192434     DEBUG main            d.u.i.k.p.m.ProofCorrectnessMgt No justification found for rule JML_represents_clause_for_simple_evoting_Environment_rep 
192461     DEBUG main            d.u.i.k.p.m.ProofCorrectnessMgt No justification found for rule JML_represents_clause_for_simple_evoting_Environment_rep 
192479     DEBUG main            d.u.i.k.p.m.ProofCorrectnessMgt No justification found for rule Class_invariant_axiom_for_simple_evoting_Server 
192944     DEBUG main            d.u.i.k.p.m.ProofCorrectnessMgt No justification found for rule Class_invariant_axiom_for_simple_evoting_Server 
193208     DEBUG main            d.u.i.k.p.m.ProofCorrectnessMgt No justification found for rule Class_invariant_axiom_for_simple_evoting_Server 
193492     DEBUG main            d.u.i.k.p.m.ProofCorrectnessMgt No justification found for rule Class_invariant_axiom_for_simple_evoting_Message 
193617     DEBUG main            d.u.i.k.p.m.ProofCorrectnessMgt No justification found for rule Class_invariant_axiom_for_simple_evoting_Message 
193733     DEBUG main            d.u.i.k.p.m.ProofCorrectnessMgt No justification found for rule Class_invariant_axiom_for_simple_evoting_Server 
194199     DEBUG main            d.u.i.k.p.m.ProofCorrectnessMgt No justification found for rule Class_invariant_axiom_for_simple_evoting_Message 
194349     DEBUG main            d.u.i.k.p.m.ProofCorrectnessMgt No justification found for rule Class_invariant_axiom_for_simple_evoting_Server 
194778     DEBUG main            d.u.i.k.p.m.ProofCorrectnessMgt No justification found for rule Class_invariant_axiom_for_simple_evoting_Server 
195221     DEBUG main            d.u.i.k.p.m.ProofCorrectnessMgt No justification found for rule Class_invariant_axiom_for_simple_evoting_Message 
195385     DEBUG main            d.u.i.k.p.m.ProofCorrectnessMgt No justification found for rule Class_invariant_axiom_for_simple_evoting_Server 
195803     DEBUG main            d.u.i.k.p.m.ProofCorrectnessMgt No justification found for rule Class_invariant_axiom_for_simple_evoting_Message 
195978     DEBUG main            d.u.i.k.p.m.ProofCorrectnessMgt No justification found for rule Class_invariant_axiom_for_simple_evoting_Server 
196387     DEBUG main            d.u.i.k.p.m.ProofCorrectnessMgt No justification found for rule Class_invariant_axiom_for_simple_evoting_Message 
196547     DEBUG main            d.u.i.k.p.m.ProofCorrectnessMgt No justification found for rule Class_invariant_axiom_for_simple_evoting_Server 
197030     DEBUG main            d.u.i.k.p.m.ProofCorrectnessMgt No justification found for rule Class_invariant_axiom_for_simple_evoting_Message 
197199     DEBUG main            d.u.i.k.p.m.ProofCorrectnessMgt No justification found for rule Class_invariant_axiom_for_simple_evoting_Server 
197642     DEBUG main            d.u.i.k.p.m.ProofCorrectnessMgt No justification found for rule Class_invariant_axiom_for_simple_evoting_Message 
197916     DEBUG main            d.u.i.k.p.m.ProofCorrectnessMgt No justification found for rule Class_invariant_axiom_for_simple_evoting_Message 
198399     DEBUG main            d.u.i.k.p.m.ProofCorrectnessMgt No justification found for rule Class_invariant_axiom_for_simple_evoting_Message 
198540     DEBUG main            d.u.i.k.p.m.ProofCorrectnessMgt No justification found for rule Class_invariant_axiom_for_simple_evoting_Message 
198692     DEBUG main            d.u.i.k.p.m.ProofCorrectnessMgt No justification found for rule Class_invariant_axiom_for_simple_evoting_Message 
198840     DEBUG main            d.u.i.k.p.m.ProofCorrectnessMgt No justification found for rule Class_invariant_axiom_for_simple_evoting_Server 
199246     DEBUG main            d.u.i.k.p.m.ProofCorrectnessMgt No justification found for rule Class_invariant_axiom_for_simple_evoting_Message 
199397     DEBUG main            d.u.i.k.p.m.ProofCorrectnessMgt No justification found for rule Class_invariant_axiom_for_simple_evoting_Message 
199558     DEBUG main            d.u.i.k.p.m.ProofCorrectnessMgt No justification found for rule Class_invariant_axiom_for_simple_evoting_Server 
199995     DEBUG main            d.u.i.k.p.m.ProofCorrectnessMgt No justification found for rule Class_invariant_axiom_for_simple_evoting_Message 
200131     DEBUG main            d.u.i.k.p.m.ProofCorrectnessMgt No justification found for rule Class_invariant_axiom_for_simple_evoting_Message 
200278     DEBUG main            d.u.i.k.p.m.ProofCorrectnessMgt No justification found for rule Class_invariant_axiom_for_simple_evoting_Message 
202093     DEBUG main            d.u.i.k.p.m.ProofCorrectnessMgt No justification found for rule Class_invariant_axiom_for_simple_evoting_Server 
202332     DEBUG main            d.u.i.k.p.m.ProofCorrectnessMgt No justification found for rule Class_invariant_axiom_for_simple_evoting_Server 
203403     DEBUG main            d.u.i.k.p.m.ProofCorrectnessMgt No justification found for rule Class_invariant_axiom_for_simple_evoting_Server 
203634     DEBUG main            d.u.i.k.p.m.ProofCorrectnessMgt No justification found for rule Class_invariant_axiom_for_simple_evoting_Message 
210590     INFO  main            d.u.i.k.p.r.p.TestFile    ... finished proof: closed. 
210963     INFO  main            d.u.i.k.p.r.p.TestFile    Now processing file /home/runner/work/key/key/key.core/../key.ui/examples/InformationFlow/SimpleEvoting/simple_evoting.Voter(simple_evoting.Voter__onSendBallot(simple_evoting.Server)).Non-interference contract.0.m.key 
210963     INFO  main            d.u.i.k.p.i.AbstractProblemLoader Loading environment from /home/runner/work/key/key/key.core/../key.ui/examples/InformationFlow/SimpleEvoting/simple_evoting.Voter(simple_evoting.Voter__onSendBallot(simple_evoting.Server)).Non-interference contract.0.m.key 
210963     DEBUG main            d.u.i.k.p.i.AbstractProblemLoader Environment load took 80.9ns 
210964     INFO  main            d.u.i.k.p.i.AbstractProblemLoader Creating init config 
215052     DEBUG main            d.u.i.k.p.i.AbstractProblemLoader Init config took 4.09s 
215117     INFO  main            d.u.i.k.p.i.AbstractProblemLoader Replaying proof simple_evoting.Voter[simple_evoting.Voter::onSendBallot(simple_evoting.Server)].Non-interference contract.0 
215120     DEBUG main            d.u.i.k.p.i.IntermediateProofReplayer Proof replay took 15.7ns 
215121     DEBUG main            d.u.i.k.m.s.ProofScriptEngine 1: 'macro 'infflow-autopilot'' 
215167     DEBUG main            d.u.i.k.p.m.ProofCorrectnessMgt No justification found for rule Class_invariant_axiom_for_simple_evoting_Voter 
215172     DEBUG main            d.u.i.k.p.m.ProofCorrectnessMgt No justification found for rule Class_invariant_axiom_for_simple_evoting_Server 
215960     DEBUG main            d.u.i.k.p.m.ProofCorrectnessMgt No justification found for rule Class_invariant_axiom_for_simple_evoting_Server 
216154     DEBUG main            d.u.i.k.p.m.ProofCorrectnessMgt No justification found for rule Class_invariant_axiom_for_simple_evoting_Message 
216227     DEBUG main            d.u.i.k.p.m.ProofCorrectnessMgt No justification found for rule Class_invariant_axiom_for_simple_evoting_Server 
216381     DEBUG main            d.u.i.k.p.m.ProofCorrectnessMgt No justification found for rule Class_invariant_axiom_for_simple_evoting_Message 
219726     DEBUG main            d.u.i.k.p.m.ProofCorrectnessMgt No justification found for rule JML_represents_clause_for_simple_evoting_Environment_rep 
219735     DEBUG main            d.u.i.k.p.m.ProofCorrectnessMgt No justification found for rule JML_represents_clause_for_simple_evoting_Environment_rep 
219807     DEBUG main            d.u.i.k.p.m.ProofCorrectnessMgt No justification found for rule JML_represents_clause_for_simple_evoting_Environment_rep 
219828     DEBUG main            d.u.i.k.p.m.ProofCorrectnessMgt No justification found for rule JML_represents_clause_for_simple_evoting_Environment_rep 
219838     DEBUG main            d.u.i.k.p.m.ProofCorrectnessMgt No justification found for rule JML_represents_clause_for_simple_evoting_Environment_rep 
219847     DEBUG main            d.u.i.k.p.m.ProofCorrectnessMgt No justification found for rule JML_represents_clause_for_simple_evoting_Environment_rep 
219867     DEBUG main            d.u.i.k.p.m.ProofCorrectnessMgt No justification found for rule JML_represents_clause_for_simple_evoting_Environment_rep 
219885     DEBUG main            d.u.i.k.p.m.ProofCorrectnessMgt No justification found for rule JML_represents_clause_for_simple_evoting_Environment_rep 
219895     DEBUG main            d.u.i.k.p.m.ProofCorrectnessMgt No justification found for rule JML_represents_clause_for_simple_evoting_Environment_rep 
219916     DEBUG main            d.u.i.k.p.m.ProofCorrectnessMgt No justification found for rule JML_represents_clause_for_simple_evoting_Environment_rep 
219925     DEBUG main            d.u.i.k.p.m.ProofCorrectnessMgt No justification found for rule JML_represents_clause_for_simple_evoting_Environment_rep 
219933     DEBUG main            d.u.i.k.p.m.ProofCorrectnessMgt No justification found for rule JML_represents_clause_for_simple_evoting_Environment_rep 
219950     DEBUG main            d.u.i.k.p.m.ProofCorrectnessMgt No justification found for rule JML_represents_clause_for_simple_evoting_Environment_rep 
219976     DEBUG main            d.u.i.k.p.m.ProofCorrectnessMgt No justification found for rule JML_represents_clause_for_simple_evoting_Environment_rep 
220017     DEBUG main            d.u.i.k.p.m.ProofCorrectnessMgt No justification found for rule Class_invariant_axiom_for_simple_evoting_Server 
220434     DEBUG main            d.u.i.k.p.m.ProofCorrectnessMgt No justification found for rule Class_invariant_axiom_for_simple_evoting_Server 
220738     DEBUG main            d.u.i.k.p.m.ProofCorrectnessMgt No justification found for rule Class_invariant_axiom_for_simple_evoting_Server 
221008     DEBUG main            d.u.i.k.p.m.ProofCorrectnessMgt No justification found for rule Class_invariant_axiom_for_simple_evoting_Message 
221152     DEBUG main            d.u.i.k.p.m.ProofCorrectnessMgt No justification found for rule Class_invariant_axiom_for_simple_evoting_Message 
221238     DEBUG main            d.u.i.k.p.m.ProofCorrectnessMgt No justification found for rule Class_invariant_axiom_for_simple_evoting_Message 
221398     DEBUG main            d.u.i.k.p.m.ProofCorrectnessMgt No justification found for rule Class_invariant_axiom_for_simple_evoting_Message 
221565     DEBUG main            d.u.i.k.p.m.ProofCorrectnessMgt No justification found for rule Class_invariant_axiom_for_simple_evoting_Message 
221720     DEBUG main            d.u.i.k.p.m.ProofCorrectnessMgt No justification found for rule Class_invariant_axiom_for_simple_evoting_Server 
222197     DEBUG main            d.u.i.k.p.m.ProofCorrectnessMgt No justification found for rule Class_invariant_axiom_for_simple_evoting_Message 
222349     DEBUG main            d.u.i.k.p.m.ProofCorrectnessMgt No justification found for rule Class_invariant_axiom_for_simple_evoting_Message 
222502     DEBUG main            d.u.i.k.p.m.ProofCorrectnessMgt No justification found for rule Class_invariant_axiom_for_simple_evoting_Message 
222709     DEBUG main            d.u.i.k.p.m.ProofCorrectnessMgt No justification found for rule Class_invariant_axiom_for_simple_evoting_Message 
222960     DEBUG main            d.u.i.k.p.m.ProofCorrectnessMgt No justification found for rule Class_invariant_axiom_for_simple_evoting_Message 
223074     DEBUG main            d.u.i.k.p.m.ProofCorrectnessMgt No justification found for rule Class_invariant_axiom_for_simple_evoting_Server 
223549     DEBUG main            d.u.i.k.p.m.ProofCorrectnessMgt No justification found for rule Class_invariant_axiom_for_simple_evoting_Server 
223936     DEBUG main            d.u.i.k.p.m.ProofCorrectnessMgt No justification found for rule Class_invariant_axiom_for_simple_evoting_Message 
224094     DEBUG main            d.u.i.k.p.m.ProofCorrectnessMgt No justification found for rule Class_invariant_axiom_for_simple_evoting_Server 
224477     DEBUG main            d.u.i.k.p.m.ProofCorrectnessMgt No justification found for rule Class_invariant_axiom_for_simple_evoting_Message 
224641     DEBUG main            d.u.i.k.p.m.ProofCorrectnessMgt No justification found for rule Class_invariant_axiom_for_simple_evoting_Server 
225068     DEBUG main            d.u.i.k.p.m.ProofCorrectnessMgt No justification found for rule Class_invariant_axiom_for_simple_evoting_Server 
225457     DEBUG main            d.u.i.k.p.m.ProofCorrectnessMgt No justification found for rule Class_invariant_axiom_for_simple_evoting_Message 
225625     DEBUG main            d.u.i.k.p.m.ProofCorrectnessMgt No justification found for rule Class_invariant_axiom_for_simple_evoting_Message 
225769     DEBUG main            d.u.i.k.p.m.ProofCorrectnessMgt No justification found for rule Class_invariant_axiom_for_simple_evoting_Message 
225933     DEBUG main            d.u.i.k.p.m.ProofCorrectnessMgt No justification found for rule Class_invariant_axiom_for_simple_evoting_Message 
228070     DEBUG main            d.u.i.k.p.m.ProofCorrectnessMgt No justification found for rule Class_invariant_axiom_for_simple_evoting_Server 
228382     DEBUG main            d.u.i.k.p.m.ProofCorrectnessMgt No justification found for rule Class_invariant_axiom_for_simple_evoting_Server 
228668     DEBUG main            d.u.i.k.p.m.ProofCorrectnessMgt No justification found for rule Class_invariant_axiom_for_simple_evoting_Server 
228873     DEBUG main            d.u.i.k.p.m.ProofCorrectnessMgt No justification found for rule Class_invariant_axiom_for_simple_evoting_Server 
229308     DEBUG main            d.u.i.k.p.m.ProofCorrectnessMgt No justification found for rule Class_invariant_axiom_for_simple_evoting_Message 
230287     DEBUG main            d.u.i.k.p.m.ProofCorrectnessMgt No justification found for rule Class_invariant_axiom_for_simple_evoting_Message 
230372     DEBUG main            d.u.i.k.p.m.ProofCorrectnessMgt No justification found for rule Class_invariant_axiom_for_simple_evoting_Server 
241189     INFO  main            d.u.i.k.p.r.p.TestFile    ... finished proof: closed. 
3613321    INFO  Test worker     d.u.i.k.p.r.RunAllProofsTestUnit Returning from test SimpleEvoting_fullmacro 
]]></system-out>
  <system-err><![CDATA[]]></system-err>
</testsuite>
