<?xml version="1.0" encoding="UTF-8"?>
<testsuite name="org.key_project.util.testcase.java.CollectionUtilTest" tests="17" skipped="0" failures="0" errors="0" timestamp="2023-05-15T06:40:36" hostname="fv-az1100-952" time="0.07">
  <properties/>
  <testcase name="testAddAll_Iterable()" classname="org.key_project.util.testcase.java.CollectionUtilTest" time="0.002"/>
  <testcase name="testSearchAll()" classname="org.key_project.util.testcase.java.CollectionUtilTest" time="0.004"/>
  <testcase name="testSearchAndRemove()" classname="org.key_project.util.testcase.java.CollectionUtilTest" time="0.002"/>
  <testcase name="testCount()" classname="org.key_project.util.testcase.java.CollectionUtilTest" time="0.002"/>
  <testcase name="testSearchAndRemoveWithException()" classname="org.key_project.util.testcase.java.CollectionUtilTest" time="0.01"/>
  <testcase name="testRemoveFirst()" classname="org.key_project.util.testcase.java.CollectionUtilTest" time="0.003"/>
  <testcase name="testIsEmpty_Map()" classname="org.key_project.util.testcase.java.CollectionUtilTest" time="0.001"/>
  <testcase name="testToString_Collection()" classname="org.key_project.util.testcase.java.CollectionUtilTest" time="0.001"/>
  <testcase name="testContains()" classname="org.key_project.util.testcase.java.CollectionUtilTest" time="0.001"/>
  <testcase name="testContainsSame_Set()" classname="org.key_project.util.testcase.java.CollectionUtilTest" time="0.001"/>
  <testcase name="testBinaryInsert()" classname="org.key_project.util.testcase.java.CollectionUtilTest" time="0.001"/>
  <testcase name="testRemoveComplete()" classname="org.key_project.util.testcase.java.CollectionUtilTest" time="0.001"/>
  <testcase name="testToString_Collection_String()" classname="org.key_project.util.testcase.java.CollectionUtilTest" time="0.0"/>
  <testcase name="testContainsSame_List()" classname="org.key_project.util.testcase.java.CollectionUtilTest" time="0.001"/>
  <testcase name="testIsEmpty_Collection()" classname="org.key_project.util.testcase.java.CollectionUtilTest" time="0.001"/>
  <testcase name="testSearch()" classname="org.key_project.util.testcase.java.CollectionUtilTest" time="0.011"/>
  <testcase name="testIndexOf_Iterator()" classname="org.key_project.util.testcase.java.CollectionUtilTest" time="0.001"/>
  <system-out><![CDATA[]]></system-out>
  <system-err><![CDATA[]]></system-err>
</testsuite>
