<?xml version="1.0" encoding="UTF-8"?>
<testsuite name="de.uka.ilkd.key.taclettranslation.TestTacletTranslator" tests="5" skipped="0" failures="0" errors="0" timestamp="2023-04-17T20:19:39" hostname="fv-az89-623" time="0.025">
  <properties/>
  <testcase name="testPropositional1()" classname="de.uka.ilkd.key.taclettranslation.TestTacletTranslator" time="0.012"/>
  <testcase name="testPropositional2()" classname="de.uka.ilkd.key.taclettranslation.TestTacletTranslator" time="0.004"/>
  <testcase name="testNegativePolarity()" classname="de.uka.ilkd.key.taclettranslation.TestTacletTranslator" time="0.003"/>
  <testcase name="testNoPolarity()" classname="de.uka.ilkd.key.taclettranslation.TestTacletTranslator" time="0.003"/>
  <testcase name="testPositivePolarity()" classname="de.uka.ilkd.key.taclettranslation.TestTacletTranslator" time="0.003"/>
  <system-out><![CDATA[916401     INFO  Test worker     d.u.i.k.n.KeyIO           Parsing took 0 ms 
916401     DEBUG Test worker     d.u.i.k.n.KeyIO           Load declarations of de.uka.ilkd.key.nparser.KeyAst$File:  <unknown>:1#1 
916401     INFO  Test worker     d.u.i.k.n.KeyIO           MODE: declarations took 0 ms 
916416     DEBUG Test worker     d.u.i.k.n.KeyIO           MODE: 2nd degree decls took 0 
916416     DEBUG Test worker     d.u.i.k.n.KeyIO           MODE: taclets took 0ms 
916416     INFO  Test worker     d.u.i.k.n.KeyIO           Parsing took 0 ms 
916416     DEBUG Test worker     d.u.i.k.n.KeyIO           Load declarations of de.uka.ilkd.key.nparser.KeyAst$File:  <unknown>:1#1 
916416     INFO  Test worker     d.u.i.k.n.KeyIO           MODE: declarations took 0 ms 
916416     DEBUG Test worker     d.u.i.k.n.KeyIO           MODE: 2nd degree decls took 0 
916416     DEBUG Test worker     d.u.i.k.n.KeyIO           MODE: taclets took 0ms 
916416     INFO  Test worker     d.u.i.k.n.KeyIO           Parsing took 0 ms 
916416     DEBUG Test worker     d.u.i.k.n.KeyIO           Load declarations of de.uka.ilkd.key.nparser.KeyAst$File:  <unknown>:1#1 
916416     INFO  Test worker     d.u.i.k.n.KeyIO           MODE: declarations took 0 ms 
916416     DEBUG Test worker     d.u.i.k.n.KeyIO           MODE: 2nd degree decls took 0 
916416     DEBUG Test worker     d.u.i.k.n.KeyIO           MODE: taclets took 0ms 
916432     INFO  Test worker     d.u.i.k.n.KeyIO           Parsing took 0 ms 
916432     DEBUG Test worker     d.u.i.k.n.KeyIO           Load declarations of de.uka.ilkd.key.nparser.KeyAst$File:  <unknown>:1#1 
916432     INFO  Test worker     d.u.i.k.n.KeyIO           MODE: declarations took 0 ms 
916432     DEBUG Test worker     d.u.i.k.n.KeyIO           MODE: 2nd degree decls took 0 
916432     DEBUG Test worker     d.u.i.k.n.KeyIO           MODE: taclets took 0ms 
916432     INFO  Test worker     d.u.i.k.n.KeyIO           Parsing took 0 ms 
916432     DEBUG Test worker     d.u.i.k.n.KeyIO           Load declarations of de.uka.ilkd.key.nparser.KeyAst$File:  <unknown>:1#1 
916432     INFO  Test worker     d.u.i.k.n.KeyIO           MODE: declarations took 0 ms 
916432     DEBUG Test worker     d.u.i.k.n.KeyIO           MODE: 2nd degree decls took 0 
916432     DEBUG Test worker     d.u.i.k.n.KeyIO           MODE: taclets took 0ms 
]]></system-out>
  <system-err><![CDATA[]]></system-err>
</testsuite>
