<?xml version="1.0" encoding="UTF-8"?>
<testsuite name="de.uka.ilkd.key.proof.TestGoal" tests="2" skipped="0" failures="0" errors="0" timestamp="2023-04-17T20:12:44" hostname="fv-az89-623" time="0.031">
  <properties/>
  <testcase name="testSetBack0()" classname="de.uka.ilkd.key.proof.TestGoal" time="0.026"/>
  <testcase name="testSetBack1()" classname="de.uka.ilkd.key.proof.TestGoal" time="0.005"/>
  <system-out><![CDATA[]]></system-out>
  <system-err><![CDATA[]]></system-err>
</testsuite>
