<?xml version="1.0" encoding="UTF-8"?>
<testsuite name="de.uka.ilkd.key.parser.TestDeclParser" tests="14" skipped="2" failures="0" errors="0" timestamp="2023-04-17T20:08:34" hostname="fv-az89-623" time="12.786">
  <properties/>
  <testcase name="testGenericSortDecl1()" classname="de.uka.ilkd.key.parser.TestDeclParser" time="1.185"/>
  <testcase name="testGenericSortDecl2()" classname="de.uka.ilkd.key.parser.TestDeclParser" time="1.022"/>
  <testcase name="testGenericSortDecl3()" classname="de.uka.ilkd.key.parser.TestDeclParser" time="1.208"/>
  <testcase name="testGenericSortDecl4()" classname="de.uka.ilkd.key.parser.TestDeclParser" time="1.09"/>
  <testcase name="testGenericSortDecl5()" classname="de.uka.ilkd.key.parser.TestDeclParser" time="0.0">
    <skipped/>
  </testcase>
  <testcase name="testGenericSortDecl6()" classname="de.uka.ilkd.key.parser.TestDeclParser" time="0.952"/>
  <testcase name="testSortDecl()" classname="de.uka.ilkd.key.parser.TestDeclParser" time="1.073"/>
  <testcase name="testProxySortDecl()" classname="de.uka.ilkd.key.parser.TestDeclParser" time="1.009"/>
  <testcase name="testArrayDecl()" classname="de.uka.ilkd.key.parser.TestDeclParser" time="1.059"/>
  <testcase name="testAmbiguousDecls()" classname="de.uka.ilkd.key.parser.TestDeclParser" time="0.0">
    <skipped/>
  </testcase>
  <testcase name="testHeurDecl()" classname="de.uka.ilkd.key.parser.TestDeclParser" time="1.065"/>
  <testcase name="testFunctionDecl()" classname="de.uka.ilkd.key.parser.TestDeclParser" time="0.953"/>
  <testcase name="testPredicateDecl()" classname="de.uka.ilkd.key.parser.TestDeclParser" time="1.107"/>
  <testcase name="testSVDecl()" classname="de.uka.ilkd.key.parser.TestDeclParser" time="1.057"/>
  <system-out><![CDATA[252227     INFO  Test worker     d.u.i.k.n.KeyIO           Parsing took 0 ms 
252227     DEBUG Test worker     d.u.i.k.n.KeyIO           Load declarations of de.uka.ilkd.key.nparser.KeyAst$File:  <unknown>:1#1 
252227     INFO  Test worker     d.u.i.k.n.KeyIO           MODE: declarations took 0 ms 
252227     DEBUG Test worker     d.u.i.k.n.KeyIO           MODE: 2nd degree decls took 0 
252227     DEBUG Test worker     d.u.i.k.n.KeyIO           MODE: taclets took 0ms 
253243     INFO  Test worker     d.u.i.k.n.KeyIO           Parsing took 0 ms 
253243     DEBUG Test worker     d.u.i.k.n.KeyIO           Load declarations of de.uka.ilkd.key.nparser.KeyAst$File:  <unknown>:1#1 
253243     INFO  Test worker     d.u.i.k.n.KeyIO           MODE: declarations took 0 ms 
253243     DEBUG Test worker     d.u.i.k.n.KeyIO           MODE: 2nd degree decls took 0 
253243     DEBUG Test worker     d.u.i.k.n.KeyIO           MODE: taclets took 0ms 
254463     INFO  Test worker     d.u.i.k.n.KeyIO           Parsing took 0 ms 
254463     DEBUG Test worker     d.u.i.k.n.KeyIO           Load declarations of de.uka.ilkd.key.nparser.KeyAst$File:  <unknown>:1#1 
254463     INFO  Test worker     d.u.i.k.n.KeyIO           MODE: declarations took 0 ms 
254463     DEBUG Test worker     d.u.i.k.n.KeyIO           MODE: 2nd degree decls took 0 
254463     DEBUG Test worker     d.u.i.k.n.KeyIO           MODE: taclets took 0ms 
255542     INFO  Test worker     d.u.i.k.n.KeyIO           Parsing took 0 ms 
255542     DEBUG Test worker     d.u.i.k.n.KeyIO           Load declarations of de.uka.ilkd.key.nparser.KeyAst$File:  <unknown>:1#1 
255542     INFO  Test worker     d.u.i.k.n.KeyIO           MODE: declarations took 0 ms 
255542     DEBUG Test worker     d.u.i.k.n.KeyIO           MODE: 2nd degree decls took 0 
255542     DEBUG Test worker     d.u.i.k.n.KeyIO           MODE: taclets took 0ms 
256496     INFO  Test worker     d.u.i.k.n.KeyIO           Parsing took 0 ms 
256496     DEBUG Test worker     d.u.i.k.n.KeyIO           Load declarations of de.uka.ilkd.key.nparser.KeyAst$File:  <unknown>:1#1 
256496     INFO  Test worker     d.u.i.k.n.KeyIO           MODE: declarations took 0 ms 
256496     DEBUG Test worker     d.u.i.k.n.KeyIO           MODE: 2nd degree decls took 0 
256496     DEBUG Test worker     d.u.i.k.n.KeyIO           MODE: taclets took 0ms 
257575     INFO  Test worker     d.u.i.k.n.KeyIO           Parsing took 0 ms 
257575     DEBUG Test worker     d.u.i.k.n.KeyIO           Load declarations of de.uka.ilkd.key.nparser.KeyAst$File:  <unknown>:1#1 
257575     INFO  Test worker     d.u.i.k.n.KeyIO           MODE: declarations took 0 ms 
257575     DEBUG Test worker     d.u.i.k.n.KeyIO           MODE: 2nd degree decls took 0 
257575     DEBUG Test worker     d.u.i.k.n.KeyIO           MODE: taclets took 0ms 
258576     INFO  Test worker     d.u.i.k.n.KeyIO           Parsing took 0 ms 
258576     DEBUG Test worker     d.u.i.k.n.KeyIO           Load declarations of de.uka.ilkd.key.nparser.KeyAst$File:  <unknown>:1#1 
258592     INFO  Test worker     d.u.i.k.n.KeyIO           MODE: declarations took 16 ms 
258592     DEBUG Test worker     d.u.i.k.n.KeyIO           MODE: 2nd degree decls took 0 
258592     DEBUG Test worker     d.u.i.k.n.KeyIO           MODE: taclets took 0ms 
259639     INFO  Test worker     d.u.i.k.n.KeyIO           Parsing took 0 ms 
259639     DEBUG Test worker     d.u.i.k.n.KeyIO           Load declarations of de.uka.ilkd.key.nparser.KeyAst$File:  <unknown>:1#1 
259639     INFO  Test worker     d.u.i.k.n.KeyIO           MODE: declarations took 0 ms 
259639     DEBUG Test worker     d.u.i.k.n.KeyIO           MODE: 2nd degree decls took 0 
259639     DEBUG Test worker     d.u.i.k.n.KeyIO           MODE: taclets took 0ms 
260702     INFO  Test worker     d.u.i.k.n.KeyIO           Parsing took 0 ms 
260702     DEBUG Test worker     d.u.i.k.n.KeyIO           Load declarations of de.uka.ilkd.key.nparser.KeyAst$File:  <unknown>:1#1 
260702     INFO  Test worker     d.u.i.k.n.KeyIO           MODE: declarations took 0 ms 
260702     DEBUG Test worker     d.u.i.k.n.KeyIO           MODE: 2nd degree decls took 0 
260702     DEBUG Test worker     d.u.i.k.n.KeyIO           MODE: taclets took 0ms 
261655     INFO  Test worker     d.u.i.k.n.KeyIO           Parsing took 0 ms 
261655     DEBUG Test worker     d.u.i.k.n.KeyIO           Load declarations of de.uka.ilkd.key.nparser.KeyAst$File:  <unknown>:1#1 
261655     INFO  Test worker     d.u.i.k.n.KeyIO           MODE: declarations took 0 ms 
261655     DEBUG Test worker     d.u.i.k.n.KeyIO           MODE: 2nd degree decls took 0 
261655     DEBUG Test worker     d.u.i.k.n.KeyIO           MODE: taclets took 0ms 
262765     INFO  Test worker     d.u.i.k.n.KeyIO           Parsing took 0 ms 
262765     DEBUG Test worker     d.u.i.k.n.KeyIO           Load declarations of de.uka.ilkd.key.nparser.KeyAst$File:  <unknown>:1#1 
262765     INFO  Test worker     d.u.i.k.n.KeyIO           MODE: declarations took 0 ms 
262765     DEBUG Test worker     d.u.i.k.n.KeyIO           MODE: 2nd degree decls took 0 
262765     DEBUG Test worker     d.u.i.k.n.KeyIO           MODE: taclets took 0ms 
263812     INFO  Test worker     d.u.i.k.n.KeyIO           Parsing took 0 ms 
263828     DEBUG Test worker     d.u.i.k.n.KeyIO           Load declarations of de.uka.ilkd.key.nparser.KeyAst$File:  <unknown>:1#1 
263828     INFO  Test worker     d.u.i.k.n.KeyIO           MODE: declarations took 0 ms 
263828     DEBUG Test worker     d.u.i.k.n.KeyIO           MODE: 2nd degree decls took 0 
263828     DEBUG Test worker     d.u.i.k.n.KeyIO           MODE: taclets took 0ms 
]]></system-out>
  <system-err><![CDATA[]]></system-err>
</testsuite>
