<?xml version="1.0" encoding="UTF-8"?>
<testsuite name="de.uka.ilkd.key.util.TestSearchNodePreorderIterator" tests="4" skipped="0" failures="0" errors="0" timestamp="2023-04-17T20:19:50" hostname="fv-az89-623" time="0.022">
  <properties/>
  <testcase name="testNodesThreeLevel()" classname="de.uka.ilkd.key.util.TestSearchNodePreorderIterator" time="0.006"/>
  <testcase name="testEmptyRoot()" classname="de.uka.ilkd.key.util.TestSearchNodePreorderIterator" time="0.005"/>
  <testcase name="testNodesTwoLevel()" classname="de.uka.ilkd.key.util.TestSearchNodePreorderIterator" time="0.006"/>
  <testcase name="testNodesOneLevel()" classname="de.uka.ilkd.key.util.TestSearchNodePreorderIterator" time="0.004"/>
  <system-out><![CDATA[]]></system-out>
  <system-err><![CDATA[]]></system-err>
</testsuite>
