<?xml version="1.0" encoding="UTF-8"?>
<testsuite name="de.uka.ilkd.key.testcase.smt.testgen.TestTestgen" tests="1" skipped="0" failures="0" errors="0" timestamp="2023-05-09T07:31:43" hostname="fv-az479-931" time="4.853">
  <properties/>
  <testcase name="testMiddle()" classname="de.uka.ilkd.key.testcase.smt.testgen.TestTestgen" time="4.853"/>
  <system-out><![CDATA[16820      WARN  Test worker     d.u.i.k.t.s.t.TestTestgen Warning: Z3_CE is not installed, tests skipped. 
16820      WARN  Test worker     d.u.i.k.t.s.t.TestTestgen Maybe use JVM system property "z3SolverPath" to define the path to the Z3 command. 
16820      INFO  Test worker     d.u.i.k.p.i.AbstractProblemLoader Loading environment from src\test\resources\testcase\smt\tg\middle.key 
16820      DEBUG Test worker     d.u.i.k.p.i.AbstractProblemLoader Environment load took 282.6ns 
16835      INFO  Test worker     d.u.i.k.p.i.AbstractProblemLoader Creating init config 
20728      DEBUG Test worker     d.u.i.k.p.i.AbstractProblemLoader Init config took 3.89s 
20853      INFO  Test worker     d.u.i.k.p.i.AbstractProblemLoader Replaying proof Middle[Middle::middle(int,int,int)].JML normal_behavior operation contract.0 
20868      DEBUG Test worker     d.u.i.k.p.i.IntermediateProofReplayer Proof replay took 20.8ns 
]]></system-out>
  <system-err><![CDATA[]]></system-err>
</testsuite>
