<?xml version="1.0" encoding="UTF-8"?>
<testsuite name="de.uka.ilkd.key.util.removegenerics.TestTypeReference" tests="9" skipped="0" failures="0" errors="0" timestamp="2023-06-05T22:25:22" hostname="fv-az454-800" time="0.072">
  <properties/>
  <testcase name="testTypeVariableArray()" classname="de.uka.ilkd.key.util.removegenerics.TestTypeReference" time="0.004"/>
  <testcase name="testQualifiedBound()" classname="de.uka.ilkd.key.util.removegenerics.TestTypeReference" time="0.009"/>
  <testcase name="testExtendsAndImplementsReference()" classname="de.uka.ilkd.key.util.removegenerics.TestTypeReference" time="0.005"/>
  <testcase name="testCastToTV()" classname="de.uka.ilkd.key.util.removegenerics.TestTypeReference" time="0.003"/>
  <testcase name="testTypeVariable()" classname="de.uka.ilkd.key.util.removegenerics.TestTypeReference" time="0.003"/>
  <testcase name="testLocVar()" classname="de.uka.ilkd.key.util.removegenerics.TestTypeReference" time="0.004"/>
  <testcase name="testVariableDeclaration()" classname="de.uka.ilkd.key.util.removegenerics.TestTypeReference" time="0.003"/>
  <testcase name="testFieldType()" classname="de.uka.ilkd.key.util.removegenerics.TestTypeReference" time="0.011"/>
  <testcase name="testConstructor()" classname="de.uka.ilkd.key.util.removegenerics.TestTypeReference" time="0.004"/>
  <system-out><![CDATA[]]></system-out>
  <system-err><![CDATA[]]></system-err>
</testsuite>
