<?xml version="1.0" encoding="UTF-8"?>
<testsuite name="de.uka.ilkd.key.proof.proverules.ProveRulesTest" tests="196" skipped="0" failures="0" errors="0" timestamp="2023-03-31T13:27:09" hostname="fv-az934-54" time="787.942">
  <properties/>
  <testcase name="eqTermCut" classname="de.uka.ilkd.key.proof.proverules.ProveRulesTest" time="4.782"/>
  <testcase name="equivAllRight" classname="de.uka.ilkd.key.proof.proverules.ProveRulesTest" time="4.328"/>
  <testcase name="irrflConcrete1" classname="de.uka.ilkd.key.proof.proverules.ProveRulesTest" time="4.171"/>
  <testcase name="irrflConcrete2" classname="de.uka.ilkd.key.proof.proverules.ProveRulesTest" time="4.042"/>
  <testcase name="cancel_gtPos" classname="de.uka.ilkd.key.proof.proverules.ProveRulesTest" time="4.018"/>
  <testcase name="cancel_gtNeg" classname="de.uka.ilkd.key.proof.proverules.ProveRulesTest" time="4.029"/>
  <testcase name="moduloIntIsInInt" classname="de.uka.ilkd.key.proof.proverules.ProveRulesTest" time="3.949"/>
  <testcase name="moduloLongIsInLong" classname="de.uka.ilkd.key.proof.proverules.ProveRulesTest" time="3.905"/>
  <testcase name="moduloShortIsInShort" classname="de.uka.ilkd.key.proof.proverules.ProveRulesTest" time="3.947"/>
  <testcase name="moduloByteIsInByte" classname="de.uka.ilkd.key.proof.proverules.ProveRulesTest" time="4.034"/>
  <testcase name="moduloCharIsInChar" classname="de.uka.ilkd.key.proof.proverules.ProveRulesTest" time="4.028"/>
  <testcase name="div_unique1" classname="de.uka.ilkd.key.proof.proverules.ProveRulesTest" time="4.049"/>
  <testcase name="div_unique2" classname="de.uka.ilkd.key.proof.proverules.ProveRulesTest" time="3.993"/>
  <testcase name="div_exists" classname="de.uka.ilkd.key.proof.proverules.ProveRulesTest" time="4.244"/>
  <testcase name="div_one" classname="de.uka.ilkd.key.proof.proverules.ProveRulesTest" time="3.886"/>
  <testcase name="jdiv_one" classname="de.uka.ilkd.key.proof.proverules.ProveRulesTest" time="3.817"/>
  <testcase name="div_zero" classname="de.uka.ilkd.key.proof.proverules.ProveRulesTest" time="3.958"/>
  <testcase name="divResZero1" classname="de.uka.ilkd.key.proof.proverules.ProveRulesTest" time="3.927"/>
  <testcase name="divResZero2" classname="de.uka.ilkd.key.proof.proverules.ProveRulesTest" time="3.963"/>
  <testcase name="divResOne1" classname="de.uka.ilkd.key.proof.proverules.ProveRulesTest" time="3.851"/>
  <testcase name="divResOne2" classname="de.uka.ilkd.key.proof.proverules.ProveRulesTest" time="3.817"/>
  <testcase name="div_cancel1" classname="de.uka.ilkd.key.proof.proverules.ProveRulesTest" time="3.863"/>
  <testcase name="div_cancel2" classname="de.uka.ilkd.key.proof.proverules.ProveRulesTest" time="3.885"/>
  <testcase name="divAddMultDenom" classname="de.uka.ilkd.key.proof.proverules.ProveRulesTest" time="3.904"/>
  <testcase name="divMinus" classname="de.uka.ilkd.key.proof.proverules.ProveRulesTest" time="4.007"/>
  <testcase name="divMinusDenom" classname="de.uka.ilkd.key.proof.proverules.ProveRulesTest" time="3.953"/>
  <testcase name="divLeastDPos" classname="de.uka.ilkd.key.proof.proverules.ProveRulesTest" time="3.873"/>
  <testcase name="divLeastDNeg" classname="de.uka.ilkd.key.proof.proverules.ProveRulesTest" time="3.932"/>
  <testcase name="divGreatestDPos" classname="de.uka.ilkd.key.proof.proverules.ProveRulesTest" time="3.847"/>
  <testcase name="divGreatestDNeg" classname="de.uka.ilkd.key.proof.proverules.ProveRulesTest" time="3.876"/>
  <testcase name="divIncreasingPos" classname="de.uka.ilkd.key.proof.proverules.ProveRulesTest" time="3.825"/>
  <testcase name="divIncreasingNeg" classname="de.uka.ilkd.key.proof.proverules.ProveRulesTest" time="3.852"/>
  <testcase name="jdiv_zero" classname="de.uka.ilkd.key.proof.proverules.ProveRulesTest" time="3.898"/>
  <testcase name="jdivPulloutMinusNum" classname="de.uka.ilkd.key.proof.proverules.ProveRulesTest" time="3.903"/>
  <testcase name="jdivPulloutMinusDenom" classname="de.uka.ilkd.key.proof.proverules.ProveRulesTest" time="3.875"/>
  <testcase name="jdiv_uniquePosPos" classname="de.uka.ilkd.key.proof.proverules.ProveRulesTest" time="3.834"/>
  <testcase name="jdiv_uniquePosNeg" classname="de.uka.ilkd.key.proof.proverules.ProveRulesTest" time="3.84"/>
  <testcase name="jdiv_uniqueNegPos" classname="de.uka.ilkd.key.proof.proverules.ProveRulesTest" time="3.905"/>
  <testcase name="jdiv_uniqueNegNeg" classname="de.uka.ilkd.key.proof.proverules.ProveRulesTest" time="3.9"/>
  <testcase name="jdivMultDenom1" classname="de.uka.ilkd.key.proof.proverules.ProveRulesTest" time="3.931"/>
  <testcase name="jdivMultDenom2" classname="de.uka.ilkd.key.proof.proverules.ProveRulesTest" time="3.751"/>
  <testcase name="mod_geZero" classname="de.uka.ilkd.key.proof.proverules.ProveRulesTest" time="3.856"/>
  <testcase name="mod_lessDenom" classname="de.uka.ilkd.key.proof.proverules.ProveRulesTest" time="3.91"/>
  <testcase name="jmod_NumPos" classname="de.uka.ilkd.key.proof.proverules.ProveRulesTest" time="3.878"/>
  <testcase name="jmod_NumNeg" classname="de.uka.ilkd.key.proof.proverules.ProveRulesTest" time="3.828"/>
  <testcase name="jmod_geZero" classname="de.uka.ilkd.key.proof.proverules.ProveRulesTest" time="3.901"/>
  <testcase name="jmodNumZero" classname="de.uka.ilkd.key.proof.proverules.ProveRulesTest" time="3.844"/>
  <testcase name="jmod_pulloutminusNum" classname="de.uka.ilkd.key.proof.proverules.ProveRulesTest" time="3.846"/>
  <testcase name="jmod_pulloutminusDenom" classname="de.uka.ilkd.key.proof.proverules.ProveRulesTest" time="3.819"/>
  <testcase name="jmodUnique1" classname="de.uka.ilkd.key.proof.proverules.ProveRulesTest" time="3.934"/>
  <testcase name="jmodUnique2" classname="de.uka.ilkd.key.proof.proverules.ProveRulesTest" time="4.015"/>
  <testcase name="intDivRem" classname="de.uka.ilkd.key.proof.proverules.ProveRulesTest" time="3.868"/>
  <testcase name="jmodjmod" classname="de.uka.ilkd.key.proof.proverules.ProveRulesTest" time="3.961"/>
  <testcase name="jmodDivisible" classname="de.uka.ilkd.key.proof.proverules.ProveRulesTest" time="3.904"/>
  <testcase name="jmodDivisibleRep" classname="de.uka.ilkd.key.proof.proverules.ProveRulesTest" time="3.853"/>
  <testcase name="jdivAddMultDenom" classname="de.uka.ilkd.key.proof.proverules.ProveRulesTest" time="4.143"/>
  <testcase name="jmodAltZero" classname="de.uka.ilkd.key.proof.proverules.ProveRulesTest" time="3.906"/>
  <testcase name="jmodAddMultDenomZero" classname="de.uka.ilkd.key.proof.proverules.ProveRulesTest" time="3.905"/>
  <testcase name="polyDiv_zero" classname="de.uka.ilkd.key.proof.proverules.ProveRulesTest" time="3.989"/>
  <testcase name="polyMod_ltdivDenom" classname="de.uka.ilkd.key.proof.proverules.ProveRulesTest" time="3.894"/>
  <testcase name="bsum_empty" classname="de.uka.ilkd.key.proof.proverules.ProveRulesTest" time="3.885"/>
  <testcase name="bsum_induction_upper" classname="de.uka.ilkd.key.proof.proverules.ProveRulesTest" time="3.95"/>
  <testcase name="bsum_induction_lower" classname="de.uka.ilkd.key.proof.proverules.ProveRulesTest" time="3.922"/>
  <testcase name="bsum_num_of_bounds" classname="de.uka.ilkd.key.proof.proverules.ProveRulesTest" time="3.92"/>
  <testcase name="bsum_num_of_bounds2" classname="de.uka.ilkd.key.proof.proverules.ProveRulesTest" time="3.844"/>
  <testcase name="bsum_induction_upper2" classname="de.uka.ilkd.key.proof.proverules.ProveRulesTest" time="3.867"/>
  <testcase name="bsum_induction_upper_concrete" classname="de.uka.ilkd.key.proof.proverules.ProveRulesTest" time="3.901"/>
  <testcase name="bsum_induction_upper_concrete_2" classname="de.uka.ilkd.key.proof.proverules.ProveRulesTest" time="3.849"/>
  <testcase name="bsum_induction_upper2_concrete" classname="de.uka.ilkd.key.proof.proverules.ProveRulesTest" time="3.861"/>
  <testcase name="bsum_induction_lower_concrete" classname="de.uka.ilkd.key.proof.proverules.ProveRulesTest" time="3.843"/>
  <testcase name="bsum_induction_lower2" classname="de.uka.ilkd.key.proof.proverules.ProveRulesTest" time="3.825"/>
  <testcase name="bsum_induction_lower2_concrete" classname="de.uka.ilkd.key.proof.proverules.ProveRulesTest" time="3.866"/>
  <testcase name="bsum_positive" classname="de.uka.ilkd.key.proof.proverules.ProveRulesTest" time="3.955"/>
  <testcase name="bsum_upper_bound" classname="de.uka.ilkd.key.proof.proverules.ProveRulesTest" time="3.876"/>
  <testcase name="bsum_lower_bound" classname="de.uka.ilkd.key.proof.proverules.ProveRulesTest" time="3.868"/>
  <testcase name="bsum_positive_lower_bound_element" classname="de.uka.ilkd.key.proof.proverules.ProveRulesTest" time="3.812"/>
  <testcase name="bsum_sub_same_index" classname="de.uka.ilkd.key.proof.proverules.ProveRulesTest" time="3.861"/>
  <testcase name="bsum_less_same_index" classname="de.uka.ilkd.key.proof.proverules.ProveRulesTest" time="3.906"/>
  <testcase name="bsum_equal_except_one_index" classname="de.uka.ilkd.key.proof.proverules.ProveRulesTest" time="3.897"/>
  <testcase name="bsum_num_of_is_max" classname="de.uka.ilkd.key.proof.proverules.ProveRulesTest" time="3.89"/>
  <testcase name="bsum_num_of_is_max2" classname="de.uka.ilkd.key.proof.proverules.ProveRulesTest" time="3.848"/>
  <testcase name="bsum_num_of_is_max3" classname="de.uka.ilkd.key.proof.proverules.ProveRulesTest" time="3.887"/>
  <testcase name="bsum_num_of_is_max4" classname="de.uka.ilkd.key.proof.proverules.ProveRulesTest" time="3.881"/>
  <testcase name="bsum_num_of_lt_max" classname="de.uka.ilkd.key.proof.proverules.ProveRulesTest" time="3.924"/>
  <testcase name="bsum_num_of_lt_max2" classname="de.uka.ilkd.key.proof.proverules.ProveRulesTest" time="3.867"/>
  <testcase name="bsum_num_of_lt_max3" classname="de.uka.ilkd.key.proof.proverules.ProveRulesTest" time="3.941"/>
  <testcase name="bsum_num_of_lt_max4" classname="de.uka.ilkd.key.proof.proverules.ProveRulesTest" time="3.932"/>
  <testcase name="bsum_num_of_gt0" classname="de.uka.ilkd.key.proof.proverules.ProveRulesTest" time="3.889"/>
  <testcase name="bsum_num_of_gt0_alt" classname="de.uka.ilkd.key.proof.proverules.ProveRulesTest" time="3.907"/>
  <testcase name="bsum_add_concrete" classname="de.uka.ilkd.key.proof.proverules.ProveRulesTest" time="3.902"/>
  <testcase name="bprod_all_positive" classname="de.uka.ilkd.key.proof.proverules.ProveRulesTest" time="3.84"/>
  <testcase name="bprod_split" classname="de.uka.ilkd.key.proof.proverules.ProveRulesTest" time="3.891"/>
  <testcase name="powConcrete0" classname="de.uka.ilkd.key.proof.proverules.ProveRulesTest" time="3.828"/>
  <testcase name="powConcrete1" classname="de.uka.ilkd.key.proof.proverules.ProveRulesTest" time="3.865"/>
  <testcase name="powSplitFactor" classname="de.uka.ilkd.key.proof.proverules.ProveRulesTest" time="3.868"/>
  <testcase name="powAdd" classname="de.uka.ilkd.key.proof.proverules.ProveRulesTest" time="3.861"/>
  <testcase name="powMono" classname="de.uka.ilkd.key.proof.proverules.ProveRulesTest" time="3.917"/>
  <testcase name="powMonoConcrete" classname="de.uka.ilkd.key.proof.proverules.ProveRulesTest" time="3.884"/>
  <testcase name="powMonoConcreteRight" classname="de.uka.ilkd.key.proof.proverules.ProveRulesTest" time="3.873"/>
  <testcase name="powPositive" classname="de.uka.ilkd.key.proof.proverules.ProveRulesTest" time="3.951"/>
  <testcase name="powPositiveConcrete" classname="de.uka.ilkd.key.proof.proverules.ProveRulesTest" time="3.884"/>
  <testcase name="powGeq1Concrete" classname="de.uka.ilkd.key.proof.proverules.ProveRulesTest" time="3.895"/>
  <testcase name="pow2InIntLower" classname="de.uka.ilkd.key.proof.proverules.ProveRulesTest" time="3.862"/>
  <testcase name="pow2InIntUpper" classname="de.uka.ilkd.key.proof.proverules.ProveRulesTest" time="3.842"/>
  <testcase name="logSelfConcrete" classname="de.uka.ilkd.key.proof.proverules.ProveRulesTest" time="3.879"/>
  <testcase name="log1Concrete" classname="de.uka.ilkd.key.proof.proverules.ProveRulesTest" time="3.864"/>
  <testcase name="logProduct" classname="de.uka.ilkd.key.proof.proverules.ProveRulesTest" time="3.842"/>
  <testcase name="logTimesBaseConcrete" classname="de.uka.ilkd.key.proof.proverules.ProveRulesTest" time="3.852"/>
  <testcase name="logProdIdentity" classname="de.uka.ilkd.key.proof.proverules.ProveRulesTest" time="3.819"/>
  <testcase name="logProdIdentityConcrete" classname="de.uka.ilkd.key.proof.proverules.ProveRulesTest" time="3.818"/>
  <testcase name="logPowIdentity" classname="de.uka.ilkd.key.proof.proverules.ProveRulesTest" time="3.838"/>
  <testcase name="logPowIdentityConcrete" classname="de.uka.ilkd.key.proof.proverules.ProveRulesTest" time="3.854"/>
  <testcase name="logPositive" classname="de.uka.ilkd.key.proof.proverules.ProveRulesTest" time="3.882"/>
  <testcase name="logPositiveConcrete" classname="de.uka.ilkd.key.proof.proverules.ProveRulesTest" time="3.829"/>
  <testcase name="logMono" classname="de.uka.ilkd.key.proof.proverules.ProveRulesTest" time="3.977"/>
  <testcase name="logMonoConcrete" classname="de.uka.ilkd.key.proof.proverules.ProveRulesTest" time="3.82"/>
  <testcase name="powLogLess" classname="de.uka.ilkd.key.proof.proverules.ProveRulesTest" time="3.862"/>
  <testcase name="powLogMore2" classname="de.uka.ilkd.key.proof.proverules.ProveRulesTest" time="3.854"/>
  <testcase name="logLessThanPow" classname="de.uka.ilkd.key.proof.proverules.ProveRulesTest" time="3.941"/>
  <testcase name="logLessThanPowConcrete" classname="de.uka.ilkd.key.proof.proverules.ProveRulesTest" time="3.88"/>
  <testcase name="logSqueeze" classname="de.uka.ilkd.key.proof.proverules.ProveRulesTest" time="3.878"/>
  <testcase name="ifthenelse_equals" classname="de.uka.ilkd.key.proof.proverules.ProveRulesTest" time="3.847"/>
  <testcase name="ifthenelse_equals_1" classname="de.uka.ilkd.key.proof.proverules.ProveRulesTest" time="3.901"/>
  <testcase name="ifthenelse_equals_2" classname="de.uka.ilkd.key.proof.proverules.ProveRulesTest" time="3.87"/>
  <testcase name="disjointWithSingleton1" classname="de.uka.ilkd.key.proof.proverules.ProveRulesTest" time="3.867"/>
  <testcase name="disjointWithSingleton2" classname="de.uka.ilkd.key.proof.proverules.ProveRulesTest" time="3.87"/>
  <testcase name="disjointArrayRanges" classname="de.uka.ilkd.key.proof.proverules.ProveRulesTest" time="3.827"/>
  <testcase name="disjointArrayRangeAllFields1" classname="de.uka.ilkd.key.proof.proverules.ProveRulesTest" time="3.855"/>
  <testcase name="disjointArrayRangeAllFields2" classname="de.uka.ilkd.key.proof.proverules.ProveRulesTest" time="3.882"/>
  <testcase name="seqSelfDefinition" classname="de.uka.ilkd.key.proof.proverules.ProveRulesTest" time="3.886"/>
  <testcase name="seqOutsideValue" classname="de.uka.ilkd.key.proof.proverules.ProveRulesTest" time="3.941"/>
  <testcase name="castedGetAny" classname="de.uka.ilkd.key.proof.proverules.ProveRulesTest" time="3.92"/>
  <testcase name="seqGetAlphaCast" classname="de.uka.ilkd.key.proof.proverules.ProveRulesTest" time="3.873"/>
  <testcase name="getOfSeqSingleton" classname="de.uka.ilkd.key.proof.proverules.ProveRulesTest" time="3.856"/>
  <testcase name="getOfSeqSingletonConcrete" classname="de.uka.ilkd.key.proof.proverules.ProveRulesTest" time="3.901"/>
  <testcase name="getOfSeqConcat" classname="de.uka.ilkd.key.proof.proverules.ProveRulesTest" time="3.892"/>
  <testcase name="getOfSeqSub" classname="de.uka.ilkd.key.proof.proverules.ProveRulesTest" time="3.901"/>
  <testcase name="getOfSeqReverse" classname="de.uka.ilkd.key.proof.proverules.ProveRulesTest" time="3.918"/>
  <testcase name="lenOfSeqEmpty" classname="de.uka.ilkd.key.proof.proverules.ProveRulesTest" time="3.89"/>
  <testcase name="lenOfSeqSingleton" classname="de.uka.ilkd.key.proof.proverules.ProveRulesTest" time="3.87"/>
  <testcase name="lenOfSeqConcat" classname="de.uka.ilkd.key.proof.proverules.ProveRulesTest" time="3.855"/>
  <testcase name="lenOfSeqSub" classname="de.uka.ilkd.key.proof.proverules.ProveRulesTest" time="3.898"/>
  <testcase name="lenOfSeqReverse" classname="de.uka.ilkd.key.proof.proverules.ProveRulesTest" time="3.954"/>
  <testcase name="equalityToSeqGetAndSeqLenLeft" classname="de.uka.ilkd.key.proof.proverules.ProveRulesTest" time="3.936"/>
  <testcase name="equalityToSeqGetAndSeqLenRight" classname="de.uka.ilkd.key.proof.proverules.ProveRulesTest" time="3.977"/>
  <testcase name="getOfSeqSingletonEQ" classname="de.uka.ilkd.key.proof.proverules.ProveRulesTest" time="3.974"/>
  <testcase name="getOfSeqConcatEQ" classname="de.uka.ilkd.key.proof.proverules.ProveRulesTest" time="3.89"/>
  <testcase name="getOfSeqSubEQ" classname="de.uka.ilkd.key.proof.proverules.ProveRulesTest" time="3.843"/>
  <testcase name="getOfSeqReverseEQ" classname="de.uka.ilkd.key.proof.proverules.ProveRulesTest" time="3.893"/>
  <testcase name="lenOfSeqEmptyEQ" classname="de.uka.ilkd.key.proof.proverules.ProveRulesTest" time="3.856"/>
  <testcase name="lenOfSeqSingletonEQ" classname="de.uka.ilkd.key.proof.proverules.ProveRulesTest" time="3.85"/>
  <testcase name="lenOfSeqConcatEQ" classname="de.uka.ilkd.key.proof.proverules.ProveRulesTest" time="3.826"/>
  <testcase name="lenOfSeqSubEQ" classname="de.uka.ilkd.key.proof.proverules.ProveRulesTest" time="3.911"/>
  <testcase name="lenOfSeqReverseEQ" classname="de.uka.ilkd.key.proof.proverules.ProveRulesTest" time="3.821"/>
  <testcase name="getOfSeqDefEQ" classname="de.uka.ilkd.key.proof.proverules.ProveRulesTest" time="3.858"/>
  <testcase name="lenOfSeqDefEQ" classname="de.uka.ilkd.key.proof.proverules.ProveRulesTest" time="3.861"/>
  <testcase name="seqConcatWithSeqEmpty1" classname="de.uka.ilkd.key.proof.proverules.ProveRulesTest" time="3.851"/>
  <testcase name="seqConcatWithSeqEmpty2" classname="de.uka.ilkd.key.proof.proverules.ProveRulesTest" time="3.954"/>
  <testcase name="seqReverseOfSeqEmpty" classname="de.uka.ilkd.key.proof.proverules.ProveRulesTest" time="3.885"/>
  <testcase name="subSeqComplete" classname="de.uka.ilkd.key.proof.proverules.ProveRulesTest" time="3.912"/>
  <testcase name="subSeqTailR" classname="de.uka.ilkd.key.proof.proverules.ProveRulesTest" time="3.899"/>
  <testcase name="subSeqTailL" classname="de.uka.ilkd.key.proof.proverules.ProveRulesTest" time="3.897"/>
  <testcase name="subSeqTailEQR" classname="de.uka.ilkd.key.proof.proverules.ProveRulesTest" time="3.887"/>
  <testcase name="subSeqTailEQL" classname="de.uka.ilkd.key.proof.proverules.ProveRulesTest" time="3.882"/>
  <testcase name="seqDef_split" classname="de.uka.ilkd.key.proof.proverules.ProveRulesTest" time="3.922"/>
  <testcase name="seqDef_induction_upper" classname="de.uka.ilkd.key.proof.proverules.ProveRulesTest" time="3.937"/>
  <testcase name="seqDef_induction_upper_concrete" classname="de.uka.ilkd.key.proof.proverules.ProveRulesTest" time="3.898"/>
  <testcase name="seqDef_induction_lower" classname="de.uka.ilkd.key.proof.proverules.ProveRulesTest" time="3.889"/>
  <testcase name="seqDef_induction_lower_concrete" classname="de.uka.ilkd.key.proof.proverules.ProveRulesTest" time="3.957"/>
  <testcase name="seqDef_split_in_three" classname="de.uka.ilkd.key.proof.proverules.ProveRulesTest" time="4.084"/>
  <testcase name="seqDef_empty" classname="de.uka.ilkd.key.proof.proverules.ProveRulesTest" time="3.873"/>
  <testcase name="seqDef_one_summand" classname="de.uka.ilkd.key.proof.proverules.ProveRulesTest" time="3.81"/>
  <testcase name="seqDef_lower_equals_upper" classname="de.uka.ilkd.key.proof.proverules.ProveRulesTest" time="3.854"/>
  <testcase name="seqDefOfSeq" classname="de.uka.ilkd.key.proof.proverules.ProveRulesTest" time="3.88"/>
  <testcase name="seqSelfDefinitionEQ2" classname="de.uka.ilkd.key.proof.proverules.ProveRulesTest" time="3.889"/>
  <testcase name="indexOfSeqSingleton" classname="de.uka.ilkd.key.proof.proverules.ProveRulesTest" time="3.874"/>
  <testcase name="indexOfSeqConcatFirst" classname="de.uka.ilkd.key.proof.proverules.ProveRulesTest" time="3.916"/>
  <testcase name="indexOfSeqConcatSecond" classname="de.uka.ilkd.key.proof.proverules.ProveRulesTest" time="3.912"/>
  <testcase name="indexOfSeqSub" classname="de.uka.ilkd.key.proof.proverules.ProveRulesTest" time="3.902"/>
  <testcase name="lenOfArray2seq" classname="de.uka.ilkd.key.proof.proverules.ProveRulesTest" time="3.921"/>
  <testcase name="getAnyOfArray2seq" classname="de.uka.ilkd.key.proof.proverules.ProveRulesTest" time="3.972"/>
  <testcase name="getOfArray2seq" classname="de.uka.ilkd.key.proof.proverules.ProveRulesTest" time="3.947"/>
  <testcase name="getAnyOfNPermInv" classname="de.uka.ilkd.key.proof.proverules.ProveRulesTest" time="3.888"/>
  <testcase name="seqNPermRange" classname="de.uka.ilkd.key.proof.proverules.ProveRulesTest" time="3.97"/>
  <testcase name="seqPermTrans" classname="de.uka.ilkd.key.proof.proverules.ProveRulesTest" time="3.982"/>
  <testcase name="seqPermRefl" classname="de.uka.ilkd.key.proof.proverules.ProveRulesTest" time="3.859"/>
  <testcase name="seqPermSplit" classname="de.uka.ilkd.key.proof.proverules.ProveRulesTest" time="3.867"/>
  <testcase name="seqNPermRight" classname="de.uka.ilkd.key.proof.proverules.ProveRulesTest" time="4.319"/>
  <testcase name="seqPermFromSwap" classname="de.uka.ilkd.key.proof.proverules.ProveRulesTest" time="4.075"/>
  <testcase name="seqPermTransAlt0" classname="de.uka.ilkd.key.proof.proverules.ProveRulesTest" time="3.927"/>
  <testcase name="seqPermTransAlt1" classname="de.uka.ilkd.key.proof.proverules.ProveRulesTest" time="3.912"/>
  <testcase name="seqPermTransAlt2" classname="de.uka.ilkd.key.proof.proverules.ProveRulesTest" time="3.928"/>
  <testcase name="seqPermTransAlt3" classname="de.uka.ilkd.key.proof.proverules.ProveRulesTest" time="3.967"/>
  <testcase name="schiffl_lemma_2" classname="de.uka.ilkd.key.proof.proverules.ProveRulesTest" time="24.869"/>
  <testcase name="schiffl_thm_1" classname="de.uka.ilkd.key.proof.proverules.ProveRulesTest" time="4.629"/>
  <testcase name="eqSameSeq" classname="de.uka.ilkd.key.proof.proverules.ProveRulesTest" time="3.931"/>
  <system-out><![CDATA[934        WARN  Test worker     d.u.i.k.s.ProofSettings   No proof-settings could be loaded, using defaults java.io.FileNotFoundException: /home/runner/.key/proof-settings.props (No such file or directory)
	at java.base/java.io.FileInputStream.open0(Native Method)

14079      INFO  Test worker     d.u.i.k.t.l.TacletProofObligationInput Proof obligation for taclet: eqTermCut 
18544      INFO  Test worker     d.u.i.k.t.l.TacletProofObligationInput Proof obligation for taclet: equivAllRight 
22806      INFO  Test worker     d.u.i.k.t.l.TacletProofObligationInput Proof obligation for taclet: irrflConcrete1 
26872      INFO  Test worker     d.u.i.k.t.l.TacletProofObligationInput Proof obligation for taclet: irrflConcrete2 
30852      INFO  Test worker     d.u.i.k.t.l.TacletProofObligationInput Proof obligation for taclet: cancel_gtPos 
34908      INFO  Test worker     d.u.i.k.t.l.TacletProofObligationInput Proof obligation for taclet: cancel_gtNeg 
38906      INFO  Test worker     d.u.i.k.t.l.TacletProofObligationInput Proof obligation for taclet: moduloIntIsInInt 
42849      INFO  Test worker     d.u.i.k.t.l.TacletProofObligationInput Proof obligation for taclet: moduloLongIsInLong 
46771      INFO  Test worker     d.u.i.k.t.l.TacletProofObligationInput Proof obligation for taclet: moduloShortIsInShort 
50753      INFO  Test worker     d.u.i.k.t.l.TacletProofObligationInput Proof obligation for taclet: moduloByteIsInByte 
54858      INFO  Test worker     d.u.i.k.t.l.TacletProofObligationInput Proof obligation for taclet: moduloCharIsInChar 
58800      INFO  Test worker     d.u.i.k.t.l.TacletProofObligationInput Proof obligation for taclet: div_unique1 
62823      INFO  Test worker     d.u.i.k.t.l.TacletProofObligationInput Proof obligation for taclet: div_unique2 
66854      INFO  Test worker     d.u.i.k.t.l.TacletProofObligationInput Proof obligation for taclet: div_exists 
71061      INFO  Test worker     d.u.i.k.t.l.TacletProofObligationInput Proof obligation for taclet: div_one 
74860      INFO  Test worker     d.u.i.k.t.l.TacletProofObligationInput Proof obligation for taclet: jdiv_one 
78742      INFO  Test worker     d.u.i.k.t.l.TacletProofObligationInput Proof obligation for taclet: div_zero 
82724      INFO  Test worker     d.u.i.k.t.l.TacletProofObligationInput Proof obligation for taclet: divResZero1 
86709      INFO  Test worker     d.u.i.k.t.l.TacletProofObligationInput Proof obligation for taclet: divResZero2 
90569      INFO  Test worker     d.u.i.k.t.l.TacletProofObligationInput Proof obligation for taclet: divResOne1 
94382      INFO  Test worker     d.u.i.k.t.l.TacletProofObligationInput Proof obligation for taclet: divResOne2 
98233      INFO  Test worker     d.u.i.k.t.l.TacletProofObligationInput Proof obligation for taclet: div_cancel1 
102150     INFO  Test worker     d.u.i.k.t.l.TacletProofObligationInput Proof obligation for taclet: div_cancel2 
105989     INFO  Test worker     d.u.i.k.t.l.TacletProofObligationInput Proof obligation for taclet: divAddMultDenom 
109920     INFO  Test worker     d.u.i.k.t.l.TacletProofObligationInput Proof obligation for taclet: divMinus 
113947     INFO  Test worker     d.u.i.k.t.l.TacletProofObligationInput Proof obligation for taclet: divMinusDenom 
117899     INFO  Test worker     d.u.i.k.t.l.TacletProofObligationInput Proof obligation for taclet: divLeastDPos 
121803     INFO  Test worker     d.u.i.k.t.l.TacletProofObligationInput Proof obligation for taclet: divLeastDNeg 
125634     INFO  Test worker     d.u.i.k.t.l.TacletProofObligationInput Proof obligation for taclet: divGreatestDPos 
129524     INFO  Test worker     d.u.i.k.t.l.TacletProofObligationInput Proof obligation for taclet: divGreatestDNeg 
133351     INFO  Test worker     d.u.i.k.t.l.TacletProofObligationInput Proof obligation for taclet: divIncreasingPos 
137218     INFO  Test worker     d.u.i.k.t.l.TacletProofObligationInput Proof obligation for taclet: divIncreasingNeg 
141108     INFO  Test worker     d.u.i.k.t.l.TacletProofObligationInput Proof obligation for taclet: jdiv_zero 
144949     INFO  Test worker     d.u.i.k.t.l.TacletProofObligationInput Proof obligation for taclet: jdivPulloutMinusNum 
148845     INFO  Test worker     d.u.i.k.t.l.TacletProofObligationInput Proof obligation for taclet: jdivPulloutMinusDenom 
152701     INFO  Test worker     d.u.i.k.t.l.TacletProofObligationInput Proof obligation for taclet: jdiv_uniquePosPos 
156533     INFO  Test worker     d.u.i.k.t.l.TacletProofObligationInput Proof obligation for taclet: jdiv_uniquePosNeg 
160428     INFO  Test worker     d.u.i.k.t.l.TacletProofObligationInput Proof obligation for taclet: jdiv_uniqueNegPos 
164326     INFO  Test worker     d.u.i.k.t.l.TacletProofObligationInput Proof obligation for taclet: jdiv_uniqueNegNeg 
168243     INFO  Test worker     d.u.i.k.t.l.TacletProofObligationInput Proof obligation for taclet: jdivMultDenom1 
172087     INFO  Test worker     d.u.i.k.t.l.TacletProofObligationInput Proof obligation for taclet: jdivMultDenom2 
175901     INFO  Test worker     d.u.i.k.t.l.TacletProofObligationInput Proof obligation for taclet: mod_geZero 
179815     INFO  Test worker     d.u.i.k.t.l.TacletProofObligationInput Proof obligation for taclet: mod_lessDenom 
183676     INFO  Test worker     d.u.i.k.t.l.TacletProofObligationInput Proof obligation for taclet: jmod_NumPos 
187530     INFO  Test worker     d.u.i.k.t.l.TacletProofObligationInput Proof obligation for taclet: jmod_NumNeg 
191427     INFO  Test worker     d.u.i.k.t.l.TacletProofObligationInput Proof obligation for taclet: jmod_geZero 
195251     INFO  Test worker     d.u.i.k.t.l.TacletProofObligationInput Proof obligation for taclet: jmodNumZero 
199150     INFO  Test worker     d.u.i.k.t.l.TacletProofObligationInput Proof obligation for taclet: jmod_pulloutminusNum 
202937     INFO  Test worker     d.u.i.k.t.l.TacletProofObligationInput Proof obligation for taclet: jmod_pulloutminusDenom 
206732     INFO  Test worker     d.u.i.k.t.l.TacletProofObligationInput Proof obligation for taclet: jmodUnique1 
210723     INFO  Test worker     d.u.i.k.t.l.TacletProofObligationInput Proof obligation for taclet: jmodUnique2 
214731     INFO  Test worker     d.u.i.k.t.l.TacletProofObligationInput Proof obligation for taclet: intDivRem 
218664     INFO  Test worker     d.u.i.k.t.l.TacletProofObligationInput Proof obligation for taclet: jmodjmod 
222587     INFO  Test worker     d.u.i.k.t.l.TacletProofObligationInput Proof obligation for taclet: jmodDivisible 
226467     INFO  Test worker     d.u.i.k.t.l.TacletProofObligationInput Proof obligation for taclet: jmodDivisibleRep 
230360     INFO  Test worker     d.u.i.k.t.l.TacletProofObligationInput Proof obligation for taclet: jdivAddMultDenom 
234499     INFO  Test worker     d.u.i.k.t.l.TacletProofObligationInput Proof obligation for taclet: jmodAltZero 
238435     INFO  Test worker     d.u.i.k.t.l.TacletProofObligationInput Proof obligation for taclet: jmodAddMultDenomZero 
242388     INFO  Test worker     d.u.i.k.t.l.TacletProofObligationInput Proof obligation for taclet: polyDiv_zero 
246287     INFO  Test worker     d.u.i.k.t.l.TacletProofObligationInput Proof obligation for taclet: polyMod_ltdivDenom 
250196     INFO  Test worker     d.u.i.k.t.l.TacletProofObligationInput Proof obligation for taclet: bsum_empty 
254124     INFO  Test worker     d.u.i.k.t.l.TacletProofObligationInput Proof obligation for taclet: bsum_induction_upper 
258052     INFO  Test worker     d.u.i.k.t.l.TacletProofObligationInput Proof obligation for taclet: bsum_induction_lower 
261947     INFO  Test worker     d.u.i.k.t.l.TacletProofObligationInput Proof obligation for taclet: bsum_num_of_bounds 
265829     INFO  Test worker     d.u.i.k.t.l.TacletProofObligationInput Proof obligation for taclet: bsum_num_of_bounds2 
269724     INFO  Test worker     d.u.i.k.t.l.TacletProofObligationInput Proof obligation for taclet: bsum_induction_upper2 
273595     INFO  Test worker     d.u.i.k.t.l.TacletProofObligationInput Proof obligation for taclet: bsum_induction_upper_concrete 
277447     INFO  Test worker     d.u.i.k.t.l.TacletProofObligationInput Proof obligation for taclet: bsum_induction_upper_concrete_2 
281311     INFO  Test worker     d.u.i.k.t.l.TacletProofObligationInput Proof obligation for taclet: bsum_induction_upper2_concrete 
285157     INFO  Test worker     d.u.i.k.t.l.TacletProofObligationInput Proof obligation for taclet: bsum_induction_lower_concrete 
289001     INFO  Test worker     d.u.i.k.t.l.TacletProofObligationInput Proof obligation for taclet: bsum_induction_lower2 
292846     INFO  Test worker     d.u.i.k.t.l.TacletProofObligationInput Proof obligation for taclet: bsum_induction_lower2_concrete 
296688     INFO  Test worker     d.u.i.k.t.l.TacletProofObligationInput Proof obligation for taclet: bsum_positive 
300665     INFO  Test worker     d.u.i.k.t.l.TacletProofObligationInput Proof obligation for taclet: bsum_upper_bound 
304509     INFO  Test worker     d.u.i.k.t.l.TacletProofObligationInput Proof obligation for taclet: bsum_lower_bound 
308332     INFO  Test worker     d.u.i.k.t.l.TacletProofObligationInput Proof obligation for taclet: bsum_positive_lower_bound_element 
312196     INFO  Test worker     d.u.i.k.t.l.TacletProofObligationInput Proof obligation for taclet: bsum_sub_same_index 
316058     INFO  Test worker     d.u.i.k.t.l.TacletProofObligationInput Proof obligation for taclet: bsum_less_same_index 
319984     INFO  Test worker     d.u.i.k.t.l.TacletProofObligationInput Proof obligation for taclet: bsum_equal_except_one_index 
323884     INFO  Test worker     d.u.i.k.t.l.TacletProofObligationInput Proof obligation for taclet: bsum_num_of_is_max 
327745     INFO  Test worker     d.u.i.k.t.l.TacletProofObligationInput Proof obligation for taclet: bsum_num_of_is_max2 
331621     INFO  Test worker     d.u.i.k.t.l.TacletProofObligationInput Proof obligation for taclet: bsum_num_of_is_max3 
335474     INFO  Test worker     d.u.i.k.t.l.TacletProofObligationInput Proof obligation for taclet: bsum_num_of_is_max4 
339432     INFO  Test worker     d.u.i.k.t.l.TacletProofObligationInput Proof obligation for taclet: bsum_num_of_lt_max 
343281     INFO  Test worker     d.u.i.k.t.l.TacletProofObligationInput Proof obligation for taclet: bsum_num_of_lt_max2 
347185     INFO  Test worker     d.u.i.k.t.l.TacletProofObligationInput Proof obligation for taclet: bsum_num_of_lt_max3 
351154     INFO  Test worker     d.u.i.k.t.l.TacletProofObligationInput Proof obligation for taclet: bsum_num_of_lt_max4 
355044     INFO  Test worker     d.u.i.k.t.l.TacletProofObligationInput Proof obligation for taclet: bsum_num_of_gt0 
358981     INFO  Test worker     d.u.i.k.t.l.TacletProofObligationInput Proof obligation for taclet: bsum_num_of_gt0_alt 
362863     INFO  Test worker     d.u.i.k.t.l.TacletProofObligationInput Proof obligation for taclet: bsum_add_concrete 
366723     INFO  Test worker     d.u.i.k.t.l.TacletProofObligationInput Proof obligation for taclet: bprod_all_positive 
370569     INFO  Test worker     d.u.i.k.t.l.TacletProofObligationInput Proof obligation for taclet: bprod_split 
374446     INFO  Test worker     d.u.i.k.t.l.TacletProofObligationInput Proof obligation for taclet: powConcrete0 
378330     INFO  Test worker     d.u.i.k.t.l.TacletProofObligationInput Proof obligation for taclet: powConcrete1 
382181     INFO  Test worker     d.u.i.k.t.l.TacletProofObligationInput Proof obligation for taclet: powSplitFactor 
386039     INFO  Test worker     d.u.i.k.t.l.TacletProofObligationInput Proof obligation for taclet: powAdd 
389938     INFO  Test worker     d.u.i.k.t.l.TacletProofObligationInput Proof obligation for taclet: powMono 
393843     INFO  Test worker     d.u.i.k.t.l.TacletProofObligationInput Proof obligation for taclet: powMonoConcrete 
397717     INFO  Test worker     d.u.i.k.t.l.TacletProofObligationInput Proof obligation for taclet: powMonoConcreteRight 
401629     INFO  Test worker     d.u.i.k.t.l.TacletProofObligationInput Proof obligation for taclet: powPositive 
405548     INFO  Test worker     d.u.i.k.t.l.TacletProofObligationInput Proof obligation for taclet: powPositiveConcrete 
409446     INFO  Test worker     d.u.i.k.t.l.TacletProofObligationInput Proof obligation for taclet: powGeq1Concrete 
413309     INFO  Test worker     d.u.i.k.t.l.TacletProofObligationInput Proof obligation for taclet: pow2InIntLower 
417150     INFO  Test worker     d.u.i.k.t.l.TacletProofObligationInput Proof obligation for taclet: pow2InIntUpper 
421031     INFO  Test worker     d.u.i.k.t.l.TacletProofObligationInput Proof obligation for taclet: logSelfConcrete 
424897     INFO  Test worker     d.u.i.k.t.l.TacletProofObligationInput Proof obligation for taclet: log1Concrete 
428734     INFO  Test worker     d.u.i.k.t.l.TacletProofObligationInput Proof obligation for taclet: logProduct 
432598     INFO  Test worker     d.u.i.k.t.l.TacletProofObligationInput Proof obligation for taclet: logTimesBaseConcrete 
436397     INFO  Test worker     d.u.i.k.t.l.TacletProofObligationInput Proof obligation for taclet: logProdIdentity 
440252     INFO  Test worker     d.u.i.k.t.l.TacletProofObligationInput Proof obligation for taclet: logProdIdentityConcrete 
444056     INFO  Test worker     d.u.i.k.t.l.TacletProofObligationInput Proof obligation for taclet: logPowIdentity 
447908     INFO  Test worker     d.u.i.k.t.l.TacletProofObligationInput Proof obligation for taclet: logPowIdentityConcrete 
451779     INFO  Test worker     d.u.i.k.t.l.TacletProofObligationInput Proof obligation for taclet: logPositive 
455630     INFO  Test worker     d.u.i.k.t.l.TacletProofObligationInput Proof obligation for taclet: logPositiveConcrete 
459527     INFO  Test worker     d.u.i.k.t.l.TacletProofObligationInput Proof obligation for taclet: logMono 
463436     INFO  Test worker     d.u.i.k.t.l.TacletProofObligationInput Proof obligation for taclet: logMonoConcrete 
467267     INFO  Test worker     d.u.i.k.t.l.TacletProofObligationInput Proof obligation for taclet: powLogLess 
471117     INFO  Test worker     d.u.i.k.t.l.TacletProofObligationInput Proof obligation for taclet: powLogMore2 
475006     INFO  Test worker     d.u.i.k.t.l.TacletProofObligationInput Proof obligation for taclet: logLessThanPow 
478982     INFO  Test worker     d.u.i.k.t.l.TacletProofObligationInput Proof obligation for taclet: logLessThanPowConcrete 
482837     INFO  Test worker     d.u.i.k.t.l.TacletProofObligationInput Proof obligation for taclet: logSqueeze 
486705     INFO  Test worker     d.u.i.k.t.l.TacletProofObligationInput Proof obligation for taclet: ifthenelse_equals 
490587     INFO  Test worker     d.u.i.k.t.l.TacletProofObligationInput Proof obligation for taclet: ifthenelse_equals_1 
494460     INFO  Test worker     d.u.i.k.t.l.TacletProofObligationInput Proof obligation for taclet: ifthenelse_equals_2 
498323     INFO  Test worker     d.u.i.k.t.l.TacletProofObligationInput Proof obligation for taclet: disjointWithSingleton1 
502194     INFO  Test worker     d.u.i.k.t.l.TacletProofObligationInput Proof obligation for taclet: disjointWithSingleton2 
506036     INFO  Test worker     d.u.i.k.t.l.TacletProofObligationInput Proof obligation for taclet: disjointArrayRanges 
509866     INFO  Test worker     d.u.i.k.t.l.TacletProofObligationInput Proof obligation for taclet: disjointArrayRangeAllFields1 
513735     INFO  Test worker     d.u.i.k.t.l.TacletProofObligationInput Proof obligation for taclet: disjointArrayRangeAllFields2 
517624     INFO  Test worker     d.u.i.k.t.l.TacletProofObligationInput Proof obligation for taclet: seqSelfDefinition 
521566     INFO  Test worker     d.u.i.k.t.l.TacletProofObligationInput Proof obligation for taclet: seqOutsideValue 
525487     INFO  Test worker     d.u.i.k.t.l.TacletProofObligationInput Proof obligation for taclet: castedGetAny 
529375     INFO  Test worker     d.u.i.k.t.l.TacletProofObligationInput Proof obligation for taclet: seqGetAlphaCast 
533232     INFO  Test worker     d.u.i.k.t.l.TacletProofObligationInput Proof obligation for taclet: getOfSeqSingleton 
537128     INFO  Test worker     d.u.i.k.t.l.TacletProofObligationInput Proof obligation for taclet: getOfSeqSingletonConcrete 
541020     INFO  Test worker     d.u.i.k.t.l.TacletProofObligationInput Proof obligation for taclet: getOfSeqConcat 
544905     INFO  Test worker     d.u.i.k.t.l.TacletProofObligationInput Proof obligation for taclet: getOfSeqSub 
548833     INFO  Test worker     d.u.i.k.t.l.TacletProofObligationInput Proof obligation for taclet: getOfSeqReverse 
552730     INFO  Test worker     d.u.i.k.t.l.TacletProofObligationInput Proof obligation for taclet: lenOfSeqEmpty 
556618     INFO  Test worker     d.u.i.k.t.l.TacletProofObligationInput Proof obligation for taclet: lenOfSeqSingleton 
560460     INFO  Test worker     d.u.i.k.t.l.TacletProofObligationInput Proof obligation for taclet: lenOfSeqConcat 
564355     INFO  Test worker     d.u.i.k.t.l.TacletProofObligationInput Proof obligation for taclet: lenOfSeqSub 
568305     INFO  Test worker     d.u.i.k.t.l.TacletProofObligationInput Proof obligation for taclet: lenOfSeqReverse 
572205     INFO  Test worker     d.u.i.k.t.l.TacletProofObligationInput Proof obligation for taclet: equalityToSeqGetAndSeqLenLeft 
576174     INFO  Test worker     d.u.i.k.t.l.TacletProofObligationInput Proof obligation for taclet: equalityToSeqGetAndSeqLenRight 
580196     INFO  Test worker     d.u.i.k.t.l.TacletProofObligationInput Proof obligation for taclet: getOfSeqSingletonEQ 
584067     INFO  Test worker     d.u.i.k.t.l.TacletProofObligationInput Proof obligation for taclet: getOfSeqConcatEQ 
587921     INFO  Test worker     d.u.i.k.t.l.TacletProofObligationInput Proof obligation for taclet: getOfSeqSubEQ 
591795     INFO  Test worker     d.u.i.k.t.l.TacletProofObligationInput Proof obligation for taclet: getOfSeqReverseEQ 
595679     INFO  Test worker     d.u.i.k.t.l.TacletProofObligationInput Proof obligation for taclet: lenOfSeqEmptyEQ 
599530     INFO  Test worker     d.u.i.k.t.l.TacletProofObligationInput Proof obligation for taclet: lenOfSeqSingletonEQ 
603357     INFO  Test worker     d.u.i.k.t.l.TacletProofObligationInput Proof obligation for taclet: lenOfSeqConcatEQ 
607291     INFO  Test worker     d.u.i.k.t.l.TacletProofObligationInput Proof obligation for taclet: lenOfSeqSubEQ 
611094     INFO  Test worker     d.u.i.k.t.l.TacletProofObligationInput Proof obligation for taclet: lenOfSeqReverseEQ 
614941     INFO  Test worker     d.u.i.k.t.l.TacletProofObligationInput Proof obligation for taclet: getOfSeqDefEQ 
618797     INFO  Test worker     d.u.i.k.t.l.TacletProofObligationInput Proof obligation for taclet: lenOfSeqDefEQ 
622641     INFO  Test worker     d.u.i.k.t.l.TacletProofObligationInput Proof obligation for taclet: seqConcatWithSeqEmpty1 
626579     INFO  Test worker     d.u.i.k.t.l.TacletProofObligationInput Proof obligation for taclet: seqConcatWithSeqEmpty2 
630486     INFO  Test worker     d.u.i.k.t.l.TacletProofObligationInput Proof obligation for taclet: seqReverseOfSeqEmpty 
634400     INFO  Test worker     d.u.i.k.t.l.TacletProofObligationInput Proof obligation for taclet: subSeqComplete 
638278     INFO  Test worker     d.u.i.k.t.l.TacletProofObligationInput Proof obligation for taclet: subSeqTailR 
642181     INFO  Test worker     d.u.i.k.t.l.TacletProofObligationInput Proof obligation for taclet: subSeqTailL 
646064     INFO  Test worker     d.u.i.k.t.l.TacletProofObligationInput Proof obligation for taclet: subSeqTailEQR 
649956     INFO  Test worker     d.u.i.k.t.l.TacletProofObligationInput Proof obligation for taclet: subSeqTailEQL 
653818     INFO  Test worker     d.u.i.k.t.l.TacletProofObligationInput Proof obligation for taclet: seqDef_split 
657772     INFO  Test worker     d.u.i.k.t.l.TacletProofObligationInput Proof obligation for taclet: seqDef_induction_upper 
661686     INFO  Test worker     d.u.i.k.t.l.TacletProofObligationInput Proof obligation for taclet: seqDef_induction_upper_concrete 
665565     INFO  Test worker     d.u.i.k.t.l.TacletProofObligationInput Proof obligation for taclet: seqDef_induction_lower 
669526     INFO  Test worker     d.u.i.k.t.l.TacletProofObligationInput Proof obligation for taclet: seqDef_induction_lower_concrete 
673387     INFO  Test worker     d.u.i.k.t.l.TacletProofObligationInput Proof obligation for taclet: seqDef_split_in_three 
677531     INFO  Test worker     d.u.i.k.t.l.TacletProofObligationInput Proof obligation for taclet: seqDef_empty 
681348     INFO  Test worker     d.u.i.k.t.l.TacletProofObligationInput Proof obligation for taclet: seqDef_one_summand 
685195     INFO  Test worker     d.u.i.k.t.l.TacletProofObligationInput Proof obligation for taclet: seqDef_lower_equals_upper 
689045     INFO  Test worker     d.u.i.k.t.l.TacletProofObligationInput Proof obligation for taclet: seqDefOfSeq 
692933     INFO  Test worker     d.u.i.k.t.l.TacletProofObligationInput Proof obligation for taclet: seqSelfDefinitionEQ2 
696831     INFO  Test worker     d.u.i.k.t.l.TacletProofObligationInput Proof obligation for taclet: indexOfSeqSingleton 
700717     INFO  Test worker     d.u.i.k.t.l.TacletProofObligationInput Proof obligation for taclet: indexOfSeqConcatFirst 
704626     INFO  Test worker     d.u.i.k.t.l.TacletProofObligationInput Proof obligation for taclet: indexOfSeqConcatSecond 
708525     INFO  Test worker     d.u.i.k.t.l.TacletProofObligationInput Proof obligation for taclet: indexOfSeqSub 
712483     INFO  Test worker     d.u.i.k.t.l.TacletProofObligationInput Proof obligation for taclet: lenOfArray2seq 
716421     INFO  Test worker     d.u.i.k.t.l.TacletProofObligationInput Proof obligation for taclet: getAnyOfArray2seq 
720396     INFO  Test worker     d.u.i.k.t.l.TacletProofObligationInput Proof obligation for taclet: getOfArray2seq 
724297     INFO  Test worker     d.u.i.k.t.l.TacletProofObligationInput Proof obligation for taclet: getAnyOfNPermInv 
728147     INFO  Test worker     d.u.i.k.t.l.TacletProofObligationInput Proof obligation for taclet: seqNPermRange 
732159     INFO  Test worker     d.u.i.k.t.l.TacletProofObligationInput Proof obligation for taclet: seqPermTrans 
736096     INFO  Test worker     d.u.i.k.t.l.TacletProofObligationInput Proof obligation for taclet: seqPermRefl 
739975     INFO  Test worker     d.u.i.k.t.l.TacletProofObligationInput Proof obligation for taclet: seqPermSplit 
743865     INFO  Test worker     d.u.i.k.t.l.TacletProofObligationInput Proof obligation for taclet: seqNPermRight 
748233     INFO  Test worker     d.u.i.k.t.l.TacletProofObligationInput Proof obligation for taclet: seqPermFromSwap 
752286     INFO  Test worker     d.u.i.k.t.l.TacletProofObligationInput Proof obligation for taclet: seqPermTransAlt0 
756200     INFO  Test worker     d.u.i.k.t.l.TacletProofObligationInput Proof obligation for taclet: seqPermTransAlt1 
760108     INFO  Test worker     d.u.i.k.t.l.TacletProofObligationInput Proof obligation for taclet: seqPermTransAlt2 
764026     INFO  Test worker     d.u.i.k.t.l.TacletProofObligationInput Proof obligation for taclet: seqPermTransAlt3 
768180     INFO  Test worker     d.u.i.k.t.l.TacletProofObligationInput Proof obligation for taclet: schiffl_lemma_2 
769201     INFO  Test worker     d.u.i.k.m.s.ProofScriptEngine 1: 'macro split-prop' 
769300     INFO  Test worker     d.u.i.k.m.s.ProofScriptEngine 2: 'rule allRight' 
769333     INFO  Test worker     d.u.i.k.m.s.ProofScriptEngine 3: 'rule allRight' 
769342     INFO  Test worker     d.u.i.k.m.s.ProofScriptEngine 4: 'macro split-prop' 
769355     INFO  Test worker     d.u.i.k.m.s.ProofScriptEngine 5: 'rule 'seqPermDefLeft'' 
769359     INFO  Test worker     d.u.i.k.m.s.ProofScriptEngine 6: 'rule 'andLeft'' 
769361     INFO  Test worker     d.u.i.k.m.s.ProofScriptEngine 7: 'rule 'exLeft'' 
769365     INFO  Test worker     d.u.i.k.m.s.ProofScriptEngine 8: 'macro split-prop' 
769372     INFO  Test worker     d.u.i.k.m.s.ProofScriptEngine 9: 'rule  seqNPermRange' 
769375     INFO  Test worker     d.u.i.k.m.s.ProofScriptEngine 10: 'instantiate var=iv with='v_x_0' occ=1' 
769380     INFO  Test worker     d.u.i.k.m.s.ProofScriptEngine 11: 'rule impLeft' 
769382     INFO  Test worker     d.u.i.k.m.s.ProofScriptEngine 12: 'tryclose branch' 
769632     INFO  Test worker     d.u.i.k.m.s.ProofScriptEngine 13: 'rule andLeft' 
769634     INFO  Test worker     d.u.i.k.m.s.ProofScriptEngine 14: 'rule andLeft' 
769636     INFO  Test worker     d.u.i.k.m.s.ProofScriptEngine 15: 'instantiate var=iv with='v_y_0' occ=1' 
769637     INFO  Test worker     d.u.i.k.m.s.ProofScriptEngine 16: 'rule impLeft' 
769639     INFO  Test worker     d.u.i.k.m.s.ProofScriptEngine 17: 'tryclose branch' 
769791     INFO  Test worker     d.u.i.k.m.s.ProofScriptEngine 18: 'rule andLeft' 
769793     INFO  Test worker     d.u.i.k.m.s.ProofScriptEngine 19: 'rule andLeft' 
769797     INFO  Test worker     d.u.i.k.m.s.ProofScriptEngine 20: 'rule seqNPermDefLeft' 
769799     INFO  Test worker     d.u.i.k.m.s.ProofScriptEngine 21: 'instantiate var=iv with='v_x_0' occ=2' 
769801     INFO  Test worker     d.u.i.k.m.s.ProofScriptEngine 22: 'rule impLeft' 
769802     INFO  Test worker     d.u.i.k.m.s.ProofScriptEngine 23: 'tryclose branch' 
769993     INFO  Test worker     d.u.i.k.m.s.ProofScriptEngine 24: 'rule exLeft' 
769996     INFO  Test worker     d.u.i.k.m.s.ProofScriptEngine 25: 'rule andLeft' 
769997     INFO  Test worker     d.u.i.k.m.s.ProofScriptEngine 26: 'rule andLeft' 
769998     INFO  Test worker     d.u.i.k.m.s.ProofScriptEngine 27: 'instantiate hide var=iv with='v_y_0' occ=2' 
770000     INFO  Test worker     d.u.i.k.m.s.ProofScriptEngine 28: 'rule impLeft' 
770003     INFO  Test worker     d.u.i.k.m.s.ProofScriptEngine 29: 'tryclose branch' 
770163     INFO  Test worker     d.u.i.k.m.s.ProofScriptEngine 30: 'rule exLeft' 
770165     INFO  Test worker     d.u.i.k.m.s.ProofScriptEngine 31: 'rule andLeft' 
770168     INFO  Test worker     d.u.i.k.m.s.ProofScriptEngine 32: 'rule andLeft' 
770169     INFO  Test worker     d.u.i.k.m.s.ProofScriptEngine 33: 'instantiate var=iv with='jv_0' occ=1' 
770170     INFO  Test worker     d.u.i.k.m.s.ProofScriptEngine 34: 'rule impLeft' 
770171     INFO  Test worker     d.u.i.k.m.s.ProofScriptEngine 35: 'tryclose branch' 
770180     INFO  Test worker     d.u.i.k.m.s.ProofScriptEngine 36: 'rule andLeft' 
770181     INFO  Test worker     d.u.i.k.m.s.ProofScriptEngine 37: 'rule andLeft' 
770182     INFO  Test worker     d.u.i.k.m.s.ProofScriptEngine 38: 'rule castAdd formula='s_0[jv_0] = v_x_0' occ=0' 
770185     INFO  Test worker     d.u.i.k.m.s.ProofScriptEngine 39: 'instantiate hide var=iv with='jv_1' occ=1' 
770187     INFO  Test worker     d.u.i.k.m.s.ProofScriptEngine 40: 'rule impLeft' 
770188     INFO  Test worker     d.u.i.k.m.s.ProofScriptEngine 41: 'tryclose branch' 
770199     INFO  Test worker     d.u.i.k.m.s.ProofScriptEngine 42: 'rule andLeft' 
770200     INFO  Test worker     d.u.i.k.m.s.ProofScriptEngine 43: 'rule andLeft' 
770201     INFO  Test worker     d.u.i.k.m.s.ProofScriptEngine 44: 'rule castAdd formula='s_0[jv_1] = v_y_0' occ=0' 
770205     INFO  Test worker     d.u.i.k.m.s.ProofScriptEngine 45: 'instantiate var=iv  with='v_x_0'' 
770206     INFO  Test worker     d.u.i.k.m.s.ProofScriptEngine 46: 'rule impLeft' 
770207     INFO  Test worker     d.u.i.k.m.s.ProofScriptEngine 47: 'tryclose branch' 
770409     INFO  Test worker     d.u.i.k.m.s.ProofScriptEngine 48: 'instantiate var=iv  with='v_y_0'' 
770410     INFO  Test worker     d.u.i.k.m.s.ProofScriptEngine 49: 'rule impLeft' 
770412     INFO  Test worker     d.u.i.k.m.s.ProofScriptEngine 50: 'tryclose branch' 
770596     INFO  Test worker     d.u.i.k.m.s.ProofScriptEngine 51: 'cut 'v_x_0 = v_y_0'' 
770598     INFO  Test worker     d.u.i.k.m.s.ProofScriptEngine 52: 'instantiate hide var='v_r' with='seqSwap(s_0,v_x_0,jv_0)'' 
770602     INFO  Test worker     d.u.i.k.m.s.ProofScriptEngine 53: 'rule andRight' 
770609     INFO  Test worker     d.u.i.k.m.s.ProofScriptEngine 54: 'rule andRight' 
770610     INFO  Test worker     d.u.i.k.m.s.ProofScriptEngine 55: 'rule andRight' 
770612     INFO  Test worker     d.u.i.k.m.s.ProofScriptEngine 56: 'rule andRight' 
770613     INFO  Test worker     d.u.i.k.m.s.ProofScriptEngine 57: 'rule lenOfSwap' 
770616     INFO  Test worker     d.u.i.k.m.s.ProofScriptEngine 58: 'tryclose branch' 
770621     INFO  Test worker     d.u.i.k.m.s.ProofScriptEngine 59: 'rule seqNPermSwapNPerm' 
770626     INFO  Test worker     d.u.i.k.m.s.ProofScriptEngine 60: 'instantiate hide var='iv' with='v_x_0' occ=1' 
770631     INFO  Test worker     d.u.i.k.m.s.ProofScriptEngine 61: 'instantiate hide var='jv' with='jv_0'' 
770635     INFO  Test worker     d.u.i.k.m.s.ProofScriptEngine 62: 'rule impLeft' 
770637     INFO  Test worker     d.u.i.k.m.s.ProofScriptEngine 63: 'tryclose branch' 
770764     INFO  Test worker     d.u.i.k.m.s.ProofScriptEngine 64: 'tryclose branch' 
770769     INFO  Test worker     d.u.i.k.m.s.ProofScriptEngine 65: 'rule allRight' 
770771     INFO  Test worker     d.u.i.k.m.s.ProofScriptEngine 66: 'rule impRight' 
770773     INFO  Test worker     d.u.i.k.m.s.ProofScriptEngine 67: 'rule andLeft' 
770775     INFO  Test worker     d.u.i.k.m.s.ProofScriptEngine 68: 'instantiate var=iv with='v_iv_0'' 
770778     INFO  Test worker     d.u.i.k.m.s.ProofScriptEngine 69: 'rule impLeft' 
770780     INFO  Test worker     d.u.i.k.m.s.ProofScriptEngine 70: 'tryclose branch' 
770914     INFO  Test worker     d.u.i.k.m.s.ProofScriptEngine 71: 'rule getOfSwap' 
770917     INFO  Test worker     d.u.i.k.m.s.ProofScriptEngine 72: 'rule ifthenelse_negated' 
770918     INFO  Test worker     d.u.i.k.m.s.ProofScriptEngine 73: 'rule ifthenelse_split occ=0' 
770921     INFO  Test worker     d.u.i.k.m.s.ProofScriptEngine 74: 'rule andLeft' 
770922     INFO  Test worker     d.u.i.k.m.s.ProofScriptEngine 75: 'rule andLeft' 
770923     INFO  Test worker     d.u.i.k.m.s.ProofScriptEngine 76: 'rule andLeft' 
770924     INFO  Test worker     d.u.i.k.m.s.ProofScriptEngine 77: 'rule ifthenelse_split occ=0' 
770927     INFO  Test worker     d.u.i.k.m.s.ProofScriptEngine 78: 'tryclose branch' 
771028     INFO  Test worker     d.u.i.k.m.s.ProofScriptEngine 79: 'rule ifthenelse_split occ=0' 
771030     INFO  Test worker     d.u.i.k.m.s.ProofScriptEngine 80: 'tryclose branch' 
771128     INFO  Test worker     d.u.i.k.m.s.ProofScriptEngine 81: 'tryclose branch' 
771133     INFO  Test worker     d.u.i.k.m.s.ProofScriptEngine 82: 'tryclose branch' 
771139     INFO  Test worker     d.u.i.k.m.s.ProofScriptEngine 83: 'rule getOfSwap' 
771141     INFO  Test worker     d.u.i.k.m.s.ProofScriptEngine 84: 'rule ifthenelse_negated' 
771143     INFO  Test worker     d.u.i.k.m.s.ProofScriptEngine 85: 'rule ifthenelse_split occ=0' 
771145     INFO  Test worker     d.u.i.k.m.s.ProofScriptEngine 86: 'rule andLeft' 
771146     INFO  Test worker     d.u.i.k.m.s.ProofScriptEngine 87: 'rule andLeft' 
771147     INFO  Test worker     d.u.i.k.m.s.ProofScriptEngine 88: 'rule andLeft' 
771148     INFO  Test worker     d.u.i.k.m.s.ProofScriptEngine 89: 'rule ifthenelse_split occ=0' 
771149     INFO  Test worker     d.u.i.k.m.s.ProofScriptEngine 90: 'tryclose branch' 
771159     INFO  Test worker     d.u.i.k.m.s.ProofScriptEngine 91: 'tryclose branch' 
771164     INFO  Test worker     d.u.i.k.m.s.ProofScriptEngine 92: 'tryclose branch' 
771261     INFO  Test worker     d.u.i.k.m.s.ProofScriptEngine 93: 'rule getOfSwap' 
771263     INFO  Test worker     d.u.i.k.m.s.ProofScriptEngine 94: 'rule ifthenelse_negated' 
771265     INFO  Test worker     d.u.i.k.m.s.ProofScriptEngine 95: 'rule ifthenelse_split occ=0' 
771266     INFO  Test worker     d.u.i.k.m.s.ProofScriptEngine 96: 'rule andLeft' 
771267     INFO  Test worker     d.u.i.k.m.s.ProofScriptEngine 97: 'rule andLeft' 
771268     INFO  Test worker     d.u.i.k.m.s.ProofScriptEngine 98: 'rule andLeft' 
771268     INFO  Test worker     d.u.i.k.m.s.ProofScriptEngine 99: 'rule ifthenelse_split occ=0' 
771270     INFO  Test worker     d.u.i.k.m.s.ProofScriptEngine 100: 'tryclose branch' 
771322     INFO  Test worker     d.u.i.k.m.s.ProofScriptEngine 101: 'tryclose branch' 
771328     INFO  Test worker     d.u.i.k.m.s.ProofScriptEngine 102: 'tryclose branch' 
771417     INFO  Test worker     d.u.i.k.m.s.ProofScriptEngine 103: 'cut '(int)s_0[v_x_0] = (int)s_0[v_y_0]'' 
771419     INFO  Test worker     d.u.i.k.m.s.ProofScriptEngine 104: 'rule seqNPermInjective' 
771421     INFO  Test worker     d.u.i.k.m.s.ProofScriptEngine 105: 'instantiate hide var=iv with='v_x_0'' 
771423     INFO  Test worker     d.u.i.k.m.s.ProofScriptEngine 106: 'instantiate hide var=jv with='v_y_0'' 
771424     INFO  Test worker     d.u.i.k.m.s.ProofScriptEngine 107: 'rule impLeft' 
771425     INFO  Test worker     d.u.i.k.m.s.ProofScriptEngine 108: 'tryclose branch' 
771591     INFO  Test worker     d.u.i.k.m.s.ProofScriptEngine 109: 'tryclose branch' 
771596     INFO  Test worker     d.u.i.k.m.s.ProofScriptEngine 110: 'cut '(int)s_0[v_x_0] = v_x_0'' 
771597     INFO  Test worker     d.u.i.k.m.s.ProofScriptEngine 111: 'instantiate hide var=v_r with='seqSwap(s_0,v_y_0,jv_1)'' 
771601     INFO  Test worker     d.u.i.k.m.s.ProofScriptEngine 112: 'rule andRight' 
771603     INFO  Test worker     d.u.i.k.m.s.ProofScriptEngine 113: 'rule andRight' 
771605     INFO  Test worker     d.u.i.k.m.s.ProofScriptEngine 114: 'rule andRight' 
771607     INFO  Test worker     d.u.i.k.m.s.ProofScriptEngine 115: 'rule andRight' 
771607     INFO  Test worker     d.u.i.k.m.s.ProofScriptEngine 116: 'tryclose branch' 
771617     INFO  Test worker     d.u.i.k.m.s.ProofScriptEngine 117: 'rule seqNPermSwapNPerm' 
771619     INFO  Test worker     d.u.i.k.m.s.ProofScriptEngine 118: 'instantiate hide var=iv with='v_y_0'' 
771620     INFO  Test worker     d.u.i.k.m.s.ProofScriptEngine 119: 'instantiate hide var=jv with='jv_1'' 
771621     INFO  Test worker     d.u.i.k.m.s.ProofScriptEngine 120: 'tryclose branch' 
771727     INFO  Test worker     d.u.i.k.m.s.ProofScriptEngine 121: 'rule allRight' 
771728     INFO  Test worker     d.u.i.k.m.s.ProofScriptEngine 122: 'rule impRight' 
771729     INFO  Test worker     d.u.i.k.m.s.ProofScriptEngine 123: 'rule andLeft' 
771730     INFO  Test worker     d.u.i.k.m.s.ProofScriptEngine 124: 'instantiate var=iv with='v_iv_0'' 
771731     INFO  Test worker     d.u.i.k.m.s.ProofScriptEngine 125: 'rule impLeft' 
771736     INFO  Test worker     d.u.i.k.m.s.ProofScriptEngine 126: 'tryclose branch' 
771837     INFO  Test worker     d.u.i.k.m.s.ProofScriptEngine 127: 'rule getOfSwap' 
771840     INFO  Test worker     d.u.i.k.m.s.ProofScriptEngine 128: 'rule ifthenelse_negated' 
771841     INFO  Test worker     d.u.i.k.m.s.ProofScriptEngine 129: 'rule ifthenelse_split occ=0' 
771843     INFO  Test worker     d.u.i.k.m.s.ProofScriptEngine 130: 'rule andLeft' 
771843     INFO  Test worker     d.u.i.k.m.s.ProofScriptEngine 131: 'rule andLeft' 
771844     INFO  Test worker     d.u.i.k.m.s.ProofScriptEngine 132: 'rule andLeft' 
771844     INFO  Test worker     d.u.i.k.m.s.ProofScriptEngine 133: 'rule ifthenelse_split occ=0' 
771845     INFO  Test worker     d.u.i.k.m.s.ProofScriptEngine 134: 'tryclose branch' 
771953     INFO  Test worker     d.u.i.k.m.s.ProofScriptEngine 135: 'rule ifthenelse_split occ=0' 
771955     INFO  Test worker     d.u.i.k.m.s.ProofScriptEngine 136: 'tryclose branch' 
772035     INFO  Test worker     d.u.i.k.m.s.ProofScriptEngine 137: 'instantiate var=iv with='v_y_0'' 
772035     INFO  Test worker     d.u.i.k.m.s.ProofScriptEngine 138: 'rule impLeft' 
772036     INFO  Test worker     d.u.i.k.m.s.ProofScriptEngine 139: 'tryclose branch' 
772040     INFO  Test worker     d.u.i.k.m.s.ProofScriptEngine 140: 'tryclose branch' 
772044     INFO  Test worker     d.u.i.k.m.s.ProofScriptEngine 141: 'tryclose branch' 
772049     INFO  Test worker     d.u.i.k.m.s.ProofScriptEngine 142: 'tryclose branch' 
772176     INFO  Test worker     d.u.i.k.m.s.ProofScriptEngine 143: 'rule getOfSwap' 
772177     INFO  Test worker     d.u.i.k.m.s.ProofScriptEngine 144: 'rule ifthenelse_negated' 
772178     INFO  Test worker     d.u.i.k.m.s.ProofScriptEngine 145: 'rule ifthenelse_split occ=0' 
772179     INFO  Test worker     d.u.i.k.m.s.ProofScriptEngine 146: 'tryclose branch' 
772189     INFO  Test worker     d.u.i.k.m.s.ProofScriptEngine 147: 'tryclose branch' 
772273     INFO  Test worker     d.u.i.k.m.s.ProofScriptEngine 148: 'tryclose branch' 
776058     INFO  Test worker     d.u.i.k.m.s.ProofScriptEngine 149: 'cut  '(int)s_0[v_y_0] = v_y_0'' 
776059     INFO  Test worker     d.u.i.k.m.s.ProofScriptEngine 150: 'instantiate hide var=v_r with='seqSwap(s_0,v_x_0,jv_0)'' 
776066     INFO  Test worker     d.u.i.k.m.s.ProofScriptEngine 151: 'rule andRight' 
776067     INFO  Test worker     d.u.i.k.m.s.ProofScriptEngine 152: 'rule andRight' 
776068     INFO  Test worker     d.u.i.k.m.s.ProofScriptEngine 153: 'rule andRight' 
776069     INFO  Test worker     d.u.i.k.m.s.ProofScriptEngine 154: 'rule andRight' 
776069     INFO  Test worker     d.u.i.k.m.s.ProofScriptEngine 155: 'tryclose branch' 
776079     INFO  Test worker     d.u.i.k.m.s.ProofScriptEngine 156: 'rule seqNPermSwapNPerm' 
776081     INFO  Test worker     d.u.i.k.m.s.ProofScriptEngine 157: 'instantiate hide var=iv with='v_x_0'' 
776083     INFO  Test worker     d.u.i.k.m.s.ProofScriptEngine 158: 'instantiate hide var=jv with='jv_0'' 
776084     INFO  Test worker     d.u.i.k.m.s.ProofScriptEngine 159: 'rule impLeft' 
776085     INFO  Test worker     d.u.i.k.m.s.ProofScriptEngine 160: 'tryclose branch' 
776181     INFO  Test worker     d.u.i.k.m.s.ProofScriptEngine 161: 'tryclose branch' 
776185     INFO  Test worker     d.u.i.k.m.s.ProofScriptEngine 162: 'rule allRight' 
776187     INFO  Test worker     d.u.i.k.m.s.ProofScriptEngine 163: 'rule impRight' 
776188     INFO  Test worker     d.u.i.k.m.s.ProofScriptEngine 164: 'rule andLeft' 
776188     INFO  Test worker     d.u.i.k.m.s.ProofScriptEngine 165: 'instantiate var=iv with='v_iv_0'' 
776189     INFO  Test worker     d.u.i.k.m.s.ProofScriptEngine 166: 'rule impLeft' 
776190     INFO  Test worker     d.u.i.k.m.s.ProofScriptEngine 167: 'tryclose branch' 
776288     INFO  Test worker     d.u.i.k.m.s.ProofScriptEngine 168: 'rule getOfSwap' 
776290     INFO  Test worker     d.u.i.k.m.s.ProofScriptEngine 169: 'rule ifthenelse_negated' 
776291     INFO  Test worker     d.u.i.k.m.s.ProofScriptEngine 170: 'rule ifthenelse_split occ=0' 
776292     INFO  Test worker     d.u.i.k.m.s.ProofScriptEngine 171: 'rule andLeft' 
776293     INFO  Test worker     d.u.i.k.m.s.ProofScriptEngine 172: 'rule andLeft' 
776294     INFO  Test worker     d.u.i.k.m.s.ProofScriptEngine 173: 'rule andLeft' 
776295     INFO  Test worker     d.u.i.k.m.s.ProofScriptEngine 174: 'rule ifthenelse_split occ=0' 
776296     INFO  Test worker     d.u.i.k.m.s.ProofScriptEngine 175: 'tryclose branch' 
776375     INFO  Test worker     d.u.i.k.m.s.ProofScriptEngine 176: 'rule ifthenelse_split occ=0' 
776377     INFO  Test worker     d.u.i.k.m.s.ProofScriptEngine 177: 'tryclose branch' 
776454     INFO  Test worker     d.u.i.k.m.s.ProofScriptEngine 178: 'tryclose branch' 
776459     INFO  Test worker     d.u.i.k.m.s.ProofScriptEngine 179: 'tryclose branch' 
776464     INFO  Test worker     d.u.i.k.m.s.ProofScriptEngine 180: 'rule getOfSwap' 
776465     INFO  Test worker     d.u.i.k.m.s.ProofScriptEngine 181: 'rule ifthenelse_negated' 
776466     INFO  Test worker     d.u.i.k.m.s.ProofScriptEngine 182: 'rule ifthenelse_split occ=0' 
776467     INFO  Test worker     d.u.i.k.m.s.ProofScriptEngine 183: 'tryclose branch' 
776478     INFO  Test worker     d.u.i.k.m.s.ProofScriptEngine 184: 'tryclose branch' 
776559     INFO  Test worker     d.u.i.k.m.s.ProofScriptEngine 185: 'rule getOfSwap' 
776561     INFO  Test worker     d.u.i.k.m.s.ProofScriptEngine 186: 'rule ifthenelse_negated' 
776562     INFO  Test worker     d.u.i.k.m.s.ProofScriptEngine 187: 'rule ifthenelse_split occ=0' 
776565     INFO  Test worker     d.u.i.k.m.s.ProofScriptEngine 188: 'tryclose branch' 
776641     INFO  Test worker     d.u.i.k.m.s.ProofScriptEngine 189: 'tryclose branch' 
776651     INFO  Test worker     d.u.i.k.m.s.ProofScriptEngine 190: 'cut '(int)s_0[v_x_0]=v_y_0'' 
776652     INFO  Test worker     d.u.i.k.m.s.ProofScriptEngine 191: 'instantiate hide var=v_r with='seqSwap(seqSwap(s_0,jv_0,v_x_0),jv_0,v_y_0)'' 
776654     INFO  Test worker     d.u.i.k.m.s.ProofScriptEngine 192: 'rule andRight' 
776655     INFO  Test worker     d.u.i.k.m.s.ProofScriptEngine 193: 'rule andRight' 
776656     INFO  Test worker     d.u.i.k.m.s.ProofScriptEngine 194: 'rule andRight' 
776657     INFO  Test worker     d.u.i.k.m.s.ProofScriptEngine 195: 'rule andRight' 
776658     INFO  Test worker     d.u.i.k.m.s.ProofScriptEngine 196: 'tryclose branch' 
776669     INFO  Test worker     d.u.i.k.m.s.ProofScriptEngine 197: 'rule seqNPermSwapNPerm' 
776671     INFO  Test worker     d.u.i.k.m.s.ProofScriptEngine 198: 'instantiate hide var=iv with='jv_0'' 
776672     INFO  Test worker     d.u.i.k.m.s.ProofScriptEngine 199: 'instantiate hide var=jv with='v_x_0'' 
776673     INFO  Test worker     d.u.i.k.m.s.ProofScriptEngine 200: 'rule impLeft' 
776674     INFO  Test worker     d.u.i.k.m.s.ProofScriptEngine 201: 'tryclose branch' 
776767     INFO  Test worker     d.u.i.k.m.s.ProofScriptEngine 202: 'rule seqNPermSwapNPerm formula='seqNPerm(seqSwap(s_0, jv_0, v_x_0))'' 
776769     INFO  Test worker     d.u.i.k.m.s.ProofScriptEngine 203: 'instantiate hide var=iv with='jv_0'' 
776770     INFO  Test worker     d.u.i.k.m.s.ProofScriptEngine 204: 'instantiate hide var=jv with='v_y_0'' 
776771     INFO  Test worker     d.u.i.k.m.s.ProofScriptEngine 205: 'rule impLeft' 
776772     INFO  Test worker     d.u.i.k.m.s.ProofScriptEngine 206: 'tryclose branch' 
776867     INFO  Test worker     d.u.i.k.m.s.ProofScriptEngine 207: 'tryclose branch' 
776872     INFO  Test worker     d.u.i.k.m.s.ProofScriptEngine 208: 'rule allRight' 
776874     INFO  Test worker     d.u.i.k.m.s.ProofScriptEngine 209: 'rule impRight' 
776875     INFO  Test worker     d.u.i.k.m.s.ProofScriptEngine 210: 'rule andLeft' 
776875     INFO  Test worker     d.u.i.k.m.s.ProofScriptEngine 211: 'instantiate var=iv with='v_iv_0'' 
776876     INFO  Test worker     d.u.i.k.m.s.ProofScriptEngine 212: 'rule impLeft' 
776877     INFO  Test worker     d.u.i.k.m.s.ProofScriptEngine 213: 'tryclose branch' 
776980     INFO  Test worker     d.u.i.k.m.s.ProofScriptEngine 214: 'rule getOfSwap' 
776982     INFO  Test worker     d.u.i.k.m.s.ProofScriptEngine 215: 'rule ifthenelse_negated' 
776986     INFO  Test worker     d.u.i.k.m.s.ProofScriptEngine 216: 'rule ifthenelse_split occ=0' 
776987     INFO  Test worker     d.u.i.k.m.s.ProofScriptEngine 217: 'rule andLeft' 
776989     INFO  Test worker     d.u.i.k.m.s.ProofScriptEngine 218: 'rule andLeft' 
776992     INFO  Test worker     d.u.i.k.m.s.ProofScriptEngine 219: 'rule andLeft' 
776994     INFO  Test worker     d.u.i.k.m.s.ProofScriptEngine 220: 'rule ifthenelse_split occ=0' 
776996     INFO  Test worker     d.u.i.k.m.s.ProofScriptEngine 221: 'rule getOfSwap' 
776998     INFO  Test worker     d.u.i.k.m.s.ProofScriptEngine 222: 'rule ifthenelse_negated' 
776998     INFO  Test worker     d.u.i.k.m.s.ProofScriptEngine 223: 'rule ifthenelse_split occ=0' 
777000     INFO  Test worker     d.u.i.k.m.s.ProofScriptEngine 224: 'rule andLeft' 
777001     INFO  Test worker     d.u.i.k.m.s.ProofScriptEngine 225: 'rule andLeft' 
777002     INFO  Test worker     d.u.i.k.m.s.ProofScriptEngine 226: 'rule andLeft' 
777002     INFO  Test worker     d.u.i.k.m.s.ProofScriptEngine 227: 'rule ifthenelse_split occ=0' 
777003     INFO  Test worker     d.u.i.k.m.s.ProofScriptEngine 228: 'tryclose branch' 
777099     INFO  Test worker     d.u.i.k.m.s.ProofScriptEngine 229: 'rule ifthenelse_split occ=0' 
777100     INFO  Test worker     d.u.i.k.m.s.ProofScriptEngine 230: 'tryclose branch' 
777107     INFO  Test worker     d.u.i.k.m.s.ProofScriptEngine 231: 'tryclose branch' 
777197     INFO  Test worker     d.u.i.k.m.s.ProofScriptEngine 232: 'tryclose branch' 
777283     INFO  Test worker     d.u.i.k.m.s.ProofScriptEngine 233: 'rule ifthenelse_split' 
777284     INFO  Test worker     d.u.i.k.m.s.ProofScriptEngine 234: 'rule getOfSwap' 
777286     INFO  Test worker     d.u.i.k.m.s.ProofScriptEngine 235: 'rule ifthenelse_negated' 
777286     INFO  Test worker     d.u.i.k.m.s.ProofScriptEngine 236: 'rule ifthenelse_split occ=0' 
777287     INFO  Test worker     d.u.i.k.m.s.ProofScriptEngine 237: 'rule andLeft' 
777288     INFO  Test worker     d.u.i.k.m.s.ProofScriptEngine 238: 'rule andLeft' 
777288     INFO  Test worker     d.u.i.k.m.s.ProofScriptEngine 239: 'rule andLeft' 
777289     INFO  Test worker     d.u.i.k.m.s.ProofScriptEngine 240: 'rule ifthenelse_split occ=0' 
777289     INFO  Test worker     d.u.i.k.m.s.ProofScriptEngine 241: 'tryclose branch' 
777382     INFO  Test worker     d.u.i.k.m.s.ProofScriptEngine 242: 'tryclose branch' 
777389     INFO  Test worker     d.u.i.k.m.s.ProofScriptEngine 243: 'tryclose branch' 
777484     INFO  Test worker     d.u.i.k.m.s.ProofScriptEngine 244: 'rule getOfSwap' 
777485     INFO  Test worker     d.u.i.k.m.s.ProofScriptEngine 245: 'rule ifthenelse_negated' 
777486     INFO  Test worker     d.u.i.k.m.s.ProofScriptEngine 246: 'rule ifthenelse_split occ=0' 
777487     INFO  Test worker     d.u.i.k.m.s.ProofScriptEngine 247: 'rule andLeft' 
777488     INFO  Test worker     d.u.i.k.m.s.ProofScriptEngine 248: 'rule andLeft' 
777488     INFO  Test worker     d.u.i.k.m.s.ProofScriptEngine 249: 'rule andLeft' 
777489     INFO  Test worker     d.u.i.k.m.s.ProofScriptEngine 250: 'rule ifthenelse_split occ=0' 
777489     INFO  Test worker     d.u.i.k.m.s.ProofScriptEngine 251: 'tryclose branch' 
777495     INFO  Test worker     d.u.i.k.m.s.ProofScriptEngine 252: 'rule ifthenelse_split occ=0' 
777496     INFO  Test worker     d.u.i.k.m.s.ProofScriptEngine 253: 'tryclose branch' 
777580     INFO  Test worker     d.u.i.k.m.s.ProofScriptEngine 254: 'tryclose branch' 
777586     INFO  Test worker     d.u.i.k.m.s.ProofScriptEngine 255: 'tryclose branch' 
777592     INFO  Test worker     d.u.i.k.m.s.ProofScriptEngine 256: 'tryclose branch' 
777698     INFO  Test worker     d.u.i.k.m.s.ProofScriptEngine 257: 'rule getOfSwap' 
777699     INFO  Test worker     d.u.i.k.m.s.ProofScriptEngine 258: 'rule ifthenelse_negated' 
777700     INFO  Test worker     d.u.i.k.m.s.ProofScriptEngine 259: 'rule ifthenelse_split occ=0' 
777701     INFO  Test worker     d.u.i.k.m.s.ProofScriptEngine 260: 'rule andLeft' 
777701     INFO  Test worker     d.u.i.k.m.s.ProofScriptEngine 261: 'rule andLeft' 
777702     INFO  Test worker     d.u.i.k.m.s.ProofScriptEngine 262: 'rule andLeft' 
777702     INFO  Test worker     d.u.i.k.m.s.ProofScriptEngine 263: 'rule ifthenelse_split occ=0' 
777703     INFO  Test worker     d.u.i.k.m.s.ProofScriptEngine 264: 'tryclose branch' 
777808     INFO  Test worker     d.u.i.k.m.s.ProofScriptEngine 265: 'rule ifthenelse_split occ=0' 
777810     INFO  Test worker     d.u.i.k.m.s.ProofScriptEngine 266: 'rule getOfSwap' 
777811     INFO  Test worker     d.u.i.k.m.s.ProofScriptEngine 267: 'rule ifthenelse_negated' 
777812     INFO  Test worker     d.u.i.k.m.s.ProofScriptEngine 268: 'rule ifthenelse_split occ=0' 
777813     INFO  Test worker     d.u.i.k.m.s.ProofScriptEngine 269: 'tryclose branch' 
777818     INFO  Test worker     d.u.i.k.m.s.ProofScriptEngine 270: 'tryclose branch' 
777823     INFO  Test worker     d.u.i.k.m.s.ProofScriptEngine 271: 'tryclose branch' 
777945     INFO  Test worker     d.u.i.k.m.s.ProofScriptEngine 272: 'tryclose branch' 
778036     INFO  Test worker     d.u.i.k.m.s.ProofScriptEngine 273: 'rule getOfSwap' 
778037     INFO  Test worker     d.u.i.k.m.s.ProofScriptEngine 274: 'rule ifthenelse_negated' 
778038     INFO  Test worker     d.u.i.k.m.s.ProofScriptEngine 275: 'rule ifthenelse_split occ=0' 
778039     INFO  Test worker     d.u.i.k.m.s.ProofScriptEngine 276: 'tryclose branch' 
778214     INFO  Test worker     d.u.i.k.m.s.ProofScriptEngine 277: 'tryclose branch' 
778306     INFO  Test worker     d.u.i.k.m.s.ProofScriptEngine 278: 'cut 'int::seqGet(s_0, v_y_0)=v_x_0'' 
778307     INFO  Test worker     d.u.i.k.m.s.ProofScriptEngine 279: 'tryclose branch' 
781667     INFO  Test worker     d.u.i.k.m.s.ProofScriptEngine 280: 'rule seqNPermSwapNPerm' 
781673     INFO  Test worker     d.u.i.k.m.s.ProofScriptEngine 281: 'instantiate hide var=iv with='jv_1'' 
781675     INFO  Test worker     d.u.i.k.m.s.ProofScriptEngine 282: 'instantiate hide var=jv with='v_y_0'' 
781676     INFO  Test worker     d.u.i.k.m.s.ProofScriptEngine 283: 'rule impLeft' 
781677     INFO  Test worker     d.u.i.k.m.s.ProofScriptEngine 284: 'tryclose branch' 
781798     INFO  Test worker     d.u.i.k.m.s.ProofScriptEngine 285: 'rule seqNPermSwapNPerm formula='seqNPerm(seqSwap(s_0,jv_1,v_y_0))'' 
781800     INFO  Test worker     d.u.i.k.m.s.ProofScriptEngine 286: 'instantiate hide var=iv with='jv_1'' 
781802     INFO  Test worker     d.u.i.k.m.s.ProofScriptEngine 287: 'instantiate hide var=jv with='v_x_0'' 
781803     INFO  Test worker     d.u.i.k.m.s.ProofScriptEngine 288: 'rule impLeft' 
781804     INFO  Test worker     d.u.i.k.m.s.ProofScriptEngine 289: 'tryclose branch' 
781916     INFO  Test worker     d.u.i.k.m.s.ProofScriptEngine 290: 'tryclose branch' 
785140     INFO  Test worker     d.u.i.k.m.s.ProofScriptEngine 291: 'tryclose branch' 
788565     INFO  Test worker     d.u.i.k.m.s.ProofScriptEngine 292: 'rule seqNPermSwapNPerm formula='seqNPerm(s_0)'' 
788571     INFO  Test worker     d.u.i.k.m.s.ProofScriptEngine 293: 'instantiate hide var=iv with='v_x_0'' 
788572     INFO  Test worker     d.u.i.k.m.s.ProofScriptEngine 294: 'instantiate hide var=jv with='jv_0'' 
788573     INFO  Test worker     d.u.i.k.m.s.ProofScriptEngine 295: 'rule impLeft' 
788574     INFO  Test worker     d.u.i.k.m.s.ProofScriptEngine 296: 'tryclose branch' 
788695     INFO  Test worker     d.u.i.k.m.s.ProofScriptEngine 297: 'rule seqNPermSwapNPerm formula='seqNPerm(seqSwap(s_0,v_x_0,jv_0))'' 
788696     INFO  Test worker     d.u.i.k.m.s.ProofScriptEngine 298: 'instantiate hide var=iv with='v_y_0'' 
788697     INFO  Test worker     d.u.i.k.m.s.ProofScriptEngine 299: 'instantiate hide var=jv with='jv_1'' 
788698     INFO  Test worker     d.u.i.k.m.s.ProofScriptEngine 300: 'instantiate hide var=v_r with='seqSwap(seqSwap(s_0, v_x_0, jv_0), v_y_0, jv_1)' ...' 
788700     INFO  Test worker     d.u.i.k.m.s.ProofScriptEngine 301: 'tryclose branch' 
792836     INFO  Test worker     d.u.i.k.t.l.TacletProofObligationInput Proof obligation for taclet: schiffl_thm_1 
793810     INFO  Test worker     d.u.i.k.m.s.ProofScriptEngine 1: 'macro split-prop' 
793818     INFO  Test worker     d.u.i.k.m.s.ProofScriptEngine 2: 'rule schiffl_lemma_2 formula='seqPerm(f_s, f_t)'' 
793833     INFO  Test worker     d.u.i.k.m.s.ProofScriptEngine 3: 'instantiate hide var=x with='f_x'' 
793836     INFO  Test worker     d.u.i.k.m.s.ProofScriptEngine 4: 'instantiate hide var=y with='f_y'' 
793838     INFO  Test worker     d.u.i.k.m.s.ProofScriptEngine 5: 'rule impLeft' 
793839     INFO  Test worker     d.u.i.k.m.s.ProofScriptEngine 6: 'tryclose branch' 
793843     INFO  Test worker     d.u.i.k.m.s.ProofScriptEngine 7: 'rule exLeft' 
793845     INFO  Test worker     d.u.i.k.m.s.ProofScriptEngine 8: 'macro split-prop' 
793849     INFO  Test worker     d.u.i.k.m.s.ProofScriptEngine 9: 'rule seqPermDef occ=1' 
793852     INFO  Test worker     d.u.i.k.m.s.ProofScriptEngine 10: 'rule andRight' 
793853     INFO  Test worker     d.u.i.k.m.s.ProofScriptEngine 11: 'tryclose branch' 
793862     INFO  Test worker     d.u.i.k.m.s.ProofScriptEngine 12: 'instantiate hide var=s with='r_0'' 
793865     INFO  Test worker     d.u.i.k.m.s.ProofScriptEngine 13: 'rule andRight' 
793866     INFO  Test worker     d.u.i.k.m.s.ProofScriptEngine 14: 'tryclose branch' 
793915     INFO  Test worker     d.u.i.k.m.s.ProofScriptEngine 15: 'rule allRight' 
793919     INFO  Test worker     d.u.i.k.m.s.ProofScriptEngine 16: 'rule impRight' 
793919     INFO  Test worker     d.u.i.k.m.s.ProofScriptEngine 17: 'instantiate hide var=iv with='iv_0'' 
793920     INFO  Test worker     d.u.i.k.m.s.ProofScriptEngine 18: 'rule impLeft' 
793921     INFO  Test worker     d.u.i.k.m.s.ProofScriptEngine 19: 'tryclose branch' 
793989     INFO  Test worker     d.u.i.k.m.s.ProofScriptEngine 20: 'rule andLeft' 
793990     INFO  Test worker     d.u.i.k.m.s.ProofScriptEngine 21: 'rule seqNPermRange' 
793991     INFO  Test worker     d.u.i.k.m.s.ProofScriptEngine 22: 'instantiate hide var=iv with='iv_0'' 
793992     INFO  Test worker     d.u.i.k.m.s.ProofScriptEngine 23: 'rule impLeft' 
793993     INFO  Test worker     d.u.i.k.m.s.ProofScriptEngine 24: 'tryclose branch' 
793997     INFO  Test worker     d.u.i.k.m.s.ProofScriptEngine 25: 'rule andLeft' 
793998     INFO  Test worker     d.u.i.k.m.s.ProofScriptEngine 26: 'rule andLeft' 
793999     INFO  Test worker     d.u.i.k.m.s.ProofScriptEngine 27: 'rule seqNPermRange' 
794000     INFO  Test worker     d.u.i.k.m.s.ProofScriptEngine 28: 'instantiate hide var=iv with='f_x'' 
794001     INFO  Test worker     d.u.i.k.m.s.ProofScriptEngine 29: 'rule impLeft' 
794002     INFO  Test worker     d.u.i.k.m.s.ProofScriptEngine 30: 'tryclose branch' 
794105     INFO  Test worker     d.u.i.k.m.s.ProofScriptEngine 31: 'rule andLeft' 
794106     INFO  Test worker     d.u.i.k.m.s.ProofScriptEngine 32: 'rule andLeft' 
794106     INFO  Test worker     d.u.i.k.m.s.ProofScriptEngine 33: 'rule seqNPermRange' 
794108     INFO  Test worker     d.u.i.k.m.s.ProofScriptEngine 34: 'instantiate hide var=iv with='f_y'' 
794109     INFO  Test worker     d.u.i.k.m.s.ProofScriptEngine 35: 'rule impLeft' 
794110     INFO  Test worker     d.u.i.k.m.s.ProofScriptEngine 36: 'tryclose branch' 
794193     INFO  Test worker     d.u.i.k.m.s.ProofScriptEngine 37: 'rule andLeft' 
794194     INFO  Test worker     d.u.i.k.m.s.ProofScriptEngine 38: 'rule andLeft' 
794194     INFO  Test worker     d.u.i.k.m.s.ProofScriptEngine 39: 'rule getOfSeqDef occ=0' 
794195     INFO  Test worker     d.u.i.k.m.s.ProofScriptEngine 40: 'rule getOfSeqDef' 
794196     INFO  Test worker     d.u.i.k.m.s.ProofScriptEngine 41: 'rule ifthenelse_split occ=0' 
794197     INFO  Test worker     d.u.i.k.m.s.ProofScriptEngine 42: 'rule andLeft occ=0' 
794198     INFO  Test worker     d.u.i.k.m.s.ProofScriptEngine 43: 'rule sub_zero_2 occ=0' 
794198     INFO  Test worker     d.u.i.k.m.s.ProofScriptEngine 44: 'rule ifthenelse_split occ=2' 
794199     INFO  Test worker     d.u.i.k.m.s.ProofScriptEngine 45: 'rule andLeft' 
794200     INFO  Test worker     d.u.i.k.m.s.ProofScriptEngine 46: 'rule sub_zero_2 occ=0' 
794200     INFO  Test worker     d.u.i.k.m.s.ProofScriptEngine 47: 'rule add_zero_right occ=0' 
794201     INFO  Test worker     d.u.i.k.m.s.ProofScriptEngine 48: 'rule add_zero_right occ=0' 
794202     INFO  Test worker     d.u.i.k.m.s.ProofScriptEngine 49: 'rule add_zero_right occ=0' 
794202     INFO  Test worker     d.u.i.k.m.s.ProofScriptEngine 50: 'rule add_zero_right occ=0' 
794203     INFO  Test worker     d.u.i.k.m.s.ProofScriptEngine 51: 'rule add_zero_right occ=0' 
794203     INFO  Test worker     d.u.i.k.m.s.ProofScriptEngine 52: 'rule add_zero_right occ=0' 
794204     INFO  Test worker     d.u.i.k.m.s.ProofScriptEngine 53: 'rule ifthenelse_split occ=0' 
794205     INFO  Test worker     d.u.i.k.m.s.ProofScriptEngine 54: 'rule ifthenelse_split occ=0' 
794206     INFO  Test worker     d.u.i.k.m.s.ProofScriptEngine 55: 'tryclose branch' 
794209     INFO  Test worker     d.u.i.k.m.s.ProofScriptEngine 56: 'tryclose branch' 
794247     INFO  Test worker     d.u.i.k.m.s.ProofScriptEngine 57: 'rule ifthenelse_split occ=0' 
794249     INFO  Test worker     d.u.i.k.m.s.ProofScriptEngine 58: 'tryclose branch' 
794311     INFO  Test worker     d.u.i.k.m.s.ProofScriptEngine 59: 'rule ifthenelse_split occ=0' 
794312     INFO  Test worker     d.u.i.k.m.s.ProofScriptEngine 60: 'rule seqNPermInjective' 
794314     INFO  Test worker     d.u.i.k.m.s.ProofScriptEngine 61: 'instantiate hide var=iv with='iv_0'' 
794316     INFO  Test worker     d.u.i.k.m.s.ProofScriptEngine 62: 'instantiate hide var=jv with='f_y'' 
794317     INFO  Test worker     d.u.i.k.m.s.ProofScriptEngine 63: 'rule impLeft' 
794317     INFO  Test worker     d.u.i.k.m.s.ProofScriptEngine 64: 'tryclose branch' 
794370     INFO  Test worker     d.u.i.k.m.s.ProofScriptEngine 65: 'tryclose branch' 
794373     INFO  Test worker     d.u.i.k.m.s.ProofScriptEngine 66: 'rule ifthenelse_split occ=0' 
794374     INFO  Test worker     d.u.i.k.m.s.ProofScriptEngine 67: 'rule seqNPermInjective' 
794376     INFO  Test worker     d.u.i.k.m.s.ProofScriptEngine 68: 'instantiate hide var=iv with='iv_0'' 
794377     INFO  Test worker     d.u.i.k.m.s.ProofScriptEngine 69: 'instantiate hide var=jv with='f_x'' 
794378     INFO  Test worker     d.u.i.k.m.s.ProofScriptEngine 70: 'rule impLeft' 
794379     INFO  Test worker     d.u.i.k.m.s.ProofScriptEngine 71: 'tryclose branch' 
794434     INFO  Test worker     d.u.i.k.m.s.ProofScriptEngine 72: 'tryclose branch' 
794436     INFO  Test worker     d.u.i.k.m.s.ProofScriptEngine 73: 'tryclose branch' 
794439     INFO  Test worker     d.u.i.k.m.s.ProofScriptEngine 74: 'tryclose branch' 
794508     INFO  Test worker     d.u.i.k.m.s.ProofScriptEngine 75: 'tryclose branch' 
797450     INFO  Test worker     d.u.i.k.t.l.TacletProofObligationInput Proof obligation for taclet: eqSameSeq 
]]></system-out>
  <system-err><![CDATA[]]></system-err>
</testsuite>
