<?xml version="1.0" encoding="UTF-8"?>
<testsuite name="de.uka.ilkd.key.testcase.smt.testgen.TestTestgen" tests="1" skipped="0" failures="0" errors="0" timestamp="2023-05-01T14:08:24" hostname="fv-az282-660" time="3.969">
  <properties/>
  <testcase name="testMiddle()" classname="de.uka.ilkd.key.testcase.smt.testgen.TestTestgen" time="3.969"/>
  <system-out><![CDATA[12821      WARN  Test worker     d.u.i.k.t.s.t.TestTestgen Warning: Z3_CE is not installed, tests skipped. 
12821      WARN  Test worker     d.u.i.k.t.s.t.TestTestgen Maybe use JVM system property "z3SolverPath" to define the path to the Z3 command. 
12821      INFO  Test worker     d.u.i.k.p.i.AbstractProblemLoader Loading environment from src\test\resources\testcase\smt\tg\middle.key 
12821      DEBUG Test worker     d.u.i.k.p.i.AbstractProblemLoader Environment load took 489.4ns 
12821      INFO  Test worker     d.u.i.k.p.i.AbstractProblemLoader Creating init config 
16182      DEBUG Test worker     d.u.i.k.p.i.AbstractProblemLoader Init config took 3.36s 
16292      INFO  Test worker     d.u.i.k.p.i.AbstractProblemLoader Replaying proof Middle[Middle::middle(int,int,int)].JML normal_behavior operation contract.0 
16308      DEBUG Test worker     d.u.i.k.p.i.IntermediateProofReplayer Proof replay took 16.8ns 
]]></system-out>
  <system-err><![CDATA[]]></system-err>
</testsuite>
