<?xml version="1.0" encoding="UTF-8"?>
<testsuite name="de.uka.ilkd.key.parser.TestTermParserSorts" tests="2" skipped="0" failures="0" errors="0" timestamp="2023-04-06T00:33:18" hostname="fv-az366-739" time="3.06">
  <properties/>
  <testcase name="testParseIntegerArgs()" classname="de.uka.ilkd.key.parser.TestTermParserSorts" time="0.013"/>
  <testcase name="testParseSequencePrettySyntax()" classname="de.uka.ilkd.key.parser.TestTermParserSorts" time="0.003"/>
  <system-out><![CDATA[452479     INFO  Test worker     d.u.i.k.n.KeyIO           Parsing took 0 ms 
452479     INFO  Test worker     d.u.i.k.n.KeyIO           MODE: declarations took 0 ms 
452479     INFO  Test worker     d.u.i.k.n.KeyIO           Parsing took 0 ms 
452479     INFO  Test worker     d.u.i.k.n.KeyIO           MODE: declarations took 0 ms 
452479     INFO  Test worker     d.u.i.k.n.KeyIO           Parsing took 0 ms 
452479     INFO  Test worker     d.u.i.k.n.KeyIO           MODE: declarations took 0 ms 
455535     INFO  Test worker     d.u.i.k.n.KeyIO           Parsing took 0 ms 
455535     INFO  Test worker     d.u.i.k.n.KeyIO           MODE: declarations took 0 ms 
455535     INFO  Test worker     d.u.i.k.n.KeyIO           Parsing took 0 ms 
455535     INFO  Test worker     d.u.i.k.n.KeyIO           MODE: declarations took 0 ms 
455535     INFO  Test worker     d.u.i.k.n.KeyIO           Parsing took 0 ms 
455535     INFO  Test worker     d.u.i.k.n.KeyIO           MODE: declarations took 0 ms 
]]></system-out>
  <system-err><![CDATA[]]></system-err>
</testsuite>
