<?xml version="1.0" encoding="UTF-8"?>
<testsuite name="de.uka.ilkd.key.nparser.ExprTest" tests="23" skipped="0" failures="0" errors="0" timestamp="2023-04-06T00:29:17" hostname="fv-az366-739" time="2.389">
  <properties/>
  <testcase name="[1] (bprod{int y;}(1, 2, y) = 0)" classname="de.uka.ilkd.key.nparser.ExprTest" time="0.018"/>
  <testcase name="[2] 1 = 1 -&gt; 2 = 2" classname="de.uka.ilkd.key.nparser.ExprTest" time="0.018"/>
  <testcase name="[3] \&lt; { int x = 1; } \&gt; x=1" classname="de.uka.ilkd.key.nparser.ExprTest" time="1.011"/>
  <testcase name="[4] \&lt;{ int x = 1; {int s = 2;} }\&gt; x=x" classname="de.uka.ilkd.key.nparser.ExprTest" time="0.975"/>
  <testcase name="[5] true" classname="de.uka.ilkd.key.nparser.ExprTest" time="0.015"/>
  <testcase name="[6] true &amp; false" classname="de.uka.ilkd.key.nparser.ExprTest" time="0.016"/>
  <testcase name="[7] 0" classname="de.uka.ilkd.key.nparser.ExprTest" time="0.012"/>
  <testcase name="[8] 1" classname="de.uka.ilkd.key.nparser.ExprTest" time="0.013"/>
  <testcase name="[9] 42" classname="de.uka.ilkd.key.nparser.ExprTest" time="0.013"/>
  <testcase name="[10] -5" classname="de.uka.ilkd.key.nparser.ExprTest" time="0.012"/>
  <testcase name="[11] 1 + 1 = 2" classname="de.uka.ilkd.key.nparser.ExprTest" time="0.012"/>
  <testcase name="[12] \if (3=4) \then (1) \else (2)" classname="de.uka.ilkd.key.nparser.ExprTest" time="0.021"/>
  <testcase name="[13] \if (3=4 &amp; 1=1) \then (\if (3=4) \then (1) \else (2)) \else (2)" classname="de.uka.ilkd.key.nparser.ExprTest" time="0.013"/>
  <testcase name="[14] aa + bb*cc" classname="de.uka.ilkd.key.nparser.ExprTest" time="0.013"/>
  <testcase name="[15] aa%bb*cc &lt; -123" classname="de.uka.ilkd.key.nparser.ExprTest" time="0.015"/>
  <testcase name="[16] \forall int x; true" classname="de.uka.ilkd.key.nparser.ExprTest" time="0.015"/>
  <testcase name="[17] \forall numbers x; x = x" classname="de.uka.ilkd.key.nparser.ExprTest" time="0.012"/>
  <testcase name="[18] (int)3+2" classname="de.uka.ilkd.key.nparser.ExprTest" time="0.074"/>
  <testcase name="[19] 1.f + 1f = 20e-1f * (2f-1f)" classname="de.uka.ilkd.key.nparser.ExprTest" time="0.02"/>
  <testcase name="[20] 1.d + 1d &lt;= 20e+1d * .01d" classname="de.uka.ilkd.key.nparser.ExprTest" time="0.015"/>
  <testcase name="[21] 1f &lt;= 2f" classname="de.uka.ilkd.key.nparser.ExprTest" time="0.013"/>
  <testcase name="[22] 2d &gt; 1d" classname="de.uka.ilkd.key.nparser.ExprTest" time="0.014"/>
  <testcase name="[23] seqEmpty + seqEmpty" classname="de.uka.ilkd.key.nparser.ExprTest" time="0.018"/>
  <system-out><![CDATA[211654     INFO  Test worker     d.u.i.k.n.KeyIO           Parsing took 9 ms 
211655     INFO  Test worker     d.u.i.k.n.KeyIO           MODE: declarations took 1 ms 
211663     INFO  Test worker     d.u.i.k.n.ExprTest        Term: equals(bprod{y:int}(Z(1(#)),Z(2(#)),y),Z(0(#))) 
211676     INFO  Test worker     d.u.i.k.n.KeyIO           Parsing took 11 ms 
211677     INFO  Test worker     d.u.i.k.n.KeyIO           MODE: declarations took 1 ms 
211681     INFO  Test worker     d.u.i.k.n.ExprTest        Term: imp(equals(Z(1(#)),Z(1(#))),equals(Z(2(#)),Z(2(#)))) 
211694     INFO  Test worker     d.u.i.k.n.KeyIO           Parsing took 10 ms 
211700     INFO  Test worker     d.u.i.k.n.KeyIO           MODE: declarations took 6 ms 
212693     INFO  Test worker     d.u.i.k.n.ExprTest        Term: \<{
  int x = 1;
}\> (equals(x,Z(1(#)))) 
212714     INFO  Test worker     d.u.i.k.n.KeyIO           Parsing took 8 ms 
212715     INFO  Test worker     d.u.i.k.n.KeyIO           MODE: declarations took 1 ms 
213677     INFO  Test worker     d.u.i.k.n.ExprTest        Term: \<{
  int x = 1;
  {
    int s = 2;
  }
}\> (equals(x,x)) 
213692     INFO  Test worker     d.u.i.k.n.KeyIO           Parsing took 8 ms 
213693     INFO  Test worker     d.u.i.k.n.KeyIO           MODE: declarations took 1 ms 
213696     INFO  Test worker     d.u.i.k.n.ExprTest        Term: true 
213708     INFO  Test worker     d.u.i.k.n.KeyIO           Parsing took 10 ms 
213709     INFO  Test worker     d.u.i.k.n.KeyIO           MODE: declarations took 1 ms 
213712     INFO  Test worker     d.u.i.k.n.ExprTest        Term: and(true,false) 
213722     INFO  Test worker     d.u.i.k.n.KeyIO           Parsing took 8 ms 
213723     INFO  Test worker     d.u.i.k.n.KeyIO           MODE: declarations took 1 ms 
213726     INFO  Test worker     d.u.i.k.n.ExprTest        Term: Z(0(#)) 
213735     INFO  Test worker     d.u.i.k.n.KeyIO           Parsing took 7 ms 
213736     INFO  Test worker     d.u.i.k.n.KeyIO           MODE: declarations took 1 ms 
213739     INFO  Test worker     d.u.i.k.n.ExprTest        Term: Z(1(#)) 
213748     INFO  Test worker     d.u.i.k.n.KeyIO           Parsing took 7 ms 
213750     INFO  Test worker     d.u.i.k.n.KeyIO           MODE: declarations took 2 ms 
213752     INFO  Test worker     d.u.i.k.n.ExprTest        Term: Z(2(4(#))) 
213761     INFO  Test worker     d.u.i.k.n.KeyIO           Parsing took 7 ms 
213763     INFO  Test worker     d.u.i.k.n.KeyIO           MODE: declarations took 1 ms 
213765     INFO  Test worker     d.u.i.k.n.ExprTest        Term: Z(neglit(5(#))) 
213774     INFO  Test worker     d.u.i.k.n.KeyIO           Parsing took 7 ms 
213775     INFO  Test worker     d.u.i.k.n.KeyIO           MODE: declarations took 1 ms 
213777     INFO  Test worker     d.u.i.k.n.ExprTest        Term: equals(add(Z(1(#)),Z(1(#))),Z(2(#))) 
213795     INFO  Test worker     d.u.i.k.n.KeyIO           Parsing took 13 ms 
213796     INFO  Test worker     d.u.i.k.n.KeyIO           MODE: declarations took 1 ms 
213799     INFO  Test worker     d.u.i.k.n.ExprTest        Term: if-then-else(equals(Z(3(#)),Z(4(#))),Z(1(#)),Z(2(#))) 
213808     INFO  Test worker     d.u.i.k.n.KeyIO           Parsing took 7 ms 
213810     INFO  Test worker     d.u.i.k.n.KeyIO           MODE: declarations took 1 ms 
213812     INFO  Test worker     d.u.i.k.n.ExprTest        Term: if-then-else(and(equals(Z(3(#)),Z(4(#))),equals(Z(1(#)),Z(1(#)))),if-then-else(equals(Z(3(#)),Z(4(#))),Z(1(#)),Z(2(#))),Z(2(#))) 
213823     INFO  Test worker     d.u.i.k.n.KeyIO           Parsing took 7 ms 
213825     INFO  Test worker     d.u.i.k.n.KeyIO           MODE: declarations took 1 ms 
213827     INFO  Test worker     d.u.i.k.n.ExprTest        Term: add(aa,mul(bb,cc)) 
213839     INFO  Test worker     d.u.i.k.n.KeyIO           Parsing took 9 ms 
213841     INFO  Test worker     d.u.i.k.n.KeyIO           MODE: declarations took 2 ms 
213843     INFO  Test worker     d.u.i.k.n.ExprTest        Term: lt(mul(mod(aa,bb),cc),Z(neglit(3(2(1(#)))))) 
213854     INFO  Test worker     d.u.i.k.n.KeyIO           Parsing took 7 ms 
213856     INFO  Test worker     d.u.i.k.n.KeyIO           MODE: declarations took 1 ms 
213858     INFO  Test worker     d.u.i.k.n.ExprTest        Term: all{x:int}(true) 
213870     INFO  Test worker     d.u.i.k.n.KeyIO           Parsing took 7 ms 
213871     INFO  Test worker     d.u.i.k.n.KeyIO           MODE: declarations took 1 ms 
213874     INFO  Test worker     d.u.i.k.n.ExprTest        Term: all{x:numbers}(equals(x,x)) 
213888     INFO  Test worker     d.u.i.k.n.KeyIO           Parsing took 10 ms 
213945     INFO  Test worker     d.u.i.k.n.KeyIO           MODE: declarations took 1 ms 
213948     INFO  Test worker     d.u.i.k.n.ExprTest        Term: add(int::cast(Z(3(#))),Z(2(#))) 
213960     INFO  Test worker     d.u.i.k.n.KeyIO           Parsing took 10 ms 
213962     INFO  Test worker     d.u.i.k.n.KeyIO           MODE: declarations took 2 ms 
213964     INFO  Test worker     d.u.i.k.n.ExprTest        Term: equals(addFloat(FP(6(1(2(3(5(3(5(6(0(1(#))))))))))),FP(6(1(2(3(5(3(5(6(0(1(#)))))))))))),mulFloat(FP(4(2(8(1(4(7(3(7(0(1(#))))))))))),subFloat(FP(4(2(8(1(4(7(3(7(0(1(#))))))))))),FP(6(1(2(3(5(3(5(6(0(1(#)))))))))))))) 
213981     INFO  Test worker     d.u.i.k.n.KeyIO           Parsing took 8 ms 
213982     INFO  Test worker     d.u.i.k.n.KeyIO           MODE: declarations took 1 ms 
213985     INFO  Test worker     d.u.i.k.n.ExprTest        Term: leqDouble(addDouble(DFP(8(0(4(7(1(0(0(0(8(8(1(4(2(8(1(7(0(6(4(#)))))))))))))))))))),DFP(8(0(4(7(1(0(0(0(8(8(1(4(2(8(1(7(0(6(4(#))))))))))))))))))))),mulDouble(DFP(4(8(7(6(0(0(2(8(9(0(9(8(0(4(2(1(4(6(4(#)))))))))))))))))))),DFP(5(7(6(7(8(0(4(0(3(9(2(2(8(1(9(6(7(5(4(#)))))))))))))))))))))) 
213996     INFO  Test worker     d.u.i.k.n.KeyIO           Parsing took 7 ms 
213998     INFO  Test worker     d.u.i.k.n.KeyIO           MODE: declarations took 2 ms 
214000     INFO  Test worker     d.u.i.k.n.ExprTest        Term: leqFloat(FP(6(1(2(3(5(3(5(6(0(1(#))))))))))),FP(4(2(8(1(4(7(3(7(0(1(#)))))))))))) 
214011     INFO  Test worker     d.u.i.k.n.KeyIO           Parsing took 8 ms 
214012     INFO  Test worker     d.u.i.k.n.KeyIO           MODE: declarations took 1 ms 
214015     INFO  Test worker     d.u.i.k.n.ExprTest        Term: gtDouble(DFP(4(0(9(7(8(3(7(2(4(8(1(0(6(8(6(1(1(6(4(#)))))))))))))))))))),DFP(8(0(4(7(1(0(0(0(8(8(1(4(2(8(1(7(0(6(4(#))))))))))))))))))))) 
214029     INFO  Test worker     d.u.i.k.n.KeyIO           Parsing took 12 ms 
214031     INFO  Test worker     d.u.i.k.n.KeyIO           MODE: declarations took 2 ms 
214033     INFO  Test worker     d.u.i.k.n.ExprTest        Term: seqConcat(seqEmpty,seqEmpty) 
]]></system-out>
  <system-err><![CDATA[]]></system-err>
</testsuite>
