<?xml version="1.0" encoding="UTF-8"?>
<testsuite name="de.uka.ilkd.key.parser.TestTermParser" tests="47" skipped="4" failures="0" errors="0" timestamp="2023-04-06T00:31:10" hostname="fv-az366-739" time="3.241">
  <properties/>
  <testcase name="testNotEqual()" classname="de.uka.ilkd.key.parser.TestTermParser" time="0.003"/>
  <testcase name="testProgramVariables()" classname="de.uka.ilkd.key.parser.TestTermParser" time="0.054"/>
  <testcase name="testAttributeWithSpecifiedSortOnObject()" classname="de.uka.ilkd.key.parser.TestTermParser" time="0.008"/>
  <testcase name="testCast()" classname="de.uka.ilkd.key.parser.TestTermParser" time="0.004"/>
  <testcase name="testJavaQueryAndAttribute_all()" classname="de.uka.ilkd.key.parser.TestTermParser" time="0.0">
    <skipped/>
  </testcase>
  <testcase name="test10()" classname="de.uka.ilkd.key.parser.TestTermParser" time="0.003"/>
  <testcase name="test11()" classname="de.uka.ilkd.key.parser.TestTermParser" time="0.002"/>
  <testcase name="test12()" classname="de.uka.ilkd.key.parser.TestTermParser" time="0.0">
    <skipped/>
  </testcase>
  <testcase name="test13()" classname="de.uka.ilkd.key.parser.TestTermParser" time="0.005"/>
  <testcase name="test14()" classname="de.uka.ilkd.key.parser.TestTermParser" time="0.002"/>
  <testcase name="test1a()" classname="de.uka.ilkd.key.parser.TestTermParser" time="0.003"/>
  <testcase name="testJavaAttributeAccess_4()" classname="de.uka.ilkd.key.parser.TestTermParser" time="0.003"/>
  <testcase name="testAttributeOnObject()" classname="de.uka.ilkd.key.parser.TestTermParser" time="0.003"/>
  <testcase name="testNegativeLiteralParsing1()" classname="de.uka.ilkd.key.parser.TestTermParser" time="0.001"/>
  <testcase name="testNegativeLiteralParsing2()" classname="de.uka.ilkd.key.parser.TestTermParser" time="0.001"/>
  <testcase name="testNegativeLiteralParsing3()" classname="de.uka.ilkd.key.parser.TestTermParser" time="0.001"/>
  <testcase name="xtestParsingArrayWithSpaces()" classname="de.uka.ilkd.key.parser.TestTermParser" time="0.0">
    <skipped/>
  </testcase>
  <testcase name="testAmbigiousFuncVarPred()" classname="de.uka.ilkd.key.parser.TestTermParser" time="0.001"/>
  <testcase name="test1()" classname="de.uka.ilkd.key.parser.TestTermParser" time="0.001"/>
  <testcase name="test2()" classname="de.uka.ilkd.key.parser.TestTermParser" time="0.002"/>
  <testcase name="test3()" classname="de.uka.ilkd.key.parser.TestTermParser" time="0.002"/>
  <testcase name="test5()" classname="de.uka.ilkd.key.parser.TestTermParser" time="0.002"/>
  <testcase name="test6()" classname="de.uka.ilkd.key.parser.TestTermParser" time="0.001"/>
  <testcase name="test7()" classname="de.uka.ilkd.key.parser.TestTermParser" time="0.001"/>
  <testcase name="test8()" classname="de.uka.ilkd.key.parser.TestTermParser" time="0.002"/>
  <testcase name="test9()" classname="de.uka.ilkd.key.parser.TestTermParser" time="0.001"/>
  <testcase name="testBindingUpdateTerm()" classname="de.uka.ilkd.key.parser.TestTermParser" time="0.002"/>
  <testcase name="testJavaStaticQuery()" classname="de.uka.ilkd.key.parser.TestTermParser" time="0.003"/>
  <testcase name="testInfix1()" classname="de.uka.ilkd.key.parser.TestTermParser" time="0.002"/>
  <testcase name="testInfix2()" classname="de.uka.ilkd.key.parser.TestTermParser" time="0.002"/>
  <testcase name="testInfix3()" classname="de.uka.ilkd.key.parser.TestTermParser" time="0.002"/>
  <testcase name="testInfix4()" classname="de.uka.ilkd.key.parser.TestTermParser" time="0.003"/>
  <testcase name="testIfThenElse()" classname="de.uka.ilkd.key.parser.TestTermParser" time="0.002"/>
  <testcase name="testJavaAttributeAccessBoth_1()" classname="de.uka.ilkd.key.parser.TestTermParser" time="0.003"/>
  <testcase name="testJavaAttributeAccessBoth_2()" classname="de.uka.ilkd.key.parser.TestTermParser" time="0.003"/>
  <testcase name="testJavaAttributeAccessBoth_3()" classname="de.uka.ilkd.key.parser.TestTermParser" time="0.003"/>
  <testcase name="testBindingUpdateTerm_1()" classname="de.uka.ilkd.key.parser.TestTermParser" time="0.001"/>
  <testcase name="testBindingUpdateTerm_3()" classname="de.uka.ilkd.key.parser.TestTermParser" time="0.004"/>
  <testcase name="testBindingUpdateTerm_4()" classname="de.uka.ilkd.key.parser.TestTermParser" time="0.001"/>
  <testcase name="testBindingUpdateTerm_5()" classname="de.uka.ilkd.key.parser.TestTermParser" time="0.002"/>
  <testcase name="testBindingUpdateTerm_6()" classname="de.uka.ilkd.key.parser.TestTermParser" time="0.001"/>
  <testcase name="testBindingUpdateTerm_7()" classname="de.uka.ilkd.key.parser.TestTermParser" time="0.002"/>
  <testcase name="testBindingUpdateTerm_8()" classname="de.uka.ilkd.key.parser.TestTermParser" time="0.002"/>
  <testcase name="testParsingArray()" classname="de.uka.ilkd.key.parser.TestTermParser" time="0.004"/>
  <testcase name="xtestBindingUpdateTermOldBindingAlternative()" classname="de.uka.ilkd.key.parser.TestTermParser" time="0.0">
    <skipped/>
  </testcase>
  <testcase name="testJavaStaticQueryWithParameter()" classname="de.uka.ilkd.key.parser.TestTermParser" time="0.003"/>
  <testcase name="testParsingArrayCombination()" classname="de.uka.ilkd.key.parser.TestTermParser" time="0.003"/>
  <system-out><![CDATA[324268     INFO  Test worker     d.u.i.k.n.KeyIO           Parsing took 0 ms 
324269     INFO  Test worker     d.u.i.k.n.KeyIO           MODE: declarations took 0 ms 
324272     WARN  Test worker     d.u.i.k.j.r.KeYCrossReferenceNameInfo Datatype T declared twice: Once in UNKNOWN:unknown and once in UNKNOWN:unknown, Keeping one from UNKNOWN:unknown 
324336     INFO  Test worker     d.u.i.k.n.KeyIO           Parsing took 0 ms 
324337     INFO  Test worker     d.u.i.k.n.KeyIO           MODE: declarations took 0 ms 
324390     WARN  Test worker     d.u.i.k.j.r.KeYCrossReferenceNameInfo Datatype T declared twice: Once in UNKNOWN:unknown and once in UNKNOWN:unknown, Keeping one from UNKNOWN:unknown 
324453     INFO  Test worker     d.u.i.k.n.KeyIO           Parsing took 0 ms 
324454     INFO  Test worker     d.u.i.k.n.KeyIO           MODE: declarations took 0 ms 
324461     WARN  Test worker     d.u.i.k.j.r.KeYCrossReferenceNameInfo Datatype T declared twice: Once in UNKNOWN:unknown and once in UNKNOWN:unknown, Keeping one from UNKNOWN:unknown 
324526     INFO  Test worker     d.u.i.k.n.KeyIO           Parsing took 0 ms 
324528     INFO  Test worker     d.u.i.k.n.KeyIO           MODE: declarations took 0 ms 
324530     WARN  Test worker     d.u.i.k.j.r.KeYCrossReferenceNameInfo Datatype T declared twice: Once in UNKNOWN:unknown and once in UNKNOWN:unknown, Keeping one from UNKNOWN:unknown 
324594     WARN  Test worker     d.u.i.k.j.r.KeYCrossReferenceNameInfo Datatype T declared twice: Once in UNKNOWN:unknown and once in UNKNOWN:unknown, Keeping one from UNKNOWN:unknown 
324658     INFO  Test worker     d.u.i.k.n.KeyIO           Parsing took 0 ms 
324659     INFO  Test worker     d.u.i.k.n.KeyIO           MODE: declarations took 0 ms 
324661     INFO  Test worker     d.u.i.k.p.TestTermParser  Out: \<{
  int x = 1;
  {
    int s = 2;
  }
}\> (equals(x,x)) 
324661     WARN  Test worker     d.u.i.k.j.r.KeYCrossReferenceNameInfo Datatype T declared twice: Once in UNKNOWN:unknown and once in UNKNOWN:unknown, Keeping one from UNKNOWN:unknown 
324725     INFO  Test worker     d.u.i.k.n.KeyIO           Parsing took 0 ms 
324725     INFO  Test worker     d.u.i.k.n.KeyIO           MODE: declarations took 0 ms 
324726     INFO  Test worker     d.u.i.k.p.TestTermParser  Out: \[{
  int x = 2;
  {
    String s = ""}";
  }
}\] (true) 
324727     WARN  Test worker     d.u.i.k.j.r.KeYCrossReferenceNameInfo Datatype T declared twice: Once in UNKNOWN:unknown and once in UNKNOWN:unknown, Keeping one from UNKNOWN:unknown 
324792     WARN  Test worker     d.u.i.k.j.r.KeYCrossReferenceNameInfo Datatype T declared twice: Once in UNKNOWN:unknown and once in UNKNOWN:unknown, Keeping one from UNKNOWN:unknown 
324862     INFO  Test worker     d.u.i.k.n.KeyIO           Parsing took 1 ms 
324862     INFO  Test worker     d.u.i.k.n.KeyIO           MODE: declarations took 0 ms 
324867     WARN  Test worker     d.u.i.k.j.r.KeYCrossReferenceNameInfo Datatype T declared twice: Once in UNKNOWN:unknown and once in UNKNOWN:unknown, Keeping one from UNKNOWN:unknown 
324931     INFO  Test worker     d.u.i.k.n.KeyIO           Parsing took 0 ms 
324932     INFO  Test worker     d.u.i.k.n.KeyIO           MODE: declarations took 0 ms 
324933     INFO  Test worker     d.u.i.k.p.TestTermParser  Out: \<{
  int[] i;
}\> (diamond(true)) 
324934     WARN  Test worker     d.u.i.k.j.r.KeYCrossReferenceNameInfo Datatype T declared twice: Once in UNKNOWN:unknown and once in UNKNOWN:unknown, Keeping one from UNKNOWN:unknown 
325000     INFO  Test worker     d.u.i.k.n.KeyIO           Parsing took 1 ms 
325000     INFO  Test worker     d.u.i.k.n.KeyIO           MODE: declarations took 0 ms 
325003     WARN  Test worker     d.u.i.k.j.r.KeYCrossReferenceNameInfo Datatype T declared twice: Once in UNKNOWN:unknown and once in UNKNOWN:unknown, Keeping one from UNKNOWN:unknown 
325066     INFO  Test worker     d.u.i.k.n.KeyIO           Parsing took 0 ms 
325067     INFO  Test worker     d.u.i.k.n.KeyIO           MODE: declarations took 0 ms 
325069     WARN  Test worker     d.u.i.k.j.r.KeYCrossReferenceNameInfo Datatype T declared twice: Once in UNKNOWN:unknown and once in UNKNOWN:unknown, Keeping one from UNKNOWN:unknown 
325134     INFO  Test worker     d.u.i.k.n.KeyIO           Parsing took 0 ms 
325134     INFO  Test worker     d.u.i.k.n.KeyIO           MODE: declarations took 0 ms 
325137     WARN  Test worker     d.u.i.k.j.r.KeYCrossReferenceNameInfo Datatype T declared twice: Once in UNKNOWN:unknown and once in UNKNOWN:unknown, Keeping one from UNKNOWN:unknown 
325202     INFO  Test worker     d.u.i.k.n.KeyIO           Parsing took 0 ms 
325202     INFO  Test worker     d.u.i.k.n.KeyIO           MODE: declarations took 0 ms 
325203     WARN  Test worker     d.u.i.k.j.r.KeYCrossReferenceNameInfo Datatype T declared twice: Once in UNKNOWN:unknown and once in UNKNOWN:unknown, Keeping one from UNKNOWN:unknown 
325269     INFO  Test worker     d.u.i.k.n.KeyIO           Parsing took 0 ms 
325269     INFO  Test worker     d.u.i.k.n.KeyIO           MODE: declarations took 0 ms 
325271     WARN  Test worker     d.u.i.k.j.r.KeYCrossReferenceNameInfo Datatype T declared twice: Once in UNKNOWN:unknown and once in UNKNOWN:unknown, Keeping one from UNKNOWN:unknown 
325334     INFO  Test worker     d.u.i.k.n.KeyIO           Parsing took 0 ms 
325335     INFO  Test worker     d.u.i.k.n.KeyIO           MODE: declarations took 0 ms 
325336     WARN  Test worker     d.u.i.k.j.r.KeYCrossReferenceNameInfo Datatype T declared twice: Once in UNKNOWN:unknown and once in UNKNOWN:unknown, Keeping one from UNKNOWN:unknown 
325400     WARN  Test worker     d.u.i.k.j.r.KeYCrossReferenceNameInfo Datatype T declared twice: Once in UNKNOWN:unknown and once in UNKNOWN:unknown, Keeping one from UNKNOWN:unknown 
325462     INFO  Test worker     d.u.i.k.n.KeyIO           Parsing took 0 ms 
325463     INFO  Test worker     d.u.i.k.n.KeyIO           MODE: declarations took 1 ms 
325463     WARN  Test worker     d.u.i.k.j.r.KeYCrossReferenceNameInfo Datatype T declared twice: Once in UNKNOWN:unknown and once in UNKNOWN:unknown, Keeping one from UNKNOWN:unknown 
325528     INFO  Test worker     d.u.i.k.n.KeyIO           Parsing took 0 ms 
325529     INFO  Test worker     d.u.i.k.n.KeyIO           MODE: declarations took 0 ms 
325530     WARN  Test worker     d.u.i.k.j.r.KeYCrossReferenceNameInfo Datatype T declared twice: Once in UNKNOWN:unknown and once in UNKNOWN:unknown, Keeping one from UNKNOWN:unknown 
325596     INFO  Test worker     d.u.i.k.n.KeyIO           Parsing took 0 ms 
325596     INFO  Test worker     d.u.i.k.n.KeyIO           MODE: declarations took 0 ms 
325597     WARN  Test worker     d.u.i.k.j.r.KeYCrossReferenceNameInfo Datatype T declared twice: Once in UNKNOWN:unknown and once in UNKNOWN:unknown, Keeping one from UNKNOWN:unknown 
325661     INFO  Test worker     d.u.i.k.n.KeyIO           Parsing took 0 ms 
325661     INFO  Test worker     d.u.i.k.n.KeyIO           MODE: declarations took 0 ms 
325662     WARN  Test worker     d.u.i.k.j.r.KeYCrossReferenceNameInfo Datatype T declared twice: Once in UNKNOWN:unknown and once in UNKNOWN:unknown, Keeping one from UNKNOWN:unknown 
325725     INFO  Test worker     d.u.i.k.n.KeyIO           Parsing took 0 ms 
325725     INFO  Test worker     d.u.i.k.n.KeyIO           MODE: declarations took 0 ms 
325727     WARN  Test worker     d.u.i.k.j.r.KeYCrossReferenceNameInfo Datatype T declared twice: Once in UNKNOWN:unknown and once in UNKNOWN:unknown, Keeping one from UNKNOWN:unknown 
325797     INFO  Test worker     d.u.i.k.n.KeyIO           Parsing took 0 ms 
325797     INFO  Test worker     d.u.i.k.n.KeyIO           MODE: declarations took 0 ms 
325799     WARN  Test worker     d.u.i.k.j.r.KeYCrossReferenceNameInfo Datatype T declared twice: Once in UNKNOWN:unknown and once in UNKNOWN:unknown, Keeping one from UNKNOWN:unknown 
325867     INFO  Test worker     d.u.i.k.n.KeyIO           Parsing took 0 ms 
325867     INFO  Test worker     d.u.i.k.n.KeyIO           MODE: declarations took 0 ms 
325869     WARN  Test worker     d.u.i.k.j.r.KeYCrossReferenceNameInfo Datatype T declared twice: Once in UNKNOWN:unknown and once in UNKNOWN:unknown, Keeping one from UNKNOWN:unknown 
325979     INFO  Test worker     d.u.i.k.n.KeyIO           Parsing took 0 ms 
325979     INFO  Test worker     d.u.i.k.n.KeyIO           MODE: declarations took 0 ms 
325981     WARN  Test worker     d.u.i.k.j.r.KeYCrossReferenceNameInfo Datatype T declared twice: Once in UNKNOWN:unknown and once in UNKNOWN:unknown, Keeping one from UNKNOWN:unknown 
326048     INFO  Test worker     d.u.i.k.n.KeyIO           Parsing took 0 ms 
326048     INFO  Test worker     d.u.i.k.n.KeyIO           MODE: declarations took 0 ms 
326050     WARN  Test worker     d.u.i.k.j.r.KeYCrossReferenceNameInfo Datatype T declared twice: Once in UNKNOWN:unknown and once in UNKNOWN:unknown, Keeping one from UNKNOWN:unknown 
326116     INFO  Test worker     d.u.i.k.n.KeyIO           Parsing took 1 ms 
326116     INFO  Test worker     d.u.i.k.n.KeyIO           MODE: declarations took 0 ms 
326118     WARN  Test worker     d.u.i.k.j.r.KeYCrossReferenceNameInfo Datatype T declared twice: Once in UNKNOWN:unknown and once in UNKNOWN:unknown, Keeping one from UNKNOWN:unknown 
326184     INFO  Test worker     d.u.i.k.n.KeyIO           Parsing took 0 ms 
326184     INFO  Test worker     d.u.i.k.n.KeyIO           MODE: declarations took 0 ms 
326187     WARN  Test worker     d.u.i.k.j.r.KeYCrossReferenceNameInfo Datatype T declared twice: Once in UNKNOWN:unknown and once in UNKNOWN:unknown, Keeping one from UNKNOWN:unknown 
326257     INFO  Test worker     d.u.i.k.n.KeyIO           Parsing took 1 ms 
326257     INFO  Test worker     d.u.i.k.n.KeyIO           MODE: declarations took 0 ms 
326259     WARN  Test worker     d.u.i.k.j.r.KeYCrossReferenceNameInfo Datatype T declared twice: Once in UNKNOWN:unknown and once in UNKNOWN:unknown, Keeping one from UNKNOWN:unknown 
326322     INFO  Test worker     d.u.i.k.n.KeyIO           Parsing took 0 ms 
326323     INFO  Test worker     d.u.i.k.n.KeyIO           MODE: declarations took 0 ms 
326324     WARN  Test worker     d.u.i.k.j.r.KeYCrossReferenceNameInfo Datatype T declared twice: Once in UNKNOWN:unknown and once in UNKNOWN:unknown, Keeping one from UNKNOWN:unknown 
326389     INFO  Test worker     d.u.i.k.n.KeyIO           Parsing took 0 ms 
326389     INFO  Test worker     d.u.i.k.n.KeyIO           MODE: declarations took 0 ms 
326391     WARN  Test worker     d.u.i.k.j.r.KeYCrossReferenceNameInfo Datatype T declared twice: Once in UNKNOWN:unknown and once in UNKNOWN:unknown, Keeping one from UNKNOWN:unknown 
326457     INFO  Test worker     d.u.i.k.n.KeyIO           Parsing took 0 ms 
326457     INFO  Test worker     d.u.i.k.n.KeyIO           MODE: declarations took 0 ms 
326460     WARN  Test worker     d.u.i.k.j.r.KeYCrossReferenceNameInfo Datatype T declared twice: Once in UNKNOWN:unknown and once in UNKNOWN:unknown, Keeping one from UNKNOWN:unknown 
326526     INFO  Test worker     d.u.i.k.n.KeyIO           Parsing took 0 ms 
326526     INFO  Test worker     d.u.i.k.n.KeyIO           MODE: declarations took 0 ms 
326528     WARN  Test worker     d.u.i.k.j.r.KeYCrossReferenceNameInfo Datatype T declared twice: Once in UNKNOWN:unknown and once in UNKNOWN:unknown, Keeping one from UNKNOWN:unknown 
326598     INFO  Test worker     d.u.i.k.n.KeyIO           Parsing took 0 ms 
326599     INFO  Test worker     d.u.i.k.n.KeyIO           MODE: declarations took 0 ms 
326602     WARN  Test worker     d.u.i.k.j.r.KeYCrossReferenceNameInfo Datatype T declared twice: Once in UNKNOWN:unknown and once in UNKNOWN:unknown, Keeping one from UNKNOWN:unknown 
326668     INFO  Test worker     d.u.i.k.n.KeyIO           Parsing took 0 ms 
326668     INFO  Test worker     d.u.i.k.n.KeyIO           MODE: declarations took 0 ms 
326671     WARN  Test worker     d.u.i.k.j.r.KeYCrossReferenceNameInfo Datatype T declared twice: Once in UNKNOWN:unknown and once in UNKNOWN:unknown, Keeping one from UNKNOWN:unknown 
326739     INFO  Test worker     d.u.i.k.n.KeyIO           Parsing took 0 ms 
326739     INFO  Test worker     d.u.i.k.n.KeyIO           MODE: declarations took 0 ms 
326742     WARN  Test worker     d.u.i.k.j.r.KeYCrossReferenceNameInfo Datatype T declared twice: Once in UNKNOWN:unknown and once in UNKNOWN:unknown, Keeping one from UNKNOWN:unknown 
326810     INFO  Test worker     d.u.i.k.n.KeyIO           Parsing took 0 ms 
326810     INFO  Test worker     d.u.i.k.n.KeyIO           MODE: declarations took 0 ms 
326812     WARN  Test worker     d.u.i.k.j.r.KeYCrossReferenceNameInfo Datatype T declared twice: Once in UNKNOWN:unknown and once in UNKNOWN:unknown, Keeping one from UNKNOWN:unknown 
326880     INFO  Test worker     d.u.i.k.n.KeyIO           Parsing took 0 ms 
326880     INFO  Test worker     d.u.i.k.n.KeyIO           MODE: declarations took 0 ms 
326884     WARN  Test worker     d.u.i.k.j.r.KeYCrossReferenceNameInfo Datatype T declared twice: Once in UNKNOWN:unknown and once in UNKNOWN:unknown, Keeping one from UNKNOWN:unknown 
326952     INFO  Test worker     d.u.i.k.n.KeyIO           Parsing took 1 ms 
326952     INFO  Test worker     d.u.i.k.n.KeyIO           MODE: declarations took 0 ms 
326953     WARN  Test worker     d.u.i.k.j.r.KeYCrossReferenceNameInfo Datatype T declared twice: Once in UNKNOWN:unknown and once in UNKNOWN:unknown, Keeping one from UNKNOWN:unknown 
327021     INFO  Test worker     d.u.i.k.n.KeyIO           Parsing took 1 ms 
327021     INFO  Test worker     d.u.i.k.n.KeyIO           MODE: declarations took 0 ms 
327023     WARN  Test worker     d.u.i.k.j.r.KeYCrossReferenceNameInfo Datatype T declared twice: Once in UNKNOWN:unknown and once in UNKNOWN:unknown, Keeping one from UNKNOWN:unknown 
327091     INFO  Test worker     d.u.i.k.n.KeyIO           Parsing took 0 ms 
327091     INFO  Test worker     d.u.i.k.n.KeyIO           MODE: declarations took 0 ms 
327093     WARN  Test worker     d.u.i.k.j.r.KeYCrossReferenceNameInfo Datatype T declared twice: Once in UNKNOWN:unknown and once in UNKNOWN:unknown, Keeping one from UNKNOWN:unknown 
327160     INFO  Test worker     d.u.i.k.n.KeyIO           Parsing took 0 ms 
327160     INFO  Test worker     d.u.i.k.n.KeyIO           MODE: declarations took 0 ms 
327162     WARN  Test worker     d.u.i.k.j.r.KeYCrossReferenceNameInfo Datatype T declared twice: Once in UNKNOWN:unknown and once in UNKNOWN:unknown, Keeping one from UNKNOWN:unknown 
327228     INFO  Test worker     d.u.i.k.n.KeyIO           Parsing took 0 ms 
327229     INFO  Test worker     d.u.i.k.n.KeyIO           MODE: declarations took 1 ms 
327231     WARN  Test worker     d.u.i.k.j.r.KeYCrossReferenceNameInfo Datatype T declared twice: Once in UNKNOWN:unknown and once in UNKNOWN:unknown, Keeping one from UNKNOWN:unknown 
327298     INFO  Test worker     d.u.i.k.n.KeyIO           Parsing took 0 ms 
327298     INFO  Test worker     d.u.i.k.n.KeyIO           MODE: declarations took 0 ms 
327302     WARN  Test worker     d.u.i.k.j.r.KeYCrossReferenceNameInfo Datatype T declared twice: Once in UNKNOWN:unknown and once in UNKNOWN:unknown, Keeping one from UNKNOWN:unknown 
327372     WARN  Test worker     d.u.i.k.j.r.KeYCrossReferenceNameInfo Datatype T declared twice: Once in UNKNOWN:unknown and once in UNKNOWN:unknown, Keeping one from UNKNOWN:unknown 
327439     INFO  Test worker     d.u.i.k.n.KeyIO           Parsing took 0 ms 
327439     INFO  Test worker     d.u.i.k.n.KeyIO           MODE: declarations took 0 ms 
327442     WARN  Test worker     d.u.i.k.j.r.KeYCrossReferenceNameInfo Datatype T declared twice: Once in UNKNOWN:unknown and once in UNKNOWN:unknown, Keeping one from UNKNOWN:unknown 
327505     INFO  Test worker     d.u.i.k.n.KeyIO           Parsing took 0 ms 
327505     INFO  Test worker     d.u.i.k.n.KeyIO           MODE: declarations took 0 ms 
]]></system-out>
  <system-err><![CDATA[]]></system-err>
</testsuite>
