<?xml version="1.0" encoding="UTF-8"?>
<testsuite name="de.uka.ilkd.key.parser.TestTermParserHeap" tests="39" skipped="0" failures="0" errors="0" timestamp="2023-04-06T00:31:16" hostname="fv-az366-739" time="118.627">
  <properties/>
  <testcase name="testBracketHeapUpdate()" classname="de.uka.ilkd.key.parser.TestTermParserHeap" time="0.018"/>
  <testcase name="testStore()" classname="de.uka.ilkd.key.parser.TestTermParserHeap" time="0.013"/>
  <testcase name="testUnknownConstant()" classname="de.uka.ilkd.key.parser.TestTermParserHeap" time="0.007"/>
  <testcase name="testAllFieldsSelector()" classname="de.uka.ilkd.key.parser.TestTermParserHeap" time="0.003"/>
  <testcase name="testParsePrettyPrintedSelect()" classname="de.uka.ilkd.key.parser.TestTermParserHeap" time="0.002"/>
  <testcase name="testAccessStaticMembers()" classname="de.uka.ilkd.key.parser.TestTermParserHeap" time="0.003"/>
  <testcase name="testAtOperator_1()" classname="de.uka.ilkd.key.parser.TestTermParserHeap" time="0.001"/>
  <testcase name="testAtOperator_2()" classname="de.uka.ilkd.key.parser.TestTermParserHeap" time="0.001"/>
  <testcase name="testAtOperator_3()" classname="de.uka.ilkd.key.parser.TestTermParserHeap" time="0.001"/>
  <testcase name="testAtOperator_4()" classname="de.uka.ilkd.key.parser.TestTermParserHeap" time="0.008"/>
  <testcase name="testAtOperator_5()" classname="de.uka.ilkd.key.parser.TestTermParserHeap" time="0.002"/>
  <testcase name="testAtOperator_6()" classname="de.uka.ilkd.key.parser.TestTermParserHeap" time="0.002"/>
  <testcase name="testAtOperator_7()" classname="de.uka.ilkd.key.parser.TestTermParserHeap" time="0.004"/>
  <testcase name="testAtOperator_8()" classname="de.uka.ilkd.key.parser.TestTermParserHeap" time="0.003"/>
  <testcase name="testVerifyExceptionIfAtOperatorNotPreceededBySelectTerm()" classname="de.uka.ilkd.key.parser.TestTermParserHeap" time="0.002"/>
  <testcase name="testBugResettingCounter()" classname="de.uka.ilkd.key.parser.TestTermParserHeap" time="0.002"/>
  <testcase name="testLocationSets()" classname="de.uka.ilkd.key.parser.TestTermParserHeap" time="0.002"/>
  <testcase name="testQuantifiedSelect()" classname="de.uka.ilkd.key.parser.TestTermParserHeap" time="0.002"/>
  <testcase name="testGenericObjectProperties()" classname="de.uka.ilkd.key.parser.TestTermParserHeap" time="0.003"/>
  <testcase name="testQueryInheritance_1()" classname="de.uka.ilkd.key.parser.TestTermParserHeap" time="0.002"/>
  <testcase name="testQueryInheritance_2()" classname="de.uka.ilkd.key.parser.TestTermParserHeap" time="0.001"/>
  <testcase name="testQueryInheritance_3()" classname="de.uka.ilkd.key.parser.TestTermParserHeap" time="0.001"/>
  <testcase name="testQueryInheritance_4()" classname="de.uka.ilkd.key.parser.TestTermParserHeap" time="0.004"/>
  <testcase name="testQueryInheritance_5()" classname="de.uka.ilkd.key.parser.TestTermParserHeap" time="0.001"/>
  <testcase name="testQueryInheritance_6()" classname="de.uka.ilkd.key.parser.TestTermParserHeap" time="0.002"/>
  <testcase name="testQueryInheritance_7()" classname="de.uka.ilkd.key.parser.TestTermParserHeap" time="0.002"/>
  <testcase name="testQueryInheritance_8()" classname="de.uka.ilkd.key.parser.TestTermParserHeap" time="0.001"/>
  <testcase name="testQueryInheritance_9()" classname="de.uka.ilkd.key.parser.TestTermParserHeap" time="0.002"/>
  <testcase name="testQueryBasic_10()" classname="de.uka.ilkd.key.parser.TestTermParserHeap" time="0.002"/>
  <testcase name="testQueryBasic_11()" classname="de.uka.ilkd.key.parser.TestTermParserHeap" time="0.002"/>
  <testcase name="testQueryBasic_1()" classname="de.uka.ilkd.key.parser.TestTermParserHeap" time="0.001"/>
  <testcase name="testQueryBasic_2()" classname="de.uka.ilkd.key.parser.TestTermParserHeap" time="0.001"/>
  <testcase name="testQueryBasic_3()" classname="de.uka.ilkd.key.parser.TestTermParserHeap" time="0.002"/>
  <testcase name="testQueryBasic_4()" classname="de.uka.ilkd.key.parser.TestTermParserHeap" time="0.002"/>
  <testcase name="testQueryBasic_5()" classname="de.uka.ilkd.key.parser.TestTermParserHeap" time="0.001"/>
  <testcase name="testQueryBasic_6()" classname="de.uka.ilkd.key.parser.TestTermParserHeap" time="0.001"/>
  <testcase name="testQueryBasic_7()" classname="de.uka.ilkd.key.parser.TestTermParserHeap" time="0.002"/>
  <testcase name="testQueryBasic_8()" classname="de.uka.ilkd.key.parser.TestTermParserHeap" time="0.001"/>
  <testcase name="testQueryBasic_9()" classname="de.uka.ilkd.key.parser.TestTermParserHeap" time="0.002"/>
  <system-out><![CDATA[330829     INFO  Test worker     d.u.i.k.n.KeyIO           Parsing took 0 ms 
330830     INFO  Test worker     d.u.i.k.n.KeyIO           MODE: declarations took 0 ms 
330830     INFO  Test worker     d.u.i.k.n.KeyIO           Parsing took 0 ms 
330830     INFO  Test worker     d.u.i.k.n.KeyIO           MODE: declarations took 0 ms 
330830     INFO  Test worker     d.u.i.k.n.KeyIO           Parsing took 0 ms 
330830     INFO  Test worker     d.u.i.k.n.KeyIO           MODE: declarations took 0 ms 
330830     INFO  Test worker     d.u.i.k.n.KeyIO           Parsing took 0 ms 
330830     INFO  Test worker     d.u.i.k.n.KeyIO           MODE: declarations took 0 ms 
330830     INFO  Test worker     d.u.i.k.n.KeyIO           Parsing took 0 ms 
330830     INFO  Test worker     d.u.i.k.n.KeyIO           MODE: declarations took 0 ms 
334094     INFO  Test worker     d.u.i.k.n.KeyIO           Parsing took 0 ms 
334095     INFO  Test worker     d.u.i.k.n.KeyIO           MODE: declarations took 1 ms 
334095     INFO  Test worker     d.u.i.k.n.KeyIO           Parsing took 0 ms 
334095     INFO  Test worker     d.u.i.k.n.KeyIO           MODE: declarations took 0 ms 
334095     INFO  Test worker     d.u.i.k.n.KeyIO           Parsing took 0 ms 
334095     INFO  Test worker     d.u.i.k.n.KeyIO           MODE: declarations took 0 ms 
334098     INFO  Test worker     d.u.i.k.n.KeyIO           Parsing took 0 ms 
334098     INFO  Test worker     d.u.i.k.n.KeyIO           MODE: declarations took 0 ms 
334098     INFO  Test worker     d.u.i.k.n.KeyIO           Parsing took 0 ms 
334098     INFO  Test worker     d.u.i.k.n.KeyIO           MODE: declarations took 0 ms 
337344     INFO  Test worker     d.u.i.k.n.KeyIO           Parsing took 0 ms 
337347     INFO  Test worker     d.u.i.k.n.KeyIO           MODE: declarations took 0 ms 
337348     INFO  Test worker     d.u.i.k.n.KeyIO           Parsing took 0 ms 
337348     INFO  Test worker     d.u.i.k.n.KeyIO           MODE: declarations took 0 ms 
337348     INFO  Test worker     d.u.i.k.n.KeyIO           Parsing took 0 ms 
337348     INFO  Test worker     d.u.i.k.n.KeyIO           MODE: declarations took 0 ms 
337348     INFO  Test worker     d.u.i.k.n.KeyIO           Parsing took 0 ms 
337349     INFO  Test worker     d.u.i.k.n.KeyIO           MODE: declarations took 0 ms 
337349     INFO  Test worker     d.u.i.k.n.KeyIO           Parsing took 0 ms 
337349     INFO  Test worker     d.u.i.k.n.KeyIO           MODE: declarations took 0 ms 
337349     INFO  Test worker     d.u.i.k.n.KeyIO           Parsing took 0 ms 
337350     INFO  Test worker     d.u.i.k.n.KeyIO           MODE: declarations took 0 ms 
340566     INFO  Test worker     d.u.i.k.n.KeyIO           Parsing took 0 ms 
340566     INFO  Test worker     d.u.i.k.n.KeyIO           MODE: declarations took 0 ms 
340566     INFO  Test worker     d.u.i.k.n.KeyIO           Parsing took 0 ms 
340566     INFO  Test worker     d.u.i.k.n.KeyIO           MODE: declarations took 0 ms 
340567     INFO  Test worker     d.u.i.k.n.KeyIO           Parsing took 0 ms 
340567     INFO  Test worker     d.u.i.k.n.KeyIO           MODE: declarations took 0 ms 
340567     INFO  Test worker     d.u.i.k.n.KeyIO           Parsing took 0 ms 
340567     INFO  Test worker     d.u.i.k.n.KeyIO           MODE: declarations took 0 ms 
340567     INFO  Test worker     d.u.i.k.n.KeyIO           Parsing took 0 ms 
340567     INFO  Test worker     d.u.i.k.n.KeyIO           MODE: declarations took 0 ms 
343818     INFO  Test worker     d.u.i.k.n.KeyIO           Parsing took 1 ms 
343818     INFO  Test worker     d.u.i.k.n.KeyIO           MODE: declarations took 0 ms 
343818     INFO  Test worker     d.u.i.k.n.KeyIO           Parsing took 0 ms 
343818     INFO  Test worker     d.u.i.k.n.KeyIO           MODE: declarations took 0 ms 
343818     INFO  Test worker     d.u.i.k.n.KeyIO           Parsing took 0 ms 
343818     INFO  Test worker     d.u.i.k.n.KeyIO           MODE: declarations took 0 ms 
343818     INFO  Test worker     d.u.i.k.n.KeyIO           Parsing took 0 ms 
343818     INFO  Test worker     d.u.i.k.n.KeyIO           MODE: declarations took 0 ms 
343818     INFO  Test worker     d.u.i.k.n.KeyIO           Parsing took 0 ms 
343818     INFO  Test worker     d.u.i.k.n.KeyIO           MODE: declarations took 0 ms 
346989     INFO  Test worker     d.u.i.k.n.KeyIO           Parsing took 0 ms 
346989     INFO  Test worker     d.u.i.k.n.KeyIO           MODE: declarations took 0 ms 
346989     INFO  Test worker     d.u.i.k.n.KeyIO           Parsing took 0 ms 
346990     INFO  Test worker     d.u.i.k.n.KeyIO           MODE: declarations took 1 ms 
346990     INFO  Test worker     d.u.i.k.n.KeyIO           Parsing took 0 ms 
346990     INFO  Test worker     d.u.i.k.n.KeyIO           MODE: declarations took 0 ms 
346990     INFO  Test worker     d.u.i.k.n.KeyIO           Parsing took 0 ms 
346990     INFO  Test worker     d.u.i.k.n.KeyIO           MODE: declarations took 0 ms 
346990     INFO  Test worker     d.u.i.k.n.KeyIO           Parsing took 0 ms 
346990     INFO  Test worker     d.u.i.k.n.KeyIO           MODE: declarations took 0 ms 
350161     INFO  Test worker     d.u.i.k.n.KeyIO           Parsing took 0 ms 
350161     INFO  Test worker     d.u.i.k.n.KeyIO           MODE: declarations took 0 ms 
350161     INFO  Test worker     d.u.i.k.n.KeyIO           Parsing took 0 ms 
350161     INFO  Test worker     d.u.i.k.n.KeyIO           MODE: declarations took 0 ms 
350161     INFO  Test worker     d.u.i.k.n.KeyIO           Parsing took 0 ms 
350161     INFO  Test worker     d.u.i.k.n.KeyIO           MODE: declarations took 0 ms 
350161     INFO  Test worker     d.u.i.k.n.KeyIO           Parsing took 0 ms 
350161     INFO  Test worker     d.u.i.k.n.KeyIO           MODE: declarations took 0 ms 
350161     INFO  Test worker     d.u.i.k.n.KeyIO           Parsing took 0 ms 
350161     INFO  Test worker     d.u.i.k.n.KeyIO           MODE: declarations took 0 ms 
353311     INFO  Test worker     d.u.i.k.n.KeyIO           Parsing took 0 ms 
353311     INFO  Test worker     d.u.i.k.n.KeyIO           MODE: declarations took 0 ms 
353311     INFO  Test worker     d.u.i.k.n.KeyIO           Parsing took 0 ms 
353312     INFO  Test worker     d.u.i.k.n.KeyIO           MODE: declarations took 1 ms 
353312     INFO  Test worker     d.u.i.k.n.KeyIO           Parsing took 0 ms 
353312     INFO  Test worker     d.u.i.k.n.KeyIO           MODE: declarations took 0 ms 
353312     INFO  Test worker     d.u.i.k.n.KeyIO           Parsing took 0 ms 
353312     INFO  Test worker     d.u.i.k.n.KeyIO           MODE: declarations took 0 ms 
353312     INFO  Test worker     d.u.i.k.n.KeyIO           Parsing took 0 ms 
353312     INFO  Test worker     d.u.i.k.n.KeyIO           MODE: declarations took 0 ms 
356443     INFO  Test worker     d.u.i.k.n.KeyIO           Parsing took 0 ms 
356443     INFO  Test worker     d.u.i.k.n.KeyIO           MODE: declarations took 0 ms 
356443     INFO  Test worker     d.u.i.k.n.KeyIO           Parsing took 0 ms 
356443     INFO  Test worker     d.u.i.k.n.KeyIO           MODE: declarations took 0 ms 
356443     INFO  Test worker     d.u.i.k.n.KeyIO           Parsing took 0 ms 
356443     INFO  Test worker     d.u.i.k.n.KeyIO           MODE: declarations took 0 ms 
356443     INFO  Test worker     d.u.i.k.n.KeyIO           Parsing took 0 ms 
356443     INFO  Test worker     d.u.i.k.n.KeyIO           MODE: declarations took 0 ms 
356443     INFO  Test worker     d.u.i.k.n.KeyIO           Parsing took 0 ms 
356443     INFO  Test worker     d.u.i.k.n.KeyIO           MODE: declarations took 0 ms 
359599     INFO  Test worker     d.u.i.k.n.KeyIO           Parsing took 0 ms 
359600     INFO  Test worker     d.u.i.k.n.KeyIO           MODE: declarations took 0 ms 
359600     INFO  Test worker     d.u.i.k.n.KeyIO           Parsing took 0 ms 
359600     INFO  Test worker     d.u.i.k.n.KeyIO           MODE: declarations took 0 ms 
359601     INFO  Test worker     d.u.i.k.n.KeyIO           Parsing took 0 ms 
359601     INFO  Test worker     d.u.i.k.n.KeyIO           MODE: declarations took 0 ms 
359601     INFO  Test worker     d.u.i.k.n.KeyIO           Parsing took 0 ms 
359602     INFO  Test worker     d.u.i.k.n.KeyIO           MODE: declarations took 0 ms 
359602     INFO  Test worker     d.u.i.k.n.KeyIO           Parsing took 0 ms 
359602     INFO  Test worker     d.u.i.k.n.KeyIO           MODE: declarations took 0 ms 
362791     INFO  Test worker     d.u.i.k.n.KeyIO           Parsing took 0 ms 
362791     INFO  Test worker     d.u.i.k.n.KeyIO           MODE: declarations took 0 ms 
362791     INFO  Test worker     d.u.i.k.n.KeyIO           Parsing took 0 ms 
362791     INFO  Test worker     d.u.i.k.n.KeyIO           MODE: declarations took 0 ms 
362791     INFO  Test worker     d.u.i.k.n.KeyIO           Parsing took 0 ms 
362791     INFO  Test worker     d.u.i.k.n.KeyIO           MODE: declarations took 0 ms 
362791     INFO  Test worker     d.u.i.k.n.KeyIO           Parsing took 0 ms 
362791     INFO  Test worker     d.u.i.k.n.KeyIO           MODE: declarations took 0 ms 
362791     INFO  Test worker     d.u.i.k.n.KeyIO           Parsing took 0 ms 
362791     INFO  Test worker     d.u.i.k.n.KeyIO           MODE: declarations took 0 ms 
366018     INFO  Test worker     d.u.i.k.n.KeyIO           Parsing took 0 ms 
366019     INFO  Test worker     d.u.i.k.n.KeyIO           MODE: declarations took 1 ms 
366019     INFO  Test worker     d.u.i.k.n.KeyIO           Parsing took 0 ms 
366019     INFO  Test worker     d.u.i.k.n.KeyIO           MODE: declarations took 0 ms 
366019     INFO  Test worker     d.u.i.k.n.KeyIO           Parsing took 0 ms 
366019     INFO  Test worker     d.u.i.k.n.KeyIO           MODE: declarations took 0 ms 
366019     INFO  Test worker     d.u.i.k.n.KeyIO           Parsing took 0 ms 
366019     INFO  Test worker     d.u.i.k.n.KeyIO           MODE: declarations took 0 ms 
366019     INFO  Test worker     d.u.i.k.n.KeyIO           Parsing took 0 ms 
366019     INFO  Test worker     d.u.i.k.n.KeyIO           MODE: declarations took 0 ms 
369150     INFO  Test worker     d.u.i.k.n.KeyIO           Parsing took 0 ms 
369150     INFO  Test worker     d.u.i.k.n.KeyIO           MODE: declarations took 0 ms 
369150     INFO  Test worker     d.u.i.k.n.KeyIO           Parsing took 0 ms 
369150     INFO  Test worker     d.u.i.k.n.KeyIO           MODE: declarations took 0 ms 
369150     INFO  Test worker     d.u.i.k.n.KeyIO           Parsing took 0 ms 
369150     INFO  Test worker     d.u.i.k.n.KeyIO           MODE: declarations took 0 ms 
369151     INFO  Test worker     d.u.i.k.n.KeyIO           Parsing took 0 ms 
369152     INFO  Test worker     d.u.i.k.n.KeyIO           MODE: declarations took 0 ms 
369152     INFO  Test worker     d.u.i.k.n.KeyIO           Parsing took 0 ms 
369153     INFO  Test worker     d.u.i.k.n.KeyIO           MODE: declarations took 0 ms 
372368     INFO  Test worker     d.u.i.k.n.KeyIO           Parsing took 0 ms 
372368     INFO  Test worker     d.u.i.k.n.KeyIO           MODE: declarations took 0 ms 
372368     INFO  Test worker     d.u.i.k.n.KeyIO           Parsing took 0 ms 
372368     INFO  Test worker     d.u.i.k.n.KeyIO           MODE: declarations took 0 ms 
372368     INFO  Test worker     d.u.i.k.n.KeyIO           Parsing took 0 ms 
372368     INFO  Test worker     d.u.i.k.n.KeyIO           MODE: declarations took 0 ms 
372368     INFO  Test worker     d.u.i.k.n.KeyIO           Parsing took 0 ms 
372368     INFO  Test worker     d.u.i.k.n.KeyIO           MODE: declarations took 0 ms 
372368     INFO  Test worker     d.u.i.k.n.KeyIO           Parsing took 0 ms 
372368     INFO  Test worker     d.u.i.k.n.KeyIO           MODE: declarations took 0 ms 
375521     INFO  Test worker     d.u.i.k.n.KeyIO           Parsing took 0 ms 
375521     INFO  Test worker     d.u.i.k.n.KeyIO           MODE: declarations took 0 ms 
375521     INFO  Test worker     d.u.i.k.n.KeyIO           Parsing took 0 ms 
375521     INFO  Test worker     d.u.i.k.n.KeyIO           MODE: declarations took 0 ms 
375521     INFO  Test worker     d.u.i.k.n.KeyIO           Parsing took 0 ms 
375521     INFO  Test worker     d.u.i.k.n.KeyIO           MODE: declarations took 0 ms 
375521     INFO  Test worker     d.u.i.k.n.KeyIO           Parsing took 0 ms 
375521     INFO  Test worker     d.u.i.k.n.KeyIO           MODE: declarations took 0 ms 
375521     INFO  Test worker     d.u.i.k.n.KeyIO           Parsing took 0 ms 
375521     INFO  Test worker     d.u.i.k.n.KeyIO           MODE: declarations took 0 ms 
375523     WARN  Test worker     d.u.i.k.n.KeYParser       [syntax-error] <unknown>:1:11: mismatched input '@' expecting {'/', ':=', '.', '(', ')', '{', '[', '@', PARALLEL, OR, AND, IMP, '=', NOT_EQUALS, '%', '*', '-', '+', '>', GREATEREQUAL, '<', LESSEQUAL, LGUILLEMETS, EQV} [@11,11:11='@',<153>,1:11] (termEOF) 
378737     INFO  Test worker     d.u.i.k.n.KeyIO           Parsing took 1 ms 
378737     INFO  Test worker     d.u.i.k.n.KeyIO           MODE: declarations took 0 ms 
378737     INFO  Test worker     d.u.i.k.n.KeyIO           Parsing took 0 ms 
378737     INFO  Test worker     d.u.i.k.n.KeyIO           MODE: declarations took 0 ms 
378737     INFO  Test worker     d.u.i.k.n.KeyIO           Parsing took 0 ms 
378737     INFO  Test worker     d.u.i.k.n.KeyIO           MODE: declarations took 0 ms 
378737     INFO  Test worker     d.u.i.k.n.KeyIO           Parsing took 0 ms 
378737     INFO  Test worker     d.u.i.k.n.KeyIO           MODE: declarations took 0 ms 
378737     INFO  Test worker     d.u.i.k.n.KeyIO           Parsing took 0 ms 
378737     INFO  Test worker     d.u.i.k.n.KeyIO           MODE: declarations took 0 ms 
381974     INFO  Test worker     d.u.i.k.n.KeyIO           Parsing took 0 ms 
381974     INFO  Test worker     d.u.i.k.n.KeyIO           MODE: declarations took 0 ms 
381974     INFO  Test worker     d.u.i.k.n.KeyIO           Parsing took 0 ms 
381974     INFO  Test worker     d.u.i.k.n.KeyIO           MODE: declarations took 0 ms 
381974     INFO  Test worker     d.u.i.k.n.KeyIO           Parsing took 0 ms 
381974     INFO  Test worker     d.u.i.k.n.KeyIO           MODE: declarations took 0 ms 
381974     INFO  Test worker     d.u.i.k.n.KeyIO           Parsing took 0 ms 
381975     INFO  Test worker     d.u.i.k.n.KeyIO           MODE: declarations took 1 ms 
381975     INFO  Test worker     d.u.i.k.n.KeyIO           Parsing took 0 ms 
381975     INFO  Test worker     d.u.i.k.n.KeyIO           MODE: declarations took 0 ms 
385100     INFO  Test worker     d.u.i.k.n.KeyIO           Parsing took 0 ms 
385100     INFO  Test worker     d.u.i.k.n.KeyIO           MODE: declarations took 0 ms 
385100     INFO  Test worker     d.u.i.k.n.KeyIO           Parsing took 0 ms 
385100     INFO  Test worker     d.u.i.k.n.KeyIO           MODE: declarations took 0 ms 
385101     INFO  Test worker     d.u.i.k.n.KeyIO           Parsing took 0 ms 
385101     INFO  Test worker     d.u.i.k.n.KeyIO           MODE: declarations took 0 ms 
385101     INFO  Test worker     d.u.i.k.n.KeyIO           Parsing took 0 ms 
385101     INFO  Test worker     d.u.i.k.n.KeyIO           MODE: declarations took 0 ms 
385101     INFO  Test worker     d.u.i.k.n.KeyIO           Parsing took 0 ms 
385101     INFO  Test worker     d.u.i.k.n.KeyIO           MODE: declarations took 0 ms 
388267     INFO  Test worker     d.u.i.k.n.KeyIO           Parsing took 0 ms 
388268     INFO  Test worker     d.u.i.k.n.KeyIO           MODE: declarations took 0 ms 
388268     INFO  Test worker     d.u.i.k.n.KeyIO           Parsing took 0 ms 
388268     INFO  Test worker     d.u.i.k.n.KeyIO           MODE: declarations took 0 ms 
388268     INFO  Test worker     d.u.i.k.n.KeyIO           Parsing took 0 ms 
388268     INFO  Test worker     d.u.i.k.n.KeyIO           MODE: declarations took 0 ms 
388268     INFO  Test worker     d.u.i.k.n.KeyIO           Parsing took 0 ms 
388268     INFO  Test worker     d.u.i.k.n.KeyIO           MODE: declarations took 0 ms 
388268     INFO  Test worker     d.u.i.k.n.KeyIO           Parsing took 0 ms 
388268     INFO  Test worker     d.u.i.k.n.KeyIO           MODE: declarations took 0 ms 
391364     INFO  Test worker     d.u.i.k.n.KeyIO           Parsing took 0 ms 
391364     INFO  Test worker     d.u.i.k.n.KeyIO           MODE: declarations took 0 ms 
391364     INFO  Test worker     d.u.i.k.n.KeyIO           Parsing took 0 ms 
391364     INFO  Test worker     d.u.i.k.n.KeyIO           MODE: declarations took 0 ms 
391364     INFO  Test worker     d.u.i.k.n.KeyIO           Parsing took 0 ms 
391364     INFO  Test worker     d.u.i.k.n.KeyIO           MODE: declarations took 0 ms 
391364     INFO  Test worker     d.u.i.k.n.KeyIO           Parsing took 0 ms 
391364     INFO  Test worker     d.u.i.k.n.KeyIO           MODE: declarations took 0 ms 
391364     INFO  Test worker     d.u.i.k.n.KeyIO           Parsing took 0 ms 
391364     INFO  Test worker     d.u.i.k.n.KeyIO           MODE: declarations took 0 ms 
394475     INFO  Test worker     d.u.i.k.n.KeyIO           Parsing took 0 ms 
394476     INFO  Test worker     d.u.i.k.n.KeyIO           MODE: declarations took 1 ms 
394476     INFO  Test worker     d.u.i.k.n.KeyIO           Parsing took 0 ms 
394476     INFO  Test worker     d.u.i.k.n.KeyIO           MODE: declarations took 0 ms 
394476     INFO  Test worker     d.u.i.k.n.KeyIO           Parsing took 0 ms 
394476     INFO  Test worker     d.u.i.k.n.KeyIO           MODE: declarations took 0 ms 
394476     INFO  Test worker     d.u.i.k.n.KeyIO           Parsing took 0 ms 
394476     INFO  Test worker     d.u.i.k.n.KeyIO           MODE: declarations took 0 ms 
394476     INFO  Test worker     d.u.i.k.n.KeyIO           Parsing took 0 ms 
394476     INFO  Test worker     d.u.i.k.n.KeyIO           MODE: declarations took 0 ms 
397558     INFO  Test worker     d.u.i.k.n.KeyIO           Parsing took 0 ms 
397558     INFO  Test worker     d.u.i.k.n.KeyIO           MODE: declarations took 0 ms 
397558     INFO  Test worker     d.u.i.k.n.KeyIO           Parsing took 0 ms 
397559     INFO  Test worker     d.u.i.k.n.KeyIO           MODE: declarations took 0 ms 
397559     INFO  Test worker     d.u.i.k.n.KeyIO           Parsing took 0 ms 
397559     INFO  Test worker     d.u.i.k.n.KeyIO           MODE: declarations took 0 ms 
397559     INFO  Test worker     d.u.i.k.n.KeyIO           Parsing took 0 ms 
397559     INFO  Test worker     d.u.i.k.n.KeyIO           MODE: declarations took 0 ms 
397559     INFO  Test worker     d.u.i.k.n.KeyIO           Parsing took 0 ms 
397559     INFO  Test worker     d.u.i.k.n.KeyIO           MODE: declarations took 0 ms 
400617     INFO  Test worker     d.u.i.k.n.KeyIO           Parsing took 0 ms 
400617     INFO  Test worker     d.u.i.k.n.KeyIO           MODE: declarations took 0 ms 
400617     INFO  Test worker     d.u.i.k.n.KeyIO           Parsing took 0 ms 
400617     INFO  Test worker     d.u.i.k.n.KeyIO           MODE: declarations took 0 ms 
400617     INFO  Test worker     d.u.i.k.n.KeyIO           Parsing took 0 ms 
400617     INFO  Test worker     d.u.i.k.n.KeyIO           MODE: declarations took 0 ms 
400617     INFO  Test worker     d.u.i.k.n.KeyIO           Parsing took 0 ms 
400617     INFO  Test worker     d.u.i.k.n.KeyIO           MODE: declarations took 0 ms 
400617     INFO  Test worker     d.u.i.k.n.KeyIO           Parsing took 0 ms 
400617     INFO  Test worker     d.u.i.k.n.KeyIO           MODE: declarations took 0 ms 
403807     INFO  Test worker     d.u.i.k.n.KeyIO           Parsing took 0 ms 
403807     INFO  Test worker     d.u.i.k.n.KeyIO           MODE: declarations took 0 ms 
403807     INFO  Test worker     d.u.i.k.n.KeyIO           Parsing took 0 ms 
403807     INFO  Test worker     d.u.i.k.n.KeyIO           MODE: declarations took 0 ms 
403807     INFO  Test worker     d.u.i.k.n.KeyIO           Parsing took 0 ms 
403807     INFO  Test worker     d.u.i.k.n.KeyIO           MODE: declarations took 0 ms 
403807     INFO  Test worker     d.u.i.k.n.KeyIO           Parsing took 0 ms 
403807     INFO  Test worker     d.u.i.k.n.KeyIO           MODE: declarations took 0 ms 
403807     INFO  Test worker     d.u.i.k.n.KeyIO           Parsing took 0 ms 
403807     INFO  Test worker     d.u.i.k.n.KeyIO           MODE: declarations took 0 ms 
406848     INFO  Test worker     d.u.i.k.n.KeyIO           Parsing took 0 ms 
406848     INFO  Test worker     d.u.i.k.n.KeyIO           MODE: declarations took 0 ms 
406848     INFO  Test worker     d.u.i.k.n.KeyIO           Parsing took 0 ms 
406848     INFO  Test worker     d.u.i.k.n.KeyIO           MODE: declarations took 0 ms 
406848     INFO  Test worker     d.u.i.k.n.KeyIO           Parsing took 0 ms 
406848     INFO  Test worker     d.u.i.k.n.KeyIO           MODE: declarations took 0 ms 
406848     INFO  Test worker     d.u.i.k.n.KeyIO           Parsing took 0 ms 
406849     INFO  Test worker     d.u.i.k.n.KeyIO           MODE: declarations took 0 ms 
406849     INFO  Test worker     d.u.i.k.n.KeyIO           Parsing took 0 ms 
406849     INFO  Test worker     d.u.i.k.n.KeyIO           MODE: declarations took 0 ms 
409889     INFO  Test worker     d.u.i.k.n.KeyIO           Parsing took 0 ms 
409889     INFO  Test worker     d.u.i.k.n.KeyIO           MODE: declarations took 0 ms 
409889     INFO  Test worker     d.u.i.k.n.KeyIO           Parsing took 0 ms 
409890     INFO  Test worker     d.u.i.k.n.KeyIO           MODE: declarations took 0 ms 
409890     INFO  Test worker     d.u.i.k.n.KeyIO           Parsing took 0 ms 
409890     INFO  Test worker     d.u.i.k.n.KeyIO           MODE: declarations took 0 ms 
409890     INFO  Test worker     d.u.i.k.n.KeyIO           Parsing took 0 ms 
409890     INFO  Test worker     d.u.i.k.n.KeyIO           MODE: declarations took 0 ms 
409890     INFO  Test worker     d.u.i.k.n.KeyIO           Parsing took 0 ms 
409890     INFO  Test worker     d.u.i.k.n.KeyIO           MODE: declarations took 0 ms 
412933     INFO  Test worker     d.u.i.k.n.KeyIO           Parsing took 0 ms 
412933     INFO  Test worker     d.u.i.k.n.KeyIO           MODE: declarations took 0 ms 
412933     INFO  Test worker     d.u.i.k.n.KeyIO           Parsing took 0 ms 
412933     INFO  Test worker     d.u.i.k.n.KeyIO           MODE: declarations took 0 ms 
412933     INFO  Test worker     d.u.i.k.n.KeyIO           Parsing took 0 ms 
412933     INFO  Test worker     d.u.i.k.n.KeyIO           MODE: declarations took 0 ms 
412933     INFO  Test worker     d.u.i.k.n.KeyIO           Parsing took 0 ms 
412933     INFO  Test worker     d.u.i.k.n.KeyIO           MODE: declarations took 0 ms 
412933     INFO  Test worker     d.u.i.k.n.KeyIO           Parsing took 0 ms 
412933     INFO  Test worker     d.u.i.k.n.KeyIO           MODE: declarations took 0 ms 
415929     INFO  Test worker     d.u.i.k.n.KeyIO           Parsing took 0 ms 
415929     INFO  Test worker     d.u.i.k.n.KeyIO           MODE: declarations took 0 ms 
415929     INFO  Test worker     d.u.i.k.n.KeyIO           Parsing took 0 ms 
415929     INFO  Test worker     d.u.i.k.n.KeyIO           MODE: declarations took 0 ms 
415929     INFO  Test worker     d.u.i.k.n.KeyIO           Parsing took 0 ms 
415929     INFO  Test worker     d.u.i.k.n.KeyIO           MODE: declarations took 0 ms 
415929     INFO  Test worker     d.u.i.k.n.KeyIO           Parsing took 0 ms 
415929     INFO  Test worker     d.u.i.k.n.KeyIO           MODE: declarations took 0 ms 
415929     INFO  Test worker     d.u.i.k.n.KeyIO           Parsing took 0 ms 
415929     INFO  Test worker     d.u.i.k.n.KeyIO           MODE: declarations took 0 ms 
418999     INFO  Test worker     d.u.i.k.n.KeyIO           Parsing took 0 ms 
418999     INFO  Test worker     d.u.i.k.n.KeyIO           MODE: declarations took 0 ms 
419000     INFO  Test worker     d.u.i.k.n.KeyIO           Parsing took 0 ms 
419000     INFO  Test worker     d.u.i.k.n.KeyIO           MODE: declarations took 0 ms 
419000     INFO  Test worker     d.u.i.k.n.KeyIO           Parsing took 0 ms 
419000     INFO  Test worker     d.u.i.k.n.KeyIO           MODE: declarations took 0 ms 
419000     INFO  Test worker     d.u.i.k.n.KeyIO           Parsing took 0 ms 
419000     INFO  Test worker     d.u.i.k.n.KeyIO           MODE: declarations took 0 ms 
419000     INFO  Test worker     d.u.i.k.n.KeyIO           Parsing took 0 ms 
419000     INFO  Test worker     d.u.i.k.n.KeyIO           MODE: declarations took 0 ms 
422025     INFO  Test worker     d.u.i.k.n.KeyIO           Parsing took 0 ms 
422025     INFO  Test worker     d.u.i.k.n.KeyIO           MODE: declarations took 0 ms 
422025     INFO  Test worker     d.u.i.k.n.KeyIO           Parsing took 0 ms 
422025     INFO  Test worker     d.u.i.k.n.KeyIO           MODE: declarations took 0 ms 
422025     INFO  Test worker     d.u.i.k.n.KeyIO           Parsing took 0 ms 
422025     INFO  Test worker     d.u.i.k.n.KeyIO           MODE: declarations took 0 ms 
422026     INFO  Test worker     d.u.i.k.n.KeyIO           Parsing took 1 ms 
422026     INFO  Test worker     d.u.i.k.n.KeyIO           MODE: declarations took 0 ms 
422026     INFO  Test worker     d.u.i.k.n.KeyIO           Parsing took 0 ms 
422026     INFO  Test worker     d.u.i.k.n.KeyIO           MODE: declarations took 0 ms 
425054     INFO  Test worker     d.u.i.k.n.KeyIO           Parsing took 0 ms 
425054     INFO  Test worker     d.u.i.k.n.KeyIO           MODE: declarations took 0 ms 
425054     INFO  Test worker     d.u.i.k.n.KeyIO           Parsing took 0 ms 
425054     INFO  Test worker     d.u.i.k.n.KeyIO           MODE: declarations took 0 ms 
425054     INFO  Test worker     d.u.i.k.n.KeyIO           Parsing took 0 ms 
425055     INFO  Test worker     d.u.i.k.n.KeyIO           MODE: declarations took 0 ms 
425055     INFO  Test worker     d.u.i.k.n.KeyIO           Parsing took 0 ms 
425055     INFO  Test worker     d.u.i.k.n.KeyIO           MODE: declarations took 0 ms 
425055     INFO  Test worker     d.u.i.k.n.KeyIO           Parsing took 0 ms 
425055     INFO  Test worker     d.u.i.k.n.KeyIO           MODE: declarations took 0 ms 
428200     INFO  Test worker     d.u.i.k.n.KeyIO           Parsing took 0 ms 
428200     INFO  Test worker     d.u.i.k.n.KeyIO           MODE: declarations took 0 ms 
428200     INFO  Test worker     d.u.i.k.n.KeyIO           Parsing took 0 ms 
428200     INFO  Test worker     d.u.i.k.n.KeyIO           MODE: declarations took 0 ms 
428200     INFO  Test worker     d.u.i.k.n.KeyIO           Parsing took 0 ms 
428200     INFO  Test worker     d.u.i.k.n.KeyIO           MODE: declarations took 0 ms 
428200     INFO  Test worker     d.u.i.k.n.KeyIO           Parsing took 0 ms 
428200     INFO  Test worker     d.u.i.k.n.KeyIO           MODE: declarations took 0 ms 
428200     INFO  Test worker     d.u.i.k.n.KeyIO           Parsing took 0 ms 
428200     INFO  Test worker     d.u.i.k.n.KeyIO           MODE: declarations took 0 ms 
431331     INFO  Test worker     d.u.i.k.n.KeyIO           Parsing took 0 ms 
431331     INFO  Test worker     d.u.i.k.n.KeyIO           MODE: declarations took 0 ms 
431331     INFO  Test worker     d.u.i.k.n.KeyIO           Parsing took 0 ms 
431331     INFO  Test worker     d.u.i.k.n.KeyIO           MODE: declarations took 0 ms 
431331     INFO  Test worker     d.u.i.k.n.KeyIO           Parsing took 0 ms 
431331     INFO  Test worker     d.u.i.k.n.KeyIO           MODE: declarations took 0 ms 
431331     INFO  Test worker     d.u.i.k.n.KeyIO           Parsing took 0 ms 
431331     INFO  Test worker     d.u.i.k.n.KeyIO           MODE: declarations took 0 ms 
431331     INFO  Test worker     d.u.i.k.n.KeyIO           Parsing took 0 ms 
431331     INFO  Test worker     d.u.i.k.n.KeyIO           MODE: declarations took 0 ms 
434353     INFO  Test worker     d.u.i.k.n.KeyIO           Parsing took 0 ms 
434354     INFO  Test worker     d.u.i.k.n.KeyIO           MODE: declarations took 0 ms 
434354     INFO  Test worker     d.u.i.k.n.KeyIO           Parsing took 0 ms 
434354     INFO  Test worker     d.u.i.k.n.KeyIO           MODE: declarations took 0 ms 
434354     INFO  Test worker     d.u.i.k.n.KeyIO           Parsing took 0 ms 
434354     INFO  Test worker     d.u.i.k.n.KeyIO           MODE: declarations took 0 ms 
434354     INFO  Test worker     d.u.i.k.n.KeyIO           Parsing took 0 ms 
434354     INFO  Test worker     d.u.i.k.n.KeyIO           MODE: declarations took 0 ms 
434354     INFO  Test worker     d.u.i.k.n.KeyIO           Parsing took 0 ms 
434354     INFO  Test worker     d.u.i.k.n.KeyIO           MODE: declarations took 0 ms 
437388     INFO  Test worker     d.u.i.k.n.KeyIO           Parsing took 0 ms 
437388     INFO  Test worker     d.u.i.k.n.KeyIO           MODE: declarations took 0 ms 
437388     INFO  Test worker     d.u.i.k.n.KeyIO           Parsing took 0 ms 
437388     INFO  Test worker     d.u.i.k.n.KeyIO           MODE: declarations took 0 ms 
437388     INFO  Test worker     d.u.i.k.n.KeyIO           Parsing took 0 ms 
437388     INFO  Test worker     d.u.i.k.n.KeyIO           MODE: declarations took 0 ms 
437388     INFO  Test worker     d.u.i.k.n.KeyIO           Parsing took 0 ms 
437388     INFO  Test worker     d.u.i.k.n.KeyIO           MODE: declarations took 0 ms 
437388     INFO  Test worker     d.u.i.k.n.KeyIO           Parsing took 0 ms 
437388     INFO  Test worker     d.u.i.k.n.KeyIO           MODE: declarations took 0 ms 
440438     INFO  Test worker     d.u.i.k.n.KeyIO           Parsing took 0 ms 
440438     INFO  Test worker     d.u.i.k.n.KeyIO           MODE: declarations took 0 ms 
440438     INFO  Test worker     d.u.i.k.n.KeyIO           Parsing took 0 ms 
440438     INFO  Test worker     d.u.i.k.n.KeyIO           MODE: declarations took 0 ms 
440438     INFO  Test worker     d.u.i.k.n.KeyIO           Parsing took 0 ms 
440438     INFO  Test worker     d.u.i.k.n.KeyIO           MODE: declarations took 0 ms 
440438     INFO  Test worker     d.u.i.k.n.KeyIO           Parsing took 0 ms 
440439     INFO  Test worker     d.u.i.k.n.KeyIO           MODE: declarations took 0 ms 
440439     INFO  Test worker     d.u.i.k.n.KeyIO           Parsing took 0 ms 
440439     INFO  Test worker     d.u.i.k.n.KeyIO           MODE: declarations took 0 ms 
443452     INFO  Test worker     d.u.i.k.n.KeyIO           Parsing took 0 ms 
443452     INFO  Test worker     d.u.i.k.n.KeyIO           MODE: declarations took 0 ms 
443452     INFO  Test worker     d.u.i.k.n.KeyIO           Parsing took 0 ms 
443452     INFO  Test worker     d.u.i.k.n.KeyIO           MODE: declarations took 0 ms 
443452     INFO  Test worker     d.u.i.k.n.KeyIO           Parsing took 0 ms 
443452     INFO  Test worker     d.u.i.k.n.KeyIO           MODE: declarations took 0 ms 
443452     INFO  Test worker     d.u.i.k.n.KeyIO           Parsing took 0 ms 
443452     INFO  Test worker     d.u.i.k.n.KeyIO           MODE: declarations took 0 ms 
443452     INFO  Test worker     d.u.i.k.n.KeyIO           Parsing took 0 ms 
443452     INFO  Test worker     d.u.i.k.n.KeyIO           MODE: declarations took 0 ms 
446463     INFO  Test worker     d.u.i.k.n.KeyIO           Parsing took 0 ms 
446463     INFO  Test worker     d.u.i.k.n.KeyIO           MODE: declarations took 0 ms 
446463     INFO  Test worker     d.u.i.k.n.KeyIO           Parsing took 0 ms 
446463     INFO  Test worker     d.u.i.k.n.KeyIO           MODE: declarations took 0 ms 
446463     INFO  Test worker     d.u.i.k.n.KeyIO           Parsing took 0 ms 
446463     INFO  Test worker     d.u.i.k.n.KeyIO           MODE: declarations took 0 ms 
446463     INFO  Test worker     d.u.i.k.n.KeyIO           Parsing took 0 ms 
446463     INFO  Test worker     d.u.i.k.n.KeyIO           MODE: declarations took 0 ms 
446463     INFO  Test worker     d.u.i.k.n.KeyIO           Parsing took 0 ms 
446463     INFO  Test worker     d.u.i.k.n.KeyIO           MODE: declarations took 0 ms 
449455     INFO  Test worker     d.u.i.k.n.KeyIO           Parsing took 0 ms 
449455     INFO  Test worker     d.u.i.k.n.KeyIO           MODE: declarations took 0 ms 
449455     INFO  Test worker     d.u.i.k.n.KeyIO           Parsing took 0 ms 
449455     INFO  Test worker     d.u.i.k.n.KeyIO           MODE: declarations took 0 ms 
449455     INFO  Test worker     d.u.i.k.n.KeyIO           Parsing took 0 ms 
449455     INFO  Test worker     d.u.i.k.n.KeyIO           MODE: declarations took 0 ms 
449455     INFO  Test worker     d.u.i.k.n.KeyIO           Parsing took 0 ms 
449455     INFO  Test worker     d.u.i.k.n.KeyIO           MODE: declarations took 0 ms 
449455     INFO  Test worker     d.u.i.k.n.KeyIO           Parsing took 0 ms 
449455     INFO  Test worker     d.u.i.k.n.KeyIO           MODE: declarations took 0 ms 
]]></system-out>
  <system-err><![CDATA[]]></system-err>
</testsuite>
