<?xml version="1.0" encoding="UTF-8"?>
<testsuite name="de.uka.ilkd.key.parser.TestDeclParser" tests="14" skipped="2" failures="0" errors="0" timestamp="2023-04-06T00:29:31" hostname="fv-az366-739" time="12.159">
  <properties/>
  <testcase name="testGenericSortDecl1()" classname="de.uka.ilkd.key.parser.TestDeclParser" time="1.047"/>
  <testcase name="testGenericSortDecl2()" classname="de.uka.ilkd.key.parser.TestDeclParser" time="0.965"/>
  <testcase name="testGenericSortDecl3()" classname="de.uka.ilkd.key.parser.TestDeclParser" time="1.017"/>
  <testcase name="testGenericSortDecl4()" classname="de.uka.ilkd.key.parser.TestDeclParser" time="1.029"/>
  <testcase name="testGenericSortDecl5()" classname="de.uka.ilkd.key.parser.TestDeclParser" time="0.01">
    <skipped/>
  </testcase>
  <testcase name="testGenericSortDecl6()" classname="de.uka.ilkd.key.parser.TestDeclParser" time="1.045"/>
  <testcase name="testSortDecl()" classname="de.uka.ilkd.key.parser.TestDeclParser" time="1.017"/>
  <testcase name="testProxySortDecl()" classname="de.uka.ilkd.key.parser.TestDeclParser" time="0.937"/>
  <testcase name="testArrayDecl()" classname="de.uka.ilkd.key.parser.TestDeclParser" time="1.012"/>
  <testcase name="testAmbiguousDecls()" classname="de.uka.ilkd.key.parser.TestDeclParser" time="0.0">
    <skipped/>
  </testcase>
  <testcase name="testHeurDecl()" classname="de.uka.ilkd.key.parser.TestDeclParser" time="1.071"/>
  <testcase name="testFunctionDecl()" classname="de.uka.ilkd.key.parser.TestDeclParser" time="1.016"/>
  <testcase name="testPredicateDecl()" classname="de.uka.ilkd.key.parser.TestDeclParser" time="0.994"/>
  <testcase name="testSVDecl()" classname="de.uka.ilkd.key.parser.TestDeclParser" time="0.992"/>
  <system-out><![CDATA[226651     INFO  Test worker     d.u.i.k.n.KeyIO           Parsing took 0 ms 
226652     INFO  Test worker     d.u.i.k.n.KeyIO           MODE: declarations took 0 ms 
227618     INFO  Test worker     d.u.i.k.n.KeyIO           Parsing took 0 ms 
227618     INFO  Test worker     d.u.i.k.n.KeyIO           MODE: declarations took 0 ms 
228635     INFO  Test worker     d.u.i.k.n.KeyIO           Parsing took 0 ms 
228636     INFO  Test worker     d.u.i.k.n.KeyIO           MODE: declarations took 0 ms 
229665     INFO  Test worker     d.u.i.k.n.KeyIO           Parsing took 0 ms 
229665     INFO  Test worker     d.u.i.k.n.KeyIO           MODE: declarations took 0 ms 
230724     INFO  Test worker     d.u.i.k.n.KeyIO           Parsing took 0 ms 
230724     INFO  Test worker     d.u.i.k.n.KeyIO           MODE: declarations took 0 ms 
231741     INFO  Test worker     d.u.i.k.n.KeyIO           Parsing took 0 ms 
231741     INFO  Test worker     d.u.i.k.n.KeyIO           MODE: declarations took 0 ms 
232678     INFO  Test worker     d.u.i.k.n.KeyIO           Parsing took 0 ms 
232678     INFO  Test worker     d.u.i.k.n.KeyIO           MODE: declarations took 0 ms 
233690     INFO  Test worker     d.u.i.k.n.KeyIO           Parsing took 0 ms 
233690     INFO  Test worker     d.u.i.k.n.KeyIO           MODE: declarations took 0 ms 
234761     INFO  Test worker     d.u.i.k.n.KeyIO           Parsing took 0 ms 
234762     INFO  Test worker     d.u.i.k.n.KeyIO           MODE: declarations took 0 ms 
235777     INFO  Test worker     d.u.i.k.n.KeyIO           Parsing took 0 ms 
235777     INFO  Test worker     d.u.i.k.n.KeyIO           MODE: declarations took 0 ms 
236772     INFO  Test worker     d.u.i.k.n.KeyIO           Parsing took 0 ms 
236772     INFO  Test worker     d.u.i.k.n.KeyIO           MODE: declarations took 0 ms 
237764     INFO  Test worker     d.u.i.k.n.KeyIO           Parsing took 0 ms 
237764     INFO  Test worker     d.u.i.k.n.KeyIO           MODE: declarations took 0 ms 
]]></system-out>
  <system-err><![CDATA[]]></system-err>
</testsuite>
