<?xml version="1.0" encoding="UTF-8"?>
<testsuite name="de.uka.ilkd.key.nparser.ParseLDTsTests" tests="2" skipped="0" failures="0" errors="0" timestamp="2023-04-06T00:29:20" hostname="fv-az366-739" time="1.029">
  <properties/>
  <testcase name="testLDT()" classname="de.uka.ilkd.key.nparser.ParseLDTsTests" time="0.017"/>
  <testcase name="testSR()" classname="de.uka.ilkd.key.nparser.ParseLDTsTests" time="1.011"/>
  <system-out><![CDATA[214045     INFO  Test worker     d.u.i.k.n.KeyIO           Parsing took 8 ms 
214046     INFO  Test worker     d.u.i.k.n.KeyIO           MODE: declarations took 1 ms 
214407     INFO  Test worker     d.u.i.k.n.KeyIO           Parsing took 352 ms 
214411     INFO  Test worker     d.u.i.k.n.KeyIO           MODE: declarations took 4 ms 
]]></system-out>
  <system-err><![CDATA[]]></system-err>
</testsuite>
