<?xml version="1.0" encoding="UTF-8"?>
<testsuite name="de.uka.ilkd.key.logic.TestClashFreeSubst" tests="14" skipped="2" failures="0" errors="0" timestamp="2023-04-06T00:26:24" hostname="fv-az366-739" time="52.83">
  <properties/>
  <testcase name="testMultiShareBound()" classname="de.uka.ilkd.key.logic.TestClashFreeSubst" time="1.025"/>
  <testcase name="testClash()" classname="de.uka.ilkd.key.logic.TestClashFreeSubst" time="1.102"/>
  <testcase name="testShare()" classname="de.uka.ilkd.key.logic.TestClashFreeSubst" time="1.018"/>
  <testcase name="testSubst()" classname="de.uka.ilkd.key.logic.TestClashFreeSubst" time="0.939"/>
  <testcase name="testWary0()" classname="de.uka.ilkd.key.logic.TestClashFreeSubst" time="0.956"/>
  <testcase name="testWary1()" classname="de.uka.ilkd.key.logic.TestClashFreeSubst" time="0.958"/>
  <testcase name="testWary2()" classname="de.uka.ilkd.key.logic.TestClashFreeSubst" time="0.952"/>
  <testcase name="testClashInSubstTerm()" classname="de.uka.ilkd.key.logic.TestClashFreeSubst" time="0.989"/>
  <testcase name="testShareWary()" classname="de.uka.ilkd.key.logic.TestClashFreeSubst" time="0.958"/>
  <testcase name="testMultiSubst()" classname="de.uka.ilkd.key.logic.TestClashFreeSubst" time="0.955"/>
  <testcase name="xtestMultiClash()" classname="de.uka.ilkd.key.logic.TestClashFreeSubst" time="0.0">
    <skipped/>
  </testcase>
  <testcase name="testSubstInSubstTerm()" classname="de.uka.ilkd.key.logic.TestClashFreeSubst" time="0.943"/>
  <testcase name="testSubstWary()" classname="de.uka.ilkd.key.logic.TestClashFreeSubst" time="0.972"/>
  <testcase name="xtestMultiClash1()" classname="de.uka.ilkd.key.logic.TestClashFreeSubst" time="0.0">
    <skipped/>
  </testcase>
  <system-out><![CDATA[38311      INFO  Test worker     d.u.i.k.n.KeyIO           Parsing took 0 ms 
38311      INFO  Test worker     d.u.i.k.n.KeyIO           MODE: declarations took 0 ms 
39332      INFO  Test worker     d.u.i.k.n.KeyIO           Parsing took 0 ms 
39333      INFO  Test worker     d.u.i.k.n.KeyIO           MODE: declarations took 0 ms 
42750      INFO  Test worker     d.u.i.k.n.KeyIO           Parsing took 0 ms 
42750      INFO  Test worker     d.u.i.k.n.KeyIO           MODE: declarations took 0 ms 
43847      INFO  Test worker     d.u.i.k.n.KeyIO           Parsing took 0 ms 
43847      INFO  Test worker     d.u.i.k.n.KeyIO           MODE: declarations took 0 ms 
47077      INFO  Test worker     d.u.i.k.n.KeyIO           Parsing took 0 ms 
47078      INFO  Test worker     d.u.i.k.n.KeyIO           MODE: declarations took 0 ms 
48090      INFO  Test worker     d.u.i.k.n.KeyIO           Parsing took 0 ms 
48091      INFO  Test worker     d.u.i.k.n.KeyIO           MODE: declarations took 0 ms 
51262      INFO  Test worker     d.u.i.k.n.KeyIO           Parsing took 0 ms 
51262      INFO  Test worker     d.u.i.k.n.KeyIO           MODE: declarations took 0 ms 
52199      INFO  Test worker     d.u.i.k.n.KeyIO           Parsing took 0 ms 
52199      INFO  Test worker     d.u.i.k.n.KeyIO           MODE: declarations took 0 ms 
55328      INFO  Test worker     d.u.i.k.n.KeyIO           Parsing took 0 ms 
55329      INFO  Test worker     d.u.i.k.n.KeyIO           MODE: declarations took 1 ms 
56281      INFO  Test worker     d.u.i.k.n.KeyIO           Parsing took 0 ms 
56282      INFO  Test worker     d.u.i.k.n.KeyIO           MODE: declarations took 0 ms 
59404      INFO  Test worker     d.u.i.k.n.KeyIO           Parsing took 0 ms 
59405      INFO  Test worker     d.u.i.k.n.KeyIO           MODE: declarations took 1 ms 
60359      INFO  Test worker     d.u.i.k.n.KeyIO           Parsing took 0 ms 
60359      INFO  Test worker     d.u.i.k.n.KeyIO           MODE: declarations took 0 ms 
63451      INFO  Test worker     d.u.i.k.n.KeyIO           Parsing took 0 ms 
63452      INFO  Test worker     d.u.i.k.n.KeyIO           MODE: declarations took 1 ms 
64400      INFO  Test worker     d.u.i.k.n.KeyIO           Parsing took 1 ms 
64400      INFO  Test worker     d.u.i.k.n.KeyIO           MODE: declarations took 0 ms 
67532      INFO  Test worker     d.u.i.k.n.KeyIO           Parsing took 0 ms 
67532      INFO  Test worker     d.u.i.k.n.KeyIO           MODE: declarations took 0 ms 
68516      INFO  Test worker     d.u.i.k.n.KeyIO           Parsing took 0 ms 
68518      INFO  Test worker     d.u.i.k.n.KeyIO           MODE: declarations took 0 ms 
71650      INFO  Test worker     d.u.i.k.n.KeyIO           Parsing took 0 ms 
71650      INFO  Test worker     d.u.i.k.n.KeyIO           MODE: declarations took 0 ms 
72605      INFO  Test worker     d.u.i.k.n.KeyIO           Parsing took 0 ms 
72605      INFO  Test worker     d.u.i.k.n.KeyIO           MODE: declarations took 0 ms 
75745      INFO  Test worker     d.u.i.k.n.KeyIO           Parsing took 0 ms 
75746      INFO  Test worker     d.u.i.k.n.KeyIO           MODE: declarations took 0 ms 
76697      INFO  Test worker     d.u.i.k.n.KeyIO           Parsing took 0 ms 
76697      INFO  Test worker     d.u.i.k.n.KeyIO           MODE: declarations took 0 ms 
82894      INFO  Test worker     d.u.i.k.n.KeyIO           Parsing took 0 ms 
82894      INFO  Test worker     d.u.i.k.n.KeyIO           MODE: declarations took 0 ms 
83833      INFO  Test worker     d.u.i.k.n.KeyIO           Parsing took 0 ms 
83834      INFO  Test worker     d.u.i.k.n.KeyIO           MODE: declarations took 0 ms 
86984      INFO  Test worker     d.u.i.k.n.KeyIO           Parsing took 0 ms 
86985      INFO  Test worker     d.u.i.k.n.KeyIO           MODE: declarations took 1 ms 
87954      INFO  Test worker     d.u.i.k.n.KeyIO           Parsing took 0 ms 
87955      INFO  Test worker     d.u.i.k.n.KeyIO           MODE: declarations took 0 ms 
]]></system-out>
  <system-err><![CDATA[]]></system-err>
</testsuite>
