<?xml version="1.0" encoding="UTF-8"?>
<testsuite name="de.uka.ilkd.key.proof.runallproofs.RunAllProofsFunctional" tests="34" skipped="0" failures="0" errors="0" timestamp="2023-06-15T12:14:18" hostname="fv-az189-765" time="5278.075">
  <properties/>
  <testcase name="newBook" classname="de.uka.ilkd.key.proof.runallproofs.RunAllProofsFunctional" time="60.136"/>
  <testcase name="oldBook" classname="de.uka.ilkd.key.proof.runallproofs.RunAllProofsFunctional" time="17.648"/>
  <testcase name="comprehensions" classname="de.uka.ilkd.key.proof.runallproofs.RunAllProofsFunctional" time="67.133"/>
  <testcase name="performance" classname="de.uka.ilkd.key.proof.runallproofs.RunAllProofsFunctional" time="220.732"/>
  <testcase name="performancePOConstruction" classname="de.uka.ilkd.key.proof.runallproofs.RunAllProofsFunctional" time="76.85"/>
  <testcase name="applicationRestrictions" classname="de.uka.ilkd.key.proof.runallproofs.RunAllProofsFunctional" time="48.727"/>
  <testcase name="blockContracts" classname="de.uka.ilkd.key.proof.runallproofs.RunAllProofsFunctional" time="137.163"/>
  <testcase name="jmlAsserts" classname="de.uka.ilkd.key.proof.runallproofs.RunAllProofsFunctional" time="92.091"/>
  <testcase name="javaCard" classname="de.uka.ilkd.key.proof.runallproofs.RunAllProofsFunctional" time="131.976"/>
  <testcase name="list" classname="de.uka.ilkd.key.proof.runallproofs.RunAllProofsFunctional" time="267.99"/>
  <testcase name="list_ghost" classname="de.uka.ilkd.key.proof.runallproofs.RunAllProofsFunctional" time="66.287"/>
  <testcase name="list_recursive" classname="de.uka.ilkd.key.proof.runallproofs.RunAllProofsFunctional" time="23.008"/>
  <testcase name="list_seq" classname="de.uka.ilkd.key.proof.runallproofs.RunAllProofsFunctional" time="159.422"/>
  <testcase name="observer" classname="de.uka.ilkd.key.proof.runallproofs.RunAllProofsFunctional" time="95.87"/>
  <testcase name="removeDups" classname="de.uka.ilkd.key.proof.runallproofs.RunAllProofsFunctional" time="134.515"/>
  <testcase name="quicksort" classname="de.uka.ilkd.key.proof.runallproofs.RunAllProofsFunctional" time="110.914"/>
  <testcase name="simpleTests" classname="de.uka.ilkd.key.proof.runallproofs.RunAllProofsFunctional" time="154.394"/>
  <testcase name="SmansEtAl" classname="de.uka.ilkd.key.proof.runallproofs.RunAllProofsFunctional" time="194.6"/>
  <testcase name="VACID0" classname="de.uka.ilkd.key.proof.runallproofs.RunAllProofsFunctional" time="80.664"/>
  <testcase name="VSTTE10" classname="de.uka.ilkd.key.proof.runallproofs.RunAllProofsFunctional" time="181.177"/>
  <testcase name="WeideEtAl" classname="de.uka.ilkd.key.proof.runallproofs.RunAllProofsFunctional" time="29.473"/>
  <testcase name="arithmetic" classname="de.uka.ilkd.key.proof.runallproofs.RunAllProofsFunctional" time="484.64"/>
  <testcase name="arrays" classname="de.uka.ilkd.key.proof.runallproofs.RunAllProofsFunctional" time="57.701"/>
  <testcase name="javadl" classname="de.uka.ilkd.key.proof.runallproofs.RunAllProofsFunctional" time="604.495"/>
  <testcase name="FOL" classname="de.uka.ilkd.key.proof.runallproofs.RunAllProofsFunctional" time="280.157"/>
  <testcase name="strings" classname="de.uka.ilkd.key.proof.runallproofs.RunAllProofsFunctional" time="154.881"/>
  <testcase name="simple_info_flow" classname="de.uka.ilkd.key.proof.runallproofs.RunAllProofsFunctional" time="13.92"/>
  <testcase name="modelMethods" classname="de.uka.ilkd.key.proof.runallproofs.RunAllProofsFunctional" time="179.644"/>
  <testcase name="permissionHeap" classname="de.uka.ilkd.key.proof.runallproofs.RunAllProofsFunctional" time="846.699"/>
  <testcase name="completionScopes" classname="de.uka.ilkd.key.proof.runallproofs.RunAllProofsFunctional" time="51.742"/>
  <testcase name="reload_examples" classname="de.uka.ilkd.key.proof.runallproofs.RunAllProofsFunctional" time="42.388"/>
  <testcase name="proofLoadRepair" classname="de.uka.ilkd.key.proof.runallproofs.RunAllProofsFunctional" time="19.52"/>
  <testcase name="switch" classname="de.uka.ilkd.key.proof.runallproofs.RunAllProofsFunctional" time="62.021"/>
  <testcase name="redux" classname="de.uka.ilkd.key.proof.runallproofs.RunAllProofsFunctional" time="129.482"/>
  <system-out><![CDATA[295        INFO  Test worker     d.u.i.k.p.r.p.StatisticsFile Running test newBook 
357        INFO  Timeout watchdog d.u.i.k.p.r.p.ForkedTestFileRunner Timeout watcher launched (2000 secs.) 
372        WARN  main            d.u.i.k.s.ProofSettings   No proof-settings could be loaded, using defaults java.io.FileNotFoundException: /home/runner/.key/proof-settings.props (No such file or directory)
	at java.base/java.io.FileInputStream.open0(Native Method)

417        INFO  main            d.u.i.k.p.r.p.TestFile    Now processing file /home/runner/work/key/key/key.core/../key.ui/examples/newBook/09.list_modelfield/ArrayList.add.key 
555        INFO  main            d.u.i.k.p.i.AbstractProblemLoader Loading environment from /home/runner/work/key/key/key.core/../key.ui/examples/newBook/09.list_modelfield/ArrayList.add.key 
573        DEBUG main            d.u.i.k.p.i.AbstractProblemLoader Environment load took 2.51ms 
819        INFO  main            d.u.i.k.p.i.AbstractProblemLoader Creating init config 
1784       DEBUG main            d.u.i.k.j.TypeConverter   No LDT found for Meta 
1785       DEBUG main            d.u.i.k.j.TypeConverter   No LDT found for Meta 
1786       DEBUG main            d.u.i.k.j.TypeConverter   No LDT found for Meta 
1787       DEBUG main            d.u.i.k.j.TypeConverter   No LDT found for Meta 
3244       DEBUG main            d.u.i.k.j.TypeConverter   No LDT found for JavaBigintExpression 
8449       DEBUG main            d.u.i.k.p.i.AbstractProblemLoader Init config took 7.63s 
8661       INFO  main            d.u.i.k.p.i.AbstractProblemLoader Replaying proof ArrayList[List::add(int)].JML normal_behavior operation contract.0 
8700       DEBUG main            d.u.i.k.p.i.IntermediateProofReplayer Proof replay took 34.3ns 
26251      INFO  main            d.u.i.k.p.r.p.TestFile    ... finished proof: closed. 
26509      INFO  main            d.u.i.k.p.i.AbstractProblemLoader Loading environment from /home/runner/work/key/key/key.core/../key.ui/examples/newBook/09.list_modelfield/ArrayList.add.key.proof 
26509      DEBUG main            d.u.i.k.p.i.AbstractProblemLoader Environment load took 200.4ns 
26517      INFO  main            d.u.i.k.p.i.AbstractProblemLoader Creating init config 
29386      DEBUG main            d.u.i.k.p.i.AbstractProblemLoader Init config took 2.87s 
29473      INFO  main            d.u.i.k.p.i.AbstractProblemLoader Replaying proof ArrayList[List::add(int)].JML normal_behavior operation contract.0 
30327      DEBUG main            d.u.i.k.p.i.IntermediateProofReplayer Proof replay took 789.25ms 
30337      DEBUG main            d.u.i.k.p.r.p.TestFile    ... success: reloaded. 
30340      INFO  main            d.u.i.k.p.r.p.TestFile    Now processing file /home/runner/work/key/key/key.core/../key.ui/examples/newBook/09.list_modelfield/ArrayList.remFirst.key 
30340      INFO  main            d.u.i.k.p.i.AbstractProblemLoader Loading environment from /home/runner/work/key/key/key.core/../key.ui/examples/newBook/09.list_modelfield/ArrayList.remFirst.key 
30340      DEBUG main            d.u.i.k.p.i.AbstractProblemLoader Environment load took 319.9ns 
30344      INFO  main            d.u.i.k.p.i.AbstractProblemLoader Creating init config 
33251      DEBUG main            d.u.i.k.p.i.AbstractProblemLoader Init config took 2.91s 
33308      INFO  main            d.u.i.k.p.i.AbstractProblemLoader Replaying proof ArrayList[List::remFirst()].JML normal_behavior operation contract.0 
33310      DEBUG main            d.u.i.k.p.i.IntermediateProofReplayer Proof replay took 5.9ns 
37121      INFO  main            d.u.i.k.p.r.p.TestFile    ... finished proof: closed. 
37405      INFO  main            d.u.i.k.p.i.AbstractProblemLoader Loading environment from /home/runner/work/key/key/key.core/../key.ui/examples/newBook/09.list_modelfield/ArrayList.remFirst.key.proof 
37405      DEBUG main            d.u.i.k.p.i.AbstractProblemLoader Environment load took 157.4ns 
37407      INFO  main            d.u.i.k.p.i.AbstractProblemLoader Creating init config 
40105      DEBUG main            d.u.i.k.p.i.AbstractProblemLoader Init config took 2.7s 
40156      INFO  main            d.u.i.k.p.i.AbstractProblemLoader Replaying proof ArrayList[List::remFirst()].JML normal_behavior operation contract.0 
40533      DEBUG main            d.u.i.k.p.i.IntermediateProofReplayer Proof replay took 360.4ms 
40540      DEBUG main            d.u.i.k.p.r.p.TestFile    ... success: reloaded. 
40541      INFO  main            d.u.i.k.p.r.p.TestFile    Now processing file /home/runner/work/key/key/key.core/../key.ui/examples/newBook/09.list_modelfield/ArrayList.empty.key 
40542      INFO  main            d.u.i.k.p.i.AbstractProblemLoader Loading environment from /home/runner/work/key/key/key.core/../key.ui/examples/newBook/09.list_modelfield/ArrayList.empty.key 
40542      DEBUG main            d.u.i.k.p.i.AbstractProblemLoader Environment load took 412.11ns 
40544      INFO  main            d.u.i.k.p.i.AbstractProblemLoader Creating init config 
43211      DEBUG main            d.u.i.k.p.i.AbstractProblemLoader Init config took 2.67s 
43260      INFO  main            d.u.i.k.p.i.AbstractProblemLoader Replaying proof ArrayList[List::empty()].JML normal_behavior operation contract.0 
43263      DEBUG main            d.u.i.k.p.i.IntermediateProofReplayer Proof replay took 6.4ns 
44269      INFO  main            d.u.i.k.p.r.p.TestFile    ... finished proof: closed. 
44454      INFO  main            d.u.i.k.p.i.AbstractProblemLoader Loading environment from /home/runner/work/key/key/key.core/../key.ui/examples/newBook/09.list_modelfield/ArrayList.empty.key.proof 
44457      DEBUG main            d.u.i.k.p.i.AbstractProblemLoader Environment load took 3.44ms 
44460      INFO  main            d.u.i.k.p.i.AbstractProblemLoader Creating init config 
47074      DEBUG main            d.u.i.k.p.i.AbstractProblemLoader Init config took 2.61s 
47122      INFO  main            d.u.i.k.p.i.AbstractProblemLoader Replaying proof ArrayList[List::empty()].JML normal_behavior operation contract.0 
47206      DEBUG main            d.u.i.k.p.i.IntermediateProofReplayer Proof replay took 77.95ms 
47208      DEBUG main            d.u.i.k.p.r.p.TestFile    ... success: reloaded. 
47209      INFO  main            d.u.i.k.p.r.p.TestFile    Now processing file /home/runner/work/key/key/key.core/../key.ui/examples/newBook/09.list_modelfield/ArrayList.size.key 
47210      INFO  main            d.u.i.k.p.i.AbstractProblemLoader Loading environment from /home/runner/work/key/key/key.core/../key.ui/examples/newBook/09.list_modelfield/ArrayList.size.key 
47211      DEBUG main            d.u.i.k.p.i.AbstractProblemLoader Environment load took 565.91ns 
47212      INFO  main            d.u.i.k.p.i.AbstractProblemLoader Creating init config 
49858      DEBUG main            d.u.i.k.p.i.AbstractProblemLoader Init config took 2.65s 
49904      INFO  main            d.u.i.k.p.i.AbstractProblemLoader Replaying proof ArrayList[List::size()].JML normal_behavior operation contract.0 
49906      DEBUG main            d.u.i.k.p.i.IntermediateProofReplayer Proof replay took 6.2ns 
50313      INFO  main            d.u.i.k.p.r.p.TestFile    ... finished proof: closed. 
50490      INFO  main            d.u.i.k.p.i.AbstractProblemLoader Loading environment from /home/runner/work/key/key/key.core/../key.ui/examples/newBook/09.list_modelfield/ArrayList.size.key.proof 
50491      DEBUG main            d.u.i.k.p.i.AbstractProblemLoader Environment load took 143.4ns 
50493      INFO  main            d.u.i.k.p.i.AbstractProblemLoader Creating init config 
53217      DEBUG main            d.u.i.k.p.i.AbstractProblemLoader Init config took 2.72s 
53264      INFO  main            d.u.i.k.p.i.AbstractProblemLoader Replaying proof ArrayList[List::size()].JML normal_behavior operation contract.0 
53300      DEBUG main            d.u.i.k.p.i.IntermediateProofReplayer Proof replay took 31.99ms 
53301      DEBUG main            d.u.i.k.p.r.p.TestFile    ... success: reloaded. 
53302      INFO  main            d.u.i.k.p.r.p.TestFile    Now processing file /home/runner/work/key/key/key.core/../key.ui/examples/newBook/09.list_modelfield/ArrayList.get.key 
53303      INFO  main            d.u.i.k.p.i.AbstractProblemLoader Loading environment from /home/runner/work/key/key/key.core/../key.ui/examples/newBook/09.list_modelfield/ArrayList.get.key 
53303      DEBUG main            d.u.i.k.p.i.AbstractProblemLoader Environment load took 302.4ns 
53304      INFO  main            d.u.i.k.p.i.AbstractProblemLoader Creating init config 
56008      DEBUG main            d.u.i.k.p.i.AbstractProblemLoader Init config took 2.7s 
56054      INFO  main            d.u.i.k.p.i.AbstractProblemLoader Replaying proof ArrayList[List::get(int)].JML normal_behavior operation contract.0 
56056      DEBUG main            d.u.i.k.p.i.IntermediateProofReplayer Proof replay took 6.1ns 
56962      INFO  main            d.u.i.k.p.r.p.TestFile    ... finished proof: closed. 
57140      INFO  main            d.u.i.k.p.i.AbstractProblemLoader Loading environment from /home/runner/work/key/key/key.core/../key.ui/examples/newBook/09.list_modelfield/ArrayList.get.key.proof 
57140      DEBUG main            d.u.i.k.p.i.AbstractProblemLoader Environment load took 143.2ns 
57141      INFO  main            d.u.i.k.p.i.AbstractProblemLoader Creating init config 
59744      DEBUG main            d.u.i.k.p.i.AbstractProblemLoader Init config took 2.6s 
59790      INFO  main            d.u.i.k.p.i.AbstractProblemLoader Replaying proof ArrayList[List::get(int)].JML normal_behavior operation contract.0 
59853      DEBUG main            d.u.i.k.p.i.IntermediateProofReplayer Proof replay took 56.66ms 
59856      DEBUG main            d.u.i.k.p.r.p.TestFile    ... success: reloaded. 
60389      INFO  Test worker     d.u.i.k.p.r.p.StatisticsFile Returning from test newBook 
60432      INFO  Test worker     d.u.i.k.p.r.p.StatisticsFile Running test oldBook 
326        INFO  Timeout watchdog d.u.i.k.p.r.p.ForkedTestFileRunner Timeout watcher launched (2000 secs.) 
336        WARN  main            d.u.i.k.s.ProofSettings   The settings in /home/runner/.key/proof-settings.props are *not* read. 
365        INFO  main            d.u.i.k.p.r.p.TestFile    Now processing file /home/runner/work/key/key/key.core/../key.ui/examples/standard_key/BookExamples/02FirstOrderLogic/Ex2.58.key 
469        INFO  main            d.u.i.k.p.i.AbstractProblemLoader Loading environment from /home/runner/work/key/key/key.core/../key.ui/examples/standard_key/BookExamples/02FirstOrderLogic/Ex2.58.key 
487        DEBUG main            d.u.i.k.p.i.AbstractProblemLoader Environment load took 3.16ms 
733        INFO  main            d.u.i.k.p.i.AbstractProblemLoader Creating init config 
1708       DEBUG main            d.u.i.k.j.TypeConverter   No LDT found for Meta 
1708       DEBUG main            d.u.i.k.j.TypeConverter   No LDT found for Meta 
1711       DEBUG main            d.u.i.k.j.TypeConverter   No LDT found for Meta 
1711       DEBUG main            d.u.i.k.j.TypeConverter   No LDT found for Meta 
3214       DEBUG main            d.u.i.k.j.TypeConverter   No LDT found for JavaBigintExpression 
8280       DEBUG main            d.u.i.k.p.i.AbstractProblemLoader Init config took 7.55s 
8339       INFO  main            d.u.i.k.p.i.AbstractProblemLoader Replaying proof Ex2.58.key 
8372       DEBUG main            d.u.i.k.p.i.IntermediateProofReplayer Proof replay took 37ns 
8553       INFO  main            d.u.i.k.p.r.p.TestFile    ... finished proof: closed. 
8651       INFO  main            d.u.i.k.p.i.AbstractProblemLoader Loading environment from /home/runner/work/key/key/key.core/../key.ui/examples/standard_key/BookExamples/02FirstOrderLogic/Ex2.58.key.proof 
8652       DEBUG main            d.u.i.k.p.i.AbstractProblemLoader Environment load took 154.1ns 
8659       INFO  main            d.u.i.k.p.i.AbstractProblemLoader Creating init config 
11402      DEBUG main            d.u.i.k.p.i.AbstractProblemLoader Init config took 2.74s 
11445      INFO  main            d.u.i.k.p.i.AbstractProblemLoader Replaying proof Ex2.58.key.proof 
11452      DEBUG main            d.u.i.k.p.i.IntermediateProofReplayer Proof replay took 2.8ms 
11463      DEBUG main            d.u.i.k.p.r.p.TestFile    ... success: reloaded. 
11465      INFO  main            d.u.i.k.p.r.p.TestFile    Now processing file /home/runner/work/key/key/key.core/../key.ui/examples/standard_key/BookExamples/03DynamicLogic/Sect3.3.1.key 
11466      INFO  main            d.u.i.k.p.i.AbstractProblemLoader Loading environment from /home/runner/work/key/key/key.core/../key.ui/examples/standard_key/BookExamples/03DynamicLogic/Sect3.3.1.key 
11466      DEBUG main            d.u.i.k.p.i.AbstractProblemLoader Environment load took 239.6ns 
11468      INFO  main            d.u.i.k.p.i.AbstractProblemLoader Creating init config 
14115      DEBUG main            d.u.i.k.p.i.AbstractProblemLoader Init config took 2.65s 
14149      INFO  main            d.u.i.k.p.i.AbstractProblemLoader Replaying proof Sect3.3.1.key 
14154      DEBUG main            d.u.i.k.p.i.IntermediateProofReplayer Proof replay took 6.1ns 
14662      INFO  main            d.u.i.k.p.r.p.TestFile    ... finished proof: closed. 
14800      INFO  main            d.u.i.k.p.i.AbstractProblemLoader Loading environment from /home/runner/work/key/key/key.core/../key.ui/examples/standard_key/BookExamples/03DynamicLogic/Sect3.3.1.key.proof 
14801      DEBUG main            d.u.i.k.p.i.AbstractProblemLoader Environment load took 137.1ns 
14805      INFO  main            d.u.i.k.p.i.AbstractProblemLoader Creating init config 
17356      DEBUG main            d.u.i.k.p.i.AbstractProblemLoader Init config took 2.55s 
17384      INFO  main            d.u.i.k.p.i.AbstractProblemLoader Replaying proof Sect3.3.1.key.proof 
17436      DEBUG main            d.u.i.k.p.i.IntermediateProofReplayer Proof replay took 48.87ms 
17438      DEBUG main            d.u.i.k.p.r.p.TestFile    ... success: reloaded. 
78077      INFO  Test worker     d.u.i.k.p.r.p.StatisticsFile Returning from test oldBook 
78080      INFO  Test worker     d.u.i.k.p.r.p.StatisticsFile Running test comprehensions 
353        INFO  Timeout watchdog d.u.i.k.p.r.p.ForkedTestFileRunner Timeout watcher launched (2000 secs.) 
368        WARN  main            d.u.i.k.s.ProofSettings   The settings in /home/runner/.key/proof-settings.props are *not* read. 
418        INFO  main            d.u.i.k.p.r.p.TestFile    Now processing file /home/runner/work/key/key/key.core/../key.ui/examples/heap/comprehensions/general_sum.key 
591        INFO  main            d.u.i.k.p.i.AbstractProblemLoader Loading environment from /home/runner/work/key/key/key.core/../key.ui/examples/heap/comprehensions/general_sum.key 
620        DEBUG main            d.u.i.k.p.i.AbstractProblemLoader Environment load took 5.16ms 
847        INFO  main            d.u.i.k.p.i.AbstractProblemLoader Creating init config 
1765       DEBUG main            d.u.i.k.j.TypeConverter   No LDT found for Meta 
1766       DEBUG main            d.u.i.k.j.TypeConverter   No LDT found for Meta 
1770       DEBUG main            d.u.i.k.j.TypeConverter   No LDT found for Meta 
1770       DEBUG main            d.u.i.k.j.TypeConverter   No LDT found for Meta 
3469       DEBUG main            d.u.i.k.j.TypeConverter   No LDT found for JavaBigintExpression 
9062       DEBUG main            d.u.i.k.p.i.AbstractProblemLoader Init config took 8.21s 
9241       INFO  main            d.u.i.k.p.i.AbstractProblemLoader Replaying proof GSum[GSum::doNothing()].JML operation contract.0 
9278       DEBUG main            d.u.i.k.p.i.IntermediateProofReplayer Proof replay took 38ns 
9636       INFO  main            d.u.i.k.p.r.p.TestFile    ... finished proof: closed. 
9747       INFO  main            d.u.i.k.p.i.AbstractProblemLoader Loading environment from /home/runner/work/key/key/key.core/../key.ui/examples/heap/comprehensions/general_sum.key.proof 
9750       DEBUG main            d.u.i.k.p.i.AbstractProblemLoader Environment load took 2.37ms 
9755       INFO  main            d.u.i.k.p.i.AbstractProblemLoader Creating init config 
12750      DEBUG main            d.u.i.k.p.i.AbstractProblemLoader Init config took 3s 
12835      INFO  main            d.u.i.k.p.i.AbstractProblemLoader Replaying proof GSum[GSum::doNothing()].JML operation contract.0 
12872      DEBUG main            d.u.i.k.p.i.IntermediateProofReplayer Proof replay took 29.02ms 
12879      DEBUG main            d.u.i.k.p.r.p.TestFile    ... success: reloaded. 
12880      INFO  main            d.u.i.k.p.r.p.TestFile    Now processing file /home/runner/work/key/key/key.core/../key.ui/examples/heap/comprehensions/sum0.key 
12881      INFO  main            d.u.i.k.p.i.AbstractProblemLoader Loading environment from /home/runner/work/key/key/key.core/../key.ui/examples/heap/comprehensions/sum0.key 
12882      DEBUG main            d.u.i.k.p.i.AbstractProblemLoader Environment load took 362.9ns 
12883      INFO  main            d.u.i.k.p.i.AbstractProblemLoader Creating init config 
15626      DEBUG main            d.u.i.k.p.i.AbstractProblemLoader Init config took 2.74s 
15684      INFO  main            d.u.i.k.p.i.AbstractProblemLoader Replaying proof Sum[Sum::sum0([I)].JML normal_behavior operation contract.0 
15687      DEBUG main            d.u.i.k.p.i.IntermediateProofReplayer Proof replay took 6.3ns 
15785      DEBUG Thread-4        d.u.i.k.l.l.OriginTermLabel commonFileName is null! 
15787      DEBUG Thread-4        d.u.i.k.l.l.OriginTermLabel commonFileName is null! 
16050      DEBUG Thread-4        d.u.i.k.l.l.OriginTermLabel commonFileName is null! 
16053      DEBUG Thread-4        d.u.i.k.l.l.OriginTermLabel commonFileName is null! 
16284      DEBUG Thread-4        d.u.i.k.l.l.OriginTermLabel commonFileName is null! 
16497      INFO  main            d.u.i.k.p.r.p.TestFile    ... finished proof: closed. 
16653      INFO  main            d.u.i.k.p.i.AbstractProblemLoader Loading environment from /home/runner/work/key/key/key.core/../key.ui/examples/heap/comprehensions/sum0.key.proof 
16660      DEBUG main            d.u.i.k.p.i.AbstractProblemLoader Environment load took 6.86ms 
16662      INFO  main            d.u.i.k.p.i.AbstractProblemLoader Creating init config 
19364      DEBUG main            d.u.i.k.p.i.AbstractProblemLoader Init config took 2.7s 
19426      INFO  main            d.u.i.k.p.i.AbstractProblemLoader Replaying proof Sum[Sum::sum0([I)].JML normal_behavior operation contract.0 
19462      DEBUG main            d.u.i.k.l.l.OriginTermLabel commonFileName is null! 
19463      DEBUG main            d.u.i.k.l.l.OriginTermLabel commonFileName is null! 
19507      DEBUG main            d.u.i.k.l.l.OriginTermLabel commonFileName is null! 
19535      DEBUG main            d.u.i.k.l.l.OriginTermLabel commonFileName is null! 
19536      DEBUG main            d.u.i.k.l.l.OriginTermLabel commonFileName is null! 
19539      DEBUG main            d.u.i.k.p.i.IntermediateProofReplayer Proof replay took 106.69ms 
19540      DEBUG main            d.u.i.k.p.r.p.TestFile    ... success: reloaded. 
19542      INFO  main            d.u.i.k.p.r.p.TestFile    Now processing file /home/runner/work/key/key/key.core/../key.ui/examples/heap/comprehensions/sum1.key 
19543      INFO  main            d.u.i.k.p.i.AbstractProblemLoader Loading environment from /home/runner/work/key/key/key.core/../key.ui/examples/heap/comprehensions/sum1.key 
19543      DEBUG main            d.u.i.k.p.i.AbstractProblemLoader Environment load took 346.4ns 
19546      INFO  main            d.u.i.k.p.i.AbstractProblemLoader Creating init config 
22251      DEBUG main            d.u.i.k.p.i.AbstractProblemLoader Init config took 2.71s 
22301      INFO  main            d.u.i.k.p.i.AbstractProblemLoader Replaying proof Sum[Sum::sum1([I)].JML normal_behavior operation contract.0 
22303      DEBUG main            d.u.i.k.p.i.IntermediateProofReplayer Proof replay took 5.6ns 
22364      DEBUG Thread-7        d.u.i.k.l.l.OriginTermLabel commonFileName is null! 
22365      DEBUG Thread-7        d.u.i.k.l.l.OriginTermLabel commonFileName is null! 
22526      DEBUG Thread-7        d.u.i.k.l.l.OriginTermLabel commonFileName is null! 
22527      DEBUG Thread-7        d.u.i.k.l.l.OriginTermLabel commonFileName is null! 
22677      DEBUG Thread-7        d.u.i.k.l.l.OriginTermLabel commonFileName is null! 
22908      INFO  main            d.u.i.k.p.r.p.TestFile    ... finished proof: closed. 
23058      INFO  main            d.u.i.k.p.i.AbstractProblemLoader Loading environment from /home/runner/work/key/key/key.core/../key.ui/examples/heap/comprehensions/sum1.key.proof 
23060      DEBUG main            d.u.i.k.p.i.AbstractProblemLoader Environment load took 2.42ms 
23062      INFO  main            d.u.i.k.p.i.AbstractProblemLoader Creating init config 
25731      DEBUG main            d.u.i.k.p.i.AbstractProblemLoader Init config took 2.67s 
25777      INFO  main            d.u.i.k.p.i.AbstractProblemLoader Replaying proof Sum[Sum::sum1([I)].JML normal_behavior operation contract.0 
25806      DEBUG main            d.u.i.k.l.l.OriginTermLabel commonFileName is null! 
25807      DEBUG main            d.u.i.k.l.l.OriginTermLabel commonFileName is null! 
25843      DEBUG main            d.u.i.k.l.l.OriginTermLabel commonFileName is null! 
25867      DEBUG main            d.u.i.k.l.l.OriginTermLabel commonFileName is null! 
25868      DEBUG main            d.u.i.k.l.l.OriginTermLabel commonFileName is null! 
25870      DEBUG main            d.u.i.k.p.i.IntermediateProofReplayer Proof replay took 88.73ms 
25872      DEBUG main            d.u.i.k.p.r.p.TestFile    ... success: reloaded. 
25873      INFO  main            d.u.i.k.p.r.p.TestFile    Now processing file /home/runner/work/key/key/key.core/../key.ui/examples/heap/comprehensions/sum2.key 
25874      INFO  main            d.u.i.k.p.i.AbstractProblemLoader Loading environment from /home/runner/work/key/key/key.core/../key.ui/examples/heap/comprehensions/sum2.key 
25874      DEBUG main            d.u.i.k.p.i.AbstractProblemLoader Environment load took 382.2ns 
25876      INFO  main            d.u.i.k.p.i.AbstractProblemLoader Creating init config 
28523      DEBUG main            d.u.i.k.p.i.AbstractProblemLoader Init config took 2.65s 
28568      INFO  main            d.u.i.k.p.i.AbstractProblemLoader Replaying proof Sum[Sum::sum2([I)].JML normal_behavior operation contract.0 
28570      DEBUG main            d.u.i.k.p.i.IntermediateProofReplayer Proof replay took 6.6ns 
28614      DEBUG Thread-10       d.u.i.k.l.l.OriginTermLabel commonFileName is null! 
28615      DEBUG Thread-10       d.u.i.k.l.l.OriginTermLabel commonFileName is null! 
28733      DEBUG Thread-10       d.u.i.k.l.l.OriginTermLabel commonFileName is null! 
28734      DEBUG Thread-10       d.u.i.k.l.l.OriginTermLabel commonFileName is null! 
28812      DEBUG Thread-10       d.u.i.k.l.l.OriginTermLabel commonFileName is null! 
28974      INFO  main            d.u.i.k.p.r.p.TestFile    ... finished proof: closed. 
29136      INFO  main            d.u.i.k.p.i.AbstractProblemLoader Loading environment from /home/runner/work/key/key/key.core/../key.ui/examples/heap/comprehensions/sum2.key.proof 
29143      DEBUG main            d.u.i.k.p.i.AbstractProblemLoader Environment load took 6.34ms 
29145      INFO  main            d.u.i.k.p.i.AbstractProblemLoader Creating init config 
31756      DEBUG main            d.u.i.k.p.i.AbstractProblemLoader Init config took 2.61s 
31802      INFO  main            d.u.i.k.p.i.AbstractProblemLoader Replaying proof Sum[Sum::sum2([I)].JML normal_behavior operation contract.0 
31825      DEBUG main            d.u.i.k.l.l.OriginTermLabel commonFileName is null! 
31825      DEBUG main            d.u.i.k.l.l.OriginTermLabel commonFileName is null! 
31852      DEBUG main            d.u.i.k.l.l.OriginTermLabel commonFileName is null! 
31872      DEBUG main            d.u.i.k.l.l.OriginTermLabel commonFileName is null! 
31872      DEBUG main            d.u.i.k.l.l.OriginTermLabel commonFileName is null! 
31875      DEBUG main            d.u.i.k.p.i.IntermediateProofReplayer Proof replay took 68.48ms 
31876      DEBUG main            d.u.i.k.p.r.p.TestFile    ... success: reloaded. 
31877      INFO  main            d.u.i.k.p.r.p.TestFile    Now processing file /home/runner/work/key/key/key.core/../key.ui/examples/heap/comprehensions/sum3.key 
31877      INFO  main            d.u.i.k.p.i.AbstractProblemLoader Loading environment from /home/runner/work/key/key/key.core/../key.ui/examples/heap/comprehensions/sum3.key 
31878      DEBUG main            d.u.i.k.p.i.AbstractProblemLoader Environment load took 345.4ns 
31879      INFO  main            d.u.i.k.p.i.AbstractProblemLoader Creating init config 
34484      DEBUG main            d.u.i.k.p.i.AbstractProblemLoader Init config took 2.6s 
34560      INFO  main            d.u.i.k.p.i.AbstractProblemLoader Replaying proof Sum[Sum::sum3([I)].JML normal_behavior operation contract.0 
34564      DEBUG main            d.u.i.k.p.i.IntermediateProofReplayer Proof replay took 7.4ns 
34620      DEBUG Thread-13       d.u.i.k.l.l.OriginTermLabel commonFileName is null! 
34621      DEBUG Thread-13       d.u.i.k.l.l.OriginTermLabel commonFileName is null! 
34742      DEBUG Thread-13       d.u.i.k.l.l.OriginTermLabel commonFileName is null! 
34743      DEBUG Thread-13       d.u.i.k.l.l.OriginTermLabel commonFileName is null! 
34825      DEBUG Thread-13       d.u.i.k.l.l.OriginTermLabel commonFileName is null! 
34968      INFO  main            d.u.i.k.p.r.p.TestFile    ... finished proof: closed. 
35143      INFO  main            d.u.i.k.p.i.AbstractProblemLoader Loading environment from /home/runner/work/key/key/key.core/../key.ui/examples/heap/comprehensions/sum3.key.proof 
35143      DEBUG main            d.u.i.k.p.i.AbstractProblemLoader Environment load took 127.3ns 
35144      INFO  main            d.u.i.k.p.i.AbstractProblemLoader Creating init config 
37713      DEBUG main            d.u.i.k.p.i.AbstractProblemLoader Init config took 2.57s 
37761      INFO  main            d.u.i.k.p.i.AbstractProblemLoader Replaying proof Sum[Sum::sum3([I)].JML normal_behavior operation contract.0 
37787      DEBUG main            d.u.i.k.l.l.OriginTermLabel commonFileName is null! 
37789      DEBUG main            d.u.i.k.l.l.OriginTermLabel commonFileName is null! 
37819      DEBUG main            d.u.i.k.l.l.OriginTermLabel commonFileName is null! 
37839      DEBUG main            d.u.i.k.l.l.OriginTermLabel commonFileName is null! 
37842      DEBUG main            d.u.i.k.l.l.OriginTermLabel commonFileName is null! 
37845      DEBUG main            d.u.i.k.p.i.IntermediateProofReplayer Proof replay took 79.64ms 
37847      DEBUG main            d.u.i.k.p.r.p.TestFile    ... success: reloaded. 
37849      INFO  main            d.u.i.k.p.r.p.TestFile    Now processing file /home/runner/work/key/key/key.core/../key.ui/examples/heap/comprehensions/segsum.key 
37850      INFO  main            d.u.i.k.p.i.AbstractProblemLoader Loading environment from /home/runner/work/key/key/key.core/../key.ui/examples/heap/comprehensions/segsum.key 
37850      DEBUG main            d.u.i.k.p.i.AbstractProblemLoader Environment load took 408.81ns 
37853      INFO  main            d.u.i.k.p.i.AbstractProblemLoader Creating init config 
40431      DEBUG main            d.u.i.k.p.i.AbstractProblemLoader Init config took 2.58s 
40473      INFO  main            d.u.i.k.p.i.AbstractProblemLoader Replaying proof SegSum[SegSum::segSum([I,int,int)].JML normal_behavior operation contract.0 
40474      DEBUG main            d.u.i.k.p.i.IntermediateProofReplayer Proof replay took 7.2ns 
40881      INFO  main            d.u.i.k.p.r.p.TestFile    ... finished proof: closed. 
41076      INFO  main            d.u.i.k.p.i.AbstractProblemLoader Loading environment from /home/runner/work/key/key/key.core/../key.ui/examples/heap/comprehensions/segsum.key.proof 
41077      DEBUG main            d.u.i.k.p.i.AbstractProblemLoader Environment load took 919.91ns 
41084      INFO  main            d.u.i.k.p.i.AbstractProblemLoader Creating init config 
43625      DEBUG main            d.u.i.k.p.i.AbstractProblemLoader Init config took 2.54s 
43667      INFO  main            d.u.i.k.p.i.AbstractProblemLoader Replaying proof SegSum[SegSum::segSum([I,int,int)].JML normal_behavior operation contract.0 
43736      DEBUG main            d.u.i.k.p.i.IntermediateProofReplayer Proof replay took 63.99ms 
43737      DEBUG main            d.u.i.k.p.r.p.TestFile    ... success: reloaded. 
43738      INFO  main            d.u.i.k.p.r.p.TestFile    Now processing file /home/runner/work/key/key/key.core/../key.ui/examples/heap/comprehensions/bsum_negative.key 
43738      INFO  main            d.u.i.k.p.i.AbstractProblemLoader Loading environment from /home/runner/work/key/key/key.core/../key.ui/examples/heap/comprehensions/bsum_negative.key 
43738      DEBUG main            d.u.i.k.p.i.AbstractProblemLoader Environment load took 74.3ns 
43740      INFO  main            d.u.i.k.p.i.AbstractProblemLoader Creating init config 
46203      DEBUG main            d.u.i.k.p.i.AbstractProblemLoader Init config took 2.46s 
46220      INFO  main            d.u.i.k.p.i.AbstractProblemLoader Replaying proof bsum_negative.key 
46221      DEBUG main            d.u.i.k.p.i.IntermediateProofReplayer Proof replay took 6.9ns 
46323      INFO  main            d.u.i.k.p.r.p.TestFile    ... finished proof: closed. 
46488      INFO  main            d.u.i.k.p.i.AbstractProblemLoader Loading environment from /home/runner/work/key/key/key.core/../key.ui/examples/heap/comprehensions/bsum_negative.key.proof 
46488      DEBUG main            d.u.i.k.p.i.AbstractProblemLoader Environment load took 124.8ns 
46490      INFO  main            d.u.i.k.p.i.AbstractProblemLoader Creating init config 
48832      DEBUG main            d.u.i.k.p.i.AbstractProblemLoader Init config took 2.34s 
48849      INFO  main            d.u.i.k.p.i.AbstractProblemLoader Replaying proof bsum_negative.key.proof 
48852      DEBUG main            d.u.i.k.p.i.IntermediateProofReplayer Proof replay took 1.11ms 
48852      DEBUG main            d.u.i.k.p.r.p.TestFile    ... success: reloaded. 
48853      INFO  main            d.u.i.k.p.r.p.TestFile    Now processing file /home/runner/work/key/key/key.core/../key.ui/examples/heap/comprehensions/bsum_neg2.key 
48853      INFO  main            d.u.i.k.p.i.AbstractProblemLoader Loading environment from /home/runner/work/key/key/key.core/../key.ui/examples/heap/comprehensions/bsum_neg2.key 
48853      DEBUG main            d.u.i.k.p.i.AbstractProblemLoader Environment load took 58.9ns 
48854      INFO  main            d.u.i.k.p.i.AbstractProblemLoader Creating init config 
51272      DEBUG main            d.u.i.k.p.i.AbstractProblemLoader Init config took 2.42s 
51289      INFO  main            d.u.i.k.p.i.AbstractProblemLoader Replaying proof bsum_neg2.key 
51291      DEBUG main            d.u.i.k.p.i.IntermediateProofReplayer Proof replay took 7.9ns 
51393      INFO  main            d.u.i.k.p.r.p.TestFile    ... finished proof: closed. 
51559      INFO  main            d.u.i.k.p.i.AbstractProblemLoader Loading environment from /home/runner/work/key/key/key.core/../key.ui/examples/heap/comprehensions/bsum_neg2.key.proof 
51559      DEBUG main            d.u.i.k.p.i.AbstractProblemLoader Environment load took 126.6ns 
51560      INFO  main            d.u.i.k.p.i.AbstractProblemLoader Creating init config 
53896      DEBUG main            d.u.i.k.p.i.AbstractProblemLoader Init config took 2.34s 
53913      INFO  main            d.u.i.k.p.i.AbstractProblemLoader Replaying proof bsum_neg2.key.proof 
53915      DEBUG main            d.u.i.k.p.i.IntermediateProofReplayer Proof replay took 688.21ns 
53916      DEBUG main            d.u.i.k.p.r.p.TestFile    ... success: reloaded. 
53917      INFO  main            d.u.i.k.p.r.p.TestFile    Now processing file /home/runner/work/key/key/key.core/../key.ui/examples/heap/comprehensions/bsumSplit.key 
53917      INFO  main            d.u.i.k.p.i.AbstractProblemLoader Loading environment from /home/runner/work/key/key/key.core/../key.ui/examples/heap/comprehensions/bsumSplit.key 
53917      DEBUG main            d.u.i.k.p.i.AbstractProblemLoader Environment load took 124.7ns 
53918      INFO  main            d.u.i.k.p.i.AbstractProblemLoader Creating init config 
56303      DEBUG main            d.u.i.k.p.i.AbstractProblemLoader Init config took 2.38s 
56325      INFO  main            d.u.i.k.p.i.AbstractProblemLoader Replaying proof bsumSplit.key 
56327      DEBUG main            d.u.i.k.p.i.IntermediateProofReplayer Proof replay took 7.2ns 
56429      INFO  main            d.u.i.k.p.r.p.TestFile    ... finished proof: closed. 
56657      INFO  main            d.u.i.k.p.i.AbstractProblemLoader Loading environment from /home/runner/work/key/key/key.core/../key.ui/examples/heap/comprehensions/bsumSplit.key.proof 
56657      DEBUG main            d.u.i.k.p.i.AbstractProblemLoader Environment load took 121.4ns 
56658      INFO  main            d.u.i.k.p.i.AbstractProblemLoader Creating init config 
59014      DEBUG main            d.u.i.k.p.i.AbstractProblemLoader Init config took 2.36s 
59030      INFO  main            d.u.i.k.p.i.AbstractProblemLoader Replaying proof bsumSplit.key.proof 
59036      DEBUG main            d.u.i.k.p.i.IntermediateProofReplayer Proof replay took 2.99ms 
59037      DEBUG main            d.u.i.k.p.r.p.TestFile    ... success: reloaded. 
59038      INFO  main            d.u.i.k.p.r.p.TestFile    Now processing file /home/runner/work/key/key/key.core/../key.ui/examples/heap/comprehensions/bprodSplit.key 
59039      INFO  main            d.u.i.k.p.i.AbstractProblemLoader Loading environment from /home/runner/work/key/key/key.core/../key.ui/examples/heap/comprehensions/bprodSplit.key 
59039      DEBUG main            d.u.i.k.p.i.AbstractProblemLoader Environment load took 322.2ns 
59041      INFO  main            d.u.i.k.p.i.AbstractProblemLoader Creating init config 
61482      DEBUG main            d.u.i.k.p.i.AbstractProblemLoader Init config took 2.44s 
61499      INFO  main            d.u.i.k.p.i.AbstractProblemLoader Replaying proof bprodSplit.key 
61500      DEBUG main            d.u.i.k.p.i.IntermediateProofReplayer Proof replay took 7.5ns 
61603      INFO  main            d.u.i.k.p.r.p.TestFile    ... finished proof: closed. 
61820      INFO  main            d.u.i.k.p.i.AbstractProblemLoader Loading environment from /home/runner/work/key/key/key.core/../key.ui/examples/heap/comprehensions/bprodSplit.key.proof 
61820      DEBUG main            d.u.i.k.p.i.AbstractProblemLoader Environment load took 125.5ns 
61821      INFO  main            d.u.i.k.p.i.AbstractProblemLoader Creating init config 
64211      DEBUG main            d.u.i.k.p.i.AbstractProblemLoader Init config took 2.39s 
64233      INFO  main            d.u.i.k.p.i.AbstractProblemLoader Replaying proof bprodSplit.key.proof 
64242      DEBUG main            d.u.i.k.p.i.IntermediateProofReplayer Proof replay took 6.83ms 
64244      DEBUG main            d.u.i.k.p.r.p.TestFile    ... success: reloaded. 
64245      INFO  main            d.u.i.k.p.r.p.TestFile    Now processing file /home/runner/work/key/key/key.core/../key.ui/examples/heap/comprehensions/bsumSplitInvalid.key 
64245      INFO  main            d.u.i.k.p.i.AbstractProblemLoader Loading environment from /home/runner/work/key/key/key.core/../key.ui/examples/heap/comprehensions/bsumSplitInvalid.key 
64246      DEBUG main            d.u.i.k.p.i.AbstractProblemLoader Environment load took 308.9ns 
64247      INFO  main            d.u.i.k.p.i.AbstractProblemLoader Creating init config 
66639      DEBUG main            d.u.i.k.p.i.AbstractProblemLoader Init config took 2.39s 
66655      INFO  main            d.u.i.k.p.i.AbstractProblemLoader Replaying proof bsumSplitInvalid.key 
66656      DEBUG main            d.u.i.k.p.i.IntermediateProofReplayer Proof replay took 7ns 
66760      INFO  main            d.u.i.k.p.r.p.TestFile    ... finished proof: open goal(s) 
145203     INFO  Test worker     d.u.i.k.p.r.p.StatisticsFile Returning from test comprehensions 
145212     INFO  Test worker     d.u.i.k.p.r.p.StatisticsFile Running test performance 
333        INFO  Timeout watchdog d.u.i.k.p.r.p.ForkedTestFileRunner Timeout watcher launched (2000 secs.) 
346        WARN  main            d.u.i.k.s.ProofSettings   The settings in /home/runner/.key/proof-settings.props are *not* read. 
376        INFO  main            d.u.i.k.p.r.p.TestFile    Now processing file /home/runner/work/key/key/key.core/../key.ui/examples/performance-test/Disjoint(Disjoint__disjoint_08()).JML_operation_contract.0.key 
486        INFO  main            d.u.i.k.p.i.AbstractProblemLoader Loading environment from /home/runner/work/key/key/key.core/../key.ui/examples/performance-test/Disjoint(Disjoint__disjoint_08()).JML_operation_contract.0.key 
511        DEBUG main            d.u.i.k.p.i.AbstractProblemLoader Environment load took 2.45ms 
751        INFO  main            d.u.i.k.p.i.AbstractProblemLoader Creating init config 
1756       DEBUG main            d.u.i.k.j.TypeConverter   No LDT found for Meta 
1757       DEBUG main            d.u.i.k.j.TypeConverter   No LDT found for Meta 
1760       DEBUG main            d.u.i.k.j.TypeConverter   No LDT found for Meta 
1761       DEBUG main            d.u.i.k.j.TypeConverter   No LDT found for Meta 
3017       DEBUG main            d.u.i.k.j.TypeConverter   No LDT found for JavaBigintExpression 
8740       DEBUG main            d.u.i.k.j.r.ClassPreparationMethodBuilder clPrepBuilder: Inner Class detected. Reject building class initialisation methods. 
16869      DEBUG main            d.u.i.k.p.i.AbstractProblemLoader Init config took 16.12s 
17103      INFO  main            d.u.i.k.p.i.AbstractProblemLoader Replaying proof Disjoint[Disjoint::disjoint_8()].JML operation contract.0 
17172      DEBUG main            d.u.i.k.p.i.IntermediateProofReplayer Proof replay took 346.7ns 
19813      INFO  main            d.u.i.k.p.r.p.TestFile    ... finished proof: closed. 
20045      INFO  main            d.u.i.k.p.i.AbstractProblemLoader Loading environment from /home/runner/work/key/key/key.core/../key.ui/examples/performance-test/Disjoint(Disjoint__disjoint_08()).JML_operation_contract.0.key.proof 
20050      DEBUG main            d.u.i.k.p.i.AbstractProblemLoader Environment load took 176ns 
20053      INFO  main            d.u.i.k.p.i.AbstractProblemLoader Creating init config 
23268      DEBUG main            d.u.i.k.j.r.ClassPreparationMethodBuilder clPrepBuilder: Inner Class detected. Reject building class initialisation methods. 
30578      DEBUG main            d.u.i.k.p.i.AbstractProblemLoader Init config took 10.52s 
30731      INFO  main            d.u.i.k.p.i.AbstractProblemLoader Replaying proof Disjoint[Disjoint::disjoint_8()].JML operation contract.0 
31143      DEBUG main            d.u.i.k.p.i.IntermediateProofReplayer Proof replay took 388.59ms 
31155      DEBUG main            d.u.i.k.p.r.p.TestFile    ... success: reloaded. 
31160      INFO  main            d.u.i.k.p.r.p.TestFile    Now processing file /home/runner/work/key/key/key.core/../key.ui/examples/performance-test/Disjoint(Disjoint__disjoint2_08()).JML_operation_contract.0.key 
31161      INFO  main            d.u.i.k.p.i.AbstractProblemLoader Loading environment from /home/runner/work/key/key/key.core/../key.ui/examples/performance-test/Disjoint(Disjoint__disjoint2_08()).JML_operation_contract.0.key 
31162      DEBUG main            d.u.i.k.p.i.AbstractProblemLoader Environment load took 853.41ns 
31164      INFO  main            d.u.i.k.p.i.AbstractProblemLoader Creating init config 
34225      DEBUG main            d.u.i.k.j.r.ClassPreparationMethodBuilder clPrepBuilder: Inner Class detected. Reject building class initialisation methods. 
41246      DEBUG main            d.u.i.k.p.i.AbstractProblemLoader Init config took 10.08s 
41389      INFO  main            d.u.i.k.p.i.AbstractProblemLoader Replaying proof Disjoint[Disjoint::disjoint2_8()].JML operation contract.0 
41392      DEBUG main            d.u.i.k.p.i.IntermediateProofReplayer Proof replay took 12.8ns 
42698      INFO  main            d.u.i.k.p.r.p.TestFile    ... finished proof: closed. 
42988      INFO  main            d.u.i.k.p.i.AbstractProblemLoader Loading environment from /home/runner/work/key/key/key.core/../key.ui/examples/performance-test/Disjoint(Disjoint__disjoint2_08()).JML_operation_contract.0.key.proof 
42989      DEBUG main            d.u.i.k.p.i.AbstractProblemLoader Environment load took 1.72ms 
42992      INFO  main            d.u.i.k.p.i.AbstractProblemLoader Creating init config 
45941      DEBUG main            d.u.i.k.j.r.ClassPreparationMethodBuilder clPrepBuilder: Inner Class detected. Reject building class initialisation methods. 
52882      DEBUG main            d.u.i.k.p.i.AbstractProblemLoader Init config took 9.89s 
52988      INFO  main            d.u.i.k.p.i.AbstractProblemLoader Replaying proof Disjoint[Disjoint::disjoint2_8()].JML operation contract.0 
53068      DEBUG main            d.u.i.k.p.i.IntermediateProofReplayer Proof replay took 76.59ms 
53070      DEBUG main            d.u.i.k.p.r.p.TestFile    ... success: reloaded. 
53071      INFO  main            d.u.i.k.p.r.p.TestFile    Now processing file /home/runner/work/key/key/key.core/../key.ui/examples/performance-test/AccessChain1(AccessChain1__foo_08()).JML_operation_contract.0.key 
53072      INFO  main            d.u.i.k.p.i.AbstractProblemLoader Loading environment from /home/runner/work/key/key/key.core/../key.ui/examples/performance-test/AccessChain1(AccessChain1__foo_08()).JML_operation_contract.0.key 
53076      DEBUG main            d.u.i.k.p.i.AbstractProblemLoader Environment load took 4.29ms 
53079      INFO  main            d.u.i.k.p.i.AbstractProblemLoader Creating init config 
56082      DEBUG main            d.u.i.k.j.r.ClassPreparationMethodBuilder clPrepBuilder: Inner Class detected. Reject building class initialisation methods. 
62976      DEBUG main            d.u.i.k.p.i.AbstractProblemLoader Init config took 9.9s 
63082      INFO  main            d.u.i.k.p.i.AbstractProblemLoader Replaying proof AccessChain1[AccessChain1::foo_8()].JML operation contract.0 
63085      DEBUG main            d.u.i.k.p.i.IntermediateProofReplayer Proof replay took 12.7ns 
65898      INFO  main            d.u.i.k.p.r.p.TestFile    ... finished proof: closed. 
66357      INFO  main            d.u.i.k.p.i.AbstractProblemLoader Loading environment from /home/runner/work/key/key/key.core/../key.ui/examples/performance-test/AccessChain1(AccessChain1__foo_08()).JML_operation_contract.0.key.proof 
66358      DEBUG main            d.u.i.k.p.i.AbstractProblemLoader Environment load took 155.7ns 
66362      INFO  main            d.u.i.k.p.i.AbstractProblemLoader Creating init config 
69314      DEBUG main            d.u.i.k.j.r.ClassPreparationMethodBuilder clPrepBuilder: Inner Class detected. Reject building class initialisation methods. 
76161      DEBUG main            d.u.i.k.p.i.AbstractProblemLoader Init config took 9.8s 
76257      INFO  main            d.u.i.k.p.i.AbstractProblemLoader Replaying proof AccessChain1[AccessChain1::foo_8()].JML operation contract.0 
76708      DEBUG main            d.u.i.k.p.i.IntermediateProofReplayer Proof replay took 437.52ms 
76710      DEBUG main            d.u.i.k.p.r.p.TestFile    ... success: reloaded. 
76712      INFO  main            d.u.i.k.p.r.p.TestFile    Now processing file /home/runner/work/key/key/key.core/../key.ui/examples/performance-test/AccessChain4(AccessChain4__foo_08()).JML_operation_contract.0.key 
76718      INFO  main            d.u.i.k.p.i.AbstractProblemLoader Loading environment from /home/runner/work/key/key/key.core/../key.ui/examples/performance-test/AccessChain4(AccessChain4__foo_08()).JML_operation_contract.0.key 
76718      DEBUG main            d.u.i.k.p.i.AbstractProblemLoader Environment load took 102.8ns 
76722      INFO  main            d.u.i.k.p.i.AbstractProblemLoader Creating init config 
79725      DEBUG main            d.u.i.k.j.r.ClassPreparationMethodBuilder clPrepBuilder: Inner Class detected. Reject building class initialisation methods. 
86460      DEBUG main            d.u.i.k.p.i.AbstractProblemLoader Init config took 9.74s 
86554      INFO  main            d.u.i.k.p.i.AbstractProblemLoader Replaying proof AccessChain4[AccessChain4::foo_8()].JML operation contract.0 
86556      DEBUG main            d.u.i.k.p.i.IntermediateProofReplayer Proof replay took 12.7ns 
92801      INFO  main            d.u.i.k.p.r.p.TestFile    ... finished proof: closed. 
93181      INFO  main            d.u.i.k.p.i.AbstractProblemLoader Loading environment from /home/runner/work/key/key/key.core/../key.ui/examples/performance-test/AccessChain4(AccessChain4__foo_08()).JML_operation_contract.0.key.proof 
93182      DEBUG main            d.u.i.k.p.i.AbstractProblemLoader Environment load took 144.8ns 
93193      INFO  main            d.u.i.k.p.i.AbstractProblemLoader Creating init config 
96092      DEBUG main            d.u.i.k.j.r.ClassPreparationMethodBuilder clPrepBuilder: Inner Class detected. Reject building class initialisation methods. 
102889     DEBUG main            d.u.i.k.p.i.AbstractProblemLoader Init config took 9.7s 
103010     INFO  main            d.u.i.k.p.i.AbstractProblemLoader Replaying proof AccessChain4[AccessChain4::foo_8()].JML operation contract.0 
103784     DEBUG main            d.u.i.k.p.i.IntermediateProofReplayer Proof replay took 747.23ms 
103787     DEBUG main            d.u.i.k.p.r.p.TestFile    ... success: reloaded. 
103789     INFO  main            d.u.i.k.p.r.p.TestFile    Now processing file /home/runner/work/key/key/key.core/../key.ui/examples/performance-test/Disjoint(Disjoint__xZero_08()).JML_operation_contract.0.key 
103790     INFO  main            d.u.i.k.p.i.AbstractProblemLoader Loading environment from /home/runner/work/key/key/key.core/../key.ui/examples/performance-test/Disjoint(Disjoint__xZero_08()).JML_operation_contract.0.key 
103790     DEBUG main            d.u.i.k.p.i.AbstractProblemLoader Environment load took 302.2ns 
103791     INFO  main            d.u.i.k.p.i.AbstractProblemLoader Creating init config 
106841     DEBUG main            d.u.i.k.j.r.ClassPreparationMethodBuilder clPrepBuilder: Inner Class detected. Reject building class initialisation methods. 
113668     DEBUG main            d.u.i.k.p.i.AbstractProblemLoader Init config took 9.88s 
113759     INFO  main            d.u.i.k.p.i.AbstractProblemLoader Replaying proof Disjoint[Disjoint::xZero_8()].JML operation contract.0 
113762     DEBUG main            d.u.i.k.p.i.IntermediateProofReplayer Proof replay took 12.7ns 
114768     INFO  main            d.u.i.k.p.r.p.TestFile    ... finished proof: closed. 
115144     INFO  main            d.u.i.k.p.i.AbstractProblemLoader Loading environment from /home/runner/work/key/key/key.core/../key.ui/examples/performance-test/Disjoint(Disjoint__xZero_08()).JML_operation_contract.0.key.proof 
115145     DEBUG main            d.u.i.k.p.i.AbstractProblemLoader Environment load took 632.01ns 
115148     INFO  main            d.u.i.k.p.i.AbstractProblemLoader Creating init config 
118028     DEBUG main            d.u.i.k.j.r.ClassPreparationMethodBuilder clPrepBuilder: Inner Class detected. Reject building class initialisation methods. 
124755     DEBUG main            d.u.i.k.p.i.AbstractProblemLoader Init config took 9.61s 
124845     INFO  main            d.u.i.k.p.i.AbstractProblemLoader Replaying proof Disjoint[Disjoint::xZero_8()].JML operation contract.0 
125028     DEBUG main            d.u.i.k.p.i.IntermediateProofReplayer Proof replay took 176.03ms 
125031     DEBUG main            d.u.i.k.p.r.p.TestFile    ... success: reloaded. 
125033     INFO  main            d.u.i.k.p.r.p.TestFile    Now processing file /home/runner/work/key/key/key.core/../key.ui/examples/performance-test/Dynamic(Dynamic__foo_08()).JML_operation_contract.0.key 
125034     INFO  main            d.u.i.k.p.i.AbstractProblemLoader Loading environment from /home/runner/work/key/key/key.core/../key.ui/examples/performance-test/Dynamic(Dynamic__foo_08()).JML_operation_contract.0.key 
125034     DEBUG main            d.u.i.k.p.i.AbstractProblemLoader Environment load took 329.2ns 
125036     INFO  main            d.u.i.k.p.i.AbstractProblemLoader Creating init config 
128004     DEBUG main            d.u.i.k.j.r.ClassPreparationMethodBuilder clPrepBuilder: Inner Class detected. Reject building class initialisation methods. 
134737     DEBUG main            d.u.i.k.p.i.AbstractProblemLoader Init config took 9.7s 
134831     INFO  main            d.u.i.k.p.i.AbstractProblemLoader Replaying proof Dynamic[Dynamic::foo_8()].JML operation contract.0 
134833     DEBUG main            d.u.i.k.p.i.IntermediateProofReplayer Proof replay took 21.8ns 
139983     INFO  main            d.u.i.k.p.r.p.TestFile    ... finished proof: closed. 
140370     INFO  main            d.u.i.k.p.i.AbstractProblemLoader Loading environment from /home/runner/work/key/key/key.core/../key.ui/examples/performance-test/Dynamic(Dynamic__foo_08()).JML_operation_contract.0.key.proof 
140371     DEBUG main            d.u.i.k.p.i.AbstractProblemLoader Environment load took 653.51ns 
140374     INFO  main            d.u.i.k.p.i.AbstractProblemLoader Creating init config 
143225     DEBUG main            d.u.i.k.j.r.ClassPreparationMethodBuilder clPrepBuilder: Inner Class detected. Reject building class initialisation methods. 
149990     DEBUG main            d.u.i.k.p.i.AbstractProblemLoader Init config took 9.62s 
150079     INFO  main            d.u.i.k.p.i.AbstractProblemLoader Replaying proof Dynamic[Dynamic::foo_8()].JML operation contract.0 
150547     DEBUG main            d.u.i.k.p.i.IntermediateProofReplayer Proof replay took 447.51ms 
150549     DEBUG main            d.u.i.k.p.r.p.TestFile    ... success: reloaded. 
150551     INFO  main            d.u.i.k.p.r.p.TestFile    Now processing file /home/runner/work/key/key/key.core/../key.ui/examples/performance-test/DynamicGhost(DynamicGhost__dynamicGhost_08()).JML_normal_behavior_operation_contract.0.key 
150551     INFO  main            d.u.i.k.p.i.AbstractProblemLoader Loading environment from /home/runner/work/key/key/key.core/../key.ui/examples/performance-test/DynamicGhost(DynamicGhost__dynamicGhost_08()).JML_normal_behavior_operation_contract.0.key 
150551     DEBUG main            d.u.i.k.p.i.AbstractProblemLoader Environment load took 73.8ns 
150552     INFO  main            d.u.i.k.p.i.AbstractProblemLoader Creating init config 
153567     DEBUG main            d.u.i.k.j.r.ClassPreparationMethodBuilder clPrepBuilder: Inner Class detected. Reject building class initialisation methods. 
160352     DEBUG main            d.u.i.k.p.i.AbstractProblemLoader Init config took 9.8s 
160442     INFO  main            d.u.i.k.p.i.AbstractProblemLoader Replaying proof DynamicGhost[DynamicGhost::dynamicGhost_8()].JML normal_behavior operation contract.0 
160445     DEBUG main            d.u.i.k.p.i.IntermediateProofReplayer Proof replay took 13.3ns 
164424     INFO  main            d.u.i.k.p.r.p.TestFile    ... finished proof: closed. 
164856     INFO  main            d.u.i.k.p.i.AbstractProblemLoader Loading environment from /home/runner/work/key/key/key.core/../key.ui/examples/performance-test/DynamicGhost(DynamicGhost__dynamicGhost_08()).JML_normal_behavior_operation_contract.0.key.proof 
164857     DEBUG main            d.u.i.k.p.i.AbstractProblemLoader Environment load took 631.31ns 
164859     INFO  main            d.u.i.k.p.i.AbstractProblemLoader Creating init config 
167709     DEBUG main            d.u.i.k.j.r.ClassPreparationMethodBuilder clPrepBuilder: Inner Class detected. Reject building class initialisation methods. 
174479     DEBUG main            d.u.i.k.p.i.AbstractProblemLoader Init config took 9.62s 
174569     INFO  main            d.u.i.k.p.i.AbstractProblemLoader Replaying proof DynamicGhost[DynamicGhost::dynamicGhost_8()].JML normal_behavior operation contract.0 
175062     DEBUG main            d.u.i.k.p.i.IntermediateProofReplayer Proof replay took 474.46ms 
175065     DEBUG main            d.u.i.k.p.r.p.TestFile    ... success: reloaded. 
175067     INFO  main            d.u.i.k.p.r.p.TestFile    Now processing file /home/runner/work/key/key/key.core/../key.ui/examples/performance-test/GhostFrame(GhostFrame__foo_08()).JML_operation_contract.0.key 
175067     INFO  main            d.u.i.k.p.i.AbstractProblemLoader Loading environment from /home/runner/work/key/key/key.core/../key.ui/examples/performance-test/GhostFrame(GhostFrame__foo_08()).JML_operation_contract.0.key 
175067     DEBUG main            d.u.i.k.p.i.AbstractProblemLoader Environment load took 174.4ns 
175068     INFO  main            d.u.i.k.p.i.AbstractProblemLoader Creating init config 
178037     DEBUG main            d.u.i.k.j.r.ClassPreparationMethodBuilder clPrepBuilder: Inner Class detected. Reject building class initialisation methods. 
184872     DEBUG main            d.u.i.k.p.i.AbstractProblemLoader Init config took 9.8s 
184959     INFO  main            d.u.i.k.p.i.AbstractProblemLoader Replaying proof GhostFrame[GhostFrame::foo_8()].JML operation contract.0 
184961     DEBUG main            d.u.i.k.p.i.IntermediateProofReplayer Proof replay took 15.3ns 
186809     INFO  main            d.u.i.k.p.r.p.TestFile    ... finished proof: closed. 
187260     INFO  main            d.u.i.k.p.i.AbstractProblemLoader Loading environment from /home/runner/work/key/key/key.core/../key.ui/examples/performance-test/GhostFrame(GhostFrame__foo_08()).JML_operation_contract.0.key.proof 
187261     DEBUG main            d.u.i.k.p.i.AbstractProblemLoader Environment load took 619.81ns 
187263     INFO  main            d.u.i.k.p.i.AbstractProblemLoader Creating init config 
190116     DEBUG main            d.u.i.k.j.r.ClassPreparationMethodBuilder clPrepBuilder: Inner Class detected. Reject building class initialisation methods. 
196912     DEBUG main            d.u.i.k.p.i.AbstractProblemLoader Init config took 9.65s 
196999     INFO  main            d.u.i.k.p.i.AbstractProblemLoader Replaying proof GhostFrame[GhostFrame::foo_8()].JML operation contract.0 
197266     DEBUG main            d.u.i.k.p.i.IntermediateProofReplayer Proof replay took 258.77ms 
197268     DEBUG main            d.u.i.k.p.r.p.TestFile    ... success: reloaded. 
197269     INFO  main            d.u.i.k.p.r.p.TestFile    Now processing file /home/runner/work/key/key/key.core/../key.ui/examples/performance-test/Modelfield(Modelfield__foo_08()).JML_operation_contract.0.key 
197269     INFO  main            d.u.i.k.p.i.AbstractProblemLoader Loading environment from /home/runner/work/key/key/key.core/../key.ui/examples/performance-test/Modelfield(Modelfield__foo_08()).JML_operation_contract.0.key 
197269     DEBUG main            d.u.i.k.p.i.AbstractProblemLoader Environment load took 111.4ns 
197270     INFO  main            d.u.i.k.p.i.AbstractProblemLoader Creating init config 
200213     DEBUG main            d.u.i.k.j.r.ClassPreparationMethodBuilder clPrepBuilder: Inner Class detected. Reject building class initialisation methods. 
207011     DEBUG main            d.u.i.k.p.i.AbstractProblemLoader Init config took 9.74s 
207097     INFO  main            d.u.i.k.p.i.AbstractProblemLoader Replaying proof Modelfield[Modelfield::foo_8()].JML operation contract.0 
207099     DEBUG main            d.u.i.k.p.i.IntermediateProofReplayer Proof replay took 7.8ns 
210111     INFO  main            d.u.i.k.p.r.p.TestFile    ... finished proof: closed. 
210548     INFO  main            d.u.i.k.p.i.AbstractProblemLoader Loading environment from /home/runner/work/key/key/key.core/../key.ui/examples/performance-test/Modelfield(Modelfield__foo_08()).JML_operation_contract.0.key.proof 
210549     DEBUG main            d.u.i.k.p.i.AbstractProblemLoader Environment load took 625.21ns 
210551     INFO  main            d.u.i.k.p.i.AbstractProblemLoader Creating init config 
213387     DEBUG main            d.u.i.k.j.r.ClassPreparationMethodBuilder clPrepBuilder: Inner Class detected. Reject building class initialisation methods. 
220152     DEBUG main            d.u.i.k.p.i.AbstractProblemLoader Init config took 9.6s 
220238     INFO  main            d.u.i.k.p.i.AbstractProblemLoader Replaying proof Modelfield[Modelfield::foo_8()].JML operation contract.0 
220555     DEBUG main            d.u.i.k.p.i.IntermediateProofReplayer Proof replay took 304.89ms 
220557     DEBUG main            d.u.i.k.p.r.p.TestFile    ... success: reloaded. 
365937     INFO  Test worker     d.u.i.k.p.r.p.StatisticsFile Returning from test performance 
365948     INFO  Test worker     d.u.i.k.p.r.p.StatisticsFile Running test performancePOConstruction 
351        INFO  Timeout watchdog d.u.i.k.p.r.p.ForkedTestFileRunner Timeout watcher launched (2000 secs.) 
377        WARN  main            d.u.i.k.s.ProofSettings   The settings in /home/runner/.key/proof-settings.props are *not* read. 
413        INFO  main            d.u.i.k.p.r.p.TestFile    Now processing file /home/runner/work/key/key/key.core/../key.ui/examples/performance-test/Test(Test__a0(int)).JML_normal_behavior_operation_contract.0.key 
520        INFO  main            d.u.i.k.p.i.AbstractProblemLoader Loading environment from /home/runner/work/key/key/key.core/../key.ui/examples/performance-test/Test(Test__a0(int)).JML_normal_behavior_operation_contract.0.key 
537        DEBUG main            d.u.i.k.p.i.AbstractProblemLoader Environment load took 2.3ms 
772        INFO  main            d.u.i.k.p.i.AbstractProblemLoader Creating init config 
1733       DEBUG main            d.u.i.k.j.TypeConverter   No LDT found for Meta 
1735       DEBUG main            d.u.i.k.j.TypeConverter   No LDT found for Meta 
1738       DEBUG main            d.u.i.k.j.TypeConverter   No LDT found for Meta 
1738       DEBUG main            d.u.i.k.j.TypeConverter   No LDT found for Meta 
3113       DEBUG main            d.u.i.k.j.TypeConverter   No LDT found for JavaBigintExpression 
9200       DEBUG main            d.u.i.k.j.r.ClassPreparationMethodBuilder clPrepBuilder: Inner Class detected. Reject building class initialisation methods. 
17593      DEBUG main            d.u.i.k.p.i.AbstractProblemLoader Init config took 16.82s 
18676      INFO  main            d.u.i.k.p.i.AbstractProblemLoader Replaying proof Test[Test::a0(int)].JML normal_behavior operation contract.0 
18777      DEBUG main            d.u.i.k.p.i.IntermediateProofReplayer Proof replay took 37.9ns 
19240      INFO  main            d.u.i.k.p.r.p.TestFile    ... finished proof: closed. 
19413      INFO  main            d.u.i.k.p.i.AbstractProblemLoader Loading environment from /home/runner/work/key/key/key.core/../key.ui/examples/performance-test/Test(Test__a0(int)).JML_normal_behavior_operation_contract.0.key.proof 
19419      DEBUG main            d.u.i.k.p.i.AbstractProblemLoader Environment load took 6.15ms 
19422      INFO  main            d.u.i.k.p.i.AbstractProblemLoader Creating init config 
22776      DEBUG main            d.u.i.k.j.r.ClassPreparationMethodBuilder clPrepBuilder: Inner Class detected. Reject building class initialisation methods. 
30268      DEBUG main            d.u.i.k.p.i.AbstractProblemLoader Init config took 10.85s 
31140      INFO  main            d.u.i.k.p.i.AbstractProblemLoader Replaying proof Test[Test::a0(int)].JML normal_behavior operation contract.0 
31165      DEBUG main            d.u.i.k.p.i.IntermediateProofReplayer Proof replay took 20.43ms 
31173      DEBUG main            d.u.i.k.p.r.p.TestFile    ... success: reloaded. 
31175      INFO  main            d.u.i.k.p.r.p.TestFile    Now processing file /home/runner/work/key/key/key.core/../key.ui/examples/performance-test/Test(Test__a1(int)).JML_normal_behavior_operation_contract.0.key 
31176      INFO  main            d.u.i.k.p.i.AbstractProblemLoader Loading environment from /home/runner/work/key/key/key.core/../key.ui/examples/performance-test/Test(Test__a1(int)).JML_normal_behavior_operation_contract.0.key 
31176      DEBUG main            d.u.i.k.p.i.AbstractProblemLoader Environment load took 503.01ns 
31178      INFO  main            d.u.i.k.p.i.AbstractProblemLoader Creating init config 
34237      DEBUG main            d.u.i.k.j.r.ClassPreparationMethodBuilder clPrepBuilder: Inner Class detected. Reject building class initialisation methods. 
41408      DEBUG main            d.u.i.k.p.i.AbstractProblemLoader Init config took 10.23s 
42317      INFO  main            d.u.i.k.p.i.AbstractProblemLoader Replaying proof Test[Test::a1(int)].JML normal_behavior operation contract.0 
42320      DEBUG main            d.u.i.k.p.i.IntermediateProofReplayer Proof replay took 7.1ns 
42724      INFO  main            d.u.i.k.p.r.p.TestFile    ... finished proof: closed. 
43014      INFO  main            d.u.i.k.p.i.AbstractProblemLoader Loading environment from /home/runner/work/key/key/key.core/../key.ui/examples/performance-test/Test(Test__a1(int)).JML_normal_behavior_operation_contract.0.key.proof 
43014      DEBUG main            d.u.i.k.p.i.AbstractProblemLoader Environment load took 186.1ns 
43015      INFO  main            d.u.i.k.p.i.AbstractProblemLoader Creating init config 
46056      DEBUG main            d.u.i.k.j.r.ClassPreparationMethodBuilder clPrepBuilder: Inner Class detected. Reject building class initialisation methods. 
53096      DEBUG main            d.u.i.k.p.i.AbstractProblemLoader Init config took 10.08s 
54015      INFO  main            d.u.i.k.p.i.AbstractProblemLoader Replaying proof Test[Test::a1(int)].JML normal_behavior operation contract.0 
54074      DEBUG main            d.u.i.k.p.i.IntermediateProofReplayer Proof replay took 55.42ms 
54076      DEBUG main            d.u.i.k.p.r.p.TestFile    ... success: reloaded. 
54077      INFO  main            d.u.i.k.p.r.p.TestFile    Now processing file /home/runner/work/key/key/key.core/../key.ui/examples/performance-test/Test(Test__f1(int)).JML_normal_behavior_operation_contract.0.key 
54077      INFO  main            d.u.i.k.p.i.AbstractProblemLoader Loading environment from /home/runner/work/key/key/key.core/../key.ui/examples/performance-test/Test(Test__f1(int)).JML_normal_behavior_operation_contract.0.key 
54078      DEBUG main            d.u.i.k.p.i.AbstractProblemLoader Environment load took 209.7ns 
54079      INFO  main            d.u.i.k.p.i.AbstractProblemLoader Creating init config 
57102      DEBUG main            d.u.i.k.j.r.ClassPreparationMethodBuilder clPrepBuilder: Inner Class detected. Reject building class initialisation methods. 
64170      DEBUG main            d.u.i.k.p.i.AbstractProblemLoader Init config took 10.09s 
65090      INFO  main            d.u.i.k.p.i.AbstractProblemLoader Replaying proof Test[Test::f1(int)].JML normal_behavior operation contract.0 
65095      DEBUG main            d.u.i.k.p.i.IntermediateProofReplayer Proof replay took 6.7ns 
65400      INFO  main            d.u.i.k.p.r.p.TestFile    ... finished proof: closed. 
65675      INFO  main            d.u.i.k.p.i.AbstractProblemLoader Loading environment from /home/runner/work/key/key/key.core/../key.ui/examples/performance-test/Test(Test__f1(int)).JML_normal_behavior_operation_contract.0.key.proof 
65679      DEBUG main            d.u.i.k.p.i.AbstractProblemLoader Environment load took 4.8ms 
65681      INFO  main            d.u.i.k.p.i.AbstractProblemLoader Creating init config 
68679      DEBUG main            d.u.i.k.j.r.ClassPreparationMethodBuilder clPrepBuilder: Inner Class detected. Reject building class initialisation methods. 
75753      DEBUG main            d.u.i.k.p.i.AbstractProblemLoader Init config took 10.07s 
76605      INFO  main            d.u.i.k.p.i.AbstractProblemLoader Replaying proof Test[Test::f1(int)].JML normal_behavior operation contract.0 
76673      DEBUG main            d.u.i.k.p.i.IntermediateProofReplayer Proof replay took 61.02ms 
76674      DEBUG main            d.u.i.k.p.r.p.TestFile    ... success: reloaded. 
442793     INFO  Test worker     d.u.i.k.p.r.p.StatisticsFile Returning from test performancePOConstruction 
442795     INFO  Test worker     d.u.i.k.p.r.p.StatisticsFile Running test applicationRestrictions 
364        INFO  Timeout watchdog d.u.i.k.p.r.p.ForkedTestFileRunner Timeout watcher launched (2000 secs.) 
368        WARN  main            d.u.i.k.s.ProofSettings   The settings in /home/runner/.key/proof-settings.props are *not* read. 
397        INFO  main            d.u.i.k.p.r.p.TestFile    Now processing file /home/runner/work/key/key/key.core/../key.ui/examples/heap/polarity_tests/wellformed1.key 
499        INFO  main            d.u.i.k.p.i.AbstractProblemLoader Loading environment from /home/runner/work/key/key/key.core/../key.ui/examples/heap/polarity_tests/wellformed1.key 
522        DEBUG main            d.u.i.k.p.i.AbstractProblemLoader Environment load took 1.86ms 
809        INFO  main            d.u.i.k.p.i.AbstractProblemLoader Creating init config 
1744       DEBUG main            d.u.i.k.j.TypeConverter   No LDT found for Meta 
1744       DEBUG main            d.u.i.k.j.TypeConverter   No LDT found for Meta 
1745       DEBUG main            d.u.i.k.j.TypeConverter   No LDT found for Meta 
1745       DEBUG main            d.u.i.k.j.TypeConverter   No LDT found for Meta 
3333       DEBUG main            d.u.i.k.j.TypeConverter   No LDT found for JavaBigintExpression 
8263       DEBUG main            d.u.i.k.p.i.AbstractProblemLoader Init config took 7.45s 
8326       INFO  main            d.u.i.k.p.i.AbstractProblemLoader Replaying proof wellformed1.key 
8359       DEBUG main            d.u.i.k.p.i.IntermediateProofReplayer Proof replay took 41.4ns 
8524       INFO  main            d.u.i.k.p.r.p.TestFile    ... finished proof: closed. 
8624       INFO  main            d.u.i.k.p.i.AbstractProblemLoader Loading environment from /home/runner/work/key/key/key.core/../key.ui/examples/heap/polarity_tests/wellformed1.key.proof 
8624       DEBUG main            d.u.i.k.p.i.AbstractProblemLoader Environment load took 174.9ns 
8628       INFO  main            d.u.i.k.p.i.AbstractProblemLoader Creating init config 
11422      DEBUG main            d.u.i.k.p.i.AbstractProblemLoader Init config took 2.79s 
11454      INFO  main            d.u.i.k.p.i.AbstractProblemLoader Replaying proof wellformed1.key.proof 
11466      DEBUG main            d.u.i.k.p.i.IntermediateProofReplayer Proof replay took 3.35ms 
11478      DEBUG main            d.u.i.k.p.r.p.TestFile    ... success: reloaded. 
11486      INFO  main            d.u.i.k.p.r.p.TestFile    Now processing file /home/runner/work/key/key/key.core/../key.ui/examples/heap/polarity_tests/wellformed2.key 
11486      INFO  main            d.u.i.k.p.i.AbstractProblemLoader Loading environment from /home/runner/work/key/key/key.core/../key.ui/examples/heap/polarity_tests/wellformed2.key 
11486      DEBUG main            d.u.i.k.p.i.AbstractProblemLoader Environment load took 174.5ns 
11490      INFO  main            d.u.i.k.p.i.AbstractProblemLoader Creating init config 
14110      DEBUG main            d.u.i.k.p.i.AbstractProblemLoader Init config took 2.62s 
14139      INFO  main            d.u.i.k.p.i.AbstractProblemLoader Replaying proof wellformed2.key 
14141      DEBUG main            d.u.i.k.p.i.IntermediateProofReplayer Proof replay took 6.7ns 
14244      INFO  main            d.u.i.k.p.r.p.TestFile    ... finished proof: open goal(s) 
14369      INFO  main            d.u.i.k.p.r.p.TestFile    Now processing file /home/runner/work/key/key/key.core/../key.ui/examples/heap/polarity_tests/wellformed3.key 
14369      INFO  main            d.u.i.k.p.i.AbstractProblemLoader Loading environment from /home/runner/work/key/key/key.core/../key.ui/examples/heap/polarity_tests/wellformed3.key 
14369      DEBUG main            d.u.i.k.p.i.AbstractProblemLoader Environment load took 94.2ns 
14370      INFO  main            d.u.i.k.p.i.AbstractProblemLoader Creating init config 
16827      DEBUG main            d.u.i.k.p.i.AbstractProblemLoader Init config took 2.46s 
16852      INFO  main            d.u.i.k.p.i.AbstractProblemLoader Replaying proof wellformed3.key 
16854      DEBUG main            d.u.i.k.p.i.IntermediateProofReplayer Proof replay took 6.9ns 
16957      INFO  main            d.u.i.k.p.r.p.TestFile    ... finished proof: closed. 
17087      INFO  main            d.u.i.k.p.i.AbstractProblemLoader Loading environment from /home/runner/work/key/key/key.core/../key.ui/examples/heap/polarity_tests/wellformed3.key.proof 
17088      DEBUG main            d.u.i.k.p.i.AbstractProblemLoader Environment load took 178.3ns 
17089      INFO  main            d.u.i.k.p.i.AbstractProblemLoader Creating init config 
19560      DEBUG main            d.u.i.k.p.i.AbstractProblemLoader Init config took 2.47s 
19584      INFO  main            d.u.i.k.p.i.AbstractProblemLoader Replaying proof wellformed3.key.proof 
19594      DEBUG main            d.u.i.k.p.i.IntermediateProofReplayer Proof replay took 5.65ms 
19595      DEBUG main            d.u.i.k.p.r.p.TestFile    ... success: reloaded. 
19597      INFO  main            d.u.i.k.p.r.p.TestFile    Now processing file /home/runner/work/key/key/key.core/../key.ui/examples/heap/polarity_tests/wellformed4.key 
19597      INFO  main            d.u.i.k.p.i.AbstractProblemLoader Loading environment from /home/runner/work/key/key/key.core/../key.ui/examples/heap/polarity_tests/wellformed4.key 
19597      DEBUG main            d.u.i.k.p.i.AbstractProblemLoader Environment load took 253.8ns 
19602      INFO  main            d.u.i.k.p.i.AbstractProblemLoader Creating init config 
22081      DEBUG main            d.u.i.k.p.i.AbstractProblemLoader Init config took 2.48s 
22101      INFO  main            d.u.i.k.p.i.AbstractProblemLoader Replaying proof wellformed4.key 
22103      DEBUG main            d.u.i.k.p.i.IntermediateProofReplayer Proof replay took 6.2ns 
22206      INFO  main            d.u.i.k.p.r.p.TestFile    ... finished proof: open goal(s) 
22335      INFO  main            d.u.i.k.p.r.p.TestFile    Now processing file /home/runner/work/key/key/key.core/../key.ui/examples/heap/polarity_tests/wellformed5.key 
22336      INFO  main            d.u.i.k.p.i.AbstractProblemLoader Loading environment from /home/runner/work/key/key/key.core/../key.ui/examples/heap/polarity_tests/wellformed5.key 
22336      DEBUG main            d.u.i.k.p.i.AbstractProblemLoader Environment load took 90ns 
22337      INFO  main            d.u.i.k.p.i.AbstractProblemLoader Creating init config 
24853      DEBUG main            d.u.i.k.p.i.AbstractProblemLoader Init config took 2.52s 
24873      INFO  main            d.u.i.k.p.i.AbstractProblemLoader Replaying proof wellformed5.key 
24874      DEBUG main            d.u.i.k.p.i.IntermediateProofReplayer Proof replay took 6.7ns 
24978      INFO  main            d.u.i.k.p.r.p.TestFile    ... finished proof: closed. 
25099      INFO  main            d.u.i.k.p.i.AbstractProblemLoader Loading environment from /home/runner/work/key/key/key.core/../key.ui/examples/heap/polarity_tests/wellformed5.key.proof 
25099      DEBUG main            d.u.i.k.p.i.AbstractProblemLoader Environment load took 127.2ns 
25101      INFO  main            d.u.i.k.p.i.AbstractProblemLoader Creating init config 
27514      DEBUG main            d.u.i.k.p.i.AbstractProblemLoader Init config took 2.41s 
27536      INFO  main            d.u.i.k.p.i.AbstractProblemLoader Replaying proof wellformed5.key.proof 
27539      DEBUG main            d.u.i.k.p.i.IntermediateProofReplayer Proof replay took 1.02ms 
27541      DEBUG main            d.u.i.k.p.r.p.TestFile    ... success: reloaded. 
27542      INFO  main            d.u.i.k.p.r.p.TestFile    Now processing file /home/runner/work/key/key/key.core/../key.ui/examples/heap/polarity_tests/wellformed6.key 
27542      INFO  main            d.u.i.k.p.i.AbstractProblemLoader Loading environment from /home/runner/work/key/key/key.core/../key.ui/examples/heap/polarity_tests/wellformed6.key 
27543      DEBUG main            d.u.i.k.p.i.AbstractProblemLoader Environment load took 324.5ns 
27545      INFO  main            d.u.i.k.p.i.AbstractProblemLoader Creating init config 
29976      DEBUG main            d.u.i.k.p.i.AbstractProblemLoader Init config took 2.43s 
29995      INFO  main            d.u.i.k.p.i.AbstractProblemLoader Replaying proof wellformed6.key 
29996      DEBUG main            d.u.i.k.p.i.IntermediateProofReplayer Proof replay took 6.1ns 
30100      INFO  main            d.u.i.k.p.r.p.TestFile    ... finished proof: open goal(s) 
30242      INFO  main            d.u.i.k.p.r.p.TestFile    Now processing file /home/runner/work/key/key/key.core/../key.ui/examples/heap/polarity_tests/wellformed7.key 
30242      INFO  main            d.u.i.k.p.i.AbstractProblemLoader Loading environment from /home/runner/work/key/key/key.core/../key.ui/examples/heap/polarity_tests/wellformed7.key 
30242      DEBUG main            d.u.i.k.p.i.AbstractProblemLoader Environment load took 69.7ns 
30243      INFO  main            d.u.i.k.p.i.AbstractProblemLoader Creating init config 
32665      DEBUG main            d.u.i.k.p.i.AbstractProblemLoader Init config took 2.42s 
32685      INFO  main            d.u.i.k.p.i.AbstractProblemLoader Replaying proof wellformed7.key 
32686      DEBUG main            d.u.i.k.p.i.IntermediateProofReplayer Proof replay took 7.3ns 
32788      INFO  main            d.u.i.k.p.r.p.TestFile    ... finished proof: closed. 
32921      INFO  main            d.u.i.k.p.i.AbstractProblemLoader Loading environment from /home/runner/work/key/key/key.core/../key.ui/examples/heap/polarity_tests/wellformed7.key.proof 
32921      DEBUG main            d.u.i.k.p.i.AbstractProblemLoader Environment load took 127.6ns 
32923      INFO  main            d.u.i.k.p.i.AbstractProblemLoader Creating init config 
35322      DEBUG main            d.u.i.k.p.i.AbstractProblemLoader Init config took 2.4s 
35341      INFO  main            d.u.i.k.p.i.AbstractProblemLoader Replaying proof wellformed7.key.proof 
35345      DEBUG main            d.u.i.k.p.i.IntermediateProofReplayer Proof replay took 1.62ms 
35346      DEBUG main            d.u.i.k.p.r.p.TestFile    ... success: reloaded. 
35348      INFO  main            d.u.i.k.p.r.p.TestFile    Now processing file /home/runner/work/key/key/key.core/../key.ui/examples/heap/polarity_tests/wellformed8.key 
35348      INFO  main            d.u.i.k.p.i.AbstractProblemLoader Loading environment from /home/runner/work/key/key/key.core/../key.ui/examples/heap/polarity_tests/wellformed8.key 
35348      DEBUG main            d.u.i.k.p.i.AbstractProblemLoader Environment load took 258.8ns 
35350      INFO  main            d.u.i.k.p.i.AbstractProblemLoader Creating init config 
37809      DEBUG main            d.u.i.k.p.i.AbstractProblemLoader Init config took 2.46s 
37828      INFO  main            d.u.i.k.p.i.AbstractProblemLoader Replaying proof wellformed8.key 
37829      DEBUG main            d.u.i.k.p.i.IntermediateProofReplayer Proof replay took 8ns 
37932      INFO  main            d.u.i.k.p.r.p.TestFile    ... finished proof: open goal(s) 
38096      INFO  main            d.u.i.k.p.r.p.TestFile    Now processing file /home/runner/work/key/key/key.core/../key.ui/examples/heap/polarity_tests/wellformed9.key 
38096      INFO  main            d.u.i.k.p.i.AbstractProblemLoader Loading environment from /home/runner/work/key/key/key.core/../key.ui/examples/heap/polarity_tests/wellformed9.key 
38096      DEBUG main            d.u.i.k.p.i.AbstractProblemLoader Environment load took 76ns 
38098      INFO  main            d.u.i.k.p.i.AbstractProblemLoader Creating init config 
40511      DEBUG main            d.u.i.k.p.i.AbstractProblemLoader Init config took 2.41s 
40529      INFO  main            d.u.i.k.p.i.AbstractProblemLoader Replaying proof wellformed9.key 
40531      DEBUG main            d.u.i.k.p.i.IntermediateProofReplayer Proof replay took 8.8ns 
40633      INFO  main            d.u.i.k.p.r.p.TestFile    ... finished proof: closed. 
40786      INFO  main            d.u.i.k.p.i.AbstractProblemLoader Loading environment from /home/runner/work/key/key/key.core/../key.ui/examples/heap/polarity_tests/wellformed9.key.proof 
40786      DEBUG main            d.u.i.k.p.i.AbstractProblemLoader Environment load took 123.5ns 
40787      INFO  main            d.u.i.k.p.i.AbstractProblemLoader Creating init config 
43174      DEBUG main            d.u.i.k.p.i.AbstractProblemLoader Init config took 2.39s 
43190      INFO  main            d.u.i.k.p.i.AbstractProblemLoader Replaying proof wellformed9.key.proof 
43193      DEBUG main            d.u.i.k.p.i.IntermediateProofReplayer Proof replay took 1.31ms 
43194      DEBUG main            d.u.i.k.p.r.p.TestFile    ... success: reloaded. 
43195      INFO  main            d.u.i.k.p.r.p.TestFile    Now processing file /home/runner/work/key/key/key.core/../key.ui/examples/heap/polarity_tests/wellformed10.key 
43196      INFO  main            d.u.i.k.p.i.AbstractProblemLoader Loading environment from /home/runner/work/key/key/key.core/../key.ui/examples/heap/polarity_tests/wellformed10.key 
43197      DEBUG main            d.u.i.k.p.i.AbstractProblemLoader Environment load took 286.9ns 
43198      INFO  main            d.u.i.k.p.i.AbstractProblemLoader Creating init config 
45615      DEBUG main            d.u.i.k.p.i.AbstractProblemLoader Init config took 2.42s 
45632      INFO  main            d.u.i.k.p.i.AbstractProblemLoader Replaying proof wellformed10.key 
45633      DEBUG main            d.u.i.k.p.i.IntermediateProofReplayer Proof replay took 7.3ns 
45741      INFO  main            d.u.i.k.p.r.p.TestFile    ... finished proof: open goal(s) 
45896      INFO  main            d.u.i.k.p.r.p.TestFile    Now processing file /home/runner/work/key/key/key.core/../key.ui/examples/heap/polarity_tests/wellformed11.key 
45897      INFO  main            d.u.i.k.p.i.AbstractProblemLoader Loading environment from /home/runner/work/key/key/key.core/../key.ui/examples/heap/polarity_tests/wellformed11.key 
45897      DEBUG main            d.u.i.k.p.i.AbstractProblemLoader Environment load took 83.2ns 
45898      INFO  main            d.u.i.k.p.i.AbstractProblemLoader Creating init config 
48281      DEBUG main            d.u.i.k.p.i.AbstractProblemLoader Init config took 2.38s 
48297      INFO  main            d.u.i.k.p.i.AbstractProblemLoader Replaying proof wellformed11.key 
48299      DEBUG main            d.u.i.k.p.i.IntermediateProofReplayer Proof replay took 7.5ns 
48405      INFO  main            d.u.i.k.p.r.p.TestFile    ... finished proof: open goal(s) 
491519     INFO  Test worker     d.u.i.k.p.r.p.StatisticsFile Returning from test applicationRestrictions 
491523     INFO  Test worker     d.u.i.k.p.r.p.StatisticsFile Running test blockContracts 
346        INFO  Timeout watchdog d.u.i.k.p.r.p.ForkedTestFileRunner Timeout watcher launched (2000 secs.) 
369        WARN  main            d.u.i.k.s.ProofSettings   The settings in /home/runner/.key/proof-settings.props are *not* read. 
407        INFO  main            d.u.i.k.p.r.p.TestFile    Now processing file /home/runner/work/key/key/key.core/../key.ui/examples/heap/block_contracts/Simple__add.key 
551        INFO  main            d.u.i.k.p.i.AbstractProblemLoader Loading environment from /home/runner/work/key/key/key.core/../key.ui/examples/heap/block_contracts/Simple__add.key 
586        DEBUG main            d.u.i.k.p.i.AbstractProblemLoader Environment load took 1.91ms 
817        INFO  main            d.u.i.k.p.i.AbstractProblemLoader Creating init config 
1760       DEBUG main            d.u.i.k.j.TypeConverter   No LDT found for Meta 
1761       DEBUG main            d.u.i.k.j.TypeConverter   No LDT found for Meta 
1764       DEBUG main            d.u.i.k.j.TypeConverter   No LDT found for Meta 
1764       DEBUG main            d.u.i.k.j.TypeConverter   No LDT found for Meta 
3137       DEBUG main            d.u.i.k.j.TypeConverter   No LDT found for JavaBigintExpression 
8898       DEBUG main            d.u.i.k.p.i.AbstractProblemLoader Init config took 8.08s 
9086       INFO  main            d.u.i.k.p.i.AbstractProblemLoader Replaying proof Simple[Simple::add(int,int)].JML operation contract.0 
9204       DEBUG main            d.u.i.k.p.i.IntermediateProofReplayer Proof replay took 442.61ns 
10033      INFO  main            d.u.i.k.p.r.p.TestFile    ... finished proof: closed. 
10154      INFO  main            d.u.i.k.p.i.AbstractProblemLoader Loading environment from /home/runner/work/key/key/key.core/../key.ui/examples/heap/block_contracts/Simple__add.key.proof 
10155      DEBUG main            d.u.i.k.p.i.AbstractProblemLoader Environment load took 705.91ns 
10157      INFO  main            d.u.i.k.p.i.AbstractProblemLoader Creating init config 
13613      DEBUG main            d.u.i.k.p.i.AbstractProblemLoader Init config took 3.46s 
13707      INFO  main            d.u.i.k.p.i.AbstractProblemLoader Replaying proof Simple[Simple::add(int,int)].JML operation contract.0 
13793      DEBUG main            d.u.i.k.p.i.IntermediateProofReplayer Proof replay took 81.11ms 
13801      DEBUG main            d.u.i.k.p.r.p.TestFile    ... success: reloaded. 
13805      INFO  main            d.u.i.k.p.r.p.TestFile    Now processing file /home/runner/work/key/key/key.core/../key.ui/examples/heap/block_contracts/Simple__addAbsoluteValues.key 
13806      INFO  main            d.u.i.k.p.i.AbstractProblemLoader Loading environment from /home/runner/work/key/key/key.core/../key.ui/examples/heap/block_contracts/Simple__addAbsoluteValues.key 
13806      DEBUG main            d.u.i.k.p.i.AbstractProblemLoader Environment load took 145.2ns 
13809      INFO  main            d.u.i.k.p.i.AbstractProblemLoader Creating init config 
17036      DEBUG main            d.u.i.k.p.i.AbstractProblemLoader Init config took 3.23s 
17098      INFO  main            d.u.i.k.p.i.AbstractProblemLoader Replaying proof Simple[Simple::addAbsoluteValues(int,int)].JML normal_behavior operation contract.0 
17101      DEBUG main            d.u.i.k.p.i.IntermediateProofReplayer Proof replay took 16.5ns 
18214      INFO  main            d.u.i.k.p.r.p.TestFile    ... finished proof: closed. 
18399      INFO  main            d.u.i.k.p.i.AbstractProblemLoader Loading environment from /home/runner/work/key/key/key.core/../key.ui/examples/heap/block_contracts/Simple__addAbsoluteValues.key.proof 
18401      DEBUG main            d.u.i.k.p.i.AbstractProblemLoader Environment load took 1.56ms 
18403      INFO  main            d.u.i.k.p.i.AbstractProblemLoader Creating init config 
21517      DEBUG main            d.u.i.k.p.i.AbstractProblemLoader Init config took 3.11s 
21570      INFO  main            d.u.i.k.p.i.AbstractProblemLoader Replaying proof Simple[Simple::addAbsoluteValues(int,int)].JML normal_behavior operation contract.0 
21744      DEBUG main            d.u.i.k.p.i.IntermediateProofReplayer Proof replay took 165.3ms 
21746      DEBUG main            d.u.i.k.p.r.p.TestFile    ... success: reloaded. 
21749      INFO  main            d.u.i.k.p.r.p.TestFile    Now processing file /home/runner/work/key/key/key.core/../key.ui/examples/heap/block_contracts/Simple__addWithJump.key 
21749      INFO  main            d.u.i.k.p.i.AbstractProblemLoader Loading environment from /home/runner/work/key/key/key.core/../key.ui/examples/heap/block_contracts/Simple__addWithJump.key 
21749      DEBUG main            d.u.i.k.p.i.AbstractProblemLoader Environment load took 266.6ns 
21751      INFO  main            d.u.i.k.p.i.AbstractProblemLoader Creating init config 
24948      DEBUG main            d.u.i.k.p.i.AbstractProblemLoader Init config took 3.2s 
24999      INFO  main            d.u.i.k.p.i.AbstractProblemLoader Replaying proof Simple[Simple::addWithJump(int,int,int)].JML operation contract.0 
25001      DEBUG main            d.u.i.k.p.i.IntermediateProofReplayer Proof replay took 24.5ns 
25208      INFO  main            d.u.i.k.p.r.p.TestFile    ... finished proof: closed. 
25391      INFO  main            d.u.i.k.p.i.AbstractProblemLoader Loading environment from /home/runner/work/key/key/key.core/../key.ui/examples/heap/block_contracts/Simple__addWithJump.key.proof 
25391      DEBUG main            d.u.i.k.p.i.AbstractProblemLoader Environment load took 142ns 
25392      INFO  main            d.u.i.k.p.i.AbstractProblemLoader Creating init config 
28437      DEBUG main            d.u.i.k.p.i.AbstractProblemLoader Init config took 3.05s 
28500      INFO  main            d.u.i.k.p.i.AbstractProblemLoader Replaying proof Simple[Simple::addWithJump(int,int,int)].JML operation contract.0 
28536      DEBUG main            d.u.i.k.p.i.IntermediateProofReplayer Proof replay took 33.9ms 
28538      DEBUG main            d.u.i.k.p.r.p.TestFile    ... success: reloaded. 
28539      INFO  main            d.u.i.k.p.r.p.TestFile    Now processing file /home/runner/work/key/key/key.core/../key.ui/examples/heap/block_contracts/Simple__addWithTwoBlockContracts.key 
28540      INFO  main            d.u.i.k.p.i.AbstractProblemLoader Loading environment from /home/runner/work/key/key/key.core/../key.ui/examples/heap/block_contracts/Simple__addWithTwoBlockContracts.key 
28540      DEBUG main            d.u.i.k.p.i.AbstractProblemLoader Environment load took 239.8ns 
28541      INFO  main            d.u.i.k.p.i.AbstractProblemLoader Creating init config 
31632      DEBUG main            d.u.i.k.p.i.AbstractProblemLoader Init config took 3.09s 
31682      INFO  main            d.u.i.k.p.i.AbstractProblemLoader Replaying proof Simple[Simple::addWithTwoBlockContracts(int,int,int)].JML operation contract.0 
31685      DEBUG main            d.u.i.k.p.i.IntermediateProofReplayer Proof replay took 38.6ns 
31888      INFO  main            d.u.i.k.p.r.p.TestFile    ... finished proof: closed. 
32085      INFO  main            d.u.i.k.p.i.AbstractProblemLoader Loading environment from /home/runner/work/key/key/key.core/../key.ui/examples/heap/block_contracts/Simple__addWithTwoBlockContracts.key.proof 
32085      DEBUG main            d.u.i.k.p.i.AbstractProblemLoader Environment load took 140.1ns 
32087      INFO  main            d.u.i.k.p.i.AbstractProblemLoader Creating init config 
35153      DEBUG main            d.u.i.k.p.i.AbstractProblemLoader Init config took 3.07s 
35198      INFO  main            d.u.i.k.p.i.AbstractProblemLoader Replaying proof Simple[Simple::addWithTwoBlockContracts(int,int,int)].JML operation contract.0 
35247      DEBUG main            d.u.i.k.p.i.IntermediateProofReplayer Proof replay took 45.44ms 
35248      DEBUG main            d.u.i.k.p.r.p.TestFile    ... success: reloaded. 
35249      INFO  main            d.u.i.k.p.r.p.TestFile    Now processing file /home/runner/work/key/key/key.core/../key.ui/examples/heap/block_contracts/Simple__generateByteArray.key 
35250      INFO  main            d.u.i.k.p.i.AbstractProblemLoader Loading environment from /home/runner/work/key/key/key.core/../key.ui/examples/heap/block_contracts/Simple__generateByteArray.key 
35250      DEBUG main            d.u.i.k.p.i.AbstractProblemLoader Environment load took 253.8ns 
35251      INFO  main            d.u.i.k.p.i.AbstractProblemLoader Creating init config 
38307      DEBUG main            d.u.i.k.p.i.AbstractProblemLoader Init config took 3.06s 
38353      INFO  main            d.u.i.k.p.i.AbstractProblemLoader Replaying proof Simple[Simple::generateByteArray()].JML normal_behavior operation contract.0 
38356      DEBUG main            d.u.i.k.p.i.IntermediateProofReplayer Proof replay took 13.1ns 
40103      INFO  main            d.u.i.k.p.r.p.TestFile    ... finished proof: closed. 
40352      INFO  main            d.u.i.k.p.i.AbstractProblemLoader Loading environment from /home/runner/work/key/key/key.core/../key.ui/examples/heap/block_contracts/Simple__generateByteArray.key.proof 
40354      DEBUG main            d.u.i.k.p.i.AbstractProblemLoader Environment load took 1.67ms 
40355      INFO  main            d.u.i.k.p.i.AbstractProblemLoader Creating init config 
43385      DEBUG main            d.u.i.k.p.i.AbstractProblemLoader Init config took 3.03s 
43431      INFO  main            d.u.i.k.p.i.AbstractProblemLoader Replaying proof Simple[Simple::generateByteArray()].JML normal_behavior operation contract.0 
43635      DEBUG main            d.u.i.k.p.i.IntermediateProofReplayer Proof replay took 190.32ms 
43636      DEBUG main            d.u.i.k.p.r.p.TestFile    ... success: reloaded. 
43638      INFO  main            d.u.i.k.p.r.p.TestFile    Now processing file /home/runner/work/key/key/key.core/../key.ui/examples/heap/block_contracts/Simple__getLength.key 
43638      INFO  main            d.u.i.k.p.i.AbstractProblemLoader Loading environment from /home/runner/work/key/key/key.core/../key.ui/examples/heap/block_contracts/Simple__getLength.key 
43638      DEBUG main            d.u.i.k.p.i.AbstractProblemLoader Environment load took 114.1ns 
43639      INFO  main            d.u.i.k.p.i.AbstractProblemLoader Creating init config 
46640      DEBUG main            d.u.i.k.p.i.AbstractProblemLoader Init config took 3s 
46684      INFO  main            d.u.i.k.p.i.AbstractProblemLoader Replaying proof Simple[Simple::getLength()].JML normal_behavior operation contract.0 
46687      DEBUG main            d.u.i.k.p.i.IntermediateProofReplayer Proof replay took 13.2ns 
46789      INFO  main            d.u.i.k.p.r.p.TestFile    ... finished proof: closed. 
46996      INFO  main            d.u.i.k.p.i.AbstractProblemLoader Loading environment from /home/runner/work/key/key/key.core/../key.ui/examples/heap/block_contracts/Simple__getLength.key.proof 
46996      DEBUG main            d.u.i.k.p.i.AbstractProblemLoader Environment load took 134.8ns 
46997      INFO  main            d.u.i.k.p.i.AbstractProblemLoader Creating init config 
49993      DEBUG main            d.u.i.k.p.i.AbstractProblemLoader Init config took 3s 
50037      INFO  main            d.u.i.k.p.i.AbstractProblemLoader Replaying proof Simple[Simple::getLength()].JML normal_behavior operation contract.0 
50046      DEBUG main            d.u.i.k.p.i.IntermediateProofReplayer Proof replay took 6.66ms 
50048      DEBUG main            d.u.i.k.p.r.p.TestFile    ... success: reloaded. 
50049      INFO  main            d.u.i.k.p.r.p.TestFile    Now processing file /home/runner/work/key/key/key.core/../key.ui/examples/heap/block_contracts/Simple__square.key 
50049      INFO  main            d.u.i.k.p.i.AbstractProblemLoader Loading environment from /home/runner/work/key/key/key.core/../key.ui/examples/heap/block_contracts/Simple__square.key 
50050      DEBUG main            d.u.i.k.p.i.AbstractProblemLoader Environment load took 244.4ns 
50051      INFO  main            d.u.i.k.p.i.AbstractProblemLoader Creating init config 
52989      DEBUG main            d.u.i.k.p.i.AbstractProblemLoader Init config took 2.94s 
53031      INFO  main            d.u.i.k.p.i.AbstractProblemLoader Replaying proof Simple[Simple::square(int)].JML operation contract.0 
53033      DEBUG main            d.u.i.k.p.i.IntermediateProofReplayer Proof replay took 12.8ns 
53436      INFO  main            d.u.i.k.p.r.p.TestFile    ... finished proof: closed. 
53614      INFO  main            d.u.i.k.p.i.AbstractProblemLoader Loading environment from /home/runner/work/key/key/key.core/../key.ui/examples/heap/block_contracts/Simple__square.key.proof 
53614      DEBUG main            d.u.i.k.p.i.AbstractProblemLoader Environment load took 540.31ns 
53616      INFO  main            d.u.i.k.p.i.AbstractProblemLoader Creating init config 
56554      DEBUG main            d.u.i.k.p.i.AbstractProblemLoader Init config took 2.94s 
56595      INFO  main            d.u.i.k.p.i.AbstractProblemLoader Replaying proof Simple[Simple::square(int)].JML operation contract.0 
56671      DEBUG main            d.u.i.k.p.i.IntermediateProofReplayer Proof replay took 72.83ms 
56672      DEBUG main            d.u.i.k.p.r.p.TestFile    ... success: reloaded. 
56674      INFO  main            d.u.i.k.p.r.p.TestFile    Now processing file /home/runner/work/key/key/key.core/../key.ui/examples/heap/block_contracts/Simple__unnecessaryBlockContract.key 
56675      INFO  main            d.u.i.k.p.i.AbstractProblemLoader Loading environment from /home/runner/work/key/key/key.core/../key.ui/examples/heap/block_contracts/Simple__unnecessaryBlockContract.key 
56675      DEBUG main            d.u.i.k.p.i.AbstractProblemLoader Environment load took 261.2ns 
56676      INFO  main            d.u.i.k.p.i.AbstractProblemLoader Creating init config 
59670      DEBUG main            d.u.i.k.p.i.AbstractProblemLoader Init config took 2.99s 
59716      INFO  main            d.u.i.k.p.i.AbstractProblemLoader Replaying proof Simple[Simple::unnecessaryBlockContract()].JML operation contract.0 
59718      DEBUG main            d.u.i.k.p.i.IntermediateProofReplayer Proof replay took 16.2ns 
59823      INFO  main            d.u.i.k.p.r.p.TestFile    ... finished proof: closed. 
60033      INFO  main            d.u.i.k.p.i.AbstractProblemLoader Loading environment from /home/runner/work/key/key/key.core/../key.ui/examples/heap/block_contracts/Simple__unnecessaryBlockContract.key.proof 
60034      DEBUG main            d.u.i.k.p.i.AbstractProblemLoader Environment load took 811.41ns 
60035      INFO  main            d.u.i.k.p.i.AbstractProblemLoader Creating init config 
63012      DEBUG main            d.u.i.k.p.i.AbstractProblemLoader Init config took 2.98s 
63053      INFO  main            d.u.i.k.p.i.AbstractProblemLoader Replaying proof Simple[Simple::unnecessaryBlockContract()].JML operation contract.0 
63073      DEBUG main            d.u.i.k.p.i.IntermediateProofReplayer Proof replay took 17.97ms 
63074      DEBUG main            d.u.i.k.p.r.p.TestFile    ... success: reloaded. 
63075      INFO  main            d.u.i.k.p.r.p.TestFile    Now processing file /home/runner/work/key/key/key.core/../key.ui/examples/heap/block_contracts/Simple__unnecessaryLoopInvariant.key 
63075      INFO  main            d.u.i.k.p.i.AbstractProblemLoader Loading environment from /home/runner/work/key/key/key.core/../key.ui/examples/heap/block_contracts/Simple__unnecessaryLoopInvariant.key 
63075      DEBUG main            d.u.i.k.p.i.AbstractProblemLoader Environment load took 109.3ns 
63076      INFO  main            d.u.i.k.p.i.AbstractProblemLoader Creating init config 
66044      DEBUG main            d.u.i.k.p.i.AbstractProblemLoader Init config took 2.97s 
66084      INFO  main            d.u.i.k.p.i.AbstractProblemLoader Replaying proof Simple[Simple::unnecessaryLoopInvariant()].JML operation contract.0 
66086      DEBUG main            d.u.i.k.p.i.IntermediateProofReplayer Proof replay took 13.9ns 
66191      INFO  main            d.u.i.k.p.r.p.TestFile    ... finished proof: closed. 
66395      INFO  main            d.u.i.k.p.i.AbstractProblemLoader Loading environment from /home/runner/work/key/key/key.core/../key.ui/examples/heap/block_contracts/Simple__unnecessaryLoopInvariant.key.proof 
66396      DEBUG main            d.u.i.k.p.i.AbstractProblemLoader Environment load took 162.5ns 
66397      INFO  main            d.u.i.k.p.i.AbstractProblemLoader Creating init config 
69347      DEBUG main            d.u.i.k.p.i.AbstractProblemLoader Init config took 2.95s 
69399      INFO  main            d.u.i.k.p.i.AbstractProblemLoader Replaying proof Simple[Simple::unnecessaryLoopInvariant()].JML operation contract.0 
69410      DEBUG main            d.u.i.k.p.i.IntermediateProofReplayer Proof replay took 9.44ms 
69411      DEBUG main            d.u.i.k.p.r.p.TestFile    ... success: reloaded. 
69412      INFO  main            d.u.i.k.p.r.p.TestFile    Now processing file /home/runner/work/key/key/key.core/../key.ui/examples/standard_key/java_dl/jml-assert/assert.key 
69413      INFO  main            d.u.i.k.p.i.AbstractProblemLoader Loading environment from /home/runner/work/key/key/key.core/../key.ui/examples/standard_key/java_dl/jml-assert/assert.key 
69413      DEBUG main            d.u.i.k.p.i.AbstractProblemLoader Environment load took 109.6ns 
69414      INFO  main            d.u.i.k.p.i.AbstractProblemLoader Creating init config 
72071      DEBUG main            d.u.i.k.p.i.AbstractProblemLoader Init config took 2.66s 
72113      INFO  main            d.u.i.k.p.i.AbstractProblemLoader Replaying proof Assert[Assert::createArray(int)].JML normal_behavior operation contract.0 
72115      DEBUG main            d.u.i.k.p.i.IntermediateProofReplayer Proof replay took 7.9ns 
72319      INFO  main            d.u.i.k.p.r.p.TestFile    ... finished proof: closed. 
72530      INFO  main            d.u.i.k.p.i.AbstractProblemLoader Loading environment from /home/runner/work/key/key/key.core/../key.ui/examples/standard_key/java_dl/jml-assert/assert.key.proof 
72531      DEBUG main            d.u.i.k.p.i.AbstractProblemLoader Environment load took 134.3ns 
72532      INFO  main            d.u.i.k.p.i.AbstractProblemLoader Creating init config 
75152      DEBUG main            d.u.i.k.p.i.AbstractProblemLoader Init config took 2.62s 
75200      INFO  main            d.u.i.k.p.i.AbstractProblemLoader Replaying proof Assert[Assert::createArray(int)].JML normal_behavior operation contract.0 
75241      DEBUG main            d.u.i.k.p.i.IntermediateProofReplayer Proof replay took 37.67ms 
75242      DEBUG main            d.u.i.k.p.r.p.TestFile    ... success: reloaded. 
75244      INFO  main            d.u.i.k.p.r.p.TestFile    Now processing file /home/runner/work/key/key/key.core/../key.ui/examples/standard_key/java_dl/jml-assert/assert_assume_order.key 
75244      INFO  main            d.u.i.k.p.i.AbstractProblemLoader Loading environment from /home/runner/work/key/key/key.core/../key.ui/examples/standard_key/java_dl/jml-assert/assert_assume_order.key 
75244      DEBUG main            d.u.i.k.p.i.AbstractProblemLoader Environment load took 230.9ns 
75245      INFO  main            d.u.i.k.p.i.AbstractProblemLoader Creating init config 
77879      DEBUG main            d.u.i.k.p.i.AbstractProblemLoader Init config took 2.63s 
77918      INFO  main            d.u.i.k.p.i.AbstractProblemLoader Replaying proof AssertAssume[AssertAssume::singleAssumeAssert(int)].JML normal_behavior operation contract.0 
77920      DEBUG main            d.u.i.k.p.i.IntermediateProofReplayer Proof replay took 9.1ns 
78028      INFO  main            d.u.i.k.p.r.p.TestFile    ... finished proof: closed. 
78226      INFO  main            d.u.i.k.p.i.AbstractProblemLoader Loading environment from /home/runner/work/key/key/key.core/../key.ui/examples/standard_key/java_dl/jml-assert/assert_assume_order.key.proof 
78227      DEBUG main            d.u.i.k.p.i.AbstractProblemLoader Environment load took 149.8ns 
78228      INFO  main            d.u.i.k.p.i.AbstractProblemLoader Creating init config 
80811      DEBUG main            d.u.i.k.p.i.AbstractProblemLoader Init config took 2.58s 
80847      INFO  main            d.u.i.k.p.i.AbstractProblemLoader Replaying proof AssertAssume[AssertAssume::singleAssumeAssert(int)].JML normal_behavior operation contract.0 
80856      DEBUG main            d.u.i.k.p.i.IntermediateProofReplayer Proof replay took 7.12ms 
80857      DEBUG main            d.u.i.k.p.r.p.TestFile    ... success: reloaded. 
80858      INFO  main            d.u.i.k.p.r.p.TestFile    Now processing file /home/runner/work/key/key/key.core/../key.ui/examples/heap/block_loop_contracts/SimpleVariants/sum_onBlock_external.key 
80859      INFO  main            d.u.i.k.p.i.AbstractProblemLoader Loading environment from /home/runner/work/key/key/key.core/../key.ui/examples/heap/block_loop_contracts/SimpleVariants/sum_onBlock_external.key 
80859      DEBUG main            d.u.i.k.p.i.AbstractProblemLoader Environment load took 125.8ns 
80860      INFO  main            d.u.i.k.p.i.AbstractProblemLoader Creating init config 
83712      DEBUG main            d.u.i.k.p.i.AbstractProblemLoader Init config took 2.85s 
83749      INFO  main            d.u.i.k.p.i.AbstractProblemLoader Replaying proof LoopContractExamplesAll[LoopContractExamplesAll::sum_loopContract_onBlock([I)].JML normal_behavior operation contract.0 
83752      DEBUG main            d.u.i.k.p.i.IntermediateProofReplayer Proof replay took 12.7ns 
83855      INFO  main            d.u.i.k.p.r.p.TestFile    ... finished proof: closed. 
84086      INFO  main            d.u.i.k.p.i.AbstractProblemLoader Loading environment from /home/runner/work/key/key/key.core/../key.ui/examples/heap/block_loop_contracts/SimpleVariants/sum_onBlock_external.key.proof 
84086      DEBUG main            d.u.i.k.p.i.AbstractProblemLoader Environment load took 134.2ns 
84087      INFO  main            d.u.i.k.p.i.AbstractProblemLoader Creating init config 
86840      DEBUG main            d.u.i.k.p.i.AbstractProblemLoader Init config took 2.75s 
86877      INFO  main            d.u.i.k.p.i.AbstractProblemLoader Replaying proof LoopContractExamplesAll[LoopContractExamplesAll::sum_loopContract_onBlock([I)].JML normal_behavior operation contract.0 
86908      DEBUG main            d.u.i.k.p.i.IntermediateProofReplayer Proof replay took 28.05ms 
86909      DEBUG main            d.u.i.k.p.r.p.TestFile    ... success: reloaded. 
86910      INFO  main            d.u.i.k.p.r.p.TestFile    Now processing file /home/runner/work/key/key/key.core/../key.ui/examples/heap/block_loop_contracts/SimpleVariants/sum_onBlock_internal.key 
86910      INFO  main            d.u.i.k.p.i.AbstractProblemLoader Loading environment from /home/runner/work/key/key/key.core/../key.ui/examples/heap/block_loop_contracts/SimpleVariants/sum_onBlock_internal.key 
86910      DEBUG main            d.u.i.k.p.i.AbstractProblemLoader Environment load took 148.3ns 
86911      INFO  main            d.u.i.k.p.i.AbstractProblemLoader Creating init config 
89759      DEBUG main            d.u.i.k.p.i.AbstractProblemLoader Init config took 2.85s 
89798      INFO  main            d.u.i.k.p.i.AbstractProblemLoader Replaying proof LoopContractExamplesAll[LoopContractExamplesAll::sum_loopContract_onBlock([I)].JML normal_behavior operation contract.0 
89807      DEBUG main            d.u.i.k.p.i.IntermediateProofReplayer Proof replay took 14ns 
90412      INFO  main            d.u.i.k.p.r.p.TestFile    ... finished proof: closed. 
90660      INFO  main            d.u.i.k.p.i.AbstractProblemLoader Loading environment from /home/runner/work/key/key/key.core/../key.ui/examples/heap/block_loop_contracts/SimpleVariants/sum_onBlock_internal.key.proof 
90660      DEBUG main            d.u.i.k.p.i.AbstractProblemLoader Environment load took 137.3ns 
90661      INFO  main            d.u.i.k.p.i.AbstractProblemLoader Creating init config 
93408      DEBUG main            d.u.i.k.p.i.AbstractProblemLoader Init config took 2.75s 
93447      INFO  main            d.u.i.k.p.i.AbstractProblemLoader Replaying proof LoopContractExamplesAll[LoopContractExamplesAll::sum_loopContract_onBlock([I)].JML normal_behavior operation contract.0 
93655      DEBUG main            d.u.i.k.p.i.IntermediateProofReplayer Proof replay took 203.46ms 
93656      DEBUG main            d.u.i.k.p.r.p.TestFile    ... success: reloaded. 
93657      INFO  main            d.u.i.k.p.r.p.TestFile    Now processing file /home/runner/work/key/key/key.core/../key.ui/examples/heap/block_loop_contracts/SimpleVariants/sum_onBlock_loop.key 
93657      INFO  main            d.u.i.k.p.i.AbstractProblemLoader Loading environment from /home/runner/work/key/key/key.core/../key.ui/examples/heap/block_loop_contracts/SimpleVariants/sum_onBlock_loop.key 
93657      DEBUG main            d.u.i.k.p.i.AbstractProblemLoader Environment load took 111.4ns 
93658      INFO  main            d.u.i.k.p.i.AbstractProblemLoader Creating init config 
96460      DEBUG main            d.u.i.k.p.i.AbstractProblemLoader Init config took 2.8s 
96500      INFO  main            d.u.i.k.p.i.AbstractProblemLoader Replaying proof LoopContractExamplesAll[LoopContractExamplesAll::sum_loopContract_onBlock([I)].JML normal_behavior loop contract.0 
96502      DEBUG main            d.u.i.k.p.i.IntermediateProofReplayer Proof replay took 13.6ns 
97208      INFO  main            d.u.i.k.p.r.p.TestFile    ... finished proof: closed. 
97490      INFO  main            d.u.i.k.p.i.AbstractProblemLoader Loading environment from /home/runner/work/key/key/key.core/../key.ui/examples/heap/block_loop_contracts/SimpleVariants/sum_onBlock_loop.key.proof 
97491      DEBUG main            d.u.i.k.p.i.AbstractProblemLoader Environment load took 500.61ns 
97492      INFO  main            d.u.i.k.p.i.AbstractProblemLoader Creating init config 
100186     DEBUG main            d.u.i.k.p.i.AbstractProblemLoader Init config took 2.69s 
100223     INFO  main            d.u.i.k.p.i.AbstractProblemLoader Replaying proof LoopContractExamplesAll[LoopContractExamplesAll::sum_loopContract_onBlock([I)].JML normal_behavior loop contract.0 
100418     DEBUG main            d.u.i.k.p.i.IntermediateProofReplayer Proof replay took 189.54ms 
100419     DEBUG main            d.u.i.k.p.r.p.TestFile    ... success: reloaded. 
100420     INFO  main            d.u.i.k.p.r.p.TestFile    Now processing file /home/runner/work/key/key/key.core/../key.ui/examples/heap/block_loop_contracts/SimpleVariants/sum_onLoop_external.key 
100420     INFO  main            d.u.i.k.p.i.AbstractProblemLoader Loading environment from /home/runner/work/key/key/key.core/../key.ui/examples/heap/block_loop_contracts/SimpleVariants/sum_onLoop_external.key 
100421     DEBUG main            d.u.i.k.p.i.AbstractProblemLoader Environment load took 240.7ns 
100422     INFO  main            d.u.i.k.p.i.AbstractProblemLoader Creating init config 
103212     DEBUG main            d.u.i.k.p.i.AbstractProblemLoader Init config took 2.79s 
103247     INFO  main            d.u.i.k.p.i.AbstractProblemLoader Replaying proof LoopContractExamplesAll[LoopContractExamplesAll::sum_loopContract_onLoop([I)].JML normal_behavior operation contract.0 
103249     DEBUG main            d.u.i.k.p.i.IntermediateProofReplayer Proof replay took 31.4ns 
103354     INFO  main            d.u.i.k.p.r.p.TestFile    ... finished proof: closed. 
103640     INFO  main            d.u.i.k.p.i.AbstractProblemLoader Loading environment from /home/runner/work/key/key/key.core/../key.ui/examples/heap/block_loop_contracts/SimpleVariants/sum_onLoop_external.key.proof 
103640     DEBUG main            d.u.i.k.p.i.AbstractProblemLoader Environment load took 123.9ns 
103641     INFO  main            d.u.i.k.p.i.AbstractProblemLoader Creating init config 
106361     DEBUG main            d.u.i.k.p.i.AbstractProblemLoader Init config took 2.72s 
106395     INFO  main            d.u.i.k.p.i.AbstractProblemLoader Replaying proof LoopContractExamplesAll[LoopContractExamplesAll::sum_loopContract_onLoop([I)].JML normal_behavior operation contract.0 
106421     DEBUG main            d.u.i.k.p.i.IntermediateProofReplayer Proof replay took 23.54ms 
106422     DEBUG main            d.u.i.k.p.r.p.TestFile    ... success: reloaded. 
106423     INFO  main            d.u.i.k.p.r.p.TestFile    Now processing file /home/runner/work/key/key/key.core/../key.ui/examples/heap/block_loop_contracts/SimpleVariants/sum_onLoop_internal.key 
106423     INFO  main            d.u.i.k.p.i.AbstractProblemLoader Loading environment from /home/runner/work/key/key/key.core/../key.ui/examples/heap/block_loop_contracts/SimpleVariants/sum_onLoop_internal.key 
106423     DEBUG main            d.u.i.k.p.i.AbstractProblemLoader Environment load took 111.8ns 
106424     INFO  main            d.u.i.k.p.i.AbstractProblemLoader Creating init config 
109283     DEBUG main            d.u.i.k.p.i.AbstractProblemLoader Init config took 2.86s 
109318     INFO  main            d.u.i.k.p.i.AbstractProblemLoader Replaying proof LoopContractExamplesAll[LoopContractExamplesAll::sum_loopContract_onLoop([I)].JML normal_behavior operation contract.0 
109320     DEBUG main            d.u.i.k.p.i.IntermediateProofReplayer Proof replay took 14.9ns 
109923     INFO  main            d.u.i.k.p.r.p.TestFile    ... finished proof: closed. 
110197     INFO  main            d.u.i.k.p.i.AbstractProblemLoader Loading environment from /home/runner/work/key/key/key.core/../key.ui/examples/heap/block_loop_contracts/SimpleVariants/sum_onLoop_internal.key.proof 
110198     DEBUG main            d.u.i.k.p.i.AbstractProblemLoader Environment load took 128.9ns 
110199     INFO  main            d.u.i.k.p.i.AbstractProblemLoader Creating init config 
112891     DEBUG main            d.u.i.k.p.i.AbstractProblemLoader Init config took 2.69s 
112926     INFO  main            d.u.i.k.p.i.AbstractProblemLoader Replaying proof LoopContractExamplesAll[LoopContractExamplesAll::sum_loopContract_onLoop([I)].JML normal_behavior operation contract.0 
113100     DEBUG main            d.u.i.k.p.i.IntermediateProofReplayer Proof replay took 169.53ms 
113100     DEBUG main            d.u.i.k.p.r.p.TestFile    ... success: reloaded. 
113101     INFO  main            d.u.i.k.p.r.p.TestFile    Now processing file /home/runner/work/key/key/key.core/../key.ui/examples/heap/block_loop_contracts/SimpleVariants/sum_onLoop_loop.key 
113102     INFO  main            d.u.i.k.p.i.AbstractProblemLoader Loading environment from /home/runner/work/key/key/key.core/../key.ui/examples/heap/block_loop_contracts/SimpleVariants/sum_onLoop_loop.key 
113102     DEBUG main            d.u.i.k.p.i.AbstractProblemLoader Environment load took 95.9ns 
113103     INFO  main            d.u.i.k.p.i.AbstractProblemLoader Creating init config 
115883     DEBUG main            d.u.i.k.p.i.AbstractProblemLoader Init config took 2.78s 
115925     INFO  main            d.u.i.k.p.i.AbstractProblemLoader Replaying proof LoopContractExamplesAll[LoopContractExamplesAll::sum_loopContract_onLoop([I)].JML normal_behavior loop contract.0 
115927     DEBUG main            d.u.i.k.p.i.IntermediateProofReplayer Proof replay took 12.4ns 
116631     INFO  main            d.u.i.k.p.r.p.TestFile    ... finished proof: closed. 
116914     INFO  main            d.u.i.k.p.i.AbstractProblemLoader Loading environment from /home/runner/work/key/key/key.core/../key.ui/examples/heap/block_loop_contracts/SimpleVariants/sum_onLoop_loop.key.proof 
116918     DEBUG main            d.u.i.k.p.i.AbstractProblemLoader Environment load took 3.91ms 
116919     INFO  main            d.u.i.k.p.i.AbstractProblemLoader Creating init config 
119619     DEBUG main            d.u.i.k.p.i.AbstractProblemLoader Init config took 2.7s 
119670     INFO  main            d.u.i.k.p.i.AbstractProblemLoader Replaying proof LoopContractExamplesAll[LoopContractExamplesAll::sum_loopContract_onLoop([I)].JML normal_behavior loop contract.0 
119846     DEBUG main            d.u.i.k.p.i.IntermediateProofReplayer Proof replay took 170.91ms 
119847     DEBUG main            d.u.i.k.p.r.p.TestFile    ... success: reloaded. 
119848     INFO  main            d.u.i.k.p.r.p.TestFile    Now processing file /home/runner/work/key/key/key.core/../key.ui/examples/heap/block_loop_contracts/Free/blockContracts0.key 
119848     INFO  main            d.u.i.k.p.i.AbstractProblemLoader Loading environment from /home/runner/work/key/key/key.core/../key.ui/examples/heap/block_loop_contracts/Free/blockContracts0.key 
119849     DEBUG main            d.u.i.k.p.i.AbstractProblemLoader Environment load took 192.8ns 
119850     INFO  main            d.u.i.k.p.i.AbstractProblemLoader Creating init config 
122292     DEBUG main            d.u.i.k.p.i.AbstractProblemLoader Init config took 2.44s 
122326     INFO  main            d.u.i.k.p.i.AbstractProblemLoader Replaying proof FreeConditions[FreeConditions::blockContract0()].JML normal_behavior operation contract.0 
122327     DEBUG main            d.u.i.k.p.i.IntermediateProofReplayer Proof replay took 26ns 
122429     INFO  main            d.u.i.k.p.r.p.TestFile    ... finished proof: closed. 
122709     INFO  main            d.u.i.k.p.i.AbstractProblemLoader Loading environment from /home/runner/work/key/key/key.core/../key.ui/examples/heap/block_loop_contracts/Free/blockContracts0.key.proof 
122710     DEBUG main            d.u.i.k.p.i.AbstractProblemLoader Environment load took 127.8ns 
122711     INFO  main            d.u.i.k.p.i.AbstractProblemLoader Creating init config 
125089     DEBUG main            d.u.i.k.p.i.AbstractProblemLoader Init config took 2.38s 
125124     INFO  main            d.u.i.k.p.i.AbstractProblemLoader Replaying proof FreeConditions[FreeConditions::blockContract0()].JML normal_behavior operation contract.0 
125142     DEBUG main            d.u.i.k.p.i.IntermediateProofReplayer Proof replay took 16.1ms 
125143     DEBUG main            d.u.i.k.p.r.p.TestFile    ... success: reloaded. 
125144     INFO  main            d.u.i.k.p.r.p.TestFile    Now processing file /home/runner/work/key/key/key.core/../key.ui/examples/heap/block_loop_contracts/Free/blockContracts1.key 
125144     INFO  main            d.u.i.k.p.i.AbstractProblemLoader Loading environment from /home/runner/work/key/key/key.core/../key.ui/examples/heap/block_loop_contracts/Free/blockContracts1.key 
125144     DEBUG main            d.u.i.k.p.i.AbstractProblemLoader Environment load took 99.1ns 
125145     INFO  main            d.u.i.k.p.i.AbstractProblemLoader Creating init config 
127529     DEBUG main            d.u.i.k.p.i.AbstractProblemLoader Init config took 2.38s 
127562     INFO  main            d.u.i.k.p.i.AbstractProblemLoader Replaying proof FreeConditions[FreeConditions::blockContract1()].JML normal_behavior operation contract.0 
127564     DEBUG main            d.u.i.k.p.i.IntermediateProofReplayer Proof replay took 12.8ns 
127667     INFO  main            d.u.i.k.p.r.p.TestFile    ... finished proof: closed. 
127926     INFO  main            d.u.i.k.p.i.AbstractProblemLoader Loading environment from /home/runner/work/key/key/key.core/../key.ui/examples/heap/block_loop_contracts/Free/blockContracts1.key.proof 
127926     DEBUG main            d.u.i.k.p.i.AbstractProblemLoader Environment load took 112.7ns 
127927     INFO  main            d.u.i.k.p.i.AbstractProblemLoader Creating init config 
130301     DEBUG main            d.u.i.k.p.i.AbstractProblemLoader Init config took 2.37s 
130335     INFO  main            d.u.i.k.p.i.AbstractProblemLoader Replaying proof FreeConditions[FreeConditions::blockContract1()].JML normal_behavior operation contract.0 
130354     DEBUG main            d.u.i.k.p.i.IntermediateProofReplayer Proof replay took 14.27ms 
130355     DEBUG main            d.u.i.k.p.r.p.TestFile    ... success: reloaded. 
130356     INFO  main            d.u.i.k.p.r.p.TestFile    Now processing file /home/runner/work/key/key/key.core/../key.ui/examples/heap/block_loop_contracts/Finally/block_finally.key 
130356     INFO  main            d.u.i.k.p.i.AbstractProblemLoader Loading environment from /home/runner/work/key/key/key.core/../key.ui/examples/heap/block_loop_contracts/Finally/block_finally.key 
130356     DEBUG main            d.u.i.k.p.i.AbstractProblemLoader Environment load took 64.8ns 
130357     INFO  main            d.u.i.k.p.i.AbstractProblemLoader Creating init config 
132807     DEBUG main            d.u.i.k.p.i.AbstractProblemLoader Init config took 2.45s 
132843     INFO  main            d.u.i.k.p.i.AbstractProblemLoader Replaying proof AuxiliaryContractsFinally[AuxiliaryContractsFinally::breakThrowContinueBlockContract(java.lang.Exception)].JML block contract.0 
132844     DEBUG main            d.u.i.k.p.i.IntermediateProofReplayer Proof replay took 13.2ns 
133351     INFO  main            d.u.i.k.p.r.p.TestFile    ... finished proof: open goal(s) 
133644     INFO  main            d.u.i.k.p.r.p.TestFile    Now processing file /home/runner/work/key/key/key.core/../key.ui/examples/heap/block_loop_contracts/Finally/loop_finally.key 
133644     INFO  main            d.u.i.k.p.i.AbstractProblemLoader Loading environment from /home/runner/work/key/key/key.core/../key.ui/examples/heap/block_loop_contracts/Finally/loop_finally.key 
133644     DEBUG main            d.u.i.k.p.i.AbstractProblemLoader Environment load took 71.1ns 
133646     INFO  main            d.u.i.k.p.i.AbstractProblemLoader Creating init config 
136021     DEBUG main            d.u.i.k.p.i.AbstractProblemLoader Init config took 2.37s 
136058     INFO  main            d.u.i.k.p.i.AbstractProblemLoader Replaying proof AuxiliaryContractsFinally[AuxiliaryContractsFinally::breakThrowContinueLoopContract(java.lang.Exception)].JML normal_behavior loop contract.0 
136060     DEBUG main            d.u.i.k.p.i.IntermediateProofReplayer Proof replay took 12.1ns 
136684     INFO  main            d.u.i.k.p.r.p.TestFile    ... finished proof: open goal(s) 
628680     INFO  Test worker     d.u.i.k.p.r.p.StatisticsFile Returning from test blockContracts 
628686     INFO  Test worker     d.u.i.k.p.r.p.StatisticsFile Running test jmlAsserts 
351        INFO  Timeout watchdog d.u.i.k.p.r.p.ForkedTestFileRunner Timeout watcher launched (2000 secs.) 
361        WARN  main            d.u.i.k.s.ProofSettings   The settings in /home/runner/.key/proof-settings.props are *not* read. 
396        INFO  main            d.u.i.k.p.r.p.TestFile    Now processing file /home/runner/work/key/key/key.core/../key.ui/examples/standard_key/java_dl/jml-assert/assert.key 
499        INFO  main            d.u.i.k.p.i.AbstractProblemLoader Loading environment from /home/runner/work/key/key/key.core/../key.ui/examples/standard_key/java_dl/jml-assert/assert.key 
523        DEBUG main            d.u.i.k.p.i.AbstractProblemLoader Environment load took 2.28ms 
746        INFO  main            d.u.i.k.p.i.AbstractProblemLoader Creating init config 
1674       DEBUG main            d.u.i.k.j.TypeConverter   No LDT found for Meta 
1678       DEBUG main            d.u.i.k.j.TypeConverter   No LDT found for Meta 
1681       DEBUG main            d.u.i.k.j.TypeConverter   No LDT found for Meta 
1682       DEBUG main            d.u.i.k.j.TypeConverter   No LDT found for Meta 
3144       DEBUG main            d.u.i.k.j.TypeConverter   No LDT found for JavaBigintExpression 
8193       DEBUG main            d.u.i.k.p.i.AbstractProblemLoader Init config took 7.45s 
8321       INFO  main            d.u.i.k.p.i.AbstractProblemLoader Replaying proof Assert[Assert::createArray(int)].JML normal_behavior operation contract.0 
8359       DEBUG main            d.u.i.k.p.i.IntermediateProofReplayer Proof replay took 35.6ns 
9295       INFO  main            d.u.i.k.p.r.p.TestFile    ... finished proof: closed. 
9435       INFO  main            d.u.i.k.p.i.AbstractProblemLoader Loading environment from /home/runner/work/key/key/key.core/../key.ui/examples/standard_key/java_dl/jml-assert/assert.key.proof 
9435       DEBUG main            d.u.i.k.p.i.AbstractProblemLoader Environment load took 176ns 
9439       INFO  main            d.u.i.k.p.i.AbstractProblemLoader Creating init config 
12364      DEBUG main            d.u.i.k.p.i.AbstractProblemLoader Init config took 2.93s 
12450      INFO  main            d.u.i.k.p.i.AbstractProblemLoader Replaying proof Assert[Assert::createArray(int)].JML normal_behavior operation contract.0 
12537      DEBUG main            d.u.i.k.p.i.IntermediateProofReplayer Proof replay took 79.47ms 
12544      DEBUG main            d.u.i.k.p.r.p.TestFile    ... success: reloaded. 
12547      INFO  main            d.u.i.k.p.r.p.TestFile    Now processing file /home/runner/work/key/key/key.core/../key.ui/examples/heap/block_loop_contracts/Free/assertions0.key 
12547      INFO  main            d.u.i.k.p.i.AbstractProblemLoader Loading environment from /home/runner/work/key/key/key.core/../key.ui/examples/heap/block_loop_contracts/Free/assertions0.key 
12548      DEBUG main            d.u.i.k.p.i.AbstractProblemLoader Environment load took 302ns 
12549      INFO  main            d.u.i.k.p.i.AbstractProblemLoader Creating init config 
15378      DEBUG main            d.u.i.k.p.i.AbstractProblemLoader Init config took 2.83s 
15435      INFO  main            d.u.i.k.p.i.AbstractProblemLoader Replaying proof FreeConditions[FreeConditions::assertions0()].JML normal_behavior operation contract.0 
15439      DEBUG main            d.u.i.k.p.i.IntermediateProofReplayer Proof replay took 13.3ns 
15646      INFO  main            d.u.i.k.p.r.p.TestFile    ... finished proof: closed. 
15771      INFO  main            d.u.i.k.p.i.AbstractProblemLoader Loading environment from /home/runner/work/key/key/key.core/../key.ui/examples/heap/block_loop_contracts/Free/assertions0.key.proof 
15771      DEBUG main            d.u.i.k.p.i.AbstractProblemLoader Environment load took 135.5ns 
15776      INFO  main            d.u.i.k.p.i.AbstractProblemLoader Creating init config 
18430      DEBUG main            d.u.i.k.p.i.AbstractProblemLoader Init config took 2.65s 
18479      INFO  main            d.u.i.k.p.i.AbstractProblemLoader Replaying proof FreeConditions[FreeConditions::assertions0()].JML normal_behavior operation contract.0 
18503      DEBUG main            d.u.i.k.p.i.IntermediateProofReplayer Proof replay took 21.2ms 
18505      DEBUG main            d.u.i.k.p.r.p.TestFile    ... success: reloaded. 
18506      INFO  main            d.u.i.k.p.r.p.TestFile    Now processing file /home/runner/work/key/key/key.core/../key.ui/examples/heap/block_loop_contracts/Free/assertions1.key 
18507      INFO  main            d.u.i.k.p.i.AbstractProblemLoader Loading environment from /home/runner/work/key/key/key.core/../key.ui/examples/heap/block_loop_contracts/Free/assertions1.key 
18507      DEBUG main            d.u.i.k.p.i.AbstractProblemLoader Environment load took 274.9ns 
18509      INFO  main            d.u.i.k.p.i.AbstractProblemLoader Creating init config 
21114      DEBUG main            d.u.i.k.p.i.AbstractProblemLoader Init config took 2.61s 
21186      INFO  main            d.u.i.k.p.i.AbstractProblemLoader Replaying proof FreeConditions[FreeConditions::assertions1()].JML normal_behavior operation contract.0 
21189      DEBUG main            d.u.i.k.p.i.IntermediateProofReplayer Proof replay took 24.7ns 
21291      INFO  main            d.u.i.k.p.r.p.TestFile    ... finished proof: closed. 
21443      INFO  main            d.u.i.k.p.i.AbstractProblemLoader Loading environment from /home/runner/work/key/key/key.core/../key.ui/examples/heap/block_loop_contracts/Free/assertions1.key.proof 
21443      DEBUG main            d.u.i.k.p.i.AbstractProblemLoader Environment load took 154.6ns 
21445      INFO  main            d.u.i.k.p.i.AbstractProblemLoader Creating init config 
24070      DEBUG main            d.u.i.k.p.i.AbstractProblemLoader Init config took 2.63s 
24114      INFO  main            d.u.i.k.p.i.AbstractProblemLoader Replaying proof FreeConditions[FreeConditions::assertions1()].JML normal_behavior operation contract.0 
24122      DEBUG main            d.u.i.k.p.i.IntermediateProofReplayer Proof replay took 5.09ms 
24123      DEBUG main            d.u.i.k.p.r.p.TestFile    ... success: reloaded. 
24124      INFO  main            d.u.i.k.p.r.p.TestFile    Now processing file /home/runner/work/key/key/key.core/../key.ui/examples/standard_key/java_dl/jml-assert/recursion-assert.key 
24125      INFO  main            d.u.i.k.p.i.AbstractProblemLoader Loading environment from /home/runner/work/key/key/key.core/../key.ui/examples/standard_key/java_dl/jml-assert/recursion-assert.key 
24125      DEBUG main            d.u.i.k.p.i.AbstractProblemLoader Environment load took 247.2ns 
24126      INFO  main            d.u.i.k.p.i.AbstractProblemLoader Creating init config 
26861      DEBUG main            d.u.i.k.p.i.AbstractProblemLoader Init config took 2.74s 
26907      INFO  main            d.u.i.k.p.i.AbstractProblemLoader Replaying proof RecursiveMethod[RecursiveMethod::fac1(int)].JML normal_behavior operation contract.0 
26910      DEBUG main            d.u.i.k.p.i.IntermediateProofReplayer Proof replay took 7ns 
27113      INFO  main            d.u.i.k.p.r.p.TestFile    ... finished proof: closed. 
27295      INFO  main            d.u.i.k.p.i.AbstractProblemLoader Loading environment from /home/runner/work/key/key/key.core/../key.ui/examples/standard_key/java_dl/jml-assert/recursion-assert.key.proof 
27295      DEBUG main            d.u.i.k.p.i.AbstractProblemLoader Environment load took 531.31ns 
27297      INFO  main            d.u.i.k.p.i.AbstractProblemLoader Creating init config 
30011      DEBUG main            d.u.i.k.p.i.AbstractProblemLoader Init config took 2.71s 
30071      INFO  main            d.u.i.k.p.i.AbstractProblemLoader Replaying proof RecursiveMethod[RecursiveMethod::fac1(int)].JML normal_behavior operation contract.0 
30133      DEBUG main            d.u.i.k.p.i.IntermediateProofReplayer Proof replay took 55.41ms 
30135      DEBUG main            d.u.i.k.p.r.p.TestFile    ... success: reloaded. 
30136      INFO  main            d.u.i.k.p.r.p.TestFile    Now processing file /home/runner/work/key/key/key.core/../key.ui/examples/standard_key/java_dl/jml-assert/recursion-assume.key 
30137      INFO  main            d.u.i.k.p.i.AbstractProblemLoader Loading environment from /home/runner/work/key/key/key.core/../key.ui/examples/standard_key/java_dl/jml-assert/recursion-assume.key 
30137      DEBUG main            d.u.i.k.p.i.AbstractProblemLoader Environment load took 146ns 
30138      INFO  main            d.u.i.k.p.i.AbstractProblemLoader Creating init config 
32913      DEBUG main            d.u.i.k.p.i.AbstractProblemLoader Init config took 2.77s 
32965      INFO  main            d.u.i.k.p.i.AbstractProblemLoader Replaying proof RecursiveMethod[RecursiveMethod::fac2(int)].JML normal_behavior operation contract.0 
32966      DEBUG main            d.u.i.k.p.i.IntermediateProofReplayer Proof replay took 7.9ns 
33169      INFO  main            d.u.i.k.p.r.p.TestFile    ... finished proof: closed. 
33344      INFO  main            d.u.i.k.p.i.AbstractProblemLoader Loading environment from /home/runner/work/key/key/key.core/../key.ui/examples/standard_key/java_dl/jml-assert/recursion-assume.key.proof 
33344      DEBUG main            d.u.i.k.p.i.AbstractProblemLoader Environment load took 134.2ns 
33345      INFO  main            d.u.i.k.p.i.AbstractProblemLoader Creating init config 
35997      DEBUG main            d.u.i.k.p.i.AbstractProblemLoader Init config took 2.65s 
36041      INFO  main            d.u.i.k.p.i.AbstractProblemLoader Replaying proof RecursiveMethod[RecursiveMethod::fac2(int)].JML normal_behavior operation contract.0 
36076      DEBUG main            d.u.i.k.p.i.IntermediateProofReplayer Proof replay took 32.95ms 
36078      DEBUG main            d.u.i.k.p.r.p.TestFile    ... success: reloaded. 
36079      INFO  main            d.u.i.k.p.r.p.TestFile    Now processing file /home/runner/work/key/key/key.core/../key.ui/examples/standard_key/java_dl/jml-assert/quantor-assert.key 
36079      INFO  main            d.u.i.k.p.i.AbstractProblemLoader Loading environment from /home/runner/work/key/key/key.core/../key.ui/examples/standard_key/java_dl/jml-assert/quantor-assert.key 
36079      DEBUG main            d.u.i.k.p.i.AbstractProblemLoader Environment load took 207.2ns 
36080      INFO  main            d.u.i.k.p.i.AbstractProblemLoader Creating init config 
38726      DEBUG main            d.u.i.k.p.i.AbstractProblemLoader Init config took 2.65s 
38790      INFO  main            d.u.i.k.p.i.AbstractProblemLoader Replaying proof Quantor[Quantor::square1(int)].JML normal_behavior operation contract.0 
38792      DEBUG main            d.u.i.k.p.i.IntermediateProofReplayer Proof replay took 7.8ns 
38894      INFO  main            d.u.i.k.p.r.p.TestFile    ... finished proof: closed. 
39119      INFO  main            d.u.i.k.p.i.AbstractProblemLoader Loading environment from /home/runner/work/key/key/key.core/../key.ui/examples/standard_key/java_dl/jml-assert/quantor-assert.key.proof 
39119      DEBUG main            d.u.i.k.p.i.AbstractProblemLoader Environment load took 132.5ns 
39121      INFO  main            d.u.i.k.p.i.AbstractProblemLoader Creating init config 
41728      DEBUG main            d.u.i.k.p.i.AbstractProblemLoader Init config took 2.61s 
41768      INFO  main            d.u.i.k.p.i.AbstractProblemLoader Replaying proof Quantor[Quantor::square1(int)].JML normal_behavior operation contract.0 
41785      DEBUG main            d.u.i.k.p.i.IntermediateProofReplayer Proof replay took 14.25ms 
41786      DEBUG main            d.u.i.k.p.r.p.TestFile    ... success: reloaded. 
41788      INFO  main            d.u.i.k.p.r.p.TestFile    Now processing file /home/runner/work/key/key/key.core/../key.ui/examples/standard_key/java_dl/jml-assert/quantor-assume.key 
41788      INFO  main            d.u.i.k.p.i.AbstractProblemLoader Loading environment from /home/runner/work/key/key/key.core/../key.ui/examples/standard_key/java_dl/jml-assert/quantor-assume.key 
41788      DEBUG main            d.u.i.k.p.i.AbstractProblemLoader Environment load took 245.2ns 
41789      INFO  main            d.u.i.k.p.i.AbstractProblemLoader Creating init config 
44457      DEBUG main            d.u.i.k.p.i.AbstractProblemLoader Init config took 2.67s 
44520      INFO  main            d.u.i.k.p.i.AbstractProblemLoader Replaying proof Quantor[Quantor::square2(int)].JML normal_behavior operation contract.0 
44522      DEBUG main            d.u.i.k.p.i.IntermediateProofReplayer Proof replay took 7ns 
44624      INFO  main            d.u.i.k.p.r.p.TestFile    ... finished proof: closed. 
44808      INFO  main            d.u.i.k.p.i.AbstractProblemLoader Loading environment from /home/runner/work/key/key/key.core/../key.ui/examples/standard_key/java_dl/jml-assert/quantor-assume.key.proof 
44808      DEBUG main            d.u.i.k.p.i.AbstractProblemLoader Environment load took 143.2ns 
44809      INFO  main            d.u.i.k.p.i.AbstractProblemLoader Creating init config 
47427      DEBUG main            d.u.i.k.p.i.AbstractProblemLoader Init config took 2.62s 
47467      INFO  main            d.u.i.k.p.i.AbstractProblemLoader Replaying proof Quantor[Quantor::square2(int)].JML normal_behavior operation contract.0 
47481      DEBUG main            d.u.i.k.p.i.IntermediateProofReplayer Proof replay took 12.02ms 
47482      DEBUG main            d.u.i.k.p.r.p.TestFile    ... success: reloaded. 
47483      INFO  main            d.u.i.k.p.r.p.TestFile    Now processing file /home/runner/work/key/key/key.core/../key.ui/examples/standard_key/java_dl/jml-assert/model-methods-static-static.key 
47484      INFO  main            d.u.i.k.p.i.AbstractProblemLoader Loading environment from /home/runner/work/key/key/key.core/../key.ui/examples/standard_key/java_dl/jml-assert/model-methods-static-static.key 
47484      DEBUG main            d.u.i.k.p.i.AbstractProblemLoader Environment load took 109.5ns 
47485      INFO  main            d.u.i.k.p.i.AbstractProblemLoader Creating init config 
50182      DEBUG main            d.u.i.k.p.i.AbstractProblemLoader Init config took 2.7s 
50228      INFO  main            d.u.i.k.p.i.AbstractProblemLoader Replaying proof ModelMethods[ModelMethods::test1()].JML normal_behavior operation contract.0 
50229      DEBUG main            d.u.i.k.p.i.IntermediateProofReplayer Proof replay took 7.7ns 
50331      INFO  main            d.u.i.k.p.r.p.TestFile    ... finished proof: closed. 
50522      INFO  main            d.u.i.k.p.i.AbstractProblemLoader Loading environment from /home/runner/work/key/key/key.core/../key.ui/examples/standard_key/java_dl/jml-assert/model-methods-static-static.key.proof 
50523      DEBUG main            d.u.i.k.p.i.AbstractProblemLoader Environment load took 143ns 
50524      INFO  main            d.u.i.k.p.i.AbstractProblemLoader Creating init config 
53148      DEBUG main            d.u.i.k.p.i.AbstractProblemLoader Init config took 2.62s 
53191      INFO  main            d.u.i.k.p.i.AbstractProblemLoader Replaying proof ModelMethods[ModelMethods::test1()].JML normal_behavior operation contract.0 
53199      DEBUG main            d.u.i.k.p.i.IntermediateProofReplayer Proof replay took 5.86ms 
53200      DEBUG main            d.u.i.k.p.r.p.TestFile    ... success: reloaded. 
53201      INFO  main            d.u.i.k.p.r.p.TestFile    Now processing file /home/runner/work/key/key/key.core/../key.ui/examples/standard_key/java_dl/jml-assert/model-methods-instance-static.key 
53201      INFO  main            d.u.i.k.p.i.AbstractProblemLoader Loading environment from /home/runner/work/key/key/key.core/../key.ui/examples/standard_key/java_dl/jml-assert/model-methods-instance-static.key 
53201      DEBUG main            d.u.i.k.p.i.AbstractProblemLoader Environment load took 97.5ns 
53202      INFO  main            d.u.i.k.p.i.AbstractProblemLoader Creating init config 
55872      DEBUG main            d.u.i.k.p.i.AbstractProblemLoader Init config took 2.67s 
55908      INFO  main            d.u.i.k.p.i.AbstractProblemLoader Replaying proof ModelMethods[ModelMethods::test2()].JML normal_behavior operation contract.0 
55909      DEBUG main            d.u.i.k.p.i.IntermediateProofReplayer Proof replay took 6.8ns 
56013      INFO  main            d.u.i.k.p.r.p.TestFile    ... finished proof: closed. 
56225      INFO  main            d.u.i.k.p.i.AbstractProblemLoader Loading environment from /home/runner/work/key/key/key.core/../key.ui/examples/standard_key/java_dl/jml-assert/model-methods-instance-static.key.proof 
56225      DEBUG main            d.u.i.k.p.i.AbstractProblemLoader Environment load took 127.1ns 
56226      INFO  main            d.u.i.k.p.i.AbstractProblemLoader Creating init config 
58807      DEBUG main            d.u.i.k.p.i.AbstractProblemLoader Init config took 2.58s 
58854      INFO  main            d.u.i.k.p.i.AbstractProblemLoader Replaying proof ModelMethods[ModelMethods::test2()].JML normal_behavior operation contract.0 
58863      DEBUG main            d.u.i.k.p.i.IntermediateProofReplayer Proof replay took 7.98ms 
58864      DEBUG main            d.u.i.k.p.r.p.TestFile    ... success: reloaded. 
58865      INFO  main            d.u.i.k.p.r.p.TestFile    Now processing file /home/runner/work/key/key/key.core/../key.ui/examples/standard_key/java_dl/jml-assert/model-methods-instance-instance.key 
58866      INFO  main            d.u.i.k.p.i.AbstractProblemLoader Loading environment from /home/runner/work/key/key/key.core/../key.ui/examples/standard_key/java_dl/jml-assert/model-methods-instance-instance.key 
58866      DEBUG main            d.u.i.k.p.i.AbstractProblemLoader Environment load took 108.9ns 
58867      INFO  main            d.u.i.k.p.i.AbstractProblemLoader Creating init config 
61517      DEBUG main            d.u.i.k.p.i.AbstractProblemLoader Init config took 2.65s 
61554      INFO  main            d.u.i.k.p.i.AbstractProblemLoader Replaying proof ModelMethods[ModelMethods::test3()].JML normal_behavior operation contract.0 
61555      DEBUG main            d.u.i.k.p.i.IntermediateProofReplayer Proof replay took 8.8ns 
61662      INFO  main            d.u.i.k.p.r.p.TestFile    ... finished proof: closed. 
61865      INFO  main            d.u.i.k.p.i.AbstractProblemLoader Loading environment from /home/runner/work/key/key/key.core/../key.ui/examples/standard_key/java_dl/jml-assert/model-methods-instance-instance.key.proof 
61865      DEBUG main            d.u.i.k.p.i.AbstractProblemLoader Environment load took 130.4ns 
61870      INFO  main            d.u.i.k.p.i.AbstractProblemLoader Creating init config 
64472      DEBUG main            d.u.i.k.p.i.AbstractProblemLoader Init config took 2.6s 
64508      INFO  main            d.u.i.k.p.i.AbstractProblemLoader Replaying proof ModelMethods[ModelMethods::test3()].JML normal_behavior operation contract.0 
64520      DEBUG main            d.u.i.k.p.i.IntermediateProofReplayer Proof replay took 9.9ms 
64521      DEBUG main            d.u.i.k.p.r.p.TestFile    ... success: reloaded. 
64522      INFO  main            d.u.i.k.p.r.p.TestFile    Now processing file /home/runner/work/key/key/key.core/../key.ui/examples/standard_key/java_dl/jml-assert/model-methods-static-instance.key 
64522      INFO  main            d.u.i.k.p.i.AbstractProblemLoader Loading environment from /home/runner/work/key/key/key.core/../key.ui/examples/standard_key/java_dl/jml-assert/model-methods-static-instance.key 
64522      DEBUG main            d.u.i.k.p.i.AbstractProblemLoader Environment load took 110.5ns 
64523      INFO  main            d.u.i.k.p.i.AbstractProblemLoader Creating init config 
67113      DEBUG main            d.u.i.k.p.i.AbstractProblemLoader Init config took 2.59s 
67148      INFO  main            d.u.i.k.p.i.AbstractProblemLoader Replaying proof ModelMethods[ModelMethods::test4()].JML normal_behavior operation contract.0 
67150      DEBUG main            d.u.i.k.p.i.IntermediateProofReplayer Proof replay took 7.6ns 
67257      INFO  main            d.u.i.k.p.r.p.TestFile    ... finished proof: closed. 
67461      INFO  main            d.u.i.k.p.i.AbstractProblemLoader Loading environment from /home/runner/work/key/key/key.core/../key.ui/examples/standard_key/java_dl/jml-assert/model-methods-static-instance.key.proof 
67461      DEBUG main            d.u.i.k.p.i.AbstractProblemLoader Environment load took 131.5ns 
67465      INFO  main            d.u.i.k.p.i.AbstractProblemLoader Creating init config 
70007      DEBUG main            d.u.i.k.p.i.AbstractProblemLoader Init config took 2.54s 
70046      INFO  main            d.u.i.k.p.i.AbstractProblemLoader Replaying proof ModelMethods[ModelMethods::test4()].JML normal_behavior operation contract.0 
70077      DEBUG main            d.u.i.k.p.i.IntermediateProofReplayer Proof replay took 28.21ms 
70078      DEBUG main            d.u.i.k.p.r.p.TestFile    ... success: reloaded. 
70079      INFO  main            d.u.i.k.p.r.p.TestFile    Now processing file /home/runner/work/key/key/key.core/../key.ui/examples/standard_key/java_dl/jml-assert/assert-old/inc-field.key 
70079      INFO  main            d.u.i.k.p.i.AbstractProblemLoader Loading environment from /home/runner/work/key/key/key.core/../key.ui/examples/standard_key/java_dl/jml-assert/assert-old/inc-field.key 
70079      DEBUG main            d.u.i.k.p.i.AbstractProblemLoader Environment load took 112.5ns 
70080      INFO  main            d.u.i.k.p.i.AbstractProblemLoader Creating init config 
72641      DEBUG main            d.u.i.k.p.i.AbstractProblemLoader Init config took 2.56s 
72676      INFO  main            d.u.i.k.p.i.AbstractProblemLoader Replaying proof Inc[Inc::inc_field()].JML normal_behavior operation contract.0 
72678      DEBUG main            d.u.i.k.p.i.IntermediateProofReplayer Proof replay took 7.5ns 
72781      INFO  main            d.u.i.k.p.r.p.TestFile    ... finished proof: closed. 
73004      INFO  main            d.u.i.k.p.i.AbstractProblemLoader Loading environment from /home/runner/work/key/key/key.core/../key.ui/examples/standard_key/java_dl/jml-assert/assert-old/inc-field.key.proof 
73004      DEBUG main            d.u.i.k.p.i.AbstractProblemLoader Environment load took 143.6ns 
73005      INFO  main            d.u.i.k.p.i.AbstractProblemLoader Creating init config 
75523      DEBUG main            d.u.i.k.p.i.AbstractProblemLoader Init config took 2.52s 
75564      INFO  main            d.u.i.k.p.i.AbstractProblemLoader Replaying proof Inc[Inc::inc_field()].JML normal_behavior operation contract.0 
75595      DEBUG main            d.u.i.k.p.i.IntermediateProofReplayer Proof replay took 27.94ms 
75596      DEBUG main            d.u.i.k.p.r.p.TestFile    ... success: reloaded. 
75597      INFO  main            d.u.i.k.p.r.p.TestFile    Now processing file /home/runner/work/key/key/key.core/../key.ui/examples/standard_key/java_dl/jml-assert/assert-old/inc-parameter.key 
75597      INFO  main            d.u.i.k.p.i.AbstractProblemLoader Loading environment from /home/runner/work/key/key/key.core/../key.ui/examples/standard_key/java_dl/jml-assert/assert-old/inc-parameter.key 
75598      DEBUG main            d.u.i.k.p.i.AbstractProblemLoader Environment load took 268.3ns 
75599      INFO  main            d.u.i.k.p.i.AbstractProblemLoader Creating init config 
78082      DEBUG main            d.u.i.k.p.i.AbstractProblemLoader Init config took 2.48s 
78115      INFO  main            d.u.i.k.p.i.AbstractProblemLoader Replaying proof Inc[Inc::inc_parameter(int)].JML normal_behavior operation contract.0 
78117      DEBUG main            d.u.i.k.p.i.IntermediateProofReplayer Proof replay took 7.3ns 
78218      INFO  main            d.u.i.k.p.r.p.TestFile    ... finished proof: closed. 
78440      INFO  main            d.u.i.k.p.i.AbstractProblemLoader Loading environment from /home/runner/work/key/key/key.core/../key.ui/examples/standard_key/java_dl/jml-assert/assert-old/inc-parameter.key.proof 
78440      DEBUG main            d.u.i.k.p.i.AbstractProblemLoader Environment load took 159.2ns 
78441      INFO  main            d.u.i.k.p.i.AbstractProblemLoader Creating init config 
80883      DEBUG main            d.u.i.k.p.i.AbstractProblemLoader Init config took 2.44s 
80916      INFO  main            d.u.i.k.p.i.AbstractProblemLoader Replaying proof Inc[Inc::inc_parameter(int)].JML normal_behavior operation contract.0 
80931      DEBUG main            d.u.i.k.p.i.IntermediateProofReplayer Proof replay took 12.68ms 
80932      DEBUG main            d.u.i.k.p.r.p.TestFile    ... success: reloaded. 
80932      INFO  main            d.u.i.k.p.r.p.TestFile    Now processing file /home/runner/work/key/key/key.core/../key.ui/examples/standard_key/java_dl/jml-assert/assert-old/inc-parameter-field.key 
80933      INFO  main            d.u.i.k.p.i.AbstractProblemLoader Loading environment from /home/runner/work/key/key/key.core/../key.ui/examples/standard_key/java_dl/jml-assert/assert-old/inc-parameter-field.key 
80933      DEBUG main            d.u.i.k.p.i.AbstractProblemLoader Environment load took 111.5ns 
80934      INFO  main            d.u.i.k.p.i.AbstractProblemLoader Creating init config 
83500      DEBUG main            d.u.i.k.p.i.AbstractProblemLoader Init config took 2.57s 
83533      INFO  main            d.u.i.k.p.i.AbstractProblemLoader Replaying proof Inc[Inc::inc_parameter_field(Inc)].JML normal_behavior operation contract.0 
83535      DEBUG main            d.u.i.k.p.i.IntermediateProofReplayer Proof replay took 7.6ns 
83737      INFO  main            d.u.i.k.p.r.p.TestFile    ... finished proof: closed. 
83973      INFO  main            d.u.i.k.p.i.AbstractProblemLoader Loading environment from /home/runner/work/key/key/key.core/../key.ui/examples/standard_key/java_dl/jml-assert/assert-old/inc-parameter-field.key.proof 
83973      DEBUG main            d.u.i.k.p.i.AbstractProblemLoader Environment load took 129.3ns 
83974      INFO  main            d.u.i.k.p.i.AbstractProblemLoader Creating init config 
86422      DEBUG main            d.u.i.k.p.i.AbstractProblemLoader Init config took 2.45s 
86455      INFO  main            d.u.i.k.p.i.AbstractProblemLoader Replaying proof Inc[Inc::inc_parameter_field(Inc)].JML normal_behavior operation contract.0 
86483      DEBUG main            d.u.i.k.p.i.IntermediateProofReplayer Proof replay took 25.64ms 
86484      DEBUG main            d.u.i.k.p.r.p.TestFile    ... success: reloaded. 
86485      INFO  main            d.u.i.k.p.r.p.TestFile    Now processing file /home/runner/work/key/key/key.core/../key.ui/examples/standard_key/java_dl/jml-assert/assert-old/inc-ghost-field.key 
86485      INFO  main            d.u.i.k.p.i.AbstractProblemLoader Loading environment from /home/runner/work/key/key/key.core/../key.ui/examples/standard_key/java_dl/jml-assert/assert-old/inc-ghost-field.key 
86485      DEBUG main            d.u.i.k.p.i.AbstractProblemLoader Environment load took 111.5ns 
86486      INFO  main            d.u.i.k.p.i.AbstractProblemLoader Creating init config 
89024      DEBUG main            d.u.i.k.p.i.AbstractProblemLoader Init config took 2.54s 
89057      INFO  main            d.u.i.k.p.i.AbstractProblemLoader Replaying proof Inc[Inc::inc_ghost_field()].JML normal_behavior operation contract.0 
89058      DEBUG main            d.u.i.k.p.i.IntermediateProofReplayer Proof replay took 8ns 
89160      INFO  main            d.u.i.k.p.r.p.TestFile    ... finished proof: closed. 
89398      INFO  main            d.u.i.k.p.i.AbstractProblemLoader Loading environment from /home/runner/work/key/key/key.core/../key.ui/examples/standard_key/java_dl/jml-assert/assert-old/inc-ghost-field.key.proof 
89398      DEBUG main            d.u.i.k.p.i.AbstractProblemLoader Environment load took 136ns 
89399      INFO  main            d.u.i.k.p.i.AbstractProblemLoader Creating init config 
91848      DEBUG main            d.u.i.k.p.i.AbstractProblemLoader Init config took 2.45s 
91882      INFO  main            d.u.i.k.p.i.AbstractProblemLoader Replaying proof Inc[Inc::inc_ghost_field()].JML normal_behavior operation contract.0 
91915      DEBUG main            d.u.i.k.p.i.IntermediateProofReplayer Proof replay took 30.68ms 
91917      DEBUG main            d.u.i.k.p.r.p.TestFile    ... success: reloaded. 
720773     INFO  Test worker     d.u.i.k.p.r.p.StatisticsFile Returning from test jmlAsserts 
720778     INFO  Test worker     d.u.i.k.p.r.p.StatisticsFile Running test javaCard 
359        INFO  Timeout watchdog d.u.i.k.p.r.p.ForkedTestFileRunner Timeout watcher launched (2000 secs.) 
382        WARN  main            d.u.i.k.s.ProofSettings   The settings in /home/runner/.key/proof-settings.props are *not* read. 
413        INFO  main            d.u.i.k.p.r.p.TestFile    Now processing file /home/runner/work/key/key/key.core/../key.ui/examples/heap/javacard/updateBalance0.key 
554        INFO  main            d.u.i.k.p.i.AbstractProblemLoader Loading environment from /home/runner/work/key/key/key.core/../key.ui/examples/heap/javacard/updateBalance0.key 
572        DEBUG main            d.u.i.k.p.i.AbstractProblemLoader Environment load took 2.17ms 
812        INFO  main            d.u.i.k.p.i.AbstractProblemLoader Creating init config 
1757       DEBUG main            d.u.i.k.j.TypeConverter   No LDT found for Meta 
1758       DEBUG main            d.u.i.k.j.TypeConverter   No LDT found for Meta 
1759       DEBUG main            d.u.i.k.j.TypeConverter   No LDT found for Meta 
1760       DEBUG main            d.u.i.k.j.TypeConverter   No LDT found for Meta 
3022       DEBUG main            d.u.i.k.j.TypeConverter   No LDT found for JavaBigintExpression 
6684       DEBUG main            d.u.i.k.p.i.AbstractProblemLoader Init config took 5.87s 
6806       INFO  main            d.u.i.k.p.i.AbstractProblemLoader Replaying proof Examples[Examples::updateBalance(short)].JML normal_behavior operation contract.0 
6840       DEBUG main            d.u.i.k.p.i.IntermediateProofReplayer Proof replay took 36.1ns 
8376       INFO  main            d.u.i.k.p.r.p.TestFile    ... finished proof: closed. 
8494       INFO  main            d.u.i.k.p.i.AbstractProblemLoader Loading environment from /home/runner/work/key/key/key.core/../key.ui/examples/heap/javacard/updateBalance0.key.proof 
8496       DEBUG main            d.u.i.k.p.i.AbstractProblemLoader Environment load took 1.62ms 
8501       INFO  main            d.u.i.k.p.i.AbstractProblemLoader Creating init config 
10450      DEBUG main            d.u.i.k.p.i.AbstractProblemLoader Init config took 1.95s 
10526      INFO  main            d.u.i.k.p.i.AbstractProblemLoader Replaying proof Examples[Examples::updateBalance(short)].JML normal_behavior operation contract.0 
10708      DEBUG main            d.u.i.k.p.i.IntermediateProofReplayer Proof replay took 165.27ms 
10716      DEBUG main            d.u.i.k.p.r.p.TestFile    ... success: reloaded. 
10719      INFO  main            d.u.i.k.p.r.p.TestFile    Now processing file /home/runner/work/key/key/key.core/../key.ui/examples/heap/javacard/updateBalance1.key 
10720      INFO  main            d.u.i.k.p.i.AbstractProblemLoader Loading environment from /home/runner/work/key/key/key.core/../key.ui/examples/heap/javacard/updateBalance1.key 
10720      DEBUG main            d.u.i.k.p.i.AbstractProblemLoader Environment load took 279.8ns 
10729      INFO  main            d.u.i.k.p.i.AbstractProblemLoader Creating init config 
12535      DEBUG main            d.u.i.k.p.i.AbstractProblemLoader Init config took 1.81s 
12585      INFO  main            d.u.i.k.p.i.AbstractProblemLoader Replaying proof Examples[Examples::updateBalance(short)].JML normal_behavior operation contract.1 
12588      DEBUG main            d.u.i.k.p.i.IntermediateProofReplayer Proof replay took 6.3ns 
13200      INFO  main            d.u.i.k.p.r.p.TestFile    ... finished proof: closed. 
13308      INFO  main            d.u.i.k.p.i.AbstractProblemLoader Loading environment from /home/runner/work/key/key/key.core/../key.ui/examples/heap/javacard/updateBalance1.key.proof 
13310      DEBUG main            d.u.i.k.p.i.AbstractProblemLoader Environment load took 1.92ms 
13313      INFO  main            d.u.i.k.p.i.AbstractProblemLoader Creating init config 
14979      DEBUG main            d.u.i.k.p.i.AbstractProblemLoader Init config took 1.67s 
15033      INFO  main            d.u.i.k.p.i.AbstractProblemLoader Replaying proof Examples[Examples::updateBalance(short)].JML normal_behavior operation contract.1 
15134      DEBUG main            d.u.i.k.p.i.IntermediateProofReplayer Proof replay took 95.33ms 
15136      DEBUG main            d.u.i.k.p.r.p.TestFile    ... success: reloaded. 
15139      INFO  main            d.u.i.k.p.r.p.TestFile    Now processing file /home/runner/work/key/key/key.core/../key.ui/examples/heap/javacard/setArray1.key 
15140      INFO  main            d.u.i.k.p.i.AbstractProblemLoader Loading environment from /home/runner/work/key/key/key.core/../key.ui/examples/heap/javacard/setArray1.key 
15140      DEBUG main            d.u.i.k.p.i.AbstractProblemLoader Environment load took 305.1ns 
15142      INFO  main            d.u.i.k.p.i.AbstractProblemLoader Creating init config 
16760      DEBUG main            d.u.i.k.p.i.AbstractProblemLoader Init config took 1.62s 
16802      INFO  main            d.u.i.k.p.i.AbstractProblemLoader Replaying proof Examples[Examples::setArray1([B)].JML normal_behavior operation contract.0 
16804      DEBUG main            d.u.i.k.p.i.IntermediateProofReplayer Proof replay took 7.4ns 
17708      INFO  main            d.u.i.k.p.r.p.TestFile    ... finished proof: closed. 
17827      INFO  main            d.u.i.k.p.i.AbstractProblemLoader Loading environment from /home/runner/work/key/key/key.core/../key.ui/examples/heap/javacard/setArray1.key.proof 
17827      DEBUG main            d.u.i.k.p.i.AbstractProblemLoader Environment load took 142.1ns 
17829      INFO  main            d.u.i.k.p.i.AbstractProblemLoader Creating init config 
19396      DEBUG main            d.u.i.k.p.i.AbstractProblemLoader Init config took 1.57s 
19436      INFO  main            d.u.i.k.p.i.AbstractProblemLoader Replaying proof Examples[Examples::setArray1([B)].JML normal_behavior operation contract.0 
19596      DEBUG main            d.u.i.k.p.i.IntermediateProofReplayer Proof replay took 154.05ms 
19598      DEBUG main            d.u.i.k.p.r.p.TestFile    ... success: reloaded. 
19601      INFO  main            d.u.i.k.p.r.p.TestFile    Now processing file /home/runner/work/key/key/key.core/../key.ui/examples/heap/javacard/setArray2.key 
19601      INFO  main            d.u.i.k.p.i.AbstractProblemLoader Loading environment from /home/runner/work/key/key/key.core/../key.ui/examples/heap/javacard/setArray2.key 
19602      DEBUG main            d.u.i.k.p.i.AbstractProblemLoader Environment load took 271.4ns 
19603      INFO  main            d.u.i.k.p.i.AbstractProblemLoader Creating init config 
21216      DEBUG main            d.u.i.k.p.i.AbstractProblemLoader Init config took 1.61s 
21259      INFO  main            d.u.i.k.p.i.AbstractProblemLoader Replaying proof Examples[Examples::setArray2([B)].JML normal_behavior operation contract.0 
21261      DEBUG main            d.u.i.k.p.i.IntermediateProofReplayer Proof replay took 7.4ns 
22271      INFO  main            d.u.i.k.p.r.p.TestFile    ... finished proof: closed. 
22424      INFO  main            d.u.i.k.p.i.AbstractProblemLoader Loading environment from /home/runner/work/key/key/key.core/../key.ui/examples/heap/javacard/setArray2.key.proof 
22426      DEBUG main            d.u.i.k.p.i.AbstractProblemLoader Environment load took 1.92ms 
22428      INFO  main            d.u.i.k.p.i.AbstractProblemLoader Creating init config 
24037      DEBUG main            d.u.i.k.p.i.AbstractProblemLoader Init config took 1.61s 
24079      INFO  main            d.u.i.k.p.i.AbstractProblemLoader Replaying proof Examples[Examples::setArray2([B)].JML normal_behavior operation contract.0 
24244      DEBUG main            d.u.i.k.p.i.IntermediateProofReplayer Proof replay took 160.01ms 
24246      DEBUG main            d.u.i.k.p.r.p.TestFile    ... success: reloaded. 
24249      INFO  main            d.u.i.k.p.r.p.TestFile    Now processing file /home/runner/work/key/key/key.core/../key.ui/examples/heap/javacard/arrayFillNonAtomic.key 
24250      INFO  main            d.u.i.k.p.i.AbstractProblemLoader Loading environment from /home/runner/work/key/key/key.core/../key.ui/examples/heap/javacard/arrayFillNonAtomic.key 
24250      DEBUG main            d.u.i.k.p.i.AbstractProblemLoader Environment load took 321.1ns 
24251      INFO  main            d.u.i.k.p.i.AbstractProblemLoader Creating init config 
25825      DEBUG main            d.u.i.k.p.i.AbstractProblemLoader Init config took 1.57s 
25883      INFO  main            d.u.i.k.p.i.AbstractProblemLoader Replaying proof javacard.framework.Util[javacard.framework.Util::arrayFillNonAtomic([B,short,short,byte)].JML behavior operation contract.0.transaction_inactive 
25884      DEBUG main            d.u.i.k.p.i.IntermediateProofReplayer Proof replay took 7.9ns 
26695      DEBUG Thread-13       d.u.i.k.l.o.ProgramSV     Match failed: Former match of  SchemaVariable incompatible with  the current match. 
26696      DEBUG Thread-13       d.u.i.k.l.o.ProgramSV     Match failed: Former match of  SchemaVariable incompatible with  the current match. 
28031      DEBUG Thread-13       d.u.i.k.l.o.ProgramSV     Match failed: Former match of  SchemaVariable incompatible with  the current match. 
28032      DEBUG Thread-13       d.u.i.k.l.o.ProgramSV     Match failed: Former match of  SchemaVariable incompatible with  the current match. 
29518      INFO  main            d.u.i.k.p.r.p.TestFile    ... finished proof: closed. 
29679      INFO  main            d.u.i.k.p.i.AbstractProblemLoader Loading environment from /home/runner/work/key/key/key.core/../key.ui/examples/heap/javacard/arrayFillNonAtomic.key.proof 
29680      DEBUG main            d.u.i.k.p.i.AbstractProblemLoader Environment load took 246.5ns 
29681      INFO  main            d.u.i.k.p.i.AbstractProblemLoader Creating init config 
31227      DEBUG main            d.u.i.k.p.i.AbstractProblemLoader Init config took 1.55s 
31293      INFO  main            d.u.i.k.p.i.AbstractProblemLoader Replaying proof javacard.framework.Util[javacard.framework.Util::arrayFillNonAtomic([B,short,short,byte)].JML behavior operation contract.0.transaction_inactive 
31970      DEBUG main            d.u.i.k.p.i.IntermediateProofReplayer Proof replay took 656.19ms 
31972      DEBUG main            d.u.i.k.p.r.p.TestFile    ... success: reloaded. 
31974      INFO  main            d.u.i.k.p.r.p.TestFile    Now processing file /home/runner/work/key/key/key.core/../key.ui/examples/heap/coincidence_count/project.key 
31975      INFO  main            d.u.i.k.p.i.AbstractProblemLoader Loading environment from /home/runner/work/key/key/key.core/../key.ui/examples/heap/coincidence_count/project.key 
31975      DEBUG main            d.u.i.k.p.i.AbstractProblemLoader Environment load took 245ns 
31976      INFO  main            d.u.i.k.p.i.AbstractProblemLoader Creating init config 
35448      DEBUG main            d.u.i.k.p.i.AbstractProblemLoader Init config took 3.47s 
35495      INFO  main            d.u.i.k.p.i.AbstractProblemLoader Replaying proof CC[CC::calcCoinIndex([I,[I)].JML normal_behavior operation contract.0 
35499      DEBUG main            d.u.i.k.p.i.IntermediateProofReplayer Proof replay took 6.9ns 
52732      INFO  main            d.u.i.k.p.r.p.TestFile    ... finished proof: closed. 
53089      INFO  main            d.u.i.k.p.i.AbstractProblemLoader Loading environment from /home/runner/work/key/key/key.core/../key.ui/examples/heap/coincidence_count/project.key.proof 
53090      DEBUG main            d.u.i.k.p.i.AbstractProblemLoader Environment load took 529.31ns 
53094      INFO  main            d.u.i.k.p.i.AbstractProblemLoader Creating init config 
55695      DEBUG main            d.u.i.k.p.i.AbstractProblemLoader Init config took 2.6s 
55755      INFO  main            d.u.i.k.p.i.AbstractProblemLoader Replaying proof CC[CC::calcCoinIndex([I,[I)].JML normal_behavior operation contract.0 
56523      DEBUG main            d.u.i.k.p.i.IntermediateProofReplayer Proof replay took 681.96ms 
56528      DEBUG main            d.u.i.k.p.r.p.TestFile    ... success: reloaded. 
56530      INFO  main            d.u.i.k.p.r.p.TestFile    Now processing file /home/runner/work/key/key/key.core/../key.ui/examples/heap/verifyThis11_1_Maximum/project.key 
56530      INFO  main            d.u.i.k.p.i.AbstractProblemLoader Loading environment from /home/runner/work/key/key/key.core/../key.ui/examples/heap/verifyThis11_1_Maximum/project.key 
56531      DEBUG main            d.u.i.k.p.i.AbstractProblemLoader Environment load took 269.3ns 
56532      INFO  main            d.u.i.k.p.i.AbstractProblemLoader Creating init config 
59130      DEBUG main            d.u.i.k.p.i.AbstractProblemLoader Init config took 2.6s 
59172      INFO  main            d.u.i.k.p.i.AbstractProblemLoader Replaying proof Maximum[Maximum::maxIndex([I)].JML normal_behavior operation contract.0 
59173      DEBUG main            d.u.i.k.p.i.IntermediateProofReplayer Proof replay took 6.5ns 
60079      INFO  main            d.u.i.k.p.r.p.TestFile    ... finished proof: closed. 
60340      INFO  main            d.u.i.k.p.i.AbstractProblemLoader Loading environment from /home/runner/work/key/key/key.core/../key.ui/examples/heap/verifyThis11_1_Maximum/project.key.proof 
60341      DEBUG main            d.u.i.k.p.i.AbstractProblemLoader Environment load took 709.51ns 
60342      INFO  main            d.u.i.k.p.i.AbstractProblemLoader Creating init config 
62855      DEBUG main            d.u.i.k.p.i.AbstractProblemLoader Init config took 2.51s 
62909      INFO  main            d.u.i.k.p.i.AbstractProblemLoader Replaying proof Maximum[Maximum::maxIndex([I)].JML normal_behavior operation contract.0 
63030      DEBUG main            d.u.i.k.p.i.IntermediateProofReplayer Proof replay took 114.69ms 
63034      DEBUG main            d.u.i.k.p.r.p.TestFile    ... success: reloaded. 
63035      INFO  main            d.u.i.k.p.r.p.TestFile    Now processing file /home/runner/work/key/key/key.core/../key.ui/examples/heap/fm12_01_LRS/lcp.key 
63036      INFO  main            d.u.i.k.p.i.AbstractProblemLoader Loading environment from /home/runner/work/key/key/key.core/../key.ui/examples/heap/fm12_01_LRS/lcp.key 
63036      DEBUG main            d.u.i.k.p.i.AbstractProblemLoader Environment load took 251.6ns 
63037      INFO  main            d.u.i.k.p.i.AbstractProblemLoader Creating init config 
66320      DEBUG main            d.u.i.k.p.i.AbstractProblemLoader Init config took 3.28s 
66379      INFO  main            d.u.i.k.p.i.AbstractProblemLoader Replaying proof LCP[LCP::lcp([I,int,int)].JML normal_behavior operation contract.0 
66382      DEBUG main            d.u.i.k.p.i.IntermediateProofReplayer Proof replay took 6.8ns 
67325      INFO  main            d.u.i.k.p.r.p.TestFile    ... finished proof: closed. 
67640      INFO  main            d.u.i.k.p.i.AbstractProblemLoader Loading environment from /home/runner/work/key/key/key.core/../key.ui/examples/heap/fm12_01_LRS/lcp.key.proof 
67641      DEBUG main            d.u.i.k.p.i.AbstractProblemLoader Environment load took 647.61ns 
67643      INFO  main            d.u.i.k.p.i.AbstractProblemLoader Creating init config 
70676      DEBUG main            d.u.i.k.p.i.AbstractProblemLoader Init config took 3.03s 
70739      INFO  main            d.u.i.k.p.i.AbstractProblemLoader Replaying proof LCP[LCP::lcp([I,int,int)].JML normal_behavior operation contract.0 
70893      DEBUG main            d.u.i.k.p.i.IntermediateProofReplayer Proof replay took 147.71ms 
70894      DEBUG main            d.u.i.k.p.r.p.TestFile    ... success: reloaded. 
70895      INFO  main            d.u.i.k.p.r.p.TestFile    Now processing file /home/runner/work/key/key/key.core/../key.ui/examples/heap/SemanticSlicing/project.key 
70896      INFO  main            d.u.i.k.p.i.AbstractProblemLoader Loading environment from /home/runner/work/key/key/key.core/../key.ui/examples/heap/SemanticSlicing/project.key 
70896      DEBUG main            d.u.i.k.p.i.AbstractProblemLoader Environment load took 105.2ns 
70897      INFO  main            d.u.i.k.p.i.AbstractProblemLoader Creating init config 
73684      DEBUG main            d.u.i.k.p.i.AbstractProblemLoader Init config took 2.79s 
73755      INFO  main            d.u.i.k.p.i.AbstractProblemLoader Replaying proof unsatcore_after.competition.postcond5.scope333.LRS[unsatcore_after.competition.postcond5.scope333.LRS::doLRS()].JML operation contract.0 
73757      DEBUG main            d.u.i.k.p.i.IntermediateProofReplayer Proof replay took 7.5ns 
77605      INFO  main            d.u.i.k.p.r.p.TestFile    ... finished proof: closed. 
77894      INFO  main            d.u.i.k.p.i.AbstractProblemLoader Loading environment from /home/runner/work/key/key/key.core/../key.ui/examples/heap/SemanticSlicing/project.key.proof 
77895      DEBUG main            d.u.i.k.p.i.AbstractProblemLoader Environment load took 559.81ns 
77897      INFO  main            d.u.i.k.p.i.AbstractProblemLoader Creating init config 
80542      DEBUG main            d.u.i.k.p.i.AbstractProblemLoader Init config took 2.65s 
80600      INFO  main            d.u.i.k.p.i.AbstractProblemLoader Replaying proof unsatcore_after.competition.postcond5.scope333.LRS[unsatcore_after.competition.postcond5.scope333.LRS::doLRS()].JML operation contract.0 
81188      DEBUG main            d.u.i.k.p.i.IntermediateProofReplayer Proof replay took 571.67ms 
81192      DEBUG main            d.u.i.k.p.r.p.TestFile    ... success: reloaded. 
81193      INFO  main            d.u.i.k.p.r.p.TestFile    Now processing file /home/runner/work/key/key/key.core/../key.ui/examples/heap/information_flow/ArrayList_contains.key 
81194      INFO  main            d.u.i.k.p.i.AbstractProblemLoader Loading environment from /home/runner/work/key/key/key.core/../key.ui/examples/heap/information_flow/ArrayList_contains.key 
81194      DEBUG main            d.u.i.k.p.i.AbstractProblemLoader Environment load took 260.8ns 
81195      INFO  main            d.u.i.k.p.i.AbstractProblemLoader Creating init config 
84092      DEBUG main            d.u.i.k.p.i.AbstractProblemLoader Init config took 2.9s 
84132      INFO  main            d.u.i.k.p.i.AbstractProblemLoader Replaying proof ArrayList[ArrayList::get(int)].JML normal_behavior operation contract.0 
84134      DEBUG main            d.u.i.k.p.i.IntermediateProofReplayer Proof replay took 5.9ns 
84439      INFO  main            d.u.i.k.p.r.p.TestFile    ... finished proof: closed. 
84708      INFO  main            d.u.i.k.p.i.AbstractProblemLoader Loading environment from /home/runner/work/key/key/key.core/../key.ui/examples/heap/information_flow/ArrayList_contains.key.proof 
84709      DEBUG main            d.u.i.k.p.i.AbstractProblemLoader Environment load took 131.5ns 
84710      INFO  main            d.u.i.k.p.i.AbstractProblemLoader Creating init config 
87495      DEBUG main            d.u.i.k.p.i.AbstractProblemLoader Init config took 2.78s 
87534      INFO  main            d.u.i.k.p.i.AbstractProblemLoader Replaying proof ArrayList[ArrayList::get(int)].JML normal_behavior operation contract.0 
87576      DEBUG main            d.u.i.k.p.i.IntermediateProofReplayer Proof replay took 38.91ms 
87577      DEBUG main            d.u.i.k.p.r.p.TestFile    ... success: reloaded. 
87578      INFO  main            d.u.i.k.p.r.p.TestFile    Now processing file /home/runner/work/key/key/key.core/../key.ui/examples/heap/information_flow/ArrayList_get.key 
87578      INFO  main            d.u.i.k.p.i.AbstractProblemLoader Loading environment from /home/runner/work/key/key/key.core/../key.ui/examples/heap/information_flow/ArrayList_get.key 
87578      DEBUG main            d.u.i.k.p.i.AbstractProblemLoader Environment load took 102.7ns 
87579      INFO  main            d.u.i.k.p.i.AbstractProblemLoader Creating init config 
90361      DEBUG main            d.u.i.k.p.i.AbstractProblemLoader Init config took 2.78s 
90400      INFO  main            d.u.i.k.p.i.AbstractProblemLoader Replaying proof ArrayList[ArrayList::contains(java.lang.Object)].JML normal_behavior operation contract.0 
90402      DEBUG main            d.u.i.k.p.i.IntermediateProofReplayer Proof replay took 6.6ns 
91308      INFO  main            d.u.i.k.p.r.p.TestFile    ... finished proof: closed. 
91583      INFO  main            d.u.i.k.p.i.AbstractProblemLoader Loading environment from /home/runner/work/key/key/key.core/../key.ui/examples/heap/information_flow/ArrayList_get.key.proof 
91583      DEBUG main            d.u.i.k.p.i.AbstractProblemLoader Environment load took 289ns 
91585      INFO  main            d.u.i.k.p.i.AbstractProblemLoader Creating init config 
94393      DEBUG main            d.u.i.k.p.i.AbstractProblemLoader Init config took 2.81s 
94434      INFO  main            d.u.i.k.p.i.AbstractProblemLoader Replaying proof ArrayList[ArrayList::contains(java.lang.Object)].JML normal_behavior operation contract.0 
94556      DEBUG main            d.u.i.k.p.i.IntermediateProofReplayer Proof replay took 118.01ms 
94557      DEBUG main            d.u.i.k.p.r.p.TestFile    ... success: reloaded. 
94558      INFO  main            d.u.i.k.p.r.p.TestFile    Now processing file /home/runner/work/key/key/key.core/../key.ui/examples/heap/information_flow/ArrayList_size.key 
94559      INFO  main            d.u.i.k.p.i.AbstractProblemLoader Loading environment from /home/runner/work/key/key/key.core/../key.ui/examples/heap/information_flow/ArrayList_size.key 
94559      DEBUG main            d.u.i.k.p.i.AbstractProblemLoader Environment load took 236.2ns 
94560      INFO  main            d.u.i.k.p.i.AbstractProblemLoader Creating init config 
97348      DEBUG main            d.u.i.k.p.i.AbstractProblemLoader Init config took 2.79s 
97390      INFO  main            d.u.i.k.p.i.AbstractProblemLoader Replaying proof ArrayList[ArrayList::size()].JML normal_behavior operation contract.0 
97392      DEBUG main            d.u.i.k.p.i.IntermediateProofReplayer Proof replay took 6.3ns 
97494      INFO  main            d.u.i.k.p.r.p.TestFile    ... finished proof: closed. 
97753      INFO  main            d.u.i.k.p.i.AbstractProblemLoader Loading environment from /home/runner/work/key/key/key.core/../key.ui/examples/heap/information_flow/ArrayList_size.key.proof 
97753      DEBUG main            d.u.i.k.p.i.AbstractProblemLoader Environment load took 131.9ns 
97754      INFO  main            d.u.i.k.p.i.AbstractProblemLoader Creating init config 
100488     DEBUG main            d.u.i.k.p.i.AbstractProblemLoader Init config took 2.73s 
100526     INFO  main            d.u.i.k.p.i.AbstractProblemLoader Replaying proof ArrayList[ArrayList::size()].JML normal_behavior operation contract.0 
100538     DEBUG main            d.u.i.k.p.i.IntermediateProofReplayer Proof replay took 10.66ms 
100539     DEBUG main            d.u.i.k.p.r.p.TestFile    ... success: reloaded. 
100540     INFO  main            d.u.i.k.p.r.p.TestFile    Now processing file /home/runner/work/key/key/key.core/../key.ui/examples/heap/information_flow/UpdateAbstraction_ex7_3_secure.key 
100540     INFO  main            d.u.i.k.p.i.AbstractProblemLoader Loading environment from /home/runner/work/key/key/key.core/../key.ui/examples/heap/information_flow/UpdateAbstraction_ex7_3_secure.key 
100540     DEBUG main            d.u.i.k.p.i.AbstractProblemLoader Environment load took 87.5ns 
100543     INFO  main            d.u.i.k.p.i.AbstractProblemLoader Creating init config 
103336     DEBUG main            d.u.i.k.p.i.AbstractProblemLoader Init config took 2.79s 
103372     INFO  main            d.u.i.k.p.i.AbstractProblemLoader Replaying proof UpdateAbstraction[UpdateAbstraction::ex7_3_secure()].JML operation contract.0 
103374     DEBUG main            d.u.i.k.p.i.IntermediateProofReplayer Proof replay took 6.3ns 
103576     INFO  main            d.u.i.k.p.r.p.TestFile    ... finished proof: closed. 
103848     INFO  main            d.u.i.k.p.i.AbstractProblemLoader Loading environment from /home/runner/work/key/key/key.core/../key.ui/examples/heap/information_flow/UpdateAbstraction_ex7_3_secure.key.proof 
103848     DEBUG main            d.u.i.k.p.i.AbstractProblemLoader Environment load took 126.7ns 
103849     INFO  main            d.u.i.k.p.i.AbstractProblemLoader Creating init config 
106567     DEBUG main            d.u.i.k.p.i.AbstractProblemLoader Init config took 2.72s 
106604     INFO  main            d.u.i.k.p.i.AbstractProblemLoader Replaying proof UpdateAbstraction[UpdateAbstraction::ex7_3_secure()].JML operation contract.0 
106630     DEBUG main            d.u.i.k.p.i.IntermediateProofReplayer Proof replay took 23.68ms 
106631     DEBUG main            d.u.i.k.p.r.p.TestFile    ... success: reloaded. 
106631     INFO  main            d.u.i.k.p.r.p.TestFile    Now processing file /home/runner/work/key/key/key.core/../key.ui/examples/heap/information_flow/UpdateAbstraction_ex7_4_secure.key 
106632     INFO  main            d.u.i.k.p.i.AbstractProblemLoader Loading environment from /home/runner/work/key/key/key.core/../key.ui/examples/heap/information_flow/UpdateAbstraction_ex7_4_secure.key 
106632     DEBUG main            d.u.i.k.p.i.AbstractProblemLoader Environment load took 87ns 
106633     INFO  main            d.u.i.k.p.i.AbstractProblemLoader Creating init config 
109392     DEBUG main            d.u.i.k.p.i.AbstractProblemLoader Init config took 2.76s 
109429     INFO  main            d.u.i.k.p.i.AbstractProblemLoader Replaying proof UpdateAbstraction[UpdateAbstraction::ex7_4_secure()].JML operation contract.0 
109430     DEBUG main            d.u.i.k.p.i.IntermediateProofReplayer Proof replay took 6.9ns 
109632     INFO  main            d.u.i.k.p.r.p.TestFile    ... finished proof: closed. 
109914     INFO  main            d.u.i.k.p.i.AbstractProblemLoader Loading environment from /home/runner/work/key/key/key.core/../key.ui/examples/heap/information_flow/UpdateAbstraction_ex7_4_secure.key.proof 
109914     DEBUG main            d.u.i.k.p.i.AbstractProblemLoader Environment load took 128.3ns 
109915     INFO  main            d.u.i.k.p.i.AbstractProblemLoader Creating init config 
112627     DEBUG main            d.u.i.k.p.i.AbstractProblemLoader Init config took 2.71s 
112676     INFO  main            d.u.i.k.p.i.AbstractProblemLoader Replaying proof UpdateAbstraction[UpdateAbstraction::ex7_4_secure()].JML operation contract.0 
112713     DEBUG main            d.u.i.k.p.i.IntermediateProofReplayer Proof replay took 34.03ms 
112714     DEBUG main            d.u.i.k.p.r.p.TestFile    ... success: reloaded. 
112714     INFO  main            d.u.i.k.p.r.p.TestFile    Now processing file /home/runner/work/key/key/key.core/../key.ui/examples/heap/information_flow/UpdateAbstraction_ex7_5_secure.key 
112715     INFO  main            d.u.i.k.p.i.AbstractProblemLoader Loading environment from /home/runner/work/key/key/key.core/../key.ui/examples/heap/information_flow/UpdateAbstraction_ex7_5_secure.key 
112715     DEBUG main            d.u.i.k.p.i.AbstractProblemLoader Environment load took 250.8ns 
112716     INFO  main            d.u.i.k.p.i.AbstractProblemLoader Creating init config 
115491     DEBUG main            d.u.i.k.p.i.AbstractProblemLoader Init config took 2.77s 
115527     INFO  main            d.u.i.k.p.i.AbstractProblemLoader Replaying proof UpdateAbstraction[UpdateAbstraction::ex7_5_secure()].JML operation contract.0 
115529     DEBUG main            d.u.i.k.p.i.IntermediateProofReplayer Proof replay took 5.7ns 
115630     INFO  main            d.u.i.k.p.r.p.TestFile    ... finished proof: closed. 
115908     INFO  main            d.u.i.k.p.i.AbstractProblemLoader Loading environment from /home/runner/work/key/key/key.core/../key.ui/examples/heap/information_flow/UpdateAbstraction_ex7_5_secure.key.proof 
115908     DEBUG main            d.u.i.k.p.i.AbstractProblemLoader Environment load took 140.1ns 
115909     INFO  main            d.u.i.k.p.i.AbstractProblemLoader Creating init config 
118630     DEBUG main            d.u.i.k.p.i.AbstractProblemLoader Init config took 2.72s 
118666     INFO  main            d.u.i.k.p.i.AbstractProblemLoader Replaying proof UpdateAbstraction[UpdateAbstraction::ex7_5_secure()].JML operation contract.0 
118681     DEBUG main            d.u.i.k.p.i.IntermediateProofReplayer Proof replay took 13.94ms 
118682     DEBUG main            d.u.i.k.p.r.p.TestFile    ... success: reloaded. 
118683     INFO  main            d.u.i.k.p.r.p.TestFile    Now processing file /home/runner/work/key/key/key.core/../key.ui/examples/heap/information_flow/UpdateAbstraction_ex7_6_secure.key 
118683     INFO  main            d.u.i.k.p.i.AbstractProblemLoader Loading environment from /home/runner/work/key/key/key.core/../key.ui/examples/heap/information_flow/UpdateAbstraction_ex7_6_secure.key 
118683     DEBUG main            d.u.i.k.p.i.AbstractProblemLoader Environment load took 105.6ns 
118684     INFO  main            d.u.i.k.p.i.AbstractProblemLoader Creating init config 
121446     DEBUG main            d.u.i.k.p.i.AbstractProblemLoader Init config took 2.76s 
121481     INFO  main            d.u.i.k.p.i.AbstractProblemLoader Replaying proof UpdateAbstraction[UpdateAbstraction::ex7_6_secure()].JML operation contract.0 
121482     DEBUG main            d.u.i.k.p.i.IntermediateProofReplayer Proof replay took 6.1ns 
121787     INFO  main            d.u.i.k.p.r.p.TestFile    ... finished proof: closed. 
122126     INFO  main            d.u.i.k.p.i.AbstractProblemLoader Loading environment from /home/runner/work/key/key/key.core/../key.ui/examples/heap/information_flow/UpdateAbstraction_ex7_6_secure.key.proof 
122126     DEBUG main            d.u.i.k.p.i.AbstractProblemLoader Environment load took 129.8ns 
122127     INFO  main            d.u.i.k.p.i.AbstractProblemLoader Creating init config 
124808     DEBUG main            d.u.i.k.p.i.AbstractProblemLoader Init config took 2.68s 
124844     INFO  main            d.u.i.k.p.i.AbstractProblemLoader Replaying proof UpdateAbstraction[UpdateAbstraction::ex7_6_secure()].JML operation contract.0 
124893     DEBUG main            d.u.i.k.p.i.IntermediateProofReplayer Proof replay took 45.53ms 
124894     DEBUG main            d.u.i.k.p.r.p.TestFile    ... success: reloaded. 
124895     INFO  main            d.u.i.k.p.r.p.TestFile    Now processing file /home/runner/work/key/key/key.core/../key.ui/examples/heap/information_flow/UpdateAbstraction_ex9_secure.key 
124896     INFO  main            d.u.i.k.p.i.AbstractProblemLoader Loading environment from /home/runner/work/key/key/key.core/../key.ui/examples/heap/information_flow/UpdateAbstraction_ex9_secure.key 
124896     DEBUG main            d.u.i.k.p.i.AbstractProblemLoader Environment load took 238.1ns 
124897     INFO  main            d.u.i.k.p.i.AbstractProblemLoader Creating init config 
127643     DEBUG main            d.u.i.k.p.i.AbstractProblemLoader Init config took 2.75s 
127678     INFO  main            d.u.i.k.p.i.AbstractProblemLoader Replaying proof UpdateAbstraction[UpdateAbstraction::ex9_secure()].JML operation contract.0 
127680     DEBUG main            d.u.i.k.p.i.IntermediateProofReplayer Proof replay took 6.3ns 
128583     INFO  main            d.u.i.k.p.r.p.TestFile    ... finished proof: closed. 
128884     INFO  main            d.u.i.k.p.i.AbstractProblemLoader Loading environment from /home/runner/work/key/key/key.core/../key.ui/examples/heap/information_flow/UpdateAbstraction_ex9_secure.key.proof 
128884     DEBUG main            d.u.i.k.p.i.AbstractProblemLoader Environment load took 146.8ns 
128886     INFO  main            d.u.i.k.p.i.AbstractProblemLoader Creating init config 
131582     DEBUG main            d.u.i.k.p.i.AbstractProblemLoader Init config took 2.7s 
131618     INFO  main            d.u.i.k.p.i.AbstractProblemLoader Replaying proof UpdateAbstraction[UpdateAbstraction::ex9_secure()].JML operation contract.0 
131776     DEBUG main            d.u.i.k.p.i.IntermediateProofReplayer Proof replay took 154.28ms 
131777     DEBUG main            d.u.i.k.p.r.p.TestFile    ... success: reloaded. 
852751     INFO  Test worker     d.u.i.k.p.r.p.StatisticsFile Returning from test javaCard 
852753     INFO  Test worker     d.u.i.k.p.r.p.StatisticsFile Running test list 
363        INFO  Timeout watchdog d.u.i.k.p.r.p.ForkedTestFileRunner Timeout watcher launched (2000 secs.) 
366        WARN  main            d.u.i.k.s.ProofSettings   The settings in /home/runner/.key/proof-settings.props are *not* read. 
412        INFO  main            d.u.i.k.p.r.p.TestFile    Now processing file /home/runner/work/key/key/key.core/../key.ui/examples/heap/list/ArrayList_add.key 
538        INFO  main            d.u.i.k.p.i.AbstractProblemLoader Loading environment from /home/runner/work/key/key/key.core/../key.ui/examples/heap/list/ArrayList_add.key 
563        DEBUG main            d.u.i.k.p.i.AbstractProblemLoader Environment load took 2.32ms 
783        INFO  main            d.u.i.k.p.i.AbstractProblemLoader Creating init config 
1719       DEBUG main            d.u.i.k.j.TypeConverter   No LDT found for Meta 
1720       DEBUG main            d.u.i.k.j.TypeConverter   No LDT found for Meta 
1722       DEBUG main            d.u.i.k.j.TypeConverter   No LDT found for Meta 
1722       DEBUG main            d.u.i.k.j.TypeConverter   No LDT found for Meta 
3283       DEBUG main            d.u.i.k.j.TypeConverter   No LDT found for JavaBigintExpression 
6553       DEBUG main            d.u.i.k.j.r.ClassPreparationMethodBuilder clPrepBuilder: Inner Class detected. Reject building class initialisation methods. 
9425       DEBUG main            d.u.i.k.p.i.AbstractProblemLoader Init config took 8.64s 
9614       INFO  main            d.u.i.k.p.i.AbstractProblemLoader Replaying proof ArrayList[List::add(java.lang.Object)].JML normal_behavior operation contract.0 
9694       DEBUG main            d.u.i.k.p.i.IntermediateProofReplayer Proof replay took 50.8ns 
15584      INFO  main            d.u.i.k.p.r.p.TestFile    ... finished proof: closed. 
15860      INFO  main            d.u.i.k.p.i.AbstractProblemLoader Loading environment from /home/runner/work/key/key/key.core/../key.ui/examples/heap/list/ArrayList_add.key.proof 
15861      DEBUG main            d.u.i.k.p.i.AbstractProblemLoader Environment load took 547.41ns 
15869      INFO  main            d.u.i.k.p.i.AbstractProblemLoader Creating init config 
17081      DEBUG main            d.u.i.k.j.r.ClassPreparationMethodBuilder clPrepBuilder: Inner Class detected. Reject building class initialisation methods. 
19550      DEBUG main            d.u.i.k.p.i.AbstractProblemLoader Init config took 3.68s 
19632      INFO  main            d.u.i.k.p.i.AbstractProblemLoader Replaying proof ArrayList[List::add(java.lang.Object)].JML normal_behavior operation contract.0 
20282      DEBUG main            d.u.i.k.p.i.IntermediateProofReplayer Proof replay took 624.19ms 
20292      DEBUG main            d.u.i.k.p.r.p.TestFile    ... success: reloaded. 
20294      INFO  main            d.u.i.k.p.r.p.TestFile    Now processing file /home/runner/work/key/key/key.core/../key.ui/examples/heap/list/ArrayList_ArrayList.key 
20295      INFO  main            d.u.i.k.p.i.AbstractProblemLoader Loading environment from /home/runner/work/key/key/key.core/../key.ui/examples/heap/list/ArrayList_ArrayList.key 
20296      DEBUG main            d.u.i.k.p.i.AbstractProblemLoader Environment load took 326.9ns 
20297      INFO  main            d.u.i.k.p.i.AbstractProblemLoader Creating init config 
21393      DEBUG main            d.u.i.k.j.r.ClassPreparationMethodBuilder clPrepBuilder: Inner Class detected. Reject building class initialisation methods. 
23661      DEBUG main            d.u.i.k.p.i.AbstractProblemLoader Init config took 3.36s 
23729      INFO  main            d.u.i.k.p.i.AbstractProblemLoader Replaying proof ArrayList[ArrayList::ArrayList()].JML normal_behavior operation contract.0 
23732      DEBUG main            d.u.i.k.p.i.IntermediateProofReplayer Proof replay took 6.4ns 
25239      INFO  main            d.u.i.k.p.r.p.TestFile    ... finished proof: closed. 
25424      INFO  main            d.u.i.k.p.i.AbstractProblemLoader Loading environment from /home/runner/work/key/key/key.core/../key.ui/examples/heap/list/ArrayList_ArrayList.key.proof 
25424      DEBUG main            d.u.i.k.p.i.AbstractProblemLoader Environment load took 521.11ns 
25426      INFO  main            d.u.i.k.p.i.AbstractProblemLoader Creating init config 
26483      DEBUG main            d.u.i.k.j.r.ClassPreparationMethodBuilder clPrepBuilder: Inner Class detected. Reject building class initialisation methods. 
28785      DEBUG main            d.u.i.k.p.i.AbstractProblemLoader Init config took 3.36s 
28847      INFO  main            d.u.i.k.p.i.AbstractProblemLoader Replaying proof ArrayList[ArrayList::ArrayList()].JML normal_behavior operation contract.0 
29080      DEBUG main            d.u.i.k.p.i.IntermediateProofReplayer Proof replay took 222.86ms 
29082      DEBUG main            d.u.i.k.p.r.p.TestFile    ... success: reloaded. 
29083      INFO  main            d.u.i.k.p.r.p.TestFile    Now processing file /home/runner/work/key/key/key.core/../key.ui/examples/heap/list/ArrayList_concatenate.key 
29084      INFO  main            d.u.i.k.p.i.AbstractProblemLoader Loading environment from /home/runner/work/key/key/key.core/../key.ui/examples/heap/list/ArrayList_concatenate.key 
29084      DEBUG main            d.u.i.k.p.i.AbstractProblemLoader Environment load took 444.9ns 
29086      INFO  main            d.u.i.k.p.i.AbstractProblemLoader Creating init config 
30236      DEBUG main            d.u.i.k.j.r.ClassPreparationMethodBuilder clPrepBuilder: Inner Class detected. Reject building class initialisation methods. 
32503      DEBUG main            d.u.i.k.p.i.AbstractProblemLoader Init config took 3.42s 
32577      INFO  main            d.u.i.k.p.i.AbstractProblemLoader Replaying proof ArrayList[List::concatenate(List)].JML normal_behavior operation contract.0 
32581      DEBUG main            d.u.i.k.p.i.IntermediateProofReplayer Proof replay took 16.4ns 
55942      INFO  main            d.u.i.k.p.r.p.TestFile    ... finished proof: closed. 
56217      INFO  main            d.u.i.k.p.i.AbstractProblemLoader Loading environment from /home/runner/work/key/key/key.core/../key.ui/examples/heap/list/ArrayList_concatenate.key.proof 
56217      DEBUG main            d.u.i.k.p.i.AbstractProblemLoader Environment load took 510.41ns 
56224      INFO  main            d.u.i.k.p.i.AbstractProblemLoader Creating init config 
57246      DEBUG main            d.u.i.k.j.r.ClassPreparationMethodBuilder clPrepBuilder: Inner Class detected. Reject building class initialisation methods. 
59414      DEBUG main            d.u.i.k.p.i.AbstractProblemLoader Init config took 3.19s 
59491      INFO  main            d.u.i.k.p.i.AbstractProblemLoader Replaying proof ArrayList[List::concatenate(List)].JML normal_behavior operation contract.0 
61017      DEBUG main            d.u.i.k.p.i.IntermediateProofReplayer Proof replay took 1.45s 
61021      DEBUG main            d.u.i.k.p.r.p.TestFile    ... success: reloaded. 
61023      INFO  main            d.u.i.k.p.r.p.TestFile    Now processing file /home/runner/work/key/key/key.core/../key.ui/examples/heap/list/ArrayList_contains_dep.key 
61023      INFO  main            d.u.i.k.p.i.AbstractProblemLoader Loading environment from /home/runner/work/key/key/key.core/../key.ui/examples/heap/list/ArrayList_contains_dep.key 
61023      DEBUG main            d.u.i.k.p.i.AbstractProblemLoader Environment load took 127.1ns 
61024      INFO  main            d.u.i.k.p.i.AbstractProblemLoader Creating init config 
62164      DEBUG main            d.u.i.k.j.r.ClassPreparationMethodBuilder clPrepBuilder: Inner Class detected. Reject building class initialisation methods. 
64377      DEBUG main            d.u.i.k.p.i.AbstractProblemLoader Init config took 3.35s 
64459      INFO  main            d.u.i.k.p.i.AbstractProblemLoader Replaying proof ArrayList[List::contains(java.lang.Object)].JML accessible clause.0 
64461      DEBUG main            d.u.i.k.p.i.IntermediateProofReplayer Proof replay took 6.6ns 
67072      INFO  main            d.u.i.k.p.r.p.TestFile    ... finished proof: closed. 
67367      INFO  main            d.u.i.k.p.i.AbstractProblemLoader Loading environment from /home/runner/work/key/key/key.core/../key.ui/examples/heap/list/ArrayList_contains_dep.key.proof 
67368      DEBUG main            d.u.i.k.p.i.AbstractProblemLoader Environment load took 515.91ns 
67370      INFO  main            d.u.i.k.p.i.AbstractProblemLoader Creating init config 
68378      DEBUG main            d.u.i.k.j.r.ClassPreparationMethodBuilder clPrepBuilder: Inner Class detected. Reject building class initialisation methods. 
70601      DEBUG main            d.u.i.k.p.i.AbstractProblemLoader Init config took 3.23s 
70654      INFO  main            d.u.i.k.p.i.AbstractProblemLoader Replaying proof ArrayList[List::contains(java.lang.Object)].JML accessible clause.0 
70962      DEBUG main            d.u.i.k.p.i.IntermediateProofReplayer Proof replay took 296.48ms 
70963      DEBUG main            d.u.i.k.p.r.p.TestFile    ... success: reloaded. 
70965      INFO  main            d.u.i.k.p.r.p.TestFile    Now processing file /home/runner/work/key/key/key.core/../key.ui/examples/heap/list/ArrayList_enlarge.key 
70965      INFO  main            d.u.i.k.p.i.AbstractProblemLoader Loading environment from /home/runner/work/key/key/key.core/../key.ui/examples/heap/list/ArrayList_enlarge.key 
70965      DEBUG main            d.u.i.k.p.i.AbstractProblemLoader Environment load took 114.7ns 
70966      INFO  main            d.u.i.k.p.i.AbstractProblemLoader Creating init config 
71965      DEBUG main            d.u.i.k.j.r.ClassPreparationMethodBuilder clPrepBuilder: Inner Class detected. Reject building class initialisation methods. 
74127      DEBUG main            d.u.i.k.p.i.AbstractProblemLoader Init config took 3.16s 
74181      INFO  main            d.u.i.k.p.i.AbstractProblemLoader Replaying proof ArrayList[ArrayList::enlarge()].JML normal_behavior operation contract.0 
74184      DEBUG main            d.u.i.k.p.i.IntermediateProofReplayer Proof replay took 6.8ns 
76496      INFO  main            d.u.i.k.p.r.p.TestFile    ... finished proof: closed. 
76689      INFO  main            d.u.i.k.p.i.AbstractProblemLoader Loading environment from /home/runner/work/key/key/key.core/../key.ui/examples/heap/list/ArrayList_enlarge.key.proof 
76690      DEBUG main            d.u.i.k.p.i.AbstractProblemLoader Environment load took 855.81ns 
76696      INFO  main            d.u.i.k.p.i.AbstractProblemLoader Creating init config 
77673      DEBUG main            d.u.i.k.j.r.ClassPreparationMethodBuilder clPrepBuilder: Inner Class detected. Reject building class initialisation methods. 
79831      DEBUG main            d.u.i.k.p.i.AbstractProblemLoader Init config took 3.13s 
79897      INFO  main            d.u.i.k.p.i.AbstractProblemLoader Replaying proof ArrayList[ArrayList::enlarge()].JML normal_behavior operation contract.0 
80173      DEBUG main            d.u.i.k.p.i.IntermediateProofReplayer Proof replay took 266.27ms 
80174      DEBUG main            d.u.i.k.p.r.p.TestFile    ... success: reloaded. 
80176      INFO  main            d.u.i.k.p.r.p.TestFile    Now processing file /home/runner/work/key/key/key.core/../key.ui/examples/heap/list/ArrayList_footprint.key 
80176      INFO  main            d.u.i.k.p.i.AbstractProblemLoader Loading environment from /home/runner/work/key/key/key.core/../key.ui/examples/heap/list/ArrayList_footprint.key 
80177      DEBUG main            d.u.i.k.p.i.AbstractProblemLoader Environment load took 246.9ns 
80178      INFO  main            d.u.i.k.p.i.AbstractProblemLoader Creating init config 
81236      DEBUG main            d.u.i.k.j.r.ClassPreparationMethodBuilder clPrepBuilder: Inner Class detected. Reject building class initialisation methods. 
83469      DEBUG main            d.u.i.k.p.i.AbstractProblemLoader Init config took 3.29s 
83515      INFO  main            d.u.i.k.p.i.AbstractProblemLoader Replaying proof List[List::$footprint()].JML accessible clause.0 
83516      DEBUG main            d.u.i.k.p.i.IntermediateProofReplayer Proof replay took 7.2ns 
83618      INFO  main            d.u.i.k.p.r.p.TestFile    ... finished proof: closed. 
83799      INFO  main            d.u.i.k.p.i.AbstractProblemLoader Loading environment from /home/runner/work/key/key/key.core/../key.ui/examples/heap/list/ArrayList_footprint.key.proof 
83799      DEBUG main            d.u.i.k.p.i.AbstractProblemLoader Environment load took 131.2ns 
83800      INFO  main            d.u.i.k.p.i.AbstractProblemLoader Creating init config 
84813      DEBUG main            d.u.i.k.j.r.ClassPreparationMethodBuilder clPrepBuilder: Inner Class detected. Reject building class initialisation methods. 
86992      DEBUG main            d.u.i.k.p.i.AbstractProblemLoader Init config took 3.19s 
87045      INFO  main            d.u.i.k.p.i.AbstractProblemLoader Replaying proof List[List::$footprint()].JML accessible clause.0 
87051      DEBUG main            d.u.i.k.p.i.IntermediateProofReplayer Proof replay took 955.01ns 
87052      DEBUG main            d.u.i.k.p.r.p.TestFile    ... success: reloaded. 
87053      INFO  main            d.u.i.k.p.r.p.TestFile    Now processing file /home/runner/work/key/key/key.core/../key.ui/examples/heap/list/ArrayList_get_dep.key 
87054      INFO  main            d.u.i.k.p.i.AbstractProblemLoader Loading environment from /home/runner/work/key/key/key.core/../key.ui/examples/heap/list/ArrayList_get_dep.key 
87054      DEBUG main            d.u.i.k.p.i.AbstractProblemLoader Environment load took 179.2ns 
87055      INFO  main            d.u.i.k.p.i.AbstractProblemLoader Creating init config 
88073      DEBUG main            d.u.i.k.j.r.ClassPreparationMethodBuilder clPrepBuilder: Inner Class detected. Reject building class initialisation methods. 
90217      DEBUG main            d.u.i.k.p.i.AbstractProblemLoader Init config took 3.16s 
90268      INFO  main            d.u.i.k.p.i.AbstractProblemLoader Replaying proof ArrayList[List::get(int)].JML accessible clause.0 
90270      DEBUG main            d.u.i.k.p.i.IntermediateProofReplayer Proof replay took 6.4ns 
90676      INFO  main            d.u.i.k.p.r.p.TestFile    ... finished proof: closed. 
90863      INFO  main            d.u.i.k.p.i.AbstractProblemLoader Loading environment from /home/runner/work/key/key/key.core/../key.ui/examples/heap/list/ArrayList_get_dep.key.proof 
90863      DEBUG main            d.u.i.k.p.i.AbstractProblemLoader Environment load took 158.3ns 
90865      INFO  main            d.u.i.k.p.i.AbstractProblemLoader Creating init config 
91884      DEBUG main            d.u.i.k.j.r.ClassPreparationMethodBuilder clPrepBuilder: Inner Class detected. Reject building class initialisation methods. 
93987      DEBUG main            d.u.i.k.p.i.AbstractProblemLoader Init config took 3.12s 
94038      INFO  main            d.u.i.k.p.i.AbstractProblemLoader Replaying proof ArrayList[List::get(int)].JML accessible clause.0 
94092      DEBUG main            d.u.i.k.p.i.IntermediateProofReplayer Proof replay took 50.69ms 
94094      DEBUG main            d.u.i.k.p.r.p.TestFile    ... success: reloaded. 
94095      INFO  main            d.u.i.k.p.r.p.TestFile    Now processing file /home/runner/work/key/key/key.core/../key.ui/examples/heap/list/ArrayList_get_exceptional.key 
94095      INFO  main            d.u.i.k.p.i.AbstractProblemLoader Loading environment from /home/runner/work/key/key/key.core/../key.ui/examples/heap/list/ArrayList_get_exceptional.key 
94095      DEBUG main            d.u.i.k.p.i.AbstractProblemLoader Environment load took 137.7ns 
94096      INFO  main            d.u.i.k.p.i.AbstractProblemLoader Creating init config 
95104      DEBUG main            d.u.i.k.j.r.ClassPreparationMethodBuilder clPrepBuilder: Inner Class detected. Reject building class initialisation methods. 
97267      DEBUG main            d.u.i.k.p.i.AbstractProblemLoader Init config took 3.17s 
97335      INFO  main            d.u.i.k.p.i.AbstractProblemLoader Replaying proof ArrayList[List::get(int)].JML exceptional_behavior operation contract.0 
97337      DEBUG main            d.u.i.k.p.i.IntermediateProofReplayer Proof replay took 7.1ns 
98545      INFO  main            d.u.i.k.p.r.p.TestFile    ... finished proof: closed. 
98747      INFO  main            d.u.i.k.p.i.AbstractProblemLoader Loading environment from /home/runner/work/key/key/key.core/../key.ui/examples/heap/list/ArrayList_get_exceptional.key.proof 
98748      DEBUG main            d.u.i.k.p.i.AbstractProblemLoader Environment load took 503.11ns 
98749      INFO  main            d.u.i.k.p.i.AbstractProblemLoader Creating init config 
99736      DEBUG main            d.u.i.k.j.r.ClassPreparationMethodBuilder clPrepBuilder: Inner Class detected. Reject building class initialisation methods. 
101879     DEBUG main            d.u.i.k.p.i.AbstractProblemLoader Init config took 3.13s 
101939     INFO  main            d.u.i.k.p.i.AbstractProblemLoader Replaying proof ArrayList[List::get(int)].JML exceptional_behavior operation contract.0 
102090     DEBUG main            d.u.i.k.p.i.IntermediateProofReplayer Proof replay took 142.79ms 
102092     DEBUG main            d.u.i.k.p.r.p.TestFile    ... success: reloaded. 
102094     INFO  main            d.u.i.k.p.r.p.TestFile    Now processing file /home/runner/work/key/key/key.core/../key.ui/examples/heap/list/ArrayList_get_normal.key 
102094     INFO  main            d.u.i.k.p.i.AbstractProblemLoader Loading environment from /home/runner/work/key/key/key.core/../key.ui/examples/heap/list/ArrayList_get_normal.key 
102094     DEBUG main            d.u.i.k.p.i.AbstractProblemLoader Environment load took 272.4ns 
102095     INFO  main            d.u.i.k.p.i.AbstractProblemLoader Creating init config 
103137     DEBUG main            d.u.i.k.j.r.ClassPreparationMethodBuilder clPrepBuilder: Inner Class detected. Reject building class initialisation methods. 
105324     DEBUG main            d.u.i.k.p.i.AbstractProblemLoader Init config took 3.23s 
105375     INFO  main            d.u.i.k.p.i.AbstractProblemLoader Replaying proof ArrayList[List::get(int)].JML normal_behavior operation contract.0 
105377     DEBUG main            d.u.i.k.p.i.IntermediateProofReplayer Proof replay took 6.9ns 
105780     INFO  main            d.u.i.k.p.r.p.TestFile    ... finished proof: closed. 
106002     INFO  main            d.u.i.k.p.i.AbstractProblemLoader Loading environment from /home/runner/work/key/key/key.core/../key.ui/examples/heap/list/ArrayList_get_normal.key.proof 
106002     DEBUG main            d.u.i.k.p.i.AbstractProblemLoader Environment load took 141.8ns 
106003     INFO  main            d.u.i.k.p.i.AbstractProblemLoader Creating init config 
106999     DEBUG main            d.u.i.k.j.r.ClassPreparationMethodBuilder clPrepBuilder: Inner Class detected. Reject building class initialisation methods. 
109147     DEBUG main            d.u.i.k.p.i.AbstractProblemLoader Init config took 3.14s 
109196     INFO  main            d.u.i.k.p.i.AbstractProblemLoader Replaying proof ArrayList[List::get(int)].JML normal_behavior operation contract.0 
109267     DEBUG main            d.u.i.k.p.i.IntermediateProofReplayer Proof replay took 66.62ms 
109268     DEBUG main            d.u.i.k.p.r.p.TestFile    ... success: reloaded. 
109269     INFO  main            d.u.i.k.p.r.p.TestFile    Now processing file /home/runner/work/key/key/key.core/../key.ui/examples/heap/list/ArrayList_inv.key 
109270     INFO  main            d.u.i.k.p.i.AbstractProblemLoader Loading environment from /home/runner/work/key/key/key.core/../key.ui/examples/heap/list/ArrayList_inv.key 
109270     DEBUG main            d.u.i.k.p.i.AbstractProblemLoader Environment load took 230.5ns 
109271     INFO  main            d.u.i.k.p.i.AbstractProblemLoader Creating init config 
110304     DEBUG main            d.u.i.k.j.r.ClassPreparationMethodBuilder clPrepBuilder: Inner Class detected. Reject building class initialisation methods. 
112439     DEBUG main            d.u.i.k.p.i.AbstractProblemLoader Init config took 3.17s 
112489     INFO  main            d.u.i.k.p.i.AbstractProblemLoader Replaying proof ArrayList[java.lang.Object::<inv>()].JML accessible clause.0 
112493     DEBUG main            d.u.i.k.p.i.IntermediateProofReplayer Proof replay took 7.5ns 
112896     INFO  main            d.u.i.k.p.r.p.TestFile    ... finished proof: closed. 
113121     INFO  main            d.u.i.k.p.i.AbstractProblemLoader Loading environment from /home/runner/work/key/key/key.core/../key.ui/examples/heap/list/ArrayList_inv.key.proof 
113121     DEBUG main            d.u.i.k.p.i.AbstractProblemLoader Environment load took 144.4ns 
113124     INFO  main            d.u.i.k.p.i.AbstractProblemLoader Creating init config 
114116     DEBUG main            d.u.i.k.j.r.ClassPreparationMethodBuilder clPrepBuilder: Inner Class detected. Reject building class initialisation methods. 
116205     DEBUG main            d.u.i.k.p.i.AbstractProblemLoader Init config took 3.08s 
116252     INFO  main            d.u.i.k.p.i.AbstractProblemLoader Replaying proof ArrayList[java.lang.Object::<inv>()].JML accessible clause.0 
116286     DEBUG main            d.u.i.k.p.i.IntermediateProofReplayer Proof replay took 30.57ms 
116287     DEBUG main            d.u.i.k.p.r.p.TestFile    ... success: reloaded. 
116290     INFO  main            d.u.i.k.p.r.p.TestFile    Now processing file /home/runner/work/key/key/key.core/../key.ui/examples/heap/list/ArrayList_iterator.key 
116290     INFO  main            d.u.i.k.p.i.AbstractProblemLoader Loading environment from /home/runner/work/key/key/key.core/../key.ui/examples/heap/list/ArrayList_iterator.key 
116290     DEBUG main            d.u.i.k.p.i.AbstractProblemLoader Environment load took 145.2ns 
116291     INFO  main            d.u.i.k.p.i.AbstractProblemLoader Creating init config 
117288     DEBUG main            d.u.i.k.j.r.ClassPreparationMethodBuilder clPrepBuilder: Inner Class detected. Reject building class initialisation methods. 
119447     DEBUG main            d.u.i.k.p.i.AbstractProblemLoader Init config took 3.16s 
119496     INFO  main            d.u.i.k.p.i.AbstractProblemLoader Replaying proof ArrayList[List::iterator()].JML normal_behavior operation contract.0 
119498     DEBUG main            d.u.i.k.p.i.IntermediateProofReplayer Proof replay took 7.4ns 
120001     INFO  main            d.u.i.k.p.r.p.TestFile    ... finished proof: closed. 
120217     INFO  main            d.u.i.k.p.i.AbstractProblemLoader Loading environment from /home/runner/work/key/key/key.core/../key.ui/examples/heap/list/ArrayList_iterator.key.proof 
120218     DEBUG main            d.u.i.k.p.i.AbstractProblemLoader Environment load took 548.61ns 
120219     INFO  main            d.u.i.k.p.i.AbstractProblemLoader Creating init config 
121213     DEBUG main            d.u.i.k.j.r.ClassPreparationMethodBuilder clPrepBuilder: Inner Class detected. Reject building class initialisation methods. 
123300     DEBUG main            d.u.i.k.p.i.AbstractProblemLoader Init config took 3.08s 
123348     INFO  main            d.u.i.k.p.i.AbstractProblemLoader Replaying proof ArrayList[List::iterator()].JML normal_behavior operation contract.0 
123428     DEBUG main            d.u.i.k.p.i.IntermediateProofReplayer Proof replay took 75.99ms 
123429     DEBUG main            d.u.i.k.p.r.p.TestFile    ... success: reloaded. 
123431     INFO  main            d.u.i.k.p.r.p.TestFile    Now processing file /home/runner/work/key/key/key.core/../key.ui/examples/heap/list/ArrayList_size_dep.key 
123431     INFO  main            d.u.i.k.p.i.AbstractProblemLoader Loading environment from /home/runner/work/key/key/key.core/../key.ui/examples/heap/list/ArrayList_size_dep.key 
123432     DEBUG main            d.u.i.k.p.i.AbstractProblemLoader Environment load took 260.3ns 
123433     INFO  main            d.u.i.k.p.i.AbstractProblemLoader Creating init config 
124457     DEBUG main            d.u.i.k.j.r.ClassPreparationMethodBuilder clPrepBuilder: Inner Class detected. Reject building class initialisation methods. 
126642     DEBUG main            d.u.i.k.p.i.AbstractProblemLoader Init config took 3.21s 
126689     INFO  main            d.u.i.k.p.i.AbstractProblemLoader Replaying proof ArrayList[List::size()].JML accessible clause.0 
126690     DEBUG main            d.u.i.k.p.i.IntermediateProofReplayer Proof replay took 6.7ns 
126892     INFO  main            d.u.i.k.p.r.p.TestFile    ... finished proof: closed. 
127116     INFO  main            d.u.i.k.p.i.AbstractProblemLoader Loading environment from /home/runner/work/key/key/key.core/../key.ui/examples/heap/list/ArrayList_size_dep.key.proof 
127116     DEBUG main            d.u.i.k.p.i.AbstractProblemLoader Environment load took 128.3ns 
127117     INFO  main            d.u.i.k.p.i.AbstractProblemLoader Creating init config 
128092     DEBUG main            d.u.i.k.j.r.ClassPreparationMethodBuilder clPrepBuilder: Inner Class detected. Reject building class initialisation methods. 
130232     DEBUG main            d.u.i.k.p.i.AbstractProblemLoader Init config took 3.11s 
130278     INFO  main            d.u.i.k.p.i.AbstractProblemLoader Replaying proof ArrayList[List::size()].JML accessible clause.0 
130295     DEBUG main            d.u.i.k.p.i.IntermediateProofReplayer Proof replay took 15.65ms 
130296     DEBUG main            d.u.i.k.p.r.p.TestFile    ... success: reloaded. 
130298     INFO  main            d.u.i.k.p.r.p.TestFile    Now processing file /home/runner/work/key/key/key.core/../key.ui/examples/heap/list/ArrayList_size.key 
130298     INFO  main            d.u.i.k.p.i.AbstractProblemLoader Loading environment from /home/runner/work/key/key/key.core/../key.ui/examples/heap/list/ArrayList_size.key 
130298     DEBUG main            d.u.i.k.p.i.AbstractProblemLoader Environment load took 100.7ns 
130299     INFO  main            d.u.i.k.p.i.AbstractProblemLoader Creating init config 
131285     DEBUG main            d.u.i.k.j.r.ClassPreparationMethodBuilder clPrepBuilder: Inner Class detected. Reject building class initialisation methods. 
133391     DEBUG main            d.u.i.k.p.i.AbstractProblemLoader Init config took 3.09s 
133439     INFO  main            d.u.i.k.p.i.AbstractProblemLoader Replaying proof ArrayList[List::size()].JML normal_behavior operation contract.0 
133441     DEBUG main            d.u.i.k.p.i.IntermediateProofReplayer Proof replay took 7.5ns 
133643     INFO  main            d.u.i.k.p.r.p.TestFile    ... finished proof: closed. 
133881     INFO  main            d.u.i.k.p.i.AbstractProblemLoader Loading environment from /home/runner/work/key/key/key.core/../key.ui/examples/heap/list/ArrayList_size.key.proof 
133881     DEBUG main            d.u.i.k.p.i.AbstractProblemLoader Environment load took 137.4ns 
133882     INFO  main            d.u.i.k.p.i.AbstractProblemLoader Creating init config 
134861     DEBUG main            d.u.i.k.j.r.ClassPreparationMethodBuilder clPrepBuilder: Inner Class detected. Reject building class initialisation methods. 
136988     DEBUG main            d.u.i.k.p.i.AbstractProblemLoader Init config took 3.11s 
137035     INFO  main            d.u.i.k.p.i.AbstractProblemLoader Replaying proof ArrayList[List::size()].JML normal_behavior operation contract.0 
137061     DEBUG main            d.u.i.k.p.i.IntermediateProofReplayer Proof replay took 24.02ms 
137062     DEBUG main            d.u.i.k.p.r.p.TestFile    ... success: reloaded. 
137063     INFO  main            d.u.i.k.p.r.p.TestFile    Now processing file /home/runner/work/key/key/key.core/../key.ui/examples/heap/list/ArrayList.ArrayListIterator_ArrayListIterator.key 
137063     INFO  main            d.u.i.k.p.i.AbstractProblemLoader Loading environment from /home/runner/work/key/key/key.core/../key.ui/examples/heap/list/ArrayList.ArrayListIterator_ArrayListIterator.key 
137064     DEBUG main            d.u.i.k.p.i.AbstractProblemLoader Environment load took 108.2ns 
137064     INFO  main            d.u.i.k.p.i.AbstractProblemLoader Creating init config 
138060     DEBUG main            d.u.i.k.j.r.ClassPreparationMethodBuilder clPrepBuilder: Inner Class detected. Reject building class initialisation methods. 
140194     DEBUG main            d.u.i.k.p.i.AbstractProblemLoader Init config took 3.13s 
140255     INFO  main            d.u.i.k.p.i.AbstractProblemLoader Replaying proof ArrayList.ArrayListIterator[ArrayList.ArrayListIterator::ArrayListIterator(ArrayList)].JML normal_behavior operation contract.0 
140256     DEBUG main            d.u.i.k.p.i.IntermediateProofReplayer Proof replay took 6.6ns 
140962     INFO  main            d.u.i.k.p.r.p.TestFile    ... finished proof: closed. 
141197     INFO  main            d.u.i.k.p.i.AbstractProblemLoader Loading environment from /home/runner/work/key/key/key.core/../key.ui/examples/heap/list/ArrayList.ArrayListIterator_ArrayListIterator.key.proof 
141197     DEBUG main            d.u.i.k.p.i.AbstractProblemLoader Environment load took 221ns 
141198     INFO  main            d.u.i.k.p.i.AbstractProblemLoader Creating init config 
142167     DEBUG main            d.u.i.k.j.r.ClassPreparationMethodBuilder clPrepBuilder: Inner Class detected. Reject building class initialisation methods. 
144268     DEBUG main            d.u.i.k.p.i.AbstractProblemLoader Init config took 3.07s 
144323     INFO  main            d.u.i.k.p.i.AbstractProblemLoader Replaying proof ArrayList.ArrayListIterator[ArrayList.ArrayListIterator::ArrayListIterator(ArrayList)].JML normal_behavior operation contract.0 
144411     DEBUG main            d.u.i.k.p.i.IntermediateProofReplayer Proof replay took 83.98ms 
144413     DEBUG main            d.u.i.k.p.r.p.TestFile    ... success: reloaded. 
144414     INFO  main            d.u.i.k.p.r.p.TestFile    Now processing file /home/runner/work/key/key/key.core/../key.ui/examples/heap/list/ArrayList.ArrayListIterator_hasNext_dep.key 
144414     INFO  main            d.u.i.k.p.i.AbstractProblemLoader Loading environment from /home/runner/work/key/key/key.core/../key.ui/examples/heap/list/ArrayList.ArrayListIterator_hasNext_dep.key 
144414     DEBUG main            d.u.i.k.p.i.AbstractProblemLoader Environment load took 69ns 
144415     INFO  main            d.u.i.k.p.i.AbstractProblemLoader Creating init config 
145417     DEBUG main            d.u.i.k.j.r.ClassPreparationMethodBuilder clPrepBuilder: Inner Class detected. Reject building class initialisation methods. 
147571     DEBUG main            d.u.i.k.p.i.AbstractProblemLoader Init config took 3.16s 
147639     INFO  main            d.u.i.k.p.i.AbstractProblemLoader Replaying proof ArrayList.ArrayListIterator[ListIterator::hasNext()].JML accessible clause.0 
147641     DEBUG main            d.u.i.k.p.i.IntermediateProofReplayer Proof replay took 7.5ns 
148045     INFO  main            d.u.i.k.p.r.p.TestFile    ... finished proof: closed. 
148300     INFO  main            d.u.i.k.p.i.AbstractProblemLoader Loading environment from /home/runner/work/key/key/key.core/../key.ui/examples/heap/list/ArrayList.ArrayListIterator_hasNext_dep.key.proof 
148300     DEBUG main            d.u.i.k.p.i.AbstractProblemLoader Environment load took 151ns 
148301     INFO  main            d.u.i.k.p.i.AbstractProblemLoader Creating init config 
149312     DEBUG main            d.u.i.k.j.r.ClassPreparationMethodBuilder clPrepBuilder: Inner Class detected. Reject building class initialisation methods. 
151414     DEBUG main            d.u.i.k.p.i.AbstractProblemLoader Init config took 3.11s 
151467     INFO  main            d.u.i.k.p.i.AbstractProblemLoader Replaying proof ArrayList.ArrayListIterator[ListIterator::hasNext()].JML accessible clause.0 
151501     DEBUG main            d.u.i.k.p.i.IntermediateProofReplayer Proof replay took 30.84ms 
151502     DEBUG main            d.u.i.k.p.r.p.TestFile    ... success: reloaded. 
151503     INFO  main            d.u.i.k.p.r.p.TestFile    Now processing file /home/runner/work/key/key/key.core/../key.ui/examples/heap/list/ArrayList.ArrayListIterator_hasNext.key 
151503     INFO  main            d.u.i.k.p.i.AbstractProblemLoader Loading environment from /home/runner/work/key/key/key.core/../key.ui/examples/heap/list/ArrayList.ArrayListIterator_hasNext.key 
151504     DEBUG main            d.u.i.k.p.i.AbstractProblemLoader Environment load took 260.5ns 
151505     INFO  main            d.u.i.k.p.i.AbstractProblemLoader Creating init config 
152516     DEBUG main            d.u.i.k.j.r.ClassPreparationMethodBuilder clPrepBuilder: Inner Class detected. Reject building class initialisation methods. 
154655     DEBUG main            d.u.i.k.p.i.AbstractProblemLoader Init config took 3.15s 
154710     INFO  main            d.u.i.k.p.i.AbstractProblemLoader Replaying proof ArrayList.ArrayListIterator[ListIterator::hasNext()].JML normal_behavior operation contract.0 
154712     DEBUG main            d.u.i.k.p.i.IntermediateProofReplayer Proof replay took 8ns 
155124     INFO  main            d.u.i.k.p.r.p.TestFile    ... finished proof: closed. 
155364     INFO  main            d.u.i.k.p.i.AbstractProblemLoader Loading environment from /home/runner/work/key/key/key.core/../key.ui/examples/heap/list/ArrayList.ArrayListIterator_hasNext.key.proof 
155364     DEBUG main            d.u.i.k.p.i.AbstractProblemLoader Environment load took 134.8ns 
155365     INFO  main            d.u.i.k.p.i.AbstractProblemLoader Creating init config 
156356     DEBUG main            d.u.i.k.j.r.ClassPreparationMethodBuilder clPrepBuilder: Inner Class detected. Reject building class initialisation methods. 
158465     DEBUG main            d.u.i.k.p.i.AbstractProblemLoader Init config took 3.1s 
158519     INFO  main            d.u.i.k.p.i.AbstractProblemLoader Replaying proof ArrayList.ArrayListIterator[ListIterator::hasNext()].JML normal_behavior operation contract.0 
158559     DEBUG main            d.u.i.k.p.i.IntermediateProofReplayer Proof replay took 36.66ms 
158560     DEBUG main            d.u.i.k.p.r.p.TestFile    ... success: reloaded. 
158561     INFO  main            d.u.i.k.p.r.p.TestFile    Now processing file /home/runner/work/key/key/key.core/../key.ui/examples/heap/list/ArrayList.ArrayListIterator_inv.key 
158561     INFO  main            d.u.i.k.p.i.AbstractProblemLoader Loading environment from /home/runner/work/key/key/key.core/../key.ui/examples/heap/list/ArrayList.ArrayListIterator_inv.key 
158561     DEBUG main            d.u.i.k.p.i.AbstractProblemLoader Environment load took 92.9ns 
158562     INFO  main            d.u.i.k.p.i.AbstractProblemLoader Creating init config 
159567     DEBUG main            d.u.i.k.j.r.ClassPreparationMethodBuilder clPrepBuilder: Inner Class detected. Reject building class initialisation methods. 
161725     DEBUG main            d.u.i.k.p.i.AbstractProblemLoader Init config took 3.16s 
161796     INFO  main            d.u.i.k.p.i.AbstractProblemLoader Replaying proof ArrayList.ArrayListIterator[java.lang.Object::<inv>()].JML accessible clause.0 
161800     DEBUG main            d.u.i.k.p.i.IntermediateProofReplayer Proof replay took 7ns 
162905     INFO  main            d.u.i.k.p.r.p.TestFile    ... finished proof: closed. 
163163     INFO  main            d.u.i.k.p.i.AbstractProblemLoader Loading environment from /home/runner/work/key/key/key.core/../key.ui/examples/heap/list/ArrayList.ArrayListIterator_inv.key.proof 
163163     DEBUG main            d.u.i.k.p.i.AbstractProblemLoader Environment load took 139.2ns 
163164     INFO  main            d.u.i.k.p.i.AbstractProblemLoader Creating init config 
164137     DEBUG main            d.u.i.k.j.r.ClassPreparationMethodBuilder clPrepBuilder: Inner Class detected. Reject building class initialisation methods. 
166212     DEBUG main            d.u.i.k.p.i.AbstractProblemLoader Init config took 3.05s 
166264     INFO  main            d.u.i.k.p.i.AbstractProblemLoader Replaying proof ArrayList.ArrayListIterator[java.lang.Object::<inv>()].JML accessible clause.0 
166352     DEBUG main            d.u.i.k.p.i.IntermediateProofReplayer Proof replay took 83.01ms 
166354     DEBUG main            d.u.i.k.p.r.p.TestFile    ... success: reloaded. 
166355     INFO  main            d.u.i.k.p.r.p.TestFile    Now processing file /home/runner/work/key/key/key.core/../key.ui/examples/heap/list/ArrayList.ArrayListIterator_list.key 
166355     INFO  main            d.u.i.k.p.i.AbstractProblemLoader Loading environment from /home/runner/work/key/key/key.core/../key.ui/examples/heap/list/ArrayList.ArrayListIterator_list.key 
166356     DEBUG main            d.u.i.k.p.i.AbstractProblemLoader Environment load took 242.1ns 
166357     INFO  main            d.u.i.k.p.i.AbstractProblemLoader Creating init config 
167338     DEBUG main            d.u.i.k.j.r.ClassPreparationMethodBuilder clPrepBuilder: Inner Class detected. Reject building class initialisation methods. 
169489     DEBUG main            d.u.i.k.p.i.AbstractProblemLoader Init config took 3.13s 
169550     INFO  main            d.u.i.k.p.i.AbstractProblemLoader Replaying proof ListIterator[ListIterator::$list()].JML accessible clause.0 
169551     DEBUG main            d.u.i.k.p.i.IntermediateProofReplayer Proof replay took 7.8ns 
169653     INFO  main            d.u.i.k.p.r.p.TestFile    ... finished proof: closed. 
169910     INFO  main            d.u.i.k.p.i.AbstractProblemLoader Loading environment from /home/runner/work/key/key/key.core/../key.ui/examples/heap/list/ArrayList.ArrayListIterator_list.key.proof 
169910     DEBUG main            d.u.i.k.p.i.AbstractProblemLoader Environment load took 134.6ns 
169911     INFO  main            d.u.i.k.p.i.AbstractProblemLoader Creating init config 
170891     DEBUG main            d.u.i.k.j.r.ClassPreparationMethodBuilder clPrepBuilder: Inner Class detected. Reject building class initialisation methods. 
172954     DEBUG main            d.u.i.k.p.i.AbstractProblemLoader Init config took 3.04s 
172993     INFO  main            d.u.i.k.p.i.AbstractProblemLoader Replaying proof ListIterator[ListIterator::$list()].JML accessible clause.0 
172995     DEBUG main            d.u.i.k.p.i.IntermediateProofReplayer Proof replay took 772.21ns 
172996     DEBUG main            d.u.i.k.p.r.p.TestFile    ... success: reloaded. 
172997     INFO  main            d.u.i.k.p.r.p.TestFile    Now processing file /home/runner/work/key/key/key.core/../key.ui/examples/heap/list/ArrayList.ArrayListIterator_next_exceptional.key 
172997     INFO  main            d.u.i.k.p.i.AbstractProblemLoader Loading environment from /home/runner/work/key/key/key.core/../key.ui/examples/heap/list/ArrayList.ArrayListIterator_next_exceptional.key 
172997     DEBUG main            d.u.i.k.p.i.AbstractProblemLoader Environment load took 151.1ns 
172998     INFO  main            d.u.i.k.p.i.AbstractProblemLoader Creating init config 
174020     DEBUG main            d.u.i.k.j.r.ClassPreparationMethodBuilder clPrepBuilder: Inner Class detected. Reject building class initialisation methods. 
176143     DEBUG main            d.u.i.k.p.i.AbstractProblemLoader Init config took 3.14s 
176196     INFO  main            d.u.i.k.p.i.AbstractProblemLoader Replaying proof ArrayList.ArrayListIterator[ListIterator::next()].JML exceptional_behavior operation contract.0 
176198     DEBUG main            d.u.i.k.p.i.IntermediateProofReplayer Proof replay took 7ns 
177106     INFO  main            d.u.i.k.p.r.p.TestFile    ... finished proof: closed. 
177376     INFO  main            d.u.i.k.p.i.AbstractProblemLoader Loading environment from /home/runner/work/key/key/key.core/../key.ui/examples/heap/list/ArrayList.ArrayListIterator_next_exceptional.key.proof 
177376     DEBUG main            d.u.i.k.p.i.AbstractProblemLoader Environment load took 136.7ns 
177377     INFO  main            d.u.i.k.p.i.AbstractProblemLoader Creating init config 
178361     DEBUG main            d.u.i.k.j.r.ClassPreparationMethodBuilder clPrepBuilder: Inner Class detected. Reject building class initialisation methods. 
180443     DEBUG main            d.u.i.k.p.i.AbstractProblemLoader Init config took 3.07s 
180496     INFO  main            d.u.i.k.p.i.AbstractProblemLoader Replaying proof ArrayList.ArrayListIterator[ListIterator::next()].JML exceptional_behavior operation contract.0 
180592     DEBUG main            d.u.i.k.p.i.IntermediateProofReplayer Proof replay took 91.05ms 
180593     DEBUG main            d.u.i.k.p.r.p.TestFile    ... success: reloaded. 
180594     INFO  main            d.u.i.k.p.r.p.TestFile    Now processing file /home/runner/work/key/key/key.core/../key.ui/examples/heap/list/ArrayList.ArrayListIterator_next_normal.key 
180595     INFO  main            d.u.i.k.p.i.AbstractProblemLoader Loading environment from /home/runner/work/key/key/key.core/../key.ui/examples/heap/list/ArrayList.ArrayListIterator_next_normal.key 
180595     DEBUG main            d.u.i.k.p.i.AbstractProblemLoader Environment load took 209.7ns 
180596     INFO  main            d.u.i.k.p.i.AbstractProblemLoader Creating init config 
181601     DEBUG main            d.u.i.k.j.r.ClassPreparationMethodBuilder clPrepBuilder: Inner Class detected. Reject building class initialisation methods. 
183757     DEBUG main            d.u.i.k.p.i.AbstractProblemLoader Init config took 3.16s 
183811     INFO  main            d.u.i.k.p.i.AbstractProblemLoader Replaying proof ArrayList.ArrayListIterator[ListIterator::next()].JML normal_behavior operation contract.0 
183812     DEBUG main            d.u.i.k.p.i.IntermediateProofReplayer Proof replay took 7.7ns 
184718     INFO  main            d.u.i.k.p.r.p.TestFile    ... finished proof: closed. 
185029     INFO  main            d.u.i.k.p.i.AbstractProblemLoader Loading environment from /home/runner/work/key/key/key.core/../key.ui/examples/heap/list/ArrayList.ArrayListIterator_next_normal.key.proof 
185029     DEBUG main            d.u.i.k.p.i.AbstractProblemLoader Environment load took 127.6ns 
185030     INFO  main            d.u.i.k.p.i.AbstractProblemLoader Creating init config 
186016     DEBUG main            d.u.i.k.j.r.ClassPreparationMethodBuilder clPrepBuilder: Inner Class detected. Reject building class initialisation methods. 
188093     DEBUG main            d.u.i.k.p.i.AbstractProblemLoader Init config took 3.06s 
188160     INFO  main            d.u.i.k.p.i.AbstractProblemLoader Replaying proof ArrayList.ArrayListIterator[ListIterator::next()].JML normal_behavior operation contract.0 
188262     DEBUG main            d.u.i.k.p.i.IntermediateProofReplayer Proof replay took 96.8ms 
188265     DEBUG main            d.u.i.k.p.r.p.TestFile    ... success: reloaded. 
188266     INFO  main            d.u.i.k.p.r.p.TestFile    Now processing file /home/runner/work/key/key/key.core/../key.ui/examples/heap/list/ArrayList.ArrayListIterator_pos.key 
188266     INFO  main            d.u.i.k.p.i.AbstractProblemLoader Loading environment from /home/runner/work/key/key/key.core/../key.ui/examples/heap/list/ArrayList.ArrayListIterator_pos.key 
188266     DEBUG main            d.u.i.k.p.i.AbstractProblemLoader Environment load took 59.9ns 
188267     INFO  main            d.u.i.k.p.i.AbstractProblemLoader Creating init config 
189275     DEBUG main            d.u.i.k.j.r.ClassPreparationMethodBuilder clPrepBuilder: Inner Class detected. Reject building class initialisation methods. 
191391     DEBUG main            d.u.i.k.p.i.AbstractProblemLoader Init config took 3.12s 
191433     INFO  main            d.u.i.k.p.i.AbstractProblemLoader Replaying proof ListIterator[ListIterator::$pos()].JML accessible clause.0 
191434     DEBUG main            d.u.i.k.p.i.IntermediateProofReplayer Proof replay took 7.9ns 
191537     INFO  main            d.u.i.k.p.r.p.TestFile    ... finished proof: closed. 
191812     INFO  main            d.u.i.k.p.i.AbstractProblemLoader Loading environment from /home/runner/work/key/key/key.core/../key.ui/examples/heap/list/ArrayList.ArrayListIterator_pos.key.proof 
191812     DEBUG main            d.u.i.k.p.i.AbstractProblemLoader Environment load took 123ns 
191813     INFO  main            d.u.i.k.p.i.AbstractProblemLoader Creating init config 
192778     DEBUG main            d.u.i.k.j.r.ClassPreparationMethodBuilder clPrepBuilder: Inner Class detected. Reject building class initialisation methods. 
194847     DEBUG main            d.u.i.k.p.i.AbstractProblemLoader Init config took 3.03s 
194887     INFO  main            d.u.i.k.p.i.AbstractProblemLoader Replaying proof ListIterator[ListIterator::$pos()].JML accessible clause.0 
194889     DEBUG main            d.u.i.k.p.i.IntermediateProofReplayer Proof replay took 788.31ns 
194890     DEBUG main            d.u.i.k.p.r.p.TestFile    ... success: reloaded. 
194891     INFO  main            d.u.i.k.p.r.p.TestFile    Now processing file /home/runner/work/key/key/key.core/../key.ui/examples/heap/list/Client_m.key 
194891     INFO  main            d.u.i.k.p.i.AbstractProblemLoader Loading environment from /home/runner/work/key/key/key.core/../key.ui/examples/heap/list/Client_m.key 
194891     DEBUG main            d.u.i.k.p.i.AbstractProblemLoader Environment load took 97.1ns 
194892     INFO  main            d.u.i.k.p.i.AbstractProblemLoader Creating init config 
195881     DEBUG main            d.u.i.k.j.r.ClassPreparationMethodBuilder clPrepBuilder: Inner Class detected. Reject building class initialisation methods. 
198028     DEBUG main            d.u.i.k.p.i.AbstractProblemLoader Init config took 3.14s 
198069     INFO  main            d.u.i.k.p.i.AbstractProblemLoader Replaying proof Client[Client::m(List)].JML normal_behavior operation contract.0 
198071     DEBUG main            d.u.i.k.p.i.IntermediateProofReplayer Proof replay took 7.1ns 
198377     INFO  main            d.u.i.k.p.r.p.TestFile    ... finished proof: closed. 
198676     INFO  main            d.u.i.k.p.i.AbstractProblemLoader Loading environment from /home/runner/work/key/key/key.core/../key.ui/examples/heap/list/Client_m.key.proof 
198676     DEBUG main            d.u.i.k.p.i.AbstractProblemLoader Environment load took 124.6ns 
198677     INFO  main            d.u.i.k.p.i.AbstractProblemLoader Creating init config 
199645     DEBUG main            d.u.i.k.j.r.ClassPreparationMethodBuilder clPrepBuilder: Inner Class detected. Reject building class initialisation methods. 
201721     DEBUG main            d.u.i.k.p.i.AbstractProblemLoader Init config took 3.04s 
201761     INFO  main            d.u.i.k.p.i.AbstractProblemLoader Replaying proof Client[Client::m(List)].JML normal_behavior operation contract.0 
201811     DEBUG main            d.u.i.k.p.i.IntermediateProofReplayer Proof replay took 47.07ms 
201813     DEBUG main            d.u.i.k.p.r.p.TestFile    ... success: reloaded. 
201814     INFO  main            d.u.i.k.p.r.p.TestFile    Now processing file /home/runner/work/key/key/key.core/../key.ui/examples/heap/list/Client_n.key 
201815     INFO  main            d.u.i.k.p.i.AbstractProblemLoader Loading environment from /home/runner/work/key/key/key.core/../key.ui/examples/heap/list/Client_n.key 
201815     DEBUG main            d.u.i.k.p.i.AbstractProblemLoader Environment load took 117ns 
201816     INFO  main            d.u.i.k.p.i.AbstractProblemLoader Creating init config 
202839     DEBUG main            d.u.i.k.j.r.ClassPreparationMethodBuilder clPrepBuilder: Inner Class detected. Reject building class initialisation methods. 
204952     DEBUG main            d.u.i.k.p.i.AbstractProblemLoader Init config took 3.14s 
204997     INFO  main            d.u.i.k.p.i.AbstractProblemLoader Replaying proof Client[Client::n(List)].JML normal_behavior operation contract.0 
205000     DEBUG main            d.u.i.k.p.i.IntermediateProofReplayer Proof replay took 8.1ns 
205102     INFO  main            d.u.i.k.p.r.p.TestFile    ... finished proof: closed. 
205392     INFO  main            d.u.i.k.p.i.AbstractProblemLoader Loading environment from /home/runner/work/key/key/key.core/../key.ui/examples/heap/list/Client_n.key.proof 
205392     DEBUG main            d.u.i.k.p.i.AbstractProblemLoader Environment load took 116.7ns 
205393     INFO  main            d.u.i.k.p.i.AbstractProblemLoader Creating init config 
206365     DEBUG main            d.u.i.k.j.r.ClassPreparationMethodBuilder clPrepBuilder: Inner Class detected. Reject building class initialisation methods. 
208432     DEBUG main            d.u.i.k.p.i.AbstractProblemLoader Init config took 3.04s 
208473     INFO  main            d.u.i.k.p.i.AbstractProblemLoader Replaying proof Client[Client::n(List)].JML normal_behavior operation contract.0 
208490     DEBUG main            d.u.i.k.p.i.IntermediateProofReplayer Proof replay took 15.27ms 
208491     DEBUG main            d.u.i.k.p.r.p.TestFile    ... success: reloaded. 
208492     INFO  main            d.u.i.k.p.r.p.TestFile    Now processing file /home/runner/work/key/key/key.core/../key.ui/examples/heap/list/LinkedList_get_exceptional.key 
208492     INFO  main            d.u.i.k.p.i.AbstractProblemLoader Loading environment from /home/runner/work/key/key/key.core/../key.ui/examples/heap/list/LinkedList_get_exceptional.key 
208492     DEBUG main            d.u.i.k.p.i.AbstractProblemLoader Environment load took 86.7ns 
208493     INFO  main            d.u.i.k.p.i.AbstractProblemLoader Creating init config 
209476     DEBUG main            d.u.i.k.j.r.ClassPreparationMethodBuilder clPrepBuilder: Inner Class detected. Reject building class initialisation methods. 
211598     DEBUG main            d.u.i.k.p.i.AbstractProblemLoader Init config took 3.1s 
211644     INFO  main            d.u.i.k.p.i.AbstractProblemLoader Replaying proof LinkedList[List::get(int)].JML exceptional_behavior operation contract.0 
211646     DEBUG main            d.u.i.k.p.i.IntermediateProofReplayer Proof replay took 8.3ns 
213766     INFO  main            d.u.i.k.p.r.p.TestFile    ... finished proof: closed. 
214079     INFO  main            d.u.i.k.p.i.AbstractProblemLoader Loading environment from /home/runner/work/key/key/key.core/../key.ui/examples/heap/list/LinkedList_get_exceptional.key.proof 
214079     DEBUG main            d.u.i.k.p.i.AbstractProblemLoader Environment load took 117.8ns 
214081     INFO  main            d.u.i.k.p.i.AbstractProblemLoader Creating init config 
215059     DEBUG main            d.u.i.k.j.r.ClassPreparationMethodBuilder clPrepBuilder: Inner Class detected. Reject building class initialisation methods. 
217109     DEBUG main            d.u.i.k.p.i.AbstractProblemLoader Init config took 3.03s 
217154     INFO  main            d.u.i.k.p.i.AbstractProblemLoader Replaying proof LinkedList[List::get(int)].JML exceptional_behavior operation contract.0 
217376     DEBUG main            d.u.i.k.p.i.IntermediateProofReplayer Proof replay took 212.74ms 
217377     DEBUG main            d.u.i.k.p.r.p.TestFile    ... success: reloaded. 
217379     INFO  main            d.u.i.k.p.r.p.TestFile    Now processing file /home/runner/work/key/key/key.core/../key.ui/examples/heap/list/LinkedList_get_normal.key 
217379     INFO  main            d.u.i.k.p.i.AbstractProblemLoader Loading environment from /home/runner/work/key/key/key.core/../key.ui/examples/heap/list/LinkedList_get_normal.key 
217379     DEBUG main            d.u.i.k.p.i.AbstractProblemLoader Environment load took 212.5ns 
217380     INFO  main            d.u.i.k.p.i.AbstractProblemLoader Creating init config 
218393     DEBUG main            d.u.i.k.j.r.ClassPreparationMethodBuilder clPrepBuilder: Inner Class detected. Reject building class initialisation methods. 
220465     DEBUG main            d.u.i.k.p.i.AbstractProblemLoader Init config took 3.08s 
220531     INFO  main            d.u.i.k.p.i.AbstractProblemLoader Replaying proof LinkedList[List::get(int)].JML normal_behavior operation contract.0 
220533     DEBUG main            d.u.i.k.p.i.IntermediateProofReplayer Proof replay took 8.3ns 
226582     INFO  main            d.u.i.k.p.r.p.TestFile    ... finished proof: closed. 
227024     INFO  main            d.u.i.k.p.i.AbstractProblemLoader Loading environment from /home/runner/work/key/key/key.core/../key.ui/examples/heap/list/LinkedList_get_normal.key.proof 
227024     DEBUG main            d.u.i.k.p.i.AbstractProblemLoader Environment load took 231.9ns 
227027     INFO  main            d.u.i.k.p.i.AbstractProblemLoader Creating init config 
227997     DEBUG main            d.u.i.k.j.r.ClassPreparationMethodBuilder clPrepBuilder: Inner Class detected. Reject building class initialisation methods. 
230031     DEBUG main            d.u.i.k.p.i.AbstractProblemLoader Init config took 3s 
230079     INFO  main            d.u.i.k.p.i.AbstractProblemLoader Replaying proof LinkedList[List::get(int)].JML normal_behavior operation contract.0 
230466     DEBUG main            d.u.i.k.p.i.IntermediateProofReplayer Proof replay took 361.81ms 
230468     DEBUG main            d.u.i.k.p.r.p.TestFile    ... success: reloaded. 
230469     INFO  main            d.u.i.k.p.r.p.TestFile    Now processing file /home/runner/work/key/key/key.core/../key.ui/examples/heap/list/LinkedList_LinkedList.key 
230470     INFO  main            d.u.i.k.p.i.AbstractProblemLoader Loading environment from /home/runner/work/key/key/key.core/../key.ui/examples/heap/list/LinkedList_LinkedList.key 
230470     DEBUG main            d.u.i.k.p.i.AbstractProblemLoader Environment load took 102.5ns 
230471     INFO  main            d.u.i.k.p.i.AbstractProblemLoader Creating init config 
231480     DEBUG main            d.u.i.k.j.r.ClassPreparationMethodBuilder clPrepBuilder: Inner Class detected. Reject building class initialisation methods. 
233588     DEBUG main            d.u.i.k.p.i.AbstractProblemLoader Init config took 3.12s 
233638     INFO  main            d.u.i.k.p.i.AbstractProblemLoader Replaying proof LinkedList[LinkedList::LinkedList()].JML normal_behavior operation contract.0 
233640     DEBUG main            d.u.i.k.p.i.IntermediateProofReplayer Proof replay took 8.2ns 
234144     INFO  main            d.u.i.k.p.r.p.TestFile    ... finished proof: closed. 
234486     INFO  main            d.u.i.k.p.i.AbstractProblemLoader Loading environment from /home/runner/work/key/key/key.core/../key.ui/examples/heap/list/LinkedList_LinkedList.key.proof 
234487     DEBUG main            d.u.i.k.p.i.AbstractProblemLoader Environment load took 799.01ns 
234488     INFO  main            d.u.i.k.p.i.AbstractProblemLoader Creating init config 
235450     DEBUG main            d.u.i.k.j.r.ClassPreparationMethodBuilder clPrepBuilder: Inner Class detected. Reject building class initialisation methods. 
237501     DEBUG main            d.u.i.k.p.i.AbstractProblemLoader Init config took 3.01s 
237548     INFO  main            d.u.i.k.p.i.AbstractProblemLoader Replaying proof LinkedList[LinkedList::LinkedList()].JML normal_behavior operation contract.0 
237615     DEBUG main            d.u.i.k.p.i.IntermediateProofReplayer Proof replay took 64.08ms 
237616     DEBUG main            d.u.i.k.p.r.p.TestFile    ... success: reloaded. 
237617     INFO  main            d.u.i.k.p.r.p.TestFile    Now processing file /home/runner/work/key/key/key.core/../key.ui/examples/heap/list/LinkedList_size_dep.key 
237618     INFO  main            d.u.i.k.p.i.AbstractProblemLoader Loading environment from /home/runner/work/key/key/key.core/../key.ui/examples/heap/list/LinkedList_size_dep.key 
237618     DEBUG main            d.u.i.k.p.i.AbstractProblemLoader Environment load took 90.1ns 
237619     INFO  main            d.u.i.k.p.i.AbstractProblemLoader Creating init config 
238599     DEBUG main            d.u.i.k.j.r.ClassPreparationMethodBuilder clPrepBuilder: Inner Class detected. Reject building class initialisation methods. 
240703     DEBUG main            d.u.i.k.p.i.AbstractProblemLoader Init config took 3.08s 
240748     INFO  main            d.u.i.k.p.i.AbstractProblemLoader Replaying proof LinkedList[List::size()].JML accessible clause.0 
240749     DEBUG main            d.u.i.k.p.i.IntermediateProofReplayer Proof replay took 8.6ns 
241252     INFO  main            d.u.i.k.p.r.p.TestFile    ... finished proof: closed. 
241556     INFO  main            d.u.i.k.p.i.AbstractProblemLoader Loading environment from /home/runner/work/key/key/key.core/../key.ui/examples/heap/list/LinkedList_size_dep.key.proof 
241556     DEBUG main            d.u.i.k.p.i.AbstractProblemLoader Environment load took 126.7ns 
241557     INFO  main            d.u.i.k.p.i.AbstractProblemLoader Creating init config 
242521     DEBUG main            d.u.i.k.j.r.ClassPreparationMethodBuilder clPrepBuilder: Inner Class detected. Reject building class initialisation methods. 
244588     DEBUG main            d.u.i.k.p.i.AbstractProblemLoader Init config took 3.03s 
244633     INFO  main            d.u.i.k.p.i.AbstractProblemLoader Replaying proof LinkedList[List::size()].JML accessible clause.0 
244667     DEBUG main            d.u.i.k.p.i.IntermediateProofReplayer Proof replay took 30.92ms 
244669     DEBUG main            d.u.i.k.p.r.p.TestFile    ... success: reloaded. 
244670     INFO  main            d.u.i.k.p.r.p.TestFile    Now processing file /home/runner/work/key/key/key.core/../key.ui/examples/heap/list/LinkedList_size.key 
244670     INFO  main            d.u.i.k.p.i.AbstractProblemLoader Loading environment from /home/runner/work/key/key/key.core/../key.ui/examples/heap/list/LinkedList_size.key 
244671     DEBUG main            d.u.i.k.p.i.AbstractProblemLoader Environment load took 229.6ns 
244672     INFO  main            d.u.i.k.p.i.AbstractProblemLoader Creating init config 
245693     DEBUG main            d.u.i.k.j.r.ClassPreparationMethodBuilder clPrepBuilder: Inner Class detected. Reject building class initialisation methods. 
247790     DEBUG main            d.u.i.k.p.i.AbstractProblemLoader Init config took 3.12s 
247835     INFO  main            d.u.i.k.p.i.AbstractProblemLoader Replaying proof LinkedList[List::size()].JML normal_behavior operation contract.0 
247837     DEBUG main            d.u.i.k.p.i.IntermediateProofReplayer Proof replay took 8.6ns 
248339     INFO  main            d.u.i.k.p.r.p.TestFile    ... finished proof: closed. 
248658     INFO  main            d.u.i.k.p.i.AbstractProblemLoader Loading environment from /home/runner/work/key/key/key.core/../key.ui/examples/heap/list/LinkedList_size.key.proof 
248658     DEBUG main            d.u.i.k.p.i.AbstractProblemLoader Environment load took 111.8ns 
248659     INFO  main            d.u.i.k.p.i.AbstractProblemLoader Creating init config 
249636     DEBUG main            d.u.i.k.j.r.ClassPreparationMethodBuilder clPrepBuilder: Inner Class detected. Reject building class initialisation methods. 
251674     DEBUG main            d.u.i.k.p.i.AbstractProblemLoader Init config took 3.02s 
251730     INFO  main            d.u.i.k.p.i.AbstractProblemLoader Replaying proof LinkedList[List::size()].JML normal_behavior operation contract.0 
251759     DEBUG main            d.u.i.k.p.i.IntermediateProofReplayer Proof replay took 26.39ms 
251760     DEBUG main            d.u.i.k.p.r.p.TestFile    ... success: reloaded. 
251761     INFO  main            d.u.i.k.p.r.p.TestFile    Now processing file /home/runner/work/key/key/key.core/../key.ui/examples/heap/list/MySet_footprint.key 
251761     INFO  main            d.u.i.k.p.i.AbstractProblemLoader Loading environment from /home/runner/work/key/key/key.core/../key.ui/examples/heap/list/MySet_footprint.key 
251761     DEBUG main            d.u.i.k.p.i.AbstractProblemLoader Environment load took 88.7ns 
251762     INFO  main            d.u.i.k.p.i.AbstractProblemLoader Creating init config 
252756     DEBUG main            d.u.i.k.j.r.ClassPreparationMethodBuilder clPrepBuilder: Inner Class detected. Reject building class initialisation methods. 
254866     DEBUG main            d.u.i.k.p.i.AbstractProblemLoader Init config took 3.1s 
254912     INFO  main            d.u.i.k.p.i.AbstractProblemLoader Replaying proof MySet[MySet::$footprint()].JML accessible clause.0 
254916     DEBUG main            d.u.i.k.p.i.IntermediateProofReplayer Proof replay took 8.1ns 
255219     INFO  main            d.u.i.k.p.r.p.TestFile    ... finished proof: closed. 
255554     INFO  main            d.u.i.k.p.i.AbstractProblemLoader Loading environment from /home/runner/work/key/key/key.core/../key.ui/examples/heap/list/MySet_footprint.key.proof 
255554     DEBUG main            d.u.i.k.p.i.AbstractProblemLoader Environment load took 114.7ns 
255555     INFO  main            d.u.i.k.p.i.AbstractProblemLoader Creating init config 
256518     DEBUG main            d.u.i.k.j.r.ClassPreparationMethodBuilder clPrepBuilder: Inner Class detected. Reject building class initialisation methods. 
258564     DEBUG main            d.u.i.k.p.i.AbstractProblemLoader Init config took 3.01s 
258612     INFO  main            d.u.i.k.p.i.AbstractProblemLoader Replaying proof MySet[MySet::$footprint()].JML accessible clause.0 
258635     DEBUG main            d.u.i.k.p.i.IntermediateProofReplayer Proof replay took 20.33ms 
258636     DEBUG main            d.u.i.k.p.r.p.TestFile    ... success: reloaded. 
258637     INFO  main            d.u.i.k.p.r.p.TestFile    Now processing file /home/runner/work/key/key/key.core/../key.ui/examples/heap/list/MySet_MySet.key 
258637     INFO  main            d.u.i.k.p.i.AbstractProblemLoader Loading environment from /home/runner/work/key/key/key.core/../key.ui/examples/heap/list/MySet_MySet.key 
258637     DEBUG main            d.u.i.k.p.i.AbstractProblemLoader Environment load took 133.4ns 
258638     INFO  main            d.u.i.k.p.i.AbstractProblemLoader Creating init config 
259623     DEBUG main            d.u.i.k.j.r.ClassPreparationMethodBuilder clPrepBuilder: Inner Class detected. Reject building class initialisation methods. 
261709     DEBUG main            d.u.i.k.p.i.AbstractProblemLoader Init config took 3.07s 
261757     INFO  main            d.u.i.k.p.i.AbstractProblemLoader Replaying proof MySet[MySet::MySet()].JML normal_behavior operation contract.0 
261758     DEBUG main            d.u.i.k.p.i.IntermediateProofReplayer Proof replay took 7.7ns 
264081     INFO  main            d.u.i.k.p.r.p.TestFile    ... finished proof: closed. 
264439     INFO  main            d.u.i.k.p.i.AbstractProblemLoader Loading environment from /home/runner/work/key/key/key.core/../key.ui/examples/heap/list/MySet_MySet.key.proof 
264439     DEBUG main            d.u.i.k.p.i.AbstractProblemLoader Environment load took 122.9ns 
264441     INFO  main            d.u.i.k.p.i.AbstractProblemLoader Creating init config 
265405     DEBUG main            d.u.i.k.j.r.ClassPreparationMethodBuilder clPrepBuilder: Inner Class detected. Reject building class initialisation methods. 
267468     DEBUG main            d.u.i.k.p.i.AbstractProblemLoader Init config took 3.03s 
267517     INFO  main            d.u.i.k.p.i.AbstractProblemLoader Replaying proof MySet[MySet::MySet()].JML normal_behavior operation contract.0 
267792     DEBUG main            d.u.i.k.p.i.IntermediateProofReplayer Proof replay took 262.32ms 
267794     DEBUG main            d.u.i.k.p.r.p.TestFile    ... success: reloaded. 
1120740    INFO  Test worker     d.u.i.k.p.r.p.StatisticsFile Returning from test list 
1120745    INFO  Test worker     d.u.i.k.p.r.p.StatisticsFile Running test list_ghost 
390        INFO  Timeout watchdog d.u.i.k.p.r.p.ForkedTestFileRunner Timeout watcher launched (2000 secs.) 
424        WARN  main            d.u.i.k.s.ProofSettings   The settings in /home/runner/.key/proof-settings.props are *not* read. 
451        INFO  main            d.u.i.k.p.r.p.TestFile    Now processing file /home/runner/work/key/key/key.core/../key.ui/examples/heap/list_ghost/ArrayList_add.key 
580        INFO  main            d.u.i.k.p.i.AbstractProblemLoader Loading environment from /home/runner/work/key/key/key.core/../key.ui/examples/heap/list_ghost/ArrayList_add.key 
597        DEBUG main            d.u.i.k.p.i.AbstractProblemLoader Environment load took 2.91ms 
830        INFO  main            d.u.i.k.p.i.AbstractProblemLoader Creating init config 
1883       DEBUG main            d.u.i.k.j.TypeConverter   No LDT found for Meta 
1883       DEBUG main            d.u.i.k.j.TypeConverter   No LDT found for Meta 
1886       DEBUG main            d.u.i.k.j.TypeConverter   No LDT found for Meta 
1886       DEBUG main            d.u.i.k.j.TypeConverter   No LDT found for Meta 
3713       DEBUG main            d.u.i.k.j.TypeConverter   No LDT found for JavaBigintExpression 
8743       DEBUG main            d.u.i.k.p.i.AbstractProblemLoader Init config took 7.91s 
8941       INFO  main            d.u.i.k.p.i.AbstractProblemLoader Replaying proof ArrayList[List::add(java.lang.Object)].JML normal_behavior operation contract.0 
8978       DEBUG main            d.u.i.k.p.i.IntermediateProofReplayer Proof replay took 36.3ns 
14274      INFO  main            d.u.i.k.p.r.p.TestFile    ... finished proof: closed. 
14449      INFO  main            d.u.i.k.p.i.AbstractProblemLoader Loading environment from /home/runner/work/key/key/key.core/../key.ui/examples/heap/list_ghost/ArrayList_add.key.proof 
14450      DEBUG main            d.u.i.k.p.i.AbstractProblemLoader Environment load took 155.4ns 
14458      INFO  main            d.u.i.k.p.i.AbstractProblemLoader Creating init config 
17241      DEBUG main            d.u.i.k.p.i.AbstractProblemLoader Init config took 2.78s 
17318      INFO  main            d.u.i.k.p.i.AbstractProblemLoader Replaying proof ArrayList[List::add(java.lang.Object)].JML normal_behavior operation contract.0 
17846      DEBUG main            d.u.i.k.p.i.IntermediateProofReplayer Proof replay took 503.88ms 
17855      DEBUG main            d.u.i.k.p.r.p.TestFile    ... success: reloaded. 
17857      INFO  main            d.u.i.k.p.r.p.TestFile    Now processing file /home/runner/work/key/key/key.core/../key.ui/examples/heap/list_ghost/ArrayList_ArrayList.key 
17857      INFO  main            d.u.i.k.p.i.AbstractProblemLoader Loading environment from /home/runner/work/key/key/key.core/../key.ui/examples/heap/list_ghost/ArrayList_ArrayList.key 
17858      DEBUG main            d.u.i.k.p.i.AbstractProblemLoader Environment load took 324.4ns 
17859      INFO  main            d.u.i.k.p.i.AbstractProblemLoader Creating init config 
20559      DEBUG main            d.u.i.k.p.i.AbstractProblemLoader Init config took 2.7s 
20617      INFO  main            d.u.i.k.p.i.AbstractProblemLoader Replaying proof ArrayList[ArrayList::ArrayList()].JML normal_behavior operation contract.0 
20619      DEBUG main            d.u.i.k.p.i.IntermediateProofReplayer Proof replay took 6.5ns 
21628      INFO  main            d.u.i.k.p.r.p.TestFile    ... finished proof: closed. 
21778      INFO  main            d.u.i.k.p.i.AbstractProblemLoader Loading environment from /home/runner/work/key/key/key.core/../key.ui/examples/heap/list_ghost/ArrayList_ArrayList.key.proof 
21778      DEBUG main            d.u.i.k.p.i.AbstractProblemLoader Environment load took 539.31ns 
21780      INFO  main            d.u.i.k.p.i.AbstractProblemLoader Creating init config 
24385      DEBUG main            d.u.i.k.p.i.AbstractProblemLoader Init config took 2.61s 
24435      INFO  main            d.u.i.k.p.i.AbstractProblemLoader Replaying proof ArrayList[ArrayList::ArrayList()].JML normal_behavior operation contract.0 
24577      DEBUG main            d.u.i.k.p.i.IntermediateProofReplayer Proof replay took 133.7ms 
24579      DEBUG main            d.u.i.k.p.r.p.TestFile    ... success: reloaded. 
24580      INFO  main            d.u.i.k.p.r.p.TestFile    Now processing file /home/runner/work/key/key/key.core/../key.ui/examples/heap/list_ghost/ArrayList_enlarge.key 
24581      INFO  main            d.u.i.k.p.i.AbstractProblemLoader Loading environment from /home/runner/work/key/key/key.core/../key.ui/examples/heap/list_ghost/ArrayList_enlarge.key 
24581      DEBUG main            d.u.i.k.p.i.AbstractProblemLoader Environment load took 254ns 
24582      INFO  main            d.u.i.k.p.i.AbstractProblemLoader Creating init config 
27187      DEBUG main            d.u.i.k.p.i.AbstractProblemLoader Init config took 2.6s 
27237      INFO  main            d.u.i.k.p.i.AbstractProblemLoader Replaying proof ArrayList[ArrayList::enlarge()].JML normal_behavior operation contract.0 
27239      DEBUG main            d.u.i.k.p.i.IntermediateProofReplayer Proof replay took 5.9ns 
29345      INFO  main            d.u.i.k.p.r.p.TestFile    ... finished proof: closed. 
29504      INFO  main            d.u.i.k.p.i.AbstractProblemLoader Loading environment from /home/runner/work/key/key/key.core/../key.ui/examples/heap/list_ghost/ArrayList_enlarge.key.proof 
29504      DEBUG main            d.u.i.k.p.i.AbstractProblemLoader Environment load took 530.21ns 
29506      INFO  main            d.u.i.k.p.i.AbstractProblemLoader Creating init config 
32070      DEBUG main            d.u.i.k.p.i.AbstractProblemLoader Init config took 2.56s 
32133      INFO  main            d.u.i.k.p.i.AbstractProblemLoader Replaying proof ArrayList[ArrayList::enlarge()].JML normal_behavior operation contract.0 
32429      DEBUG main            d.u.i.k.p.i.IntermediateProofReplayer Proof replay took 285.61ms 
32431      DEBUG main            d.u.i.k.p.r.p.TestFile    ... success: reloaded. 
32433      INFO  main            d.u.i.k.p.r.p.TestFile    Now processing file /home/runner/work/key/key/key.core/../key.ui/examples/heap/list_ghost/ArrayList_get_dep.key 
32433      INFO  main            d.u.i.k.p.i.AbstractProblemLoader Loading environment from /home/runner/work/key/key/key.core/../key.ui/examples/heap/list_ghost/ArrayList_get_dep.key 
32434      DEBUG main            d.u.i.k.p.i.AbstractProblemLoader Environment load took 240.5ns 
32435      INFO  main            d.u.i.k.p.i.AbstractProblemLoader Creating init config 
34982      DEBUG main            d.u.i.k.p.i.AbstractProblemLoader Init config took 2.55s 
35032      INFO  main            d.u.i.k.p.i.AbstractProblemLoader Replaying proof ArrayList[List::get(int)].JML accessible clause.0 
35034      DEBUG main            d.u.i.k.p.i.IntermediateProofReplayer Proof replay took 8.5ns 
35438      INFO  main            d.u.i.k.p.r.p.TestFile    ... finished proof: closed. 
35604      INFO  main            d.u.i.k.p.i.AbstractProblemLoader Loading environment from /home/runner/work/key/key/key.core/../key.ui/examples/heap/list_ghost/ArrayList_get_dep.key.proof 
35604      DEBUG main            d.u.i.k.p.i.AbstractProblemLoader Environment load took 541.41ns 
35609      INFO  main            d.u.i.k.p.i.AbstractProblemLoader Creating init config 
38104      DEBUG main            d.u.i.k.p.i.AbstractProblemLoader Init config took 2.5s 
38150      INFO  main            d.u.i.k.p.i.AbstractProblemLoader Replaying proof ArrayList[List::get(int)].JML accessible clause.0 
38203      DEBUG main            d.u.i.k.p.i.IntermediateProofReplayer Proof replay took 48.63ms 
38204      DEBUG main            d.u.i.k.p.r.p.TestFile    ... success: reloaded. 
38206      INFO  main            d.u.i.k.p.r.p.TestFile    Now processing file /home/runner/work/key/key/key.core/../key.ui/examples/heap/list_ghost/ArrayList_get_exceptional.key 
38206      INFO  main            d.u.i.k.p.i.AbstractProblemLoader Loading environment from /home/runner/work/key/key/key.core/../key.ui/examples/heap/list_ghost/ArrayList_get_exceptional.key 
38206      DEBUG main            d.u.i.k.p.i.AbstractProblemLoader Environment load took 257.6ns 
38207      INFO  main            d.u.i.k.p.i.AbstractProblemLoader Creating init config 
40758      DEBUG main            d.u.i.k.p.i.AbstractProblemLoader Init config took 2.55s 
40822      INFO  main            d.u.i.k.p.i.AbstractProblemLoader Replaying proof ArrayList[List::get(int)].JML exceptional_behavior operation contract.0 
40824      DEBUG main            d.u.i.k.p.i.IntermediateProofReplayer Proof replay took 6.8ns 
41629      INFO  main            d.u.i.k.p.r.p.TestFile    ... finished proof: closed. 
41821      INFO  main            d.u.i.k.p.i.AbstractProblemLoader Loading environment from /home/runner/work/key/key/key.core/../key.ui/examples/heap/list_ghost/ArrayList_get_exceptional.key.proof 
41821      DEBUG main            d.u.i.k.p.i.AbstractProblemLoader Environment load took 505ns 
41823      INFO  main            d.u.i.k.p.i.AbstractProblemLoader Creating init config 
44326      DEBUG main            d.u.i.k.p.i.AbstractProblemLoader Init config took 2.5s 
44369      INFO  main            d.u.i.k.p.i.AbstractProblemLoader Replaying proof ArrayList[List::get(int)].JML exceptional_behavior operation contract.0 
44490      DEBUG main            d.u.i.k.p.i.IntermediateProofReplayer Proof replay took 114.71ms 
44491      DEBUG main            d.u.i.k.p.r.p.TestFile    ... success: reloaded. 
44492      INFO  main            d.u.i.k.p.r.p.TestFile    Now processing file /home/runner/work/key/key/key.core/../key.ui/examples/heap/list_ghost/ArrayList_get_normal.key 
44492      INFO  main            d.u.i.k.p.i.AbstractProblemLoader Loading environment from /home/runner/work/key/key/key.core/../key.ui/examples/heap/list_ghost/ArrayList_get_normal.key 
44492      DEBUG main            d.u.i.k.p.i.AbstractProblemLoader Environment load took 246.3ns 
44493      INFO  main            d.u.i.k.p.i.AbstractProblemLoader Creating init config 
46985      DEBUG main            d.u.i.k.p.i.AbstractProblemLoader Init config took 2.49s 
47028      INFO  main            d.u.i.k.p.i.AbstractProblemLoader Replaying proof ArrayList[List::get(int)].JML normal_behavior operation contract.0 
47030      DEBUG main            d.u.i.k.p.i.IntermediateProofReplayer Proof replay took 6ns 
47232      INFO  main            d.u.i.k.p.r.p.TestFile    ... finished proof: closed. 
47492      INFO  main            d.u.i.k.p.i.AbstractProblemLoader Loading environment from /home/runner/work/key/key/key.core/../key.ui/examples/heap/list_ghost/ArrayList_get_normal.key.proof 
47492      DEBUG main            d.u.i.k.p.i.AbstractProblemLoader Environment load took 134.4ns 
47493      INFO  main            d.u.i.k.p.i.AbstractProblemLoader Creating init config 
49938      DEBUG main            d.u.i.k.p.i.AbstractProblemLoader Init config took 2.44s 
49979      INFO  main            d.u.i.k.p.i.AbstractProblemLoader Replaying proof ArrayList[List::get(int)].JML normal_behavior operation contract.0 
50019      DEBUG main            d.u.i.k.p.i.IntermediateProofReplayer Proof replay took 37.32ms 
50020      DEBUG main            d.u.i.k.p.r.p.TestFile    ... success: reloaded. 
50021      INFO  main            d.u.i.k.p.r.p.TestFile    Now processing file /home/runner/work/key/key/key.core/../key.ui/examples/heap/list_ghost/ArrayList_inv.key 
50021      INFO  main            d.u.i.k.p.i.AbstractProblemLoader Loading environment from /home/runner/work/key/key/key.core/../key.ui/examples/heap/list_ghost/ArrayList_inv.key 
50021      DEBUG main            d.u.i.k.p.i.AbstractProblemLoader Environment load took 65.5ns 
50022      INFO  main            d.u.i.k.p.i.AbstractProblemLoader Creating init config 
52520      DEBUG main            d.u.i.k.p.i.AbstractProblemLoader Init config took 2.5s 
52562      INFO  main            d.u.i.k.p.i.AbstractProblemLoader Replaying proof ArrayList[java.lang.Object::<inv>()].JML accessible clause.0 
52564      DEBUG main            d.u.i.k.p.i.IntermediateProofReplayer Proof replay took 7.9ns 
52666      INFO  main            d.u.i.k.p.r.p.TestFile    ... finished proof: closed. 
52840      INFO  main            d.u.i.k.p.i.AbstractProblemLoader Loading environment from /home/runner/work/key/key/key.core/../key.ui/examples/heap/list_ghost/ArrayList_inv.key.proof 
52841      DEBUG main            d.u.i.k.p.i.AbstractProblemLoader Environment load took 137.4ns 
52842      INFO  main            d.u.i.k.p.i.AbstractProblemLoader Creating init config 
55305      DEBUG main            d.u.i.k.p.i.AbstractProblemLoader Init config took 2.46s 
55348      INFO  main            d.u.i.k.p.i.AbstractProblemLoader Replaying proof ArrayList[java.lang.Object::<inv>()].JML accessible clause.0 
55359      DEBUG main            d.u.i.k.p.i.IntermediateProofReplayer Proof replay took 8.3ms 
55360      DEBUG main            d.u.i.k.p.r.p.TestFile    ... success: reloaded. 
55362      INFO  main            d.u.i.k.p.r.p.TestFile    Now processing file /home/runner/work/key/key/key.core/../key.ui/examples/heap/list_ghost/ArrayList_size_dep.key 
55362      INFO  main            d.u.i.k.p.i.AbstractProblemLoader Loading environment from /home/runner/work/key/key/key.core/../key.ui/examples/heap/list_ghost/ArrayList_size_dep.key 
55362      DEBUG main            d.u.i.k.p.i.AbstractProblemLoader Environment load took 234.5ns 
55363      INFO  main            d.u.i.k.p.i.AbstractProblemLoader Creating init config 
57868      DEBUG main            d.u.i.k.p.i.AbstractProblemLoader Init config took 2.5s 
57909      INFO  main            d.u.i.k.p.i.AbstractProblemLoader Replaying proof ArrayList[List::size()].JML accessible clause.0 
57911      DEBUG main            d.u.i.k.p.i.IntermediateProofReplayer Proof replay took 12.1ns 
58013      INFO  main            d.u.i.k.p.r.p.TestFile    ... finished proof: closed. 
58267      INFO  main            d.u.i.k.p.i.AbstractProblemLoader Loading environment from /home/runner/work/key/key/key.core/../key.ui/examples/heap/list_ghost/ArrayList_size_dep.key.proof 
58268      DEBUG main            d.u.i.k.p.i.AbstractProblemLoader Environment load took 135.9ns 
58269      INFO  main            d.u.i.k.p.i.AbstractProblemLoader Creating init config 
60709      DEBUG main            d.u.i.k.p.i.AbstractProblemLoader Init config took 2.44s 
60749      INFO  main            d.u.i.k.p.i.AbstractProblemLoader Replaying proof ArrayList[List::size()].JML accessible clause.0 
60762      DEBUG main            d.u.i.k.p.i.IntermediateProofReplayer Proof replay took 11ms 
60764      DEBUG main            d.u.i.k.p.r.p.TestFile    ... success: reloaded. 
60765      INFO  main            d.u.i.k.p.r.p.TestFile    Now processing file /home/runner/work/key/key/key.core/../key.ui/examples/heap/list_ghost/ArrayList_size.key 
60765      INFO  main            d.u.i.k.p.i.AbstractProblemLoader Loading environment from /home/runner/work/key/key/key.core/../key.ui/examples/heap/list_ghost/ArrayList_size.key 
60766      DEBUG main            d.u.i.k.p.i.AbstractProblemLoader Environment load took 102.8ns 
60766      INFO  main            d.u.i.k.p.i.AbstractProblemLoader Creating init config 
63267      DEBUG main            d.u.i.k.p.i.AbstractProblemLoader Init config took 2.5s 
63307      INFO  main            d.u.i.k.p.i.AbstractProblemLoader Replaying proof ArrayList[List::size()].JML normal_behavior operation contract.0 
63308      DEBUG main            d.u.i.k.p.i.IntermediateProofReplayer Proof replay took 7.4ns 
63413      INFO  main            d.u.i.k.p.r.p.TestFile    ... finished proof: closed. 
63602      INFO  main            d.u.i.k.p.i.AbstractProblemLoader Loading environment from /home/runner/work/key/key/key.core/../key.ui/examples/heap/list_ghost/ArrayList_size.key.proof 
63602      DEBUG main            d.u.i.k.p.i.AbstractProblemLoader Environment load took 129.5ns 
63603      INFO  main            d.u.i.k.p.i.AbstractProblemLoader Creating init config 
66051      DEBUG main            d.u.i.k.p.i.AbstractProblemLoader Init config took 2.45s 
66091      INFO  main            d.u.i.k.p.i.AbstractProblemLoader Replaying proof ArrayList[List::size()].JML normal_behavior operation contract.0 
66105      DEBUG main            d.u.i.k.p.i.IntermediateProofReplayer Proof replay took 12.66ms 
66106      DEBUG main            d.u.i.k.p.r.p.TestFile    ... success: reloaded. 
1187030    INFO  Test worker     d.u.i.k.p.r.p.StatisticsFile Returning from test list_ghost 
1187032    INFO  Test worker     d.u.i.k.p.r.p.StatisticsFile Running test list_recursive 
323        INFO  Timeout watchdog d.u.i.k.p.r.p.ForkedTestFileRunner Timeout watcher launched (2000 secs.) 
336        WARN  main            d.u.i.k.s.ProofSettings   The settings in /home/runner/.key/proof-settings.props are *not* read. 
374        INFO  main            d.u.i.k.p.r.p.TestFile    Now processing file /home/runner/work/key/key/key.core/../key.ui/examples/heap/list_recursiveSpec/ListOperationsNonNull_getNextNN_normal_behavior.key 
501        INFO  main            d.u.i.k.p.i.AbstractProblemLoader Loading environment from /home/runner/work/key/key/key.core/../key.ui/examples/heap/list_recursiveSpec/ListOperationsNonNull_getNextNN_normal_behavior.key 
518        DEBUG main            d.u.i.k.p.i.AbstractProblemLoader Environment load took 2.05ms 
746        INFO  main            d.u.i.k.p.i.AbstractProblemLoader Creating init config 
1583       DEBUG main            d.u.i.k.j.TypeConverter   No LDT found for Meta 
1586       DEBUG main            d.u.i.k.j.TypeConverter   No LDT found for Meta 
1589       DEBUG main            d.u.i.k.j.TypeConverter   No LDT found for Meta 
1590       DEBUG main            d.u.i.k.j.TypeConverter   No LDT found for Meta 
2946       DEBUG main            d.u.i.k.j.TypeConverter   No LDT found for JavaBigintExpression 
8437       DEBUG main            d.u.i.k.p.i.AbstractProblemLoader Init config took 7.69s 
8582       INFO  main            d.u.i.k.p.i.AbstractProblemLoader Replaying proof ListOperationsNonNull[ListOperationsNonNull::getNextNN(ListNN,int)].JML normal_behavior operation contract.0 
8617       DEBUG main            d.u.i.k.p.i.IntermediateProofReplayer Proof replay took 36.6ns 
10052      INFO  main            d.u.i.k.p.r.p.TestFile    ... finished proof: closed. 
10182      INFO  main            d.u.i.k.p.i.AbstractProblemLoader Loading environment from /home/runner/work/key/key/key.core/../key.ui/examples/heap/list_recursiveSpec/ListOperationsNonNull_getNextNN_normal_behavior.key.proof 
10186      DEBUG main            d.u.i.k.p.i.AbstractProblemLoader Environment load took 3.6ms 
10188      INFO  main            d.u.i.k.p.i.AbstractProblemLoader Creating init config 
13438      DEBUG main            d.u.i.k.p.i.AbstractProblemLoader Init config took 3.25s 
13511      INFO  main            d.u.i.k.p.i.AbstractProblemLoader Replaying proof ListOperationsNonNull[ListOperationsNonNull::getNextNN(ListNN,int)].JML normal_behavior operation contract.0 
13646      DEBUG main            d.u.i.k.p.i.IntermediateProofReplayer Proof replay took 127.04ms 
13653      DEBUG main            d.u.i.k.p.r.p.TestFile    ... success: reloaded. 
13655      INFO  main            d.u.i.k.p.r.p.TestFile    Now processing file /home/runner/work/key/key/key.core/../key.ui/examples/heap/list_recursiveSpec/ListOperationsNonNull_setValueAt_normal_behavior.key 
13656      INFO  main            d.u.i.k.p.i.AbstractProblemLoader Loading environment from /home/runner/work/key/key/key.core/../key.ui/examples/heap/list_recursiveSpec/ListOperationsNonNull_setValueAt_normal_behavior.key 
13656      DEBUG main            d.u.i.k.p.i.AbstractProblemLoader Environment load took 300.9ns 
13658      INFO  main            d.u.i.k.p.i.AbstractProblemLoader Creating init config 
16640      DEBUG main            d.u.i.k.p.i.AbstractProblemLoader Init config took 2.98s 
16704      INFO  main            d.u.i.k.p.i.AbstractProblemLoader Replaying proof ListOperationsNonNull[ListOperationsNonNull::setValueAt_NN(ListNN,int,int)].JML normal_behavior operation contract.0 
16708      DEBUG main            d.u.i.k.p.i.IntermediateProofReplayer Proof replay took 8.4ns 
16740      DEBUG main            d.u.i.k.m.s.ProofScriptEngine [1] goal: 0, source line: 51, command: 'macro autopilot' 
19409      DEBUG main            d.u.i.k.m.s.ProofScriptEngine [2] goal: 79, source line: 52, command: 'macro simp-upd' 
19420      DEBUG main            d.u.i.k.m.s.ProofScriptEngine [3] goal: 1451, source line: 53, command: 'rule observerDependencyEQ' 
19437      DEBUG main            d.u.i.k.m.s.ProofScriptEngine [4] goal: 1452, source line: 54, command: 'tryclose' 
19469      INFO  main            d.u.i.k.p.r.p.TestFile    ... finished proof: closed. 
19674      INFO  main            d.u.i.k.p.i.AbstractProblemLoader Loading environment from /home/runner/work/key/key/key.core/../key.ui/examples/heap/list_recursiveSpec/ListOperationsNonNull_setValueAt_normal_behavior.key.proof 
19677      DEBUG main            d.u.i.k.p.i.AbstractProblemLoader Environment load took 2.96ms 
19678      INFO  main            d.u.i.k.p.i.AbstractProblemLoader Creating init config 
22654      DEBUG main            d.u.i.k.p.i.AbstractProblemLoader Init config took 2.98s 
22709      INFO  main            d.u.i.k.p.i.AbstractProblemLoader Replaying proof ListOperationsNonNull[ListOperationsNonNull::setValueAt_NN(ListNN,int,int)].JML normal_behavior operation contract.0 
22809      DEBUG main            d.u.i.k.p.i.IntermediateProofReplayer Proof replay took 93.9ms 
22811      DEBUG main            d.u.i.k.p.r.p.TestFile    ... success: reloaded. 
1210038    INFO  Test worker     d.u.i.k.p.r.p.StatisticsFile Returning from test list_recursive 
1210040    INFO  Test worker     d.u.i.k.p.r.p.StatisticsFile Running test list_seq 
364        INFO  Timeout watchdog d.u.i.k.p.r.p.ForkedTestFileRunner Timeout watcher launched (2000 secs.) 
375        WARN  main            d.u.i.k.s.ProofSettings   The settings in /home/runner/.key/proof-settings.props are *not* read. 
407        INFO  main            d.u.i.k.p.r.p.TestFile    Now processing file /home/runner/work/key/key/key.core/../key.ui/examples/heap/list_seq/SimplifiedLinkedList.remove.key 
538        INFO  main            d.u.i.k.p.i.AbstractProblemLoader Loading environment from /home/runner/work/key/key/key.core/../key.ui/examples/heap/list_seq/SimplifiedLinkedList.remove.key 
564        DEBUG main            d.u.i.k.p.i.AbstractProblemLoader Environment load took 1.94ms 
792        INFO  main            d.u.i.k.p.i.AbstractProblemLoader Creating init config 
1837       DEBUG main            d.u.i.k.j.TypeConverter   No LDT found for Meta 
1837       DEBUG main            d.u.i.k.j.TypeConverter   No LDT found for Meta 
1840       DEBUG main            d.u.i.k.j.TypeConverter   No LDT found for Meta 
1840       DEBUG main            d.u.i.k.j.TypeConverter   No LDT found for Meta 
3420       DEBUG main            d.u.i.k.j.TypeConverter   No LDT found for JavaBigintExpression 
9269       DEBUG main            d.u.i.k.p.i.AbstractProblemLoader Init config took 8.48s 
9532       INFO  main            d.u.i.k.p.i.AbstractProblemLoader Replaying proof SimplifiedLinkedList[SimplifiedLinkedList::remove(int)].JML normal_behavior operation contract.0 
9566       DEBUG main            d.u.i.k.p.i.IntermediateProofReplayer Proof replay took 34.1ns 
77583      INFO  main            d.u.i.k.p.r.p.TestFile    ... finished proof: closed. 
77978      INFO  main            d.u.i.k.p.i.AbstractProblemLoader Loading environment from /home/runner/work/key/key/key.core/../key.ui/examples/heap/list_seq/SimplifiedLinkedList.remove.key.proof 
77978      DEBUG main            d.u.i.k.p.i.AbstractProblemLoader Environment load took 270.8ns 
77998      INFO  main            d.u.i.k.p.i.AbstractProblemLoader Creating init config 
81148      DEBUG main            d.u.i.k.p.i.AbstractProblemLoader Init config took 3.15s 
81251      INFO  main            d.u.i.k.p.i.AbstractProblemLoader Replaying proof SimplifiedLinkedList[SimplifiedLinkedList::remove(int)].JML normal_behavior operation contract.0 
84062      DEBUG main            d.u.i.k.p.i.IntermediateProofReplayer Proof replay took 2.49s 
84085      DEBUG main            d.u.i.k.p.r.p.TestFile    ... success: reloaded. 
84087      INFO  main            d.u.i.k.p.r.p.TestFile    Now processing file /home/runner/work/key/key/key.core/../key.ui/examples/heap/list_seq/ArrayList.ArrayList.key 
84090      INFO  main            d.u.i.k.p.i.AbstractProblemLoader Loading environment from /home/runner/work/key/key/key.core/../key.ui/examples/heap/list_seq/ArrayList.ArrayList.key 
84091      DEBUG main            d.u.i.k.p.i.AbstractProblemLoader Environment load took 356.3ns 
84100      INFO  main            d.u.i.k.p.i.AbstractProblemLoader Creating init config 
87295      DEBUG main            d.u.i.k.p.i.AbstractProblemLoader Init config took 3.19s 
87380      INFO  main            d.u.i.k.p.i.AbstractProblemLoader Replaying proof ArrayList[ArrayList::ArrayList()].JML normal_behavior operation contract.0 
87382      DEBUG main            d.u.i.k.p.i.IntermediateProofReplayer Proof replay took 6.9ns 
88187      INFO  main            d.u.i.k.p.r.p.TestFile    ... finished proof: closed. 
88373      INFO  main            d.u.i.k.p.i.AbstractProblemLoader Loading environment from /home/runner/work/key/key/key.core/../key.ui/examples/heap/list_seq/ArrayList.ArrayList.key.proof 
88374      DEBUG main            d.u.i.k.p.i.AbstractProblemLoader Environment load took 984.81ns 
88376      INFO  main            d.u.i.k.p.i.AbstractProblemLoader Creating init config 
91409      DEBUG main            d.u.i.k.p.i.AbstractProblemLoader Init config took 3.03s 
91488      INFO  main            d.u.i.k.p.i.AbstractProblemLoader Replaying proof ArrayList[ArrayList::ArrayList()].JML normal_behavior operation contract.0 
91592      DEBUG main            d.u.i.k.p.i.IntermediateProofReplayer Proof replay took 96.79ms 
91594      DEBUG main            d.u.i.k.p.r.p.TestFile    ... success: reloaded. 
91595      INFO  main            d.u.i.k.p.r.p.TestFile    Now processing file /home/runner/work/key/key/key.core/../key.ui/examples/heap/list_seq/ArrayList.add.key 
91596      INFO  main            d.u.i.k.p.i.AbstractProblemLoader Loading environment from /home/runner/work/key/key/key.core/../key.ui/examples/heap/list_seq/ArrayList.add.key 
91596      DEBUG main            d.u.i.k.p.i.AbstractProblemLoader Environment load took 257ns 
91597      INFO  main            d.u.i.k.p.i.AbstractProblemLoader Creating init config 
94725      DEBUG main            d.u.i.k.p.i.AbstractProblemLoader Init config took 3.13s 
94804      INFO  main            d.u.i.k.p.i.AbstractProblemLoader Replaying proof ArrayList[List::add(java.lang.Object)].JML normal_behavior operation contract.0 
94806      DEBUG main            d.u.i.k.p.i.IntermediateProofReplayer Proof replay took 6.7ns 
98137      INFO  main            d.u.i.k.p.r.p.TestFile    ... finished proof: closed. 
98326      INFO  main            d.u.i.k.p.i.AbstractProblemLoader Loading environment from /home/runner/work/key/key/key.core/../key.ui/examples/heap/list_seq/ArrayList.add.key.proof 
98327      DEBUG main            d.u.i.k.p.i.AbstractProblemLoader Environment load took 516.71ns 
98328      INFO  main            d.u.i.k.p.i.AbstractProblemLoader Creating init config 
101355     DEBUG main            d.u.i.k.p.i.AbstractProblemLoader Init config took 3.03s 
101432     INFO  main            d.u.i.k.p.i.AbstractProblemLoader Replaying proof ArrayList[List::add(java.lang.Object)].JML normal_behavior operation contract.0 
101707     DEBUG main            d.u.i.k.p.i.IntermediateProofReplayer Proof replay took 261.04ms 
101709     DEBUG main            d.u.i.k.p.r.p.TestFile    ... success: reloaded. 
101710     INFO  main            d.u.i.k.p.r.p.TestFile    Now processing file /home/runner/work/key/key/key.core/../key.ui/examples/heap/list_seq/ArrayList.contains.key 
101710     INFO  main            d.u.i.k.p.i.AbstractProblemLoader Loading environment from /home/runner/work/key/key/key.core/../key.ui/examples/heap/list_seq/ArrayList.contains.key 
101711     DEBUG main            d.u.i.k.p.i.AbstractProblemLoader Environment load took 253.4ns 
101719     INFO  main            d.u.i.k.p.i.AbstractProblemLoader Creating init config 
104682     DEBUG main            d.u.i.k.p.i.AbstractProblemLoader Init config took 2.96s 
104758     INFO  main            d.u.i.k.p.i.AbstractProblemLoader Replaying proof ArrayList[List::contains(java.lang.Object)].JML normal_behavior operation contract.0 
104759     DEBUG main            d.u.i.k.p.i.IntermediateProofReplayer Proof replay took 6.1ns 
106366     INFO  main            d.u.i.k.p.r.p.TestFile    ... finished proof: closed. 
106567     INFO  main            d.u.i.k.p.i.AbstractProblemLoader Loading environment from /home/runner/work/key/key/key.core/../key.ui/examples/heap/list_seq/ArrayList.contains.key.proof 
106567     DEBUG main            d.u.i.k.p.i.AbstractProblemLoader Environment load took 508.41ns 
106569     INFO  main            d.u.i.k.p.i.AbstractProblemLoader Creating init config 
109567     DEBUG main            d.u.i.k.p.i.AbstractProblemLoader Init config took 3s 
109642     INFO  main            d.u.i.k.p.i.AbstractProblemLoader Replaying proof ArrayList[List::contains(java.lang.Object)].JML normal_behavior operation contract.0 
109811     DEBUG main            d.u.i.k.p.i.IntermediateProofReplayer Proof replay took 161.54ms 
109812     DEBUG main            d.u.i.k.p.r.p.TestFile    ... success: reloaded. 
109813     INFO  main            d.u.i.k.p.r.p.TestFile    Now processing file /home/runner/work/key/key/key.core/../key.ui/examples/heap/list_seq/ArrayList.enlarge.key 
109814     INFO  main            d.u.i.k.p.i.AbstractProblemLoader Loading environment from /home/runner/work/key/key/key.core/../key.ui/examples/heap/list_seq/ArrayList.enlarge.key 
109814     DEBUG main            d.u.i.k.p.i.AbstractProblemLoader Environment load took 124.8ns 
109815     INFO  main            d.u.i.k.p.i.AbstractProblemLoader Creating init config 
112816     DEBUG main            d.u.i.k.p.i.AbstractProblemLoader Init config took 3s 
112893     INFO  main            d.u.i.k.p.i.AbstractProblemLoader Replaying proof ArrayList[ArrayList::enlarge()].JML normal_behavior operation contract.0 
112895     DEBUG main            d.u.i.k.p.i.IntermediateProofReplayer Proof replay took 6.7ns 
114913     INFO  main            d.u.i.k.p.r.p.TestFile    ... finished proof: closed. 
115117     INFO  main            d.u.i.k.p.i.AbstractProblemLoader Loading environment from /home/runner/work/key/key/key.core/../key.ui/examples/heap/list_seq/ArrayList.enlarge.key.proof 
115118     DEBUG main            d.u.i.k.p.i.AbstractProblemLoader Environment load took 500.91ns 
115120     INFO  main            d.u.i.k.p.i.AbstractProblemLoader Creating init config 
118061     DEBUG main            d.u.i.k.p.i.AbstractProblemLoader Init config took 2.94s 
118133     INFO  main            d.u.i.k.p.i.AbstractProblemLoader Replaying proof ArrayList[ArrayList::enlarge()].JML normal_behavior operation contract.0 
118374     DEBUG main            d.u.i.k.p.i.IntermediateProofReplayer Proof replay took 231.53ms 
118376     DEBUG main            d.u.i.k.p.r.p.TestFile    ... success: reloaded. 
118377     INFO  main            d.u.i.k.p.r.p.TestFile    Now processing file /home/runner/work/key/key/key.core/../key.ui/examples/heap/list_seq/ArrayList.get.key 
118378     INFO  main            d.u.i.k.p.i.AbstractProblemLoader Loading environment from /home/runner/work/key/key/key.core/../key.ui/examples/heap/list_seq/ArrayList.get.key 
118378     DEBUG main            d.u.i.k.p.i.AbstractProblemLoader Environment load took 259.8ns 
118379     INFO  main            d.u.i.k.p.i.AbstractProblemLoader Creating init config 
121341     DEBUG main            d.u.i.k.p.i.AbstractProblemLoader Init config took 2.96s 
121413     INFO  main            d.u.i.k.p.i.AbstractProblemLoader Replaying proof ArrayList[List::get(int)].JML normal_behavior operation contract.0 
121415     DEBUG main            d.u.i.k.p.i.IntermediateProofReplayer Proof replay took 7.1ns 
122019     INFO  main            d.u.i.k.p.r.p.TestFile    ... finished proof: closed. 
122201     INFO  main            d.u.i.k.p.i.AbstractProblemLoader Loading environment from /home/runner/work/key/key/key.core/../key.ui/examples/heap/list_seq/ArrayList.get.key.proof 
122202     DEBUG main            d.u.i.k.p.i.AbstractProblemLoader Environment load took 535.91ns 
122204     INFO  main            d.u.i.k.p.i.AbstractProblemLoader Creating init config 
125149     DEBUG main            d.u.i.k.p.i.AbstractProblemLoader Init config took 2.95s 
125229     INFO  main            d.u.i.k.p.i.AbstractProblemLoader Replaying proof ArrayList[List::get(int)].JML normal_behavior operation contract.0 
125271     DEBUG main            d.u.i.k.p.i.IntermediateProofReplayer Proof replay took 37.6ms 
125272     DEBUG main            d.u.i.k.p.r.p.TestFile    ... success: reloaded. 
125273     INFO  main            d.u.i.k.p.r.p.TestFile    Now processing file /home/runner/work/key/key/key.core/../key.ui/examples/heap/list_seq/ArrayList.newArray.key 
125274     INFO  main            d.u.i.k.p.i.AbstractProblemLoader Loading environment from /home/runner/work/key/key/key.core/../key.ui/examples/heap/list_seq/ArrayList.newArray.key 
125274     DEBUG main            d.u.i.k.p.i.AbstractProblemLoader Environment load took 269ns 
125275     INFO  main            d.u.i.k.p.i.AbstractProblemLoader Creating init config 
128316     DEBUG main            d.u.i.k.p.i.AbstractProblemLoader Init config took 3.04s 
128404     INFO  main            d.u.i.k.p.i.AbstractProblemLoader Replaying proof ArrayList[ArrayList::newArray(int)].JML normal_behavior operation contract.0 
128406     DEBUG main            d.u.i.k.p.i.IntermediateProofReplayer Proof replay took 6.3ns 
128711     INFO  main            d.u.i.k.p.r.p.TestFile    ... finished proof: closed. 
128911     INFO  main            d.u.i.k.p.i.AbstractProblemLoader Loading environment from /home/runner/work/key/key/key.core/../key.ui/examples/heap/list_seq/ArrayList.newArray.key.proof 
128911     DEBUG main            d.u.i.k.p.i.AbstractProblemLoader Environment load took 138.7ns 
128912     INFO  main            d.u.i.k.p.i.AbstractProblemLoader Creating init config 
131858     DEBUG main            d.u.i.k.p.i.AbstractProblemLoader Init config took 2.95s 
131928     INFO  main            d.u.i.k.p.i.AbstractProblemLoader Replaying proof ArrayList[ArrayList::newArray(int)].JML normal_behavior operation contract.0 
131972     DEBUG main            d.u.i.k.p.i.IntermediateProofReplayer Proof replay took 40.28ms 
131974     DEBUG main            d.u.i.k.p.r.p.TestFile    ... success: reloaded. 
131975     INFO  main            d.u.i.k.p.r.p.TestFile    Now processing file /home/runner/work/key/key/key.core/../key.ui/examples/heap/list_seq/ArrayList.remove.0.key 
131976     INFO  main            d.u.i.k.p.i.AbstractProblemLoader Loading environment from /home/runner/work/key/key/key.core/../key.ui/examples/heap/list_seq/ArrayList.remove.0.key 
131976     DEBUG main            d.u.i.k.p.i.AbstractProblemLoader Environment load took 244.6ns 
131977     INFO  main            d.u.i.k.p.i.AbstractProblemLoader Creating init config 
134951     DEBUG main            d.u.i.k.p.i.AbstractProblemLoader Init config took 2.97s 
135020     INFO  main            d.u.i.k.p.i.AbstractProblemLoader Replaying proof ArrayList[List::remove(java.lang.Object)].JML normal_behavior operation contract.0 
135022     DEBUG main            d.u.i.k.p.i.IntermediateProofReplayer Proof replay took 7.2ns 
136938     INFO  main            d.u.i.k.p.r.p.TestFile    ... finished proof: closed. 
137203     INFO  main            d.u.i.k.p.i.AbstractProblemLoader Loading environment from /home/runner/work/key/key/key.core/../key.ui/examples/heap/list_seq/ArrayList.remove.0.key.proof 
137205     DEBUG main            d.u.i.k.p.i.AbstractProblemLoader Environment load took 1.36ms 
137206     INFO  main            d.u.i.k.p.i.AbstractProblemLoader Creating init config 
140132     DEBUG main            d.u.i.k.p.i.AbstractProblemLoader Init config took 2.93s 
140201     INFO  main            d.u.i.k.p.i.AbstractProblemLoader Replaying proof ArrayList[List::remove(java.lang.Object)].JML normal_behavior operation contract.0 
140534     DEBUG main            d.u.i.k.p.i.IntermediateProofReplayer Proof replay took 325.52ms 
140536     DEBUG main            d.u.i.k.p.r.p.TestFile    ... success: reloaded. 
140537     INFO  main            d.u.i.k.p.r.p.TestFile    Now processing file /home/runner/work/key/key/key.core/../key.ui/examples/heap/list_seq/ArrayList.remove.1.key 
140538     INFO  main            d.u.i.k.p.i.AbstractProblemLoader Loading environment from /home/runner/work/key/key/key.core/../key.ui/examples/heap/list_seq/ArrayList.remove.1.key 
140538     DEBUG main            d.u.i.k.p.i.AbstractProblemLoader Environment load took 260.9ns 
140539     INFO  main            d.u.i.k.p.i.AbstractProblemLoader Creating init config 
143539     DEBUG main            d.u.i.k.p.i.AbstractProblemLoader Init config took 3s 
143607     INFO  main            d.u.i.k.p.i.AbstractProblemLoader Replaying proof ArrayList[List::remove(java.lang.Object)].JML normal_behavior operation contract.1 
143610     DEBUG main            d.u.i.k.p.i.IntermediateProofReplayer Proof replay took 7.1ns 
155152     INFO  main            d.u.i.k.p.r.p.TestFile    ... finished proof: closed. 
155424     INFO  main            d.u.i.k.p.i.AbstractProblemLoader Loading environment from /home/runner/work/key/key/key.core/../key.ui/examples/heap/list_seq/ArrayList.remove.1.key.proof 
155425     DEBUG main            d.u.i.k.p.i.AbstractProblemLoader Environment load took 549.61ns 
155428     INFO  main            d.u.i.k.p.i.AbstractProblemLoader Creating init config 
158297     DEBUG main            d.u.i.k.p.i.AbstractProblemLoader Init config took 2.87s 
158387     INFO  main            d.u.i.k.p.i.AbstractProblemLoader Replaying proof ArrayList[List::remove(java.lang.Object)].JML normal_behavior operation contract.1 
159241     DEBUG main            d.u.i.k.p.i.IntermediateProofReplayer Proof replay took 818ms 
159244     DEBUG main            d.u.i.k.p.r.p.TestFile    ... success: reloaded. 
1369459    INFO  Test worker     d.u.i.k.p.r.p.StatisticsFile Returning from test list_seq 
1369462    INFO  Test worker     d.u.i.k.p.r.p.StatisticsFile Running test observer 
395        INFO  Timeout watchdog d.u.i.k.p.r.p.ForkedTestFileRunner Timeout watcher launched (2000 secs.) 
399        WARN  main            d.u.i.k.s.ProofSettings   The settings in /home/runner/.key/proof-settings.props are *not* read. 
449        INFO  main            d.u.i.k.p.r.p.TestFile    Now processing file /home/runner/work/key/key/key.core/../key.ui/examples/heap/observer/ExampleObserver_ExampleObserver.key 
582        INFO  main            d.u.i.k.p.i.AbstractProblemLoader Loading environment from /home/runner/work/key/key/key.core/../key.ui/examples/heap/observer/ExampleObserver_ExampleObserver.key 
600        DEBUG main            d.u.i.k.p.i.AbstractProblemLoader Environment load took 2.26ms 
818        INFO  main            d.u.i.k.p.i.AbstractProblemLoader Creating init config 
1678       DEBUG main            d.u.i.k.j.TypeConverter   No LDT found for Meta 
1678       DEBUG main            d.u.i.k.j.TypeConverter   No LDT found for Meta 
1680       DEBUG main            d.u.i.k.j.TypeConverter   No LDT found for Meta 
1680       DEBUG main            d.u.i.k.j.TypeConverter   No LDT found for Meta 
3387       DEBUG main            d.u.i.k.j.TypeConverter   No LDT found for JavaBigintExpression 
8712       DEBUG main            d.u.i.k.p.i.AbstractProblemLoader Init config took 7.89s 
8853       INFO  main            d.u.i.k.p.i.AbstractProblemLoader Replaying proof ExampleObserver[ExampleObserver::ExampleObserver(ExampleSubject)].JML normal_behavior operation contract.0 
8887       DEBUG main            d.u.i.k.p.i.IntermediateProofReplayer Proof replay took 35.8ns 
10016      INFO  main            d.u.i.k.p.r.p.TestFile    ... finished proof: closed. 
10175      INFO  main            d.u.i.k.p.i.AbstractProblemLoader Loading environment from /home/runner/work/key/key/key.core/../key.ui/examples/heap/observer/ExampleObserver_ExampleObserver.key.proof 
10177      DEBUG main            d.u.i.k.p.i.AbstractProblemLoader Environment load took 2.22ms 
10182      INFO  main            d.u.i.k.p.i.AbstractProblemLoader Creating init config 
13325      DEBUG main            d.u.i.k.p.i.AbstractProblemLoader Init config took 3.14s 
13406      INFO  main            d.u.i.k.p.i.AbstractProblemLoader Replaying proof ExampleObserver[ExampleObserver::ExampleObserver(ExampleSubject)].JML normal_behavior operation contract.0 
13500      DEBUG main            d.u.i.k.p.i.IntermediateProofReplayer Proof replay took 86.25ms 
13508      DEBUG main            d.u.i.k.p.r.p.TestFile    ... success: reloaded. 
13510      INFO  main            d.u.i.k.p.r.p.TestFile    Now processing file /home/runner/work/key/key/key.core/../key.ui/examples/heap/observer/ExampleObserver_inv.key 
13510      INFO  main            d.u.i.k.p.i.AbstractProblemLoader Loading environment from /home/runner/work/key/key/key.core/../key.ui/examples/heap/observer/ExampleObserver_inv.key 
13511      DEBUG main            d.u.i.k.p.i.AbstractProblemLoader Environment load took 276.5ns 
13512      INFO  main            d.u.i.k.p.i.AbstractProblemLoader Creating init config 
16316      DEBUG main            d.u.i.k.p.i.AbstractProblemLoader Init config took 2.8s 
16377      INFO  main            d.u.i.k.p.i.AbstractProblemLoader Replaying proof ExampleObserver[java.lang.Object::<inv>()].JML accessible clause.0 
16380      DEBUG main            d.u.i.k.p.i.IntermediateProofReplayer Proof replay took 6.3ns 
16483      INFO  main            d.u.i.k.p.r.p.TestFile    ... finished proof: closed. 
16618      INFO  main            d.u.i.k.p.i.AbstractProblemLoader Loading environment from /home/runner/work/key/key/key.core/../key.ui/examples/heap/observer/ExampleObserver_inv.key.proof 
16619      DEBUG main            d.u.i.k.p.i.AbstractProblemLoader Environment load took 142.7ns 
16620      INFO  main            d.u.i.k.p.i.AbstractProblemLoader Creating init config 
19353      DEBUG main            d.u.i.k.p.i.AbstractProblemLoader Init config took 2.73s 
19442      INFO  main            d.u.i.k.p.i.AbstractProblemLoader Replaying proof ExampleObserver[java.lang.Object::<inv>()].JML accessible clause.0 
19469      DEBUG main            d.u.i.k.p.i.IntermediateProofReplayer Proof replay took 21.19ms 
19471      DEBUG main            d.u.i.k.p.r.p.TestFile    ... success: reloaded. 
19473      INFO  main            d.u.i.k.p.r.p.TestFile    Now processing file /home/runner/work/key/key/key.core/../key.ui/examples/heap/observer/ExampleObserver_subject.key 
19474      INFO  main            d.u.i.k.p.i.AbstractProblemLoader Loading environment from /home/runner/work/key/key/key.core/../key.ui/examples/heap/observer/ExampleObserver_subject.key 
19474      DEBUG main            d.u.i.k.p.i.AbstractProblemLoader Environment load took 272.3ns 
19477      INFO  main            d.u.i.k.p.i.AbstractProblemLoader Creating init config 
22215      DEBUG main            d.u.i.k.p.i.AbstractProblemLoader Init config took 2.74s 
22282      INFO  main            d.u.i.k.p.i.AbstractProblemLoader Replaying proof Observer[Observer::$subject()].JML accessible clause.0 
22286      DEBUG main            d.u.i.k.p.i.IntermediateProofReplayer Proof replay took 7.5ns 
22389      INFO  main            d.u.i.k.p.r.p.TestFile    ... finished proof: closed. 
22528      INFO  main            d.u.i.k.p.i.AbstractProblemLoader Loading environment from /home/runner/work/key/key/key.core/../key.ui/examples/heap/observer/ExampleObserver_subject.key.proof 
22528      DEBUG main            d.u.i.k.p.i.AbstractProblemLoader Environment load took 141.5ns 
22530      INFO  main            d.u.i.k.p.i.AbstractProblemLoader Creating init config 
25200      DEBUG main            d.u.i.k.p.i.AbstractProblemLoader Init config took 2.67s 
25263      INFO  main            d.u.i.k.p.i.AbstractProblemLoader Replaying proof Observer[Observer::$subject()].JML accessible clause.0 
25269      DEBUG main            d.u.i.k.p.i.IntermediateProofReplayer Proof replay took 1.63ms 
25271      DEBUG main            d.u.i.k.p.r.p.TestFile    ... success: reloaded. 
25273      INFO  main            d.u.i.k.p.r.p.TestFile    Now processing file /home/runner/work/key/key/key.core/../key.ui/examples/heap/observer/ExampleObserver_update.key 
25274      INFO  main            d.u.i.k.p.i.AbstractProblemLoader Loading environment from /home/runner/work/key/key/key.core/../key.ui/examples/heap/observer/ExampleObserver_update.key 
25274      DEBUG main            d.u.i.k.p.i.AbstractProblemLoader Environment load took 258.8ns 
25275      INFO  main            d.u.i.k.p.i.AbstractProblemLoader Creating init config 
27940      DEBUG main            d.u.i.k.p.i.AbstractProblemLoader Init config took 2.66s 
27989      INFO  main            d.u.i.k.p.i.AbstractProblemLoader Replaying proof ExampleObserver[Observer::update()].JML normal_behavior operation contract.0 
27991      DEBUG main            d.u.i.k.p.i.IntermediateProofReplayer Proof replay took 7.4ns 
28296      INFO  main            d.u.i.k.p.r.p.TestFile    ... finished proof: closed. 
28461      INFO  main            d.u.i.k.p.i.AbstractProblemLoader Loading environment from /home/runner/work/key/key/key.core/../key.ui/examples/heap/observer/ExampleObserver_update.key.proof 
28461      DEBUG main            d.u.i.k.p.i.AbstractProblemLoader Environment load took 729.11ns 
28464      INFO  main            d.u.i.k.p.i.AbstractProblemLoader Creating init config 
31108      DEBUG main            d.u.i.k.p.i.AbstractProblemLoader Init config took 2.64s 
31157      INFO  main            d.u.i.k.p.i.AbstractProblemLoader Replaying proof ExampleObserver[Observer::update()].JML normal_behavior operation contract.0 
31215      DEBUG main            d.u.i.k.p.i.IntermediateProofReplayer Proof replay took 54.07ms 
31216      DEBUG main            d.u.i.k.p.r.p.TestFile    ... success: reloaded. 
31218      INFO  main            d.u.i.k.p.r.p.TestFile    Now processing file /home/runner/work/key/key/key.core/../key.ui/examples/heap/observer/ExampleObserver_upToDate.key 
31218      INFO  main            d.u.i.k.p.i.AbstractProblemLoader Loading environment from /home/runner/work/key/key/key.core/../key.ui/examples/heap/observer/ExampleObserver_upToDate.key 
31219      DEBUG main            d.u.i.k.p.i.AbstractProblemLoader Environment load took 238.7ns 
31220      INFO  main            d.u.i.k.p.i.AbstractProblemLoader Creating init config 
33878      DEBUG main            d.u.i.k.p.i.AbstractProblemLoader Init config took 2.66s 
33924      INFO  main            d.u.i.k.p.i.AbstractProblemLoader Replaying proof ExampleObserver[Observer::$upToDate()].JML accessible clause.0 
33926      DEBUG main            d.u.i.k.p.i.IntermediateProofReplayer Proof replay took 6.4ns 
34131      INFO  main            d.u.i.k.p.r.p.TestFile    ... finished proof: closed. 
34361      INFO  main            d.u.i.k.p.i.AbstractProblemLoader Loading environment from /home/runner/work/key/key/key.core/../key.ui/examples/heap/observer/ExampleObserver_upToDate.key.proof 
34361      DEBUG main            d.u.i.k.p.i.AbstractProblemLoader Environment load took 211.7ns 
34362      INFO  main            d.u.i.k.p.i.AbstractProblemLoader Creating init config 
36995      DEBUG main            d.u.i.k.p.i.AbstractProblemLoader Init config took 2.63s 
37042      INFO  main            d.u.i.k.p.i.AbstractProblemLoader Replaying proof ExampleObserver[Observer::$upToDate()].JML accessible clause.0 
37062      DEBUG main            d.u.i.k.p.i.IntermediateProofReplayer Proof replay took 17.3ms 
37063      DEBUG main            d.u.i.k.p.r.p.TestFile    ... success: reloaded. 
37065      INFO  main            d.u.i.k.p.r.p.TestFile    Now processing file /home/runner/work/key/key/key.core/../key.ui/examples/heap/observer/ExampleObserver_value.key 
37065      INFO  main            d.u.i.k.p.i.AbstractProblemLoader Loading environment from /home/runner/work/key/key/key.core/../key.ui/examples/heap/observer/ExampleObserver_value.key 
37066      DEBUG main            d.u.i.k.p.i.AbstractProblemLoader Environment load took 272.1ns 
37067      INFO  main            d.u.i.k.p.i.AbstractProblemLoader Creating init config 
39712      DEBUG main            d.u.i.k.p.i.AbstractProblemLoader Init config took 2.64s 
39757      INFO  main            d.u.i.k.p.i.AbstractProblemLoader Replaying proof ExampleObserver[ExampleObserver::value()].JML normal_behavior operation contract.0 
39759      DEBUG main            d.u.i.k.p.i.IntermediateProofReplayer Proof replay took 7.7ns 
39864      INFO  main            d.u.i.k.p.r.p.TestFile    ... finished proof: closed. 
40014      INFO  main            d.u.i.k.p.i.AbstractProblemLoader Loading environment from /home/runner/work/key/key/key.core/../key.ui/examples/heap/observer/ExampleObserver_value.key.proof 
40014      DEBUG main            d.u.i.k.p.i.AbstractProblemLoader Environment load took 131.4ns 
40015      INFO  main            d.u.i.k.p.i.AbstractProblemLoader Creating init config 
42604      DEBUG main            d.u.i.k.p.i.AbstractProblemLoader Init config took 2.59s 
42663      INFO  main            d.u.i.k.p.i.AbstractProblemLoader Replaying proof ExampleObserver[ExampleObserver::value()].JML normal_behavior operation contract.0 
42687      DEBUG main            d.u.i.k.p.i.IntermediateProofReplayer Proof replay took 19.36ms 
42689      DEBUG main            d.u.i.k.p.r.p.TestFile    ... success: reloaded. 
42690      INFO  main            d.u.i.k.p.r.p.TestFile    Now processing file /home/runner/work/key/key/key.core/../key.ui/examples/heap/observer/ExampleSubject_addObserver.key 
42691      INFO  main            d.u.i.k.p.i.AbstractProblemLoader Loading environment from /home/runner/work/key/key/key.core/../key.ui/examples/heap/observer/ExampleSubject_addObserver.key 
42691      DEBUG main            d.u.i.k.p.i.AbstractProblemLoader Environment load took 230.5ns 
42692      INFO  main            d.u.i.k.p.i.AbstractProblemLoader Creating init config 
45289      DEBUG main            d.u.i.k.p.i.AbstractProblemLoader Init config took 2.6s 
45346      INFO  main            d.u.i.k.p.i.AbstractProblemLoader Replaying proof ExampleSubject[Subject::addObserver(Observer)].JML normal_behavior operation contract.0 
45354      DEBUG main            d.u.i.k.p.i.IntermediateProofReplayer Proof replay took 7.6ns 
50930      INFO  main            d.u.i.k.p.r.p.TestFile    ... finished proof: closed. 
51175      INFO  main            d.u.i.k.p.i.AbstractProblemLoader Loading environment from /home/runner/work/key/key/key.core/../key.ui/examples/heap/observer/ExampleSubject_addObserver.key.proof 
51176      DEBUG main            d.u.i.k.p.i.AbstractProblemLoader Environment load took 535.31ns 
51178      INFO  main            d.u.i.k.p.i.AbstractProblemLoader Creating init config 
53724      DEBUG main            d.u.i.k.p.i.AbstractProblemLoader Init config took 2.55s 
53778      INFO  main            d.u.i.k.p.i.AbstractProblemLoader Replaying proof ExampleSubject[Subject::addObserver(Observer)].JML normal_behavior operation contract.0 
54363      DEBUG main            d.u.i.k.p.i.IntermediateProofReplayer Proof replay took 558.48ms 
54365      DEBUG main            d.u.i.k.p.r.p.TestFile    ... success: reloaded. 
54367      INFO  main            d.u.i.k.p.r.p.TestFile    Now processing file /home/runner/work/key/key/key.core/../key.ui/examples/heap/observer/ExampleSubject_change.key 
54367      INFO  main            d.u.i.k.p.i.AbstractProblemLoader Loading environment from /home/runner/work/key/key/key.core/../key.ui/examples/heap/observer/ExampleSubject_change.key 
54368      DEBUG main            d.u.i.k.p.i.AbstractProblemLoader Environment load took 235.4ns 
54369      INFO  main            d.u.i.k.p.i.AbstractProblemLoader Creating init config 
57000      DEBUG main            d.u.i.k.p.i.AbstractProblemLoader Init config took 2.63s 
57046      INFO  main            d.u.i.k.p.i.AbstractProblemLoader Replaying proof ExampleSubject[ExampleSubject::change()].JML normal_behavior operation contract.0 
57048      DEBUG main            d.u.i.k.p.i.IntermediateProofReplayer Proof replay took 20.1ns 
57552      INFO  main            d.u.i.k.p.r.p.TestFile    ... finished proof: closed. 
57735      INFO  main            d.u.i.k.p.i.AbstractProblemLoader Loading environment from /home/runner/work/key/key/key.core/../key.ui/examples/heap/observer/ExampleSubject_change.key.proof 
57736      DEBUG main            d.u.i.k.p.i.AbstractProblemLoader Environment load took 1.55ms 
57738      INFO  main            d.u.i.k.p.i.AbstractProblemLoader Creating init config 
60249      DEBUG main            d.u.i.k.p.i.AbstractProblemLoader Init config took 2.51s 
60305      INFO  main            d.u.i.k.p.i.AbstractProblemLoader Replaying proof ExampleSubject[ExampleSubject::change()].JML normal_behavior operation contract.0 
60359      DEBUG main            d.u.i.k.p.i.IntermediateProofReplayer Proof replay took 49.39ms 
60360      DEBUG main            d.u.i.k.p.r.p.TestFile    ... success: reloaded. 
60361      INFO  main            d.u.i.k.p.r.p.TestFile    Now processing file /home/runner/work/key/key/key.core/../key.ui/examples/heap/observer/ExampleSubject_ExampleSubject.key 
60361      INFO  main            d.u.i.k.p.i.AbstractProblemLoader Loading environment from /home/runner/work/key/key/key.core/../key.ui/examples/heap/observer/ExampleSubject_ExampleSubject.key 
60362      DEBUG main            d.u.i.k.p.i.AbstractProblemLoader Environment load took 149.6ns 
60363      INFO  main            d.u.i.k.p.i.AbstractProblemLoader Creating init config 
62933      DEBUG main            d.u.i.k.p.i.AbstractProblemLoader Init config took 2.57s 
62978      INFO  main            d.u.i.k.p.i.AbstractProblemLoader Replaying proof ExampleSubject[ExampleSubject::ExampleSubject()].JML normal_behavior operation contract.0 
62979      DEBUG main            d.u.i.k.p.i.IntermediateProofReplayer Proof replay took 6.9ns 
64085      INFO  main            d.u.i.k.p.r.p.TestFile    ... finished proof: closed. 
64295      INFO  main            d.u.i.k.p.i.AbstractProblemLoader Loading environment from /home/runner/work/key/key/key.core/../key.ui/examples/heap/observer/ExampleSubject_ExampleSubject.key.proof 
64297      DEBUG main            d.u.i.k.p.i.AbstractProblemLoader Environment load took 1.42ms 
64298      INFO  main            d.u.i.k.p.i.AbstractProblemLoader Creating init config 
66842      DEBUG main            d.u.i.k.p.i.AbstractProblemLoader Init config took 2.54s 
66888      INFO  main            d.u.i.k.p.i.AbstractProblemLoader Replaying proof ExampleSubject[ExampleSubject::ExampleSubject()].JML normal_behavior operation contract.0 
67017      DEBUG main            d.u.i.k.p.i.IntermediateProofReplayer Proof replay took 122.28ms 
67018      DEBUG main            d.u.i.k.p.r.p.TestFile    ... success: reloaded. 
67020      INFO  main            d.u.i.k.p.r.p.TestFile    Now processing file /home/runner/work/key/key/key.core/../key.ui/examples/heap/observer/ExampleSubject_footprint.key 
67020      INFO  main            d.u.i.k.p.i.AbstractProblemLoader Loading environment from /home/runner/work/key/key/key.core/../key.ui/examples/heap/observer/ExampleSubject_footprint.key 
67020      DEBUG main            d.u.i.k.p.i.AbstractProblemLoader Environment load took 219.3ns 
67021      INFO  main            d.u.i.k.p.i.AbstractProblemLoader Creating init config 
69595      DEBUG main            d.u.i.k.p.i.AbstractProblemLoader Init config took 2.57s 
69639      INFO  main            d.u.i.k.p.i.AbstractProblemLoader Replaying proof ExampleSubject[Subject::$footprint()].JML accessible clause.0 
69641      DEBUG main            d.u.i.k.p.i.IntermediateProofReplayer Proof replay took 7.1ns 
69743      INFO  main            d.u.i.k.p.r.p.TestFile    ... finished proof: closed. 
69932      INFO  main            d.u.i.k.p.i.AbstractProblemLoader Loading environment from /home/runner/work/key/key/key.core/../key.ui/examples/heap/observer/ExampleSubject_footprint.key.proof 
69932      DEBUG main            d.u.i.k.p.i.AbstractProblemLoader Environment load took 130.9ns 
69934      INFO  main            d.u.i.k.p.i.AbstractProblemLoader Creating init config 
72477      DEBUG main            d.u.i.k.p.i.AbstractProblemLoader Init config took 2.54s 
72520      INFO  main            d.u.i.k.p.i.AbstractProblemLoader Replaying proof ExampleSubject[Subject::$footprint()].JML accessible clause.0 
72533      DEBUG main            d.u.i.k.p.i.IntermediateProofReplayer Proof replay took 10.77ms 
72534      DEBUG main            d.u.i.k.p.r.p.TestFile    ... success: reloaded. 
72536      INFO  main            d.u.i.k.p.r.p.TestFile    Now processing file /home/runner/work/key/key/key.core/../key.ui/examples/heap/observer/ExampleSubject_inv.key 
72536      INFO  main            d.u.i.k.p.i.AbstractProblemLoader Loading environment from /home/runner/work/key/key/key.core/../key.ui/examples/heap/observer/ExampleSubject_inv.key 
72536      DEBUG main            d.u.i.k.p.i.AbstractProblemLoader Environment load took 104ns 
72537      INFO  main            d.u.i.k.p.i.AbstractProblemLoader Creating init config 
75121      DEBUG main            d.u.i.k.p.i.AbstractProblemLoader Init config took 2.58s 
75164      INFO  main            d.u.i.k.p.i.AbstractProblemLoader Replaying proof ExampleSubject[java.lang.Object::<inv>()].JML accessible clause.0 
75165      DEBUG main            d.u.i.k.p.i.IntermediateProofReplayer Proof replay took 7.2ns 
76370      INFO  main            d.u.i.k.p.r.p.TestFile    ... finished proof: closed. 
76580      INFO  main            d.u.i.k.p.i.AbstractProblemLoader Loading environment from /home/runner/work/key/key/key.core/../key.ui/examples/heap/observer/ExampleSubject_inv.key.proof 
76580      DEBUG main            d.u.i.k.p.i.AbstractProblemLoader Environment load took 148.8ns 
76581      INFO  main            d.u.i.k.p.i.AbstractProblemLoader Creating init config 
79119      DEBUG main            d.u.i.k.p.i.AbstractProblemLoader Init config took 2.54s 
79161      INFO  main            d.u.i.k.p.i.AbstractProblemLoader Replaying proof ExampleSubject[java.lang.Object::<inv>()].JML accessible clause.0 
79231      DEBUG main            d.u.i.k.p.i.IntermediateProofReplayer Proof replay took 63.61ms 
79233      DEBUG main            d.u.i.k.p.r.p.TestFile    ... success: reloaded. 
79234      INFO  main            d.u.i.k.p.r.p.TestFile    Now processing file /home/runner/work/key/key/key.core/../key.ui/examples/heap/observer/ExampleSubject_notifyObservers.key 
79234      INFO  main            d.u.i.k.p.i.AbstractProblemLoader Loading environment from /home/runner/work/key/key/key.core/../key.ui/examples/heap/observer/ExampleSubject_notifyObservers.key 
79234      DEBUG main            d.u.i.k.p.i.AbstractProblemLoader Environment load took 111.1ns 
79235      INFO  main            d.u.i.k.p.i.AbstractProblemLoader Creating init config 
81782      DEBUG main            d.u.i.k.p.i.AbstractProblemLoader Init config took 2.55s 
81824      INFO  main            d.u.i.k.p.i.AbstractProblemLoader Replaying proof Subject[Subject::notifyObservers()].JML normal_behavior operation contract.0 
81826      DEBUG main            d.u.i.k.p.i.IntermediateProofReplayer Proof replay took 7.8ns 
81930      INFO  main            d.u.i.k.p.r.p.TestFile    ... finished proof: closed. 
82136      INFO  main            d.u.i.k.p.i.AbstractProblemLoader Loading environment from /home/runner/work/key/key/key.core/../key.ui/examples/heap/observer/ExampleSubject_notifyObservers.key.proof 
82137      DEBUG main            d.u.i.k.p.i.AbstractProblemLoader Environment load took 151.7ns 
82138      INFO  main            d.u.i.k.p.i.AbstractProblemLoader Creating init config 
84639      DEBUG main            d.u.i.k.p.i.AbstractProblemLoader Init config took 2.5s 
84682      INFO  main            d.u.i.k.p.i.AbstractProblemLoader Replaying proof Subject[Subject::notifyObservers()].JML normal_behavior operation contract.0 
84686      DEBUG main            d.u.i.k.p.i.IntermediateProofReplayer Proof replay took 2.18ms 
84687      DEBUG main            d.u.i.k.p.r.p.TestFile    ... success: reloaded. 
84688      INFO  main            d.u.i.k.p.r.p.TestFile    Now processing file /home/runner/work/key/key/key.core/../key.ui/examples/heap/observer/ExampleSubject_value_dep.key 
84688      INFO  main            d.u.i.k.p.i.AbstractProblemLoader Loading environment from /home/runner/work/key/key/key.core/../key.ui/examples/heap/observer/ExampleSubject_value_dep.key 
84688      DEBUG main            d.u.i.k.p.i.AbstractProblemLoader Environment load took 121.6ns 
84689      INFO  main            d.u.i.k.p.i.AbstractProblemLoader Creating init config 
87252      DEBUG main            d.u.i.k.p.i.AbstractProblemLoader Init config took 2.56s 
87293      INFO  main            d.u.i.k.p.i.AbstractProblemLoader Replaying proof ExampleSubject[ExampleSubject::value()].JML accessible clause.0 
87294      DEBUG main            d.u.i.k.p.i.IntermediateProofReplayer Proof replay took 7ns 
87401      INFO  main            d.u.i.k.p.r.p.TestFile    ... finished proof: closed. 
87618      INFO  main            d.u.i.k.p.i.AbstractProblemLoader Loading environment from /home/runner/work/key/key/key.core/../key.ui/examples/heap/observer/ExampleSubject_value_dep.key.proof 
87618      DEBUG main            d.u.i.k.p.i.AbstractProblemLoader Environment load took 125.7ns 
87619      INFO  main            d.u.i.k.p.i.AbstractProblemLoader Creating init config 
90162      DEBUG main            d.u.i.k.p.i.AbstractProblemLoader Init config took 2.54s 
90203      INFO  main            d.u.i.k.p.i.AbstractProblemLoader Replaying proof ExampleSubject[ExampleSubject::value()].JML accessible clause.0 
90216      DEBUG main            d.u.i.k.p.i.IntermediateProofReplayer Proof replay took 10.46ms 
90217      DEBUG main            d.u.i.k.p.r.p.TestFile    ... success: reloaded. 
90219      INFO  main            d.u.i.k.p.r.p.TestFile    Now processing file /home/runner/work/key/key/key.core/../key.ui/examples/heap/observer/ExampleSubject_value.key 
90220      INFO  main            d.u.i.k.p.i.AbstractProblemLoader Loading environment from /home/runner/work/key/key/key.core/../key.ui/examples/heap/observer/ExampleSubject_value.key 
90220      DEBUG main            d.u.i.k.p.i.AbstractProblemLoader Environment load took 232.9ns 
90221      INFO  main            d.u.i.k.p.i.AbstractProblemLoader Creating init config 
92749      DEBUG main            d.u.i.k.p.i.AbstractProblemLoader Init config took 2.53s 
92791      INFO  main            d.u.i.k.p.i.AbstractProblemLoader Replaying proof ExampleSubject[ExampleSubject::value()].JML normal_behavior operation contract.0 
92793      DEBUG main            d.u.i.k.p.i.IntermediateProofReplayer Proof replay took 7.2ns 
92898      INFO  main            d.u.i.k.p.r.p.TestFile    ... finished proof: closed. 
93119      INFO  main            d.u.i.k.p.i.AbstractProblemLoader Loading environment from /home/runner/work/key/key/key.core/../key.ui/examples/heap/observer/ExampleSubject_value.key.proof 
93120      DEBUG main            d.u.i.k.p.i.AbstractProblemLoader Environment load took 129.8ns 
93121      INFO  main            d.u.i.k.p.i.AbstractProblemLoader Creating init config 
95615      DEBUG main            d.u.i.k.p.i.AbstractProblemLoader Init config took 2.49s 
95670      INFO  main            d.u.i.k.p.i.AbstractProblemLoader Replaying proof ExampleSubject[ExampleSubject::value()].JML normal_behavior operation contract.0 
95687      DEBUG main            d.u.i.k.p.i.IntermediateProofReplayer Proof replay took 9.37ms 
95688      DEBUG main            d.u.i.k.p.r.p.TestFile    ... success: reloaded. 
1465330    INFO  Test worker     d.u.i.k.p.r.p.StatisticsFile Returning from test observer 
1465332    INFO  Test worker     d.u.i.k.p.r.p.StatisticsFile Running test removeDups 
349        INFO  Timeout watchdog d.u.i.k.p.r.p.ForkedTestFileRunner Timeout watcher launched (2000 secs.) 
357        WARN  main            d.u.i.k.s.ProofSettings   The settings in /home/runner/.key/proof-settings.props are *not* read. 
407        INFO  main            d.u.i.k.p.r.p.TestFile    Now processing file /home/runner/work/key/key/key.core/../key.ui/examples/heap/removeDups/arrayPart.key 
551        INFO  main            d.u.i.k.p.i.AbstractProblemLoader Loading environment from /home/runner/work/key/key/key.core/../key.ui/examples/heap/removeDups/arrayPart.key 
569        DEBUG main            d.u.i.k.p.i.AbstractProblemLoader Environment load took 1.93ms 
796        INFO  main            d.u.i.k.p.i.AbstractProblemLoader Creating init config 
1712       DEBUG main            d.u.i.k.j.TypeConverter   No LDT found for Meta 
1717       DEBUG main            d.u.i.k.j.TypeConverter   No LDT found for Meta 
1719       DEBUG main            d.u.i.k.j.TypeConverter   No LDT found for Meta 
1719       DEBUG main            d.u.i.k.j.TypeConverter   No LDT found for Meta 
3055       DEBUG main            d.u.i.k.j.TypeConverter   No LDT found for JavaBigintExpression 
8139       DEBUG main            d.u.i.k.p.i.AbstractProblemLoader Init config took 7.34s 
8284       INFO  main            d.u.i.k.p.i.AbstractProblemLoader Replaying proof RemoveDup[RemoveDup::arrayPart([I,int)].JML normal_behavior operation contract.0 
8320       DEBUG main            d.u.i.k.p.i.IntermediateProofReplayer Proof replay took 37.3ns 
11071      INFO  main            d.u.i.k.p.r.p.TestFile    ... finished proof: closed. 
11220      INFO  main            d.u.i.k.p.i.AbstractProblemLoader Loading environment from /home/runner/work/key/key/key.core/../key.ui/examples/heap/removeDups/arrayPart.key.proof 
11221      DEBUG main            d.u.i.k.p.i.AbstractProblemLoader Environment load took 610.91ns 
11224      INFO  main            d.u.i.k.p.i.AbstractProblemLoader Creating init config 
14074      DEBUG main            d.u.i.k.p.i.AbstractProblemLoader Init config took 2.85s 
14155      INFO  main            d.u.i.k.p.i.AbstractProblemLoader Replaying proof RemoveDup[RemoveDup::arrayPart([I,int)].JML normal_behavior operation contract.0 
14422      DEBUG main            d.u.i.k.p.i.IntermediateProofReplayer Proof replay took 254.38ms 
14431      DEBUG main            d.u.i.k.p.r.p.TestFile    ... success: reloaded. 
14433      INFO  main            d.u.i.k.p.r.p.TestFile    Now processing file /home/runner/work/key/key/key.core/../key.ui/examples/heap/removeDups/contains.key 
14436      INFO  main            d.u.i.k.p.i.AbstractProblemLoader Loading environment from /home/runner/work/key/key/key.core/../key.ui/examples/heap/removeDups/contains.key 
14437      DEBUG main            d.u.i.k.p.i.AbstractProblemLoader Environment load took 420.2ns 
14439      INFO  main            d.u.i.k.p.i.AbstractProblemLoader Creating init config 
17131      DEBUG main            d.u.i.k.p.i.AbstractProblemLoader Init config took 2.69s 
17188      INFO  main            d.u.i.k.p.i.AbstractProblemLoader Replaying proof RemoveDup[RemoveDup::contains([I,int,int)].JML normal_behavior operation contract.0 
17191      DEBUG main            d.u.i.k.p.i.IntermediateProofReplayer Proof replay took 7.7ns 
17796      INFO  main            d.u.i.k.p.r.p.TestFile    ... finished proof: closed. 
17983      INFO  main            d.u.i.k.p.i.AbstractProblemLoader Loading environment from /home/runner/work/key/key/key.core/../key.ui/examples/heap/removeDups/contains.key.proof 
17987      DEBUG main            d.u.i.k.p.i.AbstractProblemLoader Environment load took 3.99ms 
17990      INFO  main            d.u.i.k.p.i.AbstractProblemLoader Creating init config 
20663      DEBUG main            d.u.i.k.p.i.AbstractProblemLoader Init config took 2.67s 
20721      INFO  main            d.u.i.k.p.i.AbstractProblemLoader Replaying proof RemoveDup[RemoveDup::contains([I,int,int)].JML normal_behavior operation contract.0 
20805      DEBUG main            d.u.i.k.p.i.IntermediateProofReplayer Proof replay took 78.75ms 
20807      DEBUG main            d.u.i.k.p.r.p.TestFile    ... success: reloaded. 
20808      INFO  main            d.u.i.k.p.r.p.TestFile    Now processing file /home/runner/work/key/key/key.core/../key.ui/examples/heap/removeDups/removeDup.key 
20808      INFO  main            d.u.i.k.p.i.AbstractProblemLoader Loading environment from /home/runner/work/key/key/key.core/../key.ui/examples/heap/removeDups/removeDup.key 
20809      DEBUG main            d.u.i.k.p.i.AbstractProblemLoader Environment load took 240.9ns 
20810      INFO  main            d.u.i.k.p.i.AbstractProblemLoader Creating init config 
23458      DEBUG main            d.u.i.k.p.i.AbstractProblemLoader Init config took 2.65s 
23504      INFO  main            d.u.i.k.p.i.AbstractProblemLoader Replaying proof RemoveDup[RemoveDup::removeDup([I)].JML normal_behavior operation contract.0 
23507      DEBUG main            d.u.i.k.p.i.IntermediateProofReplayer Proof replay took 6.2ns 
44192      INFO  main            d.u.i.k.p.r.p.TestFile    ... finished proof: closed. 
44450      INFO  main            d.u.i.k.p.i.AbstractProblemLoader Loading environment from /home/runner/work/key/key/key.core/../key.ui/examples/heap/removeDups/removeDup.key.proof 
44451      DEBUG main            d.u.i.k.p.i.AbstractProblemLoader Environment load took 546.11ns 
44464      INFO  main            d.u.i.k.p.i.AbstractProblemLoader Creating init config 
46950      DEBUG main            d.u.i.k.p.i.AbstractProblemLoader Init config took 2.49s 
47005      INFO  main            d.u.i.k.p.i.AbstractProblemLoader Replaying proof RemoveDup[RemoveDup::removeDup([I)].JML normal_behavior operation contract.0 
48278      DEBUG main            d.u.i.k.p.i.IntermediateProofReplayer Proof replay took 1.21s 
48282      DEBUG main            d.u.i.k.p.r.p.TestFile    ... success: reloaded. 
48283      INFO  main            d.u.i.k.p.r.p.TestFile    Now processing file /home/runner/work/key/key/key.core/../key.ui/examples/heap/saddleback_search/Saddleback_search.key 
48284      INFO  main            d.u.i.k.p.i.AbstractProblemLoader Loading environment from /home/runner/work/key/key/key.core/../key.ui/examples/heap/saddleback_search/Saddleback_search.key 
48286      DEBUG main            d.u.i.k.p.i.AbstractProblemLoader Environment load took 2.02ms 
48287      INFO  main            d.u.i.k.p.i.AbstractProblemLoader Creating init config 
50943      DEBUG main            d.u.i.k.p.i.AbstractProblemLoader Init config took 2.66s 
50984      INFO  main            d.u.i.k.p.i.AbstractProblemLoader Replaying proof Saddleback[Saddleback::search([[I,int)].JML normal_behavior operation contract.0 
50994      DEBUG main            d.u.i.k.p.i.IntermediateProofReplayer Proof replay took 7ns 
129752     INFO  main            d.u.i.k.p.r.p.TestFile    ... finished proof: closed. 
130115     INFO  main            d.u.i.k.p.i.AbstractProblemLoader Loading environment from /home/runner/work/key/key/key.core/../key.ui/examples/heap/saddleback_search/Saddleback_search.key.proof 
130116     DEBUG main            d.u.i.k.p.i.AbstractProblemLoader Environment load took 537.9ns 
130126     INFO  main            d.u.i.k.p.i.AbstractProblemLoader Creating init config 
132575     DEBUG main            d.u.i.k.p.i.AbstractProblemLoader Init config took 2.45s 
132630     INFO  main            d.u.i.k.p.i.AbstractProblemLoader Replaying proof Saddleback[Saddleback::search([[I,int)].JML normal_behavior operation contract.0 
134299     DEBUG main            d.u.i.k.p.i.IntermediateProofReplayer Proof replay took 1.52s 
134310     DEBUG main            d.u.i.k.p.r.p.TestFile    ... success: reloaded. 
1599845    INFO  Test worker     d.u.i.k.p.r.p.StatisticsFile Returning from test removeDups 
1599850    INFO  Test worker     d.u.i.k.p.r.p.StatisticsFile Running test quicksort 
340        INFO  Timeout watchdog d.u.i.k.p.r.p.ForkedTestFileRunner Timeout watcher launched (2000 secs.) 
364        WARN  main            d.u.i.k.s.ProofSettings   The settings in /home/runner/.key/proof-settings.props are *not* read. 
419        INFO  main            d.u.i.k.p.r.p.TestFile    Now processing file /home/runner/work/key/key/key.core/../key.ui/examples/heap/quicksort/toplevel.key 
555        INFO  main            d.u.i.k.p.i.AbstractProblemLoader Loading environment from /home/runner/work/key/key/key.core/../key.ui/examples/heap/quicksort/toplevel.key 
572        DEBUG main            d.u.i.k.p.i.AbstractProblemLoader Environment load took 2ms 
799        INFO  main            d.u.i.k.p.i.AbstractProblemLoader Creating init config 
1725       DEBUG main            d.u.i.k.j.TypeConverter   No LDT found for Meta 
1725       DEBUG main            d.u.i.k.j.TypeConverter   No LDT found for Meta 
1727       DEBUG main            d.u.i.k.j.TypeConverter   No LDT found for Meta 
1727       DEBUG main            d.u.i.k.j.TypeConverter   No LDT found for Meta 
3156       DEBUG main            d.u.i.k.j.TypeConverter   No LDT found for JavaBigintExpression 
8426       DEBUG main            d.u.i.k.p.i.AbstractProblemLoader Init config took 7.63s 
8620       INFO  main            d.u.i.k.p.i.AbstractProblemLoader Replaying proof Quicksort[Quicksort::sort([I)].JML normal_behavior operation contract.0 
8661       DEBUG main            d.u.i.k.p.i.IntermediateProofReplayer Proof replay took 39.4ns 
9802       INFO  main            d.u.i.k.p.r.p.TestFile    ... finished proof: closed. 
9946       INFO  main            d.u.i.k.p.i.AbstractProblemLoader Loading environment from /home/runner/work/key/key/key.core/../key.ui/examples/heap/quicksort/toplevel.key.proof 
9947       DEBUG main            d.u.i.k.p.i.AbstractProblemLoader Environment load took 669.21ns 
9949       INFO  main            d.u.i.k.p.i.AbstractProblemLoader Creating init config 
12865      DEBUG main            d.u.i.k.p.i.AbstractProblemLoader Init config took 2.92s 
12957      INFO  main            d.u.i.k.p.i.AbstractProblemLoader Replaying proof Quicksort[Quicksort::sort([I)].JML normal_behavior operation contract.0 
13105      DEBUG main            d.u.i.k.p.i.IntermediateProofReplayer Proof replay took 139.77ms 
13114      DEBUG main            d.u.i.k.p.r.p.TestFile    ... success: reloaded. 
13117      INFO  main            d.u.i.k.p.r.p.TestFile    Now processing file /home/runner/work/key/key/key.core/../key.ui/examples/heap/quicksort/sort.key 
13118      INFO  main            d.u.i.k.p.i.AbstractProblemLoader Loading environment from /home/runner/work/key/key/key.core/../key.ui/examples/heap/quicksort/sort.key 
13118      DEBUG main            d.u.i.k.p.i.AbstractProblemLoader Environment load took 354.1ns 
13121      INFO  main            d.u.i.k.p.i.AbstractProblemLoader Creating init config 
16134      DEBUG main            d.u.i.k.p.i.AbstractProblemLoader Init config took 3.01s 
16208      INFO  main            d.u.i.k.p.i.AbstractProblemLoader Replaying proof Quicksort[Quicksort::sort([I,int,int)].JML normal_behavior operation contract.0 
16215      DEBUG main            d.u.i.k.p.i.IntermediateProofReplayer Proof replay took 8.5ns 
16251      DEBUG main            d.u.i.k.m.s.ProofScriptEngine [1] goal: 0, source line: 7, command: 'script 'sort.script'' 
16251      INFO  main            d.u.i.k.m.s.ProofScriptCommand Included script /home/runner/work/key/key/key.core/../key.ui/examples/heap/quicksort/sort.script 
16254      DEBUG main            d.u.i.k.m.s.ProofScriptEngine [1] goal: 0, source line: 1, command: 'macro autopilot-prep' 
17438      DEBUG main            d.u.i.k.m.s.ProofScriptEngine [2] goal: 358, source line: 3, command: 'select formula="{heapAtPre:=heap || exc:=null || heap:=heapAfter_sort_0}
   seq ...' 
17440      DEBUG main            d.u.i.k.m.s.ProofScriptEngine [3] goal: 358, source line: 9, command: 'macro simp-upd' 
17451      DEBUG main            d.u.i.k.m.s.ProofScriptEngine [4] goal: 369, source line: 11, command: 'let   @seqPre="seqDef{int u;}(0, array.length, array[u])"
    @seqSplit="seqDef ...' 
17456      DEBUG main            d.u.i.k.m.s.ProofScriptEngine [5] goal: 369, source line: 16, command: 'rule seqPermSym 
  formula="seqPerm(@seqSplit, @seqPre)"' 
17475      DEBUG main            d.u.i.k.m.s.ProofScriptEngine [6] goal: 370, source line: 19, command: 'rule seqPermSym
  formula="seqPerm(@seqSort, @seqSplit)"' 
17478      DEBUG main            d.u.i.k.m.s.ProofScriptEngine [7] goal: 371, source line: 22, command: 'rule seqPermSym
  formula="seqPerm(@seqSort0, @seqSort)"' 
17480      DEBUG main            d.u.i.k.m.s.ProofScriptEngine [8] goal: 372, source line: 25, command: 'rule seqPermTrans
  formula="seqPerm(@seqPre, @seqSplit)"' 
17482      DEBUG main            d.u.i.k.m.s.ProofScriptEngine [9] goal: 373, source line: 28, command: 'rule seqPermTrans
  formula="seqPerm(@seqPre, @seqSort)"' 
17497      DEBUG main            d.u.i.k.m.s.ProofScriptEngine [10] goal: 374, source line: 31, command: 'rule seqPermSym
  formula="seqPerm(@seqPre, @seqSort0)"' 
17499      DEBUG main            d.u.i.k.m.s.ProofScriptEngine [11] goal: 375, source line: 34, command: 'tryclose' 
44429      INFO  main            d.u.i.k.p.r.p.TestFile    ... finished proof: closed. 
44734      INFO  main            d.u.i.k.p.i.AbstractProblemLoader Loading environment from /home/runner/work/key/key/key.core/../key.ui/examples/heap/quicksort/sort.key.proof 
44735      DEBUG main            d.u.i.k.p.i.AbstractProblemLoader Environment load took 593.31ns 
44742      INFO  main            d.u.i.k.p.i.AbstractProblemLoader Creating init config 
47480      DEBUG main            d.u.i.k.p.i.AbstractProblemLoader Init config took 2.74s 
47529      INFO  main            d.u.i.k.p.i.AbstractProblemLoader Replaying proof Quicksort[Quicksort::sort([I,int,int)].JML normal_behavior operation contract.0 
49210      DEBUG main            d.u.i.k.p.i.IntermediateProofReplayer Proof replay took 1.56s 
49217      DEBUG main            d.u.i.k.p.r.p.TestFile    ... success: reloaded. 
49219      INFO  main            d.u.i.k.p.r.p.TestFile    Now processing file /home/runner/work/key/key/key.core/../key.ui/examples/heap/quicksort/split.key 
49220      INFO  main            d.u.i.k.p.i.AbstractProblemLoader Loading environment from /home/runner/work/key/key/key.core/../key.ui/examples/heap/quicksort/split.key 
49220      DEBUG main            d.u.i.k.p.i.AbstractProblemLoader Environment load took 282ns 
49221      INFO  main            d.u.i.k.p.i.AbstractProblemLoader Creating init config 
51966      DEBUG main            d.u.i.k.p.i.AbstractProblemLoader Init config took 2.74s 
52012      INFO  main            d.u.i.k.p.i.AbstractProblemLoader Replaying proof Quicksort[Quicksort::split([I,int,int)].JML normal_behavior operation contract.0 
52015      DEBUG main            d.u.i.k.p.i.IntermediateProofReplayer Proof replay took 6.1ns 
52016      DEBUG main            d.u.i.k.m.s.ProofScriptEngine [1] goal: 0, source line: 15, command: 'macro autopilot-prep' 
53337      DEBUG main            d.u.i.k.m.s.ProofScriptEngine [2] goal: 520, source line: 17, command: 'tryclose' 
92666      DEBUG main            d.u.i.k.m.s.ProofScriptEngine [3] goal: 495, source line: 20, command: 'macro simp-upd' 
92770      DEBUG main            d.u.i.k.m.s.ProofScriptEngine [4] goal: 495, source line: 25, command: 'rule seqPermFromSwap' 
92783      DEBUG main            d.u.i.k.m.s.ProofScriptEngine [5] goal: 40829, source line: 26, command: 'rule andRight' 
92789      DEBUG main            d.u.i.k.m.s.ProofScriptEngine [6] goal: 40830, source line: 27, command: 'auto' 
92817      DEBUG main            d.u.i.k.m.s.ProofScriptEngine [7] goal: 40831, source line: 29, command: 'instantiate hide var=iv with=i_0' 
92819      DEBUG main            d.u.i.k.m.s.ProofScriptEngine [8] goal: 40836, source line: 31, command: 'instantiate hide var=jv with=j_0' 
92822      DEBUG main            d.u.i.k.m.s.ProofScriptEngine [9] goal: 40837, source line: 32, command: 'auto' 
99409      DEBUG main            d.u.i.k.m.s.ProofScriptEngine [10] goal: 190, source line: 34, command: 'macro simp-upd' 
99487      DEBUG main            d.u.i.k.m.s.ProofScriptEngine [11] goal: 46168, source line: 36, command: 'rule seqPermFromSwap' 
99488      DEBUG main            d.u.i.k.m.s.ProofScriptEngine [12] goal: 46169, source line: 37, command: 'rule andRight' 
99492      DEBUG main            d.u.i.k.m.s.ProofScriptEngine [13] goal: 46170, source line: 38, command: 'auto' 
99511      DEBUG main            d.u.i.k.m.s.ProofScriptEngine [14] goal: 46171, source line: 40, command: 'instantiate hide var=iv with=i_0' 
99512      DEBUG main            d.u.i.k.m.s.ProofScriptEngine [15] goal: 46176, source line: 42, command: 'instantiate hide var=jv with=to' 
99515      DEBUG main            d.u.i.k.m.s.ProofScriptEngine [16] goal: 46177, source line: 43, command: 'auto' 
104943     INFO  main            d.u.i.k.p.r.p.TestFile    ... finished proof: closed. 
105366     INFO  main            d.u.i.k.p.i.AbstractProblemLoader Loading environment from /home/runner/work/key/key/key.core/../key.ui/examples/heap/quicksort/split.key.proof 
105367     DEBUG main            d.u.i.k.p.i.AbstractProblemLoader Environment load took 498.7ns 
105379     INFO  main            d.u.i.k.p.i.AbstractProblemLoader Creating init config 
107995     DEBUG main            d.u.i.k.p.i.AbstractProblemLoader Init config took 2.62s 
108044     INFO  main            d.u.i.k.p.i.AbstractProblemLoader Replaying proof Quicksort[Quicksort::split([I,int,int)].JML normal_behavior operation contract.0 
110708     DEBUG main            d.u.i.k.p.i.IntermediateProofReplayer Proof replay took 2.47s 
110720     DEBUG main            d.u.i.k.p.r.p.TestFile    ... success: reloaded. 
1710761    INFO  Test worker     d.u.i.k.p.r.p.StatisticsFile Returning from test quicksort 
1710764    INFO  Test worker     d.u.i.k.p.r.p.StatisticsFile Running test simpleTests 
358        INFO  Timeout watchdog d.u.i.k.p.r.p.ForkedTestFileRunner Timeout watcher launched (2000 secs.) 
366        WARN  main            d.u.i.k.s.ProofSettings   The settings in /home/runner/.key/proof-settings.props are *not* read. 
395        INFO  main            d.u.i.k.p.r.p.TestFile    Now processing file /home/runner/work/key/key/key.core/../key.ui/examples/heap/simple/anonymise_datagroup.key 
514        INFO  main            d.u.i.k.p.i.AbstractProblemLoader Loading environment from /home/runner/work/key/key/key.core/../key.ui/examples/heap/simple/anonymise_datagroup.key 
537        DEBUG main            d.u.i.k.p.i.AbstractProblemLoader Environment load took 2.33ms 
805        INFO  main            d.u.i.k.p.i.AbstractProblemLoader Creating init config 
1757       DEBUG main            d.u.i.k.j.TypeConverter   No LDT found for Meta 
1758       DEBUG main            d.u.i.k.j.TypeConverter   No LDT found for Meta 
1760       DEBUG main            d.u.i.k.j.TypeConverter   No LDT found for Meta 
1761       DEBUG main            d.u.i.k.j.TypeConverter   No LDT found for Meta 
3303       DEBUG main            d.u.i.k.j.TypeConverter   No LDT found for JavaBigintExpression 
7905       DEBUG main            d.u.i.k.p.i.AbstractProblemLoader Init config took 7.1s 
7967       INFO  main            d.u.i.k.p.i.AbstractProblemLoader Replaying proof anonymise_datagroup.key 
8001       DEBUG main            d.u.i.k.p.i.IntermediateProofReplayer Proof replay took 40.2ns 
8279       INFO  main            d.u.i.k.p.r.p.TestFile    ... finished proof: closed. 
8378       INFO  main            d.u.i.k.p.i.AbstractProblemLoader Loading environment from /home/runner/work/key/key/key.core/../key.ui/examples/heap/simple/anonymise_datagroup.key.proof 
8378       DEBUG main            d.u.i.k.p.i.AbstractProblemLoader Environment load took 187.4ns 
8382       INFO  main            d.u.i.k.p.i.AbstractProblemLoader Creating init config 
11033      DEBUG main            d.u.i.k.p.i.AbstractProblemLoader Init config took 2.65s 
11088      INFO  main            d.u.i.k.p.i.AbstractProblemLoader Replaying proof anonymise_datagroup.key.proof 
11112      DEBUG main            d.u.i.k.p.i.IntermediateProofReplayer Proof replay took 15.77ms 
11130      DEBUG main            d.u.i.k.p.r.p.TestFile    ... success: reloaded. 
11132      INFO  main            d.u.i.k.p.r.p.TestFile    Now processing file /home/runner/work/key/key/key.core/../key.ui/examples/heap/simple/array_creation.key 
11133      INFO  main            d.u.i.k.p.i.AbstractProblemLoader Loading environment from /home/runner/work/key/key/key.core/../key.ui/examples/heap/simple/array_creation.key 
11133      DEBUG main            d.u.i.k.p.i.AbstractProblemLoader Environment load took 297.4ns 
11139      INFO  main            d.u.i.k.p.i.AbstractProblemLoader Creating init config 
13660      DEBUG main            d.u.i.k.p.i.AbstractProblemLoader Init config took 2.52s 
13699      INFO  main            d.u.i.k.p.i.AbstractProblemLoader Replaying proof array_creation.key 
13703      DEBUG main            d.u.i.k.p.i.IntermediateProofReplayer Proof replay took 7.9ns 
14424      INFO  main            d.u.i.k.p.r.p.TestFile    ... finished proof: closed. 
14568      INFO  main            d.u.i.k.p.i.AbstractProblemLoader Loading environment from /home/runner/work/key/key/key.core/../key.ui/examples/heap/simple/array_creation.key.proof 
14568      DEBUG main            d.u.i.k.p.i.AbstractProblemLoader Environment load took 504.7ns 
14570      INFO  main            d.u.i.k.p.i.AbstractProblemLoader Creating init config 
17073      DEBUG main            d.u.i.k.p.i.AbstractProblemLoader Init config took 2.5s 
17103      INFO  main            d.u.i.k.p.i.AbstractProblemLoader Replaying proof array_creation.key.proof 
17247      DEBUG main            d.u.i.k.p.i.IntermediateProofReplayer Proof replay took 138.65ms 
17250      DEBUG main            d.u.i.k.p.r.p.TestFile    ... success: reloaded. 
17253      INFO  main            d.u.i.k.p.r.p.TestFile    Now processing file /home/runner/work/key/key/key.core/../key.ui/examples/heap/simple/arrays_with_disjoint_sorts.key 
17253      INFO  main            d.u.i.k.p.i.AbstractProblemLoader Loading environment from /home/runner/work/key/key/key.core/../key.ui/examples/heap/simple/arrays_with_disjoint_sorts.key 
17254      DEBUG main            d.u.i.k.p.i.AbstractProblemLoader Environment load took 245.8ns 
17256      INFO  main            d.u.i.k.p.i.AbstractProblemLoader Creating init config 
19782      DEBUG main            d.u.i.k.p.i.AbstractProblemLoader Init config took 2.53s 
19806      INFO  main            d.u.i.k.p.i.AbstractProblemLoader Replaying proof arrays_with_disjoint_sorts.key 
19813      DEBUG main            d.u.i.k.p.i.IntermediateProofReplayer Proof replay took 7.7ns 
20020      INFO  main            d.u.i.k.p.r.p.TestFile    ... finished proof: closed. 
20202      INFO  main            d.u.i.k.p.i.AbstractProblemLoader Loading environment from /home/runner/work/key/key/key.core/../key.ui/examples/heap/simple/arrays_with_disjoint_sorts.key.proof 
20204      DEBUG main            d.u.i.k.p.i.AbstractProblemLoader Environment load took 2.22ms 
20207      INFO  main            d.u.i.k.p.i.AbstractProblemLoader Creating init config 
22576      DEBUG main            d.u.i.k.p.i.AbstractProblemLoader Init config took 2.37s 
22599      INFO  main            d.u.i.k.p.i.AbstractProblemLoader Replaying proof arrays_with_disjoint_sorts.key.proof 
22619      DEBUG main            d.u.i.k.p.i.IntermediateProofReplayer Proof replay took 17.02ms 
22621      DEBUG main            d.u.i.k.p.r.p.TestFile    ... success: reloaded. 
22622      INFO  main            d.u.i.k.p.r.p.TestFile    Now processing file /home/runner/work/key/key/key.core/../key.ui/examples/heap/simple/arrays.key 
22623      INFO  main            d.u.i.k.p.i.AbstractProblemLoader Loading environment from /home/runner/work/key/key/key.core/../key.ui/examples/heap/simple/arrays.key 
22623      DEBUG main            d.u.i.k.p.i.AbstractProblemLoader Environment load took 229.5ns 
22624      INFO  main            d.u.i.k.p.i.AbstractProblemLoader Creating init config 
25050      DEBUG main            d.u.i.k.p.i.AbstractProblemLoader Init config took 2.43s 
25076      INFO  main            d.u.i.k.p.i.AbstractProblemLoader Replaying proof arrays.key 
25082      DEBUG main            d.u.i.k.p.i.IntermediateProofReplayer Proof replay took 6.3ns 
25286      INFO  main            d.u.i.k.p.r.p.TestFile    ... finished proof: closed. 
25438      INFO  main            d.u.i.k.p.i.AbstractProblemLoader Loading environment from /home/runner/work/key/key/key.core/../key.ui/examples/heap/simple/arrays.key.proof 
25439      DEBUG main            d.u.i.k.p.i.AbstractProblemLoader Environment load took 491.2ns 
25440      INFO  main            d.u.i.k.p.i.AbstractProblemLoader Creating init config 
27846      DEBUG main            d.u.i.k.p.i.AbstractProblemLoader Init config took 2.41s 
27870      INFO  main            d.u.i.k.p.i.AbstractProblemLoader Replaying proof arrays.key.proof 
27890      DEBUG main            d.u.i.k.p.i.IntermediateProofReplayer Proof replay took 15.73ms 
27892      DEBUG main            d.u.i.k.p.r.p.TestFile    ... success: reloaded. 
27894      INFO  main            d.u.i.k.p.r.p.TestFile    Now processing file /home/runner/work/key/key/key.core/../key.ui/examples/heap/simple/attributes.key 
27894      INFO  main            d.u.i.k.p.i.AbstractProblemLoader Loading environment from /home/runner/work/key/key/key.core/../key.ui/examples/heap/simple/attributes.key 
27894      DEBUG main            d.u.i.k.p.i.AbstractProblemLoader Environment load took 238.6ns 
27896      INFO  main            d.u.i.k.p.i.AbstractProblemLoader Creating init config 
30284      DEBUG main            d.u.i.k.p.i.AbstractProblemLoader Init config took 2.39s 
30307      INFO  main            d.u.i.k.p.i.AbstractProblemLoader Replaying proof attributes.key 
30309      DEBUG main            d.u.i.k.p.i.IntermediateProofReplayer Proof replay took 7ns 
30411      INFO  main            d.u.i.k.p.r.p.TestFile    ... finished proof: closed. 
30559      INFO  main            d.u.i.k.p.i.AbstractProblemLoader Loading environment from /home/runner/work/key/key/key.core/../key.ui/examples/heap/simple/attributes.key.proof 
30559      DEBUG main            d.u.i.k.p.i.AbstractProblemLoader Environment load took 138.6ns 
30560      INFO  main            d.u.i.k.p.i.AbstractProblemLoader Creating init config 
32932      DEBUG main            d.u.i.k.p.i.AbstractProblemLoader Init config took 2.37s 
32953      INFO  main            d.u.i.k.p.i.AbstractProblemLoader Replaying proof attributes.key.proof 
32956      DEBUG main            d.u.i.k.p.i.IntermediateProofReplayer Proof replay took 1.4ms 
32957      DEBUG main            d.u.i.k.p.r.p.TestFile    ... success: reloaded. 
32958      INFO  main            d.u.i.k.p.r.p.TestFile    Now processing file /home/runner/work/key/key/key.core/../key.ui/examples/heap/simple/constructor_contracts.key 
32958      INFO  main            d.u.i.k.p.i.AbstractProblemLoader Loading environment from /home/runner/work/key/key/key.core/../key.ui/examples/heap/simple/constructor_contracts.key 
32958      DEBUG main            d.u.i.k.p.i.AbstractProblemLoader Environment load took 104.1ns 
32960      INFO  main            d.u.i.k.p.i.AbstractProblemLoader Creating init config 
35875      DEBUG main            d.u.i.k.p.i.AbstractProblemLoader Init config took 2.91s 
35899      INFO  main            d.u.i.k.p.i.AbstractProblemLoader Replaying proof constructor_contracts.key 
35901      DEBUG main            d.u.i.k.p.i.IntermediateProofReplayer Proof replay took 9.1ns 
36510      INFO  main            d.u.i.k.p.r.p.TestFile    ... finished proof: closed. 
36685      INFO  main            d.u.i.k.p.i.AbstractProblemLoader Loading environment from /home/runner/work/key/key/key.core/../key.ui/examples/heap/simple/constructor_contracts.key.proof 
36685      DEBUG main            d.u.i.k.p.i.AbstractProblemLoader Environment load took 137ns 
36687      INFO  main            d.u.i.k.p.i.AbstractProblemLoader Creating init config 
39280      DEBUG main            d.u.i.k.p.i.AbstractProblemLoader Init config took 2.59s 
39302      INFO  main            d.u.i.k.p.i.AbstractProblemLoader Replaying proof constructor_contracts.key.proof 
39430      DEBUG main            d.u.i.k.p.i.IntermediateProofReplayer Proof replay took 120.38ms 
39435      DEBUG main            d.u.i.k.p.r.p.TestFile    ... success: reloaded. 
39437      INFO  main            d.u.i.k.p.r.p.TestFile    Now processing file /home/runner/work/key/key/key.core/../key.ui/examples/heap/simple/dependencies.key 
39437      INFO  main            d.u.i.k.p.i.AbstractProblemLoader Loading environment from /home/runner/work/key/key/key.core/../key.ui/examples/heap/simple/dependencies.key 
39438      DEBUG main            d.u.i.k.p.i.AbstractProblemLoader Environment load took 231.5ns 
39439      INFO  main            d.u.i.k.p.i.AbstractProblemLoader Creating init config 
41882      DEBUG main            d.u.i.k.p.i.AbstractProblemLoader Init config took 2.44s 
41903      INFO  main            d.u.i.k.p.i.AbstractProblemLoader Replaying proof dependencies.key 
41907      DEBUG main            d.u.i.k.p.i.IntermediateProofReplayer Proof replay took 7.7ns 
42010      INFO  main            d.u.i.k.p.r.p.TestFile    ... finished proof: closed. 
42195      INFO  main            d.u.i.k.p.i.AbstractProblemLoader Loading environment from /home/runner/work/key/key/key.core/../key.ui/examples/heap/simple/dependencies.key.proof 
42195      DEBUG main            d.u.i.k.p.i.AbstractProblemLoader Environment load took 590.41ns 
42197      INFO  main            d.u.i.k.p.i.AbstractProblemLoader Creating init config 
44531      DEBUG main            d.u.i.k.p.i.AbstractProblemLoader Init config took 2.33s 
44553      INFO  main            d.u.i.k.p.i.AbstractProblemLoader Replaying proof dependencies.key.proof 
44561      DEBUG main            d.u.i.k.p.i.IntermediateProofReplayer Proof replay took 6.15ms 
44562      DEBUG main            d.u.i.k.p.r.p.TestFile    ... success: reloaded. 
44563      INFO  main            d.u.i.k.p.r.p.TestFile    Now processing file /home/runner/work/key/key/key.core/../key.ui/examples/heap/simple/dependency_contracts.key 
44564      INFO  main            d.u.i.k.p.i.AbstractProblemLoader Loading environment from /home/runner/work/key/key/key.core/../key.ui/examples/heap/simple/dependency_contracts.key 
44564      DEBUG main            d.u.i.k.p.i.AbstractProblemLoader Environment load took 230.4ns 
44566      INFO  main            d.u.i.k.p.i.AbstractProblemLoader Creating init config 
47163      DEBUG main            d.u.i.k.p.i.AbstractProblemLoader Init config took 2.6s 
47186      INFO  main            d.u.i.k.p.i.AbstractProblemLoader Replaying proof dependency_contracts.key 
47188      DEBUG main            d.u.i.k.p.i.IntermediateProofReplayer Proof replay took 8.3ns 
48499      INFO  main            d.u.i.k.p.r.p.TestFile    ... finished proof: closed. 
48694      INFO  main            d.u.i.k.p.i.AbstractProblemLoader Loading environment from /home/runner/work/key/key/key.core/../key.ui/examples/heap/simple/dependency_contracts.key.proof 
48694      DEBUG main            d.u.i.k.p.i.AbstractProblemLoader Environment load took 140.1ns 
48697      INFO  main            d.u.i.k.p.i.AbstractProblemLoader Creating init config 
51288      DEBUG main            d.u.i.k.p.i.AbstractProblemLoader Init config took 2.59s 
51310      INFO  main            d.u.i.k.p.i.AbstractProblemLoader Replaying proof dependency_contracts.key.proof 
51480      DEBUG main            d.u.i.k.p.i.IntermediateProofReplayer Proof replay took 161.23ms 
51483      DEBUG main            d.u.i.k.p.r.p.TestFile    ... success: reloaded. 
51484      INFO  main            d.u.i.k.p.r.p.TestFile    Now processing file /home/runner/work/key/key/key.core/../key.ui/examples/heap/simple/invariant_preservation.key 
51485      INFO  main            d.u.i.k.p.i.AbstractProblemLoader Loading environment from /home/runner/work/key/key/key.core/../key.ui/examples/heap/simple/invariant_preservation.key 
51485      DEBUG main            d.u.i.k.p.i.AbstractProblemLoader Environment load took 304.4ns 
51487      INFO  main            d.u.i.k.p.i.AbstractProblemLoader Creating init config 
54065      DEBUG main            d.u.i.k.p.i.AbstractProblemLoader Init config took 2.58s 
54087      INFO  main            d.u.i.k.p.i.AbstractProblemLoader Replaying proof invariant_preservation.key 
54089      DEBUG main            d.u.i.k.p.i.IntermediateProofReplayer Proof replay took 7.3ns 
54293      INFO  main            d.u.i.k.p.r.p.TestFile    ... finished proof: closed. 
54503      INFO  main            d.u.i.k.p.i.AbstractProblemLoader Loading environment from /home/runner/work/key/key/key.core/../key.ui/examples/heap/simple/invariant_preservation.key.proof 
54504      DEBUG main            d.u.i.k.p.i.AbstractProblemLoader Environment load took 459ns 
54506      INFO  main            d.u.i.k.p.i.AbstractProblemLoader Creating init config 
57031      DEBUG main            d.u.i.k.p.i.AbstractProblemLoader Init config took 2.53s 
57053      INFO  main            d.u.i.k.p.i.AbstractProblemLoader Replaying proof invariant_preservation.key.proof 
57079      DEBUG main            d.u.i.k.p.i.IntermediateProofReplayer Proof replay took 24.04ms 
57082      DEBUG main            d.u.i.k.p.r.p.TestFile    ... success: reloaded. 
57083      INFO  main            d.u.i.k.p.r.p.TestFile    Now processing file /home/runner/work/key/key/key.core/../key.ui/examples/heap/simple/locsets.key 
57083      INFO  main            d.u.i.k.p.i.AbstractProblemLoader Loading environment from /home/runner/work/key/key/key.core/../key.ui/examples/heap/simple/locsets.key 
57084      DEBUG main            d.u.i.k.p.i.AbstractProblemLoader Environment load took 199.1ns 
57085      INFO  main            d.u.i.k.p.i.AbstractProblemLoader Creating init config 
59421      DEBUG main            d.u.i.k.p.i.AbstractProblemLoader Init config took 2.34s 
59444      INFO  main            d.u.i.k.p.i.AbstractProblemLoader Replaying proof locsets.key 
59446      DEBUG main            d.u.i.k.p.i.IntermediateProofReplayer Proof replay took 7.5ns 
59548      INFO  main            d.u.i.k.p.r.p.TestFile    ... finished proof: closed. 
59735      INFO  main            d.u.i.k.p.i.AbstractProblemLoader Loading environment from /home/runner/work/key/key/key.core/../key.ui/examples/heap/simple/locsets.key.proof 
59735      DEBUG main            d.u.i.k.p.i.AbstractProblemLoader Environment load took 127.2ns 
59736      INFO  main            d.u.i.k.p.i.AbstractProblemLoader Creating init config 
61978      DEBUG main            d.u.i.k.p.i.AbstractProblemLoader Init config took 2.24s 
61994      INFO  main            d.u.i.k.p.i.AbstractProblemLoader Replaying proof locsets.key.proof 
62008      DEBUG main            d.u.i.k.p.i.IntermediateProofReplayer Proof replay took 12.6ms 
62009      DEBUG main            d.u.i.k.p.r.p.TestFile    ... success: reloaded. 
62010      INFO  main            d.u.i.k.p.r.p.TestFile    Now processing file /home/runner/work/key/key/key.core/../key.ui/examples/heap/simple/loop1.key 
62010      INFO  main            d.u.i.k.p.i.AbstractProblemLoader Loading environment from /home/runner/work/key/key/key.core/../key.ui/examples/heap/simple/loop1.key 
62010      DEBUG main            d.u.i.k.p.i.AbstractProblemLoader Environment load took 106.7ns 
62012      INFO  main            d.u.i.k.p.i.AbstractProblemLoader Creating init config 
64594      DEBUG main            d.u.i.k.p.i.AbstractProblemLoader Init config took 2.58s 
64612      INFO  main            d.u.i.k.p.i.AbstractProblemLoader Replaying proof loop1.key 
64613      DEBUG main            d.u.i.k.p.i.IntermediateProofReplayer Proof replay took 6.9ns 
64820      INFO  main            d.u.i.k.p.r.p.TestFile    ... finished proof: closed. 
65014      INFO  main            d.u.i.k.p.i.AbstractProblemLoader Loading environment from /home/runner/work/key/key/key.core/../key.ui/examples/heap/simple/loop1.key.proof 
65014      DEBUG main            d.u.i.k.p.i.AbstractProblemLoader Environment load took 132.7ns 
65018      INFO  main            d.u.i.k.p.i.AbstractProblemLoader Creating init config 
67581      DEBUG main            d.u.i.k.p.i.AbstractProblemLoader Init config took 2.56s 
67599      INFO  main            d.u.i.k.p.i.AbstractProblemLoader Replaying proof loop1.key.proof 
67651      DEBUG main            d.u.i.k.p.i.IntermediateProofReplayer Proof replay took 50.39ms 
67653      DEBUG main            d.u.i.k.p.r.p.TestFile    ... success: reloaded. 
67654      INFO  main            d.u.i.k.p.r.p.TestFile    Now processing file /home/runner/work/key/key/key.core/../key.ui/examples/heap/simple/loop2.key 
67654      INFO  main            d.u.i.k.p.i.AbstractProblemLoader Loading environment from /home/runner/work/key/key/key.core/../key.ui/examples/heap/simple/loop2.key 
67654      DEBUG main            d.u.i.k.p.i.AbstractProblemLoader Environment load took 100.6ns 
67655      INFO  main            d.u.i.k.p.i.AbstractProblemLoader Creating init config 
70226      DEBUG main            d.u.i.k.p.i.AbstractProblemLoader Init config took 2.57s 
70243      INFO  main            d.u.i.k.p.i.AbstractProblemLoader Replaying proof loop2.key 
70245      DEBUG main            d.u.i.k.p.i.IntermediateProofReplayer Proof replay took 7.7ns 
70850      INFO  main            d.u.i.k.p.r.p.TestFile    ... finished proof: closed. 
71066      INFO  main            d.u.i.k.p.i.AbstractProblemLoader Loading environment from /home/runner/work/key/key/key.core/../key.ui/examples/heap/simple/loop2.key.proof 
71067      DEBUG main            d.u.i.k.p.i.AbstractProblemLoader Environment load took 530.61ns 
71068      INFO  main            d.u.i.k.p.i.AbstractProblemLoader Creating init config 
73575      DEBUG main            d.u.i.k.p.i.AbstractProblemLoader Init config took 2.51s 
73592      INFO  main            d.u.i.k.p.i.AbstractProblemLoader Replaying proof loop2.key.proof 
73696      DEBUG main            d.u.i.k.p.i.IntermediateProofReplayer Proof replay took 99.39ms 
73698      DEBUG main            d.u.i.k.p.r.p.TestFile    ... success: reloaded. 
73700      INFO  main            d.u.i.k.p.r.p.TestFile    Now processing file /home/runner/work/key/key/key.core/../key.ui/examples/heap/simple/modifies_datagroup.key 
73700      INFO  main            d.u.i.k.p.i.AbstractProblemLoader Loading environment from /home/runner/work/key/key/key.core/../key.ui/examples/heap/simple/modifies_datagroup.key 
73701      DEBUG main            d.u.i.k.p.i.AbstractProblemLoader Environment load took 238ns 
73702      INFO  main            d.u.i.k.p.i.AbstractProblemLoader Creating init config 
76050      DEBUG main            d.u.i.k.p.i.AbstractProblemLoader Init config took 2.35s 
76066      INFO  main            d.u.i.k.p.i.AbstractProblemLoader Replaying proof modifies_datagroup.key 
76068      DEBUG main            d.u.i.k.p.i.IntermediateProofReplayer Proof replay took 7.2ns 
76172      INFO  main            d.u.i.k.p.r.p.TestFile    ... finished proof: closed. 
76394      INFO  main            d.u.i.k.p.i.AbstractProblemLoader Loading environment from /home/runner/work/key/key/key.core/../key.ui/examples/heap/simple/modifies_datagroup.key.proof 
76394      DEBUG main            d.u.i.k.p.i.AbstractProblemLoader Environment load took 130.7ns 
76396      INFO  main            d.u.i.k.p.i.AbstractProblemLoader Creating init config 
78674      DEBUG main            d.u.i.k.p.i.AbstractProblemLoader Init config took 2.28s 
78697      INFO  main            d.u.i.k.p.i.AbstractProblemLoader Replaying proof modifies_datagroup.key.proof 
78702      DEBUG main            d.u.i.k.p.i.IntermediateProofReplayer Proof replay took 2.42ms 
78703      DEBUG main            d.u.i.k.p.r.p.TestFile    ... success: reloaded. 
78704      INFO  main            d.u.i.k.p.r.p.TestFile    Now processing file /home/runner/work/key/key/key.core/../key.ui/examples/heap/simple/modifies.key 
78704      INFO  main            d.u.i.k.p.i.AbstractProblemLoader Loading environment from /home/runner/work/key/key/key.core/../key.ui/examples/heap/simple/modifies.key 
78704      DEBUG main            d.u.i.k.p.i.AbstractProblemLoader Environment load took 58.6ns 
78706      INFO  main            d.u.i.k.p.i.AbstractProblemLoader Creating init config 
80979      DEBUG main            d.u.i.k.p.i.AbstractProblemLoader Init config took 2.27s 
80995      INFO  main            d.u.i.k.p.i.AbstractProblemLoader Replaying proof modifies.key 
80996      DEBUG main            d.u.i.k.p.i.IntermediateProofReplayer Proof replay took 8.1ns 
81099      INFO  main            d.u.i.k.p.r.p.TestFile    ... finished proof: closed. 
81329      INFO  main            d.u.i.k.p.i.AbstractProblemLoader Loading environment from /home/runner/work/key/key/key.core/../key.ui/examples/heap/simple/modifies.key.proof 
81329      DEBUG main            d.u.i.k.p.i.AbstractProblemLoader Environment load took 133.6ns 
81337      INFO  main            d.u.i.k.p.i.AbstractProblemLoader Creating init config 
83584      DEBUG main            d.u.i.k.p.i.AbstractProblemLoader Init config took 2.25s 
83598      INFO  main            d.u.i.k.p.i.AbstractProblemLoader Replaying proof modifies.key.proof 
83609      DEBUG main            d.u.i.k.p.i.IntermediateProofReplayer Proof replay took 8.96ms 
83610      DEBUG main            d.u.i.k.p.r.p.TestFile    ... success: reloaded. 
83612      INFO  main            d.u.i.k.p.r.p.TestFile    Now processing file /home/runner/work/key/key/key.core/../key.ui/examples/heap/simple/object_creation.key 
83612      INFO  main            d.u.i.k.p.i.AbstractProblemLoader Loading environment from /home/runner/work/key/key/key.core/../key.ui/examples/heap/simple/object_creation.key 
83612      DEBUG main            d.u.i.k.p.i.AbstractProblemLoader Environment load took 103.6ns 
83614      INFO  main            d.u.i.k.p.i.AbstractProblemLoader Creating init config 
85945      DEBUG main            d.u.i.k.p.i.AbstractProblemLoader Init config took 2.33s 
85961      INFO  main            d.u.i.k.p.i.AbstractProblemLoader Replaying proof object_creation.key 
85962      DEBUG main            d.u.i.k.p.i.IntermediateProofReplayer Proof replay took 8ns 
86168      INFO  main            d.u.i.k.p.r.p.TestFile    ... finished proof: closed. 
86387      INFO  main            d.u.i.k.p.i.AbstractProblemLoader Loading environment from /home/runner/work/key/key/key.core/../key.ui/examples/heap/simple/object_creation.key.proof 
86387      DEBUG main            d.u.i.k.p.i.AbstractProblemLoader Environment load took 134.5ns 
86388      INFO  main            d.u.i.k.p.i.AbstractProblemLoader Creating init config 
88625      DEBUG main            d.u.i.k.p.i.AbstractProblemLoader Init config took 2.24s 
88641      INFO  main            d.u.i.k.p.i.AbstractProblemLoader Replaying proof object_creation.key.proof 
88685      DEBUG main            d.u.i.k.p.i.IntermediateProofReplayer Proof replay took 41.28ms 
88686      DEBUG main            d.u.i.k.p.r.p.TestFile    ... success: reloaded. 
88687      INFO  main            d.u.i.k.p.r.p.TestFile    Now processing file /home/runner/work/key/key/key.core/../key.ui/examples/heap/simple/operation_contracts.key 
88687      INFO  main            d.u.i.k.p.i.AbstractProblemLoader Loading environment from /home/runner/work/key/key/key.core/../key.ui/examples/heap/simple/operation_contracts.key 
88688      DEBUG main            d.u.i.k.p.i.AbstractProblemLoader Environment load took 106.8ns 
88689      INFO  main            d.u.i.k.p.i.AbstractProblemLoader Creating init config 
91267      DEBUG main            d.u.i.k.p.i.AbstractProblemLoader Init config took 2.58s 
91287      INFO  main            d.u.i.k.p.i.AbstractProblemLoader Replaying proof operation_contracts.key 
91289      DEBUG main            d.u.i.k.p.i.IntermediateProofReplayer Proof replay took 8.3ns 
92095      INFO  main            d.u.i.k.p.r.p.TestFile    ... finished proof: closed. 
92384      INFO  main            d.u.i.k.p.i.AbstractProblemLoader Loading environment from /home/runner/work/key/key/key.core/../key.ui/examples/heap/simple/operation_contracts.key.proof 
92385      DEBUG main            d.u.i.k.p.i.AbstractProblemLoader Environment load took 457.71ns 
92387      INFO  main            d.u.i.k.p.i.AbstractProblemLoader Creating init config 
94866      DEBUG main            d.u.i.k.p.i.AbstractProblemLoader Init config took 2.48s 
94883      INFO  main            d.u.i.k.p.i.AbstractProblemLoader Replaying proof operation_contracts.key.proof 
95013      DEBUG main            d.u.i.k.p.i.IntermediateProofReplayer Proof replay took 115.18ms 
95016      DEBUG main            d.u.i.k.p.r.p.TestFile    ... success: reloaded. 
95018      INFO  main            d.u.i.k.p.r.p.TestFile    Now processing file /home/runner/work/key/key/key.core/../key.ui/examples/heap/simple/select_store.key 
95018      INFO  main            d.u.i.k.p.i.AbstractProblemLoader Loading environment from /home/runner/work/key/key/key.core/../key.ui/examples/heap/simple/select_store.key 
95019      DEBUG main            d.u.i.k.p.i.AbstractProblemLoader Environment load took 233.4ns 
95020      INFO  main            d.u.i.k.p.i.AbstractProblemLoader Creating init config 
97266      DEBUG main            d.u.i.k.p.i.AbstractProblemLoader Init config took 2.25s 
97280      INFO  main            d.u.i.k.p.i.AbstractProblemLoader Replaying proof select_store.key 
97281      DEBUG main            d.u.i.k.p.i.IntermediateProofReplayer Proof replay took 6.9ns 
97384      INFO  main            d.u.i.k.p.r.p.TestFile    ... finished proof: closed. 
97633      INFO  main            d.u.i.k.p.i.AbstractProblemLoader Loading environment from /home/runner/work/key/key/key.core/../key.ui/examples/heap/simple/select_store.key.proof 
97634      DEBUG main            d.u.i.k.p.i.AbstractProblemLoader Environment load took 196.7ns 
97636      INFO  main            d.u.i.k.p.i.AbstractProblemLoader Creating init config 
99862      DEBUG main            d.u.i.k.p.i.AbstractProblemLoader Init config took 2.23s 
99877      INFO  main            d.u.i.k.p.i.AbstractProblemLoader Replaying proof select_store.key.proof 
99881      DEBUG main            d.u.i.k.p.i.IntermediateProofReplayer Proof replay took 2.2ms 
99882      DEBUG main            d.u.i.k.p.r.p.TestFile    ... success: reloaded. 
99883      INFO  main            d.u.i.k.p.r.p.TestFile    Now processing file /home/runner/work/key/key/key.core/../key.ui/examples/heap/simple/selection_sort.key 
99883      INFO  main            d.u.i.k.p.i.AbstractProblemLoader Loading environment from /home/runner/work/key/key/key.core/../key.ui/examples/heap/simple/selection_sort.key 
99883      DEBUG main            d.u.i.k.p.i.AbstractProblemLoader Environment load took 87ns 
99885      INFO  main            d.u.i.k.p.i.AbstractProblemLoader Creating init config 
102371     DEBUG main            d.u.i.k.p.i.AbstractProblemLoader Init config took 2.49s 
102386     INFO  main            d.u.i.k.p.i.AbstractProblemLoader Replaying proof selection_sort.key 
102389     DEBUG main            d.u.i.k.p.i.IntermediateProofReplayer Proof replay took 7.9ns 
106019     INFO  main            d.u.i.k.p.r.p.TestFile    ... finished proof: closed. 
106287     INFO  main            d.u.i.k.p.i.AbstractProblemLoader Loading environment from /home/runner/work/key/key/key.core/../key.ui/examples/heap/simple/selection_sort.key.proof 
106288     DEBUG main            d.u.i.k.p.i.AbstractProblemLoader Environment load took 453ns 
106290     INFO  main            d.u.i.k.p.i.AbstractProblemLoader Creating init config 
108718     DEBUG main            d.u.i.k.p.i.AbstractProblemLoader Init config took 2.43s 
108734     INFO  main            d.u.i.k.p.i.AbstractProblemLoader Replaying proof selection_sort.key.proof 
109164     DEBUG main            d.u.i.k.p.i.IntermediateProofReplayer Proof replay took 408.65ms 
109167     DEBUG main            d.u.i.k.p.r.p.TestFile    ... success: reloaded. 
109168     INFO  main            d.u.i.k.p.r.p.TestFile    Now processing file /home/runner/work/key/key/key.core/../key.ui/examples/heap/simple/seq.key 
109169     INFO  main            d.u.i.k.p.i.AbstractProblemLoader Loading environment from /home/runner/work/key/key/key.core/../key.ui/examples/heap/simple/seq.key 
109169     DEBUG main            d.u.i.k.p.i.AbstractProblemLoader Environment load took 246.7ns 
109170     INFO  main            d.u.i.k.p.i.AbstractProblemLoader Creating init config 
111447     DEBUG main            d.u.i.k.p.i.AbstractProblemLoader Init config took 2.28s 
111461     INFO  main            d.u.i.k.p.i.AbstractProblemLoader Replaying proof seq.key 
111462     DEBUG main            d.u.i.k.p.i.IntermediateProofReplayer Proof replay took 8.5ns 
111867     INFO  main            d.u.i.k.p.r.p.TestFile    ... finished proof: closed. 
112177     INFO  main            d.u.i.k.p.i.AbstractProblemLoader Loading environment from /home/runner/work/key/key/key.core/../key.ui/examples/heap/simple/seq.key.proof 
112178     DEBUG main            d.u.i.k.p.i.AbstractProblemLoader Environment load took 604.51ns 
112180     INFO  main            d.u.i.k.p.i.AbstractProblemLoader Creating init config 
114389     DEBUG main            d.u.i.k.p.i.AbstractProblemLoader Init config took 2.21s 
114404     INFO  main            d.u.i.k.p.i.AbstractProblemLoader Replaying proof seq.key.proof 
114434     DEBUG main            d.u.i.k.p.i.IntermediateProofReplayer Proof replay took 25.23ms 
114435     DEBUG main            d.u.i.k.p.r.p.TestFile    ... success: reloaded. 
114436     INFO  main            d.u.i.k.p.r.p.TestFile    Now processing file /home/runner/work/key/key/key.core/../key.ui/examples/heap/simple/oldForParams.key 
114436     INFO  main            d.u.i.k.p.i.AbstractProblemLoader Loading environment from /home/runner/work/key/key/key.core/../key.ui/examples/heap/simple/oldForParams.key 
114436     DEBUG main            d.u.i.k.p.i.AbstractProblemLoader Environment load took 144.6ns 
114437     INFO  main            d.u.i.k.p.i.AbstractProblemLoader Creating init config 
116922     DEBUG main            d.u.i.k.p.i.AbstractProblemLoader Init config took 2.48s 
117008     INFO  main            d.u.i.k.p.i.AbstractProblemLoader Replaying proof OldForParameters[OldForParameters::method(int)].JML operation contract.0 
117011     DEBUG main            d.u.i.k.p.i.IntermediateProofReplayer Proof replay took 7.7ns 
117214     INFO  main            d.u.i.k.p.r.p.TestFile    ... finished proof: closed. 
117468     INFO  main            d.u.i.k.p.i.AbstractProblemLoader Loading environment from /home/runner/work/key/key/key.core/../key.ui/examples/heap/simple/oldForParams.key.proof 
117468     DEBUG main            d.u.i.k.p.i.AbstractProblemLoader Environment load took 112.2ns 
117469     INFO  main            d.u.i.k.p.i.AbstractProblemLoader Creating init config 
119923     DEBUG main            d.u.i.k.p.i.AbstractProblemLoader Init config took 2.45s 
119970     INFO  main            d.u.i.k.p.i.AbstractProblemLoader Replaying proof OldForParameters[OldForParameters::method(int)].JML operation contract.0 
120012     DEBUG main            d.u.i.k.p.i.IntermediateProofReplayer Proof replay took 39.69ms 
120013     DEBUG main            d.u.i.k.p.r.p.TestFile    ... success: reloaded. 
120014     INFO  main            d.u.i.k.p.r.p.TestFile    Now processing file /home/runner/work/key/key/key.core/../key.ui/examples/heap/simple/parse_lmtd.key 
120015     INFO  main            d.u.i.k.p.i.AbstractProblemLoader Loading environment from /home/runner/work/key/key/key.core/../key.ui/examples/heap/simple/parse_lmtd.key 
120015     DEBUG main            d.u.i.k.p.i.AbstractProblemLoader Environment load took 237.7ns 
120016     INFO  main            d.u.i.k.p.i.AbstractProblemLoader Creating init config 
122590     DEBUG main            d.u.i.k.p.i.AbstractProblemLoader Init config took 2.57s 
122645     INFO  main            d.u.i.k.p.i.AbstractProblemLoader Replaying proof ParseLmtd[ParseLmtd::simple(int)].JML normal_behavior operation contract.0 
122647     DEBUG main            d.u.i.k.p.i.IntermediateProofReplayer Proof replay took 7.5ns 
122752     INFO  main            d.u.i.k.p.r.p.TestFile    ... finished proof: closed. 
123011     INFO  main            d.u.i.k.p.i.AbstractProblemLoader Loading environment from /home/runner/work/key/key/key.core/../key.ui/examples/heap/simple/parse_lmtd.key.proof 
123011     DEBUG main            d.u.i.k.p.i.AbstractProblemLoader Environment load took 158.2ns 
123012     INFO  main            d.u.i.k.p.i.AbstractProblemLoader Creating init config 
125424     DEBUG main            d.u.i.k.p.i.AbstractProblemLoader Init config took 2.41s 
125476     INFO  main            d.u.i.k.p.i.AbstractProblemLoader Replaying proof ParseLmtd[ParseLmtd::simple(int)].JML normal_behavior operation contract.0 
125498     DEBUG main            d.u.i.k.p.i.IntermediateProofReplayer Proof replay took 19.79ms 
125500     DEBUG main            d.u.i.k.p.r.p.TestFile    ... success: reloaded. 
125501     INFO  main            d.u.i.k.p.r.p.TestFile    Now processing file /home/runner/work/key/key/key.core/../key.ui/examples/heap/strictly_pure/strictlyPureMethod.key 
125501     INFO  main            d.u.i.k.p.i.AbstractProblemLoader Loading environment from /home/runner/work/key/key/key.core/../key.ui/examples/heap/strictly_pure/strictlyPureMethod.key 
125501     DEBUG main            d.u.i.k.p.i.AbstractProblemLoader Environment load took 209.4ns 
125502     INFO  main            d.u.i.k.p.i.AbstractProblemLoader Creating init config 
127858     DEBUG main            d.u.i.k.p.i.AbstractProblemLoader Init config took 2.36s 
127895     INFO  main            d.u.i.k.p.i.AbstractProblemLoader Replaying proof StrictlyPure[StrictlyPure::strictlyPureMethod()].JML operation contract.0 
127897     DEBUG main            d.u.i.k.p.i.IntermediateProofReplayer Proof replay took 6.7ns 
128099     INFO  main            d.u.i.k.p.r.p.TestFile    ... finished proof: closed. 
128359     INFO  main            d.u.i.k.p.i.AbstractProblemLoader Loading environment from /home/runner/work/key/key/key.core/../key.ui/examples/heap/strictly_pure/strictlyPureMethod.key.proof 
128359     DEBUG main            d.u.i.k.p.i.AbstractProblemLoader Environment load took 119.3ns 
128360     INFO  main            d.u.i.k.p.i.AbstractProblemLoader Creating init config 
130671     DEBUG main            d.u.i.k.p.i.AbstractProblemLoader Init config took 2.31s 
130706     INFO  main            d.u.i.k.p.i.AbstractProblemLoader Replaying proof StrictlyPure[StrictlyPure::strictlyPureMethod()].JML operation contract.0 
130737     DEBUG main            d.u.i.k.p.i.IntermediateProofReplayer Proof replay took 27.7ms 
130737     DEBUG main            d.u.i.k.p.r.p.TestFile    ... success: reloaded. 
130738     INFO  main            d.u.i.k.p.r.p.TestFile    Now processing file /home/runner/work/key/key/key.core/../key.ui/examples/heap/strictly_pure/useStrictlyPureMethod.key 
130739     INFO  main            d.u.i.k.p.i.AbstractProblemLoader Loading environment from /home/runner/work/key/key/key.core/../key.ui/examples/heap/strictly_pure/useStrictlyPureMethod.key 
130739     DEBUG main            d.u.i.k.p.i.AbstractProblemLoader Environment load took 93.8ns 
130740     INFO  main            d.u.i.k.p.i.AbstractProblemLoader Creating init config 
133098     DEBUG main            d.u.i.k.p.i.AbstractProblemLoader Init config took 2.36s 
133133     INFO  main            d.u.i.k.p.i.AbstractProblemLoader Replaying proof StrictlyPure[StrictlyPure::useStrictlyPureMethod(StrictlyPureClass)].JML operation contract.0 
133135     DEBUG main            d.u.i.k.p.i.IntermediateProofReplayer Proof replay took 7.5ns 
133337     INFO  main            d.u.i.k.p.r.p.TestFile    ... finished proof: closed. 
133605     INFO  main            d.u.i.k.p.i.AbstractProblemLoader Loading environment from /home/runner/work/key/key/key.core/../key.ui/examples/heap/strictly_pure/useStrictlyPureMethod.key.proof 
133605     DEBUG main            d.u.i.k.p.i.AbstractProblemLoader Environment load took 114.8ns 
133606     INFO  main            d.u.i.k.p.i.AbstractProblemLoader Creating init config 
135905     DEBUG main            d.u.i.k.p.i.AbstractProblemLoader Init config took 2.3s 
135940     INFO  main            d.u.i.k.p.i.AbstractProblemLoader Replaying proof StrictlyPure[StrictlyPure::useStrictlyPureMethod(StrictlyPureClass)].JML operation contract.0 
135991     DEBUG main            d.u.i.k.p.i.IntermediateProofReplayer Proof replay took 47.42ms 
135992     DEBUG main            d.u.i.k.p.r.p.TestFile    ... success: reloaded. 
135994     INFO  main            d.u.i.k.p.r.p.TestFile    Now processing file /home/runner/work/key/key/key.core/../key.ui/examples/heap/Wellfounded/ackermann.key 
135994     INFO  main            d.u.i.k.p.i.AbstractProblemLoader Loading environment from /home/runner/work/key/key/key.core/../key.ui/examples/heap/Wellfounded/ackermann.key 
135994     DEBUG main            d.u.i.k.p.i.AbstractProblemLoader Environment load took 93.9ns 
135995     INFO  main            d.u.i.k.p.i.AbstractProblemLoader Creating init config 
138393     DEBUG main            d.u.i.k.p.i.AbstractProblemLoader Init config took 2.4s 
138445     INFO  main            d.u.i.k.p.i.AbstractProblemLoader Replaying proof Ackermann[Ackermann::a(int,int)].JML normal_behavior operation contract.0 
138448     DEBUG main            d.u.i.k.p.i.IntermediateProofReplayer Proof replay took 8.3ns 
138751     INFO  main            d.u.i.k.p.r.p.TestFile    ... finished proof: closed. 
139081     INFO  main            d.u.i.k.p.i.AbstractProblemLoader Loading environment from /home/runner/work/key/key/key.core/../key.ui/examples/heap/Wellfounded/ackermann.key.proof 
139082     DEBUG main            d.u.i.k.p.i.AbstractProblemLoader Environment load took 1.05ms 
139083     INFO  main            d.u.i.k.p.i.AbstractProblemLoader Creating init config 
141407     DEBUG main            d.u.i.k.p.i.AbstractProblemLoader Init config took 2.32s 
141443     INFO  main            d.u.i.k.p.i.AbstractProblemLoader Replaying proof Ackermann[Ackermann::a(int,int)].JML normal_behavior operation contract.0 
141493     DEBUG main            d.u.i.k.p.i.IntermediateProofReplayer Proof replay took 46.14ms 
141494     DEBUG main            d.u.i.k.p.r.p.TestFile    ... success: reloaded. 
141495     INFO  main            d.u.i.k.p.r.p.TestFile    Now processing file /home/runner/work/key/key/key.core/../key.ui/examples/standard_key/unicode_test.key 
141496     INFO  main            d.u.i.k.p.i.AbstractProblemLoader Loading environment from /home/runner/work/key/key/key.core/../key.ui/examples/standard_key/unicode_test.key 
141496     DEBUG main            d.u.i.k.p.i.AbstractProblemLoader Environment load took 222.1ns 
141498     INFO  main            d.u.i.k.p.i.AbstractProblemLoader Creating init config 
143812     DEBUG main            d.u.i.k.p.i.AbstractProblemLoader Init config took 2.31s 
143826     INFO  main            d.u.i.k.p.i.AbstractProblemLoader Replaying proof unicode_test.key 
143827     DEBUG main            d.u.i.k.p.i.IntermediateProofReplayer Proof replay took 7.3ns 
143929     INFO  main            d.u.i.k.p.r.p.TestFile    ... finished proof: closed. 
144206     INFO  main            d.u.i.k.p.i.AbstractProblemLoader Loading environment from /home/runner/work/key/key/key.core/../key.ui/examples/standard_key/unicode_test.key.proof 
144206     DEBUG main            d.u.i.k.p.i.AbstractProblemLoader Environment load took 111.4ns 
144208     INFO  main            d.u.i.k.p.i.AbstractProblemLoader Creating init config 
146396     DEBUG main            d.u.i.k.p.i.AbstractProblemLoader Init config took 2.19s 
146410     INFO  main            d.u.i.k.p.i.AbstractProblemLoader Replaying proof unicode_test.key.proof 
146413     DEBUG main            d.u.i.k.p.i.IntermediateProofReplayer Proof replay took 376.6ns 
146413     DEBUG main            d.u.i.k.p.r.p.TestFile    ... success: reloaded. 
146414     INFO  main            d.u.i.k.p.r.p.TestFile    Now processing file /home/runner/work/key/key/key.core/../key.ui/examples/heap/strictlyModular/mayExpand.key 
146414     INFO  main            d.u.i.k.p.i.AbstractProblemLoader Loading environment from /home/runner/work/key/key/key.core/../key.ui/examples/heap/strictlyModular/mayExpand.key 
146414     DEBUG main            d.u.i.k.p.i.AbstractProblemLoader Environment load took 222.2ns 
146415     INFO  main            d.u.i.k.p.i.AbstractProblemLoader Creating init config 
148707     DEBUG main            d.u.i.k.p.i.AbstractProblemLoader Init config took 2.29s 
148742     INFO  main            d.u.i.k.p.i.AbstractProblemLoader Replaying proof Modular[Modular::m()].JML operation contract.0 
148744     DEBUG main            d.u.i.k.p.i.IntermediateProofReplayer Proof replay took 6.4ns 
148848     INFO  main            d.u.i.k.p.r.p.TestFile    ... finished proof: closed. 
149126     INFO  main            d.u.i.k.p.i.AbstractProblemLoader Loading environment from /home/runner/work/key/key/key.core/../key.ui/examples/heap/strictlyModular/mayExpand.key.proof 
149126     DEBUG main            d.u.i.k.p.i.AbstractProblemLoader Environment load took 111.3ns 
149127     INFO  main            d.u.i.k.p.i.AbstractProblemLoader Creating init config 
151372     DEBUG main            d.u.i.k.p.i.AbstractProblemLoader Init config took 2.24s 
151407     INFO  main            d.u.i.k.p.i.AbstractProblemLoader Replaying proof Modular[Modular::m()].JML operation contract.0 
151421     DEBUG main            d.u.i.k.p.i.IntermediateProofReplayer Proof replay took 11.63ms 
151422     DEBUG main            d.u.i.k.p.r.p.TestFile    ... success: reloaded. 
151423     INFO  main            d.u.i.k.p.r.p.TestFile    Now processing file /home/runner/work/key/key/key.core/../key.ui/examples/heap/strictlyModular/modularOnly.key 
151423     INFO  main            d.u.i.k.p.i.AbstractProblemLoader Loading environment from /home/runner/work/key/key/key.core/../key.ui/examples/heap/strictlyModular/modularOnly.key 
151424     DEBUG main            d.u.i.k.p.i.AbstractProblemLoader Environment load took 77.2ns 
151424     INFO  main            d.u.i.k.p.i.AbstractProblemLoader Creating init config 
153749     DEBUG main            d.u.i.k.p.i.AbstractProblemLoader Init config took 2.32s 
153803     INFO  main            d.u.i.k.p.i.AbstractProblemLoader Replaying proof Modular[Modular::m()].JML operation contract.0 
153805     DEBUG main            d.u.i.k.p.i.IntermediateProofReplayer Proof replay took 7.9ns 
153908     INFO  main            d.u.i.k.p.r.p.TestFile    ... finished proof: open goal(s) 
1865155    INFO  Test worker     d.u.i.k.p.r.p.StatisticsFile Returning from test simpleTests 
1865159    INFO  Test worker     d.u.i.k.p.r.p.StatisticsFile Running test SmansEtAl 
346        INFO  Timeout watchdog d.u.i.k.p.r.p.ForkedTestFileRunner Timeout watcher launched (2000 secs.) 
351        WARN  main            d.u.i.k.s.ProofSettings   The settings in /home/runner/.key/proof-settings.props are *not* read. 
400        INFO  main            d.u.i.k.p.r.p.TestFile    Now processing file /home/runner/work/key/key/key.core/../key.ui/examples/heap/SmansEtAl/ArrayList_add.key 
522        INFO  main            d.u.i.k.p.i.AbstractProblemLoader Loading environment from /home/runner/work/key/key/key.core/../key.ui/examples/heap/SmansEtAl/ArrayList_add.key 
547        DEBUG main            d.u.i.k.p.i.AbstractProblemLoader Environment load took 1.91ms 
770        INFO  main            d.u.i.k.p.i.AbstractProblemLoader Creating init config 
1801       DEBUG main            d.u.i.k.j.TypeConverter   No LDT found for Meta 
1802       DEBUG main            d.u.i.k.j.TypeConverter   No LDT found for Meta 
1805       DEBUG main            d.u.i.k.j.TypeConverter   No LDT found for Meta 
1805       DEBUG main            d.u.i.k.j.TypeConverter   No LDT found for Meta 
3334       DEBUG main            d.u.i.k.j.TypeConverter   No LDT found for JavaBigintExpression 
8516       DEBUG main            d.u.i.k.p.i.AbstractProblemLoader Init config took 7.75s 
8650       INFO  main            d.u.i.k.p.i.AbstractProblemLoader Replaying proof ArrayList[ArrayList::add(java.lang.Object)].JML normal_behavior operation contract.0 
8685       DEBUG main            d.u.i.k.p.i.IntermediateProofReplayer Proof replay took 38ns 
16286      INFO  main            d.u.i.k.p.r.p.TestFile    ... finished proof: closed. 
16468      INFO  main            d.u.i.k.p.i.AbstractProblemLoader Loading environment from /home/runner/work/key/key/key.core/../key.ui/examples/heap/SmansEtAl/ArrayList_add.key.proof 
16469      DEBUG main            d.u.i.k.p.i.AbstractProblemLoader Environment load took 760.31ns 
16472      INFO  main            d.u.i.k.p.i.AbstractProblemLoader Creating init config 
19494      DEBUG main            d.u.i.k.p.i.AbstractProblemLoader Init config took 3.02s 
19559      INFO  main            d.u.i.k.p.i.AbstractProblemLoader Replaying proof ArrayList[ArrayList::add(java.lang.Object)].JML normal_behavior operation contract.0 
20310      DEBUG main            d.u.i.k.p.i.IntermediateProofReplayer Proof replay took 720.99ms 
20320      DEBUG main            d.u.i.k.p.r.p.TestFile    ... success: reloaded. 
20323      INFO  main            d.u.i.k.p.r.p.TestFile    Now processing file /home/runner/work/key/key/key.core/../key.ui/examples/heap/SmansEtAl/ArrayList_ArrayList.key 
20323      INFO  main            d.u.i.k.p.i.AbstractProblemLoader Loading environment from /home/runner/work/key/key/key.core/../key.ui/examples/heap/SmansEtAl/ArrayList_ArrayList.key 
20324      DEBUG main            d.u.i.k.p.i.AbstractProblemLoader Environment load took 290.4ns 
20325      INFO  main            d.u.i.k.p.i.AbstractProblemLoader Creating init config 
23195      DEBUG main            d.u.i.k.p.i.AbstractProblemLoader Init config took 2.87s 
23262      INFO  main            d.u.i.k.p.i.AbstractProblemLoader Replaying proof ArrayList[ArrayList::ArrayList()].JML normal_behavior operation contract.0 
23267      DEBUG main            d.u.i.k.p.i.IntermediateProofReplayer Proof replay took 17.9ns 
24475      INFO  main            d.u.i.k.p.r.p.TestFile    ... finished proof: closed. 
24635      INFO  main            d.u.i.k.p.i.AbstractProblemLoader Loading environment from /home/runner/work/key/key/key.core/../key.ui/examples/heap/SmansEtAl/ArrayList_ArrayList.key.proof 
24637      DEBUG main            d.u.i.k.p.i.AbstractProblemLoader Environment load took 1.58ms 
24640      INFO  main            d.u.i.k.p.i.AbstractProblemLoader Creating init config 
27473      DEBUG main            d.u.i.k.p.i.AbstractProblemLoader Init config took 2.83s 
27529      INFO  main            d.u.i.k.p.i.AbstractProblemLoader Replaying proof ArrayList[ArrayList::ArrayList()].JML normal_behavior operation contract.0 
27665      DEBUG main            d.u.i.k.p.i.IntermediateProofReplayer Proof replay took 128.02ms 
27667      DEBUG main            d.u.i.k.p.r.p.TestFile    ... success: reloaded. 
27669      INFO  main            d.u.i.k.p.r.p.TestFile    Now processing file /home/runner/work/key/key/key.core/../key.ui/examples/heap/SmansEtAl/ArrayList_footprint.key 
27669      INFO  main            d.u.i.k.p.i.AbstractProblemLoader Loading environment from /home/runner/work/key/key/key.core/../key.ui/examples/heap/SmansEtAl/ArrayList_footprint.key 
27670      DEBUG main            d.u.i.k.p.i.AbstractProblemLoader Environment load took 241ns 
27671      INFO  main            d.u.i.k.p.i.AbstractProblemLoader Creating init config 
30417      DEBUG main            d.u.i.k.p.i.AbstractProblemLoader Init config took 2.75s 
30469      INFO  main            d.u.i.k.p.i.AbstractProblemLoader Replaying proof ArrayList[ArrayList::$footprint()].JML accessible clause.0 
30476      DEBUG main            d.u.i.k.p.i.IntermediateProofReplayer Proof replay took 7.5ns 
30579      INFO  main            d.u.i.k.p.r.p.TestFile    ... finished proof: closed. 
30761      INFO  main            d.u.i.k.p.i.AbstractProblemLoader Loading environment from /home/runner/work/key/key/key.core/../key.ui/examples/heap/SmansEtAl/ArrayList_footprint.key.proof 
30761      DEBUG main            d.u.i.k.p.i.AbstractProblemLoader Environment load took 153.9ns 
30764      INFO  main            d.u.i.k.p.i.AbstractProblemLoader Creating init config 
33491      DEBUG main            d.u.i.k.p.i.AbstractProblemLoader Init config took 2.73s 
33537      INFO  main            d.u.i.k.p.i.AbstractProblemLoader Replaying proof ArrayList[ArrayList::$footprint()].JML accessible clause.0 
33549      DEBUG main            d.u.i.k.p.i.IntermediateProofReplayer Proof replay took 9.23ms 
33550      DEBUG main            d.u.i.k.p.r.p.TestFile    ... success: reloaded. 
33558      INFO  main            d.u.i.k.p.r.p.TestFile    Now processing file /home/runner/work/key/key/key.core/../key.ui/examples/heap/SmansEtAl/ArrayList_get_dep.key 
33559      INFO  main            d.u.i.k.p.i.AbstractProblemLoader Loading environment from /home/runner/work/key/key/key.core/../key.ui/examples/heap/SmansEtAl/ArrayList_get_dep.key 
33559      DEBUG main            d.u.i.k.p.i.AbstractProblemLoader Environment load took 366ns 
33560      INFO  main            d.u.i.k.p.i.AbstractProblemLoader Creating init config 
36313      DEBUG main            d.u.i.k.p.i.AbstractProblemLoader Init config took 2.75s 
36359      INFO  main            d.u.i.k.p.i.AbstractProblemLoader Replaying proof ArrayList[ArrayList::get(int)].JML accessible clause.0 
36361      DEBUG main            d.u.i.k.p.i.IntermediateProofReplayer Proof replay took 7.2ns 
36664      INFO  main            d.u.i.k.p.r.p.TestFile    ... finished proof: closed. 
36836      INFO  main            d.u.i.k.p.i.AbstractProblemLoader Loading environment from /home/runner/work/key/key/key.core/../key.ui/examples/heap/SmansEtAl/ArrayList_get_dep.key.proof 
36836      DEBUG main            d.u.i.k.p.i.AbstractProblemLoader Environment load took 136ns 
36837      INFO  main            d.u.i.k.p.i.AbstractProblemLoader Creating init config 
39520      DEBUG main            d.u.i.k.p.i.AbstractProblemLoader Init config took 2.68s 
39565      INFO  main            d.u.i.k.p.i.AbstractProblemLoader Replaying proof ArrayList[ArrayList::get(int)].JML accessible clause.0 
39610      DEBUG main            d.u.i.k.p.i.IntermediateProofReplayer Proof replay took 41.15ms 
39612      DEBUG main            d.u.i.k.p.r.p.TestFile    ... success: reloaded. 
39613      INFO  main            d.u.i.k.p.r.p.TestFile    Now processing file /home/runner/work/key/key/key.core/../key.ui/examples/heap/SmansEtAl/ArrayList_get.key 
39613      INFO  main            d.u.i.k.p.i.AbstractProblemLoader Loading environment from /home/runner/work/key/key/key.core/../key.ui/examples/heap/SmansEtAl/ArrayList_get.key 
39614      DEBUG main            d.u.i.k.p.i.AbstractProblemLoader Environment load took 224.7ns 
39615      INFO  main            d.u.i.k.p.i.AbstractProblemLoader Creating init config 
42307      DEBUG main            d.u.i.k.p.i.AbstractProblemLoader Init config took 2.69s 
42352      INFO  main            d.u.i.k.p.i.AbstractProblemLoader Replaying proof ArrayList[ArrayList::get(int)].JML normal_behavior operation contract.0 
42354      DEBUG main            d.u.i.k.p.i.IntermediateProofReplayer Proof replay took 6.8ns 
42557      INFO  main            d.u.i.k.p.r.p.TestFile    ... finished proof: closed. 
42786      INFO  main            d.u.i.k.p.i.AbstractProblemLoader Loading environment from /home/runner/work/key/key/key.core/../key.ui/examples/heap/SmansEtAl/ArrayList_get.key.proof 
42787      DEBUG main            d.u.i.k.p.i.AbstractProblemLoader Environment load took 141.8ns 
42788      INFO  main            d.u.i.k.p.i.AbstractProblemLoader Creating init config 
45442      DEBUG main            d.u.i.k.p.i.AbstractProblemLoader Init config took 2.65s 
45503      INFO  main            d.u.i.k.p.i.AbstractProblemLoader Replaying proof ArrayList[ArrayList::get(int)].JML normal_behavior operation contract.0 
45532      DEBUG main            d.u.i.k.p.i.IntermediateProofReplayer Proof replay took 26.87ms 
45534      DEBUG main            d.u.i.k.p.r.p.TestFile    ... success: reloaded. 
45535      INFO  main            d.u.i.k.p.r.p.TestFile    Now processing file /home/runner/work/key/key/key.core/../key.ui/examples/heap/SmansEtAl/ArrayList_inv.key 
45535      INFO  main            d.u.i.k.p.i.AbstractProblemLoader Loading environment from /home/runner/work/key/key/key.core/../key.ui/examples/heap/SmansEtAl/ArrayList_inv.key 
45535      DEBUG main            d.u.i.k.p.i.AbstractProblemLoader Environment load took 201.2ns 
45537      INFO  main            d.u.i.k.p.i.AbstractProblemLoader Creating init config 
48225      DEBUG main            d.u.i.k.p.i.AbstractProblemLoader Init config took 2.69s 
48273      INFO  main            d.u.i.k.p.i.AbstractProblemLoader Replaying proof ArrayList[java.lang.Object::<inv>()].JML accessible clause.0 
48275      DEBUG main            d.u.i.k.p.i.IntermediateProofReplayer Proof replay took 7.1ns 
48379      INFO  main            d.u.i.k.p.r.p.TestFile    ... finished proof: closed. 
48549      INFO  main            d.u.i.k.p.i.AbstractProblemLoader Loading environment from /home/runner/work/key/key/key.core/../key.ui/examples/heap/SmansEtAl/ArrayList_inv.key.proof 
48549      DEBUG main            d.u.i.k.p.i.AbstractProblemLoader Environment load took 144ns 
48551      INFO  main            d.u.i.k.p.i.AbstractProblemLoader Creating init config 
51228      DEBUG main            d.u.i.k.p.i.AbstractProblemLoader Init config took 2.68s 
51271      INFO  main            d.u.i.k.p.i.AbstractProblemLoader Replaying proof ArrayList[java.lang.Object::<inv>()].JML accessible clause.0 
51281      DEBUG main            d.u.i.k.p.i.IntermediateProofReplayer Proof replay took 8.43ms 
51282      DEBUG main            d.u.i.k.p.r.p.TestFile    ... success: reloaded. 
51283      INFO  main            d.u.i.k.p.r.p.TestFile    Now processing file /home/runner/work/key/key/key.core/../key.ui/examples/heap/SmansEtAl/ArrayList_size_dep.key 
51284      INFO  main            d.u.i.k.p.i.AbstractProblemLoader Loading environment from /home/runner/work/key/key/key.core/../key.ui/examples/heap/SmansEtAl/ArrayList_size_dep.key 
51284      DEBUG main            d.u.i.k.p.i.AbstractProblemLoader Environment load took 100.3ns 
51285      INFO  main            d.u.i.k.p.i.AbstractProblemLoader Creating init config 
53983      DEBUG main            d.u.i.k.p.i.AbstractProblemLoader Init config took 2.7s 
54041      INFO  main            d.u.i.k.p.i.AbstractProblemLoader Replaying proof ArrayList[ArrayList::size()].JML accessible clause.0 
54043      DEBUG main            d.u.i.k.p.i.IntermediateProofReplayer Proof replay took 6.9ns 
54145      INFO  main            d.u.i.k.p.r.p.TestFile    ... finished proof: closed. 
54319      INFO  main            d.u.i.k.p.i.AbstractProblemLoader Loading environment from /home/runner/work/key/key/key.core/../key.ui/examples/heap/SmansEtAl/ArrayList_size_dep.key.proof 
54319      DEBUG main            d.u.i.k.p.i.AbstractProblemLoader Environment load took 136.5ns 
54320      INFO  main            d.u.i.k.p.i.AbstractProblemLoader Creating init config 
56951      DEBUG main            d.u.i.k.p.i.AbstractProblemLoader Init config took 2.63s 
57001      INFO  main            d.u.i.k.p.i.AbstractProblemLoader Replaying proof ArrayList[ArrayList::size()].JML accessible clause.0 
57017      DEBUG main            d.u.i.k.p.i.IntermediateProofReplayer Proof replay took 12.82ms 
57019      DEBUG main            d.u.i.k.p.r.p.TestFile    ... success: reloaded. 
57020      INFO  main            d.u.i.k.p.r.p.TestFile    Now processing file /home/runner/work/key/key/key.core/../key.ui/examples/heap/SmansEtAl/ArrayList_size.key 
57020      INFO  main            d.u.i.k.p.i.AbstractProblemLoader Loading environment from /home/runner/work/key/key/key.core/../key.ui/examples/heap/SmansEtAl/ArrayList_size.key 
57021      DEBUG main            d.u.i.k.p.i.AbstractProblemLoader Environment load took 250.4ns 
57022      INFO  main            d.u.i.k.p.i.AbstractProblemLoader Creating init config 
59707      DEBUG main            d.u.i.k.p.i.AbstractProblemLoader Init config took 2.69s 
59747      INFO  main            d.u.i.k.p.i.AbstractProblemLoader Replaying proof ArrayList[ArrayList::size()].JML normal_behavior operation contract.0 
59749      DEBUG main            d.u.i.k.p.i.IntermediateProofReplayer Proof replay took 6.3ns 
59853      INFO  main            d.u.i.k.p.r.p.TestFile    ... finished proof: closed. 
60029      INFO  main            d.u.i.k.p.i.AbstractProblemLoader Loading environment from /home/runner/work/key/key/key.core/../key.ui/examples/heap/SmansEtAl/ArrayList_size.key.proof 
60029      DEBUG main            d.u.i.k.p.i.AbstractProblemLoader Environment load took 142.6ns 
60030      INFO  main            d.u.i.k.p.i.AbstractProblemLoader Creating init config 
62616      DEBUG main            d.u.i.k.p.i.AbstractProblemLoader Init config took 2.59s 
62655      INFO  main            d.u.i.k.p.i.AbstractProblemLoader Replaying proof ArrayList[ArrayList::size()].JML normal_behavior operation contract.0 
62669      DEBUG main            d.u.i.k.p.i.IntermediateProofReplayer Proof replay took 11.96ms 
62670      DEBUG main            d.u.i.k.p.r.p.TestFile    ... success: reloaded. 
62671      INFO  main            d.u.i.k.p.r.p.TestFile    Now processing file /home/runner/work/key/key/key.core/../key.ui/examples/heap/SmansEtAl/Cell_Cell.key 
62672      INFO  main            d.u.i.k.p.i.AbstractProblemLoader Loading environment from /home/runner/work/key/key/key.core/../key.ui/examples/heap/SmansEtAl/Cell_Cell.key 
62672      DEBUG main            d.u.i.k.p.i.AbstractProblemLoader Environment load took 238.2ns 
62673      INFO  main            d.u.i.k.p.i.AbstractProblemLoader Creating init config 
65344      DEBUG main            d.u.i.k.p.i.AbstractProblemLoader Init config took 2.67s 
65395      INFO  main            d.u.i.k.p.i.AbstractProblemLoader Replaying proof Cell[Cell::Cell()].JML normal_behavior operation contract.0 
65397      DEBUG main            d.u.i.k.p.i.IntermediateProofReplayer Proof replay took 6.9ns 
65599      INFO  main            d.u.i.k.p.r.p.TestFile    ... finished proof: closed. 
65798      INFO  main            d.u.i.k.p.i.AbstractProblemLoader Loading environment from /home/runner/work/key/key/key.core/../key.ui/examples/heap/SmansEtAl/Cell_Cell.key.proof 
65799      DEBUG main            d.u.i.k.p.i.AbstractProblemLoader Environment load took 130ns 
65800      INFO  main            d.u.i.k.p.i.AbstractProblemLoader Creating init config 
68396      DEBUG main            d.u.i.k.p.i.AbstractProblemLoader Init config took 2.6s 
68434      INFO  main            d.u.i.k.p.i.AbstractProblemLoader Replaying proof Cell[Cell::Cell()].JML normal_behavior operation contract.0 
68472      DEBUG main            d.u.i.k.p.i.IntermediateProofReplayer Proof replay took 33.57ms 
68474      DEBUG main            d.u.i.k.p.r.p.TestFile    ... success: reloaded. 
68476      INFO  main            d.u.i.k.p.r.p.TestFile    Now processing file /home/runner/work/key/key/key.core/../key.ui/examples/heap/SmansEtAl/Cell_footprint.key 
68477      INFO  main            d.u.i.k.p.i.AbstractProblemLoader Loading environment from /home/runner/work/key/key/key.core/../key.ui/examples/heap/SmansEtAl/Cell_footprint.key 
68477      DEBUG main            d.u.i.k.p.i.AbstractProblemLoader Environment load took 236.3ns 
68478      INFO  main            d.u.i.k.p.i.AbstractProblemLoader Creating init config 
71147      DEBUG main            d.u.i.k.p.i.AbstractProblemLoader Init config took 2.67s 
71183      INFO  main            d.u.i.k.p.i.AbstractProblemLoader Replaying proof Cell[Cell::$footprint()].JML accessible clause.0 
71184      DEBUG main            d.u.i.k.p.i.IntermediateProofReplayer Proof replay took 6.6ns 
71287      INFO  main            d.u.i.k.p.r.p.TestFile    ... finished proof: closed. 
71481      INFO  main            d.u.i.k.p.i.AbstractProblemLoader Loading environment from /home/runner/work/key/key/key.core/../key.ui/examples/heap/SmansEtAl/Cell_footprint.key.proof 
71481      DEBUG main            d.u.i.k.p.i.AbstractProblemLoader Environment load took 129ns 
71482      INFO  main            d.u.i.k.p.i.AbstractProblemLoader Creating init config 
74080      DEBUG main            d.u.i.k.p.i.AbstractProblemLoader Init config took 2.6s 
74116      INFO  main            d.u.i.k.p.i.AbstractProblemLoader Replaying proof Cell[Cell::$footprint()].JML accessible clause.0 
74121      DEBUG main            d.u.i.k.p.i.IntermediateProofReplayer Proof replay took 3.43ms 
74122      DEBUG main            d.u.i.k.p.r.p.TestFile    ... success: reloaded. 
74123      INFO  main            d.u.i.k.p.r.p.TestFile    Now processing file /home/runner/work/key/key/key.core/../key.ui/examples/heap/SmansEtAl/Cell_getX_dep.key 
74124      INFO  main            d.u.i.k.p.i.AbstractProblemLoader Loading environment from /home/runner/work/key/key/key.core/../key.ui/examples/heap/SmansEtAl/Cell_getX_dep.key 
74124      DEBUG main            d.u.i.k.p.i.AbstractProblemLoader Environment load took 101.6ns 
74125      INFO  main            d.u.i.k.p.i.AbstractProblemLoader Creating init config 
76868      DEBUG main            d.u.i.k.p.i.AbstractProblemLoader Init config took 2.74s 
76909      INFO  main            d.u.i.k.p.i.AbstractProblemLoader Replaying proof Cell[Cell::getX()].JML accessible clause.0 
76911      DEBUG main            d.u.i.k.p.i.IntermediateProofReplayer Proof replay took 7.2ns 
77013      INFO  main            d.u.i.k.p.r.p.TestFile    ... finished proof: closed. 
77254      INFO  main            d.u.i.k.p.i.AbstractProblemLoader Loading environment from /home/runner/work/key/key/key.core/../key.ui/examples/heap/SmansEtAl/Cell_getX_dep.key.proof 
77254      DEBUG main            d.u.i.k.p.i.AbstractProblemLoader Environment load took 148.6ns 
77256      INFO  main            d.u.i.k.p.i.AbstractProblemLoader Creating init config 
79888      DEBUG main            d.u.i.k.p.i.AbstractProblemLoader Init config took 2.63s 
79932      INFO  main            d.u.i.k.p.i.AbstractProblemLoader Replaying proof Cell[Cell::getX()].JML accessible clause.0 
79945      DEBUG main            d.u.i.k.p.i.IntermediateProofReplayer Proof replay took 11.44ms 
79947      DEBUG main            d.u.i.k.p.r.p.TestFile    ... success: reloaded. 
79948      INFO  main            d.u.i.k.p.r.p.TestFile    Now processing file /home/runner/work/key/key/key.core/../key.ui/examples/heap/SmansEtAl/Cell_getX.key 
79948      INFO  main            d.u.i.k.p.i.AbstractProblemLoader Loading environment from /home/runner/work/key/key/key.core/../key.ui/examples/heap/SmansEtAl/Cell_getX.key 
79949      DEBUG main            d.u.i.k.p.i.AbstractProblemLoader Environment load took 229.6ns 
79950      INFO  main            d.u.i.k.p.i.AbstractProblemLoader Creating init config 
82657      DEBUG main            d.u.i.k.p.i.AbstractProblemLoader Init config took 2.71s 
82695      INFO  main            d.u.i.k.p.i.AbstractProblemLoader Replaying proof Cell[Cell::getX()].JML normal_behavior operation contract.0 
82697      DEBUG main            d.u.i.k.p.i.IntermediateProofReplayer Proof replay took 7.3ns 
82799      INFO  main            d.u.i.k.p.r.p.TestFile    ... finished proof: closed. 
83012      INFO  main            d.u.i.k.p.i.AbstractProblemLoader Loading environment from /home/runner/work/key/key/key.core/../key.ui/examples/heap/SmansEtAl/Cell_getX.key.proof 
83013      DEBUG main            d.u.i.k.p.i.AbstractProblemLoader Environment load took 159.6ns 
83014      INFO  main            d.u.i.k.p.i.AbstractProblemLoader Creating init config 
85598      DEBUG main            d.u.i.k.p.i.AbstractProblemLoader Init config took 2.58s 
85634      INFO  main            d.u.i.k.p.i.AbstractProblemLoader Replaying proof Cell[Cell::getX()].JML normal_behavior operation contract.0 
85646      DEBUG main            d.u.i.k.p.i.IntermediateProofReplayer Proof replay took 10.14ms 
85647      DEBUG main            d.u.i.k.p.r.p.TestFile    ... success: reloaded. 
85648      INFO  main            d.u.i.k.p.r.p.TestFile    Now processing file /home/runner/work/key/key/key.core/../key.ui/examples/heap/SmansEtAl/Cell_inv.key 
85649      INFO  main            d.u.i.k.p.i.AbstractProblemLoader Loading environment from /home/runner/work/key/key/key.core/../key.ui/examples/heap/SmansEtAl/Cell_inv.key 
85649      DEBUG main            d.u.i.k.p.i.AbstractProblemLoader Environment load took 217.2ns 
85650      INFO  main            d.u.i.k.p.i.AbstractProblemLoader Creating init config 
88300      DEBUG main            d.u.i.k.p.i.AbstractProblemLoader Init config took 2.65s 
88354      INFO  main            d.u.i.k.p.i.AbstractProblemLoader Replaying proof Cell[java.lang.Object::<inv>()].JML accessible clause.0 
88355      DEBUG main            d.u.i.k.p.i.IntermediateProofReplayer Proof replay took 7.5ns 
88459      INFO  main            d.u.i.k.p.r.p.TestFile    ... finished proof: closed. 
88657      INFO  main            d.u.i.k.p.i.AbstractProblemLoader Loading environment from /home/runner/work/key/key/key.core/../key.ui/examples/heap/SmansEtAl/Cell_inv.key.proof 
88657      DEBUG main            d.u.i.k.p.i.AbstractProblemLoader Environment load took 134.5ns 
88662      INFO  main            d.u.i.k.p.i.AbstractProblemLoader Creating init config 
91257      DEBUG main            d.u.i.k.p.i.AbstractProblemLoader Init config took 2.6s 
91293      INFO  main            d.u.i.k.p.i.AbstractProblemLoader Replaying proof Cell[java.lang.Object::<inv>()].JML accessible clause.0 
91296      DEBUG main            d.u.i.k.p.i.IntermediateProofReplayer Proof replay took 1.51ms 
91297      DEBUG main            d.u.i.k.p.r.p.TestFile    ... success: reloaded. 
91298      INFO  main            d.u.i.k.p.r.p.TestFile    Now processing file /home/runner/work/key/key/key.core/../key.ui/examples/heap/SmansEtAl/Cell_setX.key 
91299      INFO  main            d.u.i.k.p.i.AbstractProblemLoader Loading environment from /home/runner/work/key/key/key.core/../key.ui/examples/heap/SmansEtAl/Cell_setX.key 
91299      DEBUG main            d.u.i.k.p.i.AbstractProblemLoader Environment load took 96.1ns 
91300      INFO  main            d.u.i.k.p.i.AbstractProblemLoader Creating init config 
93939      DEBUG main            d.u.i.k.p.i.AbstractProblemLoader Init config took 2.64s 
93974      INFO  main            d.u.i.k.p.i.AbstractProblemLoader Replaying proof Cell[Cell::setX(int)].JML normal_behavior operation contract.0 
93976      DEBUG main            d.u.i.k.p.i.IntermediateProofReplayer Proof replay took 7.4ns 
94078      INFO  main            d.u.i.k.p.r.p.TestFile    ... finished proof: closed. 
94301      INFO  main            d.u.i.k.p.i.AbstractProblemLoader Loading environment from /home/runner/work/key/key/key.core/../key.ui/examples/heap/SmansEtAl/Cell_setX.key.proof 
94302      DEBUG main            d.u.i.k.p.i.AbstractProblemLoader Environment load took 124ns 
94303      INFO  main            d.u.i.k.p.i.AbstractProblemLoader Creating init config 
96865      DEBUG main            d.u.i.k.p.i.AbstractProblemLoader Init config took 2.56s 
96901      INFO  main            d.u.i.k.p.i.AbstractProblemLoader Replaying proof Cell[Cell::setX(int)].JML normal_behavior operation contract.0 
96920      DEBUG main            d.u.i.k.p.i.IntermediateProofReplayer Proof replay took 17.29ms 
96921      DEBUG main            d.u.i.k.p.r.p.TestFile    ... success: reloaded. 
96922      INFO  main            d.u.i.k.p.r.p.TestFile    Now processing file /home/runner/work/key/key/key.core/../key.ui/examples/heap/SmansEtAl/CellClient_m.key 
96922      INFO  main            d.u.i.k.p.i.AbstractProblemLoader Loading environment from /home/runner/work/key/key/key.core/../key.ui/examples/heap/SmansEtAl/CellClient_m.key 
96923      DEBUG main            d.u.i.k.p.i.AbstractProblemLoader Environment load took 107ns 
96923      INFO  main            d.u.i.k.p.i.AbstractProblemLoader Creating init config 
99595      DEBUG main            d.u.i.k.p.i.AbstractProblemLoader Init config took 2.67s 
99630      INFO  main            d.u.i.k.p.i.AbstractProblemLoader Replaying proof CellClient[CellClient::m()].JML operation contract.0 
99631      DEBUG main            d.u.i.k.p.i.IntermediateProofReplayer Proof replay took 7ns 
100137     INFO  main            d.u.i.k.p.r.p.TestFile    ... finished proof: closed. 
100387     INFO  main            d.u.i.k.p.i.AbstractProblemLoader Loading environment from /home/runner/work/key/key/key.core/../key.ui/examples/heap/SmansEtAl/CellClient_m.key.proof 
100388     DEBUG main            d.u.i.k.p.i.AbstractProblemLoader Environment load took 476.2ns 
100389     INFO  main            d.u.i.k.p.i.AbstractProblemLoader Creating init config 
102961     DEBUG main            d.u.i.k.p.i.AbstractProblemLoader Init config took 2.57s 
102996     INFO  main            d.u.i.k.p.i.AbstractProblemLoader Replaying proof CellClient[CellClient::m()].JML operation contract.0 
103086     DEBUG main            d.u.i.k.p.i.IntermediateProofReplayer Proof replay took 86.25ms 
103087     DEBUG main            d.u.i.k.p.r.p.TestFile    ... success: reloaded. 
103088     INFO  main            d.u.i.k.p.r.p.TestFile    Now processing file /home/runner/work/key/key/key.core/../key.ui/examples/heap/SmansEtAl/Iterator_footprint.key 
103089     INFO  main            d.u.i.k.p.i.AbstractProblemLoader Loading environment from /home/runner/work/key/key/key.core/../key.ui/examples/heap/SmansEtAl/Iterator_footprint.key 
103089     DEBUG main            d.u.i.k.p.i.AbstractProblemLoader Environment load took 107.3ns 
103090     INFO  main            d.u.i.k.p.i.AbstractProblemLoader Creating init config 
105760     DEBUG main            d.u.i.k.p.i.AbstractProblemLoader Init config took 2.67s 
105802     INFO  main            d.u.i.k.p.i.AbstractProblemLoader Replaying proof Iterator[Iterator::$footprint()].JML accessible clause.0 
105803     DEBUG main            d.u.i.k.p.i.IntermediateProofReplayer Proof replay took 13.6ns 
105911     INFO  main            d.u.i.k.p.r.p.TestFile    ... finished proof: closed. 
106137     INFO  main            d.u.i.k.p.i.AbstractProblemLoader Loading environment from /home/runner/work/key/key/key.core/../key.ui/examples/heap/SmansEtAl/Iterator_footprint.key.proof 
106138     DEBUG main            d.u.i.k.p.i.AbstractProblemLoader Environment load took 128.4ns 
106139     INFO  main            d.u.i.k.p.i.AbstractProblemLoader Creating init config 
108686     DEBUG main            d.u.i.k.p.i.AbstractProblemLoader Init config took 2.55s 
108725     INFO  main            d.u.i.k.p.i.AbstractProblemLoader Replaying proof Iterator[Iterator::$footprint()].JML accessible clause.0 
108733     DEBUG main            d.u.i.k.p.i.IntermediateProofReplayer Proof replay took 5.42ms 
108734     DEBUG main            d.u.i.k.p.r.p.TestFile    ... success: reloaded. 
108735     INFO  main            d.u.i.k.p.r.p.TestFile    Now processing file /home/runner/work/key/key/key.core/../key.ui/examples/heap/SmansEtAl/Iterator_hasNext_dep.key 
108735     INFO  main            d.u.i.k.p.i.AbstractProblemLoader Loading environment from /home/runner/work/key/key/key.core/../key.ui/examples/heap/SmansEtAl/Iterator_hasNext_dep.key 
108735     DEBUG main            d.u.i.k.p.i.AbstractProblemLoader Environment load took 95.4ns 
108736     INFO  main            d.u.i.k.p.i.AbstractProblemLoader Creating init config 
111378     DEBUG main            d.u.i.k.p.i.AbstractProblemLoader Init config took 2.64s 
111415     INFO  main            d.u.i.k.p.i.AbstractProblemLoader Replaying proof Iterator[Iterator::hasNext()].JML accessible clause.0 
111417     DEBUG main            d.u.i.k.p.i.IntermediateProofReplayer Proof replay took 7.1ns 
112029     INFO  main            d.u.i.k.p.r.p.TestFile    ... finished proof: closed. 
112272     INFO  main            d.u.i.k.p.i.AbstractProblemLoader Loading environment from /home/runner/work/key/key/key.core/../key.ui/examples/heap/SmansEtAl/Iterator_hasNext_dep.key.proof 
112273     DEBUG main            d.u.i.k.p.i.AbstractProblemLoader Environment load took 618.01ns 
112274     INFO  main            d.u.i.k.p.i.AbstractProblemLoader Creating init config 
114826     DEBUG main            d.u.i.k.p.i.AbstractProblemLoader Init config took 2.55s 
114864     INFO  main            d.u.i.k.p.i.AbstractProblemLoader Replaying proof Iterator[Iterator::hasNext()].JML accessible clause.0 
114934     DEBUG main            d.u.i.k.p.i.IntermediateProofReplayer Proof replay took 64.4ms 
114935     DEBUG main            d.u.i.k.p.r.p.TestFile    ... success: reloaded. 
114936     INFO  main            d.u.i.k.p.r.p.TestFile    Now processing file /home/runner/work/key/key/key.core/../key.ui/examples/heap/SmansEtAl/Iterator_hasNext.key 
114936     INFO  main            d.u.i.k.p.i.AbstractProblemLoader Loading environment from /home/runner/work/key/key/key.core/../key.ui/examples/heap/SmansEtAl/Iterator_hasNext.key 
114936     DEBUG main            d.u.i.k.p.i.AbstractProblemLoader Environment load took 62.6ns 
114937     INFO  main            d.u.i.k.p.i.AbstractProblemLoader Creating init config 
117568     DEBUG main            d.u.i.k.p.i.AbstractProblemLoader Init config took 2.63s 
117607     INFO  main            d.u.i.k.p.i.AbstractProblemLoader Replaying proof Iterator[Iterator::hasNext()].JML normal_behavior operation contract.0 
117608     DEBUG main            d.u.i.k.p.i.IntermediateProofReplayer Proof replay took 7.2ns 
118113     INFO  main            d.u.i.k.p.r.p.TestFile    ... finished proof: closed. 
118383     INFO  main            d.u.i.k.p.i.AbstractProblemLoader Loading environment from /home/runner/work/key/key/key.core/../key.ui/examples/heap/SmansEtAl/Iterator_hasNext.key.proof 
118384     DEBUG main            d.u.i.k.p.i.AbstractProblemLoader Environment load took 472.3ns 
118385     INFO  main            d.u.i.k.p.i.AbstractProblemLoader Creating init config 
120944     DEBUG main            d.u.i.k.p.i.AbstractProblemLoader Init config took 2.56s 
120982     INFO  main            d.u.i.k.p.i.AbstractProblemLoader Replaying proof Iterator[Iterator::hasNext()].JML normal_behavior operation contract.0 
121061     DEBUG main            d.u.i.k.p.i.IntermediateProofReplayer Proof replay took 71.28ms 
121062     DEBUG main            d.u.i.k.p.r.p.TestFile    ... success: reloaded. 
121063     INFO  main            d.u.i.k.p.r.p.TestFile    Now processing file /home/runner/work/key/key/key.core/../key.ui/examples/heap/SmansEtAl/Iterator_inv.key 
121063     INFO  main            d.u.i.k.p.i.AbstractProblemLoader Loading environment from /home/runner/work/key/key/key.core/../key.ui/examples/heap/SmansEtAl/Iterator_inv.key 
121064     DEBUG main            d.u.i.k.p.i.AbstractProblemLoader Environment load took 123.7ns 
121064     INFO  main            d.u.i.k.p.i.AbstractProblemLoader Creating init config 
123696     DEBUG main            d.u.i.k.p.i.AbstractProblemLoader Init config took 2.63s 
123736     INFO  main            d.u.i.k.p.i.AbstractProblemLoader Replaying proof Iterator[java.lang.Object::<inv>()].JML accessible clause.0 
123737     DEBUG main            d.u.i.k.p.i.IntermediateProofReplayer Proof replay took 6.9ns 
123941     INFO  main            d.u.i.k.p.r.p.TestFile    ... finished proof: closed. 
124207     INFO  main            d.u.i.k.p.i.AbstractProblemLoader Loading environment from /home/runner/work/key/key/key.core/../key.ui/examples/heap/SmansEtAl/Iterator_inv.key.proof 
124207     DEBUG main            d.u.i.k.p.i.AbstractProblemLoader Environment load took 119.4ns 
124208     INFO  main            d.u.i.k.p.i.AbstractProblemLoader Creating init config 
126768     DEBUG main            d.u.i.k.p.i.AbstractProblemLoader Init config took 2.56s 
126805     INFO  main            d.u.i.k.p.i.AbstractProblemLoader Replaying proof Iterator[java.lang.Object::<inv>()].JML accessible clause.0 
126824     DEBUG main            d.u.i.k.p.i.IntermediateProofReplayer Proof replay took 16.13ms 
126825     DEBUG main            d.u.i.k.p.r.p.TestFile    ... success: reloaded. 
126826     INFO  main            d.u.i.k.p.r.p.TestFile    Now processing file /home/runner/work/key/key/key.core/../key.ui/examples/heap/SmansEtAl/Iterator_Iterator.key 
126826     INFO  main            d.u.i.k.p.i.AbstractProblemLoader Loading environment from /home/runner/work/key/key/key.core/../key.ui/examples/heap/SmansEtAl/Iterator_Iterator.key 
126826     DEBUG main            d.u.i.k.p.i.AbstractProblemLoader Environment load took 142.2ns 
126827     INFO  main            d.u.i.k.p.i.AbstractProblemLoader Creating init config 
129488     DEBUG main            d.u.i.k.p.i.AbstractProblemLoader Init config took 2.66s 
129526     INFO  main            d.u.i.k.p.i.AbstractProblemLoader Replaying proof Iterator[Iterator::Iterator(ArrayList)].JML normal_behavior operation contract.0 
129527     DEBUG main            d.u.i.k.p.i.IntermediateProofReplayer Proof replay took 7.5ns 
130833     INFO  main            d.u.i.k.p.r.p.TestFile    ... finished proof: closed. 
131101     INFO  main            d.u.i.k.p.i.AbstractProblemLoader Loading environment from /home/runner/work/key/key/key.core/../key.ui/examples/heap/SmansEtAl/Iterator_Iterator.key.proof 
131101     DEBUG main            d.u.i.k.p.i.AbstractProblemLoader Environment load took 463ns 
131103     INFO  main            d.u.i.k.p.i.AbstractProblemLoader Creating init config 
133644     DEBUG main            d.u.i.k.p.i.AbstractProblemLoader Init config took 2.54s 
133681     INFO  main            d.u.i.k.p.i.AbstractProblemLoader Replaying proof Iterator[Iterator::Iterator(ArrayList)].JML normal_behavior operation contract.0 
133837     DEBUG main            d.u.i.k.p.i.IntermediateProofReplayer Proof replay took 143.58ms 
133839     DEBUG main            d.u.i.k.p.r.p.TestFile    ... success: reloaded. 
133840     INFO  main            d.u.i.k.p.r.p.TestFile    Now processing file /home/runner/work/key/key/key.core/../key.ui/examples/heap/SmansEtAl/Iterator_list_dep.key 
133840     INFO  main            d.u.i.k.p.i.AbstractProblemLoader Loading environment from /home/runner/work/key/key/key.core/../key.ui/examples/heap/SmansEtAl/Iterator_list_dep.key 
133841     DEBUG main            d.u.i.k.p.i.AbstractProblemLoader Environment load took 242.7ns 
133842     INFO  main            d.u.i.k.p.i.AbstractProblemLoader Creating init config 
136454     DEBUG main            d.u.i.k.p.i.AbstractProblemLoader Init config took 2.61s 
136509     INFO  main            d.u.i.k.p.i.AbstractProblemLoader Replaying proof Iterator[Iterator::list()].JML accessible clause.0 
136511     DEBUG main            d.u.i.k.p.i.IntermediateProofReplayer Proof replay took 7.7ns 
136615     INFO  main            d.u.i.k.p.r.p.TestFile    ... finished proof: closed. 
136874     INFO  main            d.u.i.k.p.i.AbstractProblemLoader Loading environment from /home/runner/work/key/key/key.core/../key.ui/examples/heap/SmansEtAl/Iterator_list_dep.key.proof 
136875     DEBUG main            d.u.i.k.p.i.AbstractProblemLoader Environment load took 124ns 
136876     INFO  main            d.u.i.k.p.i.AbstractProblemLoader Creating init config 
139426     DEBUG main            d.u.i.k.p.i.AbstractProblemLoader Init config took 2.55s 
139463     INFO  main            d.u.i.k.p.i.AbstractProblemLoader Replaying proof Iterator[Iterator::list()].JML accessible clause.0 
139478     DEBUG main            d.u.i.k.p.i.IntermediateProofReplayer Proof replay took 13.68ms 
139479     DEBUG main            d.u.i.k.p.r.p.TestFile    ... success: reloaded. 
139480     INFO  main            d.u.i.k.p.r.p.TestFile    Now processing file /home/runner/work/key/key/key.core/../key.ui/examples/heap/SmansEtAl/Iterator_list.key 
139481     INFO  main            d.u.i.k.p.i.AbstractProblemLoader Loading environment from /home/runner/work/key/key/key.core/../key.ui/examples/heap/SmansEtAl/Iterator_list.key 
139481     DEBUG main            d.u.i.k.p.i.AbstractProblemLoader Environment load took 104.5ns 
139482     INFO  main            d.u.i.k.p.i.AbstractProblemLoader Creating init config 
142077     DEBUG main            d.u.i.k.p.i.AbstractProblemLoader Init config took 2.6s 
142115     INFO  main            d.u.i.k.p.i.AbstractProblemLoader Replaying proof Iterator[Iterator::list()].JML normal_behavior operation contract.0 
142117     DEBUG main            d.u.i.k.p.i.IntermediateProofReplayer Proof replay took 8.1ns 
142219     INFO  main            d.u.i.k.p.r.p.TestFile    ... finished proof: closed. 
142489     INFO  main            d.u.i.k.p.i.AbstractProblemLoader Loading environment from /home/runner/work/key/key/key.core/../key.ui/examples/heap/SmansEtAl/Iterator_list.key.proof 
142489     DEBUG main            d.u.i.k.p.i.AbstractProblemLoader Environment load took 133ns 
142490     INFO  main            d.u.i.k.p.i.AbstractProblemLoader Creating init config 
145032     DEBUG main            d.u.i.k.p.i.AbstractProblemLoader Init config took 2.54s 
145070     INFO  main            d.u.i.k.p.i.AbstractProblemLoader Replaying proof Iterator[Iterator::list()].JML normal_behavior operation contract.0 
145084     DEBUG main            d.u.i.k.p.i.IntermediateProofReplayer Proof replay took 12.79ms 
145085     DEBUG main            d.u.i.k.p.r.p.TestFile    ... success: reloaded. 
145086     INFO  main            d.u.i.k.p.r.p.TestFile    Now processing file /home/runner/work/key/key/key.core/../key.ui/examples/heap/SmansEtAl/Iterator_next.key 
145087     INFO  main            d.u.i.k.p.i.AbstractProblemLoader Loading environment from /home/runner/work/key/key/key.core/../key.ui/examples/heap/SmansEtAl/Iterator_next.key 
145087     DEBUG main            d.u.i.k.p.i.AbstractProblemLoader Environment load took 94.1ns 
145088     INFO  main            d.u.i.k.p.i.AbstractProblemLoader Creating init config 
147716     DEBUG main            d.u.i.k.p.i.AbstractProblemLoader Init config took 2.63s 
147754     INFO  main            d.u.i.k.p.i.AbstractProblemLoader Replaying proof Iterator[Iterator::next()].JML normal_behavior operation contract.0 
147757     DEBUG main            d.u.i.k.p.i.IntermediateProofReplayer Proof replay took 7.5ns 
150479     INFO  main            d.u.i.k.p.r.p.TestFile    ... finished proof: closed. 
150771     INFO  main            d.u.i.k.p.i.AbstractProblemLoader Loading environment from /home/runner/work/key/key/key.core/../key.ui/examples/heap/SmansEtAl/Iterator_next.key.proof 
150771     DEBUG main            d.u.i.k.p.i.AbstractProblemLoader Environment load took 130.6ns 
150773     INFO  main            d.u.i.k.p.i.AbstractProblemLoader Creating init config 
153317     DEBUG main            d.u.i.k.p.i.AbstractProblemLoader Init config took 2.54s 
153355     INFO  main            d.u.i.k.p.i.AbstractProblemLoader Replaying proof Iterator[Iterator::next()].JML normal_behavior operation contract.0 
153624     DEBUG main            d.u.i.k.p.i.IntermediateProofReplayer Proof replay took 252.81ms 
153626     DEBUG main            d.u.i.k.p.r.p.TestFile    ... success: reloaded. 
153628     INFO  main            d.u.i.k.p.r.p.TestFile    Now processing file /home/runner/work/key/key/key.core/../key.ui/examples/heap/SmansEtAl/Stack_footprint.key 
153628     INFO  main            d.u.i.k.p.i.AbstractProblemLoader Loading environment from /home/runner/work/key/key/key.core/../key.ui/examples/heap/SmansEtAl/Stack_footprint.key 
153628     DEBUG main            d.u.i.k.p.i.AbstractProblemLoader Environment load took 274.9ns 
153629     INFO  main            d.u.i.k.p.i.AbstractProblemLoader Creating init config 
156259     DEBUG main            d.u.i.k.p.i.AbstractProblemLoader Init config took 2.63s 
156294     INFO  main            d.u.i.k.p.i.AbstractProblemLoader Replaying proof Stack[Stack::$footprint()].JML accessible clause.0 
156296     DEBUG main            d.u.i.k.p.i.IntermediateProofReplayer Proof replay took 9.6ns 
156499     INFO  main            d.u.i.k.p.r.p.TestFile    ... finished proof: closed. 
156789     INFO  main            d.u.i.k.p.i.AbstractProblemLoader Loading environment from /home/runner/work/key/key/key.core/../key.ui/examples/heap/SmansEtAl/Stack_footprint.key.proof 
156789     DEBUG main            d.u.i.k.p.i.AbstractProblemLoader Environment load took 128.4ns 
156790     INFO  main            d.u.i.k.p.i.AbstractProblemLoader Creating init config 
159346     DEBUG main            d.u.i.k.p.i.AbstractProblemLoader Init config took 2.56s 
159383     INFO  main            d.u.i.k.p.i.AbstractProblemLoader Replaying proof Stack[Stack::$footprint()].JML accessible clause.0 
159409     DEBUG main            d.u.i.k.p.i.IntermediateProofReplayer Proof replay took 22.45ms 
159411     DEBUG main            d.u.i.k.p.r.p.TestFile    ... success: reloaded. 
159413     INFO  main            d.u.i.k.p.r.p.TestFile    Now processing file /home/runner/work/key/key/key.core/../key.ui/examples/heap/SmansEtAl/Stack_inv.key 
159414     INFO  main            d.u.i.k.p.i.AbstractProblemLoader Loading environment from /home/runner/work/key/key/key.core/../key.ui/examples/heap/SmansEtAl/Stack_inv.key 
159414     DEBUG main            d.u.i.k.p.i.AbstractProblemLoader Environment load took 101.2ns 
159416     INFO  main            d.u.i.k.p.i.AbstractProblemLoader Creating init config 
162037     DEBUG main            d.u.i.k.p.i.AbstractProblemLoader Init config took 2.62s 
162072     INFO  main            d.u.i.k.p.i.AbstractProblemLoader Replaying proof Stack[java.lang.Object::<inv>()].JML accessible clause.0 
162073     DEBUG main            d.u.i.k.p.i.IntermediateProofReplayer Proof replay took 8.5ns 
162175     INFO  main            d.u.i.k.p.r.p.TestFile    ... finished proof: closed. 
162455     INFO  main            d.u.i.k.p.i.AbstractProblemLoader Loading environment from /home/runner/work/key/key/key.core/../key.ui/examples/heap/SmansEtAl/Stack_inv.key.proof 
162455     DEBUG main            d.u.i.k.p.i.AbstractProblemLoader Environment load took 124.8ns 
162456     INFO  main            d.u.i.k.p.i.AbstractProblemLoader Creating init config 
164996     DEBUG main            d.u.i.k.p.i.AbstractProblemLoader Init config took 2.54s 
165031     INFO  main            d.u.i.k.p.i.AbstractProblemLoader Replaying proof Stack[java.lang.Object::<inv>()].JML accessible clause.0 
165041     DEBUG main            d.u.i.k.p.i.IntermediateProofReplayer Proof replay took 7.82ms 
165042     DEBUG main            d.u.i.k.p.r.p.TestFile    ... success: reloaded. 
165043     INFO  main            d.u.i.k.p.r.p.TestFile    Now processing file /home/runner/work/key/key/key.core/../key.ui/examples/heap/SmansEtAl/Stack_push.key 
165043     INFO  main            d.u.i.k.p.i.AbstractProblemLoader Loading environment from /home/runner/work/key/key/key.core/../key.ui/examples/heap/SmansEtAl/Stack_push.key 
165043     DEBUG main            d.u.i.k.p.i.AbstractProblemLoader Environment load took 189.5ns 
165044     INFO  main            d.u.i.k.p.i.AbstractProblemLoader Creating init config 
167635     DEBUG main            d.u.i.k.p.i.AbstractProblemLoader Init config took 2.59s 
167672     INFO  main            d.u.i.k.p.i.AbstractProblemLoader Replaying proof Stack[Stack::push(java.lang.Object)].JML normal_behavior operation contract.0 
167673     DEBUG main            d.u.i.k.p.i.IntermediateProofReplayer Proof replay took 7.9ns 
168377     INFO  main            d.u.i.k.p.r.p.TestFile    ... finished proof: closed. 
168668     INFO  main            d.u.i.k.p.i.AbstractProblemLoader Loading environment from /home/runner/work/key/key/key.core/../key.ui/examples/heap/SmansEtAl/Stack_push.key.proof 
168670     DEBUG main            d.u.i.k.p.i.AbstractProblemLoader Environment load took 1.31ms 
168672     INFO  main            d.u.i.k.p.i.AbstractProblemLoader Creating init config 
171203     DEBUG main            d.u.i.k.p.i.AbstractProblemLoader Init config took 2.53s 
171239     INFO  main            d.u.i.k.p.i.AbstractProblemLoader Replaying proof Stack[Stack::push(java.lang.Object)].JML normal_behavior operation contract.0 
171333     DEBUG main            d.u.i.k.p.i.IntermediateProofReplayer Proof replay took 90.24ms 
171334     DEBUG main            d.u.i.k.p.r.p.TestFile    ... success: reloaded. 
171336     INFO  main            d.u.i.k.p.r.p.TestFile    Now processing file /home/runner/work/key/key/key.core/../key.ui/examples/heap/SmansEtAl/Stack_size.key 
171336     INFO  main            d.u.i.k.p.i.AbstractProblemLoader Loading environment from /home/runner/work/key/key/key.core/../key.ui/examples/heap/SmansEtAl/Stack_size.key 
171336     DEBUG main            d.u.i.k.p.i.AbstractProblemLoader Environment load took 98.4ns 
171337     INFO  main            d.u.i.k.p.i.AbstractProblemLoader Creating init config 
173957     DEBUG main            d.u.i.k.p.i.AbstractProblemLoader Init config took 2.62s 
174011     INFO  main            d.u.i.k.p.i.AbstractProblemLoader Replaying proof Stack[Stack::size()].JML accessible clause.0 
174012     DEBUG main            d.u.i.k.p.i.IntermediateProofReplayer Proof replay took 7ns 
174214     INFO  main            d.u.i.k.p.r.p.TestFile    ... finished proof: closed. 
174517     INFO  main            d.u.i.k.p.i.AbstractProblemLoader Loading environment from /home/runner/work/key/key/key.core/../key.ui/examples/heap/SmansEtAl/Stack_size.key.proof 
174517     DEBUG main            d.u.i.k.p.i.AbstractProblemLoader Environment load took 115.4ns 
174518     INFO  main            d.u.i.k.p.i.AbstractProblemLoader Creating init config 
177068     DEBUG main            d.u.i.k.p.i.AbstractProblemLoader Init config took 2.55s 
177103     INFO  main            d.u.i.k.p.i.AbstractProblemLoader Replaying proof Stack[Stack::size()].JML accessible clause.0 
177136     DEBUG main            d.u.i.k.p.i.IntermediateProofReplayer Proof replay took 30.44ms 
177137     DEBUG main            d.u.i.k.p.r.p.TestFile    ... success: reloaded. 
177138     INFO  main            d.u.i.k.p.r.p.TestFile    Now processing file /home/runner/work/key/key/key.core/../key.ui/examples/heap/SmansEtAl/Stack_Stack.key 
177138     INFO  main            d.u.i.k.p.i.AbstractProblemLoader Loading environment from /home/runner/work/key/key/key.core/../key.ui/examples/heap/SmansEtAl/Stack_Stack.key 
177138     DEBUG main            d.u.i.k.p.i.AbstractProblemLoader Environment load took 107.7ns 
177139     INFO  main            d.u.i.k.p.i.AbstractProblemLoader Creating init config 
179797     DEBUG main            d.u.i.k.p.i.AbstractProblemLoader Init config took 2.66s 
179833     INFO  main            d.u.i.k.p.i.AbstractProblemLoader Replaying proof Stack[Stack::Stack()].JML normal_behavior operation contract.0 
179835     DEBUG main            d.u.i.k.p.i.IntermediateProofReplayer Proof replay took 8ns 
180942     INFO  main            d.u.i.k.p.r.p.TestFile    ... finished proof: closed. 
181263     INFO  main            d.u.i.k.p.i.AbstractProblemLoader Loading environment from /home/runner/work/key/key/key.core/../key.ui/examples/heap/SmansEtAl/Stack_Stack.key.proof 
181266     DEBUG main            d.u.i.k.p.i.AbstractProblemLoader Environment load took 3.05ms 
181268     INFO  main            d.u.i.k.p.i.AbstractProblemLoader Creating init config 
183797     DEBUG main            d.u.i.k.p.i.AbstractProblemLoader Init config took 2.53s 
183832     INFO  main            d.u.i.k.p.i.AbstractProblemLoader Replaying proof Stack[Stack::Stack()].JML normal_behavior operation contract.0 
184008     DEBUG main            d.u.i.k.p.i.IntermediateProofReplayer Proof replay took 168.64ms 
184013     DEBUG main            d.u.i.k.p.r.p.TestFile    ... success: reloaded. 
184015     INFO  main            d.u.i.k.p.r.p.TestFile    Now processing file /home/runner/work/key/key/key.core/../key.ui/examples/heap/SmansEtAl/Stack_switchContents.key 
184015     INFO  main            d.u.i.k.p.i.AbstractProblemLoader Loading environment from /home/runner/work/key/key/key.core/../key.ui/examples/heap/SmansEtAl/Stack_switchContents.key 
184015     DEBUG main            d.u.i.k.p.i.AbstractProblemLoader Environment load took 230.2ns 
184016     INFO  main            d.u.i.k.p.i.AbstractProblemLoader Creating init config 
186617     DEBUG main            d.u.i.k.p.i.AbstractProblemLoader Init config took 2.6s 
186656     INFO  main            d.u.i.k.p.i.AbstractProblemLoader Replaying proof Stack[Stack::switchContents(Stack)].JML normal_behavior operation contract.0 
186657     DEBUG main            d.u.i.k.p.i.IntermediateProofReplayer Proof replay took 7.5ns 
191192     INFO  main            d.u.i.k.p.r.p.TestFile    ... finished proof: closed. 
191531     INFO  main            d.u.i.k.p.i.AbstractProblemLoader Loading environment from /home/runner/work/key/key/key.core/../key.ui/examples/heap/SmansEtAl/Stack_switchContents.key.proof 
191532     DEBUG main            d.u.i.k.p.i.AbstractProblemLoader Environment load took 468.91ns 
191534     INFO  main            d.u.i.k.p.i.AbstractProblemLoader Creating init config 
194068     DEBUG main            d.u.i.k.p.i.AbstractProblemLoader Init config took 2.53s 
194104     INFO  main            d.u.i.k.p.i.AbstractProblemLoader Replaying proof Stack[Stack::switchContents(Stack)].JML normal_behavior operation contract.0 
194407     DEBUG main            d.u.i.k.p.i.IntermediateProofReplayer Proof replay took 287.07ms 
194410     DEBUG main            d.u.i.k.p.r.p.TestFile    ... success: reloaded. 
2059755    INFO  Test worker     d.u.i.k.p.r.p.StatisticsFile Returning from test SmansEtAl 
2059760    INFO  Test worker     d.u.i.k.p.r.p.StatisticsFile Running test VACID0 
337        INFO  Timeout watchdog d.u.i.k.p.r.p.ForkedTestFileRunner Timeout watcher launched (2000 secs.) 
352        WARN  main            d.u.i.k.s.ProofSettings   The settings in /home/runner/.key/proof-settings.props are *not* read. 
390        INFO  main            d.u.i.k.p.r.p.TestFile    Now processing file /home/runner/work/key/key/key.core/../key.ui/examples/heap/vacid0_01_SparseArray/Harness_sparseArrayTestHarness1.key 
506        INFO  main            d.u.i.k.p.i.AbstractProblemLoader Loading environment from /home/runner/work/key/key/key.core/../key.ui/examples/heap/vacid0_01_SparseArray/Harness_sparseArrayTestHarness1.key 
524        DEBUG main            d.u.i.k.p.i.AbstractProblemLoader Environment load took 2.4ms 
752        INFO  main            d.u.i.k.p.i.AbstractProblemLoader Creating init config 
1612       DEBUG main            d.u.i.k.j.TypeConverter   No LDT found for Meta 
1616       DEBUG main            d.u.i.k.j.TypeConverter   No LDT found for Meta 
1619       DEBUG main            d.u.i.k.j.TypeConverter   No LDT found for Meta 
1620       DEBUG main            d.u.i.k.j.TypeConverter   No LDT found for Meta 
2990       DEBUG main            d.u.i.k.j.TypeConverter   No LDT found for JavaBigintExpression 
8403       DEBUG main            d.u.i.k.p.i.AbstractProblemLoader Init config took 7.65s 
8582       INFO  main            d.u.i.k.p.i.AbstractProblemLoader Replaying proof Harness[Harness::sparseArrayTestHarness1()].JML normal_behavior operation contract.0 
8618       DEBUG main            d.u.i.k.p.i.IntermediateProofReplayer Proof replay took 36.9ns 
10057      INFO  main            d.u.i.k.p.r.p.TestFile    ... finished proof: closed. 
10293      INFO  main            d.u.i.k.p.i.AbstractProblemLoader Loading environment from /home/runner/work/key/key/key.core/../key.ui/examples/heap/vacid0_01_SparseArray/Harness_sparseArrayTestHarness1.key.proof 
10298      DEBUG main            d.u.i.k.p.i.AbstractProblemLoader Environment load took 5.59ms 
10301      INFO  main            d.u.i.k.p.i.AbstractProblemLoader Creating init config 
13505      DEBUG main            d.u.i.k.p.i.AbstractProblemLoader Init config took 3.2s 
13579      INFO  main            d.u.i.k.p.i.AbstractProblemLoader Replaying proof Harness[Harness::sparseArrayTestHarness1()].JML normal_behavior operation contract.0 
13733      DEBUG main            d.u.i.k.p.i.IntermediateProofReplayer Proof replay took 144.81ms 
13740      DEBUG main            d.u.i.k.p.r.p.TestFile    ... success: reloaded. 
13742      INFO  main            d.u.i.k.p.r.p.TestFile    Now processing file /home/runner/work/key/key/key.core/../key.ui/examples/heap/vacid0_01_SparseArray/Harness_sparseArrayTestHarness2.key 
13743      INFO  main            d.u.i.k.p.i.AbstractProblemLoader Loading environment from /home/runner/work/key/key/key.core/../key.ui/examples/heap/vacid0_01_SparseArray/Harness_sparseArrayTestHarness2.key 
13743      DEBUG main            d.u.i.k.p.i.AbstractProblemLoader Environment load took 365.4ns 
13745      INFO  main            d.u.i.k.p.i.AbstractProblemLoader Creating init config 
16742      DEBUG main            d.u.i.k.p.i.AbstractProblemLoader Init config took 3s 
16818      INFO  main            d.u.i.k.p.i.AbstractProblemLoader Replaying proof Harness[Harness::sparseArrayTestHarness2()].JML normal_behavior operation contract.0 
16824      DEBUG main            d.u.i.k.p.i.IntermediateProofReplayer Proof replay took 8ns 
28727      INFO  main            d.u.i.k.p.r.p.TestFile    ... finished proof: closed. 
28966      INFO  main            d.u.i.k.p.i.AbstractProblemLoader Loading environment from /home/runner/work/key/key/key.core/../key.ui/examples/heap/vacid0_01_SparseArray/Harness_sparseArrayTestHarness2.key.proof 
28967      DEBUG main            d.u.i.k.p.i.AbstractProblemLoader Environment load took 754.61ns 
28974      INFO  main            d.u.i.k.p.i.AbstractProblemLoader Creating init config 
31828      DEBUG main            d.u.i.k.p.i.AbstractProblemLoader Init config took 2.85s 
31879      INFO  main            d.u.i.k.p.i.AbstractProblemLoader Replaying proof Harness[Harness::sparseArrayTestHarness2()].JML normal_behavior operation contract.0 
33001      DEBUG main            d.u.i.k.p.i.IntermediateProofReplayer Proof replay took 1.07s 
33004      DEBUG main            d.u.i.k.p.r.p.TestFile    ... success: reloaded. 
33006      INFO  main            d.u.i.k.p.r.p.TestFile    Now processing file /home/runner/work/key/key/key.core/../key.ui/examples/heap/vacid0_01_SparseArray/MemoryAllocator_alloc_unsigned.key 
33007      INFO  main            d.u.i.k.p.i.AbstractProblemLoader Loading environment from /home/runner/work/key/key/key.core/../key.ui/examples/heap/vacid0_01_SparseArray/MemoryAllocator_alloc_unsigned.key 
33007      DEBUG main            d.u.i.k.p.i.AbstractProblemLoader Environment load took 126.5ns 
33009      INFO  main            d.u.i.k.p.i.AbstractProblemLoader Creating init config 
35908      DEBUG main            d.u.i.k.p.i.AbstractProblemLoader Init config took 2.9s 
35955      INFO  main            d.u.i.k.p.i.AbstractProblemLoader Replaying proof MemoryAllocator[MemoryAllocator::alloc_unsigned(int)].JML normal_behavior operation contract.0 
35957      DEBUG main            d.u.i.k.p.i.IntermediateProofReplayer Proof replay took 6.4ns 
36867      INFO  main            d.u.i.k.p.r.p.TestFile    ... finished proof: closed. 
37041      INFO  main            d.u.i.k.p.i.AbstractProblemLoader Loading environment from /home/runner/work/key/key/key.core/../key.ui/examples/heap/vacid0_01_SparseArray/MemoryAllocator_alloc_unsigned.key.proof 
37041      DEBUG main            d.u.i.k.p.i.AbstractProblemLoader Environment load took 442.7ns 
37045      INFO  main            d.u.i.k.p.i.AbstractProblemLoader Creating init config 
39922      DEBUG main            d.u.i.k.p.i.AbstractProblemLoader Init config took 2.88s 
39965      INFO  main            d.u.i.k.p.i.AbstractProblemLoader Replaying proof MemoryAllocator[MemoryAllocator::alloc_unsigned(int)].JML normal_behavior operation contract.0 
40130      DEBUG main            d.u.i.k.p.i.IntermediateProofReplayer Proof replay took 159.03ms 
40131      DEBUG main            d.u.i.k.p.r.p.TestFile    ... success: reloaded. 
40133      INFO  main            d.u.i.k.p.r.p.TestFile    Now processing file /home/runner/work/key/key/key.core/../key.ui/examples/heap/vacid0_01_SparseArray/MemoryAllocator_alloc.key 
40133      INFO  main            d.u.i.k.p.i.AbstractProblemLoader Loading environment from /home/runner/work/key/key/key.core/../key.ui/examples/heap/vacid0_01_SparseArray/MemoryAllocator_alloc.key 
40134      DEBUG main            d.u.i.k.p.i.AbstractProblemLoader Environment load took 230.5ns 
40135      INFO  main            d.u.i.k.p.i.AbstractProblemLoader Creating init config 
42933      DEBUG main            d.u.i.k.p.i.AbstractProblemLoader Init config took 2.8s 
42982      INFO  main            d.u.i.k.p.i.AbstractProblemLoader Replaying proof MemoryAllocator[MemoryAllocator::alloc(int)].JML normal_behavior operation contract.0 
42984      DEBUG main            d.u.i.k.p.i.IntermediateProofReplayer Proof replay took 7.2ns 
43588      INFO  main            d.u.i.k.p.r.p.TestFile    ... finished proof: closed. 
43768      INFO  main            d.u.i.k.p.i.AbstractProblemLoader Loading environment from /home/runner/work/key/key/key.core/../key.ui/examples/heap/vacid0_01_SparseArray/MemoryAllocator_alloc.key.proof 
43768      DEBUG main            d.u.i.k.p.i.AbstractProblemLoader Environment load took 466.81ns 
43770      INFO  main            d.u.i.k.p.i.AbstractProblemLoader Creating init config 
46510      DEBUG main            d.u.i.k.p.i.AbstractProblemLoader Init config took 2.74s 
46553      INFO  main            d.u.i.k.p.i.AbstractProblemLoader Replaying proof MemoryAllocator[MemoryAllocator::alloc(int)].JML normal_behavior operation contract.0 
46658      DEBUG main            d.u.i.k.p.i.IntermediateProofReplayer Proof replay took 100.36ms 
46659      DEBUG main            d.u.i.k.p.r.p.TestFile    ... success: reloaded. 
46660      INFO  main            d.u.i.k.p.r.p.TestFile    Now processing file /home/runner/work/key/key/key.core/../key.ui/examples/heap/vacid0_01_SparseArray/SparseArray_get_dep.key 
46661      INFO  main            d.u.i.k.p.i.AbstractProblemLoader Loading environment from /home/runner/work/key/key/key.core/../key.ui/examples/heap/vacid0_01_SparseArray/SparseArray_get_dep.key 
46661      DEBUG main            d.u.i.k.p.i.AbstractProblemLoader Environment load took 110.6ns 
46662      INFO  main            d.u.i.k.p.i.AbstractProblemLoader Creating init config 
49432      DEBUG main            d.u.i.k.p.i.AbstractProblemLoader Init config took 2.77s 
49497      INFO  main            d.u.i.k.p.i.AbstractProblemLoader Replaying proof SparseArray[SparseArray::get(int)].JML accessible clause.0 
49500      DEBUG main            d.u.i.k.p.i.IntermediateProofReplayer Proof replay took 5.6ns 
51906      INFO  main            d.u.i.k.p.r.p.TestFile    ... finished proof: closed. 
52093      INFO  main            d.u.i.k.p.i.AbstractProblemLoader Loading environment from /home/runner/work/key/key/key.core/../key.ui/examples/heap/vacid0_01_SparseArray/SparseArray_get_dep.key.proof 
52094      DEBUG main            d.u.i.k.p.i.AbstractProblemLoader Environment load took 513ns 
52095      INFO  main            d.u.i.k.p.i.AbstractProblemLoader Creating init config 
54850      DEBUG main            d.u.i.k.p.i.AbstractProblemLoader Init config took 2.75s 
54921      INFO  main            d.u.i.k.p.i.AbstractProblemLoader Replaying proof SparseArray[SparseArray::get(int)].JML accessible clause.0 
55091      DEBUG main            d.u.i.k.p.i.IntermediateProofReplayer Proof replay took 159.98ms 
55092      DEBUG main            d.u.i.k.p.r.p.TestFile    ... success: reloaded. 
55094      INFO  main            d.u.i.k.p.r.p.TestFile    Now processing file /home/runner/work/key/key/key.core/../key.ui/examples/heap/vacid0_01_SparseArray/SparseArray_get.key 
55094      INFO  main            d.u.i.k.p.i.AbstractProblemLoader Loading environment from /home/runner/work/key/key/key.core/../key.ui/examples/heap/vacid0_01_SparseArray/SparseArray_get.key 
55094      DEBUG main            d.u.i.k.p.i.AbstractProblemLoader Environment load took 236.3ns 
55095      INFO  main            d.u.i.k.p.i.AbstractProblemLoader Creating init config 
57813      DEBUG main            d.u.i.k.p.i.AbstractProblemLoader Init config took 2.72s 
57873      INFO  main            d.u.i.k.p.i.AbstractProblemLoader Replaying proof SparseArray[SparseArray::get(int)].JML normal_behavior operation contract.0 
57875      DEBUG main            d.u.i.k.p.i.IntermediateProofReplayer Proof replay took 6.5ns 
60007      INFO  main            d.u.i.k.p.r.p.TestFile    ... finished proof: closed. 
60222      INFO  main            d.u.i.k.p.i.AbstractProblemLoader Loading environment from /home/runner/work/key/key/key.core/../key.ui/examples/heap/vacid0_01_SparseArray/SparseArray_get.key.proof 
60222      DEBUG main            d.u.i.k.p.i.AbstractProblemLoader Environment load took 579.11ns 
60224      INFO  main            d.u.i.k.p.i.AbstractProblemLoader Creating init config 
62951      DEBUG main            d.u.i.k.p.i.AbstractProblemLoader Init config took 2.73s 
63015      INFO  main            d.u.i.k.p.i.AbstractProblemLoader Replaying proof SparseArray[SparseArray::get(int)].JML normal_behavior operation contract.0 
63190      DEBUG main            d.u.i.k.p.i.IntermediateProofReplayer Proof replay took 167.19ms 
63192      DEBUG main            d.u.i.k.p.r.p.TestFile    ... success: reloaded. 
63194      INFO  main            d.u.i.k.p.r.p.TestFile    Now processing file /home/runner/work/key/key/key.core/../key.ui/examples/heap/vacid0_01_SparseArray/SparseArray_inv.key 
63194      INFO  main            d.u.i.k.p.i.AbstractProblemLoader Loading environment from /home/runner/work/key/key/key.core/../key.ui/examples/heap/vacid0_01_SparseArray/SparseArray_inv.key 
63194      DEBUG main            d.u.i.k.p.i.AbstractProblemLoader Environment load took 241.6ns 
63196      INFO  main            d.u.i.k.p.i.AbstractProblemLoader Creating init config 
65985      DEBUG main            d.u.i.k.p.i.AbstractProblemLoader Init config took 2.79s 
66044      INFO  main            d.u.i.k.p.i.AbstractProblemLoader Replaying proof SparseArray[java.lang.Object::<inv>()].JML accessible clause.0 
66046      DEBUG main            d.u.i.k.p.i.IntermediateProofReplayer Proof replay took 6.6ns 
67971      INFO  main            d.u.i.k.p.r.p.TestFile    ... finished proof: closed. 
68150      INFO  main            d.u.i.k.p.i.AbstractProblemLoader Loading environment from /home/runner/work/key/key/key.core/../key.ui/examples/heap/vacid0_01_SparseArray/SparseArray_inv.key.proof 
68150      DEBUG main            d.u.i.k.p.i.AbstractProblemLoader Environment load took 492.11ns 
68152      INFO  main            d.u.i.k.p.i.AbstractProblemLoader Creating init config 
70856      DEBUG main            d.u.i.k.p.i.AbstractProblemLoader Init config took 2.7s 
70913      INFO  main            d.u.i.k.p.i.AbstractProblemLoader Replaying proof SparseArray[java.lang.Object::<inv>()].JML accessible clause.0 
70979      DEBUG main            d.u.i.k.p.i.IntermediateProofReplayer Proof replay took 61.14ms 
70980      DEBUG main            d.u.i.k.p.r.p.TestFile    ... success: reloaded. 
70982      INFO  main            d.u.i.k.p.r.p.TestFile    Now processing file /home/runner/work/key/key/key.core/../key.ui/examples/heap/vacid0_01_SparseArray/SparseArray_SparseArray.key 
70982      INFO  main            d.u.i.k.p.i.AbstractProblemLoader Loading environment from /home/runner/work/key/key/key.core/../key.ui/examples/heap/vacid0_01_SparseArray/SparseArray_SparseArray.key 
70982      DEBUG main            d.u.i.k.p.i.AbstractProblemLoader Environment load took 113.2ns 
70983      INFO  main            d.u.i.k.p.i.AbstractProblemLoader Creating init config 
73728      DEBUG main            d.u.i.k.p.i.AbstractProblemLoader Init config took 2.75s 
73788      INFO  main            d.u.i.k.p.i.AbstractProblemLoader Replaying proof SparseArray[SparseArray::SparseArray(int)].JML normal_behavior operation contract.0 
73790      DEBUG main            d.u.i.k.p.i.IntermediateProofReplayer Proof replay took 22.6ns 
77202      INFO  main            d.u.i.k.p.r.p.TestFile    ... finished proof: closed. 
77416      INFO  main            d.u.i.k.p.i.AbstractProblemLoader Loading environment from /home/runner/work/key/key/key.core/../key.ui/examples/heap/vacid0_01_SparseArray/SparseArray_SparseArray.key.proof 
77416      DEBUG main            d.u.i.k.p.i.AbstractProblemLoader Environment load took 463.21ns 
77418      INFO  main            d.u.i.k.p.i.AbstractProblemLoader Creating init config 
80129      DEBUG main            d.u.i.k.p.i.AbstractProblemLoader Init config took 2.71s 
80194      INFO  main            d.u.i.k.p.i.AbstractProblemLoader Replaying proof SparseArray[SparseArray::SparseArray(int)].JML normal_behavior operation contract.0 
80479      DEBUG main            d.u.i.k.p.i.IntermediateProofReplayer Proof replay took 276.08ms 
80481      DEBUG main            d.u.i.k.p.r.p.TestFile    ... success: reloaded. 
2140422    INFO  Test worker     d.u.i.k.p.r.p.StatisticsFile Returning from test VACID0 
2140424    INFO  Test worker     d.u.i.k.p.r.p.StatisticsFile Running test VSTTE10 
358        INFO  Timeout watchdog d.u.i.k.p.r.p.ForkedTestFileRunner Timeout watcher launched (2000 secs.) 
374        WARN  main            d.u.i.k.s.ProofSettings   The settings in /home/runner/.key/proof-settings.props are *not* read. 
403        INFO  main            d.u.i.k.p.r.p.TestFile    Now processing file /home/runner/work/key/key/key.core/../key.ui/examples/heap/vstte10_01_SumAndMax/SumAndMax_sumAndMax.key 
518        INFO  main            d.u.i.k.p.i.AbstractProblemLoader Loading environment from /home/runner/work/key/key/key.core/../key.ui/examples/heap/vstte10_01_SumAndMax/SumAndMax_sumAndMax.key 
535        DEBUG main            d.u.i.k.p.i.AbstractProblemLoader Environment load took 2.08ms 
766        INFO  main            d.u.i.k.p.i.AbstractProblemLoader Creating init config 
1764       DEBUG main            d.u.i.k.j.TypeConverter   No LDT found for Meta 
1764       DEBUG main            d.u.i.k.j.TypeConverter   No LDT found for Meta 
1767       DEBUG main            d.u.i.k.j.TypeConverter   No LDT found for Meta 
1768       DEBUG main            d.u.i.k.j.TypeConverter   No LDT found for Meta 
3390       DEBUG main            d.u.i.k.j.TypeConverter   No LDT found for JavaBigintExpression 
8492       DEBUG main            d.u.i.k.p.i.AbstractProblemLoader Init config took 7.73s 
8623       INFO  main            d.u.i.k.p.i.AbstractProblemLoader Replaying proof SumAndMax[SumAndMax::sumAndMax([I)].JML normal_behavior operation contract.0 
8659       DEBUG main            d.u.i.k.p.i.IntermediateProofReplayer Proof replay took 37ns 
13839      INFO  main            d.u.i.k.p.r.p.TestFile    ... finished proof: closed. 
14019      INFO  main            d.u.i.k.p.i.AbstractProblemLoader Loading environment from /home/runner/work/key/key/key.core/../key.ui/examples/heap/vstte10_01_SumAndMax/SumAndMax_sumAndMax.key.proof 
14019      DEBUG main            d.u.i.k.p.i.AbstractProblemLoader Environment load took 253.9ns 
14021      INFO  main            d.u.i.k.p.i.AbstractProblemLoader Creating init config 
16917      DEBUG main            d.u.i.k.p.i.AbstractProblemLoader Init config took 2.9s 
16976      INFO  main            d.u.i.k.p.i.AbstractProblemLoader Replaying proof SumAndMax[SumAndMax::sumAndMax([I)].JML normal_behavior operation contract.0 
17489      DEBUG main            d.u.i.k.p.i.IntermediateProofReplayer Proof replay took 486.65ms 
17498      DEBUG main            d.u.i.k.p.r.p.TestFile    ... success: reloaded. 
17500      INFO  main            d.u.i.k.p.r.p.TestFile    Now processing file /home/runner/work/key/key/key.core/../key.ui/examples/heap/vstte10_03_LinkedList/Node_cons.key 
17501      INFO  main            d.u.i.k.p.i.AbstractProblemLoader Loading environment from /home/runner/work/key/key/key.core/../key.ui/examples/heap/vstte10_03_LinkedList/Node_cons.key 
17501      DEBUG main            d.u.i.k.p.i.AbstractProblemLoader Environment load took 269.9ns 
17503      INFO  main            d.u.i.k.p.i.AbstractProblemLoader Creating init config 
20290      DEBUG main            d.u.i.k.p.i.AbstractProblemLoader Init config took 2.79s 
20349      INFO  main            d.u.i.k.p.i.AbstractProblemLoader Replaying proof Node[Node::cons(int,Node)].JML normal_behavior operation contract.0 
20352      DEBUG main            d.u.i.k.p.i.IntermediateProofReplayer Proof replay took 6.4ns 
21962      INFO  main            d.u.i.k.p.r.p.TestFile    ... finished proof: closed. 
22120      INFO  main            d.u.i.k.p.i.AbstractProblemLoader Loading environment from /home/runner/work/key/key/key.core/../key.ui/examples/heap/vstte10_03_LinkedList/Node_cons.key.proof 
22122      DEBUG main            d.u.i.k.p.i.AbstractProblemLoader Environment load took 1.18ms 
22126      INFO  main            d.u.i.k.p.i.AbstractProblemLoader Creating init config 
24851      DEBUG main            d.u.i.k.p.i.AbstractProblemLoader Init config took 2.73s 
24915      INFO  main            d.u.i.k.p.i.AbstractProblemLoader Replaying proof Node[Node::cons(int,Node)].JML normal_behavior operation contract.0 
25122      DEBUG main            d.u.i.k.p.i.IntermediateProofReplayer Proof replay took 194.24ms 
25124      DEBUG main            d.u.i.k.p.r.p.TestFile    ... success: reloaded. 
25125      INFO  main            d.u.i.k.p.r.p.TestFile    Now processing file /home/runner/work/key/key/key.core/../key.ui/examples/heap/vstte10_03_LinkedList/Node_inv.key 
25125      INFO  main            d.u.i.k.p.i.AbstractProblemLoader Loading environment from /home/runner/work/key/key/key.core/../key.ui/examples/heap/vstte10_03_LinkedList/Node_inv.key 
25126      DEBUG main            d.u.i.k.p.i.AbstractProblemLoader Environment load took 229.7ns 
25127      INFO  main            d.u.i.k.p.i.AbstractProblemLoader Creating init config 
27782      DEBUG main            d.u.i.k.p.i.AbstractProblemLoader Init config took 2.65s 
27835      INFO  main            d.u.i.k.p.i.AbstractProblemLoader Replaying proof Node[java.lang.Object::<inv>()].JML accessible clause.0 
27838      DEBUG main            d.u.i.k.p.i.IntermediateProofReplayer Proof replay took 6.7ns 
28245      INFO  main            d.u.i.k.p.r.p.TestFile    ... finished proof: closed. 
28405      INFO  main            d.u.i.k.p.i.AbstractProblemLoader Loading environment from /home/runner/work/key/key/key.core/../key.ui/examples/heap/vstte10_03_LinkedList/Node_inv.key.proof 
28405      DEBUG main            d.u.i.k.p.i.AbstractProblemLoader Environment load took 479.2ns 
28409      INFO  main            d.u.i.k.p.i.AbstractProblemLoader Creating init config 
31076      DEBUG main            d.u.i.k.p.i.AbstractProblemLoader Init config took 2.67s 
31125      INFO  main            d.u.i.k.p.i.AbstractProblemLoader Replaying proof Node[java.lang.Object::<inv>()].JML accessible clause.0 
31151      DEBUG main            d.u.i.k.p.i.IntermediateProofReplayer Proof replay took 22.76ms 
31152      DEBUG main            d.u.i.k.p.r.p.TestFile    ... success: reloaded. 
31153      INFO  main            d.u.i.k.p.r.p.TestFile    Now processing file /home/runner/work/key/key/key.core/../key.ui/examples/heap/vstte10_03_LinkedList/Node_search.key 
31154      INFO  main            d.u.i.k.p.i.AbstractProblemLoader Loading environment from /home/runner/work/key/key/key.core/../key.ui/examples/heap/vstte10_03_LinkedList/Node_search.key 
31154      DEBUG main            d.u.i.k.p.i.AbstractProblemLoader Environment load took 136.6ns 
31155      INFO  main            d.u.i.k.p.i.AbstractProblemLoader Creating init config 
33849      DEBUG main            d.u.i.k.p.i.AbstractProblemLoader Init config took 2.69s 
33899      INFO  main            d.u.i.k.p.i.AbstractProblemLoader Replaying proof Node[Node::search()].JML normal_behavior operation contract.0 
33901      DEBUG main            d.u.i.k.p.i.IntermediateProofReplayer Proof replay took 7.2ns 
40145      INFO  main            d.u.i.k.p.r.p.TestFile    ... finished proof: closed. 
40408      INFO  main            d.u.i.k.p.i.AbstractProblemLoader Loading environment from /home/runner/work/key/key/key.core/../key.ui/examples/heap/vstte10_03_LinkedList/Node_search.key.proof 
40409      DEBUG main            d.u.i.k.p.i.AbstractProblemLoader Environment load took 270.4ns 
40412      INFO  main            d.u.i.k.p.i.AbstractProblemLoader Creating init config 
43007      DEBUG main            d.u.i.k.p.i.AbstractProblemLoader Init config took 2.6s 
43055      INFO  main            d.u.i.k.p.i.AbstractProblemLoader Replaying proof Node[Node::search()].JML normal_behavior operation contract.0 
43541      DEBUG main            d.u.i.k.p.i.IntermediateProofReplayer Proof replay took 441.93ms 
43544      DEBUG main            d.u.i.k.p.r.p.TestFile    ... success: reloaded. 
43546      INFO  main            d.u.i.k.p.r.p.TestFile    Now processing file /home/runner/work/key/key/key.core/../key.ui/examples/heap/vstte10_04_Queens/Queens_isConsistent.key 
43546      INFO  main            d.u.i.k.p.i.AbstractProblemLoader Loading environment from /home/runner/work/key/key/key.core/../key.ui/examples/heap/vstte10_04_Queens/Queens_isConsistent.key 
43546      DEBUG main            d.u.i.k.p.i.AbstractProblemLoader Environment load took 296.4ns 
43548      INFO  main            d.u.i.k.p.i.AbstractProblemLoader Creating init config 
46484      DEBUG main            d.u.i.k.p.i.AbstractProblemLoader Init config took 2.94s 
46526      INFO  main            d.u.i.k.p.i.AbstractProblemLoader Replaying proof Queens[Queens::isConsistent([I,int)].JML normal_behavior operation contract.0 
46528      DEBUG main            d.u.i.k.p.i.IntermediateProofReplayer Proof replay took 6.6ns 
48368      INFO  main            d.u.i.k.p.r.p.TestFile    ... finished proof: closed. 
48631      INFO  main            d.u.i.k.p.i.AbstractProblemLoader Loading environment from /home/runner/work/key/key/key.core/../key.ui/examples/heap/vstte10_04_Queens/Queens_isConsistent.key.proof 
48632      DEBUG main            d.u.i.k.p.i.AbstractProblemLoader Environment load took 473.91ns 
48633      INFO  main            d.u.i.k.p.i.AbstractProblemLoader Creating init config 
51316      DEBUG main            d.u.i.k.p.i.AbstractProblemLoader Init config took 2.68s 
51369      INFO  main            d.u.i.k.p.i.AbstractProblemLoader Replaying proof Queens[Queens::isConsistent([I,int)].JML normal_behavior operation contract.0 
51697      DEBUG main            d.u.i.k.p.i.IntermediateProofReplayer Proof replay took 313.32ms 
51698      DEBUG main            d.u.i.k.p.r.p.TestFile    ... success: reloaded. 
51699      INFO  main            d.u.i.k.p.r.p.TestFile    Now processing file /home/runner/work/key/key/key.core/../key.ui/examples/heap/vstte10_04_Queens/Queens_nQueens.key 
51700      INFO  main            d.u.i.k.p.i.AbstractProblemLoader Loading environment from /home/runner/work/key/key/key.core/../key.ui/examples/heap/vstte10_04_Queens/Queens_nQueens.key 
51701      DEBUG main            d.u.i.k.p.i.AbstractProblemLoader Environment load took 665.51ns 
51702      INFO  main            d.u.i.k.p.i.AbstractProblemLoader Creating init config 
54360      DEBUG main            d.u.i.k.p.i.AbstractProblemLoader Init config took 2.66s 
54412      INFO  main            d.u.i.k.p.i.AbstractProblemLoader Replaying proof Queens[Queens::nQueens(int)].JML normal_behavior operation contract.0 
54417      DEBUG main            d.u.i.k.p.i.IntermediateProofReplayer Proof replay took 7.4ns 
67219      INFO  main            d.u.i.k.p.r.p.TestFile    ... finished proof: closed. 
67525      INFO  main            d.u.i.k.p.i.AbstractProblemLoader Loading environment from /home/runner/work/key/key/key.core/../key.ui/examples/heap/vstte10_04_Queens/Queens_nQueens.key.proof 
67525      DEBUG main            d.u.i.k.p.i.AbstractProblemLoader Environment load took 490.61ns 
67527      INFO  main            d.u.i.k.p.i.AbstractProblemLoader Creating init config 
70166      DEBUG main            d.u.i.k.p.i.AbstractProblemLoader Init config took 2.64s 
70205      INFO  main            d.u.i.k.p.i.AbstractProblemLoader Replaying proof Queens[Queens::nQueens(int)].JML normal_behavior operation contract.0 
70592      DEBUG main            d.u.i.k.p.i.IntermediateProofReplayer Proof replay took 368.33ms 
70594      DEBUG main            d.u.i.k.p.r.p.TestFile    ... success: reloaded. 
70595      INFO  main            d.u.i.k.p.r.p.TestFile    Now processing file /home/runner/work/key/key/key.core/../key.ui/examples/heap/vstte10_05_Queue/AmortizedQueue_AmortizedQueue.key 
70596      INFO  main            d.u.i.k.p.i.AbstractProblemLoader Loading environment from /home/runner/work/key/key/key.core/../key.ui/examples/heap/vstte10_05_Queue/AmortizedQueue_AmortizedQueue.key 
70596      DEBUG main            d.u.i.k.p.i.AbstractProblemLoader Environment load took 123.5ns 
70597      INFO  main            d.u.i.k.p.i.AbstractProblemLoader Creating init config 
73309      DEBUG main            d.u.i.k.p.i.AbstractProblemLoader Init config took 2.71s 
73375      INFO  main            d.u.i.k.p.i.AbstractProblemLoader Replaying proof AmortizedQueue[AmortizedQueue::AmortizedQueue()].JML normal_behavior operation contract.0 
73377      DEBUG main            d.u.i.k.p.i.IntermediateProofReplayer Proof replay took 7.3ns 
74782      INFO  main            d.u.i.k.p.r.p.TestFile    ... finished proof: closed. 
74995      INFO  main            d.u.i.k.p.i.AbstractProblemLoader Loading environment from /home/runner/work/key/key/key.core/../key.ui/examples/heap/vstte10_05_Queue/AmortizedQueue_AmortizedQueue.key.proof 
74996      DEBUG main            d.u.i.k.p.i.AbstractProblemLoader Environment load took 578.41ns 
74997      INFO  main            d.u.i.k.p.i.AbstractProblemLoader Creating init config 
77644      DEBUG main            d.u.i.k.p.i.AbstractProblemLoader Init config took 2.65s 
77686      INFO  main            d.u.i.k.p.i.AbstractProblemLoader Replaying proof AmortizedQueue[AmortizedQueue::AmortizedQueue()].JML normal_behavior operation contract.0 
77889      DEBUG main            d.u.i.k.p.i.IntermediateProofReplayer Proof replay took 195.85ms 
77891      DEBUG main            d.u.i.k.p.r.p.TestFile    ... success: reloaded. 
77892      INFO  main            d.u.i.k.p.r.p.TestFile    Now processing file /home/runner/work/key/key/key.core/../key.ui/examples/heap/vstte10_05_Queue/AmortizedQueue_front.key 
77892      INFO  main            d.u.i.k.p.i.AbstractProblemLoader Loading environment from /home/runner/work/key/key/key.core/../key.ui/examples/heap/vstte10_05_Queue/AmortizedQueue_front.key 
77893      DEBUG main            d.u.i.k.p.i.AbstractProblemLoader Environment load took 267.1ns 
77894      INFO  main            d.u.i.k.p.i.AbstractProblemLoader Creating init config 
80674      DEBUG main            d.u.i.k.p.i.AbstractProblemLoader Init config took 2.78s 
80722      INFO  main            d.u.i.k.p.i.AbstractProblemLoader Replaying proof AmortizedQueue[AmortizedQueue::front()].JML normal_behavior operation contract.0 
80724      DEBUG main            d.u.i.k.p.i.IntermediateProofReplayer Proof replay took 7ns 
81227      INFO  main            d.u.i.k.p.r.p.TestFile    ... finished proof: closed. 
81447      INFO  main            d.u.i.k.p.i.AbstractProblemLoader Loading environment from /home/runner/work/key/key/key.core/../key.ui/examples/heap/vstte10_05_Queue/AmortizedQueue_front.key.proof 
81447      DEBUG main            d.u.i.k.p.i.AbstractProblemLoader Environment load took 522ns 
81449      INFO  main            d.u.i.k.p.i.AbstractProblemLoader Creating init config 
84065      DEBUG main            d.u.i.k.p.i.AbstractProblemLoader Init config took 2.62s 
84105      INFO  main            d.u.i.k.p.i.AbstractProblemLoader Replaying proof AmortizedQueue[AmortizedQueue::front()].JML normal_behavior operation contract.0 
84144      DEBUG main            d.u.i.k.p.i.IntermediateProofReplayer Proof replay took 35.27ms 
84145      DEBUG main            d.u.i.k.p.r.p.TestFile    ... success: reloaded. 
84147      INFO  main            d.u.i.k.p.r.p.TestFile    Now processing file /home/runner/work/key/key/key.core/../key.ui/examples/heap/vstte10_05_Queue/LinkedList_concat.key 
84147      INFO  main            d.u.i.k.p.i.AbstractProblemLoader Loading environment from /home/runner/work/key/key/key.core/../key.ui/examples/heap/vstte10_05_Queue/LinkedList_concat.key 
84148      DEBUG main            d.u.i.k.p.i.AbstractProblemLoader Environment load took 322.3ns 
84149      INFO  main            d.u.i.k.p.i.AbstractProblemLoader Creating init config 
86812      DEBUG main            d.u.i.k.p.i.AbstractProblemLoader Init config took 2.66s 
86858      INFO  main            d.u.i.k.p.i.AbstractProblemLoader Replaying proof LinkedList[LinkedList::concat(LinkedList)].JML normal_behavior operation contract.0 
86860      DEBUG main            d.u.i.k.p.i.IntermediateProofReplayer Proof replay took 7ns 
94841      INFO  main            d.u.i.k.p.r.p.TestFile    ... finished proof: closed. 
95116      INFO  main            d.u.i.k.p.i.AbstractProblemLoader Loading environment from /home/runner/work/key/key/key.core/../key.ui/examples/heap/vstte10_05_Queue/LinkedList_concat.key.proof 
95117      DEBUG main            d.u.i.k.p.i.AbstractProblemLoader Environment load took 517.41ns 
95119      INFO  main            d.u.i.k.p.i.AbstractProblemLoader Creating init config 
97728      DEBUG main            d.u.i.k.p.i.AbstractProblemLoader Init config took 2.61s 
97771      INFO  main            d.u.i.k.p.i.AbstractProblemLoader Replaying proof LinkedList[LinkedList::concat(LinkedList)].JML normal_behavior operation contract.0 
98272      DEBUG main            d.u.i.k.p.i.IntermediateProofReplayer Proof replay took 472.42ms 
98280      DEBUG main            d.u.i.k.p.r.p.TestFile    ... success: reloaded. 
98283      INFO  main            d.u.i.k.p.r.p.TestFile    Now processing file /home/runner/work/key/key/key.core/../key.ui/examples/heap/vstte10_05_Queue/LinkedList_cons.key 
98283      INFO  main            d.u.i.k.p.i.AbstractProblemLoader Loading environment from /home/runner/work/key/key/key.core/../key.ui/examples/heap/vstte10_05_Queue/LinkedList_cons.key 
98284      DEBUG main            d.u.i.k.p.i.AbstractProblemLoader Environment load took 258.7ns 
98285      INFO  main            d.u.i.k.p.i.AbstractProblemLoader Creating init config 
100998     DEBUG main            d.u.i.k.p.i.AbstractProblemLoader Init config took 2.71s 
101069     INFO  main            d.u.i.k.p.i.AbstractProblemLoader Replaying proof LinkedList[LinkedList::cons(int)].JML normal_behavior operation contract.0 
101072     DEBUG main            d.u.i.k.p.i.IntermediateProofReplayer Proof replay took 7.3ns 
103278     INFO  main            d.u.i.k.p.r.p.TestFile    ... finished proof: closed. 
103557     INFO  main            d.u.i.k.p.i.AbstractProblemLoader Loading environment from /home/runner/work/key/key/key.core/../key.ui/examples/heap/vstte10_05_Queue/LinkedList_cons.key.proof 
103557     DEBUG main            d.u.i.k.p.i.AbstractProblemLoader Environment load took 145.9ns 
103558     INFO  main            d.u.i.k.p.i.AbstractProblemLoader Creating init config 
106134     DEBUG main            d.u.i.k.p.i.AbstractProblemLoader Init config took 2.58s 
106188     INFO  main            d.u.i.k.p.i.AbstractProblemLoader Replaying proof LinkedList[LinkedList::cons(int)].JML normal_behavior operation contract.0 
106399     DEBUG main            d.u.i.k.p.i.IntermediateProofReplayer Proof replay took 201.31ms 
106401     DEBUG main            d.u.i.k.p.r.p.TestFile    ... success: reloaded. 
106406     INFO  main            d.u.i.k.p.r.p.TestFile    Now processing file /home/runner/work/key/key/key.core/../key.ui/examples/heap/vstte10_05_Queue/LinkedList_head.key 
106406     INFO  main            d.u.i.k.p.i.AbstractProblemLoader Loading environment from /home/runner/work/key/key/key.core/../key.ui/examples/heap/vstte10_05_Queue/LinkedList_head.key 
106407     DEBUG main            d.u.i.k.p.i.AbstractProblemLoader Environment load took 262.9ns 
106408     INFO  main            d.u.i.k.p.i.AbstractProblemLoader Creating init config 
109080     DEBUG main            d.u.i.k.p.i.AbstractProblemLoader Init config took 2.67s 
109122     INFO  main            d.u.i.k.p.i.AbstractProblemLoader Replaying proof LinkedList[LinkedList::head()].JML normal_behavior operation contract.0 
109123     DEBUG main            d.u.i.k.p.i.IntermediateProofReplayer Proof replay took 6ns 
109226     INFO  main            d.u.i.k.p.r.p.TestFile    ... finished proof: closed. 
109436     INFO  main            d.u.i.k.p.i.AbstractProblemLoader Loading environment from /home/runner/work/key/key/key.core/../key.ui/examples/heap/vstte10_05_Queue/LinkedList_head.key.proof 
109436     DEBUG main            d.u.i.k.p.i.AbstractProblemLoader Environment load took 123.3ns 
109437     INFO  main            d.u.i.k.p.i.AbstractProblemLoader Creating init config 
112079     DEBUG main            d.u.i.k.p.i.AbstractProblemLoader Init config took 2.64s 
112121     INFO  main            d.u.i.k.p.i.AbstractProblemLoader Replaying proof LinkedList[LinkedList::head()].JML normal_behavior operation contract.0 
112133     DEBUG main            d.u.i.k.p.i.IntermediateProofReplayer Proof replay took 10.23ms 
112134     DEBUG main            d.u.i.k.p.r.p.TestFile    ... success: reloaded. 
112136     INFO  main            d.u.i.k.p.r.p.TestFile    Now processing file /home/runner/work/key/key/key.core/../key.ui/examples/heap/vstte10_05_Queue/LinkedList_inv.key 
112136     INFO  main            d.u.i.k.p.i.AbstractProblemLoader Loading environment from /home/runner/work/key/key/key.core/../key.ui/examples/heap/vstte10_05_Queue/LinkedList_inv.key 
112136     DEBUG main            d.u.i.k.p.i.AbstractProblemLoader Environment load took 232.7ns 
112138     INFO  main            d.u.i.k.p.i.AbstractProblemLoader Creating init config 
114721     DEBUG main            d.u.i.k.p.i.AbstractProblemLoader Init config took 2.58s 
114762     INFO  main            d.u.i.k.p.i.AbstractProblemLoader Replaying proof LinkedList[java.lang.Object::<inv>()].JML accessible clause.0 
114764     DEBUG main            d.u.i.k.p.i.IntermediateProofReplayer Proof replay took 6.8ns 
115068     INFO  main            d.u.i.k.p.r.p.TestFile    ... finished proof: closed. 
115279     INFO  main            d.u.i.k.p.i.AbstractProblemLoader Loading environment from /home/runner/work/key/key/key.core/../key.ui/examples/heap/vstte10_05_Queue/LinkedList_inv.key.proof 
115279     DEBUG main            d.u.i.k.p.i.AbstractProblemLoader Environment load took 130.8ns 
115281     INFO  main            d.u.i.k.p.i.AbstractProblemLoader Creating init config 
117922     DEBUG main            d.u.i.k.p.i.AbstractProblemLoader Init config took 2.64s 
117963     INFO  main            d.u.i.k.p.i.AbstractProblemLoader Replaying proof LinkedList[java.lang.Object::<inv>()].JML accessible clause.0 
117983     DEBUG main            d.u.i.k.p.i.IntermediateProofReplayer Proof replay took 17.65ms 
117984     DEBUG main            d.u.i.k.p.r.p.TestFile    ... success: reloaded. 
117986     INFO  main            d.u.i.k.p.r.p.TestFile    Now processing file /home/runner/work/key/key/key.core/../key.ui/examples/heap/vstte10_05_Queue/LinkedList_length.key 
117986     INFO  main            d.u.i.k.p.i.AbstractProblemLoader Loading environment from /home/runner/work/key/key/key.core/../key.ui/examples/heap/vstte10_05_Queue/LinkedList_length.key 
117986     DEBUG main            d.u.i.k.p.i.AbstractProblemLoader Environment load took 222.8ns 
117987     INFO  main            d.u.i.k.p.i.AbstractProblemLoader Creating init config 
120629     DEBUG main            d.u.i.k.p.i.AbstractProblemLoader Init config took 2.64s 
120670     INFO  main            d.u.i.k.p.i.AbstractProblemLoader Replaying proof LinkedList[LinkedList::length()].JML normal_behavior operation contract.0 
120672     DEBUG main            d.u.i.k.p.i.IntermediateProofReplayer Proof replay took 7ns 
120775     INFO  main            d.u.i.k.p.r.p.TestFile    ... finished proof: closed. 
121004     INFO  main            d.u.i.k.p.i.AbstractProblemLoader Loading environment from /home/runner/work/key/key/key.core/../key.ui/examples/heap/vstte10_05_Queue/LinkedList_length.key.proof 
121004     DEBUG main            d.u.i.k.p.i.AbstractProblemLoader Environment load took 135.9ns 
121005     INFO  main            d.u.i.k.p.i.AbstractProblemLoader Creating init config 
123646     DEBUG main            d.u.i.k.p.i.AbstractProblemLoader Init config took 2.64s 
123686     INFO  main            d.u.i.k.p.i.AbstractProblemLoader Replaying proof LinkedList[LinkedList::length()].JML normal_behavior operation contract.0 
123698     DEBUG main            d.u.i.k.p.i.IntermediateProofReplayer Proof replay took 10.09ms 
123699     DEBUG main            d.u.i.k.p.r.p.TestFile    ... success: reloaded. 
123700     INFO  main            d.u.i.k.p.r.p.TestFile    Now processing file /home/runner/work/key/key/key.core/../key.ui/examples/heap/vstte10_05_Queue/LinkedList_LinkedList1.key 
123700     INFO  main            d.u.i.k.p.i.AbstractProblemLoader Loading environment from /home/runner/work/key/key/key.core/../key.ui/examples/heap/vstte10_05_Queue/LinkedList_LinkedList1.key 
123700     DEBUG main            d.u.i.k.p.i.AbstractProblemLoader Environment load took 125.6ns 
123701     INFO  main            d.u.i.k.p.i.AbstractProblemLoader Creating init config 
126305     DEBUG main            d.u.i.k.p.i.AbstractProblemLoader Init config took 2.6s 
126350     INFO  main            d.u.i.k.p.i.AbstractProblemLoader Replaying proof LinkedList[LinkedList::LinkedList(int,LinkedList)].JML normal_behavior operation contract.0 
126352     DEBUG main            d.u.i.k.p.i.IntermediateProofReplayer Proof replay took 7.5ns 
128290     INFO  main            d.u.i.k.p.r.p.TestFile    ... finished proof: closed. 
128541     INFO  main            d.u.i.k.p.i.AbstractProblemLoader Loading environment from /home/runner/work/key/key/key.core/../key.ui/examples/heap/vstte10_05_Queue/LinkedList_LinkedList1.key.proof 
128543     DEBUG main            d.u.i.k.p.i.AbstractProblemLoader Environment load took 1.94ms 
128544     INFO  main            d.u.i.k.p.i.AbstractProblemLoader Creating init config 
131166     DEBUG main            d.u.i.k.p.i.AbstractProblemLoader Init config took 2.62s 
131208     INFO  main            d.u.i.k.p.i.AbstractProblemLoader Replaying proof LinkedList[LinkedList::LinkedList(int,LinkedList)].JML normal_behavior operation contract.0 
131382     DEBUG main            d.u.i.k.p.i.IntermediateProofReplayer Proof replay took 167.63ms 
131384     DEBUG main            d.u.i.k.p.r.p.TestFile    ... success: reloaded. 
131385     INFO  main            d.u.i.k.p.r.p.TestFile    Now processing file /home/runner/work/key/key/key.core/../key.ui/examples/heap/vstte10_05_Queue/LinkedList_LinkedList2.key 
131386     INFO  main            d.u.i.k.p.i.AbstractProblemLoader Loading environment from /home/runner/work/key/key/key.core/../key.ui/examples/heap/vstte10_05_Queue/LinkedList_LinkedList2.key 
131386     DEBUG main            d.u.i.k.p.i.AbstractProblemLoader Environment load took 277.4ns 
131387     INFO  main            d.u.i.k.p.i.AbstractProblemLoader Creating init config 
134078     DEBUG main            d.u.i.k.p.i.AbstractProblemLoader Init config took 2.69s 
134120     INFO  main            d.u.i.k.p.i.AbstractProblemLoader Replaying proof LinkedList[LinkedList::LinkedList(int,LinkedList)].JML normal_behavior operation contract.0 
134122     DEBUG main            d.u.i.k.p.i.IntermediateProofReplayer Proof replay took 7.9ns 
136031     INFO  main            d.u.i.k.p.r.p.TestFile    ... finished proof: closed. 
136277     INFO  main            d.u.i.k.p.i.AbstractProblemLoader Loading environment from /home/runner/work/key/key/key.core/../key.ui/examples/heap/vstte10_05_Queue/LinkedList_LinkedList2.key.proof 
136278     DEBUG main            d.u.i.k.p.i.AbstractProblemLoader Environment load took 594.01ns 
136280     INFO  main            d.u.i.k.p.i.AbstractProblemLoader Creating init config 
138868     DEBUG main            d.u.i.k.p.i.AbstractProblemLoader Init config took 2.59s 
138910     INFO  main            d.u.i.k.p.i.AbstractProblemLoader Replaying proof LinkedList[LinkedList::LinkedList(int,LinkedList)].JML normal_behavior operation contract.0 
139093     DEBUG main            d.u.i.k.p.i.IntermediateProofReplayer Proof replay took 176.53ms 
139094     DEBUG main            d.u.i.k.p.r.p.TestFile    ... success: reloaded. 
139096     INFO  main            d.u.i.k.p.r.p.TestFile    Now processing file /home/runner/work/key/key/key.core/../key.ui/examples/heap/vstte10_05_Queue/LinkedList_LinkedList3.key 
139096     INFO  main            d.u.i.k.p.i.AbstractProblemLoader Loading environment from /home/runner/work/key/key/key.core/../key.ui/examples/heap/vstte10_05_Queue/LinkedList_LinkedList3.key 
139096     DEBUG main            d.u.i.k.p.i.AbstractProblemLoader Environment load took 91.1ns 
139097     INFO  main            d.u.i.k.p.i.AbstractProblemLoader Creating init config 
141769     DEBUG main            d.u.i.k.p.i.AbstractProblemLoader Init config took 2.67s 
141809     INFO  main            d.u.i.k.p.i.AbstractProblemLoader Replaying proof LinkedList[LinkedList::LinkedList(int,LinkedList)].JML normal_behavior operation contract.0 
141811     DEBUG main            d.u.i.k.p.i.IntermediateProofReplayer Proof replay took 6.6ns 
155501     INFO  main            d.u.i.k.p.r.p.TestFile    ... finished proof: closed. 
155861     INFO  main            d.u.i.k.p.i.AbstractProblemLoader Loading environment from /home/runner/work/key/key/key.core/../key.ui/examples/heap/vstte10_05_Queue/LinkedList_LinkedList3.key.proof 
155861     DEBUG main            d.u.i.k.p.i.AbstractProblemLoader Environment load took 153.7ns 
155867     INFO  main            d.u.i.k.p.i.AbstractProblemLoader Creating init config 
158441     DEBUG main            d.u.i.k.p.i.AbstractProblemLoader Init config took 2.57s 
158484     INFO  main            d.u.i.k.p.i.AbstractProblemLoader Replaying proof LinkedList[LinkedList::LinkedList(int,LinkedList)].JML normal_behavior operation contract.0 
159479     DEBUG main            d.u.i.k.p.i.IntermediateProofReplayer Proof replay took 911.33ms 
159485     DEBUG main            d.u.i.k.p.r.p.TestFile    ... success: reloaded. 
159486     INFO  main            d.u.i.k.p.r.p.TestFile    Now processing file /home/runner/work/key/key/key.core/../key.ui/examples/heap/vstte10_05_Queue/LinkedList_reverse.key 
159487     INFO  main            d.u.i.k.p.i.AbstractProblemLoader Loading environment from /home/runner/work/key/key/key.core/../key.ui/examples/heap/vstte10_05_Queue/LinkedList_reverse.key 
159487     DEBUG main            d.u.i.k.p.i.AbstractProblemLoader Environment load took 106.6ns 
159488     INFO  main            d.u.i.k.p.i.AbstractProblemLoader Creating init config 
162291     DEBUG main            d.u.i.k.p.i.AbstractProblemLoader Init config took 2.8s 
162334     INFO  main            d.u.i.k.p.i.AbstractProblemLoader Replaying proof LinkedList[LinkedList::reverse()].JML normal_behavior operation contract.0 
162336     DEBUG main            d.u.i.k.p.i.IntermediateProofReplayer Proof replay took 7.5ns 
171294     INFO  main            d.u.i.k.p.r.p.TestFile    ... finished proof: closed. 
171626     INFO  main            d.u.i.k.p.i.AbstractProblemLoader Loading environment from /home/runner/work/key/key/key.core/../key.ui/examples/heap/vstte10_05_Queue/LinkedList_reverse.key.proof 
171633     DEBUG main            d.u.i.k.p.i.AbstractProblemLoader Environment load took 7.64ms 
171636     INFO  main            d.u.i.k.p.i.AbstractProblemLoader Creating init config 
174269     DEBUG main            d.u.i.k.p.i.AbstractProblemLoader Init config took 2.63s 
174309     INFO  main            d.u.i.k.p.i.AbstractProblemLoader Replaying proof LinkedList[LinkedList::reverse()].JML normal_behavior operation contract.0 
174818     DEBUG main            d.u.i.k.p.i.IntermediateProofReplayer Proof replay took 481.51ms 
174821     DEBUG main            d.u.i.k.p.r.p.TestFile    ... success: reloaded. 
174822     INFO  main            d.u.i.k.p.r.p.TestFile    Now processing file /home/runner/work/key/key/key.core/../key.ui/examples/heap/vstte10_05_Queue/LinkedList_tail.key 
174822     INFO  main            d.u.i.k.p.i.AbstractProblemLoader Loading environment from /home/runner/work/key/key/key.core/../key.ui/examples/heap/vstte10_05_Queue/LinkedList_tail.key 
174822     DEBUG main            d.u.i.k.p.i.AbstractProblemLoader Environment load took 92.8ns 
174823     INFO  main            d.u.i.k.p.i.AbstractProblemLoader Creating init config 
177497     DEBUG main            d.u.i.k.p.i.AbstractProblemLoader Init config took 2.67s 
177537     INFO  main            d.u.i.k.p.i.AbstractProblemLoader Replaying proof LinkedList[LinkedList::tail()].JML normal_behavior operation contract.0 
177539     DEBUG main            d.u.i.k.p.i.IntermediateProofReplayer Proof replay took 47ns 
178066     INFO  main            d.u.i.k.p.r.p.TestFile    ... finished proof: closed. 
178325     INFO  main            d.u.i.k.p.i.AbstractProblemLoader Loading environment from /home/runner/work/key/key/key.core/../key.ui/examples/heap/vstte10_05_Queue/LinkedList_tail.key.proof 
178325     DEBUG main            d.u.i.k.p.i.AbstractProblemLoader Environment load took 486.31ns 
178326     INFO  main            d.u.i.k.p.i.AbstractProblemLoader Creating init config 
180888     DEBUG main            d.u.i.k.p.i.AbstractProblemLoader Init config took 2.56s 
180930     INFO  main            d.u.i.k.p.i.AbstractProblemLoader Replaying proof LinkedList[LinkedList::tail()].JML normal_behavior operation contract.0 
181003     DEBUG main            d.u.i.k.p.i.IntermediateProofReplayer Proof replay took 69.42ms 
181004     DEBUG main            d.u.i.k.p.r.p.TestFile    ... success: reloaded. 
2321599    INFO  Test worker     d.u.i.k.p.r.p.StatisticsFile Returning from test VSTTE10 
2321601    INFO  Test worker     d.u.i.k.p.r.p.StatisticsFile Running test WeideEtAl 
358        INFO  Timeout watchdog d.u.i.k.p.r.p.ForkedTestFileRunner Timeout watcher launched (2000 secs.) 
364        WARN  main            d.u.i.k.s.ProofSettings   The settings in /home/runner/.key/proof-settings.props are *not* read. 
418        INFO  main            d.u.i.k.p.r.p.TestFile    Now processing file /home/runner/work/key/key/key.core/../key.ui/examples/heap/WeideEtAl_01_AddAndMultiply/AddAndMultiply_add.key 
533        INFO  main            d.u.i.k.p.i.AbstractProblemLoader Loading environment from /home/runner/work/key/key/key.core/../key.ui/examples/heap/WeideEtAl_01_AddAndMultiply/AddAndMultiply_add.key 
555        DEBUG main            d.u.i.k.p.i.AbstractProblemLoader Environment load took 2.41ms 
783        INFO  main            d.u.i.k.p.i.AbstractProblemLoader Creating init config 
1679       DEBUG main            d.u.i.k.j.TypeConverter   No LDT found for Meta 
1681       DEBUG main            d.u.i.k.j.TypeConverter   No LDT found for Meta 
1682       DEBUG main            d.u.i.k.j.TypeConverter   No LDT found for Meta 
1684       DEBUG main            d.u.i.k.j.TypeConverter   No LDT found for Meta 
3063       DEBUG main            d.u.i.k.j.TypeConverter   No LDT found for JavaBigintExpression 
8170       DEBUG main            d.u.i.k.p.i.AbstractProblemLoader Init config took 7.39s 
8299       INFO  main            d.u.i.k.p.i.AbstractProblemLoader Replaying proof AddAndMultiply[AddAndMultiply::add(int,int)].JML normal_behavior operation contract.0 
8334       DEBUG main            d.u.i.k.p.i.IntermediateProofReplayer Proof replay took 37.1ns 
9878       INFO  main            d.u.i.k.p.r.p.TestFile    ... finished proof: closed. 
10026      INFO  main            d.u.i.k.p.i.AbstractProblemLoader Loading environment from /home/runner/work/key/key/key.core/../key.ui/examples/heap/WeideEtAl_01_AddAndMultiply/AddAndMultiply_add.key.proof 
10026      DEBUG main            d.u.i.k.p.i.AbstractProblemLoader Environment load took 245.8ns 
10028      INFO  main            d.u.i.k.p.i.AbstractProblemLoader Creating init config 
12927      DEBUG main            d.u.i.k.p.i.AbstractProblemLoader Init config took 2.9s 
13002      INFO  main            d.u.i.k.p.i.AbstractProblemLoader Replaying proof AddAndMultiply[AddAndMultiply::add(int,int)].JML normal_behavior operation contract.0 
13254      DEBUG main            d.u.i.k.p.i.IntermediateProofReplayer Proof replay took 227.63ms 
13263      DEBUG main            d.u.i.k.p.r.p.TestFile    ... success: reloaded. 
13266      INFO  main            d.u.i.k.p.r.p.TestFile    Now processing file /home/runner/work/key/key/key.core/../key.ui/examples/heap/WeideEtAl_01_AddAndMultiply/AddAndMultiply_mul.key 
13267      INFO  main            d.u.i.k.p.i.AbstractProblemLoader Loading environment from /home/runner/work/key/key/key.core/../key.ui/examples/heap/WeideEtAl_01_AddAndMultiply/AddAndMultiply_mul.key 
13267      DEBUG main            d.u.i.k.p.i.AbstractProblemLoader Environment load took 319.7ns 
13271      INFO  main            d.u.i.k.p.i.AbstractProblemLoader Creating init config 
16100      DEBUG main            d.u.i.k.p.i.AbstractProblemLoader Init config took 2.83s 
16157      INFO  main            d.u.i.k.p.i.AbstractProblemLoader Replaying proof AddAndMultiply[AddAndMultiply::mul(int,int)].JML normal_behavior operation contract.0 
16160      DEBUG main            d.u.i.k.p.i.IntermediateProofReplayer Proof replay took 7.5ns 
16664      INFO  main            d.u.i.k.p.r.p.TestFile    ... finished proof: closed. 
16826      INFO  main            d.u.i.k.p.i.AbstractProblemLoader Loading environment from /home/runner/work/key/key/key.core/../key.ui/examples/heap/WeideEtAl_01_AddAndMultiply/AddAndMultiply_mul.key.proof 
16827      DEBUG main            d.u.i.k.p.i.AbstractProblemLoader Environment load took 1.12ms 
16828      INFO  main            d.u.i.k.p.i.AbstractProblemLoader Creating init config 
19468      DEBUG main            d.u.i.k.p.i.AbstractProblemLoader Init config took 2.64s 
19536      INFO  main            d.u.i.k.p.i.AbstractProblemLoader Replaying proof AddAndMultiply[AddAndMultiply::mul(int,int)].JML normal_behavior operation contract.0 
19643      DEBUG main            d.u.i.k.p.i.IntermediateProofReplayer Proof replay took 100.96ms 
19644      DEBUG main            d.u.i.k.p.r.p.TestFile    ... success: reloaded. 
19646      INFO  main            d.u.i.k.p.r.p.TestFile    Now processing file /home/runner/work/key/key/key.core/../key.ui/examples/heap/WeideEtAl_02_BinarySearch/BinarySearch_search.key 
19646      INFO  main            d.u.i.k.p.i.AbstractProblemLoader Loading environment from /home/runner/work/key/key/key.core/../key.ui/examples/heap/WeideEtAl_02_BinarySearch/BinarySearch_search.key 
19647      DEBUG main            d.u.i.k.p.i.AbstractProblemLoader Environment load took 235.2ns 
19648      INFO  main            d.u.i.k.p.i.AbstractProblemLoader Creating init config 
22376      DEBUG main            d.u.i.k.p.i.AbstractProblemLoader Init config took 2.73s 
22424      INFO  main            d.u.i.k.p.i.AbstractProblemLoader Replaying proof BinarySearch[BinarySearch::search([I,int)].JML normal_behavior operation contract.0 
22428      DEBUG main            d.u.i.k.p.i.IntermediateProofReplayer Proof replay took 6.7ns 
26003      INFO  main            d.u.i.k.p.r.p.TestFile    ... finished proof: closed. 
26182      INFO  main            d.u.i.k.p.i.AbstractProblemLoader Loading environment from /home/runner/work/key/key/key.core/../key.ui/examples/heap/WeideEtAl_02_BinarySearch/BinarySearch_search.key.proof 
26183      DEBUG main            d.u.i.k.p.i.AbstractProblemLoader Environment load took 487.5ns 
26185      INFO  main            d.u.i.k.p.i.AbstractProblemLoader Creating init config 
28817      DEBUG main            d.u.i.k.p.i.AbstractProblemLoader Init config took 2.63s 
28871      INFO  main            d.u.i.k.p.i.AbstractProblemLoader Replaying proof BinarySearch[BinarySearch::search([I,int)].JML normal_behavior operation contract.0 
29285      DEBUG main            d.u.i.k.p.i.IntermediateProofReplayer Proof replay took 380.91ms 
29286      DEBUG main            d.u.i.k.p.r.p.TestFile    ... success: reloaded. 
2351071    INFO  Test worker     d.u.i.k.p.r.p.StatisticsFile Returning from test WeideEtAl 
2351073    INFO  Test worker     d.u.i.k.p.r.p.StatisticsFile Running test arithmetic 
388        INFO  Timeout watchdog d.u.i.k.p.r.p.ForkedTestFileRunner Timeout watcher launched (2000 secs.) 
401        WARN  main            d.u.i.k.s.ProofSettings   The settings in /home/runner/.key/proof-settings.props are *not* read. 
435        INFO  main            d.u.i.k.p.r.p.TestFile    Now processing file /home/runner/work/key/key/key.core/../key.ui/examples/standard_key/arith/binomial1.key 
567        INFO  main            d.u.i.k.p.i.AbstractProblemLoader Loading environment from /home/runner/work/key/key/key.core/../key.ui/examples/standard_key/arith/binomial1.key 
587        DEBUG main            d.u.i.k.p.i.AbstractProblemLoader Environment load took 2.11ms 
836        INFO  main            d.u.i.k.p.i.AbstractProblemLoader Creating init config 
1722       DEBUG main            d.u.i.k.j.TypeConverter   No LDT found for Meta 
1723       DEBUG main            d.u.i.k.j.TypeConverter   No LDT found for Meta 
1725       DEBUG main            d.u.i.k.j.TypeConverter   No LDT found for Meta 
1725       DEBUG main            d.u.i.k.j.TypeConverter   No LDT found for Meta 
3254       DEBUG main            d.u.i.k.j.TypeConverter   No LDT found for JavaBigintExpression 
8093       DEBUG main            d.u.i.k.p.i.AbstractProblemLoader Init config took 7.26s 
8159       INFO  main            d.u.i.k.p.i.AbstractProblemLoader Replaying proof binomial1.key 
8193       DEBUG main            d.u.i.k.p.i.IntermediateProofReplayer Proof replay took 37.1ns 
8574       INFO  main            d.u.i.k.p.r.p.TestFile    ... finished proof: closed. 
8685       INFO  main            d.u.i.k.p.i.AbstractProblemLoader Loading environment from /home/runner/work/key/key/key.core/../key.ui/examples/standard_key/arith/binomial1.key.proof 
8685       DEBUG main            d.u.i.k.p.i.AbstractProblemLoader Environment load took 173.5ns 
8692       INFO  main            d.u.i.k.p.i.AbstractProblemLoader Creating init config 
11394      DEBUG main            d.u.i.k.p.i.AbstractProblemLoader Init config took 2.7s 
11433      INFO  main            d.u.i.k.p.i.AbstractProblemLoader Replaying proof binomial1.key.proof 
11458      DEBUG main            d.u.i.k.p.i.IntermediateProofReplayer Proof replay took 16.64ms 
11472      DEBUG main            d.u.i.k.p.r.p.TestFile    ... success: reloaded. 
11477      INFO  main            d.u.i.k.p.r.p.TestFile    Now processing file /home/runner/work/key/key/key.core/../key.ui/examples/standard_key/arith/binomial2.key 
11478      INFO  main            d.u.i.k.p.i.AbstractProblemLoader Loading environment from /home/runner/work/key/key/key.core/../key.ui/examples/standard_key/arith/binomial2.key 
11478      DEBUG main            d.u.i.k.p.i.AbstractProblemLoader Environment load took 155.5ns 
11484      INFO  main            d.u.i.k.p.i.AbstractProblemLoader Creating init config 
14078      DEBUG main            d.u.i.k.p.i.AbstractProblemLoader Init config took 2.59s 
14109      INFO  main            d.u.i.k.p.i.AbstractProblemLoader Replaying proof binomial2.key 
14113      DEBUG main            d.u.i.k.p.i.IntermediateProofReplayer Proof replay took 7.9ns 
14216      INFO  main            d.u.i.k.p.r.p.TestFile    ... finished proof: closed. 
14345      INFO  main            d.u.i.k.p.i.AbstractProblemLoader Loading environment from /home/runner/work/key/key/key.core/../key.ui/examples/standard_key/arith/binomial2.key.proof 
14346      DEBUG main            d.u.i.k.p.i.AbstractProblemLoader Environment load took 869.51ns 
14349      INFO  main            d.u.i.k.p.i.AbstractProblemLoader Creating init config 
16854      DEBUG main            d.u.i.k.p.i.AbstractProblemLoader Init config took 2.5s 
16879      INFO  main            d.u.i.k.p.i.AbstractProblemLoader Replaying proof binomial2.key.proof 
16888      DEBUG main            d.u.i.k.p.i.IntermediateProofReplayer Proof replay took 6.41ms 
16890      DEBUG main            d.u.i.k.p.r.p.TestFile    ... success: reloaded. 
16891      INFO  main            d.u.i.k.p.r.p.TestFile    Now processing file /home/runner/work/key/key/key.core/../key.ui/examples/standard_key/arith/check_jdiv.key 
16892      INFO  main            d.u.i.k.p.i.AbstractProblemLoader Loading environment from /home/runner/work/key/key/key.core/../key.ui/examples/standard_key/arith/check_jdiv.key 
16892      DEBUG main            d.u.i.k.p.i.AbstractProblemLoader Environment load took 260.2ns 
16894      INFO  main            d.u.i.k.p.i.AbstractProblemLoader Creating init config 
19391      DEBUG main            d.u.i.k.p.i.AbstractProblemLoader Init config took 2.5s 
19415      INFO  main            d.u.i.k.p.i.AbstractProblemLoader Replaying proof check_jdiv.key 
19419      DEBUG main            d.u.i.k.p.i.IntermediateProofReplayer Proof replay took 7.5ns 
24652      INFO  main            d.u.i.k.p.r.p.TestFile    ... finished proof: closed. 
24867      INFO  main            d.u.i.k.p.i.AbstractProblemLoader Loading environment from /home/runner/work/key/key/key.core/../key.ui/examples/standard_key/arith/check_jdiv.key.proof 
24867      DEBUG main            d.u.i.k.p.i.AbstractProblemLoader Environment load took 519.11ns 
24873      INFO  main            d.u.i.k.p.i.AbstractProblemLoader Creating init config 
27317      DEBUG main            d.u.i.k.p.i.AbstractProblemLoader Init config took 2.44s 
27338      INFO  main            d.u.i.k.p.i.AbstractProblemLoader Replaying proof check_jdiv.key.proof 
27618      DEBUG main            d.u.i.k.p.i.IntermediateProofReplayer Proof replay took 243.46ms 
27621      DEBUG main            d.u.i.k.p.r.p.TestFile    ... success: reloaded. 
27622      INFO  main            d.u.i.k.p.r.p.TestFile    Now processing file /home/runner/work/key/key/key.core/../key.ui/examples/standard_key/arith/check_jdiv_concrete.key 
27623      INFO  main            d.u.i.k.p.i.AbstractProblemLoader Loading environment from /home/runner/work/key/key/key.core/../key.ui/examples/standard_key/arith/check_jdiv_concrete.key 
27623      DEBUG main            d.u.i.k.p.i.AbstractProblemLoader Environment load took 237.3ns 
27625      INFO  main            d.u.i.k.p.i.AbstractProblemLoader Creating init config 
30084      DEBUG main            d.u.i.k.p.i.AbstractProblemLoader Init config took 2.46s 
30119      INFO  main            d.u.i.k.p.i.AbstractProblemLoader Replaying proof check_jdiv_concrete.key 
30123      DEBUG main            d.u.i.k.p.i.IntermediateProofReplayer Proof replay took 8.4ns 
30227      INFO  main            d.u.i.k.p.r.p.TestFile    ... finished proof: closed. 
30437      INFO  main            d.u.i.k.p.i.AbstractProblemLoader Loading environment from /home/runner/work/key/key/key.core/../key.ui/examples/standard_key/arith/check_jdiv_concrete.key.proof 
30437      DEBUG main            d.u.i.k.p.i.AbstractProblemLoader Environment load took 143.5ns 
30438      INFO  main            d.u.i.k.p.i.AbstractProblemLoader Creating init config 
32812      DEBUG main            d.u.i.k.p.i.AbstractProblemLoader Init config took 2.37s 
32837      INFO  main            d.u.i.k.p.i.AbstractProblemLoader Replaying proof check_jdiv_concrete.key.proof 
32843      DEBUG main            d.u.i.k.p.i.IntermediateProofReplayer Proof replay took 2.32ms 
32845      DEBUG main            d.u.i.k.p.r.p.TestFile    ... success: reloaded. 
32846      INFO  main            d.u.i.k.p.r.p.TestFile    Now processing file /home/runner/work/key/key/key.core/../key.ui/examples/standard_key/arith/check_jdiv_instantiated.key 
32847      INFO  main            d.u.i.k.p.i.AbstractProblemLoader Loading environment from /home/runner/work/key/key/key.core/../key.ui/examples/standard_key/arith/check_jdiv_instantiated.key 
32847      DEBUG main            d.u.i.k.p.i.AbstractProblemLoader Environment load took 248.5ns 
32849      INFO  main            d.u.i.k.p.i.AbstractProblemLoader Creating init config 
35302      DEBUG main            d.u.i.k.p.i.AbstractProblemLoader Init config took 2.45s 
35323      INFO  main            d.u.i.k.p.i.AbstractProblemLoader Replaying proof check_jdiv_instantiated.key 
35325      DEBUG main            d.u.i.k.p.i.IntermediateProofReplayer Proof replay took 6.9ns 
38628      INFO  main            d.u.i.k.p.r.p.TestFile    ... finished proof: closed. 
38836      INFO  main            d.u.i.k.p.i.AbstractProblemLoader Loading environment from /home/runner/work/key/key/key.core/../key.ui/examples/standard_key/arith/check_jdiv_instantiated.key.proof 
38836      DEBUG main            d.u.i.k.p.i.AbstractProblemLoader Environment load took 498.11ns 
38840      INFO  main            d.u.i.k.p.i.AbstractProblemLoader Creating init config 
41227      DEBUG main            d.u.i.k.p.i.AbstractProblemLoader Init config took 2.39s 
41250      INFO  main            d.u.i.k.p.i.AbstractProblemLoader Replaying proof check_jdiv_instantiated.key.proof 
41415      DEBUG main            d.u.i.k.p.i.IntermediateProofReplayer Proof replay took 136.11ms 
41418      DEBUG main            d.u.i.k.p.r.p.TestFile    ... success: reloaded. 
41419      INFO  main            d.u.i.k.p.r.p.TestFile    Now processing file /home/runner/work/key/key/key.core/../key.ui/examples/standard_key/arith/check_jmod.key 
41420      INFO  main            d.u.i.k.p.i.AbstractProblemLoader Loading environment from /home/runner/work/key/key/key.core/../key.ui/examples/standard_key/arith/check_jmod.key 
41420      DEBUG main            d.u.i.k.p.i.AbstractProblemLoader Environment load took 308.7ns 
41422      INFO  main            d.u.i.k.p.i.AbstractProblemLoader Creating init config 
43804      DEBUG main            d.u.i.k.p.i.AbstractProblemLoader Init config took 2.38s 
43822      INFO  main            d.u.i.k.p.i.AbstractProblemLoader Replaying proof check_jmod.key 
43825      DEBUG main            d.u.i.k.p.i.IntermediateProofReplayer Proof replay took 8.1ns 
44329      INFO  main            d.u.i.k.p.r.p.TestFile    ... finished proof: closed. 
44568      INFO  main            d.u.i.k.p.i.AbstractProblemLoader Loading environment from /home/runner/work/key/key/key.core/../key.ui/examples/standard_key/arith/check_jmod.key.proof 
44569      DEBUG main            d.u.i.k.p.i.AbstractProblemLoader Environment load took 1.13ms 
44571      INFO  main            d.u.i.k.p.i.AbstractProblemLoader Creating init config 
46907      DEBUG main            d.u.i.k.p.i.AbstractProblemLoader Init config took 2.34s 
46925      INFO  main            d.u.i.k.p.i.AbstractProblemLoader Replaying proof check_jmod.key.proof 
46959      DEBUG main            d.u.i.k.p.i.IntermediateProofReplayer Proof replay took 26.62ms 
46963      DEBUG main            d.u.i.k.p.r.p.TestFile    ... success: reloaded. 
46965      INFO  main            d.u.i.k.p.r.p.TestFile    Now processing file /home/runner/work/key/key/key.core/../key.ui/examples/standard_key/arith/complexExpressions.key 
46966      INFO  main            d.u.i.k.p.i.AbstractProblemLoader Loading environment from /home/runner/work/key/key/key.core/../key.ui/examples/standard_key/arith/complexExpressions.key 
46966      DEBUG main            d.u.i.k.p.i.AbstractProblemLoader Environment load took 259.9ns 
46967      INFO  main            d.u.i.k.p.i.AbstractProblemLoader Creating init config 
49405      DEBUG main            d.u.i.k.p.i.AbstractProblemLoader Init config took 2.44s 
49432      INFO  main            d.u.i.k.p.i.AbstractProblemLoader Replaying proof complexExpressions.key 
49435      DEBUG main            d.u.i.k.p.i.IntermediateProofReplayer Proof replay took 9.2ns 
49641      INFO  main            d.u.i.k.p.r.p.TestFile    ... finished proof: closed. 
49820      INFO  main            d.u.i.k.p.i.AbstractProblemLoader Loading environment from /home/runner/work/key/key/key.core/../key.ui/examples/standard_key/arith/complexExpressions.key.proof 
49820      DEBUG main            d.u.i.k.p.i.AbstractProblemLoader Environment load took 132.2ns 
49822      INFO  main            d.u.i.k.p.i.AbstractProblemLoader Creating init config 
52151      DEBUG main            d.u.i.k.p.i.AbstractProblemLoader Init config took 2.33s 
52170      INFO  main            d.u.i.k.p.i.AbstractProblemLoader Replaying proof complexExpressions.key.proof 
52181      DEBUG main            d.u.i.k.p.i.IntermediateProofReplayer Proof replay took 7.97ms 
52182      DEBUG main            d.u.i.k.p.r.p.TestFile    ... success: reloaded. 
52182      INFO  main            d.u.i.k.p.r.p.TestFile    Now processing file /home/runner/work/key/key/key.core/../key.ui/examples/standard_key/arith/compound_unaryMinus.key 
52183      INFO  main            d.u.i.k.p.i.AbstractProblemLoader Loading environment from /home/runner/work/key/key/key.core/../key.ui/examples/standard_key/arith/compound_unaryMinus.key 
52183      DEBUG main            d.u.i.k.p.i.AbstractProblemLoader Environment load took 106.2ns 
52184      INFO  main            d.u.i.k.p.i.AbstractProblemLoader Creating init config 
54598      DEBUG main            d.u.i.k.p.i.AbstractProblemLoader Init config took 2.41s 
54616      INFO  main            d.u.i.k.p.i.AbstractProblemLoader Replaying proof compound_unaryMinus.key 
54618      DEBUG main            d.u.i.k.p.i.IntermediateProofReplayer Proof replay took 8.9ns 
54721      INFO  main            d.u.i.k.p.r.p.TestFile    ... finished proof: closed. 
54890      INFO  main            d.u.i.k.p.i.AbstractProblemLoader Loading environment from /home/runner/work/key/key/key.core/../key.ui/examples/standard_key/arith/compound_unaryMinus.key.proof 
54890      DEBUG main            d.u.i.k.p.i.AbstractProblemLoader Environment load took 145ns 
54891      INFO  main            d.u.i.k.p.i.AbstractProblemLoader Creating init config 
57238      DEBUG main            d.u.i.k.p.i.AbstractProblemLoader Init config took 2.35s 
57256      INFO  main            d.u.i.k.p.i.AbstractProblemLoader Replaying proof compound_unaryMinus.key.proof 
57262      DEBUG main            d.u.i.k.p.i.IntermediateProofReplayer Proof replay took 3.5ms 
57263      DEBUG main            d.u.i.k.p.r.p.TestFile    ... success: reloaded. 
57264      INFO  main            d.u.i.k.p.r.p.TestFile    Now processing file /home/runner/work/key/key/key.core/../key.ui/examples/standard_key/arith/computation.key 
57264      INFO  main            d.u.i.k.p.i.AbstractProblemLoader Loading environment from /home/runner/work/key/key/key.core/../key.ui/examples/standard_key/arith/computation.key 
57264      DEBUG main            d.u.i.k.p.i.AbstractProblemLoader Environment load took 201.3ns 
57266      INFO  main            d.u.i.k.p.i.AbstractProblemLoader Creating init config 
59674      DEBUG main            d.u.i.k.p.i.AbstractProblemLoader Init config took 2.41s 
59709      INFO  main            d.u.i.k.p.i.AbstractProblemLoader Replaying proof computation.key 
59711      DEBUG main            d.u.i.k.p.i.IntermediateProofReplayer Proof replay took 7.9ns 
61217      INFO  main            d.u.i.k.p.r.p.TestFile    ... finished proof: closed. 
61462      INFO  main            d.u.i.k.p.i.AbstractProblemLoader Loading environment from /home/runner/work/key/key/key.core/../key.ui/examples/standard_key/arith/computation.key.proof 
61462      DEBUG main            d.u.i.k.p.i.AbstractProblemLoader Environment load took 561.81ns 
61464      INFO  main            d.u.i.k.p.i.AbstractProblemLoader Creating init config 
63799      DEBUG main            d.u.i.k.p.i.AbstractProblemLoader Init config took 2.33s 
63817      INFO  main            d.u.i.k.p.i.AbstractProblemLoader Replaying proof computation.key.proof 
63882      DEBUG main            d.u.i.k.p.i.IntermediateProofReplayer Proof replay took 60.18ms 
63884      DEBUG main            d.u.i.k.p.r.p.TestFile    ... success: reloaded. 
63885      INFO  main            d.u.i.k.p.r.p.TestFile    Now processing file /home/runner/work/key/key/key.core/../key.ui/examples/standard_key/arith/cubicSum.key 
63886      INFO  main            d.u.i.k.p.i.AbstractProblemLoader Loading environment from /home/runner/work/key/key/key.core/../key.ui/examples/standard_key/arith/cubicSum.key 
63886      DEBUG main            d.u.i.k.p.i.AbstractProblemLoader Environment load took 227.6ns 
63888      INFO  main            d.u.i.k.p.i.AbstractProblemLoader Creating init config 
66343      DEBUG main            d.u.i.k.p.i.AbstractProblemLoader Init config took 2.46s 
66362      INFO  main            d.u.i.k.p.i.AbstractProblemLoader Replaying proof cubicSum.key 
66364      DEBUG main            d.u.i.k.p.i.IntermediateProofReplayer Proof replay took 7.9ns 
67273      INFO  main            d.u.i.k.p.r.p.TestFile    ... finished proof: closed. 
67634      INFO  main            d.u.i.k.p.i.AbstractProblemLoader Loading environment from /home/runner/work/key/key/key.core/../key.ui/examples/standard_key/arith/cubicSum.key.proof 
67634      DEBUG main            d.u.i.k.p.i.AbstractProblemLoader Environment load took 470.81ns 
67636      INFO  main            d.u.i.k.p.i.AbstractProblemLoader Creating init config 
70063      DEBUG main            d.u.i.k.p.i.AbstractProblemLoader Init config took 2.43s 
70081      INFO  main            d.u.i.k.p.i.AbstractProblemLoader Replaying proof cubicSum.key.proof 
70206      DEBUG main            d.u.i.k.p.i.IntermediateProofReplayer Proof replay took 121.94ms 
70207      DEBUG main            d.u.i.k.p.r.p.TestFile    ... success: reloaded. 
70209      INFO  main            d.u.i.k.p.r.p.TestFile    Now processing file /home/runner/work/key/key/key.core/../key.ui/examples/standard_key/arith/divByZero.key 
70209      INFO  main            d.u.i.k.p.i.AbstractProblemLoader Loading environment from /home/runner/work/key/key/key.core/../key.ui/examples/standard_key/arith/divByZero.key 
70209      DEBUG main            d.u.i.k.p.i.AbstractProblemLoader Environment load took 110.6ns 
70210      INFO  main            d.u.i.k.p.i.AbstractProblemLoader Creating init config 
72626      DEBUG main            d.u.i.k.p.i.AbstractProblemLoader Init config took 2.42s 
72642      INFO  main            d.u.i.k.p.i.AbstractProblemLoader Replaying proof divByZero.key 
72645      DEBUG main            d.u.i.k.p.i.IntermediateProofReplayer Proof replay took 8.6ns 
72847      INFO  main            d.u.i.k.p.r.p.TestFile    ... finished proof: closed. 
73116      INFO  main            d.u.i.k.p.i.AbstractProblemLoader Loading environment from /home/runner/work/key/key/key.core/../key.ui/examples/standard_key/arith/divByZero.key.proof 
73117      DEBUG main            d.u.i.k.p.i.AbstractProblemLoader Environment load took 153.4ns 
73119      INFO  main            d.u.i.k.p.i.AbstractProblemLoader Creating init config 
75437      DEBUG main            d.u.i.k.p.i.AbstractProblemLoader Init config took 2.32s 
75453      INFO  main            d.u.i.k.p.i.AbstractProblemLoader Replaying proof divByZero.key.proof 
75488      DEBUG main            d.u.i.k.p.i.IntermediateProofReplayer Proof replay took 31.77ms 
75489      DEBUG main            d.u.i.k.p.r.p.TestFile    ... success: reloaded. 
75490      INFO  main            d.u.i.k.p.r.p.TestFile    Now processing file /home/runner/work/key/key/key.core/../key.ui/examples/standard_key/arith/divisionAssoc.key 
75490      INFO  main            d.u.i.k.p.i.AbstractProblemLoader Loading environment from /home/runner/work/key/key/key.core/../key.ui/examples/standard_key/arith/divisionAssoc.key 
75491      DEBUG main            d.u.i.k.p.i.AbstractProblemLoader Environment load took 217ns 
75492      INFO  main            d.u.i.k.p.i.AbstractProblemLoader Creating init config 
77848      DEBUG main            d.u.i.k.p.i.AbstractProblemLoader Init config took 2.36s 
77866      INFO  main            d.u.i.k.p.i.AbstractProblemLoader Replaying proof divisionAssoc.key 
77868      DEBUG main            d.u.i.k.p.i.IntermediateProofReplayer Proof replay took 8.3ns 
78573      INFO  main            d.u.i.k.p.r.p.TestFile    ... finished proof: closed. 
78785      INFO  main            d.u.i.k.p.i.AbstractProblemLoader Loading environment from /home/runner/work/key/key/key.core/../key.ui/examples/standard_key/arith/divisionAssoc.key.proof 
78786      DEBUG main            d.u.i.k.p.i.AbstractProblemLoader Environment load took 448.5ns 
78788      INFO  main            d.u.i.k.p.i.AbstractProblemLoader Creating init config 
81098      DEBUG main            d.u.i.k.p.i.AbstractProblemLoader Init config took 2.31s 
81116      INFO  main            d.u.i.k.p.i.AbstractProblemLoader Replaying proof divisionAssoc.key.proof 
81156      DEBUG main            d.u.i.k.p.i.IntermediateProofReplayer Proof replay took 32.97ms 
81157      DEBUG main            d.u.i.k.p.r.p.TestFile    ... success: reloaded. 
81158      INFO  main            d.u.i.k.p.r.p.TestFile    Now processing file /home/runner/work/key/key/key.core/../key.ui/examples/standard_key/arith/divisionBy2.key 
81159      INFO  main            d.u.i.k.p.i.AbstractProblemLoader Loading environment from /home/runner/work/key/key/key.core/../key.ui/examples/standard_key/arith/divisionBy2.key 
81159      DEBUG main            d.u.i.k.p.i.AbstractProblemLoader Environment load took 297.5ns 
81161      INFO  main            d.u.i.k.p.i.AbstractProblemLoader Creating init config 
83484      DEBUG main            d.u.i.k.p.i.AbstractProblemLoader Init config took 2.32s 
83500      INFO  main            d.u.i.k.p.i.AbstractProblemLoader Replaying proof divisionBy2.key 
83501      DEBUG main            d.u.i.k.p.i.IntermediateProofReplayer Proof replay took 7.3ns 
83604      INFO  main            d.u.i.k.p.r.p.TestFile    ... finished proof: closed. 
83831      INFO  main            d.u.i.k.p.i.AbstractProblemLoader Loading environment from /home/runner/work/key/key/key.core/../key.ui/examples/standard_key/arith/divisionBy2.key.proof 
83831      DEBUG main            d.u.i.k.p.i.AbstractProblemLoader Environment load took 140.1ns 
83833      INFO  main            d.u.i.k.p.i.AbstractProblemLoader Creating init config 
86106      DEBUG main            d.u.i.k.p.i.AbstractProblemLoader Init config took 2.27s 
86120      INFO  main            d.u.i.k.p.i.AbstractProblemLoader Replaying proof divisionBy2.key.proof 
86126      DEBUG main            d.u.i.k.p.i.IntermediateProofReplayer Proof replay took 3.98ms 
86127      DEBUG main            d.u.i.k.p.r.p.TestFile    ... success: reloaded. 
86128      INFO  main            d.u.i.k.p.r.p.TestFile    Now processing file /home/runner/work/key/key/key.core/../key.ui/examples/standard_key/arith/euclidean/gcdHelp-post.key 
86129      INFO  main            d.u.i.k.p.i.AbstractProblemLoader Loading environment from /home/runner/work/key/key/key.core/../key.ui/examples/standard_key/arith/euclidean/gcdHelp-post.key 
86129      DEBUG main            d.u.i.k.p.i.AbstractProblemLoader Environment load took 222.6ns 
86130      INFO  main            d.u.i.k.p.i.AbstractProblemLoader Creating init config 
88689      DEBUG main            d.u.i.k.p.i.AbstractProblemLoader Init config took 2.56s 
88706      INFO  main            d.u.i.k.p.i.AbstractProblemLoader Replaying proof gcdHelp-post.key 
88708      DEBUG main            d.u.i.k.p.i.IntermediateProofReplayer Proof replay took 8.2ns 
91773      INFO  main            d.u.i.k.p.r.p.TestFile    ... finished proof: closed. 
92012      INFO  main            d.u.i.k.p.i.AbstractProblemLoader Loading environment from /home/runner/work/key/key/key.core/../key.ui/examples/standard_key/arith/euclidean/gcdHelp-post.key.proof 
92012      DEBUG main            d.u.i.k.p.i.AbstractProblemLoader Environment load took 454.9ns 
92014      INFO  main            d.u.i.k.p.i.AbstractProblemLoader Creating init config 
94399      DEBUG main            d.u.i.k.p.i.AbstractProblemLoader Init config took 2.38s 
94415      INFO  main            d.u.i.k.p.i.AbstractProblemLoader Replaying proof gcdHelp-post.key.proof 
94564      DEBUG main            d.u.i.k.p.i.IntermediateProofReplayer Proof replay took 138.1ms 
94565      DEBUG main            d.u.i.k.p.r.p.TestFile    ... success: reloaded. 
94567      INFO  main            d.u.i.k.p.r.p.TestFile    Now processing file /home/runner/work/key/key/key.core/../key.ui/examples/standard_key/arith/gemplusDecimal/add.key 
94567      INFO  main            d.u.i.k.p.i.AbstractProblemLoader Loading environment from /home/runner/work/key/key/key.core/../key.ui/examples/standard_key/arith/gemplusDecimal/add.key 
94567      DEBUG main            d.u.i.k.p.i.AbstractProblemLoader Environment load took 216.7ns 
94569      INFO  main            d.u.i.k.p.i.AbstractProblemLoader Creating init config 
97015      DEBUG main            d.u.i.k.p.i.AbstractProblemLoader Init config took 2.45s 
97031      INFO  main            d.u.i.k.p.i.AbstractProblemLoader Replaying proof add.key 
97033      DEBUG main            d.u.i.k.p.i.IntermediateProofReplayer Proof replay took 18.7ns 
140017     INFO  main            d.u.i.k.p.r.p.TestFile    ... finished proof: closed. 
140418     INFO  main            d.u.i.k.p.i.AbstractProblemLoader Loading environment from /home/runner/work/key/key/key.core/../key.ui/examples/standard_key/arith/gemplusDecimal/add.key.proof 
140418     DEBUG main            d.u.i.k.p.i.AbstractProblemLoader Environment load took 499.61ns 
140427     INFO  main            d.u.i.k.p.i.AbstractProblemLoader Creating init config 
142761     DEBUG main            d.u.i.k.p.i.AbstractProblemLoader Init config took 2.33s 
142778     INFO  main            d.u.i.k.p.i.AbstractProblemLoader Replaying proof add.key.proof 
144902     DEBUG main            d.u.i.k.p.i.IntermediateProofReplayer Proof replay took 2.01s 
144910     DEBUG main            d.u.i.k.p.r.p.TestFile    ... success: reloaded. 
144912     INFO  main            d.u.i.k.p.r.p.TestFile    Now processing file /home/runner/work/key/key/key.core/../key.ui/examples/standard_key/arith/jdivevenodd.key 
144912     INFO  main            d.u.i.k.p.i.AbstractProblemLoader Loading environment from /home/runner/work/key/key/key.core/../key.ui/examples/standard_key/arith/jdivevenodd.key 
144913     DEBUG main            d.u.i.k.p.i.AbstractProblemLoader Environment load took 222.8ns 
144914     INFO  main            d.u.i.k.p.i.AbstractProblemLoader Creating init config 
147357     DEBUG main            d.u.i.k.p.i.AbstractProblemLoader Init config took 2.44s 
147370     INFO  main            d.u.i.k.p.i.AbstractProblemLoader Replaying proof jdivevenodd.key 
147372     DEBUG main            d.u.i.k.p.i.IntermediateProofReplayer Proof replay took 7.2ns 
147575     INFO  main            d.u.i.k.p.r.p.TestFile    ... finished proof: closed. 
147961     INFO  main            d.u.i.k.p.i.AbstractProblemLoader Loading environment from /home/runner/work/key/key/key.core/../key.ui/examples/standard_key/arith/jdivevenodd.key.proof 
147961     DEBUG main            d.u.i.k.p.i.AbstractProblemLoader Environment load took 137.5ns 
147963     INFO  main            d.u.i.k.p.i.AbstractProblemLoader Creating init config 
150217     DEBUG main            d.u.i.k.p.i.AbstractProblemLoader Init config took 2.25s 
150232     INFO  main            d.u.i.k.p.i.AbstractProblemLoader Replaying proof jdivevenodd.key.proof 
150249     DEBUG main            d.u.i.k.p.i.IntermediateProofReplayer Proof replay took 12.31ms 
150250     DEBUG main            d.u.i.k.p.r.p.TestFile    ... success: reloaded. 
150252     INFO  main            d.u.i.k.p.r.p.TestFile    Now processing file /home/runner/work/key/key/key.core/../key.ui/examples/standard_key/arith/median.key 
150253     INFO  main            d.u.i.k.p.i.AbstractProblemLoader Loading environment from /home/runner/work/key/key/key.core/../key.ui/examples/standard_key/arith/median.key 
150253     DEBUG main            d.u.i.k.p.i.AbstractProblemLoader Environment load took 243.2ns 
150254     INFO  main            d.u.i.k.p.i.AbstractProblemLoader Creating init config 
152569     DEBUG main            d.u.i.k.p.i.AbstractProblemLoader Init config took 2.31s 
152588     INFO  main            d.u.i.k.p.i.AbstractProblemLoader Replaying proof median.key 
152592     DEBUG main            d.u.i.k.p.i.IntermediateProofReplayer Proof replay took 7.8ns 
167550     INFO  main            d.u.i.k.p.r.p.TestFile    ... finished proof: closed. 
167872     INFO  main            d.u.i.k.p.i.AbstractProblemLoader Loading environment from /home/runner/work/key/key/key.core/../key.ui/examples/standard_key/arith/median.key.proof 
167872     DEBUG main            d.u.i.k.p.i.AbstractProblemLoader Environment load took 586.51ns 
167876     INFO  main            d.u.i.k.p.i.AbstractProblemLoader Creating init config 
170157     DEBUG main            d.u.i.k.p.i.AbstractProblemLoader Init config took 2.28s 
170173     INFO  main            d.u.i.k.p.i.AbstractProblemLoader Replaying proof median.key.proof 
170722     DEBUG main            d.u.i.k.p.i.IntermediateProofReplayer Proof replay took 501.07ms 
170726     DEBUG main            d.u.i.k.p.r.p.TestFile    ... success: reloaded. 
170727     INFO  main            d.u.i.k.p.r.p.TestFile    Now processing file /home/runner/work/key/key/key.core/../key.ui/examples/standard_key/arith/mod1.key 
170728     INFO  main            d.u.i.k.p.i.AbstractProblemLoader Loading environment from /home/runner/work/key/key/key.core/../key.ui/examples/standard_key/arith/mod1.key 
170728     DEBUG main            d.u.i.k.p.i.AbstractProblemLoader Environment load took 249.1ns 
170729     INFO  main            d.u.i.k.p.i.AbstractProblemLoader Creating init config 
173017     DEBUG main            d.u.i.k.p.i.AbstractProblemLoader Init config took 2.29s 
173031     INFO  main            d.u.i.k.p.i.AbstractProblemLoader Replaying proof mod1.key 
173033     DEBUG main            d.u.i.k.p.i.IntermediateProofReplayer Proof replay took 6.1ns 
173135     INFO  main            d.u.i.k.p.r.p.TestFile    ... finished proof: closed. 
173445     INFO  main            d.u.i.k.p.i.AbstractProblemLoader Loading environment from /home/runner/work/key/key/key.core/../key.ui/examples/standard_key/arith/mod1.key.proof 
173445     DEBUG main            d.u.i.k.p.i.AbstractProblemLoader Environment load took 130.2ns 
173446     INFO  main            d.u.i.k.p.i.AbstractProblemLoader Creating init config 
175717     DEBUG main            d.u.i.k.p.i.AbstractProblemLoader Init config took 2.27s 
175732     INFO  main            d.u.i.k.p.i.AbstractProblemLoader Replaying proof mod1.key.proof 
175736     DEBUG main            d.u.i.k.p.i.IntermediateProofReplayer Proof replay took 1.54ms 
175737     DEBUG main            d.u.i.k.p.r.p.TestFile    ... success: reloaded. 
175738     INFO  main            d.u.i.k.p.r.p.TestFile    Now processing file /home/runner/work/key/key/key.core/../key.ui/examples/standard_key/arith/mod2.key 
175738     INFO  main            d.u.i.k.p.i.AbstractProblemLoader Loading environment from /home/runner/work/key/key/key.core/../key.ui/examples/standard_key/arith/mod2.key 
175738     DEBUG main            d.u.i.k.p.i.AbstractProblemLoader Environment load took 108ns 
175739     INFO  main            d.u.i.k.p.i.AbstractProblemLoader Creating init config 
178013     DEBUG main            d.u.i.k.p.i.AbstractProblemLoader Init config took 2.27s 
178027     INFO  main            d.u.i.k.p.i.AbstractProblemLoader Replaying proof mod2.key 
178029     DEBUG main            d.u.i.k.p.i.IntermediateProofReplayer Proof replay took 7.1ns 
178132     INFO  main            d.u.i.k.p.r.p.TestFile    ... finished proof: closed. 
178374     INFO  main            d.u.i.k.p.i.AbstractProblemLoader Loading environment from /home/runner/work/key/key/key.core/../key.ui/examples/standard_key/arith/mod2.key.proof 
178374     DEBUG main            d.u.i.k.p.i.AbstractProblemLoader Environment load took 117.8ns 
178376     INFO  main            d.u.i.k.p.i.AbstractProblemLoader Creating init config 
180627     DEBUG main            d.u.i.k.p.i.AbstractProblemLoader Init config took 2.25s 
180643     INFO  main            d.u.i.k.p.i.AbstractProblemLoader Replaying proof mod2.key.proof 
180646     DEBUG main            d.u.i.k.p.i.IntermediateProofReplayer Proof replay took 1.27ms 
180647     DEBUG main            d.u.i.k.p.r.p.TestFile    ... success: reloaded. 
180648     INFO  main            d.u.i.k.p.r.p.TestFile    Now processing file /home/runner/work/key/key/key.core/../key.ui/examples/standard_key/arith/mod7.key 
180649     INFO  main            d.u.i.k.p.i.AbstractProblemLoader Loading environment from /home/runner/work/key/key/key.core/../key.ui/examples/standard_key/arith/mod7.key 
180649     DEBUG main            d.u.i.k.p.i.AbstractProblemLoader Environment load took 228.5ns 
180652     INFO  main            d.u.i.k.p.i.AbstractProblemLoader Creating init config 
182962     DEBUG main            d.u.i.k.p.i.AbstractProblemLoader Init config took 2.31s 
182976     INFO  main            d.u.i.k.p.i.AbstractProblemLoader Replaying proof mod7.key 
182977     DEBUG main            d.u.i.k.p.i.IntermediateProofReplayer Proof replay took 6.1ns 
183080     INFO  main            d.u.i.k.p.r.p.TestFile    ... finished proof: closed. 
183323     INFO  main            d.u.i.k.p.i.AbstractProblemLoader Loading environment from /home/runner/work/key/key/key.core/../key.ui/examples/standard_key/arith/mod7.key.proof 
183323     DEBUG main            d.u.i.k.p.i.AbstractProblemLoader Environment load took 114.2ns 
183324     INFO  main            d.u.i.k.p.i.AbstractProblemLoader Creating init config 
185599     DEBUG main            d.u.i.k.p.i.AbstractProblemLoader Init config took 2.27s 
185613     INFO  main            d.u.i.k.p.i.AbstractProblemLoader Replaying proof mod7.key.proof 
185619     DEBUG main            d.u.i.k.p.i.IntermediateProofReplayer Proof replay took 3.33ms 
185620     DEBUG main            d.u.i.k.p.r.p.TestFile    ... success: reloaded. 
185620     INFO  main            d.u.i.k.p.r.p.TestFile    Now processing file /home/runner/work/key/key/key.core/../key.ui/examples/standard_key/arith/overflow_hija.key 
185621     INFO  main            d.u.i.k.p.i.AbstractProblemLoader Loading environment from /home/runner/work/key/key/key.core/../key.ui/examples/standard_key/arith/overflow_hija.key 
185623     DEBUG main            d.u.i.k.p.i.AbstractProblemLoader Environment load took 2.45ms 
185627     INFO  main            d.u.i.k.p.i.AbstractProblemLoader Creating init config 
187953     DEBUG main            d.u.i.k.p.i.AbstractProblemLoader Init config took 2.33s 
187970     INFO  main            d.u.i.k.p.i.AbstractProblemLoader Replaying proof overflow_hija.key 
187972     DEBUG main            d.u.i.k.p.i.IntermediateProofReplayer Proof replay took 7.5ns 
192636     INFO  main            d.u.i.k.p.r.p.TestFile    ... finished proof: closed. 
192934     INFO  main            d.u.i.k.p.i.AbstractProblemLoader Loading environment from /home/runner/work/key/key/key.core/../key.ui/examples/standard_key/arith/overflow_hija.key.proof 
192935     DEBUG main            d.u.i.k.p.i.AbstractProblemLoader Environment load took 149.6ns 
192937     INFO  main            d.u.i.k.p.i.AbstractProblemLoader Creating init config 
195210     DEBUG main            d.u.i.k.p.i.AbstractProblemLoader Init config took 2.27s 
195227     INFO  main            d.u.i.k.p.i.AbstractProblemLoader Replaying proof overflow_hija.key.proof 
195377     DEBUG main            d.u.i.k.p.i.IntermediateProofReplayer Proof replay took 140.88ms 
195379     DEBUG main            d.u.i.k.p.r.p.TestFile    ... success: reloaded. 
195380     INFO  main            d.u.i.k.p.r.p.TestFile    Now processing file /home/runner/work/key/key/key.core/../key.ui/examples/standard_key/arith/poly_division0.key 
195381     INFO  main            d.u.i.k.p.i.AbstractProblemLoader Loading environment from /home/runner/work/key/key/key.core/../key.ui/examples/standard_key/arith/poly_division0.key 
195381     DEBUG main            d.u.i.k.p.i.AbstractProblemLoader Environment load took 230.4ns 
195382     INFO  main            d.u.i.k.p.i.AbstractProblemLoader Creating init config 
197663     DEBUG main            d.u.i.k.p.i.AbstractProblemLoader Init config took 2.28s 
197677     INFO  main            d.u.i.k.p.i.AbstractProblemLoader Replaying proof poly_division0.key 
197678     DEBUG main            d.u.i.k.p.i.IntermediateProofReplayer Proof replay took 6.1ns 
197784     INFO  main            d.u.i.k.p.r.p.TestFile    ... finished proof: closed. 
198101     INFO  main            d.u.i.k.p.i.AbstractProblemLoader Loading environment from /home/runner/work/key/key/key.core/../key.ui/examples/standard_key/arith/poly_division0.key.proof 
198102     DEBUG main            d.u.i.k.p.i.AbstractProblemLoader Environment load took 121.3ns 
198103     INFO  main            d.u.i.k.p.i.AbstractProblemLoader Creating init config 
200360     DEBUG main            d.u.i.k.p.i.AbstractProblemLoader Init config took 2.26s 
200373     INFO  main            d.u.i.k.p.i.AbstractProblemLoader Replaying proof poly_division0.key.proof 
200379     DEBUG main            d.u.i.k.p.i.IntermediateProofReplayer Proof replay took 3.37ms 
200380     DEBUG main            d.u.i.k.p.r.p.TestFile    ... success: reloaded. 
200380     INFO  main            d.u.i.k.p.r.p.TestFile    Now processing file /home/runner/work/key/key/key.core/../key.ui/examples/standard_key/arith/poly_division1.key 
200381     INFO  main            d.u.i.k.p.i.AbstractProblemLoader Loading environment from /home/runner/work/key/key/key.core/../key.ui/examples/standard_key/arith/poly_division1.key 
200381     DEBUG main            d.u.i.k.p.i.AbstractProblemLoader Environment load took 100.3ns 
200382     INFO  main            d.u.i.k.p.i.AbstractProblemLoader Creating init config 
202653     DEBUG main            d.u.i.k.p.i.AbstractProblemLoader Init config took 2.27s 
202666     INFO  main            d.u.i.k.p.i.AbstractProblemLoader Replaying proof poly_division1.key 
202667     DEBUG main            d.u.i.k.p.i.IntermediateProofReplayer Proof replay took 8ns 
202770     INFO  main            d.u.i.k.p.r.p.TestFile    ... finished proof: closed. 
203030     INFO  main            d.u.i.k.p.i.AbstractProblemLoader Loading environment from /home/runner/work/key/key/key.core/../key.ui/examples/standard_key/arith/poly_division1.key.proof 
203030     DEBUG main            d.u.i.k.p.i.AbstractProblemLoader Environment load took 124.7ns 
203032     INFO  main            d.u.i.k.p.i.AbstractProblemLoader Creating init config 
205278     DEBUG main            d.u.i.k.p.i.AbstractProblemLoader Init config took 2.25s 
205291     INFO  main            d.u.i.k.p.i.AbstractProblemLoader Replaying proof poly_division1.key.proof 
205296     DEBUG main            d.u.i.k.p.i.IntermediateProofReplayer Proof replay took 3.02ms 
205297     DEBUG main            d.u.i.k.p.r.p.TestFile    ... success: reloaded. 
205297     INFO  main            d.u.i.k.p.r.p.TestFile    Now processing file /home/runner/work/key/key/key.core/../key.ui/examples/standard_key/inEqSimp/division.key 
205298     INFO  main            d.u.i.k.p.i.AbstractProblemLoader Loading environment from /home/runner/work/key/key/key.core/../key.ui/examples/standard_key/inEqSimp/division.key 
205298     DEBUG main            d.u.i.k.p.i.AbstractProblemLoader Environment load took 63.8ns 
205299     INFO  main            d.u.i.k.p.i.AbstractProblemLoader Creating init config 
207607     DEBUG main            d.u.i.k.p.i.AbstractProblemLoader Init config took 2.31s 
207621     INFO  main            d.u.i.k.p.i.AbstractProblemLoader Replaying proof division.key 
207623     DEBUG main            d.u.i.k.p.i.IntermediateProofReplayer Proof replay took 7.9ns 
209653     INFO  main            d.u.i.k.p.r.p.TestFile    ... finished proof: closed. 
209934     INFO  main            d.u.i.k.p.i.AbstractProblemLoader Loading environment from /home/runner/work/key/key/key.core/../key.ui/examples/standard_key/inEqSimp/division.key.proof 
209935     DEBUG main            d.u.i.k.p.i.AbstractProblemLoader Environment load took 954.31ns 
209937     INFO  main            d.u.i.k.p.i.AbstractProblemLoader Creating init config 
212194     DEBUG main            d.u.i.k.p.i.AbstractProblemLoader Init config took 2.26s 
212208     INFO  main            d.u.i.k.p.i.AbstractProblemLoader Replaying proof division.key.proof 
212263     DEBUG main            d.u.i.k.p.i.IntermediateProofReplayer Proof replay took 47.17ms 
212264     DEBUG main            d.u.i.k.p.r.p.TestFile    ... success: reloaded. 
212266     INFO  main            d.u.i.k.p.r.p.TestFile    Now processing file /home/runner/work/key/key/key.core/../key.ui/examples/standard_key/inEqSimp/inequations0.key 
212266     INFO  main            d.u.i.k.p.i.AbstractProblemLoader Loading environment from /home/runner/work/key/key/key.core/../key.ui/examples/standard_key/inEqSimp/inequations0.key 
212266     DEBUG main            d.u.i.k.p.i.AbstractProblemLoader Environment load took 212.9ns 
212267     INFO  main            d.u.i.k.p.i.AbstractProblemLoader Creating init config 
214585     DEBUG main            d.u.i.k.p.i.AbstractProblemLoader Init config took 2.32s 
214600     INFO  main            d.u.i.k.p.i.AbstractProblemLoader Replaying proof inequations0.key 
214602     DEBUG main            d.u.i.k.p.i.IntermediateProofReplayer Proof replay took 38.3ns 
214704     INFO  main            d.u.i.k.p.r.p.TestFile    ... finished proof: closed. 
215034     INFO  main            d.u.i.k.p.i.AbstractProblemLoader Loading environment from /home/runner/work/key/key/key.core/../key.ui/examples/standard_key/inEqSimp/inequations0.key.proof 
215034     DEBUG main            d.u.i.k.p.i.AbstractProblemLoader Environment load took 125.4ns 
215037     INFO  main            d.u.i.k.p.i.AbstractProblemLoader Creating init config 
217265     DEBUG main            d.u.i.k.p.i.AbstractProblemLoader Init config took 2.23s 
217280     INFO  main            d.u.i.k.p.i.AbstractProblemLoader Replaying proof inequations0.key.proof 
217283     DEBUG main            d.u.i.k.p.i.IntermediateProofReplayer Proof replay took 1.77ms 
217284     DEBUG main            d.u.i.k.p.r.p.TestFile    ... success: reloaded. 
217285     INFO  main            d.u.i.k.p.r.p.TestFile    Now processing file /home/runner/work/key/key/key.core/../key.ui/examples/standard_key/inEqSimp/inequations1.key 
217286     INFO  main            d.u.i.k.p.i.AbstractProblemLoader Loading environment from /home/runner/work/key/key/key.core/../key.ui/examples/standard_key/inEqSimp/inequations1.key 
217286     DEBUG main            d.u.i.k.p.i.AbstractProblemLoader Environment load took 365.3ns 
217287     INFO  main            d.u.i.k.p.i.AbstractProblemLoader Creating init config 
219596     DEBUG main            d.u.i.k.p.i.AbstractProblemLoader Init config took 2.31s 
219609     INFO  main            d.u.i.k.p.i.AbstractProblemLoader Replaying proof inequations1.key 
219610     DEBUG main            d.u.i.k.p.i.IntermediateProofReplayer Proof replay took 3.2ns 
219716     INFO  main            d.u.i.k.p.r.p.TestFile    ... finished proof: closed. 
219987     INFO  main            d.u.i.k.p.i.AbstractProblemLoader Loading environment from /home/runner/work/key/key/key.core/../key.ui/examples/standard_key/inEqSimp/inequations1.key.proof 
219987     DEBUG main            d.u.i.k.p.i.AbstractProblemLoader Environment load took 106.8ns 
219988     INFO  main            d.u.i.k.p.i.AbstractProblemLoader Creating init config 
222223     DEBUG main            d.u.i.k.p.i.AbstractProblemLoader Init config took 2.24s 
222237     INFO  main            d.u.i.k.p.i.AbstractProblemLoader Replaying proof inequations1.key.proof 
222240     DEBUG main            d.u.i.k.p.i.IntermediateProofReplayer Proof replay took 929.41ns 
222241     DEBUG main            d.u.i.k.p.r.p.TestFile    ... success: reloaded. 
222241     INFO  main            d.u.i.k.p.r.p.TestFile    Now processing file /home/runner/work/key/key/key.core/../key.ui/examples/standard_key/inEqSimp/inequations2.key 
222241     INFO  main            d.u.i.k.p.i.AbstractProblemLoader Loading environment from /home/runner/work/key/key/key.core/../key.ui/examples/standard_key/inEqSimp/inequations2.key 
222242     DEBUG main            d.u.i.k.p.i.AbstractProblemLoader Environment load took 54.4ns 
222242     INFO  main            d.u.i.k.p.i.AbstractProblemLoader Creating init config 
224524     DEBUG main            d.u.i.k.p.i.AbstractProblemLoader Init config took 2.28s 
224537     INFO  main            d.u.i.k.p.i.AbstractProblemLoader Replaying proof inequations2.key 
224539     DEBUG main            d.u.i.k.p.i.IntermediateProofReplayer Proof replay took 3.3ns 
224640     INFO  main            d.u.i.k.p.r.p.TestFile    ... finished proof: closed. 
224914     INFO  main            d.u.i.k.p.i.AbstractProblemLoader Loading environment from /home/runner/work/key/key/key.core/../key.ui/examples/standard_key/inEqSimp/inequations2.key.proof 
224914     DEBUG main            d.u.i.k.p.i.AbstractProblemLoader Environment load took 104.7ns 
224915     INFO  main            d.u.i.k.p.i.AbstractProblemLoader Creating init config 
227153     DEBUG main            d.u.i.k.p.i.AbstractProblemLoader Init config took 2.24s 
227166     INFO  main            d.u.i.k.p.i.AbstractProblemLoader Replaying proof inequations2.key.proof 
227169     DEBUG main            d.u.i.k.p.i.IntermediateProofReplayer Proof replay took 1.19ms 
227170     DEBUG main            d.u.i.k.p.r.p.TestFile    ... success: reloaded. 
227171     INFO  main            d.u.i.k.p.r.p.TestFile    Now processing file /home/runner/work/key/key/key.core/../key.ui/examples/standard_key/inEqSimp/linApprox.key 
227171     INFO  main            d.u.i.k.p.i.AbstractProblemLoader Loading environment from /home/runner/work/key/key/key.core/../key.ui/examples/standard_key/inEqSimp/linApprox.key 
227171     DEBUG main            d.u.i.k.p.i.AbstractProblemLoader Environment load took 89.4ns 
227172     INFO  main            d.u.i.k.p.i.AbstractProblemLoader Creating init config 
229474     DEBUG main            d.u.i.k.p.i.AbstractProblemLoader Init config took 2.3s 
229505     INFO  main            d.u.i.k.p.i.AbstractProblemLoader Replaying proof linApprox.key 
229506     DEBUG main            d.u.i.k.p.i.IntermediateProofReplayer Proof replay took 3.2ns 
229608     INFO  main            d.u.i.k.p.r.p.TestFile    ... finished proof: closed. 
229890     INFO  main            d.u.i.k.p.i.AbstractProblemLoader Loading environment from /home/runner/work/key/key/key.core/../key.ui/examples/standard_key/inEqSimp/linApprox.key.proof 
229891     DEBUG main            d.u.i.k.p.i.AbstractProblemLoader Environment load took 106.4ns 
229892     INFO  main            d.u.i.k.p.i.AbstractProblemLoader Creating init config 
232121     DEBUG main            d.u.i.k.p.i.AbstractProblemLoader Init config took 2.23s 
232134     INFO  main            d.u.i.k.p.i.AbstractProblemLoader Replaying proof linApprox.key.proof 
232137     DEBUG main            d.u.i.k.p.i.IntermediateProofReplayer Proof replay took 1.37ms 
232139     DEBUG main            d.u.i.k.p.r.p.TestFile    ... success: reloaded. 
232140     INFO  main            d.u.i.k.p.r.p.TestFile    Now processing file /home/runner/work/key/key/key.core/../key.ui/examples/standard_key/inEqSimp/nonLinInEqExample0.key 
232140     INFO  main            d.u.i.k.p.i.AbstractProblemLoader Loading environment from /home/runner/work/key/key/key.core/../key.ui/examples/standard_key/inEqSimp/nonLinInEqExample0.key 
232140     DEBUG main            d.u.i.k.p.i.AbstractProblemLoader Environment load took 91.2ns 
232141     INFO  main            d.u.i.k.p.i.AbstractProblemLoader Creating init config 
234403     DEBUG main            d.u.i.k.p.i.AbstractProblemLoader Init config took 2.26s 
234416     INFO  main            d.u.i.k.p.i.AbstractProblemLoader Replaying proof nonLinInEqExample0.key 
234418     DEBUG main            d.u.i.k.p.i.IntermediateProofReplayer Proof replay took 3.9ns 
234520     INFO  main            d.u.i.k.p.r.p.TestFile    ... finished proof: closed. 
234805     INFO  main            d.u.i.k.p.i.AbstractProblemLoader Loading environment from /home/runner/work/key/key/key.core/../key.ui/examples/standard_key/inEqSimp/nonLinInEqExample0.key.proof 
234805     DEBUG main            d.u.i.k.p.i.AbstractProblemLoader Environment load took 107.4ns 
234806     INFO  main            d.u.i.k.p.i.AbstractProblemLoader Creating init config 
237029     DEBUG main            d.u.i.k.p.i.AbstractProblemLoader Init config took 2.22s 
237043     INFO  main            d.u.i.k.p.i.AbstractProblemLoader Replaying proof nonLinInEqExample0.key.proof 
237045     DEBUG main            d.u.i.k.p.i.IntermediateProofReplayer Proof replay took 565.61ns 
237046     DEBUG main            d.u.i.k.p.r.p.TestFile    ... success: reloaded. 
237046     INFO  main            d.u.i.k.p.r.p.TestFile    Now processing file /home/runner/work/key/key/key.core/../key.ui/examples/standard_key/inEqSimp/nonLinInEqExample2.key 
237047     INFO  main            d.u.i.k.p.i.AbstractProblemLoader Loading environment from /home/runner/work/key/key/key.core/../key.ui/examples/standard_key/inEqSimp/nonLinInEqExample2.key 
237047     DEBUG main            d.u.i.k.p.i.AbstractProblemLoader Environment load took 51.3ns 
237048     INFO  main            d.u.i.k.p.i.AbstractProblemLoader Creating init config 
239320     DEBUG main            d.u.i.k.p.i.AbstractProblemLoader Init config took 2.27s 
239335     INFO  main            d.u.i.k.p.i.AbstractProblemLoader Replaying proof nonLinInEqExample2.key 
239337     DEBUG main            d.u.i.k.p.i.IntermediateProofReplayer Proof replay took 3.5ns 
239640     INFO  main            d.u.i.k.p.r.p.TestFile    ... finished proof: closed. 
239938     INFO  main            d.u.i.k.p.i.AbstractProblemLoader Loading environment from /home/runner/work/key/key/key.core/../key.ui/examples/standard_key/inEqSimp/nonLinInEqExample2.key.proof 
239939     DEBUG main            d.u.i.k.p.i.AbstractProblemLoader Environment load took 522.11ns 
239940     INFO  main            d.u.i.k.p.i.AbstractProblemLoader Creating init config 
242168     DEBUG main            d.u.i.k.p.i.AbstractProblemLoader Init config took 2.23s 
242182     INFO  main            d.u.i.k.p.i.AbstractProblemLoader Replaying proof nonLinInEqExample2.key.proof 
242206     DEBUG main            d.u.i.k.p.i.IntermediateProofReplayer Proof replay took 20.08ms 
242207     DEBUG main            d.u.i.k.p.r.p.TestFile    ... success: reloaded. 
242208     INFO  main            d.u.i.k.p.r.p.TestFile    Now processing file /home/runner/work/key/key/key.core/../key.ui/examples/standard_key/inEqSimp/nonLinInEqExample3.key 
242208     INFO  main            d.u.i.k.p.i.AbstractProblemLoader Loading environment from /home/runner/work/key/key/key.core/../key.ui/examples/standard_key/inEqSimp/nonLinInEqExample3.key 
242208     DEBUG main            d.u.i.k.p.i.AbstractProblemLoader Environment load took 92.3ns 
242209     INFO  main            d.u.i.k.p.i.AbstractProblemLoader Creating init config 
244487     DEBUG main            d.u.i.k.p.i.AbstractProblemLoader Init config took 2.28s 
244502     INFO  main            d.u.i.k.p.i.AbstractProblemLoader Replaying proof nonLinInEqExample3.key 
244504     DEBUG main            d.u.i.k.p.i.IntermediateProofReplayer Proof replay took 3.2ns 
244706     INFO  main            d.u.i.k.p.r.p.TestFile    ... finished proof: closed. 
245030     INFO  main            d.u.i.k.p.i.AbstractProblemLoader Loading environment from /home/runner/work/key/key/key.core/../key.ui/examples/standard_key/inEqSimp/nonLinInEqExample3.key.proof 
245030     DEBUG main            d.u.i.k.p.i.AbstractProblemLoader Environment load took 110.4ns 
245031     INFO  main            d.u.i.k.p.i.AbstractProblemLoader Creating init config 
247253     DEBUG main            d.u.i.k.p.i.AbstractProblemLoader Init config took 2.22s 
247266     INFO  main            d.u.i.k.p.i.AbstractProblemLoader Replaying proof nonLinInEqExample3.key.proof 
247279     DEBUG main            d.u.i.k.p.i.IntermediateProofReplayer Proof replay took 11.13ms 
247280     DEBUG main            d.u.i.k.p.r.p.TestFile    ... success: reloaded. 
247281     INFO  main            d.u.i.k.p.r.p.TestFile    Now processing file /home/runner/work/key/key/key.core/../key.ui/examples/standard_key/inEqSimp/nonLinInEqExample4.key 
247281     INFO  main            d.u.i.k.p.i.AbstractProblemLoader Loading environment from /home/runner/work/key/key/key.core/../key.ui/examples/standard_key/inEqSimp/nonLinInEqExample4.key 
247282     DEBUG main            d.u.i.k.p.i.AbstractProblemLoader Environment load took 125ns 
247283     INFO  main            d.u.i.k.p.i.AbstractProblemLoader Creating init config 
249555     DEBUG main            d.u.i.k.p.i.AbstractProblemLoader Init config took 2.27s 
249569     INFO  main            d.u.i.k.p.i.AbstractProblemLoader Replaying proof nonLinInEqExample4.key 
249570     DEBUG main            d.u.i.k.p.i.IntermediateProofReplayer Proof replay took 4.2ns 
249675     INFO  main            d.u.i.k.p.r.p.TestFile    ... finished proof: closed. 
249987     INFO  main            d.u.i.k.p.i.AbstractProblemLoader Loading environment from /home/runner/work/key/key/key.core/../key.ui/examples/standard_key/inEqSimp/nonLinInEqExample4.key.proof 
249987     DEBUG main            d.u.i.k.p.i.AbstractProblemLoader Environment load took 103.5ns 
249988     INFO  main            d.u.i.k.p.i.AbstractProblemLoader Creating init config 
252220     DEBUG main            d.u.i.k.p.i.AbstractProblemLoader Init config took 2.23s 
252234     INFO  main            d.u.i.k.p.i.AbstractProblemLoader Replaying proof nonLinInEqExample4.key.proof 
252238     DEBUG main            d.u.i.k.p.i.IntermediateProofReplayer Proof replay took 2.72ms 
252239     DEBUG main            d.u.i.k.p.r.p.TestFile    ... success: reloaded. 
252240     INFO  main            d.u.i.k.p.r.p.TestFile    Now processing file /home/runner/work/key/key/key.core/../key.ui/examples/standard_key/inEqSimp/quadraticInEq.key 
252240     INFO  main            d.u.i.k.p.i.AbstractProblemLoader Loading environment from /home/runner/work/key/key/key.core/../key.ui/examples/standard_key/inEqSimp/quadraticInEq.key 
252240     DEBUG main            d.u.i.k.p.i.AbstractProblemLoader Environment load took 90.6ns 
252243     INFO  main            d.u.i.k.p.i.AbstractProblemLoader Creating init config 
254508     DEBUG main            d.u.i.k.p.i.AbstractProblemLoader Init config took 2.26s 
254521     INFO  main            d.u.i.k.p.i.AbstractProblemLoader Replaying proof quadraticInEq.key 
254522     DEBUG main            d.u.i.k.p.i.IntermediateProofReplayer Proof replay took 3.5ns 
254826     INFO  main            d.u.i.k.p.r.p.TestFile    ... finished proof: closed. 
255155     INFO  main            d.u.i.k.p.i.AbstractProblemLoader Loading environment from /home/runner/work/key/key/key.core/../key.ui/examples/standard_key/inEqSimp/quadraticInEq.key.proof 
255155     DEBUG main            d.u.i.k.p.i.AbstractProblemLoader Environment load took 118.9ns 
255157     INFO  main            d.u.i.k.p.i.AbstractProblemLoader Creating init config 
257401     DEBUG main            d.u.i.k.p.i.AbstractProblemLoader Init config took 2.24s 
257415     INFO  main            d.u.i.k.p.i.AbstractProblemLoader Replaying proof quadraticInEq.key.proof 
257446     DEBUG main            d.u.i.k.p.i.IntermediateProofReplayer Proof replay took 26.7ms 
257447     DEBUG main            d.u.i.k.p.r.p.TestFile    ... success: reloaded. 
257448     INFO  main            d.u.i.k.p.r.p.TestFile    Now processing file /home/runner/work/key/key/key.core/../key.ui/examples/standard_key/inEqSimp/quadraticInEq10.key 
257448     INFO  main            d.u.i.k.p.i.AbstractProblemLoader Loading environment from /home/runner/work/key/key/key.core/../key.ui/examples/standard_key/inEqSimp/quadraticInEq10.key 
257449     DEBUG main            d.u.i.k.p.i.AbstractProblemLoader Environment load took 90.3ns 
257450     INFO  main            d.u.i.k.p.i.AbstractProblemLoader Creating init config 
259707     DEBUG main            d.u.i.k.p.i.AbstractProblemLoader Init config took 2.26s 
259720     INFO  main            d.u.i.k.p.i.AbstractProblemLoader Replaying proof quadraticInEq10.key 
259722     DEBUG main            d.u.i.k.p.i.IntermediateProofReplayer Proof replay took 3.2ns 
259925     INFO  main            d.u.i.k.p.r.p.TestFile    ... finished proof: closed. 
260246     INFO  main            d.u.i.k.p.i.AbstractProblemLoader Loading environment from /home/runner/work/key/key/key.core/../key.ui/examples/standard_key/inEqSimp/quadraticInEq10.key.proof 
260246     DEBUG main            d.u.i.k.p.i.AbstractProblemLoader Environment load took 114.3ns 
260248     INFO  main            d.u.i.k.p.i.AbstractProblemLoader Creating init config 
262466     DEBUG main            d.u.i.k.p.i.AbstractProblemLoader Init config took 2.22s 
262479     INFO  main            d.u.i.k.p.i.AbstractProblemLoader Replaying proof quadraticInEq10.key.proof 
262489     DEBUG main            d.u.i.k.p.i.IntermediateProofReplayer Proof replay took 7.58ms 
262490     DEBUG main            d.u.i.k.p.r.p.TestFile    ... success: reloaded. 
262491     INFO  main            d.u.i.k.p.r.p.TestFile    Now processing file /home/runner/work/key/key/key.core/../key.ui/examples/standard_key/inEqSimp/quadraticInEq13.key 
262491     INFO  main            d.u.i.k.p.i.AbstractProblemLoader Loading environment from /home/runner/work/key/key/key.core/../key.ui/examples/standard_key/inEqSimp/quadraticInEq13.key 
262491     DEBUG main            d.u.i.k.p.i.AbstractProblemLoader Environment load took 90.4ns 
262492     INFO  main            d.u.i.k.p.i.AbstractProblemLoader Creating init config 
264749     DEBUG main            d.u.i.k.p.i.AbstractProblemLoader Init config took 2.26s 
264761     INFO  main            d.u.i.k.p.i.AbstractProblemLoader Replaying proof quadraticInEq13.key 
264763     DEBUG main            d.u.i.k.p.i.IntermediateProofReplayer Proof replay took 3.1ns 
264966     INFO  main            d.u.i.k.p.r.p.TestFile    ... finished proof: closed. 
265293     INFO  main            d.u.i.k.p.i.AbstractProblemLoader Loading environment from /home/runner/work/key/key/key.core/../key.ui/examples/standard_key/inEqSimp/quadraticInEq13.key.proof 
265294     DEBUG main            d.u.i.k.p.i.AbstractProblemLoader Environment load took 99.9ns 
265295     INFO  main            d.u.i.k.p.i.AbstractProblemLoader Creating init config 
267525     DEBUG main            d.u.i.k.p.i.AbstractProblemLoader Init config took 2.23s 
267538     INFO  main            d.u.i.k.p.i.AbstractProblemLoader Replaying proof quadraticInEq13.key.proof 
267549     DEBUG main            d.u.i.k.p.i.IntermediateProofReplayer Proof replay took 8.82ms 
267550     DEBUG main            d.u.i.k.p.r.p.TestFile    ... success: reloaded. 
267551     INFO  main            d.u.i.k.p.r.p.TestFile    Now processing file /home/runner/work/key/key/key.core/../key.ui/examples/standard_key/inEqSimp/quadraticInEq14.key 
267551     INFO  main            d.u.i.k.p.i.AbstractProblemLoader Loading environment from /home/runner/work/key/key/key.core/../key.ui/examples/standard_key/inEqSimp/quadraticInEq14.key 
267551     DEBUG main            d.u.i.k.p.i.AbstractProblemLoader Environment load took 53.5ns 
267552     INFO  main            d.u.i.k.p.i.AbstractProblemLoader Creating init config 
269840     DEBUG main            d.u.i.k.p.i.AbstractProblemLoader Init config took 2.29s 
269853     INFO  main            d.u.i.k.p.i.AbstractProblemLoader Replaying proof quadraticInEq14.key 
269855     DEBUG main            d.u.i.k.p.i.IntermediateProofReplayer Proof replay took 3.5ns 
270158     INFO  main            d.u.i.k.p.r.p.TestFile    ... finished proof: closed. 
270509     INFO  main            d.u.i.k.p.i.AbstractProblemLoader Loading environment from /home/runner/work/key/key/key.core/../key.ui/examples/standard_key/inEqSimp/quadraticInEq14.key.proof 
270510     DEBUG main            d.u.i.k.p.i.AbstractProblemLoader Environment load took 104.8ns 
270511     INFO  main            d.u.i.k.p.i.AbstractProblemLoader Creating init config 
272723     DEBUG main            d.u.i.k.p.i.AbstractProblemLoader Init config took 2.21s 
272735     INFO  main            d.u.i.k.p.i.AbstractProblemLoader Replaying proof quadraticInEq14.key.proof 
272749     DEBUG main            d.u.i.k.p.i.IntermediateProofReplayer Proof replay took 11.11ms 
272750     DEBUG main            d.u.i.k.p.r.p.TestFile    ... success: reloaded. 
272751     INFO  main            d.u.i.k.p.r.p.TestFile    Now processing file /home/runner/work/key/key/key.core/../key.ui/examples/standard_key/inEqSimp/quadraticInEq2.key 
272751     INFO  main            d.u.i.k.p.i.AbstractProblemLoader Loading environment from /home/runner/work/key/key/key.core/../key.ui/examples/standard_key/inEqSimp/quadraticInEq2.key 
272751     DEBUG main            d.u.i.k.p.i.AbstractProblemLoader Environment load took 74.4ns 
272752     INFO  main            d.u.i.k.p.i.AbstractProblemLoader Creating init config 
275024     DEBUG main            d.u.i.k.p.i.AbstractProblemLoader Init config took 2.27s 
275037     INFO  main            d.u.i.k.p.i.AbstractProblemLoader Replaying proof quadraticInEq2.key 
275039     DEBUG main            d.u.i.k.p.i.IntermediateProofReplayer Proof replay took 3.8ns 
275141     INFO  main            d.u.i.k.p.r.p.TestFile    ... finished proof: closed. 
275480     INFO  main            d.u.i.k.p.i.AbstractProblemLoader Loading environment from /home/runner/work/key/key/key.core/../key.ui/examples/standard_key/inEqSimp/quadraticInEq2.key.proof 
275480     DEBUG main            d.u.i.k.p.i.AbstractProblemLoader Environment load took 99.2ns 
275481     INFO  main            d.u.i.k.p.i.AbstractProblemLoader Creating init config 
277689     DEBUG main            d.u.i.k.p.i.AbstractProblemLoader Init config took 2.21s 
277703     INFO  main            d.u.i.k.p.i.AbstractProblemLoader Replaying proof quadraticInEq2.key.proof 
277707     DEBUG main            d.u.i.k.p.i.IntermediateProofReplayer Proof replay took 1.89ms 
277708     DEBUG main            d.u.i.k.p.r.p.TestFile    ... success: reloaded. 
277709     INFO  main            d.u.i.k.p.r.p.TestFile    Now processing file /home/runner/work/key/key/key.core/../key.ui/examples/standard_key/inEqSimp/quadraticInEq3.key 
277709     INFO  main            d.u.i.k.p.i.AbstractProblemLoader Loading environment from /home/runner/work/key/key/key.core/../key.ui/examples/standard_key/inEqSimp/quadraticInEq3.key 
277709     DEBUG main            d.u.i.k.p.i.AbstractProblemLoader Environment load took 53.7ns 
277710     INFO  main            d.u.i.k.p.i.AbstractProblemLoader Creating init config 
280017     DEBUG main            d.u.i.k.p.i.AbstractProblemLoader Init config took 2.31s 
280030     INFO  main            d.u.i.k.p.i.AbstractProblemLoader Replaying proof quadraticInEq3.key 
280032     DEBUG main            d.u.i.k.p.i.IntermediateProofReplayer Proof replay took 3.4ns 
280134     INFO  main            d.u.i.k.p.r.p.TestFile    ... finished proof: closed. 
280483     INFO  main            d.u.i.k.p.i.AbstractProblemLoader Loading environment from /home/runner/work/key/key/key.core/../key.ui/examples/standard_key/inEqSimp/quadraticInEq3.key.proof 
280483     DEBUG main            d.u.i.k.p.i.AbstractProblemLoader Environment load took 97.8ns 
280484     INFO  main            d.u.i.k.p.i.AbstractProblemLoader Creating init config 
282689     DEBUG main            d.u.i.k.p.i.AbstractProblemLoader Init config took 2.21s 
282705     INFO  main            d.u.i.k.p.i.AbstractProblemLoader Replaying proof quadraticInEq3.key.proof 
282711     DEBUG main            d.u.i.k.p.i.IntermediateProofReplayer Proof replay took 4.84ms 
282712     DEBUG main            d.u.i.k.p.r.p.TestFile    ... success: reloaded. 
282713     INFO  main            d.u.i.k.p.r.p.TestFile    Now processing file /home/runner/work/key/key/key.core/../key.ui/examples/standard_key/inEqSimp/quadraticInEq4.key 
282714     INFO  main            d.u.i.k.p.i.AbstractProblemLoader Loading environment from /home/runner/work/key/key/key.core/../key.ui/examples/standard_key/inEqSimp/quadraticInEq4.key 
282714     DEBUG main            d.u.i.k.p.i.AbstractProblemLoader Environment load took 228.6ns 
282715     INFO  main            d.u.i.k.p.i.AbstractProblemLoader Creating init config 
284966     DEBUG main            d.u.i.k.p.i.AbstractProblemLoader Init config took 2.25s 
284979     INFO  main            d.u.i.k.p.i.AbstractProblemLoader Replaying proof quadraticInEq4.key 
284981     DEBUG main            d.u.i.k.p.i.IntermediateProofReplayer Proof replay took 3.6ns 
285083     INFO  main            d.u.i.k.p.r.p.TestFile    ... finished proof: closed. 
285422     INFO  main            d.u.i.k.p.i.AbstractProblemLoader Loading environment from /home/runner/work/key/key/key.core/../key.ui/examples/standard_key/inEqSimp/quadraticInEq4.key.proof 
285422     DEBUG main            d.u.i.k.p.i.AbstractProblemLoader Environment load took 98.8ns 
285423     INFO  main            d.u.i.k.p.i.AbstractProblemLoader Creating init config 
287630     DEBUG main            d.u.i.k.p.i.AbstractProblemLoader Init config took 2.21s 
287643     INFO  main            d.u.i.k.p.i.AbstractProblemLoader Replaying proof quadraticInEq4.key.proof 
287647     DEBUG main            d.u.i.k.p.i.IntermediateProofReplayer Proof replay took 2.54ms 
287648     DEBUG main            d.u.i.k.p.r.p.TestFile    ... success: reloaded. 
287649     INFO  main            d.u.i.k.p.r.p.TestFile    Now processing file /home/runner/work/key/key/key.core/../key.ui/examples/standard_key/inEqSimp/quadraticInEq5.key 
287649     INFO  main            d.u.i.k.p.i.AbstractProblemLoader Loading environment from /home/runner/work/key/key/key.core/../key.ui/examples/standard_key/inEqSimp/quadraticInEq5.key 
287649     DEBUG main            d.u.i.k.p.i.AbstractProblemLoader Environment load took 94.5ns 
287650     INFO  main            d.u.i.k.p.i.AbstractProblemLoader Creating init config 
289896     DEBUG main            d.u.i.k.p.i.AbstractProblemLoader Init config took 2.25s 
289908     INFO  main            d.u.i.k.p.i.AbstractProblemLoader Replaying proof quadraticInEq5.key 
289910     DEBUG main            d.u.i.k.p.i.IntermediateProofReplayer Proof replay took 4.8ns 
290012     INFO  main            d.u.i.k.p.r.p.TestFile    ... finished proof: closed. 
290361     INFO  main            d.u.i.k.p.i.AbstractProblemLoader Loading environment from /home/runner/work/key/key/key.core/../key.ui/examples/standard_key/inEqSimp/quadraticInEq5.key.proof 
290361     DEBUG main            d.u.i.k.p.i.AbstractProblemLoader Environment load took 93ns 
290362     INFO  main            d.u.i.k.p.i.AbstractProblemLoader Creating init config 
292563     DEBUG main            d.u.i.k.p.i.AbstractProblemLoader Init config took 2.2s 
292576     INFO  main            d.u.i.k.p.i.AbstractProblemLoader Replaying proof quadraticInEq5.key.proof 
292580     DEBUG main            d.u.i.k.p.i.IntermediateProofReplayer Proof replay took 2.72ms 
292581     DEBUG main            d.u.i.k.p.r.p.TestFile    ... success: reloaded. 
292581     INFO  main            d.u.i.k.p.r.p.TestFile    Now processing file /home/runner/work/key/key/key.core/../key.ui/examples/standard_key/inEqSimp/quadraticInEq6.key 
292582     INFO  main            d.u.i.k.p.i.AbstractProblemLoader Loading environment from /home/runner/work/key/key/key.core/../key.ui/examples/standard_key/inEqSimp/quadraticInEq6.key 
292582     DEBUG main            d.u.i.k.p.i.AbstractProblemLoader Environment load took 50.4ns 
292583     INFO  main            d.u.i.k.p.i.AbstractProblemLoader Creating init config 
294813     DEBUG main            d.u.i.k.p.i.AbstractProblemLoader Init config took 2.23s 
294825     INFO  main            d.u.i.k.p.i.AbstractProblemLoader Replaying proof quadraticInEq6.key 
294827     DEBUG main            d.u.i.k.p.i.IntermediateProofReplayer Proof replay took 3.3ns 
294929     INFO  main            d.u.i.k.p.r.p.TestFile    ... finished proof: closed. 
295290     INFO  main            d.u.i.k.p.i.AbstractProblemLoader Loading environment from /home/runner/work/key/key/key.core/../key.ui/examples/standard_key/inEqSimp/quadraticInEq6.key.proof 
295290     DEBUG main            d.u.i.k.p.i.AbstractProblemLoader Environment load took 96.6ns 
295291     INFO  main            d.u.i.k.p.i.AbstractProblemLoader Creating init config 
297492     DEBUG main            d.u.i.k.p.i.AbstractProblemLoader Init config took 2.2s 
297506     INFO  main            d.u.i.k.p.i.AbstractProblemLoader Replaying proof quadraticInEq6.key.proof 
297511     DEBUG main            d.u.i.k.p.i.IntermediateProofReplayer Proof replay took 3.39ms 
297512     DEBUG main            d.u.i.k.p.r.p.TestFile    ... success: reloaded. 
297513     INFO  main            d.u.i.k.p.r.p.TestFile    Now processing file /home/runner/work/key/key/key.core/../key.ui/examples/standard_key/inEqSimp/quadraticInEq7.key 
297513     INFO  main            d.u.i.k.p.i.AbstractProblemLoader Loading environment from /home/runner/work/key/key/key.core/../key.ui/examples/standard_key/inEqSimp/quadraticInEq7.key 
297513     DEBUG main            d.u.i.k.p.i.AbstractProblemLoader Environment load took 91.6ns 
297514     INFO  main            d.u.i.k.p.i.AbstractProblemLoader Creating init config 
299753     DEBUG main            d.u.i.k.p.i.AbstractProblemLoader Init config took 2.24s 
299765     INFO  main            d.u.i.k.p.i.AbstractProblemLoader Replaying proof quadraticInEq7.key 
299766     DEBUG main            d.u.i.k.p.i.IntermediateProofReplayer Proof replay took 3.6ns 
299868     INFO  main            d.u.i.k.p.r.p.TestFile    ... finished proof: closed. 
300221     INFO  main            d.u.i.k.p.i.AbstractProblemLoader Loading environment from /home/runner/work/key/key/key.core/../key.ui/examples/standard_key/inEqSimp/quadraticInEq7.key.proof 
300221     DEBUG main            d.u.i.k.p.i.AbstractProblemLoader Environment load took 98.6ns 
300222     INFO  main            d.u.i.k.p.i.AbstractProblemLoader Creating init config 
302436     DEBUG main            d.u.i.k.p.i.AbstractProblemLoader Init config took 2.21s 
302449     INFO  main            d.u.i.k.p.i.AbstractProblemLoader Replaying proof quadraticInEq7.key.proof 
302452     DEBUG main            d.u.i.k.p.i.IntermediateProofReplayer Proof replay took 1.5ms 
302452     DEBUG main            d.u.i.k.p.r.p.TestFile    ... success: reloaded. 
302453     INFO  main            d.u.i.k.p.r.p.TestFile    Now processing file /home/runner/work/key/key/key.core/../key.ui/examples/standard_key/inEqSimp/quadraticInEq8.key 
302453     INFO  main            d.u.i.k.p.i.AbstractProblemLoader Loading environment from /home/runner/work/key/key/key.core/../key.ui/examples/standard_key/inEqSimp/quadraticInEq8.key 
302453     DEBUG main            d.u.i.k.p.i.AbstractProblemLoader Environment load took 84.5ns 
302454     INFO  main            d.u.i.k.p.i.AbstractProblemLoader Creating init config 
304678     DEBUG main            d.u.i.k.p.i.AbstractProblemLoader Init config took 2.22s 
304692     INFO  main            d.u.i.k.p.i.AbstractProblemLoader Replaying proof quadraticInEq8.key 
304693     DEBUG main            d.u.i.k.p.i.IntermediateProofReplayer Proof replay took 4.4ns 
304795     INFO  main            d.u.i.k.p.r.p.TestFile    ... finished proof: closed. 
305162     INFO  main            d.u.i.k.p.i.AbstractProblemLoader Loading environment from /home/runner/work/key/key/key.core/../key.ui/examples/standard_key/inEqSimp/quadraticInEq8.key.proof 
305163     DEBUG main            d.u.i.k.p.i.AbstractProblemLoader Environment load took 100.8ns 
305164     INFO  main            d.u.i.k.p.i.AbstractProblemLoader Creating init config 
307362     DEBUG main            d.u.i.k.p.i.AbstractProblemLoader Init config took 2.2s 
307375     INFO  main            d.u.i.k.p.i.AbstractProblemLoader Replaying proof quadraticInEq8.key.proof 
307381     DEBUG main            d.u.i.k.p.i.IntermediateProofReplayer Proof replay took 3.93ms 
307382     DEBUG main            d.u.i.k.p.r.p.TestFile    ... success: reloaded. 
307382     INFO  main            d.u.i.k.p.r.p.TestFile    Now processing file /home/runner/work/key/key/key.core/../key.ui/examples/standard_key/inEqSimp/simplify0.key 
307383     INFO  main            d.u.i.k.p.i.AbstractProblemLoader Loading environment from /home/runner/work/key/key/key.core/../key.ui/examples/standard_key/inEqSimp/simplify0.key 
307383     DEBUG main            d.u.i.k.p.i.AbstractProblemLoader Environment load took 46.2ns 
307384     INFO  main            d.u.i.k.p.i.AbstractProblemLoader Creating init config 
309627     DEBUG main            d.u.i.k.p.i.AbstractProblemLoader Init config took 2.24s 
309640     INFO  main            d.u.i.k.p.i.AbstractProblemLoader Replaying proof simplify0.key 
309641     DEBUG main            d.u.i.k.p.i.IntermediateProofReplayer Proof replay took 3.8ns 
309744     INFO  main            d.u.i.k.p.r.p.TestFile    ... finished proof: closed. 
310121     INFO  main            d.u.i.k.p.i.AbstractProblemLoader Loading environment from /home/runner/work/key/key/key.core/../key.ui/examples/standard_key/inEqSimp/simplify0.key.proof 
310121     DEBUG main            d.u.i.k.p.i.AbstractProblemLoader Environment load took 92ns 
310122     INFO  main            d.u.i.k.p.i.AbstractProblemLoader Creating init config 
312320     DEBUG main            d.u.i.k.p.i.AbstractProblemLoader Init config took 2.2s 
312333     INFO  main            d.u.i.k.p.i.AbstractProblemLoader Replaying proof simplify0.key.proof 
312336     DEBUG main            d.u.i.k.p.i.IntermediateProofReplayer Proof replay took 783.91ns 
312336     DEBUG main            d.u.i.k.p.r.p.TestFile    ... success: reloaded. 
312337     INFO  main            d.u.i.k.p.r.p.TestFile    Now processing file /home/runner/work/key/key/key.core/../key.ui/examples/standard_key/inEqSimp/simplify1.key 
312337     INFO  main            d.u.i.k.p.i.AbstractProblemLoader Loading environment from /home/runner/work/key/key/key.core/../key.ui/examples/standard_key/inEqSimp/simplify1.key 
312337     DEBUG main            d.u.i.k.p.i.AbstractProblemLoader Environment load took 49.6ns 
312338     INFO  main            d.u.i.k.p.i.AbstractProblemLoader Creating init config 
314571     DEBUG main            d.u.i.k.p.i.AbstractProblemLoader Init config took 2.23s 
314600     INFO  main            d.u.i.k.p.i.AbstractProblemLoader Replaying proof simplify1.key 
314601     DEBUG main            d.u.i.k.p.i.IntermediateProofReplayer Proof replay took 3.1ns 
314703     INFO  main            d.u.i.k.p.r.p.TestFile    ... finished proof: closed. 
315088     INFO  main            d.u.i.k.p.i.AbstractProblemLoader Loading environment from /home/runner/work/key/key/key.core/../key.ui/examples/standard_key/inEqSimp/simplify1.key.proof 
315088     DEBUG main            d.u.i.k.p.i.AbstractProblemLoader Environment load took 92.8ns 
315089     INFO  main            d.u.i.k.p.i.AbstractProblemLoader Creating init config 
317286     DEBUG main            d.u.i.k.p.i.AbstractProblemLoader Init config took 2.2s 
317299     INFO  main            d.u.i.k.p.i.AbstractProblemLoader Replaying proof simplify1.key.proof 
317301     DEBUG main            d.u.i.k.p.i.IntermediateProofReplayer Proof replay took 894.51ns 
317302     DEBUG main            d.u.i.k.p.r.p.TestFile    ... success: reloaded. 
317302     INFO  main            d.u.i.k.p.r.p.TestFile    Now processing file /home/runner/work/key/key/key.core/../key.ui/examples/standard_key/inEqSimp/simplify2.key 
317303     INFO  main            d.u.i.k.p.i.AbstractProblemLoader Loading environment from /home/runner/work/key/key/key.core/../key.ui/examples/standard_key/inEqSimp/simplify2.key 
317303     DEBUG main            d.u.i.k.p.i.AbstractProblemLoader Environment load took 44.9ns 
317303     INFO  main            d.u.i.k.p.i.AbstractProblemLoader Creating init config 
319580     DEBUG main            d.u.i.k.p.i.AbstractProblemLoader Init config took 2.28s 
319593     INFO  main            d.u.i.k.p.i.AbstractProblemLoader Replaying proof simplify2.key 
319594     DEBUG main            d.u.i.k.p.i.IntermediateProofReplayer Proof replay took 3.7ns 
319696     INFO  main            d.u.i.k.p.r.p.TestFile    ... finished proof: closed. 
320081     INFO  main            d.u.i.k.p.i.AbstractProblemLoader Loading environment from /home/runner/work/key/key/key.core/../key.ui/examples/standard_key/inEqSimp/simplify2.key.proof 
320081     DEBUG main            d.u.i.k.p.i.AbstractProblemLoader Environment load took 97.4ns 
320082     INFO  main            d.u.i.k.p.i.AbstractProblemLoader Creating init config 
322297     DEBUG main            d.u.i.k.p.i.AbstractProblemLoader Init config took 2.21s 
322310     INFO  main            d.u.i.k.p.i.AbstractProblemLoader Replaying proof simplify2.key.proof 
322318     DEBUG main            d.u.i.k.p.i.IntermediateProofReplayer Proof replay took 5.93ms 
322319     DEBUG main            d.u.i.k.p.r.p.TestFile    ... success: reloaded. 
322319     INFO  main            d.u.i.k.p.r.p.TestFile    Now processing file /home/runner/work/key/key/key.core/../key.ui/examples/standard_key/inEqSimp/simplify3.key 
322320     INFO  main            d.u.i.k.p.i.AbstractProblemLoader Loading environment from /home/runner/work/key/key/key.core/../key.ui/examples/standard_key/inEqSimp/simplify3.key 
322320     DEBUG main            d.u.i.k.p.i.AbstractProblemLoader Environment load took 47.6ns 
322320     INFO  main            d.u.i.k.p.i.AbstractProblemLoader Creating init config 
324556     DEBUG main            d.u.i.k.p.i.AbstractProblemLoader Init config took 2.24s 
324569     INFO  main            d.u.i.k.p.i.AbstractProblemLoader Replaying proof simplify3.key 
324570     DEBUG main            d.u.i.k.p.i.IntermediateProofReplayer Proof replay took 3.3ns 
324671     INFO  main            d.u.i.k.p.r.p.TestFile    ... finished proof: closed. 
325055     INFO  main            d.u.i.k.p.i.AbstractProblemLoader Loading environment from /home/runner/work/key/key/key.core/../key.ui/examples/standard_key/inEqSimp/simplify3.key.proof 
325055     DEBUG main            d.u.i.k.p.i.AbstractProblemLoader Environment load took 87.5ns 
325056     INFO  main            d.u.i.k.p.i.AbstractProblemLoader Creating init config 
327266     DEBUG main            d.u.i.k.p.i.AbstractProblemLoader Init config took 2.21s 
327282     INFO  main            d.u.i.k.p.i.AbstractProblemLoader Replaying proof simplify3.key.proof 
327285     DEBUG main            d.u.i.k.p.i.IntermediateProofReplayer Proof replay took 1.4ms 
327285     DEBUG main            d.u.i.k.p.r.p.TestFile    ... success: reloaded. 
327286     INFO  main            d.u.i.k.p.r.p.TestFile    Now processing file /home/runner/work/key/key/key.core/../key.ui/examples/standard_key/inEqSimp/simplify4.key 
327286     INFO  main            d.u.i.k.p.i.AbstractProblemLoader Loading environment from /home/runner/work/key/key/key.core/../key.ui/examples/standard_key/inEqSimp/simplify4.key 
327286     DEBUG main            d.u.i.k.p.i.AbstractProblemLoader Environment load took 78.8ns 
327287     INFO  main            d.u.i.k.p.i.AbstractProblemLoader Creating init config 
329533     DEBUG main            d.u.i.k.p.i.AbstractProblemLoader Init config took 2.25s 
329547     INFO  main            d.u.i.k.p.i.AbstractProblemLoader Replaying proof simplify4.key 
329548     DEBUG main            d.u.i.k.p.i.IntermediateProofReplayer Proof replay took 3ns 
329649     INFO  main            d.u.i.k.p.r.p.TestFile    ... finished proof: closed. 
330048     INFO  main            d.u.i.k.p.i.AbstractProblemLoader Loading environment from /home/runner/work/key/key/key.core/../key.ui/examples/standard_key/inEqSimp/simplify4.key.proof 
330048     DEBUG main            d.u.i.k.p.i.AbstractProblemLoader Environment load took 92ns 
330049     INFO  main            d.u.i.k.p.i.AbstractProblemLoader Creating init config 
332268     DEBUG main            d.u.i.k.p.i.AbstractProblemLoader Init config took 2.22s 
332282     INFO  main            d.u.i.k.p.i.AbstractProblemLoader Replaying proof simplify4.key.proof 
332289     DEBUG main            d.u.i.k.p.i.IntermediateProofReplayer Proof replay took 4.81ms 
332290     DEBUG main            d.u.i.k.p.r.p.TestFile    ... success: reloaded. 
332290     INFO  main            d.u.i.k.p.r.p.TestFile    Now processing file /home/runner/work/key/key/key.core/../key.ui/examples/standard_key/inEqSimp/simplify5.key 
332291     INFO  main            d.u.i.k.p.i.AbstractProblemLoader Loading environment from /home/runner/work/key/key/key.core/../key.ui/examples/standard_key/inEqSimp/simplify5.key 
332291     DEBUG main            d.u.i.k.p.i.AbstractProblemLoader Environment load took 201.7ns 
332292     INFO  main            d.u.i.k.p.i.AbstractProblemLoader Creating init config 
334557     DEBUG main            d.u.i.k.p.i.AbstractProblemLoader Init config took 2.26s 
334570     INFO  main            d.u.i.k.p.i.AbstractProblemLoader Replaying proof simplify5.key 
334572     DEBUG main            d.u.i.k.p.i.IntermediateProofReplayer Proof replay took 4ns 
335076     INFO  main            d.u.i.k.p.r.p.TestFile    ... finished proof: closed. 
335496     INFO  main            d.u.i.k.p.i.AbstractProblemLoader Loading environment from /home/runner/work/key/key/key.core/../key.ui/examples/standard_key/inEqSimp/simplify5.key.proof 
335496     DEBUG main            d.u.i.k.p.i.AbstractProblemLoader Environment load took 411.61ns 
335497     INFO  main            d.u.i.k.p.i.AbstractProblemLoader Creating init config 
337711     DEBUG main            d.u.i.k.p.i.AbstractProblemLoader Init config took 2.21s 
337724     INFO  main            d.u.i.k.p.i.AbstractProblemLoader Replaying proof simplify5.key.proof 
337763     DEBUG main            d.u.i.k.p.i.IntermediateProofReplayer Proof replay took 33.65ms 
337764     DEBUG main            d.u.i.k.p.r.p.TestFile    ... success: reloaded. 
337765     INFO  main            d.u.i.k.p.r.p.TestFile    Now processing file /home/runner/work/key/key/key.core/../key.ui/examples/standard_key/inEqSimp/subsumptionExample.key 
337765     INFO  main            d.u.i.k.p.i.AbstractProblemLoader Loading environment from /home/runner/work/key/key/key.core/../key.ui/examples/standard_key/inEqSimp/subsumptionExample.key 
337765     DEBUG main            d.u.i.k.p.i.AbstractProblemLoader Environment load took 72.5ns 
337766     INFO  main            d.u.i.k.p.i.AbstractProblemLoader Creating init config 
340013     DEBUG main            d.u.i.k.p.i.AbstractProblemLoader Init config took 2.25s 
340025     INFO  main            d.u.i.k.p.i.AbstractProblemLoader Replaying proof subsumptionExample.key 
340026     DEBUG main            d.u.i.k.p.i.IntermediateProofReplayer Proof replay took 3.6ns 
340128     INFO  main            d.u.i.k.p.r.p.TestFile    ... finished proof: closed. 
340541     INFO  main            d.u.i.k.p.i.AbstractProblemLoader Loading environment from /home/runner/work/key/key/key.core/../key.ui/examples/standard_key/inEqSimp/subsumptionExample.key.proof 
340541     DEBUG main            d.u.i.k.p.i.AbstractProblemLoader Environment load took 87.1ns 
340542     INFO  main            d.u.i.k.p.i.AbstractProblemLoader Creating init config 
342751     DEBUG main            d.u.i.k.p.i.AbstractProblemLoader Init config took 2.21s 
342763     INFO  main            d.u.i.k.p.i.AbstractProblemLoader Replaying proof subsumptionExample.key.proof 
342766     DEBUG main            d.u.i.k.p.i.IntermediateProofReplayer Proof replay took 690.31ns 
342766     DEBUG main            d.u.i.k.p.r.p.TestFile    ... success: reloaded. 
342767     INFO  main            d.u.i.k.p.r.p.TestFile    Now processing file /home/runner/work/key/key/key.core/../key.ui/examples/standard_key/polySimp/simplify0.key 
342767     INFO  main            d.u.i.k.p.i.AbstractProblemLoader Loading environment from /home/runner/work/key/key/key.core/../key.ui/examples/standard_key/polySimp/simplify0.key 
342767     DEBUG main            d.u.i.k.p.i.AbstractProblemLoader Environment load took 50.8ns 
342768     INFO  main            d.u.i.k.p.i.AbstractProblemLoader Creating init config 
345029     DEBUG main            d.u.i.k.p.i.AbstractProblemLoader Init config took 2.26s 
345043     INFO  main            d.u.i.k.p.i.AbstractProblemLoader Replaying proof simplify0.key 
345044     DEBUG main            d.u.i.k.p.i.IntermediateProofReplayer Proof replay took 3.3ns 
345248     INFO  main            d.u.i.k.p.r.p.TestFile    ... finished proof: closed. 
345658     INFO  main            d.u.i.k.p.i.AbstractProblemLoader Loading environment from /home/runner/work/key/key/key.core/../key.ui/examples/standard_key/polySimp/simplify0.key.proof 
345658     DEBUG main            d.u.i.k.p.i.AbstractProblemLoader Environment load took 99.8ns 
345659     INFO  main            d.u.i.k.p.i.AbstractProblemLoader Creating init config 
347868     DEBUG main            d.u.i.k.p.i.AbstractProblemLoader Init config took 2.21s 
347882     INFO  main            d.u.i.k.p.i.AbstractProblemLoader Replaying proof simplify0.key.proof 
347888     DEBUG main            d.u.i.k.p.i.IntermediateProofReplayer Proof replay took 4.43ms 
347889     DEBUG main            d.u.i.k.p.r.p.TestFile    ... success: reloaded. 
347890     INFO  main            d.u.i.k.p.r.p.TestFile    Now processing file /home/runner/work/key/key/key.core/../key.ui/examples/standard_key/polySimp/simplify1.key 
347890     INFO  main            d.u.i.k.p.i.AbstractProblemLoader Loading environment from /home/runner/work/key/key/key.core/../key.ui/examples/standard_key/polySimp/simplify1.key 
347890     DEBUG main            d.u.i.k.p.i.AbstractProblemLoader Environment load took 108.9ns 
347891     INFO  main            d.u.i.k.p.i.AbstractProblemLoader Creating init config 
350124     DEBUG main            d.u.i.k.p.i.AbstractProblemLoader Init config took 2.23s 
350137     INFO  main            d.u.i.k.p.i.AbstractProblemLoader Replaying proof simplify1.key 
350138     DEBUG main            d.u.i.k.p.i.IntermediateProofReplayer Proof replay took 3.4ns 
350444     INFO  main            d.u.i.k.p.r.p.TestFile    ... finished proof: closed. 
350863     INFO  main            d.u.i.k.p.i.AbstractProblemLoader Loading environment from /home/runner/work/key/key/key.core/../key.ui/examples/standard_key/polySimp/simplify1.key.proof 
350864     DEBUG main            d.u.i.k.p.i.AbstractProblemLoader Environment load took 99.5ns 
350865     INFO  main            d.u.i.k.p.i.AbstractProblemLoader Creating init config 
353077     DEBUG main            d.u.i.k.p.i.AbstractProblemLoader Init config took 2.21s 
353091     INFO  main            d.u.i.k.p.i.AbstractProblemLoader Replaying proof simplify1.key.proof 
353100     DEBUG main            d.u.i.k.p.i.IntermediateProofReplayer Proof replay took 6.21ms 
353101     DEBUG main            d.u.i.k.p.r.p.TestFile    ... success: reloaded. 
353102     INFO  main            d.u.i.k.p.r.p.TestFile    Now processing file /home/runner/work/key/key/key.core/../key.ui/examples/standard_key/polySimp/simplify10.key 
353102     INFO  main            d.u.i.k.p.i.AbstractProblemLoader Loading environment from /home/runner/work/key/key/key.core/../key.ui/examples/standard_key/polySimp/simplify10.key 
353102     DEBUG main            d.u.i.k.p.i.AbstractProblemLoader Environment load took 185ns 
353104     INFO  main            d.u.i.k.p.i.AbstractProblemLoader Creating init config 
355348     DEBUG main            d.u.i.k.p.i.AbstractProblemLoader Init config took 2.24s 
355363     INFO  main            d.u.i.k.p.i.AbstractProblemLoader Replaying proof simplify10.key 
355364     DEBUG main            d.u.i.k.p.i.IntermediateProofReplayer Proof replay took 3ns 
355567     INFO  main            d.u.i.k.p.r.p.TestFile    ... finished proof: closed. 
356012     INFO  main            d.u.i.k.p.i.AbstractProblemLoader Loading environment from /home/runner/work/key/key/key.core/../key.ui/examples/standard_key/polySimp/simplify10.key.proof 
356012     DEBUG main            d.u.i.k.p.i.AbstractProblemLoader Environment load took 111.6ns 
356014     INFO  main            d.u.i.k.p.i.AbstractProblemLoader Creating init config 
358212     DEBUG main            d.u.i.k.p.i.AbstractProblemLoader Init config took 2.2s 
358226     INFO  main            d.u.i.k.p.i.AbstractProblemLoader Replaying proof simplify10.key.proof 
358237     DEBUG main            d.u.i.k.p.i.IntermediateProofReplayer Proof replay took 8ms 
358238     DEBUG main            d.u.i.k.p.r.p.TestFile    ... success: reloaded. 
358239     INFO  main            d.u.i.k.p.r.p.TestFile    Now processing file /home/runner/work/key/key/key.core/../key.ui/examples/standard_key/polySimp/simplify11.key 
358239     INFO  main            d.u.i.k.p.i.AbstractProblemLoader Loading environment from /home/runner/work/key/key/key.core/../key.ui/examples/standard_key/polySimp/simplify11.key 
358239     DEBUG main            d.u.i.k.p.i.AbstractProblemLoader Environment load took 49.8ns 
358240     INFO  main            d.u.i.k.p.i.AbstractProblemLoader Creating init config 
360503     DEBUG main            d.u.i.k.p.i.AbstractProblemLoader Init config took 2.26s 
360517     INFO  main            d.u.i.k.p.i.AbstractProblemLoader Replaying proof simplify11.key 
360518     DEBUG main            d.u.i.k.p.i.IntermediateProofReplayer Proof replay took 3.1ns 
360721     INFO  main            d.u.i.k.p.r.p.TestFile    ... finished proof: closed. 
361164     INFO  main            d.u.i.k.p.i.AbstractProblemLoader Loading environment from /home/runner/work/key/key/key.core/../key.ui/examples/standard_key/polySimp/simplify11.key.proof 
361164     DEBUG main            d.u.i.k.p.i.AbstractProblemLoader Environment load took 87.9ns 
361165     INFO  main            d.u.i.k.p.i.AbstractProblemLoader Creating init config 
363380     DEBUG main            d.u.i.k.p.i.AbstractProblemLoader Init config took 2.21s 
363394     INFO  main            d.u.i.k.p.i.AbstractProblemLoader Replaying proof simplify11.key.proof 
363403     DEBUG main            d.u.i.k.p.i.IntermediateProofReplayer Proof replay took 6.88ms 
363404     DEBUG main            d.u.i.k.p.r.p.TestFile    ... success: reloaded. 
363404     INFO  main            d.u.i.k.p.r.p.TestFile    Now processing file /home/runner/work/key/key/key.core/../key.ui/examples/standard_key/polySimp/simplify12.key 
363405     INFO  main            d.u.i.k.p.i.AbstractProblemLoader Loading environment from /home/runner/work/key/key/key.core/../key.ui/examples/standard_key/polySimp/simplify12.key 
363405     DEBUG main            d.u.i.k.p.i.AbstractProblemLoader Environment load took 48.5ns 
363405     INFO  main            d.u.i.k.p.i.AbstractProblemLoader Creating init config 
365653     DEBUG main            d.u.i.k.p.i.AbstractProblemLoader Init config took 2.25s 
365665     INFO  main            d.u.i.k.p.i.AbstractProblemLoader Replaying proof simplify12.key 
365666     DEBUG main            d.u.i.k.p.i.IntermediateProofReplayer Proof replay took 3.3ns 
365768     INFO  main            d.u.i.k.p.r.p.TestFile    ... finished proof: closed. 
366211     INFO  main            d.u.i.k.p.i.AbstractProblemLoader Loading environment from /home/runner/work/key/key/key.core/../key.ui/examples/standard_key/polySimp/simplify12.key.proof 
366211     DEBUG main            d.u.i.k.p.i.AbstractProblemLoader Environment load took 94.6ns 
366212     INFO  main            d.u.i.k.p.i.AbstractProblemLoader Creating init config 
368416     DEBUG main            d.u.i.k.p.i.AbstractProblemLoader Init config took 2.2s 
368429     INFO  main            d.u.i.k.p.i.AbstractProblemLoader Replaying proof simplify12.key.proof 
368434     DEBUG main            d.u.i.k.p.i.IntermediateProofReplayer Proof replay took 3.39ms 
368435     DEBUG main            d.u.i.k.p.r.p.TestFile    ... success: reloaded. 
368435     INFO  main            d.u.i.k.p.r.p.TestFile    Now processing file /home/runner/work/key/key/key.core/../key.ui/examples/standard_key/polySimp/simplify13.key 
368436     INFO  main            d.u.i.k.p.i.AbstractProblemLoader Loading environment from /home/runner/work/key/key/key.core/../key.ui/examples/standard_key/polySimp/simplify13.key 
368436     DEBUG main            d.u.i.k.p.i.AbstractProblemLoader Environment load took 49.5ns 
368437     INFO  main            d.u.i.k.p.i.AbstractProblemLoader Creating init config 
370704     DEBUG main            d.u.i.k.p.i.AbstractProblemLoader Init config took 2.27s 
370718     INFO  main            d.u.i.k.p.i.AbstractProblemLoader Replaying proof simplify13.key 
370719     DEBUG main            d.u.i.k.p.i.IntermediateProofReplayer Proof replay took 3.8ns 
370820     INFO  main            d.u.i.k.p.r.p.TestFile    ... finished proof: closed. 
371261     INFO  main            d.u.i.k.p.i.AbstractProblemLoader Loading environment from /home/runner/work/key/key/key.core/../key.ui/examples/standard_key/polySimp/simplify13.key.proof 
371261     DEBUG main            d.u.i.k.p.i.AbstractProblemLoader Environment load took 91.6ns 
371262     INFO  main            d.u.i.k.p.i.AbstractProblemLoader Creating init config 
373460     DEBUG main            d.u.i.k.p.i.AbstractProblemLoader Init config took 2.2s 
373473     INFO  main            d.u.i.k.p.i.AbstractProblemLoader Replaying proof simplify13.key.proof 
373476     DEBUG main            d.u.i.k.p.i.IntermediateProofReplayer Proof replay took 2.13ms 
373477     DEBUG main            d.u.i.k.p.r.p.TestFile    ... success: reloaded. 
373477     INFO  main            d.u.i.k.p.r.p.TestFile    Now processing file /home/runner/work/key/key/key.core/../key.ui/examples/standard_key/polySimp/simplify14.key 
373478     INFO  main            d.u.i.k.p.i.AbstractProblemLoader Loading environment from /home/runner/work/key/key/key.core/../key.ui/examples/standard_key/polySimp/simplify14.key 
373478     DEBUG main            d.u.i.k.p.i.AbstractProblemLoader Environment load took 46.8ns 
373479     INFO  main            d.u.i.k.p.i.AbstractProblemLoader Creating init config 
375741     DEBUG main            d.u.i.k.p.i.AbstractProblemLoader Init config took 2.26s 
375754     INFO  main            d.u.i.k.p.i.AbstractProblemLoader Replaying proof simplify14.key 
375755     DEBUG main            d.u.i.k.p.i.IntermediateProofReplayer Proof replay took 3.1ns 
375857     INFO  main            d.u.i.k.p.r.p.TestFile    ... finished proof: closed. 
376291     INFO  main            d.u.i.k.p.i.AbstractProblemLoader Loading environment from /home/runner/work/key/key/key.core/../key.ui/examples/standard_key/polySimp/simplify14.key.proof 
376291     DEBUG main            d.u.i.k.p.i.AbstractProblemLoader Environment load took 85.7ns 
376292     INFO  main            d.u.i.k.p.i.AbstractProblemLoader Creating init config 
378494     DEBUG main            d.u.i.k.p.i.AbstractProblemLoader Init config took 2.2s 
378508     INFO  main            d.u.i.k.p.i.AbstractProblemLoader Replaying proof simplify14.key.proof 
378510     DEBUG main            d.u.i.k.p.i.IntermediateProofReplayer Proof replay took 471.61ns 
378510     DEBUG main            d.u.i.k.p.r.p.TestFile    ... success: reloaded. 
378511     INFO  main            d.u.i.k.p.r.p.TestFile    Now processing file /home/runner/work/key/key/key.core/../key.ui/examples/standard_key/polySimp/simplify15.key 
378511     INFO  main            d.u.i.k.p.i.AbstractProblemLoader Loading environment from /home/runner/work/key/key/key.core/../key.ui/examples/standard_key/polySimp/simplify15.key 
378511     DEBUG main            d.u.i.k.p.i.AbstractProblemLoader Environment load took 48.2ns 
378512     INFO  main            d.u.i.k.p.i.AbstractProblemLoader Creating init config 
380761     DEBUG main            d.u.i.k.p.i.AbstractProblemLoader Init config took 2.25s 
380776     INFO  main            d.u.i.k.p.i.AbstractProblemLoader Replaying proof simplify15.key 
380777     DEBUG main            d.u.i.k.p.i.IntermediateProofReplayer Proof replay took 2.7ns 
380878     INFO  main            d.u.i.k.p.r.p.TestFile    ... finished proof: closed. 
381320     INFO  main            d.u.i.k.p.i.AbstractProblemLoader Loading environment from /home/runner/work/key/key/key.core/../key.ui/examples/standard_key/polySimp/simplify15.key.proof 
381320     DEBUG main            d.u.i.k.p.i.AbstractProblemLoader Environment load took 84.8ns 
381321     INFO  main            d.u.i.k.p.i.AbstractProblemLoader Creating init config 
383518     DEBUG main            d.u.i.k.p.i.AbstractProblemLoader Init config took 2.2s 
383531     INFO  main            d.u.i.k.p.i.AbstractProblemLoader Replaying proof simplify15.key.proof 
383532     DEBUG main            d.u.i.k.p.i.IntermediateProofReplayer Proof replay took 319ns 
383533     DEBUG main            d.u.i.k.p.r.p.TestFile    ... success: reloaded. 
383534     INFO  main            d.u.i.k.p.r.p.TestFile    Now processing file /home/runner/work/key/key/key.core/../key.ui/examples/standard_key/polySimp/simplify16.key 
383534     INFO  main            d.u.i.k.p.i.AbstractProblemLoader Loading environment from /home/runner/work/key/key/key.core/../key.ui/examples/standard_key/polySimp/simplify16.key 
383534     DEBUG main            d.u.i.k.p.i.AbstractProblemLoader Environment load took 47ns 
383535     INFO  main            d.u.i.k.p.i.AbstractProblemLoader Creating init config 
385791     DEBUG main            d.u.i.k.p.i.AbstractProblemLoader Init config took 2.26s 
385804     INFO  main            d.u.i.k.p.i.AbstractProblemLoader Replaying proof simplify16.key 
385806     DEBUG main            d.u.i.k.p.i.IntermediateProofReplayer Proof replay took 3.7ns 
385908     INFO  main            d.u.i.k.p.r.p.TestFile    ... finished proof: closed. 
386355     INFO  main            d.u.i.k.p.i.AbstractProblemLoader Loading environment from /home/runner/work/key/key/key.core/../key.ui/examples/standard_key/polySimp/simplify16.key.proof 
386355     DEBUG main            d.u.i.k.p.i.AbstractProblemLoader Environment load took 92.8ns 
386356     INFO  main            d.u.i.k.p.i.AbstractProblemLoader Creating init config 
388562     DEBUG main            d.u.i.k.p.i.AbstractProblemLoader Init config took 2.21s 
388575     INFO  main            d.u.i.k.p.i.AbstractProblemLoader Replaying proof simplify16.key.proof 
388576     DEBUG main            d.u.i.k.p.i.IntermediateProofReplayer Proof replay took 222.9ns 
388577     DEBUG main            d.u.i.k.p.r.p.TestFile    ... success: reloaded. 
388577     INFO  main            d.u.i.k.p.r.p.TestFile    Now processing file /home/runner/work/key/key/key.core/../key.ui/examples/standard_key/polySimp/simplify17.key 
388578     INFO  main            d.u.i.k.p.i.AbstractProblemLoader Loading environment from /home/runner/work/key/key/key.core/../key.ui/examples/standard_key/polySimp/simplify17.key 
388578     DEBUG main            d.u.i.k.p.i.AbstractProblemLoader Environment load took 46.6ns 
388578     INFO  main            d.u.i.k.p.i.AbstractProblemLoader Creating init config 
390821     DEBUG main            d.u.i.k.p.i.AbstractProblemLoader Init config took 2.24s 
390834     INFO  main            d.u.i.k.p.i.AbstractProblemLoader Replaying proof simplify17.key 
390835     DEBUG main            d.u.i.k.p.i.IntermediateProofReplayer Proof replay took 3.2ns 
390937     INFO  main            d.u.i.k.p.r.p.TestFile    ... finished proof: closed. 
391395     INFO  main            d.u.i.k.p.i.AbstractProblemLoader Loading environment from /home/runner/work/key/key/key.core/../key.ui/examples/standard_key/polySimp/simplify17.key.proof 
391395     DEBUG main            d.u.i.k.p.i.AbstractProblemLoader Environment load took 93.5ns 
391396     INFO  main            d.u.i.k.p.i.AbstractProblemLoader Creating init config 
393594     DEBUG main            d.u.i.k.p.i.AbstractProblemLoader Init config took 2.2s 
393607     INFO  main            d.u.i.k.p.i.AbstractProblemLoader Replaying proof simplify17.key.proof 
393611     DEBUG main            d.u.i.k.p.i.IntermediateProofReplayer Proof replay took 2.8ms 
393612     DEBUG main            d.u.i.k.p.r.p.TestFile    ... success: reloaded. 
393612     INFO  main            d.u.i.k.p.r.p.TestFile    Now processing file /home/runner/work/key/key/key.core/../key.ui/examples/standard_key/polySimp/simplify18.key 
393613     INFO  main            d.u.i.k.p.i.AbstractProblemLoader Loading environment from /home/runner/work/key/key/key.core/../key.ui/examples/standard_key/polySimp/simplify18.key 
393613     DEBUG main            d.u.i.k.p.i.AbstractProblemLoader Environment load took 51.4ns 
393614     INFO  main            d.u.i.k.p.i.AbstractProblemLoader Creating init config 
395869     DEBUG main            d.u.i.k.p.i.AbstractProblemLoader Init config took 2.25s 
395882     INFO  main            d.u.i.k.p.i.AbstractProblemLoader Replaying proof simplify18.key 
395883     DEBUG main            d.u.i.k.p.i.IntermediateProofReplayer Proof replay took 3.6ns 
396086     INFO  main            d.u.i.k.p.r.p.TestFile    ... finished proof: closed. 
396550     INFO  main            d.u.i.k.p.i.AbstractProblemLoader Loading environment from /home/runner/work/key/key/key.core/../key.ui/examples/standard_key/polySimp/simplify18.key.proof 
396550     DEBUG main            d.u.i.k.p.i.AbstractProblemLoader Environment load took 92.3ns 
396551     INFO  main            d.u.i.k.p.i.AbstractProblemLoader Creating init config 
398752     DEBUG main            d.u.i.k.p.i.AbstractProblemLoader Init config took 2.2s 
398774     INFO  main            d.u.i.k.p.i.AbstractProblemLoader Replaying proof simplify18.key.proof 
398782     DEBUG main            d.u.i.k.p.i.IntermediateProofReplayer Proof replay took 5.87ms 
398783     DEBUG main            d.u.i.k.p.r.p.TestFile    ... success: reloaded. 
398784     INFO  main            d.u.i.k.p.r.p.TestFile    Now processing file /home/runner/work/key/key/key.core/../key.ui/examples/standard_key/polySimp/simplify19.key 
398784     INFO  main            d.u.i.k.p.i.AbstractProblemLoader Loading environment from /home/runner/work/key/key/key.core/../key.ui/examples/standard_key/polySimp/simplify19.key 
398784     DEBUG main            d.u.i.k.p.i.AbstractProblemLoader Environment load took 82.3ns 
398785     INFO  main            d.u.i.k.p.i.AbstractProblemLoader Creating init config 
401051     DEBUG main            d.u.i.k.p.i.AbstractProblemLoader Init config took 2.27s 
401065     INFO  main            d.u.i.k.p.i.AbstractProblemLoader Replaying proof simplify19.key 
401066     DEBUG main            d.u.i.k.p.i.IntermediateProofReplayer Proof replay took 3.4ns 
404090     INFO  main            d.u.i.k.p.r.p.TestFile    ... finished proof: closed. 
404598     INFO  main            d.u.i.k.p.i.AbstractProblemLoader Loading environment from /home/runner/work/key/key/key.core/../key.ui/examples/standard_key/polySimp/simplify19.key.proof 
404598     DEBUG main            d.u.i.k.p.i.AbstractProblemLoader Environment load took 110.9ns 
404600     INFO  main            d.u.i.k.p.i.AbstractProblemLoader Creating init config 
406978     DEBUG main            d.u.i.k.p.i.AbstractProblemLoader Init config took 2.38s 
406992     INFO  main            d.u.i.k.p.i.AbstractProblemLoader Replaying proof simplify19.key.proof 
407108     DEBUG main            d.u.i.k.p.i.IntermediateProofReplayer Proof replay took 104.97ms 
407109     DEBUG main            d.u.i.k.p.r.p.TestFile    ... success: reloaded. 
407110     INFO  main            d.u.i.k.p.r.p.TestFile    Now processing file /home/runner/work/key/key/key.core/../key.ui/examples/standard_key/polySimp/simplify2.key 
407110     INFO  main            d.u.i.k.p.i.AbstractProblemLoader Loading environment from /home/runner/work/key/key/key.core/../key.ui/examples/standard_key/polySimp/simplify2.key 
407110     DEBUG main            d.u.i.k.p.i.AbstractProblemLoader Environment load took 65.6ns 
407111     INFO  main            d.u.i.k.p.i.AbstractProblemLoader Creating init config 
409361     DEBUG main            d.u.i.k.p.i.AbstractProblemLoader Init config took 2.25s 
409374     INFO  main            d.u.i.k.p.i.AbstractProblemLoader Replaying proof simplify2.key 
409375     DEBUG main            d.u.i.k.p.i.IntermediateProofReplayer Proof replay took 3.4ns 
409477     INFO  main            d.u.i.k.p.r.p.TestFile    ... finished proof: closed. 
410000     INFO  main            d.u.i.k.p.i.AbstractProblemLoader Loading environment from /home/runner/work/key/key/key.core/../key.ui/examples/standard_key/polySimp/simplify2.key.proof 
410000     DEBUG main            d.u.i.k.p.i.AbstractProblemLoader Environment load took 91.6ns 
410001     INFO  main            d.u.i.k.p.i.AbstractProblemLoader Creating init config 
412202     DEBUG main            d.u.i.k.p.i.AbstractProblemLoader Init config took 2.2s 
412215     INFO  main            d.u.i.k.p.i.AbstractProblemLoader Replaying proof simplify2.key.proof 
412217     DEBUG main            d.u.i.k.p.i.IntermediateProofReplayer Proof replay took 489.61ns 
412218     DEBUG main            d.u.i.k.p.r.p.TestFile    ... success: reloaded. 
412218     INFO  main            d.u.i.k.p.r.p.TestFile    Now processing file /home/runner/work/key/key/key.core/../key.ui/examples/standard_key/polySimp/simplify20.key 
412218     INFO  main            d.u.i.k.p.i.AbstractProblemLoader Loading environment from /home/runner/work/key/key/key.core/../key.ui/examples/standard_key/polySimp/simplify20.key 
412218     DEBUG main            d.u.i.k.p.i.AbstractProblemLoader Environment load took 44.3ns 
412219     INFO  main            d.u.i.k.p.i.AbstractProblemLoader Creating init config 
414456     DEBUG main            d.u.i.k.p.i.AbstractProblemLoader Init config took 2.24s 
414469     INFO  main            d.u.i.k.p.i.AbstractProblemLoader Replaying proof simplify20.key 
414470     DEBUG main            d.u.i.k.p.i.IntermediateProofReplayer Proof replay took 3.1ns 
415074     INFO  main            d.u.i.k.p.r.p.TestFile    ... finished proof: closed. 
415600     INFO  main            d.u.i.k.p.i.AbstractProblemLoader Loading environment from /home/runner/work/key/key/key.core/../key.ui/examples/standard_key/polySimp/simplify20.key.proof 
415600     DEBUG main            d.u.i.k.p.i.AbstractProblemLoader Environment load took 411.31ns 
415602     INFO  main            d.u.i.k.p.i.AbstractProblemLoader Creating init config 
417801     DEBUG main            d.u.i.k.p.i.AbstractProblemLoader Init config took 2.2s 
417815     INFO  main            d.u.i.k.p.i.AbstractProblemLoader Replaying proof simplify20.key.proof 
417843     DEBUG main            d.u.i.k.p.i.IntermediateProofReplayer Proof replay took 24.21ms 
417844     DEBUG main            d.u.i.k.p.r.p.TestFile    ... success: reloaded. 
417845     INFO  main            d.u.i.k.p.r.p.TestFile    Now processing file /home/runner/work/key/key/key.core/../key.ui/examples/standard_key/polySimp/simplify21.key 
417845     INFO  main            d.u.i.k.p.i.AbstractProblemLoader Loading environment from /home/runner/work/key/key/key.core/../key.ui/examples/standard_key/polySimp/simplify21.key 
417845     DEBUG main            d.u.i.k.p.i.AbstractProblemLoader Environment load took 81.4ns 
417848     INFO  main            d.u.i.k.p.i.AbstractProblemLoader Creating init config 
420106     DEBUG main            d.u.i.k.p.i.AbstractProblemLoader Init config took 2.26s 
420120     INFO  main            d.u.i.k.p.i.AbstractProblemLoader Replaying proof simplify21.key 
420121     DEBUG main            d.u.i.k.p.i.IntermediateProofReplayer Proof replay took 3.4ns 
420726     INFO  main            d.u.i.k.p.r.p.TestFile    ... finished proof: closed. 
421279     INFO  main            d.u.i.k.p.i.AbstractProblemLoader Loading environment from /home/runner/work/key/key/key.core/../key.ui/examples/standard_key/polySimp/simplify21.key.proof 
421279     DEBUG main            d.u.i.k.p.i.AbstractProblemLoader Environment load took 89.3ns 
421285     INFO  main            d.u.i.k.p.i.AbstractProblemLoader Creating init config 
423505     DEBUG main            d.u.i.k.p.i.AbstractProblemLoader Init config took 2.22s 
423520     INFO  main            d.u.i.k.p.i.AbstractProblemLoader Replaying proof simplify21.key.proof 
423541     DEBUG main            d.u.i.k.p.i.IntermediateProofReplayer Proof replay took 17.63ms 
423544     DEBUG main            d.u.i.k.p.r.p.TestFile    ... success: reloaded. 
423544     INFO  main            d.u.i.k.p.r.p.TestFile    Now processing file /home/runner/work/key/key/key.core/../key.ui/examples/standard_key/polySimp/simplify22.key 
423545     INFO  main            d.u.i.k.p.i.AbstractProblemLoader Loading environment from /home/runner/work/key/key/key.core/../key.ui/examples/standard_key/polySimp/simplify22.key 
423545     DEBUG main            d.u.i.k.p.i.AbstractProblemLoader Environment load took 85.4ns 
423545     INFO  main            d.u.i.k.p.i.AbstractProblemLoader Creating init config 
425796     DEBUG main            d.u.i.k.p.i.AbstractProblemLoader Init config took 2.25s 
425808     INFO  main            d.u.i.k.p.i.AbstractProblemLoader Replaying proof simplify22.key 
425809     DEBUG main            d.u.i.k.p.i.IntermediateProofReplayer Proof replay took 3.8ns 
425911     INFO  main            d.u.i.k.p.r.p.TestFile    ... finished proof: closed. 
426426     INFO  main            d.u.i.k.p.i.AbstractProblemLoader Loading environment from /home/runner/work/key/key/key.core/../key.ui/examples/standard_key/polySimp/simplify22.key.proof 
426426     DEBUG main            d.u.i.k.p.i.AbstractProblemLoader Environment load took 92.3ns 
426427     INFO  main            d.u.i.k.p.i.AbstractProblemLoader Creating init config 
428628     DEBUG main            d.u.i.k.p.i.AbstractProblemLoader Init config took 2.2s 
428641     INFO  main            d.u.i.k.p.i.AbstractProblemLoader Replaying proof simplify22.key.proof 
428644     DEBUG main            d.u.i.k.p.i.IntermediateProofReplayer Proof replay took 2.15ms 
428645     DEBUG main            d.u.i.k.p.r.p.TestFile    ... success: reloaded. 
428646     INFO  main            d.u.i.k.p.r.p.TestFile    Now processing file /home/runner/work/key/key/key.core/../key.ui/examples/standard_key/polySimp/simplify23.key 
428646     INFO  main            d.u.i.k.p.i.AbstractProblemLoader Loading environment from /home/runner/work/key/key/key.core/../key.ui/examples/standard_key/polySimp/simplify23.key 
428646     DEBUG main            d.u.i.k.p.i.AbstractProblemLoader Environment load took 83.9ns 
428647     INFO  main            d.u.i.k.p.i.AbstractProblemLoader Creating init config 
430893     DEBUG main            d.u.i.k.p.i.AbstractProblemLoader Init config took 2.25s 
430907     INFO  main            d.u.i.k.p.i.AbstractProblemLoader Replaying proof simplify23.key 
430908     DEBUG main            d.u.i.k.p.i.IntermediateProofReplayer Proof replay took 4.4ns 
431010     INFO  main            d.u.i.k.p.r.p.TestFile    ... finished proof: closed. 
431507     INFO  main            d.u.i.k.p.i.AbstractProblemLoader Loading environment from /home/runner/work/key/key/key.core/../key.ui/examples/standard_key/polySimp/simplify23.key.proof 
431507     DEBUG main            d.u.i.k.p.i.AbstractProblemLoader Environment load took 87.1ns 
431508     INFO  main            d.u.i.k.p.i.AbstractProblemLoader Creating init config 
433715     DEBUG main            d.u.i.k.p.i.AbstractProblemLoader Init config took 2.21s 
433727     INFO  main            d.u.i.k.p.i.AbstractProblemLoader Replaying proof simplify23.key.proof 
433735     DEBUG main            d.u.i.k.p.i.IntermediateProofReplayer Proof replay took 5.37ms 
433736     DEBUG main            d.u.i.k.p.r.p.TestFile    ... success: reloaded. 
433736     INFO  main            d.u.i.k.p.r.p.TestFile    Now processing file /home/runner/work/key/key/key.core/../key.ui/examples/standard_key/polySimp/simplify24.key 
433736     INFO  main            d.u.i.k.p.i.AbstractProblemLoader Loading environment from /home/runner/work/key/key/key.core/../key.ui/examples/standard_key/polySimp/simplify24.key 
433736     DEBUG main            d.u.i.k.p.i.AbstractProblemLoader Environment load took 76.3ns 
433737     INFO  main            d.u.i.k.p.i.AbstractProblemLoader Creating init config 
435995     DEBUG main            d.u.i.k.p.i.AbstractProblemLoader Init config took 2.26s 
436007     INFO  main            d.u.i.k.p.i.AbstractProblemLoader Replaying proof simplify24.key 
436008     DEBUG main            d.u.i.k.p.i.IntermediateProofReplayer Proof replay took 3.6ns 
436109     INFO  main            d.u.i.k.p.r.p.TestFile    ... finished proof: closed. 
436615     INFO  main            d.u.i.k.p.i.AbstractProblemLoader Loading environment from /home/runner/work/key/key/key.core/../key.ui/examples/standard_key/polySimp/simplify24.key.proof 
436615     DEBUG main            d.u.i.k.p.i.AbstractProblemLoader Environment load took 125.4ns 
436616     INFO  main            d.u.i.k.p.i.AbstractProblemLoader Creating init config 
438817     DEBUG main            d.u.i.k.p.i.AbstractProblemLoader Init config took 2.2s 
438832     INFO  main            d.u.i.k.p.i.AbstractProblemLoader Replaying proof simplify24.key.proof 
438835     DEBUG main            d.u.i.k.p.i.IntermediateProofReplayer Proof replay took 1.16ms 
438836     DEBUG main            d.u.i.k.p.r.p.TestFile    ... success: reloaded. 
438836     INFO  main            d.u.i.k.p.r.p.TestFile    Now processing file /home/runner/work/key/key/key.core/../key.ui/examples/standard_key/polySimp/simplify25.key 
438836     INFO  main            d.u.i.k.p.i.AbstractProblemLoader Loading environment from /home/runner/work/key/key/key.core/../key.ui/examples/standard_key/polySimp/simplify25.key 
438836     DEBUG main            d.u.i.k.p.i.AbstractProblemLoader Environment load took 80.2ns 
438837     INFO  main            d.u.i.k.p.i.AbstractProblemLoader Creating init config 
441091     DEBUG main            d.u.i.k.p.i.AbstractProblemLoader Init config took 2.25s 
441106     INFO  main            d.u.i.k.p.i.AbstractProblemLoader Replaying proof simplify25.key 
441107     DEBUG main            d.u.i.k.p.i.IntermediateProofReplayer Proof replay took 3.4ns 
441209     INFO  main            d.u.i.k.p.r.p.TestFile    ... finished proof: closed. 
441706     INFO  main            d.u.i.k.p.i.AbstractProblemLoader Loading environment from /home/runner/work/key/key/key.core/../key.ui/examples/standard_key/polySimp/simplify25.key.proof 
441706     DEBUG main            d.u.i.k.p.i.AbstractProblemLoader Environment load took 97.4ns 
441707     INFO  main            d.u.i.k.p.i.AbstractProblemLoader Creating init config 
443917     DEBUG main            d.u.i.k.p.i.AbstractProblemLoader Init config took 2.21s 
443930     INFO  main            d.u.i.k.p.i.AbstractProblemLoader Replaying proof simplify25.key.proof 
443933     DEBUG main            d.u.i.k.p.i.IntermediateProofReplayer Proof replay took 1.53ms 
443933     DEBUG main            d.u.i.k.p.r.p.TestFile    ... success: reloaded. 
443934     INFO  main            d.u.i.k.p.r.p.TestFile    Now processing file /home/runner/work/key/key/key.core/../key.ui/examples/standard_key/polySimp/simplify3.key 
443934     INFO  main            d.u.i.k.p.i.AbstractProblemLoader Loading environment from /home/runner/work/key/key/key.core/../key.ui/examples/standard_key/polySimp/simplify3.key 
443934     DEBUG main            d.u.i.k.p.i.AbstractProblemLoader Environment load took 46.2ns 
443935     INFO  main            d.u.i.k.p.i.AbstractProblemLoader Creating init config 
446184     DEBUG main            d.u.i.k.p.i.AbstractProblemLoader Init config took 2.25s 
446197     INFO  main            d.u.i.k.p.i.AbstractProblemLoader Replaying proof simplify3.key 
446198     DEBUG main            d.u.i.k.p.i.IntermediateProofReplayer Proof replay took 2.8ns 
446299     INFO  main            d.u.i.k.p.r.p.TestFile    ... finished proof: closed. 
446802     INFO  main            d.u.i.k.p.i.AbstractProblemLoader Loading environment from /home/runner/work/key/key/key.core/../key.ui/examples/standard_key/polySimp/simplify3.key.proof 
446803     DEBUG main            d.u.i.k.p.i.AbstractProblemLoader Environment load took 85ns 
446804     INFO  main            d.u.i.k.p.i.AbstractProblemLoader Creating init config 
448999     DEBUG main            d.u.i.k.p.i.AbstractProblemLoader Init config took 2.2s 
449012     INFO  main            d.u.i.k.p.i.AbstractProblemLoader Replaying proof simplify3.key.proof 
449013     DEBUG main            d.u.i.k.p.i.IntermediateProofReplayer Proof replay took 520.11ns 
449014     DEBUG main            d.u.i.k.p.r.p.TestFile    ... success: reloaded. 
449015     INFO  main            d.u.i.k.p.r.p.TestFile    Now processing file /home/runner/work/key/key/key.core/../key.ui/examples/standard_key/polySimp/simplify4.key 
449015     INFO  main            d.u.i.k.p.i.AbstractProblemLoader Loading environment from /home/runner/work/key/key/key.core/../key.ui/examples/standard_key/polySimp/simplify4.key 
449015     DEBUG main            d.u.i.k.p.i.AbstractProblemLoader Environment load took 73.1ns 
449016     INFO  main            d.u.i.k.p.i.AbstractProblemLoader Creating init config 
451264     DEBUG main            d.u.i.k.p.i.AbstractProblemLoader Init config took 2.25s 
451276     INFO  main            d.u.i.k.p.i.AbstractProblemLoader Replaying proof simplify4.key 
451277     DEBUG main            d.u.i.k.p.i.IntermediateProofReplayer Proof replay took 3ns 
451379     INFO  main            d.u.i.k.p.r.p.TestFile    ... finished proof: closed. 
451877     INFO  main            d.u.i.k.p.i.AbstractProblemLoader Loading environment from /home/runner/work/key/key/key.core/../key.ui/examples/standard_key/polySimp/simplify4.key.proof 
451877     DEBUG main            d.u.i.k.p.i.AbstractProblemLoader Environment load took 88.2ns 
451878     INFO  main            d.u.i.k.p.i.AbstractProblemLoader Creating init config 
454077     DEBUG main            d.u.i.k.p.i.AbstractProblemLoader Init config took 2.2s 
454090     INFO  main            d.u.i.k.p.i.AbstractProblemLoader Replaying proof simplify4.key.proof 
454092     DEBUG main            d.u.i.k.p.i.IntermediateProofReplayer Proof replay took 621.71ns 
454093     DEBUG main            d.u.i.k.p.r.p.TestFile    ... success: reloaded. 
454093     INFO  main            d.u.i.k.p.r.p.TestFile    Now processing file /home/runner/work/key/key/key.core/../key.ui/examples/standard_key/polySimp/simplify5.key 
454093     INFO  main            d.u.i.k.p.i.AbstractProblemLoader Loading environment from /home/runner/work/key/key/key.core/../key.ui/examples/standard_key/polySimp/simplify5.key 
454093     DEBUG main            d.u.i.k.p.i.AbstractProblemLoader Environment load took 63.2ns 
454094     INFO  main            d.u.i.k.p.i.AbstractProblemLoader Creating init config 
456343     DEBUG main            d.u.i.k.p.i.AbstractProblemLoader Init config took 2.25s 
456357     INFO  main            d.u.i.k.p.i.AbstractProblemLoader Replaying proof simplify5.key 
456358     DEBUG main            d.u.i.k.p.i.IntermediateProofReplayer Proof replay took 3.2ns 
456460     INFO  main            d.u.i.k.p.r.p.TestFile    ... finished proof: closed. 
456972     INFO  main            d.u.i.k.p.i.AbstractProblemLoader Loading environment from /home/runner/work/key/key/key.core/../key.ui/examples/standard_key/polySimp/simplify5.key.proof 
456972     DEBUG main            d.u.i.k.p.i.AbstractProblemLoader Environment load took 85.2ns 
456973     INFO  main            d.u.i.k.p.i.AbstractProblemLoader Creating init config 
459262     DEBUG main            d.u.i.k.p.i.AbstractProblemLoader Init config took 2.29s 
459275     INFO  main            d.u.i.k.p.i.AbstractProblemLoader Replaying proof simplify5.key.proof 
459280     DEBUG main            d.u.i.k.p.i.IntermediateProofReplayer Proof replay took 2.17ms 
459281     DEBUG main            d.u.i.k.p.r.p.TestFile    ... success: reloaded. 
459281     INFO  main            d.u.i.k.p.r.p.TestFile    Now processing file /home/runner/work/key/key/key.core/../key.ui/examples/standard_key/polySimp/simplify6.key 
459281     INFO  main            d.u.i.k.p.i.AbstractProblemLoader Loading environment from /home/runner/work/key/key/key.core/../key.ui/examples/standard_key/polySimp/simplify6.key 
459281     DEBUG main            d.u.i.k.p.i.AbstractProblemLoader Environment load took 48.1ns 
459282     INFO  main            d.u.i.k.p.i.AbstractProblemLoader Creating init config 
461531     DEBUG main            d.u.i.k.p.i.AbstractProblemLoader Init config took 2.25s 
461544     INFO  main            d.u.i.k.p.i.AbstractProblemLoader Replaying proof simplify6.key 
461545     DEBUG main            d.u.i.k.p.i.IntermediateProofReplayer Proof replay took 3.4ns 
461647     INFO  main            d.u.i.k.p.r.p.TestFile    ... finished proof: closed. 
462183     INFO  main            d.u.i.k.p.i.AbstractProblemLoader Loading environment from /home/runner/work/key/key/key.core/../key.ui/examples/standard_key/polySimp/simplify6.key.proof 
462183     DEBUG main            d.u.i.k.p.i.AbstractProblemLoader Environment load took 109.3ns 
462184     INFO  main            d.u.i.k.p.i.AbstractProblemLoader Creating init config 
464580     DEBUG main            d.u.i.k.p.i.AbstractProblemLoader Init config took 2.4s 
464594     INFO  main            d.u.i.k.p.i.AbstractProblemLoader Replaying proof simplify6.key.proof 
464596     DEBUG main            d.u.i.k.p.i.IntermediateProofReplayer Proof replay took 190.5ns 
464597     DEBUG main            d.u.i.k.p.r.p.TestFile    ... success: reloaded. 
464598     INFO  main            d.u.i.k.p.r.p.TestFile    Now processing file /home/runner/work/key/key/key.core/../key.ui/examples/standard_key/polySimp/simplify7.key 
464598     INFO  main            d.u.i.k.p.i.AbstractProblemLoader Loading environment from /home/runner/work/key/key/key.core/../key.ui/examples/standard_key/polySimp/simplify7.key 
464598     DEBUG main            d.u.i.k.p.i.AbstractProblemLoader Environment load took 178.7ns 
464599     INFO  main            d.u.i.k.p.i.AbstractProblemLoader Creating init config 
466991     DEBUG main            d.u.i.k.p.i.AbstractProblemLoader Init config took 2.39s 
467005     INFO  main            d.u.i.k.p.i.AbstractProblemLoader Replaying proof simplify7.key 
467006     DEBUG main            d.u.i.k.p.i.IntermediateProofReplayer Proof replay took 3.2ns 
467108     INFO  main            d.u.i.k.p.r.p.TestFile    ... finished proof: closed. 
467633     INFO  main            d.u.i.k.p.i.AbstractProblemLoader Loading environment from /home/runner/work/key/key/key.core/../key.ui/examples/standard_key/polySimp/simplify7.key.proof 
467633     DEBUG main            d.u.i.k.p.i.AbstractProblemLoader Environment load took 90.8ns 
467634     INFO  main            d.u.i.k.p.i.AbstractProblemLoader Creating init config 
469939     DEBUG main            d.u.i.k.p.i.AbstractProblemLoader Init config took 2.3s 
469955     INFO  main            d.u.i.k.p.i.AbstractProblemLoader Replaying proof simplify7.key.proof 
469957     DEBUG main            d.u.i.k.p.i.IntermediateProofReplayer Proof replay took 343.2ns 
469958     DEBUG main            d.u.i.k.p.r.p.TestFile    ... success: reloaded. 
469959     INFO  main            d.u.i.k.p.r.p.TestFile    Now processing file /home/runner/work/key/key/key.core/../key.ui/examples/standard_key/polySimp/simplify8.key 
469959     INFO  main            d.u.i.k.p.i.AbstractProblemLoader Loading environment from /home/runner/work/key/key/key.core/../key.ui/examples/standard_key/polySimp/simplify8.key 
469959     DEBUG main            d.u.i.k.p.i.AbstractProblemLoader Environment load took 185.1ns 
469963     INFO  main            d.u.i.k.p.i.AbstractProblemLoader Creating init config 
472321     DEBUG main            d.u.i.k.p.i.AbstractProblemLoader Init config took 2.36s 
472334     INFO  main            d.u.i.k.p.i.AbstractProblemLoader Replaying proof simplify8.key 
472336     DEBUG main            d.u.i.k.p.i.IntermediateProofReplayer Proof replay took 4.1ns 
476215     INFO  main            d.u.i.k.p.r.p.TestFile    ... finished proof: closed. 
476782     INFO  main            d.u.i.k.p.i.AbstractProblemLoader Loading environment from /home/runner/work/key/key/key.core/../key.ui/examples/standard_key/polySimp/simplify8.key.proof 
476782     DEBUG main            d.u.i.k.p.i.AbstractProblemLoader Environment load took 89.3ns 
476785     INFO  main            d.u.i.k.p.i.AbstractProblemLoader Creating init config 
479081     DEBUG main            d.u.i.k.p.i.AbstractProblemLoader Init config took 2.3s 
479099     INFO  main            d.u.i.k.p.i.AbstractProblemLoader Replaying proof simplify8.key.proof 
479153     DEBUG main            d.u.i.k.p.i.IntermediateProofReplayer Proof replay took 48.99ms 
479156     DEBUG main            d.u.i.k.p.r.p.TestFile    ... success: reloaded. 
479156     INFO  main            d.u.i.k.p.r.p.TestFile    Now processing file /home/runner/work/key/key/key.core/../key.ui/examples/standard_key/polySimp/simplify9.key 
479157     INFO  main            d.u.i.k.p.i.AbstractProblemLoader Loading environment from /home/runner/work/key/key/key.core/../key.ui/examples/standard_key/polySimp/simplify9.key 
479157     DEBUG main            d.u.i.k.p.i.AbstractProblemLoader Environment load took 49.4ns 
479159     INFO  main            d.u.i.k.p.i.AbstractProblemLoader Creating init config 
481415     DEBUG main            d.u.i.k.p.i.AbstractProblemLoader Init config took 2.26s 
481427     INFO  main            d.u.i.k.p.i.AbstractProblemLoader Replaying proof simplify9.key 
481428     DEBUG main            d.u.i.k.p.i.IntermediateProofReplayer Proof replay took 3.6ns 
481631     INFO  main            d.u.i.k.p.r.p.TestFile    ... finished proof: closed. 
482224     INFO  main            d.u.i.k.p.i.AbstractProblemLoader Loading environment from /home/runner/work/key/key/key.core/../key.ui/examples/standard_key/polySimp/simplify9.key.proof 
482224     DEBUG main            d.u.i.k.p.i.AbstractProblemLoader Environment load took 83.9ns 
482225     INFO  main            d.u.i.k.p.i.AbstractProblemLoader Creating init config 
484417     DEBUG main            d.u.i.k.p.i.AbstractProblemLoader Init config took 2.19s 
484431     INFO  main            d.u.i.k.p.i.AbstractProblemLoader Replaying proof simplify9.key.proof 
484436     DEBUG main            d.u.i.k.p.i.IntermediateProofReplayer Proof replay took 3.13ms 
484437     DEBUG main            d.u.i.k.p.r.p.TestFile    ... success: reloaded. 
2835709    INFO  Test worker     d.u.i.k.p.r.p.StatisticsFile Returning from test arithmetic 
2835714    INFO  Test worker     d.u.i.k.p.r.p.StatisticsFile Running test arrays 
343        INFO  Timeout watchdog d.u.i.k.p.r.p.ForkedTestFileRunner Timeout watcher launched (2000 secs.) 
372        WARN  main            d.u.i.k.s.ProofSettings   The settings in /home/runner/.key/proof-settings.props are *not* read. 
421        INFO  main            d.u.i.k.p.r.p.TestFile    Now processing file /home/runner/work/key/key/key.core/../key.ui/examples/standard_key/arrays/arrayStoreException/array2DimPrim.key 
550        INFO  main            d.u.i.k.p.i.AbstractProblemLoader Loading environment from /home/runner/work/key/key/key.core/../key.ui/examples/standard_key/arrays/arrayStoreException/array2DimPrim.key 
578        DEBUG main            d.u.i.k.p.i.AbstractProblemLoader Environment load took 3.17ms 
871        INFO  main            d.u.i.k.p.i.AbstractProblemLoader Creating init config 
1908       DEBUG main            d.u.i.k.j.TypeConverter   No LDT found for Meta 
1909       DEBUG main            d.u.i.k.j.TypeConverter   No LDT found for Meta 
1912       DEBUG main            d.u.i.k.j.TypeConverter   No LDT found for Meta 
1913       DEBUG main            d.u.i.k.j.TypeConverter   No LDT found for Meta 
3337       DEBUG main            d.u.i.k.j.TypeConverter   No LDT found for JavaBigintExpression 
8219       DEBUG main            d.u.i.k.p.i.AbstractProblemLoader Init config took 7.35s 
8286       INFO  main            d.u.i.k.p.i.AbstractProblemLoader Replaying proof array2DimPrim.key 
8321       DEBUG main            d.u.i.k.p.i.IntermediateProofReplayer Proof replay took 40ns 
12462      INFO  main            d.u.i.k.p.r.p.TestFile    ... finished proof: closed. 
12675      INFO  main            d.u.i.k.p.i.AbstractProblemLoader Loading environment from /home/runner/work/key/key/key.core/../key.ui/examples/standard_key/arrays/arrayStoreException/array2DimPrim.key.proof 
12676      DEBUG main            d.u.i.k.p.i.AbstractProblemLoader Environment load took 514.21ns 
12683      INFO  main            d.u.i.k.p.i.AbstractProblemLoader Creating init config 
15500      DEBUG main            d.u.i.k.p.i.AbstractProblemLoader Init config took 2.82s 
15557      INFO  main            d.u.i.k.p.i.AbstractProblemLoader Replaying proof array2DimPrim.key.proof 
15985      DEBUG main            d.u.i.k.p.i.IntermediateProofReplayer Proof replay took 399.65ms 
16003      DEBUG main            d.u.i.k.p.r.p.TestFile    ... success: reloaded. 
16006      INFO  main            d.u.i.k.p.r.p.TestFile    Now processing file /home/runner/work/key/key/key.core/../key.ui/examples/standard_key/arrays/arrayStoreException/arrayStoreKnownDynType.key 
16006      INFO  main            d.u.i.k.p.i.AbstractProblemLoader Loading environment from /home/runner/work/key/key/key.core/../key.ui/examples/standard_key/arrays/arrayStoreException/arrayStoreKnownDynType.key 
16007      DEBUG main            d.u.i.k.p.i.AbstractProblemLoader Environment load took 316.4ns 
16010      INFO  main            d.u.i.k.p.i.AbstractProblemLoader Creating init config 
18640      DEBUG main            d.u.i.k.p.i.AbstractProblemLoader Init config took 2.63s 
18671      INFO  main            d.u.i.k.p.i.AbstractProblemLoader Replaying proof arrayStoreKnownDynType.key 
18674      DEBUG main            d.u.i.k.p.i.IntermediateProofReplayer Proof replay took 19.6ns 
18877      INFO  main            d.u.i.k.p.r.p.TestFile    ... finished proof: closed. 
19116      INFO  main            d.u.i.k.p.i.AbstractProblemLoader Loading environment from /home/runner/work/key/key/key.core/../key.ui/examples/standard_key/arrays/arrayStoreException/arrayStoreKnownDynType.key.proof 
19117      DEBUG main            d.u.i.k.p.i.AbstractProblemLoader Environment load took 486.11ns 
19118      INFO  main            d.u.i.k.p.i.AbstractProblemLoader Creating init config 
21621      DEBUG main            d.u.i.k.p.i.AbstractProblemLoader Init config took 2.5s 
21648      INFO  main            d.u.i.k.p.i.AbstractProblemLoader Replaying proof arrayStoreKnownDynType.key.proof 
21681      DEBUG main            d.u.i.k.p.i.IntermediateProofReplayer Proof replay took 30.04ms 
21683      DEBUG main            d.u.i.k.p.r.p.TestFile    ... success: reloaded. 
21684      INFO  main            d.u.i.k.p.r.p.TestFile    Now processing file /home/runner/work/key/key/key.core/../key.ui/examples/standard_key/arrays/arrayStoreException/reverseArray.key 
21684      INFO  main            d.u.i.k.p.i.AbstractProblemLoader Loading environment from /home/runner/work/key/key/key.core/../key.ui/examples/standard_key/arrays/arrayStoreException/reverseArray.key 
21684      DEBUG main            d.u.i.k.p.i.AbstractProblemLoader Environment load took 221.2ns 
21686      INFO  main            d.u.i.k.p.i.AbstractProblemLoader Creating init config 
24192      DEBUG main            d.u.i.k.p.i.AbstractProblemLoader Init config took 2.51s 
24222      INFO  main            d.u.i.k.p.i.AbstractProblemLoader Replaying proof reverseArray.key 
24224      DEBUG main            d.u.i.k.p.i.IntermediateProofReplayer Proof replay took 6.6ns 
24831      INFO  main            d.u.i.k.p.r.p.TestFile    ... finished proof: closed. 
25064      INFO  main            d.u.i.k.p.i.AbstractProblemLoader Loading environment from /home/runner/work/key/key/key.core/../key.ui/examples/standard_key/arrays/arrayStoreException/reverseArray.key.proof 
25065      DEBUG main            d.u.i.k.p.i.AbstractProblemLoader Environment load took 459.31ns 
25066      INFO  main            d.u.i.k.p.i.AbstractProblemLoader Creating init config 
27527      DEBUG main            d.u.i.k.p.i.AbstractProblemLoader Init config took 2.46s 
27558      INFO  main            d.u.i.k.p.i.AbstractProblemLoader Replaying proof reverseArray.key.proof 
27670      DEBUG main            d.u.i.k.p.i.IntermediateProofReplayer Proof replay took 101.74ms 
27672      DEBUG main            d.u.i.k.p.r.p.TestFile    ... success: reloaded. 
27674      INFO  main            d.u.i.k.p.r.p.TestFile    Now processing file /home/runner/work/key/key/key.core/../key.ui/examples/standard_key/arrays/arrayStoreException/throwArrayStoreException.key 
27674      INFO  main            d.u.i.k.p.i.AbstractProblemLoader Loading environment from /home/runner/work/key/key/key.core/../key.ui/examples/standard_key/arrays/arrayStoreException/throwArrayStoreException.key 
27674      DEBUG main            d.u.i.k.p.i.AbstractProblemLoader Environment load took 235.1ns 
27676      INFO  main            d.u.i.k.p.i.AbstractProblemLoader Creating init config 
30184      DEBUG main            d.u.i.k.p.i.AbstractProblemLoader Init config took 2.51s 
30213      INFO  main            d.u.i.k.p.i.AbstractProblemLoader Replaying proof throwArrayStoreException.key 
30218      DEBUG main            d.u.i.k.p.i.IntermediateProofReplayer Proof replay took 8.8ns 
30722      INFO  main            d.u.i.k.p.r.p.TestFile    ... finished proof: closed. 
30914      INFO  main            d.u.i.k.p.i.AbstractProblemLoader Loading environment from /home/runner/work/key/key/key.core/../key.ui/examples/standard_key/arrays/arrayStoreException/throwArrayStoreException.key.proof 
30915      DEBUG main            d.u.i.k.p.i.AbstractProblemLoader Environment load took 555.11ns 
30916      INFO  main            d.u.i.k.p.i.AbstractProblemLoader Creating init config 
33305      DEBUG main            d.u.i.k.p.i.AbstractProblemLoader Init config took 2.39s 
33327      INFO  main            d.u.i.k.p.i.AbstractProblemLoader Replaying proof throwArrayStoreException.key.proof 
33398      DEBUG main            d.u.i.k.p.i.IntermediateProofReplayer Proof replay took 66.29ms 
33400      DEBUG main            d.u.i.k.p.r.p.TestFile    ... success: reloaded. 
33401      INFO  main            d.u.i.k.p.r.p.TestFile    Now processing file /home/runner/work/key/key/key.core/../key.ui/examples/standard_key/arrays/creation/arrayCreation1.key 
33401      INFO  main            d.u.i.k.p.i.AbstractProblemLoader Loading environment from /home/runner/work/key/key/key.core/../key.ui/examples/standard_key/arrays/creation/arrayCreation1.key 
33401      DEBUG main            d.u.i.k.p.i.AbstractProblemLoader Environment load took 213.9ns 
33403      INFO  main            d.u.i.k.p.i.AbstractProblemLoader Creating init config 
35876      DEBUG main            d.u.i.k.p.i.AbstractProblemLoader Init config took 2.47s 
35902      INFO  main            d.u.i.k.p.i.AbstractProblemLoader Replaying proof arrayCreation1.key 
35907      DEBUG main            d.u.i.k.p.i.IntermediateProofReplayer Proof replay took 9.1ns 
36109      INFO  main            d.u.i.k.p.r.p.TestFile    ... finished proof: closed. 
36278      INFO  main            d.u.i.k.p.i.AbstractProblemLoader Loading environment from /home/runner/work/key/key/key.core/../key.ui/examples/standard_key/arrays/creation/arrayCreation1.key.proof 
36278      DEBUG main            d.u.i.k.p.i.AbstractProblemLoader Environment load took 129.5ns 
36280      INFO  main            d.u.i.k.p.i.AbstractProblemLoader Creating init config 
38647      DEBUG main            d.u.i.k.p.i.AbstractProblemLoader Init config took 2.37s 
38668      INFO  main            d.u.i.k.p.i.AbstractProblemLoader Replaying proof arrayCreation1.key.proof 
38690      DEBUG main            d.u.i.k.p.i.IntermediateProofReplayer Proof replay took 19.27ms 
38691      DEBUG main            d.u.i.k.p.r.p.TestFile    ... success: reloaded. 
38693      INFO  main            d.u.i.k.p.r.p.TestFile    Now processing file /home/runner/work/key/key/key.core/../key.ui/examples/standard_key/arrays/arrayStoreException/array2Dim.key 
38693      INFO  main            d.u.i.k.p.i.AbstractProblemLoader Loading environment from /home/runner/work/key/key/key.core/../key.ui/examples/standard_key/arrays/arrayStoreException/array2Dim.key 
38693      DEBUG main            d.u.i.k.p.i.AbstractProblemLoader Environment load took 251.8ns 
38695      INFO  main            d.u.i.k.p.i.AbstractProblemLoader Creating init config 
41128      DEBUG main            d.u.i.k.p.i.AbstractProblemLoader Init config took 2.43s 
41151      INFO  main            d.u.i.k.p.i.AbstractProblemLoader Replaying proof array2Dim.key 
41153      DEBUG main            d.u.i.k.p.i.IntermediateProofReplayer Proof replay took 7.1ns 
44897      INFO  main            d.u.i.k.p.r.p.TestFile    ... finished proof: open goal(s) 
45164      INFO  main            d.u.i.k.p.r.p.TestFile    Now processing file /home/runner/work/key/key/key.core/../key.ui/examples/standard_key/arrays/arrayStoreException/array2DimClose.key 
45164      INFO  main            d.u.i.k.p.i.AbstractProblemLoader Loading environment from /home/runner/work/key/key/key.core/../key.ui/examples/standard_key/arrays/arrayStoreException/array2DimClose.key 
45164      DEBUG main            d.u.i.k.p.i.AbstractProblemLoader Environment load took 73.2ns 
45167      INFO  main            d.u.i.k.p.i.AbstractProblemLoader Creating init config 
47504      DEBUG main            d.u.i.k.p.i.AbstractProblemLoader Init config took 2.34s 
47525      INFO  main            d.u.i.k.p.i.AbstractProblemLoader Replaying proof array2DimClose.key 
47527      DEBUG main            d.u.i.k.p.i.IntermediateProofReplayer Proof replay took 11.4ns 
49941      INFO  main            d.u.i.k.p.r.p.TestFile    ... finished proof: open goal(s) 
50311      INFO  main            d.u.i.k.p.r.p.TestFile    Now processing file /home/runner/work/key/key/key.core/../key.ui/examples/standard_key/arrays/arrayStoreException/throwASEForPrim.key 
50311      INFO  main            d.u.i.k.p.i.AbstractProblemLoader Loading environment from /home/runner/work/key/key/key.core/../key.ui/examples/standard_key/arrays/arrayStoreException/throwASEForPrim.key 
50312      DEBUG main            d.u.i.k.p.i.AbstractProblemLoader Environment load took 77.4ns 
50313      INFO  main            d.u.i.k.p.i.AbstractProblemLoader Creating init config 
52603      DEBUG main            d.u.i.k.p.i.AbstractProblemLoader Init config took 2.29s 
52625      INFO  main            d.u.i.k.p.i.AbstractProblemLoader Replaying proof throwASEForPrim.key 
52628      DEBUG main            d.u.i.k.p.i.IntermediateProofReplayer Proof replay took 7.7ns 
57243      INFO  main            d.u.i.k.p.r.p.TestFile    ... finished proof: open goal(s) 
2893413    INFO  Test worker     d.u.i.k.p.r.p.StatisticsFile Returning from test arrays 
2893416    INFO  Test worker     d.u.i.k.p.r.p.StatisticsFile Running test javadl 
370        INFO  Timeout watchdog d.u.i.k.p.r.p.ForkedTestFileRunner Timeout watcher launched (2000 secs.) 
372        WARN  main            d.u.i.k.s.ProofSettings   The settings in /home/runner/.key/proof-settings.props are *not* read. 
427        INFO  main            d.u.i.k.p.r.p.TestFile    Now processing file /home/runner/work/key/key/key.core/../key.ui/examples/standard_key/instanceCreation/instanceCreation1.key 
549        INFO  main            d.u.i.k.p.i.AbstractProblemLoader Loading environment from /home/runner/work/key/key/key.core/../key.ui/examples/standard_key/instanceCreation/instanceCreation1.key 
575        DEBUG main            d.u.i.k.p.i.AbstractProblemLoader Environment load took 2.25ms 
827        INFO  main            d.u.i.k.p.i.AbstractProblemLoader Creating init config 
1750       DEBUG main            d.u.i.k.j.TypeConverter   No LDT found for Meta 
1750       DEBUG main            d.u.i.k.j.TypeConverter   No LDT found for Meta 
1752       DEBUG main            d.u.i.k.j.TypeConverter   No LDT found for Meta 
1752       DEBUG main            d.u.i.k.j.TypeConverter   No LDT found for Meta 
3065       DEBUG main            d.u.i.k.j.TypeConverter   No LDT found for JavaBigintExpression 
8080       DEBUG main            d.u.i.k.p.i.AbstractProblemLoader Init config took 7.25s 
8160       INFO  main            d.u.i.k.p.i.AbstractProblemLoader Replaying proof instanceCreation1.key 
8199       DEBUG main            d.u.i.k.p.i.IntermediateProofReplayer Proof replay took 39.4ns 
9257       INFO  main            d.u.i.k.p.r.p.TestFile    ... finished proof: closed. 
9378       INFO  main            d.u.i.k.p.i.AbstractProblemLoader Loading environment from /home/runner/work/key/key/key.core/../key.ui/examples/standard_key/instanceCreation/instanceCreation1.key.proof 
9379       DEBUG main            d.u.i.k.p.i.AbstractProblemLoader Environment load took 221.7ns 
9383       INFO  main            d.u.i.k.p.i.AbstractProblemLoader Creating init config 
12175      DEBUG main            d.u.i.k.p.i.AbstractProblemLoader Init config took 2.79s 
12234      INFO  main            d.u.i.k.p.i.AbstractProblemLoader Replaying proof instanceCreation1.key.proof 
12381      DEBUG main            d.u.i.k.p.i.IntermediateProofReplayer Proof replay took 132.15ms 
12397      DEBUG main            d.u.i.k.p.r.p.TestFile    ... success: reloaded. 
12405      INFO  main            d.u.i.k.p.r.p.TestFile    Now processing file /home/runner/work/key/key/key.core/../key.ui/examples/standard_key/instanceCreation/instanceCreation2.key 
12412      INFO  main            d.u.i.k.p.i.AbstractProblemLoader Loading environment from /home/runner/work/key/key/key.core/../key.ui/examples/standard_key/instanceCreation/instanceCreation2.key 
12413      DEBUG main            d.u.i.k.p.i.AbstractProblemLoader Environment load took 364.6ns 
12417      INFO  main            d.u.i.k.p.i.AbstractProblemLoader Creating init config 
15146      DEBUG main            d.u.i.k.p.i.AbstractProblemLoader Init config took 2.73s 
15188      INFO  main            d.u.i.k.p.i.AbstractProblemLoader Replaying proof instanceCreation2.key 
15190      DEBUG main            d.u.i.k.p.i.IntermediateProofReplayer Proof replay took 7.7ns 
15797      INFO  main            d.u.i.k.p.r.p.TestFile    ... finished proof: closed. 
15973      INFO  main            d.u.i.k.p.i.AbstractProblemLoader Loading environment from /home/runner/work/key/key/key.core/../key.ui/examples/standard_key/instanceCreation/instanceCreation2.key.proof 
15973      DEBUG main            d.u.i.k.p.i.AbstractProblemLoader Environment load took 494.41ns 
15975      INFO  main            d.u.i.k.p.i.AbstractProblemLoader Creating init config 
18623      DEBUG main            d.u.i.k.p.i.AbstractProblemLoader Init config took 2.65s 
18649      INFO  main            d.u.i.k.p.i.AbstractProblemLoader Replaying proof instanceCreation2.key.proof 
18733      DEBUG main            d.u.i.k.p.i.IntermediateProofReplayer Proof replay took 79.03ms 
18735      DEBUG main            d.u.i.k.p.r.p.TestFile    ... success: reloaded. 
18736      INFO  main            d.u.i.k.p.r.p.TestFile    Now processing file /home/runner/work/key/key/key.core/../key.ui/examples/standard_key/instanceCreation/interfacesAndAbstractClassesHaveNoInstances.key 
18736      INFO  main            d.u.i.k.p.i.AbstractProblemLoader Loading environment from /home/runner/work/key/key/key.core/../key.ui/examples/standard_key/instanceCreation/interfacesAndAbstractClassesHaveNoInstances.key 
18737      DEBUG main            d.u.i.k.p.i.AbstractProblemLoader Environment load took 219.1ns 
18738      INFO  main            d.u.i.k.p.i.AbstractProblemLoader Creating init config 
21303      DEBUG main            d.u.i.k.p.i.AbstractProblemLoader Init config took 2.56s 
21325      INFO  main            d.u.i.k.p.i.AbstractProblemLoader Replaying proof interfacesAndAbstractClassesHaveNoInstances.key 
21327      DEBUG main            d.u.i.k.p.i.IntermediateProofReplayer Proof replay took 7.5ns 
21431      INFO  main            d.u.i.k.p.r.p.TestFile    ... finished proof: closed. 
21585      INFO  main            d.u.i.k.p.i.AbstractProblemLoader Loading environment from /home/runner/work/key/key/key.core/../key.ui/examples/standard_key/instanceCreation/interfacesAndAbstractClassesHaveNoInstances.key.proof 
21585      DEBUG main            d.u.i.k.p.i.AbstractProblemLoader Environment load took 139.3ns 
21586      INFO  main            d.u.i.k.p.i.AbstractProblemLoader Creating init config 
24152      DEBUG main            d.u.i.k.p.i.AbstractProblemLoader Init config took 2.57s 
24172      INFO  main            d.u.i.k.p.i.AbstractProblemLoader Replaying proof interfacesAndAbstractClassesHaveNoInstances.key.proof 
24175      DEBUG main            d.u.i.k.p.i.IntermediateProofReplayer Proof replay took 1.14ms 
24176      DEBUG main            d.u.i.k.p.r.p.TestFile    ... success: reloaded. 
24177      INFO  main            d.u.i.k.p.r.p.TestFile    Now processing file /home/runner/work/key/key/key.core/../key.ui/examples/standard_key/instanceCreation/successiveCreatedObjectsAreDistinct.key 
24178      INFO  main            d.u.i.k.p.i.AbstractProblemLoader Loading environment from /home/runner/work/key/key/key.core/../key.ui/examples/standard_key/instanceCreation/successiveCreatedObjectsAreDistinct.key 
24178      DEBUG main            d.u.i.k.p.i.AbstractProblemLoader Environment load took 222.5ns 
24179      INFO  main            d.u.i.k.p.i.AbstractProblemLoader Creating init config 
26763      DEBUG main            d.u.i.k.p.i.AbstractProblemLoader Init config took 2.58s 
26785      INFO  main            d.u.i.k.p.i.AbstractProblemLoader Replaying proof successiveCreatedObjectsAreDistinct.key 
26787      DEBUG main            d.u.i.k.p.i.IntermediateProofReplayer Proof replay took 7.7ns 
27191      INFO  main            d.u.i.k.p.r.p.TestFile    ... finished proof: closed. 
27415      INFO  main            d.u.i.k.p.i.AbstractProblemLoader Loading environment from /home/runner/work/key/key/key.core/../key.ui/examples/standard_key/instanceCreation/successiveCreatedObjectsAreDistinct.key.proof 
27415      DEBUG main            d.u.i.k.p.i.AbstractProblemLoader Environment load took 585.61ns 
27417      INFO  main            d.u.i.k.p.i.AbstractProblemLoader Creating init config 
29947      DEBUG main            d.u.i.k.p.i.AbstractProblemLoader Init config took 2.53s 
29968      INFO  main            d.u.i.k.p.i.AbstractProblemLoader Replaying proof successiveCreatedObjectsAreDistinct.key.proof 
30027      DEBUG main            d.u.i.k.p.i.IntermediateProofReplayer Proof replay took 55.57ms 
30029      DEBUG main            d.u.i.k.p.r.p.TestFile    ... success: reloaded. 
30030      INFO  main            d.u.i.k.p.r.p.TestFile    Now processing file /home/runner/work/key/key/key.core/../key.ui/examples/standard_key/instanceCreation/testOverloadingConstructors.key 
30031      INFO  main            d.u.i.k.p.i.AbstractProblemLoader Loading environment from /home/runner/work/key/key/key.core/../key.ui/examples/standard_key/instanceCreation/testOverloadingConstructors.key 
30031      DEBUG main            d.u.i.k.p.i.AbstractProblemLoader Environment load took 225.1ns 
30032      INFO  main            d.u.i.k.p.i.AbstractProblemLoader Creating init config 
32543      DEBUG main            d.u.i.k.p.i.AbstractProblemLoader Init config took 2.51s 
32563      INFO  main            d.u.i.k.p.i.AbstractProblemLoader Replaying proof testOverloadingConstructors.key 
32565      DEBUG main            d.u.i.k.p.i.IntermediateProofReplayer Proof replay took 22.5ns 
32875      INFO  main            d.u.i.k.p.r.p.TestFile    ... finished proof: closed. 
33055      INFO  main            d.u.i.k.p.i.AbstractProblemLoader Loading environment from /home/runner/work/key/key/key.core/../key.ui/examples/standard_key/instanceCreation/testOverloadingConstructors.key.proof 
33058      DEBUG main            d.u.i.k.p.i.AbstractProblemLoader Environment load took 2.9ms 
33061      INFO  main            d.u.i.k.p.i.AbstractProblemLoader Creating init config 
35570      DEBUG main            d.u.i.k.p.i.AbstractProblemLoader Init config took 2.51s 
35590      INFO  main            d.u.i.k.p.i.AbstractProblemLoader Replaying proof testOverloadingConstructors.key.proof 
35633      DEBUG main            d.u.i.k.p.i.IntermediateProofReplayer Proof replay took 39.09ms 
35634      DEBUG main            d.u.i.k.p.r.p.TestFile    ... success: reloaded. 
35636      INFO  main            d.u.i.k.p.r.p.TestFile    Now processing file /home/runner/work/key/key/key.core/../key.ui/examples/standard_key/java_dl/SimpleAttributes.key 
35636      INFO  main            d.u.i.k.p.i.AbstractProblemLoader Loading environment from /home/runner/work/key/key/key.core/../key.ui/examples/standard_key/java_dl/SimpleAttributes.key 
35636      DEBUG main            d.u.i.k.p.i.AbstractProblemLoader Environment load took 210.1ns 
35637      INFO  main            d.u.i.k.p.i.AbstractProblemLoader Creating init config 
38130      DEBUG main            d.u.i.k.p.i.AbstractProblemLoader Init config took 2.49s 
38151      INFO  main            d.u.i.k.p.i.AbstractProblemLoader Replaying proof SimpleAttributes.key 
38153      DEBUG main            d.u.i.k.p.i.IntermediateProofReplayer Proof replay took 8ns 
38259      INFO  main            d.u.i.k.p.r.p.TestFile    ... finished proof: closed. 
38436      INFO  main            d.u.i.k.p.i.AbstractProblemLoader Loading environment from /home/runner/work/key/key/key.core/../key.ui/examples/standard_key/java_dl/SimpleAttributes.key.proof 
38436      DEBUG main            d.u.i.k.p.i.AbstractProblemLoader Environment load took 134.9ns 
38439      INFO  main            d.u.i.k.p.i.AbstractProblemLoader Creating init config 
40845      DEBUG main            d.u.i.k.p.i.AbstractProblemLoader Init config took 2.41s 
40866      INFO  main            d.u.i.k.p.i.AbstractProblemLoader Replaying proof SimpleAttributes.key.proof 
40892      DEBUG main            d.u.i.k.p.i.IntermediateProofReplayer Proof replay took 21.98ms 
40893      DEBUG main            d.u.i.k.p.r.p.TestFile    ... success: reloaded. 
40894      INFO  main            d.u.i.k.p.r.p.TestFile    Now processing file /home/runner/work/key/key/key.core/../key.ui/examples/standard_key/java_dl/arrayMax.key 
40894      INFO  main            d.u.i.k.p.i.AbstractProblemLoader Loading environment from /home/runner/work/key/key/key.core/../key.ui/examples/standard_key/java_dl/arrayMax.key 
40894      DEBUG main            d.u.i.k.p.i.AbstractProblemLoader Environment load took 83ns 
40901      INFO  main            d.u.i.k.p.i.AbstractProblemLoader Creating init config 
43472      DEBUG main            d.u.i.k.p.i.AbstractProblemLoader Init config took 2.57s 
43494      INFO  main            d.u.i.k.p.i.AbstractProblemLoader Replaying proof arrayMax.key 
43496      DEBUG main            d.u.i.k.p.i.IntermediateProofReplayer Proof replay took 8ns 
44915      INFO  main            d.u.i.k.p.r.p.TestFile    ... finished proof: closed. 
45171      INFO  main            d.u.i.k.p.i.AbstractProblemLoader Loading environment from /home/runner/work/key/key/key.core/../key.ui/examples/standard_key/java_dl/arrayMax.key.proof 
45173      DEBUG main            d.u.i.k.p.i.AbstractProblemLoader Environment load took 1.15ms 
45175      INFO  main            d.u.i.k.p.i.AbstractProblemLoader Creating init config 
47729      DEBUG main            d.u.i.k.p.i.AbstractProblemLoader Init config took 2.55s 
47749      INFO  main            d.u.i.k.p.i.AbstractProblemLoader Replaying proof arrayMax.key.proof 
47913      DEBUG main            d.u.i.k.p.i.IntermediateProofReplayer Proof replay took 156ms 
47914      DEBUG main            d.u.i.k.p.r.p.TestFile    ... success: reloaded. 
47916      INFO  main            d.u.i.k.p.r.p.TestFile    Now processing file /home/runner/work/key/key/key.core/../key.ui/examples/standard_key/java_dl/arrayUpdateSimp.key 
47916      INFO  main            d.u.i.k.p.i.AbstractProblemLoader Loading environment from /home/runner/work/key/key/key.core/../key.ui/examples/standard_key/java_dl/arrayUpdateSimp.key 
47917      DEBUG main            d.u.i.k.p.i.AbstractProblemLoader Environment load took 225.4ns 
47919      INFO  main            d.u.i.k.p.i.AbstractProblemLoader Creating init config 
47945      WARN  main            d.u.i.k.j.r.KeYCrossReferenceNameInfo Datatype java.lang.System declared twice: Once in FILE:/home/runner/work/key/key/key.core/../key.ui/examples/standard_key/java_dl/./classpath/System.java and once in URL:file:/home/runner/work/key/key/key.core/build/resources/main/de/uka/ilkd/key/java/JavaRedux/java/lang/System.java, Keeping one from URL:file:/home/runner/work/key/key/key.core/build/resources/main/de/uka/ilkd/key/java/JavaRedux/java/lang/System.java 
47946      WARN  main            d.u.i.k.j.r.KeYCrossReferenceNameInfo Datatype java.io.PrintStream declared twice: Once in FILE:/home/runner/work/key/key/key.core/../key.ui/examples/standard_key/java_dl/./classpath/PrintStream.java and once in URL:file:/home/runner/work/key/key/key.core/build/resources/main/de/uka/ilkd/key/java/JavaRedux/java/io/PrintStream.java, Keeping one from URL:file:/home/runner/work/key/key/key.core/build/resources/main/de/uka/ilkd/key/java/JavaRedux/java/io/PrintStream.java 
47946      WARN  main            d.u.i.k.j.r.KeYCrossReferenceNameInfo Datatype java.io.InputStream declared twice: Once in FILE:/home/runner/work/key/key/key.core/../key.ui/examples/standard_key/java_dl/./classpath/InputStream.java and once in URL:file:/home/runner/work/key/key/key.core/build/resources/main/de/uka/ilkd/key/java/JavaRedux/java/io/InputStream.java, Keeping one from URL:file:/home/runner/work/key/key/key.core/build/resources/main/de/uka/ilkd/key/java/JavaRedux/java/io/InputStream.java 
47951      DEBUG main            d.u.i.k.j.r.ClassFileDeclarationBuilder Parsing: package java.io; public class Closeable { } 
47952      DEBUG main            r.s.KeYCrossReferenceSourceInfo Dynamically created class: java.io.Closeable 
50508      DEBUG main            d.u.i.k.p.i.AbstractProblemLoader Init config took 2.59s 
50529      INFO  main            d.u.i.k.p.i.AbstractProblemLoader Replaying proof arrayUpdateSimp.key 
50530      DEBUG main            d.u.i.k.p.i.IntermediateProofReplayer Proof replay took 9.2ns 
50634      INFO  main            d.u.i.k.p.r.p.TestFile    ... finished proof: closed. 
50880      INFO  main            d.u.i.k.p.i.AbstractProblemLoader Loading environment from /home/runner/work/key/key/key.core/../key.ui/examples/standard_key/java_dl/arrayUpdateSimp.key.proof 
50880      DEBUG main            d.u.i.k.p.i.AbstractProblemLoader Environment load took 127.9ns 
50884      INFO  main            d.u.i.k.p.i.AbstractProblemLoader Creating init config 
50908      WARN  main            d.u.i.k.j.r.KeYCrossReferenceNameInfo Datatype java.lang.System declared twice: Once in FILE:/home/runner/work/key/key/key.core/../key.ui/examples/standard_key/java_dl/classpath/System.java and once in URL:file:/home/runner/work/key/key/key.core/build/resources/main/de/uka/ilkd/key/java/JavaRedux/java/lang/System.java, Keeping one from URL:file:/home/runner/work/key/key/key.core/build/resources/main/de/uka/ilkd/key/java/JavaRedux/java/lang/System.java 
50908      WARN  main            d.u.i.k.j.r.KeYCrossReferenceNameInfo Datatype java.io.PrintStream declared twice: Once in FILE:/home/runner/work/key/key/key.core/../key.ui/examples/standard_key/java_dl/classpath/PrintStream.java and once in URL:file:/home/runner/work/key/key/key.core/build/resources/main/de/uka/ilkd/key/java/JavaRedux/java/io/PrintStream.java, Keeping one from URL:file:/home/runner/work/key/key/key.core/build/resources/main/de/uka/ilkd/key/java/JavaRedux/java/io/PrintStream.java 
50908      WARN  main            d.u.i.k.j.r.KeYCrossReferenceNameInfo Datatype java.io.InputStream declared twice: Once in FILE:/home/runner/work/key/key/key.core/../key.ui/examples/standard_key/java_dl/classpath/InputStream.java and once in URL:file:/home/runner/work/key/key/key.core/build/resources/main/de/uka/ilkd/key/java/JavaRedux/java/io/InputStream.java, Keeping one from URL:file:/home/runner/work/key/key/key.core/build/resources/main/de/uka/ilkd/key/java/JavaRedux/java/io/InputStream.java 
50912      DEBUG main            d.u.i.k.j.r.ClassFileDeclarationBuilder Parsing: package java.io; public class Closeable { } 
50913      DEBUG main            r.s.KeYCrossReferenceSourceInfo Dynamically created class: java.io.Closeable 
53424      DEBUG main            d.u.i.k.p.i.AbstractProblemLoader Init config took 2.54s 
53447      INFO  main            d.u.i.k.p.i.AbstractProblemLoader Replaying proof arrayUpdateSimp.key.proof 
53449      DEBUG main            d.u.i.k.p.i.IntermediateProofReplayer Proof replay took 635.81ns 
53451      DEBUG main            d.u.i.k.p.r.p.TestFile    ... success: reloaded. 
53452      INFO  main            d.u.i.k.p.r.p.TestFile    Now processing file /home/runner/work/key/key/key.core/../key.ui/examples/standard_key/java_dl/attributes.key 
53452      INFO  main            d.u.i.k.p.i.AbstractProblemLoader Loading environment from /home/runner/work/key/key/key.core/../key.ui/examples/standard_key/java_dl/attributes.key 
53452      DEBUG main            d.u.i.k.p.i.AbstractProblemLoader Environment load took 186.9ns 
53454      INFO  main            d.u.i.k.p.i.AbstractProblemLoader Creating init config 
55969      DEBUG main            d.u.i.k.p.i.AbstractProblemLoader Init config took 2.52s 
55986      INFO  main            d.u.i.k.p.i.AbstractProblemLoader Replaying proof attributes.key 
55988      DEBUG main            d.u.i.k.p.i.IntermediateProofReplayer Proof replay took 8ns 
56191      INFO  main            d.u.i.k.p.r.p.TestFile    ... finished proof: closed. 
56424      INFO  main            d.u.i.k.p.i.AbstractProblemLoader Loading environment from /home/runner/work/key/key/key.core/../key.ui/examples/standard_key/java_dl/attributes.key.proof 
56424      DEBUG main            d.u.i.k.p.i.AbstractProblemLoader Environment load took 132.3ns 
56426      INFO  main            d.u.i.k.p.i.AbstractProblemLoader Creating init config 
58871      DEBUG main            d.u.i.k.p.i.AbstractProblemLoader Init config took 2.45s 
58889      INFO  main            d.u.i.k.p.i.AbstractProblemLoader Replaying proof attributes.key.proof 
58923      DEBUG main            d.u.i.k.p.i.IntermediateProofReplayer Proof replay took 31.19ms 
58925      DEBUG main            d.u.i.k.p.r.p.TestFile    ... success: reloaded. 
58926      INFO  main            d.u.i.k.p.r.p.TestFile    Now processing file /home/runner/work/key/key/key.core/../key.ui/examples/standard_key/java_dl/break.key 
58933      INFO  main            d.u.i.k.p.i.AbstractProblemLoader Loading environment from /home/runner/work/key/key/key.core/../key.ui/examples/standard_key/java_dl/break.key 
58933      DEBUG main            d.u.i.k.p.i.AbstractProblemLoader Environment load took 262.9ns 
58935      INFO  main            d.u.i.k.p.i.AbstractProblemLoader Creating init config 
58959      WARN  main            d.u.i.k.j.r.KeYCrossReferenceNameInfo Datatype java.lang.System declared twice: Once in FILE:/home/runner/work/key/key/key.core/../key.ui/examples/standard_key/java_dl/classpath/System.java and once in URL:file:/home/runner/work/key/key/key.core/build/resources/main/de/uka/ilkd/key/java/JavaRedux/java/lang/System.java, Keeping one from URL:file:/home/runner/work/key/key/key.core/build/resources/main/de/uka/ilkd/key/java/JavaRedux/java/lang/System.java 
58959      WARN  main            d.u.i.k.j.r.KeYCrossReferenceNameInfo Datatype java.io.PrintStream declared twice: Once in FILE:/home/runner/work/key/key/key.core/../key.ui/examples/standard_key/java_dl/classpath/PrintStream.java and once in URL:file:/home/runner/work/key/key/key.core/build/resources/main/de/uka/ilkd/key/java/JavaRedux/java/io/PrintStream.java, Keeping one from URL:file:/home/runner/work/key/key/key.core/build/resources/main/de/uka/ilkd/key/java/JavaRedux/java/io/PrintStream.java 
58973      WARN  main            d.u.i.k.j.r.KeYCrossReferenceNameInfo Datatype java.io.InputStream declared twice: Once in FILE:/home/runner/work/key/key/key.core/../key.ui/examples/standard_key/java_dl/classpath/InputStream.java and once in URL:file:/home/runner/work/key/key/key.core/build/resources/main/de/uka/ilkd/key/java/JavaRedux/java/io/InputStream.java, Keeping one from URL:file:/home/runner/work/key/key/key.core/build/resources/main/de/uka/ilkd/key/java/JavaRedux/java/io/InputStream.java 
58976      DEBUG main            d.u.i.k.j.r.ClassFileDeclarationBuilder Parsing: package java.io; public class Closeable { } 
58977      DEBUG main            r.s.KeYCrossReferenceSourceInfo Dynamically created class: java.io.Closeable 
61444      DEBUG main            d.u.i.k.p.i.AbstractProblemLoader Init config took 2.51s 
61462      INFO  main            d.u.i.k.p.i.AbstractProblemLoader Replaying proof break.key 
61464      DEBUG main            d.u.i.k.p.i.IntermediateProofReplayer Proof replay took 7.9ns 
61566      INFO  main            d.u.i.k.p.r.p.TestFile    ... finished proof: closed. 
61757      INFO  main            d.u.i.k.p.i.AbstractProblemLoader Loading environment from /home/runner/work/key/key/key.core/../key.ui/examples/standard_key/java_dl/break.key.proof 
61757      DEBUG main            d.u.i.k.p.i.AbstractProblemLoader Environment load took 154ns 
61758      INFO  main            d.u.i.k.p.i.AbstractProblemLoader Creating init config 
61781      WARN  main            d.u.i.k.j.r.KeYCrossReferenceNameInfo Datatype java.lang.System declared twice: Once in FILE:/home/runner/work/key/key/key.core/../key.ui/examples/standard_key/java_dl/classpath/System.java and once in URL:file:/home/runner/work/key/key/key.core/build/resources/main/de/uka/ilkd/key/java/JavaRedux/java/lang/System.java, Keeping one from URL:file:/home/runner/work/key/key/key.core/build/resources/main/de/uka/ilkd/key/java/JavaRedux/java/lang/System.java 
61781      WARN  main            d.u.i.k.j.r.KeYCrossReferenceNameInfo Datatype java.io.PrintStream declared twice: Once in FILE:/home/runner/work/key/key/key.core/../key.ui/examples/standard_key/java_dl/classpath/PrintStream.java and once in URL:file:/home/runner/work/key/key/key.core/build/resources/main/de/uka/ilkd/key/java/JavaRedux/java/io/PrintStream.java, Keeping one from URL:file:/home/runner/work/key/key/key.core/build/resources/main/de/uka/ilkd/key/java/JavaRedux/java/io/PrintStream.java 
61782      WARN  main            d.u.i.k.j.r.KeYCrossReferenceNameInfo Datatype java.io.InputStream declared twice: Once in FILE:/home/runner/work/key/key/key.core/../key.ui/examples/standard_key/java_dl/classpath/InputStream.java and once in URL:file:/home/runner/work/key/key/key.core/build/resources/main/de/uka/ilkd/key/java/JavaRedux/java/io/InputStream.java, Keeping one from URL:file:/home/runner/work/key/key/key.core/build/resources/main/de/uka/ilkd/key/java/JavaRedux/java/io/InputStream.java 
61785      DEBUG main            d.u.i.k.j.r.ClassFileDeclarationBuilder Parsing: package java.io; public class Closeable { } 
61785      DEBUG main            r.s.KeYCrossReferenceSourceInfo Dynamically created class: java.io.Closeable 
64169      DEBUG main            d.u.i.k.p.i.AbstractProblemLoader Init config took 2.41s 
64186      INFO  main            d.u.i.k.p.i.AbstractProblemLoader Replaying proof break.key.proof 
64195      DEBUG main            d.u.i.k.p.i.IntermediateProofReplayer Proof replay took 6.43ms 
64197      DEBUG main            d.u.i.k.p.r.p.TestFile    ... success: reloaded. 
64198      INFO  main            d.u.i.k.p.r.p.TestFile    Now processing file /home/runner/work/key/key/key.core/../key.ui/examples/standard_key/java_dl/char.key 
64199      INFO  main            d.u.i.k.p.i.AbstractProblemLoader Loading environment from /home/runner/work/key/key/key.core/../key.ui/examples/standard_key/java_dl/char.key 
64199      DEBUG main            d.u.i.k.p.i.AbstractProblemLoader Environment load took 193.8ns 
64200      INFO  main            d.u.i.k.p.i.AbstractProblemLoader Creating init config 
66639      DEBUG main            d.u.i.k.p.i.AbstractProblemLoader Init config took 2.44s 
66658      INFO  main            d.u.i.k.p.i.AbstractProblemLoader Replaying proof char.key 
66659      DEBUG main            d.u.i.k.p.i.IntermediateProofReplayer Proof replay took 8.1ns 
66766      INFO  main            d.u.i.k.p.r.p.TestFile    ... finished proof: closed. 
66962      INFO  main            d.u.i.k.p.i.AbstractProblemLoader Loading environment from /home/runner/work/key/key/key.core/../key.ui/examples/standard_key/java_dl/char.key.proof 
66963      DEBUG main            d.u.i.k.p.i.AbstractProblemLoader Environment load took 126.5ns 
66964      INFO  main            d.u.i.k.p.i.AbstractProblemLoader Creating init config 
69321      DEBUG main            d.u.i.k.p.i.AbstractProblemLoader Init config took 2.36s 
69339      INFO  main            d.u.i.k.p.i.AbstractProblemLoader Replaying proof char.key.proof 
69343      DEBUG main            d.u.i.k.p.i.IntermediateProofReplayer Proof replay took 2.32ms 
69344      DEBUG main            d.u.i.k.p.r.p.TestFile    ... success: reloaded. 
69345      INFO  main            d.u.i.k.p.r.p.TestFile    Now processing file /home/runner/work/key/key/key.core/../key.ui/examples/standard_key/java_dl/compileTimeConstants.key 
69351      INFO  main            d.u.i.k.p.i.AbstractProblemLoader Loading environment from /home/runner/work/key/key/key.core/../key.ui/examples/standard_key/java_dl/compileTimeConstants.key 
69352      DEBUG main            d.u.i.k.p.i.AbstractProblemLoader Environment load took 254.2ns 
69353      INFO  main            d.u.i.k.p.i.AbstractProblemLoader Creating init config 
71842      DEBUG main            d.u.i.k.p.i.AbstractProblemLoader Init config took 2.49s 
71858      INFO  main            d.u.i.k.p.i.AbstractProblemLoader Replaying proof compileTimeConstants.key 
71860      DEBUG main            d.u.i.k.p.i.IntermediateProofReplayer Proof replay took 7.7ns 
71963      INFO  main            d.u.i.k.p.r.p.TestFile    ... finished proof: closed. 
72154      INFO  main            d.u.i.k.p.i.AbstractProblemLoader Loading environment from /home/runner/work/key/key/key.core/../key.ui/examples/standard_key/java_dl/compileTimeConstants.key.proof 
72155      DEBUG main            d.u.i.k.p.i.AbstractProblemLoader Environment load took 127.4ns 
72156      INFO  main            d.u.i.k.p.i.AbstractProblemLoader Creating init config 
74545      DEBUG main            d.u.i.k.p.i.AbstractProblemLoader Init config took 2.39s 
74561      INFO  main            d.u.i.k.p.i.AbstractProblemLoader Replaying proof compileTimeConstants.key.proof 
74573      DEBUG main            d.u.i.k.p.i.IntermediateProofReplayer Proof replay took 9.5ms 
74574      DEBUG main            d.u.i.k.p.r.p.TestFile    ... success: reloaded. 
74575      INFO  main            d.u.i.k.p.r.p.TestFile    Now processing file /home/runner/work/key/key/key.core/../key.ui/examples/standard_key/java_dl/constructorException/test.key 
74575      INFO  main            d.u.i.k.p.i.AbstractProblemLoader Loading environment from /home/runner/work/key/key/key.core/../key.ui/examples/standard_key/java_dl/constructorException/test.key 
74575      DEBUG main            d.u.i.k.p.i.AbstractProblemLoader Environment load took 78.8ns 
74576      INFO  main            d.u.i.k.p.i.AbstractProblemLoader Creating init config 
77040      DEBUG main            d.u.i.k.p.i.AbstractProblemLoader Init config took 2.46s 
77139      INFO  main            d.u.i.k.p.i.AbstractProblemLoader Replaying proof Test[Test::Test(int)].JML operation contract.0 
77140      DEBUG main            d.u.i.k.p.i.IntermediateProofReplayer Proof replay took 7.9ns 
77347      INFO  main            d.u.i.k.p.r.p.TestFile    ... finished proof: closed. 
77560      INFO  main            d.u.i.k.p.i.AbstractProblemLoader Loading environment from /home/runner/work/key/key/key.core/../key.ui/examples/standard_key/java_dl/constructorException/test.key.proof 
77560      DEBUG main            d.u.i.k.p.i.AbstractProblemLoader Environment load took 134.4ns 
77563      INFO  main            d.u.i.k.p.i.AbstractProblemLoader Creating init config 
79966      DEBUG main            d.u.i.k.p.i.AbstractProblemLoader Init config took 2.4s 
80008      INFO  main            d.u.i.k.p.i.AbstractProblemLoader Replaying proof Test[Test::Test(int)].JML operation contract.0 
80053      DEBUG main            d.u.i.k.p.i.IntermediateProofReplayer Proof replay took 42.67ms 
80055      DEBUG main            d.u.i.k.p.r.p.TestFile    ... success: reloaded. 
80056      INFO  main            d.u.i.k.p.r.p.TestFile    Now processing file /home/runner/work/key/key/key.core/../key.ui/examples/standard_key/java_dl/constructorException/regressionTestBug1333.key 
80056      INFO  main            d.u.i.k.p.i.AbstractProblemLoader Loading environment from /home/runner/work/key/key/key.core/../key.ui/examples/standard_key/java_dl/constructorException/regressionTestBug1333.key 
80056      DEBUG main            d.u.i.k.p.i.AbstractProblemLoader Environment load took 200.2ns 
80057      INFO  main            d.u.i.k.p.i.AbstractProblemLoader Creating init config 
82560      DEBUG main            d.u.i.k.p.i.AbstractProblemLoader Init config took 2.5s 
82597      INFO  main            d.u.i.k.p.i.AbstractProblemLoader Replaying proof False[False::False()].JML normal_behavior operation contract.0 
82600      DEBUG main            d.u.i.k.p.i.IntermediateProofReplayer Proof replay took 7.4ns 
82703      INFO  main            d.u.i.k.p.r.p.TestFile    ... finished proof: open goal(s) 
82923      INFO  main            d.u.i.k.p.r.p.TestFile    Now processing file /home/runner/work/key/key/key.core/../key.ui/examples/standard_key/java_dl/continue1.key 
82923      INFO  main            d.u.i.k.p.i.AbstractProblemLoader Loading environment from /home/runner/work/key/key/key.core/../key.ui/examples/standard_key/java_dl/continue1.key 
82923      DEBUG main            d.u.i.k.p.i.AbstractProblemLoader Environment load took 74ns 
82925      INFO  main            d.u.i.k.p.i.AbstractProblemLoader Creating init config 
82948      WARN  main            d.u.i.k.j.r.KeYCrossReferenceNameInfo Datatype java.lang.System declared twice: Once in FILE:/home/runner/work/key/key/key.core/../key.ui/examples/standard_key/java_dl/classpath/System.java and once in URL:file:/home/runner/work/key/key/key.core/build/resources/main/de/uka/ilkd/key/java/JavaRedux/java/lang/System.java, Keeping one from URL:file:/home/runner/work/key/key/key.core/build/resources/main/de/uka/ilkd/key/java/JavaRedux/java/lang/System.java 
82948      WARN  main            d.u.i.k.j.r.KeYCrossReferenceNameInfo Datatype java.io.PrintStream declared twice: Once in FILE:/home/runner/work/key/key/key.core/../key.ui/examples/standard_key/java_dl/classpath/PrintStream.java and once in URL:file:/home/runner/work/key/key/key.core/build/resources/main/de/uka/ilkd/key/java/JavaRedux/java/io/PrintStream.java, Keeping one from URL:file:/home/runner/work/key/key/key.core/build/resources/main/de/uka/ilkd/key/java/JavaRedux/java/io/PrintStream.java 
82949      WARN  main            d.u.i.k.j.r.KeYCrossReferenceNameInfo Datatype java.io.InputStream declared twice: Once in FILE:/home/runner/work/key/key/key.core/../key.ui/examples/standard_key/java_dl/classpath/InputStream.java and once in URL:file:/home/runner/work/key/key/key.core/build/resources/main/de/uka/ilkd/key/java/JavaRedux/java/io/InputStream.java, Keeping one from URL:file:/home/runner/work/key/key/key.core/build/resources/main/de/uka/ilkd/key/java/JavaRedux/java/io/InputStream.java 
82952      DEBUG main            d.u.i.k.j.r.ClassFileDeclarationBuilder Parsing: package java.io; public class Closeable { } 
82952      DEBUG main            r.s.KeYCrossReferenceSourceInfo Dynamically created class: java.io.Closeable 
85297      DEBUG main            d.u.i.k.p.i.AbstractProblemLoader Init config took 2.37s 
85312      INFO  main            d.u.i.k.p.i.AbstractProblemLoader Replaying proof continue1.key 
85314      DEBUG main            d.u.i.k.p.i.IntermediateProofReplayer Proof replay took 7.1ns 
85416      INFO  main            d.u.i.k.p.r.p.TestFile    ... finished proof: closed. 
85614      INFO  main            d.u.i.k.p.i.AbstractProblemLoader Loading environment from /home/runner/work/key/key/key.core/../key.ui/examples/standard_key/java_dl/continue1.key.proof 
85615      DEBUG main            d.u.i.k.p.i.AbstractProblemLoader Environment load took 757.71ns 
85616      INFO  main            d.u.i.k.p.i.AbstractProblemLoader Creating init config 
85640      WARN  main            d.u.i.k.j.r.KeYCrossReferenceNameInfo Datatype java.lang.System declared twice: Once in FILE:/home/runner/work/key/key/key.core/../key.ui/examples/standard_key/java_dl/classpath/System.java and once in URL:file:/home/runner/work/key/key/key.core/build/resources/main/de/uka/ilkd/key/java/JavaRedux/java/lang/System.java, Keeping one from URL:file:/home/runner/work/key/key/key.core/build/resources/main/de/uka/ilkd/key/java/JavaRedux/java/lang/System.java 
85640      WARN  main            d.u.i.k.j.r.KeYCrossReferenceNameInfo Datatype java.io.PrintStream declared twice: Once in FILE:/home/runner/work/key/key/key.core/../key.ui/examples/standard_key/java_dl/classpath/PrintStream.java and once in URL:file:/home/runner/work/key/key/key.core/build/resources/main/de/uka/ilkd/key/java/JavaRedux/java/io/PrintStream.java, Keeping one from URL:file:/home/runner/work/key/key/key.core/build/resources/main/de/uka/ilkd/key/java/JavaRedux/java/io/PrintStream.java 
85640      WARN  main            d.u.i.k.j.r.KeYCrossReferenceNameInfo Datatype java.io.InputStream declared twice: Once in FILE:/home/runner/work/key/key/key.core/../key.ui/examples/standard_key/java_dl/classpath/InputStream.java and once in URL:file:/home/runner/work/key/key/key.core/build/resources/main/de/uka/ilkd/key/java/JavaRedux/java/io/InputStream.java, Keeping one from URL:file:/home/runner/work/key/key/key.core/build/resources/main/de/uka/ilkd/key/java/JavaRedux/java/io/InputStream.java 
85643      DEBUG main            d.u.i.k.j.r.ClassFileDeclarationBuilder Parsing: package java.io; public class Closeable { } 
85644      DEBUG main            r.s.KeYCrossReferenceSourceInfo Dynamically created class: java.io.Closeable 
88020      DEBUG main            d.u.i.k.p.i.AbstractProblemLoader Init config took 2.4s 
88035      INFO  main            d.u.i.k.p.i.AbstractProblemLoader Replaying proof continue1.key.proof 
88059      DEBUG main            d.u.i.k.p.i.IntermediateProofReplayer Proof replay took 17.77ms 
88061      DEBUG main            d.u.i.k.p.r.p.TestFile    ... success: reloaded. 
88065      INFO  main            d.u.i.k.p.r.p.TestFile    Now processing file /home/runner/work/key/key/key.core/../key.ui/examples/standard_key/java_dl/continue2.key 
88070      INFO  main            d.u.i.k.p.i.AbstractProblemLoader Loading environment from /home/runner/work/key/key/key.core/../key.ui/examples/standard_key/java_dl/continue2.key 
88071      DEBUG main            d.u.i.k.p.i.AbstractProblemLoader Environment load took 1.2ms 
88072      INFO  main            d.u.i.k.p.i.AbstractProblemLoader Creating init config 
88095      WARN  main            d.u.i.k.j.r.KeYCrossReferenceNameInfo Datatype java.lang.System declared twice: Once in FILE:/home/runner/work/key/key/key.core/../key.ui/examples/standard_key/java_dl/classpath/System.java and once in URL:file:/home/runner/work/key/key/key.core/build/resources/main/de/uka/ilkd/key/java/JavaRedux/java/lang/System.java, Keeping one from URL:file:/home/runner/work/key/key/key.core/build/resources/main/de/uka/ilkd/key/java/JavaRedux/java/lang/System.java 
88095      WARN  main            d.u.i.k.j.r.KeYCrossReferenceNameInfo Datatype java.io.PrintStream declared twice: Once in FILE:/home/runner/work/key/key/key.core/../key.ui/examples/standard_key/java_dl/classpath/PrintStream.java and once in URL:file:/home/runner/work/key/key/key.core/build/resources/main/de/uka/ilkd/key/java/JavaRedux/java/io/PrintStream.java, Keeping one from URL:file:/home/runner/work/key/key/key.core/build/resources/main/de/uka/ilkd/key/java/JavaRedux/java/io/PrintStream.java 
88095      WARN  main            d.u.i.k.j.r.KeYCrossReferenceNameInfo Datatype java.io.InputStream declared twice: Once in FILE:/home/runner/work/key/key/key.core/../key.ui/examples/standard_key/java_dl/classpath/InputStream.java and once in URL:file:/home/runner/work/key/key/key.core/build/resources/main/de/uka/ilkd/key/java/JavaRedux/java/io/InputStream.java, Keeping one from URL:file:/home/runner/work/key/key/key.core/build/resources/main/de/uka/ilkd/key/java/JavaRedux/java/io/InputStream.java 
88098      DEBUG main            d.u.i.k.j.r.ClassFileDeclarationBuilder Parsing: package java.io; public class Closeable { } 
88098      DEBUG main            r.s.KeYCrossReferenceSourceInfo Dynamically created class: java.io.Closeable 
90478      DEBUG main            d.u.i.k.p.i.AbstractProblemLoader Init config took 2.41s 
90493      INFO  main            d.u.i.k.p.i.AbstractProblemLoader Replaying proof continue2.key 
90495      DEBUG main            d.u.i.k.p.i.IntermediateProofReplayer Proof replay took 7.9ns 
90799      INFO  main            d.u.i.k.p.r.p.TestFile    ... finished proof: closed. 
91015      INFO  main            d.u.i.k.p.i.AbstractProblemLoader Loading environment from /home/runner/work/key/key/key.core/../key.ui/examples/standard_key/java_dl/continue2.key.proof 
91015      DEBUG main            d.u.i.k.p.i.AbstractProblemLoader Environment load took 108.4ns 
91016      INFO  main            d.u.i.k.p.i.AbstractProblemLoader Creating init config 
91038      WARN  main            d.u.i.k.j.r.KeYCrossReferenceNameInfo Datatype java.lang.System declared twice: Once in FILE:/home/runner/work/key/key/key.core/../key.ui/examples/standard_key/java_dl/classpath/System.java and once in URL:file:/home/runner/work/key/key/key.core/build/resources/main/de/uka/ilkd/key/java/JavaRedux/java/lang/System.java, Keeping one from URL:file:/home/runner/work/key/key/key.core/build/resources/main/de/uka/ilkd/key/java/JavaRedux/java/lang/System.java 
91038      WARN  main            d.u.i.k.j.r.KeYCrossReferenceNameInfo Datatype java.io.PrintStream declared twice: Once in FILE:/home/runner/work/key/key/key.core/../key.ui/examples/standard_key/java_dl/classpath/PrintStream.java and once in URL:file:/home/runner/work/key/key/key.core/build/resources/main/de/uka/ilkd/key/java/JavaRedux/java/io/PrintStream.java, Keeping one from URL:file:/home/runner/work/key/key/key.core/build/resources/main/de/uka/ilkd/key/java/JavaRedux/java/io/PrintStream.java 
91038      WARN  main            d.u.i.k.j.r.KeYCrossReferenceNameInfo Datatype java.io.InputStream declared twice: Once in FILE:/home/runner/work/key/key/key.core/../key.ui/examples/standard_key/java_dl/classpath/InputStream.java and once in URL:file:/home/runner/work/key/key/key.core/build/resources/main/de/uka/ilkd/key/java/JavaRedux/java/io/InputStream.java, Keeping one from URL:file:/home/runner/work/key/key/key.core/build/resources/main/de/uka/ilkd/key/java/JavaRedux/java/io/InputStream.java 
91041      DEBUG main            d.u.i.k.j.r.ClassFileDeclarationBuilder Parsing: package java.io; public class Closeable { } 
91042      DEBUG main            r.s.KeYCrossReferenceSourceInfo Dynamically created class: java.io.Closeable 
93374      DEBUG main            d.u.i.k.p.i.AbstractProblemLoader Init config took 2.36s 
93389      INFO  main            d.u.i.k.p.i.AbstractProblemLoader Replaying proof continue2.key.proof 
93450      DEBUG main            d.u.i.k.p.i.IntermediateProofReplayer Proof replay took 58.09ms 
93451      DEBUG main            d.u.i.k.p.r.p.TestFile    ... success: reloaded. 
93454      INFO  main            d.u.i.k.p.r.p.TestFile    Now processing file /home/runner/work/key/key/key.core/../key.ui/examples/standard_key/java_dl/complexAssignment.key 
93454      INFO  main            d.u.i.k.p.i.AbstractProblemLoader Loading environment from /home/runner/work/key/key/key.core/../key.ui/examples/standard_key/java_dl/complexAssignment.key 
93454      DEBUG main            d.u.i.k.p.i.AbstractProblemLoader Environment load took 102.9ns 
93455      INFO  main            d.u.i.k.p.i.AbstractProblemLoader Creating init config 
95897      DEBUG main            d.u.i.k.p.i.AbstractProblemLoader Init config took 2.44s 
95912      INFO  main            d.u.i.k.p.i.AbstractProblemLoader Replaying proof complexAssignment.key 
95913      DEBUG main            d.u.i.k.p.i.IntermediateProofReplayer Proof replay took 9.8ns 
96018      INFO  main            d.u.i.k.p.r.p.TestFile    ... finished proof: closed. 
96257      INFO  main            d.u.i.k.p.i.AbstractProblemLoader Loading environment from /home/runner/work/key/key/key.core/../key.ui/examples/standard_key/java_dl/complexAssignment.key.proof 
96257      DEBUG main            d.u.i.k.p.i.AbstractProblemLoader Environment load took 110.4ns 
96258      INFO  main            d.u.i.k.p.i.AbstractProblemLoader Creating init config 
98574      DEBUG main            d.u.i.k.p.i.AbstractProblemLoader Init config took 2.32s 
98589      INFO  main            d.u.i.k.p.i.AbstractProblemLoader Replaying proof complexAssignment.key.proof 
98596      DEBUG main            d.u.i.k.p.i.IntermediateProofReplayer Proof replay took 5.48ms 
98597      DEBUG main            d.u.i.k.p.r.p.TestFile    ... success: reloaded. 
98598      INFO  main            d.u.i.k.p.r.p.TestFile    Now processing file /home/runner/work/key/key/key.core/../key.ui/examples/standard_key/java_dl/danglingElseSolution1.key 
98598      INFO  main            d.u.i.k.p.i.AbstractProblemLoader Loading environment from /home/runner/work/key/key/key.core/../key.ui/examples/standard_key/java_dl/danglingElseSolution1.key 
98598      DEBUG main            d.u.i.k.p.i.AbstractProblemLoader Environment load took 87.9ns 
98599      INFO  main            d.u.i.k.p.i.AbstractProblemLoader Creating init config 
101006     DEBUG main            d.u.i.k.p.i.AbstractProblemLoader Init config took 2.41s 
101021     INFO  main            d.u.i.k.p.i.AbstractProblemLoader Replaying proof danglingElseSolution1.key 
101023     DEBUG main            d.u.i.k.p.i.IntermediateProofReplayer Proof replay took 7.9ns 
101126     INFO  main            d.u.i.k.p.r.p.TestFile    ... finished proof: closed. 
101361     INFO  main            d.u.i.k.p.i.AbstractProblemLoader Loading environment from /home/runner/work/key/key/key.core/../key.ui/examples/standard_key/java_dl/danglingElseSolution1.key.proof 
101361     DEBUG main            d.u.i.k.p.i.AbstractProblemLoader Environment load took 115.6ns 
101362     INFO  main            d.u.i.k.p.i.AbstractProblemLoader Creating init config 
103671     DEBUG main            d.u.i.k.p.i.AbstractProblemLoader Init config took 2.31s 
103685     INFO  main            d.u.i.k.p.i.AbstractProblemLoader Replaying proof danglingElseSolution1.key.proof 
103694     DEBUG main            d.u.i.k.p.i.IntermediateProofReplayer Proof replay took 7ms 
103695     DEBUG main            d.u.i.k.p.r.p.TestFile    ... success: reloaded. 
103696     INFO  main            d.u.i.k.p.r.p.TestFile    Now processing file /home/runner/work/key/key/key.core/../key.ui/examples/standard_key/java_dl/danglingElseSolution2.key 
103696     INFO  main            d.u.i.k.p.i.AbstractProblemLoader Loading environment from /home/runner/work/key/key/key.core/../key.ui/examples/standard_key/java_dl/danglingElseSolution2.key 
103696     DEBUG main            d.u.i.k.p.i.AbstractProblemLoader Environment load took 59.4ns 
103697     INFO  main            d.u.i.k.p.i.AbstractProblemLoader Creating init config 
106111     DEBUG main            d.u.i.k.p.i.AbstractProblemLoader Init config took 2.41s 
106128     INFO  main            d.u.i.k.p.i.AbstractProblemLoader Replaying proof danglingElseSolution2.key 
106129     DEBUG main            d.u.i.k.p.i.IntermediateProofReplayer Proof replay took 8.2ns 
106234     INFO  main            d.u.i.k.p.r.p.TestFile    ... finished proof: closed. 
106536     INFO  main            d.u.i.k.p.i.AbstractProblemLoader Loading environment from /home/runner/work/key/key/key.core/../key.ui/examples/standard_key/java_dl/danglingElseSolution2.key.proof 
106536     DEBUG main            d.u.i.k.p.i.AbstractProblemLoader Environment load took 111ns 
106538     INFO  main            d.u.i.k.p.i.AbstractProblemLoader Creating init config 
108854     DEBUG main            d.u.i.k.p.i.AbstractProblemLoader Init config took 2.32s 
108869     INFO  main            d.u.i.k.p.i.AbstractProblemLoader Replaying proof danglingElseSolution2.key.proof 
108879     DEBUG main            d.u.i.k.p.i.IntermediateProofReplayer Proof replay took 7.06ms 
108880     DEBUG main            d.u.i.k.p.r.p.TestFile    ... success: reloaded. 
108881     INFO  main            d.u.i.k.p.r.p.TestFile    Now processing file /home/runner/work/key/key/key.core/../key.ui/examples/standard_key/java_dl/deepNonNull/deepNonNull0.key 
108881     INFO  main            d.u.i.k.p.i.AbstractProblemLoader Loading environment from /home/runner/work/key/key/key.core/../key.ui/examples/standard_key/java_dl/deepNonNull/deepNonNull0.key 
108881     DEBUG main            d.u.i.k.p.i.AbstractProblemLoader Environment load took 193.6ns 
108882     INFO  main            d.u.i.k.p.i.AbstractProblemLoader Creating init config 
111310     DEBUG main            d.u.i.k.p.i.AbstractProblemLoader Init config took 2.43s 
111349     INFO  main            d.u.i.k.p.i.AbstractProblemLoader Replaying proof Arrays[Arrays::get()].JML operation contract.0 
111350     DEBUG main            d.u.i.k.p.i.IntermediateProofReplayer Proof replay took 7.9ns 
111555     INFO  main            d.u.i.k.p.r.p.TestFile    ... finished proof: closed. 
111802     INFO  main            d.u.i.k.p.i.AbstractProblemLoader Loading environment from /home/runner/work/key/key/key.core/../key.ui/examples/standard_key/java_dl/deepNonNull/deepNonNull0.key.proof 
111809     DEBUG main            d.u.i.k.p.i.AbstractProblemLoader Environment load took 6.44ms 
111810     INFO  main            d.u.i.k.p.i.AbstractProblemLoader Creating init config 
114212     DEBUG main            d.u.i.k.p.i.AbstractProblemLoader Init config took 2.4s 
114250     INFO  main            d.u.i.k.p.i.AbstractProblemLoader Replaying proof Arrays[Arrays::get()].JML operation contract.0 
114269     DEBUG main            d.u.i.k.p.i.IntermediateProofReplayer Proof replay took 15.94ms 
114270     DEBUG main            d.u.i.k.p.r.p.TestFile    ... success: reloaded. 
114271     INFO  main            d.u.i.k.p.r.p.TestFile    Now processing file /home/runner/work/key/key/key.core/../key.ui/examples/standard_key/java_dl/deepNonNull/deepNonNull1.key 
114271     INFO  main            d.u.i.k.p.i.AbstractProblemLoader Loading environment from /home/runner/work/key/key/key.core/../key.ui/examples/standard_key/java_dl/deepNonNull/deepNonNull1.key 
114272     DEBUG main            d.u.i.k.p.i.AbstractProblemLoader Environment load took 174.5ns 
114279     INFO  main            d.u.i.k.p.i.AbstractProblemLoader Creating init config 
116721     DEBUG main            d.u.i.k.p.i.AbstractProblemLoader Init config took 2.44s 
116761     INFO  main            d.u.i.k.p.i.AbstractProblemLoader Replaying proof Arrays[Arrays::head()].JML operation contract.0 
116763     DEBUG main            d.u.i.k.p.i.IntermediateProofReplayer Proof replay took 7.9ns 
116965     INFO  main            d.u.i.k.p.r.p.TestFile    ... finished proof: closed. 
117209     INFO  main            d.u.i.k.p.i.AbstractProblemLoader Loading environment from /home/runner/work/key/key/key.core/../key.ui/examples/standard_key/java_dl/deepNonNull/deepNonNull1.key.proof 
117209     DEBUG main            d.u.i.k.p.i.AbstractProblemLoader Environment load took 131.3ns 
117210     INFO  main            d.u.i.k.p.i.AbstractProblemLoader Creating init config 
119606     DEBUG main            d.u.i.k.p.i.AbstractProblemLoader Init config took 2.4s 
119642     INFO  main            d.u.i.k.p.i.AbstractProblemLoader Replaying proof Arrays[Arrays::head()].JML operation contract.0 
119661     DEBUG main            d.u.i.k.p.i.IntermediateProofReplayer Proof replay took 16.18ms 
119662     DEBUG main            d.u.i.k.p.r.p.TestFile    ... success: reloaded. 
119663     INFO  main            d.u.i.k.p.r.p.TestFile    Now processing file /home/runner/work/key/key/key.core/../key.ui/examples/standard_key/java_dl/deepNonNull/deepNonNull2.key 
119663     INFO  main            d.u.i.k.p.i.AbstractProblemLoader Loading environment from /home/runner/work/key/key/key.core/../key.ui/examples/standard_key/java_dl/deepNonNull/deepNonNull2.key 
119663     DEBUG main            d.u.i.k.p.i.AbstractProblemLoader Environment load took 200.3ns 
119664     INFO  main            d.u.i.k.p.i.AbstractProblemLoader Creating init config 
122110     DEBUG main            d.u.i.k.p.i.AbstractProblemLoader Init config took 2.45s 
122159     INFO  main            d.u.i.k.p.i.AbstractProblemLoader Replaying proof Arrays[Arrays::unprovable(java.lang.Object)].JML operation contract.0 
122160     DEBUG main            d.u.i.k.p.i.IntermediateProofReplayer Proof replay took 7.9ns 
122268     INFO  main            d.u.i.k.p.r.p.TestFile    ... finished proof: open goal(s) 
122526     INFO  main            d.u.i.k.p.r.p.TestFile    Now processing file /home/runner/work/key/key/key.core/../key.ui/examples/standard_key/java_dl/deepNonNull/deepNonNull3.key 
122526     INFO  main            d.u.i.k.p.i.AbstractProblemLoader Loading environment from /home/runner/work/key/key/key.core/../key.ui/examples/standard_key/java_dl/deepNonNull/deepNonNull3.key 
122526     DEBUG main            d.u.i.k.p.i.AbstractProblemLoader Environment load took 57.2ns 
122527     INFO  main            d.u.i.k.p.i.AbstractProblemLoader Creating init config 
124910     DEBUG main            d.u.i.k.p.i.AbstractProblemLoader Init config took 2.38s 
124947     INFO  main            d.u.i.k.p.i.AbstractProblemLoader Replaying proof Arrays[Arrays::head([[[[Ljava.lang.Object)].JML operation contract.0 
124948     DEBUG main            d.u.i.k.p.i.IntermediateProofReplayer Proof replay took 8ns 
125855     INFO  main            d.u.i.k.p.r.p.TestFile    ... finished proof: closed. 
126124     INFO  main            d.u.i.k.p.i.AbstractProblemLoader Loading environment from /home/runner/work/key/key/key.core/../key.ui/examples/standard_key/java_dl/deepNonNull/deepNonNull3.key.proof 
126125     DEBUG main            d.u.i.k.p.i.AbstractProblemLoader Environment load took 441.4ns 
126126     INFO  main            d.u.i.k.p.i.AbstractProblemLoader Creating init config 
128498     DEBUG main            d.u.i.k.p.i.AbstractProblemLoader Init config took 2.37s 
128535     INFO  main            d.u.i.k.p.i.AbstractProblemLoader Replaying proof Arrays[Arrays::head([[[[Ljava.lang.Object)].JML operation contract.0 
128598     DEBUG main            d.u.i.k.p.i.IntermediateProofReplayer Proof replay took 57.26ms 
128599     DEBUG main            d.u.i.k.p.r.p.TestFile    ... success: reloaded. 
128600     INFO  main            d.u.i.k.p.r.p.TestFile    Now processing file /home/runner/work/key/key/key.core/../key.ui/examples/standard_key/java_dl/exceptions.key 
128600     INFO  main            d.u.i.k.p.i.AbstractProblemLoader Loading environment from /home/runner/work/key/key/key.core/../key.ui/examples/standard_key/java_dl/exceptions.key 
128600     DEBUG main            d.u.i.k.p.i.AbstractProblemLoader Environment load took 96.4ns 
128601     INFO  main            d.u.i.k.p.i.AbstractProblemLoader Creating init config 
128622     WARN  main            d.u.i.k.j.r.KeYCrossReferenceNameInfo Datatype java.lang.System declared twice: Once in FILE:/home/runner/work/key/key/key.core/../key.ui/examples/standard_key/java_dl/classpath/System.java and once in URL:file:/home/runner/work/key/key/key.core/build/resources/main/de/uka/ilkd/key/java/JavaRedux/java/lang/System.java, Keeping one from URL:file:/home/runner/work/key/key/key.core/build/resources/main/de/uka/ilkd/key/java/JavaRedux/java/lang/System.java 
128622     WARN  main            d.u.i.k.j.r.KeYCrossReferenceNameInfo Datatype java.io.PrintStream declared twice: Once in FILE:/home/runner/work/key/key/key.core/../key.ui/examples/standard_key/java_dl/classpath/PrintStream.java and once in URL:file:/home/runner/work/key/key/key.core/build/resources/main/de/uka/ilkd/key/java/JavaRedux/java/io/PrintStream.java, Keeping one from URL:file:/home/runner/work/key/key/key.core/build/resources/main/de/uka/ilkd/key/java/JavaRedux/java/io/PrintStream.java 
128622     WARN  main            d.u.i.k.j.r.KeYCrossReferenceNameInfo Datatype java.io.InputStream declared twice: Once in FILE:/home/runner/work/key/key/key.core/../key.ui/examples/standard_key/java_dl/classpath/InputStream.java and once in URL:file:/home/runner/work/key/key/key.core/build/resources/main/de/uka/ilkd/key/java/JavaRedux/java/io/InputStream.java, Keeping one from URL:file:/home/runner/work/key/key/key.core/build/resources/main/de/uka/ilkd/key/java/JavaRedux/java/io/InputStream.java 
128625     DEBUG main            d.u.i.k.j.r.ClassFileDeclarationBuilder Parsing: package java.io; public class Closeable { } 
128626     DEBUG main            r.s.KeYCrossReferenceSourceInfo Dynamically created class: java.io.Closeable 
131017     DEBUG main            d.u.i.k.p.i.AbstractProblemLoader Init config took 2.42s 
131031     INFO  main            d.u.i.k.p.i.AbstractProblemLoader Replaying proof exceptions.key 
131032     DEBUG main            d.u.i.k.p.i.IntermediateProofReplayer Proof replay took 9.7ns 
131235     INFO  main            d.u.i.k.p.r.p.TestFile    ... finished proof: closed. 
131498     INFO  main            d.u.i.k.p.i.AbstractProblemLoader Loading environment from /home/runner/work/key/key/key.core/../key.ui/examples/standard_key/java_dl/exceptions.key.proof 
131498     DEBUG main            d.u.i.k.p.i.AbstractProblemLoader Environment load took 97.5ns 
131500     INFO  main            d.u.i.k.p.i.AbstractProblemLoader Creating init config 
131521     WARN  main            d.u.i.k.j.r.KeYCrossReferenceNameInfo Datatype java.lang.System declared twice: Once in FILE:/home/runner/work/key/key/key.core/../key.ui/examples/standard_key/java_dl/classpath/System.java and once in URL:file:/home/runner/work/key/key/key.core/build/resources/main/de/uka/ilkd/key/java/JavaRedux/java/lang/System.java, Keeping one from URL:file:/home/runner/work/key/key/key.core/build/resources/main/de/uka/ilkd/key/java/JavaRedux/java/lang/System.java 
131522     WARN  main            d.u.i.k.j.r.KeYCrossReferenceNameInfo Datatype java.io.PrintStream declared twice: Once in FILE:/home/runner/work/key/key/key.core/../key.ui/examples/standard_key/java_dl/classpath/PrintStream.java and once in URL:file:/home/runner/work/key/key/key.core/build/resources/main/de/uka/ilkd/key/java/JavaRedux/java/io/PrintStream.java, Keeping one from URL:file:/home/runner/work/key/key/key.core/build/resources/main/de/uka/ilkd/key/java/JavaRedux/java/io/PrintStream.java 
131522     WARN  main            d.u.i.k.j.r.KeYCrossReferenceNameInfo Datatype java.io.InputStream declared twice: Once in FILE:/home/runner/work/key/key/key.core/../key.ui/examples/standard_key/java_dl/classpath/InputStream.java and once in URL:file:/home/runner/work/key/key/key.core/build/resources/main/de/uka/ilkd/key/java/JavaRedux/java/io/InputStream.java, Keeping one from URL:file:/home/runner/work/key/key/key.core/build/resources/main/de/uka/ilkd/key/java/JavaRedux/java/io/InputStream.java 
131525     DEBUG main            d.u.i.k.j.r.ClassFileDeclarationBuilder Parsing: package java.io; public class Closeable { } 
131525     DEBUG main            r.s.KeYCrossReferenceSourceInfo Dynamically created class: java.io.Closeable 
133859     DEBUG main            d.u.i.k.p.i.AbstractProblemLoader Init config took 2.36s 
133874     INFO  main            d.u.i.k.p.i.AbstractProblemLoader Replaying proof exceptions.key.proof 
133908     DEBUG main            d.u.i.k.p.i.IntermediateProofReplayer Proof replay took 30.78ms 
133909     DEBUG main            d.u.i.k.p.r.p.TestFile    ... success: reloaded. 
133910     INFO  main            d.u.i.k.p.r.p.TestFile    Now processing file /home/runner/work/key/key/key.core/../key.ui/examples/standard_key/java_dl/exceptions1.key 
133910     INFO  main            d.u.i.k.p.i.AbstractProblemLoader Loading environment from /home/runner/work/key/key/key.core/../key.ui/examples/standard_key/java_dl/exceptions1.key 
133910     DEBUG main            d.u.i.k.p.i.AbstractProblemLoader Environment load took 78.6ns 
133911     INFO  main            d.u.i.k.p.i.AbstractProblemLoader Creating init config 
136303     DEBUG main            d.u.i.k.p.i.AbstractProblemLoader Init config took 2.39s 
136318     INFO  main            d.u.i.k.p.i.AbstractProblemLoader Replaying proof exceptions1.key 
136321     DEBUG main            d.u.i.k.p.i.IntermediateProofReplayer Proof replay took 9.5ns 
136538     INFO  main            d.u.i.k.p.r.p.TestFile    ... finished proof: closed. 
136896     INFO  main            d.u.i.k.p.i.AbstractProblemLoader Loading environment from /home/runner/work/key/key/key.core/../key.ui/examples/standard_key/java_dl/exceptions1.key.proof 
136896     DEBUG main            d.u.i.k.p.i.AbstractProblemLoader Environment load took 101.5ns 
136898     INFO  main            d.u.i.k.p.i.AbstractProblemLoader Creating init config 
139230     DEBUG main            d.u.i.k.p.i.AbstractProblemLoader Init config took 2.33s 
139245     INFO  main            d.u.i.k.p.i.AbstractProblemLoader Replaying proof exceptions1.key.proof 
139272     DEBUG main            d.u.i.k.p.i.IntermediateProofReplayer Proof replay took 23.91ms 
139273     DEBUG main            d.u.i.k.p.r.p.TestFile    ... success: reloaded. 
139274     INFO  main            d.u.i.k.p.r.p.TestFile    Now processing file /home/runner/work/key/key/key.core/../key.ui/examples/standard_key/java_dl/exceptions2.key 
139274     INFO  main            d.u.i.k.p.i.AbstractProblemLoader Loading environment from /home/runner/work/key/key/key.core/../key.ui/examples/standard_key/java_dl/exceptions2.key 
139274     DEBUG main            d.u.i.k.p.i.AbstractProblemLoader Environment load took 174.9ns 
139275     INFO  main            d.u.i.k.p.i.AbstractProblemLoader Creating init config 
141640     DEBUG main            d.u.i.k.p.i.AbstractProblemLoader Init config took 2.36s 
141657     INFO  main            d.u.i.k.p.i.AbstractProblemLoader Replaying proof exceptions2.key 
141660     DEBUG main            d.u.i.k.p.i.IntermediateProofReplayer Proof replay took 10ns 
141862     INFO  main            d.u.i.k.p.r.p.TestFile    ... finished proof: closed. 
142141     INFO  main            d.u.i.k.p.i.AbstractProblemLoader Loading environment from /home/runner/work/key/key/key.core/../key.ui/examples/standard_key/java_dl/exceptions2.key.proof 
142141     DEBUG main            d.u.i.k.p.i.AbstractProblemLoader Environment load took 93.2ns 
142143     INFO  main            d.u.i.k.p.i.AbstractProblemLoader Creating init config 
144441     DEBUG main            d.u.i.k.p.i.AbstractProblemLoader Init config took 2.3s 
144457     INFO  main            d.u.i.k.p.i.AbstractProblemLoader Replaying proof exceptions2.key.proof 
144488     DEBUG main            d.u.i.k.p.i.IntermediateProofReplayer Proof replay took 28.17ms 
144489     DEBUG main            d.u.i.k.p.r.p.TestFile    ... success: reloaded. 
144490     INFO  main            d.u.i.k.p.r.p.TestFile    Now processing file /home/runner/work/key/key/key.core/../key.ui/examples/standard_key/java_dl/exceptions3.key 
144490     INFO  main            d.u.i.k.p.i.AbstractProblemLoader Loading environment from /home/runner/work/key/key/key.core/../key.ui/examples/standard_key/java_dl/exceptions3.key 
144490     DEBUG main            d.u.i.k.p.i.AbstractProblemLoader Environment load took 70.6ns 
144491     INFO  main            d.u.i.k.p.i.AbstractProblemLoader Creating init config 
144513     WARN  main            d.u.i.k.j.r.KeYCrossReferenceNameInfo Datatype java.lang.System declared twice: Once in FILE:/home/runner/work/key/key/key.core/../key.ui/examples/standard_key/java_dl/classpath/System.java and once in URL:file:/home/runner/work/key/key/key.core/build/resources/main/de/uka/ilkd/key/java/JavaRedux/java/lang/System.java, Keeping one from URL:file:/home/runner/work/key/key/key.core/build/resources/main/de/uka/ilkd/key/java/JavaRedux/java/lang/System.java 
144513     WARN  main            d.u.i.k.j.r.KeYCrossReferenceNameInfo Datatype java.io.PrintStream declared twice: Once in FILE:/home/runner/work/key/key/key.core/../key.ui/examples/standard_key/java_dl/classpath/PrintStream.java and once in URL:file:/home/runner/work/key/key/key.core/build/resources/main/de/uka/ilkd/key/java/JavaRedux/java/io/PrintStream.java, Keeping one from URL:file:/home/runner/work/key/key/key.core/build/resources/main/de/uka/ilkd/key/java/JavaRedux/java/io/PrintStream.java 
144513     WARN  main            d.u.i.k.j.r.KeYCrossReferenceNameInfo Datatype java.io.InputStream declared twice: Once in FILE:/home/runner/work/key/key/key.core/../key.ui/examples/standard_key/java_dl/classpath/InputStream.java and once in URL:file:/home/runner/work/key/key/key.core/build/resources/main/de/uka/ilkd/key/java/JavaRedux/java/io/InputStream.java, Keeping one from URL:file:/home/runner/work/key/key/key.core/build/resources/main/de/uka/ilkd/key/java/JavaRedux/java/io/InputStream.java 
144516     DEBUG main            d.u.i.k.j.r.ClassFileDeclarationBuilder Parsing: package java.io; public class Closeable { } 
144517     DEBUG main            r.s.KeYCrossReferenceSourceInfo Dynamically created class: java.io.Closeable 
146887     DEBUG main            d.u.i.k.p.i.AbstractProblemLoader Init config took 2.4s 
146902     INFO  main            d.u.i.k.p.i.AbstractProblemLoader Replaying proof exceptions3.key 
146904     DEBUG main            d.u.i.k.p.i.IntermediateProofReplayer Proof replay took 9.3ns 
147006     INFO  main            d.u.i.k.p.r.p.TestFile    ... finished proof: closed. 
147288     INFO  main            d.u.i.k.p.i.AbstractProblemLoader Loading environment from /home/runner/work/key/key/key.core/../key.ui/examples/standard_key/java_dl/exceptions3.key.proof 
147288     DEBUG main            d.u.i.k.p.i.AbstractProblemLoader Environment load took 99.8ns 
147290     INFO  main            d.u.i.k.p.i.AbstractProblemLoader Creating init config 
147319     WARN  main            d.u.i.k.j.r.KeYCrossReferenceNameInfo Datatype java.lang.System declared twice: Once in FILE:/home/runner/work/key/key/key.core/../key.ui/examples/standard_key/java_dl/classpath/System.java and once in URL:file:/home/runner/work/key/key/key.core/build/resources/main/de/uka/ilkd/key/java/JavaRedux/java/lang/System.java, Keeping one from URL:file:/home/runner/work/key/key/key.core/build/resources/main/de/uka/ilkd/key/java/JavaRedux/java/lang/System.java 
147320     WARN  main            d.u.i.k.j.r.KeYCrossReferenceNameInfo Datatype java.io.PrintStream declared twice: Once in FILE:/home/runner/work/key/key/key.core/../key.ui/examples/standard_key/java_dl/classpath/PrintStream.java and once in URL:file:/home/runner/work/key/key/key.core/build/resources/main/de/uka/ilkd/key/java/JavaRedux/java/io/PrintStream.java, Keeping one from URL:file:/home/runner/work/key/key/key.core/build/resources/main/de/uka/ilkd/key/java/JavaRedux/java/io/PrintStream.java 
147320     WARN  main            d.u.i.k.j.r.KeYCrossReferenceNameInfo Datatype java.io.InputStream declared twice: Once in FILE:/home/runner/work/key/key/key.core/../key.ui/examples/standard_key/java_dl/classpath/InputStream.java and once in URL:file:/home/runner/work/key/key/key.core/build/resources/main/de/uka/ilkd/key/java/JavaRedux/java/io/InputStream.java, Keeping one from URL:file:/home/runner/work/key/key/key.core/build/resources/main/de/uka/ilkd/key/java/JavaRedux/java/io/InputStream.java 
147331     DEBUG main            d.u.i.k.j.r.ClassFileDeclarationBuilder Parsing: package java.io; public class Closeable { } 
147331     DEBUG main            r.s.KeYCrossReferenceSourceInfo Dynamically created class: java.io.Closeable 
149664     DEBUG main            d.u.i.k.p.i.AbstractProblemLoader Init config took 2.37s 
149679     INFO  main            d.u.i.k.p.i.AbstractProblemLoader Replaying proof exceptions3.key.proof 
149684     DEBUG main            d.u.i.k.p.i.IntermediateProofReplayer Proof replay took 2.99ms 
149685     DEBUG main            d.u.i.k.p.r.p.TestFile    ... success: reloaded. 
149686     INFO  main            d.u.i.k.p.r.p.TestFile    Now processing file /home/runner/work/key/key/key.core/../key.ui/examples/standard_key/java_dl/exchange.key 
149686     INFO  main            d.u.i.k.p.i.AbstractProblemLoader Loading environment from /home/runner/work/key/key/key.core/../key.ui/examples/standard_key/java_dl/exchange.key 
149687     DEBUG main            d.u.i.k.p.i.AbstractProblemLoader Environment load took 179.6ns 
149688     INFO  main            d.u.i.k.p.i.AbstractProblemLoader Creating init config 
152030     DEBUG main            d.u.i.k.p.i.AbstractProblemLoader Init config took 2.34s 
152044     INFO  main            d.u.i.k.p.i.AbstractProblemLoader Replaying proof exchange.key 
152046     DEBUG main            d.u.i.k.p.i.IntermediateProofReplayer Proof replay took 8.6ns 
152148     INFO  main            d.u.i.k.p.r.p.TestFile    ... finished proof: closed. 
152439     INFO  main            d.u.i.k.p.i.AbstractProblemLoader Loading environment from /home/runner/work/key/key/key.core/../key.ui/examples/standard_key/java_dl/exchange.key.proof 
152439     DEBUG main            d.u.i.k.p.i.AbstractProblemLoader Environment load took 107.9ns 
152440     INFO  main            d.u.i.k.p.i.AbstractProblemLoader Creating init config 
154745     DEBUG main            d.u.i.k.p.i.AbstractProblemLoader Init config took 2.3s 
154760     INFO  main            d.u.i.k.p.i.AbstractProblemLoader Replaying proof exchange.key.proof 
154764     DEBUG main            d.u.i.k.p.i.IntermediateProofReplayer Proof replay took 2.47ms 
154765     DEBUG main            d.u.i.k.p.r.p.TestFile    ... success: reloaded. 
154766     INFO  main            d.u.i.k.p.r.p.TestFile    Now processing file /home/runner/work/key/key/key.core/../key.ui/examples/standard_key/java_dl/if.key 
154766     INFO  main            d.u.i.k.p.i.AbstractProblemLoader Loading environment from /home/runner/work/key/key/key.core/../key.ui/examples/standard_key/java_dl/if.key 
154766     DEBUG main            d.u.i.k.p.i.AbstractProblemLoader Environment load took 160.6ns 
154767     INFO  main            d.u.i.k.p.i.AbstractProblemLoader Creating init config 
157116     DEBUG main            d.u.i.k.p.i.AbstractProblemLoader Init config took 2.35s 
157131     INFO  main            d.u.i.k.p.i.AbstractProblemLoader Replaying proof if.key 
157132     DEBUG main            d.u.i.k.p.i.IntermediateProofReplayer Proof replay took 10ns 
157238     INFO  main            d.u.i.k.p.r.p.TestFile    ... finished proof: closed. 
157530     INFO  main            d.u.i.k.p.i.AbstractProblemLoader Loading environment from /home/runner/work/key/key/key.core/../key.ui/examples/standard_key/java_dl/if.key.proof 
157530     DEBUG main            d.u.i.k.p.i.AbstractProblemLoader Environment load took 98.7ns 
157531     INFO  main            d.u.i.k.p.i.AbstractProblemLoader Creating init config 
159825     DEBUG main            d.u.i.k.p.i.AbstractProblemLoader Init config took 2.29s 
159839     INFO  main            d.u.i.k.p.i.AbstractProblemLoader Replaying proof if.key.proof 
159844     DEBUG main            d.u.i.k.p.i.IntermediateProofReplayer Proof replay took 2.58ms 
159844     DEBUG main            d.u.i.k.p.r.p.TestFile    ... success: reloaded. 
159845     INFO  main            d.u.i.k.p.r.p.TestFile    Now processing file /home/runner/work/key/key/key.core/../key.ui/examples/standard_key/java_dl/incrementcounter.key 
159845     INFO  main            d.u.i.k.p.i.AbstractProblemLoader Loading environment from /home/runner/work/key/key/key.core/../key.ui/examples/standard_key/java_dl/incrementcounter.key 
159845     DEBUG main            d.u.i.k.p.i.AbstractProblemLoader Environment load took 157.9ns 
159846     INFO  main            d.u.i.k.p.i.AbstractProblemLoader Creating init config 
162170     DEBUG main            d.u.i.k.p.i.AbstractProblemLoader Init config took 2.32s 
162184     INFO  main            d.u.i.k.p.i.AbstractProblemLoader Replaying proof incrementcounter.key 
162185     DEBUG main            d.u.i.k.p.i.IntermediateProofReplayer Proof replay took 8.8ns 
162287     INFO  main            d.u.i.k.p.r.p.TestFile    ... finished proof: closed. 
162584     INFO  main            d.u.i.k.p.i.AbstractProblemLoader Loading environment from /home/runner/work/key/key/key.core/../key.ui/examples/standard_key/java_dl/incrementcounter.key.proof 
162584     DEBUG main            d.u.i.k.p.i.AbstractProblemLoader Environment load took 94.5ns 
162585     INFO  main            d.u.i.k.p.i.AbstractProblemLoader Creating init config 
164882     DEBUG main            d.u.i.k.p.i.AbstractProblemLoader Init config took 2.3s 
164896     INFO  main            d.u.i.k.p.i.AbstractProblemLoader Replaying proof incrementcounter.key.proof 
164899     DEBUG main            d.u.i.k.p.i.IntermediateProofReplayer Proof replay took 1.63ms 
164900     DEBUG main            d.u.i.k.p.r.p.TestFile    ... success: reloaded. 
164900     INFO  main            d.u.i.k.p.r.p.TestFile    Now processing file /home/runner/work/key/key/key.core/../key.ui/examples/standard_key/java_dl/danglingElse.key 
164901     INFO  main            d.u.i.k.p.i.AbstractProblemLoader Loading environment from /home/runner/work/key/key/key.core/../key.ui/examples/standard_key/java_dl/danglingElse.key 
164901     DEBUG main            d.u.i.k.p.i.AbstractProblemLoader Environment load took 57.2ns 
164901     INFO  main            d.u.i.k.p.i.AbstractProblemLoader Creating init config 
167242     DEBUG main            d.u.i.k.p.i.AbstractProblemLoader Init config took 2.34s 
167257     INFO  main            d.u.i.k.p.i.AbstractProblemLoader Replaying proof danglingElse.key 
167259     DEBUG main            d.u.i.k.p.i.IntermediateProofReplayer Proof replay took 9.3ns 
167361     INFO  main            d.u.i.k.p.r.p.TestFile    ... finished proof: open goal(s) 
167730     INFO  main            d.u.i.k.p.r.p.TestFile    Now processing file /home/runner/work/key/key/key.core/../key.ui/examples/standard_key/java_dl/iteratedAssignment.key 
167730     INFO  main            d.u.i.k.p.i.AbstractProblemLoader Loading environment from /home/runner/work/key/key/key.core/../key.ui/examples/standard_key/java_dl/iteratedAssignment.key 
167730     DEBUG main            d.u.i.k.p.i.AbstractProblemLoader Environment load took 48.8ns 
167731     INFO  main            d.u.i.k.p.i.AbstractProblemLoader Creating init config 
170029     DEBUG main            d.u.i.k.p.i.AbstractProblemLoader Init config took 2.3s 
170043     INFO  main            d.u.i.k.p.i.AbstractProblemLoader Replaying proof iteratedAssignment.key 
170053     DEBUG main            d.u.i.k.p.i.IntermediateProofReplayer Proof replay took 7.7ns 
170356     INFO  main            d.u.i.k.p.r.p.TestFile    ... finished proof: closed. 
170674     INFO  main            d.u.i.k.p.i.AbstractProblemLoader Loading environment from /home/runner/work/key/key/key.core/../key.ui/examples/standard_key/java_dl/iteratedAssignment.key.proof 
170674     DEBUG main            d.u.i.k.p.i.AbstractProblemLoader Environment load took 91.7ns 
170675     INFO  main            d.u.i.k.p.i.AbstractProblemLoader Creating init config 
172981     DEBUG main            d.u.i.k.p.i.AbstractProblemLoader Init config took 2.31s 
172997     INFO  main            d.u.i.k.p.i.AbstractProblemLoader Replaying proof iteratedAssignment.key.proof 
173054     DEBUG main            d.u.i.k.p.i.IntermediateProofReplayer Proof replay took 53.19ms 
173056     DEBUG main            d.u.i.k.p.r.p.TestFile    ... success: reloaded. 
173058     INFO  main            d.u.i.k.p.r.p.TestFile    Now processing file /home/runner/work/key/key/key.core/../key.ui/examples/standard_key/java_dl/assert/assert1.key 
173058     INFO  main            d.u.i.k.p.i.AbstractProblemLoader Loading environment from /home/runner/work/key/key/key.core/../key.ui/examples/standard_key/java_dl/assert/assert1.key 
173058     DEBUG main            d.u.i.k.p.i.AbstractProblemLoader Environment load took 78.7ns 
173060     INFO  main            d.u.i.k.p.i.AbstractProblemLoader Creating init config 
175447     DEBUG main            d.u.i.k.p.i.AbstractProblemLoader Init config took 2.39s 
175481     INFO  main            d.u.i.k.p.i.AbstractProblemLoader Replaying proof C[C::foo()].JML normal_behavior operation contract.0 
175483     DEBUG main            d.u.i.k.p.i.IntermediateProofReplayer Proof replay took 24.6ns 
175687     INFO  main            d.u.i.k.p.r.p.TestFile    ... finished proof: open goal(s) 
176017     INFO  main            d.u.i.k.p.r.p.TestFile    Now processing file /home/runner/work/key/key/key.core/../key.ui/examples/standard_key/java_dl/assert/assert2.key 
176017     INFO  main            d.u.i.k.p.i.AbstractProblemLoader Loading environment from /home/runner/work/key/key/key.core/../key.ui/examples/standard_key/java_dl/assert/assert2.key 
176017     DEBUG main            d.u.i.k.p.i.AbstractProblemLoader Environment load took 51.5ns 
176018     INFO  main            d.u.i.k.p.i.AbstractProblemLoader Creating init config 
178359     DEBUG main            d.u.i.k.p.i.AbstractProblemLoader Init config took 2.34s 
178398     INFO  main            d.u.i.k.p.i.AbstractProblemLoader Replaying proof C[C::bar()].JML exceptional_behavior operation contract.0 
178401     DEBUG main            d.u.i.k.p.i.IntermediateProofReplayer Proof replay took 28.1ns 
178603     INFO  main            d.u.i.k.p.r.p.TestFile    ... finished proof: closed. 
178909     INFO  main            d.u.i.k.p.i.AbstractProblemLoader Loading environment from /home/runner/work/key/key/key.core/../key.ui/examples/standard_key/java_dl/assert/assert2.key.proof 
178909     DEBUG main            d.u.i.k.p.i.AbstractProblemLoader Environment load took 88.9ns 
178910     INFO  main            d.u.i.k.p.i.AbstractProblemLoader Creating init config 
181314     DEBUG main            d.u.i.k.p.i.AbstractProblemLoader Init config took 2.4s 
181347     INFO  main            d.u.i.k.p.i.AbstractProblemLoader Replaying proof C[C::bar()].JML exceptional_behavior operation contract.0 
181379     DEBUG main            d.u.i.k.p.i.IntermediateProofReplayer Proof replay took 29.47ms 
181379     DEBUG main            d.u.i.k.p.r.p.TestFile    ... success: reloaded. 
181380     INFO  main            d.u.i.k.p.r.p.TestFile    Now processing file /home/runner/work/key/key/key.core/../key.ui/examples/standard_key/java_dl/assert/assert3.key 
181381     INFO  main            d.u.i.k.p.i.AbstractProblemLoader Loading environment from /home/runner/work/key/key/key.core/../key.ui/examples/standard_key/java_dl/assert/assert3.key 
181381     DEBUG main            d.u.i.k.p.i.AbstractProblemLoader Environment load took 67.5ns 
181381     INFO  main            d.u.i.k.p.i.AbstractProblemLoader Creating init config 
183733     DEBUG main            d.u.i.k.p.i.AbstractProblemLoader Init config took 2.35s 
183783     INFO  main            d.u.i.k.p.i.AbstractProblemLoader Replaying proof C[C::foo()].JML normal_behavior operation contract.0 
183786     DEBUG main            d.u.i.k.p.i.IntermediateProofReplayer Proof replay took 8.5ns 
183888     INFO  main            d.u.i.k.p.r.p.TestFile    ... finished proof: open goal(s) 
184199     INFO  main            d.u.i.k.p.r.p.TestFile    Now processing file /home/runner/work/key/key/key.core/../key.ui/examples/standard_key/java_dl/java5/vararg.key 
184199     INFO  main            d.u.i.k.p.i.AbstractProblemLoader Loading environment from /home/runner/work/key/key/key.core/../key.ui/examples/standard_key/java_dl/java5/vararg.key 
184199     DEBUG main            d.u.i.k.p.i.AbstractProblemLoader Environment load took 201.8ns 
184200     INFO  main            d.u.i.k.p.i.AbstractProblemLoader Creating init config 
185028     DEBUG main            d.u.i.k.j.r.ClassPreparationMethodBuilder clPrepBuilder: Inner Class detected. Reject building class initialisation methods. 
186841     DEBUG main            d.u.i.k.p.i.AbstractProblemLoader Init config took 2.64s 
186867     INFO  main            d.u.i.k.p.i.AbstractProblemLoader Replaying proof vararg.key 
186869     DEBUG main            d.u.i.k.p.i.IntermediateProofReplayer Proof replay took 9.3ns 
188076     INFO  main            d.u.i.k.p.r.p.TestFile    ... finished proof: closed. 
188447     INFO  main            d.u.i.k.p.i.AbstractProblemLoader Loading environment from /home/runner/work/key/key/key.core/../key.ui/examples/standard_key/java_dl/java5/vararg.key.proof 
188447     DEBUG main            d.u.i.k.p.i.AbstractProblemLoader Environment load took 377.3ns 
188449     INFO  main            d.u.i.k.p.i.AbstractProblemLoader Creating init config 
189279     DEBUG main            d.u.i.k.j.r.ClassPreparationMethodBuilder clPrepBuilder: Inner Class detected. Reject building class initialisation methods. 
191043     DEBUG main            d.u.i.k.p.i.AbstractProblemLoader Init config took 2.59s 
191067     INFO  main            d.u.i.k.p.i.AbstractProblemLoader Replaying proof vararg.key.proof 
191327     DEBUG main            d.u.i.k.p.i.IntermediateProofReplayer Proof replay took 246.98ms 
191329     DEBUG main            d.u.i.k.p.r.p.TestFile    ... success: reloaded. 
191330     INFO  main            d.u.i.k.p.r.p.TestFile    Now processing file /home/runner/work/key/key/key.core/../key.ui/examples/standard_key/java_dl/java5/for_Array.key 
191330     INFO  main            d.u.i.k.p.i.AbstractProblemLoader Loading environment from /home/runner/work/key/key/key.core/../key.ui/examples/standard_key/java_dl/java5/for_Array.key 
191330     DEBUG main            d.u.i.k.p.i.AbstractProblemLoader Environment load took 174.3ns 
191331     INFO  main            d.u.i.k.p.i.AbstractProblemLoader Creating init config 
192152     DEBUG main            d.u.i.k.j.r.ClassPreparationMethodBuilder clPrepBuilder: Inner Class detected. Reject building class initialisation methods. 
193979     DEBUG main            d.u.i.k.p.i.AbstractProblemLoader Init config took 2.65s 
194028     INFO  main            d.u.i.k.p.i.AbstractProblemLoader Replaying proof For[For::sum([I)].JML operation contract.0 
194029     DEBUG main            d.u.i.k.p.i.IntermediateProofReplayer Proof replay took 8.5ns 
194435     INFO  main            d.u.i.k.p.r.p.TestFile    ... finished proof: closed. 
194817     INFO  main            d.u.i.k.p.i.AbstractProblemLoader Loading environment from /home/runner/work/key/key/key.core/../key.ui/examples/standard_key/java_dl/java5/for_Array.key.proof 
194817     DEBUG main            d.u.i.k.p.i.AbstractProblemLoader Environment load took 89.8ns 
194818     INFO  main            d.u.i.k.p.i.AbstractProblemLoader Creating init config 
195604     DEBUG main            d.u.i.k.j.r.ClassPreparationMethodBuilder clPrepBuilder: Inner Class detected. Reject building class initialisation methods. 
197323     DEBUG main            d.u.i.k.p.i.AbstractProblemLoader Init config took 2.5s 
197373     INFO  main            d.u.i.k.p.i.AbstractProblemLoader Replaying proof For[For::sum([I)].JML operation contract.0 
197440     DEBUG main            d.u.i.k.p.i.IntermediateProofReplayer Proof replay took 64.03ms 
197441     DEBUG main            d.u.i.k.p.r.p.TestFile    ... success: reloaded. 
197443     INFO  main            d.u.i.k.p.r.p.TestFile    Now processing file /home/runner/work/key/key/key.core/../key.ui/examples/standard_key/java_dl/java5/for_Iterable.key 
197443     INFO  main            d.u.i.k.p.i.AbstractProblemLoader Loading environment from /home/runner/work/key/key/key.core/../key.ui/examples/standard_key/java_dl/java5/for_Iterable.key 
197443     DEBUG main            d.u.i.k.p.i.AbstractProblemLoader Environment load took 186.9ns 
197444     INFO  main            d.u.i.k.p.i.AbstractProblemLoader Creating init config 
198263     DEBUG main            d.u.i.k.j.r.ClassPreparationMethodBuilder clPrepBuilder: Inner Class detected. Reject building class initialisation methods. 
199997     DEBUG main            d.u.i.k.p.i.AbstractProblemLoader Init config took 2.55s 
200064     INFO  main            d.u.i.k.p.i.AbstractProblemLoader Replaying proof For[For::infiniteLoop(For)].JML operation contract.0 
200066     DEBUG main            d.u.i.k.p.i.IntermediateProofReplayer Proof replay took 7.9ns 
200272     INFO  main            d.u.i.k.p.r.p.TestFile    ... finished proof: closed. 
200625     INFO  main            d.u.i.k.p.i.AbstractProblemLoader Loading environment from /home/runner/work/key/key/key.core/../key.ui/examples/standard_key/java_dl/java5/for_Iterable.key.proof 
200625     DEBUG main            d.u.i.k.p.i.AbstractProblemLoader Environment load took 90ns 
200626     INFO  main            d.u.i.k.p.i.AbstractProblemLoader Creating init config 
201413     DEBUG main            d.u.i.k.j.r.ClassPreparationMethodBuilder clPrepBuilder: Inner Class detected. Reject building class initialisation methods. 
203106     DEBUG main            d.u.i.k.p.i.AbstractProblemLoader Init config took 2.48s 
203153     INFO  main            d.u.i.k.p.i.AbstractProblemLoader Replaying proof For[For::infiniteLoop(For)].JML operation contract.0 
203192     DEBUG main            d.u.i.k.p.i.IntermediateProofReplayer Proof replay took 36.86ms 
203193     DEBUG main            d.u.i.k.p.r.p.TestFile    ... success: reloaded. 
203194     INFO  main            d.u.i.k.p.r.p.TestFile    Now processing file /home/runner/work/key/key/key.core/../key.ui/examples/standard_key/java_dl/java5/for_ReferenceArray.key 
203194     INFO  main            d.u.i.k.p.i.AbstractProblemLoader Loading environment from /home/runner/work/key/key/key.core/../key.ui/examples/standard_key/java_dl/java5/for_ReferenceArray.key 
203194     DEBUG main            d.u.i.k.p.i.AbstractProblemLoader Environment load took 89.7ns 
203195     INFO  main            d.u.i.k.p.i.AbstractProblemLoader Creating init config 
204011     DEBUG main            d.u.i.k.j.r.ClassPreparationMethodBuilder clPrepBuilder: Inner Class detected. Reject building class initialisation methods. 
205759     DEBUG main            d.u.i.k.p.i.AbstractProblemLoader Init config took 2.56s 
205809     INFO  main            d.u.i.k.p.i.AbstractProblemLoader Replaying proof ForReferenceArray[ForReferenceArray::foo([Ljava.lang.Object)].JML operation contract.0 
205811     DEBUG main            d.u.i.k.p.i.IntermediateProofReplayer Proof replay took 8ns 
206114     INFO  main            d.u.i.k.p.r.p.TestFile    ... finished proof: closed. 
206475     INFO  main            d.u.i.k.p.i.AbstractProblemLoader Loading environment from /home/runner/work/key/key/key.core/../key.ui/examples/standard_key/java_dl/java5/for_ReferenceArray.key.proof 
206475     DEBUG main            d.u.i.k.p.i.AbstractProblemLoader Environment load took 104.2ns 
206476     INFO  main            d.u.i.k.p.i.AbstractProblemLoader Creating init config 
207277     DEBUG main            d.u.i.k.j.r.ClassPreparationMethodBuilder clPrepBuilder: Inner Class detected. Reject building class initialisation methods. 
208988     DEBUG main            d.u.i.k.p.i.AbstractProblemLoader Init config took 2.51s 
209040     INFO  main            d.u.i.k.p.i.AbstractProblemLoader Replaying proof ForReferenceArray[ForReferenceArray::foo([Ljava.lang.Object)].JML operation contract.0 
209086     DEBUG main            d.u.i.k.p.i.IntermediateProofReplayer Proof replay took 41.89ms 
209087     DEBUG main            d.u.i.k.p.r.p.TestFile    ... success: reloaded. 
209088     INFO  main            d.u.i.k.p.r.p.TestFile    Now processing file /home/runner/work/key/key/key.core/../key.ui/examples/standard_key/java_dl/jml-bigint/cast.key 
209088     INFO  main            d.u.i.k.p.i.AbstractProblemLoader Loading environment from /home/runner/work/key/key/key.core/../key.ui/examples/standard_key/java_dl/jml-bigint/cast.key 
209088     DEBUG main            d.u.i.k.p.i.AbstractProblemLoader Environment load took 76.8ns 
209089     INFO  main            d.u.i.k.p.i.AbstractProblemLoader Creating init config 
211548     DEBUG main            d.u.i.k.p.i.AbstractProblemLoader Init config took 2.46s 
211580     INFO  main            d.u.i.k.p.i.AbstractProblemLoader Replaying proof Mult[Mult::cast()].JML operation contract.0 
211582     DEBUG main            d.u.i.k.p.i.IntermediateProofReplayer Proof replay took 8.5ns 
211686     INFO  main            d.u.i.k.p.r.p.TestFile    ... finished proof: closed. 
212042     INFO  main            d.u.i.k.p.i.AbstractProblemLoader Loading environment from /home/runner/work/key/key/key.core/../key.ui/examples/standard_key/java_dl/jml-bigint/cast.key.proof 
212042     DEBUG main            d.u.i.k.p.i.AbstractProblemLoader Environment load took 90.3ns 
212043     INFO  main            d.u.i.k.p.i.AbstractProblemLoader Creating init config 
214453     DEBUG main            d.u.i.k.p.i.AbstractProblemLoader Init config took 2.41s 
214486     INFO  main            d.u.i.k.p.i.AbstractProblemLoader Replaying proof Mult[Mult::cast()].JML operation contract.0 
214498     DEBUG main            d.u.i.k.p.i.IntermediateProofReplayer Proof replay took 9.72ms 
214499     DEBUG main            d.u.i.k.p.r.p.TestFile    ... success: reloaded. 
214501     INFO  main            d.u.i.k.p.r.p.TestFile    Now processing file /home/runner/work/key/key/key.core/../key.ui/examples/standard_key/java_dl/jml-free/loopInvFree.key 
214502     INFO  main            d.u.i.k.p.i.AbstractProblemLoader Loading environment from /home/runner/work/key/key/key.core/../key.ui/examples/standard_key/java_dl/jml-free/loopInvFree.key 
214502     DEBUG main            d.u.i.k.p.i.AbstractProblemLoader Environment load took 169.9ns 
214503     INFO  main            d.u.i.k.p.i.AbstractProblemLoader Creating init config 
216912     DEBUG main            d.u.i.k.p.i.AbstractProblemLoader Init config took 2.41s 
216945     INFO  main            d.u.i.k.p.i.AbstractProblemLoader Replaying proof LoopInvFree[LoopInvFree::test()].JML operation contract.0 
216946     DEBUG main            d.u.i.k.p.i.IntermediateProofReplayer Proof replay took 8.8ns 
217148     INFO  main            d.u.i.k.p.r.p.TestFile    ... finished proof: closed. 
217595     INFO  main            d.u.i.k.p.i.AbstractProblemLoader Loading environment from /home/runner/work/key/key/key.core/../key.ui/examples/standard_key/java_dl/jml-free/loopInvFree.key.proof 
217596     DEBUG main            d.u.i.k.p.i.AbstractProblemLoader Environment load took 115.6ns 
217596     INFO  main            d.u.i.k.p.i.AbstractProblemLoader Creating init config 
219937     DEBUG main            d.u.i.k.p.i.AbstractProblemLoader Init config took 2.34s 
219969     INFO  main            d.u.i.k.p.i.AbstractProblemLoader Replaying proof LoopInvFree[LoopInvFree::test()].JML operation contract.0 
220002     DEBUG main            d.u.i.k.p.i.IntermediateProofReplayer Proof replay took 31.15ms 
220003     DEBUG main            d.u.i.k.p.r.p.TestFile    ... success: reloaded. 
220004     INFO  main            d.u.i.k.p.r.p.TestFile    Now processing file /home/runner/work/key/key/key.core/../key.ui/examples/standard_key/java_dl/jml-free/ensuresFree.key 
220004     INFO  main            d.u.i.k.p.i.AbstractProblemLoader Loading environment from /home/runner/work/key/key/key.core/../key.ui/examples/standard_key/java_dl/jml-free/ensuresFree.key 
220004     DEBUG main            d.u.i.k.p.i.AbstractProblemLoader Environment load took 77ns 
220005     INFO  main            d.u.i.k.p.i.AbstractProblemLoader Creating init config 
222396     DEBUG main            d.u.i.k.p.i.AbstractProblemLoader Init config took 2.39s 
222430     INFO  main            d.u.i.k.p.i.AbstractProblemLoader Replaying proof EnsuresFree[EnsuresFree::test()].JML operation contract.0 
222431     DEBUG main            d.u.i.k.p.i.IntermediateProofReplayer Proof replay took 10.5ns 
222533     INFO  main            d.u.i.k.p.r.p.TestFile    ... finished proof: closed. 
222903     INFO  main            d.u.i.k.p.i.AbstractProblemLoader Loading environment from /home/runner/work/key/key/key.core/../key.ui/examples/standard_key/java_dl/jml-free/ensuresFree.key.proof 
222903     DEBUG main            d.u.i.k.p.i.AbstractProblemLoader Environment load took 95.6ns 
222904     INFO  main            d.u.i.k.p.i.AbstractProblemLoader Creating init config 
225250     DEBUG main            d.u.i.k.p.i.AbstractProblemLoader Init config took 2.35s 
225281     INFO  main            d.u.i.k.p.i.AbstractProblemLoader Replaying proof EnsuresFree[EnsuresFree::test()].JML operation contract.0 
225296     DEBUG main            d.u.i.k.p.i.IntermediateProofReplayer Proof replay took 13.19ms 
225297     DEBUG main            d.u.i.k.p.r.p.TestFile    ... success: reloaded. 
225298     INFO  main            d.u.i.k.p.r.p.TestFile    Now processing file /home/runner/work/key/key/key.core/../key.ui/examples/standard_key/java_dl/jml-information-flow.key 
225298     INFO  main            d.u.i.k.p.i.AbstractProblemLoader Loading environment from /home/runner/work/key/key/key.core/../key.ui/examples/standard_key/java_dl/jml-information-flow.key 
225298     DEBUG main            d.u.i.k.p.i.AbstractProblemLoader Environment load took 69.9ns 
225304     INFO  main            d.u.i.k.p.i.AbstractProblemLoader Creating init config 
227859     DEBUG main            d.u.i.k.p.i.AbstractProblemLoader Init config took 2.56s 
227877     INFO  main            d.u.i.k.p.i.AbstractProblemLoader Replaying proof jml-information-flow.key 
227878     DEBUG main            d.u.i.k.p.i.IntermediateProofReplayer Proof replay took 6.5ns 
340113     INFO  main            d.u.i.k.p.r.p.TestFile    ... finished proof: closed. 
340685     INFO  main            d.u.i.k.p.i.AbstractProblemLoader Loading environment from /home/runner/work/key/key/key.core/../key.ui/examples/standard_key/java_dl/jml-information-flow.key.proof 
340685     DEBUG main            d.u.i.k.p.i.AbstractProblemLoader Environment load took 106ns 
340694     INFO  main            d.u.i.k.p.i.AbstractProblemLoader Creating init config 
343160     DEBUG main            d.u.i.k.p.i.AbstractProblemLoader Init config took 2.47s 
343179     INFO  main            d.u.i.k.p.i.AbstractProblemLoader Replaying proof jml-information-flow.key.proof 
345876     DEBUG main            d.u.i.k.p.i.IntermediateProofReplayer Proof replay took 2.58s 
345885     DEBUG main            d.u.i.k.p.r.p.TestFile    ... success: reloaded. 
345886     INFO  main            d.u.i.k.p.r.p.TestFile    Now processing file /home/runner/work/key/key/key.core/../key.ui/examples/standard_key/java_dl/jml-min/min-unprovable1.key 
345886     INFO  main            d.u.i.k.p.i.AbstractProblemLoader Loading environment from /home/runner/work/key/key/key.core/../key.ui/examples/standard_key/java_dl/jml-min/min-unprovable1.key 
345887     DEBUG main            d.u.i.k.p.i.AbstractProblemLoader Environment load took 166.4ns 
345888     INFO  main            d.u.i.k.p.i.AbstractProblemLoader Creating init config 
348335     DEBUG main            d.u.i.k.p.i.AbstractProblemLoader Init config took 2.45s 
348366     INFO  main            d.u.i.k.p.i.AbstractProblemLoader Replaying proof Min[Min::foo()].JML operation contract.0 
348367     DEBUG main            d.u.i.k.p.i.IntermediateProofReplayer Proof replay took 7.6ns 
348470     INFO  main            d.u.i.k.p.r.p.TestFile    ... finished proof: open goal(s) 
348998     INFO  main            d.u.i.k.p.r.p.TestFile    Now processing file /home/runner/work/key/key/key.core/../key.ui/examples/standard_key/java_dl/jml-min/min-unprovable2.key 
348998     INFO  main            d.u.i.k.p.i.AbstractProblemLoader Loading environment from /home/runner/work/key/key/key.core/../key.ui/examples/standard_key/java_dl/jml-min/min-unprovable2.key 
348998     DEBUG main            d.u.i.k.p.i.AbstractProblemLoader Environment load took 47.3ns 
348999     INFO  main            d.u.i.k.p.i.AbstractProblemLoader Creating init config 
351325     DEBUG main            d.u.i.k.p.i.AbstractProblemLoader Init config took 2.33s 
351358     INFO  main            d.u.i.k.p.i.AbstractProblemLoader Replaying proof Min[Min::foo2()].JML operation contract.0 
351359     DEBUG main            d.u.i.k.p.i.IntermediateProofReplayer Proof replay took 7.6ns 
351461     INFO  main            d.u.i.k.p.r.p.TestFile    ... finished proof: open goal(s) 
351845     INFO  main            d.u.i.k.p.r.p.TestFile    Now processing file /home/runner/work/key/key/key.core/../key.ui/examples/standard_key/java_dl/methodCall.key 
351845     INFO  main            d.u.i.k.p.i.AbstractProblemLoader Loading environment from /home/runner/work/key/key/key.core/../key.ui/examples/standard_key/java_dl/methodCall.key 
351845     DEBUG main            d.u.i.k.p.i.AbstractProblemLoader Environment load took 72.4ns 
351846     INFO  main            d.u.i.k.p.i.AbstractProblemLoader Creating init config 
354172     DEBUG main            d.u.i.k.p.i.AbstractProblemLoader Init config took 2.33s 
354186     INFO  main            d.u.i.k.p.i.AbstractProblemLoader Replaying proof methodCall.key 
354187     DEBUG main            d.u.i.k.p.i.IntermediateProofReplayer Proof replay took 7.6ns 
354289     INFO  main            d.u.i.k.p.r.p.TestFile    ... finished proof: closed. 
354666     INFO  main            d.u.i.k.p.i.AbstractProblemLoader Loading environment from /home/runner/work/key/key/key.core/../key.ui/examples/standard_key/java_dl/methodCall.key.proof 
354666     DEBUG main            d.u.i.k.p.i.AbstractProblemLoader Environment load took 85.9ns 
354667     INFO  main            d.u.i.k.p.i.AbstractProblemLoader Creating init config 
357018     DEBUG main            d.u.i.k.p.i.AbstractProblemLoader Init config took 2.35s 
357032     INFO  main            d.u.i.k.p.i.AbstractProblemLoader Replaying proof methodCall.key.proof 
357035     DEBUG main            d.u.i.k.p.i.IntermediateProofReplayer Proof replay took 1.63ms 
357036     DEBUG main            d.u.i.k.p.r.p.TestFile    ... success: reloaded. 
357036     INFO  main            d.u.i.k.p.r.p.TestFile    Now processing file /home/runner/work/key/key/key.core/../key.ui/examples/standard_key/java_dl/methodCall1.key 
357036     INFO  main            d.u.i.k.p.i.AbstractProblemLoader Loading environment from /home/runner/work/key/key/key.core/../key.ui/examples/standard_key/java_dl/methodCall1.key 
357036     DEBUG main            d.u.i.k.p.i.AbstractProblemLoader Environment load took 49.3ns 
357037     INFO  main            d.u.i.k.p.i.AbstractProblemLoader Creating init config 
359394     DEBUG main            d.u.i.k.p.i.AbstractProblemLoader Init config took 2.36s 
359408     INFO  main            d.u.i.k.p.i.AbstractProblemLoader Replaying proof methodCall1.key 
359410     DEBUG main            d.u.i.k.p.i.IntermediateProofReplayer Proof replay took 7.8ns 
359512     INFO  main            d.u.i.k.p.r.p.TestFile    ... finished proof: closed. 
359936     INFO  main            d.u.i.k.p.i.AbstractProblemLoader Loading environment from /home/runner/work/key/key/key.core/../key.ui/examples/standard_key/java_dl/methodCall1.key.proof 
359936     DEBUG main            d.u.i.k.p.i.AbstractProblemLoader Environment load took 85ns 
359937     INFO  main            d.u.i.k.p.i.AbstractProblemLoader Creating init config 
362273     DEBUG main            d.u.i.k.p.i.AbstractProblemLoader Init config took 2.34s 
362288     INFO  main            d.u.i.k.p.i.AbstractProblemLoader Replaying proof methodCall1.key.proof 
362303     DEBUG main            d.u.i.k.p.i.IntermediateProofReplayer Proof replay took 12.37ms 
362305     DEBUG main            d.u.i.k.p.r.p.TestFile    ... success: reloaded. 
362307     INFO  main            d.u.i.k.p.r.p.TestFile    Now processing file /home/runner/work/key/key/key.core/../key.ui/examples/standard_key/java_dl/methodCall1box.key 
362308     INFO  main            d.u.i.k.p.i.AbstractProblemLoader Loading environment from /home/runner/work/key/key/key.core/../key.ui/examples/standard_key/java_dl/methodCall1box.key 
362308     DEBUG main            d.u.i.k.p.i.AbstractProblemLoader Environment load took 815.71ns 
362310     INFO  main            d.u.i.k.p.i.AbstractProblemLoader Creating init config 
364678     DEBUG main            d.u.i.k.p.i.AbstractProblemLoader Init config took 2.37s 
364692     INFO  main            d.u.i.k.p.i.AbstractProblemLoader Replaying proof methodCall1box.key 
364693     DEBUG main            d.u.i.k.p.i.IntermediateProofReplayer Proof replay took 9.2ns 
364795     INFO  main            d.u.i.k.p.r.p.TestFile    ... finished proof: closed. 
365202     INFO  main            d.u.i.k.p.i.AbstractProblemLoader Loading environment from /home/runner/work/key/key/key.core/../key.ui/examples/standard_key/java_dl/methodCall1box.key.proof 
365202     DEBUG main            d.u.i.k.p.i.AbstractProblemLoader Environment load took 93.4ns 
365203     INFO  main            d.u.i.k.p.i.AbstractProblemLoader Creating init config 
367523     DEBUG main            d.u.i.k.p.i.AbstractProblemLoader Init config took 2.32s 
367536     INFO  main            d.u.i.k.p.i.AbstractProblemLoader Replaying proof methodCall1box.key.proof 
367548     DEBUG main            d.u.i.k.p.i.IntermediateProofReplayer Proof replay took 9.46ms 
367549     DEBUG main            d.u.i.k.p.r.p.TestFile    ... success: reloaded. 
367550     INFO  main            d.u.i.k.p.r.p.TestFile    Now processing file /home/runner/work/key/key/key.core/../key.ui/examples/standard_key/java_dl/methodCall3.key 
367550     INFO  main            d.u.i.k.p.i.AbstractProblemLoader Loading environment from /home/runner/work/key/key/key.core/../key.ui/examples/standard_key/java_dl/methodCall3.key 
367550     DEBUG main            d.u.i.k.p.i.AbstractProblemLoader Environment load took 71.2ns 
367551     INFO  main            d.u.i.k.p.i.AbstractProblemLoader Creating init config 
369912     DEBUG main            d.u.i.k.p.i.AbstractProblemLoader Init config took 2.36s 
369927     INFO  main            d.u.i.k.p.i.AbstractProblemLoader Replaying proof methodCall3.key 
369929     DEBUG main            d.u.i.k.p.i.IntermediateProofReplayer Proof replay took 8.4ns 
370030     INFO  main            d.u.i.k.p.r.p.TestFile    ... finished proof: closed. 
370454     INFO  main            d.u.i.k.p.i.AbstractProblemLoader Loading environment from /home/runner/work/key/key/key.core/../key.ui/examples/standard_key/java_dl/methodCall3.key.proof 
370454     DEBUG main            d.u.i.k.p.i.AbstractProblemLoader Environment load took 87.8ns 
370455     INFO  main            d.u.i.k.p.i.AbstractProblemLoader Creating init config 
372799     DEBUG main            d.u.i.k.p.i.AbstractProblemLoader Init config took 2.34s 
372813     INFO  main            d.u.i.k.p.i.AbstractProblemLoader Replaying proof methodCall3.key.proof 
372821     DEBUG main            d.u.i.k.p.i.IntermediateProofReplayer Proof replay took 6.37ms 
372822     DEBUG main            d.u.i.k.p.r.p.TestFile    ... success: reloaded. 
372823     INFO  main            d.u.i.k.p.r.p.TestFile    Now processing file /home/runner/work/key/key/key.core/../key.ui/examples/standard_key/java_dl/polishFlagSort.key 
372823     INFO  main            d.u.i.k.p.i.AbstractProblemLoader Loading environment from /home/runner/work/key/key/key.core/../key.ui/examples/standard_key/java_dl/polishFlagSort.key 
372823     DEBUG main            d.u.i.k.p.i.AbstractProblemLoader Environment load took 75ns 
372825     INFO  main            d.u.i.k.p.i.AbstractProblemLoader Creating init config 
375216     DEBUG main            d.u.i.k.p.i.AbstractProblemLoader Init config took 2.39s 
375231     INFO  main            d.u.i.k.p.i.AbstractProblemLoader Replaying proof polishFlagSort.key 
375232     DEBUG main            d.u.i.k.p.i.IntermediateProofReplayer Proof replay took 6.5ns 
377440     INFO  main            d.u.i.k.p.r.p.TestFile    ... finished proof: closed. 
377912     INFO  main            d.u.i.k.p.i.AbstractProblemLoader Loading environment from /home/runner/work/key/key/key.core/../key.ui/examples/standard_key/java_dl/polishFlagSort.key.proof 
377913     DEBUG main            d.u.i.k.p.i.AbstractProblemLoader Environment load took 106.6ns 
377915     INFO  main            d.u.i.k.p.i.AbstractProblemLoader Creating init config 
380281     DEBUG main            d.u.i.k.p.i.AbstractProblemLoader Init config took 2.37s 
380296     INFO  main            d.u.i.k.p.i.AbstractProblemLoader Replaying proof polishFlagSort.key.proof 
380572     DEBUG main            d.u.i.k.p.i.IntermediateProofReplayer Proof replay took 263.86ms 
380574     DEBUG main            d.u.i.k.p.r.p.TestFile    ... success: reloaded. 
380575     INFO  main            d.u.i.k.p.r.p.TestFile    Now processing file /home/runner/work/key/key/key.core/../key.ui/examples/standard_key/java_dl/postConditionTaclets1.key 
380575     INFO  main            d.u.i.k.p.i.AbstractProblemLoader Loading environment from /home/runner/work/key/key/key.core/../key.ui/examples/standard_key/java_dl/postConditionTaclets1.key 
380575     DEBUG main            d.u.i.k.p.i.AbstractProblemLoader Environment load took 79.7ns 
380577     INFO  main            d.u.i.k.p.i.AbstractProblemLoader Creating init config 
382886     DEBUG main            d.u.i.k.p.i.AbstractProblemLoader Init config took 2.31s 
382900     INFO  main            d.u.i.k.p.i.AbstractProblemLoader Replaying proof postConditionTaclets1.key 
382902     DEBUG main            d.u.i.k.p.i.IntermediateProofReplayer Proof replay took 8.2ns 
383004     INFO  main            d.u.i.k.p.r.p.TestFile    ... finished proof: closed. 
383461     INFO  main            d.u.i.k.p.i.AbstractProblemLoader Loading environment from /home/runner/work/key/key/key.core/../key.ui/examples/standard_key/java_dl/postConditionTaclets1.key.proof 
383461     DEBUG main            d.u.i.k.p.i.AbstractProblemLoader Environment load took 106.6ns 
383462     INFO  main            d.u.i.k.p.i.AbstractProblemLoader Creating init config 
385743     DEBUG main            d.u.i.k.p.i.AbstractProblemLoader Init config took 2.28s 
385757     INFO  main            d.u.i.k.p.i.AbstractProblemLoader Replaying proof postConditionTaclets1.key.proof 
385759     DEBUG main            d.u.i.k.p.i.IntermediateProofReplayer Proof replay took 311.6ns 
385760     DEBUG main            d.u.i.k.p.r.p.TestFile    ... success: reloaded. 
385761     INFO  main            d.u.i.k.p.r.p.TestFile    Now processing file /home/runner/work/key/key/key.core/../key.ui/examples/standard_key/java_dl/postConditionTaclets2.key 
385761     INFO  main            d.u.i.k.p.i.AbstractProblemLoader Loading environment from /home/runner/work/key/key/key.core/../key.ui/examples/standard_key/java_dl/postConditionTaclets2.key 
385761     DEBUG main            d.u.i.k.p.i.AbstractProblemLoader Environment load took 163.2ns 
385762     INFO  main            d.u.i.k.p.i.AbstractProblemLoader Creating init config 
388080     DEBUG main            d.u.i.k.p.i.AbstractProblemLoader Init config took 2.32s 
388094     INFO  main            d.u.i.k.p.i.AbstractProblemLoader Replaying proof postConditionTaclets2.key 
388096     DEBUG main            d.u.i.k.p.i.IntermediateProofReplayer Proof replay took 9.8ns 
388199     INFO  main            d.u.i.k.p.r.p.TestFile    ... finished proof: closed. 
388619     INFO  main            d.u.i.k.p.i.AbstractProblemLoader Loading environment from /home/runner/work/key/key/key.core/../key.ui/examples/standard_key/java_dl/postConditionTaclets2.key.proof 
388620     DEBUG main            d.u.i.k.p.i.AbstractProblemLoader Environment load took 98.8ns 
388621     INFO  main            d.u.i.k.p.i.AbstractProblemLoader Creating init config 
390903     DEBUG main            d.u.i.k.p.i.AbstractProblemLoader Init config took 2.28s 
390917     INFO  main            d.u.i.k.p.i.AbstractProblemLoader Replaying proof postConditionTaclets2.key.proof 
390919     DEBUG main            d.u.i.k.p.i.IntermediateProofReplayer Proof replay took 639.71ns 
390920     DEBUG main            d.u.i.k.p.r.p.TestFile    ... success: reloaded. 
390920     INFO  main            d.u.i.k.p.r.p.TestFile    Now processing file /home/runner/work/key/key/key.core/../key.ui/examples/standard_key/java_dl/quantifiedQuery.key 
390921     INFO  main            d.u.i.k.p.i.AbstractProblemLoader Loading environment from /home/runner/work/key/key/key.core/../key.ui/examples/standard_key/java_dl/quantifiedQuery.key 
390921     DEBUG main            d.u.i.k.p.i.AbstractProblemLoader Environment load took 45ns 
390922     INFO  main            d.u.i.k.p.i.AbstractProblemLoader Creating init config 
393285     DEBUG main            d.u.i.k.p.i.AbstractProblemLoader Init config took 2.36s 
393299     INFO  main            d.u.i.k.p.i.AbstractProblemLoader Replaying proof quantifiedQuery.key 
393301     DEBUG main            d.u.i.k.p.i.IntermediateProofReplayer Proof replay took 7.9ns 
393404     INFO  main            d.u.i.k.p.r.p.TestFile    ... finished proof: closed. 
393826     INFO  main            d.u.i.k.p.i.AbstractProblemLoader Loading environment from /home/runner/work/key/key/key.core/../key.ui/examples/standard_key/java_dl/quantifiedQuery.key.proof 
393826     DEBUG main            d.u.i.k.p.i.AbstractProblemLoader Environment load took 91.7ns 
393827     INFO  main            d.u.i.k.p.i.AbstractProblemLoader Creating init config 
396169     DEBUG main            d.u.i.k.p.i.AbstractProblemLoader Init config took 2.34s 
396183     INFO  main            d.u.i.k.p.i.AbstractProblemLoader Replaying proof quantifiedQuery.key.proof 
396192     DEBUG main            d.u.i.k.p.i.IntermediateProofReplayer Proof replay took 7.13ms 
396193     DEBUG main            d.u.i.k.p.r.p.TestFile    ... success: reloaded. 
396194     INFO  main            d.u.i.k.p.r.p.TestFile    Now processing file /home/runner/work/key/key/key.core/../key.ui/examples/standard_key/java_dl/recursion/triangular.key 
396194     INFO  main            d.u.i.k.p.i.AbstractProblemLoader Loading environment from /home/runner/work/key/key/key.core/../key.ui/examples/standard_key/java_dl/recursion/triangular.key 
396194     DEBUG main            d.u.i.k.p.i.AbstractProblemLoader Environment load took 74.3ns 
396195     INFO  main            d.u.i.k.p.i.AbstractProblemLoader Creating init config 
398556     DEBUG main            d.u.i.k.p.i.AbstractProblemLoader Init config took 2.36s 
398608     INFO  main            d.u.i.k.p.i.AbstractProblemLoader Replaying proof Triangular[Triangular::tria(int)].JML normal_behavior operation contract.0 
398609     DEBUG main            d.u.i.k.p.i.IntermediateProofReplayer Proof replay took 7.1ns 
398811     INFO  main            d.u.i.k.p.r.p.TestFile    ... finished proof: closed. 
399259     INFO  main            d.u.i.k.p.i.AbstractProblemLoader Loading environment from /home/runner/work/key/key/key.core/../key.ui/examples/standard_key/java_dl/recursion/triangular.key.proof 
399259     DEBUG main            d.u.i.k.p.i.AbstractProblemLoader Environment load took 96.7ns 
399260     INFO  main            d.u.i.k.p.i.AbstractProblemLoader Creating init config 
401578     DEBUG main            d.u.i.k.p.i.AbstractProblemLoader Init config took 2.32s 
401609     INFO  main            d.u.i.k.p.i.AbstractProblemLoader Replaying proof Triangular[Triangular::tria(int)].JML normal_behavior operation contract.0 
401634     DEBUG main            d.u.i.k.p.i.IntermediateProofReplayer Proof replay took 22.83ms 
401635     DEBUG main            d.u.i.k.p.r.p.TestFile    ... success: reloaded. 
401635     INFO  main            d.u.i.k.p.r.p.TestFile    Now processing file /home/runner/work/key/key/key.core/../key.ui/examples/standard_key/java_dl/reverseArray.key 
401635     INFO  main            d.u.i.k.p.i.AbstractProblemLoader Loading environment from /home/runner/work/key/key/key.core/../key.ui/examples/standard_key/java_dl/reverseArray.key 
401636     DEBUG main            d.u.i.k.p.i.AbstractProblemLoader Environment load took 73ns 
401638     INFO  main            d.u.i.k.p.i.AbstractProblemLoader Creating init config 
401658     WARN  main            d.u.i.k.j.r.KeYCrossReferenceNameInfo Datatype java.lang.System declared twice: Once in FILE:/home/runner/work/key/key/key.core/../key.ui/examples/standard_key/java_dl/./classpath/System.java and once in URL:file:/home/runner/work/key/key/key.core/build/resources/main/de/uka/ilkd/key/java/JavaRedux/java/lang/System.java, Keeping one from URL:file:/home/runner/work/key/key/key.core/build/resources/main/de/uka/ilkd/key/java/JavaRedux/java/lang/System.java 
401658     WARN  main            d.u.i.k.j.r.KeYCrossReferenceNameInfo Datatype java.io.PrintStream declared twice: Once in FILE:/home/runner/work/key/key/key.core/../key.ui/examples/standard_key/java_dl/./classpath/PrintStream.java and once in URL:file:/home/runner/work/key/key/key.core/build/resources/main/de/uka/ilkd/key/java/JavaRedux/java/io/PrintStream.java, Keeping one from URL:file:/home/runner/work/key/key/key.core/build/resources/main/de/uka/ilkd/key/java/JavaRedux/java/io/PrintStream.java 
401658     WARN  main            d.u.i.k.j.r.KeYCrossReferenceNameInfo Datatype java.io.InputStream declared twice: Once in FILE:/home/runner/work/key/key/key.core/../key.ui/examples/standard_key/java_dl/./classpath/InputStream.java and once in URL:file:/home/runner/work/key/key/key.core/build/resources/main/de/uka/ilkd/key/java/JavaRedux/java/io/InputStream.java, Keeping one from URL:file:/home/runner/work/key/key/key.core/build/resources/main/de/uka/ilkd/key/java/JavaRedux/java/io/InputStream.java 
401660     DEBUG main            d.u.i.k.j.r.ClassFileDeclarationBuilder Parsing: package java.io; public class Closeable { } 
401661     DEBUG main            r.s.KeYCrossReferenceSourceInfo Dynamically created class: java.io.Closeable 
404172     DEBUG main            d.u.i.k.p.i.AbstractProblemLoader Init config took 2.53s 
404187     INFO  main            d.u.i.k.p.i.AbstractProblemLoader Replaying proof reverseArray.key 
404188     DEBUG main            d.u.i.k.p.i.IntermediateProofReplayer Proof replay took 7.5ns 
408466     INFO  main            d.u.i.k.p.r.p.TestFile    ... finished proof: closed. 
408957     INFO  main            d.u.i.k.p.i.AbstractProblemLoader Loading environment from /home/runner/work/key/key/key.core/../key.ui/examples/standard_key/java_dl/reverseArray.key.proof 
408958     DEBUG main            d.u.i.k.p.i.AbstractProblemLoader Environment load took 373.4ns 
408960     INFO  main            d.u.i.k.p.i.AbstractProblemLoader Creating init config 
408980     WARN  main            d.u.i.k.j.r.KeYCrossReferenceNameInfo Datatype java.lang.System declared twice: Once in FILE:/home/runner/work/key/key/key.core/../key.ui/examples/standard_key/java_dl/classpath/System.java and once in URL:file:/home/runner/work/key/key/key.core/build/resources/main/de/uka/ilkd/key/java/JavaRedux/java/lang/System.java, Keeping one from URL:file:/home/runner/work/key/key/key.core/build/resources/main/de/uka/ilkd/key/java/JavaRedux/java/lang/System.java 
408980     WARN  main            d.u.i.k.j.r.KeYCrossReferenceNameInfo Datatype java.io.PrintStream declared twice: Once in FILE:/home/runner/work/key/key/key.core/../key.ui/examples/standard_key/java_dl/classpath/PrintStream.java and once in URL:file:/home/runner/work/key/key/key.core/build/resources/main/de/uka/ilkd/key/java/JavaRedux/java/io/PrintStream.java, Keeping one from URL:file:/home/runner/work/key/key/key.core/build/resources/main/de/uka/ilkd/key/java/JavaRedux/java/io/PrintStream.java 
408981     WARN  main            d.u.i.k.j.r.KeYCrossReferenceNameInfo Datatype java.io.InputStream declared twice: Once in FILE:/home/runner/work/key/key/key.core/../key.ui/examples/standard_key/java_dl/classpath/InputStream.java and once in URL:file:/home/runner/work/key/key/key.core/build/resources/main/de/uka/ilkd/key/java/JavaRedux/java/io/InputStream.java, Keeping one from URL:file:/home/runner/work/key/key/key.core/build/resources/main/de/uka/ilkd/key/java/JavaRedux/java/io/InputStream.java 
408983     DEBUG main            d.u.i.k.j.r.ClassFileDeclarationBuilder Parsing: package java.io; public class Closeable { } 
408984     DEBUG main            r.s.KeYCrossReferenceSourceInfo Dynamically created class: java.io.Closeable 
411343     DEBUG main            d.u.i.k.p.i.AbstractProblemLoader Init config took 2.38s 
411359     INFO  main            d.u.i.k.p.i.AbstractProblemLoader Replaying proof reverseArray.key.proof 
411762     DEBUG main            d.u.i.k.p.i.IntermediateProofReplayer Proof replay took 390.61ms 
411764     DEBUG main            d.u.i.k.p.r.p.TestFile    ... success: reloaded. 
411765     INFO  main            d.u.i.k.p.r.p.TestFile    Now processing file /home/runner/work/key/key/key.core/../key.ui/examples/standard_key/java_dl/reverseArray2.key 
411765     INFO  main            d.u.i.k.p.i.AbstractProblemLoader Loading environment from /home/runner/work/key/key/key.core/../key.ui/examples/standard_key/java_dl/reverseArray2.key 
411765     DEBUG main            d.u.i.k.p.i.AbstractProblemLoader Environment load took 69.9ns 
411767     INFO  main            d.u.i.k.p.i.AbstractProblemLoader Creating init config 
411786     WARN  main            d.u.i.k.j.r.KeYCrossReferenceNameInfo Datatype java.lang.System declared twice: Once in FILE:/home/runner/work/key/key/key.core/../key.ui/examples/standard_key/java_dl/classpath/System.java and once in URL:file:/home/runner/work/key/key/key.core/build/resources/main/de/uka/ilkd/key/java/JavaRedux/java/lang/System.java, Keeping one from URL:file:/home/runner/work/key/key/key.core/build/resources/main/de/uka/ilkd/key/java/JavaRedux/java/lang/System.java 
411786     WARN  main            d.u.i.k.j.r.KeYCrossReferenceNameInfo Datatype java.io.PrintStream declared twice: Once in FILE:/home/runner/work/key/key/key.core/../key.ui/examples/standard_key/java_dl/classpath/PrintStream.java and once in URL:file:/home/runner/work/key/key/key.core/build/resources/main/de/uka/ilkd/key/java/JavaRedux/java/io/PrintStream.java, Keeping one from URL:file:/home/runner/work/key/key/key.core/build/resources/main/de/uka/ilkd/key/java/JavaRedux/java/io/PrintStream.java 
411786     WARN  main            d.u.i.k.j.r.KeYCrossReferenceNameInfo Datatype java.io.InputStream declared twice: Once in FILE:/home/runner/work/key/key/key.core/../key.ui/examples/standard_key/java_dl/classpath/InputStream.java and once in URL:file:/home/runner/work/key/key/key.core/build/resources/main/de/uka/ilkd/key/java/JavaRedux/java/io/InputStream.java, Keeping one from URL:file:/home/runner/work/key/key/key.core/build/resources/main/de/uka/ilkd/key/java/JavaRedux/java/io/InputStream.java 
411789     DEBUG main            d.u.i.k.j.r.ClassFileDeclarationBuilder Parsing: package java.io; public class Closeable { } 
411789     DEBUG main            r.s.KeYCrossReferenceSourceInfo Dynamically created class: java.io.Closeable 
414234     DEBUG main            d.u.i.k.p.i.AbstractProblemLoader Init config took 2.47s 
414249     INFO  main            d.u.i.k.p.i.AbstractProblemLoader Replaying proof reverseArray2.key 
414250     DEBUG main            d.u.i.k.p.i.IntermediateProofReplayer Proof replay took 45.4ns 
415572     INFO  main            d.u.i.k.p.r.p.TestFile    ... finished proof: closed. 
416111     INFO  main            d.u.i.k.p.i.AbstractProblemLoader Loading environment from /home/runner/work/key/key/key.core/../key.ui/examples/standard_key/java_dl/reverseArray2.key.proof 
416111     DEBUG main            d.u.i.k.p.i.AbstractProblemLoader Environment load took 318.3ns 
416113     INFO  main            d.u.i.k.p.i.AbstractProblemLoader Creating init config 
416135     WARN  main            d.u.i.k.j.r.KeYCrossReferenceNameInfo Datatype java.lang.System declared twice: Once in FILE:/home/runner/work/key/key/key.core/../key.ui/examples/standard_key/java_dl/classpath/System.java and once in URL:file:/home/runner/work/key/key/key.core/build/resources/main/de/uka/ilkd/key/java/JavaRedux/java/lang/System.java, Keeping one from URL:file:/home/runner/work/key/key/key.core/build/resources/main/de/uka/ilkd/key/java/JavaRedux/java/lang/System.java 
416136     WARN  main            d.u.i.k.j.r.KeYCrossReferenceNameInfo Datatype java.io.PrintStream declared twice: Once in FILE:/home/runner/work/key/key/key.core/../key.ui/examples/standard_key/java_dl/classpath/PrintStream.java and once in URL:file:/home/runner/work/key/key/key.core/build/resources/main/de/uka/ilkd/key/java/JavaRedux/java/io/PrintStream.java, Keeping one from URL:file:/home/runner/work/key/key/key.core/build/resources/main/de/uka/ilkd/key/java/JavaRedux/java/io/PrintStream.java 
416136     WARN  main            d.u.i.k.j.r.KeYCrossReferenceNameInfo Datatype java.io.InputStream declared twice: Once in FILE:/home/runner/work/key/key/key.core/../key.ui/examples/standard_key/java_dl/classpath/InputStream.java and once in URL:file:/home/runner/work/key/key/key.core/build/resources/main/de/uka/ilkd/key/java/JavaRedux/java/io/InputStream.java, Keeping one from URL:file:/home/runner/work/key/key/key.core/build/resources/main/de/uka/ilkd/key/java/JavaRedux/java/io/InputStream.java 
416139     DEBUG main            d.u.i.k.j.r.ClassFileDeclarationBuilder Parsing: package java.io; public class Closeable { } 
416139     DEBUG main            r.s.KeYCrossReferenceSourceInfo Dynamically created class: java.io.Closeable 
418503     DEBUG main            d.u.i.k.p.i.AbstractProblemLoader Init config took 2.39s 
418519     INFO  main            d.u.i.k.p.i.AbstractProblemLoader Replaying proof reverseArray2.key.proof 
418667     DEBUG main            d.u.i.k.p.i.IntermediateProofReplayer Proof replay took 143.19ms 
418668     DEBUG main            d.u.i.k.p.r.p.TestFile    ... success: reloaded. 
418669     INFO  main            d.u.i.k.p.r.p.TestFile    Now processing file /home/runner/work/key/key/key.core/../key.ui/examples/standard_key/java_dl/simpleAssignment.key 
418669     INFO  main            d.u.i.k.p.i.AbstractProblemLoader Loading environment from /home/runner/work/key/key/key.core/../key.ui/examples/standard_key/java_dl/simpleAssignment.key 
418669     DEBUG main            d.u.i.k.p.i.AbstractProblemLoader Environment load took 49.3ns 
418670     INFO  main            d.u.i.k.p.i.AbstractProblemLoader Creating init config 
420966     DEBUG main            d.u.i.k.p.i.AbstractProblemLoader Init config took 2.3s 
420980     INFO  main            d.u.i.k.p.i.AbstractProblemLoader Replaying proof simpleAssignment.key 
420981     DEBUG main            d.u.i.k.p.i.IntermediateProofReplayer Proof replay took 3.7ns 
421086     INFO  main            d.u.i.k.p.r.p.TestFile    ... finished proof: closed. 
421581     INFO  main            d.u.i.k.p.i.AbstractProblemLoader Loading environment from /home/runner/work/key/key/key.core/../key.ui/examples/standard_key/java_dl/simpleAssignment.key.proof 
421581     DEBUG main            d.u.i.k.p.i.AbstractProblemLoader Environment load took 82.9ns 
421582     INFO  main            d.u.i.k.p.i.AbstractProblemLoader Creating init config 
423829     DEBUG main            d.u.i.k.p.i.AbstractProblemLoader Init config took 2.25s 
423843     INFO  main            d.u.i.k.p.i.AbstractProblemLoader Replaying proof simpleAssignment.key.proof 
423847     DEBUG main            d.u.i.k.p.i.IntermediateProofReplayer Proof replay took 645.91ns 
423847     DEBUG main            d.u.i.k.p.r.p.TestFile    ... success: reloaded. 
423848     INFO  main            d.u.i.k.p.r.p.TestFile    Now processing file /home/runner/work/key/key/key.core/../key.ui/examples/standard_key/java_dl/simpleAssignment2.key 
423848     INFO  main            d.u.i.k.p.i.AbstractProblemLoader Loading environment from /home/runner/work/key/key/key.core/../key.ui/examples/standard_key/java_dl/simpleAssignment2.key 
423848     DEBUG main            d.u.i.k.p.i.AbstractProblemLoader Environment load took 48.3ns 
423849     INFO  main            d.u.i.k.p.i.AbstractProblemLoader Creating init config 
426137     DEBUG main            d.u.i.k.p.i.AbstractProblemLoader Init config took 2.29s 
426153     INFO  main            d.u.i.k.p.i.AbstractProblemLoader Replaying proof simpleAssignment2.key 
426155     DEBUG main            d.u.i.k.p.i.IntermediateProofReplayer Proof replay took 3.5ns 
426258     INFO  main            d.u.i.k.p.r.p.TestFile    ... finished proof: closed. 
426714     INFO  main            d.u.i.k.p.i.AbstractProblemLoader Loading environment from /home/runner/work/key/key/key.core/../key.ui/examples/standard_key/java_dl/simpleAssignment2.key.proof 
426714     DEBUG main            d.u.i.k.p.i.AbstractProblemLoader Environment load took 90.3ns 
426714     INFO  main            d.u.i.k.p.i.AbstractProblemLoader Creating init config 
428965     DEBUG main            d.u.i.k.p.i.AbstractProblemLoader Init config took 2.25s 
428978     INFO  main            d.u.i.k.p.i.AbstractProblemLoader Replaying proof simpleAssignment2.key.proof 
428980     DEBUG main            d.u.i.k.p.i.IntermediateProofReplayer Proof replay took 431.61ns 
428981     DEBUG main            d.u.i.k.p.r.p.TestFile    ... success: reloaded. 
428981     INFO  main            d.u.i.k.p.r.p.TestFile    Now processing file /home/runner/work/key/key/key.core/../key.ui/examples/standard_key/java_dl/splittingWithQueries.key 
428982     INFO  main            d.u.i.k.p.i.AbstractProblemLoader Loading environment from /home/runner/work/key/key/key.core/../key.ui/examples/standard_key/java_dl/splittingWithQueries.key 
428982     DEBUG main            d.u.i.k.p.i.AbstractProblemLoader Environment load took 44.7ns 
428983     INFO  main            d.u.i.k.p.i.AbstractProblemLoader Creating init config 
431331     DEBUG main            d.u.i.k.p.i.AbstractProblemLoader Init config took 2.35s 
431344     INFO  main            d.u.i.k.p.i.AbstractProblemLoader Replaying proof splittingWithQueries.key 
431346     DEBUG main            d.u.i.k.p.i.IntermediateProofReplayer Proof replay took 3.2ns 
431447     INFO  main            d.u.i.k.p.r.p.TestFile    ... finished proof: closed. 
431909     INFO  main            d.u.i.k.p.i.AbstractProblemLoader Loading environment from /home/runner/work/key/key/key.core/../key.ui/examples/standard_key/java_dl/splittingWithQueries.key.proof 
431909     DEBUG main            d.u.i.k.p.i.AbstractProblemLoader Environment load took 112.1ns 
431910     INFO  main            d.u.i.k.p.i.AbstractProblemLoader Creating init config 
434263     DEBUG main            d.u.i.k.p.i.AbstractProblemLoader Init config took 2.35s 
434276     INFO  main            d.u.i.k.p.i.AbstractProblemLoader Replaying proof splittingWithQueries.key.proof 
434278     DEBUG main            d.u.i.k.p.i.IntermediateProofReplayer Proof replay took 1.19ms 
434279     DEBUG main            d.u.i.k.p.r.p.TestFile    ... success: reloaded. 
434280     INFO  main            d.u.i.k.p.r.p.TestFile    Now processing file /home/runner/work/key/key/key.core/../key.ui/examples/standard_key/java_dl/strassen/strassen.key 
434281     INFO  main            d.u.i.k.p.i.AbstractProblemLoader Loading environment from /home/runner/work/key/key/key.core/../key.ui/examples/standard_key/java_dl/strassen/strassen.key 
434281     DEBUG main            d.u.i.k.p.i.AbstractProblemLoader Environment load took 147.8ns 
434282     INFO  main            d.u.i.k.p.i.AbstractProblemLoader Creating init config 
436708     DEBUG main            d.u.i.k.p.i.AbstractProblemLoader Init config took 2.43s 
436742     INFO  main            d.u.i.k.p.i.AbstractProblemLoader Replaying proof Matrix22[Matrix22::strassen(Matrix22,Matrix22)].JML normal_behavior operation contract.0 
436744     DEBUG main            d.u.i.k.p.i.IntermediateProofReplayer Proof replay took 3ns 
441415     INFO  main            d.u.i.k.p.r.p.TestFile    ... finished proof: closed. 
442019     INFO  main            d.u.i.k.p.i.AbstractProblemLoader Loading environment from /home/runner/work/key/key/key.core/../key.ui/examples/standard_key/java_dl/strassen/strassen.key.proof 
442019     DEBUG main            d.u.i.k.p.i.AbstractProblemLoader Environment load took 107.1ns 
442021     INFO  main            d.u.i.k.p.i.AbstractProblemLoader Creating init config 
444424     DEBUG main            d.u.i.k.p.i.AbstractProblemLoader Init config took 2.4s 
444457     INFO  main            d.u.i.k.p.i.AbstractProblemLoader Replaying proof Matrix22[Matrix22::strassen(Matrix22,Matrix22)].JML normal_behavior operation contract.0 
444838     DEBUG main            d.u.i.k.p.i.IntermediateProofReplayer Proof replay took 370.82ms 
444839     DEBUG main            d.u.i.k.p.r.p.TestFile    ... success: reloaded. 
444840     INFO  main            d.u.i.k.p.r.p.TestFile    Now processing file /home/runner/work/key/key/key.core/../key.ui/examples/standard_key/java_dl/symmArray.key 
444840     INFO  main            d.u.i.k.p.i.AbstractProblemLoader Loading environment from /home/runner/work/key/key/key.core/../key.ui/examples/standard_key/java_dl/symmArray.key 
444840     DEBUG main            d.u.i.k.p.i.AbstractProblemLoader Environment load took 47.3ns 
444844     INFO  main            d.u.i.k.p.i.AbstractProblemLoader Creating init config 
447309     DEBUG main            d.u.i.k.p.i.AbstractProblemLoader Init config took 2.47s 
447324     INFO  main            d.u.i.k.p.i.AbstractProblemLoader Replaying proof symmArray.key 
447326     DEBUG main            d.u.i.k.p.i.IntermediateProofReplayer Proof replay took 4ns 
525698     INFO  main            d.u.i.k.p.r.p.TestFile    ... finished proof: closed. 
526299     INFO  main            d.u.i.k.p.i.AbstractProblemLoader Loading environment from /home/runner/work/key/key/key.core/../key.ui/examples/standard_key/java_dl/symmArray.key.proof 
526299     DEBUG main            d.u.i.k.p.i.AbstractProblemLoader Environment load took 350.7ns 
526305     INFO  main            d.u.i.k.p.i.AbstractProblemLoader Creating init config 
528682     DEBUG main            d.u.i.k.p.i.AbstractProblemLoader Init config took 2.38s 
528708     INFO  main            d.u.i.k.p.i.AbstractProblemLoader Replaying proof symmArray.key.proof 
529515     DEBUG main            d.u.i.k.p.i.IntermediateProofReplayer Proof replay took 753.34ms 
529521     DEBUG main            d.u.i.k.p.r.p.TestFile    ... success: reloaded. 
529522     INFO  main            d.u.i.k.p.r.p.TestFile    Now processing file /home/runner/work/key/key/key.core/../key.ui/examples/standard_key/java_dl/testcontext.key 
529522     INFO  main            d.u.i.k.p.i.AbstractProblemLoader Loading environment from /home/runner/work/key/key/key.core/../key.ui/examples/standard_key/java_dl/testcontext.key 
529522     DEBUG main            d.u.i.k.p.i.AbstractProblemLoader Environment load took 78.2ns 
529523     INFO  main            d.u.i.k.p.i.AbstractProblemLoader Creating init config 
529542     WARN  main            d.u.i.k.j.r.KeYCrossReferenceNameInfo Datatype java.lang.System declared twice: Once in FILE:/home/runner/work/key/key/key.core/../key.ui/examples/standard_key/java_dl/classpath/System.java and once in URL:file:/home/runner/work/key/key/key.core/build/resources/main/de/uka/ilkd/key/java/JavaRedux/java/lang/System.java, Keeping one from URL:file:/home/runner/work/key/key/key.core/build/resources/main/de/uka/ilkd/key/java/JavaRedux/java/lang/System.java 
529542     WARN  main            d.u.i.k.j.r.KeYCrossReferenceNameInfo Datatype java.io.PrintStream declared twice: Once in FILE:/home/runner/work/key/key/key.core/../key.ui/examples/standard_key/java_dl/classpath/PrintStream.java and once in URL:file:/home/runner/work/key/key/key.core/build/resources/main/de/uka/ilkd/key/java/JavaRedux/java/io/PrintStream.java, Keeping one from URL:file:/home/runner/work/key/key/key.core/build/resources/main/de/uka/ilkd/key/java/JavaRedux/java/io/PrintStream.java 
529542     WARN  main            d.u.i.k.j.r.KeYCrossReferenceNameInfo Datatype java.io.InputStream declared twice: Once in FILE:/home/runner/work/key/key/key.core/../key.ui/examples/standard_key/java_dl/classpath/InputStream.java and once in URL:file:/home/runner/work/key/key/key.core/build/resources/main/de/uka/ilkd/key/java/JavaRedux/java/io/InputStream.java, Keeping one from URL:file:/home/runner/work/key/key/key.core/build/resources/main/de/uka/ilkd/key/java/JavaRedux/java/io/InputStream.java 
529545     DEBUG main            d.u.i.k.j.r.ClassFileDeclarationBuilder Parsing: package java.io; public class Closeable { } 
529546     DEBUG main            r.s.KeYCrossReferenceSourceInfo Dynamically created class: java.io.Closeable 
531935     DEBUG main            d.u.i.k.p.i.AbstractProblemLoader Init config took 2.41s 
531949     INFO  main            d.u.i.k.p.i.AbstractProblemLoader Replaying proof testcontext.key 
531950     DEBUG main            d.u.i.k.p.i.IntermediateProofReplayer Proof replay took 3.6ns 
532253     INFO  main            d.u.i.k.p.r.p.TestFile    ... finished proof: closed. 
532862     INFO  main            d.u.i.k.p.i.AbstractProblemLoader Loading environment from /home/runner/work/key/key/key.core/../key.ui/examples/standard_key/java_dl/testcontext.key.proof 
532862     DEBUG main            d.u.i.k.p.i.AbstractProblemLoader Environment load took 88ns 
532863     INFO  main            d.u.i.k.p.i.AbstractProblemLoader Creating init config 
532887     WARN  main            d.u.i.k.j.r.KeYCrossReferenceNameInfo Datatype java.lang.System declared twice: Once in FILE:/home/runner/work/key/key/key.core/../key.ui/examples/standard_key/java_dl/classpath/System.java and once in URL:file:/home/runner/work/key/key/key.core/build/resources/main/de/uka/ilkd/key/java/JavaRedux/java/lang/System.java, Keeping one from URL:file:/home/runner/work/key/key/key.core/build/resources/main/de/uka/ilkd/key/java/JavaRedux/java/lang/System.java 
532887     WARN  main            d.u.i.k.j.r.KeYCrossReferenceNameInfo Datatype java.io.PrintStream declared twice: Once in FILE:/home/runner/work/key/key/key.core/../key.ui/examples/standard_key/java_dl/classpath/PrintStream.java and once in URL:file:/home/runner/work/key/key/key.core/build/resources/main/de/uka/ilkd/key/java/JavaRedux/java/io/PrintStream.java, Keeping one from URL:file:/home/runner/work/key/key/key.core/build/resources/main/de/uka/ilkd/key/java/JavaRedux/java/io/PrintStream.java 
532887     WARN  main            d.u.i.k.j.r.KeYCrossReferenceNameInfo Datatype java.io.InputStream declared twice: Once in FILE:/home/runner/work/key/key/key.core/../key.ui/examples/standard_key/java_dl/classpath/InputStream.java and once in URL:file:/home/runner/work/key/key/key.core/build/resources/main/de/uka/ilkd/key/java/JavaRedux/java/io/InputStream.java, Keeping one from URL:file:/home/runner/work/key/key/key.core/build/resources/main/de/uka/ilkd/key/java/JavaRedux/java/io/InputStream.java 
532890     DEBUG main            d.u.i.k.j.r.ClassFileDeclarationBuilder Parsing: package java.io; public class Closeable { } 
532890     DEBUG main            r.s.KeYCrossReferenceSourceInfo Dynamically created class: java.io.Closeable 
535245     DEBUG main            d.u.i.k.p.i.AbstractProblemLoader Init config took 2.38s 
535259     INFO  main            d.u.i.k.p.i.AbstractProblemLoader Replaying proof testcontext.key.proof 
535297     DEBUG main            d.u.i.k.p.i.IntermediateProofReplayer Proof replay took 36.37ms 
535299     DEBUG main            d.u.i.k.p.r.p.TestFile    ... success: reloaded. 
535299     INFO  main            d.u.i.k.p.r.p.TestFile    Now processing file /home/runner/work/key/key/key.core/../key.ui/examples/standard_key/staticInitialisation/cascadeStaticInitialisation.key 
535299     INFO  main            d.u.i.k.p.i.AbstractProblemLoader Loading environment from /home/runner/work/key/key/key.core/../key.ui/examples/standard_key/staticInitialisation/cascadeStaticInitialisation.key 
535299     DEBUG main            d.u.i.k.p.i.AbstractProblemLoader Environment load took 45.7ns 
535302     INFO  main            d.u.i.k.p.i.AbstractProblemLoader Creating init config 
535320     WARN  main            d.u.i.k.j.r.KeYCrossReferenceNameInfo Datatype java.lang.System declared twice: Once in FILE:/home/runner/work/key/key/key.core/../key.ui/examples/standard_key/staticInitialisation/classpath/System.java and once in URL:file:/home/runner/work/key/key/key.core/build/resources/main/de/uka/ilkd/key/java/JavaRedux/java/lang/System.java, Keeping one from URL:file:/home/runner/work/key/key/key.core/build/resources/main/de/uka/ilkd/key/java/JavaRedux/java/lang/System.java 
535320     WARN  main            d.u.i.k.j.r.KeYCrossReferenceNameInfo Datatype java.io.PrintStream declared twice: Once in FILE:/home/runner/work/key/key/key.core/../key.ui/examples/standard_key/staticInitialisation/classpath/PrintStream.java and once in URL:file:/home/runner/work/key/key/key.core/build/resources/main/de/uka/ilkd/key/java/JavaRedux/java/io/PrintStream.java, Keeping one from URL:file:/home/runner/work/key/key/key.core/build/resources/main/de/uka/ilkd/key/java/JavaRedux/java/io/PrintStream.java 
537659     DEBUG main            d.u.i.k.p.i.AbstractProblemLoader Init config took 2.36s 
537673     INFO  main            d.u.i.k.p.i.AbstractProblemLoader Replaying proof cascadeStaticInitialisation.key 
537674     DEBUG main            d.u.i.k.p.i.IntermediateProofReplayer Proof replay took 3.8ns 
538278     INFO  main            d.u.i.k.p.r.p.TestFile    ... finished proof: closed. 
538844     INFO  main            d.u.i.k.p.i.AbstractProblemLoader Loading environment from /home/runner/work/key/key/key.core/../key.ui/examples/standard_key/staticInitialisation/cascadeStaticInitialisation.key.proof 
538844     DEBUG main            d.u.i.k.p.i.AbstractProblemLoader Environment load took 95.6ns 
538845     INFO  main            d.u.i.k.p.i.AbstractProblemLoader Creating init config 
538868     WARN  main            d.u.i.k.j.r.KeYCrossReferenceNameInfo Datatype java.lang.System declared twice: Once in FILE:/home/runner/work/key/key/key.core/../key.ui/examples/standard_key/staticInitialisation/classpath/System.java and once in URL:file:/home/runner/work/key/key/key.core/build/resources/main/de/uka/ilkd/key/java/JavaRedux/java/lang/System.java, Keeping one from URL:file:/home/runner/work/key/key/key.core/build/resources/main/de/uka/ilkd/key/java/JavaRedux/java/lang/System.java 
538868     WARN  main            d.u.i.k.j.r.KeYCrossReferenceNameInfo Datatype java.io.PrintStream declared twice: Once in FILE:/home/runner/work/key/key/key.core/../key.ui/examples/standard_key/staticInitialisation/classpath/PrintStream.java and once in URL:file:/home/runner/work/key/key/key.core/build/resources/main/de/uka/ilkd/key/java/JavaRedux/java/io/PrintStream.java, Keeping one from URL:file:/home/runner/work/key/key/key.core/build/resources/main/de/uka/ilkd/key/java/JavaRedux/java/io/PrintStream.java 
541159     DEBUG main            d.u.i.k.p.i.AbstractProblemLoader Init config took 2.31s 
541172     INFO  main            d.u.i.k.p.i.AbstractProblemLoader Replaying proof cascadeStaticInitialisation.key.proof 
541275     DEBUG main            d.u.i.k.p.i.IntermediateProofReplayer Proof replay took 100.4ms 
541277     DEBUG main            d.u.i.k.p.r.p.TestFile    ... success: reloaded. 
541277     INFO  main            d.u.i.k.p.r.p.TestFile    Now processing file /home/runner/work/key/key/key.core/../key.ui/examples/standard_key/staticInitialisation/erroneousClassImpliesErroneousSubclass.key 
541278     INFO  main            d.u.i.k.p.i.AbstractProblemLoader Loading environment from /home/runner/work/key/key/key.core/../key.ui/examples/standard_key/staticInitialisation/erroneousClassImpliesErroneousSubclass.key 
541278     DEBUG main            d.u.i.k.p.i.AbstractProblemLoader Environment load took 73.9ns 
541279     INFO  main            d.u.i.k.p.i.AbstractProblemLoader Creating init config 
541297     WARN  main            d.u.i.k.j.r.KeYCrossReferenceNameInfo Datatype java.lang.System declared twice: Once in FILE:/home/runner/work/key/key/key.core/../key.ui/examples/standard_key/staticInitialisation/classpath/System.java and once in URL:file:/home/runner/work/key/key/key.core/build/resources/main/de/uka/ilkd/key/java/JavaRedux/java/lang/System.java, Keeping one from URL:file:/home/runner/work/key/key/key.core/build/resources/main/de/uka/ilkd/key/java/JavaRedux/java/lang/System.java 
541297     WARN  main            d.u.i.k.j.r.KeYCrossReferenceNameInfo Datatype java.io.PrintStream declared twice: Once in FILE:/home/runner/work/key/key/key.core/../key.ui/examples/standard_key/staticInitialisation/classpath/PrintStream.java and once in URL:file:/home/runner/work/key/key/key.core/build/resources/main/de/uka/ilkd/key/java/JavaRedux/java/io/PrintStream.java, Keeping one from URL:file:/home/runner/work/key/key/key.core/build/resources/main/de/uka/ilkd/key/java/JavaRedux/java/io/PrintStream.java 
543605     DEBUG main            d.u.i.k.p.i.AbstractProblemLoader Init config took 2.33s 
543618     INFO  main            d.u.i.k.p.i.AbstractProblemLoader Replaying proof erroneousClassImpliesErroneousSubclass.key 
543619     DEBUG main            d.u.i.k.p.i.IntermediateProofReplayer Proof replay took 3.2ns 
543720     INFO  main            d.u.i.k.p.r.p.TestFile    ... finished proof: closed. 
544278     INFO  main            d.u.i.k.p.i.AbstractProblemLoader Loading environment from /home/runner/work/key/key/key.core/../key.ui/examples/standard_key/staticInitialisation/erroneousClassImpliesErroneousSubclass.key.proof 
544279     DEBUG main            d.u.i.k.p.i.AbstractProblemLoader Environment load took 86.6ns 
544279     INFO  main            d.u.i.k.p.i.AbstractProblemLoader Creating init config 
544298     WARN  main            d.u.i.k.j.r.KeYCrossReferenceNameInfo Datatype java.lang.System declared twice: Once in FILE:/home/runner/work/key/key/key.core/../key.ui/examples/standard_key/staticInitialisation/classpath/System.java and once in URL:file:/home/runner/work/key/key/key.core/build/resources/main/de/uka/ilkd/key/java/JavaRedux/java/lang/System.java, Keeping one from URL:file:/home/runner/work/key/key/key.core/build/resources/main/de/uka/ilkd/key/java/JavaRedux/java/lang/System.java 
544299     WARN  main            d.u.i.k.j.r.KeYCrossReferenceNameInfo Datatype java.io.PrintStream declared twice: Once in FILE:/home/runner/work/key/key/key.core/../key.ui/examples/standard_key/staticInitialisation/classpath/PrintStream.java and once in URL:file:/home/runner/work/key/key/key.core/build/resources/main/de/uka/ilkd/key/java/JavaRedux/java/io/PrintStream.java, Keeping one from URL:file:/home/runner/work/key/key/key.core/build/resources/main/de/uka/ilkd/key/java/JavaRedux/java/io/PrintStream.java 
546593     DEBUG main            d.u.i.k.p.i.AbstractProblemLoader Init config took 2.31s 
546606     INFO  main            d.u.i.k.p.i.AbstractProblemLoader Replaying proof erroneousClassImpliesErroneousSubclass.key.proof 
546608     DEBUG main            d.u.i.k.p.i.IntermediateProofReplayer Proof replay took 475.71ns 
546609     DEBUG main            d.u.i.k.p.r.p.TestFile    ... success: reloaded. 
546610     INFO  main            d.u.i.k.p.r.p.TestFile    Now processing file /home/runner/work/key/key/key.core/../key.ui/examples/standard_key/staticInitialisation/initializedSubclassImpliesInitializedSuperclass.key 
546610     INFO  main            d.u.i.k.p.i.AbstractProblemLoader Loading environment from /home/runner/work/key/key/key.core/../key.ui/examples/standard_key/staticInitialisation/initializedSubclassImpliesInitializedSuperclass.key 
546610     DEBUG main            d.u.i.k.p.i.AbstractProblemLoader Environment load took 61.3ns 
546611     INFO  main            d.u.i.k.p.i.AbstractProblemLoader Creating init config 
546629     WARN  main            d.u.i.k.j.r.KeYCrossReferenceNameInfo Datatype java.lang.System declared twice: Once in FILE:/home/runner/work/key/key/key.core/../key.ui/examples/standard_key/staticInitialisation/classpath/System.java and once in URL:file:/home/runner/work/key/key/key.core/build/resources/main/de/uka/ilkd/key/java/JavaRedux/java/lang/System.java, Keeping one from URL:file:/home/runner/work/key/key/key.core/build/resources/main/de/uka/ilkd/key/java/JavaRedux/java/lang/System.java 
546629     WARN  main            d.u.i.k.j.r.KeYCrossReferenceNameInfo Datatype java.io.PrintStream declared twice: Once in FILE:/home/runner/work/key/key/key.core/../key.ui/examples/standard_key/staticInitialisation/classpath/PrintStream.java and once in URL:file:/home/runner/work/key/key/key.core/build/resources/main/de/uka/ilkd/key/java/JavaRedux/java/io/PrintStream.java, Keeping one from URL:file:/home/runner/work/key/key/key.core/build/resources/main/de/uka/ilkd/key/java/JavaRedux/java/io/PrintStream.java 
548934     DEBUG main            d.u.i.k.p.i.AbstractProblemLoader Init config took 2.32s 
548946     INFO  main            d.u.i.k.p.i.AbstractProblemLoader Replaying proof initializedSubclassImpliesInitializedSuperclass.key 
548948     DEBUG main            d.u.i.k.p.i.IntermediateProofReplayer Proof replay took 3.8ns 
549049     INFO  main            d.u.i.k.p.r.p.TestFile    ... finished proof: closed. 
549564     INFO  main            d.u.i.k.p.i.AbstractProblemLoader Loading environment from /home/runner/work/key/key/key.core/../key.ui/examples/standard_key/staticInitialisation/initializedSubclassImpliesInitializedSuperclass.key.proof 
549564     DEBUG main            d.u.i.k.p.i.AbstractProblemLoader Environment load took 85.7ns 
549566     INFO  main            d.u.i.k.p.i.AbstractProblemLoader Creating init config 
549588     WARN  main            d.u.i.k.j.r.KeYCrossReferenceNameInfo Datatype java.lang.System declared twice: Once in FILE:/home/runner/work/key/key/key.core/../key.ui/examples/standard_key/staticInitialisation/classpath/System.java and once in URL:file:/home/runner/work/key/key/key.core/build/resources/main/de/uka/ilkd/key/java/JavaRedux/java/lang/System.java, Keeping one from URL:file:/home/runner/work/key/key/key.core/build/resources/main/de/uka/ilkd/key/java/JavaRedux/java/lang/System.java 
549588     WARN  main            d.u.i.k.j.r.KeYCrossReferenceNameInfo Datatype java.io.PrintStream declared twice: Once in FILE:/home/runner/work/key/key/key.core/../key.ui/examples/standard_key/staticInitialisation/classpath/PrintStream.java and once in URL:file:/home/runner/work/key/key/key.core/build/resources/main/de/uka/ilkd/key/java/JavaRedux/java/io/PrintStream.java, Keeping one from URL:file:/home/runner/work/key/key/key.core/build/resources/main/de/uka/ilkd/key/java/JavaRedux/java/io/PrintStream.java 
551880     DEBUG main            d.u.i.k.p.i.AbstractProblemLoader Init config took 2.31s 
551893     INFO  main            d.u.i.k.p.i.AbstractProblemLoader Replaying proof initializedSubclassImpliesInitializedSuperclass.key.proof 
551897     DEBUG main            d.u.i.k.p.i.IntermediateProofReplayer Proof replay took 367.6ns 
551898     DEBUG main            d.u.i.k.p.r.p.TestFile    ... success: reloaded. 
551899     INFO  main            d.u.i.k.p.r.p.TestFile    Now processing file /home/runner/work/key/key/key.core/../key.ui/examples/standard_key/staticInitialisation/localDeclared.key 
551899     INFO  main            d.u.i.k.p.i.AbstractProblemLoader Loading environment from /home/runner/work/key/key/key.core/../key.ui/examples/standard_key/staticInitialisation/localDeclared.key 
551899     DEBUG main            d.u.i.k.p.i.AbstractProblemLoader Environment load took 51.6ns 
551901     INFO  main            d.u.i.k.p.i.AbstractProblemLoader Creating init config 
551920     WARN  main            d.u.i.k.j.r.KeYCrossReferenceNameInfo Datatype java.lang.System declared twice: Once in FILE:/home/runner/work/key/key/key.core/../key.ui/examples/standard_key/staticInitialisation/classpath/System.java and once in URL:file:/home/runner/work/key/key/key.core/build/resources/main/de/uka/ilkd/key/java/JavaRedux/java/lang/System.java, Keeping one from URL:file:/home/runner/work/key/key/key.core/build/resources/main/de/uka/ilkd/key/java/JavaRedux/java/lang/System.java 
551920     WARN  main            d.u.i.k.j.r.KeYCrossReferenceNameInfo Datatype java.io.PrintStream declared twice: Once in FILE:/home/runner/work/key/key/key.core/../key.ui/examples/standard_key/staticInitialisation/classpath/PrintStream.java and once in URL:file:/home/runner/work/key/key/key.core/build/resources/main/de/uka/ilkd/key/java/JavaRedux/java/io/PrintStream.java, Keeping one from URL:file:/home/runner/work/key/key/key.core/build/resources/main/de/uka/ilkd/key/java/JavaRedux/java/io/PrintStream.java 
554247     DEBUG main            d.u.i.k.p.i.AbstractProblemLoader Init config took 2.35s 
554261     INFO  main            d.u.i.k.p.i.AbstractProblemLoader Replaying proof localDeclared.key 
554262     DEBUG main            d.u.i.k.p.i.IntermediateProofReplayer Proof replay took 3.8ns 
554566     INFO  main            d.u.i.k.p.r.p.TestFile    ... finished proof: closed. 
555098     INFO  main            d.u.i.k.p.i.AbstractProblemLoader Loading environment from /home/runner/work/key/key/key.core/../key.ui/examples/standard_key/staticInitialisation/localDeclared.key.proof 
555098     DEBUG main            d.u.i.k.p.i.AbstractProblemLoader Environment load took 94.4ns 
555099     INFO  main            d.u.i.k.p.i.AbstractProblemLoader Creating init config 
555118     WARN  main            d.u.i.k.j.r.KeYCrossReferenceNameInfo Datatype java.lang.System declared twice: Once in FILE:/home/runner/work/key/key/key.core/../key.ui/examples/standard_key/staticInitialisation/classpath/System.java and once in URL:file:/home/runner/work/key/key/key.core/build/resources/main/de/uka/ilkd/key/java/JavaRedux/java/lang/System.java, Keeping one from URL:file:/home/runner/work/key/key/key.core/build/resources/main/de/uka/ilkd/key/java/JavaRedux/java/lang/System.java 
555118     WARN  main            d.u.i.k.j.r.KeYCrossReferenceNameInfo Datatype java.io.PrintStream declared twice: Once in FILE:/home/runner/work/key/key/key.core/../key.ui/examples/standard_key/staticInitialisation/classpath/PrintStream.java and once in URL:file:/home/runner/work/key/key/key.core/build/resources/main/de/uka/ilkd/key/java/JavaRedux/java/io/PrintStream.java, Keeping one from URL:file:/home/runner/work/key/key/key.core/build/resources/main/de/uka/ilkd/key/java/JavaRedux/java/io/PrintStream.java 
557407     DEBUG main            d.u.i.k.p.i.AbstractProblemLoader Init config took 2.31s 
557421     INFO  main            d.u.i.k.p.i.AbstractProblemLoader Replaying proof localDeclared.key.proof 
557462     DEBUG main            d.u.i.k.p.i.IntermediateProofReplayer Proof replay took 38.5ms 
557463     DEBUG main            d.u.i.k.p.r.p.TestFile    ... success: reloaded. 
557463     INFO  main            d.u.i.k.p.r.p.TestFile    Now processing file /home/runner/work/key/key/key.core/../key.ui/examples/standard_key/staticInitialisation/localDeclaredMethod.key 
557464     INFO  main            d.u.i.k.p.i.AbstractProblemLoader Loading environment from /home/runner/work/key/key/key.core/../key.ui/examples/standard_key/staticInitialisation/localDeclaredMethod.key 
557464     DEBUG main            d.u.i.k.p.i.AbstractProblemLoader Environment load took 77.2ns 
557465     INFO  main            d.u.i.k.p.i.AbstractProblemLoader Creating init config 
557483     WARN  main            d.u.i.k.j.r.KeYCrossReferenceNameInfo Datatype java.lang.System declared twice: Once in FILE:/home/runner/work/key/key/key.core/../key.ui/examples/standard_key/staticInitialisation/classpath/System.java and once in URL:file:/home/runner/work/key/key/key.core/build/resources/main/de/uka/ilkd/key/java/JavaRedux/java/lang/System.java, Keeping one from URL:file:/home/runner/work/key/key/key.core/build/resources/main/de/uka/ilkd/key/java/JavaRedux/java/lang/System.java 
557483     WARN  main            d.u.i.k.j.r.KeYCrossReferenceNameInfo Datatype java.io.PrintStream declared twice: Once in FILE:/home/runner/work/key/key/key.core/../key.ui/examples/standard_key/staticInitialisation/classpath/PrintStream.java and once in URL:file:/home/runner/work/key/key/key.core/build/resources/main/de/uka/ilkd/key/java/JavaRedux/java/io/PrintStream.java, Keeping one from URL:file:/home/runner/work/key/key/key.core/build/resources/main/de/uka/ilkd/key/java/JavaRedux/java/io/PrintStream.java 
559777     DEBUG main            d.u.i.k.p.i.AbstractProblemLoader Init config took 2.31s 
559791     INFO  main            d.u.i.k.p.i.AbstractProblemLoader Replaying proof localDeclaredMethod.key 
559792     DEBUG main            d.u.i.k.p.i.IntermediateProofReplayer Proof replay took 3.3ns 
559994     INFO  main            d.u.i.k.p.r.p.TestFile    ... finished proof: closed. 
560534     INFO  main            d.u.i.k.p.i.AbstractProblemLoader Loading environment from /home/runner/work/key/key/key.core/../key.ui/examples/standard_key/staticInitialisation/localDeclaredMethod.key.proof 
560534     DEBUG main            d.u.i.k.p.i.AbstractProblemLoader Environment load took 101.9ns 
560535     INFO  main            d.u.i.k.p.i.AbstractProblemLoader Creating init config 
560554     WARN  main            d.u.i.k.j.r.KeYCrossReferenceNameInfo Datatype java.lang.System declared twice: Once in FILE:/home/runner/work/key/key/key.core/../key.ui/examples/standard_key/staticInitialisation/classpath/System.java and once in URL:file:/home/runner/work/key/key/key.core/build/resources/main/de/uka/ilkd/key/java/JavaRedux/java/lang/System.java, Keeping one from URL:file:/home/runner/work/key/key/key.core/build/resources/main/de/uka/ilkd/key/java/JavaRedux/java/lang/System.java 
560554     WARN  main            d.u.i.k.j.r.KeYCrossReferenceNameInfo Datatype java.io.PrintStream declared twice: Once in FILE:/home/runner/work/key/key/key.core/../key.ui/examples/standard_key/staticInitialisation/classpath/PrintStream.java and once in URL:file:/home/runner/work/key/key/key.core/build/resources/main/de/uka/ilkd/key/java/JavaRedux/java/io/PrintStream.java, Keeping one from URL:file:/home/runner/work/key/key/key.core/build/resources/main/de/uka/ilkd/key/java/JavaRedux/java/io/PrintStream.java 
562825     DEBUG main            d.u.i.k.p.i.AbstractProblemLoader Init config took 2.29s 
562839     INFO  main            d.u.i.k.p.i.AbstractProblemLoader Replaying proof localDeclaredMethod.key.proof 
562881     DEBUG main            d.u.i.k.p.i.IntermediateProofReplayer Proof replay took 39.13ms 
562882     DEBUG main            d.u.i.k.p.r.p.TestFile    ... success: reloaded. 
562882     INFO  main            d.u.i.k.p.r.p.TestFile    Now processing file /home/runner/work/key/key/key.core/../key.ui/examples/standard_key/staticInitialisation/objectOfErroneousClass.key 
562884     INFO  main            d.u.i.k.p.i.AbstractProblemLoader Loading environment from /home/runner/work/key/key/key.core/../key.ui/examples/standard_key/staticInitialisation/objectOfErroneousClass.key 
562884     DEBUG main            d.u.i.k.p.i.AbstractProblemLoader Environment load took 69.3ns 
562885     INFO  main            d.u.i.k.p.i.AbstractProblemLoader Creating init config 
562905     WARN  main            d.u.i.k.j.r.KeYCrossReferenceNameInfo Datatype java.lang.System declared twice: Once in FILE:/home/runner/work/key/key/key.core/../key.ui/examples/standard_key/staticInitialisation/classpath/System.java and once in URL:file:/home/runner/work/key/key/key.core/build/resources/main/de/uka/ilkd/key/java/JavaRedux/java/lang/System.java, Keeping one from URL:file:/home/runner/work/key/key/key.core/build/resources/main/de/uka/ilkd/key/java/JavaRedux/java/lang/System.java 
562905     WARN  main            d.u.i.k.j.r.KeYCrossReferenceNameInfo Datatype java.io.PrintStream declared twice: Once in FILE:/home/runner/work/key/key/key.core/../key.ui/examples/standard_key/staticInitialisation/classpath/PrintStream.java and once in URL:file:/home/runner/work/key/key/key.core/build/resources/main/de/uka/ilkd/key/java/JavaRedux/java/io/PrintStream.java, Keeping one from URL:file:/home/runner/work/key/key/key.core/build/resources/main/de/uka/ilkd/key/java/JavaRedux/java/io/PrintStream.java 
565303     DEBUG main            d.u.i.k.p.i.AbstractProblemLoader Init config took 2.42s 
565318     INFO  main            d.u.i.k.p.i.AbstractProblemLoader Replaying proof objectOfErroneousClass.key 
565321     DEBUG main            d.u.i.k.p.i.IntermediateProofReplayer Proof replay took 4.6ns 
577259     INFO  main            d.u.i.k.p.r.p.TestFile    ... finished proof: closed. 
577872     INFO  main            d.u.i.k.p.i.AbstractProblemLoader Loading environment from /home/runner/work/key/key/key.core/../key.ui/examples/standard_key/staticInitialisation/objectOfErroneousClass.key.proof 
577872     DEBUG main            d.u.i.k.p.i.AbstractProblemLoader Environment load took 107.4ns 
577876     INFO  main            d.u.i.k.p.i.AbstractProblemLoader Creating init config 
577895     WARN  main            d.u.i.k.j.r.KeYCrossReferenceNameInfo Datatype java.lang.System declared twice: Once in FILE:/home/runner/work/key/key/key.core/../key.ui/examples/standard_key/staticInitialisation/classpath/System.java and once in URL:file:/home/runner/work/key/key/key.core/build/resources/main/de/uka/ilkd/key/java/JavaRedux/java/lang/System.java, Keeping one from URL:file:/home/runner/work/key/key/key.core/build/resources/main/de/uka/ilkd/key/java/JavaRedux/java/lang/System.java 
577896     WARN  main            d.u.i.k.j.r.KeYCrossReferenceNameInfo Datatype java.io.PrintStream declared twice: Once in FILE:/home/runner/work/key/key/key.core/../key.ui/examples/standard_key/staticInitialisation/classpath/PrintStream.java and once in URL:file:/home/runner/work/key/key/key.core/build/resources/main/de/uka/ilkd/key/java/JavaRedux/java/io/PrintStream.java, Keeping one from URL:file:/home/runner/work/key/key/key.core/build/resources/main/de/uka/ilkd/key/java/JavaRedux/java/io/PrintStream.java 
580265     DEBUG main            d.u.i.k.p.i.AbstractProblemLoader Init config took 2.39s 
580280     INFO  main            d.u.i.k.p.i.AbstractProblemLoader Replaying proof objectOfErroneousClass.key.proof 
581677     DEBUG main            d.u.i.k.p.i.IntermediateProofReplayer Proof replay took 1.37s 
581682     DEBUG main            d.u.i.k.p.r.p.TestFile    ... success: reloaded. 
581685     INFO  main            d.u.i.k.p.r.p.TestFile    Now processing file /home/runner/work/key/key/key.core/../key.ui/examples/standard_key/staticInitialisation/staticInitialisersAreNonSimple.key 
581686     INFO  main            d.u.i.k.p.i.AbstractProblemLoader Loading environment from /home/runner/work/key/key/key.core/../key.ui/examples/standard_key/staticInitialisation/staticInitialisersAreNonSimple.key 
581686     DEBUG main            d.u.i.k.p.i.AbstractProblemLoader Environment load took 52.4ns 
581687     INFO  main            d.u.i.k.p.i.AbstractProblemLoader Creating init config 
581707     WARN  main            d.u.i.k.j.r.KeYCrossReferenceNameInfo Datatype java.lang.System declared twice: Once in FILE:/home/runner/work/key/key/key.core/../key.ui/examples/standard_key/staticInitialisation/classpath/System.java and once in URL:file:/home/runner/work/key/key/key.core/build/resources/main/de/uka/ilkd/key/java/JavaRedux/java/lang/System.java, Keeping one from URL:file:/home/runner/work/key/key/key.core/build/resources/main/de/uka/ilkd/key/java/JavaRedux/java/lang/System.java 
581707     WARN  main            d.u.i.k.j.r.KeYCrossReferenceNameInfo Datatype java.io.PrintStream declared twice: Once in FILE:/home/runner/work/key/key/key.core/../key.ui/examples/standard_key/staticInitialisation/classpath/PrintStream.java and once in URL:file:/home/runner/work/key/key/key.core/build/resources/main/de/uka/ilkd/key/java/JavaRedux/java/io/PrintStream.java, Keeping one from URL:file:/home/runner/work/key/key/key.core/build/resources/main/de/uka/ilkd/key/java/JavaRedux/java/io/PrintStream.java 
584082     DEBUG main            d.u.i.k.p.i.AbstractProblemLoader Init config took 2.39s 
584097     INFO  main            d.u.i.k.p.i.AbstractProblemLoader Replaying proof staticInitialisersAreNonSimple.key 
584098     DEBUG main            d.u.i.k.p.i.IntermediateProofReplayer Proof replay took 4.4ns 
584401     INFO  main            d.u.i.k.p.r.p.TestFile    ... finished proof: closed. 
585048     INFO  main            d.u.i.k.p.i.AbstractProblemLoader Loading environment from /home/runner/work/key/key/key.core/../key.ui/examples/standard_key/staticInitialisation/staticInitialisersAreNonSimple.key.proof 
585048     DEBUG main            d.u.i.k.p.i.AbstractProblemLoader Environment load took 92.2ns 
585049     INFO  main            d.u.i.k.p.i.AbstractProblemLoader Creating init config 
585068     WARN  main            d.u.i.k.j.r.KeYCrossReferenceNameInfo Datatype java.lang.System declared twice: Once in FILE:/home/runner/work/key/key/key.core/../key.ui/examples/standard_key/staticInitialisation/classpath/System.java and once in URL:file:/home/runner/work/key/key/key.core/build/resources/main/de/uka/ilkd/key/java/JavaRedux/java/lang/System.java, Keeping one from URL:file:/home/runner/work/key/key/key.core/build/resources/main/de/uka/ilkd/key/java/JavaRedux/java/lang/System.java 
585068     WARN  main            d.u.i.k.j.r.KeYCrossReferenceNameInfo Datatype java.io.PrintStream declared twice: Once in FILE:/home/runner/work/key/key/key.core/../key.ui/examples/standard_key/staticInitialisation/classpath/PrintStream.java and once in URL:file:/home/runner/work/key/key/key.core/build/resources/main/de/uka/ilkd/key/java/JavaRedux/java/io/PrintStream.java, Keeping one from URL:file:/home/runner/work/key/key/key.core/build/resources/main/de/uka/ilkd/key/java/JavaRedux/java/io/PrintStream.java 
587374     DEBUG main            d.u.i.k.p.i.AbstractProblemLoader Init config took 2.32s 
587389     INFO  main            d.u.i.k.p.i.AbstractProblemLoader Replaying proof staticInitialisersAreNonSimple.key.proof 
587445     DEBUG main            d.u.i.k.p.i.IntermediateProofReplayer Proof replay took 53.94ms 
587447     DEBUG main            d.u.i.k.p.r.p.TestFile    ... success: reloaded. 
587448     INFO  main            d.u.i.k.p.r.p.TestFile    Now processing file /home/runner/work/key/key/key.core/../key.ui/examples/standard_key/types/disjoint.key 
587448     INFO  main            d.u.i.k.p.i.AbstractProblemLoader Loading environment from /home/runner/work/key/key/key.core/../key.ui/examples/standard_key/types/disjoint.key 
587448     DEBUG main            d.u.i.k.p.i.AbstractProblemLoader Environment load took 86.3ns 
587449     INFO  main            d.u.i.k.p.i.AbstractProblemLoader Creating init config 
589722     DEBUG main            d.u.i.k.p.i.AbstractProblemLoader Init config took 2.27s 
589734     INFO  main            d.u.i.k.p.i.AbstractProblemLoader Replaying proof disjoint.key 
589735     DEBUG main            d.u.i.k.p.i.IntermediateProofReplayer Proof replay took 4.1ns 
589837     INFO  main            d.u.i.k.p.r.p.TestFile    ... finished proof: closed. 
590395     INFO  main            d.u.i.k.p.i.AbstractProblemLoader Loading environment from /home/runner/work/key/key/key.core/../key.ui/examples/standard_key/types/disjoint.key.proof 
590395     DEBUG main            d.u.i.k.p.i.AbstractProblemLoader Environment load took 90.2ns 
590396     INFO  main            d.u.i.k.p.i.AbstractProblemLoader Creating init config 
592639     DEBUG main            d.u.i.k.p.i.AbstractProblemLoader Init config took 2.24s 
592651     INFO  main            d.u.i.k.p.i.AbstractProblemLoader Replaying proof disjoint.key.proof 
592654     DEBUG main            d.u.i.k.p.i.IntermediateProofReplayer Proof replay took 283.8ns 
592654     DEBUG main            d.u.i.k.p.r.p.TestFile    ... success: reloaded. 
592655     INFO  main            d.u.i.k.p.r.p.TestFile    Now processing file /home/runner/work/key/key/key.core/../key.ui/examples/../../key.core/src/test/resources/testcase/classpath/classpath.key 
592655     INFO  main            d.u.i.k.p.i.AbstractProblemLoader Loading environment from /home/runner/work/key/key/key.core/../key.ui/examples/../../key.core/src/test/resources/testcase/classpath/classpath.key 
592655     DEBUG main            d.u.i.k.p.i.AbstractProblemLoader Environment load took 96.1ns 
592657     INFO  main            d.u.i.k.p.i.AbstractProblemLoader Creating init config 
592679     WARN  main            d.u.i.k.j.r.KeYCrossReferenceNameInfo Datatype cp.C declared twice: Once in FILE:/home/runner/work/key/key/key.core/../key.ui/examples/../../key.core/src/test/resources/testcase/classpath/classpath/C.class and once in FILE:/home/runner/work/key/key/key.core/../key.ui/examples/../../key.core/src/test/resources/testcase/classpath/classpath/C.jml, Keeping one from FILE:/home/runner/work/key/key/key.core/../key.ui/examples/../../key.core/src/test/resources/testcase/classpath/classpath/C.jml 
592682     DEBUG main            d.u.i.k.j.r.ClassFileDeclarationBuilder Parsing: package cp; public class Unresolved1 { } 
592683     DEBUG main            r.s.KeYCrossReferenceSourceInfo Dynamically created class: cp.Unresolved1 
592683     DEBUG main            d.u.i.k.j.r.ClassFileDeclarationBuilder Parsing: package cp; public class Unresolved2 { } 
592683     DEBUG main            r.s.KeYCrossReferenceSourceInfo Dynamically created class: cp.Unresolved2 
595084     DEBUG main            d.u.i.k.p.i.AbstractProblemLoader Init config took 2.43s 
595099     INFO  main            d.u.i.k.p.i.AbstractProblemLoader Replaying proof classpath.key 
595100     DEBUG main            d.u.i.k.p.i.IntermediateProofReplayer Proof replay took 3.6ns 
595202     INFO  main            d.u.i.k.p.r.p.TestFile    ... finished proof: closed. 
595744     INFO  main            d.u.i.k.p.i.AbstractProblemLoader Loading environment from /home/runner/work/key/key/key.core/../key.ui/examples/../../key.core/src/test/resources/testcase/classpath/classpath.key.proof 
595745     DEBUG main            d.u.i.k.p.i.AbstractProblemLoader Environment load took 93.2ns 
595746     INFO  main            d.u.i.k.p.i.AbstractProblemLoader Creating init config 
595770     WARN  main            d.u.i.k.j.r.KeYCrossReferenceNameInfo Datatype cp.C declared twice: Once in FILE:/home/runner/work/key/key/key.core/../key.ui/examples/../../key.core/src/test/resources/testcase/classpath/classpath/C.class and once in FILE:/home/runner/work/key/key/key.core/../key.ui/examples/../../key.core/src/test/resources/testcase/classpath/classpath/C.jml, Keeping one from FILE:/home/runner/work/key/key/key.core/../key.ui/examples/../../key.core/src/test/resources/testcase/classpath/classpath/C.jml 
595773     DEBUG main            d.u.i.k.j.r.ClassFileDeclarationBuilder Parsing: package cp; public class Unresolved1 { } 
595774     DEBUG main            r.s.KeYCrossReferenceSourceInfo Dynamically created class: cp.Unresolved1 
595774     DEBUG main            d.u.i.k.j.r.ClassFileDeclarationBuilder Parsing: package cp; public class Unresolved2 { } 
595774     DEBUG main            r.s.KeYCrossReferenceSourceInfo Dynamically created class: cp.Unresolved2 
598145     DEBUG main            d.u.i.k.p.i.AbstractProblemLoader Init config took 2.4s 
598160     INFO  main            d.u.i.k.p.i.AbstractProblemLoader Replaying proof classpath.key.proof 
598162     DEBUG main            d.u.i.k.p.i.IntermediateProofReplayer Proof replay took 472ns 
598163     DEBUG main            d.u.i.k.p.r.p.TestFile    ... success: reloaded. 
598163     INFO  main            d.u.i.k.p.r.p.TestFile    Now processing file /home/runner/work/key/key/key.core/../key.ui/examples/heap/inconsistent_represents/MyClass_m.key 
598164     INFO  main            d.u.i.k.p.i.AbstractProblemLoader Loading environment from /home/runner/work/key/key/key.core/../key.ui/examples/heap/inconsistent_represents/MyClass_m.key 
598164     DEBUG main            d.u.i.k.p.i.AbstractProblemLoader Environment load took 46.6ns 
598164     INFO  main            d.u.i.k.p.i.AbstractProblemLoader Creating init config 
600565     DEBUG main            d.u.i.k.p.i.AbstractProblemLoader Init config took 2.4s 
600600     INFO  main            d.u.i.k.p.i.AbstractProblemLoader Replaying proof MyClass[MyClass::m()].JML operation contract.0 
600601     DEBUG main            d.u.i.k.p.i.IntermediateProofReplayer Proof replay took 3.5ns 
600703     INFO  main            d.u.i.k.p.r.p.TestFile    ... finished proof: open goal(s) 
601246     INFO  main            d.u.i.k.p.r.p.TestFile    Now processing file /home/runner/work/key/key/key.core/../key.ui/examples/heap/inconsistent_represents/MyClass_n.key 
601246     INFO  main            d.u.i.k.p.i.AbstractProblemLoader Loading environment from /home/runner/work/key/key/key.core/../key.ui/examples/heap/inconsistent_represents/MyClass_n.key 
601246     DEBUG main            d.u.i.k.p.i.AbstractProblemLoader Environment load took 51.4ns 
601247     INFO  main            d.u.i.k.p.i.AbstractProblemLoader Creating init config 
603598     DEBUG main            d.u.i.k.p.i.AbstractProblemLoader Init config took 2.35s 
603632     INFO  main            d.u.i.k.p.i.AbstractProblemLoader Replaying proof MyClass[MyClass::n()].JML operation contract.0 
603633     DEBUG main            d.u.i.k.p.i.IntermediateProofReplayer Proof replay took 3.2ns 
603736     INFO  main            d.u.i.k.p.r.p.TestFile    ... finished proof: open goal(s) 
3497904    INFO  Test worker     d.u.i.k.p.r.p.StatisticsFile Returning from test javadl 
3497910    INFO  Test worker     d.u.i.k.p.r.p.StatisticsFile Running test FOL 
367        INFO  Timeout watchdog d.u.i.k.p.r.p.ForkedTestFileRunner Timeout watcher launched (2000 secs.) 
367        WARN  main            d.u.i.k.s.ProofSettings   The settings in /home/runner/.key/proof-settings.props are *not* read. 
415        INFO  main            d.u.i.k.p.r.p.TestFile    Now processing file /home/runner/work/key/key/key.core/../key.ui/examples/standard_key/pred_log/count.key 
540        INFO  main            d.u.i.k.p.i.AbstractProblemLoader Loading environment from /home/runner/work/key/key/key.core/../key.ui/examples/standard_key/pred_log/count.key 
561        DEBUG main            d.u.i.k.p.i.AbstractProblemLoader Environment load took 2.02ms 
805        INFO  main            d.u.i.k.p.i.AbstractProblemLoader Creating init config 
1831       DEBUG main            d.u.i.k.j.TypeConverter   No LDT found for Meta 
1832       DEBUG main            d.u.i.k.j.TypeConverter   No LDT found for Meta 
1833       DEBUG main            d.u.i.k.j.TypeConverter   No LDT found for Meta 
1833       DEBUG main            d.u.i.k.j.TypeConverter   No LDT found for Meta 
3311       DEBUG main            d.u.i.k.j.TypeConverter   No LDT found for JavaBigintExpression 
8227       DEBUG main            d.u.i.k.p.i.AbstractProblemLoader Init config took 7.42s 
8288       INFO  main            d.u.i.k.p.i.AbstractProblemLoader Replaying proof count.key 
8322       DEBUG main            d.u.i.k.p.i.IntermediateProofReplayer Proof replay took 39.2ns 
8489       INFO  main            d.u.i.k.p.r.p.TestFile    ... finished proof: closed. 
8609       INFO  main            d.u.i.k.p.i.AbstractProblemLoader Loading environment from /home/runner/work/key/key/key.core/../key.ui/examples/standard_key/pred_log/count.key.proof 
8611       DEBUG main            d.u.i.k.p.i.AbstractProblemLoader Environment load took 1.6ms 
8620       INFO  main            d.u.i.k.p.i.AbstractProblemLoader Creating init config 
11391      DEBUG main            d.u.i.k.p.i.AbstractProblemLoader Init config took 2.77s 
11437      INFO  main            d.u.i.k.p.i.AbstractProblemLoader Replaying proof count.key.proof 
11448      DEBUG main            d.u.i.k.p.i.IntermediateProofReplayer Proof replay took 5.88ms 
11458      DEBUG main            d.u.i.k.p.r.p.TestFile    ... success: reloaded. 
11460      INFO  main            d.u.i.k.p.r.p.TestFile    Now processing file /home/runner/work/key/key/key.core/../key.ui/examples/standard_key/pred_log/count2.key 
11460      INFO  main            d.u.i.k.p.i.AbstractProblemLoader Loading environment from /home/runner/work/key/key/key.core/../key.ui/examples/standard_key/pred_log/count2.key 
11460      DEBUG main            d.u.i.k.p.i.AbstractProblemLoader Environment load took 114.6ns 
11462      INFO  main            d.u.i.k.p.i.AbstractProblemLoader Creating init config 
14060      DEBUG main            d.u.i.k.p.i.AbstractProblemLoader Init config took 2.6s 
14090      INFO  main            d.u.i.k.p.i.AbstractProblemLoader Replaying proof count2.key 
14092      DEBUG main            d.u.i.k.p.i.IntermediateProofReplayer Proof replay took 7.8ns 
14195      INFO  main            d.u.i.k.p.r.p.TestFile    ... finished proof: closed. 
14324      INFO  main            d.u.i.k.p.i.AbstractProblemLoader Loading environment from /home/runner/work/key/key/key.core/../key.ui/examples/standard_key/pred_log/count2.key.proof 
14324      DEBUG main            d.u.i.k.p.i.AbstractProblemLoader Environment load took 140.9ns 
14326      INFO  main            d.u.i.k.p.i.AbstractProblemLoader Creating init config 
16892      DEBUG main            d.u.i.k.p.i.AbstractProblemLoader Init config took 2.57s 
16918      INFO  main            d.u.i.k.p.i.AbstractProblemLoader Replaying proof count2.key.proof 
16923      DEBUG main            d.u.i.k.p.i.IntermediateProofReplayer Proof replay took 2.47ms 
16924      DEBUG main            d.u.i.k.p.r.p.TestFile    ... success: reloaded. 
16925      INFO  main            d.u.i.k.p.r.p.TestFile    Now processing file /home/runner/work/key/key/key.core/../key.ui/examples/standard_key/pred_log/count3.key 
16925      INFO  main            d.u.i.k.p.i.AbstractProblemLoader Loading environment from /home/runner/work/key/key/key.core/../key.ui/examples/standard_key/pred_log/count3.key 
16925      DEBUG main            d.u.i.k.p.i.AbstractProblemLoader Environment load took 93.7ns 
16927      INFO  main            d.u.i.k.p.i.AbstractProblemLoader Creating init config 
19401      DEBUG main            d.u.i.k.p.i.AbstractProblemLoader Init config took 2.47s 
19424      INFO  main            d.u.i.k.p.i.AbstractProblemLoader Replaying proof count3.key 
19426      DEBUG main            d.u.i.k.p.i.IntermediateProofReplayer Proof replay took 7.3ns 
19529      INFO  main            d.u.i.k.p.r.p.TestFile    ... finished proof: closed. 
19656      INFO  main            d.u.i.k.p.i.AbstractProblemLoader Loading environment from /home/runner/work/key/key/key.core/../key.ui/examples/standard_key/pred_log/count3.key.proof 
19656      DEBUG main            d.u.i.k.p.i.AbstractProblemLoader Environment load took 150.7ns 
19658      INFO  main            d.u.i.k.p.i.AbstractProblemLoader Creating init config 
22139      DEBUG main            d.u.i.k.p.i.AbstractProblemLoader Init config took 2.48s 
22160      INFO  main            d.u.i.k.p.i.AbstractProblemLoader Replaying proof count3.key.proof 
22164      DEBUG main            d.u.i.k.p.i.IntermediateProofReplayer Proof replay took 2.17ms 
22166      DEBUG main            d.u.i.k.p.r.p.TestFile    ... success: reloaded. 
22166      INFO  main            d.u.i.k.p.r.p.TestFile    Now processing file /home/runner/work/key/key/key.core/../key.ui/examples/standard_key/pred_log/equalities.key 
22167      INFO  main            d.u.i.k.p.i.AbstractProblemLoader Loading environment from /home/runner/work/key/key/key.core/../key.ui/examples/standard_key/pred_log/equalities.key 
22168      DEBUG main            d.u.i.k.p.i.AbstractProblemLoader Environment load took 202ns 
22169      INFO  main            d.u.i.k.p.i.AbstractProblemLoader Creating init config 
24624      DEBUG main            d.u.i.k.p.i.AbstractProblemLoader Init config took 2.46s 
24645      INFO  main            d.u.i.k.p.i.AbstractProblemLoader Replaying proof equalities.key 
24648      DEBUG main            d.u.i.k.p.i.IntermediateProofReplayer Proof replay took 8ns 
24754      INFO  main            d.u.i.k.p.r.p.TestFile    ... finished proof: closed. 
24892      INFO  main            d.u.i.k.p.i.AbstractProblemLoader Loading environment from /home/runner/work/key/key/key.core/../key.ui/examples/standard_key/pred_log/equalities.key.proof 
24892      DEBUG main            d.u.i.k.p.i.AbstractProblemLoader Environment load took 144.1ns 
24894      INFO  main            d.u.i.k.p.i.AbstractProblemLoader Creating init config 
27331      DEBUG main            d.u.i.k.p.i.AbstractProblemLoader Init config took 2.44s 
27351      INFO  main            d.u.i.k.p.i.AbstractProblemLoader Replaying proof equalities.key.proof 
27356      DEBUG main            d.u.i.k.p.i.IntermediateProofReplayer Proof replay took 3.19ms 
27358      DEBUG main            d.u.i.k.p.r.p.TestFile    ... success: reloaded. 
27359      INFO  main            d.u.i.k.p.r.p.TestFile    Now processing file /home/runner/work/key/key/key.core/../key.ui/examples/standard_key/pred_log/equalities2.key 
27359      INFO  main            d.u.i.k.p.i.AbstractProblemLoader Loading environment from /home/runner/work/key/key/key.core/../key.ui/examples/standard_key/pred_log/equalities2.key 
27359      DEBUG main            d.u.i.k.p.i.AbstractProblemLoader Environment load took 211.6ns 
27361      INFO  main            d.u.i.k.p.i.AbstractProblemLoader Creating init config 
29838      DEBUG main            d.u.i.k.p.i.AbstractProblemLoader Init config took 2.48s 
29859      INFO  main            d.u.i.k.p.i.AbstractProblemLoader Replaying proof equalities2.key 
29860      DEBUG main            d.u.i.k.p.i.IntermediateProofReplayer Proof replay took 8.2ns 
29965      INFO  main            d.u.i.k.p.r.p.TestFile    ... finished proof: closed. 
30106      INFO  main            d.u.i.k.p.i.AbstractProblemLoader Loading environment from /home/runner/work/key/key/key.core/../key.ui/examples/standard_key/pred_log/equalities2.key.proof 
30106      DEBUG main            d.u.i.k.p.i.AbstractProblemLoader Environment load took 140.1ns 
30107      INFO  main            d.u.i.k.p.i.AbstractProblemLoader Creating init config 
32553      DEBUG main            d.u.i.k.p.i.AbstractProblemLoader Init config took 2.45s 
32572      INFO  main            d.u.i.k.p.i.AbstractProblemLoader Replaying proof equalities2.key.proof 
32577      DEBUG main            d.u.i.k.p.i.IntermediateProofReplayer Proof replay took 2.96ms 
32578      DEBUG main            d.u.i.k.p.r.p.TestFile    ... success: reloaded. 
32579      INFO  main            d.u.i.k.p.r.p.TestFile    Now processing file /home/runner/work/key/key/key.core/../key.ui/examples/standard_key/pred_log/equalities3.key 
32579      INFO  main            d.u.i.k.p.i.AbstractProblemLoader Loading environment from /home/runner/work/key/key/key.core/../key.ui/examples/standard_key/pred_log/equalities3.key 
32579      DEBUG main            d.u.i.k.p.i.AbstractProblemLoader Environment load took 186.9ns 
32581      INFO  main            d.u.i.k.p.i.AbstractProblemLoader Creating init config 
35032      DEBUG main            d.u.i.k.p.i.AbstractProblemLoader Init config took 2.45s 
35049      INFO  main            d.u.i.k.p.i.AbstractProblemLoader Replaying proof equalities3.key 
35052      DEBUG main            d.u.i.k.p.i.IntermediateProofReplayer Proof replay took 7.6ns 
35157      INFO  main            d.u.i.k.p.r.p.TestFile    ... finished proof: closed. 
35303      INFO  main            d.u.i.k.p.i.AbstractProblemLoader Loading environment from /home/runner/work/key/key/key.core/../key.ui/examples/standard_key/pred_log/equalities3.key.proof 
35303      DEBUG main            d.u.i.k.p.i.AbstractProblemLoader Environment load took 131.7ns 
35305      INFO  main            d.u.i.k.p.i.AbstractProblemLoader Creating init config 
37684      DEBUG main            d.u.i.k.p.i.AbstractProblemLoader Init config took 2.38s 
37701      INFO  main            d.u.i.k.p.i.AbstractProblemLoader Replaying proof equalities3.key.proof 
37707      DEBUG main            d.u.i.k.p.i.IntermediateProofReplayer Proof replay took 4.36ms 
37709      DEBUG main            d.u.i.k.p.r.p.TestFile    ... success: reloaded. 
37709      INFO  main            d.u.i.k.p.r.p.TestFile    Now processing file /home/runner/work/key/key/key.core/../key.ui/examples/standard_key/pred_log/functions.key 
37710      INFO  main            d.u.i.k.p.i.AbstractProblemLoader Loading environment from /home/runner/work/key/key/key.core/../key.ui/examples/standard_key/pred_log/functions.key 
37710      DEBUG main            d.u.i.k.p.i.AbstractProblemLoader Environment load took 189.9ns 
37711      INFO  main            d.u.i.k.p.i.AbstractProblemLoader Creating init config 
40165      DEBUG main            d.u.i.k.p.i.AbstractProblemLoader Init config took 2.45s 
40182      INFO  main            d.u.i.k.p.i.AbstractProblemLoader Replaying proof functions.key 
40184      DEBUG main            d.u.i.k.p.i.IntermediateProofReplayer Proof replay took 8.2ns 
40286      INFO  main            d.u.i.k.p.r.p.TestFile    ... finished proof: closed. 
40486      INFO  main            d.u.i.k.p.i.AbstractProblemLoader Loading environment from /home/runner/work/key/key/key.core/../key.ui/examples/standard_key/pred_log/functions.key.proof 
40486      DEBUG main            d.u.i.k.p.i.AbstractProblemLoader Environment load took 128.4ns 
40487      INFO  main            d.u.i.k.p.i.AbstractProblemLoader Creating init config 
42852      DEBUG main            d.u.i.k.p.i.AbstractProblemLoader Init config took 2.36s 
42870      INFO  main            d.u.i.k.p.i.AbstractProblemLoader Replaying proof functions.key.proof 
42874      DEBUG main            d.u.i.k.p.i.IntermediateProofReplayer Proof replay took 1.88ms 
42874      DEBUG main            d.u.i.k.p.r.p.TestFile    ... success: reloaded. 
42875      INFO  main            d.u.i.k.p.r.p.TestFile    Now processing file /home/runner/work/key/key/key.core/../key.ui/examples/standard_key/pred_log/mv1.key 
42875      INFO  main            d.u.i.k.p.i.AbstractProblemLoader Loading environment from /home/runner/work/key/key/key.core/../key.ui/examples/standard_key/pred_log/mv1.key 
42875      DEBUG main            d.u.i.k.p.i.AbstractProblemLoader Environment load took 95.2ns 
42876      INFO  main            d.u.i.k.p.i.AbstractProblemLoader Creating init config 
45292      DEBUG main            d.u.i.k.p.i.AbstractProblemLoader Init config took 2.42s 
45313      INFO  main            d.u.i.k.p.i.AbstractProblemLoader Replaying proof mv1.key 
45314      DEBUG main            d.u.i.k.p.i.IntermediateProofReplayer Proof replay took 7.9ns 
45417      INFO  main            d.u.i.k.p.r.p.TestFile    ... finished proof: closed. 
45583      INFO  main            d.u.i.k.p.i.AbstractProblemLoader Loading environment from /home/runner/work/key/key/key.core/../key.ui/examples/standard_key/pred_log/mv1.key.proof 
45583      DEBUG main            d.u.i.k.p.i.AbstractProblemLoader Environment load took 131ns 
45584      INFO  main            d.u.i.k.p.i.AbstractProblemLoader Creating init config 
47917      DEBUG main            d.u.i.k.p.i.AbstractProblemLoader Init config took 2.33s 
47933      INFO  main            d.u.i.k.p.i.AbstractProblemLoader Replaying proof mv1.key.proof 
47936      DEBUG main            d.u.i.k.p.i.IntermediateProofReplayer Proof replay took 806.81ns 
47937      DEBUG main            d.u.i.k.p.r.p.TestFile    ... success: reloaded. 
47937      INFO  main            d.u.i.k.p.r.p.TestFile    Now processing file /home/runner/work/key/key/key.core/../key.ui/examples/standard_key/pred_log/mv2.key 
47942      INFO  main            d.u.i.k.p.i.AbstractProblemLoader Loading environment from /home/runner/work/key/key/key.core/../key.ui/examples/standard_key/pred_log/mv2.key 
47942      DEBUG main            d.u.i.k.p.i.AbstractProblemLoader Environment load took 216.4ns 
47943      INFO  main            d.u.i.k.p.i.AbstractProblemLoader Creating init config 
50312      DEBUG main            d.u.i.k.p.i.AbstractProblemLoader Init config took 2.37s 
50328      INFO  main            d.u.i.k.p.i.AbstractProblemLoader Replaying proof mv2.key 
50330      DEBUG main            d.u.i.k.p.i.IntermediateProofReplayer Proof replay took 6.8ns 
50434      INFO  main            d.u.i.k.p.r.p.TestFile    ... finished proof: closed. 
50599      INFO  main            d.u.i.k.p.i.AbstractProblemLoader Loading environment from /home/runner/work/key/key/key.core/../key.ui/examples/standard_key/pred_log/mv2.key.proof 
50599      DEBUG main            d.u.i.k.p.i.AbstractProblemLoader Environment load took 124.4ns 
50600      INFO  main            d.u.i.k.p.i.AbstractProblemLoader Creating init config 
52941      DEBUG main            d.u.i.k.p.i.AbstractProblemLoader Init config took 2.34s 
52957      INFO  main            d.u.i.k.p.i.AbstractProblemLoader Replaying proof mv2.key.proof 
52960      DEBUG main            d.u.i.k.p.i.IntermediateProofReplayer Proof replay took 1.51ms 
52961      DEBUG main            d.u.i.k.p.r.p.TestFile    ... success: reloaded. 
52962      INFO  main            d.u.i.k.p.r.p.TestFile    Now processing file /home/runner/work/key/key/key.core/../key.ui/examples/standard_key/pred_log/quantifiers.key 
52962      INFO  main            d.u.i.k.p.i.AbstractProblemLoader Loading environment from /home/runner/work/key/key/key.core/../key.ui/examples/standard_key/pred_log/quantifiers.key 
52962      DEBUG main            d.u.i.k.p.i.AbstractProblemLoader Environment load took 101.5ns 
52963      INFO  main            d.u.i.k.p.i.AbstractProblemLoader Creating init config 
55343      DEBUG main            d.u.i.k.p.i.AbstractProblemLoader Init config took 2.38s 
55358      INFO  main            d.u.i.k.p.i.AbstractProblemLoader Replaying proof quantifiers.key 
55359      DEBUG main            d.u.i.k.p.i.IntermediateProofReplayer Proof replay took 8.1ns 
55462      INFO  main            d.u.i.k.p.r.p.TestFile    ... finished proof: closed. 
55626      INFO  main            d.u.i.k.p.i.AbstractProblemLoader Loading environment from /home/runner/work/key/key/key.core/../key.ui/examples/standard_key/pred_log/quantifiers.key.proof 
55626      DEBUG main            d.u.i.k.p.i.AbstractProblemLoader Environment load took 130.4ns 
55627      INFO  main            d.u.i.k.p.i.AbstractProblemLoader Creating init config 
57961      DEBUG main            d.u.i.k.p.i.AbstractProblemLoader Init config took 2.33s 
57977      INFO  main            d.u.i.k.p.i.AbstractProblemLoader Replaying proof quantifiers.key.proof 
57980      DEBUG main            d.u.i.k.p.i.IntermediateProofReplayer Proof replay took 1.68ms 
57981      DEBUG main            d.u.i.k.p.r.p.TestFile    ... success: reloaded. 
57982      INFO  main            d.u.i.k.p.r.p.TestFile    Now processing file /home/runner/work/key/key/key.core/../key.ui/examples/standard_key/pred_log/simpleEps.key 
57982      INFO  main            d.u.i.k.p.i.AbstractProblemLoader Loading environment from /home/runner/work/key/key/key.core/../key.ui/examples/standard_key/pred_log/simpleEps.key 
57983      DEBUG main            d.u.i.k.p.i.AbstractProblemLoader Environment load took 179.7ns 
57984      INFO  main            d.u.i.k.p.i.AbstractProblemLoader Creating init config 
60465      DEBUG main            d.u.i.k.p.i.AbstractProblemLoader Init config took 2.48s 
60480      INFO  main            d.u.i.k.p.i.AbstractProblemLoader Replaying proof simpleEps.key 
60482      DEBUG main            d.u.i.k.p.i.IntermediateProofReplayer Proof replay took 8.4ns 
60586      INFO  main            d.u.i.k.p.r.p.TestFile    ... finished proof: closed. 
60767      INFO  main            d.u.i.k.p.i.AbstractProblemLoader Loading environment from /home/runner/work/key/key/key.core/../key.ui/examples/standard_key/pred_log/simpleEps.key.proof 
60768      DEBUG main            d.u.i.k.p.i.AbstractProblemLoader Environment load took 140.8ns 
60769      INFO  main            d.u.i.k.p.i.AbstractProblemLoader Creating init config 
63089      DEBUG main            d.u.i.k.p.i.AbstractProblemLoader Init config took 2.32s 
63103      INFO  main            d.u.i.k.p.i.AbstractProblemLoader Replaying proof simpleEps.key.proof 
63106      DEBUG main            d.u.i.k.p.i.IntermediateProofReplayer Proof replay took 1.08ms 
63107      DEBUG main            d.u.i.k.p.r.p.TestFile    ... success: reloaded. 
63107      INFO  main            d.u.i.k.p.r.p.TestFile    Now processing file /home/runner/work/key/key/key.core/../key.ui/examples/standard_key/pred_log/steam1.key 
63108      INFO  main            d.u.i.k.p.i.AbstractProblemLoader Loading environment from /home/runner/work/key/key/key.core/../key.ui/examples/standard_key/pred_log/steam1.key 
63108      DEBUG main            d.u.i.k.p.i.AbstractProblemLoader Environment load took 187.8ns 
63110      INFO  main            d.u.i.k.p.i.AbstractProblemLoader Creating init config 
65541      DEBUG main            d.u.i.k.p.i.AbstractProblemLoader Init config took 2.43s 
65563      INFO  main            d.u.i.k.p.i.AbstractProblemLoader Replaying proof steam1.key 
65564      DEBUG main            d.u.i.k.p.i.IntermediateProofReplayer Proof replay took 7.9ns 
65981      INFO  main            d.u.i.k.p.r.p.TestFile    ... finished proof: closed. 
66177      INFO  main            d.u.i.k.p.i.AbstractProblemLoader Loading environment from /home/runner/work/key/key/key.core/../key.ui/examples/standard_key/pred_log/steam1.key.proof 
66177      DEBUG main            d.u.i.k.p.i.AbstractProblemLoader Environment load took 515.11ns 
66180      INFO  main            d.u.i.k.p.i.AbstractProblemLoader Creating init config 
68566      DEBUG main            d.u.i.k.p.i.AbstractProblemLoader Init config took 2.39s 
68587      INFO  main            d.u.i.k.p.i.AbstractProblemLoader Replaying proof steam1.key.proof 
68612      DEBUG main            d.u.i.k.p.i.IntermediateProofReplayer Proof replay took 20.39ms 
68615      DEBUG main            d.u.i.k.p.r.p.TestFile    ... success: reloaded. 
68615      INFO  main            d.u.i.k.p.r.p.TestFile    Now processing file /home/runner/work/key/key/key.core/../key.ui/examples/standard_key/pred_log/tptp/PUZ/PUZ001p1.key 
68616      INFO  main            d.u.i.k.p.i.AbstractProblemLoader Loading environment from /home/runner/work/key/key/key.core/../key.ui/examples/standard_key/pred_log/tptp/PUZ/PUZ001p1.key 
68616      DEBUG main            d.u.i.k.p.i.AbstractProblemLoader Environment load took 232.7ns 
68618      INFO  main            d.u.i.k.p.i.AbstractProblemLoader Creating init config 
70965      DEBUG main            d.u.i.k.p.i.AbstractProblemLoader Init config took 2.35s 
70982      INFO  main            d.u.i.k.p.i.AbstractProblemLoader Replaying proof PUZ001p1.key 
70984      DEBUG main            d.u.i.k.p.i.IntermediateProofReplayer Proof replay took 7.7ns 
73916      INFO  main            d.u.i.k.p.r.p.TestFile    ... finished proof: closed. 
74138      INFO  main            d.u.i.k.p.i.AbstractProblemLoader Loading environment from /home/runner/work/key/key/key.core/../key.ui/examples/standard_key/pred_log/tptp/PUZ/PUZ001p1.key.proof 
74139      DEBUG main            d.u.i.k.p.i.AbstractProblemLoader Environment load took 370.2ns 
74141      INFO  main            d.u.i.k.p.i.AbstractProblemLoader Creating init config 
76490      DEBUG main            d.u.i.k.p.i.AbstractProblemLoader Init config took 2.35s 
76506      INFO  main            d.u.i.k.p.i.AbstractProblemLoader Replaying proof PUZ001p1.key.proof 
76643      DEBUG main            d.u.i.k.p.i.IntermediateProofReplayer Proof replay took 128.27ms 
76645      DEBUG main            d.u.i.k.p.r.p.TestFile    ... success: reloaded. 
76646      INFO  main            d.u.i.k.p.r.p.TestFile    Now processing file /home/runner/work/key/key/key.core/../key.ui/examples/standard_key/pred_log/tptp/PUZ/PUZ001p1-eq.key 
76647      INFO  main            d.u.i.k.p.i.AbstractProblemLoader Loading environment from /home/runner/work/key/key/key.core/../key.ui/examples/standard_key/pred_log/tptp/PUZ/PUZ001p1-eq.key 
76647      DEBUG main            d.u.i.k.p.i.AbstractProblemLoader Environment load took 193.4ns 
76648      INFO  main            d.u.i.k.p.i.AbstractProblemLoader Creating init config 
79057      DEBUG main            d.u.i.k.p.i.AbstractProblemLoader Init config took 2.41s 
79072      INFO  main            d.u.i.k.p.i.AbstractProblemLoader Replaying proof PUZ001p1-eq.key 
79074      DEBUG main            d.u.i.k.p.i.IntermediateProofReplayer Proof replay took 8.2ns 
79177      INFO  main            d.u.i.k.p.r.p.TestFile    ... finished proof: closed. 
79407      INFO  main            d.u.i.k.p.i.AbstractProblemLoader Loading environment from /home/runner/work/key/key/key.core/../key.ui/examples/standard_key/pred_log/tptp/PUZ/PUZ001p1-eq.key.proof 
79408      DEBUG main            d.u.i.k.p.i.AbstractProblemLoader Environment load took 512.21ns 
79409      INFO  main            d.u.i.k.p.i.AbstractProblemLoader Creating init config 
81701      DEBUG main            d.u.i.k.p.i.AbstractProblemLoader Init config took 2.29s 
81716      INFO  main            d.u.i.k.p.i.AbstractProblemLoader Replaying proof PUZ001p1-eq.key.proof 
81730      DEBUG main            d.u.i.k.p.i.IntermediateProofReplayer Proof replay took 10.69ms 
81731      DEBUG main            d.u.i.k.p.r.p.TestFile    ... success: reloaded. 
81732      INFO  main            d.u.i.k.p.r.p.TestFile    Now processing file /home/runner/work/key/key/key.core/../key.ui/examples/standard_key/pred_log/tptp/PUZ/PUZ031p1.key 
81732      INFO  main            d.u.i.k.p.i.AbstractProblemLoader Loading environment from /home/runner/work/key/key/key.core/../key.ui/examples/standard_key/pred_log/tptp/PUZ/PUZ031p1.key 
81732      DEBUG main            d.u.i.k.p.i.AbstractProblemLoader Environment load took 191.9ns 
81734      INFO  main            d.u.i.k.p.i.AbstractProblemLoader Creating init config 
84122      DEBUG main            d.u.i.k.p.i.AbstractProblemLoader Init config took 2.39s 
84138      INFO  main            d.u.i.k.p.i.AbstractProblemLoader Replaying proof PUZ031p1.key 
84139      DEBUG main            d.u.i.k.p.i.IntermediateProofReplayer Proof replay took 8ns 
92157      INFO  main            d.u.i.k.p.r.p.TestFile    ... finished proof: closed. 
92369      INFO  main            d.u.i.k.p.i.AbstractProblemLoader Loading environment from /home/runner/work/key/key/key.core/../key.ui/examples/standard_key/pred_log/tptp/PUZ/PUZ031p1.key.proof 
92369      DEBUG main            d.u.i.k.p.i.AbstractProblemLoader Environment load took 359.5ns 
92371      INFO  main            d.u.i.k.p.i.AbstractProblemLoader Creating init config 
94703      DEBUG main            d.u.i.k.p.i.AbstractProblemLoader Init config took 2.33s 
94719      INFO  main            d.u.i.k.p.i.AbstractProblemLoader Replaying proof PUZ031p1.key.proof 
94765      DEBUG main            d.u.i.k.p.i.IntermediateProofReplayer Proof replay took 41.02ms 
94766      DEBUG main            d.u.i.k.p.r.p.TestFile    ... success: reloaded. 
94767      INFO  main            d.u.i.k.p.r.p.TestFile    Now processing file /home/runner/work/key/key/key.core/../key.ui/examples/standard_key/pred_log/tptp/SET/SET027p3.key 
94767      INFO  main            d.u.i.k.p.i.AbstractProblemLoader Loading environment from /home/runner/work/key/key/key.core/../key.ui/examples/standard_key/pred_log/tptp/SET/SET027p3.key 
94768      DEBUG main            d.u.i.k.p.i.AbstractProblemLoader Environment load took 99.8ns 
94769      INFO  main            d.u.i.k.p.i.AbstractProblemLoader Creating init config 
97139      DEBUG main            d.u.i.k.p.i.AbstractProblemLoader Init config took 2.37s 
97153      INFO  main            d.u.i.k.p.i.AbstractProblemLoader Replaying proof SET027p3.key 
97154      DEBUG main            d.u.i.k.p.i.IntermediateProofReplayer Proof replay took 9.4ns 
97256      INFO  main            d.u.i.k.p.r.p.TestFile    ... finished proof: closed. 
97477      INFO  main            d.u.i.k.p.i.AbstractProblemLoader Loading environment from /home/runner/work/key/key/key.core/../key.ui/examples/standard_key/pred_log/tptp/SET/SET027p3.key.proof 
97477      DEBUG main            d.u.i.k.p.i.AbstractProblemLoader Environment load took 151.2ns 
97479      INFO  main            d.u.i.k.p.i.AbstractProblemLoader Creating init config 
99774      DEBUG main            d.u.i.k.p.i.AbstractProblemLoader Init config took 2.3s 
99788      INFO  main            d.u.i.k.p.i.AbstractProblemLoader Replaying proof SET027p3.key.proof 
99793      DEBUG main            d.u.i.k.p.i.IntermediateProofReplayer Proof replay took 2.79ms 
99794      DEBUG main            d.u.i.k.p.r.p.TestFile    ... success: reloaded. 
99795      INFO  main            d.u.i.k.p.r.p.TestFile    Now processing file /home/runner/work/key/key/key.core/../key.ui/examples/standard_key/pred_log/tptp/SET/SET043p1.key 
99795      INFO  main            d.u.i.k.p.i.AbstractProblemLoader Loading environment from /home/runner/work/key/key/key.core/../key.ui/examples/standard_key/pred_log/tptp/SET/SET043p1.key 
99795      DEBUG main            d.u.i.k.p.i.AbstractProblemLoader Environment load took 170.2ns 
99796      INFO  main            d.u.i.k.p.i.AbstractProblemLoader Creating init config 
102130     DEBUG main            d.u.i.k.p.i.AbstractProblemLoader Init config took 2.33s 
102144     INFO  main            d.u.i.k.p.i.AbstractProblemLoader Replaying proof SET043p1.key 
102146     DEBUG main            d.u.i.k.p.i.IntermediateProofReplayer Proof replay took 9.2ns 
102248     INFO  main            d.u.i.k.p.r.p.TestFile    ... finished proof: closed. 
102464     INFO  main            d.u.i.k.p.i.AbstractProblemLoader Loading environment from /home/runner/work/key/key/key.core/../key.ui/examples/standard_key/pred_log/tptp/SET/SET043p1.key.proof 
102464     DEBUG main            d.u.i.k.p.i.AbstractProblemLoader Environment load took 218.1ns 
102465     INFO  main            d.u.i.k.p.i.AbstractProblemLoader Creating init config 
104783     DEBUG main            d.u.i.k.p.i.AbstractProblemLoader Init config took 2.32s 
104797     INFO  main            d.u.i.k.p.i.AbstractProblemLoader Replaying proof SET043p1.key.proof 
104802     DEBUG main            d.u.i.k.p.i.IntermediateProofReplayer Proof replay took 1.2ms 
104803     DEBUG main            d.u.i.k.p.r.p.TestFile    ... success: reloaded. 
104805     INFO  main            d.u.i.k.p.r.p.TestFile    Now processing file /home/runner/work/key/key/key.core/../key.ui/examples/standard_key/pred_log/tptp/SET/SET045p1.key 
104805     INFO  main            d.u.i.k.p.i.AbstractProblemLoader Loading environment from /home/runner/work/key/key/key.core/../key.ui/examples/standard_key/pred_log/tptp/SET/SET045p1.key 
104805     DEBUG main            d.u.i.k.p.i.AbstractProblemLoader Environment load took 185.1ns 
104806     INFO  main            d.u.i.k.p.i.AbstractProblemLoader Creating init config 
107140     DEBUG main            d.u.i.k.p.i.AbstractProblemLoader Init config took 2.33s 
107156     INFO  main            d.u.i.k.p.i.AbstractProblemLoader Replaying proof SET045p1.key 
107159     DEBUG main            d.u.i.k.p.i.IntermediateProofReplayer Proof replay took 9.3ns 
107261     INFO  main            d.u.i.k.p.r.p.TestFile    ... finished proof: closed. 
107476     INFO  main            d.u.i.k.p.i.AbstractProblemLoader Loading environment from /home/runner/work/key/key/key.core/../key.ui/examples/standard_key/pred_log/tptp/SET/SET045p1.key.proof 
107477     DEBUG main            d.u.i.k.p.i.AbstractProblemLoader Environment load took 118.2ns 
107478     INFO  main            d.u.i.k.p.i.AbstractProblemLoader Creating init config 
109752     DEBUG main            d.u.i.k.p.i.AbstractProblemLoader Init config took 2.27s 
109767     INFO  main            d.u.i.k.p.i.AbstractProblemLoader Replaying proof SET045p1.key.proof 
109771     DEBUG main            d.u.i.k.p.i.IntermediateProofReplayer Proof replay took 2.22ms 
109772     DEBUG main            d.u.i.k.p.r.p.TestFile    ... success: reloaded. 
109773     INFO  main            d.u.i.k.p.r.p.TestFile    Now processing file /home/runner/work/key/key/key.core/../key.ui/examples/standard_key/pred_log/tptp/SET/SET062p3.key 
109773     INFO  main            d.u.i.k.p.i.AbstractProblemLoader Loading environment from /home/runner/work/key/key/key.core/../key.ui/examples/standard_key/pred_log/tptp/SET/SET062p3.key 
109773     DEBUG main            d.u.i.k.p.i.AbstractProblemLoader Environment load took 97.5ns 
109774     INFO  main            d.u.i.k.p.i.AbstractProblemLoader Creating init config 
112156     DEBUG main            d.u.i.k.p.i.AbstractProblemLoader Init config took 2.38s 
112174     INFO  main            d.u.i.k.p.i.AbstractProblemLoader Replaying proof SET062p3.key 
112177     DEBUG main            d.u.i.k.p.i.IntermediateProofReplayer Proof replay took 8ns 
112279     INFO  main            d.u.i.k.p.r.p.TestFile    ... finished proof: closed. 
112514     INFO  main            d.u.i.k.p.i.AbstractProblemLoader Loading environment from /home/runner/work/key/key/key.core/../key.ui/examples/standard_key/pred_log/tptp/SET/SET062p3.key.proof 
112514     DEBUG main            d.u.i.k.p.i.AbstractProblemLoader Environment load took 129.5ns 
112516     INFO  main            d.u.i.k.p.i.AbstractProblemLoader Creating init config 
114808     DEBUG main            d.u.i.k.p.i.AbstractProblemLoader Init config took 2.29s 
114822     INFO  main            d.u.i.k.p.i.AbstractProblemLoader Replaying proof SET062p3.key.proof 
114827     DEBUG main            d.u.i.k.p.i.IntermediateProofReplayer Proof replay took 2.1ms 
114828     DEBUG main            d.u.i.k.p.r.p.TestFile    ... success: reloaded. 
114829     INFO  main            d.u.i.k.p.r.p.TestFile    Now processing file /home/runner/work/key/key/key.core/../key.ui/examples/standard_key/pred_log/tptp/SET/SET063p3.key 
114829     INFO  main            d.u.i.k.p.i.AbstractProblemLoader Loading environment from /home/runner/work/key/key/key.core/../key.ui/examples/standard_key/pred_log/tptp/SET/SET063p3.key 
114829     DEBUG main            d.u.i.k.p.i.AbstractProblemLoader Environment load took 190.8ns 
114830     INFO  main            d.u.i.k.p.i.AbstractProblemLoader Creating init config 
117204     DEBUG main            d.u.i.k.p.i.AbstractProblemLoader Init config took 2.37s 
117219     INFO  main            d.u.i.k.p.i.AbstractProblemLoader Replaying proof SET063p3.key 
117220     DEBUG main            d.u.i.k.p.i.IntermediateProofReplayer Proof replay took 8.7ns 
117323     INFO  main            d.u.i.k.p.r.p.TestFile    ... finished proof: closed. 
117557     INFO  main            d.u.i.k.p.i.AbstractProblemLoader Loading environment from /home/runner/work/key/key/key.core/../key.ui/examples/standard_key/pred_log/tptp/SET/SET063p3.key.proof 
117558     DEBUG main            d.u.i.k.p.i.AbstractProblemLoader Environment load took 132.6ns 
117559     INFO  main            d.u.i.k.p.i.AbstractProblemLoader Creating init config 
119838     DEBUG main            d.u.i.k.p.i.AbstractProblemLoader Init config took 2.28s 
119852     INFO  main            d.u.i.k.p.i.AbstractProblemLoader Replaying proof SET063p3.key.proof 
119861     DEBUG main            d.u.i.k.p.i.IntermediateProofReplayer Proof replay took 2.86ms 
119862     DEBUG main            d.u.i.k.p.r.p.TestFile    ... success: reloaded. 
119863     INFO  main            d.u.i.k.p.r.p.TestFile    Now processing file /home/runner/work/key/key/key.core/../key.ui/examples/standard_key/pred_log/tptp/SYN/SYN036p2.key 
119863     INFO  main            d.u.i.k.p.i.AbstractProblemLoader Loading environment from /home/runner/work/key/key/key.core/../key.ui/examples/standard_key/pred_log/tptp/SYN/SYN036p2.key 
119863     DEBUG main            d.u.i.k.p.i.AbstractProblemLoader Environment load took 190.4ns 
119865     INFO  main            d.u.i.k.p.i.AbstractProblemLoader Creating init config 
122245     DEBUG main            d.u.i.k.p.i.AbstractProblemLoader Init config took 2.38s 
122259     INFO  main            d.u.i.k.p.i.AbstractProblemLoader Replaying proof SYN036p2.key 
122260     DEBUG main            d.u.i.k.p.i.IntermediateProofReplayer Proof replay took 6.6ns 
122568     INFO  main            d.u.i.k.p.r.p.TestFile    ... finished proof: closed. 
122812     INFO  main            d.u.i.k.p.i.AbstractProblemLoader Loading environment from /home/runner/work/key/key/key.core/../key.ui/examples/standard_key/pred_log/tptp/SYN/SYN036p2.key.proof 
122812     DEBUG main            d.u.i.k.p.i.AbstractProblemLoader Environment load took 365.8ns 
122814     INFO  main            d.u.i.k.p.i.AbstractProblemLoader Creating init config 
125084     DEBUG main            d.u.i.k.p.i.AbstractProblemLoader Init config took 2.27s 
125098     INFO  main            d.u.i.k.p.i.AbstractProblemLoader Replaying proof SYN036p2.key.proof 
125152     DEBUG main            d.u.i.k.p.i.IntermediateProofReplayer Proof replay took 46.47ms 
125154     DEBUG main            d.u.i.k.p.r.p.TestFile    ... success: reloaded. 
125155     INFO  main            d.u.i.k.p.r.p.TestFile    Now processing file /home/runner/work/key/key/key.core/../key.ui/examples/standard_key/pred_log/tptp/SYN/SYN550p1.key 
125155     INFO  main            d.u.i.k.p.i.AbstractProblemLoader Loading environment from /home/runner/work/key/key/key.core/../key.ui/examples/standard_key/pred_log/tptp/SYN/SYN550p1.key 
125155     DEBUG main            d.u.i.k.p.i.AbstractProblemLoader Environment load took 160.7ns 
125156     INFO  main            d.u.i.k.p.i.AbstractProblemLoader Creating init config 
127488     DEBUG main            d.u.i.k.p.i.AbstractProblemLoader Init config took 2.33s 
127501     INFO  main            d.u.i.k.p.i.AbstractProblemLoader Replaying proof SYN550p1.key 
127502     DEBUG main            d.u.i.k.p.i.IntermediateProofReplayer Proof replay took 6.5ns 
130240     INFO  main            d.u.i.k.p.r.p.TestFile    ... finished proof: closed. 
130497     INFO  main            d.u.i.k.p.i.AbstractProblemLoader Loading environment from /home/runner/work/key/key/key.core/../key.ui/examples/standard_key/pred_log/tptp/SYN/SYN550p1.key.proof 
130498     DEBUG main            d.u.i.k.p.i.AbstractProblemLoader Environment load took 393.4ns 
130499     INFO  main            d.u.i.k.p.i.AbstractProblemLoader Creating init config 
132765     DEBUG main            d.u.i.k.p.i.AbstractProblemLoader Init config took 2.27s 
132780     INFO  main            d.u.i.k.p.i.AbstractProblemLoader Replaying proof SYN550p1.key.proof 
132852     DEBUG main            d.u.i.k.p.i.IntermediateProofReplayer Proof replay took 63.31ms 
132853     DEBUG main            d.u.i.k.p.r.p.TestFile    ... success: reloaded. 
132855     INFO  main            d.u.i.k.p.r.p.TestFile    Now processing file /home/runner/work/key/key/key.core/../key.ui/examples/standard_key/prop_log/reallySimple.key 
132855     INFO  main            d.u.i.k.p.i.AbstractProblemLoader Loading environment from /home/runner/work/key/key/key.core/../key.ui/examples/standard_key/prop_log/reallySimple.key 
132856     DEBUG main            d.u.i.k.p.i.AbstractProblemLoader Environment load took 177.5ns 
132857     INFO  main            d.u.i.k.p.i.AbstractProblemLoader Creating init config 
135194     DEBUG main            d.u.i.k.p.i.AbstractProblemLoader Init config took 2.34s 
135210     INFO  main            d.u.i.k.p.i.AbstractProblemLoader Replaying proof reallySimple.key 
135212     DEBUG main            d.u.i.k.p.i.IntermediateProofReplayer Proof replay took 8.9ns 
135315     INFO  main            d.u.i.k.p.r.p.TestFile    ... finished proof: open goal(s) 
135589     INFO  main            d.u.i.k.p.r.p.TestFile    Now processing file /home/runner/work/key/key/key.core/../key.ui/examples/standard_key/pred_log/sameName1.key 
135589     INFO  main            d.u.i.k.p.i.AbstractProblemLoader Loading environment from /home/runner/work/key/key/key.core/../key.ui/examples/standard_key/pred_log/sameName1.key 
135589     DEBUG main            d.u.i.k.p.i.AbstractProblemLoader Environment load took 62.1ns 
135590     INFO  main            d.u.i.k.p.i.AbstractProblemLoader Creating init config 
137863     DEBUG main            d.u.i.k.p.i.AbstractProblemLoader Init config took 2.27s 
137877     INFO  main            d.u.i.k.p.i.AbstractProblemLoader Replaying proof sameName1.key 
137878     DEBUG main            d.u.i.k.p.i.IntermediateProofReplayer Proof replay took 7.8ns 
137982     INFO  main            d.u.i.k.p.r.p.TestFile    ... finished proof: open goal(s) 
138227     INFO  main            d.u.i.k.p.r.p.TestFile    Now processing file /home/runner/work/key/key/key.core/../key.ui/examples/standard_key/pred_log/jbyteIfEx.key 
138227     INFO  main            d.u.i.k.p.i.AbstractProblemLoader Loading environment from /home/runner/work/key/key/key.core/../key.ui/examples/standard_key/pred_log/jbyteIfEx.key 
138227     DEBUG main            d.u.i.k.p.i.AbstractProblemLoader Environment load took 65ns 
138229     INFO  main            d.u.i.k.p.i.AbstractProblemLoader Creating init config 
140539     DEBUG main            d.u.i.k.p.i.AbstractProblemLoader Init config took 2.31s 
140553     INFO  main            d.u.i.k.p.i.AbstractProblemLoader Replaying proof jbyteIfEx.key 
140554     DEBUG main            d.u.i.k.p.i.IntermediateProofReplayer Proof replay took 7.5ns 
140656     INFO  main            d.u.i.k.p.r.p.TestFile    ... finished proof: closed. 
140897     INFO  main            d.u.i.k.p.i.AbstractProblemLoader Loading environment from /home/runner/work/key/key/key.core/../key.ui/examples/standard_key/pred_log/jbyteIfEx.key.proof 
140897     DEBUG main            d.u.i.k.p.i.AbstractProblemLoader Environment load took 115.5ns 
140898     INFO  main            d.u.i.k.p.i.AbstractProblemLoader Creating init config 
143151     DEBUG main            d.u.i.k.p.i.AbstractProblemLoader Init config took 2.25s 
143165     INFO  main            d.u.i.k.p.i.AbstractProblemLoader Replaying proof jbyteIfEx.key.proof 
143170     DEBUG main            d.u.i.k.p.i.IntermediateProofReplayer Proof replay took 2.93ms 
143171     DEBUG main            d.u.i.k.p.r.p.TestFile    ... success: reloaded. 
143171     INFO  main            d.u.i.k.p.r.p.TestFile    Now processing file /home/runner/work/key/key/key.core/../key.ui/examples/standard_key/prop_log/allClausesLength4.key 
143172     INFO  main            d.u.i.k.p.i.AbstractProblemLoader Loading environment from /home/runner/work/key/key/key.core/../key.ui/examples/standard_key/prop_log/allClausesLength4.key 
143172     DEBUG main            d.u.i.k.p.i.AbstractProblemLoader Environment load took 168ns 
143173     INFO  main            d.u.i.k.p.i.AbstractProblemLoader Creating init config 
145531     DEBUG main            d.u.i.k.p.i.AbstractProblemLoader Init config took 2.36s 
145546     INFO  main            d.u.i.k.p.i.AbstractProblemLoader Replaying proof allClausesLength4.key 
145547     DEBUG main            d.u.i.k.p.i.IntermediateProofReplayer Proof replay took 7.4ns 
145650     INFO  main            d.u.i.k.p.r.p.TestFile    ... finished proof: closed. 
145912     INFO  main            d.u.i.k.p.i.AbstractProblemLoader Loading environment from /home/runner/work/key/key/key.core/../key.ui/examples/standard_key/prop_log/allClausesLength4.key.proof 
145912     DEBUG main            d.u.i.k.p.i.AbstractProblemLoader Environment load took 125.8ns 
145913     INFO  main            d.u.i.k.p.i.AbstractProblemLoader Creating init config 
148188     DEBUG main            d.u.i.k.p.i.AbstractProblemLoader Init config took 2.27s 
148202     INFO  main            d.u.i.k.p.i.AbstractProblemLoader Replaying proof allClausesLength4.key.proof 
148214     DEBUG main            d.u.i.k.p.i.IntermediateProofReplayer Proof replay took 8.83ms 
148215     DEBUG main            d.u.i.k.p.r.p.TestFile    ... success: reloaded. 
148216     INFO  main            d.u.i.k.p.r.p.TestFile    Now processing file /home/runner/work/key/key/key.core/../key.ui/examples/standard_key/prop_log/allClausesLength5.key 
148217     INFO  main            d.u.i.k.p.i.AbstractProblemLoader Loading environment from /home/runner/work/key/key/key.core/../key.ui/examples/standard_key/prop_log/allClausesLength5.key 
148217     DEBUG main            d.u.i.k.p.i.AbstractProblemLoader Environment load took 186.3ns 
148218     INFO  main            d.u.i.k.p.i.AbstractProblemLoader Creating init config 
150534     DEBUG main            d.u.i.k.p.i.AbstractProblemLoader Init config took 2.32s 
150548     INFO  main            d.u.i.k.p.i.AbstractProblemLoader Replaying proof allClausesLength5.key 
150550     DEBUG main            d.u.i.k.p.i.IntermediateProofReplayer Proof replay took 7ns 
150856     INFO  main            d.u.i.k.p.r.p.TestFile    ... finished proof: closed. 
151166     INFO  main            d.u.i.k.p.i.AbstractProblemLoader Loading environment from /home/runner/work/key/key/key.core/../key.ui/examples/standard_key/prop_log/allClausesLength5.key.proof 
151167     DEBUG main            d.u.i.k.p.i.AbstractProblemLoader Environment load took 1.65ms 
151169     INFO  main            d.u.i.k.p.i.AbstractProblemLoader Creating init config 
153457     DEBUG main            d.u.i.k.p.i.AbstractProblemLoader Init config took 2.29s 
153471     INFO  main            d.u.i.k.p.i.AbstractProblemLoader Replaying proof allClausesLength5.key.proof 
153499     DEBUG main            d.u.i.k.p.i.IntermediateProofReplayer Proof replay took 22.74ms 
153501     DEBUG main            d.u.i.k.p.r.p.TestFile    ... success: reloaded. 
153501     INFO  main            d.u.i.k.p.r.p.TestFile    Now processing file /home/runner/work/key/key/key.core/../key.ui/examples/standard_key/prop_log/doubleNeg.key 
153502     INFO  main            d.u.i.k.p.i.AbstractProblemLoader Loading environment from /home/runner/work/key/key/key.core/../key.ui/examples/standard_key/prop_log/doubleNeg.key 
153502     DEBUG main            d.u.i.k.p.i.AbstractProblemLoader Environment load took 89.5ns 
153503     INFO  main            d.u.i.k.p.i.AbstractProblemLoader Creating init config 
155834     DEBUG main            d.u.i.k.p.i.AbstractProblemLoader Init config took 2.33s 
155847     INFO  main            d.u.i.k.p.i.AbstractProblemLoader Replaying proof doubleNeg.key 
155849     DEBUG main            d.u.i.k.p.i.IntermediateProofReplayer Proof replay took 7.8ns 
155951     INFO  main            d.u.i.k.p.r.p.TestFile    ... finished proof: closed. 
156219     INFO  main            d.u.i.k.p.i.AbstractProblemLoader Loading environment from /home/runner/work/key/key/key.core/../key.ui/examples/standard_key/prop_log/doubleNeg.key.proof 
156220     DEBUG main            d.u.i.k.p.i.AbstractProblemLoader Environment load took 113.9ns 
156221     INFO  main            d.u.i.k.p.i.AbstractProblemLoader Creating init config 
158485     DEBUG main            d.u.i.k.p.i.AbstractProblemLoader Init config took 2.26s 
158500     INFO  main            d.u.i.k.p.i.AbstractProblemLoader Replaying proof doubleNeg.key.proof 
158502     DEBUG main            d.u.i.k.p.i.IntermediateProofReplayer Proof replay took 382.4ns 
158503     DEBUG main            d.u.i.k.p.r.p.TestFile    ... success: reloaded. 
158503     INFO  main            d.u.i.k.p.r.p.TestFile    Now processing file /home/runner/work/key/key/key.core/../key.ui/examples/standard_key/prop_log/liarsville.key 
158504     INFO  main            d.u.i.k.p.i.AbstractProblemLoader Loading environment from /home/runner/work/key/key/key.core/../key.ui/examples/standard_key/prop_log/liarsville.key 
158504     DEBUG main            d.u.i.k.p.i.AbstractProblemLoader Environment load took 193ns 
158505     INFO  main            d.u.i.k.p.i.AbstractProblemLoader Creating init config 
160837     DEBUG main            d.u.i.k.p.i.AbstractProblemLoader Init config took 2.33s 
160851     INFO  main            d.u.i.k.p.i.AbstractProblemLoader Replaying proof liarsville.key 
160852     DEBUG main            d.u.i.k.p.i.IntermediateProofReplayer Proof replay took 8.3ns 
160956     INFO  main            d.u.i.k.p.r.p.TestFile    ... finished proof: closed. 
161235     INFO  main            d.u.i.k.p.i.AbstractProblemLoader Loading environment from /home/runner/work/key/key/key.core/../key.ui/examples/standard_key/prop_log/liarsville.key.proof 
161235     DEBUG main            d.u.i.k.p.i.AbstractProblemLoader Environment load took 122.6ns 
161236     INFO  main            d.u.i.k.p.i.AbstractProblemLoader Creating init config 
163508     DEBUG main            d.u.i.k.p.i.AbstractProblemLoader Init config took 2.27s 
163521     INFO  main            d.u.i.k.p.i.AbstractProblemLoader Replaying proof liarsville.key.proof 
163524     DEBUG main            d.u.i.k.p.i.IntermediateProofReplayer Proof replay took 890.51ns 
163525     DEBUG main            d.u.i.k.p.r.p.TestFile    ... success: reloaded. 
163525     INFO  main            d.u.i.k.p.r.p.TestFile    Now processing file /home/runner/work/key/key/key.core/../key.ui/examples/standard_key/prop_log/simplest.key 
163525     INFO  main            d.u.i.k.p.i.AbstractProblemLoader Loading environment from /home/runner/work/key/key/key.core/../key.ui/examples/standard_key/prop_log/simplest.key 
163526     DEBUG main            d.u.i.k.p.i.AbstractProblemLoader Environment load took 87.6ns 
163526     INFO  main            d.u.i.k.p.i.AbstractProblemLoader Creating init config 
165841     DEBUG main            d.u.i.k.p.i.AbstractProblemLoader Init config took 2.31s 
165854     INFO  main            d.u.i.k.p.i.AbstractProblemLoader Replaying proof simplest.key 
165855     DEBUG main            d.u.i.k.p.i.IntermediateProofReplayer Proof replay took 8.1ns 
165957     INFO  main            d.u.i.k.p.r.p.TestFile    ... finished proof: closed. 
166229     INFO  main            d.u.i.k.p.i.AbstractProblemLoader Loading environment from /home/runner/work/key/key/key.core/../key.ui/examples/standard_key/prop_log/simplest.key.proof 
166229     DEBUG main            d.u.i.k.p.i.AbstractProblemLoader Environment load took 104.6ns 
166230     INFO  main            d.u.i.k.p.i.AbstractProblemLoader Creating init config 
168475     DEBUG main            d.u.i.k.p.i.AbstractProblemLoader Init config took 2.25s 
168488     INFO  main            d.u.i.k.p.i.AbstractProblemLoader Replaying proof simplest.key.proof 
168490     DEBUG main            d.u.i.k.p.i.IntermediateProofReplayer Proof replay took 94.6ns 
168490     DEBUG main            d.u.i.k.p.r.p.TestFile    ... success: reloaded. 
168491     INFO  main            d.u.i.k.p.r.p.TestFile    Now processing file /home/runner/work/key/key/key.core/../key.ui/examples/standard_key/prop_log/contraposition.key 
168491     INFO  main            d.u.i.k.p.i.AbstractProblemLoader Loading environment from /home/runner/work/key/key/key.core/../key.ui/examples/standard_key/prop_log/contraposition.key 
168491     DEBUG main            d.u.i.k.p.i.AbstractProblemLoader Environment load took 96.3ns 
168492     INFO  main            d.u.i.k.p.i.AbstractProblemLoader Creating init config 
170784     DEBUG main            d.u.i.k.p.i.AbstractProblemLoader Init config took 2.29s 
170798     INFO  main            d.u.i.k.p.i.AbstractProblemLoader Replaying proof contraposition.key 
170799     DEBUG main            d.u.i.k.p.i.IntermediateProofReplayer Proof replay took 8.1ns 
170901     INFO  main            d.u.i.k.p.r.p.TestFile    ... finished proof: closed. 
171181     INFO  main            d.u.i.k.p.i.AbstractProblemLoader Loading environment from /home/runner/work/key/key/key.core/../key.ui/examples/standard_key/prop_log/contraposition.key.proof 
171181     DEBUG main            d.u.i.k.p.i.AbstractProblemLoader Environment load took 101.2ns 
171182     INFO  main            d.u.i.k.p.i.AbstractProblemLoader Creating init config 
173425     DEBUG main            d.u.i.k.p.i.AbstractProblemLoader Init config took 2.24s 
173438     INFO  main            d.u.i.k.p.i.AbstractProblemLoader Replaying proof contraposition.key.proof 
173440     DEBUG main            d.u.i.k.p.i.IntermediateProofReplayer Proof replay took 461.5ns 
173441     DEBUG main            d.u.i.k.p.r.p.TestFile    ... success: reloaded. 
173442     INFO  main            d.u.i.k.p.r.p.TestFile    Now processing file /home/runner/work/key/key/key.core/../key.ui/examples/standard_key/quantifiers/elimination0.key 
173442     INFO  main            d.u.i.k.p.i.AbstractProblemLoader Loading environment from /home/runner/work/key/key/key.core/../key.ui/examples/standard_key/quantifiers/elimination0.key 
173442     DEBUG main            d.u.i.k.p.i.AbstractProblemLoader Environment load took 86.6ns 
173443     INFO  main            d.u.i.k.p.i.AbstractProblemLoader Creating init config 
175765     DEBUG main            d.u.i.k.p.i.AbstractProblemLoader Init config took 2.32s 
175778     INFO  main            d.u.i.k.p.i.AbstractProblemLoader Replaying proof elimination0.key 
175780     DEBUG main            d.u.i.k.p.i.IntermediateProofReplayer Proof replay took 7.2ns 
175882     INFO  main            d.u.i.k.p.r.p.TestFile    ... finished proof: closed. 
176165     INFO  main            d.u.i.k.p.i.AbstractProblemLoader Loading environment from /home/runner/work/key/key/key.core/../key.ui/examples/standard_key/quantifiers/elimination0.key.proof 
176165     DEBUG main            d.u.i.k.p.i.AbstractProblemLoader Environment load took 104.3ns 
176166     INFO  main            d.u.i.k.p.i.AbstractProblemLoader Creating init config 
178420     DEBUG main            d.u.i.k.p.i.AbstractProblemLoader Init config took 2.25s 
178433     INFO  main            d.u.i.k.p.i.AbstractProblemLoader Replaying proof elimination0.key.proof 
178436     DEBUG main            d.u.i.k.p.i.IntermediateProofReplayer Proof replay took 895.81ns 
178436     DEBUG main            d.u.i.k.p.r.p.TestFile    ... success: reloaded. 
178437     INFO  main            d.u.i.k.p.r.p.TestFile    Now processing file /home/runner/work/key/key/key.core/../key.ui/examples/standard_key/quantifiers/heuristic_PUZ001p1-eq.key 
178438     INFO  main            d.u.i.k.p.i.AbstractProblemLoader Loading environment from /home/runner/work/key/key/key.core/../key.ui/examples/standard_key/quantifiers/heuristic_PUZ001p1-eq.key 
178438     DEBUG main            d.u.i.k.p.i.AbstractProblemLoader Environment load took 83.1ns 
178439     INFO  main            d.u.i.k.p.i.AbstractProblemLoader Creating init config 
180757     DEBUG main            d.u.i.k.p.i.AbstractProblemLoader Init config took 2.32s 
180771     INFO  main            d.u.i.k.p.i.AbstractProblemLoader Replaying proof heuristic_PUZ001p1-eq.key 
180773     DEBUG main            d.u.i.k.p.i.IntermediateProofReplayer Proof replay took 8.2ns 
180875     INFO  main            d.u.i.k.p.r.p.TestFile    ... finished proof: closed. 
181167     INFO  main            d.u.i.k.p.i.AbstractProblemLoader Loading environment from /home/runner/work/key/key/key.core/../key.ui/examples/standard_key/quantifiers/heuristic_PUZ001p1-eq.key.proof 
181167     DEBUG main            d.u.i.k.p.i.AbstractProblemLoader Environment load took 114.3ns 
181169     INFO  main            d.u.i.k.p.i.AbstractProblemLoader Creating init config 
183429     DEBUG main            d.u.i.k.p.i.AbstractProblemLoader Init config took 2.26s 
183443     INFO  main            d.u.i.k.p.i.AbstractProblemLoader Replaying proof heuristic_PUZ001p1-eq.key.proof 
183451     DEBUG main            d.u.i.k.p.i.IntermediateProofReplayer Proof replay took 6ms 
183452     DEBUG main            d.u.i.k.p.r.p.TestFile    ... success: reloaded. 
183453     INFO  main            d.u.i.k.p.r.p.TestFile    Now processing file /home/runner/work/key/key/key.core/../key.ui/examples/standard_key/quantifiers/heuristic_PUZ001p1.key 
183453     INFO  main            d.u.i.k.p.i.AbstractProblemLoader Loading environment from /home/runner/work/key/key/key.core/../key.ui/examples/standard_key/quantifiers/heuristic_PUZ001p1.key 
183453     DEBUG main            d.u.i.k.p.i.AbstractProblemLoader Environment load took 113.4ns 
183455     INFO  main            d.u.i.k.p.i.AbstractProblemLoader Creating init config 
185762     DEBUG main            d.u.i.k.p.i.AbstractProblemLoader Init config took 2.31s 
185777     INFO  main            d.u.i.k.p.i.AbstractProblemLoader Replaying proof heuristic_PUZ001p1.key 
185778     DEBUG main            d.u.i.k.p.i.IntermediateProofReplayer Proof replay took 7ns 
187093     INFO  main            d.u.i.k.p.r.p.TestFile    ... finished proof: closed. 
187414     INFO  main            d.u.i.k.p.i.AbstractProblemLoader Loading environment from /home/runner/work/key/key/key.core/../key.ui/examples/standard_key/quantifiers/heuristic_PUZ001p1.key.proof 
187414     DEBUG main            d.u.i.k.p.i.AbstractProblemLoader Environment load took 391.11ns 
187416     INFO  main            d.u.i.k.p.i.AbstractProblemLoader Creating init config 
189690     DEBUG main            d.u.i.k.p.i.AbstractProblemLoader Init config took 2.27s 
189707     INFO  main            d.u.i.k.p.i.AbstractProblemLoader Replaying proof heuristic_PUZ001p1.key.proof 
189738     DEBUG main            d.u.i.k.p.i.IntermediateProofReplayer Proof replay took 26.07ms 
189739     DEBUG main            d.u.i.k.p.r.p.TestFile    ... success: reloaded. 
189740     INFO  main            d.u.i.k.p.r.p.TestFile    Now processing file /home/runner/work/key/key/key.core/../key.ui/examples/standard_key/quantifiers/heuristic_PUZ031p1.key 
189740     INFO  main            d.u.i.k.p.i.AbstractProblemLoader Loading environment from /home/runner/work/key/key/key.core/../key.ui/examples/standard_key/quantifiers/heuristic_PUZ031p1.key 
189740     DEBUG main            d.u.i.k.p.i.AbstractProblemLoader Environment load took 73ns 
189742     INFO  main            d.u.i.k.p.i.AbstractProblemLoader Creating init config 
192044     DEBUG main            d.u.i.k.p.i.AbstractProblemLoader Init config took 2.3s 
192059     INFO  main            d.u.i.k.p.i.AbstractProblemLoader Replaying proof heuristic_PUZ031p1.key 
192061     DEBUG main            d.u.i.k.p.i.IntermediateProofReplayer Proof replay took 8.8ns 
196670     INFO  main            d.u.i.k.p.r.p.TestFile    ... finished proof: closed. 
197001     INFO  main            d.u.i.k.p.i.AbstractProblemLoader Loading environment from /home/runner/work/key/key/key.core/../key.ui/examples/standard_key/quantifiers/heuristic_PUZ031p1.key.proof 
197004     DEBUG main            d.u.i.k.p.i.AbstractProblemLoader Environment load took 2.92ms 
197007     INFO  main            d.u.i.k.p.i.AbstractProblemLoader Creating init config 
199260     DEBUG main            d.u.i.k.p.i.AbstractProblemLoader Init config took 2.25s 
199276     INFO  main            d.u.i.k.p.i.AbstractProblemLoader Replaying proof heuristic_PUZ031p1.key.proof 
199313     DEBUG main            d.u.i.k.p.i.IntermediateProofReplayer Proof replay took 32.92ms 
199314     DEBUG main            d.u.i.k.p.r.p.TestFile    ... success: reloaded. 
199315     INFO  main            d.u.i.k.p.r.p.TestFile    Now processing file /home/runner/work/key/key/key.core/../key.ui/examples/standard_key/quantifiers/heuristic_SYN036p2.key 
199315     INFO  main            d.u.i.k.p.i.AbstractProblemLoader Loading environment from /home/runner/work/key/key/key.core/../key.ui/examples/standard_key/quantifiers/heuristic_SYN036p2.key 
199316     DEBUG main            d.u.i.k.p.i.AbstractProblemLoader Environment load took 183.3ns 
199317     INFO  main            d.u.i.k.p.i.AbstractProblemLoader Creating init config 
201631     DEBUG main            d.u.i.k.p.i.AbstractProblemLoader Init config took 2.31s 
201645     INFO  main            d.u.i.k.p.i.AbstractProblemLoader Replaying proof heuristic_SYN036p2.key 
201647     DEBUG main            d.u.i.k.p.i.IntermediateProofReplayer Proof replay took 7.6ns 
201852     INFO  main            d.u.i.k.p.r.p.TestFile    ... finished proof: closed. 
202193     INFO  main            d.u.i.k.p.i.AbstractProblemLoader Loading environment from /home/runner/work/key/key/key.core/../key.ui/examples/standard_key/quantifiers/heuristic_SYN036p2.key.proof 
202193     DEBUG main            d.u.i.k.p.i.AbstractProblemLoader Environment load took 402.3ns 
202195     INFO  main            d.u.i.k.p.i.AbstractProblemLoader Creating init config 
204448     DEBUG main            d.u.i.k.p.i.AbstractProblemLoader Init config took 2.25s 
204462     INFO  main            d.u.i.k.p.i.AbstractProblemLoader Replaying proof heuristic_SYN036p2.key.proof 
204505     DEBUG main            d.u.i.k.p.i.IntermediateProofReplayer Proof replay took 35.63ms 
204506     DEBUG main            d.u.i.k.p.r.p.TestFile    ... success: reloaded. 
204507     INFO  main            d.u.i.k.p.r.p.TestFile    Now processing file /home/runner/work/key/key/key.core/../key.ui/examples/standard_key/quantifiers/injectivity.key 
204507     INFO  main            d.u.i.k.p.i.AbstractProblemLoader Loading environment from /home/runner/work/key/key/key.core/../key.ui/examples/standard_key/quantifiers/injectivity.key 
204508     DEBUG main            d.u.i.k.p.i.AbstractProblemLoader Environment load took 93ns 
204508     INFO  main            d.u.i.k.p.i.AbstractProblemLoader Creating init config 
206803     DEBUG main            d.u.i.k.p.i.AbstractProblemLoader Init config took 2.29s 
206817     INFO  main            d.u.i.k.p.i.AbstractProblemLoader Replaying proof injectivity.key 
206818     DEBUG main            d.u.i.k.p.i.IntermediateProofReplayer Proof replay took 7.5ns 
206920     INFO  main            d.u.i.k.p.r.p.TestFile    ... finished proof: closed. 
207237     INFO  main            d.u.i.k.p.i.AbstractProblemLoader Loading environment from /home/runner/work/key/key/key.core/../key.ui/examples/standard_key/quantifiers/injectivity.key.proof 
207237     DEBUG main            d.u.i.k.p.i.AbstractProblemLoader Environment load took 101.1ns 
207239     INFO  main            d.u.i.k.p.i.AbstractProblemLoader Creating init config 
209491     DEBUG main            d.u.i.k.p.i.AbstractProblemLoader Init config took 2.25s 
209505     INFO  main            d.u.i.k.p.i.AbstractProblemLoader Replaying proof injectivity.key.proof 
209507     DEBUG main            d.u.i.k.p.i.IntermediateProofReplayer Proof replay took 1.04ms 
209508     DEBUG main            d.u.i.k.p.r.p.TestFile    ... success: reloaded. 
209509     INFO  main            d.u.i.k.p.r.p.TestFile    Now processing file /home/runner/work/key/key/key.core/../key.ui/examples/standard_key/quantifiers/normalisation0.key 
209510     INFO  main            d.u.i.k.p.i.AbstractProblemLoader Loading environment from /home/runner/work/key/key/key.core/../key.ui/examples/standard_key/quantifiers/normalisation0.key 
209510     DEBUG main            d.u.i.k.p.i.AbstractProblemLoader Environment load took 91.8ns 
209511     INFO  main            d.u.i.k.p.i.AbstractProblemLoader Creating init config 
211803     DEBUG main            d.u.i.k.p.i.AbstractProblemLoader Init config took 2.29s 
211816     INFO  main            d.u.i.k.p.i.AbstractProblemLoader Replaying proof normalisation0.key 
211818     DEBUG main            d.u.i.k.p.i.IntermediateProofReplayer Proof replay took 7.7ns 
211924     INFO  main            d.u.i.k.p.r.p.TestFile    ... finished proof: closed. 
212247     INFO  main            d.u.i.k.p.i.AbstractProblemLoader Loading environment from /home/runner/work/key/key/key.core/../key.ui/examples/standard_key/quantifiers/normalisation0.key.proof 
212247     DEBUG main            d.u.i.k.p.i.AbstractProblemLoader Environment load took 113.8ns 
212249     INFO  main            d.u.i.k.p.i.AbstractProblemLoader Creating init config 
214494     DEBUG main            d.u.i.k.p.i.AbstractProblemLoader Init config took 2.24s 
214509     INFO  main            d.u.i.k.p.i.AbstractProblemLoader Replaying proof normalisation0.key.proof 
214512     DEBUG main            d.u.i.k.p.i.IntermediateProofReplayer Proof replay took 981.41ns 
214513     DEBUG main            d.u.i.k.p.r.p.TestFile    ... success: reloaded. 
214513     INFO  main            d.u.i.k.p.r.p.TestFile    Now processing file /home/runner/work/key/key/key.core/../key.ui/examples/standard_key/quantifiers/normalisation1.key 
214514     INFO  main            d.u.i.k.p.i.AbstractProblemLoader Loading environment from /home/runner/work/key/key/key.core/../key.ui/examples/standard_key/quantifiers/normalisation1.key 
214514     DEBUG main            d.u.i.k.p.i.AbstractProblemLoader Environment load took 84ns 
214515     INFO  main            d.u.i.k.p.i.AbstractProblemLoader Creating init config 
216818     DEBUG main            d.u.i.k.p.i.AbstractProblemLoader Init config took 2.3s 
216834     INFO  main            d.u.i.k.p.i.AbstractProblemLoader Replaying proof normalisation1.key 
216835     DEBUG main            d.u.i.k.p.i.IntermediateProofReplayer Proof replay took 8.1ns 
216940     INFO  main            d.u.i.k.p.r.p.TestFile    ... finished proof: closed. 
217260     INFO  main            d.u.i.k.p.i.AbstractProblemLoader Loading environment from /home/runner/work/key/key/key.core/../key.ui/examples/standard_key/quantifiers/normalisation1.key.proof 
217260     DEBUG main            d.u.i.k.p.i.AbstractProblemLoader Environment load took 125.2ns 
217261     INFO  main            d.u.i.k.p.i.AbstractProblemLoader Creating init config 
219515     DEBUG main            d.u.i.k.p.i.AbstractProblemLoader Init config took 2.25s 
219529     INFO  main            d.u.i.k.p.i.AbstractProblemLoader Replaying proof normalisation1.key.proof 
219531     DEBUG main            d.u.i.k.p.i.IntermediateProofReplayer Proof replay took 805.31ns 
219532     DEBUG main            d.u.i.k.p.r.p.TestFile    ... success: reloaded. 
219533     INFO  main            d.u.i.k.p.r.p.TestFile    Now processing file /home/runner/work/key/key/key.core/../key.ui/examples/standard_key/quantifiers/normalisation2.key 
219533     INFO  main            d.u.i.k.p.i.AbstractProblemLoader Loading environment from /home/runner/work/key/key/key.core/../key.ui/examples/standard_key/quantifiers/normalisation2.key 
219533     DEBUG main            d.u.i.k.p.i.AbstractProblemLoader Environment load took 68.2ns 
219534     INFO  main            d.u.i.k.p.i.AbstractProblemLoader Creating init config 
221825     DEBUG main            d.u.i.k.p.i.AbstractProblemLoader Init config took 2.29s 
221838     INFO  main            d.u.i.k.p.i.AbstractProblemLoader Replaying proof normalisation2.key 
221840     DEBUG main            d.u.i.k.p.i.IntermediateProofReplayer Proof replay took 6.7ns 
221941     INFO  main            d.u.i.k.p.r.p.TestFile    ... finished proof: closed. 
222259     INFO  main            d.u.i.k.p.i.AbstractProblemLoader Loading environment from /home/runner/work/key/key/key.core/../key.ui/examples/standard_key/quantifiers/normalisation2.key.proof 
222260     DEBUG main            d.u.i.k.p.i.AbstractProblemLoader Environment load took 119.3ns 
222261     INFO  main            d.u.i.k.p.i.AbstractProblemLoader Creating init config 
224511     DEBUG main            d.u.i.k.p.i.AbstractProblemLoader Init config took 2.25s 
224525     INFO  main            d.u.i.k.p.i.AbstractProblemLoader Replaying proof normalisation2.key.proof 
224528     DEBUG main            d.u.i.k.p.i.IntermediateProofReplayer Proof replay took 1.05ms 
224529     DEBUG main            d.u.i.k.p.r.p.TestFile    ... success: reloaded. 
224529     INFO  main            d.u.i.k.p.r.p.TestFile    Now processing file /home/runner/work/key/key/key.core/../key.ui/examples/standard_key/quantifiers/normalisation3.key 
224530     INFO  main            d.u.i.k.p.i.AbstractProblemLoader Loading environment from /home/runner/work/key/key/key.core/../key.ui/examples/standard_key/quantifiers/normalisation3.key 
224530     DEBUG main            d.u.i.k.p.i.AbstractProblemLoader Environment load took 55ns 
224531     INFO  main            d.u.i.k.p.i.AbstractProblemLoader Creating init config 
226812     DEBUG main            d.u.i.k.p.i.AbstractProblemLoader Init config took 2.28s 
226825     INFO  main            d.u.i.k.p.i.AbstractProblemLoader Replaying proof normalisation3.key 
226827     DEBUG main            d.u.i.k.p.i.IntermediateProofReplayer Proof replay took 8ns 
226929     INFO  main            d.u.i.k.p.r.p.TestFile    ... finished proof: closed. 
227254     INFO  main            d.u.i.k.p.i.AbstractProblemLoader Loading environment from /home/runner/work/key/key/key.core/../key.ui/examples/standard_key/quantifiers/normalisation3.key.proof 
227255     DEBUG main            d.u.i.k.p.i.AbstractProblemLoader Environment load took 100.5ns 
227256     INFO  main            d.u.i.k.p.i.AbstractProblemLoader Creating init config 
229489     DEBUG main            d.u.i.k.p.i.AbstractProblemLoader Init config took 2.23s 
229503     INFO  main            d.u.i.k.p.i.AbstractProblemLoader Replaying proof normalisation3.key.proof 
229505     DEBUG main            d.u.i.k.p.i.IntermediateProofReplayer Proof replay took 1.25ms 
229506     DEBUG main            d.u.i.k.p.r.p.TestFile    ... success: reloaded. 
229507     INFO  main            d.u.i.k.p.r.p.TestFile    Now processing file /home/runner/work/key/key/key.core/../key.ui/examples/standard_key/quantifiers/normalisation4.key 
229507     INFO  main            d.u.i.k.p.i.AbstractProblemLoader Loading environment from /home/runner/work/key/key/key.core/../key.ui/examples/standard_key/quantifiers/normalisation4.key 
229507     DEBUG main            d.u.i.k.p.i.AbstractProblemLoader Environment load took 69.1ns 
229508     INFO  main            d.u.i.k.p.i.AbstractProblemLoader Creating init config 
231803     DEBUG main            d.u.i.k.p.i.AbstractProblemLoader Init config took 2.29s 
231816     INFO  main            d.u.i.k.p.i.AbstractProblemLoader Replaying proof normalisation4.key 
231818     DEBUG main            d.u.i.k.p.i.IntermediateProofReplayer Proof replay took 8ns 
231920     INFO  main            d.u.i.k.p.r.p.TestFile    ... finished proof: closed. 
232263     INFO  main            d.u.i.k.p.i.AbstractProblemLoader Loading environment from /home/runner/work/key/key/key.core/../key.ui/examples/standard_key/quantifiers/normalisation4.key.proof 
232263     DEBUG main            d.u.i.k.p.i.AbstractProblemLoader Environment load took 97.8ns 
232264     INFO  main            d.u.i.k.p.i.AbstractProblemLoader Creating init config 
234499     DEBUG main            d.u.i.k.p.i.AbstractProblemLoader Init config took 2.23s 
234512     INFO  main            d.u.i.k.p.i.AbstractProblemLoader Replaying proof normalisation4.key.proof 
234516     DEBUG main            d.u.i.k.p.i.IntermediateProofReplayer Proof replay took 2.07ms 
234517     DEBUG main            d.u.i.k.p.r.p.TestFile    ... success: reloaded. 
234518     INFO  main            d.u.i.k.p.r.p.TestFile    Now processing file /home/runner/work/key/key/key.core/../key.ui/examples/standard_key/quantifiers/normalisation5.key 
234518     INFO  main            d.u.i.k.p.i.AbstractProblemLoader Loading environment from /home/runner/work/key/key/key.core/../key.ui/examples/standard_key/quantifiers/normalisation5.key 
234518     DEBUG main            d.u.i.k.p.i.AbstractProblemLoader Environment load took 53.1ns 
234519     INFO  main            d.u.i.k.p.i.AbstractProblemLoader Creating init config 
236835     DEBUG main            d.u.i.k.p.i.AbstractProblemLoader Init config took 2.32s 
236848     INFO  main            d.u.i.k.p.i.AbstractProblemLoader Replaying proof normalisation5.key 
236850     DEBUG main            d.u.i.k.p.i.IntermediateProofReplayer Proof replay took 8.9ns 
236952     INFO  main            d.u.i.k.p.r.p.TestFile    ... finished proof: closed. 
237289     INFO  main            d.u.i.k.p.i.AbstractProblemLoader Loading environment from /home/runner/work/key/key/key.core/../key.ui/examples/standard_key/quantifiers/normalisation5.key.proof 
237289     DEBUG main            d.u.i.k.p.i.AbstractProblemLoader Environment load took 110.6ns 
237290     INFO  main            d.u.i.k.p.i.AbstractProblemLoader Creating init config 
239545     DEBUG main            d.u.i.k.p.i.AbstractProblemLoader Init config took 2.25s 
239558     INFO  main            d.u.i.k.p.i.AbstractProblemLoader Replaying proof normalisation5.key.proof 
239568     DEBUG main            d.u.i.k.p.i.IntermediateProofReplayer Proof replay took 8.64ms 
239569     DEBUG main            d.u.i.k.p.r.p.TestFile    ... success: reloaded. 
239571     INFO  main            d.u.i.k.p.r.p.TestFile    Now processing file /home/runner/work/key/key/key.core/../key.ui/examples/standard_key/quantifiers/normalisation6.key 
239571     INFO  main            d.u.i.k.p.i.AbstractProblemLoader Loading environment from /home/runner/work/key/key/key.core/../key.ui/examples/standard_key/quantifiers/normalisation6.key 
239575     DEBUG main            d.u.i.k.p.i.AbstractProblemLoader Environment load took 4.28ms 
239576     INFO  main            d.u.i.k.p.i.AbstractProblemLoader Creating init config 
241874     DEBUG main            d.u.i.k.p.i.AbstractProblemLoader Init config took 2.3s 
241887     INFO  main            d.u.i.k.p.i.AbstractProblemLoader Replaying proof normalisation6.key 
241889     DEBUG main            d.u.i.k.p.i.IntermediateProofReplayer Proof replay took 7.1ns 
241991     INFO  main            d.u.i.k.p.r.p.TestFile    ... finished proof: closed. 
242339     INFO  main            d.u.i.k.p.i.AbstractProblemLoader Loading environment from /home/runner/work/key/key/key.core/../key.ui/examples/standard_key/quantifiers/normalisation6.key.proof 
242339     DEBUG main            d.u.i.k.p.i.AbstractProblemLoader Environment load took 130.5ns 
242341     INFO  main            d.u.i.k.p.i.AbstractProblemLoader Creating init config 
244601     DEBUG main            d.u.i.k.p.i.AbstractProblemLoader Init config took 2.26s 
244615     INFO  main            d.u.i.k.p.i.AbstractProblemLoader Replaying proof normalisation6.key.proof 
244618     DEBUG main            d.u.i.k.p.i.IntermediateProofReplayer Proof replay took 1.13ms 
244619     DEBUG main            d.u.i.k.p.r.p.TestFile    ... success: reloaded. 
244620     INFO  main            d.u.i.k.p.r.p.TestFile    Now processing file /home/runner/work/key/key/key.core/../key.ui/examples/standard_key/quantifiers/normalisation7.key 
244620     INFO  main            d.u.i.k.p.i.AbstractProblemLoader Loading environment from /home/runner/work/key/key/key.core/../key.ui/examples/standard_key/quantifiers/normalisation7.key 
244620     DEBUG main            d.u.i.k.p.i.AbstractProblemLoader Environment load took 54.9ns 
244621     INFO  main            d.u.i.k.p.i.AbstractProblemLoader Creating init config 
246917     DEBUG main            d.u.i.k.p.i.AbstractProblemLoader Init config took 2.3s 
246931     INFO  main            d.u.i.k.p.i.AbstractProblemLoader Replaying proof normalisation7.key 
246932     DEBUG main            d.u.i.k.p.i.IntermediateProofReplayer Proof replay took 8.3ns 
247034     INFO  main            d.u.i.k.p.r.p.TestFile    ... finished proof: closed. 
247389     INFO  main            d.u.i.k.p.i.AbstractProblemLoader Loading environment from /home/runner/work/key/key/key.core/../key.ui/examples/standard_key/quantifiers/normalisation7.key.proof 
247389     DEBUG main            d.u.i.k.p.i.AbstractProblemLoader Environment load took 120.2ns 
247390     INFO  main            d.u.i.k.p.i.AbstractProblemLoader Creating init config 
249646     DEBUG main            d.u.i.k.p.i.AbstractProblemLoader Init config took 2.26s 
249660     INFO  main            d.u.i.k.p.i.AbstractProblemLoader Replaying proof normalisation7.key.proof 
249663     DEBUG main            d.u.i.k.p.i.IntermediateProofReplayer Proof replay took 1.17ms 
249664     DEBUG main            d.u.i.k.p.r.p.TestFile    ... success: reloaded. 
249665     INFO  main            d.u.i.k.p.r.p.TestFile    Now processing file /home/runner/work/key/key/key.core/../key.ui/examples/standard_key/quantifiers/normalisation8.key 
249665     INFO  main            d.u.i.k.p.i.AbstractProblemLoader Loading environment from /home/runner/work/key/key/key.core/../key.ui/examples/standard_key/quantifiers/normalisation8.key 
249665     DEBUG main            d.u.i.k.p.i.AbstractProblemLoader Environment load took 60.5ns 
249666     INFO  main            d.u.i.k.p.i.AbstractProblemLoader Creating init config 
251942     DEBUG main            d.u.i.k.p.i.AbstractProblemLoader Init config took 2.28s 
251958     INFO  main            d.u.i.k.p.i.AbstractProblemLoader Replaying proof normalisation8.key 
251960     DEBUG main            d.u.i.k.p.i.IntermediateProofReplayer Proof replay took 7.4ns 
252062     INFO  main            d.u.i.k.p.r.p.TestFile    ... finished proof: closed. 
252428     INFO  main            d.u.i.k.p.i.AbstractProblemLoader Loading environment from /home/runner/work/key/key/key.core/../key.ui/examples/standard_key/quantifiers/normalisation8.key.proof 
252428     DEBUG main            d.u.i.k.p.i.AbstractProblemLoader Environment load took 101ns 
252430     INFO  main            d.u.i.k.p.i.AbstractProblemLoader Creating init config 
254679     DEBUG main            d.u.i.k.p.i.AbstractProblemLoader Init config took 2.25s 
254693     INFO  main            d.u.i.k.p.i.AbstractProblemLoader Replaying proof normalisation8.key.proof 
254697     DEBUG main            d.u.i.k.p.i.IntermediateProofReplayer Proof replay took 2.41ms 
254698     DEBUG main            d.u.i.k.p.r.p.TestFile    ... success: reloaded. 
254698     INFO  main            d.u.i.k.p.r.p.TestFile    Now processing file /home/runner/work/key/key/key.core/../key.ui/examples/standard_key/quantifiers/normalisation9.key 
254698     INFO  main            d.u.i.k.p.i.AbstractProblemLoader Loading environment from /home/runner/work/key/key/key.core/../key.ui/examples/standard_key/quantifiers/normalisation9.key 
254699     DEBUG main            d.u.i.k.p.i.AbstractProblemLoader Environment load took 63.3ns 
254700     INFO  main            d.u.i.k.p.i.AbstractProblemLoader Creating init config 
256992     DEBUG main            d.u.i.k.p.i.AbstractProblemLoader Init config took 2.29s 
257005     INFO  main            d.u.i.k.p.i.AbstractProblemLoader Replaying proof normalisation9.key 
257007     DEBUG main            d.u.i.k.p.i.IntermediateProofReplayer Proof replay took 7.8ns 
257109     INFO  main            d.u.i.k.p.r.p.TestFile    ... finished proof: closed. 
257469     INFO  main            d.u.i.k.p.i.AbstractProblemLoader Loading environment from /home/runner/work/key/key/key.core/../key.ui/examples/standard_key/quantifiers/normalisation9.key.proof 
257469     DEBUG main            d.u.i.k.p.i.AbstractProblemLoader Environment load took 92.8ns 
257470     INFO  main            d.u.i.k.p.i.AbstractProblemLoader Creating init config 
259709     DEBUG main            d.u.i.k.p.i.AbstractProblemLoader Init config took 2.24s 
259724     INFO  main            d.u.i.k.p.i.AbstractProblemLoader Replaying proof normalisation9.key.proof 
259728     DEBUG main            d.u.i.k.p.i.IntermediateProofReplayer Proof replay took 2.36ms 
259729     DEBUG main            d.u.i.k.p.r.p.TestFile    ... success: reloaded. 
259730     INFO  main            d.u.i.k.p.r.p.TestFile    Now processing file /home/runner/work/key/key/key.core/../key.ui/examples/standard_key/quantifiers/normalisation10.key 
259731     INFO  main            d.u.i.k.p.i.AbstractProblemLoader Loading environment from /home/runner/work/key/key/key.core/../key.ui/examples/standard_key/quantifiers/normalisation10.key 
259731     DEBUG main            d.u.i.k.p.i.AbstractProblemLoader Environment load took 166.8ns 
259732     INFO  main            d.u.i.k.p.i.AbstractProblemLoader Creating init config 
262019     DEBUG main            d.u.i.k.p.i.AbstractProblemLoader Init config took 2.29s 
262033     INFO  main            d.u.i.k.p.i.AbstractProblemLoader Replaying proof normalisation10.key 
262035     DEBUG main            d.u.i.k.p.i.IntermediateProofReplayer Proof replay took 8.2ns 
262141     INFO  main            d.u.i.k.p.r.p.TestFile    ... finished proof: closed. 
262509     INFO  main            d.u.i.k.p.i.AbstractProblemLoader Loading environment from /home/runner/work/key/key/key.core/../key.ui/examples/standard_key/quantifiers/normalisation10.key.proof 
262510     DEBUG main            d.u.i.k.p.i.AbstractProblemLoader Environment load took 103.7ns 
262511     INFO  main            d.u.i.k.p.i.AbstractProblemLoader Creating init config 
264763     DEBUG main            d.u.i.k.p.i.AbstractProblemLoader Init config took 2.25s 
264776     INFO  main            d.u.i.k.p.i.AbstractProblemLoader Replaying proof normalisation10.key.proof 
264781     DEBUG main            d.u.i.k.p.i.IntermediateProofReplayer Proof replay took 2.73ms 
264781     DEBUG main            d.u.i.k.p.r.p.TestFile    ... success: reloaded. 
264782     INFO  main            d.u.i.k.p.r.p.TestFile    Now processing file /home/runner/work/key/key/key.core/../key.ui/examples/standard_key/quantifiers/normalisation12.key 
264782     INFO  main            d.u.i.k.p.i.AbstractProblemLoader Loading environment from /home/runner/work/key/key/key.core/../key.ui/examples/standard_key/quantifiers/normalisation12.key 
264782     DEBUG main            d.u.i.k.p.i.AbstractProblemLoader Environment load took 46.3ns 
264783     INFO  main            d.u.i.k.p.i.AbstractProblemLoader Creating init config 
267085     DEBUG main            d.u.i.k.p.i.AbstractProblemLoader Init config took 2.3s 
267099     INFO  main            d.u.i.k.p.i.AbstractProblemLoader Replaying proof normalisation12.key 
267100     DEBUG main            d.u.i.k.p.i.IntermediateProofReplayer Proof replay took 8.8ns 
267202     INFO  main            d.u.i.k.p.r.p.TestFile    ... finished proof: closed. 
267570     INFO  main            d.u.i.k.p.i.AbstractProblemLoader Loading environment from /home/runner/work/key/key/key.core/../key.ui/examples/standard_key/quantifiers/normalisation12.key.proof 
267570     DEBUG main            d.u.i.k.p.i.AbstractProblemLoader Environment load took 103.5ns 
267571     INFO  main            d.u.i.k.p.i.AbstractProblemLoader Creating init config 
269812     DEBUG main            d.u.i.k.p.i.AbstractProblemLoader Init config took 2.24s 
269827     INFO  main            d.u.i.k.p.i.AbstractProblemLoader Replaying proof normalisation12.key.proof 
269829     DEBUG main            d.u.i.k.p.i.IntermediateProofReplayer Proof replay took 906.01ns 
269830     DEBUG main            d.u.i.k.p.r.p.TestFile    ... success: reloaded. 
269831     INFO  main            d.u.i.k.p.r.p.TestFile    Now processing file /home/runner/work/key/key/key.core/../key.ui/examples/standard_key/quantifiers/normalisation13.key 
269831     INFO  main            d.u.i.k.p.i.AbstractProblemLoader Loading environment from /home/runner/work/key/key/key.core/../key.ui/examples/standard_key/quantifiers/normalisation13.key 
269831     DEBUG main            d.u.i.k.p.i.AbstractProblemLoader Environment load took 67.4ns 
269832     INFO  main            d.u.i.k.p.i.AbstractProblemLoader Creating init config 
272132     DEBUG main            d.u.i.k.p.i.AbstractProblemLoader Init config took 2.3s 
272145     INFO  main            d.u.i.k.p.i.AbstractProblemLoader Replaying proof normalisation13.key 
272147     DEBUG main            d.u.i.k.p.i.IntermediateProofReplayer Proof replay took 15.9ns 
272249     INFO  main            d.u.i.k.p.r.p.TestFile    ... finished proof: closed. 
272624     INFO  main            d.u.i.k.p.i.AbstractProblemLoader Loading environment from /home/runner/work/key/key/key.core/../key.ui/examples/standard_key/quantifiers/normalisation13.key.proof 
272624     DEBUG main            d.u.i.k.p.i.AbstractProblemLoader Environment load took 88.5ns 
272625     INFO  main            d.u.i.k.p.i.AbstractProblemLoader Creating init config 
274869     DEBUG main            d.u.i.k.p.i.AbstractProblemLoader Init config took 2.24s 
274882     INFO  main            d.u.i.k.p.i.AbstractProblemLoader Replaying proof normalisation13.key.proof 
274884     DEBUG main            d.u.i.k.p.i.IntermediateProofReplayer Proof replay took 552.91ns 
274885     DEBUG main            d.u.i.k.p.r.p.TestFile    ... success: reloaded. 
274885     INFO  main            d.u.i.k.p.r.p.TestFile    Now processing file /home/runner/work/key/key/key.core/../key.ui/examples/standard_key/quantifiers/triggers0.key 
274886     INFO  main            d.u.i.k.p.i.AbstractProblemLoader Loading environment from /home/runner/work/key/key/key.core/../key.ui/examples/standard_key/quantifiers/triggers0.key 
274886     DEBUG main            d.u.i.k.p.i.AbstractProblemLoader Environment load took 60.2ns 
274886     INFO  main            d.u.i.k.p.i.AbstractProblemLoader Creating init config 
277182     DEBUG main            d.u.i.k.p.i.AbstractProblemLoader Init config took 2.3s 
277195     INFO  main            d.u.i.k.p.i.AbstractProblemLoader Replaying proof triggers0.key 
277197     DEBUG main            d.u.i.k.p.i.IntermediateProofReplayer Proof replay took 7.8ns 
277299     INFO  main            d.u.i.k.p.r.p.TestFile    ... finished proof: closed. 
277692     INFO  main            d.u.i.k.p.i.AbstractProblemLoader Loading environment from /home/runner/work/key/key/key.core/../key.ui/examples/standard_key/quantifiers/triggers0.key.proof 
277692     DEBUG main            d.u.i.k.p.i.AbstractProblemLoader Environment load took 106.9ns 
277693     INFO  main            d.u.i.k.p.i.AbstractProblemLoader Creating init config 
279940     DEBUG main            d.u.i.k.p.i.AbstractProblemLoader Init config took 2.25s 
279953     INFO  main            d.u.i.k.p.i.AbstractProblemLoader Replaying proof triggers0.key.proof 
279955     DEBUG main            d.u.i.k.p.i.IntermediateProofReplayer Proof replay took 906.21ns 
279956     DEBUG main            d.u.i.k.p.r.p.TestFile    ... success: reloaded. 
3778057    INFO  Test worker     d.u.i.k.p.r.p.StatisticsFile Returning from test FOL 
3778070    INFO  Test worker     d.u.i.k.p.r.p.StatisticsFile Running test strings 
356        INFO  Timeout watchdog d.u.i.k.p.r.p.ForkedTestFileRunner Timeout watcher launched (2000 secs.) 
376        WARN  main            d.u.i.k.s.ProofSettings   The settings in /home/runner/.key/proof-settings.props are *not* read. 
412        INFO  main            d.u.i.k.p.r.p.TestFile    Now processing file /home/runner/work/key/key/key.core/../key.ui/examples/standard_key/strings/charAt0.key 
520        INFO  main            d.u.i.k.p.i.AbstractProblemLoader Loading environment from /home/runner/work/key/key/key.core/../key.ui/examples/standard_key/strings/charAt0.key 
537        DEBUG main            d.u.i.k.p.i.AbstractProblemLoader Environment load took 1.95ms 
785        INFO  main            d.u.i.k.p.i.AbstractProblemLoader Creating init config 
1724       DEBUG main            d.u.i.k.j.TypeConverter   No LDT found for Meta 
1726       DEBUG main            d.u.i.k.j.TypeConverter   No LDT found for Meta 
1729       DEBUG main            d.u.i.k.j.TypeConverter   No LDT found for Meta 
1729       DEBUG main            d.u.i.k.j.TypeConverter   No LDT found for Meta 
3261       DEBUG main            d.u.i.k.j.TypeConverter   No LDT found for JavaBigintExpression 
8048       DEBUG main            d.u.i.k.p.i.AbstractProblemLoader Init config took 7.26s 
8147       INFO  main            d.u.i.k.p.i.AbstractProblemLoader Replaying proof charAt0.key 
8185       DEBUG main            d.u.i.k.p.i.IntermediateProofReplayer Proof replay took 35.7ns 
8538       INFO  main            d.u.i.k.p.r.p.TestFile    ... finished proof: closed. 
8638       INFO  main            d.u.i.k.p.i.AbstractProblemLoader Loading environment from /home/runner/work/key/key/key.core/../key.ui/examples/standard_key/strings/charAt0.key.proof 
8641       DEBUG main            d.u.i.k.p.i.AbstractProblemLoader Environment load took 3.74ms 
8647       INFO  main            d.u.i.k.p.i.AbstractProblemLoader Creating init config 
11460      DEBUG main            d.u.i.k.p.i.AbstractProblemLoader Init config took 2.81s 
11489      INFO  main            d.u.i.k.p.i.AbstractProblemLoader Replaying proof charAt0.key.proof 
11506      DEBUG main            d.u.i.k.p.i.IntermediateProofReplayer Proof replay took 11.95ms 
11518      DEBUG main            d.u.i.k.p.r.p.TestFile    ... success: reloaded. 
11519      INFO  main            d.u.i.k.p.r.p.TestFile    Now processing file /home/runner/work/key/key/key.core/../key.ui/examples/standard_key/strings/charAt1.key 
11520      INFO  main            d.u.i.k.p.i.AbstractProblemLoader Loading environment from /home/runner/work/key/key/key.core/../key.ui/examples/standard_key/strings/charAt1.key 
11520      DEBUG main            d.u.i.k.p.i.AbstractProblemLoader Environment load took 228.8ns 
11522      INFO  main            d.u.i.k.p.i.AbstractProblemLoader Creating init config 
14230      DEBUG main            d.u.i.k.p.i.AbstractProblemLoader Init config took 2.71s 
14272      INFO  main            d.u.i.k.p.i.AbstractProblemLoader Replaying proof charAt1.key 
14280      DEBUG main            d.u.i.k.p.i.IntermediateProofReplayer Proof replay took 7.6ns 
14486      INFO  main            d.u.i.k.p.r.p.TestFile    ... finished proof: closed. 
14618      INFO  main            d.u.i.k.p.i.AbstractProblemLoader Loading environment from /home/runner/work/key/key/key.core/../key.ui/examples/standard_key/strings/charAt1.key.proof 
14619      DEBUG main            d.u.i.k.p.i.AbstractProblemLoader Environment load took 1.02ms 
14623      INFO  main            d.u.i.k.p.i.AbstractProblemLoader Creating init config 
17230      DEBUG main            d.u.i.k.p.i.AbstractProblemLoader Init config took 2.61s 
17256      INFO  main            d.u.i.k.p.i.AbstractProblemLoader Replaying proof charAt1.key.proof 
17271      DEBUG main            d.u.i.k.p.i.IntermediateProofReplayer Proof replay took 11.2ms 
17272      DEBUG main            d.u.i.k.p.r.p.TestFile    ... success: reloaded. 
17273      INFO  main            d.u.i.k.p.r.p.TestFile    Now processing file /home/runner/work/key/key/key.core/../key.ui/examples/standard_key/strings/concat1.key 
17273      INFO  main            d.u.i.k.p.i.AbstractProblemLoader Loading environment from /home/runner/work/key/key/key.core/../key.ui/examples/standard_key/strings/concat1.key 
17274      DEBUG main            d.u.i.k.p.i.AbstractProblemLoader Environment load took 198.3ns 
17275      INFO  main            d.u.i.k.p.i.AbstractProblemLoader Creating init config 
19831      DEBUG main            d.u.i.k.p.i.AbstractProblemLoader Init config took 2.56s 
19853      INFO  main            d.u.i.k.p.i.AbstractProblemLoader Replaying proof concat1.key 
19855      DEBUG main            d.u.i.k.p.i.IntermediateProofReplayer Proof replay took 5.9ns 
19957      INFO  main            d.u.i.k.p.r.p.TestFile    ... finished proof: closed. 
20093      INFO  main            d.u.i.k.p.i.AbstractProblemLoader Loading environment from /home/runner/work/key/key/key.core/../key.ui/examples/standard_key/strings/concat1.key.proof 
20093      DEBUG main            d.u.i.k.p.i.AbstractProblemLoader Environment load took 136.3ns 
20095      INFO  main            d.u.i.k.p.i.AbstractProblemLoader Creating init config 
22668      DEBUG main            d.u.i.k.p.i.AbstractProblemLoader Init config took 2.57s 
22689      INFO  main            d.u.i.k.p.i.AbstractProblemLoader Replaying proof concat1.key.proof 
22692      DEBUG main            d.u.i.k.p.i.IntermediateProofReplayer Proof replay took 1.16ms 
22693      DEBUG main            d.u.i.k.p.r.p.TestFile    ... success: reloaded. 
22694      INFO  main            d.u.i.k.p.r.p.TestFile    Now processing file /home/runner/work/key/key/key.core/../key.ui/examples/standard_key/strings/concat2.key 
22694      INFO  main            d.u.i.k.p.i.AbstractProblemLoader Loading environment from /home/runner/work/key/key/key.core/../key.ui/examples/standard_key/strings/concat2.key 
22695      DEBUG main            d.u.i.k.p.i.AbstractProblemLoader Environment load took 216.9ns 
22696      INFO  main            d.u.i.k.p.i.AbstractProblemLoader Creating init config 
25241      DEBUG main            d.u.i.k.p.i.AbstractProblemLoader Init config took 2.54s 
25261      INFO  main            d.u.i.k.p.i.AbstractProblemLoader Replaying proof concat2.key 
25263      DEBUG main            d.u.i.k.p.i.IntermediateProofReplayer Proof replay took 7.2ns 
25369      INFO  main            d.u.i.k.p.r.p.TestFile    ... finished proof: closed. 
25511      INFO  main            d.u.i.k.p.i.AbstractProblemLoader Loading environment from /home/runner/work/key/key/key.core/../key.ui/examples/standard_key/strings/concat2.key.proof 
25511      DEBUG main            d.u.i.k.p.i.AbstractProblemLoader Environment load took 138.5ns 
25517      INFO  main            d.u.i.k.p.i.AbstractProblemLoader Creating init config 
28033      DEBUG main            d.u.i.k.p.i.AbstractProblemLoader Init config took 2.52s 
28053      INFO  main            d.u.i.k.p.i.AbstractProblemLoader Replaying proof concat2.key.proof 
28062      DEBUG main            d.u.i.k.p.i.IntermediateProofReplayer Proof replay took 6.42ms 
28063      DEBUG main            d.u.i.k.p.r.p.TestFile    ... success: reloaded. 
28064      INFO  main            d.u.i.k.p.r.p.TestFile    Now processing file /home/runner/work/key/key/key.core/../key.ui/examples/standard_key/strings/deriveLength1.key 
28064      INFO  main            d.u.i.k.p.i.AbstractProblemLoader Loading environment from /home/runner/work/key/key/key.core/../key.ui/examples/standard_key/strings/deriveLength1.key 
28064      DEBUG main            d.u.i.k.p.i.AbstractProblemLoader Environment load took 117.8ns 
28065      INFO  main            d.u.i.k.p.i.AbstractProblemLoader Creating init config 
30605      DEBUG main            d.u.i.k.p.i.AbstractProblemLoader Init config took 2.54s 
30625      INFO  main            d.u.i.k.p.i.AbstractProblemLoader Replaying proof deriveLength1.key 
30627      DEBUG main            d.u.i.k.p.i.IntermediateProofReplayer Proof replay took 6.2ns 
30730      INFO  main            d.u.i.k.p.r.p.TestFile    ... finished proof: closed. 
30879      INFO  main            d.u.i.k.p.i.AbstractProblemLoader Loading environment from /home/runner/work/key/key/key.core/../key.ui/examples/standard_key/strings/deriveLength1.key.proof 
30880      DEBUG main            d.u.i.k.p.i.AbstractProblemLoader Environment load took 513.01ns 
30881      INFO  main            d.u.i.k.p.i.AbstractProblemLoader Creating init config 
33370      DEBUG main            d.u.i.k.p.i.AbstractProblemLoader Init config took 2.49s 
33391      INFO  main            d.u.i.k.p.i.AbstractProblemLoader Replaying proof deriveLength1.key.proof 
33412      DEBUG main            d.u.i.k.p.i.IntermediateProofReplayer Proof replay took 17.43ms 
33415      DEBUG main            d.u.i.k.p.r.p.TestFile    ... success: reloaded. 
33417      INFO  main            d.u.i.k.p.r.p.TestFile    Now processing file /home/runner/work/key/key/key.core/../key.ui/examples/standard_key/strings/emptyStringLengthZero.key 
33417      INFO  main            d.u.i.k.p.i.AbstractProblemLoader Loading environment from /home/runner/work/key/key/key.core/../key.ui/examples/standard_key/strings/emptyStringLengthZero.key 
33418      DEBUG main            d.u.i.k.p.i.AbstractProblemLoader Environment load took 547.31ns 
33419      INFO  main            d.u.i.k.p.i.AbstractProblemLoader Creating init config 
35939      DEBUG main            d.u.i.k.p.i.AbstractProblemLoader Init config took 2.52s 
35959      INFO  main            d.u.i.k.p.i.AbstractProblemLoader Replaying proof emptyStringLengthZero.key 
35961      DEBUG main            d.u.i.k.p.i.IntermediateProofReplayer Proof replay took 6.9ns 
36064      INFO  main            d.u.i.k.p.r.p.TestFile    ... finished proof: closed. 
36225      INFO  main            d.u.i.k.p.i.AbstractProblemLoader Loading environment from /home/runner/work/key/key/key.core/../key.ui/examples/standard_key/strings/emptyStringLengthZero.key.proof 
36226      DEBUG main            d.u.i.k.p.i.AbstractProblemLoader Environment load took 128.1ns 
36227      INFO  main            d.u.i.k.p.i.AbstractProblemLoader Creating init config 
38694      DEBUG main            d.u.i.k.p.i.AbstractProblemLoader Init config took 2.47s 
38711      INFO  main            d.u.i.k.p.i.AbstractProblemLoader Replaying proof emptyStringLengthZero.key.proof 
38717      DEBUG main            d.u.i.k.p.i.IntermediateProofReplayer Proof replay took 3.18ms 
38718      DEBUG main            d.u.i.k.p.r.p.TestFile    ... success: reloaded. 
38719      INFO  main            d.u.i.k.p.r.p.TestFile    Now processing file /home/runner/work/key/key/key.core/../key.ui/examples/standard_key/strings/implicitBooleanStringConversion.key 
38719      INFO  main            d.u.i.k.p.i.AbstractProblemLoader Loading environment from /home/runner/work/key/key/key.core/../key.ui/examples/standard_key/strings/implicitBooleanStringConversion.key 
38719      DEBUG main            d.u.i.k.p.i.AbstractProblemLoader Environment load took 187.3ns 
38720      INFO  main            d.u.i.k.p.i.AbstractProblemLoader Creating init config 
41236      DEBUG main            d.u.i.k.p.i.AbstractProblemLoader Init config took 2.52s 
41257      INFO  main            d.u.i.k.p.i.AbstractProblemLoader Replaying proof implicitBooleanStringConversion.key 
41259      DEBUG main            d.u.i.k.p.i.IntermediateProofReplayer Proof replay took 7.2ns 
42169      INFO  main            d.u.i.k.p.r.p.TestFile    ... finished proof: closed. 
42361      INFO  main            d.u.i.k.p.i.AbstractProblemLoader Loading environment from /home/runner/work/key/key/key.core/../key.ui/examples/standard_key/strings/implicitBooleanStringConversion.key.proof 
42365      DEBUG main            d.u.i.k.p.i.AbstractProblemLoader Environment load took 4.31ms 
42367      INFO  main            d.u.i.k.p.i.AbstractProblemLoader Creating init config 
44880      DEBUG main            d.u.i.k.p.i.AbstractProblemLoader Init config took 2.51s 
44899      INFO  main            d.u.i.k.p.i.AbstractProblemLoader Replaying proof implicitBooleanStringConversion.key.proof 
44954      DEBUG main            d.u.i.k.p.i.IntermediateProofReplayer Proof replay took 49.09ms 
44955      DEBUG main            d.u.i.k.p.r.p.TestFile    ... success: reloaded. 
44956      INFO  main            d.u.i.k.p.r.p.TestFile    Now processing file /home/runner/work/key/key/key.core/../key.ui/examples/standard_key/strings/implicitBooleanStringConversion2.key 
44957      INFO  main            d.u.i.k.p.i.AbstractProblemLoader Loading environment from /home/runner/work/key/key/key.core/../key.ui/examples/standard_key/strings/implicitBooleanStringConversion2.key 
44957      DEBUG main            d.u.i.k.p.i.AbstractProblemLoader Environment load took 205.1ns 
44958      INFO  main            d.u.i.k.p.i.AbstractProblemLoader Creating init config 
47399      DEBUG main            d.u.i.k.p.i.AbstractProblemLoader Init config took 2.44s 
47418      INFO  main            d.u.i.k.p.i.AbstractProblemLoader Replaying proof implicitBooleanStringConversion2.key 
47420      DEBUG main            d.u.i.k.p.i.IntermediateProofReplayer Proof replay took 7.1ns 
47726      INFO  main            d.u.i.k.p.r.p.TestFile    ... finished proof: closed. 
47914      INFO  main            d.u.i.k.p.i.AbstractProblemLoader Loading environment from /home/runner/work/key/key/key.core/../key.ui/examples/standard_key/strings/implicitBooleanStringConversion2.key.proof 
47914      DEBUG main            d.u.i.k.p.i.AbstractProblemLoader Environment load took 456.9ns 
47916      INFO  main            d.u.i.k.p.i.AbstractProblemLoader Creating init config 
50344      DEBUG main            d.u.i.k.p.i.AbstractProblemLoader Init config took 2.43s 
50363      INFO  main            d.u.i.k.p.i.AbstractProblemLoader Replaying proof implicitBooleanStringConversion2.key.proof 
50386      DEBUG main            d.u.i.k.p.i.IntermediateProofReplayer Proof replay took 19.48ms 
50387      DEBUG main            d.u.i.k.p.r.p.TestFile    ... success: reloaded. 
50388      INFO  main            d.u.i.k.p.r.p.TestFile    Now processing file /home/runner/work/key/key/key.core/../key.ui/examples/standard_key/strings/implicitIntStringConversion.key 
50388      INFO  main            d.u.i.k.p.i.AbstractProblemLoader Loading environment from /home/runner/work/key/key/key.core/../key.ui/examples/standard_key/strings/implicitIntStringConversion.key 
50389      DEBUG main            d.u.i.k.p.i.AbstractProblemLoader Environment load took 181ns 
50390      INFO  main            d.u.i.k.p.i.AbstractProblemLoader Creating init config 
52903      DEBUG main            d.u.i.k.p.i.AbstractProblemLoader Init config took 2.51s 
52922      INFO  main            d.u.i.k.p.i.AbstractProblemLoader Replaying proof implicitIntStringConversion.key 
52925      DEBUG main            d.u.i.k.p.i.IntermediateProofReplayer Proof replay took 6.7ns 
53531      INFO  main            d.u.i.k.p.r.p.TestFile    ... finished proof: closed. 
53739      INFO  main            d.u.i.k.p.i.AbstractProblemLoader Loading environment from /home/runner/work/key/key/key.core/../key.ui/examples/standard_key/strings/implicitIntStringConversion.key.proof 
53740      DEBUG main            d.u.i.k.p.i.AbstractProblemLoader Environment load took 512.4ns 
53741      INFO  main            d.u.i.k.p.i.AbstractProblemLoader Creating init config 
56145      DEBUG main            d.u.i.k.p.i.AbstractProblemLoader Init config took 2.4s 
56177      INFO  main            d.u.i.k.p.i.AbstractProblemLoader Replaying proof implicitIntStringConversion.key.proof 
56222      DEBUG main            d.u.i.k.p.i.IntermediateProofReplayer Proof replay took 39.54ms 
56223      DEBUG main            d.u.i.k.p.r.p.TestFile    ... success: reloaded. 
56224      INFO  main            d.u.i.k.p.r.p.TestFile    Now processing file /home/runner/work/key/key/key.core/../key.ui/examples/standard_key/strings/implicitNullStringConversion.key 
56224      INFO  main            d.u.i.k.p.i.AbstractProblemLoader Loading environment from /home/runner/work/key/key/key.core/../key.ui/examples/standard_key/strings/implicitNullStringConversion.key 
56224      DEBUG main            d.u.i.k.p.i.AbstractProblemLoader Environment load took 192.2ns 
56225      INFO  main            d.u.i.k.p.i.AbstractProblemLoader Creating init config 
58694      DEBUG main            d.u.i.k.p.i.AbstractProblemLoader Init config took 2.47s 
58711      INFO  main            d.u.i.k.p.i.AbstractProblemLoader Replaying proof implicitNullStringConversion.key 
58712      DEBUG main            d.u.i.k.p.i.IntermediateProofReplayer Proof replay took 5.8ns 
59018      INFO  main            d.u.i.k.p.r.p.TestFile    ... finished proof: closed. 
59236      INFO  main            d.u.i.k.p.i.AbstractProblemLoader Loading environment from /home/runner/work/key/key/key.core/../key.ui/examples/standard_key/strings/implicitNullStringConversion.key.proof 
59236      DEBUG main            d.u.i.k.p.i.AbstractProblemLoader Environment load took 127.9ns 
59238      INFO  main            d.u.i.k.p.i.AbstractProblemLoader Creating init config 
61631      DEBUG main            d.u.i.k.p.i.AbstractProblemLoader Init config took 2.39s 
61648      INFO  main            d.u.i.k.p.i.AbstractProblemLoader Replaying proof implicitNullStringConversion.key.proof 
61670      DEBUG main            d.u.i.k.p.i.IntermediateProofReplayer Proof replay took 18.39ms 
61672      DEBUG main            d.u.i.k.p.r.p.TestFile    ... success: reloaded. 
61672      INFO  main            d.u.i.k.p.r.p.TestFile    Now processing file /home/runner/work/key/key/key.core/../key.ui/examples/standard_key/strings/implicitNullStringConversion2.key 
61673      INFO  main            d.u.i.k.p.i.AbstractProblemLoader Loading environment from /home/runner/work/key/key/key.core/../key.ui/examples/standard_key/strings/implicitNullStringConversion2.key 
61673      DEBUG main            d.u.i.k.p.i.AbstractProblemLoader Environment load took 192.9ns 
61674      INFO  main            d.u.i.k.p.i.AbstractProblemLoader Creating init config 
64141      DEBUG main            d.u.i.k.p.i.AbstractProblemLoader Init config took 2.47s 
64158      INFO  main            d.u.i.k.p.i.AbstractProblemLoader Replaying proof implicitNullStringConversion2.key 
64159      DEBUG main            d.u.i.k.p.i.IntermediateProofReplayer Proof replay took 6.3ns 
64363      INFO  main            d.u.i.k.p.r.p.TestFile    ... finished proof: closed. 
64560      INFO  main            d.u.i.k.p.i.AbstractProblemLoader Loading environment from /home/runner/work/key/key/key.core/../key.ui/examples/standard_key/strings/implicitNullStringConversion2.key.proof 
64560      DEBUG main            d.u.i.k.p.i.AbstractProblemLoader Environment load took 130.4ns 
64562      INFO  main            d.u.i.k.p.i.AbstractProblemLoader Creating init config 
66969      DEBUG main            d.u.i.k.p.i.AbstractProblemLoader Init config took 2.41s 
66986      INFO  main            d.u.i.k.p.i.AbstractProblemLoader Replaying proof implicitNullStringConversion2.key.proof 
67013      DEBUG main            d.u.i.k.p.i.IntermediateProofReplayer Proof replay took 20.43ms 
67014      DEBUG main            d.u.i.k.p.r.p.TestFile    ... success: reloaded. 
67015      INFO  main            d.u.i.k.p.r.p.TestFile    Now processing file /home/runner/work/key/key/key.core/../key.ui/examples/standard_key/strings/implicitObjectStringConversion.key 
67015      INFO  main            d.u.i.k.p.i.AbstractProblemLoader Loading environment from /home/runner/work/key/key/key.core/../key.ui/examples/standard_key/strings/implicitObjectStringConversion.key 
67016      DEBUG main            d.u.i.k.p.i.AbstractProblemLoader Environment load took 175ns 
67017      INFO  main            d.u.i.k.p.i.AbstractProblemLoader Creating init config 
69668      DEBUG main            d.u.i.k.p.i.AbstractProblemLoader Init config took 2.65s 
69685      INFO  main            d.u.i.k.p.i.AbstractProblemLoader Replaying proof implicitObjectStringConversion.key 
69686      DEBUG main            d.u.i.k.p.i.IntermediateProofReplayer Proof replay took 7.5ns 
70394      INFO  main            d.u.i.k.p.r.p.TestFile    ... finished proof: closed. 
70610      INFO  main            d.u.i.k.p.i.AbstractProblemLoader Loading environment from /home/runner/work/key/key/key.core/../key.ui/examples/standard_key/strings/implicitObjectStringConversion.key.proof 
70610      DEBUG main            d.u.i.k.p.i.AbstractProblemLoader Environment load took 418.5ns 
70611      INFO  main            d.u.i.k.p.i.AbstractProblemLoader Creating init config 
73245      DEBUG main            d.u.i.k.p.i.AbstractProblemLoader Init config took 2.63s 
73277      INFO  main            d.u.i.k.p.i.AbstractProblemLoader Replaying proof implicitObjectStringConversion.key.proof 
73322      DEBUG main            d.u.i.k.p.i.IntermediateProofReplayer Proof replay took 41.18ms 
73323      DEBUG main            d.u.i.k.p.r.p.TestFile    ... success: reloaded. 
73324      INFO  main            d.u.i.k.p.r.p.TestFile    Now processing file /home/runner/work/key/key/key.core/../key.ui/examples/standard_key/strings/literalEquality.key 
73324      INFO  main            d.u.i.k.p.i.AbstractProblemLoader Loading environment from /home/runner/work/key/key/key.core/../key.ui/examples/standard_key/strings/literalEquality.key 
73325      DEBUG main            d.u.i.k.p.i.AbstractProblemLoader Environment load took 95.9ns 
73326      INFO  main            d.u.i.k.p.i.AbstractProblemLoader Creating init config 
75755      DEBUG main            d.u.i.k.p.i.AbstractProblemLoader Init config took 2.43s 
75770      INFO  main            d.u.i.k.p.i.AbstractProblemLoader Replaying proof literalEquality.key 
75772      DEBUG main            d.u.i.k.p.i.IntermediateProofReplayer Proof replay took 7.9ns 
75874      INFO  main            d.u.i.k.p.r.p.TestFile    ... finished proof: closed. 
76075      INFO  main            d.u.i.k.p.i.AbstractProblemLoader Loading environment from /home/runner/work/key/key/key.core/../key.ui/examples/standard_key/strings/literalEquality.key.proof 
76075      DEBUG main            d.u.i.k.p.i.AbstractProblemLoader Environment load took 123.8ns 
76077      INFO  main            d.u.i.k.p.i.AbstractProblemLoader Creating init config 
78533      DEBUG main            d.u.i.k.p.i.AbstractProblemLoader Init config took 2.46s 
78553      INFO  main            d.u.i.k.p.i.AbstractProblemLoader Replaying proof literalEquality.key.proof 
78562      DEBUG main            d.u.i.k.p.i.IntermediateProofReplayer Proof replay took 4.44ms 
78563      DEBUG main            d.u.i.k.p.r.p.TestFile    ... success: reloaded. 
78564      INFO  main            d.u.i.k.p.r.p.TestFile    Now processing file /home/runner/work/key/key/key.core/../key.ui/examples/standard_key/strings/replace0.key 
78564      INFO  main            d.u.i.k.p.i.AbstractProblemLoader Loading environment from /home/runner/work/key/key/key.core/../key.ui/examples/standard_key/strings/replace0.key 
78564      DEBUG main            d.u.i.k.p.i.AbstractProblemLoader Environment load took 106.7ns 
78565      INFO  main            d.u.i.k.p.i.AbstractProblemLoader Creating init config 
80977      DEBUG main            d.u.i.k.p.i.AbstractProblemLoader Init config took 2.41s 
80991      INFO  main            d.u.i.k.p.i.AbstractProblemLoader Replaying proof replace0.key 
80992      DEBUG main            d.u.i.k.p.i.IntermediateProofReplayer Proof replay took 6.5ns 
81097      INFO  main            d.u.i.k.p.r.p.TestFile    ... finished proof: closed. 
81334      INFO  main            d.u.i.k.p.i.AbstractProblemLoader Loading environment from /home/runner/work/key/key/key.core/../key.ui/examples/standard_key/strings/replace0.key.proof 
81335      DEBUG main            d.u.i.k.p.i.AbstractProblemLoader Environment load took 125.3ns 
81336      INFO  main            d.u.i.k.p.i.AbstractProblemLoader Creating init config 
83710      DEBUG main            d.u.i.k.p.i.AbstractProblemLoader Init config took 2.37s 
83738      INFO  main            d.u.i.k.p.i.AbstractProblemLoader Replaying proof replace0.key.proof 
83742      DEBUG main            d.u.i.k.p.i.IntermediateProofReplayer Proof replay took 2.66ms 
83744      DEBUG main            d.u.i.k.p.r.p.TestFile    ... success: reloaded. 
83745      INFO  main            d.u.i.k.p.r.p.TestFile    Now processing file /home/runner/work/key/key/key.core/../key.ui/examples/standard_key/strings/replace1.key 
83745      INFO  main            d.u.i.k.p.i.AbstractProblemLoader Loading environment from /home/runner/work/key/key/key.core/../key.ui/examples/standard_key/strings/replace1.key 
83745      DEBUG main            d.u.i.k.p.i.AbstractProblemLoader Environment load took 195ns 
83746      INFO  main            d.u.i.k.p.i.AbstractProblemLoader Creating init config 
86190      DEBUG main            d.u.i.k.p.i.AbstractProblemLoader Init config took 2.44s 
86204      INFO  main            d.u.i.k.p.i.AbstractProblemLoader Replaying proof replace1.key 
86205      DEBUG main            d.u.i.k.p.i.IntermediateProofReplayer Proof replay took 6.5ns 
86309      INFO  main            d.u.i.k.p.r.p.TestFile    ... finished proof: closed. 
86521      INFO  main            d.u.i.k.p.i.AbstractProblemLoader Loading environment from /home/runner/work/key/key/key.core/../key.ui/examples/standard_key/strings/replace1.key.proof 
86521      DEBUG main            d.u.i.k.p.i.AbstractProblemLoader Environment load took 127.3ns 
86522      INFO  main            d.u.i.k.p.i.AbstractProblemLoader Creating init config 
88907      DEBUG main            d.u.i.k.p.i.AbstractProblemLoader Init config took 2.39s 
88921      INFO  main            d.u.i.k.p.i.AbstractProblemLoader Replaying proof replace1.key.proof 
88928      DEBUG main            d.u.i.k.p.i.IntermediateProofReplayer Proof replay took 4.62ms 
88929      DEBUG main            d.u.i.k.p.r.p.TestFile    ... success: reloaded. 
88929      INFO  main            d.u.i.k.p.r.p.TestFile    Now processing file /home/runner/work/key/key/key.core/../key.ui/examples/standard_key/strings/simpleAssignment.key 
88930      INFO  main            d.u.i.k.p.i.AbstractProblemLoader Loading environment from /home/runner/work/key/key/key.core/../key.ui/examples/standard_key/strings/simpleAssignment.key 
88930      DEBUG main            d.u.i.k.p.i.AbstractProblemLoader Environment load took 100.9ns 
88931      INFO  main            d.u.i.k.p.i.AbstractProblemLoader Creating init config 
91386      DEBUG main            d.u.i.k.p.i.AbstractProblemLoader Init config took 2.45s 
91402      INFO  main            d.u.i.k.p.i.AbstractProblemLoader Replaying proof simpleAssignment.key 
91404      DEBUG main            d.u.i.k.p.i.IntermediateProofReplayer Proof replay took 7ns 
91506      INFO  main            d.u.i.k.p.r.p.TestFile    ... finished proof: closed. 
91725      INFO  main            d.u.i.k.p.i.AbstractProblemLoader Loading environment from /home/runner/work/key/key/key.core/../key.ui/examples/standard_key/strings/simpleAssignment.key.proof 
91725      DEBUG main            d.u.i.k.p.i.AbstractProblemLoader Environment load took 145.7ns 
91727      INFO  main            d.u.i.k.p.i.AbstractProblemLoader Creating init config 
94118      DEBUG main            d.u.i.k.p.i.AbstractProblemLoader Init config took 2.39s 
94134      INFO  main            d.u.i.k.p.i.AbstractProblemLoader Replaying proof simpleAssignment.key.proof 
94137      DEBUG main            d.u.i.k.p.i.IntermediateProofReplayer Proof replay took 1.23ms 
94138      DEBUG main            d.u.i.k.p.r.p.TestFile    ... success: reloaded. 
94139      INFO  main            d.u.i.k.p.r.p.TestFile    Now processing file /home/runner/work/key/key/key.core/../key.ui/examples/standard_key/strings/simpleLengthComp.key 
94139      INFO  main            d.u.i.k.p.i.AbstractProblemLoader Loading environment from /home/runner/work/key/key/key.core/../key.ui/examples/standard_key/strings/simpleLengthComp.key 
94140      DEBUG main            d.u.i.k.p.i.AbstractProblemLoader Environment load took 196.3ns 
94141      INFO  main            d.u.i.k.p.i.AbstractProblemLoader Creating init config 
96603      DEBUG main            d.u.i.k.p.i.AbstractProblemLoader Init config took 2.46s 
96619      INFO  main            d.u.i.k.p.i.AbstractProblemLoader Replaying proof simpleLengthComp.key 
96622      DEBUG main            d.u.i.k.p.i.IntermediateProofReplayer Proof replay took 8.5ns 
96825      INFO  main            d.u.i.k.p.r.p.TestFile    ... finished proof: closed. 
97083      INFO  main            d.u.i.k.p.i.AbstractProblemLoader Loading environment from /home/runner/work/key/key/key.core/../key.ui/examples/standard_key/strings/simpleLengthComp.key.proof 
97083      DEBUG main            d.u.i.k.p.i.AbstractProblemLoader Environment load took 156.6ns 
97084      INFO  main            d.u.i.k.p.i.AbstractProblemLoader Creating init config 
99476      DEBUG main            d.u.i.k.p.i.AbstractProblemLoader Init config took 2.39s 
99503      INFO  main            d.u.i.k.p.i.AbstractProblemLoader Replaying proof simpleLengthComp.key.proof 
99525      DEBUG main            d.u.i.k.p.i.IntermediateProofReplayer Proof replay took 20.36ms 
99526      DEBUG main            d.u.i.k.p.r.p.TestFile    ... success: reloaded. 
99527      INFO  main            d.u.i.k.p.r.p.TestFile    Now processing file /home/runner/work/key/key/key.core/../key.ui/examples/standard_key/strings/stringCompileTimeConstant1.key 
99528      INFO  main            d.u.i.k.p.i.AbstractProblemLoader Loading environment from /home/runner/work/key/key/key.core/../key.ui/examples/standard_key/strings/stringCompileTimeConstant1.key 
99528      DEBUG main            d.u.i.k.p.i.AbstractProblemLoader Environment load took 88ns 
99529      INFO  main            d.u.i.k.p.i.AbstractProblemLoader Creating init config 
101977     DEBUG main            d.u.i.k.p.i.AbstractProblemLoader Init config took 2.45s 
101992     INFO  main            d.u.i.k.p.i.AbstractProblemLoader Replaying proof stringCompileTimeConstant1.key 
101994     DEBUG main            d.u.i.k.p.i.IntermediateProofReplayer Proof replay took 7.6ns 
102096     INFO  main            d.u.i.k.p.r.p.TestFile    ... finished proof: closed. 
102320     INFO  main            d.u.i.k.p.i.AbstractProblemLoader Loading environment from /home/runner/work/key/key/key.core/../key.ui/examples/standard_key/strings/stringCompileTimeConstant1.key.proof 
102320     DEBUG main            d.u.i.k.p.i.AbstractProblemLoader Environment load took 153.3ns 
102321     INFO  main            d.u.i.k.p.i.AbstractProblemLoader Creating init config 
104692     DEBUG main            d.u.i.k.p.i.AbstractProblemLoader Init config took 2.37s 
104707     INFO  main            d.u.i.k.p.i.AbstractProblemLoader Replaying proof stringCompileTimeConstant1.key.proof 
104733     DEBUG main            d.u.i.k.p.i.IntermediateProofReplayer Proof replay took 8.5ms 
104734     DEBUG main            d.u.i.k.p.r.p.TestFile    ... success: reloaded. 
104735     INFO  main            d.u.i.k.p.r.p.TestFile    Now processing file /home/runner/work/key/key/key.core/../key.ui/examples/standard_key/strings/stringCompileTimeConstant2.key 
104735     INFO  main            d.u.i.k.p.i.AbstractProblemLoader Loading environment from /home/runner/work/key/key/key.core/../key.ui/examples/standard_key/strings/stringCompileTimeConstant2.key 
104736     DEBUG main            d.u.i.k.p.i.AbstractProblemLoader Environment load took 191.7ns 
104737     INFO  main            d.u.i.k.p.i.AbstractProblemLoader Creating init config 
107370     DEBUG main            d.u.i.k.p.i.AbstractProblemLoader Init config took 2.63s 
107391     INFO  main            d.u.i.k.p.i.AbstractProblemLoader Replaying proof stringCompileTimeConstant2.key 
107393     DEBUG main            d.u.i.k.p.i.IntermediateProofReplayer Proof replay took 7.1ns 
109901     INFO  main            d.u.i.k.p.r.p.TestFile    ... finished proof: closed. 
110171     INFO  main            d.u.i.k.p.i.AbstractProblemLoader Loading environment from /home/runner/work/key/key/key.core/../key.ui/examples/standard_key/strings/stringCompileTimeConstant2.key.proof 
110175     DEBUG main            d.u.i.k.p.i.AbstractProblemLoader Environment load took 4.52ms 
110177     INFO  main            d.u.i.k.p.i.AbstractProblemLoader Creating init config 
112685     DEBUG main            d.u.i.k.p.i.AbstractProblemLoader Init config took 2.51s 
112700     INFO  main            d.u.i.k.p.i.AbstractProblemLoader Replaying proof stringCompileTimeConstant2.key.proof 
112930     DEBUG main            d.u.i.k.p.i.IntermediateProofReplayer Proof replay took 218.89ms 
112932     DEBUG main            d.u.i.k.p.r.p.TestFile    ... success: reloaded. 
112933     INFO  main            d.u.i.k.p.r.p.TestFile    Now processing file /home/runner/work/key/key/key.core/../key.ui/examples/standard_key/strings/stringEquality1.key 
112934     INFO  main            d.u.i.k.p.i.AbstractProblemLoader Loading environment from /home/runner/work/key/key/key.core/../key.ui/examples/standard_key/strings/stringEquality1.key 
112934     DEBUG main            d.u.i.k.p.i.AbstractProblemLoader Environment load took 209.2ns 
112935     INFO  main            d.u.i.k.p.i.AbstractProblemLoader Creating init config 
115372     DEBUG main            d.u.i.k.p.i.AbstractProblemLoader Init config took 2.44s 
115386     INFO  main            d.u.i.k.p.i.AbstractProblemLoader Replaying proof stringEquality1.key 
115387     DEBUG main            d.u.i.k.p.i.IntermediateProofReplayer Proof replay took 7.2ns 
115490     INFO  main            d.u.i.k.p.r.p.TestFile    ... finished proof: closed. 
115766     INFO  main            d.u.i.k.p.i.AbstractProblemLoader Loading environment from /home/runner/work/key/key/key.core/../key.ui/examples/standard_key/strings/stringEquality1.key.proof 
115766     DEBUG main            d.u.i.k.p.i.AbstractProblemLoader Environment load took 120.9ns 
115767     INFO  main            d.u.i.k.p.i.AbstractProblemLoader Creating init config 
118116     DEBUG main            d.u.i.k.p.i.AbstractProblemLoader Init config took 2.35s 
118130     INFO  main            d.u.i.k.p.i.AbstractProblemLoader Replaying proof stringEquality1.key.proof 
118136     DEBUG main            d.u.i.k.p.i.IntermediateProofReplayer Proof replay took 3.76ms 
118137     DEBUG main            d.u.i.k.p.r.p.TestFile    ... success: reloaded. 
118138     INFO  main            d.u.i.k.p.r.p.TestFile    Now processing file /home/runner/work/key/key/key.core/../key.ui/examples/standard_key/strings/stringEquality2.key 
118138     INFO  main            d.u.i.k.p.i.AbstractProblemLoader Loading environment from /home/runner/work/key/key/key.core/../key.ui/examples/standard_key/strings/stringEquality2.key 
118138     DEBUG main            d.u.i.k.p.i.AbstractProblemLoader Environment load took 92.6ns 
118139     INFO  main            d.u.i.k.p.i.AbstractProblemLoader Creating init config 
120538     DEBUG main            d.u.i.k.p.i.AbstractProblemLoader Init config took 2.4s 
120553     INFO  main            d.u.i.k.p.i.AbstractProblemLoader Replaying proof stringEquality2.key 
120554     DEBUG main            d.u.i.k.p.i.IntermediateProofReplayer Proof replay took 7.9ns 
120957     INFO  main            d.u.i.k.p.r.p.TestFile    ... finished proof: closed. 
121211     INFO  main            d.u.i.k.p.i.AbstractProblemLoader Loading environment from /home/runner/work/key/key/key.core/../key.ui/examples/standard_key/strings/stringEquality2.key.proof 
121211     DEBUG main            d.u.i.k.p.i.AbstractProblemLoader Environment load took 448.81ns 
121213     INFO  main            d.u.i.k.p.i.AbstractProblemLoader Creating init config 
123550     DEBUG main            d.u.i.k.p.i.AbstractProblemLoader Init config took 2.34s 
123564     INFO  main            d.u.i.k.p.i.AbstractProblemLoader Replaying proof stringEquality2.key.proof 
123588     DEBUG main            d.u.i.k.p.i.IntermediateProofReplayer Proof replay took 19.28ms 
123589     DEBUG main            d.u.i.k.p.r.p.TestFile    ... success: reloaded. 
123590     INFO  main            d.u.i.k.p.r.p.TestFile    Now processing file /home/runner/work/key/key/key.core/../key.ui/examples/standard_key/strings/substring0.key 
123590     INFO  main            d.u.i.k.p.i.AbstractProblemLoader Loading environment from /home/runner/work/key/key/key.core/../key.ui/examples/standard_key/strings/substring0.key 
123590     DEBUG main            d.u.i.k.p.i.AbstractProblemLoader Environment load took 75.4ns 
123591     INFO  main            d.u.i.k.p.i.AbstractProblemLoader Creating init config 
126002     DEBUG main            d.u.i.k.p.i.AbstractProblemLoader Init config took 2.41s 
126016     INFO  main            d.u.i.k.p.i.AbstractProblemLoader Replaying proof substring0.key 
126017     DEBUG main            d.u.i.k.p.i.IntermediateProofReplayer Proof replay took 21.6ns 
126123     INFO  main            d.u.i.k.p.r.p.TestFile    ... finished proof: closed. 
126405     INFO  main            d.u.i.k.p.i.AbstractProblemLoader Loading environment from /home/runner/work/key/key/key.core/../key.ui/examples/standard_key/strings/substring0.key.proof 
126406     DEBUG main            d.u.i.k.p.i.AbstractProblemLoader Environment load took 114.2ns 
126407     INFO  main            d.u.i.k.p.i.AbstractProblemLoader Creating init config 
128745     DEBUG main            d.u.i.k.p.i.AbstractProblemLoader Init config took 2.34s 
128760     INFO  main            d.u.i.k.p.i.AbstractProblemLoader Replaying proof substring0.key.proof 
128762     DEBUG main            d.u.i.k.p.i.IntermediateProofReplayer Proof replay took 499.9ns 
128763     DEBUG main            d.u.i.k.p.r.p.TestFile    ... success: reloaded. 
128764     INFO  main            d.u.i.k.p.r.p.TestFile    Now processing file /home/runner/work/key/key/key.core/../key.ui/examples/standard_key/strings/substring1.key 
128764     INFO  main            d.u.i.k.p.i.AbstractProblemLoader Loading environment from /home/runner/work/key/key/key.core/../key.ui/examples/standard_key/strings/substring1.key 
128764     DEBUG main            d.u.i.k.p.i.AbstractProblemLoader Environment load took 129.3ns 
128765     INFO  main            d.u.i.k.p.i.AbstractProblemLoader Creating init config 
131164     DEBUG main            d.u.i.k.p.i.AbstractProblemLoader Init config took 2.4s 
131180     INFO  main            d.u.i.k.p.i.AbstractProblemLoader Replaying proof substring1.key 
131181     DEBUG main            d.u.i.k.p.i.IntermediateProofReplayer Proof replay took 7.6ns 
131284     INFO  main            d.u.i.k.p.r.p.TestFile    ... finished proof: closed. 
131527     INFO  main            d.u.i.k.p.i.AbstractProblemLoader Loading environment from /home/runner/work/key/key/key.core/../key.ui/examples/standard_key/strings/substring1.key.proof 
131527     DEBUG main            d.u.i.k.p.i.AbstractProblemLoader Environment load took 116.5ns 
131528     INFO  main            d.u.i.k.p.i.AbstractProblemLoader Creating init config 
133866     DEBUG main            d.u.i.k.p.i.AbstractProblemLoader Init config took 2.34s 
133881     INFO  main            d.u.i.k.p.i.AbstractProblemLoader Replaying proof substring1.key.proof 
133883     DEBUG main            d.u.i.k.p.i.IntermediateProofReplayer Proof replay took 510.61ns 
133884     DEBUG main            d.u.i.k.p.r.p.TestFile    ... success: reloaded. 
133885     INFO  main            d.u.i.k.p.r.p.TestFile    Now processing file /home/runner/work/key/key/key.core/../key.ui/examples/standard_key/strings/substring2.key 
133885     INFO  main            d.u.i.k.p.i.AbstractProblemLoader Loading environment from /home/runner/work/key/key/key.core/../key.ui/examples/standard_key/strings/substring2.key 
133886     DEBUG main            d.u.i.k.p.i.AbstractProblemLoader Environment load took 170.5ns 
133887     INFO  main            d.u.i.k.p.i.AbstractProblemLoader Creating init config 
136300     DEBUG main            d.u.i.k.p.i.AbstractProblemLoader Init config took 2.41s 
136314     INFO  main            d.u.i.k.p.i.AbstractProblemLoader Replaying proof substring2.key 
136315     DEBUG main            d.u.i.k.p.i.IntermediateProofReplayer Proof replay took 7.8ns 
136417     INFO  main            d.u.i.k.p.r.p.TestFile    ... finished proof: closed. 
136670     INFO  main            d.u.i.k.p.i.AbstractProblemLoader Loading environment from /home/runner/work/key/key/key.core/../key.ui/examples/standard_key/strings/substring2.key.proof 
136670     DEBUG main            d.u.i.k.p.i.AbstractProblemLoader Environment load took 115.1ns 
136672     INFO  main            d.u.i.k.p.i.AbstractProblemLoader Creating init config 
138998     DEBUG main            d.u.i.k.p.i.AbstractProblemLoader Init config took 2.33s 
139012     INFO  main            d.u.i.k.p.i.AbstractProblemLoader Replaying proof substring2.key.proof 
139014     DEBUG main            d.u.i.k.p.i.IntermediateProofReplayer Proof replay took 768.91ns 
139015     DEBUG main            d.u.i.k.p.r.p.TestFile    ... success: reloaded. 
139016     INFO  main            d.u.i.k.p.r.p.TestFile    Now processing file /home/runner/work/key/key/key.core/../key.ui/examples/standard_key/strings/substring3.key 
139017     INFO  main            d.u.i.k.p.i.AbstractProblemLoader Loading environment from /home/runner/work/key/key/key.core/../key.ui/examples/standard_key/strings/substring3.key 
139017     DEBUG main            d.u.i.k.p.i.AbstractProblemLoader Environment load took 179.8ns 
139018     INFO  main            d.u.i.k.p.i.AbstractProblemLoader Creating init config 
141413     DEBUG main            d.u.i.k.p.i.AbstractProblemLoader Init config took 2.4s 
141427     INFO  main            d.u.i.k.p.i.AbstractProblemLoader Replaying proof substring3.key 
141428     DEBUG main            d.u.i.k.p.i.IntermediateProofReplayer Proof replay took 7.4ns 
141533     INFO  main            d.u.i.k.p.r.p.TestFile    ... finished proof: closed. 
141790     INFO  main            d.u.i.k.p.i.AbstractProblemLoader Loading environment from /home/runner/work/key/key/key.core/../key.ui/examples/standard_key/strings/substring3.key.proof 
141791     DEBUG main            d.u.i.k.p.i.AbstractProblemLoader Environment load took 116.6ns 
141792     INFO  main            d.u.i.k.p.i.AbstractProblemLoader Creating init config 
144135     DEBUG main            d.u.i.k.p.i.AbstractProblemLoader Init config took 2.34s 
144148     INFO  main            d.u.i.k.p.i.AbstractProblemLoader Replaying proof substring3.key.proof 
144152     DEBUG main            d.u.i.k.p.i.IntermediateProofReplayer Proof replay took 1.64ms 
144153     DEBUG main            d.u.i.k.p.r.p.TestFile    ... success: reloaded. 
144153     INFO  main            d.u.i.k.p.r.p.TestFile    Now processing file /home/runner/work/key/key/key.core/../key.ui/examples/standard_key/strings/substring4.key 
144154     INFO  main            d.u.i.k.p.i.AbstractProblemLoader Loading environment from /home/runner/work/key/key/key.core/../key.ui/examples/standard_key/strings/substring4.key 
144154     DEBUG main            d.u.i.k.p.i.AbstractProblemLoader Environment load took 153.3ns 
144155     INFO  main            d.u.i.k.p.i.AbstractProblemLoader Creating init config 
146556     DEBUG main            d.u.i.k.p.i.AbstractProblemLoader Init config took 2.4s 
146570     INFO  main            d.u.i.k.p.i.AbstractProblemLoader Replaying proof substring4.key 
146571     DEBUG main            d.u.i.k.p.i.IntermediateProofReplayer Proof replay took 8ns 
146677     INFO  main            d.u.i.k.p.r.p.TestFile    ... finished proof: closed. 
146952     INFO  main            d.u.i.k.p.i.AbstractProblemLoader Loading environment from /home/runner/work/key/key/key.core/../key.ui/examples/standard_key/strings/substring4.key.proof 
146953     DEBUG main            d.u.i.k.p.i.AbstractProblemLoader Environment load took 125ns 
146954     INFO  main            d.u.i.k.p.i.AbstractProblemLoader Creating init config 
149311     DEBUG main            d.u.i.k.p.i.AbstractProblemLoader Init config took 2.36s 
149325     INFO  main            d.u.i.k.p.i.AbstractProblemLoader Replaying proof substring4.key.proof 
149329     DEBUG main            d.u.i.k.p.i.IntermediateProofReplayer Proof replay took 2.16ms 
149330     DEBUG main            d.u.i.k.p.r.p.TestFile    ... success: reloaded. 
149330     INFO  main            d.u.i.k.p.r.p.TestFile    Now processing file /home/runner/work/key/key/key.core/../key.ui/examples/standard_key/strings/substring5.key 
149330     INFO  main            d.u.i.k.p.i.AbstractProblemLoader Loading environment from /home/runner/work/key/key/key.core/../key.ui/examples/standard_key/strings/substring5.key 
149331     DEBUG main            d.u.i.k.p.i.AbstractProblemLoader Environment load took 68.1ns 
149332     INFO  main            d.u.i.k.p.i.AbstractProblemLoader Creating init config 
151706     DEBUG main            d.u.i.k.p.i.AbstractProblemLoader Init config took 2.37s 
151721     INFO  main            d.u.i.k.p.i.AbstractProblemLoader Replaying proof substring5.key 
151722     DEBUG main            d.u.i.k.p.i.IntermediateProofReplayer Proof replay took 8.2ns 
152026     INFO  main            d.u.i.k.p.r.p.TestFile    ... finished proof: closed. 
152310     INFO  main            d.u.i.k.p.i.AbstractProblemLoader Loading environment from /home/runner/work/key/key/key.core/../key.ui/examples/standard_key/strings/substring5.key.proof 
152310     DEBUG main            d.u.i.k.p.i.AbstractProblemLoader Environment load took 109.8ns 
152311     INFO  main            d.u.i.k.p.i.AbstractProblemLoader Creating init config 
154656     DEBUG main            d.u.i.k.p.i.AbstractProblemLoader Init config took 2.34s 
154670     INFO  main            d.u.i.k.p.i.AbstractProblemLoader Replaying proof substring5.key.proof 
154688     DEBUG main            d.u.i.k.p.i.IntermediateProofReplayer Proof replay took 13.87ms 
154689     DEBUG main            d.u.i.k.p.r.p.TestFile    ... success: reloaded. 
3932946    INFO  Test worker     d.u.i.k.p.r.p.StatisticsFile Returning from test strings 
3932948    INFO  Test worker     d.u.i.k.p.r.p.StatisticsFile Running test simple_info_flow 
365        INFO  Timeout watchdog d.u.i.k.p.r.p.ForkedTestFileRunner Timeout watcher launched (2000 secs.) 
385        WARN  main            d.u.i.k.s.ProofSettings   The settings in /home/runner/.key/proof-settings.props are *not* read. 
432        INFO  main            d.u.i.k.p.r.p.TestFile    Now processing file /home/runner/work/key/key/key.core/../key.ui/examples/heap/information_flow/UpdateAbstraction_ex7_1_insecure.key 
543        INFO  main            d.u.i.k.p.i.AbstractProblemLoader Loading environment from /home/runner/work/key/key/key.core/../key.ui/examples/heap/information_flow/UpdateAbstraction_ex7_1_insecure.key 
560        DEBUG main            d.u.i.k.p.i.AbstractProblemLoader Environment load took 2.2ms 
784        INFO  main            d.u.i.k.p.i.AbstractProblemLoader Creating init config 
1682       DEBUG main            d.u.i.k.j.TypeConverter   No LDT found for Meta 
1682       DEBUG main            d.u.i.k.j.TypeConverter   No LDT found for Meta 
1683       DEBUG main            d.u.i.k.j.TypeConverter   No LDT found for Meta 
1683       DEBUG main            d.u.i.k.j.TypeConverter   No LDT found for Meta 
3277       DEBUG main            d.u.i.k.j.TypeConverter   No LDT found for JavaBigintExpression 
9074       DEBUG main            d.u.i.k.p.i.AbstractProblemLoader Init config took 8.29s 
9258       INFO  main            d.u.i.k.p.i.AbstractProblemLoader Replaying proof UpdateAbstraction[UpdateAbstraction::ex7_1_insecure()].JML operation contract.0 
9323       DEBUG main            d.u.i.k.p.i.IntermediateProofReplayer Proof replay took 37.1ns 
9964       INFO  main            d.u.i.k.p.r.p.TestFile    ... finished proof: open goal(s) 
10087      INFO  main            d.u.i.k.p.r.p.TestFile    Now processing file /home/runner/work/key/key/key.core/../key.ui/examples/heap/information_flow/UpdateAbstraction_ex7_2_insecure.key 
10090      INFO  main            d.u.i.k.p.i.AbstractProblemLoader Loading environment from /home/runner/work/key/key/key.core/../key.ui/examples/heap/information_flow/UpdateAbstraction_ex7_2_insecure.key 
10090      DEBUG main            d.u.i.k.p.i.AbstractProblemLoader Environment load took 370.3ns 
10093      INFO  main            d.u.i.k.p.i.AbstractProblemLoader Creating init config 
13246      DEBUG main            d.u.i.k.p.i.AbstractProblemLoader Init config took 3.15s 
13310      INFO  main            d.u.i.k.p.i.AbstractProblemLoader Replaying proof UpdateAbstraction[UpdateAbstraction::ex7_2_insecure()].JML operation contract.0 
13312      DEBUG main            d.u.i.k.p.i.IntermediateProofReplayer Proof replay took 6.9ns 
13618      INFO  main            d.u.i.k.p.r.p.TestFile    ... finished proof: open goal(s) 
3946866    INFO  Test worker     d.u.i.k.p.r.p.StatisticsFile Returning from test simple_info_flow 
3946868    INFO  Test worker     d.u.i.k.p.r.p.StatisticsFile Running test modelMethods 
339        INFO  Timeout watchdog d.u.i.k.p.r.p.ForkedTestFileRunner Timeout watcher launched (2000 secs.) 
348        WARN  main            d.u.i.k.s.ProofSettings   The settings in /home/runner/.key/proof-settings.props are *not* read. 
375        INFO  main            d.u.i.k.p.r.p.TestFile    Now processing file /home/runner/work/key/key/key.core/../key.ui/examples/heap/model_methods/Cell_footprint_acc.key 
483        INFO  main            d.u.i.k.p.i.AbstractProblemLoader Loading environment from /home/runner/work/key/key/key.core/../key.ui/examples/heap/model_methods/Cell_footprint_acc.key 
509        DEBUG main            d.u.i.k.p.i.AbstractProblemLoader Environment load took 2.02ms 
740        INFO  main            d.u.i.k.p.i.AbstractProblemLoader Creating init config 
1658       DEBUG main            d.u.i.k.j.TypeConverter   No LDT found for Meta 
1659       DEBUG main            d.u.i.k.j.TypeConverter   No LDT found for Meta 
1663       DEBUG main            d.u.i.k.j.TypeConverter   No LDT found for Meta 
1663       DEBUG main            d.u.i.k.j.TypeConverter   No LDT found for Meta 
3063       DEBUG main            d.u.i.k.j.TypeConverter   No LDT found for JavaBigintExpression 
8353       DEBUG main            d.u.i.k.p.i.AbstractProblemLoader Init config took 7.61s 
8486       INFO  main            d.u.i.k.p.i.AbstractProblemLoader Replaying proof Cell[Cell::footprint()].JML accessible clause.0 
8522       DEBUG main            d.u.i.k.p.i.IntermediateProofReplayer Proof replay took 38ns 
8948       INFO  main            d.u.i.k.p.r.p.TestFile    ... finished proof: closed. 
9072       INFO  main            d.u.i.k.p.i.AbstractProblemLoader Loading environment from /home/runner/work/key/key/key.core/../key.ui/examples/heap/model_methods/Cell_footprint_acc.key.proof 
9073       DEBUG main            d.u.i.k.p.i.AbstractProblemLoader Environment load took 498ns 
9075       INFO  main            d.u.i.k.p.i.AbstractProblemLoader Creating init config 
11989      DEBUG main            d.u.i.k.p.i.AbstractProblemLoader Init config took 2.91s 
12062      INFO  main            d.u.i.k.p.i.AbstractProblemLoader Replaying proof Cell[Cell::footprint()].JML accessible clause.0 
12108      DEBUG main            d.u.i.k.p.i.IntermediateProofReplayer Proof replay took 37.78ms 
12116      DEBUG main            d.u.i.k.p.r.p.TestFile    ... success: reloaded. 
12128      INFO  main            d.u.i.k.p.r.p.TestFile    Now processing file /home/runner/work/key/key/key.core/../key.ui/examples/heap/model_methods/Cell_footprint.key 
12128      INFO  main            d.u.i.k.p.i.AbstractProblemLoader Loading environment from /home/runner/work/key/key/key.core/../key.ui/examples/heap/model_methods/Cell_footprint.key 
12128      DEBUG main            d.u.i.k.p.i.AbstractProblemLoader Environment load took 102.7ns 
12130      INFO  main            d.u.i.k.p.i.AbstractProblemLoader Creating init config 
15051      DEBUG main            d.u.i.k.p.i.AbstractProblemLoader Init config took 2.92s 
15122      INFO  main            d.u.i.k.p.i.AbstractProblemLoader Replaying proof Cell[Cell::footprint()].JML model_behavior operation contract.0 
15124      DEBUG main            d.u.i.k.p.i.IntermediateProofReplayer Proof replay took 7.3ns 
15227      INFO  main            d.u.i.k.p.r.p.TestFile    ... finished proof: closed. 
15402      INFO  main            d.u.i.k.p.i.AbstractProblemLoader Loading environment from /home/runner/work/key/key/key.core/../key.ui/examples/heap/model_methods/Cell_footprint.key.proof 
15402      DEBUG main            d.u.i.k.p.i.AbstractProblemLoader Environment load took 157.9ns 
15405      INFO  main            d.u.i.k.p.i.AbstractProblemLoader Creating init config 
18137      DEBUG main            d.u.i.k.p.i.AbstractProblemLoader Init config took 2.73s 
18209      INFO  main            d.u.i.k.p.i.AbstractProblemLoader Replaying proof Cell[Cell::footprint()].JML model_behavior operation contract.0 
18233      DEBUG main            d.u.i.k.p.i.IntermediateProofReplayer Proof replay took 20.04ms 
18235      DEBUG main            d.u.i.k.p.r.p.TestFile    ... success: reloaded. 
18237      INFO  main            d.u.i.k.p.r.p.TestFile    Now processing file /home/runner/work/key/key/key.core/../key.ui/examples/heap/model_methods/Cell_get_acc.key 
18238      INFO  main            d.u.i.k.p.i.AbstractProblemLoader Loading environment from /home/runner/work/key/key/key.core/../key.ui/examples/heap/model_methods/Cell_get_acc.key 
18238      DEBUG main            d.u.i.k.p.i.AbstractProblemLoader Environment load took 247.9ns 
18241      INFO  main            d.u.i.k.p.i.AbstractProblemLoader Creating init config 
21059      DEBUG main            d.u.i.k.p.i.AbstractProblemLoader Init config took 2.82s 
21121      INFO  main            d.u.i.k.p.i.AbstractProblemLoader Replaying proof Cell[Cell::get()].JML accessible clause.0 
21125      DEBUG main            d.u.i.k.p.i.IntermediateProofReplayer Proof replay took 7.1ns 
21435      INFO  main            d.u.i.k.p.r.p.TestFile    ... finished proof: closed. 
21581      INFO  main            d.u.i.k.p.i.AbstractProblemLoader Loading environment from /home/runner/work/key/key/key.core/../key.ui/examples/heap/model_methods/Cell_get_acc.key.proof 
21582      DEBUG main            d.u.i.k.p.i.AbstractProblemLoader Environment load took 387.61ns 
21587      INFO  main            d.u.i.k.p.i.AbstractProblemLoader Creating init config 
24255      DEBUG main            d.u.i.k.p.i.AbstractProblemLoader Init config took 2.67s 
24319      INFO  main            d.u.i.k.p.i.AbstractProblemLoader Replaying proof Cell[Cell::get()].JML accessible clause.0 
24352      DEBUG main            d.u.i.k.p.i.IntermediateProofReplayer Proof replay took 30.75ms 
24354      DEBUG main            d.u.i.k.p.r.p.TestFile    ... success: reloaded. 
24355      INFO  main            d.u.i.k.p.r.p.TestFile    Now processing file /home/runner/work/key/key/key.core/../key.ui/examples/heap/model_methods/Cell_get.key 
24355      INFO  main            d.u.i.k.p.i.AbstractProblemLoader Loading environment from /home/runner/work/key/key/key.core/../key.ui/examples/heap/model_methods/Cell_get.key 
24356      DEBUG main            d.u.i.k.p.i.AbstractProblemLoader Environment load took 226ns 
24357      INFO  main            d.u.i.k.p.i.AbstractProblemLoader Creating init config 
27059      DEBUG main            d.u.i.k.p.i.AbstractProblemLoader Init config took 2.7s 
27112      INFO  main            d.u.i.k.p.i.AbstractProblemLoader Replaying proof Cell[Cell::get()].JML operation contract.0 
27114      DEBUG main            d.u.i.k.p.i.IntermediateProofReplayer Proof replay took 7ns 
27216      INFO  main            d.u.i.k.p.r.p.TestFile    ... finished proof: closed. 
27375      INFO  main            d.u.i.k.p.i.AbstractProblemLoader Loading environment from /home/runner/work/key/key/key.core/../key.ui/examples/heap/model_methods/Cell_get.key.proof 
27375      DEBUG main            d.u.i.k.p.i.AbstractProblemLoader Environment load took 132ns 
27376      INFO  main            d.u.i.k.p.i.AbstractProblemLoader Creating init config 
30011      DEBUG main            d.u.i.k.p.i.AbstractProblemLoader Init config took 2.64s 
30074      INFO  main            d.u.i.k.p.i.AbstractProblemLoader Replaying proof Cell[Cell::get()].JML operation contract.0 
30092      DEBUG main            d.u.i.k.p.i.IntermediateProofReplayer Proof replay took 15.45ms 
30093      DEBUG main            d.u.i.k.p.r.p.TestFile    ... success: reloaded. 
30095      INFO  main            d.u.i.k.p.r.p.TestFile    Now processing file /home/runner/work/key/key/key.core/../key.ui/examples/heap/model_methods/Cell_post_set.key 
30095      INFO  main            d.u.i.k.p.i.AbstractProblemLoader Loading environment from /home/runner/work/key/key/key.core/../key.ui/examples/heap/model_methods/Cell_post_set.key 
30095      DEBUG main            d.u.i.k.p.i.AbstractProblemLoader Environment load took 197.4ns 
30096      INFO  main            d.u.i.k.p.i.AbstractProblemLoader Creating init config 
32745      DEBUG main            d.u.i.k.p.i.AbstractProblemLoader Init config took 2.65s 
32815      INFO  main            d.u.i.k.p.i.AbstractProblemLoader Replaying proof Cell[Cell::post_set(int)].JML model_behavior operation contract.0 
32818      DEBUG main            d.u.i.k.p.i.IntermediateProofReplayer Proof replay took 6.9ns 
32920      INFO  main            d.u.i.k.p.r.p.TestFile    ... finished proof: closed. 
33087      INFO  main            d.u.i.k.p.i.AbstractProblemLoader Loading environment from /home/runner/work/key/key/key.core/../key.ui/examples/heap/model_methods/Cell_post_set.key.proof 
33087      DEBUG main            d.u.i.k.p.i.AbstractProblemLoader Environment load took 151.2ns 
33088      INFO  main            d.u.i.k.p.i.AbstractProblemLoader Creating init config 
35692      DEBUG main            d.u.i.k.p.i.AbstractProblemLoader Init config took 2.6s 
35738      INFO  main            d.u.i.k.p.i.AbstractProblemLoader Replaying proof Cell[Cell::post_set(int)].JML model_behavior operation contract.0 
35745      DEBUG main            d.u.i.k.p.i.IntermediateProofReplayer Proof replay took 5.13ms 
35747      DEBUG main            d.u.i.k.p.r.p.TestFile    ... success: reloaded. 
35748      INFO  main            d.u.i.k.p.r.p.TestFile    Now processing file /home/runner/work/key/key/key.core/../key.ui/examples/heap/model_methods/Cell_set.key 
35748      INFO  main            d.u.i.k.p.i.AbstractProblemLoader Loading environment from /home/runner/work/key/key/key.core/../key.ui/examples/heap/model_methods/Cell_set.key 
35748      DEBUG main            d.u.i.k.p.i.AbstractProblemLoader Environment load took 90.4ns 
35749      INFO  main            d.u.i.k.p.i.AbstractProblemLoader Creating init config 
38425      DEBUG main            d.u.i.k.p.i.AbstractProblemLoader Init config took 2.67s 
38477      INFO  main            d.u.i.k.p.i.AbstractProblemLoader Replaying proof Cell[Cell::set(int)].JML operation contract.0 
38481      DEBUG main            d.u.i.k.p.i.IntermediateProofReplayer Proof replay took 7.9ns 
45114      INFO  main            d.u.i.k.p.r.p.TestFile    ... finished proof: closed. 
45338      INFO  main            d.u.i.k.p.i.AbstractProblemLoader Loading environment from /home/runner/work/key/key/key.core/../key.ui/examples/heap/model_methods/Cell_set.key.proof 
45339      DEBUG main            d.u.i.k.p.i.AbstractProblemLoader Environment load took 901.21ns 
45340      INFO  main            d.u.i.k.p.i.AbstractProblemLoader Creating init config 
47932      DEBUG main            d.u.i.k.p.i.AbstractProblemLoader Init config took 2.59s 
47992      INFO  main            d.u.i.k.p.i.AbstractProblemLoader Replaying proof Cell[Cell::set(int)].JML operation contract.0 
48623      DEBUG main            d.u.i.k.p.i.IntermediateProofReplayer Proof replay took 607.97ms 
48625      DEBUG main            d.u.i.k.p.r.p.TestFile    ... success: reloaded. 
48627      INFO  main            d.u.i.k.p.r.p.TestFile    Now processing file /home/runner/work/key/key/key.core/../key.ui/examples/heap/model_methods/CellTest_callSet.key 
48627      INFO  main            d.u.i.k.p.i.AbstractProblemLoader Loading environment from /home/runner/work/key/key/key.core/../key.ui/examples/heap/model_methods/CellTest_callSet.key 
48627      DEBUG main            d.u.i.k.p.i.AbstractProblemLoader Environment load took 118.1ns 
48628      INFO  main            d.u.i.k.p.i.AbstractProblemLoader Creating init config 
51248      DEBUG main            d.u.i.k.p.i.AbstractProblemLoader Init config took 2.62s 
51294      INFO  main            d.u.i.k.p.i.AbstractProblemLoader Replaying proof CellTest[CellTest::callSet(Cell,int)].JML operation contract.0 
51296      DEBUG main            d.u.i.k.p.i.IntermediateProofReplayer Proof replay took 7.8ns 
51503      INFO  main            d.u.i.k.p.r.p.TestFile    ... finished proof: closed. 
51757      INFO  main            d.u.i.k.p.i.AbstractProblemLoader Loading environment from /home/runner/work/key/key/key.core/../key.ui/examples/heap/model_methods/CellTest_callSet.key.proof 
51757      DEBUG main            d.u.i.k.p.i.AbstractProblemLoader Environment load took 153.2ns 
51759      INFO  main            d.u.i.k.p.i.AbstractProblemLoader Creating init config 
54313      DEBUG main            d.u.i.k.p.i.AbstractProblemLoader Init config took 2.55s 
54359      INFO  main            d.u.i.k.p.i.AbstractProblemLoader Replaying proof CellTest[CellTest::callSet(Cell,int)].JML operation contract.0 
54399      DEBUG main            d.u.i.k.p.i.IntermediateProofReplayer Proof replay took 38.3ms 
54401      DEBUG main            d.u.i.k.p.r.p.TestFile    ... success: reloaded. 
54402      INFO  main            d.u.i.k.p.r.p.TestFile    Now processing file /home/runner/work/key/key/key.core/../key.ui/examples/heap/model_methods/CellTest_test2.key 
54402      INFO  main            d.u.i.k.p.i.AbstractProblemLoader Loading environment from /home/runner/work/key/key/key.core/../key.ui/examples/heap/model_methods/CellTest_test2.key 
54402      DEBUG main            d.u.i.k.p.i.AbstractProblemLoader Environment load took 99.7ns 
54403      INFO  main            d.u.i.k.p.i.AbstractProblemLoader Creating init config 
57055      DEBUG main            d.u.i.k.p.i.AbstractProblemLoader Init config took 2.65s 
57099      INFO  main            d.u.i.k.p.i.AbstractProblemLoader Replaying proof CellTest[CellTest::test2(Cell)].JML operation contract.0 
57101      DEBUG main            d.u.i.k.p.i.IntermediateProofReplayer Proof replay took 7.9ns 
57407      INFO  main            d.u.i.k.p.r.p.TestFile    ... finished proof: closed. 
57598      INFO  main            d.u.i.k.p.i.AbstractProblemLoader Loading environment from /home/runner/work/key/key/key.core/../key.ui/examples/heap/model_methods/CellTest_test2.key.proof 
57598      DEBUG main            d.u.i.k.p.i.AbstractProblemLoader Environment load took 389ns 
57599      INFO  main            d.u.i.k.p.i.AbstractProblemLoader Creating init config 
60194      DEBUG main            d.u.i.k.p.i.AbstractProblemLoader Init config took 2.59s 
60243      INFO  main            d.u.i.k.p.i.AbstractProblemLoader Replaying proof CellTest[CellTest::test2(Cell)].JML operation contract.0 
60312      DEBUG main            d.u.i.k.p.i.IntermediateProofReplayer Proof replay took 65.72ms 
60313      DEBUG main            d.u.i.k.p.r.p.TestFile    ... success: reloaded. 
60314      INFO  main            d.u.i.k.p.r.p.TestFile    Now processing file /home/runner/work/key/key/key.core/../key.ui/examples/heap/model_methods/CellTest_test.key 
60315      INFO  main            d.u.i.k.p.i.AbstractProblemLoader Loading environment from /home/runner/work/key/key/key.core/../key.ui/examples/heap/model_methods/CellTest_test.key 
60315      DEBUG main            d.u.i.k.p.i.AbstractProblemLoader Environment load took 198.6ns 
60316      INFO  main            d.u.i.k.p.i.AbstractProblemLoader Creating init config 
62875      DEBUG main            d.u.i.k.p.i.AbstractProblemLoader Init config took 2.56s 
62917      INFO  main            d.u.i.k.p.i.AbstractProblemLoader Replaying proof CellTest[CellTest::test(Recell)].JML operation contract.0 
62919      DEBUG main            d.u.i.k.p.i.IntermediateProofReplayer Proof replay took 7.4ns 
64729      INFO  main            d.u.i.k.p.r.p.TestFile    ... finished proof: closed. 
64950      INFO  main            d.u.i.k.p.i.AbstractProblemLoader Loading environment from /home/runner/work/key/key/key.core/../key.ui/examples/heap/model_methods/CellTest_test.key.proof 
64953      DEBUG main            d.u.i.k.p.i.AbstractProblemLoader Environment load took 3.22ms 
64954      INFO  main            d.u.i.k.p.i.AbstractProblemLoader Creating init config 
67486      DEBUG main            d.u.i.k.p.i.AbstractProblemLoader Init config took 2.53s 
67534      INFO  main            d.u.i.k.p.i.AbstractProblemLoader Replaying proof CellTest[CellTest::test(Recell)].JML operation contract.0 
67938      DEBUG main            d.u.i.k.p.i.IntermediateProofReplayer Proof replay took 383.04ms 
67940      DEBUG main            d.u.i.k.p.r.p.TestFile    ... success: reloaded. 
67942      INFO  main            d.u.i.k.p.r.p.TestFile    Now processing file /home/runner/work/key/key/key.core/../key.ui/examples/heap/model_methods/Coll1_add.key 
67942      INFO  main            d.u.i.k.p.i.AbstractProblemLoader Loading environment from /home/runner/work/key/key/key.core/../key.ui/examples/heap/model_methods/Coll1_add.key 
67942      DEBUG main            d.u.i.k.p.i.AbstractProblemLoader Environment load took 182.1ns 
67943      INFO  main            d.u.i.k.p.i.AbstractProblemLoader Creating init config 
70555      DEBUG main            d.u.i.k.p.i.AbstractProblemLoader Init config took 2.61s 
70614      INFO  main            d.u.i.k.p.i.AbstractProblemLoader Replaying proof Coll1[Coll::add(int)].JML operation contract.0 
70616      DEBUG main            d.u.i.k.p.i.IntermediateProofReplayer Proof replay took 7ns 
70718      INFO  main            d.u.i.k.p.r.p.TestFile    ... finished proof: closed. 
70906      INFO  main            d.u.i.k.p.i.AbstractProblemLoader Loading environment from /home/runner/work/key/key/key.core/../key.ui/examples/heap/model_methods/Coll1_add.key.proof 
70906      DEBUG main            d.u.i.k.p.i.AbstractProblemLoader Environment load took 128.6ns 
70907      INFO  main            d.u.i.k.p.i.AbstractProblemLoader Creating init config 
73432      DEBUG main            d.u.i.k.p.i.AbstractProblemLoader Init config took 2.52s 
73484      INFO  main            d.u.i.k.p.i.AbstractProblemLoader Replaying proof Coll1[Coll::add(int)].JML operation contract.0 
73493      DEBUG main            d.u.i.k.p.i.IntermediateProofReplayer Proof replay took 7.08ms 
73495      DEBUG main            d.u.i.k.p.r.p.TestFile    ... success: reloaded. 
73496      INFO  main            d.u.i.k.p.r.p.TestFile    Now processing file /home/runner/work/key/key/key.core/../key.ui/examples/heap/model_methods/Coll1_Coll1_add_pre.key 
73496      INFO  main            d.u.i.k.p.i.AbstractProblemLoader Loading environment from /home/runner/work/key/key/key.core/../key.ui/examples/heap/model_methods/Coll1_Coll1_add_pre.key 
73496      DEBUG main            d.u.i.k.p.i.AbstractProblemLoader Environment load took 177.6ns 
73497      INFO  main            d.u.i.k.p.i.AbstractProblemLoader Creating init config 
76085      DEBUG main            d.u.i.k.p.i.AbstractProblemLoader Init config took 2.59s 
76126      INFO  main            d.u.i.k.p.i.AbstractProblemLoader Replaying proof Coll1[Coll1::add_pre(int)].JML model_behavior operation contract.0 
76128      DEBUG main            d.u.i.k.p.i.IntermediateProofReplayer Proof replay took 8.6ns 
76230      INFO  main            d.u.i.k.p.r.p.TestFile    ... finished proof: closed. 
76421      INFO  main            d.u.i.k.p.i.AbstractProblemLoader Loading environment from /home/runner/work/key/key/key.core/../key.ui/examples/heap/model_methods/Coll1_Coll1_add_pre.key.proof 
76421      DEBUG main            d.u.i.k.p.i.AbstractProblemLoader Environment load took 158.7ns 
76422      INFO  main            d.u.i.k.p.i.AbstractProblemLoader Creating init config 
78949      DEBUG main            d.u.i.k.p.i.AbstractProblemLoader Init config took 2.53s 
78991      INFO  main            d.u.i.k.p.i.AbstractProblemLoader Replaying proof Coll1[Coll1::add_pre(int)].JML model_behavior operation contract.0 
78993      DEBUG main            d.u.i.k.p.i.IntermediateProofReplayer Proof replay took 1.37ms 
78994      DEBUG main            d.u.i.k.p.r.p.TestFile    ... success: reloaded. 
78995      INFO  main            d.u.i.k.p.r.p.TestFile    Now processing file /home/runner/work/key/key/key.core/../key.ui/examples/heap/model_methods/Coll1_Coll_add_pre.key 
78996      INFO  main            d.u.i.k.p.i.AbstractProblemLoader Loading environment from /home/runner/work/key/key/key.core/../key.ui/examples/heap/model_methods/Coll1_Coll_add_pre.key 
78996      DEBUG main            d.u.i.k.p.i.AbstractProblemLoader Environment load took 86.7ns 
78997      INFO  main            d.u.i.k.p.i.AbstractProblemLoader Creating init config 
81570      DEBUG main            d.u.i.k.p.i.AbstractProblemLoader Init config took 2.57s 
81613      INFO  main            d.u.i.k.p.i.AbstractProblemLoader Replaying proof Coll1[Coll::add_pre(int)].JML model_behavior operation contract.0 
81614      DEBUG main            d.u.i.k.p.i.IntermediateProofReplayer Proof replay took 5.9ns 
81716      INFO  main            d.u.i.k.p.r.p.TestFile    ... finished proof: closed. 
81915      INFO  main            d.u.i.k.p.i.AbstractProblemLoader Loading environment from /home/runner/work/key/key/key.core/../key.ui/examples/heap/model_methods/Coll1_Coll_add_pre.key.proof 
81915      DEBUG main            d.u.i.k.p.i.AbstractProblemLoader Environment load took 133.6ns 
81916      INFO  main            d.u.i.k.p.i.AbstractProblemLoader Creating init config 
84435      DEBUG main            d.u.i.k.p.i.AbstractProblemLoader Init config took 2.52s 
84477      INFO  main            d.u.i.k.p.i.AbstractProblemLoader Replaying proof Coll1[Coll::add_pre(int)].JML model_behavior operation contract.0 
84480      DEBUG main            d.u.i.k.p.i.IntermediateProofReplayer Proof replay took 2.02ms 
84482      DEBUG main            d.u.i.k.p.r.p.TestFile    ... success: reloaded. 
84483      INFO  main            d.u.i.k.p.r.p.TestFile    Now processing file /home/runner/work/key/key/key.core/../key.ui/examples/heap/model_methods/Coll2_add.key 
84483      INFO  main            d.u.i.k.p.i.AbstractProblemLoader Loading environment from /home/runner/work/key/key/key.core/../key.ui/examples/heap/model_methods/Coll2_add.key 
84483      DEBUG main            d.u.i.k.p.i.AbstractProblemLoader Environment load took 187.1ns 
84484      INFO  main            d.u.i.k.p.i.AbstractProblemLoader Creating init config 
87042      DEBUG main            d.u.i.k.p.i.AbstractProblemLoader Init config took 2.56s 
87085      INFO  main            d.u.i.k.p.i.AbstractProblemLoader Replaying proof Coll2[Coll::add(int)].JML operation contract.0 
87087      DEBUG main            d.u.i.k.p.i.IntermediateProofReplayer Proof replay took 6.1ns 
87189      INFO  main            d.u.i.k.p.r.p.TestFile    ... finished proof: closed. 
87411      INFO  main            d.u.i.k.p.i.AbstractProblemLoader Loading environment from /home/runner/work/key/key/key.core/../key.ui/examples/heap/model_methods/Coll2_add.key.proof 
87411      DEBUG main            d.u.i.k.p.i.AbstractProblemLoader Environment load took 125.8ns 
87412      INFO  main            d.u.i.k.p.i.AbstractProblemLoader Creating init config 
89955      DEBUG main            d.u.i.k.p.i.AbstractProblemLoader Init config took 2.54s 
89997      INFO  main            d.u.i.k.p.i.AbstractProblemLoader Replaying proof Coll2[Coll::add(int)].JML operation contract.0 
90009      DEBUG main            d.u.i.k.p.i.IntermediateProofReplayer Proof replay took 6.75ms 
90011      DEBUG main            d.u.i.k.p.r.p.TestFile    ... success: reloaded. 
90012      INFO  main            d.u.i.k.p.r.p.TestFile    Now processing file /home/runner/work/key/key/key.core/../key.ui/examples/heap/model_methods/Coll2_Coll2_add_pre.key 
90012      INFO  main            d.u.i.k.p.i.AbstractProblemLoader Loading environment from /home/runner/work/key/key/key.core/../key.ui/examples/heap/model_methods/Coll2_Coll2_add_pre.key 
90013      DEBUG main            d.u.i.k.p.i.AbstractProblemLoader Environment load took 183.4ns 
90014      INFO  main            d.u.i.k.p.i.AbstractProblemLoader Creating init config 
92597      DEBUG main            d.u.i.k.p.i.AbstractProblemLoader Init config took 2.58s 
92636      INFO  main            d.u.i.k.p.i.AbstractProblemLoader Replaying proof Coll2[Coll2::add_pre(int)].JML model_behavior operation contract.0 
92638      DEBUG main            d.u.i.k.p.i.IntermediateProofReplayer Proof replay took 7.7ns 
92742      INFO  main            d.u.i.k.p.r.p.TestFile    ... finished proof: closed. 
92991      INFO  main            d.u.i.k.p.i.AbstractProblemLoader Loading environment from /home/runner/work/key/key/key.core/../key.ui/examples/heap/model_methods/Coll2_Coll2_add_pre.key.proof 
92991      DEBUG main            d.u.i.k.p.i.AbstractProblemLoader Environment load took 130.4ns 
92992      INFO  main            d.u.i.k.p.i.AbstractProblemLoader Creating init config 
95545      DEBUG main            d.u.i.k.p.i.AbstractProblemLoader Init config took 2.55s 
95585      INFO  main            d.u.i.k.p.i.AbstractProblemLoader Replaying proof Coll2[Coll2::add_pre(int)].JML model_behavior operation contract.0 
95588      DEBUG main            d.u.i.k.p.i.IntermediateProofReplayer Proof replay took 1.46ms 
95589      DEBUG main            d.u.i.k.p.r.p.TestFile    ... success: reloaded. 
95590      INFO  main            d.u.i.k.p.r.p.TestFile    Now processing file /home/runner/work/key/key/key.core/../key.ui/examples/heap/model_methods/Coll2_Coll_add_pre.key 
95590      INFO  main            d.u.i.k.p.i.AbstractProblemLoader Loading environment from /home/runner/work/key/key/key.core/../key.ui/examples/heap/model_methods/Coll2_Coll_add_pre.key 
95590      DEBUG main            d.u.i.k.p.i.AbstractProblemLoader Environment load took 98.2ns 
95591      INFO  main            d.u.i.k.p.i.AbstractProblemLoader Creating init config 
98107      DEBUG main            d.u.i.k.p.i.AbstractProblemLoader Init config took 2.52s 
98146      INFO  main            d.u.i.k.p.i.AbstractProblemLoader Replaying proof Coll2[Coll::add_pre(int)].JML model_behavior operation contract.0 
98147      DEBUG main            d.u.i.k.p.i.IntermediateProofReplayer Proof replay took 7.1ns 
98249      INFO  main            d.u.i.k.p.r.p.TestFile    ... finished proof: closed. 
98474      INFO  main            d.u.i.k.p.i.AbstractProblemLoader Loading environment from /home/runner/work/key/key/key.core/../key.ui/examples/heap/model_methods/Coll2_Coll_add_pre.key.proof 
98474      DEBUG main            d.u.i.k.p.i.AbstractProblemLoader Environment load took 128.3ns 
98475      INFO  main            d.u.i.k.p.i.AbstractProblemLoader Creating init config 
100966     DEBUG main            d.u.i.k.p.i.AbstractProblemLoader Init config took 2.49s 
101005     INFO  main            d.u.i.k.p.i.AbstractProblemLoader Replaying proof Coll2[Coll::add_pre(int)].JML model_behavior operation contract.0 
101008     DEBUG main            d.u.i.k.p.i.IntermediateProofReplayer Proof replay took 1.97ms 
101009     DEBUG main            d.u.i.k.p.r.p.TestFile    ... success: reloaded. 
101011     INFO  main            d.u.i.k.p.r.p.TestFile    Now processing file /home/runner/work/key/key/key.core/../key.ui/examples/heap/model_methods/Coll_add.key 
101011     INFO  main            d.u.i.k.p.i.AbstractProblemLoader Loading environment from /home/runner/work/key/key/key.core/../key.ui/examples/heap/model_methods/Coll_add.key 
101011     DEBUG main            d.u.i.k.p.i.AbstractProblemLoader Environment load took 80.5ns 
101012     INFO  main            d.u.i.k.p.i.AbstractProblemLoader Creating init config 
103591     DEBUG main            d.u.i.k.p.i.AbstractProblemLoader Init config took 2.58s 
103632     INFO  main            d.u.i.k.p.i.AbstractProblemLoader Replaying proof Coll[Coll::add(int)].JML operation contract.0 
103634     DEBUG main            d.u.i.k.p.i.IntermediateProofReplayer Proof replay took 7.6ns 
103735     INFO  main            d.u.i.k.p.r.p.TestFile    ... finished proof: closed. 
103962     INFO  main            d.u.i.k.p.i.AbstractProblemLoader Loading environment from /home/runner/work/key/key/key.core/../key.ui/examples/heap/model_methods/Coll_add.key.proof 
103962     DEBUG main            d.u.i.k.p.i.AbstractProblemLoader Environment load took 146.4ns 
103963     INFO  main            d.u.i.k.p.i.AbstractProblemLoader Creating init config 
106455     DEBUG main            d.u.i.k.p.i.AbstractProblemLoader Init config took 2.49s 
106501     INFO  main            d.u.i.k.p.i.AbstractProblemLoader Replaying proof Coll[Coll::add(int)].JML operation contract.0 
106507     DEBUG main            d.u.i.k.p.i.IntermediateProofReplayer Proof replay took 2.11ms 
106509     DEBUG main            d.u.i.k.p.r.p.TestFile    ... success: reloaded. 
106510     INFO  main            d.u.i.k.p.r.p.TestFile    Now processing file /home/runner/work/key/key/key.core/../key.ui/examples/heap/model_methods/Coll_add_pre.key 
106510     INFO  main            d.u.i.k.p.i.AbstractProblemLoader Loading environment from /home/runner/work/key/key/key.core/../key.ui/examples/heap/model_methods/Coll_add_pre.key 
106510     DEBUG main            d.u.i.k.p.i.AbstractProblemLoader Environment load took 139.4ns 
106512     INFO  main            d.u.i.k.p.i.AbstractProblemLoader Creating init config 
109070     DEBUG main            d.u.i.k.p.i.AbstractProblemLoader Init config took 2.56s 
109109     INFO  main            d.u.i.k.p.i.AbstractProblemLoader Replaying proof Coll[Coll::add_pre(int)].JML model_behavior operation contract.0 
109111     DEBUG main            d.u.i.k.p.i.IntermediateProofReplayer Proof replay took 6.7ns 
109213     INFO  main            d.u.i.k.p.r.p.TestFile    ... finished proof: closed. 
109448     INFO  main            d.u.i.k.p.i.AbstractProblemLoader Loading environment from /home/runner/work/key/key/key.core/../key.ui/examples/heap/model_methods/Coll_add_pre.key.proof 
109448     DEBUG main            d.u.i.k.p.i.AbstractProblemLoader Environment load took 168.5ns 
109449     INFO  main            d.u.i.k.p.i.AbstractProblemLoader Creating init config 
111928     DEBUG main            d.u.i.k.p.i.AbstractProblemLoader Init config took 2.48s 
111975     INFO  main            d.u.i.k.p.i.AbstractProblemLoader Replaying proof Coll[Coll::add_pre(int)].JML model_behavior operation contract.0 
111979     DEBUG main            d.u.i.k.p.i.IntermediateProofReplayer Proof replay took 2.31ms 
111980     DEBUG main            d.u.i.k.p.r.p.TestFile    ... success: reloaded. 
111981     INFO  main            d.u.i.k.p.r.p.TestFile    Now processing file /home/runner/work/key/key/key.core/../key.ui/examples/heap/model_methods/Indirect_callAdd.key 
111981     INFO  main            d.u.i.k.p.i.AbstractProblemLoader Loading environment from /home/runner/work/key/key/key.core/../key.ui/examples/heap/model_methods/Indirect_callAdd.key 
111981     DEBUG main            d.u.i.k.p.i.AbstractProblemLoader Environment load took 80.7ns 
111982     INFO  main            d.u.i.k.p.i.AbstractProblemLoader Creating init config 
114539     DEBUG main            d.u.i.k.p.i.AbstractProblemLoader Init config took 2.56s 
114578     INFO  main            d.u.i.k.p.i.AbstractProblemLoader Replaying proof Indirect[Indirect::callAdd(Coll,int)].JML operation contract.0 
114579     DEBUG main            d.u.i.k.p.i.IntermediateProofReplayer Proof replay took 7.4ns 
114681     INFO  main            d.u.i.k.p.r.p.TestFile    ... finished proof: closed. 
114934     INFO  main            d.u.i.k.p.i.AbstractProblemLoader Loading environment from /home/runner/work/key/key/key.core/../key.ui/examples/heap/model_methods/Indirect_callAdd.key.proof 
114934     DEBUG main            d.u.i.k.p.i.AbstractProblemLoader Environment load took 120ns 
114935     INFO  main            d.u.i.k.p.i.AbstractProblemLoader Creating init config 
117417     DEBUG main            d.u.i.k.p.i.AbstractProblemLoader Init config took 2.48s 
117458     INFO  main            d.u.i.k.p.i.AbstractProblemLoader Replaying proof Indirect[Indirect::callAdd(Coll,int)].JML operation contract.0 
117482     DEBUG main            d.u.i.k.p.i.IntermediateProofReplayer Proof replay took 21.47ms 
117483     DEBUG main            d.u.i.k.p.r.p.TestFile    ... success: reloaded. 
117484     INFO  main            d.u.i.k.p.r.p.TestFile    Now processing file /home/runner/work/key/key/key.core/../key.ui/examples/heap/model_methods/Indirect_test.key 
117484     INFO  main            d.u.i.k.p.i.AbstractProblemLoader Loading environment from /home/runner/work/key/key/key.core/../key.ui/examples/heap/model_methods/Indirect_test.key 
117484     DEBUG main            d.u.i.k.p.i.AbstractProblemLoader Environment load took 74.6ns 
117485     INFO  main            d.u.i.k.p.i.AbstractProblemLoader Creating init config 
120054     DEBUG main            d.u.i.k.p.i.AbstractProblemLoader Init config took 2.57s 
120093     INFO  main            d.u.i.k.p.i.AbstractProblemLoader Replaying proof Indirect[Indirect::test(Coll1,Coll2)].JML operation contract.0 
120095     DEBUG main            d.u.i.k.p.i.IntermediateProofReplayer Proof replay took 6.5ns 
120299     INFO  main            d.u.i.k.p.r.p.TestFile    ... finished proof: closed. 
120584     INFO  main            d.u.i.k.p.i.AbstractProblemLoader Loading environment from /home/runner/work/key/key/key.core/../key.ui/examples/heap/model_methods/Indirect_test.key.proof 
120584     DEBUG main            d.u.i.k.p.i.AbstractProblemLoader Environment load took 126ns 
120585     INFO  main            d.u.i.k.p.i.AbstractProblemLoader Creating init config 
123062     DEBUG main            d.u.i.k.p.i.AbstractProblemLoader Init config took 2.48s 
123102     INFO  main            d.u.i.k.p.i.AbstractProblemLoader Replaying proof Indirect[Indirect::test(Coll1,Coll2)].JML operation contract.0 
123154     DEBUG main            d.u.i.k.p.i.IntermediateProofReplayer Proof replay took 48.84ms 
123155     DEBUG main            d.u.i.k.p.r.p.TestFile    ... success: reloaded. 
123156     INFO  main            d.u.i.k.p.r.p.TestFile    Now processing file /home/runner/work/key/key/key.core/../key.ui/examples/heap/model_methods/Recell_Cell_footprint.key 
123156     INFO  main            d.u.i.k.p.i.AbstractProblemLoader Loading environment from /home/runner/work/key/key/key.core/../key.ui/examples/heap/model_methods/Recell_Cell_footprint.key 
123156     DEBUG main            d.u.i.k.p.i.AbstractProblemLoader Environment load took 84.7ns 
123157     INFO  main            d.u.i.k.p.i.AbstractProblemLoader Creating init config 
125731     DEBUG main            d.u.i.k.p.i.AbstractProblemLoader Init config took 2.57s 
125770     INFO  main            d.u.i.k.p.i.AbstractProblemLoader Replaying proof Recell[Cell::footprint()].JML model_behavior operation contract.0 
125771     DEBUG main            d.u.i.k.p.i.IntermediateProofReplayer Proof replay took 7ns 
125874     INFO  main            d.u.i.k.p.r.p.TestFile    ... finished proof: closed. 
126120     INFO  main            d.u.i.k.p.i.AbstractProblemLoader Loading environment from /home/runner/work/key/key/key.core/../key.ui/examples/heap/model_methods/Recell_Cell_footprint.key.proof 
126120     DEBUG main            d.u.i.k.p.i.AbstractProblemLoader Environment load took 116.3ns 
126121     INFO  main            d.u.i.k.p.i.AbstractProblemLoader Creating init config 
128613     DEBUG main            d.u.i.k.p.i.AbstractProblemLoader Init config took 2.49s 
128655     INFO  main            d.u.i.k.p.i.AbstractProblemLoader Replaying proof Recell[Cell::footprint()].JML model_behavior operation contract.0 
128659     DEBUG main            d.u.i.k.p.i.IntermediateProofReplayer Proof replay took 2.44ms 
128660     DEBUG main            d.u.i.k.p.r.p.TestFile    ... success: reloaded. 
128661     INFO  main            d.u.i.k.p.r.p.TestFile    Now processing file /home/runner/work/key/key/key.core/../key.ui/examples/heap/model_methods/Recell_Cell_post_set.key 
128661     INFO  main            d.u.i.k.p.i.AbstractProblemLoader Loading environment from /home/runner/work/key/key/key.core/../key.ui/examples/heap/model_methods/Recell_Cell_post_set.key 
128661     DEBUG main            d.u.i.k.p.i.AbstractProblemLoader Environment load took 61.5ns 
128662     INFO  main            d.u.i.k.p.i.AbstractProblemLoader Creating init config 
131205     DEBUG main            d.u.i.k.p.i.AbstractProblemLoader Init config took 2.54s 
131250     INFO  main            d.u.i.k.p.i.AbstractProblemLoader Replaying proof Recell[Cell::post_set(int)].JML model_behavior operation contract.0 
131252     DEBUG main            d.u.i.k.p.i.IntermediateProofReplayer Proof replay took 7.5ns 
131354     INFO  main            d.u.i.k.p.r.p.TestFile    ... finished proof: closed. 
131606     INFO  main            d.u.i.k.p.i.AbstractProblemLoader Loading environment from /home/runner/work/key/key/key.core/../key.ui/examples/heap/model_methods/Recell_Cell_post_set.key.proof 
131606     DEBUG main            d.u.i.k.p.i.AbstractProblemLoader Environment load took 131.2ns 
131607     INFO  main            d.u.i.k.p.i.AbstractProblemLoader Creating init config 
134076     DEBUG main            d.u.i.k.p.i.AbstractProblemLoader Init config took 2.47s 
134115     INFO  main            d.u.i.k.p.i.AbstractProblemLoader Replaying proof Recell[Cell::post_set(int)].JML model_behavior operation contract.0 
134120     DEBUG main            d.u.i.k.p.i.IntermediateProofReplayer Proof replay took 3.24ms 
134121     DEBUG main            d.u.i.k.p.r.p.TestFile    ... success: reloaded. 
134122     INFO  main            d.u.i.k.p.r.p.TestFile    Now processing file /home/runner/work/key/key/key.core/../key.ui/examples/heap/model_methods/Recell_footprint_acc.key 
134122     INFO  main            d.u.i.k.p.i.AbstractProblemLoader Loading environment from /home/runner/work/key/key/key.core/../key.ui/examples/heap/model_methods/Recell_footprint_acc.key 
134122     DEBUG main            d.u.i.k.p.i.AbstractProblemLoader Environment load took 57.6ns 
134123     INFO  main            d.u.i.k.p.i.AbstractProblemLoader Creating init config 
136660     DEBUG main            d.u.i.k.p.i.AbstractProblemLoader Init config took 2.54s 
136698     INFO  main            d.u.i.k.p.i.AbstractProblemLoader Replaying proof Recell[Cell::footprint()].JML accessible clause.0 
136700     DEBUG main            d.u.i.k.p.i.IntermediateProofReplayer Proof replay took 7.3ns 
136802     INFO  main            d.u.i.k.p.r.p.TestFile    ... finished proof: closed. 
137114     INFO  main            d.u.i.k.p.i.AbstractProblemLoader Loading environment from /home/runner/work/key/key/key.core/../key.ui/examples/heap/model_methods/Recell_footprint_acc.key.proof 
137114     DEBUG main            d.u.i.k.p.i.AbstractProblemLoader Environment load took 121.2ns 
137115     INFO  main            d.u.i.k.p.i.AbstractProblemLoader Creating init config 
139581     DEBUG main            d.u.i.k.p.i.AbstractProblemLoader Init config took 2.47s 
139618     INFO  main            d.u.i.k.p.i.AbstractProblemLoader Replaying proof Recell[Cell::footprint()].JML accessible clause.0 
139636     DEBUG main            d.u.i.k.p.i.IntermediateProofReplayer Proof replay took 15.93ms 
139637     DEBUG main            d.u.i.k.p.r.p.TestFile    ... success: reloaded. 
139638     INFO  main            d.u.i.k.p.r.p.TestFile    Now processing file /home/runner/work/key/key/key.core/../key.ui/examples/heap/model_methods/Recell_get_acc.key 
139638     INFO  main            d.u.i.k.p.i.AbstractProblemLoader Loading environment from /home/runner/work/key/key/key.core/../key.ui/examples/heap/model_methods/Recell_get_acc.key 
139639     DEBUG main            d.u.i.k.p.i.AbstractProblemLoader Environment load took 86.2ns 
139639     INFO  main            d.u.i.k.p.i.AbstractProblemLoader Creating init config 
142143     DEBUG main            d.u.i.k.p.i.AbstractProblemLoader Init config took 2.5s 
142181     INFO  main            d.u.i.k.p.i.AbstractProblemLoader Replaying proof Recell[Cell::get()].JML accessible clause.0 
142183     DEBUG main            d.u.i.k.p.i.IntermediateProofReplayer Proof replay took 7.8ns 
142285     INFO  main            d.u.i.k.p.r.p.TestFile    ... finished proof: closed. 
142570     INFO  main            d.u.i.k.p.i.AbstractProblemLoader Loading environment from /home/runner/work/key/key/key.core/../key.ui/examples/heap/model_methods/Recell_get_acc.key.proof 
142570     DEBUG main            d.u.i.k.p.i.AbstractProblemLoader Environment load took 111.3ns 
142571     INFO  main            d.u.i.k.p.i.AbstractProblemLoader Creating init config 
145041     DEBUG main            d.u.i.k.p.i.AbstractProblemLoader Init config took 2.47s 
145079     INFO  main            d.u.i.k.p.i.AbstractProblemLoader Replaying proof Recell[Cell::get()].JML accessible clause.0 
145096     DEBUG main            d.u.i.k.p.i.IntermediateProofReplayer Proof replay took 14.7ms 
145097     DEBUG main            d.u.i.k.p.r.p.TestFile    ... success: reloaded. 
145098     INFO  main            d.u.i.k.p.r.p.TestFile    Now processing file /home/runner/work/key/key/key.core/../key.ui/examples/heap/model_methods/Recell_get.key 
145098     INFO  main            d.u.i.k.p.i.AbstractProblemLoader Loading environment from /home/runner/work/key/key/key.core/../key.ui/examples/heap/model_methods/Recell_get.key 
145098     DEBUG main            d.u.i.k.p.i.AbstractProblemLoader Environment load took 107.2ns 
145099     INFO  main            d.u.i.k.p.i.AbstractProblemLoader Creating init config 
147628     DEBUG main            d.u.i.k.p.i.AbstractProblemLoader Init config took 2.53s 
147667     INFO  main            d.u.i.k.p.i.AbstractProblemLoader Replaying proof Recell[Cell::get()].JML operation contract.0 
147669     DEBUG main            d.u.i.k.p.i.IntermediateProofReplayer Proof replay took 9ns 
147770     INFO  main            d.u.i.k.p.r.p.TestFile    ... finished proof: closed. 
148046     INFO  main            d.u.i.k.p.i.AbstractProblemLoader Loading environment from /home/runner/work/key/key/key.core/../key.ui/examples/heap/model_methods/Recell_get.key.proof 
148046     DEBUG main            d.u.i.k.p.i.AbstractProblemLoader Environment load took 113.5ns 
148047     INFO  main            d.u.i.k.p.i.AbstractProblemLoader Creating init config 
150507     DEBUG main            d.u.i.k.p.i.AbstractProblemLoader Init config took 2.46s 
150546     INFO  main            d.u.i.k.p.i.AbstractProblemLoader Replaying proof Recell[Cell::get()].JML operation contract.0 
150556     DEBUG main            d.u.i.k.p.i.IntermediateProofReplayer Proof replay took 8.01ms 
150558     DEBUG main            d.u.i.k.p.r.p.TestFile    ... success: reloaded. 
150559     INFO  main            d.u.i.k.p.r.p.TestFile    Now processing file /home/runner/work/key/key/key.core/../key.ui/examples/heap/model_methods/Recell_Recell_footprint.key 
150559     INFO  main            d.u.i.k.p.i.AbstractProblemLoader Loading environment from /home/runner/work/key/key/key.core/../key.ui/examples/heap/model_methods/Recell_Recell_footprint.key 
150559     DEBUG main            d.u.i.k.p.i.AbstractProblemLoader Environment load took 173ns 
150560     INFO  main            d.u.i.k.p.i.AbstractProblemLoader Creating init config 
153148     DEBUG main            d.u.i.k.p.i.AbstractProblemLoader Init config took 2.59s 
153186     INFO  main            d.u.i.k.p.i.AbstractProblemLoader Replaying proof Recell[Recell::footprint()].JML model_behavior operation contract.0 
153188     DEBUG main            d.u.i.k.p.i.IntermediateProofReplayer Proof replay took 8ns 
153290     INFO  main            d.u.i.k.p.r.p.TestFile    ... finished proof: closed. 
153593     INFO  main            d.u.i.k.p.i.AbstractProblemLoader Loading environment from /home/runner/work/key/key/key.core/../key.ui/examples/heap/model_methods/Recell_Recell_footprint.key.proof 
153594     DEBUG main            d.u.i.k.p.i.AbstractProblemLoader Environment load took 107.8ns 
153594     INFO  main            d.u.i.k.p.i.AbstractProblemLoader Creating init config 
156068     DEBUG main            d.u.i.k.p.i.AbstractProblemLoader Init config took 2.47s 
156105     INFO  main            d.u.i.k.p.i.AbstractProblemLoader Replaying proof Recell[Recell::footprint()].JML model_behavior operation contract.0 
156108     DEBUG main            d.u.i.k.p.i.IntermediateProofReplayer Proof replay took 1.3ms 
156109     DEBUG main            d.u.i.k.p.r.p.TestFile    ... success: reloaded. 
156110     INFO  main            d.u.i.k.p.r.p.TestFile    Now processing file /home/runner/work/key/key/key.core/../key.ui/examples/heap/model_methods/Recell_Recell_post_set.key 
156110     INFO  main            d.u.i.k.p.i.AbstractProblemLoader Loading environment from /home/runner/work/key/key/key.core/../key.ui/examples/heap/model_methods/Recell_Recell_post_set.key 
156110     DEBUG main            d.u.i.k.p.i.AbstractProblemLoader Environment load took 197.8ns 
156111     INFO  main            d.u.i.k.p.i.AbstractProblemLoader Creating init config 
158635     DEBUG main            d.u.i.k.p.i.AbstractProblemLoader Init config took 2.52s 
158672     INFO  main            d.u.i.k.p.i.AbstractProblemLoader Replaying proof Recell[Recell::post_set(int)].JML model_behavior operation contract.0 
158674     DEBUG main            d.u.i.k.p.i.IntermediateProofReplayer Proof replay took 7.9ns 
158776     INFO  main            d.u.i.k.p.r.p.TestFile    ... finished proof: closed. 
159072     INFO  main            d.u.i.k.p.i.AbstractProblemLoader Loading environment from /home/runner/work/key/key/key.core/../key.ui/examples/heap/model_methods/Recell_Recell_post_set.key.proof 
159072     DEBUG main            d.u.i.k.p.i.AbstractProblemLoader Environment load took 105.8ns 
159073     INFO  main            d.u.i.k.p.i.AbstractProblemLoader Creating init config 
161569     DEBUG main            d.u.i.k.p.i.AbstractProblemLoader Init config took 2.5s 
161606     INFO  main            d.u.i.k.p.i.AbstractProblemLoader Replaying proof Recell[Recell::post_set(int)].JML model_behavior operation contract.0 
161611     DEBUG main            d.u.i.k.p.i.IntermediateProofReplayer Proof replay took 2.03ms 
161612     DEBUG main            d.u.i.k.p.r.p.TestFile    ... success: reloaded. 
161612     INFO  main            d.u.i.k.p.r.p.TestFile    Now processing file /home/runner/work/key/key/key.core/../key.ui/examples/heap/model_methods/Recell_set.key 
161613     INFO  main            d.u.i.k.p.i.AbstractProblemLoader Loading environment from /home/runner/work/key/key/key.core/../key.ui/examples/heap/model_methods/Recell_set.key 
161613     DEBUG main            d.u.i.k.p.i.AbstractProblemLoader Environment load took 98.2ns 
161614     INFO  main            d.u.i.k.p.i.AbstractProblemLoader Creating init config 
164128     DEBUG main            d.u.i.k.p.i.AbstractProblemLoader Init config took 2.51s 
164165     INFO  main            d.u.i.k.p.i.AbstractProblemLoader Replaying proof Recell[Cell::set(int)].JML operation contract.0 
164167     DEBUG main            d.u.i.k.p.i.IntermediateProofReplayer Proof replay took 8.3ns 
170696     INFO  main            d.u.i.k.p.r.p.TestFile    ... finished proof: closed. 
171007     INFO  main            d.u.i.k.p.i.AbstractProblemLoader Loading environment from /home/runner/work/key/key/key.core/../key.ui/examples/heap/model_methods/Recell_set.key.proof 
171008     DEBUG main            d.u.i.k.p.i.AbstractProblemLoader Environment load took 349.6ns 
171009     INFO  main            d.u.i.k.p.i.AbstractProblemLoader Creating init config 
173486     DEBUG main            d.u.i.k.p.i.AbstractProblemLoader Init config took 2.48s 
173524     INFO  main            d.u.i.k.p.i.AbstractProblemLoader Replaying proof Recell[Cell::set(int)].JML operation contract.0 
173926     DEBUG main            d.u.i.k.p.i.IntermediateProofReplayer Proof replay took 382.93ms 
173928     DEBUG main            d.u.i.k.p.r.p.TestFile    ... success: reloaded. 
173929     INFO  main            d.u.i.k.p.r.p.TestFile    Now processing file /home/runner/work/key/key/key.core/../key.ui/examples/heap/model_methods/Recell_undo.key 
173929     INFO  main            d.u.i.k.p.i.AbstractProblemLoader Loading environment from /home/runner/work/key/key/key.core/../key.ui/examples/heap/model_methods/Recell_undo.key 
173929     DEBUG main            d.u.i.k.p.i.AbstractProblemLoader Environment load took 169.6ns 
173930     INFO  main            d.u.i.k.p.i.AbstractProblemLoader Creating init config 
176462     DEBUG main            d.u.i.k.p.i.AbstractProblemLoader Init config took 2.53s 
176500     INFO  main            d.u.i.k.p.i.AbstractProblemLoader Replaying proof Recell[Recell::undo()].JML operation contract.0 
176501     DEBUG main            d.u.i.k.p.i.IntermediateProofReplayer Proof replay took 7.3ns 
176606     INFO  main            d.u.i.k.p.r.p.TestFile    ... finished proof: closed. 
176916     INFO  main            d.u.i.k.p.i.AbstractProblemLoader Loading environment from /home/runner/work/key/key/key.core/../key.ui/examples/heap/model_methods/Recell_undo.key.proof 
176916     DEBUG main            d.u.i.k.p.i.AbstractProblemLoader Environment load took 128.9ns 
176917     INFO  main            d.u.i.k.p.i.AbstractProblemLoader Creating init config 
179362     DEBUG main            d.u.i.k.p.i.AbstractProblemLoader Init config took 2.44s 
179403     INFO  main            d.u.i.k.p.i.AbstractProblemLoader Replaying proof Recell[Recell::undo()].JML operation contract.0 
179445     DEBUG main            d.u.i.k.p.i.IntermediateProofReplayer Proof replay took 39ms 
179446     DEBUG main            d.u.i.k.p.r.p.TestFile    ... success: reloaded. 
4126509    INFO  Test worker     d.u.i.k.p.r.p.StatisticsFile Returning from test modelMethods 
4126512    INFO  Test worker     d.u.i.k.p.r.p.StatisticsFile Running test permissionHeap 
383        INFO  Timeout watchdog d.u.i.k.p.r.p.ForkedTestFileRunner Timeout watcher launched (2000 secs.) 
400        WARN  main            d.u.i.k.s.ProofSettings   The settings in /home/runner/.key/proof-settings.props are *not* read. 
450        INFO  main            d.u.i.k.p.r.p.TestFile    Now processing file /home/runner/work/key/key/key.core/../key.ui/examples/heap/permissions/permissions_method0.key 
577        INFO  main            d.u.i.k.p.i.AbstractProblemLoader Loading environment from /home/runner/work/key/key/key.core/../key.ui/examples/heap/permissions/permissions_method0.key 
594        DEBUG main            d.u.i.k.p.i.AbstractProblemLoader Environment load took 2.27ms 
830        INFO  main            d.u.i.k.p.i.AbstractProblemLoader Creating init config 
1821       DEBUG main            d.u.i.k.j.TypeConverter   No LDT found for Meta 
1821       DEBUG main            d.u.i.k.j.TypeConverter   No LDT found for Meta 
1824       DEBUG main            d.u.i.k.j.TypeConverter   No LDT found for Meta 
1824       DEBUG main            d.u.i.k.j.TypeConverter   No LDT found for Meta 
3274       DEBUG main            d.u.i.k.j.TypeConverter   No LDT found for JavaBigintExpression 
8383       DEBUG main            d.u.i.k.p.i.AbstractProblemLoader Init config took 7.55s 
8510       INFO  main            d.u.i.k.p.i.AbstractProblemLoader Replaying proof MyClass[MyClass::method0()].JML normal_behavior operation contract.0 
8546       DEBUG main            d.u.i.k.p.i.IntermediateProofReplayer Proof replay took 36.5ns 
9567       INFO  main            d.u.i.k.p.r.p.TestFile    ... finished proof: closed. 
9743       INFO  main            d.u.i.k.p.i.AbstractProblemLoader Loading environment from /home/runner/work/key/key/key.core/../key.ui/examples/heap/permissions/permissions_method0.key.proof 
9743       DEBUG main            d.u.i.k.p.i.AbstractProblemLoader Environment load took 166.4ns 
9749       INFO  main            d.u.i.k.p.i.AbstractProblemLoader Creating init config 
12780      DEBUG main            d.u.i.k.p.i.AbstractProblemLoader Init config took 3.03s 
12847      INFO  main            d.u.i.k.p.i.AbstractProblemLoader Replaying proof MyClass[MyClass::method0()].JML normal_behavior operation contract.0 
13009      DEBUG main            d.u.i.k.p.i.IntermediateProofReplayer Proof replay took 156.79ms 
13017      DEBUG main            d.u.i.k.p.r.p.TestFile    ... success: reloaded. 
13021      INFO  main            d.u.i.k.p.r.p.TestFile    Now processing file /home/runner/work/key/key/key.core/../key.ui/examples/heap/permissions/permissions_method1.key 
13022      INFO  main            d.u.i.k.p.i.AbstractProblemLoader Loading environment from /home/runner/work/key/key/key.core/../key.ui/examples/heap/permissions/permissions_method1.key 
13022      DEBUG main            d.u.i.k.p.i.AbstractProblemLoader Environment load took 327.3ns 
13025      INFO  main            d.u.i.k.p.i.AbstractProblemLoader Creating init config 
15906      DEBUG main            d.u.i.k.p.i.AbstractProblemLoader Init config took 2.88s 
15969      INFO  main            d.u.i.k.p.i.AbstractProblemLoader Replaying proof MyClass[MyClass::method1()].JML normal_behavior operation contract.0 
15972      DEBUG main            d.u.i.k.p.i.IntermediateProofReplayer Proof replay took 6.7ns 
16276      INFO  main            d.u.i.k.p.r.p.TestFile    ... finished proof: closed. 
16430      INFO  main            d.u.i.k.p.i.AbstractProblemLoader Loading environment from /home/runner/work/key/key/key.core/../key.ui/examples/heap/permissions/permissions_method1.key.proof 
16431      DEBUG main            d.u.i.k.p.i.AbstractProblemLoader Environment load took 1.38ms 
16433      INFO  main            d.u.i.k.p.i.AbstractProblemLoader Creating init config 
19243      DEBUG main            d.u.i.k.p.i.AbstractProblemLoader Init config took 2.81s 
19315      INFO  main            d.u.i.k.p.i.AbstractProblemLoader Replaying proof MyClass[MyClass::method1()].JML normal_behavior operation contract.0 
19385      DEBUG main            d.u.i.k.p.i.IntermediateProofReplayer Proof replay took 62.28ms 
19386      DEBUG main            d.u.i.k.p.r.p.TestFile    ... success: reloaded. 
19388      INFO  main            d.u.i.k.p.r.p.TestFile    Now processing file /home/runner/work/key/key/key.core/../key.ui/examples/heap/permissions/permissions_method3.key 
19388      INFO  main            d.u.i.k.p.i.AbstractProblemLoader Loading environment from /home/runner/work/key/key/key.core/../key.ui/examples/heap/permissions/permissions_method3.key 
19388      DEBUG main            d.u.i.k.p.i.AbstractProblemLoader Environment load took 209.2ns 
19390      INFO  main            d.u.i.k.p.i.AbstractProblemLoader Creating init config 
22102      DEBUG main            d.u.i.k.p.i.AbstractProblemLoader Init config took 2.71s 
22167      INFO  main            d.u.i.k.p.i.AbstractProblemLoader Replaying proof MyClass[MyClass::method3()].JML normal_behavior operation contract.0 
22170      DEBUG main            d.u.i.k.p.i.IntermediateProofReplayer Proof replay took 6.8ns 
23676      INFO  main            d.u.i.k.p.r.p.TestFile    ... finished proof: closed. 
23834      INFO  main            d.u.i.k.p.i.AbstractProblemLoader Loading environment from /home/runner/work/key/key/key.core/../key.ui/examples/heap/permissions/permissions_method3.key.proof 
23835      DEBUG main            d.u.i.k.p.i.AbstractProblemLoader Environment load took 142.1ns 
23836      INFO  main            d.u.i.k.p.i.AbstractProblemLoader Creating init config 
26475      DEBUG main            d.u.i.k.p.i.AbstractProblemLoader Init config took 2.64s 
26527      INFO  main            d.u.i.k.p.i.AbstractProblemLoader Replaying proof MyClass[MyClass::method3()].JML normal_behavior operation contract.0 
26718      DEBUG main            d.u.i.k.p.i.IntermediateProofReplayer Proof replay took 182.83ms 
26719      DEBUG main            d.u.i.k.p.r.p.TestFile    ... success: reloaded. 
26720      INFO  main            d.u.i.k.p.r.p.TestFile    Now processing file /home/runner/work/key/key/key.core/../key.ui/examples/heap/permissions/permissions_setAB.key 
26721      INFO  main            d.u.i.k.p.i.AbstractProblemLoader Loading environment from /home/runner/work/key/key/key.core/../key.ui/examples/heap/permissions/permissions_setAB.key 
26721      DEBUG main            d.u.i.k.p.i.AbstractProblemLoader Environment load took 200.8ns 
26722      INFO  main            d.u.i.k.p.i.AbstractProblemLoader Creating init config 
29478      DEBUG main            d.u.i.k.p.i.AbstractProblemLoader Init config took 2.76s 
29528      INFO  main            d.u.i.k.p.i.AbstractProblemLoader Replaying proof MyClass[MyClass::setAB()].JML normal_behavior operation contract.0 
29530      DEBUG main            d.u.i.k.p.i.IntermediateProofReplayer Proof replay took 6.7ns 
31248      INFO  main            d.u.i.k.p.r.p.TestFile    ... finished proof: closed. 
31487      INFO  main            d.u.i.k.p.i.AbstractProblemLoader Loading environment from /home/runner/work/key/key/key.core/../key.ui/examples/heap/permissions/permissions_setAB.key.proof 
31487      DEBUG main            d.u.i.k.p.i.AbstractProblemLoader Environment load took 382.2ns 
31488      INFO  main            d.u.i.k.p.i.AbstractProblemLoader Creating init config 
34221      DEBUG main            d.u.i.k.p.i.AbstractProblemLoader Init config took 2.73s 
34267      INFO  main            d.u.i.k.p.i.AbstractProblemLoader Replaying proof MyClass[MyClass::setAB()].JML normal_behavior operation contract.0 
34424      DEBUG main            d.u.i.k.p.i.IntermediateProofReplayer Proof replay took 151.73ms 
34426      DEBUG main            d.u.i.k.p.r.p.TestFile    ... success: reloaded. 
34427      INFO  main            d.u.i.k.p.r.p.TestFile    Now processing file /home/runner/work/key/key/key.core/../key.ui/examples/heap/permissions/permissionProperties.key 
34428      INFO  main            d.u.i.k.p.i.AbstractProblemLoader Loading environment from /home/runner/work/key/key/key.core/../key.ui/examples/heap/permissions/permissionProperties.key 
34428      DEBUG main            d.u.i.k.p.i.AbstractProblemLoader Environment load took 220.6ns 
34429      INFO  main            d.u.i.k.p.i.AbstractProblemLoader Creating init config 
34557      DEBUG main            d.u.i.k.j.TypeConverter   No LDT found for Meta 
34557      DEBUG main            d.u.i.k.j.TypeConverter   No LDT found for Meta 
34558      DEBUG main            d.u.i.k.j.TypeConverter   No LDT found for Meta 
34558      DEBUG main            d.u.i.k.j.TypeConverter   No LDT found for Meta 
35274      DEBUG main            d.u.i.k.j.TypeConverter   No LDT found for JavaBigintExpression 
38186      DEBUG main            d.u.i.k.p.i.AbstractProblemLoader Init config took 3.76s 
38207      INFO  main            d.u.i.k.p.i.AbstractProblemLoader Replaying proof permissionProperties.key 
38209      DEBUG main            d.u.i.k.p.i.IntermediateProofReplayer Proof replay took 7.7ns 
38313      INFO  main            d.u.i.k.p.r.p.TestFile    ... finished proof: closed. 
38482      INFO  main            d.u.i.k.p.i.AbstractProblemLoader Loading environment from /home/runner/work/key/key/key.core/../key.ui/examples/heap/permissions/permissionProperties.key.proof 
38482      DEBUG main            d.u.i.k.p.i.AbstractProblemLoader Environment load took 532.61ns 
38484      INFO  main            d.u.i.k.p.i.AbstractProblemLoader Creating init config 
40999      DEBUG main            d.u.i.k.p.i.AbstractProblemLoader Init config took 2.51s 
41021      INFO  main            d.u.i.k.p.i.AbstractProblemLoader Replaying proof permissionProperties.key.proof 
41040      DEBUG main            d.u.i.k.p.i.IntermediateProofReplayer Proof replay took 14.98ms 
41042      DEBUG main            d.u.i.k.p.r.p.TestFile    ... success: reloaded. 
41043      INFO  main            d.u.i.k.p.r.p.TestFile    Now processing file /home/runner/work/key/key/key.core/../key.ui/examples/heap/permissions/threads/AFilter_AFilter.key 
41043      INFO  main            d.u.i.k.p.i.AbstractProblemLoader Loading environment from /home/runner/work/key/key/key.core/../key.ui/examples/heap/permissions/threads/AFilter_AFilter.key 
41044      DEBUG main            d.u.i.k.p.i.AbstractProblemLoader Environment load took 244.6ns 
41045      INFO  main            d.u.i.k.p.i.AbstractProblemLoader Creating init config 
41181      DEBUG main            d.u.i.k.j.TypeConverter   No LDT found for Meta 
41181      DEBUG main            d.u.i.k.j.TypeConverter   No LDT found for Meta 
41182      DEBUG main            d.u.i.k.j.TypeConverter   No LDT found for Meta 
41182      DEBUG main            d.u.i.k.j.TypeConverter   No LDT found for Meta 
41913      DEBUG main            d.u.i.k.j.TypeConverter   No LDT found for JavaBigintExpression 
47260      DEBUG main            d.u.i.k.p.i.AbstractProblemLoader Init config took 6.22s 
47391      INFO  main            d.u.i.k.p.i.AbstractProblemLoader Replaying proof AFilter[AFilter::AFilter(Sampler,Buffer)].JML normal_behavior operation contract.0 
47393      DEBUG main            d.u.i.k.p.i.IntermediateProofReplayer Proof replay took 8.2ns 
48505      INFO  main            d.u.i.k.p.r.p.TestFile    ... finished proof: closed. 
48767      INFO  main            d.u.i.k.p.i.AbstractProblemLoader Loading environment from /home/runner/work/key/key/key.core/../key.ui/examples/heap/permissions/threads/AFilter_AFilter.key.proof 
48768      DEBUG main            d.u.i.k.p.i.AbstractProblemLoader Environment load took 1.32ms 
48772      INFO  main            d.u.i.k.p.i.AbstractProblemLoader Creating init config 
53474      DEBUG main            d.u.i.k.p.i.AbstractProblemLoader Init config took 4.7s 
53585      INFO  main            d.u.i.k.p.i.AbstractProblemLoader Replaying proof AFilter[AFilter::AFilter(Sampler,Buffer)].JML normal_behavior operation contract.0 
53724      DEBUG main            d.u.i.k.p.i.IntermediateProofReplayer Proof replay took 133.43ms 
53725      DEBUG main            d.u.i.k.p.r.p.TestFile    ... success: reloaded. 
53727      INFO  main            d.u.i.k.p.r.p.TestFile    Now processing file /home/runner/work/key/key/key.core/../key.ui/examples/heap/permissions/threads/AFilter_initPost_accessible.key 
53727      INFO  main            d.u.i.k.p.i.AbstractProblemLoader Loading environment from /home/runner/work/key/key/key.core/../key.ui/examples/heap/permissions/threads/AFilter_initPost_accessible.key 
53727      DEBUG main            d.u.i.k.p.i.AbstractProblemLoader Environment load took 205.6ns 
53728      INFO  main            d.u.i.k.p.i.AbstractProblemLoader Creating init config 
58438      DEBUG main            d.u.i.k.p.i.AbstractProblemLoader Init config took 4.71s 
58533      INFO  main            d.u.i.k.p.i.AbstractProblemLoader Replaying proof AFilter[ThreadSpec2::initPost()].JML accessible clause.0 
58535      DEBUG main            d.u.i.k.p.i.IntermediateProofReplayer Proof replay took 7.2ns 
58637      INFO  main            d.u.i.k.p.r.p.TestFile    ... finished proof: closed. 
58905      INFO  main            d.u.i.k.p.i.AbstractProblemLoader Loading environment from /home/runner/work/key/key/key.core/../key.ui/examples/heap/permissions/threads/AFilter_initPost_accessible.key.proof 
58905      DEBUG main            d.u.i.k.p.i.AbstractProblemLoader Environment load took 141.3ns 
58907      INFO  main            d.u.i.k.p.i.AbstractProblemLoader Creating init config 
63582      DEBUG main            d.u.i.k.p.i.AbstractProblemLoader Init config took 4.67s 
63692      INFO  main            d.u.i.k.p.i.AbstractProblemLoader Replaying proof AFilter[ThreadSpec2::initPost()].JML accessible clause.0 
63704      DEBUG main            d.u.i.k.p.i.IntermediateProofReplayer Proof replay took 10.46ms 
63706      DEBUG main            d.u.i.k.p.r.p.TestFile    ... success: reloaded. 
63707      INFO  main            d.u.i.k.p.r.p.TestFile    Now processing file /home/runner/work/key/key/key.core/../key.ui/examples/heap/permissions/threads/AFilter_inv_accessible1.key 
63707      INFO  main            d.u.i.k.p.i.AbstractProblemLoader Loading environment from /home/runner/work/key/key/key.core/../key.ui/examples/heap/permissions/threads/AFilter_inv_accessible1.key 
63707      DEBUG main            d.u.i.k.p.i.AbstractProblemLoader Environment load took 107.6ns 
63708      INFO  main            d.u.i.k.p.i.AbstractProblemLoader Creating init config 
68428      DEBUG main            d.u.i.k.p.i.AbstractProblemLoader Init config took 4.72s 
68527      INFO  main            d.u.i.k.p.i.AbstractProblemLoader Replaying proof AFilter[java.lang.Object::<inv>()].JML accessible clause.0 
68531      DEBUG main            d.u.i.k.p.i.IntermediateProofReplayer Proof replay took 8.2ns 
68634      INFO  main            d.u.i.k.p.r.p.TestFile    ... finished proof: closed. 
68844      INFO  main            d.u.i.k.p.i.AbstractProblemLoader Loading environment from /home/runner/work/key/key/key.core/../key.ui/examples/heap/permissions/threads/AFilter_inv_accessible1.key.proof 
68844      DEBUG main            d.u.i.k.p.i.AbstractProblemLoader Environment load took 134.3ns 
68845      INFO  main            d.u.i.k.p.i.AbstractProblemLoader Creating init config 
73518      DEBUG main            d.u.i.k.p.i.AbstractProblemLoader Init config took 4.67s 
73608      INFO  main            d.u.i.k.p.i.AbstractProblemLoader Replaying proof AFilter[java.lang.Object::<inv>()].JML accessible clause.0 
73612      DEBUG main            d.u.i.k.p.i.IntermediateProofReplayer Proof replay took 2.09ms 
73613      DEBUG main            d.u.i.k.p.r.p.TestFile    ... success: reloaded. 
73615      INFO  main            d.u.i.k.p.r.p.TestFile    Now processing file /home/runner/work/key/key/key.core/../key.ui/examples/heap/permissions/threads/AFilter_inv_accessible2.key 
73615      INFO  main            d.u.i.k.p.i.AbstractProblemLoader Loading environment from /home/runner/work/key/key/key.core/../key.ui/examples/heap/permissions/threads/AFilter_inv_accessible2.key 
73615      DEBUG main            d.u.i.k.p.i.AbstractProblemLoader Environment load took 215.7ns 
73616      INFO  main            d.u.i.k.p.i.AbstractProblemLoader Creating init config 
78300      DEBUG main            d.u.i.k.p.i.AbstractProblemLoader Init config took 4.68s 
78389      INFO  main            d.u.i.k.p.i.AbstractProblemLoader Replaying proof AFilter[java.lang.Object::<inv>()].JML accessible clause.1 
78391      DEBUG main            d.u.i.k.p.i.IntermediateProofReplayer Proof replay took 9ns 
78501      INFO  main            d.u.i.k.p.r.p.TestFile    ... finished proof: closed. 
78714      INFO  main            d.u.i.k.p.i.AbstractProblemLoader Loading environment from /home/runner/work/key/key/key.core/../key.ui/examples/heap/permissions/threads/AFilter_inv_accessible2.key.proof 
78714      DEBUG main            d.u.i.k.p.i.AbstractProblemLoader Environment load took 125.1ns 
78715      INFO  main            d.u.i.k.p.i.AbstractProblemLoader Creating init config 
83342      DEBUG main            d.u.i.k.p.i.AbstractProblemLoader Init config took 4.63s 
83431      INFO  main            d.u.i.k.p.i.AbstractProblemLoader Replaying proof AFilter[java.lang.Object::<inv>()].JML accessible clause.1 
83435      DEBUG main            d.u.i.k.p.i.IntermediateProofReplayer Proof replay took 1.98ms 
83436      DEBUG main            d.u.i.k.p.r.p.TestFile    ... success: reloaded. 
83437      INFO  main            d.u.i.k.p.r.p.TestFile    Now processing file /home/runner/work/key/key/key.core/../key.ui/examples/heap/permissions/threads/AFilter_joinTransfer_accessible.key 
83437      INFO  main            d.u.i.k.p.i.AbstractProblemLoader Loading environment from /home/runner/work/key/key/key.core/../key.ui/examples/heap/permissions/threads/AFilter_joinTransfer_accessible.key 
83438      DEBUG main            d.u.i.k.p.i.AbstractProblemLoader Environment load took 95.1ns 
83438      INFO  main            d.u.i.k.p.i.AbstractProblemLoader Creating init config 
88100      DEBUG main            d.u.i.k.p.i.AbstractProblemLoader Init config took 4.66s 
88188      INFO  main            d.u.i.k.p.i.AbstractProblemLoader Replaying proof AFilter[ThreadSpec2::joinTransfer()].JML accessible clause.0 
88190      DEBUG main            d.u.i.k.p.i.IntermediateProofReplayer Proof replay took 8.3ns 
91630      INFO  main            d.u.i.k.p.r.p.TestFile    ... finished proof: closed. 
91862      INFO  main            d.u.i.k.p.i.AbstractProblemLoader Loading environment from /home/runner/work/key/key/key.core/../key.ui/examples/heap/permissions/threads/AFilter_joinTransfer_accessible.key.proof 
91863      DEBUG main            d.u.i.k.p.i.AbstractProblemLoader Environment load took 425.2ns 
91864      INFO  main            d.u.i.k.p.i.AbstractProblemLoader Creating init config 
96500      DEBUG main            d.u.i.k.p.i.AbstractProblemLoader Init config took 4.64s 
96589      INFO  main            d.u.i.k.p.i.AbstractProblemLoader Replaying proof AFilter[ThreadSpec2::joinTransfer()].JML accessible clause.0 
96847      DEBUG main            d.u.i.k.p.i.IntermediateProofReplayer Proof replay took 248.57ms 
96849      DEBUG main            d.u.i.k.p.r.p.TestFile    ... success: reloaded. 
96850      INFO  main            d.u.i.k.p.r.p.TestFile    Now processing file /home/runner/work/key/key/key.core/../key.ui/examples/heap/permissions/threads/AFilter_joinTransfer_contract.key 
96851      INFO  main            d.u.i.k.p.i.AbstractProblemLoader Loading environment from /home/runner/work/key/key/key.core/../key.ui/examples/heap/permissions/threads/AFilter_joinTransfer_contract.key 
96851      DEBUG main            d.u.i.k.p.i.AbstractProblemLoader Environment load took 235.61ns 
96852      INFO  main            d.u.i.k.p.i.AbstractProblemLoader Creating init config 
101494     DEBUG main            d.u.i.k.p.i.AbstractProblemLoader Init config took 4.64s 
101617     INFO  main            d.u.i.k.p.i.AbstractProblemLoader Replaying proof AFilter[ThreadSpec2::joinTransfer()].JML model_behavior operation contract.0 
101619     DEBUG main            d.u.i.k.p.i.IntermediateProofReplayer Proof replay took 9.2ns 
101721     INFO  main            d.u.i.k.p.r.p.TestFile    ... finished proof: closed. 
101951     INFO  main            d.u.i.k.p.i.AbstractProblemLoader Loading environment from /home/runner/work/key/key/key.core/../key.ui/examples/heap/permissions/threads/AFilter_joinTransfer_contract.key.proof 
101951     DEBUG main            d.u.i.k.p.i.AbstractProblemLoader Environment load took 131.8ns 
101952     INFO  main            d.u.i.k.p.i.AbstractProblemLoader Creating init config 
106590     DEBUG main            d.u.i.k.p.i.AbstractProblemLoader Init config took 4.64s 
106677     INFO  main            d.u.i.k.p.i.AbstractProblemLoader Replaying proof AFilter[ThreadSpec2::joinTransfer()].JML model_behavior operation contract.0 
106686     DEBUG main            d.u.i.k.p.i.IntermediateProofReplayer Proof replay took 7.02ms 
106687     DEBUG main            d.u.i.k.p.r.p.TestFile    ... success: reloaded. 
106688     INFO  main            d.u.i.k.p.r.p.TestFile    Now processing file /home/runner/work/key/key/key.core/../key.ui/examples/heap/permissions/threads/AFilter_postJoin_accessible.key 
106689     INFO  main            d.u.i.k.p.i.AbstractProblemLoader Loading environment from /home/runner/work/key/key/key.core/../key.ui/examples/heap/permissions/threads/AFilter_postJoin_accessible.key 
106689     DEBUG main            d.u.i.k.p.i.AbstractProblemLoader Environment load took 173.6ns 
106690     INFO  main            d.u.i.k.p.i.AbstractProblemLoader Creating init config 
111421     DEBUG main            d.u.i.k.p.i.AbstractProblemLoader Init config took 4.73s 
111509     INFO  main            d.u.i.k.p.i.AbstractProblemLoader Replaying proof AFilter[ThreadSpec2::postJoin(java.lang.Object)].JML accessible clause.0 
111512     DEBUG main            d.u.i.k.p.i.IntermediateProofReplayer Proof replay took 8.5ns 
111615     INFO  main            d.u.i.k.p.r.p.TestFile    ... finished proof: closed. 
111852     INFO  main            d.u.i.k.p.i.AbstractProblemLoader Loading environment from /home/runner/work/key/key/key.core/../key.ui/examples/heap/permissions/threads/AFilter_postJoin_accessible.key.proof 
111852     DEBUG main            d.u.i.k.p.i.AbstractProblemLoader Environment load took 126.6ns 
111853     INFO  main            d.u.i.k.p.i.AbstractProblemLoader Creating init config 
116465     DEBUG main            d.u.i.k.p.i.AbstractProblemLoader Init config took 4.61s 
116557     INFO  main            d.u.i.k.p.i.AbstractProblemLoader Replaying proof AFilter[ThreadSpec2::postJoin(java.lang.Object)].JML accessible clause.0 
116571     DEBUG main            d.u.i.k.p.i.IntermediateProofReplayer Proof replay took 10.76ms 
116573     DEBUG main            d.u.i.k.p.r.p.TestFile    ... success: reloaded. 
116574     INFO  main            d.u.i.k.p.r.p.TestFile    Now processing file /home/runner/work/key/key/key.core/../key.ui/examples/heap/permissions/threads/AFilter_preStart_accessible.key 
116575     INFO  main            d.u.i.k.p.i.AbstractProblemLoader Loading environment from /home/runner/work/key/key/key.core/../key.ui/examples/heap/permissions/threads/AFilter_preStart_accessible.key 
116575     DEBUG main            d.u.i.k.p.i.AbstractProblemLoader Environment load took 192.4ns 
116576     INFO  main            d.u.i.k.p.i.AbstractProblemLoader Creating init config 
121265     DEBUG main            d.u.i.k.p.i.AbstractProblemLoader Init config took 4.69s 
121350     INFO  main            d.u.i.k.p.i.AbstractProblemLoader Replaying proof AFilter[ThreadSpec2::preStart(java.lang.Object)].JML accessible clause.0 
121352     DEBUG main            d.u.i.k.p.i.IntermediateProofReplayer Proof replay took 8.2ns 
121655     INFO  main            d.u.i.k.p.r.p.TestFile    ... finished proof: closed. 
121922     INFO  main            d.u.i.k.p.i.AbstractProblemLoader Loading environment from /home/runner/work/key/key/key.core/../key.ui/examples/heap/permissions/threads/AFilter_preStart_accessible.key.proof 
121922     DEBUG main            d.u.i.k.p.i.AbstractProblemLoader Environment load took 140.1ns 
121923     INFO  main            d.u.i.k.p.i.AbstractProblemLoader Creating init config 
126531     DEBUG main            d.u.i.k.p.i.AbstractProblemLoader Init config took 4.61s 
126616     INFO  main            d.u.i.k.p.i.AbstractProblemLoader Replaying proof AFilter[ThreadSpec2::preStart(java.lang.Object)].JML accessible clause.0 
126642     DEBUG main            d.u.i.k.p.i.IntermediateProofReplayer Proof replay took 22.7ms 
126643     DEBUG main            d.u.i.k.p.r.p.TestFile    ... success: reloaded. 
126644     INFO  main            d.u.i.k.p.r.p.TestFile    Now processing file /home/runner/work/key/key/key.core/../key.ui/examples/heap/permissions/threads/AFilter_startTransfer_accessible.key 
126644     INFO  main            d.u.i.k.p.i.AbstractProblemLoader Loading environment from /home/runner/work/key/key/key.core/../key.ui/examples/heap/permissions/threads/AFilter_startTransfer_accessible.key 
126644     DEBUG main            d.u.i.k.p.i.AbstractProblemLoader Environment load took 91.7ns 
126645     INFO  main            d.u.i.k.p.i.AbstractProblemLoader Creating init config 
131302     DEBUG main            d.u.i.k.p.i.AbstractProblemLoader Init config took 4.66s 
131404     INFO  main            d.u.i.k.p.i.AbstractProblemLoader Replaying proof AFilter[ThreadSpec2::startTransfer()].JML accessible clause.0 
131406     DEBUG main            d.u.i.k.p.i.IntermediateProofReplayer Proof replay took 8.4ns 
137595     INFO  main            d.u.i.k.p.r.p.TestFile    ... finished proof: closed. 
137885     INFO  main            d.u.i.k.p.i.AbstractProblemLoader Loading environment from /home/runner/work/key/key/key.core/../key.ui/examples/heap/permissions/threads/AFilter_startTransfer_accessible.key.proof 
137889     DEBUG main            d.u.i.k.p.i.AbstractProblemLoader Environment load took 890.91ns 
137891     INFO  main            d.u.i.k.p.i.AbstractProblemLoader Creating init config 
142452     DEBUG main            d.u.i.k.p.i.AbstractProblemLoader Init config took 4.56s 
142538     INFO  main            d.u.i.k.p.i.AbstractProblemLoader Replaying proof AFilter[ThreadSpec2::startTransfer()].JML accessible clause.0 
142894     DEBUG main            d.u.i.k.p.i.IntermediateProofReplayer Proof replay took 342.86ms 
142896     DEBUG main            d.u.i.k.p.r.p.TestFile    ... success: reloaded. 
142898     INFO  main            d.u.i.k.p.r.p.TestFile    Now processing file /home/runner/work/key/key/key.core/../key.ui/examples/heap/permissions/threads/AFilter_startTransfer_contract.key 
142898     INFO  main            d.u.i.k.p.i.AbstractProblemLoader Loading environment from /home/runner/work/key/key/key.core/../key.ui/examples/heap/permissions/threads/AFilter_startTransfer_contract.key 
142898     DEBUG main            d.u.i.k.p.i.AbstractProblemLoader Environment load took 98.1ns 
142899     INFO  main            d.u.i.k.p.i.AbstractProblemLoader Creating init config 
147548     DEBUG main            d.u.i.k.p.i.AbstractProblemLoader Init config took 4.65s 
147635     INFO  main            d.u.i.k.p.i.AbstractProblemLoader Replaying proof AFilter[ThreadSpec2::startTransfer()].JML model_behavior operation contract.0 
147636     DEBUG main            d.u.i.k.p.i.IntermediateProofReplayer Proof replay took 8.4ns 
148050     INFO  main            d.u.i.k.p.r.p.TestFile    ... finished proof: closed. 
148297     INFO  main            d.u.i.k.p.i.AbstractProblemLoader Loading environment from /home/runner/work/key/key/key.core/../key.ui/examples/heap/permissions/threads/AFilter_startTransfer_contract.key.proof 
148299     DEBUG main            d.u.i.k.p.i.AbstractProblemLoader Environment load took 1.22ms 
148300     INFO  main            d.u.i.k.p.i.AbstractProblemLoader Creating init config 
152890     DEBUG main            d.u.i.k.p.i.AbstractProblemLoader Init config took 4.59s 
152977     INFO  main            d.u.i.k.p.i.AbstractProblemLoader Replaying proof AFilter[ThreadSpec2::startTransfer()].JML model_behavior operation contract.0 
153021     DEBUG main            d.u.i.k.p.i.IntermediateProofReplayer Proof replay took 40.47ms 
153022     DEBUG main            d.u.i.k.p.r.p.TestFile    ... success: reloaded. 
153023     INFO  main            d.u.i.k.p.r.p.TestFile    Now processing file /home/runner/work/key/key/key.core/../key.ui/examples/heap/permissions/threads/AFilter_stateInv_accessible.key 
153024     INFO  main            d.u.i.k.p.i.AbstractProblemLoader Loading environment from /home/runner/work/key/key/key.core/../key.ui/examples/heap/permissions/threads/AFilter_stateInv_accessible.key 
153024     DEBUG main            d.u.i.k.p.i.AbstractProblemLoader Environment load took 92.3ns 
153025     INFO  main            d.u.i.k.p.i.AbstractProblemLoader Creating init config 
157703     DEBUG main            d.u.i.k.p.i.AbstractProblemLoader Init config took 4.68s 
157806     INFO  main            d.u.i.k.p.i.AbstractProblemLoader Replaying proof AFilter[ThreadSpec2::stateInv()].JML accessible clause.0 
157808     DEBUG main            d.u.i.k.p.i.IntermediateProofReplayer Proof replay took 8.5ns 
158111     INFO  main            d.u.i.k.p.r.p.TestFile    ... finished proof: closed. 
158382     INFO  main            d.u.i.k.p.i.AbstractProblemLoader Loading environment from /home/runner/work/key/key/key.core/../key.ui/examples/heap/permissions/threads/AFilter_stateInv_accessible.key.proof 
158382     DEBUG main            d.u.i.k.p.i.AbstractProblemLoader Environment load took 133.5ns 
158384     INFO  main            d.u.i.k.p.i.AbstractProblemLoader Creating init config 
163046     DEBUG main            d.u.i.k.p.i.AbstractProblemLoader Init config took 4.66s 
163132     INFO  main            d.u.i.k.p.i.AbstractProblemLoader Replaying proof AFilter[ThreadSpec2::stateInv()].JML accessible clause.0 
163164     DEBUG main            d.u.i.k.p.i.IntermediateProofReplayer Proof replay took 28.41ms 
163165     DEBUG main            d.u.i.k.p.r.p.TestFile    ... success: reloaded. 
163166     INFO  main            d.u.i.k.p.r.p.TestFile    Now processing file /home/runner/work/key/key/key.core/../key.ui/examples/heap/permissions/threads/AFilter_staticPermissions_accessible.key 
163167     INFO  main            d.u.i.k.p.i.AbstractProblemLoader Loading environment from /home/runner/work/key/key/key.core/../key.ui/examples/heap/permissions/threads/AFilter_staticPermissions_accessible.key 
163167     DEBUG main            d.u.i.k.p.i.AbstractProblemLoader Environment load took 203ns 
163168     INFO  main            d.u.i.k.p.i.AbstractProblemLoader Creating init config 
167801     DEBUG main            d.u.i.k.p.i.AbstractProblemLoader Init config took 4.63s 
167887     INFO  main            d.u.i.k.p.i.AbstractProblemLoader Replaying proof AFilter[ThreadSpec2::staticPermissions()].JML accessible clause.0 
167888     DEBUG main            d.u.i.k.p.i.IntermediateProofReplayer Proof replay took 8.6ns 
167993     INFO  main            d.u.i.k.p.r.p.TestFile    ... finished proof: closed. 
168276     INFO  main            d.u.i.k.p.i.AbstractProblemLoader Loading environment from /home/runner/work/key/key/key.core/../key.ui/examples/heap/permissions/threads/AFilter_staticPermissions_accessible.key.proof 
168276     DEBUG main            d.u.i.k.p.i.AbstractProblemLoader Environment load took 114.8ns 
168277     INFO  main            d.u.i.k.p.i.AbstractProblemLoader Creating init config 
172847     DEBUG main            d.u.i.k.p.i.AbstractProblemLoader Init config took 4.57s 
172945     INFO  main            d.u.i.k.p.i.AbstractProblemLoader Replaying proof AFilter[ThreadSpec2::staticPermissions()].JML accessible clause.0 
172954     DEBUG main            d.u.i.k.p.i.IntermediateProofReplayer Proof replay took 7.51ms 
172955     DEBUG main            d.u.i.k.p.r.p.TestFile    ... success: reloaded. 
172956     INFO  main            d.u.i.k.p.r.p.TestFile    Now processing file /home/runner/work/key/key/key.core/../key.ui/examples/heap/permissions/threads/AFilter_workingPermissions_accessible.key 
172957     INFO  main            d.u.i.k.p.i.AbstractProblemLoader Loading environment from /home/runner/work/key/key/key.core/../key.ui/examples/heap/permissions/threads/AFilter_workingPermissions_accessible.key 
172957     DEBUG main            d.u.i.k.p.i.AbstractProblemLoader Environment load took 76.1ns 
172958     INFO  main            d.u.i.k.p.i.AbstractProblemLoader Creating init config 
177568     DEBUG main            d.u.i.k.p.i.AbstractProblemLoader Init config took 4.61s 
177667     INFO  main            d.u.i.k.p.i.AbstractProblemLoader Replaying proof AFilter[ThreadSpec2::workingPermissions()].JML accessible clause.0 
177669     DEBUG main            d.u.i.k.p.i.IntermediateProofReplayer Proof replay took 7.2ns 
177771     INFO  main            d.u.i.k.p.r.p.TestFile    ... finished proof: closed. 
178057     INFO  main            d.u.i.k.p.i.AbstractProblemLoader Loading environment from /home/runner/work/key/key/key.core/../key.ui/examples/heap/permissions/threads/AFilter_workingPermissions_accessible.key.proof 
178058     DEBUG main            d.u.i.k.p.i.AbstractProblemLoader Environment load took 131.7ns 
178058     INFO  main            d.u.i.k.p.i.AbstractProblemLoader Creating init config 
182600     DEBUG main            d.u.i.k.p.i.AbstractProblemLoader Init config took 4.54s 
182698     INFO  main            d.u.i.k.p.i.AbstractProblemLoader Replaying proof AFilter[ThreadSpec2::workingPermissions()].JML accessible clause.0 
182706     DEBUG main            d.u.i.k.p.i.IntermediateProofReplayer Proof replay took 6.69ms 
182707     DEBUG main            d.u.i.k.p.r.p.TestFile    ... success: reloaded. 
182708     INFO  main            d.u.i.k.p.r.p.TestFile    Now processing file /home/runner/work/key/key/key.core/../key.ui/examples/heap/permissions/threads/BFilter_BFilter.key 
182709     INFO  main            d.u.i.k.p.i.AbstractProblemLoader Loading environment from /home/runner/work/key/key/key.core/../key.ui/examples/heap/permissions/threads/BFilter_BFilter.key 
182709     DEBUG main            d.u.i.k.p.i.AbstractProblemLoader Environment load took 95.8ns 
182710     INFO  main            d.u.i.k.p.i.AbstractProblemLoader Creating init config 
187346     DEBUG main            d.u.i.k.p.i.AbstractProblemLoader Init config took 4.64s 
187432     INFO  main            d.u.i.k.p.i.AbstractProblemLoader Replaying proof BFilter[BFilter::BFilter(Sampler,Buffer)].JML normal_behavior operation contract.0 
187434     DEBUG main            d.u.i.k.p.i.IntermediateProofReplayer Proof replay took 7.6ns 
188339     INFO  main            d.u.i.k.p.r.p.TestFile    ... finished proof: closed. 
188648     INFO  main            d.u.i.k.p.i.AbstractProblemLoader Loading environment from /home/runner/work/key/key/key.core/../key.ui/examples/heap/permissions/threads/BFilter_BFilter.key.proof 
188648     DEBUG main            d.u.i.k.p.i.AbstractProblemLoader Environment load took 396.2ns 
188649     INFO  main            d.u.i.k.p.i.AbstractProblemLoader Creating init config 
193218     DEBUG main            d.u.i.k.p.i.AbstractProblemLoader Init config took 4.57s 
193305     INFO  main            d.u.i.k.p.i.AbstractProblemLoader Replaying proof BFilter[BFilter::BFilter(Sampler,Buffer)].JML normal_behavior operation contract.0 
193419     DEBUG main            d.u.i.k.p.i.IntermediateProofReplayer Proof replay took 110.05ms 
193420     DEBUG main            d.u.i.k.p.r.p.TestFile    ... success: reloaded. 
193422     INFO  main            d.u.i.k.p.r.p.TestFile    Now processing file /home/runner/work/key/key/key.core/../key.ui/examples/heap/permissions/threads/BFilter_initPost_accessible.key 
193422     INFO  main            d.u.i.k.p.i.AbstractProblemLoader Loading environment from /home/runner/work/key/key/key.core/../key.ui/examples/heap/permissions/threads/BFilter_initPost_accessible.key 
193422     DEBUG main            d.u.i.k.p.i.AbstractProblemLoader Environment load took 280.7ns 
193423     INFO  main            d.u.i.k.p.i.AbstractProblemLoader Creating init config 
198085     DEBUG main            d.u.i.k.p.i.AbstractProblemLoader Init config took 4.66s 
198186     INFO  main            d.u.i.k.p.i.AbstractProblemLoader Replaying proof BFilter[ThreadSpec2::initPost()].JML accessible clause.0 
198188     DEBUG main            d.u.i.k.p.i.IntermediateProofReplayer Proof replay took 8.6ns 
198291     INFO  main            d.u.i.k.p.r.p.TestFile    ... finished proof: closed. 
198587     INFO  main            d.u.i.k.p.i.AbstractProblemLoader Loading environment from /home/runner/work/key/key/key.core/../key.ui/examples/heap/permissions/threads/BFilter_initPost_accessible.key.proof 
198587     DEBUG main            d.u.i.k.p.i.AbstractProblemLoader Environment load took 134.5ns 
198589     INFO  main            d.u.i.k.p.i.AbstractProblemLoader Creating init config 
203165     DEBUG main            d.u.i.k.p.i.AbstractProblemLoader Init config took 4.58s 
203249     INFO  main            d.u.i.k.p.i.AbstractProblemLoader Replaying proof BFilter[ThreadSpec2::initPost()].JML accessible clause.0 
203259     DEBUG main            d.u.i.k.p.i.IntermediateProofReplayer Proof replay took 8.24ms 
203260     DEBUG main            d.u.i.k.p.r.p.TestFile    ... success: reloaded. 
203261     INFO  main            d.u.i.k.p.r.p.TestFile    Now processing file /home/runner/work/key/key/key.core/../key.ui/examples/heap/permissions/threads/BFilter_inv_accessible1.key 
203262     INFO  main            d.u.i.k.p.i.AbstractProblemLoader Loading environment from /home/runner/work/key/key/key.core/../key.ui/examples/heap/permissions/threads/BFilter_inv_accessible1.key 
203262     DEBUG main            d.u.i.k.p.i.AbstractProblemLoader Environment load took 97.1ns 
203263     INFO  main            d.u.i.k.p.i.AbstractProblemLoader Creating init config 
207930     DEBUG main            d.u.i.k.p.i.AbstractProblemLoader Init config took 4.67s 
208015     INFO  main            d.u.i.k.p.i.AbstractProblemLoader Replaying proof BFilter[java.lang.Object::<inv>()].JML accessible clause.0 
208016     DEBUG main            d.u.i.k.p.i.IntermediateProofReplayer Proof replay took 8ns 
208120     INFO  main            d.u.i.k.p.r.p.TestFile    ... finished proof: closed. 
208409     INFO  main            d.u.i.k.p.i.AbstractProblemLoader Loading environment from /home/runner/work/key/key/key.core/../key.ui/examples/heap/permissions/threads/BFilter_inv_accessible1.key.proof 
208409     DEBUG main            d.u.i.k.p.i.AbstractProblemLoader Environment load took 114.4ns 
208410     INFO  main            d.u.i.k.p.i.AbstractProblemLoader Creating init config 
212982     DEBUG main            d.u.i.k.p.i.AbstractProblemLoader Init config took 4.57s 
213066     INFO  main            d.u.i.k.p.i.AbstractProblemLoader Replaying proof BFilter[java.lang.Object::<inv>()].JML accessible clause.0 
213069     DEBUG main            d.u.i.k.p.i.IntermediateProofReplayer Proof replay took 1.58ms 
213070     DEBUG main            d.u.i.k.p.r.p.TestFile    ... success: reloaded. 
213071     INFO  main            d.u.i.k.p.r.p.TestFile    Now processing file /home/runner/work/key/key/key.core/../key.ui/examples/heap/permissions/threads/BFilter_inv_accessible2.key 
213072     INFO  main            d.u.i.k.p.i.AbstractProblemLoader Loading environment from /home/runner/work/key/key/key.core/../key.ui/examples/heap/permissions/threads/BFilter_inv_accessible2.key 
213072     DEBUG main            d.u.i.k.p.i.AbstractProblemLoader Environment load took 70.9ns 
213073     INFO  main            d.u.i.k.p.i.AbstractProblemLoader Creating init config 
217682     DEBUG main            d.u.i.k.p.i.AbstractProblemLoader Init config took 4.61s 
217766     INFO  main            d.u.i.k.p.i.AbstractProblemLoader Replaying proof BFilter[java.lang.Object::<inv>()].JML accessible clause.1 
217767     DEBUG main            d.u.i.k.p.i.IntermediateProofReplayer Proof replay took 6.9ns 
217873     INFO  main            d.u.i.k.p.r.p.TestFile    ... finished proof: closed. 
218179     INFO  main            d.u.i.k.p.i.AbstractProblemLoader Loading environment from /home/runner/work/key/key/key.core/../key.ui/examples/heap/permissions/threads/BFilter_inv_accessible2.key.proof 
218179     DEBUG main            d.u.i.k.p.i.AbstractProblemLoader Environment load took 122.9ns 
218180     INFO  main            d.u.i.k.p.i.AbstractProblemLoader Creating init config 
222755     DEBUG main            d.u.i.k.p.i.AbstractProblemLoader Init config took 4.57s 
222839     INFO  main            d.u.i.k.p.i.AbstractProblemLoader Replaying proof BFilter[java.lang.Object::<inv>()].JML accessible clause.1 
222843     DEBUG main            d.u.i.k.p.i.IntermediateProofReplayer Proof replay took 1.58ms 
222844     DEBUG main            d.u.i.k.p.r.p.TestFile    ... success: reloaded. 
222845     INFO  main            d.u.i.k.p.r.p.TestFile    Now processing file /home/runner/work/key/key/key.core/../key.ui/examples/heap/permissions/threads/BFilter_joinTransfer_accessible.key 
222845     INFO  main            d.u.i.k.p.i.AbstractProblemLoader Loading environment from /home/runner/work/key/key/key.core/../key.ui/examples/heap/permissions/threads/BFilter_joinTransfer_accessible.key 
222845     DEBUG main            d.u.i.k.p.i.AbstractProblemLoader Environment load took 74.8ns 
222846     INFO  main            d.u.i.k.p.i.AbstractProblemLoader Creating init config 
227513     DEBUG main            d.u.i.k.p.i.AbstractProblemLoader Init config took 4.67s 
227598     INFO  main            d.u.i.k.p.i.AbstractProblemLoader Replaying proof BFilter[ThreadSpec2::joinTransfer()].JML accessible clause.0 
227601     DEBUG main            d.u.i.k.p.i.IntermediateProofReplayer Proof replay took 7.7ns 
230808     INFO  main            d.u.i.k.p.r.p.TestFile    ... finished proof: closed. 
231130     INFO  main            d.u.i.k.p.i.AbstractProblemLoader Loading environment from /home/runner/work/key/key/key.core/../key.ui/examples/heap/permissions/threads/BFilter_joinTransfer_accessible.key.proof 
231131     DEBUG main            d.u.i.k.p.i.AbstractProblemLoader Environment load took 368.2ns 
231132     INFO  main            d.u.i.k.p.i.AbstractProblemLoader Creating init config 
235709     DEBUG main            d.u.i.k.p.i.AbstractProblemLoader Init config took 4.58s 
235806     INFO  main            d.u.i.k.p.i.AbstractProblemLoader Replaying proof BFilter[ThreadSpec2::joinTransfer()].JML accessible clause.0 
236030     DEBUG main            d.u.i.k.p.i.IntermediateProofReplayer Proof replay took 214.79ms 
236031     DEBUG main            d.u.i.k.p.r.p.TestFile    ... success: reloaded. 
236033     INFO  main            d.u.i.k.p.r.p.TestFile    Now processing file /home/runner/work/key/key/key.core/../key.ui/examples/heap/permissions/threads/BFilter_joinTransfer_contract.key 
236033     INFO  main            d.u.i.k.p.i.AbstractProblemLoader Loading environment from /home/runner/work/key/key/key.core/../key.ui/examples/heap/permissions/threads/BFilter_joinTransfer_contract.key 
236033     DEBUG main            d.u.i.k.p.i.AbstractProblemLoader Environment load took 100.3ns 
236034     INFO  main            d.u.i.k.p.i.AbstractProblemLoader Creating init config 
240627     DEBUG main            d.u.i.k.p.i.AbstractProblemLoader Init config took 4.59s 
240714     INFO  main            d.u.i.k.p.i.AbstractProblemLoader Replaying proof BFilter[ThreadSpec2::joinTransfer()].JML model_behavior operation contract.0 
240715     DEBUG main            d.u.i.k.p.i.IntermediateProofReplayer Proof replay took 7.3ns 
240817     INFO  main            d.u.i.k.p.r.p.TestFile    ... finished proof: closed. 
241263     INFO  main            d.u.i.k.p.i.AbstractProblemLoader Loading environment from /home/runner/work/key/key/key.core/../key.ui/examples/heap/permissions/threads/BFilter_joinTransfer_contract.key.proof 
241264     DEBUG main            d.u.i.k.p.i.AbstractProblemLoader Environment load took 119ns 
241265     INFO  main            d.u.i.k.p.i.AbstractProblemLoader Creating init config 
245809     DEBUG main            d.u.i.k.p.i.AbstractProblemLoader Init config took 4.54s 
245914     INFO  main            d.u.i.k.p.i.AbstractProblemLoader Replaying proof BFilter[ThreadSpec2::joinTransfer()].JML model_behavior operation contract.0 
245922     DEBUG main            d.u.i.k.p.i.IntermediateProofReplayer Proof replay took 6.69ms 
245923     DEBUG main            d.u.i.k.p.r.p.TestFile    ... success: reloaded. 
245924     INFO  main            d.u.i.k.p.r.p.TestFile    Now processing file /home/runner/work/key/key/key.core/../key.ui/examples/heap/permissions/threads/BFilter_postJoin_accessible.key 
245925     INFO  main            d.u.i.k.p.i.AbstractProblemLoader Loading environment from /home/runner/work/key/key/key.core/../key.ui/examples/heap/permissions/threads/BFilter_postJoin_accessible.key 
245925     DEBUG main            d.u.i.k.p.i.AbstractProblemLoader Environment load took 223.8ns 
245926     INFO  main            d.u.i.k.p.i.AbstractProblemLoader Creating init config 
250578     DEBUG main            d.u.i.k.p.i.AbstractProblemLoader Init config took 4.65s 
250661     INFO  main            d.u.i.k.p.i.AbstractProblemLoader Replaying proof BFilter[ThreadSpec2::postJoin(java.lang.Object)].JML accessible clause.0 
250663     DEBUG main            d.u.i.k.p.i.IntermediateProofReplayer Proof replay took 7.8ns 
250766     INFO  main            d.u.i.k.p.r.p.TestFile    ... finished proof: closed. 
251143     INFO  main            d.u.i.k.p.i.AbstractProblemLoader Loading environment from /home/runner/work/key/key/key.core/../key.ui/examples/heap/permissions/threads/BFilter_postJoin_accessible.key.proof 
251143     DEBUG main            d.u.i.k.p.i.AbstractProblemLoader Environment load took 107.4ns 
251144     INFO  main            d.u.i.k.p.i.AbstractProblemLoader Creating init config 
255668     DEBUG main            d.u.i.k.p.i.AbstractProblemLoader Init config took 4.52s 
255751     INFO  main            d.u.i.k.p.i.AbstractProblemLoader Replaying proof BFilter[ThreadSpec2::postJoin(java.lang.Object)].JML accessible clause.0 
255757     DEBUG main            d.u.i.k.p.i.IntermediateProofReplayer Proof replay took 4.93ms 
255758     DEBUG main            d.u.i.k.p.r.p.TestFile    ... success: reloaded. 
255759     INFO  main            d.u.i.k.p.r.p.TestFile    Now processing file /home/runner/work/key/key/key.core/../key.ui/examples/heap/permissions/threads/BFilter_preStart_accessible.key 
255760     INFO  main            d.u.i.k.p.i.AbstractProblemLoader Loading environment from /home/runner/work/key/key/key.core/../key.ui/examples/heap/permissions/threads/BFilter_preStart_accessible.key 
255760     DEBUG main            d.u.i.k.p.i.AbstractProblemLoader Environment load took 58.7ns 
255761     INFO  main            d.u.i.k.p.i.AbstractProblemLoader Creating init config 
260363     DEBUG main            d.u.i.k.p.i.AbstractProblemLoader Init config took 4.6s 
260445     INFO  main            d.u.i.k.p.i.AbstractProblemLoader Replaying proof BFilter[ThreadSpec2::preStart(java.lang.Object)].JML accessible clause.0 
260465     DEBUG main            d.u.i.k.p.i.IntermediateProofReplayer Proof replay took 7.8ns 
260770     INFO  main            d.u.i.k.p.r.p.TestFile    ... finished proof: closed. 
261085     INFO  main            d.u.i.k.p.i.AbstractProblemLoader Loading environment from /home/runner/work/key/key/key.core/../key.ui/examples/heap/permissions/threads/BFilter_preStart_accessible.key.proof 
261086     DEBUG main            d.u.i.k.p.i.AbstractProblemLoader Environment load took 111.1ns 
261087     INFO  main            d.u.i.k.p.i.AbstractProblemLoader Creating init config 
265630     DEBUG main            d.u.i.k.p.i.AbstractProblemLoader Init config took 4.54s 
265712     INFO  main            d.u.i.k.p.i.AbstractProblemLoader Replaying proof BFilter[ThreadSpec2::preStart(java.lang.Object)].JML accessible clause.0 
265735     DEBUG main            d.u.i.k.p.i.IntermediateProofReplayer Proof replay took 19.53ms 
265736     DEBUG main            d.u.i.k.p.r.p.TestFile    ... success: reloaded. 
265737     INFO  main            d.u.i.k.p.r.p.TestFile    Now processing file /home/runner/work/key/key/key.core/../key.ui/examples/heap/permissions/threads/BFilter_startTransfer_accessible.key 
265737     INFO  main            d.u.i.k.p.i.AbstractProblemLoader Loading environment from /home/runner/work/key/key/key.core/../key.ui/examples/heap/permissions/threads/BFilter_startTransfer_accessible.key 
265737     DEBUG main            d.u.i.k.p.i.AbstractProblemLoader Environment load took 84.5ns 
265738     INFO  main            d.u.i.k.p.i.AbstractProblemLoader Creating init config 
270352     DEBUG main            d.u.i.k.p.i.AbstractProblemLoader Init config took 4.61s 
270451     INFO  main            d.u.i.k.p.i.AbstractProblemLoader Replaying proof BFilter[ThreadSpec2::startTransfer()].JML accessible clause.0 
270453     DEBUG main            d.u.i.k.p.i.IntermediateProofReplayer Proof replay took 7.9ns 
276367     INFO  main            d.u.i.k.p.r.p.TestFile    ... finished proof: closed. 
276729     INFO  main            d.u.i.k.p.i.AbstractProblemLoader Loading environment from /home/runner/work/key/key/key.core/../key.ui/examples/heap/permissions/threads/BFilter_startTransfer_accessible.key.proof 
276730     DEBUG main            d.u.i.k.p.i.AbstractProblemLoader Environment load took 508.61ns 
276731     INFO  main            d.u.i.k.p.i.AbstractProblemLoader Creating init config 
281310     DEBUG main            d.u.i.k.p.i.AbstractProblemLoader Init config took 4.58s 
281392     INFO  main            d.u.i.k.p.i.AbstractProblemLoader Replaying proof BFilter[ThreadSpec2::startTransfer()].JML accessible clause.0 
281734     DEBUG main            d.u.i.k.p.i.IntermediateProofReplayer Proof replay took 332.1ms 
281736     DEBUG main            d.u.i.k.p.r.p.TestFile    ... success: reloaded. 
281737     INFO  main            d.u.i.k.p.r.p.TestFile    Now processing file /home/runner/work/key/key/key.core/../key.ui/examples/heap/permissions/threads/BFilter_startTransfer_contract.key 
281737     INFO  main            d.u.i.k.p.i.AbstractProblemLoader Loading environment from /home/runner/work/key/key/key.core/../key.ui/examples/heap/permissions/threads/BFilter_startTransfer_contract.key 
281737     DEBUG main            d.u.i.k.p.i.AbstractProblemLoader Environment load took 173.7ns 
281738     INFO  main            d.u.i.k.p.i.AbstractProblemLoader Creating init config 
286320     DEBUG main            d.u.i.k.p.i.AbstractProblemLoader Init config took 4.58s 
286424     INFO  main            d.u.i.k.p.i.AbstractProblemLoader Replaying proof BFilter[ThreadSpec2::startTransfer()].JML model_behavior operation contract.0 
286426     DEBUG main            d.u.i.k.p.i.IntermediateProofReplayer Proof replay took 7.7ns 
287532     INFO  main            d.u.i.k.p.r.p.TestFile    ... finished proof: closed. 
287891     INFO  main            d.u.i.k.p.i.AbstractProblemLoader Loading environment from /home/runner/work/key/key/key.core/../key.ui/examples/heap/permissions/threads/BFilter_startTransfer_contract.key.proof 
287892     DEBUG main            d.u.i.k.p.i.AbstractProblemLoader Environment load took 121.9ns 
287893     INFO  main            d.u.i.k.p.i.AbstractProblemLoader Creating init config 
292413     DEBUG main            d.u.i.k.p.i.AbstractProblemLoader Init config took 4.52s 
292497     INFO  main            d.u.i.k.p.i.AbstractProblemLoader Replaying proof BFilter[ThreadSpec2::startTransfer()].JML model_behavior operation contract.0 
292595     DEBUG main            d.u.i.k.p.i.IntermediateProofReplayer Proof replay took 91.97ms 
292596     DEBUG main            d.u.i.k.p.r.p.TestFile    ... success: reloaded. 
292597     INFO  main            d.u.i.k.p.r.p.TestFile    Now processing file /home/runner/work/key/key/key.core/../key.ui/examples/heap/permissions/threads/BFilter_stateInv_accessible.key 
292598     INFO  main            d.u.i.k.p.i.AbstractProblemLoader Loading environment from /home/runner/work/key/key/key.core/../key.ui/examples/heap/permissions/threads/BFilter_stateInv_accessible.key 
292598     DEBUG main            d.u.i.k.p.i.AbstractProblemLoader Environment load took 196.1ns 
292599     INFO  main            d.u.i.k.p.i.AbstractProblemLoader Creating init config 
297229     DEBUG main            d.u.i.k.p.i.AbstractProblemLoader Init config took 4.63s 
297311     INFO  main            d.u.i.k.p.i.AbstractProblemLoader Replaying proof BFilter[ThreadSpec2::stateInv()].JML accessible clause.0 
297313     DEBUG main            d.u.i.k.p.i.IntermediateProofReplayer Proof replay took 8.2ns 
297623     INFO  main            d.u.i.k.p.r.p.TestFile    ... finished proof: closed. 
297947     INFO  main            d.u.i.k.p.i.AbstractProblemLoader Loading environment from /home/runner/work/key/key/key.core/../key.ui/examples/heap/permissions/threads/BFilter_stateInv_accessible.key.proof 
297947     DEBUG main            d.u.i.k.p.i.AbstractProblemLoader Environment load took 112.7ns 
297948     INFO  main            d.u.i.k.p.i.AbstractProblemLoader Creating init config 
302494     DEBUG main            d.u.i.k.p.i.AbstractProblemLoader Init config took 4.55s 
302578     INFO  main            d.u.i.k.p.i.AbstractProblemLoader Replaying proof BFilter[ThreadSpec2::stateInv()].JML accessible clause.0 
302610     DEBUG main            d.u.i.k.p.i.IntermediateProofReplayer Proof replay took 30.26ms 
302612     DEBUG main            d.u.i.k.p.r.p.TestFile    ... success: reloaded. 
302616     INFO  main            d.u.i.k.p.r.p.TestFile    Now processing file /home/runner/work/key/key/key.core/../key.ui/examples/heap/permissions/threads/BFilter_staticPermissions_accessible.key 
302616     INFO  main            d.u.i.k.p.i.AbstractProblemLoader Loading environment from /home/runner/work/key/key/key.core/../key.ui/examples/heap/permissions/threads/BFilter_staticPermissions_accessible.key 
302616     DEBUG main            d.u.i.k.p.i.AbstractProblemLoader Environment load took 104.3ns 
302617     INFO  main            d.u.i.k.p.i.AbstractProblemLoader Creating init config 
307262     DEBUG main            d.u.i.k.p.i.AbstractProblemLoader Init config took 4.64s 
307345     INFO  main            d.u.i.k.p.i.AbstractProblemLoader Replaying proof BFilter[ThreadSpec2::staticPermissions()].JML accessible clause.0 
307347     DEBUG main            d.u.i.k.p.i.IntermediateProofReplayer Proof replay took 7.2ns 
307448     INFO  main            d.u.i.k.p.r.p.TestFile    ... finished proof: closed. 
307798     INFO  main            d.u.i.k.p.i.AbstractProblemLoader Loading environment from /home/runner/work/key/key/key.core/../key.ui/examples/heap/permissions/threads/BFilter_staticPermissions_accessible.key.proof 
307798     DEBUG main            d.u.i.k.p.i.AbstractProblemLoader Environment load took 113.6ns 
307799     INFO  main            d.u.i.k.p.i.AbstractProblemLoader Creating init config 
312328     DEBUG main            d.u.i.k.p.i.AbstractProblemLoader Init config took 4.53s 
312410     INFO  main            d.u.i.k.p.i.AbstractProblemLoader Replaying proof BFilter[ThreadSpec2::staticPermissions()].JML accessible clause.0 
312419     DEBUG main            d.u.i.k.p.i.IntermediateProofReplayer Proof replay took 7ms 
312420     DEBUG main            d.u.i.k.p.r.p.TestFile    ... success: reloaded. 
312421     INFO  main            d.u.i.k.p.r.p.TestFile    Now processing file /home/runner/work/key/key/key.core/../key.ui/examples/heap/permissions/threads/BFilter_workingPermissions_accessible.key 
312421     INFO  main            d.u.i.k.p.i.AbstractProblemLoader Loading environment from /home/runner/work/key/key/key.core/../key.ui/examples/heap/permissions/threads/BFilter_workingPermissions_accessible.key 
312421     DEBUG main            d.u.i.k.p.i.AbstractProblemLoader Environment load took 83.8ns 
312422     INFO  main            d.u.i.k.p.i.AbstractProblemLoader Creating init config 
317042     DEBUG main            d.u.i.k.p.i.AbstractProblemLoader Init config took 4.62s 
317142     INFO  main            d.u.i.k.p.i.AbstractProblemLoader Replaying proof BFilter[ThreadSpec2::workingPermissions()].JML accessible clause.0 
317143     DEBUG main            d.u.i.k.p.i.IntermediateProofReplayer Proof replay took 6.9ns 
317245     INFO  main            d.u.i.k.p.r.p.TestFile    ... finished proof: closed. 
317595     INFO  main            d.u.i.k.p.i.AbstractProblemLoader Loading environment from /home/runner/work/key/key/key.core/../key.ui/examples/heap/permissions/threads/BFilter_workingPermissions_accessible.key.proof 
317595     DEBUG main            d.u.i.k.p.i.AbstractProblemLoader Environment load took 111.1ns 
317596     INFO  main            d.u.i.k.p.i.AbstractProblemLoader Creating init config 
322114     DEBUG main            d.u.i.k.p.i.AbstractProblemLoader Init config took 4.52s 
322198     INFO  main            d.u.i.k.p.i.AbstractProblemLoader Replaying proof BFilter[ThreadSpec2::workingPermissions()].JML accessible clause.0 
322206     DEBUG main            d.u.i.k.p.i.IntermediateProofReplayer Proof replay took 6.37ms 
322207     DEBUG main            d.u.i.k.p.r.p.TestFile    ... success: reloaded. 
322208     INFO  main            d.u.i.k.p.r.p.TestFile    Now processing file /home/runner/work/key/key/key.core/../key.ui/examples/heap/permissions/threads/Fib_Fib.key 
322208     INFO  main            d.u.i.k.p.i.AbstractProblemLoader Loading environment from /home/runner/work/key/key/key.core/../key.ui/examples/heap/permissions/threads/Fib_Fib.key 
322208     DEBUG main            d.u.i.k.p.i.AbstractProblemLoader Environment load took 94.6ns 
322209     INFO  main            d.u.i.k.p.i.AbstractProblemLoader Creating init config 
326827     DEBUG main            d.u.i.k.p.i.AbstractProblemLoader Init config took 4.62s 
326909     INFO  main            d.u.i.k.p.i.AbstractProblemLoader Replaying proof Fib[Fib::Fib(int)].JML normal_behavior operation contract.0 
326911     DEBUG main            d.u.i.k.p.i.IntermediateProofReplayer Proof replay took 7.3ns 
327514     INFO  main            d.u.i.k.p.r.p.TestFile    ... finished proof: closed. 
327920     INFO  main            d.u.i.k.p.i.AbstractProblemLoader Loading environment from /home/runner/work/key/key/key.core/../key.ui/examples/heap/permissions/threads/Fib_Fib.key.proof 
327920     DEBUG main            d.u.i.k.p.i.AbstractProblemLoader Environment load took 120.6ns 
327921     INFO  main            d.u.i.k.p.i.AbstractProblemLoader Creating init config 
332481     DEBUG main            d.u.i.k.p.i.AbstractProblemLoader Init config took 4.56s 
332563     INFO  main            d.u.i.k.p.i.AbstractProblemLoader Replaying proof Fib[Fib::Fib(int)].JML normal_behavior operation contract.0 
332646     DEBUG main            d.u.i.k.p.i.IntermediateProofReplayer Proof replay took 79.98ms 
332648     DEBUG main            d.u.i.k.p.r.p.TestFile    ... success: reloaded. 
332649     INFO  main            d.u.i.k.p.r.p.TestFile    Now processing file /home/runner/work/key/key/key.core/../key.ui/examples/heap/permissions/threads/Fib_initPost_accessible.key 
332649     INFO  main            d.u.i.k.p.i.AbstractProblemLoader Loading environment from /home/runner/work/key/key/key.core/../key.ui/examples/heap/permissions/threads/Fib_initPost_accessible.key 
332649     DEBUG main            d.u.i.k.p.i.AbstractProblemLoader Environment load took 52.2ns 
332650     INFO  main            d.u.i.k.p.i.AbstractProblemLoader Creating init config 
337274     DEBUG main            d.u.i.k.p.i.AbstractProblemLoader Init config took 4.62s 
337373     INFO  main            d.u.i.k.p.i.AbstractProblemLoader Replaying proof Fib[ThreadSpec::initPost()].JML accessible clause.0 
337374     DEBUG main            d.u.i.k.p.i.IntermediateProofReplayer Proof replay took 7.1ns 
337476     INFO  main            d.u.i.k.p.r.p.TestFile    ... finished proof: closed. 
337854     INFO  main            d.u.i.k.p.i.AbstractProblemLoader Loading environment from /home/runner/work/key/key/key.core/../key.ui/examples/heap/permissions/threads/Fib_initPost_accessible.key.proof 
337854     DEBUG main            d.u.i.k.p.i.AbstractProblemLoader Environment load took 111.5ns 
337855     INFO  main            d.u.i.k.p.i.AbstractProblemLoader Creating init config 
342400     DEBUG main            d.u.i.k.p.i.AbstractProblemLoader Init config took 4.55s 
342482     INFO  main            d.u.i.k.p.i.AbstractProblemLoader Replaying proof Fib[ThreadSpec::initPost()].JML accessible clause.0 
342487     DEBUG main            d.u.i.k.p.i.IntermediateProofReplayer Proof replay took 3.91ms 
342488     DEBUG main            d.u.i.k.p.r.p.TestFile    ... success: reloaded. 
342491     INFO  main            d.u.i.k.p.r.p.TestFile    Now processing file /home/runner/work/key/key/key.core/../key.ui/examples/heap/permissions/threads/Fib_inv1_accessible.key 
342492     INFO  main            d.u.i.k.p.i.AbstractProblemLoader Loading environment from /home/runner/work/key/key/key.core/../key.ui/examples/heap/permissions/threads/Fib_inv1_accessible.key 
342492     DEBUG main            d.u.i.k.p.i.AbstractProblemLoader Environment load took 128.3ns 
342492     INFO  main            d.u.i.k.p.i.AbstractProblemLoader Creating init config 
347109     DEBUG main            d.u.i.k.p.i.AbstractProblemLoader Init config took 4.62s 
347192     INFO  main            d.u.i.k.p.i.AbstractProblemLoader Replaying proof Fib[java.lang.Object::<inv>()].JML accessible clause.0 
347194     DEBUG main            d.u.i.k.p.i.IntermediateProofReplayer Proof replay took 7.7ns 
347295     INFO  main            d.u.i.k.p.r.p.TestFile    ... finished proof: closed. 
347680     INFO  main            d.u.i.k.p.i.AbstractProblemLoader Loading environment from /home/runner/work/key/key/key.core/../key.ui/examples/heap/permissions/threads/Fib_inv1_accessible.key.proof 
347680     DEBUG main            d.u.i.k.p.i.AbstractProblemLoader Environment load took 109.1ns 
347681     INFO  main            d.u.i.k.p.i.AbstractProblemLoader Creating init config 
352211     DEBUG main            d.u.i.k.p.i.AbstractProblemLoader Init config took 4.53s 
352298     INFO  main            d.u.i.k.p.i.AbstractProblemLoader Replaying proof Fib[java.lang.Object::<inv>()].JML accessible clause.0 
352301     DEBUG main            d.u.i.k.p.i.IntermediateProofReplayer Proof replay took 1.49ms 
352302     DEBUG main            d.u.i.k.p.r.p.TestFile    ... success: reloaded. 
352303     INFO  main            d.u.i.k.p.r.p.TestFile    Now processing file /home/runner/work/key/key/key.core/../key.ui/examples/heap/permissions/threads/Fib_inv2_accessible.key 
352303     INFO  main            d.u.i.k.p.i.AbstractProblemLoader Loading environment from /home/runner/work/key/key/key.core/../key.ui/examples/heap/permissions/threads/Fib_inv2_accessible.key 
352303     DEBUG main            d.u.i.k.p.i.AbstractProblemLoader Environment load took 203.4ns 
352304     INFO  main            d.u.i.k.p.i.AbstractProblemLoader Creating init config 
356921     DEBUG main            d.u.i.k.p.i.AbstractProblemLoader Init config took 4.62s 
357019     INFO  main            d.u.i.k.p.i.AbstractProblemLoader Replaying proof Fib[java.lang.Object::<inv>()].JML accessible clause.1 
357021     DEBUG main            d.u.i.k.p.i.IntermediateProofReplayer Proof replay took 7.9ns 
357122     INFO  main            d.u.i.k.p.r.p.TestFile    ... finished proof: closed. 
357508     INFO  main            d.u.i.k.p.i.AbstractProblemLoader Loading environment from /home/runner/work/key/key/key.core/../key.ui/examples/heap/permissions/threads/Fib_inv2_accessible.key.proof 
357508     DEBUG main            d.u.i.k.p.i.AbstractProblemLoader Environment load took 99.5ns 
357509     INFO  main            d.u.i.k.p.i.AbstractProblemLoader Creating init config 
362050     DEBUG main            d.u.i.k.p.i.AbstractProblemLoader Init config took 4.54s 
362131     INFO  main            d.u.i.k.p.i.AbstractProblemLoader Replaying proof Fib[java.lang.Object::<inv>()].JML accessible clause.1 
362133     DEBUG main            d.u.i.k.p.i.IntermediateProofReplayer Proof replay took 1.39ms 
362134     DEBUG main            d.u.i.k.p.r.p.TestFile    ... success: reloaded. 
362135     INFO  main            d.u.i.k.p.r.p.TestFile    Now processing file /home/runner/work/key/key/key.core/../key.ui/examples/heap/permissions/threads/Fib_joinTransfer_accessible.key 
362135     INFO  main            d.u.i.k.p.i.AbstractProblemLoader Loading environment from /home/runner/work/key/key/key.core/../key.ui/examples/heap/permissions/threads/Fib_joinTransfer_accessible.key 
362135     DEBUG main            d.u.i.k.p.i.AbstractProblemLoader Environment load took 87.5ns 
362136     INFO  main            d.u.i.k.p.i.AbstractProblemLoader Creating init config 
366746     DEBUG main            d.u.i.k.p.i.AbstractProblemLoader Init config took 4.61s 
366828     INFO  main            d.u.i.k.p.i.AbstractProblemLoader Replaying proof Fib[ThreadSpec::joinTransfer()].JML accessible clause.0 
366830     DEBUG main            d.u.i.k.p.i.IntermediateProofReplayer Proof replay took 8.9ns 
367032     INFO  main            d.u.i.k.p.r.p.TestFile    ... finished proof: closed. 
367434     INFO  main            d.u.i.k.p.i.AbstractProblemLoader Loading environment from /home/runner/work/key/key/key.core/../key.ui/examples/heap/permissions/threads/Fib_joinTransfer_accessible.key.proof 
367434     DEBUG main            d.u.i.k.p.i.AbstractProblemLoader Environment load took 108.6ns 
367435     INFO  main            d.u.i.k.p.i.AbstractProblemLoader Creating init config 
371985     DEBUG main            d.u.i.k.p.i.AbstractProblemLoader Init config took 4.55s 
372066     INFO  main            d.u.i.k.p.i.AbstractProblemLoader Replaying proof Fib[ThreadSpec::joinTransfer()].JML accessible clause.0 
372087     DEBUG main            d.u.i.k.p.i.IntermediateProofReplayer Proof replay took 18.12ms 
372088     DEBUG main            d.u.i.k.p.r.p.TestFile    ... success: reloaded. 
372089     INFO  main            d.u.i.k.p.r.p.TestFile    Now processing file /home/runner/work/key/key/key.core/../key.ui/examples/heap/permissions/threads/Fib_joinTransfer_contract.key 
372089     INFO  main            d.u.i.k.p.i.AbstractProblemLoader Loading environment from /home/runner/work/key/key/key.core/../key.ui/examples/heap/permissions/threads/Fib_joinTransfer_contract.key 
372089     DEBUG main            d.u.i.k.p.i.AbstractProblemLoader Environment load took 83ns 
372090     INFO  main            d.u.i.k.p.i.AbstractProblemLoader Creating init config 
376704     DEBUG main            d.u.i.k.p.i.AbstractProblemLoader Init config took 4.61s 
376785     INFO  main            d.u.i.k.p.i.AbstractProblemLoader Replaying proof Fib[ThreadSpec::joinTransfer()].JML model_behavior operation contract.0 
376787     DEBUG main            d.u.i.k.p.i.IntermediateProofReplayer Proof replay took 7.8ns 
376888     INFO  main            d.u.i.k.p.r.p.TestFile    ... finished proof: closed. 
377286     INFO  main            d.u.i.k.p.i.AbstractProblemLoader Loading environment from /home/runner/work/key/key/key.core/../key.ui/examples/heap/permissions/threads/Fib_joinTransfer_contract.key.proof 
377286     DEBUG main            d.u.i.k.p.i.AbstractProblemLoader Environment load took 103.9ns 
377287     INFO  main            d.u.i.k.p.i.AbstractProblemLoader Creating init config 
381806     DEBUG main            d.u.i.k.p.i.AbstractProblemLoader Init config took 4.52s 
381889     INFO  main            d.u.i.k.p.i.AbstractProblemLoader Replaying proof Fib[ThreadSpec::joinTransfer()].JML model_behavior operation contract.0 
381897     DEBUG main            d.u.i.k.p.i.IntermediateProofReplayer Proof replay took 6.21ms 
381898     DEBUG main            d.u.i.k.p.r.p.TestFile    ... success: reloaded. 
381899     INFO  main            d.u.i.k.p.r.p.TestFile    Now processing file /home/runner/work/key/key/key.core/../key.ui/examples/heap/permissions/threads/Fib_postJoin_accessible.key 
381899     INFO  main            d.u.i.k.p.i.AbstractProblemLoader Loading environment from /home/runner/work/key/key/key.core/../key.ui/examples/heap/permissions/threads/Fib_postJoin_accessible.key 
381899     DEBUG main            d.u.i.k.p.i.AbstractProblemLoader Environment load took 171.1ns 
381900     INFO  main            d.u.i.k.p.i.AbstractProblemLoader Creating init config 
386499     DEBUG main            d.u.i.k.p.i.AbstractProblemLoader Init config took 4.6s 
386580     INFO  main            d.u.i.k.p.i.AbstractProblemLoader Replaying proof Fib[ThreadSpec::postJoin(java.lang.Object)].JML accessible clause.0 
386581     DEBUG main            d.u.i.k.p.i.IntermediateProofReplayer Proof replay took 8.6ns 
386683     INFO  main            d.u.i.k.p.r.p.TestFile    ... finished proof: closed. 
387066     INFO  main            d.u.i.k.p.i.AbstractProblemLoader Loading environment from /home/runner/work/key/key/key.core/../key.ui/examples/heap/permissions/threads/Fib_postJoin_accessible.key.proof 
387066     DEBUG main            d.u.i.k.p.i.AbstractProblemLoader Environment load took 102.7ns 
387067     INFO  main            d.u.i.k.p.i.AbstractProblemLoader Creating init config 
391595     DEBUG main            d.u.i.k.p.i.AbstractProblemLoader Init config took 4.53s 
391678     INFO  main            d.u.i.k.p.i.AbstractProblemLoader Replaying proof Fib[ThreadSpec::postJoin(java.lang.Object)].JML accessible clause.0 
391683     DEBUG main            d.u.i.k.p.i.IntermediateProofReplayer Proof replay took 3.93ms 
391684     DEBUG main            d.u.i.k.p.r.p.TestFile    ... success: reloaded. 
391685     INFO  main            d.u.i.k.p.r.p.TestFile    Now processing file /home/runner/work/key/key/key.core/../key.ui/examples/heap/permissions/threads/Fib_preStart_accessible.key 
391685     INFO  main            d.u.i.k.p.i.AbstractProblemLoader Loading environment from /home/runner/work/key/key/key.core/../key.ui/examples/heap/permissions/threads/Fib_preStart_accessible.key 
391685     DEBUG main            d.u.i.k.p.i.AbstractProblemLoader Environment load took 88.2ns 
391686     INFO  main            d.u.i.k.p.i.AbstractProblemLoader Creating init config 
396306     DEBUG main            d.u.i.k.p.i.AbstractProblemLoader Init config took 4.62s 
396387     INFO  main            d.u.i.k.p.i.AbstractProblemLoader Replaying proof Fib[ThreadSpec::preStart(java.lang.Object)].JML accessible clause.0 
396389     DEBUG main            d.u.i.k.p.i.IntermediateProofReplayer Proof replay took 8.1ns 
396491     INFO  main            d.u.i.k.p.r.p.TestFile    ... finished proof: closed. 
396906     INFO  main            d.u.i.k.p.i.AbstractProblemLoader Loading environment from /home/runner/work/key/key/key.core/../key.ui/examples/heap/permissions/threads/Fib_preStart_accessible.key.proof 
396906     DEBUG main            d.u.i.k.p.i.AbstractProblemLoader Environment load took 108.1ns 
396907     INFO  main            d.u.i.k.p.i.AbstractProblemLoader Creating init config 
401468     DEBUG main            d.u.i.k.p.i.AbstractProblemLoader Init config took 4.56s 
401562     INFO  main            d.u.i.k.p.i.AbstractProblemLoader Replaying proof Fib[ThreadSpec::preStart(java.lang.Object)].JML accessible clause.0 
401568     DEBUG main            d.u.i.k.p.i.IntermediateProofReplayer Proof replay took 3.92ms 
401569     DEBUG main            d.u.i.k.p.r.p.TestFile    ... success: reloaded. 
401569     INFO  main            d.u.i.k.p.r.p.TestFile    Now processing file /home/runner/work/key/key/key.core/../key.ui/examples/heap/permissions/threads/Fib_startTransfer_accessible.key 
401570     INFO  main            d.u.i.k.p.i.AbstractProblemLoader Loading environment from /home/runner/work/key/key/key.core/../key.ui/examples/heap/permissions/threads/Fib_startTransfer_accessible.key 
401570     DEBUG main            d.u.i.k.p.i.AbstractProblemLoader Environment load took 91.9ns 
401571     INFO  main            d.u.i.k.p.i.AbstractProblemLoader Creating init config 
406201     DEBUG main            d.u.i.k.p.i.AbstractProblemLoader Init config took 4.63s 
406283     INFO  main            d.u.i.k.p.i.AbstractProblemLoader Replaying proof Fib[ThreadSpec::startTransfer()].JML accessible clause.0 
406288     DEBUG main            d.u.i.k.p.i.IntermediateProofReplayer Proof replay took 8ns 
406490     INFO  main            d.u.i.k.p.r.p.TestFile    ... finished proof: closed. 
406912     INFO  main            d.u.i.k.p.i.AbstractProblemLoader Loading environment from /home/runner/work/key/key/key.core/../key.ui/examples/heap/permissions/threads/Fib_startTransfer_accessible.key.proof 
406912     DEBUG main            d.u.i.k.p.i.AbstractProblemLoader Environment load took 97.6ns 
406913     INFO  main            d.u.i.k.p.i.AbstractProblemLoader Creating init config 
411454     DEBUG main            d.u.i.k.p.i.AbstractProblemLoader Init config took 4.54s 
411535     INFO  main            d.u.i.k.p.i.AbstractProblemLoader Replaying proof Fib[ThreadSpec::startTransfer()].JML accessible clause.0 
411554     DEBUG main            d.u.i.k.p.i.IntermediateProofReplayer Proof replay took 17.48ms 
411555     DEBUG main            d.u.i.k.p.r.p.TestFile    ... success: reloaded. 
411556     INFO  main            d.u.i.k.p.r.p.TestFile    Now processing file /home/runner/work/key/key/key.core/../key.ui/examples/heap/permissions/threads/Fib_startTransfer_contract.key 
411556     INFO  main            d.u.i.k.p.i.AbstractProblemLoader Loading environment from /home/runner/work/key/key/key.core/../key.ui/examples/heap/permissions/threads/Fib_startTransfer_contract.key 
411556     DEBUG main            d.u.i.k.p.i.AbstractProblemLoader Environment load took 51.4ns 
411557     INFO  main            d.u.i.k.p.i.AbstractProblemLoader Creating init config 
416167     DEBUG main            d.u.i.k.p.i.AbstractProblemLoader Init config took 4.61s 
416266     INFO  main            d.u.i.k.p.i.AbstractProblemLoader Replaying proof Fib[ThreadSpec::startTransfer()].JML model_behavior operation contract.0 
416267     DEBUG main            d.u.i.k.p.i.IntermediateProofReplayer Proof replay took 8.4ns 
416370     INFO  main            d.u.i.k.p.r.p.TestFile    ... finished proof: closed. 
416793     INFO  main            d.u.i.k.p.i.AbstractProblemLoader Loading environment from /home/runner/work/key/key/key.core/../key.ui/examples/heap/permissions/threads/Fib_startTransfer_contract.key.proof 
416794     DEBUG main            d.u.i.k.p.i.AbstractProblemLoader Environment load took 105.6ns 
416794     INFO  main            d.u.i.k.p.i.AbstractProblemLoader Creating init config 
421348     DEBUG main            d.u.i.k.p.i.AbstractProblemLoader Init config took 4.55s 
421431     INFO  main            d.u.i.k.p.i.AbstractProblemLoader Replaying proof Fib[ThreadSpec::startTransfer()].JML model_behavior operation contract.0 
421438     DEBUG main            d.u.i.k.p.i.IntermediateProofReplayer Proof replay took 6.14ms 
421439     DEBUG main            d.u.i.k.p.r.p.TestFile    ... success: reloaded. 
421440     INFO  main            d.u.i.k.p.r.p.TestFile    Now processing file /home/runner/work/key/key/key.core/../key.ui/examples/heap/permissions/threads/Fib_workingPermissions_accessible.key 
421440     INFO  main            d.u.i.k.p.i.AbstractProblemLoader Loading environment from /home/runner/work/key/key/key.core/../key.ui/examples/heap/permissions/threads/Fib_workingPermissions_accessible.key 
421440     DEBUG main            d.u.i.k.p.i.AbstractProblemLoader Environment load took 73.9ns 
421441     INFO  main            d.u.i.k.p.i.AbstractProblemLoader Creating init config 
426069     DEBUG main            d.u.i.k.p.i.AbstractProblemLoader Init config took 4.63s 
426170     INFO  main            d.u.i.k.p.i.AbstractProblemLoader Replaying proof Fib[ThreadSpec::workingPermissions()].JML accessible clause.0 
426172     DEBUG main            d.u.i.k.p.i.IntermediateProofReplayer Proof replay took 8.5ns 
426273     INFO  main            d.u.i.k.p.r.p.TestFile    ... finished proof: closed. 
426713     INFO  main            d.u.i.k.p.i.AbstractProblemLoader Loading environment from /home/runner/work/key/key/key.core/../key.ui/examples/heap/permissions/threads/Fib_workingPermissions_accessible.key.proof 
426713     DEBUG main            d.u.i.k.p.i.AbstractProblemLoader Environment load took 145.2ns 
426714     INFO  main            d.u.i.k.p.i.AbstractProblemLoader Creating init config 
431276     DEBUG main            d.u.i.k.p.i.AbstractProblemLoader Init config took 4.56s 
431357     INFO  main            d.u.i.k.p.i.AbstractProblemLoader Replaying proof Fib[ThreadSpec::workingPermissions()].JML accessible clause.0 
431360     DEBUG main            d.u.i.k.p.i.IntermediateProofReplayer Proof replay took 1.83ms 
431361     DEBUG main            d.u.i.k.p.r.p.TestFile    ... success: reloaded. 
431364     INFO  main            d.u.i.k.p.r.p.TestFile    Now processing file /home/runner/work/key/key/key.core/../key.ui/examples/heap/permissions/threads/Plotter_initPost_accessible.key 
431365     INFO  main            d.u.i.k.p.i.AbstractProblemLoader Loading environment from /home/runner/work/key/key/key.core/../key.ui/examples/heap/permissions/threads/Plotter_initPost_accessible.key 
431365     DEBUG main            d.u.i.k.p.i.AbstractProblemLoader Environment load took 183.1ns 
431366     INFO  main            d.u.i.k.p.i.AbstractProblemLoader Creating init config 
435978     DEBUG main            d.u.i.k.p.i.AbstractProblemLoader Init config took 4.61s 
436059     INFO  main            d.u.i.k.p.i.AbstractProblemLoader Replaying proof Plotter[ThreadSpec2::initPost()].JML accessible clause.0 
436061     DEBUG main            d.u.i.k.p.i.IntermediateProofReplayer Proof replay took 7.4ns 
436163     INFO  main            d.u.i.k.p.r.p.TestFile    ... finished proof: closed. 
436598     INFO  main            d.u.i.k.p.i.AbstractProblemLoader Loading environment from /home/runner/work/key/key/key.core/../key.ui/examples/heap/permissions/threads/Plotter_initPost_accessible.key.proof 
436598     DEBUG main            d.u.i.k.p.i.AbstractProblemLoader Environment load took 104.1ns 
436599     INFO  main            d.u.i.k.p.i.AbstractProblemLoader Creating init config 
441124     DEBUG main            d.u.i.k.p.i.AbstractProblemLoader Init config took 4.53s 
441205     INFO  main            d.u.i.k.p.i.AbstractProblemLoader Replaying proof Plotter[ThreadSpec2::initPost()].JML accessible clause.0 
441215     DEBUG main            d.u.i.k.p.i.IntermediateProofReplayer Proof replay took 8.88ms 
441216     DEBUG main            d.u.i.k.p.r.p.TestFile    ... success: reloaded. 
441217     INFO  main            d.u.i.k.p.r.p.TestFile    Now processing file /home/runner/work/key/key/key.core/../key.ui/examples/heap/permissions/threads/Plotter_inv_accessible1.key 
441217     INFO  main            d.u.i.k.p.i.AbstractProblemLoader Loading environment from /home/runner/work/key/key/key.core/../key.ui/examples/heap/permissions/threads/Plotter_inv_accessible1.key 
441217     DEBUG main            d.u.i.k.p.i.AbstractProblemLoader Environment load took 48.3ns 
441218     INFO  main            d.u.i.k.p.i.AbstractProblemLoader Creating init config 
445846     DEBUG main            d.u.i.k.p.i.AbstractProblemLoader Init config took 4.63s 
445943     INFO  main            d.u.i.k.p.i.AbstractProblemLoader Replaying proof Plotter[java.lang.Object::<inv>()].JML accessible clause.0 
445945     DEBUG main            d.u.i.k.p.i.IntermediateProofReplayer Proof replay took 8.6ns 
446047     INFO  main            d.u.i.k.p.r.p.TestFile    ... finished proof: closed. 
446491     INFO  main            d.u.i.k.p.i.AbstractProblemLoader Loading environment from /home/runner/work/key/key/key.core/../key.ui/examples/heap/permissions/threads/Plotter_inv_accessible1.key.proof 
446491     DEBUG main            d.u.i.k.p.i.AbstractProblemLoader Environment load took 93.4ns 
446492     INFO  main            d.u.i.k.p.i.AbstractProblemLoader Creating init config 
451030     DEBUG main            d.u.i.k.p.i.AbstractProblemLoader Init config took 4.54s 
451111     INFO  main            d.u.i.k.p.i.AbstractProblemLoader Replaying proof Plotter[java.lang.Object::<inv>()].JML accessible clause.0 
451114     DEBUG main            d.u.i.k.p.i.IntermediateProofReplayer Proof replay took 1.45ms 
451115     DEBUG main            d.u.i.k.p.r.p.TestFile    ... success: reloaded. 
451116     INFO  main            d.u.i.k.p.r.p.TestFile    Now processing file /home/runner/work/key/key/key.core/../key.ui/examples/heap/permissions/threads/Plotter_inv_accessible2.key 
451116     INFO  main            d.u.i.k.p.i.AbstractProblemLoader Loading environment from /home/runner/work/key/key/key.core/../key.ui/examples/heap/permissions/threads/Plotter_inv_accessible2.key 
451116     DEBUG main            d.u.i.k.p.i.AbstractProblemLoader Environment load took 72.9ns 
451117     INFO  main            d.u.i.k.p.i.AbstractProblemLoader Creating init config 
455727     DEBUG main            d.u.i.k.p.i.AbstractProblemLoader Init config took 4.61s 
455823     INFO  main            d.u.i.k.p.i.AbstractProblemLoader Replaying proof Plotter[java.lang.Object::<inv>()].JML accessible clause.1 
455825     DEBUG main            d.u.i.k.p.i.IntermediateProofReplayer Proof replay took 7.6ns 
455926     INFO  main            d.u.i.k.p.r.p.TestFile    ... finished proof: closed. 
456376     INFO  main            d.u.i.k.p.i.AbstractProblemLoader Loading environment from /home/runner/work/key/key/key.core/../key.ui/examples/heap/permissions/threads/Plotter_inv_accessible2.key.proof 
456376     DEBUG main            d.u.i.k.p.i.AbstractProblemLoader Environment load took 87.2ns 
456377     INFO  main            d.u.i.k.p.i.AbstractProblemLoader Creating init config 
460922     DEBUG main            d.u.i.k.p.i.AbstractProblemLoader Init config took 4.54s 
461016     INFO  main            d.u.i.k.p.i.AbstractProblemLoader Replaying proof Plotter[java.lang.Object::<inv>()].JML accessible clause.1 
461019     DEBUG main            d.u.i.k.p.i.IntermediateProofReplayer Proof replay took 1.44ms 
461019     DEBUG main            d.u.i.k.p.r.p.TestFile    ... success: reloaded. 
461020     INFO  main            d.u.i.k.p.r.p.TestFile    Now processing file /home/runner/work/key/key/key.core/../key.ui/examples/heap/permissions/threads/Plotter_joinTransfer_contract.key 
461021     INFO  main            d.u.i.k.p.i.AbstractProblemLoader Loading environment from /home/runner/work/key/key/key.core/../key.ui/examples/heap/permissions/threads/Plotter_joinTransfer_contract.key 
461021     DEBUG main            d.u.i.k.p.i.AbstractProblemLoader Environment load took 45.6ns 
461021     INFO  main            d.u.i.k.p.i.AbstractProblemLoader Creating init config 
465628     DEBUG main            d.u.i.k.p.i.AbstractProblemLoader Init config took 4.61s 
465712     INFO  main            d.u.i.k.p.i.AbstractProblemLoader Replaying proof Plotter[ThreadSpec2::joinTransfer()].JML model_behavior operation contract.0 
465714     DEBUG main            d.u.i.k.p.i.IntermediateProofReplayer Proof replay took 8.7ns 
465815     INFO  main            d.u.i.k.p.r.p.TestFile    ... finished proof: closed. 
466274     INFO  main            d.u.i.k.p.i.AbstractProblemLoader Loading environment from /home/runner/work/key/key/key.core/../key.ui/examples/heap/permissions/threads/Plotter_joinTransfer_contract.key.proof 
466274     DEBUG main            d.u.i.k.p.i.AbstractProblemLoader Environment load took 87.8ns 
466275     INFO  main            d.u.i.k.p.i.AbstractProblemLoader Creating init config 
470829     DEBUG main            d.u.i.k.p.i.AbstractProblemLoader Init config took 4.55s 
470910     INFO  main            d.u.i.k.p.i.AbstractProblemLoader Replaying proof Plotter[ThreadSpec2::joinTransfer()].JML model_behavior operation contract.0 
470918     DEBUG main            d.u.i.k.p.i.IntermediateProofReplayer Proof replay took 6.76ms 
470919     DEBUG main            d.u.i.k.p.r.p.TestFile    ... success: reloaded. 
470920     INFO  main            d.u.i.k.p.r.p.TestFile    Now processing file /home/runner/work/key/key/key.core/../key.ui/examples/heap/permissions/threads/Plotter_Plotter.key 
470920     INFO  main            d.u.i.k.p.i.AbstractProblemLoader Loading environment from /home/runner/work/key/key/key.core/../key.ui/examples/heap/permissions/threads/Plotter_Plotter.key 
470920     DEBUG main            d.u.i.k.p.i.AbstractProblemLoader Environment load took 47.4ns 
470921     INFO  main            d.u.i.k.p.i.AbstractProblemLoader Creating init config 
475535     DEBUG main            d.u.i.k.p.i.AbstractProblemLoader Init config took 4.61s 
475631     INFO  main            d.u.i.k.p.i.AbstractProblemLoader Replaying proof Plotter[Plotter::Plotter(AFilter,BFilter,Buffer)].JML normal_behavior operation contract.0 
475633     DEBUG main            d.u.i.k.p.i.IntermediateProofReplayer Proof replay took 8.2ns 
477438     INFO  main            d.u.i.k.p.r.p.TestFile    ... finished proof: closed. 
477920     INFO  main            d.u.i.k.p.i.AbstractProblemLoader Loading environment from /home/runner/work/key/key/key.core/../key.ui/examples/heap/permissions/threads/Plotter_Plotter.key.proof 
477920     DEBUG main            d.u.i.k.p.i.AbstractProblemLoader Environment load took 143.9ns 
477921     INFO  main            d.u.i.k.p.i.AbstractProblemLoader Creating init config 
482461     DEBUG main            d.u.i.k.p.i.AbstractProblemLoader Init config took 4.54s 
482543     INFO  main            d.u.i.k.p.i.AbstractProblemLoader Replaying proof Plotter[Plotter::Plotter(AFilter,BFilter,Buffer)].JML normal_behavior operation contract.0 
482719     DEBUG main            d.u.i.k.p.i.IntermediateProofReplayer Proof replay took 171.54ms 
482720     DEBUG main            d.u.i.k.p.r.p.TestFile    ... success: reloaded. 
482721     INFO  main            d.u.i.k.p.r.p.TestFile    Now processing file /home/runner/work/key/key/key.core/../key.ui/examples/heap/permissions/threads/Plotter_postJoin_accessible.key 
482721     INFO  main            d.u.i.k.p.i.AbstractProblemLoader Loading environment from /home/runner/work/key/key/key.core/../key.ui/examples/heap/permissions/threads/Plotter_postJoin_accessible.key 
482721     DEBUG main            d.u.i.k.p.i.AbstractProblemLoader Environment load took 47.9ns 
482722     INFO  main            d.u.i.k.p.i.AbstractProblemLoader Creating init config 
487481     DEBUG main            d.u.i.k.p.i.AbstractProblemLoader Init config took 4.76s 
487562     INFO  main            d.u.i.k.p.i.AbstractProblemLoader Replaying proof Plotter[ThreadSpec2::postJoin(java.lang.Object)].JML accessible clause.0 
487564     DEBUG main            d.u.i.k.p.i.IntermediateProofReplayer Proof replay took 8.1ns 
487665     INFO  main            d.u.i.k.p.r.p.TestFile    ... finished proof: closed. 
488127     INFO  main            d.u.i.k.p.i.AbstractProblemLoader Loading environment from /home/runner/work/key/key/key.core/../key.ui/examples/heap/permissions/threads/Plotter_postJoin_accessible.key.proof 
488127     DEBUG main            d.u.i.k.p.i.AbstractProblemLoader Environment load took 95.1ns 
488128     INFO  main            d.u.i.k.p.i.AbstractProblemLoader Creating init config 
492655     DEBUG main            d.u.i.k.p.i.AbstractProblemLoader Init config took 4.53s 
492736     INFO  main            d.u.i.k.p.i.AbstractProblemLoader Replaying proof Plotter[ThreadSpec2::postJoin(java.lang.Object)].JML accessible clause.0 
492747     DEBUG main            d.u.i.k.p.i.IntermediateProofReplayer Proof replay took 8.58ms 
492748     DEBUG main            d.u.i.k.p.r.p.TestFile    ... success: reloaded. 
492749     INFO  main            d.u.i.k.p.r.p.TestFile    Now processing file /home/runner/work/key/key/key.core/../key.ui/examples/heap/permissions/threads/Plotter_preStart_accessible.key 
492749     INFO  main            d.u.i.k.p.i.AbstractProblemLoader Loading environment from /home/runner/work/key/key/key.core/../key.ui/examples/heap/permissions/threads/Plotter_preStart_accessible.key 
492749     DEBUG main            d.u.i.k.p.i.AbstractProblemLoader Environment load took 47.3ns 
492750     INFO  main            d.u.i.k.p.i.AbstractProblemLoader Creating init config 
497345     DEBUG main            d.u.i.k.p.i.AbstractProblemLoader Init config took 4.6s 
497426     INFO  main            d.u.i.k.p.i.AbstractProblemLoader Replaying proof Plotter[ThreadSpec2::preStart(java.lang.Object)].JML accessible clause.0 
497427     DEBUG main            d.u.i.k.p.i.IntermediateProofReplayer Proof replay took 7.4ns 
498431     INFO  main            d.u.i.k.p.r.p.TestFile    ... finished proof: closed. 
498905     INFO  main            d.u.i.k.p.i.AbstractProblemLoader Loading environment from /home/runner/work/key/key/key.core/../key.ui/examples/heap/permissions/threads/Plotter_preStart_accessible.key.proof 
498905     DEBUG main            d.u.i.k.p.i.AbstractProblemLoader Environment load took 95.4ns 
498906     INFO  main            d.u.i.k.p.i.AbstractProblemLoader Creating init config 
503695     DEBUG main            d.u.i.k.p.i.AbstractProblemLoader Init config took 4.79s 
503791     INFO  main            d.u.i.k.p.i.AbstractProblemLoader Replaying proof Plotter[ThreadSpec2::preStart(java.lang.Object)].JML accessible clause.0 
503876     DEBUG main            d.u.i.k.p.i.IntermediateProofReplayer Proof replay took 75.86ms 
503877     DEBUG main            d.u.i.k.p.r.p.TestFile    ... success: reloaded. 
503878     INFO  main            d.u.i.k.p.r.p.TestFile    Now processing file /home/runner/work/key/key/key.core/../key.ui/examples/heap/permissions/threads/Plotter_stateInv_accessible.key 
503878     INFO  main            d.u.i.k.p.i.AbstractProblemLoader Loading environment from /home/runner/work/key/key/key.core/../key.ui/examples/heap/permissions/threads/Plotter_stateInv_accessible.key 
503878     DEBUG main            d.u.i.k.p.i.AbstractProblemLoader Environment load took 76ns 
503879     INFO  main            d.u.i.k.p.i.AbstractProblemLoader Creating init config 
508750     DEBUG main            d.u.i.k.p.i.AbstractProblemLoader Init config took 4.87s 
508842     INFO  main            d.u.i.k.p.i.AbstractProblemLoader Replaying proof Plotter[ThreadSpec2::stateInv()].JML accessible clause.0 
508844     DEBUG main            d.u.i.k.p.i.IntermediateProofReplayer Proof replay took 8ns 
517078     INFO  main            d.u.i.k.p.r.p.TestFile    ... finished proof: closed. 
517571     INFO  main            d.u.i.k.p.i.AbstractProblemLoader Loading environment from /home/runner/work/key/key/key.core/../key.ui/examples/heap/permissions/threads/Plotter_stateInv_accessible.key.proof 
517571     DEBUG main            d.u.i.k.p.i.AbstractProblemLoader Environment load took 94.4ns 
517573     INFO  main            d.u.i.k.p.i.AbstractProblemLoader Creating init config 
522209     DEBUG main            d.u.i.k.p.i.AbstractProblemLoader Init config took 4.64s 
522305     INFO  main            d.u.i.k.p.i.AbstractProblemLoader Replaying proof Plotter[ThreadSpec2::stateInv()].JML accessible clause.0 
522708     DEBUG main            d.u.i.k.p.i.IntermediateProofReplayer Proof replay took 390.01ms 
522709     DEBUG main            d.u.i.k.p.r.p.TestFile    ... success: reloaded. 
522710     INFO  main            d.u.i.k.p.r.p.TestFile    Now processing file /home/runner/work/key/key/key.core/../key.ui/examples/heap/permissions/threads/Plotter_staticPermissions_accessible.key 
522711     INFO  main            d.u.i.k.p.i.AbstractProblemLoader Loading environment from /home/runner/work/key/key/key.core/../key.ui/examples/heap/permissions/threads/Plotter_staticPermissions_accessible.key 
522711     DEBUG main            d.u.i.k.p.i.AbstractProblemLoader Environment load took 69.4ns 
522712     INFO  main            d.u.i.k.p.i.AbstractProblemLoader Creating init config 
527318     DEBUG main            d.u.i.k.p.i.AbstractProblemLoader Init config took 4.61s 
527399     INFO  main            d.u.i.k.p.i.AbstractProblemLoader Replaying proof Plotter[ThreadSpec2::staticPermissions()].JML accessible clause.0 
527401     DEBUG main            d.u.i.k.p.i.IntermediateProofReplayer Proof replay took 37.1ns 
528304     INFO  main            d.u.i.k.p.r.p.TestFile    ... finished proof: closed. 
528782     INFO  main            d.u.i.k.p.i.AbstractProblemLoader Loading environment from /home/runner/work/key/key/key.core/../key.ui/examples/heap/permissions/threads/Plotter_staticPermissions_accessible.key.proof 
528782     DEBUG main            d.u.i.k.p.i.AbstractProblemLoader Environment load took 99.2ns 
528783     INFO  main            d.u.i.k.p.i.AbstractProblemLoader Creating init config 
533294     DEBUG main            d.u.i.k.p.i.AbstractProblemLoader Init config took 4.51s 
533375     INFO  main            d.u.i.k.p.i.AbstractProblemLoader Replaying proof Plotter[ThreadSpec2::staticPermissions()].JML accessible clause.0 
533418     DEBUG main            d.u.i.k.p.i.IntermediateProofReplayer Proof replay took 40.17ms 
533419     DEBUG main            d.u.i.k.p.r.p.TestFile    ... success: reloaded. 
533420     INFO  main            d.u.i.k.p.r.p.TestFile    Now processing file /home/runner/work/key/key/key.core/../key.ui/examples/heap/permissions/threads/Plotter_workingPermissions_accessible.key 
533420     INFO  main            d.u.i.k.p.i.AbstractProblemLoader Loading environment from /home/runner/work/key/key/key.core/../key.ui/examples/heap/permissions/threads/Plotter_workingPermissions_accessible.key 
533420     DEBUG main            d.u.i.k.p.i.AbstractProblemLoader Environment load took 100ns 
533421     INFO  main            d.u.i.k.p.i.AbstractProblemLoader Creating init config 
538014     DEBUG main            d.u.i.k.p.i.AbstractProblemLoader Init config took 4.59s 
538095     INFO  main            d.u.i.k.p.i.AbstractProblemLoader Replaying proof Plotter[ThreadSpec2::workingPermissions()].JML accessible clause.0 
538096     DEBUG main            d.u.i.k.p.i.IntermediateProofReplayer Proof replay took 3ns 
538298     INFO  main            d.u.i.k.p.r.p.TestFile    ... finished proof: closed. 
538801     INFO  main            d.u.i.k.p.i.AbstractProblemLoader Loading environment from /home/runner/work/key/key/key.core/../key.ui/examples/heap/permissions/threads/Plotter_workingPermissions_accessible.key.proof 
538802     DEBUG main            d.u.i.k.p.i.AbstractProblemLoader Environment load took 97.5ns 
538802     INFO  main            d.u.i.k.p.i.AbstractProblemLoader Creating init config 
543324     DEBUG main            d.u.i.k.p.i.AbstractProblemLoader Init config took 4.52s 
543405     INFO  main            d.u.i.k.p.i.AbstractProblemLoader Replaying proof Plotter[ThreadSpec2::workingPermissions()].JML accessible clause.0 
543418     DEBUG main            d.u.i.k.p.i.IntermediateProofReplayer Proof replay took 11.18ms 
543419     DEBUG main            d.u.i.k.p.r.p.TestFile    ... success: reloaded. 
543420     INFO  main            d.u.i.k.p.r.p.TestFile    Now processing file /home/runner/work/key/key/key.core/../key.ui/examples/heap/permissions/threads/Sampler_initPost_accessible.key 
543420     INFO  main            d.u.i.k.p.i.AbstractProblemLoader Loading environment from /home/runner/work/key/key/key.core/../key.ui/examples/heap/permissions/threads/Sampler_initPost_accessible.key 
543420     DEBUG main            d.u.i.k.p.i.AbstractProblemLoader Environment load took 46.4ns 
543421     INFO  main            d.u.i.k.p.i.AbstractProblemLoader Creating init config 
548008     DEBUG main            d.u.i.k.p.i.AbstractProblemLoader Init config took 4.59s 
548089     INFO  main            d.u.i.k.p.i.AbstractProblemLoader Replaying proof Sampler[ThreadSpec2::initPost()].JML accessible clause.0 
548091     DEBUG main            d.u.i.k.p.i.IntermediateProofReplayer Proof replay took 3.1ns 
548192     INFO  main            d.u.i.k.p.r.p.TestFile    ... finished proof: closed. 
548690     INFO  main            d.u.i.k.p.i.AbstractProblemLoader Loading environment from /home/runner/work/key/key/key.core/../key.ui/examples/heap/permissions/threads/Sampler_initPost_accessible.key.proof 
548691     DEBUG main            d.u.i.k.p.i.AbstractProblemLoader Environment load took 82.2ns 
548692     INFO  main            d.u.i.k.p.i.AbstractProblemLoader Creating init config 
553209     DEBUG main            d.u.i.k.p.i.AbstractProblemLoader Init config took 4.52s 
553289     INFO  main            d.u.i.k.p.i.AbstractProblemLoader Replaying proof Sampler[ThreadSpec2::initPost()].JML accessible clause.0 
553295     DEBUG main            d.u.i.k.p.i.IntermediateProofReplayer Proof replay took 4.38ms 
553295     DEBUG main            d.u.i.k.p.r.p.TestFile    ... success: reloaded. 
553296     INFO  main            d.u.i.k.p.r.p.TestFile    Now processing file /home/runner/work/key/key/key.core/../key.ui/examples/heap/permissions/threads/Sampler_inv_accessible1.key 
553296     INFO  main            d.u.i.k.p.i.AbstractProblemLoader Loading environment from /home/runner/work/key/key/key.core/../key.ui/examples/heap/permissions/threads/Sampler_inv_accessible1.key 
553297     DEBUG main            d.u.i.k.p.i.AbstractProblemLoader Environment load took 43.4ns 
553297     INFO  main            d.u.i.k.p.i.AbstractProblemLoader Creating init config 
557888     DEBUG main            d.u.i.k.p.i.AbstractProblemLoader Init config took 4.59s 
557968     INFO  main            d.u.i.k.p.i.AbstractProblemLoader Replaying proof Sampler[java.lang.Object::<inv>()].JML accessible clause.0 
557969     DEBUG main            d.u.i.k.p.i.IntermediateProofReplayer Proof replay took 2.6ns 
558070     INFO  main            d.u.i.k.p.r.p.TestFile    ... finished proof: closed. 
558575     INFO  main            d.u.i.k.p.i.AbstractProblemLoader Loading environment from /home/runner/work/key/key/key.core/../key.ui/examples/heap/permissions/threads/Sampler_inv_accessible1.key.proof 
558575     DEBUG main            d.u.i.k.p.i.AbstractProblemLoader Environment load took 89.1ns 
558576     INFO  main            d.u.i.k.p.i.AbstractProblemLoader Creating init config 
563069     DEBUG main            d.u.i.k.p.i.AbstractProblemLoader Init config took 4.49s 
563150     INFO  main            d.u.i.k.p.i.AbstractProblemLoader Replaying proof Sampler[java.lang.Object::<inv>()].JML accessible clause.0 
563152     DEBUG main            d.u.i.k.p.i.IntermediateProofReplayer Proof replay took 1.34ms 
563153     DEBUG main            d.u.i.k.p.r.p.TestFile    ... success: reloaded. 
563154     INFO  main            d.u.i.k.p.r.p.TestFile    Now processing file /home/runner/work/key/key/key.core/../key.ui/examples/heap/permissions/threads/Sampler_inv_accessible2.key 
563154     INFO  main            d.u.i.k.p.i.AbstractProblemLoader Loading environment from /home/runner/work/key/key/key.core/../key.ui/examples/heap/permissions/threads/Sampler_inv_accessible2.key 
563154     DEBUG main            d.u.i.k.p.i.AbstractProblemLoader Environment load took 54ns 
563155     INFO  main            d.u.i.k.p.i.AbstractProblemLoader Creating init config 
567728     DEBUG main            d.u.i.k.p.i.AbstractProblemLoader Init config took 4.57s 
567825     INFO  main            d.u.i.k.p.i.AbstractProblemLoader Replaying proof Sampler[java.lang.Object::<inv>()].JML accessible clause.1 
567826     DEBUG main            d.u.i.k.p.i.IntermediateProofReplayer Proof replay took 2.7ns 
567927     INFO  main            d.u.i.k.p.r.p.TestFile    ... finished proof: closed. 
568443     INFO  main            d.u.i.k.p.i.AbstractProblemLoader Loading environment from /home/runner/work/key/key/key.core/../key.ui/examples/heap/permissions/threads/Sampler_inv_accessible2.key.proof 
568443     DEBUG main            d.u.i.k.p.i.AbstractProblemLoader Environment load took 82.2ns 
568444     INFO  main            d.u.i.k.p.i.AbstractProblemLoader Creating init config 
572946     DEBUG main            d.u.i.k.p.i.AbstractProblemLoader Init config took 4.5s 
573026     INFO  main            d.u.i.k.p.i.AbstractProblemLoader Replaying proof Sampler[java.lang.Object::<inv>()].JML accessible clause.1 
573029     DEBUG main            d.u.i.k.p.i.IntermediateProofReplayer Proof replay took 1.45ms 
573030     DEBUG main            d.u.i.k.p.r.p.TestFile    ... success: reloaded. 
573031     INFO  main            d.u.i.k.p.r.p.TestFile    Now processing file /home/runner/work/key/key/key.core/../key.ui/examples/heap/permissions/threads/Sampler_joinTransfer_accessible.key 
573031     INFO  main            d.u.i.k.p.i.AbstractProblemLoader Loading environment from /home/runner/work/key/key/key.core/../key.ui/examples/heap/permissions/threads/Sampler_joinTransfer_accessible.key 
573031     DEBUG main            d.u.i.k.p.i.AbstractProblemLoader Environment load took 57.4ns 
573032     INFO  main            d.u.i.k.p.i.AbstractProblemLoader Creating init config 
577632     DEBUG main            d.u.i.k.p.i.AbstractProblemLoader Init config took 4.6s 
577712     INFO  main            d.u.i.k.p.i.AbstractProblemLoader Replaying proof Sampler[ThreadSpec2::joinTransfer()].JML accessible clause.0 
577714     DEBUG main            d.u.i.k.p.i.IntermediateProofReplayer Proof replay took 2.6ns 
581022     INFO  main            d.u.i.k.p.r.p.TestFile    ... finished proof: closed. 
581562     INFO  main            d.u.i.k.p.i.AbstractProblemLoader Loading environment from /home/runner/work/key/key/key.core/../key.ui/examples/heap/permissions/threads/Sampler_joinTransfer_accessible.key.proof 
581562     DEBUG main            d.u.i.k.p.i.AbstractProblemLoader Environment load took 197ns 
581563     INFO  main            d.u.i.k.p.i.AbstractProblemLoader Creating init config 
586300     DEBUG main            d.u.i.k.p.i.AbstractProblemLoader Init config took 4.74s 
586381     INFO  main            d.u.i.k.p.i.AbstractProblemLoader Replaying proof Sampler[ThreadSpec2::joinTransfer()].JML accessible clause.0 
586867     DEBUG main            d.u.i.k.p.i.IntermediateProofReplayer Proof replay took 476.14ms 
586868     DEBUG main            d.u.i.k.p.r.p.TestFile    ... success: reloaded. 
586869     INFO  main            d.u.i.k.p.r.p.TestFile    Now processing file /home/runner/work/key/key/key.core/../key.ui/examples/heap/permissions/threads/Sampler_joinTransfer_contract.key 
586869     INFO  main            d.u.i.k.p.i.AbstractProblemLoader Loading environment from /home/runner/work/key/key/key.core/../key.ui/examples/heap/permissions/threads/Sampler_joinTransfer_contract.key 
586870     DEBUG main            d.u.i.k.p.i.AbstractProblemLoader Environment load took 68.8ns 
586870     INFO  main            d.u.i.k.p.i.AbstractProblemLoader Creating init config 
591581     DEBUG main            d.u.i.k.p.i.AbstractProblemLoader Init config took 4.71s 
591663     INFO  main            d.u.i.k.p.i.AbstractProblemLoader Replaying proof Sampler[ThreadSpec2::joinTransfer()].JML model_behavior operation contract.0 
591664     DEBUG main            d.u.i.k.p.i.IntermediateProofReplayer Proof replay took 2.8ns 
591765     INFO  main            d.u.i.k.p.r.p.TestFile    ... finished proof: closed. 
592282     INFO  main            d.u.i.k.p.i.AbstractProblemLoader Loading environment from /home/runner/work/key/key/key.core/../key.ui/examples/heap/permissions/threads/Sampler_joinTransfer_contract.key.proof 
592282     DEBUG main            d.u.i.k.p.i.AbstractProblemLoader Environment load took 81.4ns 
592283     INFO  main            d.u.i.k.p.i.AbstractProblemLoader Creating init config 
596785     DEBUG main            d.u.i.k.p.i.AbstractProblemLoader Init config took 4.5s 
596878     INFO  main            d.u.i.k.p.i.AbstractProblemLoader Replaying proof Sampler[ThreadSpec2::joinTransfer()].JML model_behavior operation contract.0 
596885     DEBUG main            d.u.i.k.p.i.IntermediateProofReplayer Proof replay took 6.22ms 
596886     DEBUG main            d.u.i.k.p.r.p.TestFile    ... success: reloaded. 
596887     INFO  main            d.u.i.k.p.r.p.TestFile    Now processing file /home/runner/work/key/key/key.core/../key.ui/examples/heap/permissions/threads/Sampler_postJoin_accessible.key 
596887     INFO  main            d.u.i.k.p.i.AbstractProblemLoader Loading environment from /home/runner/work/key/key/key.core/../key.ui/examples/heap/permissions/threads/Sampler_postJoin_accessible.key 
596887     DEBUG main            d.u.i.k.p.i.AbstractProblemLoader Environment load took 42.3ns 
596888     INFO  main            d.u.i.k.p.i.AbstractProblemLoader Creating init config 
601556     DEBUG main            d.u.i.k.p.i.AbstractProblemLoader Init config took 4.67s 
601640     INFO  main            d.u.i.k.p.i.AbstractProblemLoader Replaying proof Sampler[ThreadSpec2::postJoin(java.lang.Object)].JML accessible clause.0 
601641     DEBUG main            d.u.i.k.p.i.IntermediateProofReplayer Proof replay took 2.1ns 
601743     INFO  main            d.u.i.k.p.r.p.TestFile    ... finished proof: closed. 
602257     INFO  main            d.u.i.k.p.i.AbstractProblemLoader Loading environment from /home/runner/work/key/key/key.core/../key.ui/examples/heap/permissions/threads/Sampler_postJoin_accessible.key.proof 
602257     DEBUG main            d.u.i.k.p.i.AbstractProblemLoader Environment load took 78.1ns 
602258     INFO  main            d.u.i.k.p.i.AbstractProblemLoader Creating init config 
606784     DEBUG main            d.u.i.k.p.i.AbstractProblemLoader Init config took 4.53s 
606864     INFO  main            d.u.i.k.p.i.AbstractProblemLoader Replaying proof Sampler[ThreadSpec2::postJoin(java.lang.Object)].JML accessible clause.0 
606872     DEBUG main            d.u.i.k.p.i.IntermediateProofReplayer Proof replay took 6.82ms 
606873     DEBUG main            d.u.i.k.p.r.p.TestFile    ... success: reloaded. 
606874     INFO  main            d.u.i.k.p.r.p.TestFile    Now processing file /home/runner/work/key/key/key.core/../key.ui/examples/heap/permissions/threads/Sampler_preStart_accessible.key 
606874     INFO  main            d.u.i.k.p.i.AbstractProblemLoader Loading environment from /home/runner/work/key/key/key.core/../key.ui/examples/heap/permissions/threads/Sampler_preStart_accessible.key 
606874     DEBUG main            d.u.i.k.p.i.AbstractProblemLoader Environment load took 68ns 
606875     INFO  main            d.u.i.k.p.i.AbstractProblemLoader Creating init config 
611448     DEBUG main            d.u.i.k.p.i.AbstractProblemLoader Init config took 4.57s 
611529     INFO  main            d.u.i.k.p.i.AbstractProblemLoader Replaying proof Sampler[ThreadSpec2::preStart(java.lang.Object)].JML accessible clause.0 
611530     DEBUG main            d.u.i.k.p.i.IntermediateProofReplayer Proof replay took 2.6ns 
611631     INFO  main            d.u.i.k.p.r.p.TestFile    ... finished proof: closed. 
612166     INFO  main            d.u.i.k.p.i.AbstractProblemLoader Loading environment from /home/runner/work/key/key/key.core/../key.ui/examples/heap/permissions/threads/Sampler_preStart_accessible.key.proof 
612166     DEBUG main            d.u.i.k.p.i.AbstractProblemLoader Environment load took 73.5ns 
612167     INFO  main            d.u.i.k.p.i.AbstractProblemLoader Creating init config 
616628     DEBUG main            d.u.i.k.p.i.AbstractProblemLoader Init config took 4.46s 
616709     INFO  main            d.u.i.k.p.i.AbstractProblemLoader Replaying proof Sampler[ThreadSpec2::preStart(java.lang.Object)].JML accessible clause.0 
616717     DEBUG main            d.u.i.k.p.i.IntermediateProofReplayer Proof replay took 6.74ms 
616718     DEBUG main            d.u.i.k.p.r.p.TestFile    ... success: reloaded. 
616719     INFO  main            d.u.i.k.p.r.p.TestFile    Now processing file /home/runner/work/key/key/key.core/../key.ui/examples/heap/permissions/threads/Sampler_run.key 
616719     INFO  main            d.u.i.k.p.i.AbstractProblemLoader Loading environment from /home/runner/work/key/key/key.core/../key.ui/examples/heap/permissions/threads/Sampler_run.key 
616719     DEBUG main            d.u.i.k.p.i.AbstractProblemLoader Environment load took 42.4ns 
616720     INFO  main            d.u.i.k.p.i.AbstractProblemLoader Creating init config 
621257     DEBUG main            d.u.i.k.p.i.AbstractProblemLoader Init config took 4.54s 
621338     INFO  main            d.u.i.k.p.i.AbstractProblemLoader Replaying proof Sampler[ThreadSpec2::run()].JML normal_behavior operation contract.0 
621339     DEBUG main            d.u.i.k.p.i.IntermediateProofReplayer Proof replay took 2.8ns 
621541     INFO  main            d.u.i.k.p.r.p.TestFile    ... finished proof: closed. 
622088     INFO  main            d.u.i.k.p.i.AbstractProblemLoader Loading environment from /home/runner/work/key/key/key.core/../key.ui/examples/heap/permissions/threads/Sampler_run.key.proof 
622088     DEBUG main            d.u.i.k.p.i.AbstractProblemLoader Environment load took 81.5ns 
622088     INFO  main            d.u.i.k.p.i.AbstractProblemLoader Creating init config 
626576     DEBUG main            d.u.i.k.p.i.AbstractProblemLoader Init config took 4.49s 
626657     INFO  main            d.u.i.k.p.i.AbstractProblemLoader Replaying proof Sampler[ThreadSpec2::run()].JML normal_behavior operation contract.0 
626683     DEBUG main            d.u.i.k.p.i.IntermediateProofReplayer Proof replay took 24.6ms 
626684     DEBUG main            d.u.i.k.p.r.p.TestFile    ... success: reloaded. 
626685     INFO  main            d.u.i.k.p.r.p.TestFile    Now processing file /home/runner/work/key/key/key.core/../key.ui/examples/heap/permissions/threads/Sampler_Sampler.key 
626685     INFO  main            d.u.i.k.p.i.AbstractProblemLoader Loading environment from /home/runner/work/key/key/key.core/../key.ui/examples/heap/permissions/threads/Sampler_Sampler.key 
626685     DEBUG main            d.u.i.k.p.i.AbstractProblemLoader Environment load took 42.8ns 
626686     INFO  main            d.u.i.k.p.i.AbstractProblemLoader Creating init config 
631252     DEBUG main            d.u.i.k.p.i.AbstractProblemLoader Init config took 4.57s 
631332     INFO  main            d.u.i.k.p.i.AbstractProblemLoader Replaying proof Sampler[Sampler::Sampler(Buffer)].JML normal_behavior operation contract.0 
631334     DEBUG main            d.u.i.k.p.i.IntermediateProofReplayer Proof replay took 2.1ns 
631836     INFO  main            d.u.i.k.p.r.p.TestFile    ... finished proof: closed. 
632414     INFO  main            d.u.i.k.p.i.AbstractProblemLoader Loading environment from /home/runner/work/key/key/key.core/../key.ui/examples/heap/permissions/threads/Sampler_Sampler.key.proof 
632414     DEBUG main            d.u.i.k.p.i.AbstractProblemLoader Environment load took 79.3ns 
632415     INFO  main            d.u.i.k.p.i.AbstractProblemLoader Creating init config 
636918     DEBUG main            d.u.i.k.p.i.AbstractProblemLoader Init config took 4.5s 
636999     INFO  main            d.u.i.k.p.i.AbstractProblemLoader Replaying proof Sampler[Sampler::Sampler(Buffer)].JML normal_behavior operation contract.0 
637063     DEBUG main            d.u.i.k.p.i.IntermediateProofReplayer Proof replay took 61.49ms 
637063     DEBUG main            d.u.i.k.p.r.p.TestFile    ... success: reloaded. 
637064     INFO  main            d.u.i.k.p.r.p.TestFile    Now processing file /home/runner/work/key/key/key.core/../key.ui/examples/heap/permissions/threads/Sampler_startTransfer_accessible.key 
637064     INFO  main            d.u.i.k.p.i.AbstractProblemLoader Loading environment from /home/runner/work/key/key/key.core/../key.ui/examples/heap/permissions/threads/Sampler_startTransfer_accessible.key 
637065     DEBUG main            d.u.i.k.p.i.AbstractProblemLoader Environment load took 43.8ns 
637065     INFO  main            d.u.i.k.p.i.AbstractProblemLoader Creating init config 
641617     DEBUG main            d.u.i.k.p.i.AbstractProblemLoader Init config took 4.55s 
641697     INFO  main            d.u.i.k.p.i.AbstractProblemLoader Replaying proof Sampler[ThreadSpec2::startTransfer()].JML accessible clause.0 
641698     DEBUG main            d.u.i.k.p.i.IntermediateProofReplayer Proof replay took 2.6ns 
645108     INFO  main            d.u.i.k.p.r.p.TestFile    ... finished proof: closed. 
645688     INFO  main            d.u.i.k.p.i.AbstractProblemLoader Loading environment from /home/runner/work/key/key/key.core/../key.ui/examples/heap/permissions/threads/Sampler_startTransfer_accessible.key.proof 
645688     DEBUG main            d.u.i.k.p.i.AbstractProblemLoader Environment load took 87.1ns 
645690     INFO  main            d.u.i.k.p.i.AbstractProblemLoader Creating init config 
650171     DEBUG main            d.u.i.k.p.i.AbstractProblemLoader Init config took 4.48s 
650251     INFO  main            d.u.i.k.p.i.AbstractProblemLoader Replaying proof Sampler[ThreadSpec2::startTransfer()].JML accessible clause.0 
650625     DEBUG main            d.u.i.k.p.i.IntermediateProofReplayer Proof replay took 365.63ms 
650627     DEBUG main            d.u.i.k.p.r.p.TestFile    ... success: reloaded. 
650627     INFO  main            d.u.i.k.p.r.p.TestFile    Now processing file /home/runner/work/key/key/key.core/../key.ui/examples/heap/permissions/threads/Sampler_startTransfer_contract.key 
650628     INFO  main            d.u.i.k.p.i.AbstractProblemLoader Loading environment from /home/runner/work/key/key/key.core/../key.ui/examples/heap/permissions/threads/Sampler_startTransfer_contract.key 
650628     DEBUG main            d.u.i.k.p.i.AbstractProblemLoader Environment load took 43.3ns 
650628     INFO  main            d.u.i.k.p.i.AbstractProblemLoader Creating init config 
655179     DEBUG main            d.u.i.k.p.i.AbstractProblemLoader Init config took 4.55s 
655259     INFO  main            d.u.i.k.p.i.AbstractProblemLoader Replaying proof Sampler[ThreadSpec2::startTransfer()].JML model_behavior operation contract.0 
655260     DEBUG main            d.u.i.k.p.i.IntermediateProofReplayer Proof replay took 2.5ns 
655362     INFO  main            d.u.i.k.p.r.p.TestFile    ... finished proof: closed. 
655928     INFO  main            d.u.i.k.p.i.AbstractProblemLoader Loading environment from /home/runner/work/key/key/key.core/../key.ui/examples/heap/permissions/threads/Sampler_startTransfer_contract.key.proof 
655928     DEBUG main            d.u.i.k.p.i.AbstractProblemLoader Environment load took 76.9ns 
655929     INFO  main            d.u.i.k.p.i.AbstractProblemLoader Creating init config 
660411     DEBUG main            d.u.i.k.p.i.AbstractProblemLoader Init config took 4.48s 
660492     INFO  main            d.u.i.k.p.i.AbstractProblemLoader Replaying proof Sampler[ThreadSpec2::startTransfer()].JML model_behavior operation contract.0 
660500     DEBUG main            d.u.i.k.p.i.IntermediateProofReplayer Proof replay took 6.63ms 
660501     DEBUG main            d.u.i.k.p.r.p.TestFile    ... success: reloaded. 
660501     INFO  main            d.u.i.k.p.r.p.TestFile    Now processing file /home/runner/work/key/key/key.core/../key.ui/examples/heap/permissions/threads/Sampler_stateInv_accessible.key 
660502     INFO  main            d.u.i.k.p.i.AbstractProblemLoader Loading environment from /home/runner/work/key/key/key.core/../key.ui/examples/heap/permissions/threads/Sampler_stateInv_accessible.key 
660502     DEBUG main            d.u.i.k.p.i.AbstractProblemLoader Environment load took 43.1ns 
660502     INFO  main            d.u.i.k.p.i.AbstractProblemLoader Creating init config 
665046     DEBUG main            d.u.i.k.p.i.AbstractProblemLoader Init config took 4.54s 
665126     INFO  main            d.u.i.k.p.i.AbstractProblemLoader Replaying proof Sampler[ThreadSpec2::stateInv()].JML accessible clause.0 
665128     DEBUG main            d.u.i.k.p.i.IntermediateProofReplayer Proof replay took 3.2ns 
665229     INFO  main            d.u.i.k.p.r.p.TestFile    ... finished proof: closed. 
665800     INFO  main            d.u.i.k.p.i.AbstractProblemLoader Loading environment from /home/runner/work/key/key/key.core/../key.ui/examples/heap/permissions/threads/Sampler_stateInv_accessible.key.proof 
665801     DEBUG main            d.u.i.k.p.i.AbstractProblemLoader Environment load took 80.2ns 
665801     INFO  main            d.u.i.k.p.i.AbstractProblemLoader Creating init config 
670288     DEBUG main            d.u.i.k.p.i.AbstractProblemLoader Init config took 4.49s 
670367     INFO  main            d.u.i.k.p.i.AbstractProblemLoader Replaying proof Sampler[ThreadSpec2::stateInv()].JML accessible clause.0 
670373     DEBUG main            d.u.i.k.p.i.IntermediateProofReplayer Proof replay took 4.71ms 
670378     DEBUG main            d.u.i.k.p.r.p.TestFile    ... success: reloaded. 
670380     INFO  main            d.u.i.k.p.r.p.TestFile    Now processing file /home/runner/work/key/key/key.core/../key.ui/examples/heap/permissions/threads/Sampler_staticPermissions_accessible.key 
670380     INFO  main            d.u.i.k.p.i.AbstractProblemLoader Loading environment from /home/runner/work/key/key/key.core/../key.ui/examples/heap/permissions/threads/Sampler_staticPermissions_accessible.key 
670380     DEBUG main            d.u.i.k.p.i.AbstractProblemLoader Environment load took 109ns 
670381     INFO  main            d.u.i.k.p.i.AbstractProblemLoader Creating init config 
674937     DEBUG main            d.u.i.k.p.i.AbstractProblemLoader Init config took 4.56s 
675018     INFO  main            d.u.i.k.p.i.AbstractProblemLoader Replaying proof Sampler[ThreadSpec2::staticPermissions()].JML accessible clause.0 
675019     DEBUG main            d.u.i.k.p.i.IntermediateProofReplayer Proof replay took 2.4ns 
675121     INFO  main            d.u.i.k.p.r.p.TestFile    ... finished proof: closed. 
675693     INFO  main            d.u.i.k.p.i.AbstractProblemLoader Loading environment from /home/runner/work/key/key/key.core/../key.ui/examples/heap/permissions/threads/Sampler_staticPermissions_accessible.key.proof 
675693     DEBUG main            d.u.i.k.p.i.AbstractProblemLoader Environment load took 77.7ns 
675694     INFO  main            d.u.i.k.p.i.AbstractProblemLoader Creating init config 
680157     DEBUG main            d.u.i.k.p.i.AbstractProblemLoader Init config took 4.46s 
680237     INFO  main            d.u.i.k.p.i.AbstractProblemLoader Replaying proof Sampler[ThreadSpec2::staticPermissions()].JML accessible clause.0 
680241     DEBUG main            d.u.i.k.p.i.IntermediateProofReplayer Proof replay took 2.68ms 
680241     DEBUG main            d.u.i.k.p.r.p.TestFile    ... success: reloaded. 
680242     INFO  main            d.u.i.k.p.r.p.TestFile    Now processing file /home/runner/work/key/key/key.core/../key.ui/examples/heap/permissions/threads/Sampler_workingPermissions_accessible.key 
680242     INFO  main            d.u.i.k.p.i.AbstractProblemLoader Loading environment from /home/runner/work/key/key/key.core/../key.ui/examples/heap/permissions/threads/Sampler_workingPermissions_accessible.key 
680242     DEBUG main            d.u.i.k.p.i.AbstractProblemLoader Environment load took 36.9ns 
680243     INFO  main            d.u.i.k.p.i.AbstractProblemLoader Creating init config 
684791     DEBUG main            d.u.i.k.p.i.AbstractProblemLoader Init config took 4.55s 
684892     INFO  main            d.u.i.k.p.i.AbstractProblemLoader Replaying proof Sampler[ThreadSpec2::workingPermissions()].JML accessible clause.0 
684895     DEBUG main            d.u.i.k.p.i.IntermediateProofReplayer Proof replay took 2.5ns 
684996     INFO  main            d.u.i.k.p.r.p.TestFile    ... finished proof: closed. 
685569     INFO  main            d.u.i.k.p.i.AbstractProblemLoader Loading environment from /home/runner/work/key/key/key.core/../key.ui/examples/heap/permissions/threads/Sampler_workingPermissions_accessible.key.proof 
685569     DEBUG main            d.u.i.k.p.i.AbstractProblemLoader Environment load took 73.8ns 
685569     INFO  main            d.u.i.k.p.i.AbstractProblemLoader Creating init config 
690044     DEBUG main            d.u.i.k.p.i.AbstractProblemLoader Init config took 4.47s 
690140     INFO  main            d.u.i.k.p.i.AbstractProblemLoader Replaying proof Sampler[ThreadSpec2::workingPermissions()].JML accessible clause.0 
690145     DEBUG main            d.u.i.k.p.i.IntermediateProofReplayer Proof replay took 3.97ms 
690146     DEBUG main            d.u.i.k.p.r.p.TestFile    ... success: reloaded. 
690146     INFO  main            d.u.i.k.p.r.p.TestFile    Now processing file /home/runner/work/key/key/key.core/../key.ui/examples/heap/permissions/mulleretal/ReadWrite_doRead_contract.key 
690147     INFO  main            d.u.i.k.p.i.AbstractProblemLoader Loading environment from /home/runner/work/key/key/key.core/../key.ui/examples/heap/permissions/mulleretal/ReadWrite_doRead_contract.key 
690147     DEBUG main            d.u.i.k.p.i.AbstractProblemLoader Environment load took 43ns 
690147     INFO  main            d.u.i.k.p.i.AbstractProblemLoader Creating init config 
692742     DEBUG main            d.u.i.k.p.i.AbstractProblemLoader Init config took 2.6s 
692775     INFO  main            d.u.i.k.p.i.AbstractProblemLoader Replaying proof ReadWrite[ReadWrite::doRead()].JML normal_behavior operation contract.0 
692777     DEBUG main            d.u.i.k.p.i.IntermediateProofReplayer Proof replay took 2.7ns 
694407     INFO  main            d.u.i.k.p.r.p.TestFile    ... finished proof: closed. 
695031     INFO  main            d.u.i.k.p.i.AbstractProblemLoader Loading environment from /home/runner/work/key/key/key.core/../key.ui/examples/heap/permissions/mulleretal/ReadWrite_doRead_contract.key.proof 
695031     DEBUG main            d.u.i.k.p.i.AbstractProblemLoader Environment load took 355.4ns 
695032     INFO  main            d.u.i.k.p.i.AbstractProblemLoader Creating init config 
697571     DEBUG main            d.u.i.k.p.i.AbstractProblemLoader Init config took 2.54s 
697605     INFO  main            d.u.i.k.p.i.AbstractProblemLoader Replaying proof ReadWrite[ReadWrite::doRead()].JML normal_behavior operation contract.0 
697903     DEBUG main            d.u.i.k.p.i.IntermediateProofReplayer Proof replay took 293.06ms 
697904     DEBUG main            d.u.i.k.p.r.p.TestFile    ... success: reloaded. 
697905     INFO  main            d.u.i.k.p.r.p.TestFile    Now processing file /home/runner/work/key/key/key.core/../key.ui/examples/heap/permissions/mulleretal/ReadWrite_doWrite_contract.key 
697905     INFO  main            d.u.i.k.p.i.AbstractProblemLoader Loading environment from /home/runner/work/key/key/key.core/../key.ui/examples/heap/permissions/mulleretal/ReadWrite_doWrite_contract.key 
697905     DEBUG main            d.u.i.k.p.i.AbstractProblemLoader Environment load took 44.3ns 
697906     INFO  main            d.u.i.k.p.i.AbstractProblemLoader Creating init config 
700511     DEBUG main            d.u.i.k.p.i.AbstractProblemLoader Init config took 2.61s 
700545     INFO  main            d.u.i.k.p.i.AbstractProblemLoader Replaying proof ReadWrite[ReadWrite::doWrite()].JML normal_behavior operation contract.0 
700546     DEBUG main            d.u.i.k.p.i.IntermediateProofReplayer Proof replay took 2.4ns 
702051     INFO  main            d.u.i.k.p.r.p.TestFile    ... finished proof: closed. 
702677     INFO  main            d.u.i.k.p.i.AbstractProblemLoader Loading environment from /home/runner/work/key/key/key.core/../key.ui/examples/heap/permissions/mulleretal/ReadWrite_doWrite_contract.key.proof 
702677     DEBUG main            d.u.i.k.p.i.AbstractProblemLoader Environment load took 88.1ns 
702678     INFO  main            d.u.i.k.p.i.AbstractProblemLoader Creating init config 
705212     DEBUG main            d.u.i.k.p.i.AbstractProblemLoader Init config took 2.53s 
705247     INFO  main            d.u.i.k.p.i.AbstractProblemLoader Replaying proof ReadWrite[ReadWrite::doWrite()].JML normal_behavior operation contract.0 
705553     DEBUG main            d.u.i.k.p.i.IntermediateProofReplayer Proof replay took 301.24ms 
705554     DEBUG main            d.u.i.k.p.r.p.TestFile    ... success: reloaded. 
705555     INFO  main            d.u.i.k.p.r.p.TestFile    Now processing file /home/runner/work/key/key/key.core/../key.ui/examples/heap/permissions/mulleretal/ReadWrite_read_contract.key 
705555     INFO  main            d.u.i.k.p.i.AbstractProblemLoader Loading environment from /home/runner/work/key/key/key.core/../key.ui/examples/heap/permissions/mulleretal/ReadWrite_read_contract.key 
705555     DEBUG main            d.u.i.k.p.i.AbstractProblemLoader Environment load took 148.4ns 
705556     INFO  main            d.u.i.k.p.i.AbstractProblemLoader Creating init config 
708130     DEBUG main            d.u.i.k.p.i.AbstractProblemLoader Init config took 2.57s 
708163     INFO  main            d.u.i.k.p.i.AbstractProblemLoader Replaying proof ReadWrite[ReadWrite::read()].JML normal_behavior operation contract.0 
708164     DEBUG main            d.u.i.k.p.i.IntermediateProofReplayer Proof replay took 2.1ns 
708265     INFO  main            d.u.i.k.p.r.p.TestFile    ... finished proof: closed. 
708858     INFO  main            d.u.i.k.p.i.AbstractProblemLoader Loading environment from /home/runner/work/key/key/key.core/../key.ui/examples/heap/permissions/mulleretal/ReadWrite_read_contract.key.proof 
708858     DEBUG main            d.u.i.k.p.i.AbstractProblemLoader Environment load took 75ns 
708859     INFO  main            d.u.i.k.p.i.AbstractProblemLoader Creating init config 
711405     DEBUG main            d.u.i.k.p.i.AbstractProblemLoader Init config took 2.55s 
711438     INFO  main            d.u.i.k.p.i.AbstractProblemLoader Replaying proof ReadWrite[ReadWrite::read()].JML normal_behavior operation contract.0 
711445     DEBUG main            d.u.i.k.p.i.IntermediateProofReplayer Proof replay took 5.87ms 
711445     DEBUG main            d.u.i.k.p.r.p.TestFile    ... success: reloaded. 
711447     INFO  main            d.u.i.k.p.r.p.TestFile    Now processing file /home/runner/work/key/key/key.core/../key.ui/examples/heap/permissions/mulleretal/ReadWrite_write_contract.key 
711447     INFO  main            d.u.i.k.p.i.AbstractProblemLoader Loading environment from /home/runner/work/key/key/key.core/../key.ui/examples/heap/permissions/mulleretal/ReadWrite_write_contract.key 
711447     DEBUG main            d.u.i.k.p.i.AbstractProblemLoader Environment load took 57.6ns 
711448     INFO  main            d.u.i.k.p.i.AbstractProblemLoader Creating init config 
714022     DEBUG main            d.u.i.k.p.i.AbstractProblemLoader Init config took 2.57s 
714056     INFO  main            d.u.i.k.p.i.AbstractProblemLoader Replaying proof ReadWrite[ReadWrite::write()].JML normal_behavior operation contract.0 
714057     DEBUG main            d.u.i.k.p.i.IntermediateProofReplayer Proof replay took 2.7ns 
714158     INFO  main            d.u.i.k.p.r.p.TestFile    ... finished proof: closed. 
714764     INFO  main            d.u.i.k.p.i.AbstractProblemLoader Loading environment from /home/runner/work/key/key/key.core/../key.ui/examples/heap/permissions/mulleretal/ReadWrite_write_contract.key.proof 
714768     DEBUG main            d.u.i.k.p.i.AbstractProblemLoader Environment load took 4.57ms 
714769     INFO  main            d.u.i.k.p.i.AbstractProblemLoader Creating init config 
717294     DEBUG main            d.u.i.k.p.i.AbstractProblemLoader Init config took 2.52s 
717327     INFO  main            d.u.i.k.p.i.AbstractProblemLoader Replaying proof ReadWrite[ReadWrite::write()].JML normal_behavior operation contract.0 
717346     DEBUG main            d.u.i.k.p.i.IntermediateProofReplayer Proof replay took 17.52ms 
717346     DEBUG main            d.u.i.k.p.r.p.TestFile    ... success: reloaded. 
717347     INFO  main            d.u.i.k.p.r.p.TestFile    Now processing file /home/runner/work/key/key/key.core/../key.ui/examples/heap/permissions/mulleretal/ReadWrite_inv1_accessible.key 
717347     INFO  main            d.u.i.k.p.i.AbstractProblemLoader Loading environment from /home/runner/work/key/key/key.core/../key.ui/examples/heap/permissions/mulleretal/ReadWrite_inv1_accessible.key 
717347     DEBUG main            d.u.i.k.p.i.AbstractProblemLoader Environment load took 93.1ns 
717348     INFO  main            d.u.i.k.p.i.AbstractProblemLoader Creating init config 
719912     DEBUG main            d.u.i.k.p.i.AbstractProblemLoader Init config took 2.56s 
719946     INFO  main            d.u.i.k.p.i.AbstractProblemLoader Replaying proof ReadWrite[java.lang.Object::<inv>()].JML accessible clause.0 
719947     DEBUG main            d.u.i.k.p.i.IntermediateProofReplayer Proof replay took 2.5ns 
720049     INFO  main            d.u.i.k.p.r.p.TestFile    ... finished proof: closed. 
720643     INFO  main            d.u.i.k.p.i.AbstractProblemLoader Loading environment from /home/runner/work/key/key/key.core/../key.ui/examples/heap/permissions/mulleretal/ReadWrite_inv1_accessible.key.proof 
720643     DEBUG main            d.u.i.k.p.i.AbstractProblemLoader Environment load took 74.8ns 
720644     INFO  main            d.u.i.k.p.i.AbstractProblemLoader Creating init config 
723172     DEBUG main            d.u.i.k.p.i.AbstractProblemLoader Init config took 2.53s 
723204     INFO  main            d.u.i.k.p.i.AbstractProblemLoader Replaying proof ReadWrite[java.lang.Object::<inv>()].JML accessible clause.0 
723206     DEBUG main            d.u.i.k.p.i.IntermediateProofReplayer Proof replay took 1.29ms 
723207     DEBUG main            d.u.i.k.p.r.p.TestFile    ... success: reloaded. 
723208     INFO  main            d.u.i.k.p.r.p.TestFile    Now processing file /home/runner/work/key/key/key.core/../key.ui/examples/heap/permissions/mulleretal/ReadWrite_inv2_accessible.key 
723208     INFO  main            d.u.i.k.p.i.AbstractProblemLoader Loading environment from /home/runner/work/key/key/key.core/../key.ui/examples/heap/permissions/mulleretal/ReadWrite_inv2_accessible.key 
723208     DEBUG main            d.u.i.k.p.i.AbstractProblemLoader Environment load took 42.5ns 
723208     INFO  main            d.u.i.k.p.i.AbstractProblemLoader Creating init config 
725776     DEBUG main            d.u.i.k.p.i.AbstractProblemLoader Init config took 2.57s 
725809     INFO  main            d.u.i.k.p.i.AbstractProblemLoader Replaying proof ReadWrite[java.lang.Object::<inv>()].JML accessible clause.1 
725810     DEBUG main            d.u.i.k.p.i.IntermediateProofReplayer Proof replay took 3.1ns 
725911     INFO  main            d.u.i.k.p.r.p.TestFile    ... finished proof: closed. 
726513     INFO  main            d.u.i.k.p.i.AbstractProblemLoader Loading environment from /home/runner/work/key/key/key.core/../key.ui/examples/heap/permissions/mulleretal/ReadWrite_inv2_accessible.key.proof 
726513     DEBUG main            d.u.i.k.p.i.AbstractProblemLoader Environment load took 73.7ns 
726514     INFO  main            d.u.i.k.p.i.AbstractProblemLoader Creating init config 
729032     DEBUG main            d.u.i.k.p.i.AbstractProblemLoader Init config took 2.52s 
729064     INFO  main            d.u.i.k.p.i.AbstractProblemLoader Replaying proof ReadWrite[java.lang.Object::<inv>()].JML accessible clause.1 
729066     DEBUG main            d.u.i.k.p.i.IntermediateProofReplayer Proof replay took 1.28ms 
729067     DEBUG main            d.u.i.k.p.r.p.TestFile    ... success: reloaded. 
729067     INFO  main            d.u.i.k.p.r.p.TestFile    Now processing file /home/runner/work/key/key/key.core/../key.ui/examples/heap/permissions/lockspec/Counter_lockConsistent_contract.key 
729068     INFO  main            d.u.i.k.p.i.AbstractProblemLoader Loading environment from /home/runner/work/key/key/key.core/../key.ui/examples/heap/permissions/lockspec/Counter_lockConsistent_contract.key 
729068     DEBUG main            d.u.i.k.p.i.AbstractProblemLoader Environment load took 40.3ns 
729068     INFO  main            d.u.i.k.p.i.AbstractProblemLoader Creating init config 
732230     DEBUG main            d.u.i.k.p.i.AbstractProblemLoader Init config took 3.16s 
732283     INFO  main            d.u.i.k.p.i.AbstractProblemLoader Replaying proof Counter[LockSpec::lockConsistent()].JML model_behavior operation contract.0 
732284     DEBUG main            d.u.i.k.p.i.IntermediateProofReplayer Proof replay took 2.6ns 
733191     INFO  main            d.u.i.k.p.r.p.TestFile    ... finished proof: closed. 
733831     INFO  main            d.u.i.k.p.i.AbstractProblemLoader Loading environment from /home/runner/work/key/key/key.core/../key.ui/examples/heap/permissions/lockspec/Counter_lockConsistent_contract.key.proof 
733831     DEBUG main            d.u.i.k.p.i.AbstractProblemLoader Environment load took 82.2ns 
733832     INFO  main            d.u.i.k.p.i.AbstractProblemLoader Creating init config 
736808     DEBUG main            d.u.i.k.p.i.AbstractProblemLoader Init config took 2.98s 
736861     INFO  main            d.u.i.k.p.i.AbstractProblemLoader Replaying proof Counter[LockSpec::lockConsistent()].JML model_behavior operation contract.0 
737009     DEBUG main            d.u.i.k.p.i.IntermediateProofReplayer Proof replay took 142.27ms 
737011     DEBUG main            d.u.i.k.p.r.p.TestFile    ... success: reloaded. 
737011     INFO  main            d.u.i.k.p.r.p.TestFile    Now processing file /home/runner/work/key/key/key.core/../key.ui/examples/heap/permissions/lockspec/Counter_increase_contract.key 
737012     INFO  main            d.u.i.k.p.i.AbstractProblemLoader Loading environment from /home/runner/work/key/key/key.core/../key.ui/examples/heap/permissions/lockspec/Counter_increase_contract.key 
737012     DEBUG main            d.u.i.k.p.i.AbstractProblemLoader Environment load took 205.2ns 
737013     INFO  main            d.u.i.k.p.i.AbstractProblemLoader Creating init config 
740050     DEBUG main            d.u.i.k.p.i.AbstractProblemLoader Init config took 3.04s 
740099     INFO  main            d.u.i.k.p.i.AbstractProblemLoader Replaying proof Counter[Counter::increase()].JML normal_behavior operation contract.0 
740105     DEBUG main            d.u.i.k.p.i.IntermediateProofReplayer Proof replay took 2.7ns 
741612     INFO  main            d.u.i.k.p.r.p.TestFile    ... finished proof: closed. 
742285     INFO  main            d.u.i.k.p.i.AbstractProblemLoader Loading environment from /home/runner/work/key/key/key.core/../key.ui/examples/heap/permissions/lockspec/Counter_increase_contract.key.proof 
742285     DEBUG main            d.u.i.k.p.i.AbstractProblemLoader Environment load took 356.1ns 
742287     INFO  main            d.u.i.k.p.i.AbstractProblemLoader Creating init config 
745274     DEBUG main            d.u.i.k.p.i.AbstractProblemLoader Init config took 2.99s 
745323     INFO  main            d.u.i.k.p.i.AbstractProblemLoader Replaying proof Counter[Counter::increase()].JML normal_behavior operation contract.0 
745480     DEBUG main            d.u.i.k.p.i.IntermediateProofReplayer Proof replay took 142.37ms 
745482     DEBUG main            d.u.i.k.p.r.p.TestFile    ... success: reloaded. 
745483     INFO  main            d.u.i.k.p.r.p.TestFile    Now processing file /home/runner/work/key/key/key.core/../key.ui/examples/heap/permissions/lockspec/Counter_fp_accessible.key 
745483     INFO  main            d.u.i.k.p.i.AbstractProblemLoader Loading environment from /home/runner/work/key/key/key.core/../key.ui/examples/heap/permissions/lockspec/Counter_fp_accessible.key 
745483     DEBUG main            d.u.i.k.p.i.AbstractProblemLoader Environment load took 86.4ns 
745484     INFO  main            d.u.i.k.p.i.AbstractProblemLoader Creating init config 
748516     DEBUG main            d.u.i.k.p.i.AbstractProblemLoader Init config took 3.03s 
748566     INFO  main            d.u.i.k.p.i.AbstractProblemLoader Replaying proof Counter[LockSpec::fp()].JML accessible clause.0 
748568     DEBUG main            d.u.i.k.p.i.IntermediateProofReplayer Proof replay took 2.6ns 
748669     INFO  main            d.u.i.k.p.r.p.TestFile    ... finished proof: closed. 
749287     INFO  main            d.u.i.k.p.i.AbstractProblemLoader Loading environment from /home/runner/work/key/key/key.core/../key.ui/examples/heap/permissions/lockspec/Counter_fp_accessible.key.proof 
749287     DEBUG main            d.u.i.k.p.i.AbstractProblemLoader Environment load took 78.9ns 
749288     INFO  main            d.u.i.k.p.i.AbstractProblemLoader Creating init config 
752282     DEBUG main            d.u.i.k.p.i.AbstractProblemLoader Init config took 2.99s 
752333     INFO  main            d.u.i.k.p.i.AbstractProblemLoader Replaying proof Counter[LockSpec::fp()].JML accessible clause.0 
752340     DEBUG main            d.u.i.k.p.i.IntermediateProofReplayer Proof replay took 6.17ms 
752341     DEBUG main            d.u.i.k.p.r.p.TestFile    ... success: reloaded. 
752342     INFO  main            d.u.i.k.p.r.p.TestFile    Now processing file /home/runner/work/key/key/key.core/../key.ui/examples/heap/permissions/lockspec/Counter_fpLock_accessible.key 
752342     INFO  main            d.u.i.k.p.i.AbstractProblemLoader Loading environment from /home/runner/work/key/key/key.core/../key.ui/examples/heap/permissions/lockspec/Counter_fpLock_accessible.key 
752342     DEBUG main            d.u.i.k.p.i.AbstractProblemLoader Environment load took 48.3ns 
752343     INFO  main            d.u.i.k.p.i.AbstractProblemLoader Creating init config 
755389     DEBUG main            d.u.i.k.p.i.AbstractProblemLoader Init config took 3.05s 
755441     INFO  main            d.u.i.k.p.i.AbstractProblemLoader Replaying proof Counter[LockSpec::fpLock()].JML accessible clause.0 
755442     DEBUG main            d.u.i.k.p.i.IntermediateProofReplayer Proof replay took 2.9ns 
755544     INFO  main            d.u.i.k.p.r.p.TestFile    ... finished proof: closed. 
756285     INFO  main            d.u.i.k.p.i.AbstractProblemLoader Loading environment from /home/runner/work/key/key/key.core/../key.ui/examples/heap/permissions/lockspec/Counter_fpLock_accessible.key.proof 
756285     DEBUG main            d.u.i.k.p.i.AbstractProblemLoader Environment load took 76.9ns 
756286     INFO  main            d.u.i.k.p.i.AbstractProblemLoader Creating init config 
759271     DEBUG main            d.u.i.k.p.i.AbstractProblemLoader Init config took 2.99s 
759321     INFO  main            d.u.i.k.p.i.AbstractProblemLoader Replaying proof Counter[LockSpec::fpLock()].JML accessible clause.0 
759329     DEBUG main            d.u.i.k.p.i.IntermediateProofReplayer Proof replay took 5.95ms 
759329     DEBUG main            d.u.i.k.p.r.p.TestFile    ... success: reloaded. 
759330     INFO  main            d.u.i.k.p.r.p.TestFile    Now processing file /home/runner/work/key/key/key.core/../key.ui/examples/heap/permissions/lockspec/Counter_fpPerm_accessible.key 
759330     INFO  main            d.u.i.k.p.i.AbstractProblemLoader Loading environment from /home/runner/work/key/key/key.core/../key.ui/examples/heap/permissions/lockspec/Counter_fpPerm_accessible.key 
759330     DEBUG main            d.u.i.k.p.i.AbstractProblemLoader Environment load took 43.8ns 
759331     INFO  main            d.u.i.k.p.i.AbstractProblemLoader Creating init config 
762362     DEBUG main            d.u.i.k.p.i.AbstractProblemLoader Init config took 3.03s 
762413     INFO  main            d.u.i.k.p.i.AbstractProblemLoader Replaying proof Counter[LockSpec::fpPerm()].JML accessible clause.0 
762414     DEBUG main            d.u.i.k.p.i.IntermediateProofReplayer Proof replay took 2.6ns 
762517     INFO  main            d.u.i.k.p.r.p.TestFile    ... finished proof: closed. 
763161     INFO  main            d.u.i.k.p.i.AbstractProblemLoader Loading environment from /home/runner/work/key/key/key.core/../key.ui/examples/heap/permissions/lockspec/Counter_fpPerm_accessible.key.proof 
763161     DEBUG main            d.u.i.k.p.i.AbstractProblemLoader Environment load took 78.9ns 
763162     INFO  main            d.u.i.k.p.i.AbstractProblemLoader Creating init config 
766139     DEBUG main            d.u.i.k.p.i.AbstractProblemLoader Init config took 2.98s 
766189     INFO  main            d.u.i.k.p.i.AbstractProblemLoader Replaying proof Counter[LockSpec::fpPerm()].JML accessible clause.0 
766196     DEBUG main            d.u.i.k.p.i.IntermediateProofReplayer Proof replay took 5.47ms 
766197     DEBUG main            d.u.i.k.p.r.p.TestFile    ... success: reloaded. 
766197     INFO  main            d.u.i.k.p.r.p.TestFile    Now processing file /home/runner/work/key/key/key.core/../key.ui/examples/heap/permissions/lockspec/Counter_inv_accessible1.key 
766198     INFO  main            d.u.i.k.p.i.AbstractProblemLoader Loading environment from /home/runner/work/key/key/key.core/../key.ui/examples/heap/permissions/lockspec/Counter_inv_accessible1.key 
766198     DEBUG main            d.u.i.k.p.i.AbstractProblemLoader Environment load took 43.2ns 
766198     INFO  main            d.u.i.k.p.i.AbstractProblemLoader Creating init config 
769236     DEBUG main            d.u.i.k.p.i.AbstractProblemLoader Init config took 3.04s 
769287     INFO  main            d.u.i.k.p.i.AbstractProblemLoader Replaying proof Counter[java.lang.Object::<inv>()].JML accessible clause.0 
769288     DEBUG main            d.u.i.k.p.i.IntermediateProofReplayer Proof replay took 2.8ns 
769389     INFO  main            d.u.i.k.p.r.p.TestFile    ... finished proof: closed. 
770046     INFO  main            d.u.i.k.p.i.AbstractProblemLoader Loading environment from /home/runner/work/key/key/key.core/../key.ui/examples/heap/permissions/lockspec/Counter_inv_accessible1.key.proof 
770047     DEBUG main            d.u.i.k.p.i.AbstractProblemLoader Environment load took 86.8ns 
770047     INFO  main            d.u.i.k.p.i.AbstractProblemLoader Creating init config 
773116     DEBUG main            d.u.i.k.p.i.AbstractProblemLoader Init config took 3.07s 
773174     INFO  main            d.u.i.k.p.i.AbstractProblemLoader Replaying proof Counter[java.lang.Object::<inv>()].JML accessible clause.0 
773184     DEBUG main            d.u.i.k.p.i.IntermediateProofReplayer Proof replay took 8.9ms 
773185     DEBUG main            d.u.i.k.p.r.p.TestFile    ... success: reloaded. 
773185     INFO  main            d.u.i.k.p.r.p.TestFile    Now processing file /home/runner/work/key/key/key.core/../key.ui/examples/heap/permissions/lockspec/Counter_inv_accessible2.key 
773186     INFO  main            d.u.i.k.p.i.AbstractProblemLoader Loading environment from /home/runner/work/key/key/key.core/../key.ui/examples/heap/permissions/lockspec/Counter_inv_accessible2.key 
773186     DEBUG main            d.u.i.k.p.i.AbstractProblemLoader Environment load took 66.8ns 
773187     INFO  main            d.u.i.k.p.i.AbstractProblemLoader Creating init config 
776345     DEBUG main            d.u.i.k.p.i.AbstractProblemLoader Init config took 3.16s 
776397     INFO  main            d.u.i.k.p.i.AbstractProblemLoader Replaying proof Counter[java.lang.Object::<inv>()].JML accessible clause.1 
776398     DEBUG main            d.u.i.k.p.i.IntermediateProofReplayer Proof replay took 2.5ns 
776500     INFO  main            d.u.i.k.p.r.p.TestFile    ... finished proof: closed. 
777154     INFO  main            d.u.i.k.p.i.AbstractProblemLoader Loading environment from /home/runner/work/key/key/key.core/../key.ui/examples/heap/permissions/lockspec/Counter_inv_accessible2.key.proof 
777154     DEBUG main            d.u.i.k.p.i.AbstractProblemLoader Environment load took 77.2ns 
777155     INFO  main            d.u.i.k.p.i.AbstractProblemLoader Creating init config 
780206     DEBUG main            d.u.i.k.p.i.AbstractProblemLoader Init config took 3.05s 
780258     INFO  main            d.u.i.k.p.i.AbstractProblemLoader Replaying proof Counter[java.lang.Object::<inv>()].JML accessible clause.1 
780266     DEBUG main            d.u.i.k.p.i.IntermediateProofReplayer Proof replay took 7.11ms 
780267     DEBUG main            d.u.i.k.p.r.p.TestFile    ... success: reloaded. 
780267     INFO  main            d.u.i.k.p.r.p.TestFile    Now processing file /home/runner/work/key/key/key.core/../key.ui/examples/heap/permissions/lockspec/Counter_lockRef_accessible.key 
780268     INFO  main            d.u.i.k.p.i.AbstractProblemLoader Loading environment from /home/runner/work/key/key/key.core/../key.ui/examples/heap/permissions/lockspec/Counter_lockRef_accessible.key 
780268     DEBUG main            d.u.i.k.p.i.AbstractProblemLoader Environment load took 44.1ns 
780268     INFO  main            d.u.i.k.p.i.AbstractProblemLoader Creating init config 
783309     DEBUG main            d.u.i.k.p.i.AbstractProblemLoader Init config took 3.04s 
783359     INFO  main            d.u.i.k.p.i.AbstractProblemLoader Replaying proof Counter[LockSpec::lockRef()].JML accessible clause.0 
783360     DEBUG main            d.u.i.k.p.i.IntermediateProofReplayer Proof replay took 2.2ns 
783563     INFO  main            d.u.i.k.p.r.p.TestFile    ... finished proof: closed. 
784226     INFO  main            d.u.i.k.p.i.AbstractProblemLoader Loading environment from /home/runner/work/key/key/key.core/../key.ui/examples/heap/permissions/lockspec/Counter_lockRef_accessible.key.proof 
784226     DEBUG main            d.u.i.k.p.i.AbstractProblemLoader Environment load took 82.6ns 
784227     INFO  main            d.u.i.k.p.i.AbstractProblemLoader Creating init config 
787306     DEBUG main            d.u.i.k.p.i.AbstractProblemLoader Init config took 3.08s 
787363     INFO  main            d.u.i.k.p.i.AbstractProblemLoader Replaying proof Counter[LockSpec::lockRef()].JML accessible clause.0 
787393     DEBUG main            d.u.i.k.p.i.IntermediateProofReplayer Proof replay took 27.39ms 
787394     DEBUG main            d.u.i.k.p.r.p.TestFile    ... success: reloaded. 
787395     INFO  main            d.u.i.k.p.r.p.TestFile    Now processing file /home/runner/work/key/key/key.core/../key.ui/examples/heap/permissions/lockspec/Counter_lockRef_contract1.key 
787396     INFO  main            d.u.i.k.p.i.AbstractProblemLoader Loading environment from /home/runner/work/key/key/key.core/../key.ui/examples/heap/permissions/lockspec/Counter_lockRef_contract1.key 
787396     DEBUG main            d.u.i.k.p.i.AbstractProblemLoader Environment load took 169.8ns 
787397     INFO  main            d.u.i.k.p.i.AbstractProblemLoader Creating init config 
790540     DEBUG main            d.u.i.k.p.i.AbstractProblemLoader Init config took 3.14s 
790591     INFO  main            d.u.i.k.p.i.AbstractProblemLoader Replaying proof Counter[LockSpec::lockRef()].JML model_behavior operation contract.0 
790592     DEBUG main            d.u.i.k.p.i.IntermediateProofReplayer Proof replay took 2.4ns 
790694     INFO  main            d.u.i.k.p.r.p.TestFile    ... finished proof: closed. 
791340     INFO  main            d.u.i.k.p.i.AbstractProblemLoader Loading environment from /home/runner/work/key/key/key.core/../key.ui/examples/heap/permissions/lockspec/Counter_lockRef_contract1.key.proof 
791340     DEBUG main            d.u.i.k.p.i.AbstractProblemLoader Environment load took 74.6ns 
791340     INFO  main            d.u.i.k.p.i.AbstractProblemLoader Creating init config 
794406     DEBUG main            d.u.i.k.p.i.AbstractProblemLoader Init config took 3.07s 
794464     INFO  main            d.u.i.k.p.i.AbstractProblemLoader Replaying proof Counter[LockSpec::lockRef()].JML model_behavior operation contract.0 
794474     DEBUG main            d.u.i.k.p.i.IntermediateProofReplayer Proof replay took 3.75ms 
794475     DEBUG main            d.u.i.k.p.r.p.TestFile    ... success: reloaded. 
794476     INFO  main            d.u.i.k.p.r.p.TestFile    Now processing file /home/runner/work/key/key/key.core/../key.ui/examples/heap/permissions/lockspec/Counter_lockRef_contract2.key 
794476     INFO  main            d.u.i.k.p.i.AbstractProblemLoader Loading environment from /home/runner/work/key/key/key.core/../key.ui/examples/heap/permissions/lockspec/Counter_lockRef_contract2.key 
794476     DEBUG main            d.u.i.k.p.i.AbstractProblemLoader Environment load took 75.4ns 
794477     INFO  main            d.u.i.k.p.i.AbstractProblemLoader Creating init config 
797913     DEBUG main            d.u.i.k.p.i.AbstractProblemLoader Init config took 3.44s 
797964     INFO  main            d.u.i.k.p.i.AbstractProblemLoader Replaying proof Counter[Counter::lockRef()].JML model_behavior operation contract.0 
797966     DEBUG main            d.u.i.k.p.i.IntermediateProofReplayer Proof replay took 2.4ns 
798067     INFO  main            d.u.i.k.p.r.p.TestFile    ... finished proof: closed. 
798721     INFO  main            d.u.i.k.p.i.AbstractProblemLoader Loading environment from /home/runner/work/key/key/key.core/../key.ui/examples/heap/permissions/lockspec/Counter_lockRef_contract2.key.proof 
798721     DEBUG main            d.u.i.k.p.i.AbstractProblemLoader Environment load took 77.4ns 
798722     INFO  main            d.u.i.k.p.i.AbstractProblemLoader Creating init config 
801810     DEBUG main            d.u.i.k.p.i.AbstractProblemLoader Init config took 3.09s 
801869     INFO  main            d.u.i.k.p.i.AbstractProblemLoader Replaying proof Counter[Counter::lockRef()].JML model_behavior operation contract.0 
801874     DEBUG main            d.u.i.k.p.i.IntermediateProofReplayer Proof replay took 4.02ms 
801875     DEBUG main            d.u.i.k.p.r.p.TestFile    ... success: reloaded. 
801875     INFO  main            d.u.i.k.p.r.p.TestFile    Now processing file /home/runner/work/key/key/key.core/../key.ui/examples/heap/permissions/lockspec/Counter_lockState_accessible.key 
801876     INFO  main            d.u.i.k.p.i.AbstractProblemLoader Loading environment from /home/runner/work/key/key/key.core/../key.ui/examples/heap/permissions/lockspec/Counter_lockState_accessible.key 
801876     DEBUG main            d.u.i.k.p.i.AbstractProblemLoader Environment load took 79.2ns 
801877     INFO  main            d.u.i.k.p.i.AbstractProblemLoader Creating init config 
805028     DEBUG main            d.u.i.k.p.i.AbstractProblemLoader Init config took 3.15s 
805097     INFO  main            d.u.i.k.p.i.AbstractProblemLoader Replaying proof Counter[LockSpec::lockState(boolean)].JML accessible clause.0 
805099     DEBUG main            d.u.i.k.p.i.IntermediateProofReplayer Proof replay took 2.7ns 
805301     INFO  main            d.u.i.k.p.r.p.TestFile    ... finished proof: closed. 
805957     INFO  main            d.u.i.k.p.i.AbstractProblemLoader Loading environment from /home/runner/work/key/key/key.core/../key.ui/examples/heap/permissions/lockspec/Counter_lockState_accessible.key.proof 
805957     DEBUG main            d.u.i.k.p.i.AbstractProblemLoader Environment load took 75.7ns 
805958     INFO  main            d.u.i.k.p.i.AbstractProblemLoader Creating init config 
809152     DEBUG main            d.u.i.k.p.i.AbstractProblemLoader Init config took 3.19s 
809222     INFO  main            d.u.i.k.p.i.AbstractProblemLoader Replaying proof Counter[LockSpec::lockState(boolean)].JML accessible clause.0 
809269     DEBUG main            d.u.i.k.p.i.IntermediateProofReplayer Proof replay took 44.04ms 
809270     DEBUG main            d.u.i.k.p.r.p.TestFile    ... success: reloaded. 
809271     INFO  main            d.u.i.k.p.r.p.TestFile    Now processing file /home/runner/work/key/key/key.core/../key.ui/examples/heap/permissions/lockspec/Counter_lockStatus_accessible.key 
809273     INFO  main            d.u.i.k.p.i.AbstractProblemLoader Loading environment from /home/runner/work/key/key/key.core/../key.ui/examples/heap/permissions/lockspec/Counter_lockStatus_accessible.key 
809273     DEBUG main            d.u.i.k.p.i.AbstractProblemLoader Environment load took 99.1ns 
809274     INFO  main            d.u.i.k.p.i.AbstractProblemLoader Creating init config 
812439     DEBUG main            d.u.i.k.p.i.AbstractProblemLoader Init config took 3.17s 
812490     INFO  main            d.u.i.k.p.i.AbstractProblemLoader Replaying proof Counter[LockSpec::lockStatus(boolean)].JML accessible clause.0 
812492     DEBUG main            d.u.i.k.p.i.IntermediateProofReplayer Proof replay took 2.9ns 
812593     INFO  main            d.u.i.k.p.r.p.TestFile    ... finished proof: closed. 
813262     INFO  main            d.u.i.k.p.i.AbstractProblemLoader Loading environment from /home/runner/work/key/key/key.core/../key.ui/examples/heap/permissions/lockspec/Counter_lockStatus_accessible.key.proof 
813262     DEBUG main            d.u.i.k.p.i.AbstractProblemLoader Environment load took 78.3ns 
813263     INFO  main            d.u.i.k.p.i.AbstractProblemLoader Creating init config 
816312     DEBUG main            d.u.i.k.p.i.AbstractProblemLoader Init config took 3.05s 
816382     INFO  main            d.u.i.k.p.i.AbstractProblemLoader Replaying proof Counter[LockSpec::lockStatus(boolean)].JML accessible clause.0 
816401     DEBUG main            d.u.i.k.p.i.IntermediateProofReplayer Proof replay took 17.06ms 
816402     DEBUG main            d.u.i.k.p.r.p.TestFile    ... success: reloaded. 
816403     INFO  main            d.u.i.k.p.r.p.TestFile    Now processing file /home/runner/work/key/key/key.core/../key.ui/examples/heap/permissions/lockspec/Counter_lockTransfer_accessible.key 
816403     INFO  main            d.u.i.k.p.i.AbstractProblemLoader Loading environment from /home/runner/work/key/key/key.core/../key.ui/examples/heap/permissions/lockspec/Counter_lockTransfer_accessible.key 
816404     DEBUG main            d.u.i.k.p.i.AbstractProblemLoader Environment load took 148.4ns 
816404     INFO  main            d.u.i.k.p.i.AbstractProblemLoader Creating init config 
819635     DEBUG main            d.u.i.k.p.i.AbstractProblemLoader Init config took 3.23s 
819686     INFO  main            d.u.i.k.p.i.AbstractProblemLoader Replaying proof Counter[LockSpec::lockTransfer()].JML accessible clause.0 
819687     DEBUG main            d.u.i.k.p.i.IntermediateProofReplayer Proof replay took 2.3ns 
819989     INFO  main            d.u.i.k.p.r.p.TestFile    ... finished proof: closed. 
820674     INFO  main            d.u.i.k.p.i.AbstractProblemLoader Loading environment from /home/runner/work/key/key/key.core/../key.ui/examples/heap/permissions/lockspec/Counter_lockTransfer_accessible.key.proof 
820674     DEBUG main            d.u.i.k.p.i.AbstractProblemLoader Environment load took 84.4ns 
820675     INFO  main            d.u.i.k.p.i.AbstractProblemLoader Creating init config 
823752     DEBUG main            d.u.i.k.p.i.AbstractProblemLoader Init config took 3.08s 
823811     INFO  main            d.u.i.k.p.i.AbstractProblemLoader Replaying proof Counter[LockSpec::lockTransfer()].JML accessible clause.0 
823871     DEBUG main            d.u.i.k.p.i.IntermediateProofReplayer Proof replay took 57.08ms 
823872     DEBUG main            d.u.i.k.p.r.p.TestFile    ... success: reloaded. 
823873     INFO  main            d.u.i.k.p.r.p.TestFile    Now processing file /home/runner/work/key/key/key.core/../key.ui/examples/heap/permissions/lockspec/Counter_unlockTransfer_accessible.key 
823874     INFO  main            d.u.i.k.p.i.AbstractProblemLoader Loading environment from /home/runner/work/key/key/key.core/../key.ui/examples/heap/permissions/lockspec/Counter_unlockTransfer_accessible.key 
823874     DEBUG main            d.u.i.k.p.i.AbstractProblemLoader Environment load took 88.2ns 
823874     INFO  main            d.u.i.k.p.i.AbstractProblemLoader Creating init config 
827109     DEBUG main            d.u.i.k.p.i.AbstractProblemLoader Init config took 3.23s 
827161     INFO  main            d.u.i.k.p.i.AbstractProblemLoader Replaying proof Counter[LockSpec::unlockTransfer()].JML accessible clause.0 
827162     DEBUG main            d.u.i.k.p.i.IntermediateProofReplayer Proof replay took 2ns 
827465     INFO  main            d.u.i.k.p.r.p.TestFile    ... finished proof: closed. 
828165     INFO  main            d.u.i.k.p.i.AbstractProblemLoader Loading environment from /home/runner/work/key/key/key.core/../key.ui/examples/heap/permissions/lockspec/Counter_unlockTransfer_accessible.key.proof 
828165     DEBUG main            d.u.i.k.p.i.AbstractProblemLoader Environment load took 78.7ns 
828166     INFO  main            d.u.i.k.p.i.AbstractProblemLoader Creating init config 
831260     DEBUG main            d.u.i.k.p.i.AbstractProblemLoader Init config took 3.09s 
831318     INFO  main            d.u.i.k.p.i.AbstractProblemLoader Replaying proof Counter[LockSpec::unlockTransfer()].JML accessible clause.0 
831382     DEBUG main            d.u.i.k.p.i.IntermediateProofReplayer Proof replay took 57.58ms 
831383     DEBUG main            d.u.i.k.p.r.p.TestFile    ... success: reloaded. 
831384     INFO  main            d.u.i.k.p.r.p.TestFile    Now processing file /home/runner/work/key/key/key.core/../key.ui/examples/heap/permissions/threads/Plotter_startTransfer_contract.proof 
831384     INFO  main            d.u.i.k.p.i.AbstractProblemLoader Loading environment from /home/runner/work/key/key/key.core/../key.ui/examples/heap/permissions/threads/Plotter_startTransfer_contract.proof 
831385     DEBUG main            d.u.i.k.p.i.AbstractProblemLoader Environment load took 172.8ns 
831386     INFO  main            d.u.i.k.p.i.AbstractProblemLoader Creating init config 
836207     DEBUG main            d.u.i.k.p.i.AbstractProblemLoader Init config took 4.82s 
836313     INFO  main            d.u.i.k.p.i.AbstractProblemLoader Replaying proof Plotter[ThreadSpec2::startTransfer()].JML model_behavior operation contract.0 
836389     DEBUG main            d.u.i.k.p.i.IntermediateProofReplayer Proof replay took 69.53ms 
836389     INFO  main            d.u.i.k.p.r.p.TestFile    ... success: loaded 
836390     INFO  main            d.u.i.k.p.r.p.TestFile    Now processing file /home/runner/work/key/key/key.core/../key.ui/examples/heap/permissions/threads/Plotter_startTransfer_accessible.proof 
836390     INFO  main            d.u.i.k.p.i.AbstractProblemLoader Loading environment from /home/runner/work/key/key/key.core/../key.ui/examples/heap/permissions/threads/Plotter_startTransfer_accessible.proof 
836391     DEBUG main            d.u.i.k.p.i.AbstractProblemLoader Environment load took 68.2ns 
836391     INFO  main            d.u.i.k.p.i.AbstractProblemLoader Creating init config 
841244     DEBUG main            d.u.i.k.p.i.AbstractProblemLoader Init config took 4.85s 
841334     INFO  main            d.u.i.k.p.i.AbstractProblemLoader Replaying proof Plotter[ThreadSpec2::startTransfer()].JML accessible clause.0 
841460     DEBUG main            d.u.i.k.p.i.IntermediateProofReplayer Proof replay took 113.67ms 
841461     INFO  main            d.u.i.k.p.r.p.TestFile    ... success: loaded 
841462     INFO  main            d.u.i.k.p.r.p.TestFile    Now processing file /home/runner/work/key/key/key.core/../key.ui/examples/heap/permissions/threads/Plotter_joinTransfer_accessible.proof 
841462     INFO  main            d.u.i.k.p.i.AbstractProblemLoader Loading environment from /home/runner/work/key/key/key.core/../key.ui/examples/heap/permissions/threads/Plotter_joinTransfer_accessible.proof 
841462     DEBUG main            d.u.i.k.p.i.AbstractProblemLoader Environment load took 144.3ns 
841463     INFO  main            d.u.i.k.p.i.AbstractProblemLoader Creating init config 
846224     DEBUG main            d.u.i.k.p.i.AbstractProblemLoader Init config took 4.76s 
846304     INFO  main            d.u.i.k.p.i.AbstractProblemLoader Replaying proof Plotter[ThreadSpec2::joinTransfer()].JML accessible clause.0 
846311     WARN  main            d.u.i.k.p.i.IntermediateProofReplayer Proof contains wrong number of \assumes instatiations for Definition_axiom_for_stateInv_in_Plotter 
846313     WARN  main            d.u.i.k.p.i.IntermediateProofReplayer Proof contains wrong number of \assumes instatiations for Definition_axiom_for_stateInv_in_Plotter 
846318     WARN  main            d.u.i.k.p.i.IntermediateProofReplayer Proof contains wrong number of \assumes instatiations for Definition_axiom_for_workingPermissions_in_Plotter 
846318     WARN  main            d.u.i.k.p.i.IntermediateProofReplayer Proof contains wrong number of \assumes instatiations for Definition_axiom_for_staticPermissions_in_Plotter 
846319     WARN  main            d.u.i.k.p.i.IntermediateProofReplayer Proof contains wrong number of \assumes instatiations for Definition_axiom_for_joinTransfer_in_Plotter 
846320     WARN  main            d.u.i.k.p.i.IntermediateProofReplayer Proof contains wrong number of \assumes instatiations for Definition_axiom_for_stateInv_in_BFilter 
846321     WARN  main            d.u.i.k.p.i.IntermediateProofReplayer Proof contains wrong number of \assumes instatiations for Definition_axiom_for_stateInv_in_AFilter 
846322     WARN  main            d.u.i.k.p.i.IntermediateProofReplayer Proof contains wrong number of \assumes instatiations for Definition_axiom_for_stateInv_in_BFilter 
846324     WARN  main            d.u.i.k.p.i.IntermediateProofReplayer Proof contains wrong number of \assumes instatiations for Definition_axiom_for_stateInv_in_AFilter 
846325     WARN  main            d.u.i.k.p.i.IntermediateProofReplayer Proof contains wrong number of \assumes instatiations for Definition_axiom_for_staticPermissions_in_AFilter 
846326     WARN  main            d.u.i.k.p.i.IntermediateProofReplayer Proof contains wrong number of \assumes instatiations for Definition_axiom_for_staticPermissions_in_Plotter 
846326     WARN  main            d.u.i.k.p.i.IntermediateProofReplayer Proof contains wrong number of \assumes instatiations for Definition_axiom_for_staticPermissions_in_BFilter 
846327     WARN  main            d.u.i.k.p.i.IntermediateProofReplayer Proof contains wrong number of \assumes instatiations for Definition_axiom_for_workingPermissions_in_Plotter 
846327     WARN  main            d.u.i.k.p.i.IntermediateProofReplayer Proof contains wrong number of \assumes instatiations for Definition_axiom_for_stateInv_in_Sampler 
846328     WARN  main            d.u.i.k.p.i.IntermediateProofReplayer Proof contains wrong number of \assumes instatiations for Definition_axiom_for_stateInv_in_Sampler 
846329     WARN  main            d.u.i.k.p.i.IntermediateProofReplayer Proof contains wrong number of \assumes instatiations for Definition_axiom_for_staticPermissions_in_Sampler 
846329     WARN  main            d.u.i.k.p.i.IntermediateProofReplayer Proof contains wrong number of \assumes instatiations for Definition_axiom_for_staticPermissions_in_BFilter 
846330     WARN  main            d.u.i.k.p.i.IntermediateProofReplayer Proof contains wrong number of \assumes instatiations for Definition_axiom_for_staticPermissions_in_AFilter 
846330     WARN  main            d.u.i.k.p.i.IntermediateProofReplayer Proof contains wrong number of \assumes instatiations for Definition_axiom_for_staticPermissions_in_Sampler 
846331     WARN  main            d.u.i.k.p.i.IntermediateProofReplayer Proof contains wrong number of \assumes instatiations for Definition_axiom_for_staticPermissions_in_Sampler 
846331     WARN  main            d.u.i.k.p.i.IntermediateProofReplayer Proof contains wrong number of \assumes instatiations for Definition_axiom_for_staticPermissions_in_Sampler 
846332     WARN  main            d.u.i.k.p.i.IntermediateProofReplayer Proof contains wrong number of \assumes instatiations for Definition_axiom_for_joinTransfer_in_Plotter 
846402     DEBUG main            d.u.i.k.p.i.IntermediateProofReplayer Proof replay took 94.87ms 
846412     INFO  main            d.u.i.k.p.r.p.TestFile    ... success: loaded 
4973207    INFO  Test worker     d.u.i.k.p.r.p.StatisticsFile Returning from test permissionHeap 
4973212    INFO  Test worker     d.u.i.k.p.r.p.StatisticsFile Running test completionScopes 
400        INFO  Timeout watchdog d.u.i.k.p.r.p.ForkedTestFileRunner Timeout watcher launched (2000 secs.) 
441        WARN  main            d.u.i.k.s.ProofSettings   The settings in /home/runner/.key/proof-settings.props are *not* read. 
490        INFO  main            d.u.i.k.p.r.p.TestFile    Now processing file /home/runner/work/key/key/key.core/../key.ui/examples/completionscopes/testCcatchReturnVal.key 
606        INFO  main            d.u.i.k.p.i.AbstractProblemLoader Loading environment from /home/runner/work/key/key/key.core/../key.ui/examples/completionscopes/testCcatchReturnVal.key 
624        DEBUG main            d.u.i.k.p.i.AbstractProblemLoader Environment load took 2.2ms 
862        INFO  main            d.u.i.k.p.i.AbstractProblemLoader Creating init config 
1876       DEBUG main            d.u.i.k.j.TypeConverter   No LDT found for Meta 
1876       DEBUG main            d.u.i.k.j.TypeConverter   No LDT found for Meta 
1879       DEBUG main            d.u.i.k.j.TypeConverter   No LDT found for Meta 
1879       DEBUG main            d.u.i.k.j.TypeConverter   No LDT found for Meta 
3244       DEBUG main            d.u.i.k.j.TypeConverter   No LDT found for JavaBigintExpression 
8625       DEBUG main            d.u.i.k.p.i.AbstractProblemLoader Init config took 7.76s 
8774       INFO  main            d.u.i.k.p.i.AbstractProblemLoader Replaying proof CompletionScopes[CompletionScopes::testCcatchReturnVal()].JML normal_behavior operation contract.0 
8809       DEBUG main            d.u.i.k.p.i.IntermediateProofReplayer Proof replay took 35.7ns 
9367       INFO  main            d.u.i.k.p.r.p.TestFile    ... finished proof: closed. 
9487       INFO  main            d.u.i.k.p.i.AbstractProblemLoader Loading environment from /home/runner/work/key/key/key.core/../key.ui/examples/completionscopes/testCcatchReturnVal.key.proof 
9487       DEBUG main            d.u.i.k.p.i.AbstractProblemLoader Environment load took 431.81ns 
9489       INFO  main            d.u.i.k.p.i.AbstractProblemLoader Creating init config 
12421      DEBUG main            d.u.i.k.p.i.AbstractProblemLoader Init config took 2.93s 
12488      INFO  main            d.u.i.k.p.i.AbstractProblemLoader Replaying proof CompletionScopes[CompletionScopes::testCcatchReturnVal()].JML normal_behavior operation contract.0 
12521      DEBUG main            d.u.i.k.p.i.IntermediateProofReplayer Proof replay took 28.23ms 
12528      DEBUG main            d.u.i.k.p.r.p.TestFile    ... success: reloaded. 
12530      INFO  main            d.u.i.k.p.r.p.TestFile    Now processing file /home/runner/work/key/key/key.core/../key.ui/examples/completionscopes/testMultCcatchClauses.key 
12531      INFO  main            d.u.i.k.p.i.AbstractProblemLoader Loading environment from /home/runner/work/key/key/key.core/../key.ui/examples/completionscopes/testMultCcatchClauses.key 
12531      DEBUG main            d.u.i.k.p.i.AbstractProblemLoader Environment load took 231.7ns 
12533      INFO  main            d.u.i.k.p.i.AbstractProblemLoader Creating init config 
15319      DEBUG main            d.u.i.k.p.i.AbstractProblemLoader Init config took 2.79s 
15379      INFO  main            d.u.i.k.p.i.AbstractProblemLoader Replaying proof CompletionScopes[CompletionScopes::testMultCcatchClauses()].JML normal_behavior operation contract.0 
15382      DEBUG main            d.u.i.k.p.i.IntermediateProofReplayer Proof replay took 8ns 
15686      INFO  main            d.u.i.k.p.r.p.TestFile    ... finished proof: closed. 
15824      INFO  main            d.u.i.k.p.i.AbstractProblemLoader Loading environment from /home/runner/work/key/key/key.core/../key.ui/examples/completionscopes/testMultCcatchClauses.key.proof 
15825      DEBUG main            d.u.i.k.p.i.AbstractProblemLoader Environment load took 1.09ms 
15827      INFO  main            d.u.i.k.p.i.AbstractProblemLoader Creating init config 
18472      DEBUG main            d.u.i.k.p.i.AbstractProblemLoader Init config took 2.64s 
18530      INFO  main            d.u.i.k.p.i.AbstractProblemLoader Replaying proof CompletionScopes[CompletionScopes::testMultCcatchClauses()].JML normal_behavior operation contract.0 
18611      DEBUG main            d.u.i.k.p.i.IntermediateProofReplayer Proof replay took 77.04ms 
18612      DEBUG main            d.u.i.k.p.r.p.TestFile    ... success: reloaded. 
18614      INFO  main            d.u.i.k.p.r.p.TestFile    Now processing file /home/runner/work/key/key/key.core/../key.ui/examples/completionscopes/testNestedExec.key 
18614      INFO  main            d.u.i.k.p.i.AbstractProblemLoader Loading environment from /home/runner/work/key/key/key.core/../key.ui/examples/completionscopes/testNestedExec.key 
18614      DEBUG main            d.u.i.k.p.i.AbstractProblemLoader Environment load took 201.3ns 
18616      INFO  main            d.u.i.k.p.i.AbstractProblemLoader Creating init config 
21264      DEBUG main            d.u.i.k.p.i.AbstractProblemLoader Init config took 2.65s 
21320      INFO  main            d.u.i.k.p.i.AbstractProblemLoader Replaying proof CompletionScopes[CompletionScopes::testMultCcatchClauses()].JML normal_behavior operation contract.0 
21322      DEBUG main            d.u.i.k.p.i.IntermediateProofReplayer Proof replay took 7.4ns 
21626      INFO  main            d.u.i.k.p.r.p.TestFile    ... finished proof: closed. 
21773      INFO  main            d.u.i.k.p.i.AbstractProblemLoader Loading environment from /home/runner/work/key/key/key.core/../key.ui/examples/completionscopes/testNestedExec.key.proof 
21778      DEBUG main            d.u.i.k.p.i.AbstractProblemLoader Environment load took 4.49ms 
21779      INFO  main            d.u.i.k.p.i.AbstractProblemLoader Creating init config 
24363      DEBUG main            d.u.i.k.p.i.AbstractProblemLoader Init config took 2.58s 
24410      INFO  main            d.u.i.k.p.i.AbstractProblemLoader Replaying proof CompletionScopes[CompletionScopes::testMultCcatchClauses()].JML normal_behavior operation contract.0 
24471      DEBUG main            d.u.i.k.p.i.IntermediateProofReplayer Proof replay took 58.32ms 
24473      DEBUG main            d.u.i.k.p.r.p.TestFile    ... success: reloaded. 
24474      INFO  main            d.u.i.k.p.r.p.TestFile    Now processing file /home/runner/work/key/key/key.core/../key.ui/examples/completionscopes/testCcatchBreakLabel.key 
24475      INFO  main            d.u.i.k.p.i.AbstractProblemLoader Loading environment from /home/runner/work/key/key/key.core/../key.ui/examples/completionscopes/testCcatchBreakLabel.key 
24475      DEBUG main            d.u.i.k.p.i.AbstractProblemLoader Environment load took 206.5ns 
24476      INFO  main            d.u.i.k.p.i.AbstractProblemLoader Creating init config 
27031      DEBUG main            d.u.i.k.p.i.AbstractProblemLoader Init config took 2.56s 
27083      INFO  main            d.u.i.k.p.i.AbstractProblemLoader Replaying proof CompletionScopes[CompletionScopes::testBreakLabel()].JML normal_behavior operation contract.0 
27087      DEBUG main            d.u.i.k.p.i.IntermediateProofReplayer Proof replay took 8.1ns 
27111      DEBUG Thread-10       d.u.i.k.l.o.ProgramSV     Match failed: Former match of  SchemaVariable incompatible with  the current match. 
27189      INFO  main            d.u.i.k.p.r.p.TestFile    ... finished proof: closed. 
27339      INFO  main            d.u.i.k.p.i.AbstractProblemLoader Loading environment from /home/runner/work/key/key/key.core/../key.ui/examples/completionscopes/testCcatchBreakLabel.key.proof 
27339      DEBUG main            d.u.i.k.p.i.AbstractProblemLoader Environment load took 132.9ns 
27340      INFO  main            d.u.i.k.p.i.AbstractProblemLoader Creating init config 
29872      DEBUG main            d.u.i.k.p.i.AbstractProblemLoader Init config took 2.53s 
29931      INFO  main            d.u.i.k.p.i.AbstractProblemLoader Replaying proof CompletionScopes[CompletionScopes::testBreakLabel()].JML normal_behavior operation contract.0 
29941      DEBUG main            d.u.i.k.p.i.IntermediateProofReplayer Proof replay took 7.6ms 
29942      DEBUG main            d.u.i.k.p.r.p.TestFile    ... success: reloaded. 
29943      INFO  main            d.u.i.k.p.r.p.TestFile    Now processing file /home/runner/work/key/key/key.core/../key.ui/examples/completionscopes/testCcatchContinueLabel.key 
29943      INFO  main            d.u.i.k.p.i.AbstractProblemLoader Loading environment from /home/runner/work/key/key/key.core/../key.ui/examples/completionscopes/testCcatchContinueLabel.key 
29944      DEBUG main            d.u.i.k.p.i.AbstractProblemLoader Environment load took 105.5ns 
29945      INFO  main            d.u.i.k.p.i.AbstractProblemLoader Creating init config 
32552      DEBUG main            d.u.i.k.p.i.AbstractProblemLoader Init config took 2.61s 
32598      INFO  main            d.u.i.k.p.i.AbstractProblemLoader Replaying proof CompletionScopes[CompletionScopes::testContinueLabel()].JML normal_behavior operation contract.0 
32600      DEBUG main            d.u.i.k.p.i.IntermediateProofReplayer Proof replay took 8.5ns 
32620      DEBUG Thread-13       d.u.i.k.l.o.ProgramSV     Match failed: Former match of  SchemaVariable incompatible with  the current match. 
32703      INFO  main            d.u.i.k.p.r.p.TestFile    ... finished proof: closed. 
32857      INFO  main            d.u.i.k.p.i.AbstractProblemLoader Loading environment from /home/runner/work/key/key/key.core/../key.ui/examples/completionscopes/testCcatchContinueLabel.key.proof 
32857      DEBUG main            d.u.i.k.p.i.AbstractProblemLoader Environment load took 153.7ns 
32858      INFO  main            d.u.i.k.p.i.AbstractProblemLoader Creating init config 
35368      DEBUG main            d.u.i.k.p.i.AbstractProblemLoader Init config took 2.51s 
35411      INFO  main            d.u.i.k.p.i.AbstractProblemLoader Replaying proof CompletionScopes[CompletionScopes::testContinueLabel()].JML normal_behavior operation contract.0 
35420      DEBUG main            d.u.i.k.p.i.IntermediateProofReplayer Proof replay took 7.24ms 
35421      DEBUG main            d.u.i.k.p.r.p.TestFile    ... success: reloaded. 
35423      INFO  main            d.u.i.k.p.r.p.TestFile    Now processing file /home/runner/work/key/key/key.core/../key.ui/examples/completionscopes/testCcatchBreakLabelWildcard.key 
35423      INFO  main            d.u.i.k.p.i.AbstractProblemLoader Loading environment from /home/runner/work/key/key/key.core/../key.ui/examples/completionscopes/testCcatchBreakLabelWildcard.key 
35423      DEBUG main            d.u.i.k.p.i.AbstractProblemLoader Environment load took 203.5ns 
35424      INFO  main            d.u.i.k.p.i.AbstractProblemLoader Creating init config 
37990      DEBUG main            d.u.i.k.p.i.AbstractProblemLoader Init config took 2.57s 
38032      INFO  main            d.u.i.k.p.i.AbstractProblemLoader Replaying proof CompletionScopes[CompletionScopes::testBreakLabelWildcard()].JML normal_behavior operation contract.0 
38034      DEBUG main            d.u.i.k.p.i.IntermediateProofReplayer Proof replay took 7.9ns 
38055      DEBUG Thread-16       d.u.i.k.l.o.ProgramSV     Match failed: Former match of  SchemaVariable incompatible with  the current match. 
38057      DEBUG Thread-16       d.u.i.k.l.o.ProgramSV     Match failed: Former match of  SchemaVariable incompatible with  the current match. 
38136      INFO  main            d.u.i.k.p.r.p.TestFile    ... finished proof: closed. 
38346      INFO  main            d.u.i.k.p.i.AbstractProblemLoader Loading environment from /home/runner/work/key/key/key.core/../key.ui/examples/completionscopes/testCcatchBreakLabelWildcard.key.proof 
38346      DEBUG main            d.u.i.k.p.i.AbstractProblemLoader Environment load took 169.3ns 
38348      INFO  main            d.u.i.k.p.i.AbstractProblemLoader Creating init config 
40835      DEBUG main            d.u.i.k.p.i.AbstractProblemLoader Init config took 2.49s 
40880      INFO  main            d.u.i.k.p.i.AbstractProblemLoader Replaying proof CompletionScopes[CompletionScopes::testBreakLabelWildcard()].JML normal_behavior operation contract.0 
40889      DEBUG main            d.u.i.k.p.i.IntermediateProofReplayer Proof replay took 7.49ms 
40890      DEBUG main            d.u.i.k.p.r.p.TestFile    ... success: reloaded. 
40892      INFO  main            d.u.i.k.p.r.p.TestFile    Now processing file /home/runner/work/key/key/key.core/../key.ui/examples/completionscopes/testCcatchContinueLabelWildcard.key 
40892      INFO  main            d.u.i.k.p.i.AbstractProblemLoader Loading environment from /home/runner/work/key/key/key.core/../key.ui/examples/completionscopes/testCcatchContinueLabelWildcard.key 
40892      DEBUG main            d.u.i.k.p.i.AbstractProblemLoader Environment load took 105.9ns 
40893      INFO  main            d.u.i.k.p.i.AbstractProblemLoader Creating init config 
43394      DEBUG main            d.u.i.k.p.i.AbstractProblemLoader Init config took 2.5s 
43435      INFO  main            d.u.i.k.p.i.AbstractProblemLoader Replaying proof CompletionScopes[CompletionScopes::testContinueLabelWildcard()].JML normal_behavior operation contract.0 
43437      DEBUG main            d.u.i.k.p.i.IntermediateProofReplayer Proof replay took 8.3ns 
43456      DEBUG Thread-19       d.u.i.k.l.o.ProgramSV     Match failed: Former match of  SchemaVariable incompatible with  the current match. 
43458      DEBUG Thread-19       d.u.i.k.l.o.ProgramSV     Match failed: Former match of  SchemaVariable incompatible with  the current match. 
43540      INFO  main            d.u.i.k.p.r.p.TestFile    ... finished proof: closed. 
43710      INFO  main            d.u.i.k.p.i.AbstractProblemLoader Loading environment from /home/runner/work/key/key/key.core/../key.ui/examples/completionscopes/testCcatchContinueLabelWildcard.key.proof 
43710      DEBUG main            d.u.i.k.p.i.AbstractProblemLoader Environment load took 185ns 
43711      INFO  main            d.u.i.k.p.i.AbstractProblemLoader Creating init config 
46210      DEBUG main            d.u.i.k.p.i.AbstractProblemLoader Init config took 2.5s 
46259      INFO  main            d.u.i.k.p.i.AbstractProblemLoader Replaying proof CompletionScopes[CompletionScopes::testContinueLabelWildcard()].JML normal_behavior operation contract.0 
46268      DEBUG main            d.u.i.k.p.i.IntermediateProofReplayer Proof replay took 6.79ms 
46269      DEBUG main            d.u.i.k.p.r.p.TestFile    ... success: reloaded. 
46270      INFO  main            d.u.i.k.p.r.p.TestFile    Now processing file /home/runner/work/key/key/key.core/../key.ui/examples/completionscopes/testCcatchBreakLabelNonmatchingNested.key 
46270      INFO  main            d.u.i.k.p.i.AbstractProblemLoader Loading environment from /home/runner/work/key/key/key.core/../key.ui/examples/completionscopes/testCcatchBreakLabelNonmatchingNested.key 
46270      DEBUG main            d.u.i.k.p.i.AbstractProblemLoader Environment load took 102.3ns 
46271      INFO  main            d.u.i.k.p.i.AbstractProblemLoader Creating init config 
48743      DEBUG main            d.u.i.k.p.i.AbstractProblemLoader Init config took 2.47s 
48783      INFO  main            d.u.i.k.p.i.AbstractProblemLoader Replaying proof CompletionScopes[CompletionScopes::testBreakLabelNonmatchingNested()].JML normal_behavior operation contract.0 
48785      DEBUG main            d.u.i.k.p.i.IntermediateProofReplayer Proof replay took 9ns 
48801      DEBUG Thread-22       d.u.i.k.l.o.ProgramSV     Match failed: Former match of  SchemaVariable incompatible with  the current match. 
48803      DEBUG Thread-22       d.u.i.k.l.o.ProgramSV     Match failed: Former match of  SchemaVariable incompatible with  the current match. 
48887      INFO  main            d.u.i.k.p.r.p.TestFile    ... finished proof: closed. 
49064      INFO  main            d.u.i.k.p.i.AbstractProblemLoader Loading environment from /home/runner/work/key/key/key.core/../key.ui/examples/completionscopes/testCcatchBreakLabelNonmatchingNested.key.proof 
49065      DEBUG main            d.u.i.k.p.i.AbstractProblemLoader Environment load took 137.3ns 
49066      INFO  main            d.u.i.k.p.i.AbstractProblemLoader Creating init config 
51492      DEBUG main            d.u.i.k.p.i.AbstractProblemLoader Init config took 2.43s 
51531      INFO  main            d.u.i.k.p.i.AbstractProblemLoader Replaying proof CompletionScopes[CompletionScopes::testBreakLabelNonmatchingNested()].JML normal_behavior operation contract.0 
51540      DEBUG main            d.u.i.k.p.i.IntermediateProofReplayer Proof replay took 7.03ms 
51541      DEBUG main            d.u.i.k.p.r.p.TestFile    ... success: reloaded. 
5024950    INFO  Test worker     d.u.i.k.p.r.p.StatisticsFile Returning from test completionScopes 
5024954    INFO  Test worker     d.u.i.k.p.r.p.StatisticsFile Running test reload_examples 
332        INFO  Timeout watchdog d.u.i.k.p.r.p.ForkedTestFileRunner Timeout watcher launched (2000 secs.) 
345        WARN  main            d.u.i.k.s.ProofSettings   The settings in /home/runner/.key/proof-settings.props are *not* read. 
374        INFO  main            d.u.i.k.p.r.p.TestFile    Now processing file /home/runner/work/key/key/key.core/../key.ui/examples/firstTouch/05-ReverseArray/reverseArray.key 
495        INFO  main            d.u.i.k.p.i.AbstractProblemLoader Loading environment from /home/runner/work/key/key/key.core/../key.ui/examples/firstTouch/05-ReverseArray/reverseArray.key 
528        DEBUG main            d.u.i.k.p.i.AbstractProblemLoader Environment load took 2.13ms 
788        INFO  main            d.u.i.k.p.i.AbstractProblemLoader Creating init config 
1666       DEBUG main            d.u.i.k.j.TypeConverter   No LDT found for Meta 
1667       DEBUG main            d.u.i.k.j.TypeConverter   No LDT found for Meta 
1668       DEBUG main            d.u.i.k.j.TypeConverter   No LDT found for Meta 
1668       DEBUG main            d.u.i.k.j.TypeConverter   No LDT found for Meta 
3263       DEBUG main            d.u.i.k.j.TypeConverter   No LDT found for JavaBigintExpression 
8450       DEBUG main            d.u.i.k.p.i.AbstractProblemLoader Init config took 7.66s 
8604       INFO  main            d.u.i.k.p.i.AbstractProblemLoader Replaying proof ReverseArray[ReverseArray::reverse()].JML normal_behavior operation contract.0 
8672       DEBUG main            d.u.i.k.p.i.IntermediateProofReplayer Proof replay took 36ns 
19301      INFO  main            d.u.i.k.p.r.p.TestFile    ... finished proof: closed. 
19531      INFO  main            d.u.i.k.p.i.AbstractProblemLoader Loading environment from /home/runner/work/key/key/key.core/../key.ui/examples/firstTouch/05-ReverseArray/reverseArray.key.proof 
19531      DEBUG main            d.u.i.k.p.i.AbstractProblemLoader Environment load took 425.4ns 
19537      INFO  main            d.u.i.k.p.i.AbstractProblemLoader Creating init config 
22340      DEBUG main            d.u.i.k.p.i.AbstractProblemLoader Init config took 2.8s 
22401      INFO  main            d.u.i.k.p.i.AbstractProblemLoader Replaying proof ReverseArray[ReverseArray::reverse()].JML normal_behavior operation contract.0 
22928      DEBUG main            d.u.i.k.p.i.IntermediateProofReplayer Proof replay took 473.22ms 
22938      DEBUG main            d.u.i.k.p.r.p.TestFile    ... success: reloaded. 
22940      INFO  main            d.u.i.k.p.r.p.TestFile    Now processing file /home/runner/work/key/key/key.core/../key.ui/examples/standard_key/arith/saveProofTest.key.proof 
22941      INFO  main            d.u.i.k.p.i.AbstractProblemLoader Loading environment from /home/runner/work/key/key/key.core/../key.ui/examples/standard_key/arith/saveProofTest.key.proof 
22941      DEBUG main            d.u.i.k.p.i.AbstractProblemLoader Environment load took 227.5ns 
22942      INFO  main            d.u.i.k.p.i.AbstractProblemLoader Creating init config 
25462      DEBUG main            d.u.i.k.p.i.AbstractProblemLoader Init config took 2.52s 
25496      INFO  main            d.u.i.k.p.i.AbstractProblemLoader Replaying proof saveProofTest.key.proof 
25504      DEBUG main            d.u.i.k.p.i.IntermediateProofReplayer Proof replay took 2.41ms 
25505      INFO  main            d.u.i.k.p.r.p.TestFile    ... success: loaded 
25507      INFO  main            d.u.i.k.p.r.p.TestFile    Now processing file /home/runner/work/key/key/key.core/../key.ui/examples/heap/permutedSum/perm.proof 
25507      INFO  main            d.u.i.k.p.i.AbstractProblemLoader Loading environment from /home/runner/work/key/key/key.core/../key.ui/examples/heap/permutedSum/perm.proof 
25508      DEBUG main            d.u.i.k.p.i.AbstractProblemLoader Environment load took 479.9ns 
25511      INFO  main            d.u.i.k.p.i.AbstractProblemLoader Creating init config 
28236      DEBUG main            d.u.i.k.p.i.AbstractProblemLoader Init config took 2.72s 
28329      INFO  main            d.u.i.k.p.i.AbstractProblemLoader Replaying proof Perm[Perm::foo()].JML normal_behavior operation contract.0 
29088      DEBUG main            d.u.i.k.p.i.IntermediateProofReplayer Proof replay took 715.81ms 
29091      INFO  main            d.u.i.k.p.r.p.TestFile    ... success: loaded 
29093      INFO  main            d.u.i.k.p.r.p.TestFile    Now processing file /home/runner/work/key/key/key.core/../key.ui/examples/firstTouch/05-ReverseArray/reverseArray.proof 
29093      INFO  main            d.u.i.k.p.i.AbstractProblemLoader Loading environment from /home/runner/work/key/key/key.core/../key.ui/examples/firstTouch/05-ReverseArray/reverseArray.proof 
29094      DEBUG main            d.u.i.k.p.i.AbstractProblemLoader Environment load took 235.3ns 
29096      INFO  main            d.u.i.k.p.i.AbstractProblemLoader Creating init config 
31797      DEBUG main            d.u.i.k.p.i.AbstractProblemLoader Init config took 2.7s 
31837      INFO  main            d.u.i.k.p.i.AbstractProblemLoader Replaying proof ReverseArray[ReverseArray::reverse()].JML normal_behavior operation contract.0 
32322      DEBUG main            d.u.i.k.p.i.IntermediateProofReplayer Proof replay took 451.66ms 
32326      INFO  main            d.u.i.k.p.r.p.TestFile    ... success: loaded 
32331      INFO  main            d.u.i.k.p.r.p.TestFile    Now processing file /home/runner/work/key/key/key.core/../key.ui/examples/heap/verifyThis15_1_RelaxedPrefix/relax.proof 
32332      INFO  main            d.u.i.k.p.i.AbstractProblemLoader Loading environment from /home/runner/work/key/key/key.core/../key.ui/examples/heap/verifyThis15_1_RelaxedPrefix/relax.proof 
32332      DEBUG main            d.u.i.k.p.i.AbstractProblemLoader Environment load took 168.7ns 
32335      INFO  main            d.u.i.k.p.i.AbstractProblemLoader Creating init config 
34996      DEBUG main            d.u.i.k.p.i.AbstractProblemLoader Init config took 2.66s 
35054      INFO  main            d.u.i.k.p.i.AbstractProblemLoader Replaying proof Relaxed[Relaxed::isRelaxedPrefix([I,[I)].JML operation contract.0 
35427      DEBUG main            d.u.i.k.p.i.IntermediateProofReplayer Proof replay took 350.95ms 
35428      INFO  main            d.u.i.k.p.r.p.TestFile    ... success: loaded 
35430      INFO  main            d.u.i.k.p.r.p.TestFile    Now processing file /home/runner/work/key/key/key.core/../key.ui/examples/heap/verifyThis15_3_DLL/doUndo.proof 
35431      INFO  main            d.u.i.k.p.i.AbstractProblemLoader Loading environment from /home/runner/work/key/key/key.core/../key.ui/examples/heap/verifyThis15_3_DLL/doUndo.proof 
35431      DEBUG main            d.u.i.k.p.i.AbstractProblemLoader Environment load took 230.2ns 
35433      INFO  main            d.u.i.k.p.i.AbstractProblemLoader Creating init config 
36419      DEBUG main            d.u.i.k.j.r.ClassPreparationMethodBuilder clPrepBuilder: Inner Class detected. Reject building class initialisation methods. 
38383      DEBUG main            d.u.i.k.p.i.AbstractProblemLoader Init config took 2.95s 
38467      INFO  main            d.u.i.k.p.i.AbstractProblemLoader Replaying proof DoubleLinkedList[DoubleLinkedList::doUndo(DoubleLinkedList.Node,int)].JML normal_behavior operation contract.0 
38956      DEBUG main            d.u.i.k.p.i.IntermediateProofReplayer Proof replay took 462.43ms 
38958      INFO  main            d.u.i.k.p.r.p.TestFile    ... success: loaded 
38959      INFO  main            d.u.i.k.p.r.p.TestFile    Now processing file /home/runner/work/key/key/key.core/../key.ui/examples/heap/verifyThis15_2_ParallelGcd/parallelGcd.proof 
38960      INFO  main            d.u.i.k.p.i.AbstractProblemLoader Loading environment from /home/runner/work/key/key/key.core/../key.ui/examples/heap/verifyThis15_2_ParallelGcd/parallelGcd.proof 
38960      DEBUG main            d.u.i.k.p.i.AbstractProblemLoader Environment load took 206ns 
38962      INFO  main            d.u.i.k.p.i.AbstractProblemLoader Creating init config 
41667      DEBUG main            d.u.i.k.p.i.AbstractProblemLoader Init config took 2.71s 
41719      INFO  main            d.u.i.k.p.i.AbstractProblemLoader Replaying proof ParallelGcd[ParallelGcd::parallelGcd(int,int,[Z)].JML behavior operation contract.0 
42169      DEBUG main            d.u.i.k.p.i.IntermediateProofReplayer Proof replay took 435.89ms 
42170      INFO  main            d.u.i.k.p.r.p.TestFile    ... success: loaded 
5067340    INFO  Test worker     d.u.i.k.p.r.p.StatisticsFile Returning from test reload_examples 
5067342    INFO  Test worker     d.u.i.k.p.r.p.StatisticsFile Running test proofLoadRepair 
373        INFO  Timeout watchdog d.u.i.k.p.r.p.ForkedTestFileRunner Timeout watcher launched (2000 secs.) 
379        WARN  main            d.u.i.k.s.ProofSettings   The settings in /home/runner/.key/proof-settings.props are *not* read. 
412        INFO  main            d.u.i.k.p.r.p.TestFile    Now processing file /home/runner/work/key/key/key.core/../key.ui/examples/proofLoadRepair/disjConj-manipulated.proof 
525        INFO  main            d.u.i.k.p.i.AbstractProblemLoader Loading environment from /home/runner/work/key/key/key.core/../key.ui/examples/proofLoadRepair/disjConj-manipulated.proof 
542        DEBUG main            d.u.i.k.p.i.AbstractProblemLoader Environment load took 2.19ms 
785        INFO  main            d.u.i.k.p.i.AbstractProblemLoader Creating init config 
1703       DEBUG main            d.u.i.k.j.TypeConverter   No LDT found for Meta 
1704       DEBUG main            d.u.i.k.j.TypeConverter   No LDT found for Meta 
1705       DEBUG main            d.u.i.k.j.TypeConverter   No LDT found for Meta 
1705       DEBUG main            d.u.i.k.j.TypeConverter   No LDT found for Meta 
3022       DEBUG main            d.u.i.k.j.TypeConverter   No LDT found for JavaBigintExpression 
8244       DEBUG main            d.u.i.k.p.i.AbstractProblemLoader Init config took 7.46s 
8303       INFO  main            d.u.i.k.p.i.AbstractProblemLoader Replaying proof disjConj-manipulated.proof 
8347       WARN  main            d.u.i.k.p.i.IntermediateProofReplayer Proof contains wrong number of \assumes instatiations for andLeft 
8348       WARN  main            d.u.i.k.p.i.IntermediateProofReplayer Proof contains wrong number of \assumes instatiations for replace_known_right 
8351       WARN  main            d.u.i.k.p.i.IntermediateProofReplayer Proof contains wrong number of \assumes instatiations for close 
8351       DEBUG main            d.u.i.k.p.i.IntermediateProofReplayer Proof replay took 13.27ms 
8355       INFO  main            d.u.i.k.p.r.p.TestFile    ... success: loaded 
8360       INFO  main            d.u.i.k.p.r.p.TestFile    Now processing file /home/runner/work/key/key/key.core/../key.ui/examples/proofLoadRepair/insufficient-manipulated.proof 
8360       INFO  main            d.u.i.k.p.i.AbstractProblemLoader Loading environment from /home/runner/work/key/key/key.core/../key.ui/examples/proofLoadRepair/insufficient-manipulated.proof 
8360       DEBUG main            d.u.i.k.p.i.AbstractProblemLoader Environment load took 120.7ns 
8364       INFO  main            d.u.i.k.p.i.AbstractProblemLoader Creating init config 
11171      DEBUG main            d.u.i.k.p.i.AbstractProblemLoader Init config took 2.81s 
11190      INFO  main            d.u.i.k.p.i.AbstractProblemLoader Replaying proof insufficient-manipulated.proof 
11209      WARN  main            d.u.i.k.p.i.IntermediateProofReplayer Proof contains wrong number of \assumes instatiations for applyEq 
11218      DEBUG main            d.u.i.k.p.i.IntermediateProofReplayer Proof replay took 10.36ms 
11221      INFO  main            d.u.i.k.p.r.p.TestFile    ... success: loading failed 
11223      INFO  main            d.u.i.k.p.r.p.TestFile    Now processing file /home/runner/work/key/key/key.core/../key.ui/examples/../../key.core/src/test/resources/testcase/issues/1716/incorrectPolarity.proof 
11223      INFO  main            d.u.i.k.p.i.AbstractProblemLoader Loading environment from /home/runner/work/key/key/key.core/../key.ui/examples/../../key.core/src/test/resources/testcase/issues/1716/incorrectPolarity.proof 
11223      DEBUG main            d.u.i.k.p.i.AbstractProblemLoader Environment load took 216.5ns 
11225      INFO  main            d.u.i.k.p.i.AbstractProblemLoader Creating init config 
14020      DEBUG main            d.u.i.k.p.i.AbstractProblemLoader Init config took 2.8s 
14050      INFO  main            d.u.i.k.p.i.AbstractProblemLoader Replaying proof incorrectPolarity.proof 
14052      DEBUG main            d.u.i.k.p.i.IntermediateProofReplayer Proof replay took 214.8ns 
14053      INFO  main            d.u.i.k.p.r.p.TestFile    ... success: loading failed 
14054      INFO  main            d.u.i.k.p.r.p.TestFile    Now processing file /home/runner/work/key/key/key.core/../key.ui/examples/../../key.core/src/test/resources/testcase/issues/1716/incorrectPolarity2.proof 
14055      INFO  main            d.u.i.k.p.i.AbstractProblemLoader Loading environment from /home/runner/work/key/key/key.core/../key.ui/examples/../../key.core/src/test/resources/testcase/issues/1716/incorrectPolarity2.proof 
14055      DEBUG main            d.u.i.k.p.i.AbstractProblemLoader Environment load took 200.2ns 
14056      INFO  main            d.u.i.k.p.i.AbstractProblemLoader Creating init config 
16641      DEBUG main            d.u.i.k.p.i.AbstractProblemLoader Init config took 2.59s 
16667      INFO  main            d.u.i.k.p.i.AbstractProblemLoader Replaying proof incorrectPolarity2.proof 
16670      DEBUG main            d.u.i.k.p.i.IntermediateProofReplayer Proof replay took 397.2ns 
16671      INFO  main            d.u.i.k.p.r.p.TestFile    ... success: loading failed 
16673      INFO  main            d.u.i.k.p.r.p.TestFile    Now processing file /home/runner/work/key/key/key.core/../key.ui/examples/../../key.core/src/test/resources/testcase/issues/1716/incorrectPolarity3.proof 
16673      INFO  main            d.u.i.k.p.i.AbstractProblemLoader Loading environment from /home/runner/work/key/key/key.core/../key.ui/examples/../../key.core/src/test/resources/testcase/issues/1716/incorrectPolarity3.proof 
16673      DEBUG main            d.u.i.k.p.i.AbstractProblemLoader Environment load took 207.1ns 
16675      INFO  main            d.u.i.k.p.i.AbstractProblemLoader Creating init config 
19312      DEBUG main            d.u.i.k.p.i.AbstractProblemLoader Init config took 2.64s 
19340      INFO  main            d.u.i.k.p.i.AbstractProblemLoader Replaying proof incorrectPolarity3.proof 
19346      DEBUG main            d.u.i.k.p.i.IntermediateProofReplayer Proof replay took 1.07ms 
19348      INFO  main            d.u.i.k.p.r.p.TestFile    ... success: loading failed 
5086861    INFO  Test worker     d.u.i.k.p.r.p.StatisticsFile Returning from test proofLoadRepair 
5086862    INFO  Test worker     d.u.i.k.p.r.p.StatisticsFile Running test switch 
364        INFO  Timeout watchdog d.u.i.k.p.r.p.ForkedTestFileRunner Timeout watcher launched (2000 secs.) 
386        WARN  main            d.u.i.k.s.ProofSettings   The settings in /home/runner/.key/proof-settings.props are *not* read. 
424        INFO  main            d.u.i.k.p.r.p.TestFile    Now processing file /home/runner/work/key/key/key.core/../key.ui/examples/standard_key/java_dl/switch/labeled_case.key 
537        INFO  main            d.u.i.k.p.i.AbstractProblemLoader Loading environment from /home/runner/work/key/key/key.core/../key.ui/examples/standard_key/java_dl/switch/labeled_case.key 
555        DEBUG main            d.u.i.k.p.i.AbstractProblemLoader Environment load took 2.28ms 
778        INFO  main            d.u.i.k.p.i.AbstractProblemLoader Creating init config 
1560       DEBUG main            d.u.i.k.j.TypeConverter   No LDT found for Meta 
1561       DEBUG main            d.u.i.k.j.TypeConverter   No LDT found for Meta 
1562       DEBUG main            d.u.i.k.j.TypeConverter   No LDT found for Meta 
1563       DEBUG main            d.u.i.k.j.TypeConverter   No LDT found for Meta 
2940       DEBUG main            d.u.i.k.j.TypeConverter   No LDT found for JavaBigintExpression 
7981       DEBUG main            d.u.i.k.p.i.AbstractProblemLoader Init config took 7.2s 
8121       INFO  main            d.u.i.k.p.i.AbstractProblemLoader Replaying proof LabeledCase[LabeledCase::m(int)].JML normal_behavior operation contract.0 
8155       DEBUG main            d.u.i.k.p.i.IntermediateProofReplayer Proof replay took 43.3ns 
8878       INFO  main            d.u.i.k.p.r.p.TestFile    ... finished proof: closed. 
8988       INFO  main            d.u.i.k.p.i.AbstractProblemLoader Loading environment from /home/runner/work/key/key/key.core/../key.ui/examples/standard_key/java_dl/switch/labeled_case.key.proof 
8989       DEBUG main            d.u.i.k.p.i.AbstractProblemLoader Environment load took 1ms 
8993       INFO  main            d.u.i.k.p.i.AbstractProblemLoader Creating init config 
11774      DEBUG main            d.u.i.k.p.i.AbstractProblemLoader Init config took 2.78s 
11840      INFO  main            d.u.i.k.p.i.AbstractProblemLoader Replaying proof LabeledCase[LabeledCase::m(int)].JML normal_behavior operation contract.0 
11895      DEBUG main            d.u.i.k.p.i.IntermediateProofReplayer Proof replay took 50.11ms 
11908      DEBUG main            d.u.i.k.p.r.p.TestFile    ... success: reloaded. 
11913      INFO  main            d.u.i.k.p.r.p.TestFile    Now processing file /home/runner/work/key/key/key.core/../key.ui/examples/standard_key/java_dl/switch/empty_switch.key 
11913      INFO  main            d.u.i.k.p.i.AbstractProblemLoader Loading environment from /home/runner/work/key/key/key.core/../key.ui/examples/standard_key/java_dl/switch/empty_switch.key 
11913      DEBUG main            d.u.i.k.p.i.AbstractProblemLoader Environment load took 130.8ns 
11916      INFO  main            d.u.i.k.p.i.AbstractProblemLoader Creating init config 
14588      DEBUG main            d.u.i.k.p.i.AbstractProblemLoader Init config took 2.67s 
14624      INFO  main            d.u.i.k.p.i.AbstractProblemLoader Replaying proof empty_switch.key 
14631      DEBUG main            d.u.i.k.p.i.IntermediateProofReplayer Proof replay took 105.8ns 
14734      INFO  main            d.u.i.k.p.r.p.TestFile    ... finished proof: closed. 
14870      INFO  main            d.u.i.k.p.i.AbstractProblemLoader Loading environment from /home/runner/work/key/key/key.core/../key.ui/examples/standard_key/java_dl/switch/empty_switch.key.proof 
14870      DEBUG main            d.u.i.k.p.i.AbstractProblemLoader Environment load took 143.1ns 
14871      INFO  main            d.u.i.k.p.i.AbstractProblemLoader Creating init config 
17433      DEBUG main            d.u.i.k.p.i.AbstractProblemLoader Init config took 2.56s 
17456      INFO  main            d.u.i.k.p.i.AbstractProblemLoader Replaying proof empty_switch.key.proof 
17461      DEBUG main            d.u.i.k.p.i.IntermediateProofReplayer Proof replay took 2.27ms 
17462      DEBUG main            d.u.i.k.p.r.p.TestFile    ... success: reloaded. 
17463      INFO  main            d.u.i.k.p.r.p.TestFile    Now processing file /home/runner/work/key/key/key.core/../key.ui/examples/standard_key/java_dl/switch/empty_switch_null.key 
17464      INFO  main            d.u.i.k.p.i.AbstractProblemLoader Loading environment from /home/runner/work/key/key/key.core/../key.ui/examples/standard_key/java_dl/switch/empty_switch_null.key 
17464      DEBUG main            d.u.i.k.p.i.AbstractProblemLoader Environment load took 208.9ns 
17465      INFO  main            d.u.i.k.p.i.AbstractProblemLoader Creating init config 
19987      DEBUG main            d.u.i.k.p.i.AbstractProblemLoader Init config took 2.52s 
20009      INFO  main            d.u.i.k.p.i.AbstractProblemLoader Replaying proof empty_switch_null.key 
20011      DEBUG main            d.u.i.k.p.i.IntermediateProofReplayer Proof replay took 6.1ns 
20216      INFO  main            d.u.i.k.p.r.p.TestFile    ... finished proof: closed. 
20360      INFO  main            d.u.i.k.p.i.AbstractProblemLoader Loading environment from /home/runner/work/key/key/key.core/../key.ui/examples/standard_key/java_dl/switch/empty_switch_null.key.proof 
20361      DEBUG main            d.u.i.k.p.i.AbstractProblemLoader Environment load took 1.09ms 
20362      INFO  main            d.u.i.k.p.i.AbstractProblemLoader Creating init config 
22902      DEBUG main            d.u.i.k.p.i.AbstractProblemLoader Init config took 2.54s 
22925      INFO  main            d.u.i.k.p.i.AbstractProblemLoader Replaying proof empty_switch_null.key.proof 
22957      DEBUG main            d.u.i.k.p.i.IntermediateProofReplayer Proof replay took 28.89ms 
22958      DEBUG main            d.u.i.k.p.r.p.TestFile    ... success: reloaded. 
22959      INFO  main            d.u.i.k.p.r.p.TestFile    Now processing file /home/runner/work/key/key/key.core/../key.ui/examples/standard_key/java_dl/switch/empty_switch_null_catch.key 
22959      INFO  main            d.u.i.k.p.i.AbstractProblemLoader Loading environment from /home/runner/work/key/key/key.core/../key.ui/examples/standard_key/java_dl/switch/empty_switch_null_catch.key 
22959      DEBUG main            d.u.i.k.p.i.AbstractProblemLoader Environment load took 102.5ns 
22960      INFO  main            d.u.i.k.p.i.AbstractProblemLoader Creating init config 
25406      DEBUG main            d.u.i.k.p.i.AbstractProblemLoader Init config took 2.45s 
25428      INFO  main            d.u.i.k.p.i.AbstractProblemLoader Replaying proof empty_switch_null_catch.key 
25430      DEBUG main            d.u.i.k.p.i.IntermediateProofReplayer Proof replay took 7.4ns 
25633      INFO  main            d.u.i.k.p.r.p.TestFile    ... finished proof: closed. 
25786      INFO  main            d.u.i.k.p.i.AbstractProblemLoader Loading environment from /home/runner/work/key/key/key.core/../key.ui/examples/standard_key/java_dl/switch/empty_switch_null_catch.key.proof 
25786      DEBUG main            d.u.i.k.p.i.AbstractProblemLoader Environment load took 610.31ns 
25788      INFO  main            d.u.i.k.p.i.AbstractProblemLoader Creating init config 
28197      DEBUG main            d.u.i.k.p.i.AbstractProblemLoader Init config took 2.41s 
28219      INFO  main            d.u.i.k.p.i.AbstractProblemLoader Replaying proof empty_switch_null_catch.key.proof 
28252      DEBUG main            d.u.i.k.p.i.IntermediateProofReplayer Proof replay took 30.3ms 
28253      DEBUG main            d.u.i.k.p.r.p.TestFile    ... success: reloaded. 
28254      INFO  main            d.u.i.k.p.r.p.TestFile    Now processing file /home/runner/work/key/key/key.core/../key.ui/examples/standard_key/java_dl/switch/empty_switch_array_out_of_bounds.key 
28254      INFO  main            d.u.i.k.p.i.AbstractProblemLoader Loading environment from /home/runner/work/key/key/key.core/../key.ui/examples/standard_key/java_dl/switch/empty_switch_array_out_of_bounds.key 
28254      DEBUG main            d.u.i.k.p.i.AbstractProblemLoader Environment load took 192.9ns 
28256      INFO  main            d.u.i.k.p.i.AbstractProblemLoader Creating init config 
30743      DEBUG main            d.u.i.k.p.i.AbstractProblemLoader Init config took 2.49s 
30765      INFO  main            d.u.i.k.p.i.AbstractProblemLoader Replaying proof empty_switch_array_out_of_bounds.key 
30768      DEBUG main            d.u.i.k.p.i.IntermediateProofReplayer Proof replay took 6.5ns 
31073      INFO  main            d.u.i.k.p.r.p.TestFile    ... finished proof: closed. 
31243      INFO  main            d.u.i.k.p.i.AbstractProblemLoader Loading environment from /home/runner/work/key/key/key.core/../key.ui/examples/standard_key/java_dl/switch/empty_switch_array_out_of_bounds.key.proof 
31244      DEBUG main            d.u.i.k.p.i.AbstractProblemLoader Environment load took 551.01ns 
31245      INFO  main            d.u.i.k.p.i.AbstractProblemLoader Creating init config 
33623      DEBUG main            d.u.i.k.p.i.AbstractProblemLoader Init config took 2.38s 
33645      INFO  main            d.u.i.k.p.i.AbstractProblemLoader Replaying proof empty_switch_array_out_of_bounds.key.proof 
33700      DEBUG main            d.u.i.k.p.i.IntermediateProofReplayer Proof replay took 50.95ms 
33701      DEBUG main            d.u.i.k.p.r.p.TestFile    ... success: reloaded. 
33702      INFO  main            d.u.i.k.p.r.p.TestFile    Now processing file /home/runner/work/key/key/key.core/../key.ui/examples/standard_key/java_dl/switch/empty_switch_array_out_of_bounds_catch.key 
33702      INFO  main            d.u.i.k.p.i.AbstractProblemLoader Loading environment from /home/runner/work/key/key/key.core/../key.ui/examples/standard_key/java_dl/switch/empty_switch_array_out_of_bounds_catch.key 
33703      DEBUG main            d.u.i.k.p.i.AbstractProblemLoader Environment load took 225.1ns 
33704      INFO  main            d.u.i.k.p.i.AbstractProblemLoader Creating init config 
36126      DEBUG main            d.u.i.k.p.i.AbstractProblemLoader Init config took 2.42s 
36147      INFO  main            d.u.i.k.p.i.AbstractProblemLoader Replaying proof empty_switch_array_out_of_bounds_catch.key 
36151      DEBUG main            d.u.i.k.p.i.IntermediateProofReplayer Proof replay took 7.6ns 
36354      INFO  main            d.u.i.k.p.r.p.TestFile    ... finished proof: closed. 
36597      INFO  main            d.u.i.k.p.i.AbstractProblemLoader Loading environment from /home/runner/work/key/key/key.core/../key.ui/examples/standard_key/java_dl/switch/empty_switch_array_out_of_bounds_catch.key.proof 
36597      DEBUG main            d.u.i.k.p.i.AbstractProblemLoader Environment load took 139.1ns 
36598      INFO  main            d.u.i.k.p.i.AbstractProblemLoader Creating init config 
38991      DEBUG main            d.u.i.k.p.i.AbstractProblemLoader Init config took 2.39s 
39013      INFO  main            d.u.i.k.p.i.AbstractProblemLoader Replaying proof empty_switch_array_out_of_bounds_catch.key.proof 
39064      DEBUG main            d.u.i.k.p.i.IntermediateProofReplayer Proof replay took 48.15ms 
39068      DEBUG main            d.u.i.k.p.r.p.TestFile    ... success: reloaded. 
39070      INFO  main            d.u.i.k.p.r.p.TestFile    Now processing file /home/runner/work/key/key/key.core/../key.ui/examples/standard_key/java_dl/switch/switch_in_switch.key 
39070      INFO  main            d.u.i.k.p.i.AbstractProblemLoader Loading environment from /home/runner/work/key/key/key.core/../key.ui/examples/standard_key/java_dl/switch/switch_in_switch.key 
39071      DEBUG main            d.u.i.k.p.i.AbstractProblemLoader Environment load took 217.4ns 
39074      INFO  main            d.u.i.k.p.i.AbstractProblemLoader Creating init config 
41583      DEBUG main            d.u.i.k.p.i.AbstractProblemLoader Init config took 2.51s 
41628      INFO  main            d.u.i.k.p.i.AbstractProblemLoader Replaying proof SwitchInSwitch[SwitchInSwitch::m(int)].JML normal_behavior operation contract.0 
41629      DEBUG main            d.u.i.k.p.i.IntermediateProofReplayer Proof replay took 7.8ns 
45907      INFO  main            d.u.i.k.p.r.p.TestFile    ... finished proof: closed. 
46149      INFO  main            d.u.i.k.p.i.AbstractProblemLoader Loading environment from /home/runner/work/key/key/key.core/../key.ui/examples/standard_key/java_dl/switch/switch_in_switch.key.proof 
46150      DEBUG main            d.u.i.k.p.i.AbstractProblemLoader Environment load took 209.7ns 
46152      INFO  main            d.u.i.k.p.i.AbstractProblemLoader Creating init config 
48578      DEBUG main            d.u.i.k.p.i.AbstractProblemLoader Init config took 2.43s 
48621      INFO  main            d.u.i.k.p.i.AbstractProblemLoader Replaying proof SwitchInSwitch[SwitchInSwitch::m(int)].JML normal_behavior operation contract.0 
48966      DEBUG main            d.u.i.k.p.i.IntermediateProofReplayer Proof replay took 317.68ms 
48968      DEBUG main            d.u.i.k.p.r.p.TestFile    ... success: reloaded. 
48969      INFO  main            d.u.i.k.p.r.p.TestFile    Now processing file /home/runner/work/key/key/key.core/../key.ui/examples/standard_key/java_dl/switch/while_and_switch.key 
48969      INFO  main            d.u.i.k.p.i.AbstractProblemLoader Loading environment from /home/runner/work/key/key/key.core/../key.ui/examples/standard_key/java_dl/switch/while_and_switch.key 
48970      DEBUG main            d.u.i.k.p.i.AbstractProblemLoader Environment load took 400.3ns 
48971      INFO  main            d.u.i.k.p.i.AbstractProblemLoader Creating init config 
51477      DEBUG main            d.u.i.k.p.i.AbstractProblemLoader Init config took 2.51s 
51519      INFO  main            d.u.i.k.p.i.AbstractProblemLoader Replaying proof WhileAndSwitch[WhileAndSwitch::m(int)].JML normal_behavior operation contract.0 
51521      DEBUG main            d.u.i.k.p.i.IntermediateProofReplayer Proof replay took 7.1ns 
52227      INFO  main            d.u.i.k.p.r.p.TestFile    ... finished proof: closed. 
52401      INFO  main            d.u.i.k.p.i.AbstractProblemLoader Loading environment from /home/runner/work/key/key/key.core/../key.ui/examples/standard_key/java_dl/switch/while_and_switch.key.proof 
52404      DEBUG main            d.u.i.k.p.i.AbstractProblemLoader Environment load took 3.1ms 
52405      INFO  main            d.u.i.k.p.i.AbstractProblemLoader Creating init config 
54866      DEBUG main            d.u.i.k.p.i.AbstractProblemLoader Init config took 2.46s 
54908      INFO  main            d.u.i.k.p.i.AbstractProblemLoader Replaying proof WhileAndSwitch[WhileAndSwitch::m(int)].JML normal_behavior operation contract.0 
55020      DEBUG main            d.u.i.k.p.i.IntermediateProofReplayer Proof replay took 105.79ms 
55021      DEBUG main            d.u.i.k.p.r.p.TestFile    ... success: reloaded. 
55022      INFO  main            d.u.i.k.p.r.p.TestFile    Now processing file /home/runner/work/key/key/key.core/../key.ui/examples/standard_key/java_dl/switch/large_switch.key 
55023      INFO  main            d.u.i.k.p.i.AbstractProblemLoader Loading environment from /home/runner/work/key/key/key.core/../key.ui/examples/standard_key/java_dl/switch/large_switch.key 
55023      DEBUG main            d.u.i.k.p.i.AbstractProblemLoader Environment load took 84.7ns 
55024      INFO  main            d.u.i.k.p.i.AbstractProblemLoader Creating init config 
57485      DEBUG main            d.u.i.k.p.i.AbstractProblemLoader Init config took 2.46s 
57558      INFO  main            d.u.i.k.p.i.AbstractProblemLoader Replaying proof LargeSwitch[LargeSwitch::m(int)].JML normal_behavior operation contract.0 
57559      DEBUG main            d.u.i.k.p.i.IntermediateProofReplayer Proof replay took 6.6ns 
58871      INFO  main            d.u.i.k.p.r.p.TestFile    ... finished proof: closed. 
59085      INFO  main            d.u.i.k.p.i.AbstractProblemLoader Loading environment from /home/runner/work/key/key/key.core/../key.ui/examples/standard_key/java_dl/switch/large_switch.key.proof 
59086      DEBUG main            d.u.i.k.p.i.AbstractProblemLoader Environment load took 1.16ms 
59088      INFO  main            d.u.i.k.p.i.AbstractProblemLoader Creating init config 
61512      DEBUG main            d.u.i.k.p.i.AbstractProblemLoader Init config took 2.42s 
61552      INFO  main            d.u.i.k.p.i.AbstractProblemLoader Replaying proof LargeSwitch[LargeSwitch::m(int)].JML normal_behavior operation contract.0 
61844      DEBUG main            d.u.i.k.p.i.IntermediateProofReplayer Proof replay took 276.13ms 
61846      DEBUG main            d.u.i.k.p.r.p.TestFile    ... success: reloaded. 
5148883    INFO  Test worker     d.u.i.k.p.r.p.StatisticsFile Returning from test switch 
5148884    INFO  Test worker     d.u.i.k.p.r.p.StatisticsFile Running test redux 
376        INFO  Timeout watchdog d.u.i.k.p.r.p.ForkedTestFileRunner Timeout watcher launched (2000 secs.) 
386        WARN  main            d.u.i.k.s.ProofSettings   The settings in /home/runner/.key/proof-settings.props are *not* read. 
414        INFO  main            d.u.i.k.p.r.p.TestFile    Now processing file /home/runner/work/key/key/key.core/../key.ui/examples/redux/arrays/Arrays.copyOf.key 
551        INFO  main            d.u.i.k.p.i.AbstractProblemLoader Loading environment from /home/runner/work/key/key/key.core/../key.ui/examples/redux/arrays/Arrays.copyOf.key 
569        DEBUG main            d.u.i.k.p.i.AbstractProblemLoader Environment load took 1.95ms 
794        INFO  main            d.u.i.k.p.i.AbstractProblemLoader Creating init config 
1709       DEBUG main            d.u.i.k.j.TypeConverter   No LDT found for Meta 
1710       DEBUG main            d.u.i.k.j.TypeConverter   No LDT found for Meta 
1714       DEBUG main            d.u.i.k.j.TypeConverter   No LDT found for Meta 
1714       DEBUG main            d.u.i.k.j.TypeConverter   No LDT found for Meta 
3050       DEBUG main            d.u.i.k.j.TypeConverter   No LDT found for JavaBigintExpression 
8810       DEBUG main            d.u.i.k.p.i.AbstractProblemLoader Init config took 8.01s 
8935       INFO  main            d.u.i.k.p.i.AbstractProblemLoader Replaying proof Arrays[Arrays::copyOf([I,int)].JML normal_behavior operation contract.0 
8968       DEBUG main            d.u.i.k.p.i.IntermediateProofReplayer Proof replay took 34.9ns 
14277      INFO  main            d.u.i.k.p.r.p.TestFile    ... finished proof: closed. 
14452      INFO  main            d.u.i.k.p.i.AbstractProblemLoader Loading environment from /home/runner/work/key/key/key.core/../key.ui/examples/redux/arrays/Arrays.copyOf.key.proof 
14452      DEBUG main            d.u.i.k.p.i.AbstractProblemLoader Environment load took 457.81ns 
14455      INFO  main            d.u.i.k.p.i.AbstractProblemLoader Creating init config 
17885      DEBUG main            d.u.i.k.p.i.AbstractProblemLoader Init config took 3.43s 
17958      INFO  main            d.u.i.k.p.i.AbstractProblemLoader Replaying proof Arrays[Arrays::copyOf([I,int)].JML normal_behavior operation contract.0 
18393      DEBUG main            d.u.i.k.p.i.IntermediateProofReplayer Proof replay took 411.32ms 
18402      DEBUG main            d.u.i.k.p.r.p.TestFile    ... success: reloaded. 
18405      INFO  main            d.u.i.k.p.r.p.TestFile    Now processing file /home/runner/work/key/key/key.core/../key.ui/examples/redux/arrays/Arrays.copyOf.float.key 
18405      INFO  main            d.u.i.k.p.i.AbstractProblemLoader Loading environment from /home/runner/work/key/key/key.core/../key.ui/examples/redux/arrays/Arrays.copyOf.float.key 
18405      DEBUG main            d.u.i.k.p.i.AbstractProblemLoader Environment load took 214.2ns 
18410      INFO  main            d.u.i.k.p.i.AbstractProblemLoader Creating init config 
21772      DEBUG main            d.u.i.k.p.i.AbstractProblemLoader Init config took 3.36s 
21829      INFO  main            d.u.i.k.p.i.AbstractProblemLoader Replaying proof Arrays[Arrays::copyOf([F,int)].JML normal_behavior operation contract.0 
21831      DEBUG main            d.u.i.k.p.i.IntermediateProofReplayer Proof replay took 7.3ns 
21862      DEBUG main            d.u.i.k.m.s.ProofScriptEngine [1] goal: 0, source line: 6, command: 'macro autopilot' 
26606      DEBUG main            d.u.i.k.m.s.ProofScriptEngine [2] goal: 17, source line: 7, command: 'smt solver=Z3' 
26703      INFO  main            d.u.i.k.m.s.SMTCommand    Finished run on goal 17 in 63ms, result is valid 
26704      DEBUG main            d.u.i.k.m.s.ProofScriptEngine [3] goal: 309, source line: 8, command: 'tryclose' 
28410      INFO  main            d.u.i.k.p.r.p.TestFile    ... finished proof: closed. 
28668      INFO  main            d.u.i.k.p.i.AbstractProblemLoader Loading environment from /home/runner/work/key/key/key.core/../key.ui/examples/redux/arrays/Arrays.copyOf.float.key.proof 
28668      DEBUG main            d.u.i.k.p.i.AbstractProblemLoader Environment load took 431.2ns 
28673      INFO  main            d.u.i.k.p.i.AbstractProblemLoader Creating init config 
31887      DEBUG main            d.u.i.k.p.i.AbstractProblemLoader Init config took 3.21s 
31940      INFO  main            d.u.i.k.p.i.AbstractProblemLoader Replaying proof Arrays[Arrays::copyOf([F,int)].JML normal_behavior operation contract.0 
32015      INFO  main            d.u.i.k.s.SMTFocusResults Analyzing unsat core: (L_6) 
32511      DEBUG main            d.u.i.k.p.i.IntermediateProofReplayer Proof replay took 550.68ms 
32514      DEBUG main            d.u.i.k.p.r.p.TestFile    ... success: reloaded. 
32516      INFO  main            d.u.i.k.p.r.p.TestFile    Now processing file /home/runner/work/key/key/key.core/../key.ui/examples/redux/arrays/Arrays.copyOfRange.key 
32517      INFO  main            d.u.i.k.p.i.AbstractProblemLoader Loading environment from /home/runner/work/key/key/key.core/../key.ui/examples/redux/arrays/Arrays.copyOfRange.key 
32517      DEBUG main            d.u.i.k.p.i.AbstractProblemLoader Environment load took 216.9ns 
32519      INFO  main            d.u.i.k.p.i.AbstractProblemLoader Creating init config 
35797      DEBUG main            d.u.i.k.p.i.AbstractProblemLoader Init config took 3.28s 
35846      INFO  main            d.u.i.k.p.i.AbstractProblemLoader Replaying proof Arrays[Arrays::copyOfRange([I,int,int)].JML normal_behavior operation contract.0 
35852      DEBUG main            d.u.i.k.p.i.IntermediateProofReplayer Proof replay took 8.6ns 
40305      INFO  main            d.u.i.k.p.r.p.TestFile    ... finished proof: closed. 
40568      INFO  main            d.u.i.k.p.i.AbstractProblemLoader Loading environment from /home/runner/work/key/key/key.core/../key.ui/examples/redux/arrays/Arrays.copyOfRange.key.proof 
40568      DEBUG main            d.u.i.k.p.i.AbstractProblemLoader Environment load took 157.4ns 
40570      INFO  main            d.u.i.k.p.i.AbstractProblemLoader Creating init config 
43791      DEBUG main            d.u.i.k.p.i.AbstractProblemLoader Init config took 3.22s 
43843      INFO  main            d.u.i.k.p.i.AbstractProblemLoader Replaying proof Arrays[Arrays::copyOfRange([I,int,int)].JML normal_behavior operation contract.0 
44207      DEBUG main            d.u.i.k.p.i.IntermediateProofReplayer Proof replay took 338.75ms 
44209      DEBUG main            d.u.i.k.p.r.p.TestFile    ... success: reloaded. 
44210      INFO  main            d.u.i.k.p.r.p.TestFile    Now processing file /home/runner/work/key/key/key.core/../key.ui/examples/redux/arrays/Arrays.copyOfRange.float.key 
44210      INFO  main            d.u.i.k.p.i.AbstractProblemLoader Loading environment from /home/runner/work/key/key/key.core/../key.ui/examples/redux/arrays/Arrays.copyOfRange.float.key 
44210      DEBUG main            d.u.i.k.p.i.AbstractProblemLoader Environment load took 190ns 
44211      INFO  main            d.u.i.k.p.i.AbstractProblemLoader Creating init config 
47415      DEBUG main            d.u.i.k.p.i.AbstractProblemLoader Init config took 3.2s 
47458      INFO  main            d.u.i.k.p.i.AbstractProblemLoader Replaying proof Arrays[Arrays::copyOfRange([F,int,int)].JML normal_behavior operation contract.0 
47460      DEBUG main            d.u.i.k.p.i.IntermediateProofReplayer Proof replay took 7.5ns 
47461      DEBUG main            d.u.i.k.m.s.ProofScriptEngine [1] goal: 0, source line: 6, command: 'macro autopilot' 
53395      DEBUG main            d.u.i.k.m.s.ProofScriptEngine [2] goal: 27, source line: 7, command: 'smt solver=Z3' 
53438      INFO  main            d.u.i.k.m.s.SMTCommand    Finished run on goal 27 in 38ms, result is valid 
53438      DEBUG main            d.u.i.k.m.s.ProofScriptEngine [3] goal: 375, source line: 8, command: 'tryclose' 
56773      INFO  main            d.u.i.k.p.r.p.TestFile    ... finished proof: closed. 
56988      INFO  main            d.u.i.k.p.i.AbstractProblemLoader Loading environment from /home/runner/work/key/key/key.core/../key.ui/examples/redux/arrays/Arrays.copyOfRange.float.key.proof 
56988      DEBUG main            d.u.i.k.p.i.AbstractProblemLoader Environment load took 382.3ns 
56991      INFO  main            d.u.i.k.p.i.AbstractProblemLoader Creating init config 
60115      DEBUG main            d.u.i.k.p.i.AbstractProblemLoader Init config took 3.12s 
60170      INFO  main            d.u.i.k.p.i.AbstractProblemLoader Replaying proof Arrays[Arrays::copyOfRange([F,int,int)].JML normal_behavior operation contract.0 
60257      INFO  main            d.u.i.k.s.SMTFocusResults Analyzing unsat core: (L_8) 
60918      DEBUG main            d.u.i.k.p.i.IntermediateProofReplayer Proof replay took 717.57ms 
60921      DEBUG main            d.u.i.k.p.r.p.TestFile    ... success: reloaded. 
60922      INFO  main            d.u.i.k.p.r.p.TestFile    Now processing file /home/runner/work/key/key/key.core/../key.ui/examples/redux/arrays/Arrays.equals.key 
60922      INFO  main            d.u.i.k.p.i.AbstractProblemLoader Loading environment from /home/runner/work/key/key/key.core/../key.ui/examples/redux/arrays/Arrays.equals.key 
60922      DEBUG main            d.u.i.k.p.i.AbstractProblemLoader Environment load took 188.2ns 
60923      INFO  main            d.u.i.k.p.i.AbstractProblemLoader Creating init config 
64146      DEBUG main            d.u.i.k.p.i.AbstractProblemLoader Init config took 3.22s 
64186      INFO  main            d.u.i.k.p.i.AbstractProblemLoader Replaying proof Arrays[Arrays::equals([B,[B)].JML normal_behavior operation contract.0 
64187      DEBUG main            d.u.i.k.p.i.IntermediateProofReplayer Proof replay took 5.7ns 
64694      INFO  main            d.u.i.k.p.r.p.TestFile    ... finished proof: closed. 
64946      INFO  main            d.u.i.k.p.i.AbstractProblemLoader Loading environment from /home/runner/work/key/key/key.core/../key.ui/examples/redux/arrays/Arrays.equals.key.proof 
64947      DEBUG main            d.u.i.k.p.i.AbstractProblemLoader Environment load took 158.8ns 
64948      INFO  main            d.u.i.k.p.i.AbstractProblemLoader Creating init config 
67990      DEBUG main            d.u.i.k.p.i.AbstractProblemLoader Init config took 3.04s 
68029      INFO  main            d.u.i.k.p.i.AbstractProblemLoader Replaying proof Arrays[Arrays::equals([B,[B)].JML normal_behavior operation contract.0 
68138      DEBUG main            d.u.i.k.p.i.IntermediateProofReplayer Proof replay took 104.15ms 
68139      DEBUG main            d.u.i.k.p.r.p.TestFile    ... success: reloaded. 
68140      INFO  main            d.u.i.k.p.r.p.TestFile    Now processing file /home/runner/work/key/key/key.core/../key.ui/examples/redux/arrays/Arrays.fill.key 
68140      INFO  main            d.u.i.k.p.i.AbstractProblemLoader Loading environment from /home/runner/work/key/key/key.core/../key.ui/examples/redux/arrays/Arrays.fill.key 
68141      DEBUG main            d.u.i.k.p.i.AbstractProblemLoader Environment load took 188.7ns 
68142      INFO  main            d.u.i.k.p.i.AbstractProblemLoader Creating init config 
71333      DEBUG main            d.u.i.k.p.i.AbstractProblemLoader Init config took 3.19s 
71370      INFO  main            d.u.i.k.p.i.AbstractProblemLoader Replaying proof Arrays[Arrays::fill([I,int)].JML normal_behavior operation contract.0 
71372      DEBUG main            d.u.i.k.p.i.IntermediateProofReplayer Proof replay took 7ns 
71577      INFO  main            d.u.i.k.p.r.p.TestFile    ... finished proof: closed. 
71809      INFO  main            d.u.i.k.p.i.AbstractProblemLoader Loading environment from /home/runner/work/key/key/key.core/../key.ui/examples/redux/arrays/Arrays.fill.key.proof 
71809      DEBUG main            d.u.i.k.p.i.AbstractProblemLoader Environment load took 140.4ns 
71810      INFO  main            d.u.i.k.p.i.AbstractProblemLoader Creating init config 
74937      DEBUG main            d.u.i.k.p.i.AbstractProblemLoader Init config took 3.13s 
74974      INFO  main            d.u.i.k.p.i.AbstractProblemLoader Replaying proof Arrays[Arrays::fill([I,int)].JML normal_behavior operation contract.0 
74999      DEBUG main            d.u.i.k.p.i.IntermediateProofReplayer Proof replay took 22.49ms 
75000      DEBUG main            d.u.i.k.p.r.p.TestFile    ... success: reloaded. 
75001      INFO  main            d.u.i.k.p.r.p.TestFile    Now processing file /home/runner/work/key/key/key.core/../key.ui/examples/redux/arrays/Arrays.fill.float.key 
75001      INFO  main            d.u.i.k.p.i.AbstractProblemLoader Loading environment from /home/runner/work/key/key/key.core/../key.ui/examples/redux/arrays/Arrays.fill.float.key 
75001      DEBUG main            d.u.i.k.p.i.AbstractProblemLoader Environment load took 154ns 
75002      INFO  main            d.u.i.k.p.i.AbstractProblemLoader Creating init config 
78117      DEBUG main            d.u.i.k.p.i.AbstractProblemLoader Init config took 3.12s 
78154      INFO  main            d.u.i.k.p.i.AbstractProblemLoader Replaying proof Arrays[Arrays::fill([F,float)].JML normal_behavior operation contract.0 
78155      DEBUG main            d.u.i.k.p.i.IntermediateProofReplayer Proof replay took 6.7ns 
78357      INFO  main            d.u.i.k.p.r.p.TestFile    ... finished proof: closed. 
78556      INFO  main            d.u.i.k.p.i.AbstractProblemLoader Loading environment from /home/runner/work/key/key/key.core/../key.ui/examples/redux/arrays/Arrays.fill.float.key.proof 
78557      DEBUG main            d.u.i.k.p.i.AbstractProblemLoader Environment load took 137.6ns 
78558      INFO  main            d.u.i.k.p.i.AbstractProblemLoader Creating init config 
81608      DEBUG main            d.u.i.k.p.i.AbstractProblemLoader Init config took 3.05s 
81657      INFO  main            d.u.i.k.p.i.AbstractProblemLoader Replaying proof Arrays[Arrays::fill([F,float)].JML normal_behavior operation contract.0 
81690      DEBUG main            d.u.i.k.p.i.IntermediateProofReplayer Proof replay took 30.22ms 
81691      DEBUG main            d.u.i.k.p.r.p.TestFile    ... success: reloaded. 
81692      INFO  main            d.u.i.k.p.r.p.TestFile    Now processing file /home/runner/work/key/key/key.core/../key.ui/examples/redux/arrays/Arrays.fillFromTo.key 
81692      INFO  main            d.u.i.k.p.i.AbstractProblemLoader Loading environment from /home/runner/work/key/key/key.core/../key.ui/examples/redux/arrays/Arrays.fillFromTo.key 
81693      DEBUG main            d.u.i.k.p.i.AbstractProblemLoader Environment load took 172.8ns 
81694      INFO  main            d.u.i.k.p.i.AbstractProblemLoader Creating init config 
84790      DEBUG main            d.u.i.k.p.i.AbstractProblemLoader Init config took 3.1s 
84826      INFO  main            d.u.i.k.p.i.AbstractProblemLoader Replaying proof Arrays[Arrays::fill([I,int,int,int)].JML normal_behavior operation contract.0 
84828      DEBUG main            d.u.i.k.p.i.IntermediateProofReplayer Proof replay took 7.1ns 
85334      INFO  main            d.u.i.k.p.r.p.TestFile    ... finished proof: closed. 
85553      INFO  main            d.u.i.k.p.i.AbstractProblemLoader Loading environment from /home/runner/work/key/key/key.core/../key.ui/examples/redux/arrays/Arrays.fillFromTo.key.proof 
85554      DEBUG main            d.u.i.k.p.i.AbstractProblemLoader Environment load took 1.19ms 
85556      INFO  main            d.u.i.k.p.i.AbstractProblemLoader Creating init config 
88609      DEBUG main            d.u.i.k.p.i.AbstractProblemLoader Init config took 3.05s 
88644      INFO  main            d.u.i.k.p.i.AbstractProblemLoader Replaying proof Arrays[Arrays::fill([I,int,int,int)].JML normal_behavior operation contract.0 
88721      DEBUG main            d.u.i.k.p.i.IntermediateProofReplayer Proof replay took 72.71ms 
88722      DEBUG main            d.u.i.k.p.r.p.TestFile    ... success: reloaded. 
88723      INFO  main            d.u.i.k.p.r.p.TestFile    Now processing file /home/runner/work/key/key/key.core/../key.ui/examples/redux/arrays/Arrays.fillFromTo.float.key 
88723      INFO  main            d.u.i.k.p.i.AbstractProblemLoader Loading environment from /home/runner/work/key/key/key.core/../key.ui/examples/redux/arrays/Arrays.fillFromTo.float.key 
88723      DEBUG main            d.u.i.k.p.i.AbstractProblemLoader Environment load took 92.8ns 
88724      INFO  main            d.u.i.k.p.i.AbstractProblemLoader Creating init config 
91766      DEBUG main            d.u.i.k.p.i.AbstractProblemLoader Init config took 3.04s 
91800      INFO  main            d.u.i.k.p.i.AbstractProblemLoader Replaying proof Arrays[Arrays::fill([F,int,int,float)].JML normal_behavior operation contract.0 
91802      DEBUG main            d.u.i.k.p.i.IntermediateProofReplayer Proof replay took 6.2ns 
92506      INFO  main            d.u.i.k.p.r.p.TestFile    ... finished proof: closed. 
92761      INFO  main            d.u.i.k.p.i.AbstractProblemLoader Loading environment from /home/runner/work/key/key/key.core/../key.ui/examples/redux/arrays/Arrays.fillFromTo.float.key.proof 
92762      DEBUG main            d.u.i.k.p.i.AbstractProblemLoader Environment load took 408.2ns 
92763      INFO  main            d.u.i.k.p.i.AbstractProblemLoader Creating init config 
95754      DEBUG main            d.u.i.k.p.i.AbstractProblemLoader Init config took 2.99s 
95805      INFO  main            d.u.i.k.p.i.AbstractProblemLoader Replaying proof Arrays[Arrays::fill([F,int,int,float)].JML normal_behavior operation contract.0 
95905      DEBUG main            d.u.i.k.p.i.IntermediateProofReplayer Proof replay took 95.1ms 
95906      DEBUG main            d.u.i.k.p.r.p.TestFile    ... success: reloaded. 
95907      INFO  main            d.u.i.k.p.r.p.TestFile    Now processing file /home/runner/work/key/key/key.core/../key.ui/examples/redux/arrays/ArrayCopy.arraycopy.normal.0.key 
95908      INFO  main            d.u.i.k.p.i.AbstractProblemLoader Loading environment from /home/runner/work/key/key/key.core/../key.ui/examples/redux/arrays/ArrayCopy.arraycopy.normal.0.key 
95908      DEBUG main            d.u.i.k.p.i.AbstractProblemLoader Environment load took 178.9ns 
95909      INFO  main            d.u.i.k.p.i.AbstractProblemLoader Creating init config 
99009      DEBUG main            d.u.i.k.p.i.AbstractProblemLoader Init config took 3.1s 
99045      INFO  main            d.u.i.k.p.i.AbstractProblemLoader Replaying proof ArrayCopy[ArrayCopy::arraycopy(java.lang.Object,int,java.lang.Object,int,int)].JML normal_behavior operation contract.0 
99046      DEBUG main            d.u.i.k.p.i.IntermediateProofReplayer Proof replay took 6.7ns 
105012     INFO  main            d.u.i.k.p.r.p.TestFile    ... finished proof: closed. 
105264     INFO  main            d.u.i.k.p.i.AbstractProblemLoader Loading environment from /home/runner/work/key/key/key.core/../key.ui/examples/redux/arrays/ArrayCopy.arraycopy.normal.0.key.proof 
105265     DEBUG main            d.u.i.k.p.i.AbstractProblemLoader Environment load took 373.4ns 
105267     INFO  main            d.u.i.k.p.i.AbstractProblemLoader Creating init config 
108262     DEBUG main            d.u.i.k.p.i.AbstractProblemLoader Init config took 2.99s 
108296     INFO  main            d.u.i.k.p.i.AbstractProblemLoader Replaying proof ArrayCopy[ArrayCopy::arraycopy(java.lang.Object,int,java.lang.Object,int,int)].JML normal_behavior operation contract.0 
108908     DEBUG main            d.u.i.k.p.i.IntermediateProofReplayer Proof replay took 596.38ms 
108910     DEBUG main            d.u.i.k.p.r.p.TestFile    ... success: reloaded. 
108912     INFO  main            d.u.i.k.p.r.p.TestFile    Now processing file /home/runner/work/key/key/key.core/../key.ui/examples/redux/arrays/ArrayCopy.arraycopy.exceptional.0.key 
108912     INFO  main            d.u.i.k.p.i.AbstractProblemLoader Loading environment from /home/runner/work/key/key/key.core/../key.ui/examples/redux/arrays/ArrayCopy.arraycopy.exceptional.0.key 
108912     DEBUG main            d.u.i.k.p.i.AbstractProblemLoader Environment load took 205.3ns 
108913     INFO  main            d.u.i.k.p.i.AbstractProblemLoader Creating init config 
112015     DEBUG main            d.u.i.k.p.i.AbstractProblemLoader Init config took 3.1s 
112049     INFO  main            d.u.i.k.p.i.AbstractProblemLoader Replaying proof ArrayCopy[ArrayCopy::arraycopy(java.lang.Object,int,java.lang.Object,int,int)].JML exceptional_behavior operation contract.0 
112051     DEBUG main            d.u.i.k.p.i.IntermediateProofReplayer Proof replay took 6.2ns 
112457     INFO  main            d.u.i.k.p.r.p.TestFile    ... finished proof: closed. 
112673     INFO  main            d.u.i.k.p.i.AbstractProblemLoader Loading environment from /home/runner/work/key/key/key.core/../key.ui/examples/redux/arrays/ArrayCopy.arraycopy.exceptional.0.key.proof 
112673     DEBUG main            d.u.i.k.p.i.AbstractProblemLoader Environment load took 132.4ns 
112674     INFO  main            d.u.i.k.p.i.AbstractProblemLoader Creating init config 
115714     DEBUG main            d.u.i.k.p.i.AbstractProblemLoader Init config took 3.04s 
115748     INFO  main            d.u.i.k.p.i.AbstractProblemLoader Replaying proof ArrayCopy[ArrayCopy::arraycopy(java.lang.Object,int,java.lang.Object,int,int)].JML exceptional_behavior operation contract.0 
115840     DEBUG main            d.u.i.k.p.i.IntermediateProofReplayer Proof replay took 88.69ms 
115841     DEBUG main            d.u.i.k.p.r.p.TestFile    ... success: reloaded. 
115842     INFO  main            d.u.i.k.p.r.p.TestFile    Now processing file /home/runner/work/key/key/key.core/../key.ui/examples/redux/arrays/ArrayCopy.arraycopy.exceptional.1.key 
115842     INFO  main            d.u.i.k.p.i.AbstractProblemLoader Loading environment from /home/runner/work/key/key/key.core/../key.ui/examples/redux/arrays/ArrayCopy.arraycopy.exceptional.1.key 
115842     DEBUG main            d.u.i.k.p.i.AbstractProblemLoader Environment load took 101.6ns 
115843     INFO  main            d.u.i.k.p.i.AbstractProblemLoader Creating init config 
118901     DEBUG main            d.u.i.k.p.i.AbstractProblemLoader Init config took 3.06s 
118935     INFO  main            d.u.i.k.p.i.AbstractProblemLoader Replaying proof ArrayCopy[ArrayCopy::arraycopy(java.lang.Object,int,java.lang.Object,int,int)].JML exceptional_behavior operation contract.1 
118936     DEBUG main            d.u.i.k.p.i.IntermediateProofReplayer Proof replay took 7.7ns 
124879     INFO  main            d.u.i.k.p.r.p.TestFile    ... finished proof: closed. 
125123     INFO  main            d.u.i.k.p.i.AbstractProblemLoader Loading environment from /home/runner/work/key/key/key.core/../key.ui/examples/redux/arrays/ArrayCopy.arraycopy.exceptional.1.key.proof 
125123     DEBUG main            d.u.i.k.p.i.AbstractProblemLoader Environment load took 151.7ns 
125125     INFO  main            d.u.i.k.p.i.AbstractProblemLoader Creating init config 
128112     DEBUG main            d.u.i.k.p.i.AbstractProblemLoader Init config took 2.99s 
128150     INFO  main            d.u.i.k.p.i.AbstractProblemLoader Replaying proof ArrayCopy[ArrayCopy::arraycopy(java.lang.Object,int,java.lang.Object,int,int)].JML exceptional_behavior operation contract.1 
129297     DEBUG main            d.u.i.k.p.i.IntermediateProofReplayer Proof replay took 1.12s 
129299     DEBUG main            d.u.i.k.p.r.p.TestFile    ... success: reloaded. 
5278364    INFO  Test worker     d.u.i.k.p.r.p.StatisticsFile Returning from test redux 
]]></system-out>
  <system-err><![CDATA[]]></system-err>
</testsuite>
