<?xml version="1.0" encoding="UTF-8"?>
<testsuite name="de.uka.ilkd.key.parser.TestDeclParser" tests="14" skipped="2" failures="0" errors="0" timestamp="2023-05-27T17:34:44" hostname="fv-az574-535" time="11.466">
  <properties/>
  <testcase name="testGenericSortDecl1()" classname="de.uka.ilkd.key.parser.TestDeclParser" time="1.005"/>
  <testcase name="testGenericSortDecl2()" classname="de.uka.ilkd.key.parser.TestDeclParser" time="0.989"/>
  <testcase name="testGenericSortDecl3()" classname="de.uka.ilkd.key.parser.TestDeclParser" time="0.937"/>
  <testcase name="testGenericSortDecl4()" classname="de.uka.ilkd.key.parser.TestDeclParser" time="0.93"/>
  <testcase name="testGenericSortDecl5()" classname="de.uka.ilkd.key.parser.TestDeclParser" time="0.0">
    <skipped/>
  </testcase>
  <testcase name="testGenericSortDecl6()" classname="de.uka.ilkd.key.parser.TestDeclParser" time="0.904"/>
  <testcase name="testSortDecl()" classname="de.uka.ilkd.key.parser.TestDeclParser" time="0.972"/>
  <testcase name="testProxySortDecl()" classname="de.uka.ilkd.key.parser.TestDeclParser" time="0.981"/>
  <testcase name="testArrayDecl()" classname="de.uka.ilkd.key.parser.TestDeclParser" time="0.958"/>
  <testcase name="testAmbiguousDecls()" classname="de.uka.ilkd.key.parser.TestDeclParser" time="0.0">
    <skipped/>
  </testcase>
  <testcase name="testHeurDecl()" classname="de.uka.ilkd.key.parser.TestDeclParser" time="0.969"/>
  <testcase name="testFunctionDecl()" classname="de.uka.ilkd.key.parser.TestDeclParser" time="0.964"/>
  <testcase name="testPredicateDecl()" classname="de.uka.ilkd.key.parser.TestDeclParser" time="0.932"/>
  <testcase name="testSVDecl()" classname="de.uka.ilkd.key.parser.TestDeclParser" time="0.923"/>
  <system-out><![CDATA[230292     INFO  Test worker     d.u.i.k.n.KeyIO           Parsing took 0 ms 
230292     DEBUG Test worker     d.u.i.k.n.KeyIO           Load declarations of de.uka.ilkd.key.nparser.KeyAst$File:  <unknown>:1#1 
230292     INFO  Test worker     d.u.i.k.n.KeyIO           MODE: declarations took 0 ms 
230293     DEBUG Test worker     d.u.i.k.n.KeyIO           MODE: 2nd degree decls took 0 
230293     DEBUG Test worker     d.u.i.k.n.KeyIO           MODE: taclets took 0ms 
231282     INFO  Test worker     d.u.i.k.n.KeyIO           Parsing took 0 ms 
231282     DEBUG Test worker     d.u.i.k.n.KeyIO           Load declarations of de.uka.ilkd.key.nparser.KeyAst$File:  <unknown>:1#1 
231283     INFO  Test worker     d.u.i.k.n.KeyIO           MODE: declarations took 1 ms 
231283     DEBUG Test worker     d.u.i.k.n.KeyIO           MODE: 2nd degree decls took 0 
231283     DEBUG Test worker     d.u.i.k.n.KeyIO           MODE: taclets took 0ms 
232220     INFO  Test worker     d.u.i.k.n.KeyIO           Parsing took 0 ms 
232220     DEBUG Test worker     d.u.i.k.n.KeyIO           Load declarations of de.uka.ilkd.key.nparser.KeyAst$File:  <unknown>:1#1 
232220     INFO  Test worker     d.u.i.k.n.KeyIO           MODE: declarations took 0 ms 
232220     DEBUG Test worker     d.u.i.k.n.KeyIO           MODE: 2nd degree decls took 0 
232220     DEBUG Test worker     d.u.i.k.n.KeyIO           MODE: taclets took 0ms 
233151     INFO  Test worker     d.u.i.k.n.KeyIO           Parsing took 1 ms 
233151     DEBUG Test worker     d.u.i.k.n.KeyIO           Load declarations of de.uka.ilkd.key.nparser.KeyAst$File:  <unknown>:1#1 
233151     INFO  Test worker     d.u.i.k.n.KeyIO           MODE: declarations took 0 ms 
233151     DEBUG Test worker     d.u.i.k.n.KeyIO           MODE: 2nd degree decls took 0 
233151     DEBUG Test worker     d.u.i.k.n.KeyIO           MODE: taclets took 0ms 
234055     INFO  Test worker     d.u.i.k.n.KeyIO           Parsing took 0 ms 
234055     DEBUG Test worker     d.u.i.k.n.KeyIO           Load declarations of de.uka.ilkd.key.nparser.KeyAst$File:  <unknown>:1#1 
234055     INFO  Test worker     d.u.i.k.n.KeyIO           MODE: declarations took 0 ms 
234055     DEBUG Test worker     d.u.i.k.n.KeyIO           MODE: 2nd degree decls took 0 
234055     DEBUG Test worker     d.u.i.k.n.KeyIO           MODE: taclets took 0ms 
235027     INFO  Test worker     d.u.i.k.n.KeyIO           Parsing took 0 ms 
235027     DEBUG Test worker     d.u.i.k.n.KeyIO           Load declarations of de.uka.ilkd.key.nparser.KeyAst$File:  <unknown>:1#1 
235027     INFO  Test worker     d.u.i.k.n.KeyIO           MODE: declarations took 0 ms 
235027     DEBUG Test worker     d.u.i.k.n.KeyIO           MODE: 2nd degree decls took 0 
235027     DEBUG Test worker     d.u.i.k.n.KeyIO           MODE: taclets took 0ms 
236008     INFO  Test worker     d.u.i.k.n.KeyIO           Parsing took 1 ms 
236008     DEBUG Test worker     d.u.i.k.n.KeyIO           Load declarations of de.uka.ilkd.key.nparser.KeyAst$File:  <unknown>:1#1 
236008     INFO  Test worker     d.u.i.k.n.KeyIO           MODE: declarations took 0 ms 
236008     DEBUG Test worker     d.u.i.k.n.KeyIO           MODE: 2nd degree decls took 0 
236008     DEBUG Test worker     d.u.i.k.n.KeyIO           MODE: taclets took 0ms 
236966     INFO  Test worker     d.u.i.k.n.KeyIO           Parsing took 0 ms 
236966     DEBUG Test worker     d.u.i.k.n.KeyIO           Load declarations of de.uka.ilkd.key.nparser.KeyAst$File:  <unknown>:1#1 
236966     INFO  Test worker     d.u.i.k.n.KeyIO           MODE: declarations took 0 ms 
236967     DEBUG Test worker     d.u.i.k.n.KeyIO           MODE: 2nd degree decls took 1 
236967     DEBUG Test worker     d.u.i.k.n.KeyIO           MODE: taclets took 0ms 
237936     INFO  Test worker     d.u.i.k.n.KeyIO           Parsing took 0 ms 
237936     DEBUG Test worker     d.u.i.k.n.KeyIO           Load declarations of de.uka.ilkd.key.nparser.KeyAst$File:  <unknown>:1#1 
237936     INFO  Test worker     d.u.i.k.n.KeyIO           MODE: declarations took 0 ms 
237936     DEBUG Test worker     d.u.i.k.n.KeyIO           MODE: 2nd degree decls took 0 
237936     DEBUG Test worker     d.u.i.k.n.KeyIO           MODE: taclets took 0ms 
238900     INFO  Test worker     d.u.i.k.n.KeyIO           Parsing took 0 ms 
238900     DEBUG Test worker     d.u.i.k.n.KeyIO           Load declarations of de.uka.ilkd.key.nparser.KeyAst$File:  <unknown>:1#1 
238900     INFO  Test worker     d.u.i.k.n.KeyIO           MODE: declarations took 0 ms 
238900     DEBUG Test worker     d.u.i.k.n.KeyIO           MODE: 2nd degree decls took 0 
238900     DEBUG Test worker     d.u.i.k.n.KeyIO           MODE: taclets took 0ms 
239831     INFO  Test worker     d.u.i.k.n.KeyIO           Parsing took 0 ms 
239831     DEBUG Test worker     d.u.i.k.n.KeyIO           Load declarations of de.uka.ilkd.key.nparser.KeyAst$File:  <unknown>:1#1 
239831     INFO  Test worker     d.u.i.k.n.KeyIO           MODE: declarations took 0 ms 
239831     DEBUG Test worker     d.u.i.k.n.KeyIO           MODE: 2nd degree decls took 0 
239831     DEBUG Test worker     d.u.i.k.n.KeyIO           MODE: taclets took 0ms 
240754     INFO  Test worker     d.u.i.k.n.KeyIO           Parsing took 0 ms 
240754     DEBUG Test worker     d.u.i.k.n.KeyIO           Load declarations of de.uka.ilkd.key.nparser.KeyAst$File:  <unknown>:1#1 
240754     INFO  Test worker     d.u.i.k.n.KeyIO           MODE: declarations took 0 ms 
240754     DEBUG Test worker     d.u.i.k.n.KeyIO           MODE: 2nd degree decls took 0 
240754     DEBUG Test worker     d.u.i.k.n.KeyIO           MODE: taclets took 0ms 
]]></system-out>
  <system-err><![CDATA[]]></system-err>
</testsuite>
