<?xml version="1.0" encoding="UTF-8"?>
<testsuite name="de.uka.ilkd.key.parser.TestTacletParser" tests="20" skipped="0" failures="0" errors="0" timestamp="2023-05-27T17:36:19" hostname="fv-az574-535" time="0.053">
  <properties/>
  <testcase name="testAllRight()" classname="de.uka.ilkd.key.parser.TestTacletParser" time="0.002"/>
  <testcase name="testSchemaJava0()" classname="de.uka.ilkd.key.parser.TestTacletParser" time="0.002"/>
  <testcase name="testSchemaJava1()" classname="de.uka.ilkd.key.parser.TestTacletParser" time="0.006"/>
  <testcase name="testSchemaJava2()" classname="de.uka.ilkd.key.parser.TestTacletParser" time="0.003"/>
  <testcase name="testSchemaJava4()" classname="de.uka.ilkd.key.parser.TestTacletParser" time="0.002"/>
  <testcase name="testSchemaJava6()" classname="de.uka.ilkd.key.parser.TestTacletParser" time="0.002"/>
  <testcase name="testSchemaJava8()" classname="de.uka.ilkd.key.parser.TestTacletParser" time="0.001"/>
  <testcase name="testCut()" classname="de.uka.ilkd.key.parser.TestTacletParser" time="0.001"/>
  <testcase name="testMakeInsertEq()" classname="de.uka.ilkd.key.parser.TestTacletParser" time="0.002"/>
  <testcase name="testAllLeft()" classname="de.uka.ilkd.key.parser.TestTacletParser" time="0.002"/>
  <testcase name="testClose()" classname="de.uka.ilkd.key.parser.TestTacletParser" time="0.001"/>
  <testcase name="testSchemaJava10()" classname="de.uka.ilkd.key.parser.TestTacletParser" time="0.001"/>
  <testcase name="testSchemaJava11()" classname="de.uka.ilkd.key.parser.TestTacletParser" time="0.004"/>
  <testcase name="testFIdempotent()" classname="de.uka.ilkd.key.parser.TestTacletParser" time="0.002"/>
  <testcase name="testImpRight()" classname="de.uka.ilkd.key.parser.TestTacletParser" time="0.001"/>
  <testcase name="testVarcondNew()" classname="de.uka.ilkd.key.parser.TestTacletParser" time="0.002"/>
  <testcase name="testFreeReplacewithVariables()" classname="de.uka.ilkd.key.parser.TestTacletParser" time="0.002"/>
  <testcase name="testImpLeft()" classname="de.uka.ilkd.key.parser.TestTacletParser" time="0.002"/>
  <testcase name="testContraposition()" classname="de.uka.ilkd.key.parser.TestTacletParser" time="0.001"/>
  <testcase name="testExConjSplit()" classname="de.uka.ilkd.key.parser.TestTacletParser" time="0.002"/>
  <system-out><![CDATA[324372     INFO  Test worker     d.u.i.k.n.KeyIO           Parsing took 0 ms 
324372     DEBUG Test worker     d.u.i.k.n.KeyIO           Load declarations of de.uka.ilkd.key.nparser.KeyAst$File:  <unknown>:1#1 
324372     INFO  Test worker     d.u.i.k.n.KeyIO           MODE: declarations took 0 ms 
324372     DEBUG Test worker     d.u.i.k.n.KeyIO           MODE: 2nd degree decls took 0 
324373     DEBUG Test worker     d.u.i.k.n.KeyIO           MODE: taclets took 0ms 
324373     INFO  Test worker     d.u.i.k.n.KeyIO           Parsing took 0 ms 
324373     DEBUG Test worker     d.u.i.k.n.KeyIO           Load declarations of de.uka.ilkd.key.nparser.KeyAst$File:  <unknown>:2#1 
324373     INFO  Test worker     d.u.i.k.n.KeyIO           MODE: declarations took 0 ms 
324373     DEBUG Test worker     d.u.i.k.n.KeyIO           MODE: 2nd degree decls took 0 
324374     DEBUG Test worker     d.u.i.k.n.KeyIO           MODE: taclets took 0ms 
324374     INFO  Test worker     d.u.i.k.n.KeyIO           Parsing took 0 ms 
324374     DEBUG Test worker     d.u.i.k.n.KeyIO           Load declarations of de.uka.ilkd.key.nparser.KeyAst$File:  <unknown>:1#1 
324375     INFO  Test worker     d.u.i.k.n.KeyIO           MODE: declarations took 1 ms 
324375     DEBUG Test worker     d.u.i.k.n.KeyIO           MODE: 2nd degree decls took 0 
324375     DEBUG Test worker     d.u.i.k.n.KeyIO           MODE: taclets took 0ms 
324375     INFO  Test worker     d.u.i.k.n.KeyIO           Parsing took 0 ms 
324375     DEBUG Test worker     d.u.i.k.n.KeyIO           Load declarations of de.uka.ilkd.key.nparser.KeyAst$File:  <unknown>:2#1 
324375     INFO  Test worker     d.u.i.k.n.KeyIO           MODE: declarations took 0 ms 
324375     DEBUG Test worker     d.u.i.k.n.KeyIO           MODE: 2nd degree decls took 0 
324376     DEBUG Test worker     d.u.i.k.n.KeyIO           MODE: taclets took 1ms 
324376     INFO  Test worker     d.u.i.k.n.KeyIO           Parsing took 0 ms 
324376     DEBUG Test worker     d.u.i.k.n.KeyIO           Load declarations of de.uka.ilkd.key.nparser.KeyAst$File:  <unknown>:1#1 
324376     INFO  Test worker     d.u.i.k.n.KeyIO           MODE: declarations took 0 ms 
324376     DEBUG Test worker     d.u.i.k.n.KeyIO           MODE: 2nd degree decls took 0 
324377     DEBUG Test worker     d.u.i.k.n.KeyIO           MODE: taclets took 0ms 
324377     WARN  Test worker     d.u.i.k.n.KeYParser       [syntax-error] <unknown>:2:21: extraneous input '<' expecting {MODALITY, FORALL, EXISTS, '\if', '\ifEx', 'true', 'false', '(', ')', '{', '@', NOT, '-', STRING_LITERAL, CHAR_LITERAL, BIN_LITERAL, HEX_LITERAL, IDENT, INT_LITERAL, FLOAT_LITERAL, DOUBLE_LITERAL, REAL_LITERAL} [@12,22:22='<',<173>,2:21] (argument_list, call, accessterm, primitive_term, primitive_labeled_term, bracket_term, atom_prefix, strong_arith_term_2, strong_arith_term_1, weak_arith_term, comparison_term, equality_term, term60, conjunction_term, disjunction_term, implication_term, equivalence_term, elementary_update_term, parallel_term, term, taclet, rulesOrAxioms, decls, file) 
324380     WARN  Test worker     d.u.i.k.n.KeYParser       [syntax-error] <unknown>:2:23: no viable alternative at input '{..' [@14,24:25='..',<144>,2:23] (atom_prefix, strong_arith_term_2, strong_arith_term_1, weak_arith_term, comparison_term, equality_term, term60, conjunction_term, disjunction_term, implication_term, equivalence_term, elementary_update_term, parallel_term, term, argument_list, call, accessterm, primitive_term, primitive_labeled_term, bracket_term, atom_prefix, strong_arith_term_2, strong_arith_term_1, weak_arith_term, comparison_term, equality_term, term60, conjunction_term, disjunction_term, implication_term, equivalence_term, elementary_update_term, parallel_term, term, taclet, rulesOrAxioms, decls, file) 
324381     WARN  Test worker     d.u.i.k.n.KeYParser       [syntax-error] <unknown>:2:33: mismatched input ';' expecting {',', ')'} [@21,34:34=';',<138>,2:33] (argument_list, call, accessterm, primitive_term, primitive_labeled_term, bracket_term, atom_prefix, strong_arith_term_2, strong_arith_term_1, weak_arith_term, comparison_term, equality_term, term60, conjunction_term, disjunction_term, implication_term, equivalence_term, elementary_update_term, parallel_term, term, taclet, rulesOrAxioms, decls, file) 
324381     WARN  Test worker     d.u.i.k.n.KeYParser       [syntax-error] <unknown>:2:41: no viable alternative at input '#i;' [@26,42:42=';',<138>,2:41] (option_list, taclet, rulesOrAxioms, decls, file) 
324381     WARN  Test worker     d.u.i.k.n.KeYParser       [syntax-error] <unknown>:2:43: mismatched input '<' expecting {'(', '{'} [@28,44:44='<',<173>,2:43] (taclet, rulesOrAxioms, decls, file) 
324381     WARN  Test worker     d.u.i.k.n.KeYParser       [syntax-error] <unknown>:2:47: mismatched input '+' expecting {'(', '{'} [@32,48:48='+',<167>,2:47] (taclet, rulesOrAxioms, decls, file) 
324382     WARN  Test worker     d.u.i.k.n.KeYParser       [syntax-error] <unknown>:2:52: extraneous input '..' expecting {'\lemma', '}', IDENT, '/*!'} [@37,53:54='..',<144>,2:52] (rulesOrAxioms, decls, file) 
324382     WARN  Test worker     d.u.i.k.n.KeYParser       [syntax-error] <unknown>:2:56: mismatched input '>' expecting {<EOF>, '\problem', '\chooseContract', '\proofObligation', '\proof'} [@40,57:57='>',<168>,2:56] (file) 
324383     INFO  Test worker     d.u.i.k.n.KeyIO           Parsing took 1 ms 
324383     DEBUG Test worker     d.u.i.k.n.KeyIO           Load declarations of de.uka.ilkd.key.nparser.KeyAst$File:  <unknown>:1#1 
324383     INFO  Test worker     d.u.i.k.n.KeyIO           MODE: declarations took 0 ms 
324383     DEBUG Test worker     d.u.i.k.n.KeyIO           MODE: 2nd degree decls took 0 
324383     DEBUG Test worker     d.u.i.k.n.KeyIO           MODE: taclets took 0ms 
324383     WARN  Test worker     d.u.i.k.n.KeYParser       [syntax-error] <unknown>:2:21: extraneous input '<' expecting {MODALITY, FORALL, EXISTS, '\if', '\ifEx', 'true', 'false', '(', ')', '{', '@', NOT, '-', STRING_LITERAL, CHAR_LITERAL, BIN_LITERAL, HEX_LITERAL, IDENT, INT_LITERAL, FLOAT_LITERAL, DOUBLE_LITERAL, REAL_LITERAL} [@12,22:22='<',<173>,2:21] (argument_list, call, accessterm, primitive_term, primitive_labeled_term, bracket_term, atom_prefix, strong_arith_term_2, strong_arith_term_1, weak_arith_term, comparison_term, equality_term, term60, conjunction_term, disjunction_term, implication_term, equivalence_term, elementary_update_term, parallel_term, term, taclet, rulesOrAxioms, decls, file) 
324384     WARN  Test worker     d.u.i.k.n.KeYParser       [syntax-error] <unknown>:2:23: no viable alternative at input '{..' [@14,24:25='..',<144>,2:23] (atom_prefix, strong_arith_term_2, strong_arith_term_1, weak_arith_term, comparison_term, equality_term, term60, conjunction_term, disjunction_term, implication_term, equivalence_term, elementary_update_term, parallel_term, term, argument_list, call, accessterm, primitive_term, primitive_labeled_term, bracket_term, atom_prefix, strong_arith_term_2, strong_arith_term_1, weak_arith_term, comparison_term, equality_term, term60, conjunction_term, disjunction_term, implication_term, equivalence_term, elementary_update_term, parallel_term, term, taclet, rulesOrAxioms, decls, file) 
324384     WARN  Test worker     d.u.i.k.n.KeYParser       [syntax-error] <unknown>:2:33: mismatched input ';' expecting {',', ')'} [@21,34:34=';',<138>,2:33] (argument_list, call, accessterm, primitive_term, primitive_labeled_term, bracket_term, atom_prefix, strong_arith_term_2, strong_arith_term_1, weak_arith_term, comparison_term, equality_term, term60, conjunction_term, disjunction_term, implication_term, equivalence_term, elementary_update_term, parallel_term, term, taclet, rulesOrAxioms, decls, file) 
324384     WARN  Test worker     d.u.i.k.n.KeYParser       [syntax-error] <unknown>:2:43: no viable alternative at input '#lab;' [@26,44:44=';',<138>,2:43] (option_list, taclet, rulesOrAxioms, decls, file) 
324384     WARN  Test worker     d.u.i.k.n.KeYParser       [syntax-error] <unknown>:2:45: mismatched input '<' expecting {'(', '{'} [@28,46:46='<',<173>,2:45] (taclet, rulesOrAxioms, decls, file) 
324384     WARN  Test worker     d.u.i.k.n.KeYParser       [syntax-error] <unknown>:2:50: mismatched input '+' expecting {'(', '{'} [@32,51:51='+',<167>,2:50] (taclet, rulesOrAxioms, decls, file) 
324384     WARN  Test worker     d.u.i.k.n.KeYParser       [syntax-error] <unknown>:2:56: extraneous input '..' expecting {'\lemma', '}', IDENT, '/*!'} [@38,57:58='..',<144>,2:56] (rulesOrAxioms, decls, file) 
324385     WARN  Test worker     d.u.i.k.n.KeYParser       [syntax-error] <unknown>:2:60: mismatched input '>' expecting {<EOF>, '\problem', '\chooseContract', '\proofObligation', '\proof'} [@41,61:61='>',<168>,2:60] (file) 
324385     INFO  Test worker     d.u.i.k.n.KeyIO           Parsing took 0 ms 
324385     DEBUG Test worker     d.u.i.k.n.KeyIO           Load declarations of de.uka.ilkd.key.nparser.KeyAst$File:  <unknown>:1#1 
324385     INFO  Test worker     d.u.i.k.n.KeyIO           MODE: declarations took 0 ms 
324386     DEBUG Test worker     d.u.i.k.n.KeyIO           MODE: 2nd degree decls took 0 
324386     DEBUG Test worker     d.u.i.k.n.KeyIO           MODE: taclets took 0ms 
324386     INFO  Test worker     d.u.i.k.n.KeyIO           Parsing took 0 ms 
324386     DEBUG Test worker     d.u.i.k.n.KeyIO           Load declarations of de.uka.ilkd.key.nparser.KeyAst$File:  <unknown>:2#1 
324386     INFO  Test worker     d.u.i.k.n.KeyIO           MODE: declarations took 0 ms 
324386     DEBUG Test worker     d.u.i.k.n.KeyIO           MODE: 2nd degree decls took 0 
324387     DEBUG Test worker     d.u.i.k.n.KeyIO           MODE: taclets took 1ms 
324388     INFO  Test worker     d.u.i.k.n.KeyIO           Parsing took 0 ms 
324388     DEBUG Test worker     d.u.i.k.n.KeyIO           Load declarations of de.uka.ilkd.key.nparser.KeyAst$File:  <unknown>:1#1 
324388     INFO  Test worker     d.u.i.k.n.KeyIO           MODE: declarations took 0 ms 
324388     DEBUG Test worker     d.u.i.k.n.KeyIO           MODE: 2nd degree decls took 0 
324388     DEBUG Test worker     d.u.i.k.n.KeyIO           MODE: taclets took 0ms 
324389     INFO  Test worker     d.u.i.k.n.KeyIO           Parsing took 1 ms 
324389     DEBUG Test worker     d.u.i.k.n.KeyIO           Load declarations of de.uka.ilkd.key.nparser.KeyAst$File:  <unknown>:2#1 
324389     INFO  Test worker     d.u.i.k.n.KeyIO           MODE: declarations took 0 ms 
324389     DEBUG Test worker     d.u.i.k.n.KeyIO           MODE: 2nd degree decls took 0 
324390     DEBUG Test worker     d.u.i.k.n.KeyIO           MODE: taclets took 1ms 
324390     INFO  Test worker     d.u.i.k.n.KeyIO           Parsing took 0 ms 
324390     DEBUG Test worker     d.u.i.k.n.KeyIO           Load declarations of de.uka.ilkd.key.nparser.KeyAst$File:  <unknown>:1#1 
324390     INFO  Test worker     d.u.i.k.n.KeyIO           MODE: declarations took 0 ms 
324390     DEBUG Test worker     d.u.i.k.n.KeyIO           MODE: 2nd degree decls took 0 
324390     DEBUG Test worker     d.u.i.k.n.KeyIO           MODE: taclets took 0ms 
324391     INFO  Test worker     d.u.i.k.n.KeyIO           Parsing took 0 ms 
324391     DEBUG Test worker     d.u.i.k.n.KeyIO           Load declarations of de.uka.ilkd.key.nparser.KeyAst$File:  <unknown>:2#1 
324391     INFO  Test worker     d.u.i.k.n.KeyIO           MODE: declarations took 0 ms 
324391     DEBUG Test worker     d.u.i.k.n.KeyIO           MODE: 2nd degree decls took 0 
324391     DEBUG Test worker     d.u.i.k.n.KeyIO           MODE: taclets took 0ms 
324392     INFO  Test worker     d.u.i.k.n.KeyIO           Parsing took 0 ms 
324392     DEBUG Test worker     d.u.i.k.n.KeyIO           Load declarations of de.uka.ilkd.key.nparser.KeyAst$File:  <unknown>:1#1 
324392     INFO  Test worker     d.u.i.k.n.KeyIO           MODE: declarations took 0 ms 
324392     DEBUG Test worker     d.u.i.k.n.KeyIO           MODE: 2nd degree decls took 0 
324392     DEBUG Test worker     d.u.i.k.n.KeyIO           MODE: taclets took 0ms 
324392     INFO  Test worker     d.u.i.k.n.KeyIO           Parsing took 0 ms 
324392     DEBUG Test worker     d.u.i.k.n.KeyIO           Load declarations of de.uka.ilkd.key.nparser.KeyAst$File:  <unknown>:2#1 
324393     INFO  Test worker     d.u.i.k.n.KeyIO           MODE: declarations took 1 ms 
324393     DEBUG Test worker     d.u.i.k.n.KeyIO           MODE: 2nd degree decls took 0 
324393     DEBUG Test worker     d.u.i.k.n.KeyIO           MODE: taclets took 0ms 
324393     INFO  Test worker     d.u.i.k.n.KeyIO           Parsing took 0 ms 
324393     DEBUG Test worker     d.u.i.k.n.KeyIO           Load declarations of de.uka.ilkd.key.nparser.KeyAst$File:  <unknown>:1#1 
324394     INFO  Test worker     d.u.i.k.n.KeyIO           MODE: declarations took 1 ms 
324394     DEBUG Test worker     d.u.i.k.n.KeyIO           MODE: 2nd degree decls took 0 
324394     DEBUG Test worker     d.u.i.k.n.KeyIO           MODE: taclets took 0ms 
324394     INFO  Test worker     d.u.i.k.n.KeyIO           Parsing took 0 ms 
324394     DEBUG Test worker     d.u.i.k.n.KeyIO           Load declarations of de.uka.ilkd.key.nparser.KeyAst$File:  <unknown>:2#1 
324394     INFO  Test worker     d.u.i.k.n.KeyIO           MODE: declarations took 0 ms 
324395     DEBUG Test worker     d.u.i.k.n.KeyIO           MODE: 2nd degree decls took 1 
324395     DEBUG Test worker     d.u.i.k.n.KeyIO           MODE: taclets took 0ms 
324395     INFO  Test worker     d.u.i.k.n.KeyIO           Parsing took 0 ms 
324395     DEBUG Test worker     d.u.i.k.n.KeyIO           Load declarations of de.uka.ilkd.key.nparser.KeyAst$File:  <unknown>:1#1 
324395     INFO  Test worker     d.u.i.k.n.KeyIO           MODE: declarations took 0 ms 
324395     DEBUG Test worker     d.u.i.k.n.KeyIO           MODE: 2nd degree decls took 0 
324396     DEBUG Test worker     d.u.i.k.n.KeyIO           MODE: taclets took 0ms 
324396     INFO  Test worker     d.u.i.k.n.KeyIO           Parsing took 0 ms 
324396     DEBUG Test worker     d.u.i.k.n.KeyIO           Load declarations of de.uka.ilkd.key.nparser.KeyAst$File:  <unknown>:2#1 
324396     INFO  Test worker     d.u.i.k.n.KeyIO           MODE: declarations took 0 ms 
324396     DEBUG Test worker     d.u.i.k.n.KeyIO           MODE: 2nd degree decls took 0 
324396     DEBUG Test worker     d.u.i.k.n.KeyIO           MODE: taclets took 0ms 
324397     INFO  Test worker     d.u.i.k.n.KeyIO           Parsing took 0 ms 
324397     DEBUG Test worker     d.u.i.k.n.KeyIO           Load declarations of de.uka.ilkd.key.nparser.KeyAst$File:  <unknown>:1#1 
324397     INFO  Test worker     d.u.i.k.n.KeyIO           MODE: declarations took 0 ms 
324397     DEBUG Test worker     d.u.i.k.n.KeyIO           MODE: 2nd degree decls took 0 
324398     DEBUG Test worker     d.u.i.k.n.KeyIO           MODE: taclets took 1ms 
324398     INFO  Test worker     d.u.i.k.n.KeyIO           Parsing took 0 ms 
324398     DEBUG Test worker     d.u.i.k.n.KeyIO           Load declarations of de.uka.ilkd.key.nparser.KeyAst$File:  <unknown>:2#1 
324398     INFO  Test worker     d.u.i.k.n.KeyIO           MODE: declarations took 0 ms 
324398     DEBUG Test worker     d.u.i.k.n.KeyIO           MODE: 2nd degree decls took 0 
324398     DEBUG Test worker     d.u.i.k.n.KeyIO           MODE: taclets took 0ms 
324399     INFO  Test worker     d.u.i.k.n.KeyIO           Parsing took 0 ms 
324399     DEBUG Test worker     d.u.i.k.n.KeyIO           Load declarations of de.uka.ilkd.key.nparser.KeyAst$File:  <unknown>:1#1 
324399     INFO  Test worker     d.u.i.k.n.KeyIO           MODE: declarations took 0 ms 
324399     DEBUG Test worker     d.u.i.k.n.KeyIO           MODE: 2nd degree decls took 0 
324399     DEBUG Test worker     d.u.i.k.n.KeyIO           MODE: taclets took 0ms 
324399     INFO  Test worker     d.u.i.k.n.KeyIO           Parsing took 0 ms 
324399     DEBUG Test worker     d.u.i.k.n.KeyIO           Load declarations of de.uka.ilkd.key.nparser.KeyAst$File:  <unknown>:2#1 
324399     INFO  Test worker     d.u.i.k.n.KeyIO           MODE: declarations took 0 ms 
324399     DEBUG Test worker     d.u.i.k.n.KeyIO           MODE: 2nd degree decls took 0 
324400     DEBUG Test worker     d.u.i.k.n.KeyIO           MODE: taclets took 0ms 
324400     INFO  Test worker     d.u.i.k.n.KeyIO           Parsing took 0 ms 
324400     DEBUG Test worker     d.u.i.k.n.KeyIO           Load declarations of de.uka.ilkd.key.nparser.KeyAst$File:  <unknown>:1#1 
324400     INFO  Test worker     d.u.i.k.n.KeyIO           MODE: declarations took 0 ms 
324400     DEBUG Test worker     d.u.i.k.n.KeyIO           MODE: 2nd degree decls took 0 
324401     DEBUG Test worker     d.u.i.k.n.KeyIO           MODE: taclets took 0ms 
324402     INFO  Test worker     d.u.i.k.n.KeyIO           Parsing took 1 ms 
324402     DEBUG Test worker     d.u.i.k.n.KeyIO           Load declarations of de.uka.ilkd.key.nparser.KeyAst$File:  <unknown>:2#1 
324402     INFO  Test worker     d.u.i.k.n.KeyIO           MODE: declarations took 0 ms 
324402     DEBUG Test worker     d.u.i.k.n.KeyIO           MODE: 2nd degree decls took 0 
324404     DEBUG Test worker     d.u.i.k.n.KeyIO           MODE: taclets took 2ms 
324404     INFO  Test worker     d.u.i.k.n.KeyIO           Parsing took 0 ms 
324404     DEBUG Test worker     d.u.i.k.n.KeyIO           Load declarations of de.uka.ilkd.key.nparser.KeyAst$File:  <unknown>:1#1 
324404     INFO  Test worker     d.u.i.k.n.KeyIO           MODE: declarations took 0 ms 
324405     DEBUG Test worker     d.u.i.k.n.KeyIO           MODE: 2nd degree decls took 1 
324405     DEBUG Test worker     d.u.i.k.n.KeyIO           MODE: taclets took 0ms 
324405     INFO  Test worker     d.u.i.k.n.KeyIO           Parsing took 0 ms 
324405     DEBUG Test worker     d.u.i.k.n.KeyIO           Load declarations of de.uka.ilkd.key.nparser.KeyAst$File:  <unknown>:2#1 
324405     INFO  Test worker     d.u.i.k.n.KeyIO           MODE: declarations took 0 ms 
324405     DEBUG Test worker     d.u.i.k.n.KeyIO           MODE: 2nd degree decls took 0 
324406     DEBUG Test worker     d.u.i.k.n.KeyIO           MODE: taclets took 1ms 
324406     INFO  Test worker     d.u.i.k.n.KeyIO           Parsing took 0 ms 
324406     DEBUG Test worker     d.u.i.k.n.KeyIO           Load declarations of de.uka.ilkd.key.nparser.KeyAst$File:  <unknown>:1#1 
324406     INFO  Test worker     d.u.i.k.n.KeyIO           MODE: declarations took 0 ms 
324406     DEBUG Test worker     d.u.i.k.n.KeyIO           MODE: 2nd degree decls took 0 
324406     DEBUG Test worker     d.u.i.k.n.KeyIO           MODE: taclets took 0ms 
324407     INFO  Test worker     d.u.i.k.n.KeyIO           Parsing took 0 ms 
324407     DEBUG Test worker     d.u.i.k.n.KeyIO           Load declarations of de.uka.ilkd.key.nparser.KeyAst$File:  <unknown>:2#1 
324407     INFO  Test worker     d.u.i.k.n.KeyIO           MODE: declarations took 0 ms 
324407     DEBUG Test worker     d.u.i.k.n.KeyIO           MODE: 2nd degree decls took 0 
324407     DEBUG Test worker     d.u.i.k.n.KeyIO           MODE: taclets took 0ms 
324416     INFO  Test worker     d.u.i.k.n.KeyIO           Parsing took 0 ms 
324416     DEBUG Test worker     d.u.i.k.n.KeyIO           Load declarations of de.uka.ilkd.key.nparser.KeyAst$File:  <unknown>:1#1 
324416     INFO  Test worker     d.u.i.k.n.KeyIO           MODE: declarations took 0 ms 
324416     DEBUG Test worker     d.u.i.k.n.KeyIO           MODE: 2nd degree decls took 0 
324416     DEBUG Test worker     d.u.i.k.n.KeyIO           MODE: taclets took 0ms 
324417     INFO  Test worker     d.u.i.k.n.KeyIO           Parsing took 1 ms 
324417     DEBUG Test worker     d.u.i.k.n.KeyIO           Load declarations of de.uka.ilkd.key.nparser.KeyAst$File:  <unknown>:2#1 
324417     INFO  Test worker     d.u.i.k.n.KeyIO           MODE: declarations took 0 ms 
324417     DEBUG Test worker     d.u.i.k.n.KeyIO           MODE: 2nd degree decls took 0 
324417     DEBUG Test worker     d.u.i.k.n.KeyIO           MODE: taclets took 0ms 
324417     INFO  Test worker     d.u.i.k.n.KeyIO           Parsing took 0 ms 
324417     DEBUG Test worker     d.u.i.k.n.KeyIO           Load declarations of de.uka.ilkd.key.nparser.KeyAst$File:  <unknown>:2#1 
324417     INFO  Test worker     d.u.i.k.n.KeyIO           MODE: declarations took 0 ms 
324417     DEBUG Test worker     d.u.i.k.n.KeyIO           MODE: 2nd degree decls took 0 
324418     DEBUG Test worker     d.u.i.k.n.KeyIO           MODE: taclets took 0ms 
324418     INFO  Test worker     d.u.i.k.n.KeyIO           Parsing took 0 ms 
324418     DEBUG Test worker     d.u.i.k.n.KeyIO           Load declarations of de.uka.ilkd.key.nparser.KeyAst$File:  <unknown>:1#1 
324418     INFO  Test worker     d.u.i.k.n.KeyIO           MODE: declarations took 0 ms 
324418     DEBUG Test worker     d.u.i.k.n.KeyIO           MODE: 2nd degree decls took 0 
324419     DEBUG Test worker     d.u.i.k.n.KeyIO           MODE: taclets took 0ms 
324419     INFO  Test worker     d.u.i.k.n.KeyIO           Parsing took 0 ms 
324419     DEBUG Test worker     d.u.i.k.n.KeyIO           Load declarations of de.uka.ilkd.key.nparser.KeyAst$File:  <unknown>:2#1 
324419     INFO  Test worker     d.u.i.k.n.KeyIO           MODE: declarations took 0 ms 
324419     DEBUG Test worker     d.u.i.k.n.KeyIO           MODE: 2nd degree decls took 0 
324420     INFO  Test worker     d.u.i.k.n.KeyIO           Parsing took 0 ms 
324420     DEBUG Test worker     d.u.i.k.n.KeyIO           Load declarations of de.uka.ilkd.key.nparser.KeyAst$File:  <unknown>:1#1 
324421     INFO  Test worker     d.u.i.k.n.KeyIO           MODE: declarations took 1 ms 
324421     DEBUG Test worker     d.u.i.k.n.KeyIO           MODE: 2nd degree decls took 0 
324421     DEBUG Test worker     d.u.i.k.n.KeyIO           MODE: taclets took 0ms 
324421     INFO  Test worker     d.u.i.k.n.KeyIO           Parsing took 0 ms 
324421     DEBUG Test worker     d.u.i.k.n.KeyIO           Load declarations of de.uka.ilkd.key.nparser.KeyAst$File:  <unknown>:2#1 
324421     INFO  Test worker     d.u.i.k.n.KeyIO           MODE: declarations took 0 ms 
324421     DEBUG Test worker     d.u.i.k.n.KeyIO           MODE: 2nd degree decls took 0 
324422     DEBUG Test worker     d.u.i.k.n.KeyIO           MODE: taclets took 0ms 
324422     INFO  Test worker     d.u.i.k.n.KeyIO           Parsing took 0 ms 
324422     DEBUG Test worker     d.u.i.k.n.KeyIO           Load declarations of de.uka.ilkd.key.nparser.KeyAst$File:  <unknown>:1#1 
324422     INFO  Test worker     d.u.i.k.n.KeyIO           MODE: declarations took 0 ms 
324422     DEBUG Test worker     d.u.i.k.n.KeyIO           MODE: 2nd degree decls took 0 
324422     DEBUG Test worker     d.u.i.k.n.KeyIO           MODE: taclets took 0ms 
324423     INFO  Test worker     d.u.i.k.n.KeyIO           Parsing took 0 ms 
324423     DEBUG Test worker     d.u.i.k.n.KeyIO           Load declarations of de.uka.ilkd.key.nparser.KeyAst$File:  <unknown>:2#1 
324423     INFO  Test worker     d.u.i.k.n.KeyIO           MODE: declarations took 0 ms 
324423     DEBUG Test worker     d.u.i.k.n.KeyIO           MODE: 2nd degree decls took 0 
324423     DEBUG Test worker     d.u.i.k.n.KeyIO           MODE: taclets took 0ms 
324423     INFO  Test worker     d.u.i.k.n.KeyIO           Parsing took 0 ms 
324424     DEBUG Test worker     d.u.i.k.n.KeyIO           Load declarations of de.uka.ilkd.key.nparser.KeyAst$File:  <unknown>:1#1 
324424     INFO  Test worker     d.u.i.k.n.KeyIO           MODE: declarations took 0 ms 
324424     DEBUG Test worker     d.u.i.k.n.KeyIO           MODE: 2nd degree decls took 0 
324424     DEBUG Test worker     d.u.i.k.n.KeyIO           MODE: taclets took 0ms 
324425     INFO  Test worker     d.u.i.k.n.KeyIO           Parsing took 1 ms 
324425     DEBUG Test worker     d.u.i.k.n.KeyIO           Load declarations of de.uka.ilkd.key.nparser.KeyAst$File:  <unknown>:2#1 
324425     INFO  Test worker     d.u.i.k.n.KeyIO           MODE: declarations took 0 ms 
324425     DEBUG Test worker     d.u.i.k.n.KeyIO           MODE: 2nd degree decls took 0 
324425     DEBUG Test worker     d.u.i.k.n.KeyIO           MODE: taclets took 0ms 
]]></system-out>
  <system-err><![CDATA[]]></system-err>
</testsuite>
