<?xml version="1.0" encoding="UTF-8"?>
<testsuite name="de.uka.ilkd.key.rule.merge.PredicateAbstractionLatticeTests" tests="3" skipped="0" failures="0" errors="0" timestamp="2023-05-27T17:40:17" hostname="fv-az574-535" time="5.838">
  <properties/>
  <testcase name="testToAndFromString()" classname="de.uka.ilkd.key.rule.merge.PredicateAbstractionLatticeTests" time="2.909"/>
  <testcase name="testCreateSignLatticeWithPredicates()" classname="de.uka.ilkd.key.rule.merge.PredicateAbstractionLatticeTests" time="2.929"/>
  <testcase name="testTrivialPredicatesLattice()" classname="de.uka.ilkd.key.rule.merge.PredicateAbstractionLatticeTests" time="0.0"/>
  <system-out><![CDATA[562463     INFO  Test worker     d.u.i.k.p.i.AbstractProblemLoader Loading environment from src/test/resources/testcase/merge/dummy.key 
562463     DEBUG Test worker     d.u.i.k.p.i.AbstractProblemLoader Environment load took 72.5ns 
562464     INFO  Test worker     d.u.i.k.p.i.AbstractProblemLoader Creating init config 
565357     DEBUG Test worker     d.u.i.k.p.i.AbstractProblemLoader Init config took 2.89s 
565369     INFO  Test worker     d.u.i.k.p.i.AbstractProblemLoader Replaying proof dummy.key 
565370     DEBUG Test worker     d.u.i.k.p.i.IntermediateProofReplayer Proof replay took 8.6ns 
565372     INFO  Test worker     d.u.i.k.p.i.AbstractProblemLoader Loading environment from src/test/resources/testcase/merge/dummy.key 
565372     DEBUG Test worker     d.u.i.k.p.i.AbstractProblemLoader Environment load took 67ns 
565373     INFO  Test worker     d.u.i.k.p.i.AbstractProblemLoader Creating init config 
568284     DEBUG Test worker     d.u.i.k.p.i.AbstractProblemLoader Init config took 2.91s 
568297     INFO  Test worker     d.u.i.k.p.i.AbstractProblemLoader Replaying proof dummy.key 
568298     DEBUG Test worker     d.u.i.k.p.i.IntermediateProofReplayer Proof replay took 8.1ns 
]]></system-out>
  <system-err><![CDATA[]]></system-err>
</testsuite>
