<?xml version="1.0" encoding="UTF-8"?>
<testsuite name="de.uka.ilkd.key.taclettranslation.TestTacletTranslator" tests="5" skipped="0" failures="0" errors="0" timestamp="2023-05-27T17:44:50" hostname="fv-az574-535" time="0.009">
  <properties/>
  <testcase name="testPropositional1()" classname="de.uka.ilkd.key.taclettranslation.TestTacletTranslator" time="0.003"/>
  <testcase name="testPropositional2()" classname="de.uka.ilkd.key.taclettranslation.TestTacletTranslator" time="0.002"/>
  <testcase name="testNegativePolarity()" classname="de.uka.ilkd.key.taclettranslation.TestTacletTranslator" time="0.001"/>
  <testcase name="testNoPolarity()" classname="de.uka.ilkd.key.taclettranslation.TestTacletTranslator" time="0.001"/>
  <testcase name="testPositivePolarity()" classname="de.uka.ilkd.key.taclettranslation.TestTacletTranslator" time="0.001"/>
  <system-out><![CDATA[835237     INFO  Test worker     d.u.i.k.n.KeyIO           Parsing took 0 ms 
835237     DEBUG Test worker     d.u.i.k.n.KeyIO           Load declarations of de.uka.ilkd.key.nparser.KeyAst$File:  <unknown>:1#1 
835237     INFO  Test worker     d.u.i.k.n.KeyIO           MODE: declarations took 0 ms 
835237     DEBUG Test worker     d.u.i.k.n.KeyIO           MODE: 2nd degree decls took 0 
835237     DEBUG Test worker     d.u.i.k.n.KeyIO           MODE: taclets took 0ms 
835240     INFO  Test worker     d.u.i.k.n.KeyIO           Parsing took 0 ms 
835240     DEBUG Test worker     d.u.i.k.n.KeyIO           Load declarations of de.uka.ilkd.key.nparser.KeyAst$File:  <unknown>:1#1 
835240     INFO  Test worker     d.u.i.k.n.KeyIO           MODE: declarations took 0 ms 
835240     DEBUG Test worker     d.u.i.k.n.KeyIO           MODE: 2nd degree decls took 0 
835240     DEBUG Test worker     d.u.i.k.n.KeyIO           MODE: taclets took 0ms 
835241     INFO  Test worker     d.u.i.k.n.KeyIO           Parsing took 0 ms 
835241     DEBUG Test worker     d.u.i.k.n.KeyIO           Load declarations of de.uka.ilkd.key.nparser.KeyAst$File:  <unknown>:1#1 
835241     INFO  Test worker     d.u.i.k.n.KeyIO           MODE: declarations took 0 ms 
835242     DEBUG Test worker     d.u.i.k.n.KeyIO           MODE: 2nd degree decls took 1 
835242     DEBUG Test worker     d.u.i.k.n.KeyIO           MODE: taclets took 0ms 
835243     INFO  Test worker     d.u.i.k.n.KeyIO           Parsing took 0 ms 
835243     DEBUG Test worker     d.u.i.k.n.KeyIO           Load declarations of de.uka.ilkd.key.nparser.KeyAst$File:  <unknown>:1#1 
835243     INFO  Test worker     d.u.i.k.n.KeyIO           MODE: declarations took 0 ms 
835243     DEBUG Test worker     d.u.i.k.n.KeyIO           MODE: 2nd degree decls took 0 
835243     DEBUG Test worker     d.u.i.k.n.KeyIO           MODE: taclets took 0ms 
835244     INFO  Test worker     d.u.i.k.n.KeyIO           Parsing took 0 ms 
835244     DEBUG Test worker     d.u.i.k.n.KeyIO           Load declarations of de.uka.ilkd.key.nparser.KeyAst$File:  <unknown>:1#1 
835244     INFO  Test worker     d.u.i.k.n.KeyIO           MODE: declarations took 0 ms 
835244     DEBUG Test worker     d.u.i.k.n.KeyIO           MODE: 2nd degree decls took 0 
835244     DEBUG Test worker     d.u.i.k.n.KeyIO           MODE: taclets took 0ms 
]]></system-out>
  <system-err><![CDATA[]]></system-err>
</testsuite>
