<?xml version="1.0" encoding="UTF-8"?>
<testsuite name="de.uka.ilkd.key.parser.TestTermParserSorts" tests="2" skipped="0" failures="0" errors="0" timestamp="2023-05-27T17:38:24" hostname="fv-az574-535" time="3.011">
  <properties/>
  <testcase name="testParseIntegerArgs()" classname="de.uka.ilkd.key.parser.TestTermParserSorts" time="0.016"/>
  <testcase name="testParseSequencePrettySyntax()" classname="de.uka.ilkd.key.parser.TestTermParserSorts" time="0.003"/>
  <system-out><![CDATA[448988     INFO  Test worker     d.u.i.k.n.KeyIO           Parsing took 0 ms 
448988     DEBUG Test worker     d.u.i.k.n.KeyIO           Load declarations of de.uka.ilkd.key.nparser.KeyAst$File:  <unknown>:1#1 
448988     INFO  Test worker     d.u.i.k.n.KeyIO           MODE: declarations took 0 ms 
448988     DEBUG Test worker     d.u.i.k.n.KeyIO           MODE: 2nd degree decls took 0 
448988     INFO  Test worker     d.u.i.k.n.KeyIO           Parsing took 0 ms 
448988     DEBUG Test worker     d.u.i.k.n.KeyIO           Load declarations of de.uka.ilkd.key.nparser.KeyAst$File:  <unknown>:1#1 
448988     INFO  Test worker     d.u.i.k.n.KeyIO           MODE: declarations took 0 ms 
448988     DEBUG Test worker     d.u.i.k.n.KeyIO           MODE: 2nd degree decls took 0 
448988     INFO  Test worker     d.u.i.k.n.KeyIO           Parsing took 0 ms 
448988     DEBUG Test worker     d.u.i.k.n.KeyIO           Load declarations of de.uka.ilkd.key.nparser.KeyAst$File:  <unknown>:1#1 
448988     INFO  Test worker     d.u.i.k.n.KeyIO           MODE: declarations took 0 ms 
448988     DEBUG Test worker     d.u.i.k.n.KeyIO           MODE: 2nd degree decls took 0 
451996     INFO  Test worker     d.u.i.k.n.KeyIO           Parsing took 0 ms 
451996     DEBUG Test worker     d.u.i.k.n.KeyIO           Load declarations of de.uka.ilkd.key.nparser.KeyAst$File:  <unknown>:1#1 
451996     INFO  Test worker     d.u.i.k.n.KeyIO           MODE: declarations took 0 ms 
451996     DEBUG Test worker     d.u.i.k.n.KeyIO           MODE: 2nd degree decls took 0 
451996     INFO  Test worker     d.u.i.k.n.KeyIO           Parsing took 0 ms 
451996     DEBUG Test worker     d.u.i.k.n.KeyIO           Load declarations of de.uka.ilkd.key.nparser.KeyAst$File:  <unknown>:1#1 
451996     INFO  Test worker     d.u.i.k.n.KeyIO           MODE: declarations took 0 ms 
451996     DEBUG Test worker     d.u.i.k.n.KeyIO           MODE: 2nd degree decls took 0 
451996     INFO  Test worker     d.u.i.k.n.KeyIO           Parsing took 0 ms 
451996     DEBUG Test worker     d.u.i.k.n.KeyIO           Load declarations of de.uka.ilkd.key.nparser.KeyAst$File:  <unknown>:1#1 
451996     INFO  Test worker     d.u.i.k.n.KeyIO           MODE: declarations took 0 ms 
451996     DEBUG Test worker     d.u.i.k.n.KeyIO           MODE: 2nd degree decls took 0 
]]></system-out>
  <system-err><![CDATA[]]></system-err>
</testsuite>
