<?xml version="1.0" encoding="UTF-8"?>
<testsuite name="de.uka.ilkd.key.rule.loop.LoopScopeInvRuleTests" tests="1" skipped="0" failures="0" errors="0" timestamp="2023-05-27T17:38:52" hostname="fv-az574-535" time="4.607">
  <properties/>
  <testcase name="testDoAutomaticProofOfBenchmarkWithLabeledBreaksAndContinues()" classname="de.uka.ilkd.key.rule.loop.LoopScopeInvRuleTests" time="4.607"/>
  <system-out><![CDATA[477455     INFO  Test worker     d.u.i.k.p.i.AbstractProblemLoader Loading environment from src/test/resources/testcase/loopScopeInvRule/Test.key 
477456     DEBUG Test worker     d.u.i.k.p.i.AbstractProblemLoader Environment load took 406.8ns 
477456     INFO  Test worker     d.u.i.k.p.i.AbstractProblemLoader Creating init config 
477589     DEBUG Test worker     d.u.i.k.j.TypeConverter   No LDT found for Meta 
477590     DEBUG Test worker     d.u.i.k.j.TypeConverter   No LDT found for Meta 
477591     DEBUG Test worker     d.u.i.k.j.TypeConverter   No LDT found for Meta 
477591     DEBUG Test worker     d.u.i.k.j.TypeConverter   No LDT found for Meta 
478219     DEBUG Test worker     d.u.i.k.j.TypeConverter   No LDT found for JavaBigintExpression 
481494     DEBUG Test worker     d.u.i.k.p.i.AbstractProblemLoader Init config took 4.04s 
481538     INFO  Test worker     d.u.i.k.p.i.AbstractProblemLoader Replaying proof Test[Test::loopScopeRuleBenchmark(int,boolean)].JML normal_behavior operation contract.0 
481541     DEBUG Test worker     d.u.i.k.p.i.IntermediateProofReplayer Proof replay took 14.9ns 
]]></system-out>
  <system-err><![CDATA[]]></system-err>
</testsuite>
