<?xml version="1.0" encoding="UTF-8"?>
<testsuite name="de.uka.ilkd.key.java.TestContextStatementBlock" tests="1" skipped="0" failures="0" errors="0" timestamp="2023-05-27T17:31:18" hostname="fv-az574-535" time="1.281">
  <properties/>
  <testcase name="testContextTermInstantiation()" classname="de.uka.ilkd.key.java.TestContextStatementBlock" time="1.281"/>
  <system-out><![CDATA[24172      INFO  Test worker     d.u.i.k.n.KeyIO           Parsing took 12 ms 
24172      DEBUG Test worker     d.u.i.k.n.KeyIO           Load declarations of de.uka.ilkd.key.nparser.KeyAst$File:  /home/runner/work/key/key/key.core/src/test/resources/testcase/testrules.key:9#1 
24175      INFO  Test worker     d.u.i.k.n.KeyIO           MODE: declarations took 3 ms 
24176      DEBUG Test worker     d.u.i.k.n.KeyIO           MODE: 2nd degree decls took 1 
24281      DEBUG Test worker     d.u.i.k.n.KeyIO           MODE: taclets took 104ms 
]]></system-out>
  <system-err><![CDATA[]]></system-err>
</testsuite>
