<?xml version="1.0" encoding="UTF-8"?>
<testsuite name="de.uka.ilkd.key.logic.TestClashFreeSubst" tests="14" skipped="2" failures="0" errors="0" timestamp="2023-05-27T17:31:34" hostname="fv-az574-535" time="53.577">
  <properties/>
  <testcase name="testMultiShareBound()" classname="de.uka.ilkd.key.logic.TestClashFreeSubst" time="1.106"/>
  <testcase name="testClash()" classname="de.uka.ilkd.key.logic.TestClashFreeSubst" time="1.045"/>
  <testcase name="testShare()" classname="de.uka.ilkd.key.logic.TestClashFreeSubst" time="1.008"/>
  <testcase name="testSubst()" classname="de.uka.ilkd.key.logic.TestClashFreeSubst" time="0.978"/>
  <testcase name="testWary0()" classname="de.uka.ilkd.key.logic.TestClashFreeSubst" time="0.994"/>
  <testcase name="testWary1()" classname="de.uka.ilkd.key.logic.TestClashFreeSubst" time="0.998"/>
  <testcase name="testWary2()" classname="de.uka.ilkd.key.logic.TestClashFreeSubst" time="0.965"/>
  <testcase name="testClashInSubstTerm()" classname="de.uka.ilkd.key.logic.TestClashFreeSubst" time="0.95"/>
  <testcase name="testShareWary()" classname="de.uka.ilkd.key.logic.TestClashFreeSubst" time="0.974"/>
  <testcase name="testMultiSubst()" classname="de.uka.ilkd.key.logic.TestClashFreeSubst" time="0.968"/>
  <testcase name="xtestMultiClash()" classname="de.uka.ilkd.key.logic.TestClashFreeSubst" time="0.0">
    <skipped/>
  </testcase>
  <testcase name="testSubstInSubstTerm()" classname="de.uka.ilkd.key.logic.TestClashFreeSubst" time="1.01"/>
  <testcase name="testSubstWary()" classname="de.uka.ilkd.key.logic.TestClashFreeSubst" time="0.976"/>
  <testcase name="xtestMultiClash1()" classname="de.uka.ilkd.key.logic.TestClashFreeSubst" time="0.0">
    <skipped/>
  </testcase>
  <system-out><![CDATA[38649      INFO  Test worker     d.u.i.k.n.KeyIO           Parsing took 0 ms 
38649      DEBUG Test worker     d.u.i.k.n.KeyIO           Load declarations of de.uka.ilkd.key.nparser.KeyAst$File:  <unknown>:1#1 
38650      INFO  Test worker     d.u.i.k.n.KeyIO           MODE: declarations took 1 ms 
38650      DEBUG Test worker     d.u.i.k.n.KeyIO           MODE: 2nd degree decls took 0 
39750      INFO  Test worker     d.u.i.k.n.KeyIO           Parsing took 0 ms 
39750      DEBUG Test worker     d.u.i.k.n.KeyIO           Load declarations of de.uka.ilkd.key.nparser.KeyAst$File:  <unknown>:1#1 
39751      INFO  Test worker     d.u.i.k.n.KeyIO           MODE: declarations took 1 ms 
39751      DEBUG Test worker     d.u.i.k.n.KeyIO           MODE: 2nd degree decls took 0 
43237      INFO  Test worker     d.u.i.k.n.KeyIO           Parsing took 0 ms 
43247      DEBUG Test worker     d.u.i.k.n.KeyIO           Load declarations of de.uka.ilkd.key.nparser.KeyAst$File:  <unknown>:1#1 
43248      INFO  Test worker     d.u.i.k.n.KeyIO           MODE: declarations took 1 ms 
43249      DEBUG Test worker     d.u.i.k.n.KeyIO           MODE: 2nd degree decls took 0 
44272      INFO  Test worker     d.u.i.k.n.KeyIO           Parsing took 0 ms 
44273      DEBUG Test worker     d.u.i.k.n.KeyIO           Load declarations of de.uka.ilkd.key.nparser.KeyAst$File:  <unknown>:1#1 
44274      INFO  Test worker     d.u.i.k.n.KeyIO           MODE: declarations took 1 ms 
44274      DEBUG Test worker     d.u.i.k.n.KeyIO           MODE: 2nd degree decls took 0 
47555      INFO  Test worker     d.u.i.k.n.KeyIO           Parsing took 0 ms 
47556      DEBUG Test worker     d.u.i.k.n.KeyIO           Load declarations of de.uka.ilkd.key.nparser.KeyAst$File:  <unknown>:1#1 
47556      INFO  Test worker     d.u.i.k.n.KeyIO           MODE: declarations took 0 ms 
47557      DEBUG Test worker     d.u.i.k.n.KeyIO           MODE: 2nd degree decls took 0 
48560      INFO  Test worker     d.u.i.k.n.KeyIO           Parsing took 0 ms 
48560      DEBUG Test worker     d.u.i.k.n.KeyIO           Load declarations of de.uka.ilkd.key.nparser.KeyAst$File:  <unknown>:1#1 
48560      INFO  Test worker     d.u.i.k.n.KeyIO           MODE: declarations took 0 ms 
48560      DEBUG Test worker     d.u.i.k.n.KeyIO           MODE: 2nd degree decls took 0 
51830      INFO  Test worker     d.u.i.k.n.KeyIO           Parsing took 0 ms 
51830      DEBUG Test worker     d.u.i.k.n.KeyIO           Load declarations of de.uka.ilkd.key.nparser.KeyAst$File:  <unknown>:1#1 
51830      INFO  Test worker     d.u.i.k.n.KeyIO           MODE: declarations took 0 ms 
51830      DEBUG Test worker     d.u.i.k.n.KeyIO           MODE: 2nd degree decls took 0 
52806      INFO  Test worker     d.u.i.k.n.KeyIO           Parsing took 0 ms 
52806      DEBUG Test worker     d.u.i.k.n.KeyIO           Load declarations of de.uka.ilkd.key.nparser.KeyAst$File:  <unknown>:1#1 
52806      INFO  Test worker     d.u.i.k.n.KeyIO           MODE: declarations took 0 ms 
52806      DEBUG Test worker     d.u.i.k.n.KeyIO           MODE: 2nd degree decls took 0 
56164      INFO  Test worker     d.u.i.k.n.KeyIO           Parsing took 0 ms 
56164      DEBUG Test worker     d.u.i.k.n.KeyIO           Load declarations of de.uka.ilkd.key.nparser.KeyAst$File:  <unknown>:1#1 
56164      INFO  Test worker     d.u.i.k.n.KeyIO           MODE: declarations took 0 ms 
56164      DEBUG Test worker     d.u.i.k.n.KeyIO           MODE: 2nd degree decls took 0 
57155      INFO  Test worker     d.u.i.k.n.KeyIO           Parsing took 0 ms 
57155      DEBUG Test worker     d.u.i.k.n.KeyIO           Load declarations of de.uka.ilkd.key.nparser.KeyAst$File:  <unknown>:1#1 
57156      INFO  Test worker     d.u.i.k.n.KeyIO           MODE: declarations took 1 ms 
57156      DEBUG Test worker     d.u.i.k.n.KeyIO           MODE: 2nd degree decls took 0 
60426      INFO  Test worker     d.u.i.k.n.KeyIO           Parsing took 0 ms 
60426      DEBUG Test worker     d.u.i.k.n.KeyIO           Load declarations of de.uka.ilkd.key.nparser.KeyAst$File:  <unknown>:1#1 
60427      INFO  Test worker     d.u.i.k.n.KeyIO           MODE: declarations took 1 ms 
60427      DEBUG Test worker     d.u.i.k.n.KeyIO           MODE: 2nd degree decls took 0 
61420      INFO  Test worker     d.u.i.k.n.KeyIO           Parsing took 0 ms 
61421      DEBUG Test worker     d.u.i.k.n.KeyIO           Load declarations of de.uka.ilkd.key.nparser.KeyAst$File:  <unknown>:1#1 
61421      INFO  Test worker     d.u.i.k.n.KeyIO           MODE: declarations took 0 ms 
61422      DEBUG Test worker     d.u.i.k.n.KeyIO           MODE: 2nd degree decls took 0 
64656      INFO  Test worker     d.u.i.k.n.KeyIO           Parsing took 0 ms 
64656      DEBUG Test worker     d.u.i.k.n.KeyIO           Load declarations of de.uka.ilkd.key.nparser.KeyAst$File:  <unknown>:1#1 
64656      INFO  Test worker     d.u.i.k.n.KeyIO           MODE: declarations took 0 ms 
64656      DEBUG Test worker     d.u.i.k.n.KeyIO           MODE: 2nd degree decls took 0 
65618      INFO  Test worker     d.u.i.k.n.KeyIO           Parsing took 0 ms 
65618      DEBUG Test worker     d.u.i.k.n.KeyIO           Load declarations of de.uka.ilkd.key.nparser.KeyAst$File:  <unknown>:1#1 
65618      INFO  Test worker     d.u.i.k.n.KeyIO           MODE: declarations took 0 ms 
65618      DEBUG Test worker     d.u.i.k.n.KeyIO           MODE: 2nd degree decls took 0 
68686      INFO  Test worker     d.u.i.k.n.KeyIO           Parsing took 0 ms 
68686      DEBUG Test worker     d.u.i.k.n.KeyIO           Load declarations of de.uka.ilkd.key.nparser.KeyAst$File:  <unknown>:1#1 
68687      INFO  Test worker     d.u.i.k.n.KeyIO           MODE: declarations took 1 ms 
68687      DEBUG Test worker     d.u.i.k.n.KeyIO           MODE: 2nd degree decls took 0 
69632      INFO  Test worker     d.u.i.k.n.KeyIO           Parsing took 0 ms 
69632      DEBUG Test worker     d.u.i.k.n.KeyIO           Load declarations of de.uka.ilkd.key.nparser.KeyAst$File:  <unknown>:1#1 
69632      INFO  Test worker     d.u.i.k.n.KeyIO           MODE: declarations took 0 ms 
69633      DEBUG Test worker     d.u.i.k.n.KeyIO           MODE: 2nd degree decls took 0 
72688      INFO  Test worker     d.u.i.k.n.KeyIO           Parsing took 0 ms 
72688      DEBUG Test worker     d.u.i.k.n.KeyIO           Load declarations of de.uka.ilkd.key.nparser.KeyAst$File:  <unknown>:1#1 
72688      INFO  Test worker     d.u.i.k.n.KeyIO           MODE: declarations took 0 ms 
72688      DEBUG Test worker     d.u.i.k.n.KeyIO           MODE: 2nd degree decls took 0 
73657      INFO  Test worker     d.u.i.k.n.KeyIO           Parsing took 1 ms 
73657      DEBUG Test worker     d.u.i.k.n.KeyIO           Load declarations of de.uka.ilkd.key.nparser.KeyAst$File:  <unknown>:1#1 
73657      INFO  Test worker     d.u.i.k.n.KeyIO           MODE: declarations took 0 ms 
73657      DEBUG Test worker     d.u.i.k.n.KeyIO           MODE: 2nd degree decls took 0 
76781      INFO  Test worker     d.u.i.k.n.KeyIO           Parsing took 1 ms 
76781      DEBUG Test worker     d.u.i.k.n.KeyIO           Load declarations of de.uka.ilkd.key.nparser.KeyAst$File:  <unknown>:1#1 
76781      INFO  Test worker     d.u.i.k.n.KeyIO           MODE: declarations took 0 ms 
76781      DEBUG Test worker     d.u.i.k.n.KeyIO           MODE: 2nd degree decls took 0 
77746      INFO  Test worker     d.u.i.k.n.KeyIO           Parsing took 0 ms 
77746      DEBUG Test worker     d.u.i.k.n.KeyIO           Load declarations of de.uka.ilkd.key.nparser.KeyAst$File:  <unknown>:1#1 
77746      INFO  Test worker     d.u.i.k.n.KeyIO           MODE: declarations took 0 ms 
77747      DEBUG Test worker     d.u.i.k.n.KeyIO           MODE: 2nd degree decls took 1 
83957      INFO  Test worker     d.u.i.k.n.KeyIO           Parsing took 0 ms 
83957      DEBUG Test worker     d.u.i.k.n.KeyIO           Load declarations of de.uka.ilkd.key.nparser.KeyAst$File:  <unknown>:1#1 
83958      INFO  Test worker     d.u.i.k.n.KeyIO           MODE: declarations took 1 ms 
83958      DEBUG Test worker     d.u.i.k.n.KeyIO           MODE: 2nd degree decls took 0 
84964      INFO  Test worker     d.u.i.k.n.KeyIO           Parsing took 0 ms 
84964      DEBUG Test worker     d.u.i.k.n.KeyIO           Load declarations of de.uka.ilkd.key.nparser.KeyAst$File:  <unknown>:1#1 
84964      INFO  Test worker     d.u.i.k.n.KeyIO           MODE: declarations took 0 ms 
84964      DEBUG Test worker     d.u.i.k.n.KeyIO           MODE: 2nd degree decls took 0 
87987      INFO  Test worker     d.u.i.k.n.KeyIO           Parsing took 0 ms 
87987      DEBUG Test worker     d.u.i.k.n.KeyIO           Load declarations of de.uka.ilkd.key.nparser.KeyAst$File:  <unknown>:1#1 
87988      INFO  Test worker     d.u.i.k.n.KeyIO           MODE: declarations took 1 ms 
87988      DEBUG Test worker     d.u.i.k.n.KeyIO           MODE: 2nd degree decls took 0 
88961      INFO  Test worker     d.u.i.k.n.KeyIO           Parsing took 0 ms 
88961      DEBUG Test worker     d.u.i.k.n.KeyIO           Load declarations of de.uka.ilkd.key.nparser.KeyAst$File:  <unknown>:1#1 
88962      INFO  Test worker     d.u.i.k.n.KeyIO           MODE: declarations took 1 ms 
88962      DEBUG Test worker     d.u.i.k.n.KeyIO           MODE: 2nd degree decls took 0 
]]></system-out>
  <system-err><![CDATA[]]></system-err>
</testsuite>
