<?xml version="1.0" encoding="UTF-8"?>
<testsuite name="de.uka.ilkd.key.parser.TestTermParserHeap" tests="39" skipped="0" failures="0" errors="0" timestamp="2023-04-06T18:08:38" hostname="fv-az283-120" time="117.622">
  <properties/>
  <testcase name="testBracketHeapUpdate()" classname="de.uka.ilkd.key.parser.TestTermParserHeap" time="0.021"/>
  <testcase name="testStore()" classname="de.uka.ilkd.key.parser.TestTermParserHeap" time="0.008"/>
  <testcase name="testUnknownConstant()" classname="de.uka.ilkd.key.parser.TestTermParserHeap" time="0.002"/>
  <testcase name="testAllFieldsSelector()" classname="de.uka.ilkd.key.parser.TestTermParserHeap" time="0.002"/>
  <testcase name="testParsePrettyPrintedSelect()" classname="de.uka.ilkd.key.parser.TestTermParserHeap" time="0.002"/>
  <testcase name="testAccessStaticMembers()" classname="de.uka.ilkd.key.parser.TestTermParserHeap" time="0.004"/>
  <testcase name="testAtOperator_1()" classname="de.uka.ilkd.key.parser.TestTermParserHeap" time="0.001"/>
  <testcase name="testAtOperator_2()" classname="de.uka.ilkd.key.parser.TestTermParserHeap" time="0.001"/>
  <testcase name="testAtOperator_3()" classname="de.uka.ilkd.key.parser.TestTermParserHeap" time="0.001"/>
  <testcase name="testAtOperator_4()" classname="de.uka.ilkd.key.parser.TestTermParserHeap" time="0.01"/>
  <testcase name="testAtOperator_5()" classname="de.uka.ilkd.key.parser.TestTermParserHeap" time="0.004"/>
  <testcase name="testAtOperator_6()" classname="de.uka.ilkd.key.parser.TestTermParserHeap" time="0.002"/>
  <testcase name="testAtOperator_7()" classname="de.uka.ilkd.key.parser.TestTermParserHeap" time="0.001"/>
  <testcase name="testAtOperator_8()" classname="de.uka.ilkd.key.parser.TestTermParserHeap" time="0.004"/>
  <testcase name="testVerifyExceptionIfAtOperatorNotPreceededBySelectTerm()" classname="de.uka.ilkd.key.parser.TestTermParserHeap" time="0.004"/>
  <testcase name="testBugResettingCounter()" classname="de.uka.ilkd.key.parser.TestTermParserHeap" time="0.002"/>
  <testcase name="testLocationSets()" classname="de.uka.ilkd.key.parser.TestTermParserHeap" time="0.003"/>
  <testcase name="testQuantifiedSelect()" classname="de.uka.ilkd.key.parser.TestTermParserHeap" time="0.004"/>
  <testcase name="testGenericObjectProperties()" classname="de.uka.ilkd.key.parser.TestTermParserHeap" time="0.01"/>
  <testcase name="testQueryInheritance_1()" classname="de.uka.ilkd.key.parser.TestTermParserHeap" time="0.002"/>
  <testcase name="testQueryInheritance_2()" classname="de.uka.ilkd.key.parser.TestTermParserHeap" time="0.007"/>
  <testcase name="testQueryInheritance_3()" classname="de.uka.ilkd.key.parser.TestTermParserHeap" time="0.002"/>
  <testcase name="testQueryInheritance_4()" classname="de.uka.ilkd.key.parser.TestTermParserHeap" time="0.001"/>
  <testcase name="testQueryInheritance_5()" classname="de.uka.ilkd.key.parser.TestTermParserHeap" time="0.001"/>
  <testcase name="testQueryInheritance_6()" classname="de.uka.ilkd.key.parser.TestTermParserHeap" time="0.001"/>
  <testcase name="testQueryInheritance_7()" classname="de.uka.ilkd.key.parser.TestTermParserHeap" time="0.001"/>
  <testcase name="testQueryInheritance_8()" classname="de.uka.ilkd.key.parser.TestTermParserHeap" time="0.002"/>
  <testcase name="testQueryInheritance_9()" classname="de.uka.ilkd.key.parser.TestTermParserHeap" time="0.001"/>
  <testcase name="testQueryBasic_10()" classname="de.uka.ilkd.key.parser.TestTermParserHeap" time="0.001"/>
  <testcase name="testQueryBasic_11()" classname="de.uka.ilkd.key.parser.TestTermParserHeap" time="0.002"/>
  <testcase name="testQueryBasic_1()" classname="de.uka.ilkd.key.parser.TestTermParserHeap" time="0.001"/>
  <testcase name="testQueryBasic_2()" classname="de.uka.ilkd.key.parser.TestTermParserHeap" time="0.001"/>
  <testcase name="testQueryBasic_3()" classname="de.uka.ilkd.key.parser.TestTermParserHeap" time="0.002"/>
  <testcase name="testQueryBasic_4()" classname="de.uka.ilkd.key.parser.TestTermParserHeap" time="0.002"/>
  <testcase name="testQueryBasic_5()" classname="de.uka.ilkd.key.parser.TestTermParserHeap" time="0.002"/>
  <testcase name="testQueryBasic_6()" classname="de.uka.ilkd.key.parser.TestTermParserHeap" time="0.001"/>
  <testcase name="testQueryBasic_7()" classname="de.uka.ilkd.key.parser.TestTermParserHeap" time="0.003"/>
  <testcase name="testQueryBasic_8()" classname="de.uka.ilkd.key.parser.TestTermParserHeap" time="0.001"/>
  <testcase name="testQueryBasic_9()" classname="de.uka.ilkd.key.parser.TestTermParserHeap" time="0.002"/>
  <system-out><![CDATA[322960     INFO  Test worker     d.u.i.k.n.KeyIO           Parsing took 0 ms 
322960     INFO  Test worker     d.u.i.k.n.KeyIO           MODE: declarations took 0 ms 
322960     INFO  Test worker     d.u.i.k.n.KeyIO           Parsing took 0 ms 
322960     INFO  Test worker     d.u.i.k.n.KeyIO           MODE: declarations took 0 ms 
322961     INFO  Test worker     d.u.i.k.n.KeyIO           Parsing took 0 ms 
322961     INFO  Test worker     d.u.i.k.n.KeyIO           MODE: declarations took 0 ms 
322961     INFO  Test worker     d.u.i.k.n.KeyIO           Parsing took 0 ms 
322961     INFO  Test worker     d.u.i.k.n.KeyIO           MODE: declarations took 0 ms 
322961     INFO  Test worker     d.u.i.k.n.KeyIO           Parsing took 0 ms 
322961     INFO  Test worker     d.u.i.k.n.KeyIO           MODE: declarations took 0 ms 
326358     INFO  Test worker     d.u.i.k.n.KeyIO           Parsing took 0 ms 
326358     INFO  Test worker     d.u.i.k.n.KeyIO           MODE: declarations took 0 ms 
326358     INFO  Test worker     d.u.i.k.n.KeyIO           Parsing took 0 ms 
326358     INFO  Test worker     d.u.i.k.n.KeyIO           MODE: declarations took 0 ms 
326358     INFO  Test worker     d.u.i.k.n.KeyIO           Parsing took 0 ms 
326358     INFO  Test worker     d.u.i.k.n.KeyIO           MODE: declarations took 0 ms 
326358     INFO  Test worker     d.u.i.k.n.KeyIO           Parsing took 0 ms 
326358     INFO  Test worker     d.u.i.k.n.KeyIO           MODE: declarations took 0 ms 
326358     INFO  Test worker     d.u.i.k.n.KeyIO           Parsing took 0 ms 
326358     INFO  Test worker     d.u.i.k.n.KeyIO           MODE: declarations took 0 ms 
329767     INFO  Test worker     d.u.i.k.n.KeyIO           Parsing took 0 ms 
329767     INFO  Test worker     d.u.i.k.n.KeyIO           MODE: declarations took 0 ms 
329767     INFO  Test worker     d.u.i.k.n.KeyIO           Parsing took 0 ms 
329767     INFO  Test worker     d.u.i.k.n.KeyIO           MODE: declarations took 0 ms 
329768     INFO  Test worker     d.u.i.k.n.KeyIO           Parsing took 0 ms 
329768     INFO  Test worker     d.u.i.k.n.KeyIO           MODE: declarations took 0 ms 
329768     INFO  Test worker     d.u.i.k.n.KeyIO           Parsing took 0 ms 
329768     INFO  Test worker     d.u.i.k.n.KeyIO           MODE: declarations took 0 ms 
329768     INFO  Test worker     d.u.i.k.n.KeyIO           Parsing took 0 ms 
329768     INFO  Test worker     d.u.i.k.n.KeyIO           MODE: declarations took 0 ms 
329768     INFO  Test worker     d.u.i.k.n.KeyIO           Parsing took 0 ms 
329768     INFO  Test worker     d.u.i.k.n.KeyIO           MODE: declarations took 0 ms 
332978     INFO  Test worker     d.u.i.k.n.KeyIO           Parsing took 0 ms 
332978     INFO  Test worker     d.u.i.k.n.KeyIO           MODE: declarations took 0 ms 
332978     INFO  Test worker     d.u.i.k.n.KeyIO           Parsing took 0 ms 
332979     INFO  Test worker     d.u.i.k.n.KeyIO           MODE: declarations took 1 ms 
332979     INFO  Test worker     d.u.i.k.n.KeyIO           Parsing took 0 ms 
332979     INFO  Test worker     d.u.i.k.n.KeyIO           MODE: declarations took 0 ms 
332979     INFO  Test worker     d.u.i.k.n.KeyIO           Parsing took 0 ms 
332979     INFO  Test worker     d.u.i.k.n.KeyIO           MODE: declarations took 0 ms 
332979     INFO  Test worker     d.u.i.k.n.KeyIO           Parsing took 0 ms 
332979     INFO  Test worker     d.u.i.k.n.KeyIO           MODE: declarations took 0 ms 
336048     INFO  Test worker     d.u.i.k.n.KeyIO           Parsing took 0 ms 
336048     INFO  Test worker     d.u.i.k.n.KeyIO           MODE: declarations took 0 ms 
336049     INFO  Test worker     d.u.i.k.n.KeyIO           Parsing took 1 ms 
336049     INFO  Test worker     d.u.i.k.n.KeyIO           MODE: declarations took 0 ms 
336049     INFO  Test worker     d.u.i.k.n.KeyIO           Parsing took 0 ms 
336049     INFO  Test worker     d.u.i.k.n.KeyIO           MODE: declarations took 0 ms 
336049     INFO  Test worker     d.u.i.k.n.KeyIO           Parsing took 0 ms 
336049     INFO  Test worker     d.u.i.k.n.KeyIO           MODE: declarations took 0 ms 
336049     INFO  Test worker     d.u.i.k.n.KeyIO           Parsing took 0 ms 
336049     INFO  Test worker     d.u.i.k.n.KeyIO           MODE: declarations took 0 ms 
339044     INFO  Test worker     d.u.i.k.n.KeyIO           Parsing took 0 ms 
339044     INFO  Test worker     d.u.i.k.n.KeyIO           MODE: declarations took 0 ms 
339044     INFO  Test worker     d.u.i.k.n.KeyIO           Parsing took 0 ms 
339044     INFO  Test worker     d.u.i.k.n.KeyIO           MODE: declarations took 0 ms 
339044     INFO  Test worker     d.u.i.k.n.KeyIO           Parsing took 0 ms 
339044     INFO  Test worker     d.u.i.k.n.KeyIO           MODE: declarations took 0 ms 
339044     INFO  Test worker     d.u.i.k.n.KeyIO           Parsing took 0 ms 
339045     INFO  Test worker     d.u.i.k.n.KeyIO           MODE: declarations took 1 ms 
339045     INFO  Test worker     d.u.i.k.n.KeyIO           Parsing took 0 ms 
339045     INFO  Test worker     d.u.i.k.n.KeyIO           MODE: declarations took 0 ms 
342142     INFO  Test worker     d.u.i.k.n.KeyIO           Parsing took 0 ms 
342142     INFO  Test worker     d.u.i.k.n.KeyIO           MODE: declarations took 0 ms 
342142     INFO  Test worker     d.u.i.k.n.KeyIO           Parsing took 0 ms 
342142     INFO  Test worker     d.u.i.k.n.KeyIO           MODE: declarations took 0 ms 
342142     INFO  Test worker     d.u.i.k.n.KeyIO           Parsing took 0 ms 
342142     INFO  Test worker     d.u.i.k.n.KeyIO           MODE: declarations took 0 ms 
342142     INFO  Test worker     d.u.i.k.n.KeyIO           Parsing took 0 ms 
342142     INFO  Test worker     d.u.i.k.n.KeyIO           MODE: declarations took 0 ms 
342142     INFO  Test worker     d.u.i.k.n.KeyIO           Parsing took 0 ms 
342142     INFO  Test worker     d.u.i.k.n.KeyIO           MODE: declarations took 0 ms 
345271     INFO  Test worker     d.u.i.k.n.KeyIO           Parsing took 0 ms 
345271     INFO  Test worker     d.u.i.k.n.KeyIO           MODE: declarations took 0 ms 
345271     INFO  Test worker     d.u.i.k.n.KeyIO           Parsing took 0 ms 
345271     INFO  Test worker     d.u.i.k.n.KeyIO           MODE: declarations took 0 ms 
345271     INFO  Test worker     d.u.i.k.n.KeyIO           Parsing took 0 ms 
345271     INFO  Test worker     d.u.i.k.n.KeyIO           MODE: declarations took 0 ms 
345271     INFO  Test worker     d.u.i.k.n.KeyIO           Parsing took 0 ms 
345271     INFO  Test worker     d.u.i.k.n.KeyIO           MODE: declarations took 0 ms 
345271     INFO  Test worker     d.u.i.k.n.KeyIO           Parsing took 0 ms 
345271     INFO  Test worker     d.u.i.k.n.KeyIO           MODE: declarations took 0 ms 
348449     INFO  Test worker     d.u.i.k.n.KeyIO           Parsing took 0 ms 
348449     INFO  Test worker     d.u.i.k.n.KeyIO           MODE: declarations took 0 ms 
348449     INFO  Test worker     d.u.i.k.n.KeyIO           Parsing took 0 ms 
348450     INFO  Test worker     d.u.i.k.n.KeyIO           MODE: declarations took 1 ms 
348450     INFO  Test worker     d.u.i.k.n.KeyIO           Parsing took 0 ms 
348450     INFO  Test worker     d.u.i.k.n.KeyIO           MODE: declarations took 0 ms 
348450     INFO  Test worker     d.u.i.k.n.KeyIO           Parsing took 0 ms 
348450     INFO  Test worker     d.u.i.k.n.KeyIO           MODE: declarations took 0 ms 
348450     INFO  Test worker     d.u.i.k.n.KeyIO           Parsing took 0 ms 
348450     INFO  Test worker     d.u.i.k.n.KeyIO           MODE: declarations took 0 ms 
351856     INFO  Test worker     d.u.i.k.n.KeyIO           Parsing took 0 ms 
351856     INFO  Test worker     d.u.i.k.n.KeyIO           MODE: declarations took 0 ms 
351857     INFO  Test worker     d.u.i.k.n.KeyIO           Parsing took 0 ms 
351857     INFO  Test worker     d.u.i.k.n.KeyIO           MODE: declarations took 0 ms 
351857     INFO  Test worker     d.u.i.k.n.KeyIO           Parsing took 0 ms 
351857     INFO  Test worker     d.u.i.k.n.KeyIO           MODE: declarations took 0 ms 
351858     INFO  Test worker     d.u.i.k.n.KeyIO           Parsing took 0 ms 
351858     INFO  Test worker     d.u.i.k.n.KeyIO           MODE: declarations took 0 ms 
351858     INFO  Test worker     d.u.i.k.n.KeyIO           Parsing took 0 ms 
351858     INFO  Test worker     d.u.i.k.n.KeyIO           MODE: declarations took 0 ms 
354982     INFO  Test worker     d.u.i.k.n.KeyIO           Parsing took 0 ms 
354982     INFO  Test worker     d.u.i.k.n.KeyIO           MODE: declarations took 0 ms 
354982     INFO  Test worker     d.u.i.k.n.KeyIO           Parsing took 0 ms 
354982     INFO  Test worker     d.u.i.k.n.KeyIO           MODE: declarations took 0 ms 
354982     INFO  Test worker     d.u.i.k.n.KeyIO           Parsing took 0 ms 
354982     INFO  Test worker     d.u.i.k.n.KeyIO           MODE: declarations took 0 ms 
354982     INFO  Test worker     d.u.i.k.n.KeyIO           Parsing took 0 ms 
354982     INFO  Test worker     d.u.i.k.n.KeyIO           MODE: declarations took 0 ms 
354985     INFO  Test worker     d.u.i.k.n.KeyIO           Parsing took 0 ms 
354985     INFO  Test worker     d.u.i.k.n.KeyIO           MODE: declarations took 0 ms 
358109     INFO  Test worker     d.u.i.k.n.KeyIO           Parsing took 0 ms 
358109     INFO  Test worker     d.u.i.k.n.KeyIO           MODE: declarations took 0 ms 
358110     INFO  Test worker     d.u.i.k.n.KeyIO           Parsing took 0 ms 
358110     INFO  Test worker     d.u.i.k.n.KeyIO           MODE: declarations took 0 ms 
358110     INFO  Test worker     d.u.i.k.n.KeyIO           Parsing took 0 ms 
358110     INFO  Test worker     d.u.i.k.n.KeyIO           MODE: declarations took 0 ms 
358110     INFO  Test worker     d.u.i.k.n.KeyIO           Parsing took 0 ms 
358110     INFO  Test worker     d.u.i.k.n.KeyIO           MODE: declarations took 0 ms 
358110     INFO  Test worker     d.u.i.k.n.KeyIO           Parsing took 0 ms 
358110     INFO  Test worker     d.u.i.k.n.KeyIO           MODE: declarations took 0 ms 
361207     INFO  Test worker     d.u.i.k.n.KeyIO           Parsing took 0 ms 
361208     INFO  Test worker     d.u.i.k.n.KeyIO           MODE: declarations took 0 ms 
361208     INFO  Test worker     d.u.i.k.n.KeyIO           Parsing took 0 ms 
361208     INFO  Test worker     d.u.i.k.n.KeyIO           MODE: declarations took 0 ms 
361208     INFO  Test worker     d.u.i.k.n.KeyIO           Parsing took 0 ms 
361208     INFO  Test worker     d.u.i.k.n.KeyIO           MODE: declarations took 0 ms 
361208     INFO  Test worker     d.u.i.k.n.KeyIO           Parsing took 0 ms 
361208     INFO  Test worker     d.u.i.k.n.KeyIO           MODE: declarations took 0 ms 
361208     INFO  Test worker     d.u.i.k.n.KeyIO           Parsing took 0 ms 
361208     INFO  Test worker     d.u.i.k.n.KeyIO           MODE: declarations took 0 ms 
364291     INFO  Test worker     d.u.i.k.n.KeyIO           Parsing took 0 ms 
364291     INFO  Test worker     d.u.i.k.n.KeyIO           MODE: declarations took 0 ms 
364292     INFO  Test worker     d.u.i.k.n.KeyIO           Parsing took 0 ms 
364292     INFO  Test worker     d.u.i.k.n.KeyIO           MODE: declarations took 0 ms 
364292     INFO  Test worker     d.u.i.k.n.KeyIO           Parsing took 0 ms 
364292     INFO  Test worker     d.u.i.k.n.KeyIO           MODE: declarations took 0 ms 
364293     INFO  Test worker     d.u.i.k.n.KeyIO           Parsing took 0 ms 
364293     INFO  Test worker     d.u.i.k.n.KeyIO           MODE: declarations took 0 ms 
364293     INFO  Test worker     d.u.i.k.n.KeyIO           Parsing took 0 ms 
364293     INFO  Test worker     d.u.i.k.n.KeyIO           MODE: declarations took 0 ms 
367364     INFO  Test worker     d.u.i.k.n.KeyIO           Parsing took 0 ms 
367364     INFO  Test worker     d.u.i.k.n.KeyIO           MODE: declarations took 0 ms 
367364     INFO  Test worker     d.u.i.k.n.KeyIO           Parsing took 0 ms 
367365     INFO  Test worker     d.u.i.k.n.KeyIO           MODE: declarations took 0 ms 
367365     INFO  Test worker     d.u.i.k.n.KeyIO           Parsing took 0 ms 
367365     INFO  Test worker     d.u.i.k.n.KeyIO           MODE: declarations took 0 ms 
367365     INFO  Test worker     d.u.i.k.n.KeyIO           Parsing took 0 ms 
367366     INFO  Test worker     d.u.i.k.n.KeyIO           MODE: declarations took 0 ms 
367366     INFO  Test worker     d.u.i.k.n.KeyIO           Parsing took 0 ms 
367366     INFO  Test worker     d.u.i.k.n.KeyIO           MODE: declarations took 0 ms 
367367     WARN  Test worker     d.u.i.k.n.KeYParser       [syntax-error] <unknown>:1:11: mismatched input '@' expecting {'/', ':=', '.', '(', ')', '{', '[', '@', PARALLEL, OR, AND, IMP, '=', NOT_EQUALS, '%', '*', '-', '+', '>', GREATEREQUAL, '<', LESSEQUAL, LGUILLEMETS, EQV} [@11,11:11='@',<153>,1:11] (termEOF) 
370453     INFO  Test worker     d.u.i.k.n.KeyIO           Parsing took 0 ms 
370453     INFO  Test worker     d.u.i.k.n.KeyIO           MODE: declarations took 0 ms 
370453     INFO  Test worker     d.u.i.k.n.KeyIO           Parsing took 0 ms 
370453     INFO  Test worker     d.u.i.k.n.KeyIO           MODE: declarations took 0 ms 
370453     INFO  Test worker     d.u.i.k.n.KeyIO           Parsing took 0 ms 
370453     INFO  Test worker     d.u.i.k.n.KeyIO           MODE: declarations took 0 ms 
370453     INFO  Test worker     d.u.i.k.n.KeyIO           Parsing took 0 ms 
370453     INFO  Test worker     d.u.i.k.n.KeyIO           MODE: declarations took 0 ms 
370453     INFO  Test worker     d.u.i.k.n.KeyIO           Parsing took 0 ms 
370453     INFO  Test worker     d.u.i.k.n.KeyIO           MODE: declarations took 0 ms 
373548     INFO  Test worker     d.u.i.k.n.KeyIO           Parsing took 0 ms 
373548     INFO  Test worker     d.u.i.k.n.KeyIO           MODE: declarations took 0 ms 
373548     INFO  Test worker     d.u.i.k.n.KeyIO           Parsing took 0 ms 
373548     INFO  Test worker     d.u.i.k.n.KeyIO           MODE: declarations took 0 ms 
373549     INFO  Test worker     d.u.i.k.n.KeyIO           Parsing took 0 ms 
373549     INFO  Test worker     d.u.i.k.n.KeyIO           MODE: declarations took 0 ms 
373549     INFO  Test worker     d.u.i.k.n.KeyIO           Parsing took 0 ms 
373549     INFO  Test worker     d.u.i.k.n.KeyIO           MODE: declarations took 0 ms 
373549     INFO  Test worker     d.u.i.k.n.KeyIO           Parsing took 0 ms 
373549     INFO  Test worker     d.u.i.k.n.KeyIO           MODE: declarations took 0 ms 
376626     INFO  Test worker     d.u.i.k.n.KeyIO           Parsing took 0 ms 
376626     INFO  Test worker     d.u.i.k.n.KeyIO           MODE: declarations took 0 ms 
376626     INFO  Test worker     d.u.i.k.n.KeyIO           Parsing took 0 ms 
376626     INFO  Test worker     d.u.i.k.n.KeyIO           MODE: declarations took 0 ms 
376626     INFO  Test worker     d.u.i.k.n.KeyIO           Parsing took 0 ms 
376626     INFO  Test worker     d.u.i.k.n.KeyIO           MODE: declarations took 0 ms 
376626     INFO  Test worker     d.u.i.k.n.KeyIO           Parsing took 0 ms 
376627     INFO  Test worker     d.u.i.k.n.KeyIO           MODE: declarations took 1 ms 
376627     INFO  Test worker     d.u.i.k.n.KeyIO           Parsing took 0 ms 
376627     INFO  Test worker     d.u.i.k.n.KeyIO           MODE: declarations took 0 ms 
379552     INFO  Test worker     d.u.i.k.n.KeyIO           Parsing took 0 ms 
379553     INFO  Test worker     d.u.i.k.n.KeyIO           MODE: declarations took 0 ms 
379554     INFO  Test worker     d.u.i.k.n.KeyIO           Parsing took 0 ms 
379554     INFO  Test worker     d.u.i.k.n.KeyIO           MODE: declarations took 0 ms 
379554     INFO  Test worker     d.u.i.k.n.KeyIO           Parsing took 0 ms 
379554     INFO  Test worker     d.u.i.k.n.KeyIO           MODE: declarations took 0 ms 
379555     INFO  Test worker     d.u.i.k.n.KeyIO           Parsing took 0 ms 
379555     INFO  Test worker     d.u.i.k.n.KeyIO           MODE: declarations took 0 ms 
379555     INFO  Test worker     d.u.i.k.n.KeyIO           Parsing took 0 ms 
379556     INFO  Test worker     d.u.i.k.n.KeyIO           MODE: declarations took 1 ms 
382487     INFO  Test worker     d.u.i.k.n.KeyIO           Parsing took 0 ms 
382487     INFO  Test worker     d.u.i.k.n.KeyIO           MODE: declarations took 0 ms 
382487     INFO  Test worker     d.u.i.k.n.KeyIO           Parsing took 0 ms 
382487     INFO  Test worker     d.u.i.k.n.KeyIO           MODE: declarations took 0 ms 
382487     INFO  Test worker     d.u.i.k.n.KeyIO           Parsing took 0 ms 
382487     INFO  Test worker     d.u.i.k.n.KeyIO           MODE: declarations took 0 ms 
382487     INFO  Test worker     d.u.i.k.n.KeyIO           Parsing took 0 ms 
382488     INFO  Test worker     d.u.i.k.n.KeyIO           MODE: declarations took 0 ms 
382488     INFO  Test worker     d.u.i.k.n.KeyIO           Parsing took 0 ms 
382488     INFO  Test worker     d.u.i.k.n.KeyIO           MODE: declarations took 0 ms 
385373     INFO  Test worker     d.u.i.k.n.KeyIO           Parsing took 0 ms 
385374     INFO  Test worker     d.u.i.k.n.KeyIO           MODE: declarations took 0 ms 
385374     INFO  Test worker     d.u.i.k.n.KeyIO           Parsing took 0 ms 
385374     INFO  Test worker     d.u.i.k.n.KeyIO           MODE: declarations took 0 ms 
385374     INFO  Test worker     d.u.i.k.n.KeyIO           Parsing took 0 ms 
385374     INFO  Test worker     d.u.i.k.n.KeyIO           MODE: declarations took 0 ms 
385375     INFO  Test worker     d.u.i.k.n.KeyIO           Parsing took 0 ms 
385375     INFO  Test worker     d.u.i.k.n.KeyIO           MODE: declarations took 0 ms 
385375     INFO  Test worker     d.u.i.k.n.KeyIO           Parsing took 0 ms 
385376     INFO  Test worker     d.u.i.k.n.KeyIO           MODE: declarations took 1 ms 
388377     INFO  Test worker     d.u.i.k.n.KeyIO           Parsing took 0 ms 
388377     INFO  Test worker     d.u.i.k.n.KeyIO           MODE: declarations took 0 ms 
388378     INFO  Test worker     d.u.i.k.n.KeyIO           Parsing took 0 ms 
388378     INFO  Test worker     d.u.i.k.n.KeyIO           MODE: declarations took 0 ms 
388378     INFO  Test worker     d.u.i.k.n.KeyIO           Parsing took 0 ms 
388378     INFO  Test worker     d.u.i.k.n.KeyIO           MODE: declarations took 0 ms 
388378     INFO  Test worker     d.u.i.k.n.KeyIO           Parsing took 0 ms 
388378     INFO  Test worker     d.u.i.k.n.KeyIO           MODE: declarations took 0 ms 
388378     INFO  Test worker     d.u.i.k.n.KeyIO           Parsing took 0 ms 
388378     INFO  Test worker     d.u.i.k.n.KeyIO           MODE: declarations took 0 ms 
391388     INFO  Test worker     d.u.i.k.n.KeyIO           Parsing took 1 ms 
391388     INFO  Test worker     d.u.i.k.n.KeyIO           MODE: declarations took 0 ms 
391388     INFO  Test worker     d.u.i.k.n.KeyIO           Parsing took 0 ms 
391388     INFO  Test worker     d.u.i.k.n.KeyIO           MODE: declarations took 0 ms 
391388     INFO  Test worker     d.u.i.k.n.KeyIO           Parsing took 0 ms 
391388     INFO  Test worker     d.u.i.k.n.KeyIO           MODE: declarations took 0 ms 
391388     INFO  Test worker     d.u.i.k.n.KeyIO           Parsing took 0 ms 
391388     INFO  Test worker     d.u.i.k.n.KeyIO           MODE: declarations took 0 ms 
391388     INFO  Test worker     d.u.i.k.n.KeyIO           Parsing took 0 ms 
391388     INFO  Test worker     d.u.i.k.n.KeyIO           MODE: declarations took 0 ms 
394417     INFO  Test worker     d.u.i.k.n.KeyIO           Parsing took 0 ms 
394417     INFO  Test worker     d.u.i.k.n.KeyIO           MODE: declarations took 0 ms 
394417     INFO  Test worker     d.u.i.k.n.KeyIO           Parsing took 0 ms 
394417     INFO  Test worker     d.u.i.k.n.KeyIO           MODE: declarations took 0 ms 
394417     INFO  Test worker     d.u.i.k.n.KeyIO           Parsing took 0 ms 
394417     INFO  Test worker     d.u.i.k.n.KeyIO           MODE: declarations took 0 ms 
394417     INFO  Test worker     d.u.i.k.n.KeyIO           Parsing took 0 ms 
394417     INFO  Test worker     d.u.i.k.n.KeyIO           MODE: declarations took 0 ms 
394417     INFO  Test worker     d.u.i.k.n.KeyIO           Parsing took 0 ms 
394417     INFO  Test worker     d.u.i.k.n.KeyIO           MODE: declarations took 0 ms 
397452     INFO  Test worker     d.u.i.k.n.KeyIO           Parsing took 0 ms 
397452     INFO  Test worker     d.u.i.k.n.KeyIO           MODE: declarations took 0 ms 
397452     INFO  Test worker     d.u.i.k.n.KeyIO           Parsing took 0 ms 
397452     INFO  Test worker     d.u.i.k.n.KeyIO           MODE: declarations took 0 ms 
397452     INFO  Test worker     d.u.i.k.n.KeyIO           Parsing took 0 ms 
397452     INFO  Test worker     d.u.i.k.n.KeyIO           MODE: declarations took 0 ms 
397452     INFO  Test worker     d.u.i.k.n.KeyIO           Parsing took 0 ms 
397452     INFO  Test worker     d.u.i.k.n.KeyIO           MODE: declarations took 0 ms 
397452     INFO  Test worker     d.u.i.k.n.KeyIO           Parsing took 0 ms 
397452     INFO  Test worker     d.u.i.k.n.KeyIO           MODE: declarations took 0 ms 
400490     INFO  Test worker     d.u.i.k.n.KeyIO           Parsing took 0 ms 
400490     INFO  Test worker     d.u.i.k.n.KeyIO           MODE: declarations took 0 ms 
400490     INFO  Test worker     d.u.i.k.n.KeyIO           Parsing took 0 ms 
400490     INFO  Test worker     d.u.i.k.n.KeyIO           MODE: declarations took 0 ms 
400490     INFO  Test worker     d.u.i.k.n.KeyIO           Parsing took 0 ms 
400490     INFO  Test worker     d.u.i.k.n.KeyIO           MODE: declarations took 0 ms 
400490     INFO  Test worker     d.u.i.k.n.KeyIO           Parsing took 0 ms 
400490     INFO  Test worker     d.u.i.k.n.KeyIO           MODE: declarations took 0 ms 
400490     INFO  Test worker     d.u.i.k.n.KeyIO           Parsing took 0 ms 
400490     INFO  Test worker     d.u.i.k.n.KeyIO           MODE: declarations took 0 ms 
403542     INFO  Test worker     d.u.i.k.n.KeyIO           Parsing took 0 ms 
403543     INFO  Test worker     d.u.i.k.n.KeyIO           MODE: declarations took 1 ms 
403543     INFO  Test worker     d.u.i.k.n.KeyIO           Parsing took 0 ms 
403543     INFO  Test worker     d.u.i.k.n.KeyIO           MODE: declarations took 0 ms 
403544     INFO  Test worker     d.u.i.k.n.KeyIO           Parsing took 0 ms 
403544     INFO  Test worker     d.u.i.k.n.KeyIO           MODE: declarations took 0 ms 
403544     INFO  Test worker     d.u.i.k.n.KeyIO           Parsing took 0 ms 
403544     INFO  Test worker     d.u.i.k.n.KeyIO           MODE: declarations took 0 ms 
403544     INFO  Test worker     d.u.i.k.n.KeyIO           Parsing took 0 ms 
403544     INFO  Test worker     d.u.i.k.n.KeyIO           MODE: declarations took 0 ms 
406603     INFO  Test worker     d.u.i.k.n.KeyIO           Parsing took 0 ms 
406603     INFO  Test worker     d.u.i.k.n.KeyIO           MODE: declarations took 0 ms 
406603     INFO  Test worker     d.u.i.k.n.KeyIO           Parsing took 0 ms 
406603     INFO  Test worker     d.u.i.k.n.KeyIO           MODE: declarations took 0 ms 
406603     INFO  Test worker     d.u.i.k.n.KeyIO           Parsing took 0 ms 
406603     INFO  Test worker     d.u.i.k.n.KeyIO           MODE: declarations took 0 ms 
406603     INFO  Test worker     d.u.i.k.n.KeyIO           Parsing took 0 ms 
406603     INFO  Test worker     d.u.i.k.n.KeyIO           MODE: declarations took 0 ms 
406603     INFO  Test worker     d.u.i.k.n.KeyIO           Parsing took 0 ms 
406603     INFO  Test worker     d.u.i.k.n.KeyIO           MODE: declarations took 0 ms 
409663     INFO  Test worker     d.u.i.k.n.KeyIO           Parsing took 0 ms 
409663     INFO  Test worker     d.u.i.k.n.KeyIO           MODE: declarations took 0 ms 
409664     INFO  Test worker     d.u.i.k.n.KeyIO           Parsing took 0 ms 
409664     INFO  Test worker     d.u.i.k.n.KeyIO           MODE: declarations took 0 ms 
409664     INFO  Test worker     d.u.i.k.n.KeyIO           Parsing took 0 ms 
409664     INFO  Test worker     d.u.i.k.n.KeyIO           MODE: declarations took 0 ms 
409664     INFO  Test worker     d.u.i.k.n.KeyIO           Parsing took 0 ms 
409664     INFO  Test worker     d.u.i.k.n.KeyIO           MODE: declarations took 0 ms 
409664     INFO  Test worker     d.u.i.k.n.KeyIO           Parsing took 0 ms 
409664     INFO  Test worker     d.u.i.k.n.KeyIO           MODE: declarations took 0 ms 
412763     INFO  Test worker     d.u.i.k.n.KeyIO           Parsing took 0 ms 
412763     INFO  Test worker     d.u.i.k.n.KeyIO           MODE: declarations took 0 ms 
412763     INFO  Test worker     d.u.i.k.n.KeyIO           Parsing took 0 ms 
412763     INFO  Test worker     d.u.i.k.n.KeyIO           MODE: declarations took 0 ms 
412763     INFO  Test worker     d.u.i.k.n.KeyIO           Parsing took 0 ms 
412763     INFO  Test worker     d.u.i.k.n.KeyIO           MODE: declarations took 0 ms 
412763     INFO  Test worker     d.u.i.k.n.KeyIO           Parsing took 0 ms 
412763     INFO  Test worker     d.u.i.k.n.KeyIO           MODE: declarations took 0 ms 
412763     INFO  Test worker     d.u.i.k.n.KeyIO           Parsing took 0 ms 
412763     INFO  Test worker     d.u.i.k.n.KeyIO           MODE: declarations took 0 ms 
415921     INFO  Test worker     d.u.i.k.n.KeyIO           Parsing took 0 ms 
415921     INFO  Test worker     d.u.i.k.n.KeyIO           MODE: declarations took 0 ms 
415921     INFO  Test worker     d.u.i.k.n.KeyIO           Parsing took 0 ms 
415921     INFO  Test worker     d.u.i.k.n.KeyIO           MODE: declarations took 0 ms 
415921     INFO  Test worker     d.u.i.k.n.KeyIO           Parsing took 0 ms 
415921     INFO  Test worker     d.u.i.k.n.KeyIO           MODE: declarations took 0 ms 
415921     INFO  Test worker     d.u.i.k.n.KeyIO           Parsing took 0 ms 
415921     INFO  Test worker     d.u.i.k.n.KeyIO           MODE: declarations took 0 ms 
415921     INFO  Test worker     d.u.i.k.n.KeyIO           Parsing took 0 ms 
415921     INFO  Test worker     d.u.i.k.n.KeyIO           MODE: declarations took 0 ms 
419105     INFO  Test worker     d.u.i.k.n.KeyIO           Parsing took 0 ms 
419105     INFO  Test worker     d.u.i.k.n.KeyIO           MODE: declarations took 0 ms 
419105     INFO  Test worker     d.u.i.k.n.KeyIO           Parsing took 0 ms 
419105     INFO  Test worker     d.u.i.k.n.KeyIO           MODE: declarations took 0 ms 
419105     INFO  Test worker     d.u.i.k.n.KeyIO           Parsing took 0 ms 
419105     INFO  Test worker     d.u.i.k.n.KeyIO           MODE: declarations took 0 ms 
419105     INFO  Test worker     d.u.i.k.n.KeyIO           Parsing took 0 ms 
419105     INFO  Test worker     d.u.i.k.n.KeyIO           MODE: declarations took 0 ms 
419105     INFO  Test worker     d.u.i.k.n.KeyIO           Parsing took 0 ms 
419105     INFO  Test worker     d.u.i.k.n.KeyIO           MODE: declarations took 0 ms 
422176     INFO  Test worker     d.u.i.k.n.KeyIO           Parsing took 0 ms 
422177     INFO  Test worker     d.u.i.k.n.KeyIO           MODE: declarations took 1 ms 
422177     INFO  Test worker     d.u.i.k.n.KeyIO           Parsing took 0 ms 
422177     INFO  Test worker     d.u.i.k.n.KeyIO           MODE: declarations took 0 ms 
422177     INFO  Test worker     d.u.i.k.n.KeyIO           Parsing took 0 ms 
422177     INFO  Test worker     d.u.i.k.n.KeyIO           MODE: declarations took 0 ms 
422177     INFO  Test worker     d.u.i.k.n.KeyIO           Parsing took 0 ms 
422177     INFO  Test worker     d.u.i.k.n.KeyIO           MODE: declarations took 0 ms 
422177     INFO  Test worker     d.u.i.k.n.KeyIO           Parsing took 0 ms 
422177     INFO  Test worker     d.u.i.k.n.KeyIO           MODE: declarations took 0 ms 
425229     INFO  Test worker     d.u.i.k.n.KeyIO           Parsing took 0 ms 
425229     INFO  Test worker     d.u.i.k.n.KeyIO           MODE: declarations took 0 ms 
425229     INFO  Test worker     d.u.i.k.n.KeyIO           Parsing took 0 ms 
425229     INFO  Test worker     d.u.i.k.n.KeyIO           MODE: declarations took 0 ms 
425229     INFO  Test worker     d.u.i.k.n.KeyIO           Parsing took 0 ms 
425229     INFO  Test worker     d.u.i.k.n.KeyIO           MODE: declarations took 0 ms 
425229     INFO  Test worker     d.u.i.k.n.KeyIO           Parsing took 0 ms 
425229     INFO  Test worker     d.u.i.k.n.KeyIO           MODE: declarations took 0 ms 
425229     INFO  Test worker     d.u.i.k.n.KeyIO           Parsing took 0 ms 
425229     INFO  Test worker     d.u.i.k.n.KeyIO           MODE: declarations took 0 ms 
428260     INFO  Test worker     d.u.i.k.n.KeyIO           Parsing took 0 ms 
428261     INFO  Test worker     d.u.i.k.n.KeyIO           MODE: declarations took 0 ms 
428261     INFO  Test worker     d.u.i.k.n.KeyIO           Parsing took 0 ms 
428261     INFO  Test worker     d.u.i.k.n.KeyIO           MODE: declarations took 0 ms 
428261     INFO  Test worker     d.u.i.k.n.KeyIO           Parsing took 0 ms 
428261     INFO  Test worker     d.u.i.k.n.KeyIO           MODE: declarations took 0 ms 
428261     INFO  Test worker     d.u.i.k.n.KeyIO           Parsing took 0 ms 
428261     INFO  Test worker     d.u.i.k.n.KeyIO           MODE: declarations took 0 ms 
428261     INFO  Test worker     d.u.i.k.n.KeyIO           Parsing took 0 ms 
428261     INFO  Test worker     d.u.i.k.n.KeyIO           MODE: declarations took 0 ms 
431274     INFO  Test worker     d.u.i.k.n.KeyIO           Parsing took 0 ms 
431274     INFO  Test worker     d.u.i.k.n.KeyIO           MODE: declarations took 0 ms 
431274     INFO  Test worker     d.u.i.k.n.KeyIO           Parsing took 0 ms 
431274     INFO  Test worker     d.u.i.k.n.KeyIO           MODE: declarations took 0 ms 
431274     INFO  Test worker     d.u.i.k.n.KeyIO           Parsing took 0 ms 
431274     INFO  Test worker     d.u.i.k.n.KeyIO           MODE: declarations took 0 ms 
431274     INFO  Test worker     d.u.i.k.n.KeyIO           Parsing took 0 ms 
431274     INFO  Test worker     d.u.i.k.n.KeyIO           MODE: declarations took 0 ms 
431274     INFO  Test worker     d.u.i.k.n.KeyIO           Parsing took 0 ms 
431274     INFO  Test worker     d.u.i.k.n.KeyIO           MODE: declarations took 0 ms 
434339     INFO  Test worker     d.u.i.k.n.KeyIO           Parsing took 0 ms 
434340     INFO  Test worker     d.u.i.k.n.KeyIO           MODE: declarations took 1 ms 
434340     INFO  Test worker     d.u.i.k.n.KeyIO           Parsing took 0 ms 
434340     INFO  Test worker     d.u.i.k.n.KeyIO           MODE: declarations took 0 ms 
434340     INFO  Test worker     d.u.i.k.n.KeyIO           Parsing took 0 ms 
434340     INFO  Test worker     d.u.i.k.n.KeyIO           MODE: declarations took 0 ms 
434340     INFO  Test worker     d.u.i.k.n.KeyIO           Parsing took 0 ms 
434340     INFO  Test worker     d.u.i.k.n.KeyIO           MODE: declarations took 0 ms 
434340     INFO  Test worker     d.u.i.k.n.KeyIO           Parsing took 0 ms 
434340     INFO  Test worker     d.u.i.k.n.KeyIO           MODE: declarations took 0 ms 
437479     INFO  Test worker     d.u.i.k.n.KeyIO           Parsing took 0 ms 
437479     INFO  Test worker     d.u.i.k.n.KeyIO           MODE: declarations took 0 ms 
437479     INFO  Test worker     d.u.i.k.n.KeyIO           Parsing took 0 ms 
437479     INFO  Test worker     d.u.i.k.n.KeyIO           MODE: declarations took 0 ms 
437479     INFO  Test worker     d.u.i.k.n.KeyIO           Parsing took 0 ms 
437479     INFO  Test worker     d.u.i.k.n.KeyIO           MODE: declarations took 0 ms 
437479     INFO  Test worker     d.u.i.k.n.KeyIO           Parsing took 0 ms 
437479     INFO  Test worker     d.u.i.k.n.KeyIO           MODE: declarations took 0 ms 
437479     INFO  Test worker     d.u.i.k.n.KeyIO           Parsing took 0 ms 
437479     INFO  Test worker     d.u.i.k.n.KeyIO           MODE: declarations took 0 ms 
440580     INFO  Test worker     d.u.i.k.n.KeyIO           Parsing took 0 ms 
440580     INFO  Test worker     d.u.i.k.n.KeyIO           MODE: declarations took 0 ms 
440580     INFO  Test worker     d.u.i.k.n.KeyIO           Parsing took 0 ms 
440581     INFO  Test worker     d.u.i.k.n.KeyIO           MODE: declarations took 0 ms 
440581     INFO  Test worker     d.u.i.k.n.KeyIO           Parsing took 0 ms 
440581     INFO  Test worker     d.u.i.k.n.KeyIO           MODE: declarations took 0 ms 
440581     INFO  Test worker     d.u.i.k.n.KeyIO           Parsing took 0 ms 
440581     INFO  Test worker     d.u.i.k.n.KeyIO           MODE: declarations took 0 ms 
440581     INFO  Test worker     d.u.i.k.n.KeyIO           Parsing took 0 ms 
440581     INFO  Test worker     d.u.i.k.n.KeyIO           MODE: declarations took 0 ms 
]]></system-out>
  <system-err><![CDATA[]]></system-err>
</testsuite>
