<?xml version="1.0" encoding="UTF-8"?>
<testsuite name="de.uka.ilkd.key.parser.TestTermParserSorts" tests="2" skipped="0" failures="0" errors="0" timestamp="2023-04-06T18:10:38" hostname="fv-az283-120" time="3.179">
  <properties/>
  <testcase name="testParseIntegerArgs()" classname="de.uka.ilkd.key.parser.TestTermParserSorts" time="0.013"/>
  <testcase name="testParseSequencePrettySyntax()" classname="de.uka.ilkd.key.parser.TestTermParserSorts" time="0.001"/>
  <system-out><![CDATA[443650     INFO  Test worker     d.u.i.k.n.KeyIO           Parsing took 0 ms 
443650     INFO  Test worker     d.u.i.k.n.KeyIO           MODE: declarations took 0 ms 
443650     INFO  Test worker     d.u.i.k.n.KeyIO           Parsing took 0 ms 
443650     INFO  Test worker     d.u.i.k.n.KeyIO           MODE: declarations took 0 ms 
443650     INFO  Test worker     d.u.i.k.n.KeyIO           Parsing took 0 ms 
443650     INFO  Test worker     d.u.i.k.n.KeyIO           MODE: declarations took 0 ms 
446828     INFO  Test worker     d.u.i.k.n.KeyIO           Parsing took 0 ms 
446829     INFO  Test worker     d.u.i.k.n.KeyIO           MODE: declarations took 0 ms 
446829     INFO  Test worker     d.u.i.k.n.KeyIO           Parsing took 0 ms 
446829     INFO  Test worker     d.u.i.k.n.KeyIO           MODE: declarations took 0 ms 
446829     INFO  Test worker     d.u.i.k.n.KeyIO           Parsing took 0 ms 
446829     INFO  Test worker     d.u.i.k.n.KeyIO           MODE: declarations took 0 ms 
]]></system-out>
  <system-err><![CDATA[]]></system-err>
</testsuite>
