<?xml version="1.0" encoding="UTF-8"?>
<testsuite name="de.uka.ilkd.key.nparser.ParseLDTsTests" tests="2" skipped="0" failures="0" errors="0" timestamp="2023-04-06T18:06:45" hostname="fv-az283-120" time="1.041">
  <properties/>
  <testcase name="testLDT()" classname="de.uka.ilkd.key.nparser.ParseLDTsTests" time="0.018"/>
  <testcase name="testSR()" classname="de.uka.ilkd.key.nparser.ParseLDTsTests" time="1.023"/>
  <system-out><![CDATA[210100     INFO  Test worker     d.u.i.k.n.KeyIO           Parsing took 9 ms 
210101     INFO  Test worker     d.u.i.k.n.KeyIO           MODE: declarations took 1 ms 
210481     INFO  Test worker     d.u.i.k.n.KeyIO           Parsing took 370 ms 
210486     INFO  Test worker     d.u.i.k.n.KeyIO           MODE: declarations took 2 ms 
]]></system-out>
  <system-err><![CDATA[]]></system-err>
</testsuite>
