<?xml version="1.0" encoding="UTF-8"?>
<testsuite name="de.uka.ilkd.key.taclettranslation.TestTacletTranslator" tests="5" skipped="0" failures="0" errors="0" timestamp="2023-04-06T18:17:33" hostname="fv-az283-120" time="0.01">
  <properties/>
  <testcase name="testPropositional1()" classname="de.uka.ilkd.key.taclettranslation.TestTacletTranslator" time="0.004"/>
  <testcase name="testPropositional2()" classname="de.uka.ilkd.key.taclettranslation.TestTacletTranslator" time="0.001"/>
  <testcase name="testNegativePolarity()" classname="de.uka.ilkd.key.taclettranslation.TestTacletTranslator" time="0.001"/>
  <testcase name="testNoPolarity()" classname="de.uka.ilkd.key.taclettranslation.TestTacletTranslator" time="0.001"/>
  <testcase name="testPositivePolarity()" classname="de.uka.ilkd.key.taclettranslation.TestTacletTranslator" time="0.001"/>
  <system-out><![CDATA[858121     INFO  Test worker     d.u.i.k.n.KeyIO           Parsing took 0 ms 
858121     INFO  Test worker     d.u.i.k.n.KeyIO           MODE: declarations took 0 ms 
858126     INFO  Test worker     d.u.i.k.n.KeyIO           Parsing took 0 ms 
858126     INFO  Test worker     d.u.i.k.n.KeyIO           MODE: declarations took 0 ms 
858127     INFO  Test worker     d.u.i.k.n.KeyIO           Parsing took 0 ms 
858127     INFO  Test worker     d.u.i.k.n.KeyIO           MODE: declarations took 0 ms 
858128     INFO  Test worker     d.u.i.k.n.KeyIO           Parsing took 0 ms 
858129     INFO  Test worker     d.u.i.k.n.KeyIO           MODE: declarations took 0 ms 
858130     INFO  Test worker     d.u.i.k.n.KeyIO           Parsing took 0 ms 
858130     INFO  Test worker     d.u.i.k.n.KeyIO           MODE: declarations took 0 ms 
]]></system-out>
  <system-err><![CDATA[]]></system-err>
</testsuite>
