<?xml version="1.0" encoding="UTF-8"?>
<testsuite name="de.uka.ilkd.key.logic.TestClashFreeSubst" tests="14" skipped="2" failures="0" errors="0" timestamp="2023-04-06T18:03:52" hostname="fv-az283-120" time="52.382">
  <properties/>
  <testcase name="testMultiShareBound()" classname="de.uka.ilkd.key.logic.TestClashFreeSubst" time="0.995"/>
  <testcase name="testClash()" classname="de.uka.ilkd.key.logic.TestClashFreeSubst" time="1.009"/>
  <testcase name="testShare()" classname="de.uka.ilkd.key.logic.TestClashFreeSubst" time="0.947"/>
  <testcase name="testSubst()" classname="de.uka.ilkd.key.logic.TestClashFreeSubst" time="0.939"/>
  <testcase name="testWary0()" classname="de.uka.ilkd.key.logic.TestClashFreeSubst" time="0.973"/>
  <testcase name="testWary1()" classname="de.uka.ilkd.key.logic.TestClashFreeSubst" time="0.934"/>
  <testcase name="testWary2()" classname="de.uka.ilkd.key.logic.TestClashFreeSubst" time="0.951"/>
  <testcase name="testClashInSubstTerm()" classname="de.uka.ilkd.key.logic.TestClashFreeSubst" time="0.932"/>
  <testcase name="testShareWary()" classname="de.uka.ilkd.key.logic.TestClashFreeSubst" time="0.979"/>
  <testcase name="testMultiSubst()" classname="de.uka.ilkd.key.logic.TestClashFreeSubst" time="0.956"/>
  <testcase name="xtestMultiClash()" classname="de.uka.ilkd.key.logic.TestClashFreeSubst" time="0.001">
    <skipped/>
  </testcase>
  <testcase name="testSubstInSubstTerm()" classname="de.uka.ilkd.key.logic.TestClashFreeSubst" time="0.955"/>
  <testcase name="testSubstWary()" classname="de.uka.ilkd.key.logic.TestClashFreeSubst" time="1.008"/>
  <testcase name="xtestMultiClash1()" classname="de.uka.ilkd.key.logic.TestClashFreeSubst" time="0.0">
    <skipped/>
  </testcase>
  <system-out><![CDATA[37593      INFO  Test worker     d.u.i.k.n.KeyIO           Parsing took 0 ms 
37593      INFO  Test worker     d.u.i.k.n.KeyIO           MODE: declarations took 0 ms 
38584      INFO  Test worker     d.u.i.k.n.KeyIO           Parsing took 0 ms 
38585      INFO  Test worker     d.u.i.k.n.KeyIO           MODE: declarations took 1 ms 
41689      INFO  Test worker     d.u.i.k.n.KeyIO           Parsing took 0 ms 
41689      INFO  Test worker     d.u.i.k.n.KeyIO           MODE: declarations took 0 ms 
42693      INFO  Test worker     d.u.i.k.n.KeyIO           Parsing took 0 ms 
42693      INFO  Test worker     d.u.i.k.n.KeyIO           MODE: declarations took 0 ms 
45946      INFO  Test worker     d.u.i.k.n.KeyIO           Parsing took 0 ms 
45947      INFO  Test worker     d.u.i.k.n.KeyIO           MODE: declarations took 0 ms 
46890      INFO  Test worker     d.u.i.k.n.KeyIO           Parsing took 0 ms 
46891      INFO  Test worker     d.u.i.k.n.KeyIO           MODE: declarations took 0 ms 
50060      INFO  Test worker     d.u.i.k.n.KeyIO           Parsing took 0 ms 
50061      INFO  Test worker     d.u.i.k.n.KeyIO           MODE: declarations took 0 ms 
50997      INFO  Test worker     d.u.i.k.n.KeyIO           Parsing took 0 ms 
50997      INFO  Test worker     d.u.i.k.n.KeyIO           MODE: declarations took 0 ms 
54118      INFO  Test worker     d.u.i.k.n.KeyIO           Parsing took 0 ms 
54119      INFO  Test worker     d.u.i.k.n.KeyIO           MODE: declarations took 1 ms 
55088      INFO  Test worker     d.u.i.k.n.KeyIO           Parsing took 0 ms 
55089      INFO  Test worker     d.u.i.k.n.KeyIO           MODE: declarations took 1 ms 
58249      INFO  Test worker     d.u.i.k.n.KeyIO           Parsing took 1 ms 
58249      INFO  Test worker     d.u.i.k.n.KeyIO           MODE: declarations took 0 ms 
59180      INFO  Test worker     d.u.i.k.n.KeyIO           Parsing took 0 ms 
59181      INFO  Test worker     d.u.i.k.n.KeyIO           MODE: declarations took 0 ms 
62358      INFO  Test worker     d.u.i.k.n.KeyIO           Parsing took 0 ms 
62359      INFO  Test worker     d.u.i.k.n.KeyIO           MODE: declarations took 0 ms 
63303      INFO  Test worker     d.u.i.k.n.KeyIO           Parsing took 0 ms 
63304      INFO  Test worker     d.u.i.k.n.KeyIO           MODE: declarations took 0 ms 
66445      INFO  Test worker     d.u.i.k.n.KeyIO           Parsing took 0 ms 
66446      INFO  Test worker     d.u.i.k.n.KeyIO           MODE: declarations took 0 ms 
67374      INFO  Test worker     d.u.i.k.n.KeyIO           Parsing took 0 ms 
67374      INFO  Test worker     d.u.i.k.n.KeyIO           MODE: declarations took 0 ms 
70466      INFO  Test worker     d.u.i.k.n.KeyIO           Parsing took 0 ms 
70467      INFO  Test worker     d.u.i.k.n.KeyIO           MODE: declarations took 0 ms 
71441      INFO  Test worker     d.u.i.k.n.KeyIO           Parsing took 0 ms 
71442      INFO  Test worker     d.u.i.k.n.KeyIO           MODE: declarations took 0 ms 
74506      INFO  Test worker     d.u.i.k.n.KeyIO           Parsing took 0 ms 
74507      INFO  Test worker     d.u.i.k.n.KeyIO           MODE: declarations took 0 ms 
75457      INFO  Test worker     d.u.i.k.n.KeyIO           Parsing took 0 ms 
75459      INFO  Test worker     d.u.i.k.n.KeyIO           MODE: declarations took 1 ms 
81761      INFO  Test worker     d.u.i.k.n.KeyIO           Parsing took 0 ms 
81762      INFO  Test worker     d.u.i.k.n.KeyIO           MODE: declarations took 0 ms 
82713      INFO  Test worker     d.u.i.k.n.KeyIO           Parsing took 0 ms 
82714      INFO  Test worker     d.u.i.k.n.KeyIO           MODE: declarations took 0 ms 
85860      INFO  Test worker     d.u.i.k.n.KeyIO           Parsing took 0 ms 
85861      INFO  Test worker     d.u.i.k.n.KeyIO           MODE: declarations took 1 ms 
86860      INFO  Test worker     d.u.i.k.n.KeyIO           Parsing took 0 ms 
86861      INFO  Test worker     d.u.i.k.n.KeyIO           MODE: declarations took 1 ms 
]]></system-out>
  <system-err><![CDATA[]]></system-err>
</testsuite>
