<?xml version="1.0" encoding="UTF-8"?>
<testsuite name="de.uka.ilkd.key.parser.TestDeclParser" tests="14" skipped="2" failures="0" errors="0" timestamp="2023-04-06T18:06:56" hostname="fv-az283-120" time="11.454">
  <properties/>
  <testcase name="testGenericSortDecl1()" classname="de.uka.ilkd.key.parser.TestDeclParser" time="1.05"/>
  <testcase name="testGenericSortDecl2()" classname="de.uka.ilkd.key.parser.TestDeclParser" time="1.068"/>
  <testcase name="testGenericSortDecl3()" classname="de.uka.ilkd.key.parser.TestDeclParser" time="0.903"/>
  <testcase name="testGenericSortDecl4()" classname="de.uka.ilkd.key.parser.TestDeclParser" time="0.94"/>
  <testcase name="testGenericSortDecl5()" classname="de.uka.ilkd.key.parser.TestDeclParser" time="0.0">
    <skipped/>
  </testcase>
  <testcase name="testGenericSortDecl6()" classname="de.uka.ilkd.key.parser.TestDeclParser" time="0.953"/>
  <testcase name="testSortDecl()" classname="de.uka.ilkd.key.parser.TestDeclParser" time="0.909"/>
  <testcase name="testProxySortDecl()" classname="de.uka.ilkd.key.parser.TestDeclParser" time="0.918"/>
  <testcase name="testArrayDecl()" classname="de.uka.ilkd.key.parser.TestDeclParser" time="0.951"/>
  <testcase name="testAmbiguousDecls()" classname="de.uka.ilkd.key.parser.TestDeclParser" time="0.0">
    <skipped/>
  </testcase>
  <testcase name="testHeurDecl()" classname="de.uka.ilkd.key.parser.TestDeclParser" time="0.884"/>
  <testcase name="testFunctionDecl()" classname="de.uka.ilkd.key.parser.TestDeclParser" time="0.96"/>
  <testcase name="testPredicateDecl()" classname="de.uka.ilkd.key.parser.TestDeclParser" time="0.981"/>
  <testcase name="testSVDecl()" classname="de.uka.ilkd.key.parser.TestDeclParser" time="0.933"/>
  <system-out><![CDATA[221860     INFO  Test worker     d.u.i.k.n.KeyIO           Parsing took 0 ms 
221860     INFO  Test worker     d.u.i.k.n.KeyIO           MODE: declarations took 0 ms 
222929     INFO  Test worker     d.u.i.k.n.KeyIO           Parsing took 0 ms 
222930     INFO  Test worker     d.u.i.k.n.KeyIO           MODE: declarations took 1 ms 
223833     INFO  Test worker     d.u.i.k.n.KeyIO           Parsing took 0 ms 
223833     INFO  Test worker     d.u.i.k.n.KeyIO           MODE: declarations took 0 ms 
224773     INFO  Test worker     d.u.i.k.n.KeyIO           Parsing took 0 ms 
224773     INFO  Test worker     d.u.i.k.n.KeyIO           MODE: declarations took 0 ms 
225728     INFO  Test worker     d.u.i.k.n.KeyIO           Parsing took 0 ms 
225728     INFO  Test worker     d.u.i.k.n.KeyIO           MODE: declarations took 0 ms 
226637     INFO  Test worker     d.u.i.k.n.KeyIO           Parsing took 0 ms 
226637     INFO  Test worker     d.u.i.k.n.KeyIO           MODE: declarations took 0 ms 
227554     INFO  Test worker     d.u.i.k.n.KeyIO           Parsing took 0 ms 
227555     INFO  Test worker     d.u.i.k.n.KeyIO           MODE: declarations took 1 ms 
228505     INFO  Test worker     d.u.i.k.n.KeyIO           Parsing took 0 ms 
228505     INFO  Test worker     d.u.i.k.n.KeyIO           MODE: declarations took 0 ms 
229386     INFO  Test worker     d.u.i.k.n.KeyIO           Parsing took 0 ms 
229387     INFO  Test worker     d.u.i.k.n.KeyIO           MODE: declarations took 0 ms 
230349     INFO  Test worker     d.u.i.k.n.KeyIO           Parsing took 0 ms 
230350     INFO  Test worker     d.u.i.k.n.KeyIO           MODE: declarations took 0 ms 
231331     INFO  Test worker     d.u.i.k.n.KeyIO           Parsing took 0 ms 
231331     INFO  Test worker     d.u.i.k.n.KeyIO           MODE: declarations took 0 ms 
232263     INFO  Test worker     d.u.i.k.n.KeyIO           Parsing took 0 ms 
232264     INFO  Test worker     d.u.i.k.n.KeyIO           MODE: declarations took 1 ms 
]]></system-out>
  <system-err><![CDATA[]]></system-err>
</testsuite>
