<?xml version="1.0" encoding="UTF-8"?>
<testsuite name="de.uka.ilkd.key.nparser.ExprTest" tests="23" skipped="0" failures="0" errors="0" timestamp="2023-04-06T18:06:42" hostname="fv-az283-120" time="2.404">
  <properties/>
  <testcase name="[1] (bprod{int y;}(1, 2, y) = 0)" classname="de.uka.ilkd.key.nparser.ExprTest" time="0.016"/>
  <testcase name="[2] 1 = 1 -&gt; 2 = 2" classname="de.uka.ilkd.key.nparser.ExprTest" time="0.015"/>
  <testcase name="[3] \&lt; { int x = 1; } \&gt; x=1" classname="de.uka.ilkd.key.nparser.ExprTest" time="0.981"/>
  <testcase name="[4] \&lt;{ int x = 1; {int s = 2;} }\&gt; x=x" classname="de.uka.ilkd.key.nparser.ExprTest" time="1.013"/>
  <testcase name="[5] true" classname="de.uka.ilkd.key.nparser.ExprTest" time="0.018"/>
  <testcase name="[6] true &amp; false" classname="de.uka.ilkd.key.nparser.ExprTest" time="0.028"/>
  <testcase name="[7] 0" classname="de.uka.ilkd.key.nparser.ExprTest" time="0.02"/>
  <testcase name="[8] 1" classname="de.uka.ilkd.key.nparser.ExprTest" time="0.016"/>
  <testcase name="[9] 42" classname="de.uka.ilkd.key.nparser.ExprTest" time="0.015"/>
  <testcase name="[10] -5" classname="de.uka.ilkd.key.nparser.ExprTest" time="0.021"/>
  <testcase name="[11] 1 + 1 = 2" classname="de.uka.ilkd.key.nparser.ExprTest" time="0.017"/>
  <testcase name="[12] \if (3=4) \then (1) \else (2)" classname="de.uka.ilkd.key.nparser.ExprTest" time="0.014"/>
  <testcase name="[13] \if (3=4 &amp; 1=1) \then (\if (3=4) \then (1) \else (2)) \else (2)" classname="de.uka.ilkd.key.nparser.ExprTest" time="0.017"/>
  <testcase name="[14] aa + bb*cc" classname="de.uka.ilkd.key.nparser.ExprTest" time="0.016"/>
  <testcase name="[15] aa%bb*cc &lt; -123" classname="de.uka.ilkd.key.nparser.ExprTest" time="0.015"/>
  <testcase name="[16] \forall int x; true" classname="de.uka.ilkd.key.nparser.ExprTest" time="0.016"/>
  <testcase name="[17] \forall numbers x; x = x" classname="de.uka.ilkd.key.nparser.ExprTest" time="0.014"/>
  <testcase name="[18] (int)3+2" classname="de.uka.ilkd.key.nparser.ExprTest" time="0.016"/>
  <testcase name="[19] 1.f + 1f = 20e-1f * (2f-1f)" classname="de.uka.ilkd.key.nparser.ExprTest" time="0.026"/>
  <testcase name="[20] 1.d + 1d &lt;= 20e+1d * .01d" classname="de.uka.ilkd.key.nparser.ExprTest" time="0.015"/>
  <testcase name="[21] 1f &lt;= 2f" classname="de.uka.ilkd.key.nparser.ExprTest" time="0.017"/>
  <testcase name="[22] 2d &gt; 1d" classname="de.uka.ilkd.key.nparser.ExprTest" time="0.02"/>
  <testcase name="[23] seqEmpty + seqEmpty" classname="de.uka.ilkd.key.nparser.ExprTest" time="0.015"/>
  <system-out><![CDATA[207694     INFO  Test worker     d.u.i.k.n.KeyIO           Parsing took 8 ms 
207696     INFO  Test worker     d.u.i.k.n.KeyIO           MODE: declarations took 1 ms 
207699     INFO  Test worker     d.u.i.k.n.ExprTest        Term: equals(bprod{y:int}(Z(1(#)),Z(2(#)),y),Z(0(#))) 
207711     INFO  Test worker     d.u.i.k.n.KeyIO           Parsing took 9 ms 
207713     INFO  Test worker     d.u.i.k.n.KeyIO           MODE: declarations took 1 ms 
207715     INFO  Test worker     d.u.i.k.n.ExprTest        Term: imp(equals(Z(1(#)),Z(1(#))),equals(Z(2(#)),Z(2(#)))) 
207730     INFO  Test worker     d.u.i.k.n.KeyIO           Parsing took 12 ms 
207732     INFO  Test worker     d.u.i.k.n.KeyIO           MODE: declarations took 1 ms 
208696     INFO  Test worker     d.u.i.k.n.ExprTest        Term: \<{
  int x = 1;
}\> (equals(x,Z(1(#)))) 
208709     INFO  Test worker     d.u.i.k.n.KeyIO           Parsing took 9 ms 
208710     INFO  Test worker     d.u.i.k.n.KeyIO           MODE: declarations took 1 ms 
209709     INFO  Test worker     d.u.i.k.n.ExprTest        Term: \<{
  int x = 1;
  {
    int s = 2;
  }
}\> (equals(x,x)) 
209723     INFO  Test worker     d.u.i.k.n.KeyIO           Parsing took 9 ms 
209724     INFO  Test worker     d.u.i.k.n.KeyIO           MODE: declarations took 1 ms 
209728     INFO  Test worker     d.u.i.k.n.ExprTest        Term: true 
209750     INFO  Test worker     d.u.i.k.n.KeyIO           Parsing took 18 ms 
209756     INFO  Test worker     d.u.i.k.n.KeyIO           MODE: declarations took 1 ms 
209759     INFO  Test worker     d.u.i.k.n.ExprTest        Term: and(true,false) 
209776     INFO  Test worker     d.u.i.k.n.KeyIO           Parsing took 11 ms 
209778     INFO  Test worker     d.u.i.k.n.KeyIO           MODE: declarations took 1 ms 
209781     INFO  Test worker     d.u.i.k.n.ExprTest        Term: Z(0(#)) 
209792     INFO  Test worker     d.u.i.k.n.KeyIO           Parsing took 8 ms 
209794     INFO  Test worker     d.u.i.k.n.KeyIO           MODE: declarations took 1 ms 
209797     INFO  Test worker     d.u.i.k.n.ExprTest        Term: Z(1(#)) 
209808     INFO  Test worker     d.u.i.k.n.KeyIO           Parsing took 8 ms 
209810     INFO  Test worker     d.u.i.k.n.KeyIO           MODE: declarations took 1 ms 
209813     INFO  Test worker     d.u.i.k.n.ExprTest        Term: Z(2(4(#))) 
209825     INFO  Test worker     d.u.i.k.n.KeyIO           Parsing took 9 ms 
209827     INFO  Test worker     d.u.i.k.n.KeyIO           MODE: declarations took 1 ms 
209829     INFO  Test worker     d.u.i.k.n.ExprTest        Term: Z(neglit(5(#))) 
209851     INFO  Test worker     d.u.i.k.n.KeyIO           Parsing took 11 ms 
209853     INFO  Test worker     d.u.i.k.n.KeyIO           MODE: declarations took 1 ms 
209855     INFO  Test worker     d.u.i.k.n.ExprTest        Term: equals(add(Z(1(#)),Z(1(#))),Z(2(#))) 
209867     INFO  Test worker     d.u.i.k.n.KeyIO           Parsing took 9 ms 
209868     INFO  Test worker     d.u.i.k.n.KeyIO           MODE: declarations took 1 ms 
209871     INFO  Test worker     d.u.i.k.n.ExprTest        Term: if-then-else(equals(Z(3(#)),Z(4(#))),Z(1(#)),Z(2(#))) 
209884     INFO  Test worker     d.u.i.k.n.KeyIO           Parsing took 10 ms 
209886     INFO  Test worker     d.u.i.k.n.KeyIO           MODE: declarations took 1 ms 
209888     INFO  Test worker     d.u.i.k.n.ExprTest        Term: if-then-else(and(equals(Z(3(#)),Z(4(#))),equals(Z(1(#)),Z(1(#)))),if-then-else(equals(Z(3(#)),Z(4(#))),Z(1(#)),Z(2(#))),Z(2(#))) 
209901     INFO  Test worker     d.u.i.k.n.KeyIO           Parsing took 8 ms 
209902     INFO  Test worker     d.u.i.k.n.KeyIO           MODE: declarations took 1 ms 
209905     INFO  Test worker     d.u.i.k.n.ExprTest        Term: add(aa,mul(bb,cc)) 
209917     INFO  Test worker     d.u.i.k.n.KeyIO           Parsing took 9 ms 
209919     INFO  Test worker     d.u.i.k.n.KeyIO           MODE: declarations took 1 ms 
209922     INFO  Test worker     d.u.i.k.n.ExprTest        Term: lt(mul(mod(aa,bb),cc),Z(neglit(3(2(1(#)))))) 
209945     INFO  Test worker     d.u.i.k.n.KeyIO           Parsing took 8 ms 
209947     INFO  Test worker     d.u.i.k.n.KeyIO           MODE: declarations took 1 ms 
209949     INFO  Test worker     d.u.i.k.n.ExprTest        Term: all{x:int}(true) 
209962     INFO  Test worker     d.u.i.k.n.KeyIO           Parsing took 8 ms 
209963     INFO  Test worker     d.u.i.k.n.KeyIO           MODE: declarations took 1 ms 
209966     INFO  Test worker     d.u.i.k.n.ExprTest        Term: all{x:numbers}(equals(x,x)) 
209979     INFO  Test worker     d.u.i.k.n.KeyIO           Parsing took 10 ms 
209980     INFO  Test worker     d.u.i.k.n.KeyIO           MODE: declarations took 1 ms 
209982     INFO  Test worker     d.u.i.k.n.ExprTest        Term: add(int::cast(Z(3(#))),Z(2(#))) 
209998     INFO  Test worker     d.u.i.k.n.KeyIO           Parsing took 10 ms 
210000     INFO  Test worker     d.u.i.k.n.KeyIO           MODE: declarations took 1 ms 
210007     INFO  Test worker     d.u.i.k.n.ExprTest        Term: equals(addFloat(FP(6(1(2(3(5(3(5(6(0(1(#))))))))))),FP(6(1(2(3(5(3(5(6(0(1(#)))))))))))),mulFloat(FP(4(2(8(1(4(7(3(7(0(1(#))))))))))),subFloat(FP(4(2(8(1(4(7(3(7(0(1(#))))))))))),FP(6(1(2(3(5(3(5(6(0(1(#)))))))))))))) 
210023     INFO  Test worker     d.u.i.k.n.KeyIO           Parsing took 9 ms 
210026     INFO  Test worker     d.u.i.k.n.KeyIO           MODE: declarations took 2 ms 
210028     INFO  Test worker     d.u.i.k.n.ExprTest        Term: leqDouble(addDouble(DFP(8(0(4(7(1(0(0(0(8(8(1(4(2(8(1(7(0(6(4(#)))))))))))))))))))),DFP(8(0(4(7(1(0(0(0(8(8(1(4(2(8(1(7(0(6(4(#))))))))))))))))))))),mulDouble(DFP(4(8(7(6(0(0(2(8(9(0(9(8(0(4(2(1(4(6(4(#)))))))))))))))))))),DFP(5(7(6(7(8(0(4(0(3(9(2(2(8(1(9(6(7(5(4(#)))))))))))))))))))))) 
210043     INFO  Test worker     d.u.i.k.n.KeyIO           Parsing took 8 ms 
210046     INFO  Test worker     d.u.i.k.n.KeyIO           MODE: declarations took 1 ms 
210048     INFO  Test worker     d.u.i.k.n.ExprTest        Term: leqFloat(FP(6(1(2(3(5(3(5(6(0(1(#))))))))))),FP(4(2(8(1(4(7(3(7(0(1(#)))))))))))) 
210063     INFO  Test worker     d.u.i.k.n.KeyIO           Parsing took 7 ms 
210066     INFO  Test worker     d.u.i.k.n.KeyIO           MODE: declarations took 1 ms 
210068     INFO  Test worker     d.u.i.k.n.ExprTest        Term: gtDouble(DFP(4(0(9(7(8(3(7(2(4(8(1(0(6(8(6(1(1(6(4(#)))))))))))))))))))),DFP(8(0(4(7(1(0(0(0(8(8(1(4(2(8(1(7(0(6(4(#))))))))))))))))))))) 
210082     INFO  Test worker     d.u.i.k.n.KeyIO           Parsing took 9 ms 
210083     INFO  Test worker     d.u.i.k.n.KeyIO           MODE: declarations took 1 ms 
210086     INFO  Test worker     d.u.i.k.n.ExprTest        Term: seqConcat(seqEmpty,seqEmpty) 
]]></system-out>
  <system-err><![CDATA[]]></system-err>
</testsuite>
