<?xml version="1.0" encoding="UTF-8"?>
<testsuite name="de.uka.ilkd.key.symbolic_execution.testcase.strategy.TestLineBreakpointStopConditionSimpleWithLoopInvariant" tests="1" skipped="0" failures="0" errors="0" timestamp="2023-01-30T19:32:15" hostname="fv-az553-898" time="3.545">
  <properties/>
  <testcase name="testBreakpointStopCondition()" classname="de.uka.ilkd.key.symbolic_execution.testcase.strategy.TestLineBreakpointStopConditionSimpleWithLoopInvariant" time="3.545"/>
  <system-out><![CDATA[]]></system-out>
  <system-err><![CDATA[]]></system-err>
</testsuite>
