<?xml version="1.0" encoding="UTF-8"?>
<testsuite name="de.uka.ilkd.key.logic.TestTermLabelManager" tests="21" skipped="0" failures="19" errors="0" timestamp="2023-03-03T14:44:32" hostname="fv-az577-411" time="1.994">
  <properties/>
  <testcase name="testInstantiateLabels_directChildPolicies_allRules()" classname="de.uka.ilkd.key.logic.TestTermLabelManager" time="0.063">
    <failure message="line 135:14 mismatched input '\ifExintVar' expecting {MODALITY, FORALL, EXISTS, '\if', '\ifEx', 'true', 'false', '(', '{', '@', NOT, SEQARROW, '-', STRING_LITERAL, CHAR_LITERAL, BIN_LITERAL, HEX_LITERAL, IDENT, INT_LITERAL, FLOAT_LITERAL, DOUBLE_LITERAL, REAL_LITERAL}&#10;line 135:27 extraneous input '(' expecting {'\lemma', '}', IDENT, '/*!'}&#10;line 135:44 mismatched input ')' expecting {'(', '{'}&#10;line 141:14 mismatched input '\ifExintVar' expecting {MODALITY, FORALL, EXISTS, '\if', '\ifEx', 'true', 'false', '(', '{', '@', NOT, SEQARROW, '-', STRING_LITERAL, CHAR_LITERAL, BIN_LITERAL, HEX_LITERAL, IDENT, INT_LITERAL, FLOAT_LITERAL, DOUBLE_LITERAL, REAL_LITERAL}&#10;line 141:27 extraneous input '(' expecting {'\lemma', '}', IDENT, '/*!'}&#10;line 141:41 mismatched input ')' expecting {'(', '{'}&#10;line 148:14 mismatched input '\ifExintVar' expecting {MODALITY, FORALL, EXISTS, '\if', '\ifEx', 'true', 'false', '(', '{', '@', NOT, SEQARROW, '-', STRING_LITERAL, CHAR_LITERAL, BIN_LITERAL, HEX_LITERAL, IDENT, INT_LITERAL, FLOAT_LITERAL, DOUBLE_LITERAL, REAL_LITERAL}&#10;line 148:27 extraneous input '(' expecting {'\lemma', '}', IDENT, '/*!'}&#10;line 148:35 mismatched input '=' expecting {'(', '{'}&#10;line 150:38 mismatched input '}' expecting {'(', '{'}&#10;line 155:14 mismatched input '\ifExintVar' expecting {MODALITY, FORALL, EXISTS, '\if', '\ifEx', 'true', 'false', '(', '{', '@', NOT, SEQARROW, '-', STRING_LITERAL, CHAR_LITERAL, BIN_LITERAL, HEX_LITERAL, IDENT, INT_LITERAL, FLOAT_LITERAL, DOUBLE_LITERAL, REAL_LITERAL}&#10;line 155:27 extraneous input '(' expecting {'\lemma', '}', IDENT, '/*!'}&#10;line 155:35 mismatched input '=' expecting {'(', '{'}&#10;line 157:38 mismatched input '}' expecting {'(', '{'}&#10;line 163:14 mismatched input '\ifExintVar' expecting {MODALITY, FORALL, EXISTS, '\if', '\ifEx', 'true', 'false', '(', '{', '@', NOT, SEQARROW, '-', STRING_LITERAL, CHAR_LITERAL, BIN_LITERAL, HEX_LITERAL, IDENT, INT_LITERAL, FLOAT_LITERAL, DOUBLE_LITERAL, REAL_LITERAL}&#10;line 163:27 extraneous input '(' expecting {'\lemma', '}', IDENT, '/*!'}&#10;line 163:30 mismatched input '=' expecting {'(', '{'}&#10;line 165:38 mismatched input '}' expecting {'(', '{'}&#10;line 171:14 mismatched input '\ifExintVar' expecting {MODALITY, FORALL, EXISTS, '\if', '\ifEx', 'true', 'false', '(', '{', '@', NOT, SEQARROW, '-', STRING_LITERAL, CHAR_LITERAL, BIN_LITERAL, HEX_LITERAL, IDENT, INT_LITERAL, FLOAT_LITERAL, DOUBLE_LITERAL, REAL_LITERAL}&#10;line 171:27 extraneous input '(' expecting {'\lemma', '}', IDENT, '/*!'}&#10;line 171:30 mismatched input '=' expecting {'(', '{'}&#10;line 173:38 mismatched input '}' expecting {'(', '{'}&#10;line 179:14 mismatched input '\ifExintVar' expecting {MODALITY, FORALL, EXISTS, '\if', '\ifEx', 'true', 'false', '(', '{', '@', NOT, SEQARROW, '-', STRING_LITERAL, CHAR_LITERAL, BIN_LITERAL, HEX_LITERAL, IDENT, INT_LITERAL, FLOAT_LITERAL, DOUBLE_LITERAL, REAL_LITERAL}&#10;line 179:27 extraneous input '(' expecting {'\lemma', '}', IDENT, '/*!'}&#10;line 179:32 mismatched input '&amp;' expecting {'(', '{'}&#10;line 181:42 mismatched input '}' expecting {'(', '{'}&#10;line 182:39 mismatched input '}' expecting {'(', '{'}&#10;line 188:14 mismatched input '\ifExintVar' expecting {MODALITY, FORALL, EXISTS, '\if', '\ifEx', 'true', 'false', '(', '{', '@', NOT, SEQARROW, '-', STRING_LITERAL, CHAR_LITERAL, BIN_LITERAL, HEX_LITERAL, IDENT, INT_LITERAL, FLOAT_LITERAL, DOUBLE_LITERAL, REAL_LITERAL}&#10;line 188:27 extraneous input '(' expecting {'\lemma', '}', IDENT, '/*!'}&#10;line 188:32 mismatched input '&amp;' expecting {'(', '{'}&#10;line 190:42 mismatched input '}' expecting {'(', '{'}&#10;line 191:39 mismatched input '}' expecting {'(', '{'}&#10;line 198:14 mismatched input '\ifExintVar' expecting {MODALITY, FORALL, EXISTS, '\if', '\ifEx', 'true', 'false', '(', '{', '@', NOT, SEQARROW, '-', STRING_LITERAL, CHAR_LITERAL, BIN_LITERAL, HEX_LITERAL, IDENT, INT_LITERAL, FLOAT_LITERAL, DOUBLE_LITERAL, REAL_LITERAL}&#10;line 198:27 extraneous input '(' expecting {'\lemma', '}', IDENT, '/*!'}&#10;line 198:32 mismatched input '&amp;' expecting {'(', '{'}&#10;line 200:42 mismatched input '}' expecting {'(', '{'}&#10;line 201:39 mismatched input '}' expecting {'(', '{'}&#10;line 208:14 mismatched input '\ifExintVar' expecting {MODALITY, FORALL, EXISTS, '\if', '\ifEx', 'true', 'false', '(', '{', '@', NOT, SEQARROW, '-', STRING_LITERAL, CHAR_LITERAL, BIN_LITERAL, HEX_LITERAL, IDENT, INT_LITERAL, FLOAT_LITERAL, DOUBLE_LITERAL, REAL_LITERAL}&#10;line 208:27 extraneous input '(' expecting {'\lemma', '}', IDENT, '/*!'}&#10;line 208:32 mismatched input '&amp;' expecting {'(', '{'}&#10;line 210:42 mismatched input '}' expecting {'(', '{'}&#10;line 211:39 mismatched input '}' expecting {'(', '{'}&#10;line 218:14 mismatched input '\ifExintVar' expecting {MODALITY, FORALL, EXISTS, '\if', '\ifEx', 'true', 'false', '(', '{', '@', NOT, SEQARROW, '-', STRING_LITERAL, CHAR_LITERAL, BIN_LITERAL, HEX_LITERAL, IDENT, INT_LITERAL, FLOAT_LITERAL, DOUBLE_LITERAL, REAL_LITERAL}&#10;line 218:27 extraneous input '(' expecting {'\lemma', '}', IDENT, '/*!'}&#10;line 218:31 mismatched input ')' expecting {'(', '{'}&#10;line 220:44 mismatched input ')' expecting {'(', '{'}&#10;line 225:14 mismatched input '\ifExintVar' expecting {MODALITY, FORALL, EXISTS, '\if', '\ifEx', 'true', 'false', '(', '{', '@', NOT, SEQARROW, '-', STRING_LITERAL, CHAR_LITERAL, BIN_LITERAL, HEX_LITERAL, IDENT, INT_LITERAL, FLOAT_LITERAL, DOUBLE_LITERAL, REAL_LITERAL}&#10;line 225:27 extraneous input '(' expecting {'\lemma', '}', IDENT, '/*!'}&#10;line 225:31 mismatched input ')' expecting {'(', '{'}&#10;line 227:44 mismatched input ')' expecting {'(', '{'}&#10;line 233:14 mismatched input '\ifExintVar' expecting {MODALITY, FORALL, EXISTS, '\if', '\ifEx', 'true', 'false', '(', '{', '@', NOT, SEQARROW, '-', STRING_LITERAL, CHAR_LITERAL, BIN_LITERAL, HEX_LITERAL, IDENT, INT_LITERAL, FLOAT_LITERAL, DOUBLE_LITERAL, REAL_LITERAL}&#10;line 233:27 extraneous input '(' expecting {'\lemma', '}', IDENT, '/*!'}&#10;line 233:31 mismatched input ')' expecting {'(', '{'}&#10;line 237:42 mismatched input '}' expecting {'(', '{'}&#10;line 238:34 mismatched input '}' expecting {'(', '{'}&#10;line 239:28 extraneous input '(' expecting {'\lemma', '}', IDENT, '/*!'}&#10;line 239:33 mismatched input '-&gt;' expecting {'(', '{'}&#10;line 240:8 extraneous input '\replacewith' expecting {'\lemma', '}', IDENT, '/*!'}&#10;line 240:25 mismatched input ')' expecting {'(', '{'}&#10;line 240:56 mismatched input ')' expecting {'(', '{'}&#10;line 245:14 mismatched input '\ifExintVar' expecting {MODALITY, FORALL, EXISTS, '\if', '\ifEx', 'true', 'false', '(', '{', '@', NOT, SEQARROW, '-', STRING_LITERAL, CHAR_LITERAL, BIN_LITERAL, HEX_LITERAL, IDENT, INT_LITERAL, FLOAT_LITERAL, DOUBLE_LITERAL, REAL_LITERAL}&#10;line 245:27 extraneous input '(' expecting {'\lemma', '}', IDENT, '/*!'}&#10;line 245:31 mismatched input ')' expecting {'(', '{'}&#10;line 248:45 mismatched input '}' expecting {'(', '{'}&#10;line 249:8 extraneous input '\replacewith' expecting {'\lemma', '}', IDENT, '/*!'}&#10;line 249:38 mismatched input ')' expecting {'(', '{'}&#10;line 250:42 mismatched input '}' expecting {'(', '{'}&#10;line 251:28 extraneous input '(' expecting {'\lemma', '}', IDENT, '/*!'}&#10;line 251:33 mismatched input '-&gt;' expecting {'(', '{'}&#10;line 255:14 mismatched input '\ifExintVar' expecting {MODALITY, FORALL, EXISTS, '\if', '\ifEx', 'true', 'false', '(', '{', '@', NOT, SEQARROW, '-', STRING_LITERAL, CHAR_LITERAL, BIN_LITERAL, HEX_LITERAL, IDENT, INT_LITERAL, FLOAT_LITERAL, DOUBLE_LITERAL, REAL_LITERAL}&#10;line 255:27 extraneous input '(' expecting {'\lemma', '}', IDENT, '/*!'}&#10;line 255:31 mismatched input ')' expecting {'(', '{'}&#10;line 258:52 extraneous input '0' expecting {'\lemma', '}', IDENT, '/*!'}&#10;line 258:54 mismatched input 'then' expecting {&lt;EOF&gt;, '\problem', '\chooseContract', '\proofObligation', '\proof'}&#10; (file: src/test/resources/testcase/termLabels/flatSteps/FlatSteps.java; caused by: de.uka.ilkd.key.proof.init.ProofInputException: line 135:14 mismatched input '\ifExintVar' expecting {MODALITY, FORALL, EXISTS, '\if', '\ifEx', 'true', 'false', '(', '{', '@', NOT, SEQARROW, '-', STRING_LITERAL, CHAR_LITERAL, BIN_LITERAL, HEX_LITERAL, IDENT, INT_LITERAL, FLOAT_LITERAL, DOUBLE_LITERAL, REAL_LITERAL}&#10;line 135:27 extraneous input '(' expecting {'\lemma', '}', IDENT, '/*!'}&#10;line 135:44 mismatched input ')' expecting {'(', '{'}&#10;line 141:14 mismatched input '\ifExintVar' expecting {MODALITY, FORALL, EXISTS, '\if', '\ifEx', 'true', 'false', '(', '{', '@', NOT, SEQARROW, '-', STRING_LITERAL, CHAR_LITERAL, BIN_LITERAL, HEX_LITERAL, IDENT, INT_LITERAL, FLOAT_LITERAL, DOUBLE_LITERAL, REAL_LITERAL}&#10;line 141:27 extraneous input '(' expecting {'\lemma', '}', IDENT, '/*!'}&#10;line 141:41 mismatched input ')' expecting {'(', '{'}&#10;line 148:14 mismatched input '\ifExintVar' expecting {MODALITY, FORALL, EXISTS, '\if', '\ifEx', 'true', 'false', '(', '{', '@', NOT, SEQARROW, '-', STRING_LITERAL, CHAR_LITERAL, BIN_LITERAL, HEX_LITERAL, IDENT, INT_LITERAL, FLOAT_LITERAL, DOUBLE_LITERAL, REAL_LITERAL}&#10;line 148:27 extraneous input '(' expecting {'\lemma', '}', IDENT, '/*!'}&#10;line 148:35 mismatched input '=' expecting {'(', '{'}&#10;line 150:38 mismatched input '}' expecting {'(', '{'}&#10;line 155:14 mismatched input '\ifExintVar' expecting {MODALITY, FORALL, EXISTS, '\if', '\ifEx', 'true', 'false', '(', '{', '@', NOT, SEQARROW, '-', STRING_LITERAL, CHAR_LITERAL, BIN_LITERAL, HEX_LITERAL, IDENT, INT_LITERAL, FLOAT_LITERAL, DOUBLE_LITERAL, REAL_LITERAL}&#10;line 155:27 extraneous input '(' expecting {'\lemma', '}', IDENT, '/*!'}&#10;line 155:35 mismatched input '=' expecting {'(', '{'}&#10;line 157:38 mismatched input '}' expecting {'(', '{'}&#10;line 163:14 mismatched input '\ifExintVar' expecting {MODALITY, FORALL, EXISTS, '\if', '\ifEx', 'true', 'false', '(', '{', '@', NOT, SEQARROW, '-', STRING_LITERAL, CHAR_LITERAL, BIN_LITERAL, HEX_LITERAL, IDENT, INT_LITERAL, FLOAT_LITERAL, DOUBLE_LITERAL, REAL_LITERAL}&#10;line 163:27 extraneous input '(' expecting {'\lemma', '}', IDENT, '/*!'}&#10;line 163:30 mismatched input '=' expecting {'(', '{'}&#10;line 165:38 mismatched input '}' expecting {'(', '{'}&#10;line 171:14 mismatched input '\ifExintVar' expecting {MODALITY, FORALL, EXISTS, '\if', '\ifEx', 'true', 'false', '(', '{', '@', NOT, SEQARROW, '-', STRING_LITERAL, CHAR_LITERAL, BIN_LITERAL, HEX_LITERAL, IDENT, INT_LITERAL, FLOAT_LITERAL, DOUBLE_LITERAL, REAL_LITERAL}&#10;line 171:27 extraneous input '(' expecting {'\lemma', '}', IDENT, '/*!'}&#10;line 171:30 mismatched input '=' expecting {'(', '{'}&#10;line 173:38 mismatched input '}' expecting {'(', '{'}&#10;line 179:14 mismatched input '\ifExintVar' expecting {MODALITY, FORALL, EXISTS, '\if', '\ifEx', 'true', 'false', '(', '{', '@', NOT, SEQARROW, '-', STRING_LITERAL, CHAR_LITERAL, BIN_LITERAL, HEX_LITERAL, IDENT, INT_LITERAL, FLOAT_LITERAL, DOUBLE_LITERAL, REAL_LITERAL}&#10;line 179:27 extraneous input '(' expecting {'\lemma', '}', IDENT, '/*!'}&#10;line 179:32 mismatched input '&amp;' expecting {'(', '{'}&#10;line 181:42 mismatched input '}' expecting {'(', '{'}&#10;line 182:39 mismatched input '}' expecting {'(', '{'}&#10;line 188:14 mismatched input '\ifExintVar' expecting {MODALITY, FORALL, EXISTS, '\if', '\ifEx', 'true', 'false', '(', '{', '@', NOT, SEQARROW, '-', STRING_LITERAL, CHAR_LITERAL, BIN_LITERAL, HEX_LITERAL, IDENT, INT_LITERAL, FLOAT_LITERAL, DOUBLE_LITERAL, REAL_LITERAL}&#10;line 188:27 extraneous input '(' expecting {'\lemma', '}', IDENT, '/*!'}&#10;line 188:32 mismatched input '&amp;' expecting {'(', '{'}&#10;line 190:42 mismatched input '}' expecting {'(', '{'}&#10;line 191:39 mismatched input '}' expecting {'(', '{'}&#10;line 198:14 mismatched input '\ifExintVar' expecting {MODALITY, FORALL, EXISTS, '\if', '\ifEx', 'true', 'false', '(', '{', '@', NOT, SEQARROW, '-', STRING_LITERAL, CHAR_LITERAL, BIN_LITERAL, HEX_LITERAL, IDENT, INT_LITERAL, FLOAT_LITERAL, DOUBLE_LITERAL, REAL_LITERAL}&#10;line 198:27 extraneous input '(' expecting {'\lemma', '}', IDENT, '/*!'}&#10;line 198:32 mismatched input '&amp;' expecting {'(', '{'}&#10;line 200:42 mismatched input '}' expecting {'(', '{'}&#10;line 201:39 mismatched input '}' expecting {'(', '{'}&#10;line 208:14 mismatched input '\ifExintVar' expecting {MODALITY, FORALL, EXISTS, '\if', '\ifEx', 'true', 'false', '(', '{', '@', NOT, SEQARROW, '-', STRING_LITERAL, CHAR_LITERAL, BIN_LITERAL, HEX_LITERAL, IDENT, INT_LITERAL, FLOAT_LITERAL, DOUBLE_LITERAL, REAL_LITERAL}&#10;line 208:27 extraneous input '(' expecting {'\lemma', '}', IDENT, '/*!'}&#10;line 208:32 mismatched input '&amp;' expecting {'(', '{'}&#10;line 210:42 mismatched input '}' expecting {'(', '{'}&#10;line 211:39 mismatched input '}' expecting {'(', '{'}&#10;line 218:14 mismatched input '\ifExintVar' expecting {MODALITY, FORALL, EXISTS, '\if', '\ifEx', 'true', 'false', '(', '{', '@', NOT, SEQARROW, '-', STRING_LITERAL, CHAR_LITERAL, BIN_LITERAL, HEX_LITERAL, IDENT, INT_LITERAL, FLOAT_LITERAL, DOUBLE_LITERAL, REAL_LITERAL}&#10;line 218:27 extraneous input '(' expecting {'\lemma', '}', IDENT, '/*!'}&#10;line 218:31 mismatched input ')' expecting {'(', '{'}&#10;line 220:44 mismatched input ')' expecting {'(', '{'}&#10;line 225:14 mismatched input '\ifExintVar' expecting {MODALITY, FORALL, EXISTS, '\if', '\ifEx', 'true', 'false', '(', '{', '@', NOT, SEQARROW, '-', STRING_LITERAL, CHAR_LITERAL, BIN_LITERAL, HEX_LITERAL, IDENT, INT_LITERAL, FLOAT_LITERAL, DOUBLE_LITERAL, REAL_LITERAL}&#10;line 225:27 extraneous input '(' expecting {'\lemma', '}', IDENT, '/*!'}&#10;line 225:31 mismatched input ')' expecting {'(', '{'}&#10;line 227:44 mismatched input ')' expecting {'(', '{'}&#10;line 233:14 mismatched input '\ifExintVar' expecting {MODALITY, FORALL, EXISTS, '\if', '\ifEx', 'true', 'false', '(', '{', '@', NOT, SEQARROW, '-', STRING_LITERAL, CHAR_LITERAL, BIN_LITERAL, HEX_LITERAL, IDENT, INT_LITERAL, FLOAT_LITERAL, DOUBLE_LITERAL, REAL_LITERAL}&#10;line 233:27 extraneous input '(' expecting {'\lemma', '}', IDENT, '/*!'}&#10;line 233:31 mismatched input ')' expecting {'(', '{'}&#10;line 237:42 mismatched input '}' expecting {'(', '{'}&#10;line 238:34 mismatched input '}' expecting {'(', '{'}&#10;line 239:28 extraneous input '(' expecting {'\lemma', '}', IDENT, '/*!'}&#10;line 239:33 mismatched input '-&gt;' expecting {'(', '{'}&#10;line 240:8 extraneous input '\replacewith' expecting {'\lemma', '}', IDENT, '/*!'}&#10;line 240:25 mismatched input ')' expecting {'(', '{'}&#10;line 240:56 mismatched input ')' expecting {'(', '{'}&#10;line 245:14 mismatched input '\ifExintVar' expecting {MODALITY, FORALL, EXISTS, '\if', '\ifEx', 'true', 'false', '(', '{', '@', NOT, SEQARROW, '-', STRING_LITERAL, CHAR_LITERAL, BIN_LITERAL, HEX_LITERAL, IDENT, INT_LITERAL, FLOAT_LITERAL, DOUBLE_LITERAL, REAL_LITERAL}&#10;line 245:27 extraneous input '(' expecting {'\lemma', '}', IDENT, '/*!'}&#10;line 245:31 mismatched input ')' expecting {'(', '{'}&#10;line 248:45 mismatched input '}' expecting {'(', '{'}&#10;line 249:8 extraneous input '\replacewith' expecting {'\lemma', '}', IDENT, '/*!'}&#10;line 249:38 mismatched input ')' expecting {'(', '{'}&#10;line 250:42 mismatched input '}' expecting {'(', '{'}&#10;line 251:28 extraneous input '(' expecting {'\lemma', '}', IDENT, '/*!'}&#10;line 251:33 mismatched input '-&gt;' expecting {'(', '{'}&#10;line 255:14 mismatched input '\ifExintVar' expecting {MODALITY, FORALL, EXISTS, '\if', '\ifEx', 'true', 'false', '(', '{', '@', NOT, SEQARROW, '-', STRING_LITERAL, CHAR_LITERAL, BIN_LITERAL, HEX_LITERAL, IDENT, INT_LITERAL, FLOAT_LITERAL, DOUBLE_LITERAL, REAL_LITERAL}&#10;line 255:27 extraneous input '(' expecting {'\lemma', '}', IDENT, '/*!'}&#10;line 255:31 mismatched input ')' expecting {'(', '{'}&#10;line 258:52 extraneous input '0' expecting {'\lemma', '}', IDENT, '/*!'}&#10;line 258:54 mismatched input 'then' expecting {&lt;EOF&gt;, '\problem', '\chooseContract', '\proofObligation', '\proof'}&#10;)" type="de.uka.ilkd.key.proof.io.ProblemLoaderException">line 135:14 mismatched input '\ifExintVar' expecting {MODALITY, FORALL, EXISTS, '\if', '\ifEx', 'true', 'false', '(', '{', '@', NOT, SEQARROW, '-', STRING_LITERAL, CHAR_LITERAL, BIN_LITERAL, HEX_LITERAL, IDENT, INT_LITERAL, FLOAT_LITERAL, DOUBLE_LITERAL, REAL_LITERAL}
line 135:27 extraneous input '(' expecting {'\lemma', '}', IDENT, '/*!'}
line 135:44 mismatched input ')' expecting {'(', '{'}
line 141:14 mismatched input '\ifExintVar' expecting {MODALITY, FORALL, EXISTS, '\if', '\ifEx', 'true', 'false', '(', '{', '@', NOT, SEQARROW, '-', STRING_LITERAL, CHAR_LITERAL, BIN_LITERAL, HEX_LITERAL, IDENT, INT_LITERAL, FLOAT_LITERAL, DOUBLE_LITERAL, REAL_LITERAL}
line 141:27 extraneous input '(' expecting {'\lemma', '}', IDENT, '/*!'}
line 141:41 mismatched input ')' expecting {'(', '{'}
line 148:14 mismatched input '\ifExintVar' expecting {MODALITY, FORALL, EXISTS, '\if', '\ifEx', 'true', 'false', '(', '{', '@', NOT, SEQARROW, '-', STRING_LITERAL, CHAR_LITERAL, BIN_LITERAL, HEX_LITERAL, IDENT, INT_LITERAL, FLOAT_LITERAL, DOUBLE_LITERAL, REAL_LITERAL}
line 148:27 extraneous input '(' expecting {'\lemma', '}', IDENT, '/*!'}
line 148:35 mismatched input '=' expecting {'(', '{'}
line 150:38 mismatched input '}' expecting {'(', '{'}
line 155:14 mismatched input '\ifExintVar' expecting {MODALITY, FORALL, EXISTS, '\if', '\ifEx', 'true', 'false', '(', '{', '@', NOT, SEQARROW, '-', STRING_LITERAL, CHAR_LITERAL, BIN_LITERAL, HEX_LITERAL, IDENT, INT_LITERAL, FLOAT_LITERAL, DOUBLE_LITERAL, REAL_LITERAL}
line 155:27 extraneous input '(' expecting {'\lemma', '}', IDENT, '/*!'}
line 155:35 mismatched input '=' expecting {'(', '{'}
line 157:38 mismatched input '}' expecting {'(', '{'}
line 163:14 mismatched input '\ifExintVar' expecting {MODALITY, FORALL, EXISTS, '\if', '\ifEx', 'true', 'false', '(', '{', '@', NOT, SEQARROW, '-', STRING_LITERAL, CHAR_LITERAL, BIN_LITERAL, HEX_LITERAL, IDENT, INT_LITERAL, FLOAT_LITERAL, DOUBLE_LITERAL, REAL_LITERAL}
line 163:27 extraneous input '(' expecting {'\lemma', '}', IDENT, '/*!'}
line 163:30 mismatched input '=' expecting {'(', '{'}
line 165:38 mismatched input '}' expecting {'(', '{'}
line 171:14 mismatched input '\ifExintVar' expecting {MODALITY, FORALL, EXISTS, '\if', '\ifEx', 'true', 'false', '(', '{', '@', NOT, SEQARROW, '-', STRING_LITERAL, CHAR_LITERAL, BIN_LITERAL, HEX_LITERAL, IDENT, INT_LITERAL, FLOAT_LITERAL, DOUBLE_LITERAL, REAL_LITERAL}
line 171:27 extraneous input '(' expecting {'\lemma', '}', IDENT, '/*!'}
line 171:30 mismatched input '=' expecting {'(', '{'}
line 173:38 mismatched input '}' expecting {'(', '{'}
line 179:14 mismatched input '\ifExintVar' expecting {MODALITY, FORALL, EXISTS, '\if', '\ifEx', 'true', 'false', '(', '{', '@', NOT, SEQARROW, '-', STRING_LITERAL, CHAR_LITERAL, BIN_LITERAL, HEX_LITERAL, IDENT, INT_LITERAL, FLOAT_LITERAL, DOUBLE_LITERAL, REAL_LITERAL}
line 179:27 extraneous input '(' expecting {'\lemma', '}', IDENT, '/*!'}
line 179:32 mismatched input '&amp;' expecting {'(', '{'}
line 181:42 mismatched input '}' expecting {'(', '{'}
line 182:39 mismatched input '}' expecting {'(', '{'}
line 188:14 mismatched input '\ifExintVar' expecting {MODALITY, FORALL, EXISTS, '\if', '\ifEx', 'true', 'false', '(', '{', '@', NOT, SEQARROW, '-', STRING_LITERAL, CHAR_LITERAL, BIN_LITERAL, HEX_LITERAL, IDENT, INT_LITERAL, FLOAT_LITERAL, DOUBLE_LITERAL, REAL_LITERAL}
line 188:27 extraneous input '(' expecting {'\lemma', '}', IDENT, '/*!'}
line 188:32 mismatched input '&amp;' expecting {'(', '{'}
line 190:42 mismatched input '}' expecting {'(', '{'}
line 191:39 mismatched input '}' expecting {'(', '{'}
line 198:14 mismatched input '\ifExintVar' expecting {MODALITY, FORALL, EXISTS, '\if', '\ifEx', 'true', 'false', '(', '{', '@', NOT, SEQARROW, '-', STRING_LITERAL, CHAR_LITERAL, BIN_LITERAL, HEX_LITERAL, IDENT, INT_LITERAL, FLOAT_LITERAL, DOUBLE_LITERAL, REAL_LITERAL}
line 198:27 extraneous input '(' expecting {'\lemma', '}', IDENT, '/*!'}
line 198:32 mismatched input '&amp;' expecting {'(', '{'}
line 200:42 mismatched input '}' expecting {'(', '{'}
line 201:39 mismatched input '}' expecting {'(', '{'}
line 208:14 mismatched input '\ifExintVar' expecting {MODALITY, FORALL, EXISTS, '\if', '\ifEx', 'true', 'false', '(', '{', '@', NOT, SEQARROW, '-', STRING_LITERAL, CHAR_LITERAL, BIN_LITERAL, HEX_LITERAL, IDENT, INT_LITERAL, FLOAT_LITERAL, DOUBLE_LITERAL, REAL_LITERAL}
line 208:27 extraneous input '(' expecting {'\lemma', '}', IDENT, '/*!'}
line 208:32 mismatched input '&amp;' expecting {'(', '{'}
line 210:42 mismatched input '}' expecting {'(', '{'}
line 211:39 mismatched input '}' expecting {'(', '{'}
line 218:14 mismatched input '\ifExintVar' expecting {MODALITY, FORALL, EXISTS, '\if', '\ifEx', 'true', 'false', '(', '{', '@', NOT, SEQARROW, '-', STRING_LITERAL, CHAR_LITERAL, BIN_LITERAL, HEX_LITERAL, IDENT, INT_LITERAL, FLOAT_LITERAL, DOUBLE_LITERAL, REAL_LITERAL}
line 218:27 extraneous input '(' expecting {'\lemma', '}', IDENT, '/*!'}
line 218:31 mismatched input ')' expecting {'(', '{'}
line 220:44 mismatched input ')' expecting {'(', '{'}
line 225:14 mismatched input '\ifExintVar' expecting {MODALITY, FORALL, EXISTS, '\if', '\ifEx', 'true', 'false', '(', '{', '@', NOT, SEQARROW, '-', STRING_LITERAL, CHAR_LITERAL, BIN_LITERAL, HEX_LITERAL, IDENT, INT_LITERAL, FLOAT_LITERAL, DOUBLE_LITERAL, REAL_LITERAL}
line 225:27 extraneous input '(' expecting {'\lemma', '}', IDENT, '/*!'}
line 225:31 mismatched input ')' expecting {'(', '{'}
line 227:44 mismatched input ')' expecting {'(', '{'}
line 233:14 mismatched input '\ifExintVar' expecting {MODALITY, FORALL, EXISTS, '\if', '\ifEx', 'true', 'false', '(', '{', '@', NOT, SEQARROW, '-', STRING_LITERAL, CHAR_LITERAL, BIN_LITERAL, HEX_LITERAL, IDENT, INT_LITERAL, FLOAT_LITERAL, DOUBLE_LITERAL, REAL_LITERAL}
line 233:27 extraneous input '(' expecting {'\lemma', '}', IDENT, '/*!'}
line 233:31 mismatched input ')' expecting {'(', '{'}
line 237:42 mismatched input '}' expecting {'(', '{'}
line 238:34 mismatched input '}' expecting {'(', '{'}
line 239:28 extraneous input '(' expecting {'\lemma', '}', IDENT, '/*!'}
line 239:33 mismatched input '-&gt;' expecting {'(', '{'}
line 240:8 extraneous input '\replacewith' expecting {'\lemma', '}', IDENT, '/*!'}
line 240:25 mismatched input ')' expecting {'(', '{'}
line 240:56 mismatched input ')' expecting {'(', '{'}
line 245:14 mismatched input '\ifExintVar' expecting {MODALITY, FORALL, EXISTS, '\if', '\ifEx', 'true', 'false', '(', '{', '@', NOT, SEQARROW, '-', STRING_LITERAL, CHAR_LITERAL, BIN_LITERAL, HEX_LITERAL, IDENT, INT_LITERAL, FLOAT_LITERAL, DOUBLE_LITERAL, REAL_LITERAL}
line 245:27 extraneous input '(' expecting {'\lemma', '}', IDENT, '/*!'}
line 245:31 mismatched input ')' expecting {'(', '{'}
line 248:45 mismatched input '}' expecting {'(', '{'}
line 249:8 extraneous input '\replacewith' expecting {'\lemma', '}', IDENT, '/*!'}
line 249:38 mismatched input ')' expecting {'(', '{'}
line 250:42 mismatched input '}' expecting {'(', '{'}
line 251:28 extraneous input '(' expecting {'\lemma', '}', IDENT, '/*!'}
line 251:33 mismatched input '-&gt;' expecting {'(', '{'}
line 255:14 mismatched input '\ifExintVar' expecting {MODALITY, FORALL, EXISTS, '\if', '\ifEx', 'true', 'false', '(', '{', '@', NOT, SEQARROW, '-', STRING_LITERAL, CHAR_LITERAL, BIN_LITERAL, HEX_LITERAL, IDENT, INT_LITERAL, FLOAT_LITERAL, DOUBLE_LITERAL, REAL_LITERAL}
line 255:27 extraneous input '(' expecting {'\lemma', '}', IDENT, '/*!'}
line 255:31 mismatched input ')' expecting {'(', '{'}
line 258:52 extraneous input '0' expecting {'\lemma', '}', IDENT, '/*!'}
line 258:54 mismatched input 'then' expecting {&lt;EOF&gt;, '\problem', '\chooseContract', '\proofObligation', '\proof'}
 (file: src/test/resources/testcase/termLabels/flatSteps/FlatSteps.java; caused by: de.uka.ilkd.key.proof.init.ProofInputException: line 135:14 mismatched input '\ifExintVar' expecting {MODALITY, FORALL, EXISTS, '\if', '\ifEx', 'true', 'false', '(', '{', '@', NOT, SEQARROW, '-', STRING_LITERAL, CHAR_LITERAL, BIN_LITERAL, HEX_LITERAL, IDENT, INT_LITERAL, FLOAT_LITERAL, DOUBLE_LITERAL, REAL_LITERAL}
line 135:27 extraneous input '(' expecting {'\lemma', '}', IDENT, '/*!'}
line 135:44 mismatched input ')' expecting {'(', '{'}
line 141:14 mismatched input '\ifExintVar' expecting {MODALITY, FORALL, EXISTS, '\if', '\ifEx', 'true', 'false', '(', '{', '@', NOT, SEQARROW, '-', STRING_LITERAL, CHAR_LITERAL, BIN_LITERAL, HEX_LITERAL, IDENT, INT_LITERAL, FLOAT_LITERAL, DOUBLE_LITERAL, REAL_LITERAL}
line 141:27 extraneous input '(' expecting {'\lemma', '}', IDENT, '/*!'}
line 141:41 mismatched input ')' expecting {'(', '{'}
line 148:14 mismatched input '\ifExintVar' expecting {MODALITY, FORALL, EXISTS, '\if', '\ifEx', 'true', 'false', '(', '{', '@', NOT, SEQARROW, '-', STRING_LITERAL, CHAR_LITERAL, BIN_LITERAL, HEX_LITERAL, IDENT, INT_LITERAL, FLOAT_LITERAL, DOUBLE_LITERAL, REAL_LITERAL}
line 148:27 extraneous input '(' expecting {'\lemma', '}', IDENT, '/*!'}
line 148:35 mismatched input '=' expecting {'(', '{'}
line 150:38 mismatched input '}' expecting {'(', '{'}
line 155:14 mismatched input '\ifExintVar' expecting {MODALITY, FORALL, EXISTS, '\if', '\ifEx', 'true', 'false', '(', '{', '@', NOT, SEQARROW, '-', STRING_LITERAL, CHAR_LITERAL, BIN_LITERAL, HEX_LITERAL, IDENT, INT_LITERAL, FLOAT_LITERAL, DOUBLE_LITERAL, REAL_LITERAL}
line 155:27 extraneous input '(' expecting {'\lemma', '}', IDENT, '/*!'}
line 155:35 mismatched input '=' expecting {'(', '{'}
line 157:38 mismatched input '}' expecting {'(', '{'}
line 163:14 mismatched input '\ifExintVar' expecting {MODALITY, FORALL, EXISTS, '\if', '\ifEx', 'true', 'false', '(', '{', '@', NOT, SEQARROW, '-', STRING_LITERAL, CHAR_LITERAL, BIN_LITERAL, HEX_LITERAL, IDENT, INT_LITERAL, FLOAT_LITERAL, DOUBLE_LITERAL, REAL_LITERAL}
line 163:27 extraneous input '(' expecting {'\lemma', '}', IDENT, '/*!'}
line 163:30 mismatched input '=' expecting {'(', '{'}
line 165:38 mismatched input '}' expecting {'(', '{'}
line 171:14 mismatched input '\ifExintVar' expecting {MODALITY, FORALL, EXISTS, '\if', '\ifEx', 'true', 'false', '(', '{', '@', NOT, SEQARROW, '-', STRING_LITERAL, CHAR_LITERAL, BIN_LITERAL, HEX_LITERAL, IDENT, INT_LITERAL, FLOAT_LITERAL, DOUBLE_LITERAL, REAL_LITERAL}
line 171:27 extraneous input '(' expecting {'\lemma', '}', IDENT, '/*!'}
line 171:30 mismatched input '=' expecting {'(', '{'}
line 173:38 mismatched input '}' expecting {'(', '{'}
line 179:14 mismatched input '\ifExintVar' expecting {MODALITY, FORALL, EXISTS, '\if', '\ifEx', 'true', 'false', '(', '{', '@', NOT, SEQARROW, '-', STRING_LITERAL, CHAR_LITERAL, BIN_LITERAL, HEX_LITERAL, IDENT, INT_LITERAL, FLOAT_LITERAL, DOUBLE_LITERAL, REAL_LITERAL}
line 179:27 extraneous input '(' expecting {'\lemma', '}', IDENT, '/*!'}
line 179:32 mismatched input '&amp;' expecting {'(', '{'}
line 181:42 mismatched input '}' expecting {'(', '{'}
line 182:39 mismatched input '}' expecting {'(', '{'}
line 188:14 mismatched input '\ifExintVar' expecting {MODALITY, FORALL, EXISTS, '\if', '\ifEx', 'true', 'false', '(', '{', '@', NOT, SEQARROW, '-', STRING_LITERAL, CHAR_LITERAL, BIN_LITERAL, HEX_LITERAL, IDENT, INT_LITERAL, FLOAT_LITERAL, DOUBLE_LITERAL, REAL_LITERAL}
line 188:27 extraneous input '(' expecting {'\lemma', '}', IDENT, '/*!'}
line 188:32 mismatched input '&amp;' expecting {'(', '{'}
line 190:42 mismatched input '}' expecting {'(', '{'}
line 191:39 mismatched input '}' expecting {'(', '{'}
line 198:14 mismatched input '\ifExintVar' expecting {MODALITY, FORALL, EXISTS, '\if', '\ifEx', 'true', 'false', '(', '{', '@', NOT, SEQARROW, '-', STRING_LITERAL, CHAR_LITERAL, BIN_LITERAL, HEX_LITERAL, IDENT, INT_LITERAL, FLOAT_LITERAL, DOUBLE_LITERAL, REAL_LITERAL}
line 198:27 extraneous input '(' expecting {'\lemma', '}', IDENT, '/*!'}
line 198:32 mismatched input '&amp;' expecting {'(', '{'}
line 200:42 mismatched input '}' expecting {'(', '{'}
line 201:39 mismatched input '}' expecting {'(', '{'}
line 208:14 mismatched input '\ifExintVar' expecting {MODALITY, FORALL, EXISTS, '\if', '\ifEx', 'true', 'false', '(', '{', '@', NOT, SEQARROW, '-', STRING_LITERAL, CHAR_LITERAL, BIN_LITERAL, HEX_LITERAL, IDENT, INT_LITERAL, FLOAT_LITERAL, DOUBLE_LITERAL, REAL_LITERAL}
line 208:27 extraneous input '(' expecting {'\lemma', '}', IDENT, '/*!'}
line 208:32 mismatched input '&amp;' expecting {'(', '{'}
line 210:42 mismatched input '}' expecting {'(', '{'}
line 211:39 mismatched input '}' expecting {'(', '{'}
line 218:14 mismatched input '\ifExintVar' expecting {MODALITY, FORALL, EXISTS, '\if', '\ifEx', 'true', 'false', '(', '{', '@', NOT, SEQARROW, '-', STRING_LITERAL, CHAR_LITERAL, BIN_LITERAL, HEX_LITERAL, IDENT, INT_LITERAL, FLOAT_LITERAL, DOUBLE_LITERAL, REAL_LITERAL}
line 218:27 extraneous input '(' expecting {'\lemma', '}', IDENT, '/*!'}
line 218:31 mismatched input ')' expecting {'(', '{'}
line 220:44 mismatched input ')' expecting {'(', '{'}
line 225:14 mismatched input '\ifExintVar' expecting {MODALITY, FORALL, EXISTS, '\if', '\ifEx', 'true', 'false', '(', '{', '@', NOT, SEQARROW, '-', STRING_LITERAL, CHAR_LITERAL, BIN_LITERAL, HEX_LITERAL, IDENT, INT_LITERAL, FLOAT_LITERAL, DOUBLE_LITERAL, REAL_LITERAL}
line 225:27 extraneous input '(' expecting {'\lemma', '}', IDENT, '/*!'}
line 225:31 mismatched input ')' expecting {'(', '{'}
line 227:44 mismatched input ')' expecting {'(', '{'}
line 233:14 mismatched input '\ifExintVar' expecting {MODALITY, FORALL, EXISTS, '\if', '\ifEx', 'true', 'false', '(', '{', '@', NOT, SEQARROW, '-', STRING_LITERAL, CHAR_LITERAL, BIN_LITERAL, HEX_LITERAL, IDENT, INT_LITERAL, FLOAT_LITERAL, DOUBLE_LITERAL, REAL_LITERAL}
line 233:27 extraneous input '(' expecting {'\lemma', '}', IDENT, '/*!'}
line 233:31 mismatched input ')' expecting {'(', '{'}
line 237:42 mismatched input '}' expecting {'(', '{'}
line 238:34 mismatched input '}' expecting {'(', '{'}
line 239:28 extraneous input '(' expecting {'\lemma', '}', IDENT, '/*!'}
line 239:33 mismatched input '-&gt;' expecting {'(', '{'}
line 240:8 extraneous input '\replacewith' expecting {'\lemma', '}', IDENT, '/*!'}
line 240:25 mismatched input ')' expecting {'(', '{'}
line 240:56 mismatched input ')' expecting {'(', '{'}
line 245:14 mismatched input '\ifExintVar' expecting {MODALITY, FORALL, EXISTS, '\if', '\ifEx', 'true', 'false', '(', '{', '@', NOT, SEQARROW, '-', STRING_LITERAL, CHAR_LITERAL, BIN_LITERAL, HEX_LITERAL, IDENT, INT_LITERAL, FLOAT_LITERAL, DOUBLE_LITERAL, REAL_LITERAL}
line 245:27 extraneous input '(' expecting {'\lemma', '}', IDENT, '/*!'}
line 245:31 mismatched input ')' expecting {'(', '{'}
line 248:45 mismatched input '}' expecting {'(', '{'}
line 249:8 extraneous input '\replacewith' expecting {'\lemma', '}', IDENT, '/*!'}
line 249:38 mismatched input ')' expecting {'(', '{'}
line 250:42 mismatched input '}' expecting {'(', '{'}
line 251:28 extraneous input '(' expecting {'\lemma', '}', IDENT, '/*!'}
line 251:33 mismatched input '-&gt;' expecting {'(', '{'}
line 255:14 mismatched input '\ifExintVar' expecting {MODALITY, FORALL, EXISTS, '\if', '\ifEx', 'true', 'false', '(', '{', '@', NOT, SEQARROW, '-', STRING_LITERAL, CHAR_LITERAL, BIN_LITERAL, HEX_LITERAL, IDENT, INT_LITERAL, FLOAT_LITERAL, DOUBLE_LITERAL, REAL_LITERAL}
line 255:27 extraneous input '(' expecting {'\lemma', '}', IDENT, '/*!'}
line 255:31 mismatched input ')' expecting {'(', '{'}
line 258:52 extraneous input '0' expecting {'\lemma', '}', IDENT, '/*!'}
line 258:54 mismatched input 'then' expecting {&lt;EOF&gt;, '\problem', '\chooseContract', '\proofObligation', '\proof'}
)
	at app//de.uka.ilkd.key.control.AbstractUserInterfaceControl.load(AbstractUserInterfaceControl.java:221)
	at app//de.uka.ilkd.key.control.KeYEnvironment.load(KeYEnvironment.java:251)
	at app//de.uka.ilkd.key.control.KeYEnvironment.load(KeYEnvironment.java:224)
	at app//de.uka.ilkd.key.control.KeYEnvironment.load(KeYEnvironment.java:184)
	at app//de.uka.ilkd.key.logic.TestTermLabelManager.createTestServices(TestTermLabelManager.java:624)
	at app//de.uka.ilkd.key.logic.TestTermLabelManager.testInstantiateLabels_directChildPolicies_allRules(TestTermLabelManager.java:360)
	at java.base@11.0.18/jdk.internal.reflect.NativeMethodAccessorImpl.invoke0(Native Method)
	at java.base@11.0.18/jdk.internal.reflect.NativeMethodAccessorImpl.invoke(NativeMethodAccessorImpl.java:62)
	at java.base@11.0.18/jdk.internal.reflect.DelegatingMethodAccessorImpl.invoke(DelegatingMethodAccessorImpl.java:43)
	at java.base@11.0.18/java.lang.reflect.Method.invoke(Method.java:566)
	at app//org.junit.platform.commons.util.ReflectionUtils.invokeMethod(ReflectionUtils.java:725)
	at app//org.junit.jupiter.engine.execution.MethodInvocation.proceed(MethodInvocation.java:60)
	at app//org.junit.jupiter.engine.execution.InvocationInterceptorChain$ValidatingInvocation.proceed(InvocationInterceptorChain.java:131)
	at app//org.junit.jupiter.engine.extension.TimeoutExtension.intercept(TimeoutExtension.java:149)
	at app//org.junit.jupiter.engine.extension.TimeoutExtension.interceptTestableMethod(TimeoutExtension.java:140)
	at app//org.junit.jupiter.engine.extension.TimeoutExtension.interceptTestMethod(TimeoutExtension.java:84)
	at app//org.junit.jupiter.engine.execution.ExecutableInvoker$ReflectiveInterceptorCall.lambda$ofVoidMethod$0(ExecutableInvoker.java:115)
	at app//org.junit.jupiter.engine.execution.ExecutableInvoker.lambda$invoke$0(ExecutableInvoker.java:105)
	at app//org.junit.jupiter.engine.execution.InvocationInterceptorChain$InterceptedInvocation.proceed(InvocationInterceptorChain.java:106)
	at app//org.junit.jupiter.engine.execution.InvocationInterceptorChain.proceed(InvocationInterceptorChain.java:64)
	at app//org.junit.jupiter.engine.execution.InvocationInterceptorChain.chainAndInvoke(InvocationInterceptorChain.java:45)
	at app//org.junit.jupiter.engine.execution.InvocationInterceptorChain.invoke(InvocationInterceptorChain.java:37)
	at app//org.junit.jupiter.engine.execution.ExecutableInvoker.invoke(ExecutableInvoker.java:104)
	at app//org.junit.jupiter.engine.execution.ExecutableInvoker.invoke(ExecutableInvoker.java:98)
	at app//org.junit.jupiter.engine.descriptor.TestMethodTestDescriptor.lambda$invokeTestMethod$7(TestMethodTestDescriptor.java:214)
	at app//org.junit.platform.engine.support.hierarchical.ThrowableCollector.execute(ThrowableCollector.java:73)
	at app//org.junit.jupiter.engine.descriptor.TestMethodTestDescriptor.invokeTestMethod(TestMethodTestDescriptor.java:210)
	at app//org.junit.jupiter.engine.descriptor.TestMethodTestDescriptor.execute(TestMethodTestDescriptor.java:135)
	at app//org.junit.jupiter.engine.descriptor.TestMethodTestDescriptor.execute(TestMethodTestDescriptor.java:66)
	at app//org.junit.platform.engine.support.hierarchical.NodeTestTask.lambda$executeRecursively$6(NodeTestTask.java:151)
	at app//org.junit.platform.engine.support.hierarchical.ThrowableCollector.execute(ThrowableCollector.java:73)
	at app//org.junit.platform.engine.support.hierarchical.NodeTestTask.lambda$executeRecursively$8(NodeTestTask.java:141)
	at app//org.junit.platform.engine.support.hierarchical.Node.around(Node.java:137)
	at app//org.junit.platform.engine.support.hierarchical.NodeTestTask.lambda$executeRecursively$9(NodeTestTask.java:139)
	at app//org.junit.platform.engine.support.hierarchical.ThrowableCollector.execute(ThrowableCollector.java:73)
	at app//org.junit.platform.engine.support.hierarchical.NodeTestTask.executeRecursively(NodeTestTask.java:138)
	at app//org.junit.platform.engine.support.hierarchical.NodeTestTask.execute(NodeTestTask.java:95)
	at java.base@11.0.18/java.util.ArrayList.forEach(ArrayList.java:1541)
	at app//org.junit.platform.engine.support.hierarchical.SameThreadHierarchicalTestExecutorService.invokeAll(SameThreadHierarchicalTestExecutorService.java:41)
	at app//org.junit.platform.engine.support.hierarchical.NodeTestTask.lambda$executeRecursively$6(NodeTestTask.java:155)
	at app//org.junit.platform.engine.support.hierarchical.ThrowableCollector.execute(ThrowableCollector.java:73)
	at app//org.junit.platform.engine.support.hierarchical.NodeTestTask.lambda$executeRecursively$8(NodeTestTask.java:141)
	at app//org.junit.platform.engine.support.hierarchical.Node.around(Node.java:137)
	at app//org.junit.platform.engine.support.hierarchical.NodeTestTask.lambda$executeRecursively$9(NodeTestTask.java:139)
	at app//org.junit.platform.engine.support.hierarchical.ThrowableCollector.execute(ThrowableCollector.java:73)
	at app//org.junit.platform.engine.support.hierarchical.NodeTestTask.executeRecursively(NodeTestTask.java:138)
	at app//org.junit.platform.engine.support.hierarchical.NodeTestTask.execute(NodeTestTask.java:95)
	at java.base@11.0.18/java.util.ArrayList.forEach(ArrayList.java:1541)
	at app//org.junit.platform.engine.support.hierarchical.SameThreadHierarchicalTestExecutorService.invokeAll(SameThreadHierarchicalTestExecutorService.java:41)
	at app//org.junit.platform.engine.support.hierarchical.NodeTestTask.lambda$executeRecursively$6(NodeTestTask.java:155)
	at app//org.junit.platform.engine.support.hierarchical.ThrowableCollector.execute(ThrowableCollector.java:73)
	at app//org.junit.platform.engine.support.hierarchical.NodeTestTask.lambda$executeRecursively$8(NodeTestTask.java:141)
	at app//org.junit.platform.engine.support.hierarchical.Node.around(Node.java:137)
	at app//org.junit.platform.engine.support.hierarchical.NodeTestTask.lambda$executeRecursively$9(NodeTestTask.java:139)
	at app//org.junit.platform.engine.support.hierarchical.ThrowableCollector.execute(ThrowableCollector.java:73)
	at app//org.junit.platform.engine.support.hierarchical.NodeTestTask.executeRecursively(NodeTestTask.java:138)
	at app//org.junit.platform.engine.support.hierarchical.NodeTestTask.execute(NodeTestTask.java:95)
	at app//org.junit.platform.engine.support.hierarchical.SameThreadHierarchicalTestExecutorService.submit(SameThreadHierarchicalTestExecutorService.java:35)
	at app//org.junit.platform.engine.support.hierarchical.HierarchicalTestExecutor.execute(HierarchicalTestExecutor.java:57)
	at app//org.junit.platform.engine.support.hierarchical.HierarchicalTestEngine.execute(HierarchicalTestEngine.java:54)
	at org.junit.platform.launcher.core.EngineExecutionOrchestrator.execute(EngineExecutionOrchestrator.java:107)
	at org.junit.platform.launcher.core.EngineExecutionOrchestrator.execute(EngineExecutionOrchestrator.java:88)
	at org.junit.platform.launcher.core.EngineExecutionOrchestrator.lambda$execute$0(EngineExecutionOrchestrator.java:54)
	at org.junit.platform.launcher.core.EngineExecutionOrchestrator.withInterceptedStreams(EngineExecutionOrchestrator.java:67)
	at org.junit.platform.launcher.core.EngineExecutionOrchestrator.execute(EngineExecutionOrchestrator.java:52)
	at org.junit.platform.launcher.core.DefaultLauncher.execute(DefaultLauncher.java:114)
	at org.junit.platform.launcher.core.DefaultLauncher.execute(DefaultLauncher.java:86)
	at org.junit.platform.launcher.core.DefaultLauncherSession$DelegatingLauncher.execute(DefaultLauncherSession.java:86)
	at org.junit.platform.launcher.core.SessionPerRequestLauncher.execute(SessionPerRequestLauncher.java:53)
	at org.gradle.api.internal.tasks.testing.junitplatform.JUnitPlatformTestClassProcessor$CollectAllTestClassesExecutor.processAllTestClasses(JUnitPlatformTestClassProcessor.java:99)
	at org.gradle.api.internal.tasks.testing.junitplatform.JUnitPlatformTestClassProcessor$CollectAllTestClassesExecutor.access$000(JUnitPlatformTestClassProcessor.java:79)
	at org.gradle.api.internal.tasks.testing.junitplatform.JUnitPlatformTestClassProcessor.stop(JUnitPlatformTestClassProcessor.java:75)
	at org.gradle.api.internal.tasks.testing.SuiteTestClassProcessor.stop(SuiteTestClassProcessor.java:62)
	at java.base@11.0.18/jdk.internal.reflect.NativeMethodAccessorImpl.invoke0(Native Method)
	at java.base@11.0.18/jdk.internal.reflect.NativeMethodAccessorImpl.invoke(NativeMethodAccessorImpl.java:62)
	at java.base@11.0.18/jdk.internal.reflect.DelegatingMethodAccessorImpl.invoke(DelegatingMethodAccessorImpl.java:43)
	at java.base@11.0.18/java.lang.reflect.Method.invoke(Method.java:566)
	at org.gradle.internal.dispatch.ReflectionDispatch.dispatch(ReflectionDispatch.java:36)
	at org.gradle.internal.dispatch.ReflectionDispatch.dispatch(ReflectionDispatch.java:24)
	at org.gradle.internal.dispatch.ContextClassLoaderDispatch.dispatch(ContextClassLoaderDispatch.java:33)
	at org.gradle.internal.dispatch.ProxyDispatchAdapter$DispatchingInvocationHandler.invoke(ProxyDispatchAdapter.java:94)
	at com.sun.proxy.$Proxy2.stop(Unknown Source)
	at org.gradle.api.internal.tasks.testing.worker.TestWorker$3.run(TestWorker.java:193)
	at org.gradle.api.internal.tasks.testing.worker.TestWorker.executeAndMaintainThreadName(TestWorker.java:129)
	at org.gradle.api.internal.tasks.testing.worker.TestWorker.execute(TestWorker.java:100)
	at org.gradle.api.internal.tasks.testing.worker.TestWorker.execute(TestWorker.java:60)
	at org.gradle.process.internal.worker.child.ActionExecutionWorker.execute(ActionExecutionWorker.java:56)
	at org.gradle.process.internal.worker.child.SystemApplicationClassLoaderWorker.call(SystemApplicationClassLoaderWorker.java:113)
	at org.gradle.process.internal.worker.child.SystemApplicationClassLoaderWorker.call(SystemApplicationClassLoaderWorker.java:65)
	at app//worker.org.gradle.process.internal.worker.GradleWorkerMain.run(GradleWorkerMain.java:69)
	at app//worker.org.gradle.process.internal.worker.GradleWorkerMain.main(GradleWorkerMain.java:74)
Caused by: de.uka.ilkd.key.proof.init.ProofInputException: line 135:14 mismatched input '\ifExintVar' expecting {MODALITY, FORALL, EXISTS, '\if', '\ifEx', 'true', 'false', '(', '{', '@', NOT, SEQARROW, '-', STRING_LITERAL, CHAR_LITERAL, BIN_LITERAL, HEX_LITERAL, IDENT, INT_LITERAL, FLOAT_LITERAL, DOUBLE_LITERAL, REAL_LITERAL}
line 135:27 extraneous input '(' expecting {'\lemma', '}', IDENT, '/*!'}
line 135:44 mismatched input ')' expecting {'(', '{'}
line 141:14 mismatched input '\ifExintVar' expecting {MODALITY, FORALL, EXISTS, '\if', '\ifEx', 'true', 'false', '(', '{', '@', NOT, SEQARROW, '-', STRING_LITERAL, CHAR_LITERAL, BIN_LITERAL, HEX_LITERAL, IDENT, INT_LITERAL, FLOAT_LITERAL, DOUBLE_LITERAL, REAL_LITERAL}
line 141:27 extraneous input '(' expecting {'\lemma', '}', IDENT, '/*!'}
line 141:41 mismatched input ')' expecting {'(', '{'}
line 148:14 mismatched input '\ifExintVar' expecting {MODALITY, FORALL, EXISTS, '\if', '\ifEx', 'true', 'false', '(', '{', '@', NOT, SEQARROW, '-', STRING_LITERAL, CHAR_LITERAL, BIN_LITERAL, HEX_LITERAL, IDENT, INT_LITERAL, FLOAT_LITERAL, DOUBLE_LITERAL, REAL_LITERAL}
line 148:27 extraneous input '(' expecting {'\lemma', '}', IDENT, '/*!'}
line 148:35 mismatched input '=' expecting {'(', '{'}
line 150:38 mismatched input '}' expecting {'(', '{'}
line 155:14 mismatched input '\ifExintVar' expecting {MODALITY, FORALL, EXISTS, '\if', '\ifEx', 'true', 'false', '(', '{', '@', NOT, SEQARROW, '-', STRING_LITERAL, CHAR_LITERAL, BIN_LITERAL, HEX_LITERAL, IDENT, INT_LITERAL, FLOAT_LITERAL, DOUBLE_LITERAL, REAL_LITERAL}
line 155:27 extraneous input '(' expecting {'\lemma', '}', IDENT, '/*!'}
line 155:35 mismatched input '=' expecting {'(', '{'}
line 157:38 mismatched input '}' expecting {'(', '{'}
line 163:14 mismatched input '\ifExintVar' expecting {MODALITY, FORALL, EXISTS, '\if', '\ifEx', 'true', 'false', '(', '{', '@', NOT, SEQARROW, '-', STRING_LITERAL, CHAR_LITERAL, BIN_LITERAL, HEX_LITERAL, IDENT, INT_LITERAL, FLOAT_LITERAL, DOUBLE_LITERAL, REAL_LITERAL}
line 163:27 extraneous input '(' expecting {'\lemma', '}', IDENT, '/*!'}
line 163:30 mismatched input '=' expecting {'(', '{'}
line 165:38 mismatched input '}' expecting {'(', '{'}
line 171:14 mismatched input '\ifExintVar' expecting {MODALITY, FORALL, EXISTS, '\if', '\ifEx', 'true', 'false', '(', '{', '@', NOT, SEQARROW, '-', STRING_LITERAL, CHAR_LITERAL, BIN_LITERAL, HEX_LITERAL, IDENT, INT_LITERAL, FLOAT_LITERAL, DOUBLE_LITERAL, REAL_LITERAL}
line 171:27 extraneous input '(' expecting {'\lemma', '}', IDENT, '/*!'}
line 171:30 mismatched input '=' expecting {'(', '{'}
line 173:38 mismatched input '}' expecting {'(', '{'}
line 179:14 mismatched input '\ifExintVar' expecting {MODALITY, FORALL, EXISTS, '\if', '\ifEx', 'true', 'false', '(', '{', '@', NOT, SEQARROW, '-', STRING_LITERAL, CHAR_LITERAL, BIN_LITERAL, HEX_LITERAL, IDENT, INT_LITERAL, FLOAT_LITERAL, DOUBLE_LITERAL, REAL_LITERAL}
line 179:27 extraneous input '(' expecting {'\lemma', '}', IDENT, '/*!'}
line 179:32 mismatched input '&amp;' expecting {'(', '{'}
line 181:42 mismatched input '}' expecting {'(', '{'}
line 182:39 mismatched input '}' expecting {'(', '{'}
line 188:14 mismatched input '\ifExintVar' expecting {MODALITY, FORALL, EXISTS, '\if', '\ifEx', 'true', 'false', '(', '{', '@', NOT, SEQARROW, '-', STRING_LITERAL, CHAR_LITERAL, BIN_LITERAL, HEX_LITERAL, IDENT, INT_LITERAL, FLOAT_LITERAL, DOUBLE_LITERAL, REAL_LITERAL}
line 188:27 extraneous input '(' expecting {'\lemma', '}', IDENT, '/*!'}
line 188:32 mismatched input '&amp;' expecting {'(', '{'}
line 190:42 mismatched input '}' expecting {'(', '{'}
line 191:39 mismatched input '}' expecting {'(', '{'}
line 198:14 mismatched input '\ifExintVar' expecting {MODALITY, FORALL, EXISTS, '\if', '\ifEx', 'true', 'false', '(', '{', '@', NOT, SEQARROW, '-', STRING_LITERAL, CHAR_LITERAL, BIN_LITERAL, HEX_LITERAL, IDENT, INT_LITERAL, FLOAT_LITERAL, DOUBLE_LITERAL, REAL_LITERAL}
line 198:27 extraneous input '(' expecting {'\lemma', '}', IDENT, '/*!'}
line 198:32 mismatched input '&amp;' expecting {'(', '{'}
line 200:42 mismatched input '}' expecting {'(', '{'}
line 201:39 mismatched input '}' expecting {'(', '{'}
line 208:14 mismatched input '\ifExintVar' expecting {MODALITY, FORALL, EXISTS, '\if', '\ifEx', 'true', 'false', '(', '{', '@', NOT, SEQARROW, '-', STRING_LITERAL, CHAR_LITERAL, BIN_LITERAL, HEX_LITERAL, IDENT, INT_LITERAL, FLOAT_LITERAL, DOUBLE_LITERAL, REAL_LITERAL}
line 208:27 extraneous input '(' expecting {'\lemma', '}', IDENT, '/*!'}
line 208:32 mismatched input '&amp;' expecting {'(', '{'}
line 210:42 mismatched input '}' expecting {'(', '{'}
line 211:39 mismatched input '}' expecting {'(', '{'}
line 218:14 mismatched input '\ifExintVar' expecting {MODALITY, FORALL, EXISTS, '\if', '\ifEx', 'true', 'false', '(', '{', '@', NOT, SEQARROW, '-', STRING_LITERAL, CHAR_LITERAL, BIN_LITERAL, HEX_LITERAL, IDENT, INT_LITERAL, FLOAT_LITERAL, DOUBLE_LITERAL, REAL_LITERAL}
line 218:27 extraneous input '(' expecting {'\lemma', '}', IDENT, '/*!'}
line 218:31 mismatched input ')' expecting {'(', '{'}
line 220:44 mismatched input ')' expecting {'(', '{'}
line 225:14 mismatched input '\ifExintVar' expecting {MODALITY, FORALL, EXISTS, '\if', '\ifEx', 'true', 'false', '(', '{', '@', NOT, SEQARROW, '-', STRING_LITERAL, CHAR_LITERAL, BIN_LITERAL, HEX_LITERAL, IDENT, INT_LITERAL, FLOAT_LITERAL, DOUBLE_LITERAL, REAL_LITERAL}
line 225:27 extraneous input '(' expecting {'\lemma', '}', IDENT, '/*!'}
line 225:31 mismatched input ')' expecting {'(', '{'}
line 227:44 mismatched input ')' expecting {'(', '{'}
line 233:14 mismatched input '\ifExintVar' expecting {MODALITY, FORALL, EXISTS, '\if', '\ifEx', 'true', 'false', '(', '{', '@', NOT, SEQARROW, '-', STRING_LITERAL, CHAR_LITERAL, BIN_LITERAL, HEX_LITERAL, IDENT, INT_LITERAL, FLOAT_LITERAL, DOUBLE_LITERAL, REAL_LITERAL}
line 233:27 extraneous input '(' expecting {'\lemma', '}', IDENT, '/*!'}
line 233:31 mismatched input ')' expecting {'(', '{'}
line 237:42 mismatched input '}' expecting {'(', '{'}
line 238:34 mismatched input '}' expecting {'(', '{'}
line 239:28 extraneous input '(' expecting {'\lemma', '}', IDENT, '/*!'}
line 239:33 mismatched input '-&gt;' expecting {'(', '{'}
line 240:8 extraneous input '\replacewith' expecting {'\lemma', '}', IDENT, '/*!'}
line 240:25 mismatched input ')' expecting {'(', '{'}
line 240:56 mismatched input ')' expecting {'(', '{'}
line 245:14 mismatched input '\ifExintVar' expecting {MODALITY, FORALL, EXISTS, '\if', '\ifEx', 'true', 'false', '(', '{', '@', NOT, SEQARROW, '-', STRING_LITERAL, CHAR_LITERAL, BIN_LITERAL, HEX_LITERAL, IDENT, INT_LITERAL, FLOAT_LITERAL, DOUBLE_LITERAL, REAL_LITERAL}
line 245:27 extraneous input '(' expecting {'\lemma', '}', IDENT, '/*!'}
line 245:31 mismatched input ')' expecting {'(', '{'}
line 248:45 mismatched input '}' expecting {'(', '{'}
line 249:8 extraneous input '\replacewith' expecting {'\lemma', '}', IDENT, '/*!'}
line 249:38 mismatched input ')' expecting {'(', '{'}
line 250:42 mismatched input '}' expecting {'(', '{'}
line 251:28 extraneous input '(' expecting {'\lemma', '}', IDENT, '/*!'}
line 251:33 mismatched input '-&gt;' expecting {'(', '{'}
line 255:14 mismatched input '\ifExintVar' expecting {MODALITY, FORALL, EXISTS, '\if', '\ifEx', 'true', 'false', '(', '{', '@', NOT, SEQARROW, '-', STRING_LITERAL, CHAR_LITERAL, BIN_LITERAL, HEX_LITERAL, IDENT, INT_LITERAL, FLOAT_LITERAL, DOUBLE_LITERAL, REAL_LITERAL}
line 255:27 extraneous input '(' expecting {'\lemma', '}', IDENT, '/*!'}
line 255:31 mismatched input ')' expecting {'(', '{'}
line 258:52 extraneous input '0' expecting {'\lemma', '}', IDENT, '/*!'}
line 258:54 mismatched input 'then' expecting {&lt;EOF&gt;, '\problem', '\chooseContract', '\proofObligation', '\proof'}

	at app//de.uka.ilkd.key.proof.io.KeYFile.readIncludes(KeYFile.java:210)
	at app//de.uka.ilkd.key.proof.init.ProblemInitializer.readIncludes(ProblemInitializer.java:177)
	at app//de.uka.ilkd.key.proof.init.ProblemInitializer.readEnvInput(ProblemInitializer.java:325)
	at app//de.uka.ilkd.key.proof.init.ProblemInitializer.readIncludes(ProblemInitializer.java:188)
	at app//de.uka.ilkd.key.proof.init.ProblemInitializer.readEnvInput(ProblemInitializer.java:325)
	at app//de.uka.ilkd.key.proof.init.ProblemInitializer.prepare(ProblemInitializer.java:449)
	at app//de.uka.ilkd.key.proof.io.AbstractProblemLoader.createInitConfig(AbstractProblemLoader.java:518)
	at app//de.uka.ilkd.key.proof.io.AbstractProblemLoader.loadEnvironment(AbstractProblemLoader.java:288)
	at app//de.uka.ilkd.key.proof.io.AbstractProblemLoader.load(AbstractProblemLoader.java:252)
	at app//de.uka.ilkd.key.control.AbstractUserInterfaceControl.load(AbstractUserInterfaceControl.java:209)
	... 90 more
Caused by: de.uka.ilkd.key.util.parsing.SyntaxErrorReporter$ParserException: line 135:14 mismatched input '\ifExintVar' expecting {MODALITY, FORALL, EXISTS, '\if', '\ifEx', 'true', 'false', '(', '{', '@', NOT, SEQARROW, '-', STRING_LITERAL, CHAR_LITERAL, BIN_LITERAL, HEX_LITERAL, IDENT, INT_LITERAL, FLOAT_LITERAL, DOUBLE_LITERAL, REAL_LITERAL}
line 135:27 extraneous input '(' expecting {'\lemma', '}', IDENT, '/*!'}
line 135:44 mismatched input ')' expecting {'(', '{'}
line 141:14 mismatched input '\ifExintVar' expecting {MODALITY, FORALL, EXISTS, '\if', '\ifEx', 'true', 'false', '(', '{', '@', NOT, SEQARROW, '-', STRING_LITERAL, CHAR_LITERAL, BIN_LITERAL, HEX_LITERAL, IDENT, INT_LITERAL, FLOAT_LITERAL, DOUBLE_LITERAL, REAL_LITERAL}
line 141:27 extraneous input '(' expecting {'\lemma', '}', IDENT, '/*!'}
line 141:41 mismatched input ')' expecting {'(', '{'}
line 148:14 mismatched input '\ifExintVar' expecting {MODALITY, FORALL, EXISTS, '\if', '\ifEx', 'true', 'false', '(', '{', '@', NOT, SEQARROW, '-', STRING_LITERAL, CHAR_LITERAL, BIN_LITERAL, HEX_LITERAL, IDENT, INT_LITERAL, FLOAT_LITERAL, DOUBLE_LITERAL, REAL_LITERAL}
line 148:27 extraneous input '(' expecting {'\lemma', '}', IDENT, '/*!'}
line 148:35 mismatched input '=' expecting {'(', '{'}
line 150:38 mismatched input '}' expecting {'(', '{'}
line 155:14 mismatched input '\ifExintVar' expecting {MODALITY, FORALL, EXISTS, '\if', '\ifEx', 'true', 'false', '(', '{', '@', NOT, SEQARROW, '-', STRING_LITERAL, CHAR_LITERAL, BIN_LITERAL, HEX_LITERAL, IDENT, INT_LITERAL, FLOAT_LITERAL, DOUBLE_LITERAL, REAL_LITERAL}
line 155:27 extraneous input '(' expecting {'\lemma', '}', IDENT, '/*!'}
line 155:35 mismatched input '=' expecting {'(', '{'}
line 157:38 mismatched input '}' expecting {'(', '{'}
line 163:14 mismatched input '\ifExintVar' expecting {MODALITY, FORALL, EXISTS, '\if', '\ifEx', 'true', 'false', '(', '{', '@', NOT, SEQARROW, '-', STRING_LITERAL, CHAR_LITERAL, BIN_LITERAL, HEX_LITERAL, IDENT, INT_LITERAL, FLOAT_LITERAL, DOUBLE_LITERAL, REAL_LITERAL}
line 163:27 extraneous input '(' expecting {'\lemma', '}', IDENT, '/*!'}
line 163:30 mismatched input '=' expecting {'(', '{'}
line 165:38 mismatched input '}' expecting {'(', '{'}
line 171:14 mismatched input '\ifExintVar' expecting {MODALITY, FORALL, EXISTS, '\if', '\ifEx', 'true', 'false', '(', '{', '@', NOT, SEQARROW, '-', STRING_LITERAL, CHAR_LITERAL, BIN_LITERAL, HEX_LITERAL, IDENT, INT_LITERAL, FLOAT_LITERAL, DOUBLE_LITERAL, REAL_LITERAL}
line 171:27 extraneous input '(' expecting {'\lemma', '}', IDENT, '/*!'}
line 171:30 mismatched input '=' expecting {'(', '{'}
line 173:38 mismatched input '}' expecting {'(', '{'}
line 179:14 mismatched input '\ifExintVar' expecting {MODALITY, FORALL, EXISTS, '\if', '\ifEx', 'true', 'false', '(', '{', '@', NOT, SEQARROW, '-', STRING_LITERAL, CHAR_LITERAL, BIN_LITERAL, HEX_LITERAL, IDENT, INT_LITERAL, FLOAT_LITERAL, DOUBLE_LITERAL, REAL_LITERAL}
line 179:27 extraneous input '(' expecting {'\lemma', '}', IDENT, '/*!'}
line 179:32 mismatched input '&amp;' expecting {'(', '{'}
line 181:42 mismatched input '}' expecting {'(', '{'}
line 182:39 mismatched input '}' expecting {'(', '{'}
line 188:14 mismatched input '\ifExintVar' expecting {MODALITY, FORALL, EXISTS, '\if', '\ifEx', 'true', 'false', '(', '{', '@', NOT, SEQARROW, '-', STRING_LITERAL, CHAR_LITERAL, BIN_LITERAL, HEX_LITERAL, IDENT, INT_LITERAL, FLOAT_LITERAL, DOUBLE_LITERAL, REAL_LITERAL}
line 188:27 extraneous input '(' expecting {'\lemma', '}', IDENT, '/*!'}
line 188:32 mismatched input '&amp;' expecting {'(', '{'}
line 190:42 mismatched input '}' expecting {'(', '{'}
line 191:39 mismatched input '}' expecting {'(', '{'}
line 198:14 mismatched input '\ifExintVar' expecting {MODALITY, FORALL, EXISTS, '\if', '\ifEx', 'true', 'false', '(', '{', '@', NOT, SEQARROW, '-', STRING_LITERAL, CHAR_LITERAL, BIN_LITERAL, HEX_LITERAL, IDENT, INT_LITERAL, FLOAT_LITERAL, DOUBLE_LITERAL, REAL_LITERAL}
line 198:27 extraneous input '(' expecting {'\lemma', '}', IDENT, '/*!'}
line 198:32 mismatched input '&amp;' expecting {'(', '{'}
line 200:42 mismatched input '}' expecting {'(', '{'}
line 201:39 mismatched input '}' expecting {'(', '{'}
line 208:14 mismatched input '\ifExintVar' expecting {MODALITY, FORALL, EXISTS, '\if', '\ifEx', 'true', 'false', '(', '{', '@', NOT, SEQARROW, '-', STRING_LITERAL, CHAR_LITERAL, BIN_LITERAL, HEX_LITERAL, IDENT, INT_LITERAL, FLOAT_LITERAL, DOUBLE_LITERAL, REAL_LITERAL}
line 208:27 extraneous input '(' expecting {'\lemma', '}', IDENT, '/*!'}
line 208:32 mismatched input '&amp;' expecting {'(', '{'}
line 210:42 mismatched input '}' expecting {'(', '{'}
line 211:39 mismatched input '}' expecting {'(', '{'}
line 218:14 mismatched input '\ifExintVar' expecting {MODALITY, FORALL, EXISTS, '\if', '\ifEx', 'true', 'false', '(', '{', '@', NOT, SEQARROW, '-', STRING_LITERAL, CHAR_LITERAL, BIN_LITERAL, HEX_LITERAL, IDENT, INT_LITERAL, FLOAT_LITERAL, DOUBLE_LITERAL, REAL_LITERAL}
line 218:27 extraneous input '(' expecting {'\lemma', '}', IDENT, '/*!'}
line 218:31 mismatched input ')' expecting {'(', '{'}
line 220:44 mismatched input ')' expecting {'(', '{'}
line 225:14 mismatched input '\ifExintVar' expecting {MODALITY, FORALL, EXISTS, '\if', '\ifEx', 'true', 'false', '(', '{', '@', NOT, SEQARROW, '-', STRING_LITERAL, CHAR_LITERAL, BIN_LITERAL, HEX_LITERAL, IDENT, INT_LITERAL, FLOAT_LITERAL, DOUBLE_LITERAL, REAL_LITERAL}
line 225:27 extraneous input '(' expecting {'\lemma', '}', IDENT, '/*!'}
line 225:31 mismatched input ')' expecting {'(', '{'}
line 227:44 mismatched input ')' expecting {'(', '{'}
line 233:14 mismatched input '\ifExintVar' expecting {MODALITY, FORALL, EXISTS, '\if', '\ifEx', 'true', 'false', '(', '{', '@', NOT, SEQARROW, '-', STRING_LITERAL, CHAR_LITERAL, BIN_LITERAL, HEX_LITERAL, IDENT, INT_LITERAL, FLOAT_LITERAL, DOUBLE_LITERAL, REAL_LITERAL}
line 233:27 extraneous input '(' expecting {'\lemma', '}', IDENT, '/*!'}
line 233:31 mismatched input ')' expecting {'(', '{'}
line 237:42 mismatched input '}' expecting {'(', '{'}
line 238:34 mismatched input '}' expecting {'(', '{'}
line 239:28 extraneous input '(' expecting {'\lemma', '}', IDENT, '/*!'}
line 239:33 mismatched input '-&gt;' expecting {'(', '{'}
line 240:8 extraneous input '\replacewith' expecting {'\lemma', '}', IDENT, '/*!'}
line 240:25 mismatched input ')' expecting {'(', '{'}
line 240:56 mismatched input ')' expecting {'(', '{'}
line 245:14 mismatched input '\ifExintVar' expecting {MODALITY, FORALL, EXISTS, '\if', '\ifEx', 'true', 'false', '(', '{', '@', NOT, SEQARROW, '-', STRING_LITERAL, CHAR_LITERAL, BIN_LITERAL, HEX_LITERAL, IDENT, INT_LITERAL, FLOAT_LITERAL, DOUBLE_LITERAL, REAL_LITERAL}
line 245:27 extraneous input '(' expecting {'\lemma', '}', IDENT, '/*!'}
line 245:31 mismatched input ')' expecting {'(', '{'}
line 248:45 mismatched input '}' expecting {'(', '{'}
line 249:8 extraneous input '\replacewith' expecting {'\lemma', '}', IDENT, '/*!'}
line 249:38 mismatched input ')' expecting {'(', '{'}
line 250:42 mismatched input '}' expecting {'(', '{'}
line 251:28 extraneous input '(' expecting {'\lemma', '}', IDENT, '/*!'}
line 251:33 mismatched input '-&gt;' expecting {'(', '{'}
line 255:14 mismatched input '\ifExintVar' expecting {MODALITY, FORALL, EXISTS, '\if', '\ifEx', 'true', 'false', '(', '{', '@', NOT, SEQARROW, '-', STRING_LITERAL, CHAR_LITERAL, BIN_LITERAL, HEX_LITERAL, IDENT, INT_LITERAL, FLOAT_LITERAL, DOUBLE_LITERAL, REAL_LITERAL}
line 255:27 extraneous input '(' expecting {'\lemma', '}', IDENT, '/*!'}
line 255:31 mismatched input ')' expecting {'(', '{'}
line 258:52 extraneous input '0' expecting {'\lemma', '}', IDENT, '/*!'}
line 258:54 mismatched input 'then' expecting {&lt;EOF&gt;, '\problem', '\chooseContract', '\proofObligation', '\proof'}

	at app//de.uka.ilkd.key.util.parsing.SyntaxErrorReporter.throwException(SyntaxErrorReporter.java:89)
	at app//de.uka.ilkd.key.nparser.ParsingFacade.parseFile(ParsingFacade.java:125)
	at app//de.uka.ilkd.key.proof.io.KeYFile.getParseContext(KeYFile.java:160)
	at app//de.uka.ilkd.key.proof.io.KeYFile.readIncludes(KeYFile.java:206)
	... 99 more
</failure>
  </testcase>
  <testcase name="testInstantiateLabels_childAndGrandchildPolicies_ruleSpecific()" classname="de.uka.ilkd.key.logic.TestTermLabelManager" time="0.187">
    <failure message="org.opentest4j.AssertionFailedError" type="org.opentest4j.AssertionFailedError">org.opentest4j.AssertionFailedError
	at app//org.junit.jupiter.api.AssertionUtils.fail(AssertionUtils.java:35)
	at app//org.junit.jupiter.api.Assertions.fail(Assertions.java:115)
	at app//de.uka.ilkd.key.logic.TestTermLabelManager.testInstantiateLabels_childAndGrandchildPolicies_ruleSpecific(TestTermLabelManager.java:323)
	at java.base@11.0.18/jdk.internal.reflect.NativeMethodAccessorImpl.invoke0(Native Method)
	at java.base@11.0.18/jdk.internal.reflect.NativeMethodAccessorImpl.invoke(NativeMethodAccessorImpl.java:62)
	at java.base@11.0.18/jdk.internal.reflect.DelegatingMethodAccessorImpl.invoke(DelegatingMethodAccessorImpl.java:43)
	at java.base@11.0.18/java.lang.reflect.Method.invoke(Method.java:566)
	at app//org.junit.platform.commons.util.ReflectionUtils.invokeMethod(ReflectionUtils.java:725)
	at app//org.junit.jupiter.engine.execution.MethodInvocation.proceed(MethodInvocation.java:60)
	at app//org.junit.jupiter.engine.execution.InvocationInterceptorChain$ValidatingInvocation.proceed(InvocationInterceptorChain.java:131)
	at app//org.junit.jupiter.engine.extension.TimeoutExtension.intercept(TimeoutExtension.java:149)
	at app//org.junit.jupiter.engine.extension.TimeoutExtension.interceptTestableMethod(TimeoutExtension.java:140)
	at app//org.junit.jupiter.engine.extension.TimeoutExtension.interceptTestMethod(TimeoutExtension.java:84)
	at app//org.junit.jupiter.engine.execution.ExecutableInvoker$ReflectiveInterceptorCall.lambda$ofVoidMethod$0(ExecutableInvoker.java:115)
	at app//org.junit.jupiter.engine.execution.ExecutableInvoker.lambda$invoke$0(ExecutableInvoker.java:105)
	at app//org.junit.jupiter.engine.execution.InvocationInterceptorChain$InterceptedInvocation.proceed(InvocationInterceptorChain.java:106)
	at app//org.junit.jupiter.engine.execution.InvocationInterceptorChain.proceed(InvocationInterceptorChain.java:64)
	at app//org.junit.jupiter.engine.execution.InvocationInterceptorChain.chainAndInvoke(InvocationInterceptorChain.java:45)
	at app//org.junit.jupiter.engine.execution.InvocationInterceptorChain.invoke(InvocationInterceptorChain.java:37)
	at app//org.junit.jupiter.engine.execution.ExecutableInvoker.invoke(ExecutableInvoker.java:104)
	at app//org.junit.jupiter.engine.execution.ExecutableInvoker.invoke(ExecutableInvoker.java:98)
	at app//org.junit.jupiter.engine.descriptor.TestMethodTestDescriptor.lambda$invokeTestMethod$7(TestMethodTestDescriptor.java:214)
	at app//org.junit.platform.engine.support.hierarchical.ThrowableCollector.execute(ThrowableCollector.java:73)
	at app//org.junit.jupiter.engine.descriptor.TestMethodTestDescriptor.invokeTestMethod(TestMethodTestDescriptor.java:210)
	at app//org.junit.jupiter.engine.descriptor.TestMethodTestDescriptor.execute(TestMethodTestDescriptor.java:135)
	at app//org.junit.jupiter.engine.descriptor.TestMethodTestDescriptor.execute(TestMethodTestDescriptor.java:66)
	at app//org.junit.platform.engine.support.hierarchical.NodeTestTask.lambda$executeRecursively$6(NodeTestTask.java:151)
	at app//org.junit.platform.engine.support.hierarchical.ThrowableCollector.execute(ThrowableCollector.java:73)
	at app//org.junit.platform.engine.support.hierarchical.NodeTestTask.lambda$executeRecursively$8(NodeTestTask.java:141)
	at app//org.junit.platform.engine.support.hierarchical.Node.around(Node.java:137)
	at app//org.junit.platform.engine.support.hierarchical.NodeTestTask.lambda$executeRecursively$9(NodeTestTask.java:139)
	at app//org.junit.platform.engine.support.hierarchical.ThrowableCollector.execute(ThrowableCollector.java:73)
	at app//org.junit.platform.engine.support.hierarchical.NodeTestTask.executeRecursively(NodeTestTask.java:138)
	at app//org.junit.platform.engine.support.hierarchical.NodeTestTask.execute(NodeTestTask.java:95)
	at java.base@11.0.18/java.util.ArrayList.forEach(ArrayList.java:1541)
	at app//org.junit.platform.engine.support.hierarchical.SameThreadHierarchicalTestExecutorService.invokeAll(SameThreadHierarchicalTestExecutorService.java:41)
	at app//org.junit.platform.engine.support.hierarchical.NodeTestTask.lambda$executeRecursively$6(NodeTestTask.java:155)
	at app//org.junit.platform.engine.support.hierarchical.ThrowableCollector.execute(ThrowableCollector.java:73)
	at app//org.junit.platform.engine.support.hierarchical.NodeTestTask.lambda$executeRecursively$8(NodeTestTask.java:141)
	at app//org.junit.platform.engine.support.hierarchical.Node.around(Node.java:137)
	at app//org.junit.platform.engine.support.hierarchical.NodeTestTask.lambda$executeRecursively$9(NodeTestTask.java:139)
	at app//org.junit.platform.engine.support.hierarchical.ThrowableCollector.execute(ThrowableCollector.java:73)
	at app//org.junit.platform.engine.support.hierarchical.NodeTestTask.executeRecursively(NodeTestTask.java:138)
	at app//org.junit.platform.engine.support.hierarchical.NodeTestTask.execute(NodeTestTask.java:95)
	at java.base@11.0.18/java.util.ArrayList.forEach(ArrayList.java:1541)
	at app//org.junit.platform.engine.support.hierarchical.SameThreadHierarchicalTestExecutorService.invokeAll(SameThreadHierarchicalTestExecutorService.java:41)
	at app//org.junit.platform.engine.support.hierarchical.NodeTestTask.lambda$executeRecursively$6(NodeTestTask.java:155)
	at app//org.junit.platform.engine.support.hierarchical.ThrowableCollector.execute(ThrowableCollector.java:73)
	at app//org.junit.platform.engine.support.hierarchical.NodeTestTask.lambda$executeRecursively$8(NodeTestTask.java:141)
	at app//org.junit.platform.engine.support.hierarchical.Node.around(Node.java:137)
	at app//org.junit.platform.engine.support.hierarchical.NodeTestTask.lambda$executeRecursively$9(NodeTestTask.java:139)
	at app//org.junit.platform.engine.support.hierarchical.ThrowableCollector.execute(ThrowableCollector.java:73)
	at app//org.junit.platform.engine.support.hierarchical.NodeTestTask.executeRecursively(NodeTestTask.java:138)
	at app//org.junit.platform.engine.support.hierarchical.NodeTestTask.execute(NodeTestTask.java:95)
	at app//org.junit.platform.engine.support.hierarchical.SameThreadHierarchicalTestExecutorService.submit(SameThreadHierarchicalTestExecutorService.java:35)
	at app//org.junit.platform.engine.support.hierarchical.HierarchicalTestExecutor.execute(HierarchicalTestExecutor.java:57)
	at app//org.junit.platform.engine.support.hierarchical.HierarchicalTestEngine.execute(HierarchicalTestEngine.java:54)
	at org.junit.platform.launcher.core.EngineExecutionOrchestrator.execute(EngineExecutionOrchestrator.java:107)
	at org.junit.platform.launcher.core.EngineExecutionOrchestrator.execute(EngineExecutionOrchestrator.java:88)
	at org.junit.platform.launcher.core.EngineExecutionOrchestrator.lambda$execute$0(EngineExecutionOrchestrator.java:54)
	at org.junit.platform.launcher.core.EngineExecutionOrchestrator.withInterceptedStreams(EngineExecutionOrchestrator.java:67)
	at org.junit.platform.launcher.core.EngineExecutionOrchestrator.execute(EngineExecutionOrchestrator.java:52)
	at org.junit.platform.launcher.core.DefaultLauncher.execute(DefaultLauncher.java:114)
	at org.junit.platform.launcher.core.DefaultLauncher.execute(DefaultLauncher.java:86)
	at org.junit.platform.launcher.core.DefaultLauncherSession$DelegatingLauncher.execute(DefaultLauncherSession.java:86)
	at org.junit.platform.launcher.core.SessionPerRequestLauncher.execute(SessionPerRequestLauncher.java:53)
	at org.gradle.api.internal.tasks.testing.junitplatform.JUnitPlatformTestClassProcessor$CollectAllTestClassesExecutor.processAllTestClasses(JUnitPlatformTestClassProcessor.java:99)
	at org.gradle.api.internal.tasks.testing.junitplatform.JUnitPlatformTestClassProcessor$CollectAllTestClassesExecutor.access$000(JUnitPlatformTestClassProcessor.java:79)
	at org.gradle.api.internal.tasks.testing.junitplatform.JUnitPlatformTestClassProcessor.stop(JUnitPlatformTestClassProcessor.java:75)
	at org.gradle.api.internal.tasks.testing.SuiteTestClassProcessor.stop(SuiteTestClassProcessor.java:62)
	at java.base@11.0.18/jdk.internal.reflect.NativeMethodAccessorImpl.invoke0(Native Method)
	at java.base@11.0.18/jdk.internal.reflect.NativeMethodAccessorImpl.invoke(NativeMethodAccessorImpl.java:62)
	at java.base@11.0.18/jdk.internal.reflect.DelegatingMethodAccessorImpl.invoke(DelegatingMethodAccessorImpl.java:43)
	at java.base@11.0.18/java.lang.reflect.Method.invoke(Method.java:566)
	at org.gradle.internal.dispatch.ReflectionDispatch.dispatch(ReflectionDispatch.java:36)
	at org.gradle.internal.dispatch.ReflectionDispatch.dispatch(ReflectionDispatch.java:24)
	at org.gradle.internal.dispatch.ContextClassLoaderDispatch.dispatch(ContextClassLoaderDispatch.java:33)
	at org.gradle.internal.dispatch.ProxyDispatchAdapter$DispatchingInvocationHandler.invoke(ProxyDispatchAdapter.java:94)
	at com.sun.proxy.$Proxy2.stop(Unknown Source)
	at org.gradle.api.internal.tasks.testing.worker.TestWorker$3.run(TestWorker.java:193)
	at org.gradle.api.internal.tasks.testing.worker.TestWorker.executeAndMaintainThreadName(TestWorker.java:129)
	at org.gradle.api.internal.tasks.testing.worker.TestWorker.execute(TestWorker.java:100)
	at org.gradle.api.internal.tasks.testing.worker.TestWorker.execute(TestWorker.java:60)
	at org.gradle.process.internal.worker.child.ActionExecutionWorker.execute(ActionExecutionWorker.java:56)
	at org.gradle.process.internal.worker.child.SystemApplicationClassLoaderWorker.call(SystemApplicationClassLoaderWorker.java:113)
	at org.gradle.process.internal.worker.child.SystemApplicationClassLoaderWorker.call(SystemApplicationClassLoaderWorker.java:65)
	at app//worker.org.gradle.process.internal.worker.GradleWorkerMain.run(GradleWorkerMain.java:69)
	at app//worker.org.gradle.process.internal.worker.GradleWorkerMain.main(GradleWorkerMain.java:74)
</failure>
  </testcase>
  <testcase name="testParseLabel()" classname="de.uka.ilkd.key.logic.TestTermLabelManager" time="0.121">
    <failure message="org.opentest4j.AssertionFailedError" type="org.opentest4j.AssertionFailedError">org.opentest4j.AssertionFailedError
	at app//org.junit.jupiter.api.AssertionUtils.fail(AssertionUtils.java:35)
	at app//org.junit.jupiter.api.Assertions.fail(Assertions.java:115)
	at app//de.uka.ilkd.key.logic.TestTermLabelManager.testParseLabel(TestTermLabelManager.java:550)
	at java.base@11.0.18/jdk.internal.reflect.NativeMethodAccessorImpl.invoke0(Native Method)
	at java.base@11.0.18/jdk.internal.reflect.NativeMethodAccessorImpl.invoke(NativeMethodAccessorImpl.java:62)
	at java.base@11.0.18/jdk.internal.reflect.DelegatingMethodAccessorImpl.invoke(DelegatingMethodAccessorImpl.java:43)
	at java.base@11.0.18/java.lang.reflect.Method.invoke(Method.java:566)
	at app//org.junit.platform.commons.util.ReflectionUtils.invokeMethod(ReflectionUtils.java:725)
	at app//org.junit.jupiter.engine.execution.MethodInvocation.proceed(MethodInvocation.java:60)
	at app//org.junit.jupiter.engine.execution.InvocationInterceptorChain$ValidatingInvocation.proceed(InvocationInterceptorChain.java:131)
	at app//org.junit.jupiter.engine.extension.TimeoutExtension.intercept(TimeoutExtension.java:149)
	at app//org.junit.jupiter.engine.extension.TimeoutExtension.interceptTestableMethod(TimeoutExtension.java:140)
	at app//org.junit.jupiter.engine.extension.TimeoutExtension.interceptTestMethod(TimeoutExtension.java:84)
	at app//org.junit.jupiter.engine.execution.ExecutableInvoker$ReflectiveInterceptorCall.lambda$ofVoidMethod$0(ExecutableInvoker.java:115)
	at app//org.junit.jupiter.engine.execution.ExecutableInvoker.lambda$invoke$0(ExecutableInvoker.java:105)
	at app//org.junit.jupiter.engine.execution.InvocationInterceptorChain$InterceptedInvocation.proceed(InvocationInterceptorChain.java:106)
	at app//org.junit.jupiter.engine.execution.InvocationInterceptorChain.proceed(InvocationInterceptorChain.java:64)
	at app//org.junit.jupiter.engine.execution.InvocationInterceptorChain.chainAndInvoke(InvocationInterceptorChain.java:45)
	at app//org.junit.jupiter.engine.execution.InvocationInterceptorChain.invoke(InvocationInterceptorChain.java:37)
	at app//org.junit.jupiter.engine.execution.ExecutableInvoker.invoke(ExecutableInvoker.java:104)
	at app//org.junit.jupiter.engine.execution.ExecutableInvoker.invoke(ExecutableInvoker.java:98)
	at app//org.junit.jupiter.engine.descriptor.TestMethodTestDescriptor.lambda$invokeTestMethod$7(TestMethodTestDescriptor.java:214)
	at app//org.junit.platform.engine.support.hierarchical.ThrowableCollector.execute(ThrowableCollector.java:73)
	at app//org.junit.jupiter.engine.descriptor.TestMethodTestDescriptor.invokeTestMethod(TestMethodTestDescriptor.java:210)
	at app//org.junit.jupiter.engine.descriptor.TestMethodTestDescriptor.execute(TestMethodTestDescriptor.java:135)
	at app//org.junit.jupiter.engine.descriptor.TestMethodTestDescriptor.execute(TestMethodTestDescriptor.java:66)
	at app//org.junit.platform.engine.support.hierarchical.NodeTestTask.lambda$executeRecursively$6(NodeTestTask.java:151)
	at app//org.junit.platform.engine.support.hierarchical.ThrowableCollector.execute(ThrowableCollector.java:73)
	at app//org.junit.platform.engine.support.hierarchical.NodeTestTask.lambda$executeRecursively$8(NodeTestTask.java:141)
	at app//org.junit.platform.engine.support.hierarchical.Node.around(Node.java:137)
	at app//org.junit.platform.engine.support.hierarchical.NodeTestTask.lambda$executeRecursively$9(NodeTestTask.java:139)
	at app//org.junit.platform.engine.support.hierarchical.ThrowableCollector.execute(ThrowableCollector.java:73)
	at app//org.junit.platform.engine.support.hierarchical.NodeTestTask.executeRecursively(NodeTestTask.java:138)
	at app//org.junit.platform.engine.support.hierarchical.NodeTestTask.execute(NodeTestTask.java:95)
	at java.base@11.0.18/java.util.ArrayList.forEach(ArrayList.java:1541)
	at app//org.junit.platform.engine.support.hierarchical.SameThreadHierarchicalTestExecutorService.invokeAll(SameThreadHierarchicalTestExecutorService.java:41)
	at app//org.junit.platform.engine.support.hierarchical.NodeTestTask.lambda$executeRecursively$6(NodeTestTask.java:155)
	at app//org.junit.platform.engine.support.hierarchical.ThrowableCollector.execute(ThrowableCollector.java:73)
	at app//org.junit.platform.engine.support.hierarchical.NodeTestTask.lambda$executeRecursively$8(NodeTestTask.java:141)
	at app//org.junit.platform.engine.support.hierarchical.Node.around(Node.java:137)
	at app//org.junit.platform.engine.support.hierarchical.NodeTestTask.lambda$executeRecursively$9(NodeTestTask.java:139)
	at app//org.junit.platform.engine.support.hierarchical.ThrowableCollector.execute(ThrowableCollector.java:73)
	at app//org.junit.platform.engine.support.hierarchical.NodeTestTask.executeRecursively(NodeTestTask.java:138)
	at app//org.junit.platform.engine.support.hierarchical.NodeTestTask.execute(NodeTestTask.java:95)
	at java.base@11.0.18/java.util.ArrayList.forEach(ArrayList.java:1541)
	at app//org.junit.platform.engine.support.hierarchical.SameThreadHierarchicalTestExecutorService.invokeAll(SameThreadHierarchicalTestExecutorService.java:41)
	at app//org.junit.platform.engine.support.hierarchical.NodeTestTask.lambda$executeRecursively$6(NodeTestTask.java:155)
	at app//org.junit.platform.engine.support.hierarchical.ThrowableCollector.execute(ThrowableCollector.java:73)
	at app//org.junit.platform.engine.support.hierarchical.NodeTestTask.lambda$executeRecursively$8(NodeTestTask.java:141)
	at app//org.junit.platform.engine.support.hierarchical.Node.around(Node.java:137)
	at app//org.junit.platform.engine.support.hierarchical.NodeTestTask.lambda$executeRecursively$9(NodeTestTask.java:139)
	at app//org.junit.platform.engine.support.hierarchical.ThrowableCollector.execute(ThrowableCollector.java:73)
	at app//org.junit.platform.engine.support.hierarchical.NodeTestTask.executeRecursively(NodeTestTask.java:138)
	at app//org.junit.platform.engine.support.hierarchical.NodeTestTask.execute(NodeTestTask.java:95)
	at app//org.junit.platform.engine.support.hierarchical.SameThreadHierarchicalTestExecutorService.submit(SameThreadHierarchicalTestExecutorService.java:35)
	at app//org.junit.platform.engine.support.hierarchical.HierarchicalTestExecutor.execute(HierarchicalTestExecutor.java:57)
	at app//org.junit.platform.engine.support.hierarchical.HierarchicalTestEngine.execute(HierarchicalTestEngine.java:54)
	at org.junit.platform.launcher.core.EngineExecutionOrchestrator.execute(EngineExecutionOrchestrator.java:107)
	at org.junit.platform.launcher.core.EngineExecutionOrchestrator.execute(EngineExecutionOrchestrator.java:88)
	at org.junit.platform.launcher.core.EngineExecutionOrchestrator.lambda$execute$0(EngineExecutionOrchestrator.java:54)
	at org.junit.platform.launcher.core.EngineExecutionOrchestrator.withInterceptedStreams(EngineExecutionOrchestrator.java:67)
	at org.junit.platform.launcher.core.EngineExecutionOrchestrator.execute(EngineExecutionOrchestrator.java:52)
	at org.junit.platform.launcher.core.DefaultLauncher.execute(DefaultLauncher.java:114)
	at org.junit.platform.launcher.core.DefaultLauncher.execute(DefaultLauncher.java:86)
	at org.junit.platform.launcher.core.DefaultLauncherSession$DelegatingLauncher.execute(DefaultLauncherSession.java:86)
	at org.junit.platform.launcher.core.SessionPerRequestLauncher.execute(SessionPerRequestLauncher.java:53)
	at org.gradle.api.internal.tasks.testing.junitplatform.JUnitPlatformTestClassProcessor$CollectAllTestClassesExecutor.processAllTestClasses(JUnitPlatformTestClassProcessor.java:99)
	at org.gradle.api.internal.tasks.testing.junitplatform.JUnitPlatformTestClassProcessor$CollectAllTestClassesExecutor.access$000(JUnitPlatformTestClassProcessor.java:79)
	at org.gradle.api.internal.tasks.testing.junitplatform.JUnitPlatformTestClassProcessor.stop(JUnitPlatformTestClassProcessor.java:75)
	at org.gradle.api.internal.tasks.testing.SuiteTestClassProcessor.stop(SuiteTestClassProcessor.java:62)
	at java.base@11.0.18/jdk.internal.reflect.NativeMethodAccessorImpl.invoke0(Native Method)
	at java.base@11.0.18/jdk.internal.reflect.NativeMethodAccessorImpl.invoke(NativeMethodAccessorImpl.java:62)
	at java.base@11.0.18/jdk.internal.reflect.DelegatingMethodAccessorImpl.invoke(DelegatingMethodAccessorImpl.java:43)
	at java.base@11.0.18/java.lang.reflect.Method.invoke(Method.java:566)
	at org.gradle.internal.dispatch.ReflectionDispatch.dispatch(ReflectionDispatch.java:36)
	at org.gradle.internal.dispatch.ReflectionDispatch.dispatch(ReflectionDispatch.java:24)
	at org.gradle.internal.dispatch.ContextClassLoaderDispatch.dispatch(ContextClassLoaderDispatch.java:33)
	at org.gradle.internal.dispatch.ProxyDispatchAdapter$DispatchingInvocationHandler.invoke(ProxyDispatchAdapter.java:94)
	at com.sun.proxy.$Proxy2.stop(Unknown Source)
	at org.gradle.api.internal.tasks.testing.worker.TestWorker$3.run(TestWorker.java:193)
	at org.gradle.api.internal.tasks.testing.worker.TestWorker.executeAndMaintainThreadName(TestWorker.java:129)
	at org.gradle.api.internal.tasks.testing.worker.TestWorker.execute(TestWorker.java:100)
	at org.gradle.api.internal.tasks.testing.worker.TestWorker.execute(TestWorker.java:60)
	at org.gradle.process.internal.worker.child.ActionExecutionWorker.execute(ActionExecutionWorker.java:56)
	at org.gradle.process.internal.worker.child.SystemApplicationClassLoaderWorker.call(SystemApplicationClassLoaderWorker.java:113)
	at org.gradle.process.internal.worker.child.SystemApplicationClassLoaderWorker.call(SystemApplicationClassLoaderWorker.java:65)
	at app//worker.org.gradle.process.internal.worker.GradleWorkerMain.run(GradleWorkerMain.java:69)
	at app//worker.org.gradle.process.internal.worker.GradleWorkerMain.main(GradleWorkerMain.java:74)
</failure>
  </testcase>
  <testcase name="testrefactorGoal_childrenAndGrandchildren_ruleSpecific()" classname="de.uka.ilkd.key.logic.TestTermLabelManager" time="0.163">
    <failure message="line 135:14 mismatched input '\ifExintVar' expecting {MODALITY, FORALL, EXISTS, '\if', '\ifEx', 'true', 'false', '(', '{', '@', NOT, SEQARROW, '-', STRING_LITERAL, CHAR_LITERAL, BIN_LITERAL, HEX_LITERAL, IDENT, INT_LITERAL, FLOAT_LITERAL, DOUBLE_LITERAL, REAL_LITERAL}&#10;line 135:27 extraneous input '(' expecting {'\lemma', '}', IDENT, '/*!'}&#10;line 135:44 mismatched input ')' expecting {'(', '{'}&#10;line 141:14 mismatched input '\ifExintVar' expecting {MODALITY, FORALL, EXISTS, '\if', '\ifEx', 'true', 'false', '(', '{', '@', NOT, SEQARROW, '-', STRING_LITERAL, CHAR_LITERAL, BIN_LITERAL, HEX_LITERAL, IDENT, INT_LITERAL, FLOAT_LITERAL, DOUBLE_LITERAL, REAL_LITERAL}&#10;line 141:27 extraneous input '(' expecting {'\lemma', '}', IDENT, '/*!'}&#10;line 141:41 mismatched input ')' expecting {'(', '{'}&#10;line 148:14 mismatched input '\ifExintVar' expecting {MODALITY, FORALL, EXISTS, '\if', '\ifEx', 'true', 'false', '(', '{', '@', NOT, SEQARROW, '-', STRING_LITERAL, CHAR_LITERAL, BIN_LITERAL, HEX_LITERAL, IDENT, INT_LITERAL, FLOAT_LITERAL, DOUBLE_LITERAL, REAL_LITERAL}&#10;line 148:27 extraneous input '(' expecting {'\lemma', '}', IDENT, '/*!'}&#10;line 148:35 mismatched input '=' expecting {'(', '{'}&#10;line 150:38 mismatched input '}' expecting {'(', '{'}&#10;line 155:14 mismatched input '\ifExintVar' expecting {MODALITY, FORALL, EXISTS, '\if', '\ifEx', 'true', 'false', '(', '{', '@', NOT, SEQARROW, '-', STRING_LITERAL, CHAR_LITERAL, BIN_LITERAL, HEX_LITERAL, IDENT, INT_LITERAL, FLOAT_LITERAL, DOUBLE_LITERAL, REAL_LITERAL}&#10;line 155:27 extraneous input '(' expecting {'\lemma', '}', IDENT, '/*!'}&#10;line 155:35 mismatched input '=' expecting {'(', '{'}&#10;line 157:38 mismatched input '}' expecting {'(', '{'}&#10;line 163:14 mismatched input '\ifExintVar' expecting {MODALITY, FORALL, EXISTS, '\if', '\ifEx', 'true', 'false', '(', '{', '@', NOT, SEQARROW, '-', STRING_LITERAL, CHAR_LITERAL, BIN_LITERAL, HEX_LITERAL, IDENT, INT_LITERAL, FLOAT_LITERAL, DOUBLE_LITERAL, REAL_LITERAL}&#10;line 163:27 extraneous input '(' expecting {'\lemma', '}', IDENT, '/*!'}&#10;line 163:30 mismatched input '=' expecting {'(', '{'}&#10;line 165:38 mismatched input '}' expecting {'(', '{'}&#10;line 171:14 mismatched input '\ifExintVar' expecting {MODALITY, FORALL, EXISTS, '\if', '\ifEx', 'true', 'false', '(', '{', '@', NOT, SEQARROW, '-', STRING_LITERAL, CHAR_LITERAL, BIN_LITERAL, HEX_LITERAL, IDENT, INT_LITERAL, FLOAT_LITERAL, DOUBLE_LITERAL, REAL_LITERAL}&#10;line 171:27 extraneous input '(' expecting {'\lemma', '}', IDENT, '/*!'}&#10;line 171:30 mismatched input '=' expecting {'(', '{'}&#10;line 173:38 mismatched input '}' expecting {'(', '{'}&#10;line 179:14 mismatched input '\ifExintVar' expecting {MODALITY, FORALL, EXISTS, '\if', '\ifEx', 'true', 'false', '(', '{', '@', NOT, SEQARROW, '-', STRING_LITERAL, CHAR_LITERAL, BIN_LITERAL, HEX_LITERAL, IDENT, INT_LITERAL, FLOAT_LITERAL, DOUBLE_LITERAL, REAL_LITERAL}&#10;line 179:27 extraneous input '(' expecting {'\lemma', '}', IDENT, '/*!'}&#10;line 179:32 mismatched input '&amp;' expecting {'(', '{'}&#10;line 181:42 mismatched input '}' expecting {'(', '{'}&#10;line 182:39 mismatched input '}' expecting {'(', '{'}&#10;line 188:14 mismatched input '\ifExintVar' expecting {MODALITY, FORALL, EXISTS, '\if', '\ifEx', 'true', 'false', '(', '{', '@', NOT, SEQARROW, '-', STRING_LITERAL, CHAR_LITERAL, BIN_LITERAL, HEX_LITERAL, IDENT, INT_LITERAL, FLOAT_LITERAL, DOUBLE_LITERAL, REAL_LITERAL}&#10;line 188:27 extraneous input '(' expecting {'\lemma', '}', IDENT, '/*!'}&#10;line 188:32 mismatched input '&amp;' expecting {'(', '{'}&#10;line 190:42 mismatched input '}' expecting {'(', '{'}&#10;line 191:39 mismatched input '}' expecting {'(', '{'}&#10;line 198:14 mismatched input '\ifExintVar' expecting {MODALITY, FORALL, EXISTS, '\if', '\ifEx', 'true', 'false', '(', '{', '@', NOT, SEQARROW, '-', STRING_LITERAL, CHAR_LITERAL, BIN_LITERAL, HEX_LITERAL, IDENT, INT_LITERAL, FLOAT_LITERAL, DOUBLE_LITERAL, REAL_LITERAL}&#10;line 198:27 extraneous input '(' expecting {'\lemma', '}', IDENT, '/*!'}&#10;line 198:32 mismatched input '&amp;' expecting {'(', '{'}&#10;line 200:42 mismatched input '}' expecting {'(', '{'}&#10;line 201:39 mismatched input '}' expecting {'(', '{'}&#10;line 208:14 mismatched input '\ifExintVar' expecting {MODALITY, FORALL, EXISTS, '\if', '\ifEx', 'true', 'false', '(', '{', '@', NOT, SEQARROW, '-', STRING_LITERAL, CHAR_LITERAL, BIN_LITERAL, HEX_LITERAL, IDENT, INT_LITERAL, FLOAT_LITERAL, DOUBLE_LITERAL, REAL_LITERAL}&#10;line 208:27 extraneous input '(' expecting {'\lemma', '}', IDENT, '/*!'}&#10;line 208:32 mismatched input '&amp;' expecting {'(', '{'}&#10;line 210:42 mismatched input '}' expecting {'(', '{'}&#10;line 211:39 mismatched input '}' expecting {'(', '{'}&#10;line 218:14 mismatched input '\ifExintVar' expecting {MODALITY, FORALL, EXISTS, '\if', '\ifEx', 'true', 'false', '(', '{', '@', NOT, SEQARROW, '-', STRING_LITERAL, CHAR_LITERAL, BIN_LITERAL, HEX_LITERAL, IDENT, INT_LITERAL, FLOAT_LITERAL, DOUBLE_LITERAL, REAL_LITERAL}&#10;line 218:27 extraneous input '(' expecting {'\lemma', '}', IDENT, '/*!'}&#10;line 218:31 mismatched input ')' expecting {'(', '{'}&#10;line 220:44 mismatched input ')' expecting {'(', '{'}&#10;line 225:14 mismatched input '\ifExintVar' expecting {MODALITY, FORALL, EXISTS, '\if', '\ifEx', 'true', 'false', '(', '{', '@', NOT, SEQARROW, '-', STRING_LITERAL, CHAR_LITERAL, BIN_LITERAL, HEX_LITERAL, IDENT, INT_LITERAL, FLOAT_LITERAL, DOUBLE_LITERAL, REAL_LITERAL}&#10;line 225:27 extraneous input '(' expecting {'\lemma', '}', IDENT, '/*!'}&#10;line 225:31 mismatched input ')' expecting {'(', '{'}&#10;line 227:44 mismatched input ')' expecting {'(', '{'}&#10;line 233:14 mismatched input '\ifExintVar' expecting {MODALITY, FORALL, EXISTS, '\if', '\ifEx', 'true', 'false', '(', '{', '@', NOT, SEQARROW, '-', STRING_LITERAL, CHAR_LITERAL, BIN_LITERAL, HEX_LITERAL, IDENT, INT_LITERAL, FLOAT_LITERAL, DOUBLE_LITERAL, REAL_LITERAL}&#10;line 233:27 extraneous input '(' expecting {'\lemma', '}', IDENT, '/*!'}&#10;line 233:31 mismatched input ')' expecting {'(', '{'}&#10;line 237:42 mismatched input '}' expecting {'(', '{'}&#10;line 238:34 mismatched input '}' expecting {'(', '{'}&#10;line 239:28 extraneous input '(' expecting {'\lemma', '}', IDENT, '/*!'}&#10;line 239:33 mismatched input '-&gt;' expecting {'(', '{'}&#10;line 240:8 extraneous input '\replacewith' expecting {'\lemma', '}', IDENT, '/*!'}&#10;line 240:25 mismatched input ')' expecting {'(', '{'}&#10;line 240:56 mismatched input ')' expecting {'(', '{'}&#10;line 245:14 mismatched input '\ifExintVar' expecting {MODALITY, FORALL, EXISTS, '\if', '\ifEx', 'true', 'false', '(', '{', '@', NOT, SEQARROW, '-', STRING_LITERAL, CHAR_LITERAL, BIN_LITERAL, HEX_LITERAL, IDENT, INT_LITERAL, FLOAT_LITERAL, DOUBLE_LITERAL, REAL_LITERAL}&#10;line 245:27 extraneous input '(' expecting {'\lemma', '}', IDENT, '/*!'}&#10;line 245:31 mismatched input ')' expecting {'(', '{'}&#10;line 248:45 mismatched input '}' expecting {'(', '{'}&#10;line 249:8 extraneous input '\replacewith' expecting {'\lemma', '}', IDENT, '/*!'}&#10;line 249:38 mismatched input ')' expecting {'(', '{'}&#10;line 250:42 mismatched input '}' expecting {'(', '{'}&#10;line 251:28 extraneous input '(' expecting {'\lemma', '}', IDENT, '/*!'}&#10;line 251:33 mismatched input '-&gt;' expecting {'(', '{'}&#10;line 255:14 mismatched input '\ifExintVar' expecting {MODALITY, FORALL, EXISTS, '\if', '\ifEx', 'true', 'false', '(', '{', '@', NOT, SEQARROW, '-', STRING_LITERAL, CHAR_LITERAL, BIN_LITERAL, HEX_LITERAL, IDENT, INT_LITERAL, FLOAT_LITERAL, DOUBLE_LITERAL, REAL_LITERAL}&#10;line 255:27 extraneous input '(' expecting {'\lemma', '}', IDENT, '/*!'}&#10;line 255:31 mismatched input ')' expecting {'(', '{'}&#10;line 258:52 extraneous input '0' expecting {'\lemma', '}', IDENT, '/*!'}&#10;line 258:54 mismatched input 'then' expecting {&lt;EOF&gt;, '\problem', '\chooseContract', '\proofObligation', '\proof'}&#10; (file: src/test/resources/testcase/termLabels/flatSteps/FlatSteps.java; caused by: de.uka.ilkd.key.proof.init.ProofInputException: line 135:14 mismatched input '\ifExintVar' expecting {MODALITY, FORALL, EXISTS, '\if', '\ifEx', 'true', 'false', '(', '{', '@', NOT, SEQARROW, '-', STRING_LITERAL, CHAR_LITERAL, BIN_LITERAL, HEX_LITERAL, IDENT, INT_LITERAL, FLOAT_LITERAL, DOUBLE_LITERAL, REAL_LITERAL}&#10;line 135:27 extraneous input '(' expecting {'\lemma', '}', IDENT, '/*!'}&#10;line 135:44 mismatched input ')' expecting {'(', '{'}&#10;line 141:14 mismatched input '\ifExintVar' expecting {MODALITY, FORALL, EXISTS, '\if', '\ifEx', 'true', 'false', '(', '{', '@', NOT, SEQARROW, '-', STRING_LITERAL, CHAR_LITERAL, BIN_LITERAL, HEX_LITERAL, IDENT, INT_LITERAL, FLOAT_LITERAL, DOUBLE_LITERAL, REAL_LITERAL}&#10;line 141:27 extraneous input '(' expecting {'\lemma', '}', IDENT, '/*!'}&#10;line 141:41 mismatched input ')' expecting {'(', '{'}&#10;line 148:14 mismatched input '\ifExintVar' expecting {MODALITY, FORALL, EXISTS, '\if', '\ifEx', 'true', 'false', '(', '{', '@', NOT, SEQARROW, '-', STRING_LITERAL, CHAR_LITERAL, BIN_LITERAL, HEX_LITERAL, IDENT, INT_LITERAL, FLOAT_LITERAL, DOUBLE_LITERAL, REAL_LITERAL}&#10;line 148:27 extraneous input '(' expecting {'\lemma', '}', IDENT, '/*!'}&#10;line 148:35 mismatched input '=' expecting {'(', '{'}&#10;line 150:38 mismatched input '}' expecting {'(', '{'}&#10;line 155:14 mismatched input '\ifExintVar' expecting {MODALITY, FORALL, EXISTS, '\if', '\ifEx', 'true', 'false', '(', '{', '@', NOT, SEQARROW, '-', STRING_LITERAL, CHAR_LITERAL, BIN_LITERAL, HEX_LITERAL, IDENT, INT_LITERAL, FLOAT_LITERAL, DOUBLE_LITERAL, REAL_LITERAL}&#10;line 155:27 extraneous input '(' expecting {'\lemma', '}', IDENT, '/*!'}&#10;line 155:35 mismatched input '=' expecting {'(', '{'}&#10;line 157:38 mismatched input '}' expecting {'(', '{'}&#10;line 163:14 mismatched input '\ifExintVar' expecting {MODALITY, FORALL, EXISTS, '\if', '\ifEx', 'true', 'false', '(', '{', '@', NOT, SEQARROW, '-', STRING_LITERAL, CHAR_LITERAL, BIN_LITERAL, HEX_LITERAL, IDENT, INT_LITERAL, FLOAT_LITERAL, DOUBLE_LITERAL, REAL_LITERAL}&#10;line 163:27 extraneous input '(' expecting {'\lemma', '}', IDENT, '/*!'}&#10;line 163:30 mismatched input '=' expecting {'(', '{'}&#10;line 165:38 mismatched input '}' expecting {'(', '{'}&#10;line 171:14 mismatched input '\ifExintVar' expecting {MODALITY, FORALL, EXISTS, '\if', '\ifEx', 'true', 'false', '(', '{', '@', NOT, SEQARROW, '-', STRING_LITERAL, CHAR_LITERAL, BIN_LITERAL, HEX_LITERAL, IDENT, INT_LITERAL, FLOAT_LITERAL, DOUBLE_LITERAL, REAL_LITERAL}&#10;line 171:27 extraneous input '(' expecting {'\lemma', '}', IDENT, '/*!'}&#10;line 171:30 mismatched input '=' expecting {'(', '{'}&#10;line 173:38 mismatched input '}' expecting {'(', '{'}&#10;line 179:14 mismatched input '\ifExintVar' expecting {MODALITY, FORALL, EXISTS, '\if', '\ifEx', 'true', 'false', '(', '{', '@', NOT, SEQARROW, '-', STRING_LITERAL, CHAR_LITERAL, BIN_LITERAL, HEX_LITERAL, IDENT, INT_LITERAL, FLOAT_LITERAL, DOUBLE_LITERAL, REAL_LITERAL}&#10;line 179:27 extraneous input '(' expecting {'\lemma', '}', IDENT, '/*!'}&#10;line 179:32 mismatched input '&amp;' expecting {'(', '{'}&#10;line 181:42 mismatched input '}' expecting {'(', '{'}&#10;line 182:39 mismatched input '}' expecting {'(', '{'}&#10;line 188:14 mismatched input '\ifExintVar' expecting {MODALITY, FORALL, EXISTS, '\if', '\ifEx', 'true', 'false', '(', '{', '@', NOT, SEQARROW, '-', STRING_LITERAL, CHAR_LITERAL, BIN_LITERAL, HEX_LITERAL, IDENT, INT_LITERAL, FLOAT_LITERAL, DOUBLE_LITERAL, REAL_LITERAL}&#10;line 188:27 extraneous input '(' expecting {'\lemma', '}', IDENT, '/*!'}&#10;line 188:32 mismatched input '&amp;' expecting {'(', '{'}&#10;line 190:42 mismatched input '}' expecting {'(', '{'}&#10;line 191:39 mismatched input '}' expecting {'(', '{'}&#10;line 198:14 mismatched input '\ifExintVar' expecting {MODALITY, FORALL, EXISTS, '\if', '\ifEx', 'true', 'false', '(', '{', '@', NOT, SEQARROW, '-', STRING_LITERAL, CHAR_LITERAL, BIN_LITERAL, HEX_LITERAL, IDENT, INT_LITERAL, FLOAT_LITERAL, DOUBLE_LITERAL, REAL_LITERAL}&#10;line 198:27 extraneous input '(' expecting {'\lemma', '}', IDENT, '/*!'}&#10;line 198:32 mismatched input '&amp;' expecting {'(', '{'}&#10;line 200:42 mismatched input '}' expecting {'(', '{'}&#10;line 201:39 mismatched input '}' expecting {'(', '{'}&#10;line 208:14 mismatched input '\ifExintVar' expecting {MODALITY, FORALL, EXISTS, '\if', '\ifEx', 'true', 'false', '(', '{', '@', NOT, SEQARROW, '-', STRING_LITERAL, CHAR_LITERAL, BIN_LITERAL, HEX_LITERAL, IDENT, INT_LITERAL, FLOAT_LITERAL, DOUBLE_LITERAL, REAL_LITERAL}&#10;line 208:27 extraneous input '(' expecting {'\lemma', '}', IDENT, '/*!'}&#10;line 208:32 mismatched input '&amp;' expecting {'(', '{'}&#10;line 210:42 mismatched input '}' expecting {'(', '{'}&#10;line 211:39 mismatched input '}' expecting {'(', '{'}&#10;line 218:14 mismatched input '\ifExintVar' expecting {MODALITY, FORALL, EXISTS, '\if', '\ifEx', 'true', 'false', '(', '{', '@', NOT, SEQARROW, '-', STRING_LITERAL, CHAR_LITERAL, BIN_LITERAL, HEX_LITERAL, IDENT, INT_LITERAL, FLOAT_LITERAL, DOUBLE_LITERAL, REAL_LITERAL}&#10;line 218:27 extraneous input '(' expecting {'\lemma', '}', IDENT, '/*!'}&#10;line 218:31 mismatched input ')' expecting {'(', '{'}&#10;line 220:44 mismatched input ')' expecting {'(', '{'}&#10;line 225:14 mismatched input '\ifExintVar' expecting {MODALITY, FORALL, EXISTS, '\if', '\ifEx', 'true', 'false', '(', '{', '@', NOT, SEQARROW, '-', STRING_LITERAL, CHAR_LITERAL, BIN_LITERAL, HEX_LITERAL, IDENT, INT_LITERAL, FLOAT_LITERAL, DOUBLE_LITERAL, REAL_LITERAL}&#10;line 225:27 extraneous input '(' expecting {'\lemma', '}', IDENT, '/*!'}&#10;line 225:31 mismatched input ')' expecting {'(', '{'}&#10;line 227:44 mismatched input ')' expecting {'(', '{'}&#10;line 233:14 mismatched input '\ifExintVar' expecting {MODALITY, FORALL, EXISTS, '\if', '\ifEx', 'true', 'false', '(', '{', '@', NOT, SEQARROW, '-', STRING_LITERAL, CHAR_LITERAL, BIN_LITERAL, HEX_LITERAL, IDENT, INT_LITERAL, FLOAT_LITERAL, DOUBLE_LITERAL, REAL_LITERAL}&#10;line 233:27 extraneous input '(' expecting {'\lemma', '}', IDENT, '/*!'}&#10;line 233:31 mismatched input ')' expecting {'(', '{'}&#10;line 237:42 mismatched input '}' expecting {'(', '{'}&#10;line 238:34 mismatched input '}' expecting {'(', '{'}&#10;line 239:28 extraneous input '(' expecting {'\lemma', '}', IDENT, '/*!'}&#10;line 239:33 mismatched input '-&gt;' expecting {'(', '{'}&#10;line 240:8 extraneous input '\replacewith' expecting {'\lemma', '}', IDENT, '/*!'}&#10;line 240:25 mismatched input ')' expecting {'(', '{'}&#10;line 240:56 mismatched input ')' expecting {'(', '{'}&#10;line 245:14 mismatched input '\ifExintVar' expecting {MODALITY, FORALL, EXISTS, '\if', '\ifEx', 'true', 'false', '(', '{', '@', NOT, SEQARROW, '-', STRING_LITERAL, CHAR_LITERAL, BIN_LITERAL, HEX_LITERAL, IDENT, INT_LITERAL, FLOAT_LITERAL, DOUBLE_LITERAL, REAL_LITERAL}&#10;line 245:27 extraneous input '(' expecting {'\lemma', '}', IDENT, '/*!'}&#10;line 245:31 mismatched input ')' expecting {'(', '{'}&#10;line 248:45 mismatched input '}' expecting {'(', '{'}&#10;line 249:8 extraneous input '\replacewith' expecting {'\lemma', '}', IDENT, '/*!'}&#10;line 249:38 mismatched input ')' expecting {'(', '{'}&#10;line 250:42 mismatched input '}' expecting {'(', '{'}&#10;line 251:28 extraneous input '(' expecting {'\lemma', '}', IDENT, '/*!'}&#10;line 251:33 mismatched input '-&gt;' expecting {'(', '{'}&#10;line 255:14 mismatched input '\ifExintVar' expecting {MODALITY, FORALL, EXISTS, '\if', '\ifEx', 'true', 'false', '(', '{', '@', NOT, SEQARROW, '-', STRING_LITERAL, CHAR_LITERAL, BIN_LITERAL, HEX_LITERAL, IDENT, INT_LITERAL, FLOAT_LITERAL, DOUBLE_LITERAL, REAL_LITERAL}&#10;line 255:27 extraneous input '(' expecting {'\lemma', '}', IDENT, '/*!'}&#10;line 255:31 mismatched input ')' expecting {'(', '{'}&#10;line 258:52 extraneous input '0' expecting {'\lemma', '}', IDENT, '/*!'}&#10;line 258:54 mismatched input 'then' expecting {&lt;EOF&gt;, '\problem', '\chooseContract', '\proofObligation', '\proof'}&#10;)" type="de.uka.ilkd.key.proof.io.ProblemLoaderException">line 135:14 mismatched input '\ifExintVar' expecting {MODALITY, FORALL, EXISTS, '\if', '\ifEx', 'true', 'false', '(', '{', '@', NOT, SEQARROW, '-', STRING_LITERAL, CHAR_LITERAL, BIN_LITERAL, HEX_LITERAL, IDENT, INT_LITERAL, FLOAT_LITERAL, DOUBLE_LITERAL, REAL_LITERAL}
line 135:27 extraneous input '(' expecting {'\lemma', '}', IDENT, '/*!'}
line 135:44 mismatched input ')' expecting {'(', '{'}
line 141:14 mismatched input '\ifExintVar' expecting {MODALITY, FORALL, EXISTS, '\if', '\ifEx', 'true', 'false', '(', '{', '@', NOT, SEQARROW, '-', STRING_LITERAL, CHAR_LITERAL, BIN_LITERAL, HEX_LITERAL, IDENT, INT_LITERAL, FLOAT_LITERAL, DOUBLE_LITERAL, REAL_LITERAL}
line 141:27 extraneous input '(' expecting {'\lemma', '}', IDENT, '/*!'}
line 141:41 mismatched input ')' expecting {'(', '{'}
line 148:14 mismatched input '\ifExintVar' expecting {MODALITY, FORALL, EXISTS, '\if', '\ifEx', 'true', 'false', '(', '{', '@', NOT, SEQARROW, '-', STRING_LITERAL, CHAR_LITERAL, BIN_LITERAL, HEX_LITERAL, IDENT, INT_LITERAL, FLOAT_LITERAL, DOUBLE_LITERAL, REAL_LITERAL}
line 148:27 extraneous input '(' expecting {'\lemma', '}', IDENT, '/*!'}
line 148:35 mismatched input '=' expecting {'(', '{'}
line 150:38 mismatched input '}' expecting {'(', '{'}
line 155:14 mismatched input '\ifExintVar' expecting {MODALITY, FORALL, EXISTS, '\if', '\ifEx', 'true', 'false', '(', '{', '@', NOT, SEQARROW, '-', STRING_LITERAL, CHAR_LITERAL, BIN_LITERAL, HEX_LITERAL, IDENT, INT_LITERAL, FLOAT_LITERAL, DOUBLE_LITERAL, REAL_LITERAL}
line 155:27 extraneous input '(' expecting {'\lemma', '}', IDENT, '/*!'}
line 155:35 mismatched input '=' expecting {'(', '{'}
line 157:38 mismatched input '}' expecting {'(', '{'}
line 163:14 mismatched input '\ifExintVar' expecting {MODALITY, FORALL, EXISTS, '\if', '\ifEx', 'true', 'false', '(', '{', '@', NOT, SEQARROW, '-', STRING_LITERAL, CHAR_LITERAL, BIN_LITERAL, HEX_LITERAL, IDENT, INT_LITERAL, FLOAT_LITERAL, DOUBLE_LITERAL, REAL_LITERAL}
line 163:27 extraneous input '(' expecting {'\lemma', '}', IDENT, '/*!'}
line 163:30 mismatched input '=' expecting {'(', '{'}
line 165:38 mismatched input '}' expecting {'(', '{'}
line 171:14 mismatched input '\ifExintVar' expecting {MODALITY, FORALL, EXISTS, '\if', '\ifEx', 'true', 'false', '(', '{', '@', NOT, SEQARROW, '-', STRING_LITERAL, CHAR_LITERAL, BIN_LITERAL, HEX_LITERAL, IDENT, INT_LITERAL, FLOAT_LITERAL, DOUBLE_LITERAL, REAL_LITERAL}
line 171:27 extraneous input '(' expecting {'\lemma', '}', IDENT, '/*!'}
line 171:30 mismatched input '=' expecting {'(', '{'}
line 173:38 mismatched input '}' expecting {'(', '{'}
line 179:14 mismatched input '\ifExintVar' expecting {MODALITY, FORALL, EXISTS, '\if', '\ifEx', 'true', 'false', '(', '{', '@', NOT, SEQARROW, '-', STRING_LITERAL, CHAR_LITERAL, BIN_LITERAL, HEX_LITERAL, IDENT, INT_LITERAL, FLOAT_LITERAL, DOUBLE_LITERAL, REAL_LITERAL}
line 179:27 extraneous input '(' expecting {'\lemma', '}', IDENT, '/*!'}
line 179:32 mismatched input '&amp;' expecting {'(', '{'}
line 181:42 mismatched input '}' expecting {'(', '{'}
line 182:39 mismatched input '}' expecting {'(', '{'}
line 188:14 mismatched input '\ifExintVar' expecting {MODALITY, FORALL, EXISTS, '\if', '\ifEx', 'true', 'false', '(', '{', '@', NOT, SEQARROW, '-', STRING_LITERAL, CHAR_LITERAL, BIN_LITERAL, HEX_LITERAL, IDENT, INT_LITERAL, FLOAT_LITERAL, DOUBLE_LITERAL, REAL_LITERAL}
line 188:27 extraneous input '(' expecting {'\lemma', '}', IDENT, '/*!'}
line 188:32 mismatched input '&amp;' expecting {'(', '{'}
line 190:42 mismatched input '}' expecting {'(', '{'}
line 191:39 mismatched input '}' expecting {'(', '{'}
line 198:14 mismatched input '\ifExintVar' expecting {MODALITY, FORALL, EXISTS, '\if', '\ifEx', 'true', 'false', '(', '{', '@', NOT, SEQARROW, '-', STRING_LITERAL, CHAR_LITERAL, BIN_LITERAL, HEX_LITERAL, IDENT, INT_LITERAL, FLOAT_LITERAL, DOUBLE_LITERAL, REAL_LITERAL}
line 198:27 extraneous input '(' expecting {'\lemma', '}', IDENT, '/*!'}
line 198:32 mismatched input '&amp;' expecting {'(', '{'}
line 200:42 mismatched input '}' expecting {'(', '{'}
line 201:39 mismatched input '}' expecting {'(', '{'}
line 208:14 mismatched input '\ifExintVar' expecting {MODALITY, FORALL, EXISTS, '\if', '\ifEx', 'true', 'false', '(', '{', '@', NOT, SEQARROW, '-', STRING_LITERAL, CHAR_LITERAL, BIN_LITERAL, HEX_LITERAL, IDENT, INT_LITERAL, FLOAT_LITERAL, DOUBLE_LITERAL, REAL_LITERAL}
line 208:27 extraneous input '(' expecting {'\lemma', '}', IDENT, '/*!'}
line 208:32 mismatched input '&amp;' expecting {'(', '{'}
line 210:42 mismatched input '}' expecting {'(', '{'}
line 211:39 mismatched input '}' expecting {'(', '{'}
line 218:14 mismatched input '\ifExintVar' expecting {MODALITY, FORALL, EXISTS, '\if', '\ifEx', 'true', 'false', '(', '{', '@', NOT, SEQARROW, '-', STRING_LITERAL, CHAR_LITERAL, BIN_LITERAL, HEX_LITERAL, IDENT, INT_LITERAL, FLOAT_LITERAL, DOUBLE_LITERAL, REAL_LITERAL}
line 218:27 extraneous input '(' expecting {'\lemma', '}', IDENT, '/*!'}
line 218:31 mismatched input ')' expecting {'(', '{'}
line 220:44 mismatched input ')' expecting {'(', '{'}
line 225:14 mismatched input '\ifExintVar' expecting {MODALITY, FORALL, EXISTS, '\if', '\ifEx', 'true', 'false', '(', '{', '@', NOT, SEQARROW, '-', STRING_LITERAL, CHAR_LITERAL, BIN_LITERAL, HEX_LITERAL, IDENT, INT_LITERAL, FLOAT_LITERAL, DOUBLE_LITERAL, REAL_LITERAL}
line 225:27 extraneous input '(' expecting {'\lemma', '}', IDENT, '/*!'}
line 225:31 mismatched input ')' expecting {'(', '{'}
line 227:44 mismatched input ')' expecting {'(', '{'}
line 233:14 mismatched input '\ifExintVar' expecting {MODALITY, FORALL, EXISTS, '\if', '\ifEx', 'true', 'false', '(', '{', '@', NOT, SEQARROW, '-', STRING_LITERAL, CHAR_LITERAL, BIN_LITERAL, HEX_LITERAL, IDENT, INT_LITERAL, FLOAT_LITERAL, DOUBLE_LITERAL, REAL_LITERAL}
line 233:27 extraneous input '(' expecting {'\lemma', '}', IDENT, '/*!'}
line 233:31 mismatched input ')' expecting {'(', '{'}
line 237:42 mismatched input '}' expecting {'(', '{'}
line 238:34 mismatched input '}' expecting {'(', '{'}
line 239:28 extraneous input '(' expecting {'\lemma', '}', IDENT, '/*!'}
line 239:33 mismatched input '-&gt;' expecting {'(', '{'}
line 240:8 extraneous input '\replacewith' expecting {'\lemma', '}', IDENT, '/*!'}
line 240:25 mismatched input ')' expecting {'(', '{'}
line 240:56 mismatched input ')' expecting {'(', '{'}
line 245:14 mismatched input '\ifExintVar' expecting {MODALITY, FORALL, EXISTS, '\if', '\ifEx', 'true', 'false', '(', '{', '@', NOT, SEQARROW, '-', STRING_LITERAL, CHAR_LITERAL, BIN_LITERAL, HEX_LITERAL, IDENT, INT_LITERAL, FLOAT_LITERAL, DOUBLE_LITERAL, REAL_LITERAL}
line 245:27 extraneous input '(' expecting {'\lemma', '}', IDENT, '/*!'}
line 245:31 mismatched input ')' expecting {'(', '{'}
line 248:45 mismatched input '}' expecting {'(', '{'}
line 249:8 extraneous input '\replacewith' expecting {'\lemma', '}', IDENT, '/*!'}
line 249:38 mismatched input ')' expecting {'(', '{'}
line 250:42 mismatched input '}' expecting {'(', '{'}
line 251:28 extraneous input '(' expecting {'\lemma', '}', IDENT, '/*!'}
line 251:33 mismatched input '-&gt;' expecting {'(', '{'}
line 255:14 mismatched input '\ifExintVar' expecting {MODALITY, FORALL, EXISTS, '\if', '\ifEx', 'true', 'false', '(', '{', '@', NOT, SEQARROW, '-', STRING_LITERAL, CHAR_LITERAL, BIN_LITERAL, HEX_LITERAL, IDENT, INT_LITERAL, FLOAT_LITERAL, DOUBLE_LITERAL, REAL_LITERAL}
line 255:27 extraneous input '(' expecting {'\lemma', '}', IDENT, '/*!'}
line 255:31 mismatched input ')' expecting {'(', '{'}
line 258:52 extraneous input '0' expecting {'\lemma', '}', IDENT, '/*!'}
line 258:54 mismatched input 'then' expecting {&lt;EOF&gt;, '\problem', '\chooseContract', '\proofObligation', '\proof'}
 (file: src/test/resources/testcase/termLabels/flatSteps/FlatSteps.java; caused by: de.uka.ilkd.key.proof.init.ProofInputException: line 135:14 mismatched input '\ifExintVar' expecting {MODALITY, FORALL, EXISTS, '\if', '\ifEx', 'true', 'false', '(', '{', '@', NOT, SEQARROW, '-', STRING_LITERAL, CHAR_LITERAL, BIN_LITERAL, HEX_LITERAL, IDENT, INT_LITERAL, FLOAT_LITERAL, DOUBLE_LITERAL, REAL_LITERAL}
line 135:27 extraneous input '(' expecting {'\lemma', '}', IDENT, '/*!'}
line 135:44 mismatched input ')' expecting {'(', '{'}
line 141:14 mismatched input '\ifExintVar' expecting {MODALITY, FORALL, EXISTS, '\if', '\ifEx', 'true', 'false', '(', '{', '@', NOT, SEQARROW, '-', STRING_LITERAL, CHAR_LITERAL, BIN_LITERAL, HEX_LITERAL, IDENT, INT_LITERAL, FLOAT_LITERAL, DOUBLE_LITERAL, REAL_LITERAL}
line 141:27 extraneous input '(' expecting {'\lemma', '}', IDENT, '/*!'}
line 141:41 mismatched input ')' expecting {'(', '{'}
line 148:14 mismatched input '\ifExintVar' expecting {MODALITY, FORALL, EXISTS, '\if', '\ifEx', 'true', 'false', '(', '{', '@', NOT, SEQARROW, '-', STRING_LITERAL, CHAR_LITERAL, BIN_LITERAL, HEX_LITERAL, IDENT, INT_LITERAL, FLOAT_LITERAL, DOUBLE_LITERAL, REAL_LITERAL}
line 148:27 extraneous input '(' expecting {'\lemma', '}', IDENT, '/*!'}
line 148:35 mismatched input '=' expecting {'(', '{'}
line 150:38 mismatched input '}' expecting {'(', '{'}
line 155:14 mismatched input '\ifExintVar' expecting {MODALITY, FORALL, EXISTS, '\if', '\ifEx', 'true', 'false', '(', '{', '@', NOT, SEQARROW, '-', STRING_LITERAL, CHAR_LITERAL, BIN_LITERAL, HEX_LITERAL, IDENT, INT_LITERAL, FLOAT_LITERAL, DOUBLE_LITERAL, REAL_LITERAL}
line 155:27 extraneous input '(' expecting {'\lemma', '}', IDENT, '/*!'}
line 155:35 mismatched input '=' expecting {'(', '{'}
line 157:38 mismatched input '}' expecting {'(', '{'}
line 163:14 mismatched input '\ifExintVar' expecting {MODALITY, FORALL, EXISTS, '\if', '\ifEx', 'true', 'false', '(', '{', '@', NOT, SEQARROW, '-', STRING_LITERAL, CHAR_LITERAL, BIN_LITERAL, HEX_LITERAL, IDENT, INT_LITERAL, FLOAT_LITERAL, DOUBLE_LITERAL, REAL_LITERAL}
line 163:27 extraneous input '(' expecting {'\lemma', '}', IDENT, '/*!'}
line 163:30 mismatched input '=' expecting {'(', '{'}
line 165:38 mismatched input '}' expecting {'(', '{'}
line 171:14 mismatched input '\ifExintVar' expecting {MODALITY, FORALL, EXISTS, '\if', '\ifEx', 'true', 'false', '(', '{', '@', NOT, SEQARROW, '-', STRING_LITERAL, CHAR_LITERAL, BIN_LITERAL, HEX_LITERAL, IDENT, INT_LITERAL, FLOAT_LITERAL, DOUBLE_LITERAL, REAL_LITERAL}
line 171:27 extraneous input '(' expecting {'\lemma', '}', IDENT, '/*!'}
line 171:30 mismatched input '=' expecting {'(', '{'}
line 173:38 mismatched input '}' expecting {'(', '{'}
line 179:14 mismatched input '\ifExintVar' expecting {MODALITY, FORALL, EXISTS, '\if', '\ifEx', 'true', 'false', '(', '{', '@', NOT, SEQARROW, '-', STRING_LITERAL, CHAR_LITERAL, BIN_LITERAL, HEX_LITERAL, IDENT, INT_LITERAL, FLOAT_LITERAL, DOUBLE_LITERAL, REAL_LITERAL}
line 179:27 extraneous input '(' expecting {'\lemma', '}', IDENT, '/*!'}
line 179:32 mismatched input '&amp;' expecting {'(', '{'}
line 181:42 mismatched input '}' expecting {'(', '{'}
line 182:39 mismatched input '}' expecting {'(', '{'}
line 188:14 mismatched input '\ifExintVar' expecting {MODALITY, FORALL, EXISTS, '\if', '\ifEx', 'true', 'false', '(', '{', '@', NOT, SEQARROW, '-', STRING_LITERAL, CHAR_LITERAL, BIN_LITERAL, HEX_LITERAL, IDENT, INT_LITERAL, FLOAT_LITERAL, DOUBLE_LITERAL, REAL_LITERAL}
line 188:27 extraneous input '(' expecting {'\lemma', '}', IDENT, '/*!'}
line 188:32 mismatched input '&amp;' expecting {'(', '{'}
line 190:42 mismatched input '}' expecting {'(', '{'}
line 191:39 mismatched input '}' expecting {'(', '{'}
line 198:14 mismatched input '\ifExintVar' expecting {MODALITY, FORALL, EXISTS, '\if', '\ifEx', 'true', 'false', '(', '{', '@', NOT, SEQARROW, '-', STRING_LITERAL, CHAR_LITERAL, BIN_LITERAL, HEX_LITERAL, IDENT, INT_LITERAL, FLOAT_LITERAL, DOUBLE_LITERAL, REAL_LITERAL}
line 198:27 extraneous input '(' expecting {'\lemma', '}', IDENT, '/*!'}
line 198:32 mismatched input '&amp;' expecting {'(', '{'}
line 200:42 mismatched input '}' expecting {'(', '{'}
line 201:39 mismatched input '}' expecting {'(', '{'}
line 208:14 mismatched input '\ifExintVar' expecting {MODALITY, FORALL, EXISTS, '\if', '\ifEx', 'true', 'false', '(', '{', '@', NOT, SEQARROW, '-', STRING_LITERAL, CHAR_LITERAL, BIN_LITERAL, HEX_LITERAL, IDENT, INT_LITERAL, FLOAT_LITERAL, DOUBLE_LITERAL, REAL_LITERAL}
line 208:27 extraneous input '(' expecting {'\lemma', '}', IDENT, '/*!'}
line 208:32 mismatched input '&amp;' expecting {'(', '{'}
line 210:42 mismatched input '}' expecting {'(', '{'}
line 211:39 mismatched input '}' expecting {'(', '{'}
line 218:14 mismatched input '\ifExintVar' expecting {MODALITY, FORALL, EXISTS, '\if', '\ifEx', 'true', 'false', '(', '{', '@', NOT, SEQARROW, '-', STRING_LITERAL, CHAR_LITERAL, BIN_LITERAL, HEX_LITERAL, IDENT, INT_LITERAL, FLOAT_LITERAL, DOUBLE_LITERAL, REAL_LITERAL}
line 218:27 extraneous input '(' expecting {'\lemma', '}', IDENT, '/*!'}
line 218:31 mismatched input ')' expecting {'(', '{'}
line 220:44 mismatched input ')' expecting {'(', '{'}
line 225:14 mismatched input '\ifExintVar' expecting {MODALITY, FORALL, EXISTS, '\if', '\ifEx', 'true', 'false', '(', '{', '@', NOT, SEQARROW, '-', STRING_LITERAL, CHAR_LITERAL, BIN_LITERAL, HEX_LITERAL, IDENT, INT_LITERAL, FLOAT_LITERAL, DOUBLE_LITERAL, REAL_LITERAL}
line 225:27 extraneous input '(' expecting {'\lemma', '}', IDENT, '/*!'}
line 225:31 mismatched input ')' expecting {'(', '{'}
line 227:44 mismatched input ')' expecting {'(', '{'}
line 233:14 mismatched input '\ifExintVar' expecting {MODALITY, FORALL, EXISTS, '\if', '\ifEx', 'true', 'false', '(', '{', '@', NOT, SEQARROW, '-', STRING_LITERAL, CHAR_LITERAL, BIN_LITERAL, HEX_LITERAL, IDENT, INT_LITERAL, FLOAT_LITERAL, DOUBLE_LITERAL, REAL_LITERAL}
line 233:27 extraneous input '(' expecting {'\lemma', '}', IDENT, '/*!'}
line 233:31 mismatched input ')' expecting {'(', '{'}
line 237:42 mismatched input '}' expecting {'(', '{'}
line 238:34 mismatched input '}' expecting {'(', '{'}
line 239:28 extraneous input '(' expecting {'\lemma', '}', IDENT, '/*!'}
line 239:33 mismatched input '-&gt;' expecting {'(', '{'}
line 240:8 extraneous input '\replacewith' expecting {'\lemma', '}', IDENT, '/*!'}
line 240:25 mismatched input ')' expecting {'(', '{'}
line 240:56 mismatched input ')' expecting {'(', '{'}
line 245:14 mismatched input '\ifExintVar' expecting {MODALITY, FORALL, EXISTS, '\if', '\ifEx', 'true', 'false', '(', '{', '@', NOT, SEQARROW, '-', STRING_LITERAL, CHAR_LITERAL, BIN_LITERAL, HEX_LITERAL, IDENT, INT_LITERAL, FLOAT_LITERAL, DOUBLE_LITERAL, REAL_LITERAL}
line 245:27 extraneous input '(' expecting {'\lemma', '}', IDENT, '/*!'}
line 245:31 mismatched input ')' expecting {'(', '{'}
line 248:45 mismatched input '}' expecting {'(', '{'}
line 249:8 extraneous input '\replacewith' expecting {'\lemma', '}', IDENT, '/*!'}
line 249:38 mismatched input ')' expecting {'(', '{'}
line 250:42 mismatched input '}' expecting {'(', '{'}
line 251:28 extraneous input '(' expecting {'\lemma', '}', IDENT, '/*!'}
line 251:33 mismatched input '-&gt;' expecting {'(', '{'}
line 255:14 mismatched input '\ifExintVar' expecting {MODALITY, FORALL, EXISTS, '\if', '\ifEx', 'true', 'false', '(', '{', '@', NOT, SEQARROW, '-', STRING_LITERAL, CHAR_LITERAL, BIN_LITERAL, HEX_LITERAL, IDENT, INT_LITERAL, FLOAT_LITERAL, DOUBLE_LITERAL, REAL_LITERAL}
line 255:27 extraneous input '(' expecting {'\lemma', '}', IDENT, '/*!'}
line 255:31 mismatched input ')' expecting {'(', '{'}
line 258:52 extraneous input '0' expecting {'\lemma', '}', IDENT, '/*!'}
line 258:54 mismatched input 'then' expecting {&lt;EOF&gt;, '\problem', '\chooseContract', '\proofObligation', '\proof'}
)
	at app//de.uka.ilkd.key.control.AbstractUserInterfaceControl.load(AbstractUserInterfaceControl.java:221)
	at app//de.uka.ilkd.key.control.KeYEnvironment.load(KeYEnvironment.java:251)
	at app//de.uka.ilkd.key.control.KeYEnvironment.load(KeYEnvironment.java:224)
	at app//de.uka.ilkd.key.control.KeYEnvironment.load(KeYEnvironment.java:184)
	at app//de.uka.ilkd.key.logic.TestTermLabelManager.createTestServices(TestTermLabelManager.java:624)
	at app//de.uka.ilkd.key.logic.TestTermLabelManager.doRefactoringTestLogging(TestTermLabelManager.java:106)
	at app//de.uka.ilkd.key.logic.TestTermLabelManager.testrefactorGoal_childrenAndGrandchildren_ruleSpecific(TestTermLabelManager.java:52)
	at java.base@11.0.18/jdk.internal.reflect.NativeMethodAccessorImpl.invoke0(Native Method)
	at java.base@11.0.18/jdk.internal.reflect.NativeMethodAccessorImpl.invoke(NativeMethodAccessorImpl.java:62)
	at java.base@11.0.18/jdk.internal.reflect.DelegatingMethodAccessorImpl.invoke(DelegatingMethodAccessorImpl.java:43)
	at java.base@11.0.18/java.lang.reflect.Method.invoke(Method.java:566)
	at app//org.junit.platform.commons.util.ReflectionUtils.invokeMethod(ReflectionUtils.java:725)
	at app//org.junit.jupiter.engine.execution.MethodInvocation.proceed(MethodInvocation.java:60)
	at app//org.junit.jupiter.engine.execution.InvocationInterceptorChain$ValidatingInvocation.proceed(InvocationInterceptorChain.java:131)
	at app//org.junit.jupiter.engine.extension.TimeoutExtension.intercept(TimeoutExtension.java:149)
	at app//org.junit.jupiter.engine.extension.TimeoutExtension.interceptTestableMethod(TimeoutExtension.java:140)
	at app//org.junit.jupiter.engine.extension.TimeoutExtension.interceptTestMethod(TimeoutExtension.java:84)
	at app//org.junit.jupiter.engine.execution.ExecutableInvoker$ReflectiveInterceptorCall.lambda$ofVoidMethod$0(ExecutableInvoker.java:115)
	at app//org.junit.jupiter.engine.execution.ExecutableInvoker.lambda$invoke$0(ExecutableInvoker.java:105)
	at app//org.junit.jupiter.engine.execution.InvocationInterceptorChain$InterceptedInvocation.proceed(InvocationInterceptorChain.java:106)
	at app//org.junit.jupiter.engine.execution.InvocationInterceptorChain.proceed(InvocationInterceptorChain.java:64)
	at app//org.junit.jupiter.engine.execution.InvocationInterceptorChain.chainAndInvoke(InvocationInterceptorChain.java:45)
	at app//org.junit.jupiter.engine.execution.InvocationInterceptorChain.invoke(InvocationInterceptorChain.java:37)
	at app//org.junit.jupiter.engine.execution.ExecutableInvoker.invoke(ExecutableInvoker.java:104)
	at app//org.junit.jupiter.engine.execution.ExecutableInvoker.invoke(ExecutableInvoker.java:98)
	at app//org.junit.jupiter.engine.descriptor.TestMethodTestDescriptor.lambda$invokeTestMethod$7(TestMethodTestDescriptor.java:214)
	at app//org.junit.platform.engine.support.hierarchical.ThrowableCollector.execute(ThrowableCollector.java:73)
	at app//org.junit.jupiter.engine.descriptor.TestMethodTestDescriptor.invokeTestMethod(TestMethodTestDescriptor.java:210)
	at app//org.junit.jupiter.engine.descriptor.TestMethodTestDescriptor.execute(TestMethodTestDescriptor.java:135)
	at app//org.junit.jupiter.engine.descriptor.TestMethodTestDescriptor.execute(TestMethodTestDescriptor.java:66)
	at app//org.junit.platform.engine.support.hierarchical.NodeTestTask.lambda$executeRecursively$6(NodeTestTask.java:151)
	at app//org.junit.platform.engine.support.hierarchical.ThrowableCollector.execute(ThrowableCollector.java:73)
	at app//org.junit.platform.engine.support.hierarchical.NodeTestTask.lambda$executeRecursively$8(NodeTestTask.java:141)
	at app//org.junit.platform.engine.support.hierarchical.Node.around(Node.java:137)
	at app//org.junit.platform.engine.support.hierarchical.NodeTestTask.lambda$executeRecursively$9(NodeTestTask.java:139)
	at app//org.junit.platform.engine.support.hierarchical.ThrowableCollector.execute(ThrowableCollector.java:73)
	at app//org.junit.platform.engine.support.hierarchical.NodeTestTask.executeRecursively(NodeTestTask.java:138)
	at app//org.junit.platform.engine.support.hierarchical.NodeTestTask.execute(NodeTestTask.java:95)
	at java.base@11.0.18/java.util.ArrayList.forEach(ArrayList.java:1541)
	at app//org.junit.platform.engine.support.hierarchical.SameThreadHierarchicalTestExecutorService.invokeAll(SameThreadHierarchicalTestExecutorService.java:41)
	at app//org.junit.platform.engine.support.hierarchical.NodeTestTask.lambda$executeRecursively$6(NodeTestTask.java:155)
	at app//org.junit.platform.engine.support.hierarchical.ThrowableCollector.execute(ThrowableCollector.java:73)
	at app//org.junit.platform.engine.support.hierarchical.NodeTestTask.lambda$executeRecursively$8(NodeTestTask.java:141)
	at app//org.junit.platform.engine.support.hierarchical.Node.around(Node.java:137)
	at app//org.junit.platform.engine.support.hierarchical.NodeTestTask.lambda$executeRecursively$9(NodeTestTask.java:139)
	at app//org.junit.platform.engine.support.hierarchical.ThrowableCollector.execute(ThrowableCollector.java:73)
	at app//org.junit.platform.engine.support.hierarchical.NodeTestTask.executeRecursively(NodeTestTask.java:138)
	at app//org.junit.platform.engine.support.hierarchical.NodeTestTask.execute(NodeTestTask.java:95)
	at java.base@11.0.18/java.util.ArrayList.forEach(ArrayList.java:1541)
	at app//org.junit.platform.engine.support.hierarchical.SameThreadHierarchicalTestExecutorService.invokeAll(SameThreadHierarchicalTestExecutorService.java:41)
	at app//org.junit.platform.engine.support.hierarchical.NodeTestTask.lambda$executeRecursively$6(NodeTestTask.java:155)
	at app//org.junit.platform.engine.support.hierarchical.ThrowableCollector.execute(ThrowableCollector.java:73)
	at app//org.junit.platform.engine.support.hierarchical.NodeTestTask.lambda$executeRecursively$8(NodeTestTask.java:141)
	at app//org.junit.platform.engine.support.hierarchical.Node.around(Node.java:137)
	at app//org.junit.platform.engine.support.hierarchical.NodeTestTask.lambda$executeRecursively$9(NodeTestTask.java:139)
	at app//org.junit.platform.engine.support.hierarchical.ThrowableCollector.execute(ThrowableCollector.java:73)
	at app//org.junit.platform.engine.support.hierarchical.NodeTestTask.executeRecursively(NodeTestTask.java:138)
	at app//org.junit.platform.engine.support.hierarchical.NodeTestTask.execute(NodeTestTask.java:95)
	at app//org.junit.platform.engine.support.hierarchical.SameThreadHierarchicalTestExecutorService.submit(SameThreadHierarchicalTestExecutorService.java:35)
	at app//org.junit.platform.engine.support.hierarchical.HierarchicalTestExecutor.execute(HierarchicalTestExecutor.java:57)
	at app//org.junit.platform.engine.support.hierarchical.HierarchicalTestEngine.execute(HierarchicalTestEngine.java:54)
	at org.junit.platform.launcher.core.EngineExecutionOrchestrator.execute(EngineExecutionOrchestrator.java:107)
	at org.junit.platform.launcher.core.EngineExecutionOrchestrator.execute(EngineExecutionOrchestrator.java:88)
	at org.junit.platform.launcher.core.EngineExecutionOrchestrator.lambda$execute$0(EngineExecutionOrchestrator.java:54)
	at org.junit.platform.launcher.core.EngineExecutionOrchestrator.withInterceptedStreams(EngineExecutionOrchestrator.java:67)
	at org.junit.platform.launcher.core.EngineExecutionOrchestrator.execute(EngineExecutionOrchestrator.java:52)
	at org.junit.platform.launcher.core.DefaultLauncher.execute(DefaultLauncher.java:114)
	at org.junit.platform.launcher.core.DefaultLauncher.execute(DefaultLauncher.java:86)
	at org.junit.platform.launcher.core.DefaultLauncherSession$DelegatingLauncher.execute(DefaultLauncherSession.java:86)
	at org.junit.platform.launcher.core.SessionPerRequestLauncher.execute(SessionPerRequestLauncher.java:53)
	at org.gradle.api.internal.tasks.testing.junitplatform.JUnitPlatformTestClassProcessor$CollectAllTestClassesExecutor.processAllTestClasses(JUnitPlatformTestClassProcessor.java:99)
	at org.gradle.api.internal.tasks.testing.junitplatform.JUnitPlatformTestClassProcessor$CollectAllTestClassesExecutor.access$000(JUnitPlatformTestClassProcessor.java:79)
	at org.gradle.api.internal.tasks.testing.junitplatform.JUnitPlatformTestClassProcessor.stop(JUnitPlatformTestClassProcessor.java:75)
	at org.gradle.api.internal.tasks.testing.SuiteTestClassProcessor.stop(SuiteTestClassProcessor.java:62)
	at java.base@11.0.18/jdk.internal.reflect.NativeMethodAccessorImpl.invoke0(Native Method)
	at java.base@11.0.18/jdk.internal.reflect.NativeMethodAccessorImpl.invoke(NativeMethodAccessorImpl.java:62)
	at java.base@11.0.18/jdk.internal.reflect.DelegatingMethodAccessorImpl.invoke(DelegatingMethodAccessorImpl.java:43)
	at java.base@11.0.18/java.lang.reflect.Method.invoke(Method.java:566)
	at org.gradle.internal.dispatch.ReflectionDispatch.dispatch(ReflectionDispatch.java:36)
	at org.gradle.internal.dispatch.ReflectionDispatch.dispatch(ReflectionDispatch.java:24)
	at org.gradle.internal.dispatch.ContextClassLoaderDispatch.dispatch(ContextClassLoaderDispatch.java:33)
	at org.gradle.internal.dispatch.ProxyDispatchAdapter$DispatchingInvocationHandler.invoke(ProxyDispatchAdapter.java:94)
	at com.sun.proxy.$Proxy2.stop(Unknown Source)
	at org.gradle.api.internal.tasks.testing.worker.TestWorker$3.run(TestWorker.java:193)
	at org.gradle.api.internal.tasks.testing.worker.TestWorker.executeAndMaintainThreadName(TestWorker.java:129)
	at org.gradle.api.internal.tasks.testing.worker.TestWorker.execute(TestWorker.java:100)
	at org.gradle.api.internal.tasks.testing.worker.TestWorker.execute(TestWorker.java:60)
	at org.gradle.process.internal.worker.child.ActionExecutionWorker.execute(ActionExecutionWorker.java:56)
	at org.gradle.process.internal.worker.child.SystemApplicationClassLoaderWorker.call(SystemApplicationClassLoaderWorker.java:113)
	at org.gradle.process.internal.worker.child.SystemApplicationClassLoaderWorker.call(SystemApplicationClassLoaderWorker.java:65)
	at app//worker.org.gradle.process.internal.worker.GradleWorkerMain.run(GradleWorkerMain.java:69)
	at app//worker.org.gradle.process.internal.worker.GradleWorkerMain.main(GradleWorkerMain.java:74)
Caused by: de.uka.ilkd.key.proof.init.ProofInputException: line 135:14 mismatched input '\ifExintVar' expecting {MODALITY, FORALL, EXISTS, '\if', '\ifEx', 'true', 'false', '(', '{', '@', NOT, SEQARROW, '-', STRING_LITERAL, CHAR_LITERAL, BIN_LITERAL, HEX_LITERAL, IDENT, INT_LITERAL, FLOAT_LITERAL, DOUBLE_LITERAL, REAL_LITERAL}
line 135:27 extraneous input '(' expecting {'\lemma', '}', IDENT, '/*!'}
line 135:44 mismatched input ')' expecting {'(', '{'}
line 141:14 mismatched input '\ifExintVar' expecting {MODALITY, FORALL, EXISTS, '\if', '\ifEx', 'true', 'false', '(', '{', '@', NOT, SEQARROW, '-', STRING_LITERAL, CHAR_LITERAL, BIN_LITERAL, HEX_LITERAL, IDENT, INT_LITERAL, FLOAT_LITERAL, DOUBLE_LITERAL, REAL_LITERAL}
line 141:27 extraneous input '(' expecting {'\lemma', '}', IDENT, '/*!'}
line 141:41 mismatched input ')' expecting {'(', '{'}
line 148:14 mismatched input '\ifExintVar' expecting {MODALITY, FORALL, EXISTS, '\if', '\ifEx', 'true', 'false', '(', '{', '@', NOT, SEQARROW, '-', STRING_LITERAL, CHAR_LITERAL, BIN_LITERAL, HEX_LITERAL, IDENT, INT_LITERAL, FLOAT_LITERAL, DOUBLE_LITERAL, REAL_LITERAL}
line 148:27 extraneous input '(' expecting {'\lemma', '}', IDENT, '/*!'}
line 148:35 mismatched input '=' expecting {'(', '{'}
line 150:38 mismatched input '}' expecting {'(', '{'}
line 155:14 mismatched input '\ifExintVar' expecting {MODALITY, FORALL, EXISTS, '\if', '\ifEx', 'true', 'false', '(', '{', '@', NOT, SEQARROW, '-', STRING_LITERAL, CHAR_LITERAL, BIN_LITERAL, HEX_LITERAL, IDENT, INT_LITERAL, FLOAT_LITERAL, DOUBLE_LITERAL, REAL_LITERAL}
line 155:27 extraneous input '(' expecting {'\lemma', '}', IDENT, '/*!'}
line 155:35 mismatched input '=' expecting {'(', '{'}
line 157:38 mismatched input '}' expecting {'(', '{'}
line 163:14 mismatched input '\ifExintVar' expecting {MODALITY, FORALL, EXISTS, '\if', '\ifEx', 'true', 'false', '(', '{', '@', NOT, SEQARROW, '-', STRING_LITERAL, CHAR_LITERAL, BIN_LITERAL, HEX_LITERAL, IDENT, INT_LITERAL, FLOAT_LITERAL, DOUBLE_LITERAL, REAL_LITERAL}
line 163:27 extraneous input '(' expecting {'\lemma', '}', IDENT, '/*!'}
line 163:30 mismatched input '=' expecting {'(', '{'}
line 165:38 mismatched input '}' expecting {'(', '{'}
line 171:14 mismatched input '\ifExintVar' expecting {MODALITY, FORALL, EXISTS, '\if', '\ifEx', 'true', 'false', '(', '{', '@', NOT, SEQARROW, '-', STRING_LITERAL, CHAR_LITERAL, BIN_LITERAL, HEX_LITERAL, IDENT, INT_LITERAL, FLOAT_LITERAL, DOUBLE_LITERAL, REAL_LITERAL}
line 171:27 extraneous input '(' expecting {'\lemma', '}', IDENT, '/*!'}
line 171:30 mismatched input '=' expecting {'(', '{'}
line 173:38 mismatched input '}' expecting {'(', '{'}
line 179:14 mismatched input '\ifExintVar' expecting {MODALITY, FORALL, EXISTS, '\if', '\ifEx', 'true', 'false', '(', '{', '@', NOT, SEQARROW, '-', STRING_LITERAL, CHAR_LITERAL, BIN_LITERAL, HEX_LITERAL, IDENT, INT_LITERAL, FLOAT_LITERAL, DOUBLE_LITERAL, REAL_LITERAL}
line 179:27 extraneous input '(' expecting {'\lemma', '}', IDENT, '/*!'}
line 179:32 mismatched input '&amp;' expecting {'(', '{'}
line 181:42 mismatched input '}' expecting {'(', '{'}
line 182:39 mismatched input '}' expecting {'(', '{'}
line 188:14 mismatched input '\ifExintVar' expecting {MODALITY, FORALL, EXISTS, '\if', '\ifEx', 'true', 'false', '(', '{', '@', NOT, SEQARROW, '-', STRING_LITERAL, CHAR_LITERAL, BIN_LITERAL, HEX_LITERAL, IDENT, INT_LITERAL, FLOAT_LITERAL, DOUBLE_LITERAL, REAL_LITERAL}
line 188:27 extraneous input '(' expecting {'\lemma', '}', IDENT, '/*!'}
line 188:32 mismatched input '&amp;' expecting {'(', '{'}
line 190:42 mismatched input '}' expecting {'(', '{'}
line 191:39 mismatched input '}' expecting {'(', '{'}
line 198:14 mismatched input '\ifExintVar' expecting {MODALITY, FORALL, EXISTS, '\if', '\ifEx', 'true', 'false', '(', '{', '@', NOT, SEQARROW, '-', STRING_LITERAL, CHAR_LITERAL, BIN_LITERAL, HEX_LITERAL, IDENT, INT_LITERAL, FLOAT_LITERAL, DOUBLE_LITERAL, REAL_LITERAL}
line 198:27 extraneous input '(' expecting {'\lemma', '}', IDENT, '/*!'}
line 198:32 mismatched input '&amp;' expecting {'(', '{'}
line 200:42 mismatched input '}' expecting {'(', '{'}
line 201:39 mismatched input '}' expecting {'(', '{'}
line 208:14 mismatched input '\ifExintVar' expecting {MODALITY, FORALL, EXISTS, '\if', '\ifEx', 'true', 'false', '(', '{', '@', NOT, SEQARROW, '-', STRING_LITERAL, CHAR_LITERAL, BIN_LITERAL, HEX_LITERAL, IDENT, INT_LITERAL, FLOAT_LITERAL, DOUBLE_LITERAL, REAL_LITERAL}
line 208:27 extraneous input '(' expecting {'\lemma', '}', IDENT, '/*!'}
line 208:32 mismatched input '&amp;' expecting {'(', '{'}
line 210:42 mismatched input '}' expecting {'(', '{'}
line 211:39 mismatched input '}' expecting {'(', '{'}
line 218:14 mismatched input '\ifExintVar' expecting {MODALITY, FORALL, EXISTS, '\if', '\ifEx', 'true', 'false', '(', '{', '@', NOT, SEQARROW, '-', STRING_LITERAL, CHAR_LITERAL, BIN_LITERAL, HEX_LITERAL, IDENT, INT_LITERAL, FLOAT_LITERAL, DOUBLE_LITERAL, REAL_LITERAL}
line 218:27 extraneous input '(' expecting {'\lemma', '}', IDENT, '/*!'}
line 218:31 mismatched input ')' expecting {'(', '{'}
line 220:44 mismatched input ')' expecting {'(', '{'}
line 225:14 mismatched input '\ifExintVar' expecting {MODALITY, FORALL, EXISTS, '\if', '\ifEx', 'true', 'false', '(', '{', '@', NOT, SEQARROW, '-', STRING_LITERAL, CHAR_LITERAL, BIN_LITERAL, HEX_LITERAL, IDENT, INT_LITERAL, FLOAT_LITERAL, DOUBLE_LITERAL, REAL_LITERAL}
line 225:27 extraneous input '(' expecting {'\lemma', '}', IDENT, '/*!'}
line 225:31 mismatched input ')' expecting {'(', '{'}
line 227:44 mismatched input ')' expecting {'(', '{'}
line 233:14 mismatched input '\ifExintVar' expecting {MODALITY, FORALL, EXISTS, '\if', '\ifEx', 'true', 'false', '(', '{', '@', NOT, SEQARROW, '-', STRING_LITERAL, CHAR_LITERAL, BIN_LITERAL, HEX_LITERAL, IDENT, INT_LITERAL, FLOAT_LITERAL, DOUBLE_LITERAL, REAL_LITERAL}
line 233:27 extraneous input '(' expecting {'\lemma', '}', IDENT, '/*!'}
line 233:31 mismatched input ')' expecting {'(', '{'}
line 237:42 mismatched input '}' expecting {'(', '{'}
line 238:34 mismatched input '}' expecting {'(', '{'}
line 239:28 extraneous input '(' expecting {'\lemma', '}', IDENT, '/*!'}
line 239:33 mismatched input '-&gt;' expecting {'(', '{'}
line 240:8 extraneous input '\replacewith' expecting {'\lemma', '}', IDENT, '/*!'}
line 240:25 mismatched input ')' expecting {'(', '{'}
line 240:56 mismatched input ')' expecting {'(', '{'}
line 245:14 mismatched input '\ifExintVar' expecting {MODALITY, FORALL, EXISTS, '\if', '\ifEx', 'true', 'false', '(', '{', '@', NOT, SEQARROW, '-', STRING_LITERAL, CHAR_LITERAL, BIN_LITERAL, HEX_LITERAL, IDENT, INT_LITERAL, FLOAT_LITERAL, DOUBLE_LITERAL, REAL_LITERAL}
line 245:27 extraneous input '(' expecting {'\lemma', '}', IDENT, '/*!'}
line 245:31 mismatched input ')' expecting {'(', '{'}
line 248:45 mismatched input '}' expecting {'(', '{'}
line 249:8 extraneous input '\replacewith' expecting {'\lemma', '}', IDENT, '/*!'}
line 249:38 mismatched input ')' expecting {'(', '{'}
line 250:42 mismatched input '}' expecting {'(', '{'}
line 251:28 extraneous input '(' expecting {'\lemma', '}', IDENT, '/*!'}
line 251:33 mismatched input '-&gt;' expecting {'(', '{'}
line 255:14 mismatched input '\ifExintVar' expecting {MODALITY, FORALL, EXISTS, '\if', '\ifEx', 'true', 'false', '(', '{', '@', NOT, SEQARROW, '-', STRING_LITERAL, CHAR_LITERAL, BIN_LITERAL, HEX_LITERAL, IDENT, INT_LITERAL, FLOAT_LITERAL, DOUBLE_LITERAL, REAL_LITERAL}
line 255:27 extraneous input '(' expecting {'\lemma', '}', IDENT, '/*!'}
line 255:31 mismatched input ')' expecting {'(', '{'}
line 258:52 extraneous input '0' expecting {'\lemma', '}', IDENT, '/*!'}
line 258:54 mismatched input 'then' expecting {&lt;EOF&gt;, '\problem', '\chooseContract', '\proofObligation', '\proof'}

	at app//de.uka.ilkd.key.proof.io.KeYFile.readIncludes(KeYFile.java:210)
	at app//de.uka.ilkd.key.proof.init.ProblemInitializer.readIncludes(ProblemInitializer.java:177)
	at app//de.uka.ilkd.key.proof.init.ProblemInitializer.readEnvInput(ProblemInitializer.java:325)
	at app//de.uka.ilkd.key.proof.init.ProblemInitializer.readIncludes(ProblemInitializer.java:188)
	at app//de.uka.ilkd.key.proof.init.ProblemInitializer.readEnvInput(ProblemInitializer.java:325)
	at app//de.uka.ilkd.key.proof.init.ProblemInitializer.prepare(ProblemInitializer.java:449)
	at app//de.uka.ilkd.key.proof.io.AbstractProblemLoader.createInitConfig(AbstractProblemLoader.java:518)
	at app//de.uka.ilkd.key.proof.io.AbstractProblemLoader.loadEnvironment(AbstractProblemLoader.java:288)
	at app//de.uka.ilkd.key.proof.io.AbstractProblemLoader.load(AbstractProblemLoader.java:252)
	at app//de.uka.ilkd.key.control.AbstractUserInterfaceControl.load(AbstractUserInterfaceControl.java:209)
	... 91 more
Caused by: de.uka.ilkd.key.util.parsing.SyntaxErrorReporter$ParserException: line 135:14 mismatched input '\ifExintVar' expecting {MODALITY, FORALL, EXISTS, '\if', '\ifEx', 'true', 'false', '(', '{', '@', NOT, SEQARROW, '-', STRING_LITERAL, CHAR_LITERAL, BIN_LITERAL, HEX_LITERAL, IDENT, INT_LITERAL, FLOAT_LITERAL, DOUBLE_LITERAL, REAL_LITERAL}
line 135:27 extraneous input '(' expecting {'\lemma', '}', IDENT, '/*!'}
line 135:44 mismatched input ')' expecting {'(', '{'}
line 141:14 mismatched input '\ifExintVar' expecting {MODALITY, FORALL, EXISTS, '\if', '\ifEx', 'true', 'false', '(', '{', '@', NOT, SEQARROW, '-', STRING_LITERAL, CHAR_LITERAL, BIN_LITERAL, HEX_LITERAL, IDENT, INT_LITERAL, FLOAT_LITERAL, DOUBLE_LITERAL, REAL_LITERAL}
line 141:27 extraneous input '(' expecting {'\lemma', '}', IDENT, '/*!'}
line 141:41 mismatched input ')' expecting {'(', '{'}
line 148:14 mismatched input '\ifExintVar' expecting {MODALITY, FORALL, EXISTS, '\if', '\ifEx', 'true', 'false', '(', '{', '@', NOT, SEQARROW, '-', STRING_LITERAL, CHAR_LITERAL, BIN_LITERAL, HEX_LITERAL, IDENT, INT_LITERAL, FLOAT_LITERAL, DOUBLE_LITERAL, REAL_LITERAL}
line 148:27 extraneous input '(' expecting {'\lemma', '}', IDENT, '/*!'}
line 148:35 mismatched input '=' expecting {'(', '{'}
line 150:38 mismatched input '}' expecting {'(', '{'}
line 155:14 mismatched input '\ifExintVar' expecting {MODALITY, FORALL, EXISTS, '\if', '\ifEx', 'true', 'false', '(', '{', '@', NOT, SEQARROW, '-', STRING_LITERAL, CHAR_LITERAL, BIN_LITERAL, HEX_LITERAL, IDENT, INT_LITERAL, FLOAT_LITERAL, DOUBLE_LITERAL, REAL_LITERAL}
line 155:27 extraneous input '(' expecting {'\lemma', '}', IDENT, '/*!'}
line 155:35 mismatched input '=' expecting {'(', '{'}
line 157:38 mismatched input '}' expecting {'(', '{'}
line 163:14 mismatched input '\ifExintVar' expecting {MODALITY, FORALL, EXISTS, '\if', '\ifEx', 'true', 'false', '(', '{', '@', NOT, SEQARROW, '-', STRING_LITERAL, CHAR_LITERAL, BIN_LITERAL, HEX_LITERAL, IDENT, INT_LITERAL, FLOAT_LITERAL, DOUBLE_LITERAL, REAL_LITERAL}
line 163:27 extraneous input '(' expecting {'\lemma', '}', IDENT, '/*!'}
line 163:30 mismatched input '=' expecting {'(', '{'}
line 165:38 mismatched input '}' expecting {'(', '{'}
line 171:14 mismatched input '\ifExintVar' expecting {MODALITY, FORALL, EXISTS, '\if', '\ifEx', 'true', 'false', '(', '{', '@', NOT, SEQARROW, '-', STRING_LITERAL, CHAR_LITERAL, BIN_LITERAL, HEX_LITERAL, IDENT, INT_LITERAL, FLOAT_LITERAL, DOUBLE_LITERAL, REAL_LITERAL}
line 171:27 extraneous input '(' expecting {'\lemma', '}', IDENT, '/*!'}
line 171:30 mismatched input '=' expecting {'(', '{'}
line 173:38 mismatched input '}' expecting {'(', '{'}
line 179:14 mismatched input '\ifExintVar' expecting {MODALITY, FORALL, EXISTS, '\if', '\ifEx', 'true', 'false', '(', '{', '@', NOT, SEQARROW, '-', STRING_LITERAL, CHAR_LITERAL, BIN_LITERAL, HEX_LITERAL, IDENT, INT_LITERAL, FLOAT_LITERAL, DOUBLE_LITERAL, REAL_LITERAL}
line 179:27 extraneous input '(' expecting {'\lemma', '}', IDENT, '/*!'}
line 179:32 mismatched input '&amp;' expecting {'(', '{'}
line 181:42 mismatched input '}' expecting {'(', '{'}
line 182:39 mismatched input '}' expecting {'(', '{'}
line 188:14 mismatched input '\ifExintVar' expecting {MODALITY, FORALL, EXISTS, '\if', '\ifEx', 'true', 'false', '(', '{', '@', NOT, SEQARROW, '-', STRING_LITERAL, CHAR_LITERAL, BIN_LITERAL, HEX_LITERAL, IDENT, INT_LITERAL, FLOAT_LITERAL, DOUBLE_LITERAL, REAL_LITERAL}
line 188:27 extraneous input '(' expecting {'\lemma', '}', IDENT, '/*!'}
line 188:32 mismatched input '&amp;' expecting {'(', '{'}
line 190:42 mismatched input '}' expecting {'(', '{'}
line 191:39 mismatched input '}' expecting {'(', '{'}
line 198:14 mismatched input '\ifExintVar' expecting {MODALITY, FORALL, EXISTS, '\if', '\ifEx', 'true', 'false', '(', '{', '@', NOT, SEQARROW, '-', STRING_LITERAL, CHAR_LITERAL, BIN_LITERAL, HEX_LITERAL, IDENT, INT_LITERAL, FLOAT_LITERAL, DOUBLE_LITERAL, REAL_LITERAL}
line 198:27 extraneous input '(' expecting {'\lemma', '}', IDENT, '/*!'}
line 198:32 mismatched input '&amp;' expecting {'(', '{'}
line 200:42 mismatched input '}' expecting {'(', '{'}
line 201:39 mismatched input '}' expecting {'(', '{'}
line 208:14 mismatched input '\ifExintVar' expecting {MODALITY, FORALL, EXISTS, '\if', '\ifEx', 'true', 'false', '(', '{', '@', NOT, SEQARROW, '-', STRING_LITERAL, CHAR_LITERAL, BIN_LITERAL, HEX_LITERAL, IDENT, INT_LITERAL, FLOAT_LITERAL, DOUBLE_LITERAL, REAL_LITERAL}
line 208:27 extraneous input '(' expecting {'\lemma', '}', IDENT, '/*!'}
line 208:32 mismatched input '&amp;' expecting {'(', '{'}
line 210:42 mismatched input '}' expecting {'(', '{'}
line 211:39 mismatched input '}' expecting {'(', '{'}
line 218:14 mismatched input '\ifExintVar' expecting {MODALITY, FORALL, EXISTS, '\if', '\ifEx', 'true', 'false', '(', '{', '@', NOT, SEQARROW, '-', STRING_LITERAL, CHAR_LITERAL, BIN_LITERAL, HEX_LITERAL, IDENT, INT_LITERAL, FLOAT_LITERAL, DOUBLE_LITERAL, REAL_LITERAL}
line 218:27 extraneous input '(' expecting {'\lemma', '}', IDENT, '/*!'}
line 218:31 mismatched input ')' expecting {'(', '{'}
line 220:44 mismatched input ')' expecting {'(', '{'}
line 225:14 mismatched input '\ifExintVar' expecting {MODALITY, FORALL, EXISTS, '\if', '\ifEx', 'true', 'false', '(', '{', '@', NOT, SEQARROW, '-', STRING_LITERAL, CHAR_LITERAL, BIN_LITERAL, HEX_LITERAL, IDENT, INT_LITERAL, FLOAT_LITERAL, DOUBLE_LITERAL, REAL_LITERAL}
line 225:27 extraneous input '(' expecting {'\lemma', '}', IDENT, '/*!'}
line 225:31 mismatched input ')' expecting {'(', '{'}
line 227:44 mismatched input ')' expecting {'(', '{'}
line 233:14 mismatched input '\ifExintVar' expecting {MODALITY, FORALL, EXISTS, '\if', '\ifEx', 'true', 'false', '(', '{', '@', NOT, SEQARROW, '-', STRING_LITERAL, CHAR_LITERAL, BIN_LITERAL, HEX_LITERAL, IDENT, INT_LITERAL, FLOAT_LITERAL, DOUBLE_LITERAL, REAL_LITERAL}
line 233:27 extraneous input '(' expecting {'\lemma', '}', IDENT, '/*!'}
line 233:31 mismatched input ')' expecting {'(', '{'}
line 237:42 mismatched input '}' expecting {'(', '{'}
line 238:34 mismatched input '}' expecting {'(', '{'}
line 239:28 extraneous input '(' expecting {'\lemma', '}', IDENT, '/*!'}
line 239:33 mismatched input '-&gt;' expecting {'(', '{'}
line 240:8 extraneous input '\replacewith' expecting {'\lemma', '}', IDENT, '/*!'}
line 240:25 mismatched input ')' expecting {'(', '{'}
line 240:56 mismatched input ')' expecting {'(', '{'}
line 245:14 mismatched input '\ifExintVar' expecting {MODALITY, FORALL, EXISTS, '\if', '\ifEx', 'true', 'false', '(', '{', '@', NOT, SEQARROW, '-', STRING_LITERAL, CHAR_LITERAL, BIN_LITERAL, HEX_LITERAL, IDENT, INT_LITERAL, FLOAT_LITERAL, DOUBLE_LITERAL, REAL_LITERAL}
line 245:27 extraneous input '(' expecting {'\lemma', '}', IDENT, '/*!'}
line 245:31 mismatched input ')' expecting {'(', '{'}
line 248:45 mismatched input '}' expecting {'(', '{'}
line 249:8 extraneous input '\replacewith' expecting {'\lemma', '}', IDENT, '/*!'}
line 249:38 mismatched input ')' expecting {'(', '{'}
line 250:42 mismatched input '}' expecting {'(', '{'}
line 251:28 extraneous input '(' expecting {'\lemma', '}', IDENT, '/*!'}
line 251:33 mismatched input '-&gt;' expecting {'(', '{'}
line 255:14 mismatched input '\ifExintVar' expecting {MODALITY, FORALL, EXISTS, '\if', '\ifEx', 'true', 'false', '(', '{', '@', NOT, SEQARROW, '-', STRING_LITERAL, CHAR_LITERAL, BIN_LITERAL, HEX_LITERAL, IDENT, INT_LITERAL, FLOAT_LITERAL, DOUBLE_LITERAL, REAL_LITERAL}
line 255:27 extraneous input '(' expecting {'\lemma', '}', IDENT, '/*!'}
line 255:31 mismatched input ')' expecting {'(', '{'}
line 258:52 extraneous input '0' expecting {'\lemma', '}', IDENT, '/*!'}
line 258:54 mismatched input 'then' expecting {&lt;EOF&gt;, '\problem', '\chooseContract', '\proofObligation', '\proof'}

	at app//de.uka.ilkd.key.util.parsing.SyntaxErrorReporter.throwException(SyntaxErrorReporter.java:89)
	at app//de.uka.ilkd.key.nparser.ParsingFacade.parseFile(ParsingFacade.java:125)
	at app//de.uka.ilkd.key.proof.io.KeYFile.getParseContext(KeYFile.java:160)
	at app//de.uka.ilkd.key.proof.io.KeYFile.readIncludes(KeYFile.java:206)
	... 100 more
</failure>
  </testcase>
  <testcase name="testrefactorGoal_directChildren_allRules()" classname="de.uka.ilkd.key.logic.TestTermLabelManager" time="0.103">
    <failure message="line 135:14 mismatched input '\ifExintVar' expecting {MODALITY, FORALL, EXISTS, '\if', '\ifEx', 'true', 'false', '(', '{', '@', NOT, SEQARROW, '-', STRING_LITERAL, CHAR_LITERAL, BIN_LITERAL, HEX_LITERAL, IDENT, INT_LITERAL, FLOAT_LITERAL, DOUBLE_LITERAL, REAL_LITERAL}&#10;line 135:27 extraneous input '(' expecting {'\lemma', '}', IDENT, '/*!'}&#10;line 135:44 mismatched input ')' expecting {'(', '{'}&#10;line 141:14 mismatched input '\ifExintVar' expecting {MODALITY, FORALL, EXISTS, '\if', '\ifEx', 'true', 'false', '(', '{', '@', NOT, SEQARROW, '-', STRING_LITERAL, CHAR_LITERAL, BIN_LITERAL, HEX_LITERAL, IDENT, INT_LITERAL, FLOAT_LITERAL, DOUBLE_LITERAL, REAL_LITERAL}&#10;line 141:27 extraneous input '(' expecting {'\lemma', '}', IDENT, '/*!'}&#10;line 141:41 mismatched input ')' expecting {'(', '{'}&#10;line 148:14 mismatched input '\ifExintVar' expecting {MODALITY, FORALL, EXISTS, '\if', '\ifEx', 'true', 'false', '(', '{', '@', NOT, SEQARROW, '-', STRING_LITERAL, CHAR_LITERAL, BIN_LITERAL, HEX_LITERAL, IDENT, INT_LITERAL, FLOAT_LITERAL, DOUBLE_LITERAL, REAL_LITERAL}&#10;line 148:27 extraneous input '(' expecting {'\lemma', '}', IDENT, '/*!'}&#10;line 148:35 mismatched input '=' expecting {'(', '{'}&#10;line 150:38 mismatched input '}' expecting {'(', '{'}&#10;line 155:14 mismatched input '\ifExintVar' expecting {MODALITY, FORALL, EXISTS, '\if', '\ifEx', 'true', 'false', '(', '{', '@', NOT, SEQARROW, '-', STRING_LITERAL, CHAR_LITERAL, BIN_LITERAL, HEX_LITERAL, IDENT, INT_LITERAL, FLOAT_LITERAL, DOUBLE_LITERAL, REAL_LITERAL}&#10;line 155:27 extraneous input '(' expecting {'\lemma', '}', IDENT, '/*!'}&#10;line 155:35 mismatched input '=' expecting {'(', '{'}&#10;line 157:38 mismatched input '}' expecting {'(', '{'}&#10;line 163:14 mismatched input '\ifExintVar' expecting {MODALITY, FORALL, EXISTS, '\if', '\ifEx', 'true', 'false', '(', '{', '@', NOT, SEQARROW, '-', STRING_LITERAL, CHAR_LITERAL, BIN_LITERAL, HEX_LITERAL, IDENT, INT_LITERAL, FLOAT_LITERAL, DOUBLE_LITERAL, REAL_LITERAL}&#10;line 163:27 extraneous input '(' expecting {'\lemma', '}', IDENT, '/*!'}&#10;line 163:30 mismatched input '=' expecting {'(', '{'}&#10;line 165:38 mismatched input '}' expecting {'(', '{'}&#10;line 171:14 mismatched input '\ifExintVar' expecting {MODALITY, FORALL, EXISTS, '\if', '\ifEx', 'true', 'false', '(', '{', '@', NOT, SEQARROW, '-', STRING_LITERAL, CHAR_LITERAL, BIN_LITERAL, HEX_LITERAL, IDENT, INT_LITERAL, FLOAT_LITERAL, DOUBLE_LITERAL, REAL_LITERAL}&#10;line 171:27 extraneous input '(' expecting {'\lemma', '}', IDENT, '/*!'}&#10;line 171:30 mismatched input '=' expecting {'(', '{'}&#10;line 173:38 mismatched input '}' expecting {'(', '{'}&#10;line 179:14 mismatched input '\ifExintVar' expecting {MODALITY, FORALL, EXISTS, '\if', '\ifEx', 'true', 'false', '(', '{', '@', NOT, SEQARROW, '-', STRING_LITERAL, CHAR_LITERAL, BIN_LITERAL, HEX_LITERAL, IDENT, INT_LITERAL, FLOAT_LITERAL, DOUBLE_LITERAL, REAL_LITERAL}&#10;line 179:27 extraneous input '(' expecting {'\lemma', '}', IDENT, '/*!'}&#10;line 179:32 mismatched input '&amp;' expecting {'(', '{'}&#10;line 181:42 mismatched input '}' expecting {'(', '{'}&#10;line 182:39 mismatched input '}' expecting {'(', '{'}&#10;line 188:14 mismatched input '\ifExintVar' expecting {MODALITY, FORALL, EXISTS, '\if', '\ifEx', 'true', 'false', '(', '{', '@', NOT, SEQARROW, '-', STRING_LITERAL, CHAR_LITERAL, BIN_LITERAL, HEX_LITERAL, IDENT, INT_LITERAL, FLOAT_LITERAL, DOUBLE_LITERAL, REAL_LITERAL}&#10;line 188:27 extraneous input '(' expecting {'\lemma', '}', IDENT, '/*!'}&#10;line 188:32 mismatched input '&amp;' expecting {'(', '{'}&#10;line 190:42 mismatched input '}' expecting {'(', '{'}&#10;line 191:39 mismatched input '}' expecting {'(', '{'}&#10;line 198:14 mismatched input '\ifExintVar' expecting {MODALITY, FORALL, EXISTS, '\if', '\ifEx', 'true', 'false', '(', '{', '@', NOT, SEQARROW, '-', STRING_LITERAL, CHAR_LITERAL, BIN_LITERAL, HEX_LITERAL, IDENT, INT_LITERAL, FLOAT_LITERAL, DOUBLE_LITERAL, REAL_LITERAL}&#10;line 198:27 extraneous input '(' expecting {'\lemma', '}', IDENT, '/*!'}&#10;line 198:32 mismatched input '&amp;' expecting {'(', '{'}&#10;line 200:42 mismatched input '}' expecting {'(', '{'}&#10;line 201:39 mismatched input '}' expecting {'(', '{'}&#10;line 208:14 mismatched input '\ifExintVar' expecting {MODALITY, FORALL, EXISTS, '\if', '\ifEx', 'true', 'false', '(', '{', '@', NOT, SEQARROW, '-', STRING_LITERAL, CHAR_LITERAL, BIN_LITERAL, HEX_LITERAL, IDENT, INT_LITERAL, FLOAT_LITERAL, DOUBLE_LITERAL, REAL_LITERAL}&#10;line 208:27 extraneous input '(' expecting {'\lemma', '}', IDENT, '/*!'}&#10;line 208:32 mismatched input '&amp;' expecting {'(', '{'}&#10;line 210:42 mismatched input '}' expecting {'(', '{'}&#10;line 211:39 mismatched input '}' expecting {'(', '{'}&#10;line 218:14 mismatched input '\ifExintVar' expecting {MODALITY, FORALL, EXISTS, '\if', '\ifEx', 'true', 'false', '(', '{', '@', NOT, SEQARROW, '-', STRING_LITERAL, CHAR_LITERAL, BIN_LITERAL, HEX_LITERAL, IDENT, INT_LITERAL, FLOAT_LITERAL, DOUBLE_LITERAL, REAL_LITERAL}&#10;line 218:27 extraneous input '(' expecting {'\lemma', '}', IDENT, '/*!'}&#10;line 218:31 mismatched input ')' expecting {'(', '{'}&#10;line 220:44 mismatched input ')' expecting {'(', '{'}&#10;line 225:14 mismatched input '\ifExintVar' expecting {MODALITY, FORALL, EXISTS, '\if', '\ifEx', 'true', 'false', '(', '{', '@', NOT, SEQARROW, '-', STRING_LITERAL, CHAR_LITERAL, BIN_LITERAL, HEX_LITERAL, IDENT, INT_LITERAL, FLOAT_LITERAL, DOUBLE_LITERAL, REAL_LITERAL}&#10;line 225:27 extraneous input '(' expecting {'\lemma', '}', IDENT, '/*!'}&#10;line 225:31 mismatched input ')' expecting {'(', '{'}&#10;line 227:44 mismatched input ')' expecting {'(', '{'}&#10;line 233:14 mismatched input '\ifExintVar' expecting {MODALITY, FORALL, EXISTS, '\if', '\ifEx', 'true', 'false', '(', '{', '@', NOT, SEQARROW, '-', STRING_LITERAL, CHAR_LITERAL, BIN_LITERAL, HEX_LITERAL, IDENT, INT_LITERAL, FLOAT_LITERAL, DOUBLE_LITERAL, REAL_LITERAL}&#10;line 233:27 extraneous input '(' expecting {'\lemma', '}', IDENT, '/*!'}&#10;line 233:31 mismatched input ')' expecting {'(', '{'}&#10;line 237:42 mismatched input '}' expecting {'(', '{'}&#10;line 238:34 mismatched input '}' expecting {'(', '{'}&#10;line 239:28 extraneous input '(' expecting {'\lemma', '}', IDENT, '/*!'}&#10;line 239:33 mismatched input '-&gt;' expecting {'(', '{'}&#10;line 240:8 extraneous input '\replacewith' expecting {'\lemma', '}', IDENT, '/*!'}&#10;line 240:25 mismatched input ')' expecting {'(', '{'}&#10;line 240:56 mismatched input ')' expecting {'(', '{'}&#10;line 245:14 mismatched input '\ifExintVar' expecting {MODALITY, FORALL, EXISTS, '\if', '\ifEx', 'true', 'false', '(', '{', '@', NOT, SEQARROW, '-', STRING_LITERAL, CHAR_LITERAL, BIN_LITERAL, HEX_LITERAL, IDENT, INT_LITERAL, FLOAT_LITERAL, DOUBLE_LITERAL, REAL_LITERAL}&#10;line 245:27 extraneous input '(' expecting {'\lemma', '}', IDENT, '/*!'}&#10;line 245:31 mismatched input ')' expecting {'(', '{'}&#10;line 248:45 mismatched input '}' expecting {'(', '{'}&#10;line 249:8 extraneous input '\replacewith' expecting {'\lemma', '}', IDENT, '/*!'}&#10;line 249:38 mismatched input ')' expecting {'(', '{'}&#10;line 250:42 mismatched input '}' expecting {'(', '{'}&#10;line 251:28 extraneous input '(' expecting {'\lemma', '}', IDENT, '/*!'}&#10;line 251:33 mismatched input '-&gt;' expecting {'(', '{'}&#10;line 255:14 mismatched input '\ifExintVar' expecting {MODALITY, FORALL, EXISTS, '\if', '\ifEx', 'true', 'false', '(', '{', '@', NOT, SEQARROW, '-', STRING_LITERAL, CHAR_LITERAL, BIN_LITERAL, HEX_LITERAL, IDENT, INT_LITERAL, FLOAT_LITERAL, DOUBLE_LITERAL, REAL_LITERAL}&#10;line 255:27 extraneous input '(' expecting {'\lemma', '}', IDENT, '/*!'}&#10;line 255:31 mismatched input ')' expecting {'(', '{'}&#10;line 258:52 extraneous input '0' expecting {'\lemma', '}', IDENT, '/*!'}&#10;line 258:54 mismatched input 'then' expecting {&lt;EOF&gt;, '\problem', '\chooseContract', '\proofObligation', '\proof'}&#10; (file: src/test/resources/testcase/termLabels/flatSteps/FlatSteps.java; caused by: de.uka.ilkd.key.proof.init.ProofInputException: line 135:14 mismatched input '\ifExintVar' expecting {MODALITY, FORALL, EXISTS, '\if', '\ifEx', 'true', 'false', '(', '{', '@', NOT, SEQARROW, '-', STRING_LITERAL, CHAR_LITERAL, BIN_LITERAL, HEX_LITERAL, IDENT, INT_LITERAL, FLOAT_LITERAL, DOUBLE_LITERAL, REAL_LITERAL}&#10;line 135:27 extraneous input '(' expecting {'\lemma', '}', IDENT, '/*!'}&#10;line 135:44 mismatched input ')' expecting {'(', '{'}&#10;line 141:14 mismatched input '\ifExintVar' expecting {MODALITY, FORALL, EXISTS, '\if', '\ifEx', 'true', 'false', '(', '{', '@', NOT, SEQARROW, '-', STRING_LITERAL, CHAR_LITERAL, BIN_LITERAL, HEX_LITERAL, IDENT, INT_LITERAL, FLOAT_LITERAL, DOUBLE_LITERAL, REAL_LITERAL}&#10;line 141:27 extraneous input '(' expecting {'\lemma', '}', IDENT, '/*!'}&#10;line 141:41 mismatched input ')' expecting {'(', '{'}&#10;line 148:14 mismatched input '\ifExintVar' expecting {MODALITY, FORALL, EXISTS, '\if', '\ifEx', 'true', 'false', '(', '{', '@', NOT, SEQARROW, '-', STRING_LITERAL, CHAR_LITERAL, BIN_LITERAL, HEX_LITERAL, IDENT, INT_LITERAL, FLOAT_LITERAL, DOUBLE_LITERAL, REAL_LITERAL}&#10;line 148:27 extraneous input '(' expecting {'\lemma', '}', IDENT, '/*!'}&#10;line 148:35 mismatched input '=' expecting {'(', '{'}&#10;line 150:38 mismatched input '}' expecting {'(', '{'}&#10;line 155:14 mismatched input '\ifExintVar' expecting {MODALITY, FORALL, EXISTS, '\if', '\ifEx', 'true', 'false', '(', '{', '@', NOT, SEQARROW, '-', STRING_LITERAL, CHAR_LITERAL, BIN_LITERAL, HEX_LITERAL, IDENT, INT_LITERAL, FLOAT_LITERAL, DOUBLE_LITERAL, REAL_LITERAL}&#10;line 155:27 extraneous input '(' expecting {'\lemma', '}', IDENT, '/*!'}&#10;line 155:35 mismatched input '=' expecting {'(', '{'}&#10;line 157:38 mismatched input '}' expecting {'(', '{'}&#10;line 163:14 mismatched input '\ifExintVar' expecting {MODALITY, FORALL, EXISTS, '\if', '\ifEx', 'true', 'false', '(', '{', '@', NOT, SEQARROW, '-', STRING_LITERAL, CHAR_LITERAL, BIN_LITERAL, HEX_LITERAL, IDENT, INT_LITERAL, FLOAT_LITERAL, DOUBLE_LITERAL, REAL_LITERAL}&#10;line 163:27 extraneous input '(' expecting {'\lemma', '}', IDENT, '/*!'}&#10;line 163:30 mismatched input '=' expecting {'(', '{'}&#10;line 165:38 mismatched input '}' expecting {'(', '{'}&#10;line 171:14 mismatched input '\ifExintVar' expecting {MODALITY, FORALL, EXISTS, '\if', '\ifEx', 'true', 'false', '(', '{', '@', NOT, SEQARROW, '-', STRING_LITERAL, CHAR_LITERAL, BIN_LITERAL, HEX_LITERAL, IDENT, INT_LITERAL, FLOAT_LITERAL, DOUBLE_LITERAL, REAL_LITERAL}&#10;line 171:27 extraneous input '(' expecting {'\lemma', '}', IDENT, '/*!'}&#10;line 171:30 mismatched input '=' expecting {'(', '{'}&#10;line 173:38 mismatched input '}' expecting {'(', '{'}&#10;line 179:14 mismatched input '\ifExintVar' expecting {MODALITY, FORALL, EXISTS, '\if', '\ifEx', 'true', 'false', '(', '{', '@', NOT, SEQARROW, '-', STRING_LITERAL, CHAR_LITERAL, BIN_LITERAL, HEX_LITERAL, IDENT, INT_LITERAL, FLOAT_LITERAL, DOUBLE_LITERAL, REAL_LITERAL}&#10;line 179:27 extraneous input '(' expecting {'\lemma', '}', IDENT, '/*!'}&#10;line 179:32 mismatched input '&amp;' expecting {'(', '{'}&#10;line 181:42 mismatched input '}' expecting {'(', '{'}&#10;line 182:39 mismatched input '}' expecting {'(', '{'}&#10;line 188:14 mismatched input '\ifExintVar' expecting {MODALITY, FORALL, EXISTS, '\if', '\ifEx', 'true', 'false', '(', '{', '@', NOT, SEQARROW, '-', STRING_LITERAL, CHAR_LITERAL, BIN_LITERAL, HEX_LITERAL, IDENT, INT_LITERAL, FLOAT_LITERAL, DOUBLE_LITERAL, REAL_LITERAL}&#10;line 188:27 extraneous input '(' expecting {'\lemma', '}', IDENT, '/*!'}&#10;line 188:32 mismatched input '&amp;' expecting {'(', '{'}&#10;line 190:42 mismatched input '}' expecting {'(', '{'}&#10;line 191:39 mismatched input '}' expecting {'(', '{'}&#10;line 198:14 mismatched input '\ifExintVar' expecting {MODALITY, FORALL, EXISTS, '\if', '\ifEx', 'true', 'false', '(', '{', '@', NOT, SEQARROW, '-', STRING_LITERAL, CHAR_LITERAL, BIN_LITERAL, HEX_LITERAL, IDENT, INT_LITERAL, FLOAT_LITERAL, DOUBLE_LITERAL, REAL_LITERAL}&#10;line 198:27 extraneous input '(' expecting {'\lemma', '}', IDENT, '/*!'}&#10;line 198:32 mismatched input '&amp;' expecting {'(', '{'}&#10;line 200:42 mismatched input '}' expecting {'(', '{'}&#10;line 201:39 mismatched input '}' expecting {'(', '{'}&#10;line 208:14 mismatched input '\ifExintVar' expecting {MODALITY, FORALL, EXISTS, '\if', '\ifEx', 'true', 'false', '(', '{', '@', NOT, SEQARROW, '-', STRING_LITERAL, CHAR_LITERAL, BIN_LITERAL, HEX_LITERAL, IDENT, INT_LITERAL, FLOAT_LITERAL, DOUBLE_LITERAL, REAL_LITERAL}&#10;line 208:27 extraneous input '(' expecting {'\lemma', '}', IDENT, '/*!'}&#10;line 208:32 mismatched input '&amp;' expecting {'(', '{'}&#10;line 210:42 mismatched input '}' expecting {'(', '{'}&#10;line 211:39 mismatched input '}' expecting {'(', '{'}&#10;line 218:14 mismatched input '\ifExintVar' expecting {MODALITY, FORALL, EXISTS, '\if', '\ifEx', 'true', 'false', '(', '{', '@', NOT, SEQARROW, '-', STRING_LITERAL, CHAR_LITERAL, BIN_LITERAL, HEX_LITERAL, IDENT, INT_LITERAL, FLOAT_LITERAL, DOUBLE_LITERAL, REAL_LITERAL}&#10;line 218:27 extraneous input '(' expecting {'\lemma', '}', IDENT, '/*!'}&#10;line 218:31 mismatched input ')' expecting {'(', '{'}&#10;line 220:44 mismatched input ')' expecting {'(', '{'}&#10;line 225:14 mismatched input '\ifExintVar' expecting {MODALITY, FORALL, EXISTS, '\if', '\ifEx', 'true', 'false', '(', '{', '@', NOT, SEQARROW, '-', STRING_LITERAL, CHAR_LITERAL, BIN_LITERAL, HEX_LITERAL, IDENT, INT_LITERAL, FLOAT_LITERAL, DOUBLE_LITERAL, REAL_LITERAL}&#10;line 225:27 extraneous input '(' expecting {'\lemma', '}', IDENT, '/*!'}&#10;line 225:31 mismatched input ')' expecting {'(', '{'}&#10;line 227:44 mismatched input ')' expecting {'(', '{'}&#10;line 233:14 mismatched input '\ifExintVar' expecting {MODALITY, FORALL, EXISTS, '\if', '\ifEx', 'true', 'false', '(', '{', '@', NOT, SEQARROW, '-', STRING_LITERAL, CHAR_LITERAL, BIN_LITERAL, HEX_LITERAL, IDENT, INT_LITERAL, FLOAT_LITERAL, DOUBLE_LITERAL, REAL_LITERAL}&#10;line 233:27 extraneous input '(' expecting {'\lemma', '}', IDENT, '/*!'}&#10;line 233:31 mismatched input ')' expecting {'(', '{'}&#10;line 237:42 mismatched input '}' expecting {'(', '{'}&#10;line 238:34 mismatched input '}' expecting {'(', '{'}&#10;line 239:28 extraneous input '(' expecting {'\lemma', '}', IDENT, '/*!'}&#10;line 239:33 mismatched input '-&gt;' expecting {'(', '{'}&#10;line 240:8 extraneous input '\replacewith' expecting {'\lemma', '}', IDENT, '/*!'}&#10;line 240:25 mismatched input ')' expecting {'(', '{'}&#10;line 240:56 mismatched input ')' expecting {'(', '{'}&#10;line 245:14 mismatched input '\ifExintVar' expecting {MODALITY, FORALL, EXISTS, '\if', '\ifEx', 'true', 'false', '(', '{', '@', NOT, SEQARROW, '-', STRING_LITERAL, CHAR_LITERAL, BIN_LITERAL, HEX_LITERAL, IDENT, INT_LITERAL, FLOAT_LITERAL, DOUBLE_LITERAL, REAL_LITERAL}&#10;line 245:27 extraneous input '(' expecting {'\lemma', '}', IDENT, '/*!'}&#10;line 245:31 mismatched input ')' expecting {'(', '{'}&#10;line 248:45 mismatched input '}' expecting {'(', '{'}&#10;line 249:8 extraneous input '\replacewith' expecting {'\lemma', '}', IDENT, '/*!'}&#10;line 249:38 mismatched input ')' expecting {'(', '{'}&#10;line 250:42 mismatched input '}' expecting {'(', '{'}&#10;line 251:28 extraneous input '(' expecting {'\lemma', '}', IDENT, '/*!'}&#10;line 251:33 mismatched input '-&gt;' expecting {'(', '{'}&#10;line 255:14 mismatched input '\ifExintVar' expecting {MODALITY, FORALL, EXISTS, '\if', '\ifEx', 'true', 'false', '(', '{', '@', NOT, SEQARROW, '-', STRING_LITERAL, CHAR_LITERAL, BIN_LITERAL, HEX_LITERAL, IDENT, INT_LITERAL, FLOAT_LITERAL, DOUBLE_LITERAL, REAL_LITERAL}&#10;line 255:27 extraneous input '(' expecting {'\lemma', '}', IDENT, '/*!'}&#10;line 255:31 mismatched input ')' expecting {'(', '{'}&#10;line 258:52 extraneous input '0' expecting {'\lemma', '}', IDENT, '/*!'}&#10;line 258:54 mismatched input 'then' expecting {&lt;EOF&gt;, '\problem', '\chooseContract', '\proofObligation', '\proof'}&#10;)" type="de.uka.ilkd.key.proof.io.ProblemLoaderException">line 135:14 mismatched input '\ifExintVar' expecting {MODALITY, FORALL, EXISTS, '\if', '\ifEx', 'true', 'false', '(', '{', '@', NOT, SEQARROW, '-', STRING_LITERAL, CHAR_LITERAL, BIN_LITERAL, HEX_LITERAL, IDENT, INT_LITERAL, FLOAT_LITERAL, DOUBLE_LITERAL, REAL_LITERAL}
line 135:27 extraneous input '(' expecting {'\lemma', '}', IDENT, '/*!'}
line 135:44 mismatched input ')' expecting {'(', '{'}
line 141:14 mismatched input '\ifExintVar' expecting {MODALITY, FORALL, EXISTS, '\if', '\ifEx', 'true', 'false', '(', '{', '@', NOT, SEQARROW, '-', STRING_LITERAL, CHAR_LITERAL, BIN_LITERAL, HEX_LITERAL, IDENT, INT_LITERAL, FLOAT_LITERAL, DOUBLE_LITERAL, REAL_LITERAL}
line 141:27 extraneous input '(' expecting {'\lemma', '}', IDENT, '/*!'}
line 141:41 mismatched input ')' expecting {'(', '{'}
line 148:14 mismatched input '\ifExintVar' expecting {MODALITY, FORALL, EXISTS, '\if', '\ifEx', 'true', 'false', '(', '{', '@', NOT, SEQARROW, '-', STRING_LITERAL, CHAR_LITERAL, BIN_LITERAL, HEX_LITERAL, IDENT, INT_LITERAL, FLOAT_LITERAL, DOUBLE_LITERAL, REAL_LITERAL}
line 148:27 extraneous input '(' expecting {'\lemma', '}', IDENT, '/*!'}
line 148:35 mismatched input '=' expecting {'(', '{'}
line 150:38 mismatched input '}' expecting {'(', '{'}
line 155:14 mismatched input '\ifExintVar' expecting {MODALITY, FORALL, EXISTS, '\if', '\ifEx', 'true', 'false', '(', '{', '@', NOT, SEQARROW, '-', STRING_LITERAL, CHAR_LITERAL, BIN_LITERAL, HEX_LITERAL, IDENT, INT_LITERAL, FLOAT_LITERAL, DOUBLE_LITERAL, REAL_LITERAL}
line 155:27 extraneous input '(' expecting {'\lemma', '}', IDENT, '/*!'}
line 155:35 mismatched input '=' expecting {'(', '{'}
line 157:38 mismatched input '}' expecting {'(', '{'}
line 163:14 mismatched input '\ifExintVar' expecting {MODALITY, FORALL, EXISTS, '\if', '\ifEx', 'true', 'false', '(', '{', '@', NOT, SEQARROW, '-', STRING_LITERAL, CHAR_LITERAL, BIN_LITERAL, HEX_LITERAL, IDENT, INT_LITERAL, FLOAT_LITERAL, DOUBLE_LITERAL, REAL_LITERAL}
line 163:27 extraneous input '(' expecting {'\lemma', '}', IDENT, '/*!'}
line 163:30 mismatched input '=' expecting {'(', '{'}
line 165:38 mismatched input '}' expecting {'(', '{'}
line 171:14 mismatched input '\ifExintVar' expecting {MODALITY, FORALL, EXISTS, '\if', '\ifEx', 'true', 'false', '(', '{', '@', NOT, SEQARROW, '-', STRING_LITERAL, CHAR_LITERAL, BIN_LITERAL, HEX_LITERAL, IDENT, INT_LITERAL, FLOAT_LITERAL, DOUBLE_LITERAL, REAL_LITERAL}
line 171:27 extraneous input '(' expecting {'\lemma', '}', IDENT, '/*!'}
line 171:30 mismatched input '=' expecting {'(', '{'}
line 173:38 mismatched input '}' expecting {'(', '{'}
line 179:14 mismatched input '\ifExintVar' expecting {MODALITY, FORALL, EXISTS, '\if', '\ifEx', 'true', 'false', '(', '{', '@', NOT, SEQARROW, '-', STRING_LITERAL, CHAR_LITERAL, BIN_LITERAL, HEX_LITERAL, IDENT, INT_LITERAL, FLOAT_LITERAL, DOUBLE_LITERAL, REAL_LITERAL}
line 179:27 extraneous input '(' expecting {'\lemma', '}', IDENT, '/*!'}
line 179:32 mismatched input '&amp;' expecting {'(', '{'}
line 181:42 mismatched input '}' expecting {'(', '{'}
line 182:39 mismatched input '}' expecting {'(', '{'}
line 188:14 mismatched input '\ifExintVar' expecting {MODALITY, FORALL, EXISTS, '\if', '\ifEx', 'true', 'false', '(', '{', '@', NOT, SEQARROW, '-', STRING_LITERAL, CHAR_LITERAL, BIN_LITERAL, HEX_LITERAL, IDENT, INT_LITERAL, FLOAT_LITERAL, DOUBLE_LITERAL, REAL_LITERAL}
line 188:27 extraneous input '(' expecting {'\lemma', '}', IDENT, '/*!'}
line 188:32 mismatched input '&amp;' expecting {'(', '{'}
line 190:42 mismatched input '}' expecting {'(', '{'}
line 191:39 mismatched input '}' expecting {'(', '{'}
line 198:14 mismatched input '\ifExintVar' expecting {MODALITY, FORALL, EXISTS, '\if', '\ifEx', 'true', 'false', '(', '{', '@', NOT, SEQARROW, '-', STRING_LITERAL, CHAR_LITERAL, BIN_LITERAL, HEX_LITERAL, IDENT, INT_LITERAL, FLOAT_LITERAL, DOUBLE_LITERAL, REAL_LITERAL}
line 198:27 extraneous input '(' expecting {'\lemma', '}', IDENT, '/*!'}
line 198:32 mismatched input '&amp;' expecting {'(', '{'}
line 200:42 mismatched input '}' expecting {'(', '{'}
line 201:39 mismatched input '}' expecting {'(', '{'}
line 208:14 mismatched input '\ifExintVar' expecting {MODALITY, FORALL, EXISTS, '\if', '\ifEx', 'true', 'false', '(', '{', '@', NOT, SEQARROW, '-', STRING_LITERAL, CHAR_LITERAL, BIN_LITERAL, HEX_LITERAL, IDENT, INT_LITERAL, FLOAT_LITERAL, DOUBLE_LITERAL, REAL_LITERAL}
line 208:27 extraneous input '(' expecting {'\lemma', '}', IDENT, '/*!'}
line 208:32 mismatched input '&amp;' expecting {'(', '{'}
line 210:42 mismatched input '}' expecting {'(', '{'}
line 211:39 mismatched input '}' expecting {'(', '{'}
line 218:14 mismatched input '\ifExintVar' expecting {MODALITY, FORALL, EXISTS, '\if', '\ifEx', 'true', 'false', '(', '{', '@', NOT, SEQARROW, '-', STRING_LITERAL, CHAR_LITERAL, BIN_LITERAL, HEX_LITERAL, IDENT, INT_LITERAL, FLOAT_LITERAL, DOUBLE_LITERAL, REAL_LITERAL}
line 218:27 extraneous input '(' expecting {'\lemma', '}', IDENT, '/*!'}
line 218:31 mismatched input ')' expecting {'(', '{'}
line 220:44 mismatched input ')' expecting {'(', '{'}
line 225:14 mismatched input '\ifExintVar' expecting {MODALITY, FORALL, EXISTS, '\if', '\ifEx', 'true', 'false', '(', '{', '@', NOT, SEQARROW, '-', STRING_LITERAL, CHAR_LITERAL, BIN_LITERAL, HEX_LITERAL, IDENT, INT_LITERAL, FLOAT_LITERAL, DOUBLE_LITERAL, REAL_LITERAL}
line 225:27 extraneous input '(' expecting {'\lemma', '}', IDENT, '/*!'}
line 225:31 mismatched input ')' expecting {'(', '{'}
line 227:44 mismatched input ')' expecting {'(', '{'}
line 233:14 mismatched input '\ifExintVar' expecting {MODALITY, FORALL, EXISTS, '\if', '\ifEx', 'true', 'false', '(', '{', '@', NOT, SEQARROW, '-', STRING_LITERAL, CHAR_LITERAL, BIN_LITERAL, HEX_LITERAL, IDENT, INT_LITERAL, FLOAT_LITERAL, DOUBLE_LITERAL, REAL_LITERAL}
line 233:27 extraneous input '(' expecting {'\lemma', '}', IDENT, '/*!'}
line 233:31 mismatched input ')' expecting {'(', '{'}
line 237:42 mismatched input '}' expecting {'(', '{'}
line 238:34 mismatched input '}' expecting {'(', '{'}
line 239:28 extraneous input '(' expecting {'\lemma', '}', IDENT, '/*!'}
line 239:33 mismatched input '-&gt;' expecting {'(', '{'}
line 240:8 extraneous input '\replacewith' expecting {'\lemma', '}', IDENT, '/*!'}
line 240:25 mismatched input ')' expecting {'(', '{'}
line 240:56 mismatched input ')' expecting {'(', '{'}
line 245:14 mismatched input '\ifExintVar' expecting {MODALITY, FORALL, EXISTS, '\if', '\ifEx', 'true', 'false', '(', '{', '@', NOT, SEQARROW, '-', STRING_LITERAL, CHAR_LITERAL, BIN_LITERAL, HEX_LITERAL, IDENT, INT_LITERAL, FLOAT_LITERAL, DOUBLE_LITERAL, REAL_LITERAL}
line 245:27 extraneous input '(' expecting {'\lemma', '}', IDENT, '/*!'}
line 245:31 mismatched input ')' expecting {'(', '{'}
line 248:45 mismatched input '}' expecting {'(', '{'}
line 249:8 extraneous input '\replacewith' expecting {'\lemma', '}', IDENT, '/*!'}
line 249:38 mismatched input ')' expecting {'(', '{'}
line 250:42 mismatched input '}' expecting {'(', '{'}
line 251:28 extraneous input '(' expecting {'\lemma', '}', IDENT, '/*!'}
line 251:33 mismatched input '-&gt;' expecting {'(', '{'}
line 255:14 mismatched input '\ifExintVar' expecting {MODALITY, FORALL, EXISTS, '\if', '\ifEx', 'true', 'false', '(', '{', '@', NOT, SEQARROW, '-', STRING_LITERAL, CHAR_LITERAL, BIN_LITERAL, HEX_LITERAL, IDENT, INT_LITERAL, FLOAT_LITERAL, DOUBLE_LITERAL, REAL_LITERAL}
line 255:27 extraneous input '(' expecting {'\lemma', '}', IDENT, '/*!'}
line 255:31 mismatched input ')' expecting {'(', '{'}
line 258:52 extraneous input '0' expecting {'\lemma', '}', IDENT, '/*!'}
line 258:54 mismatched input 'then' expecting {&lt;EOF&gt;, '\problem', '\chooseContract', '\proofObligation', '\proof'}
 (file: src/test/resources/testcase/termLabels/flatSteps/FlatSteps.java; caused by: de.uka.ilkd.key.proof.init.ProofInputException: line 135:14 mismatched input '\ifExintVar' expecting {MODALITY, FORALL, EXISTS, '\if', '\ifEx', 'true', 'false', '(', '{', '@', NOT, SEQARROW, '-', STRING_LITERAL, CHAR_LITERAL, BIN_LITERAL, HEX_LITERAL, IDENT, INT_LITERAL, FLOAT_LITERAL, DOUBLE_LITERAL, REAL_LITERAL}
line 135:27 extraneous input '(' expecting {'\lemma', '}', IDENT, '/*!'}
line 135:44 mismatched input ')' expecting {'(', '{'}
line 141:14 mismatched input '\ifExintVar' expecting {MODALITY, FORALL, EXISTS, '\if', '\ifEx', 'true', 'false', '(', '{', '@', NOT, SEQARROW, '-', STRING_LITERAL, CHAR_LITERAL, BIN_LITERAL, HEX_LITERAL, IDENT, INT_LITERAL, FLOAT_LITERAL, DOUBLE_LITERAL, REAL_LITERAL}
line 141:27 extraneous input '(' expecting {'\lemma', '}', IDENT, '/*!'}
line 141:41 mismatched input ')' expecting {'(', '{'}
line 148:14 mismatched input '\ifExintVar' expecting {MODALITY, FORALL, EXISTS, '\if', '\ifEx', 'true', 'false', '(', '{', '@', NOT, SEQARROW, '-', STRING_LITERAL, CHAR_LITERAL, BIN_LITERAL, HEX_LITERAL, IDENT, INT_LITERAL, FLOAT_LITERAL, DOUBLE_LITERAL, REAL_LITERAL}
line 148:27 extraneous input '(' expecting {'\lemma', '}', IDENT, '/*!'}
line 148:35 mismatched input '=' expecting {'(', '{'}
line 150:38 mismatched input '}' expecting {'(', '{'}
line 155:14 mismatched input '\ifExintVar' expecting {MODALITY, FORALL, EXISTS, '\if', '\ifEx', 'true', 'false', '(', '{', '@', NOT, SEQARROW, '-', STRING_LITERAL, CHAR_LITERAL, BIN_LITERAL, HEX_LITERAL, IDENT, INT_LITERAL, FLOAT_LITERAL, DOUBLE_LITERAL, REAL_LITERAL}
line 155:27 extraneous input '(' expecting {'\lemma', '}', IDENT, '/*!'}
line 155:35 mismatched input '=' expecting {'(', '{'}
line 157:38 mismatched input '}' expecting {'(', '{'}
line 163:14 mismatched input '\ifExintVar' expecting {MODALITY, FORALL, EXISTS, '\if', '\ifEx', 'true', 'false', '(', '{', '@', NOT, SEQARROW, '-', STRING_LITERAL, CHAR_LITERAL, BIN_LITERAL, HEX_LITERAL, IDENT, INT_LITERAL, FLOAT_LITERAL, DOUBLE_LITERAL, REAL_LITERAL}
line 163:27 extraneous input '(' expecting {'\lemma', '}', IDENT, '/*!'}
line 163:30 mismatched input '=' expecting {'(', '{'}
line 165:38 mismatched input '}' expecting {'(', '{'}
line 171:14 mismatched input '\ifExintVar' expecting {MODALITY, FORALL, EXISTS, '\if', '\ifEx', 'true', 'false', '(', '{', '@', NOT, SEQARROW, '-', STRING_LITERAL, CHAR_LITERAL, BIN_LITERAL, HEX_LITERAL, IDENT, INT_LITERAL, FLOAT_LITERAL, DOUBLE_LITERAL, REAL_LITERAL}
line 171:27 extraneous input '(' expecting {'\lemma', '}', IDENT, '/*!'}
line 171:30 mismatched input '=' expecting {'(', '{'}
line 173:38 mismatched input '}' expecting {'(', '{'}
line 179:14 mismatched input '\ifExintVar' expecting {MODALITY, FORALL, EXISTS, '\if', '\ifEx', 'true', 'false', '(', '{', '@', NOT, SEQARROW, '-', STRING_LITERAL, CHAR_LITERAL, BIN_LITERAL, HEX_LITERAL, IDENT, INT_LITERAL, FLOAT_LITERAL, DOUBLE_LITERAL, REAL_LITERAL}
line 179:27 extraneous input '(' expecting {'\lemma', '}', IDENT, '/*!'}
line 179:32 mismatched input '&amp;' expecting {'(', '{'}
line 181:42 mismatched input '}' expecting {'(', '{'}
line 182:39 mismatched input '}' expecting {'(', '{'}
line 188:14 mismatched input '\ifExintVar' expecting {MODALITY, FORALL, EXISTS, '\if', '\ifEx', 'true', 'false', '(', '{', '@', NOT, SEQARROW, '-', STRING_LITERAL, CHAR_LITERAL, BIN_LITERAL, HEX_LITERAL, IDENT, INT_LITERAL, FLOAT_LITERAL, DOUBLE_LITERAL, REAL_LITERAL}
line 188:27 extraneous input '(' expecting {'\lemma', '}', IDENT, '/*!'}
line 188:32 mismatched input '&amp;' expecting {'(', '{'}
line 190:42 mismatched input '}' expecting {'(', '{'}
line 191:39 mismatched input '}' expecting {'(', '{'}
line 198:14 mismatched input '\ifExintVar' expecting {MODALITY, FORALL, EXISTS, '\if', '\ifEx', 'true', 'false', '(', '{', '@', NOT, SEQARROW, '-', STRING_LITERAL, CHAR_LITERAL, BIN_LITERAL, HEX_LITERAL, IDENT, INT_LITERAL, FLOAT_LITERAL, DOUBLE_LITERAL, REAL_LITERAL}
line 198:27 extraneous input '(' expecting {'\lemma', '}', IDENT, '/*!'}
line 198:32 mismatched input '&amp;' expecting {'(', '{'}
line 200:42 mismatched input '}' expecting {'(', '{'}
line 201:39 mismatched input '}' expecting {'(', '{'}
line 208:14 mismatched input '\ifExintVar' expecting {MODALITY, FORALL, EXISTS, '\if', '\ifEx', 'true', 'false', '(', '{', '@', NOT, SEQARROW, '-', STRING_LITERAL, CHAR_LITERAL, BIN_LITERAL, HEX_LITERAL, IDENT, INT_LITERAL, FLOAT_LITERAL, DOUBLE_LITERAL, REAL_LITERAL}
line 208:27 extraneous input '(' expecting {'\lemma', '}', IDENT, '/*!'}
line 208:32 mismatched input '&amp;' expecting {'(', '{'}
line 210:42 mismatched input '}' expecting {'(', '{'}
line 211:39 mismatched input '}' expecting {'(', '{'}
line 218:14 mismatched input '\ifExintVar' expecting {MODALITY, FORALL, EXISTS, '\if', '\ifEx', 'true', 'false', '(', '{', '@', NOT, SEQARROW, '-', STRING_LITERAL, CHAR_LITERAL, BIN_LITERAL, HEX_LITERAL, IDENT, INT_LITERAL, FLOAT_LITERAL, DOUBLE_LITERAL, REAL_LITERAL}
line 218:27 extraneous input '(' expecting {'\lemma', '}', IDENT, '/*!'}
line 218:31 mismatched input ')' expecting {'(', '{'}
line 220:44 mismatched input ')' expecting {'(', '{'}
line 225:14 mismatched input '\ifExintVar' expecting {MODALITY, FORALL, EXISTS, '\if', '\ifEx', 'true', 'false', '(', '{', '@', NOT, SEQARROW, '-', STRING_LITERAL, CHAR_LITERAL, BIN_LITERAL, HEX_LITERAL, IDENT, INT_LITERAL, FLOAT_LITERAL, DOUBLE_LITERAL, REAL_LITERAL}
line 225:27 extraneous input '(' expecting {'\lemma', '}', IDENT, '/*!'}
line 225:31 mismatched input ')' expecting {'(', '{'}
line 227:44 mismatched input ')' expecting {'(', '{'}
line 233:14 mismatched input '\ifExintVar' expecting {MODALITY, FORALL, EXISTS, '\if', '\ifEx', 'true', 'false', '(', '{', '@', NOT, SEQARROW, '-', STRING_LITERAL, CHAR_LITERAL, BIN_LITERAL, HEX_LITERAL, IDENT, INT_LITERAL, FLOAT_LITERAL, DOUBLE_LITERAL, REAL_LITERAL}
line 233:27 extraneous input '(' expecting {'\lemma', '}', IDENT, '/*!'}
line 233:31 mismatched input ')' expecting {'(', '{'}
line 237:42 mismatched input '}' expecting {'(', '{'}
line 238:34 mismatched input '}' expecting {'(', '{'}
line 239:28 extraneous input '(' expecting {'\lemma', '}', IDENT, '/*!'}
line 239:33 mismatched input '-&gt;' expecting {'(', '{'}
line 240:8 extraneous input '\replacewith' expecting {'\lemma', '}', IDENT, '/*!'}
line 240:25 mismatched input ')' expecting {'(', '{'}
line 240:56 mismatched input ')' expecting {'(', '{'}
line 245:14 mismatched input '\ifExintVar' expecting {MODALITY, FORALL, EXISTS, '\if', '\ifEx', 'true', 'false', '(', '{', '@', NOT, SEQARROW, '-', STRING_LITERAL, CHAR_LITERAL, BIN_LITERAL, HEX_LITERAL, IDENT, INT_LITERAL, FLOAT_LITERAL, DOUBLE_LITERAL, REAL_LITERAL}
line 245:27 extraneous input '(' expecting {'\lemma', '}', IDENT, '/*!'}
line 245:31 mismatched input ')' expecting {'(', '{'}
line 248:45 mismatched input '}' expecting {'(', '{'}
line 249:8 extraneous input '\replacewith' expecting {'\lemma', '}', IDENT, '/*!'}
line 249:38 mismatched input ')' expecting {'(', '{'}
line 250:42 mismatched input '}' expecting {'(', '{'}
line 251:28 extraneous input '(' expecting {'\lemma', '}', IDENT, '/*!'}
line 251:33 mismatched input '-&gt;' expecting {'(', '{'}
line 255:14 mismatched input '\ifExintVar' expecting {MODALITY, FORALL, EXISTS, '\if', '\ifEx', 'true', 'false', '(', '{', '@', NOT, SEQARROW, '-', STRING_LITERAL, CHAR_LITERAL, BIN_LITERAL, HEX_LITERAL, IDENT, INT_LITERAL, FLOAT_LITERAL, DOUBLE_LITERAL, REAL_LITERAL}
line 255:27 extraneous input '(' expecting {'\lemma', '}', IDENT, '/*!'}
line 255:31 mismatched input ')' expecting {'(', '{'}
line 258:52 extraneous input '0' expecting {'\lemma', '}', IDENT, '/*!'}
line 258:54 mismatched input 'then' expecting {&lt;EOF&gt;, '\problem', '\chooseContract', '\proofObligation', '\proof'}
)
	at app//de.uka.ilkd.key.control.AbstractUserInterfaceControl.load(AbstractUserInterfaceControl.java:221)
	at app//de.uka.ilkd.key.control.KeYEnvironment.load(KeYEnvironment.java:251)
	at app//de.uka.ilkd.key.control.KeYEnvironment.load(KeYEnvironment.java:224)
	at app//de.uka.ilkd.key.control.KeYEnvironment.load(KeYEnvironment.java:184)
	at app//de.uka.ilkd.key.logic.TestTermLabelManager.createTestServices(TestTermLabelManager.java:624)
	at app//de.uka.ilkd.key.logic.TestTermLabelManager.doRefactoringTestLogging(TestTermLabelManager.java:106)
	at app//de.uka.ilkd.key.logic.TestTermLabelManager.testrefactorGoal_directChildren_allRules(TestTermLabelManager.java:59)
	at java.base@11.0.18/jdk.internal.reflect.NativeMethodAccessorImpl.invoke0(Native Method)
	at java.base@11.0.18/jdk.internal.reflect.NativeMethodAccessorImpl.invoke(NativeMethodAccessorImpl.java:62)
	at java.base@11.0.18/jdk.internal.reflect.DelegatingMethodAccessorImpl.invoke(DelegatingMethodAccessorImpl.java:43)
	at java.base@11.0.18/java.lang.reflect.Method.invoke(Method.java:566)
	at app//org.junit.platform.commons.util.ReflectionUtils.invokeMethod(ReflectionUtils.java:725)
	at app//org.junit.jupiter.engine.execution.MethodInvocation.proceed(MethodInvocation.java:60)
	at app//org.junit.jupiter.engine.execution.InvocationInterceptorChain$ValidatingInvocation.proceed(InvocationInterceptorChain.java:131)
	at app//org.junit.jupiter.engine.extension.TimeoutExtension.intercept(TimeoutExtension.java:149)
	at app//org.junit.jupiter.engine.extension.TimeoutExtension.interceptTestableMethod(TimeoutExtension.java:140)
	at app//org.junit.jupiter.engine.extension.TimeoutExtension.interceptTestMethod(TimeoutExtension.java:84)
	at app//org.junit.jupiter.engine.execution.ExecutableInvoker$ReflectiveInterceptorCall.lambda$ofVoidMethod$0(ExecutableInvoker.java:115)
	at app//org.junit.jupiter.engine.execution.ExecutableInvoker.lambda$invoke$0(ExecutableInvoker.java:105)
	at app//org.junit.jupiter.engine.execution.InvocationInterceptorChain$InterceptedInvocation.proceed(InvocationInterceptorChain.java:106)
	at app//org.junit.jupiter.engine.execution.InvocationInterceptorChain.proceed(InvocationInterceptorChain.java:64)
	at app//org.junit.jupiter.engine.execution.InvocationInterceptorChain.chainAndInvoke(InvocationInterceptorChain.java:45)
	at app//org.junit.jupiter.engine.execution.InvocationInterceptorChain.invoke(InvocationInterceptorChain.java:37)
	at app//org.junit.jupiter.engine.execution.ExecutableInvoker.invoke(ExecutableInvoker.java:104)
	at app//org.junit.jupiter.engine.execution.ExecutableInvoker.invoke(ExecutableInvoker.java:98)
	at app//org.junit.jupiter.engine.descriptor.TestMethodTestDescriptor.lambda$invokeTestMethod$7(TestMethodTestDescriptor.java:214)
	at app//org.junit.platform.engine.support.hierarchical.ThrowableCollector.execute(ThrowableCollector.java:73)
	at app//org.junit.jupiter.engine.descriptor.TestMethodTestDescriptor.invokeTestMethod(TestMethodTestDescriptor.java:210)
	at app//org.junit.jupiter.engine.descriptor.TestMethodTestDescriptor.execute(TestMethodTestDescriptor.java:135)
	at app//org.junit.jupiter.engine.descriptor.TestMethodTestDescriptor.execute(TestMethodTestDescriptor.java:66)
	at app//org.junit.platform.engine.support.hierarchical.NodeTestTask.lambda$executeRecursively$6(NodeTestTask.java:151)
	at app//org.junit.platform.engine.support.hierarchical.ThrowableCollector.execute(ThrowableCollector.java:73)
	at app//org.junit.platform.engine.support.hierarchical.NodeTestTask.lambda$executeRecursively$8(NodeTestTask.java:141)
	at app//org.junit.platform.engine.support.hierarchical.Node.around(Node.java:137)
	at app//org.junit.platform.engine.support.hierarchical.NodeTestTask.lambda$executeRecursively$9(NodeTestTask.java:139)
	at app//org.junit.platform.engine.support.hierarchical.ThrowableCollector.execute(ThrowableCollector.java:73)
	at app//org.junit.platform.engine.support.hierarchical.NodeTestTask.executeRecursively(NodeTestTask.java:138)
	at app//org.junit.platform.engine.support.hierarchical.NodeTestTask.execute(NodeTestTask.java:95)
	at java.base@11.0.18/java.util.ArrayList.forEach(ArrayList.java:1541)
	at app//org.junit.platform.engine.support.hierarchical.SameThreadHierarchicalTestExecutorService.invokeAll(SameThreadHierarchicalTestExecutorService.java:41)
	at app//org.junit.platform.engine.support.hierarchical.NodeTestTask.lambda$executeRecursively$6(NodeTestTask.java:155)
	at app//org.junit.platform.engine.support.hierarchical.ThrowableCollector.execute(ThrowableCollector.java:73)
	at app//org.junit.platform.engine.support.hierarchical.NodeTestTask.lambda$executeRecursively$8(NodeTestTask.java:141)
	at app//org.junit.platform.engine.support.hierarchical.Node.around(Node.java:137)
	at app//org.junit.platform.engine.support.hierarchical.NodeTestTask.lambda$executeRecursively$9(NodeTestTask.java:139)
	at app//org.junit.platform.engine.support.hierarchical.ThrowableCollector.execute(ThrowableCollector.java:73)
	at app//org.junit.platform.engine.support.hierarchical.NodeTestTask.executeRecursively(NodeTestTask.java:138)
	at app//org.junit.platform.engine.support.hierarchical.NodeTestTask.execute(NodeTestTask.java:95)
	at java.base@11.0.18/java.util.ArrayList.forEach(ArrayList.java:1541)
	at app//org.junit.platform.engine.support.hierarchical.SameThreadHierarchicalTestExecutorService.invokeAll(SameThreadHierarchicalTestExecutorService.java:41)
	at app//org.junit.platform.engine.support.hierarchical.NodeTestTask.lambda$executeRecursively$6(NodeTestTask.java:155)
	at app//org.junit.platform.engine.support.hierarchical.ThrowableCollector.execute(ThrowableCollector.java:73)
	at app//org.junit.platform.engine.support.hierarchical.NodeTestTask.lambda$executeRecursively$8(NodeTestTask.java:141)
	at app//org.junit.platform.engine.support.hierarchical.Node.around(Node.java:137)
	at app//org.junit.platform.engine.support.hierarchical.NodeTestTask.lambda$executeRecursively$9(NodeTestTask.java:139)
	at app//org.junit.platform.engine.support.hierarchical.ThrowableCollector.execute(ThrowableCollector.java:73)
	at app//org.junit.platform.engine.support.hierarchical.NodeTestTask.executeRecursively(NodeTestTask.java:138)
	at app//org.junit.platform.engine.support.hierarchical.NodeTestTask.execute(NodeTestTask.java:95)
	at app//org.junit.platform.engine.support.hierarchical.SameThreadHierarchicalTestExecutorService.submit(SameThreadHierarchicalTestExecutorService.java:35)
	at app//org.junit.platform.engine.support.hierarchical.HierarchicalTestExecutor.execute(HierarchicalTestExecutor.java:57)
	at app//org.junit.platform.engine.support.hierarchical.HierarchicalTestEngine.execute(HierarchicalTestEngine.java:54)
	at org.junit.platform.launcher.core.EngineExecutionOrchestrator.execute(EngineExecutionOrchestrator.java:107)
	at org.junit.platform.launcher.core.EngineExecutionOrchestrator.execute(EngineExecutionOrchestrator.java:88)
	at org.junit.platform.launcher.core.EngineExecutionOrchestrator.lambda$execute$0(EngineExecutionOrchestrator.java:54)
	at org.junit.platform.launcher.core.EngineExecutionOrchestrator.withInterceptedStreams(EngineExecutionOrchestrator.java:67)
	at org.junit.platform.launcher.core.EngineExecutionOrchestrator.execute(EngineExecutionOrchestrator.java:52)
	at org.junit.platform.launcher.core.DefaultLauncher.execute(DefaultLauncher.java:114)
	at org.junit.platform.launcher.core.DefaultLauncher.execute(DefaultLauncher.java:86)
	at org.junit.platform.launcher.core.DefaultLauncherSession$DelegatingLauncher.execute(DefaultLauncherSession.java:86)
	at org.junit.platform.launcher.core.SessionPerRequestLauncher.execute(SessionPerRequestLauncher.java:53)
	at org.gradle.api.internal.tasks.testing.junitplatform.JUnitPlatformTestClassProcessor$CollectAllTestClassesExecutor.processAllTestClasses(JUnitPlatformTestClassProcessor.java:99)
	at org.gradle.api.internal.tasks.testing.junitplatform.JUnitPlatformTestClassProcessor$CollectAllTestClassesExecutor.access$000(JUnitPlatformTestClassProcessor.java:79)
	at org.gradle.api.internal.tasks.testing.junitplatform.JUnitPlatformTestClassProcessor.stop(JUnitPlatformTestClassProcessor.java:75)
	at org.gradle.api.internal.tasks.testing.SuiteTestClassProcessor.stop(SuiteTestClassProcessor.java:62)
	at java.base@11.0.18/jdk.internal.reflect.NativeMethodAccessorImpl.invoke0(Native Method)
	at java.base@11.0.18/jdk.internal.reflect.NativeMethodAccessorImpl.invoke(NativeMethodAccessorImpl.java:62)
	at java.base@11.0.18/jdk.internal.reflect.DelegatingMethodAccessorImpl.invoke(DelegatingMethodAccessorImpl.java:43)
	at java.base@11.0.18/java.lang.reflect.Method.invoke(Method.java:566)
	at org.gradle.internal.dispatch.ReflectionDispatch.dispatch(ReflectionDispatch.java:36)
	at org.gradle.internal.dispatch.ReflectionDispatch.dispatch(ReflectionDispatch.java:24)
	at org.gradle.internal.dispatch.ContextClassLoaderDispatch.dispatch(ContextClassLoaderDispatch.java:33)
	at org.gradle.internal.dispatch.ProxyDispatchAdapter$DispatchingInvocationHandler.invoke(ProxyDispatchAdapter.java:94)
	at com.sun.proxy.$Proxy2.stop(Unknown Source)
	at org.gradle.api.internal.tasks.testing.worker.TestWorker$3.run(TestWorker.java:193)
	at org.gradle.api.internal.tasks.testing.worker.TestWorker.executeAndMaintainThreadName(TestWorker.java:129)
	at org.gradle.api.internal.tasks.testing.worker.TestWorker.execute(TestWorker.java:100)
	at org.gradle.api.internal.tasks.testing.worker.TestWorker.execute(TestWorker.java:60)
	at org.gradle.process.internal.worker.child.ActionExecutionWorker.execute(ActionExecutionWorker.java:56)
	at org.gradle.process.internal.worker.child.SystemApplicationClassLoaderWorker.call(SystemApplicationClassLoaderWorker.java:113)
	at org.gradle.process.internal.worker.child.SystemApplicationClassLoaderWorker.call(SystemApplicationClassLoaderWorker.java:65)
	at app//worker.org.gradle.process.internal.worker.GradleWorkerMain.run(GradleWorkerMain.java:69)
	at app//worker.org.gradle.process.internal.worker.GradleWorkerMain.main(GradleWorkerMain.java:74)
Caused by: de.uka.ilkd.key.proof.init.ProofInputException: line 135:14 mismatched input '\ifExintVar' expecting {MODALITY, FORALL, EXISTS, '\if', '\ifEx', 'true', 'false', '(', '{', '@', NOT, SEQARROW, '-', STRING_LITERAL, CHAR_LITERAL, BIN_LITERAL, HEX_LITERAL, IDENT, INT_LITERAL, FLOAT_LITERAL, DOUBLE_LITERAL, REAL_LITERAL}
line 135:27 extraneous input '(' expecting {'\lemma', '}', IDENT, '/*!'}
line 135:44 mismatched input ')' expecting {'(', '{'}
line 141:14 mismatched input '\ifExintVar' expecting {MODALITY, FORALL, EXISTS, '\if', '\ifEx', 'true', 'false', '(', '{', '@', NOT, SEQARROW, '-', STRING_LITERAL, CHAR_LITERAL, BIN_LITERAL, HEX_LITERAL, IDENT, INT_LITERAL, FLOAT_LITERAL, DOUBLE_LITERAL, REAL_LITERAL}
line 141:27 extraneous input '(' expecting {'\lemma', '}', IDENT, '/*!'}
line 141:41 mismatched input ')' expecting {'(', '{'}
line 148:14 mismatched input '\ifExintVar' expecting {MODALITY, FORALL, EXISTS, '\if', '\ifEx', 'true', 'false', '(', '{', '@', NOT, SEQARROW, '-', STRING_LITERAL, CHAR_LITERAL, BIN_LITERAL, HEX_LITERAL, IDENT, INT_LITERAL, FLOAT_LITERAL, DOUBLE_LITERAL, REAL_LITERAL}
line 148:27 extraneous input '(' expecting {'\lemma', '}', IDENT, '/*!'}
line 148:35 mismatched input '=' expecting {'(', '{'}
line 150:38 mismatched input '}' expecting {'(', '{'}
line 155:14 mismatched input '\ifExintVar' expecting {MODALITY, FORALL, EXISTS, '\if', '\ifEx', 'true', 'false', '(', '{', '@', NOT, SEQARROW, '-', STRING_LITERAL, CHAR_LITERAL, BIN_LITERAL, HEX_LITERAL, IDENT, INT_LITERAL, FLOAT_LITERAL, DOUBLE_LITERAL, REAL_LITERAL}
line 155:27 extraneous input '(' expecting {'\lemma', '}', IDENT, '/*!'}
line 155:35 mismatched input '=' expecting {'(', '{'}
line 157:38 mismatched input '}' expecting {'(', '{'}
line 163:14 mismatched input '\ifExintVar' expecting {MODALITY, FORALL, EXISTS, '\if', '\ifEx', 'true', 'false', '(', '{', '@', NOT, SEQARROW, '-', STRING_LITERAL, CHAR_LITERAL, BIN_LITERAL, HEX_LITERAL, IDENT, INT_LITERAL, FLOAT_LITERAL, DOUBLE_LITERAL, REAL_LITERAL}
line 163:27 extraneous input '(' expecting {'\lemma', '}', IDENT, '/*!'}
line 163:30 mismatched input '=' expecting {'(', '{'}
line 165:38 mismatched input '}' expecting {'(', '{'}
line 171:14 mismatched input '\ifExintVar' expecting {MODALITY, FORALL, EXISTS, '\if', '\ifEx', 'true', 'false', '(', '{', '@', NOT, SEQARROW, '-', STRING_LITERAL, CHAR_LITERAL, BIN_LITERAL, HEX_LITERAL, IDENT, INT_LITERAL, FLOAT_LITERAL, DOUBLE_LITERAL, REAL_LITERAL}
line 171:27 extraneous input '(' expecting {'\lemma', '}', IDENT, '/*!'}
line 171:30 mismatched input '=' expecting {'(', '{'}
line 173:38 mismatched input '}' expecting {'(', '{'}
line 179:14 mismatched input '\ifExintVar' expecting {MODALITY, FORALL, EXISTS, '\if', '\ifEx', 'true', 'false', '(', '{', '@', NOT, SEQARROW, '-', STRING_LITERAL, CHAR_LITERAL, BIN_LITERAL, HEX_LITERAL, IDENT, INT_LITERAL, FLOAT_LITERAL, DOUBLE_LITERAL, REAL_LITERAL}
line 179:27 extraneous input '(' expecting {'\lemma', '}', IDENT, '/*!'}
line 179:32 mismatched input '&amp;' expecting {'(', '{'}
line 181:42 mismatched input '}' expecting {'(', '{'}
line 182:39 mismatched input '}' expecting {'(', '{'}
line 188:14 mismatched input '\ifExintVar' expecting {MODALITY, FORALL, EXISTS, '\if', '\ifEx', 'true', 'false', '(', '{', '@', NOT, SEQARROW, '-', STRING_LITERAL, CHAR_LITERAL, BIN_LITERAL, HEX_LITERAL, IDENT, INT_LITERAL, FLOAT_LITERAL, DOUBLE_LITERAL, REAL_LITERAL}
line 188:27 extraneous input '(' expecting {'\lemma', '}', IDENT, '/*!'}
line 188:32 mismatched input '&amp;' expecting {'(', '{'}
line 190:42 mismatched input '}' expecting {'(', '{'}
line 191:39 mismatched input '}' expecting {'(', '{'}
line 198:14 mismatched input '\ifExintVar' expecting {MODALITY, FORALL, EXISTS, '\if', '\ifEx', 'true', 'false', '(', '{', '@', NOT, SEQARROW, '-', STRING_LITERAL, CHAR_LITERAL, BIN_LITERAL, HEX_LITERAL, IDENT, INT_LITERAL, FLOAT_LITERAL, DOUBLE_LITERAL, REAL_LITERAL}
line 198:27 extraneous input '(' expecting {'\lemma', '}', IDENT, '/*!'}
line 198:32 mismatched input '&amp;' expecting {'(', '{'}
line 200:42 mismatched input '}' expecting {'(', '{'}
line 201:39 mismatched input '}' expecting {'(', '{'}
line 208:14 mismatched input '\ifExintVar' expecting {MODALITY, FORALL, EXISTS, '\if', '\ifEx', 'true', 'false', '(', '{', '@', NOT, SEQARROW, '-', STRING_LITERAL, CHAR_LITERAL, BIN_LITERAL, HEX_LITERAL, IDENT, INT_LITERAL, FLOAT_LITERAL, DOUBLE_LITERAL, REAL_LITERAL}
line 208:27 extraneous input '(' expecting {'\lemma', '}', IDENT, '/*!'}
line 208:32 mismatched input '&amp;' expecting {'(', '{'}
line 210:42 mismatched input '}' expecting {'(', '{'}
line 211:39 mismatched input '}' expecting {'(', '{'}
line 218:14 mismatched input '\ifExintVar' expecting {MODALITY, FORALL, EXISTS, '\if', '\ifEx', 'true', 'false', '(', '{', '@', NOT, SEQARROW, '-', STRING_LITERAL, CHAR_LITERAL, BIN_LITERAL, HEX_LITERAL, IDENT, INT_LITERAL, FLOAT_LITERAL, DOUBLE_LITERAL, REAL_LITERAL}
line 218:27 extraneous input '(' expecting {'\lemma', '}', IDENT, '/*!'}
line 218:31 mismatched input ')' expecting {'(', '{'}
line 220:44 mismatched input ')' expecting {'(', '{'}
line 225:14 mismatched input '\ifExintVar' expecting {MODALITY, FORALL, EXISTS, '\if', '\ifEx', 'true', 'false', '(', '{', '@', NOT, SEQARROW, '-', STRING_LITERAL, CHAR_LITERAL, BIN_LITERAL, HEX_LITERAL, IDENT, INT_LITERAL, FLOAT_LITERAL, DOUBLE_LITERAL, REAL_LITERAL}
line 225:27 extraneous input '(' expecting {'\lemma', '}', IDENT, '/*!'}
line 225:31 mismatched input ')' expecting {'(', '{'}
line 227:44 mismatched input ')' expecting {'(', '{'}
line 233:14 mismatched input '\ifExintVar' expecting {MODALITY, FORALL, EXISTS, '\if', '\ifEx', 'true', 'false', '(', '{', '@', NOT, SEQARROW, '-', STRING_LITERAL, CHAR_LITERAL, BIN_LITERAL, HEX_LITERAL, IDENT, INT_LITERAL, FLOAT_LITERAL, DOUBLE_LITERAL, REAL_LITERAL}
line 233:27 extraneous input '(' expecting {'\lemma', '}', IDENT, '/*!'}
line 233:31 mismatched input ')' expecting {'(', '{'}
line 237:42 mismatched input '}' expecting {'(', '{'}
line 238:34 mismatched input '}' expecting {'(', '{'}
line 239:28 extraneous input '(' expecting {'\lemma', '}', IDENT, '/*!'}
line 239:33 mismatched input '-&gt;' expecting {'(', '{'}
line 240:8 extraneous input '\replacewith' expecting {'\lemma', '}', IDENT, '/*!'}
line 240:25 mismatched input ')' expecting {'(', '{'}
line 240:56 mismatched input ')' expecting {'(', '{'}
line 245:14 mismatched input '\ifExintVar' expecting {MODALITY, FORALL, EXISTS, '\if', '\ifEx', 'true', 'false', '(', '{', '@', NOT, SEQARROW, '-', STRING_LITERAL, CHAR_LITERAL, BIN_LITERAL, HEX_LITERAL, IDENT, INT_LITERAL, FLOAT_LITERAL, DOUBLE_LITERAL, REAL_LITERAL}
line 245:27 extraneous input '(' expecting {'\lemma', '}', IDENT, '/*!'}
line 245:31 mismatched input ')' expecting {'(', '{'}
line 248:45 mismatched input '}' expecting {'(', '{'}
line 249:8 extraneous input '\replacewith' expecting {'\lemma', '}', IDENT, '/*!'}
line 249:38 mismatched input ')' expecting {'(', '{'}
line 250:42 mismatched input '}' expecting {'(', '{'}
line 251:28 extraneous input '(' expecting {'\lemma', '}', IDENT, '/*!'}
line 251:33 mismatched input '-&gt;' expecting {'(', '{'}
line 255:14 mismatched input '\ifExintVar' expecting {MODALITY, FORALL, EXISTS, '\if', '\ifEx', 'true', 'false', '(', '{', '@', NOT, SEQARROW, '-', STRING_LITERAL, CHAR_LITERAL, BIN_LITERAL, HEX_LITERAL, IDENT, INT_LITERAL, FLOAT_LITERAL, DOUBLE_LITERAL, REAL_LITERAL}
line 255:27 extraneous input '(' expecting {'\lemma', '}', IDENT, '/*!'}
line 255:31 mismatched input ')' expecting {'(', '{'}
line 258:52 extraneous input '0' expecting {'\lemma', '}', IDENT, '/*!'}
line 258:54 mismatched input 'then' expecting {&lt;EOF&gt;, '\problem', '\chooseContract', '\proofObligation', '\proof'}

	at app//de.uka.ilkd.key.proof.io.KeYFile.readIncludes(KeYFile.java:210)
	at app//de.uka.ilkd.key.proof.init.ProblemInitializer.readIncludes(ProblemInitializer.java:177)
	at app//de.uka.ilkd.key.proof.init.ProblemInitializer.readEnvInput(ProblemInitializer.java:325)
	at app//de.uka.ilkd.key.proof.init.ProblemInitializer.readIncludes(ProblemInitializer.java:188)
	at app//de.uka.ilkd.key.proof.init.ProblemInitializer.readEnvInput(ProblemInitializer.java:325)
	at app//de.uka.ilkd.key.proof.init.ProblemInitializer.prepare(ProblemInitializer.java:449)
	at app//de.uka.ilkd.key.proof.io.AbstractProblemLoader.createInitConfig(AbstractProblemLoader.java:518)
	at app//de.uka.ilkd.key.proof.io.AbstractProblemLoader.loadEnvironment(AbstractProblemLoader.java:288)
	at app//de.uka.ilkd.key.proof.io.AbstractProblemLoader.load(AbstractProblemLoader.java:252)
	at app//de.uka.ilkd.key.control.AbstractUserInterfaceControl.load(AbstractUserInterfaceControl.java:209)
	... 91 more
Caused by: de.uka.ilkd.key.util.parsing.SyntaxErrorReporter$ParserException: line 135:14 mismatched input '\ifExintVar' expecting {MODALITY, FORALL, EXISTS, '\if', '\ifEx', 'true', 'false', '(', '{', '@', NOT, SEQARROW, '-', STRING_LITERAL, CHAR_LITERAL, BIN_LITERAL, HEX_LITERAL, IDENT, INT_LITERAL, FLOAT_LITERAL, DOUBLE_LITERAL, REAL_LITERAL}
line 135:27 extraneous input '(' expecting {'\lemma', '}', IDENT, '/*!'}
line 135:44 mismatched input ')' expecting {'(', '{'}
line 141:14 mismatched input '\ifExintVar' expecting {MODALITY, FORALL, EXISTS, '\if', '\ifEx', 'true', 'false', '(', '{', '@', NOT, SEQARROW, '-', STRING_LITERAL, CHAR_LITERAL, BIN_LITERAL, HEX_LITERAL, IDENT, INT_LITERAL, FLOAT_LITERAL, DOUBLE_LITERAL, REAL_LITERAL}
line 141:27 extraneous input '(' expecting {'\lemma', '}', IDENT, '/*!'}
line 141:41 mismatched input ')' expecting {'(', '{'}
line 148:14 mismatched input '\ifExintVar' expecting {MODALITY, FORALL, EXISTS, '\if', '\ifEx', 'true', 'false', '(', '{', '@', NOT, SEQARROW, '-', STRING_LITERAL, CHAR_LITERAL, BIN_LITERAL, HEX_LITERAL, IDENT, INT_LITERAL, FLOAT_LITERAL, DOUBLE_LITERAL, REAL_LITERAL}
line 148:27 extraneous input '(' expecting {'\lemma', '}', IDENT, '/*!'}
line 148:35 mismatched input '=' expecting {'(', '{'}
line 150:38 mismatched input '}' expecting {'(', '{'}
line 155:14 mismatched input '\ifExintVar' expecting {MODALITY, FORALL, EXISTS, '\if', '\ifEx', 'true', 'false', '(', '{', '@', NOT, SEQARROW, '-', STRING_LITERAL, CHAR_LITERAL, BIN_LITERAL, HEX_LITERAL, IDENT, INT_LITERAL, FLOAT_LITERAL, DOUBLE_LITERAL, REAL_LITERAL}
line 155:27 extraneous input '(' expecting {'\lemma', '}', IDENT, '/*!'}
line 155:35 mismatched input '=' expecting {'(', '{'}
line 157:38 mismatched input '}' expecting {'(', '{'}
line 163:14 mismatched input '\ifExintVar' expecting {MODALITY, FORALL, EXISTS, '\if', '\ifEx', 'true', 'false', '(', '{', '@', NOT, SEQARROW, '-', STRING_LITERAL, CHAR_LITERAL, BIN_LITERAL, HEX_LITERAL, IDENT, INT_LITERAL, FLOAT_LITERAL, DOUBLE_LITERAL, REAL_LITERAL}
line 163:27 extraneous input '(' expecting {'\lemma', '}', IDENT, '/*!'}
line 163:30 mismatched input '=' expecting {'(', '{'}
line 165:38 mismatched input '}' expecting {'(', '{'}
line 171:14 mismatched input '\ifExintVar' expecting {MODALITY, FORALL, EXISTS, '\if', '\ifEx', 'true', 'false', '(', '{', '@', NOT, SEQARROW, '-', STRING_LITERAL, CHAR_LITERAL, BIN_LITERAL, HEX_LITERAL, IDENT, INT_LITERAL, FLOAT_LITERAL, DOUBLE_LITERAL, REAL_LITERAL}
line 171:27 extraneous input '(' expecting {'\lemma', '}', IDENT, '/*!'}
line 171:30 mismatched input '=' expecting {'(', '{'}
line 173:38 mismatched input '}' expecting {'(', '{'}
line 179:14 mismatched input '\ifExintVar' expecting {MODALITY, FORALL, EXISTS, '\if', '\ifEx', 'true', 'false', '(', '{', '@', NOT, SEQARROW, '-', STRING_LITERAL, CHAR_LITERAL, BIN_LITERAL, HEX_LITERAL, IDENT, INT_LITERAL, FLOAT_LITERAL, DOUBLE_LITERAL, REAL_LITERAL}
line 179:27 extraneous input '(' expecting {'\lemma', '}', IDENT, '/*!'}
line 179:32 mismatched input '&amp;' expecting {'(', '{'}
line 181:42 mismatched input '}' expecting {'(', '{'}
line 182:39 mismatched input '}' expecting {'(', '{'}
line 188:14 mismatched input '\ifExintVar' expecting {MODALITY, FORALL, EXISTS, '\if', '\ifEx', 'true', 'false', '(', '{', '@', NOT, SEQARROW, '-', STRING_LITERAL, CHAR_LITERAL, BIN_LITERAL, HEX_LITERAL, IDENT, INT_LITERAL, FLOAT_LITERAL, DOUBLE_LITERAL, REAL_LITERAL}
line 188:27 extraneous input '(' expecting {'\lemma', '}', IDENT, '/*!'}
line 188:32 mismatched input '&amp;' expecting {'(', '{'}
line 190:42 mismatched input '}' expecting {'(', '{'}
line 191:39 mismatched input '}' expecting {'(', '{'}
line 198:14 mismatched input '\ifExintVar' expecting {MODALITY, FORALL, EXISTS, '\if', '\ifEx', 'true', 'false', '(', '{', '@', NOT, SEQARROW, '-', STRING_LITERAL, CHAR_LITERAL, BIN_LITERAL, HEX_LITERAL, IDENT, INT_LITERAL, FLOAT_LITERAL, DOUBLE_LITERAL, REAL_LITERAL}
line 198:27 extraneous input '(' expecting {'\lemma', '}', IDENT, '/*!'}
line 198:32 mismatched input '&amp;' expecting {'(', '{'}
line 200:42 mismatched input '}' expecting {'(', '{'}
line 201:39 mismatched input '}' expecting {'(', '{'}
line 208:14 mismatched input '\ifExintVar' expecting {MODALITY, FORALL, EXISTS, '\if', '\ifEx', 'true', 'false', '(', '{', '@', NOT, SEQARROW, '-', STRING_LITERAL, CHAR_LITERAL, BIN_LITERAL, HEX_LITERAL, IDENT, INT_LITERAL, FLOAT_LITERAL, DOUBLE_LITERAL, REAL_LITERAL}
line 208:27 extraneous input '(' expecting {'\lemma', '}', IDENT, '/*!'}
line 208:32 mismatched input '&amp;' expecting {'(', '{'}
line 210:42 mismatched input '}' expecting {'(', '{'}
line 211:39 mismatched input '}' expecting {'(', '{'}
line 218:14 mismatched input '\ifExintVar' expecting {MODALITY, FORALL, EXISTS, '\if', '\ifEx', 'true', 'false', '(', '{', '@', NOT, SEQARROW, '-', STRING_LITERAL, CHAR_LITERAL, BIN_LITERAL, HEX_LITERAL, IDENT, INT_LITERAL, FLOAT_LITERAL, DOUBLE_LITERAL, REAL_LITERAL}
line 218:27 extraneous input '(' expecting {'\lemma', '}', IDENT, '/*!'}
line 218:31 mismatched input ')' expecting {'(', '{'}
line 220:44 mismatched input ')' expecting {'(', '{'}
line 225:14 mismatched input '\ifExintVar' expecting {MODALITY, FORALL, EXISTS, '\if', '\ifEx', 'true', 'false', '(', '{', '@', NOT, SEQARROW, '-', STRING_LITERAL, CHAR_LITERAL, BIN_LITERAL, HEX_LITERAL, IDENT, INT_LITERAL, FLOAT_LITERAL, DOUBLE_LITERAL, REAL_LITERAL}
line 225:27 extraneous input '(' expecting {'\lemma', '}', IDENT, '/*!'}
line 225:31 mismatched input ')' expecting {'(', '{'}
line 227:44 mismatched input ')' expecting {'(', '{'}
line 233:14 mismatched input '\ifExintVar' expecting {MODALITY, FORALL, EXISTS, '\if', '\ifEx', 'true', 'false', '(', '{', '@', NOT, SEQARROW, '-', STRING_LITERAL, CHAR_LITERAL, BIN_LITERAL, HEX_LITERAL, IDENT, INT_LITERAL, FLOAT_LITERAL, DOUBLE_LITERAL, REAL_LITERAL}
line 233:27 extraneous input '(' expecting {'\lemma', '}', IDENT, '/*!'}
line 233:31 mismatched input ')' expecting {'(', '{'}
line 237:42 mismatched input '}' expecting {'(', '{'}
line 238:34 mismatched input '}' expecting {'(', '{'}
line 239:28 extraneous input '(' expecting {'\lemma', '}', IDENT, '/*!'}
line 239:33 mismatched input '-&gt;' expecting {'(', '{'}
line 240:8 extraneous input '\replacewith' expecting {'\lemma', '}', IDENT, '/*!'}
line 240:25 mismatched input ')' expecting {'(', '{'}
line 240:56 mismatched input ')' expecting {'(', '{'}
line 245:14 mismatched input '\ifExintVar' expecting {MODALITY, FORALL, EXISTS, '\if', '\ifEx', 'true', 'false', '(', '{', '@', NOT, SEQARROW, '-', STRING_LITERAL, CHAR_LITERAL, BIN_LITERAL, HEX_LITERAL, IDENT, INT_LITERAL, FLOAT_LITERAL, DOUBLE_LITERAL, REAL_LITERAL}
line 245:27 extraneous input '(' expecting {'\lemma', '}', IDENT, '/*!'}
line 245:31 mismatched input ')' expecting {'(', '{'}
line 248:45 mismatched input '}' expecting {'(', '{'}
line 249:8 extraneous input '\replacewith' expecting {'\lemma', '}', IDENT, '/*!'}
line 249:38 mismatched input ')' expecting {'(', '{'}
line 250:42 mismatched input '}' expecting {'(', '{'}
line 251:28 extraneous input '(' expecting {'\lemma', '}', IDENT, '/*!'}
line 251:33 mismatched input '-&gt;' expecting {'(', '{'}
line 255:14 mismatched input '\ifExintVar' expecting {MODALITY, FORALL, EXISTS, '\if', '\ifEx', 'true', 'false', '(', '{', '@', NOT, SEQARROW, '-', STRING_LITERAL, CHAR_LITERAL, BIN_LITERAL, HEX_LITERAL, IDENT, INT_LITERAL, FLOAT_LITERAL, DOUBLE_LITERAL, REAL_LITERAL}
line 255:27 extraneous input '(' expecting {'\lemma', '}', IDENT, '/*!'}
line 255:31 mismatched input ')' expecting {'(', '{'}
line 258:52 extraneous input '0' expecting {'\lemma', '}', IDENT, '/*!'}
line 258:54 mismatched input 'then' expecting {&lt;EOF&gt;, '\problem', '\chooseContract', '\proofObligation', '\proof'}

	at app//de.uka.ilkd.key.util.parsing.SyntaxErrorReporter.throwException(SyntaxErrorReporter.java:89)
	at app//de.uka.ilkd.key.nparser.ParsingFacade.parseFile(ParsingFacade.java:125)
	at app//de.uka.ilkd.key.proof.io.KeYFile.getParseContext(KeYFile.java:160)
	at app//de.uka.ilkd.key.proof.io.KeYFile.readIncludes(KeYFile.java:206)
	... 100 more
</failure>
  </testcase>
  <testcase name="testInstantiateLabels_childAndGrandchildPolicies_allRules()" classname="de.uka.ilkd.key.logic.TestTermLabelManager" time="0.104">
    <failure message="org.opentest4j.AssertionFailedError" type="org.opentest4j.AssertionFailedError">org.opentest4j.AssertionFailedError
	at app//org.junit.jupiter.api.AssertionUtils.fail(AssertionUtils.java:35)
	at app//org.junit.jupiter.api.Assertions.fail(Assertions.java:115)
	at app//de.uka.ilkd.key.logic.TestTermLabelManager.testInstantiateLabels_childAndGrandchildPolicies_allRules(TestTermLabelManager.java:271)
	at java.base@11.0.18/jdk.internal.reflect.NativeMethodAccessorImpl.invoke0(Native Method)
	at java.base@11.0.18/jdk.internal.reflect.NativeMethodAccessorImpl.invoke(NativeMethodAccessorImpl.java:62)
	at java.base@11.0.18/jdk.internal.reflect.DelegatingMethodAccessorImpl.invoke(DelegatingMethodAccessorImpl.java:43)
	at java.base@11.0.18/java.lang.reflect.Method.invoke(Method.java:566)
	at app//org.junit.platform.commons.util.ReflectionUtils.invokeMethod(ReflectionUtils.java:725)
	at app//org.junit.jupiter.engine.execution.MethodInvocation.proceed(MethodInvocation.java:60)
	at app//org.junit.jupiter.engine.execution.InvocationInterceptorChain$ValidatingInvocation.proceed(InvocationInterceptorChain.java:131)
	at app//org.junit.jupiter.engine.extension.TimeoutExtension.intercept(TimeoutExtension.java:149)
	at app//org.junit.jupiter.engine.extension.TimeoutExtension.interceptTestableMethod(TimeoutExtension.java:140)
	at app//org.junit.jupiter.engine.extension.TimeoutExtension.interceptTestMethod(TimeoutExtension.java:84)
	at app//org.junit.jupiter.engine.execution.ExecutableInvoker$ReflectiveInterceptorCall.lambda$ofVoidMethod$0(ExecutableInvoker.java:115)
	at app//org.junit.jupiter.engine.execution.ExecutableInvoker.lambda$invoke$0(ExecutableInvoker.java:105)
	at app//org.junit.jupiter.engine.execution.InvocationInterceptorChain$InterceptedInvocation.proceed(InvocationInterceptorChain.java:106)
	at app//org.junit.jupiter.engine.execution.InvocationInterceptorChain.proceed(InvocationInterceptorChain.java:64)
	at app//org.junit.jupiter.engine.execution.InvocationInterceptorChain.chainAndInvoke(InvocationInterceptorChain.java:45)
	at app//org.junit.jupiter.engine.execution.InvocationInterceptorChain.invoke(InvocationInterceptorChain.java:37)
	at app//org.junit.jupiter.engine.execution.ExecutableInvoker.invoke(ExecutableInvoker.java:104)
	at app//org.junit.jupiter.engine.execution.ExecutableInvoker.invoke(ExecutableInvoker.java:98)
	at app//org.junit.jupiter.engine.descriptor.TestMethodTestDescriptor.lambda$invokeTestMethod$7(TestMethodTestDescriptor.java:214)
	at app//org.junit.platform.engine.support.hierarchical.ThrowableCollector.execute(ThrowableCollector.java:73)
	at app//org.junit.jupiter.engine.descriptor.TestMethodTestDescriptor.invokeTestMethod(TestMethodTestDescriptor.java:210)
	at app//org.junit.jupiter.engine.descriptor.TestMethodTestDescriptor.execute(TestMethodTestDescriptor.java:135)
	at app//org.junit.jupiter.engine.descriptor.TestMethodTestDescriptor.execute(TestMethodTestDescriptor.java:66)
	at app//org.junit.platform.engine.support.hierarchical.NodeTestTask.lambda$executeRecursively$6(NodeTestTask.java:151)
	at app//org.junit.platform.engine.support.hierarchical.ThrowableCollector.execute(ThrowableCollector.java:73)
	at app//org.junit.platform.engine.support.hierarchical.NodeTestTask.lambda$executeRecursively$8(NodeTestTask.java:141)
	at app//org.junit.platform.engine.support.hierarchical.Node.around(Node.java:137)
	at app//org.junit.platform.engine.support.hierarchical.NodeTestTask.lambda$executeRecursively$9(NodeTestTask.java:139)
	at app//org.junit.platform.engine.support.hierarchical.ThrowableCollector.execute(ThrowableCollector.java:73)
	at app//org.junit.platform.engine.support.hierarchical.NodeTestTask.executeRecursively(NodeTestTask.java:138)
	at app//org.junit.platform.engine.support.hierarchical.NodeTestTask.execute(NodeTestTask.java:95)
	at java.base@11.0.18/java.util.ArrayList.forEach(ArrayList.java:1541)
	at app//org.junit.platform.engine.support.hierarchical.SameThreadHierarchicalTestExecutorService.invokeAll(SameThreadHierarchicalTestExecutorService.java:41)
	at app//org.junit.platform.engine.support.hierarchical.NodeTestTask.lambda$executeRecursively$6(NodeTestTask.java:155)
	at app//org.junit.platform.engine.support.hierarchical.ThrowableCollector.execute(ThrowableCollector.java:73)
	at app//org.junit.platform.engine.support.hierarchical.NodeTestTask.lambda$executeRecursively$8(NodeTestTask.java:141)
	at app//org.junit.platform.engine.support.hierarchical.Node.around(Node.java:137)
	at app//org.junit.platform.engine.support.hierarchical.NodeTestTask.lambda$executeRecursively$9(NodeTestTask.java:139)
	at app//org.junit.platform.engine.support.hierarchical.ThrowableCollector.execute(ThrowableCollector.java:73)
	at app//org.junit.platform.engine.support.hierarchical.NodeTestTask.executeRecursively(NodeTestTask.java:138)
	at app//org.junit.platform.engine.support.hierarchical.NodeTestTask.execute(NodeTestTask.java:95)
	at java.base@11.0.18/java.util.ArrayList.forEach(ArrayList.java:1541)
	at app//org.junit.platform.engine.support.hierarchical.SameThreadHierarchicalTestExecutorService.invokeAll(SameThreadHierarchicalTestExecutorService.java:41)
	at app//org.junit.platform.engine.support.hierarchical.NodeTestTask.lambda$executeRecursively$6(NodeTestTask.java:155)
	at app//org.junit.platform.engine.support.hierarchical.ThrowableCollector.execute(ThrowableCollector.java:73)
	at app//org.junit.platform.engine.support.hierarchical.NodeTestTask.lambda$executeRecursively$8(NodeTestTask.java:141)
	at app//org.junit.platform.engine.support.hierarchical.Node.around(Node.java:137)
	at app//org.junit.platform.engine.support.hierarchical.NodeTestTask.lambda$executeRecursively$9(NodeTestTask.java:139)
	at app//org.junit.platform.engine.support.hierarchical.ThrowableCollector.execute(ThrowableCollector.java:73)
	at app//org.junit.platform.engine.support.hierarchical.NodeTestTask.executeRecursively(NodeTestTask.java:138)
	at app//org.junit.platform.engine.support.hierarchical.NodeTestTask.execute(NodeTestTask.java:95)
	at app//org.junit.platform.engine.support.hierarchical.SameThreadHierarchicalTestExecutorService.submit(SameThreadHierarchicalTestExecutorService.java:35)
	at app//org.junit.platform.engine.support.hierarchical.HierarchicalTestExecutor.execute(HierarchicalTestExecutor.java:57)
	at app//org.junit.platform.engine.support.hierarchical.HierarchicalTestEngine.execute(HierarchicalTestEngine.java:54)
	at org.junit.platform.launcher.core.EngineExecutionOrchestrator.execute(EngineExecutionOrchestrator.java:107)
	at org.junit.platform.launcher.core.EngineExecutionOrchestrator.execute(EngineExecutionOrchestrator.java:88)
	at org.junit.platform.launcher.core.EngineExecutionOrchestrator.lambda$execute$0(EngineExecutionOrchestrator.java:54)
	at org.junit.platform.launcher.core.EngineExecutionOrchestrator.withInterceptedStreams(EngineExecutionOrchestrator.java:67)
	at org.junit.platform.launcher.core.EngineExecutionOrchestrator.execute(EngineExecutionOrchestrator.java:52)
	at org.junit.platform.launcher.core.DefaultLauncher.execute(DefaultLauncher.java:114)
	at org.junit.platform.launcher.core.DefaultLauncher.execute(DefaultLauncher.java:86)
	at org.junit.platform.launcher.core.DefaultLauncherSession$DelegatingLauncher.execute(DefaultLauncherSession.java:86)
	at org.junit.platform.launcher.core.SessionPerRequestLauncher.execute(SessionPerRequestLauncher.java:53)
	at org.gradle.api.internal.tasks.testing.junitplatform.JUnitPlatformTestClassProcessor$CollectAllTestClassesExecutor.processAllTestClasses(JUnitPlatformTestClassProcessor.java:99)
	at org.gradle.api.internal.tasks.testing.junitplatform.JUnitPlatformTestClassProcessor$CollectAllTestClassesExecutor.access$000(JUnitPlatformTestClassProcessor.java:79)
	at org.gradle.api.internal.tasks.testing.junitplatform.JUnitPlatformTestClassProcessor.stop(JUnitPlatformTestClassProcessor.java:75)
	at org.gradle.api.internal.tasks.testing.SuiteTestClassProcessor.stop(SuiteTestClassProcessor.java:62)
	at java.base@11.0.18/jdk.internal.reflect.NativeMethodAccessorImpl.invoke0(Native Method)
	at java.base@11.0.18/jdk.internal.reflect.NativeMethodAccessorImpl.invoke(NativeMethodAccessorImpl.java:62)
	at java.base@11.0.18/jdk.internal.reflect.DelegatingMethodAccessorImpl.invoke(DelegatingMethodAccessorImpl.java:43)
	at java.base@11.0.18/java.lang.reflect.Method.invoke(Method.java:566)
	at org.gradle.internal.dispatch.ReflectionDispatch.dispatch(ReflectionDispatch.java:36)
	at org.gradle.internal.dispatch.ReflectionDispatch.dispatch(ReflectionDispatch.java:24)
	at org.gradle.internal.dispatch.ContextClassLoaderDispatch.dispatch(ContextClassLoaderDispatch.java:33)
	at org.gradle.internal.dispatch.ProxyDispatchAdapter$DispatchingInvocationHandler.invoke(ProxyDispatchAdapter.java:94)
	at com.sun.proxy.$Proxy2.stop(Unknown Source)
	at org.gradle.api.internal.tasks.testing.worker.TestWorker$3.run(TestWorker.java:193)
	at org.gradle.api.internal.tasks.testing.worker.TestWorker.executeAndMaintainThreadName(TestWorker.java:129)
	at org.gradle.api.internal.tasks.testing.worker.TestWorker.execute(TestWorker.java:100)
	at org.gradle.api.internal.tasks.testing.worker.TestWorker.execute(TestWorker.java:60)
	at org.gradle.process.internal.worker.child.ActionExecutionWorker.execute(ActionExecutionWorker.java:56)
	at org.gradle.process.internal.worker.child.SystemApplicationClassLoaderWorker.call(SystemApplicationClassLoaderWorker.java:113)
	at org.gradle.process.internal.worker.child.SystemApplicationClassLoaderWorker.call(SystemApplicationClassLoaderWorker.java:65)
	at app//worker.org.gradle.process.internal.worker.GradleWorkerMain.run(GradleWorkerMain.java:69)
	at app//worker.org.gradle.process.internal.worker.GradleWorkerMain.main(GradleWorkerMain.java:74)
</failure>
  </testcase>
  <testcase name="testInstantiateLabels_taclet()" classname="de.uka.ilkd.key.logic.TestTermLabelManager" time="0.091">
    <failure message="org.opentest4j.AssertionFailedError" type="org.opentest4j.AssertionFailedError">org.opentest4j.AssertionFailedError
	at app//org.junit.jupiter.api.AssertionUtils.fail(AssertionUtils.java:35)
	at app//org.junit.jupiter.api.Assertions.fail(Assertions.java:115)
	at app//de.uka.ilkd.key.logic.TestTermLabelManager.testInstantiateLabels_taclet(TestTermLabelManager.java:499)
	at java.base@11.0.18/jdk.internal.reflect.NativeMethodAccessorImpl.invoke0(Native Method)
	at java.base@11.0.18/jdk.internal.reflect.NativeMethodAccessorImpl.invoke(NativeMethodAccessorImpl.java:62)
	at java.base@11.0.18/jdk.internal.reflect.DelegatingMethodAccessorImpl.invoke(DelegatingMethodAccessorImpl.java:43)
	at java.base@11.0.18/java.lang.reflect.Method.invoke(Method.java:566)
	at app//org.junit.platform.commons.util.ReflectionUtils.invokeMethod(ReflectionUtils.java:725)
	at app//org.junit.jupiter.engine.execution.MethodInvocation.proceed(MethodInvocation.java:60)
	at app//org.junit.jupiter.engine.execution.InvocationInterceptorChain$ValidatingInvocation.proceed(InvocationInterceptorChain.java:131)
	at app//org.junit.jupiter.engine.extension.TimeoutExtension.intercept(TimeoutExtension.java:149)
	at app//org.junit.jupiter.engine.extension.TimeoutExtension.interceptTestableMethod(TimeoutExtension.java:140)
	at app//org.junit.jupiter.engine.extension.TimeoutExtension.interceptTestMethod(TimeoutExtension.java:84)
	at app//org.junit.jupiter.engine.execution.ExecutableInvoker$ReflectiveInterceptorCall.lambda$ofVoidMethod$0(ExecutableInvoker.java:115)
	at app//org.junit.jupiter.engine.execution.ExecutableInvoker.lambda$invoke$0(ExecutableInvoker.java:105)
	at app//org.junit.jupiter.engine.execution.InvocationInterceptorChain$InterceptedInvocation.proceed(InvocationInterceptorChain.java:106)
	at app//org.junit.jupiter.engine.execution.InvocationInterceptorChain.proceed(InvocationInterceptorChain.java:64)
	at app//org.junit.jupiter.engine.execution.InvocationInterceptorChain.chainAndInvoke(InvocationInterceptorChain.java:45)
	at app//org.junit.jupiter.engine.execution.InvocationInterceptorChain.invoke(InvocationInterceptorChain.java:37)
	at app//org.junit.jupiter.engine.execution.ExecutableInvoker.invoke(ExecutableInvoker.java:104)
	at app//org.junit.jupiter.engine.execution.ExecutableInvoker.invoke(ExecutableInvoker.java:98)
	at app//org.junit.jupiter.engine.descriptor.TestMethodTestDescriptor.lambda$invokeTestMethod$7(TestMethodTestDescriptor.java:214)
	at app//org.junit.platform.engine.support.hierarchical.ThrowableCollector.execute(ThrowableCollector.java:73)
	at app//org.junit.jupiter.engine.descriptor.TestMethodTestDescriptor.invokeTestMethod(TestMethodTestDescriptor.java:210)
	at app//org.junit.jupiter.engine.descriptor.TestMethodTestDescriptor.execute(TestMethodTestDescriptor.java:135)
	at app//org.junit.jupiter.engine.descriptor.TestMethodTestDescriptor.execute(TestMethodTestDescriptor.java:66)
	at app//org.junit.platform.engine.support.hierarchical.NodeTestTask.lambda$executeRecursively$6(NodeTestTask.java:151)
	at app//org.junit.platform.engine.support.hierarchical.ThrowableCollector.execute(ThrowableCollector.java:73)
	at app//org.junit.platform.engine.support.hierarchical.NodeTestTask.lambda$executeRecursively$8(NodeTestTask.java:141)
	at app//org.junit.platform.engine.support.hierarchical.Node.around(Node.java:137)
	at app//org.junit.platform.engine.support.hierarchical.NodeTestTask.lambda$executeRecursively$9(NodeTestTask.java:139)
	at app//org.junit.platform.engine.support.hierarchical.ThrowableCollector.execute(ThrowableCollector.java:73)
	at app//org.junit.platform.engine.support.hierarchical.NodeTestTask.executeRecursively(NodeTestTask.java:138)
	at app//org.junit.platform.engine.support.hierarchical.NodeTestTask.execute(NodeTestTask.java:95)
	at java.base@11.0.18/java.util.ArrayList.forEach(ArrayList.java:1541)
	at app//org.junit.platform.engine.support.hierarchical.SameThreadHierarchicalTestExecutorService.invokeAll(SameThreadHierarchicalTestExecutorService.java:41)
	at app//org.junit.platform.engine.support.hierarchical.NodeTestTask.lambda$executeRecursively$6(NodeTestTask.java:155)
	at app//org.junit.platform.engine.support.hierarchical.ThrowableCollector.execute(ThrowableCollector.java:73)
	at app//org.junit.platform.engine.support.hierarchical.NodeTestTask.lambda$executeRecursively$8(NodeTestTask.java:141)
	at app//org.junit.platform.engine.support.hierarchical.Node.around(Node.java:137)
	at app//org.junit.platform.engine.support.hierarchical.NodeTestTask.lambda$executeRecursively$9(NodeTestTask.java:139)
	at app//org.junit.platform.engine.support.hierarchical.ThrowableCollector.execute(ThrowableCollector.java:73)
	at app//org.junit.platform.engine.support.hierarchical.NodeTestTask.executeRecursively(NodeTestTask.java:138)
	at app//org.junit.platform.engine.support.hierarchical.NodeTestTask.execute(NodeTestTask.java:95)
	at java.base@11.0.18/java.util.ArrayList.forEach(ArrayList.java:1541)
	at app//org.junit.platform.engine.support.hierarchical.SameThreadHierarchicalTestExecutorService.invokeAll(SameThreadHierarchicalTestExecutorService.java:41)
	at app//org.junit.platform.engine.support.hierarchical.NodeTestTask.lambda$executeRecursively$6(NodeTestTask.java:155)
	at app//org.junit.platform.engine.support.hierarchical.ThrowableCollector.execute(ThrowableCollector.java:73)
	at app//org.junit.platform.engine.support.hierarchical.NodeTestTask.lambda$executeRecursively$8(NodeTestTask.java:141)
	at app//org.junit.platform.engine.support.hierarchical.Node.around(Node.java:137)
	at app//org.junit.platform.engine.support.hierarchical.NodeTestTask.lambda$executeRecursively$9(NodeTestTask.java:139)
	at app//org.junit.platform.engine.support.hierarchical.ThrowableCollector.execute(ThrowableCollector.java:73)
	at app//org.junit.platform.engine.support.hierarchical.NodeTestTask.executeRecursively(NodeTestTask.java:138)
	at app//org.junit.platform.engine.support.hierarchical.NodeTestTask.execute(NodeTestTask.java:95)
	at app//org.junit.platform.engine.support.hierarchical.SameThreadHierarchicalTestExecutorService.submit(SameThreadHierarchicalTestExecutorService.java:35)
	at app//org.junit.platform.engine.support.hierarchical.HierarchicalTestExecutor.execute(HierarchicalTestExecutor.java:57)
	at app//org.junit.platform.engine.support.hierarchical.HierarchicalTestEngine.execute(HierarchicalTestEngine.java:54)
	at org.junit.platform.launcher.core.EngineExecutionOrchestrator.execute(EngineExecutionOrchestrator.java:107)
	at org.junit.platform.launcher.core.EngineExecutionOrchestrator.execute(EngineExecutionOrchestrator.java:88)
	at org.junit.platform.launcher.core.EngineExecutionOrchestrator.lambda$execute$0(EngineExecutionOrchestrator.java:54)
	at org.junit.platform.launcher.core.EngineExecutionOrchestrator.withInterceptedStreams(EngineExecutionOrchestrator.java:67)
	at org.junit.platform.launcher.core.EngineExecutionOrchestrator.execute(EngineExecutionOrchestrator.java:52)
	at org.junit.platform.launcher.core.DefaultLauncher.execute(DefaultLauncher.java:114)
	at org.junit.platform.launcher.core.DefaultLauncher.execute(DefaultLauncher.java:86)
	at org.junit.platform.launcher.core.DefaultLauncherSession$DelegatingLauncher.execute(DefaultLauncherSession.java:86)
	at org.junit.platform.launcher.core.SessionPerRequestLauncher.execute(SessionPerRequestLauncher.java:53)
	at org.gradle.api.internal.tasks.testing.junitplatform.JUnitPlatformTestClassProcessor$CollectAllTestClassesExecutor.processAllTestClasses(JUnitPlatformTestClassProcessor.java:99)
	at org.gradle.api.internal.tasks.testing.junitplatform.JUnitPlatformTestClassProcessor$CollectAllTestClassesExecutor.access$000(JUnitPlatformTestClassProcessor.java:79)
	at org.gradle.api.internal.tasks.testing.junitplatform.JUnitPlatformTestClassProcessor.stop(JUnitPlatformTestClassProcessor.java:75)
	at org.gradle.api.internal.tasks.testing.SuiteTestClassProcessor.stop(SuiteTestClassProcessor.java:62)
	at java.base@11.0.18/jdk.internal.reflect.NativeMethodAccessorImpl.invoke0(Native Method)
	at java.base@11.0.18/jdk.internal.reflect.NativeMethodAccessorImpl.invoke(NativeMethodAccessorImpl.java:62)
	at java.base@11.0.18/jdk.internal.reflect.DelegatingMethodAccessorImpl.invoke(DelegatingMethodAccessorImpl.java:43)
	at java.base@11.0.18/java.lang.reflect.Method.invoke(Method.java:566)
	at org.gradle.internal.dispatch.ReflectionDispatch.dispatch(ReflectionDispatch.java:36)
	at org.gradle.internal.dispatch.ReflectionDispatch.dispatch(ReflectionDispatch.java:24)
	at org.gradle.internal.dispatch.ContextClassLoaderDispatch.dispatch(ContextClassLoaderDispatch.java:33)
	at org.gradle.internal.dispatch.ProxyDispatchAdapter$DispatchingInvocationHandler.invoke(ProxyDispatchAdapter.java:94)
	at com.sun.proxy.$Proxy2.stop(Unknown Source)
	at org.gradle.api.internal.tasks.testing.worker.TestWorker$3.run(TestWorker.java:193)
	at org.gradle.api.internal.tasks.testing.worker.TestWorker.executeAndMaintainThreadName(TestWorker.java:129)
	at org.gradle.api.internal.tasks.testing.worker.TestWorker.execute(TestWorker.java:100)
	at org.gradle.api.internal.tasks.testing.worker.TestWorker.execute(TestWorker.java:60)
	at org.gradle.process.internal.worker.child.ActionExecutionWorker.execute(ActionExecutionWorker.java:56)
	at org.gradle.process.internal.worker.child.SystemApplicationClassLoaderWorker.call(SystemApplicationClassLoaderWorker.java:113)
	at org.gradle.process.internal.worker.child.SystemApplicationClassLoaderWorker.call(SystemApplicationClassLoaderWorker.java:65)
	at app//worker.org.gradle.process.internal.worker.GradleWorkerMain.run(GradleWorkerMain.java:69)
	at app//worker.org.gradle.process.internal.worker.GradleWorkerMain.main(GradleWorkerMain.java:74)
</failure>
  </testcase>
  <testcase name="testrefactorGoal_none_ruleSpecific()" classname="de.uka.ilkd.key.logic.TestTermLabelManager" time="0.115">
    <failure message="line 135:14 mismatched input '\ifExintVar' expecting {MODALITY, FORALL, EXISTS, '\if', '\ifEx', 'true', 'false', '(', '{', '@', NOT, SEQARROW, '-', STRING_LITERAL, CHAR_LITERAL, BIN_LITERAL, HEX_LITERAL, IDENT, INT_LITERAL, FLOAT_LITERAL, DOUBLE_LITERAL, REAL_LITERAL}&#10;line 135:27 extraneous input '(' expecting {'\lemma', '}', IDENT, '/*!'}&#10;line 135:44 mismatched input ')' expecting {'(', '{'}&#10;line 141:14 mismatched input '\ifExintVar' expecting {MODALITY, FORALL, EXISTS, '\if', '\ifEx', 'true', 'false', '(', '{', '@', NOT, SEQARROW, '-', STRING_LITERAL, CHAR_LITERAL, BIN_LITERAL, HEX_LITERAL, IDENT, INT_LITERAL, FLOAT_LITERAL, DOUBLE_LITERAL, REAL_LITERAL}&#10;line 141:27 extraneous input '(' expecting {'\lemma', '}', IDENT, '/*!'}&#10;line 141:41 mismatched input ')' expecting {'(', '{'}&#10;line 148:14 mismatched input '\ifExintVar' expecting {MODALITY, FORALL, EXISTS, '\if', '\ifEx', 'true', 'false', '(', '{', '@', NOT, SEQARROW, '-', STRING_LITERAL, CHAR_LITERAL, BIN_LITERAL, HEX_LITERAL, IDENT, INT_LITERAL, FLOAT_LITERAL, DOUBLE_LITERAL, REAL_LITERAL}&#10;line 148:27 extraneous input '(' expecting {'\lemma', '}', IDENT, '/*!'}&#10;line 148:35 mismatched input '=' expecting {'(', '{'}&#10;line 150:38 mismatched input '}' expecting {'(', '{'}&#10;line 155:14 mismatched input '\ifExintVar' expecting {MODALITY, FORALL, EXISTS, '\if', '\ifEx', 'true', 'false', '(', '{', '@', NOT, SEQARROW, '-', STRING_LITERAL, CHAR_LITERAL, BIN_LITERAL, HEX_LITERAL, IDENT, INT_LITERAL, FLOAT_LITERAL, DOUBLE_LITERAL, REAL_LITERAL}&#10;line 155:27 extraneous input '(' expecting {'\lemma', '}', IDENT, '/*!'}&#10;line 155:35 mismatched input '=' expecting {'(', '{'}&#10;line 157:38 mismatched input '}' expecting {'(', '{'}&#10;line 163:14 mismatched input '\ifExintVar' expecting {MODALITY, FORALL, EXISTS, '\if', '\ifEx', 'true', 'false', '(', '{', '@', NOT, SEQARROW, '-', STRING_LITERAL, CHAR_LITERAL, BIN_LITERAL, HEX_LITERAL, IDENT, INT_LITERAL, FLOAT_LITERAL, DOUBLE_LITERAL, REAL_LITERAL}&#10;line 163:27 extraneous input '(' expecting {'\lemma', '}', IDENT, '/*!'}&#10;line 163:30 mismatched input '=' expecting {'(', '{'}&#10;line 165:38 mismatched input '}' expecting {'(', '{'}&#10;line 171:14 mismatched input '\ifExintVar' expecting {MODALITY, FORALL, EXISTS, '\if', '\ifEx', 'true', 'false', '(', '{', '@', NOT, SEQARROW, '-', STRING_LITERAL, CHAR_LITERAL, BIN_LITERAL, HEX_LITERAL, IDENT, INT_LITERAL, FLOAT_LITERAL, DOUBLE_LITERAL, REAL_LITERAL}&#10;line 171:27 extraneous input '(' expecting {'\lemma', '}', IDENT, '/*!'}&#10;line 171:30 mismatched input '=' expecting {'(', '{'}&#10;line 173:38 mismatched input '}' expecting {'(', '{'}&#10;line 179:14 mismatched input '\ifExintVar' expecting {MODALITY, FORALL, EXISTS, '\if', '\ifEx', 'true', 'false', '(', '{', '@', NOT, SEQARROW, '-', STRING_LITERAL, CHAR_LITERAL, BIN_LITERAL, HEX_LITERAL, IDENT, INT_LITERAL, FLOAT_LITERAL, DOUBLE_LITERAL, REAL_LITERAL}&#10;line 179:27 extraneous input '(' expecting {'\lemma', '}', IDENT, '/*!'}&#10;line 179:32 mismatched input '&amp;' expecting {'(', '{'}&#10;line 181:42 mismatched input '}' expecting {'(', '{'}&#10;line 182:39 mismatched input '}' expecting {'(', '{'}&#10;line 188:14 mismatched input '\ifExintVar' expecting {MODALITY, FORALL, EXISTS, '\if', '\ifEx', 'true', 'false', '(', '{', '@', NOT, SEQARROW, '-', STRING_LITERAL, CHAR_LITERAL, BIN_LITERAL, HEX_LITERAL, IDENT, INT_LITERAL, FLOAT_LITERAL, DOUBLE_LITERAL, REAL_LITERAL}&#10;line 188:27 extraneous input '(' expecting {'\lemma', '}', IDENT, '/*!'}&#10;line 188:32 mismatched input '&amp;' expecting {'(', '{'}&#10;line 190:42 mismatched input '}' expecting {'(', '{'}&#10;line 191:39 mismatched input '}' expecting {'(', '{'}&#10;line 198:14 mismatched input '\ifExintVar' expecting {MODALITY, FORALL, EXISTS, '\if', '\ifEx', 'true', 'false', '(', '{', '@', NOT, SEQARROW, '-', STRING_LITERAL, CHAR_LITERAL, BIN_LITERAL, HEX_LITERAL, IDENT, INT_LITERAL, FLOAT_LITERAL, DOUBLE_LITERAL, REAL_LITERAL}&#10;line 198:27 extraneous input '(' expecting {'\lemma', '}', IDENT, '/*!'}&#10;line 198:32 mismatched input '&amp;' expecting {'(', '{'}&#10;line 200:42 mismatched input '}' expecting {'(', '{'}&#10;line 201:39 mismatched input '}' expecting {'(', '{'}&#10;line 208:14 mismatched input '\ifExintVar' expecting {MODALITY, FORALL, EXISTS, '\if', '\ifEx', 'true', 'false', '(', '{', '@', NOT, SEQARROW, '-', STRING_LITERAL, CHAR_LITERAL, BIN_LITERAL, HEX_LITERAL, IDENT, INT_LITERAL, FLOAT_LITERAL, DOUBLE_LITERAL, REAL_LITERAL}&#10;line 208:27 extraneous input '(' expecting {'\lemma', '}', IDENT, '/*!'}&#10;line 208:32 mismatched input '&amp;' expecting {'(', '{'}&#10;line 210:42 mismatched input '}' expecting {'(', '{'}&#10;line 211:39 mismatched input '}' expecting {'(', '{'}&#10;line 218:14 mismatched input '\ifExintVar' expecting {MODALITY, FORALL, EXISTS, '\if', '\ifEx', 'true', 'false', '(', '{', '@', NOT, SEQARROW, '-', STRING_LITERAL, CHAR_LITERAL, BIN_LITERAL, HEX_LITERAL, IDENT, INT_LITERAL, FLOAT_LITERAL, DOUBLE_LITERAL, REAL_LITERAL}&#10;line 218:27 extraneous input '(' expecting {'\lemma', '}', IDENT, '/*!'}&#10;line 218:31 mismatched input ')' expecting {'(', '{'}&#10;line 220:44 mismatched input ')' expecting {'(', '{'}&#10;line 225:14 mismatched input '\ifExintVar' expecting {MODALITY, FORALL, EXISTS, '\if', '\ifEx', 'true', 'false', '(', '{', '@', NOT, SEQARROW, '-', STRING_LITERAL, CHAR_LITERAL, BIN_LITERAL, HEX_LITERAL, IDENT, INT_LITERAL, FLOAT_LITERAL, DOUBLE_LITERAL, REAL_LITERAL}&#10;line 225:27 extraneous input '(' expecting {'\lemma', '}', IDENT, '/*!'}&#10;line 225:31 mismatched input ')' expecting {'(', '{'}&#10;line 227:44 mismatched input ')' expecting {'(', '{'}&#10;line 233:14 mismatched input '\ifExintVar' expecting {MODALITY, FORALL, EXISTS, '\if', '\ifEx', 'true', 'false', '(', '{', '@', NOT, SEQARROW, '-', STRING_LITERAL, CHAR_LITERAL, BIN_LITERAL, HEX_LITERAL, IDENT, INT_LITERAL, FLOAT_LITERAL, DOUBLE_LITERAL, REAL_LITERAL}&#10;line 233:27 extraneous input '(' expecting {'\lemma', '}', IDENT, '/*!'}&#10;line 233:31 mismatched input ')' expecting {'(', '{'}&#10;line 237:42 mismatched input '}' expecting {'(', '{'}&#10;line 238:34 mismatched input '}' expecting {'(', '{'}&#10;line 239:28 extraneous input '(' expecting {'\lemma', '}', IDENT, '/*!'}&#10;line 239:33 mismatched input '-&gt;' expecting {'(', '{'}&#10;line 240:8 extraneous input '\replacewith' expecting {'\lemma', '}', IDENT, '/*!'}&#10;line 240:25 mismatched input ')' expecting {'(', '{'}&#10;line 240:56 mismatched input ')' expecting {'(', '{'}&#10;line 245:14 mismatched input '\ifExintVar' expecting {MODALITY, FORALL, EXISTS, '\if', '\ifEx', 'true', 'false', '(', '{', '@', NOT, SEQARROW, '-', STRING_LITERAL, CHAR_LITERAL, BIN_LITERAL, HEX_LITERAL, IDENT, INT_LITERAL, FLOAT_LITERAL, DOUBLE_LITERAL, REAL_LITERAL}&#10;line 245:27 extraneous input '(' expecting {'\lemma', '}', IDENT, '/*!'}&#10;line 245:31 mismatched input ')' expecting {'(', '{'}&#10;line 248:45 mismatched input '}' expecting {'(', '{'}&#10;line 249:8 extraneous input '\replacewith' expecting {'\lemma', '}', IDENT, '/*!'}&#10;line 249:38 mismatched input ')' expecting {'(', '{'}&#10;line 250:42 mismatched input '}' expecting {'(', '{'}&#10;line 251:28 extraneous input '(' expecting {'\lemma', '}', IDENT, '/*!'}&#10;line 251:33 mismatched input '-&gt;' expecting {'(', '{'}&#10;line 255:14 mismatched input '\ifExintVar' expecting {MODALITY, FORALL, EXISTS, '\if', '\ifEx', 'true', 'false', '(', '{', '@', NOT, SEQARROW, '-', STRING_LITERAL, CHAR_LITERAL, BIN_LITERAL, HEX_LITERAL, IDENT, INT_LITERAL, FLOAT_LITERAL, DOUBLE_LITERAL, REAL_LITERAL}&#10;line 255:27 extraneous input '(' expecting {'\lemma', '}', IDENT, '/*!'}&#10;line 255:31 mismatched input ')' expecting {'(', '{'}&#10;line 258:52 extraneous input '0' expecting {'\lemma', '}', IDENT, '/*!'}&#10;line 258:54 mismatched input 'then' expecting {&lt;EOF&gt;, '\problem', '\chooseContract', '\proofObligation', '\proof'}&#10; (file: src/test/resources/testcase/termLabels/flatSteps/FlatSteps.java; caused by: de.uka.ilkd.key.proof.init.ProofInputException: line 135:14 mismatched input '\ifExintVar' expecting {MODALITY, FORALL, EXISTS, '\if', '\ifEx', 'true', 'false', '(', '{', '@', NOT, SEQARROW, '-', STRING_LITERAL, CHAR_LITERAL, BIN_LITERAL, HEX_LITERAL, IDENT, INT_LITERAL, FLOAT_LITERAL, DOUBLE_LITERAL, REAL_LITERAL}&#10;line 135:27 extraneous input '(' expecting {'\lemma', '}', IDENT, '/*!'}&#10;line 135:44 mismatched input ')' expecting {'(', '{'}&#10;line 141:14 mismatched input '\ifExintVar' expecting {MODALITY, FORALL, EXISTS, '\if', '\ifEx', 'true', 'false', '(', '{', '@', NOT, SEQARROW, '-', STRING_LITERAL, CHAR_LITERAL, BIN_LITERAL, HEX_LITERAL, IDENT, INT_LITERAL, FLOAT_LITERAL, DOUBLE_LITERAL, REAL_LITERAL}&#10;line 141:27 extraneous input '(' expecting {'\lemma', '}', IDENT, '/*!'}&#10;line 141:41 mismatched input ')' expecting {'(', '{'}&#10;line 148:14 mismatched input '\ifExintVar' expecting {MODALITY, FORALL, EXISTS, '\if', '\ifEx', 'true', 'false', '(', '{', '@', NOT, SEQARROW, '-', STRING_LITERAL, CHAR_LITERAL, BIN_LITERAL, HEX_LITERAL, IDENT, INT_LITERAL, FLOAT_LITERAL, DOUBLE_LITERAL, REAL_LITERAL}&#10;line 148:27 extraneous input '(' expecting {'\lemma', '}', IDENT, '/*!'}&#10;line 148:35 mismatched input '=' expecting {'(', '{'}&#10;line 150:38 mismatched input '}' expecting {'(', '{'}&#10;line 155:14 mismatched input '\ifExintVar' expecting {MODALITY, FORALL, EXISTS, '\if', '\ifEx', 'true', 'false', '(', '{', '@', NOT, SEQARROW, '-', STRING_LITERAL, CHAR_LITERAL, BIN_LITERAL, HEX_LITERAL, IDENT, INT_LITERAL, FLOAT_LITERAL, DOUBLE_LITERAL, REAL_LITERAL}&#10;line 155:27 extraneous input '(' expecting {'\lemma', '}', IDENT, '/*!'}&#10;line 155:35 mismatched input '=' expecting {'(', '{'}&#10;line 157:38 mismatched input '}' expecting {'(', '{'}&#10;line 163:14 mismatched input '\ifExintVar' expecting {MODALITY, FORALL, EXISTS, '\if', '\ifEx', 'true', 'false', '(', '{', '@', NOT, SEQARROW, '-', STRING_LITERAL, CHAR_LITERAL, BIN_LITERAL, HEX_LITERAL, IDENT, INT_LITERAL, FLOAT_LITERAL, DOUBLE_LITERAL, REAL_LITERAL}&#10;line 163:27 extraneous input '(' expecting {'\lemma', '}', IDENT, '/*!'}&#10;line 163:30 mismatched input '=' expecting {'(', '{'}&#10;line 165:38 mismatched input '}' expecting {'(', '{'}&#10;line 171:14 mismatched input '\ifExintVar' expecting {MODALITY, FORALL, EXISTS, '\if', '\ifEx', 'true', 'false', '(', '{', '@', NOT, SEQARROW, '-', STRING_LITERAL, CHAR_LITERAL, BIN_LITERAL, HEX_LITERAL, IDENT, INT_LITERAL, FLOAT_LITERAL, DOUBLE_LITERAL, REAL_LITERAL}&#10;line 171:27 extraneous input '(' expecting {'\lemma', '}', IDENT, '/*!'}&#10;line 171:30 mismatched input '=' expecting {'(', '{'}&#10;line 173:38 mismatched input '}' expecting {'(', '{'}&#10;line 179:14 mismatched input '\ifExintVar' expecting {MODALITY, FORALL, EXISTS, '\if', '\ifEx', 'true', 'false', '(', '{', '@', NOT, SEQARROW, '-', STRING_LITERAL, CHAR_LITERAL, BIN_LITERAL, HEX_LITERAL, IDENT, INT_LITERAL, FLOAT_LITERAL, DOUBLE_LITERAL, REAL_LITERAL}&#10;line 179:27 extraneous input '(' expecting {'\lemma', '}', IDENT, '/*!'}&#10;line 179:32 mismatched input '&amp;' expecting {'(', '{'}&#10;line 181:42 mismatched input '}' expecting {'(', '{'}&#10;line 182:39 mismatched input '}' expecting {'(', '{'}&#10;line 188:14 mismatched input '\ifExintVar' expecting {MODALITY, FORALL, EXISTS, '\if', '\ifEx', 'true', 'false', '(', '{', '@', NOT, SEQARROW, '-', STRING_LITERAL, CHAR_LITERAL, BIN_LITERAL, HEX_LITERAL, IDENT, INT_LITERAL, FLOAT_LITERAL, DOUBLE_LITERAL, REAL_LITERAL}&#10;line 188:27 extraneous input '(' expecting {'\lemma', '}', IDENT, '/*!'}&#10;line 188:32 mismatched input '&amp;' expecting {'(', '{'}&#10;line 190:42 mismatched input '}' expecting {'(', '{'}&#10;line 191:39 mismatched input '}' expecting {'(', '{'}&#10;line 198:14 mismatched input '\ifExintVar' expecting {MODALITY, FORALL, EXISTS, '\if', '\ifEx', 'true', 'false', '(', '{', '@', NOT, SEQARROW, '-', STRING_LITERAL, CHAR_LITERAL, BIN_LITERAL, HEX_LITERAL, IDENT, INT_LITERAL, FLOAT_LITERAL, DOUBLE_LITERAL, REAL_LITERAL}&#10;line 198:27 extraneous input '(' expecting {'\lemma', '}', IDENT, '/*!'}&#10;line 198:32 mismatched input '&amp;' expecting {'(', '{'}&#10;line 200:42 mismatched input '}' expecting {'(', '{'}&#10;line 201:39 mismatched input '}' expecting {'(', '{'}&#10;line 208:14 mismatched input '\ifExintVar' expecting {MODALITY, FORALL, EXISTS, '\if', '\ifEx', 'true', 'false', '(', '{', '@', NOT, SEQARROW, '-', STRING_LITERAL, CHAR_LITERAL, BIN_LITERAL, HEX_LITERAL, IDENT, INT_LITERAL, FLOAT_LITERAL, DOUBLE_LITERAL, REAL_LITERAL}&#10;line 208:27 extraneous input '(' expecting {'\lemma', '}', IDENT, '/*!'}&#10;line 208:32 mismatched input '&amp;' expecting {'(', '{'}&#10;line 210:42 mismatched input '}' expecting {'(', '{'}&#10;line 211:39 mismatched input '}' expecting {'(', '{'}&#10;line 218:14 mismatched input '\ifExintVar' expecting {MODALITY, FORALL, EXISTS, '\if', '\ifEx', 'true', 'false', '(', '{', '@', NOT, SEQARROW, '-', STRING_LITERAL, CHAR_LITERAL, BIN_LITERAL, HEX_LITERAL, IDENT, INT_LITERAL, FLOAT_LITERAL, DOUBLE_LITERAL, REAL_LITERAL}&#10;line 218:27 extraneous input '(' expecting {'\lemma', '}', IDENT, '/*!'}&#10;line 218:31 mismatched input ')' expecting {'(', '{'}&#10;line 220:44 mismatched input ')' expecting {'(', '{'}&#10;line 225:14 mismatched input '\ifExintVar' expecting {MODALITY, FORALL, EXISTS, '\if', '\ifEx', 'true', 'false', '(', '{', '@', NOT, SEQARROW, '-', STRING_LITERAL, CHAR_LITERAL, BIN_LITERAL, HEX_LITERAL, IDENT, INT_LITERAL, FLOAT_LITERAL, DOUBLE_LITERAL, REAL_LITERAL}&#10;line 225:27 extraneous input '(' expecting {'\lemma', '}', IDENT, '/*!'}&#10;line 225:31 mismatched input ')' expecting {'(', '{'}&#10;line 227:44 mismatched input ')' expecting {'(', '{'}&#10;line 233:14 mismatched input '\ifExintVar' expecting {MODALITY, FORALL, EXISTS, '\if', '\ifEx', 'true', 'false', '(', '{', '@', NOT, SEQARROW, '-', STRING_LITERAL, CHAR_LITERAL, BIN_LITERAL, HEX_LITERAL, IDENT, INT_LITERAL, FLOAT_LITERAL, DOUBLE_LITERAL, REAL_LITERAL}&#10;line 233:27 extraneous input '(' expecting {'\lemma', '}', IDENT, '/*!'}&#10;line 233:31 mismatched input ')' expecting {'(', '{'}&#10;line 237:42 mismatched input '}' expecting {'(', '{'}&#10;line 238:34 mismatched input '}' expecting {'(', '{'}&#10;line 239:28 extraneous input '(' expecting {'\lemma', '}', IDENT, '/*!'}&#10;line 239:33 mismatched input '-&gt;' expecting {'(', '{'}&#10;line 240:8 extraneous input '\replacewith' expecting {'\lemma', '}', IDENT, '/*!'}&#10;line 240:25 mismatched input ')' expecting {'(', '{'}&#10;line 240:56 mismatched input ')' expecting {'(', '{'}&#10;line 245:14 mismatched input '\ifExintVar' expecting {MODALITY, FORALL, EXISTS, '\if', '\ifEx', 'true', 'false', '(', '{', '@', NOT, SEQARROW, '-', STRING_LITERAL, CHAR_LITERAL, BIN_LITERAL, HEX_LITERAL, IDENT, INT_LITERAL, FLOAT_LITERAL, DOUBLE_LITERAL, REAL_LITERAL}&#10;line 245:27 extraneous input '(' expecting {'\lemma', '}', IDENT, '/*!'}&#10;line 245:31 mismatched input ')' expecting {'(', '{'}&#10;line 248:45 mismatched input '}' expecting {'(', '{'}&#10;line 249:8 extraneous input '\replacewith' expecting {'\lemma', '}', IDENT, '/*!'}&#10;line 249:38 mismatched input ')' expecting {'(', '{'}&#10;line 250:42 mismatched input '}' expecting {'(', '{'}&#10;line 251:28 extraneous input '(' expecting {'\lemma', '}', IDENT, '/*!'}&#10;line 251:33 mismatched input '-&gt;' expecting {'(', '{'}&#10;line 255:14 mismatched input '\ifExintVar' expecting {MODALITY, FORALL, EXISTS, '\if', '\ifEx', 'true', 'false', '(', '{', '@', NOT, SEQARROW, '-', STRING_LITERAL, CHAR_LITERAL, BIN_LITERAL, HEX_LITERAL, IDENT, INT_LITERAL, FLOAT_LITERAL, DOUBLE_LITERAL, REAL_LITERAL}&#10;line 255:27 extraneous input '(' expecting {'\lemma', '}', IDENT, '/*!'}&#10;line 255:31 mismatched input ')' expecting {'(', '{'}&#10;line 258:52 extraneous input '0' expecting {'\lemma', '}', IDENT, '/*!'}&#10;line 258:54 mismatched input 'then' expecting {&lt;EOF&gt;, '\problem', '\chooseContract', '\proofObligation', '\proof'}&#10;)" type="de.uka.ilkd.key.proof.io.ProblemLoaderException">line 135:14 mismatched input '\ifExintVar' expecting {MODALITY, FORALL, EXISTS, '\if', '\ifEx', 'true', 'false', '(', '{', '@', NOT, SEQARROW, '-', STRING_LITERAL, CHAR_LITERAL, BIN_LITERAL, HEX_LITERAL, IDENT, INT_LITERAL, FLOAT_LITERAL, DOUBLE_LITERAL, REAL_LITERAL}
line 135:27 extraneous input '(' expecting {'\lemma', '}', IDENT, '/*!'}
line 135:44 mismatched input ')' expecting {'(', '{'}
line 141:14 mismatched input '\ifExintVar' expecting {MODALITY, FORALL, EXISTS, '\if', '\ifEx', 'true', 'false', '(', '{', '@', NOT, SEQARROW, '-', STRING_LITERAL, CHAR_LITERAL, BIN_LITERAL, HEX_LITERAL, IDENT, INT_LITERAL, FLOAT_LITERAL, DOUBLE_LITERAL, REAL_LITERAL}
line 141:27 extraneous input '(' expecting {'\lemma', '}', IDENT, '/*!'}
line 141:41 mismatched input ')' expecting {'(', '{'}
line 148:14 mismatched input '\ifExintVar' expecting {MODALITY, FORALL, EXISTS, '\if', '\ifEx', 'true', 'false', '(', '{', '@', NOT, SEQARROW, '-', STRING_LITERAL, CHAR_LITERAL, BIN_LITERAL, HEX_LITERAL, IDENT, INT_LITERAL, FLOAT_LITERAL, DOUBLE_LITERAL, REAL_LITERAL}
line 148:27 extraneous input '(' expecting {'\lemma', '}', IDENT, '/*!'}
line 148:35 mismatched input '=' expecting {'(', '{'}
line 150:38 mismatched input '}' expecting {'(', '{'}
line 155:14 mismatched input '\ifExintVar' expecting {MODALITY, FORALL, EXISTS, '\if', '\ifEx', 'true', 'false', '(', '{', '@', NOT, SEQARROW, '-', STRING_LITERAL, CHAR_LITERAL, BIN_LITERAL, HEX_LITERAL, IDENT, INT_LITERAL, FLOAT_LITERAL, DOUBLE_LITERAL, REAL_LITERAL}
line 155:27 extraneous input '(' expecting {'\lemma', '}', IDENT, '/*!'}
line 155:35 mismatched input '=' expecting {'(', '{'}
line 157:38 mismatched input '}' expecting {'(', '{'}
line 163:14 mismatched input '\ifExintVar' expecting {MODALITY, FORALL, EXISTS, '\if', '\ifEx', 'true', 'false', '(', '{', '@', NOT, SEQARROW, '-', STRING_LITERAL, CHAR_LITERAL, BIN_LITERAL, HEX_LITERAL, IDENT, INT_LITERAL, FLOAT_LITERAL, DOUBLE_LITERAL, REAL_LITERAL}
line 163:27 extraneous input '(' expecting {'\lemma', '}', IDENT, '/*!'}
line 163:30 mismatched input '=' expecting {'(', '{'}
line 165:38 mismatched input '}' expecting {'(', '{'}
line 171:14 mismatched input '\ifExintVar' expecting {MODALITY, FORALL, EXISTS, '\if', '\ifEx', 'true', 'false', '(', '{', '@', NOT, SEQARROW, '-', STRING_LITERAL, CHAR_LITERAL, BIN_LITERAL, HEX_LITERAL, IDENT, INT_LITERAL, FLOAT_LITERAL, DOUBLE_LITERAL, REAL_LITERAL}
line 171:27 extraneous input '(' expecting {'\lemma', '}', IDENT, '/*!'}
line 171:30 mismatched input '=' expecting {'(', '{'}
line 173:38 mismatched input '}' expecting {'(', '{'}
line 179:14 mismatched input '\ifExintVar' expecting {MODALITY, FORALL, EXISTS, '\if', '\ifEx', 'true', 'false', '(', '{', '@', NOT, SEQARROW, '-', STRING_LITERAL, CHAR_LITERAL, BIN_LITERAL, HEX_LITERAL, IDENT, INT_LITERAL, FLOAT_LITERAL, DOUBLE_LITERAL, REAL_LITERAL}
line 179:27 extraneous input '(' expecting {'\lemma', '}', IDENT, '/*!'}
line 179:32 mismatched input '&amp;' expecting {'(', '{'}
line 181:42 mismatched input '}' expecting {'(', '{'}
line 182:39 mismatched input '}' expecting {'(', '{'}
line 188:14 mismatched input '\ifExintVar' expecting {MODALITY, FORALL, EXISTS, '\if', '\ifEx', 'true', 'false', '(', '{', '@', NOT, SEQARROW, '-', STRING_LITERAL, CHAR_LITERAL, BIN_LITERAL, HEX_LITERAL, IDENT, INT_LITERAL, FLOAT_LITERAL, DOUBLE_LITERAL, REAL_LITERAL}
line 188:27 extraneous input '(' expecting {'\lemma', '}', IDENT, '/*!'}
line 188:32 mismatched input '&amp;' expecting {'(', '{'}
line 190:42 mismatched input '}' expecting {'(', '{'}
line 191:39 mismatched input '}' expecting {'(', '{'}
line 198:14 mismatched input '\ifExintVar' expecting {MODALITY, FORALL, EXISTS, '\if', '\ifEx', 'true', 'false', '(', '{', '@', NOT, SEQARROW, '-', STRING_LITERAL, CHAR_LITERAL, BIN_LITERAL, HEX_LITERAL, IDENT, INT_LITERAL, FLOAT_LITERAL, DOUBLE_LITERAL, REAL_LITERAL}
line 198:27 extraneous input '(' expecting {'\lemma', '}', IDENT, '/*!'}
line 198:32 mismatched input '&amp;' expecting {'(', '{'}
line 200:42 mismatched input '}' expecting {'(', '{'}
line 201:39 mismatched input '}' expecting {'(', '{'}
line 208:14 mismatched input '\ifExintVar' expecting {MODALITY, FORALL, EXISTS, '\if', '\ifEx', 'true', 'false', '(', '{', '@', NOT, SEQARROW, '-', STRING_LITERAL, CHAR_LITERAL, BIN_LITERAL, HEX_LITERAL, IDENT, INT_LITERAL, FLOAT_LITERAL, DOUBLE_LITERAL, REAL_LITERAL}
line 208:27 extraneous input '(' expecting {'\lemma', '}', IDENT, '/*!'}
line 208:32 mismatched input '&amp;' expecting {'(', '{'}
line 210:42 mismatched input '}' expecting {'(', '{'}
line 211:39 mismatched input '}' expecting {'(', '{'}
line 218:14 mismatched input '\ifExintVar' expecting {MODALITY, FORALL, EXISTS, '\if', '\ifEx', 'true', 'false', '(', '{', '@', NOT, SEQARROW, '-', STRING_LITERAL, CHAR_LITERAL, BIN_LITERAL, HEX_LITERAL, IDENT, INT_LITERAL, FLOAT_LITERAL, DOUBLE_LITERAL, REAL_LITERAL}
line 218:27 extraneous input '(' expecting {'\lemma', '}', IDENT, '/*!'}
line 218:31 mismatched input ')' expecting {'(', '{'}
line 220:44 mismatched input ')' expecting {'(', '{'}
line 225:14 mismatched input '\ifExintVar' expecting {MODALITY, FORALL, EXISTS, '\if', '\ifEx', 'true', 'false', '(', '{', '@', NOT, SEQARROW, '-', STRING_LITERAL, CHAR_LITERAL, BIN_LITERAL, HEX_LITERAL, IDENT, INT_LITERAL, FLOAT_LITERAL, DOUBLE_LITERAL, REAL_LITERAL}
line 225:27 extraneous input '(' expecting {'\lemma', '}', IDENT, '/*!'}
line 225:31 mismatched input ')' expecting {'(', '{'}
line 227:44 mismatched input ')' expecting {'(', '{'}
line 233:14 mismatched input '\ifExintVar' expecting {MODALITY, FORALL, EXISTS, '\if', '\ifEx', 'true', 'false', '(', '{', '@', NOT, SEQARROW, '-', STRING_LITERAL, CHAR_LITERAL, BIN_LITERAL, HEX_LITERAL, IDENT, INT_LITERAL, FLOAT_LITERAL, DOUBLE_LITERAL, REAL_LITERAL}
line 233:27 extraneous input '(' expecting {'\lemma', '}', IDENT, '/*!'}
line 233:31 mismatched input ')' expecting {'(', '{'}
line 237:42 mismatched input '}' expecting {'(', '{'}
line 238:34 mismatched input '}' expecting {'(', '{'}
line 239:28 extraneous input '(' expecting {'\lemma', '}', IDENT, '/*!'}
line 239:33 mismatched input '-&gt;' expecting {'(', '{'}
line 240:8 extraneous input '\replacewith' expecting {'\lemma', '}', IDENT, '/*!'}
line 240:25 mismatched input ')' expecting {'(', '{'}
line 240:56 mismatched input ')' expecting {'(', '{'}
line 245:14 mismatched input '\ifExintVar' expecting {MODALITY, FORALL, EXISTS, '\if', '\ifEx', 'true', 'false', '(', '{', '@', NOT, SEQARROW, '-', STRING_LITERAL, CHAR_LITERAL, BIN_LITERAL, HEX_LITERAL, IDENT, INT_LITERAL, FLOAT_LITERAL, DOUBLE_LITERAL, REAL_LITERAL}
line 245:27 extraneous input '(' expecting {'\lemma', '}', IDENT, '/*!'}
line 245:31 mismatched input ')' expecting {'(', '{'}
line 248:45 mismatched input '}' expecting {'(', '{'}
line 249:8 extraneous input '\replacewith' expecting {'\lemma', '}', IDENT, '/*!'}
line 249:38 mismatched input ')' expecting {'(', '{'}
line 250:42 mismatched input '}' expecting {'(', '{'}
line 251:28 extraneous input '(' expecting {'\lemma', '}', IDENT, '/*!'}
line 251:33 mismatched input '-&gt;' expecting {'(', '{'}
line 255:14 mismatched input '\ifExintVar' expecting {MODALITY, FORALL, EXISTS, '\if', '\ifEx', 'true', 'false', '(', '{', '@', NOT, SEQARROW, '-', STRING_LITERAL, CHAR_LITERAL, BIN_LITERAL, HEX_LITERAL, IDENT, INT_LITERAL, FLOAT_LITERAL, DOUBLE_LITERAL, REAL_LITERAL}
line 255:27 extraneous input '(' expecting {'\lemma', '}', IDENT, '/*!'}
line 255:31 mismatched input ')' expecting {'(', '{'}
line 258:52 extraneous input '0' expecting {'\lemma', '}', IDENT, '/*!'}
line 258:54 mismatched input 'then' expecting {&lt;EOF&gt;, '\problem', '\chooseContract', '\proofObligation', '\proof'}
 (file: src/test/resources/testcase/termLabels/flatSteps/FlatSteps.java; caused by: de.uka.ilkd.key.proof.init.ProofInputException: line 135:14 mismatched input '\ifExintVar' expecting {MODALITY, FORALL, EXISTS, '\if', '\ifEx', 'true', 'false', '(', '{', '@', NOT, SEQARROW, '-', STRING_LITERAL, CHAR_LITERAL, BIN_LITERAL, HEX_LITERAL, IDENT, INT_LITERAL, FLOAT_LITERAL, DOUBLE_LITERAL, REAL_LITERAL}
line 135:27 extraneous input '(' expecting {'\lemma', '}', IDENT, '/*!'}
line 135:44 mismatched input ')' expecting {'(', '{'}
line 141:14 mismatched input '\ifExintVar' expecting {MODALITY, FORALL, EXISTS, '\if', '\ifEx', 'true', 'false', '(', '{', '@', NOT, SEQARROW, '-', STRING_LITERAL, CHAR_LITERAL, BIN_LITERAL, HEX_LITERAL, IDENT, INT_LITERAL, FLOAT_LITERAL, DOUBLE_LITERAL, REAL_LITERAL}
line 141:27 extraneous input '(' expecting {'\lemma', '}', IDENT, '/*!'}
line 141:41 mismatched input ')' expecting {'(', '{'}
line 148:14 mismatched input '\ifExintVar' expecting {MODALITY, FORALL, EXISTS, '\if', '\ifEx', 'true', 'false', '(', '{', '@', NOT, SEQARROW, '-', STRING_LITERAL, CHAR_LITERAL, BIN_LITERAL, HEX_LITERAL, IDENT, INT_LITERAL, FLOAT_LITERAL, DOUBLE_LITERAL, REAL_LITERAL}
line 148:27 extraneous input '(' expecting {'\lemma', '}', IDENT, '/*!'}
line 148:35 mismatched input '=' expecting {'(', '{'}
line 150:38 mismatched input '}' expecting {'(', '{'}
line 155:14 mismatched input '\ifExintVar' expecting {MODALITY, FORALL, EXISTS, '\if', '\ifEx', 'true', 'false', '(', '{', '@', NOT, SEQARROW, '-', STRING_LITERAL, CHAR_LITERAL, BIN_LITERAL, HEX_LITERAL, IDENT, INT_LITERAL, FLOAT_LITERAL, DOUBLE_LITERAL, REAL_LITERAL}
line 155:27 extraneous input '(' expecting {'\lemma', '}', IDENT, '/*!'}
line 155:35 mismatched input '=' expecting {'(', '{'}
line 157:38 mismatched input '}' expecting {'(', '{'}
line 163:14 mismatched input '\ifExintVar' expecting {MODALITY, FORALL, EXISTS, '\if', '\ifEx', 'true', 'false', '(', '{', '@', NOT, SEQARROW, '-', STRING_LITERAL, CHAR_LITERAL, BIN_LITERAL, HEX_LITERAL, IDENT, INT_LITERAL, FLOAT_LITERAL, DOUBLE_LITERAL, REAL_LITERAL}
line 163:27 extraneous input '(' expecting {'\lemma', '}', IDENT, '/*!'}
line 163:30 mismatched input '=' expecting {'(', '{'}
line 165:38 mismatched input '}' expecting {'(', '{'}
line 171:14 mismatched input '\ifExintVar' expecting {MODALITY, FORALL, EXISTS, '\if', '\ifEx', 'true', 'false', '(', '{', '@', NOT, SEQARROW, '-', STRING_LITERAL, CHAR_LITERAL, BIN_LITERAL, HEX_LITERAL, IDENT, INT_LITERAL, FLOAT_LITERAL, DOUBLE_LITERAL, REAL_LITERAL}
line 171:27 extraneous input '(' expecting {'\lemma', '}', IDENT, '/*!'}
line 171:30 mismatched input '=' expecting {'(', '{'}
line 173:38 mismatched input '}' expecting {'(', '{'}
line 179:14 mismatched input '\ifExintVar' expecting {MODALITY, FORALL, EXISTS, '\if', '\ifEx', 'true', 'false', '(', '{', '@', NOT, SEQARROW, '-', STRING_LITERAL, CHAR_LITERAL, BIN_LITERAL, HEX_LITERAL, IDENT, INT_LITERAL, FLOAT_LITERAL, DOUBLE_LITERAL, REAL_LITERAL}
line 179:27 extraneous input '(' expecting {'\lemma', '}', IDENT, '/*!'}
line 179:32 mismatched input '&amp;' expecting {'(', '{'}
line 181:42 mismatched input '}' expecting {'(', '{'}
line 182:39 mismatched input '}' expecting {'(', '{'}
line 188:14 mismatched input '\ifExintVar' expecting {MODALITY, FORALL, EXISTS, '\if', '\ifEx', 'true', 'false', '(', '{', '@', NOT, SEQARROW, '-', STRING_LITERAL, CHAR_LITERAL, BIN_LITERAL, HEX_LITERAL, IDENT, INT_LITERAL, FLOAT_LITERAL, DOUBLE_LITERAL, REAL_LITERAL}
line 188:27 extraneous input '(' expecting {'\lemma', '}', IDENT, '/*!'}
line 188:32 mismatched input '&amp;' expecting {'(', '{'}
line 190:42 mismatched input '}' expecting {'(', '{'}
line 191:39 mismatched input '}' expecting {'(', '{'}
line 198:14 mismatched input '\ifExintVar' expecting {MODALITY, FORALL, EXISTS, '\if', '\ifEx', 'true', 'false', '(', '{', '@', NOT, SEQARROW, '-', STRING_LITERAL, CHAR_LITERAL, BIN_LITERAL, HEX_LITERAL, IDENT, INT_LITERAL, FLOAT_LITERAL, DOUBLE_LITERAL, REAL_LITERAL}
line 198:27 extraneous input '(' expecting {'\lemma', '}', IDENT, '/*!'}
line 198:32 mismatched input '&amp;' expecting {'(', '{'}
line 200:42 mismatched input '}' expecting {'(', '{'}
line 201:39 mismatched input '}' expecting {'(', '{'}
line 208:14 mismatched input '\ifExintVar' expecting {MODALITY, FORALL, EXISTS, '\if', '\ifEx', 'true', 'false', '(', '{', '@', NOT, SEQARROW, '-', STRING_LITERAL, CHAR_LITERAL, BIN_LITERAL, HEX_LITERAL, IDENT, INT_LITERAL, FLOAT_LITERAL, DOUBLE_LITERAL, REAL_LITERAL}
line 208:27 extraneous input '(' expecting {'\lemma', '}', IDENT, '/*!'}
line 208:32 mismatched input '&amp;' expecting {'(', '{'}
line 210:42 mismatched input '}' expecting {'(', '{'}
line 211:39 mismatched input '}' expecting {'(', '{'}
line 218:14 mismatched input '\ifExintVar' expecting {MODALITY, FORALL, EXISTS, '\if', '\ifEx', 'true', 'false', '(', '{', '@', NOT, SEQARROW, '-', STRING_LITERAL, CHAR_LITERAL, BIN_LITERAL, HEX_LITERAL, IDENT, INT_LITERAL, FLOAT_LITERAL, DOUBLE_LITERAL, REAL_LITERAL}
line 218:27 extraneous input '(' expecting {'\lemma', '}', IDENT, '/*!'}
line 218:31 mismatched input ')' expecting {'(', '{'}
line 220:44 mismatched input ')' expecting {'(', '{'}
line 225:14 mismatched input '\ifExintVar' expecting {MODALITY, FORALL, EXISTS, '\if', '\ifEx', 'true', 'false', '(', '{', '@', NOT, SEQARROW, '-', STRING_LITERAL, CHAR_LITERAL, BIN_LITERAL, HEX_LITERAL, IDENT, INT_LITERAL, FLOAT_LITERAL, DOUBLE_LITERAL, REAL_LITERAL}
line 225:27 extraneous input '(' expecting {'\lemma', '}', IDENT, '/*!'}
line 225:31 mismatched input ')' expecting {'(', '{'}
line 227:44 mismatched input ')' expecting {'(', '{'}
line 233:14 mismatched input '\ifExintVar' expecting {MODALITY, FORALL, EXISTS, '\if', '\ifEx', 'true', 'false', '(', '{', '@', NOT, SEQARROW, '-', STRING_LITERAL, CHAR_LITERAL, BIN_LITERAL, HEX_LITERAL, IDENT, INT_LITERAL, FLOAT_LITERAL, DOUBLE_LITERAL, REAL_LITERAL}
line 233:27 extraneous input '(' expecting {'\lemma', '}', IDENT, '/*!'}
line 233:31 mismatched input ')' expecting {'(', '{'}
line 237:42 mismatched input '}' expecting {'(', '{'}
line 238:34 mismatched input '}' expecting {'(', '{'}
line 239:28 extraneous input '(' expecting {'\lemma', '}', IDENT, '/*!'}
line 239:33 mismatched input '-&gt;' expecting {'(', '{'}
line 240:8 extraneous input '\replacewith' expecting {'\lemma', '}', IDENT, '/*!'}
line 240:25 mismatched input ')' expecting {'(', '{'}
line 240:56 mismatched input ')' expecting {'(', '{'}
line 245:14 mismatched input '\ifExintVar' expecting {MODALITY, FORALL, EXISTS, '\if', '\ifEx', 'true', 'false', '(', '{', '@', NOT, SEQARROW, '-', STRING_LITERAL, CHAR_LITERAL, BIN_LITERAL, HEX_LITERAL, IDENT, INT_LITERAL, FLOAT_LITERAL, DOUBLE_LITERAL, REAL_LITERAL}
line 245:27 extraneous input '(' expecting {'\lemma', '}', IDENT, '/*!'}
line 245:31 mismatched input ')' expecting {'(', '{'}
line 248:45 mismatched input '}' expecting {'(', '{'}
line 249:8 extraneous input '\replacewith' expecting {'\lemma', '}', IDENT, '/*!'}
line 249:38 mismatched input ')' expecting {'(', '{'}
line 250:42 mismatched input '}' expecting {'(', '{'}
line 251:28 extraneous input '(' expecting {'\lemma', '}', IDENT, '/*!'}
line 251:33 mismatched input '-&gt;' expecting {'(', '{'}
line 255:14 mismatched input '\ifExintVar' expecting {MODALITY, FORALL, EXISTS, '\if', '\ifEx', 'true', 'false', '(', '{', '@', NOT, SEQARROW, '-', STRING_LITERAL, CHAR_LITERAL, BIN_LITERAL, HEX_LITERAL, IDENT, INT_LITERAL, FLOAT_LITERAL, DOUBLE_LITERAL, REAL_LITERAL}
line 255:27 extraneous input '(' expecting {'\lemma', '}', IDENT, '/*!'}
line 255:31 mismatched input ')' expecting {'(', '{'}
line 258:52 extraneous input '0' expecting {'\lemma', '}', IDENT, '/*!'}
line 258:54 mismatched input 'then' expecting {&lt;EOF&gt;, '\problem', '\chooseContract', '\proofObligation', '\proof'}
)
	at app//de.uka.ilkd.key.control.AbstractUserInterfaceControl.load(AbstractUserInterfaceControl.java:221)
	at app//de.uka.ilkd.key.control.KeYEnvironment.load(KeYEnvironment.java:251)
	at app//de.uka.ilkd.key.control.KeYEnvironment.load(KeYEnvironment.java:224)
	at app//de.uka.ilkd.key.control.KeYEnvironment.load(KeYEnvironment.java:184)
	at app//de.uka.ilkd.key.logic.TestTermLabelManager.createTestServices(TestTermLabelManager.java:624)
	at app//de.uka.ilkd.key.logic.TestTermLabelManager.doRefactoringTestLogging(TestTermLabelManager.java:106)
	at app//de.uka.ilkd.key.logic.TestTermLabelManager.testrefactorGoal_none_ruleSpecific(TestTermLabelManager.java:83)
	at java.base@11.0.18/jdk.internal.reflect.NativeMethodAccessorImpl.invoke0(Native Method)
	at java.base@11.0.18/jdk.internal.reflect.NativeMethodAccessorImpl.invoke(NativeMethodAccessorImpl.java:62)
	at java.base@11.0.18/jdk.internal.reflect.DelegatingMethodAccessorImpl.invoke(DelegatingMethodAccessorImpl.java:43)
	at java.base@11.0.18/java.lang.reflect.Method.invoke(Method.java:566)
	at app//org.junit.platform.commons.util.ReflectionUtils.invokeMethod(ReflectionUtils.java:725)
	at app//org.junit.jupiter.engine.execution.MethodInvocation.proceed(MethodInvocation.java:60)
	at app//org.junit.jupiter.engine.execution.InvocationInterceptorChain$ValidatingInvocation.proceed(InvocationInterceptorChain.java:131)
	at app//org.junit.jupiter.engine.extension.TimeoutExtension.intercept(TimeoutExtension.java:149)
	at app//org.junit.jupiter.engine.extension.TimeoutExtension.interceptTestableMethod(TimeoutExtension.java:140)
	at app//org.junit.jupiter.engine.extension.TimeoutExtension.interceptTestMethod(TimeoutExtension.java:84)
	at app//org.junit.jupiter.engine.execution.ExecutableInvoker$ReflectiveInterceptorCall.lambda$ofVoidMethod$0(ExecutableInvoker.java:115)
	at app//org.junit.jupiter.engine.execution.ExecutableInvoker.lambda$invoke$0(ExecutableInvoker.java:105)
	at app//org.junit.jupiter.engine.execution.InvocationInterceptorChain$InterceptedInvocation.proceed(InvocationInterceptorChain.java:106)
	at app//org.junit.jupiter.engine.execution.InvocationInterceptorChain.proceed(InvocationInterceptorChain.java:64)
	at app//org.junit.jupiter.engine.execution.InvocationInterceptorChain.chainAndInvoke(InvocationInterceptorChain.java:45)
	at app//org.junit.jupiter.engine.execution.InvocationInterceptorChain.invoke(InvocationInterceptorChain.java:37)
	at app//org.junit.jupiter.engine.execution.ExecutableInvoker.invoke(ExecutableInvoker.java:104)
	at app//org.junit.jupiter.engine.execution.ExecutableInvoker.invoke(ExecutableInvoker.java:98)
	at app//org.junit.jupiter.engine.descriptor.TestMethodTestDescriptor.lambda$invokeTestMethod$7(TestMethodTestDescriptor.java:214)
	at app//org.junit.platform.engine.support.hierarchical.ThrowableCollector.execute(ThrowableCollector.java:73)
	at app//org.junit.jupiter.engine.descriptor.TestMethodTestDescriptor.invokeTestMethod(TestMethodTestDescriptor.java:210)
	at app//org.junit.jupiter.engine.descriptor.TestMethodTestDescriptor.execute(TestMethodTestDescriptor.java:135)
	at app//org.junit.jupiter.engine.descriptor.TestMethodTestDescriptor.execute(TestMethodTestDescriptor.java:66)
	at app//org.junit.platform.engine.support.hierarchical.NodeTestTask.lambda$executeRecursively$6(NodeTestTask.java:151)
	at app//org.junit.platform.engine.support.hierarchical.ThrowableCollector.execute(ThrowableCollector.java:73)
	at app//org.junit.platform.engine.support.hierarchical.NodeTestTask.lambda$executeRecursively$8(NodeTestTask.java:141)
	at app//org.junit.platform.engine.support.hierarchical.Node.around(Node.java:137)
	at app//org.junit.platform.engine.support.hierarchical.NodeTestTask.lambda$executeRecursively$9(NodeTestTask.java:139)
	at app//org.junit.platform.engine.support.hierarchical.ThrowableCollector.execute(ThrowableCollector.java:73)
	at app//org.junit.platform.engine.support.hierarchical.NodeTestTask.executeRecursively(NodeTestTask.java:138)
	at app//org.junit.platform.engine.support.hierarchical.NodeTestTask.execute(NodeTestTask.java:95)
	at java.base@11.0.18/java.util.ArrayList.forEach(ArrayList.java:1541)
	at app//org.junit.platform.engine.support.hierarchical.SameThreadHierarchicalTestExecutorService.invokeAll(SameThreadHierarchicalTestExecutorService.java:41)
	at app//org.junit.platform.engine.support.hierarchical.NodeTestTask.lambda$executeRecursively$6(NodeTestTask.java:155)
	at app//org.junit.platform.engine.support.hierarchical.ThrowableCollector.execute(ThrowableCollector.java:73)
	at app//org.junit.platform.engine.support.hierarchical.NodeTestTask.lambda$executeRecursively$8(NodeTestTask.java:141)
	at app//org.junit.platform.engine.support.hierarchical.Node.around(Node.java:137)
	at app//org.junit.platform.engine.support.hierarchical.NodeTestTask.lambda$executeRecursively$9(NodeTestTask.java:139)
	at app//org.junit.platform.engine.support.hierarchical.ThrowableCollector.execute(ThrowableCollector.java:73)
	at app//org.junit.platform.engine.support.hierarchical.NodeTestTask.executeRecursively(NodeTestTask.java:138)
	at app//org.junit.platform.engine.support.hierarchical.NodeTestTask.execute(NodeTestTask.java:95)
	at java.base@11.0.18/java.util.ArrayList.forEach(ArrayList.java:1541)
	at app//org.junit.platform.engine.support.hierarchical.SameThreadHierarchicalTestExecutorService.invokeAll(SameThreadHierarchicalTestExecutorService.java:41)
	at app//org.junit.platform.engine.support.hierarchical.NodeTestTask.lambda$executeRecursively$6(NodeTestTask.java:155)
	at app//org.junit.platform.engine.support.hierarchical.ThrowableCollector.execute(ThrowableCollector.java:73)
	at app//org.junit.platform.engine.support.hierarchical.NodeTestTask.lambda$executeRecursively$8(NodeTestTask.java:141)
	at app//org.junit.platform.engine.support.hierarchical.Node.around(Node.java:137)
	at app//org.junit.platform.engine.support.hierarchical.NodeTestTask.lambda$executeRecursively$9(NodeTestTask.java:139)
	at app//org.junit.platform.engine.support.hierarchical.ThrowableCollector.execute(ThrowableCollector.java:73)
	at app//org.junit.platform.engine.support.hierarchical.NodeTestTask.executeRecursively(NodeTestTask.java:138)
	at app//org.junit.platform.engine.support.hierarchical.NodeTestTask.execute(NodeTestTask.java:95)
	at app//org.junit.platform.engine.support.hierarchical.SameThreadHierarchicalTestExecutorService.submit(SameThreadHierarchicalTestExecutorService.java:35)
	at app//org.junit.platform.engine.support.hierarchical.HierarchicalTestExecutor.execute(HierarchicalTestExecutor.java:57)
	at app//org.junit.platform.engine.support.hierarchical.HierarchicalTestEngine.execute(HierarchicalTestEngine.java:54)
	at org.junit.platform.launcher.core.EngineExecutionOrchestrator.execute(EngineExecutionOrchestrator.java:107)
	at org.junit.platform.launcher.core.EngineExecutionOrchestrator.execute(EngineExecutionOrchestrator.java:88)
	at org.junit.platform.launcher.core.EngineExecutionOrchestrator.lambda$execute$0(EngineExecutionOrchestrator.java:54)
	at org.junit.platform.launcher.core.EngineExecutionOrchestrator.withInterceptedStreams(EngineExecutionOrchestrator.java:67)
	at org.junit.platform.launcher.core.EngineExecutionOrchestrator.execute(EngineExecutionOrchestrator.java:52)
	at org.junit.platform.launcher.core.DefaultLauncher.execute(DefaultLauncher.java:114)
	at org.junit.platform.launcher.core.DefaultLauncher.execute(DefaultLauncher.java:86)
	at org.junit.platform.launcher.core.DefaultLauncherSession$DelegatingLauncher.execute(DefaultLauncherSession.java:86)
	at org.junit.platform.launcher.core.SessionPerRequestLauncher.execute(SessionPerRequestLauncher.java:53)
	at org.gradle.api.internal.tasks.testing.junitplatform.JUnitPlatformTestClassProcessor$CollectAllTestClassesExecutor.processAllTestClasses(JUnitPlatformTestClassProcessor.java:99)
	at org.gradle.api.internal.tasks.testing.junitplatform.JUnitPlatformTestClassProcessor$CollectAllTestClassesExecutor.access$000(JUnitPlatformTestClassProcessor.java:79)
	at org.gradle.api.internal.tasks.testing.junitplatform.JUnitPlatformTestClassProcessor.stop(JUnitPlatformTestClassProcessor.java:75)
	at org.gradle.api.internal.tasks.testing.SuiteTestClassProcessor.stop(SuiteTestClassProcessor.java:62)
	at java.base@11.0.18/jdk.internal.reflect.NativeMethodAccessorImpl.invoke0(Native Method)
	at java.base@11.0.18/jdk.internal.reflect.NativeMethodAccessorImpl.invoke(NativeMethodAccessorImpl.java:62)
	at java.base@11.0.18/jdk.internal.reflect.DelegatingMethodAccessorImpl.invoke(DelegatingMethodAccessorImpl.java:43)
	at java.base@11.0.18/java.lang.reflect.Method.invoke(Method.java:566)
	at org.gradle.internal.dispatch.ReflectionDispatch.dispatch(ReflectionDispatch.java:36)
	at org.gradle.internal.dispatch.ReflectionDispatch.dispatch(ReflectionDispatch.java:24)
	at org.gradle.internal.dispatch.ContextClassLoaderDispatch.dispatch(ContextClassLoaderDispatch.java:33)
	at org.gradle.internal.dispatch.ProxyDispatchAdapter$DispatchingInvocationHandler.invoke(ProxyDispatchAdapter.java:94)
	at com.sun.proxy.$Proxy2.stop(Unknown Source)
	at org.gradle.api.internal.tasks.testing.worker.TestWorker$3.run(TestWorker.java:193)
	at org.gradle.api.internal.tasks.testing.worker.TestWorker.executeAndMaintainThreadName(TestWorker.java:129)
	at org.gradle.api.internal.tasks.testing.worker.TestWorker.execute(TestWorker.java:100)
	at org.gradle.api.internal.tasks.testing.worker.TestWorker.execute(TestWorker.java:60)
	at org.gradle.process.internal.worker.child.ActionExecutionWorker.execute(ActionExecutionWorker.java:56)
	at org.gradle.process.internal.worker.child.SystemApplicationClassLoaderWorker.call(SystemApplicationClassLoaderWorker.java:113)
	at org.gradle.process.internal.worker.child.SystemApplicationClassLoaderWorker.call(SystemApplicationClassLoaderWorker.java:65)
	at app//worker.org.gradle.process.internal.worker.GradleWorkerMain.run(GradleWorkerMain.java:69)
	at app//worker.org.gradle.process.internal.worker.GradleWorkerMain.main(GradleWorkerMain.java:74)
Caused by: de.uka.ilkd.key.proof.init.ProofInputException: line 135:14 mismatched input '\ifExintVar' expecting {MODALITY, FORALL, EXISTS, '\if', '\ifEx', 'true', 'false', '(', '{', '@', NOT, SEQARROW, '-', STRING_LITERAL, CHAR_LITERAL, BIN_LITERAL, HEX_LITERAL, IDENT, INT_LITERAL, FLOAT_LITERAL, DOUBLE_LITERAL, REAL_LITERAL}
line 135:27 extraneous input '(' expecting {'\lemma', '}', IDENT, '/*!'}
line 135:44 mismatched input ')' expecting {'(', '{'}
line 141:14 mismatched input '\ifExintVar' expecting {MODALITY, FORALL, EXISTS, '\if', '\ifEx', 'true', 'false', '(', '{', '@', NOT, SEQARROW, '-', STRING_LITERAL, CHAR_LITERAL, BIN_LITERAL, HEX_LITERAL, IDENT, INT_LITERAL, FLOAT_LITERAL, DOUBLE_LITERAL, REAL_LITERAL}
line 141:27 extraneous input '(' expecting {'\lemma', '}', IDENT, '/*!'}
line 141:41 mismatched input ')' expecting {'(', '{'}
line 148:14 mismatched input '\ifExintVar' expecting {MODALITY, FORALL, EXISTS, '\if', '\ifEx', 'true', 'false', '(', '{', '@', NOT, SEQARROW, '-', STRING_LITERAL, CHAR_LITERAL, BIN_LITERAL, HEX_LITERAL, IDENT, INT_LITERAL, FLOAT_LITERAL, DOUBLE_LITERAL, REAL_LITERAL}
line 148:27 extraneous input '(' expecting {'\lemma', '}', IDENT, '/*!'}
line 148:35 mismatched input '=' expecting {'(', '{'}
line 150:38 mismatched input '}' expecting {'(', '{'}
line 155:14 mismatched input '\ifExintVar' expecting {MODALITY, FORALL, EXISTS, '\if', '\ifEx', 'true', 'false', '(', '{', '@', NOT, SEQARROW, '-', STRING_LITERAL, CHAR_LITERAL, BIN_LITERAL, HEX_LITERAL, IDENT, INT_LITERAL, FLOAT_LITERAL, DOUBLE_LITERAL, REAL_LITERAL}
line 155:27 extraneous input '(' expecting {'\lemma', '}', IDENT, '/*!'}
line 155:35 mismatched input '=' expecting {'(', '{'}
line 157:38 mismatched input '}' expecting {'(', '{'}
line 163:14 mismatched input '\ifExintVar' expecting {MODALITY, FORALL, EXISTS, '\if', '\ifEx', 'true', 'false', '(', '{', '@', NOT, SEQARROW, '-', STRING_LITERAL, CHAR_LITERAL, BIN_LITERAL, HEX_LITERAL, IDENT, INT_LITERAL, FLOAT_LITERAL, DOUBLE_LITERAL, REAL_LITERAL}
line 163:27 extraneous input '(' expecting {'\lemma', '}', IDENT, '/*!'}
line 163:30 mismatched input '=' expecting {'(', '{'}
line 165:38 mismatched input '}' expecting {'(', '{'}
line 171:14 mismatched input '\ifExintVar' expecting {MODALITY, FORALL, EXISTS, '\if', '\ifEx', 'true', 'false', '(', '{', '@', NOT, SEQARROW, '-', STRING_LITERAL, CHAR_LITERAL, BIN_LITERAL, HEX_LITERAL, IDENT, INT_LITERAL, FLOAT_LITERAL, DOUBLE_LITERAL, REAL_LITERAL}
line 171:27 extraneous input '(' expecting {'\lemma', '}', IDENT, '/*!'}
line 171:30 mismatched input '=' expecting {'(', '{'}
line 173:38 mismatched input '}' expecting {'(', '{'}
line 179:14 mismatched input '\ifExintVar' expecting {MODALITY, FORALL, EXISTS, '\if', '\ifEx', 'true', 'false', '(', '{', '@', NOT, SEQARROW, '-', STRING_LITERAL, CHAR_LITERAL, BIN_LITERAL, HEX_LITERAL, IDENT, INT_LITERAL, FLOAT_LITERAL, DOUBLE_LITERAL, REAL_LITERAL}
line 179:27 extraneous input '(' expecting {'\lemma', '}', IDENT, '/*!'}
line 179:32 mismatched input '&amp;' expecting {'(', '{'}
line 181:42 mismatched input '}' expecting {'(', '{'}
line 182:39 mismatched input '}' expecting {'(', '{'}
line 188:14 mismatched input '\ifExintVar' expecting {MODALITY, FORALL, EXISTS, '\if', '\ifEx', 'true', 'false', '(', '{', '@', NOT, SEQARROW, '-', STRING_LITERAL, CHAR_LITERAL, BIN_LITERAL, HEX_LITERAL, IDENT, INT_LITERAL, FLOAT_LITERAL, DOUBLE_LITERAL, REAL_LITERAL}
line 188:27 extraneous input '(' expecting {'\lemma', '}', IDENT, '/*!'}
line 188:32 mismatched input '&amp;' expecting {'(', '{'}
line 190:42 mismatched input '}' expecting {'(', '{'}
line 191:39 mismatched input '}' expecting {'(', '{'}
line 198:14 mismatched input '\ifExintVar' expecting {MODALITY, FORALL, EXISTS, '\if', '\ifEx', 'true', 'false', '(', '{', '@', NOT, SEQARROW, '-', STRING_LITERAL, CHAR_LITERAL, BIN_LITERAL, HEX_LITERAL, IDENT, INT_LITERAL, FLOAT_LITERAL, DOUBLE_LITERAL, REAL_LITERAL}
line 198:27 extraneous input '(' expecting {'\lemma', '}', IDENT, '/*!'}
line 198:32 mismatched input '&amp;' expecting {'(', '{'}
line 200:42 mismatched input '}' expecting {'(', '{'}
line 201:39 mismatched input '}' expecting {'(', '{'}
line 208:14 mismatched input '\ifExintVar' expecting {MODALITY, FORALL, EXISTS, '\if', '\ifEx', 'true', 'false', '(', '{', '@', NOT, SEQARROW, '-', STRING_LITERAL, CHAR_LITERAL, BIN_LITERAL, HEX_LITERAL, IDENT, INT_LITERAL, FLOAT_LITERAL, DOUBLE_LITERAL, REAL_LITERAL}
line 208:27 extraneous input '(' expecting {'\lemma', '}', IDENT, '/*!'}
line 208:32 mismatched input '&amp;' expecting {'(', '{'}
line 210:42 mismatched input '}' expecting {'(', '{'}
line 211:39 mismatched input '}' expecting {'(', '{'}
line 218:14 mismatched input '\ifExintVar' expecting {MODALITY, FORALL, EXISTS, '\if', '\ifEx', 'true', 'false', '(', '{', '@', NOT, SEQARROW, '-', STRING_LITERAL, CHAR_LITERAL, BIN_LITERAL, HEX_LITERAL, IDENT, INT_LITERAL, FLOAT_LITERAL, DOUBLE_LITERAL, REAL_LITERAL}
line 218:27 extraneous input '(' expecting {'\lemma', '}', IDENT, '/*!'}
line 218:31 mismatched input ')' expecting {'(', '{'}
line 220:44 mismatched input ')' expecting {'(', '{'}
line 225:14 mismatched input '\ifExintVar' expecting {MODALITY, FORALL, EXISTS, '\if', '\ifEx', 'true', 'false', '(', '{', '@', NOT, SEQARROW, '-', STRING_LITERAL, CHAR_LITERAL, BIN_LITERAL, HEX_LITERAL, IDENT, INT_LITERAL, FLOAT_LITERAL, DOUBLE_LITERAL, REAL_LITERAL}
line 225:27 extraneous input '(' expecting {'\lemma', '}', IDENT, '/*!'}
line 225:31 mismatched input ')' expecting {'(', '{'}
line 227:44 mismatched input ')' expecting {'(', '{'}
line 233:14 mismatched input '\ifExintVar' expecting {MODALITY, FORALL, EXISTS, '\if', '\ifEx', 'true', 'false', '(', '{', '@', NOT, SEQARROW, '-', STRING_LITERAL, CHAR_LITERAL, BIN_LITERAL, HEX_LITERAL, IDENT, INT_LITERAL, FLOAT_LITERAL, DOUBLE_LITERAL, REAL_LITERAL}
line 233:27 extraneous input '(' expecting {'\lemma', '}', IDENT, '/*!'}
line 233:31 mismatched input ')' expecting {'(', '{'}
line 237:42 mismatched input '}' expecting {'(', '{'}
line 238:34 mismatched input '}' expecting {'(', '{'}
line 239:28 extraneous input '(' expecting {'\lemma', '}', IDENT, '/*!'}
line 239:33 mismatched input '-&gt;' expecting {'(', '{'}
line 240:8 extraneous input '\replacewith' expecting {'\lemma', '}', IDENT, '/*!'}
line 240:25 mismatched input ')' expecting {'(', '{'}
line 240:56 mismatched input ')' expecting {'(', '{'}
line 245:14 mismatched input '\ifExintVar' expecting {MODALITY, FORALL, EXISTS, '\if', '\ifEx', 'true', 'false', '(', '{', '@', NOT, SEQARROW, '-', STRING_LITERAL, CHAR_LITERAL, BIN_LITERAL, HEX_LITERAL, IDENT, INT_LITERAL, FLOAT_LITERAL, DOUBLE_LITERAL, REAL_LITERAL}
line 245:27 extraneous input '(' expecting {'\lemma', '}', IDENT, '/*!'}
line 245:31 mismatched input ')' expecting {'(', '{'}
line 248:45 mismatched input '}' expecting {'(', '{'}
line 249:8 extraneous input '\replacewith' expecting {'\lemma', '}', IDENT, '/*!'}
line 249:38 mismatched input ')' expecting {'(', '{'}
line 250:42 mismatched input '}' expecting {'(', '{'}
line 251:28 extraneous input '(' expecting {'\lemma', '}', IDENT, '/*!'}
line 251:33 mismatched input '-&gt;' expecting {'(', '{'}
line 255:14 mismatched input '\ifExintVar' expecting {MODALITY, FORALL, EXISTS, '\if', '\ifEx', 'true', 'false', '(', '{', '@', NOT, SEQARROW, '-', STRING_LITERAL, CHAR_LITERAL, BIN_LITERAL, HEX_LITERAL, IDENT, INT_LITERAL, FLOAT_LITERAL, DOUBLE_LITERAL, REAL_LITERAL}
line 255:27 extraneous input '(' expecting {'\lemma', '}', IDENT, '/*!'}
line 255:31 mismatched input ')' expecting {'(', '{'}
line 258:52 extraneous input '0' expecting {'\lemma', '}', IDENT, '/*!'}
line 258:54 mismatched input 'then' expecting {&lt;EOF&gt;, '\problem', '\chooseContract', '\proofObligation', '\proof'}

	at app//de.uka.ilkd.key.proof.io.KeYFile.readIncludes(KeYFile.java:210)
	at app//de.uka.ilkd.key.proof.init.ProblemInitializer.readIncludes(ProblemInitializer.java:177)
	at app//de.uka.ilkd.key.proof.init.ProblemInitializer.readEnvInput(ProblemInitializer.java:325)
	at app//de.uka.ilkd.key.proof.init.ProblemInitializer.readIncludes(ProblemInitializer.java:188)
	at app//de.uka.ilkd.key.proof.init.ProblemInitializer.readEnvInput(ProblemInitializer.java:325)
	at app//de.uka.ilkd.key.proof.init.ProblemInitializer.prepare(ProblemInitializer.java:449)
	at app//de.uka.ilkd.key.proof.io.AbstractProblemLoader.createInitConfig(AbstractProblemLoader.java:518)
	at app//de.uka.ilkd.key.proof.io.AbstractProblemLoader.loadEnvironment(AbstractProblemLoader.java:288)
	at app//de.uka.ilkd.key.proof.io.AbstractProblemLoader.load(AbstractProblemLoader.java:252)
	at app//de.uka.ilkd.key.control.AbstractUserInterfaceControl.load(AbstractUserInterfaceControl.java:209)
	... 91 more
Caused by: de.uka.ilkd.key.util.parsing.SyntaxErrorReporter$ParserException: line 135:14 mismatched input '\ifExintVar' expecting {MODALITY, FORALL, EXISTS, '\if', '\ifEx', 'true', 'false', '(', '{', '@', NOT, SEQARROW, '-', STRING_LITERAL, CHAR_LITERAL, BIN_LITERAL, HEX_LITERAL, IDENT, INT_LITERAL, FLOAT_LITERAL, DOUBLE_LITERAL, REAL_LITERAL}
line 135:27 extraneous input '(' expecting {'\lemma', '}', IDENT, '/*!'}
line 135:44 mismatched input ')' expecting {'(', '{'}
line 141:14 mismatched input '\ifExintVar' expecting {MODALITY, FORALL, EXISTS, '\if', '\ifEx', 'true', 'false', '(', '{', '@', NOT, SEQARROW, '-', STRING_LITERAL, CHAR_LITERAL, BIN_LITERAL, HEX_LITERAL, IDENT, INT_LITERAL, FLOAT_LITERAL, DOUBLE_LITERAL, REAL_LITERAL}
line 141:27 extraneous input '(' expecting {'\lemma', '}', IDENT, '/*!'}
line 141:41 mismatched input ')' expecting {'(', '{'}
line 148:14 mismatched input '\ifExintVar' expecting {MODALITY, FORALL, EXISTS, '\if', '\ifEx', 'true', 'false', '(', '{', '@', NOT, SEQARROW, '-', STRING_LITERAL, CHAR_LITERAL, BIN_LITERAL, HEX_LITERAL, IDENT, INT_LITERAL, FLOAT_LITERAL, DOUBLE_LITERAL, REAL_LITERAL}
line 148:27 extraneous input '(' expecting {'\lemma', '}', IDENT, '/*!'}
line 148:35 mismatched input '=' expecting {'(', '{'}
line 150:38 mismatched input '}' expecting {'(', '{'}
line 155:14 mismatched input '\ifExintVar' expecting {MODALITY, FORALL, EXISTS, '\if', '\ifEx', 'true', 'false', '(', '{', '@', NOT, SEQARROW, '-', STRING_LITERAL, CHAR_LITERAL, BIN_LITERAL, HEX_LITERAL, IDENT, INT_LITERAL, FLOAT_LITERAL, DOUBLE_LITERAL, REAL_LITERAL}
line 155:27 extraneous input '(' expecting {'\lemma', '}', IDENT, '/*!'}
line 155:35 mismatched input '=' expecting {'(', '{'}
line 157:38 mismatched input '}' expecting {'(', '{'}
line 163:14 mismatched input '\ifExintVar' expecting {MODALITY, FORALL, EXISTS, '\if', '\ifEx', 'true', 'false', '(', '{', '@', NOT, SEQARROW, '-', STRING_LITERAL, CHAR_LITERAL, BIN_LITERAL, HEX_LITERAL, IDENT, INT_LITERAL, FLOAT_LITERAL, DOUBLE_LITERAL, REAL_LITERAL}
line 163:27 extraneous input '(' expecting {'\lemma', '}', IDENT, '/*!'}
line 163:30 mismatched input '=' expecting {'(', '{'}
line 165:38 mismatched input '}' expecting {'(', '{'}
line 171:14 mismatched input '\ifExintVar' expecting {MODALITY, FORALL, EXISTS, '\if', '\ifEx', 'true', 'false', '(', '{', '@', NOT, SEQARROW, '-', STRING_LITERAL, CHAR_LITERAL, BIN_LITERAL, HEX_LITERAL, IDENT, INT_LITERAL, FLOAT_LITERAL, DOUBLE_LITERAL, REAL_LITERAL}
line 171:27 extraneous input '(' expecting {'\lemma', '}', IDENT, '/*!'}
line 171:30 mismatched input '=' expecting {'(', '{'}
line 173:38 mismatched input '}' expecting {'(', '{'}
line 179:14 mismatched input '\ifExintVar' expecting {MODALITY, FORALL, EXISTS, '\if', '\ifEx', 'true', 'false', '(', '{', '@', NOT, SEQARROW, '-', STRING_LITERAL, CHAR_LITERAL, BIN_LITERAL, HEX_LITERAL, IDENT, INT_LITERAL, FLOAT_LITERAL, DOUBLE_LITERAL, REAL_LITERAL}
line 179:27 extraneous input '(' expecting {'\lemma', '}', IDENT, '/*!'}
line 179:32 mismatched input '&amp;' expecting {'(', '{'}
line 181:42 mismatched input '}' expecting {'(', '{'}
line 182:39 mismatched input '}' expecting {'(', '{'}
line 188:14 mismatched input '\ifExintVar' expecting {MODALITY, FORALL, EXISTS, '\if', '\ifEx', 'true', 'false', '(', '{', '@', NOT, SEQARROW, '-', STRING_LITERAL, CHAR_LITERAL, BIN_LITERAL, HEX_LITERAL, IDENT, INT_LITERAL, FLOAT_LITERAL, DOUBLE_LITERAL, REAL_LITERAL}
line 188:27 extraneous input '(' expecting {'\lemma', '}', IDENT, '/*!'}
line 188:32 mismatched input '&amp;' expecting {'(', '{'}
line 190:42 mismatched input '}' expecting {'(', '{'}
line 191:39 mismatched input '}' expecting {'(', '{'}
line 198:14 mismatched input '\ifExintVar' expecting {MODALITY, FORALL, EXISTS, '\if', '\ifEx', 'true', 'false', '(', '{', '@', NOT, SEQARROW, '-', STRING_LITERAL, CHAR_LITERAL, BIN_LITERAL, HEX_LITERAL, IDENT, INT_LITERAL, FLOAT_LITERAL, DOUBLE_LITERAL, REAL_LITERAL}
line 198:27 extraneous input '(' expecting {'\lemma', '}', IDENT, '/*!'}
line 198:32 mismatched input '&amp;' expecting {'(', '{'}
line 200:42 mismatched input '}' expecting {'(', '{'}
line 201:39 mismatched input '}' expecting {'(', '{'}
line 208:14 mismatched input '\ifExintVar' expecting {MODALITY, FORALL, EXISTS, '\if', '\ifEx', 'true', 'false', '(', '{', '@', NOT, SEQARROW, '-', STRING_LITERAL, CHAR_LITERAL, BIN_LITERAL, HEX_LITERAL, IDENT, INT_LITERAL, FLOAT_LITERAL, DOUBLE_LITERAL, REAL_LITERAL}
line 208:27 extraneous input '(' expecting {'\lemma', '}', IDENT, '/*!'}
line 208:32 mismatched input '&amp;' expecting {'(', '{'}
line 210:42 mismatched input '}' expecting {'(', '{'}
line 211:39 mismatched input '}' expecting {'(', '{'}
line 218:14 mismatched input '\ifExintVar' expecting {MODALITY, FORALL, EXISTS, '\if', '\ifEx', 'true', 'false', '(', '{', '@', NOT, SEQARROW, '-', STRING_LITERAL, CHAR_LITERAL, BIN_LITERAL, HEX_LITERAL, IDENT, INT_LITERAL, FLOAT_LITERAL, DOUBLE_LITERAL, REAL_LITERAL}
line 218:27 extraneous input '(' expecting {'\lemma', '}', IDENT, '/*!'}
line 218:31 mismatched input ')' expecting {'(', '{'}
line 220:44 mismatched input ')' expecting {'(', '{'}
line 225:14 mismatched input '\ifExintVar' expecting {MODALITY, FORALL, EXISTS, '\if', '\ifEx', 'true', 'false', '(', '{', '@', NOT, SEQARROW, '-', STRING_LITERAL, CHAR_LITERAL, BIN_LITERAL, HEX_LITERAL, IDENT, INT_LITERAL, FLOAT_LITERAL, DOUBLE_LITERAL, REAL_LITERAL}
line 225:27 extraneous input '(' expecting {'\lemma', '}', IDENT, '/*!'}
line 225:31 mismatched input ')' expecting {'(', '{'}
line 227:44 mismatched input ')' expecting {'(', '{'}
line 233:14 mismatched input '\ifExintVar' expecting {MODALITY, FORALL, EXISTS, '\if', '\ifEx', 'true', 'false', '(', '{', '@', NOT, SEQARROW, '-', STRING_LITERAL, CHAR_LITERAL, BIN_LITERAL, HEX_LITERAL, IDENT, INT_LITERAL, FLOAT_LITERAL, DOUBLE_LITERAL, REAL_LITERAL}
line 233:27 extraneous input '(' expecting {'\lemma', '}', IDENT, '/*!'}
line 233:31 mismatched input ')' expecting {'(', '{'}
line 237:42 mismatched input '}' expecting {'(', '{'}
line 238:34 mismatched input '}' expecting {'(', '{'}
line 239:28 extraneous input '(' expecting {'\lemma', '}', IDENT, '/*!'}
line 239:33 mismatched input '-&gt;' expecting {'(', '{'}
line 240:8 extraneous input '\replacewith' expecting {'\lemma', '}', IDENT, '/*!'}
line 240:25 mismatched input ')' expecting {'(', '{'}
line 240:56 mismatched input ')' expecting {'(', '{'}
line 245:14 mismatched input '\ifExintVar' expecting {MODALITY, FORALL, EXISTS, '\if', '\ifEx', 'true', 'false', '(', '{', '@', NOT, SEQARROW, '-', STRING_LITERAL, CHAR_LITERAL, BIN_LITERAL, HEX_LITERAL, IDENT, INT_LITERAL, FLOAT_LITERAL, DOUBLE_LITERAL, REAL_LITERAL}
line 245:27 extraneous input '(' expecting {'\lemma', '}', IDENT, '/*!'}
line 245:31 mismatched input ')' expecting {'(', '{'}
line 248:45 mismatched input '}' expecting {'(', '{'}
line 249:8 extraneous input '\replacewith' expecting {'\lemma', '}', IDENT, '/*!'}
line 249:38 mismatched input ')' expecting {'(', '{'}
line 250:42 mismatched input '}' expecting {'(', '{'}
line 251:28 extraneous input '(' expecting {'\lemma', '}', IDENT, '/*!'}
line 251:33 mismatched input '-&gt;' expecting {'(', '{'}
line 255:14 mismatched input '\ifExintVar' expecting {MODALITY, FORALL, EXISTS, '\if', '\ifEx', 'true', 'false', '(', '{', '@', NOT, SEQARROW, '-', STRING_LITERAL, CHAR_LITERAL, BIN_LITERAL, HEX_LITERAL, IDENT, INT_LITERAL, FLOAT_LITERAL, DOUBLE_LITERAL, REAL_LITERAL}
line 255:27 extraneous input '(' expecting {'\lemma', '}', IDENT, '/*!'}
line 255:31 mismatched input ')' expecting {'(', '{'}
line 258:52 extraneous input '0' expecting {'\lemma', '}', IDENT, '/*!'}
line 258:54 mismatched input 'then' expecting {&lt;EOF&gt;, '\problem', '\chooseContract', '\proofObligation', '\proof'}

	at app//de.uka.ilkd.key.util.parsing.SyntaxErrorReporter.throwException(SyntaxErrorReporter.java:89)
	at app//de.uka.ilkd.key.nparser.ParsingFacade.parseFile(ParsingFacade.java:125)
	at app//de.uka.ilkd.key.proof.io.KeYFile.getParseContext(KeYFile.java:160)
	at app//de.uka.ilkd.key.proof.io.KeYFile.readIncludes(KeYFile.java:206)
	... 100 more
</failure>
  </testcase>
  <testcase name="testInstantiateLabels_updates_ruleSpecific()" classname="de.uka.ilkd.key.logic.TestTermLabelManager" time="0.11">
    <failure message="org.opentest4j.AssertionFailedError" type="org.opentest4j.AssertionFailedError">org.opentest4j.AssertionFailedError
	at app//org.junit.jupiter.api.AssertionUtils.fail(AssertionUtils.java:35)
	at app//org.junit.jupiter.api.Assertions.fail(Assertions.java:115)
	at app//de.uka.ilkd.key.logic.TestTermLabelManager.testInstantiateLabels_updates_ruleSpecific(TestTermLabelManager.java:242)
	at java.base@11.0.18/jdk.internal.reflect.NativeMethodAccessorImpl.invoke0(Native Method)
	at java.base@11.0.18/jdk.internal.reflect.NativeMethodAccessorImpl.invoke(NativeMethodAccessorImpl.java:62)
	at java.base@11.0.18/jdk.internal.reflect.DelegatingMethodAccessorImpl.invoke(DelegatingMethodAccessorImpl.java:43)
	at java.base@11.0.18/java.lang.reflect.Method.invoke(Method.java:566)
	at app//org.junit.platform.commons.util.ReflectionUtils.invokeMethod(ReflectionUtils.java:725)
	at app//org.junit.jupiter.engine.execution.MethodInvocation.proceed(MethodInvocation.java:60)
	at app//org.junit.jupiter.engine.execution.InvocationInterceptorChain$ValidatingInvocation.proceed(InvocationInterceptorChain.java:131)
	at app//org.junit.jupiter.engine.extension.TimeoutExtension.intercept(TimeoutExtension.java:149)
	at app//org.junit.jupiter.engine.extension.TimeoutExtension.interceptTestableMethod(TimeoutExtension.java:140)
	at app//org.junit.jupiter.engine.extension.TimeoutExtension.interceptTestMethod(TimeoutExtension.java:84)
	at app//org.junit.jupiter.engine.execution.ExecutableInvoker$ReflectiveInterceptorCall.lambda$ofVoidMethod$0(ExecutableInvoker.java:115)
	at app//org.junit.jupiter.engine.execution.ExecutableInvoker.lambda$invoke$0(ExecutableInvoker.java:105)
	at app//org.junit.jupiter.engine.execution.InvocationInterceptorChain$InterceptedInvocation.proceed(InvocationInterceptorChain.java:106)
	at app//org.junit.jupiter.engine.execution.InvocationInterceptorChain.proceed(InvocationInterceptorChain.java:64)
	at app//org.junit.jupiter.engine.execution.InvocationInterceptorChain.chainAndInvoke(InvocationInterceptorChain.java:45)
	at app//org.junit.jupiter.engine.execution.InvocationInterceptorChain.invoke(InvocationInterceptorChain.java:37)
	at app//org.junit.jupiter.engine.execution.ExecutableInvoker.invoke(ExecutableInvoker.java:104)
	at app//org.junit.jupiter.engine.execution.ExecutableInvoker.invoke(ExecutableInvoker.java:98)
	at app//org.junit.jupiter.engine.descriptor.TestMethodTestDescriptor.lambda$invokeTestMethod$7(TestMethodTestDescriptor.java:214)
	at app//org.junit.platform.engine.support.hierarchical.ThrowableCollector.execute(ThrowableCollector.java:73)
	at app//org.junit.jupiter.engine.descriptor.TestMethodTestDescriptor.invokeTestMethod(TestMethodTestDescriptor.java:210)
	at app//org.junit.jupiter.engine.descriptor.TestMethodTestDescriptor.execute(TestMethodTestDescriptor.java:135)
	at app//org.junit.jupiter.engine.descriptor.TestMethodTestDescriptor.execute(TestMethodTestDescriptor.java:66)
	at app//org.junit.platform.engine.support.hierarchical.NodeTestTask.lambda$executeRecursively$6(NodeTestTask.java:151)
	at app//org.junit.platform.engine.support.hierarchical.ThrowableCollector.execute(ThrowableCollector.java:73)
	at app//org.junit.platform.engine.support.hierarchical.NodeTestTask.lambda$executeRecursively$8(NodeTestTask.java:141)
	at app//org.junit.platform.engine.support.hierarchical.Node.around(Node.java:137)
	at app//org.junit.platform.engine.support.hierarchical.NodeTestTask.lambda$executeRecursively$9(NodeTestTask.java:139)
	at app//org.junit.platform.engine.support.hierarchical.ThrowableCollector.execute(ThrowableCollector.java:73)
	at app//org.junit.platform.engine.support.hierarchical.NodeTestTask.executeRecursively(NodeTestTask.java:138)
	at app//org.junit.platform.engine.support.hierarchical.NodeTestTask.execute(NodeTestTask.java:95)
	at java.base@11.0.18/java.util.ArrayList.forEach(ArrayList.java:1541)
	at app//org.junit.platform.engine.support.hierarchical.SameThreadHierarchicalTestExecutorService.invokeAll(SameThreadHierarchicalTestExecutorService.java:41)
	at app//org.junit.platform.engine.support.hierarchical.NodeTestTask.lambda$executeRecursively$6(NodeTestTask.java:155)
	at app//org.junit.platform.engine.support.hierarchical.ThrowableCollector.execute(ThrowableCollector.java:73)
	at app//org.junit.platform.engine.support.hierarchical.NodeTestTask.lambda$executeRecursively$8(NodeTestTask.java:141)
	at app//org.junit.platform.engine.support.hierarchical.Node.around(Node.java:137)
	at app//org.junit.platform.engine.support.hierarchical.NodeTestTask.lambda$executeRecursively$9(NodeTestTask.java:139)
	at app//org.junit.platform.engine.support.hierarchical.ThrowableCollector.execute(ThrowableCollector.java:73)
	at app//org.junit.platform.engine.support.hierarchical.NodeTestTask.executeRecursively(NodeTestTask.java:138)
	at app//org.junit.platform.engine.support.hierarchical.NodeTestTask.execute(NodeTestTask.java:95)
	at java.base@11.0.18/java.util.ArrayList.forEach(ArrayList.java:1541)
	at app//org.junit.platform.engine.support.hierarchical.SameThreadHierarchicalTestExecutorService.invokeAll(SameThreadHierarchicalTestExecutorService.java:41)
	at app//org.junit.platform.engine.support.hierarchical.NodeTestTask.lambda$executeRecursively$6(NodeTestTask.java:155)
	at app//org.junit.platform.engine.support.hierarchical.ThrowableCollector.execute(ThrowableCollector.java:73)
	at app//org.junit.platform.engine.support.hierarchical.NodeTestTask.lambda$executeRecursively$8(NodeTestTask.java:141)
	at app//org.junit.platform.engine.support.hierarchical.Node.around(Node.java:137)
	at app//org.junit.platform.engine.support.hierarchical.NodeTestTask.lambda$executeRecursively$9(NodeTestTask.java:139)
	at app//org.junit.platform.engine.support.hierarchical.ThrowableCollector.execute(ThrowableCollector.java:73)
	at app//org.junit.platform.engine.support.hierarchical.NodeTestTask.executeRecursively(NodeTestTask.java:138)
	at app//org.junit.platform.engine.support.hierarchical.NodeTestTask.execute(NodeTestTask.java:95)
	at app//org.junit.platform.engine.support.hierarchical.SameThreadHierarchicalTestExecutorService.submit(SameThreadHierarchicalTestExecutorService.java:35)
	at app//org.junit.platform.engine.support.hierarchical.HierarchicalTestExecutor.execute(HierarchicalTestExecutor.java:57)
	at app//org.junit.platform.engine.support.hierarchical.HierarchicalTestEngine.execute(HierarchicalTestEngine.java:54)
	at org.junit.platform.launcher.core.EngineExecutionOrchestrator.execute(EngineExecutionOrchestrator.java:107)
	at org.junit.platform.launcher.core.EngineExecutionOrchestrator.execute(EngineExecutionOrchestrator.java:88)
	at org.junit.platform.launcher.core.EngineExecutionOrchestrator.lambda$execute$0(EngineExecutionOrchestrator.java:54)
	at org.junit.platform.launcher.core.EngineExecutionOrchestrator.withInterceptedStreams(EngineExecutionOrchestrator.java:67)
	at org.junit.platform.launcher.core.EngineExecutionOrchestrator.execute(EngineExecutionOrchestrator.java:52)
	at org.junit.platform.launcher.core.DefaultLauncher.execute(DefaultLauncher.java:114)
	at org.junit.platform.launcher.core.DefaultLauncher.execute(DefaultLauncher.java:86)
	at org.junit.platform.launcher.core.DefaultLauncherSession$DelegatingLauncher.execute(DefaultLauncherSession.java:86)
	at org.junit.platform.launcher.core.SessionPerRequestLauncher.execute(SessionPerRequestLauncher.java:53)
	at org.gradle.api.internal.tasks.testing.junitplatform.JUnitPlatformTestClassProcessor$CollectAllTestClassesExecutor.processAllTestClasses(JUnitPlatformTestClassProcessor.java:99)
	at org.gradle.api.internal.tasks.testing.junitplatform.JUnitPlatformTestClassProcessor$CollectAllTestClassesExecutor.access$000(JUnitPlatformTestClassProcessor.java:79)
	at org.gradle.api.internal.tasks.testing.junitplatform.JUnitPlatformTestClassProcessor.stop(JUnitPlatformTestClassProcessor.java:75)
	at org.gradle.api.internal.tasks.testing.SuiteTestClassProcessor.stop(SuiteTestClassProcessor.java:62)
	at java.base@11.0.18/jdk.internal.reflect.NativeMethodAccessorImpl.invoke0(Native Method)
	at java.base@11.0.18/jdk.internal.reflect.NativeMethodAccessorImpl.invoke(NativeMethodAccessorImpl.java:62)
	at java.base@11.0.18/jdk.internal.reflect.DelegatingMethodAccessorImpl.invoke(DelegatingMethodAccessorImpl.java:43)
	at java.base@11.0.18/java.lang.reflect.Method.invoke(Method.java:566)
	at org.gradle.internal.dispatch.ReflectionDispatch.dispatch(ReflectionDispatch.java:36)
	at org.gradle.internal.dispatch.ReflectionDispatch.dispatch(ReflectionDispatch.java:24)
	at org.gradle.internal.dispatch.ContextClassLoaderDispatch.dispatch(ContextClassLoaderDispatch.java:33)
	at org.gradle.internal.dispatch.ProxyDispatchAdapter$DispatchingInvocationHandler.invoke(ProxyDispatchAdapter.java:94)
	at com.sun.proxy.$Proxy2.stop(Unknown Source)
	at org.gradle.api.internal.tasks.testing.worker.TestWorker$3.run(TestWorker.java:193)
	at org.gradle.api.internal.tasks.testing.worker.TestWorker.executeAndMaintainThreadName(TestWorker.java:129)
	at org.gradle.api.internal.tasks.testing.worker.TestWorker.execute(TestWorker.java:100)
	at org.gradle.api.internal.tasks.testing.worker.TestWorker.execute(TestWorker.java:60)
	at org.gradle.process.internal.worker.child.ActionExecutionWorker.execute(ActionExecutionWorker.java:56)
	at org.gradle.process.internal.worker.child.SystemApplicationClassLoaderWorker.call(SystemApplicationClassLoaderWorker.java:113)
	at org.gradle.process.internal.worker.child.SystemApplicationClassLoaderWorker.call(SystemApplicationClassLoaderWorker.java:65)
	at app//worker.org.gradle.process.internal.worker.GradleWorkerMain.run(GradleWorkerMain.java:69)
	at app//worker.org.gradle.process.internal.worker.GradleWorkerMain.main(GradleWorkerMain.java:74)
</failure>
  </testcase>
  <testcase name="testrefactorGoal_sequent_ruleSpecific()" classname="de.uka.ilkd.key.logic.TestTermLabelManager" time="0.117">
    <failure message="line 135:14 mismatched input '\ifExintVar' expecting {MODALITY, FORALL, EXISTS, '\if', '\ifEx', 'true', 'false', '(', '{', '@', NOT, SEQARROW, '-', STRING_LITERAL, CHAR_LITERAL, BIN_LITERAL, HEX_LITERAL, IDENT, INT_LITERAL, FLOAT_LITERAL, DOUBLE_LITERAL, REAL_LITERAL}&#10;line 135:27 extraneous input '(' expecting {'\lemma', '}', IDENT, '/*!'}&#10;line 135:44 mismatched input ')' expecting {'(', '{'}&#10;line 141:14 mismatched input '\ifExintVar' expecting {MODALITY, FORALL, EXISTS, '\if', '\ifEx', 'true', 'false', '(', '{', '@', NOT, SEQARROW, '-', STRING_LITERAL, CHAR_LITERAL, BIN_LITERAL, HEX_LITERAL, IDENT, INT_LITERAL, FLOAT_LITERAL, DOUBLE_LITERAL, REAL_LITERAL}&#10;line 141:27 extraneous input '(' expecting {'\lemma', '}', IDENT, '/*!'}&#10;line 141:41 mismatched input ')' expecting {'(', '{'}&#10;line 148:14 mismatched input '\ifExintVar' expecting {MODALITY, FORALL, EXISTS, '\if', '\ifEx', 'true', 'false', '(', '{', '@', NOT, SEQARROW, '-', STRING_LITERAL, CHAR_LITERAL, BIN_LITERAL, HEX_LITERAL, IDENT, INT_LITERAL, FLOAT_LITERAL, DOUBLE_LITERAL, REAL_LITERAL}&#10;line 148:27 extraneous input '(' expecting {'\lemma', '}', IDENT, '/*!'}&#10;line 148:35 mismatched input '=' expecting {'(', '{'}&#10;line 150:38 mismatched input '}' expecting {'(', '{'}&#10;line 155:14 mismatched input '\ifExintVar' expecting {MODALITY, FORALL, EXISTS, '\if', '\ifEx', 'true', 'false', '(', '{', '@', NOT, SEQARROW, '-', STRING_LITERAL, CHAR_LITERAL, BIN_LITERAL, HEX_LITERAL, IDENT, INT_LITERAL, FLOAT_LITERAL, DOUBLE_LITERAL, REAL_LITERAL}&#10;line 155:27 extraneous input '(' expecting {'\lemma', '}', IDENT, '/*!'}&#10;line 155:35 mismatched input '=' expecting {'(', '{'}&#10;line 157:38 mismatched input '}' expecting {'(', '{'}&#10;line 163:14 mismatched input '\ifExintVar' expecting {MODALITY, FORALL, EXISTS, '\if', '\ifEx', 'true', 'false', '(', '{', '@', NOT, SEQARROW, '-', STRING_LITERAL, CHAR_LITERAL, BIN_LITERAL, HEX_LITERAL, IDENT, INT_LITERAL, FLOAT_LITERAL, DOUBLE_LITERAL, REAL_LITERAL}&#10;line 163:27 extraneous input '(' expecting {'\lemma', '}', IDENT, '/*!'}&#10;line 163:30 mismatched input '=' expecting {'(', '{'}&#10;line 165:38 mismatched input '}' expecting {'(', '{'}&#10;line 171:14 mismatched input '\ifExintVar' expecting {MODALITY, FORALL, EXISTS, '\if', '\ifEx', 'true', 'false', '(', '{', '@', NOT, SEQARROW, '-', STRING_LITERAL, CHAR_LITERAL, BIN_LITERAL, HEX_LITERAL, IDENT, INT_LITERAL, FLOAT_LITERAL, DOUBLE_LITERAL, REAL_LITERAL}&#10;line 171:27 extraneous input '(' expecting {'\lemma', '}', IDENT, '/*!'}&#10;line 171:30 mismatched input '=' expecting {'(', '{'}&#10;line 173:38 mismatched input '}' expecting {'(', '{'}&#10;line 179:14 mismatched input '\ifExintVar' expecting {MODALITY, FORALL, EXISTS, '\if', '\ifEx', 'true', 'false', '(', '{', '@', NOT, SEQARROW, '-', STRING_LITERAL, CHAR_LITERAL, BIN_LITERAL, HEX_LITERAL, IDENT, INT_LITERAL, FLOAT_LITERAL, DOUBLE_LITERAL, REAL_LITERAL}&#10;line 179:27 extraneous input '(' expecting {'\lemma', '}', IDENT, '/*!'}&#10;line 179:32 mismatched input '&amp;' expecting {'(', '{'}&#10;line 181:42 mismatched input '}' expecting {'(', '{'}&#10;line 182:39 mismatched input '}' expecting {'(', '{'}&#10;line 188:14 mismatched input '\ifExintVar' expecting {MODALITY, FORALL, EXISTS, '\if', '\ifEx', 'true', 'false', '(', '{', '@', NOT, SEQARROW, '-', STRING_LITERAL, CHAR_LITERAL, BIN_LITERAL, HEX_LITERAL, IDENT, INT_LITERAL, FLOAT_LITERAL, DOUBLE_LITERAL, REAL_LITERAL}&#10;line 188:27 extraneous input '(' expecting {'\lemma', '}', IDENT, '/*!'}&#10;line 188:32 mismatched input '&amp;' expecting {'(', '{'}&#10;line 190:42 mismatched input '}' expecting {'(', '{'}&#10;line 191:39 mismatched input '}' expecting {'(', '{'}&#10;line 198:14 mismatched input '\ifExintVar' expecting {MODALITY, FORALL, EXISTS, '\if', '\ifEx', 'true', 'false', '(', '{', '@', NOT, SEQARROW, '-', STRING_LITERAL, CHAR_LITERAL, BIN_LITERAL, HEX_LITERAL, IDENT, INT_LITERAL, FLOAT_LITERAL, DOUBLE_LITERAL, REAL_LITERAL}&#10;line 198:27 extraneous input '(' expecting {'\lemma', '}', IDENT, '/*!'}&#10;line 198:32 mismatched input '&amp;' expecting {'(', '{'}&#10;line 200:42 mismatched input '}' expecting {'(', '{'}&#10;line 201:39 mismatched input '}' expecting {'(', '{'}&#10;line 208:14 mismatched input '\ifExintVar' expecting {MODALITY, FORALL, EXISTS, '\if', '\ifEx', 'true', 'false', '(', '{', '@', NOT, SEQARROW, '-', STRING_LITERAL, CHAR_LITERAL, BIN_LITERAL, HEX_LITERAL, IDENT, INT_LITERAL, FLOAT_LITERAL, DOUBLE_LITERAL, REAL_LITERAL}&#10;line 208:27 extraneous input '(' expecting {'\lemma', '}', IDENT, '/*!'}&#10;line 208:32 mismatched input '&amp;' expecting {'(', '{'}&#10;line 210:42 mismatched input '}' expecting {'(', '{'}&#10;line 211:39 mismatched input '}' expecting {'(', '{'}&#10;line 218:14 mismatched input '\ifExintVar' expecting {MODALITY, FORALL, EXISTS, '\if', '\ifEx', 'true', 'false', '(', '{', '@', NOT, SEQARROW, '-', STRING_LITERAL, CHAR_LITERAL, BIN_LITERAL, HEX_LITERAL, IDENT, INT_LITERAL, FLOAT_LITERAL, DOUBLE_LITERAL, REAL_LITERAL}&#10;line 218:27 extraneous input '(' expecting {'\lemma', '}', IDENT, '/*!'}&#10;line 218:31 mismatched input ')' expecting {'(', '{'}&#10;line 220:44 mismatched input ')' expecting {'(', '{'}&#10;line 225:14 mismatched input '\ifExintVar' expecting {MODALITY, FORALL, EXISTS, '\if', '\ifEx', 'true', 'false', '(', '{', '@', NOT, SEQARROW, '-', STRING_LITERAL, CHAR_LITERAL, BIN_LITERAL, HEX_LITERAL, IDENT, INT_LITERAL, FLOAT_LITERAL, DOUBLE_LITERAL, REAL_LITERAL}&#10;line 225:27 extraneous input '(' expecting {'\lemma', '}', IDENT, '/*!'}&#10;line 225:31 mismatched input ')' expecting {'(', '{'}&#10;line 227:44 mismatched input ')' expecting {'(', '{'}&#10;line 233:14 mismatched input '\ifExintVar' expecting {MODALITY, FORALL, EXISTS, '\if', '\ifEx', 'true', 'false', '(', '{', '@', NOT, SEQARROW, '-', STRING_LITERAL, CHAR_LITERAL, BIN_LITERAL, HEX_LITERAL, IDENT, INT_LITERAL, FLOAT_LITERAL, DOUBLE_LITERAL, REAL_LITERAL}&#10;line 233:27 extraneous input '(' expecting {'\lemma', '}', IDENT, '/*!'}&#10;line 233:31 mismatched input ')' expecting {'(', '{'}&#10;line 237:42 mismatched input '}' expecting {'(', '{'}&#10;line 238:34 mismatched input '}' expecting {'(', '{'}&#10;line 239:28 extraneous input '(' expecting {'\lemma', '}', IDENT, '/*!'}&#10;line 239:33 mismatched input '-&gt;' expecting {'(', '{'}&#10;line 240:8 extraneous input '\replacewith' expecting {'\lemma', '}', IDENT, '/*!'}&#10;line 240:25 mismatched input ')' expecting {'(', '{'}&#10;line 240:56 mismatched input ')' expecting {'(', '{'}&#10;line 245:14 mismatched input '\ifExintVar' expecting {MODALITY, FORALL, EXISTS, '\if', '\ifEx', 'true', 'false', '(', '{', '@', NOT, SEQARROW, '-', STRING_LITERAL, CHAR_LITERAL, BIN_LITERAL, HEX_LITERAL, IDENT, INT_LITERAL, FLOAT_LITERAL, DOUBLE_LITERAL, REAL_LITERAL}&#10;line 245:27 extraneous input '(' expecting {'\lemma', '}', IDENT, '/*!'}&#10;line 245:31 mismatched input ')' expecting {'(', '{'}&#10;line 248:45 mismatched input '}' expecting {'(', '{'}&#10;line 249:8 extraneous input '\replacewith' expecting {'\lemma', '}', IDENT, '/*!'}&#10;line 249:38 mismatched input ')' expecting {'(', '{'}&#10;line 250:42 mismatched input '}' expecting {'(', '{'}&#10;line 251:28 extraneous input '(' expecting {'\lemma', '}', IDENT, '/*!'}&#10;line 251:33 mismatched input '-&gt;' expecting {'(', '{'}&#10;line 255:14 mismatched input '\ifExintVar' expecting {MODALITY, FORALL, EXISTS, '\if', '\ifEx', 'true', 'false', '(', '{', '@', NOT, SEQARROW, '-', STRING_LITERAL, CHAR_LITERAL, BIN_LITERAL, HEX_LITERAL, IDENT, INT_LITERAL, FLOAT_LITERAL, DOUBLE_LITERAL, REAL_LITERAL}&#10;line 255:27 extraneous input '(' expecting {'\lemma', '}', IDENT, '/*!'}&#10;line 255:31 mismatched input ')' expecting {'(', '{'}&#10;line 258:52 extraneous input '0' expecting {'\lemma', '}', IDENT, '/*!'}&#10;line 258:54 mismatched input 'then' expecting {&lt;EOF&gt;, '\problem', '\chooseContract', '\proofObligation', '\proof'}&#10; (file: src/test/resources/testcase/termLabels/flatSteps/FlatSteps.java; caused by: de.uka.ilkd.key.proof.init.ProofInputException: line 135:14 mismatched input '\ifExintVar' expecting {MODALITY, FORALL, EXISTS, '\if', '\ifEx', 'true', 'false', '(', '{', '@', NOT, SEQARROW, '-', STRING_LITERAL, CHAR_LITERAL, BIN_LITERAL, HEX_LITERAL, IDENT, INT_LITERAL, FLOAT_LITERAL, DOUBLE_LITERAL, REAL_LITERAL}&#10;line 135:27 extraneous input '(' expecting {'\lemma', '}', IDENT, '/*!'}&#10;line 135:44 mismatched input ')' expecting {'(', '{'}&#10;line 141:14 mismatched input '\ifExintVar' expecting {MODALITY, FORALL, EXISTS, '\if', '\ifEx', 'true', 'false', '(', '{', '@', NOT, SEQARROW, '-', STRING_LITERAL, CHAR_LITERAL, BIN_LITERAL, HEX_LITERAL, IDENT, INT_LITERAL, FLOAT_LITERAL, DOUBLE_LITERAL, REAL_LITERAL}&#10;line 141:27 extraneous input '(' expecting {'\lemma', '}', IDENT, '/*!'}&#10;line 141:41 mismatched input ')' expecting {'(', '{'}&#10;line 148:14 mismatched input '\ifExintVar' expecting {MODALITY, FORALL, EXISTS, '\if', '\ifEx', 'true', 'false', '(', '{', '@', NOT, SEQARROW, '-', STRING_LITERAL, CHAR_LITERAL, BIN_LITERAL, HEX_LITERAL, IDENT, INT_LITERAL, FLOAT_LITERAL, DOUBLE_LITERAL, REAL_LITERAL}&#10;line 148:27 extraneous input '(' expecting {'\lemma', '}', IDENT, '/*!'}&#10;line 148:35 mismatched input '=' expecting {'(', '{'}&#10;line 150:38 mismatched input '}' expecting {'(', '{'}&#10;line 155:14 mismatched input '\ifExintVar' expecting {MODALITY, FORALL, EXISTS, '\if', '\ifEx', 'true', 'false', '(', '{', '@', NOT, SEQARROW, '-', STRING_LITERAL, CHAR_LITERAL, BIN_LITERAL, HEX_LITERAL, IDENT, INT_LITERAL, FLOAT_LITERAL, DOUBLE_LITERAL, REAL_LITERAL}&#10;line 155:27 extraneous input '(' expecting {'\lemma', '}', IDENT, '/*!'}&#10;line 155:35 mismatched input '=' expecting {'(', '{'}&#10;line 157:38 mismatched input '}' expecting {'(', '{'}&#10;line 163:14 mismatched input '\ifExintVar' expecting {MODALITY, FORALL, EXISTS, '\if', '\ifEx', 'true', 'false', '(', '{', '@', NOT, SEQARROW, '-', STRING_LITERAL, CHAR_LITERAL, BIN_LITERAL, HEX_LITERAL, IDENT, INT_LITERAL, FLOAT_LITERAL, DOUBLE_LITERAL, REAL_LITERAL}&#10;line 163:27 extraneous input '(' expecting {'\lemma', '}', IDENT, '/*!'}&#10;line 163:30 mismatched input '=' expecting {'(', '{'}&#10;line 165:38 mismatched input '}' expecting {'(', '{'}&#10;line 171:14 mismatched input '\ifExintVar' expecting {MODALITY, FORALL, EXISTS, '\if', '\ifEx', 'true', 'false', '(', '{', '@', NOT, SEQARROW, '-', STRING_LITERAL, CHAR_LITERAL, BIN_LITERAL, HEX_LITERAL, IDENT, INT_LITERAL, FLOAT_LITERAL, DOUBLE_LITERAL, REAL_LITERAL}&#10;line 171:27 extraneous input '(' expecting {'\lemma', '}', IDENT, '/*!'}&#10;line 171:30 mismatched input '=' expecting {'(', '{'}&#10;line 173:38 mismatched input '}' expecting {'(', '{'}&#10;line 179:14 mismatched input '\ifExintVar' expecting {MODALITY, FORALL, EXISTS, '\if', '\ifEx', 'true', 'false', '(', '{', '@', NOT, SEQARROW, '-', STRING_LITERAL, CHAR_LITERAL, BIN_LITERAL, HEX_LITERAL, IDENT, INT_LITERAL, FLOAT_LITERAL, DOUBLE_LITERAL, REAL_LITERAL}&#10;line 179:27 extraneous input '(' expecting {'\lemma', '}', IDENT, '/*!'}&#10;line 179:32 mismatched input '&amp;' expecting {'(', '{'}&#10;line 181:42 mismatched input '}' expecting {'(', '{'}&#10;line 182:39 mismatched input '}' expecting {'(', '{'}&#10;line 188:14 mismatched input '\ifExintVar' expecting {MODALITY, FORALL, EXISTS, '\if', '\ifEx', 'true', 'false', '(', '{', '@', NOT, SEQARROW, '-', STRING_LITERAL, CHAR_LITERAL, BIN_LITERAL, HEX_LITERAL, IDENT, INT_LITERAL, FLOAT_LITERAL, DOUBLE_LITERAL, REAL_LITERAL}&#10;line 188:27 extraneous input '(' expecting {'\lemma', '}', IDENT, '/*!'}&#10;line 188:32 mismatched input '&amp;' expecting {'(', '{'}&#10;line 190:42 mismatched input '}' expecting {'(', '{'}&#10;line 191:39 mismatched input '}' expecting {'(', '{'}&#10;line 198:14 mismatched input '\ifExintVar' expecting {MODALITY, FORALL, EXISTS, '\if', '\ifEx', 'true', 'false', '(', '{', '@', NOT, SEQARROW, '-', STRING_LITERAL, CHAR_LITERAL, BIN_LITERAL, HEX_LITERAL, IDENT, INT_LITERAL, FLOAT_LITERAL, DOUBLE_LITERAL, REAL_LITERAL}&#10;line 198:27 extraneous input '(' expecting {'\lemma', '}', IDENT, '/*!'}&#10;line 198:32 mismatched input '&amp;' expecting {'(', '{'}&#10;line 200:42 mismatched input '}' expecting {'(', '{'}&#10;line 201:39 mismatched input '}' expecting {'(', '{'}&#10;line 208:14 mismatched input '\ifExintVar' expecting {MODALITY, FORALL, EXISTS, '\if', '\ifEx', 'true', 'false', '(', '{', '@', NOT, SEQARROW, '-', STRING_LITERAL, CHAR_LITERAL, BIN_LITERAL, HEX_LITERAL, IDENT, INT_LITERAL, FLOAT_LITERAL, DOUBLE_LITERAL, REAL_LITERAL}&#10;line 208:27 extraneous input '(' expecting {'\lemma', '}', IDENT, '/*!'}&#10;line 208:32 mismatched input '&amp;' expecting {'(', '{'}&#10;line 210:42 mismatched input '}' expecting {'(', '{'}&#10;line 211:39 mismatched input '}' expecting {'(', '{'}&#10;line 218:14 mismatched input '\ifExintVar' expecting {MODALITY, FORALL, EXISTS, '\if', '\ifEx', 'true', 'false', '(', '{', '@', NOT, SEQARROW, '-', STRING_LITERAL, CHAR_LITERAL, BIN_LITERAL, HEX_LITERAL, IDENT, INT_LITERAL, FLOAT_LITERAL, DOUBLE_LITERAL, REAL_LITERAL}&#10;line 218:27 extraneous input '(' expecting {'\lemma', '}', IDENT, '/*!'}&#10;line 218:31 mismatched input ')' expecting {'(', '{'}&#10;line 220:44 mismatched input ')' expecting {'(', '{'}&#10;line 225:14 mismatched input '\ifExintVar' expecting {MODALITY, FORALL, EXISTS, '\if', '\ifEx', 'true', 'false', '(', '{', '@', NOT, SEQARROW, '-', STRING_LITERAL, CHAR_LITERAL, BIN_LITERAL, HEX_LITERAL, IDENT, INT_LITERAL, FLOAT_LITERAL, DOUBLE_LITERAL, REAL_LITERAL}&#10;line 225:27 extraneous input '(' expecting {'\lemma', '}', IDENT, '/*!'}&#10;line 225:31 mismatched input ')' expecting {'(', '{'}&#10;line 227:44 mismatched input ')' expecting {'(', '{'}&#10;line 233:14 mismatched input '\ifExintVar' expecting {MODALITY, FORALL, EXISTS, '\if', '\ifEx', 'true', 'false', '(', '{', '@', NOT, SEQARROW, '-', STRING_LITERAL, CHAR_LITERAL, BIN_LITERAL, HEX_LITERAL, IDENT, INT_LITERAL, FLOAT_LITERAL, DOUBLE_LITERAL, REAL_LITERAL}&#10;line 233:27 extraneous input '(' expecting {'\lemma', '}', IDENT, '/*!'}&#10;line 233:31 mismatched input ')' expecting {'(', '{'}&#10;line 237:42 mismatched input '}' expecting {'(', '{'}&#10;line 238:34 mismatched input '}' expecting {'(', '{'}&#10;line 239:28 extraneous input '(' expecting {'\lemma', '}', IDENT, '/*!'}&#10;line 239:33 mismatched input '-&gt;' expecting {'(', '{'}&#10;line 240:8 extraneous input '\replacewith' expecting {'\lemma', '}', IDENT, '/*!'}&#10;line 240:25 mismatched input ')' expecting {'(', '{'}&#10;line 240:56 mismatched input ')' expecting {'(', '{'}&#10;line 245:14 mismatched input '\ifExintVar' expecting {MODALITY, FORALL, EXISTS, '\if', '\ifEx', 'true', 'false', '(', '{', '@', NOT, SEQARROW, '-', STRING_LITERAL, CHAR_LITERAL, BIN_LITERAL, HEX_LITERAL, IDENT, INT_LITERAL, FLOAT_LITERAL, DOUBLE_LITERAL, REAL_LITERAL}&#10;line 245:27 extraneous input '(' expecting {'\lemma', '}', IDENT, '/*!'}&#10;line 245:31 mismatched input ')' expecting {'(', '{'}&#10;line 248:45 mismatched input '}' expecting {'(', '{'}&#10;line 249:8 extraneous input '\replacewith' expecting {'\lemma', '}', IDENT, '/*!'}&#10;line 249:38 mismatched input ')' expecting {'(', '{'}&#10;line 250:42 mismatched input '}' expecting {'(', '{'}&#10;line 251:28 extraneous input '(' expecting {'\lemma', '}', IDENT, '/*!'}&#10;line 251:33 mismatched input '-&gt;' expecting {'(', '{'}&#10;line 255:14 mismatched input '\ifExintVar' expecting {MODALITY, FORALL, EXISTS, '\if', '\ifEx', 'true', 'false', '(', '{', '@', NOT, SEQARROW, '-', STRING_LITERAL, CHAR_LITERAL, BIN_LITERAL, HEX_LITERAL, IDENT, INT_LITERAL, FLOAT_LITERAL, DOUBLE_LITERAL, REAL_LITERAL}&#10;line 255:27 extraneous input '(' expecting {'\lemma', '}', IDENT, '/*!'}&#10;line 255:31 mismatched input ')' expecting {'(', '{'}&#10;line 258:52 extraneous input '0' expecting {'\lemma', '}', IDENT, '/*!'}&#10;line 258:54 mismatched input 'then' expecting {&lt;EOF&gt;, '\problem', '\chooseContract', '\proofObligation', '\proof'}&#10;)" type="de.uka.ilkd.key.proof.io.ProblemLoaderException">line 135:14 mismatched input '\ifExintVar' expecting {MODALITY, FORALL, EXISTS, '\if', '\ifEx', 'true', 'false', '(', '{', '@', NOT, SEQARROW, '-', STRING_LITERAL, CHAR_LITERAL, BIN_LITERAL, HEX_LITERAL, IDENT, INT_LITERAL, FLOAT_LITERAL, DOUBLE_LITERAL, REAL_LITERAL}
line 135:27 extraneous input '(' expecting {'\lemma', '}', IDENT, '/*!'}
line 135:44 mismatched input ')' expecting {'(', '{'}
line 141:14 mismatched input '\ifExintVar' expecting {MODALITY, FORALL, EXISTS, '\if', '\ifEx', 'true', 'false', '(', '{', '@', NOT, SEQARROW, '-', STRING_LITERAL, CHAR_LITERAL, BIN_LITERAL, HEX_LITERAL, IDENT, INT_LITERAL, FLOAT_LITERAL, DOUBLE_LITERAL, REAL_LITERAL}
line 141:27 extraneous input '(' expecting {'\lemma', '}', IDENT, '/*!'}
line 141:41 mismatched input ')' expecting {'(', '{'}
line 148:14 mismatched input '\ifExintVar' expecting {MODALITY, FORALL, EXISTS, '\if', '\ifEx', 'true', 'false', '(', '{', '@', NOT, SEQARROW, '-', STRING_LITERAL, CHAR_LITERAL, BIN_LITERAL, HEX_LITERAL, IDENT, INT_LITERAL, FLOAT_LITERAL, DOUBLE_LITERAL, REAL_LITERAL}
line 148:27 extraneous input '(' expecting {'\lemma', '}', IDENT, '/*!'}
line 148:35 mismatched input '=' expecting {'(', '{'}
line 150:38 mismatched input '}' expecting {'(', '{'}
line 155:14 mismatched input '\ifExintVar' expecting {MODALITY, FORALL, EXISTS, '\if', '\ifEx', 'true', 'false', '(', '{', '@', NOT, SEQARROW, '-', STRING_LITERAL, CHAR_LITERAL, BIN_LITERAL, HEX_LITERAL, IDENT, INT_LITERAL, FLOAT_LITERAL, DOUBLE_LITERAL, REAL_LITERAL}
line 155:27 extraneous input '(' expecting {'\lemma', '}', IDENT, '/*!'}
line 155:35 mismatched input '=' expecting {'(', '{'}
line 157:38 mismatched input '}' expecting {'(', '{'}
line 163:14 mismatched input '\ifExintVar' expecting {MODALITY, FORALL, EXISTS, '\if', '\ifEx', 'true', 'false', '(', '{', '@', NOT, SEQARROW, '-', STRING_LITERAL, CHAR_LITERAL, BIN_LITERAL, HEX_LITERAL, IDENT, INT_LITERAL, FLOAT_LITERAL, DOUBLE_LITERAL, REAL_LITERAL}
line 163:27 extraneous input '(' expecting {'\lemma', '}', IDENT, '/*!'}
line 163:30 mismatched input '=' expecting {'(', '{'}
line 165:38 mismatched input '}' expecting {'(', '{'}
line 171:14 mismatched input '\ifExintVar' expecting {MODALITY, FORALL, EXISTS, '\if', '\ifEx', 'true', 'false', '(', '{', '@', NOT, SEQARROW, '-', STRING_LITERAL, CHAR_LITERAL, BIN_LITERAL, HEX_LITERAL, IDENT, INT_LITERAL, FLOAT_LITERAL, DOUBLE_LITERAL, REAL_LITERAL}
line 171:27 extraneous input '(' expecting {'\lemma', '}', IDENT, '/*!'}
line 171:30 mismatched input '=' expecting {'(', '{'}
line 173:38 mismatched input '}' expecting {'(', '{'}
line 179:14 mismatched input '\ifExintVar' expecting {MODALITY, FORALL, EXISTS, '\if', '\ifEx', 'true', 'false', '(', '{', '@', NOT, SEQARROW, '-', STRING_LITERAL, CHAR_LITERAL, BIN_LITERAL, HEX_LITERAL, IDENT, INT_LITERAL, FLOAT_LITERAL, DOUBLE_LITERAL, REAL_LITERAL}
line 179:27 extraneous input '(' expecting {'\lemma', '}', IDENT, '/*!'}
line 179:32 mismatched input '&amp;' expecting {'(', '{'}
line 181:42 mismatched input '}' expecting {'(', '{'}
line 182:39 mismatched input '}' expecting {'(', '{'}
line 188:14 mismatched input '\ifExintVar' expecting {MODALITY, FORALL, EXISTS, '\if', '\ifEx', 'true', 'false', '(', '{', '@', NOT, SEQARROW, '-', STRING_LITERAL, CHAR_LITERAL, BIN_LITERAL, HEX_LITERAL, IDENT, INT_LITERAL, FLOAT_LITERAL, DOUBLE_LITERAL, REAL_LITERAL}
line 188:27 extraneous input '(' expecting {'\lemma', '}', IDENT, '/*!'}
line 188:32 mismatched input '&amp;' expecting {'(', '{'}
line 190:42 mismatched input '}' expecting {'(', '{'}
line 191:39 mismatched input '}' expecting {'(', '{'}
line 198:14 mismatched input '\ifExintVar' expecting {MODALITY, FORALL, EXISTS, '\if', '\ifEx', 'true', 'false', '(', '{', '@', NOT, SEQARROW, '-', STRING_LITERAL, CHAR_LITERAL, BIN_LITERAL, HEX_LITERAL, IDENT, INT_LITERAL, FLOAT_LITERAL, DOUBLE_LITERAL, REAL_LITERAL}
line 198:27 extraneous input '(' expecting {'\lemma', '}', IDENT, '/*!'}
line 198:32 mismatched input '&amp;' expecting {'(', '{'}
line 200:42 mismatched input '}' expecting {'(', '{'}
line 201:39 mismatched input '}' expecting {'(', '{'}
line 208:14 mismatched input '\ifExintVar' expecting {MODALITY, FORALL, EXISTS, '\if', '\ifEx', 'true', 'false', '(', '{', '@', NOT, SEQARROW, '-', STRING_LITERAL, CHAR_LITERAL, BIN_LITERAL, HEX_LITERAL, IDENT, INT_LITERAL, FLOAT_LITERAL, DOUBLE_LITERAL, REAL_LITERAL}
line 208:27 extraneous input '(' expecting {'\lemma', '}', IDENT, '/*!'}
line 208:32 mismatched input '&amp;' expecting {'(', '{'}
line 210:42 mismatched input '}' expecting {'(', '{'}
line 211:39 mismatched input '}' expecting {'(', '{'}
line 218:14 mismatched input '\ifExintVar' expecting {MODALITY, FORALL, EXISTS, '\if', '\ifEx', 'true', 'false', '(', '{', '@', NOT, SEQARROW, '-', STRING_LITERAL, CHAR_LITERAL, BIN_LITERAL, HEX_LITERAL, IDENT, INT_LITERAL, FLOAT_LITERAL, DOUBLE_LITERAL, REAL_LITERAL}
line 218:27 extraneous input '(' expecting {'\lemma', '}', IDENT, '/*!'}
line 218:31 mismatched input ')' expecting {'(', '{'}
line 220:44 mismatched input ')' expecting {'(', '{'}
line 225:14 mismatched input '\ifExintVar' expecting {MODALITY, FORALL, EXISTS, '\if', '\ifEx', 'true', 'false', '(', '{', '@', NOT, SEQARROW, '-', STRING_LITERAL, CHAR_LITERAL, BIN_LITERAL, HEX_LITERAL, IDENT, INT_LITERAL, FLOAT_LITERAL, DOUBLE_LITERAL, REAL_LITERAL}
line 225:27 extraneous input '(' expecting {'\lemma', '}', IDENT, '/*!'}
line 225:31 mismatched input ')' expecting {'(', '{'}
line 227:44 mismatched input ')' expecting {'(', '{'}
line 233:14 mismatched input '\ifExintVar' expecting {MODALITY, FORALL, EXISTS, '\if', '\ifEx', 'true', 'false', '(', '{', '@', NOT, SEQARROW, '-', STRING_LITERAL, CHAR_LITERAL, BIN_LITERAL, HEX_LITERAL, IDENT, INT_LITERAL, FLOAT_LITERAL, DOUBLE_LITERAL, REAL_LITERAL}
line 233:27 extraneous input '(' expecting {'\lemma', '}', IDENT, '/*!'}
line 233:31 mismatched input ')' expecting {'(', '{'}
line 237:42 mismatched input '}' expecting {'(', '{'}
line 238:34 mismatched input '}' expecting {'(', '{'}
line 239:28 extraneous input '(' expecting {'\lemma', '}', IDENT, '/*!'}
line 239:33 mismatched input '-&gt;' expecting {'(', '{'}
line 240:8 extraneous input '\replacewith' expecting {'\lemma', '}', IDENT, '/*!'}
line 240:25 mismatched input ')' expecting {'(', '{'}
line 240:56 mismatched input ')' expecting {'(', '{'}
line 245:14 mismatched input '\ifExintVar' expecting {MODALITY, FORALL, EXISTS, '\if', '\ifEx', 'true', 'false', '(', '{', '@', NOT, SEQARROW, '-', STRING_LITERAL, CHAR_LITERAL, BIN_LITERAL, HEX_LITERAL, IDENT, INT_LITERAL, FLOAT_LITERAL, DOUBLE_LITERAL, REAL_LITERAL}
line 245:27 extraneous input '(' expecting {'\lemma', '}', IDENT, '/*!'}
line 245:31 mismatched input ')' expecting {'(', '{'}
line 248:45 mismatched input '}' expecting {'(', '{'}
line 249:8 extraneous input '\replacewith' expecting {'\lemma', '}', IDENT, '/*!'}
line 249:38 mismatched input ')' expecting {'(', '{'}
line 250:42 mismatched input '}' expecting {'(', '{'}
line 251:28 extraneous input '(' expecting {'\lemma', '}', IDENT, '/*!'}
line 251:33 mismatched input '-&gt;' expecting {'(', '{'}
line 255:14 mismatched input '\ifExintVar' expecting {MODALITY, FORALL, EXISTS, '\if', '\ifEx', 'true', 'false', '(', '{', '@', NOT, SEQARROW, '-', STRING_LITERAL, CHAR_LITERAL, BIN_LITERAL, HEX_LITERAL, IDENT, INT_LITERAL, FLOAT_LITERAL, DOUBLE_LITERAL, REAL_LITERAL}
line 255:27 extraneous input '(' expecting {'\lemma', '}', IDENT, '/*!'}
line 255:31 mismatched input ')' expecting {'(', '{'}
line 258:52 extraneous input '0' expecting {'\lemma', '}', IDENT, '/*!'}
line 258:54 mismatched input 'then' expecting {&lt;EOF&gt;, '\problem', '\chooseContract', '\proofObligation', '\proof'}
 (file: src/test/resources/testcase/termLabels/flatSteps/FlatSteps.java; caused by: de.uka.ilkd.key.proof.init.ProofInputException: line 135:14 mismatched input '\ifExintVar' expecting {MODALITY, FORALL, EXISTS, '\if', '\ifEx', 'true', 'false', '(', '{', '@', NOT, SEQARROW, '-', STRING_LITERAL, CHAR_LITERAL, BIN_LITERAL, HEX_LITERAL, IDENT, INT_LITERAL, FLOAT_LITERAL, DOUBLE_LITERAL, REAL_LITERAL}
line 135:27 extraneous input '(' expecting {'\lemma', '}', IDENT, '/*!'}
line 135:44 mismatched input ')' expecting {'(', '{'}
line 141:14 mismatched input '\ifExintVar' expecting {MODALITY, FORALL, EXISTS, '\if', '\ifEx', 'true', 'false', '(', '{', '@', NOT, SEQARROW, '-', STRING_LITERAL, CHAR_LITERAL, BIN_LITERAL, HEX_LITERAL, IDENT, INT_LITERAL, FLOAT_LITERAL, DOUBLE_LITERAL, REAL_LITERAL}
line 141:27 extraneous input '(' expecting {'\lemma', '}', IDENT, '/*!'}
line 141:41 mismatched input ')' expecting {'(', '{'}
line 148:14 mismatched input '\ifExintVar' expecting {MODALITY, FORALL, EXISTS, '\if', '\ifEx', 'true', 'false', '(', '{', '@', NOT, SEQARROW, '-', STRING_LITERAL, CHAR_LITERAL, BIN_LITERAL, HEX_LITERAL, IDENT, INT_LITERAL, FLOAT_LITERAL, DOUBLE_LITERAL, REAL_LITERAL}
line 148:27 extraneous input '(' expecting {'\lemma', '}', IDENT, '/*!'}
line 148:35 mismatched input '=' expecting {'(', '{'}
line 150:38 mismatched input '}' expecting {'(', '{'}
line 155:14 mismatched input '\ifExintVar' expecting {MODALITY, FORALL, EXISTS, '\if', '\ifEx', 'true', 'false', '(', '{', '@', NOT, SEQARROW, '-', STRING_LITERAL, CHAR_LITERAL, BIN_LITERAL, HEX_LITERAL, IDENT, INT_LITERAL, FLOAT_LITERAL, DOUBLE_LITERAL, REAL_LITERAL}
line 155:27 extraneous input '(' expecting {'\lemma', '}', IDENT, '/*!'}
line 155:35 mismatched input '=' expecting {'(', '{'}
line 157:38 mismatched input '}' expecting {'(', '{'}
line 163:14 mismatched input '\ifExintVar' expecting {MODALITY, FORALL, EXISTS, '\if', '\ifEx', 'true', 'false', '(', '{', '@', NOT, SEQARROW, '-', STRING_LITERAL, CHAR_LITERAL, BIN_LITERAL, HEX_LITERAL, IDENT, INT_LITERAL, FLOAT_LITERAL, DOUBLE_LITERAL, REAL_LITERAL}
line 163:27 extraneous input '(' expecting {'\lemma', '}', IDENT, '/*!'}
line 163:30 mismatched input '=' expecting {'(', '{'}
line 165:38 mismatched input '}' expecting {'(', '{'}
line 171:14 mismatched input '\ifExintVar' expecting {MODALITY, FORALL, EXISTS, '\if', '\ifEx', 'true', 'false', '(', '{', '@', NOT, SEQARROW, '-', STRING_LITERAL, CHAR_LITERAL, BIN_LITERAL, HEX_LITERAL, IDENT, INT_LITERAL, FLOAT_LITERAL, DOUBLE_LITERAL, REAL_LITERAL}
line 171:27 extraneous input '(' expecting {'\lemma', '}', IDENT, '/*!'}
line 171:30 mismatched input '=' expecting {'(', '{'}
line 173:38 mismatched input '}' expecting {'(', '{'}
line 179:14 mismatched input '\ifExintVar' expecting {MODALITY, FORALL, EXISTS, '\if', '\ifEx', 'true', 'false', '(', '{', '@', NOT, SEQARROW, '-', STRING_LITERAL, CHAR_LITERAL, BIN_LITERAL, HEX_LITERAL, IDENT, INT_LITERAL, FLOAT_LITERAL, DOUBLE_LITERAL, REAL_LITERAL}
line 179:27 extraneous input '(' expecting {'\lemma', '}', IDENT, '/*!'}
line 179:32 mismatched input '&amp;' expecting {'(', '{'}
line 181:42 mismatched input '}' expecting {'(', '{'}
line 182:39 mismatched input '}' expecting {'(', '{'}
line 188:14 mismatched input '\ifExintVar' expecting {MODALITY, FORALL, EXISTS, '\if', '\ifEx', 'true', 'false', '(', '{', '@', NOT, SEQARROW, '-', STRING_LITERAL, CHAR_LITERAL, BIN_LITERAL, HEX_LITERAL, IDENT, INT_LITERAL, FLOAT_LITERAL, DOUBLE_LITERAL, REAL_LITERAL}
line 188:27 extraneous input '(' expecting {'\lemma', '}', IDENT, '/*!'}
line 188:32 mismatched input '&amp;' expecting {'(', '{'}
line 190:42 mismatched input '}' expecting {'(', '{'}
line 191:39 mismatched input '}' expecting {'(', '{'}
line 198:14 mismatched input '\ifExintVar' expecting {MODALITY, FORALL, EXISTS, '\if', '\ifEx', 'true', 'false', '(', '{', '@', NOT, SEQARROW, '-', STRING_LITERAL, CHAR_LITERAL, BIN_LITERAL, HEX_LITERAL, IDENT, INT_LITERAL, FLOAT_LITERAL, DOUBLE_LITERAL, REAL_LITERAL}
line 198:27 extraneous input '(' expecting {'\lemma', '}', IDENT, '/*!'}
line 198:32 mismatched input '&amp;' expecting {'(', '{'}
line 200:42 mismatched input '}' expecting {'(', '{'}
line 201:39 mismatched input '}' expecting {'(', '{'}
line 208:14 mismatched input '\ifExintVar' expecting {MODALITY, FORALL, EXISTS, '\if', '\ifEx', 'true', 'false', '(', '{', '@', NOT, SEQARROW, '-', STRING_LITERAL, CHAR_LITERAL, BIN_LITERAL, HEX_LITERAL, IDENT, INT_LITERAL, FLOAT_LITERAL, DOUBLE_LITERAL, REAL_LITERAL}
line 208:27 extraneous input '(' expecting {'\lemma', '}', IDENT, '/*!'}
line 208:32 mismatched input '&amp;' expecting {'(', '{'}
line 210:42 mismatched input '}' expecting {'(', '{'}
line 211:39 mismatched input '}' expecting {'(', '{'}
line 218:14 mismatched input '\ifExintVar' expecting {MODALITY, FORALL, EXISTS, '\if', '\ifEx', 'true', 'false', '(', '{', '@', NOT, SEQARROW, '-', STRING_LITERAL, CHAR_LITERAL, BIN_LITERAL, HEX_LITERAL, IDENT, INT_LITERAL, FLOAT_LITERAL, DOUBLE_LITERAL, REAL_LITERAL}
line 218:27 extraneous input '(' expecting {'\lemma', '}', IDENT, '/*!'}
line 218:31 mismatched input ')' expecting {'(', '{'}
line 220:44 mismatched input ')' expecting {'(', '{'}
line 225:14 mismatched input '\ifExintVar' expecting {MODALITY, FORALL, EXISTS, '\if', '\ifEx', 'true', 'false', '(', '{', '@', NOT, SEQARROW, '-', STRING_LITERAL, CHAR_LITERAL, BIN_LITERAL, HEX_LITERAL, IDENT, INT_LITERAL, FLOAT_LITERAL, DOUBLE_LITERAL, REAL_LITERAL}
line 225:27 extraneous input '(' expecting {'\lemma', '}', IDENT, '/*!'}
line 225:31 mismatched input ')' expecting {'(', '{'}
line 227:44 mismatched input ')' expecting {'(', '{'}
line 233:14 mismatched input '\ifExintVar' expecting {MODALITY, FORALL, EXISTS, '\if', '\ifEx', 'true', 'false', '(', '{', '@', NOT, SEQARROW, '-', STRING_LITERAL, CHAR_LITERAL, BIN_LITERAL, HEX_LITERAL, IDENT, INT_LITERAL, FLOAT_LITERAL, DOUBLE_LITERAL, REAL_LITERAL}
line 233:27 extraneous input '(' expecting {'\lemma', '}', IDENT, '/*!'}
line 233:31 mismatched input ')' expecting {'(', '{'}
line 237:42 mismatched input '}' expecting {'(', '{'}
line 238:34 mismatched input '}' expecting {'(', '{'}
line 239:28 extraneous input '(' expecting {'\lemma', '}', IDENT, '/*!'}
line 239:33 mismatched input '-&gt;' expecting {'(', '{'}
line 240:8 extraneous input '\replacewith' expecting {'\lemma', '}', IDENT, '/*!'}
line 240:25 mismatched input ')' expecting {'(', '{'}
line 240:56 mismatched input ')' expecting {'(', '{'}
line 245:14 mismatched input '\ifExintVar' expecting {MODALITY, FORALL, EXISTS, '\if', '\ifEx', 'true', 'false', '(', '{', '@', NOT, SEQARROW, '-', STRING_LITERAL, CHAR_LITERAL, BIN_LITERAL, HEX_LITERAL, IDENT, INT_LITERAL, FLOAT_LITERAL, DOUBLE_LITERAL, REAL_LITERAL}
line 245:27 extraneous input '(' expecting {'\lemma', '}', IDENT, '/*!'}
line 245:31 mismatched input ')' expecting {'(', '{'}
line 248:45 mismatched input '}' expecting {'(', '{'}
line 249:8 extraneous input '\replacewith' expecting {'\lemma', '}', IDENT, '/*!'}
line 249:38 mismatched input ')' expecting {'(', '{'}
line 250:42 mismatched input '}' expecting {'(', '{'}
line 251:28 extraneous input '(' expecting {'\lemma', '}', IDENT, '/*!'}
line 251:33 mismatched input '-&gt;' expecting {'(', '{'}
line 255:14 mismatched input '\ifExintVar' expecting {MODALITY, FORALL, EXISTS, '\if', '\ifEx', 'true', 'false', '(', '{', '@', NOT, SEQARROW, '-', STRING_LITERAL, CHAR_LITERAL, BIN_LITERAL, HEX_LITERAL, IDENT, INT_LITERAL, FLOAT_LITERAL, DOUBLE_LITERAL, REAL_LITERAL}
line 255:27 extraneous input '(' expecting {'\lemma', '}', IDENT, '/*!'}
line 255:31 mismatched input ')' expecting {'(', '{'}
line 258:52 extraneous input '0' expecting {'\lemma', '}', IDENT, '/*!'}
line 258:54 mismatched input 'then' expecting {&lt;EOF&gt;, '\problem', '\chooseContract', '\proofObligation', '\proof'}
)
	at app//de.uka.ilkd.key.control.AbstractUserInterfaceControl.load(AbstractUserInterfaceControl.java:221)
	at app//de.uka.ilkd.key.control.KeYEnvironment.load(KeYEnvironment.java:251)
	at app//de.uka.ilkd.key.control.KeYEnvironment.load(KeYEnvironment.java:224)
	at app//de.uka.ilkd.key.control.KeYEnvironment.load(KeYEnvironment.java:184)
	at app//de.uka.ilkd.key.logic.TestTermLabelManager.createTestServices(TestTermLabelManager.java:624)
	at app//de.uka.ilkd.key.logic.TestTermLabelManager.doRefactoringTestLogging(TestTermLabelManager.java:106)
	at app//de.uka.ilkd.key.logic.TestTermLabelManager.testrefactorGoal_sequent_ruleSpecific(TestTermLabelManager.java:99)
	at java.base@11.0.18/jdk.internal.reflect.NativeMethodAccessorImpl.invoke0(Native Method)
	at java.base@11.0.18/jdk.internal.reflect.NativeMethodAccessorImpl.invoke(NativeMethodAccessorImpl.java:62)
	at java.base@11.0.18/jdk.internal.reflect.DelegatingMethodAccessorImpl.invoke(DelegatingMethodAccessorImpl.java:43)
	at java.base@11.0.18/java.lang.reflect.Method.invoke(Method.java:566)
	at app//org.junit.platform.commons.util.ReflectionUtils.invokeMethod(ReflectionUtils.java:725)
	at app//org.junit.jupiter.engine.execution.MethodInvocation.proceed(MethodInvocation.java:60)
	at app//org.junit.jupiter.engine.execution.InvocationInterceptorChain$ValidatingInvocation.proceed(InvocationInterceptorChain.java:131)
	at app//org.junit.jupiter.engine.extension.TimeoutExtension.intercept(TimeoutExtension.java:149)
	at app//org.junit.jupiter.engine.extension.TimeoutExtension.interceptTestableMethod(TimeoutExtension.java:140)
	at app//org.junit.jupiter.engine.extension.TimeoutExtension.interceptTestMethod(TimeoutExtension.java:84)
	at app//org.junit.jupiter.engine.execution.ExecutableInvoker$ReflectiveInterceptorCall.lambda$ofVoidMethod$0(ExecutableInvoker.java:115)
	at app//org.junit.jupiter.engine.execution.ExecutableInvoker.lambda$invoke$0(ExecutableInvoker.java:105)
	at app//org.junit.jupiter.engine.execution.InvocationInterceptorChain$InterceptedInvocation.proceed(InvocationInterceptorChain.java:106)
	at app//org.junit.jupiter.engine.execution.InvocationInterceptorChain.proceed(InvocationInterceptorChain.java:64)
	at app//org.junit.jupiter.engine.execution.InvocationInterceptorChain.chainAndInvoke(InvocationInterceptorChain.java:45)
	at app//org.junit.jupiter.engine.execution.InvocationInterceptorChain.invoke(InvocationInterceptorChain.java:37)
	at app//org.junit.jupiter.engine.execution.ExecutableInvoker.invoke(ExecutableInvoker.java:104)
	at app//org.junit.jupiter.engine.execution.ExecutableInvoker.invoke(ExecutableInvoker.java:98)
	at app//org.junit.jupiter.engine.descriptor.TestMethodTestDescriptor.lambda$invokeTestMethod$7(TestMethodTestDescriptor.java:214)
	at app//org.junit.platform.engine.support.hierarchical.ThrowableCollector.execute(ThrowableCollector.java:73)
	at app//org.junit.jupiter.engine.descriptor.TestMethodTestDescriptor.invokeTestMethod(TestMethodTestDescriptor.java:210)
	at app//org.junit.jupiter.engine.descriptor.TestMethodTestDescriptor.execute(TestMethodTestDescriptor.java:135)
	at app//org.junit.jupiter.engine.descriptor.TestMethodTestDescriptor.execute(TestMethodTestDescriptor.java:66)
	at app//org.junit.platform.engine.support.hierarchical.NodeTestTask.lambda$executeRecursively$6(NodeTestTask.java:151)
	at app//org.junit.platform.engine.support.hierarchical.ThrowableCollector.execute(ThrowableCollector.java:73)
	at app//org.junit.platform.engine.support.hierarchical.NodeTestTask.lambda$executeRecursively$8(NodeTestTask.java:141)
	at app//org.junit.platform.engine.support.hierarchical.Node.around(Node.java:137)
	at app//org.junit.platform.engine.support.hierarchical.NodeTestTask.lambda$executeRecursively$9(NodeTestTask.java:139)
	at app//org.junit.platform.engine.support.hierarchical.ThrowableCollector.execute(ThrowableCollector.java:73)
	at app//org.junit.platform.engine.support.hierarchical.NodeTestTask.executeRecursively(NodeTestTask.java:138)
	at app//org.junit.platform.engine.support.hierarchical.NodeTestTask.execute(NodeTestTask.java:95)
	at java.base@11.0.18/java.util.ArrayList.forEach(ArrayList.java:1541)
	at app//org.junit.platform.engine.support.hierarchical.SameThreadHierarchicalTestExecutorService.invokeAll(SameThreadHierarchicalTestExecutorService.java:41)
	at app//org.junit.platform.engine.support.hierarchical.NodeTestTask.lambda$executeRecursively$6(NodeTestTask.java:155)
	at app//org.junit.platform.engine.support.hierarchical.ThrowableCollector.execute(ThrowableCollector.java:73)
	at app//org.junit.platform.engine.support.hierarchical.NodeTestTask.lambda$executeRecursively$8(NodeTestTask.java:141)
	at app//org.junit.platform.engine.support.hierarchical.Node.around(Node.java:137)
	at app//org.junit.platform.engine.support.hierarchical.NodeTestTask.lambda$executeRecursively$9(NodeTestTask.java:139)
	at app//org.junit.platform.engine.support.hierarchical.ThrowableCollector.execute(ThrowableCollector.java:73)
	at app//org.junit.platform.engine.support.hierarchical.NodeTestTask.executeRecursively(NodeTestTask.java:138)
	at app//org.junit.platform.engine.support.hierarchical.NodeTestTask.execute(NodeTestTask.java:95)
	at java.base@11.0.18/java.util.ArrayList.forEach(ArrayList.java:1541)
	at app//org.junit.platform.engine.support.hierarchical.SameThreadHierarchicalTestExecutorService.invokeAll(SameThreadHierarchicalTestExecutorService.java:41)
	at app//org.junit.platform.engine.support.hierarchical.NodeTestTask.lambda$executeRecursively$6(NodeTestTask.java:155)
	at app//org.junit.platform.engine.support.hierarchical.ThrowableCollector.execute(ThrowableCollector.java:73)
	at app//org.junit.platform.engine.support.hierarchical.NodeTestTask.lambda$executeRecursively$8(NodeTestTask.java:141)
	at app//org.junit.platform.engine.support.hierarchical.Node.around(Node.java:137)
	at app//org.junit.platform.engine.support.hierarchical.NodeTestTask.lambda$executeRecursively$9(NodeTestTask.java:139)
	at app//org.junit.platform.engine.support.hierarchical.ThrowableCollector.execute(ThrowableCollector.java:73)
	at app//org.junit.platform.engine.support.hierarchical.NodeTestTask.executeRecursively(NodeTestTask.java:138)
	at app//org.junit.platform.engine.support.hierarchical.NodeTestTask.execute(NodeTestTask.java:95)
	at app//org.junit.platform.engine.support.hierarchical.SameThreadHierarchicalTestExecutorService.submit(SameThreadHierarchicalTestExecutorService.java:35)
	at app//org.junit.platform.engine.support.hierarchical.HierarchicalTestExecutor.execute(HierarchicalTestExecutor.java:57)
	at app//org.junit.platform.engine.support.hierarchical.HierarchicalTestEngine.execute(HierarchicalTestEngine.java:54)
	at org.junit.platform.launcher.core.EngineExecutionOrchestrator.execute(EngineExecutionOrchestrator.java:107)
	at org.junit.platform.launcher.core.EngineExecutionOrchestrator.execute(EngineExecutionOrchestrator.java:88)
	at org.junit.platform.launcher.core.EngineExecutionOrchestrator.lambda$execute$0(EngineExecutionOrchestrator.java:54)
	at org.junit.platform.launcher.core.EngineExecutionOrchestrator.withInterceptedStreams(EngineExecutionOrchestrator.java:67)
	at org.junit.platform.launcher.core.EngineExecutionOrchestrator.execute(EngineExecutionOrchestrator.java:52)
	at org.junit.platform.launcher.core.DefaultLauncher.execute(DefaultLauncher.java:114)
	at org.junit.platform.launcher.core.DefaultLauncher.execute(DefaultLauncher.java:86)
	at org.junit.platform.launcher.core.DefaultLauncherSession$DelegatingLauncher.execute(DefaultLauncherSession.java:86)
	at org.junit.platform.launcher.core.SessionPerRequestLauncher.execute(SessionPerRequestLauncher.java:53)
	at org.gradle.api.internal.tasks.testing.junitplatform.JUnitPlatformTestClassProcessor$CollectAllTestClassesExecutor.processAllTestClasses(JUnitPlatformTestClassProcessor.java:99)
	at org.gradle.api.internal.tasks.testing.junitplatform.JUnitPlatformTestClassProcessor$CollectAllTestClassesExecutor.access$000(JUnitPlatformTestClassProcessor.java:79)
	at org.gradle.api.internal.tasks.testing.junitplatform.JUnitPlatformTestClassProcessor.stop(JUnitPlatformTestClassProcessor.java:75)
	at org.gradle.api.internal.tasks.testing.SuiteTestClassProcessor.stop(SuiteTestClassProcessor.java:62)
	at java.base@11.0.18/jdk.internal.reflect.NativeMethodAccessorImpl.invoke0(Native Method)
	at java.base@11.0.18/jdk.internal.reflect.NativeMethodAccessorImpl.invoke(NativeMethodAccessorImpl.java:62)
	at java.base@11.0.18/jdk.internal.reflect.DelegatingMethodAccessorImpl.invoke(DelegatingMethodAccessorImpl.java:43)
	at java.base@11.0.18/java.lang.reflect.Method.invoke(Method.java:566)
	at org.gradle.internal.dispatch.ReflectionDispatch.dispatch(ReflectionDispatch.java:36)
	at org.gradle.internal.dispatch.ReflectionDispatch.dispatch(ReflectionDispatch.java:24)
	at org.gradle.internal.dispatch.ContextClassLoaderDispatch.dispatch(ContextClassLoaderDispatch.java:33)
	at org.gradle.internal.dispatch.ProxyDispatchAdapter$DispatchingInvocationHandler.invoke(ProxyDispatchAdapter.java:94)
	at com.sun.proxy.$Proxy2.stop(Unknown Source)
	at org.gradle.api.internal.tasks.testing.worker.TestWorker$3.run(TestWorker.java:193)
	at org.gradle.api.internal.tasks.testing.worker.TestWorker.executeAndMaintainThreadName(TestWorker.java:129)
	at org.gradle.api.internal.tasks.testing.worker.TestWorker.execute(TestWorker.java:100)
	at org.gradle.api.internal.tasks.testing.worker.TestWorker.execute(TestWorker.java:60)
	at org.gradle.process.internal.worker.child.ActionExecutionWorker.execute(ActionExecutionWorker.java:56)
	at org.gradle.process.internal.worker.child.SystemApplicationClassLoaderWorker.call(SystemApplicationClassLoaderWorker.java:113)
	at org.gradle.process.internal.worker.child.SystemApplicationClassLoaderWorker.call(SystemApplicationClassLoaderWorker.java:65)
	at app//worker.org.gradle.process.internal.worker.GradleWorkerMain.run(GradleWorkerMain.java:69)
	at app//worker.org.gradle.process.internal.worker.GradleWorkerMain.main(GradleWorkerMain.java:74)
Caused by: de.uka.ilkd.key.proof.init.ProofInputException: line 135:14 mismatched input '\ifExintVar' expecting {MODALITY, FORALL, EXISTS, '\if', '\ifEx', 'true', 'false', '(', '{', '@', NOT, SEQARROW, '-', STRING_LITERAL, CHAR_LITERAL, BIN_LITERAL, HEX_LITERAL, IDENT, INT_LITERAL, FLOAT_LITERAL, DOUBLE_LITERAL, REAL_LITERAL}
line 135:27 extraneous input '(' expecting {'\lemma', '}', IDENT, '/*!'}
line 135:44 mismatched input ')' expecting {'(', '{'}
line 141:14 mismatched input '\ifExintVar' expecting {MODALITY, FORALL, EXISTS, '\if', '\ifEx', 'true', 'false', '(', '{', '@', NOT, SEQARROW, '-', STRING_LITERAL, CHAR_LITERAL, BIN_LITERAL, HEX_LITERAL, IDENT, INT_LITERAL, FLOAT_LITERAL, DOUBLE_LITERAL, REAL_LITERAL}
line 141:27 extraneous input '(' expecting {'\lemma', '}', IDENT, '/*!'}
line 141:41 mismatched input ')' expecting {'(', '{'}
line 148:14 mismatched input '\ifExintVar' expecting {MODALITY, FORALL, EXISTS, '\if', '\ifEx', 'true', 'false', '(', '{', '@', NOT, SEQARROW, '-', STRING_LITERAL, CHAR_LITERAL, BIN_LITERAL, HEX_LITERAL, IDENT, INT_LITERAL, FLOAT_LITERAL, DOUBLE_LITERAL, REAL_LITERAL}
line 148:27 extraneous input '(' expecting {'\lemma', '}', IDENT, '/*!'}
line 148:35 mismatched input '=' expecting {'(', '{'}
line 150:38 mismatched input '}' expecting {'(', '{'}
line 155:14 mismatched input '\ifExintVar' expecting {MODALITY, FORALL, EXISTS, '\if', '\ifEx', 'true', 'false', '(', '{', '@', NOT, SEQARROW, '-', STRING_LITERAL, CHAR_LITERAL, BIN_LITERAL, HEX_LITERAL, IDENT, INT_LITERAL, FLOAT_LITERAL, DOUBLE_LITERAL, REAL_LITERAL}
line 155:27 extraneous input '(' expecting {'\lemma', '}', IDENT, '/*!'}
line 155:35 mismatched input '=' expecting {'(', '{'}
line 157:38 mismatched input '}' expecting {'(', '{'}
line 163:14 mismatched input '\ifExintVar' expecting {MODALITY, FORALL, EXISTS, '\if', '\ifEx', 'true', 'false', '(', '{', '@', NOT, SEQARROW, '-', STRING_LITERAL, CHAR_LITERAL, BIN_LITERAL, HEX_LITERAL, IDENT, INT_LITERAL, FLOAT_LITERAL, DOUBLE_LITERAL, REAL_LITERAL}
line 163:27 extraneous input '(' expecting {'\lemma', '}', IDENT, '/*!'}
line 163:30 mismatched input '=' expecting {'(', '{'}
line 165:38 mismatched input '}' expecting {'(', '{'}
line 171:14 mismatched input '\ifExintVar' expecting {MODALITY, FORALL, EXISTS, '\if', '\ifEx', 'true', 'false', '(', '{', '@', NOT, SEQARROW, '-', STRING_LITERAL, CHAR_LITERAL, BIN_LITERAL, HEX_LITERAL, IDENT, INT_LITERAL, FLOAT_LITERAL, DOUBLE_LITERAL, REAL_LITERAL}
line 171:27 extraneous input '(' expecting {'\lemma', '}', IDENT, '/*!'}
line 171:30 mismatched input '=' expecting {'(', '{'}
line 173:38 mismatched input '}' expecting {'(', '{'}
line 179:14 mismatched input '\ifExintVar' expecting {MODALITY, FORALL, EXISTS, '\if', '\ifEx', 'true', 'false', '(', '{', '@', NOT, SEQARROW, '-', STRING_LITERAL, CHAR_LITERAL, BIN_LITERAL, HEX_LITERAL, IDENT, INT_LITERAL, FLOAT_LITERAL, DOUBLE_LITERAL, REAL_LITERAL}
line 179:27 extraneous input '(' expecting {'\lemma', '}', IDENT, '/*!'}
line 179:32 mismatched input '&amp;' expecting {'(', '{'}
line 181:42 mismatched input '}' expecting {'(', '{'}
line 182:39 mismatched input '}' expecting {'(', '{'}
line 188:14 mismatched input '\ifExintVar' expecting {MODALITY, FORALL, EXISTS, '\if', '\ifEx', 'true', 'false', '(', '{', '@', NOT, SEQARROW, '-', STRING_LITERAL, CHAR_LITERAL, BIN_LITERAL, HEX_LITERAL, IDENT, INT_LITERAL, FLOAT_LITERAL, DOUBLE_LITERAL, REAL_LITERAL}
line 188:27 extraneous input '(' expecting {'\lemma', '}', IDENT, '/*!'}
line 188:32 mismatched input '&amp;' expecting {'(', '{'}
line 190:42 mismatched input '}' expecting {'(', '{'}
line 191:39 mismatched input '}' expecting {'(', '{'}
line 198:14 mismatched input '\ifExintVar' expecting {MODALITY, FORALL, EXISTS, '\if', '\ifEx', 'true', 'false', '(', '{', '@', NOT, SEQARROW, '-', STRING_LITERAL, CHAR_LITERAL, BIN_LITERAL, HEX_LITERAL, IDENT, INT_LITERAL, FLOAT_LITERAL, DOUBLE_LITERAL, REAL_LITERAL}
line 198:27 extraneous input '(' expecting {'\lemma', '}', IDENT, '/*!'}
line 198:32 mismatched input '&amp;' expecting {'(', '{'}
line 200:42 mismatched input '}' expecting {'(', '{'}
line 201:39 mismatched input '}' expecting {'(', '{'}
line 208:14 mismatched input '\ifExintVar' expecting {MODALITY, FORALL, EXISTS, '\if', '\ifEx', 'true', 'false', '(', '{', '@', NOT, SEQARROW, '-', STRING_LITERAL, CHAR_LITERAL, BIN_LITERAL, HEX_LITERAL, IDENT, INT_LITERAL, FLOAT_LITERAL, DOUBLE_LITERAL, REAL_LITERAL}
line 208:27 extraneous input '(' expecting {'\lemma', '}', IDENT, '/*!'}
line 208:32 mismatched input '&amp;' expecting {'(', '{'}
line 210:42 mismatched input '}' expecting {'(', '{'}
line 211:39 mismatched input '}' expecting {'(', '{'}
line 218:14 mismatched input '\ifExintVar' expecting {MODALITY, FORALL, EXISTS, '\if', '\ifEx', 'true', 'false', '(', '{', '@', NOT, SEQARROW, '-', STRING_LITERAL, CHAR_LITERAL, BIN_LITERAL, HEX_LITERAL, IDENT, INT_LITERAL, FLOAT_LITERAL, DOUBLE_LITERAL, REAL_LITERAL}
line 218:27 extraneous input '(' expecting {'\lemma', '}', IDENT, '/*!'}
line 218:31 mismatched input ')' expecting {'(', '{'}
line 220:44 mismatched input ')' expecting {'(', '{'}
line 225:14 mismatched input '\ifExintVar' expecting {MODALITY, FORALL, EXISTS, '\if', '\ifEx', 'true', 'false', '(', '{', '@', NOT, SEQARROW, '-', STRING_LITERAL, CHAR_LITERAL, BIN_LITERAL, HEX_LITERAL, IDENT, INT_LITERAL, FLOAT_LITERAL, DOUBLE_LITERAL, REAL_LITERAL}
line 225:27 extraneous input '(' expecting {'\lemma', '}', IDENT, '/*!'}
line 225:31 mismatched input ')' expecting {'(', '{'}
line 227:44 mismatched input ')' expecting {'(', '{'}
line 233:14 mismatched input '\ifExintVar' expecting {MODALITY, FORALL, EXISTS, '\if', '\ifEx', 'true', 'false', '(', '{', '@', NOT, SEQARROW, '-', STRING_LITERAL, CHAR_LITERAL, BIN_LITERAL, HEX_LITERAL, IDENT, INT_LITERAL, FLOAT_LITERAL, DOUBLE_LITERAL, REAL_LITERAL}
line 233:27 extraneous input '(' expecting {'\lemma', '}', IDENT, '/*!'}
line 233:31 mismatched input ')' expecting {'(', '{'}
line 237:42 mismatched input '}' expecting {'(', '{'}
line 238:34 mismatched input '}' expecting {'(', '{'}
line 239:28 extraneous input '(' expecting {'\lemma', '}', IDENT, '/*!'}
line 239:33 mismatched input '-&gt;' expecting {'(', '{'}
line 240:8 extraneous input '\replacewith' expecting {'\lemma', '}', IDENT, '/*!'}
line 240:25 mismatched input ')' expecting {'(', '{'}
line 240:56 mismatched input ')' expecting {'(', '{'}
line 245:14 mismatched input '\ifExintVar' expecting {MODALITY, FORALL, EXISTS, '\if', '\ifEx', 'true', 'false', '(', '{', '@', NOT, SEQARROW, '-', STRING_LITERAL, CHAR_LITERAL, BIN_LITERAL, HEX_LITERAL, IDENT, INT_LITERAL, FLOAT_LITERAL, DOUBLE_LITERAL, REAL_LITERAL}
line 245:27 extraneous input '(' expecting {'\lemma', '}', IDENT, '/*!'}
line 245:31 mismatched input ')' expecting {'(', '{'}
line 248:45 mismatched input '}' expecting {'(', '{'}
line 249:8 extraneous input '\replacewith' expecting {'\lemma', '}', IDENT, '/*!'}
line 249:38 mismatched input ')' expecting {'(', '{'}
line 250:42 mismatched input '}' expecting {'(', '{'}
line 251:28 extraneous input '(' expecting {'\lemma', '}', IDENT, '/*!'}
line 251:33 mismatched input '-&gt;' expecting {'(', '{'}
line 255:14 mismatched input '\ifExintVar' expecting {MODALITY, FORALL, EXISTS, '\if', '\ifEx', 'true', 'false', '(', '{', '@', NOT, SEQARROW, '-', STRING_LITERAL, CHAR_LITERAL, BIN_LITERAL, HEX_LITERAL, IDENT, INT_LITERAL, FLOAT_LITERAL, DOUBLE_LITERAL, REAL_LITERAL}
line 255:27 extraneous input '(' expecting {'\lemma', '}', IDENT, '/*!'}
line 255:31 mismatched input ')' expecting {'(', '{'}
line 258:52 extraneous input '0' expecting {'\lemma', '}', IDENT, '/*!'}
line 258:54 mismatched input 'then' expecting {&lt;EOF&gt;, '\problem', '\chooseContract', '\proofObligation', '\proof'}

	at app//de.uka.ilkd.key.proof.io.KeYFile.readIncludes(KeYFile.java:210)
	at app//de.uka.ilkd.key.proof.init.ProblemInitializer.readIncludes(ProblemInitializer.java:177)
	at app//de.uka.ilkd.key.proof.init.ProblemInitializer.readEnvInput(ProblemInitializer.java:325)
	at app//de.uka.ilkd.key.proof.init.ProblemInitializer.readIncludes(ProblemInitializer.java:188)
	at app//de.uka.ilkd.key.proof.init.ProblemInitializer.readEnvInput(ProblemInitializer.java:325)
	at app//de.uka.ilkd.key.proof.init.ProblemInitializer.prepare(ProblemInitializer.java:449)
	at app//de.uka.ilkd.key.proof.io.AbstractProblemLoader.createInitConfig(AbstractProblemLoader.java:518)
	at app//de.uka.ilkd.key.proof.io.AbstractProblemLoader.loadEnvironment(AbstractProblemLoader.java:288)
	at app//de.uka.ilkd.key.proof.io.AbstractProblemLoader.load(AbstractProblemLoader.java:252)
	at app//de.uka.ilkd.key.control.AbstractUserInterfaceControl.load(AbstractUserInterfaceControl.java:209)
	... 91 more
Caused by: de.uka.ilkd.key.util.parsing.SyntaxErrorReporter$ParserException: line 135:14 mismatched input '\ifExintVar' expecting {MODALITY, FORALL, EXISTS, '\if', '\ifEx', 'true', 'false', '(', '{', '@', NOT, SEQARROW, '-', STRING_LITERAL, CHAR_LITERAL, BIN_LITERAL, HEX_LITERAL, IDENT, INT_LITERAL, FLOAT_LITERAL, DOUBLE_LITERAL, REAL_LITERAL}
line 135:27 extraneous input '(' expecting {'\lemma', '}', IDENT, '/*!'}
line 135:44 mismatched input ')' expecting {'(', '{'}
line 141:14 mismatched input '\ifExintVar' expecting {MODALITY, FORALL, EXISTS, '\if', '\ifEx', 'true', 'false', '(', '{', '@', NOT, SEQARROW, '-', STRING_LITERAL, CHAR_LITERAL, BIN_LITERAL, HEX_LITERAL, IDENT, INT_LITERAL, FLOAT_LITERAL, DOUBLE_LITERAL, REAL_LITERAL}
line 141:27 extraneous input '(' expecting {'\lemma', '}', IDENT, '/*!'}
line 141:41 mismatched input ')' expecting {'(', '{'}
line 148:14 mismatched input '\ifExintVar' expecting {MODALITY, FORALL, EXISTS, '\if', '\ifEx', 'true', 'false', '(', '{', '@', NOT, SEQARROW, '-', STRING_LITERAL, CHAR_LITERAL, BIN_LITERAL, HEX_LITERAL, IDENT, INT_LITERAL, FLOAT_LITERAL, DOUBLE_LITERAL, REAL_LITERAL}
line 148:27 extraneous input '(' expecting {'\lemma', '}', IDENT, '/*!'}
line 148:35 mismatched input '=' expecting {'(', '{'}
line 150:38 mismatched input '}' expecting {'(', '{'}
line 155:14 mismatched input '\ifExintVar' expecting {MODALITY, FORALL, EXISTS, '\if', '\ifEx', 'true', 'false', '(', '{', '@', NOT, SEQARROW, '-', STRING_LITERAL, CHAR_LITERAL, BIN_LITERAL, HEX_LITERAL, IDENT, INT_LITERAL, FLOAT_LITERAL, DOUBLE_LITERAL, REAL_LITERAL}
line 155:27 extraneous input '(' expecting {'\lemma', '}', IDENT, '/*!'}
line 155:35 mismatched input '=' expecting {'(', '{'}
line 157:38 mismatched input '}' expecting {'(', '{'}
line 163:14 mismatched input '\ifExintVar' expecting {MODALITY, FORALL, EXISTS, '\if', '\ifEx', 'true', 'false', '(', '{', '@', NOT, SEQARROW, '-', STRING_LITERAL, CHAR_LITERAL, BIN_LITERAL, HEX_LITERAL, IDENT, INT_LITERAL, FLOAT_LITERAL, DOUBLE_LITERAL, REAL_LITERAL}
line 163:27 extraneous input '(' expecting {'\lemma', '}', IDENT, '/*!'}
line 163:30 mismatched input '=' expecting {'(', '{'}
line 165:38 mismatched input '}' expecting {'(', '{'}
line 171:14 mismatched input '\ifExintVar' expecting {MODALITY, FORALL, EXISTS, '\if', '\ifEx', 'true', 'false', '(', '{', '@', NOT, SEQARROW, '-', STRING_LITERAL, CHAR_LITERAL, BIN_LITERAL, HEX_LITERAL, IDENT, INT_LITERAL, FLOAT_LITERAL, DOUBLE_LITERAL, REAL_LITERAL}
line 171:27 extraneous input '(' expecting {'\lemma', '}', IDENT, '/*!'}
line 171:30 mismatched input '=' expecting {'(', '{'}
line 173:38 mismatched input '}' expecting {'(', '{'}
line 179:14 mismatched input '\ifExintVar' expecting {MODALITY, FORALL, EXISTS, '\if', '\ifEx', 'true', 'false', '(', '{', '@', NOT, SEQARROW, '-', STRING_LITERAL, CHAR_LITERAL, BIN_LITERAL, HEX_LITERAL, IDENT, INT_LITERAL, FLOAT_LITERAL, DOUBLE_LITERAL, REAL_LITERAL}
line 179:27 extraneous input '(' expecting {'\lemma', '}', IDENT, '/*!'}
line 179:32 mismatched input '&amp;' expecting {'(', '{'}
line 181:42 mismatched input '}' expecting {'(', '{'}
line 182:39 mismatched input '}' expecting {'(', '{'}
line 188:14 mismatched input '\ifExintVar' expecting {MODALITY, FORALL, EXISTS, '\if', '\ifEx', 'true', 'false', '(', '{', '@', NOT, SEQARROW, '-', STRING_LITERAL, CHAR_LITERAL, BIN_LITERAL, HEX_LITERAL, IDENT, INT_LITERAL, FLOAT_LITERAL, DOUBLE_LITERAL, REAL_LITERAL}
line 188:27 extraneous input '(' expecting {'\lemma', '}', IDENT, '/*!'}
line 188:32 mismatched input '&amp;' expecting {'(', '{'}
line 190:42 mismatched input '}' expecting {'(', '{'}
line 191:39 mismatched input '}' expecting {'(', '{'}
line 198:14 mismatched input '\ifExintVar' expecting {MODALITY, FORALL, EXISTS, '\if', '\ifEx', 'true', 'false', '(', '{', '@', NOT, SEQARROW, '-', STRING_LITERAL, CHAR_LITERAL, BIN_LITERAL, HEX_LITERAL, IDENT, INT_LITERAL, FLOAT_LITERAL, DOUBLE_LITERAL, REAL_LITERAL}
line 198:27 extraneous input '(' expecting {'\lemma', '}', IDENT, '/*!'}
line 198:32 mismatched input '&amp;' expecting {'(', '{'}
line 200:42 mismatched input '}' expecting {'(', '{'}
line 201:39 mismatched input '}' expecting {'(', '{'}
line 208:14 mismatched input '\ifExintVar' expecting {MODALITY, FORALL, EXISTS, '\if', '\ifEx', 'true', 'false', '(', '{', '@', NOT, SEQARROW, '-', STRING_LITERAL, CHAR_LITERAL, BIN_LITERAL, HEX_LITERAL, IDENT, INT_LITERAL, FLOAT_LITERAL, DOUBLE_LITERAL, REAL_LITERAL}
line 208:27 extraneous input '(' expecting {'\lemma', '}', IDENT, '/*!'}
line 208:32 mismatched input '&amp;' expecting {'(', '{'}
line 210:42 mismatched input '}' expecting {'(', '{'}
line 211:39 mismatched input '}' expecting {'(', '{'}
line 218:14 mismatched input '\ifExintVar' expecting {MODALITY, FORALL, EXISTS, '\if', '\ifEx', 'true', 'false', '(', '{', '@', NOT, SEQARROW, '-', STRING_LITERAL, CHAR_LITERAL, BIN_LITERAL, HEX_LITERAL, IDENT, INT_LITERAL, FLOAT_LITERAL, DOUBLE_LITERAL, REAL_LITERAL}
line 218:27 extraneous input '(' expecting {'\lemma', '}', IDENT, '/*!'}
line 218:31 mismatched input ')' expecting {'(', '{'}
line 220:44 mismatched input ')' expecting {'(', '{'}
line 225:14 mismatched input '\ifExintVar' expecting {MODALITY, FORALL, EXISTS, '\if', '\ifEx', 'true', 'false', '(', '{', '@', NOT, SEQARROW, '-', STRING_LITERAL, CHAR_LITERAL, BIN_LITERAL, HEX_LITERAL, IDENT, INT_LITERAL, FLOAT_LITERAL, DOUBLE_LITERAL, REAL_LITERAL}
line 225:27 extraneous input '(' expecting {'\lemma', '}', IDENT, '/*!'}
line 225:31 mismatched input ')' expecting {'(', '{'}
line 227:44 mismatched input ')' expecting {'(', '{'}
line 233:14 mismatched input '\ifExintVar' expecting {MODALITY, FORALL, EXISTS, '\if', '\ifEx', 'true', 'false', '(', '{', '@', NOT, SEQARROW, '-', STRING_LITERAL, CHAR_LITERAL, BIN_LITERAL, HEX_LITERAL, IDENT, INT_LITERAL, FLOAT_LITERAL, DOUBLE_LITERAL, REAL_LITERAL}
line 233:27 extraneous input '(' expecting {'\lemma', '}', IDENT, '/*!'}
line 233:31 mismatched input ')' expecting {'(', '{'}
line 237:42 mismatched input '}' expecting {'(', '{'}
line 238:34 mismatched input '}' expecting {'(', '{'}
line 239:28 extraneous input '(' expecting {'\lemma', '}', IDENT, '/*!'}
line 239:33 mismatched input '-&gt;' expecting {'(', '{'}
line 240:8 extraneous input '\replacewith' expecting {'\lemma', '}', IDENT, '/*!'}
line 240:25 mismatched input ')' expecting {'(', '{'}
line 240:56 mismatched input ')' expecting {'(', '{'}
line 245:14 mismatched input '\ifExintVar' expecting {MODALITY, FORALL, EXISTS, '\if', '\ifEx', 'true', 'false', '(', '{', '@', NOT, SEQARROW, '-', STRING_LITERAL, CHAR_LITERAL, BIN_LITERAL, HEX_LITERAL, IDENT, INT_LITERAL, FLOAT_LITERAL, DOUBLE_LITERAL, REAL_LITERAL}
line 245:27 extraneous input '(' expecting {'\lemma', '}', IDENT, '/*!'}
line 245:31 mismatched input ')' expecting {'(', '{'}
line 248:45 mismatched input '}' expecting {'(', '{'}
line 249:8 extraneous input '\replacewith' expecting {'\lemma', '}', IDENT, '/*!'}
line 249:38 mismatched input ')' expecting {'(', '{'}
line 250:42 mismatched input '}' expecting {'(', '{'}
line 251:28 extraneous input '(' expecting {'\lemma', '}', IDENT, '/*!'}
line 251:33 mismatched input '-&gt;' expecting {'(', '{'}
line 255:14 mismatched input '\ifExintVar' expecting {MODALITY, FORALL, EXISTS, '\if', '\ifEx', 'true', 'false', '(', '{', '@', NOT, SEQARROW, '-', STRING_LITERAL, CHAR_LITERAL, BIN_LITERAL, HEX_LITERAL, IDENT, INT_LITERAL, FLOAT_LITERAL, DOUBLE_LITERAL, REAL_LITERAL}
line 255:27 extraneous input '(' expecting {'\lemma', '}', IDENT, '/*!'}
line 255:31 mismatched input ')' expecting {'(', '{'}
line 258:52 extraneous input '0' expecting {'\lemma', '}', IDENT, '/*!'}
line 258:54 mismatched input 'then' expecting {&lt;EOF&gt;, '\problem', '\chooseContract', '\proofObligation', '\proof'}

	at app//de.uka.ilkd.key.util.parsing.SyntaxErrorReporter.throwException(SyntaxErrorReporter.java:89)
	at app//de.uka.ilkd.key.nparser.ParsingFacade.parseFile(ParsingFacade.java:125)
	at app//de.uka.ilkd.key.proof.io.KeYFile.getParseContext(KeYFile.java:160)
	at app//de.uka.ilkd.key.proof.io.KeYFile.readIncludes(KeYFile.java:206)
	... 100 more
</failure>
  </testcase>
  <testcase name="testInstantiateLabels_updates_allRules()" classname="de.uka.ilkd.key.logic.TestTermLabelManager" time="0.096">
    <failure message="org.opentest4j.AssertionFailedError" type="org.opentest4j.AssertionFailedError">org.opentest4j.AssertionFailedError
	at app//org.junit.jupiter.api.AssertionUtils.fail(AssertionUtils.java:35)
	at app//org.junit.jupiter.api.Assertions.fail(Assertions.java:115)
	at app//de.uka.ilkd.key.logic.TestTermLabelManager.testInstantiateLabels_updates_allRules(TestTermLabelManager.java:211)
	at java.base@11.0.18/jdk.internal.reflect.NativeMethodAccessorImpl.invoke0(Native Method)
	at java.base@11.0.18/jdk.internal.reflect.NativeMethodAccessorImpl.invoke(NativeMethodAccessorImpl.java:62)
	at java.base@11.0.18/jdk.internal.reflect.DelegatingMethodAccessorImpl.invoke(DelegatingMethodAccessorImpl.java:43)
	at java.base@11.0.18/java.lang.reflect.Method.invoke(Method.java:566)
	at app//org.junit.platform.commons.util.ReflectionUtils.invokeMethod(ReflectionUtils.java:725)
	at app//org.junit.jupiter.engine.execution.MethodInvocation.proceed(MethodInvocation.java:60)
	at app//org.junit.jupiter.engine.execution.InvocationInterceptorChain$ValidatingInvocation.proceed(InvocationInterceptorChain.java:131)
	at app//org.junit.jupiter.engine.extension.TimeoutExtension.intercept(TimeoutExtension.java:149)
	at app//org.junit.jupiter.engine.extension.TimeoutExtension.interceptTestableMethod(TimeoutExtension.java:140)
	at app//org.junit.jupiter.engine.extension.TimeoutExtension.interceptTestMethod(TimeoutExtension.java:84)
	at app//org.junit.jupiter.engine.execution.ExecutableInvoker$ReflectiveInterceptorCall.lambda$ofVoidMethod$0(ExecutableInvoker.java:115)
	at app//org.junit.jupiter.engine.execution.ExecutableInvoker.lambda$invoke$0(ExecutableInvoker.java:105)
	at app//org.junit.jupiter.engine.execution.InvocationInterceptorChain$InterceptedInvocation.proceed(InvocationInterceptorChain.java:106)
	at app//org.junit.jupiter.engine.execution.InvocationInterceptorChain.proceed(InvocationInterceptorChain.java:64)
	at app//org.junit.jupiter.engine.execution.InvocationInterceptorChain.chainAndInvoke(InvocationInterceptorChain.java:45)
	at app//org.junit.jupiter.engine.execution.InvocationInterceptorChain.invoke(InvocationInterceptorChain.java:37)
	at app//org.junit.jupiter.engine.execution.ExecutableInvoker.invoke(ExecutableInvoker.java:104)
	at app//org.junit.jupiter.engine.execution.ExecutableInvoker.invoke(ExecutableInvoker.java:98)
	at app//org.junit.jupiter.engine.descriptor.TestMethodTestDescriptor.lambda$invokeTestMethod$7(TestMethodTestDescriptor.java:214)
	at app//org.junit.platform.engine.support.hierarchical.ThrowableCollector.execute(ThrowableCollector.java:73)
	at app//org.junit.jupiter.engine.descriptor.TestMethodTestDescriptor.invokeTestMethod(TestMethodTestDescriptor.java:210)
	at app//org.junit.jupiter.engine.descriptor.TestMethodTestDescriptor.execute(TestMethodTestDescriptor.java:135)
	at app//org.junit.jupiter.engine.descriptor.TestMethodTestDescriptor.execute(TestMethodTestDescriptor.java:66)
	at app//org.junit.platform.engine.support.hierarchical.NodeTestTask.lambda$executeRecursively$6(NodeTestTask.java:151)
	at app//org.junit.platform.engine.support.hierarchical.ThrowableCollector.execute(ThrowableCollector.java:73)
	at app//org.junit.platform.engine.support.hierarchical.NodeTestTask.lambda$executeRecursively$8(NodeTestTask.java:141)
	at app//org.junit.platform.engine.support.hierarchical.Node.around(Node.java:137)
	at app//org.junit.platform.engine.support.hierarchical.NodeTestTask.lambda$executeRecursively$9(NodeTestTask.java:139)
	at app//org.junit.platform.engine.support.hierarchical.ThrowableCollector.execute(ThrowableCollector.java:73)
	at app//org.junit.platform.engine.support.hierarchical.NodeTestTask.executeRecursively(NodeTestTask.java:138)
	at app//org.junit.platform.engine.support.hierarchical.NodeTestTask.execute(NodeTestTask.java:95)
	at java.base@11.0.18/java.util.ArrayList.forEach(ArrayList.java:1541)
	at app//org.junit.platform.engine.support.hierarchical.SameThreadHierarchicalTestExecutorService.invokeAll(SameThreadHierarchicalTestExecutorService.java:41)
	at app//org.junit.platform.engine.support.hierarchical.NodeTestTask.lambda$executeRecursively$6(NodeTestTask.java:155)
	at app//org.junit.platform.engine.support.hierarchical.ThrowableCollector.execute(ThrowableCollector.java:73)
	at app//org.junit.platform.engine.support.hierarchical.NodeTestTask.lambda$executeRecursively$8(NodeTestTask.java:141)
	at app//org.junit.platform.engine.support.hierarchical.Node.around(Node.java:137)
	at app//org.junit.platform.engine.support.hierarchical.NodeTestTask.lambda$executeRecursively$9(NodeTestTask.java:139)
	at app//org.junit.platform.engine.support.hierarchical.ThrowableCollector.execute(ThrowableCollector.java:73)
	at app//org.junit.platform.engine.support.hierarchical.NodeTestTask.executeRecursively(NodeTestTask.java:138)
	at app//org.junit.platform.engine.support.hierarchical.NodeTestTask.execute(NodeTestTask.java:95)
	at java.base@11.0.18/java.util.ArrayList.forEach(ArrayList.java:1541)
	at app//org.junit.platform.engine.support.hierarchical.SameThreadHierarchicalTestExecutorService.invokeAll(SameThreadHierarchicalTestExecutorService.java:41)
	at app//org.junit.platform.engine.support.hierarchical.NodeTestTask.lambda$executeRecursively$6(NodeTestTask.java:155)
	at app//org.junit.platform.engine.support.hierarchical.ThrowableCollector.execute(ThrowableCollector.java:73)
	at app//org.junit.platform.engine.support.hierarchical.NodeTestTask.lambda$executeRecursively$8(NodeTestTask.java:141)
	at app//org.junit.platform.engine.support.hierarchical.Node.around(Node.java:137)
	at app//org.junit.platform.engine.support.hierarchical.NodeTestTask.lambda$executeRecursively$9(NodeTestTask.java:139)
	at app//org.junit.platform.engine.support.hierarchical.ThrowableCollector.execute(ThrowableCollector.java:73)
	at app//org.junit.platform.engine.support.hierarchical.NodeTestTask.executeRecursively(NodeTestTask.java:138)
	at app//org.junit.platform.engine.support.hierarchical.NodeTestTask.execute(NodeTestTask.java:95)
	at app//org.junit.platform.engine.support.hierarchical.SameThreadHierarchicalTestExecutorService.submit(SameThreadHierarchicalTestExecutorService.java:35)
	at app//org.junit.platform.engine.support.hierarchical.HierarchicalTestExecutor.execute(HierarchicalTestExecutor.java:57)
	at app//org.junit.platform.engine.support.hierarchical.HierarchicalTestEngine.execute(HierarchicalTestEngine.java:54)
	at org.junit.platform.launcher.core.EngineExecutionOrchestrator.execute(EngineExecutionOrchestrator.java:107)
	at org.junit.platform.launcher.core.EngineExecutionOrchestrator.execute(EngineExecutionOrchestrator.java:88)
	at org.junit.platform.launcher.core.EngineExecutionOrchestrator.lambda$execute$0(EngineExecutionOrchestrator.java:54)
	at org.junit.platform.launcher.core.EngineExecutionOrchestrator.withInterceptedStreams(EngineExecutionOrchestrator.java:67)
	at org.junit.platform.launcher.core.EngineExecutionOrchestrator.execute(EngineExecutionOrchestrator.java:52)
	at org.junit.platform.launcher.core.DefaultLauncher.execute(DefaultLauncher.java:114)
	at org.junit.platform.launcher.core.DefaultLauncher.execute(DefaultLauncher.java:86)
	at org.junit.platform.launcher.core.DefaultLauncherSession$DelegatingLauncher.execute(DefaultLauncherSession.java:86)
	at org.junit.platform.launcher.core.SessionPerRequestLauncher.execute(SessionPerRequestLauncher.java:53)
	at org.gradle.api.internal.tasks.testing.junitplatform.JUnitPlatformTestClassProcessor$CollectAllTestClassesExecutor.processAllTestClasses(JUnitPlatformTestClassProcessor.java:99)
	at org.gradle.api.internal.tasks.testing.junitplatform.JUnitPlatformTestClassProcessor$CollectAllTestClassesExecutor.access$000(JUnitPlatformTestClassProcessor.java:79)
	at org.gradle.api.internal.tasks.testing.junitplatform.JUnitPlatformTestClassProcessor.stop(JUnitPlatformTestClassProcessor.java:75)
	at org.gradle.api.internal.tasks.testing.SuiteTestClassProcessor.stop(SuiteTestClassProcessor.java:62)
	at java.base@11.0.18/jdk.internal.reflect.NativeMethodAccessorImpl.invoke0(Native Method)
	at java.base@11.0.18/jdk.internal.reflect.NativeMethodAccessorImpl.invoke(NativeMethodAccessorImpl.java:62)
	at java.base@11.0.18/jdk.internal.reflect.DelegatingMethodAccessorImpl.invoke(DelegatingMethodAccessorImpl.java:43)
	at java.base@11.0.18/java.lang.reflect.Method.invoke(Method.java:566)
	at org.gradle.internal.dispatch.ReflectionDispatch.dispatch(ReflectionDispatch.java:36)
	at org.gradle.internal.dispatch.ReflectionDispatch.dispatch(ReflectionDispatch.java:24)
	at org.gradle.internal.dispatch.ContextClassLoaderDispatch.dispatch(ContextClassLoaderDispatch.java:33)
	at org.gradle.internal.dispatch.ProxyDispatchAdapter$DispatchingInvocationHandler.invoke(ProxyDispatchAdapter.java:94)
	at com.sun.proxy.$Proxy2.stop(Unknown Source)
	at org.gradle.api.internal.tasks.testing.worker.TestWorker$3.run(TestWorker.java:193)
	at org.gradle.api.internal.tasks.testing.worker.TestWorker.executeAndMaintainThreadName(TestWorker.java:129)
	at org.gradle.api.internal.tasks.testing.worker.TestWorker.execute(TestWorker.java:100)
	at org.gradle.api.internal.tasks.testing.worker.TestWorker.execute(TestWorker.java:60)
	at org.gradle.process.internal.worker.child.ActionExecutionWorker.execute(ActionExecutionWorker.java:56)
	at org.gradle.process.internal.worker.child.SystemApplicationClassLoaderWorker.call(SystemApplicationClassLoaderWorker.java:113)
	at org.gradle.process.internal.worker.child.SystemApplicationClassLoaderWorker.call(SystemApplicationClassLoaderWorker.java:65)
	at app//worker.org.gradle.process.internal.worker.GradleWorkerMain.run(GradleWorkerMain.java:69)
	at app//worker.org.gradle.process.internal.worker.GradleWorkerMain.main(GradleWorkerMain.java:74)
</failure>
  </testcase>
  <testcase name="testrefactorGoal_sequent_allRules()" classname="de.uka.ilkd.key.logic.TestTermLabelManager" time="0.074">
    <failure message="line 135:14 mismatched input '\ifExintVar' expecting {MODALITY, FORALL, EXISTS, '\if', '\ifEx', 'true', 'false', '(', '{', '@', NOT, SEQARROW, '-', STRING_LITERAL, CHAR_LITERAL, BIN_LITERAL, HEX_LITERAL, IDENT, INT_LITERAL, FLOAT_LITERAL, DOUBLE_LITERAL, REAL_LITERAL}&#10;line 135:27 extraneous input '(' expecting {'\lemma', '}', IDENT, '/*!'}&#10;line 135:44 mismatched input ')' expecting {'(', '{'}&#10;line 141:14 mismatched input '\ifExintVar' expecting {MODALITY, FORALL, EXISTS, '\if', '\ifEx', 'true', 'false', '(', '{', '@', NOT, SEQARROW, '-', STRING_LITERAL, CHAR_LITERAL, BIN_LITERAL, HEX_LITERAL, IDENT, INT_LITERAL, FLOAT_LITERAL, DOUBLE_LITERAL, REAL_LITERAL}&#10;line 141:27 extraneous input '(' expecting {'\lemma', '}', IDENT, '/*!'}&#10;line 141:41 mismatched input ')' expecting {'(', '{'}&#10;line 148:14 mismatched input '\ifExintVar' expecting {MODALITY, FORALL, EXISTS, '\if', '\ifEx', 'true', 'false', '(', '{', '@', NOT, SEQARROW, '-', STRING_LITERAL, CHAR_LITERAL, BIN_LITERAL, HEX_LITERAL, IDENT, INT_LITERAL, FLOAT_LITERAL, DOUBLE_LITERAL, REAL_LITERAL}&#10;line 148:27 extraneous input '(' expecting {'\lemma', '}', IDENT, '/*!'}&#10;line 148:35 mismatched input '=' expecting {'(', '{'}&#10;line 150:38 mismatched input '}' expecting {'(', '{'}&#10;line 155:14 mismatched input '\ifExintVar' expecting {MODALITY, FORALL, EXISTS, '\if', '\ifEx', 'true', 'false', '(', '{', '@', NOT, SEQARROW, '-', STRING_LITERAL, CHAR_LITERAL, BIN_LITERAL, HEX_LITERAL, IDENT, INT_LITERAL, FLOAT_LITERAL, DOUBLE_LITERAL, REAL_LITERAL}&#10;line 155:27 extraneous input '(' expecting {'\lemma', '}', IDENT, '/*!'}&#10;line 155:35 mismatched input '=' expecting {'(', '{'}&#10;line 157:38 mismatched input '}' expecting {'(', '{'}&#10;line 163:14 mismatched input '\ifExintVar' expecting {MODALITY, FORALL, EXISTS, '\if', '\ifEx', 'true', 'false', '(', '{', '@', NOT, SEQARROW, '-', STRING_LITERAL, CHAR_LITERAL, BIN_LITERAL, HEX_LITERAL, IDENT, INT_LITERAL, FLOAT_LITERAL, DOUBLE_LITERAL, REAL_LITERAL}&#10;line 163:27 extraneous input '(' expecting {'\lemma', '}', IDENT, '/*!'}&#10;line 163:30 mismatched input '=' expecting {'(', '{'}&#10;line 165:38 mismatched input '}' expecting {'(', '{'}&#10;line 171:14 mismatched input '\ifExintVar' expecting {MODALITY, FORALL, EXISTS, '\if', '\ifEx', 'true', 'false', '(', '{', '@', NOT, SEQARROW, '-', STRING_LITERAL, CHAR_LITERAL, BIN_LITERAL, HEX_LITERAL, IDENT, INT_LITERAL, FLOAT_LITERAL, DOUBLE_LITERAL, REAL_LITERAL}&#10;line 171:27 extraneous input '(' expecting {'\lemma', '}', IDENT, '/*!'}&#10;line 171:30 mismatched input '=' expecting {'(', '{'}&#10;line 173:38 mismatched input '}' expecting {'(', '{'}&#10;line 179:14 mismatched input '\ifExintVar' expecting {MODALITY, FORALL, EXISTS, '\if', '\ifEx', 'true', 'false', '(', '{', '@', NOT, SEQARROW, '-', STRING_LITERAL, CHAR_LITERAL, BIN_LITERAL, HEX_LITERAL, IDENT, INT_LITERAL, FLOAT_LITERAL, DOUBLE_LITERAL, REAL_LITERAL}&#10;line 179:27 extraneous input '(' expecting {'\lemma', '}', IDENT, '/*!'}&#10;line 179:32 mismatched input '&amp;' expecting {'(', '{'}&#10;line 181:42 mismatched input '}' expecting {'(', '{'}&#10;line 182:39 mismatched input '}' expecting {'(', '{'}&#10;line 188:14 mismatched input '\ifExintVar' expecting {MODALITY, FORALL, EXISTS, '\if', '\ifEx', 'true', 'false', '(', '{', '@', NOT, SEQARROW, '-', STRING_LITERAL, CHAR_LITERAL, BIN_LITERAL, HEX_LITERAL, IDENT, INT_LITERAL, FLOAT_LITERAL, DOUBLE_LITERAL, REAL_LITERAL}&#10;line 188:27 extraneous input '(' expecting {'\lemma', '}', IDENT, '/*!'}&#10;line 188:32 mismatched input '&amp;' expecting {'(', '{'}&#10;line 190:42 mismatched input '}' expecting {'(', '{'}&#10;line 191:39 mismatched input '}' expecting {'(', '{'}&#10;line 198:14 mismatched input '\ifExintVar' expecting {MODALITY, FORALL, EXISTS, '\if', '\ifEx', 'true', 'false', '(', '{', '@', NOT, SEQARROW, '-', STRING_LITERAL, CHAR_LITERAL, BIN_LITERAL, HEX_LITERAL, IDENT, INT_LITERAL, FLOAT_LITERAL, DOUBLE_LITERAL, REAL_LITERAL}&#10;line 198:27 extraneous input '(' expecting {'\lemma', '}', IDENT, '/*!'}&#10;line 198:32 mismatched input '&amp;' expecting {'(', '{'}&#10;line 200:42 mismatched input '}' expecting {'(', '{'}&#10;line 201:39 mismatched input '}' expecting {'(', '{'}&#10;line 208:14 mismatched input '\ifExintVar' expecting {MODALITY, FORALL, EXISTS, '\if', '\ifEx', 'true', 'false', '(', '{', '@', NOT, SEQARROW, '-', STRING_LITERAL, CHAR_LITERAL, BIN_LITERAL, HEX_LITERAL, IDENT, INT_LITERAL, FLOAT_LITERAL, DOUBLE_LITERAL, REAL_LITERAL}&#10;line 208:27 extraneous input '(' expecting {'\lemma', '}', IDENT, '/*!'}&#10;line 208:32 mismatched input '&amp;' expecting {'(', '{'}&#10;line 210:42 mismatched input '}' expecting {'(', '{'}&#10;line 211:39 mismatched input '}' expecting {'(', '{'}&#10;line 218:14 mismatched input '\ifExintVar' expecting {MODALITY, FORALL, EXISTS, '\if', '\ifEx', 'true', 'false', '(', '{', '@', NOT, SEQARROW, '-', STRING_LITERAL, CHAR_LITERAL, BIN_LITERAL, HEX_LITERAL, IDENT, INT_LITERAL, FLOAT_LITERAL, DOUBLE_LITERAL, REAL_LITERAL}&#10;line 218:27 extraneous input '(' expecting {'\lemma', '}', IDENT, '/*!'}&#10;line 218:31 mismatched input ')' expecting {'(', '{'}&#10;line 220:44 mismatched input ')' expecting {'(', '{'}&#10;line 225:14 mismatched input '\ifExintVar' expecting {MODALITY, FORALL, EXISTS, '\if', '\ifEx', 'true', 'false', '(', '{', '@', NOT, SEQARROW, '-', STRING_LITERAL, CHAR_LITERAL, BIN_LITERAL, HEX_LITERAL, IDENT, INT_LITERAL, FLOAT_LITERAL, DOUBLE_LITERAL, REAL_LITERAL}&#10;line 225:27 extraneous input '(' expecting {'\lemma', '}', IDENT, '/*!'}&#10;line 225:31 mismatched input ')' expecting {'(', '{'}&#10;line 227:44 mismatched input ')' expecting {'(', '{'}&#10;line 233:14 mismatched input '\ifExintVar' expecting {MODALITY, FORALL, EXISTS, '\if', '\ifEx', 'true', 'false', '(', '{', '@', NOT, SEQARROW, '-', STRING_LITERAL, CHAR_LITERAL, BIN_LITERAL, HEX_LITERAL, IDENT, INT_LITERAL, FLOAT_LITERAL, DOUBLE_LITERAL, REAL_LITERAL}&#10;line 233:27 extraneous input '(' expecting {'\lemma', '}', IDENT, '/*!'}&#10;line 233:31 mismatched input ')' expecting {'(', '{'}&#10;line 237:42 mismatched input '}' expecting {'(', '{'}&#10;line 238:34 mismatched input '}' expecting {'(', '{'}&#10;line 239:28 extraneous input '(' expecting {'\lemma', '}', IDENT, '/*!'}&#10;line 239:33 mismatched input '-&gt;' expecting {'(', '{'}&#10;line 240:8 extraneous input '\replacewith' expecting {'\lemma', '}', IDENT, '/*!'}&#10;line 240:25 mismatched input ')' expecting {'(', '{'}&#10;line 240:56 mismatched input ')' expecting {'(', '{'}&#10;line 245:14 mismatched input '\ifExintVar' expecting {MODALITY, FORALL, EXISTS, '\if', '\ifEx', 'true', 'false', '(', '{', '@', NOT, SEQARROW, '-', STRING_LITERAL, CHAR_LITERAL, BIN_LITERAL, HEX_LITERAL, IDENT, INT_LITERAL, FLOAT_LITERAL, DOUBLE_LITERAL, REAL_LITERAL}&#10;line 245:27 extraneous input '(' expecting {'\lemma', '}', IDENT, '/*!'}&#10;line 245:31 mismatched input ')' expecting {'(', '{'}&#10;line 248:45 mismatched input '}' expecting {'(', '{'}&#10;line 249:8 extraneous input '\replacewith' expecting {'\lemma', '}', IDENT, '/*!'}&#10;line 249:38 mismatched input ')' expecting {'(', '{'}&#10;line 250:42 mismatched input '}' expecting {'(', '{'}&#10;line 251:28 extraneous input '(' expecting {'\lemma', '}', IDENT, '/*!'}&#10;line 251:33 mismatched input '-&gt;' expecting {'(', '{'}&#10;line 255:14 mismatched input '\ifExintVar' expecting {MODALITY, FORALL, EXISTS, '\if', '\ifEx', 'true', 'false', '(', '{', '@', NOT, SEQARROW, '-', STRING_LITERAL, CHAR_LITERAL, BIN_LITERAL, HEX_LITERAL, IDENT, INT_LITERAL, FLOAT_LITERAL, DOUBLE_LITERAL, REAL_LITERAL}&#10;line 255:27 extraneous input '(' expecting {'\lemma', '}', IDENT, '/*!'}&#10;line 255:31 mismatched input ')' expecting {'(', '{'}&#10;line 258:52 extraneous input '0' expecting {'\lemma', '}', IDENT, '/*!'}&#10;line 258:54 mismatched input 'then' expecting {&lt;EOF&gt;, '\problem', '\chooseContract', '\proofObligation', '\proof'}&#10; (file: src/test/resources/testcase/termLabels/flatSteps/FlatSteps.java; caused by: de.uka.ilkd.key.proof.init.ProofInputException: line 135:14 mismatched input '\ifExintVar' expecting {MODALITY, FORALL, EXISTS, '\if', '\ifEx', 'true', 'false', '(', '{', '@', NOT, SEQARROW, '-', STRING_LITERAL, CHAR_LITERAL, BIN_LITERAL, HEX_LITERAL, IDENT, INT_LITERAL, FLOAT_LITERAL, DOUBLE_LITERAL, REAL_LITERAL}&#10;line 135:27 extraneous input '(' expecting {'\lemma', '}', IDENT, '/*!'}&#10;line 135:44 mismatched input ')' expecting {'(', '{'}&#10;line 141:14 mismatched input '\ifExintVar' expecting {MODALITY, FORALL, EXISTS, '\if', '\ifEx', 'true', 'false', '(', '{', '@', NOT, SEQARROW, '-', STRING_LITERAL, CHAR_LITERAL, BIN_LITERAL, HEX_LITERAL, IDENT, INT_LITERAL, FLOAT_LITERAL, DOUBLE_LITERAL, REAL_LITERAL}&#10;line 141:27 extraneous input '(' expecting {'\lemma', '}', IDENT, '/*!'}&#10;line 141:41 mismatched input ')' expecting {'(', '{'}&#10;line 148:14 mismatched input '\ifExintVar' expecting {MODALITY, FORALL, EXISTS, '\if', '\ifEx', 'true', 'false', '(', '{', '@', NOT, SEQARROW, '-', STRING_LITERAL, CHAR_LITERAL, BIN_LITERAL, HEX_LITERAL, IDENT, INT_LITERAL, FLOAT_LITERAL, DOUBLE_LITERAL, REAL_LITERAL}&#10;line 148:27 extraneous input '(' expecting {'\lemma', '}', IDENT, '/*!'}&#10;line 148:35 mismatched input '=' expecting {'(', '{'}&#10;line 150:38 mismatched input '}' expecting {'(', '{'}&#10;line 155:14 mismatched input '\ifExintVar' expecting {MODALITY, FORALL, EXISTS, '\if', '\ifEx', 'true', 'false', '(', '{', '@', NOT, SEQARROW, '-', STRING_LITERAL, CHAR_LITERAL, BIN_LITERAL, HEX_LITERAL, IDENT, INT_LITERAL, FLOAT_LITERAL, DOUBLE_LITERAL, REAL_LITERAL}&#10;line 155:27 extraneous input '(' expecting {'\lemma', '}', IDENT, '/*!'}&#10;line 155:35 mismatched input '=' expecting {'(', '{'}&#10;line 157:38 mismatched input '}' expecting {'(', '{'}&#10;line 163:14 mismatched input '\ifExintVar' expecting {MODALITY, FORALL, EXISTS, '\if', '\ifEx', 'true', 'false', '(', '{', '@', NOT, SEQARROW, '-', STRING_LITERAL, CHAR_LITERAL, BIN_LITERAL, HEX_LITERAL, IDENT, INT_LITERAL, FLOAT_LITERAL, DOUBLE_LITERAL, REAL_LITERAL}&#10;line 163:27 extraneous input '(' expecting {'\lemma', '}', IDENT, '/*!'}&#10;line 163:30 mismatched input '=' expecting {'(', '{'}&#10;line 165:38 mismatched input '}' expecting {'(', '{'}&#10;line 171:14 mismatched input '\ifExintVar' expecting {MODALITY, FORALL, EXISTS, '\if', '\ifEx', 'true', 'false', '(', '{', '@', NOT, SEQARROW, '-', STRING_LITERAL, CHAR_LITERAL, BIN_LITERAL, HEX_LITERAL, IDENT, INT_LITERAL, FLOAT_LITERAL, DOUBLE_LITERAL, REAL_LITERAL}&#10;line 171:27 extraneous input '(' expecting {'\lemma', '}', IDENT, '/*!'}&#10;line 171:30 mismatched input '=' expecting {'(', '{'}&#10;line 173:38 mismatched input '}' expecting {'(', '{'}&#10;line 179:14 mismatched input '\ifExintVar' expecting {MODALITY, FORALL, EXISTS, '\if', '\ifEx', 'true', 'false', '(', '{', '@', NOT, SEQARROW, '-', STRING_LITERAL, CHAR_LITERAL, BIN_LITERAL, HEX_LITERAL, IDENT, INT_LITERAL, FLOAT_LITERAL, DOUBLE_LITERAL, REAL_LITERAL}&#10;line 179:27 extraneous input '(' expecting {'\lemma', '}', IDENT, '/*!'}&#10;line 179:32 mismatched input '&amp;' expecting {'(', '{'}&#10;line 181:42 mismatched input '}' expecting {'(', '{'}&#10;line 182:39 mismatched input '}' expecting {'(', '{'}&#10;line 188:14 mismatched input '\ifExintVar' expecting {MODALITY, FORALL, EXISTS, '\if', '\ifEx', 'true', 'false', '(', '{', '@', NOT, SEQARROW, '-', STRING_LITERAL, CHAR_LITERAL, BIN_LITERAL, HEX_LITERAL, IDENT, INT_LITERAL, FLOAT_LITERAL, DOUBLE_LITERAL, REAL_LITERAL}&#10;line 188:27 extraneous input '(' expecting {'\lemma', '}', IDENT, '/*!'}&#10;line 188:32 mismatched input '&amp;' expecting {'(', '{'}&#10;line 190:42 mismatched input '}' expecting {'(', '{'}&#10;line 191:39 mismatched input '}' expecting {'(', '{'}&#10;line 198:14 mismatched input '\ifExintVar' expecting {MODALITY, FORALL, EXISTS, '\if', '\ifEx', 'true', 'false', '(', '{', '@', NOT, SEQARROW, '-', STRING_LITERAL, CHAR_LITERAL, BIN_LITERAL, HEX_LITERAL, IDENT, INT_LITERAL, FLOAT_LITERAL, DOUBLE_LITERAL, REAL_LITERAL}&#10;line 198:27 extraneous input '(' expecting {'\lemma', '}', IDENT, '/*!'}&#10;line 198:32 mismatched input '&amp;' expecting {'(', '{'}&#10;line 200:42 mismatched input '}' expecting {'(', '{'}&#10;line 201:39 mismatched input '}' expecting {'(', '{'}&#10;line 208:14 mismatched input '\ifExintVar' expecting {MODALITY, FORALL, EXISTS, '\if', '\ifEx', 'true', 'false', '(', '{', '@', NOT, SEQARROW, '-', STRING_LITERAL, CHAR_LITERAL, BIN_LITERAL, HEX_LITERAL, IDENT, INT_LITERAL, FLOAT_LITERAL, DOUBLE_LITERAL, REAL_LITERAL}&#10;line 208:27 extraneous input '(' expecting {'\lemma', '}', IDENT, '/*!'}&#10;line 208:32 mismatched input '&amp;' expecting {'(', '{'}&#10;line 210:42 mismatched input '}' expecting {'(', '{'}&#10;line 211:39 mismatched input '}' expecting {'(', '{'}&#10;line 218:14 mismatched input '\ifExintVar' expecting {MODALITY, FORALL, EXISTS, '\if', '\ifEx', 'true', 'false', '(', '{', '@', NOT, SEQARROW, '-', STRING_LITERAL, CHAR_LITERAL, BIN_LITERAL, HEX_LITERAL, IDENT, INT_LITERAL, FLOAT_LITERAL, DOUBLE_LITERAL, REAL_LITERAL}&#10;line 218:27 extraneous input '(' expecting {'\lemma', '}', IDENT, '/*!'}&#10;line 218:31 mismatched input ')' expecting {'(', '{'}&#10;line 220:44 mismatched input ')' expecting {'(', '{'}&#10;line 225:14 mismatched input '\ifExintVar' expecting {MODALITY, FORALL, EXISTS, '\if', '\ifEx', 'true', 'false', '(', '{', '@', NOT, SEQARROW, '-', STRING_LITERAL, CHAR_LITERAL, BIN_LITERAL, HEX_LITERAL, IDENT, INT_LITERAL, FLOAT_LITERAL, DOUBLE_LITERAL, REAL_LITERAL}&#10;line 225:27 extraneous input '(' expecting {'\lemma', '}', IDENT, '/*!'}&#10;line 225:31 mismatched input ')' expecting {'(', '{'}&#10;line 227:44 mismatched input ')' expecting {'(', '{'}&#10;line 233:14 mismatched input '\ifExintVar' expecting {MODALITY, FORALL, EXISTS, '\if', '\ifEx', 'true', 'false', '(', '{', '@', NOT, SEQARROW, '-', STRING_LITERAL, CHAR_LITERAL, BIN_LITERAL, HEX_LITERAL, IDENT, INT_LITERAL, FLOAT_LITERAL, DOUBLE_LITERAL, REAL_LITERAL}&#10;line 233:27 extraneous input '(' expecting {'\lemma', '}', IDENT, '/*!'}&#10;line 233:31 mismatched input ')' expecting {'(', '{'}&#10;line 237:42 mismatched input '}' expecting {'(', '{'}&#10;line 238:34 mismatched input '}' expecting {'(', '{'}&#10;line 239:28 extraneous input '(' expecting {'\lemma', '}', IDENT, '/*!'}&#10;line 239:33 mismatched input '-&gt;' expecting {'(', '{'}&#10;line 240:8 extraneous input '\replacewith' expecting {'\lemma', '}', IDENT, '/*!'}&#10;line 240:25 mismatched input ')' expecting {'(', '{'}&#10;line 240:56 mismatched input ')' expecting {'(', '{'}&#10;line 245:14 mismatched input '\ifExintVar' expecting {MODALITY, FORALL, EXISTS, '\if', '\ifEx', 'true', 'false', '(', '{', '@', NOT, SEQARROW, '-', STRING_LITERAL, CHAR_LITERAL, BIN_LITERAL, HEX_LITERAL, IDENT, INT_LITERAL, FLOAT_LITERAL, DOUBLE_LITERAL, REAL_LITERAL}&#10;line 245:27 extraneous input '(' expecting {'\lemma', '}', IDENT, '/*!'}&#10;line 245:31 mismatched input ')' expecting {'(', '{'}&#10;line 248:45 mismatched input '}' expecting {'(', '{'}&#10;line 249:8 extraneous input '\replacewith' expecting {'\lemma', '}', IDENT, '/*!'}&#10;line 249:38 mismatched input ')' expecting {'(', '{'}&#10;line 250:42 mismatched input '}' expecting {'(', '{'}&#10;line 251:28 extraneous input '(' expecting {'\lemma', '}', IDENT, '/*!'}&#10;line 251:33 mismatched input '-&gt;' expecting {'(', '{'}&#10;line 255:14 mismatched input '\ifExintVar' expecting {MODALITY, FORALL, EXISTS, '\if', '\ifEx', 'true', 'false', '(', '{', '@', NOT, SEQARROW, '-', STRING_LITERAL, CHAR_LITERAL, BIN_LITERAL, HEX_LITERAL, IDENT, INT_LITERAL, FLOAT_LITERAL, DOUBLE_LITERAL, REAL_LITERAL}&#10;line 255:27 extraneous input '(' expecting {'\lemma', '}', IDENT, '/*!'}&#10;line 255:31 mismatched input ')' expecting {'(', '{'}&#10;line 258:52 extraneous input '0' expecting {'\lemma', '}', IDENT, '/*!'}&#10;line 258:54 mismatched input 'then' expecting {&lt;EOF&gt;, '\problem', '\chooseContract', '\proofObligation', '\proof'}&#10;)" type="de.uka.ilkd.key.proof.io.ProblemLoaderException">line 135:14 mismatched input '\ifExintVar' expecting {MODALITY, FORALL, EXISTS, '\if', '\ifEx', 'true', 'false', '(', '{', '@', NOT, SEQARROW, '-', STRING_LITERAL, CHAR_LITERAL, BIN_LITERAL, HEX_LITERAL, IDENT, INT_LITERAL, FLOAT_LITERAL, DOUBLE_LITERAL, REAL_LITERAL}
line 135:27 extraneous input '(' expecting {'\lemma', '}', IDENT, '/*!'}
line 135:44 mismatched input ')' expecting {'(', '{'}
line 141:14 mismatched input '\ifExintVar' expecting {MODALITY, FORALL, EXISTS, '\if', '\ifEx', 'true', 'false', '(', '{', '@', NOT, SEQARROW, '-', STRING_LITERAL, CHAR_LITERAL, BIN_LITERAL, HEX_LITERAL, IDENT, INT_LITERAL, FLOAT_LITERAL, DOUBLE_LITERAL, REAL_LITERAL}
line 141:27 extraneous input '(' expecting {'\lemma', '}', IDENT, '/*!'}
line 141:41 mismatched input ')' expecting {'(', '{'}
line 148:14 mismatched input '\ifExintVar' expecting {MODALITY, FORALL, EXISTS, '\if', '\ifEx', 'true', 'false', '(', '{', '@', NOT, SEQARROW, '-', STRING_LITERAL, CHAR_LITERAL, BIN_LITERAL, HEX_LITERAL, IDENT, INT_LITERAL, FLOAT_LITERAL, DOUBLE_LITERAL, REAL_LITERAL}
line 148:27 extraneous input '(' expecting {'\lemma', '}', IDENT, '/*!'}
line 148:35 mismatched input '=' expecting {'(', '{'}
line 150:38 mismatched input '}' expecting {'(', '{'}
line 155:14 mismatched input '\ifExintVar' expecting {MODALITY, FORALL, EXISTS, '\if', '\ifEx', 'true', 'false', '(', '{', '@', NOT, SEQARROW, '-', STRING_LITERAL, CHAR_LITERAL, BIN_LITERAL, HEX_LITERAL, IDENT, INT_LITERAL, FLOAT_LITERAL, DOUBLE_LITERAL, REAL_LITERAL}
line 155:27 extraneous input '(' expecting {'\lemma', '}', IDENT, '/*!'}
line 155:35 mismatched input '=' expecting {'(', '{'}
line 157:38 mismatched input '}' expecting {'(', '{'}
line 163:14 mismatched input '\ifExintVar' expecting {MODALITY, FORALL, EXISTS, '\if', '\ifEx', 'true', 'false', '(', '{', '@', NOT, SEQARROW, '-', STRING_LITERAL, CHAR_LITERAL, BIN_LITERAL, HEX_LITERAL, IDENT, INT_LITERAL, FLOAT_LITERAL, DOUBLE_LITERAL, REAL_LITERAL}
line 163:27 extraneous input '(' expecting {'\lemma', '}', IDENT, '/*!'}
line 163:30 mismatched input '=' expecting {'(', '{'}
line 165:38 mismatched input '}' expecting {'(', '{'}
line 171:14 mismatched input '\ifExintVar' expecting {MODALITY, FORALL, EXISTS, '\if', '\ifEx', 'true', 'false', '(', '{', '@', NOT, SEQARROW, '-', STRING_LITERAL, CHAR_LITERAL, BIN_LITERAL, HEX_LITERAL, IDENT, INT_LITERAL, FLOAT_LITERAL, DOUBLE_LITERAL, REAL_LITERAL}
line 171:27 extraneous input '(' expecting {'\lemma', '}', IDENT, '/*!'}
line 171:30 mismatched input '=' expecting {'(', '{'}
line 173:38 mismatched input '}' expecting {'(', '{'}
line 179:14 mismatched input '\ifExintVar' expecting {MODALITY, FORALL, EXISTS, '\if', '\ifEx', 'true', 'false', '(', '{', '@', NOT, SEQARROW, '-', STRING_LITERAL, CHAR_LITERAL, BIN_LITERAL, HEX_LITERAL, IDENT, INT_LITERAL, FLOAT_LITERAL, DOUBLE_LITERAL, REAL_LITERAL}
line 179:27 extraneous input '(' expecting {'\lemma', '}', IDENT, '/*!'}
line 179:32 mismatched input '&amp;' expecting {'(', '{'}
line 181:42 mismatched input '}' expecting {'(', '{'}
line 182:39 mismatched input '}' expecting {'(', '{'}
line 188:14 mismatched input '\ifExintVar' expecting {MODALITY, FORALL, EXISTS, '\if', '\ifEx', 'true', 'false', '(', '{', '@', NOT, SEQARROW, '-', STRING_LITERAL, CHAR_LITERAL, BIN_LITERAL, HEX_LITERAL, IDENT, INT_LITERAL, FLOAT_LITERAL, DOUBLE_LITERAL, REAL_LITERAL}
line 188:27 extraneous input '(' expecting {'\lemma', '}', IDENT, '/*!'}
line 188:32 mismatched input '&amp;' expecting {'(', '{'}
line 190:42 mismatched input '}' expecting {'(', '{'}
line 191:39 mismatched input '}' expecting {'(', '{'}
line 198:14 mismatched input '\ifExintVar' expecting {MODALITY, FORALL, EXISTS, '\if', '\ifEx', 'true', 'false', '(', '{', '@', NOT, SEQARROW, '-', STRING_LITERAL, CHAR_LITERAL, BIN_LITERAL, HEX_LITERAL, IDENT, INT_LITERAL, FLOAT_LITERAL, DOUBLE_LITERAL, REAL_LITERAL}
line 198:27 extraneous input '(' expecting {'\lemma', '}', IDENT, '/*!'}
line 198:32 mismatched input '&amp;' expecting {'(', '{'}
line 200:42 mismatched input '}' expecting {'(', '{'}
line 201:39 mismatched input '}' expecting {'(', '{'}
line 208:14 mismatched input '\ifExintVar' expecting {MODALITY, FORALL, EXISTS, '\if', '\ifEx', 'true', 'false', '(', '{', '@', NOT, SEQARROW, '-', STRING_LITERAL, CHAR_LITERAL, BIN_LITERAL, HEX_LITERAL, IDENT, INT_LITERAL, FLOAT_LITERAL, DOUBLE_LITERAL, REAL_LITERAL}
line 208:27 extraneous input '(' expecting {'\lemma', '}', IDENT, '/*!'}
line 208:32 mismatched input '&amp;' expecting {'(', '{'}
line 210:42 mismatched input '}' expecting {'(', '{'}
line 211:39 mismatched input '}' expecting {'(', '{'}
line 218:14 mismatched input '\ifExintVar' expecting {MODALITY, FORALL, EXISTS, '\if', '\ifEx', 'true', 'false', '(', '{', '@', NOT, SEQARROW, '-', STRING_LITERAL, CHAR_LITERAL, BIN_LITERAL, HEX_LITERAL, IDENT, INT_LITERAL, FLOAT_LITERAL, DOUBLE_LITERAL, REAL_LITERAL}
line 218:27 extraneous input '(' expecting {'\lemma', '}', IDENT, '/*!'}
line 218:31 mismatched input ')' expecting {'(', '{'}
line 220:44 mismatched input ')' expecting {'(', '{'}
line 225:14 mismatched input '\ifExintVar' expecting {MODALITY, FORALL, EXISTS, '\if', '\ifEx', 'true', 'false', '(', '{', '@', NOT, SEQARROW, '-', STRING_LITERAL, CHAR_LITERAL, BIN_LITERAL, HEX_LITERAL, IDENT, INT_LITERAL, FLOAT_LITERAL, DOUBLE_LITERAL, REAL_LITERAL}
line 225:27 extraneous input '(' expecting {'\lemma', '}', IDENT, '/*!'}
line 225:31 mismatched input ')' expecting {'(', '{'}
line 227:44 mismatched input ')' expecting {'(', '{'}
line 233:14 mismatched input '\ifExintVar' expecting {MODALITY, FORALL, EXISTS, '\if', '\ifEx', 'true', 'false', '(', '{', '@', NOT, SEQARROW, '-', STRING_LITERAL, CHAR_LITERAL, BIN_LITERAL, HEX_LITERAL, IDENT, INT_LITERAL, FLOAT_LITERAL, DOUBLE_LITERAL, REAL_LITERAL}
line 233:27 extraneous input '(' expecting {'\lemma', '}', IDENT, '/*!'}
line 233:31 mismatched input ')' expecting {'(', '{'}
line 237:42 mismatched input '}' expecting {'(', '{'}
line 238:34 mismatched input '}' expecting {'(', '{'}
line 239:28 extraneous input '(' expecting {'\lemma', '}', IDENT, '/*!'}
line 239:33 mismatched input '-&gt;' expecting {'(', '{'}
line 240:8 extraneous input '\replacewith' expecting {'\lemma', '}', IDENT, '/*!'}
line 240:25 mismatched input ')' expecting {'(', '{'}
line 240:56 mismatched input ')' expecting {'(', '{'}
line 245:14 mismatched input '\ifExintVar' expecting {MODALITY, FORALL, EXISTS, '\if', '\ifEx', 'true', 'false', '(', '{', '@', NOT, SEQARROW, '-', STRING_LITERAL, CHAR_LITERAL, BIN_LITERAL, HEX_LITERAL, IDENT, INT_LITERAL, FLOAT_LITERAL, DOUBLE_LITERAL, REAL_LITERAL}
line 245:27 extraneous input '(' expecting {'\lemma', '}', IDENT, '/*!'}
line 245:31 mismatched input ')' expecting {'(', '{'}
line 248:45 mismatched input '}' expecting {'(', '{'}
line 249:8 extraneous input '\replacewith' expecting {'\lemma', '}', IDENT, '/*!'}
line 249:38 mismatched input ')' expecting {'(', '{'}
line 250:42 mismatched input '}' expecting {'(', '{'}
line 251:28 extraneous input '(' expecting {'\lemma', '}', IDENT, '/*!'}
line 251:33 mismatched input '-&gt;' expecting {'(', '{'}
line 255:14 mismatched input '\ifExintVar' expecting {MODALITY, FORALL, EXISTS, '\if', '\ifEx', 'true', 'false', '(', '{', '@', NOT, SEQARROW, '-', STRING_LITERAL, CHAR_LITERAL, BIN_LITERAL, HEX_LITERAL, IDENT, INT_LITERAL, FLOAT_LITERAL, DOUBLE_LITERAL, REAL_LITERAL}
line 255:27 extraneous input '(' expecting {'\lemma', '}', IDENT, '/*!'}
line 255:31 mismatched input ')' expecting {'(', '{'}
line 258:52 extraneous input '0' expecting {'\lemma', '}', IDENT, '/*!'}
line 258:54 mismatched input 'then' expecting {&lt;EOF&gt;, '\problem', '\chooseContract', '\proofObligation', '\proof'}
 (file: src/test/resources/testcase/termLabels/flatSteps/FlatSteps.java; caused by: de.uka.ilkd.key.proof.init.ProofInputException: line 135:14 mismatched input '\ifExintVar' expecting {MODALITY, FORALL, EXISTS, '\if', '\ifEx', 'true', 'false', '(', '{', '@', NOT, SEQARROW, '-', STRING_LITERAL, CHAR_LITERAL, BIN_LITERAL, HEX_LITERAL, IDENT, INT_LITERAL, FLOAT_LITERAL, DOUBLE_LITERAL, REAL_LITERAL}
line 135:27 extraneous input '(' expecting {'\lemma', '}', IDENT, '/*!'}
line 135:44 mismatched input ')' expecting {'(', '{'}
line 141:14 mismatched input '\ifExintVar' expecting {MODALITY, FORALL, EXISTS, '\if', '\ifEx', 'true', 'false', '(', '{', '@', NOT, SEQARROW, '-', STRING_LITERAL, CHAR_LITERAL, BIN_LITERAL, HEX_LITERAL, IDENT, INT_LITERAL, FLOAT_LITERAL, DOUBLE_LITERAL, REAL_LITERAL}
line 141:27 extraneous input '(' expecting {'\lemma', '}', IDENT, '/*!'}
line 141:41 mismatched input ')' expecting {'(', '{'}
line 148:14 mismatched input '\ifExintVar' expecting {MODALITY, FORALL, EXISTS, '\if', '\ifEx', 'true', 'false', '(', '{', '@', NOT, SEQARROW, '-', STRING_LITERAL, CHAR_LITERAL, BIN_LITERAL, HEX_LITERAL, IDENT, INT_LITERAL, FLOAT_LITERAL, DOUBLE_LITERAL, REAL_LITERAL}
line 148:27 extraneous input '(' expecting {'\lemma', '}', IDENT, '/*!'}
line 148:35 mismatched input '=' expecting {'(', '{'}
line 150:38 mismatched input '}' expecting {'(', '{'}
line 155:14 mismatched input '\ifExintVar' expecting {MODALITY, FORALL, EXISTS, '\if', '\ifEx', 'true', 'false', '(', '{', '@', NOT, SEQARROW, '-', STRING_LITERAL, CHAR_LITERAL, BIN_LITERAL, HEX_LITERAL, IDENT, INT_LITERAL, FLOAT_LITERAL, DOUBLE_LITERAL, REAL_LITERAL}
line 155:27 extraneous input '(' expecting {'\lemma', '}', IDENT, '/*!'}
line 155:35 mismatched input '=' expecting {'(', '{'}
line 157:38 mismatched input '}' expecting {'(', '{'}
line 163:14 mismatched input '\ifExintVar' expecting {MODALITY, FORALL, EXISTS, '\if', '\ifEx', 'true', 'false', '(', '{', '@', NOT, SEQARROW, '-', STRING_LITERAL, CHAR_LITERAL, BIN_LITERAL, HEX_LITERAL, IDENT, INT_LITERAL, FLOAT_LITERAL, DOUBLE_LITERAL, REAL_LITERAL}
line 163:27 extraneous input '(' expecting {'\lemma', '}', IDENT, '/*!'}
line 163:30 mismatched input '=' expecting {'(', '{'}
line 165:38 mismatched input '}' expecting {'(', '{'}
line 171:14 mismatched input '\ifExintVar' expecting {MODALITY, FORALL, EXISTS, '\if', '\ifEx', 'true', 'false', '(', '{', '@', NOT, SEQARROW, '-', STRING_LITERAL, CHAR_LITERAL, BIN_LITERAL, HEX_LITERAL, IDENT, INT_LITERAL, FLOAT_LITERAL, DOUBLE_LITERAL, REAL_LITERAL}
line 171:27 extraneous input '(' expecting {'\lemma', '}', IDENT, '/*!'}
line 171:30 mismatched input '=' expecting {'(', '{'}
line 173:38 mismatched input '}' expecting {'(', '{'}
line 179:14 mismatched input '\ifExintVar' expecting {MODALITY, FORALL, EXISTS, '\if', '\ifEx', 'true', 'false', '(', '{', '@', NOT, SEQARROW, '-', STRING_LITERAL, CHAR_LITERAL, BIN_LITERAL, HEX_LITERAL, IDENT, INT_LITERAL, FLOAT_LITERAL, DOUBLE_LITERAL, REAL_LITERAL}
line 179:27 extraneous input '(' expecting {'\lemma', '}', IDENT, '/*!'}
line 179:32 mismatched input '&amp;' expecting {'(', '{'}
line 181:42 mismatched input '}' expecting {'(', '{'}
line 182:39 mismatched input '}' expecting {'(', '{'}
line 188:14 mismatched input '\ifExintVar' expecting {MODALITY, FORALL, EXISTS, '\if', '\ifEx', 'true', 'false', '(', '{', '@', NOT, SEQARROW, '-', STRING_LITERAL, CHAR_LITERAL, BIN_LITERAL, HEX_LITERAL, IDENT, INT_LITERAL, FLOAT_LITERAL, DOUBLE_LITERAL, REAL_LITERAL}
line 188:27 extraneous input '(' expecting {'\lemma', '}', IDENT, '/*!'}
line 188:32 mismatched input '&amp;' expecting {'(', '{'}
line 190:42 mismatched input '}' expecting {'(', '{'}
line 191:39 mismatched input '}' expecting {'(', '{'}
line 198:14 mismatched input '\ifExintVar' expecting {MODALITY, FORALL, EXISTS, '\if', '\ifEx', 'true', 'false', '(', '{', '@', NOT, SEQARROW, '-', STRING_LITERAL, CHAR_LITERAL, BIN_LITERAL, HEX_LITERAL, IDENT, INT_LITERAL, FLOAT_LITERAL, DOUBLE_LITERAL, REAL_LITERAL}
line 198:27 extraneous input '(' expecting {'\lemma', '}', IDENT, '/*!'}
line 198:32 mismatched input '&amp;' expecting {'(', '{'}
line 200:42 mismatched input '}' expecting {'(', '{'}
line 201:39 mismatched input '}' expecting {'(', '{'}
line 208:14 mismatched input '\ifExintVar' expecting {MODALITY, FORALL, EXISTS, '\if', '\ifEx', 'true', 'false', '(', '{', '@', NOT, SEQARROW, '-', STRING_LITERAL, CHAR_LITERAL, BIN_LITERAL, HEX_LITERAL, IDENT, INT_LITERAL, FLOAT_LITERAL, DOUBLE_LITERAL, REAL_LITERAL}
line 208:27 extraneous input '(' expecting {'\lemma', '}', IDENT, '/*!'}
line 208:32 mismatched input '&amp;' expecting {'(', '{'}
line 210:42 mismatched input '}' expecting {'(', '{'}
line 211:39 mismatched input '}' expecting {'(', '{'}
line 218:14 mismatched input '\ifExintVar' expecting {MODALITY, FORALL, EXISTS, '\if', '\ifEx', 'true', 'false', '(', '{', '@', NOT, SEQARROW, '-', STRING_LITERAL, CHAR_LITERAL, BIN_LITERAL, HEX_LITERAL, IDENT, INT_LITERAL, FLOAT_LITERAL, DOUBLE_LITERAL, REAL_LITERAL}
line 218:27 extraneous input '(' expecting {'\lemma', '}', IDENT, '/*!'}
line 218:31 mismatched input ')' expecting {'(', '{'}
line 220:44 mismatched input ')' expecting {'(', '{'}
line 225:14 mismatched input '\ifExintVar' expecting {MODALITY, FORALL, EXISTS, '\if', '\ifEx', 'true', 'false', '(', '{', '@', NOT, SEQARROW, '-', STRING_LITERAL, CHAR_LITERAL, BIN_LITERAL, HEX_LITERAL, IDENT, INT_LITERAL, FLOAT_LITERAL, DOUBLE_LITERAL, REAL_LITERAL}
line 225:27 extraneous input '(' expecting {'\lemma', '}', IDENT, '/*!'}
line 225:31 mismatched input ')' expecting {'(', '{'}
line 227:44 mismatched input ')' expecting {'(', '{'}
line 233:14 mismatched input '\ifExintVar' expecting {MODALITY, FORALL, EXISTS, '\if', '\ifEx', 'true', 'false', '(', '{', '@', NOT, SEQARROW, '-', STRING_LITERAL, CHAR_LITERAL, BIN_LITERAL, HEX_LITERAL, IDENT, INT_LITERAL, FLOAT_LITERAL, DOUBLE_LITERAL, REAL_LITERAL}
line 233:27 extraneous input '(' expecting {'\lemma', '}', IDENT, '/*!'}
line 233:31 mismatched input ')' expecting {'(', '{'}
line 237:42 mismatched input '}' expecting {'(', '{'}
line 238:34 mismatched input '}' expecting {'(', '{'}
line 239:28 extraneous input '(' expecting {'\lemma', '}', IDENT, '/*!'}
line 239:33 mismatched input '-&gt;' expecting {'(', '{'}
line 240:8 extraneous input '\replacewith' expecting {'\lemma', '}', IDENT, '/*!'}
line 240:25 mismatched input ')' expecting {'(', '{'}
line 240:56 mismatched input ')' expecting {'(', '{'}
line 245:14 mismatched input '\ifExintVar' expecting {MODALITY, FORALL, EXISTS, '\if', '\ifEx', 'true', 'false', '(', '{', '@', NOT, SEQARROW, '-', STRING_LITERAL, CHAR_LITERAL, BIN_LITERAL, HEX_LITERAL, IDENT, INT_LITERAL, FLOAT_LITERAL, DOUBLE_LITERAL, REAL_LITERAL}
line 245:27 extraneous input '(' expecting {'\lemma', '}', IDENT, '/*!'}
line 245:31 mismatched input ')' expecting {'(', '{'}
line 248:45 mismatched input '}' expecting {'(', '{'}
line 249:8 extraneous input '\replacewith' expecting {'\lemma', '}', IDENT, '/*!'}
line 249:38 mismatched input ')' expecting {'(', '{'}
line 250:42 mismatched input '}' expecting {'(', '{'}
line 251:28 extraneous input '(' expecting {'\lemma', '}', IDENT, '/*!'}
line 251:33 mismatched input '-&gt;' expecting {'(', '{'}
line 255:14 mismatched input '\ifExintVar' expecting {MODALITY, FORALL, EXISTS, '\if', '\ifEx', 'true', 'false', '(', '{', '@', NOT, SEQARROW, '-', STRING_LITERAL, CHAR_LITERAL, BIN_LITERAL, HEX_LITERAL, IDENT, INT_LITERAL, FLOAT_LITERAL, DOUBLE_LITERAL, REAL_LITERAL}
line 255:27 extraneous input '(' expecting {'\lemma', '}', IDENT, '/*!'}
line 255:31 mismatched input ')' expecting {'(', '{'}
line 258:52 extraneous input '0' expecting {'\lemma', '}', IDENT, '/*!'}
line 258:54 mismatched input 'then' expecting {&lt;EOF&gt;, '\problem', '\chooseContract', '\proofObligation', '\proof'}
)
	at app//de.uka.ilkd.key.control.AbstractUserInterfaceControl.load(AbstractUserInterfaceControl.java:221)
	at app//de.uka.ilkd.key.control.KeYEnvironment.load(KeYEnvironment.java:251)
	at app//de.uka.ilkd.key.control.KeYEnvironment.load(KeYEnvironment.java:224)
	at app//de.uka.ilkd.key.control.KeYEnvironment.load(KeYEnvironment.java:184)
	at app//de.uka.ilkd.key.logic.TestTermLabelManager.createTestServices(TestTermLabelManager.java:624)
	at app//de.uka.ilkd.key.logic.TestTermLabelManager.doRefactoringTestLogging(TestTermLabelManager.java:106)
	at app//de.uka.ilkd.key.logic.TestTermLabelManager.testrefactorGoal_sequent_allRules(TestTermLabelManager.java:91)
	at java.base@11.0.18/jdk.internal.reflect.NativeMethodAccessorImpl.invoke0(Native Method)
	at java.base@11.0.18/jdk.internal.reflect.NativeMethodAccessorImpl.invoke(NativeMethodAccessorImpl.java:62)
	at java.base@11.0.18/jdk.internal.reflect.DelegatingMethodAccessorImpl.invoke(DelegatingMethodAccessorImpl.java:43)
	at java.base@11.0.18/java.lang.reflect.Method.invoke(Method.java:566)
	at app//org.junit.platform.commons.util.ReflectionUtils.invokeMethod(ReflectionUtils.java:725)
	at app//org.junit.jupiter.engine.execution.MethodInvocation.proceed(MethodInvocation.java:60)
	at app//org.junit.jupiter.engine.execution.InvocationInterceptorChain$ValidatingInvocation.proceed(InvocationInterceptorChain.java:131)
	at app//org.junit.jupiter.engine.extension.TimeoutExtension.intercept(TimeoutExtension.java:149)
	at app//org.junit.jupiter.engine.extension.TimeoutExtension.interceptTestableMethod(TimeoutExtension.java:140)
	at app//org.junit.jupiter.engine.extension.TimeoutExtension.interceptTestMethod(TimeoutExtension.java:84)
	at app//org.junit.jupiter.engine.execution.ExecutableInvoker$ReflectiveInterceptorCall.lambda$ofVoidMethod$0(ExecutableInvoker.java:115)
	at app//org.junit.jupiter.engine.execution.ExecutableInvoker.lambda$invoke$0(ExecutableInvoker.java:105)
	at app//org.junit.jupiter.engine.execution.InvocationInterceptorChain$InterceptedInvocation.proceed(InvocationInterceptorChain.java:106)
	at app//org.junit.jupiter.engine.execution.InvocationInterceptorChain.proceed(InvocationInterceptorChain.java:64)
	at app//org.junit.jupiter.engine.execution.InvocationInterceptorChain.chainAndInvoke(InvocationInterceptorChain.java:45)
	at app//org.junit.jupiter.engine.execution.InvocationInterceptorChain.invoke(InvocationInterceptorChain.java:37)
	at app//org.junit.jupiter.engine.execution.ExecutableInvoker.invoke(ExecutableInvoker.java:104)
	at app//org.junit.jupiter.engine.execution.ExecutableInvoker.invoke(ExecutableInvoker.java:98)
	at app//org.junit.jupiter.engine.descriptor.TestMethodTestDescriptor.lambda$invokeTestMethod$7(TestMethodTestDescriptor.java:214)
	at app//org.junit.platform.engine.support.hierarchical.ThrowableCollector.execute(ThrowableCollector.java:73)
	at app//org.junit.jupiter.engine.descriptor.TestMethodTestDescriptor.invokeTestMethod(TestMethodTestDescriptor.java:210)
	at app//org.junit.jupiter.engine.descriptor.TestMethodTestDescriptor.execute(TestMethodTestDescriptor.java:135)
	at app//org.junit.jupiter.engine.descriptor.TestMethodTestDescriptor.execute(TestMethodTestDescriptor.java:66)
	at app//org.junit.platform.engine.support.hierarchical.NodeTestTask.lambda$executeRecursively$6(NodeTestTask.java:151)
	at app//org.junit.platform.engine.support.hierarchical.ThrowableCollector.execute(ThrowableCollector.java:73)
	at app//org.junit.platform.engine.support.hierarchical.NodeTestTask.lambda$executeRecursively$8(NodeTestTask.java:141)
	at app//org.junit.platform.engine.support.hierarchical.Node.around(Node.java:137)
	at app//org.junit.platform.engine.support.hierarchical.NodeTestTask.lambda$executeRecursively$9(NodeTestTask.java:139)
	at app//org.junit.platform.engine.support.hierarchical.ThrowableCollector.execute(ThrowableCollector.java:73)
	at app//org.junit.platform.engine.support.hierarchical.NodeTestTask.executeRecursively(NodeTestTask.java:138)
	at app//org.junit.platform.engine.support.hierarchical.NodeTestTask.execute(NodeTestTask.java:95)
	at java.base@11.0.18/java.util.ArrayList.forEach(ArrayList.java:1541)
	at app//org.junit.platform.engine.support.hierarchical.SameThreadHierarchicalTestExecutorService.invokeAll(SameThreadHierarchicalTestExecutorService.java:41)
	at app//org.junit.platform.engine.support.hierarchical.NodeTestTask.lambda$executeRecursively$6(NodeTestTask.java:155)
	at app//org.junit.platform.engine.support.hierarchical.ThrowableCollector.execute(ThrowableCollector.java:73)
	at app//org.junit.platform.engine.support.hierarchical.NodeTestTask.lambda$executeRecursively$8(NodeTestTask.java:141)
	at app//org.junit.platform.engine.support.hierarchical.Node.around(Node.java:137)
	at app//org.junit.platform.engine.support.hierarchical.NodeTestTask.lambda$executeRecursively$9(NodeTestTask.java:139)
	at app//org.junit.platform.engine.support.hierarchical.ThrowableCollector.execute(ThrowableCollector.java:73)
	at app//org.junit.platform.engine.support.hierarchical.NodeTestTask.executeRecursively(NodeTestTask.java:138)
	at app//org.junit.platform.engine.support.hierarchical.NodeTestTask.execute(NodeTestTask.java:95)
	at java.base@11.0.18/java.util.ArrayList.forEach(ArrayList.java:1541)
	at app//org.junit.platform.engine.support.hierarchical.SameThreadHierarchicalTestExecutorService.invokeAll(SameThreadHierarchicalTestExecutorService.java:41)
	at app//org.junit.platform.engine.support.hierarchical.NodeTestTask.lambda$executeRecursively$6(NodeTestTask.java:155)
	at app//org.junit.platform.engine.support.hierarchical.ThrowableCollector.execute(ThrowableCollector.java:73)
	at app//org.junit.platform.engine.support.hierarchical.NodeTestTask.lambda$executeRecursively$8(NodeTestTask.java:141)
	at app//org.junit.platform.engine.support.hierarchical.Node.around(Node.java:137)
	at app//org.junit.platform.engine.support.hierarchical.NodeTestTask.lambda$executeRecursively$9(NodeTestTask.java:139)
	at app//org.junit.platform.engine.support.hierarchical.ThrowableCollector.execute(ThrowableCollector.java:73)
	at app//org.junit.platform.engine.support.hierarchical.NodeTestTask.executeRecursively(NodeTestTask.java:138)
	at app//org.junit.platform.engine.support.hierarchical.NodeTestTask.execute(NodeTestTask.java:95)
	at app//org.junit.platform.engine.support.hierarchical.SameThreadHierarchicalTestExecutorService.submit(SameThreadHierarchicalTestExecutorService.java:35)
	at app//org.junit.platform.engine.support.hierarchical.HierarchicalTestExecutor.execute(HierarchicalTestExecutor.java:57)
	at app//org.junit.platform.engine.support.hierarchical.HierarchicalTestEngine.execute(HierarchicalTestEngine.java:54)
	at org.junit.platform.launcher.core.EngineExecutionOrchestrator.execute(EngineExecutionOrchestrator.java:107)
	at org.junit.platform.launcher.core.EngineExecutionOrchestrator.execute(EngineExecutionOrchestrator.java:88)
	at org.junit.platform.launcher.core.EngineExecutionOrchestrator.lambda$execute$0(EngineExecutionOrchestrator.java:54)
	at org.junit.platform.launcher.core.EngineExecutionOrchestrator.withInterceptedStreams(EngineExecutionOrchestrator.java:67)
	at org.junit.platform.launcher.core.EngineExecutionOrchestrator.execute(EngineExecutionOrchestrator.java:52)
	at org.junit.platform.launcher.core.DefaultLauncher.execute(DefaultLauncher.java:114)
	at org.junit.platform.launcher.core.DefaultLauncher.execute(DefaultLauncher.java:86)
	at org.junit.platform.launcher.core.DefaultLauncherSession$DelegatingLauncher.execute(DefaultLauncherSession.java:86)
	at org.junit.platform.launcher.core.SessionPerRequestLauncher.execute(SessionPerRequestLauncher.java:53)
	at org.gradle.api.internal.tasks.testing.junitplatform.JUnitPlatformTestClassProcessor$CollectAllTestClassesExecutor.processAllTestClasses(JUnitPlatformTestClassProcessor.java:99)
	at org.gradle.api.internal.tasks.testing.junitplatform.JUnitPlatformTestClassProcessor$CollectAllTestClassesExecutor.access$000(JUnitPlatformTestClassProcessor.java:79)
	at org.gradle.api.internal.tasks.testing.junitplatform.JUnitPlatformTestClassProcessor.stop(JUnitPlatformTestClassProcessor.java:75)
	at org.gradle.api.internal.tasks.testing.SuiteTestClassProcessor.stop(SuiteTestClassProcessor.java:62)
	at java.base@11.0.18/jdk.internal.reflect.NativeMethodAccessorImpl.invoke0(Native Method)
	at java.base@11.0.18/jdk.internal.reflect.NativeMethodAccessorImpl.invoke(NativeMethodAccessorImpl.java:62)
	at java.base@11.0.18/jdk.internal.reflect.DelegatingMethodAccessorImpl.invoke(DelegatingMethodAccessorImpl.java:43)
	at java.base@11.0.18/java.lang.reflect.Method.invoke(Method.java:566)
	at org.gradle.internal.dispatch.ReflectionDispatch.dispatch(ReflectionDispatch.java:36)
	at org.gradle.internal.dispatch.ReflectionDispatch.dispatch(ReflectionDispatch.java:24)
	at org.gradle.internal.dispatch.ContextClassLoaderDispatch.dispatch(ContextClassLoaderDispatch.java:33)
	at org.gradle.internal.dispatch.ProxyDispatchAdapter$DispatchingInvocationHandler.invoke(ProxyDispatchAdapter.java:94)
	at com.sun.proxy.$Proxy2.stop(Unknown Source)
	at org.gradle.api.internal.tasks.testing.worker.TestWorker$3.run(TestWorker.java:193)
	at org.gradle.api.internal.tasks.testing.worker.TestWorker.executeAndMaintainThreadName(TestWorker.java:129)
	at org.gradle.api.internal.tasks.testing.worker.TestWorker.execute(TestWorker.java:100)
	at org.gradle.api.internal.tasks.testing.worker.TestWorker.execute(TestWorker.java:60)
	at org.gradle.process.internal.worker.child.ActionExecutionWorker.execute(ActionExecutionWorker.java:56)
	at org.gradle.process.internal.worker.child.SystemApplicationClassLoaderWorker.call(SystemApplicationClassLoaderWorker.java:113)
	at org.gradle.process.internal.worker.child.SystemApplicationClassLoaderWorker.call(SystemApplicationClassLoaderWorker.java:65)
	at app//worker.org.gradle.process.internal.worker.GradleWorkerMain.run(GradleWorkerMain.java:69)
	at app//worker.org.gradle.process.internal.worker.GradleWorkerMain.main(GradleWorkerMain.java:74)
Caused by: de.uka.ilkd.key.proof.init.ProofInputException: line 135:14 mismatched input '\ifExintVar' expecting {MODALITY, FORALL, EXISTS, '\if', '\ifEx', 'true', 'false', '(', '{', '@', NOT, SEQARROW, '-', STRING_LITERAL, CHAR_LITERAL, BIN_LITERAL, HEX_LITERAL, IDENT, INT_LITERAL, FLOAT_LITERAL, DOUBLE_LITERAL, REAL_LITERAL}
line 135:27 extraneous input '(' expecting {'\lemma', '}', IDENT, '/*!'}
line 135:44 mismatched input ')' expecting {'(', '{'}
line 141:14 mismatched input '\ifExintVar' expecting {MODALITY, FORALL, EXISTS, '\if', '\ifEx', 'true', 'false', '(', '{', '@', NOT, SEQARROW, '-', STRING_LITERAL, CHAR_LITERAL, BIN_LITERAL, HEX_LITERAL, IDENT, INT_LITERAL, FLOAT_LITERAL, DOUBLE_LITERAL, REAL_LITERAL}
line 141:27 extraneous input '(' expecting {'\lemma', '}', IDENT, '/*!'}
line 141:41 mismatched input ')' expecting {'(', '{'}
line 148:14 mismatched input '\ifExintVar' expecting {MODALITY, FORALL, EXISTS, '\if', '\ifEx', 'true', 'false', '(', '{', '@', NOT, SEQARROW, '-', STRING_LITERAL, CHAR_LITERAL, BIN_LITERAL, HEX_LITERAL, IDENT, INT_LITERAL, FLOAT_LITERAL, DOUBLE_LITERAL, REAL_LITERAL}
line 148:27 extraneous input '(' expecting {'\lemma', '}', IDENT, '/*!'}
line 148:35 mismatched input '=' expecting {'(', '{'}
line 150:38 mismatched input '}' expecting {'(', '{'}
line 155:14 mismatched input '\ifExintVar' expecting {MODALITY, FORALL, EXISTS, '\if', '\ifEx', 'true', 'false', '(', '{', '@', NOT, SEQARROW, '-', STRING_LITERAL, CHAR_LITERAL, BIN_LITERAL, HEX_LITERAL, IDENT, INT_LITERAL, FLOAT_LITERAL, DOUBLE_LITERAL, REAL_LITERAL}
line 155:27 extraneous input '(' expecting {'\lemma', '}', IDENT, '/*!'}
line 155:35 mismatched input '=' expecting {'(', '{'}
line 157:38 mismatched input '}' expecting {'(', '{'}
line 163:14 mismatched input '\ifExintVar' expecting {MODALITY, FORALL, EXISTS, '\if', '\ifEx', 'true', 'false', '(', '{', '@', NOT, SEQARROW, '-', STRING_LITERAL, CHAR_LITERAL, BIN_LITERAL, HEX_LITERAL, IDENT, INT_LITERAL, FLOAT_LITERAL, DOUBLE_LITERAL, REAL_LITERAL}
line 163:27 extraneous input '(' expecting {'\lemma', '}', IDENT, '/*!'}
line 163:30 mismatched input '=' expecting {'(', '{'}
line 165:38 mismatched input '}' expecting {'(', '{'}
line 171:14 mismatched input '\ifExintVar' expecting {MODALITY, FORALL, EXISTS, '\if', '\ifEx', 'true', 'false', '(', '{', '@', NOT, SEQARROW, '-', STRING_LITERAL, CHAR_LITERAL, BIN_LITERAL, HEX_LITERAL, IDENT, INT_LITERAL, FLOAT_LITERAL, DOUBLE_LITERAL, REAL_LITERAL}
line 171:27 extraneous input '(' expecting {'\lemma', '}', IDENT, '/*!'}
line 171:30 mismatched input '=' expecting {'(', '{'}
line 173:38 mismatched input '}' expecting {'(', '{'}
line 179:14 mismatched input '\ifExintVar' expecting {MODALITY, FORALL, EXISTS, '\if', '\ifEx', 'true', 'false', '(', '{', '@', NOT, SEQARROW, '-', STRING_LITERAL, CHAR_LITERAL, BIN_LITERAL, HEX_LITERAL, IDENT, INT_LITERAL, FLOAT_LITERAL, DOUBLE_LITERAL, REAL_LITERAL}
line 179:27 extraneous input '(' expecting {'\lemma', '}', IDENT, '/*!'}
line 179:32 mismatched input '&amp;' expecting {'(', '{'}
line 181:42 mismatched input '}' expecting {'(', '{'}
line 182:39 mismatched input '}' expecting {'(', '{'}
line 188:14 mismatched input '\ifExintVar' expecting {MODALITY, FORALL, EXISTS, '\if', '\ifEx', 'true', 'false', '(', '{', '@', NOT, SEQARROW, '-', STRING_LITERAL, CHAR_LITERAL, BIN_LITERAL, HEX_LITERAL, IDENT, INT_LITERAL, FLOAT_LITERAL, DOUBLE_LITERAL, REAL_LITERAL}
line 188:27 extraneous input '(' expecting {'\lemma', '}', IDENT, '/*!'}
line 188:32 mismatched input '&amp;' expecting {'(', '{'}
line 190:42 mismatched input '}' expecting {'(', '{'}
line 191:39 mismatched input '}' expecting {'(', '{'}
line 198:14 mismatched input '\ifExintVar' expecting {MODALITY, FORALL, EXISTS, '\if', '\ifEx', 'true', 'false', '(', '{', '@', NOT, SEQARROW, '-', STRING_LITERAL, CHAR_LITERAL, BIN_LITERAL, HEX_LITERAL, IDENT, INT_LITERAL, FLOAT_LITERAL, DOUBLE_LITERAL, REAL_LITERAL}
line 198:27 extraneous input '(' expecting {'\lemma', '}', IDENT, '/*!'}
line 198:32 mismatched input '&amp;' expecting {'(', '{'}
line 200:42 mismatched input '}' expecting {'(', '{'}
line 201:39 mismatched input '}' expecting {'(', '{'}
line 208:14 mismatched input '\ifExintVar' expecting {MODALITY, FORALL, EXISTS, '\if', '\ifEx', 'true', 'false', '(', '{', '@', NOT, SEQARROW, '-', STRING_LITERAL, CHAR_LITERAL, BIN_LITERAL, HEX_LITERAL, IDENT, INT_LITERAL, FLOAT_LITERAL, DOUBLE_LITERAL, REAL_LITERAL}
line 208:27 extraneous input '(' expecting {'\lemma', '}', IDENT, '/*!'}
line 208:32 mismatched input '&amp;' expecting {'(', '{'}
line 210:42 mismatched input '}' expecting {'(', '{'}
line 211:39 mismatched input '}' expecting {'(', '{'}
line 218:14 mismatched input '\ifExintVar' expecting {MODALITY, FORALL, EXISTS, '\if', '\ifEx', 'true', 'false', '(', '{', '@', NOT, SEQARROW, '-', STRING_LITERAL, CHAR_LITERAL, BIN_LITERAL, HEX_LITERAL, IDENT, INT_LITERAL, FLOAT_LITERAL, DOUBLE_LITERAL, REAL_LITERAL}
line 218:27 extraneous input '(' expecting {'\lemma', '}', IDENT, '/*!'}
line 218:31 mismatched input ')' expecting {'(', '{'}
line 220:44 mismatched input ')' expecting {'(', '{'}
line 225:14 mismatched input '\ifExintVar' expecting {MODALITY, FORALL, EXISTS, '\if', '\ifEx', 'true', 'false', '(', '{', '@', NOT, SEQARROW, '-', STRING_LITERAL, CHAR_LITERAL, BIN_LITERAL, HEX_LITERAL, IDENT, INT_LITERAL, FLOAT_LITERAL, DOUBLE_LITERAL, REAL_LITERAL}
line 225:27 extraneous input '(' expecting {'\lemma', '}', IDENT, '/*!'}
line 225:31 mismatched input ')' expecting {'(', '{'}
line 227:44 mismatched input ')' expecting {'(', '{'}
line 233:14 mismatched input '\ifExintVar' expecting {MODALITY, FORALL, EXISTS, '\if', '\ifEx', 'true', 'false', '(', '{', '@', NOT, SEQARROW, '-', STRING_LITERAL, CHAR_LITERAL, BIN_LITERAL, HEX_LITERAL, IDENT, INT_LITERAL, FLOAT_LITERAL, DOUBLE_LITERAL, REAL_LITERAL}
line 233:27 extraneous input '(' expecting {'\lemma', '}', IDENT, '/*!'}
line 233:31 mismatched input ')' expecting {'(', '{'}
line 237:42 mismatched input '}' expecting {'(', '{'}
line 238:34 mismatched input '}' expecting {'(', '{'}
line 239:28 extraneous input '(' expecting {'\lemma', '}', IDENT, '/*!'}
line 239:33 mismatched input '-&gt;' expecting {'(', '{'}
line 240:8 extraneous input '\replacewith' expecting {'\lemma', '}', IDENT, '/*!'}
line 240:25 mismatched input ')' expecting {'(', '{'}
line 240:56 mismatched input ')' expecting {'(', '{'}
line 245:14 mismatched input '\ifExintVar' expecting {MODALITY, FORALL, EXISTS, '\if', '\ifEx', 'true', 'false', '(', '{', '@', NOT, SEQARROW, '-', STRING_LITERAL, CHAR_LITERAL, BIN_LITERAL, HEX_LITERAL, IDENT, INT_LITERAL, FLOAT_LITERAL, DOUBLE_LITERAL, REAL_LITERAL}
line 245:27 extraneous input '(' expecting {'\lemma', '}', IDENT, '/*!'}
line 245:31 mismatched input ')' expecting {'(', '{'}
line 248:45 mismatched input '}' expecting {'(', '{'}
line 249:8 extraneous input '\replacewith' expecting {'\lemma', '}', IDENT, '/*!'}
line 249:38 mismatched input ')' expecting {'(', '{'}
line 250:42 mismatched input '}' expecting {'(', '{'}
line 251:28 extraneous input '(' expecting {'\lemma', '}', IDENT, '/*!'}
line 251:33 mismatched input '-&gt;' expecting {'(', '{'}
line 255:14 mismatched input '\ifExintVar' expecting {MODALITY, FORALL, EXISTS, '\if', '\ifEx', 'true', 'false', '(', '{', '@', NOT, SEQARROW, '-', STRING_LITERAL, CHAR_LITERAL, BIN_LITERAL, HEX_LITERAL, IDENT, INT_LITERAL, FLOAT_LITERAL, DOUBLE_LITERAL, REAL_LITERAL}
line 255:27 extraneous input '(' expecting {'\lemma', '}', IDENT, '/*!'}
line 255:31 mismatched input ')' expecting {'(', '{'}
line 258:52 extraneous input '0' expecting {'\lemma', '}', IDENT, '/*!'}
line 258:54 mismatched input 'then' expecting {&lt;EOF&gt;, '\problem', '\chooseContract', '\proofObligation', '\proof'}

	at app//de.uka.ilkd.key.proof.io.KeYFile.readIncludes(KeYFile.java:210)
	at app//de.uka.ilkd.key.proof.init.ProblemInitializer.readIncludes(ProblemInitializer.java:177)
	at app//de.uka.ilkd.key.proof.init.ProblemInitializer.readEnvInput(ProblemInitializer.java:325)
	at app//de.uka.ilkd.key.proof.init.ProblemInitializer.readIncludes(ProblemInitializer.java:188)
	at app//de.uka.ilkd.key.proof.init.ProblemInitializer.readEnvInput(ProblemInitializer.java:325)
	at app//de.uka.ilkd.key.proof.init.ProblemInitializer.prepare(ProblemInitializer.java:449)
	at app//de.uka.ilkd.key.proof.io.AbstractProblemLoader.createInitConfig(AbstractProblemLoader.java:518)
	at app//de.uka.ilkd.key.proof.io.AbstractProblemLoader.loadEnvironment(AbstractProblemLoader.java:288)
	at app//de.uka.ilkd.key.proof.io.AbstractProblemLoader.load(AbstractProblemLoader.java:252)
	at app//de.uka.ilkd.key.control.AbstractUserInterfaceControl.load(AbstractUserInterfaceControl.java:209)
	... 91 more
Caused by: de.uka.ilkd.key.util.parsing.SyntaxErrorReporter$ParserException: line 135:14 mismatched input '\ifExintVar' expecting {MODALITY, FORALL, EXISTS, '\if', '\ifEx', 'true', 'false', '(', '{', '@', NOT, SEQARROW, '-', STRING_LITERAL, CHAR_LITERAL, BIN_LITERAL, HEX_LITERAL, IDENT, INT_LITERAL, FLOAT_LITERAL, DOUBLE_LITERAL, REAL_LITERAL}
line 135:27 extraneous input '(' expecting {'\lemma', '}', IDENT, '/*!'}
line 135:44 mismatched input ')' expecting {'(', '{'}
line 141:14 mismatched input '\ifExintVar' expecting {MODALITY, FORALL, EXISTS, '\if', '\ifEx', 'true', 'false', '(', '{', '@', NOT, SEQARROW, '-', STRING_LITERAL, CHAR_LITERAL, BIN_LITERAL, HEX_LITERAL, IDENT, INT_LITERAL, FLOAT_LITERAL, DOUBLE_LITERAL, REAL_LITERAL}
line 141:27 extraneous input '(' expecting {'\lemma', '}', IDENT, '/*!'}
line 141:41 mismatched input ')' expecting {'(', '{'}
line 148:14 mismatched input '\ifExintVar' expecting {MODALITY, FORALL, EXISTS, '\if', '\ifEx', 'true', 'false', '(', '{', '@', NOT, SEQARROW, '-', STRING_LITERAL, CHAR_LITERAL, BIN_LITERAL, HEX_LITERAL, IDENT, INT_LITERAL, FLOAT_LITERAL, DOUBLE_LITERAL, REAL_LITERAL}
line 148:27 extraneous input '(' expecting {'\lemma', '}', IDENT, '/*!'}
line 148:35 mismatched input '=' expecting {'(', '{'}
line 150:38 mismatched input '}' expecting {'(', '{'}
line 155:14 mismatched input '\ifExintVar' expecting {MODALITY, FORALL, EXISTS, '\if', '\ifEx', 'true', 'false', '(', '{', '@', NOT, SEQARROW, '-', STRING_LITERAL, CHAR_LITERAL, BIN_LITERAL, HEX_LITERAL, IDENT, INT_LITERAL, FLOAT_LITERAL, DOUBLE_LITERAL, REAL_LITERAL}
line 155:27 extraneous input '(' expecting {'\lemma', '}', IDENT, '/*!'}
line 155:35 mismatched input '=' expecting {'(', '{'}
line 157:38 mismatched input '}' expecting {'(', '{'}
line 163:14 mismatched input '\ifExintVar' expecting {MODALITY, FORALL, EXISTS, '\if', '\ifEx', 'true', 'false', '(', '{', '@', NOT, SEQARROW, '-', STRING_LITERAL, CHAR_LITERAL, BIN_LITERAL, HEX_LITERAL, IDENT, INT_LITERAL, FLOAT_LITERAL, DOUBLE_LITERAL, REAL_LITERAL}
line 163:27 extraneous input '(' expecting {'\lemma', '}', IDENT, '/*!'}
line 163:30 mismatched input '=' expecting {'(', '{'}
line 165:38 mismatched input '}' expecting {'(', '{'}
line 171:14 mismatched input '\ifExintVar' expecting {MODALITY, FORALL, EXISTS, '\if', '\ifEx', 'true', 'false', '(', '{', '@', NOT, SEQARROW, '-', STRING_LITERAL, CHAR_LITERAL, BIN_LITERAL, HEX_LITERAL, IDENT, INT_LITERAL, FLOAT_LITERAL, DOUBLE_LITERAL, REAL_LITERAL}
line 171:27 extraneous input '(' expecting {'\lemma', '}', IDENT, '/*!'}
line 171:30 mismatched input '=' expecting {'(', '{'}
line 173:38 mismatched input '}' expecting {'(', '{'}
line 179:14 mismatched input '\ifExintVar' expecting {MODALITY, FORALL, EXISTS, '\if', '\ifEx', 'true', 'false', '(', '{', '@', NOT, SEQARROW, '-', STRING_LITERAL, CHAR_LITERAL, BIN_LITERAL, HEX_LITERAL, IDENT, INT_LITERAL, FLOAT_LITERAL, DOUBLE_LITERAL, REAL_LITERAL}
line 179:27 extraneous input '(' expecting {'\lemma', '}', IDENT, '/*!'}
line 179:32 mismatched input '&amp;' expecting {'(', '{'}
line 181:42 mismatched input '}' expecting {'(', '{'}
line 182:39 mismatched input '}' expecting {'(', '{'}
line 188:14 mismatched input '\ifExintVar' expecting {MODALITY, FORALL, EXISTS, '\if', '\ifEx', 'true', 'false', '(', '{', '@', NOT, SEQARROW, '-', STRING_LITERAL, CHAR_LITERAL, BIN_LITERAL, HEX_LITERAL, IDENT, INT_LITERAL, FLOAT_LITERAL, DOUBLE_LITERAL, REAL_LITERAL}
line 188:27 extraneous input '(' expecting {'\lemma', '}', IDENT, '/*!'}
line 188:32 mismatched input '&amp;' expecting {'(', '{'}
line 190:42 mismatched input '}' expecting {'(', '{'}
line 191:39 mismatched input '}' expecting {'(', '{'}
line 198:14 mismatched input '\ifExintVar' expecting {MODALITY, FORALL, EXISTS, '\if', '\ifEx', 'true', 'false', '(', '{', '@', NOT, SEQARROW, '-', STRING_LITERAL, CHAR_LITERAL, BIN_LITERAL, HEX_LITERAL, IDENT, INT_LITERAL, FLOAT_LITERAL, DOUBLE_LITERAL, REAL_LITERAL}
line 198:27 extraneous input '(' expecting {'\lemma', '}', IDENT, '/*!'}
line 198:32 mismatched input '&amp;' expecting {'(', '{'}
line 200:42 mismatched input '}' expecting {'(', '{'}
line 201:39 mismatched input '}' expecting {'(', '{'}
line 208:14 mismatched input '\ifExintVar' expecting {MODALITY, FORALL, EXISTS, '\if', '\ifEx', 'true', 'false', '(', '{', '@', NOT, SEQARROW, '-', STRING_LITERAL, CHAR_LITERAL, BIN_LITERAL, HEX_LITERAL, IDENT, INT_LITERAL, FLOAT_LITERAL, DOUBLE_LITERAL, REAL_LITERAL}
line 208:27 extraneous input '(' expecting {'\lemma', '}', IDENT, '/*!'}
line 208:32 mismatched input '&amp;' expecting {'(', '{'}
line 210:42 mismatched input '}' expecting {'(', '{'}
line 211:39 mismatched input '}' expecting {'(', '{'}
line 218:14 mismatched input '\ifExintVar' expecting {MODALITY, FORALL, EXISTS, '\if', '\ifEx', 'true', 'false', '(', '{', '@', NOT, SEQARROW, '-', STRING_LITERAL, CHAR_LITERAL, BIN_LITERAL, HEX_LITERAL, IDENT, INT_LITERAL, FLOAT_LITERAL, DOUBLE_LITERAL, REAL_LITERAL}
line 218:27 extraneous input '(' expecting {'\lemma', '}', IDENT, '/*!'}
line 218:31 mismatched input ')' expecting {'(', '{'}
line 220:44 mismatched input ')' expecting {'(', '{'}
line 225:14 mismatched input '\ifExintVar' expecting {MODALITY, FORALL, EXISTS, '\if', '\ifEx', 'true', 'false', '(', '{', '@', NOT, SEQARROW, '-', STRING_LITERAL, CHAR_LITERAL, BIN_LITERAL, HEX_LITERAL, IDENT, INT_LITERAL, FLOAT_LITERAL, DOUBLE_LITERAL, REAL_LITERAL}
line 225:27 extraneous input '(' expecting {'\lemma', '}', IDENT, '/*!'}
line 225:31 mismatched input ')' expecting {'(', '{'}
line 227:44 mismatched input ')' expecting {'(', '{'}
line 233:14 mismatched input '\ifExintVar' expecting {MODALITY, FORALL, EXISTS, '\if', '\ifEx', 'true', 'false', '(', '{', '@', NOT, SEQARROW, '-', STRING_LITERAL, CHAR_LITERAL, BIN_LITERAL, HEX_LITERAL, IDENT, INT_LITERAL, FLOAT_LITERAL, DOUBLE_LITERAL, REAL_LITERAL}
line 233:27 extraneous input '(' expecting {'\lemma', '}', IDENT, '/*!'}
line 233:31 mismatched input ')' expecting {'(', '{'}
line 237:42 mismatched input '}' expecting {'(', '{'}
line 238:34 mismatched input '}' expecting {'(', '{'}
line 239:28 extraneous input '(' expecting {'\lemma', '}', IDENT, '/*!'}
line 239:33 mismatched input '-&gt;' expecting {'(', '{'}
line 240:8 extraneous input '\replacewith' expecting {'\lemma', '}', IDENT, '/*!'}
line 240:25 mismatched input ')' expecting {'(', '{'}
line 240:56 mismatched input ')' expecting {'(', '{'}
line 245:14 mismatched input '\ifExintVar' expecting {MODALITY, FORALL, EXISTS, '\if', '\ifEx', 'true', 'false', '(', '{', '@', NOT, SEQARROW, '-', STRING_LITERAL, CHAR_LITERAL, BIN_LITERAL, HEX_LITERAL, IDENT, INT_LITERAL, FLOAT_LITERAL, DOUBLE_LITERAL, REAL_LITERAL}
line 245:27 extraneous input '(' expecting {'\lemma', '}', IDENT, '/*!'}
line 245:31 mismatched input ')' expecting {'(', '{'}
line 248:45 mismatched input '}' expecting {'(', '{'}
line 249:8 extraneous input '\replacewith' expecting {'\lemma', '}', IDENT, '/*!'}
line 249:38 mismatched input ')' expecting {'(', '{'}
line 250:42 mismatched input '}' expecting {'(', '{'}
line 251:28 extraneous input '(' expecting {'\lemma', '}', IDENT, '/*!'}
line 251:33 mismatched input '-&gt;' expecting {'(', '{'}
line 255:14 mismatched input '\ifExintVar' expecting {MODALITY, FORALL, EXISTS, '\if', '\ifEx', 'true', 'false', '(', '{', '@', NOT, SEQARROW, '-', STRING_LITERAL, CHAR_LITERAL, BIN_LITERAL, HEX_LITERAL, IDENT, INT_LITERAL, FLOAT_LITERAL, DOUBLE_LITERAL, REAL_LITERAL}
line 255:27 extraneous input '(' expecting {'\lemma', '}', IDENT, '/*!'}
line 255:31 mismatched input ')' expecting {'(', '{'}
line 258:52 extraneous input '0' expecting {'\lemma', '}', IDENT, '/*!'}
line 258:54 mismatched input 'then' expecting {&lt;EOF&gt;, '\problem', '\chooseContract', '\proofObligation', '\proof'}

	at app//de.uka.ilkd.key.util.parsing.SyntaxErrorReporter.throwException(SyntaxErrorReporter.java:89)
	at app//de.uka.ilkd.key.nparser.ParsingFacade.parseFile(ParsingFacade.java:125)
	at app//de.uka.ilkd.key.proof.io.KeYFile.getParseContext(KeYFile.java:160)
	at app//de.uka.ilkd.key.proof.io.KeYFile.readIncludes(KeYFile.java:206)
	... 100 more
</failure>
  </testcase>
  <testcase name="testrefactorGoal_childrenAndGrandchildren_allRules()" classname="de.uka.ilkd.key.logic.TestTermLabelManager" time="0.072">
    <failure message="line 135:14 mismatched input '\ifExintVar' expecting {MODALITY, FORALL, EXISTS, '\if', '\ifEx', 'true', 'false', '(', '{', '@', NOT, SEQARROW, '-', STRING_LITERAL, CHAR_LITERAL, BIN_LITERAL, HEX_LITERAL, IDENT, INT_LITERAL, FLOAT_LITERAL, DOUBLE_LITERAL, REAL_LITERAL}&#10;line 135:27 extraneous input '(' expecting {'\lemma', '}', IDENT, '/*!'}&#10;line 135:44 mismatched input ')' expecting {'(', '{'}&#10;line 141:14 mismatched input '\ifExintVar' expecting {MODALITY, FORALL, EXISTS, '\if', '\ifEx', 'true', 'false', '(', '{', '@', NOT, SEQARROW, '-', STRING_LITERAL, CHAR_LITERAL, BIN_LITERAL, HEX_LITERAL, IDENT, INT_LITERAL, FLOAT_LITERAL, DOUBLE_LITERAL, REAL_LITERAL}&#10;line 141:27 extraneous input '(' expecting {'\lemma', '}', IDENT, '/*!'}&#10;line 141:41 mismatched input ')' expecting {'(', '{'}&#10;line 148:14 mismatched input '\ifExintVar' expecting {MODALITY, FORALL, EXISTS, '\if', '\ifEx', 'true', 'false', '(', '{', '@', NOT, SEQARROW, '-', STRING_LITERAL, CHAR_LITERAL, BIN_LITERAL, HEX_LITERAL, IDENT, INT_LITERAL, FLOAT_LITERAL, DOUBLE_LITERAL, REAL_LITERAL}&#10;line 148:27 extraneous input '(' expecting {'\lemma', '}', IDENT, '/*!'}&#10;line 148:35 mismatched input '=' expecting {'(', '{'}&#10;line 150:38 mismatched input '}' expecting {'(', '{'}&#10;line 155:14 mismatched input '\ifExintVar' expecting {MODALITY, FORALL, EXISTS, '\if', '\ifEx', 'true', 'false', '(', '{', '@', NOT, SEQARROW, '-', STRING_LITERAL, CHAR_LITERAL, BIN_LITERAL, HEX_LITERAL, IDENT, INT_LITERAL, FLOAT_LITERAL, DOUBLE_LITERAL, REAL_LITERAL}&#10;line 155:27 extraneous input '(' expecting {'\lemma', '}', IDENT, '/*!'}&#10;line 155:35 mismatched input '=' expecting {'(', '{'}&#10;line 157:38 mismatched input '}' expecting {'(', '{'}&#10;line 163:14 mismatched input '\ifExintVar' expecting {MODALITY, FORALL, EXISTS, '\if', '\ifEx', 'true', 'false', '(', '{', '@', NOT, SEQARROW, '-', STRING_LITERAL, CHAR_LITERAL, BIN_LITERAL, HEX_LITERAL, IDENT, INT_LITERAL, FLOAT_LITERAL, DOUBLE_LITERAL, REAL_LITERAL}&#10;line 163:27 extraneous input '(' expecting {'\lemma', '}', IDENT, '/*!'}&#10;line 163:30 mismatched input '=' expecting {'(', '{'}&#10;line 165:38 mismatched input '}' expecting {'(', '{'}&#10;line 171:14 mismatched input '\ifExintVar' expecting {MODALITY, FORALL, EXISTS, '\if', '\ifEx', 'true', 'false', '(', '{', '@', NOT, SEQARROW, '-', STRING_LITERAL, CHAR_LITERAL, BIN_LITERAL, HEX_LITERAL, IDENT, INT_LITERAL, FLOAT_LITERAL, DOUBLE_LITERAL, REAL_LITERAL}&#10;line 171:27 extraneous input '(' expecting {'\lemma', '}', IDENT, '/*!'}&#10;line 171:30 mismatched input '=' expecting {'(', '{'}&#10;line 173:38 mismatched input '}' expecting {'(', '{'}&#10;line 179:14 mismatched input '\ifExintVar' expecting {MODALITY, FORALL, EXISTS, '\if', '\ifEx', 'true', 'false', '(', '{', '@', NOT, SEQARROW, '-', STRING_LITERAL, CHAR_LITERAL, BIN_LITERAL, HEX_LITERAL, IDENT, INT_LITERAL, FLOAT_LITERAL, DOUBLE_LITERAL, REAL_LITERAL}&#10;line 179:27 extraneous input '(' expecting {'\lemma', '}', IDENT, '/*!'}&#10;line 179:32 mismatched input '&amp;' expecting {'(', '{'}&#10;line 181:42 mismatched input '}' expecting {'(', '{'}&#10;line 182:39 mismatched input '}' expecting {'(', '{'}&#10;line 188:14 mismatched input '\ifExintVar' expecting {MODALITY, FORALL, EXISTS, '\if', '\ifEx', 'true', 'false', '(', '{', '@', NOT, SEQARROW, '-', STRING_LITERAL, CHAR_LITERAL, BIN_LITERAL, HEX_LITERAL, IDENT, INT_LITERAL, FLOAT_LITERAL, DOUBLE_LITERAL, REAL_LITERAL}&#10;line 188:27 extraneous input '(' expecting {'\lemma', '}', IDENT, '/*!'}&#10;line 188:32 mismatched input '&amp;' expecting {'(', '{'}&#10;line 190:42 mismatched input '}' expecting {'(', '{'}&#10;line 191:39 mismatched input '}' expecting {'(', '{'}&#10;line 198:14 mismatched input '\ifExintVar' expecting {MODALITY, FORALL, EXISTS, '\if', '\ifEx', 'true', 'false', '(', '{', '@', NOT, SEQARROW, '-', STRING_LITERAL, CHAR_LITERAL, BIN_LITERAL, HEX_LITERAL, IDENT, INT_LITERAL, FLOAT_LITERAL, DOUBLE_LITERAL, REAL_LITERAL}&#10;line 198:27 extraneous input '(' expecting {'\lemma', '}', IDENT, '/*!'}&#10;line 198:32 mismatched input '&amp;' expecting {'(', '{'}&#10;line 200:42 mismatched input '}' expecting {'(', '{'}&#10;line 201:39 mismatched input '}' expecting {'(', '{'}&#10;line 208:14 mismatched input '\ifExintVar' expecting {MODALITY, FORALL, EXISTS, '\if', '\ifEx', 'true', 'false', '(', '{', '@', NOT, SEQARROW, '-', STRING_LITERAL, CHAR_LITERAL, BIN_LITERAL, HEX_LITERAL, IDENT, INT_LITERAL, FLOAT_LITERAL, DOUBLE_LITERAL, REAL_LITERAL}&#10;line 208:27 extraneous input '(' expecting {'\lemma', '}', IDENT, '/*!'}&#10;line 208:32 mismatched input '&amp;' expecting {'(', '{'}&#10;line 210:42 mismatched input '}' expecting {'(', '{'}&#10;line 211:39 mismatched input '}' expecting {'(', '{'}&#10;line 218:14 mismatched input '\ifExintVar' expecting {MODALITY, FORALL, EXISTS, '\if', '\ifEx', 'true', 'false', '(', '{', '@', NOT, SEQARROW, '-', STRING_LITERAL, CHAR_LITERAL, BIN_LITERAL, HEX_LITERAL, IDENT, INT_LITERAL, FLOAT_LITERAL, DOUBLE_LITERAL, REAL_LITERAL}&#10;line 218:27 extraneous input '(' expecting {'\lemma', '}', IDENT, '/*!'}&#10;line 218:31 mismatched input ')' expecting {'(', '{'}&#10;line 220:44 mismatched input ')' expecting {'(', '{'}&#10;line 225:14 mismatched input '\ifExintVar' expecting {MODALITY, FORALL, EXISTS, '\if', '\ifEx', 'true', 'false', '(', '{', '@', NOT, SEQARROW, '-', STRING_LITERAL, CHAR_LITERAL, BIN_LITERAL, HEX_LITERAL, IDENT, INT_LITERAL, FLOAT_LITERAL, DOUBLE_LITERAL, REAL_LITERAL}&#10;line 225:27 extraneous input '(' expecting {'\lemma', '}', IDENT, '/*!'}&#10;line 225:31 mismatched input ')' expecting {'(', '{'}&#10;line 227:44 mismatched input ')' expecting {'(', '{'}&#10;line 233:14 mismatched input '\ifExintVar' expecting {MODALITY, FORALL, EXISTS, '\if', '\ifEx', 'true', 'false', '(', '{', '@', NOT, SEQARROW, '-', STRING_LITERAL, CHAR_LITERAL, BIN_LITERAL, HEX_LITERAL, IDENT, INT_LITERAL, FLOAT_LITERAL, DOUBLE_LITERAL, REAL_LITERAL}&#10;line 233:27 extraneous input '(' expecting {'\lemma', '}', IDENT, '/*!'}&#10;line 233:31 mismatched input ')' expecting {'(', '{'}&#10;line 237:42 mismatched input '}' expecting {'(', '{'}&#10;line 238:34 mismatched input '}' expecting {'(', '{'}&#10;line 239:28 extraneous input '(' expecting {'\lemma', '}', IDENT, '/*!'}&#10;line 239:33 mismatched input '-&gt;' expecting {'(', '{'}&#10;line 240:8 extraneous input '\replacewith' expecting {'\lemma', '}', IDENT, '/*!'}&#10;line 240:25 mismatched input ')' expecting {'(', '{'}&#10;line 240:56 mismatched input ')' expecting {'(', '{'}&#10;line 245:14 mismatched input '\ifExintVar' expecting {MODALITY, FORALL, EXISTS, '\if', '\ifEx', 'true', 'false', '(', '{', '@', NOT, SEQARROW, '-', STRING_LITERAL, CHAR_LITERAL, BIN_LITERAL, HEX_LITERAL, IDENT, INT_LITERAL, FLOAT_LITERAL, DOUBLE_LITERAL, REAL_LITERAL}&#10;line 245:27 extraneous input '(' expecting {'\lemma', '}', IDENT, '/*!'}&#10;line 245:31 mismatched input ')' expecting {'(', '{'}&#10;line 248:45 mismatched input '}' expecting {'(', '{'}&#10;line 249:8 extraneous input '\replacewith' expecting {'\lemma', '}', IDENT, '/*!'}&#10;line 249:38 mismatched input ')' expecting {'(', '{'}&#10;line 250:42 mismatched input '}' expecting {'(', '{'}&#10;line 251:28 extraneous input '(' expecting {'\lemma', '}', IDENT, '/*!'}&#10;line 251:33 mismatched input '-&gt;' expecting {'(', '{'}&#10;line 255:14 mismatched input '\ifExintVar' expecting {MODALITY, FORALL, EXISTS, '\if', '\ifEx', 'true', 'false', '(', '{', '@', NOT, SEQARROW, '-', STRING_LITERAL, CHAR_LITERAL, BIN_LITERAL, HEX_LITERAL, IDENT, INT_LITERAL, FLOAT_LITERAL, DOUBLE_LITERAL, REAL_LITERAL}&#10;line 255:27 extraneous input '(' expecting {'\lemma', '}', IDENT, '/*!'}&#10;line 255:31 mismatched input ')' expecting {'(', '{'}&#10;line 258:52 extraneous input '0' expecting {'\lemma', '}', IDENT, '/*!'}&#10;line 258:54 mismatched input 'then' expecting {&lt;EOF&gt;, '\problem', '\chooseContract', '\proofObligation', '\proof'}&#10; (file: src/test/resources/testcase/termLabels/flatSteps/FlatSteps.java; caused by: de.uka.ilkd.key.proof.init.ProofInputException: line 135:14 mismatched input '\ifExintVar' expecting {MODALITY, FORALL, EXISTS, '\if', '\ifEx', 'true', 'false', '(', '{', '@', NOT, SEQARROW, '-', STRING_LITERAL, CHAR_LITERAL, BIN_LITERAL, HEX_LITERAL, IDENT, INT_LITERAL, FLOAT_LITERAL, DOUBLE_LITERAL, REAL_LITERAL}&#10;line 135:27 extraneous input '(' expecting {'\lemma', '}', IDENT, '/*!'}&#10;line 135:44 mismatched input ')' expecting {'(', '{'}&#10;line 141:14 mismatched input '\ifExintVar' expecting {MODALITY, FORALL, EXISTS, '\if', '\ifEx', 'true', 'false', '(', '{', '@', NOT, SEQARROW, '-', STRING_LITERAL, CHAR_LITERAL, BIN_LITERAL, HEX_LITERAL, IDENT, INT_LITERAL, FLOAT_LITERAL, DOUBLE_LITERAL, REAL_LITERAL}&#10;line 141:27 extraneous input '(' expecting {'\lemma', '}', IDENT, '/*!'}&#10;line 141:41 mismatched input ')' expecting {'(', '{'}&#10;line 148:14 mismatched input '\ifExintVar' expecting {MODALITY, FORALL, EXISTS, '\if', '\ifEx', 'true', 'false', '(', '{', '@', NOT, SEQARROW, '-', STRING_LITERAL, CHAR_LITERAL, BIN_LITERAL, HEX_LITERAL, IDENT, INT_LITERAL, FLOAT_LITERAL, DOUBLE_LITERAL, REAL_LITERAL}&#10;line 148:27 extraneous input '(' expecting {'\lemma', '}', IDENT, '/*!'}&#10;line 148:35 mismatched input '=' expecting {'(', '{'}&#10;line 150:38 mismatched input '}' expecting {'(', '{'}&#10;line 155:14 mismatched input '\ifExintVar' expecting {MODALITY, FORALL, EXISTS, '\if', '\ifEx', 'true', 'false', '(', '{', '@', NOT, SEQARROW, '-', STRING_LITERAL, CHAR_LITERAL, BIN_LITERAL, HEX_LITERAL, IDENT, INT_LITERAL, FLOAT_LITERAL, DOUBLE_LITERAL, REAL_LITERAL}&#10;line 155:27 extraneous input '(' expecting {'\lemma', '}', IDENT, '/*!'}&#10;line 155:35 mismatched input '=' expecting {'(', '{'}&#10;line 157:38 mismatched input '}' expecting {'(', '{'}&#10;line 163:14 mismatched input '\ifExintVar' expecting {MODALITY, FORALL, EXISTS, '\if', '\ifEx', 'true', 'false', '(', '{', '@', NOT, SEQARROW, '-', STRING_LITERAL, CHAR_LITERAL, BIN_LITERAL, HEX_LITERAL, IDENT, INT_LITERAL, FLOAT_LITERAL, DOUBLE_LITERAL, REAL_LITERAL}&#10;line 163:27 extraneous input '(' expecting {'\lemma', '}', IDENT, '/*!'}&#10;line 163:30 mismatched input '=' expecting {'(', '{'}&#10;line 165:38 mismatched input '}' expecting {'(', '{'}&#10;line 171:14 mismatched input '\ifExintVar' expecting {MODALITY, FORALL, EXISTS, '\if', '\ifEx', 'true', 'false', '(', '{', '@', NOT, SEQARROW, '-', STRING_LITERAL, CHAR_LITERAL, BIN_LITERAL, HEX_LITERAL, IDENT, INT_LITERAL, FLOAT_LITERAL, DOUBLE_LITERAL, REAL_LITERAL}&#10;line 171:27 extraneous input '(' expecting {'\lemma', '}', IDENT, '/*!'}&#10;line 171:30 mismatched input '=' expecting {'(', '{'}&#10;line 173:38 mismatched input '}' expecting {'(', '{'}&#10;line 179:14 mismatched input '\ifExintVar' expecting {MODALITY, FORALL, EXISTS, '\if', '\ifEx', 'true', 'false', '(', '{', '@', NOT, SEQARROW, '-', STRING_LITERAL, CHAR_LITERAL, BIN_LITERAL, HEX_LITERAL, IDENT, INT_LITERAL, FLOAT_LITERAL, DOUBLE_LITERAL, REAL_LITERAL}&#10;line 179:27 extraneous input '(' expecting {'\lemma', '}', IDENT, '/*!'}&#10;line 179:32 mismatched input '&amp;' expecting {'(', '{'}&#10;line 181:42 mismatched input '}' expecting {'(', '{'}&#10;line 182:39 mismatched input '}' expecting {'(', '{'}&#10;line 188:14 mismatched input '\ifExintVar' expecting {MODALITY, FORALL, EXISTS, '\if', '\ifEx', 'true', 'false', '(', '{', '@', NOT, SEQARROW, '-', STRING_LITERAL, CHAR_LITERAL, BIN_LITERAL, HEX_LITERAL, IDENT, INT_LITERAL, FLOAT_LITERAL, DOUBLE_LITERAL, REAL_LITERAL}&#10;line 188:27 extraneous input '(' expecting {'\lemma', '}', IDENT, '/*!'}&#10;line 188:32 mismatched input '&amp;' expecting {'(', '{'}&#10;line 190:42 mismatched input '}' expecting {'(', '{'}&#10;line 191:39 mismatched input '}' expecting {'(', '{'}&#10;line 198:14 mismatched input '\ifExintVar' expecting {MODALITY, FORALL, EXISTS, '\if', '\ifEx', 'true', 'false', '(', '{', '@', NOT, SEQARROW, '-', STRING_LITERAL, CHAR_LITERAL, BIN_LITERAL, HEX_LITERAL, IDENT, INT_LITERAL, FLOAT_LITERAL, DOUBLE_LITERAL, REAL_LITERAL}&#10;line 198:27 extraneous input '(' expecting {'\lemma', '}', IDENT, '/*!'}&#10;line 198:32 mismatched input '&amp;' expecting {'(', '{'}&#10;line 200:42 mismatched input '}' expecting {'(', '{'}&#10;line 201:39 mismatched input '}' expecting {'(', '{'}&#10;line 208:14 mismatched input '\ifExintVar' expecting {MODALITY, FORALL, EXISTS, '\if', '\ifEx', 'true', 'false', '(', '{', '@', NOT, SEQARROW, '-', STRING_LITERAL, CHAR_LITERAL, BIN_LITERAL, HEX_LITERAL, IDENT, INT_LITERAL, FLOAT_LITERAL, DOUBLE_LITERAL, REAL_LITERAL}&#10;line 208:27 extraneous input '(' expecting {'\lemma', '}', IDENT, '/*!'}&#10;line 208:32 mismatched input '&amp;' expecting {'(', '{'}&#10;line 210:42 mismatched input '}' expecting {'(', '{'}&#10;line 211:39 mismatched input '}' expecting {'(', '{'}&#10;line 218:14 mismatched input '\ifExintVar' expecting {MODALITY, FORALL, EXISTS, '\if', '\ifEx', 'true', 'false', '(', '{', '@', NOT, SEQARROW, '-', STRING_LITERAL, CHAR_LITERAL, BIN_LITERAL, HEX_LITERAL, IDENT, INT_LITERAL, FLOAT_LITERAL, DOUBLE_LITERAL, REAL_LITERAL}&#10;line 218:27 extraneous input '(' expecting {'\lemma', '}', IDENT, '/*!'}&#10;line 218:31 mismatched input ')' expecting {'(', '{'}&#10;line 220:44 mismatched input ')' expecting {'(', '{'}&#10;line 225:14 mismatched input '\ifExintVar' expecting {MODALITY, FORALL, EXISTS, '\if', '\ifEx', 'true', 'false', '(', '{', '@', NOT, SEQARROW, '-', STRING_LITERAL, CHAR_LITERAL, BIN_LITERAL, HEX_LITERAL, IDENT, INT_LITERAL, FLOAT_LITERAL, DOUBLE_LITERAL, REAL_LITERAL}&#10;line 225:27 extraneous input '(' expecting {'\lemma', '}', IDENT, '/*!'}&#10;line 225:31 mismatched input ')' expecting {'(', '{'}&#10;line 227:44 mismatched input ')' expecting {'(', '{'}&#10;line 233:14 mismatched input '\ifExintVar' expecting {MODALITY, FORALL, EXISTS, '\if', '\ifEx', 'true', 'false', '(', '{', '@', NOT, SEQARROW, '-', STRING_LITERAL, CHAR_LITERAL, BIN_LITERAL, HEX_LITERAL, IDENT, INT_LITERAL, FLOAT_LITERAL, DOUBLE_LITERAL, REAL_LITERAL}&#10;line 233:27 extraneous input '(' expecting {'\lemma', '}', IDENT, '/*!'}&#10;line 233:31 mismatched input ')' expecting {'(', '{'}&#10;line 237:42 mismatched input '}' expecting {'(', '{'}&#10;line 238:34 mismatched input '}' expecting {'(', '{'}&#10;line 239:28 extraneous input '(' expecting {'\lemma', '}', IDENT, '/*!'}&#10;line 239:33 mismatched input '-&gt;' expecting {'(', '{'}&#10;line 240:8 extraneous input '\replacewith' expecting {'\lemma', '}', IDENT, '/*!'}&#10;line 240:25 mismatched input ')' expecting {'(', '{'}&#10;line 240:56 mismatched input ')' expecting {'(', '{'}&#10;line 245:14 mismatched input '\ifExintVar' expecting {MODALITY, FORALL, EXISTS, '\if', '\ifEx', 'true', 'false', '(', '{', '@', NOT, SEQARROW, '-', STRING_LITERAL, CHAR_LITERAL, BIN_LITERAL, HEX_LITERAL, IDENT, INT_LITERAL, FLOAT_LITERAL, DOUBLE_LITERAL, REAL_LITERAL}&#10;line 245:27 extraneous input '(' expecting {'\lemma', '}', IDENT, '/*!'}&#10;line 245:31 mismatched input ')' expecting {'(', '{'}&#10;line 248:45 mismatched input '}' expecting {'(', '{'}&#10;line 249:8 extraneous input '\replacewith' expecting {'\lemma', '}', IDENT, '/*!'}&#10;line 249:38 mismatched input ')' expecting {'(', '{'}&#10;line 250:42 mismatched input '}' expecting {'(', '{'}&#10;line 251:28 extraneous input '(' expecting {'\lemma', '}', IDENT, '/*!'}&#10;line 251:33 mismatched input '-&gt;' expecting {'(', '{'}&#10;line 255:14 mismatched input '\ifExintVar' expecting {MODALITY, FORALL, EXISTS, '\if', '\ifEx', 'true', 'false', '(', '{', '@', NOT, SEQARROW, '-', STRING_LITERAL, CHAR_LITERAL, BIN_LITERAL, HEX_LITERAL, IDENT, INT_LITERAL, FLOAT_LITERAL, DOUBLE_LITERAL, REAL_LITERAL}&#10;line 255:27 extraneous input '(' expecting {'\lemma', '}', IDENT, '/*!'}&#10;line 255:31 mismatched input ')' expecting {'(', '{'}&#10;line 258:52 extraneous input '0' expecting {'\lemma', '}', IDENT, '/*!'}&#10;line 258:54 mismatched input 'then' expecting {&lt;EOF&gt;, '\problem', '\chooseContract', '\proofObligation', '\proof'}&#10;)" type="de.uka.ilkd.key.proof.io.ProblemLoaderException">line 135:14 mismatched input '\ifExintVar' expecting {MODALITY, FORALL, EXISTS, '\if', '\ifEx', 'true', 'false', '(', '{', '@', NOT, SEQARROW, '-', STRING_LITERAL, CHAR_LITERAL, BIN_LITERAL, HEX_LITERAL, IDENT, INT_LITERAL, FLOAT_LITERAL, DOUBLE_LITERAL, REAL_LITERAL}
line 135:27 extraneous input '(' expecting {'\lemma', '}', IDENT, '/*!'}
line 135:44 mismatched input ')' expecting {'(', '{'}
line 141:14 mismatched input '\ifExintVar' expecting {MODALITY, FORALL, EXISTS, '\if', '\ifEx', 'true', 'false', '(', '{', '@', NOT, SEQARROW, '-', STRING_LITERAL, CHAR_LITERAL, BIN_LITERAL, HEX_LITERAL, IDENT, INT_LITERAL, FLOAT_LITERAL, DOUBLE_LITERAL, REAL_LITERAL}
line 141:27 extraneous input '(' expecting {'\lemma', '}', IDENT, '/*!'}
line 141:41 mismatched input ')' expecting {'(', '{'}
line 148:14 mismatched input '\ifExintVar' expecting {MODALITY, FORALL, EXISTS, '\if', '\ifEx', 'true', 'false', '(', '{', '@', NOT, SEQARROW, '-', STRING_LITERAL, CHAR_LITERAL, BIN_LITERAL, HEX_LITERAL, IDENT, INT_LITERAL, FLOAT_LITERAL, DOUBLE_LITERAL, REAL_LITERAL}
line 148:27 extraneous input '(' expecting {'\lemma', '}', IDENT, '/*!'}
line 148:35 mismatched input '=' expecting {'(', '{'}
line 150:38 mismatched input '}' expecting {'(', '{'}
line 155:14 mismatched input '\ifExintVar' expecting {MODALITY, FORALL, EXISTS, '\if', '\ifEx', 'true', 'false', '(', '{', '@', NOT, SEQARROW, '-', STRING_LITERAL, CHAR_LITERAL, BIN_LITERAL, HEX_LITERAL, IDENT, INT_LITERAL, FLOAT_LITERAL, DOUBLE_LITERAL, REAL_LITERAL}
line 155:27 extraneous input '(' expecting {'\lemma', '}', IDENT, '/*!'}
line 155:35 mismatched input '=' expecting {'(', '{'}
line 157:38 mismatched input '}' expecting {'(', '{'}
line 163:14 mismatched input '\ifExintVar' expecting {MODALITY, FORALL, EXISTS, '\if', '\ifEx', 'true', 'false', '(', '{', '@', NOT, SEQARROW, '-', STRING_LITERAL, CHAR_LITERAL, BIN_LITERAL, HEX_LITERAL, IDENT, INT_LITERAL, FLOAT_LITERAL, DOUBLE_LITERAL, REAL_LITERAL}
line 163:27 extraneous input '(' expecting {'\lemma', '}', IDENT, '/*!'}
line 163:30 mismatched input '=' expecting {'(', '{'}
line 165:38 mismatched input '}' expecting {'(', '{'}
line 171:14 mismatched input '\ifExintVar' expecting {MODALITY, FORALL, EXISTS, '\if', '\ifEx', 'true', 'false', '(', '{', '@', NOT, SEQARROW, '-', STRING_LITERAL, CHAR_LITERAL, BIN_LITERAL, HEX_LITERAL, IDENT, INT_LITERAL, FLOAT_LITERAL, DOUBLE_LITERAL, REAL_LITERAL}
line 171:27 extraneous input '(' expecting {'\lemma', '}', IDENT, '/*!'}
line 171:30 mismatched input '=' expecting {'(', '{'}
line 173:38 mismatched input '}' expecting {'(', '{'}
line 179:14 mismatched input '\ifExintVar' expecting {MODALITY, FORALL, EXISTS, '\if', '\ifEx', 'true', 'false', '(', '{', '@', NOT, SEQARROW, '-', STRING_LITERAL, CHAR_LITERAL, BIN_LITERAL, HEX_LITERAL, IDENT, INT_LITERAL, FLOAT_LITERAL, DOUBLE_LITERAL, REAL_LITERAL}
line 179:27 extraneous input '(' expecting {'\lemma', '}', IDENT, '/*!'}
line 179:32 mismatched input '&amp;' expecting {'(', '{'}
line 181:42 mismatched input '}' expecting {'(', '{'}
line 182:39 mismatched input '}' expecting {'(', '{'}
line 188:14 mismatched input '\ifExintVar' expecting {MODALITY, FORALL, EXISTS, '\if', '\ifEx', 'true', 'false', '(', '{', '@', NOT, SEQARROW, '-', STRING_LITERAL, CHAR_LITERAL, BIN_LITERAL, HEX_LITERAL, IDENT, INT_LITERAL, FLOAT_LITERAL, DOUBLE_LITERAL, REAL_LITERAL}
line 188:27 extraneous input '(' expecting {'\lemma', '}', IDENT, '/*!'}
line 188:32 mismatched input '&amp;' expecting {'(', '{'}
line 190:42 mismatched input '}' expecting {'(', '{'}
line 191:39 mismatched input '}' expecting {'(', '{'}
line 198:14 mismatched input '\ifExintVar' expecting {MODALITY, FORALL, EXISTS, '\if', '\ifEx', 'true', 'false', '(', '{', '@', NOT, SEQARROW, '-', STRING_LITERAL, CHAR_LITERAL, BIN_LITERAL, HEX_LITERAL, IDENT, INT_LITERAL, FLOAT_LITERAL, DOUBLE_LITERAL, REAL_LITERAL}
line 198:27 extraneous input '(' expecting {'\lemma', '}', IDENT, '/*!'}
line 198:32 mismatched input '&amp;' expecting {'(', '{'}
line 200:42 mismatched input '}' expecting {'(', '{'}
line 201:39 mismatched input '}' expecting {'(', '{'}
line 208:14 mismatched input '\ifExintVar' expecting {MODALITY, FORALL, EXISTS, '\if', '\ifEx', 'true', 'false', '(', '{', '@', NOT, SEQARROW, '-', STRING_LITERAL, CHAR_LITERAL, BIN_LITERAL, HEX_LITERAL, IDENT, INT_LITERAL, FLOAT_LITERAL, DOUBLE_LITERAL, REAL_LITERAL}
line 208:27 extraneous input '(' expecting {'\lemma', '}', IDENT, '/*!'}
line 208:32 mismatched input '&amp;' expecting {'(', '{'}
line 210:42 mismatched input '}' expecting {'(', '{'}
line 211:39 mismatched input '}' expecting {'(', '{'}
line 218:14 mismatched input '\ifExintVar' expecting {MODALITY, FORALL, EXISTS, '\if', '\ifEx', 'true', 'false', '(', '{', '@', NOT, SEQARROW, '-', STRING_LITERAL, CHAR_LITERAL, BIN_LITERAL, HEX_LITERAL, IDENT, INT_LITERAL, FLOAT_LITERAL, DOUBLE_LITERAL, REAL_LITERAL}
line 218:27 extraneous input '(' expecting {'\lemma', '}', IDENT, '/*!'}
line 218:31 mismatched input ')' expecting {'(', '{'}
line 220:44 mismatched input ')' expecting {'(', '{'}
line 225:14 mismatched input '\ifExintVar' expecting {MODALITY, FORALL, EXISTS, '\if', '\ifEx', 'true', 'false', '(', '{', '@', NOT, SEQARROW, '-', STRING_LITERAL, CHAR_LITERAL, BIN_LITERAL, HEX_LITERAL, IDENT, INT_LITERAL, FLOAT_LITERAL, DOUBLE_LITERAL, REAL_LITERAL}
line 225:27 extraneous input '(' expecting {'\lemma', '}', IDENT, '/*!'}
line 225:31 mismatched input ')' expecting {'(', '{'}
line 227:44 mismatched input ')' expecting {'(', '{'}
line 233:14 mismatched input '\ifExintVar' expecting {MODALITY, FORALL, EXISTS, '\if', '\ifEx', 'true', 'false', '(', '{', '@', NOT, SEQARROW, '-', STRING_LITERAL, CHAR_LITERAL, BIN_LITERAL, HEX_LITERAL, IDENT, INT_LITERAL, FLOAT_LITERAL, DOUBLE_LITERAL, REAL_LITERAL}
line 233:27 extraneous input '(' expecting {'\lemma', '}', IDENT, '/*!'}
line 233:31 mismatched input ')' expecting {'(', '{'}
line 237:42 mismatched input '}' expecting {'(', '{'}
line 238:34 mismatched input '}' expecting {'(', '{'}
line 239:28 extraneous input '(' expecting {'\lemma', '}', IDENT, '/*!'}
line 239:33 mismatched input '-&gt;' expecting {'(', '{'}
line 240:8 extraneous input '\replacewith' expecting {'\lemma', '}', IDENT, '/*!'}
line 240:25 mismatched input ')' expecting {'(', '{'}
line 240:56 mismatched input ')' expecting {'(', '{'}
line 245:14 mismatched input '\ifExintVar' expecting {MODALITY, FORALL, EXISTS, '\if', '\ifEx', 'true', 'false', '(', '{', '@', NOT, SEQARROW, '-', STRING_LITERAL, CHAR_LITERAL, BIN_LITERAL, HEX_LITERAL, IDENT, INT_LITERAL, FLOAT_LITERAL, DOUBLE_LITERAL, REAL_LITERAL}
line 245:27 extraneous input '(' expecting {'\lemma', '}', IDENT, '/*!'}
line 245:31 mismatched input ')' expecting {'(', '{'}
line 248:45 mismatched input '}' expecting {'(', '{'}
line 249:8 extraneous input '\replacewith' expecting {'\lemma', '}', IDENT, '/*!'}
line 249:38 mismatched input ')' expecting {'(', '{'}
line 250:42 mismatched input '}' expecting {'(', '{'}
line 251:28 extraneous input '(' expecting {'\lemma', '}', IDENT, '/*!'}
line 251:33 mismatched input '-&gt;' expecting {'(', '{'}
line 255:14 mismatched input '\ifExintVar' expecting {MODALITY, FORALL, EXISTS, '\if', '\ifEx', 'true', 'false', '(', '{', '@', NOT, SEQARROW, '-', STRING_LITERAL, CHAR_LITERAL, BIN_LITERAL, HEX_LITERAL, IDENT, INT_LITERAL, FLOAT_LITERAL, DOUBLE_LITERAL, REAL_LITERAL}
line 255:27 extraneous input '(' expecting {'\lemma', '}', IDENT, '/*!'}
line 255:31 mismatched input ')' expecting {'(', '{'}
line 258:52 extraneous input '0' expecting {'\lemma', '}', IDENT, '/*!'}
line 258:54 mismatched input 'then' expecting {&lt;EOF&gt;, '\problem', '\chooseContract', '\proofObligation', '\proof'}
 (file: src/test/resources/testcase/termLabels/flatSteps/FlatSteps.java; caused by: de.uka.ilkd.key.proof.init.ProofInputException: line 135:14 mismatched input '\ifExintVar' expecting {MODALITY, FORALL, EXISTS, '\if', '\ifEx', 'true', 'false', '(', '{', '@', NOT, SEQARROW, '-', STRING_LITERAL, CHAR_LITERAL, BIN_LITERAL, HEX_LITERAL, IDENT, INT_LITERAL, FLOAT_LITERAL, DOUBLE_LITERAL, REAL_LITERAL}
line 135:27 extraneous input '(' expecting {'\lemma', '}', IDENT, '/*!'}
line 135:44 mismatched input ')' expecting {'(', '{'}
line 141:14 mismatched input '\ifExintVar' expecting {MODALITY, FORALL, EXISTS, '\if', '\ifEx', 'true', 'false', '(', '{', '@', NOT, SEQARROW, '-', STRING_LITERAL, CHAR_LITERAL, BIN_LITERAL, HEX_LITERAL, IDENT, INT_LITERAL, FLOAT_LITERAL, DOUBLE_LITERAL, REAL_LITERAL}
line 141:27 extraneous input '(' expecting {'\lemma', '}', IDENT, '/*!'}
line 141:41 mismatched input ')' expecting {'(', '{'}
line 148:14 mismatched input '\ifExintVar' expecting {MODALITY, FORALL, EXISTS, '\if', '\ifEx', 'true', 'false', '(', '{', '@', NOT, SEQARROW, '-', STRING_LITERAL, CHAR_LITERAL, BIN_LITERAL, HEX_LITERAL, IDENT, INT_LITERAL, FLOAT_LITERAL, DOUBLE_LITERAL, REAL_LITERAL}
line 148:27 extraneous input '(' expecting {'\lemma', '}', IDENT, '/*!'}
line 148:35 mismatched input '=' expecting {'(', '{'}
line 150:38 mismatched input '}' expecting {'(', '{'}
line 155:14 mismatched input '\ifExintVar' expecting {MODALITY, FORALL, EXISTS, '\if', '\ifEx', 'true', 'false', '(', '{', '@', NOT, SEQARROW, '-', STRING_LITERAL, CHAR_LITERAL, BIN_LITERAL, HEX_LITERAL, IDENT, INT_LITERAL, FLOAT_LITERAL, DOUBLE_LITERAL, REAL_LITERAL}
line 155:27 extraneous input '(' expecting {'\lemma', '}', IDENT, '/*!'}
line 155:35 mismatched input '=' expecting {'(', '{'}
line 157:38 mismatched input '}' expecting {'(', '{'}
line 163:14 mismatched input '\ifExintVar' expecting {MODALITY, FORALL, EXISTS, '\if', '\ifEx', 'true', 'false', '(', '{', '@', NOT, SEQARROW, '-', STRING_LITERAL, CHAR_LITERAL, BIN_LITERAL, HEX_LITERAL, IDENT, INT_LITERAL, FLOAT_LITERAL, DOUBLE_LITERAL, REAL_LITERAL}
line 163:27 extraneous input '(' expecting {'\lemma', '}', IDENT, '/*!'}
line 163:30 mismatched input '=' expecting {'(', '{'}
line 165:38 mismatched input '}' expecting {'(', '{'}
line 171:14 mismatched input '\ifExintVar' expecting {MODALITY, FORALL, EXISTS, '\if', '\ifEx', 'true', 'false', '(', '{', '@', NOT, SEQARROW, '-', STRING_LITERAL, CHAR_LITERAL, BIN_LITERAL, HEX_LITERAL, IDENT, INT_LITERAL, FLOAT_LITERAL, DOUBLE_LITERAL, REAL_LITERAL}
line 171:27 extraneous input '(' expecting {'\lemma', '}', IDENT, '/*!'}
line 171:30 mismatched input '=' expecting {'(', '{'}
line 173:38 mismatched input '}' expecting {'(', '{'}
line 179:14 mismatched input '\ifExintVar' expecting {MODALITY, FORALL, EXISTS, '\if', '\ifEx', 'true', 'false', '(', '{', '@', NOT, SEQARROW, '-', STRING_LITERAL, CHAR_LITERAL, BIN_LITERAL, HEX_LITERAL, IDENT, INT_LITERAL, FLOAT_LITERAL, DOUBLE_LITERAL, REAL_LITERAL}
line 179:27 extraneous input '(' expecting {'\lemma', '}', IDENT, '/*!'}
line 179:32 mismatched input '&amp;' expecting {'(', '{'}
line 181:42 mismatched input '}' expecting {'(', '{'}
line 182:39 mismatched input '}' expecting {'(', '{'}
line 188:14 mismatched input '\ifExintVar' expecting {MODALITY, FORALL, EXISTS, '\if', '\ifEx', 'true', 'false', '(', '{', '@', NOT, SEQARROW, '-', STRING_LITERAL, CHAR_LITERAL, BIN_LITERAL, HEX_LITERAL, IDENT, INT_LITERAL, FLOAT_LITERAL, DOUBLE_LITERAL, REAL_LITERAL}
line 188:27 extraneous input '(' expecting {'\lemma', '}', IDENT, '/*!'}
line 188:32 mismatched input '&amp;' expecting {'(', '{'}
line 190:42 mismatched input '}' expecting {'(', '{'}
line 191:39 mismatched input '}' expecting {'(', '{'}
line 198:14 mismatched input '\ifExintVar' expecting {MODALITY, FORALL, EXISTS, '\if', '\ifEx', 'true', 'false', '(', '{', '@', NOT, SEQARROW, '-', STRING_LITERAL, CHAR_LITERAL, BIN_LITERAL, HEX_LITERAL, IDENT, INT_LITERAL, FLOAT_LITERAL, DOUBLE_LITERAL, REAL_LITERAL}
line 198:27 extraneous input '(' expecting {'\lemma', '}', IDENT, '/*!'}
line 198:32 mismatched input '&amp;' expecting {'(', '{'}
line 200:42 mismatched input '}' expecting {'(', '{'}
line 201:39 mismatched input '}' expecting {'(', '{'}
line 208:14 mismatched input '\ifExintVar' expecting {MODALITY, FORALL, EXISTS, '\if', '\ifEx', 'true', 'false', '(', '{', '@', NOT, SEQARROW, '-', STRING_LITERAL, CHAR_LITERAL, BIN_LITERAL, HEX_LITERAL, IDENT, INT_LITERAL, FLOAT_LITERAL, DOUBLE_LITERAL, REAL_LITERAL}
line 208:27 extraneous input '(' expecting {'\lemma', '}', IDENT, '/*!'}
line 208:32 mismatched input '&amp;' expecting {'(', '{'}
line 210:42 mismatched input '}' expecting {'(', '{'}
line 211:39 mismatched input '}' expecting {'(', '{'}
line 218:14 mismatched input '\ifExintVar' expecting {MODALITY, FORALL, EXISTS, '\if', '\ifEx', 'true', 'false', '(', '{', '@', NOT, SEQARROW, '-', STRING_LITERAL, CHAR_LITERAL, BIN_LITERAL, HEX_LITERAL, IDENT, INT_LITERAL, FLOAT_LITERAL, DOUBLE_LITERAL, REAL_LITERAL}
line 218:27 extraneous input '(' expecting {'\lemma', '}', IDENT, '/*!'}
line 218:31 mismatched input ')' expecting {'(', '{'}
line 220:44 mismatched input ')' expecting {'(', '{'}
line 225:14 mismatched input '\ifExintVar' expecting {MODALITY, FORALL, EXISTS, '\if', '\ifEx', 'true', 'false', '(', '{', '@', NOT, SEQARROW, '-', STRING_LITERAL, CHAR_LITERAL, BIN_LITERAL, HEX_LITERAL, IDENT, INT_LITERAL, FLOAT_LITERAL, DOUBLE_LITERAL, REAL_LITERAL}
line 225:27 extraneous input '(' expecting {'\lemma', '}', IDENT, '/*!'}
line 225:31 mismatched input ')' expecting {'(', '{'}
line 227:44 mismatched input ')' expecting {'(', '{'}
line 233:14 mismatched input '\ifExintVar' expecting {MODALITY, FORALL, EXISTS, '\if', '\ifEx', 'true', 'false', '(', '{', '@', NOT, SEQARROW, '-', STRING_LITERAL, CHAR_LITERAL, BIN_LITERAL, HEX_LITERAL, IDENT, INT_LITERAL, FLOAT_LITERAL, DOUBLE_LITERAL, REAL_LITERAL}
line 233:27 extraneous input '(' expecting {'\lemma', '}', IDENT, '/*!'}
line 233:31 mismatched input ')' expecting {'(', '{'}
line 237:42 mismatched input '}' expecting {'(', '{'}
line 238:34 mismatched input '}' expecting {'(', '{'}
line 239:28 extraneous input '(' expecting {'\lemma', '}', IDENT, '/*!'}
line 239:33 mismatched input '-&gt;' expecting {'(', '{'}
line 240:8 extraneous input '\replacewith' expecting {'\lemma', '}', IDENT, '/*!'}
line 240:25 mismatched input ')' expecting {'(', '{'}
line 240:56 mismatched input ')' expecting {'(', '{'}
line 245:14 mismatched input '\ifExintVar' expecting {MODALITY, FORALL, EXISTS, '\if', '\ifEx', 'true', 'false', '(', '{', '@', NOT, SEQARROW, '-', STRING_LITERAL, CHAR_LITERAL, BIN_LITERAL, HEX_LITERAL, IDENT, INT_LITERAL, FLOAT_LITERAL, DOUBLE_LITERAL, REAL_LITERAL}
line 245:27 extraneous input '(' expecting {'\lemma', '}', IDENT, '/*!'}
line 245:31 mismatched input ')' expecting {'(', '{'}
line 248:45 mismatched input '}' expecting {'(', '{'}
line 249:8 extraneous input '\replacewith' expecting {'\lemma', '}', IDENT, '/*!'}
line 249:38 mismatched input ')' expecting {'(', '{'}
line 250:42 mismatched input '}' expecting {'(', '{'}
line 251:28 extraneous input '(' expecting {'\lemma', '}', IDENT, '/*!'}
line 251:33 mismatched input '-&gt;' expecting {'(', '{'}
line 255:14 mismatched input '\ifExintVar' expecting {MODALITY, FORALL, EXISTS, '\if', '\ifEx', 'true', 'false', '(', '{', '@', NOT, SEQARROW, '-', STRING_LITERAL, CHAR_LITERAL, BIN_LITERAL, HEX_LITERAL, IDENT, INT_LITERAL, FLOAT_LITERAL, DOUBLE_LITERAL, REAL_LITERAL}
line 255:27 extraneous input '(' expecting {'\lemma', '}', IDENT, '/*!'}
line 255:31 mismatched input ')' expecting {'(', '{'}
line 258:52 extraneous input '0' expecting {'\lemma', '}', IDENT, '/*!'}
line 258:54 mismatched input 'then' expecting {&lt;EOF&gt;, '\problem', '\chooseContract', '\proofObligation', '\proof'}
)
	at app//de.uka.ilkd.key.control.AbstractUserInterfaceControl.load(AbstractUserInterfaceControl.java:221)
	at app//de.uka.ilkd.key.control.KeYEnvironment.load(KeYEnvironment.java:251)
	at app//de.uka.ilkd.key.control.KeYEnvironment.load(KeYEnvironment.java:224)
	at app//de.uka.ilkd.key.control.KeYEnvironment.load(KeYEnvironment.java:184)
	at app//de.uka.ilkd.key.logic.TestTermLabelManager.createTestServices(TestTermLabelManager.java:624)
	at app//de.uka.ilkd.key.logic.TestTermLabelManager.doRefactoringTestLogging(TestTermLabelManager.java:106)
	at app//de.uka.ilkd.key.logic.TestTermLabelManager.testrefactorGoal_childrenAndGrandchildren_allRules(TestTermLabelManager.java:45)
	at java.base@11.0.18/jdk.internal.reflect.NativeMethodAccessorImpl.invoke0(Native Method)
	at java.base@11.0.18/jdk.internal.reflect.NativeMethodAccessorImpl.invoke(NativeMethodAccessorImpl.java:62)
	at java.base@11.0.18/jdk.internal.reflect.DelegatingMethodAccessorImpl.invoke(DelegatingMethodAccessorImpl.java:43)
	at java.base@11.0.18/java.lang.reflect.Method.invoke(Method.java:566)
	at app//org.junit.platform.commons.util.ReflectionUtils.invokeMethod(ReflectionUtils.java:725)
	at app//org.junit.jupiter.engine.execution.MethodInvocation.proceed(MethodInvocation.java:60)
	at app//org.junit.jupiter.engine.execution.InvocationInterceptorChain$ValidatingInvocation.proceed(InvocationInterceptorChain.java:131)
	at app//org.junit.jupiter.engine.extension.TimeoutExtension.intercept(TimeoutExtension.java:149)
	at app//org.junit.jupiter.engine.extension.TimeoutExtension.interceptTestableMethod(TimeoutExtension.java:140)
	at app//org.junit.jupiter.engine.extension.TimeoutExtension.interceptTestMethod(TimeoutExtension.java:84)
	at app//org.junit.jupiter.engine.execution.ExecutableInvoker$ReflectiveInterceptorCall.lambda$ofVoidMethod$0(ExecutableInvoker.java:115)
	at app//org.junit.jupiter.engine.execution.ExecutableInvoker.lambda$invoke$0(ExecutableInvoker.java:105)
	at app//org.junit.jupiter.engine.execution.InvocationInterceptorChain$InterceptedInvocation.proceed(InvocationInterceptorChain.java:106)
	at app//org.junit.jupiter.engine.execution.InvocationInterceptorChain.proceed(InvocationInterceptorChain.java:64)
	at app//org.junit.jupiter.engine.execution.InvocationInterceptorChain.chainAndInvoke(InvocationInterceptorChain.java:45)
	at app//org.junit.jupiter.engine.execution.InvocationInterceptorChain.invoke(InvocationInterceptorChain.java:37)
	at app//org.junit.jupiter.engine.execution.ExecutableInvoker.invoke(ExecutableInvoker.java:104)
	at app//org.junit.jupiter.engine.execution.ExecutableInvoker.invoke(ExecutableInvoker.java:98)
	at app//org.junit.jupiter.engine.descriptor.TestMethodTestDescriptor.lambda$invokeTestMethod$7(TestMethodTestDescriptor.java:214)
	at app//org.junit.platform.engine.support.hierarchical.ThrowableCollector.execute(ThrowableCollector.java:73)
	at app//org.junit.jupiter.engine.descriptor.TestMethodTestDescriptor.invokeTestMethod(TestMethodTestDescriptor.java:210)
	at app//org.junit.jupiter.engine.descriptor.TestMethodTestDescriptor.execute(TestMethodTestDescriptor.java:135)
	at app//org.junit.jupiter.engine.descriptor.TestMethodTestDescriptor.execute(TestMethodTestDescriptor.java:66)
	at app//org.junit.platform.engine.support.hierarchical.NodeTestTask.lambda$executeRecursively$6(NodeTestTask.java:151)
	at app//org.junit.platform.engine.support.hierarchical.ThrowableCollector.execute(ThrowableCollector.java:73)
	at app//org.junit.platform.engine.support.hierarchical.NodeTestTask.lambda$executeRecursively$8(NodeTestTask.java:141)
	at app//org.junit.platform.engine.support.hierarchical.Node.around(Node.java:137)
	at app//org.junit.platform.engine.support.hierarchical.NodeTestTask.lambda$executeRecursively$9(NodeTestTask.java:139)
	at app//org.junit.platform.engine.support.hierarchical.ThrowableCollector.execute(ThrowableCollector.java:73)
	at app//org.junit.platform.engine.support.hierarchical.NodeTestTask.executeRecursively(NodeTestTask.java:138)
	at app//org.junit.platform.engine.support.hierarchical.NodeTestTask.execute(NodeTestTask.java:95)
	at java.base@11.0.18/java.util.ArrayList.forEach(ArrayList.java:1541)
	at app//org.junit.platform.engine.support.hierarchical.SameThreadHierarchicalTestExecutorService.invokeAll(SameThreadHierarchicalTestExecutorService.java:41)
	at app//org.junit.platform.engine.support.hierarchical.NodeTestTask.lambda$executeRecursively$6(NodeTestTask.java:155)
	at app//org.junit.platform.engine.support.hierarchical.ThrowableCollector.execute(ThrowableCollector.java:73)
	at app//org.junit.platform.engine.support.hierarchical.NodeTestTask.lambda$executeRecursively$8(NodeTestTask.java:141)
	at app//org.junit.platform.engine.support.hierarchical.Node.around(Node.java:137)
	at app//org.junit.platform.engine.support.hierarchical.NodeTestTask.lambda$executeRecursively$9(NodeTestTask.java:139)
	at app//org.junit.platform.engine.support.hierarchical.ThrowableCollector.execute(ThrowableCollector.java:73)
	at app//org.junit.platform.engine.support.hierarchical.NodeTestTask.executeRecursively(NodeTestTask.java:138)
	at app//org.junit.platform.engine.support.hierarchical.NodeTestTask.execute(NodeTestTask.java:95)
	at java.base@11.0.18/java.util.ArrayList.forEach(ArrayList.java:1541)
	at app//org.junit.platform.engine.support.hierarchical.SameThreadHierarchicalTestExecutorService.invokeAll(SameThreadHierarchicalTestExecutorService.java:41)
	at app//org.junit.platform.engine.support.hierarchical.NodeTestTask.lambda$executeRecursively$6(NodeTestTask.java:155)
	at app//org.junit.platform.engine.support.hierarchical.ThrowableCollector.execute(ThrowableCollector.java:73)
	at app//org.junit.platform.engine.support.hierarchical.NodeTestTask.lambda$executeRecursively$8(NodeTestTask.java:141)
	at app//org.junit.platform.engine.support.hierarchical.Node.around(Node.java:137)
	at app//org.junit.platform.engine.support.hierarchical.NodeTestTask.lambda$executeRecursively$9(NodeTestTask.java:139)
	at app//org.junit.platform.engine.support.hierarchical.ThrowableCollector.execute(ThrowableCollector.java:73)
	at app//org.junit.platform.engine.support.hierarchical.NodeTestTask.executeRecursively(NodeTestTask.java:138)
	at app//org.junit.platform.engine.support.hierarchical.NodeTestTask.execute(NodeTestTask.java:95)
	at app//org.junit.platform.engine.support.hierarchical.SameThreadHierarchicalTestExecutorService.submit(SameThreadHierarchicalTestExecutorService.java:35)
	at app//org.junit.platform.engine.support.hierarchical.HierarchicalTestExecutor.execute(HierarchicalTestExecutor.java:57)
	at app//org.junit.platform.engine.support.hierarchical.HierarchicalTestEngine.execute(HierarchicalTestEngine.java:54)
	at org.junit.platform.launcher.core.EngineExecutionOrchestrator.execute(EngineExecutionOrchestrator.java:107)
	at org.junit.platform.launcher.core.EngineExecutionOrchestrator.execute(EngineExecutionOrchestrator.java:88)
	at org.junit.platform.launcher.core.EngineExecutionOrchestrator.lambda$execute$0(EngineExecutionOrchestrator.java:54)
	at org.junit.platform.launcher.core.EngineExecutionOrchestrator.withInterceptedStreams(EngineExecutionOrchestrator.java:67)
	at org.junit.platform.launcher.core.EngineExecutionOrchestrator.execute(EngineExecutionOrchestrator.java:52)
	at org.junit.platform.launcher.core.DefaultLauncher.execute(DefaultLauncher.java:114)
	at org.junit.platform.launcher.core.DefaultLauncher.execute(DefaultLauncher.java:86)
	at org.junit.platform.launcher.core.DefaultLauncherSession$DelegatingLauncher.execute(DefaultLauncherSession.java:86)
	at org.junit.platform.launcher.core.SessionPerRequestLauncher.execute(SessionPerRequestLauncher.java:53)
	at org.gradle.api.internal.tasks.testing.junitplatform.JUnitPlatformTestClassProcessor$CollectAllTestClassesExecutor.processAllTestClasses(JUnitPlatformTestClassProcessor.java:99)
	at org.gradle.api.internal.tasks.testing.junitplatform.JUnitPlatformTestClassProcessor$CollectAllTestClassesExecutor.access$000(JUnitPlatformTestClassProcessor.java:79)
	at org.gradle.api.internal.tasks.testing.junitplatform.JUnitPlatformTestClassProcessor.stop(JUnitPlatformTestClassProcessor.java:75)
	at org.gradle.api.internal.tasks.testing.SuiteTestClassProcessor.stop(SuiteTestClassProcessor.java:62)
	at java.base@11.0.18/jdk.internal.reflect.NativeMethodAccessorImpl.invoke0(Native Method)
	at java.base@11.0.18/jdk.internal.reflect.NativeMethodAccessorImpl.invoke(NativeMethodAccessorImpl.java:62)
	at java.base@11.0.18/jdk.internal.reflect.DelegatingMethodAccessorImpl.invoke(DelegatingMethodAccessorImpl.java:43)
	at java.base@11.0.18/java.lang.reflect.Method.invoke(Method.java:566)
	at org.gradle.internal.dispatch.ReflectionDispatch.dispatch(ReflectionDispatch.java:36)
	at org.gradle.internal.dispatch.ReflectionDispatch.dispatch(ReflectionDispatch.java:24)
	at org.gradle.internal.dispatch.ContextClassLoaderDispatch.dispatch(ContextClassLoaderDispatch.java:33)
	at org.gradle.internal.dispatch.ProxyDispatchAdapter$DispatchingInvocationHandler.invoke(ProxyDispatchAdapter.java:94)
	at com.sun.proxy.$Proxy2.stop(Unknown Source)
	at org.gradle.api.internal.tasks.testing.worker.TestWorker$3.run(TestWorker.java:193)
	at org.gradle.api.internal.tasks.testing.worker.TestWorker.executeAndMaintainThreadName(TestWorker.java:129)
	at org.gradle.api.internal.tasks.testing.worker.TestWorker.execute(TestWorker.java:100)
	at org.gradle.api.internal.tasks.testing.worker.TestWorker.execute(TestWorker.java:60)
	at org.gradle.process.internal.worker.child.ActionExecutionWorker.execute(ActionExecutionWorker.java:56)
	at org.gradle.process.internal.worker.child.SystemApplicationClassLoaderWorker.call(SystemApplicationClassLoaderWorker.java:113)
	at org.gradle.process.internal.worker.child.SystemApplicationClassLoaderWorker.call(SystemApplicationClassLoaderWorker.java:65)
	at app//worker.org.gradle.process.internal.worker.GradleWorkerMain.run(GradleWorkerMain.java:69)
	at app//worker.org.gradle.process.internal.worker.GradleWorkerMain.main(GradleWorkerMain.java:74)
Caused by: de.uka.ilkd.key.proof.init.ProofInputException: line 135:14 mismatched input '\ifExintVar' expecting {MODALITY, FORALL, EXISTS, '\if', '\ifEx', 'true', 'false', '(', '{', '@', NOT, SEQARROW, '-', STRING_LITERAL, CHAR_LITERAL, BIN_LITERAL, HEX_LITERAL, IDENT, INT_LITERAL, FLOAT_LITERAL, DOUBLE_LITERAL, REAL_LITERAL}
line 135:27 extraneous input '(' expecting {'\lemma', '}', IDENT, '/*!'}
line 135:44 mismatched input ')' expecting {'(', '{'}
line 141:14 mismatched input '\ifExintVar' expecting {MODALITY, FORALL, EXISTS, '\if', '\ifEx', 'true', 'false', '(', '{', '@', NOT, SEQARROW, '-', STRING_LITERAL, CHAR_LITERAL, BIN_LITERAL, HEX_LITERAL, IDENT, INT_LITERAL, FLOAT_LITERAL, DOUBLE_LITERAL, REAL_LITERAL}
line 141:27 extraneous input '(' expecting {'\lemma', '}', IDENT, '/*!'}
line 141:41 mismatched input ')' expecting {'(', '{'}
line 148:14 mismatched input '\ifExintVar' expecting {MODALITY, FORALL, EXISTS, '\if', '\ifEx', 'true', 'false', '(', '{', '@', NOT, SEQARROW, '-', STRING_LITERAL, CHAR_LITERAL, BIN_LITERAL, HEX_LITERAL, IDENT, INT_LITERAL, FLOAT_LITERAL, DOUBLE_LITERAL, REAL_LITERAL}
line 148:27 extraneous input '(' expecting {'\lemma', '}', IDENT, '/*!'}
line 148:35 mismatched input '=' expecting {'(', '{'}
line 150:38 mismatched input '}' expecting {'(', '{'}
line 155:14 mismatched input '\ifExintVar' expecting {MODALITY, FORALL, EXISTS, '\if', '\ifEx', 'true', 'false', '(', '{', '@', NOT, SEQARROW, '-', STRING_LITERAL, CHAR_LITERAL, BIN_LITERAL, HEX_LITERAL, IDENT, INT_LITERAL, FLOAT_LITERAL, DOUBLE_LITERAL, REAL_LITERAL}
line 155:27 extraneous input '(' expecting {'\lemma', '}', IDENT, '/*!'}
line 155:35 mismatched input '=' expecting {'(', '{'}
line 157:38 mismatched input '}' expecting {'(', '{'}
line 163:14 mismatched input '\ifExintVar' expecting {MODALITY, FORALL, EXISTS, '\if', '\ifEx', 'true', 'false', '(', '{', '@', NOT, SEQARROW, '-', STRING_LITERAL, CHAR_LITERAL, BIN_LITERAL, HEX_LITERAL, IDENT, INT_LITERAL, FLOAT_LITERAL, DOUBLE_LITERAL, REAL_LITERAL}
line 163:27 extraneous input '(' expecting {'\lemma', '}', IDENT, '/*!'}
line 163:30 mismatched input '=' expecting {'(', '{'}
line 165:38 mismatched input '}' expecting {'(', '{'}
line 171:14 mismatched input '\ifExintVar' expecting {MODALITY, FORALL, EXISTS, '\if', '\ifEx', 'true', 'false', '(', '{', '@', NOT, SEQARROW, '-', STRING_LITERAL, CHAR_LITERAL, BIN_LITERAL, HEX_LITERAL, IDENT, INT_LITERAL, FLOAT_LITERAL, DOUBLE_LITERAL, REAL_LITERAL}
line 171:27 extraneous input '(' expecting {'\lemma', '}', IDENT, '/*!'}
line 171:30 mismatched input '=' expecting {'(', '{'}
line 173:38 mismatched input '}' expecting {'(', '{'}
line 179:14 mismatched input '\ifExintVar' expecting {MODALITY, FORALL, EXISTS, '\if', '\ifEx', 'true', 'false', '(', '{', '@', NOT, SEQARROW, '-', STRING_LITERAL, CHAR_LITERAL, BIN_LITERAL, HEX_LITERAL, IDENT, INT_LITERAL, FLOAT_LITERAL, DOUBLE_LITERAL, REAL_LITERAL}
line 179:27 extraneous input '(' expecting {'\lemma', '}', IDENT, '/*!'}
line 179:32 mismatched input '&amp;' expecting {'(', '{'}
line 181:42 mismatched input '}' expecting {'(', '{'}
line 182:39 mismatched input '}' expecting {'(', '{'}
line 188:14 mismatched input '\ifExintVar' expecting {MODALITY, FORALL, EXISTS, '\if', '\ifEx', 'true', 'false', '(', '{', '@', NOT, SEQARROW, '-', STRING_LITERAL, CHAR_LITERAL, BIN_LITERAL, HEX_LITERAL, IDENT, INT_LITERAL, FLOAT_LITERAL, DOUBLE_LITERAL, REAL_LITERAL}
line 188:27 extraneous input '(' expecting {'\lemma', '}', IDENT, '/*!'}
line 188:32 mismatched input '&amp;' expecting {'(', '{'}
line 190:42 mismatched input '}' expecting {'(', '{'}
line 191:39 mismatched input '}' expecting {'(', '{'}
line 198:14 mismatched input '\ifExintVar' expecting {MODALITY, FORALL, EXISTS, '\if', '\ifEx', 'true', 'false', '(', '{', '@', NOT, SEQARROW, '-', STRING_LITERAL, CHAR_LITERAL, BIN_LITERAL, HEX_LITERAL, IDENT, INT_LITERAL, FLOAT_LITERAL, DOUBLE_LITERAL, REAL_LITERAL}
line 198:27 extraneous input '(' expecting {'\lemma', '}', IDENT, '/*!'}
line 198:32 mismatched input '&amp;' expecting {'(', '{'}
line 200:42 mismatched input '}' expecting {'(', '{'}
line 201:39 mismatched input '}' expecting {'(', '{'}
line 208:14 mismatched input '\ifExintVar' expecting {MODALITY, FORALL, EXISTS, '\if', '\ifEx', 'true', 'false', '(', '{', '@', NOT, SEQARROW, '-', STRING_LITERAL, CHAR_LITERAL, BIN_LITERAL, HEX_LITERAL, IDENT, INT_LITERAL, FLOAT_LITERAL, DOUBLE_LITERAL, REAL_LITERAL}
line 208:27 extraneous input '(' expecting {'\lemma', '}', IDENT, '/*!'}
line 208:32 mismatched input '&amp;' expecting {'(', '{'}
line 210:42 mismatched input '}' expecting {'(', '{'}
line 211:39 mismatched input '}' expecting {'(', '{'}
line 218:14 mismatched input '\ifExintVar' expecting {MODALITY, FORALL, EXISTS, '\if', '\ifEx', 'true', 'false', '(', '{', '@', NOT, SEQARROW, '-', STRING_LITERAL, CHAR_LITERAL, BIN_LITERAL, HEX_LITERAL, IDENT, INT_LITERAL, FLOAT_LITERAL, DOUBLE_LITERAL, REAL_LITERAL}
line 218:27 extraneous input '(' expecting {'\lemma', '}', IDENT, '/*!'}
line 218:31 mismatched input ')' expecting {'(', '{'}
line 220:44 mismatched input ')' expecting {'(', '{'}
line 225:14 mismatched input '\ifExintVar' expecting {MODALITY, FORALL, EXISTS, '\if', '\ifEx', 'true', 'false', '(', '{', '@', NOT, SEQARROW, '-', STRING_LITERAL, CHAR_LITERAL, BIN_LITERAL, HEX_LITERAL, IDENT, INT_LITERAL, FLOAT_LITERAL, DOUBLE_LITERAL, REAL_LITERAL}
line 225:27 extraneous input '(' expecting {'\lemma', '}', IDENT, '/*!'}
line 225:31 mismatched input ')' expecting {'(', '{'}
line 227:44 mismatched input ')' expecting {'(', '{'}
line 233:14 mismatched input '\ifExintVar' expecting {MODALITY, FORALL, EXISTS, '\if', '\ifEx', 'true', 'false', '(', '{', '@', NOT, SEQARROW, '-', STRING_LITERAL, CHAR_LITERAL, BIN_LITERAL, HEX_LITERAL, IDENT, INT_LITERAL, FLOAT_LITERAL, DOUBLE_LITERAL, REAL_LITERAL}
line 233:27 extraneous input '(' expecting {'\lemma', '}', IDENT, '/*!'}
line 233:31 mismatched input ')' expecting {'(', '{'}
line 237:42 mismatched input '}' expecting {'(', '{'}
line 238:34 mismatched input '}' expecting {'(', '{'}
line 239:28 extraneous input '(' expecting {'\lemma', '}', IDENT, '/*!'}
line 239:33 mismatched input '-&gt;' expecting {'(', '{'}
line 240:8 extraneous input '\replacewith' expecting {'\lemma', '}', IDENT, '/*!'}
line 240:25 mismatched input ')' expecting {'(', '{'}
line 240:56 mismatched input ')' expecting {'(', '{'}
line 245:14 mismatched input '\ifExintVar' expecting {MODALITY, FORALL, EXISTS, '\if', '\ifEx', 'true', 'false', '(', '{', '@', NOT, SEQARROW, '-', STRING_LITERAL, CHAR_LITERAL, BIN_LITERAL, HEX_LITERAL, IDENT, INT_LITERAL, FLOAT_LITERAL, DOUBLE_LITERAL, REAL_LITERAL}
line 245:27 extraneous input '(' expecting {'\lemma', '}', IDENT, '/*!'}
line 245:31 mismatched input ')' expecting {'(', '{'}
line 248:45 mismatched input '}' expecting {'(', '{'}
line 249:8 extraneous input '\replacewith' expecting {'\lemma', '}', IDENT, '/*!'}
line 249:38 mismatched input ')' expecting {'(', '{'}
line 250:42 mismatched input '}' expecting {'(', '{'}
line 251:28 extraneous input '(' expecting {'\lemma', '}', IDENT, '/*!'}
line 251:33 mismatched input '-&gt;' expecting {'(', '{'}
line 255:14 mismatched input '\ifExintVar' expecting {MODALITY, FORALL, EXISTS, '\if', '\ifEx', 'true', 'false', '(', '{', '@', NOT, SEQARROW, '-', STRING_LITERAL, CHAR_LITERAL, BIN_LITERAL, HEX_LITERAL, IDENT, INT_LITERAL, FLOAT_LITERAL, DOUBLE_LITERAL, REAL_LITERAL}
line 255:27 extraneous input '(' expecting {'\lemma', '}', IDENT, '/*!'}
line 255:31 mismatched input ')' expecting {'(', '{'}
line 258:52 extraneous input '0' expecting {'\lemma', '}', IDENT, '/*!'}
line 258:54 mismatched input 'then' expecting {&lt;EOF&gt;, '\problem', '\chooseContract', '\proofObligation', '\proof'}

	at app//de.uka.ilkd.key.proof.io.KeYFile.readIncludes(KeYFile.java:210)
	at app//de.uka.ilkd.key.proof.init.ProblemInitializer.readIncludes(ProblemInitializer.java:177)
	at app//de.uka.ilkd.key.proof.init.ProblemInitializer.readEnvInput(ProblemInitializer.java:325)
	at app//de.uka.ilkd.key.proof.init.ProblemInitializer.readIncludes(ProblemInitializer.java:188)
	at app//de.uka.ilkd.key.proof.init.ProblemInitializer.readEnvInput(ProblemInitializer.java:325)
	at app//de.uka.ilkd.key.proof.init.ProblemInitializer.prepare(ProblemInitializer.java:449)
	at app//de.uka.ilkd.key.proof.io.AbstractProblemLoader.createInitConfig(AbstractProblemLoader.java:518)
	at app//de.uka.ilkd.key.proof.io.AbstractProblemLoader.loadEnvironment(AbstractProblemLoader.java:288)
	at app//de.uka.ilkd.key.proof.io.AbstractProblemLoader.load(AbstractProblemLoader.java:252)
	at app//de.uka.ilkd.key.control.AbstractUserInterfaceControl.load(AbstractUserInterfaceControl.java:209)
	... 91 more
Caused by: de.uka.ilkd.key.util.parsing.SyntaxErrorReporter$ParserException: line 135:14 mismatched input '\ifExintVar' expecting {MODALITY, FORALL, EXISTS, '\if', '\ifEx', 'true', 'false', '(', '{', '@', NOT, SEQARROW, '-', STRING_LITERAL, CHAR_LITERAL, BIN_LITERAL, HEX_LITERAL, IDENT, INT_LITERAL, FLOAT_LITERAL, DOUBLE_LITERAL, REAL_LITERAL}
line 135:27 extraneous input '(' expecting {'\lemma', '}', IDENT, '/*!'}
line 135:44 mismatched input ')' expecting {'(', '{'}
line 141:14 mismatched input '\ifExintVar' expecting {MODALITY, FORALL, EXISTS, '\if', '\ifEx', 'true', 'false', '(', '{', '@', NOT, SEQARROW, '-', STRING_LITERAL, CHAR_LITERAL, BIN_LITERAL, HEX_LITERAL, IDENT, INT_LITERAL, FLOAT_LITERAL, DOUBLE_LITERAL, REAL_LITERAL}
line 141:27 extraneous input '(' expecting {'\lemma', '}', IDENT, '/*!'}
line 141:41 mismatched input ')' expecting {'(', '{'}
line 148:14 mismatched input '\ifExintVar' expecting {MODALITY, FORALL, EXISTS, '\if', '\ifEx', 'true', 'false', '(', '{', '@', NOT, SEQARROW, '-', STRING_LITERAL, CHAR_LITERAL, BIN_LITERAL, HEX_LITERAL, IDENT, INT_LITERAL, FLOAT_LITERAL, DOUBLE_LITERAL, REAL_LITERAL}
line 148:27 extraneous input '(' expecting {'\lemma', '}', IDENT, '/*!'}
line 148:35 mismatched input '=' expecting {'(', '{'}
line 150:38 mismatched input '}' expecting {'(', '{'}
line 155:14 mismatched input '\ifExintVar' expecting {MODALITY, FORALL, EXISTS, '\if', '\ifEx', 'true', 'false', '(', '{', '@', NOT, SEQARROW, '-', STRING_LITERAL, CHAR_LITERAL, BIN_LITERAL, HEX_LITERAL, IDENT, INT_LITERAL, FLOAT_LITERAL, DOUBLE_LITERAL, REAL_LITERAL}
line 155:27 extraneous input '(' expecting {'\lemma', '}', IDENT, '/*!'}
line 155:35 mismatched input '=' expecting {'(', '{'}
line 157:38 mismatched input '}' expecting {'(', '{'}
line 163:14 mismatched input '\ifExintVar' expecting {MODALITY, FORALL, EXISTS, '\if', '\ifEx', 'true', 'false', '(', '{', '@', NOT, SEQARROW, '-', STRING_LITERAL, CHAR_LITERAL, BIN_LITERAL, HEX_LITERAL, IDENT, INT_LITERAL, FLOAT_LITERAL, DOUBLE_LITERAL, REAL_LITERAL}
line 163:27 extraneous input '(' expecting {'\lemma', '}', IDENT, '/*!'}
line 163:30 mismatched input '=' expecting {'(', '{'}
line 165:38 mismatched input '}' expecting {'(', '{'}
line 171:14 mismatched input '\ifExintVar' expecting {MODALITY, FORALL, EXISTS, '\if', '\ifEx', 'true', 'false', '(', '{', '@', NOT, SEQARROW, '-', STRING_LITERAL, CHAR_LITERAL, BIN_LITERAL, HEX_LITERAL, IDENT, INT_LITERAL, FLOAT_LITERAL, DOUBLE_LITERAL, REAL_LITERAL}
line 171:27 extraneous input '(' expecting {'\lemma', '}', IDENT, '/*!'}
line 171:30 mismatched input '=' expecting {'(', '{'}
line 173:38 mismatched input '}' expecting {'(', '{'}
line 179:14 mismatched input '\ifExintVar' expecting {MODALITY, FORALL, EXISTS, '\if', '\ifEx', 'true', 'false', '(', '{', '@', NOT, SEQARROW, '-', STRING_LITERAL, CHAR_LITERAL, BIN_LITERAL, HEX_LITERAL, IDENT, INT_LITERAL, FLOAT_LITERAL, DOUBLE_LITERAL, REAL_LITERAL}
line 179:27 extraneous input '(' expecting {'\lemma', '}', IDENT, '/*!'}
line 179:32 mismatched input '&amp;' expecting {'(', '{'}
line 181:42 mismatched input '}' expecting {'(', '{'}
line 182:39 mismatched input '}' expecting {'(', '{'}
line 188:14 mismatched input '\ifExintVar' expecting {MODALITY, FORALL, EXISTS, '\if', '\ifEx', 'true', 'false', '(', '{', '@', NOT, SEQARROW, '-', STRING_LITERAL, CHAR_LITERAL, BIN_LITERAL, HEX_LITERAL, IDENT, INT_LITERAL, FLOAT_LITERAL, DOUBLE_LITERAL, REAL_LITERAL}
line 188:27 extraneous input '(' expecting {'\lemma', '}', IDENT, '/*!'}
line 188:32 mismatched input '&amp;' expecting {'(', '{'}
line 190:42 mismatched input '}' expecting {'(', '{'}
line 191:39 mismatched input '}' expecting {'(', '{'}
line 198:14 mismatched input '\ifExintVar' expecting {MODALITY, FORALL, EXISTS, '\if', '\ifEx', 'true', 'false', '(', '{', '@', NOT, SEQARROW, '-', STRING_LITERAL, CHAR_LITERAL, BIN_LITERAL, HEX_LITERAL, IDENT, INT_LITERAL, FLOAT_LITERAL, DOUBLE_LITERAL, REAL_LITERAL}
line 198:27 extraneous input '(' expecting {'\lemma', '}', IDENT, '/*!'}
line 198:32 mismatched input '&amp;' expecting {'(', '{'}
line 200:42 mismatched input '}' expecting {'(', '{'}
line 201:39 mismatched input '}' expecting {'(', '{'}
line 208:14 mismatched input '\ifExintVar' expecting {MODALITY, FORALL, EXISTS, '\if', '\ifEx', 'true', 'false', '(', '{', '@', NOT, SEQARROW, '-', STRING_LITERAL, CHAR_LITERAL, BIN_LITERAL, HEX_LITERAL, IDENT, INT_LITERAL, FLOAT_LITERAL, DOUBLE_LITERAL, REAL_LITERAL}
line 208:27 extraneous input '(' expecting {'\lemma', '}', IDENT, '/*!'}
line 208:32 mismatched input '&amp;' expecting {'(', '{'}
line 210:42 mismatched input '}' expecting {'(', '{'}
line 211:39 mismatched input '}' expecting {'(', '{'}
line 218:14 mismatched input '\ifExintVar' expecting {MODALITY, FORALL, EXISTS, '\if', '\ifEx', 'true', 'false', '(', '{', '@', NOT, SEQARROW, '-', STRING_LITERAL, CHAR_LITERAL, BIN_LITERAL, HEX_LITERAL, IDENT, INT_LITERAL, FLOAT_LITERAL, DOUBLE_LITERAL, REAL_LITERAL}
line 218:27 extraneous input '(' expecting {'\lemma', '}', IDENT, '/*!'}
line 218:31 mismatched input ')' expecting {'(', '{'}
line 220:44 mismatched input ')' expecting {'(', '{'}
line 225:14 mismatched input '\ifExintVar' expecting {MODALITY, FORALL, EXISTS, '\if', '\ifEx', 'true', 'false', '(', '{', '@', NOT, SEQARROW, '-', STRING_LITERAL, CHAR_LITERAL, BIN_LITERAL, HEX_LITERAL, IDENT, INT_LITERAL, FLOAT_LITERAL, DOUBLE_LITERAL, REAL_LITERAL}
line 225:27 extraneous input '(' expecting {'\lemma', '}', IDENT, '/*!'}
line 225:31 mismatched input ')' expecting {'(', '{'}
line 227:44 mismatched input ')' expecting {'(', '{'}
line 233:14 mismatched input '\ifExintVar' expecting {MODALITY, FORALL, EXISTS, '\if', '\ifEx', 'true', 'false', '(', '{', '@', NOT, SEQARROW, '-', STRING_LITERAL, CHAR_LITERAL, BIN_LITERAL, HEX_LITERAL, IDENT, INT_LITERAL, FLOAT_LITERAL, DOUBLE_LITERAL, REAL_LITERAL}
line 233:27 extraneous input '(' expecting {'\lemma', '}', IDENT, '/*!'}
line 233:31 mismatched input ')' expecting {'(', '{'}
line 237:42 mismatched input '}' expecting {'(', '{'}
line 238:34 mismatched input '}' expecting {'(', '{'}
line 239:28 extraneous input '(' expecting {'\lemma', '}', IDENT, '/*!'}
line 239:33 mismatched input '-&gt;' expecting {'(', '{'}
line 240:8 extraneous input '\replacewith' expecting {'\lemma', '}', IDENT, '/*!'}
line 240:25 mismatched input ')' expecting {'(', '{'}
line 240:56 mismatched input ')' expecting {'(', '{'}
line 245:14 mismatched input '\ifExintVar' expecting {MODALITY, FORALL, EXISTS, '\if', '\ifEx', 'true', 'false', '(', '{', '@', NOT, SEQARROW, '-', STRING_LITERAL, CHAR_LITERAL, BIN_LITERAL, HEX_LITERAL, IDENT, INT_LITERAL, FLOAT_LITERAL, DOUBLE_LITERAL, REAL_LITERAL}
line 245:27 extraneous input '(' expecting {'\lemma', '}', IDENT, '/*!'}
line 245:31 mismatched input ')' expecting {'(', '{'}
line 248:45 mismatched input '}' expecting {'(', '{'}
line 249:8 extraneous input '\replacewith' expecting {'\lemma', '}', IDENT, '/*!'}
line 249:38 mismatched input ')' expecting {'(', '{'}
line 250:42 mismatched input '}' expecting {'(', '{'}
line 251:28 extraneous input '(' expecting {'\lemma', '}', IDENT, '/*!'}
line 251:33 mismatched input '-&gt;' expecting {'(', '{'}
line 255:14 mismatched input '\ifExintVar' expecting {MODALITY, FORALL, EXISTS, '\if', '\ifEx', 'true', 'false', '(', '{', '@', NOT, SEQARROW, '-', STRING_LITERAL, CHAR_LITERAL, BIN_LITERAL, HEX_LITERAL, IDENT, INT_LITERAL, FLOAT_LITERAL, DOUBLE_LITERAL, REAL_LITERAL}
line 255:27 extraneous input '(' expecting {'\lemma', '}', IDENT, '/*!'}
line 255:31 mismatched input ')' expecting {'(', '{'}
line 258:52 extraneous input '0' expecting {'\lemma', '}', IDENT, '/*!'}
line 258:54 mismatched input 'then' expecting {&lt;EOF&gt;, '\problem', '\chooseContract', '\proofObligation', '\proof'}

	at app//de.uka.ilkd.key.util.parsing.SyntaxErrorReporter.throwException(SyntaxErrorReporter.java:89)
	at app//de.uka.ilkd.key.nparser.ParsingFacade.parseFile(ParsingFacade.java:125)
	at app//de.uka.ilkd.key.proof.io.KeYFile.getParseContext(KeYFile.java:160)
	at app//de.uka.ilkd.key.proof.io.KeYFile.readIncludes(KeYFile.java:206)
	... 100 more
</failure>
  </testcase>
  <testcase name="testGetTermLabelManager()" classname="de.uka.ilkd.key.logic.TestTermLabelManager" time="0.002"/>
  <testcase name="testInstantiateLabels_applicationTermPolicies()" classname="de.uka.ilkd.key.logic.TestTermLabelManager" time="0.059">
    <failure message="org.opentest4j.AssertionFailedError" type="org.opentest4j.AssertionFailedError">org.opentest4j.AssertionFailedError
	at app//org.junit.jupiter.api.AssertionUtils.fail(AssertionUtils.java:35)
	at app//org.junit.jupiter.api.Assertions.fail(Assertions.java:115)
	at app//de.uka.ilkd.key.logic.TestTermLabelManager.testInstantiateLabels_applicationTermPolicies(TestTermLabelManager.java:474)
	at java.base@11.0.18/jdk.internal.reflect.NativeMethodAccessorImpl.invoke0(Native Method)
	at java.base@11.0.18/jdk.internal.reflect.NativeMethodAccessorImpl.invoke(NativeMethodAccessorImpl.java:62)
	at java.base@11.0.18/jdk.internal.reflect.DelegatingMethodAccessorImpl.invoke(DelegatingMethodAccessorImpl.java:43)
	at java.base@11.0.18/java.lang.reflect.Method.invoke(Method.java:566)
	at app//org.junit.platform.commons.util.ReflectionUtils.invokeMethod(ReflectionUtils.java:725)
	at app//org.junit.jupiter.engine.execution.MethodInvocation.proceed(MethodInvocation.java:60)
	at app//org.junit.jupiter.engine.execution.InvocationInterceptorChain$ValidatingInvocation.proceed(InvocationInterceptorChain.java:131)
	at app//org.junit.jupiter.engine.extension.TimeoutExtension.intercept(TimeoutExtension.java:149)
	at app//org.junit.jupiter.engine.extension.TimeoutExtension.interceptTestableMethod(TimeoutExtension.java:140)
	at app//org.junit.jupiter.engine.extension.TimeoutExtension.interceptTestMethod(TimeoutExtension.java:84)
	at app//org.junit.jupiter.engine.execution.ExecutableInvoker$ReflectiveInterceptorCall.lambda$ofVoidMethod$0(ExecutableInvoker.java:115)
	at app//org.junit.jupiter.engine.execution.ExecutableInvoker.lambda$invoke$0(ExecutableInvoker.java:105)
	at app//org.junit.jupiter.engine.execution.InvocationInterceptorChain$InterceptedInvocation.proceed(InvocationInterceptorChain.java:106)
	at app//org.junit.jupiter.engine.execution.InvocationInterceptorChain.proceed(InvocationInterceptorChain.java:64)
	at app//org.junit.jupiter.engine.execution.InvocationInterceptorChain.chainAndInvoke(InvocationInterceptorChain.java:45)
	at app//org.junit.jupiter.engine.execution.InvocationInterceptorChain.invoke(InvocationInterceptorChain.java:37)
	at app//org.junit.jupiter.engine.execution.ExecutableInvoker.invoke(ExecutableInvoker.java:104)
	at app//org.junit.jupiter.engine.execution.ExecutableInvoker.invoke(ExecutableInvoker.java:98)
	at app//org.junit.jupiter.engine.descriptor.TestMethodTestDescriptor.lambda$invokeTestMethod$7(TestMethodTestDescriptor.java:214)
	at app//org.junit.platform.engine.support.hierarchical.ThrowableCollector.execute(ThrowableCollector.java:73)
	at app//org.junit.jupiter.engine.descriptor.TestMethodTestDescriptor.invokeTestMethod(TestMethodTestDescriptor.java:210)
	at app//org.junit.jupiter.engine.descriptor.TestMethodTestDescriptor.execute(TestMethodTestDescriptor.java:135)
	at app//org.junit.jupiter.engine.descriptor.TestMethodTestDescriptor.execute(TestMethodTestDescriptor.java:66)
	at app//org.junit.platform.engine.support.hierarchical.NodeTestTask.lambda$executeRecursively$6(NodeTestTask.java:151)
	at app//org.junit.platform.engine.support.hierarchical.ThrowableCollector.execute(ThrowableCollector.java:73)
	at app//org.junit.platform.engine.support.hierarchical.NodeTestTask.lambda$executeRecursively$8(NodeTestTask.java:141)
	at app//org.junit.platform.engine.support.hierarchical.Node.around(Node.java:137)
	at app//org.junit.platform.engine.support.hierarchical.NodeTestTask.lambda$executeRecursively$9(NodeTestTask.java:139)
	at app//org.junit.platform.engine.support.hierarchical.ThrowableCollector.execute(ThrowableCollector.java:73)
	at app//org.junit.platform.engine.support.hierarchical.NodeTestTask.executeRecursively(NodeTestTask.java:138)
	at app//org.junit.platform.engine.support.hierarchical.NodeTestTask.execute(NodeTestTask.java:95)
	at java.base@11.0.18/java.util.ArrayList.forEach(ArrayList.java:1541)
	at app//org.junit.platform.engine.support.hierarchical.SameThreadHierarchicalTestExecutorService.invokeAll(SameThreadHierarchicalTestExecutorService.java:41)
	at app//org.junit.platform.engine.support.hierarchical.NodeTestTask.lambda$executeRecursively$6(NodeTestTask.java:155)
	at app//org.junit.platform.engine.support.hierarchical.ThrowableCollector.execute(ThrowableCollector.java:73)
	at app//org.junit.platform.engine.support.hierarchical.NodeTestTask.lambda$executeRecursively$8(NodeTestTask.java:141)
	at app//org.junit.platform.engine.support.hierarchical.Node.around(Node.java:137)
	at app//org.junit.platform.engine.support.hierarchical.NodeTestTask.lambda$executeRecursively$9(NodeTestTask.java:139)
	at app//org.junit.platform.engine.support.hierarchical.ThrowableCollector.execute(ThrowableCollector.java:73)
	at app//org.junit.platform.engine.support.hierarchical.NodeTestTask.executeRecursively(NodeTestTask.java:138)
	at app//org.junit.platform.engine.support.hierarchical.NodeTestTask.execute(NodeTestTask.java:95)
	at java.base@11.0.18/java.util.ArrayList.forEach(ArrayList.java:1541)
	at app//org.junit.platform.engine.support.hierarchical.SameThreadHierarchicalTestExecutorService.invokeAll(SameThreadHierarchicalTestExecutorService.java:41)
	at app//org.junit.platform.engine.support.hierarchical.NodeTestTask.lambda$executeRecursively$6(NodeTestTask.java:155)
	at app//org.junit.platform.engine.support.hierarchical.ThrowableCollector.execute(ThrowableCollector.java:73)
	at app//org.junit.platform.engine.support.hierarchical.NodeTestTask.lambda$executeRecursively$8(NodeTestTask.java:141)
	at app//org.junit.platform.engine.support.hierarchical.Node.around(Node.java:137)
	at app//org.junit.platform.engine.support.hierarchical.NodeTestTask.lambda$executeRecursively$9(NodeTestTask.java:139)
	at app//org.junit.platform.engine.support.hierarchical.ThrowableCollector.execute(ThrowableCollector.java:73)
	at app//org.junit.platform.engine.support.hierarchical.NodeTestTask.executeRecursively(NodeTestTask.java:138)
	at app//org.junit.platform.engine.support.hierarchical.NodeTestTask.execute(NodeTestTask.java:95)
	at app//org.junit.platform.engine.support.hierarchical.SameThreadHierarchicalTestExecutorService.submit(SameThreadHierarchicalTestExecutorService.java:35)
	at app//org.junit.platform.engine.support.hierarchical.HierarchicalTestExecutor.execute(HierarchicalTestExecutor.java:57)
	at app//org.junit.platform.engine.support.hierarchical.HierarchicalTestEngine.execute(HierarchicalTestEngine.java:54)
	at org.junit.platform.launcher.core.EngineExecutionOrchestrator.execute(EngineExecutionOrchestrator.java:107)
	at org.junit.platform.launcher.core.EngineExecutionOrchestrator.execute(EngineExecutionOrchestrator.java:88)
	at org.junit.platform.launcher.core.EngineExecutionOrchestrator.lambda$execute$0(EngineExecutionOrchestrator.java:54)
	at org.junit.platform.launcher.core.EngineExecutionOrchestrator.withInterceptedStreams(EngineExecutionOrchestrator.java:67)
	at org.junit.platform.launcher.core.EngineExecutionOrchestrator.execute(EngineExecutionOrchestrator.java:52)
	at org.junit.platform.launcher.core.DefaultLauncher.execute(DefaultLauncher.java:114)
	at org.junit.platform.launcher.core.DefaultLauncher.execute(DefaultLauncher.java:86)
	at org.junit.platform.launcher.core.DefaultLauncherSession$DelegatingLauncher.execute(DefaultLauncherSession.java:86)
	at org.junit.platform.launcher.core.SessionPerRequestLauncher.execute(SessionPerRequestLauncher.java:53)
	at org.gradle.api.internal.tasks.testing.junitplatform.JUnitPlatformTestClassProcessor$CollectAllTestClassesExecutor.processAllTestClasses(JUnitPlatformTestClassProcessor.java:99)
	at org.gradle.api.internal.tasks.testing.junitplatform.JUnitPlatformTestClassProcessor$CollectAllTestClassesExecutor.access$000(JUnitPlatformTestClassProcessor.java:79)
	at org.gradle.api.internal.tasks.testing.junitplatform.JUnitPlatformTestClassProcessor.stop(JUnitPlatformTestClassProcessor.java:75)
	at org.gradle.api.internal.tasks.testing.SuiteTestClassProcessor.stop(SuiteTestClassProcessor.java:62)
	at java.base@11.0.18/jdk.internal.reflect.NativeMethodAccessorImpl.invoke0(Native Method)
	at java.base@11.0.18/jdk.internal.reflect.NativeMethodAccessorImpl.invoke(NativeMethodAccessorImpl.java:62)
	at java.base@11.0.18/jdk.internal.reflect.DelegatingMethodAccessorImpl.invoke(DelegatingMethodAccessorImpl.java:43)
	at java.base@11.0.18/java.lang.reflect.Method.invoke(Method.java:566)
	at org.gradle.internal.dispatch.ReflectionDispatch.dispatch(ReflectionDispatch.java:36)
	at org.gradle.internal.dispatch.ReflectionDispatch.dispatch(ReflectionDispatch.java:24)
	at org.gradle.internal.dispatch.ContextClassLoaderDispatch.dispatch(ContextClassLoaderDispatch.java:33)
	at org.gradle.internal.dispatch.ProxyDispatchAdapter$DispatchingInvocationHandler.invoke(ProxyDispatchAdapter.java:94)
	at com.sun.proxy.$Proxy2.stop(Unknown Source)
	at org.gradle.api.internal.tasks.testing.worker.TestWorker$3.run(TestWorker.java:193)
	at org.gradle.api.internal.tasks.testing.worker.TestWorker.executeAndMaintainThreadName(TestWorker.java:129)
	at org.gradle.api.internal.tasks.testing.worker.TestWorker.execute(TestWorker.java:100)
	at org.gradle.api.internal.tasks.testing.worker.TestWorker.execute(TestWorker.java:60)
	at org.gradle.process.internal.worker.child.ActionExecutionWorker.execute(ActionExecutionWorker.java:56)
	at org.gradle.process.internal.worker.child.SystemApplicationClassLoaderWorker.call(SystemApplicationClassLoaderWorker.java:113)
	at org.gradle.process.internal.worker.child.SystemApplicationClassLoaderWorker.call(SystemApplicationClassLoaderWorker.java:65)
	at app//worker.org.gradle.process.internal.worker.GradleWorkerMain.run(GradleWorkerMain.java:69)
	at app//worker.org.gradle.process.internal.worker.GradleWorkerMain.main(GradleWorkerMain.java:74)
</failure>
  </testcase>
  <testcase name="testInstantiateLabels_modalityTermPolicies()" classname="de.uka.ilkd.key.logic.TestTermLabelManager" time="0.15">
    <failure message="org.opentest4j.AssertionFailedError" type="org.opentest4j.AssertionFailedError">org.opentest4j.AssertionFailedError
	at app//org.junit.jupiter.api.AssertionUtils.fail(AssertionUtils.java:35)
	at app//org.junit.jupiter.api.Assertions.fail(Assertions.java:115)
	at app//de.uka.ilkd.key.logic.TestTermLabelManager.testInstantiateLabels_modalityTermPolicies(TestTermLabelManager.java:437)
	at java.base@11.0.18/jdk.internal.reflect.NativeMethodAccessorImpl.invoke0(Native Method)
	at java.base@11.0.18/jdk.internal.reflect.NativeMethodAccessorImpl.invoke(NativeMethodAccessorImpl.java:62)
	at java.base@11.0.18/jdk.internal.reflect.DelegatingMethodAccessorImpl.invoke(DelegatingMethodAccessorImpl.java:43)
	at java.base@11.0.18/java.lang.reflect.Method.invoke(Method.java:566)
	at app//org.junit.platform.commons.util.ReflectionUtils.invokeMethod(ReflectionUtils.java:725)
	at app//org.junit.jupiter.engine.execution.MethodInvocation.proceed(MethodInvocation.java:60)
	at app//org.junit.jupiter.engine.execution.InvocationInterceptorChain$ValidatingInvocation.proceed(InvocationInterceptorChain.java:131)
	at app//org.junit.jupiter.engine.extension.TimeoutExtension.intercept(TimeoutExtension.java:149)
	at app//org.junit.jupiter.engine.extension.TimeoutExtension.interceptTestableMethod(TimeoutExtension.java:140)
	at app//org.junit.jupiter.engine.extension.TimeoutExtension.interceptTestMethod(TimeoutExtension.java:84)
	at app//org.junit.jupiter.engine.execution.ExecutableInvoker$ReflectiveInterceptorCall.lambda$ofVoidMethod$0(ExecutableInvoker.java:115)
	at app//org.junit.jupiter.engine.execution.ExecutableInvoker.lambda$invoke$0(ExecutableInvoker.java:105)
	at app//org.junit.jupiter.engine.execution.InvocationInterceptorChain$InterceptedInvocation.proceed(InvocationInterceptorChain.java:106)
	at app//org.junit.jupiter.engine.execution.InvocationInterceptorChain.proceed(InvocationInterceptorChain.java:64)
	at app//org.junit.jupiter.engine.execution.InvocationInterceptorChain.chainAndInvoke(InvocationInterceptorChain.java:45)
	at app//org.junit.jupiter.engine.execution.InvocationInterceptorChain.invoke(InvocationInterceptorChain.java:37)
	at app//org.junit.jupiter.engine.execution.ExecutableInvoker.invoke(ExecutableInvoker.java:104)
	at app//org.junit.jupiter.engine.execution.ExecutableInvoker.invoke(ExecutableInvoker.java:98)
	at app//org.junit.jupiter.engine.descriptor.TestMethodTestDescriptor.lambda$invokeTestMethod$7(TestMethodTestDescriptor.java:214)
	at app//org.junit.platform.engine.support.hierarchical.ThrowableCollector.execute(ThrowableCollector.java:73)
	at app//org.junit.jupiter.engine.descriptor.TestMethodTestDescriptor.invokeTestMethod(TestMethodTestDescriptor.java:210)
	at app//org.junit.jupiter.engine.descriptor.TestMethodTestDescriptor.execute(TestMethodTestDescriptor.java:135)
	at app//org.junit.jupiter.engine.descriptor.TestMethodTestDescriptor.execute(TestMethodTestDescriptor.java:66)
	at app//org.junit.platform.engine.support.hierarchical.NodeTestTask.lambda$executeRecursively$6(NodeTestTask.java:151)
	at app//org.junit.platform.engine.support.hierarchical.ThrowableCollector.execute(ThrowableCollector.java:73)
	at app//org.junit.platform.engine.support.hierarchical.NodeTestTask.lambda$executeRecursively$8(NodeTestTask.java:141)
	at app//org.junit.platform.engine.support.hierarchical.Node.around(Node.java:137)
	at app//org.junit.platform.engine.support.hierarchical.NodeTestTask.lambda$executeRecursively$9(NodeTestTask.java:139)
	at app//org.junit.platform.engine.support.hierarchical.ThrowableCollector.execute(ThrowableCollector.java:73)
	at app//org.junit.platform.engine.support.hierarchical.NodeTestTask.executeRecursively(NodeTestTask.java:138)
	at app//org.junit.platform.engine.support.hierarchical.NodeTestTask.execute(NodeTestTask.java:95)
	at java.base@11.0.18/java.util.ArrayList.forEach(ArrayList.java:1541)
	at app//org.junit.platform.engine.support.hierarchical.SameThreadHierarchicalTestExecutorService.invokeAll(SameThreadHierarchicalTestExecutorService.java:41)
	at app//org.junit.platform.engine.support.hierarchical.NodeTestTask.lambda$executeRecursively$6(NodeTestTask.java:155)
	at app//org.junit.platform.engine.support.hierarchical.ThrowableCollector.execute(ThrowableCollector.java:73)
	at app//org.junit.platform.engine.support.hierarchical.NodeTestTask.lambda$executeRecursively$8(NodeTestTask.java:141)
	at app//org.junit.platform.engine.support.hierarchical.Node.around(Node.java:137)
	at app//org.junit.platform.engine.support.hierarchical.NodeTestTask.lambda$executeRecursively$9(NodeTestTask.java:139)
	at app//org.junit.platform.engine.support.hierarchical.ThrowableCollector.execute(ThrowableCollector.java:73)
	at app//org.junit.platform.engine.support.hierarchical.NodeTestTask.executeRecursively(NodeTestTask.java:138)
	at app//org.junit.platform.engine.support.hierarchical.NodeTestTask.execute(NodeTestTask.java:95)
	at java.base@11.0.18/java.util.ArrayList.forEach(ArrayList.java:1541)
	at app//org.junit.platform.engine.support.hierarchical.SameThreadHierarchicalTestExecutorService.invokeAll(SameThreadHierarchicalTestExecutorService.java:41)
	at app//org.junit.platform.engine.support.hierarchical.NodeTestTask.lambda$executeRecursively$6(NodeTestTask.java:155)
	at app//org.junit.platform.engine.support.hierarchical.ThrowableCollector.execute(ThrowableCollector.java:73)
	at app//org.junit.platform.engine.support.hierarchical.NodeTestTask.lambda$executeRecursively$8(NodeTestTask.java:141)
	at app//org.junit.platform.engine.support.hierarchical.Node.around(Node.java:137)
	at app//org.junit.platform.engine.support.hierarchical.NodeTestTask.lambda$executeRecursively$9(NodeTestTask.java:139)
	at app//org.junit.platform.engine.support.hierarchical.ThrowableCollector.execute(ThrowableCollector.java:73)
	at app//org.junit.platform.engine.support.hierarchical.NodeTestTask.executeRecursively(NodeTestTask.java:138)
	at app//org.junit.platform.engine.support.hierarchical.NodeTestTask.execute(NodeTestTask.java:95)
	at app//org.junit.platform.engine.support.hierarchical.SameThreadHierarchicalTestExecutorService.submit(SameThreadHierarchicalTestExecutorService.java:35)
	at app//org.junit.platform.engine.support.hierarchical.HierarchicalTestExecutor.execute(HierarchicalTestExecutor.java:57)
	at app//org.junit.platform.engine.support.hierarchical.HierarchicalTestEngine.execute(HierarchicalTestEngine.java:54)
	at org.junit.platform.launcher.core.EngineExecutionOrchestrator.execute(EngineExecutionOrchestrator.java:107)
	at org.junit.platform.launcher.core.EngineExecutionOrchestrator.execute(EngineExecutionOrchestrator.java:88)
	at org.junit.platform.launcher.core.EngineExecutionOrchestrator.lambda$execute$0(EngineExecutionOrchestrator.java:54)
	at org.junit.platform.launcher.core.EngineExecutionOrchestrator.withInterceptedStreams(EngineExecutionOrchestrator.java:67)
	at org.junit.platform.launcher.core.EngineExecutionOrchestrator.execute(EngineExecutionOrchestrator.java:52)
	at org.junit.platform.launcher.core.DefaultLauncher.execute(DefaultLauncher.java:114)
	at org.junit.platform.launcher.core.DefaultLauncher.execute(DefaultLauncher.java:86)
	at org.junit.platform.launcher.core.DefaultLauncherSession$DelegatingLauncher.execute(DefaultLauncherSession.java:86)
	at org.junit.platform.launcher.core.SessionPerRequestLauncher.execute(SessionPerRequestLauncher.java:53)
	at org.gradle.api.internal.tasks.testing.junitplatform.JUnitPlatformTestClassProcessor$CollectAllTestClassesExecutor.processAllTestClasses(JUnitPlatformTestClassProcessor.java:99)
	at org.gradle.api.internal.tasks.testing.junitplatform.JUnitPlatformTestClassProcessor$CollectAllTestClassesExecutor.access$000(JUnitPlatformTestClassProcessor.java:79)
	at org.gradle.api.internal.tasks.testing.junitplatform.JUnitPlatformTestClassProcessor.stop(JUnitPlatformTestClassProcessor.java:75)
	at org.gradle.api.internal.tasks.testing.SuiteTestClassProcessor.stop(SuiteTestClassProcessor.java:62)
	at java.base@11.0.18/jdk.internal.reflect.NativeMethodAccessorImpl.invoke0(Native Method)
	at java.base@11.0.18/jdk.internal.reflect.NativeMethodAccessorImpl.invoke(NativeMethodAccessorImpl.java:62)
	at java.base@11.0.18/jdk.internal.reflect.DelegatingMethodAccessorImpl.invoke(DelegatingMethodAccessorImpl.java:43)
	at java.base@11.0.18/java.lang.reflect.Method.invoke(Method.java:566)
	at org.gradle.internal.dispatch.ReflectionDispatch.dispatch(ReflectionDispatch.java:36)
	at org.gradle.internal.dispatch.ReflectionDispatch.dispatch(ReflectionDispatch.java:24)
	at org.gradle.internal.dispatch.ContextClassLoaderDispatch.dispatch(ContextClassLoaderDispatch.java:33)
	at org.gradle.internal.dispatch.ProxyDispatchAdapter$DispatchingInvocationHandler.invoke(ProxyDispatchAdapter.java:94)
	at com.sun.proxy.$Proxy2.stop(Unknown Source)
	at org.gradle.api.internal.tasks.testing.worker.TestWorker$3.run(TestWorker.java:193)
	at org.gradle.api.internal.tasks.testing.worker.TestWorker.executeAndMaintainThreadName(TestWorker.java:129)
	at org.gradle.api.internal.tasks.testing.worker.TestWorker.execute(TestWorker.java:100)
	at org.gradle.api.internal.tasks.testing.worker.TestWorker.execute(TestWorker.java:60)
	at org.gradle.process.internal.worker.child.ActionExecutionWorker.execute(ActionExecutionWorker.java:56)
	at org.gradle.process.internal.worker.child.SystemApplicationClassLoaderWorker.call(SystemApplicationClassLoaderWorker.java:113)
	at org.gradle.process.internal.worker.child.SystemApplicationClassLoaderWorker.call(SystemApplicationClassLoaderWorker.java:65)
	at app//worker.org.gradle.process.internal.worker.GradleWorkerMain.run(GradleWorkerMain.java:69)
	at app//worker.org.gradle.process.internal.worker.GradleWorkerMain.main(GradleWorkerMain.java:74)
</failure>
  </testcase>
  <testcase name="testrefactorGoal_none_allRules()" classname="de.uka.ilkd.key.logic.TestTermLabelManager" time="0.096">
    <failure message="line 135:14 mismatched input '\ifExintVar' expecting {MODALITY, FORALL, EXISTS, '\if', '\ifEx', 'true', 'false', '(', '{', '@', NOT, SEQARROW, '-', STRING_LITERAL, CHAR_LITERAL, BIN_LITERAL, HEX_LITERAL, IDENT, INT_LITERAL, FLOAT_LITERAL, DOUBLE_LITERAL, REAL_LITERAL}&#10;line 135:27 extraneous input '(' expecting {'\lemma', '}', IDENT, '/*!'}&#10;line 135:44 mismatched input ')' expecting {'(', '{'}&#10;line 141:14 mismatched input '\ifExintVar' expecting {MODALITY, FORALL, EXISTS, '\if', '\ifEx', 'true', 'false', '(', '{', '@', NOT, SEQARROW, '-', STRING_LITERAL, CHAR_LITERAL, BIN_LITERAL, HEX_LITERAL, IDENT, INT_LITERAL, FLOAT_LITERAL, DOUBLE_LITERAL, REAL_LITERAL}&#10;line 141:27 extraneous input '(' expecting {'\lemma', '}', IDENT, '/*!'}&#10;line 141:41 mismatched input ')' expecting {'(', '{'}&#10;line 148:14 mismatched input '\ifExintVar' expecting {MODALITY, FORALL, EXISTS, '\if', '\ifEx', 'true', 'false', '(', '{', '@', NOT, SEQARROW, '-', STRING_LITERAL, CHAR_LITERAL, BIN_LITERAL, HEX_LITERAL, IDENT, INT_LITERAL, FLOAT_LITERAL, DOUBLE_LITERAL, REAL_LITERAL}&#10;line 148:27 extraneous input '(' expecting {'\lemma', '}', IDENT, '/*!'}&#10;line 148:35 mismatched input '=' expecting {'(', '{'}&#10;line 150:38 mismatched input '}' expecting {'(', '{'}&#10;line 155:14 mismatched input '\ifExintVar' expecting {MODALITY, FORALL, EXISTS, '\if', '\ifEx', 'true', 'false', '(', '{', '@', NOT, SEQARROW, '-', STRING_LITERAL, CHAR_LITERAL, BIN_LITERAL, HEX_LITERAL, IDENT, INT_LITERAL, FLOAT_LITERAL, DOUBLE_LITERAL, REAL_LITERAL}&#10;line 155:27 extraneous input '(' expecting {'\lemma', '}', IDENT, '/*!'}&#10;line 155:35 mismatched input '=' expecting {'(', '{'}&#10;line 157:38 mismatched input '}' expecting {'(', '{'}&#10;line 163:14 mismatched input '\ifExintVar' expecting {MODALITY, FORALL, EXISTS, '\if', '\ifEx', 'true', 'false', '(', '{', '@', NOT, SEQARROW, '-', STRING_LITERAL, CHAR_LITERAL, BIN_LITERAL, HEX_LITERAL, IDENT, INT_LITERAL, FLOAT_LITERAL, DOUBLE_LITERAL, REAL_LITERAL}&#10;line 163:27 extraneous input '(' expecting {'\lemma', '}', IDENT, '/*!'}&#10;line 163:30 mismatched input '=' expecting {'(', '{'}&#10;line 165:38 mismatched input '}' expecting {'(', '{'}&#10;line 171:14 mismatched input '\ifExintVar' expecting {MODALITY, FORALL, EXISTS, '\if', '\ifEx', 'true', 'false', '(', '{', '@', NOT, SEQARROW, '-', STRING_LITERAL, CHAR_LITERAL, BIN_LITERAL, HEX_LITERAL, IDENT, INT_LITERAL, FLOAT_LITERAL, DOUBLE_LITERAL, REAL_LITERAL}&#10;line 171:27 extraneous input '(' expecting {'\lemma', '}', IDENT, '/*!'}&#10;line 171:30 mismatched input '=' expecting {'(', '{'}&#10;line 173:38 mismatched input '}' expecting {'(', '{'}&#10;line 179:14 mismatched input '\ifExintVar' expecting {MODALITY, FORALL, EXISTS, '\if', '\ifEx', 'true', 'false', '(', '{', '@', NOT, SEQARROW, '-', STRING_LITERAL, CHAR_LITERAL, BIN_LITERAL, HEX_LITERAL, IDENT, INT_LITERAL, FLOAT_LITERAL, DOUBLE_LITERAL, REAL_LITERAL}&#10;line 179:27 extraneous input '(' expecting {'\lemma', '}', IDENT, '/*!'}&#10;line 179:32 mismatched input '&amp;' expecting {'(', '{'}&#10;line 181:42 mismatched input '}' expecting {'(', '{'}&#10;line 182:39 mismatched input '}' expecting {'(', '{'}&#10;line 188:14 mismatched input '\ifExintVar' expecting {MODALITY, FORALL, EXISTS, '\if', '\ifEx', 'true', 'false', '(', '{', '@', NOT, SEQARROW, '-', STRING_LITERAL, CHAR_LITERAL, BIN_LITERAL, HEX_LITERAL, IDENT, INT_LITERAL, FLOAT_LITERAL, DOUBLE_LITERAL, REAL_LITERAL}&#10;line 188:27 extraneous input '(' expecting {'\lemma', '}', IDENT, '/*!'}&#10;line 188:32 mismatched input '&amp;' expecting {'(', '{'}&#10;line 190:42 mismatched input '}' expecting {'(', '{'}&#10;line 191:39 mismatched input '}' expecting {'(', '{'}&#10;line 198:14 mismatched input '\ifExintVar' expecting {MODALITY, FORALL, EXISTS, '\if', '\ifEx', 'true', 'false', '(', '{', '@', NOT, SEQARROW, '-', STRING_LITERAL, CHAR_LITERAL, BIN_LITERAL, HEX_LITERAL, IDENT, INT_LITERAL, FLOAT_LITERAL, DOUBLE_LITERAL, REAL_LITERAL}&#10;line 198:27 extraneous input '(' expecting {'\lemma', '}', IDENT, '/*!'}&#10;line 198:32 mismatched input '&amp;' expecting {'(', '{'}&#10;line 200:42 mismatched input '}' expecting {'(', '{'}&#10;line 201:39 mismatched input '}' expecting {'(', '{'}&#10;line 208:14 mismatched input '\ifExintVar' expecting {MODALITY, FORALL, EXISTS, '\if', '\ifEx', 'true', 'false', '(', '{', '@', NOT, SEQARROW, '-', STRING_LITERAL, CHAR_LITERAL, BIN_LITERAL, HEX_LITERAL, IDENT, INT_LITERAL, FLOAT_LITERAL, DOUBLE_LITERAL, REAL_LITERAL}&#10;line 208:27 extraneous input '(' expecting {'\lemma', '}', IDENT, '/*!'}&#10;line 208:32 mismatched input '&amp;' expecting {'(', '{'}&#10;line 210:42 mismatched input '}' expecting {'(', '{'}&#10;line 211:39 mismatched input '}' expecting {'(', '{'}&#10;line 218:14 mismatched input '\ifExintVar' expecting {MODALITY, FORALL, EXISTS, '\if', '\ifEx', 'true', 'false', '(', '{', '@', NOT, SEQARROW, '-', STRING_LITERAL, CHAR_LITERAL, BIN_LITERAL, HEX_LITERAL, IDENT, INT_LITERAL, FLOAT_LITERAL, DOUBLE_LITERAL, REAL_LITERAL}&#10;line 218:27 extraneous input '(' expecting {'\lemma', '}', IDENT, '/*!'}&#10;line 218:31 mismatched input ')' expecting {'(', '{'}&#10;line 220:44 mismatched input ')' expecting {'(', '{'}&#10;line 225:14 mismatched input '\ifExintVar' expecting {MODALITY, FORALL, EXISTS, '\if', '\ifEx', 'true', 'false', '(', '{', '@', NOT, SEQARROW, '-', STRING_LITERAL, CHAR_LITERAL, BIN_LITERAL, HEX_LITERAL, IDENT, INT_LITERAL, FLOAT_LITERAL, DOUBLE_LITERAL, REAL_LITERAL}&#10;line 225:27 extraneous input '(' expecting {'\lemma', '}', IDENT, '/*!'}&#10;line 225:31 mismatched input ')' expecting {'(', '{'}&#10;line 227:44 mismatched input ')' expecting {'(', '{'}&#10;line 233:14 mismatched input '\ifExintVar' expecting {MODALITY, FORALL, EXISTS, '\if', '\ifEx', 'true', 'false', '(', '{', '@', NOT, SEQARROW, '-', STRING_LITERAL, CHAR_LITERAL, BIN_LITERAL, HEX_LITERAL, IDENT, INT_LITERAL, FLOAT_LITERAL, DOUBLE_LITERAL, REAL_LITERAL}&#10;line 233:27 extraneous input '(' expecting {'\lemma', '}', IDENT, '/*!'}&#10;line 233:31 mismatched input ')' expecting {'(', '{'}&#10;line 237:42 mismatched input '}' expecting {'(', '{'}&#10;line 238:34 mismatched input '}' expecting {'(', '{'}&#10;line 239:28 extraneous input '(' expecting {'\lemma', '}', IDENT, '/*!'}&#10;line 239:33 mismatched input '-&gt;' expecting {'(', '{'}&#10;line 240:8 extraneous input '\replacewith' expecting {'\lemma', '}', IDENT, '/*!'}&#10;line 240:25 mismatched input ')' expecting {'(', '{'}&#10;line 240:56 mismatched input ')' expecting {'(', '{'}&#10;line 245:14 mismatched input '\ifExintVar' expecting {MODALITY, FORALL, EXISTS, '\if', '\ifEx', 'true', 'false', '(', '{', '@', NOT, SEQARROW, '-', STRING_LITERAL, CHAR_LITERAL, BIN_LITERAL, HEX_LITERAL, IDENT, INT_LITERAL, FLOAT_LITERAL, DOUBLE_LITERAL, REAL_LITERAL}&#10;line 245:27 extraneous input '(' expecting {'\lemma', '}', IDENT, '/*!'}&#10;line 245:31 mismatched input ')' expecting {'(', '{'}&#10;line 248:45 mismatched input '}' expecting {'(', '{'}&#10;line 249:8 extraneous input '\replacewith' expecting {'\lemma', '}', IDENT, '/*!'}&#10;line 249:38 mismatched input ')' expecting {'(', '{'}&#10;line 250:42 mismatched input '}' expecting {'(', '{'}&#10;line 251:28 extraneous input '(' expecting {'\lemma', '}', IDENT, '/*!'}&#10;line 251:33 mismatched input '-&gt;' expecting {'(', '{'}&#10;line 255:14 mismatched input '\ifExintVar' expecting {MODALITY, FORALL, EXISTS, '\if', '\ifEx', 'true', 'false', '(', '{', '@', NOT, SEQARROW, '-', STRING_LITERAL, CHAR_LITERAL, BIN_LITERAL, HEX_LITERAL, IDENT, INT_LITERAL, FLOAT_LITERAL, DOUBLE_LITERAL, REAL_LITERAL}&#10;line 255:27 extraneous input '(' expecting {'\lemma', '}', IDENT, '/*!'}&#10;line 255:31 mismatched input ')' expecting {'(', '{'}&#10;line 258:52 extraneous input '0' expecting {'\lemma', '}', IDENT, '/*!'}&#10;line 258:54 mismatched input 'then' expecting {&lt;EOF&gt;, '\problem', '\chooseContract', '\proofObligation', '\proof'}&#10; (file: src/test/resources/testcase/termLabels/flatSteps/FlatSteps.java; caused by: de.uka.ilkd.key.proof.init.ProofInputException: line 135:14 mismatched input '\ifExintVar' expecting {MODALITY, FORALL, EXISTS, '\if', '\ifEx', 'true', 'false', '(', '{', '@', NOT, SEQARROW, '-', STRING_LITERAL, CHAR_LITERAL, BIN_LITERAL, HEX_LITERAL, IDENT, INT_LITERAL, FLOAT_LITERAL, DOUBLE_LITERAL, REAL_LITERAL}&#10;line 135:27 extraneous input '(' expecting {'\lemma', '}', IDENT, '/*!'}&#10;line 135:44 mismatched input ')' expecting {'(', '{'}&#10;line 141:14 mismatched input '\ifExintVar' expecting {MODALITY, FORALL, EXISTS, '\if', '\ifEx', 'true', 'false', '(', '{', '@', NOT, SEQARROW, '-', STRING_LITERAL, CHAR_LITERAL, BIN_LITERAL, HEX_LITERAL, IDENT, INT_LITERAL, FLOAT_LITERAL, DOUBLE_LITERAL, REAL_LITERAL}&#10;line 141:27 extraneous input '(' expecting {'\lemma', '}', IDENT, '/*!'}&#10;line 141:41 mismatched input ')' expecting {'(', '{'}&#10;line 148:14 mismatched input '\ifExintVar' expecting {MODALITY, FORALL, EXISTS, '\if', '\ifEx', 'true', 'false', '(', '{', '@', NOT, SEQARROW, '-', STRING_LITERAL, CHAR_LITERAL, BIN_LITERAL, HEX_LITERAL, IDENT, INT_LITERAL, FLOAT_LITERAL, DOUBLE_LITERAL, REAL_LITERAL}&#10;line 148:27 extraneous input '(' expecting {'\lemma', '}', IDENT, '/*!'}&#10;line 148:35 mismatched input '=' expecting {'(', '{'}&#10;line 150:38 mismatched input '}' expecting {'(', '{'}&#10;line 155:14 mismatched input '\ifExintVar' expecting {MODALITY, FORALL, EXISTS, '\if', '\ifEx', 'true', 'false', '(', '{', '@', NOT, SEQARROW, '-', STRING_LITERAL, CHAR_LITERAL, BIN_LITERAL, HEX_LITERAL, IDENT, INT_LITERAL, FLOAT_LITERAL, DOUBLE_LITERAL, REAL_LITERAL}&#10;line 155:27 extraneous input '(' expecting {'\lemma', '}', IDENT, '/*!'}&#10;line 155:35 mismatched input '=' expecting {'(', '{'}&#10;line 157:38 mismatched input '}' expecting {'(', '{'}&#10;line 163:14 mismatched input '\ifExintVar' expecting {MODALITY, FORALL, EXISTS, '\if', '\ifEx', 'true', 'false', '(', '{', '@', NOT, SEQARROW, '-', STRING_LITERAL, CHAR_LITERAL, BIN_LITERAL, HEX_LITERAL, IDENT, INT_LITERAL, FLOAT_LITERAL, DOUBLE_LITERAL, REAL_LITERAL}&#10;line 163:27 extraneous input '(' expecting {'\lemma', '}', IDENT, '/*!'}&#10;line 163:30 mismatched input '=' expecting {'(', '{'}&#10;line 165:38 mismatched input '}' expecting {'(', '{'}&#10;line 171:14 mismatched input '\ifExintVar' expecting {MODALITY, FORALL, EXISTS, '\if', '\ifEx', 'true', 'false', '(', '{', '@', NOT, SEQARROW, '-', STRING_LITERAL, CHAR_LITERAL, BIN_LITERAL, HEX_LITERAL, IDENT, INT_LITERAL, FLOAT_LITERAL, DOUBLE_LITERAL, REAL_LITERAL}&#10;line 171:27 extraneous input '(' expecting {'\lemma', '}', IDENT, '/*!'}&#10;line 171:30 mismatched input '=' expecting {'(', '{'}&#10;line 173:38 mismatched input '}' expecting {'(', '{'}&#10;line 179:14 mismatched input '\ifExintVar' expecting {MODALITY, FORALL, EXISTS, '\if', '\ifEx', 'true', 'false', '(', '{', '@', NOT, SEQARROW, '-', STRING_LITERAL, CHAR_LITERAL, BIN_LITERAL, HEX_LITERAL, IDENT, INT_LITERAL, FLOAT_LITERAL, DOUBLE_LITERAL, REAL_LITERAL}&#10;line 179:27 extraneous input '(' expecting {'\lemma', '}', IDENT, '/*!'}&#10;line 179:32 mismatched input '&amp;' expecting {'(', '{'}&#10;line 181:42 mismatched input '}' expecting {'(', '{'}&#10;line 182:39 mismatched input '}' expecting {'(', '{'}&#10;line 188:14 mismatched input '\ifExintVar' expecting {MODALITY, FORALL, EXISTS, '\if', '\ifEx', 'true', 'false', '(', '{', '@', NOT, SEQARROW, '-', STRING_LITERAL, CHAR_LITERAL, BIN_LITERAL, HEX_LITERAL, IDENT, INT_LITERAL, FLOAT_LITERAL, DOUBLE_LITERAL, REAL_LITERAL}&#10;line 188:27 extraneous input '(' expecting {'\lemma', '}', IDENT, '/*!'}&#10;line 188:32 mismatched input '&amp;' expecting {'(', '{'}&#10;line 190:42 mismatched input '}' expecting {'(', '{'}&#10;line 191:39 mismatched input '}' expecting {'(', '{'}&#10;line 198:14 mismatched input '\ifExintVar' expecting {MODALITY, FORALL, EXISTS, '\if', '\ifEx', 'true', 'false', '(', '{', '@', NOT, SEQARROW, '-', STRING_LITERAL, CHAR_LITERAL, BIN_LITERAL, HEX_LITERAL, IDENT, INT_LITERAL, FLOAT_LITERAL, DOUBLE_LITERAL, REAL_LITERAL}&#10;line 198:27 extraneous input '(' expecting {'\lemma', '}', IDENT, '/*!'}&#10;line 198:32 mismatched input '&amp;' expecting {'(', '{'}&#10;line 200:42 mismatched input '}' expecting {'(', '{'}&#10;line 201:39 mismatched input '}' expecting {'(', '{'}&#10;line 208:14 mismatched input '\ifExintVar' expecting {MODALITY, FORALL, EXISTS, '\if', '\ifEx', 'true', 'false', '(', '{', '@', NOT, SEQARROW, '-', STRING_LITERAL, CHAR_LITERAL, BIN_LITERAL, HEX_LITERAL, IDENT, INT_LITERAL, FLOAT_LITERAL, DOUBLE_LITERAL, REAL_LITERAL}&#10;line 208:27 extraneous input '(' expecting {'\lemma', '}', IDENT, '/*!'}&#10;line 208:32 mismatched input '&amp;' expecting {'(', '{'}&#10;line 210:42 mismatched input '}' expecting {'(', '{'}&#10;line 211:39 mismatched input '}' expecting {'(', '{'}&#10;line 218:14 mismatched input '\ifExintVar' expecting {MODALITY, FORALL, EXISTS, '\if', '\ifEx', 'true', 'false', '(', '{', '@', NOT, SEQARROW, '-', STRING_LITERAL, CHAR_LITERAL, BIN_LITERAL, HEX_LITERAL, IDENT, INT_LITERAL, FLOAT_LITERAL, DOUBLE_LITERAL, REAL_LITERAL}&#10;line 218:27 extraneous input '(' expecting {'\lemma', '}', IDENT, '/*!'}&#10;line 218:31 mismatched input ')' expecting {'(', '{'}&#10;line 220:44 mismatched input ')' expecting {'(', '{'}&#10;line 225:14 mismatched input '\ifExintVar' expecting {MODALITY, FORALL, EXISTS, '\if', '\ifEx', 'true', 'false', '(', '{', '@', NOT, SEQARROW, '-', STRING_LITERAL, CHAR_LITERAL, BIN_LITERAL, HEX_LITERAL, IDENT, INT_LITERAL, FLOAT_LITERAL, DOUBLE_LITERAL, REAL_LITERAL}&#10;line 225:27 extraneous input '(' expecting {'\lemma', '}', IDENT, '/*!'}&#10;line 225:31 mismatched input ')' expecting {'(', '{'}&#10;line 227:44 mismatched input ')' expecting {'(', '{'}&#10;line 233:14 mismatched input '\ifExintVar' expecting {MODALITY, FORALL, EXISTS, '\if', '\ifEx', 'true', 'false', '(', '{', '@', NOT, SEQARROW, '-', STRING_LITERAL, CHAR_LITERAL, BIN_LITERAL, HEX_LITERAL, IDENT, INT_LITERAL, FLOAT_LITERAL, DOUBLE_LITERAL, REAL_LITERAL}&#10;line 233:27 extraneous input '(' expecting {'\lemma', '}', IDENT, '/*!'}&#10;line 233:31 mismatched input ')' expecting {'(', '{'}&#10;line 237:42 mismatched input '}' expecting {'(', '{'}&#10;line 238:34 mismatched input '}' expecting {'(', '{'}&#10;line 239:28 extraneous input '(' expecting {'\lemma', '}', IDENT, '/*!'}&#10;line 239:33 mismatched input '-&gt;' expecting {'(', '{'}&#10;line 240:8 extraneous input '\replacewith' expecting {'\lemma', '}', IDENT, '/*!'}&#10;line 240:25 mismatched input ')' expecting {'(', '{'}&#10;line 240:56 mismatched input ')' expecting {'(', '{'}&#10;line 245:14 mismatched input '\ifExintVar' expecting {MODALITY, FORALL, EXISTS, '\if', '\ifEx', 'true', 'false', '(', '{', '@', NOT, SEQARROW, '-', STRING_LITERAL, CHAR_LITERAL, BIN_LITERAL, HEX_LITERAL, IDENT, INT_LITERAL, FLOAT_LITERAL, DOUBLE_LITERAL, REAL_LITERAL}&#10;line 245:27 extraneous input '(' expecting {'\lemma', '}', IDENT, '/*!'}&#10;line 245:31 mismatched input ')' expecting {'(', '{'}&#10;line 248:45 mismatched input '}' expecting {'(', '{'}&#10;line 249:8 extraneous input '\replacewith' expecting {'\lemma', '}', IDENT, '/*!'}&#10;line 249:38 mismatched input ')' expecting {'(', '{'}&#10;line 250:42 mismatched input '}' expecting {'(', '{'}&#10;line 251:28 extraneous input '(' expecting {'\lemma', '}', IDENT, '/*!'}&#10;line 251:33 mismatched input '-&gt;' expecting {'(', '{'}&#10;line 255:14 mismatched input '\ifExintVar' expecting {MODALITY, FORALL, EXISTS, '\if', '\ifEx', 'true', 'false', '(', '{', '@', NOT, SEQARROW, '-', STRING_LITERAL, CHAR_LITERAL, BIN_LITERAL, HEX_LITERAL, IDENT, INT_LITERAL, FLOAT_LITERAL, DOUBLE_LITERAL, REAL_LITERAL}&#10;line 255:27 extraneous input '(' expecting {'\lemma', '}', IDENT, '/*!'}&#10;line 255:31 mismatched input ')' expecting {'(', '{'}&#10;line 258:52 extraneous input '0' expecting {'\lemma', '}', IDENT, '/*!'}&#10;line 258:54 mismatched input 'then' expecting {&lt;EOF&gt;, '\problem', '\chooseContract', '\proofObligation', '\proof'}&#10;)" type="de.uka.ilkd.key.proof.io.ProblemLoaderException">line 135:14 mismatched input '\ifExintVar' expecting {MODALITY, FORALL, EXISTS, '\if', '\ifEx', 'true', 'false', '(', '{', '@', NOT, SEQARROW, '-', STRING_LITERAL, CHAR_LITERAL, BIN_LITERAL, HEX_LITERAL, IDENT, INT_LITERAL, FLOAT_LITERAL, DOUBLE_LITERAL, REAL_LITERAL}
line 135:27 extraneous input '(' expecting {'\lemma', '}', IDENT, '/*!'}
line 135:44 mismatched input ')' expecting {'(', '{'}
line 141:14 mismatched input '\ifExintVar' expecting {MODALITY, FORALL, EXISTS, '\if', '\ifEx', 'true', 'false', '(', '{', '@', NOT, SEQARROW, '-', STRING_LITERAL, CHAR_LITERAL, BIN_LITERAL, HEX_LITERAL, IDENT, INT_LITERAL, FLOAT_LITERAL, DOUBLE_LITERAL, REAL_LITERAL}
line 141:27 extraneous input '(' expecting {'\lemma', '}', IDENT, '/*!'}
line 141:41 mismatched input ')' expecting {'(', '{'}
line 148:14 mismatched input '\ifExintVar' expecting {MODALITY, FORALL, EXISTS, '\if', '\ifEx', 'true', 'false', '(', '{', '@', NOT, SEQARROW, '-', STRING_LITERAL, CHAR_LITERAL, BIN_LITERAL, HEX_LITERAL, IDENT, INT_LITERAL, FLOAT_LITERAL, DOUBLE_LITERAL, REAL_LITERAL}
line 148:27 extraneous input '(' expecting {'\lemma', '}', IDENT, '/*!'}
line 148:35 mismatched input '=' expecting {'(', '{'}
line 150:38 mismatched input '}' expecting {'(', '{'}
line 155:14 mismatched input '\ifExintVar' expecting {MODALITY, FORALL, EXISTS, '\if', '\ifEx', 'true', 'false', '(', '{', '@', NOT, SEQARROW, '-', STRING_LITERAL, CHAR_LITERAL, BIN_LITERAL, HEX_LITERAL, IDENT, INT_LITERAL, FLOAT_LITERAL, DOUBLE_LITERAL, REAL_LITERAL}
line 155:27 extraneous input '(' expecting {'\lemma', '}', IDENT, '/*!'}
line 155:35 mismatched input '=' expecting {'(', '{'}
line 157:38 mismatched input '}' expecting {'(', '{'}
line 163:14 mismatched input '\ifExintVar' expecting {MODALITY, FORALL, EXISTS, '\if', '\ifEx', 'true', 'false', '(', '{', '@', NOT, SEQARROW, '-', STRING_LITERAL, CHAR_LITERAL, BIN_LITERAL, HEX_LITERAL, IDENT, INT_LITERAL, FLOAT_LITERAL, DOUBLE_LITERAL, REAL_LITERAL}
line 163:27 extraneous input '(' expecting {'\lemma', '}', IDENT, '/*!'}
line 163:30 mismatched input '=' expecting {'(', '{'}
line 165:38 mismatched input '}' expecting {'(', '{'}
line 171:14 mismatched input '\ifExintVar' expecting {MODALITY, FORALL, EXISTS, '\if', '\ifEx', 'true', 'false', '(', '{', '@', NOT, SEQARROW, '-', STRING_LITERAL, CHAR_LITERAL, BIN_LITERAL, HEX_LITERAL, IDENT, INT_LITERAL, FLOAT_LITERAL, DOUBLE_LITERAL, REAL_LITERAL}
line 171:27 extraneous input '(' expecting {'\lemma', '}', IDENT, '/*!'}
line 171:30 mismatched input '=' expecting {'(', '{'}
line 173:38 mismatched input '}' expecting {'(', '{'}
line 179:14 mismatched input '\ifExintVar' expecting {MODALITY, FORALL, EXISTS, '\if', '\ifEx', 'true', 'false', '(', '{', '@', NOT, SEQARROW, '-', STRING_LITERAL, CHAR_LITERAL, BIN_LITERAL, HEX_LITERAL, IDENT, INT_LITERAL, FLOAT_LITERAL, DOUBLE_LITERAL, REAL_LITERAL}
line 179:27 extraneous input '(' expecting {'\lemma', '}', IDENT, '/*!'}
line 179:32 mismatched input '&amp;' expecting {'(', '{'}
line 181:42 mismatched input '}' expecting {'(', '{'}
line 182:39 mismatched input '}' expecting {'(', '{'}
line 188:14 mismatched input '\ifExintVar' expecting {MODALITY, FORALL, EXISTS, '\if', '\ifEx', 'true', 'false', '(', '{', '@', NOT, SEQARROW, '-', STRING_LITERAL, CHAR_LITERAL, BIN_LITERAL, HEX_LITERAL, IDENT, INT_LITERAL, FLOAT_LITERAL, DOUBLE_LITERAL, REAL_LITERAL}
line 188:27 extraneous input '(' expecting {'\lemma', '}', IDENT, '/*!'}
line 188:32 mismatched input '&amp;' expecting {'(', '{'}
line 190:42 mismatched input '}' expecting {'(', '{'}
line 191:39 mismatched input '}' expecting {'(', '{'}
line 198:14 mismatched input '\ifExintVar' expecting {MODALITY, FORALL, EXISTS, '\if', '\ifEx', 'true', 'false', '(', '{', '@', NOT, SEQARROW, '-', STRING_LITERAL, CHAR_LITERAL, BIN_LITERAL, HEX_LITERAL, IDENT, INT_LITERAL, FLOAT_LITERAL, DOUBLE_LITERAL, REAL_LITERAL}
line 198:27 extraneous input '(' expecting {'\lemma', '}', IDENT, '/*!'}
line 198:32 mismatched input '&amp;' expecting {'(', '{'}
line 200:42 mismatched input '}' expecting {'(', '{'}
line 201:39 mismatched input '}' expecting {'(', '{'}
line 208:14 mismatched input '\ifExintVar' expecting {MODALITY, FORALL, EXISTS, '\if', '\ifEx', 'true', 'false', '(', '{', '@', NOT, SEQARROW, '-', STRING_LITERAL, CHAR_LITERAL, BIN_LITERAL, HEX_LITERAL, IDENT, INT_LITERAL, FLOAT_LITERAL, DOUBLE_LITERAL, REAL_LITERAL}
line 208:27 extraneous input '(' expecting {'\lemma', '}', IDENT, '/*!'}
line 208:32 mismatched input '&amp;' expecting {'(', '{'}
line 210:42 mismatched input '}' expecting {'(', '{'}
line 211:39 mismatched input '}' expecting {'(', '{'}
line 218:14 mismatched input '\ifExintVar' expecting {MODALITY, FORALL, EXISTS, '\if', '\ifEx', 'true', 'false', '(', '{', '@', NOT, SEQARROW, '-', STRING_LITERAL, CHAR_LITERAL, BIN_LITERAL, HEX_LITERAL, IDENT, INT_LITERAL, FLOAT_LITERAL, DOUBLE_LITERAL, REAL_LITERAL}
line 218:27 extraneous input '(' expecting {'\lemma', '}', IDENT, '/*!'}
line 218:31 mismatched input ')' expecting {'(', '{'}
line 220:44 mismatched input ')' expecting {'(', '{'}
line 225:14 mismatched input '\ifExintVar' expecting {MODALITY, FORALL, EXISTS, '\if', '\ifEx', 'true', 'false', '(', '{', '@', NOT, SEQARROW, '-', STRING_LITERAL, CHAR_LITERAL, BIN_LITERAL, HEX_LITERAL, IDENT, INT_LITERAL, FLOAT_LITERAL, DOUBLE_LITERAL, REAL_LITERAL}
line 225:27 extraneous input '(' expecting {'\lemma', '}', IDENT, '/*!'}
line 225:31 mismatched input ')' expecting {'(', '{'}
line 227:44 mismatched input ')' expecting {'(', '{'}
line 233:14 mismatched input '\ifExintVar' expecting {MODALITY, FORALL, EXISTS, '\if', '\ifEx', 'true', 'false', '(', '{', '@', NOT, SEQARROW, '-', STRING_LITERAL, CHAR_LITERAL, BIN_LITERAL, HEX_LITERAL, IDENT, INT_LITERAL, FLOAT_LITERAL, DOUBLE_LITERAL, REAL_LITERAL}
line 233:27 extraneous input '(' expecting {'\lemma', '}', IDENT, '/*!'}
line 233:31 mismatched input ')' expecting {'(', '{'}
line 237:42 mismatched input '}' expecting {'(', '{'}
line 238:34 mismatched input '}' expecting {'(', '{'}
line 239:28 extraneous input '(' expecting {'\lemma', '}', IDENT, '/*!'}
line 239:33 mismatched input '-&gt;' expecting {'(', '{'}
line 240:8 extraneous input '\replacewith' expecting {'\lemma', '}', IDENT, '/*!'}
line 240:25 mismatched input ')' expecting {'(', '{'}
line 240:56 mismatched input ')' expecting {'(', '{'}
line 245:14 mismatched input '\ifExintVar' expecting {MODALITY, FORALL, EXISTS, '\if', '\ifEx', 'true', 'false', '(', '{', '@', NOT, SEQARROW, '-', STRING_LITERAL, CHAR_LITERAL, BIN_LITERAL, HEX_LITERAL, IDENT, INT_LITERAL, FLOAT_LITERAL, DOUBLE_LITERAL, REAL_LITERAL}
line 245:27 extraneous input '(' expecting {'\lemma', '}', IDENT, '/*!'}
line 245:31 mismatched input ')' expecting {'(', '{'}
line 248:45 mismatched input '}' expecting {'(', '{'}
line 249:8 extraneous input '\replacewith' expecting {'\lemma', '}', IDENT, '/*!'}
line 249:38 mismatched input ')' expecting {'(', '{'}
line 250:42 mismatched input '}' expecting {'(', '{'}
line 251:28 extraneous input '(' expecting {'\lemma', '}', IDENT, '/*!'}
line 251:33 mismatched input '-&gt;' expecting {'(', '{'}
line 255:14 mismatched input '\ifExintVar' expecting {MODALITY, FORALL, EXISTS, '\if', '\ifEx', 'true', 'false', '(', '{', '@', NOT, SEQARROW, '-', STRING_LITERAL, CHAR_LITERAL, BIN_LITERAL, HEX_LITERAL, IDENT, INT_LITERAL, FLOAT_LITERAL, DOUBLE_LITERAL, REAL_LITERAL}
line 255:27 extraneous input '(' expecting {'\lemma', '}', IDENT, '/*!'}
line 255:31 mismatched input ')' expecting {'(', '{'}
line 258:52 extraneous input '0' expecting {'\lemma', '}', IDENT, '/*!'}
line 258:54 mismatched input 'then' expecting {&lt;EOF&gt;, '\problem', '\chooseContract', '\proofObligation', '\proof'}
 (file: src/test/resources/testcase/termLabels/flatSteps/FlatSteps.java; caused by: de.uka.ilkd.key.proof.init.ProofInputException: line 135:14 mismatched input '\ifExintVar' expecting {MODALITY, FORALL, EXISTS, '\if', '\ifEx', 'true', 'false', '(', '{', '@', NOT, SEQARROW, '-', STRING_LITERAL, CHAR_LITERAL, BIN_LITERAL, HEX_LITERAL, IDENT, INT_LITERAL, FLOAT_LITERAL, DOUBLE_LITERAL, REAL_LITERAL}
line 135:27 extraneous input '(' expecting {'\lemma', '}', IDENT, '/*!'}
line 135:44 mismatched input ')' expecting {'(', '{'}
line 141:14 mismatched input '\ifExintVar' expecting {MODALITY, FORALL, EXISTS, '\if', '\ifEx', 'true', 'false', '(', '{', '@', NOT, SEQARROW, '-', STRING_LITERAL, CHAR_LITERAL, BIN_LITERAL, HEX_LITERAL, IDENT, INT_LITERAL, FLOAT_LITERAL, DOUBLE_LITERAL, REAL_LITERAL}
line 141:27 extraneous input '(' expecting {'\lemma', '}', IDENT, '/*!'}
line 141:41 mismatched input ')' expecting {'(', '{'}
line 148:14 mismatched input '\ifExintVar' expecting {MODALITY, FORALL, EXISTS, '\if', '\ifEx', 'true', 'false', '(', '{', '@', NOT, SEQARROW, '-', STRING_LITERAL, CHAR_LITERAL, BIN_LITERAL, HEX_LITERAL, IDENT, INT_LITERAL, FLOAT_LITERAL, DOUBLE_LITERAL, REAL_LITERAL}
line 148:27 extraneous input '(' expecting {'\lemma', '}', IDENT, '/*!'}
line 148:35 mismatched input '=' expecting {'(', '{'}
line 150:38 mismatched input '}' expecting {'(', '{'}
line 155:14 mismatched input '\ifExintVar' expecting {MODALITY, FORALL, EXISTS, '\if', '\ifEx', 'true', 'false', '(', '{', '@', NOT, SEQARROW, '-', STRING_LITERAL, CHAR_LITERAL, BIN_LITERAL, HEX_LITERAL, IDENT, INT_LITERAL, FLOAT_LITERAL, DOUBLE_LITERAL, REAL_LITERAL}
line 155:27 extraneous input '(' expecting {'\lemma', '}', IDENT, '/*!'}
line 155:35 mismatched input '=' expecting {'(', '{'}
line 157:38 mismatched input '}' expecting {'(', '{'}
line 163:14 mismatched input '\ifExintVar' expecting {MODALITY, FORALL, EXISTS, '\if', '\ifEx', 'true', 'false', '(', '{', '@', NOT, SEQARROW, '-', STRING_LITERAL, CHAR_LITERAL, BIN_LITERAL, HEX_LITERAL, IDENT, INT_LITERAL, FLOAT_LITERAL, DOUBLE_LITERAL, REAL_LITERAL}
line 163:27 extraneous input '(' expecting {'\lemma', '}', IDENT, '/*!'}
line 163:30 mismatched input '=' expecting {'(', '{'}
line 165:38 mismatched input '}' expecting {'(', '{'}
line 171:14 mismatched input '\ifExintVar' expecting {MODALITY, FORALL, EXISTS, '\if', '\ifEx', 'true', 'false', '(', '{', '@', NOT, SEQARROW, '-', STRING_LITERAL, CHAR_LITERAL, BIN_LITERAL, HEX_LITERAL, IDENT, INT_LITERAL, FLOAT_LITERAL, DOUBLE_LITERAL, REAL_LITERAL}
line 171:27 extraneous input '(' expecting {'\lemma', '}', IDENT, '/*!'}
line 171:30 mismatched input '=' expecting {'(', '{'}
line 173:38 mismatched input '}' expecting {'(', '{'}
line 179:14 mismatched input '\ifExintVar' expecting {MODALITY, FORALL, EXISTS, '\if', '\ifEx', 'true', 'false', '(', '{', '@', NOT, SEQARROW, '-', STRING_LITERAL, CHAR_LITERAL, BIN_LITERAL, HEX_LITERAL, IDENT, INT_LITERAL, FLOAT_LITERAL, DOUBLE_LITERAL, REAL_LITERAL}
line 179:27 extraneous input '(' expecting {'\lemma', '}', IDENT, '/*!'}
line 179:32 mismatched input '&amp;' expecting {'(', '{'}
line 181:42 mismatched input '}' expecting {'(', '{'}
line 182:39 mismatched input '}' expecting {'(', '{'}
line 188:14 mismatched input '\ifExintVar' expecting {MODALITY, FORALL, EXISTS, '\if', '\ifEx', 'true', 'false', '(', '{', '@', NOT, SEQARROW, '-', STRING_LITERAL, CHAR_LITERAL, BIN_LITERAL, HEX_LITERAL, IDENT, INT_LITERAL, FLOAT_LITERAL, DOUBLE_LITERAL, REAL_LITERAL}
line 188:27 extraneous input '(' expecting {'\lemma', '}', IDENT, '/*!'}
line 188:32 mismatched input '&amp;' expecting {'(', '{'}
line 190:42 mismatched input '}' expecting {'(', '{'}
line 191:39 mismatched input '}' expecting {'(', '{'}
line 198:14 mismatched input '\ifExintVar' expecting {MODALITY, FORALL, EXISTS, '\if', '\ifEx', 'true', 'false', '(', '{', '@', NOT, SEQARROW, '-', STRING_LITERAL, CHAR_LITERAL, BIN_LITERAL, HEX_LITERAL, IDENT, INT_LITERAL, FLOAT_LITERAL, DOUBLE_LITERAL, REAL_LITERAL}
line 198:27 extraneous input '(' expecting {'\lemma', '}', IDENT, '/*!'}
line 198:32 mismatched input '&amp;' expecting {'(', '{'}
line 200:42 mismatched input '}' expecting {'(', '{'}
line 201:39 mismatched input '}' expecting {'(', '{'}
line 208:14 mismatched input '\ifExintVar' expecting {MODALITY, FORALL, EXISTS, '\if', '\ifEx', 'true', 'false', '(', '{', '@', NOT, SEQARROW, '-', STRING_LITERAL, CHAR_LITERAL, BIN_LITERAL, HEX_LITERAL, IDENT, INT_LITERAL, FLOAT_LITERAL, DOUBLE_LITERAL, REAL_LITERAL}
line 208:27 extraneous input '(' expecting {'\lemma', '}', IDENT, '/*!'}
line 208:32 mismatched input '&amp;' expecting {'(', '{'}
line 210:42 mismatched input '}' expecting {'(', '{'}
line 211:39 mismatched input '}' expecting {'(', '{'}
line 218:14 mismatched input '\ifExintVar' expecting {MODALITY, FORALL, EXISTS, '\if', '\ifEx', 'true', 'false', '(', '{', '@', NOT, SEQARROW, '-', STRING_LITERAL, CHAR_LITERAL, BIN_LITERAL, HEX_LITERAL, IDENT, INT_LITERAL, FLOAT_LITERAL, DOUBLE_LITERAL, REAL_LITERAL}
line 218:27 extraneous input '(' expecting {'\lemma', '}', IDENT, '/*!'}
line 218:31 mismatched input ')' expecting {'(', '{'}
line 220:44 mismatched input ')' expecting {'(', '{'}
line 225:14 mismatched input '\ifExintVar' expecting {MODALITY, FORALL, EXISTS, '\if', '\ifEx', 'true', 'false', '(', '{', '@', NOT, SEQARROW, '-', STRING_LITERAL, CHAR_LITERAL, BIN_LITERAL, HEX_LITERAL, IDENT, INT_LITERAL, FLOAT_LITERAL, DOUBLE_LITERAL, REAL_LITERAL}
line 225:27 extraneous input '(' expecting {'\lemma', '}', IDENT, '/*!'}
line 225:31 mismatched input ')' expecting {'(', '{'}
line 227:44 mismatched input ')' expecting {'(', '{'}
line 233:14 mismatched input '\ifExintVar' expecting {MODALITY, FORALL, EXISTS, '\if', '\ifEx', 'true', 'false', '(', '{', '@', NOT, SEQARROW, '-', STRING_LITERAL, CHAR_LITERAL, BIN_LITERAL, HEX_LITERAL, IDENT, INT_LITERAL, FLOAT_LITERAL, DOUBLE_LITERAL, REAL_LITERAL}
line 233:27 extraneous input '(' expecting {'\lemma', '}', IDENT, '/*!'}
line 233:31 mismatched input ')' expecting {'(', '{'}
line 237:42 mismatched input '}' expecting {'(', '{'}
line 238:34 mismatched input '}' expecting {'(', '{'}
line 239:28 extraneous input '(' expecting {'\lemma', '}', IDENT, '/*!'}
line 239:33 mismatched input '-&gt;' expecting {'(', '{'}
line 240:8 extraneous input '\replacewith' expecting {'\lemma', '}', IDENT, '/*!'}
line 240:25 mismatched input ')' expecting {'(', '{'}
line 240:56 mismatched input ')' expecting {'(', '{'}
line 245:14 mismatched input '\ifExintVar' expecting {MODALITY, FORALL, EXISTS, '\if', '\ifEx', 'true', 'false', '(', '{', '@', NOT, SEQARROW, '-', STRING_LITERAL, CHAR_LITERAL, BIN_LITERAL, HEX_LITERAL, IDENT, INT_LITERAL, FLOAT_LITERAL, DOUBLE_LITERAL, REAL_LITERAL}
line 245:27 extraneous input '(' expecting {'\lemma', '}', IDENT, '/*!'}
line 245:31 mismatched input ')' expecting {'(', '{'}
line 248:45 mismatched input '}' expecting {'(', '{'}
line 249:8 extraneous input '\replacewith' expecting {'\lemma', '}', IDENT, '/*!'}
line 249:38 mismatched input ')' expecting {'(', '{'}
line 250:42 mismatched input '}' expecting {'(', '{'}
line 251:28 extraneous input '(' expecting {'\lemma', '}', IDENT, '/*!'}
line 251:33 mismatched input '-&gt;' expecting {'(', '{'}
line 255:14 mismatched input '\ifExintVar' expecting {MODALITY, FORALL, EXISTS, '\if', '\ifEx', 'true', 'false', '(', '{', '@', NOT, SEQARROW, '-', STRING_LITERAL, CHAR_LITERAL, BIN_LITERAL, HEX_LITERAL, IDENT, INT_LITERAL, FLOAT_LITERAL, DOUBLE_LITERAL, REAL_LITERAL}
line 255:27 extraneous input '(' expecting {'\lemma', '}', IDENT, '/*!'}
line 255:31 mismatched input ')' expecting {'(', '{'}
line 258:52 extraneous input '0' expecting {'\lemma', '}', IDENT, '/*!'}
line 258:54 mismatched input 'then' expecting {&lt;EOF&gt;, '\problem', '\chooseContract', '\proofObligation', '\proof'}
)
	at app//de.uka.ilkd.key.control.AbstractUserInterfaceControl.load(AbstractUserInterfaceControl.java:221)
	at app//de.uka.ilkd.key.control.KeYEnvironment.load(KeYEnvironment.java:251)
	at app//de.uka.ilkd.key.control.KeYEnvironment.load(KeYEnvironment.java:224)
	at app//de.uka.ilkd.key.control.KeYEnvironment.load(KeYEnvironment.java:184)
	at app//de.uka.ilkd.key.logic.TestTermLabelManager.createTestServices(TestTermLabelManager.java:624)
	at app//de.uka.ilkd.key.logic.TestTermLabelManager.doRefactoringTestLogging(TestTermLabelManager.java:106)
	at app//de.uka.ilkd.key.logic.TestTermLabelManager.testrefactorGoal_none_allRules(TestTermLabelManager.java:75)
	at java.base@11.0.18/jdk.internal.reflect.NativeMethodAccessorImpl.invoke0(Native Method)
	at java.base@11.0.18/jdk.internal.reflect.NativeMethodAccessorImpl.invoke(NativeMethodAccessorImpl.java:62)
	at java.base@11.0.18/jdk.internal.reflect.DelegatingMethodAccessorImpl.invoke(DelegatingMethodAccessorImpl.java:43)
	at java.base@11.0.18/java.lang.reflect.Method.invoke(Method.java:566)
	at app//org.junit.platform.commons.util.ReflectionUtils.invokeMethod(ReflectionUtils.java:725)
	at app//org.junit.jupiter.engine.execution.MethodInvocation.proceed(MethodInvocation.java:60)
	at app//org.junit.jupiter.engine.execution.InvocationInterceptorChain$ValidatingInvocation.proceed(InvocationInterceptorChain.java:131)
	at app//org.junit.jupiter.engine.extension.TimeoutExtension.intercept(TimeoutExtension.java:149)
	at app//org.junit.jupiter.engine.extension.TimeoutExtension.interceptTestableMethod(TimeoutExtension.java:140)
	at app//org.junit.jupiter.engine.extension.TimeoutExtension.interceptTestMethod(TimeoutExtension.java:84)
	at app//org.junit.jupiter.engine.execution.ExecutableInvoker$ReflectiveInterceptorCall.lambda$ofVoidMethod$0(ExecutableInvoker.java:115)
	at app//org.junit.jupiter.engine.execution.ExecutableInvoker.lambda$invoke$0(ExecutableInvoker.java:105)
	at app//org.junit.jupiter.engine.execution.InvocationInterceptorChain$InterceptedInvocation.proceed(InvocationInterceptorChain.java:106)
	at app//org.junit.jupiter.engine.execution.InvocationInterceptorChain.proceed(InvocationInterceptorChain.java:64)
	at app//org.junit.jupiter.engine.execution.InvocationInterceptorChain.chainAndInvoke(InvocationInterceptorChain.java:45)
	at app//org.junit.jupiter.engine.execution.InvocationInterceptorChain.invoke(InvocationInterceptorChain.java:37)
	at app//org.junit.jupiter.engine.execution.ExecutableInvoker.invoke(ExecutableInvoker.java:104)
	at app//org.junit.jupiter.engine.execution.ExecutableInvoker.invoke(ExecutableInvoker.java:98)
	at app//org.junit.jupiter.engine.descriptor.TestMethodTestDescriptor.lambda$invokeTestMethod$7(TestMethodTestDescriptor.java:214)
	at app//org.junit.platform.engine.support.hierarchical.ThrowableCollector.execute(ThrowableCollector.java:73)
	at app//org.junit.jupiter.engine.descriptor.TestMethodTestDescriptor.invokeTestMethod(TestMethodTestDescriptor.java:210)
	at app//org.junit.jupiter.engine.descriptor.TestMethodTestDescriptor.execute(TestMethodTestDescriptor.java:135)
	at app//org.junit.jupiter.engine.descriptor.TestMethodTestDescriptor.execute(TestMethodTestDescriptor.java:66)
	at app//org.junit.platform.engine.support.hierarchical.NodeTestTask.lambda$executeRecursively$6(NodeTestTask.java:151)
	at app//org.junit.platform.engine.support.hierarchical.ThrowableCollector.execute(ThrowableCollector.java:73)
	at app//org.junit.platform.engine.support.hierarchical.NodeTestTask.lambda$executeRecursively$8(NodeTestTask.java:141)
	at app//org.junit.platform.engine.support.hierarchical.Node.around(Node.java:137)
	at app//org.junit.platform.engine.support.hierarchical.NodeTestTask.lambda$executeRecursively$9(NodeTestTask.java:139)
	at app//org.junit.platform.engine.support.hierarchical.ThrowableCollector.execute(ThrowableCollector.java:73)
	at app//org.junit.platform.engine.support.hierarchical.NodeTestTask.executeRecursively(NodeTestTask.java:138)
	at app//org.junit.platform.engine.support.hierarchical.NodeTestTask.execute(NodeTestTask.java:95)
	at java.base@11.0.18/java.util.ArrayList.forEach(ArrayList.java:1541)
	at app//org.junit.platform.engine.support.hierarchical.SameThreadHierarchicalTestExecutorService.invokeAll(SameThreadHierarchicalTestExecutorService.java:41)
	at app//org.junit.platform.engine.support.hierarchical.NodeTestTask.lambda$executeRecursively$6(NodeTestTask.java:155)
	at app//org.junit.platform.engine.support.hierarchical.ThrowableCollector.execute(ThrowableCollector.java:73)
	at app//org.junit.platform.engine.support.hierarchical.NodeTestTask.lambda$executeRecursively$8(NodeTestTask.java:141)
	at app//org.junit.platform.engine.support.hierarchical.Node.around(Node.java:137)
	at app//org.junit.platform.engine.support.hierarchical.NodeTestTask.lambda$executeRecursively$9(NodeTestTask.java:139)
	at app//org.junit.platform.engine.support.hierarchical.ThrowableCollector.execute(ThrowableCollector.java:73)
	at app//org.junit.platform.engine.support.hierarchical.NodeTestTask.executeRecursively(NodeTestTask.java:138)
	at app//org.junit.platform.engine.support.hierarchical.NodeTestTask.execute(NodeTestTask.java:95)
	at java.base@11.0.18/java.util.ArrayList.forEach(ArrayList.java:1541)
	at app//org.junit.platform.engine.support.hierarchical.SameThreadHierarchicalTestExecutorService.invokeAll(SameThreadHierarchicalTestExecutorService.java:41)
	at app//org.junit.platform.engine.support.hierarchical.NodeTestTask.lambda$executeRecursively$6(NodeTestTask.java:155)
	at app//org.junit.platform.engine.support.hierarchical.ThrowableCollector.execute(ThrowableCollector.java:73)
	at app//org.junit.platform.engine.support.hierarchical.NodeTestTask.lambda$executeRecursively$8(NodeTestTask.java:141)
	at app//org.junit.platform.engine.support.hierarchical.Node.around(Node.java:137)
	at app//org.junit.platform.engine.support.hierarchical.NodeTestTask.lambda$executeRecursively$9(NodeTestTask.java:139)
	at app//org.junit.platform.engine.support.hierarchical.ThrowableCollector.execute(ThrowableCollector.java:73)
	at app//org.junit.platform.engine.support.hierarchical.NodeTestTask.executeRecursively(NodeTestTask.java:138)
	at app//org.junit.platform.engine.support.hierarchical.NodeTestTask.execute(NodeTestTask.java:95)
	at app//org.junit.platform.engine.support.hierarchical.SameThreadHierarchicalTestExecutorService.submit(SameThreadHierarchicalTestExecutorService.java:35)
	at app//org.junit.platform.engine.support.hierarchical.HierarchicalTestExecutor.execute(HierarchicalTestExecutor.java:57)
	at app//org.junit.platform.engine.support.hierarchical.HierarchicalTestEngine.execute(HierarchicalTestEngine.java:54)
	at org.junit.platform.launcher.core.EngineExecutionOrchestrator.execute(EngineExecutionOrchestrator.java:107)
	at org.junit.platform.launcher.core.EngineExecutionOrchestrator.execute(EngineExecutionOrchestrator.java:88)
	at org.junit.platform.launcher.core.EngineExecutionOrchestrator.lambda$execute$0(EngineExecutionOrchestrator.java:54)
	at org.junit.platform.launcher.core.EngineExecutionOrchestrator.withInterceptedStreams(EngineExecutionOrchestrator.java:67)
	at org.junit.platform.launcher.core.EngineExecutionOrchestrator.execute(EngineExecutionOrchestrator.java:52)
	at org.junit.platform.launcher.core.DefaultLauncher.execute(DefaultLauncher.java:114)
	at org.junit.platform.launcher.core.DefaultLauncher.execute(DefaultLauncher.java:86)
	at org.junit.platform.launcher.core.DefaultLauncherSession$DelegatingLauncher.execute(DefaultLauncherSession.java:86)
	at org.junit.platform.launcher.core.SessionPerRequestLauncher.execute(SessionPerRequestLauncher.java:53)
	at org.gradle.api.internal.tasks.testing.junitplatform.JUnitPlatformTestClassProcessor$CollectAllTestClassesExecutor.processAllTestClasses(JUnitPlatformTestClassProcessor.java:99)
	at org.gradle.api.internal.tasks.testing.junitplatform.JUnitPlatformTestClassProcessor$CollectAllTestClassesExecutor.access$000(JUnitPlatformTestClassProcessor.java:79)
	at org.gradle.api.internal.tasks.testing.junitplatform.JUnitPlatformTestClassProcessor.stop(JUnitPlatformTestClassProcessor.java:75)
	at org.gradle.api.internal.tasks.testing.SuiteTestClassProcessor.stop(SuiteTestClassProcessor.java:62)
	at java.base@11.0.18/jdk.internal.reflect.NativeMethodAccessorImpl.invoke0(Native Method)
	at java.base@11.0.18/jdk.internal.reflect.NativeMethodAccessorImpl.invoke(NativeMethodAccessorImpl.java:62)
	at java.base@11.0.18/jdk.internal.reflect.DelegatingMethodAccessorImpl.invoke(DelegatingMethodAccessorImpl.java:43)
	at java.base@11.0.18/java.lang.reflect.Method.invoke(Method.java:566)
	at org.gradle.internal.dispatch.ReflectionDispatch.dispatch(ReflectionDispatch.java:36)
	at org.gradle.internal.dispatch.ReflectionDispatch.dispatch(ReflectionDispatch.java:24)
	at org.gradle.internal.dispatch.ContextClassLoaderDispatch.dispatch(ContextClassLoaderDispatch.java:33)
	at org.gradle.internal.dispatch.ProxyDispatchAdapter$DispatchingInvocationHandler.invoke(ProxyDispatchAdapter.java:94)
	at com.sun.proxy.$Proxy2.stop(Unknown Source)
	at org.gradle.api.internal.tasks.testing.worker.TestWorker$3.run(TestWorker.java:193)
	at org.gradle.api.internal.tasks.testing.worker.TestWorker.executeAndMaintainThreadName(TestWorker.java:129)
	at org.gradle.api.internal.tasks.testing.worker.TestWorker.execute(TestWorker.java:100)
	at org.gradle.api.internal.tasks.testing.worker.TestWorker.execute(TestWorker.java:60)
	at org.gradle.process.internal.worker.child.ActionExecutionWorker.execute(ActionExecutionWorker.java:56)
	at org.gradle.process.internal.worker.child.SystemApplicationClassLoaderWorker.call(SystemApplicationClassLoaderWorker.java:113)
	at org.gradle.process.internal.worker.child.SystemApplicationClassLoaderWorker.call(SystemApplicationClassLoaderWorker.java:65)
	at app//worker.org.gradle.process.internal.worker.GradleWorkerMain.run(GradleWorkerMain.java:69)
	at app//worker.org.gradle.process.internal.worker.GradleWorkerMain.main(GradleWorkerMain.java:74)
Caused by: de.uka.ilkd.key.proof.init.ProofInputException: line 135:14 mismatched input '\ifExintVar' expecting {MODALITY, FORALL, EXISTS, '\if', '\ifEx', 'true', 'false', '(', '{', '@', NOT, SEQARROW, '-', STRING_LITERAL, CHAR_LITERAL, BIN_LITERAL, HEX_LITERAL, IDENT, INT_LITERAL, FLOAT_LITERAL, DOUBLE_LITERAL, REAL_LITERAL}
line 135:27 extraneous input '(' expecting {'\lemma', '}', IDENT, '/*!'}
line 135:44 mismatched input ')' expecting {'(', '{'}
line 141:14 mismatched input '\ifExintVar' expecting {MODALITY, FORALL, EXISTS, '\if', '\ifEx', 'true', 'false', '(', '{', '@', NOT, SEQARROW, '-', STRING_LITERAL, CHAR_LITERAL, BIN_LITERAL, HEX_LITERAL, IDENT, INT_LITERAL, FLOAT_LITERAL, DOUBLE_LITERAL, REAL_LITERAL}
line 141:27 extraneous input '(' expecting {'\lemma', '}', IDENT, '/*!'}
line 141:41 mismatched input ')' expecting {'(', '{'}
line 148:14 mismatched input '\ifExintVar' expecting {MODALITY, FORALL, EXISTS, '\if', '\ifEx', 'true', 'false', '(', '{', '@', NOT, SEQARROW, '-', STRING_LITERAL, CHAR_LITERAL, BIN_LITERAL, HEX_LITERAL, IDENT, INT_LITERAL, FLOAT_LITERAL, DOUBLE_LITERAL, REAL_LITERAL}
line 148:27 extraneous input '(' expecting {'\lemma', '}', IDENT, '/*!'}
line 148:35 mismatched input '=' expecting {'(', '{'}
line 150:38 mismatched input '}' expecting {'(', '{'}
line 155:14 mismatched input '\ifExintVar' expecting {MODALITY, FORALL, EXISTS, '\if', '\ifEx', 'true', 'false', '(', '{', '@', NOT, SEQARROW, '-', STRING_LITERAL, CHAR_LITERAL, BIN_LITERAL, HEX_LITERAL, IDENT, INT_LITERAL, FLOAT_LITERAL, DOUBLE_LITERAL, REAL_LITERAL}
line 155:27 extraneous input '(' expecting {'\lemma', '}', IDENT, '/*!'}
line 155:35 mismatched input '=' expecting {'(', '{'}
line 157:38 mismatched input '}' expecting {'(', '{'}
line 163:14 mismatched input '\ifExintVar' expecting {MODALITY, FORALL, EXISTS, '\if', '\ifEx', 'true', 'false', '(', '{', '@', NOT, SEQARROW, '-', STRING_LITERAL, CHAR_LITERAL, BIN_LITERAL, HEX_LITERAL, IDENT, INT_LITERAL, FLOAT_LITERAL, DOUBLE_LITERAL, REAL_LITERAL}
line 163:27 extraneous input '(' expecting {'\lemma', '}', IDENT, '/*!'}
line 163:30 mismatched input '=' expecting {'(', '{'}
line 165:38 mismatched input '}' expecting {'(', '{'}
line 171:14 mismatched input '\ifExintVar' expecting {MODALITY, FORALL, EXISTS, '\if', '\ifEx', 'true', 'false', '(', '{', '@', NOT, SEQARROW, '-', STRING_LITERAL, CHAR_LITERAL, BIN_LITERAL, HEX_LITERAL, IDENT, INT_LITERAL, FLOAT_LITERAL, DOUBLE_LITERAL, REAL_LITERAL}
line 171:27 extraneous input '(' expecting {'\lemma', '}', IDENT, '/*!'}
line 171:30 mismatched input '=' expecting {'(', '{'}
line 173:38 mismatched input '}' expecting {'(', '{'}
line 179:14 mismatched input '\ifExintVar' expecting {MODALITY, FORALL, EXISTS, '\if', '\ifEx', 'true', 'false', '(', '{', '@', NOT, SEQARROW, '-', STRING_LITERAL, CHAR_LITERAL, BIN_LITERAL, HEX_LITERAL, IDENT, INT_LITERAL, FLOAT_LITERAL, DOUBLE_LITERAL, REAL_LITERAL}
line 179:27 extraneous input '(' expecting {'\lemma', '}', IDENT, '/*!'}
line 179:32 mismatched input '&amp;' expecting {'(', '{'}
line 181:42 mismatched input '}' expecting {'(', '{'}
line 182:39 mismatched input '}' expecting {'(', '{'}
line 188:14 mismatched input '\ifExintVar' expecting {MODALITY, FORALL, EXISTS, '\if', '\ifEx', 'true', 'false', '(', '{', '@', NOT, SEQARROW, '-', STRING_LITERAL, CHAR_LITERAL, BIN_LITERAL, HEX_LITERAL, IDENT, INT_LITERAL, FLOAT_LITERAL, DOUBLE_LITERAL, REAL_LITERAL}
line 188:27 extraneous input '(' expecting {'\lemma', '}', IDENT, '/*!'}
line 188:32 mismatched input '&amp;' expecting {'(', '{'}
line 190:42 mismatched input '}' expecting {'(', '{'}
line 191:39 mismatched input '}' expecting {'(', '{'}
line 198:14 mismatched input '\ifExintVar' expecting {MODALITY, FORALL, EXISTS, '\if', '\ifEx', 'true', 'false', '(', '{', '@', NOT, SEQARROW, '-', STRING_LITERAL, CHAR_LITERAL, BIN_LITERAL, HEX_LITERAL, IDENT, INT_LITERAL, FLOAT_LITERAL, DOUBLE_LITERAL, REAL_LITERAL}
line 198:27 extraneous input '(' expecting {'\lemma', '}', IDENT, '/*!'}
line 198:32 mismatched input '&amp;' expecting {'(', '{'}
line 200:42 mismatched input '}' expecting {'(', '{'}
line 201:39 mismatched input '}' expecting {'(', '{'}
line 208:14 mismatched input '\ifExintVar' expecting {MODALITY, FORALL, EXISTS, '\if', '\ifEx', 'true', 'false', '(', '{', '@', NOT, SEQARROW, '-', STRING_LITERAL, CHAR_LITERAL, BIN_LITERAL, HEX_LITERAL, IDENT, INT_LITERAL, FLOAT_LITERAL, DOUBLE_LITERAL, REAL_LITERAL}
line 208:27 extraneous input '(' expecting {'\lemma', '}', IDENT, '/*!'}
line 208:32 mismatched input '&amp;' expecting {'(', '{'}
line 210:42 mismatched input '}' expecting {'(', '{'}
line 211:39 mismatched input '}' expecting {'(', '{'}
line 218:14 mismatched input '\ifExintVar' expecting {MODALITY, FORALL, EXISTS, '\if', '\ifEx', 'true', 'false', '(', '{', '@', NOT, SEQARROW, '-', STRING_LITERAL, CHAR_LITERAL, BIN_LITERAL, HEX_LITERAL, IDENT, INT_LITERAL, FLOAT_LITERAL, DOUBLE_LITERAL, REAL_LITERAL}
line 218:27 extraneous input '(' expecting {'\lemma', '}', IDENT, '/*!'}
line 218:31 mismatched input ')' expecting {'(', '{'}
line 220:44 mismatched input ')' expecting {'(', '{'}
line 225:14 mismatched input '\ifExintVar' expecting {MODALITY, FORALL, EXISTS, '\if', '\ifEx', 'true', 'false', '(', '{', '@', NOT, SEQARROW, '-', STRING_LITERAL, CHAR_LITERAL, BIN_LITERAL, HEX_LITERAL, IDENT, INT_LITERAL, FLOAT_LITERAL, DOUBLE_LITERAL, REAL_LITERAL}
line 225:27 extraneous input '(' expecting {'\lemma', '}', IDENT, '/*!'}
line 225:31 mismatched input ')' expecting {'(', '{'}
line 227:44 mismatched input ')' expecting {'(', '{'}
line 233:14 mismatched input '\ifExintVar' expecting {MODALITY, FORALL, EXISTS, '\if', '\ifEx', 'true', 'false', '(', '{', '@', NOT, SEQARROW, '-', STRING_LITERAL, CHAR_LITERAL, BIN_LITERAL, HEX_LITERAL, IDENT, INT_LITERAL, FLOAT_LITERAL, DOUBLE_LITERAL, REAL_LITERAL}
line 233:27 extraneous input '(' expecting {'\lemma', '}', IDENT, '/*!'}
line 233:31 mismatched input ')' expecting {'(', '{'}
line 237:42 mismatched input '}' expecting {'(', '{'}
line 238:34 mismatched input '}' expecting {'(', '{'}
line 239:28 extraneous input '(' expecting {'\lemma', '}', IDENT, '/*!'}
line 239:33 mismatched input '-&gt;' expecting {'(', '{'}
line 240:8 extraneous input '\replacewith' expecting {'\lemma', '}', IDENT, '/*!'}
line 240:25 mismatched input ')' expecting {'(', '{'}
line 240:56 mismatched input ')' expecting {'(', '{'}
line 245:14 mismatched input '\ifExintVar' expecting {MODALITY, FORALL, EXISTS, '\if', '\ifEx', 'true', 'false', '(', '{', '@', NOT, SEQARROW, '-', STRING_LITERAL, CHAR_LITERAL, BIN_LITERAL, HEX_LITERAL, IDENT, INT_LITERAL, FLOAT_LITERAL, DOUBLE_LITERAL, REAL_LITERAL}
line 245:27 extraneous input '(' expecting {'\lemma', '}', IDENT, '/*!'}
line 245:31 mismatched input ')' expecting {'(', '{'}
line 248:45 mismatched input '}' expecting {'(', '{'}
line 249:8 extraneous input '\replacewith' expecting {'\lemma', '}', IDENT, '/*!'}
line 249:38 mismatched input ')' expecting {'(', '{'}
line 250:42 mismatched input '}' expecting {'(', '{'}
line 251:28 extraneous input '(' expecting {'\lemma', '}', IDENT, '/*!'}
line 251:33 mismatched input '-&gt;' expecting {'(', '{'}
line 255:14 mismatched input '\ifExintVar' expecting {MODALITY, FORALL, EXISTS, '\if', '\ifEx', 'true', 'false', '(', '{', '@', NOT, SEQARROW, '-', STRING_LITERAL, CHAR_LITERAL, BIN_LITERAL, HEX_LITERAL, IDENT, INT_LITERAL, FLOAT_LITERAL, DOUBLE_LITERAL, REAL_LITERAL}
line 255:27 extraneous input '(' expecting {'\lemma', '}', IDENT, '/*!'}
line 255:31 mismatched input ')' expecting {'(', '{'}
line 258:52 extraneous input '0' expecting {'\lemma', '}', IDENT, '/*!'}
line 258:54 mismatched input 'then' expecting {&lt;EOF&gt;, '\problem', '\chooseContract', '\proofObligation', '\proof'}

	at app//de.uka.ilkd.key.proof.io.KeYFile.readIncludes(KeYFile.java:210)
	at app//de.uka.ilkd.key.proof.init.ProblemInitializer.readIncludes(ProblemInitializer.java:177)
	at app//de.uka.ilkd.key.proof.init.ProblemInitializer.readEnvInput(ProblemInitializer.java:325)
	at app//de.uka.ilkd.key.proof.init.ProblemInitializer.readIncludes(ProblemInitializer.java:188)
	at app//de.uka.ilkd.key.proof.init.ProblemInitializer.readEnvInput(ProblemInitializer.java:325)
	at app//de.uka.ilkd.key.proof.init.ProblemInitializer.prepare(ProblemInitializer.java:449)
	at app//de.uka.ilkd.key.proof.io.AbstractProblemLoader.createInitConfig(AbstractProblemLoader.java:518)
	at app//de.uka.ilkd.key.proof.io.AbstractProblemLoader.loadEnvironment(AbstractProblemLoader.java:288)
	at app//de.uka.ilkd.key.proof.io.AbstractProblemLoader.load(AbstractProblemLoader.java:252)
	at app//de.uka.ilkd.key.control.AbstractUserInterfaceControl.load(AbstractUserInterfaceControl.java:209)
	... 91 more
Caused by: de.uka.ilkd.key.util.parsing.SyntaxErrorReporter$ParserException: line 135:14 mismatched input '\ifExintVar' expecting {MODALITY, FORALL, EXISTS, '\if', '\ifEx', 'true', 'false', '(', '{', '@', NOT, SEQARROW, '-', STRING_LITERAL, CHAR_LITERAL, BIN_LITERAL, HEX_LITERAL, IDENT, INT_LITERAL, FLOAT_LITERAL, DOUBLE_LITERAL, REAL_LITERAL}
line 135:27 extraneous input '(' expecting {'\lemma', '}', IDENT, '/*!'}
line 135:44 mismatched input ')' expecting {'(', '{'}
line 141:14 mismatched input '\ifExintVar' expecting {MODALITY, FORALL, EXISTS, '\if', '\ifEx', 'true', 'false', '(', '{', '@', NOT, SEQARROW, '-', STRING_LITERAL, CHAR_LITERAL, BIN_LITERAL, HEX_LITERAL, IDENT, INT_LITERAL, FLOAT_LITERAL, DOUBLE_LITERAL, REAL_LITERAL}
line 141:27 extraneous input '(' expecting {'\lemma', '}', IDENT, '/*!'}
line 141:41 mismatched input ')' expecting {'(', '{'}
line 148:14 mismatched input '\ifExintVar' expecting {MODALITY, FORALL, EXISTS, '\if', '\ifEx', 'true', 'false', '(', '{', '@', NOT, SEQARROW, '-', STRING_LITERAL, CHAR_LITERAL, BIN_LITERAL, HEX_LITERAL, IDENT, INT_LITERAL, FLOAT_LITERAL, DOUBLE_LITERAL, REAL_LITERAL}
line 148:27 extraneous input '(' expecting {'\lemma', '}', IDENT, '/*!'}
line 148:35 mismatched input '=' expecting {'(', '{'}
line 150:38 mismatched input '}' expecting {'(', '{'}
line 155:14 mismatched input '\ifExintVar' expecting {MODALITY, FORALL, EXISTS, '\if', '\ifEx', 'true', 'false', '(', '{', '@', NOT, SEQARROW, '-', STRING_LITERAL, CHAR_LITERAL, BIN_LITERAL, HEX_LITERAL, IDENT, INT_LITERAL, FLOAT_LITERAL, DOUBLE_LITERAL, REAL_LITERAL}
line 155:27 extraneous input '(' expecting {'\lemma', '}', IDENT, '/*!'}
line 155:35 mismatched input '=' expecting {'(', '{'}
line 157:38 mismatched input '}' expecting {'(', '{'}
line 163:14 mismatched input '\ifExintVar' expecting {MODALITY, FORALL, EXISTS, '\if', '\ifEx', 'true', 'false', '(', '{', '@', NOT, SEQARROW, '-', STRING_LITERAL, CHAR_LITERAL, BIN_LITERAL, HEX_LITERAL, IDENT, INT_LITERAL, FLOAT_LITERAL, DOUBLE_LITERAL, REAL_LITERAL}
line 163:27 extraneous input '(' expecting {'\lemma', '}', IDENT, '/*!'}
line 163:30 mismatched input '=' expecting {'(', '{'}
line 165:38 mismatched input '}' expecting {'(', '{'}
line 171:14 mismatched input '\ifExintVar' expecting {MODALITY, FORALL, EXISTS, '\if', '\ifEx', 'true', 'false', '(', '{', '@', NOT, SEQARROW, '-', STRING_LITERAL, CHAR_LITERAL, BIN_LITERAL, HEX_LITERAL, IDENT, INT_LITERAL, FLOAT_LITERAL, DOUBLE_LITERAL, REAL_LITERAL}
line 171:27 extraneous input '(' expecting {'\lemma', '}', IDENT, '/*!'}
line 171:30 mismatched input '=' expecting {'(', '{'}
line 173:38 mismatched input '}' expecting {'(', '{'}
line 179:14 mismatched input '\ifExintVar' expecting {MODALITY, FORALL, EXISTS, '\if', '\ifEx', 'true', 'false', '(', '{', '@', NOT, SEQARROW, '-', STRING_LITERAL, CHAR_LITERAL, BIN_LITERAL, HEX_LITERAL, IDENT, INT_LITERAL, FLOAT_LITERAL, DOUBLE_LITERAL, REAL_LITERAL}
line 179:27 extraneous input '(' expecting {'\lemma', '}', IDENT, '/*!'}
line 179:32 mismatched input '&amp;' expecting {'(', '{'}
line 181:42 mismatched input '}' expecting {'(', '{'}
line 182:39 mismatched input '}' expecting {'(', '{'}
line 188:14 mismatched input '\ifExintVar' expecting {MODALITY, FORALL, EXISTS, '\if', '\ifEx', 'true', 'false', '(', '{', '@', NOT, SEQARROW, '-', STRING_LITERAL, CHAR_LITERAL, BIN_LITERAL, HEX_LITERAL, IDENT, INT_LITERAL, FLOAT_LITERAL, DOUBLE_LITERAL, REAL_LITERAL}
line 188:27 extraneous input '(' expecting {'\lemma', '}', IDENT, '/*!'}
line 188:32 mismatched input '&amp;' expecting {'(', '{'}
line 190:42 mismatched input '}' expecting {'(', '{'}
line 191:39 mismatched input '}' expecting {'(', '{'}
line 198:14 mismatched input '\ifExintVar' expecting {MODALITY, FORALL, EXISTS, '\if', '\ifEx', 'true', 'false', '(', '{', '@', NOT, SEQARROW, '-', STRING_LITERAL, CHAR_LITERAL, BIN_LITERAL, HEX_LITERAL, IDENT, INT_LITERAL, FLOAT_LITERAL, DOUBLE_LITERAL, REAL_LITERAL}
line 198:27 extraneous input '(' expecting {'\lemma', '}', IDENT, '/*!'}
line 198:32 mismatched input '&amp;' expecting {'(', '{'}
line 200:42 mismatched input '}' expecting {'(', '{'}
line 201:39 mismatched input '}' expecting {'(', '{'}
line 208:14 mismatched input '\ifExintVar' expecting {MODALITY, FORALL, EXISTS, '\if', '\ifEx', 'true', 'false', '(', '{', '@', NOT, SEQARROW, '-', STRING_LITERAL, CHAR_LITERAL, BIN_LITERAL, HEX_LITERAL, IDENT, INT_LITERAL, FLOAT_LITERAL, DOUBLE_LITERAL, REAL_LITERAL}
line 208:27 extraneous input '(' expecting {'\lemma', '}', IDENT, '/*!'}
line 208:32 mismatched input '&amp;' expecting {'(', '{'}
line 210:42 mismatched input '}' expecting {'(', '{'}
line 211:39 mismatched input '}' expecting {'(', '{'}
line 218:14 mismatched input '\ifExintVar' expecting {MODALITY, FORALL, EXISTS, '\if', '\ifEx', 'true', 'false', '(', '{', '@', NOT, SEQARROW, '-', STRING_LITERAL, CHAR_LITERAL, BIN_LITERAL, HEX_LITERAL, IDENT, INT_LITERAL, FLOAT_LITERAL, DOUBLE_LITERAL, REAL_LITERAL}
line 218:27 extraneous input '(' expecting {'\lemma', '}', IDENT, '/*!'}
line 218:31 mismatched input ')' expecting {'(', '{'}
line 220:44 mismatched input ')' expecting {'(', '{'}
line 225:14 mismatched input '\ifExintVar' expecting {MODALITY, FORALL, EXISTS, '\if', '\ifEx', 'true', 'false', '(', '{', '@', NOT, SEQARROW, '-', STRING_LITERAL, CHAR_LITERAL, BIN_LITERAL, HEX_LITERAL, IDENT, INT_LITERAL, FLOAT_LITERAL, DOUBLE_LITERAL, REAL_LITERAL}
line 225:27 extraneous input '(' expecting {'\lemma', '}', IDENT, '/*!'}
line 225:31 mismatched input ')' expecting {'(', '{'}
line 227:44 mismatched input ')' expecting {'(', '{'}
line 233:14 mismatched input '\ifExintVar' expecting {MODALITY, FORALL, EXISTS, '\if', '\ifEx', 'true', 'false', '(', '{', '@', NOT, SEQARROW, '-', STRING_LITERAL, CHAR_LITERAL, BIN_LITERAL, HEX_LITERAL, IDENT, INT_LITERAL, FLOAT_LITERAL, DOUBLE_LITERAL, REAL_LITERAL}
line 233:27 extraneous input '(' expecting {'\lemma', '}', IDENT, '/*!'}
line 233:31 mismatched input ')' expecting {'(', '{'}
line 237:42 mismatched input '}' expecting {'(', '{'}
line 238:34 mismatched input '}' expecting {'(', '{'}
line 239:28 extraneous input '(' expecting {'\lemma', '}', IDENT, '/*!'}
line 239:33 mismatched input '-&gt;' expecting {'(', '{'}
line 240:8 extraneous input '\replacewith' expecting {'\lemma', '}', IDENT, '/*!'}
line 240:25 mismatched input ')' expecting {'(', '{'}
line 240:56 mismatched input ')' expecting {'(', '{'}
line 245:14 mismatched input '\ifExintVar' expecting {MODALITY, FORALL, EXISTS, '\if', '\ifEx', 'true', 'false', '(', '{', '@', NOT, SEQARROW, '-', STRING_LITERAL, CHAR_LITERAL, BIN_LITERAL, HEX_LITERAL, IDENT, INT_LITERAL, FLOAT_LITERAL, DOUBLE_LITERAL, REAL_LITERAL}
line 245:27 extraneous input '(' expecting {'\lemma', '}', IDENT, '/*!'}
line 245:31 mismatched input ')' expecting {'(', '{'}
line 248:45 mismatched input '}' expecting {'(', '{'}
line 249:8 extraneous input '\replacewith' expecting {'\lemma', '}', IDENT, '/*!'}
line 249:38 mismatched input ')' expecting {'(', '{'}
line 250:42 mismatched input '}' expecting {'(', '{'}
line 251:28 extraneous input '(' expecting {'\lemma', '}', IDENT, '/*!'}
line 251:33 mismatched input '-&gt;' expecting {'(', '{'}
line 255:14 mismatched input '\ifExintVar' expecting {MODALITY, FORALL, EXISTS, '\if', '\ifEx', 'true', 'false', '(', '{', '@', NOT, SEQARROW, '-', STRING_LITERAL, CHAR_LITERAL, BIN_LITERAL, HEX_LITERAL, IDENT, INT_LITERAL, FLOAT_LITERAL, DOUBLE_LITERAL, REAL_LITERAL}
line 255:27 extraneous input '(' expecting {'\lemma', '}', IDENT, '/*!'}
line 255:31 mismatched input ')' expecting {'(', '{'}
line 258:52 extraneous input '0' expecting {'\lemma', '}', IDENT, '/*!'}
line 258:54 mismatched input 'then' expecting {&lt;EOF&gt;, '\problem', '\chooseContract', '\proofObligation', '\proof'}

	at app//de.uka.ilkd.key.util.parsing.SyntaxErrorReporter.throwException(SyntaxErrorReporter.java:89)
	at app//de.uka.ilkd.key.nparser.ParsingFacade.parseFile(ParsingFacade.java:125)
	at app//de.uka.ilkd.key.proof.io.KeYFile.getParseContext(KeYFile.java:160)
	at app//de.uka.ilkd.key.proof.io.KeYFile.readIncludes(KeYFile.java:206)
	... 100 more
</failure>
  </testcase>
  <testcase name="testInstantiateLabels_null()" classname="de.uka.ilkd.key.logic.TestTermLabelManager" time="0.002"/>
  <testcase name="testrefactorGoal_directChildren_ruleSpecific()" classname="de.uka.ilkd.key.logic.TestTermLabelManager" time="0.088">
    <failure message="line 135:14 mismatched input '\ifExintVar' expecting {MODALITY, FORALL, EXISTS, '\if', '\ifEx', 'true', 'false', '(', '{', '@', NOT, SEQARROW, '-', STRING_LITERAL, CHAR_LITERAL, BIN_LITERAL, HEX_LITERAL, IDENT, INT_LITERAL, FLOAT_LITERAL, DOUBLE_LITERAL, REAL_LITERAL}&#10;line 135:27 extraneous input '(' expecting {'\lemma', '}', IDENT, '/*!'}&#10;line 135:44 mismatched input ')' expecting {'(', '{'}&#10;line 141:14 mismatched input '\ifExintVar' expecting {MODALITY, FORALL, EXISTS, '\if', '\ifEx', 'true', 'false', '(', '{', '@', NOT, SEQARROW, '-', STRING_LITERAL, CHAR_LITERAL, BIN_LITERAL, HEX_LITERAL, IDENT, INT_LITERAL, FLOAT_LITERAL, DOUBLE_LITERAL, REAL_LITERAL}&#10;line 141:27 extraneous input '(' expecting {'\lemma', '}', IDENT, '/*!'}&#10;line 141:41 mismatched input ')' expecting {'(', '{'}&#10;line 148:14 mismatched input '\ifExintVar' expecting {MODALITY, FORALL, EXISTS, '\if', '\ifEx', 'true', 'false', '(', '{', '@', NOT, SEQARROW, '-', STRING_LITERAL, CHAR_LITERAL, BIN_LITERAL, HEX_LITERAL, IDENT, INT_LITERAL, FLOAT_LITERAL, DOUBLE_LITERAL, REAL_LITERAL}&#10;line 148:27 extraneous input '(' expecting {'\lemma', '}', IDENT, '/*!'}&#10;line 148:35 mismatched input '=' expecting {'(', '{'}&#10;line 150:38 mismatched input '}' expecting {'(', '{'}&#10;line 155:14 mismatched input '\ifExintVar' expecting {MODALITY, FORALL, EXISTS, '\if', '\ifEx', 'true', 'false', '(', '{', '@', NOT, SEQARROW, '-', STRING_LITERAL, CHAR_LITERAL, BIN_LITERAL, HEX_LITERAL, IDENT, INT_LITERAL, FLOAT_LITERAL, DOUBLE_LITERAL, REAL_LITERAL}&#10;line 155:27 extraneous input '(' expecting {'\lemma', '}', IDENT, '/*!'}&#10;line 155:35 mismatched input '=' expecting {'(', '{'}&#10;line 157:38 mismatched input '}' expecting {'(', '{'}&#10;line 163:14 mismatched input '\ifExintVar' expecting {MODALITY, FORALL, EXISTS, '\if', '\ifEx', 'true', 'false', '(', '{', '@', NOT, SEQARROW, '-', STRING_LITERAL, CHAR_LITERAL, BIN_LITERAL, HEX_LITERAL, IDENT, INT_LITERAL, FLOAT_LITERAL, DOUBLE_LITERAL, REAL_LITERAL}&#10;line 163:27 extraneous input '(' expecting {'\lemma', '}', IDENT, '/*!'}&#10;line 163:30 mismatched input '=' expecting {'(', '{'}&#10;line 165:38 mismatched input '}' expecting {'(', '{'}&#10;line 171:14 mismatched input '\ifExintVar' expecting {MODALITY, FORALL, EXISTS, '\if', '\ifEx', 'true', 'false', '(', '{', '@', NOT, SEQARROW, '-', STRING_LITERAL, CHAR_LITERAL, BIN_LITERAL, HEX_LITERAL, IDENT, INT_LITERAL, FLOAT_LITERAL, DOUBLE_LITERAL, REAL_LITERAL}&#10;line 171:27 extraneous input '(' expecting {'\lemma', '}', IDENT, '/*!'}&#10;line 171:30 mismatched input '=' expecting {'(', '{'}&#10;line 173:38 mismatched input '}' expecting {'(', '{'}&#10;line 179:14 mismatched input '\ifExintVar' expecting {MODALITY, FORALL, EXISTS, '\if', '\ifEx', 'true', 'false', '(', '{', '@', NOT, SEQARROW, '-', STRING_LITERAL, CHAR_LITERAL, BIN_LITERAL, HEX_LITERAL, IDENT, INT_LITERAL, FLOAT_LITERAL, DOUBLE_LITERAL, REAL_LITERAL}&#10;line 179:27 extraneous input '(' expecting {'\lemma', '}', IDENT, '/*!'}&#10;line 179:32 mismatched input '&amp;' expecting {'(', '{'}&#10;line 181:42 mismatched input '}' expecting {'(', '{'}&#10;line 182:39 mismatched input '}' expecting {'(', '{'}&#10;line 188:14 mismatched input '\ifExintVar' expecting {MODALITY, FORALL, EXISTS, '\if', '\ifEx', 'true', 'false', '(', '{', '@', NOT, SEQARROW, '-', STRING_LITERAL, CHAR_LITERAL, BIN_LITERAL, HEX_LITERAL, IDENT, INT_LITERAL, FLOAT_LITERAL, DOUBLE_LITERAL, REAL_LITERAL}&#10;line 188:27 extraneous input '(' expecting {'\lemma', '}', IDENT, '/*!'}&#10;line 188:32 mismatched input '&amp;' expecting {'(', '{'}&#10;line 190:42 mismatched input '}' expecting {'(', '{'}&#10;line 191:39 mismatched input '}' expecting {'(', '{'}&#10;line 198:14 mismatched input '\ifExintVar' expecting {MODALITY, FORALL, EXISTS, '\if', '\ifEx', 'true', 'false', '(', '{', '@', NOT, SEQARROW, '-', STRING_LITERAL, CHAR_LITERAL, BIN_LITERAL, HEX_LITERAL, IDENT, INT_LITERAL, FLOAT_LITERAL, DOUBLE_LITERAL, REAL_LITERAL}&#10;line 198:27 extraneous input '(' expecting {'\lemma', '}', IDENT, '/*!'}&#10;line 198:32 mismatched input '&amp;' expecting {'(', '{'}&#10;line 200:42 mismatched input '}' expecting {'(', '{'}&#10;line 201:39 mismatched input '}' expecting {'(', '{'}&#10;line 208:14 mismatched input '\ifExintVar' expecting {MODALITY, FORALL, EXISTS, '\if', '\ifEx', 'true', 'false', '(', '{', '@', NOT, SEQARROW, '-', STRING_LITERAL, CHAR_LITERAL, BIN_LITERAL, HEX_LITERAL, IDENT, INT_LITERAL, FLOAT_LITERAL, DOUBLE_LITERAL, REAL_LITERAL}&#10;line 208:27 extraneous input '(' expecting {'\lemma', '}', IDENT, '/*!'}&#10;line 208:32 mismatched input '&amp;' expecting {'(', '{'}&#10;line 210:42 mismatched input '}' expecting {'(', '{'}&#10;line 211:39 mismatched input '}' expecting {'(', '{'}&#10;line 218:14 mismatched input '\ifExintVar' expecting {MODALITY, FORALL, EXISTS, '\if', '\ifEx', 'true', 'false', '(', '{', '@', NOT, SEQARROW, '-', STRING_LITERAL, CHAR_LITERAL, BIN_LITERAL, HEX_LITERAL, IDENT, INT_LITERAL, FLOAT_LITERAL, DOUBLE_LITERAL, REAL_LITERAL}&#10;line 218:27 extraneous input '(' expecting {'\lemma', '}', IDENT, '/*!'}&#10;line 218:31 mismatched input ')' expecting {'(', '{'}&#10;line 220:44 mismatched input ')' expecting {'(', '{'}&#10;line 225:14 mismatched input '\ifExintVar' expecting {MODALITY, FORALL, EXISTS, '\if', '\ifEx', 'true', 'false', '(', '{', '@', NOT, SEQARROW, '-', STRING_LITERAL, CHAR_LITERAL, BIN_LITERAL, HEX_LITERAL, IDENT, INT_LITERAL, FLOAT_LITERAL, DOUBLE_LITERAL, REAL_LITERAL}&#10;line 225:27 extraneous input '(' expecting {'\lemma', '}', IDENT, '/*!'}&#10;line 225:31 mismatched input ')' expecting {'(', '{'}&#10;line 227:44 mismatched input ')' expecting {'(', '{'}&#10;line 233:14 mismatched input '\ifExintVar' expecting {MODALITY, FORALL, EXISTS, '\if', '\ifEx', 'true', 'false', '(', '{', '@', NOT, SEQARROW, '-', STRING_LITERAL, CHAR_LITERAL, BIN_LITERAL, HEX_LITERAL, IDENT, INT_LITERAL, FLOAT_LITERAL, DOUBLE_LITERAL, REAL_LITERAL}&#10;line 233:27 extraneous input '(' expecting {'\lemma', '}', IDENT, '/*!'}&#10;line 233:31 mismatched input ')' expecting {'(', '{'}&#10;line 237:42 mismatched input '}' expecting {'(', '{'}&#10;line 238:34 mismatched input '}' expecting {'(', '{'}&#10;line 239:28 extraneous input '(' expecting {'\lemma', '}', IDENT, '/*!'}&#10;line 239:33 mismatched input '-&gt;' expecting {'(', '{'}&#10;line 240:8 extraneous input '\replacewith' expecting {'\lemma', '}', IDENT, '/*!'}&#10;line 240:25 mismatched input ')' expecting {'(', '{'}&#10;line 240:56 mismatched input ')' expecting {'(', '{'}&#10;line 245:14 mismatched input '\ifExintVar' expecting {MODALITY, FORALL, EXISTS, '\if', '\ifEx', 'true', 'false', '(', '{', '@', NOT, SEQARROW, '-', STRING_LITERAL, CHAR_LITERAL, BIN_LITERAL, HEX_LITERAL, IDENT, INT_LITERAL, FLOAT_LITERAL, DOUBLE_LITERAL, REAL_LITERAL}&#10;line 245:27 extraneous input '(' expecting {'\lemma', '}', IDENT, '/*!'}&#10;line 245:31 mismatched input ')' expecting {'(', '{'}&#10;line 248:45 mismatched input '}' expecting {'(', '{'}&#10;line 249:8 extraneous input '\replacewith' expecting {'\lemma', '}', IDENT, '/*!'}&#10;line 249:38 mismatched input ')' expecting {'(', '{'}&#10;line 250:42 mismatched input '}' expecting {'(', '{'}&#10;line 251:28 extraneous input '(' expecting {'\lemma', '}', IDENT, '/*!'}&#10;line 251:33 mismatched input '-&gt;' expecting {'(', '{'}&#10;line 255:14 mismatched input '\ifExintVar' expecting {MODALITY, FORALL, EXISTS, '\if', '\ifEx', 'true', 'false', '(', '{', '@', NOT, SEQARROW, '-', STRING_LITERAL, CHAR_LITERAL, BIN_LITERAL, HEX_LITERAL, IDENT, INT_LITERAL, FLOAT_LITERAL, DOUBLE_LITERAL, REAL_LITERAL}&#10;line 255:27 extraneous input '(' expecting {'\lemma', '}', IDENT, '/*!'}&#10;line 255:31 mismatched input ')' expecting {'(', '{'}&#10;line 258:52 extraneous input '0' expecting {'\lemma', '}', IDENT, '/*!'}&#10;line 258:54 mismatched input 'then' expecting {&lt;EOF&gt;, '\problem', '\chooseContract', '\proofObligation', '\proof'}&#10; (file: src/test/resources/testcase/termLabels/flatSteps/FlatSteps.java; caused by: de.uka.ilkd.key.proof.init.ProofInputException: line 135:14 mismatched input '\ifExintVar' expecting {MODALITY, FORALL, EXISTS, '\if', '\ifEx', 'true', 'false', '(', '{', '@', NOT, SEQARROW, '-', STRING_LITERAL, CHAR_LITERAL, BIN_LITERAL, HEX_LITERAL, IDENT, INT_LITERAL, FLOAT_LITERAL, DOUBLE_LITERAL, REAL_LITERAL}&#10;line 135:27 extraneous input '(' expecting {'\lemma', '}', IDENT, '/*!'}&#10;line 135:44 mismatched input ')' expecting {'(', '{'}&#10;line 141:14 mismatched input '\ifExintVar' expecting {MODALITY, FORALL, EXISTS, '\if', '\ifEx', 'true', 'false', '(', '{', '@', NOT, SEQARROW, '-', STRING_LITERAL, CHAR_LITERAL, BIN_LITERAL, HEX_LITERAL, IDENT, INT_LITERAL, FLOAT_LITERAL, DOUBLE_LITERAL, REAL_LITERAL}&#10;line 141:27 extraneous input '(' expecting {'\lemma', '}', IDENT, '/*!'}&#10;line 141:41 mismatched input ')' expecting {'(', '{'}&#10;line 148:14 mismatched input '\ifExintVar' expecting {MODALITY, FORALL, EXISTS, '\if', '\ifEx', 'true', 'false', '(', '{', '@', NOT, SEQARROW, '-', STRING_LITERAL, CHAR_LITERAL, BIN_LITERAL, HEX_LITERAL, IDENT, INT_LITERAL, FLOAT_LITERAL, DOUBLE_LITERAL, REAL_LITERAL}&#10;line 148:27 extraneous input '(' expecting {'\lemma', '}', IDENT, '/*!'}&#10;line 148:35 mismatched input '=' expecting {'(', '{'}&#10;line 150:38 mismatched input '}' expecting {'(', '{'}&#10;line 155:14 mismatched input '\ifExintVar' expecting {MODALITY, FORALL, EXISTS, '\if', '\ifEx', 'true', 'false', '(', '{', '@', NOT, SEQARROW, '-', STRING_LITERAL, CHAR_LITERAL, BIN_LITERAL, HEX_LITERAL, IDENT, INT_LITERAL, FLOAT_LITERAL, DOUBLE_LITERAL, REAL_LITERAL}&#10;line 155:27 extraneous input '(' expecting {'\lemma', '}', IDENT, '/*!'}&#10;line 155:35 mismatched input '=' expecting {'(', '{'}&#10;line 157:38 mismatched input '}' expecting {'(', '{'}&#10;line 163:14 mismatched input '\ifExintVar' expecting {MODALITY, FORALL, EXISTS, '\if', '\ifEx', 'true', 'false', '(', '{', '@', NOT, SEQARROW, '-', STRING_LITERAL, CHAR_LITERAL, BIN_LITERAL, HEX_LITERAL, IDENT, INT_LITERAL, FLOAT_LITERAL, DOUBLE_LITERAL, REAL_LITERAL}&#10;line 163:27 extraneous input '(' expecting {'\lemma', '}', IDENT, '/*!'}&#10;line 163:30 mismatched input '=' expecting {'(', '{'}&#10;line 165:38 mismatched input '}' expecting {'(', '{'}&#10;line 171:14 mismatched input '\ifExintVar' expecting {MODALITY, FORALL, EXISTS, '\if', '\ifEx', 'true', 'false', '(', '{', '@', NOT, SEQARROW, '-', STRING_LITERAL, CHAR_LITERAL, BIN_LITERAL, HEX_LITERAL, IDENT, INT_LITERAL, FLOAT_LITERAL, DOUBLE_LITERAL, REAL_LITERAL}&#10;line 171:27 extraneous input '(' expecting {'\lemma', '}', IDENT, '/*!'}&#10;line 171:30 mismatched input '=' expecting {'(', '{'}&#10;line 173:38 mismatched input '}' expecting {'(', '{'}&#10;line 179:14 mismatched input '\ifExintVar' expecting {MODALITY, FORALL, EXISTS, '\if', '\ifEx', 'true', 'false', '(', '{', '@', NOT, SEQARROW, '-', STRING_LITERAL, CHAR_LITERAL, BIN_LITERAL, HEX_LITERAL, IDENT, INT_LITERAL, FLOAT_LITERAL, DOUBLE_LITERAL, REAL_LITERAL}&#10;line 179:27 extraneous input '(' expecting {'\lemma', '}', IDENT, '/*!'}&#10;line 179:32 mismatched input '&amp;' expecting {'(', '{'}&#10;line 181:42 mismatched input '}' expecting {'(', '{'}&#10;line 182:39 mismatched input '}' expecting {'(', '{'}&#10;line 188:14 mismatched input '\ifExintVar' expecting {MODALITY, FORALL, EXISTS, '\if', '\ifEx', 'true', 'false', '(', '{', '@', NOT, SEQARROW, '-', STRING_LITERAL, CHAR_LITERAL, BIN_LITERAL, HEX_LITERAL, IDENT, INT_LITERAL, FLOAT_LITERAL, DOUBLE_LITERAL, REAL_LITERAL}&#10;line 188:27 extraneous input '(' expecting {'\lemma', '}', IDENT, '/*!'}&#10;line 188:32 mismatched input '&amp;' expecting {'(', '{'}&#10;line 190:42 mismatched input '}' expecting {'(', '{'}&#10;line 191:39 mismatched input '}' expecting {'(', '{'}&#10;line 198:14 mismatched input '\ifExintVar' expecting {MODALITY, FORALL, EXISTS, '\if', '\ifEx', 'true', 'false', '(', '{', '@', NOT, SEQARROW, '-', STRING_LITERAL, CHAR_LITERAL, BIN_LITERAL, HEX_LITERAL, IDENT, INT_LITERAL, FLOAT_LITERAL, DOUBLE_LITERAL, REAL_LITERAL}&#10;line 198:27 extraneous input '(' expecting {'\lemma', '}', IDENT, '/*!'}&#10;line 198:32 mismatched input '&amp;' expecting {'(', '{'}&#10;line 200:42 mismatched input '}' expecting {'(', '{'}&#10;line 201:39 mismatched input '}' expecting {'(', '{'}&#10;line 208:14 mismatched input '\ifExintVar' expecting {MODALITY, FORALL, EXISTS, '\if', '\ifEx', 'true', 'false', '(', '{', '@', NOT, SEQARROW, '-', STRING_LITERAL, CHAR_LITERAL, BIN_LITERAL, HEX_LITERAL, IDENT, INT_LITERAL, FLOAT_LITERAL, DOUBLE_LITERAL, REAL_LITERAL}&#10;line 208:27 extraneous input '(' expecting {'\lemma', '}', IDENT, '/*!'}&#10;line 208:32 mismatched input '&amp;' expecting {'(', '{'}&#10;line 210:42 mismatched input '}' expecting {'(', '{'}&#10;line 211:39 mismatched input '}' expecting {'(', '{'}&#10;line 218:14 mismatched input '\ifExintVar' expecting {MODALITY, FORALL, EXISTS, '\if', '\ifEx', 'true', 'false', '(', '{', '@', NOT, SEQARROW, '-', STRING_LITERAL, CHAR_LITERAL, BIN_LITERAL, HEX_LITERAL, IDENT, INT_LITERAL, FLOAT_LITERAL, DOUBLE_LITERAL, REAL_LITERAL}&#10;line 218:27 extraneous input '(' expecting {'\lemma', '}', IDENT, '/*!'}&#10;line 218:31 mismatched input ')' expecting {'(', '{'}&#10;line 220:44 mismatched input ')' expecting {'(', '{'}&#10;line 225:14 mismatched input '\ifExintVar' expecting {MODALITY, FORALL, EXISTS, '\if', '\ifEx', 'true', 'false', '(', '{', '@', NOT, SEQARROW, '-', STRING_LITERAL, CHAR_LITERAL, BIN_LITERAL, HEX_LITERAL, IDENT, INT_LITERAL, FLOAT_LITERAL, DOUBLE_LITERAL, REAL_LITERAL}&#10;line 225:27 extraneous input '(' expecting {'\lemma', '}', IDENT, '/*!'}&#10;line 225:31 mismatched input ')' expecting {'(', '{'}&#10;line 227:44 mismatched input ')' expecting {'(', '{'}&#10;line 233:14 mismatched input '\ifExintVar' expecting {MODALITY, FORALL, EXISTS, '\if', '\ifEx', 'true', 'false', '(', '{', '@', NOT, SEQARROW, '-', STRING_LITERAL, CHAR_LITERAL, BIN_LITERAL, HEX_LITERAL, IDENT, INT_LITERAL, FLOAT_LITERAL, DOUBLE_LITERAL, REAL_LITERAL}&#10;line 233:27 extraneous input '(' expecting {'\lemma', '}', IDENT, '/*!'}&#10;line 233:31 mismatched input ')' expecting {'(', '{'}&#10;line 237:42 mismatched input '}' expecting {'(', '{'}&#10;line 238:34 mismatched input '}' expecting {'(', '{'}&#10;line 239:28 extraneous input '(' expecting {'\lemma', '}', IDENT, '/*!'}&#10;line 239:33 mismatched input '-&gt;' expecting {'(', '{'}&#10;line 240:8 extraneous input '\replacewith' expecting {'\lemma', '}', IDENT, '/*!'}&#10;line 240:25 mismatched input ')' expecting {'(', '{'}&#10;line 240:56 mismatched input ')' expecting {'(', '{'}&#10;line 245:14 mismatched input '\ifExintVar' expecting {MODALITY, FORALL, EXISTS, '\if', '\ifEx', 'true', 'false', '(', '{', '@', NOT, SEQARROW, '-', STRING_LITERAL, CHAR_LITERAL, BIN_LITERAL, HEX_LITERAL, IDENT, INT_LITERAL, FLOAT_LITERAL, DOUBLE_LITERAL, REAL_LITERAL}&#10;line 245:27 extraneous input '(' expecting {'\lemma', '}', IDENT, '/*!'}&#10;line 245:31 mismatched input ')' expecting {'(', '{'}&#10;line 248:45 mismatched input '}' expecting {'(', '{'}&#10;line 249:8 extraneous input '\replacewith' expecting {'\lemma', '}', IDENT, '/*!'}&#10;line 249:38 mismatched input ')' expecting {'(', '{'}&#10;line 250:42 mismatched input '}' expecting {'(', '{'}&#10;line 251:28 extraneous input '(' expecting {'\lemma', '}', IDENT, '/*!'}&#10;line 251:33 mismatched input '-&gt;' expecting {'(', '{'}&#10;line 255:14 mismatched input '\ifExintVar' expecting {MODALITY, FORALL, EXISTS, '\if', '\ifEx', 'true', 'false', '(', '{', '@', NOT, SEQARROW, '-', STRING_LITERAL, CHAR_LITERAL, BIN_LITERAL, HEX_LITERAL, IDENT, INT_LITERAL, FLOAT_LITERAL, DOUBLE_LITERAL, REAL_LITERAL}&#10;line 255:27 extraneous input '(' expecting {'\lemma', '}', IDENT, '/*!'}&#10;line 255:31 mismatched input ')' expecting {'(', '{'}&#10;line 258:52 extraneous input '0' expecting {'\lemma', '}', IDENT, '/*!'}&#10;line 258:54 mismatched input 'then' expecting {&lt;EOF&gt;, '\problem', '\chooseContract', '\proofObligation', '\proof'}&#10;)" type="de.uka.ilkd.key.proof.io.ProblemLoaderException">line 135:14 mismatched input '\ifExintVar' expecting {MODALITY, FORALL, EXISTS, '\if', '\ifEx', 'true', 'false', '(', '{', '@', NOT, SEQARROW, '-', STRING_LITERAL, CHAR_LITERAL, BIN_LITERAL, HEX_LITERAL, IDENT, INT_LITERAL, FLOAT_LITERAL, DOUBLE_LITERAL, REAL_LITERAL}
line 135:27 extraneous input '(' expecting {'\lemma', '}', IDENT, '/*!'}
line 135:44 mismatched input ')' expecting {'(', '{'}
line 141:14 mismatched input '\ifExintVar' expecting {MODALITY, FORALL, EXISTS, '\if', '\ifEx', 'true', 'false', '(', '{', '@', NOT, SEQARROW, '-', STRING_LITERAL, CHAR_LITERAL, BIN_LITERAL, HEX_LITERAL, IDENT, INT_LITERAL, FLOAT_LITERAL, DOUBLE_LITERAL, REAL_LITERAL}
line 141:27 extraneous input '(' expecting {'\lemma', '}', IDENT, '/*!'}
line 141:41 mismatched input ')' expecting {'(', '{'}
line 148:14 mismatched input '\ifExintVar' expecting {MODALITY, FORALL, EXISTS, '\if', '\ifEx', 'true', 'false', '(', '{', '@', NOT, SEQARROW, '-', STRING_LITERAL, CHAR_LITERAL, BIN_LITERAL, HEX_LITERAL, IDENT, INT_LITERAL, FLOAT_LITERAL, DOUBLE_LITERAL, REAL_LITERAL}
line 148:27 extraneous input '(' expecting {'\lemma', '}', IDENT, '/*!'}
line 148:35 mismatched input '=' expecting {'(', '{'}
line 150:38 mismatched input '}' expecting {'(', '{'}
line 155:14 mismatched input '\ifExintVar' expecting {MODALITY, FORALL, EXISTS, '\if', '\ifEx', 'true', 'false', '(', '{', '@', NOT, SEQARROW, '-', STRING_LITERAL, CHAR_LITERAL, BIN_LITERAL, HEX_LITERAL, IDENT, INT_LITERAL, FLOAT_LITERAL, DOUBLE_LITERAL, REAL_LITERAL}
line 155:27 extraneous input '(' expecting {'\lemma', '}', IDENT, '/*!'}
line 155:35 mismatched input '=' expecting {'(', '{'}
line 157:38 mismatched input '}' expecting {'(', '{'}
line 163:14 mismatched input '\ifExintVar' expecting {MODALITY, FORALL, EXISTS, '\if', '\ifEx', 'true', 'false', '(', '{', '@', NOT, SEQARROW, '-', STRING_LITERAL, CHAR_LITERAL, BIN_LITERAL, HEX_LITERAL, IDENT, INT_LITERAL, FLOAT_LITERAL, DOUBLE_LITERAL, REAL_LITERAL}
line 163:27 extraneous input '(' expecting {'\lemma', '}', IDENT, '/*!'}
line 163:30 mismatched input '=' expecting {'(', '{'}
line 165:38 mismatched input '}' expecting {'(', '{'}
line 171:14 mismatched input '\ifExintVar' expecting {MODALITY, FORALL, EXISTS, '\if', '\ifEx', 'true', 'false', '(', '{', '@', NOT, SEQARROW, '-', STRING_LITERAL, CHAR_LITERAL, BIN_LITERAL, HEX_LITERAL, IDENT, INT_LITERAL, FLOAT_LITERAL, DOUBLE_LITERAL, REAL_LITERAL}
line 171:27 extraneous input '(' expecting {'\lemma', '}', IDENT, '/*!'}
line 171:30 mismatched input '=' expecting {'(', '{'}
line 173:38 mismatched input '}' expecting {'(', '{'}
line 179:14 mismatched input '\ifExintVar' expecting {MODALITY, FORALL, EXISTS, '\if', '\ifEx', 'true', 'false', '(', '{', '@', NOT, SEQARROW, '-', STRING_LITERAL, CHAR_LITERAL, BIN_LITERAL, HEX_LITERAL, IDENT, INT_LITERAL, FLOAT_LITERAL, DOUBLE_LITERAL, REAL_LITERAL}
line 179:27 extraneous input '(' expecting {'\lemma', '}', IDENT, '/*!'}
line 179:32 mismatched input '&amp;' expecting {'(', '{'}
line 181:42 mismatched input '}' expecting {'(', '{'}
line 182:39 mismatched input '}' expecting {'(', '{'}
line 188:14 mismatched input '\ifExintVar' expecting {MODALITY, FORALL, EXISTS, '\if', '\ifEx', 'true', 'false', '(', '{', '@', NOT, SEQARROW, '-', STRING_LITERAL, CHAR_LITERAL, BIN_LITERAL, HEX_LITERAL, IDENT, INT_LITERAL, FLOAT_LITERAL, DOUBLE_LITERAL, REAL_LITERAL}
line 188:27 extraneous input '(' expecting {'\lemma', '}', IDENT, '/*!'}
line 188:32 mismatched input '&amp;' expecting {'(', '{'}
line 190:42 mismatched input '}' expecting {'(', '{'}
line 191:39 mismatched input '}' expecting {'(', '{'}
line 198:14 mismatched input '\ifExintVar' expecting {MODALITY, FORALL, EXISTS, '\if', '\ifEx', 'true', 'false', '(', '{', '@', NOT, SEQARROW, '-', STRING_LITERAL, CHAR_LITERAL, BIN_LITERAL, HEX_LITERAL, IDENT, INT_LITERAL, FLOAT_LITERAL, DOUBLE_LITERAL, REAL_LITERAL}
line 198:27 extraneous input '(' expecting {'\lemma', '}', IDENT, '/*!'}
line 198:32 mismatched input '&amp;' expecting {'(', '{'}
line 200:42 mismatched input '}' expecting {'(', '{'}
line 201:39 mismatched input '}' expecting {'(', '{'}
line 208:14 mismatched input '\ifExintVar' expecting {MODALITY, FORALL, EXISTS, '\if', '\ifEx', 'true', 'false', '(', '{', '@', NOT, SEQARROW, '-', STRING_LITERAL, CHAR_LITERAL, BIN_LITERAL, HEX_LITERAL, IDENT, INT_LITERAL, FLOAT_LITERAL, DOUBLE_LITERAL, REAL_LITERAL}
line 208:27 extraneous input '(' expecting {'\lemma', '}', IDENT, '/*!'}
line 208:32 mismatched input '&amp;' expecting {'(', '{'}
line 210:42 mismatched input '}' expecting {'(', '{'}
line 211:39 mismatched input '}' expecting {'(', '{'}
line 218:14 mismatched input '\ifExintVar' expecting {MODALITY, FORALL, EXISTS, '\if', '\ifEx', 'true', 'false', '(', '{', '@', NOT, SEQARROW, '-', STRING_LITERAL, CHAR_LITERAL, BIN_LITERAL, HEX_LITERAL, IDENT, INT_LITERAL, FLOAT_LITERAL, DOUBLE_LITERAL, REAL_LITERAL}
line 218:27 extraneous input '(' expecting {'\lemma', '}', IDENT, '/*!'}
line 218:31 mismatched input ')' expecting {'(', '{'}
line 220:44 mismatched input ')' expecting {'(', '{'}
line 225:14 mismatched input '\ifExintVar' expecting {MODALITY, FORALL, EXISTS, '\if', '\ifEx', 'true', 'false', '(', '{', '@', NOT, SEQARROW, '-', STRING_LITERAL, CHAR_LITERAL, BIN_LITERAL, HEX_LITERAL, IDENT, INT_LITERAL, FLOAT_LITERAL, DOUBLE_LITERAL, REAL_LITERAL}
line 225:27 extraneous input '(' expecting {'\lemma', '}', IDENT, '/*!'}
line 225:31 mismatched input ')' expecting {'(', '{'}
line 227:44 mismatched input ')' expecting {'(', '{'}
line 233:14 mismatched input '\ifExintVar' expecting {MODALITY, FORALL, EXISTS, '\if', '\ifEx', 'true', 'false', '(', '{', '@', NOT, SEQARROW, '-', STRING_LITERAL, CHAR_LITERAL, BIN_LITERAL, HEX_LITERAL, IDENT, INT_LITERAL, FLOAT_LITERAL, DOUBLE_LITERAL, REAL_LITERAL}
line 233:27 extraneous input '(' expecting {'\lemma', '}', IDENT, '/*!'}
line 233:31 mismatched input ')' expecting {'(', '{'}
line 237:42 mismatched input '}' expecting {'(', '{'}
line 238:34 mismatched input '}' expecting {'(', '{'}
line 239:28 extraneous input '(' expecting {'\lemma', '}', IDENT, '/*!'}
line 239:33 mismatched input '-&gt;' expecting {'(', '{'}
line 240:8 extraneous input '\replacewith' expecting {'\lemma', '}', IDENT, '/*!'}
line 240:25 mismatched input ')' expecting {'(', '{'}
line 240:56 mismatched input ')' expecting {'(', '{'}
line 245:14 mismatched input '\ifExintVar' expecting {MODALITY, FORALL, EXISTS, '\if', '\ifEx', 'true', 'false', '(', '{', '@', NOT, SEQARROW, '-', STRING_LITERAL, CHAR_LITERAL, BIN_LITERAL, HEX_LITERAL, IDENT, INT_LITERAL, FLOAT_LITERAL, DOUBLE_LITERAL, REAL_LITERAL}
line 245:27 extraneous input '(' expecting {'\lemma', '}', IDENT, '/*!'}
line 245:31 mismatched input ')' expecting {'(', '{'}
line 248:45 mismatched input '}' expecting {'(', '{'}
line 249:8 extraneous input '\replacewith' expecting {'\lemma', '}', IDENT, '/*!'}
line 249:38 mismatched input ')' expecting {'(', '{'}
line 250:42 mismatched input '}' expecting {'(', '{'}
line 251:28 extraneous input '(' expecting {'\lemma', '}', IDENT, '/*!'}
line 251:33 mismatched input '-&gt;' expecting {'(', '{'}
line 255:14 mismatched input '\ifExintVar' expecting {MODALITY, FORALL, EXISTS, '\if', '\ifEx', 'true', 'false', '(', '{', '@', NOT, SEQARROW, '-', STRING_LITERAL, CHAR_LITERAL, BIN_LITERAL, HEX_LITERAL, IDENT, INT_LITERAL, FLOAT_LITERAL, DOUBLE_LITERAL, REAL_LITERAL}
line 255:27 extraneous input '(' expecting {'\lemma', '}', IDENT, '/*!'}
line 255:31 mismatched input ')' expecting {'(', '{'}
line 258:52 extraneous input '0' expecting {'\lemma', '}', IDENT, '/*!'}
line 258:54 mismatched input 'then' expecting {&lt;EOF&gt;, '\problem', '\chooseContract', '\proofObligation', '\proof'}
 (file: src/test/resources/testcase/termLabels/flatSteps/FlatSteps.java; caused by: de.uka.ilkd.key.proof.init.ProofInputException: line 135:14 mismatched input '\ifExintVar' expecting {MODALITY, FORALL, EXISTS, '\if', '\ifEx', 'true', 'false', '(', '{', '@', NOT, SEQARROW, '-', STRING_LITERAL, CHAR_LITERAL, BIN_LITERAL, HEX_LITERAL, IDENT, INT_LITERAL, FLOAT_LITERAL, DOUBLE_LITERAL, REAL_LITERAL}
line 135:27 extraneous input '(' expecting {'\lemma', '}', IDENT, '/*!'}
line 135:44 mismatched input ')' expecting {'(', '{'}
line 141:14 mismatched input '\ifExintVar' expecting {MODALITY, FORALL, EXISTS, '\if', '\ifEx', 'true', 'false', '(', '{', '@', NOT, SEQARROW, '-', STRING_LITERAL, CHAR_LITERAL, BIN_LITERAL, HEX_LITERAL, IDENT, INT_LITERAL, FLOAT_LITERAL, DOUBLE_LITERAL, REAL_LITERAL}
line 141:27 extraneous input '(' expecting {'\lemma', '}', IDENT, '/*!'}
line 141:41 mismatched input ')' expecting {'(', '{'}
line 148:14 mismatched input '\ifExintVar' expecting {MODALITY, FORALL, EXISTS, '\if', '\ifEx', 'true', 'false', '(', '{', '@', NOT, SEQARROW, '-', STRING_LITERAL, CHAR_LITERAL, BIN_LITERAL, HEX_LITERAL, IDENT, INT_LITERAL, FLOAT_LITERAL, DOUBLE_LITERAL, REAL_LITERAL}
line 148:27 extraneous input '(' expecting {'\lemma', '}', IDENT, '/*!'}
line 148:35 mismatched input '=' expecting {'(', '{'}
line 150:38 mismatched input '}' expecting {'(', '{'}
line 155:14 mismatched input '\ifExintVar' expecting {MODALITY, FORALL, EXISTS, '\if', '\ifEx', 'true', 'false', '(', '{', '@', NOT, SEQARROW, '-', STRING_LITERAL, CHAR_LITERAL, BIN_LITERAL, HEX_LITERAL, IDENT, INT_LITERAL, FLOAT_LITERAL, DOUBLE_LITERAL, REAL_LITERAL}
line 155:27 extraneous input '(' expecting {'\lemma', '}', IDENT, '/*!'}
line 155:35 mismatched input '=' expecting {'(', '{'}
line 157:38 mismatched input '}' expecting {'(', '{'}
line 163:14 mismatched input '\ifExintVar' expecting {MODALITY, FORALL, EXISTS, '\if', '\ifEx', 'true', 'false', '(', '{', '@', NOT, SEQARROW, '-', STRING_LITERAL, CHAR_LITERAL, BIN_LITERAL, HEX_LITERAL, IDENT, INT_LITERAL, FLOAT_LITERAL, DOUBLE_LITERAL, REAL_LITERAL}
line 163:27 extraneous input '(' expecting {'\lemma', '}', IDENT, '/*!'}
line 163:30 mismatched input '=' expecting {'(', '{'}
line 165:38 mismatched input '}' expecting {'(', '{'}
line 171:14 mismatched input '\ifExintVar' expecting {MODALITY, FORALL, EXISTS, '\if', '\ifEx', 'true', 'false', '(', '{', '@', NOT, SEQARROW, '-', STRING_LITERAL, CHAR_LITERAL, BIN_LITERAL, HEX_LITERAL, IDENT, INT_LITERAL, FLOAT_LITERAL, DOUBLE_LITERAL, REAL_LITERAL}
line 171:27 extraneous input '(' expecting {'\lemma', '}', IDENT, '/*!'}
line 171:30 mismatched input '=' expecting {'(', '{'}
line 173:38 mismatched input '}' expecting {'(', '{'}
line 179:14 mismatched input '\ifExintVar' expecting {MODALITY, FORALL, EXISTS, '\if', '\ifEx', 'true', 'false', '(', '{', '@', NOT, SEQARROW, '-', STRING_LITERAL, CHAR_LITERAL, BIN_LITERAL, HEX_LITERAL, IDENT, INT_LITERAL, FLOAT_LITERAL, DOUBLE_LITERAL, REAL_LITERAL}
line 179:27 extraneous input '(' expecting {'\lemma', '}', IDENT, '/*!'}
line 179:32 mismatched input '&amp;' expecting {'(', '{'}
line 181:42 mismatched input '}' expecting {'(', '{'}
line 182:39 mismatched input '}' expecting {'(', '{'}
line 188:14 mismatched input '\ifExintVar' expecting {MODALITY, FORALL, EXISTS, '\if', '\ifEx', 'true', 'false', '(', '{', '@', NOT, SEQARROW, '-', STRING_LITERAL, CHAR_LITERAL, BIN_LITERAL, HEX_LITERAL, IDENT, INT_LITERAL, FLOAT_LITERAL, DOUBLE_LITERAL, REAL_LITERAL}
line 188:27 extraneous input '(' expecting {'\lemma', '}', IDENT, '/*!'}
line 188:32 mismatched input '&amp;' expecting {'(', '{'}
line 190:42 mismatched input '}' expecting {'(', '{'}
line 191:39 mismatched input '}' expecting {'(', '{'}
line 198:14 mismatched input '\ifExintVar' expecting {MODALITY, FORALL, EXISTS, '\if', '\ifEx', 'true', 'false', '(', '{', '@', NOT, SEQARROW, '-', STRING_LITERAL, CHAR_LITERAL, BIN_LITERAL, HEX_LITERAL, IDENT, INT_LITERAL, FLOAT_LITERAL, DOUBLE_LITERAL, REAL_LITERAL}
line 198:27 extraneous input '(' expecting {'\lemma', '}', IDENT, '/*!'}
line 198:32 mismatched input '&amp;' expecting {'(', '{'}
line 200:42 mismatched input '}' expecting {'(', '{'}
line 201:39 mismatched input '}' expecting {'(', '{'}
line 208:14 mismatched input '\ifExintVar' expecting {MODALITY, FORALL, EXISTS, '\if', '\ifEx', 'true', 'false', '(', '{', '@', NOT, SEQARROW, '-', STRING_LITERAL, CHAR_LITERAL, BIN_LITERAL, HEX_LITERAL, IDENT, INT_LITERAL, FLOAT_LITERAL, DOUBLE_LITERAL, REAL_LITERAL}
line 208:27 extraneous input '(' expecting {'\lemma', '}', IDENT, '/*!'}
line 208:32 mismatched input '&amp;' expecting {'(', '{'}
line 210:42 mismatched input '}' expecting {'(', '{'}
line 211:39 mismatched input '}' expecting {'(', '{'}
line 218:14 mismatched input '\ifExintVar' expecting {MODALITY, FORALL, EXISTS, '\if', '\ifEx', 'true', 'false', '(', '{', '@', NOT, SEQARROW, '-', STRING_LITERAL, CHAR_LITERAL, BIN_LITERAL, HEX_LITERAL, IDENT, INT_LITERAL, FLOAT_LITERAL, DOUBLE_LITERAL, REAL_LITERAL}
line 218:27 extraneous input '(' expecting {'\lemma', '}', IDENT, '/*!'}
line 218:31 mismatched input ')' expecting {'(', '{'}
line 220:44 mismatched input ')' expecting {'(', '{'}
line 225:14 mismatched input '\ifExintVar' expecting {MODALITY, FORALL, EXISTS, '\if', '\ifEx', 'true', 'false', '(', '{', '@', NOT, SEQARROW, '-', STRING_LITERAL, CHAR_LITERAL, BIN_LITERAL, HEX_LITERAL, IDENT, INT_LITERAL, FLOAT_LITERAL, DOUBLE_LITERAL, REAL_LITERAL}
line 225:27 extraneous input '(' expecting {'\lemma', '}', IDENT, '/*!'}
line 225:31 mismatched input ')' expecting {'(', '{'}
line 227:44 mismatched input ')' expecting {'(', '{'}
line 233:14 mismatched input '\ifExintVar' expecting {MODALITY, FORALL, EXISTS, '\if', '\ifEx', 'true', 'false', '(', '{', '@', NOT, SEQARROW, '-', STRING_LITERAL, CHAR_LITERAL, BIN_LITERAL, HEX_LITERAL, IDENT, INT_LITERAL, FLOAT_LITERAL, DOUBLE_LITERAL, REAL_LITERAL}
line 233:27 extraneous input '(' expecting {'\lemma', '}', IDENT, '/*!'}
line 233:31 mismatched input ')' expecting {'(', '{'}
line 237:42 mismatched input '}' expecting {'(', '{'}
line 238:34 mismatched input '}' expecting {'(', '{'}
line 239:28 extraneous input '(' expecting {'\lemma', '}', IDENT, '/*!'}
line 239:33 mismatched input '-&gt;' expecting {'(', '{'}
line 240:8 extraneous input '\replacewith' expecting {'\lemma', '}', IDENT, '/*!'}
line 240:25 mismatched input ')' expecting {'(', '{'}
line 240:56 mismatched input ')' expecting {'(', '{'}
line 245:14 mismatched input '\ifExintVar' expecting {MODALITY, FORALL, EXISTS, '\if', '\ifEx', 'true', 'false', '(', '{', '@', NOT, SEQARROW, '-', STRING_LITERAL, CHAR_LITERAL, BIN_LITERAL, HEX_LITERAL, IDENT, INT_LITERAL, FLOAT_LITERAL, DOUBLE_LITERAL, REAL_LITERAL}
line 245:27 extraneous input '(' expecting {'\lemma', '}', IDENT, '/*!'}
line 245:31 mismatched input ')' expecting {'(', '{'}
line 248:45 mismatched input '}' expecting {'(', '{'}
line 249:8 extraneous input '\replacewith' expecting {'\lemma', '}', IDENT, '/*!'}
line 249:38 mismatched input ')' expecting {'(', '{'}
line 250:42 mismatched input '}' expecting {'(', '{'}
line 251:28 extraneous input '(' expecting {'\lemma', '}', IDENT, '/*!'}
line 251:33 mismatched input '-&gt;' expecting {'(', '{'}
line 255:14 mismatched input '\ifExintVar' expecting {MODALITY, FORALL, EXISTS, '\if', '\ifEx', 'true', 'false', '(', '{', '@', NOT, SEQARROW, '-', STRING_LITERAL, CHAR_LITERAL, BIN_LITERAL, HEX_LITERAL, IDENT, INT_LITERAL, FLOAT_LITERAL, DOUBLE_LITERAL, REAL_LITERAL}
line 255:27 extraneous input '(' expecting {'\lemma', '}', IDENT, '/*!'}
line 255:31 mismatched input ')' expecting {'(', '{'}
line 258:52 extraneous input '0' expecting {'\lemma', '}', IDENT, '/*!'}
line 258:54 mismatched input 'then' expecting {&lt;EOF&gt;, '\problem', '\chooseContract', '\proofObligation', '\proof'}
)
	at app//de.uka.ilkd.key.control.AbstractUserInterfaceControl.load(AbstractUserInterfaceControl.java:221)
	at app//de.uka.ilkd.key.control.KeYEnvironment.load(KeYEnvironment.java:251)
	at app//de.uka.ilkd.key.control.KeYEnvironment.load(KeYEnvironment.java:224)
	at app//de.uka.ilkd.key.control.KeYEnvironment.load(KeYEnvironment.java:184)
	at app//de.uka.ilkd.key.logic.TestTermLabelManager.createTestServices(TestTermLabelManager.java:624)
	at app//de.uka.ilkd.key.logic.TestTermLabelManager.doRefactoringTestLogging(TestTermLabelManager.java:106)
	at app//de.uka.ilkd.key.logic.TestTermLabelManager.testrefactorGoal_directChildren_ruleSpecific(TestTermLabelManager.java:67)
	at java.base@11.0.18/jdk.internal.reflect.NativeMethodAccessorImpl.invoke0(Native Method)
	at java.base@11.0.18/jdk.internal.reflect.NativeMethodAccessorImpl.invoke(NativeMethodAccessorImpl.java:62)
	at java.base@11.0.18/jdk.internal.reflect.DelegatingMethodAccessorImpl.invoke(DelegatingMethodAccessorImpl.java:43)
	at java.base@11.0.18/java.lang.reflect.Method.invoke(Method.java:566)
	at app//org.junit.platform.commons.util.ReflectionUtils.invokeMethod(ReflectionUtils.java:725)
	at app//org.junit.jupiter.engine.execution.MethodInvocation.proceed(MethodInvocation.java:60)
	at app//org.junit.jupiter.engine.execution.InvocationInterceptorChain$ValidatingInvocation.proceed(InvocationInterceptorChain.java:131)
	at app//org.junit.jupiter.engine.extension.TimeoutExtension.intercept(TimeoutExtension.java:149)
	at app//org.junit.jupiter.engine.extension.TimeoutExtension.interceptTestableMethod(TimeoutExtension.java:140)
	at app//org.junit.jupiter.engine.extension.TimeoutExtension.interceptTestMethod(TimeoutExtension.java:84)
	at app//org.junit.jupiter.engine.execution.ExecutableInvoker$ReflectiveInterceptorCall.lambda$ofVoidMethod$0(ExecutableInvoker.java:115)
	at app//org.junit.jupiter.engine.execution.ExecutableInvoker.lambda$invoke$0(ExecutableInvoker.java:105)
	at app//org.junit.jupiter.engine.execution.InvocationInterceptorChain$InterceptedInvocation.proceed(InvocationInterceptorChain.java:106)
	at app//org.junit.jupiter.engine.execution.InvocationInterceptorChain.proceed(InvocationInterceptorChain.java:64)
	at app//org.junit.jupiter.engine.execution.InvocationInterceptorChain.chainAndInvoke(InvocationInterceptorChain.java:45)
	at app//org.junit.jupiter.engine.execution.InvocationInterceptorChain.invoke(InvocationInterceptorChain.java:37)
	at app//org.junit.jupiter.engine.execution.ExecutableInvoker.invoke(ExecutableInvoker.java:104)
	at app//org.junit.jupiter.engine.execution.ExecutableInvoker.invoke(ExecutableInvoker.java:98)
	at app//org.junit.jupiter.engine.descriptor.TestMethodTestDescriptor.lambda$invokeTestMethod$7(TestMethodTestDescriptor.java:214)
	at app//org.junit.platform.engine.support.hierarchical.ThrowableCollector.execute(ThrowableCollector.java:73)
	at app//org.junit.jupiter.engine.descriptor.TestMethodTestDescriptor.invokeTestMethod(TestMethodTestDescriptor.java:210)
	at app//org.junit.jupiter.engine.descriptor.TestMethodTestDescriptor.execute(TestMethodTestDescriptor.java:135)
	at app//org.junit.jupiter.engine.descriptor.TestMethodTestDescriptor.execute(TestMethodTestDescriptor.java:66)
	at app//org.junit.platform.engine.support.hierarchical.NodeTestTask.lambda$executeRecursively$6(NodeTestTask.java:151)
	at app//org.junit.platform.engine.support.hierarchical.ThrowableCollector.execute(ThrowableCollector.java:73)
	at app//org.junit.platform.engine.support.hierarchical.NodeTestTask.lambda$executeRecursively$8(NodeTestTask.java:141)
	at app//org.junit.platform.engine.support.hierarchical.Node.around(Node.java:137)
	at app//org.junit.platform.engine.support.hierarchical.NodeTestTask.lambda$executeRecursively$9(NodeTestTask.java:139)
	at app//org.junit.platform.engine.support.hierarchical.ThrowableCollector.execute(ThrowableCollector.java:73)
	at app//org.junit.platform.engine.support.hierarchical.NodeTestTask.executeRecursively(NodeTestTask.java:138)
	at app//org.junit.platform.engine.support.hierarchical.NodeTestTask.execute(NodeTestTask.java:95)
	at java.base@11.0.18/java.util.ArrayList.forEach(ArrayList.java:1541)
	at app//org.junit.platform.engine.support.hierarchical.SameThreadHierarchicalTestExecutorService.invokeAll(SameThreadHierarchicalTestExecutorService.java:41)
	at app//org.junit.platform.engine.support.hierarchical.NodeTestTask.lambda$executeRecursively$6(NodeTestTask.java:155)
	at app//org.junit.platform.engine.support.hierarchical.ThrowableCollector.execute(ThrowableCollector.java:73)
	at app//org.junit.platform.engine.support.hierarchical.NodeTestTask.lambda$executeRecursively$8(NodeTestTask.java:141)
	at app//org.junit.platform.engine.support.hierarchical.Node.around(Node.java:137)
	at app//org.junit.platform.engine.support.hierarchical.NodeTestTask.lambda$executeRecursively$9(NodeTestTask.java:139)
	at app//org.junit.platform.engine.support.hierarchical.ThrowableCollector.execute(ThrowableCollector.java:73)
	at app//org.junit.platform.engine.support.hierarchical.NodeTestTask.executeRecursively(NodeTestTask.java:138)
	at app//org.junit.platform.engine.support.hierarchical.NodeTestTask.execute(NodeTestTask.java:95)
	at java.base@11.0.18/java.util.ArrayList.forEach(ArrayList.java:1541)
	at app//org.junit.platform.engine.support.hierarchical.SameThreadHierarchicalTestExecutorService.invokeAll(SameThreadHierarchicalTestExecutorService.java:41)
	at app//org.junit.platform.engine.support.hierarchical.NodeTestTask.lambda$executeRecursively$6(NodeTestTask.java:155)
	at app//org.junit.platform.engine.support.hierarchical.ThrowableCollector.execute(ThrowableCollector.java:73)
	at app//org.junit.platform.engine.support.hierarchical.NodeTestTask.lambda$executeRecursively$8(NodeTestTask.java:141)
	at app//org.junit.platform.engine.support.hierarchical.Node.around(Node.java:137)
	at app//org.junit.platform.engine.support.hierarchical.NodeTestTask.lambda$executeRecursively$9(NodeTestTask.java:139)
	at app//org.junit.platform.engine.support.hierarchical.ThrowableCollector.execute(ThrowableCollector.java:73)
	at app//org.junit.platform.engine.support.hierarchical.NodeTestTask.executeRecursively(NodeTestTask.java:138)
	at app//org.junit.platform.engine.support.hierarchical.NodeTestTask.execute(NodeTestTask.java:95)
	at app//org.junit.platform.engine.support.hierarchical.SameThreadHierarchicalTestExecutorService.submit(SameThreadHierarchicalTestExecutorService.java:35)
	at app//org.junit.platform.engine.support.hierarchical.HierarchicalTestExecutor.execute(HierarchicalTestExecutor.java:57)
	at app//org.junit.platform.engine.support.hierarchical.HierarchicalTestEngine.execute(HierarchicalTestEngine.java:54)
	at org.junit.platform.launcher.core.EngineExecutionOrchestrator.execute(EngineExecutionOrchestrator.java:107)
	at org.junit.platform.launcher.core.EngineExecutionOrchestrator.execute(EngineExecutionOrchestrator.java:88)
	at org.junit.platform.launcher.core.EngineExecutionOrchestrator.lambda$execute$0(EngineExecutionOrchestrator.java:54)
	at org.junit.platform.launcher.core.EngineExecutionOrchestrator.withInterceptedStreams(EngineExecutionOrchestrator.java:67)
	at org.junit.platform.launcher.core.EngineExecutionOrchestrator.execute(EngineExecutionOrchestrator.java:52)
	at org.junit.platform.launcher.core.DefaultLauncher.execute(DefaultLauncher.java:114)
	at org.junit.platform.launcher.core.DefaultLauncher.execute(DefaultLauncher.java:86)
	at org.junit.platform.launcher.core.DefaultLauncherSession$DelegatingLauncher.execute(DefaultLauncherSession.java:86)
	at org.junit.platform.launcher.core.SessionPerRequestLauncher.execute(SessionPerRequestLauncher.java:53)
	at org.gradle.api.internal.tasks.testing.junitplatform.JUnitPlatformTestClassProcessor$CollectAllTestClassesExecutor.processAllTestClasses(JUnitPlatformTestClassProcessor.java:99)
	at org.gradle.api.internal.tasks.testing.junitplatform.JUnitPlatformTestClassProcessor$CollectAllTestClassesExecutor.access$000(JUnitPlatformTestClassProcessor.java:79)
	at org.gradle.api.internal.tasks.testing.junitplatform.JUnitPlatformTestClassProcessor.stop(JUnitPlatformTestClassProcessor.java:75)
	at org.gradle.api.internal.tasks.testing.SuiteTestClassProcessor.stop(SuiteTestClassProcessor.java:62)
	at java.base@11.0.18/jdk.internal.reflect.NativeMethodAccessorImpl.invoke0(Native Method)
	at java.base@11.0.18/jdk.internal.reflect.NativeMethodAccessorImpl.invoke(NativeMethodAccessorImpl.java:62)
	at java.base@11.0.18/jdk.internal.reflect.DelegatingMethodAccessorImpl.invoke(DelegatingMethodAccessorImpl.java:43)
	at java.base@11.0.18/java.lang.reflect.Method.invoke(Method.java:566)
	at org.gradle.internal.dispatch.ReflectionDispatch.dispatch(ReflectionDispatch.java:36)
	at org.gradle.internal.dispatch.ReflectionDispatch.dispatch(ReflectionDispatch.java:24)
	at org.gradle.internal.dispatch.ContextClassLoaderDispatch.dispatch(ContextClassLoaderDispatch.java:33)
	at org.gradle.internal.dispatch.ProxyDispatchAdapter$DispatchingInvocationHandler.invoke(ProxyDispatchAdapter.java:94)
	at com.sun.proxy.$Proxy2.stop(Unknown Source)
	at org.gradle.api.internal.tasks.testing.worker.TestWorker$3.run(TestWorker.java:193)
	at org.gradle.api.internal.tasks.testing.worker.TestWorker.executeAndMaintainThreadName(TestWorker.java:129)
	at org.gradle.api.internal.tasks.testing.worker.TestWorker.execute(TestWorker.java:100)
	at org.gradle.api.internal.tasks.testing.worker.TestWorker.execute(TestWorker.java:60)
	at org.gradle.process.internal.worker.child.ActionExecutionWorker.execute(ActionExecutionWorker.java:56)
	at org.gradle.process.internal.worker.child.SystemApplicationClassLoaderWorker.call(SystemApplicationClassLoaderWorker.java:113)
	at org.gradle.process.internal.worker.child.SystemApplicationClassLoaderWorker.call(SystemApplicationClassLoaderWorker.java:65)
	at app//worker.org.gradle.process.internal.worker.GradleWorkerMain.run(GradleWorkerMain.java:69)
	at app//worker.org.gradle.process.internal.worker.GradleWorkerMain.main(GradleWorkerMain.java:74)
Caused by: de.uka.ilkd.key.proof.init.ProofInputException: line 135:14 mismatched input '\ifExintVar' expecting {MODALITY, FORALL, EXISTS, '\if', '\ifEx', 'true', 'false', '(', '{', '@', NOT, SEQARROW, '-', STRING_LITERAL, CHAR_LITERAL, BIN_LITERAL, HEX_LITERAL, IDENT, INT_LITERAL, FLOAT_LITERAL, DOUBLE_LITERAL, REAL_LITERAL}
line 135:27 extraneous input '(' expecting {'\lemma', '}', IDENT, '/*!'}
line 135:44 mismatched input ')' expecting {'(', '{'}
line 141:14 mismatched input '\ifExintVar' expecting {MODALITY, FORALL, EXISTS, '\if', '\ifEx', 'true', 'false', '(', '{', '@', NOT, SEQARROW, '-', STRING_LITERAL, CHAR_LITERAL, BIN_LITERAL, HEX_LITERAL, IDENT, INT_LITERAL, FLOAT_LITERAL, DOUBLE_LITERAL, REAL_LITERAL}
line 141:27 extraneous input '(' expecting {'\lemma', '}', IDENT, '/*!'}
line 141:41 mismatched input ')' expecting {'(', '{'}
line 148:14 mismatched input '\ifExintVar' expecting {MODALITY, FORALL, EXISTS, '\if', '\ifEx', 'true', 'false', '(', '{', '@', NOT, SEQARROW, '-', STRING_LITERAL, CHAR_LITERAL, BIN_LITERAL, HEX_LITERAL, IDENT, INT_LITERAL, FLOAT_LITERAL, DOUBLE_LITERAL, REAL_LITERAL}
line 148:27 extraneous input '(' expecting {'\lemma', '}', IDENT, '/*!'}
line 148:35 mismatched input '=' expecting {'(', '{'}
line 150:38 mismatched input '}' expecting {'(', '{'}
line 155:14 mismatched input '\ifExintVar' expecting {MODALITY, FORALL, EXISTS, '\if', '\ifEx', 'true', 'false', '(', '{', '@', NOT, SEQARROW, '-', STRING_LITERAL, CHAR_LITERAL, BIN_LITERAL, HEX_LITERAL, IDENT, INT_LITERAL, FLOAT_LITERAL, DOUBLE_LITERAL, REAL_LITERAL}
line 155:27 extraneous input '(' expecting {'\lemma', '}', IDENT, '/*!'}
line 155:35 mismatched input '=' expecting {'(', '{'}
line 157:38 mismatched input '}' expecting {'(', '{'}
line 163:14 mismatched input '\ifExintVar' expecting {MODALITY, FORALL, EXISTS, '\if', '\ifEx', 'true', 'false', '(', '{', '@', NOT, SEQARROW, '-', STRING_LITERAL, CHAR_LITERAL, BIN_LITERAL, HEX_LITERAL, IDENT, INT_LITERAL, FLOAT_LITERAL, DOUBLE_LITERAL, REAL_LITERAL}
line 163:27 extraneous input '(' expecting {'\lemma', '}', IDENT, '/*!'}
line 163:30 mismatched input '=' expecting {'(', '{'}
line 165:38 mismatched input '}' expecting {'(', '{'}
line 171:14 mismatched input '\ifExintVar' expecting {MODALITY, FORALL, EXISTS, '\if', '\ifEx', 'true', 'false', '(', '{', '@', NOT, SEQARROW, '-', STRING_LITERAL, CHAR_LITERAL, BIN_LITERAL, HEX_LITERAL, IDENT, INT_LITERAL, FLOAT_LITERAL, DOUBLE_LITERAL, REAL_LITERAL}
line 171:27 extraneous input '(' expecting {'\lemma', '}', IDENT, '/*!'}
line 171:30 mismatched input '=' expecting {'(', '{'}
line 173:38 mismatched input '}' expecting {'(', '{'}
line 179:14 mismatched input '\ifExintVar' expecting {MODALITY, FORALL, EXISTS, '\if', '\ifEx', 'true', 'false', '(', '{', '@', NOT, SEQARROW, '-', STRING_LITERAL, CHAR_LITERAL, BIN_LITERAL, HEX_LITERAL, IDENT, INT_LITERAL, FLOAT_LITERAL, DOUBLE_LITERAL, REAL_LITERAL}
line 179:27 extraneous input '(' expecting {'\lemma', '}', IDENT, '/*!'}
line 179:32 mismatched input '&amp;' expecting {'(', '{'}
line 181:42 mismatched input '}' expecting {'(', '{'}
line 182:39 mismatched input '}' expecting {'(', '{'}
line 188:14 mismatched input '\ifExintVar' expecting {MODALITY, FORALL, EXISTS, '\if', '\ifEx', 'true', 'false', '(', '{', '@', NOT, SEQARROW, '-', STRING_LITERAL, CHAR_LITERAL, BIN_LITERAL, HEX_LITERAL, IDENT, INT_LITERAL, FLOAT_LITERAL, DOUBLE_LITERAL, REAL_LITERAL}
line 188:27 extraneous input '(' expecting {'\lemma', '}', IDENT, '/*!'}
line 188:32 mismatched input '&amp;' expecting {'(', '{'}
line 190:42 mismatched input '}' expecting {'(', '{'}
line 191:39 mismatched input '}' expecting {'(', '{'}
line 198:14 mismatched input '\ifExintVar' expecting {MODALITY, FORALL, EXISTS, '\if', '\ifEx', 'true', 'false', '(', '{', '@', NOT, SEQARROW, '-', STRING_LITERAL, CHAR_LITERAL, BIN_LITERAL, HEX_LITERAL, IDENT, INT_LITERAL, FLOAT_LITERAL, DOUBLE_LITERAL, REAL_LITERAL}
line 198:27 extraneous input '(' expecting {'\lemma', '}', IDENT, '/*!'}
line 198:32 mismatched input '&amp;' expecting {'(', '{'}
line 200:42 mismatched input '}' expecting {'(', '{'}
line 201:39 mismatched input '}' expecting {'(', '{'}
line 208:14 mismatched input '\ifExintVar' expecting {MODALITY, FORALL, EXISTS, '\if', '\ifEx', 'true', 'false', '(', '{', '@', NOT, SEQARROW, '-', STRING_LITERAL, CHAR_LITERAL, BIN_LITERAL, HEX_LITERAL, IDENT, INT_LITERAL, FLOAT_LITERAL, DOUBLE_LITERAL, REAL_LITERAL}
line 208:27 extraneous input '(' expecting {'\lemma', '}', IDENT, '/*!'}
line 208:32 mismatched input '&amp;' expecting {'(', '{'}
line 210:42 mismatched input '}' expecting {'(', '{'}
line 211:39 mismatched input '}' expecting {'(', '{'}
line 218:14 mismatched input '\ifExintVar' expecting {MODALITY, FORALL, EXISTS, '\if', '\ifEx', 'true', 'false', '(', '{', '@', NOT, SEQARROW, '-', STRING_LITERAL, CHAR_LITERAL, BIN_LITERAL, HEX_LITERAL, IDENT, INT_LITERAL, FLOAT_LITERAL, DOUBLE_LITERAL, REAL_LITERAL}
line 218:27 extraneous input '(' expecting {'\lemma', '}', IDENT, '/*!'}
line 218:31 mismatched input ')' expecting {'(', '{'}
line 220:44 mismatched input ')' expecting {'(', '{'}
line 225:14 mismatched input '\ifExintVar' expecting {MODALITY, FORALL, EXISTS, '\if', '\ifEx', 'true', 'false', '(', '{', '@', NOT, SEQARROW, '-', STRING_LITERAL, CHAR_LITERAL, BIN_LITERAL, HEX_LITERAL, IDENT, INT_LITERAL, FLOAT_LITERAL, DOUBLE_LITERAL, REAL_LITERAL}
line 225:27 extraneous input '(' expecting {'\lemma', '}', IDENT, '/*!'}
line 225:31 mismatched input ')' expecting {'(', '{'}
line 227:44 mismatched input ')' expecting {'(', '{'}
line 233:14 mismatched input '\ifExintVar' expecting {MODALITY, FORALL, EXISTS, '\if', '\ifEx', 'true', 'false', '(', '{', '@', NOT, SEQARROW, '-', STRING_LITERAL, CHAR_LITERAL, BIN_LITERAL, HEX_LITERAL, IDENT, INT_LITERAL, FLOAT_LITERAL, DOUBLE_LITERAL, REAL_LITERAL}
line 233:27 extraneous input '(' expecting {'\lemma', '}', IDENT, '/*!'}
line 233:31 mismatched input ')' expecting {'(', '{'}
line 237:42 mismatched input '}' expecting {'(', '{'}
line 238:34 mismatched input '}' expecting {'(', '{'}
line 239:28 extraneous input '(' expecting {'\lemma', '}', IDENT, '/*!'}
line 239:33 mismatched input '-&gt;' expecting {'(', '{'}
line 240:8 extraneous input '\replacewith' expecting {'\lemma', '}', IDENT, '/*!'}
line 240:25 mismatched input ')' expecting {'(', '{'}
line 240:56 mismatched input ')' expecting {'(', '{'}
line 245:14 mismatched input '\ifExintVar' expecting {MODALITY, FORALL, EXISTS, '\if', '\ifEx', 'true', 'false', '(', '{', '@', NOT, SEQARROW, '-', STRING_LITERAL, CHAR_LITERAL, BIN_LITERAL, HEX_LITERAL, IDENT, INT_LITERAL, FLOAT_LITERAL, DOUBLE_LITERAL, REAL_LITERAL}
line 245:27 extraneous input '(' expecting {'\lemma', '}', IDENT, '/*!'}
line 245:31 mismatched input ')' expecting {'(', '{'}
line 248:45 mismatched input '}' expecting {'(', '{'}
line 249:8 extraneous input '\replacewith' expecting {'\lemma', '}', IDENT, '/*!'}
line 249:38 mismatched input ')' expecting {'(', '{'}
line 250:42 mismatched input '}' expecting {'(', '{'}
line 251:28 extraneous input '(' expecting {'\lemma', '}', IDENT, '/*!'}
line 251:33 mismatched input '-&gt;' expecting {'(', '{'}
line 255:14 mismatched input '\ifExintVar' expecting {MODALITY, FORALL, EXISTS, '\if', '\ifEx', 'true', 'false', '(', '{', '@', NOT, SEQARROW, '-', STRING_LITERAL, CHAR_LITERAL, BIN_LITERAL, HEX_LITERAL, IDENT, INT_LITERAL, FLOAT_LITERAL, DOUBLE_LITERAL, REAL_LITERAL}
line 255:27 extraneous input '(' expecting {'\lemma', '}', IDENT, '/*!'}
line 255:31 mismatched input ')' expecting {'(', '{'}
line 258:52 extraneous input '0' expecting {'\lemma', '}', IDENT, '/*!'}
line 258:54 mismatched input 'then' expecting {&lt;EOF&gt;, '\problem', '\chooseContract', '\proofObligation', '\proof'}

	at app//de.uka.ilkd.key.proof.io.KeYFile.readIncludes(KeYFile.java:210)
	at app//de.uka.ilkd.key.proof.init.ProblemInitializer.readIncludes(ProblemInitializer.java:177)
	at app//de.uka.ilkd.key.proof.init.ProblemInitializer.readEnvInput(ProblemInitializer.java:325)
	at app//de.uka.ilkd.key.proof.init.ProblemInitializer.readIncludes(ProblemInitializer.java:188)
	at app//de.uka.ilkd.key.proof.init.ProblemInitializer.readEnvInput(ProblemInitializer.java:325)
	at app//de.uka.ilkd.key.proof.init.ProblemInitializer.prepare(ProblemInitializer.java:449)
	at app//de.uka.ilkd.key.proof.io.AbstractProblemLoader.createInitConfig(AbstractProblemLoader.java:518)
	at app//de.uka.ilkd.key.proof.io.AbstractProblemLoader.loadEnvironment(AbstractProblemLoader.java:288)
	at app//de.uka.ilkd.key.proof.io.AbstractProblemLoader.load(AbstractProblemLoader.java:252)
	at app//de.uka.ilkd.key.control.AbstractUserInterfaceControl.load(AbstractUserInterfaceControl.java:209)
	... 91 more
Caused by: de.uka.ilkd.key.util.parsing.SyntaxErrorReporter$ParserException: line 135:14 mismatched input '\ifExintVar' expecting {MODALITY, FORALL, EXISTS, '\if', '\ifEx', 'true', 'false', '(', '{', '@', NOT, SEQARROW, '-', STRING_LITERAL, CHAR_LITERAL, BIN_LITERAL, HEX_LITERAL, IDENT, INT_LITERAL, FLOAT_LITERAL, DOUBLE_LITERAL, REAL_LITERAL}
line 135:27 extraneous input '(' expecting {'\lemma', '}', IDENT, '/*!'}
line 135:44 mismatched input ')' expecting {'(', '{'}
line 141:14 mismatched input '\ifExintVar' expecting {MODALITY, FORALL, EXISTS, '\if', '\ifEx', 'true', 'false', '(', '{', '@', NOT, SEQARROW, '-', STRING_LITERAL, CHAR_LITERAL, BIN_LITERAL, HEX_LITERAL, IDENT, INT_LITERAL, FLOAT_LITERAL, DOUBLE_LITERAL, REAL_LITERAL}
line 141:27 extraneous input '(' expecting {'\lemma', '}', IDENT, '/*!'}
line 141:41 mismatched input ')' expecting {'(', '{'}
line 148:14 mismatched input '\ifExintVar' expecting {MODALITY, FORALL, EXISTS, '\if', '\ifEx', 'true', 'false', '(', '{', '@', NOT, SEQARROW, '-', STRING_LITERAL, CHAR_LITERAL, BIN_LITERAL, HEX_LITERAL, IDENT, INT_LITERAL, FLOAT_LITERAL, DOUBLE_LITERAL, REAL_LITERAL}
line 148:27 extraneous input '(' expecting {'\lemma', '}', IDENT, '/*!'}
line 148:35 mismatched input '=' expecting {'(', '{'}
line 150:38 mismatched input '}' expecting {'(', '{'}
line 155:14 mismatched input '\ifExintVar' expecting {MODALITY, FORALL, EXISTS, '\if', '\ifEx', 'true', 'false', '(', '{', '@', NOT, SEQARROW, '-', STRING_LITERAL, CHAR_LITERAL, BIN_LITERAL, HEX_LITERAL, IDENT, INT_LITERAL, FLOAT_LITERAL, DOUBLE_LITERAL, REAL_LITERAL}
line 155:27 extraneous input '(' expecting {'\lemma', '}', IDENT, '/*!'}
line 155:35 mismatched input '=' expecting {'(', '{'}
line 157:38 mismatched input '}' expecting {'(', '{'}
line 163:14 mismatched input '\ifExintVar' expecting {MODALITY, FORALL, EXISTS, '\if', '\ifEx', 'true', 'false', '(', '{', '@', NOT, SEQARROW, '-', STRING_LITERAL, CHAR_LITERAL, BIN_LITERAL, HEX_LITERAL, IDENT, INT_LITERAL, FLOAT_LITERAL, DOUBLE_LITERAL, REAL_LITERAL}
line 163:27 extraneous input '(' expecting {'\lemma', '}', IDENT, '/*!'}
line 163:30 mismatched input '=' expecting {'(', '{'}
line 165:38 mismatched input '}' expecting {'(', '{'}
line 171:14 mismatched input '\ifExintVar' expecting {MODALITY, FORALL, EXISTS, '\if', '\ifEx', 'true', 'false', '(', '{', '@', NOT, SEQARROW, '-', STRING_LITERAL, CHAR_LITERAL, BIN_LITERAL, HEX_LITERAL, IDENT, INT_LITERAL, FLOAT_LITERAL, DOUBLE_LITERAL, REAL_LITERAL}
line 171:27 extraneous input '(' expecting {'\lemma', '}', IDENT, '/*!'}
line 171:30 mismatched input '=' expecting {'(', '{'}
line 173:38 mismatched input '}' expecting {'(', '{'}
line 179:14 mismatched input '\ifExintVar' expecting {MODALITY, FORALL, EXISTS, '\if', '\ifEx', 'true', 'false', '(', '{', '@', NOT, SEQARROW, '-', STRING_LITERAL, CHAR_LITERAL, BIN_LITERAL, HEX_LITERAL, IDENT, INT_LITERAL, FLOAT_LITERAL, DOUBLE_LITERAL, REAL_LITERAL}
line 179:27 extraneous input '(' expecting {'\lemma', '}', IDENT, '/*!'}
line 179:32 mismatched input '&amp;' expecting {'(', '{'}
line 181:42 mismatched input '}' expecting {'(', '{'}
line 182:39 mismatched input '}' expecting {'(', '{'}
line 188:14 mismatched input '\ifExintVar' expecting {MODALITY, FORALL, EXISTS, '\if', '\ifEx', 'true', 'false', '(', '{', '@', NOT, SEQARROW, '-', STRING_LITERAL, CHAR_LITERAL, BIN_LITERAL, HEX_LITERAL, IDENT, INT_LITERAL, FLOAT_LITERAL, DOUBLE_LITERAL, REAL_LITERAL}
line 188:27 extraneous input '(' expecting {'\lemma', '}', IDENT, '/*!'}
line 188:32 mismatched input '&amp;' expecting {'(', '{'}
line 190:42 mismatched input '}' expecting {'(', '{'}
line 191:39 mismatched input '}' expecting {'(', '{'}
line 198:14 mismatched input '\ifExintVar' expecting {MODALITY, FORALL, EXISTS, '\if', '\ifEx', 'true', 'false', '(', '{', '@', NOT, SEQARROW, '-', STRING_LITERAL, CHAR_LITERAL, BIN_LITERAL, HEX_LITERAL, IDENT, INT_LITERAL, FLOAT_LITERAL, DOUBLE_LITERAL, REAL_LITERAL}
line 198:27 extraneous input '(' expecting {'\lemma', '}', IDENT, '/*!'}
line 198:32 mismatched input '&amp;' expecting {'(', '{'}
line 200:42 mismatched input '}' expecting {'(', '{'}
line 201:39 mismatched input '}' expecting {'(', '{'}
line 208:14 mismatched input '\ifExintVar' expecting {MODALITY, FORALL, EXISTS, '\if', '\ifEx', 'true', 'false', '(', '{', '@', NOT, SEQARROW, '-', STRING_LITERAL, CHAR_LITERAL, BIN_LITERAL, HEX_LITERAL, IDENT, INT_LITERAL, FLOAT_LITERAL, DOUBLE_LITERAL, REAL_LITERAL}
line 208:27 extraneous input '(' expecting {'\lemma', '}', IDENT, '/*!'}
line 208:32 mismatched input '&amp;' expecting {'(', '{'}
line 210:42 mismatched input '}' expecting {'(', '{'}
line 211:39 mismatched input '}' expecting {'(', '{'}
line 218:14 mismatched input '\ifExintVar' expecting {MODALITY, FORALL, EXISTS, '\if', '\ifEx', 'true', 'false', '(', '{', '@', NOT, SEQARROW, '-', STRING_LITERAL, CHAR_LITERAL, BIN_LITERAL, HEX_LITERAL, IDENT, INT_LITERAL, FLOAT_LITERAL, DOUBLE_LITERAL, REAL_LITERAL}
line 218:27 extraneous input '(' expecting {'\lemma', '}', IDENT, '/*!'}
line 218:31 mismatched input ')' expecting {'(', '{'}
line 220:44 mismatched input ')' expecting {'(', '{'}
line 225:14 mismatched input '\ifExintVar' expecting {MODALITY, FORALL, EXISTS, '\if', '\ifEx', 'true', 'false', '(', '{', '@', NOT, SEQARROW, '-', STRING_LITERAL, CHAR_LITERAL, BIN_LITERAL, HEX_LITERAL, IDENT, INT_LITERAL, FLOAT_LITERAL, DOUBLE_LITERAL, REAL_LITERAL}
line 225:27 extraneous input '(' expecting {'\lemma', '}', IDENT, '/*!'}
line 225:31 mismatched input ')' expecting {'(', '{'}
line 227:44 mismatched input ')' expecting {'(', '{'}
line 233:14 mismatched input '\ifExintVar' expecting {MODALITY, FORALL, EXISTS, '\if', '\ifEx', 'true', 'false', '(', '{', '@', NOT, SEQARROW, '-', STRING_LITERAL, CHAR_LITERAL, BIN_LITERAL, HEX_LITERAL, IDENT, INT_LITERAL, FLOAT_LITERAL, DOUBLE_LITERAL, REAL_LITERAL}
line 233:27 extraneous input '(' expecting {'\lemma', '}', IDENT, '/*!'}
line 233:31 mismatched input ')' expecting {'(', '{'}
line 237:42 mismatched input '}' expecting {'(', '{'}
line 238:34 mismatched input '}' expecting {'(', '{'}
line 239:28 extraneous input '(' expecting {'\lemma', '}', IDENT, '/*!'}
line 239:33 mismatched input '-&gt;' expecting {'(', '{'}
line 240:8 extraneous input '\replacewith' expecting {'\lemma', '}', IDENT, '/*!'}
line 240:25 mismatched input ')' expecting {'(', '{'}
line 240:56 mismatched input ')' expecting {'(', '{'}
line 245:14 mismatched input '\ifExintVar' expecting {MODALITY, FORALL, EXISTS, '\if', '\ifEx', 'true', 'false', '(', '{', '@', NOT, SEQARROW, '-', STRING_LITERAL, CHAR_LITERAL, BIN_LITERAL, HEX_LITERAL, IDENT, INT_LITERAL, FLOAT_LITERAL, DOUBLE_LITERAL, REAL_LITERAL}
line 245:27 extraneous input '(' expecting {'\lemma', '}', IDENT, '/*!'}
line 245:31 mismatched input ')' expecting {'(', '{'}
line 248:45 mismatched input '}' expecting {'(', '{'}
line 249:8 extraneous input '\replacewith' expecting {'\lemma', '}', IDENT, '/*!'}
line 249:38 mismatched input ')' expecting {'(', '{'}
line 250:42 mismatched input '}' expecting {'(', '{'}
line 251:28 extraneous input '(' expecting {'\lemma', '}', IDENT, '/*!'}
line 251:33 mismatched input '-&gt;' expecting {'(', '{'}
line 255:14 mismatched input '\ifExintVar' expecting {MODALITY, FORALL, EXISTS, '\if', '\ifEx', 'true', 'false', '(', '{', '@', NOT, SEQARROW, '-', STRING_LITERAL, CHAR_LITERAL, BIN_LITERAL, HEX_LITERAL, IDENT, INT_LITERAL, FLOAT_LITERAL, DOUBLE_LITERAL, REAL_LITERAL}
line 255:27 extraneous input '(' expecting {'\lemma', '}', IDENT, '/*!'}
line 255:31 mismatched input ')' expecting {'(', '{'}
line 258:52 extraneous input '0' expecting {'\lemma', '}', IDENT, '/*!'}
line 258:54 mismatched input 'then' expecting {&lt;EOF&gt;, '\problem', '\chooseContract', '\proofObligation', '\proof'}

	at app//de.uka.ilkd.key.util.parsing.SyntaxErrorReporter.throwException(SyntaxErrorReporter.java:89)
	at app//de.uka.ilkd.key.nparser.ParsingFacade.parseFile(ParsingFacade.java:125)
	at app//de.uka.ilkd.key.proof.io.KeYFile.getParseContext(KeYFile.java:160)
	at app//de.uka.ilkd.key.proof.io.KeYFile.readIncludes(KeYFile.java:206)
	... 100 more
</failure>
  </testcase>
  <testcase name="testInstantiateLabels_directChildPolicies_ruleSpecific()" classname="de.uka.ilkd.key.logic.TestTermLabelManager" time="0.086">
    <failure message="org.opentest4j.AssertionFailedError" type="org.opentest4j.AssertionFailedError">org.opentest4j.AssertionFailedError
	at app//org.junit.jupiter.api.AssertionUtils.fail(AssertionUtils.java:35)
	at app//org.junit.jupiter.api.Assertions.fail(Assertions.java:115)
	at app//de.uka.ilkd.key.logic.TestTermLabelManager.testInstantiateLabels_directChildPolicies_ruleSpecific(TestTermLabelManager.java:401)
	at java.base@11.0.18/jdk.internal.reflect.NativeMethodAccessorImpl.invoke0(Native Method)
	at java.base@11.0.18/jdk.internal.reflect.NativeMethodAccessorImpl.invoke(NativeMethodAccessorImpl.java:62)
	at java.base@11.0.18/jdk.internal.reflect.DelegatingMethodAccessorImpl.invoke(DelegatingMethodAccessorImpl.java:43)
	at java.base@11.0.18/java.lang.reflect.Method.invoke(Method.java:566)
	at app//org.junit.platform.commons.util.ReflectionUtils.invokeMethod(ReflectionUtils.java:725)
	at app//org.junit.jupiter.engine.execution.MethodInvocation.proceed(MethodInvocation.java:60)
	at app//org.junit.jupiter.engine.execution.InvocationInterceptorChain$ValidatingInvocation.proceed(InvocationInterceptorChain.java:131)
	at app//org.junit.jupiter.engine.extension.TimeoutExtension.intercept(TimeoutExtension.java:149)
	at app//org.junit.jupiter.engine.extension.TimeoutExtension.interceptTestableMethod(TimeoutExtension.java:140)
	at app//org.junit.jupiter.engine.extension.TimeoutExtension.interceptTestMethod(TimeoutExtension.java:84)
	at app//org.junit.jupiter.engine.execution.ExecutableInvoker$ReflectiveInterceptorCall.lambda$ofVoidMethod$0(ExecutableInvoker.java:115)
	at app//org.junit.jupiter.engine.execution.ExecutableInvoker.lambda$invoke$0(ExecutableInvoker.java:105)
	at app//org.junit.jupiter.engine.execution.InvocationInterceptorChain$InterceptedInvocation.proceed(InvocationInterceptorChain.java:106)
	at app//org.junit.jupiter.engine.execution.InvocationInterceptorChain.proceed(InvocationInterceptorChain.java:64)
	at app//org.junit.jupiter.engine.execution.InvocationInterceptorChain.chainAndInvoke(InvocationInterceptorChain.java:45)
	at app//org.junit.jupiter.engine.execution.InvocationInterceptorChain.invoke(InvocationInterceptorChain.java:37)
	at app//org.junit.jupiter.engine.execution.ExecutableInvoker.invoke(ExecutableInvoker.java:104)
	at app//org.junit.jupiter.engine.execution.ExecutableInvoker.invoke(ExecutableInvoker.java:98)
	at app//org.junit.jupiter.engine.descriptor.TestMethodTestDescriptor.lambda$invokeTestMethod$7(TestMethodTestDescriptor.java:214)
	at app//org.junit.platform.engine.support.hierarchical.ThrowableCollector.execute(ThrowableCollector.java:73)
	at app//org.junit.jupiter.engine.descriptor.TestMethodTestDescriptor.invokeTestMethod(TestMethodTestDescriptor.java:210)
	at app//org.junit.jupiter.engine.descriptor.TestMethodTestDescriptor.execute(TestMethodTestDescriptor.java:135)
	at app//org.junit.jupiter.engine.descriptor.TestMethodTestDescriptor.execute(TestMethodTestDescriptor.java:66)
	at app//org.junit.platform.engine.support.hierarchical.NodeTestTask.lambda$executeRecursively$6(NodeTestTask.java:151)
	at app//org.junit.platform.engine.support.hierarchical.ThrowableCollector.execute(ThrowableCollector.java:73)
	at app//org.junit.platform.engine.support.hierarchical.NodeTestTask.lambda$executeRecursively$8(NodeTestTask.java:141)
	at app//org.junit.platform.engine.support.hierarchical.Node.around(Node.java:137)
	at app//org.junit.platform.engine.support.hierarchical.NodeTestTask.lambda$executeRecursively$9(NodeTestTask.java:139)
	at app//org.junit.platform.engine.support.hierarchical.ThrowableCollector.execute(ThrowableCollector.java:73)
	at app//org.junit.platform.engine.support.hierarchical.NodeTestTask.executeRecursively(NodeTestTask.java:138)
	at app//org.junit.platform.engine.support.hierarchical.NodeTestTask.execute(NodeTestTask.java:95)
	at java.base@11.0.18/java.util.ArrayList.forEach(ArrayList.java:1541)
	at app//org.junit.platform.engine.support.hierarchical.SameThreadHierarchicalTestExecutorService.invokeAll(SameThreadHierarchicalTestExecutorService.java:41)
	at app//org.junit.platform.engine.support.hierarchical.NodeTestTask.lambda$executeRecursively$6(NodeTestTask.java:155)
	at app//org.junit.platform.engine.support.hierarchical.ThrowableCollector.execute(ThrowableCollector.java:73)
	at app//org.junit.platform.engine.support.hierarchical.NodeTestTask.lambda$executeRecursively$8(NodeTestTask.java:141)
	at app//org.junit.platform.engine.support.hierarchical.Node.around(Node.java:137)
	at app//org.junit.platform.engine.support.hierarchical.NodeTestTask.lambda$executeRecursively$9(NodeTestTask.java:139)
	at app//org.junit.platform.engine.support.hierarchical.ThrowableCollector.execute(ThrowableCollector.java:73)
	at app//org.junit.platform.engine.support.hierarchical.NodeTestTask.executeRecursively(NodeTestTask.java:138)
	at app//org.junit.platform.engine.support.hierarchical.NodeTestTask.execute(NodeTestTask.java:95)
	at java.base@11.0.18/java.util.ArrayList.forEach(ArrayList.java:1541)
	at app//org.junit.platform.engine.support.hierarchical.SameThreadHierarchicalTestExecutorService.invokeAll(SameThreadHierarchicalTestExecutorService.java:41)
	at app//org.junit.platform.engine.support.hierarchical.NodeTestTask.lambda$executeRecursively$6(NodeTestTask.java:155)
	at app//org.junit.platform.engine.support.hierarchical.ThrowableCollector.execute(ThrowableCollector.java:73)
	at app//org.junit.platform.engine.support.hierarchical.NodeTestTask.lambda$executeRecursively$8(NodeTestTask.java:141)
	at app//org.junit.platform.engine.support.hierarchical.Node.around(Node.java:137)
	at app//org.junit.platform.engine.support.hierarchical.NodeTestTask.lambda$executeRecursively$9(NodeTestTask.java:139)
	at app//org.junit.platform.engine.support.hierarchical.ThrowableCollector.execute(ThrowableCollector.java:73)
	at app//org.junit.platform.engine.support.hierarchical.NodeTestTask.executeRecursively(NodeTestTask.java:138)
	at app//org.junit.platform.engine.support.hierarchical.NodeTestTask.execute(NodeTestTask.java:95)
	at app//org.junit.platform.engine.support.hierarchical.SameThreadHierarchicalTestExecutorService.submit(SameThreadHierarchicalTestExecutorService.java:35)
	at app//org.junit.platform.engine.support.hierarchical.HierarchicalTestExecutor.execute(HierarchicalTestExecutor.java:57)
	at app//org.junit.platform.engine.support.hierarchical.HierarchicalTestEngine.execute(HierarchicalTestEngine.java:54)
	at org.junit.platform.launcher.core.EngineExecutionOrchestrator.execute(EngineExecutionOrchestrator.java:107)
	at org.junit.platform.launcher.core.EngineExecutionOrchestrator.execute(EngineExecutionOrchestrator.java:88)
	at org.junit.platform.launcher.core.EngineExecutionOrchestrator.lambda$execute$0(EngineExecutionOrchestrator.java:54)
	at org.junit.platform.launcher.core.EngineExecutionOrchestrator.withInterceptedStreams(EngineExecutionOrchestrator.java:67)
	at org.junit.platform.launcher.core.EngineExecutionOrchestrator.execute(EngineExecutionOrchestrator.java:52)
	at org.junit.platform.launcher.core.DefaultLauncher.execute(DefaultLauncher.java:114)
	at org.junit.platform.launcher.core.DefaultLauncher.execute(DefaultLauncher.java:86)
	at org.junit.platform.launcher.core.DefaultLauncherSession$DelegatingLauncher.execute(DefaultLauncherSession.java:86)
	at org.junit.platform.launcher.core.SessionPerRequestLauncher.execute(SessionPerRequestLauncher.java:53)
	at org.gradle.api.internal.tasks.testing.junitplatform.JUnitPlatformTestClassProcessor$CollectAllTestClassesExecutor.processAllTestClasses(JUnitPlatformTestClassProcessor.java:99)
	at org.gradle.api.internal.tasks.testing.junitplatform.JUnitPlatformTestClassProcessor$CollectAllTestClassesExecutor.access$000(JUnitPlatformTestClassProcessor.java:79)
	at org.gradle.api.internal.tasks.testing.junitplatform.JUnitPlatformTestClassProcessor.stop(JUnitPlatformTestClassProcessor.java:75)
	at org.gradle.api.internal.tasks.testing.SuiteTestClassProcessor.stop(SuiteTestClassProcessor.java:62)
	at java.base@11.0.18/jdk.internal.reflect.NativeMethodAccessorImpl.invoke0(Native Method)
	at java.base@11.0.18/jdk.internal.reflect.NativeMethodAccessorImpl.invoke(NativeMethodAccessorImpl.java:62)
	at java.base@11.0.18/jdk.internal.reflect.DelegatingMethodAccessorImpl.invoke(DelegatingMethodAccessorImpl.java:43)
	at java.base@11.0.18/java.lang.reflect.Method.invoke(Method.java:566)
	at org.gradle.internal.dispatch.ReflectionDispatch.dispatch(ReflectionDispatch.java:36)
	at org.gradle.internal.dispatch.ReflectionDispatch.dispatch(ReflectionDispatch.java:24)
	at org.gradle.internal.dispatch.ContextClassLoaderDispatch.dispatch(ContextClassLoaderDispatch.java:33)
	at org.gradle.internal.dispatch.ProxyDispatchAdapter$DispatchingInvocationHandler.invoke(ProxyDispatchAdapter.java:94)
	at com.sun.proxy.$Proxy2.stop(Unknown Source)
	at org.gradle.api.internal.tasks.testing.worker.TestWorker$3.run(TestWorker.java:193)
	at org.gradle.api.internal.tasks.testing.worker.TestWorker.executeAndMaintainThreadName(TestWorker.java:129)
	at org.gradle.api.internal.tasks.testing.worker.TestWorker.execute(TestWorker.java:100)
	at org.gradle.api.internal.tasks.testing.worker.TestWorker.execute(TestWorker.java:60)
	at org.gradle.process.internal.worker.child.ActionExecutionWorker.execute(ActionExecutionWorker.java:56)
	at org.gradle.process.internal.worker.child.SystemApplicationClassLoaderWorker.call(SystemApplicationClassLoaderWorker.java:113)
	at org.gradle.process.internal.worker.child.SystemApplicationClassLoaderWorker.call(SystemApplicationClassLoaderWorker.java:65)
	at app//worker.org.gradle.process.internal.worker.GradleWorkerMain.run(GradleWorkerMain.java:69)
	at app//worker.org.gradle.process.internal.worker.GradleWorkerMain.main(GradleWorkerMain.java:74)
</failure>
  </testcase>
  <testcase name="testGetSupportedTermLabelNames()" classname="de.uka.ilkd.key.logic.TestTermLabelManager" time="0.049">
    <failure message="org.opentest4j.AssertionFailedError" type="org.opentest4j.AssertionFailedError">org.opentest4j.AssertionFailedError
	at app//org.junit.jupiter.api.AssertionUtils.fail(AssertionUtils.java:35)
	at app//org.junit.jupiter.api.Assertions.fail(Assertions.java:115)
	at app//de.uka.ilkd.key.logic.TestTermLabelManager.testGetSupportedTermLabelNames(TestTermLabelManager.java:592)
	at java.base@11.0.18/jdk.internal.reflect.NativeMethodAccessorImpl.invoke0(Native Method)
	at java.base@11.0.18/jdk.internal.reflect.NativeMethodAccessorImpl.invoke(NativeMethodAccessorImpl.java:62)
	at java.base@11.0.18/jdk.internal.reflect.DelegatingMethodAccessorImpl.invoke(DelegatingMethodAccessorImpl.java:43)
	at java.base@11.0.18/java.lang.reflect.Method.invoke(Method.java:566)
	at app//org.junit.platform.commons.util.ReflectionUtils.invokeMethod(ReflectionUtils.java:725)
	at app//org.junit.jupiter.engine.execution.MethodInvocation.proceed(MethodInvocation.java:60)
	at app//org.junit.jupiter.engine.execution.InvocationInterceptorChain$ValidatingInvocation.proceed(InvocationInterceptorChain.java:131)
	at app//org.junit.jupiter.engine.extension.TimeoutExtension.intercept(TimeoutExtension.java:149)
	at app//org.junit.jupiter.engine.extension.TimeoutExtension.interceptTestableMethod(TimeoutExtension.java:140)
	at app//org.junit.jupiter.engine.extension.TimeoutExtension.interceptTestMethod(TimeoutExtension.java:84)
	at app//org.junit.jupiter.engine.execution.ExecutableInvoker$ReflectiveInterceptorCall.lambda$ofVoidMethod$0(ExecutableInvoker.java:115)
	at app//org.junit.jupiter.engine.execution.ExecutableInvoker.lambda$invoke$0(ExecutableInvoker.java:105)
	at app//org.junit.jupiter.engine.execution.InvocationInterceptorChain$InterceptedInvocation.proceed(InvocationInterceptorChain.java:106)
	at app//org.junit.jupiter.engine.execution.InvocationInterceptorChain.proceed(InvocationInterceptorChain.java:64)
	at app//org.junit.jupiter.engine.execution.InvocationInterceptorChain.chainAndInvoke(InvocationInterceptorChain.java:45)
	at app//org.junit.jupiter.engine.execution.InvocationInterceptorChain.invoke(InvocationInterceptorChain.java:37)
	at app//org.junit.jupiter.engine.execution.ExecutableInvoker.invoke(ExecutableInvoker.java:104)
	at app//org.junit.jupiter.engine.execution.ExecutableInvoker.invoke(ExecutableInvoker.java:98)
	at app//org.junit.jupiter.engine.descriptor.TestMethodTestDescriptor.lambda$invokeTestMethod$7(TestMethodTestDescriptor.java:214)
	at app//org.junit.platform.engine.support.hierarchical.ThrowableCollector.execute(ThrowableCollector.java:73)
	at app//org.junit.jupiter.engine.descriptor.TestMethodTestDescriptor.invokeTestMethod(TestMethodTestDescriptor.java:210)
	at app//org.junit.jupiter.engine.descriptor.TestMethodTestDescriptor.execute(TestMethodTestDescriptor.java:135)
	at app//org.junit.jupiter.engine.descriptor.TestMethodTestDescriptor.execute(TestMethodTestDescriptor.java:66)
	at app//org.junit.platform.engine.support.hierarchical.NodeTestTask.lambda$executeRecursively$6(NodeTestTask.java:151)
	at app//org.junit.platform.engine.support.hierarchical.ThrowableCollector.execute(ThrowableCollector.java:73)
	at app//org.junit.platform.engine.support.hierarchical.NodeTestTask.lambda$executeRecursively$8(NodeTestTask.java:141)
	at app//org.junit.platform.engine.support.hierarchical.Node.around(Node.java:137)
	at app//org.junit.platform.engine.support.hierarchical.NodeTestTask.lambda$executeRecursively$9(NodeTestTask.java:139)
	at app//org.junit.platform.engine.support.hierarchical.ThrowableCollector.execute(ThrowableCollector.java:73)
	at app//org.junit.platform.engine.support.hierarchical.NodeTestTask.executeRecursively(NodeTestTask.java:138)
	at app//org.junit.platform.engine.support.hierarchical.NodeTestTask.execute(NodeTestTask.java:95)
	at java.base@11.0.18/java.util.ArrayList.forEach(ArrayList.java:1541)
	at app//org.junit.platform.engine.support.hierarchical.SameThreadHierarchicalTestExecutorService.invokeAll(SameThreadHierarchicalTestExecutorService.java:41)
	at app//org.junit.platform.engine.support.hierarchical.NodeTestTask.lambda$executeRecursively$6(NodeTestTask.java:155)
	at app//org.junit.platform.engine.support.hierarchical.ThrowableCollector.execute(ThrowableCollector.java:73)
	at app//org.junit.platform.engine.support.hierarchical.NodeTestTask.lambda$executeRecursively$8(NodeTestTask.java:141)
	at app//org.junit.platform.engine.support.hierarchical.Node.around(Node.java:137)
	at app//org.junit.platform.engine.support.hierarchical.NodeTestTask.lambda$executeRecursively$9(NodeTestTask.java:139)
	at app//org.junit.platform.engine.support.hierarchical.ThrowableCollector.execute(ThrowableCollector.java:73)
	at app//org.junit.platform.engine.support.hierarchical.NodeTestTask.executeRecursively(NodeTestTask.java:138)
	at app//org.junit.platform.engine.support.hierarchical.NodeTestTask.execute(NodeTestTask.java:95)
	at java.base@11.0.18/java.util.ArrayList.forEach(ArrayList.java:1541)
	at app//org.junit.platform.engine.support.hierarchical.SameThreadHierarchicalTestExecutorService.invokeAll(SameThreadHierarchicalTestExecutorService.java:41)
	at app//org.junit.platform.engine.support.hierarchical.NodeTestTask.lambda$executeRecursively$6(NodeTestTask.java:155)
	at app//org.junit.platform.engine.support.hierarchical.ThrowableCollector.execute(ThrowableCollector.java:73)
	at app//org.junit.platform.engine.support.hierarchical.NodeTestTask.lambda$executeRecursively$8(NodeTestTask.java:141)
	at app//org.junit.platform.engine.support.hierarchical.Node.around(Node.java:137)
	at app//org.junit.platform.engine.support.hierarchical.NodeTestTask.lambda$executeRecursively$9(NodeTestTask.java:139)
	at app//org.junit.platform.engine.support.hierarchical.ThrowableCollector.execute(ThrowableCollector.java:73)
	at app//org.junit.platform.engine.support.hierarchical.NodeTestTask.executeRecursively(NodeTestTask.java:138)
	at app//org.junit.platform.engine.support.hierarchical.NodeTestTask.execute(NodeTestTask.java:95)
	at app//org.junit.platform.engine.support.hierarchical.SameThreadHierarchicalTestExecutorService.submit(SameThreadHierarchicalTestExecutorService.java:35)
	at app//org.junit.platform.engine.support.hierarchical.HierarchicalTestExecutor.execute(HierarchicalTestExecutor.java:57)
	at app//org.junit.platform.engine.support.hierarchical.HierarchicalTestEngine.execute(HierarchicalTestEngine.java:54)
	at org.junit.platform.launcher.core.EngineExecutionOrchestrator.execute(EngineExecutionOrchestrator.java:107)
	at org.junit.platform.launcher.core.EngineExecutionOrchestrator.execute(EngineExecutionOrchestrator.java:88)
	at org.junit.platform.launcher.core.EngineExecutionOrchestrator.lambda$execute$0(EngineExecutionOrchestrator.java:54)
	at org.junit.platform.launcher.core.EngineExecutionOrchestrator.withInterceptedStreams(EngineExecutionOrchestrator.java:67)
	at org.junit.platform.launcher.core.EngineExecutionOrchestrator.execute(EngineExecutionOrchestrator.java:52)
	at org.junit.platform.launcher.core.DefaultLauncher.execute(DefaultLauncher.java:114)
	at org.junit.platform.launcher.core.DefaultLauncher.execute(DefaultLauncher.java:86)
	at org.junit.platform.launcher.core.DefaultLauncherSession$DelegatingLauncher.execute(DefaultLauncherSession.java:86)
	at org.junit.platform.launcher.core.SessionPerRequestLauncher.execute(SessionPerRequestLauncher.java:53)
	at org.gradle.api.internal.tasks.testing.junitplatform.JUnitPlatformTestClassProcessor$CollectAllTestClassesExecutor.processAllTestClasses(JUnitPlatformTestClassProcessor.java:99)
	at org.gradle.api.internal.tasks.testing.junitplatform.JUnitPlatformTestClassProcessor$CollectAllTestClassesExecutor.access$000(JUnitPlatformTestClassProcessor.java:79)
	at org.gradle.api.internal.tasks.testing.junitplatform.JUnitPlatformTestClassProcessor.stop(JUnitPlatformTestClassProcessor.java:75)
	at org.gradle.api.internal.tasks.testing.SuiteTestClassProcessor.stop(SuiteTestClassProcessor.java:62)
	at java.base@11.0.18/jdk.internal.reflect.NativeMethodAccessorImpl.invoke0(Native Method)
	at java.base@11.0.18/jdk.internal.reflect.NativeMethodAccessorImpl.invoke(NativeMethodAccessorImpl.java:62)
	at java.base@11.0.18/jdk.internal.reflect.DelegatingMethodAccessorImpl.invoke(DelegatingMethodAccessorImpl.java:43)
	at java.base@11.0.18/java.lang.reflect.Method.invoke(Method.java:566)
	at org.gradle.internal.dispatch.ReflectionDispatch.dispatch(ReflectionDispatch.java:36)
	at org.gradle.internal.dispatch.ReflectionDispatch.dispatch(ReflectionDispatch.java:24)
	at org.gradle.internal.dispatch.ContextClassLoaderDispatch.dispatch(ContextClassLoaderDispatch.java:33)
	at org.gradle.internal.dispatch.ProxyDispatchAdapter$DispatchingInvocationHandler.invoke(ProxyDispatchAdapter.java:94)
	at com.sun.proxy.$Proxy2.stop(Unknown Source)
	at org.gradle.api.internal.tasks.testing.worker.TestWorker$3.run(TestWorker.java:193)
	at org.gradle.api.internal.tasks.testing.worker.TestWorker.executeAndMaintainThreadName(TestWorker.java:129)
	at org.gradle.api.internal.tasks.testing.worker.TestWorker.execute(TestWorker.java:100)
	at org.gradle.api.internal.tasks.testing.worker.TestWorker.execute(TestWorker.java:60)
	at org.gradle.process.internal.worker.child.ActionExecutionWorker.execute(ActionExecutionWorker.java:56)
	at org.gradle.process.internal.worker.child.SystemApplicationClassLoaderWorker.call(SystemApplicationClassLoaderWorker.java:113)
	at org.gradle.process.internal.worker.child.SystemApplicationClassLoaderWorker.call(SystemApplicationClassLoaderWorker.java:65)
	at app//worker.org.gradle.process.internal.worker.GradleWorkerMain.run(GradleWorkerMain.java:69)
	at app//worker.org.gradle.process.internal.worker.GradleWorkerMain.main(GradleWorkerMain.java:74)
</failure>
  </testcase>
  <system-out><![CDATA[125286     WARN  Test worker     d.u.i.k.n.KeYParser       [syntax-error] file:/home/runner/work/key/key/key.core/build/resources/main/de/uka/ilkd/key/proof/rules/ifThenElseRules.key:135:14: mismatched input '\ifExintVar' expecting {MODALITY, FORALL, EXISTS, '\if', '\ifEx', 'true', 'false', '(', '{', '@', NOT, SEQARROW, '-', STRING_LITERAL, CHAR_LITERAL, BIN_LITERAL, HEX_LITERAL, IDENT, INT_LITERAL, FLOAT_LITERAL, DOUBLE_LITERAL, REAL_LITERAL} [@745,3563:3573='\ifExintVar',<188>,135:14] (termorseq, taclet, rulesOrAxioms, decls, file) 
125286     WARN  Test worker     d.u.i.k.n.KeYParser       [syntax-error] file:/home/runner/work/key/key/key.core/build/resources/main/de/uka/ilkd/key/proof/rules/ifThenElseRules.key:135:27: extraneous input '(' expecting {'\lemma', '}', IDENT, '/*!'} [@748,3576:3576='(',<146>,135:27] (rulesOrAxioms, decls, file) 
125287     WARN  Test worker     d.u.i.k.n.KeYParser       [syntax-error] file:/home/runner/work/key/key/key.core/build/resources/main/de/uka/ilkd/key/proof/rules/ifThenElseRules.key:135:44: mismatched input ')' expecting {'(', '{'} [@754,3593:3593=')',<147>,135:44] (taclet, rulesOrAxioms, decls, file) 
125287     WARN  Test worker     d.u.i.k.n.KeYParser       [syntax-error] file:/home/runner/work/key/key/key.core/build/resources/main/de/uka/ilkd/key/proof/rules/ifThenElseRules.key:141:14: mismatched input '\ifExintVar' expecting {MODALITY, FORALL, EXISTS, '\if', '\ifEx', 'true', 'false', '(', '{', '@', NOT, SEQARROW, '-', STRING_LITERAL, CHAR_LITERAL, BIN_LITERAL, HEX_LITERAL, IDENT, INT_LITERAL, FLOAT_LITERAL, DOUBLE_LITERAL, REAL_LITERAL} [@780,3716:3726='\ifExintVar',<188>,141:14] (termorseq, taclet, rulesOrAxioms, decls, file) 
125287     WARN  Test worker     d.u.i.k.n.KeYParser       [syntax-error] file:/home/runner/work/key/key/key.core/build/resources/main/de/uka/ilkd/key/proof/rules/ifThenElseRules.key:141:27: extraneous input '(' expecting {'\lemma', '}', IDENT, '/*!'} [@783,3729:3729='(',<146>,141:27] (rulesOrAxioms, decls, file) 
125287     WARN  Test worker     d.u.i.k.n.KeYParser       [syntax-error] file:/home/runner/work/key/key/key.core/build/resources/main/de/uka/ilkd/key/proof/rules/ifThenElseRules.key:141:41: mismatched input ')' expecting {'(', '{'} [@789,3743:3743=')',<147>,141:41] (taclet, rulesOrAxioms, decls, file) 
125287     WARN  Test worker     d.u.i.k.n.KeYParser       [syntax-error] file:/home/runner/work/key/key/key.core/build/resources/main/de/uka/ilkd/key/proof/rules/ifThenElseRules.key:148:14: mismatched input '\ifExintVar' expecting {MODALITY, FORALL, EXISTS, '\if', '\ifEx', 'true', 'false', '(', '{', '@', NOT, SEQARROW, '-', STRING_LITERAL, CHAR_LITERAL, BIN_LITERAL, HEX_LITERAL, IDENT, INT_LITERAL, FLOAT_LITERAL, DOUBLE_LITERAL, REAL_LITERAL} [@819,3896:3906='\ifExintVar',<188>,148:14] (termorseq, taclet, rulesOrAxioms, decls, file) 
125287     WARN  Test worker     d.u.i.k.n.KeYParser       [syntax-error] file:/home/runner/work/key/key/key.core/build/resources/main/de/uka/ilkd/key/proof/rules/ifThenElseRules.key:148:27: extraneous input '(' expecting {'\lemma', '}', IDENT, '/*!'} [@822,3909:3909='(',<146>,148:27] (rulesOrAxioms, decls, file) 
125288     WARN  Test worker     d.u.i.k.n.KeYParser       [syntax-error] file:/home/runner/work/key/key/key.core/build/resources/main/de/uka/ilkd/key/proof/rules/ifThenElseRules.key:148:35: mismatched input '=' expecting {'(', '{'} [@825,3917:3917='=',<159>,148:35] (taclet, rulesOrAxioms, decls, file) 
125288     WARN  Test worker     d.u.i.k.n.KeYParser       [syntax-error] file:/home/runner/work/key/key/key.core/build/resources/main/de/uka/ilkd/key/proof/rules/ifThenElseRules.key:150:38: mismatched input '}' expecting {'(', '{'} [@859,4023:4023='}',<149>,150:38] (taclet, rulesOrAxioms, decls, file) 
125288     WARN  Test worker     d.u.i.k.n.KeYParser       [syntax-error] file:/home/runner/work/key/key/key.core/build/resources/main/de/uka/ilkd/key/proof/rules/ifThenElseRules.key:155:14: mismatched input '\ifExintVar' expecting {MODALITY, FORALL, EXISTS, '\if', '\ifEx', 'true', 'false', '(', '{', '@', NOT, SEQARROW, '-', STRING_LITERAL, CHAR_LITERAL, BIN_LITERAL, HEX_LITERAL, IDENT, INT_LITERAL, FLOAT_LITERAL, DOUBLE_LITERAL, REAL_LITERAL} [@877,4109:4119='\ifExintVar',<188>,155:14] (termorseq, taclet, rulesOrAxioms, decls, file) 
125288     WARN  Test worker     d.u.i.k.n.KeYParser       [syntax-error] file:/home/runner/work/key/key/key.core/build/resources/main/de/uka/ilkd/key/proof/rules/ifThenElseRules.key:155:27: extraneous input '(' expecting {'\lemma', '}', IDENT, '/*!'} [@880,4122:4122='(',<146>,155:27] (rulesOrAxioms, decls, file) 
125288     WARN  Test worker     d.u.i.k.n.KeYParser       [syntax-error] file:/home/runner/work/key/key/key.core/build/resources/main/de/uka/ilkd/key/proof/rules/ifThenElseRules.key:155:35: mismatched input '=' expecting {'(', '{'} [@883,4130:4130='=',<159>,155:35] (taclet, rulesOrAxioms, decls, file) 
125290     WARN  Test worker     d.u.i.k.n.KeYParser       [syntax-error] file:/home/runner/work/key/key/key.core/build/resources/main/de/uka/ilkd/key/proof/rules/ifThenElseRules.key:157:38: mismatched input '}' expecting {'(', '{'} [@917,4230:4230='}',<149>,157:38] (taclet, rulesOrAxioms, decls, file) 
125290     WARN  Test worker     d.u.i.k.n.KeYParser       [syntax-error] file:/home/runner/work/key/key/key.core/build/resources/main/de/uka/ilkd/key/proof/rules/ifThenElseRules.key:163:14: mismatched input '\ifExintVar' expecting {MODALITY, FORALL, EXISTS, '\if', '\ifEx', 'true', 'false', '(', '{', '@', NOT, SEQARROW, '-', STRING_LITERAL, CHAR_LITERAL, BIN_LITERAL, HEX_LITERAL, IDENT, INT_LITERAL, FLOAT_LITERAL, DOUBLE_LITERAL, REAL_LITERAL} [@939,4350:4360='\ifExintVar',<188>,163:14] (termorseq, taclet, rulesOrAxioms, decls, file) 
125290     WARN  Test worker     d.u.i.k.n.KeYParser       [syntax-error] file:/home/runner/work/key/key/key.core/build/resources/main/de/uka/ilkd/key/proof/rules/ifThenElseRules.key:163:27: extraneous input '(' expecting {'\lemma', '}', IDENT, '/*!'} [@942,4363:4363='(',<146>,163:27] (rulesOrAxioms, decls, file) 
125290     WARN  Test worker     d.u.i.k.n.KeYParser       [syntax-error] file:/home/runner/work/key/key/key.core/build/resources/main/de/uka/ilkd/key/proof/rules/ifThenElseRules.key:163:30: mismatched input '=' expecting {'(', '{'} [@945,4366:4366='=',<159>,163:30] (taclet, rulesOrAxioms, decls, file) 
125291     WARN  Test worker     d.u.i.k.n.KeYParser       [syntax-error] file:/home/runner/work/key/key/key.core/build/resources/main/de/uka/ilkd/key/proof/rules/ifThenElseRules.key:165:38: mismatched input '}' expecting {'(', '{'} [@979,4477:4477='}',<149>,165:38] (taclet, rulesOrAxioms, decls, file) 
125291     WARN  Test worker     d.u.i.k.n.KeYParser       [syntax-error] file:/home/runner/work/key/key/key.core/build/resources/main/de/uka/ilkd/key/proof/rules/ifThenElseRules.key:171:14: mismatched input '\ifExintVar' expecting {MODALITY, FORALL, EXISTS, '\if', '\ifEx', 'true', 'false', '(', '{', '@', NOT, SEQARROW, '-', STRING_LITERAL, CHAR_LITERAL, BIN_LITERAL, HEX_LITERAL, IDENT, INT_LITERAL, FLOAT_LITERAL, DOUBLE_LITERAL, REAL_LITERAL} [@1001,4604:4614='\ifExintVar',<188>,171:14] (termorseq, taclet, rulesOrAxioms, decls, file) 
125291     WARN  Test worker     d.u.i.k.n.KeYParser       [syntax-error] file:/home/runner/work/key/key/key.core/build/resources/main/de/uka/ilkd/key/proof/rules/ifThenElseRules.key:171:27: extraneous input '(' expecting {'\lemma', '}', IDENT, '/*!'} [@1004,4617:4617='(',<146>,171:27] (rulesOrAxioms, decls, file) 
125291     WARN  Test worker     d.u.i.k.n.KeYParser       [syntax-error] file:/home/runner/work/key/key/key.core/build/resources/main/de/uka/ilkd/key/proof/rules/ifThenElseRules.key:171:30: mismatched input '=' expecting {'(', '{'} [@1007,4620:4620='=',<159>,171:30] (taclet, rulesOrAxioms, decls, file) 
125291     WARN  Test worker     d.u.i.k.n.KeYParser       [syntax-error] file:/home/runner/work/key/key/key.core/build/resources/main/de/uka/ilkd/key/proof/rules/ifThenElseRules.key:173:38: mismatched input '}' expecting {'(', '{'} [@1041,4725:4725='}',<149>,173:38] (taclet, rulesOrAxioms, decls, file) 
125291     WARN  Test worker     d.u.i.k.n.KeYParser       [syntax-error] file:/home/runner/work/key/key/key.core/build/resources/main/de/uka/ilkd/key/proof/rules/ifThenElseRules.key:179:14: mismatched input '\ifExintVar' expecting {MODALITY, FORALL, EXISTS, '\if', '\ifEx', 'true', 'false', '(', '{', '@', NOT, SEQARROW, '-', STRING_LITERAL, CHAR_LITERAL, BIN_LITERAL, HEX_LITERAL, IDENT, INT_LITERAL, FLOAT_LITERAL, DOUBLE_LITERAL, REAL_LITERAL} [@1063,4848:4858='\ifExintVar',<188>,179:14] (termorseq, taclet, rulesOrAxioms, decls, file) 
125292     WARN  Test worker     d.u.i.k.n.KeYParser       [syntax-error] file:/home/runner/work/key/key/key.core/build/resources/main/de/uka/ilkd/key/proof/rules/ifThenElseRules.key:179:27: extraneous input '(' expecting {'\lemma', '}', IDENT, '/*!'} [@1066,4861:4861='(',<146>,179:27] (rulesOrAxioms, decls, file) 
125292     WARN  Test worker     d.u.i.k.n.KeYParser       [syntax-error] file:/home/runner/work/key/key/key.core/build/resources/main/de/uka/ilkd/key/proof/rules/ifThenElseRules.key:179:32: mismatched input '&' expecting {'(', '{'} [@1069,4866:4866='&',<156>,179:32] (taclet, rulesOrAxioms, decls, file) 
125292     WARN  Test worker     d.u.i.k.n.KeYParser       [syntax-error] file:/home/runner/work/key/key/key.core/build/resources/main/de/uka/ilkd/key/proof/rules/ifThenElseRules.key:181:42: mismatched input '}' expecting {'(', '{'} [@1109,4985:4985='}',<149>,181:42] (taclet, rulesOrAxioms, decls, file) 
125292     WARN  Test worker     d.u.i.k.n.KeYParser       [syntax-error] file:/home/runner/work/key/key/key.core/build/resources/main/de/uka/ilkd/key/proof/rules/ifThenElseRules.key:182:39: mismatched input '}' expecting {'(', '{'} [@1122,5030:5030='}',<149>,182:39] (taclet, rulesOrAxioms, decls, file) 
125294     WARN  Test worker     d.u.i.k.n.KeYParser       [syntax-error] file:/home/runner/work/key/key/key.core/build/resources/main/de/uka/ilkd/key/proof/rules/ifThenElseRules.key:188:14: mismatched input '\ifExintVar' expecting {MODALITY, FORALL, EXISTS, '\if', '\ifEx', 'true', 'false', '(', '{', '@', NOT, SEQARROW, '-', STRING_LITERAL, CHAR_LITERAL, BIN_LITERAL, HEX_LITERAL, IDENT, INT_LITERAL, FLOAT_LITERAL, DOUBLE_LITERAL, REAL_LITERAL} [@1146,5149:5159='\ifExintVar',<188>,188:14] (termorseq, taclet, rulesOrAxioms, decls, file) 
125294     WARN  Test worker     d.u.i.k.n.KeYParser       [syntax-error] file:/home/runner/work/key/key/key.core/build/resources/main/de/uka/ilkd/key/proof/rules/ifThenElseRules.key:188:27: extraneous input '(' expecting {'\lemma', '}', IDENT, '/*!'} [@1149,5162:5162='(',<146>,188:27] (rulesOrAxioms, decls, file) 
125294     WARN  Test worker     d.u.i.k.n.KeYParser       [syntax-error] file:/home/runner/work/key/key/key.core/build/resources/main/de/uka/ilkd/key/proof/rules/ifThenElseRules.key:188:32: mismatched input '&' expecting {'(', '{'} [@1152,5167:5167='&',<156>,188:32] (taclet, rulesOrAxioms, decls, file) 
125294     WARN  Test worker     d.u.i.k.n.KeYParser       [syntax-error] file:/home/runner/work/key/key/key.core/build/resources/main/de/uka/ilkd/key/proof/rules/ifThenElseRules.key:190:42: mismatched input '}' expecting {'(', '{'} [@1192,5280:5280='}',<149>,190:42] (taclet, rulesOrAxioms, decls, file) 
125295     WARN  Test worker     d.u.i.k.n.KeYParser       [syntax-error] file:/home/runner/work/key/key/key.core/build/resources/main/de/uka/ilkd/key/proof/rules/ifThenElseRules.key:191:39: mismatched input '}' expecting {'(', '{'} [@1205,5325:5325='}',<149>,191:39] (taclet, rulesOrAxioms, decls, file) 
125295     WARN  Test worker     d.u.i.k.n.KeYParser       [syntax-error] file:/home/runner/work/key/key/key.core/build/resources/main/de/uka/ilkd/key/proof/rules/ifThenElseRules.key:198:14: mismatched input '\ifExintVar' expecting {MODALITY, FORALL, EXISTS, '\if', '\ifEx', 'true', 'false', '(', '{', '@', NOT, SEQARROW, '-', STRING_LITERAL, CHAR_LITERAL, BIN_LITERAL, HEX_LITERAL, IDENT, INT_LITERAL, FLOAT_LITERAL, DOUBLE_LITERAL, REAL_LITERAL} [@1233,5475:5485='\ifExintVar',<188>,198:14] (termorseq, taclet, rulesOrAxioms, decls, file) 
125295     WARN  Test worker     d.u.i.k.n.KeYParser       [syntax-error] file:/home/runner/work/key/key/key.core/build/resources/main/de/uka/ilkd/key/proof/rules/ifThenElseRules.key:198:27: extraneous input '(' expecting {'\lemma', '}', IDENT, '/*!'} [@1236,5488:5488='(',<146>,198:27] (rulesOrAxioms, decls, file) 
125295     WARN  Test worker     d.u.i.k.n.KeYParser       [syntax-error] file:/home/runner/work/key/key/key.core/build/resources/main/de/uka/ilkd/key/proof/rules/ifThenElseRules.key:198:32: mismatched input '&' expecting {'(', '{'} [@1239,5493:5493='&',<156>,198:32] (taclet, rulesOrAxioms, decls, file) 
125295     WARN  Test worker     d.u.i.k.n.KeYParser       [syntax-error] file:/home/runner/work/key/key/key.core/build/resources/main/de/uka/ilkd/key/proof/rules/ifThenElseRules.key:200:42: mismatched input '}' expecting {'(', '{'} [@1279,5612:5612='}',<149>,200:42] (taclet, rulesOrAxioms, decls, file) 
125298     WARN  Test worker     d.u.i.k.n.KeYParser       [syntax-error] file:/home/runner/work/key/key/key.core/build/resources/main/de/uka/ilkd/key/proof/rules/ifThenElseRules.key:201:39: mismatched input '}' expecting {'(', '{'} [@1292,5657:5657='}',<149>,201:39] (taclet, rulesOrAxioms, decls, file) 
125298     WARN  Test worker     d.u.i.k.n.KeYParser       [syntax-error] file:/home/runner/work/key/key/key.core/build/resources/main/de/uka/ilkd/key/proof/rules/ifThenElseRules.key:208:14: mismatched input '\ifExintVar' expecting {MODALITY, FORALL, EXISTS, '\if', '\ifEx', 'true', 'false', '(', '{', '@', NOT, SEQARROW, '-', STRING_LITERAL, CHAR_LITERAL, BIN_LITERAL, HEX_LITERAL, IDENT, INT_LITERAL, FLOAT_LITERAL, DOUBLE_LITERAL, REAL_LITERAL} [@1320,5817:5827='\ifExintVar',<188>,208:14] (termorseq, taclet, rulesOrAxioms, decls, file) 
125298     WARN  Test worker     d.u.i.k.n.KeYParser       [syntax-error] file:/home/runner/work/key/key/key.core/build/resources/main/de/uka/ilkd/key/proof/rules/ifThenElseRules.key:208:27: extraneous input '(' expecting {'\lemma', '}', IDENT, '/*!'} [@1323,5830:5830='(',<146>,208:27] (rulesOrAxioms, decls, file) 
125298     WARN  Test worker     d.u.i.k.n.KeYParser       [syntax-error] file:/home/runner/work/key/key/key.core/build/resources/main/de/uka/ilkd/key/proof/rules/ifThenElseRules.key:208:32: mismatched input '&' expecting {'(', '{'} [@1326,5835:5835='&',<156>,208:32] (taclet, rulesOrAxioms, decls, file) 
125299     WARN  Test worker     d.u.i.k.n.KeYParser       [syntax-error] file:/home/runner/work/key/key/key.core/build/resources/main/de/uka/ilkd/key/proof/rules/ifThenElseRules.key:210:42: mismatched input '}' expecting {'(', '{'} [@1366,5948:5948='}',<149>,210:42] (taclet, rulesOrAxioms, decls, file) 
125300     WARN  Test worker     d.u.i.k.n.KeYParser       [syntax-error] file:/home/runner/work/key/key/key.core/build/resources/main/de/uka/ilkd/key/proof/rules/ifThenElseRules.key:211:39: mismatched input '}' expecting {'(', '{'} [@1379,5993:5993='}',<149>,211:39] (taclet, rulesOrAxioms, decls, file) 
125300     WARN  Test worker     d.u.i.k.n.KeYParser       [syntax-error] file:/home/runner/work/key/key/key.core/build/resources/main/de/uka/ilkd/key/proof/rules/ifThenElseRules.key:218:14: mismatched input '\ifExintVar' expecting {MODALITY, FORALL, EXISTS, '\if', '\ifEx', 'true', 'false', '(', '{', '@', NOT, SEQARROW, '-', STRING_LITERAL, CHAR_LITERAL, BIN_LITERAL, HEX_LITERAL, IDENT, INT_LITERAL, FLOAT_LITERAL, DOUBLE_LITERAL, REAL_LITERAL} [@1407,6146:6156='\ifExintVar',<188>,218:14] (termorseq, taclet, rulesOrAxioms, decls, file) 
125301     WARN  Test worker     d.u.i.k.n.KeYParser       [syntax-error] file:/home/runner/work/key/key/key.core/build/resources/main/de/uka/ilkd/key/proof/rules/ifThenElseRules.key:218:27: extraneous input '(' expecting {'\lemma', '}', IDENT, '/*!'} [@1410,6159:6159='(',<146>,218:27] (rulesOrAxioms, decls, file) 
125301     WARN  Test worker     d.u.i.k.n.KeYParser       [syntax-error] file:/home/runner/work/key/key/key.core/build/resources/main/de/uka/ilkd/key/proof/rules/ifThenElseRules.key:218:31: mismatched input ')' expecting {'(', '{'} [@1412,6163:6163=')',<147>,218:31] (taclet, rulesOrAxioms, decls, file) 
125301     WARN  Test worker     d.u.i.k.n.KeYParser       [syntax-error] file:/home/runner/work/key/key/key.core/build/resources/main/de/uka/ilkd/key/proof/rules/ifThenElseRules.key:220:44: mismatched input ')' expecting {'(', '{'} [@1444,6275:6275=')',<147>,220:44] (taclet, rulesOrAxioms, decls, file) 
125301     WARN  Test worker     d.u.i.k.n.KeYParser       [syntax-error] file:/home/runner/work/key/key/key.core/build/resources/main/de/uka/ilkd/key/proof/rules/ifThenElseRules.key:225:14: mismatched input '\ifExintVar' expecting {MODALITY, FORALL, EXISTS, '\if', '\ifEx', 'true', 'false', '(', '{', '@', NOT, SEQARROW, '-', STRING_LITERAL, CHAR_LITERAL, BIN_LITERAL, HEX_LITERAL, IDENT, INT_LITERAL, FLOAT_LITERAL, DOUBLE_LITERAL, REAL_LITERAL} [@1471,6389:6399='\ifExintVar',<188>,225:14] (termorseq, taclet, rulesOrAxioms, decls, file) 
125301     WARN  Test worker     d.u.i.k.n.KeYParser       [syntax-error] file:/home/runner/work/key/key/key.core/build/resources/main/de/uka/ilkd/key/proof/rules/ifThenElseRules.key:225:27: extraneous input '(' expecting {'\lemma', '}', IDENT, '/*!'} [@1474,6402:6402='(',<146>,225:27] (rulesOrAxioms, decls, file) 
125301     WARN  Test worker     d.u.i.k.n.KeYParser       [syntax-error] file:/home/runner/work/key/key/key.core/build/resources/main/de/uka/ilkd/key/proof/rules/ifThenElseRules.key:225:31: mismatched input ')' expecting {'(', '{'} [@1476,6406:6406=')',<147>,225:31] (taclet, rulesOrAxioms, decls, file) 
125301     WARN  Test worker     d.u.i.k.n.KeYParser       [syntax-error] file:/home/runner/work/key/key/key.core/build/resources/main/de/uka/ilkd/key/proof/rules/ifThenElseRules.key:227:44: mismatched input ')' expecting {'(', '{'} [@1508,6509:6509=')',<147>,227:44] (taclet, rulesOrAxioms, decls, file) 
125301     WARN  Test worker     d.u.i.k.n.KeYParser       [syntax-error] file:/home/runner/work/key/key/key.core/build/resources/main/de/uka/ilkd/key/proof/rules/ifThenElseRules.key:233:14: mismatched input '\ifExintVar' expecting {MODALITY, FORALL, EXISTS, '\if', '\ifEx', 'true', 'false', '(', '{', '@', NOT, SEQARROW, '-', STRING_LITERAL, CHAR_LITERAL, BIN_LITERAL, HEX_LITERAL, IDENT, INT_LITERAL, FLOAT_LITERAL, DOUBLE_LITERAL, REAL_LITERAL} [@1539,6656:6666='\ifExintVar',<188>,233:14] (termorseq, taclet, rulesOrAxioms, decls, file) 
125302     WARN  Test worker     d.u.i.k.n.KeYParser       [syntax-error] file:/home/runner/work/key/key/key.core/build/resources/main/de/uka/ilkd/key/proof/rules/ifThenElseRules.key:233:27: extraneous input '(' expecting {'\lemma', '}', IDENT, '/*!'} [@1542,6669:6669='(',<146>,233:27] (rulesOrAxioms, decls, file) 
125302     WARN  Test worker     d.u.i.k.n.KeYParser       [syntax-error] file:/home/runner/work/key/key/key.core/build/resources/main/de/uka/ilkd/key/proof/rules/ifThenElseRules.key:233:31: mismatched input ')' expecting {'(', '{'} [@1544,6673:6673=')',<147>,233:31] (taclet, rulesOrAxioms, decls, file) 
125304     WARN  Test worker     d.u.i.k.n.KeYParser       [syntax-error] file:/home/runner/work/key/key/key.core/build/resources/main/de/uka/ilkd/key/proof/rules/ifThenElseRules.key:237:42: mismatched input '}' expecting {'(', '{'} [@1586,6850:6850='}',<149>,237:42] (taclet, rulesOrAxioms, decls, file) 
125304     WARN  Test worker     d.u.i.k.n.KeYParser       [syntax-error] file:/home/runner/work/key/key/key.core/build/resources/main/de/uka/ilkd/key/proof/rules/ifThenElseRules.key:238:34: mismatched input '}' expecting {'(', '{'} [@1599,6891:6891='}',<149>,238:34] (taclet, rulesOrAxioms, decls, file) 
125304     WARN  Test worker     d.u.i.k.n.KeYParser       [syntax-error] file:/home/runner/work/key/key/key.core/build/resources/main/de/uka/ilkd/key/proof/rules/ifThenElseRules.key:239:28: extraneous input '(' expecting {'\lemma', '}', IDENT, '/*!'} [@1608,6925:6925='(',<146>,239:28] (rulesOrAxioms, decls, file) 
125305     WARN  Test worker     d.u.i.k.n.KeYParser       [syntax-error] file:/home/runner/work/key/key/key.core/build/resources/main/de/uka/ilkd/key/proof/rules/ifThenElseRules.key:239:33: mismatched input '->' expecting {'(', '{'} [@1611,6930:6931='->',<158>,239:33] (taclet, rulesOrAxioms, decls, file) 
125305     WARN  Test worker     d.u.i.k.n.KeYParser       [syntax-error] file:/home/runner/work/key/key/key.core/build/resources/main/de/uka/ilkd/key/proof/rules/ifThenElseRules.key:240:8: extraneous input '\replacewith' expecting {'\lemma', '}', IDENT, '/*!'} [@1626,6979:6990='\replacewith',<105>,240:8] (rulesOrAxioms, decls, file) 
125305     WARN  Test worker     d.u.i.k.n.KeYParser       [syntax-error] file:/home/runner/work/key/key/key.core/build/resources/main/de/uka/ilkd/key/proof/rules/ifThenElseRules.key:240:25: mismatched input ')' expecting {'(', '{'} [@1629,6996:6996=')',<147>,240:25] (taclet, rulesOrAxioms, decls, file) 
125306     WARN  Test worker     d.u.i.k.n.KeYParser       [syntax-error] file:/home/runner/work/key/key/key.core/build/resources/main/de/uka/ilkd/key/proof/rules/ifThenElseRules.key:240:56: mismatched input ')' expecting {'(', '{'} [@1642,7027:7027=')',<147>,240:56] (taclet, rulesOrAxioms, decls, file) 
125307     WARN  Test worker     d.u.i.k.n.KeYParser       [syntax-error] file:/home/runner/work/key/key/key.core/build/resources/main/de/uka/ilkd/key/proof/rules/ifThenElseRules.key:245:14: mismatched input '\ifExintVar' expecting {MODALITY, FORALL, EXISTS, '\if', '\ifEx', 'true', 'false', '(', '{', '@', NOT, SEQARROW, '-', STRING_LITERAL, CHAR_LITERAL, BIN_LITERAL, HEX_LITERAL, IDENT, INT_LITERAL, FLOAT_LITERAL, DOUBLE_LITERAL, REAL_LITERAL} [@1658,7109:7119='\ifExintVar',<188>,245:14] (termorseq, taclet, rulesOrAxioms, decls, file) 
125307     WARN  Test worker     d.u.i.k.n.KeYParser       [syntax-error] file:/home/runner/work/key/key/key.core/build/resources/main/de/uka/ilkd/key/proof/rules/ifThenElseRules.key:245:27: extraneous input '(' expecting {'\lemma', '}', IDENT, '/*!'} [@1661,7122:7122='(',<146>,245:27] (rulesOrAxioms, decls, file) 
125307     WARN  Test worker     d.u.i.k.n.KeYParser       [syntax-error] file:/home/runner/work/key/key/key.core/build/resources/main/de/uka/ilkd/key/proof/rules/ifThenElseRules.key:245:31: mismatched input ')' expecting {'(', '{'} [@1663,7126:7126=')',<147>,245:31] (taclet, rulesOrAxioms, decls, file) 
125307     WARN  Test worker     d.u.i.k.n.KeYParser       [syntax-error] file:/home/runner/work/key/key/key.core/build/resources/main/de/uka/ilkd/key/proof/rules/ifThenElseRules.key:248:45: mismatched input '}' expecting {'(', '{'} [@1696,7268:7268='}',<149>,248:45] (taclet, rulesOrAxioms, decls, file) 
125307     WARN  Test worker     d.u.i.k.n.KeYParser       [syntax-error] file:/home/runner/work/key/key/key.core/build/resources/main/de/uka/ilkd/key/proof/rules/ifThenElseRules.key:249:8: extraneous input '\replacewith' expecting {'\lemma', '}', IDENT, '/*!'} [@1701,7284:7295='\replacewith',<105>,249:8] (rulesOrAxioms, decls, file) 
125307     WARN  Test worker     d.u.i.k.n.KeYParser       [syntax-error] file:/home/runner/work/key/key/key.core/build/resources/main/de/uka/ilkd/key/proof/rules/ifThenElseRules.key:249:38: mismatched input ')' expecting {'(', '{'} [@1708,7314:7314=')',<147>,249:38] (taclet, rulesOrAxioms, decls, file) 
125308     WARN  Test worker     d.u.i.k.n.KeYParser       [syntax-error] file:/home/runner/work/key/key/key.core/build/resources/main/de/uka/ilkd/key/proof/rules/ifThenElseRules.key:250:42: mismatched input '}' expecting {'(', '{'} [@1731,7381:7381='}',<149>,250:42] (taclet, rulesOrAxioms, decls, file) 
125308     WARN  Test worker     d.u.i.k.n.KeYParser       [syntax-error] file:/home/runner/work/key/key/key.core/build/resources/main/de/uka/ilkd/key/proof/rules/ifThenElseRules.key:251:28: extraneous input '(' expecting {'\lemma', '}', IDENT, '/*!'} [@1741,7416:7416='(',<146>,251:28] (rulesOrAxioms, decls, file) 
125308     WARN  Test worker     d.u.i.k.n.KeYParser       [syntax-error] file:/home/runner/work/key/key/key.core/build/resources/main/de/uka/ilkd/key/proof/rules/ifThenElseRules.key:251:33: mismatched input '->' expecting {'(', '{'} [@1744,7421:7422='->',<158>,251:33] (taclet, rulesOrAxioms, decls, file) 
125308     WARN  Test worker     d.u.i.k.n.KeYParser       [syntax-error] file:/home/runner/work/key/key/key.core/build/resources/main/de/uka/ilkd/key/proof/rules/ifThenElseRules.key:255:14: mismatched input '\ifExintVar' expecting {MODALITY, FORALL, EXISTS, '\if', '\ifEx', 'true', 'false', '(', '{', '@', NOT, SEQARROW, '-', STRING_LITERAL, CHAR_LITERAL, BIN_LITERAL, HEX_LITERAL, IDENT, INT_LITERAL, FLOAT_LITERAL, DOUBLE_LITERAL, REAL_LITERAL} [@1765,7506:7516='\ifExintVar',<188>,255:14] (termorseq, taclet, rulesOrAxioms, decls, file) 
125308     WARN  Test worker     d.u.i.k.n.KeYParser       [syntax-error] file:/home/runner/work/key/key/key.core/build/resources/main/de/uka/ilkd/key/proof/rules/ifThenElseRules.key:255:27: extraneous input '(' expecting {'\lemma', '}', IDENT, '/*!'} [@1768,7519:7519='(',<146>,255:27] (rulesOrAxioms, decls, file) 
125308     WARN  Test worker     d.u.i.k.n.KeYParser       [syntax-error] file:/home/runner/work/key/key/key.core/build/resources/main/de/uka/ilkd/key/proof/rules/ifThenElseRules.key:255:31: mismatched input ')' expecting {'(', '{'} [@1770,7523:7523=')',<147>,255:31] (taclet, rulesOrAxioms, decls, file) 
125309     WARN  Test worker     d.u.i.k.n.KeYParser       [syntax-error] file:/home/runner/work/key/key/key.core/build/resources/main/de/uka/ilkd/key/proof/rules/ifThenElseRules.key:258:52: extraneous input '0' expecting {'\lemma', '}', IDENT, '/*!'} [@1809,7667:7667='0',<184>,258:52] (rulesOrAxioms, decls, file) 
125309     WARN  Test worker     d.u.i.k.n.KeYParser       [syntax-error] file:/home/runner/work/key/key/key.core/build/resources/main/de/uka/ilkd/key/proof/rules/ifThenElseRules.key:258:54: mismatched input 'then' expecting {<EOF>, '\problem', '\chooseContract', '\proofObligation', '\proof'} [@1811,7669:7672='then',<183>,258:54] (file) 
125427     WARN  Test worker     d.u.i.k.n.KeYParser       [syntax-error] file:/home/runner/work/key/key/key.core/build/resources/main/de/uka/ilkd/key/proof/rules/ifThenElseRules.key:135:14: mismatched input '\ifExintVar' expecting {MODALITY, FORALL, EXISTS, '\if', '\ifEx', 'true', 'false', '(', '{', '@', NOT, SEQARROW, '-', STRING_LITERAL, CHAR_LITERAL, BIN_LITERAL, HEX_LITERAL, IDENT, INT_LITERAL, FLOAT_LITERAL, DOUBLE_LITERAL, REAL_LITERAL} [@745,3563:3573='\ifExintVar',<188>,135:14] (termorseq, taclet, rulesOrAxioms, decls, file) 
125428     WARN  Test worker     d.u.i.k.n.KeYParser       [syntax-error] file:/home/runner/work/key/key/key.core/build/resources/main/de/uka/ilkd/key/proof/rules/ifThenElseRules.key:135:27: extraneous input '(' expecting {'\lemma', '}', IDENT, '/*!'} [@748,3576:3576='(',<146>,135:27] (rulesOrAxioms, decls, file) 
125429     WARN  Test worker     d.u.i.k.n.KeYParser       [syntax-error] file:/home/runner/work/key/key/key.core/build/resources/main/de/uka/ilkd/key/proof/rules/ifThenElseRules.key:135:44: mismatched input ')' expecting {'(', '{'} [@754,3593:3593=')',<147>,135:44] (taclet, rulesOrAxioms, decls, file) 
125429     WARN  Test worker     d.u.i.k.n.KeYParser       [syntax-error] file:/home/runner/work/key/key/key.core/build/resources/main/de/uka/ilkd/key/proof/rules/ifThenElseRules.key:141:14: mismatched input '\ifExintVar' expecting {MODALITY, FORALL, EXISTS, '\if', '\ifEx', 'true', 'false', '(', '{', '@', NOT, SEQARROW, '-', STRING_LITERAL, CHAR_LITERAL, BIN_LITERAL, HEX_LITERAL, IDENT, INT_LITERAL, FLOAT_LITERAL, DOUBLE_LITERAL, REAL_LITERAL} [@780,3716:3726='\ifExintVar',<188>,141:14] (termorseq, taclet, rulesOrAxioms, decls, file) 
125430     WARN  Test worker     d.u.i.k.n.KeYParser       [syntax-error] file:/home/runner/work/key/key/key.core/build/resources/main/de/uka/ilkd/key/proof/rules/ifThenElseRules.key:141:27: extraneous input '(' expecting {'\lemma', '}', IDENT, '/*!'} [@783,3729:3729='(',<146>,141:27] (rulesOrAxioms, decls, file) 
125430     WARN  Test worker     d.u.i.k.n.KeYParser       [syntax-error] file:/home/runner/work/key/key/key.core/build/resources/main/de/uka/ilkd/key/proof/rules/ifThenElseRules.key:141:41: mismatched input ')' expecting {'(', '{'} [@789,3743:3743=')',<147>,141:41] (taclet, rulesOrAxioms, decls, file) 
125431     WARN  Test worker     d.u.i.k.n.KeYParser       [syntax-error] file:/home/runner/work/key/key/key.core/build/resources/main/de/uka/ilkd/key/proof/rules/ifThenElseRules.key:148:14: mismatched input '\ifExintVar' expecting {MODALITY, FORALL, EXISTS, '\if', '\ifEx', 'true', 'false', '(', '{', '@', NOT, SEQARROW, '-', STRING_LITERAL, CHAR_LITERAL, BIN_LITERAL, HEX_LITERAL, IDENT, INT_LITERAL, FLOAT_LITERAL, DOUBLE_LITERAL, REAL_LITERAL} [@819,3896:3906='\ifExintVar',<188>,148:14] (termorseq, taclet, rulesOrAxioms, decls, file) 
125431     WARN  Test worker     d.u.i.k.n.KeYParser       [syntax-error] file:/home/runner/work/key/key/key.core/build/resources/main/de/uka/ilkd/key/proof/rules/ifThenElseRules.key:148:27: extraneous input '(' expecting {'\lemma', '}', IDENT, '/*!'} [@822,3909:3909='(',<146>,148:27] (rulesOrAxioms, decls, file) 
125432     WARN  Test worker     d.u.i.k.n.KeYParser       [syntax-error] file:/home/runner/work/key/key/key.core/build/resources/main/de/uka/ilkd/key/proof/rules/ifThenElseRules.key:148:35: mismatched input '=' expecting {'(', '{'} [@825,3917:3917='=',<159>,148:35] (taclet, rulesOrAxioms, decls, file) 
125432     WARN  Test worker     d.u.i.k.n.KeYParser       [syntax-error] file:/home/runner/work/key/key/key.core/build/resources/main/de/uka/ilkd/key/proof/rules/ifThenElseRules.key:150:38: mismatched input '}' expecting {'(', '{'} [@859,4023:4023='}',<149>,150:38] (taclet, rulesOrAxioms, decls, file) 
125433     WARN  Test worker     d.u.i.k.n.KeYParser       [syntax-error] file:/home/runner/work/key/key/key.core/build/resources/main/de/uka/ilkd/key/proof/rules/ifThenElseRules.key:155:14: mismatched input '\ifExintVar' expecting {MODALITY, FORALL, EXISTS, '\if', '\ifEx', 'true', 'false', '(', '{', '@', NOT, SEQARROW, '-', STRING_LITERAL, CHAR_LITERAL, BIN_LITERAL, HEX_LITERAL, IDENT, INT_LITERAL, FLOAT_LITERAL, DOUBLE_LITERAL, REAL_LITERAL} [@877,4109:4119='\ifExintVar',<188>,155:14] (termorseq, taclet, rulesOrAxioms, decls, file) 
125436     WARN  Test worker     d.u.i.k.n.KeYParser       [syntax-error] file:/home/runner/work/key/key/key.core/build/resources/main/de/uka/ilkd/key/proof/rules/ifThenElseRules.key:155:27: extraneous input '(' expecting {'\lemma', '}', IDENT, '/*!'} [@880,4122:4122='(',<146>,155:27] (rulesOrAxioms, decls, file) 
125437     WARN  Test worker     d.u.i.k.n.KeYParser       [syntax-error] file:/home/runner/work/key/key/key.core/build/resources/main/de/uka/ilkd/key/proof/rules/ifThenElseRules.key:155:35: mismatched input '=' expecting {'(', '{'} [@883,4130:4130='=',<159>,155:35] (taclet, rulesOrAxioms, decls, file) 
125438     WARN  Test worker     d.u.i.k.n.KeYParser       [syntax-error] file:/home/runner/work/key/key/key.core/build/resources/main/de/uka/ilkd/key/proof/rules/ifThenElseRules.key:157:38: mismatched input '}' expecting {'(', '{'} [@917,4230:4230='}',<149>,157:38] (taclet, rulesOrAxioms, decls, file) 
125439     WARN  Test worker     d.u.i.k.n.KeYParser       [syntax-error] file:/home/runner/work/key/key/key.core/build/resources/main/de/uka/ilkd/key/proof/rules/ifThenElseRules.key:163:14: mismatched input '\ifExintVar' expecting {MODALITY, FORALL, EXISTS, '\if', '\ifEx', 'true', 'false', '(', '{', '@', NOT, SEQARROW, '-', STRING_LITERAL, CHAR_LITERAL, BIN_LITERAL, HEX_LITERAL, IDENT, INT_LITERAL, FLOAT_LITERAL, DOUBLE_LITERAL, REAL_LITERAL} [@939,4350:4360='\ifExintVar',<188>,163:14] (termorseq, taclet, rulesOrAxioms, decls, file) 
125439     WARN  Test worker     d.u.i.k.n.KeYParser       [syntax-error] file:/home/runner/work/key/key/key.core/build/resources/main/de/uka/ilkd/key/proof/rules/ifThenElseRules.key:163:27: extraneous input '(' expecting {'\lemma', '}', IDENT, '/*!'} [@942,4363:4363='(',<146>,163:27] (rulesOrAxioms, decls, file) 
125440     WARN  Test worker     d.u.i.k.n.KeYParser       [syntax-error] file:/home/runner/work/key/key/key.core/build/resources/main/de/uka/ilkd/key/proof/rules/ifThenElseRules.key:163:30: mismatched input '=' expecting {'(', '{'} [@945,4366:4366='=',<159>,163:30] (taclet, rulesOrAxioms, decls, file) 
125440     WARN  Test worker     d.u.i.k.n.KeYParser       [syntax-error] file:/home/runner/work/key/key/key.core/build/resources/main/de/uka/ilkd/key/proof/rules/ifThenElseRules.key:165:38: mismatched input '}' expecting {'(', '{'} [@979,4477:4477='}',<149>,165:38] (taclet, rulesOrAxioms, decls, file) 
125441     WARN  Test worker     d.u.i.k.n.KeYParser       [syntax-error] file:/home/runner/work/key/key/key.core/build/resources/main/de/uka/ilkd/key/proof/rules/ifThenElseRules.key:171:14: mismatched input '\ifExintVar' expecting {MODALITY, FORALL, EXISTS, '\if', '\ifEx', 'true', 'false', '(', '{', '@', NOT, SEQARROW, '-', STRING_LITERAL, CHAR_LITERAL, BIN_LITERAL, HEX_LITERAL, IDENT, INT_LITERAL, FLOAT_LITERAL, DOUBLE_LITERAL, REAL_LITERAL} [@1001,4604:4614='\ifExintVar',<188>,171:14] (termorseq, taclet, rulesOrAxioms, decls, file) 
125441     WARN  Test worker     d.u.i.k.n.KeYParser       [syntax-error] file:/home/runner/work/key/key/key.core/build/resources/main/de/uka/ilkd/key/proof/rules/ifThenElseRules.key:171:27: extraneous input '(' expecting {'\lemma', '}', IDENT, '/*!'} [@1004,4617:4617='(',<146>,171:27] (rulesOrAxioms, decls, file) 
125442     WARN  Test worker     d.u.i.k.n.KeYParser       [syntax-error] file:/home/runner/work/key/key/key.core/build/resources/main/de/uka/ilkd/key/proof/rules/ifThenElseRules.key:171:30: mismatched input '=' expecting {'(', '{'} [@1007,4620:4620='=',<159>,171:30] (taclet, rulesOrAxioms, decls, file) 
125442     WARN  Test worker     d.u.i.k.n.KeYParser       [syntax-error] file:/home/runner/work/key/key/key.core/build/resources/main/de/uka/ilkd/key/proof/rules/ifThenElseRules.key:173:38: mismatched input '}' expecting {'(', '{'} [@1041,4725:4725='}',<149>,173:38] (taclet, rulesOrAxioms, decls, file) 
125443     WARN  Test worker     d.u.i.k.n.KeYParser       [syntax-error] file:/home/runner/work/key/key/key.core/build/resources/main/de/uka/ilkd/key/proof/rules/ifThenElseRules.key:179:14: mismatched input '\ifExintVar' expecting {MODALITY, FORALL, EXISTS, '\if', '\ifEx', 'true', 'false', '(', '{', '@', NOT, SEQARROW, '-', STRING_LITERAL, CHAR_LITERAL, BIN_LITERAL, HEX_LITERAL, IDENT, INT_LITERAL, FLOAT_LITERAL, DOUBLE_LITERAL, REAL_LITERAL} [@1063,4848:4858='\ifExintVar',<188>,179:14] (termorseq, taclet, rulesOrAxioms, decls, file) 
125444     WARN  Test worker     d.u.i.k.n.KeYParser       [syntax-error] file:/home/runner/work/key/key/key.core/build/resources/main/de/uka/ilkd/key/proof/rules/ifThenElseRules.key:179:27: extraneous input '(' expecting {'\lemma', '}', IDENT, '/*!'} [@1066,4861:4861='(',<146>,179:27] (rulesOrAxioms, decls, file) 
125444     WARN  Test worker     d.u.i.k.n.KeYParser       [syntax-error] file:/home/runner/work/key/key/key.core/build/resources/main/de/uka/ilkd/key/proof/rules/ifThenElseRules.key:179:32: mismatched input '&' expecting {'(', '{'} [@1069,4866:4866='&',<156>,179:32] (taclet, rulesOrAxioms, decls, file) 
125445     WARN  Test worker     d.u.i.k.n.KeYParser       [syntax-error] file:/home/runner/work/key/key/key.core/build/resources/main/de/uka/ilkd/key/proof/rules/ifThenElseRules.key:181:42: mismatched input '}' expecting {'(', '{'} [@1109,4985:4985='}',<149>,181:42] (taclet, rulesOrAxioms, decls, file) 
125445     WARN  Test worker     d.u.i.k.n.KeYParser       [syntax-error] file:/home/runner/work/key/key/key.core/build/resources/main/de/uka/ilkd/key/proof/rules/ifThenElseRules.key:182:39: mismatched input '}' expecting {'(', '{'} [@1122,5030:5030='}',<149>,182:39] (taclet, rulesOrAxioms, decls, file) 
125446     WARN  Test worker     d.u.i.k.n.KeYParser       [syntax-error] file:/home/runner/work/key/key/key.core/build/resources/main/de/uka/ilkd/key/proof/rules/ifThenElseRules.key:188:14: mismatched input '\ifExintVar' expecting {MODALITY, FORALL, EXISTS, '\if', '\ifEx', 'true', 'false', '(', '{', '@', NOT, SEQARROW, '-', STRING_LITERAL, CHAR_LITERAL, BIN_LITERAL, HEX_LITERAL, IDENT, INT_LITERAL, FLOAT_LITERAL, DOUBLE_LITERAL, REAL_LITERAL} [@1146,5149:5159='\ifExintVar',<188>,188:14] (termorseq, taclet, rulesOrAxioms, decls, file) 
125446     WARN  Test worker     d.u.i.k.n.KeYParser       [syntax-error] file:/home/runner/work/key/key/key.core/build/resources/main/de/uka/ilkd/key/proof/rules/ifThenElseRules.key:188:27: extraneous input '(' expecting {'\lemma', '}', IDENT, '/*!'} [@1149,5162:5162='(',<146>,188:27] (rulesOrAxioms, decls, file) 
125447     WARN  Test worker     d.u.i.k.n.KeYParser       [syntax-error] file:/home/runner/work/key/key/key.core/build/resources/main/de/uka/ilkd/key/proof/rules/ifThenElseRules.key:188:32: mismatched input '&' expecting {'(', '{'} [@1152,5167:5167='&',<156>,188:32] (taclet, rulesOrAxioms, decls, file) 
125448     WARN  Test worker     d.u.i.k.n.KeYParser       [syntax-error] file:/home/runner/work/key/key/key.core/build/resources/main/de/uka/ilkd/key/proof/rules/ifThenElseRules.key:190:42: mismatched input '}' expecting {'(', '{'} [@1192,5280:5280='}',<149>,190:42] (taclet, rulesOrAxioms, decls, file) 
125448     WARN  Test worker     d.u.i.k.n.KeYParser       [syntax-error] file:/home/runner/work/key/key/key.core/build/resources/main/de/uka/ilkd/key/proof/rules/ifThenElseRules.key:191:39: mismatched input '}' expecting {'(', '{'} [@1205,5325:5325='}',<149>,191:39] (taclet, rulesOrAxioms, decls, file) 
125449     WARN  Test worker     d.u.i.k.n.KeYParser       [syntax-error] file:/home/runner/work/key/key/key.core/build/resources/main/de/uka/ilkd/key/proof/rules/ifThenElseRules.key:198:14: mismatched input '\ifExintVar' expecting {MODALITY, FORALL, EXISTS, '\if', '\ifEx', 'true', 'false', '(', '{', '@', NOT, SEQARROW, '-', STRING_LITERAL, CHAR_LITERAL, BIN_LITERAL, HEX_LITERAL, IDENT, INT_LITERAL, FLOAT_LITERAL, DOUBLE_LITERAL, REAL_LITERAL} [@1233,5475:5485='\ifExintVar',<188>,198:14] (termorseq, taclet, rulesOrAxioms, decls, file) 
125450     WARN  Test worker     d.u.i.k.n.KeYParser       [syntax-error] file:/home/runner/work/key/key/key.core/build/resources/main/de/uka/ilkd/key/proof/rules/ifThenElseRules.key:198:27: extraneous input '(' expecting {'\lemma', '}', IDENT, '/*!'} [@1236,5488:5488='(',<146>,198:27] (rulesOrAxioms, decls, file) 
125450     WARN  Test worker     d.u.i.k.n.KeYParser       [syntax-error] file:/home/runner/work/key/key/key.core/build/resources/main/de/uka/ilkd/key/proof/rules/ifThenElseRules.key:198:32: mismatched input '&' expecting {'(', '{'} [@1239,5493:5493='&',<156>,198:32] (taclet, rulesOrAxioms, decls, file) 
125451     WARN  Test worker     d.u.i.k.n.KeYParser       [syntax-error] file:/home/runner/work/key/key/key.core/build/resources/main/de/uka/ilkd/key/proof/rules/ifThenElseRules.key:200:42: mismatched input '}' expecting {'(', '{'} [@1279,5612:5612='}',<149>,200:42] (taclet, rulesOrAxioms, decls, file) 
125452     WARN  Test worker     d.u.i.k.n.KeYParser       [syntax-error] file:/home/runner/work/key/key/key.core/build/resources/main/de/uka/ilkd/key/proof/rules/ifThenElseRules.key:201:39: mismatched input '}' expecting {'(', '{'} [@1292,5657:5657='}',<149>,201:39] (taclet, rulesOrAxioms, decls, file) 
125452     WARN  Test worker     d.u.i.k.n.KeYParser       [syntax-error] file:/home/runner/work/key/key/key.core/build/resources/main/de/uka/ilkd/key/proof/rules/ifThenElseRules.key:208:14: mismatched input '\ifExintVar' expecting {MODALITY, FORALL, EXISTS, '\if', '\ifEx', 'true', 'false', '(', '{', '@', NOT, SEQARROW, '-', STRING_LITERAL, CHAR_LITERAL, BIN_LITERAL, HEX_LITERAL, IDENT, INT_LITERAL, FLOAT_LITERAL, DOUBLE_LITERAL, REAL_LITERAL} [@1320,5817:5827='\ifExintVar',<188>,208:14] (termorseq, taclet, rulesOrAxioms, decls, file) 
125453     WARN  Test worker     d.u.i.k.n.KeYParser       [syntax-error] file:/home/runner/work/key/key/key.core/build/resources/main/de/uka/ilkd/key/proof/rules/ifThenElseRules.key:208:27: extraneous input '(' expecting {'\lemma', '}', IDENT, '/*!'} [@1323,5830:5830='(',<146>,208:27] (rulesOrAxioms, decls, file) 
125453     WARN  Test worker     d.u.i.k.n.KeYParser       [syntax-error] file:/home/runner/work/key/key/key.core/build/resources/main/de/uka/ilkd/key/proof/rules/ifThenElseRules.key:208:32: mismatched input '&' expecting {'(', '{'} [@1326,5835:5835='&',<156>,208:32] (taclet, rulesOrAxioms, decls, file) 
125454     WARN  Test worker     d.u.i.k.n.KeYParser       [syntax-error] file:/home/runner/work/key/key/key.core/build/resources/main/de/uka/ilkd/key/proof/rules/ifThenElseRules.key:210:42: mismatched input '}' expecting {'(', '{'} [@1366,5948:5948='}',<149>,210:42] (taclet, rulesOrAxioms, decls, file) 
125454     WARN  Test worker     d.u.i.k.n.KeYParser       [syntax-error] file:/home/runner/work/key/key/key.core/build/resources/main/de/uka/ilkd/key/proof/rules/ifThenElseRules.key:211:39: mismatched input '}' expecting {'(', '{'} [@1379,5993:5993='}',<149>,211:39] (taclet, rulesOrAxioms, decls, file) 
125455     WARN  Test worker     d.u.i.k.n.KeYParser       [syntax-error] file:/home/runner/work/key/key/key.core/build/resources/main/de/uka/ilkd/key/proof/rules/ifThenElseRules.key:218:14: mismatched input '\ifExintVar' expecting {MODALITY, FORALL, EXISTS, '\if', '\ifEx', 'true', 'false', '(', '{', '@', NOT, SEQARROW, '-', STRING_LITERAL, CHAR_LITERAL, BIN_LITERAL, HEX_LITERAL, IDENT, INT_LITERAL, FLOAT_LITERAL, DOUBLE_LITERAL, REAL_LITERAL} [@1407,6146:6156='\ifExintVar',<188>,218:14] (termorseq, taclet, rulesOrAxioms, decls, file) 
125455     WARN  Test worker     d.u.i.k.n.KeYParser       [syntax-error] file:/home/runner/work/key/key/key.core/build/resources/main/de/uka/ilkd/key/proof/rules/ifThenElseRules.key:218:27: extraneous input '(' expecting {'\lemma', '}', IDENT, '/*!'} [@1410,6159:6159='(',<146>,218:27] (rulesOrAxioms, decls, file) 
125456     WARN  Test worker     d.u.i.k.n.KeYParser       [syntax-error] file:/home/runner/work/key/key/key.core/build/resources/main/de/uka/ilkd/key/proof/rules/ifThenElseRules.key:218:31: mismatched input ')' expecting {'(', '{'} [@1412,6163:6163=')',<147>,218:31] (taclet, rulesOrAxioms, decls, file) 
125457     WARN  Test worker     d.u.i.k.n.KeYParser       [syntax-error] file:/home/runner/work/key/key/key.core/build/resources/main/de/uka/ilkd/key/proof/rules/ifThenElseRules.key:220:44: mismatched input ')' expecting {'(', '{'} [@1444,6275:6275=')',<147>,220:44] (taclet, rulesOrAxioms, decls, file) 
125457     WARN  Test worker     d.u.i.k.n.KeYParser       [syntax-error] file:/home/runner/work/key/key/key.core/build/resources/main/de/uka/ilkd/key/proof/rules/ifThenElseRules.key:225:14: mismatched input '\ifExintVar' expecting {MODALITY, FORALL, EXISTS, '\if', '\ifEx', 'true', 'false', '(', '{', '@', NOT, SEQARROW, '-', STRING_LITERAL, CHAR_LITERAL, BIN_LITERAL, HEX_LITERAL, IDENT, INT_LITERAL, FLOAT_LITERAL, DOUBLE_LITERAL, REAL_LITERAL} [@1471,6389:6399='\ifExintVar',<188>,225:14] (termorseq, taclet, rulesOrAxioms, decls, file) 
125458     WARN  Test worker     d.u.i.k.n.KeYParser       [syntax-error] file:/home/runner/work/key/key/key.core/build/resources/main/de/uka/ilkd/key/proof/rules/ifThenElseRules.key:225:27: extraneous input '(' expecting {'\lemma', '}', IDENT, '/*!'} [@1474,6402:6402='(',<146>,225:27] (rulesOrAxioms, decls, file) 
125459     WARN  Test worker     d.u.i.k.n.KeYParser       [syntax-error] file:/home/runner/work/key/key/key.core/build/resources/main/de/uka/ilkd/key/proof/rules/ifThenElseRules.key:225:31: mismatched input ')' expecting {'(', '{'} [@1476,6406:6406=')',<147>,225:31] (taclet, rulesOrAxioms, decls, file) 
125459     WARN  Test worker     d.u.i.k.n.KeYParser       [syntax-error] file:/home/runner/work/key/key/key.core/build/resources/main/de/uka/ilkd/key/proof/rules/ifThenElseRules.key:227:44: mismatched input ')' expecting {'(', '{'} [@1508,6509:6509=')',<147>,227:44] (taclet, rulesOrAxioms, decls, file) 
125460     WARN  Test worker     d.u.i.k.n.KeYParser       [syntax-error] file:/home/runner/work/key/key/key.core/build/resources/main/de/uka/ilkd/key/proof/rules/ifThenElseRules.key:233:14: mismatched input '\ifExintVar' expecting {MODALITY, FORALL, EXISTS, '\if', '\ifEx', 'true', 'false', '(', '{', '@', NOT, SEQARROW, '-', STRING_LITERAL, CHAR_LITERAL, BIN_LITERAL, HEX_LITERAL, IDENT, INT_LITERAL, FLOAT_LITERAL, DOUBLE_LITERAL, REAL_LITERAL} [@1539,6656:6666='\ifExintVar',<188>,233:14] (termorseq, taclet, rulesOrAxioms, decls, file) 
125460     WARN  Test worker     d.u.i.k.n.KeYParser       [syntax-error] file:/home/runner/work/key/key/key.core/build/resources/main/de/uka/ilkd/key/proof/rules/ifThenElseRules.key:233:27: extraneous input '(' expecting {'\lemma', '}', IDENT, '/*!'} [@1542,6669:6669='(',<146>,233:27] (rulesOrAxioms, decls, file) 
125460     WARN  Test worker     d.u.i.k.n.KeYParser       [syntax-error] file:/home/runner/work/key/key/key.core/build/resources/main/de/uka/ilkd/key/proof/rules/ifThenElseRules.key:233:31: mismatched input ')' expecting {'(', '{'} [@1544,6673:6673=')',<147>,233:31] (taclet, rulesOrAxioms, decls, file) 
125461     WARN  Test worker     d.u.i.k.n.KeYParser       [syntax-error] file:/home/runner/work/key/key/key.core/build/resources/main/de/uka/ilkd/key/proof/rules/ifThenElseRules.key:237:42: mismatched input '}' expecting {'(', '{'} [@1586,6850:6850='}',<149>,237:42] (taclet, rulesOrAxioms, decls, file) 
125461     WARN  Test worker     d.u.i.k.n.KeYParser       [syntax-error] file:/home/runner/work/key/key/key.core/build/resources/main/de/uka/ilkd/key/proof/rules/ifThenElseRules.key:238:34: mismatched input '}' expecting {'(', '{'} [@1599,6891:6891='}',<149>,238:34] (taclet, rulesOrAxioms, decls, file) 
125462     WARN  Test worker     d.u.i.k.n.KeYParser       [syntax-error] file:/home/runner/work/key/key/key.core/build/resources/main/de/uka/ilkd/key/proof/rules/ifThenElseRules.key:239:28: extraneous input '(' expecting {'\lemma', '}', IDENT, '/*!'} [@1608,6925:6925='(',<146>,239:28] (rulesOrAxioms, decls, file) 
125463     WARN  Test worker     d.u.i.k.n.KeYParser       [syntax-error] file:/home/runner/work/key/key/key.core/build/resources/main/de/uka/ilkd/key/proof/rules/ifThenElseRules.key:239:33: mismatched input '->' expecting {'(', '{'} [@1611,6930:6931='->',<158>,239:33] (taclet, rulesOrAxioms, decls, file) 
125463     WARN  Test worker     d.u.i.k.n.KeYParser       [syntax-error] file:/home/runner/work/key/key/key.core/build/resources/main/de/uka/ilkd/key/proof/rules/ifThenElseRules.key:240:8: extraneous input '\replacewith' expecting {'\lemma', '}', IDENT, '/*!'} [@1626,6979:6990='\replacewith',<105>,240:8] (rulesOrAxioms, decls, file) 
125463     WARN  Test worker     d.u.i.k.n.KeYParser       [syntax-error] file:/home/runner/work/key/key/key.core/build/resources/main/de/uka/ilkd/key/proof/rules/ifThenElseRules.key:240:25: mismatched input ')' expecting {'(', '{'} [@1629,6996:6996=')',<147>,240:25] (taclet, rulesOrAxioms, decls, file) 
125465     WARN  Test worker     d.u.i.k.n.KeYParser       [syntax-error] file:/home/runner/work/key/key/key.core/build/resources/main/de/uka/ilkd/key/proof/rules/ifThenElseRules.key:240:56: mismatched input ')' expecting {'(', '{'} [@1642,7027:7027=')',<147>,240:56] (taclet, rulesOrAxioms, decls, file) 
125465     WARN  Test worker     d.u.i.k.n.KeYParser       [syntax-error] file:/home/runner/work/key/key/key.core/build/resources/main/de/uka/ilkd/key/proof/rules/ifThenElseRules.key:245:14: mismatched input '\ifExintVar' expecting {MODALITY, FORALL, EXISTS, '\if', '\ifEx', 'true', 'false', '(', '{', '@', NOT, SEQARROW, '-', STRING_LITERAL, CHAR_LITERAL, BIN_LITERAL, HEX_LITERAL, IDENT, INT_LITERAL, FLOAT_LITERAL, DOUBLE_LITERAL, REAL_LITERAL} [@1658,7109:7119='\ifExintVar',<188>,245:14] (termorseq, taclet, rulesOrAxioms, decls, file) 
125467     WARN  Test worker     d.u.i.k.n.KeYParser       [syntax-error] file:/home/runner/work/key/key/key.core/build/resources/main/de/uka/ilkd/key/proof/rules/ifThenElseRules.key:245:27: extraneous input '(' expecting {'\lemma', '}', IDENT, '/*!'} [@1661,7122:7122='(',<146>,245:27] (rulesOrAxioms, decls, file) 
125467     WARN  Test worker     d.u.i.k.n.KeYParser       [syntax-error] file:/home/runner/work/key/key/key.core/build/resources/main/de/uka/ilkd/key/proof/rules/ifThenElseRules.key:245:31: mismatched input ')' expecting {'(', '{'} [@1663,7126:7126=')',<147>,245:31] (taclet, rulesOrAxioms, decls, file) 
125468     WARN  Test worker     d.u.i.k.n.KeYParser       [syntax-error] file:/home/runner/work/key/key/key.core/build/resources/main/de/uka/ilkd/key/proof/rules/ifThenElseRules.key:248:45: mismatched input '}' expecting {'(', '{'} [@1696,7268:7268='}',<149>,248:45] (taclet, rulesOrAxioms, decls, file) 
125475     WARN  Test worker     d.u.i.k.n.KeYParser       [syntax-error] file:/home/runner/work/key/key/key.core/build/resources/main/de/uka/ilkd/key/proof/rules/ifThenElseRules.key:249:8: extraneous input '\replacewith' expecting {'\lemma', '}', IDENT, '/*!'} [@1701,7284:7295='\replacewith',<105>,249:8] (rulesOrAxioms, decls, file) 
125476     WARN  Test worker     d.u.i.k.n.KeYParser       [syntax-error] file:/home/runner/work/key/key/key.core/build/resources/main/de/uka/ilkd/key/proof/rules/ifThenElseRules.key:249:38: mismatched input ')' expecting {'(', '{'} [@1708,7314:7314=')',<147>,249:38] (taclet, rulesOrAxioms, decls, file) 
125476     WARN  Test worker     d.u.i.k.n.KeYParser       [syntax-error] file:/home/runner/work/key/key/key.core/build/resources/main/de/uka/ilkd/key/proof/rules/ifThenElseRules.key:250:42: mismatched input '}' expecting {'(', '{'} [@1731,7381:7381='}',<149>,250:42] (taclet, rulesOrAxioms, decls, file) 
125477     WARN  Test worker     d.u.i.k.n.KeYParser       [syntax-error] file:/home/runner/work/key/key/key.core/build/resources/main/de/uka/ilkd/key/proof/rules/ifThenElseRules.key:251:28: extraneous input '(' expecting {'\lemma', '}', IDENT, '/*!'} [@1741,7416:7416='(',<146>,251:28] (rulesOrAxioms, decls, file) 
125477     WARN  Test worker     d.u.i.k.n.KeYParser       [syntax-error] file:/home/runner/work/key/key/key.core/build/resources/main/de/uka/ilkd/key/proof/rules/ifThenElseRules.key:251:33: mismatched input '->' expecting {'(', '{'} [@1744,7421:7422='->',<158>,251:33] (taclet, rulesOrAxioms, decls, file) 
125478     WARN  Test worker     d.u.i.k.n.KeYParser       [syntax-error] file:/home/runner/work/key/key/key.core/build/resources/main/de/uka/ilkd/key/proof/rules/ifThenElseRules.key:255:14: mismatched input '\ifExintVar' expecting {MODALITY, FORALL, EXISTS, '\if', '\ifEx', 'true', 'false', '(', '{', '@', NOT, SEQARROW, '-', STRING_LITERAL, CHAR_LITERAL, BIN_LITERAL, HEX_LITERAL, IDENT, INT_LITERAL, FLOAT_LITERAL, DOUBLE_LITERAL, REAL_LITERAL} [@1765,7506:7516='\ifExintVar',<188>,255:14] (termorseq, taclet, rulesOrAxioms, decls, file) 
125478     WARN  Test worker     d.u.i.k.n.KeYParser       [syntax-error] file:/home/runner/work/key/key/key.core/build/resources/main/de/uka/ilkd/key/proof/rules/ifThenElseRules.key:255:27: extraneous input '(' expecting {'\lemma', '}', IDENT, '/*!'} [@1768,7519:7519='(',<146>,255:27] (rulesOrAxioms, decls, file) 
125479     WARN  Test worker     d.u.i.k.n.KeYParser       [syntax-error] file:/home/runner/work/key/key/key.core/build/resources/main/de/uka/ilkd/key/proof/rules/ifThenElseRules.key:255:31: mismatched input ')' expecting {'(', '{'} [@1770,7523:7523=')',<147>,255:31] (taclet, rulesOrAxioms, decls, file) 
125479     WARN  Test worker     d.u.i.k.n.KeYParser       [syntax-error] file:/home/runner/work/key/key/key.core/build/resources/main/de/uka/ilkd/key/proof/rules/ifThenElseRules.key:258:52: extraneous input '0' expecting {'\lemma', '}', IDENT, '/*!'} [@1809,7667:7667='0',<184>,258:52] (rulesOrAxioms, decls, file) 
125480     WARN  Test worker     d.u.i.k.n.KeYParser       [syntax-error] file:/home/runner/work/key/key/key.core/build/resources/main/de/uka/ilkd/key/proof/rules/ifThenElseRules.key:258:54: mismatched input 'then' expecting {<EOF>, '\problem', '\chooseContract', '\proofObligation', '\proof'} [@1811,7669:7672='then',<183>,258:54] (file) 
125560     WARN  Test worker     d.u.i.k.n.KeYParser       [syntax-error] file:/home/runner/work/key/key/key.core/build/resources/main/de/uka/ilkd/key/proof/rules/ifThenElseRules.key:135:14: mismatched input '\ifExintVar' expecting {MODALITY, FORALL, EXISTS, '\if', '\ifEx', 'true', 'false', '(', '{', '@', NOT, SEQARROW, '-', STRING_LITERAL, CHAR_LITERAL, BIN_LITERAL, HEX_LITERAL, IDENT, INT_LITERAL, FLOAT_LITERAL, DOUBLE_LITERAL, REAL_LITERAL} [@745,3563:3573='\ifExintVar',<188>,135:14] (termorseq, taclet, rulesOrAxioms, decls, file) 
125563     WARN  Test worker     d.u.i.k.n.KeYParser       [syntax-error] file:/home/runner/work/key/key/key.core/build/resources/main/de/uka/ilkd/key/proof/rules/ifThenElseRules.key:135:27: extraneous input '(' expecting {'\lemma', '}', IDENT, '/*!'} [@748,3576:3576='(',<146>,135:27] (rulesOrAxioms, decls, file) 
125563     WARN  Test worker     d.u.i.k.n.KeYParser       [syntax-error] file:/home/runner/work/key/key/key.core/build/resources/main/de/uka/ilkd/key/proof/rules/ifThenElseRules.key:135:44: mismatched input ')' expecting {'(', '{'} [@754,3593:3593=')',<147>,135:44] (taclet, rulesOrAxioms, decls, file) 
125564     WARN  Test worker     d.u.i.k.n.KeYParser       [syntax-error] file:/home/runner/work/key/key/key.core/build/resources/main/de/uka/ilkd/key/proof/rules/ifThenElseRules.key:141:14: mismatched input '\ifExintVar' expecting {MODALITY, FORALL, EXISTS, '\if', '\ifEx', 'true', 'false', '(', '{', '@', NOT, SEQARROW, '-', STRING_LITERAL, CHAR_LITERAL, BIN_LITERAL, HEX_LITERAL, IDENT, INT_LITERAL, FLOAT_LITERAL, DOUBLE_LITERAL, REAL_LITERAL} [@780,3716:3726='\ifExintVar',<188>,141:14] (termorseq, taclet, rulesOrAxioms, decls, file) 
125565     WARN  Test worker     d.u.i.k.n.KeYParser       [syntax-error] file:/home/runner/work/key/key/key.core/build/resources/main/de/uka/ilkd/key/proof/rules/ifThenElseRules.key:141:27: extraneous input '(' expecting {'\lemma', '}', IDENT, '/*!'} [@783,3729:3729='(',<146>,141:27] (rulesOrAxioms, decls, file) 
125566     WARN  Test worker     d.u.i.k.n.KeYParser       [syntax-error] file:/home/runner/work/key/key/key.core/build/resources/main/de/uka/ilkd/key/proof/rules/ifThenElseRules.key:141:41: mismatched input ')' expecting {'(', '{'} [@789,3743:3743=')',<147>,141:41] (taclet, rulesOrAxioms, decls, file) 
125567     WARN  Test worker     d.u.i.k.n.KeYParser       [syntax-error] file:/home/runner/work/key/key/key.core/build/resources/main/de/uka/ilkd/key/proof/rules/ifThenElseRules.key:148:14: mismatched input '\ifExintVar' expecting {MODALITY, FORALL, EXISTS, '\if', '\ifEx', 'true', 'false', '(', '{', '@', NOT, SEQARROW, '-', STRING_LITERAL, CHAR_LITERAL, BIN_LITERAL, HEX_LITERAL, IDENT, INT_LITERAL, FLOAT_LITERAL, DOUBLE_LITERAL, REAL_LITERAL} [@819,3896:3906='\ifExintVar',<188>,148:14] (termorseq, taclet, rulesOrAxioms, decls, file) 
125569     WARN  Test worker     d.u.i.k.n.KeYParser       [syntax-error] file:/home/runner/work/key/key/key.core/build/resources/main/de/uka/ilkd/key/proof/rules/ifThenElseRules.key:148:27: extraneous input '(' expecting {'\lemma', '}', IDENT, '/*!'} [@822,3909:3909='(',<146>,148:27] (rulesOrAxioms, decls, file) 
125571     WARN  Test worker     d.u.i.k.n.KeYParser       [syntax-error] file:/home/runner/work/key/key/key.core/build/resources/main/de/uka/ilkd/key/proof/rules/ifThenElseRules.key:148:35: mismatched input '=' expecting {'(', '{'} [@825,3917:3917='=',<159>,148:35] (taclet, rulesOrAxioms, decls, file) 
125573     WARN  Test worker     d.u.i.k.n.KeYParser       [syntax-error] file:/home/runner/work/key/key/key.core/build/resources/main/de/uka/ilkd/key/proof/rules/ifThenElseRules.key:150:38: mismatched input '}' expecting {'(', '{'} [@859,4023:4023='}',<149>,150:38] (taclet, rulesOrAxioms, decls, file) 
125575     WARN  Test worker     d.u.i.k.n.KeYParser       [syntax-error] file:/home/runner/work/key/key/key.core/build/resources/main/de/uka/ilkd/key/proof/rules/ifThenElseRules.key:155:14: mismatched input '\ifExintVar' expecting {MODALITY, FORALL, EXISTS, '\if', '\ifEx', 'true', 'false', '(', '{', '@', NOT, SEQARROW, '-', STRING_LITERAL, CHAR_LITERAL, BIN_LITERAL, HEX_LITERAL, IDENT, INT_LITERAL, FLOAT_LITERAL, DOUBLE_LITERAL, REAL_LITERAL} [@877,4109:4119='\ifExintVar',<188>,155:14] (termorseq, taclet, rulesOrAxioms, decls, file) 
125575     WARN  Test worker     d.u.i.k.n.KeYParser       [syntax-error] file:/home/runner/work/key/key/key.core/build/resources/main/de/uka/ilkd/key/proof/rules/ifThenElseRules.key:155:27: extraneous input '(' expecting {'\lemma', '}', IDENT, '/*!'} [@880,4122:4122='(',<146>,155:27] (rulesOrAxioms, decls, file) 
125578     WARN  Test worker     d.u.i.k.n.KeYParser       [syntax-error] file:/home/runner/work/key/key/key.core/build/resources/main/de/uka/ilkd/key/proof/rules/ifThenElseRules.key:155:35: mismatched input '=' expecting {'(', '{'} [@883,4130:4130='=',<159>,155:35] (taclet, rulesOrAxioms, decls, file) 
125578     WARN  Test worker     d.u.i.k.n.KeYParser       [syntax-error] file:/home/runner/work/key/key/key.core/build/resources/main/de/uka/ilkd/key/proof/rules/ifThenElseRules.key:157:38: mismatched input '}' expecting {'(', '{'} [@917,4230:4230='}',<149>,157:38] (taclet, rulesOrAxioms, decls, file) 
125580     WARN  Test worker     d.u.i.k.n.KeYParser       [syntax-error] file:/home/runner/work/key/key/key.core/build/resources/main/de/uka/ilkd/key/proof/rules/ifThenElseRules.key:163:14: mismatched input '\ifExintVar' expecting {MODALITY, FORALL, EXISTS, '\if', '\ifEx', 'true', 'false', '(', '{', '@', NOT, SEQARROW, '-', STRING_LITERAL, CHAR_LITERAL, BIN_LITERAL, HEX_LITERAL, IDENT, INT_LITERAL, FLOAT_LITERAL, DOUBLE_LITERAL, REAL_LITERAL} [@939,4350:4360='\ifExintVar',<188>,163:14] (termorseq, taclet, rulesOrAxioms, decls, file) 
125584     WARN  Test worker     d.u.i.k.n.KeYParser       [syntax-error] file:/home/runner/work/key/key/key.core/build/resources/main/de/uka/ilkd/key/proof/rules/ifThenElseRules.key:163:27: extraneous input '(' expecting {'\lemma', '}', IDENT, '/*!'} [@942,4363:4363='(',<146>,163:27] (rulesOrAxioms, decls, file) 
125585     WARN  Test worker     d.u.i.k.n.KeYParser       [syntax-error] file:/home/runner/work/key/key/key.core/build/resources/main/de/uka/ilkd/key/proof/rules/ifThenElseRules.key:163:30: mismatched input '=' expecting {'(', '{'} [@945,4366:4366='=',<159>,163:30] (taclet, rulesOrAxioms, decls, file) 
125585     WARN  Test worker     d.u.i.k.n.KeYParser       [syntax-error] file:/home/runner/work/key/key/key.core/build/resources/main/de/uka/ilkd/key/proof/rules/ifThenElseRules.key:165:38: mismatched input '}' expecting {'(', '{'} [@979,4477:4477='}',<149>,165:38] (taclet, rulesOrAxioms, decls, file) 
125589     WARN  Test worker     d.u.i.k.n.KeYParser       [syntax-error] file:/home/runner/work/key/key/key.core/build/resources/main/de/uka/ilkd/key/proof/rules/ifThenElseRules.key:171:14: mismatched input '\ifExintVar' expecting {MODALITY, FORALL, EXISTS, '\if', '\ifEx', 'true', 'false', '(', '{', '@', NOT, SEQARROW, '-', STRING_LITERAL, CHAR_LITERAL, BIN_LITERAL, HEX_LITERAL, IDENT, INT_LITERAL, FLOAT_LITERAL, DOUBLE_LITERAL, REAL_LITERAL} [@1001,4604:4614='\ifExintVar',<188>,171:14] (termorseq, taclet, rulesOrAxioms, decls, file) 
125593     WARN  Test worker     d.u.i.k.n.KeYParser       [syntax-error] file:/home/runner/work/key/key/key.core/build/resources/main/de/uka/ilkd/key/proof/rules/ifThenElseRules.key:171:27: extraneous input '(' expecting {'\lemma', '}', IDENT, '/*!'} [@1004,4617:4617='(',<146>,171:27] (rulesOrAxioms, decls, file) 
125593     WARN  Test worker     d.u.i.k.n.KeYParser       [syntax-error] file:/home/runner/work/key/key/key.core/build/resources/main/de/uka/ilkd/key/proof/rules/ifThenElseRules.key:171:30: mismatched input '=' expecting {'(', '{'} [@1007,4620:4620='=',<159>,171:30] (taclet, rulesOrAxioms, decls, file) 
125594     WARN  Test worker     d.u.i.k.n.KeYParser       [syntax-error] file:/home/runner/work/key/key/key.core/build/resources/main/de/uka/ilkd/key/proof/rules/ifThenElseRules.key:173:38: mismatched input '}' expecting {'(', '{'} [@1041,4725:4725='}',<149>,173:38] (taclet, rulesOrAxioms, decls, file) 
125594     WARN  Test worker     d.u.i.k.n.KeYParser       [syntax-error] file:/home/runner/work/key/key/key.core/build/resources/main/de/uka/ilkd/key/proof/rules/ifThenElseRules.key:179:14: mismatched input '\ifExintVar' expecting {MODALITY, FORALL, EXISTS, '\if', '\ifEx', 'true', 'false', '(', '{', '@', NOT, SEQARROW, '-', STRING_LITERAL, CHAR_LITERAL, BIN_LITERAL, HEX_LITERAL, IDENT, INT_LITERAL, FLOAT_LITERAL, DOUBLE_LITERAL, REAL_LITERAL} [@1063,4848:4858='\ifExintVar',<188>,179:14] (termorseq, taclet, rulesOrAxioms, decls, file) 
125595     WARN  Test worker     d.u.i.k.n.KeYParser       [syntax-error] file:/home/runner/work/key/key/key.core/build/resources/main/de/uka/ilkd/key/proof/rules/ifThenElseRules.key:179:27: extraneous input '(' expecting {'\lemma', '}', IDENT, '/*!'} [@1066,4861:4861='(',<146>,179:27] (rulesOrAxioms, decls, file) 
125596     WARN  Test worker     d.u.i.k.n.KeYParser       [syntax-error] file:/home/runner/work/key/key/key.core/build/resources/main/de/uka/ilkd/key/proof/rules/ifThenElseRules.key:179:32: mismatched input '&' expecting {'(', '{'} [@1069,4866:4866='&',<156>,179:32] (taclet, rulesOrAxioms, decls, file) 
125596     WARN  Test worker     d.u.i.k.n.KeYParser       [syntax-error] file:/home/runner/work/key/key/key.core/build/resources/main/de/uka/ilkd/key/proof/rules/ifThenElseRules.key:181:42: mismatched input '}' expecting {'(', '{'} [@1109,4985:4985='}',<149>,181:42] (taclet, rulesOrAxioms, decls, file) 
125597     WARN  Test worker     d.u.i.k.n.KeYParser       [syntax-error] file:/home/runner/work/key/key/key.core/build/resources/main/de/uka/ilkd/key/proof/rules/ifThenElseRules.key:182:39: mismatched input '}' expecting {'(', '{'} [@1122,5030:5030='}',<149>,182:39] (taclet, rulesOrAxioms, decls, file) 
125598     WARN  Test worker     d.u.i.k.n.KeYParser       [syntax-error] file:/home/runner/work/key/key/key.core/build/resources/main/de/uka/ilkd/key/proof/rules/ifThenElseRules.key:188:14: mismatched input '\ifExintVar' expecting {MODALITY, FORALL, EXISTS, '\if', '\ifEx', 'true', 'false', '(', '{', '@', NOT, SEQARROW, '-', STRING_LITERAL, CHAR_LITERAL, BIN_LITERAL, HEX_LITERAL, IDENT, INT_LITERAL, FLOAT_LITERAL, DOUBLE_LITERAL, REAL_LITERAL} [@1146,5149:5159='\ifExintVar',<188>,188:14] (termorseq, taclet, rulesOrAxioms, decls, file) 
125599     WARN  Test worker     d.u.i.k.n.KeYParser       [syntax-error] file:/home/runner/work/key/key/key.core/build/resources/main/de/uka/ilkd/key/proof/rules/ifThenElseRules.key:188:27: extraneous input '(' expecting {'\lemma', '}', IDENT, '/*!'} [@1149,5162:5162='(',<146>,188:27] (rulesOrAxioms, decls, file) 
125599     WARN  Test worker     d.u.i.k.n.KeYParser       [syntax-error] file:/home/runner/work/key/key/key.core/build/resources/main/de/uka/ilkd/key/proof/rules/ifThenElseRules.key:188:32: mismatched input '&' expecting {'(', '{'} [@1152,5167:5167='&',<156>,188:32] (taclet, rulesOrAxioms, decls, file) 
125600     WARN  Test worker     d.u.i.k.n.KeYParser       [syntax-error] file:/home/runner/work/key/key/key.core/build/resources/main/de/uka/ilkd/key/proof/rules/ifThenElseRules.key:190:42: mismatched input '}' expecting {'(', '{'} [@1192,5280:5280='}',<149>,190:42] (taclet, rulesOrAxioms, decls, file) 
125601     WARN  Test worker     d.u.i.k.n.KeYParser       [syntax-error] file:/home/runner/work/key/key/key.core/build/resources/main/de/uka/ilkd/key/proof/rules/ifThenElseRules.key:191:39: mismatched input '}' expecting {'(', '{'} [@1205,5325:5325='}',<149>,191:39] (taclet, rulesOrAxioms, decls, file) 
125602     WARN  Test worker     d.u.i.k.n.KeYParser       [syntax-error] file:/home/runner/work/key/key/key.core/build/resources/main/de/uka/ilkd/key/proof/rules/ifThenElseRules.key:198:14: mismatched input '\ifExintVar' expecting {MODALITY, FORALL, EXISTS, '\if', '\ifEx', 'true', 'false', '(', '{', '@', NOT, SEQARROW, '-', STRING_LITERAL, CHAR_LITERAL, BIN_LITERAL, HEX_LITERAL, IDENT, INT_LITERAL, FLOAT_LITERAL, DOUBLE_LITERAL, REAL_LITERAL} [@1233,5475:5485='\ifExintVar',<188>,198:14] (termorseq, taclet, rulesOrAxioms, decls, file) 
125605     WARN  Test worker     d.u.i.k.n.KeYParser       [syntax-error] file:/home/runner/work/key/key/key.core/build/resources/main/de/uka/ilkd/key/proof/rules/ifThenElseRules.key:198:27: extraneous input '(' expecting {'\lemma', '}', IDENT, '/*!'} [@1236,5488:5488='(',<146>,198:27] (rulesOrAxioms, decls, file) 
125607     WARN  Test worker     d.u.i.k.n.KeYParser       [syntax-error] file:/home/runner/work/key/key/key.core/build/resources/main/de/uka/ilkd/key/proof/rules/ifThenElseRules.key:198:32: mismatched input '&' expecting {'(', '{'} [@1239,5493:5493='&',<156>,198:32] (taclet, rulesOrAxioms, decls, file) 
125607     WARN  Test worker     d.u.i.k.n.KeYParser       [syntax-error] file:/home/runner/work/key/key/key.core/build/resources/main/de/uka/ilkd/key/proof/rules/ifThenElseRules.key:200:42: mismatched input '}' expecting {'(', '{'} [@1279,5612:5612='}',<149>,200:42] (taclet, rulesOrAxioms, decls, file) 
125608     WARN  Test worker     d.u.i.k.n.KeYParser       [syntax-error] file:/home/runner/work/key/key/key.core/build/resources/main/de/uka/ilkd/key/proof/rules/ifThenElseRules.key:201:39: mismatched input '}' expecting {'(', '{'} [@1292,5657:5657='}',<149>,201:39] (taclet, rulesOrAxioms, decls, file) 
125608     WARN  Test worker     d.u.i.k.n.KeYParser       [syntax-error] file:/home/runner/work/key/key/key.core/build/resources/main/de/uka/ilkd/key/proof/rules/ifThenElseRules.key:208:14: mismatched input '\ifExintVar' expecting {MODALITY, FORALL, EXISTS, '\if', '\ifEx', 'true', 'false', '(', '{', '@', NOT, SEQARROW, '-', STRING_LITERAL, CHAR_LITERAL, BIN_LITERAL, HEX_LITERAL, IDENT, INT_LITERAL, FLOAT_LITERAL, DOUBLE_LITERAL, REAL_LITERAL} [@1320,5817:5827='\ifExintVar',<188>,208:14] (termorseq, taclet, rulesOrAxioms, decls, file) 
125609     WARN  Test worker     d.u.i.k.n.KeYParser       [syntax-error] file:/home/runner/work/key/key/key.core/build/resources/main/de/uka/ilkd/key/proof/rules/ifThenElseRules.key:208:27: extraneous input '(' expecting {'\lemma', '}', IDENT, '/*!'} [@1323,5830:5830='(',<146>,208:27] (rulesOrAxioms, decls, file) 
125609     WARN  Test worker     d.u.i.k.n.KeYParser       [syntax-error] file:/home/runner/work/key/key/key.core/build/resources/main/de/uka/ilkd/key/proof/rules/ifThenElseRules.key:208:32: mismatched input '&' expecting {'(', '{'} [@1326,5835:5835='&',<156>,208:32] (taclet, rulesOrAxioms, decls, file) 
125609     WARN  Test worker     d.u.i.k.n.KeYParser       [syntax-error] file:/home/runner/work/key/key/key.core/build/resources/main/de/uka/ilkd/key/proof/rules/ifThenElseRules.key:210:42: mismatched input '}' expecting {'(', '{'} [@1366,5948:5948='}',<149>,210:42] (taclet, rulesOrAxioms, decls, file) 
125610     WARN  Test worker     d.u.i.k.n.KeYParser       [syntax-error] file:/home/runner/work/key/key/key.core/build/resources/main/de/uka/ilkd/key/proof/rules/ifThenElseRules.key:211:39: mismatched input '}' expecting {'(', '{'} [@1379,5993:5993='}',<149>,211:39] (taclet, rulesOrAxioms, decls, file) 
125611     WARN  Test worker     d.u.i.k.n.KeYParser       [syntax-error] file:/home/runner/work/key/key/key.core/build/resources/main/de/uka/ilkd/key/proof/rules/ifThenElseRules.key:218:14: mismatched input '\ifExintVar' expecting {MODALITY, FORALL, EXISTS, '\if', '\ifEx', 'true', 'false', '(', '{', '@', NOT, SEQARROW, '-', STRING_LITERAL, CHAR_LITERAL, BIN_LITERAL, HEX_LITERAL, IDENT, INT_LITERAL, FLOAT_LITERAL, DOUBLE_LITERAL, REAL_LITERAL} [@1407,6146:6156='\ifExintVar',<188>,218:14] (termorseq, taclet, rulesOrAxioms, decls, file) 
125618     WARN  Test worker     d.u.i.k.n.KeYParser       [syntax-error] file:/home/runner/work/key/key/key.core/build/resources/main/de/uka/ilkd/key/proof/rules/ifThenElseRules.key:218:27: extraneous input '(' expecting {'\lemma', '}', IDENT, '/*!'} [@1410,6159:6159='(',<146>,218:27] (rulesOrAxioms, decls, file) 
125619     WARN  Test worker     d.u.i.k.n.KeYParser       [syntax-error] file:/home/runner/work/key/key/key.core/build/resources/main/de/uka/ilkd/key/proof/rules/ifThenElseRules.key:218:31: mismatched input ')' expecting {'(', '{'} [@1412,6163:6163=')',<147>,218:31] (taclet, rulesOrAxioms, decls, file) 
125619     WARN  Test worker     d.u.i.k.n.KeYParser       [syntax-error] file:/home/runner/work/key/key/key.core/build/resources/main/de/uka/ilkd/key/proof/rules/ifThenElseRules.key:220:44: mismatched input ')' expecting {'(', '{'} [@1444,6275:6275=')',<147>,220:44] (taclet, rulesOrAxioms, decls, file) 
125619     WARN  Test worker     d.u.i.k.n.KeYParser       [syntax-error] file:/home/runner/work/key/key/key.core/build/resources/main/de/uka/ilkd/key/proof/rules/ifThenElseRules.key:225:14: mismatched input '\ifExintVar' expecting {MODALITY, FORALL, EXISTS, '\if', '\ifEx', 'true', 'false', '(', '{', '@', NOT, SEQARROW, '-', STRING_LITERAL, CHAR_LITERAL, BIN_LITERAL, HEX_LITERAL, IDENT, INT_LITERAL, FLOAT_LITERAL, DOUBLE_LITERAL, REAL_LITERAL} [@1471,6389:6399='\ifExintVar',<188>,225:14] (termorseq, taclet, rulesOrAxioms, decls, file) 
125619     WARN  Test worker     d.u.i.k.n.KeYParser       [syntax-error] file:/home/runner/work/key/key/key.core/build/resources/main/de/uka/ilkd/key/proof/rules/ifThenElseRules.key:225:27: extraneous input '(' expecting {'\lemma', '}', IDENT, '/*!'} [@1474,6402:6402='(',<146>,225:27] (rulesOrAxioms, decls, file) 
125619     WARN  Test worker     d.u.i.k.n.KeYParser       [syntax-error] file:/home/runner/work/key/key/key.core/build/resources/main/de/uka/ilkd/key/proof/rules/ifThenElseRules.key:225:31: mismatched input ')' expecting {'(', '{'} [@1476,6406:6406=')',<147>,225:31] (taclet, rulesOrAxioms, decls, file) 
125619     WARN  Test worker     d.u.i.k.n.KeYParser       [syntax-error] file:/home/runner/work/key/key/key.core/build/resources/main/de/uka/ilkd/key/proof/rules/ifThenElseRules.key:227:44: mismatched input ')' expecting {'(', '{'} [@1508,6509:6509=')',<147>,227:44] (taclet, rulesOrAxioms, decls, file) 
125619     WARN  Test worker     d.u.i.k.n.KeYParser       [syntax-error] file:/home/runner/work/key/key/key.core/build/resources/main/de/uka/ilkd/key/proof/rules/ifThenElseRules.key:233:14: mismatched input '\ifExintVar' expecting {MODALITY, FORALL, EXISTS, '\if', '\ifEx', 'true', 'false', '(', '{', '@', NOT, SEQARROW, '-', STRING_LITERAL, CHAR_LITERAL, BIN_LITERAL, HEX_LITERAL, IDENT, INT_LITERAL, FLOAT_LITERAL, DOUBLE_LITERAL, REAL_LITERAL} [@1539,6656:6666='\ifExintVar',<188>,233:14] (termorseq, taclet, rulesOrAxioms, decls, file) 
125619     WARN  Test worker     d.u.i.k.n.KeYParser       [syntax-error] file:/home/runner/work/key/key/key.core/build/resources/main/de/uka/ilkd/key/proof/rules/ifThenElseRules.key:233:27: extraneous input '(' expecting {'\lemma', '}', IDENT, '/*!'} [@1542,6669:6669='(',<146>,233:27] (rulesOrAxioms, decls, file) 
125619     WARN  Test worker     d.u.i.k.n.KeYParser       [syntax-error] file:/home/runner/work/key/key/key.core/build/resources/main/de/uka/ilkd/key/proof/rules/ifThenElseRules.key:233:31: mismatched input ')' expecting {'(', '{'} [@1544,6673:6673=')',<147>,233:31] (taclet, rulesOrAxioms, decls, file) 
125620     WARN  Test worker     d.u.i.k.n.KeYParser       [syntax-error] file:/home/runner/work/key/key/key.core/build/resources/main/de/uka/ilkd/key/proof/rules/ifThenElseRules.key:237:42: mismatched input '}' expecting {'(', '{'} [@1586,6850:6850='}',<149>,237:42] (taclet, rulesOrAxioms, decls, file) 
125620     WARN  Test worker     d.u.i.k.n.KeYParser       [syntax-error] file:/home/runner/work/key/key/key.core/build/resources/main/de/uka/ilkd/key/proof/rules/ifThenElseRules.key:238:34: mismatched input '}' expecting {'(', '{'} [@1599,6891:6891='}',<149>,238:34] (taclet, rulesOrAxioms, decls, file) 
125620     WARN  Test worker     d.u.i.k.n.KeYParser       [syntax-error] file:/home/runner/work/key/key/key.core/build/resources/main/de/uka/ilkd/key/proof/rules/ifThenElseRules.key:239:28: extraneous input '(' expecting {'\lemma', '}', IDENT, '/*!'} [@1608,6925:6925='(',<146>,239:28] (rulesOrAxioms, decls, file) 
125620     WARN  Test worker     d.u.i.k.n.KeYParser       [syntax-error] file:/home/runner/work/key/key/key.core/build/resources/main/de/uka/ilkd/key/proof/rules/ifThenElseRules.key:239:33: mismatched input '->' expecting {'(', '{'} [@1611,6930:6931='->',<158>,239:33] (taclet, rulesOrAxioms, decls, file) 
125620     WARN  Test worker     d.u.i.k.n.KeYParser       [syntax-error] file:/home/runner/work/key/key/key.core/build/resources/main/de/uka/ilkd/key/proof/rules/ifThenElseRules.key:240:8: extraneous input '\replacewith' expecting {'\lemma', '}', IDENT, '/*!'} [@1626,6979:6990='\replacewith',<105>,240:8] (rulesOrAxioms, decls, file) 
125620     WARN  Test worker     d.u.i.k.n.KeYParser       [syntax-error] file:/home/runner/work/key/key/key.core/build/resources/main/de/uka/ilkd/key/proof/rules/ifThenElseRules.key:240:25: mismatched input ')' expecting {'(', '{'} [@1629,6996:6996=')',<147>,240:25] (taclet, rulesOrAxioms, decls, file) 
125620     WARN  Test worker     d.u.i.k.n.KeYParser       [syntax-error] file:/home/runner/work/key/key/key.core/build/resources/main/de/uka/ilkd/key/proof/rules/ifThenElseRules.key:240:56: mismatched input ')' expecting {'(', '{'} [@1642,7027:7027=')',<147>,240:56] (taclet, rulesOrAxioms, decls, file) 
125620     WARN  Test worker     d.u.i.k.n.KeYParser       [syntax-error] file:/home/runner/work/key/key/key.core/build/resources/main/de/uka/ilkd/key/proof/rules/ifThenElseRules.key:245:14: mismatched input '\ifExintVar' expecting {MODALITY, FORALL, EXISTS, '\if', '\ifEx', 'true', 'false', '(', '{', '@', NOT, SEQARROW, '-', STRING_LITERAL, CHAR_LITERAL, BIN_LITERAL, HEX_LITERAL, IDENT, INT_LITERAL, FLOAT_LITERAL, DOUBLE_LITERAL, REAL_LITERAL} [@1658,7109:7119='\ifExintVar',<188>,245:14] (termorseq, taclet, rulesOrAxioms, decls, file) 
125621     WARN  Test worker     d.u.i.k.n.KeYParser       [syntax-error] file:/home/runner/work/key/key/key.core/build/resources/main/de/uka/ilkd/key/proof/rules/ifThenElseRules.key:245:27: extraneous input '(' expecting {'\lemma', '}', IDENT, '/*!'} [@1661,7122:7122='(',<146>,245:27] (rulesOrAxioms, decls, file) 
125621     WARN  Test worker     d.u.i.k.n.KeYParser       [syntax-error] file:/home/runner/work/key/key/key.core/build/resources/main/de/uka/ilkd/key/proof/rules/ifThenElseRules.key:245:31: mismatched input ')' expecting {'(', '{'} [@1663,7126:7126=')',<147>,245:31] (taclet, rulesOrAxioms, decls, file) 
125621     WARN  Test worker     d.u.i.k.n.KeYParser       [syntax-error] file:/home/runner/work/key/key/key.core/build/resources/main/de/uka/ilkd/key/proof/rules/ifThenElseRules.key:248:45: mismatched input '}' expecting {'(', '{'} [@1696,7268:7268='}',<149>,248:45] (taclet, rulesOrAxioms, decls, file) 
125621     WARN  Test worker     d.u.i.k.n.KeYParser       [syntax-error] file:/home/runner/work/key/key/key.core/build/resources/main/de/uka/ilkd/key/proof/rules/ifThenElseRules.key:249:8: extraneous input '\replacewith' expecting {'\lemma', '}', IDENT, '/*!'} [@1701,7284:7295='\replacewith',<105>,249:8] (rulesOrAxioms, decls, file) 
125621     WARN  Test worker     d.u.i.k.n.KeYParser       [syntax-error] file:/home/runner/work/key/key/key.core/build/resources/main/de/uka/ilkd/key/proof/rules/ifThenElseRules.key:249:38: mismatched input ')' expecting {'(', '{'} [@1708,7314:7314=')',<147>,249:38] (taclet, rulesOrAxioms, decls, file) 
125621     WARN  Test worker     d.u.i.k.n.KeYParser       [syntax-error] file:/home/runner/work/key/key/key.core/build/resources/main/de/uka/ilkd/key/proof/rules/ifThenElseRules.key:250:42: mismatched input '}' expecting {'(', '{'} [@1731,7381:7381='}',<149>,250:42] (taclet, rulesOrAxioms, decls, file) 
125621     WARN  Test worker     d.u.i.k.n.KeYParser       [syntax-error] file:/home/runner/work/key/key/key.core/build/resources/main/de/uka/ilkd/key/proof/rules/ifThenElseRules.key:251:28: extraneous input '(' expecting {'\lemma', '}', IDENT, '/*!'} [@1741,7416:7416='(',<146>,251:28] (rulesOrAxioms, decls, file) 
125621     WARN  Test worker     d.u.i.k.n.KeYParser       [syntax-error] file:/home/runner/work/key/key/key.core/build/resources/main/de/uka/ilkd/key/proof/rules/ifThenElseRules.key:251:33: mismatched input '->' expecting {'(', '{'} [@1744,7421:7422='->',<158>,251:33] (taclet, rulesOrAxioms, decls, file) 
125621     WARN  Test worker     d.u.i.k.n.KeYParser       [syntax-error] file:/home/runner/work/key/key/key.core/build/resources/main/de/uka/ilkd/key/proof/rules/ifThenElseRules.key:255:14: mismatched input '\ifExintVar' expecting {MODALITY, FORALL, EXISTS, '\if', '\ifEx', 'true', 'false', '(', '{', '@', NOT, SEQARROW, '-', STRING_LITERAL, CHAR_LITERAL, BIN_LITERAL, HEX_LITERAL, IDENT, INT_LITERAL, FLOAT_LITERAL, DOUBLE_LITERAL, REAL_LITERAL} [@1765,7506:7516='\ifExintVar',<188>,255:14] (termorseq, taclet, rulesOrAxioms, decls, file) 
125621     WARN  Test worker     d.u.i.k.n.KeYParser       [syntax-error] file:/home/runner/work/key/key/key.core/build/resources/main/de/uka/ilkd/key/proof/rules/ifThenElseRules.key:255:27: extraneous input '(' expecting {'\lemma', '}', IDENT, '/*!'} [@1768,7519:7519='(',<146>,255:27] (rulesOrAxioms, decls, file) 
125621     WARN  Test worker     d.u.i.k.n.KeYParser       [syntax-error] file:/home/runner/work/key/key/key.core/build/resources/main/de/uka/ilkd/key/proof/rules/ifThenElseRules.key:255:31: mismatched input ')' expecting {'(', '{'} [@1770,7523:7523=')',<147>,255:31] (taclet, rulesOrAxioms, decls, file) 
125622     WARN  Test worker     d.u.i.k.n.KeYParser       [syntax-error] file:/home/runner/work/key/key/key.core/build/resources/main/de/uka/ilkd/key/proof/rules/ifThenElseRules.key:258:52: extraneous input '0' expecting {'\lemma', '}', IDENT, '/*!'} [@1809,7667:7667='0',<184>,258:52] (rulesOrAxioms, decls, file) 
125622     WARN  Test worker     d.u.i.k.n.KeYParser       [syntax-error] file:/home/runner/work/key/key/key.core/build/resources/main/de/uka/ilkd/key/proof/rules/ifThenElseRules.key:258:54: mismatched input 'then' expecting {<EOF>, '\problem', '\chooseContract', '\proofObligation', '\proof'} [@1811,7669:7672='then',<183>,258:54] (file) 
125715     WARN  Test worker     d.u.i.k.n.KeYParser       [syntax-error] file:/home/runner/work/key/key/key.core/build/resources/main/de/uka/ilkd/key/proof/rules/ifThenElseRules.key:135:14: mismatched input '\ifExintVar' expecting {MODALITY, FORALL, EXISTS, '\if', '\ifEx', 'true', 'false', '(', '{', '@', NOT, SEQARROW, '-', STRING_LITERAL, CHAR_LITERAL, BIN_LITERAL, HEX_LITERAL, IDENT, INT_LITERAL, FLOAT_LITERAL, DOUBLE_LITERAL, REAL_LITERAL} [@745,3563:3573='\ifExintVar',<188>,135:14] (termorseq, taclet, rulesOrAxioms, decls, file) 
125715     WARN  Test worker     d.u.i.k.n.KeYParser       [syntax-error] file:/home/runner/work/key/key/key.core/build/resources/main/de/uka/ilkd/key/proof/rules/ifThenElseRules.key:135:27: extraneous input '(' expecting {'\lemma', '}', IDENT, '/*!'} [@748,3576:3576='(',<146>,135:27] (rulesOrAxioms, decls, file) 
125716     WARN  Test worker     d.u.i.k.n.KeYParser       [syntax-error] file:/home/runner/work/key/key/key.core/build/resources/main/de/uka/ilkd/key/proof/rules/ifThenElseRules.key:135:44: mismatched input ')' expecting {'(', '{'} [@754,3593:3593=')',<147>,135:44] (taclet, rulesOrAxioms, decls, file) 
125716     WARN  Test worker     d.u.i.k.n.KeYParser       [syntax-error] file:/home/runner/work/key/key/key.core/build/resources/main/de/uka/ilkd/key/proof/rules/ifThenElseRules.key:141:14: mismatched input '\ifExintVar' expecting {MODALITY, FORALL, EXISTS, '\if', '\ifEx', 'true', 'false', '(', '{', '@', NOT, SEQARROW, '-', STRING_LITERAL, CHAR_LITERAL, BIN_LITERAL, HEX_LITERAL, IDENT, INT_LITERAL, FLOAT_LITERAL, DOUBLE_LITERAL, REAL_LITERAL} [@780,3716:3726='\ifExintVar',<188>,141:14] (termorseq, taclet, rulesOrAxioms, decls, file) 
125716     WARN  Test worker     d.u.i.k.n.KeYParser       [syntax-error] file:/home/runner/work/key/key/key.core/build/resources/main/de/uka/ilkd/key/proof/rules/ifThenElseRules.key:141:27: extraneous input '(' expecting {'\lemma', '}', IDENT, '/*!'} [@783,3729:3729='(',<146>,141:27] (rulesOrAxioms, decls, file) 
125716     WARN  Test worker     d.u.i.k.n.KeYParser       [syntax-error] file:/home/runner/work/key/key/key.core/build/resources/main/de/uka/ilkd/key/proof/rules/ifThenElseRules.key:141:41: mismatched input ')' expecting {'(', '{'} [@789,3743:3743=')',<147>,141:41] (taclet, rulesOrAxioms, decls, file) 
125716     WARN  Test worker     d.u.i.k.n.KeYParser       [syntax-error] file:/home/runner/work/key/key/key.core/build/resources/main/de/uka/ilkd/key/proof/rules/ifThenElseRules.key:148:14: mismatched input '\ifExintVar' expecting {MODALITY, FORALL, EXISTS, '\if', '\ifEx', 'true', 'false', '(', '{', '@', NOT, SEQARROW, '-', STRING_LITERAL, CHAR_LITERAL, BIN_LITERAL, HEX_LITERAL, IDENT, INT_LITERAL, FLOAT_LITERAL, DOUBLE_LITERAL, REAL_LITERAL} [@819,3896:3906='\ifExintVar',<188>,148:14] (termorseq, taclet, rulesOrAxioms, decls, file) 
125716     WARN  Test worker     d.u.i.k.n.KeYParser       [syntax-error] file:/home/runner/work/key/key/key.core/build/resources/main/de/uka/ilkd/key/proof/rules/ifThenElseRules.key:148:27: extraneous input '(' expecting {'\lemma', '}', IDENT, '/*!'} [@822,3909:3909='(',<146>,148:27] (rulesOrAxioms, decls, file) 
125716     WARN  Test worker     d.u.i.k.n.KeYParser       [syntax-error] file:/home/runner/work/key/key/key.core/build/resources/main/de/uka/ilkd/key/proof/rules/ifThenElseRules.key:148:35: mismatched input '=' expecting {'(', '{'} [@825,3917:3917='=',<159>,148:35] (taclet, rulesOrAxioms, decls, file) 
125716     WARN  Test worker     d.u.i.k.n.KeYParser       [syntax-error] file:/home/runner/work/key/key/key.core/build/resources/main/de/uka/ilkd/key/proof/rules/ifThenElseRules.key:150:38: mismatched input '}' expecting {'(', '{'} [@859,4023:4023='}',<149>,150:38] (taclet, rulesOrAxioms, decls, file) 
125716     WARN  Test worker     d.u.i.k.n.KeYParser       [syntax-error] file:/home/runner/work/key/key/key.core/build/resources/main/de/uka/ilkd/key/proof/rules/ifThenElseRules.key:155:14: mismatched input '\ifExintVar' expecting {MODALITY, FORALL, EXISTS, '\if', '\ifEx', 'true', 'false', '(', '{', '@', NOT, SEQARROW, '-', STRING_LITERAL, CHAR_LITERAL, BIN_LITERAL, HEX_LITERAL, IDENT, INT_LITERAL, FLOAT_LITERAL, DOUBLE_LITERAL, REAL_LITERAL} [@877,4109:4119='\ifExintVar',<188>,155:14] (termorseq, taclet, rulesOrAxioms, decls, file) 
125716     WARN  Test worker     d.u.i.k.n.KeYParser       [syntax-error] file:/home/runner/work/key/key/key.core/build/resources/main/de/uka/ilkd/key/proof/rules/ifThenElseRules.key:155:27: extraneous input '(' expecting {'\lemma', '}', IDENT, '/*!'} [@880,4122:4122='(',<146>,155:27] (rulesOrAxioms, decls, file) 
125725     WARN  Test worker     d.u.i.k.n.KeYParser       [syntax-error] file:/home/runner/work/key/key/key.core/build/resources/main/de/uka/ilkd/key/proof/rules/ifThenElseRules.key:155:35: mismatched input '=' expecting {'(', '{'} [@883,4130:4130='=',<159>,155:35] (taclet, rulesOrAxioms, decls, file) 
125725     WARN  Test worker     d.u.i.k.n.KeYParser       [syntax-error] file:/home/runner/work/key/key/key.core/build/resources/main/de/uka/ilkd/key/proof/rules/ifThenElseRules.key:157:38: mismatched input '}' expecting {'(', '{'} [@917,4230:4230='}',<149>,157:38] (taclet, rulesOrAxioms, decls, file) 
125726     WARN  Test worker     d.u.i.k.n.KeYParser       [syntax-error] file:/home/runner/work/key/key/key.core/build/resources/main/de/uka/ilkd/key/proof/rules/ifThenElseRules.key:163:14: mismatched input '\ifExintVar' expecting {MODALITY, FORALL, EXISTS, '\if', '\ifEx', 'true', 'false', '(', '{', '@', NOT, SEQARROW, '-', STRING_LITERAL, CHAR_LITERAL, BIN_LITERAL, HEX_LITERAL, IDENT, INT_LITERAL, FLOAT_LITERAL, DOUBLE_LITERAL, REAL_LITERAL} [@939,4350:4360='\ifExintVar',<188>,163:14] (termorseq, taclet, rulesOrAxioms, decls, file) 
125726     WARN  Test worker     d.u.i.k.n.KeYParser       [syntax-error] file:/home/runner/work/key/key/key.core/build/resources/main/de/uka/ilkd/key/proof/rules/ifThenElseRules.key:163:27: extraneous input '(' expecting {'\lemma', '}', IDENT, '/*!'} [@942,4363:4363='(',<146>,163:27] (rulesOrAxioms, decls, file) 
125727     WARN  Test worker     d.u.i.k.n.KeYParser       [syntax-error] file:/home/runner/work/key/key/key.core/build/resources/main/de/uka/ilkd/key/proof/rules/ifThenElseRules.key:163:30: mismatched input '=' expecting {'(', '{'} [@945,4366:4366='=',<159>,163:30] (taclet, rulesOrAxioms, decls, file) 
125727     WARN  Test worker     d.u.i.k.n.KeYParser       [syntax-error] file:/home/runner/work/key/key/key.core/build/resources/main/de/uka/ilkd/key/proof/rules/ifThenElseRules.key:165:38: mismatched input '}' expecting {'(', '{'} [@979,4477:4477='}',<149>,165:38] (taclet, rulesOrAxioms, decls, file) 
125727     WARN  Test worker     d.u.i.k.n.KeYParser       [syntax-error] file:/home/runner/work/key/key/key.core/build/resources/main/de/uka/ilkd/key/proof/rules/ifThenElseRules.key:171:14: mismatched input '\ifExintVar' expecting {MODALITY, FORALL, EXISTS, '\if', '\ifEx', 'true', 'false', '(', '{', '@', NOT, SEQARROW, '-', STRING_LITERAL, CHAR_LITERAL, BIN_LITERAL, HEX_LITERAL, IDENT, INT_LITERAL, FLOAT_LITERAL, DOUBLE_LITERAL, REAL_LITERAL} [@1001,4604:4614='\ifExintVar',<188>,171:14] (termorseq, taclet, rulesOrAxioms, decls, file) 
125728     WARN  Test worker     d.u.i.k.n.KeYParser       [syntax-error] file:/home/runner/work/key/key/key.core/build/resources/main/de/uka/ilkd/key/proof/rules/ifThenElseRules.key:171:27: extraneous input '(' expecting {'\lemma', '}', IDENT, '/*!'} [@1004,4617:4617='(',<146>,171:27] (rulesOrAxioms, decls, file) 
125728     WARN  Test worker     d.u.i.k.n.KeYParser       [syntax-error] file:/home/runner/work/key/key/key.core/build/resources/main/de/uka/ilkd/key/proof/rules/ifThenElseRules.key:171:30: mismatched input '=' expecting {'(', '{'} [@1007,4620:4620='=',<159>,171:30] (taclet, rulesOrAxioms, decls, file) 
125734     WARN  Test worker     d.u.i.k.n.KeYParser       [syntax-error] file:/home/runner/work/key/key/key.core/build/resources/main/de/uka/ilkd/key/proof/rules/ifThenElseRules.key:173:38: mismatched input '}' expecting {'(', '{'} [@1041,4725:4725='}',<149>,173:38] (taclet, rulesOrAxioms, decls, file) 
125735     WARN  Test worker     d.u.i.k.n.KeYParser       [syntax-error] file:/home/runner/work/key/key/key.core/build/resources/main/de/uka/ilkd/key/proof/rules/ifThenElseRules.key:179:14: mismatched input '\ifExintVar' expecting {MODALITY, FORALL, EXISTS, '\if', '\ifEx', 'true', 'false', '(', '{', '@', NOT, SEQARROW, '-', STRING_LITERAL, CHAR_LITERAL, BIN_LITERAL, HEX_LITERAL, IDENT, INT_LITERAL, FLOAT_LITERAL, DOUBLE_LITERAL, REAL_LITERAL} [@1063,4848:4858='\ifExintVar',<188>,179:14] (termorseq, taclet, rulesOrAxioms, decls, file) 
125735     WARN  Test worker     d.u.i.k.n.KeYParser       [syntax-error] file:/home/runner/work/key/key/key.core/build/resources/main/de/uka/ilkd/key/proof/rules/ifThenElseRules.key:179:27: extraneous input '(' expecting {'\lemma', '}', IDENT, '/*!'} [@1066,4861:4861='(',<146>,179:27] (rulesOrAxioms, decls, file) 
125736     WARN  Test worker     d.u.i.k.n.KeYParser       [syntax-error] file:/home/runner/work/key/key/key.core/build/resources/main/de/uka/ilkd/key/proof/rules/ifThenElseRules.key:179:32: mismatched input '&' expecting {'(', '{'} [@1069,4866:4866='&',<156>,179:32] (taclet, rulesOrAxioms, decls, file) 
125736     WARN  Test worker     d.u.i.k.n.KeYParser       [syntax-error] file:/home/runner/work/key/key/key.core/build/resources/main/de/uka/ilkd/key/proof/rules/ifThenElseRules.key:181:42: mismatched input '}' expecting {'(', '{'} [@1109,4985:4985='}',<149>,181:42] (taclet, rulesOrAxioms, decls, file) 
125736     WARN  Test worker     d.u.i.k.n.KeYParser       [syntax-error] file:/home/runner/work/key/key/key.core/build/resources/main/de/uka/ilkd/key/proof/rules/ifThenElseRules.key:182:39: mismatched input '}' expecting {'(', '{'} [@1122,5030:5030='}',<149>,182:39] (taclet, rulesOrAxioms, decls, file) 
125738     WARN  Test worker     d.u.i.k.n.KeYParser       [syntax-error] file:/home/runner/work/key/key/key.core/build/resources/main/de/uka/ilkd/key/proof/rules/ifThenElseRules.key:188:14: mismatched input '\ifExintVar' expecting {MODALITY, FORALL, EXISTS, '\if', '\ifEx', 'true', 'false', '(', '{', '@', NOT, SEQARROW, '-', STRING_LITERAL, CHAR_LITERAL, BIN_LITERAL, HEX_LITERAL, IDENT, INT_LITERAL, FLOAT_LITERAL, DOUBLE_LITERAL, REAL_LITERAL} [@1146,5149:5159='\ifExintVar',<188>,188:14] (termorseq, taclet, rulesOrAxioms, decls, file) 
125738     WARN  Test worker     d.u.i.k.n.KeYParser       [syntax-error] file:/home/runner/work/key/key/key.core/build/resources/main/de/uka/ilkd/key/proof/rules/ifThenElseRules.key:188:27: extraneous input '(' expecting {'\lemma', '}', IDENT, '/*!'} [@1149,5162:5162='(',<146>,188:27] (rulesOrAxioms, decls, file) 
125738     WARN  Test worker     d.u.i.k.n.KeYParser       [syntax-error] file:/home/runner/work/key/key/key.core/build/resources/main/de/uka/ilkd/key/proof/rules/ifThenElseRules.key:188:32: mismatched input '&' expecting {'(', '{'} [@1152,5167:5167='&',<156>,188:32] (taclet, rulesOrAxioms, decls, file) 
125739     WARN  Test worker     d.u.i.k.n.KeYParser       [syntax-error] file:/home/runner/work/key/key/key.core/build/resources/main/de/uka/ilkd/key/proof/rules/ifThenElseRules.key:190:42: mismatched input '}' expecting {'(', '{'} [@1192,5280:5280='}',<149>,190:42] (taclet, rulesOrAxioms, decls, file) 
125739     WARN  Test worker     d.u.i.k.n.KeYParser       [syntax-error] file:/home/runner/work/key/key/key.core/build/resources/main/de/uka/ilkd/key/proof/rules/ifThenElseRules.key:191:39: mismatched input '}' expecting {'(', '{'} [@1205,5325:5325='}',<149>,191:39] (taclet, rulesOrAxioms, decls, file) 
125739     WARN  Test worker     d.u.i.k.n.KeYParser       [syntax-error] file:/home/runner/work/key/key/key.core/build/resources/main/de/uka/ilkd/key/proof/rules/ifThenElseRules.key:198:14: mismatched input '\ifExintVar' expecting {MODALITY, FORALL, EXISTS, '\if', '\ifEx', 'true', 'false', '(', '{', '@', NOT, SEQARROW, '-', STRING_LITERAL, CHAR_LITERAL, BIN_LITERAL, HEX_LITERAL, IDENT, INT_LITERAL, FLOAT_LITERAL, DOUBLE_LITERAL, REAL_LITERAL} [@1233,5475:5485='\ifExintVar',<188>,198:14] (termorseq, taclet, rulesOrAxioms, decls, file) 
125740     WARN  Test worker     d.u.i.k.n.KeYParser       [syntax-error] file:/home/runner/work/key/key/key.core/build/resources/main/de/uka/ilkd/key/proof/rules/ifThenElseRules.key:198:27: extraneous input '(' expecting {'\lemma', '}', IDENT, '/*!'} [@1236,5488:5488='(',<146>,198:27] (rulesOrAxioms, decls, file) 
125740     WARN  Test worker     d.u.i.k.n.KeYParser       [syntax-error] file:/home/runner/work/key/key/key.core/build/resources/main/de/uka/ilkd/key/proof/rules/ifThenElseRules.key:198:32: mismatched input '&' expecting {'(', '{'} [@1239,5493:5493='&',<156>,198:32] (taclet, rulesOrAxioms, decls, file) 
125741     WARN  Test worker     d.u.i.k.n.KeYParser       [syntax-error] file:/home/runner/work/key/key/key.core/build/resources/main/de/uka/ilkd/key/proof/rules/ifThenElseRules.key:200:42: mismatched input '}' expecting {'(', '{'} [@1279,5612:5612='}',<149>,200:42] (taclet, rulesOrAxioms, decls, file) 
125741     WARN  Test worker     d.u.i.k.n.KeYParser       [syntax-error] file:/home/runner/work/key/key/key.core/build/resources/main/de/uka/ilkd/key/proof/rules/ifThenElseRules.key:201:39: mismatched input '}' expecting {'(', '{'} [@1292,5657:5657='}',<149>,201:39] (taclet, rulesOrAxioms, decls, file) 
125741     WARN  Test worker     d.u.i.k.n.KeYParser       [syntax-error] file:/home/runner/work/key/key/key.core/build/resources/main/de/uka/ilkd/key/proof/rules/ifThenElseRules.key:208:14: mismatched input '\ifExintVar' expecting {MODALITY, FORALL, EXISTS, '\if', '\ifEx', 'true', 'false', '(', '{', '@', NOT, SEQARROW, '-', STRING_LITERAL, CHAR_LITERAL, BIN_LITERAL, HEX_LITERAL, IDENT, INT_LITERAL, FLOAT_LITERAL, DOUBLE_LITERAL, REAL_LITERAL} [@1320,5817:5827='\ifExintVar',<188>,208:14] (termorseq, taclet, rulesOrAxioms, decls, file) 
125742     WARN  Test worker     d.u.i.k.n.KeYParser       [syntax-error] file:/home/runner/work/key/key/key.core/build/resources/main/de/uka/ilkd/key/proof/rules/ifThenElseRules.key:208:27: extraneous input '(' expecting {'\lemma', '}', IDENT, '/*!'} [@1323,5830:5830='(',<146>,208:27] (rulesOrAxioms, decls, file) 
125742     WARN  Test worker     d.u.i.k.n.KeYParser       [syntax-error] file:/home/runner/work/key/key/key.core/build/resources/main/de/uka/ilkd/key/proof/rules/ifThenElseRules.key:208:32: mismatched input '&' expecting {'(', '{'} [@1326,5835:5835='&',<156>,208:32] (taclet, rulesOrAxioms, decls, file) 
125743     WARN  Test worker     d.u.i.k.n.KeYParser       [syntax-error] file:/home/runner/work/key/key/key.core/build/resources/main/de/uka/ilkd/key/proof/rules/ifThenElseRules.key:210:42: mismatched input '}' expecting {'(', '{'} [@1366,5948:5948='}',<149>,210:42] (taclet, rulesOrAxioms, decls, file) 
125743     WARN  Test worker     d.u.i.k.n.KeYParser       [syntax-error] file:/home/runner/work/key/key/key.core/build/resources/main/de/uka/ilkd/key/proof/rules/ifThenElseRules.key:211:39: mismatched input '}' expecting {'(', '{'} [@1379,5993:5993='}',<149>,211:39] (taclet, rulesOrAxioms, decls, file) 
125744     WARN  Test worker     d.u.i.k.n.KeYParser       [syntax-error] file:/home/runner/work/key/key/key.core/build/resources/main/de/uka/ilkd/key/proof/rules/ifThenElseRules.key:218:14: mismatched input '\ifExintVar' expecting {MODALITY, FORALL, EXISTS, '\if', '\ifEx', 'true', 'false', '(', '{', '@', NOT, SEQARROW, '-', STRING_LITERAL, CHAR_LITERAL, BIN_LITERAL, HEX_LITERAL, IDENT, INT_LITERAL, FLOAT_LITERAL, DOUBLE_LITERAL, REAL_LITERAL} [@1407,6146:6156='\ifExintVar',<188>,218:14] (termorseq, taclet, rulesOrAxioms, decls, file) 
125744     WARN  Test worker     d.u.i.k.n.KeYParser       [syntax-error] file:/home/runner/work/key/key/key.core/build/resources/main/de/uka/ilkd/key/proof/rules/ifThenElseRules.key:218:27: extraneous input '(' expecting {'\lemma', '}', IDENT, '/*!'} [@1410,6159:6159='(',<146>,218:27] (rulesOrAxioms, decls, file) 
125744     WARN  Test worker     d.u.i.k.n.KeYParser       [syntax-error] file:/home/runner/work/key/key/key.core/build/resources/main/de/uka/ilkd/key/proof/rules/ifThenElseRules.key:218:31: mismatched input ')' expecting {'(', '{'} [@1412,6163:6163=')',<147>,218:31] (taclet, rulesOrAxioms, decls, file) 
125746     WARN  Test worker     d.u.i.k.n.KeYParser       [syntax-error] file:/home/runner/work/key/key/key.core/build/resources/main/de/uka/ilkd/key/proof/rules/ifThenElseRules.key:220:44: mismatched input ')' expecting {'(', '{'} [@1444,6275:6275=')',<147>,220:44] (taclet, rulesOrAxioms, decls, file) 
125747     WARN  Test worker     d.u.i.k.n.KeYParser       [syntax-error] file:/home/runner/work/key/key/key.core/build/resources/main/de/uka/ilkd/key/proof/rules/ifThenElseRules.key:225:14: mismatched input '\ifExintVar' expecting {MODALITY, FORALL, EXISTS, '\if', '\ifEx', 'true', 'false', '(', '{', '@', NOT, SEQARROW, '-', STRING_LITERAL, CHAR_LITERAL, BIN_LITERAL, HEX_LITERAL, IDENT, INT_LITERAL, FLOAT_LITERAL, DOUBLE_LITERAL, REAL_LITERAL} [@1471,6389:6399='\ifExintVar',<188>,225:14] (termorseq, taclet, rulesOrAxioms, decls, file) 
125748     WARN  Test worker     d.u.i.k.n.KeYParser       [syntax-error] file:/home/runner/work/key/key/key.core/build/resources/main/de/uka/ilkd/key/proof/rules/ifThenElseRules.key:225:27: extraneous input '(' expecting {'\lemma', '}', IDENT, '/*!'} [@1474,6402:6402='(',<146>,225:27] (rulesOrAxioms, decls, file) 
125748     WARN  Test worker     d.u.i.k.n.KeYParser       [syntax-error] file:/home/runner/work/key/key/key.core/build/resources/main/de/uka/ilkd/key/proof/rules/ifThenElseRules.key:225:31: mismatched input ')' expecting {'(', '{'} [@1476,6406:6406=')',<147>,225:31] (taclet, rulesOrAxioms, decls, file) 
125748     WARN  Test worker     d.u.i.k.n.KeYParser       [syntax-error] file:/home/runner/work/key/key/key.core/build/resources/main/de/uka/ilkd/key/proof/rules/ifThenElseRules.key:227:44: mismatched input ')' expecting {'(', '{'} [@1508,6509:6509=')',<147>,227:44] (taclet, rulesOrAxioms, decls, file) 
125749     WARN  Test worker     d.u.i.k.n.KeYParser       [syntax-error] file:/home/runner/work/key/key/key.core/build/resources/main/de/uka/ilkd/key/proof/rules/ifThenElseRules.key:233:14: mismatched input '\ifExintVar' expecting {MODALITY, FORALL, EXISTS, '\if', '\ifEx', 'true', 'false', '(', '{', '@', NOT, SEQARROW, '-', STRING_LITERAL, CHAR_LITERAL, BIN_LITERAL, HEX_LITERAL, IDENT, INT_LITERAL, FLOAT_LITERAL, DOUBLE_LITERAL, REAL_LITERAL} [@1539,6656:6666='\ifExintVar',<188>,233:14] (termorseq, taclet, rulesOrAxioms, decls, file) 
125749     WARN  Test worker     d.u.i.k.n.KeYParser       [syntax-error] file:/home/runner/work/key/key/key.core/build/resources/main/de/uka/ilkd/key/proof/rules/ifThenElseRules.key:233:27: extraneous input '(' expecting {'\lemma', '}', IDENT, '/*!'} [@1542,6669:6669='(',<146>,233:27] (rulesOrAxioms, decls, file) 
125750     WARN  Test worker     d.u.i.k.n.KeYParser       [syntax-error] file:/home/runner/work/key/key/key.core/build/resources/main/de/uka/ilkd/key/proof/rules/ifThenElseRules.key:233:31: mismatched input ')' expecting {'(', '{'} [@1544,6673:6673=')',<147>,233:31] (taclet, rulesOrAxioms, decls, file) 
125752     WARN  Test worker     d.u.i.k.n.KeYParser       [syntax-error] file:/home/runner/work/key/key/key.core/build/resources/main/de/uka/ilkd/key/proof/rules/ifThenElseRules.key:237:42: mismatched input '}' expecting {'(', '{'} [@1586,6850:6850='}',<149>,237:42] (taclet, rulesOrAxioms, decls, file) 
125752     WARN  Test worker     d.u.i.k.n.KeYParser       [syntax-error] file:/home/runner/work/key/key/key.core/build/resources/main/de/uka/ilkd/key/proof/rules/ifThenElseRules.key:238:34: mismatched input '}' expecting {'(', '{'} [@1599,6891:6891='}',<149>,238:34] (taclet, rulesOrAxioms, decls, file) 
125753     WARN  Test worker     d.u.i.k.n.KeYParser       [syntax-error] file:/home/runner/work/key/key/key.core/build/resources/main/de/uka/ilkd/key/proof/rules/ifThenElseRules.key:239:28: extraneous input '(' expecting {'\lemma', '}', IDENT, '/*!'} [@1608,6925:6925='(',<146>,239:28] (rulesOrAxioms, decls, file) 
125753     WARN  Test worker     d.u.i.k.n.KeYParser       [syntax-error] file:/home/runner/work/key/key/key.core/build/resources/main/de/uka/ilkd/key/proof/rules/ifThenElseRules.key:239:33: mismatched input '->' expecting {'(', '{'} [@1611,6930:6931='->',<158>,239:33] (taclet, rulesOrAxioms, decls, file) 
125753     WARN  Test worker     d.u.i.k.n.KeYParser       [syntax-error] file:/home/runner/work/key/key/key.core/build/resources/main/de/uka/ilkd/key/proof/rules/ifThenElseRules.key:240:8: extraneous input '\replacewith' expecting {'\lemma', '}', IDENT, '/*!'} [@1626,6979:6990='\replacewith',<105>,240:8] (rulesOrAxioms, decls, file) 
125754     WARN  Test worker     d.u.i.k.n.KeYParser       [syntax-error] file:/home/runner/work/key/key/key.core/build/resources/main/de/uka/ilkd/key/proof/rules/ifThenElseRules.key:240:25: mismatched input ')' expecting {'(', '{'} [@1629,6996:6996=')',<147>,240:25] (taclet, rulesOrAxioms, decls, file) 
125754     WARN  Test worker     d.u.i.k.n.KeYParser       [syntax-error] file:/home/runner/work/key/key/key.core/build/resources/main/de/uka/ilkd/key/proof/rules/ifThenElseRules.key:240:56: mismatched input ')' expecting {'(', '{'} [@1642,7027:7027=')',<147>,240:56] (taclet, rulesOrAxioms, decls, file) 
125755     WARN  Test worker     d.u.i.k.n.KeYParser       [syntax-error] file:/home/runner/work/key/key/key.core/build/resources/main/de/uka/ilkd/key/proof/rules/ifThenElseRules.key:245:14: mismatched input '\ifExintVar' expecting {MODALITY, FORALL, EXISTS, '\if', '\ifEx', 'true', 'false', '(', '{', '@', NOT, SEQARROW, '-', STRING_LITERAL, CHAR_LITERAL, BIN_LITERAL, HEX_LITERAL, IDENT, INT_LITERAL, FLOAT_LITERAL, DOUBLE_LITERAL, REAL_LITERAL} [@1658,7109:7119='\ifExintVar',<188>,245:14] (termorseq, taclet, rulesOrAxioms, decls, file) 
125755     WARN  Test worker     d.u.i.k.n.KeYParser       [syntax-error] file:/home/runner/work/key/key/key.core/build/resources/main/de/uka/ilkd/key/proof/rules/ifThenElseRules.key:245:27: extraneous input '(' expecting {'\lemma', '}', IDENT, '/*!'} [@1661,7122:7122='(',<146>,245:27] (rulesOrAxioms, decls, file) 
125755     WARN  Test worker     d.u.i.k.n.KeYParser       [syntax-error] file:/home/runner/work/key/key/key.core/build/resources/main/de/uka/ilkd/key/proof/rules/ifThenElseRules.key:245:31: mismatched input ')' expecting {'(', '{'} [@1663,7126:7126=')',<147>,245:31] (taclet, rulesOrAxioms, decls, file) 
125756     WARN  Test worker     d.u.i.k.n.KeYParser       [syntax-error] file:/home/runner/work/key/key/key.core/build/resources/main/de/uka/ilkd/key/proof/rules/ifThenElseRules.key:248:45: mismatched input '}' expecting {'(', '{'} [@1696,7268:7268='}',<149>,248:45] (taclet, rulesOrAxioms, decls, file) 
125756     WARN  Test worker     d.u.i.k.n.KeYParser       [syntax-error] file:/home/runner/work/key/key/key.core/build/resources/main/de/uka/ilkd/key/proof/rules/ifThenElseRules.key:249:8: extraneous input '\replacewith' expecting {'\lemma', '}', IDENT, '/*!'} [@1701,7284:7295='\replacewith',<105>,249:8] (rulesOrAxioms, decls, file) 
125757     WARN  Test worker     d.u.i.k.n.KeYParser       [syntax-error] file:/home/runner/work/key/key/key.core/build/resources/main/de/uka/ilkd/key/proof/rules/ifThenElseRules.key:249:38: mismatched input ')' expecting {'(', '{'} [@1708,7314:7314=')',<147>,249:38] (taclet, rulesOrAxioms, decls, file) 
125757     WARN  Test worker     d.u.i.k.n.KeYParser       [syntax-error] file:/home/runner/work/key/key/key.core/build/resources/main/de/uka/ilkd/key/proof/rules/ifThenElseRules.key:250:42: mismatched input '}' expecting {'(', '{'} [@1731,7381:7381='}',<149>,250:42] (taclet, rulesOrAxioms, decls, file) 
125758     WARN  Test worker     d.u.i.k.n.KeYParser       [syntax-error] file:/home/runner/work/key/key/key.core/build/resources/main/de/uka/ilkd/key/proof/rules/ifThenElseRules.key:251:28: extraneous input '(' expecting {'\lemma', '}', IDENT, '/*!'} [@1741,7416:7416='(',<146>,251:28] (rulesOrAxioms, decls, file) 
125759     WARN  Test worker     d.u.i.k.n.KeYParser       [syntax-error] file:/home/runner/work/key/key/key.core/build/resources/main/de/uka/ilkd/key/proof/rules/ifThenElseRules.key:251:33: mismatched input '->' expecting {'(', '{'} [@1744,7421:7422='->',<158>,251:33] (taclet, rulesOrAxioms, decls, file) 
125761     WARN  Test worker     d.u.i.k.n.KeYParser       [syntax-error] file:/home/runner/work/key/key/key.core/build/resources/main/de/uka/ilkd/key/proof/rules/ifThenElseRules.key:255:14: mismatched input '\ifExintVar' expecting {MODALITY, FORALL, EXISTS, '\if', '\ifEx', 'true', 'false', '(', '{', '@', NOT, SEQARROW, '-', STRING_LITERAL, CHAR_LITERAL, BIN_LITERAL, HEX_LITERAL, IDENT, INT_LITERAL, FLOAT_LITERAL, DOUBLE_LITERAL, REAL_LITERAL} [@1765,7506:7516='\ifExintVar',<188>,255:14] (termorseq, taclet, rulesOrAxioms, decls, file) 
125762     WARN  Test worker     d.u.i.k.n.KeYParser       [syntax-error] file:/home/runner/work/key/key/key.core/build/resources/main/de/uka/ilkd/key/proof/rules/ifThenElseRules.key:255:27: extraneous input '(' expecting {'\lemma', '}', IDENT, '/*!'} [@1768,7519:7519='(',<146>,255:27] (rulesOrAxioms, decls, file) 
125762     WARN  Test worker     d.u.i.k.n.KeYParser       [syntax-error] file:/home/runner/work/key/key/key.core/build/resources/main/de/uka/ilkd/key/proof/rules/ifThenElseRules.key:255:31: mismatched input ')' expecting {'(', '{'} [@1770,7523:7523=')',<147>,255:31] (taclet, rulesOrAxioms, decls, file) 
125763     WARN  Test worker     d.u.i.k.n.KeYParser       [syntax-error] file:/home/runner/work/key/key/key.core/build/resources/main/de/uka/ilkd/key/proof/rules/ifThenElseRules.key:258:52: extraneous input '0' expecting {'\lemma', '}', IDENT, '/*!'} [@1809,7667:7667='0',<184>,258:52] (rulesOrAxioms, decls, file) 
125763     WARN  Test worker     d.u.i.k.n.KeYParser       [syntax-error] file:/home/runner/work/key/key/key.core/build/resources/main/de/uka/ilkd/key/proof/rules/ifThenElseRules.key:258:54: mismatched input 'then' expecting {<EOF>, '\problem', '\chooseContract', '\proofObligation', '\proof'} [@1811,7669:7672='then',<183>,258:54] (file) 
125836     WARN  Test worker     d.u.i.k.n.KeYParser       [syntax-error] file:/home/runner/work/key/key/key.core/build/resources/main/de/uka/ilkd/key/proof/rules/ifThenElseRules.key:135:14: mismatched input '\ifExintVar' expecting {MODALITY, FORALL, EXISTS, '\if', '\ifEx', 'true', 'false', '(', '{', '@', NOT, SEQARROW, '-', STRING_LITERAL, CHAR_LITERAL, BIN_LITERAL, HEX_LITERAL, IDENT, INT_LITERAL, FLOAT_LITERAL, DOUBLE_LITERAL, REAL_LITERAL} [@745,3563:3573='\ifExintVar',<188>,135:14] (termorseq, taclet, rulesOrAxioms, decls, file) 
125837     WARN  Test worker     d.u.i.k.n.KeYParser       [syntax-error] file:/home/runner/work/key/key/key.core/build/resources/main/de/uka/ilkd/key/proof/rules/ifThenElseRules.key:135:27: extraneous input '(' expecting {'\lemma', '}', IDENT, '/*!'} [@748,3576:3576='(',<146>,135:27] (rulesOrAxioms, decls, file) 
125837     WARN  Test worker     d.u.i.k.n.KeYParser       [syntax-error] file:/home/runner/work/key/key/key.core/build/resources/main/de/uka/ilkd/key/proof/rules/ifThenElseRules.key:135:44: mismatched input ')' expecting {'(', '{'} [@754,3593:3593=')',<147>,135:44] (taclet, rulesOrAxioms, decls, file) 
125838     WARN  Test worker     d.u.i.k.n.KeYParser       [syntax-error] file:/home/runner/work/key/key/key.core/build/resources/main/de/uka/ilkd/key/proof/rules/ifThenElseRules.key:141:14: mismatched input '\ifExintVar' expecting {MODALITY, FORALL, EXISTS, '\if', '\ifEx', 'true', 'false', '(', '{', '@', NOT, SEQARROW, '-', STRING_LITERAL, CHAR_LITERAL, BIN_LITERAL, HEX_LITERAL, IDENT, INT_LITERAL, FLOAT_LITERAL, DOUBLE_LITERAL, REAL_LITERAL} [@780,3716:3726='\ifExintVar',<188>,141:14] (termorseq, taclet, rulesOrAxioms, decls, file) 
125838     WARN  Test worker     d.u.i.k.n.KeYParser       [syntax-error] file:/home/runner/work/key/key/key.core/build/resources/main/de/uka/ilkd/key/proof/rules/ifThenElseRules.key:141:27: extraneous input '(' expecting {'\lemma', '}', IDENT, '/*!'} [@783,3729:3729='(',<146>,141:27] (rulesOrAxioms, decls, file) 
125839     WARN  Test worker     d.u.i.k.n.KeYParser       [syntax-error] file:/home/runner/work/key/key/key.core/build/resources/main/de/uka/ilkd/key/proof/rules/ifThenElseRules.key:141:41: mismatched input ')' expecting {'(', '{'} [@789,3743:3743=')',<147>,141:41] (taclet, rulesOrAxioms, decls, file) 
125839     WARN  Test worker     d.u.i.k.n.KeYParser       [syntax-error] file:/home/runner/work/key/key/key.core/build/resources/main/de/uka/ilkd/key/proof/rules/ifThenElseRules.key:148:14: mismatched input '\ifExintVar' expecting {MODALITY, FORALL, EXISTS, '\if', '\ifEx', 'true', 'false', '(', '{', '@', NOT, SEQARROW, '-', STRING_LITERAL, CHAR_LITERAL, BIN_LITERAL, HEX_LITERAL, IDENT, INT_LITERAL, FLOAT_LITERAL, DOUBLE_LITERAL, REAL_LITERAL} [@819,3896:3906='\ifExintVar',<188>,148:14] (termorseq, taclet, rulesOrAxioms, decls, file) 
125839     WARN  Test worker     d.u.i.k.n.KeYParser       [syntax-error] file:/home/runner/work/key/key/key.core/build/resources/main/de/uka/ilkd/key/proof/rules/ifThenElseRules.key:148:27: extraneous input '(' expecting {'\lemma', '}', IDENT, '/*!'} [@822,3909:3909='(',<146>,148:27] (rulesOrAxioms, decls, file) 
125840     WARN  Test worker     d.u.i.k.n.KeYParser       [syntax-error] file:/home/runner/work/key/key/key.core/build/resources/main/de/uka/ilkd/key/proof/rules/ifThenElseRules.key:148:35: mismatched input '=' expecting {'(', '{'} [@825,3917:3917='=',<159>,148:35] (taclet, rulesOrAxioms, decls, file) 
125840     WARN  Test worker     d.u.i.k.n.KeYParser       [syntax-error] file:/home/runner/work/key/key/key.core/build/resources/main/de/uka/ilkd/key/proof/rules/ifThenElseRules.key:150:38: mismatched input '}' expecting {'(', '{'} [@859,4023:4023='}',<149>,150:38] (taclet, rulesOrAxioms, decls, file) 
125840     WARN  Test worker     d.u.i.k.n.KeYParser       [syntax-error] file:/home/runner/work/key/key/key.core/build/resources/main/de/uka/ilkd/key/proof/rules/ifThenElseRules.key:155:14: mismatched input '\ifExintVar' expecting {MODALITY, FORALL, EXISTS, '\if', '\ifEx', 'true', 'false', '(', '{', '@', NOT, SEQARROW, '-', STRING_LITERAL, CHAR_LITERAL, BIN_LITERAL, HEX_LITERAL, IDENT, INT_LITERAL, FLOAT_LITERAL, DOUBLE_LITERAL, REAL_LITERAL} [@877,4109:4119='\ifExintVar',<188>,155:14] (termorseq, taclet, rulesOrAxioms, decls, file) 
125841     WARN  Test worker     d.u.i.k.n.KeYParser       [syntax-error] file:/home/runner/work/key/key/key.core/build/resources/main/de/uka/ilkd/key/proof/rules/ifThenElseRules.key:155:27: extraneous input '(' expecting {'\lemma', '}', IDENT, '/*!'} [@880,4122:4122='(',<146>,155:27] (rulesOrAxioms, decls, file) 
125842     WARN  Test worker     d.u.i.k.n.KeYParser       [syntax-error] file:/home/runner/work/key/key/key.core/build/resources/main/de/uka/ilkd/key/proof/rules/ifThenElseRules.key:155:35: mismatched input '=' expecting {'(', '{'} [@883,4130:4130='=',<159>,155:35] (taclet, rulesOrAxioms, decls, file) 
125849     WARN  Test worker     d.u.i.k.n.KeYParser       [syntax-error] file:/home/runner/work/key/key/key.core/build/resources/main/de/uka/ilkd/key/proof/rules/ifThenElseRules.key:157:38: mismatched input '}' expecting {'(', '{'} [@917,4230:4230='}',<149>,157:38] (taclet, rulesOrAxioms, decls, file) 
125852     WARN  Test worker     d.u.i.k.n.KeYParser       [syntax-error] file:/home/runner/work/key/key/key.core/build/resources/main/de/uka/ilkd/key/proof/rules/ifThenElseRules.key:163:14: mismatched input '\ifExintVar' expecting {MODALITY, FORALL, EXISTS, '\if', '\ifEx', 'true', 'false', '(', '{', '@', NOT, SEQARROW, '-', STRING_LITERAL, CHAR_LITERAL, BIN_LITERAL, HEX_LITERAL, IDENT, INT_LITERAL, FLOAT_LITERAL, DOUBLE_LITERAL, REAL_LITERAL} [@939,4350:4360='\ifExintVar',<188>,163:14] (termorseq, taclet, rulesOrAxioms, decls, file) 
125853     WARN  Test worker     d.u.i.k.n.KeYParser       [syntax-error] file:/home/runner/work/key/key/key.core/build/resources/main/de/uka/ilkd/key/proof/rules/ifThenElseRules.key:163:27: extraneous input '(' expecting {'\lemma', '}', IDENT, '/*!'} [@942,4363:4363='(',<146>,163:27] (rulesOrAxioms, decls, file) 
125853     WARN  Test worker     d.u.i.k.n.KeYParser       [syntax-error] file:/home/runner/work/key/key/key.core/build/resources/main/de/uka/ilkd/key/proof/rules/ifThenElseRules.key:163:30: mismatched input '=' expecting {'(', '{'} [@945,4366:4366='=',<159>,163:30] (taclet, rulesOrAxioms, decls, file) 
125854     WARN  Test worker     d.u.i.k.n.KeYParser       [syntax-error] file:/home/runner/work/key/key/key.core/build/resources/main/de/uka/ilkd/key/proof/rules/ifThenElseRules.key:165:38: mismatched input '}' expecting {'(', '{'} [@979,4477:4477='}',<149>,165:38] (taclet, rulesOrAxioms, decls, file) 
125854     WARN  Test worker     d.u.i.k.n.KeYParser       [syntax-error] file:/home/runner/work/key/key/key.core/build/resources/main/de/uka/ilkd/key/proof/rules/ifThenElseRules.key:171:14: mismatched input '\ifExintVar' expecting {MODALITY, FORALL, EXISTS, '\if', '\ifEx', 'true', 'false', '(', '{', '@', NOT, SEQARROW, '-', STRING_LITERAL, CHAR_LITERAL, BIN_LITERAL, HEX_LITERAL, IDENT, INT_LITERAL, FLOAT_LITERAL, DOUBLE_LITERAL, REAL_LITERAL} [@1001,4604:4614='\ifExintVar',<188>,171:14] (termorseq, taclet, rulesOrAxioms, decls, file) 
125854     WARN  Test worker     d.u.i.k.n.KeYParser       [syntax-error] file:/home/runner/work/key/key/key.core/build/resources/main/de/uka/ilkd/key/proof/rules/ifThenElseRules.key:171:27: extraneous input '(' expecting {'\lemma', '}', IDENT, '/*!'} [@1004,4617:4617='(',<146>,171:27] (rulesOrAxioms, decls, file) 
125855     WARN  Test worker     d.u.i.k.n.KeYParser       [syntax-error] file:/home/runner/work/key/key/key.core/build/resources/main/de/uka/ilkd/key/proof/rules/ifThenElseRules.key:171:30: mismatched input '=' expecting {'(', '{'} [@1007,4620:4620='=',<159>,171:30] (taclet, rulesOrAxioms, decls, file) 
125855     WARN  Test worker     d.u.i.k.n.KeYParser       [syntax-error] file:/home/runner/work/key/key/key.core/build/resources/main/de/uka/ilkd/key/proof/rules/ifThenElseRules.key:173:38: mismatched input '}' expecting {'(', '{'} [@1041,4725:4725='}',<149>,173:38] (taclet, rulesOrAxioms, decls, file) 
125855     WARN  Test worker     d.u.i.k.n.KeYParser       [syntax-error] file:/home/runner/work/key/key/key.core/build/resources/main/de/uka/ilkd/key/proof/rules/ifThenElseRules.key:179:14: mismatched input '\ifExintVar' expecting {MODALITY, FORALL, EXISTS, '\if', '\ifEx', 'true', 'false', '(', '{', '@', NOT, SEQARROW, '-', STRING_LITERAL, CHAR_LITERAL, BIN_LITERAL, HEX_LITERAL, IDENT, INT_LITERAL, FLOAT_LITERAL, DOUBLE_LITERAL, REAL_LITERAL} [@1063,4848:4858='\ifExintVar',<188>,179:14] (termorseq, taclet, rulesOrAxioms, decls, file) 
125856     WARN  Test worker     d.u.i.k.n.KeYParser       [syntax-error] file:/home/runner/work/key/key/key.core/build/resources/main/de/uka/ilkd/key/proof/rules/ifThenElseRules.key:179:27: extraneous input '(' expecting {'\lemma', '}', IDENT, '/*!'} [@1066,4861:4861='(',<146>,179:27] (rulesOrAxioms, decls, file) 
125856     WARN  Test worker     d.u.i.k.n.KeYParser       [syntax-error] file:/home/runner/work/key/key/key.core/build/resources/main/de/uka/ilkd/key/proof/rules/ifThenElseRules.key:179:32: mismatched input '&' expecting {'(', '{'} [@1069,4866:4866='&',<156>,179:32] (taclet, rulesOrAxioms, decls, file) 
125857     WARN  Test worker     d.u.i.k.n.KeYParser       [syntax-error] file:/home/runner/work/key/key/key.core/build/resources/main/de/uka/ilkd/key/proof/rules/ifThenElseRules.key:181:42: mismatched input '}' expecting {'(', '{'} [@1109,4985:4985='}',<149>,181:42] (taclet, rulesOrAxioms, decls, file) 
125857     WARN  Test worker     d.u.i.k.n.KeYParser       [syntax-error] file:/home/runner/work/key/key/key.core/build/resources/main/de/uka/ilkd/key/proof/rules/ifThenElseRules.key:182:39: mismatched input '}' expecting {'(', '{'} [@1122,5030:5030='}',<149>,182:39] (taclet, rulesOrAxioms, decls, file) 
125857     WARN  Test worker     d.u.i.k.n.KeYParser       [syntax-error] file:/home/runner/work/key/key/key.core/build/resources/main/de/uka/ilkd/key/proof/rules/ifThenElseRules.key:188:14: mismatched input '\ifExintVar' expecting {MODALITY, FORALL, EXISTS, '\if', '\ifEx', 'true', 'false', '(', '{', '@', NOT, SEQARROW, '-', STRING_LITERAL, CHAR_LITERAL, BIN_LITERAL, HEX_LITERAL, IDENT, INT_LITERAL, FLOAT_LITERAL, DOUBLE_LITERAL, REAL_LITERAL} [@1146,5149:5159='\ifExintVar',<188>,188:14] (termorseq, taclet, rulesOrAxioms, decls, file) 
125858     WARN  Test worker     d.u.i.k.n.KeYParser       [syntax-error] file:/home/runner/work/key/key/key.core/build/resources/main/de/uka/ilkd/key/proof/rules/ifThenElseRules.key:188:27: extraneous input '(' expecting {'\lemma', '}', IDENT, '/*!'} [@1149,5162:5162='(',<146>,188:27] (rulesOrAxioms, decls, file) 
125858     WARN  Test worker     d.u.i.k.n.KeYParser       [syntax-error] file:/home/runner/work/key/key/key.core/build/resources/main/de/uka/ilkd/key/proof/rules/ifThenElseRules.key:188:32: mismatched input '&' expecting {'(', '{'} [@1152,5167:5167='&',<156>,188:32] (taclet, rulesOrAxioms, decls, file) 
125858     WARN  Test worker     d.u.i.k.n.KeYParser       [syntax-error] file:/home/runner/work/key/key/key.core/build/resources/main/de/uka/ilkd/key/proof/rules/ifThenElseRules.key:190:42: mismatched input '}' expecting {'(', '{'} [@1192,5280:5280='}',<149>,190:42] (taclet, rulesOrAxioms, decls, file) 
125859     WARN  Test worker     d.u.i.k.n.KeYParser       [syntax-error] file:/home/runner/work/key/key/key.core/build/resources/main/de/uka/ilkd/key/proof/rules/ifThenElseRules.key:191:39: mismatched input '}' expecting {'(', '{'} [@1205,5325:5325='}',<149>,191:39] (taclet, rulesOrAxioms, decls, file) 
125859     WARN  Test worker     d.u.i.k.n.KeYParser       [syntax-error] file:/home/runner/work/key/key/key.core/build/resources/main/de/uka/ilkd/key/proof/rules/ifThenElseRules.key:198:14: mismatched input '\ifExintVar' expecting {MODALITY, FORALL, EXISTS, '\if', '\ifEx', 'true', 'false', '(', '{', '@', NOT, SEQARROW, '-', STRING_LITERAL, CHAR_LITERAL, BIN_LITERAL, HEX_LITERAL, IDENT, INT_LITERAL, FLOAT_LITERAL, DOUBLE_LITERAL, REAL_LITERAL} [@1233,5475:5485='\ifExintVar',<188>,198:14] (termorseq, taclet, rulesOrAxioms, decls, file) 
125860     WARN  Test worker     d.u.i.k.n.KeYParser       [syntax-error] file:/home/runner/work/key/key/key.core/build/resources/main/de/uka/ilkd/key/proof/rules/ifThenElseRules.key:198:27: extraneous input '(' expecting {'\lemma', '}', IDENT, '/*!'} [@1236,5488:5488='(',<146>,198:27] (rulesOrAxioms, decls, file) 
125860     WARN  Test worker     d.u.i.k.n.KeYParser       [syntax-error] file:/home/runner/work/key/key/key.core/build/resources/main/de/uka/ilkd/key/proof/rules/ifThenElseRules.key:198:32: mismatched input '&' expecting {'(', '{'} [@1239,5493:5493='&',<156>,198:32] (taclet, rulesOrAxioms, decls, file) 
125860     WARN  Test worker     d.u.i.k.n.KeYParser       [syntax-error] file:/home/runner/work/key/key/key.core/build/resources/main/de/uka/ilkd/key/proof/rules/ifThenElseRules.key:200:42: mismatched input '}' expecting {'(', '{'} [@1279,5612:5612='}',<149>,200:42] (taclet, rulesOrAxioms, decls, file) 
125861     WARN  Test worker     d.u.i.k.n.KeYParser       [syntax-error] file:/home/runner/work/key/key/key.core/build/resources/main/de/uka/ilkd/key/proof/rules/ifThenElseRules.key:201:39: mismatched input '}' expecting {'(', '{'} [@1292,5657:5657='}',<149>,201:39] (taclet, rulesOrAxioms, decls, file) 
125861     WARN  Test worker     d.u.i.k.n.KeYParser       [syntax-error] file:/home/runner/work/key/key/key.core/build/resources/main/de/uka/ilkd/key/proof/rules/ifThenElseRules.key:208:14: mismatched input '\ifExintVar' expecting {MODALITY, FORALL, EXISTS, '\if', '\ifEx', 'true', 'false', '(', '{', '@', NOT, SEQARROW, '-', STRING_LITERAL, CHAR_LITERAL, BIN_LITERAL, HEX_LITERAL, IDENT, INT_LITERAL, FLOAT_LITERAL, DOUBLE_LITERAL, REAL_LITERAL} [@1320,5817:5827='\ifExintVar',<188>,208:14] (termorseq, taclet, rulesOrAxioms, decls, file) 
125861     WARN  Test worker     d.u.i.k.n.KeYParser       [syntax-error] file:/home/runner/work/key/key/key.core/build/resources/main/de/uka/ilkd/key/proof/rules/ifThenElseRules.key:208:27: extraneous input '(' expecting {'\lemma', '}', IDENT, '/*!'} [@1323,5830:5830='(',<146>,208:27] (rulesOrAxioms, decls, file) 
125863     WARN  Test worker     d.u.i.k.n.KeYParser       [syntax-error] file:/home/runner/work/key/key/key.core/build/resources/main/de/uka/ilkd/key/proof/rules/ifThenElseRules.key:208:32: mismatched input '&' expecting {'(', '{'} [@1326,5835:5835='&',<156>,208:32] (taclet, rulesOrAxioms, decls, file) 
125864     WARN  Test worker     d.u.i.k.n.KeYParser       [syntax-error] file:/home/runner/work/key/key/key.core/build/resources/main/de/uka/ilkd/key/proof/rules/ifThenElseRules.key:210:42: mismatched input '}' expecting {'(', '{'} [@1366,5948:5948='}',<149>,210:42] (taclet, rulesOrAxioms, decls, file) 
125866     WARN  Test worker     d.u.i.k.n.KeYParser       [syntax-error] file:/home/runner/work/key/key/key.core/build/resources/main/de/uka/ilkd/key/proof/rules/ifThenElseRules.key:211:39: mismatched input '}' expecting {'(', '{'} [@1379,5993:5993='}',<149>,211:39] (taclet, rulesOrAxioms, decls, file) 
125866     WARN  Test worker     d.u.i.k.n.KeYParser       [syntax-error] file:/home/runner/work/key/key/key.core/build/resources/main/de/uka/ilkd/key/proof/rules/ifThenElseRules.key:218:14: mismatched input '\ifExintVar' expecting {MODALITY, FORALL, EXISTS, '\if', '\ifEx', 'true', 'false', '(', '{', '@', NOT, SEQARROW, '-', STRING_LITERAL, CHAR_LITERAL, BIN_LITERAL, HEX_LITERAL, IDENT, INT_LITERAL, FLOAT_LITERAL, DOUBLE_LITERAL, REAL_LITERAL} [@1407,6146:6156='\ifExintVar',<188>,218:14] (termorseq, taclet, rulesOrAxioms, decls, file) 
125867     WARN  Test worker     d.u.i.k.n.KeYParser       [syntax-error] file:/home/runner/work/key/key/key.core/build/resources/main/de/uka/ilkd/key/proof/rules/ifThenElseRules.key:218:27: extraneous input '(' expecting {'\lemma', '}', IDENT, '/*!'} [@1410,6159:6159='(',<146>,218:27] (rulesOrAxioms, decls, file) 
125867     WARN  Test worker     d.u.i.k.n.KeYParser       [syntax-error] file:/home/runner/work/key/key/key.core/build/resources/main/de/uka/ilkd/key/proof/rules/ifThenElseRules.key:218:31: mismatched input ')' expecting {'(', '{'} [@1412,6163:6163=')',<147>,218:31] (taclet, rulesOrAxioms, decls, file) 
125867     WARN  Test worker     d.u.i.k.n.KeYParser       [syntax-error] file:/home/runner/work/key/key/key.core/build/resources/main/de/uka/ilkd/key/proof/rules/ifThenElseRules.key:220:44: mismatched input ')' expecting {'(', '{'} [@1444,6275:6275=')',<147>,220:44] (taclet, rulesOrAxioms, decls, file) 
125868     WARN  Test worker     d.u.i.k.n.KeYParser       [syntax-error] file:/home/runner/work/key/key/key.core/build/resources/main/de/uka/ilkd/key/proof/rules/ifThenElseRules.key:225:14: mismatched input '\ifExintVar' expecting {MODALITY, FORALL, EXISTS, '\if', '\ifEx', 'true', 'false', '(', '{', '@', NOT, SEQARROW, '-', STRING_LITERAL, CHAR_LITERAL, BIN_LITERAL, HEX_LITERAL, IDENT, INT_LITERAL, FLOAT_LITERAL, DOUBLE_LITERAL, REAL_LITERAL} [@1471,6389:6399='\ifExintVar',<188>,225:14] (termorseq, taclet, rulesOrAxioms, decls, file) 
125868     WARN  Test worker     d.u.i.k.n.KeYParser       [syntax-error] file:/home/runner/work/key/key/key.core/build/resources/main/de/uka/ilkd/key/proof/rules/ifThenElseRules.key:225:27: extraneous input '(' expecting {'\lemma', '}', IDENT, '/*!'} [@1474,6402:6402='(',<146>,225:27] (rulesOrAxioms, decls, file) 
125869     WARN  Test worker     d.u.i.k.n.KeYParser       [syntax-error] file:/home/runner/work/key/key/key.core/build/resources/main/de/uka/ilkd/key/proof/rules/ifThenElseRules.key:225:31: mismatched input ')' expecting {'(', '{'} [@1476,6406:6406=')',<147>,225:31] (taclet, rulesOrAxioms, decls, file) 
125869     WARN  Test worker     d.u.i.k.n.KeYParser       [syntax-error] file:/home/runner/work/key/key/key.core/build/resources/main/de/uka/ilkd/key/proof/rules/ifThenElseRules.key:227:44: mismatched input ')' expecting {'(', '{'} [@1508,6509:6509=')',<147>,227:44] (taclet, rulesOrAxioms, decls, file) 
125869     WARN  Test worker     d.u.i.k.n.KeYParser       [syntax-error] file:/home/runner/work/key/key/key.core/build/resources/main/de/uka/ilkd/key/proof/rules/ifThenElseRules.key:233:14: mismatched input '\ifExintVar' expecting {MODALITY, FORALL, EXISTS, '\if', '\ifEx', 'true', 'false', '(', '{', '@', NOT, SEQARROW, '-', STRING_LITERAL, CHAR_LITERAL, BIN_LITERAL, HEX_LITERAL, IDENT, INT_LITERAL, FLOAT_LITERAL, DOUBLE_LITERAL, REAL_LITERAL} [@1539,6656:6666='\ifExintVar',<188>,233:14] (termorseq, taclet, rulesOrAxioms, decls, file) 
125870     WARN  Test worker     d.u.i.k.n.KeYParser       [syntax-error] file:/home/runner/work/key/key/key.core/build/resources/main/de/uka/ilkd/key/proof/rules/ifThenElseRules.key:233:27: extraneous input '(' expecting {'\lemma', '}', IDENT, '/*!'} [@1542,6669:6669='(',<146>,233:27] (rulesOrAxioms, decls, file) 
125870     WARN  Test worker     d.u.i.k.n.KeYParser       [syntax-error] file:/home/runner/work/key/key/key.core/build/resources/main/de/uka/ilkd/key/proof/rules/ifThenElseRules.key:233:31: mismatched input ')' expecting {'(', '{'} [@1544,6673:6673=')',<147>,233:31] (taclet, rulesOrAxioms, decls, file) 
125871     WARN  Test worker     d.u.i.k.n.KeYParser       [syntax-error] file:/home/runner/work/key/key/key.core/build/resources/main/de/uka/ilkd/key/proof/rules/ifThenElseRules.key:237:42: mismatched input '}' expecting {'(', '{'} [@1586,6850:6850='}',<149>,237:42] (taclet, rulesOrAxioms, decls, file) 
125871     WARN  Test worker     d.u.i.k.n.KeYParser       [syntax-error] file:/home/runner/work/key/key/key.core/build/resources/main/de/uka/ilkd/key/proof/rules/ifThenElseRules.key:238:34: mismatched input '}' expecting {'(', '{'} [@1599,6891:6891='}',<149>,238:34] (taclet, rulesOrAxioms, decls, file) 
125871     WARN  Test worker     d.u.i.k.n.KeYParser       [syntax-error] file:/home/runner/work/key/key/key.core/build/resources/main/de/uka/ilkd/key/proof/rules/ifThenElseRules.key:239:28: extraneous input '(' expecting {'\lemma', '}', IDENT, '/*!'} [@1608,6925:6925='(',<146>,239:28] (rulesOrAxioms, decls, file) 
125871     WARN  Test worker     d.u.i.k.n.KeYParser       [syntax-error] file:/home/runner/work/key/key/key.core/build/resources/main/de/uka/ilkd/key/proof/rules/ifThenElseRules.key:239:33: mismatched input '->' expecting {'(', '{'} [@1611,6930:6931='->',<158>,239:33] (taclet, rulesOrAxioms, decls, file) 
125872     WARN  Test worker     d.u.i.k.n.KeYParser       [syntax-error] file:/home/runner/work/key/key/key.core/build/resources/main/de/uka/ilkd/key/proof/rules/ifThenElseRules.key:240:8: extraneous input '\replacewith' expecting {'\lemma', '}', IDENT, '/*!'} [@1626,6979:6990='\replacewith',<105>,240:8] (rulesOrAxioms, decls, file) 
125872     WARN  Test worker     d.u.i.k.n.KeYParser       [syntax-error] file:/home/runner/work/key/key/key.core/build/resources/main/de/uka/ilkd/key/proof/rules/ifThenElseRules.key:240:25: mismatched input ')' expecting {'(', '{'} [@1629,6996:6996=')',<147>,240:25] (taclet, rulesOrAxioms, decls, file) 
125872     WARN  Test worker     d.u.i.k.n.KeYParser       [syntax-error] file:/home/runner/work/key/key/key.core/build/resources/main/de/uka/ilkd/key/proof/rules/ifThenElseRules.key:240:56: mismatched input ')' expecting {'(', '{'} [@1642,7027:7027=')',<147>,240:56] (taclet, rulesOrAxioms, decls, file) 
125873     WARN  Test worker     d.u.i.k.n.KeYParser       [syntax-error] file:/home/runner/work/key/key/key.core/build/resources/main/de/uka/ilkd/key/proof/rules/ifThenElseRules.key:245:14: mismatched input '\ifExintVar' expecting {MODALITY, FORALL, EXISTS, '\if', '\ifEx', 'true', 'false', '(', '{', '@', NOT, SEQARROW, '-', STRING_LITERAL, CHAR_LITERAL, BIN_LITERAL, HEX_LITERAL, IDENT, INT_LITERAL, FLOAT_LITERAL, DOUBLE_LITERAL, REAL_LITERAL} [@1658,7109:7119='\ifExintVar',<188>,245:14] (termorseq, taclet, rulesOrAxioms, decls, file) 
125873     WARN  Test worker     d.u.i.k.n.KeYParser       [syntax-error] file:/home/runner/work/key/key/key.core/build/resources/main/de/uka/ilkd/key/proof/rules/ifThenElseRules.key:245:27: extraneous input '(' expecting {'\lemma', '}', IDENT, '/*!'} [@1661,7122:7122='(',<146>,245:27] (rulesOrAxioms, decls, file) 
125874     WARN  Test worker     d.u.i.k.n.KeYParser       [syntax-error] file:/home/runner/work/key/key/key.core/build/resources/main/de/uka/ilkd/key/proof/rules/ifThenElseRules.key:245:31: mismatched input ')' expecting {'(', '{'} [@1663,7126:7126=')',<147>,245:31] (taclet, rulesOrAxioms, decls, file) 
125874     WARN  Test worker     d.u.i.k.n.KeYParser       [syntax-error] file:/home/runner/work/key/key/key.core/build/resources/main/de/uka/ilkd/key/proof/rules/ifThenElseRules.key:248:45: mismatched input '}' expecting {'(', '{'} [@1696,7268:7268='}',<149>,248:45] (taclet, rulesOrAxioms, decls, file) 
125874     WARN  Test worker     d.u.i.k.n.KeYParser       [syntax-error] file:/home/runner/work/key/key/key.core/build/resources/main/de/uka/ilkd/key/proof/rules/ifThenElseRules.key:249:8: extraneous input '\replacewith' expecting {'\lemma', '}', IDENT, '/*!'} [@1701,7284:7295='\replacewith',<105>,249:8] (rulesOrAxioms, decls, file) 
125875     WARN  Test worker     d.u.i.k.n.KeYParser       [syntax-error] file:/home/runner/work/key/key/key.core/build/resources/main/de/uka/ilkd/key/proof/rules/ifThenElseRules.key:249:38: mismatched input ')' expecting {'(', '{'} [@1708,7314:7314=')',<147>,249:38] (taclet, rulesOrAxioms, decls, file) 
125875     WARN  Test worker     d.u.i.k.n.KeYParser       [syntax-error] file:/home/runner/work/key/key/key.core/build/resources/main/de/uka/ilkd/key/proof/rules/ifThenElseRules.key:250:42: mismatched input '}' expecting {'(', '{'} [@1731,7381:7381='}',<149>,250:42] (taclet, rulesOrAxioms, decls, file) 
125875     WARN  Test worker     d.u.i.k.n.KeYParser       [syntax-error] file:/home/runner/work/key/key/key.core/build/resources/main/de/uka/ilkd/key/proof/rules/ifThenElseRules.key:251:28: extraneous input '(' expecting {'\lemma', '}', IDENT, '/*!'} [@1741,7416:7416='(',<146>,251:28] (rulesOrAxioms, decls, file) 
125876     WARN  Test worker     d.u.i.k.n.KeYParser       [syntax-error] file:/home/runner/work/key/key/key.core/build/resources/main/de/uka/ilkd/key/proof/rules/ifThenElseRules.key:251:33: mismatched input '->' expecting {'(', '{'} [@1744,7421:7422='->',<158>,251:33] (taclet, rulesOrAxioms, decls, file) 
125877     WARN  Test worker     d.u.i.k.n.KeYParser       [syntax-error] file:/home/runner/work/key/key/key.core/build/resources/main/de/uka/ilkd/key/proof/rules/ifThenElseRules.key:255:14: mismatched input '\ifExintVar' expecting {MODALITY, FORALL, EXISTS, '\if', '\ifEx', 'true', 'false', '(', '{', '@', NOT, SEQARROW, '-', STRING_LITERAL, CHAR_LITERAL, BIN_LITERAL, HEX_LITERAL, IDENT, INT_LITERAL, FLOAT_LITERAL, DOUBLE_LITERAL, REAL_LITERAL} [@1765,7506:7516='\ifExintVar',<188>,255:14] (termorseq, taclet, rulesOrAxioms, decls, file) 
125877     WARN  Test worker     d.u.i.k.n.KeYParser       [syntax-error] file:/home/runner/work/key/key/key.core/build/resources/main/de/uka/ilkd/key/proof/rules/ifThenElseRules.key:255:27: extraneous input '(' expecting {'\lemma', '}', IDENT, '/*!'} [@1768,7519:7519='(',<146>,255:27] (rulesOrAxioms, decls, file) 
125878     WARN  Test worker     d.u.i.k.n.KeYParser       [syntax-error] file:/home/runner/work/key/key/key.core/build/resources/main/de/uka/ilkd/key/proof/rules/ifThenElseRules.key:255:31: mismatched input ')' expecting {'(', '{'} [@1770,7523:7523=')',<147>,255:31] (taclet, rulesOrAxioms, decls, file) 
125878     WARN  Test worker     d.u.i.k.n.KeYParser       [syntax-error] file:/home/runner/work/key/key/key.core/build/resources/main/de/uka/ilkd/key/proof/rules/ifThenElseRules.key:258:52: extraneous input '0' expecting {'\lemma', '}', IDENT, '/*!'} [@1809,7667:7667='0',<184>,258:52] (rulesOrAxioms, decls, file) 
125878     WARN  Test worker     d.u.i.k.n.KeYParser       [syntax-error] file:/home/runner/work/key/key/key.core/build/resources/main/de/uka/ilkd/key/proof/rules/ifThenElseRules.key:258:54: mismatched input 'then' expecting {<EOF>, '\problem', '\chooseContract', '\proofObligation', '\proof'} [@1811,7669:7672='then',<183>,258:54] (file) 
125944     WARN  Test worker     d.u.i.k.n.KeYParser       [syntax-error] file:/home/runner/work/key/key/key.core/build/resources/main/de/uka/ilkd/key/proof/rules/ifThenElseRules.key:135:14: mismatched input '\ifExintVar' expecting {MODALITY, FORALL, EXISTS, '\if', '\ifEx', 'true', 'false', '(', '{', '@', NOT, SEQARROW, '-', STRING_LITERAL, CHAR_LITERAL, BIN_LITERAL, HEX_LITERAL, IDENT, INT_LITERAL, FLOAT_LITERAL, DOUBLE_LITERAL, REAL_LITERAL} [@745,3563:3573='\ifExintVar',<188>,135:14] (termorseq, taclet, rulesOrAxioms, decls, file) 
125945     WARN  Test worker     d.u.i.k.n.KeYParser       [syntax-error] file:/home/runner/work/key/key/key.core/build/resources/main/de/uka/ilkd/key/proof/rules/ifThenElseRules.key:135:27: extraneous input '(' expecting {'\lemma', '}', IDENT, '/*!'} [@748,3576:3576='(',<146>,135:27] (rulesOrAxioms, decls, file) 
125945     WARN  Test worker     d.u.i.k.n.KeYParser       [syntax-error] file:/home/runner/work/key/key/key.core/build/resources/main/de/uka/ilkd/key/proof/rules/ifThenElseRules.key:135:44: mismatched input ')' expecting {'(', '{'} [@754,3593:3593=')',<147>,135:44] (taclet, rulesOrAxioms, decls, file) 
125946     WARN  Test worker     d.u.i.k.n.KeYParser       [syntax-error] file:/home/runner/work/key/key/key.core/build/resources/main/de/uka/ilkd/key/proof/rules/ifThenElseRules.key:141:14: mismatched input '\ifExintVar' expecting {MODALITY, FORALL, EXISTS, '\if', '\ifEx', 'true', 'false', '(', '{', '@', NOT, SEQARROW, '-', STRING_LITERAL, CHAR_LITERAL, BIN_LITERAL, HEX_LITERAL, IDENT, INT_LITERAL, FLOAT_LITERAL, DOUBLE_LITERAL, REAL_LITERAL} [@780,3716:3726='\ifExintVar',<188>,141:14] (termorseq, taclet, rulesOrAxioms, decls, file) 
125946     WARN  Test worker     d.u.i.k.n.KeYParser       [syntax-error] file:/home/runner/work/key/key/key.core/build/resources/main/de/uka/ilkd/key/proof/rules/ifThenElseRules.key:141:27: extraneous input '(' expecting {'\lemma', '}', IDENT, '/*!'} [@783,3729:3729='(',<146>,141:27] (rulesOrAxioms, decls, file) 
125946     WARN  Test worker     d.u.i.k.n.KeYParser       [syntax-error] file:/home/runner/work/key/key/key.core/build/resources/main/de/uka/ilkd/key/proof/rules/ifThenElseRules.key:141:41: mismatched input ')' expecting {'(', '{'} [@789,3743:3743=')',<147>,141:41] (taclet, rulesOrAxioms, decls, file) 
125947     WARN  Test worker     d.u.i.k.n.KeYParser       [syntax-error] file:/home/runner/work/key/key/key.core/build/resources/main/de/uka/ilkd/key/proof/rules/ifThenElseRules.key:148:14: mismatched input '\ifExintVar' expecting {MODALITY, FORALL, EXISTS, '\if', '\ifEx', 'true', 'false', '(', '{', '@', NOT, SEQARROW, '-', STRING_LITERAL, CHAR_LITERAL, BIN_LITERAL, HEX_LITERAL, IDENT, INT_LITERAL, FLOAT_LITERAL, DOUBLE_LITERAL, REAL_LITERAL} [@819,3896:3906='\ifExintVar',<188>,148:14] (termorseq, taclet, rulesOrAxioms, decls, file) 
125947     WARN  Test worker     d.u.i.k.n.KeYParser       [syntax-error] file:/home/runner/work/key/key/key.core/build/resources/main/de/uka/ilkd/key/proof/rules/ifThenElseRules.key:148:27: extraneous input '(' expecting {'\lemma', '}', IDENT, '/*!'} [@822,3909:3909='(',<146>,148:27] (rulesOrAxioms, decls, file) 
125947     WARN  Test worker     d.u.i.k.n.KeYParser       [syntax-error] file:/home/runner/work/key/key/key.core/build/resources/main/de/uka/ilkd/key/proof/rules/ifThenElseRules.key:148:35: mismatched input '=' expecting {'(', '{'} [@825,3917:3917='=',<159>,148:35] (taclet, rulesOrAxioms, decls, file) 
125948     WARN  Test worker     d.u.i.k.n.KeYParser       [syntax-error] file:/home/runner/work/key/key/key.core/build/resources/main/de/uka/ilkd/key/proof/rules/ifThenElseRules.key:150:38: mismatched input '}' expecting {'(', '{'} [@859,4023:4023='}',<149>,150:38] (taclet, rulesOrAxioms, decls, file) 
125948     WARN  Test worker     d.u.i.k.n.KeYParser       [syntax-error] file:/home/runner/work/key/key/key.core/build/resources/main/de/uka/ilkd/key/proof/rules/ifThenElseRules.key:155:14: mismatched input '\ifExintVar' expecting {MODALITY, FORALL, EXISTS, '\if', '\ifEx', 'true', 'false', '(', '{', '@', NOT, SEQARROW, '-', STRING_LITERAL, CHAR_LITERAL, BIN_LITERAL, HEX_LITERAL, IDENT, INT_LITERAL, FLOAT_LITERAL, DOUBLE_LITERAL, REAL_LITERAL} [@877,4109:4119='\ifExintVar',<188>,155:14] (termorseq, taclet, rulesOrAxioms, decls, file) 
125949     WARN  Test worker     d.u.i.k.n.KeYParser       [syntax-error] file:/home/runner/work/key/key/key.core/build/resources/main/de/uka/ilkd/key/proof/rules/ifThenElseRules.key:155:27: extraneous input '(' expecting {'\lemma', '}', IDENT, '/*!'} [@880,4122:4122='(',<146>,155:27] (rulesOrAxioms, decls, file) 
125949     WARN  Test worker     d.u.i.k.n.KeYParser       [syntax-error] file:/home/runner/work/key/key/key.core/build/resources/main/de/uka/ilkd/key/proof/rules/ifThenElseRules.key:155:35: mismatched input '=' expecting {'(', '{'} [@883,4130:4130='=',<159>,155:35] (taclet, rulesOrAxioms, decls, file) 
125949     WARN  Test worker     d.u.i.k.n.KeYParser       [syntax-error] file:/home/runner/work/key/key/key.core/build/resources/main/de/uka/ilkd/key/proof/rules/ifThenElseRules.key:157:38: mismatched input '}' expecting {'(', '{'} [@917,4230:4230='}',<149>,157:38] (taclet, rulesOrAxioms, decls, file) 
125950     WARN  Test worker     d.u.i.k.n.KeYParser       [syntax-error] file:/home/runner/work/key/key/key.core/build/resources/main/de/uka/ilkd/key/proof/rules/ifThenElseRules.key:163:14: mismatched input '\ifExintVar' expecting {MODALITY, FORALL, EXISTS, '\if', '\ifEx', 'true', 'false', '(', '{', '@', NOT, SEQARROW, '-', STRING_LITERAL, CHAR_LITERAL, BIN_LITERAL, HEX_LITERAL, IDENT, INT_LITERAL, FLOAT_LITERAL, DOUBLE_LITERAL, REAL_LITERAL} [@939,4350:4360='\ifExintVar',<188>,163:14] (termorseq, taclet, rulesOrAxioms, decls, file) 
125950     WARN  Test worker     d.u.i.k.n.KeYParser       [syntax-error] file:/home/runner/work/key/key/key.core/build/resources/main/de/uka/ilkd/key/proof/rules/ifThenElseRules.key:163:27: extraneous input '(' expecting {'\lemma', '}', IDENT, '/*!'} [@942,4363:4363='(',<146>,163:27] (rulesOrAxioms, decls, file) 
125950     WARN  Test worker     d.u.i.k.n.KeYParser       [syntax-error] file:/home/runner/work/key/key/key.core/build/resources/main/de/uka/ilkd/key/proof/rules/ifThenElseRules.key:163:30: mismatched input '=' expecting {'(', '{'} [@945,4366:4366='=',<159>,163:30] (taclet, rulesOrAxioms, decls, file) 
125951     WARN  Test worker     d.u.i.k.n.KeYParser       [syntax-error] file:/home/runner/work/key/key/key.core/build/resources/main/de/uka/ilkd/key/proof/rules/ifThenElseRules.key:165:38: mismatched input '}' expecting {'(', '{'} [@979,4477:4477='}',<149>,165:38] (taclet, rulesOrAxioms, decls, file) 
125951     WARN  Test worker     d.u.i.k.n.KeYParser       [syntax-error] file:/home/runner/work/key/key/key.core/build/resources/main/de/uka/ilkd/key/proof/rules/ifThenElseRules.key:171:14: mismatched input '\ifExintVar' expecting {MODALITY, FORALL, EXISTS, '\if', '\ifEx', 'true', 'false', '(', '{', '@', NOT, SEQARROW, '-', STRING_LITERAL, CHAR_LITERAL, BIN_LITERAL, HEX_LITERAL, IDENT, INT_LITERAL, FLOAT_LITERAL, DOUBLE_LITERAL, REAL_LITERAL} [@1001,4604:4614='\ifExintVar',<188>,171:14] (termorseq, taclet, rulesOrAxioms, decls, file) 
125951     WARN  Test worker     d.u.i.k.n.KeYParser       [syntax-error] file:/home/runner/work/key/key/key.core/build/resources/main/de/uka/ilkd/key/proof/rules/ifThenElseRules.key:171:27: extraneous input '(' expecting {'\lemma', '}', IDENT, '/*!'} [@1004,4617:4617='(',<146>,171:27] (rulesOrAxioms, decls, file) 
125952     WARN  Test worker     d.u.i.k.n.KeYParser       [syntax-error] file:/home/runner/work/key/key/key.core/build/resources/main/de/uka/ilkd/key/proof/rules/ifThenElseRules.key:171:30: mismatched input '=' expecting {'(', '{'} [@1007,4620:4620='=',<159>,171:30] (taclet, rulesOrAxioms, decls, file) 
125952     WARN  Test worker     d.u.i.k.n.KeYParser       [syntax-error] file:/home/runner/work/key/key/key.core/build/resources/main/de/uka/ilkd/key/proof/rules/ifThenElseRules.key:173:38: mismatched input '}' expecting {'(', '{'} [@1041,4725:4725='}',<149>,173:38] (taclet, rulesOrAxioms, decls, file) 
125952     WARN  Test worker     d.u.i.k.n.KeYParser       [syntax-error] file:/home/runner/work/key/key/key.core/build/resources/main/de/uka/ilkd/key/proof/rules/ifThenElseRules.key:179:14: mismatched input '\ifExintVar' expecting {MODALITY, FORALL, EXISTS, '\if', '\ifEx', 'true', 'false', '(', '{', '@', NOT, SEQARROW, '-', STRING_LITERAL, CHAR_LITERAL, BIN_LITERAL, HEX_LITERAL, IDENT, INT_LITERAL, FLOAT_LITERAL, DOUBLE_LITERAL, REAL_LITERAL} [@1063,4848:4858='\ifExintVar',<188>,179:14] (termorseq, taclet, rulesOrAxioms, decls, file) 
125953     WARN  Test worker     d.u.i.k.n.KeYParser       [syntax-error] file:/home/runner/work/key/key/key.core/build/resources/main/de/uka/ilkd/key/proof/rules/ifThenElseRules.key:179:27: extraneous input '(' expecting {'\lemma', '}', IDENT, '/*!'} [@1066,4861:4861='(',<146>,179:27] (rulesOrAxioms, decls, file) 
125954     WARN  Test worker     d.u.i.k.n.KeYParser       [syntax-error] file:/home/runner/work/key/key/key.core/build/resources/main/de/uka/ilkd/key/proof/rules/ifThenElseRules.key:179:32: mismatched input '&' expecting {'(', '{'} [@1069,4866:4866='&',<156>,179:32] (taclet, rulesOrAxioms, decls, file) 
125955     WARN  Test worker     d.u.i.k.n.KeYParser       [syntax-error] file:/home/runner/work/key/key/key.core/build/resources/main/de/uka/ilkd/key/proof/rules/ifThenElseRules.key:181:42: mismatched input '}' expecting {'(', '{'} [@1109,4985:4985='}',<149>,181:42] (taclet, rulesOrAxioms, decls, file) 
125955     WARN  Test worker     d.u.i.k.n.KeYParser       [syntax-error] file:/home/runner/work/key/key/key.core/build/resources/main/de/uka/ilkd/key/proof/rules/ifThenElseRules.key:182:39: mismatched input '}' expecting {'(', '{'} [@1122,5030:5030='}',<149>,182:39] (taclet, rulesOrAxioms, decls, file) 
125955     WARN  Test worker     d.u.i.k.n.KeYParser       [syntax-error] file:/home/runner/work/key/key/key.core/build/resources/main/de/uka/ilkd/key/proof/rules/ifThenElseRules.key:188:14: mismatched input '\ifExintVar' expecting {MODALITY, FORALL, EXISTS, '\if', '\ifEx', 'true', 'false', '(', '{', '@', NOT, SEQARROW, '-', STRING_LITERAL, CHAR_LITERAL, BIN_LITERAL, HEX_LITERAL, IDENT, INT_LITERAL, FLOAT_LITERAL, DOUBLE_LITERAL, REAL_LITERAL} [@1146,5149:5159='\ifExintVar',<188>,188:14] (termorseq, taclet, rulesOrAxioms, decls, file) 
125956     WARN  Test worker     d.u.i.k.n.KeYParser       [syntax-error] file:/home/runner/work/key/key/key.core/build/resources/main/de/uka/ilkd/key/proof/rules/ifThenElseRules.key:188:27: extraneous input '(' expecting {'\lemma', '}', IDENT, '/*!'} [@1149,5162:5162='(',<146>,188:27] (rulesOrAxioms, decls, file) 
125956     WARN  Test worker     d.u.i.k.n.KeYParser       [syntax-error] file:/home/runner/work/key/key/key.core/build/resources/main/de/uka/ilkd/key/proof/rules/ifThenElseRules.key:188:32: mismatched input '&' expecting {'(', '{'} [@1152,5167:5167='&',<156>,188:32] (taclet, rulesOrAxioms, decls, file) 
125956     WARN  Test worker     d.u.i.k.n.KeYParser       [syntax-error] file:/home/runner/work/key/key/key.core/build/resources/main/de/uka/ilkd/key/proof/rules/ifThenElseRules.key:190:42: mismatched input '}' expecting {'(', '{'} [@1192,5280:5280='}',<149>,190:42] (taclet, rulesOrAxioms, decls, file) 
125959     WARN  Test worker     d.u.i.k.n.KeYParser       [syntax-error] file:/home/runner/work/key/key/key.core/build/resources/main/de/uka/ilkd/key/proof/rules/ifThenElseRules.key:191:39: mismatched input '}' expecting {'(', '{'} [@1205,5325:5325='}',<149>,191:39] (taclet, rulesOrAxioms, decls, file) 
125959     WARN  Test worker     d.u.i.k.n.KeYParser       [syntax-error] file:/home/runner/work/key/key/key.core/build/resources/main/de/uka/ilkd/key/proof/rules/ifThenElseRules.key:198:14: mismatched input '\ifExintVar' expecting {MODALITY, FORALL, EXISTS, '\if', '\ifEx', 'true', 'false', '(', '{', '@', NOT, SEQARROW, '-', STRING_LITERAL, CHAR_LITERAL, BIN_LITERAL, HEX_LITERAL, IDENT, INT_LITERAL, FLOAT_LITERAL, DOUBLE_LITERAL, REAL_LITERAL} [@1233,5475:5485='\ifExintVar',<188>,198:14] (termorseq, taclet, rulesOrAxioms, decls, file) 
125960     WARN  Test worker     d.u.i.k.n.KeYParser       [syntax-error] file:/home/runner/work/key/key/key.core/build/resources/main/de/uka/ilkd/key/proof/rules/ifThenElseRules.key:198:27: extraneous input '(' expecting {'\lemma', '}', IDENT, '/*!'} [@1236,5488:5488='(',<146>,198:27] (rulesOrAxioms, decls, file) 
125960     WARN  Test worker     d.u.i.k.n.KeYParser       [syntax-error] file:/home/runner/work/key/key/key.core/build/resources/main/de/uka/ilkd/key/proof/rules/ifThenElseRules.key:198:32: mismatched input '&' expecting {'(', '{'} [@1239,5493:5493='&',<156>,198:32] (taclet, rulesOrAxioms, decls, file) 
125960     WARN  Test worker     d.u.i.k.n.KeYParser       [syntax-error] file:/home/runner/work/key/key/key.core/build/resources/main/de/uka/ilkd/key/proof/rules/ifThenElseRules.key:200:42: mismatched input '}' expecting {'(', '{'} [@1279,5612:5612='}',<149>,200:42] (taclet, rulesOrAxioms, decls, file) 
125961     WARN  Test worker     d.u.i.k.n.KeYParser       [syntax-error] file:/home/runner/work/key/key/key.core/build/resources/main/de/uka/ilkd/key/proof/rules/ifThenElseRules.key:201:39: mismatched input '}' expecting {'(', '{'} [@1292,5657:5657='}',<149>,201:39] (taclet, rulesOrAxioms, decls, file) 
125961     WARN  Test worker     d.u.i.k.n.KeYParser       [syntax-error] file:/home/runner/work/key/key/key.core/build/resources/main/de/uka/ilkd/key/proof/rules/ifThenElseRules.key:208:14: mismatched input '\ifExintVar' expecting {MODALITY, FORALL, EXISTS, '\if', '\ifEx', 'true', 'false', '(', '{', '@', NOT, SEQARROW, '-', STRING_LITERAL, CHAR_LITERAL, BIN_LITERAL, HEX_LITERAL, IDENT, INT_LITERAL, FLOAT_LITERAL, DOUBLE_LITERAL, REAL_LITERAL} [@1320,5817:5827='\ifExintVar',<188>,208:14] (termorseq, taclet, rulesOrAxioms, decls, file) 
125962     WARN  Test worker     d.u.i.k.n.KeYParser       [syntax-error] file:/home/runner/work/key/key/key.core/build/resources/main/de/uka/ilkd/key/proof/rules/ifThenElseRules.key:208:27: extraneous input '(' expecting {'\lemma', '}', IDENT, '/*!'} [@1323,5830:5830='(',<146>,208:27] (rulesOrAxioms, decls, file) 
125963     WARN  Test worker     d.u.i.k.n.KeYParser       [syntax-error] file:/home/runner/work/key/key/key.core/build/resources/main/de/uka/ilkd/key/proof/rules/ifThenElseRules.key:208:32: mismatched input '&' expecting {'(', '{'} [@1326,5835:5835='&',<156>,208:32] (taclet, rulesOrAxioms, decls, file) 
125963     WARN  Test worker     d.u.i.k.n.KeYParser       [syntax-error] file:/home/runner/work/key/key/key.core/build/resources/main/de/uka/ilkd/key/proof/rules/ifThenElseRules.key:210:42: mismatched input '}' expecting {'(', '{'} [@1366,5948:5948='}',<149>,210:42] (taclet, rulesOrAxioms, decls, file) 
125964     WARN  Test worker     d.u.i.k.n.KeYParser       [syntax-error] file:/home/runner/work/key/key/key.core/build/resources/main/de/uka/ilkd/key/proof/rules/ifThenElseRules.key:211:39: mismatched input '}' expecting {'(', '{'} [@1379,5993:5993='}',<149>,211:39] (taclet, rulesOrAxioms, decls, file) 
125964     WARN  Test worker     d.u.i.k.n.KeYParser       [syntax-error] file:/home/runner/work/key/key/key.core/build/resources/main/de/uka/ilkd/key/proof/rules/ifThenElseRules.key:218:14: mismatched input '\ifExintVar' expecting {MODALITY, FORALL, EXISTS, '\if', '\ifEx', 'true', 'false', '(', '{', '@', NOT, SEQARROW, '-', STRING_LITERAL, CHAR_LITERAL, BIN_LITERAL, HEX_LITERAL, IDENT, INT_LITERAL, FLOAT_LITERAL, DOUBLE_LITERAL, REAL_LITERAL} [@1407,6146:6156='\ifExintVar',<188>,218:14] (termorseq, taclet, rulesOrAxioms, decls, file) 
125964     WARN  Test worker     d.u.i.k.n.KeYParser       [syntax-error] file:/home/runner/work/key/key/key.core/build/resources/main/de/uka/ilkd/key/proof/rules/ifThenElseRules.key:218:27: extraneous input '(' expecting {'\lemma', '}', IDENT, '/*!'} [@1410,6159:6159='(',<146>,218:27] (rulesOrAxioms, decls, file) 
125965     WARN  Test worker     d.u.i.k.n.KeYParser       [syntax-error] file:/home/runner/work/key/key/key.core/build/resources/main/de/uka/ilkd/key/proof/rules/ifThenElseRules.key:218:31: mismatched input ')' expecting {'(', '{'} [@1412,6163:6163=')',<147>,218:31] (taclet, rulesOrAxioms, decls, file) 
125965     WARN  Test worker     d.u.i.k.n.KeYParser       [syntax-error] file:/home/runner/work/key/key/key.core/build/resources/main/de/uka/ilkd/key/proof/rules/ifThenElseRules.key:220:44: mismatched input ')' expecting {'(', '{'} [@1444,6275:6275=')',<147>,220:44] (taclet, rulesOrAxioms, decls, file) 
125966     WARN  Test worker     d.u.i.k.n.KeYParser       [syntax-error] file:/home/runner/work/key/key/key.core/build/resources/main/de/uka/ilkd/key/proof/rules/ifThenElseRules.key:225:14: mismatched input '\ifExintVar' expecting {MODALITY, FORALL, EXISTS, '\if', '\ifEx', 'true', 'false', '(', '{', '@', NOT, SEQARROW, '-', STRING_LITERAL, CHAR_LITERAL, BIN_LITERAL, HEX_LITERAL, IDENT, INT_LITERAL, FLOAT_LITERAL, DOUBLE_LITERAL, REAL_LITERAL} [@1471,6389:6399='\ifExintVar',<188>,225:14] (termorseq, taclet, rulesOrAxioms, decls, file) 
125966     WARN  Test worker     d.u.i.k.n.KeYParser       [syntax-error] file:/home/runner/work/key/key/key.core/build/resources/main/de/uka/ilkd/key/proof/rules/ifThenElseRules.key:225:27: extraneous input '(' expecting {'\lemma', '}', IDENT, '/*!'} [@1474,6402:6402='(',<146>,225:27] (rulesOrAxioms, decls, file) 
125967     WARN  Test worker     d.u.i.k.n.KeYParser       [syntax-error] file:/home/runner/work/key/key/key.core/build/resources/main/de/uka/ilkd/key/proof/rules/ifThenElseRules.key:225:31: mismatched input ')' expecting {'(', '{'} [@1476,6406:6406=')',<147>,225:31] (taclet, rulesOrAxioms, decls, file) 
125967     WARN  Test worker     d.u.i.k.n.KeYParser       [syntax-error] file:/home/runner/work/key/key/key.core/build/resources/main/de/uka/ilkd/key/proof/rules/ifThenElseRules.key:227:44: mismatched input ')' expecting {'(', '{'} [@1508,6509:6509=')',<147>,227:44] (taclet, rulesOrAxioms, decls, file) 
125968     WARN  Test worker     d.u.i.k.n.KeYParser       [syntax-error] file:/home/runner/work/key/key/key.core/build/resources/main/de/uka/ilkd/key/proof/rules/ifThenElseRules.key:233:14: mismatched input '\ifExintVar' expecting {MODALITY, FORALL, EXISTS, '\if', '\ifEx', 'true', 'false', '(', '{', '@', NOT, SEQARROW, '-', STRING_LITERAL, CHAR_LITERAL, BIN_LITERAL, HEX_LITERAL, IDENT, INT_LITERAL, FLOAT_LITERAL, DOUBLE_LITERAL, REAL_LITERAL} [@1539,6656:6666='\ifExintVar',<188>,233:14] (termorseq, taclet, rulesOrAxioms, decls, file) 
125968     WARN  Test worker     d.u.i.k.n.KeYParser       [syntax-error] file:/home/runner/work/key/key/key.core/build/resources/main/de/uka/ilkd/key/proof/rules/ifThenElseRules.key:233:27: extraneous input '(' expecting {'\lemma', '}', IDENT, '/*!'} [@1542,6669:6669='(',<146>,233:27] (rulesOrAxioms, decls, file) 
125972     WARN  Test worker     d.u.i.k.n.KeYParser       [syntax-error] file:/home/runner/work/key/key/key.core/build/resources/main/de/uka/ilkd/key/proof/rules/ifThenElseRules.key:233:31: mismatched input ')' expecting {'(', '{'} [@1544,6673:6673=')',<147>,233:31] (taclet, rulesOrAxioms, decls, file) 
125973     WARN  Test worker     d.u.i.k.n.KeYParser       [syntax-error] file:/home/runner/work/key/key/key.core/build/resources/main/de/uka/ilkd/key/proof/rules/ifThenElseRules.key:237:42: mismatched input '}' expecting {'(', '{'} [@1586,6850:6850='}',<149>,237:42] (taclet, rulesOrAxioms, decls, file) 
125973     WARN  Test worker     d.u.i.k.n.KeYParser       [syntax-error] file:/home/runner/work/key/key/key.core/build/resources/main/de/uka/ilkd/key/proof/rules/ifThenElseRules.key:238:34: mismatched input '}' expecting {'(', '{'} [@1599,6891:6891='}',<149>,238:34] (taclet, rulesOrAxioms, decls, file) 
125974     WARN  Test worker     d.u.i.k.n.KeYParser       [syntax-error] file:/home/runner/work/key/key/key.core/build/resources/main/de/uka/ilkd/key/proof/rules/ifThenElseRules.key:239:28: extraneous input '(' expecting {'\lemma', '}', IDENT, '/*!'} [@1608,6925:6925='(',<146>,239:28] (rulesOrAxioms, decls, file) 
125974     WARN  Test worker     d.u.i.k.n.KeYParser       [syntax-error] file:/home/runner/work/key/key/key.core/build/resources/main/de/uka/ilkd/key/proof/rules/ifThenElseRules.key:239:33: mismatched input '->' expecting {'(', '{'} [@1611,6930:6931='->',<158>,239:33] (taclet, rulesOrAxioms, decls, file) 
125974     WARN  Test worker     d.u.i.k.n.KeYParser       [syntax-error] file:/home/runner/work/key/key/key.core/build/resources/main/de/uka/ilkd/key/proof/rules/ifThenElseRules.key:240:8: extraneous input '\replacewith' expecting {'\lemma', '}', IDENT, '/*!'} [@1626,6979:6990='\replacewith',<105>,240:8] (rulesOrAxioms, decls, file) 
125975     WARN  Test worker     d.u.i.k.n.KeYParser       [syntax-error] file:/home/runner/work/key/key/key.core/build/resources/main/de/uka/ilkd/key/proof/rules/ifThenElseRules.key:240:25: mismatched input ')' expecting {'(', '{'} [@1629,6996:6996=')',<147>,240:25] (taclet, rulesOrAxioms, decls, file) 
125975     WARN  Test worker     d.u.i.k.n.KeYParser       [syntax-error] file:/home/runner/work/key/key/key.core/build/resources/main/de/uka/ilkd/key/proof/rules/ifThenElseRules.key:240:56: mismatched input ')' expecting {'(', '{'} [@1642,7027:7027=')',<147>,240:56] (taclet, rulesOrAxioms, decls, file) 
125975     WARN  Test worker     d.u.i.k.n.KeYParser       [syntax-error] file:/home/runner/work/key/key/key.core/build/resources/main/de/uka/ilkd/key/proof/rules/ifThenElseRules.key:245:14: mismatched input '\ifExintVar' expecting {MODALITY, FORALL, EXISTS, '\if', '\ifEx', 'true', 'false', '(', '{', '@', NOT, SEQARROW, '-', STRING_LITERAL, CHAR_LITERAL, BIN_LITERAL, HEX_LITERAL, IDENT, INT_LITERAL, FLOAT_LITERAL, DOUBLE_LITERAL, REAL_LITERAL} [@1658,7109:7119='\ifExintVar',<188>,245:14] (termorseq, taclet, rulesOrAxioms, decls, file) 
125976     WARN  Test worker     d.u.i.k.n.KeYParser       [syntax-error] file:/home/runner/work/key/key/key.core/build/resources/main/de/uka/ilkd/key/proof/rules/ifThenElseRules.key:245:27: extraneous input '(' expecting {'\lemma', '}', IDENT, '/*!'} [@1661,7122:7122='(',<146>,245:27] (rulesOrAxioms, decls, file) 
125976     WARN  Test worker     d.u.i.k.n.KeYParser       [syntax-error] file:/home/runner/work/key/key/key.core/build/resources/main/de/uka/ilkd/key/proof/rules/ifThenElseRules.key:245:31: mismatched input ')' expecting {'(', '{'} [@1663,7126:7126=')',<147>,245:31] (taclet, rulesOrAxioms, decls, file) 
125976     WARN  Test worker     d.u.i.k.n.KeYParser       [syntax-error] file:/home/runner/work/key/key/key.core/build/resources/main/de/uka/ilkd/key/proof/rules/ifThenElseRules.key:248:45: mismatched input '}' expecting {'(', '{'} [@1696,7268:7268='}',<149>,248:45] (taclet, rulesOrAxioms, decls, file) 
125976     WARN  Test worker     d.u.i.k.n.KeYParser       [syntax-error] file:/home/runner/work/key/key/key.core/build/resources/main/de/uka/ilkd/key/proof/rules/ifThenElseRules.key:249:8: extraneous input '\replacewith' expecting {'\lemma', '}', IDENT, '/*!'} [@1701,7284:7295='\replacewith',<105>,249:8] (rulesOrAxioms, decls, file) 
125977     WARN  Test worker     d.u.i.k.n.KeYParser       [syntax-error] file:/home/runner/work/key/key/key.core/build/resources/main/de/uka/ilkd/key/proof/rules/ifThenElseRules.key:249:38: mismatched input ')' expecting {'(', '{'} [@1708,7314:7314=')',<147>,249:38] (taclet, rulesOrAxioms, decls, file) 
125979     WARN  Test worker     d.u.i.k.n.KeYParser       [syntax-error] file:/home/runner/work/key/key/key.core/build/resources/main/de/uka/ilkd/key/proof/rules/ifThenElseRules.key:250:42: mismatched input '}' expecting {'(', '{'} [@1731,7381:7381='}',<149>,250:42] (taclet, rulesOrAxioms, decls, file) 
125982     WARN  Test worker     d.u.i.k.n.KeYParser       [syntax-error] file:/home/runner/work/key/key/key.core/build/resources/main/de/uka/ilkd/key/proof/rules/ifThenElseRules.key:251:28: extraneous input '(' expecting {'\lemma', '}', IDENT, '/*!'} [@1741,7416:7416='(',<146>,251:28] (rulesOrAxioms, decls, file) 
125983     WARN  Test worker     d.u.i.k.n.KeYParser       [syntax-error] file:/home/runner/work/key/key/key.core/build/resources/main/de/uka/ilkd/key/proof/rules/ifThenElseRules.key:251:33: mismatched input '->' expecting {'(', '{'} [@1744,7421:7422='->',<158>,251:33] (taclet, rulesOrAxioms, decls, file) 
125989     WARN  Test worker     d.u.i.k.n.KeYParser       [syntax-error] file:/home/runner/work/key/key/key.core/build/resources/main/de/uka/ilkd/key/proof/rules/ifThenElseRules.key:255:14: mismatched input '\ifExintVar' expecting {MODALITY, FORALL, EXISTS, '\if', '\ifEx', 'true', 'false', '(', '{', '@', NOT, SEQARROW, '-', STRING_LITERAL, CHAR_LITERAL, BIN_LITERAL, HEX_LITERAL, IDENT, INT_LITERAL, FLOAT_LITERAL, DOUBLE_LITERAL, REAL_LITERAL} [@1765,7506:7516='\ifExintVar',<188>,255:14] (termorseq, taclet, rulesOrAxioms, decls, file) 
125989     WARN  Test worker     d.u.i.k.n.KeYParser       [syntax-error] file:/home/runner/work/key/key/key.core/build/resources/main/de/uka/ilkd/key/proof/rules/ifThenElseRules.key:255:27: extraneous input '(' expecting {'\lemma', '}', IDENT, '/*!'} [@1768,7519:7519='(',<146>,255:27] (rulesOrAxioms, decls, file) 
125989     WARN  Test worker     d.u.i.k.n.KeYParser       [syntax-error] file:/home/runner/work/key/key/key.core/build/resources/main/de/uka/ilkd/key/proof/rules/ifThenElseRules.key:255:31: mismatched input ')' expecting {'(', '{'} [@1770,7523:7523=')',<147>,255:31] (taclet, rulesOrAxioms, decls, file) 
125990     WARN  Test worker     d.u.i.k.n.KeYParser       [syntax-error] file:/home/runner/work/key/key/key.core/build/resources/main/de/uka/ilkd/key/proof/rules/ifThenElseRules.key:258:52: extraneous input '0' expecting {'\lemma', '}', IDENT, '/*!'} [@1809,7667:7667='0',<184>,258:52] (rulesOrAxioms, decls, file) 
125990     WARN  Test worker     d.u.i.k.n.KeYParser       [syntax-error] file:/home/runner/work/key/key/key.core/build/resources/main/de/uka/ilkd/key/proof/rules/ifThenElseRules.key:258:54: mismatched input 'then' expecting {<EOF>, '\problem', '\chooseContract', '\proofObligation', '\proof'} [@1811,7669:7672='then',<183>,258:54] (file) 
126059     WARN  Test worker     d.u.i.k.n.KeYParser       [syntax-error] file:/home/runner/work/key/key/key.core/build/resources/main/de/uka/ilkd/key/proof/rules/ifThenElseRules.key:135:14: mismatched input '\ifExintVar' expecting {MODALITY, FORALL, EXISTS, '\if', '\ifEx', 'true', 'false', '(', '{', '@', NOT, SEQARROW, '-', STRING_LITERAL, CHAR_LITERAL, BIN_LITERAL, HEX_LITERAL, IDENT, INT_LITERAL, FLOAT_LITERAL, DOUBLE_LITERAL, REAL_LITERAL} [@745,3563:3573='\ifExintVar',<188>,135:14] (termorseq, taclet, rulesOrAxioms, decls, file) 
126060     WARN  Test worker     d.u.i.k.n.KeYParser       [syntax-error] file:/home/runner/work/key/key/key.core/build/resources/main/de/uka/ilkd/key/proof/rules/ifThenElseRules.key:135:27: extraneous input '(' expecting {'\lemma', '}', IDENT, '/*!'} [@748,3576:3576='(',<146>,135:27] (rulesOrAxioms, decls, file) 
126060     WARN  Test worker     d.u.i.k.n.KeYParser       [syntax-error] file:/home/runner/work/key/key/key.core/build/resources/main/de/uka/ilkd/key/proof/rules/ifThenElseRules.key:135:44: mismatched input ')' expecting {'(', '{'} [@754,3593:3593=')',<147>,135:44] (taclet, rulesOrAxioms, decls, file) 
126061     WARN  Test worker     d.u.i.k.n.KeYParser       [syntax-error] file:/home/runner/work/key/key/key.core/build/resources/main/de/uka/ilkd/key/proof/rules/ifThenElseRules.key:141:14: mismatched input '\ifExintVar' expecting {MODALITY, FORALL, EXISTS, '\if', '\ifEx', 'true', 'false', '(', '{', '@', NOT, SEQARROW, '-', STRING_LITERAL, CHAR_LITERAL, BIN_LITERAL, HEX_LITERAL, IDENT, INT_LITERAL, FLOAT_LITERAL, DOUBLE_LITERAL, REAL_LITERAL} [@780,3716:3726='\ifExintVar',<188>,141:14] (termorseq, taclet, rulesOrAxioms, decls, file) 
126062     WARN  Test worker     d.u.i.k.n.KeYParser       [syntax-error] file:/home/runner/work/key/key/key.core/build/resources/main/de/uka/ilkd/key/proof/rules/ifThenElseRules.key:141:27: extraneous input '(' expecting {'\lemma', '}', IDENT, '/*!'} [@783,3729:3729='(',<146>,141:27] (rulesOrAxioms, decls, file) 
126062     WARN  Test worker     d.u.i.k.n.KeYParser       [syntax-error] file:/home/runner/work/key/key/key.core/build/resources/main/de/uka/ilkd/key/proof/rules/ifThenElseRules.key:141:41: mismatched input ')' expecting {'(', '{'} [@789,3743:3743=')',<147>,141:41] (taclet, rulesOrAxioms, decls, file) 
126063     WARN  Test worker     d.u.i.k.n.KeYParser       [syntax-error] file:/home/runner/work/key/key/key.core/build/resources/main/de/uka/ilkd/key/proof/rules/ifThenElseRules.key:148:14: mismatched input '\ifExintVar' expecting {MODALITY, FORALL, EXISTS, '\if', '\ifEx', 'true', 'false', '(', '{', '@', NOT, SEQARROW, '-', STRING_LITERAL, CHAR_LITERAL, BIN_LITERAL, HEX_LITERAL, IDENT, INT_LITERAL, FLOAT_LITERAL, DOUBLE_LITERAL, REAL_LITERAL} [@819,3896:3906='\ifExintVar',<188>,148:14] (termorseq, taclet, rulesOrAxioms, decls, file) 
126063     WARN  Test worker     d.u.i.k.n.KeYParser       [syntax-error] file:/home/runner/work/key/key/key.core/build/resources/main/de/uka/ilkd/key/proof/rules/ifThenElseRules.key:148:27: extraneous input '(' expecting {'\lemma', '}', IDENT, '/*!'} [@822,3909:3909='(',<146>,148:27] (rulesOrAxioms, decls, file) 
126063     WARN  Test worker     d.u.i.k.n.KeYParser       [syntax-error] file:/home/runner/work/key/key/key.core/build/resources/main/de/uka/ilkd/key/proof/rules/ifThenElseRules.key:148:35: mismatched input '=' expecting {'(', '{'} [@825,3917:3917='=',<159>,148:35] (taclet, rulesOrAxioms, decls, file) 
126064     WARN  Test worker     d.u.i.k.n.KeYParser       [syntax-error] file:/home/runner/work/key/key/key.core/build/resources/main/de/uka/ilkd/key/proof/rules/ifThenElseRules.key:150:38: mismatched input '}' expecting {'(', '{'} [@859,4023:4023='}',<149>,150:38] (taclet, rulesOrAxioms, decls, file) 
126064     WARN  Test worker     d.u.i.k.n.KeYParser       [syntax-error] file:/home/runner/work/key/key/key.core/build/resources/main/de/uka/ilkd/key/proof/rules/ifThenElseRules.key:155:14: mismatched input '\ifExintVar' expecting {MODALITY, FORALL, EXISTS, '\if', '\ifEx', 'true', 'false', '(', '{', '@', NOT, SEQARROW, '-', STRING_LITERAL, CHAR_LITERAL, BIN_LITERAL, HEX_LITERAL, IDENT, INT_LITERAL, FLOAT_LITERAL, DOUBLE_LITERAL, REAL_LITERAL} [@877,4109:4119='\ifExintVar',<188>,155:14] (termorseq, taclet, rulesOrAxioms, decls, file) 
126064     WARN  Test worker     d.u.i.k.n.KeYParser       [syntax-error] file:/home/runner/work/key/key/key.core/build/resources/main/de/uka/ilkd/key/proof/rules/ifThenElseRules.key:155:27: extraneous input '(' expecting {'\lemma', '}', IDENT, '/*!'} [@880,4122:4122='(',<146>,155:27] (rulesOrAxioms, decls, file) 
126069     WARN  Test worker     d.u.i.k.n.KeYParser       [syntax-error] file:/home/runner/work/key/key/key.core/build/resources/main/de/uka/ilkd/key/proof/rules/ifThenElseRules.key:155:35: mismatched input '=' expecting {'(', '{'} [@883,4130:4130='=',<159>,155:35] (taclet, rulesOrAxioms, decls, file) 
126069     WARN  Test worker     d.u.i.k.n.KeYParser       [syntax-error] file:/home/runner/work/key/key/key.core/build/resources/main/de/uka/ilkd/key/proof/rules/ifThenElseRules.key:157:38: mismatched input '}' expecting {'(', '{'} [@917,4230:4230='}',<149>,157:38] (taclet, rulesOrAxioms, decls, file) 
126070     WARN  Test worker     d.u.i.k.n.KeYParser       [syntax-error] file:/home/runner/work/key/key/key.core/build/resources/main/de/uka/ilkd/key/proof/rules/ifThenElseRules.key:163:14: mismatched input '\ifExintVar' expecting {MODALITY, FORALL, EXISTS, '\if', '\ifEx', 'true', 'false', '(', '{', '@', NOT, SEQARROW, '-', STRING_LITERAL, CHAR_LITERAL, BIN_LITERAL, HEX_LITERAL, IDENT, INT_LITERAL, FLOAT_LITERAL, DOUBLE_LITERAL, REAL_LITERAL} [@939,4350:4360='\ifExintVar',<188>,163:14] (termorseq, taclet, rulesOrAxioms, decls, file) 
126070     WARN  Test worker     d.u.i.k.n.KeYParser       [syntax-error] file:/home/runner/work/key/key/key.core/build/resources/main/de/uka/ilkd/key/proof/rules/ifThenElseRules.key:163:27: extraneous input '(' expecting {'\lemma', '}', IDENT, '/*!'} [@942,4363:4363='(',<146>,163:27] (rulesOrAxioms, decls, file) 
126070     WARN  Test worker     d.u.i.k.n.KeYParser       [syntax-error] file:/home/runner/work/key/key/key.core/build/resources/main/de/uka/ilkd/key/proof/rules/ifThenElseRules.key:163:30: mismatched input '=' expecting {'(', '{'} [@945,4366:4366='=',<159>,163:30] (taclet, rulesOrAxioms, decls, file) 
126071     WARN  Test worker     d.u.i.k.n.KeYParser       [syntax-error] file:/home/runner/work/key/key/key.core/build/resources/main/de/uka/ilkd/key/proof/rules/ifThenElseRules.key:165:38: mismatched input '}' expecting {'(', '{'} [@979,4477:4477='}',<149>,165:38] (taclet, rulesOrAxioms, decls, file) 
126071     WARN  Test worker     d.u.i.k.n.KeYParser       [syntax-error] file:/home/runner/work/key/key/key.core/build/resources/main/de/uka/ilkd/key/proof/rules/ifThenElseRules.key:171:14: mismatched input '\ifExintVar' expecting {MODALITY, FORALL, EXISTS, '\if', '\ifEx', 'true', 'false', '(', '{', '@', NOT, SEQARROW, '-', STRING_LITERAL, CHAR_LITERAL, BIN_LITERAL, HEX_LITERAL, IDENT, INT_LITERAL, FLOAT_LITERAL, DOUBLE_LITERAL, REAL_LITERAL} [@1001,4604:4614='\ifExintVar',<188>,171:14] (termorseq, taclet, rulesOrAxioms, decls, file) 
126071     WARN  Test worker     d.u.i.k.n.KeYParser       [syntax-error] file:/home/runner/work/key/key/key.core/build/resources/main/de/uka/ilkd/key/proof/rules/ifThenElseRules.key:171:27: extraneous input '(' expecting {'\lemma', '}', IDENT, '/*!'} [@1004,4617:4617='(',<146>,171:27] (rulesOrAxioms, decls, file) 
126072     WARN  Test worker     d.u.i.k.n.KeYParser       [syntax-error] file:/home/runner/work/key/key/key.core/build/resources/main/de/uka/ilkd/key/proof/rules/ifThenElseRules.key:171:30: mismatched input '=' expecting {'(', '{'} [@1007,4620:4620='=',<159>,171:30] (taclet, rulesOrAxioms, decls, file) 
126072     WARN  Test worker     d.u.i.k.n.KeYParser       [syntax-error] file:/home/runner/work/key/key/key.core/build/resources/main/de/uka/ilkd/key/proof/rules/ifThenElseRules.key:173:38: mismatched input '}' expecting {'(', '{'} [@1041,4725:4725='}',<149>,173:38] (taclet, rulesOrAxioms, decls, file) 
126072     WARN  Test worker     d.u.i.k.n.KeYParser       [syntax-error] file:/home/runner/work/key/key/key.core/build/resources/main/de/uka/ilkd/key/proof/rules/ifThenElseRules.key:179:14: mismatched input '\ifExintVar' expecting {MODALITY, FORALL, EXISTS, '\if', '\ifEx', 'true', 'false', '(', '{', '@', NOT, SEQARROW, '-', STRING_LITERAL, CHAR_LITERAL, BIN_LITERAL, HEX_LITERAL, IDENT, INT_LITERAL, FLOAT_LITERAL, DOUBLE_LITERAL, REAL_LITERAL} [@1063,4848:4858='\ifExintVar',<188>,179:14] (termorseq, taclet, rulesOrAxioms, decls, file) 
126072     WARN  Test worker     d.u.i.k.n.KeYParser       [syntax-error] file:/home/runner/work/key/key/key.core/build/resources/main/de/uka/ilkd/key/proof/rules/ifThenElseRules.key:179:27: extraneous input '(' expecting {'\lemma', '}', IDENT, '/*!'} [@1066,4861:4861='(',<146>,179:27] (rulesOrAxioms, decls, file) 
126073     WARN  Test worker     d.u.i.k.n.KeYParser       [syntax-error] file:/home/runner/work/key/key/key.core/build/resources/main/de/uka/ilkd/key/proof/rules/ifThenElseRules.key:179:32: mismatched input '&' expecting {'(', '{'} [@1069,4866:4866='&',<156>,179:32] (taclet, rulesOrAxioms, decls, file) 
126073     WARN  Test worker     d.u.i.k.n.KeYParser       [syntax-error] file:/home/runner/work/key/key/key.core/build/resources/main/de/uka/ilkd/key/proof/rules/ifThenElseRules.key:181:42: mismatched input '}' expecting {'(', '{'} [@1109,4985:4985='}',<149>,181:42] (taclet, rulesOrAxioms, decls, file) 
126073     WARN  Test worker     d.u.i.k.n.KeYParser       [syntax-error] file:/home/runner/work/key/key/key.core/build/resources/main/de/uka/ilkd/key/proof/rules/ifThenElseRules.key:182:39: mismatched input '}' expecting {'(', '{'} [@1122,5030:5030='}',<149>,182:39] (taclet, rulesOrAxioms, decls, file) 
126074     WARN  Test worker     d.u.i.k.n.KeYParser       [syntax-error] file:/home/runner/work/key/key/key.core/build/resources/main/de/uka/ilkd/key/proof/rules/ifThenElseRules.key:188:14: mismatched input '\ifExintVar' expecting {MODALITY, FORALL, EXISTS, '\if', '\ifEx', 'true', 'false', '(', '{', '@', NOT, SEQARROW, '-', STRING_LITERAL, CHAR_LITERAL, BIN_LITERAL, HEX_LITERAL, IDENT, INT_LITERAL, FLOAT_LITERAL, DOUBLE_LITERAL, REAL_LITERAL} [@1146,5149:5159='\ifExintVar',<188>,188:14] (termorseq, taclet, rulesOrAxioms, decls, file) 
126074     WARN  Test worker     d.u.i.k.n.KeYParser       [syntax-error] file:/home/runner/work/key/key/key.core/build/resources/main/de/uka/ilkd/key/proof/rules/ifThenElseRules.key:188:27: extraneous input '(' expecting {'\lemma', '}', IDENT, '/*!'} [@1149,5162:5162='(',<146>,188:27] (rulesOrAxioms, decls, file) 
126074     WARN  Test worker     d.u.i.k.n.KeYParser       [syntax-error] file:/home/runner/work/key/key/key.core/build/resources/main/de/uka/ilkd/key/proof/rules/ifThenElseRules.key:188:32: mismatched input '&' expecting {'(', '{'} [@1152,5167:5167='&',<156>,188:32] (taclet, rulesOrAxioms, decls, file) 
126075     WARN  Test worker     d.u.i.k.n.KeYParser       [syntax-error] file:/home/runner/work/key/key/key.core/build/resources/main/de/uka/ilkd/key/proof/rules/ifThenElseRules.key:190:42: mismatched input '}' expecting {'(', '{'} [@1192,5280:5280='}',<149>,190:42] (taclet, rulesOrAxioms, decls, file) 
126075     WARN  Test worker     d.u.i.k.n.KeYParser       [syntax-error] file:/home/runner/work/key/key/key.core/build/resources/main/de/uka/ilkd/key/proof/rules/ifThenElseRules.key:191:39: mismatched input '}' expecting {'(', '{'} [@1205,5325:5325='}',<149>,191:39] (taclet, rulesOrAxioms, decls, file) 
126075     WARN  Test worker     d.u.i.k.n.KeYParser       [syntax-error] file:/home/runner/work/key/key/key.core/build/resources/main/de/uka/ilkd/key/proof/rules/ifThenElseRules.key:198:14: mismatched input '\ifExintVar' expecting {MODALITY, FORALL, EXISTS, '\if', '\ifEx', 'true', 'false', '(', '{', '@', NOT, SEQARROW, '-', STRING_LITERAL, CHAR_LITERAL, BIN_LITERAL, HEX_LITERAL, IDENT, INT_LITERAL, FLOAT_LITERAL, DOUBLE_LITERAL, REAL_LITERAL} [@1233,5475:5485='\ifExintVar',<188>,198:14] (termorseq, taclet, rulesOrAxioms, decls, file) 
126076     WARN  Test worker     d.u.i.k.n.KeYParser       [syntax-error] file:/home/runner/work/key/key/key.core/build/resources/main/de/uka/ilkd/key/proof/rules/ifThenElseRules.key:198:27: extraneous input '(' expecting {'\lemma', '}', IDENT, '/*!'} [@1236,5488:5488='(',<146>,198:27] (rulesOrAxioms, decls, file) 
126076     WARN  Test worker     d.u.i.k.n.KeYParser       [syntax-error] file:/home/runner/work/key/key/key.core/build/resources/main/de/uka/ilkd/key/proof/rules/ifThenElseRules.key:198:32: mismatched input '&' expecting {'(', '{'} [@1239,5493:5493='&',<156>,198:32] (taclet, rulesOrAxioms, decls, file) 
126076     WARN  Test worker     d.u.i.k.n.KeYParser       [syntax-error] file:/home/runner/work/key/key/key.core/build/resources/main/de/uka/ilkd/key/proof/rules/ifThenElseRules.key:200:42: mismatched input '}' expecting {'(', '{'} [@1279,5612:5612='}',<149>,200:42] (taclet, rulesOrAxioms, decls, file) 
126077     WARN  Test worker     d.u.i.k.n.KeYParser       [syntax-error] file:/home/runner/work/key/key/key.core/build/resources/main/de/uka/ilkd/key/proof/rules/ifThenElseRules.key:201:39: mismatched input '}' expecting {'(', '{'} [@1292,5657:5657='}',<149>,201:39] (taclet, rulesOrAxioms, decls, file) 
126077     WARN  Test worker     d.u.i.k.n.KeYParser       [syntax-error] file:/home/runner/work/key/key/key.core/build/resources/main/de/uka/ilkd/key/proof/rules/ifThenElseRules.key:208:14: mismatched input '\ifExintVar' expecting {MODALITY, FORALL, EXISTS, '\if', '\ifEx', 'true', 'false', '(', '{', '@', NOT, SEQARROW, '-', STRING_LITERAL, CHAR_LITERAL, BIN_LITERAL, HEX_LITERAL, IDENT, INT_LITERAL, FLOAT_LITERAL, DOUBLE_LITERAL, REAL_LITERAL} [@1320,5817:5827='\ifExintVar',<188>,208:14] (termorseq, taclet, rulesOrAxioms, decls, file) 
126077     WARN  Test worker     d.u.i.k.n.KeYParser       [syntax-error] file:/home/runner/work/key/key/key.core/build/resources/main/de/uka/ilkd/key/proof/rules/ifThenElseRules.key:208:27: extraneous input '(' expecting {'\lemma', '}', IDENT, '/*!'} [@1323,5830:5830='(',<146>,208:27] (rulesOrAxioms, decls, file) 
126077     WARN  Test worker     d.u.i.k.n.KeYParser       [syntax-error] file:/home/runner/work/key/key/key.core/build/resources/main/de/uka/ilkd/key/proof/rules/ifThenElseRules.key:208:32: mismatched input '&' expecting {'(', '{'} [@1326,5835:5835='&',<156>,208:32] (taclet, rulesOrAxioms, decls, file) 
126078     WARN  Test worker     d.u.i.k.n.KeYParser       [syntax-error] file:/home/runner/work/key/key/key.core/build/resources/main/de/uka/ilkd/key/proof/rules/ifThenElseRules.key:210:42: mismatched input '}' expecting {'(', '{'} [@1366,5948:5948='}',<149>,210:42] (taclet, rulesOrAxioms, decls, file) 
126078     WARN  Test worker     d.u.i.k.n.KeYParser       [syntax-error] file:/home/runner/work/key/key/key.core/build/resources/main/de/uka/ilkd/key/proof/rules/ifThenElseRules.key:211:39: mismatched input '}' expecting {'(', '{'} [@1379,5993:5993='}',<149>,211:39] (taclet, rulesOrAxioms, decls, file) 
126078     WARN  Test worker     d.u.i.k.n.KeYParser       [syntax-error] file:/home/runner/work/key/key/key.core/build/resources/main/de/uka/ilkd/key/proof/rules/ifThenElseRules.key:218:14: mismatched input '\ifExintVar' expecting {MODALITY, FORALL, EXISTS, '\if', '\ifEx', 'true', 'false', '(', '{', '@', NOT, SEQARROW, '-', STRING_LITERAL, CHAR_LITERAL, BIN_LITERAL, HEX_LITERAL, IDENT, INT_LITERAL, FLOAT_LITERAL, DOUBLE_LITERAL, REAL_LITERAL} [@1407,6146:6156='\ifExintVar',<188>,218:14] (termorseq, taclet, rulesOrAxioms, decls, file) 
126079     WARN  Test worker     d.u.i.k.n.KeYParser       [syntax-error] file:/home/runner/work/key/key/key.core/build/resources/main/de/uka/ilkd/key/proof/rules/ifThenElseRules.key:218:27: extraneous input '(' expecting {'\lemma', '}', IDENT, '/*!'} [@1410,6159:6159='(',<146>,218:27] (rulesOrAxioms, decls, file) 
126079     WARN  Test worker     d.u.i.k.n.KeYParser       [syntax-error] file:/home/runner/work/key/key/key.core/build/resources/main/de/uka/ilkd/key/proof/rules/ifThenElseRules.key:218:31: mismatched input ')' expecting {'(', '{'} [@1412,6163:6163=')',<147>,218:31] (taclet, rulesOrAxioms, decls, file) 
126079     WARN  Test worker     d.u.i.k.n.KeYParser       [syntax-error] file:/home/runner/work/key/key/key.core/build/resources/main/de/uka/ilkd/key/proof/rules/ifThenElseRules.key:220:44: mismatched input ')' expecting {'(', '{'} [@1444,6275:6275=')',<147>,220:44] (taclet, rulesOrAxioms, decls, file) 
126079     WARN  Test worker     d.u.i.k.n.KeYParser       [syntax-error] file:/home/runner/work/key/key/key.core/build/resources/main/de/uka/ilkd/key/proof/rules/ifThenElseRules.key:225:14: mismatched input '\ifExintVar' expecting {MODALITY, FORALL, EXISTS, '\if', '\ifEx', 'true', 'false', '(', '{', '@', NOT, SEQARROW, '-', STRING_LITERAL, CHAR_LITERAL, BIN_LITERAL, HEX_LITERAL, IDENT, INT_LITERAL, FLOAT_LITERAL, DOUBLE_LITERAL, REAL_LITERAL} [@1471,6389:6399='\ifExintVar',<188>,225:14] (termorseq, taclet, rulesOrAxioms, decls, file) 
126080     WARN  Test worker     d.u.i.k.n.KeYParser       [syntax-error] file:/home/runner/work/key/key/key.core/build/resources/main/de/uka/ilkd/key/proof/rules/ifThenElseRules.key:225:27: extraneous input '(' expecting {'\lemma', '}', IDENT, '/*!'} [@1474,6402:6402='(',<146>,225:27] (rulesOrAxioms, decls, file) 
126080     WARN  Test worker     d.u.i.k.n.KeYParser       [syntax-error] file:/home/runner/work/key/key/key.core/build/resources/main/de/uka/ilkd/key/proof/rules/ifThenElseRules.key:225:31: mismatched input ')' expecting {'(', '{'} [@1476,6406:6406=')',<147>,225:31] (taclet, rulesOrAxioms, decls, file) 
126080     WARN  Test worker     d.u.i.k.n.KeYParser       [syntax-error] file:/home/runner/work/key/key/key.core/build/resources/main/de/uka/ilkd/key/proof/rules/ifThenElseRules.key:227:44: mismatched input ')' expecting {'(', '{'} [@1508,6509:6509=')',<147>,227:44] (taclet, rulesOrAxioms, decls, file) 
126081     WARN  Test worker     d.u.i.k.n.KeYParser       [syntax-error] file:/home/runner/work/key/key/key.core/build/resources/main/de/uka/ilkd/key/proof/rules/ifThenElseRules.key:233:14: mismatched input '\ifExintVar' expecting {MODALITY, FORALL, EXISTS, '\if', '\ifEx', 'true', 'false', '(', '{', '@', NOT, SEQARROW, '-', STRING_LITERAL, CHAR_LITERAL, BIN_LITERAL, HEX_LITERAL, IDENT, INT_LITERAL, FLOAT_LITERAL, DOUBLE_LITERAL, REAL_LITERAL} [@1539,6656:6666='\ifExintVar',<188>,233:14] (termorseq, taclet, rulesOrAxioms, decls, file) 
126081     WARN  Test worker     d.u.i.k.n.KeYParser       [syntax-error] file:/home/runner/work/key/key/key.core/build/resources/main/de/uka/ilkd/key/proof/rules/ifThenElseRules.key:233:27: extraneous input '(' expecting {'\lemma', '}', IDENT, '/*!'} [@1542,6669:6669='(',<146>,233:27] (rulesOrAxioms, decls, file) 
126081     WARN  Test worker     d.u.i.k.n.KeYParser       [syntax-error] file:/home/runner/work/key/key/key.core/build/resources/main/de/uka/ilkd/key/proof/rules/ifThenElseRules.key:233:31: mismatched input ')' expecting {'(', '{'} [@1544,6673:6673=')',<147>,233:31] (taclet, rulesOrAxioms, decls, file) 
126082     WARN  Test worker     d.u.i.k.n.KeYParser       [syntax-error] file:/home/runner/work/key/key/key.core/build/resources/main/de/uka/ilkd/key/proof/rules/ifThenElseRules.key:237:42: mismatched input '}' expecting {'(', '{'} [@1586,6850:6850='}',<149>,237:42] (taclet, rulesOrAxioms, decls, file) 
126082     WARN  Test worker     d.u.i.k.n.KeYParser       [syntax-error] file:/home/runner/work/key/key/key.core/build/resources/main/de/uka/ilkd/key/proof/rules/ifThenElseRules.key:238:34: mismatched input '}' expecting {'(', '{'} [@1599,6891:6891='}',<149>,238:34] (taclet, rulesOrAxioms, decls, file) 
126082     WARN  Test worker     d.u.i.k.n.KeYParser       [syntax-error] file:/home/runner/work/key/key/key.core/build/resources/main/de/uka/ilkd/key/proof/rules/ifThenElseRules.key:239:28: extraneous input '(' expecting {'\lemma', '}', IDENT, '/*!'} [@1608,6925:6925='(',<146>,239:28] (rulesOrAxioms, decls, file) 
126083     WARN  Test worker     d.u.i.k.n.KeYParser       [syntax-error] file:/home/runner/work/key/key/key.core/build/resources/main/de/uka/ilkd/key/proof/rules/ifThenElseRules.key:239:33: mismatched input '->' expecting {'(', '{'} [@1611,6930:6931='->',<158>,239:33] (taclet, rulesOrAxioms, decls, file) 
126083     WARN  Test worker     d.u.i.k.n.KeYParser       [syntax-error] file:/home/runner/work/key/key/key.core/build/resources/main/de/uka/ilkd/key/proof/rules/ifThenElseRules.key:240:8: extraneous input '\replacewith' expecting {'\lemma', '}', IDENT, '/*!'} [@1626,6979:6990='\replacewith',<105>,240:8] (rulesOrAxioms, decls, file) 
126083     WARN  Test worker     d.u.i.k.n.KeYParser       [syntax-error] file:/home/runner/work/key/key/key.core/build/resources/main/de/uka/ilkd/key/proof/rules/ifThenElseRules.key:240:25: mismatched input ')' expecting {'(', '{'} [@1629,6996:6996=')',<147>,240:25] (taclet, rulesOrAxioms, decls, file) 
126083     WARN  Test worker     d.u.i.k.n.KeYParser       [syntax-error] file:/home/runner/work/key/key/key.core/build/resources/main/de/uka/ilkd/key/proof/rules/ifThenElseRules.key:240:56: mismatched input ')' expecting {'(', '{'} [@1642,7027:7027=')',<147>,240:56] (taclet, rulesOrAxioms, decls, file) 
126084     WARN  Test worker     d.u.i.k.n.KeYParser       [syntax-error] file:/home/runner/work/key/key/key.core/build/resources/main/de/uka/ilkd/key/proof/rules/ifThenElseRules.key:245:14: mismatched input '\ifExintVar' expecting {MODALITY, FORALL, EXISTS, '\if', '\ifEx', 'true', 'false', '(', '{', '@', NOT, SEQARROW, '-', STRING_LITERAL, CHAR_LITERAL, BIN_LITERAL, HEX_LITERAL, IDENT, INT_LITERAL, FLOAT_LITERAL, DOUBLE_LITERAL, REAL_LITERAL} [@1658,7109:7119='\ifExintVar',<188>,245:14] (termorseq, taclet, rulesOrAxioms, decls, file) 
126084     WARN  Test worker     d.u.i.k.n.KeYParser       [syntax-error] file:/home/runner/work/key/key/key.core/build/resources/main/de/uka/ilkd/key/proof/rules/ifThenElseRules.key:245:27: extraneous input '(' expecting {'\lemma', '}', IDENT, '/*!'} [@1661,7122:7122='(',<146>,245:27] (rulesOrAxioms, decls, file) 
126084     WARN  Test worker     d.u.i.k.n.KeYParser       [syntax-error] file:/home/runner/work/key/key/key.core/build/resources/main/de/uka/ilkd/key/proof/rules/ifThenElseRules.key:245:31: mismatched input ')' expecting {'(', '{'} [@1663,7126:7126=')',<147>,245:31] (taclet, rulesOrAxioms, decls, file) 
126085     WARN  Test worker     d.u.i.k.n.KeYParser       [syntax-error] file:/home/runner/work/key/key/key.core/build/resources/main/de/uka/ilkd/key/proof/rules/ifThenElseRules.key:248:45: mismatched input '}' expecting {'(', '{'} [@1696,7268:7268='}',<149>,248:45] (taclet, rulesOrAxioms, decls, file) 
126086     WARN  Test worker     d.u.i.k.n.KeYParser       [syntax-error] file:/home/runner/work/key/key/key.core/build/resources/main/de/uka/ilkd/key/proof/rules/ifThenElseRules.key:249:8: extraneous input '\replacewith' expecting {'\lemma', '}', IDENT, '/*!'} [@1701,7284:7295='\replacewith',<105>,249:8] (rulesOrAxioms, decls, file) 
126086     WARN  Test worker     d.u.i.k.n.KeYParser       [syntax-error] file:/home/runner/work/key/key/key.core/build/resources/main/de/uka/ilkd/key/proof/rules/ifThenElseRules.key:249:38: mismatched input ')' expecting {'(', '{'} [@1708,7314:7314=')',<147>,249:38] (taclet, rulesOrAxioms, decls, file) 
126086     WARN  Test worker     d.u.i.k.n.KeYParser       [syntax-error] file:/home/runner/work/key/key/key.core/build/resources/main/de/uka/ilkd/key/proof/rules/ifThenElseRules.key:250:42: mismatched input '}' expecting {'(', '{'} [@1731,7381:7381='}',<149>,250:42] (taclet, rulesOrAxioms, decls, file) 
126087     WARN  Test worker     d.u.i.k.n.KeYParser       [syntax-error] file:/home/runner/work/key/key/key.core/build/resources/main/de/uka/ilkd/key/proof/rules/ifThenElseRules.key:251:28: extraneous input '(' expecting {'\lemma', '}', IDENT, '/*!'} [@1741,7416:7416='(',<146>,251:28] (rulesOrAxioms, decls, file) 
126087     WARN  Test worker     d.u.i.k.n.KeYParser       [syntax-error] file:/home/runner/work/key/key/key.core/build/resources/main/de/uka/ilkd/key/proof/rules/ifThenElseRules.key:251:33: mismatched input '->' expecting {'(', '{'} [@1744,7421:7422='->',<158>,251:33] (taclet, rulesOrAxioms, decls, file) 
126087     WARN  Test worker     d.u.i.k.n.KeYParser       [syntax-error] file:/home/runner/work/key/key/key.core/build/resources/main/de/uka/ilkd/key/proof/rules/ifThenElseRules.key:255:14: mismatched input '\ifExintVar' expecting {MODALITY, FORALL, EXISTS, '\if', '\ifEx', 'true', 'false', '(', '{', '@', NOT, SEQARROW, '-', STRING_LITERAL, CHAR_LITERAL, BIN_LITERAL, HEX_LITERAL, IDENT, INT_LITERAL, FLOAT_LITERAL, DOUBLE_LITERAL, REAL_LITERAL} [@1765,7506:7516='\ifExintVar',<188>,255:14] (termorseq, taclet, rulesOrAxioms, decls, file) 
126088     WARN  Test worker     d.u.i.k.n.KeYParser       [syntax-error] file:/home/runner/work/key/key/key.core/build/resources/main/de/uka/ilkd/key/proof/rules/ifThenElseRules.key:255:27: extraneous input '(' expecting {'\lemma', '}', IDENT, '/*!'} [@1768,7519:7519='(',<146>,255:27] (rulesOrAxioms, decls, file) 
126088     WARN  Test worker     d.u.i.k.n.KeYParser       [syntax-error] file:/home/runner/work/key/key/key.core/build/resources/main/de/uka/ilkd/key/proof/rules/ifThenElseRules.key:255:31: mismatched input ')' expecting {'(', '{'} [@1770,7523:7523=')',<147>,255:31] (taclet, rulesOrAxioms, decls, file) 
126088     WARN  Test worker     d.u.i.k.n.KeYParser       [syntax-error] file:/home/runner/work/key/key/key.core/build/resources/main/de/uka/ilkd/key/proof/rules/ifThenElseRules.key:258:52: extraneous input '0' expecting {'\lemma', '}', IDENT, '/*!'} [@1809,7667:7667='0',<184>,258:52] (rulesOrAxioms, decls, file) 
126089     WARN  Test worker     d.u.i.k.n.KeYParser       [syntax-error] file:/home/runner/work/key/key/key.core/build/resources/main/de/uka/ilkd/key/proof/rules/ifThenElseRules.key:258:54: mismatched input 'then' expecting {<EOF>, '\problem', '\chooseContract', '\proofObligation', '\proof'} [@1811,7669:7672='then',<183>,258:54] (file) 
126148     WARN  Test worker     d.u.i.k.n.KeYParser       [syntax-error] file:/home/runner/work/key/key/key.core/build/resources/main/de/uka/ilkd/key/proof/rules/ifThenElseRules.key:135:14: mismatched input '\ifExintVar' expecting {MODALITY, FORALL, EXISTS, '\if', '\ifEx', 'true', 'false', '(', '{', '@', NOT, SEQARROW, '-', STRING_LITERAL, CHAR_LITERAL, BIN_LITERAL, HEX_LITERAL, IDENT, INT_LITERAL, FLOAT_LITERAL, DOUBLE_LITERAL, REAL_LITERAL} [@745,3563:3573='\ifExintVar',<188>,135:14] (termorseq, taclet, rulesOrAxioms, decls, file) 
126149     WARN  Test worker     d.u.i.k.n.KeYParser       [syntax-error] file:/home/runner/work/key/key/key.core/build/resources/main/de/uka/ilkd/key/proof/rules/ifThenElseRules.key:135:27: extraneous input '(' expecting {'\lemma', '}', IDENT, '/*!'} [@748,3576:3576='(',<146>,135:27] (rulesOrAxioms, decls, file) 
126149     WARN  Test worker     d.u.i.k.n.KeYParser       [syntax-error] file:/home/runner/work/key/key/key.core/build/resources/main/de/uka/ilkd/key/proof/rules/ifThenElseRules.key:135:44: mismatched input ')' expecting {'(', '{'} [@754,3593:3593=')',<147>,135:44] (taclet, rulesOrAxioms, decls, file) 
126150     WARN  Test worker     d.u.i.k.n.KeYParser       [syntax-error] file:/home/runner/work/key/key/key.core/build/resources/main/de/uka/ilkd/key/proof/rules/ifThenElseRules.key:141:14: mismatched input '\ifExintVar' expecting {MODALITY, FORALL, EXISTS, '\if', '\ifEx', 'true', 'false', '(', '{', '@', NOT, SEQARROW, '-', STRING_LITERAL, CHAR_LITERAL, BIN_LITERAL, HEX_LITERAL, IDENT, INT_LITERAL, FLOAT_LITERAL, DOUBLE_LITERAL, REAL_LITERAL} [@780,3716:3726='\ifExintVar',<188>,141:14] (termorseq, taclet, rulesOrAxioms, decls, file) 
126150     WARN  Test worker     d.u.i.k.n.KeYParser       [syntax-error] file:/home/runner/work/key/key/key.core/build/resources/main/de/uka/ilkd/key/proof/rules/ifThenElseRules.key:141:27: extraneous input '(' expecting {'\lemma', '}', IDENT, '/*!'} [@783,3729:3729='(',<146>,141:27] (rulesOrAxioms, decls, file) 
126150     WARN  Test worker     d.u.i.k.n.KeYParser       [syntax-error] file:/home/runner/work/key/key/key.core/build/resources/main/de/uka/ilkd/key/proof/rules/ifThenElseRules.key:141:41: mismatched input ')' expecting {'(', '{'} [@789,3743:3743=')',<147>,141:41] (taclet, rulesOrAxioms, decls, file) 
126151     WARN  Test worker     d.u.i.k.n.KeYParser       [syntax-error] file:/home/runner/work/key/key/key.core/build/resources/main/de/uka/ilkd/key/proof/rules/ifThenElseRules.key:148:14: mismatched input '\ifExintVar' expecting {MODALITY, FORALL, EXISTS, '\if', '\ifEx', 'true', 'false', '(', '{', '@', NOT, SEQARROW, '-', STRING_LITERAL, CHAR_LITERAL, BIN_LITERAL, HEX_LITERAL, IDENT, INT_LITERAL, FLOAT_LITERAL, DOUBLE_LITERAL, REAL_LITERAL} [@819,3896:3906='\ifExintVar',<188>,148:14] (termorseq, taclet, rulesOrAxioms, decls, file) 
126151     WARN  Test worker     d.u.i.k.n.KeYParser       [syntax-error] file:/home/runner/work/key/key/key.core/build/resources/main/de/uka/ilkd/key/proof/rules/ifThenElseRules.key:148:27: extraneous input '(' expecting {'\lemma', '}', IDENT, '/*!'} [@822,3909:3909='(',<146>,148:27] (rulesOrAxioms, decls, file) 
126151     WARN  Test worker     d.u.i.k.n.KeYParser       [syntax-error] file:/home/runner/work/key/key/key.core/build/resources/main/de/uka/ilkd/key/proof/rules/ifThenElseRules.key:148:35: mismatched input '=' expecting {'(', '{'} [@825,3917:3917='=',<159>,148:35] (taclet, rulesOrAxioms, decls, file) 
126152     WARN  Test worker     d.u.i.k.n.KeYParser       [syntax-error] file:/home/runner/work/key/key/key.core/build/resources/main/de/uka/ilkd/key/proof/rules/ifThenElseRules.key:150:38: mismatched input '}' expecting {'(', '{'} [@859,4023:4023='}',<149>,150:38] (taclet, rulesOrAxioms, decls, file) 
126152     WARN  Test worker     d.u.i.k.n.KeYParser       [syntax-error] file:/home/runner/work/key/key/key.core/build/resources/main/de/uka/ilkd/key/proof/rules/ifThenElseRules.key:155:14: mismatched input '\ifExintVar' expecting {MODALITY, FORALL, EXISTS, '\if', '\ifEx', 'true', 'false', '(', '{', '@', NOT, SEQARROW, '-', STRING_LITERAL, CHAR_LITERAL, BIN_LITERAL, HEX_LITERAL, IDENT, INT_LITERAL, FLOAT_LITERAL, DOUBLE_LITERAL, REAL_LITERAL} [@877,4109:4119='\ifExintVar',<188>,155:14] (termorseq, taclet, rulesOrAxioms, decls, file) 
126152     WARN  Test worker     d.u.i.k.n.KeYParser       [syntax-error] file:/home/runner/work/key/key/key.core/build/resources/main/de/uka/ilkd/key/proof/rules/ifThenElseRules.key:155:27: extraneous input '(' expecting {'\lemma', '}', IDENT, '/*!'} [@880,4122:4122='(',<146>,155:27] (rulesOrAxioms, decls, file) 
126153     WARN  Test worker     d.u.i.k.n.KeYParser       [syntax-error] file:/home/runner/work/key/key/key.core/build/resources/main/de/uka/ilkd/key/proof/rules/ifThenElseRules.key:155:35: mismatched input '=' expecting {'(', '{'} [@883,4130:4130='=',<159>,155:35] (taclet, rulesOrAxioms, decls, file) 
126153     WARN  Test worker     d.u.i.k.n.KeYParser       [syntax-error] file:/home/runner/work/key/key/key.core/build/resources/main/de/uka/ilkd/key/proof/rules/ifThenElseRules.key:157:38: mismatched input '}' expecting {'(', '{'} [@917,4230:4230='}',<149>,157:38] (taclet, rulesOrAxioms, decls, file) 
126153     WARN  Test worker     d.u.i.k.n.KeYParser       [syntax-error] file:/home/runner/work/key/key/key.core/build/resources/main/de/uka/ilkd/key/proof/rules/ifThenElseRules.key:163:14: mismatched input '\ifExintVar' expecting {MODALITY, FORALL, EXISTS, '\if', '\ifEx', 'true', 'false', '(', '{', '@', NOT, SEQARROW, '-', STRING_LITERAL, CHAR_LITERAL, BIN_LITERAL, HEX_LITERAL, IDENT, INT_LITERAL, FLOAT_LITERAL, DOUBLE_LITERAL, REAL_LITERAL} [@939,4350:4360='\ifExintVar',<188>,163:14] (termorseq, taclet, rulesOrAxioms, decls, file) 
126154     WARN  Test worker     d.u.i.k.n.KeYParser       [syntax-error] file:/home/runner/work/key/key/key.core/build/resources/main/de/uka/ilkd/key/proof/rules/ifThenElseRules.key:163:27: extraneous input '(' expecting {'\lemma', '}', IDENT, '/*!'} [@942,4363:4363='(',<146>,163:27] (rulesOrAxioms, decls, file) 
126154     WARN  Test worker     d.u.i.k.n.KeYParser       [syntax-error] file:/home/runner/work/key/key/key.core/build/resources/main/de/uka/ilkd/key/proof/rules/ifThenElseRules.key:163:30: mismatched input '=' expecting {'(', '{'} [@945,4366:4366='=',<159>,163:30] (taclet, rulesOrAxioms, decls, file) 
126156     WARN  Test worker     d.u.i.k.n.KeYParser       [syntax-error] file:/home/runner/work/key/key/key.core/build/resources/main/de/uka/ilkd/key/proof/rules/ifThenElseRules.key:165:38: mismatched input '}' expecting {'(', '{'} [@979,4477:4477='}',<149>,165:38] (taclet, rulesOrAxioms, decls, file) 
126157     WARN  Test worker     d.u.i.k.n.KeYParser       [syntax-error] file:/home/runner/work/key/key/key.core/build/resources/main/de/uka/ilkd/key/proof/rules/ifThenElseRules.key:171:14: mismatched input '\ifExintVar' expecting {MODALITY, FORALL, EXISTS, '\if', '\ifEx', 'true', 'false', '(', '{', '@', NOT, SEQARROW, '-', STRING_LITERAL, CHAR_LITERAL, BIN_LITERAL, HEX_LITERAL, IDENT, INT_LITERAL, FLOAT_LITERAL, DOUBLE_LITERAL, REAL_LITERAL} [@1001,4604:4614='\ifExintVar',<188>,171:14] (termorseq, taclet, rulesOrAxioms, decls, file) 
126157     WARN  Test worker     d.u.i.k.n.KeYParser       [syntax-error] file:/home/runner/work/key/key/key.core/build/resources/main/de/uka/ilkd/key/proof/rules/ifThenElseRules.key:171:27: extraneous input '(' expecting {'\lemma', '}', IDENT, '/*!'} [@1004,4617:4617='(',<146>,171:27] (rulesOrAxioms, decls, file) 
126158     WARN  Test worker     d.u.i.k.n.KeYParser       [syntax-error] file:/home/runner/work/key/key/key.core/build/resources/main/de/uka/ilkd/key/proof/rules/ifThenElseRules.key:171:30: mismatched input '=' expecting {'(', '{'} [@1007,4620:4620='=',<159>,171:30] (taclet, rulesOrAxioms, decls, file) 
126158     WARN  Test worker     d.u.i.k.n.KeYParser       [syntax-error] file:/home/runner/work/key/key/key.core/build/resources/main/de/uka/ilkd/key/proof/rules/ifThenElseRules.key:173:38: mismatched input '}' expecting {'(', '{'} [@1041,4725:4725='}',<149>,173:38] (taclet, rulesOrAxioms, decls, file) 
126158     WARN  Test worker     d.u.i.k.n.KeYParser       [syntax-error] file:/home/runner/work/key/key/key.core/build/resources/main/de/uka/ilkd/key/proof/rules/ifThenElseRules.key:179:14: mismatched input '\ifExintVar' expecting {MODALITY, FORALL, EXISTS, '\if', '\ifEx', 'true', 'false', '(', '{', '@', NOT, SEQARROW, '-', STRING_LITERAL, CHAR_LITERAL, BIN_LITERAL, HEX_LITERAL, IDENT, INT_LITERAL, FLOAT_LITERAL, DOUBLE_LITERAL, REAL_LITERAL} [@1063,4848:4858='\ifExintVar',<188>,179:14] (termorseq, taclet, rulesOrAxioms, decls, file) 
126159     WARN  Test worker     d.u.i.k.n.KeYParser       [syntax-error] file:/home/runner/work/key/key/key.core/build/resources/main/de/uka/ilkd/key/proof/rules/ifThenElseRules.key:179:27: extraneous input '(' expecting {'\lemma', '}', IDENT, '/*!'} [@1066,4861:4861='(',<146>,179:27] (rulesOrAxioms, decls, file) 
126159     WARN  Test worker     d.u.i.k.n.KeYParser       [syntax-error] file:/home/runner/work/key/key/key.core/build/resources/main/de/uka/ilkd/key/proof/rules/ifThenElseRules.key:179:32: mismatched input '&' expecting {'(', '{'} [@1069,4866:4866='&',<156>,179:32] (taclet, rulesOrAxioms, decls, file) 
126159     WARN  Test worker     d.u.i.k.n.KeYParser       [syntax-error] file:/home/runner/work/key/key/key.core/build/resources/main/de/uka/ilkd/key/proof/rules/ifThenElseRules.key:181:42: mismatched input '}' expecting {'(', '{'} [@1109,4985:4985='}',<149>,181:42] (taclet, rulesOrAxioms, decls, file) 
126160     WARN  Test worker     d.u.i.k.n.KeYParser       [syntax-error] file:/home/runner/work/key/key/key.core/build/resources/main/de/uka/ilkd/key/proof/rules/ifThenElseRules.key:182:39: mismatched input '}' expecting {'(', '{'} [@1122,5030:5030='}',<149>,182:39] (taclet, rulesOrAxioms, decls, file) 
126160     WARN  Test worker     d.u.i.k.n.KeYParser       [syntax-error] file:/home/runner/work/key/key/key.core/build/resources/main/de/uka/ilkd/key/proof/rules/ifThenElseRules.key:188:14: mismatched input '\ifExintVar' expecting {MODALITY, FORALL, EXISTS, '\if', '\ifEx', 'true', 'false', '(', '{', '@', NOT, SEQARROW, '-', STRING_LITERAL, CHAR_LITERAL, BIN_LITERAL, HEX_LITERAL, IDENT, INT_LITERAL, FLOAT_LITERAL, DOUBLE_LITERAL, REAL_LITERAL} [@1146,5149:5159='\ifExintVar',<188>,188:14] (termorseq, taclet, rulesOrAxioms, decls, file) 
126160     WARN  Test worker     d.u.i.k.n.KeYParser       [syntax-error] file:/home/runner/work/key/key/key.core/build/resources/main/de/uka/ilkd/key/proof/rules/ifThenElseRules.key:188:27: extraneous input '(' expecting {'\lemma', '}', IDENT, '/*!'} [@1149,5162:5162='(',<146>,188:27] (rulesOrAxioms, decls, file) 
126161     WARN  Test worker     d.u.i.k.n.KeYParser       [syntax-error] file:/home/runner/work/key/key/key.core/build/resources/main/de/uka/ilkd/key/proof/rules/ifThenElseRules.key:188:32: mismatched input '&' expecting {'(', '{'} [@1152,5167:5167='&',<156>,188:32] (taclet, rulesOrAxioms, decls, file) 
126162     WARN  Test worker     d.u.i.k.n.KeYParser       [syntax-error] file:/home/runner/work/key/key/key.core/build/resources/main/de/uka/ilkd/key/proof/rules/ifThenElseRules.key:190:42: mismatched input '}' expecting {'(', '{'} [@1192,5280:5280='}',<149>,190:42] (taclet, rulesOrAxioms, decls, file) 
126162     WARN  Test worker     d.u.i.k.n.KeYParser       [syntax-error] file:/home/runner/work/key/key/key.core/build/resources/main/de/uka/ilkd/key/proof/rules/ifThenElseRules.key:191:39: mismatched input '}' expecting {'(', '{'} [@1205,5325:5325='}',<149>,191:39] (taclet, rulesOrAxioms, decls, file) 
126172     WARN  Test worker     d.u.i.k.n.KeYParser       [syntax-error] file:/home/runner/work/key/key/key.core/build/resources/main/de/uka/ilkd/key/proof/rules/ifThenElseRules.key:198:14: mismatched input '\ifExintVar' expecting {MODALITY, FORALL, EXISTS, '\if', '\ifEx', 'true', 'false', '(', '{', '@', NOT, SEQARROW, '-', STRING_LITERAL, CHAR_LITERAL, BIN_LITERAL, HEX_LITERAL, IDENT, INT_LITERAL, FLOAT_LITERAL, DOUBLE_LITERAL, REAL_LITERAL} [@1233,5475:5485='\ifExintVar',<188>,198:14] (termorseq, taclet, rulesOrAxioms, decls, file) 
126173     WARN  Test worker     d.u.i.k.n.KeYParser       [syntax-error] file:/home/runner/work/key/key/key.core/build/resources/main/de/uka/ilkd/key/proof/rules/ifThenElseRules.key:198:27: extraneous input '(' expecting {'\lemma', '}', IDENT, '/*!'} [@1236,5488:5488='(',<146>,198:27] (rulesOrAxioms, decls, file) 
126173     WARN  Test worker     d.u.i.k.n.KeYParser       [syntax-error] file:/home/runner/work/key/key/key.core/build/resources/main/de/uka/ilkd/key/proof/rules/ifThenElseRules.key:198:32: mismatched input '&' expecting {'(', '{'} [@1239,5493:5493='&',<156>,198:32] (taclet, rulesOrAxioms, decls, file) 
126180     WARN  Test worker     d.u.i.k.n.KeYParser       [syntax-error] file:/home/runner/work/key/key/key.core/build/resources/main/de/uka/ilkd/key/proof/rules/ifThenElseRules.key:200:42: mismatched input '}' expecting {'(', '{'} [@1279,5612:5612='}',<149>,200:42] (taclet, rulesOrAxioms, decls, file) 
126181     WARN  Test worker     d.u.i.k.n.KeYParser       [syntax-error] file:/home/runner/work/key/key/key.core/build/resources/main/de/uka/ilkd/key/proof/rules/ifThenElseRules.key:201:39: mismatched input '}' expecting {'(', '{'} [@1292,5657:5657='}',<149>,201:39] (taclet, rulesOrAxioms, decls, file) 
126181     WARN  Test worker     d.u.i.k.n.KeYParser       [syntax-error] file:/home/runner/work/key/key/key.core/build/resources/main/de/uka/ilkd/key/proof/rules/ifThenElseRules.key:208:14: mismatched input '\ifExintVar' expecting {MODALITY, FORALL, EXISTS, '\if', '\ifEx', 'true', 'false', '(', '{', '@', NOT, SEQARROW, '-', STRING_LITERAL, CHAR_LITERAL, BIN_LITERAL, HEX_LITERAL, IDENT, INT_LITERAL, FLOAT_LITERAL, DOUBLE_LITERAL, REAL_LITERAL} [@1320,5817:5827='\ifExintVar',<188>,208:14] (termorseq, taclet, rulesOrAxioms, decls, file) 
126182     WARN  Test worker     d.u.i.k.n.KeYParser       [syntax-error] file:/home/runner/work/key/key/key.core/build/resources/main/de/uka/ilkd/key/proof/rules/ifThenElseRules.key:208:27: extraneous input '(' expecting {'\lemma', '}', IDENT, '/*!'} [@1323,5830:5830='(',<146>,208:27] (rulesOrAxioms, decls, file) 
126182     WARN  Test worker     d.u.i.k.n.KeYParser       [syntax-error] file:/home/runner/work/key/key/key.core/build/resources/main/de/uka/ilkd/key/proof/rules/ifThenElseRules.key:208:32: mismatched input '&' expecting {'(', '{'} [@1326,5835:5835='&',<156>,208:32] (taclet, rulesOrAxioms, decls, file) 
126182     WARN  Test worker     d.u.i.k.n.KeYParser       [syntax-error] file:/home/runner/work/key/key/key.core/build/resources/main/de/uka/ilkd/key/proof/rules/ifThenElseRules.key:210:42: mismatched input '}' expecting {'(', '{'} [@1366,5948:5948='}',<149>,210:42] (taclet, rulesOrAxioms, decls, file) 
126183     WARN  Test worker     d.u.i.k.n.KeYParser       [syntax-error] file:/home/runner/work/key/key/key.core/build/resources/main/de/uka/ilkd/key/proof/rules/ifThenElseRules.key:211:39: mismatched input '}' expecting {'(', '{'} [@1379,5993:5993='}',<149>,211:39] (taclet, rulesOrAxioms, decls, file) 
126183     WARN  Test worker     d.u.i.k.n.KeYParser       [syntax-error] file:/home/runner/work/key/key/key.core/build/resources/main/de/uka/ilkd/key/proof/rules/ifThenElseRules.key:218:14: mismatched input '\ifExintVar' expecting {MODALITY, FORALL, EXISTS, '\if', '\ifEx', 'true', 'false', '(', '{', '@', NOT, SEQARROW, '-', STRING_LITERAL, CHAR_LITERAL, BIN_LITERAL, HEX_LITERAL, IDENT, INT_LITERAL, FLOAT_LITERAL, DOUBLE_LITERAL, REAL_LITERAL} [@1407,6146:6156='\ifExintVar',<188>,218:14] (termorseq, taclet, rulesOrAxioms, decls, file) 
126183     WARN  Test worker     d.u.i.k.n.KeYParser       [syntax-error] file:/home/runner/work/key/key/key.core/build/resources/main/de/uka/ilkd/key/proof/rules/ifThenElseRules.key:218:27: extraneous input '(' expecting {'\lemma', '}', IDENT, '/*!'} [@1410,6159:6159='(',<146>,218:27] (rulesOrAxioms, decls, file) 
126184     WARN  Test worker     d.u.i.k.n.KeYParser       [syntax-error] file:/home/runner/work/key/key/key.core/build/resources/main/de/uka/ilkd/key/proof/rules/ifThenElseRules.key:218:31: mismatched input ')' expecting {'(', '{'} [@1412,6163:6163=')',<147>,218:31] (taclet, rulesOrAxioms, decls, file) 
126184     WARN  Test worker     d.u.i.k.n.KeYParser       [syntax-error] file:/home/runner/work/key/key/key.core/build/resources/main/de/uka/ilkd/key/proof/rules/ifThenElseRules.key:220:44: mismatched input ')' expecting {'(', '{'} [@1444,6275:6275=')',<147>,220:44] (taclet, rulesOrAxioms, decls, file) 
126185     WARN  Test worker     d.u.i.k.n.KeYParser       [syntax-error] file:/home/runner/work/key/key/key.core/build/resources/main/de/uka/ilkd/key/proof/rules/ifThenElseRules.key:225:14: mismatched input '\ifExintVar' expecting {MODALITY, FORALL, EXISTS, '\if', '\ifEx', 'true', 'false', '(', '{', '@', NOT, SEQARROW, '-', STRING_LITERAL, CHAR_LITERAL, BIN_LITERAL, HEX_LITERAL, IDENT, INT_LITERAL, FLOAT_LITERAL, DOUBLE_LITERAL, REAL_LITERAL} [@1471,6389:6399='\ifExintVar',<188>,225:14] (termorseq, taclet, rulesOrAxioms, decls, file) 
126187     WARN  Test worker     d.u.i.k.n.KeYParser       [syntax-error] file:/home/runner/work/key/key/key.core/build/resources/main/de/uka/ilkd/key/proof/rules/ifThenElseRules.key:225:27: extraneous input '(' expecting {'\lemma', '}', IDENT, '/*!'} [@1474,6402:6402='(',<146>,225:27] (rulesOrAxioms, decls, file) 
126187     WARN  Test worker     d.u.i.k.n.KeYParser       [syntax-error] file:/home/runner/work/key/key/key.core/build/resources/main/de/uka/ilkd/key/proof/rules/ifThenElseRules.key:225:31: mismatched input ')' expecting {'(', '{'} [@1476,6406:6406=')',<147>,225:31] (taclet, rulesOrAxioms, decls, file) 
126188     WARN  Test worker     d.u.i.k.n.KeYParser       [syntax-error] file:/home/runner/work/key/key/key.core/build/resources/main/de/uka/ilkd/key/proof/rules/ifThenElseRules.key:227:44: mismatched input ')' expecting {'(', '{'} [@1508,6509:6509=')',<147>,227:44] (taclet, rulesOrAxioms, decls, file) 
126188     WARN  Test worker     d.u.i.k.n.KeYParser       [syntax-error] file:/home/runner/work/key/key/key.core/build/resources/main/de/uka/ilkd/key/proof/rules/ifThenElseRules.key:233:14: mismatched input '\ifExintVar' expecting {MODALITY, FORALL, EXISTS, '\if', '\ifEx', 'true', 'false', '(', '{', '@', NOT, SEQARROW, '-', STRING_LITERAL, CHAR_LITERAL, BIN_LITERAL, HEX_LITERAL, IDENT, INT_LITERAL, FLOAT_LITERAL, DOUBLE_LITERAL, REAL_LITERAL} [@1539,6656:6666='\ifExintVar',<188>,233:14] (termorseq, taclet, rulesOrAxioms, decls, file) 
126188     WARN  Test worker     d.u.i.k.n.KeYParser       [syntax-error] file:/home/runner/work/key/key/key.core/build/resources/main/de/uka/ilkd/key/proof/rules/ifThenElseRules.key:233:27: extraneous input '(' expecting {'\lemma', '}', IDENT, '/*!'} [@1542,6669:6669='(',<146>,233:27] (rulesOrAxioms, decls, file) 
126189     WARN  Test worker     d.u.i.k.n.KeYParser       [syntax-error] file:/home/runner/work/key/key/key.core/build/resources/main/de/uka/ilkd/key/proof/rules/ifThenElseRules.key:233:31: mismatched input ')' expecting {'(', '{'} [@1544,6673:6673=')',<147>,233:31] (taclet, rulesOrAxioms, decls, file) 
126189     WARN  Test worker     d.u.i.k.n.KeYParser       [syntax-error] file:/home/runner/work/key/key/key.core/build/resources/main/de/uka/ilkd/key/proof/rules/ifThenElseRules.key:237:42: mismatched input '}' expecting {'(', '{'} [@1586,6850:6850='}',<149>,237:42] (taclet, rulesOrAxioms, decls, file) 
126189     WARN  Test worker     d.u.i.k.n.KeYParser       [syntax-error] file:/home/runner/work/key/key/key.core/build/resources/main/de/uka/ilkd/key/proof/rules/ifThenElseRules.key:238:34: mismatched input '}' expecting {'(', '{'} [@1599,6891:6891='}',<149>,238:34] (taclet, rulesOrAxioms, decls, file) 
126190     WARN  Test worker     d.u.i.k.n.KeYParser       [syntax-error] file:/home/runner/work/key/key/key.core/build/resources/main/de/uka/ilkd/key/proof/rules/ifThenElseRules.key:239:28: extraneous input '(' expecting {'\lemma', '}', IDENT, '/*!'} [@1608,6925:6925='(',<146>,239:28] (rulesOrAxioms, decls, file) 
126190     WARN  Test worker     d.u.i.k.n.KeYParser       [syntax-error] file:/home/runner/work/key/key/key.core/build/resources/main/de/uka/ilkd/key/proof/rules/ifThenElseRules.key:239:33: mismatched input '->' expecting {'(', '{'} [@1611,6930:6931='->',<158>,239:33] (taclet, rulesOrAxioms, decls, file) 
126190     WARN  Test worker     d.u.i.k.n.KeYParser       [syntax-error] file:/home/runner/work/key/key/key.core/build/resources/main/de/uka/ilkd/key/proof/rules/ifThenElseRules.key:240:8: extraneous input '\replacewith' expecting {'\lemma', '}', IDENT, '/*!'} [@1626,6979:6990='\replacewith',<105>,240:8] (rulesOrAxioms, decls, file) 
126190     WARN  Test worker     d.u.i.k.n.KeYParser       [syntax-error] file:/home/runner/work/key/key/key.core/build/resources/main/de/uka/ilkd/key/proof/rules/ifThenElseRules.key:240:25: mismatched input ')' expecting {'(', '{'} [@1629,6996:6996=')',<147>,240:25] (taclet, rulesOrAxioms, decls, file) 
126191     WARN  Test worker     d.u.i.k.n.KeYParser       [syntax-error] file:/home/runner/work/key/key/key.core/build/resources/main/de/uka/ilkd/key/proof/rules/ifThenElseRules.key:240:56: mismatched input ')' expecting {'(', '{'} [@1642,7027:7027=')',<147>,240:56] (taclet, rulesOrAxioms, decls, file) 
126191     WARN  Test worker     d.u.i.k.n.KeYParser       [syntax-error] file:/home/runner/work/key/key/key.core/build/resources/main/de/uka/ilkd/key/proof/rules/ifThenElseRules.key:245:14: mismatched input '\ifExintVar' expecting {MODALITY, FORALL, EXISTS, '\if', '\ifEx', 'true', 'false', '(', '{', '@', NOT, SEQARROW, '-', STRING_LITERAL, CHAR_LITERAL, BIN_LITERAL, HEX_LITERAL, IDENT, INT_LITERAL, FLOAT_LITERAL, DOUBLE_LITERAL, REAL_LITERAL} [@1658,7109:7119='\ifExintVar',<188>,245:14] (termorseq, taclet, rulesOrAxioms, decls, file) 
126191     WARN  Test worker     d.u.i.k.n.KeYParser       [syntax-error] file:/home/runner/work/key/key/key.core/build/resources/main/de/uka/ilkd/key/proof/rules/ifThenElseRules.key:245:27: extraneous input '(' expecting {'\lemma', '}', IDENT, '/*!'} [@1661,7122:7122='(',<146>,245:27] (rulesOrAxioms, decls, file) 
126192     WARN  Test worker     d.u.i.k.n.KeYParser       [syntax-error] file:/home/runner/work/key/key/key.core/build/resources/main/de/uka/ilkd/key/proof/rules/ifThenElseRules.key:245:31: mismatched input ')' expecting {'(', '{'} [@1663,7126:7126=')',<147>,245:31] (taclet, rulesOrAxioms, decls, file) 
126193     WARN  Test worker     d.u.i.k.n.KeYParser       [syntax-error] file:/home/runner/work/key/key/key.core/build/resources/main/de/uka/ilkd/key/proof/rules/ifThenElseRules.key:248:45: mismatched input '}' expecting {'(', '{'} [@1696,7268:7268='}',<149>,248:45] (taclet, rulesOrAxioms, decls, file) 
126193     WARN  Test worker     d.u.i.k.n.KeYParser       [syntax-error] file:/home/runner/work/key/key/key.core/build/resources/main/de/uka/ilkd/key/proof/rules/ifThenElseRules.key:249:8: extraneous input '\replacewith' expecting {'\lemma', '}', IDENT, '/*!'} [@1701,7284:7295='\replacewith',<105>,249:8] (rulesOrAxioms, decls, file) 
126193     WARN  Test worker     d.u.i.k.n.KeYParser       [syntax-error] file:/home/runner/work/key/key/key.core/build/resources/main/de/uka/ilkd/key/proof/rules/ifThenElseRules.key:249:38: mismatched input ')' expecting {'(', '{'} [@1708,7314:7314=')',<147>,249:38] (taclet, rulesOrAxioms, decls, file) 
126194     WARN  Test worker     d.u.i.k.n.KeYParser       [syntax-error] file:/home/runner/work/key/key/key.core/build/resources/main/de/uka/ilkd/key/proof/rules/ifThenElseRules.key:250:42: mismatched input '}' expecting {'(', '{'} [@1731,7381:7381='}',<149>,250:42] (taclet, rulesOrAxioms, decls, file) 
126194     WARN  Test worker     d.u.i.k.n.KeYParser       [syntax-error] file:/home/runner/work/key/key/key.core/build/resources/main/de/uka/ilkd/key/proof/rules/ifThenElseRules.key:251:28: extraneous input '(' expecting {'\lemma', '}', IDENT, '/*!'} [@1741,7416:7416='(',<146>,251:28] (rulesOrAxioms, decls, file) 
126195     WARN  Test worker     d.u.i.k.n.KeYParser       [syntax-error] file:/home/runner/work/key/key/key.core/build/resources/main/de/uka/ilkd/key/proof/rules/ifThenElseRules.key:251:33: mismatched input '->' expecting {'(', '{'} [@1744,7421:7422='->',<158>,251:33] (taclet, rulesOrAxioms, decls, file) 
126195     WARN  Test worker     d.u.i.k.n.KeYParser       [syntax-error] file:/home/runner/work/key/key/key.core/build/resources/main/de/uka/ilkd/key/proof/rules/ifThenElseRules.key:255:14: mismatched input '\ifExintVar' expecting {MODALITY, FORALL, EXISTS, '\if', '\ifEx', 'true', 'false', '(', '{', '@', NOT, SEQARROW, '-', STRING_LITERAL, CHAR_LITERAL, BIN_LITERAL, HEX_LITERAL, IDENT, INT_LITERAL, FLOAT_LITERAL, DOUBLE_LITERAL, REAL_LITERAL} [@1765,7506:7516='\ifExintVar',<188>,255:14] (termorseq, taclet, rulesOrAxioms, decls, file) 
126195     WARN  Test worker     d.u.i.k.n.KeYParser       [syntax-error] file:/home/runner/work/key/key/key.core/build/resources/main/de/uka/ilkd/key/proof/rules/ifThenElseRules.key:255:27: extraneous input '(' expecting {'\lemma', '}', IDENT, '/*!'} [@1768,7519:7519='(',<146>,255:27] (rulesOrAxioms, decls, file) 
126196     WARN  Test worker     d.u.i.k.n.KeYParser       [syntax-error] file:/home/runner/work/key/key/key.core/build/resources/main/de/uka/ilkd/key/proof/rules/ifThenElseRules.key:255:31: mismatched input ')' expecting {'(', '{'} [@1770,7523:7523=')',<147>,255:31] (taclet, rulesOrAxioms, decls, file) 
126196     WARN  Test worker     d.u.i.k.n.KeYParser       [syntax-error] file:/home/runner/work/key/key/key.core/build/resources/main/de/uka/ilkd/key/proof/rules/ifThenElseRules.key:258:52: extraneous input '0' expecting {'\lemma', '}', IDENT, '/*!'} [@1809,7667:7667='0',<184>,258:52] (rulesOrAxioms, decls, file) 
126196     WARN  Test worker     d.u.i.k.n.KeYParser       [syntax-error] file:/home/runner/work/key/key/key.core/build/resources/main/de/uka/ilkd/key/proof/rules/ifThenElseRules.key:258:54: mismatched input 'then' expecting {<EOF>, '\problem', '\chooseContract', '\proofObligation', '\proof'} [@1811,7669:7672='then',<183>,258:54] (file) 
126294     WARN  Test worker     d.u.i.k.n.KeYParser       [syntax-error] file:/home/runner/work/key/key/key.core/build/resources/main/de/uka/ilkd/key/proof/rules/ifThenElseRules.key:135:14: mismatched input '\ifExintVar' expecting {MODALITY, FORALL, EXISTS, '\if', '\ifEx', 'true', 'false', '(', '{', '@', NOT, SEQARROW, '-', STRING_LITERAL, CHAR_LITERAL, BIN_LITERAL, HEX_LITERAL, IDENT, INT_LITERAL, FLOAT_LITERAL, DOUBLE_LITERAL, REAL_LITERAL} [@745,3563:3573='\ifExintVar',<188>,135:14] (termorseq, taclet, rulesOrAxioms, decls, file) 
126295     WARN  Test worker     d.u.i.k.n.KeYParser       [syntax-error] file:/home/runner/work/key/key/key.core/build/resources/main/de/uka/ilkd/key/proof/rules/ifThenElseRules.key:135:27: extraneous input '(' expecting {'\lemma', '}', IDENT, '/*!'} [@748,3576:3576='(',<146>,135:27] (rulesOrAxioms, decls, file) 
126295     WARN  Test worker     d.u.i.k.n.KeYParser       [syntax-error] file:/home/runner/work/key/key/key.core/build/resources/main/de/uka/ilkd/key/proof/rules/ifThenElseRules.key:135:44: mismatched input ')' expecting {'(', '{'} [@754,3593:3593=')',<147>,135:44] (taclet, rulesOrAxioms, decls, file) 
126295     WARN  Test worker     d.u.i.k.n.KeYParser       [syntax-error] file:/home/runner/work/key/key/key.core/build/resources/main/de/uka/ilkd/key/proof/rules/ifThenElseRules.key:141:14: mismatched input '\ifExintVar' expecting {MODALITY, FORALL, EXISTS, '\if', '\ifEx', 'true', 'false', '(', '{', '@', NOT, SEQARROW, '-', STRING_LITERAL, CHAR_LITERAL, BIN_LITERAL, HEX_LITERAL, IDENT, INT_LITERAL, FLOAT_LITERAL, DOUBLE_LITERAL, REAL_LITERAL} [@780,3716:3726='\ifExintVar',<188>,141:14] (termorseq, taclet, rulesOrAxioms, decls, file) 
126296     WARN  Test worker     d.u.i.k.n.KeYParser       [syntax-error] file:/home/runner/work/key/key/key.core/build/resources/main/de/uka/ilkd/key/proof/rules/ifThenElseRules.key:141:27: extraneous input '(' expecting {'\lemma', '}', IDENT, '/*!'} [@783,3729:3729='(',<146>,141:27] (rulesOrAxioms, decls, file) 
126296     WARN  Test worker     d.u.i.k.n.KeYParser       [syntax-error] file:/home/runner/work/key/key/key.core/build/resources/main/de/uka/ilkd/key/proof/rules/ifThenElseRules.key:141:41: mismatched input ')' expecting {'(', '{'} [@789,3743:3743=')',<147>,141:41] (taclet, rulesOrAxioms, decls, file) 
126296     WARN  Test worker     d.u.i.k.n.KeYParser       [syntax-error] file:/home/runner/work/key/key/key.core/build/resources/main/de/uka/ilkd/key/proof/rules/ifThenElseRules.key:148:14: mismatched input '\ifExintVar' expecting {MODALITY, FORALL, EXISTS, '\if', '\ifEx', 'true', 'false', '(', '{', '@', NOT, SEQARROW, '-', STRING_LITERAL, CHAR_LITERAL, BIN_LITERAL, HEX_LITERAL, IDENT, INT_LITERAL, FLOAT_LITERAL, DOUBLE_LITERAL, REAL_LITERAL} [@819,3896:3906='\ifExintVar',<188>,148:14] (termorseq, taclet, rulesOrAxioms, decls, file) 
126297     WARN  Test worker     d.u.i.k.n.KeYParser       [syntax-error] file:/home/runner/work/key/key/key.core/build/resources/main/de/uka/ilkd/key/proof/rules/ifThenElseRules.key:148:27: extraneous input '(' expecting {'\lemma', '}', IDENT, '/*!'} [@822,3909:3909='(',<146>,148:27] (rulesOrAxioms, decls, file) 
126297     WARN  Test worker     d.u.i.k.n.KeYParser       [syntax-error] file:/home/runner/work/key/key/key.core/build/resources/main/de/uka/ilkd/key/proof/rules/ifThenElseRules.key:148:35: mismatched input '=' expecting {'(', '{'} [@825,3917:3917='=',<159>,148:35] (taclet, rulesOrAxioms, decls, file) 
126297     WARN  Test worker     d.u.i.k.n.KeYParser       [syntax-error] file:/home/runner/work/key/key/key.core/build/resources/main/de/uka/ilkd/key/proof/rules/ifThenElseRules.key:150:38: mismatched input '}' expecting {'(', '{'} [@859,4023:4023='}',<149>,150:38] (taclet, rulesOrAxioms, decls, file) 
126298     WARN  Test worker     d.u.i.k.n.KeYParser       [syntax-error] file:/home/runner/work/key/key/key.core/build/resources/main/de/uka/ilkd/key/proof/rules/ifThenElseRules.key:155:14: mismatched input '\ifExintVar' expecting {MODALITY, FORALL, EXISTS, '\if', '\ifEx', 'true', 'false', '(', '{', '@', NOT, SEQARROW, '-', STRING_LITERAL, CHAR_LITERAL, BIN_LITERAL, HEX_LITERAL, IDENT, INT_LITERAL, FLOAT_LITERAL, DOUBLE_LITERAL, REAL_LITERAL} [@877,4109:4119='\ifExintVar',<188>,155:14] (termorseq, taclet, rulesOrAxioms, decls, file) 
126298     WARN  Test worker     d.u.i.k.n.KeYParser       [syntax-error] file:/home/runner/work/key/key/key.core/build/resources/main/de/uka/ilkd/key/proof/rules/ifThenElseRules.key:155:27: extraneous input '(' expecting {'\lemma', '}', IDENT, '/*!'} [@880,4122:4122='(',<146>,155:27] (rulesOrAxioms, decls, file) 
126299     WARN  Test worker     d.u.i.k.n.KeYParser       [syntax-error] file:/home/runner/work/key/key/key.core/build/resources/main/de/uka/ilkd/key/proof/rules/ifThenElseRules.key:155:35: mismatched input '=' expecting {'(', '{'} [@883,4130:4130='=',<159>,155:35] (taclet, rulesOrAxioms, decls, file) 
126299     WARN  Test worker     d.u.i.k.n.KeYParser       [syntax-error] file:/home/runner/work/key/key/key.core/build/resources/main/de/uka/ilkd/key/proof/rules/ifThenElseRules.key:157:38: mismatched input '}' expecting {'(', '{'} [@917,4230:4230='}',<149>,157:38] (taclet, rulesOrAxioms, decls, file) 
126300     WARN  Test worker     d.u.i.k.n.KeYParser       [syntax-error] file:/home/runner/work/key/key/key.core/build/resources/main/de/uka/ilkd/key/proof/rules/ifThenElseRules.key:163:14: mismatched input '\ifExintVar' expecting {MODALITY, FORALL, EXISTS, '\if', '\ifEx', 'true', 'false', '(', '{', '@', NOT, SEQARROW, '-', STRING_LITERAL, CHAR_LITERAL, BIN_LITERAL, HEX_LITERAL, IDENT, INT_LITERAL, FLOAT_LITERAL, DOUBLE_LITERAL, REAL_LITERAL} [@939,4350:4360='\ifExintVar',<188>,163:14] (termorseq, taclet, rulesOrAxioms, decls, file) 
126300     WARN  Test worker     d.u.i.k.n.KeYParser       [syntax-error] file:/home/runner/work/key/key/key.core/build/resources/main/de/uka/ilkd/key/proof/rules/ifThenElseRules.key:163:27: extraneous input '(' expecting {'\lemma', '}', IDENT, '/*!'} [@942,4363:4363='(',<146>,163:27] (rulesOrAxioms, decls, file) 
126301     WARN  Test worker     d.u.i.k.n.KeYParser       [syntax-error] file:/home/runner/work/key/key/key.core/build/resources/main/de/uka/ilkd/key/proof/rules/ifThenElseRules.key:163:30: mismatched input '=' expecting {'(', '{'} [@945,4366:4366='=',<159>,163:30] (taclet, rulesOrAxioms, decls, file) 
126301     WARN  Test worker     d.u.i.k.n.KeYParser       [syntax-error] file:/home/runner/work/key/key/key.core/build/resources/main/de/uka/ilkd/key/proof/rules/ifThenElseRules.key:165:38: mismatched input '}' expecting {'(', '{'} [@979,4477:4477='}',<149>,165:38] (taclet, rulesOrAxioms, decls, file) 
126301     WARN  Test worker     d.u.i.k.n.KeYParser       [syntax-error] file:/home/runner/work/key/key/key.core/build/resources/main/de/uka/ilkd/key/proof/rules/ifThenElseRules.key:171:14: mismatched input '\ifExintVar' expecting {MODALITY, FORALL, EXISTS, '\if', '\ifEx', 'true', 'false', '(', '{', '@', NOT, SEQARROW, '-', STRING_LITERAL, CHAR_LITERAL, BIN_LITERAL, HEX_LITERAL, IDENT, INT_LITERAL, FLOAT_LITERAL, DOUBLE_LITERAL, REAL_LITERAL} [@1001,4604:4614='\ifExintVar',<188>,171:14] (termorseq, taclet, rulesOrAxioms, decls, file) 
126302     WARN  Test worker     d.u.i.k.n.KeYParser       [syntax-error] file:/home/runner/work/key/key/key.core/build/resources/main/de/uka/ilkd/key/proof/rules/ifThenElseRules.key:171:27: extraneous input '(' expecting {'\lemma', '}', IDENT, '/*!'} [@1004,4617:4617='(',<146>,171:27] (rulesOrAxioms, decls, file) 
126302     WARN  Test worker     d.u.i.k.n.KeYParser       [syntax-error] file:/home/runner/work/key/key/key.core/build/resources/main/de/uka/ilkd/key/proof/rules/ifThenElseRules.key:171:30: mismatched input '=' expecting {'(', '{'} [@1007,4620:4620='=',<159>,171:30] (taclet, rulesOrAxioms, decls, file) 
126302     WARN  Test worker     d.u.i.k.n.KeYParser       [syntax-error] file:/home/runner/work/key/key/key.core/build/resources/main/de/uka/ilkd/key/proof/rules/ifThenElseRules.key:173:38: mismatched input '}' expecting {'(', '{'} [@1041,4725:4725='}',<149>,173:38] (taclet, rulesOrAxioms, decls, file) 
126303     WARN  Test worker     d.u.i.k.n.KeYParser       [syntax-error] file:/home/runner/work/key/key/key.core/build/resources/main/de/uka/ilkd/key/proof/rules/ifThenElseRules.key:179:14: mismatched input '\ifExintVar' expecting {MODALITY, FORALL, EXISTS, '\if', '\ifEx', 'true', 'false', '(', '{', '@', NOT, SEQARROW, '-', STRING_LITERAL, CHAR_LITERAL, BIN_LITERAL, HEX_LITERAL, IDENT, INT_LITERAL, FLOAT_LITERAL, DOUBLE_LITERAL, REAL_LITERAL} [@1063,4848:4858='\ifExintVar',<188>,179:14] (termorseq, taclet, rulesOrAxioms, decls, file) 
126303     WARN  Test worker     d.u.i.k.n.KeYParser       [syntax-error] file:/home/runner/work/key/key/key.core/build/resources/main/de/uka/ilkd/key/proof/rules/ifThenElseRules.key:179:27: extraneous input '(' expecting {'\lemma', '}', IDENT, '/*!'} [@1066,4861:4861='(',<146>,179:27] (rulesOrAxioms, decls, file) 
126303     WARN  Test worker     d.u.i.k.n.KeYParser       [syntax-error] file:/home/runner/work/key/key/key.core/build/resources/main/de/uka/ilkd/key/proof/rules/ifThenElseRules.key:179:32: mismatched input '&' expecting {'(', '{'} [@1069,4866:4866='&',<156>,179:32] (taclet, rulesOrAxioms, decls, file) 
126304     WARN  Test worker     d.u.i.k.n.KeYParser       [syntax-error] file:/home/runner/work/key/key/key.core/build/resources/main/de/uka/ilkd/key/proof/rules/ifThenElseRules.key:181:42: mismatched input '}' expecting {'(', '{'} [@1109,4985:4985='}',<149>,181:42] (taclet, rulesOrAxioms, decls, file) 
126304     WARN  Test worker     d.u.i.k.n.KeYParser       [syntax-error] file:/home/runner/work/key/key/key.core/build/resources/main/de/uka/ilkd/key/proof/rules/ifThenElseRules.key:182:39: mismatched input '}' expecting {'(', '{'} [@1122,5030:5030='}',<149>,182:39] (taclet, rulesOrAxioms, decls, file) 
126304     WARN  Test worker     d.u.i.k.n.KeYParser       [syntax-error] file:/home/runner/work/key/key/key.core/build/resources/main/de/uka/ilkd/key/proof/rules/ifThenElseRules.key:188:14: mismatched input '\ifExintVar' expecting {MODALITY, FORALL, EXISTS, '\if', '\ifEx', 'true', 'false', '(', '{', '@', NOT, SEQARROW, '-', STRING_LITERAL, CHAR_LITERAL, BIN_LITERAL, HEX_LITERAL, IDENT, INT_LITERAL, FLOAT_LITERAL, DOUBLE_LITERAL, REAL_LITERAL} [@1146,5149:5159='\ifExintVar',<188>,188:14] (termorseq, taclet, rulesOrAxioms, decls, file) 
126305     WARN  Test worker     d.u.i.k.n.KeYParser       [syntax-error] file:/home/runner/work/key/key/key.core/build/resources/main/de/uka/ilkd/key/proof/rules/ifThenElseRules.key:188:27: extraneous input '(' expecting {'\lemma', '}', IDENT, '/*!'} [@1149,5162:5162='(',<146>,188:27] (rulesOrAxioms, decls, file) 
126305     WARN  Test worker     d.u.i.k.n.KeYParser       [syntax-error] file:/home/runner/work/key/key/key.core/build/resources/main/de/uka/ilkd/key/proof/rules/ifThenElseRules.key:188:32: mismatched input '&' expecting {'(', '{'} [@1152,5167:5167='&',<156>,188:32] (taclet, rulesOrAxioms, decls, file) 
126305     WARN  Test worker     d.u.i.k.n.KeYParser       [syntax-error] file:/home/runner/work/key/key/key.core/build/resources/main/de/uka/ilkd/key/proof/rules/ifThenElseRules.key:190:42: mismatched input '}' expecting {'(', '{'} [@1192,5280:5280='}',<149>,190:42] (taclet, rulesOrAxioms, decls, file) 
126305     WARN  Test worker     d.u.i.k.n.KeYParser       [syntax-error] file:/home/runner/work/key/key/key.core/build/resources/main/de/uka/ilkd/key/proof/rules/ifThenElseRules.key:191:39: mismatched input '}' expecting {'(', '{'} [@1205,5325:5325='}',<149>,191:39] (taclet, rulesOrAxioms, decls, file) 
126306     WARN  Test worker     d.u.i.k.n.KeYParser       [syntax-error] file:/home/runner/work/key/key/key.core/build/resources/main/de/uka/ilkd/key/proof/rules/ifThenElseRules.key:198:14: mismatched input '\ifExintVar' expecting {MODALITY, FORALL, EXISTS, '\if', '\ifEx', 'true', 'false', '(', '{', '@', NOT, SEQARROW, '-', STRING_LITERAL, CHAR_LITERAL, BIN_LITERAL, HEX_LITERAL, IDENT, INT_LITERAL, FLOAT_LITERAL, DOUBLE_LITERAL, REAL_LITERAL} [@1233,5475:5485='\ifExintVar',<188>,198:14] (termorseq, taclet, rulesOrAxioms, decls, file) 
126306     WARN  Test worker     d.u.i.k.n.KeYParser       [syntax-error] file:/home/runner/work/key/key/key.core/build/resources/main/de/uka/ilkd/key/proof/rules/ifThenElseRules.key:198:27: extraneous input '(' expecting {'\lemma', '}', IDENT, '/*!'} [@1236,5488:5488='(',<146>,198:27] (rulesOrAxioms, decls, file) 
126306     WARN  Test worker     d.u.i.k.n.KeYParser       [syntax-error] file:/home/runner/work/key/key/key.core/build/resources/main/de/uka/ilkd/key/proof/rules/ifThenElseRules.key:198:32: mismatched input '&' expecting {'(', '{'} [@1239,5493:5493='&',<156>,198:32] (taclet, rulesOrAxioms, decls, file) 
126307     WARN  Test worker     d.u.i.k.n.KeYParser       [syntax-error] file:/home/runner/work/key/key/key.core/build/resources/main/de/uka/ilkd/key/proof/rules/ifThenElseRules.key:200:42: mismatched input '}' expecting {'(', '{'} [@1279,5612:5612='}',<149>,200:42] (taclet, rulesOrAxioms, decls, file) 
126307     WARN  Test worker     d.u.i.k.n.KeYParser       [syntax-error] file:/home/runner/work/key/key/key.core/build/resources/main/de/uka/ilkd/key/proof/rules/ifThenElseRules.key:201:39: mismatched input '}' expecting {'(', '{'} [@1292,5657:5657='}',<149>,201:39] (taclet, rulesOrAxioms, decls, file) 
126307     WARN  Test worker     d.u.i.k.n.KeYParser       [syntax-error] file:/home/runner/work/key/key/key.core/build/resources/main/de/uka/ilkd/key/proof/rules/ifThenElseRules.key:208:14: mismatched input '\ifExintVar' expecting {MODALITY, FORALL, EXISTS, '\if', '\ifEx', 'true', 'false', '(', '{', '@', NOT, SEQARROW, '-', STRING_LITERAL, CHAR_LITERAL, BIN_LITERAL, HEX_LITERAL, IDENT, INT_LITERAL, FLOAT_LITERAL, DOUBLE_LITERAL, REAL_LITERAL} [@1320,5817:5827='\ifExintVar',<188>,208:14] (termorseq, taclet, rulesOrAxioms, decls, file) 
126308     WARN  Test worker     d.u.i.k.n.KeYParser       [syntax-error] file:/home/runner/work/key/key/key.core/build/resources/main/de/uka/ilkd/key/proof/rules/ifThenElseRules.key:208:27: extraneous input '(' expecting {'\lemma', '}', IDENT, '/*!'} [@1323,5830:5830='(',<146>,208:27] (rulesOrAxioms, decls, file) 
126308     WARN  Test worker     d.u.i.k.n.KeYParser       [syntax-error] file:/home/runner/work/key/key/key.core/build/resources/main/de/uka/ilkd/key/proof/rules/ifThenElseRules.key:208:32: mismatched input '&' expecting {'(', '{'} [@1326,5835:5835='&',<156>,208:32] (taclet, rulesOrAxioms, decls, file) 
126308     WARN  Test worker     d.u.i.k.n.KeYParser       [syntax-error] file:/home/runner/work/key/key/key.core/build/resources/main/de/uka/ilkd/key/proof/rules/ifThenElseRules.key:210:42: mismatched input '}' expecting {'(', '{'} [@1366,5948:5948='}',<149>,210:42] (taclet, rulesOrAxioms, decls, file) 
126309     WARN  Test worker     d.u.i.k.n.KeYParser       [syntax-error] file:/home/runner/work/key/key/key.core/build/resources/main/de/uka/ilkd/key/proof/rules/ifThenElseRules.key:211:39: mismatched input '}' expecting {'(', '{'} [@1379,5993:5993='}',<149>,211:39] (taclet, rulesOrAxioms, decls, file) 
126309     WARN  Test worker     d.u.i.k.n.KeYParser       [syntax-error] file:/home/runner/work/key/key/key.core/build/resources/main/de/uka/ilkd/key/proof/rules/ifThenElseRules.key:218:14: mismatched input '\ifExintVar' expecting {MODALITY, FORALL, EXISTS, '\if', '\ifEx', 'true', 'false', '(', '{', '@', NOT, SEQARROW, '-', STRING_LITERAL, CHAR_LITERAL, BIN_LITERAL, HEX_LITERAL, IDENT, INT_LITERAL, FLOAT_LITERAL, DOUBLE_LITERAL, REAL_LITERAL} [@1407,6146:6156='\ifExintVar',<188>,218:14] (termorseq, taclet, rulesOrAxioms, decls, file) 
126309     WARN  Test worker     d.u.i.k.n.KeYParser       [syntax-error] file:/home/runner/work/key/key/key.core/build/resources/main/de/uka/ilkd/key/proof/rules/ifThenElseRules.key:218:27: extraneous input '(' expecting {'\lemma', '}', IDENT, '/*!'} [@1410,6159:6159='(',<146>,218:27] (rulesOrAxioms, decls, file) 
126310     WARN  Test worker     d.u.i.k.n.KeYParser       [syntax-error] file:/home/runner/work/key/key/key.core/build/resources/main/de/uka/ilkd/key/proof/rules/ifThenElseRules.key:218:31: mismatched input ')' expecting {'(', '{'} [@1412,6163:6163=')',<147>,218:31] (taclet, rulesOrAxioms, decls, file) 
126310     WARN  Test worker     d.u.i.k.n.KeYParser       [syntax-error] file:/home/runner/work/key/key/key.core/build/resources/main/de/uka/ilkd/key/proof/rules/ifThenElseRules.key:220:44: mismatched input ')' expecting {'(', '{'} [@1444,6275:6275=')',<147>,220:44] (taclet, rulesOrAxioms, decls, file) 
126311     WARN  Test worker     d.u.i.k.n.KeYParser       [syntax-error] file:/home/runner/work/key/key/key.core/build/resources/main/de/uka/ilkd/key/proof/rules/ifThenElseRules.key:225:14: mismatched input '\ifExintVar' expecting {MODALITY, FORALL, EXISTS, '\if', '\ifEx', 'true', 'false', '(', '{', '@', NOT, SEQARROW, '-', STRING_LITERAL, CHAR_LITERAL, BIN_LITERAL, HEX_LITERAL, IDENT, INT_LITERAL, FLOAT_LITERAL, DOUBLE_LITERAL, REAL_LITERAL} [@1471,6389:6399='\ifExintVar',<188>,225:14] (termorseq, taclet, rulesOrAxioms, decls, file) 
126311     WARN  Test worker     d.u.i.k.n.KeYParser       [syntax-error] file:/home/runner/work/key/key/key.core/build/resources/main/de/uka/ilkd/key/proof/rules/ifThenElseRules.key:225:27: extraneous input '(' expecting {'\lemma', '}', IDENT, '/*!'} [@1474,6402:6402='(',<146>,225:27] (rulesOrAxioms, decls, file) 
126311     WARN  Test worker     d.u.i.k.n.KeYParser       [syntax-error] file:/home/runner/work/key/key/key.core/build/resources/main/de/uka/ilkd/key/proof/rules/ifThenElseRules.key:225:31: mismatched input ')' expecting {'(', '{'} [@1476,6406:6406=')',<147>,225:31] (taclet, rulesOrAxioms, decls, file) 
126312     WARN  Test worker     d.u.i.k.n.KeYParser       [syntax-error] file:/home/runner/work/key/key/key.core/build/resources/main/de/uka/ilkd/key/proof/rules/ifThenElseRules.key:227:44: mismatched input ')' expecting {'(', '{'} [@1508,6509:6509=')',<147>,227:44] (taclet, rulesOrAxioms, decls, file) 
126312     WARN  Test worker     d.u.i.k.n.KeYParser       [syntax-error] file:/home/runner/work/key/key/key.core/build/resources/main/de/uka/ilkd/key/proof/rules/ifThenElseRules.key:233:14: mismatched input '\ifExintVar' expecting {MODALITY, FORALL, EXISTS, '\if', '\ifEx', 'true', 'false', '(', '{', '@', NOT, SEQARROW, '-', STRING_LITERAL, CHAR_LITERAL, BIN_LITERAL, HEX_LITERAL, IDENT, INT_LITERAL, FLOAT_LITERAL, DOUBLE_LITERAL, REAL_LITERAL} [@1539,6656:6666='\ifExintVar',<188>,233:14] (termorseq, taclet, rulesOrAxioms, decls, file) 
126312     WARN  Test worker     d.u.i.k.n.KeYParser       [syntax-error] file:/home/runner/work/key/key/key.core/build/resources/main/de/uka/ilkd/key/proof/rules/ifThenElseRules.key:233:27: extraneous input '(' expecting {'\lemma', '}', IDENT, '/*!'} [@1542,6669:6669='(',<146>,233:27] (rulesOrAxioms, decls, file) 
126313     WARN  Test worker     d.u.i.k.n.KeYParser       [syntax-error] file:/home/runner/work/key/key/key.core/build/resources/main/de/uka/ilkd/key/proof/rules/ifThenElseRules.key:233:31: mismatched input ')' expecting {'(', '{'} [@1544,6673:6673=')',<147>,233:31] (taclet, rulesOrAxioms, decls, file) 
126313     WARN  Test worker     d.u.i.k.n.KeYParser       [syntax-error] file:/home/runner/work/key/key/key.core/build/resources/main/de/uka/ilkd/key/proof/rules/ifThenElseRules.key:237:42: mismatched input '}' expecting {'(', '{'} [@1586,6850:6850='}',<149>,237:42] (taclet, rulesOrAxioms, decls, file) 
126313     WARN  Test worker     d.u.i.k.n.KeYParser       [syntax-error] file:/home/runner/work/key/key/key.core/build/resources/main/de/uka/ilkd/key/proof/rules/ifThenElseRules.key:238:34: mismatched input '}' expecting {'(', '{'} [@1599,6891:6891='}',<149>,238:34] (taclet, rulesOrAxioms, decls, file) 
126313     WARN  Test worker     d.u.i.k.n.KeYParser       [syntax-error] file:/home/runner/work/key/key/key.core/build/resources/main/de/uka/ilkd/key/proof/rules/ifThenElseRules.key:239:28: extraneous input '(' expecting {'\lemma', '}', IDENT, '/*!'} [@1608,6925:6925='(',<146>,239:28] (rulesOrAxioms, decls, file) 
126314     WARN  Test worker     d.u.i.k.n.KeYParser       [syntax-error] file:/home/runner/work/key/key/key.core/build/resources/main/de/uka/ilkd/key/proof/rules/ifThenElseRules.key:239:33: mismatched input '->' expecting {'(', '{'} [@1611,6930:6931='->',<158>,239:33] (taclet, rulesOrAxioms, decls, file) 
126314     WARN  Test worker     d.u.i.k.n.KeYParser       [syntax-error] file:/home/runner/work/key/key/key.core/build/resources/main/de/uka/ilkd/key/proof/rules/ifThenElseRules.key:240:8: extraneous input '\replacewith' expecting {'\lemma', '}', IDENT, '/*!'} [@1626,6979:6990='\replacewith',<105>,240:8] (rulesOrAxioms, decls, file) 
126314     WARN  Test worker     d.u.i.k.n.KeYParser       [syntax-error] file:/home/runner/work/key/key/key.core/build/resources/main/de/uka/ilkd/key/proof/rules/ifThenElseRules.key:240:25: mismatched input ')' expecting {'(', '{'} [@1629,6996:6996=')',<147>,240:25] (taclet, rulesOrAxioms, decls, file) 
126314     WARN  Test worker     d.u.i.k.n.KeYParser       [syntax-error] file:/home/runner/work/key/key/key.core/build/resources/main/de/uka/ilkd/key/proof/rules/ifThenElseRules.key:240:56: mismatched input ')' expecting {'(', '{'} [@1642,7027:7027=')',<147>,240:56] (taclet, rulesOrAxioms, decls, file) 
126315     WARN  Test worker     d.u.i.k.n.KeYParser       [syntax-error] file:/home/runner/work/key/key/key.core/build/resources/main/de/uka/ilkd/key/proof/rules/ifThenElseRules.key:245:14: mismatched input '\ifExintVar' expecting {MODALITY, FORALL, EXISTS, '\if', '\ifEx', 'true', 'false', '(', '{', '@', NOT, SEQARROW, '-', STRING_LITERAL, CHAR_LITERAL, BIN_LITERAL, HEX_LITERAL, IDENT, INT_LITERAL, FLOAT_LITERAL, DOUBLE_LITERAL, REAL_LITERAL} [@1658,7109:7119='\ifExintVar',<188>,245:14] (termorseq, taclet, rulesOrAxioms, decls, file) 
126315     WARN  Test worker     d.u.i.k.n.KeYParser       [syntax-error] file:/home/runner/work/key/key/key.core/build/resources/main/de/uka/ilkd/key/proof/rules/ifThenElseRules.key:245:27: extraneous input '(' expecting {'\lemma', '}', IDENT, '/*!'} [@1661,7122:7122='(',<146>,245:27] (rulesOrAxioms, decls, file) 
126315     WARN  Test worker     d.u.i.k.n.KeYParser       [syntax-error] file:/home/runner/work/key/key/key.core/build/resources/main/de/uka/ilkd/key/proof/rules/ifThenElseRules.key:245:31: mismatched input ')' expecting {'(', '{'} [@1663,7126:7126=')',<147>,245:31] (taclet, rulesOrAxioms, decls, file) 
126316     WARN  Test worker     d.u.i.k.n.KeYParser       [syntax-error] file:/home/runner/work/key/key/key.core/build/resources/main/de/uka/ilkd/key/proof/rules/ifThenElseRules.key:248:45: mismatched input '}' expecting {'(', '{'} [@1696,7268:7268='}',<149>,248:45] (taclet, rulesOrAxioms, decls, file) 
126316     WARN  Test worker     d.u.i.k.n.KeYParser       [syntax-error] file:/home/runner/work/key/key/key.core/build/resources/main/de/uka/ilkd/key/proof/rules/ifThenElseRules.key:249:8: extraneous input '\replacewith' expecting {'\lemma', '}', IDENT, '/*!'} [@1701,7284:7295='\replacewith',<105>,249:8] (rulesOrAxioms, decls, file) 
126316     WARN  Test worker     d.u.i.k.n.KeYParser       [syntax-error] file:/home/runner/work/key/key/key.core/build/resources/main/de/uka/ilkd/key/proof/rules/ifThenElseRules.key:249:38: mismatched input ')' expecting {'(', '{'} [@1708,7314:7314=')',<147>,249:38] (taclet, rulesOrAxioms, decls, file) 
126317     WARN  Test worker     d.u.i.k.n.KeYParser       [syntax-error] file:/home/runner/work/key/key/key.core/build/resources/main/de/uka/ilkd/key/proof/rules/ifThenElseRules.key:250:42: mismatched input '}' expecting {'(', '{'} [@1731,7381:7381='}',<149>,250:42] (taclet, rulesOrAxioms, decls, file) 
126317     WARN  Test worker     d.u.i.k.n.KeYParser       [syntax-error] file:/home/runner/work/key/key/key.core/build/resources/main/de/uka/ilkd/key/proof/rules/ifThenElseRules.key:251:28: extraneous input '(' expecting {'\lemma', '}', IDENT, '/*!'} [@1741,7416:7416='(',<146>,251:28] (rulesOrAxioms, decls, file) 
126317     WARN  Test worker     d.u.i.k.n.KeYParser       [syntax-error] file:/home/runner/work/key/key/key.core/build/resources/main/de/uka/ilkd/key/proof/rules/ifThenElseRules.key:251:33: mismatched input '->' expecting {'(', '{'} [@1744,7421:7422='->',<158>,251:33] (taclet, rulesOrAxioms, decls, file) 
126317     WARN  Test worker     d.u.i.k.n.KeYParser       [syntax-error] file:/home/runner/work/key/key/key.core/build/resources/main/de/uka/ilkd/key/proof/rules/ifThenElseRules.key:255:14: mismatched input '\ifExintVar' expecting {MODALITY, FORALL, EXISTS, '\if', '\ifEx', 'true', 'false', '(', '{', '@', NOT, SEQARROW, '-', STRING_LITERAL, CHAR_LITERAL, BIN_LITERAL, HEX_LITERAL, IDENT, INT_LITERAL, FLOAT_LITERAL, DOUBLE_LITERAL, REAL_LITERAL} [@1765,7506:7516='\ifExintVar',<188>,255:14] (termorseq, taclet, rulesOrAxioms, decls, file) 
126318     WARN  Test worker     d.u.i.k.n.KeYParser       [syntax-error] file:/home/runner/work/key/key/key.core/build/resources/main/de/uka/ilkd/key/proof/rules/ifThenElseRules.key:255:27: extraneous input '(' expecting {'\lemma', '}', IDENT, '/*!'} [@1768,7519:7519='(',<146>,255:27] (rulesOrAxioms, decls, file) 
126318     WARN  Test worker     d.u.i.k.n.KeYParser       [syntax-error] file:/home/runner/work/key/key/key.core/build/resources/main/de/uka/ilkd/key/proof/rules/ifThenElseRules.key:255:31: mismatched input ')' expecting {'(', '{'} [@1770,7523:7523=')',<147>,255:31] (taclet, rulesOrAxioms, decls, file) 
126318     WARN  Test worker     d.u.i.k.n.KeYParser       [syntax-error] file:/home/runner/work/key/key/key.core/build/resources/main/de/uka/ilkd/key/proof/rules/ifThenElseRules.key:258:52: extraneous input '0' expecting {'\lemma', '}', IDENT, '/*!'} [@1809,7667:7667='0',<184>,258:52] (rulesOrAxioms, decls, file) 
126319     WARN  Test worker     d.u.i.k.n.KeYParser       [syntax-error] file:/home/runner/work/key/key/key.core/build/resources/main/de/uka/ilkd/key/proof/rules/ifThenElseRules.key:258:54: mismatched input 'then' expecting {<EOF>, '\problem', '\chooseContract', '\proofObligation', '\proof'} [@1811,7669:7672='then',<183>,258:54] (file) 
126402     WARN  Test worker     d.u.i.k.n.KeYParser       [syntax-error] file:/home/runner/work/key/key/key.core/build/resources/main/de/uka/ilkd/key/proof/rules/ifThenElseRules.key:135:14: mismatched input '\ifExintVar' expecting {MODALITY, FORALL, EXISTS, '\if', '\ifEx', 'true', 'false', '(', '{', '@', NOT, SEQARROW, '-', STRING_LITERAL, CHAR_LITERAL, BIN_LITERAL, HEX_LITERAL, IDENT, INT_LITERAL, FLOAT_LITERAL, DOUBLE_LITERAL, REAL_LITERAL} [@745,3563:3573='\ifExintVar',<188>,135:14] (termorseq, taclet, rulesOrAxioms, decls, file) 
126403     WARN  Test worker     d.u.i.k.n.KeYParser       [syntax-error] file:/home/runner/work/key/key/key.core/build/resources/main/de/uka/ilkd/key/proof/rules/ifThenElseRules.key:135:27: extraneous input '(' expecting {'\lemma', '}', IDENT, '/*!'} [@748,3576:3576='(',<146>,135:27] (rulesOrAxioms, decls, file) 
126403     WARN  Test worker     d.u.i.k.n.KeYParser       [syntax-error] file:/home/runner/work/key/key/key.core/build/resources/main/de/uka/ilkd/key/proof/rules/ifThenElseRules.key:135:44: mismatched input ')' expecting {'(', '{'} [@754,3593:3593=')',<147>,135:44] (taclet, rulesOrAxioms, decls, file) 
126404     WARN  Test worker     d.u.i.k.n.KeYParser       [syntax-error] file:/home/runner/work/key/key/key.core/build/resources/main/de/uka/ilkd/key/proof/rules/ifThenElseRules.key:141:14: mismatched input '\ifExintVar' expecting {MODALITY, FORALL, EXISTS, '\if', '\ifEx', 'true', 'false', '(', '{', '@', NOT, SEQARROW, '-', STRING_LITERAL, CHAR_LITERAL, BIN_LITERAL, HEX_LITERAL, IDENT, INT_LITERAL, FLOAT_LITERAL, DOUBLE_LITERAL, REAL_LITERAL} [@780,3716:3726='\ifExintVar',<188>,141:14] (termorseq, taclet, rulesOrAxioms, decls, file) 
126404     WARN  Test worker     d.u.i.k.n.KeYParser       [syntax-error] file:/home/runner/work/key/key/key.core/build/resources/main/de/uka/ilkd/key/proof/rules/ifThenElseRules.key:141:27: extraneous input '(' expecting {'\lemma', '}', IDENT, '/*!'} [@783,3729:3729='(',<146>,141:27] (rulesOrAxioms, decls, file) 
126404     WARN  Test worker     d.u.i.k.n.KeYParser       [syntax-error] file:/home/runner/work/key/key/key.core/build/resources/main/de/uka/ilkd/key/proof/rules/ifThenElseRules.key:141:41: mismatched input ')' expecting {'(', '{'} [@789,3743:3743=')',<147>,141:41] (taclet, rulesOrAxioms, decls, file) 
126405     WARN  Test worker     d.u.i.k.n.KeYParser       [syntax-error] file:/home/runner/work/key/key/key.core/build/resources/main/de/uka/ilkd/key/proof/rules/ifThenElseRules.key:148:14: mismatched input '\ifExintVar' expecting {MODALITY, FORALL, EXISTS, '\if', '\ifEx', 'true', 'false', '(', '{', '@', NOT, SEQARROW, '-', STRING_LITERAL, CHAR_LITERAL, BIN_LITERAL, HEX_LITERAL, IDENT, INT_LITERAL, FLOAT_LITERAL, DOUBLE_LITERAL, REAL_LITERAL} [@819,3896:3906='\ifExintVar',<188>,148:14] (termorseq, taclet, rulesOrAxioms, decls, file) 
126405     WARN  Test worker     d.u.i.k.n.KeYParser       [syntax-error] file:/home/runner/work/key/key/key.core/build/resources/main/de/uka/ilkd/key/proof/rules/ifThenElseRules.key:148:27: extraneous input '(' expecting {'\lemma', '}', IDENT, '/*!'} [@822,3909:3909='(',<146>,148:27] (rulesOrAxioms, decls, file) 
126405     WARN  Test worker     d.u.i.k.n.KeYParser       [syntax-error] file:/home/runner/work/key/key/key.core/build/resources/main/de/uka/ilkd/key/proof/rules/ifThenElseRules.key:148:35: mismatched input '=' expecting {'(', '{'} [@825,3917:3917='=',<159>,148:35] (taclet, rulesOrAxioms, decls, file) 
126406     WARN  Test worker     d.u.i.k.n.KeYParser       [syntax-error] file:/home/runner/work/key/key/key.core/build/resources/main/de/uka/ilkd/key/proof/rules/ifThenElseRules.key:150:38: mismatched input '}' expecting {'(', '{'} [@859,4023:4023='}',<149>,150:38] (taclet, rulesOrAxioms, decls, file) 
126406     WARN  Test worker     d.u.i.k.n.KeYParser       [syntax-error] file:/home/runner/work/key/key/key.core/build/resources/main/de/uka/ilkd/key/proof/rules/ifThenElseRules.key:155:14: mismatched input '\ifExintVar' expecting {MODALITY, FORALL, EXISTS, '\if', '\ifEx', 'true', 'false', '(', '{', '@', NOT, SEQARROW, '-', STRING_LITERAL, CHAR_LITERAL, BIN_LITERAL, HEX_LITERAL, IDENT, INT_LITERAL, FLOAT_LITERAL, DOUBLE_LITERAL, REAL_LITERAL} [@877,4109:4119='\ifExintVar',<188>,155:14] (termorseq, taclet, rulesOrAxioms, decls, file) 
126406     WARN  Test worker     d.u.i.k.n.KeYParser       [syntax-error] file:/home/runner/work/key/key/key.core/build/resources/main/de/uka/ilkd/key/proof/rules/ifThenElseRules.key:155:27: extraneous input '(' expecting {'\lemma', '}', IDENT, '/*!'} [@880,4122:4122='(',<146>,155:27] (rulesOrAxioms, decls, file) 
126406     WARN  Test worker     d.u.i.k.n.KeYParser       [syntax-error] file:/home/runner/work/key/key/key.core/build/resources/main/de/uka/ilkd/key/proof/rules/ifThenElseRules.key:155:35: mismatched input '=' expecting {'(', '{'} [@883,4130:4130='=',<159>,155:35] (taclet, rulesOrAxioms, decls, file) 
126407     WARN  Test worker     d.u.i.k.n.KeYParser       [syntax-error] file:/home/runner/work/key/key/key.core/build/resources/main/de/uka/ilkd/key/proof/rules/ifThenElseRules.key:157:38: mismatched input '}' expecting {'(', '{'} [@917,4230:4230='}',<149>,157:38] (taclet, rulesOrAxioms, decls, file) 
126407     WARN  Test worker     d.u.i.k.n.KeYParser       [syntax-error] file:/home/runner/work/key/key/key.core/build/resources/main/de/uka/ilkd/key/proof/rules/ifThenElseRules.key:163:14: mismatched input '\ifExintVar' expecting {MODALITY, FORALL, EXISTS, '\if', '\ifEx', 'true', 'false', '(', '{', '@', NOT, SEQARROW, '-', STRING_LITERAL, CHAR_LITERAL, BIN_LITERAL, HEX_LITERAL, IDENT, INT_LITERAL, FLOAT_LITERAL, DOUBLE_LITERAL, REAL_LITERAL} [@939,4350:4360='\ifExintVar',<188>,163:14] (termorseq, taclet, rulesOrAxioms, decls, file) 
126407     WARN  Test worker     d.u.i.k.n.KeYParser       [syntax-error] file:/home/runner/work/key/key/key.core/build/resources/main/de/uka/ilkd/key/proof/rules/ifThenElseRules.key:163:27: extraneous input '(' expecting {'\lemma', '}', IDENT, '/*!'} [@942,4363:4363='(',<146>,163:27] (rulesOrAxioms, decls, file) 
126408     WARN  Test worker     d.u.i.k.n.KeYParser       [syntax-error] file:/home/runner/work/key/key/key.core/build/resources/main/de/uka/ilkd/key/proof/rules/ifThenElseRules.key:163:30: mismatched input '=' expecting {'(', '{'} [@945,4366:4366='=',<159>,163:30] (taclet, rulesOrAxioms, decls, file) 
126408     WARN  Test worker     d.u.i.k.n.KeYParser       [syntax-error] file:/home/runner/work/key/key/key.core/build/resources/main/de/uka/ilkd/key/proof/rules/ifThenElseRules.key:165:38: mismatched input '}' expecting {'(', '{'} [@979,4477:4477='}',<149>,165:38] (taclet, rulesOrAxioms, decls, file) 
126408     WARN  Test worker     d.u.i.k.n.KeYParser       [syntax-error] file:/home/runner/work/key/key/key.core/build/resources/main/de/uka/ilkd/key/proof/rules/ifThenElseRules.key:171:14: mismatched input '\ifExintVar' expecting {MODALITY, FORALL, EXISTS, '\if', '\ifEx', 'true', 'false', '(', '{', '@', NOT, SEQARROW, '-', STRING_LITERAL, CHAR_LITERAL, BIN_LITERAL, HEX_LITERAL, IDENT, INT_LITERAL, FLOAT_LITERAL, DOUBLE_LITERAL, REAL_LITERAL} [@1001,4604:4614='\ifExintVar',<188>,171:14] (termorseq, taclet, rulesOrAxioms, decls, file) 
126409     WARN  Test worker     d.u.i.k.n.KeYParser       [syntax-error] file:/home/runner/work/key/key/key.core/build/resources/main/de/uka/ilkd/key/proof/rules/ifThenElseRules.key:171:27: extraneous input '(' expecting {'\lemma', '}', IDENT, '/*!'} [@1004,4617:4617='(',<146>,171:27] (rulesOrAxioms, decls, file) 
126409     WARN  Test worker     d.u.i.k.n.KeYParser       [syntax-error] file:/home/runner/work/key/key/key.core/build/resources/main/de/uka/ilkd/key/proof/rules/ifThenElseRules.key:171:30: mismatched input '=' expecting {'(', '{'} [@1007,4620:4620='=',<159>,171:30] (taclet, rulesOrAxioms, decls, file) 
126409     WARN  Test worker     d.u.i.k.n.KeYParser       [syntax-error] file:/home/runner/work/key/key/key.core/build/resources/main/de/uka/ilkd/key/proof/rules/ifThenElseRules.key:173:38: mismatched input '}' expecting {'(', '{'} [@1041,4725:4725='}',<149>,173:38] (taclet, rulesOrAxioms, decls, file) 
126410     WARN  Test worker     d.u.i.k.n.KeYParser       [syntax-error] file:/home/runner/work/key/key/key.core/build/resources/main/de/uka/ilkd/key/proof/rules/ifThenElseRules.key:179:14: mismatched input '\ifExintVar' expecting {MODALITY, FORALL, EXISTS, '\if', '\ifEx', 'true', 'false', '(', '{', '@', NOT, SEQARROW, '-', STRING_LITERAL, CHAR_LITERAL, BIN_LITERAL, HEX_LITERAL, IDENT, INT_LITERAL, FLOAT_LITERAL, DOUBLE_LITERAL, REAL_LITERAL} [@1063,4848:4858='\ifExintVar',<188>,179:14] (termorseq, taclet, rulesOrAxioms, decls, file) 
126410     WARN  Test worker     d.u.i.k.n.KeYParser       [syntax-error] file:/home/runner/work/key/key/key.core/build/resources/main/de/uka/ilkd/key/proof/rules/ifThenElseRules.key:179:27: extraneous input '(' expecting {'\lemma', '}', IDENT, '/*!'} [@1066,4861:4861='(',<146>,179:27] (rulesOrAxioms, decls, file) 
126410     WARN  Test worker     d.u.i.k.n.KeYParser       [syntax-error] file:/home/runner/work/key/key/key.core/build/resources/main/de/uka/ilkd/key/proof/rules/ifThenElseRules.key:179:32: mismatched input '&' expecting {'(', '{'} [@1069,4866:4866='&',<156>,179:32] (taclet, rulesOrAxioms, decls, file) 
126411     WARN  Test worker     d.u.i.k.n.KeYParser       [syntax-error] file:/home/runner/work/key/key/key.core/build/resources/main/de/uka/ilkd/key/proof/rules/ifThenElseRules.key:181:42: mismatched input '}' expecting {'(', '{'} [@1109,4985:4985='}',<149>,181:42] (taclet, rulesOrAxioms, decls, file) 
126411     WARN  Test worker     d.u.i.k.n.KeYParser       [syntax-error] file:/home/runner/work/key/key/key.core/build/resources/main/de/uka/ilkd/key/proof/rules/ifThenElseRules.key:182:39: mismatched input '}' expecting {'(', '{'} [@1122,5030:5030='}',<149>,182:39] (taclet, rulesOrAxioms, decls, file) 
126411     WARN  Test worker     d.u.i.k.n.KeYParser       [syntax-error] file:/home/runner/work/key/key/key.core/build/resources/main/de/uka/ilkd/key/proof/rules/ifThenElseRules.key:188:14: mismatched input '\ifExintVar' expecting {MODALITY, FORALL, EXISTS, '\if', '\ifEx', 'true', 'false', '(', '{', '@', NOT, SEQARROW, '-', STRING_LITERAL, CHAR_LITERAL, BIN_LITERAL, HEX_LITERAL, IDENT, INT_LITERAL, FLOAT_LITERAL, DOUBLE_LITERAL, REAL_LITERAL} [@1146,5149:5159='\ifExintVar',<188>,188:14] (termorseq, taclet, rulesOrAxioms, decls, file) 
126412     WARN  Test worker     d.u.i.k.n.KeYParser       [syntax-error] file:/home/runner/work/key/key/key.core/build/resources/main/de/uka/ilkd/key/proof/rules/ifThenElseRules.key:188:27: extraneous input '(' expecting {'\lemma', '}', IDENT, '/*!'} [@1149,5162:5162='(',<146>,188:27] (rulesOrAxioms, decls, file) 
126412     WARN  Test worker     d.u.i.k.n.KeYParser       [syntax-error] file:/home/runner/work/key/key/key.core/build/resources/main/de/uka/ilkd/key/proof/rules/ifThenElseRules.key:188:32: mismatched input '&' expecting {'(', '{'} [@1152,5167:5167='&',<156>,188:32] (taclet, rulesOrAxioms, decls, file) 
126412     WARN  Test worker     d.u.i.k.n.KeYParser       [syntax-error] file:/home/runner/work/key/key/key.core/build/resources/main/de/uka/ilkd/key/proof/rules/ifThenElseRules.key:190:42: mismatched input '}' expecting {'(', '{'} [@1192,5280:5280='}',<149>,190:42] (taclet, rulesOrAxioms, decls, file) 
126413     WARN  Test worker     d.u.i.k.n.KeYParser       [syntax-error] file:/home/runner/work/key/key/key.core/build/resources/main/de/uka/ilkd/key/proof/rules/ifThenElseRules.key:191:39: mismatched input '}' expecting {'(', '{'} [@1205,5325:5325='}',<149>,191:39] (taclet, rulesOrAxioms, decls, file) 
126413     WARN  Test worker     d.u.i.k.n.KeYParser       [syntax-error] file:/home/runner/work/key/key/key.core/build/resources/main/de/uka/ilkd/key/proof/rules/ifThenElseRules.key:198:14: mismatched input '\ifExintVar' expecting {MODALITY, FORALL, EXISTS, '\if', '\ifEx', 'true', 'false', '(', '{', '@', NOT, SEQARROW, '-', STRING_LITERAL, CHAR_LITERAL, BIN_LITERAL, HEX_LITERAL, IDENT, INT_LITERAL, FLOAT_LITERAL, DOUBLE_LITERAL, REAL_LITERAL} [@1233,5475:5485='\ifExintVar',<188>,198:14] (termorseq, taclet, rulesOrAxioms, decls, file) 
126414     WARN  Test worker     d.u.i.k.n.KeYParser       [syntax-error] file:/home/runner/work/key/key/key.core/build/resources/main/de/uka/ilkd/key/proof/rules/ifThenElseRules.key:198:27: extraneous input '(' expecting {'\lemma', '}', IDENT, '/*!'} [@1236,5488:5488='(',<146>,198:27] (rulesOrAxioms, decls, file) 
126414     WARN  Test worker     d.u.i.k.n.KeYParser       [syntax-error] file:/home/runner/work/key/key/key.core/build/resources/main/de/uka/ilkd/key/proof/rules/ifThenElseRules.key:198:32: mismatched input '&' expecting {'(', '{'} [@1239,5493:5493='&',<156>,198:32] (taclet, rulesOrAxioms, decls, file) 
126414     WARN  Test worker     d.u.i.k.n.KeYParser       [syntax-error] file:/home/runner/work/key/key/key.core/build/resources/main/de/uka/ilkd/key/proof/rules/ifThenElseRules.key:200:42: mismatched input '}' expecting {'(', '{'} [@1279,5612:5612='}',<149>,200:42] (taclet, rulesOrAxioms, decls, file) 
126415     WARN  Test worker     d.u.i.k.n.KeYParser       [syntax-error] file:/home/runner/work/key/key/key.core/build/resources/main/de/uka/ilkd/key/proof/rules/ifThenElseRules.key:201:39: mismatched input '}' expecting {'(', '{'} [@1292,5657:5657='}',<149>,201:39] (taclet, rulesOrAxioms, decls, file) 
126415     WARN  Test worker     d.u.i.k.n.KeYParser       [syntax-error] file:/home/runner/work/key/key/key.core/build/resources/main/de/uka/ilkd/key/proof/rules/ifThenElseRules.key:208:14: mismatched input '\ifExintVar' expecting {MODALITY, FORALL, EXISTS, '\if', '\ifEx', 'true', 'false', '(', '{', '@', NOT, SEQARROW, '-', STRING_LITERAL, CHAR_LITERAL, BIN_LITERAL, HEX_LITERAL, IDENT, INT_LITERAL, FLOAT_LITERAL, DOUBLE_LITERAL, REAL_LITERAL} [@1320,5817:5827='\ifExintVar',<188>,208:14] (termorseq, taclet, rulesOrAxioms, decls, file) 
126415     WARN  Test worker     d.u.i.k.n.KeYParser       [syntax-error] file:/home/runner/work/key/key/key.core/build/resources/main/de/uka/ilkd/key/proof/rules/ifThenElseRules.key:208:27: extraneous input '(' expecting {'\lemma', '}', IDENT, '/*!'} [@1323,5830:5830='(',<146>,208:27] (rulesOrAxioms, decls, file) 
126416     WARN  Test worker     d.u.i.k.n.KeYParser       [syntax-error] file:/home/runner/work/key/key/key.core/build/resources/main/de/uka/ilkd/key/proof/rules/ifThenElseRules.key:208:32: mismatched input '&' expecting {'(', '{'} [@1326,5835:5835='&',<156>,208:32] (taclet, rulesOrAxioms, decls, file) 
126416     WARN  Test worker     d.u.i.k.n.KeYParser       [syntax-error] file:/home/runner/work/key/key/key.core/build/resources/main/de/uka/ilkd/key/proof/rules/ifThenElseRules.key:210:42: mismatched input '}' expecting {'(', '{'} [@1366,5948:5948='}',<149>,210:42] (taclet, rulesOrAxioms, decls, file) 
126416     WARN  Test worker     d.u.i.k.n.KeYParser       [syntax-error] file:/home/runner/work/key/key/key.core/build/resources/main/de/uka/ilkd/key/proof/rules/ifThenElseRules.key:211:39: mismatched input '}' expecting {'(', '{'} [@1379,5993:5993='}',<149>,211:39] (taclet, rulesOrAxioms, decls, file) 
126417     WARN  Test worker     d.u.i.k.n.KeYParser       [syntax-error] file:/home/runner/work/key/key/key.core/build/resources/main/de/uka/ilkd/key/proof/rules/ifThenElseRules.key:218:14: mismatched input '\ifExintVar' expecting {MODALITY, FORALL, EXISTS, '\if', '\ifEx', 'true', 'false', '(', '{', '@', NOT, SEQARROW, '-', STRING_LITERAL, CHAR_LITERAL, BIN_LITERAL, HEX_LITERAL, IDENT, INT_LITERAL, FLOAT_LITERAL, DOUBLE_LITERAL, REAL_LITERAL} [@1407,6146:6156='\ifExintVar',<188>,218:14] (termorseq, taclet, rulesOrAxioms, decls, file) 
126417     WARN  Test worker     d.u.i.k.n.KeYParser       [syntax-error] file:/home/runner/work/key/key/key.core/build/resources/main/de/uka/ilkd/key/proof/rules/ifThenElseRules.key:218:27: extraneous input '(' expecting {'\lemma', '}', IDENT, '/*!'} [@1410,6159:6159='(',<146>,218:27] (rulesOrAxioms, decls, file) 
126417     WARN  Test worker     d.u.i.k.n.KeYParser       [syntax-error] file:/home/runner/work/key/key/key.core/build/resources/main/de/uka/ilkd/key/proof/rules/ifThenElseRules.key:218:31: mismatched input ')' expecting {'(', '{'} [@1412,6163:6163=')',<147>,218:31] (taclet, rulesOrAxioms, decls, file) 
126418     WARN  Test worker     d.u.i.k.n.KeYParser       [syntax-error] file:/home/runner/work/key/key/key.core/build/resources/main/de/uka/ilkd/key/proof/rules/ifThenElseRules.key:220:44: mismatched input ')' expecting {'(', '{'} [@1444,6275:6275=')',<147>,220:44] (taclet, rulesOrAxioms, decls, file) 
126418     WARN  Test worker     d.u.i.k.n.KeYParser       [syntax-error] file:/home/runner/work/key/key/key.core/build/resources/main/de/uka/ilkd/key/proof/rules/ifThenElseRules.key:225:14: mismatched input '\ifExintVar' expecting {MODALITY, FORALL, EXISTS, '\if', '\ifEx', 'true', 'false', '(', '{', '@', NOT, SEQARROW, '-', STRING_LITERAL, CHAR_LITERAL, BIN_LITERAL, HEX_LITERAL, IDENT, INT_LITERAL, FLOAT_LITERAL, DOUBLE_LITERAL, REAL_LITERAL} [@1471,6389:6399='\ifExintVar',<188>,225:14] (termorseq, taclet, rulesOrAxioms, decls, file) 
126418     WARN  Test worker     d.u.i.k.n.KeYParser       [syntax-error] file:/home/runner/work/key/key/key.core/build/resources/main/de/uka/ilkd/key/proof/rules/ifThenElseRules.key:225:27: extraneous input '(' expecting {'\lemma', '}', IDENT, '/*!'} [@1474,6402:6402='(',<146>,225:27] (rulesOrAxioms, decls, file) 
126419     WARN  Test worker     d.u.i.k.n.KeYParser       [syntax-error] file:/home/runner/work/key/key/key.core/build/resources/main/de/uka/ilkd/key/proof/rules/ifThenElseRules.key:225:31: mismatched input ')' expecting {'(', '{'} [@1476,6406:6406=')',<147>,225:31] (taclet, rulesOrAxioms, decls, file) 
126419     WARN  Test worker     d.u.i.k.n.KeYParser       [syntax-error] file:/home/runner/work/key/key/key.core/build/resources/main/de/uka/ilkd/key/proof/rules/ifThenElseRules.key:227:44: mismatched input ')' expecting {'(', '{'} [@1508,6509:6509=')',<147>,227:44] (taclet, rulesOrAxioms, decls, file) 
126419     WARN  Test worker     d.u.i.k.n.KeYParser       [syntax-error] file:/home/runner/work/key/key/key.core/build/resources/main/de/uka/ilkd/key/proof/rules/ifThenElseRules.key:233:14: mismatched input '\ifExintVar' expecting {MODALITY, FORALL, EXISTS, '\if', '\ifEx', 'true', 'false', '(', '{', '@', NOT, SEQARROW, '-', STRING_LITERAL, CHAR_LITERAL, BIN_LITERAL, HEX_LITERAL, IDENT, INT_LITERAL, FLOAT_LITERAL, DOUBLE_LITERAL, REAL_LITERAL} [@1539,6656:6666='\ifExintVar',<188>,233:14] (termorseq, taclet, rulesOrAxioms, decls, file) 
126420     WARN  Test worker     d.u.i.k.n.KeYParser       [syntax-error] file:/home/runner/work/key/key/key.core/build/resources/main/de/uka/ilkd/key/proof/rules/ifThenElseRules.key:233:27: extraneous input '(' expecting {'\lemma', '}', IDENT, '/*!'} [@1542,6669:6669='(',<146>,233:27] (rulesOrAxioms, decls, file) 
126420     WARN  Test worker     d.u.i.k.n.KeYParser       [syntax-error] file:/home/runner/work/key/key/key.core/build/resources/main/de/uka/ilkd/key/proof/rules/ifThenElseRules.key:233:31: mismatched input ')' expecting {'(', '{'} [@1544,6673:6673=')',<147>,233:31] (taclet, rulesOrAxioms, decls, file) 
126420     WARN  Test worker     d.u.i.k.n.KeYParser       [syntax-error] file:/home/runner/work/key/key/key.core/build/resources/main/de/uka/ilkd/key/proof/rules/ifThenElseRules.key:237:42: mismatched input '}' expecting {'(', '{'} [@1586,6850:6850='}',<149>,237:42] (taclet, rulesOrAxioms, decls, file) 
126421     WARN  Test worker     d.u.i.k.n.KeYParser       [syntax-error] file:/home/runner/work/key/key/key.core/build/resources/main/de/uka/ilkd/key/proof/rules/ifThenElseRules.key:238:34: mismatched input '}' expecting {'(', '{'} [@1599,6891:6891='}',<149>,238:34] (taclet, rulesOrAxioms, decls, file) 
126421     WARN  Test worker     d.u.i.k.n.KeYParser       [syntax-error] file:/home/runner/work/key/key/key.core/build/resources/main/de/uka/ilkd/key/proof/rules/ifThenElseRules.key:239:28: extraneous input '(' expecting {'\lemma', '}', IDENT, '/*!'} [@1608,6925:6925='(',<146>,239:28] (rulesOrAxioms, decls, file) 
126421     WARN  Test worker     d.u.i.k.n.KeYParser       [syntax-error] file:/home/runner/work/key/key/key.core/build/resources/main/de/uka/ilkd/key/proof/rules/ifThenElseRules.key:239:33: mismatched input '->' expecting {'(', '{'} [@1611,6930:6931='->',<158>,239:33] (taclet, rulesOrAxioms, decls, file) 
126424     WARN  Test worker     d.u.i.k.n.KeYParser       [syntax-error] file:/home/runner/work/key/key/key.core/build/resources/main/de/uka/ilkd/key/proof/rules/ifThenElseRules.key:240:8: extraneous input '\replacewith' expecting {'\lemma', '}', IDENT, '/*!'} [@1626,6979:6990='\replacewith',<105>,240:8] (rulesOrAxioms, decls, file) 
126424     WARN  Test worker     d.u.i.k.n.KeYParser       [syntax-error] file:/home/runner/work/key/key/key.core/build/resources/main/de/uka/ilkd/key/proof/rules/ifThenElseRules.key:240:25: mismatched input ')' expecting {'(', '{'} [@1629,6996:6996=')',<147>,240:25] (taclet, rulesOrAxioms, decls, file) 
126424     WARN  Test worker     d.u.i.k.n.KeYParser       [syntax-error] file:/home/runner/work/key/key/key.core/build/resources/main/de/uka/ilkd/key/proof/rules/ifThenElseRules.key:240:56: mismatched input ')' expecting {'(', '{'} [@1642,7027:7027=')',<147>,240:56] (taclet, rulesOrAxioms, decls, file) 
126425     WARN  Test worker     d.u.i.k.n.KeYParser       [syntax-error] file:/home/runner/work/key/key/key.core/build/resources/main/de/uka/ilkd/key/proof/rules/ifThenElseRules.key:245:14: mismatched input '\ifExintVar' expecting {MODALITY, FORALL, EXISTS, '\if', '\ifEx', 'true', 'false', '(', '{', '@', NOT, SEQARROW, '-', STRING_LITERAL, CHAR_LITERAL, BIN_LITERAL, HEX_LITERAL, IDENT, INT_LITERAL, FLOAT_LITERAL, DOUBLE_LITERAL, REAL_LITERAL} [@1658,7109:7119='\ifExintVar',<188>,245:14] (termorseq, taclet, rulesOrAxioms, decls, file) 
126425     WARN  Test worker     d.u.i.k.n.KeYParser       [syntax-error] file:/home/runner/work/key/key/key.core/build/resources/main/de/uka/ilkd/key/proof/rules/ifThenElseRules.key:245:27: extraneous input '(' expecting {'\lemma', '}', IDENT, '/*!'} [@1661,7122:7122='(',<146>,245:27] (rulesOrAxioms, decls, file) 
126425     WARN  Test worker     d.u.i.k.n.KeYParser       [syntax-error] file:/home/runner/work/key/key/key.core/build/resources/main/de/uka/ilkd/key/proof/rules/ifThenElseRules.key:245:31: mismatched input ')' expecting {'(', '{'} [@1663,7126:7126=')',<147>,245:31] (taclet, rulesOrAxioms, decls, file) 
126426     WARN  Test worker     d.u.i.k.n.KeYParser       [syntax-error] file:/home/runner/work/key/key/key.core/build/resources/main/de/uka/ilkd/key/proof/rules/ifThenElseRules.key:248:45: mismatched input '}' expecting {'(', '{'} [@1696,7268:7268='}',<149>,248:45] (taclet, rulesOrAxioms, decls, file) 
126426     WARN  Test worker     d.u.i.k.n.KeYParser       [syntax-error] file:/home/runner/work/key/key/key.core/build/resources/main/de/uka/ilkd/key/proof/rules/ifThenElseRules.key:249:8: extraneous input '\replacewith' expecting {'\lemma', '}', IDENT, '/*!'} [@1701,7284:7295='\replacewith',<105>,249:8] (rulesOrAxioms, decls, file) 
126426     WARN  Test worker     d.u.i.k.n.KeYParser       [syntax-error] file:/home/runner/work/key/key/key.core/build/resources/main/de/uka/ilkd/key/proof/rules/ifThenElseRules.key:249:38: mismatched input ')' expecting {'(', '{'} [@1708,7314:7314=')',<147>,249:38] (taclet, rulesOrAxioms, decls, file) 
126427     WARN  Test worker     d.u.i.k.n.KeYParser       [syntax-error] file:/home/runner/work/key/key/key.core/build/resources/main/de/uka/ilkd/key/proof/rules/ifThenElseRules.key:250:42: mismatched input '}' expecting {'(', '{'} [@1731,7381:7381='}',<149>,250:42] (taclet, rulesOrAxioms, decls, file) 
126427     WARN  Test worker     d.u.i.k.n.KeYParser       [syntax-error] file:/home/runner/work/key/key/key.core/build/resources/main/de/uka/ilkd/key/proof/rules/ifThenElseRules.key:251:28: extraneous input '(' expecting {'\lemma', '}', IDENT, '/*!'} [@1741,7416:7416='(',<146>,251:28] (rulesOrAxioms, decls, file) 
126427     WARN  Test worker     d.u.i.k.n.KeYParser       [syntax-error] file:/home/runner/work/key/key/key.core/build/resources/main/de/uka/ilkd/key/proof/rules/ifThenElseRules.key:251:33: mismatched input '->' expecting {'(', '{'} [@1744,7421:7422='->',<158>,251:33] (taclet, rulesOrAxioms, decls, file) 
126427     WARN  Test worker     d.u.i.k.n.KeYParser       [syntax-error] file:/home/runner/work/key/key/key.core/build/resources/main/de/uka/ilkd/key/proof/rules/ifThenElseRules.key:255:14: mismatched input '\ifExintVar' expecting {MODALITY, FORALL, EXISTS, '\if', '\ifEx', 'true', 'false', '(', '{', '@', NOT, SEQARROW, '-', STRING_LITERAL, CHAR_LITERAL, BIN_LITERAL, HEX_LITERAL, IDENT, INT_LITERAL, FLOAT_LITERAL, DOUBLE_LITERAL, REAL_LITERAL} [@1765,7506:7516='\ifExintVar',<188>,255:14] (termorseq, taclet, rulesOrAxioms, decls, file) 
126428     WARN  Test worker     d.u.i.k.n.KeYParser       [syntax-error] file:/home/runner/work/key/key/key.core/build/resources/main/de/uka/ilkd/key/proof/rules/ifThenElseRules.key:255:27: extraneous input '(' expecting {'\lemma', '}', IDENT, '/*!'} [@1768,7519:7519='(',<146>,255:27] (rulesOrAxioms, decls, file) 
126428     WARN  Test worker     d.u.i.k.n.KeYParser       [syntax-error] file:/home/runner/work/key/key/key.core/build/resources/main/de/uka/ilkd/key/proof/rules/ifThenElseRules.key:255:31: mismatched input ')' expecting {'(', '{'} [@1770,7523:7523=')',<147>,255:31] (taclet, rulesOrAxioms, decls, file) 
126428     WARN  Test worker     d.u.i.k.n.KeYParser       [syntax-error] file:/home/runner/work/key/key/key.core/build/resources/main/de/uka/ilkd/key/proof/rules/ifThenElseRules.key:258:52: extraneous input '0' expecting {'\lemma', '}', IDENT, '/*!'} [@1809,7667:7667='0',<184>,258:52] (rulesOrAxioms, decls, file) 
126429     WARN  Test worker     d.u.i.k.n.KeYParser       [syntax-error] file:/home/runner/work/key/key/key.core/build/resources/main/de/uka/ilkd/key/proof/rules/ifThenElseRules.key:258:54: mismatched input 'then' expecting {<EOF>, '\problem', '\chooseContract', '\proofObligation', '\proof'} [@1811,7669:7672='then',<183>,258:54] (file) 
126528     WARN  Test worker     d.u.i.k.n.KeYParser       [syntax-error] file:/home/runner/work/key/key/key.core/build/resources/main/de/uka/ilkd/key/proof/rules/ifThenElseRules.key:135:14: mismatched input '\ifExintVar' expecting {MODALITY, FORALL, EXISTS, '\if', '\ifEx', 'true', 'false', '(', '{', '@', NOT, SEQARROW, '-', STRING_LITERAL, CHAR_LITERAL, BIN_LITERAL, HEX_LITERAL, IDENT, INT_LITERAL, FLOAT_LITERAL, DOUBLE_LITERAL, REAL_LITERAL} [@745,3563:3573='\ifExintVar',<188>,135:14] (termorseq, taclet, rulesOrAxioms, decls, file) 
126528     WARN  Test worker     d.u.i.k.n.KeYParser       [syntax-error] file:/home/runner/work/key/key/key.core/build/resources/main/de/uka/ilkd/key/proof/rules/ifThenElseRules.key:135:27: extraneous input '(' expecting {'\lemma', '}', IDENT, '/*!'} [@748,3576:3576='(',<146>,135:27] (rulesOrAxioms, decls, file) 
126528     WARN  Test worker     d.u.i.k.n.KeYParser       [syntax-error] file:/home/runner/work/key/key/key.core/build/resources/main/de/uka/ilkd/key/proof/rules/ifThenElseRules.key:135:44: mismatched input ')' expecting {'(', '{'} [@754,3593:3593=')',<147>,135:44] (taclet, rulesOrAxioms, decls, file) 
126528     WARN  Test worker     d.u.i.k.n.KeYParser       [syntax-error] file:/home/runner/work/key/key/key.core/build/resources/main/de/uka/ilkd/key/proof/rules/ifThenElseRules.key:141:14: mismatched input '\ifExintVar' expecting {MODALITY, FORALL, EXISTS, '\if', '\ifEx', 'true', 'false', '(', '{', '@', NOT, SEQARROW, '-', STRING_LITERAL, CHAR_LITERAL, BIN_LITERAL, HEX_LITERAL, IDENT, INT_LITERAL, FLOAT_LITERAL, DOUBLE_LITERAL, REAL_LITERAL} [@780,3716:3726='\ifExintVar',<188>,141:14] (termorseq, taclet, rulesOrAxioms, decls, file) 
126536     WARN  Test worker     d.u.i.k.n.KeYParser       [syntax-error] file:/home/runner/work/key/key/key.core/build/resources/main/de/uka/ilkd/key/proof/rules/ifThenElseRules.key:141:27: extraneous input '(' expecting {'\lemma', '}', IDENT, '/*!'} [@783,3729:3729='(',<146>,141:27] (rulesOrAxioms, decls, file) 
126537     WARN  Test worker     d.u.i.k.n.KeYParser       [syntax-error] file:/home/runner/work/key/key/key.core/build/resources/main/de/uka/ilkd/key/proof/rules/ifThenElseRules.key:141:41: mismatched input ')' expecting {'(', '{'} [@789,3743:3743=')',<147>,141:41] (taclet, rulesOrAxioms, decls, file) 
126537     WARN  Test worker     d.u.i.k.n.KeYParser       [syntax-error] file:/home/runner/work/key/key/key.core/build/resources/main/de/uka/ilkd/key/proof/rules/ifThenElseRules.key:148:14: mismatched input '\ifExintVar' expecting {MODALITY, FORALL, EXISTS, '\if', '\ifEx', 'true', 'false', '(', '{', '@', NOT, SEQARROW, '-', STRING_LITERAL, CHAR_LITERAL, BIN_LITERAL, HEX_LITERAL, IDENT, INT_LITERAL, FLOAT_LITERAL, DOUBLE_LITERAL, REAL_LITERAL} [@819,3896:3906='\ifExintVar',<188>,148:14] (termorseq, taclet, rulesOrAxioms, decls, file) 
126537     WARN  Test worker     d.u.i.k.n.KeYParser       [syntax-error] file:/home/runner/work/key/key/key.core/build/resources/main/de/uka/ilkd/key/proof/rules/ifThenElseRules.key:148:27: extraneous input '(' expecting {'\lemma', '}', IDENT, '/*!'} [@822,3909:3909='(',<146>,148:27] (rulesOrAxioms, decls, file) 
126537     WARN  Test worker     d.u.i.k.n.KeYParser       [syntax-error] file:/home/runner/work/key/key/key.core/build/resources/main/de/uka/ilkd/key/proof/rules/ifThenElseRules.key:148:35: mismatched input '=' expecting {'(', '{'} [@825,3917:3917='=',<159>,148:35] (taclet, rulesOrAxioms, decls, file) 
126537     WARN  Test worker     d.u.i.k.n.KeYParser       [syntax-error] file:/home/runner/work/key/key/key.core/build/resources/main/de/uka/ilkd/key/proof/rules/ifThenElseRules.key:150:38: mismatched input '}' expecting {'(', '{'} [@859,4023:4023='}',<149>,150:38] (taclet, rulesOrAxioms, decls, file) 
126537     WARN  Test worker     d.u.i.k.n.KeYParser       [syntax-error] file:/home/runner/work/key/key/key.core/build/resources/main/de/uka/ilkd/key/proof/rules/ifThenElseRules.key:155:14: mismatched input '\ifExintVar' expecting {MODALITY, FORALL, EXISTS, '\if', '\ifEx', 'true', 'false', '(', '{', '@', NOT, SEQARROW, '-', STRING_LITERAL, CHAR_LITERAL, BIN_LITERAL, HEX_LITERAL, IDENT, INT_LITERAL, FLOAT_LITERAL, DOUBLE_LITERAL, REAL_LITERAL} [@877,4109:4119='\ifExintVar',<188>,155:14] (termorseq, taclet, rulesOrAxioms, decls, file) 
126537     WARN  Test worker     d.u.i.k.n.KeYParser       [syntax-error] file:/home/runner/work/key/key/key.core/build/resources/main/de/uka/ilkd/key/proof/rules/ifThenElseRules.key:155:27: extraneous input '(' expecting {'\lemma', '}', IDENT, '/*!'} [@880,4122:4122='(',<146>,155:27] (rulesOrAxioms, decls, file) 
126537     WARN  Test worker     d.u.i.k.n.KeYParser       [syntax-error] file:/home/runner/work/key/key/key.core/build/resources/main/de/uka/ilkd/key/proof/rules/ifThenElseRules.key:155:35: mismatched input '=' expecting {'(', '{'} [@883,4130:4130='=',<159>,155:35] (taclet, rulesOrAxioms, decls, file) 
126537     WARN  Test worker     d.u.i.k.n.KeYParser       [syntax-error] file:/home/runner/work/key/key/key.core/build/resources/main/de/uka/ilkd/key/proof/rules/ifThenElseRules.key:157:38: mismatched input '}' expecting {'(', '{'} [@917,4230:4230='}',<149>,157:38] (taclet, rulesOrAxioms, decls, file) 
126537     WARN  Test worker     d.u.i.k.n.KeYParser       [syntax-error] file:/home/runner/work/key/key/key.core/build/resources/main/de/uka/ilkd/key/proof/rules/ifThenElseRules.key:163:14: mismatched input '\ifExintVar' expecting {MODALITY, FORALL, EXISTS, '\if', '\ifEx', 'true', 'false', '(', '{', '@', NOT, SEQARROW, '-', STRING_LITERAL, CHAR_LITERAL, BIN_LITERAL, HEX_LITERAL, IDENT, INT_LITERAL, FLOAT_LITERAL, DOUBLE_LITERAL, REAL_LITERAL} [@939,4350:4360='\ifExintVar',<188>,163:14] (termorseq, taclet, rulesOrAxioms, decls, file) 
126537     WARN  Test worker     d.u.i.k.n.KeYParser       [syntax-error] file:/home/runner/work/key/key/key.core/build/resources/main/de/uka/ilkd/key/proof/rules/ifThenElseRules.key:163:27: extraneous input '(' expecting {'\lemma', '}', IDENT, '/*!'} [@942,4363:4363='(',<146>,163:27] (rulesOrAxioms, decls, file) 
126537     WARN  Test worker     d.u.i.k.n.KeYParser       [syntax-error] file:/home/runner/work/key/key/key.core/build/resources/main/de/uka/ilkd/key/proof/rules/ifThenElseRules.key:163:30: mismatched input '=' expecting {'(', '{'} [@945,4366:4366='=',<159>,163:30] (taclet, rulesOrAxioms, decls, file) 
126537     WARN  Test worker     d.u.i.k.n.KeYParser       [syntax-error] file:/home/runner/work/key/key/key.core/build/resources/main/de/uka/ilkd/key/proof/rules/ifThenElseRules.key:165:38: mismatched input '}' expecting {'(', '{'} [@979,4477:4477='}',<149>,165:38] (taclet, rulesOrAxioms, decls, file) 
126537     WARN  Test worker     d.u.i.k.n.KeYParser       [syntax-error] file:/home/runner/work/key/key/key.core/build/resources/main/de/uka/ilkd/key/proof/rules/ifThenElseRules.key:171:14: mismatched input '\ifExintVar' expecting {MODALITY, FORALL, EXISTS, '\if', '\ifEx', 'true', 'false', '(', '{', '@', NOT, SEQARROW, '-', STRING_LITERAL, CHAR_LITERAL, BIN_LITERAL, HEX_LITERAL, IDENT, INT_LITERAL, FLOAT_LITERAL, DOUBLE_LITERAL, REAL_LITERAL} [@1001,4604:4614='\ifExintVar',<188>,171:14] (termorseq, taclet, rulesOrAxioms, decls, file) 
126537     WARN  Test worker     d.u.i.k.n.KeYParser       [syntax-error] file:/home/runner/work/key/key/key.core/build/resources/main/de/uka/ilkd/key/proof/rules/ifThenElseRules.key:171:27: extraneous input '(' expecting {'\lemma', '}', IDENT, '/*!'} [@1004,4617:4617='(',<146>,171:27] (rulesOrAxioms, decls, file) 
126538     WARN  Test worker     d.u.i.k.n.KeYParser       [syntax-error] file:/home/runner/work/key/key/key.core/build/resources/main/de/uka/ilkd/key/proof/rules/ifThenElseRules.key:171:30: mismatched input '=' expecting {'(', '{'} [@1007,4620:4620='=',<159>,171:30] (taclet, rulesOrAxioms, decls, file) 
126538     WARN  Test worker     d.u.i.k.n.KeYParser       [syntax-error] file:/home/runner/work/key/key/key.core/build/resources/main/de/uka/ilkd/key/proof/rules/ifThenElseRules.key:173:38: mismatched input '}' expecting {'(', '{'} [@1041,4725:4725='}',<149>,173:38] (taclet, rulesOrAxioms, decls, file) 
126538     WARN  Test worker     d.u.i.k.n.KeYParser       [syntax-error] file:/home/runner/work/key/key/key.core/build/resources/main/de/uka/ilkd/key/proof/rules/ifThenElseRules.key:179:14: mismatched input '\ifExintVar' expecting {MODALITY, FORALL, EXISTS, '\if', '\ifEx', 'true', 'false', '(', '{', '@', NOT, SEQARROW, '-', STRING_LITERAL, CHAR_LITERAL, BIN_LITERAL, HEX_LITERAL, IDENT, INT_LITERAL, FLOAT_LITERAL, DOUBLE_LITERAL, REAL_LITERAL} [@1063,4848:4858='\ifExintVar',<188>,179:14] (termorseq, taclet, rulesOrAxioms, decls, file) 
126538     WARN  Test worker     d.u.i.k.n.KeYParser       [syntax-error] file:/home/runner/work/key/key/key.core/build/resources/main/de/uka/ilkd/key/proof/rules/ifThenElseRules.key:179:27: extraneous input '(' expecting {'\lemma', '}', IDENT, '/*!'} [@1066,4861:4861='(',<146>,179:27] (rulesOrAxioms, decls, file) 
126538     WARN  Test worker     d.u.i.k.n.KeYParser       [syntax-error] file:/home/runner/work/key/key/key.core/build/resources/main/de/uka/ilkd/key/proof/rules/ifThenElseRules.key:179:32: mismatched input '&' expecting {'(', '{'} [@1069,4866:4866='&',<156>,179:32] (taclet, rulesOrAxioms, decls, file) 
126538     WARN  Test worker     d.u.i.k.n.KeYParser       [syntax-error] file:/home/runner/work/key/key/key.core/build/resources/main/de/uka/ilkd/key/proof/rules/ifThenElseRules.key:181:42: mismatched input '}' expecting {'(', '{'} [@1109,4985:4985='}',<149>,181:42] (taclet, rulesOrAxioms, decls, file) 
126538     WARN  Test worker     d.u.i.k.n.KeYParser       [syntax-error] file:/home/runner/work/key/key/key.core/build/resources/main/de/uka/ilkd/key/proof/rules/ifThenElseRules.key:182:39: mismatched input '}' expecting {'(', '{'} [@1122,5030:5030='}',<149>,182:39] (taclet, rulesOrAxioms, decls, file) 
126538     WARN  Test worker     d.u.i.k.n.KeYParser       [syntax-error] file:/home/runner/work/key/key/key.core/build/resources/main/de/uka/ilkd/key/proof/rules/ifThenElseRules.key:188:14: mismatched input '\ifExintVar' expecting {MODALITY, FORALL, EXISTS, '\if', '\ifEx', 'true', 'false', '(', '{', '@', NOT, SEQARROW, '-', STRING_LITERAL, CHAR_LITERAL, BIN_LITERAL, HEX_LITERAL, IDENT, INT_LITERAL, FLOAT_LITERAL, DOUBLE_LITERAL, REAL_LITERAL} [@1146,5149:5159='\ifExintVar',<188>,188:14] (termorseq, taclet, rulesOrAxioms, decls, file) 
126538     WARN  Test worker     d.u.i.k.n.KeYParser       [syntax-error] file:/home/runner/work/key/key/key.core/build/resources/main/de/uka/ilkd/key/proof/rules/ifThenElseRules.key:188:27: extraneous input '(' expecting {'\lemma', '}', IDENT, '/*!'} [@1149,5162:5162='(',<146>,188:27] (rulesOrAxioms, decls, file) 
126538     WARN  Test worker     d.u.i.k.n.KeYParser       [syntax-error] file:/home/runner/work/key/key/key.core/build/resources/main/de/uka/ilkd/key/proof/rules/ifThenElseRules.key:188:32: mismatched input '&' expecting {'(', '{'} [@1152,5167:5167='&',<156>,188:32] (taclet, rulesOrAxioms, decls, file) 
126538     WARN  Test worker     d.u.i.k.n.KeYParser       [syntax-error] file:/home/runner/work/key/key/key.core/build/resources/main/de/uka/ilkd/key/proof/rules/ifThenElseRules.key:190:42: mismatched input '}' expecting {'(', '{'} [@1192,5280:5280='}',<149>,190:42] (taclet, rulesOrAxioms, decls, file) 
126538     WARN  Test worker     d.u.i.k.n.KeYParser       [syntax-error] file:/home/runner/work/key/key/key.core/build/resources/main/de/uka/ilkd/key/proof/rules/ifThenElseRules.key:191:39: mismatched input '}' expecting {'(', '{'} [@1205,5325:5325='}',<149>,191:39] (taclet, rulesOrAxioms, decls, file) 
126538     WARN  Test worker     d.u.i.k.n.KeYParser       [syntax-error] file:/home/runner/work/key/key/key.core/build/resources/main/de/uka/ilkd/key/proof/rules/ifThenElseRules.key:198:14: mismatched input '\ifExintVar' expecting {MODALITY, FORALL, EXISTS, '\if', '\ifEx', 'true', 'false', '(', '{', '@', NOT, SEQARROW, '-', STRING_LITERAL, CHAR_LITERAL, BIN_LITERAL, HEX_LITERAL, IDENT, INT_LITERAL, FLOAT_LITERAL, DOUBLE_LITERAL, REAL_LITERAL} [@1233,5475:5485='\ifExintVar',<188>,198:14] (termorseq, taclet, rulesOrAxioms, decls, file) 
126538     WARN  Test worker     d.u.i.k.n.KeYParser       [syntax-error] file:/home/runner/work/key/key/key.core/build/resources/main/de/uka/ilkd/key/proof/rules/ifThenElseRules.key:198:27: extraneous input '(' expecting {'\lemma', '}', IDENT, '/*!'} [@1236,5488:5488='(',<146>,198:27] (rulesOrAxioms, decls, file) 
126538     WARN  Test worker     d.u.i.k.n.KeYParser       [syntax-error] file:/home/runner/work/key/key/key.core/build/resources/main/de/uka/ilkd/key/proof/rules/ifThenElseRules.key:198:32: mismatched input '&' expecting {'(', '{'} [@1239,5493:5493='&',<156>,198:32] (taclet, rulesOrAxioms, decls, file) 
126538     WARN  Test worker     d.u.i.k.n.KeYParser       [syntax-error] file:/home/runner/work/key/key/key.core/build/resources/main/de/uka/ilkd/key/proof/rules/ifThenElseRules.key:200:42: mismatched input '}' expecting {'(', '{'} [@1279,5612:5612='}',<149>,200:42] (taclet, rulesOrAxioms, decls, file) 
126538     WARN  Test worker     d.u.i.k.n.KeYParser       [syntax-error] file:/home/runner/work/key/key/key.core/build/resources/main/de/uka/ilkd/key/proof/rules/ifThenElseRules.key:201:39: mismatched input '}' expecting {'(', '{'} [@1292,5657:5657='}',<149>,201:39] (taclet, rulesOrAxioms, decls, file) 
126538     WARN  Test worker     d.u.i.k.n.KeYParser       [syntax-error] file:/home/runner/work/key/key/key.core/build/resources/main/de/uka/ilkd/key/proof/rules/ifThenElseRules.key:208:14: mismatched input '\ifExintVar' expecting {MODALITY, FORALL, EXISTS, '\if', '\ifEx', 'true', 'false', '(', '{', '@', NOT, SEQARROW, '-', STRING_LITERAL, CHAR_LITERAL, BIN_LITERAL, HEX_LITERAL, IDENT, INT_LITERAL, FLOAT_LITERAL, DOUBLE_LITERAL, REAL_LITERAL} [@1320,5817:5827='\ifExintVar',<188>,208:14] (termorseq, taclet, rulesOrAxioms, decls, file) 
126538     WARN  Test worker     d.u.i.k.n.KeYParser       [syntax-error] file:/home/runner/work/key/key/key.core/build/resources/main/de/uka/ilkd/key/proof/rules/ifThenElseRules.key:208:27: extraneous input '(' expecting {'\lemma', '}', IDENT, '/*!'} [@1323,5830:5830='(',<146>,208:27] (rulesOrAxioms, decls, file) 
126538     WARN  Test worker     d.u.i.k.n.KeYParser       [syntax-error] file:/home/runner/work/key/key/key.core/build/resources/main/de/uka/ilkd/key/proof/rules/ifThenElseRules.key:208:32: mismatched input '&' expecting {'(', '{'} [@1326,5835:5835='&',<156>,208:32] (taclet, rulesOrAxioms, decls, file) 
126539     WARN  Test worker     d.u.i.k.n.KeYParser       [syntax-error] file:/home/runner/work/key/key/key.core/build/resources/main/de/uka/ilkd/key/proof/rules/ifThenElseRules.key:210:42: mismatched input '}' expecting {'(', '{'} [@1366,5948:5948='}',<149>,210:42] (taclet, rulesOrAxioms, decls, file) 
126539     WARN  Test worker     d.u.i.k.n.KeYParser       [syntax-error] file:/home/runner/work/key/key/key.core/build/resources/main/de/uka/ilkd/key/proof/rules/ifThenElseRules.key:211:39: mismatched input '}' expecting {'(', '{'} [@1379,5993:5993='}',<149>,211:39] (taclet, rulesOrAxioms, decls, file) 
126539     WARN  Test worker     d.u.i.k.n.KeYParser       [syntax-error] file:/home/runner/work/key/key/key.core/build/resources/main/de/uka/ilkd/key/proof/rules/ifThenElseRules.key:218:14: mismatched input '\ifExintVar' expecting {MODALITY, FORALL, EXISTS, '\if', '\ifEx', 'true', 'false', '(', '{', '@', NOT, SEQARROW, '-', STRING_LITERAL, CHAR_LITERAL, BIN_LITERAL, HEX_LITERAL, IDENT, INT_LITERAL, FLOAT_LITERAL, DOUBLE_LITERAL, REAL_LITERAL} [@1407,6146:6156='\ifExintVar',<188>,218:14] (termorseq, taclet, rulesOrAxioms, decls, file) 
126539     WARN  Test worker     d.u.i.k.n.KeYParser       [syntax-error] file:/home/runner/work/key/key/key.core/build/resources/main/de/uka/ilkd/key/proof/rules/ifThenElseRules.key:218:27: extraneous input '(' expecting {'\lemma', '}', IDENT, '/*!'} [@1410,6159:6159='(',<146>,218:27] (rulesOrAxioms, decls, file) 
126539     WARN  Test worker     d.u.i.k.n.KeYParser       [syntax-error] file:/home/runner/work/key/key/key.core/build/resources/main/de/uka/ilkd/key/proof/rules/ifThenElseRules.key:218:31: mismatched input ')' expecting {'(', '{'} [@1412,6163:6163=')',<147>,218:31] (taclet, rulesOrAxioms, decls, file) 
126539     WARN  Test worker     d.u.i.k.n.KeYParser       [syntax-error] file:/home/runner/work/key/key/key.core/build/resources/main/de/uka/ilkd/key/proof/rules/ifThenElseRules.key:220:44: mismatched input ')' expecting {'(', '{'} [@1444,6275:6275=')',<147>,220:44] (taclet, rulesOrAxioms, decls, file) 
126539     WARN  Test worker     d.u.i.k.n.KeYParser       [syntax-error] file:/home/runner/work/key/key/key.core/build/resources/main/de/uka/ilkd/key/proof/rules/ifThenElseRules.key:225:14: mismatched input '\ifExintVar' expecting {MODALITY, FORALL, EXISTS, '\if', '\ifEx', 'true', 'false', '(', '{', '@', NOT, SEQARROW, '-', STRING_LITERAL, CHAR_LITERAL, BIN_LITERAL, HEX_LITERAL, IDENT, INT_LITERAL, FLOAT_LITERAL, DOUBLE_LITERAL, REAL_LITERAL} [@1471,6389:6399='\ifExintVar',<188>,225:14] (termorseq, taclet, rulesOrAxioms, decls, file) 
126539     WARN  Test worker     d.u.i.k.n.KeYParser       [syntax-error] file:/home/runner/work/key/key/key.core/build/resources/main/de/uka/ilkd/key/proof/rules/ifThenElseRules.key:225:27: extraneous input '(' expecting {'\lemma', '}', IDENT, '/*!'} [@1474,6402:6402='(',<146>,225:27] (rulesOrAxioms, decls, file) 
126539     WARN  Test worker     d.u.i.k.n.KeYParser       [syntax-error] file:/home/runner/work/key/key/key.core/build/resources/main/de/uka/ilkd/key/proof/rules/ifThenElseRules.key:225:31: mismatched input ')' expecting {'(', '{'} [@1476,6406:6406=')',<147>,225:31] (taclet, rulesOrAxioms, decls, file) 
126539     WARN  Test worker     d.u.i.k.n.KeYParser       [syntax-error] file:/home/runner/work/key/key/key.core/build/resources/main/de/uka/ilkd/key/proof/rules/ifThenElseRules.key:227:44: mismatched input ')' expecting {'(', '{'} [@1508,6509:6509=')',<147>,227:44] (taclet, rulesOrAxioms, decls, file) 
126539     WARN  Test worker     d.u.i.k.n.KeYParser       [syntax-error] file:/home/runner/work/key/key/key.core/build/resources/main/de/uka/ilkd/key/proof/rules/ifThenElseRules.key:233:14: mismatched input '\ifExintVar' expecting {MODALITY, FORALL, EXISTS, '\if', '\ifEx', 'true', 'false', '(', '{', '@', NOT, SEQARROW, '-', STRING_LITERAL, CHAR_LITERAL, BIN_LITERAL, HEX_LITERAL, IDENT, INT_LITERAL, FLOAT_LITERAL, DOUBLE_LITERAL, REAL_LITERAL} [@1539,6656:6666='\ifExintVar',<188>,233:14] (termorseq, taclet, rulesOrAxioms, decls, file) 
126539     WARN  Test worker     d.u.i.k.n.KeYParser       [syntax-error] file:/home/runner/work/key/key/key.core/build/resources/main/de/uka/ilkd/key/proof/rules/ifThenElseRules.key:233:27: extraneous input '(' expecting {'\lemma', '}', IDENT, '/*!'} [@1542,6669:6669='(',<146>,233:27] (rulesOrAxioms, decls, file) 
126539     WARN  Test worker     d.u.i.k.n.KeYParser       [syntax-error] file:/home/runner/work/key/key/key.core/build/resources/main/de/uka/ilkd/key/proof/rules/ifThenElseRules.key:233:31: mismatched input ')' expecting {'(', '{'} [@1544,6673:6673=')',<147>,233:31] (taclet, rulesOrAxioms, decls, file) 
126539     WARN  Test worker     d.u.i.k.n.KeYParser       [syntax-error] file:/home/runner/work/key/key/key.core/build/resources/main/de/uka/ilkd/key/proof/rules/ifThenElseRules.key:237:42: mismatched input '}' expecting {'(', '{'} [@1586,6850:6850='}',<149>,237:42] (taclet, rulesOrAxioms, decls, file) 
126539     WARN  Test worker     d.u.i.k.n.KeYParser       [syntax-error] file:/home/runner/work/key/key/key.core/build/resources/main/de/uka/ilkd/key/proof/rules/ifThenElseRules.key:238:34: mismatched input '}' expecting {'(', '{'} [@1599,6891:6891='}',<149>,238:34] (taclet, rulesOrAxioms, decls, file) 
126539     WARN  Test worker     d.u.i.k.n.KeYParser       [syntax-error] file:/home/runner/work/key/key/key.core/build/resources/main/de/uka/ilkd/key/proof/rules/ifThenElseRules.key:239:28: extraneous input '(' expecting {'\lemma', '}', IDENT, '/*!'} [@1608,6925:6925='(',<146>,239:28] (rulesOrAxioms, decls, file) 
126539     WARN  Test worker     d.u.i.k.n.KeYParser       [syntax-error] file:/home/runner/work/key/key/key.core/build/resources/main/de/uka/ilkd/key/proof/rules/ifThenElseRules.key:239:33: mismatched input '->' expecting {'(', '{'} [@1611,6930:6931='->',<158>,239:33] (taclet, rulesOrAxioms, decls, file) 
126539     WARN  Test worker     d.u.i.k.n.KeYParser       [syntax-error] file:/home/runner/work/key/key/key.core/build/resources/main/de/uka/ilkd/key/proof/rules/ifThenElseRules.key:240:8: extraneous input '\replacewith' expecting {'\lemma', '}', IDENT, '/*!'} [@1626,6979:6990='\replacewith',<105>,240:8] (rulesOrAxioms, decls, file) 
126539     WARN  Test worker     d.u.i.k.n.KeYParser       [syntax-error] file:/home/runner/work/key/key/key.core/build/resources/main/de/uka/ilkd/key/proof/rules/ifThenElseRules.key:240:25: mismatched input ')' expecting {'(', '{'} [@1629,6996:6996=')',<147>,240:25] (taclet, rulesOrAxioms, decls, file) 
126539     WARN  Test worker     d.u.i.k.n.KeYParser       [syntax-error] file:/home/runner/work/key/key/key.core/build/resources/main/de/uka/ilkd/key/proof/rules/ifThenElseRules.key:240:56: mismatched input ')' expecting {'(', '{'} [@1642,7027:7027=')',<147>,240:56] (taclet, rulesOrAxioms, decls, file) 
126540     WARN  Test worker     d.u.i.k.n.KeYParser       [syntax-error] file:/home/runner/work/key/key/key.core/build/resources/main/de/uka/ilkd/key/proof/rules/ifThenElseRules.key:245:14: mismatched input '\ifExintVar' expecting {MODALITY, FORALL, EXISTS, '\if', '\ifEx', 'true', 'false', '(', '{', '@', NOT, SEQARROW, '-', STRING_LITERAL, CHAR_LITERAL, BIN_LITERAL, HEX_LITERAL, IDENT, INT_LITERAL, FLOAT_LITERAL, DOUBLE_LITERAL, REAL_LITERAL} [@1658,7109:7119='\ifExintVar',<188>,245:14] (termorseq, taclet, rulesOrAxioms, decls, file) 
126540     WARN  Test worker     d.u.i.k.n.KeYParser       [syntax-error] file:/home/runner/work/key/key/key.core/build/resources/main/de/uka/ilkd/key/proof/rules/ifThenElseRules.key:245:27: extraneous input '(' expecting {'\lemma', '}', IDENT, '/*!'} [@1661,7122:7122='(',<146>,245:27] (rulesOrAxioms, decls, file) 
126540     WARN  Test worker     d.u.i.k.n.KeYParser       [syntax-error] file:/home/runner/work/key/key/key.core/build/resources/main/de/uka/ilkd/key/proof/rules/ifThenElseRules.key:245:31: mismatched input ')' expecting {'(', '{'} [@1663,7126:7126=')',<147>,245:31] (taclet, rulesOrAxioms, decls, file) 
126540     WARN  Test worker     d.u.i.k.n.KeYParser       [syntax-error] file:/home/runner/work/key/key/key.core/build/resources/main/de/uka/ilkd/key/proof/rules/ifThenElseRules.key:248:45: mismatched input '}' expecting {'(', '{'} [@1696,7268:7268='}',<149>,248:45] (taclet, rulesOrAxioms, decls, file) 
126540     WARN  Test worker     d.u.i.k.n.KeYParser       [syntax-error] file:/home/runner/work/key/key/key.core/build/resources/main/de/uka/ilkd/key/proof/rules/ifThenElseRules.key:249:8: extraneous input '\replacewith' expecting {'\lemma', '}', IDENT, '/*!'} [@1701,7284:7295='\replacewith',<105>,249:8] (rulesOrAxioms, decls, file) 
126540     WARN  Test worker     d.u.i.k.n.KeYParser       [syntax-error] file:/home/runner/work/key/key/key.core/build/resources/main/de/uka/ilkd/key/proof/rules/ifThenElseRules.key:249:38: mismatched input ')' expecting {'(', '{'} [@1708,7314:7314=')',<147>,249:38] (taclet, rulesOrAxioms, decls, file) 
126540     WARN  Test worker     d.u.i.k.n.KeYParser       [syntax-error] file:/home/runner/work/key/key/key.core/build/resources/main/de/uka/ilkd/key/proof/rules/ifThenElseRules.key:250:42: mismatched input '}' expecting {'(', '{'} [@1731,7381:7381='}',<149>,250:42] (taclet, rulesOrAxioms, decls, file) 
126540     WARN  Test worker     d.u.i.k.n.KeYParser       [syntax-error] file:/home/runner/work/key/key/key.core/build/resources/main/de/uka/ilkd/key/proof/rules/ifThenElseRules.key:251:28: extraneous input '(' expecting {'\lemma', '}', IDENT, '/*!'} [@1741,7416:7416='(',<146>,251:28] (rulesOrAxioms, decls, file) 
126540     WARN  Test worker     d.u.i.k.n.KeYParser       [syntax-error] file:/home/runner/work/key/key/key.core/build/resources/main/de/uka/ilkd/key/proof/rules/ifThenElseRules.key:251:33: mismatched input '->' expecting {'(', '{'} [@1744,7421:7422='->',<158>,251:33] (taclet, rulesOrAxioms, decls, file) 
126540     WARN  Test worker     d.u.i.k.n.KeYParser       [syntax-error] file:/home/runner/work/key/key/key.core/build/resources/main/de/uka/ilkd/key/proof/rules/ifThenElseRules.key:255:14: mismatched input '\ifExintVar' expecting {MODALITY, FORALL, EXISTS, '\if', '\ifEx', 'true', 'false', '(', '{', '@', NOT, SEQARROW, '-', STRING_LITERAL, CHAR_LITERAL, BIN_LITERAL, HEX_LITERAL, IDENT, INT_LITERAL, FLOAT_LITERAL, DOUBLE_LITERAL, REAL_LITERAL} [@1765,7506:7516='\ifExintVar',<188>,255:14] (termorseq, taclet, rulesOrAxioms, decls, file) 
126540     WARN  Test worker     d.u.i.k.n.KeYParser       [syntax-error] file:/home/runner/work/key/key/key.core/build/resources/main/de/uka/ilkd/key/proof/rules/ifThenElseRules.key:255:27: extraneous input '(' expecting {'\lemma', '}', IDENT, '/*!'} [@1768,7519:7519='(',<146>,255:27] (rulesOrAxioms, decls, file) 
126540     WARN  Test worker     d.u.i.k.n.KeYParser       [syntax-error] file:/home/runner/work/key/key/key.core/build/resources/main/de/uka/ilkd/key/proof/rules/ifThenElseRules.key:255:31: mismatched input ')' expecting {'(', '{'} [@1770,7523:7523=')',<147>,255:31] (taclet, rulesOrAxioms, decls, file) 
126540     WARN  Test worker     d.u.i.k.n.KeYParser       [syntax-error] file:/home/runner/work/key/key/key.core/build/resources/main/de/uka/ilkd/key/proof/rules/ifThenElseRules.key:258:52: extraneous input '0' expecting {'\lemma', '}', IDENT, '/*!'} [@1809,7667:7667='0',<184>,258:52] (rulesOrAxioms, decls, file) 
126540     WARN  Test worker     d.u.i.k.n.KeYParser       [syntax-error] file:/home/runner/work/key/key/key.core/build/resources/main/de/uka/ilkd/key/proof/rules/ifThenElseRules.key:258:54: mismatched input 'then' expecting {<EOF>, '\problem', '\chooseContract', '\proofObligation', '\proof'} [@1811,7669:7672='then',<183>,258:54] (file) 
126606     WARN  Test worker     d.u.i.k.n.KeYParser       [syntax-error] file:/home/runner/work/key/key/key.core/build/resources/main/de/uka/ilkd/key/proof/rules/ifThenElseRules.key:135:14: mismatched input '\ifExintVar' expecting {MODALITY, FORALL, EXISTS, '\if', '\ifEx', 'true', 'false', '(', '{', '@', NOT, SEQARROW, '-', STRING_LITERAL, CHAR_LITERAL, BIN_LITERAL, HEX_LITERAL, IDENT, INT_LITERAL, FLOAT_LITERAL, DOUBLE_LITERAL, REAL_LITERAL} [@745,3563:3573='\ifExintVar',<188>,135:14] (termorseq, taclet, rulesOrAxioms, decls, file) 
126606     WARN  Test worker     d.u.i.k.n.KeYParser       [syntax-error] file:/home/runner/work/key/key/key.core/build/resources/main/de/uka/ilkd/key/proof/rules/ifThenElseRules.key:135:27: extraneous input '(' expecting {'\lemma', '}', IDENT, '/*!'} [@748,3576:3576='(',<146>,135:27] (rulesOrAxioms, decls, file) 
126606     WARN  Test worker     d.u.i.k.n.KeYParser       [syntax-error] file:/home/runner/work/key/key/key.core/build/resources/main/de/uka/ilkd/key/proof/rules/ifThenElseRules.key:135:44: mismatched input ')' expecting {'(', '{'} [@754,3593:3593=')',<147>,135:44] (taclet, rulesOrAxioms, decls, file) 
126607     WARN  Test worker     d.u.i.k.n.KeYParser       [syntax-error] file:/home/runner/work/key/key/key.core/build/resources/main/de/uka/ilkd/key/proof/rules/ifThenElseRules.key:141:14: mismatched input '\ifExintVar' expecting {MODALITY, FORALL, EXISTS, '\if', '\ifEx', 'true', 'false', '(', '{', '@', NOT, SEQARROW, '-', STRING_LITERAL, CHAR_LITERAL, BIN_LITERAL, HEX_LITERAL, IDENT, INT_LITERAL, FLOAT_LITERAL, DOUBLE_LITERAL, REAL_LITERAL} [@780,3716:3726='\ifExintVar',<188>,141:14] (termorseq, taclet, rulesOrAxioms, decls, file) 
126607     WARN  Test worker     d.u.i.k.n.KeYParser       [syntax-error] file:/home/runner/work/key/key/key.core/build/resources/main/de/uka/ilkd/key/proof/rules/ifThenElseRules.key:141:27: extraneous input '(' expecting {'\lemma', '}', IDENT, '/*!'} [@783,3729:3729='(',<146>,141:27] (rulesOrAxioms, decls, file) 
126607     WARN  Test worker     d.u.i.k.n.KeYParser       [syntax-error] file:/home/runner/work/key/key/key.core/build/resources/main/de/uka/ilkd/key/proof/rules/ifThenElseRules.key:141:41: mismatched input ')' expecting {'(', '{'} [@789,3743:3743=')',<147>,141:41] (taclet, rulesOrAxioms, decls, file) 
126607     WARN  Test worker     d.u.i.k.n.KeYParser       [syntax-error] file:/home/runner/work/key/key/key.core/build/resources/main/de/uka/ilkd/key/proof/rules/ifThenElseRules.key:148:14: mismatched input '\ifExintVar' expecting {MODALITY, FORALL, EXISTS, '\if', '\ifEx', 'true', 'false', '(', '{', '@', NOT, SEQARROW, '-', STRING_LITERAL, CHAR_LITERAL, BIN_LITERAL, HEX_LITERAL, IDENT, INT_LITERAL, FLOAT_LITERAL, DOUBLE_LITERAL, REAL_LITERAL} [@819,3896:3906='\ifExintVar',<188>,148:14] (termorseq, taclet, rulesOrAxioms, decls, file) 
126607     WARN  Test worker     d.u.i.k.n.KeYParser       [syntax-error] file:/home/runner/work/key/key/key.core/build/resources/main/de/uka/ilkd/key/proof/rules/ifThenElseRules.key:148:27: extraneous input '(' expecting {'\lemma', '}', IDENT, '/*!'} [@822,3909:3909='(',<146>,148:27] (rulesOrAxioms, decls, file) 
126607     WARN  Test worker     d.u.i.k.n.KeYParser       [syntax-error] file:/home/runner/work/key/key/key.core/build/resources/main/de/uka/ilkd/key/proof/rules/ifThenElseRules.key:148:35: mismatched input '=' expecting {'(', '{'} [@825,3917:3917='=',<159>,148:35] (taclet, rulesOrAxioms, decls, file) 
126607     WARN  Test worker     d.u.i.k.n.KeYParser       [syntax-error] file:/home/runner/work/key/key/key.core/build/resources/main/de/uka/ilkd/key/proof/rules/ifThenElseRules.key:150:38: mismatched input '}' expecting {'(', '{'} [@859,4023:4023='}',<149>,150:38] (taclet, rulesOrAxioms, decls, file) 
126607     WARN  Test worker     d.u.i.k.n.KeYParser       [syntax-error] file:/home/runner/work/key/key/key.core/build/resources/main/de/uka/ilkd/key/proof/rules/ifThenElseRules.key:155:14: mismatched input '\ifExintVar' expecting {MODALITY, FORALL, EXISTS, '\if', '\ifEx', 'true', 'false', '(', '{', '@', NOT, SEQARROW, '-', STRING_LITERAL, CHAR_LITERAL, BIN_LITERAL, HEX_LITERAL, IDENT, INT_LITERAL, FLOAT_LITERAL, DOUBLE_LITERAL, REAL_LITERAL} [@877,4109:4119='\ifExintVar',<188>,155:14] (termorseq, taclet, rulesOrAxioms, decls, file) 
126607     WARN  Test worker     d.u.i.k.n.KeYParser       [syntax-error] file:/home/runner/work/key/key/key.core/build/resources/main/de/uka/ilkd/key/proof/rules/ifThenElseRules.key:155:27: extraneous input '(' expecting {'\lemma', '}', IDENT, '/*!'} [@880,4122:4122='(',<146>,155:27] (rulesOrAxioms, decls, file) 
126607     WARN  Test worker     d.u.i.k.n.KeYParser       [syntax-error] file:/home/runner/work/key/key/key.core/build/resources/main/de/uka/ilkd/key/proof/rules/ifThenElseRules.key:155:35: mismatched input '=' expecting {'(', '{'} [@883,4130:4130='=',<159>,155:35] (taclet, rulesOrAxioms, decls, file) 
126607     WARN  Test worker     d.u.i.k.n.KeYParser       [syntax-error] file:/home/runner/work/key/key/key.core/build/resources/main/de/uka/ilkd/key/proof/rules/ifThenElseRules.key:157:38: mismatched input '}' expecting {'(', '{'} [@917,4230:4230='}',<149>,157:38] (taclet, rulesOrAxioms, decls, file) 
126607     WARN  Test worker     d.u.i.k.n.KeYParser       [syntax-error] file:/home/runner/work/key/key/key.core/build/resources/main/de/uka/ilkd/key/proof/rules/ifThenElseRules.key:163:14: mismatched input '\ifExintVar' expecting {MODALITY, FORALL, EXISTS, '\if', '\ifEx', 'true', 'false', '(', '{', '@', NOT, SEQARROW, '-', STRING_LITERAL, CHAR_LITERAL, BIN_LITERAL, HEX_LITERAL, IDENT, INT_LITERAL, FLOAT_LITERAL, DOUBLE_LITERAL, REAL_LITERAL} [@939,4350:4360='\ifExintVar',<188>,163:14] (termorseq, taclet, rulesOrAxioms, decls, file) 
126607     WARN  Test worker     d.u.i.k.n.KeYParser       [syntax-error] file:/home/runner/work/key/key/key.core/build/resources/main/de/uka/ilkd/key/proof/rules/ifThenElseRules.key:163:27: extraneous input '(' expecting {'\lemma', '}', IDENT, '/*!'} [@942,4363:4363='(',<146>,163:27] (rulesOrAxioms, decls, file) 
126611     WARN  Test worker     d.u.i.k.n.KeYParser       [syntax-error] file:/home/runner/work/key/key/key.core/build/resources/main/de/uka/ilkd/key/proof/rules/ifThenElseRules.key:163:30: mismatched input '=' expecting {'(', '{'} [@945,4366:4366='=',<159>,163:30] (taclet, rulesOrAxioms, decls, file) 
126612     WARN  Test worker     d.u.i.k.n.KeYParser       [syntax-error] file:/home/runner/work/key/key/key.core/build/resources/main/de/uka/ilkd/key/proof/rules/ifThenElseRules.key:165:38: mismatched input '}' expecting {'(', '{'} [@979,4477:4477='}',<149>,165:38] (taclet, rulesOrAxioms, decls, file) 
126612     WARN  Test worker     d.u.i.k.n.KeYParser       [syntax-error] file:/home/runner/work/key/key/key.core/build/resources/main/de/uka/ilkd/key/proof/rules/ifThenElseRules.key:171:14: mismatched input '\ifExintVar' expecting {MODALITY, FORALL, EXISTS, '\if', '\ifEx', 'true', 'false', '(', '{', '@', NOT, SEQARROW, '-', STRING_LITERAL, CHAR_LITERAL, BIN_LITERAL, HEX_LITERAL, IDENT, INT_LITERAL, FLOAT_LITERAL, DOUBLE_LITERAL, REAL_LITERAL} [@1001,4604:4614='\ifExintVar',<188>,171:14] (termorseq, taclet, rulesOrAxioms, decls, file) 
126612     WARN  Test worker     d.u.i.k.n.KeYParser       [syntax-error] file:/home/runner/work/key/key/key.core/build/resources/main/de/uka/ilkd/key/proof/rules/ifThenElseRules.key:171:27: extraneous input '(' expecting {'\lemma', '}', IDENT, '/*!'} [@1004,4617:4617='(',<146>,171:27] (rulesOrAxioms, decls, file) 
126612     WARN  Test worker     d.u.i.k.n.KeYParser       [syntax-error] file:/home/runner/work/key/key/key.core/build/resources/main/de/uka/ilkd/key/proof/rules/ifThenElseRules.key:171:30: mismatched input '=' expecting {'(', '{'} [@1007,4620:4620='=',<159>,171:30] (taclet, rulesOrAxioms, decls, file) 
126612     WARN  Test worker     d.u.i.k.n.KeYParser       [syntax-error] file:/home/runner/work/key/key/key.core/build/resources/main/de/uka/ilkd/key/proof/rules/ifThenElseRules.key:173:38: mismatched input '}' expecting {'(', '{'} [@1041,4725:4725='}',<149>,173:38] (taclet, rulesOrAxioms, decls, file) 
126612     WARN  Test worker     d.u.i.k.n.KeYParser       [syntax-error] file:/home/runner/work/key/key/key.core/build/resources/main/de/uka/ilkd/key/proof/rules/ifThenElseRules.key:179:14: mismatched input '\ifExintVar' expecting {MODALITY, FORALL, EXISTS, '\if', '\ifEx', 'true', 'false', '(', '{', '@', NOT, SEQARROW, '-', STRING_LITERAL, CHAR_LITERAL, BIN_LITERAL, HEX_LITERAL, IDENT, INT_LITERAL, FLOAT_LITERAL, DOUBLE_LITERAL, REAL_LITERAL} [@1063,4848:4858='\ifExintVar',<188>,179:14] (termorseq, taclet, rulesOrAxioms, decls, file) 
126612     WARN  Test worker     d.u.i.k.n.KeYParser       [syntax-error] file:/home/runner/work/key/key/key.core/build/resources/main/de/uka/ilkd/key/proof/rules/ifThenElseRules.key:179:27: extraneous input '(' expecting {'\lemma', '}', IDENT, '/*!'} [@1066,4861:4861='(',<146>,179:27] (rulesOrAxioms, decls, file) 
126612     WARN  Test worker     d.u.i.k.n.KeYParser       [syntax-error] file:/home/runner/work/key/key/key.core/build/resources/main/de/uka/ilkd/key/proof/rules/ifThenElseRules.key:179:32: mismatched input '&' expecting {'(', '{'} [@1069,4866:4866='&',<156>,179:32] (taclet, rulesOrAxioms, decls, file) 
126612     WARN  Test worker     d.u.i.k.n.KeYParser       [syntax-error] file:/home/runner/work/key/key/key.core/build/resources/main/de/uka/ilkd/key/proof/rules/ifThenElseRules.key:181:42: mismatched input '}' expecting {'(', '{'} [@1109,4985:4985='}',<149>,181:42] (taclet, rulesOrAxioms, decls, file) 
126612     WARN  Test worker     d.u.i.k.n.KeYParser       [syntax-error] file:/home/runner/work/key/key/key.core/build/resources/main/de/uka/ilkd/key/proof/rules/ifThenElseRules.key:182:39: mismatched input '}' expecting {'(', '{'} [@1122,5030:5030='}',<149>,182:39] (taclet, rulesOrAxioms, decls, file) 
126612     WARN  Test worker     d.u.i.k.n.KeYParser       [syntax-error] file:/home/runner/work/key/key/key.core/build/resources/main/de/uka/ilkd/key/proof/rules/ifThenElseRules.key:188:14: mismatched input '\ifExintVar' expecting {MODALITY, FORALL, EXISTS, '\if', '\ifEx', 'true', 'false', '(', '{', '@', NOT, SEQARROW, '-', STRING_LITERAL, CHAR_LITERAL, BIN_LITERAL, HEX_LITERAL, IDENT, INT_LITERAL, FLOAT_LITERAL, DOUBLE_LITERAL, REAL_LITERAL} [@1146,5149:5159='\ifExintVar',<188>,188:14] (termorseq, taclet, rulesOrAxioms, decls, file) 
126612     WARN  Test worker     d.u.i.k.n.KeYParser       [syntax-error] file:/home/runner/work/key/key/key.core/build/resources/main/de/uka/ilkd/key/proof/rules/ifThenElseRules.key:188:27: extraneous input '(' expecting {'\lemma', '}', IDENT, '/*!'} [@1149,5162:5162='(',<146>,188:27] (rulesOrAxioms, decls, file) 
126612     WARN  Test worker     d.u.i.k.n.KeYParser       [syntax-error] file:/home/runner/work/key/key/key.core/build/resources/main/de/uka/ilkd/key/proof/rules/ifThenElseRules.key:188:32: mismatched input '&' expecting {'(', '{'} [@1152,5167:5167='&',<156>,188:32] (taclet, rulesOrAxioms, decls, file) 
126612     WARN  Test worker     d.u.i.k.n.KeYParser       [syntax-error] file:/home/runner/work/key/key/key.core/build/resources/main/de/uka/ilkd/key/proof/rules/ifThenElseRules.key:190:42: mismatched input '}' expecting {'(', '{'} [@1192,5280:5280='}',<149>,190:42] (taclet, rulesOrAxioms, decls, file) 
126612     WARN  Test worker     d.u.i.k.n.KeYParser       [syntax-error] file:/home/runner/work/key/key/key.core/build/resources/main/de/uka/ilkd/key/proof/rules/ifThenElseRules.key:191:39: mismatched input '}' expecting {'(', '{'} [@1205,5325:5325='}',<149>,191:39] (taclet, rulesOrAxioms, decls, file) 
126612     WARN  Test worker     d.u.i.k.n.KeYParser       [syntax-error] file:/home/runner/work/key/key/key.core/build/resources/main/de/uka/ilkd/key/proof/rules/ifThenElseRules.key:198:14: mismatched input '\ifExintVar' expecting {MODALITY, FORALL, EXISTS, '\if', '\ifEx', 'true', 'false', '(', '{', '@', NOT, SEQARROW, '-', STRING_LITERAL, CHAR_LITERAL, BIN_LITERAL, HEX_LITERAL, IDENT, INT_LITERAL, FLOAT_LITERAL, DOUBLE_LITERAL, REAL_LITERAL} [@1233,5475:5485='\ifExintVar',<188>,198:14] (termorseq, taclet, rulesOrAxioms, decls, file) 
126612     WARN  Test worker     d.u.i.k.n.KeYParser       [syntax-error] file:/home/runner/work/key/key/key.core/build/resources/main/de/uka/ilkd/key/proof/rules/ifThenElseRules.key:198:27: extraneous input '(' expecting {'\lemma', '}', IDENT, '/*!'} [@1236,5488:5488='(',<146>,198:27] (rulesOrAxioms, decls, file) 
126613     WARN  Test worker     d.u.i.k.n.KeYParser       [syntax-error] file:/home/runner/work/key/key/key.core/build/resources/main/de/uka/ilkd/key/proof/rules/ifThenElseRules.key:198:32: mismatched input '&' expecting {'(', '{'} [@1239,5493:5493='&',<156>,198:32] (taclet, rulesOrAxioms, decls, file) 
126613     WARN  Test worker     d.u.i.k.n.KeYParser       [syntax-error] file:/home/runner/work/key/key/key.core/build/resources/main/de/uka/ilkd/key/proof/rules/ifThenElseRules.key:200:42: mismatched input '}' expecting {'(', '{'} [@1279,5612:5612='}',<149>,200:42] (taclet, rulesOrAxioms, decls, file) 
126613     WARN  Test worker     d.u.i.k.n.KeYParser       [syntax-error] file:/home/runner/work/key/key/key.core/build/resources/main/de/uka/ilkd/key/proof/rules/ifThenElseRules.key:201:39: mismatched input '}' expecting {'(', '{'} [@1292,5657:5657='}',<149>,201:39] (taclet, rulesOrAxioms, decls, file) 
126613     WARN  Test worker     d.u.i.k.n.KeYParser       [syntax-error] file:/home/runner/work/key/key/key.core/build/resources/main/de/uka/ilkd/key/proof/rules/ifThenElseRules.key:208:14: mismatched input '\ifExintVar' expecting {MODALITY, FORALL, EXISTS, '\if', '\ifEx', 'true', 'false', '(', '{', '@', NOT, SEQARROW, '-', STRING_LITERAL, CHAR_LITERAL, BIN_LITERAL, HEX_LITERAL, IDENT, INT_LITERAL, FLOAT_LITERAL, DOUBLE_LITERAL, REAL_LITERAL} [@1320,5817:5827='\ifExintVar',<188>,208:14] (termorseq, taclet, rulesOrAxioms, decls, file) 
126613     WARN  Test worker     d.u.i.k.n.KeYParser       [syntax-error] file:/home/runner/work/key/key/key.core/build/resources/main/de/uka/ilkd/key/proof/rules/ifThenElseRules.key:208:27: extraneous input '(' expecting {'\lemma', '}', IDENT, '/*!'} [@1323,5830:5830='(',<146>,208:27] (rulesOrAxioms, decls, file) 
126613     WARN  Test worker     d.u.i.k.n.KeYParser       [syntax-error] file:/home/runner/work/key/key/key.core/build/resources/main/de/uka/ilkd/key/proof/rules/ifThenElseRules.key:208:32: mismatched input '&' expecting {'(', '{'} [@1326,5835:5835='&',<156>,208:32] (taclet, rulesOrAxioms, decls, file) 
126613     WARN  Test worker     d.u.i.k.n.KeYParser       [syntax-error] file:/home/runner/work/key/key/key.core/build/resources/main/de/uka/ilkd/key/proof/rules/ifThenElseRules.key:210:42: mismatched input '}' expecting {'(', '{'} [@1366,5948:5948='}',<149>,210:42] (taclet, rulesOrAxioms, decls, file) 
126613     WARN  Test worker     d.u.i.k.n.KeYParser       [syntax-error] file:/home/runner/work/key/key/key.core/build/resources/main/de/uka/ilkd/key/proof/rules/ifThenElseRules.key:211:39: mismatched input '}' expecting {'(', '{'} [@1379,5993:5993='}',<149>,211:39] (taclet, rulesOrAxioms, decls, file) 
126613     WARN  Test worker     d.u.i.k.n.KeYParser       [syntax-error] file:/home/runner/work/key/key/key.core/build/resources/main/de/uka/ilkd/key/proof/rules/ifThenElseRules.key:218:14: mismatched input '\ifExintVar' expecting {MODALITY, FORALL, EXISTS, '\if', '\ifEx', 'true', 'false', '(', '{', '@', NOT, SEQARROW, '-', STRING_LITERAL, CHAR_LITERAL, BIN_LITERAL, HEX_LITERAL, IDENT, INT_LITERAL, FLOAT_LITERAL, DOUBLE_LITERAL, REAL_LITERAL} [@1407,6146:6156='\ifExintVar',<188>,218:14] (termorseq, taclet, rulesOrAxioms, decls, file) 
126613     WARN  Test worker     d.u.i.k.n.KeYParser       [syntax-error] file:/home/runner/work/key/key/key.core/build/resources/main/de/uka/ilkd/key/proof/rules/ifThenElseRules.key:218:27: extraneous input '(' expecting {'\lemma', '}', IDENT, '/*!'} [@1410,6159:6159='(',<146>,218:27] (rulesOrAxioms, decls, file) 
126613     WARN  Test worker     d.u.i.k.n.KeYParser       [syntax-error] file:/home/runner/work/key/key/key.core/build/resources/main/de/uka/ilkd/key/proof/rules/ifThenElseRules.key:218:31: mismatched input ')' expecting {'(', '{'} [@1412,6163:6163=')',<147>,218:31] (taclet, rulesOrAxioms, decls, file) 
126613     WARN  Test worker     d.u.i.k.n.KeYParser       [syntax-error] file:/home/runner/work/key/key/key.core/build/resources/main/de/uka/ilkd/key/proof/rules/ifThenElseRules.key:220:44: mismatched input ')' expecting {'(', '{'} [@1444,6275:6275=')',<147>,220:44] (taclet, rulesOrAxioms, decls, file) 
126613     WARN  Test worker     d.u.i.k.n.KeYParser       [syntax-error] file:/home/runner/work/key/key/key.core/build/resources/main/de/uka/ilkd/key/proof/rules/ifThenElseRules.key:225:14: mismatched input '\ifExintVar' expecting {MODALITY, FORALL, EXISTS, '\if', '\ifEx', 'true', 'false', '(', '{', '@', NOT, SEQARROW, '-', STRING_LITERAL, CHAR_LITERAL, BIN_LITERAL, HEX_LITERAL, IDENT, INT_LITERAL, FLOAT_LITERAL, DOUBLE_LITERAL, REAL_LITERAL} [@1471,6389:6399='\ifExintVar',<188>,225:14] (termorseq, taclet, rulesOrAxioms, decls, file) 
126613     WARN  Test worker     d.u.i.k.n.KeYParser       [syntax-error] file:/home/runner/work/key/key/key.core/build/resources/main/de/uka/ilkd/key/proof/rules/ifThenElseRules.key:225:27: extraneous input '(' expecting {'\lemma', '}', IDENT, '/*!'} [@1474,6402:6402='(',<146>,225:27] (rulesOrAxioms, decls, file) 
126613     WARN  Test worker     d.u.i.k.n.KeYParser       [syntax-error] file:/home/runner/work/key/key/key.core/build/resources/main/de/uka/ilkd/key/proof/rules/ifThenElseRules.key:225:31: mismatched input ')' expecting {'(', '{'} [@1476,6406:6406=')',<147>,225:31] (taclet, rulesOrAxioms, decls, file) 
126613     WARN  Test worker     d.u.i.k.n.KeYParser       [syntax-error] file:/home/runner/work/key/key/key.core/build/resources/main/de/uka/ilkd/key/proof/rules/ifThenElseRules.key:227:44: mismatched input ')' expecting {'(', '{'} [@1508,6509:6509=')',<147>,227:44] (taclet, rulesOrAxioms, decls, file) 
126613     WARN  Test worker     d.u.i.k.n.KeYParser       [syntax-error] file:/home/runner/work/key/key/key.core/build/resources/main/de/uka/ilkd/key/proof/rules/ifThenElseRules.key:233:14: mismatched input '\ifExintVar' expecting {MODALITY, FORALL, EXISTS, '\if', '\ifEx', 'true', 'false', '(', '{', '@', NOT, SEQARROW, '-', STRING_LITERAL, CHAR_LITERAL, BIN_LITERAL, HEX_LITERAL, IDENT, INT_LITERAL, FLOAT_LITERAL, DOUBLE_LITERAL, REAL_LITERAL} [@1539,6656:6666='\ifExintVar',<188>,233:14] (termorseq, taclet, rulesOrAxioms, decls, file) 
126613     WARN  Test worker     d.u.i.k.n.KeYParser       [syntax-error] file:/home/runner/work/key/key/key.core/build/resources/main/de/uka/ilkd/key/proof/rules/ifThenElseRules.key:233:27: extraneous input '(' expecting {'\lemma', '}', IDENT, '/*!'} [@1542,6669:6669='(',<146>,233:27] (rulesOrAxioms, decls, file) 
126613     WARN  Test worker     d.u.i.k.n.KeYParser       [syntax-error] file:/home/runner/work/key/key/key.core/build/resources/main/de/uka/ilkd/key/proof/rules/ifThenElseRules.key:233:31: mismatched input ')' expecting {'(', '{'} [@1544,6673:6673=')',<147>,233:31] (taclet, rulesOrAxioms, decls, file) 
126613     WARN  Test worker     d.u.i.k.n.KeYParser       [syntax-error] file:/home/runner/work/key/key/key.core/build/resources/main/de/uka/ilkd/key/proof/rules/ifThenElseRules.key:237:42: mismatched input '}' expecting {'(', '{'} [@1586,6850:6850='}',<149>,237:42] (taclet, rulesOrAxioms, decls, file) 
126614     WARN  Test worker     d.u.i.k.n.KeYParser       [syntax-error] file:/home/runner/work/key/key/key.core/build/resources/main/de/uka/ilkd/key/proof/rules/ifThenElseRules.key:238:34: mismatched input '}' expecting {'(', '{'} [@1599,6891:6891='}',<149>,238:34] (taclet, rulesOrAxioms, decls, file) 
126614     WARN  Test worker     d.u.i.k.n.KeYParser       [syntax-error] file:/home/runner/work/key/key/key.core/build/resources/main/de/uka/ilkd/key/proof/rules/ifThenElseRules.key:239:28: extraneous input '(' expecting {'\lemma', '}', IDENT, '/*!'} [@1608,6925:6925='(',<146>,239:28] (rulesOrAxioms, decls, file) 
126614     WARN  Test worker     d.u.i.k.n.KeYParser       [syntax-error] file:/home/runner/work/key/key/key.core/build/resources/main/de/uka/ilkd/key/proof/rules/ifThenElseRules.key:239:33: mismatched input '->' expecting {'(', '{'} [@1611,6930:6931='->',<158>,239:33] (taclet, rulesOrAxioms, decls, file) 
126614     WARN  Test worker     d.u.i.k.n.KeYParser       [syntax-error] file:/home/runner/work/key/key/key.core/build/resources/main/de/uka/ilkd/key/proof/rules/ifThenElseRules.key:240:8: extraneous input '\replacewith' expecting {'\lemma', '}', IDENT, '/*!'} [@1626,6979:6990='\replacewith',<105>,240:8] (rulesOrAxioms, decls, file) 
126614     WARN  Test worker     d.u.i.k.n.KeYParser       [syntax-error] file:/home/runner/work/key/key/key.core/build/resources/main/de/uka/ilkd/key/proof/rules/ifThenElseRules.key:240:25: mismatched input ')' expecting {'(', '{'} [@1629,6996:6996=')',<147>,240:25] (taclet, rulesOrAxioms, decls, file) 
126614     WARN  Test worker     d.u.i.k.n.KeYParser       [syntax-error] file:/home/runner/work/key/key/key.core/build/resources/main/de/uka/ilkd/key/proof/rules/ifThenElseRules.key:240:56: mismatched input ')' expecting {'(', '{'} [@1642,7027:7027=')',<147>,240:56] (taclet, rulesOrAxioms, decls, file) 
126614     WARN  Test worker     d.u.i.k.n.KeYParser       [syntax-error] file:/home/runner/work/key/key/key.core/build/resources/main/de/uka/ilkd/key/proof/rules/ifThenElseRules.key:245:14: mismatched input '\ifExintVar' expecting {MODALITY, FORALL, EXISTS, '\if', '\ifEx', 'true', 'false', '(', '{', '@', NOT, SEQARROW, '-', STRING_LITERAL, CHAR_LITERAL, BIN_LITERAL, HEX_LITERAL, IDENT, INT_LITERAL, FLOAT_LITERAL, DOUBLE_LITERAL, REAL_LITERAL} [@1658,7109:7119='\ifExintVar',<188>,245:14] (termorseq, taclet, rulesOrAxioms, decls, file) 
126614     WARN  Test worker     d.u.i.k.n.KeYParser       [syntax-error] file:/home/runner/work/key/key/key.core/build/resources/main/de/uka/ilkd/key/proof/rules/ifThenElseRules.key:245:27: extraneous input '(' expecting {'\lemma', '}', IDENT, '/*!'} [@1661,7122:7122='(',<146>,245:27] (rulesOrAxioms, decls, file) 
126614     WARN  Test worker     d.u.i.k.n.KeYParser       [syntax-error] file:/home/runner/work/key/key/key.core/build/resources/main/de/uka/ilkd/key/proof/rules/ifThenElseRules.key:245:31: mismatched input ')' expecting {'(', '{'} [@1663,7126:7126=')',<147>,245:31] (taclet, rulesOrAxioms, decls, file) 
126614     WARN  Test worker     d.u.i.k.n.KeYParser       [syntax-error] file:/home/runner/work/key/key/key.core/build/resources/main/de/uka/ilkd/key/proof/rules/ifThenElseRules.key:248:45: mismatched input '}' expecting {'(', '{'} [@1696,7268:7268='}',<149>,248:45] (taclet, rulesOrAxioms, decls, file) 
126614     WARN  Test worker     d.u.i.k.n.KeYParser       [syntax-error] file:/home/runner/work/key/key/key.core/build/resources/main/de/uka/ilkd/key/proof/rules/ifThenElseRules.key:249:8: extraneous input '\replacewith' expecting {'\lemma', '}', IDENT, '/*!'} [@1701,7284:7295='\replacewith',<105>,249:8] (rulesOrAxioms, decls, file) 
126614     WARN  Test worker     d.u.i.k.n.KeYParser       [syntax-error] file:/home/runner/work/key/key/key.core/build/resources/main/de/uka/ilkd/key/proof/rules/ifThenElseRules.key:249:38: mismatched input ')' expecting {'(', '{'} [@1708,7314:7314=')',<147>,249:38] (taclet, rulesOrAxioms, decls, file) 
126614     WARN  Test worker     d.u.i.k.n.KeYParser       [syntax-error] file:/home/runner/work/key/key/key.core/build/resources/main/de/uka/ilkd/key/proof/rules/ifThenElseRules.key:250:42: mismatched input '}' expecting {'(', '{'} [@1731,7381:7381='}',<149>,250:42] (taclet, rulesOrAxioms, decls, file) 
126614     WARN  Test worker     d.u.i.k.n.KeYParser       [syntax-error] file:/home/runner/work/key/key/key.core/build/resources/main/de/uka/ilkd/key/proof/rules/ifThenElseRules.key:251:28: extraneous input '(' expecting {'\lemma', '}', IDENT, '/*!'} [@1741,7416:7416='(',<146>,251:28] (rulesOrAxioms, decls, file) 
126614     WARN  Test worker     d.u.i.k.n.KeYParser       [syntax-error] file:/home/runner/work/key/key/key.core/build/resources/main/de/uka/ilkd/key/proof/rules/ifThenElseRules.key:251:33: mismatched input '->' expecting {'(', '{'} [@1744,7421:7422='->',<158>,251:33] (taclet, rulesOrAxioms, decls, file) 
126614     WARN  Test worker     d.u.i.k.n.KeYParser       [syntax-error] file:/home/runner/work/key/key/key.core/build/resources/main/de/uka/ilkd/key/proof/rules/ifThenElseRules.key:255:14: mismatched input '\ifExintVar' expecting {MODALITY, FORALL, EXISTS, '\if', '\ifEx', 'true', 'false', '(', '{', '@', NOT, SEQARROW, '-', STRING_LITERAL, CHAR_LITERAL, BIN_LITERAL, HEX_LITERAL, IDENT, INT_LITERAL, FLOAT_LITERAL, DOUBLE_LITERAL, REAL_LITERAL} [@1765,7506:7516='\ifExintVar',<188>,255:14] (termorseq, taclet, rulesOrAxioms, decls, file) 
126614     WARN  Test worker     d.u.i.k.n.KeYParser       [syntax-error] file:/home/runner/work/key/key/key.core/build/resources/main/de/uka/ilkd/key/proof/rules/ifThenElseRules.key:255:27: extraneous input '(' expecting {'\lemma', '}', IDENT, '/*!'} [@1768,7519:7519='(',<146>,255:27] (rulesOrAxioms, decls, file) 
126614     WARN  Test worker     d.u.i.k.n.KeYParser       [syntax-error] file:/home/runner/work/key/key/key.core/build/resources/main/de/uka/ilkd/key/proof/rules/ifThenElseRules.key:255:31: mismatched input ')' expecting {'(', '{'} [@1770,7523:7523=')',<147>,255:31] (taclet, rulesOrAxioms, decls, file) 
126614     WARN  Test worker     d.u.i.k.n.KeYParser       [syntax-error] file:/home/runner/work/key/key/key.core/build/resources/main/de/uka/ilkd/key/proof/rules/ifThenElseRules.key:258:52: extraneous input '0' expecting {'\lemma', '}', IDENT, '/*!'} [@1809,7667:7667='0',<184>,258:52] (rulesOrAxioms, decls, file) 
126614     WARN  Test worker     d.u.i.k.n.KeYParser       [syntax-error] file:/home/runner/work/key/key/key.core/build/resources/main/de/uka/ilkd/key/proof/rules/ifThenElseRules.key:258:54: mismatched input 'then' expecting {<EOF>, '\problem', '\chooseContract', '\proofObligation', '\proof'} [@1811,7669:7672='then',<183>,258:54] (file) 
126686     WARN  Test worker     d.u.i.k.n.KeYParser       [syntax-error] file:/home/runner/work/key/key/key.core/build/resources/main/de/uka/ilkd/key/proof/rules/ifThenElseRules.key:135:14: mismatched input '\ifExintVar' expecting {MODALITY, FORALL, EXISTS, '\if', '\ifEx', 'true', 'false', '(', '{', '@', NOT, SEQARROW, '-', STRING_LITERAL, CHAR_LITERAL, BIN_LITERAL, HEX_LITERAL, IDENT, INT_LITERAL, FLOAT_LITERAL, DOUBLE_LITERAL, REAL_LITERAL} [@745,3563:3573='\ifExintVar',<188>,135:14] (termorseq, taclet, rulesOrAxioms, decls, file) 
126686     WARN  Test worker     d.u.i.k.n.KeYParser       [syntax-error] file:/home/runner/work/key/key/key.core/build/resources/main/de/uka/ilkd/key/proof/rules/ifThenElseRules.key:135:27: extraneous input '(' expecting {'\lemma', '}', IDENT, '/*!'} [@748,3576:3576='(',<146>,135:27] (rulesOrAxioms, decls, file) 
126686     WARN  Test worker     d.u.i.k.n.KeYParser       [syntax-error] file:/home/runner/work/key/key/key.core/build/resources/main/de/uka/ilkd/key/proof/rules/ifThenElseRules.key:135:44: mismatched input ')' expecting {'(', '{'} [@754,3593:3593=')',<147>,135:44] (taclet, rulesOrAxioms, decls, file) 
126686     WARN  Test worker     d.u.i.k.n.KeYParser       [syntax-error] file:/home/runner/work/key/key/key.core/build/resources/main/de/uka/ilkd/key/proof/rules/ifThenElseRules.key:141:14: mismatched input '\ifExintVar' expecting {MODALITY, FORALL, EXISTS, '\if', '\ifEx', 'true', 'false', '(', '{', '@', NOT, SEQARROW, '-', STRING_LITERAL, CHAR_LITERAL, BIN_LITERAL, HEX_LITERAL, IDENT, INT_LITERAL, FLOAT_LITERAL, DOUBLE_LITERAL, REAL_LITERAL} [@780,3716:3726='\ifExintVar',<188>,141:14] (termorseq, taclet, rulesOrAxioms, decls, file) 
126686     WARN  Test worker     d.u.i.k.n.KeYParser       [syntax-error] file:/home/runner/work/key/key/key.core/build/resources/main/de/uka/ilkd/key/proof/rules/ifThenElseRules.key:141:27: extraneous input '(' expecting {'\lemma', '}', IDENT, '/*!'} [@783,3729:3729='(',<146>,141:27] (rulesOrAxioms, decls, file) 
126686     WARN  Test worker     d.u.i.k.n.KeYParser       [syntax-error] file:/home/runner/work/key/key/key.core/build/resources/main/de/uka/ilkd/key/proof/rules/ifThenElseRules.key:141:41: mismatched input ')' expecting {'(', '{'} [@789,3743:3743=')',<147>,141:41] (taclet, rulesOrAxioms, decls, file) 
126686     WARN  Test worker     d.u.i.k.n.KeYParser       [syntax-error] file:/home/runner/work/key/key/key.core/build/resources/main/de/uka/ilkd/key/proof/rules/ifThenElseRules.key:148:14: mismatched input '\ifExintVar' expecting {MODALITY, FORALL, EXISTS, '\if', '\ifEx', 'true', 'false', '(', '{', '@', NOT, SEQARROW, '-', STRING_LITERAL, CHAR_LITERAL, BIN_LITERAL, HEX_LITERAL, IDENT, INT_LITERAL, FLOAT_LITERAL, DOUBLE_LITERAL, REAL_LITERAL} [@819,3896:3906='\ifExintVar',<188>,148:14] (termorseq, taclet, rulesOrAxioms, decls, file) 
126686     WARN  Test worker     d.u.i.k.n.KeYParser       [syntax-error] file:/home/runner/work/key/key/key.core/build/resources/main/de/uka/ilkd/key/proof/rules/ifThenElseRules.key:148:27: extraneous input '(' expecting {'\lemma', '}', IDENT, '/*!'} [@822,3909:3909='(',<146>,148:27] (rulesOrAxioms, decls, file) 
126686     WARN  Test worker     d.u.i.k.n.KeYParser       [syntax-error] file:/home/runner/work/key/key/key.core/build/resources/main/de/uka/ilkd/key/proof/rules/ifThenElseRules.key:148:35: mismatched input '=' expecting {'(', '{'} [@825,3917:3917='=',<159>,148:35] (taclet, rulesOrAxioms, decls, file) 
126686     WARN  Test worker     d.u.i.k.n.KeYParser       [syntax-error] file:/home/runner/work/key/key/key.core/build/resources/main/de/uka/ilkd/key/proof/rules/ifThenElseRules.key:150:38: mismatched input '}' expecting {'(', '{'} [@859,4023:4023='}',<149>,150:38] (taclet, rulesOrAxioms, decls, file) 
126686     WARN  Test worker     d.u.i.k.n.KeYParser       [syntax-error] file:/home/runner/work/key/key/key.core/build/resources/main/de/uka/ilkd/key/proof/rules/ifThenElseRules.key:155:14: mismatched input '\ifExintVar' expecting {MODALITY, FORALL, EXISTS, '\if', '\ifEx', 'true', 'false', '(', '{', '@', NOT, SEQARROW, '-', STRING_LITERAL, CHAR_LITERAL, BIN_LITERAL, HEX_LITERAL, IDENT, INT_LITERAL, FLOAT_LITERAL, DOUBLE_LITERAL, REAL_LITERAL} [@877,4109:4119='\ifExintVar',<188>,155:14] (termorseq, taclet, rulesOrAxioms, decls, file) 
126686     WARN  Test worker     d.u.i.k.n.KeYParser       [syntax-error] file:/home/runner/work/key/key/key.core/build/resources/main/de/uka/ilkd/key/proof/rules/ifThenElseRules.key:155:27: extraneous input '(' expecting {'\lemma', '}', IDENT, '/*!'} [@880,4122:4122='(',<146>,155:27] (rulesOrAxioms, decls, file) 
126687     WARN  Test worker     d.u.i.k.n.KeYParser       [syntax-error] file:/home/runner/work/key/key/key.core/build/resources/main/de/uka/ilkd/key/proof/rules/ifThenElseRules.key:155:35: mismatched input '=' expecting {'(', '{'} [@883,4130:4130='=',<159>,155:35] (taclet, rulesOrAxioms, decls, file) 
126687     WARN  Test worker     d.u.i.k.n.KeYParser       [syntax-error] file:/home/runner/work/key/key/key.core/build/resources/main/de/uka/ilkd/key/proof/rules/ifThenElseRules.key:157:38: mismatched input '}' expecting {'(', '{'} [@917,4230:4230='}',<149>,157:38] (taclet, rulesOrAxioms, decls, file) 
126687     WARN  Test worker     d.u.i.k.n.KeYParser       [syntax-error] file:/home/runner/work/key/key/key.core/build/resources/main/de/uka/ilkd/key/proof/rules/ifThenElseRules.key:163:14: mismatched input '\ifExintVar' expecting {MODALITY, FORALL, EXISTS, '\if', '\ifEx', 'true', 'false', '(', '{', '@', NOT, SEQARROW, '-', STRING_LITERAL, CHAR_LITERAL, BIN_LITERAL, HEX_LITERAL, IDENT, INT_LITERAL, FLOAT_LITERAL, DOUBLE_LITERAL, REAL_LITERAL} [@939,4350:4360='\ifExintVar',<188>,163:14] (termorseq, taclet, rulesOrAxioms, decls, file) 
126687     WARN  Test worker     d.u.i.k.n.KeYParser       [syntax-error] file:/home/runner/work/key/key/key.core/build/resources/main/de/uka/ilkd/key/proof/rules/ifThenElseRules.key:163:27: extraneous input '(' expecting {'\lemma', '}', IDENT, '/*!'} [@942,4363:4363='(',<146>,163:27] (rulesOrAxioms, decls, file) 
126687     WARN  Test worker     d.u.i.k.n.KeYParser       [syntax-error] file:/home/runner/work/key/key/key.core/build/resources/main/de/uka/ilkd/key/proof/rules/ifThenElseRules.key:163:30: mismatched input '=' expecting {'(', '{'} [@945,4366:4366='=',<159>,163:30] (taclet, rulesOrAxioms, decls, file) 
126687     WARN  Test worker     d.u.i.k.n.KeYParser       [syntax-error] file:/home/runner/work/key/key/key.core/build/resources/main/de/uka/ilkd/key/proof/rules/ifThenElseRules.key:165:38: mismatched input '}' expecting {'(', '{'} [@979,4477:4477='}',<149>,165:38] (taclet, rulesOrAxioms, decls, file) 
126687     WARN  Test worker     d.u.i.k.n.KeYParser       [syntax-error] file:/home/runner/work/key/key/key.core/build/resources/main/de/uka/ilkd/key/proof/rules/ifThenElseRules.key:171:14: mismatched input '\ifExintVar' expecting {MODALITY, FORALL, EXISTS, '\if', '\ifEx', 'true', 'false', '(', '{', '@', NOT, SEQARROW, '-', STRING_LITERAL, CHAR_LITERAL, BIN_LITERAL, HEX_LITERAL, IDENT, INT_LITERAL, FLOAT_LITERAL, DOUBLE_LITERAL, REAL_LITERAL} [@1001,4604:4614='\ifExintVar',<188>,171:14] (termorseq, taclet, rulesOrAxioms, decls, file) 
126687     WARN  Test worker     d.u.i.k.n.KeYParser       [syntax-error] file:/home/runner/work/key/key/key.core/build/resources/main/de/uka/ilkd/key/proof/rules/ifThenElseRules.key:171:27: extraneous input '(' expecting {'\lemma', '}', IDENT, '/*!'} [@1004,4617:4617='(',<146>,171:27] (rulesOrAxioms, decls, file) 
126687     WARN  Test worker     d.u.i.k.n.KeYParser       [syntax-error] file:/home/runner/work/key/key/key.core/build/resources/main/de/uka/ilkd/key/proof/rules/ifThenElseRules.key:171:30: mismatched input '=' expecting {'(', '{'} [@1007,4620:4620='=',<159>,171:30] (taclet, rulesOrAxioms, decls, file) 
126687     WARN  Test worker     d.u.i.k.n.KeYParser       [syntax-error] file:/home/runner/work/key/key/key.core/build/resources/main/de/uka/ilkd/key/proof/rules/ifThenElseRules.key:173:38: mismatched input '}' expecting {'(', '{'} [@1041,4725:4725='}',<149>,173:38] (taclet, rulesOrAxioms, decls, file) 
126687     WARN  Test worker     d.u.i.k.n.KeYParser       [syntax-error] file:/home/runner/work/key/key/key.core/build/resources/main/de/uka/ilkd/key/proof/rules/ifThenElseRules.key:179:14: mismatched input '\ifExintVar' expecting {MODALITY, FORALL, EXISTS, '\if', '\ifEx', 'true', 'false', '(', '{', '@', NOT, SEQARROW, '-', STRING_LITERAL, CHAR_LITERAL, BIN_LITERAL, HEX_LITERAL, IDENT, INT_LITERAL, FLOAT_LITERAL, DOUBLE_LITERAL, REAL_LITERAL} [@1063,4848:4858='\ifExintVar',<188>,179:14] (termorseq, taclet, rulesOrAxioms, decls, file) 
126687     WARN  Test worker     d.u.i.k.n.KeYParser       [syntax-error] file:/home/runner/work/key/key/key.core/build/resources/main/de/uka/ilkd/key/proof/rules/ifThenElseRules.key:179:27: extraneous input '(' expecting {'\lemma', '}', IDENT, '/*!'} [@1066,4861:4861='(',<146>,179:27] (rulesOrAxioms, decls, file) 
126687     WARN  Test worker     d.u.i.k.n.KeYParser       [syntax-error] file:/home/runner/work/key/key/key.core/build/resources/main/de/uka/ilkd/key/proof/rules/ifThenElseRules.key:179:32: mismatched input '&' expecting {'(', '{'} [@1069,4866:4866='&',<156>,179:32] (taclet, rulesOrAxioms, decls, file) 
126687     WARN  Test worker     d.u.i.k.n.KeYParser       [syntax-error] file:/home/runner/work/key/key/key.core/build/resources/main/de/uka/ilkd/key/proof/rules/ifThenElseRules.key:181:42: mismatched input '}' expecting {'(', '{'} [@1109,4985:4985='}',<149>,181:42] (taclet, rulesOrAxioms, decls, file) 
126687     WARN  Test worker     d.u.i.k.n.KeYParser       [syntax-error] file:/home/runner/work/key/key/key.core/build/resources/main/de/uka/ilkd/key/proof/rules/ifThenElseRules.key:182:39: mismatched input '}' expecting {'(', '{'} [@1122,5030:5030='}',<149>,182:39] (taclet, rulesOrAxioms, decls, file) 
126687     WARN  Test worker     d.u.i.k.n.KeYParser       [syntax-error] file:/home/runner/work/key/key/key.core/build/resources/main/de/uka/ilkd/key/proof/rules/ifThenElseRules.key:188:14: mismatched input '\ifExintVar' expecting {MODALITY, FORALL, EXISTS, '\if', '\ifEx', 'true', 'false', '(', '{', '@', NOT, SEQARROW, '-', STRING_LITERAL, CHAR_LITERAL, BIN_LITERAL, HEX_LITERAL, IDENT, INT_LITERAL, FLOAT_LITERAL, DOUBLE_LITERAL, REAL_LITERAL} [@1146,5149:5159='\ifExintVar',<188>,188:14] (termorseq, taclet, rulesOrAxioms, decls, file) 
126687     WARN  Test worker     d.u.i.k.n.KeYParser       [syntax-error] file:/home/runner/work/key/key/key.core/build/resources/main/de/uka/ilkd/key/proof/rules/ifThenElseRules.key:188:27: extraneous input '(' expecting {'\lemma', '}', IDENT, '/*!'} [@1149,5162:5162='(',<146>,188:27] (rulesOrAxioms, decls, file) 
126687     WARN  Test worker     d.u.i.k.n.KeYParser       [syntax-error] file:/home/runner/work/key/key/key.core/build/resources/main/de/uka/ilkd/key/proof/rules/ifThenElseRules.key:188:32: mismatched input '&' expecting {'(', '{'} [@1152,5167:5167='&',<156>,188:32] (taclet, rulesOrAxioms, decls, file) 
126687     WARN  Test worker     d.u.i.k.n.KeYParser       [syntax-error] file:/home/runner/work/key/key/key.core/build/resources/main/de/uka/ilkd/key/proof/rules/ifThenElseRules.key:190:42: mismatched input '}' expecting {'(', '{'} [@1192,5280:5280='}',<149>,190:42] (taclet, rulesOrAxioms, decls, file) 
126687     WARN  Test worker     d.u.i.k.n.KeYParser       [syntax-error] file:/home/runner/work/key/key/key.core/build/resources/main/de/uka/ilkd/key/proof/rules/ifThenElseRules.key:191:39: mismatched input '}' expecting {'(', '{'} [@1205,5325:5325='}',<149>,191:39] (taclet, rulesOrAxioms, decls, file) 
126688     WARN  Test worker     d.u.i.k.n.KeYParser       [syntax-error] file:/home/runner/work/key/key/key.core/build/resources/main/de/uka/ilkd/key/proof/rules/ifThenElseRules.key:198:14: mismatched input '\ifExintVar' expecting {MODALITY, FORALL, EXISTS, '\if', '\ifEx', 'true', 'false', '(', '{', '@', NOT, SEQARROW, '-', STRING_LITERAL, CHAR_LITERAL, BIN_LITERAL, HEX_LITERAL, IDENT, INT_LITERAL, FLOAT_LITERAL, DOUBLE_LITERAL, REAL_LITERAL} [@1233,5475:5485='\ifExintVar',<188>,198:14] (termorseq, taclet, rulesOrAxioms, decls, file) 
126688     WARN  Test worker     d.u.i.k.n.KeYParser       [syntax-error] file:/home/runner/work/key/key/key.core/build/resources/main/de/uka/ilkd/key/proof/rules/ifThenElseRules.key:198:27: extraneous input '(' expecting {'\lemma', '}', IDENT, '/*!'} [@1236,5488:5488='(',<146>,198:27] (rulesOrAxioms, decls, file) 
126688     WARN  Test worker     d.u.i.k.n.KeYParser       [syntax-error] file:/home/runner/work/key/key/key.core/build/resources/main/de/uka/ilkd/key/proof/rules/ifThenElseRules.key:198:32: mismatched input '&' expecting {'(', '{'} [@1239,5493:5493='&',<156>,198:32] (taclet, rulesOrAxioms, decls, file) 
126688     WARN  Test worker     d.u.i.k.n.KeYParser       [syntax-error] file:/home/runner/work/key/key/key.core/build/resources/main/de/uka/ilkd/key/proof/rules/ifThenElseRules.key:200:42: mismatched input '}' expecting {'(', '{'} [@1279,5612:5612='}',<149>,200:42] (taclet, rulesOrAxioms, decls, file) 
126688     WARN  Test worker     d.u.i.k.n.KeYParser       [syntax-error] file:/home/runner/work/key/key/key.core/build/resources/main/de/uka/ilkd/key/proof/rules/ifThenElseRules.key:201:39: mismatched input '}' expecting {'(', '{'} [@1292,5657:5657='}',<149>,201:39] (taclet, rulesOrAxioms, decls, file) 
126688     WARN  Test worker     d.u.i.k.n.KeYParser       [syntax-error] file:/home/runner/work/key/key/key.core/build/resources/main/de/uka/ilkd/key/proof/rules/ifThenElseRules.key:208:14: mismatched input '\ifExintVar' expecting {MODALITY, FORALL, EXISTS, '\if', '\ifEx', 'true', 'false', '(', '{', '@', NOT, SEQARROW, '-', STRING_LITERAL, CHAR_LITERAL, BIN_LITERAL, HEX_LITERAL, IDENT, INT_LITERAL, FLOAT_LITERAL, DOUBLE_LITERAL, REAL_LITERAL} [@1320,5817:5827='\ifExintVar',<188>,208:14] (termorseq, taclet, rulesOrAxioms, decls, file) 
126693     WARN  Test worker     d.u.i.k.n.KeYParser       [syntax-error] file:/home/runner/work/key/key/key.core/build/resources/main/de/uka/ilkd/key/proof/rules/ifThenElseRules.key:208:27: extraneous input '(' expecting {'\lemma', '}', IDENT, '/*!'} [@1323,5830:5830='(',<146>,208:27] (rulesOrAxioms, decls, file) 
126693     WARN  Test worker     d.u.i.k.n.KeYParser       [syntax-error] file:/home/runner/work/key/key/key.core/build/resources/main/de/uka/ilkd/key/proof/rules/ifThenElseRules.key:208:32: mismatched input '&' expecting {'(', '{'} [@1326,5835:5835='&',<156>,208:32] (taclet, rulesOrAxioms, decls, file) 
126693     WARN  Test worker     d.u.i.k.n.KeYParser       [syntax-error] file:/home/runner/work/key/key/key.core/build/resources/main/de/uka/ilkd/key/proof/rules/ifThenElseRules.key:210:42: mismatched input '}' expecting {'(', '{'} [@1366,5948:5948='}',<149>,210:42] (taclet, rulesOrAxioms, decls, file) 
126693     WARN  Test worker     d.u.i.k.n.KeYParser       [syntax-error] file:/home/runner/work/key/key/key.core/build/resources/main/de/uka/ilkd/key/proof/rules/ifThenElseRules.key:211:39: mismatched input '}' expecting {'(', '{'} [@1379,5993:5993='}',<149>,211:39] (taclet, rulesOrAxioms, decls, file) 
126693     WARN  Test worker     d.u.i.k.n.KeYParser       [syntax-error] file:/home/runner/work/key/key/key.core/build/resources/main/de/uka/ilkd/key/proof/rules/ifThenElseRules.key:218:14: mismatched input '\ifExintVar' expecting {MODALITY, FORALL, EXISTS, '\if', '\ifEx', 'true', 'false', '(', '{', '@', NOT, SEQARROW, '-', STRING_LITERAL, CHAR_LITERAL, BIN_LITERAL, HEX_LITERAL, IDENT, INT_LITERAL, FLOAT_LITERAL, DOUBLE_LITERAL, REAL_LITERAL} [@1407,6146:6156='\ifExintVar',<188>,218:14] (termorseq, taclet, rulesOrAxioms, decls, file) 
126693     WARN  Test worker     d.u.i.k.n.KeYParser       [syntax-error] file:/home/runner/work/key/key/key.core/build/resources/main/de/uka/ilkd/key/proof/rules/ifThenElseRules.key:218:27: extraneous input '(' expecting {'\lemma', '}', IDENT, '/*!'} [@1410,6159:6159='(',<146>,218:27] (rulesOrAxioms, decls, file) 
126693     WARN  Test worker     d.u.i.k.n.KeYParser       [syntax-error] file:/home/runner/work/key/key/key.core/build/resources/main/de/uka/ilkd/key/proof/rules/ifThenElseRules.key:218:31: mismatched input ')' expecting {'(', '{'} [@1412,6163:6163=')',<147>,218:31] (taclet, rulesOrAxioms, decls, file) 
126693     WARN  Test worker     d.u.i.k.n.KeYParser       [syntax-error] file:/home/runner/work/key/key/key.core/build/resources/main/de/uka/ilkd/key/proof/rules/ifThenElseRules.key:220:44: mismatched input ')' expecting {'(', '{'} [@1444,6275:6275=')',<147>,220:44] (taclet, rulesOrAxioms, decls, file) 
126693     WARN  Test worker     d.u.i.k.n.KeYParser       [syntax-error] file:/home/runner/work/key/key/key.core/build/resources/main/de/uka/ilkd/key/proof/rules/ifThenElseRules.key:225:14: mismatched input '\ifExintVar' expecting {MODALITY, FORALL, EXISTS, '\if', '\ifEx', 'true', 'false', '(', '{', '@', NOT, SEQARROW, '-', STRING_LITERAL, CHAR_LITERAL, BIN_LITERAL, HEX_LITERAL, IDENT, INT_LITERAL, FLOAT_LITERAL, DOUBLE_LITERAL, REAL_LITERAL} [@1471,6389:6399='\ifExintVar',<188>,225:14] (termorseq, taclet, rulesOrAxioms, decls, file) 
126693     WARN  Test worker     d.u.i.k.n.KeYParser       [syntax-error] file:/home/runner/work/key/key/key.core/build/resources/main/de/uka/ilkd/key/proof/rules/ifThenElseRules.key:225:27: extraneous input '(' expecting {'\lemma', '}', IDENT, '/*!'} [@1474,6402:6402='(',<146>,225:27] (rulesOrAxioms, decls, file) 
126693     WARN  Test worker     d.u.i.k.n.KeYParser       [syntax-error] file:/home/runner/work/key/key/key.core/build/resources/main/de/uka/ilkd/key/proof/rules/ifThenElseRules.key:225:31: mismatched input ')' expecting {'(', '{'} [@1476,6406:6406=')',<147>,225:31] (taclet, rulesOrAxioms, decls, file) 
126693     WARN  Test worker     d.u.i.k.n.KeYParser       [syntax-error] file:/home/runner/work/key/key/key.core/build/resources/main/de/uka/ilkd/key/proof/rules/ifThenElseRules.key:227:44: mismatched input ')' expecting {'(', '{'} [@1508,6509:6509=')',<147>,227:44] (taclet, rulesOrAxioms, decls, file) 
126693     WARN  Test worker     d.u.i.k.n.KeYParser       [syntax-error] file:/home/runner/work/key/key/key.core/build/resources/main/de/uka/ilkd/key/proof/rules/ifThenElseRules.key:233:14: mismatched input '\ifExintVar' expecting {MODALITY, FORALL, EXISTS, '\if', '\ifEx', 'true', 'false', '(', '{', '@', NOT, SEQARROW, '-', STRING_LITERAL, CHAR_LITERAL, BIN_LITERAL, HEX_LITERAL, IDENT, INT_LITERAL, FLOAT_LITERAL, DOUBLE_LITERAL, REAL_LITERAL} [@1539,6656:6666='\ifExintVar',<188>,233:14] (termorseq, taclet, rulesOrAxioms, decls, file) 
126693     WARN  Test worker     d.u.i.k.n.KeYParser       [syntax-error] file:/home/runner/work/key/key/key.core/build/resources/main/de/uka/ilkd/key/proof/rules/ifThenElseRules.key:233:27: extraneous input '(' expecting {'\lemma', '}', IDENT, '/*!'} [@1542,6669:6669='(',<146>,233:27] (rulesOrAxioms, decls, file) 
126693     WARN  Test worker     d.u.i.k.n.KeYParser       [syntax-error] file:/home/runner/work/key/key/key.core/build/resources/main/de/uka/ilkd/key/proof/rules/ifThenElseRules.key:233:31: mismatched input ')' expecting {'(', '{'} [@1544,6673:6673=')',<147>,233:31] (taclet, rulesOrAxioms, decls, file) 
126693     WARN  Test worker     d.u.i.k.n.KeYParser       [syntax-error] file:/home/runner/work/key/key/key.core/build/resources/main/de/uka/ilkd/key/proof/rules/ifThenElseRules.key:237:42: mismatched input '}' expecting {'(', '{'} [@1586,6850:6850='}',<149>,237:42] (taclet, rulesOrAxioms, decls, file) 
126693     WARN  Test worker     d.u.i.k.n.KeYParser       [syntax-error] file:/home/runner/work/key/key/key.core/build/resources/main/de/uka/ilkd/key/proof/rules/ifThenElseRules.key:238:34: mismatched input '}' expecting {'(', '{'} [@1599,6891:6891='}',<149>,238:34] (taclet, rulesOrAxioms, decls, file) 
126693     WARN  Test worker     d.u.i.k.n.KeYParser       [syntax-error] file:/home/runner/work/key/key/key.core/build/resources/main/de/uka/ilkd/key/proof/rules/ifThenElseRules.key:239:28: extraneous input '(' expecting {'\lemma', '}', IDENT, '/*!'} [@1608,6925:6925='(',<146>,239:28] (rulesOrAxioms, decls, file) 
126693     WARN  Test worker     d.u.i.k.n.KeYParser       [syntax-error] file:/home/runner/work/key/key/key.core/build/resources/main/de/uka/ilkd/key/proof/rules/ifThenElseRules.key:239:33: mismatched input '->' expecting {'(', '{'} [@1611,6930:6931='->',<158>,239:33] (taclet, rulesOrAxioms, decls, file) 
126693     WARN  Test worker     d.u.i.k.n.KeYParser       [syntax-error] file:/home/runner/work/key/key/key.core/build/resources/main/de/uka/ilkd/key/proof/rules/ifThenElseRules.key:240:8: extraneous input '\replacewith' expecting {'\lemma', '}', IDENT, '/*!'} [@1626,6979:6990='\replacewith',<105>,240:8] (rulesOrAxioms, decls, file) 
126693     WARN  Test worker     d.u.i.k.n.KeYParser       [syntax-error] file:/home/runner/work/key/key/key.core/build/resources/main/de/uka/ilkd/key/proof/rules/ifThenElseRules.key:240:25: mismatched input ')' expecting {'(', '{'} [@1629,6996:6996=')',<147>,240:25] (taclet, rulesOrAxioms, decls, file) 
126694     WARN  Test worker     d.u.i.k.n.KeYParser       [syntax-error] file:/home/runner/work/key/key/key.core/build/resources/main/de/uka/ilkd/key/proof/rules/ifThenElseRules.key:240:56: mismatched input ')' expecting {'(', '{'} [@1642,7027:7027=')',<147>,240:56] (taclet, rulesOrAxioms, decls, file) 
126694     WARN  Test worker     d.u.i.k.n.KeYParser       [syntax-error] file:/home/runner/work/key/key/key.core/build/resources/main/de/uka/ilkd/key/proof/rules/ifThenElseRules.key:245:14: mismatched input '\ifExintVar' expecting {MODALITY, FORALL, EXISTS, '\if', '\ifEx', 'true', 'false', '(', '{', '@', NOT, SEQARROW, '-', STRING_LITERAL, CHAR_LITERAL, BIN_LITERAL, HEX_LITERAL, IDENT, INT_LITERAL, FLOAT_LITERAL, DOUBLE_LITERAL, REAL_LITERAL} [@1658,7109:7119='\ifExintVar',<188>,245:14] (termorseq, taclet, rulesOrAxioms, decls, file) 
126694     WARN  Test worker     d.u.i.k.n.KeYParser       [syntax-error] file:/home/runner/work/key/key/key.core/build/resources/main/de/uka/ilkd/key/proof/rules/ifThenElseRules.key:245:27: extraneous input '(' expecting {'\lemma', '}', IDENT, '/*!'} [@1661,7122:7122='(',<146>,245:27] (rulesOrAxioms, decls, file) 
126694     WARN  Test worker     d.u.i.k.n.KeYParser       [syntax-error] file:/home/runner/work/key/key/key.core/build/resources/main/de/uka/ilkd/key/proof/rules/ifThenElseRules.key:245:31: mismatched input ')' expecting {'(', '{'} [@1663,7126:7126=')',<147>,245:31] (taclet, rulesOrAxioms, decls, file) 
126694     WARN  Test worker     d.u.i.k.n.KeYParser       [syntax-error] file:/home/runner/work/key/key/key.core/build/resources/main/de/uka/ilkd/key/proof/rules/ifThenElseRules.key:248:45: mismatched input '}' expecting {'(', '{'} [@1696,7268:7268='}',<149>,248:45] (taclet, rulesOrAxioms, decls, file) 
126694     WARN  Test worker     d.u.i.k.n.KeYParser       [syntax-error] file:/home/runner/work/key/key/key.core/build/resources/main/de/uka/ilkd/key/proof/rules/ifThenElseRules.key:249:8: extraneous input '\replacewith' expecting {'\lemma', '}', IDENT, '/*!'} [@1701,7284:7295='\replacewith',<105>,249:8] (rulesOrAxioms, decls, file) 
126694     WARN  Test worker     d.u.i.k.n.KeYParser       [syntax-error] file:/home/runner/work/key/key/key.core/build/resources/main/de/uka/ilkd/key/proof/rules/ifThenElseRules.key:249:38: mismatched input ')' expecting {'(', '{'} [@1708,7314:7314=')',<147>,249:38] (taclet, rulesOrAxioms, decls, file) 
126694     WARN  Test worker     d.u.i.k.n.KeYParser       [syntax-error] file:/home/runner/work/key/key/key.core/build/resources/main/de/uka/ilkd/key/proof/rules/ifThenElseRules.key:250:42: mismatched input '}' expecting {'(', '{'} [@1731,7381:7381='}',<149>,250:42] (taclet, rulesOrAxioms, decls, file) 
126694     WARN  Test worker     d.u.i.k.n.KeYParser       [syntax-error] file:/home/runner/work/key/key/key.core/build/resources/main/de/uka/ilkd/key/proof/rules/ifThenElseRules.key:251:28: extraneous input '(' expecting {'\lemma', '}', IDENT, '/*!'} [@1741,7416:7416='(',<146>,251:28] (rulesOrAxioms, decls, file) 
126694     WARN  Test worker     d.u.i.k.n.KeYParser       [syntax-error] file:/home/runner/work/key/key/key.core/build/resources/main/de/uka/ilkd/key/proof/rules/ifThenElseRules.key:251:33: mismatched input '->' expecting {'(', '{'} [@1744,7421:7422='->',<158>,251:33] (taclet, rulesOrAxioms, decls, file) 
126694     WARN  Test worker     d.u.i.k.n.KeYParser       [syntax-error] file:/home/runner/work/key/key/key.core/build/resources/main/de/uka/ilkd/key/proof/rules/ifThenElseRules.key:255:14: mismatched input '\ifExintVar' expecting {MODALITY, FORALL, EXISTS, '\if', '\ifEx', 'true', 'false', '(', '{', '@', NOT, SEQARROW, '-', STRING_LITERAL, CHAR_LITERAL, BIN_LITERAL, HEX_LITERAL, IDENT, INT_LITERAL, FLOAT_LITERAL, DOUBLE_LITERAL, REAL_LITERAL} [@1765,7506:7516='\ifExintVar',<188>,255:14] (termorseq, taclet, rulesOrAxioms, decls, file) 
126694     WARN  Test worker     d.u.i.k.n.KeYParser       [syntax-error] file:/home/runner/work/key/key/key.core/build/resources/main/de/uka/ilkd/key/proof/rules/ifThenElseRules.key:255:27: extraneous input '(' expecting {'\lemma', '}', IDENT, '/*!'} [@1768,7519:7519='(',<146>,255:27] (rulesOrAxioms, decls, file) 
126694     WARN  Test worker     d.u.i.k.n.KeYParser       [syntax-error] file:/home/runner/work/key/key/key.core/build/resources/main/de/uka/ilkd/key/proof/rules/ifThenElseRules.key:255:31: mismatched input ')' expecting {'(', '{'} [@1770,7523:7523=')',<147>,255:31] (taclet, rulesOrAxioms, decls, file) 
126694     WARN  Test worker     d.u.i.k.n.KeYParser       [syntax-error] file:/home/runner/work/key/key/key.core/build/resources/main/de/uka/ilkd/key/proof/rules/ifThenElseRules.key:258:52: extraneous input '0' expecting {'\lemma', '}', IDENT, '/*!'} [@1809,7667:7667='0',<184>,258:52] (rulesOrAxioms, decls, file) 
126694     WARN  Test worker     d.u.i.k.n.KeYParser       [syntax-error] file:/home/runner/work/key/key/key.core/build/resources/main/de/uka/ilkd/key/proof/rules/ifThenElseRules.key:258:54: mismatched input 'then' expecting {<EOF>, '\problem', '\chooseContract', '\proofObligation', '\proof'} [@1811,7669:7672='then',<183>,258:54] (file) 
126749     WARN  Test worker     d.u.i.k.n.KeYParser       [syntax-error] file:/home/runner/work/key/key/key.core/build/resources/main/de/uka/ilkd/key/proof/rules/ifThenElseRules.key:135:14: mismatched input '\ifExintVar' expecting {MODALITY, FORALL, EXISTS, '\if', '\ifEx', 'true', 'false', '(', '{', '@', NOT, SEQARROW, '-', STRING_LITERAL, CHAR_LITERAL, BIN_LITERAL, HEX_LITERAL, IDENT, INT_LITERAL, FLOAT_LITERAL, DOUBLE_LITERAL, REAL_LITERAL} [@745,3563:3573='\ifExintVar',<188>,135:14] (termorseq, taclet, rulesOrAxioms, decls, file) 
126749     WARN  Test worker     d.u.i.k.n.KeYParser       [syntax-error] file:/home/runner/work/key/key/key.core/build/resources/main/de/uka/ilkd/key/proof/rules/ifThenElseRules.key:135:27: extraneous input '(' expecting {'\lemma', '}', IDENT, '/*!'} [@748,3576:3576='(',<146>,135:27] (rulesOrAxioms, decls, file) 
126749     WARN  Test worker     d.u.i.k.n.KeYParser       [syntax-error] file:/home/runner/work/key/key/key.core/build/resources/main/de/uka/ilkd/key/proof/rules/ifThenElseRules.key:135:44: mismatched input ')' expecting {'(', '{'} [@754,3593:3593=')',<147>,135:44] (taclet, rulesOrAxioms, decls, file) 
126749     WARN  Test worker     d.u.i.k.n.KeYParser       [syntax-error] file:/home/runner/work/key/key/key.core/build/resources/main/de/uka/ilkd/key/proof/rules/ifThenElseRules.key:141:14: mismatched input '\ifExintVar' expecting {MODALITY, FORALL, EXISTS, '\if', '\ifEx', 'true', 'false', '(', '{', '@', NOT, SEQARROW, '-', STRING_LITERAL, CHAR_LITERAL, BIN_LITERAL, HEX_LITERAL, IDENT, INT_LITERAL, FLOAT_LITERAL, DOUBLE_LITERAL, REAL_LITERAL} [@780,3716:3726='\ifExintVar',<188>,141:14] (termorseq, taclet, rulesOrAxioms, decls, file) 
126749     WARN  Test worker     d.u.i.k.n.KeYParser       [syntax-error] file:/home/runner/work/key/key/key.core/build/resources/main/de/uka/ilkd/key/proof/rules/ifThenElseRules.key:141:27: extraneous input '(' expecting {'\lemma', '}', IDENT, '/*!'} [@783,3729:3729='(',<146>,141:27] (rulesOrAxioms, decls, file) 
126749     WARN  Test worker     d.u.i.k.n.KeYParser       [syntax-error] file:/home/runner/work/key/key/key.core/build/resources/main/de/uka/ilkd/key/proof/rules/ifThenElseRules.key:141:41: mismatched input ')' expecting {'(', '{'} [@789,3743:3743=')',<147>,141:41] (taclet, rulesOrAxioms, decls, file) 
126749     WARN  Test worker     d.u.i.k.n.KeYParser       [syntax-error] file:/home/runner/work/key/key/key.core/build/resources/main/de/uka/ilkd/key/proof/rules/ifThenElseRules.key:148:14: mismatched input '\ifExintVar' expecting {MODALITY, FORALL, EXISTS, '\if', '\ifEx', 'true', 'false', '(', '{', '@', NOT, SEQARROW, '-', STRING_LITERAL, CHAR_LITERAL, BIN_LITERAL, HEX_LITERAL, IDENT, INT_LITERAL, FLOAT_LITERAL, DOUBLE_LITERAL, REAL_LITERAL} [@819,3896:3906='\ifExintVar',<188>,148:14] (termorseq, taclet, rulesOrAxioms, decls, file) 
126749     WARN  Test worker     d.u.i.k.n.KeYParser       [syntax-error] file:/home/runner/work/key/key/key.core/build/resources/main/de/uka/ilkd/key/proof/rules/ifThenElseRules.key:148:27: extraneous input '(' expecting {'\lemma', '}', IDENT, '/*!'} [@822,3909:3909='(',<146>,148:27] (rulesOrAxioms, decls, file) 
126749     WARN  Test worker     d.u.i.k.n.KeYParser       [syntax-error] file:/home/runner/work/key/key/key.core/build/resources/main/de/uka/ilkd/key/proof/rules/ifThenElseRules.key:148:35: mismatched input '=' expecting {'(', '{'} [@825,3917:3917='=',<159>,148:35] (taclet, rulesOrAxioms, decls, file) 
126749     WARN  Test worker     d.u.i.k.n.KeYParser       [syntax-error] file:/home/runner/work/key/key/key.core/build/resources/main/de/uka/ilkd/key/proof/rules/ifThenElseRules.key:150:38: mismatched input '}' expecting {'(', '{'} [@859,4023:4023='}',<149>,150:38] (taclet, rulesOrAxioms, decls, file) 
126749     WARN  Test worker     d.u.i.k.n.KeYParser       [syntax-error] file:/home/runner/work/key/key/key.core/build/resources/main/de/uka/ilkd/key/proof/rules/ifThenElseRules.key:155:14: mismatched input '\ifExintVar' expecting {MODALITY, FORALL, EXISTS, '\if', '\ifEx', 'true', 'false', '(', '{', '@', NOT, SEQARROW, '-', STRING_LITERAL, CHAR_LITERAL, BIN_LITERAL, HEX_LITERAL, IDENT, INT_LITERAL, FLOAT_LITERAL, DOUBLE_LITERAL, REAL_LITERAL} [@877,4109:4119='\ifExintVar',<188>,155:14] (termorseq, taclet, rulesOrAxioms, decls, file) 
126749     WARN  Test worker     d.u.i.k.n.KeYParser       [syntax-error] file:/home/runner/work/key/key/key.core/build/resources/main/de/uka/ilkd/key/proof/rules/ifThenElseRules.key:155:27: extraneous input '(' expecting {'\lemma', '}', IDENT, '/*!'} [@880,4122:4122='(',<146>,155:27] (rulesOrAxioms, decls, file) 
126749     WARN  Test worker     d.u.i.k.n.KeYParser       [syntax-error] file:/home/runner/work/key/key/key.core/build/resources/main/de/uka/ilkd/key/proof/rules/ifThenElseRules.key:155:35: mismatched input '=' expecting {'(', '{'} [@883,4130:4130='=',<159>,155:35] (taclet, rulesOrAxioms, decls, file) 
126750     WARN  Test worker     d.u.i.k.n.KeYParser       [syntax-error] file:/home/runner/work/key/key/key.core/build/resources/main/de/uka/ilkd/key/proof/rules/ifThenElseRules.key:157:38: mismatched input '}' expecting {'(', '{'} [@917,4230:4230='}',<149>,157:38] (taclet, rulesOrAxioms, decls, file) 
126750     WARN  Test worker     d.u.i.k.n.KeYParser       [syntax-error] file:/home/runner/work/key/key/key.core/build/resources/main/de/uka/ilkd/key/proof/rules/ifThenElseRules.key:163:14: mismatched input '\ifExintVar' expecting {MODALITY, FORALL, EXISTS, '\if', '\ifEx', 'true', 'false', '(', '{', '@', NOT, SEQARROW, '-', STRING_LITERAL, CHAR_LITERAL, BIN_LITERAL, HEX_LITERAL, IDENT, INT_LITERAL, FLOAT_LITERAL, DOUBLE_LITERAL, REAL_LITERAL} [@939,4350:4360='\ifExintVar',<188>,163:14] (termorseq, taclet, rulesOrAxioms, decls, file) 
126750     WARN  Test worker     d.u.i.k.n.KeYParser       [syntax-error] file:/home/runner/work/key/key/key.core/build/resources/main/de/uka/ilkd/key/proof/rules/ifThenElseRules.key:163:27: extraneous input '(' expecting {'\lemma', '}', IDENT, '/*!'} [@942,4363:4363='(',<146>,163:27] (rulesOrAxioms, decls, file) 
126750     WARN  Test worker     d.u.i.k.n.KeYParser       [syntax-error] file:/home/runner/work/key/key/key.core/build/resources/main/de/uka/ilkd/key/proof/rules/ifThenElseRules.key:163:30: mismatched input '=' expecting {'(', '{'} [@945,4366:4366='=',<159>,163:30] (taclet, rulesOrAxioms, decls, file) 
126750     WARN  Test worker     d.u.i.k.n.KeYParser       [syntax-error] file:/home/runner/work/key/key/key.core/build/resources/main/de/uka/ilkd/key/proof/rules/ifThenElseRules.key:165:38: mismatched input '}' expecting {'(', '{'} [@979,4477:4477='}',<149>,165:38] (taclet, rulesOrAxioms, decls, file) 
126750     WARN  Test worker     d.u.i.k.n.KeYParser       [syntax-error] file:/home/runner/work/key/key/key.core/build/resources/main/de/uka/ilkd/key/proof/rules/ifThenElseRules.key:171:14: mismatched input '\ifExintVar' expecting {MODALITY, FORALL, EXISTS, '\if', '\ifEx', 'true', 'false', '(', '{', '@', NOT, SEQARROW, '-', STRING_LITERAL, CHAR_LITERAL, BIN_LITERAL, HEX_LITERAL, IDENT, INT_LITERAL, FLOAT_LITERAL, DOUBLE_LITERAL, REAL_LITERAL} [@1001,4604:4614='\ifExintVar',<188>,171:14] (termorseq, taclet, rulesOrAxioms, decls, file) 
126750     WARN  Test worker     d.u.i.k.n.KeYParser       [syntax-error] file:/home/runner/work/key/key/key.core/build/resources/main/de/uka/ilkd/key/proof/rules/ifThenElseRules.key:171:27: extraneous input '(' expecting {'\lemma', '}', IDENT, '/*!'} [@1004,4617:4617='(',<146>,171:27] (rulesOrAxioms, decls, file) 
126750     WARN  Test worker     d.u.i.k.n.KeYParser       [syntax-error] file:/home/runner/work/key/key/key.core/build/resources/main/de/uka/ilkd/key/proof/rules/ifThenElseRules.key:171:30: mismatched input '=' expecting {'(', '{'} [@1007,4620:4620='=',<159>,171:30] (taclet, rulesOrAxioms, decls, file) 
126750     WARN  Test worker     d.u.i.k.n.KeYParser       [syntax-error] file:/home/runner/work/key/key/key.core/build/resources/main/de/uka/ilkd/key/proof/rules/ifThenElseRules.key:173:38: mismatched input '}' expecting {'(', '{'} [@1041,4725:4725='}',<149>,173:38] (taclet, rulesOrAxioms, decls, file) 
126750     WARN  Test worker     d.u.i.k.n.KeYParser       [syntax-error] file:/home/runner/work/key/key/key.core/build/resources/main/de/uka/ilkd/key/proof/rules/ifThenElseRules.key:179:14: mismatched input '\ifExintVar' expecting {MODALITY, FORALL, EXISTS, '\if', '\ifEx', 'true', 'false', '(', '{', '@', NOT, SEQARROW, '-', STRING_LITERAL, CHAR_LITERAL, BIN_LITERAL, HEX_LITERAL, IDENT, INT_LITERAL, FLOAT_LITERAL, DOUBLE_LITERAL, REAL_LITERAL} [@1063,4848:4858='\ifExintVar',<188>,179:14] (termorseq, taclet, rulesOrAxioms, decls, file) 
126750     WARN  Test worker     d.u.i.k.n.KeYParser       [syntax-error] file:/home/runner/work/key/key/key.core/build/resources/main/de/uka/ilkd/key/proof/rules/ifThenElseRules.key:179:27: extraneous input '(' expecting {'\lemma', '}', IDENT, '/*!'} [@1066,4861:4861='(',<146>,179:27] (rulesOrAxioms, decls, file) 
126751     WARN  Test worker     d.u.i.k.n.KeYParser       [syntax-error] file:/home/runner/work/key/key/key.core/build/resources/main/de/uka/ilkd/key/proof/rules/ifThenElseRules.key:179:32: mismatched input '&' expecting {'(', '{'} [@1069,4866:4866='&',<156>,179:32] (taclet, rulesOrAxioms, decls, file) 
126751     WARN  Test worker     d.u.i.k.n.KeYParser       [syntax-error] file:/home/runner/work/key/key/key.core/build/resources/main/de/uka/ilkd/key/proof/rules/ifThenElseRules.key:181:42: mismatched input '}' expecting {'(', '{'} [@1109,4985:4985='}',<149>,181:42] (taclet, rulesOrAxioms, decls, file) 
126751     WARN  Test worker     d.u.i.k.n.KeYParser       [syntax-error] file:/home/runner/work/key/key/key.core/build/resources/main/de/uka/ilkd/key/proof/rules/ifThenElseRules.key:182:39: mismatched input '}' expecting {'(', '{'} [@1122,5030:5030='}',<149>,182:39] (taclet, rulesOrAxioms, decls, file) 
126751     WARN  Test worker     d.u.i.k.n.KeYParser       [syntax-error] file:/home/runner/work/key/key/key.core/build/resources/main/de/uka/ilkd/key/proof/rules/ifThenElseRules.key:188:14: mismatched input '\ifExintVar' expecting {MODALITY, FORALL, EXISTS, '\if', '\ifEx', 'true', 'false', '(', '{', '@', NOT, SEQARROW, '-', STRING_LITERAL, CHAR_LITERAL, BIN_LITERAL, HEX_LITERAL, IDENT, INT_LITERAL, FLOAT_LITERAL, DOUBLE_LITERAL, REAL_LITERAL} [@1146,5149:5159='\ifExintVar',<188>,188:14] (termorseq, taclet, rulesOrAxioms, decls, file) 
126751     WARN  Test worker     d.u.i.k.n.KeYParser       [syntax-error] file:/home/runner/work/key/key/key.core/build/resources/main/de/uka/ilkd/key/proof/rules/ifThenElseRules.key:188:27: extraneous input '(' expecting {'\lemma', '}', IDENT, '/*!'} [@1149,5162:5162='(',<146>,188:27] (rulesOrAxioms, decls, file) 
126751     WARN  Test worker     d.u.i.k.n.KeYParser       [syntax-error] file:/home/runner/work/key/key/key.core/build/resources/main/de/uka/ilkd/key/proof/rules/ifThenElseRules.key:188:32: mismatched input '&' expecting {'(', '{'} [@1152,5167:5167='&',<156>,188:32] (taclet, rulesOrAxioms, decls, file) 
126751     WARN  Test worker     d.u.i.k.n.KeYParser       [syntax-error] file:/home/runner/work/key/key/key.core/build/resources/main/de/uka/ilkd/key/proof/rules/ifThenElseRules.key:190:42: mismatched input '}' expecting {'(', '{'} [@1192,5280:5280='}',<149>,190:42] (taclet, rulesOrAxioms, decls, file) 
126751     WARN  Test worker     d.u.i.k.n.KeYParser       [syntax-error] file:/home/runner/work/key/key/key.core/build/resources/main/de/uka/ilkd/key/proof/rules/ifThenElseRules.key:191:39: mismatched input '}' expecting {'(', '{'} [@1205,5325:5325='}',<149>,191:39] (taclet, rulesOrAxioms, decls, file) 
126751     WARN  Test worker     d.u.i.k.n.KeYParser       [syntax-error] file:/home/runner/work/key/key/key.core/build/resources/main/de/uka/ilkd/key/proof/rules/ifThenElseRules.key:198:14: mismatched input '\ifExintVar' expecting {MODALITY, FORALL, EXISTS, '\if', '\ifEx', 'true', 'false', '(', '{', '@', NOT, SEQARROW, '-', STRING_LITERAL, CHAR_LITERAL, BIN_LITERAL, HEX_LITERAL, IDENT, INT_LITERAL, FLOAT_LITERAL, DOUBLE_LITERAL, REAL_LITERAL} [@1233,5475:5485='\ifExintVar',<188>,198:14] (termorseq, taclet, rulesOrAxioms, decls, file) 
126751     WARN  Test worker     d.u.i.k.n.KeYParser       [syntax-error] file:/home/runner/work/key/key/key.core/build/resources/main/de/uka/ilkd/key/proof/rules/ifThenElseRules.key:198:27: extraneous input '(' expecting {'\lemma', '}', IDENT, '/*!'} [@1236,5488:5488='(',<146>,198:27] (rulesOrAxioms, decls, file) 
126751     WARN  Test worker     d.u.i.k.n.KeYParser       [syntax-error] file:/home/runner/work/key/key/key.core/build/resources/main/de/uka/ilkd/key/proof/rules/ifThenElseRules.key:198:32: mismatched input '&' expecting {'(', '{'} [@1239,5493:5493='&',<156>,198:32] (taclet, rulesOrAxioms, decls, file) 
126751     WARN  Test worker     d.u.i.k.n.KeYParser       [syntax-error] file:/home/runner/work/key/key/key.core/build/resources/main/de/uka/ilkd/key/proof/rules/ifThenElseRules.key:200:42: mismatched input '}' expecting {'(', '{'} [@1279,5612:5612='}',<149>,200:42] (taclet, rulesOrAxioms, decls, file) 
126751     WARN  Test worker     d.u.i.k.n.KeYParser       [syntax-error] file:/home/runner/work/key/key/key.core/build/resources/main/de/uka/ilkd/key/proof/rules/ifThenElseRules.key:201:39: mismatched input '}' expecting {'(', '{'} [@1292,5657:5657='}',<149>,201:39] (taclet, rulesOrAxioms, decls, file) 
126751     WARN  Test worker     d.u.i.k.n.KeYParser       [syntax-error] file:/home/runner/work/key/key/key.core/build/resources/main/de/uka/ilkd/key/proof/rules/ifThenElseRules.key:208:14: mismatched input '\ifExintVar' expecting {MODALITY, FORALL, EXISTS, '\if', '\ifEx', 'true', 'false', '(', '{', '@', NOT, SEQARROW, '-', STRING_LITERAL, CHAR_LITERAL, BIN_LITERAL, HEX_LITERAL, IDENT, INT_LITERAL, FLOAT_LITERAL, DOUBLE_LITERAL, REAL_LITERAL} [@1320,5817:5827='\ifExintVar',<188>,208:14] (termorseq, taclet, rulesOrAxioms, decls, file) 
126751     WARN  Test worker     d.u.i.k.n.KeYParser       [syntax-error] file:/home/runner/work/key/key/key.core/build/resources/main/de/uka/ilkd/key/proof/rules/ifThenElseRules.key:208:27: extraneous input '(' expecting {'\lemma', '}', IDENT, '/*!'} [@1323,5830:5830='(',<146>,208:27] (rulesOrAxioms, decls, file) 
126751     WARN  Test worker     d.u.i.k.n.KeYParser       [syntax-error] file:/home/runner/work/key/key/key.core/build/resources/main/de/uka/ilkd/key/proof/rules/ifThenElseRules.key:208:32: mismatched input '&' expecting {'(', '{'} [@1326,5835:5835='&',<156>,208:32] (taclet, rulesOrAxioms, decls, file) 
126751     WARN  Test worker     d.u.i.k.n.KeYParser       [syntax-error] file:/home/runner/work/key/key/key.core/build/resources/main/de/uka/ilkd/key/proof/rules/ifThenElseRules.key:210:42: mismatched input '}' expecting {'(', '{'} [@1366,5948:5948='}',<149>,210:42] (taclet, rulesOrAxioms, decls, file) 
126751     WARN  Test worker     d.u.i.k.n.KeYParser       [syntax-error] file:/home/runner/work/key/key/key.core/build/resources/main/de/uka/ilkd/key/proof/rules/ifThenElseRules.key:211:39: mismatched input '}' expecting {'(', '{'} [@1379,5993:5993='}',<149>,211:39] (taclet, rulesOrAxioms, decls, file) 
126751     WARN  Test worker     d.u.i.k.n.KeYParser       [syntax-error] file:/home/runner/work/key/key/key.core/build/resources/main/de/uka/ilkd/key/proof/rules/ifThenElseRules.key:218:14: mismatched input '\ifExintVar' expecting {MODALITY, FORALL, EXISTS, '\if', '\ifEx', 'true', 'false', '(', '{', '@', NOT, SEQARROW, '-', STRING_LITERAL, CHAR_LITERAL, BIN_LITERAL, HEX_LITERAL, IDENT, INT_LITERAL, FLOAT_LITERAL, DOUBLE_LITERAL, REAL_LITERAL} [@1407,6146:6156='\ifExintVar',<188>,218:14] (termorseq, taclet, rulesOrAxioms, decls, file) 
126751     WARN  Test worker     d.u.i.k.n.KeYParser       [syntax-error] file:/home/runner/work/key/key/key.core/build/resources/main/de/uka/ilkd/key/proof/rules/ifThenElseRules.key:218:27: extraneous input '(' expecting {'\lemma', '}', IDENT, '/*!'} [@1410,6159:6159='(',<146>,218:27] (rulesOrAxioms, decls, file) 
126752     WARN  Test worker     d.u.i.k.n.KeYParser       [syntax-error] file:/home/runner/work/key/key/key.core/build/resources/main/de/uka/ilkd/key/proof/rules/ifThenElseRules.key:218:31: mismatched input ')' expecting {'(', '{'} [@1412,6163:6163=')',<147>,218:31] (taclet, rulesOrAxioms, decls, file) 
126752     WARN  Test worker     d.u.i.k.n.KeYParser       [syntax-error] file:/home/runner/work/key/key/key.core/build/resources/main/de/uka/ilkd/key/proof/rules/ifThenElseRules.key:220:44: mismatched input ')' expecting {'(', '{'} [@1444,6275:6275=')',<147>,220:44] (taclet, rulesOrAxioms, decls, file) 
126752     WARN  Test worker     d.u.i.k.n.KeYParser       [syntax-error] file:/home/runner/work/key/key/key.core/build/resources/main/de/uka/ilkd/key/proof/rules/ifThenElseRules.key:225:14: mismatched input '\ifExintVar' expecting {MODALITY, FORALL, EXISTS, '\if', '\ifEx', 'true', 'false', '(', '{', '@', NOT, SEQARROW, '-', STRING_LITERAL, CHAR_LITERAL, BIN_LITERAL, HEX_LITERAL, IDENT, INT_LITERAL, FLOAT_LITERAL, DOUBLE_LITERAL, REAL_LITERAL} [@1471,6389:6399='\ifExintVar',<188>,225:14] (termorseq, taclet, rulesOrAxioms, decls, file) 
126752     WARN  Test worker     d.u.i.k.n.KeYParser       [syntax-error] file:/home/runner/work/key/key/key.core/build/resources/main/de/uka/ilkd/key/proof/rules/ifThenElseRules.key:225:27: extraneous input '(' expecting {'\lemma', '}', IDENT, '/*!'} [@1474,6402:6402='(',<146>,225:27] (rulesOrAxioms, decls, file) 
126752     WARN  Test worker     d.u.i.k.n.KeYParser       [syntax-error] file:/home/runner/work/key/key/key.core/build/resources/main/de/uka/ilkd/key/proof/rules/ifThenElseRules.key:225:31: mismatched input ')' expecting {'(', '{'} [@1476,6406:6406=')',<147>,225:31] (taclet, rulesOrAxioms, decls, file) 
126752     WARN  Test worker     d.u.i.k.n.KeYParser       [syntax-error] file:/home/runner/work/key/key/key.core/build/resources/main/de/uka/ilkd/key/proof/rules/ifThenElseRules.key:227:44: mismatched input ')' expecting {'(', '{'} [@1508,6509:6509=')',<147>,227:44] (taclet, rulesOrAxioms, decls, file) 
126752     WARN  Test worker     d.u.i.k.n.KeYParser       [syntax-error] file:/home/runner/work/key/key/key.core/build/resources/main/de/uka/ilkd/key/proof/rules/ifThenElseRules.key:233:14: mismatched input '\ifExintVar' expecting {MODALITY, FORALL, EXISTS, '\if', '\ifEx', 'true', 'false', '(', '{', '@', NOT, SEQARROW, '-', STRING_LITERAL, CHAR_LITERAL, BIN_LITERAL, HEX_LITERAL, IDENT, INT_LITERAL, FLOAT_LITERAL, DOUBLE_LITERAL, REAL_LITERAL} [@1539,6656:6666='\ifExintVar',<188>,233:14] (termorseq, taclet, rulesOrAxioms, decls, file) 
126752     WARN  Test worker     d.u.i.k.n.KeYParser       [syntax-error] file:/home/runner/work/key/key/key.core/build/resources/main/de/uka/ilkd/key/proof/rules/ifThenElseRules.key:233:27: extraneous input '(' expecting {'\lemma', '}', IDENT, '/*!'} [@1542,6669:6669='(',<146>,233:27] (rulesOrAxioms, decls, file) 
126752     WARN  Test worker     d.u.i.k.n.KeYParser       [syntax-error] file:/home/runner/work/key/key/key.core/build/resources/main/de/uka/ilkd/key/proof/rules/ifThenElseRules.key:233:31: mismatched input ')' expecting {'(', '{'} [@1544,6673:6673=')',<147>,233:31] (taclet, rulesOrAxioms, decls, file) 
126752     WARN  Test worker     d.u.i.k.n.KeYParser       [syntax-error] file:/home/runner/work/key/key/key.core/build/resources/main/de/uka/ilkd/key/proof/rules/ifThenElseRules.key:237:42: mismatched input '}' expecting {'(', '{'} [@1586,6850:6850='}',<149>,237:42] (taclet, rulesOrAxioms, decls, file) 
126752     WARN  Test worker     d.u.i.k.n.KeYParser       [syntax-error] file:/home/runner/work/key/key/key.core/build/resources/main/de/uka/ilkd/key/proof/rules/ifThenElseRules.key:238:34: mismatched input '}' expecting {'(', '{'} [@1599,6891:6891='}',<149>,238:34] (taclet, rulesOrAxioms, decls, file) 
126752     WARN  Test worker     d.u.i.k.n.KeYParser       [syntax-error] file:/home/runner/work/key/key/key.core/build/resources/main/de/uka/ilkd/key/proof/rules/ifThenElseRules.key:239:28: extraneous input '(' expecting {'\lemma', '}', IDENT, '/*!'} [@1608,6925:6925='(',<146>,239:28] (rulesOrAxioms, decls, file) 
126752     WARN  Test worker     d.u.i.k.n.KeYParser       [syntax-error] file:/home/runner/work/key/key/key.core/build/resources/main/de/uka/ilkd/key/proof/rules/ifThenElseRules.key:239:33: mismatched input '->' expecting {'(', '{'} [@1611,6930:6931='->',<158>,239:33] (taclet, rulesOrAxioms, decls, file) 
126752     WARN  Test worker     d.u.i.k.n.KeYParser       [syntax-error] file:/home/runner/work/key/key/key.core/build/resources/main/de/uka/ilkd/key/proof/rules/ifThenElseRules.key:240:8: extraneous input '\replacewith' expecting {'\lemma', '}', IDENT, '/*!'} [@1626,6979:6990='\replacewith',<105>,240:8] (rulesOrAxioms, decls, file) 
126753     WARN  Test worker     d.u.i.k.n.KeYParser       [syntax-error] file:/home/runner/work/key/key/key.core/build/resources/main/de/uka/ilkd/key/proof/rules/ifThenElseRules.key:240:25: mismatched input ')' expecting {'(', '{'} [@1629,6996:6996=')',<147>,240:25] (taclet, rulesOrAxioms, decls, file) 
126753     WARN  Test worker     d.u.i.k.n.KeYParser       [syntax-error] file:/home/runner/work/key/key/key.core/build/resources/main/de/uka/ilkd/key/proof/rules/ifThenElseRules.key:240:56: mismatched input ')' expecting {'(', '{'} [@1642,7027:7027=')',<147>,240:56] (taclet, rulesOrAxioms, decls, file) 
126753     WARN  Test worker     d.u.i.k.n.KeYParser       [syntax-error] file:/home/runner/work/key/key/key.core/build/resources/main/de/uka/ilkd/key/proof/rules/ifThenElseRules.key:245:14: mismatched input '\ifExintVar' expecting {MODALITY, FORALL, EXISTS, '\if', '\ifEx', 'true', 'false', '(', '{', '@', NOT, SEQARROW, '-', STRING_LITERAL, CHAR_LITERAL, BIN_LITERAL, HEX_LITERAL, IDENT, INT_LITERAL, FLOAT_LITERAL, DOUBLE_LITERAL, REAL_LITERAL} [@1658,7109:7119='\ifExintVar',<188>,245:14] (termorseq, taclet, rulesOrAxioms, decls, file) 
126753     WARN  Test worker     d.u.i.k.n.KeYParser       [syntax-error] file:/home/runner/work/key/key/key.core/build/resources/main/de/uka/ilkd/key/proof/rules/ifThenElseRules.key:245:27: extraneous input '(' expecting {'\lemma', '}', IDENT, '/*!'} [@1661,7122:7122='(',<146>,245:27] (rulesOrAxioms, decls, file) 
126753     WARN  Test worker     d.u.i.k.n.KeYParser       [syntax-error] file:/home/runner/work/key/key/key.core/build/resources/main/de/uka/ilkd/key/proof/rules/ifThenElseRules.key:245:31: mismatched input ')' expecting {'(', '{'} [@1663,7126:7126=')',<147>,245:31] (taclet, rulesOrAxioms, decls, file) 
126753     WARN  Test worker     d.u.i.k.n.KeYParser       [syntax-error] file:/home/runner/work/key/key/key.core/build/resources/main/de/uka/ilkd/key/proof/rules/ifThenElseRules.key:248:45: mismatched input '}' expecting {'(', '{'} [@1696,7268:7268='}',<149>,248:45] (taclet, rulesOrAxioms, decls, file) 
126753     WARN  Test worker     d.u.i.k.n.KeYParser       [syntax-error] file:/home/runner/work/key/key/key.core/build/resources/main/de/uka/ilkd/key/proof/rules/ifThenElseRules.key:249:8: extraneous input '\replacewith' expecting {'\lemma', '}', IDENT, '/*!'} [@1701,7284:7295='\replacewith',<105>,249:8] (rulesOrAxioms, decls, file) 
126753     WARN  Test worker     d.u.i.k.n.KeYParser       [syntax-error] file:/home/runner/work/key/key/key.core/build/resources/main/de/uka/ilkd/key/proof/rules/ifThenElseRules.key:249:38: mismatched input ')' expecting {'(', '{'} [@1708,7314:7314=')',<147>,249:38] (taclet, rulesOrAxioms, decls, file) 
126753     WARN  Test worker     d.u.i.k.n.KeYParser       [syntax-error] file:/home/runner/work/key/key/key.core/build/resources/main/de/uka/ilkd/key/proof/rules/ifThenElseRules.key:250:42: mismatched input '}' expecting {'(', '{'} [@1731,7381:7381='}',<149>,250:42] (taclet, rulesOrAxioms, decls, file) 
126753     WARN  Test worker     d.u.i.k.n.KeYParser       [syntax-error] file:/home/runner/work/key/key/key.core/build/resources/main/de/uka/ilkd/key/proof/rules/ifThenElseRules.key:251:28: extraneous input '(' expecting {'\lemma', '}', IDENT, '/*!'} [@1741,7416:7416='(',<146>,251:28] (rulesOrAxioms, decls, file) 
126753     WARN  Test worker     d.u.i.k.n.KeYParser       [syntax-error] file:/home/runner/work/key/key/key.core/build/resources/main/de/uka/ilkd/key/proof/rules/ifThenElseRules.key:251:33: mismatched input '->' expecting {'(', '{'} [@1744,7421:7422='->',<158>,251:33] (taclet, rulesOrAxioms, decls, file) 
126753     WARN  Test worker     d.u.i.k.n.KeYParser       [syntax-error] file:/home/runner/work/key/key/key.core/build/resources/main/de/uka/ilkd/key/proof/rules/ifThenElseRules.key:255:14: mismatched input '\ifExintVar' expecting {MODALITY, FORALL, EXISTS, '\if', '\ifEx', 'true', 'false', '(', '{', '@', NOT, SEQARROW, '-', STRING_LITERAL, CHAR_LITERAL, BIN_LITERAL, HEX_LITERAL, IDENT, INT_LITERAL, FLOAT_LITERAL, DOUBLE_LITERAL, REAL_LITERAL} [@1765,7506:7516='\ifExintVar',<188>,255:14] (termorseq, taclet, rulesOrAxioms, decls, file) 
126756     WARN  Test worker     d.u.i.k.n.KeYParser       [syntax-error] file:/home/runner/work/key/key/key.core/build/resources/main/de/uka/ilkd/key/proof/rules/ifThenElseRules.key:255:27: extraneous input '(' expecting {'\lemma', '}', IDENT, '/*!'} [@1768,7519:7519='(',<146>,255:27] (rulesOrAxioms, decls, file) 
126756     WARN  Test worker     d.u.i.k.n.KeYParser       [syntax-error] file:/home/runner/work/key/key/key.core/build/resources/main/de/uka/ilkd/key/proof/rules/ifThenElseRules.key:255:31: mismatched input ')' expecting {'(', '{'} [@1770,7523:7523=')',<147>,255:31] (taclet, rulesOrAxioms, decls, file) 
126756     WARN  Test worker     d.u.i.k.n.KeYParser       [syntax-error] file:/home/runner/work/key/key/key.core/build/resources/main/de/uka/ilkd/key/proof/rules/ifThenElseRules.key:258:52: extraneous input '0' expecting {'\lemma', '}', IDENT, '/*!'} [@1809,7667:7667='0',<184>,258:52] (rulesOrAxioms, decls, file) 
126756     WARN  Test worker     d.u.i.k.n.KeYParser       [syntax-error] file:/home/runner/work/key/key/key.core/build/resources/main/de/uka/ilkd/key/proof/rules/ifThenElseRules.key:258:54: mismatched input 'then' expecting {<EOF>, '\problem', '\chooseContract', '\proofObligation', '\proof'} [@1811,7669:7672='then',<183>,258:54] (file) 
126849     WARN  Test worker     d.u.i.k.n.KeYParser       [syntax-error] file:/home/runner/work/key/key/key.core/build/resources/main/de/uka/ilkd/key/proof/rules/ifThenElseRules.key:135:14: mismatched input '\ifExintVar' expecting {MODALITY, FORALL, EXISTS, '\if', '\ifEx', 'true', 'false', '(', '{', '@', NOT, SEQARROW, '-', STRING_LITERAL, CHAR_LITERAL, BIN_LITERAL, HEX_LITERAL, IDENT, INT_LITERAL, FLOAT_LITERAL, DOUBLE_LITERAL, REAL_LITERAL} [@745,3563:3573='\ifExintVar',<188>,135:14] (termorseq, taclet, rulesOrAxioms, decls, file) 
126850     WARN  Test worker     d.u.i.k.n.KeYParser       [syntax-error] file:/home/runner/work/key/key/key.core/build/resources/main/de/uka/ilkd/key/proof/rules/ifThenElseRules.key:135:27: extraneous input '(' expecting {'\lemma', '}', IDENT, '/*!'} [@748,3576:3576='(',<146>,135:27] (rulesOrAxioms, decls, file) 
126850     WARN  Test worker     d.u.i.k.n.KeYParser       [syntax-error] file:/home/runner/work/key/key/key.core/build/resources/main/de/uka/ilkd/key/proof/rules/ifThenElseRules.key:135:44: mismatched input ')' expecting {'(', '{'} [@754,3593:3593=')',<147>,135:44] (taclet, rulesOrAxioms, decls, file) 
126850     WARN  Test worker     d.u.i.k.n.KeYParser       [syntax-error] file:/home/runner/work/key/key/key.core/build/resources/main/de/uka/ilkd/key/proof/rules/ifThenElseRules.key:141:14: mismatched input '\ifExintVar' expecting {MODALITY, FORALL, EXISTS, '\if', '\ifEx', 'true', 'false', '(', '{', '@', NOT, SEQARROW, '-', STRING_LITERAL, CHAR_LITERAL, BIN_LITERAL, HEX_LITERAL, IDENT, INT_LITERAL, FLOAT_LITERAL, DOUBLE_LITERAL, REAL_LITERAL} [@780,3716:3726='\ifExintVar',<188>,141:14] (termorseq, taclet, rulesOrAxioms, decls, file) 
126851     WARN  Test worker     d.u.i.k.n.KeYParser       [syntax-error] file:/home/runner/work/key/key/key.core/build/resources/main/de/uka/ilkd/key/proof/rules/ifThenElseRules.key:141:27: extraneous input '(' expecting {'\lemma', '}', IDENT, '/*!'} [@783,3729:3729='(',<146>,141:27] (rulesOrAxioms, decls, file) 
126851     WARN  Test worker     d.u.i.k.n.KeYParser       [syntax-error] file:/home/runner/work/key/key/key.core/build/resources/main/de/uka/ilkd/key/proof/rules/ifThenElseRules.key:141:41: mismatched input ')' expecting {'(', '{'} [@789,3743:3743=')',<147>,141:41] (taclet, rulesOrAxioms, decls, file) 
126851     WARN  Test worker     d.u.i.k.n.KeYParser       [syntax-error] file:/home/runner/work/key/key/key.core/build/resources/main/de/uka/ilkd/key/proof/rules/ifThenElseRules.key:148:14: mismatched input '\ifExintVar' expecting {MODALITY, FORALL, EXISTS, '\if', '\ifEx', 'true', 'false', '(', '{', '@', NOT, SEQARROW, '-', STRING_LITERAL, CHAR_LITERAL, BIN_LITERAL, HEX_LITERAL, IDENT, INT_LITERAL, FLOAT_LITERAL, DOUBLE_LITERAL, REAL_LITERAL} [@819,3896:3906='\ifExintVar',<188>,148:14] (termorseq, taclet, rulesOrAxioms, decls, file) 
126852     WARN  Test worker     d.u.i.k.n.KeYParser       [syntax-error] file:/home/runner/work/key/key/key.core/build/resources/main/de/uka/ilkd/key/proof/rules/ifThenElseRules.key:148:27: extraneous input '(' expecting {'\lemma', '}', IDENT, '/*!'} [@822,3909:3909='(',<146>,148:27] (rulesOrAxioms, decls, file) 
126853     WARN  Test worker     d.u.i.k.n.KeYParser       [syntax-error] file:/home/runner/work/key/key/key.core/build/resources/main/de/uka/ilkd/key/proof/rules/ifThenElseRules.key:148:35: mismatched input '=' expecting {'(', '{'} [@825,3917:3917='=',<159>,148:35] (taclet, rulesOrAxioms, decls, file) 
126853     WARN  Test worker     d.u.i.k.n.KeYParser       [syntax-error] file:/home/runner/work/key/key/key.core/build/resources/main/de/uka/ilkd/key/proof/rules/ifThenElseRules.key:150:38: mismatched input '}' expecting {'(', '{'} [@859,4023:4023='}',<149>,150:38] (taclet, rulesOrAxioms, decls, file) 
126854     WARN  Test worker     d.u.i.k.n.KeYParser       [syntax-error] file:/home/runner/work/key/key/key.core/build/resources/main/de/uka/ilkd/key/proof/rules/ifThenElseRules.key:155:14: mismatched input '\ifExintVar' expecting {MODALITY, FORALL, EXISTS, '\if', '\ifEx', 'true', 'false', '(', '{', '@', NOT, SEQARROW, '-', STRING_LITERAL, CHAR_LITERAL, BIN_LITERAL, HEX_LITERAL, IDENT, INT_LITERAL, FLOAT_LITERAL, DOUBLE_LITERAL, REAL_LITERAL} [@877,4109:4119='\ifExintVar',<188>,155:14] (termorseq, taclet, rulesOrAxioms, decls, file) 
126854     WARN  Test worker     d.u.i.k.n.KeYParser       [syntax-error] file:/home/runner/work/key/key/key.core/build/resources/main/de/uka/ilkd/key/proof/rules/ifThenElseRules.key:155:27: extraneous input '(' expecting {'\lemma', '}', IDENT, '/*!'} [@880,4122:4122='(',<146>,155:27] (rulesOrAxioms, decls, file) 
126855     WARN  Test worker     d.u.i.k.n.KeYParser       [syntax-error] file:/home/runner/work/key/key/key.core/build/resources/main/de/uka/ilkd/key/proof/rules/ifThenElseRules.key:155:35: mismatched input '=' expecting {'(', '{'} [@883,4130:4130='=',<159>,155:35] (taclet, rulesOrAxioms, decls, file) 
126856     WARN  Test worker     d.u.i.k.n.KeYParser       [syntax-error] file:/home/runner/work/key/key/key.core/build/resources/main/de/uka/ilkd/key/proof/rules/ifThenElseRules.key:157:38: mismatched input '}' expecting {'(', '{'} [@917,4230:4230='}',<149>,157:38] (taclet, rulesOrAxioms, decls, file) 
126856     WARN  Test worker     d.u.i.k.n.KeYParser       [syntax-error] file:/home/runner/work/key/key/key.core/build/resources/main/de/uka/ilkd/key/proof/rules/ifThenElseRules.key:163:14: mismatched input '\ifExintVar' expecting {MODALITY, FORALL, EXISTS, '\if', '\ifEx', 'true', 'false', '(', '{', '@', NOT, SEQARROW, '-', STRING_LITERAL, CHAR_LITERAL, BIN_LITERAL, HEX_LITERAL, IDENT, INT_LITERAL, FLOAT_LITERAL, DOUBLE_LITERAL, REAL_LITERAL} [@939,4350:4360='\ifExintVar',<188>,163:14] (termorseq, taclet, rulesOrAxioms, decls, file) 
126857     WARN  Test worker     d.u.i.k.n.KeYParser       [syntax-error] file:/home/runner/work/key/key/key.core/build/resources/main/de/uka/ilkd/key/proof/rules/ifThenElseRules.key:163:27: extraneous input '(' expecting {'\lemma', '}', IDENT, '/*!'} [@942,4363:4363='(',<146>,163:27] (rulesOrAxioms, decls, file) 
126857     WARN  Test worker     d.u.i.k.n.KeYParser       [syntax-error] file:/home/runner/work/key/key/key.core/build/resources/main/de/uka/ilkd/key/proof/rules/ifThenElseRules.key:163:30: mismatched input '=' expecting {'(', '{'} [@945,4366:4366='=',<159>,163:30] (taclet, rulesOrAxioms, decls, file) 
126857     WARN  Test worker     d.u.i.k.n.KeYParser       [syntax-error] file:/home/runner/work/key/key/key.core/build/resources/main/de/uka/ilkd/key/proof/rules/ifThenElseRules.key:165:38: mismatched input '}' expecting {'(', '{'} [@979,4477:4477='}',<149>,165:38] (taclet, rulesOrAxioms, decls, file) 
126857     WARN  Test worker     d.u.i.k.n.KeYParser       [syntax-error] file:/home/runner/work/key/key/key.core/build/resources/main/de/uka/ilkd/key/proof/rules/ifThenElseRules.key:171:14: mismatched input '\ifExintVar' expecting {MODALITY, FORALL, EXISTS, '\if', '\ifEx', 'true', 'false', '(', '{', '@', NOT, SEQARROW, '-', STRING_LITERAL, CHAR_LITERAL, BIN_LITERAL, HEX_LITERAL, IDENT, INT_LITERAL, FLOAT_LITERAL, DOUBLE_LITERAL, REAL_LITERAL} [@1001,4604:4614='\ifExintVar',<188>,171:14] (termorseq, taclet, rulesOrAxioms, decls, file) 
126858     WARN  Test worker     d.u.i.k.n.KeYParser       [syntax-error] file:/home/runner/work/key/key/key.core/build/resources/main/de/uka/ilkd/key/proof/rules/ifThenElseRules.key:171:27: extraneous input '(' expecting {'\lemma', '}', IDENT, '/*!'} [@1004,4617:4617='(',<146>,171:27] (rulesOrAxioms, decls, file) 
126859     WARN  Test worker     d.u.i.k.n.KeYParser       [syntax-error] file:/home/runner/work/key/key/key.core/build/resources/main/de/uka/ilkd/key/proof/rules/ifThenElseRules.key:171:30: mismatched input '=' expecting {'(', '{'} [@1007,4620:4620='=',<159>,171:30] (taclet, rulesOrAxioms, decls, file) 
126859     WARN  Test worker     d.u.i.k.n.KeYParser       [syntax-error] file:/home/runner/work/key/key/key.core/build/resources/main/de/uka/ilkd/key/proof/rules/ifThenElseRules.key:173:38: mismatched input '}' expecting {'(', '{'} [@1041,4725:4725='}',<149>,173:38] (taclet, rulesOrAxioms, decls, file) 
126859     WARN  Test worker     d.u.i.k.n.KeYParser       [syntax-error] file:/home/runner/work/key/key/key.core/build/resources/main/de/uka/ilkd/key/proof/rules/ifThenElseRules.key:179:14: mismatched input '\ifExintVar' expecting {MODALITY, FORALL, EXISTS, '\if', '\ifEx', 'true', 'false', '(', '{', '@', NOT, SEQARROW, '-', STRING_LITERAL, CHAR_LITERAL, BIN_LITERAL, HEX_LITERAL, IDENT, INT_LITERAL, FLOAT_LITERAL, DOUBLE_LITERAL, REAL_LITERAL} [@1063,4848:4858='\ifExintVar',<188>,179:14] (termorseq, taclet, rulesOrAxioms, decls, file) 
126860     WARN  Test worker     d.u.i.k.n.KeYParser       [syntax-error] file:/home/runner/work/key/key/key.core/build/resources/main/de/uka/ilkd/key/proof/rules/ifThenElseRules.key:179:27: extraneous input '(' expecting {'\lemma', '}', IDENT, '/*!'} [@1066,4861:4861='(',<146>,179:27] (rulesOrAxioms, decls, file) 
126860     WARN  Test worker     d.u.i.k.n.KeYParser       [syntax-error] file:/home/runner/work/key/key/key.core/build/resources/main/de/uka/ilkd/key/proof/rules/ifThenElseRules.key:179:32: mismatched input '&' expecting {'(', '{'} [@1069,4866:4866='&',<156>,179:32] (taclet, rulesOrAxioms, decls, file) 
126860     WARN  Test worker     d.u.i.k.n.KeYParser       [syntax-error] file:/home/runner/work/key/key/key.core/build/resources/main/de/uka/ilkd/key/proof/rules/ifThenElseRules.key:181:42: mismatched input '}' expecting {'(', '{'} [@1109,4985:4985='}',<149>,181:42] (taclet, rulesOrAxioms, decls, file) 
126861     WARN  Test worker     d.u.i.k.n.KeYParser       [syntax-error] file:/home/runner/work/key/key/key.core/build/resources/main/de/uka/ilkd/key/proof/rules/ifThenElseRules.key:182:39: mismatched input '}' expecting {'(', '{'} [@1122,5030:5030='}',<149>,182:39] (taclet, rulesOrAxioms, decls, file) 
126861     WARN  Test worker     d.u.i.k.n.KeYParser       [syntax-error] file:/home/runner/work/key/key/key.core/build/resources/main/de/uka/ilkd/key/proof/rules/ifThenElseRules.key:188:14: mismatched input '\ifExintVar' expecting {MODALITY, FORALL, EXISTS, '\if', '\ifEx', 'true', 'false', '(', '{', '@', NOT, SEQARROW, '-', STRING_LITERAL, CHAR_LITERAL, BIN_LITERAL, HEX_LITERAL, IDENT, INT_LITERAL, FLOAT_LITERAL, DOUBLE_LITERAL, REAL_LITERAL} [@1146,5149:5159='\ifExintVar',<188>,188:14] (termorseq, taclet, rulesOrAxioms, decls, file) 
126861     WARN  Test worker     d.u.i.k.n.KeYParser       [syntax-error] file:/home/runner/work/key/key/key.core/build/resources/main/de/uka/ilkd/key/proof/rules/ifThenElseRules.key:188:27: extraneous input '(' expecting {'\lemma', '}', IDENT, '/*!'} [@1149,5162:5162='(',<146>,188:27] (rulesOrAxioms, decls, file) 
126866     WARN  Test worker     d.u.i.k.n.KeYParser       [syntax-error] file:/home/runner/work/key/key/key.core/build/resources/main/de/uka/ilkd/key/proof/rules/ifThenElseRules.key:188:32: mismatched input '&' expecting {'(', '{'} [@1152,5167:5167='&',<156>,188:32] (taclet, rulesOrAxioms, decls, file) 
126866     WARN  Test worker     d.u.i.k.n.KeYParser       [syntax-error] file:/home/runner/work/key/key/key.core/build/resources/main/de/uka/ilkd/key/proof/rules/ifThenElseRules.key:190:42: mismatched input '}' expecting {'(', '{'} [@1192,5280:5280='}',<149>,190:42] (taclet, rulesOrAxioms, decls, file) 
126867     WARN  Test worker     d.u.i.k.n.KeYParser       [syntax-error] file:/home/runner/work/key/key/key.core/build/resources/main/de/uka/ilkd/key/proof/rules/ifThenElseRules.key:191:39: mismatched input '}' expecting {'(', '{'} [@1205,5325:5325='}',<149>,191:39] (taclet, rulesOrAxioms, decls, file) 
126867     WARN  Test worker     d.u.i.k.n.KeYParser       [syntax-error] file:/home/runner/work/key/key/key.core/build/resources/main/de/uka/ilkd/key/proof/rules/ifThenElseRules.key:198:14: mismatched input '\ifExintVar' expecting {MODALITY, FORALL, EXISTS, '\if', '\ifEx', 'true', 'false', '(', '{', '@', NOT, SEQARROW, '-', STRING_LITERAL, CHAR_LITERAL, BIN_LITERAL, HEX_LITERAL, IDENT, INT_LITERAL, FLOAT_LITERAL, DOUBLE_LITERAL, REAL_LITERAL} [@1233,5475:5485='\ifExintVar',<188>,198:14] (termorseq, taclet, rulesOrAxioms, decls, file) 
126867     WARN  Test worker     d.u.i.k.n.KeYParser       [syntax-error] file:/home/runner/work/key/key/key.core/build/resources/main/de/uka/ilkd/key/proof/rules/ifThenElseRules.key:198:27: extraneous input '(' expecting {'\lemma', '}', IDENT, '/*!'} [@1236,5488:5488='(',<146>,198:27] (rulesOrAxioms, decls, file) 
126868     WARN  Test worker     d.u.i.k.n.KeYParser       [syntax-error] file:/home/runner/work/key/key/key.core/build/resources/main/de/uka/ilkd/key/proof/rules/ifThenElseRules.key:198:32: mismatched input '&' expecting {'(', '{'} [@1239,5493:5493='&',<156>,198:32] (taclet, rulesOrAxioms, decls, file) 
126868     WARN  Test worker     d.u.i.k.n.KeYParser       [syntax-error] file:/home/runner/work/key/key/key.core/build/resources/main/de/uka/ilkd/key/proof/rules/ifThenElseRules.key:200:42: mismatched input '}' expecting {'(', '{'} [@1279,5612:5612='}',<149>,200:42] (taclet, rulesOrAxioms, decls, file) 
126869     WARN  Test worker     d.u.i.k.n.KeYParser       [syntax-error] file:/home/runner/work/key/key/key.core/build/resources/main/de/uka/ilkd/key/proof/rules/ifThenElseRules.key:201:39: mismatched input '}' expecting {'(', '{'} [@1292,5657:5657='}',<149>,201:39] (taclet, rulesOrAxioms, decls, file) 
126870     WARN  Test worker     d.u.i.k.n.KeYParser       [syntax-error] file:/home/runner/work/key/key/key.core/build/resources/main/de/uka/ilkd/key/proof/rules/ifThenElseRules.key:208:14: mismatched input '\ifExintVar' expecting {MODALITY, FORALL, EXISTS, '\if', '\ifEx', 'true', 'false', '(', '{', '@', NOT, SEQARROW, '-', STRING_LITERAL, CHAR_LITERAL, BIN_LITERAL, HEX_LITERAL, IDENT, INT_LITERAL, FLOAT_LITERAL, DOUBLE_LITERAL, REAL_LITERAL} [@1320,5817:5827='\ifExintVar',<188>,208:14] (termorseq, taclet, rulesOrAxioms, decls, file) 
126870     WARN  Test worker     d.u.i.k.n.KeYParser       [syntax-error] file:/home/runner/work/key/key/key.core/build/resources/main/de/uka/ilkd/key/proof/rules/ifThenElseRules.key:208:27: extraneous input '(' expecting {'\lemma', '}', IDENT, '/*!'} [@1323,5830:5830='(',<146>,208:27] (rulesOrAxioms, decls, file) 
126871     WARN  Test worker     d.u.i.k.n.KeYParser       [syntax-error] file:/home/runner/work/key/key/key.core/build/resources/main/de/uka/ilkd/key/proof/rules/ifThenElseRules.key:208:32: mismatched input '&' expecting {'(', '{'} [@1326,5835:5835='&',<156>,208:32] (taclet, rulesOrAxioms, decls, file) 
126871     WARN  Test worker     d.u.i.k.n.KeYParser       [syntax-error] file:/home/runner/work/key/key/key.core/build/resources/main/de/uka/ilkd/key/proof/rules/ifThenElseRules.key:210:42: mismatched input '}' expecting {'(', '{'} [@1366,5948:5948='}',<149>,210:42] (taclet, rulesOrAxioms, decls, file) 
126871     WARN  Test worker     d.u.i.k.n.KeYParser       [syntax-error] file:/home/runner/work/key/key/key.core/build/resources/main/de/uka/ilkd/key/proof/rules/ifThenElseRules.key:211:39: mismatched input '}' expecting {'(', '{'} [@1379,5993:5993='}',<149>,211:39] (taclet, rulesOrAxioms, decls, file) 
126876     WARN  Test worker     d.u.i.k.n.KeYParser       [syntax-error] file:/home/runner/work/key/key/key.core/build/resources/main/de/uka/ilkd/key/proof/rules/ifThenElseRules.key:218:14: mismatched input '\ifExintVar' expecting {MODALITY, FORALL, EXISTS, '\if', '\ifEx', 'true', 'false', '(', '{', '@', NOT, SEQARROW, '-', STRING_LITERAL, CHAR_LITERAL, BIN_LITERAL, HEX_LITERAL, IDENT, INT_LITERAL, FLOAT_LITERAL, DOUBLE_LITERAL, REAL_LITERAL} [@1407,6146:6156='\ifExintVar',<188>,218:14] (termorseq, taclet, rulesOrAxioms, decls, file) 
126877     WARN  Test worker     d.u.i.k.n.KeYParser       [syntax-error] file:/home/runner/work/key/key/key.core/build/resources/main/de/uka/ilkd/key/proof/rules/ifThenElseRules.key:218:27: extraneous input '(' expecting {'\lemma', '}', IDENT, '/*!'} [@1410,6159:6159='(',<146>,218:27] (rulesOrAxioms, decls, file) 
126877     WARN  Test worker     d.u.i.k.n.KeYParser       [syntax-error] file:/home/runner/work/key/key/key.core/build/resources/main/de/uka/ilkd/key/proof/rules/ifThenElseRules.key:218:31: mismatched input ')' expecting {'(', '{'} [@1412,6163:6163=')',<147>,218:31] (taclet, rulesOrAxioms, decls, file) 
126879     WARN  Test worker     d.u.i.k.n.KeYParser       [syntax-error] file:/home/runner/work/key/key/key.core/build/resources/main/de/uka/ilkd/key/proof/rules/ifThenElseRules.key:220:44: mismatched input ')' expecting {'(', '{'} [@1444,6275:6275=')',<147>,220:44] (taclet, rulesOrAxioms, decls, file) 
126879     WARN  Test worker     d.u.i.k.n.KeYParser       [syntax-error] file:/home/runner/work/key/key/key.core/build/resources/main/de/uka/ilkd/key/proof/rules/ifThenElseRules.key:225:14: mismatched input '\ifExintVar' expecting {MODALITY, FORALL, EXISTS, '\if', '\ifEx', 'true', 'false', '(', '{', '@', NOT, SEQARROW, '-', STRING_LITERAL, CHAR_LITERAL, BIN_LITERAL, HEX_LITERAL, IDENT, INT_LITERAL, FLOAT_LITERAL, DOUBLE_LITERAL, REAL_LITERAL} [@1471,6389:6399='\ifExintVar',<188>,225:14] (termorseq, taclet, rulesOrAxioms, decls, file) 
126880     WARN  Test worker     d.u.i.k.n.KeYParser       [syntax-error] file:/home/runner/work/key/key/key.core/build/resources/main/de/uka/ilkd/key/proof/rules/ifThenElseRules.key:225:27: extraneous input '(' expecting {'\lemma', '}', IDENT, '/*!'} [@1474,6402:6402='(',<146>,225:27] (rulesOrAxioms, decls, file) 
126880     WARN  Test worker     d.u.i.k.n.KeYParser       [syntax-error] file:/home/runner/work/key/key/key.core/build/resources/main/de/uka/ilkd/key/proof/rules/ifThenElseRules.key:225:31: mismatched input ')' expecting {'(', '{'} [@1476,6406:6406=')',<147>,225:31] (taclet, rulesOrAxioms, decls, file) 
126881     WARN  Test worker     d.u.i.k.n.KeYParser       [syntax-error] file:/home/runner/work/key/key/key.core/build/resources/main/de/uka/ilkd/key/proof/rules/ifThenElseRules.key:227:44: mismatched input ')' expecting {'(', '{'} [@1508,6509:6509=')',<147>,227:44] (taclet, rulesOrAxioms, decls, file) 
126881     WARN  Test worker     d.u.i.k.n.KeYParser       [syntax-error] file:/home/runner/work/key/key/key.core/build/resources/main/de/uka/ilkd/key/proof/rules/ifThenElseRules.key:233:14: mismatched input '\ifExintVar' expecting {MODALITY, FORALL, EXISTS, '\if', '\ifEx', 'true', 'false', '(', '{', '@', NOT, SEQARROW, '-', STRING_LITERAL, CHAR_LITERAL, BIN_LITERAL, HEX_LITERAL, IDENT, INT_LITERAL, FLOAT_LITERAL, DOUBLE_LITERAL, REAL_LITERAL} [@1539,6656:6666='\ifExintVar',<188>,233:14] (termorseq, taclet, rulesOrAxioms, decls, file) 
126881     WARN  Test worker     d.u.i.k.n.KeYParser       [syntax-error] file:/home/runner/work/key/key/key.core/build/resources/main/de/uka/ilkd/key/proof/rules/ifThenElseRules.key:233:27: extraneous input '(' expecting {'\lemma', '}', IDENT, '/*!'} [@1542,6669:6669='(',<146>,233:27] (rulesOrAxioms, decls, file) 
126882     WARN  Test worker     d.u.i.k.n.KeYParser       [syntax-error] file:/home/runner/work/key/key/key.core/build/resources/main/de/uka/ilkd/key/proof/rules/ifThenElseRules.key:233:31: mismatched input ')' expecting {'(', '{'} [@1544,6673:6673=')',<147>,233:31] (taclet, rulesOrAxioms, decls, file) 
126882     WARN  Test worker     d.u.i.k.n.KeYParser       [syntax-error] file:/home/runner/work/key/key/key.core/build/resources/main/de/uka/ilkd/key/proof/rules/ifThenElseRules.key:237:42: mismatched input '}' expecting {'(', '{'} [@1586,6850:6850='}',<149>,237:42] (taclet, rulesOrAxioms, decls, file) 
126882     WARN  Test worker     d.u.i.k.n.KeYParser       [syntax-error] file:/home/runner/work/key/key/key.core/build/resources/main/de/uka/ilkd/key/proof/rules/ifThenElseRules.key:238:34: mismatched input '}' expecting {'(', '{'} [@1599,6891:6891='}',<149>,238:34] (taclet, rulesOrAxioms, decls, file) 
126883     WARN  Test worker     d.u.i.k.n.KeYParser       [syntax-error] file:/home/runner/work/key/key/key.core/build/resources/main/de/uka/ilkd/key/proof/rules/ifThenElseRules.key:239:28: extraneous input '(' expecting {'\lemma', '}', IDENT, '/*!'} [@1608,6925:6925='(',<146>,239:28] (rulesOrAxioms, decls, file) 
126883     WARN  Test worker     d.u.i.k.n.KeYParser       [syntax-error] file:/home/runner/work/key/key/key.core/build/resources/main/de/uka/ilkd/key/proof/rules/ifThenElseRules.key:239:33: mismatched input '->' expecting {'(', '{'} [@1611,6930:6931='->',<158>,239:33] (taclet, rulesOrAxioms, decls, file) 
126883     WARN  Test worker     d.u.i.k.n.KeYParser       [syntax-error] file:/home/runner/work/key/key/key.core/build/resources/main/de/uka/ilkd/key/proof/rules/ifThenElseRules.key:240:8: extraneous input '\replacewith' expecting {'\lemma', '}', IDENT, '/*!'} [@1626,6979:6990='\replacewith',<105>,240:8] (rulesOrAxioms, decls, file) 
126883     WARN  Test worker     d.u.i.k.n.KeYParser       [syntax-error] file:/home/runner/work/key/key/key.core/build/resources/main/de/uka/ilkd/key/proof/rules/ifThenElseRules.key:240:25: mismatched input ')' expecting {'(', '{'} [@1629,6996:6996=')',<147>,240:25] (taclet, rulesOrAxioms, decls, file) 
126885     WARN  Test worker     d.u.i.k.n.KeYParser       [syntax-error] file:/home/runner/work/key/key/key.core/build/resources/main/de/uka/ilkd/key/proof/rules/ifThenElseRules.key:240:56: mismatched input ')' expecting {'(', '{'} [@1642,7027:7027=')',<147>,240:56] (taclet, rulesOrAxioms, decls, file) 
126885     WARN  Test worker     d.u.i.k.n.KeYParser       [syntax-error] file:/home/runner/work/key/key/key.core/build/resources/main/de/uka/ilkd/key/proof/rules/ifThenElseRules.key:245:14: mismatched input '\ifExintVar' expecting {MODALITY, FORALL, EXISTS, '\if', '\ifEx', 'true', 'false', '(', '{', '@', NOT, SEQARROW, '-', STRING_LITERAL, CHAR_LITERAL, BIN_LITERAL, HEX_LITERAL, IDENT, INT_LITERAL, FLOAT_LITERAL, DOUBLE_LITERAL, REAL_LITERAL} [@1658,7109:7119='\ifExintVar',<188>,245:14] (termorseq, taclet, rulesOrAxioms, decls, file) 
126886     WARN  Test worker     d.u.i.k.n.KeYParser       [syntax-error] file:/home/runner/work/key/key/key.core/build/resources/main/de/uka/ilkd/key/proof/rules/ifThenElseRules.key:245:27: extraneous input '(' expecting {'\lemma', '}', IDENT, '/*!'} [@1661,7122:7122='(',<146>,245:27] (rulesOrAxioms, decls, file) 
126886     WARN  Test worker     d.u.i.k.n.KeYParser       [syntax-error] file:/home/runner/work/key/key/key.core/build/resources/main/de/uka/ilkd/key/proof/rules/ifThenElseRules.key:245:31: mismatched input ')' expecting {'(', '{'} [@1663,7126:7126=')',<147>,245:31] (taclet, rulesOrAxioms, decls, file) 
126886     WARN  Test worker     d.u.i.k.n.KeYParser       [syntax-error] file:/home/runner/work/key/key/key.core/build/resources/main/de/uka/ilkd/key/proof/rules/ifThenElseRules.key:248:45: mismatched input '}' expecting {'(', '{'} [@1696,7268:7268='}',<149>,248:45] (taclet, rulesOrAxioms, decls, file) 
126887     WARN  Test worker     d.u.i.k.n.KeYParser       [syntax-error] file:/home/runner/work/key/key/key.core/build/resources/main/de/uka/ilkd/key/proof/rules/ifThenElseRules.key:249:8: extraneous input '\replacewith' expecting {'\lemma', '}', IDENT, '/*!'} [@1701,7284:7295='\replacewith',<105>,249:8] (rulesOrAxioms, decls, file) 
126887     WARN  Test worker     d.u.i.k.n.KeYParser       [syntax-error] file:/home/runner/work/key/key/key.core/build/resources/main/de/uka/ilkd/key/proof/rules/ifThenElseRules.key:249:38: mismatched input ')' expecting {'(', '{'} [@1708,7314:7314=')',<147>,249:38] (taclet, rulesOrAxioms, decls, file) 
126887     WARN  Test worker     d.u.i.k.n.KeYParser       [syntax-error] file:/home/runner/work/key/key/key.core/build/resources/main/de/uka/ilkd/key/proof/rules/ifThenElseRules.key:250:42: mismatched input '}' expecting {'(', '{'} [@1731,7381:7381='}',<149>,250:42] (taclet, rulesOrAxioms, decls, file) 
126888     WARN  Test worker     d.u.i.k.n.KeYParser       [syntax-error] file:/home/runner/work/key/key/key.core/build/resources/main/de/uka/ilkd/key/proof/rules/ifThenElseRules.key:251:28: extraneous input '(' expecting {'\lemma', '}', IDENT, '/*!'} [@1741,7416:7416='(',<146>,251:28] (rulesOrAxioms, decls, file) 
126888     WARN  Test worker     d.u.i.k.n.KeYParser       [syntax-error] file:/home/runner/work/key/key/key.core/build/resources/main/de/uka/ilkd/key/proof/rules/ifThenElseRules.key:251:33: mismatched input '->' expecting {'(', '{'} [@1744,7421:7422='->',<158>,251:33] (taclet, rulesOrAxioms, decls, file) 
126888     WARN  Test worker     d.u.i.k.n.KeYParser       [syntax-error] file:/home/runner/work/key/key/key.core/build/resources/main/de/uka/ilkd/key/proof/rules/ifThenElseRules.key:255:14: mismatched input '\ifExintVar' expecting {MODALITY, FORALL, EXISTS, '\if', '\ifEx', 'true', 'false', '(', '{', '@', NOT, SEQARROW, '-', STRING_LITERAL, CHAR_LITERAL, BIN_LITERAL, HEX_LITERAL, IDENT, INT_LITERAL, FLOAT_LITERAL, DOUBLE_LITERAL, REAL_LITERAL} [@1765,7506:7516='\ifExintVar',<188>,255:14] (termorseq, taclet, rulesOrAxioms, decls, file) 
126892     WARN  Test worker     d.u.i.k.n.KeYParser       [syntax-error] file:/home/runner/work/key/key/key.core/build/resources/main/de/uka/ilkd/key/proof/rules/ifThenElseRules.key:255:27: extraneous input '(' expecting {'\lemma', '}', IDENT, '/*!'} [@1768,7519:7519='(',<146>,255:27] (rulesOrAxioms, decls, file) 
126892     WARN  Test worker     d.u.i.k.n.KeYParser       [syntax-error] file:/home/runner/work/key/key/key.core/build/resources/main/de/uka/ilkd/key/proof/rules/ifThenElseRules.key:255:31: mismatched input ')' expecting {'(', '{'} [@1770,7523:7523=')',<147>,255:31] (taclet, rulesOrAxioms, decls, file) 
126893     WARN  Test worker     d.u.i.k.n.KeYParser       [syntax-error] file:/home/runner/work/key/key/key.core/build/resources/main/de/uka/ilkd/key/proof/rules/ifThenElseRules.key:258:52: extraneous input '0' expecting {'\lemma', '}', IDENT, '/*!'} [@1809,7667:7667='0',<184>,258:52] (rulesOrAxioms, decls, file) 
126893     WARN  Test worker     d.u.i.k.n.KeYParser       [syntax-error] file:/home/runner/work/key/key/key.core/build/resources/main/de/uka/ilkd/key/proof/rules/ifThenElseRules.key:258:54: mismatched input 'then' expecting {<EOF>, '\problem', '\chooseContract', '\proofObligation', '\proof'} [@1811,7669:7672='then',<183>,258:54] (file) 
126957     WARN  Test worker     d.u.i.k.n.KeYParser       [syntax-error] file:/home/runner/work/key/key/key.core/build/resources/main/de/uka/ilkd/key/proof/rules/ifThenElseRules.key:135:14: mismatched input '\ifExintVar' expecting {MODALITY, FORALL, EXISTS, '\if', '\ifEx', 'true', 'false', '(', '{', '@', NOT, SEQARROW, '-', STRING_LITERAL, CHAR_LITERAL, BIN_LITERAL, HEX_LITERAL, IDENT, INT_LITERAL, FLOAT_LITERAL, DOUBLE_LITERAL, REAL_LITERAL} [@745,3563:3573='\ifExintVar',<188>,135:14] (termorseq, taclet, rulesOrAxioms, decls, file) 
126958     WARN  Test worker     d.u.i.k.n.KeYParser       [syntax-error] file:/home/runner/work/key/key/key.core/build/resources/main/de/uka/ilkd/key/proof/rules/ifThenElseRules.key:135:27: extraneous input '(' expecting {'\lemma', '}', IDENT, '/*!'} [@748,3576:3576='(',<146>,135:27] (rulesOrAxioms, decls, file) 
126959     WARN  Test worker     d.u.i.k.n.KeYParser       [syntax-error] file:/home/runner/work/key/key/key.core/build/resources/main/de/uka/ilkd/key/proof/rules/ifThenElseRules.key:135:44: mismatched input ')' expecting {'(', '{'} [@754,3593:3593=')',<147>,135:44] (taclet, rulesOrAxioms, decls, file) 
126960     WARN  Test worker     d.u.i.k.n.KeYParser       [syntax-error] file:/home/runner/work/key/key/key.core/build/resources/main/de/uka/ilkd/key/proof/rules/ifThenElseRules.key:141:14: mismatched input '\ifExintVar' expecting {MODALITY, FORALL, EXISTS, '\if', '\ifEx', 'true', 'false', '(', '{', '@', NOT, SEQARROW, '-', STRING_LITERAL, CHAR_LITERAL, BIN_LITERAL, HEX_LITERAL, IDENT, INT_LITERAL, FLOAT_LITERAL, DOUBLE_LITERAL, REAL_LITERAL} [@780,3716:3726='\ifExintVar',<188>,141:14] (termorseq, taclet, rulesOrAxioms, decls, file) 
126960     WARN  Test worker     d.u.i.k.n.KeYParser       [syntax-error] file:/home/runner/work/key/key/key.core/build/resources/main/de/uka/ilkd/key/proof/rules/ifThenElseRules.key:141:27: extraneous input '(' expecting {'\lemma', '}', IDENT, '/*!'} [@783,3729:3729='(',<146>,141:27] (rulesOrAxioms, decls, file) 
126961     WARN  Test worker     d.u.i.k.n.KeYParser       [syntax-error] file:/home/runner/work/key/key/key.core/build/resources/main/de/uka/ilkd/key/proof/rules/ifThenElseRules.key:141:41: mismatched input ')' expecting {'(', '{'} [@789,3743:3743=')',<147>,141:41] (taclet, rulesOrAxioms, decls, file) 
126961     WARN  Test worker     d.u.i.k.n.KeYParser       [syntax-error] file:/home/runner/work/key/key/key.core/build/resources/main/de/uka/ilkd/key/proof/rules/ifThenElseRules.key:148:14: mismatched input '\ifExintVar' expecting {MODALITY, FORALL, EXISTS, '\if', '\ifEx', 'true', 'false', '(', '{', '@', NOT, SEQARROW, '-', STRING_LITERAL, CHAR_LITERAL, BIN_LITERAL, HEX_LITERAL, IDENT, INT_LITERAL, FLOAT_LITERAL, DOUBLE_LITERAL, REAL_LITERAL} [@819,3896:3906='\ifExintVar',<188>,148:14] (termorseq, taclet, rulesOrAxioms, decls, file) 
126961     WARN  Test worker     d.u.i.k.n.KeYParser       [syntax-error] file:/home/runner/work/key/key/key.core/build/resources/main/de/uka/ilkd/key/proof/rules/ifThenElseRules.key:148:27: extraneous input '(' expecting {'\lemma', '}', IDENT, '/*!'} [@822,3909:3909='(',<146>,148:27] (rulesOrAxioms, decls, file) 
126961     WARN  Test worker     d.u.i.k.n.KeYParser       [syntax-error] file:/home/runner/work/key/key/key.core/build/resources/main/de/uka/ilkd/key/proof/rules/ifThenElseRules.key:148:35: mismatched input '=' expecting {'(', '{'} [@825,3917:3917='=',<159>,148:35] (taclet, rulesOrAxioms, decls, file) 
126962     WARN  Test worker     d.u.i.k.n.KeYParser       [syntax-error] file:/home/runner/work/key/key/key.core/build/resources/main/de/uka/ilkd/key/proof/rules/ifThenElseRules.key:150:38: mismatched input '}' expecting {'(', '{'} [@859,4023:4023='}',<149>,150:38] (taclet, rulesOrAxioms, decls, file) 
126962     WARN  Test worker     d.u.i.k.n.KeYParser       [syntax-error] file:/home/runner/work/key/key/key.core/build/resources/main/de/uka/ilkd/key/proof/rules/ifThenElseRules.key:155:14: mismatched input '\ifExintVar' expecting {MODALITY, FORALL, EXISTS, '\if', '\ifEx', 'true', 'false', '(', '{', '@', NOT, SEQARROW, '-', STRING_LITERAL, CHAR_LITERAL, BIN_LITERAL, HEX_LITERAL, IDENT, INT_LITERAL, FLOAT_LITERAL, DOUBLE_LITERAL, REAL_LITERAL} [@877,4109:4119='\ifExintVar',<188>,155:14] (termorseq, taclet, rulesOrAxioms, decls, file) 
126963     WARN  Test worker     d.u.i.k.n.KeYParser       [syntax-error] file:/home/runner/work/key/key/key.core/build/resources/main/de/uka/ilkd/key/proof/rules/ifThenElseRules.key:155:27: extraneous input '(' expecting {'\lemma', '}', IDENT, '/*!'} [@880,4122:4122='(',<146>,155:27] (rulesOrAxioms, decls, file) 
126963     WARN  Test worker     d.u.i.k.n.KeYParser       [syntax-error] file:/home/runner/work/key/key/key.core/build/resources/main/de/uka/ilkd/key/proof/rules/ifThenElseRules.key:155:35: mismatched input '=' expecting {'(', '{'} [@883,4130:4130='=',<159>,155:35] (taclet, rulesOrAxioms, decls, file) 
126964     WARN  Test worker     d.u.i.k.n.KeYParser       [syntax-error] file:/home/runner/work/key/key/key.core/build/resources/main/de/uka/ilkd/key/proof/rules/ifThenElseRules.key:157:38: mismatched input '}' expecting {'(', '{'} [@917,4230:4230='}',<149>,157:38] (taclet, rulesOrAxioms, decls, file) 
126964     WARN  Test worker     d.u.i.k.n.KeYParser       [syntax-error] file:/home/runner/work/key/key/key.core/build/resources/main/de/uka/ilkd/key/proof/rules/ifThenElseRules.key:163:14: mismatched input '\ifExintVar' expecting {MODALITY, FORALL, EXISTS, '\if', '\ifEx', 'true', 'false', '(', '{', '@', NOT, SEQARROW, '-', STRING_LITERAL, CHAR_LITERAL, BIN_LITERAL, HEX_LITERAL, IDENT, INT_LITERAL, FLOAT_LITERAL, DOUBLE_LITERAL, REAL_LITERAL} [@939,4350:4360='\ifExintVar',<188>,163:14] (termorseq, taclet, rulesOrAxioms, decls, file) 
126964     WARN  Test worker     d.u.i.k.n.KeYParser       [syntax-error] file:/home/runner/work/key/key/key.core/build/resources/main/de/uka/ilkd/key/proof/rules/ifThenElseRules.key:163:27: extraneous input '(' expecting {'\lemma', '}', IDENT, '/*!'} [@942,4363:4363='(',<146>,163:27] (rulesOrAxioms, decls, file) 
126965     WARN  Test worker     d.u.i.k.n.KeYParser       [syntax-error] file:/home/runner/work/key/key/key.core/build/resources/main/de/uka/ilkd/key/proof/rules/ifThenElseRules.key:163:30: mismatched input '=' expecting {'(', '{'} [@945,4366:4366='=',<159>,163:30] (taclet, rulesOrAxioms, decls, file) 
126965     WARN  Test worker     d.u.i.k.n.KeYParser       [syntax-error] file:/home/runner/work/key/key/key.core/build/resources/main/de/uka/ilkd/key/proof/rules/ifThenElseRules.key:165:38: mismatched input '}' expecting {'(', '{'} [@979,4477:4477='}',<149>,165:38] (taclet, rulesOrAxioms, decls, file) 
126965     WARN  Test worker     d.u.i.k.n.KeYParser       [syntax-error] file:/home/runner/work/key/key/key.core/build/resources/main/de/uka/ilkd/key/proof/rules/ifThenElseRules.key:171:14: mismatched input '\ifExintVar' expecting {MODALITY, FORALL, EXISTS, '\if', '\ifEx', 'true', 'false', '(', '{', '@', NOT, SEQARROW, '-', STRING_LITERAL, CHAR_LITERAL, BIN_LITERAL, HEX_LITERAL, IDENT, INT_LITERAL, FLOAT_LITERAL, DOUBLE_LITERAL, REAL_LITERAL} [@1001,4604:4614='\ifExintVar',<188>,171:14] (termorseq, taclet, rulesOrAxioms, decls, file) 
126966     WARN  Test worker     d.u.i.k.n.KeYParser       [syntax-error] file:/home/runner/work/key/key/key.core/build/resources/main/de/uka/ilkd/key/proof/rules/ifThenElseRules.key:171:27: extraneous input '(' expecting {'\lemma', '}', IDENT, '/*!'} [@1004,4617:4617='(',<146>,171:27] (rulesOrAxioms, decls, file) 
126966     WARN  Test worker     d.u.i.k.n.KeYParser       [syntax-error] file:/home/runner/work/key/key/key.core/build/resources/main/de/uka/ilkd/key/proof/rules/ifThenElseRules.key:171:30: mismatched input '=' expecting {'(', '{'} [@1007,4620:4620='=',<159>,171:30] (taclet, rulesOrAxioms, decls, file) 
126966     WARN  Test worker     d.u.i.k.n.KeYParser       [syntax-error] file:/home/runner/work/key/key/key.core/build/resources/main/de/uka/ilkd/key/proof/rules/ifThenElseRules.key:173:38: mismatched input '}' expecting {'(', '{'} [@1041,4725:4725='}',<149>,173:38] (taclet, rulesOrAxioms, decls, file) 
126966     WARN  Test worker     d.u.i.k.n.KeYParser       [syntax-error] file:/home/runner/work/key/key/key.core/build/resources/main/de/uka/ilkd/key/proof/rules/ifThenElseRules.key:179:14: mismatched input '\ifExintVar' expecting {MODALITY, FORALL, EXISTS, '\if', '\ifEx', 'true', 'false', '(', '{', '@', NOT, SEQARROW, '-', STRING_LITERAL, CHAR_LITERAL, BIN_LITERAL, HEX_LITERAL, IDENT, INT_LITERAL, FLOAT_LITERAL, DOUBLE_LITERAL, REAL_LITERAL} [@1063,4848:4858='\ifExintVar',<188>,179:14] (termorseq, taclet, rulesOrAxioms, decls, file) 
126967     WARN  Test worker     d.u.i.k.n.KeYParser       [syntax-error] file:/home/runner/work/key/key/key.core/build/resources/main/de/uka/ilkd/key/proof/rules/ifThenElseRules.key:179:27: extraneous input '(' expecting {'\lemma', '}', IDENT, '/*!'} [@1066,4861:4861='(',<146>,179:27] (rulesOrAxioms, decls, file) 
126967     WARN  Test worker     d.u.i.k.n.KeYParser       [syntax-error] file:/home/runner/work/key/key/key.core/build/resources/main/de/uka/ilkd/key/proof/rules/ifThenElseRules.key:179:32: mismatched input '&' expecting {'(', '{'} [@1069,4866:4866='&',<156>,179:32] (taclet, rulesOrAxioms, decls, file) 
126968     WARN  Test worker     d.u.i.k.n.KeYParser       [syntax-error] file:/home/runner/work/key/key/key.core/build/resources/main/de/uka/ilkd/key/proof/rules/ifThenElseRules.key:181:42: mismatched input '}' expecting {'(', '{'} [@1109,4985:4985='}',<149>,181:42] (taclet, rulesOrAxioms, decls, file) 
126968     WARN  Test worker     d.u.i.k.n.KeYParser       [syntax-error] file:/home/runner/work/key/key/key.core/build/resources/main/de/uka/ilkd/key/proof/rules/ifThenElseRules.key:182:39: mismatched input '}' expecting {'(', '{'} [@1122,5030:5030='}',<149>,182:39] (taclet, rulesOrAxioms, decls, file) 
126968     WARN  Test worker     d.u.i.k.n.KeYParser       [syntax-error] file:/home/runner/work/key/key/key.core/build/resources/main/de/uka/ilkd/key/proof/rules/ifThenElseRules.key:188:14: mismatched input '\ifExintVar' expecting {MODALITY, FORALL, EXISTS, '\if', '\ifEx', 'true', 'false', '(', '{', '@', NOT, SEQARROW, '-', STRING_LITERAL, CHAR_LITERAL, BIN_LITERAL, HEX_LITERAL, IDENT, INT_LITERAL, FLOAT_LITERAL, DOUBLE_LITERAL, REAL_LITERAL} [@1146,5149:5159='\ifExintVar',<188>,188:14] (termorseq, taclet, rulesOrAxioms, decls, file) 
126969     WARN  Test worker     d.u.i.k.n.KeYParser       [syntax-error] file:/home/runner/work/key/key/key.core/build/resources/main/de/uka/ilkd/key/proof/rules/ifThenElseRules.key:188:27: extraneous input '(' expecting {'\lemma', '}', IDENT, '/*!'} [@1149,5162:5162='(',<146>,188:27] (rulesOrAxioms, decls, file) 
126969     WARN  Test worker     d.u.i.k.n.KeYParser       [syntax-error] file:/home/runner/work/key/key/key.core/build/resources/main/de/uka/ilkd/key/proof/rules/ifThenElseRules.key:188:32: mismatched input '&' expecting {'(', '{'} [@1152,5167:5167='&',<156>,188:32] (taclet, rulesOrAxioms, decls, file) 
126969     WARN  Test worker     d.u.i.k.n.KeYParser       [syntax-error] file:/home/runner/work/key/key/key.core/build/resources/main/de/uka/ilkd/key/proof/rules/ifThenElseRules.key:190:42: mismatched input '}' expecting {'(', '{'} [@1192,5280:5280='}',<149>,190:42] (taclet, rulesOrAxioms, decls, file) 
126970     WARN  Test worker     d.u.i.k.n.KeYParser       [syntax-error] file:/home/runner/work/key/key/key.core/build/resources/main/de/uka/ilkd/key/proof/rules/ifThenElseRules.key:191:39: mismatched input '}' expecting {'(', '{'} [@1205,5325:5325='}',<149>,191:39] (taclet, rulesOrAxioms, decls, file) 
126970     WARN  Test worker     d.u.i.k.n.KeYParser       [syntax-error] file:/home/runner/work/key/key/key.core/build/resources/main/de/uka/ilkd/key/proof/rules/ifThenElseRules.key:198:14: mismatched input '\ifExintVar' expecting {MODALITY, FORALL, EXISTS, '\if', '\ifEx', 'true', 'false', '(', '{', '@', NOT, SEQARROW, '-', STRING_LITERAL, CHAR_LITERAL, BIN_LITERAL, HEX_LITERAL, IDENT, INT_LITERAL, FLOAT_LITERAL, DOUBLE_LITERAL, REAL_LITERAL} [@1233,5475:5485='\ifExintVar',<188>,198:14] (termorseq, taclet, rulesOrAxioms, decls, file) 
126970     WARN  Test worker     d.u.i.k.n.KeYParser       [syntax-error] file:/home/runner/work/key/key/key.core/build/resources/main/de/uka/ilkd/key/proof/rules/ifThenElseRules.key:198:27: extraneous input '(' expecting {'\lemma', '}', IDENT, '/*!'} [@1236,5488:5488='(',<146>,198:27] (rulesOrAxioms, decls, file) 
126970     WARN  Test worker     d.u.i.k.n.KeYParser       [syntax-error] file:/home/runner/work/key/key/key.core/build/resources/main/de/uka/ilkd/key/proof/rules/ifThenElseRules.key:198:32: mismatched input '&' expecting {'(', '{'} [@1239,5493:5493='&',<156>,198:32] (taclet, rulesOrAxioms, decls, file) 
126971     WARN  Test worker     d.u.i.k.n.KeYParser       [syntax-error] file:/home/runner/work/key/key/key.core/build/resources/main/de/uka/ilkd/key/proof/rules/ifThenElseRules.key:200:42: mismatched input '}' expecting {'(', '{'} [@1279,5612:5612='}',<149>,200:42] (taclet, rulesOrAxioms, decls, file) 
126971     WARN  Test worker     d.u.i.k.n.KeYParser       [syntax-error] file:/home/runner/work/key/key/key.core/build/resources/main/de/uka/ilkd/key/proof/rules/ifThenElseRules.key:201:39: mismatched input '}' expecting {'(', '{'} [@1292,5657:5657='}',<149>,201:39] (taclet, rulesOrAxioms, decls, file) 
126971     WARN  Test worker     d.u.i.k.n.KeYParser       [syntax-error] file:/home/runner/work/key/key/key.core/build/resources/main/de/uka/ilkd/key/proof/rules/ifThenElseRules.key:208:14: mismatched input '\ifExintVar' expecting {MODALITY, FORALL, EXISTS, '\if', '\ifEx', 'true', 'false', '(', '{', '@', NOT, SEQARROW, '-', STRING_LITERAL, CHAR_LITERAL, BIN_LITERAL, HEX_LITERAL, IDENT, INT_LITERAL, FLOAT_LITERAL, DOUBLE_LITERAL, REAL_LITERAL} [@1320,5817:5827='\ifExintVar',<188>,208:14] (termorseq, taclet, rulesOrAxioms, decls, file) 
126972     WARN  Test worker     d.u.i.k.n.KeYParser       [syntax-error] file:/home/runner/work/key/key/key.core/build/resources/main/de/uka/ilkd/key/proof/rules/ifThenElseRules.key:208:27: extraneous input '(' expecting {'\lemma', '}', IDENT, '/*!'} [@1323,5830:5830='(',<146>,208:27] (rulesOrAxioms, decls, file) 
126972     WARN  Test worker     d.u.i.k.n.KeYParser       [syntax-error] file:/home/runner/work/key/key/key.core/build/resources/main/de/uka/ilkd/key/proof/rules/ifThenElseRules.key:208:32: mismatched input '&' expecting {'(', '{'} [@1326,5835:5835='&',<156>,208:32] (taclet, rulesOrAxioms, decls, file) 
126983     WARN  Test worker     d.u.i.k.n.KeYParser       [syntax-error] file:/home/runner/work/key/key/key.core/build/resources/main/de/uka/ilkd/key/proof/rules/ifThenElseRules.key:210:42: mismatched input '}' expecting {'(', '{'} [@1366,5948:5948='}',<149>,210:42] (taclet, rulesOrAxioms, decls, file) 
126983     WARN  Test worker     d.u.i.k.n.KeYParser       [syntax-error] file:/home/runner/work/key/key/key.core/build/resources/main/de/uka/ilkd/key/proof/rules/ifThenElseRules.key:211:39: mismatched input '}' expecting {'(', '{'} [@1379,5993:5993='}',<149>,211:39] (taclet, rulesOrAxioms, decls, file) 
126983     WARN  Test worker     d.u.i.k.n.KeYParser       [syntax-error] file:/home/runner/work/key/key/key.core/build/resources/main/de/uka/ilkd/key/proof/rules/ifThenElseRules.key:218:14: mismatched input '\ifExintVar' expecting {MODALITY, FORALL, EXISTS, '\if', '\ifEx', 'true', 'false', '(', '{', '@', NOT, SEQARROW, '-', STRING_LITERAL, CHAR_LITERAL, BIN_LITERAL, HEX_LITERAL, IDENT, INT_LITERAL, FLOAT_LITERAL, DOUBLE_LITERAL, REAL_LITERAL} [@1407,6146:6156='\ifExintVar',<188>,218:14] (termorseq, taclet, rulesOrAxioms, decls, file) 
126984     WARN  Test worker     d.u.i.k.n.KeYParser       [syntax-error] file:/home/runner/work/key/key/key.core/build/resources/main/de/uka/ilkd/key/proof/rules/ifThenElseRules.key:218:27: extraneous input '(' expecting {'\lemma', '}', IDENT, '/*!'} [@1410,6159:6159='(',<146>,218:27] (rulesOrAxioms, decls, file) 
126984     WARN  Test worker     d.u.i.k.n.KeYParser       [syntax-error] file:/home/runner/work/key/key/key.core/build/resources/main/de/uka/ilkd/key/proof/rules/ifThenElseRules.key:218:31: mismatched input ')' expecting {'(', '{'} [@1412,6163:6163=')',<147>,218:31] (taclet, rulesOrAxioms, decls, file) 
126985     WARN  Test worker     d.u.i.k.n.KeYParser       [syntax-error] file:/home/runner/work/key/key/key.core/build/resources/main/de/uka/ilkd/key/proof/rules/ifThenElseRules.key:220:44: mismatched input ')' expecting {'(', '{'} [@1444,6275:6275=')',<147>,220:44] (taclet, rulesOrAxioms, decls, file) 
126985     WARN  Test worker     d.u.i.k.n.KeYParser       [syntax-error] file:/home/runner/work/key/key/key.core/build/resources/main/de/uka/ilkd/key/proof/rules/ifThenElseRules.key:225:14: mismatched input '\ifExintVar' expecting {MODALITY, FORALL, EXISTS, '\if', '\ifEx', 'true', 'false', '(', '{', '@', NOT, SEQARROW, '-', STRING_LITERAL, CHAR_LITERAL, BIN_LITERAL, HEX_LITERAL, IDENT, INT_LITERAL, FLOAT_LITERAL, DOUBLE_LITERAL, REAL_LITERAL} [@1471,6389:6399='\ifExintVar',<188>,225:14] (termorseq, taclet, rulesOrAxioms, decls, file) 
126985     WARN  Test worker     d.u.i.k.n.KeYParser       [syntax-error] file:/home/runner/work/key/key/key.core/build/resources/main/de/uka/ilkd/key/proof/rules/ifThenElseRules.key:225:27: extraneous input '(' expecting {'\lemma', '}', IDENT, '/*!'} [@1474,6402:6402='(',<146>,225:27] (rulesOrAxioms, decls, file) 
126985     WARN  Test worker     d.u.i.k.n.KeYParser       [syntax-error] file:/home/runner/work/key/key/key.core/build/resources/main/de/uka/ilkd/key/proof/rules/ifThenElseRules.key:225:31: mismatched input ')' expecting {'(', '{'} [@1476,6406:6406=')',<147>,225:31] (taclet, rulesOrAxioms, decls, file) 
126986     WARN  Test worker     d.u.i.k.n.KeYParser       [syntax-error] file:/home/runner/work/key/key/key.core/build/resources/main/de/uka/ilkd/key/proof/rules/ifThenElseRules.key:227:44: mismatched input ')' expecting {'(', '{'} [@1508,6509:6509=')',<147>,227:44] (taclet, rulesOrAxioms, decls, file) 
126986     WARN  Test worker     d.u.i.k.n.KeYParser       [syntax-error] file:/home/runner/work/key/key/key.core/build/resources/main/de/uka/ilkd/key/proof/rules/ifThenElseRules.key:233:14: mismatched input '\ifExintVar' expecting {MODALITY, FORALL, EXISTS, '\if', '\ifEx', 'true', 'false', '(', '{', '@', NOT, SEQARROW, '-', STRING_LITERAL, CHAR_LITERAL, BIN_LITERAL, HEX_LITERAL, IDENT, INT_LITERAL, FLOAT_LITERAL, DOUBLE_LITERAL, REAL_LITERAL} [@1539,6656:6666='\ifExintVar',<188>,233:14] (termorseq, taclet, rulesOrAxioms, decls, file) 
126986     WARN  Test worker     d.u.i.k.n.KeYParser       [syntax-error] file:/home/runner/work/key/key/key.core/build/resources/main/de/uka/ilkd/key/proof/rules/ifThenElseRules.key:233:27: extraneous input '(' expecting {'\lemma', '}', IDENT, '/*!'} [@1542,6669:6669='(',<146>,233:27] (rulesOrAxioms, decls, file) 
126987     WARN  Test worker     d.u.i.k.n.KeYParser       [syntax-error] file:/home/runner/work/key/key/key.core/build/resources/main/de/uka/ilkd/key/proof/rules/ifThenElseRules.key:233:31: mismatched input ')' expecting {'(', '{'} [@1544,6673:6673=')',<147>,233:31] (taclet, rulesOrAxioms, decls, file) 
126987     WARN  Test worker     d.u.i.k.n.KeYParser       [syntax-error] file:/home/runner/work/key/key/key.core/build/resources/main/de/uka/ilkd/key/proof/rules/ifThenElseRules.key:237:42: mismatched input '}' expecting {'(', '{'} [@1586,6850:6850='}',<149>,237:42] (taclet, rulesOrAxioms, decls, file) 
126987     WARN  Test worker     d.u.i.k.n.KeYParser       [syntax-error] file:/home/runner/work/key/key/key.core/build/resources/main/de/uka/ilkd/key/proof/rules/ifThenElseRules.key:238:34: mismatched input '}' expecting {'(', '{'} [@1599,6891:6891='}',<149>,238:34] (taclet, rulesOrAxioms, decls, file) 
126987     WARN  Test worker     d.u.i.k.n.KeYParser       [syntax-error] file:/home/runner/work/key/key/key.core/build/resources/main/de/uka/ilkd/key/proof/rules/ifThenElseRules.key:239:28: extraneous input '(' expecting {'\lemma', '}', IDENT, '/*!'} [@1608,6925:6925='(',<146>,239:28] (rulesOrAxioms, decls, file) 
126988     WARN  Test worker     d.u.i.k.n.KeYParser       [syntax-error] file:/home/runner/work/key/key/key.core/build/resources/main/de/uka/ilkd/key/proof/rules/ifThenElseRules.key:239:33: mismatched input '->' expecting {'(', '{'} [@1611,6930:6931='->',<158>,239:33] (taclet, rulesOrAxioms, decls, file) 
126988     WARN  Test worker     d.u.i.k.n.KeYParser       [syntax-error] file:/home/runner/work/key/key/key.core/build/resources/main/de/uka/ilkd/key/proof/rules/ifThenElseRules.key:240:8: extraneous input '\replacewith' expecting {'\lemma', '}', IDENT, '/*!'} [@1626,6979:6990='\replacewith',<105>,240:8] (rulesOrAxioms, decls, file) 
126988     WARN  Test worker     d.u.i.k.n.KeYParser       [syntax-error] file:/home/runner/work/key/key/key.core/build/resources/main/de/uka/ilkd/key/proof/rules/ifThenElseRules.key:240:25: mismatched input ')' expecting {'(', '{'} [@1629,6996:6996=')',<147>,240:25] (taclet, rulesOrAxioms, decls, file) 
126989     WARN  Test worker     d.u.i.k.n.KeYParser       [syntax-error] file:/home/runner/work/key/key/key.core/build/resources/main/de/uka/ilkd/key/proof/rules/ifThenElseRules.key:240:56: mismatched input ')' expecting {'(', '{'} [@1642,7027:7027=')',<147>,240:56] (taclet, rulesOrAxioms, decls, file) 
126989     WARN  Test worker     d.u.i.k.n.KeYParser       [syntax-error] file:/home/runner/work/key/key/key.core/build/resources/main/de/uka/ilkd/key/proof/rules/ifThenElseRules.key:245:14: mismatched input '\ifExintVar' expecting {MODALITY, FORALL, EXISTS, '\if', '\ifEx', 'true', 'false', '(', '{', '@', NOT, SEQARROW, '-', STRING_LITERAL, CHAR_LITERAL, BIN_LITERAL, HEX_LITERAL, IDENT, INT_LITERAL, FLOAT_LITERAL, DOUBLE_LITERAL, REAL_LITERAL} [@1658,7109:7119='\ifExintVar',<188>,245:14] (termorseq, taclet, rulesOrAxioms, decls, file) 
126989     WARN  Test worker     d.u.i.k.n.KeYParser       [syntax-error] file:/home/runner/work/key/key/key.core/build/resources/main/de/uka/ilkd/key/proof/rules/ifThenElseRules.key:245:27: extraneous input '(' expecting {'\lemma', '}', IDENT, '/*!'} [@1661,7122:7122='(',<146>,245:27] (rulesOrAxioms, decls, file) 
126989     WARN  Test worker     d.u.i.k.n.KeYParser       [syntax-error] file:/home/runner/work/key/key/key.core/build/resources/main/de/uka/ilkd/key/proof/rules/ifThenElseRules.key:245:31: mismatched input ')' expecting {'(', '{'} [@1663,7126:7126=')',<147>,245:31] (taclet, rulesOrAxioms, decls, file) 
126990     WARN  Test worker     d.u.i.k.n.KeYParser       [syntax-error] file:/home/runner/work/key/key/key.core/build/resources/main/de/uka/ilkd/key/proof/rules/ifThenElseRules.key:248:45: mismatched input '}' expecting {'(', '{'} [@1696,7268:7268='}',<149>,248:45] (taclet, rulesOrAxioms, decls, file) 
126990     WARN  Test worker     d.u.i.k.n.KeYParser       [syntax-error] file:/home/runner/work/key/key/key.core/build/resources/main/de/uka/ilkd/key/proof/rules/ifThenElseRules.key:249:8: extraneous input '\replacewith' expecting {'\lemma', '}', IDENT, '/*!'} [@1701,7284:7295='\replacewith',<105>,249:8] (rulesOrAxioms, decls, file) 
126990     WARN  Test worker     d.u.i.k.n.KeYParser       [syntax-error] file:/home/runner/work/key/key/key.core/build/resources/main/de/uka/ilkd/key/proof/rules/ifThenElseRules.key:249:38: mismatched input ')' expecting {'(', '{'} [@1708,7314:7314=')',<147>,249:38] (taclet, rulesOrAxioms, decls, file) 
126990     WARN  Test worker     d.u.i.k.n.KeYParser       [syntax-error] file:/home/runner/work/key/key/key.core/build/resources/main/de/uka/ilkd/key/proof/rules/ifThenElseRules.key:250:42: mismatched input '}' expecting {'(', '{'} [@1731,7381:7381='}',<149>,250:42] (taclet, rulesOrAxioms, decls, file) 
126991     WARN  Test worker     d.u.i.k.n.KeYParser       [syntax-error] file:/home/runner/work/key/key/key.core/build/resources/main/de/uka/ilkd/key/proof/rules/ifThenElseRules.key:251:28: extraneous input '(' expecting {'\lemma', '}', IDENT, '/*!'} [@1741,7416:7416='(',<146>,251:28] (rulesOrAxioms, decls, file) 
126991     WARN  Test worker     d.u.i.k.n.KeYParser       [syntax-error] file:/home/runner/work/key/key/key.core/build/resources/main/de/uka/ilkd/key/proof/rules/ifThenElseRules.key:251:33: mismatched input '->' expecting {'(', '{'} [@1744,7421:7422='->',<158>,251:33] (taclet, rulesOrAxioms, decls, file) 
126991     WARN  Test worker     d.u.i.k.n.KeYParser       [syntax-error] file:/home/runner/work/key/key/key.core/build/resources/main/de/uka/ilkd/key/proof/rules/ifThenElseRules.key:255:14: mismatched input '\ifExintVar' expecting {MODALITY, FORALL, EXISTS, '\if', '\ifEx', 'true', 'false', '(', '{', '@', NOT, SEQARROW, '-', STRING_LITERAL, CHAR_LITERAL, BIN_LITERAL, HEX_LITERAL, IDENT, INT_LITERAL, FLOAT_LITERAL, DOUBLE_LITERAL, REAL_LITERAL} [@1765,7506:7516='\ifExintVar',<188>,255:14] (termorseq, taclet, rulesOrAxioms, decls, file) 
126992     WARN  Test worker     d.u.i.k.n.KeYParser       [syntax-error] file:/home/runner/work/key/key/key.core/build/resources/main/de/uka/ilkd/key/proof/rules/ifThenElseRules.key:255:27: extraneous input '(' expecting {'\lemma', '}', IDENT, '/*!'} [@1768,7519:7519='(',<146>,255:27] (rulesOrAxioms, decls, file) 
126992     WARN  Test worker     d.u.i.k.n.KeYParser       [syntax-error] file:/home/runner/work/key/key/key.core/build/resources/main/de/uka/ilkd/key/proof/rules/ifThenElseRules.key:255:31: mismatched input ')' expecting {'(', '{'} [@1770,7523:7523=')',<147>,255:31] (taclet, rulesOrAxioms, decls, file) 
126992     WARN  Test worker     d.u.i.k.n.KeYParser       [syntax-error] file:/home/runner/work/key/key/key.core/build/resources/main/de/uka/ilkd/key/proof/rules/ifThenElseRules.key:258:52: extraneous input '0' expecting {'\lemma', '}', IDENT, '/*!'} [@1809,7667:7667='0',<184>,258:52] (rulesOrAxioms, decls, file) 
126993     WARN  Test worker     d.u.i.k.n.KeYParser       [syntax-error] file:/home/runner/work/key/key/key.core/build/resources/main/de/uka/ilkd/key/proof/rules/ifThenElseRules.key:258:54: mismatched input 'then' expecting {<EOF>, '\problem', '\chooseContract', '\proofObligation', '\proof'} [@1811,7669:7672='then',<183>,258:54] (file) 
127060     WARN  Test worker     d.u.i.k.n.KeYParser       [syntax-error] file:/home/runner/work/key/key/key.core/build/resources/main/de/uka/ilkd/key/proof/rules/ifThenElseRules.key:135:14: mismatched input '\ifExintVar' expecting {MODALITY, FORALL, EXISTS, '\if', '\ifEx', 'true', 'false', '(', '{', '@', NOT, SEQARROW, '-', STRING_LITERAL, CHAR_LITERAL, BIN_LITERAL, HEX_LITERAL, IDENT, INT_LITERAL, FLOAT_LITERAL, DOUBLE_LITERAL, REAL_LITERAL} [@745,3563:3573='\ifExintVar',<188>,135:14] (termorseq, taclet, rulesOrAxioms, decls, file) 
127061     WARN  Test worker     d.u.i.k.n.KeYParser       [syntax-error] file:/home/runner/work/key/key/key.core/build/resources/main/de/uka/ilkd/key/proof/rules/ifThenElseRules.key:135:27: extraneous input '(' expecting {'\lemma', '}', IDENT, '/*!'} [@748,3576:3576='(',<146>,135:27] (rulesOrAxioms, decls, file) 
127061     WARN  Test worker     d.u.i.k.n.KeYParser       [syntax-error] file:/home/runner/work/key/key/key.core/build/resources/main/de/uka/ilkd/key/proof/rules/ifThenElseRules.key:135:44: mismatched input ')' expecting {'(', '{'} [@754,3593:3593=')',<147>,135:44] (taclet, rulesOrAxioms, decls, file) 
127062     WARN  Test worker     d.u.i.k.n.KeYParser       [syntax-error] file:/home/runner/work/key/key/key.core/build/resources/main/de/uka/ilkd/key/proof/rules/ifThenElseRules.key:141:14: mismatched input '\ifExintVar' expecting {MODALITY, FORALL, EXISTS, '\if', '\ifEx', 'true', 'false', '(', '{', '@', NOT, SEQARROW, '-', STRING_LITERAL, CHAR_LITERAL, BIN_LITERAL, HEX_LITERAL, IDENT, INT_LITERAL, FLOAT_LITERAL, DOUBLE_LITERAL, REAL_LITERAL} [@780,3716:3726='\ifExintVar',<188>,141:14] (termorseq, taclet, rulesOrAxioms, decls, file) 
127062     WARN  Test worker     d.u.i.k.n.KeYParser       [syntax-error] file:/home/runner/work/key/key/key.core/build/resources/main/de/uka/ilkd/key/proof/rules/ifThenElseRules.key:141:27: extraneous input '(' expecting {'\lemma', '}', IDENT, '/*!'} [@783,3729:3729='(',<146>,141:27] (rulesOrAxioms, decls, file) 
127063     WARN  Test worker     d.u.i.k.n.KeYParser       [syntax-error] file:/home/runner/work/key/key/key.core/build/resources/main/de/uka/ilkd/key/proof/rules/ifThenElseRules.key:141:41: mismatched input ')' expecting {'(', '{'} [@789,3743:3743=')',<147>,141:41] (taclet, rulesOrAxioms, decls, file) 
127063     WARN  Test worker     d.u.i.k.n.KeYParser       [syntax-error] file:/home/runner/work/key/key/key.core/build/resources/main/de/uka/ilkd/key/proof/rules/ifThenElseRules.key:148:14: mismatched input '\ifExintVar' expecting {MODALITY, FORALL, EXISTS, '\if', '\ifEx', 'true', 'false', '(', '{', '@', NOT, SEQARROW, '-', STRING_LITERAL, CHAR_LITERAL, BIN_LITERAL, HEX_LITERAL, IDENT, INT_LITERAL, FLOAT_LITERAL, DOUBLE_LITERAL, REAL_LITERAL} [@819,3896:3906='\ifExintVar',<188>,148:14] (termorseq, taclet, rulesOrAxioms, decls, file) 
127063     WARN  Test worker     d.u.i.k.n.KeYParser       [syntax-error] file:/home/runner/work/key/key/key.core/build/resources/main/de/uka/ilkd/key/proof/rules/ifThenElseRules.key:148:27: extraneous input '(' expecting {'\lemma', '}', IDENT, '/*!'} [@822,3909:3909='(',<146>,148:27] (rulesOrAxioms, decls, file) 
127064     WARN  Test worker     d.u.i.k.n.KeYParser       [syntax-error] file:/home/runner/work/key/key/key.core/build/resources/main/de/uka/ilkd/key/proof/rules/ifThenElseRules.key:148:35: mismatched input '=' expecting {'(', '{'} [@825,3917:3917='=',<159>,148:35] (taclet, rulesOrAxioms, decls, file) 
127064     WARN  Test worker     d.u.i.k.n.KeYParser       [syntax-error] file:/home/runner/work/key/key/key.core/build/resources/main/de/uka/ilkd/key/proof/rules/ifThenElseRules.key:150:38: mismatched input '}' expecting {'(', '{'} [@859,4023:4023='}',<149>,150:38] (taclet, rulesOrAxioms, decls, file) 
127064     WARN  Test worker     d.u.i.k.n.KeYParser       [syntax-error] file:/home/runner/work/key/key/key.core/build/resources/main/de/uka/ilkd/key/proof/rules/ifThenElseRules.key:155:14: mismatched input '\ifExintVar' expecting {MODALITY, FORALL, EXISTS, '\if', '\ifEx', 'true', 'false', '(', '{', '@', NOT, SEQARROW, '-', STRING_LITERAL, CHAR_LITERAL, BIN_LITERAL, HEX_LITERAL, IDENT, INT_LITERAL, FLOAT_LITERAL, DOUBLE_LITERAL, REAL_LITERAL} [@877,4109:4119='\ifExintVar',<188>,155:14] (termorseq, taclet, rulesOrAxioms, decls, file) 
127065     WARN  Test worker     d.u.i.k.n.KeYParser       [syntax-error] file:/home/runner/work/key/key/key.core/build/resources/main/de/uka/ilkd/key/proof/rules/ifThenElseRules.key:155:27: extraneous input '(' expecting {'\lemma', '}', IDENT, '/*!'} [@880,4122:4122='(',<146>,155:27] (rulesOrAxioms, decls, file) 
127065     WARN  Test worker     d.u.i.k.n.KeYParser       [syntax-error] file:/home/runner/work/key/key/key.core/build/resources/main/de/uka/ilkd/key/proof/rules/ifThenElseRules.key:155:35: mismatched input '=' expecting {'(', '{'} [@883,4130:4130='=',<159>,155:35] (taclet, rulesOrAxioms, decls, file) 
127065     WARN  Test worker     d.u.i.k.n.KeYParser       [syntax-error] file:/home/runner/work/key/key/key.core/build/resources/main/de/uka/ilkd/key/proof/rules/ifThenElseRules.key:157:38: mismatched input '}' expecting {'(', '{'} [@917,4230:4230='}',<149>,157:38] (taclet, rulesOrAxioms, decls, file) 
127066     WARN  Test worker     d.u.i.k.n.KeYParser       [syntax-error] file:/home/runner/work/key/key/key.core/build/resources/main/de/uka/ilkd/key/proof/rules/ifThenElseRules.key:163:14: mismatched input '\ifExintVar' expecting {MODALITY, FORALL, EXISTS, '\if', '\ifEx', 'true', 'false', '(', '{', '@', NOT, SEQARROW, '-', STRING_LITERAL, CHAR_LITERAL, BIN_LITERAL, HEX_LITERAL, IDENT, INT_LITERAL, FLOAT_LITERAL, DOUBLE_LITERAL, REAL_LITERAL} [@939,4350:4360='\ifExintVar',<188>,163:14] (termorseq, taclet, rulesOrAxioms, decls, file) 
127066     WARN  Test worker     d.u.i.k.n.KeYParser       [syntax-error] file:/home/runner/work/key/key/key.core/build/resources/main/de/uka/ilkd/key/proof/rules/ifThenElseRules.key:163:27: extraneous input '(' expecting {'\lemma', '}', IDENT, '/*!'} [@942,4363:4363='(',<146>,163:27] (rulesOrAxioms, decls, file) 
127066     WARN  Test worker     d.u.i.k.n.KeYParser       [syntax-error] file:/home/runner/work/key/key/key.core/build/resources/main/de/uka/ilkd/key/proof/rules/ifThenElseRules.key:163:30: mismatched input '=' expecting {'(', '{'} [@945,4366:4366='=',<159>,163:30] (taclet, rulesOrAxioms, decls, file) 
127067     WARN  Test worker     d.u.i.k.n.KeYParser       [syntax-error] file:/home/runner/work/key/key/key.core/build/resources/main/de/uka/ilkd/key/proof/rules/ifThenElseRules.key:165:38: mismatched input '}' expecting {'(', '{'} [@979,4477:4477='}',<149>,165:38] (taclet, rulesOrAxioms, decls, file) 
127070     WARN  Test worker     d.u.i.k.n.KeYParser       [syntax-error] file:/home/runner/work/key/key/key.core/build/resources/main/de/uka/ilkd/key/proof/rules/ifThenElseRules.key:171:14: mismatched input '\ifExintVar' expecting {MODALITY, FORALL, EXISTS, '\if', '\ifEx', 'true', 'false', '(', '{', '@', NOT, SEQARROW, '-', STRING_LITERAL, CHAR_LITERAL, BIN_LITERAL, HEX_LITERAL, IDENT, INT_LITERAL, FLOAT_LITERAL, DOUBLE_LITERAL, REAL_LITERAL} [@1001,4604:4614='\ifExintVar',<188>,171:14] (termorseq, taclet, rulesOrAxioms, decls, file) 
127071     WARN  Test worker     d.u.i.k.n.KeYParser       [syntax-error] file:/home/runner/work/key/key/key.core/build/resources/main/de/uka/ilkd/key/proof/rules/ifThenElseRules.key:171:27: extraneous input '(' expecting {'\lemma', '}', IDENT, '/*!'} [@1004,4617:4617='(',<146>,171:27] (rulesOrAxioms, decls, file) 
127071     WARN  Test worker     d.u.i.k.n.KeYParser       [syntax-error] file:/home/runner/work/key/key/key.core/build/resources/main/de/uka/ilkd/key/proof/rules/ifThenElseRules.key:171:30: mismatched input '=' expecting {'(', '{'} [@1007,4620:4620='=',<159>,171:30] (taclet, rulesOrAxioms, decls, file) 
127071     WARN  Test worker     d.u.i.k.n.KeYParser       [syntax-error] file:/home/runner/work/key/key/key.core/build/resources/main/de/uka/ilkd/key/proof/rules/ifThenElseRules.key:173:38: mismatched input '}' expecting {'(', '{'} [@1041,4725:4725='}',<149>,173:38] (taclet, rulesOrAxioms, decls, file) 
127072     WARN  Test worker     d.u.i.k.n.KeYParser       [syntax-error] file:/home/runner/work/key/key/key.core/build/resources/main/de/uka/ilkd/key/proof/rules/ifThenElseRules.key:179:14: mismatched input '\ifExintVar' expecting {MODALITY, FORALL, EXISTS, '\if', '\ifEx', 'true', 'false', '(', '{', '@', NOT, SEQARROW, '-', STRING_LITERAL, CHAR_LITERAL, BIN_LITERAL, HEX_LITERAL, IDENT, INT_LITERAL, FLOAT_LITERAL, DOUBLE_LITERAL, REAL_LITERAL} [@1063,4848:4858='\ifExintVar',<188>,179:14] (termorseq, taclet, rulesOrAxioms, decls, file) 
127072     WARN  Test worker     d.u.i.k.n.KeYParser       [syntax-error] file:/home/runner/work/key/key/key.core/build/resources/main/de/uka/ilkd/key/proof/rules/ifThenElseRules.key:179:27: extraneous input '(' expecting {'\lemma', '}', IDENT, '/*!'} [@1066,4861:4861='(',<146>,179:27] (rulesOrAxioms, decls, file) 
127072     WARN  Test worker     d.u.i.k.n.KeYParser       [syntax-error] file:/home/runner/work/key/key/key.core/build/resources/main/de/uka/ilkd/key/proof/rules/ifThenElseRules.key:179:32: mismatched input '&' expecting {'(', '{'} [@1069,4866:4866='&',<156>,179:32] (taclet, rulesOrAxioms, decls, file) 
127073     WARN  Test worker     d.u.i.k.n.KeYParser       [syntax-error] file:/home/runner/work/key/key/key.core/build/resources/main/de/uka/ilkd/key/proof/rules/ifThenElseRules.key:181:42: mismatched input '}' expecting {'(', '{'} [@1109,4985:4985='}',<149>,181:42] (taclet, rulesOrAxioms, decls, file) 
127073     WARN  Test worker     d.u.i.k.n.KeYParser       [syntax-error] file:/home/runner/work/key/key/key.core/build/resources/main/de/uka/ilkd/key/proof/rules/ifThenElseRules.key:182:39: mismatched input '}' expecting {'(', '{'} [@1122,5030:5030='}',<149>,182:39] (taclet, rulesOrAxioms, decls, file) 
127073     WARN  Test worker     d.u.i.k.n.KeYParser       [syntax-error] file:/home/runner/work/key/key/key.core/build/resources/main/de/uka/ilkd/key/proof/rules/ifThenElseRules.key:188:14: mismatched input '\ifExintVar' expecting {MODALITY, FORALL, EXISTS, '\if', '\ifEx', 'true', 'false', '(', '{', '@', NOT, SEQARROW, '-', STRING_LITERAL, CHAR_LITERAL, BIN_LITERAL, HEX_LITERAL, IDENT, INT_LITERAL, FLOAT_LITERAL, DOUBLE_LITERAL, REAL_LITERAL} [@1146,5149:5159='\ifExintVar',<188>,188:14] (termorseq, taclet, rulesOrAxioms, decls, file) 
127074     WARN  Test worker     d.u.i.k.n.KeYParser       [syntax-error] file:/home/runner/work/key/key/key.core/build/resources/main/de/uka/ilkd/key/proof/rules/ifThenElseRules.key:188:27: extraneous input '(' expecting {'\lemma', '}', IDENT, '/*!'} [@1149,5162:5162='(',<146>,188:27] (rulesOrAxioms, decls, file) 
127074     WARN  Test worker     d.u.i.k.n.KeYParser       [syntax-error] file:/home/runner/work/key/key/key.core/build/resources/main/de/uka/ilkd/key/proof/rules/ifThenElseRules.key:188:32: mismatched input '&' expecting {'(', '{'} [@1152,5167:5167='&',<156>,188:32] (taclet, rulesOrAxioms, decls, file) 
127074     WARN  Test worker     d.u.i.k.n.KeYParser       [syntax-error] file:/home/runner/work/key/key/key.core/build/resources/main/de/uka/ilkd/key/proof/rules/ifThenElseRules.key:190:42: mismatched input '}' expecting {'(', '{'} [@1192,5280:5280='}',<149>,190:42] (taclet, rulesOrAxioms, decls, file) 
127074     WARN  Test worker     d.u.i.k.n.KeYParser       [syntax-error] file:/home/runner/work/key/key/key.core/build/resources/main/de/uka/ilkd/key/proof/rules/ifThenElseRules.key:191:39: mismatched input '}' expecting {'(', '{'} [@1205,5325:5325='}',<149>,191:39] (taclet, rulesOrAxioms, decls, file) 
127075     WARN  Test worker     d.u.i.k.n.KeYParser       [syntax-error] file:/home/runner/work/key/key/key.core/build/resources/main/de/uka/ilkd/key/proof/rules/ifThenElseRules.key:198:14: mismatched input '\ifExintVar' expecting {MODALITY, FORALL, EXISTS, '\if', '\ifEx', 'true', 'false', '(', '{', '@', NOT, SEQARROW, '-', STRING_LITERAL, CHAR_LITERAL, BIN_LITERAL, HEX_LITERAL, IDENT, INT_LITERAL, FLOAT_LITERAL, DOUBLE_LITERAL, REAL_LITERAL} [@1233,5475:5485='\ifExintVar',<188>,198:14] (termorseq, taclet, rulesOrAxioms, decls, file) 
127075     WARN  Test worker     d.u.i.k.n.KeYParser       [syntax-error] file:/home/runner/work/key/key/key.core/build/resources/main/de/uka/ilkd/key/proof/rules/ifThenElseRules.key:198:27: extraneous input '(' expecting {'\lemma', '}', IDENT, '/*!'} [@1236,5488:5488='(',<146>,198:27] (rulesOrAxioms, decls, file) 
127075     WARN  Test worker     d.u.i.k.n.KeYParser       [syntax-error] file:/home/runner/work/key/key/key.core/build/resources/main/de/uka/ilkd/key/proof/rules/ifThenElseRules.key:198:32: mismatched input '&' expecting {'(', '{'} [@1239,5493:5493='&',<156>,198:32] (taclet, rulesOrAxioms, decls, file) 
127076     WARN  Test worker     d.u.i.k.n.KeYParser       [syntax-error] file:/home/runner/work/key/key/key.core/build/resources/main/de/uka/ilkd/key/proof/rules/ifThenElseRules.key:200:42: mismatched input '}' expecting {'(', '{'} [@1279,5612:5612='}',<149>,200:42] (taclet, rulesOrAxioms, decls, file) 
127076     WARN  Test worker     d.u.i.k.n.KeYParser       [syntax-error] file:/home/runner/work/key/key/key.core/build/resources/main/de/uka/ilkd/key/proof/rules/ifThenElseRules.key:201:39: mismatched input '}' expecting {'(', '{'} [@1292,5657:5657='}',<149>,201:39] (taclet, rulesOrAxioms, decls, file) 
127076     WARN  Test worker     d.u.i.k.n.KeYParser       [syntax-error] file:/home/runner/work/key/key/key.core/build/resources/main/de/uka/ilkd/key/proof/rules/ifThenElseRules.key:208:14: mismatched input '\ifExintVar' expecting {MODALITY, FORALL, EXISTS, '\if', '\ifEx', 'true', 'false', '(', '{', '@', NOT, SEQARROW, '-', STRING_LITERAL, CHAR_LITERAL, BIN_LITERAL, HEX_LITERAL, IDENT, INT_LITERAL, FLOAT_LITERAL, DOUBLE_LITERAL, REAL_LITERAL} [@1320,5817:5827='\ifExintVar',<188>,208:14] (termorseq, taclet, rulesOrAxioms, decls, file) 
127077     WARN  Test worker     d.u.i.k.n.KeYParser       [syntax-error] file:/home/runner/work/key/key/key.core/build/resources/main/de/uka/ilkd/key/proof/rules/ifThenElseRules.key:208:27: extraneous input '(' expecting {'\lemma', '}', IDENT, '/*!'} [@1323,5830:5830='(',<146>,208:27] (rulesOrAxioms, decls, file) 
127077     WARN  Test worker     d.u.i.k.n.KeYParser       [syntax-error] file:/home/runner/work/key/key/key.core/build/resources/main/de/uka/ilkd/key/proof/rules/ifThenElseRules.key:208:32: mismatched input '&' expecting {'(', '{'} [@1326,5835:5835='&',<156>,208:32] (taclet, rulesOrAxioms, decls, file) 
127081     WARN  Test worker     d.u.i.k.n.KeYParser       [syntax-error] file:/home/runner/work/key/key/key.core/build/resources/main/de/uka/ilkd/key/proof/rules/ifThenElseRules.key:210:42: mismatched input '}' expecting {'(', '{'} [@1366,5948:5948='}',<149>,210:42] (taclet, rulesOrAxioms, decls, file) 
127082     WARN  Test worker     d.u.i.k.n.KeYParser       [syntax-error] file:/home/runner/work/key/key/key.core/build/resources/main/de/uka/ilkd/key/proof/rules/ifThenElseRules.key:211:39: mismatched input '}' expecting {'(', '{'} [@1379,5993:5993='}',<149>,211:39] (taclet, rulesOrAxioms, decls, file) 
127082     WARN  Test worker     d.u.i.k.n.KeYParser       [syntax-error] file:/home/runner/work/key/key/key.core/build/resources/main/de/uka/ilkd/key/proof/rules/ifThenElseRules.key:218:14: mismatched input '\ifExintVar' expecting {MODALITY, FORALL, EXISTS, '\if', '\ifEx', 'true', 'false', '(', '{', '@', NOT, SEQARROW, '-', STRING_LITERAL, CHAR_LITERAL, BIN_LITERAL, HEX_LITERAL, IDENT, INT_LITERAL, FLOAT_LITERAL, DOUBLE_LITERAL, REAL_LITERAL} [@1407,6146:6156='\ifExintVar',<188>,218:14] (termorseq, taclet, rulesOrAxioms, decls, file) 
127082     WARN  Test worker     d.u.i.k.n.KeYParser       [syntax-error] file:/home/runner/work/key/key/key.core/build/resources/main/de/uka/ilkd/key/proof/rules/ifThenElseRules.key:218:27: extraneous input '(' expecting {'\lemma', '}', IDENT, '/*!'} [@1410,6159:6159='(',<146>,218:27] (rulesOrAxioms, decls, file) 
127083     WARN  Test worker     d.u.i.k.n.KeYParser       [syntax-error] file:/home/runner/work/key/key/key.core/build/resources/main/de/uka/ilkd/key/proof/rules/ifThenElseRules.key:218:31: mismatched input ')' expecting {'(', '{'} [@1412,6163:6163=')',<147>,218:31] (taclet, rulesOrAxioms, decls, file) 
127083     WARN  Test worker     d.u.i.k.n.KeYParser       [syntax-error] file:/home/runner/work/key/key/key.core/build/resources/main/de/uka/ilkd/key/proof/rules/ifThenElseRules.key:220:44: mismatched input ')' expecting {'(', '{'} [@1444,6275:6275=')',<147>,220:44] (taclet, rulesOrAxioms, decls, file) 
127083     WARN  Test worker     d.u.i.k.n.KeYParser       [syntax-error] file:/home/runner/work/key/key/key.core/build/resources/main/de/uka/ilkd/key/proof/rules/ifThenElseRules.key:225:14: mismatched input '\ifExintVar' expecting {MODALITY, FORALL, EXISTS, '\if', '\ifEx', 'true', 'false', '(', '{', '@', NOT, SEQARROW, '-', STRING_LITERAL, CHAR_LITERAL, BIN_LITERAL, HEX_LITERAL, IDENT, INT_LITERAL, FLOAT_LITERAL, DOUBLE_LITERAL, REAL_LITERAL} [@1471,6389:6399='\ifExintVar',<188>,225:14] (termorseq, taclet, rulesOrAxioms, decls, file) 
127084     WARN  Test worker     d.u.i.k.n.KeYParser       [syntax-error] file:/home/runner/work/key/key/key.core/build/resources/main/de/uka/ilkd/key/proof/rules/ifThenElseRules.key:225:27: extraneous input '(' expecting {'\lemma', '}', IDENT, '/*!'} [@1474,6402:6402='(',<146>,225:27] (rulesOrAxioms, decls, file) 
127084     WARN  Test worker     d.u.i.k.n.KeYParser       [syntax-error] file:/home/runner/work/key/key/key.core/build/resources/main/de/uka/ilkd/key/proof/rules/ifThenElseRules.key:225:31: mismatched input ')' expecting {'(', '{'} [@1476,6406:6406=')',<147>,225:31] (taclet, rulesOrAxioms, decls, file) 
127084     WARN  Test worker     d.u.i.k.n.KeYParser       [syntax-error] file:/home/runner/work/key/key/key.core/build/resources/main/de/uka/ilkd/key/proof/rules/ifThenElseRules.key:227:44: mismatched input ')' expecting {'(', '{'} [@1508,6509:6509=')',<147>,227:44] (taclet, rulesOrAxioms, decls, file) 
127084     WARN  Test worker     d.u.i.k.n.KeYParser       [syntax-error] file:/home/runner/work/key/key/key.core/build/resources/main/de/uka/ilkd/key/proof/rules/ifThenElseRules.key:233:14: mismatched input '\ifExintVar' expecting {MODALITY, FORALL, EXISTS, '\if', '\ifEx', 'true', 'false', '(', '{', '@', NOT, SEQARROW, '-', STRING_LITERAL, CHAR_LITERAL, BIN_LITERAL, HEX_LITERAL, IDENT, INT_LITERAL, FLOAT_LITERAL, DOUBLE_LITERAL, REAL_LITERAL} [@1539,6656:6666='\ifExintVar',<188>,233:14] (termorseq, taclet, rulesOrAxioms, decls, file) 
127085     WARN  Test worker     d.u.i.k.n.KeYParser       [syntax-error] file:/home/runner/work/key/key/key.core/build/resources/main/de/uka/ilkd/key/proof/rules/ifThenElseRules.key:233:27: extraneous input '(' expecting {'\lemma', '}', IDENT, '/*!'} [@1542,6669:6669='(',<146>,233:27] (rulesOrAxioms, decls, file) 
127085     WARN  Test worker     d.u.i.k.n.KeYParser       [syntax-error] file:/home/runner/work/key/key/key.core/build/resources/main/de/uka/ilkd/key/proof/rules/ifThenElseRules.key:233:31: mismatched input ')' expecting {'(', '{'} [@1544,6673:6673=')',<147>,233:31] (taclet, rulesOrAxioms, decls, file) 
127086     WARN  Test worker     d.u.i.k.n.KeYParser       [syntax-error] file:/home/runner/work/key/key/key.core/build/resources/main/de/uka/ilkd/key/proof/rules/ifThenElseRules.key:237:42: mismatched input '}' expecting {'(', '{'} [@1586,6850:6850='}',<149>,237:42] (taclet, rulesOrAxioms, decls, file) 
127086     WARN  Test worker     d.u.i.k.n.KeYParser       [syntax-error] file:/home/runner/work/key/key/key.core/build/resources/main/de/uka/ilkd/key/proof/rules/ifThenElseRules.key:238:34: mismatched input '}' expecting {'(', '{'} [@1599,6891:6891='}',<149>,238:34] (taclet, rulesOrAxioms, decls, file) 
127086     WARN  Test worker     d.u.i.k.n.KeYParser       [syntax-error] file:/home/runner/work/key/key/key.core/build/resources/main/de/uka/ilkd/key/proof/rules/ifThenElseRules.key:239:28: extraneous input '(' expecting {'\lemma', '}', IDENT, '/*!'} [@1608,6925:6925='(',<146>,239:28] (rulesOrAxioms, decls, file) 
127086     WARN  Test worker     d.u.i.k.n.KeYParser       [syntax-error] file:/home/runner/work/key/key/key.core/build/resources/main/de/uka/ilkd/key/proof/rules/ifThenElseRules.key:239:33: mismatched input '->' expecting {'(', '{'} [@1611,6930:6931='->',<158>,239:33] (taclet, rulesOrAxioms, decls, file) 
127087     WARN  Test worker     d.u.i.k.n.KeYParser       [syntax-error] file:/home/runner/work/key/key/key.core/build/resources/main/de/uka/ilkd/key/proof/rules/ifThenElseRules.key:240:8: extraneous input '\replacewith' expecting {'\lemma', '}', IDENT, '/*!'} [@1626,6979:6990='\replacewith',<105>,240:8] (rulesOrAxioms, decls, file) 
127087     WARN  Test worker     d.u.i.k.n.KeYParser       [syntax-error] file:/home/runner/work/key/key/key.core/build/resources/main/de/uka/ilkd/key/proof/rules/ifThenElseRules.key:240:25: mismatched input ')' expecting {'(', '{'} [@1629,6996:6996=')',<147>,240:25] (taclet, rulesOrAxioms, decls, file) 
127087     WARN  Test worker     d.u.i.k.n.KeYParser       [syntax-error] file:/home/runner/work/key/key/key.core/build/resources/main/de/uka/ilkd/key/proof/rules/ifThenElseRules.key:240:56: mismatched input ')' expecting {'(', '{'} [@1642,7027:7027=')',<147>,240:56] (taclet, rulesOrAxioms, decls, file) 
127088     WARN  Test worker     d.u.i.k.n.KeYParser       [syntax-error] file:/home/runner/work/key/key/key.core/build/resources/main/de/uka/ilkd/key/proof/rules/ifThenElseRules.key:245:14: mismatched input '\ifExintVar' expecting {MODALITY, FORALL, EXISTS, '\if', '\ifEx', 'true', 'false', '(', '{', '@', NOT, SEQARROW, '-', STRING_LITERAL, CHAR_LITERAL, BIN_LITERAL, HEX_LITERAL, IDENT, INT_LITERAL, FLOAT_LITERAL, DOUBLE_LITERAL, REAL_LITERAL} [@1658,7109:7119='\ifExintVar',<188>,245:14] (termorseq, taclet, rulesOrAxioms, decls, file) 
127088     WARN  Test worker     d.u.i.k.n.KeYParser       [syntax-error] file:/home/runner/work/key/key/key.core/build/resources/main/de/uka/ilkd/key/proof/rules/ifThenElseRules.key:245:27: extraneous input '(' expecting {'\lemma', '}', IDENT, '/*!'} [@1661,7122:7122='(',<146>,245:27] (rulesOrAxioms, decls, file) 
127089     WARN  Test worker     d.u.i.k.n.KeYParser       [syntax-error] file:/home/runner/work/key/key/key.core/build/resources/main/de/uka/ilkd/key/proof/rules/ifThenElseRules.key:245:31: mismatched input ')' expecting {'(', '{'} [@1663,7126:7126=')',<147>,245:31] (taclet, rulesOrAxioms, decls, file) 
127089     WARN  Test worker     d.u.i.k.n.KeYParser       [syntax-error] file:/home/runner/work/key/key/key.core/build/resources/main/de/uka/ilkd/key/proof/rules/ifThenElseRules.key:248:45: mismatched input '}' expecting {'(', '{'} [@1696,7268:7268='}',<149>,248:45] (taclet, rulesOrAxioms, decls, file) 
127089     WARN  Test worker     d.u.i.k.n.KeYParser       [syntax-error] file:/home/runner/work/key/key/key.core/build/resources/main/de/uka/ilkd/key/proof/rules/ifThenElseRules.key:249:8: extraneous input '\replacewith' expecting {'\lemma', '}', IDENT, '/*!'} [@1701,7284:7295='\replacewith',<105>,249:8] (rulesOrAxioms, decls, file) 
127090     WARN  Test worker     d.u.i.k.n.KeYParser       [syntax-error] file:/home/runner/work/key/key/key.core/build/resources/main/de/uka/ilkd/key/proof/rules/ifThenElseRules.key:249:38: mismatched input ')' expecting {'(', '{'} [@1708,7314:7314=')',<147>,249:38] (taclet, rulesOrAxioms, decls, file) 
127090     WARN  Test worker     d.u.i.k.n.KeYParser       [syntax-error] file:/home/runner/work/key/key/key.core/build/resources/main/de/uka/ilkd/key/proof/rules/ifThenElseRules.key:250:42: mismatched input '}' expecting {'(', '{'} [@1731,7381:7381='}',<149>,250:42] (taclet, rulesOrAxioms, decls, file) 
127090     WARN  Test worker     d.u.i.k.n.KeYParser       [syntax-error] file:/home/runner/work/key/key/key.core/build/resources/main/de/uka/ilkd/key/proof/rules/ifThenElseRules.key:251:28: extraneous input '(' expecting {'\lemma', '}', IDENT, '/*!'} [@1741,7416:7416='(',<146>,251:28] (rulesOrAxioms, decls, file) 
127090     WARN  Test worker     d.u.i.k.n.KeYParser       [syntax-error] file:/home/runner/work/key/key/key.core/build/resources/main/de/uka/ilkd/key/proof/rules/ifThenElseRules.key:251:33: mismatched input '->' expecting {'(', '{'} [@1744,7421:7422='->',<158>,251:33] (taclet, rulesOrAxioms, decls, file) 
127091     WARN  Test worker     d.u.i.k.n.KeYParser       [syntax-error] file:/home/runner/work/key/key/key.core/build/resources/main/de/uka/ilkd/key/proof/rules/ifThenElseRules.key:255:14: mismatched input '\ifExintVar' expecting {MODALITY, FORALL, EXISTS, '\if', '\ifEx', 'true', 'false', '(', '{', '@', NOT, SEQARROW, '-', STRING_LITERAL, CHAR_LITERAL, BIN_LITERAL, HEX_LITERAL, IDENT, INT_LITERAL, FLOAT_LITERAL, DOUBLE_LITERAL, REAL_LITERAL} [@1765,7506:7516='\ifExintVar',<188>,255:14] (termorseq, taclet, rulesOrAxioms, decls, file) 
127091     WARN  Test worker     d.u.i.k.n.KeYParser       [syntax-error] file:/home/runner/work/key/key/key.core/build/resources/main/de/uka/ilkd/key/proof/rules/ifThenElseRules.key:255:27: extraneous input '(' expecting {'\lemma', '}', IDENT, '/*!'} [@1768,7519:7519='(',<146>,255:27] (rulesOrAxioms, decls, file) 
127092     WARN  Test worker     d.u.i.k.n.KeYParser       [syntax-error] file:/home/runner/work/key/key/key.core/build/resources/main/de/uka/ilkd/key/proof/rules/ifThenElseRules.key:255:31: mismatched input ')' expecting {'(', '{'} [@1770,7523:7523=')',<147>,255:31] (taclet, rulesOrAxioms, decls, file) 
127092     WARN  Test worker     d.u.i.k.n.KeYParser       [syntax-error] file:/home/runner/work/key/key/key.core/build/resources/main/de/uka/ilkd/key/proof/rules/ifThenElseRules.key:258:52: extraneous input '0' expecting {'\lemma', '}', IDENT, '/*!'} [@1809,7667:7667='0',<184>,258:52] (rulesOrAxioms, decls, file) 
127093     WARN  Test worker     d.u.i.k.n.KeYParser       [syntax-error] file:/home/runner/work/key/key/key.core/build/resources/main/de/uka/ilkd/key/proof/rules/ifThenElseRules.key:258:54: mismatched input 'then' expecting {<EOF>, '\problem', '\chooseContract', '\proofObligation', '\proof'} [@1811,7669:7672='then',<183>,258:54] (file) 
127143     WARN  Test worker     d.u.i.k.n.KeYParser       [syntax-error] file:/home/runner/work/key/key/key.core/build/resources/main/de/uka/ilkd/key/proof/rules/ifThenElseRules.key:135:14: mismatched input '\ifExintVar' expecting {MODALITY, FORALL, EXISTS, '\if', '\ifEx', 'true', 'false', '(', '{', '@', NOT, SEQARROW, '-', STRING_LITERAL, CHAR_LITERAL, BIN_LITERAL, HEX_LITERAL, IDENT, INT_LITERAL, FLOAT_LITERAL, DOUBLE_LITERAL, REAL_LITERAL} [@745,3563:3573='\ifExintVar',<188>,135:14] (termorseq, taclet, rulesOrAxioms, decls, file) 
127144     WARN  Test worker     d.u.i.k.n.KeYParser       [syntax-error] file:/home/runner/work/key/key/key.core/build/resources/main/de/uka/ilkd/key/proof/rules/ifThenElseRules.key:135:27: extraneous input '(' expecting {'\lemma', '}', IDENT, '/*!'} [@748,3576:3576='(',<146>,135:27] (rulesOrAxioms, decls, file) 
127144     WARN  Test worker     d.u.i.k.n.KeYParser       [syntax-error] file:/home/runner/work/key/key/key.core/build/resources/main/de/uka/ilkd/key/proof/rules/ifThenElseRules.key:135:44: mismatched input ')' expecting {'(', '{'} [@754,3593:3593=')',<147>,135:44] (taclet, rulesOrAxioms, decls, file) 
127145     WARN  Test worker     d.u.i.k.n.KeYParser       [syntax-error] file:/home/runner/work/key/key/key.core/build/resources/main/de/uka/ilkd/key/proof/rules/ifThenElseRules.key:141:14: mismatched input '\ifExintVar' expecting {MODALITY, FORALL, EXISTS, '\if', '\ifEx', 'true', 'false', '(', '{', '@', NOT, SEQARROW, '-', STRING_LITERAL, CHAR_LITERAL, BIN_LITERAL, HEX_LITERAL, IDENT, INT_LITERAL, FLOAT_LITERAL, DOUBLE_LITERAL, REAL_LITERAL} [@780,3716:3726='\ifExintVar',<188>,141:14] (termorseq, taclet, rulesOrAxioms, decls, file) 
127145     WARN  Test worker     d.u.i.k.n.KeYParser       [syntax-error] file:/home/runner/work/key/key/key.core/build/resources/main/de/uka/ilkd/key/proof/rules/ifThenElseRules.key:141:27: extraneous input '(' expecting {'\lemma', '}', IDENT, '/*!'} [@783,3729:3729='(',<146>,141:27] (rulesOrAxioms, decls, file) 
127145     WARN  Test worker     d.u.i.k.n.KeYParser       [syntax-error] file:/home/runner/work/key/key/key.core/build/resources/main/de/uka/ilkd/key/proof/rules/ifThenElseRules.key:141:41: mismatched input ')' expecting {'(', '{'} [@789,3743:3743=')',<147>,141:41] (taclet, rulesOrAxioms, decls, file) 
127146     WARN  Test worker     d.u.i.k.n.KeYParser       [syntax-error] file:/home/runner/work/key/key/key.core/build/resources/main/de/uka/ilkd/key/proof/rules/ifThenElseRules.key:148:14: mismatched input '\ifExintVar' expecting {MODALITY, FORALL, EXISTS, '\if', '\ifEx', 'true', 'false', '(', '{', '@', NOT, SEQARROW, '-', STRING_LITERAL, CHAR_LITERAL, BIN_LITERAL, HEX_LITERAL, IDENT, INT_LITERAL, FLOAT_LITERAL, DOUBLE_LITERAL, REAL_LITERAL} [@819,3896:3906='\ifExintVar',<188>,148:14] (termorseq, taclet, rulesOrAxioms, decls, file) 
127146     WARN  Test worker     d.u.i.k.n.KeYParser       [syntax-error] file:/home/runner/work/key/key/key.core/build/resources/main/de/uka/ilkd/key/proof/rules/ifThenElseRules.key:148:27: extraneous input '(' expecting {'\lemma', '}', IDENT, '/*!'} [@822,3909:3909='(',<146>,148:27] (rulesOrAxioms, decls, file) 
127146     WARN  Test worker     d.u.i.k.n.KeYParser       [syntax-error] file:/home/runner/work/key/key/key.core/build/resources/main/de/uka/ilkd/key/proof/rules/ifThenElseRules.key:148:35: mismatched input '=' expecting {'(', '{'} [@825,3917:3917='=',<159>,148:35] (taclet, rulesOrAxioms, decls, file) 
127147     WARN  Test worker     d.u.i.k.n.KeYParser       [syntax-error] file:/home/runner/work/key/key/key.core/build/resources/main/de/uka/ilkd/key/proof/rules/ifThenElseRules.key:150:38: mismatched input '}' expecting {'(', '{'} [@859,4023:4023='}',<149>,150:38] (taclet, rulesOrAxioms, decls, file) 
127147     WARN  Test worker     d.u.i.k.n.KeYParser       [syntax-error] file:/home/runner/work/key/key/key.core/build/resources/main/de/uka/ilkd/key/proof/rules/ifThenElseRules.key:155:14: mismatched input '\ifExintVar' expecting {MODALITY, FORALL, EXISTS, '\if', '\ifEx', 'true', 'false', '(', '{', '@', NOT, SEQARROW, '-', STRING_LITERAL, CHAR_LITERAL, BIN_LITERAL, HEX_LITERAL, IDENT, INT_LITERAL, FLOAT_LITERAL, DOUBLE_LITERAL, REAL_LITERAL} [@877,4109:4119='\ifExintVar',<188>,155:14] (termorseq, taclet, rulesOrAxioms, decls, file) 
127147     WARN  Test worker     d.u.i.k.n.KeYParser       [syntax-error] file:/home/runner/work/key/key/key.core/build/resources/main/de/uka/ilkd/key/proof/rules/ifThenElseRules.key:155:27: extraneous input '(' expecting {'\lemma', '}', IDENT, '/*!'} [@880,4122:4122='(',<146>,155:27] (rulesOrAxioms, decls, file) 
127148     WARN  Test worker     d.u.i.k.n.KeYParser       [syntax-error] file:/home/runner/work/key/key/key.core/build/resources/main/de/uka/ilkd/key/proof/rules/ifThenElseRules.key:155:35: mismatched input '=' expecting {'(', '{'} [@883,4130:4130='=',<159>,155:35] (taclet, rulesOrAxioms, decls, file) 
127148     WARN  Test worker     d.u.i.k.n.KeYParser       [syntax-error] file:/home/runner/work/key/key/key.core/build/resources/main/de/uka/ilkd/key/proof/rules/ifThenElseRules.key:157:38: mismatched input '}' expecting {'(', '{'} [@917,4230:4230='}',<149>,157:38] (taclet, rulesOrAxioms, decls, file) 
127148     WARN  Test worker     d.u.i.k.n.KeYParser       [syntax-error] file:/home/runner/work/key/key/key.core/build/resources/main/de/uka/ilkd/key/proof/rules/ifThenElseRules.key:163:14: mismatched input '\ifExintVar' expecting {MODALITY, FORALL, EXISTS, '\if', '\ifEx', 'true', 'false', '(', '{', '@', NOT, SEQARROW, '-', STRING_LITERAL, CHAR_LITERAL, BIN_LITERAL, HEX_LITERAL, IDENT, INT_LITERAL, FLOAT_LITERAL, DOUBLE_LITERAL, REAL_LITERAL} [@939,4350:4360='\ifExintVar',<188>,163:14] (termorseq, taclet, rulesOrAxioms, decls, file) 
127149     WARN  Test worker     d.u.i.k.n.KeYParser       [syntax-error] file:/home/runner/work/key/key/key.core/build/resources/main/de/uka/ilkd/key/proof/rules/ifThenElseRules.key:163:27: extraneous input '(' expecting {'\lemma', '}', IDENT, '/*!'} [@942,4363:4363='(',<146>,163:27] (rulesOrAxioms, decls, file) 
127149     WARN  Test worker     d.u.i.k.n.KeYParser       [syntax-error] file:/home/runner/work/key/key/key.core/build/resources/main/de/uka/ilkd/key/proof/rules/ifThenElseRules.key:163:30: mismatched input '=' expecting {'(', '{'} [@945,4366:4366='=',<159>,163:30] (taclet, rulesOrAxioms, decls, file) 
127149     WARN  Test worker     d.u.i.k.n.KeYParser       [syntax-error] file:/home/runner/work/key/key/key.core/build/resources/main/de/uka/ilkd/key/proof/rules/ifThenElseRules.key:165:38: mismatched input '}' expecting {'(', '{'} [@979,4477:4477='}',<149>,165:38] (taclet, rulesOrAxioms, decls, file) 
127149     WARN  Test worker     d.u.i.k.n.KeYParser       [syntax-error] file:/home/runner/work/key/key/key.core/build/resources/main/de/uka/ilkd/key/proof/rules/ifThenElseRules.key:171:14: mismatched input '\ifExintVar' expecting {MODALITY, FORALL, EXISTS, '\if', '\ifEx', 'true', 'false', '(', '{', '@', NOT, SEQARROW, '-', STRING_LITERAL, CHAR_LITERAL, BIN_LITERAL, HEX_LITERAL, IDENT, INT_LITERAL, FLOAT_LITERAL, DOUBLE_LITERAL, REAL_LITERAL} [@1001,4604:4614='\ifExintVar',<188>,171:14] (termorseq, taclet, rulesOrAxioms, decls, file) 
127150     WARN  Test worker     d.u.i.k.n.KeYParser       [syntax-error] file:/home/runner/work/key/key/key.core/build/resources/main/de/uka/ilkd/key/proof/rules/ifThenElseRules.key:171:27: extraneous input '(' expecting {'\lemma', '}', IDENT, '/*!'} [@1004,4617:4617='(',<146>,171:27] (rulesOrAxioms, decls, file) 
127150     WARN  Test worker     d.u.i.k.n.KeYParser       [syntax-error] file:/home/runner/work/key/key/key.core/build/resources/main/de/uka/ilkd/key/proof/rules/ifThenElseRules.key:171:30: mismatched input '=' expecting {'(', '{'} [@1007,4620:4620='=',<159>,171:30] (taclet, rulesOrAxioms, decls, file) 
127150     WARN  Test worker     d.u.i.k.n.KeYParser       [syntax-error] file:/home/runner/work/key/key/key.core/build/resources/main/de/uka/ilkd/key/proof/rules/ifThenElseRules.key:173:38: mismatched input '}' expecting {'(', '{'} [@1041,4725:4725='}',<149>,173:38] (taclet, rulesOrAxioms, decls, file) 
127151     WARN  Test worker     d.u.i.k.n.KeYParser       [syntax-error] file:/home/runner/work/key/key/key.core/build/resources/main/de/uka/ilkd/key/proof/rules/ifThenElseRules.key:179:14: mismatched input '\ifExintVar' expecting {MODALITY, FORALL, EXISTS, '\if', '\ifEx', 'true', 'false', '(', '{', '@', NOT, SEQARROW, '-', STRING_LITERAL, CHAR_LITERAL, BIN_LITERAL, HEX_LITERAL, IDENT, INT_LITERAL, FLOAT_LITERAL, DOUBLE_LITERAL, REAL_LITERAL} [@1063,4848:4858='\ifExintVar',<188>,179:14] (termorseq, taclet, rulesOrAxioms, decls, file) 
127151     WARN  Test worker     d.u.i.k.n.KeYParser       [syntax-error] file:/home/runner/work/key/key/key.core/build/resources/main/de/uka/ilkd/key/proof/rules/ifThenElseRules.key:179:27: extraneous input '(' expecting {'\lemma', '}', IDENT, '/*!'} [@1066,4861:4861='(',<146>,179:27] (rulesOrAxioms, decls, file) 
127151     WARN  Test worker     d.u.i.k.n.KeYParser       [syntax-error] file:/home/runner/work/key/key/key.core/build/resources/main/de/uka/ilkd/key/proof/rules/ifThenElseRules.key:179:32: mismatched input '&' expecting {'(', '{'} [@1069,4866:4866='&',<156>,179:32] (taclet, rulesOrAxioms, decls, file) 
127152     WARN  Test worker     d.u.i.k.n.KeYParser       [syntax-error] file:/home/runner/work/key/key/key.core/build/resources/main/de/uka/ilkd/key/proof/rules/ifThenElseRules.key:181:42: mismatched input '}' expecting {'(', '{'} [@1109,4985:4985='}',<149>,181:42] (taclet, rulesOrAxioms, decls, file) 
127152     WARN  Test worker     d.u.i.k.n.KeYParser       [syntax-error] file:/home/runner/work/key/key/key.core/build/resources/main/de/uka/ilkd/key/proof/rules/ifThenElseRules.key:182:39: mismatched input '}' expecting {'(', '{'} [@1122,5030:5030='}',<149>,182:39] (taclet, rulesOrAxioms, decls, file) 
127153     WARN  Test worker     d.u.i.k.n.KeYParser       [syntax-error] file:/home/runner/work/key/key/key.core/build/resources/main/de/uka/ilkd/key/proof/rules/ifThenElseRules.key:188:14: mismatched input '\ifExintVar' expecting {MODALITY, FORALL, EXISTS, '\if', '\ifEx', 'true', 'false', '(', '{', '@', NOT, SEQARROW, '-', STRING_LITERAL, CHAR_LITERAL, BIN_LITERAL, HEX_LITERAL, IDENT, INT_LITERAL, FLOAT_LITERAL, DOUBLE_LITERAL, REAL_LITERAL} [@1146,5149:5159='\ifExintVar',<188>,188:14] (termorseq, taclet, rulesOrAxioms, decls, file) 
127153     WARN  Test worker     d.u.i.k.n.KeYParser       [syntax-error] file:/home/runner/work/key/key/key.core/build/resources/main/de/uka/ilkd/key/proof/rules/ifThenElseRules.key:188:27: extraneous input '(' expecting {'\lemma', '}', IDENT, '/*!'} [@1149,5162:5162='(',<146>,188:27] (rulesOrAxioms, decls, file) 
127153     WARN  Test worker     d.u.i.k.n.KeYParser       [syntax-error] file:/home/runner/work/key/key/key.core/build/resources/main/de/uka/ilkd/key/proof/rules/ifThenElseRules.key:188:32: mismatched input '&' expecting {'(', '{'} [@1152,5167:5167='&',<156>,188:32] (taclet, rulesOrAxioms, decls, file) 
127154     WARN  Test worker     d.u.i.k.n.KeYParser       [syntax-error] file:/home/runner/work/key/key/key.core/build/resources/main/de/uka/ilkd/key/proof/rules/ifThenElseRules.key:190:42: mismatched input '}' expecting {'(', '{'} [@1192,5280:5280='}',<149>,190:42] (taclet, rulesOrAxioms, decls, file) 
127154     WARN  Test worker     d.u.i.k.n.KeYParser       [syntax-error] file:/home/runner/work/key/key/key.core/build/resources/main/de/uka/ilkd/key/proof/rules/ifThenElseRules.key:191:39: mismatched input '}' expecting {'(', '{'} [@1205,5325:5325='}',<149>,191:39] (taclet, rulesOrAxioms, decls, file) 
127154     WARN  Test worker     d.u.i.k.n.KeYParser       [syntax-error] file:/home/runner/work/key/key/key.core/build/resources/main/de/uka/ilkd/key/proof/rules/ifThenElseRules.key:198:14: mismatched input '\ifExintVar' expecting {MODALITY, FORALL, EXISTS, '\if', '\ifEx', 'true', 'false', '(', '{', '@', NOT, SEQARROW, '-', STRING_LITERAL, CHAR_LITERAL, BIN_LITERAL, HEX_LITERAL, IDENT, INT_LITERAL, FLOAT_LITERAL, DOUBLE_LITERAL, REAL_LITERAL} [@1233,5475:5485='\ifExintVar',<188>,198:14] (termorseq, taclet, rulesOrAxioms, decls, file) 
127156     WARN  Test worker     d.u.i.k.n.KeYParser       [syntax-error] file:/home/runner/work/key/key/key.core/build/resources/main/de/uka/ilkd/key/proof/rules/ifThenElseRules.key:198:27: extraneous input '(' expecting {'\lemma', '}', IDENT, '/*!'} [@1236,5488:5488='(',<146>,198:27] (rulesOrAxioms, decls, file) 
127157     WARN  Test worker     d.u.i.k.n.KeYParser       [syntax-error] file:/home/runner/work/key/key/key.core/build/resources/main/de/uka/ilkd/key/proof/rules/ifThenElseRules.key:198:32: mismatched input '&' expecting {'(', '{'} [@1239,5493:5493='&',<156>,198:32] (taclet, rulesOrAxioms, decls, file) 
127157     WARN  Test worker     d.u.i.k.n.KeYParser       [syntax-error] file:/home/runner/work/key/key/key.core/build/resources/main/de/uka/ilkd/key/proof/rules/ifThenElseRules.key:200:42: mismatched input '}' expecting {'(', '{'} [@1279,5612:5612='}',<149>,200:42] (taclet, rulesOrAxioms, decls, file) 
127157     WARN  Test worker     d.u.i.k.n.KeYParser       [syntax-error] file:/home/runner/work/key/key/key.core/build/resources/main/de/uka/ilkd/key/proof/rules/ifThenElseRules.key:201:39: mismatched input '}' expecting {'(', '{'} [@1292,5657:5657='}',<149>,201:39] (taclet, rulesOrAxioms, decls, file) 
127158     WARN  Test worker     d.u.i.k.n.KeYParser       [syntax-error] file:/home/runner/work/key/key/key.core/build/resources/main/de/uka/ilkd/key/proof/rules/ifThenElseRules.key:208:14: mismatched input '\ifExintVar' expecting {MODALITY, FORALL, EXISTS, '\if', '\ifEx', 'true', 'false', '(', '{', '@', NOT, SEQARROW, '-', STRING_LITERAL, CHAR_LITERAL, BIN_LITERAL, HEX_LITERAL, IDENT, INT_LITERAL, FLOAT_LITERAL, DOUBLE_LITERAL, REAL_LITERAL} [@1320,5817:5827='\ifExintVar',<188>,208:14] (termorseq, taclet, rulesOrAxioms, decls, file) 
127158     WARN  Test worker     d.u.i.k.n.KeYParser       [syntax-error] file:/home/runner/work/key/key/key.core/build/resources/main/de/uka/ilkd/key/proof/rules/ifThenElseRules.key:208:27: extraneous input '(' expecting {'\lemma', '}', IDENT, '/*!'} [@1323,5830:5830='(',<146>,208:27] (rulesOrAxioms, decls, file) 
127158     WARN  Test worker     d.u.i.k.n.KeYParser       [syntax-error] file:/home/runner/work/key/key/key.core/build/resources/main/de/uka/ilkd/key/proof/rules/ifThenElseRules.key:208:32: mismatched input '&' expecting {'(', '{'} [@1326,5835:5835='&',<156>,208:32] (taclet, rulesOrAxioms, decls, file) 
127159     WARN  Test worker     d.u.i.k.n.KeYParser       [syntax-error] file:/home/runner/work/key/key/key.core/build/resources/main/de/uka/ilkd/key/proof/rules/ifThenElseRules.key:210:42: mismatched input '}' expecting {'(', '{'} [@1366,5948:5948='}',<149>,210:42] (taclet, rulesOrAxioms, decls, file) 
127159     WARN  Test worker     d.u.i.k.n.KeYParser       [syntax-error] file:/home/runner/work/key/key/key.core/build/resources/main/de/uka/ilkd/key/proof/rules/ifThenElseRules.key:211:39: mismatched input '}' expecting {'(', '{'} [@1379,5993:5993='}',<149>,211:39] (taclet, rulesOrAxioms, decls, file) 
127159     WARN  Test worker     d.u.i.k.n.KeYParser       [syntax-error] file:/home/runner/work/key/key/key.core/build/resources/main/de/uka/ilkd/key/proof/rules/ifThenElseRules.key:218:14: mismatched input '\ifExintVar' expecting {MODALITY, FORALL, EXISTS, '\if', '\ifEx', 'true', 'false', '(', '{', '@', NOT, SEQARROW, '-', STRING_LITERAL, CHAR_LITERAL, BIN_LITERAL, HEX_LITERAL, IDENT, INT_LITERAL, FLOAT_LITERAL, DOUBLE_LITERAL, REAL_LITERAL} [@1407,6146:6156='\ifExintVar',<188>,218:14] (termorseq, taclet, rulesOrAxioms, decls, file) 
127160     WARN  Test worker     d.u.i.k.n.KeYParser       [syntax-error] file:/home/runner/work/key/key/key.core/build/resources/main/de/uka/ilkd/key/proof/rules/ifThenElseRules.key:218:27: extraneous input '(' expecting {'\lemma', '}', IDENT, '/*!'} [@1410,6159:6159='(',<146>,218:27] (rulesOrAxioms, decls, file) 
127160     WARN  Test worker     d.u.i.k.n.KeYParser       [syntax-error] file:/home/runner/work/key/key/key.core/build/resources/main/de/uka/ilkd/key/proof/rules/ifThenElseRules.key:218:31: mismatched input ')' expecting {'(', '{'} [@1412,6163:6163=')',<147>,218:31] (taclet, rulesOrAxioms, decls, file) 
127160     WARN  Test worker     d.u.i.k.n.KeYParser       [syntax-error] file:/home/runner/work/key/key/key.core/build/resources/main/de/uka/ilkd/key/proof/rules/ifThenElseRules.key:220:44: mismatched input ')' expecting {'(', '{'} [@1444,6275:6275=')',<147>,220:44] (taclet, rulesOrAxioms, decls, file) 
127161     WARN  Test worker     d.u.i.k.n.KeYParser       [syntax-error] file:/home/runner/work/key/key/key.core/build/resources/main/de/uka/ilkd/key/proof/rules/ifThenElseRules.key:225:14: mismatched input '\ifExintVar' expecting {MODALITY, FORALL, EXISTS, '\if', '\ifEx', 'true', 'false', '(', '{', '@', NOT, SEQARROW, '-', STRING_LITERAL, CHAR_LITERAL, BIN_LITERAL, HEX_LITERAL, IDENT, INT_LITERAL, FLOAT_LITERAL, DOUBLE_LITERAL, REAL_LITERAL} [@1471,6389:6399='\ifExintVar',<188>,225:14] (termorseq, taclet, rulesOrAxioms, decls, file) 
127161     WARN  Test worker     d.u.i.k.n.KeYParser       [syntax-error] file:/home/runner/work/key/key/key.core/build/resources/main/de/uka/ilkd/key/proof/rules/ifThenElseRules.key:225:27: extraneous input '(' expecting {'\lemma', '}', IDENT, '/*!'} [@1474,6402:6402='(',<146>,225:27] (rulesOrAxioms, decls, file) 
127161     WARN  Test worker     d.u.i.k.n.KeYParser       [syntax-error] file:/home/runner/work/key/key/key.core/build/resources/main/de/uka/ilkd/key/proof/rules/ifThenElseRules.key:225:31: mismatched input ')' expecting {'(', '{'} [@1476,6406:6406=')',<147>,225:31] (taclet, rulesOrAxioms, decls, file) 
127162     WARN  Test worker     d.u.i.k.n.KeYParser       [syntax-error] file:/home/runner/work/key/key/key.core/build/resources/main/de/uka/ilkd/key/proof/rules/ifThenElseRules.key:227:44: mismatched input ')' expecting {'(', '{'} [@1508,6509:6509=')',<147>,227:44] (taclet, rulesOrAxioms, decls, file) 
127164     WARN  Test worker     d.u.i.k.n.KeYParser       [syntax-error] file:/home/runner/work/key/key/key.core/build/resources/main/de/uka/ilkd/key/proof/rules/ifThenElseRules.key:233:14: mismatched input '\ifExintVar' expecting {MODALITY, FORALL, EXISTS, '\if', '\ifEx', 'true', 'false', '(', '{', '@', NOT, SEQARROW, '-', STRING_LITERAL, CHAR_LITERAL, BIN_LITERAL, HEX_LITERAL, IDENT, INT_LITERAL, FLOAT_LITERAL, DOUBLE_LITERAL, REAL_LITERAL} [@1539,6656:6666='\ifExintVar',<188>,233:14] (termorseq, taclet, rulesOrAxioms, decls, file) 
127165     WARN  Test worker     d.u.i.k.n.KeYParser       [syntax-error] file:/home/runner/work/key/key/key.core/build/resources/main/de/uka/ilkd/key/proof/rules/ifThenElseRules.key:233:27: extraneous input '(' expecting {'\lemma', '}', IDENT, '/*!'} [@1542,6669:6669='(',<146>,233:27] (rulesOrAxioms, decls, file) 
127165     WARN  Test worker     d.u.i.k.n.KeYParser       [syntax-error] file:/home/runner/work/key/key/key.core/build/resources/main/de/uka/ilkd/key/proof/rules/ifThenElseRules.key:233:31: mismatched input ')' expecting {'(', '{'} [@1544,6673:6673=')',<147>,233:31] (taclet, rulesOrAxioms, decls, file) 
127166     WARN  Test worker     d.u.i.k.n.KeYParser       [syntax-error] file:/home/runner/work/key/key/key.core/build/resources/main/de/uka/ilkd/key/proof/rules/ifThenElseRules.key:237:42: mismatched input '}' expecting {'(', '{'} [@1586,6850:6850='}',<149>,237:42] (taclet, rulesOrAxioms, decls, file) 
127166     WARN  Test worker     d.u.i.k.n.KeYParser       [syntax-error] file:/home/runner/work/key/key/key.core/build/resources/main/de/uka/ilkd/key/proof/rules/ifThenElseRules.key:238:34: mismatched input '}' expecting {'(', '{'} [@1599,6891:6891='}',<149>,238:34] (taclet, rulesOrAxioms, decls, file) 
127167     WARN  Test worker     d.u.i.k.n.KeYParser       [syntax-error] file:/home/runner/work/key/key/key.core/build/resources/main/de/uka/ilkd/key/proof/rules/ifThenElseRules.key:239:28: extraneous input '(' expecting {'\lemma', '}', IDENT, '/*!'} [@1608,6925:6925='(',<146>,239:28] (rulesOrAxioms, decls, file) 
127167     WARN  Test worker     d.u.i.k.n.KeYParser       [syntax-error] file:/home/runner/work/key/key/key.core/build/resources/main/de/uka/ilkd/key/proof/rules/ifThenElseRules.key:239:33: mismatched input '->' expecting {'(', '{'} [@1611,6930:6931='->',<158>,239:33] (taclet, rulesOrAxioms, decls, file) 
127167     WARN  Test worker     d.u.i.k.n.KeYParser       [syntax-error] file:/home/runner/work/key/key/key.core/build/resources/main/de/uka/ilkd/key/proof/rules/ifThenElseRules.key:240:8: extraneous input '\replacewith' expecting {'\lemma', '}', IDENT, '/*!'} [@1626,6979:6990='\replacewith',<105>,240:8] (rulesOrAxioms, decls, file) 
127168     WARN  Test worker     d.u.i.k.n.KeYParser       [syntax-error] file:/home/runner/work/key/key/key.core/build/resources/main/de/uka/ilkd/key/proof/rules/ifThenElseRules.key:240:25: mismatched input ')' expecting {'(', '{'} [@1629,6996:6996=')',<147>,240:25] (taclet, rulesOrAxioms, decls, file) 
127168     WARN  Test worker     d.u.i.k.n.KeYParser       [syntax-error] file:/home/runner/work/key/key/key.core/build/resources/main/de/uka/ilkd/key/proof/rules/ifThenElseRules.key:240:56: mismatched input ')' expecting {'(', '{'} [@1642,7027:7027=')',<147>,240:56] (taclet, rulesOrAxioms, decls, file) 
127168     WARN  Test worker     d.u.i.k.n.KeYParser       [syntax-error] file:/home/runner/work/key/key/key.core/build/resources/main/de/uka/ilkd/key/proof/rules/ifThenElseRules.key:245:14: mismatched input '\ifExintVar' expecting {MODALITY, FORALL, EXISTS, '\if', '\ifEx', 'true', 'false', '(', '{', '@', NOT, SEQARROW, '-', STRING_LITERAL, CHAR_LITERAL, BIN_LITERAL, HEX_LITERAL, IDENT, INT_LITERAL, FLOAT_LITERAL, DOUBLE_LITERAL, REAL_LITERAL} [@1658,7109:7119='\ifExintVar',<188>,245:14] (termorseq, taclet, rulesOrAxioms, decls, file) 
127169     WARN  Test worker     d.u.i.k.n.KeYParser       [syntax-error] file:/home/runner/work/key/key/key.core/build/resources/main/de/uka/ilkd/key/proof/rules/ifThenElseRules.key:245:27: extraneous input '(' expecting {'\lemma', '}', IDENT, '/*!'} [@1661,7122:7122='(',<146>,245:27] (rulesOrAxioms, decls, file) 
127169     WARN  Test worker     d.u.i.k.n.KeYParser       [syntax-error] file:/home/runner/work/key/key/key.core/build/resources/main/de/uka/ilkd/key/proof/rules/ifThenElseRules.key:245:31: mismatched input ')' expecting {'(', '{'} [@1663,7126:7126=')',<147>,245:31] (taclet, rulesOrAxioms, decls, file) 
127169     WARN  Test worker     d.u.i.k.n.KeYParser       [syntax-error] file:/home/runner/work/key/key/key.core/build/resources/main/de/uka/ilkd/key/proof/rules/ifThenElseRules.key:248:45: mismatched input '}' expecting {'(', '{'} [@1696,7268:7268='}',<149>,248:45] (taclet, rulesOrAxioms, decls, file) 
127170     WARN  Test worker     d.u.i.k.n.KeYParser       [syntax-error] file:/home/runner/work/key/key/key.core/build/resources/main/de/uka/ilkd/key/proof/rules/ifThenElseRules.key:249:8: extraneous input '\replacewith' expecting {'\lemma', '}', IDENT, '/*!'} [@1701,7284:7295='\replacewith',<105>,249:8] (rulesOrAxioms, decls, file) 
127170     WARN  Test worker     d.u.i.k.n.KeYParser       [syntax-error] file:/home/runner/work/key/key/key.core/build/resources/main/de/uka/ilkd/key/proof/rules/ifThenElseRules.key:249:38: mismatched input ')' expecting {'(', '{'} [@1708,7314:7314=')',<147>,249:38] (taclet, rulesOrAxioms, decls, file) 
127170     WARN  Test worker     d.u.i.k.n.KeYParser       [syntax-error] file:/home/runner/work/key/key/key.core/build/resources/main/de/uka/ilkd/key/proof/rules/ifThenElseRules.key:250:42: mismatched input '}' expecting {'(', '{'} [@1731,7381:7381='}',<149>,250:42] (taclet, rulesOrAxioms, decls, file) 
127170     WARN  Test worker     d.u.i.k.n.KeYParser       [syntax-error] file:/home/runner/work/key/key/key.core/build/resources/main/de/uka/ilkd/key/proof/rules/ifThenElseRules.key:251:28: extraneous input '(' expecting {'\lemma', '}', IDENT, '/*!'} [@1741,7416:7416='(',<146>,251:28] (rulesOrAxioms, decls, file) 
127171     WARN  Test worker     d.u.i.k.n.KeYParser       [syntax-error] file:/home/runner/work/key/key/key.core/build/resources/main/de/uka/ilkd/key/proof/rules/ifThenElseRules.key:251:33: mismatched input '->' expecting {'(', '{'} [@1744,7421:7422='->',<158>,251:33] (taclet, rulesOrAxioms, decls, file) 
127171     WARN  Test worker     d.u.i.k.n.KeYParser       [syntax-error] file:/home/runner/work/key/key/key.core/build/resources/main/de/uka/ilkd/key/proof/rules/ifThenElseRules.key:255:14: mismatched input '\ifExintVar' expecting {MODALITY, FORALL, EXISTS, '\if', '\ifEx', 'true', 'false', '(', '{', '@', NOT, SEQARROW, '-', STRING_LITERAL, CHAR_LITERAL, BIN_LITERAL, HEX_LITERAL, IDENT, INT_LITERAL, FLOAT_LITERAL, DOUBLE_LITERAL, REAL_LITERAL} [@1765,7506:7516='\ifExintVar',<188>,255:14] (termorseq, taclet, rulesOrAxioms, decls, file) 
127171     WARN  Test worker     d.u.i.k.n.KeYParser       [syntax-error] file:/home/runner/work/key/key/key.core/build/resources/main/de/uka/ilkd/key/proof/rules/ifThenElseRules.key:255:27: extraneous input '(' expecting {'\lemma', '}', IDENT, '/*!'} [@1768,7519:7519='(',<146>,255:27] (rulesOrAxioms, decls, file) 
127172     WARN  Test worker     d.u.i.k.n.KeYParser       [syntax-error] file:/home/runner/work/key/key/key.core/build/resources/main/de/uka/ilkd/key/proof/rules/ifThenElseRules.key:255:31: mismatched input ')' expecting {'(', '{'} [@1770,7523:7523=')',<147>,255:31] (taclet, rulesOrAxioms, decls, file) 
127172     WARN  Test worker     d.u.i.k.n.KeYParser       [syntax-error] file:/home/runner/work/key/key/key.core/build/resources/main/de/uka/ilkd/key/proof/rules/ifThenElseRules.key:258:52: extraneous input '0' expecting {'\lemma', '}', IDENT, '/*!'} [@1809,7667:7667='0',<184>,258:52] (rulesOrAxioms, decls, file) 
127173     WARN  Test worker     d.u.i.k.n.KeYParser       [syntax-error] file:/home/runner/work/key/key/key.core/build/resources/main/de/uka/ilkd/key/proof/rules/ifThenElseRules.key:258:54: mismatched input 'then' expecting {<EOF>, '\problem', '\chooseContract', '\proofObligation', '\proof'} [@1811,7669:7672='then',<183>,258:54] (file) 
127231     WARN  Test worker     d.u.i.k.n.KeYParser       [syntax-error] file:/home/runner/work/key/key/key.core/build/resources/main/de/uka/ilkd/key/proof/rules/ifThenElseRules.key:135:14: mismatched input '\ifExintVar' expecting {MODALITY, FORALL, EXISTS, '\if', '\ifEx', 'true', 'false', '(', '{', '@', NOT, SEQARROW, '-', STRING_LITERAL, CHAR_LITERAL, BIN_LITERAL, HEX_LITERAL, IDENT, INT_LITERAL, FLOAT_LITERAL, DOUBLE_LITERAL, REAL_LITERAL} [@745,3563:3573='\ifExintVar',<188>,135:14] (termorseq, taclet, rulesOrAxioms, decls, file) 
127231     WARN  Test worker     d.u.i.k.n.KeYParser       [syntax-error] file:/home/runner/work/key/key/key.core/build/resources/main/de/uka/ilkd/key/proof/rules/ifThenElseRules.key:135:27: extraneous input '(' expecting {'\lemma', '}', IDENT, '/*!'} [@748,3576:3576='(',<146>,135:27] (rulesOrAxioms, decls, file) 
127231     WARN  Test worker     d.u.i.k.n.KeYParser       [syntax-error] file:/home/runner/work/key/key/key.core/build/resources/main/de/uka/ilkd/key/proof/rules/ifThenElseRules.key:135:44: mismatched input ')' expecting {'(', '{'} [@754,3593:3593=')',<147>,135:44] (taclet, rulesOrAxioms, decls, file) 
127232     WARN  Test worker     d.u.i.k.n.KeYParser       [syntax-error] file:/home/runner/work/key/key/key.core/build/resources/main/de/uka/ilkd/key/proof/rules/ifThenElseRules.key:141:14: mismatched input '\ifExintVar' expecting {MODALITY, FORALL, EXISTS, '\if', '\ifEx', 'true', 'false', '(', '{', '@', NOT, SEQARROW, '-', STRING_LITERAL, CHAR_LITERAL, BIN_LITERAL, HEX_LITERAL, IDENT, INT_LITERAL, FLOAT_LITERAL, DOUBLE_LITERAL, REAL_LITERAL} [@780,3716:3726='\ifExintVar',<188>,141:14] (termorseq, taclet, rulesOrAxioms, decls, file) 
127232     WARN  Test worker     d.u.i.k.n.KeYParser       [syntax-error] file:/home/runner/work/key/key/key.core/build/resources/main/de/uka/ilkd/key/proof/rules/ifThenElseRules.key:141:27: extraneous input '(' expecting {'\lemma', '}', IDENT, '/*!'} [@783,3729:3729='(',<146>,141:27] (rulesOrAxioms, decls, file) 
127232     WARN  Test worker     d.u.i.k.n.KeYParser       [syntax-error] file:/home/runner/work/key/key/key.core/build/resources/main/de/uka/ilkd/key/proof/rules/ifThenElseRules.key:141:41: mismatched input ')' expecting {'(', '{'} [@789,3743:3743=')',<147>,141:41] (taclet, rulesOrAxioms, decls, file) 
127232     WARN  Test worker     d.u.i.k.n.KeYParser       [syntax-error] file:/home/runner/work/key/key/key.core/build/resources/main/de/uka/ilkd/key/proof/rules/ifThenElseRules.key:148:14: mismatched input '\ifExintVar' expecting {MODALITY, FORALL, EXISTS, '\if', '\ifEx', 'true', 'false', '(', '{', '@', NOT, SEQARROW, '-', STRING_LITERAL, CHAR_LITERAL, BIN_LITERAL, HEX_LITERAL, IDENT, INT_LITERAL, FLOAT_LITERAL, DOUBLE_LITERAL, REAL_LITERAL} [@819,3896:3906='\ifExintVar',<188>,148:14] (termorseq, taclet, rulesOrAxioms, decls, file) 
127232     WARN  Test worker     d.u.i.k.n.KeYParser       [syntax-error] file:/home/runner/work/key/key/key.core/build/resources/main/de/uka/ilkd/key/proof/rules/ifThenElseRules.key:148:27: extraneous input '(' expecting {'\lemma', '}', IDENT, '/*!'} [@822,3909:3909='(',<146>,148:27] (rulesOrAxioms, decls, file) 
127232     WARN  Test worker     d.u.i.k.n.KeYParser       [syntax-error] file:/home/runner/work/key/key/key.core/build/resources/main/de/uka/ilkd/key/proof/rules/ifThenElseRules.key:148:35: mismatched input '=' expecting {'(', '{'} [@825,3917:3917='=',<159>,148:35] (taclet, rulesOrAxioms, decls, file) 
127232     WARN  Test worker     d.u.i.k.n.KeYParser       [syntax-error] file:/home/runner/work/key/key/key.core/build/resources/main/de/uka/ilkd/key/proof/rules/ifThenElseRules.key:150:38: mismatched input '}' expecting {'(', '{'} [@859,4023:4023='}',<149>,150:38] (taclet, rulesOrAxioms, decls, file) 
127233     WARN  Test worker     d.u.i.k.n.KeYParser       [syntax-error] file:/home/runner/work/key/key/key.core/build/resources/main/de/uka/ilkd/key/proof/rules/ifThenElseRules.key:155:14: mismatched input '\ifExintVar' expecting {MODALITY, FORALL, EXISTS, '\if', '\ifEx', 'true', 'false', '(', '{', '@', NOT, SEQARROW, '-', STRING_LITERAL, CHAR_LITERAL, BIN_LITERAL, HEX_LITERAL, IDENT, INT_LITERAL, FLOAT_LITERAL, DOUBLE_LITERAL, REAL_LITERAL} [@877,4109:4119='\ifExintVar',<188>,155:14] (termorseq, taclet, rulesOrAxioms, decls, file) 
127233     WARN  Test worker     d.u.i.k.n.KeYParser       [syntax-error] file:/home/runner/work/key/key/key.core/build/resources/main/de/uka/ilkd/key/proof/rules/ifThenElseRules.key:155:27: extraneous input '(' expecting {'\lemma', '}', IDENT, '/*!'} [@880,4122:4122='(',<146>,155:27] (rulesOrAxioms, decls, file) 
127233     WARN  Test worker     d.u.i.k.n.KeYParser       [syntax-error] file:/home/runner/work/key/key/key.core/build/resources/main/de/uka/ilkd/key/proof/rules/ifThenElseRules.key:155:35: mismatched input '=' expecting {'(', '{'} [@883,4130:4130='=',<159>,155:35] (taclet, rulesOrAxioms, decls, file) 
127233     WARN  Test worker     d.u.i.k.n.KeYParser       [syntax-error] file:/home/runner/work/key/key/key.core/build/resources/main/de/uka/ilkd/key/proof/rules/ifThenElseRules.key:157:38: mismatched input '}' expecting {'(', '{'} [@917,4230:4230='}',<149>,157:38] (taclet, rulesOrAxioms, decls, file) 
127233     WARN  Test worker     d.u.i.k.n.KeYParser       [syntax-error] file:/home/runner/work/key/key/key.core/build/resources/main/de/uka/ilkd/key/proof/rules/ifThenElseRules.key:163:14: mismatched input '\ifExintVar' expecting {MODALITY, FORALL, EXISTS, '\if', '\ifEx', 'true', 'false', '(', '{', '@', NOT, SEQARROW, '-', STRING_LITERAL, CHAR_LITERAL, BIN_LITERAL, HEX_LITERAL, IDENT, INT_LITERAL, FLOAT_LITERAL, DOUBLE_LITERAL, REAL_LITERAL} [@939,4350:4360='\ifExintVar',<188>,163:14] (termorseq, taclet, rulesOrAxioms, decls, file) 
127233     WARN  Test worker     d.u.i.k.n.KeYParser       [syntax-error] file:/home/runner/work/key/key/key.core/build/resources/main/de/uka/ilkd/key/proof/rules/ifThenElseRules.key:163:27: extraneous input '(' expecting {'\lemma', '}', IDENT, '/*!'} [@942,4363:4363='(',<146>,163:27] (rulesOrAxioms, decls, file) 
127234     WARN  Test worker     d.u.i.k.n.KeYParser       [syntax-error] file:/home/runner/work/key/key/key.core/build/resources/main/de/uka/ilkd/key/proof/rules/ifThenElseRules.key:163:30: mismatched input '=' expecting {'(', '{'} [@945,4366:4366='=',<159>,163:30] (taclet, rulesOrAxioms, decls, file) 
127234     WARN  Test worker     d.u.i.k.n.KeYParser       [syntax-error] file:/home/runner/work/key/key/key.core/build/resources/main/de/uka/ilkd/key/proof/rules/ifThenElseRules.key:165:38: mismatched input '}' expecting {'(', '{'} [@979,4477:4477='}',<149>,165:38] (taclet, rulesOrAxioms, decls, file) 
127234     WARN  Test worker     d.u.i.k.n.KeYParser       [syntax-error] file:/home/runner/work/key/key/key.core/build/resources/main/de/uka/ilkd/key/proof/rules/ifThenElseRules.key:171:14: mismatched input '\ifExintVar' expecting {MODALITY, FORALL, EXISTS, '\if', '\ifEx', 'true', 'false', '(', '{', '@', NOT, SEQARROW, '-', STRING_LITERAL, CHAR_LITERAL, BIN_LITERAL, HEX_LITERAL, IDENT, INT_LITERAL, FLOAT_LITERAL, DOUBLE_LITERAL, REAL_LITERAL} [@1001,4604:4614='\ifExintVar',<188>,171:14] (termorseq, taclet, rulesOrAxioms, decls, file) 
127234     WARN  Test worker     d.u.i.k.n.KeYParser       [syntax-error] file:/home/runner/work/key/key/key.core/build/resources/main/de/uka/ilkd/key/proof/rules/ifThenElseRules.key:171:27: extraneous input '(' expecting {'\lemma', '}', IDENT, '/*!'} [@1004,4617:4617='(',<146>,171:27] (rulesOrAxioms, decls, file) 
127234     WARN  Test worker     d.u.i.k.n.KeYParser       [syntax-error] file:/home/runner/work/key/key/key.core/build/resources/main/de/uka/ilkd/key/proof/rules/ifThenElseRules.key:171:30: mismatched input '=' expecting {'(', '{'} [@1007,4620:4620='=',<159>,171:30] (taclet, rulesOrAxioms, decls, file) 
127235     WARN  Test worker     d.u.i.k.n.KeYParser       [syntax-error] file:/home/runner/work/key/key/key.core/build/resources/main/de/uka/ilkd/key/proof/rules/ifThenElseRules.key:173:38: mismatched input '}' expecting {'(', '{'} [@1041,4725:4725='}',<149>,173:38] (taclet, rulesOrAxioms, decls, file) 
127235     WARN  Test worker     d.u.i.k.n.KeYParser       [syntax-error] file:/home/runner/work/key/key/key.core/build/resources/main/de/uka/ilkd/key/proof/rules/ifThenElseRules.key:179:14: mismatched input '\ifExintVar' expecting {MODALITY, FORALL, EXISTS, '\if', '\ifEx', 'true', 'false', '(', '{', '@', NOT, SEQARROW, '-', STRING_LITERAL, CHAR_LITERAL, BIN_LITERAL, HEX_LITERAL, IDENT, INT_LITERAL, FLOAT_LITERAL, DOUBLE_LITERAL, REAL_LITERAL} [@1063,4848:4858='\ifExintVar',<188>,179:14] (termorseq, taclet, rulesOrAxioms, decls, file) 
127235     WARN  Test worker     d.u.i.k.n.KeYParser       [syntax-error] file:/home/runner/work/key/key/key.core/build/resources/main/de/uka/ilkd/key/proof/rules/ifThenElseRules.key:179:27: extraneous input '(' expecting {'\lemma', '}', IDENT, '/*!'} [@1066,4861:4861='(',<146>,179:27] (rulesOrAxioms, decls, file) 
127235     WARN  Test worker     d.u.i.k.n.KeYParser       [syntax-error] file:/home/runner/work/key/key/key.core/build/resources/main/de/uka/ilkd/key/proof/rules/ifThenElseRules.key:179:32: mismatched input '&' expecting {'(', '{'} [@1069,4866:4866='&',<156>,179:32] (taclet, rulesOrAxioms, decls, file) 
127235     WARN  Test worker     d.u.i.k.n.KeYParser       [syntax-error] file:/home/runner/work/key/key/key.core/build/resources/main/de/uka/ilkd/key/proof/rules/ifThenElseRules.key:181:42: mismatched input '}' expecting {'(', '{'} [@1109,4985:4985='}',<149>,181:42] (taclet, rulesOrAxioms, decls, file) 
127235     WARN  Test worker     d.u.i.k.n.KeYParser       [syntax-error] file:/home/runner/work/key/key/key.core/build/resources/main/de/uka/ilkd/key/proof/rules/ifThenElseRules.key:182:39: mismatched input '}' expecting {'(', '{'} [@1122,5030:5030='}',<149>,182:39] (taclet, rulesOrAxioms, decls, file) 
127235     WARN  Test worker     d.u.i.k.n.KeYParser       [syntax-error] file:/home/runner/work/key/key/key.core/build/resources/main/de/uka/ilkd/key/proof/rules/ifThenElseRules.key:188:14: mismatched input '\ifExintVar' expecting {MODALITY, FORALL, EXISTS, '\if', '\ifEx', 'true', 'false', '(', '{', '@', NOT, SEQARROW, '-', STRING_LITERAL, CHAR_LITERAL, BIN_LITERAL, HEX_LITERAL, IDENT, INT_LITERAL, FLOAT_LITERAL, DOUBLE_LITERAL, REAL_LITERAL} [@1146,5149:5159='\ifExintVar',<188>,188:14] (termorseq, taclet, rulesOrAxioms, decls, file) 
127235     WARN  Test worker     d.u.i.k.n.KeYParser       [syntax-error] file:/home/runner/work/key/key/key.core/build/resources/main/de/uka/ilkd/key/proof/rules/ifThenElseRules.key:188:27: extraneous input '(' expecting {'\lemma', '}', IDENT, '/*!'} [@1149,5162:5162='(',<146>,188:27] (rulesOrAxioms, decls, file) 
127235     WARN  Test worker     d.u.i.k.n.KeYParser       [syntax-error] file:/home/runner/work/key/key/key.core/build/resources/main/de/uka/ilkd/key/proof/rules/ifThenElseRules.key:188:32: mismatched input '&' expecting {'(', '{'} [@1152,5167:5167='&',<156>,188:32] (taclet, rulesOrAxioms, decls, file) 
127235     WARN  Test worker     d.u.i.k.n.KeYParser       [syntax-error] file:/home/runner/work/key/key/key.core/build/resources/main/de/uka/ilkd/key/proof/rules/ifThenElseRules.key:190:42: mismatched input '}' expecting {'(', '{'} [@1192,5280:5280='}',<149>,190:42] (taclet, rulesOrAxioms, decls, file) 
127235     WARN  Test worker     d.u.i.k.n.KeYParser       [syntax-error] file:/home/runner/work/key/key/key.core/build/resources/main/de/uka/ilkd/key/proof/rules/ifThenElseRules.key:191:39: mismatched input '}' expecting {'(', '{'} [@1205,5325:5325='}',<149>,191:39] (taclet, rulesOrAxioms, decls, file) 
127235     WARN  Test worker     d.u.i.k.n.KeYParser       [syntax-error] file:/home/runner/work/key/key/key.core/build/resources/main/de/uka/ilkd/key/proof/rules/ifThenElseRules.key:198:14: mismatched input '\ifExintVar' expecting {MODALITY, FORALL, EXISTS, '\if', '\ifEx', 'true', 'false', '(', '{', '@', NOT, SEQARROW, '-', STRING_LITERAL, CHAR_LITERAL, BIN_LITERAL, HEX_LITERAL, IDENT, INT_LITERAL, FLOAT_LITERAL, DOUBLE_LITERAL, REAL_LITERAL} [@1233,5475:5485='\ifExintVar',<188>,198:14] (termorseq, taclet, rulesOrAxioms, decls, file) 
127236     WARN  Test worker     d.u.i.k.n.KeYParser       [syntax-error] file:/home/runner/work/key/key/key.core/build/resources/main/de/uka/ilkd/key/proof/rules/ifThenElseRules.key:198:27: extraneous input '(' expecting {'\lemma', '}', IDENT, '/*!'} [@1236,5488:5488='(',<146>,198:27] (rulesOrAxioms, decls, file) 
127236     WARN  Test worker     d.u.i.k.n.KeYParser       [syntax-error] file:/home/runner/work/key/key/key.core/build/resources/main/de/uka/ilkd/key/proof/rules/ifThenElseRules.key:198:32: mismatched input '&' expecting {'(', '{'} [@1239,5493:5493='&',<156>,198:32] (taclet, rulesOrAxioms, decls, file) 
127237     WARN  Test worker     d.u.i.k.n.KeYParser       [syntax-error] file:/home/runner/work/key/key/key.core/build/resources/main/de/uka/ilkd/key/proof/rules/ifThenElseRules.key:200:42: mismatched input '}' expecting {'(', '{'} [@1279,5612:5612='}',<149>,200:42] (taclet, rulesOrAxioms, decls, file) 
127237     WARN  Test worker     d.u.i.k.n.KeYParser       [syntax-error] file:/home/runner/work/key/key/key.core/build/resources/main/de/uka/ilkd/key/proof/rules/ifThenElseRules.key:201:39: mismatched input '}' expecting {'(', '{'} [@1292,5657:5657='}',<149>,201:39] (taclet, rulesOrAxioms, decls, file) 
127237     WARN  Test worker     d.u.i.k.n.KeYParser       [syntax-error] file:/home/runner/work/key/key/key.core/build/resources/main/de/uka/ilkd/key/proof/rules/ifThenElseRules.key:208:14: mismatched input '\ifExintVar' expecting {MODALITY, FORALL, EXISTS, '\if', '\ifEx', 'true', 'false', '(', '{', '@', NOT, SEQARROW, '-', STRING_LITERAL, CHAR_LITERAL, BIN_LITERAL, HEX_LITERAL, IDENT, INT_LITERAL, FLOAT_LITERAL, DOUBLE_LITERAL, REAL_LITERAL} [@1320,5817:5827='\ifExintVar',<188>,208:14] (termorseq, taclet, rulesOrAxioms, decls, file) 
127237     WARN  Test worker     d.u.i.k.n.KeYParser       [syntax-error] file:/home/runner/work/key/key/key.core/build/resources/main/de/uka/ilkd/key/proof/rules/ifThenElseRules.key:208:27: extraneous input '(' expecting {'\lemma', '}', IDENT, '/*!'} [@1323,5830:5830='(',<146>,208:27] (rulesOrAxioms, decls, file) 
127238     WARN  Test worker     d.u.i.k.n.KeYParser       [syntax-error] file:/home/runner/work/key/key/key.core/build/resources/main/de/uka/ilkd/key/proof/rules/ifThenElseRules.key:208:32: mismatched input '&' expecting {'(', '{'} [@1326,5835:5835='&',<156>,208:32] (taclet, rulesOrAxioms, decls, file) 
127238     WARN  Test worker     d.u.i.k.n.KeYParser       [syntax-error] file:/home/runner/work/key/key/key.core/build/resources/main/de/uka/ilkd/key/proof/rules/ifThenElseRules.key:210:42: mismatched input '}' expecting {'(', '{'} [@1366,5948:5948='}',<149>,210:42] (taclet, rulesOrAxioms, decls, file) 
127238     WARN  Test worker     d.u.i.k.n.KeYParser       [syntax-error] file:/home/runner/work/key/key/key.core/build/resources/main/de/uka/ilkd/key/proof/rules/ifThenElseRules.key:211:39: mismatched input '}' expecting {'(', '{'} [@1379,5993:5993='}',<149>,211:39] (taclet, rulesOrAxioms, decls, file) 
127238     WARN  Test worker     d.u.i.k.n.KeYParser       [syntax-error] file:/home/runner/work/key/key/key.core/build/resources/main/de/uka/ilkd/key/proof/rules/ifThenElseRules.key:218:14: mismatched input '\ifExintVar' expecting {MODALITY, FORALL, EXISTS, '\if', '\ifEx', 'true', 'false', '(', '{', '@', NOT, SEQARROW, '-', STRING_LITERAL, CHAR_LITERAL, BIN_LITERAL, HEX_LITERAL, IDENT, INT_LITERAL, FLOAT_LITERAL, DOUBLE_LITERAL, REAL_LITERAL} [@1407,6146:6156='\ifExintVar',<188>,218:14] (termorseq, taclet, rulesOrAxioms, decls, file) 
127238     WARN  Test worker     d.u.i.k.n.KeYParser       [syntax-error] file:/home/runner/work/key/key/key.core/build/resources/main/de/uka/ilkd/key/proof/rules/ifThenElseRules.key:218:27: extraneous input '(' expecting {'\lemma', '}', IDENT, '/*!'} [@1410,6159:6159='(',<146>,218:27] (rulesOrAxioms, decls, file) 
127239     WARN  Test worker     d.u.i.k.n.KeYParser       [syntax-error] file:/home/runner/work/key/key/key.core/build/resources/main/de/uka/ilkd/key/proof/rules/ifThenElseRules.key:218:31: mismatched input ')' expecting {'(', '{'} [@1412,6163:6163=')',<147>,218:31] (taclet, rulesOrAxioms, decls, file) 
127239     WARN  Test worker     d.u.i.k.n.KeYParser       [syntax-error] file:/home/runner/work/key/key/key.core/build/resources/main/de/uka/ilkd/key/proof/rules/ifThenElseRules.key:220:44: mismatched input ')' expecting {'(', '{'} [@1444,6275:6275=')',<147>,220:44] (taclet, rulesOrAxioms, decls, file) 
127239     WARN  Test worker     d.u.i.k.n.KeYParser       [syntax-error] file:/home/runner/work/key/key/key.core/build/resources/main/de/uka/ilkd/key/proof/rules/ifThenElseRules.key:225:14: mismatched input '\ifExintVar' expecting {MODALITY, FORALL, EXISTS, '\if', '\ifEx', 'true', 'false', '(', '{', '@', NOT, SEQARROW, '-', STRING_LITERAL, CHAR_LITERAL, BIN_LITERAL, HEX_LITERAL, IDENT, INT_LITERAL, FLOAT_LITERAL, DOUBLE_LITERAL, REAL_LITERAL} [@1471,6389:6399='\ifExintVar',<188>,225:14] (termorseq, taclet, rulesOrAxioms, decls, file) 
127239     WARN  Test worker     d.u.i.k.n.KeYParser       [syntax-error] file:/home/runner/work/key/key/key.core/build/resources/main/de/uka/ilkd/key/proof/rules/ifThenElseRules.key:225:27: extraneous input '(' expecting {'\lemma', '}', IDENT, '/*!'} [@1474,6402:6402='(',<146>,225:27] (rulesOrAxioms, decls, file) 
127239     WARN  Test worker     d.u.i.k.n.KeYParser       [syntax-error] file:/home/runner/work/key/key/key.core/build/resources/main/de/uka/ilkd/key/proof/rules/ifThenElseRules.key:225:31: mismatched input ')' expecting {'(', '{'} [@1476,6406:6406=')',<147>,225:31] (taclet, rulesOrAxioms, decls, file) 
127239     WARN  Test worker     d.u.i.k.n.KeYParser       [syntax-error] file:/home/runner/work/key/key/key.core/build/resources/main/de/uka/ilkd/key/proof/rules/ifThenElseRules.key:227:44: mismatched input ')' expecting {'(', '{'} [@1508,6509:6509=')',<147>,227:44] (taclet, rulesOrAxioms, decls, file) 
127240     WARN  Test worker     d.u.i.k.n.KeYParser       [syntax-error] file:/home/runner/work/key/key/key.core/build/resources/main/de/uka/ilkd/key/proof/rules/ifThenElseRules.key:233:14: mismatched input '\ifExintVar' expecting {MODALITY, FORALL, EXISTS, '\if', '\ifEx', 'true', 'false', '(', '{', '@', NOT, SEQARROW, '-', STRING_LITERAL, CHAR_LITERAL, BIN_LITERAL, HEX_LITERAL, IDENT, INT_LITERAL, FLOAT_LITERAL, DOUBLE_LITERAL, REAL_LITERAL} [@1539,6656:6666='\ifExintVar',<188>,233:14] (termorseq, taclet, rulesOrAxioms, decls, file) 
127240     WARN  Test worker     d.u.i.k.n.KeYParser       [syntax-error] file:/home/runner/work/key/key/key.core/build/resources/main/de/uka/ilkd/key/proof/rules/ifThenElseRules.key:233:27: extraneous input '(' expecting {'\lemma', '}', IDENT, '/*!'} [@1542,6669:6669='(',<146>,233:27] (rulesOrAxioms, decls, file) 
127240     WARN  Test worker     d.u.i.k.n.KeYParser       [syntax-error] file:/home/runner/work/key/key/key.core/build/resources/main/de/uka/ilkd/key/proof/rules/ifThenElseRules.key:233:31: mismatched input ')' expecting {'(', '{'} [@1544,6673:6673=')',<147>,233:31] (taclet, rulesOrAxioms, decls, file) 
127240     WARN  Test worker     d.u.i.k.n.KeYParser       [syntax-error] file:/home/runner/work/key/key/key.core/build/resources/main/de/uka/ilkd/key/proof/rules/ifThenElseRules.key:237:42: mismatched input '}' expecting {'(', '{'} [@1586,6850:6850='}',<149>,237:42] (taclet, rulesOrAxioms, decls, file) 
127240     WARN  Test worker     d.u.i.k.n.KeYParser       [syntax-error] file:/home/runner/work/key/key/key.core/build/resources/main/de/uka/ilkd/key/proof/rules/ifThenElseRules.key:238:34: mismatched input '}' expecting {'(', '{'} [@1599,6891:6891='}',<149>,238:34] (taclet, rulesOrAxioms, decls, file) 
127240     WARN  Test worker     d.u.i.k.n.KeYParser       [syntax-error] file:/home/runner/work/key/key/key.core/build/resources/main/de/uka/ilkd/key/proof/rules/ifThenElseRules.key:239:28: extraneous input '(' expecting {'\lemma', '}', IDENT, '/*!'} [@1608,6925:6925='(',<146>,239:28] (rulesOrAxioms, decls, file) 
127240     WARN  Test worker     d.u.i.k.n.KeYParser       [syntax-error] file:/home/runner/work/key/key/key.core/build/resources/main/de/uka/ilkd/key/proof/rules/ifThenElseRules.key:239:33: mismatched input '->' expecting {'(', '{'} [@1611,6930:6931='->',<158>,239:33] (taclet, rulesOrAxioms, decls, file) 
127240     WARN  Test worker     d.u.i.k.n.KeYParser       [syntax-error] file:/home/runner/work/key/key/key.core/build/resources/main/de/uka/ilkd/key/proof/rules/ifThenElseRules.key:240:8: extraneous input '\replacewith' expecting {'\lemma', '}', IDENT, '/*!'} [@1626,6979:6990='\replacewith',<105>,240:8] (rulesOrAxioms, decls, file) 
127240     WARN  Test worker     d.u.i.k.n.KeYParser       [syntax-error] file:/home/runner/work/key/key/key.core/build/resources/main/de/uka/ilkd/key/proof/rules/ifThenElseRules.key:240:25: mismatched input ')' expecting {'(', '{'} [@1629,6996:6996=')',<147>,240:25] (taclet, rulesOrAxioms, decls, file) 
127240     WARN  Test worker     d.u.i.k.n.KeYParser       [syntax-error] file:/home/runner/work/key/key/key.core/build/resources/main/de/uka/ilkd/key/proof/rules/ifThenElseRules.key:240:56: mismatched input ')' expecting {'(', '{'} [@1642,7027:7027=')',<147>,240:56] (taclet, rulesOrAxioms, decls, file) 
127240     WARN  Test worker     d.u.i.k.n.KeYParser       [syntax-error] file:/home/runner/work/key/key/key.core/build/resources/main/de/uka/ilkd/key/proof/rules/ifThenElseRules.key:245:14: mismatched input '\ifExintVar' expecting {MODALITY, FORALL, EXISTS, '\if', '\ifEx', 'true', 'false', '(', '{', '@', NOT, SEQARROW, '-', STRING_LITERAL, CHAR_LITERAL, BIN_LITERAL, HEX_LITERAL, IDENT, INT_LITERAL, FLOAT_LITERAL, DOUBLE_LITERAL, REAL_LITERAL} [@1658,7109:7119='\ifExintVar',<188>,245:14] (termorseq, taclet, rulesOrAxioms, decls, file) 
127240     WARN  Test worker     d.u.i.k.n.KeYParser       [syntax-error] file:/home/runner/work/key/key/key.core/build/resources/main/de/uka/ilkd/key/proof/rules/ifThenElseRules.key:245:27: extraneous input '(' expecting {'\lemma', '}', IDENT, '/*!'} [@1661,7122:7122='(',<146>,245:27] (rulesOrAxioms, decls, file) 
127240     WARN  Test worker     d.u.i.k.n.KeYParser       [syntax-error] file:/home/runner/work/key/key/key.core/build/resources/main/de/uka/ilkd/key/proof/rules/ifThenElseRules.key:245:31: mismatched input ')' expecting {'(', '{'} [@1663,7126:7126=')',<147>,245:31] (taclet, rulesOrAxioms, decls, file) 
127240     WARN  Test worker     d.u.i.k.n.KeYParser       [syntax-error] file:/home/runner/work/key/key/key.core/build/resources/main/de/uka/ilkd/key/proof/rules/ifThenElseRules.key:248:45: mismatched input '}' expecting {'(', '{'} [@1696,7268:7268='}',<149>,248:45] (taclet, rulesOrAxioms, decls, file) 
127240     WARN  Test worker     d.u.i.k.n.KeYParser       [syntax-error] file:/home/runner/work/key/key/key.core/build/resources/main/de/uka/ilkd/key/proof/rules/ifThenElseRules.key:249:8: extraneous input '\replacewith' expecting {'\lemma', '}', IDENT, '/*!'} [@1701,7284:7295='\replacewith',<105>,249:8] (rulesOrAxioms, decls, file) 
127240     WARN  Test worker     d.u.i.k.n.KeYParser       [syntax-error] file:/home/runner/work/key/key/key.core/build/resources/main/de/uka/ilkd/key/proof/rules/ifThenElseRules.key:249:38: mismatched input ')' expecting {'(', '{'} [@1708,7314:7314=')',<147>,249:38] (taclet, rulesOrAxioms, decls, file) 
127240     WARN  Test worker     d.u.i.k.n.KeYParser       [syntax-error] file:/home/runner/work/key/key/key.core/build/resources/main/de/uka/ilkd/key/proof/rules/ifThenElseRules.key:250:42: mismatched input '}' expecting {'(', '{'} [@1731,7381:7381='}',<149>,250:42] (taclet, rulesOrAxioms, decls, file) 
127240     WARN  Test worker     d.u.i.k.n.KeYParser       [syntax-error] file:/home/runner/work/key/key/key.core/build/resources/main/de/uka/ilkd/key/proof/rules/ifThenElseRules.key:251:28: extraneous input '(' expecting {'\lemma', '}', IDENT, '/*!'} [@1741,7416:7416='(',<146>,251:28] (rulesOrAxioms, decls, file) 
127240     WARN  Test worker     d.u.i.k.n.KeYParser       [syntax-error] file:/home/runner/work/key/key/key.core/build/resources/main/de/uka/ilkd/key/proof/rules/ifThenElseRules.key:251:33: mismatched input '->' expecting {'(', '{'} [@1744,7421:7422='->',<158>,251:33] (taclet, rulesOrAxioms, decls, file) 
127241     WARN  Test worker     d.u.i.k.n.KeYParser       [syntax-error] file:/home/runner/work/key/key/key.core/build/resources/main/de/uka/ilkd/key/proof/rules/ifThenElseRules.key:255:14: mismatched input '\ifExintVar' expecting {MODALITY, FORALL, EXISTS, '\if', '\ifEx', 'true', 'false', '(', '{', '@', NOT, SEQARROW, '-', STRING_LITERAL, CHAR_LITERAL, BIN_LITERAL, HEX_LITERAL, IDENT, INT_LITERAL, FLOAT_LITERAL, DOUBLE_LITERAL, REAL_LITERAL} [@1765,7506:7516='\ifExintVar',<188>,255:14] (termorseq, taclet, rulesOrAxioms, decls, file) 
127241     WARN  Test worker     d.u.i.k.n.KeYParser       [syntax-error] file:/home/runner/work/key/key/key.core/build/resources/main/de/uka/ilkd/key/proof/rules/ifThenElseRules.key:255:27: extraneous input '(' expecting {'\lemma', '}', IDENT, '/*!'} [@1768,7519:7519='(',<146>,255:27] (rulesOrAxioms, decls, file) 
127241     WARN  Test worker     d.u.i.k.n.KeYParser       [syntax-error] file:/home/runner/work/key/key/key.core/build/resources/main/de/uka/ilkd/key/proof/rules/ifThenElseRules.key:255:31: mismatched input ')' expecting {'(', '{'} [@1770,7523:7523=')',<147>,255:31] (taclet, rulesOrAxioms, decls, file) 
127241     WARN  Test worker     d.u.i.k.n.KeYParser       [syntax-error] file:/home/runner/work/key/key/key.core/build/resources/main/de/uka/ilkd/key/proof/rules/ifThenElseRules.key:258:52: extraneous input '0' expecting {'\lemma', '}', IDENT, '/*!'} [@1809,7667:7667='0',<184>,258:52] (rulesOrAxioms, decls, file) 
127241     WARN  Test worker     d.u.i.k.n.KeYParser       [syntax-error] file:/home/runner/work/key/key/key.core/build/resources/main/de/uka/ilkd/key/proof/rules/ifThenElseRules.key:258:54: mismatched input 'then' expecting {<EOF>, '\problem', '\chooseContract', '\proofObligation', '\proof'} [@1811,7669:7672='then',<183>,258:54] (file) 
]]></system-out>
  <system-err><![CDATA[]]></system-err>
</testsuite>
