<?xml version="1.0" encoding="UTF-8"?>
<testsuite name="de.uka.ilkd.key.rule.TestSchemaModalOperators" tests="4" skipped="0" failures="0" errors="0" timestamp="2023-03-14T08:52:01" hostname="fv-az565-844" time="0.968">
  <properties/>
  <testcase name="testSchemaModalities1()" classname="de.uka.ilkd.key.rule.TestSchemaModalOperators" time="0.92"/>
  <testcase name="testSchemaModalities2()" classname="de.uka.ilkd.key.rule.TestSchemaModalOperators" time="0.02"/>
  <testcase name="testSchemaModalities3()" classname="de.uka.ilkd.key.rule.TestSchemaModalOperators" time="0.005"/>
  <testcase name="testSchemaModalities4()" classname="de.uka.ilkd.key.rule.TestSchemaModalOperators" time="0.014"/>
  <system-out><![CDATA[]]></system-out>
  <system-err><![CDATA[]]></system-err>
</testsuite>
