<?xml version="1.0" encoding="UTF-8"?>
<testsuite name="de.uka.ilkd.key.rule.match.legacy.TestLegacyTacletMatch" tests="4" skipped="0" failures="0" errors="0" timestamp="2023-03-08T15:27:40" hostname="fv-az444-475" time="0.907">
  <properties/>
  <testcase name="testProgramMatch0()" classname="de.uka.ilkd.key.rule.match.legacy.TestLegacyTacletMatch" time="0.902"/>
  <testcase name="testProgramMatch1()" classname="de.uka.ilkd.key.rule.match.legacy.TestLegacyTacletMatch" time="0.001"/>
  <testcase name="testProgramMatch2()" classname="de.uka.ilkd.key.rule.match.legacy.TestLegacyTacletMatch" time="0.001"/>
  <testcase name="testStatementListMatch()" classname="de.uka.ilkd.key.rule.match.legacy.TestLegacyTacletMatch" time="0.003"/>
  <system-out><![CDATA[]]></system-out>
  <system-err><![CDATA[]]></system-err>
</testsuite>
