<?xml version="1.0" encoding="UTF-8"?>
<testsuite name="de.uka.ilkd.key.speclang.jml.pretranslation.TextualJMLAssertStatementTest" tests="1" skipped="0" failures="0" errors="0" timestamp="2023-03-08T15:32:39" hostname="fv-az444-475" time="0.007">
  <properties/>
  <testcase name="testTextRepr()" classname="de.uka.ilkd.key.speclang.jml.pretranslation.TextualJMLAssertStatementTest" time="0.007"/>
  <system-out><![CDATA[]]></system-out>
  <system-err><![CDATA[]]></system-err>
</testsuite>
