<?xml version="1.0" encoding="UTF-8"?>
<testsuite name="de.uka.ilkd.key.symbolic_execution.testcase.po.TestFunctionalOperationContractPO" tests="1" skipped="0" failures="0" errors="0" timestamp="2023-04-06T00:45:54" hostname="fv-az456-342" time="6.885">
  <properties/>
  <testcase name="testDoubleValue()" classname="de.uka.ilkd.key.symbolic_execution.testcase.po.TestFunctionalOperationContractPO" time="6.885"/>
  <system-out><![CDATA[]]></system-out>
  <system-err><![CDATA[]]></system-err>
</testsuite>
