<?xml version="1.0" encoding="UTF-8"?>
<testsuite name="de.uka.ilkd.key.symbolic_execution.testcase.TestParallelSiteProofs" tests="2" skipped="1" failures="0" errors="0" timestamp="2023-04-06T00:32:04" hostname="fv-az456-342" time="3.307">
  <properties/>
  <testcase name="testProofFile()" classname="de.uka.ilkd.key.symbolic_execution.testcase.TestParallelSiteProofs" time="3.305"/>
  <testcase name="xxxtestNewProof()" classname="de.uka.ilkd.key.symbolic_execution.testcase.TestParallelSiteProofs" time="0.001">
    <skipped/>
  </testcase>
  <system-out><![CDATA[]]></system-out>
  <system-err><![CDATA[]]></system-err>
</testsuite>
