<?xml version="1.0" encoding="UTF-8"?>
<testsuite name="de.uka.ilkd.key.proof.runallproofs.RunAllProofsFunctional" tests="34" skipped="0" failures="0" errors="0" timestamp="2023-06-05T06:45:05" hostname="fv-az1111-619" time="6269.404">
  <properties/>
  <testcase name="newBook" classname="de.uka.ilkd.key.proof.runallproofs.RunAllProofsFunctional" time="71.487"/>
  <testcase name="oldBook" classname="de.uka.ilkd.key.proof.runallproofs.RunAllProofsFunctional" time="21.938"/>
  <testcase name="comprehensions" classname="de.uka.ilkd.key.proof.runallproofs.RunAllProofsFunctional" time="78.283"/>
  <testcase name="performance" classname="de.uka.ilkd.key.proof.runallproofs.RunAllProofsFunctional" time="272.252"/>
  <testcase name="performancePOConstruction" classname="de.uka.ilkd.key.proof.runallproofs.RunAllProofsFunctional" time="94.761"/>
  <testcase name="applicationRestrictions" classname="de.uka.ilkd.key.proof.runallproofs.RunAllProofsFunctional" time="60.786"/>
  <testcase name="blockContracts" classname="de.uka.ilkd.key.proof.runallproofs.RunAllProofsFunctional" time="161.906"/>
  <testcase name="jmlAsserts" classname="de.uka.ilkd.key.proof.runallproofs.RunAllProofsFunctional" time="106.16"/>
  <testcase name="javaCard" classname="de.uka.ilkd.key.proof.runallproofs.RunAllProofsFunctional" time="153.032"/>
  <testcase name="list" classname="de.uka.ilkd.key.proof.runallproofs.RunAllProofsFunctional" time="309.111"/>
  <testcase name="list_ghost" classname="de.uka.ilkd.key.proof.runallproofs.RunAllProofsFunctional" time="78.707"/>
  <testcase name="list_recursive" classname="de.uka.ilkd.key.proof.runallproofs.RunAllProofsFunctional" time="28.063"/>
  <testcase name="list_seq" classname="de.uka.ilkd.key.proof.runallproofs.RunAllProofsFunctional" time="188.938"/>
  <testcase name="observer" classname="de.uka.ilkd.key.proof.runallproofs.RunAllProofsFunctional" time="114.647"/>
  <testcase name="removeDups" classname="de.uka.ilkd.key.proof.runallproofs.RunAllProofsFunctional" time="155.222"/>
  <testcase name="quicksort" classname="de.uka.ilkd.key.proof.runallproofs.RunAllProofsFunctional" time="130.468"/>
  <testcase name="simpleTests" classname="de.uka.ilkd.key.proof.runallproofs.RunAllProofsFunctional" time="182.036"/>
  <testcase name="SmansEtAl" classname="de.uka.ilkd.key.proof.runallproofs.RunAllProofsFunctional" time="230.245"/>
  <testcase name="VACID0" classname="de.uka.ilkd.key.proof.runallproofs.RunAllProofsFunctional" time="93.078"/>
  <testcase name="VSTTE10" classname="de.uka.ilkd.key.proof.runallproofs.RunAllProofsFunctional" time="209.33"/>
  <testcase name="WeideEtAl" classname="de.uka.ilkd.key.proof.runallproofs.RunAllProofsFunctional" time="34.48"/>
  <testcase name="arithmetic" classname="de.uka.ilkd.key.proof.runallproofs.RunAllProofsFunctional" time="608.504"/>
  <testcase name="arrays" classname="de.uka.ilkd.key.proof.runallproofs.RunAllProofsFunctional" time="71.289"/>
  <testcase name="javadl" classname="de.uka.ilkd.key.proof.runallproofs.RunAllProofsFunctional" time="710.905"/>
  <testcase name="FOL" classname="de.uka.ilkd.key.proof.runallproofs.RunAllProofsFunctional" time="341.287"/>
  <testcase name="strings" classname="de.uka.ilkd.key.proof.runallproofs.RunAllProofsFunctional" time="183.726"/>
  <testcase name="simple_info_flow" classname="de.uka.ilkd.key.proof.runallproofs.RunAllProofsFunctional" time="16.148"/>
  <testcase name="modelMethods" classname="de.uka.ilkd.key.proof.runallproofs.RunAllProofsFunctional" time="218.988"/>
  <testcase name="permissionHeap" classname="de.uka.ilkd.key.proof.runallproofs.RunAllProofsFunctional" time="982.138"/>
  <testcase name="completionScopes" classname="de.uka.ilkd.key.proof.runallproofs.RunAllProofsFunctional" time="61.017"/>
  <testcase name="reload_examples" classname="de.uka.ilkd.key.proof.runallproofs.RunAllProofsFunctional" time="51.243"/>
  <testcase name="proofLoadRepair" classname="de.uka.ilkd.key.proof.runallproofs.RunAllProofsFunctional" time="22.679"/>
  <testcase name="switch" classname="de.uka.ilkd.key.proof.runallproofs.RunAllProofsFunctional" time="77.147"/>
  <testcase name="redux" classname="de.uka.ilkd.key.proof.runallproofs.RunAllProofsFunctional" time="149.37"/>
  <system-out><![CDATA[709        INFO  Test worker     d.u.i.k.p.r.RunAllProofsTestUnit Running test newBook 
441        INFO  Timeout watchdog d.u.i.k.p.r.p.ForkedTestFileRunner Timeout watcher launched (2000 secs.) 
466        WARN  main            d.u.i.k.s.ProofSettings   No proof-settings could be loaded, using defaults java.io.FileNotFoundException: /home/runner/.key/proof-settings.props (No such file or directory)
	at java.base/java.io.FileInputStream.open0(Native Method)

522        INFO  main            d.u.i.k.p.r.p.TestFile    Now processing file /home/runner/work/key/key/key.core/../key.ui/examples/newBook/09.list_modelfield/ArrayList.add.key 
720        INFO  main            d.u.i.k.p.i.AbstractProblemLoader Loading environment from /home/runner/work/key/key/key.core/../key.ui/examples/newBook/09.list_modelfield/ArrayList.add.key 
741        DEBUG main            d.u.i.k.p.i.AbstractProblemLoader Environment load took 2.45ms 
1050       INFO  main            d.u.i.k.p.i.AbstractProblemLoader Creating init config 
2186       DEBUG main            d.u.i.k.j.TypeConverter   No LDT found for Meta 
2187       DEBUG main            d.u.i.k.j.TypeConverter   No LDT found for Meta 
2188       DEBUG main            d.u.i.k.j.TypeConverter   No LDT found for Meta 
2189       DEBUG main            d.u.i.k.j.TypeConverter   No LDT found for Meta 
3864       DEBUG main            d.u.i.k.j.TypeConverter   No LDT found for JavaBigintExpression 
10146      DEBUG main            d.u.i.k.p.i.AbstractProblemLoader Init config took 9.1s 
10358      INFO  main            d.u.i.k.p.i.AbstractProblemLoader Replaying proof ArrayList[List::add(int)].JML normal_behavior operation contract.0 
10438      DEBUG main            d.u.i.k.p.i.IntermediateProofReplayer Proof replay took 37.7ns 
30402      INFO  main            d.u.i.k.p.r.p.TestFile    ... finished proof: closed. 
30697      INFO  main            d.u.i.k.p.i.AbstractProblemLoader Loading environment from /home/runner/work/key/key/key.core/../key.ui/examples/newBook/09.list_modelfield/ArrayList.add.key.proof 
30698      DEBUG main            d.u.i.k.p.i.AbstractProblemLoader Environment load took 171.1ns 
30707      INFO  main            d.u.i.k.p.i.AbstractProblemLoader Creating init config 
34157      DEBUG main            d.u.i.k.p.i.AbstractProblemLoader Init config took 3.45s 
34242      INFO  main            d.u.i.k.p.i.AbstractProblemLoader Replaying proof ArrayList[List::add(int)].JML normal_behavior operation contract.0 
35555      DEBUG main            d.u.i.k.p.i.IntermediateProofReplayer Proof replay took 1.2s 
35570      DEBUG main            d.u.i.k.p.r.p.TestFile    ... success: reloaded. 
35574      INFO  main            d.u.i.k.p.r.p.TestFile    Now processing file /home/runner/work/key/key/key.core/../key.ui/examples/newBook/09.list_modelfield/ArrayList.remFirst.key 
35575      INFO  main            d.u.i.k.p.i.AbstractProblemLoader Loading environment from /home/runner/work/key/key/key.core/../key.ui/examples/newBook/09.list_modelfield/ArrayList.remFirst.key 
35576      DEBUG main            d.u.i.k.p.i.AbstractProblemLoader Environment load took 1.53ms 
35581      INFO  main            d.u.i.k.p.i.AbstractProblemLoader Creating init config 
38982      DEBUG main            d.u.i.k.p.i.AbstractProblemLoader Init config took 3.4s 
39064      INFO  main            d.u.i.k.p.i.AbstractProblemLoader Replaying proof ArrayList[List::remFirst()].JML normal_behavior operation contract.0 
39066      DEBUG main            d.u.i.k.p.i.IntermediateProofReplayer Proof replay took 16.3ns 
43858      INFO  main            d.u.i.k.p.r.p.TestFile    ... finished proof: closed. 
44116      INFO  main            d.u.i.k.p.i.AbstractProblemLoader Loading environment from /home/runner/work/key/key/key.core/../key.ui/examples/newBook/09.list_modelfield/ArrayList.remFirst.key.proof 
44117      DEBUG main            d.u.i.k.p.i.AbstractProblemLoader Environment load took 185.8ns 
44121      INFO  main            d.u.i.k.p.i.AbstractProblemLoader Creating init config 
47364      DEBUG main            d.u.i.k.p.i.AbstractProblemLoader Init config took 3.24s 
47426      INFO  main            d.u.i.k.p.i.AbstractProblemLoader Replaying proof ArrayList[List::remFirst()].JML normal_behavior operation contract.0 
47954      DEBUG main            d.u.i.k.p.i.IntermediateProofReplayer Proof replay took 506.01ms 
47961      DEBUG main            d.u.i.k.p.r.p.TestFile    ... success: reloaded. 
47962      INFO  main            d.u.i.k.p.r.p.TestFile    Now processing file /home/runner/work/key/key/key.core/../key.ui/examples/newBook/09.list_modelfield/ArrayList.empty.key 
47963      INFO  main            d.u.i.k.p.i.AbstractProblemLoader Loading environment from /home/runner/work/key/key/key.core/../key.ui/examples/newBook/09.list_modelfield/ArrayList.empty.key 
47964      DEBUG main            d.u.i.k.p.i.AbstractProblemLoader Environment load took 430.59ns 
47965      INFO  main            d.u.i.k.p.i.AbstractProblemLoader Creating init config 
51093      DEBUG main            d.u.i.k.p.i.AbstractProblemLoader Init config took 3.13s 
51150      INFO  main            d.u.i.k.p.i.AbstractProblemLoader Replaying proof ArrayList[List::empty()].JML normal_behavior operation contract.0 
51152      DEBUG main            d.u.i.k.p.i.IntermediateProofReplayer Proof replay took 5.7ns 
52362      INFO  main            d.u.i.k.p.r.p.TestFile    ... finished proof: closed. 
52568      INFO  main            d.u.i.k.p.i.AbstractProblemLoader Loading environment from /home/runner/work/key/key/key.core/../key.ui/examples/newBook/09.list_modelfield/ArrayList.empty.key.proof 
52569      DEBUG main            d.u.i.k.p.i.AbstractProblemLoader Environment load took 123.7ns 
52572      INFO  main            d.u.i.k.p.i.AbstractProblemLoader Creating init config 
55686      DEBUG main            d.u.i.k.p.i.AbstractProblemLoader Init config took 3.11s 
55740      INFO  main            d.u.i.k.p.i.AbstractProblemLoader Replaying proof ArrayList[List::empty()].JML normal_behavior operation contract.0 
55867      DEBUG main            d.u.i.k.p.i.IntermediateProofReplayer Proof replay took 118.13ms 
55868      DEBUG main            d.u.i.k.p.r.p.TestFile    ... success: reloaded. 
55870      INFO  main            d.u.i.k.p.r.p.TestFile    Now processing file /home/runner/work/key/key/key.core/../key.ui/examples/newBook/09.list_modelfield/ArrayList.size.key 
55871      INFO  main            d.u.i.k.p.i.AbstractProblemLoader Loading environment from /home/runner/work/key/key/key.core/../key.ui/examples/newBook/09.list_modelfield/ArrayList.size.key 
55871      DEBUG main            d.u.i.k.p.i.AbstractProblemLoader Environment load took 553.5ns 
55873      INFO  main            d.u.i.k.p.i.AbstractProblemLoader Creating init config 
59086      DEBUG main            d.u.i.k.p.i.AbstractProblemLoader Init config took 3.21s 
59139      INFO  main            d.u.i.k.p.i.AbstractProblemLoader Replaying proof ArrayList[List::size()].JML normal_behavior operation contract.0 
59147      DEBUG main            d.u.i.k.p.i.IntermediateProofReplayer Proof replay took 8.2ns 
59678      INFO  main            d.u.i.k.p.r.p.TestFile    ... finished proof: closed. 
59850      INFO  main            d.u.i.k.p.i.AbstractProblemLoader Loading environment from /home/runner/work/key/key/key.core/../key.ui/examples/newBook/09.list_modelfield/ArrayList.size.key.proof 
59851      DEBUG main            d.u.i.k.p.i.AbstractProblemLoader Environment load took 877.1ns 
59852      INFO  main            d.u.i.k.p.i.AbstractProblemLoader Creating init config 
63038      DEBUG main            d.u.i.k.p.i.AbstractProblemLoader Init config took 3.19s 
63104      INFO  main            d.u.i.k.p.i.AbstractProblemLoader Replaying proof ArrayList[List::size()].JML normal_behavior operation contract.0 
63157      DEBUG main            d.u.i.k.p.i.IntermediateProofReplayer Proof replay took 46.02ms 
63159      DEBUG main            d.u.i.k.p.r.p.TestFile    ... success: reloaded. 
63161      INFO  main            d.u.i.k.p.r.p.TestFile    Now processing file /home/runner/work/key/key/key.core/../key.ui/examples/newBook/09.list_modelfield/ArrayList.get.key 
63162      INFO  main            d.u.i.k.p.i.AbstractProblemLoader Loading environment from /home/runner/work/key/key/key.core/../key.ui/examples/newBook/09.list_modelfield/ArrayList.get.key 
63162      DEBUG main            d.u.i.k.p.i.AbstractProblemLoader Environment load took 739.8ns 
63164      INFO  main            d.u.i.k.p.i.AbstractProblemLoader Creating init config 
66362      DEBUG main            d.u.i.k.p.i.AbstractProblemLoader Init config took 3.2s 
66424      INFO  main            d.u.i.k.p.i.AbstractProblemLoader Replaying proof ArrayList[List::get(int)].JML normal_behavior operation contract.0 
66426      DEBUG main            d.u.i.k.p.i.IntermediateProofReplayer Proof replay took 6.2ns 
67531      INFO  main            d.u.i.k.p.r.p.TestFile    ... finished proof: closed. 
67728      INFO  main            d.u.i.k.p.i.AbstractProblemLoader Loading environment from /home/runner/work/key/key/key.core/../key.ui/examples/newBook/09.list_modelfield/ArrayList.get.key.proof 
67728      DEBUG main            d.u.i.k.p.i.AbstractProblemLoader Environment load took 130.6ns 
67730      INFO  main            d.u.i.k.p.i.AbstractProblemLoader Creating init config 
70779      DEBUG main            d.u.i.k.p.i.AbstractProblemLoader Init config took 3.05s 
70829      INFO  main            d.u.i.k.p.i.AbstractProblemLoader Replaying proof ArrayList[List::get(int)].JML normal_behavior operation contract.0 
70919      DEBUG main            d.u.i.k.p.i.IntermediateProofReplayer Proof replay took 85ms 
70920      DEBUG main            d.u.i.k.p.r.p.TestFile    ... success: reloaded. 
72187      INFO  Test worker     d.u.i.k.p.r.RunAllProofsTestUnit Returning from test newBook 
72192      INFO  Test worker     d.u.i.k.p.r.RunAllProofsTestUnit Running test oldBook 
443        INFO  Timeout watchdog d.u.i.k.p.r.p.ForkedTestFileRunner Timeout watcher launched (2000 secs.) 
464        WARN  main            d.u.i.k.s.ProofSettings   The settings in /home/runner/.key/proof-settings.props are *not* read. 
516        INFO  main            d.u.i.k.p.r.p.TestFile    Now processing file /home/runner/work/key/key/key.core/../key.ui/examples/standard_key/BookExamples/02FirstOrderLogic/Ex2.58.key 
668        INFO  main            d.u.i.k.p.i.AbstractProblemLoader Loading environment from /home/runner/work/key/key/key.core/../key.ui/examples/standard_key/BookExamples/02FirstOrderLogic/Ex2.58.key 
690        DEBUG main            d.u.i.k.p.i.AbstractProblemLoader Environment load took 3.07ms 
1016       INFO  main            d.u.i.k.p.i.AbstractProblemLoader Creating init config 
2064       DEBUG main            d.u.i.k.j.TypeConverter   No LDT found for Meta 
2065       DEBUG main            d.u.i.k.j.TypeConverter   No LDT found for Meta 
2067       DEBUG main            d.u.i.k.j.TypeConverter   No LDT found for Meta 
2068       DEBUG main            d.u.i.k.j.TypeConverter   No LDT found for Meta 
3915       DEBUG main            d.u.i.k.j.TypeConverter   No LDT found for JavaBigintExpression 
10583      DEBUG main            d.u.i.k.p.i.AbstractProblemLoader Init config took 9.57s 
10656      INFO  main            d.u.i.k.p.i.AbstractProblemLoader Replaying proof Ex2.58.key 
10703      DEBUG main            d.u.i.k.p.i.IntermediateProofReplayer Proof replay took 34.7ns 
10889      INFO  main            d.u.i.k.p.r.p.TestFile    ... finished proof: closed. 
11000      INFO  main            d.u.i.k.p.i.AbstractProblemLoader Loading environment from /home/runner/work/key/key/key.core/../key.ui/examples/standard_key/BookExamples/02FirstOrderLogic/Ex2.58.key.proof 
11001      DEBUG main            d.u.i.k.p.i.AbstractProblemLoader Environment load took 929.5ns 
11006      INFO  main            d.u.i.k.p.i.AbstractProblemLoader Creating init config 
14395      DEBUG main            d.u.i.k.p.i.AbstractProblemLoader Init config took 3.39s 
14437      INFO  main            d.u.i.k.p.i.AbstractProblemLoader Replaying proof Ex2.58.key.proof 
14453      DEBUG main            d.u.i.k.p.i.IntermediateProofReplayer Proof replay took 5.89ms 
14471      DEBUG main            d.u.i.k.p.r.p.TestFile    ... success: reloaded. 
14474      INFO  main            d.u.i.k.p.r.p.TestFile    Now processing file /home/runner/work/key/key/key.core/../key.ui/examples/standard_key/BookExamples/03DynamicLogic/Sect3.3.1.key 
14474      INFO  main            d.u.i.k.p.i.AbstractProblemLoader Loading environment from /home/runner/work/key/key/key.core/../key.ui/examples/standard_key/BookExamples/03DynamicLogic/Sect3.3.1.key 
14476      DEBUG main            d.u.i.k.p.i.AbstractProblemLoader Environment load took 1.57ms 
14483      INFO  main            d.u.i.k.p.i.AbstractProblemLoader Creating init config 
17705      DEBUG main            d.u.i.k.p.i.AbstractProblemLoader Init config took 3.22s 
17742      INFO  main            d.u.i.k.p.i.AbstractProblemLoader Replaying proof Sect3.3.1.key 
17746      DEBUG main            d.u.i.k.p.i.IntermediateProofReplayer Proof replay took 6.6ns 
18155      INFO  main            d.u.i.k.p.r.p.TestFile    ... finished proof: closed. 
18314      INFO  main            d.u.i.k.p.i.AbstractProblemLoader Loading environment from /home/runner/work/key/key/key.core/../key.ui/examples/standard_key/BookExamples/03DynamicLogic/Sect3.3.1.key.proof 
18314      DEBUG main            d.u.i.k.p.i.AbstractProblemLoader Environment load took 141ns 
18316      INFO  main            d.u.i.k.p.i.AbstractProblemLoader Creating init config 
21619      DEBUG main            d.u.i.k.p.i.AbstractProblemLoader Init config took 3.3s 
21651      INFO  main            d.u.i.k.p.i.AbstractProblemLoader Replaying proof Sect3.3.1.key.proof 
21726      DEBUG main            d.u.i.k.p.i.IntermediateProofReplayer Proof replay took 68.46ms 
21727      DEBUG main            d.u.i.k.p.r.p.TestFile    ... success: reloaded. 
94128      INFO  Test worker     d.u.i.k.p.r.RunAllProofsTestUnit Returning from test oldBook 
94130      INFO  Test worker     d.u.i.k.p.r.RunAllProofsTestUnit Running test comprehensions 
461        INFO  Timeout watchdog d.u.i.k.p.r.p.ForkedTestFileRunner Timeout watcher launched (2000 secs.) 
473        WARN  main            d.u.i.k.s.ProofSettings   The settings in /home/runner/.key/proof-settings.props are *not* read. 
525        INFO  main            d.u.i.k.p.r.p.TestFile    Now processing file /home/runner/work/key/key/key.core/../key.ui/examples/heap/comprehensions/general_sum.key 
661        INFO  main            d.u.i.k.p.i.AbstractProblemLoader Loading environment from /home/runner/work/key/key/key.core/../key.ui/examples/heap/comprehensions/general_sum.key 
682        DEBUG main            d.u.i.k.p.i.AbstractProblemLoader Environment load took 2.94ms 
959        INFO  main            d.u.i.k.p.i.AbstractProblemLoader Creating init config 
2076       DEBUG main            d.u.i.k.j.TypeConverter   No LDT found for Meta 
2077       DEBUG main            d.u.i.k.j.TypeConverter   No LDT found for Meta 
2079       DEBUG main            d.u.i.k.j.TypeConverter   No LDT found for Meta 
2079       DEBUG main            d.u.i.k.j.TypeConverter   No LDT found for Meta 
3599       DEBUG main            d.u.i.k.j.TypeConverter   No LDT found for JavaBigintExpression 
9607       DEBUG main            d.u.i.k.p.i.AbstractProblemLoader Init config took 8.65s 
9820       INFO  main            d.u.i.k.p.i.AbstractProblemLoader Replaying proof GSum[GSum::doNothing()].JML operation contract.0 
9873       DEBUG main            d.u.i.k.p.i.IntermediateProofReplayer Proof replay took 33.3ns 
10379      INFO  main            d.u.i.k.p.r.p.TestFile    ... finished proof: closed. 
10493      INFO  main            d.u.i.k.p.i.AbstractProblemLoader Loading environment from /home/runner/work/key/key/key.core/../key.ui/examples/heap/comprehensions/general_sum.key.proof 
10493      DEBUG main            d.u.i.k.p.i.AbstractProblemLoader Environment load took 163.7ns 
10495      INFO  main            d.u.i.k.p.i.AbstractProblemLoader Creating init config 
13954      DEBUG main            d.u.i.k.p.i.AbstractProblemLoader Init config took 3.46s 
14046      INFO  main            d.u.i.k.p.i.AbstractProblemLoader Replaying proof GSum[GSum::doNothing()].JML operation contract.0 
14091      DEBUG main            d.u.i.k.p.i.IntermediateProofReplayer Proof replay took 33.82ms 
14098      DEBUG main            d.u.i.k.p.r.p.TestFile    ... success: reloaded. 
14099      INFO  main            d.u.i.k.p.r.p.TestFile    Now processing file /home/runner/work/key/key/key.core/../key.ui/examples/heap/comprehensions/sum0.key 
14099      INFO  main            d.u.i.k.p.i.AbstractProblemLoader Loading environment from /home/runner/work/key/key/key.core/../key.ui/examples/heap/comprehensions/sum0.key 
14099      DEBUG main            d.u.i.k.p.i.AbstractProblemLoader Environment load took 117.9ns 
14101      INFO  main            d.u.i.k.p.i.AbstractProblemLoader Creating init config 
17349      DEBUG main            d.u.i.k.p.i.AbstractProblemLoader Init config took 3.25s 
17426      INFO  main            d.u.i.k.p.i.AbstractProblemLoader Replaying proof Sum[Sum::sum0([I)].JML normal_behavior operation contract.0 
17431      DEBUG main            d.u.i.k.p.i.IntermediateProofReplayer Proof replay took 6.5ns 
17638      DEBUG Thread-4        d.u.i.k.l.l.OriginTermLabel commonFileName is null! 
17639      DEBUG Thread-4        d.u.i.k.l.l.OriginTermLabel commonFileName is null! 
17959      DEBUG Thread-4        d.u.i.k.l.l.OriginTermLabel commonFileName is null! 
17960      DEBUG Thread-4        d.u.i.k.l.l.OriginTermLabel commonFileName is null! 
18205      DEBUG Thread-4        d.u.i.k.l.l.OriginTermLabel commonFileName is null! 
18542      INFO  main            d.u.i.k.p.r.p.TestFile    ... finished proof: closed. 
18747      INFO  main            d.u.i.k.p.i.AbstractProblemLoader Loading environment from /home/runner/work/key/key/key.core/../key.ui/examples/heap/comprehensions/sum0.key.proof 
18752      DEBUG main            d.u.i.k.p.i.AbstractProblemLoader Environment load took 4.42ms 
18755      INFO  main            d.u.i.k.p.i.AbstractProblemLoader Creating init config 
22029      DEBUG main            d.u.i.k.p.i.AbstractProblemLoader Init config took 3.27s 
22086      INFO  main            d.u.i.k.p.i.AbstractProblemLoader Replaying proof Sum[Sum::sum0([I)].JML normal_behavior operation contract.0 
22130      DEBUG main            d.u.i.k.l.l.OriginTermLabel commonFileName is null! 
22131      DEBUG main            d.u.i.k.l.l.OriginTermLabel commonFileName is null! 
22224      DEBUG main            d.u.i.k.l.l.OriginTermLabel commonFileName is null! 
22269      DEBUG main            d.u.i.k.l.l.OriginTermLabel commonFileName is null! 
22270      DEBUG main            d.u.i.k.l.l.OriginTermLabel commonFileName is null! 
22274      DEBUG main            d.u.i.k.p.i.IntermediateProofReplayer Proof replay took 181.08ms 
22275      DEBUG main            d.u.i.k.p.r.p.TestFile    ... success: reloaded. 
22277      INFO  main            d.u.i.k.p.r.p.TestFile    Now processing file /home/runner/work/key/key/key.core/../key.ui/examples/heap/comprehensions/sum1.key 
22278      INFO  main            d.u.i.k.p.i.AbstractProblemLoader Loading environment from /home/runner/work/key/key/key.core/../key.ui/examples/heap/comprehensions/sum1.key 
22278      DEBUG main            d.u.i.k.p.i.AbstractProblemLoader Environment load took 378.3ns 
22280      INFO  main            d.u.i.k.p.i.AbstractProblemLoader Creating init config 
25585      DEBUG main            d.u.i.k.p.i.AbstractProblemLoader Init config took 3.3s 
25654      INFO  main            d.u.i.k.p.i.AbstractProblemLoader Replaying proof Sum[Sum::sum1([I)].JML normal_behavior operation contract.0 
25657      DEBUG main            d.u.i.k.p.i.IntermediateProofReplayer Proof replay took 6.7ns 
25748      DEBUG Thread-7        d.u.i.k.l.l.OriginTermLabel commonFileName is null! 
25750      DEBUG Thread-7        d.u.i.k.l.l.OriginTermLabel commonFileName is null! 
25941      DEBUG Thread-7        d.u.i.k.l.l.OriginTermLabel commonFileName is null! 
25941      DEBUG Thread-7        d.u.i.k.l.l.OriginTermLabel commonFileName is null! 
26080      DEBUG Thread-7        d.u.i.k.l.l.OriginTermLabel commonFileName is null! 
26362      INFO  main            d.u.i.k.p.r.p.TestFile    ... finished proof: closed. 
26561      INFO  main            d.u.i.k.p.i.AbstractProblemLoader Loading environment from /home/runner/work/key/key/key.core/../key.ui/examples/heap/comprehensions/sum1.key.proof 
26562      DEBUG main            d.u.i.k.p.i.AbstractProblemLoader Environment load took 792.2ns 
26569      INFO  main            d.u.i.k.p.i.AbstractProblemLoader Creating init config 
29730      DEBUG main            d.u.i.k.p.i.AbstractProblemLoader Init config took 3.16s 
29785      INFO  main            d.u.i.k.p.i.AbstractProblemLoader Replaying proof Sum[Sum::sum1([I)].JML normal_behavior operation contract.0 
29818      DEBUG main            d.u.i.k.l.l.OriginTermLabel commonFileName is null! 
29819      DEBUG main            d.u.i.k.l.l.OriginTermLabel commonFileName is null! 
29864      DEBUG main            d.u.i.k.l.l.OriginTermLabel commonFileName is null! 
29894      DEBUG main            d.u.i.k.l.l.OriginTermLabel commonFileName is null! 
29895      DEBUG main            d.u.i.k.l.l.OriginTermLabel commonFileName is null! 
29898      DEBUG main            d.u.i.k.p.i.IntermediateProofReplayer Proof replay took 106.76ms 
29899      DEBUG main            d.u.i.k.p.r.p.TestFile    ... success: reloaded. 
29901      INFO  main            d.u.i.k.p.r.p.TestFile    Now processing file /home/runner/work/key/key/key.core/../key.ui/examples/heap/comprehensions/sum2.key 
29902      INFO  main            d.u.i.k.p.i.AbstractProblemLoader Loading environment from /home/runner/work/key/key/key.core/../key.ui/examples/heap/comprehensions/sum2.key 
29902      DEBUG main            d.u.i.k.p.i.AbstractProblemLoader Environment load took 395ns 
29904      INFO  main            d.u.i.k.p.i.AbstractProblemLoader Creating init config 
33115      DEBUG main            d.u.i.k.p.i.AbstractProblemLoader Init config took 3.21s 
33168      INFO  main            d.u.i.k.p.i.AbstractProblemLoader Replaying proof Sum[Sum::sum2([I)].JML normal_behavior operation contract.0 
33170      DEBUG main            d.u.i.k.p.i.IntermediateProofReplayer Proof replay took 5.7ns 
33238      DEBUG Thread-10       d.u.i.k.l.l.OriginTermLabel commonFileName is null! 
33238      DEBUG Thread-10       d.u.i.k.l.l.OriginTermLabel commonFileName is null! 
33361      DEBUG Thread-10       d.u.i.k.l.l.OriginTermLabel commonFileName is null! 
33361      DEBUG Thread-10       d.u.i.k.l.l.OriginTermLabel commonFileName is null! 
33467      DEBUG Thread-10       d.u.i.k.l.l.OriginTermLabel commonFileName is null! 
33674      INFO  main            d.u.i.k.p.r.p.TestFile    ... finished proof: closed. 
33851      INFO  main            d.u.i.k.p.i.AbstractProblemLoader Loading environment from /home/runner/work/key/key/key.core/../key.ui/examples/heap/comprehensions/sum2.key.proof 
33852      DEBUG main            d.u.i.k.p.i.AbstractProblemLoader Environment load took 832.8ns 
33855      INFO  main            d.u.i.k.p.i.AbstractProblemLoader Creating init config 
36903      DEBUG main            d.u.i.k.p.i.AbstractProblemLoader Init config took 3.05s 
36968      INFO  main            d.u.i.k.p.i.AbstractProblemLoader Replaying proof Sum[Sum::sum2([I)].JML normal_behavior operation contract.0 
37004      DEBUG main            d.u.i.k.l.l.OriginTermLabel commonFileName is null! 
37004      DEBUG main            d.u.i.k.l.l.OriginTermLabel commonFileName is null! 
37051      DEBUG main            d.u.i.k.l.l.OriginTermLabel commonFileName is null! 
37081      DEBUG main            d.u.i.k.l.l.OriginTermLabel commonFileName is null! 
37082      DEBUG main            d.u.i.k.l.l.OriginTermLabel commonFileName is null! 
37084      DEBUG main            d.u.i.k.p.i.IntermediateProofReplayer Proof replay took 109.09ms 
37086      DEBUG main            d.u.i.k.p.r.p.TestFile    ... success: reloaded. 
37087      INFO  main            d.u.i.k.p.r.p.TestFile    Now processing file /home/runner/work/key/key/key.core/../key.ui/examples/heap/comprehensions/sum3.key 
37088      INFO  main            d.u.i.k.p.i.AbstractProblemLoader Loading environment from /home/runner/work/key/key/key.core/../key.ui/examples/heap/comprehensions/sum3.key 
37088      DEBUG main            d.u.i.k.p.i.AbstractProblemLoader Environment load took 605.9ns 
37091      INFO  main            d.u.i.k.p.i.AbstractProblemLoader Creating init config 
40097      DEBUG main            d.u.i.k.p.i.AbstractProblemLoader Init config took 3.01s 
40147      INFO  main            d.u.i.k.p.i.AbstractProblemLoader Replaying proof Sum[Sum::sum3([I)].JML normal_behavior operation contract.0 
40151      DEBUG main            d.u.i.k.p.i.IntermediateProofReplayer Proof replay took 7.1ns 
40216      DEBUG Thread-13       d.u.i.k.l.l.OriginTermLabel commonFileName is null! 
40217      DEBUG Thread-13       d.u.i.k.l.l.OriginTermLabel commonFileName is null! 
40391      DEBUG Thread-13       d.u.i.k.l.l.OriginTermLabel commonFileName is null! 
40397      DEBUG Thread-13       d.u.i.k.l.l.OriginTermLabel commonFileName is null! 
40502      DEBUG Thread-13       d.u.i.k.l.l.OriginTermLabel commonFileName is null! 
40658      INFO  main            d.u.i.k.p.r.p.TestFile    ... finished proof: closed. 
40856      INFO  main            d.u.i.k.p.i.AbstractProblemLoader Loading environment from /home/runner/work/key/key/key.core/../key.ui/examples/heap/comprehensions/sum3.key.proof 
40859      DEBUG main            d.u.i.k.p.i.AbstractProblemLoader Environment load took 3.16ms 
40866      INFO  main            d.u.i.k.p.i.AbstractProblemLoader Creating init config 
43880      DEBUG main            d.u.i.k.p.i.AbstractProblemLoader Init config took 3.01s 
43945      INFO  main            d.u.i.k.p.i.AbstractProblemLoader Replaying proof Sum[Sum::sum3([I)].JML normal_behavior operation contract.0 
43978      DEBUG main            d.u.i.k.l.l.OriginTermLabel commonFileName is null! 
43978      DEBUG main            d.u.i.k.l.l.OriginTermLabel commonFileName is null! 
44018      DEBUG main            d.u.i.k.l.l.OriginTermLabel commonFileName is null! 
44045      DEBUG main            d.u.i.k.l.l.OriginTermLabel commonFileName is null! 
44046      DEBUG main            d.u.i.k.l.l.OriginTermLabel commonFileName is null! 
44050      DEBUG main            d.u.i.k.p.i.IntermediateProofReplayer Proof replay took 99.52ms 
44052      DEBUG main            d.u.i.k.p.r.p.TestFile    ... success: reloaded. 
44053      INFO  main            d.u.i.k.p.r.p.TestFile    Now processing file /home/runner/work/key/key/key.core/../key.ui/examples/heap/comprehensions/segsum.key 
44054      INFO  main            d.u.i.k.p.i.AbstractProblemLoader Loading environment from /home/runner/work/key/key/key.core/../key.ui/examples/heap/comprehensions/segsum.key 
44054      DEBUG main            d.u.i.k.p.i.AbstractProblemLoader Environment load took 86.6ns 
44058      INFO  main            d.u.i.k.p.i.AbstractProblemLoader Creating init config 
47056      DEBUG main            d.u.i.k.p.i.AbstractProblemLoader Init config took 3s 
47099      INFO  main            d.u.i.k.p.i.AbstractProblemLoader Replaying proof SegSum[SegSum::segSum([I,int,int)].JML normal_behavior operation contract.0 
47100      DEBUG main            d.u.i.k.p.i.IntermediateProofReplayer Proof replay took 6ns 
47604      INFO  main            d.u.i.k.p.r.p.TestFile    ... finished proof: closed. 
47832      INFO  main            d.u.i.k.p.i.AbstractProblemLoader Loading environment from /home/runner/work/key/key/key.core/../key.ui/examples/heap/comprehensions/segsum.key.proof 
47836      DEBUG main            d.u.i.k.p.i.AbstractProblemLoader Environment load took 4.05ms 
47841      INFO  main            d.u.i.k.p.i.AbstractProblemLoader Creating init config 
50773      DEBUG main            d.u.i.k.p.i.AbstractProblemLoader Init config took 2.93s 
50824      INFO  main            d.u.i.k.p.i.AbstractProblemLoader Replaying proof SegSum[SegSum::segSum([I,int,int)].JML normal_behavior operation contract.0 
50916      DEBUG main            d.u.i.k.p.i.IntermediateProofReplayer Proof replay took 86.83ms 
50919      DEBUG main            d.u.i.k.p.r.p.TestFile    ... success: reloaded. 
50921      INFO  main            d.u.i.k.p.r.p.TestFile    Now processing file /home/runner/work/key/key/key.core/../key.ui/examples/heap/comprehensions/bsum_negative.key 
50922      INFO  main            d.u.i.k.p.i.AbstractProblemLoader Loading environment from /home/runner/work/key/key/key.core/../key.ui/examples/heap/comprehensions/bsum_negative.key 
50922      DEBUG main            d.u.i.k.p.i.AbstractProblemLoader Environment load took 424ns 
50924      INFO  main            d.u.i.k.p.i.AbstractProblemLoader Creating init config 
53693      DEBUG main            d.u.i.k.p.i.AbstractProblemLoader Init config took 2.77s 
53712      INFO  main            d.u.i.k.p.i.AbstractProblemLoader Replaying proof bsum_negative.key 
53713      DEBUG main            d.u.i.k.p.i.IntermediateProofReplayer Proof replay took 6.7ns 
53817      INFO  main            d.u.i.k.p.r.p.TestFile    ... finished proof: closed. 
53998      INFO  main            d.u.i.k.p.i.AbstractProblemLoader Loading environment from /home/runner/work/key/key/key.core/../key.ui/examples/heap/comprehensions/bsum_negative.key.proof 
53998      DEBUG main            d.u.i.k.p.i.AbstractProblemLoader Environment load took 121.7ns 
53999      INFO  main            d.u.i.k.p.i.AbstractProblemLoader Creating init config 
56885      DEBUG main            d.u.i.k.p.i.AbstractProblemLoader Init config took 2.89s 
56905      INFO  main            d.u.i.k.p.i.AbstractProblemLoader Replaying proof bsum_negative.key.proof 
56908      DEBUG main            d.u.i.k.p.i.IntermediateProofReplayer Proof replay took 1.37ms 
56909      DEBUG main            d.u.i.k.p.r.p.TestFile    ... success: reloaded. 
56909      INFO  main            d.u.i.k.p.r.p.TestFile    Now processing file /home/runner/work/key/key/key.core/../key.ui/examples/heap/comprehensions/bsum_neg2.key 
56910      INFO  main            d.u.i.k.p.i.AbstractProblemLoader Loading environment from /home/runner/work/key/key/key.core/../key.ui/examples/heap/comprehensions/bsum_neg2.key 
56910      DEBUG main            d.u.i.k.p.i.AbstractProblemLoader Environment load took 81.4ns 
56911      INFO  main            d.u.i.k.p.i.AbstractProblemLoader Creating init config 
59740      DEBUG main            d.u.i.k.p.i.AbstractProblemLoader Init config took 2.83s 
59758      INFO  main            d.u.i.k.p.i.AbstractProblemLoader Replaying proof bsum_neg2.key 
59759      DEBUG main            d.u.i.k.p.i.IntermediateProofReplayer Proof replay took 6.6ns 
59861      INFO  main            d.u.i.k.p.r.p.TestFile    ... finished proof: closed. 
60068      INFO  main            d.u.i.k.p.i.AbstractProblemLoader Loading environment from /home/runner/work/key/key/key.core/../key.ui/examples/heap/comprehensions/bsum_neg2.key.proof 
60068      DEBUG main            d.u.i.k.p.i.AbstractProblemLoader Environment load took 127.1ns 
60069      INFO  main            d.u.i.k.p.i.AbstractProblemLoader Creating init config 
62913      DEBUG main            d.u.i.k.p.i.AbstractProblemLoader Init config took 2.84s 
62934      INFO  main            d.u.i.k.p.i.AbstractProblemLoader Replaying proof bsum_neg2.key.proof 
62937      DEBUG main            d.u.i.k.p.i.IntermediateProofReplayer Proof replay took 821.8ns 
62938      DEBUG main            d.u.i.k.p.r.p.TestFile    ... success: reloaded. 
62938      INFO  main            d.u.i.k.p.r.p.TestFile    Now processing file /home/runner/work/key/key/key.core/../key.ui/examples/heap/comprehensions/bsumSplit.key 
62939      INFO  main            d.u.i.k.p.i.AbstractProblemLoader Loading environment from /home/runner/work/key/key/key.core/../key.ui/examples/heap/comprehensions/bsumSplit.key 
62939      DEBUG main            d.u.i.k.p.i.AbstractProblemLoader Environment load took 140.6ns 
62940      INFO  main            d.u.i.k.p.i.AbstractProblemLoader Creating init config 
65845      DEBUG main            d.u.i.k.p.i.AbstractProblemLoader Init config took 2.9s 
65868      INFO  main            d.u.i.k.p.i.AbstractProblemLoader Replaying proof bsumSplit.key 
65870      DEBUG main            d.u.i.k.p.i.IntermediateProofReplayer Proof replay took 7.3ns 
65974      INFO  main            d.u.i.k.p.r.p.TestFile    ... finished proof: closed. 
66201      INFO  main            d.u.i.k.p.i.AbstractProblemLoader Loading environment from /home/runner/work/key/key/key.core/../key.ui/examples/heap/comprehensions/bsumSplit.key.proof 
66201      DEBUG main            d.u.i.k.p.i.AbstractProblemLoader Environment load took 117.4ns 
66203      INFO  main            d.u.i.k.p.i.AbstractProblemLoader Creating init config 
68946      DEBUG main            d.u.i.k.p.i.AbstractProblemLoader Init config took 2.74s 
68969      INFO  main            d.u.i.k.p.i.AbstractProblemLoader Replaying proof bsumSplit.key.proof 
68978      DEBUG main            d.u.i.k.p.i.IntermediateProofReplayer Proof replay took 5.69ms 
68979      DEBUG main            d.u.i.k.p.r.p.TestFile    ... success: reloaded. 
68981      INFO  main            d.u.i.k.p.r.p.TestFile    Now processing file /home/runner/work/key/key/key.core/../key.ui/examples/heap/comprehensions/bprodSplit.key 
68981      INFO  main            d.u.i.k.p.i.AbstractProblemLoader Loading environment from /home/runner/work/key/key/key.core/../key.ui/examples/heap/comprehensions/bprodSplit.key 
68982      DEBUG main            d.u.i.k.p.i.AbstractProblemLoader Environment load took 362.6ns 
68983      INFO  main            d.u.i.k.p.i.AbstractProblemLoader Creating init config 
71773      DEBUG main            d.u.i.k.p.i.AbstractProblemLoader Init config took 2.79s 
71791      INFO  main            d.u.i.k.p.i.AbstractProblemLoader Replaying proof bprodSplit.key 
71793      DEBUG main            d.u.i.k.p.i.IntermediateProofReplayer Proof replay took 6.1ns 
71897      INFO  main            d.u.i.k.p.r.p.TestFile    ... finished proof: closed. 
72107      INFO  main            d.u.i.k.p.i.AbstractProblemLoader Loading environment from /home/runner/work/key/key/key.core/../key.ui/examples/heap/comprehensions/bprodSplit.key.proof 
72107      DEBUG main            d.u.i.k.p.i.AbstractProblemLoader Environment load took 140.3ns 
72112      INFO  main            d.u.i.k.p.i.AbstractProblemLoader Creating init config 
74885      DEBUG main            d.u.i.k.p.i.AbstractProblemLoader Init config took 2.77s 
74904      INFO  main            d.u.i.k.p.i.AbstractProblemLoader Replaying proof bprodSplit.key.proof 
74909      DEBUG main            d.u.i.k.p.i.IntermediateProofReplayer Proof replay took 2.78ms 
74909      DEBUG main            d.u.i.k.p.r.p.TestFile    ... success: reloaded. 
74910      INFO  main            d.u.i.k.p.r.p.TestFile    Now processing file /home/runner/work/key/key/key.core/../key.ui/examples/heap/comprehensions/bsumSplitInvalid.key 
74910      INFO  main            d.u.i.k.p.i.AbstractProblemLoader Loading environment from /home/runner/work/key/key/key.core/../key.ui/examples/heap/comprehensions/bsumSplitInvalid.key 
74911      DEBUG main            d.u.i.k.p.i.AbstractProblemLoader Environment load took 154.7ns 
74912      INFO  main            d.u.i.k.p.i.AbstractProblemLoader Creating init config 
77703      DEBUG main            d.u.i.k.p.i.AbstractProblemLoader Init config took 2.79s 
77719      INFO  main            d.u.i.k.p.i.AbstractProblemLoader Replaying proof bsumSplitInvalid.key 
77720      DEBUG main            d.u.i.k.p.i.IntermediateProofReplayer Proof replay took 6.9ns 
77826      INFO  main            d.u.i.k.p.r.p.TestFile    ... finished proof: open goal(s) 
172413     INFO  Test worker     d.u.i.k.p.r.RunAllProofsTestUnit Returning from test comprehensions 
172422     INFO  Test worker     d.u.i.k.p.r.RunAllProofsTestUnit Running test performance 
460        INFO  Timeout watchdog d.u.i.k.p.r.p.ForkedTestFileRunner Timeout watcher launched (2000 secs.) 
487        WARN  main            d.u.i.k.s.ProofSettings   The settings in /home/runner/.key/proof-settings.props are *not* read. 
557        INFO  main            d.u.i.k.p.r.p.TestFile    Now processing file /home/runner/work/key/key/key.core/../key.ui/examples/performance-test/Disjoint(Disjoint__disjoint_08()).JML_operation_contract.0.key 
701        INFO  main            d.u.i.k.p.i.AbstractProblemLoader Loading environment from /home/runner/work/key/key/key.core/../key.ui/examples/performance-test/Disjoint(Disjoint__disjoint_08()).JML_operation_contract.0.key 
720        DEBUG main            d.u.i.k.p.i.AbstractProblemLoader Environment load took 2.37ms 
1005       INFO  main            d.u.i.k.p.i.AbstractProblemLoader Creating init config 
2191       DEBUG main            d.u.i.k.j.TypeConverter   No LDT found for Meta 
2192       DEBUG main            d.u.i.k.j.TypeConverter   No LDT found for Meta 
2196       DEBUG main            d.u.i.k.j.TypeConverter   No LDT found for Meta 
2196       DEBUG main            d.u.i.k.j.TypeConverter   No LDT found for Meta 
3981       DEBUG main            d.u.i.k.j.TypeConverter   No LDT found for JavaBigintExpression 
11073      DEBUG main            d.u.i.k.j.r.ClassPreparationMethodBuilder clPrepBuilder: Inner Class detected. Reject building class initialisation methods. 
21419      DEBUG main            d.u.i.k.p.i.AbstractProblemLoader Init config took 20.41s 
21721      INFO  main            d.u.i.k.p.i.AbstractProblemLoader Replaying proof Disjoint[Disjoint::disjoint_8()].JML operation contract.0 
21826      DEBUG main            d.u.i.k.p.i.IntermediateProofReplayer Proof replay took 451.4ns 
25191      INFO  main            d.u.i.k.p.r.p.TestFile    ... finished proof: closed. 
25453      INFO  main            d.u.i.k.p.i.AbstractProblemLoader Loading environment from /home/runner/work/key/key/key.core/../key.ui/examples/performance-test/Disjoint(Disjoint__disjoint_08()).JML_operation_contract.0.key.proof 
25457      DEBUG main            d.u.i.k.p.i.AbstractProblemLoader Environment load took 3.62ms 
25460      INFO  main            d.u.i.k.p.i.AbstractProblemLoader Creating init config 
29596      DEBUG main            d.u.i.k.j.r.ClassPreparationMethodBuilder clPrepBuilder: Inner Class detected. Reject building class initialisation methods. 
38617      DEBUG main            d.u.i.k.p.i.AbstractProblemLoader Init config took 13.16s 
38748      INFO  main            d.u.i.k.p.i.AbstractProblemLoader Replaying proof Disjoint[Disjoint::disjoint_8()].JML operation contract.0 
39171      DEBUG main            d.u.i.k.p.i.IntermediateProofReplayer Proof replay took 410.11ms 
39180      DEBUG main            d.u.i.k.p.r.p.TestFile    ... success: reloaded. 
39183      INFO  main            d.u.i.k.p.r.p.TestFile    Now processing file /home/runner/work/key/key/key.core/../key.ui/examples/performance-test/Disjoint(Disjoint__disjoint2_08()).JML_operation_contract.0.key 
39183      INFO  main            d.u.i.k.p.i.AbstractProblemLoader Loading environment from /home/runner/work/key/key/key.core/../key.ui/examples/performance-test/Disjoint(Disjoint__disjoint2_08()).JML_operation_contract.0.key 
39184      DEBUG main            d.u.i.k.p.i.AbstractProblemLoader Environment load took 373ns 
39185      INFO  main            d.u.i.k.p.i.AbstractProblemLoader Creating init config 
43232      DEBUG main            d.u.i.k.j.r.ClassPreparationMethodBuilder clPrepBuilder: Inner Class detected. Reject building class initialisation methods. 
51953      DEBUG main            d.u.i.k.p.i.AbstractProblemLoader Init config took 12.77s 
52091      INFO  main            d.u.i.k.p.i.AbstractProblemLoader Replaying proof Disjoint[Disjoint::disjoint2_8()].JML operation contract.0 
52095      DEBUG main            d.u.i.k.p.i.IntermediateProofReplayer Proof replay took 50.3ns 
53401      INFO  main            d.u.i.k.p.r.p.TestFile    ... finished proof: closed. 
53706      INFO  main            d.u.i.k.p.i.AbstractProblemLoader Loading environment from /home/runner/work/key/key/key.core/../key.ui/examples/performance-test/Disjoint(Disjoint__disjoint2_08()).JML_operation_contract.0.key.proof 
53707      DEBUG main            d.u.i.k.p.i.AbstractProblemLoader Environment load took 755.3ns 
53710      INFO  main            d.u.i.k.p.i.AbstractProblemLoader Creating init config 
57354      DEBUG main            d.u.i.k.j.r.ClassPreparationMethodBuilder clPrepBuilder: Inner Class detected. Reject building class initialisation methods. 
65745      DEBUG main            d.u.i.k.p.i.AbstractProblemLoader Init config took 12.03s 
65874      INFO  main            d.u.i.k.p.i.AbstractProblemLoader Replaying proof Disjoint[Disjoint::disjoint2_8()].JML operation contract.0 
65981      DEBUG main            d.u.i.k.p.i.IntermediateProofReplayer Proof replay took 97.9ms 
65983      DEBUG main            d.u.i.k.p.r.p.TestFile    ... success: reloaded. 
65985      INFO  main            d.u.i.k.p.r.p.TestFile    Now processing file /home/runner/work/key/key/key.core/../key.ui/examples/performance-test/AccessChain1(AccessChain1__foo_08()).JML_operation_contract.0.key 
65985      INFO  main            d.u.i.k.p.i.AbstractProblemLoader Loading environment from /home/runner/work/key/key/key.core/../key.ui/examples/performance-test/AccessChain1(AccessChain1__foo_08()).JML_operation_contract.0.key 
65985      DEBUG main            d.u.i.k.p.i.AbstractProblemLoader Environment load took 82.1ns 
65986      INFO  main            d.u.i.k.p.i.AbstractProblemLoader Creating init config 
69751      DEBUG main            d.u.i.k.j.r.ClassPreparationMethodBuilder clPrepBuilder: Inner Class detected. Reject building class initialisation methods. 
78445      DEBUG main            d.u.i.k.p.i.AbstractProblemLoader Init config took 12.46s 
78562      INFO  main            d.u.i.k.p.i.AbstractProblemLoader Replaying proof AccessChain1[AccessChain1::foo_8()].JML operation contract.0 
78567      DEBUG main            d.u.i.k.p.i.IntermediateProofReplayer Proof replay took 11ns 
81783      INFO  main            d.u.i.k.p.r.p.TestFile    ... finished proof: closed. 
82170      INFO  main            d.u.i.k.p.i.AbstractProblemLoader Loading environment from /home/runner/work/key/key/key.core/../key.ui/examples/performance-test/AccessChain1(AccessChain1__foo_08()).JML_operation_contract.0.key.proof 
82177      DEBUG main            d.u.i.k.p.i.AbstractProblemLoader Environment load took 7.09ms 
82179      INFO  main            d.u.i.k.p.i.AbstractProblemLoader Creating init config 
85799      DEBUG main            d.u.i.k.j.r.ClassPreparationMethodBuilder clPrepBuilder: Inner Class detected. Reject building class initialisation methods. 
94172      DEBUG main            d.u.i.k.p.i.AbstractProblemLoader Init config took 11.99s 
94290      INFO  main            d.u.i.k.p.i.AbstractProblemLoader Replaying proof AccessChain1[AccessChain1::foo_8()].JML operation contract.0 
94843      DEBUG main            d.u.i.k.p.i.IntermediateProofReplayer Proof replay took 535.65ms 
94846      DEBUG main            d.u.i.k.p.r.p.TestFile    ... success: reloaded. 
94849      INFO  main            d.u.i.k.p.r.p.TestFile    Now processing file /home/runner/work/key/key/key.core/../key.ui/examples/performance-test/AccessChain4(AccessChain4__foo_08()).JML_operation_contract.0.key 
94849      INFO  main            d.u.i.k.p.i.AbstractProblemLoader Loading environment from /home/runner/work/key/key/key.core/../key.ui/examples/performance-test/AccessChain4(AccessChain4__foo_08()).JML_operation_contract.0.key 
94850      DEBUG main            d.u.i.k.p.i.AbstractProblemLoader Environment load took 388.3ns 
94851      INFO  main            d.u.i.k.p.i.AbstractProblemLoader Creating init config 
98574      DEBUG main            d.u.i.k.j.r.ClassPreparationMethodBuilder clPrepBuilder: Inner Class detected. Reject building class initialisation methods. 
107162     DEBUG main            d.u.i.k.p.i.AbstractProblemLoader Init config took 12.31s 
107281     INFO  main            d.u.i.k.p.i.AbstractProblemLoader Replaying proof AccessChain4[AccessChain4::foo_8()].JML operation contract.0 
107283     DEBUG main            d.u.i.k.p.i.IntermediateProofReplayer Proof replay took 20ns 
114611     INFO  main            d.u.i.k.p.r.p.TestFile    ... finished proof: closed. 
115040     INFO  main            d.u.i.k.p.i.AbstractProblemLoader Loading environment from /home/runner/work/key/key/key.core/../key.ui/examples/performance-test/AccessChain4(AccessChain4__foo_08()).JML_operation_contract.0.key.proof 
115042     DEBUG main            d.u.i.k.p.i.AbstractProblemLoader Environment load took 1.73ms 
115051     INFO  main            d.u.i.k.p.i.AbstractProblemLoader Creating init config 
118720     DEBUG main            d.u.i.k.j.r.ClassPreparationMethodBuilder clPrepBuilder: Inner Class detected. Reject building class initialisation methods. 
127223     DEBUG main            d.u.i.k.p.i.AbstractProblemLoader Init config took 12.17s 
127333     INFO  main            d.u.i.k.p.i.AbstractProblemLoader Replaying proof AccessChain4[AccessChain4::foo_8()].JML operation contract.0 
128266     DEBUG main            d.u.i.k.p.i.IntermediateProofReplayer Proof replay took 870.64ms 
128269     DEBUG main            d.u.i.k.p.r.p.TestFile    ... success: reloaded. 
128271     INFO  main            d.u.i.k.p.r.p.TestFile    Now processing file /home/runner/work/key/key/key.core/../key.ui/examples/performance-test/Disjoint(Disjoint__xZero_08()).JML_operation_contract.0.key 
128271     INFO  main            d.u.i.k.p.i.AbstractProblemLoader Loading environment from /home/runner/work/key/key/key.core/../key.ui/examples/performance-test/Disjoint(Disjoint__xZero_08()).JML_operation_contract.0.key 
128272     DEBUG main            d.u.i.k.p.i.AbstractProblemLoader Environment load took 143.6ns 
128273     INFO  main            d.u.i.k.p.i.AbstractProblemLoader Creating init config 
132082     DEBUG main            d.u.i.k.j.r.ClassPreparationMethodBuilder clPrepBuilder: Inner Class detected. Reject building class initialisation methods. 
140563     DEBUG main            d.u.i.k.p.i.AbstractProblemLoader Init config took 12.29s 
140672     INFO  main            d.u.i.k.p.i.AbstractProblemLoader Replaying proof Disjoint[Disjoint::xZero_8()].JML operation contract.0 
140675     DEBUG main            d.u.i.k.p.i.IntermediateProofReplayer Proof replay took 11.2ns 
141882     INFO  main            d.u.i.k.p.r.p.TestFile    ... finished proof: closed. 
142289     INFO  main            d.u.i.k.p.i.AbstractProblemLoader Loading environment from /home/runner/work/key/key/key.core/../key.ui/examples/performance-test/Disjoint(Disjoint__xZero_08()).JML_operation_contract.0.key.proof 
142290     DEBUG main            d.u.i.k.p.i.AbstractProblemLoader Environment load took 803ns 
142291     INFO  main            d.u.i.k.p.i.AbstractProblemLoader Creating init config 
145934     DEBUG main            d.u.i.k.j.r.ClassPreparationMethodBuilder clPrepBuilder: Inner Class detected. Reject building class initialisation methods. 
154490     DEBUG main            d.u.i.k.p.i.AbstractProblemLoader Init config took 12.2s 
154599     INFO  main            d.u.i.k.p.i.AbstractProblemLoader Replaying proof Disjoint[Disjoint::xZero_8()].JML operation contract.0 
154820     DEBUG main            d.u.i.k.p.i.IntermediateProofReplayer Proof replay took 212.54ms 
154822     DEBUG main            d.u.i.k.p.r.p.TestFile    ... success: reloaded. 
154824     INFO  main            d.u.i.k.p.r.p.TestFile    Now processing file /home/runner/work/key/key/key.core/../key.ui/examples/performance-test/Dynamic(Dynamic__foo_08()).JML_operation_contract.0.key 
154825     INFO  main            d.u.i.k.p.i.AbstractProblemLoader Loading environment from /home/runner/work/key/key/key.core/../key.ui/examples/performance-test/Dynamic(Dynamic__foo_08()).JML_operation_contract.0.key 
154825     DEBUG main            d.u.i.k.p.i.AbstractProblemLoader Environment load took 404.6ns 
154827     INFO  main            d.u.i.k.p.i.AbstractProblemLoader Creating init config 
158501     DEBUG main            d.u.i.k.j.r.ClassPreparationMethodBuilder clPrepBuilder: Inner Class detected. Reject building class initialisation methods. 
167011     DEBUG main            d.u.i.k.p.i.AbstractProblemLoader Init config took 12.18s 
167116     INFO  main            d.u.i.k.p.i.AbstractProblemLoader Replaying proof Dynamic[Dynamic::foo_8()].JML operation contract.0 
167119     DEBUG main            d.u.i.k.p.i.IntermediateProofReplayer Proof replay took 11.8ns 
172951     INFO  main            d.u.i.k.p.r.p.TestFile    ... finished proof: closed. 
173400     INFO  main            d.u.i.k.p.i.AbstractProblemLoader Loading environment from /home/runner/work/key/key/key.core/../key.ui/examples/performance-test/Dynamic(Dynamic__foo_08()).JML_operation_contract.0.key.proof 
173401     DEBUG main            d.u.i.k.p.i.AbstractProblemLoader Environment load took 663ns 
173403     INFO  main            d.u.i.k.p.i.AbstractProblemLoader Creating init config 
176904     DEBUG main            d.u.i.k.j.r.ClassPreparationMethodBuilder clPrepBuilder: Inner Class detected. Reject building class initialisation methods. 
185268     DEBUG main            d.u.i.k.p.i.AbstractProblemLoader Init config took 11.86s 
185414     INFO  main            d.u.i.k.p.i.AbstractProblemLoader Replaying proof Dynamic[Dynamic::foo_8()].JML operation contract.0 
185986     DEBUG main            d.u.i.k.p.i.IntermediateProofReplayer Proof replay took 540.61ms 
185989     DEBUG main            d.u.i.k.p.r.p.TestFile    ... success: reloaded. 
185991     INFO  main            d.u.i.k.p.r.p.TestFile    Now processing file /home/runner/work/key/key/key.core/../key.ui/examples/performance-test/DynamicGhost(DynamicGhost__dynamicGhost_08()).JML_normal_behavior_operation_contract.0.key 
185991     INFO  main            d.u.i.k.p.i.AbstractProblemLoader Loading environment from /home/runner/work/key/key/key.core/../key.ui/examples/performance-test/DynamicGhost(DynamicGhost__dynamicGhost_08()).JML_normal_behavior_operation_contract.0.key 
185992     DEBUG main            d.u.i.k.p.i.AbstractProblemLoader Environment load took 324.3ns 
185993     INFO  main            d.u.i.k.p.i.AbstractProblemLoader Creating init config 
189710     DEBUG main            d.u.i.k.j.r.ClassPreparationMethodBuilder clPrepBuilder: Inner Class detected. Reject building class initialisation methods. 
198218     DEBUG main            d.u.i.k.p.i.AbstractProblemLoader Init config took 12.22s 
198328     INFO  main            d.u.i.k.p.i.AbstractProblemLoader Replaying proof DynamicGhost[DynamicGhost::dynamicGhost_8()].JML normal_behavior operation contract.0 
198331     DEBUG main            d.u.i.k.p.i.IntermediateProofReplayer Proof replay took 10.5ns 
202918     INFO  main            d.u.i.k.p.r.p.TestFile    ... finished proof: closed. 
203410     INFO  main            d.u.i.k.p.i.AbstractProblemLoader Loading environment from /home/runner/work/key/key/key.core/../key.ui/examples/performance-test/DynamicGhost(DynamicGhost__dynamicGhost_08()).JML_normal_behavior_operation_contract.0.key.proof 
203410     DEBUG main            d.u.i.k.p.i.AbstractProblemLoader Environment load took 651ns 
203414     INFO  main            d.u.i.k.p.i.AbstractProblemLoader Creating init config 
206915     DEBUG main            d.u.i.k.j.r.ClassPreparationMethodBuilder clPrepBuilder: Inner Class detected. Reject building class initialisation methods. 
215226     DEBUG main            d.u.i.k.p.i.AbstractProblemLoader Init config took 11.81s 
215336     INFO  main            d.u.i.k.p.i.AbstractProblemLoader Replaying proof DynamicGhost[DynamicGhost::dynamicGhost_8()].JML normal_behavior operation contract.0 
215916     DEBUG main            d.u.i.k.p.i.IntermediateProofReplayer Proof replay took 554.13ms 
215919     DEBUG main            d.u.i.k.p.r.p.TestFile    ... success: reloaded. 
215920     INFO  main            d.u.i.k.p.r.p.TestFile    Now processing file /home/runner/work/key/key/key.core/../key.ui/examples/performance-test/GhostFrame(GhostFrame__foo_08()).JML_operation_contract.0.key 
215921     INFO  main            d.u.i.k.p.i.AbstractProblemLoader Loading environment from /home/runner/work/key/key/key.core/../key.ui/examples/performance-test/GhostFrame(GhostFrame__foo_08()).JML_operation_contract.0.key 
215921     DEBUG main            d.u.i.k.p.i.AbstractProblemLoader Environment load took 532ns 
215923     INFO  main            d.u.i.k.p.i.AbstractProblemLoader Creating init config 
219640     DEBUG main            d.u.i.k.j.r.ClassPreparationMethodBuilder clPrepBuilder: Inner Class detected. Reject building class initialisation methods. 
228244     DEBUG main            d.u.i.k.p.i.AbstractProblemLoader Init config took 12.32s 
228353     INFO  main            d.u.i.k.p.i.AbstractProblemLoader Replaying proof GhostFrame[GhostFrame::foo_8()].JML operation contract.0 
228359     DEBUG main            d.u.i.k.p.i.IntermediateProofReplayer Proof replay took 14.1ns 
230380     INFO  main            d.u.i.k.p.r.p.TestFile    ... finished proof: closed. 
230878     INFO  main            d.u.i.k.p.i.AbstractProblemLoader Loading environment from /home/runner/work/key/key/key.core/../key.ui/examples/performance-test/GhostFrame(GhostFrame__foo_08()).JML_operation_contract.0.key.proof 
230879     DEBUG main            d.u.i.k.p.i.AbstractProblemLoader Environment load took 711.1ns 
230881     INFO  main            d.u.i.k.p.i.AbstractProblemLoader Creating init config 
234411     DEBUG main            d.u.i.k.j.r.ClassPreparationMethodBuilder clPrepBuilder: Inner Class detected. Reject building class initialisation methods. 
242797     DEBUG main            d.u.i.k.p.i.AbstractProblemLoader Init config took 11.92s 
242930     INFO  main            d.u.i.k.p.i.AbstractProblemLoader Replaying proof GhostFrame[GhostFrame::foo_8()].JML operation contract.0 
243260     DEBUG main            d.u.i.k.p.i.IntermediateProofReplayer Proof replay took 320.85ms 
243262     DEBUG main            d.u.i.k.p.r.p.TestFile    ... success: reloaded. 
243264     INFO  main            d.u.i.k.p.r.p.TestFile    Now processing file /home/runner/work/key/key/key.core/../key.ui/examples/performance-test/Modelfield(Modelfield__foo_08()).JML_operation_contract.0.key 
243265     INFO  main            d.u.i.k.p.i.AbstractProblemLoader Loading environment from /home/runner/work/key/key/key.core/../key.ui/examples/performance-test/Modelfield(Modelfield__foo_08()).JML_operation_contract.0.key 
243265     DEBUG main            d.u.i.k.p.i.AbstractProblemLoader Environment load took 143.2ns 
243266     INFO  main            d.u.i.k.p.i.AbstractProblemLoader Creating init config 
246946     DEBUG main            d.u.i.k.j.r.ClassPreparationMethodBuilder clPrepBuilder: Inner Class detected. Reject building class initialisation methods. 
255564     DEBUG main            d.u.i.k.p.i.AbstractProblemLoader Init config took 12.3s 
255671     INFO  main            d.u.i.k.p.i.AbstractProblemLoader Replaying proof Modelfield[Modelfield::foo_8()].JML operation contract.0 
255673     DEBUG main            d.u.i.k.p.i.IntermediateProofReplayer Proof replay took 5.6ns 
259123     INFO  main            d.u.i.k.p.r.p.TestFile    ... finished proof: closed. 
259652     INFO  main            d.u.i.k.p.i.AbstractProblemLoader Loading environment from /home/runner/work/key/key/key.core/../key.ui/examples/performance-test/Modelfield(Modelfield__foo_08()).JML_operation_contract.0.key.proof 
259653     DEBUG main            d.u.i.k.p.i.AbstractProblemLoader Environment load took 623.4ns 
259655     INFO  main            d.u.i.k.p.i.AbstractProblemLoader Creating init config 
263203     DEBUG main            d.u.i.k.j.r.ClassPreparationMethodBuilder clPrepBuilder: Inner Class detected. Reject building class initialisation methods. 
271485     DEBUG main            d.u.i.k.p.i.AbstractProblemLoader Init config took 11.83s 
271597     INFO  main            d.u.i.k.p.i.AbstractProblemLoader Replaying proof Modelfield[Modelfield::foo_8()].JML operation contract.0 
272024     DEBUG main            d.u.i.k.p.i.IntermediateProofReplayer Proof replay took 402.65ms 
272029     DEBUG main            d.u.i.k.p.r.p.TestFile    ... success: reloaded. 
444672     INFO  Test worker     d.u.i.k.p.r.RunAllProofsTestUnit Returning from test performance 
444675     INFO  Test worker     d.u.i.k.p.r.RunAllProofsTestUnit Running test performancePOConstruction 
427        INFO  Timeout watchdog d.u.i.k.p.r.p.ForkedTestFileRunner Timeout watcher launched (2000 secs.) 
444        WARN  main            d.u.i.k.s.ProofSettings   The settings in /home/runner/.key/proof-settings.props are *not* read. 
476        INFO  main            d.u.i.k.p.r.p.TestFile    Now processing file /home/runner/work/key/key/key.core/../key.ui/examples/performance-test/Test(Test__a0(int)).JML_normal_behavior_operation_contract.0.key 
649        INFO  main            d.u.i.k.p.i.AbstractProblemLoader Loading environment from /home/runner/work/key/key/key.core/../key.ui/examples/performance-test/Test(Test__a0(int)).JML_normal_behavior_operation_contract.0.key 
674        DEBUG main            d.u.i.k.p.i.AbstractProblemLoader Environment load took 3.67ms 
1008       INFO  main            d.u.i.k.p.i.AbstractProblemLoader Creating init config 
2246       DEBUG main            d.u.i.k.j.TypeConverter   No LDT found for Meta 
2247       DEBUG main            d.u.i.k.j.TypeConverter   No LDT found for Meta 
2248       DEBUG main            d.u.i.k.j.TypeConverter   No LDT found for Meta 
2248       DEBUG main            d.u.i.k.j.TypeConverter   No LDT found for Meta 
4238       DEBUG main            d.u.i.k.j.TypeConverter   No LDT found for JavaBigintExpression 
11362      DEBUG main            d.u.i.k.j.r.ClassPreparationMethodBuilder clPrepBuilder: Inner Class detected. Reject building class initialisation methods. 
21649      DEBUG main            d.u.i.k.p.i.AbstractProblemLoader Init config took 20.64s 
22970      INFO  main            d.u.i.k.p.i.AbstractProblemLoader Replaying proof Test[Test::a0(int)].JML normal_behavior operation contract.0 
23055      DEBUG main            d.u.i.k.p.i.IntermediateProofReplayer Proof replay took 35.8ns 
23507      INFO  main            d.u.i.k.p.r.p.TestFile    ... finished proof: closed. 
23685      INFO  main            d.u.i.k.p.i.AbstractProblemLoader Loading environment from /home/runner/work/key/key/key.core/../key.ui/examples/performance-test/Test(Test__a0(int)).JML_normal_behavior_operation_contract.0.key.proof 
23690      DEBUG main            d.u.i.k.p.i.AbstractProblemLoader Environment load took 4.97ms 
23693      INFO  main            d.u.i.k.p.i.AbstractProblemLoader Creating init config 
27853      DEBUG main            d.u.i.k.j.r.ClassPreparationMethodBuilder clPrepBuilder: Inner Class detected. Reject building class initialisation methods. 
37130      DEBUG main            d.u.i.k.p.i.AbstractProblemLoader Init config took 13.44s 
38306      INFO  main            d.u.i.k.p.i.AbstractProblemLoader Replaying proof Test[Test::a0(int)].JML normal_behavior operation contract.0 
38336      DEBUG main            d.u.i.k.p.i.IntermediateProofReplayer Proof replay took 24.31ms 
38343      DEBUG main            d.u.i.k.p.r.p.TestFile    ... success: reloaded. 
38347      INFO  main            d.u.i.k.p.r.p.TestFile    Now processing file /home/runner/work/key/key/key.core/../key.ui/examples/performance-test/Test(Test__a1(int)).JML_normal_behavior_operation_contract.0.key 
38348      INFO  main            d.u.i.k.p.i.AbstractProblemLoader Loading environment from /home/runner/work/key/key/key.core/../key.ui/examples/performance-test/Test(Test__a1(int)).JML_normal_behavior_operation_contract.0.key 
38348      DEBUG main            d.u.i.k.p.i.AbstractProblemLoader Environment load took 290.6ns 
38350      INFO  main            d.u.i.k.p.i.AbstractProblemLoader Creating init config 
42279      DEBUG main            d.u.i.k.j.r.ClassPreparationMethodBuilder clPrepBuilder: Inner Class detected. Reject building class initialisation methods. 
51265      DEBUG main            d.u.i.k.p.i.AbstractProblemLoader Init config took 12.91s 
52377      INFO  main            d.u.i.k.p.i.AbstractProblemLoader Replaying proof Test[Test::a1(int)].JML normal_behavior operation contract.0 
52379      DEBUG main            d.u.i.k.p.i.IntermediateProofReplayer Proof replay took 7ns 
52683      INFO  main            d.u.i.k.p.r.p.TestFile    ... finished proof: closed. 
53088      INFO  main            d.u.i.k.p.i.AbstractProblemLoader Loading environment from /home/runner/work/key/key/key.core/../key.ui/examples/performance-test/Test(Test__a1(int)).JML_normal_behavior_operation_contract.0.key.proof 
53094      DEBUG main            d.u.i.k.p.i.AbstractProblemLoader Environment load took 6.28ms 
53100      INFO  main            d.u.i.k.p.i.AbstractProblemLoader Creating init config 
56799      DEBUG main            d.u.i.k.j.r.ClassPreparationMethodBuilder clPrepBuilder: Inner Class detected. Reject building class initialisation methods. 
65356      DEBUG main            d.u.i.k.p.i.AbstractProblemLoader Init config took 12.26s 
66447      INFO  main            d.u.i.k.p.i.AbstractProblemLoader Replaying proof Test[Test::a1(int)].JML normal_behavior operation contract.0 
66516      DEBUG main            d.u.i.k.p.i.IntermediateProofReplayer Proof replay took 66.04ms 
66518      DEBUG main            d.u.i.k.p.r.p.TestFile    ... success: reloaded. 
66522      INFO  main            d.u.i.k.p.r.p.TestFile    Now processing file /home/runner/work/key/key/key.core/../key.ui/examples/performance-test/Test(Test__f1(int)).JML_normal_behavior_operation_contract.0.key 
66523      INFO  main            d.u.i.k.p.i.AbstractProblemLoader Loading environment from /home/runner/work/key/key/key.core/../key.ui/examples/performance-test/Test(Test__f1(int)).JML_normal_behavior_operation_contract.0.key 
66523      DEBUG main            d.u.i.k.p.i.AbstractProblemLoader Environment load took 518.7ns 
66527      INFO  main            d.u.i.k.p.i.AbstractProblemLoader Creating init config 
70456      DEBUG main            d.u.i.k.j.r.ClassPreparationMethodBuilder clPrepBuilder: Inner Class detected. Reject building class initialisation methods. 
79375      DEBUG main            d.u.i.k.p.i.AbstractProblemLoader Init config took 12.85s 
80475      INFO  main            d.u.i.k.p.i.AbstractProblemLoader Replaying proof Test[Test::f1(int)].JML normal_behavior operation contract.0 
80480      DEBUG main            d.u.i.k.p.i.IntermediateProofReplayer Proof replay took 6.4ns 
80883      INFO  main            d.u.i.k.p.r.p.TestFile    ... finished proof: closed. 
81208      INFO  main            d.u.i.k.p.i.AbstractProblemLoader Loading environment from /home/runner/work/key/key/key.core/../key.ui/examples/performance-test/Test(Test__f1(int)).JML_normal_behavior_operation_contract.0.key.proof 
81208      DEBUG main            d.u.i.k.p.i.AbstractProblemLoader Environment load took 133.5ns 
81209      INFO  main            d.u.i.k.p.i.AbstractProblemLoader Creating init config 
84879      DEBUG main            d.u.i.k.j.r.ClassPreparationMethodBuilder clPrepBuilder: Inner Class detected. Reject building class initialisation methods. 
93468      DEBUG main            d.u.i.k.p.i.AbstractProblemLoader Init config took 12.26s 
94499      INFO  main            d.u.i.k.p.i.AbstractProblemLoader Replaying proof Test[Test::f1(int)].JML normal_behavior operation contract.0 
94559      DEBUG main            d.u.i.k.p.i.IntermediateProofReplayer Proof replay took 56.17ms 
94560      DEBUG main            d.u.i.k.p.r.p.TestFile    ... success: reloaded. 
539434     INFO  Test worker     d.u.i.k.p.r.RunAllProofsTestUnit Returning from test performancePOConstruction 
539436     INFO  Test worker     d.u.i.k.p.r.RunAllProofsTestUnit Running test applicationRestrictions 
478        INFO  Timeout watchdog d.u.i.k.p.r.p.ForkedTestFileRunner Timeout watcher launched (2000 secs.) 
496        WARN  main            d.u.i.k.s.ProofSettings   The settings in /home/runner/.key/proof-settings.props are *not* read. 
540        INFO  main            d.u.i.k.p.r.p.TestFile    Now processing file /home/runner/work/key/key/key.core/../key.ui/examples/heap/polarity_tests/wellformed1.key 
684        INFO  main            d.u.i.k.p.i.AbstractProblemLoader Loading environment from /home/runner/work/key/key/key.core/../key.ui/examples/heap/polarity_tests/wellformed1.key 
707        DEBUG main            d.u.i.k.p.i.AbstractProblemLoader Environment load took 2.64ms 
1002       INFO  main            d.u.i.k.p.i.AbstractProblemLoader Creating init config 
2100       DEBUG main            d.u.i.k.j.TypeConverter   No LDT found for Meta 
2100       DEBUG main            d.u.i.k.j.TypeConverter   No LDT found for Meta 
2102       DEBUG main            d.u.i.k.j.TypeConverter   No LDT found for Meta 
2102       DEBUG main            d.u.i.k.j.TypeConverter   No LDT found for Meta 
3729       DEBUG main            d.u.i.k.j.TypeConverter   No LDT found for JavaBigintExpression 
9800       DEBUG main            d.u.i.k.p.i.AbstractProblemLoader Init config took 8.8s 
9868       INFO  main            d.u.i.k.p.i.AbstractProblemLoader Replaying proof wellformed1.key 
9908       DEBUG main            d.u.i.k.p.i.IntermediateProofReplayer Proof replay took 32.3ns 
10102      INFO  main            d.u.i.k.p.r.p.TestFile    ... finished proof: closed. 
10210      INFO  main            d.u.i.k.p.i.AbstractProblemLoader Loading environment from /home/runner/work/key/key/key.core/../key.ui/examples/heap/polarity_tests/wellformed1.key.proof 
10211      DEBUG main            d.u.i.k.p.i.AbstractProblemLoader Environment load took 1.3ms 
10218      INFO  main            d.u.i.k.p.i.AbstractProblemLoader Creating init config 
13709      DEBUG main            d.u.i.k.p.i.AbstractProblemLoader Init config took 3.49s 
13765      INFO  main            d.u.i.k.p.i.AbstractProblemLoader Replaying proof wellformed1.key.proof 
13772      DEBUG main            d.u.i.k.p.i.IntermediateProofReplayer Proof replay took 2.5ms 
13787      DEBUG main            d.u.i.k.p.r.p.TestFile    ... success: reloaded. 
13788      INFO  main            d.u.i.k.p.r.p.TestFile    Now processing file /home/runner/work/key/key/key.core/../key.ui/examples/heap/polarity_tests/wellformed2.key 
13789      INFO  main            d.u.i.k.p.i.AbstractProblemLoader Loading environment from /home/runner/work/key/key/key.core/../key.ui/examples/heap/polarity_tests/wellformed2.key 
13789      DEBUG main            d.u.i.k.p.i.AbstractProblemLoader Environment load took 309ns 
13791      INFO  main            d.u.i.k.p.i.AbstractProblemLoader Creating init config 
17097      DEBUG main            d.u.i.k.p.i.AbstractProblemLoader Init config took 3.31s 
17139      INFO  main            d.u.i.k.p.i.AbstractProblemLoader Replaying proof wellformed2.key 
17143      DEBUG main            d.u.i.k.p.i.IntermediateProofReplayer Proof replay took 6.7ns 
17250      INFO  main            d.u.i.k.p.r.p.TestFile    ... finished proof: open goal(s) 
17399      INFO  main            d.u.i.k.p.r.p.TestFile    Now processing file /home/runner/work/key/key/key.core/../key.ui/examples/heap/polarity_tests/wellformed3.key 
17399      INFO  main            d.u.i.k.p.i.AbstractProblemLoader Loading environment from /home/runner/work/key/key/key.core/../key.ui/examples/heap/polarity_tests/wellformed3.key 
17399      DEBUG main            d.u.i.k.p.i.AbstractProblemLoader Environment load took 82.1ns 
17402      INFO  main            d.u.i.k.p.i.AbstractProblemLoader Creating init config 
20668      DEBUG main            d.u.i.k.p.i.AbstractProblemLoader Init config took 3.27s 
20699      INFO  main            d.u.i.k.p.i.AbstractProblemLoader Replaying proof wellformed3.key 
20703      DEBUG main            d.u.i.k.p.i.IntermediateProofReplayer Proof replay took 7.5ns 
20807      INFO  main            d.u.i.k.p.r.p.TestFile    ... finished proof: closed. 
20945      INFO  main            d.u.i.k.p.i.AbstractProblemLoader Loading environment from /home/runner/work/key/key/key.core/../key.ui/examples/heap/polarity_tests/wellformed3.key.proof 
20945      DEBUG main            d.u.i.k.p.i.AbstractProblemLoader Environment load took 132.2ns 
20947      INFO  main            d.u.i.k.p.i.AbstractProblemLoader Creating init config 
24096      DEBUG main            d.u.i.k.p.i.AbstractProblemLoader Init config took 3.15s 
24125      INFO  main            d.u.i.k.p.i.AbstractProblemLoader Replaying proof wellformed3.key.proof 
24129      DEBUG main            d.u.i.k.p.i.IntermediateProofReplayer Proof replay took 2ms 
24130      DEBUG main            d.u.i.k.p.r.p.TestFile    ... success: reloaded. 
24132      INFO  main            d.u.i.k.p.r.p.TestFile    Now processing file /home/runner/work/key/key/key.core/../key.ui/examples/heap/polarity_tests/wellformed4.key 
24132      INFO  main            d.u.i.k.p.i.AbstractProblemLoader Loading environment from /home/runner/work/key/key/key.core/../key.ui/examples/heap/polarity_tests/wellformed4.key 
24133      DEBUG main            d.u.i.k.p.i.AbstractProblemLoader Environment load took 323ns 
24134      INFO  main            d.u.i.k.p.i.AbstractProblemLoader Creating init config 
27298      DEBUG main            d.u.i.k.p.i.AbstractProblemLoader Init config took 3.16s 
27319      INFO  main            d.u.i.k.p.i.AbstractProblemLoader Replaying proof wellformed4.key 
27321      DEBUG main            d.u.i.k.p.i.IntermediateProofReplayer Proof replay took 5.9ns 
27424      INFO  main            d.u.i.k.p.r.p.TestFile    ... finished proof: open goal(s) 
27596      INFO  main            d.u.i.k.p.r.p.TestFile    Now processing file /home/runner/work/key/key/key.core/../key.ui/examples/heap/polarity_tests/wellformed5.key 
27596      INFO  main            d.u.i.k.p.i.AbstractProblemLoader Loading environment from /home/runner/work/key/key/key.core/../key.ui/examples/heap/polarity_tests/wellformed5.key 
27596      DEBUG main            d.u.i.k.p.i.AbstractProblemLoader Environment load took 90.4ns 
27598      INFO  main            d.u.i.k.p.i.AbstractProblemLoader Creating init config 
30720      DEBUG main            d.u.i.k.p.i.AbstractProblemLoader Init config took 3.12s 
30743      INFO  main            d.u.i.k.p.i.AbstractProblemLoader Replaying proof wellformed5.key 
30745      DEBUG main            d.u.i.k.p.i.IntermediateProofReplayer Proof replay took 6.8ns 
30848      INFO  main            d.u.i.k.p.r.p.TestFile    ... finished proof: closed. 
30993      INFO  main            d.u.i.k.p.i.AbstractProblemLoader Loading environment from /home/runner/work/key/key/key.core/../key.ui/examples/heap/polarity_tests/wellformed5.key.proof 
30994      DEBUG main            d.u.i.k.p.i.AbstractProblemLoader Environment load took 129.5ns 
30995      INFO  main            d.u.i.k.p.i.AbstractProblemLoader Creating init config 
34161      DEBUG main            d.u.i.k.p.i.AbstractProblemLoader Init config took 3.17s 
34183      INFO  main            d.u.i.k.p.i.AbstractProblemLoader Replaying proof wellformed5.key.proof 
34186      DEBUG main            d.u.i.k.p.i.IntermediateProofReplayer Proof replay took 1.01ms 
34187      DEBUG main            d.u.i.k.p.r.p.TestFile    ... success: reloaded. 
34188      INFO  main            d.u.i.k.p.r.p.TestFile    Now processing file /home/runner/work/key/key/key.core/../key.ui/examples/heap/polarity_tests/wellformed6.key 
34188      INFO  main            d.u.i.k.p.i.AbstractProblemLoader Loading environment from /home/runner/work/key/key/key.core/../key.ui/examples/heap/polarity_tests/wellformed6.key 
34189      DEBUG main            d.u.i.k.p.i.AbstractProblemLoader Environment load took 119ns 
34190      INFO  main            d.u.i.k.p.i.AbstractProblemLoader Creating init config 
37355      DEBUG main            d.u.i.k.p.i.AbstractProblemLoader Init config took 3.17s 
37377      INFO  main            d.u.i.k.p.i.AbstractProblemLoader Replaying proof wellformed6.key 
37379      DEBUG main            d.u.i.k.p.i.IntermediateProofReplayer Proof replay took 7.2ns 
37485      INFO  main            d.u.i.k.p.r.p.TestFile    ... finished proof: open goal(s) 
37646      INFO  main            d.u.i.k.p.r.p.TestFile    Now processing file /home/runner/work/key/key/key.core/../key.ui/examples/heap/polarity_tests/wellformed7.key 
37646      INFO  main            d.u.i.k.p.i.AbstractProblemLoader Loading environment from /home/runner/work/key/key/key.core/../key.ui/examples/heap/polarity_tests/wellformed7.key 
37646      DEBUG main            d.u.i.k.p.i.AbstractProblemLoader Environment load took 79ns 
37647      INFO  main            d.u.i.k.p.i.AbstractProblemLoader Creating init config 
40720      DEBUG main            d.u.i.k.p.i.AbstractProblemLoader Init config took 3.07s 
40741      INFO  main            d.u.i.k.p.i.AbstractProblemLoader Replaying proof wellformed7.key 
40743      DEBUG main            d.u.i.k.p.i.IntermediateProofReplayer Proof replay took 8.3ns 
40845      INFO  main            d.u.i.k.p.r.p.TestFile    ... finished proof: closed. 
40999      INFO  main            d.u.i.k.p.i.AbstractProblemLoader Loading environment from /home/runner/work/key/key/key.core/../key.ui/examples/heap/polarity_tests/wellformed7.key.proof 
40999      DEBUG main            d.u.i.k.p.i.AbstractProblemLoader Environment load took 135.2ns 
41000      INFO  main            d.u.i.k.p.i.AbstractProblemLoader Creating init config 
44059      DEBUG main            d.u.i.k.p.i.AbstractProblemLoader Init config took 3.06s 
44080      INFO  main            d.u.i.k.p.i.AbstractProblemLoader Replaying proof wellformed7.key.proof 
44083      DEBUG main            d.u.i.k.p.i.IntermediateProofReplayer Proof replay took 1.48ms 
44084      DEBUG main            d.u.i.k.p.r.p.TestFile    ... success: reloaded. 
44085      INFO  main            d.u.i.k.p.r.p.TestFile    Now processing file /home/runner/work/key/key/key.core/../key.ui/examples/heap/polarity_tests/wellformed8.key 
44085      INFO  main            d.u.i.k.p.i.AbstractProblemLoader Loading environment from /home/runner/work/key/key/key.core/../key.ui/examples/heap/polarity_tests/wellformed8.key 
44085      DEBUG main            d.u.i.k.p.i.AbstractProblemLoader Environment load took 120.5ns 
44086      INFO  main            d.u.i.k.p.i.AbstractProblemLoader Creating init config 
47138      DEBUG main            d.u.i.k.p.i.AbstractProblemLoader Init config took 3.05s 
47158      INFO  main            d.u.i.k.p.i.AbstractProblemLoader Replaying proof wellformed8.key 
47160      DEBUG main            d.u.i.k.p.i.IntermediateProofReplayer Proof replay took 8.4ns 
47263      INFO  main            d.u.i.k.p.r.p.TestFile    ... finished proof: open goal(s) 
47434      INFO  main            d.u.i.k.p.r.p.TestFile    Now processing file /home/runner/work/key/key/key.core/../key.ui/examples/heap/polarity_tests/wellformed9.key 
47434      INFO  main            d.u.i.k.p.i.AbstractProblemLoader Loading environment from /home/runner/work/key/key/key.core/../key.ui/examples/heap/polarity_tests/wellformed9.key 
47435      DEBUG main            d.u.i.k.p.i.AbstractProblemLoader Environment load took 97.5ns 
47438      INFO  main            d.u.i.k.p.i.AbstractProblemLoader Creating init config 
50512      DEBUG main            d.u.i.k.p.i.AbstractProblemLoader Init config took 3.07s 
50542      INFO  main            d.u.i.k.p.i.AbstractProblemLoader Replaying proof wellformed9.key 
50544      DEBUG main            d.u.i.k.p.i.IntermediateProofReplayer Proof replay took 7.6ns 
50647      INFO  main            d.u.i.k.p.r.p.TestFile    ... finished proof: closed. 
50811      INFO  main            d.u.i.k.p.i.AbstractProblemLoader Loading environment from /home/runner/work/key/key/key.core/../key.ui/examples/heap/polarity_tests/wellformed9.key.proof 
50812      DEBUG main            d.u.i.k.p.i.AbstractProblemLoader Environment load took 937.2ns 
50813      INFO  main            d.u.i.k.p.i.AbstractProblemLoader Creating init config 
53832      DEBUG main            d.u.i.k.p.i.AbstractProblemLoader Init config took 3.02s 
53852      INFO  main            d.u.i.k.p.i.AbstractProblemLoader Replaying proof wellformed9.key.proof 
53855      DEBUG main            d.u.i.k.p.i.IntermediateProofReplayer Proof replay took 1.28ms 
53856      DEBUG main            d.u.i.k.p.r.p.TestFile    ... success: reloaded. 
53856      INFO  main            d.u.i.k.p.r.p.TestFile    Now processing file /home/runner/work/key/key/key.core/../key.ui/examples/heap/polarity_tests/wellformed10.key 
53857      INFO  main            d.u.i.k.p.i.AbstractProblemLoader Loading environment from /home/runner/work/key/key/key.core/../key.ui/examples/heap/polarity_tests/wellformed10.key 
53857      DEBUG main            d.u.i.k.p.i.AbstractProblemLoader Environment load took 122.3ns 
53858      INFO  main            d.u.i.k.p.i.AbstractProblemLoader Creating init config 
56941      DEBUG main            d.u.i.k.p.i.AbstractProblemLoader Init config took 3.08s 
56958      INFO  main            d.u.i.k.p.i.AbstractProblemLoader Replaying proof wellformed10.key 
56960      DEBUG main            d.u.i.k.p.i.IntermediateProofReplayer Proof replay took 7.2ns 
57063      INFO  main            d.u.i.k.p.r.p.TestFile    ... finished proof: open goal(s) 
57248      INFO  main            d.u.i.k.p.r.p.TestFile    Now processing file /home/runner/work/key/key/key.core/../key.ui/examples/heap/polarity_tests/wellformed11.key 
57248      INFO  main            d.u.i.k.p.i.AbstractProblemLoader Loading environment from /home/runner/work/key/key/key.core/../key.ui/examples/heap/polarity_tests/wellformed11.key 
57249      DEBUG main            d.u.i.k.p.i.AbstractProblemLoader Environment load took 84ns 
57250      INFO  main            d.u.i.k.p.i.AbstractProblemLoader Creating init config 
60289      DEBUG main            d.u.i.k.p.i.AbstractProblemLoader Init config took 3.04s 
60311      INFO  main            d.u.i.k.p.i.AbstractProblemLoader Replaying proof wellformed11.key 
60315      DEBUG main            d.u.i.k.p.i.IntermediateProofReplayer Proof replay took 6.8ns 
60421      INFO  main            d.u.i.k.p.r.p.TestFile    ... finished proof: open goal(s) 
600221     INFO  Test worker     d.u.i.k.p.r.RunAllProofsTestUnit Returning from test applicationRestrictions 
600223     INFO  Test worker     d.u.i.k.p.r.RunAllProofsTestUnit Running test blockContracts 
445        INFO  Timeout watchdog d.u.i.k.p.r.p.ForkedTestFileRunner Timeout watcher launched (2000 secs.) 
461        WARN  main            d.u.i.k.s.ProofSettings   The settings in /home/runner/.key/proof-settings.props are *not* read. 
515        INFO  main            d.u.i.k.p.r.p.TestFile    Now processing file /home/runner/work/key/key/key.core/../key.ui/examples/heap/block_contracts/Simple__add.key 
693        INFO  main            d.u.i.k.p.i.AbstractProblemLoader Loading environment from /home/runner/work/key/key/key.core/../key.ui/examples/heap/block_contracts/Simple__add.key 
712        DEBUG main            d.u.i.k.p.i.AbstractProblemLoader Environment load took 1.99ms 
996        INFO  main            d.u.i.k.p.i.AbstractProblemLoader Creating init config 
2166       DEBUG main            d.u.i.k.j.TypeConverter   No LDT found for Meta 
2166       DEBUG main            d.u.i.k.j.TypeConverter   No LDT found for Meta 
2167       DEBUG main            d.u.i.k.j.TypeConverter   No LDT found for Meta 
2168       DEBUG main            d.u.i.k.j.TypeConverter   No LDT found for Meta 
3730       DEBUG main            d.u.i.k.j.TypeConverter   No LDT found for JavaBigintExpression 
10597      DEBUG main            d.u.i.k.p.i.AbstractProblemLoader Init config took 9.6s 
10746      INFO  main            d.u.i.k.p.i.AbstractProblemLoader Replaying proof Simple[Simple::add(int,int)].JML operation contract.0 
10884      DEBUG main            d.u.i.k.p.i.IntermediateProofReplayer Proof replay took 411.9ns 
11716      INFO  main            d.u.i.k.p.r.p.TestFile    ... finished proof: closed. 
11856      INFO  main            d.u.i.k.p.i.AbstractProblemLoader Loading environment from /home/runner/work/key/key/key.core/../key.ui/examples/heap/block_contracts/Simple__add.key.proof 
11856      DEBUG main            d.u.i.k.p.i.AbstractProblemLoader Environment load took 178.3ns 
11861      INFO  main            d.u.i.k.p.i.AbstractProblemLoader Creating init config 
15821      DEBUG main            d.u.i.k.p.i.AbstractProblemLoader Init config took 3.96s 
15912      INFO  main            d.u.i.k.p.i.AbstractProblemLoader Replaying proof Simple[Simple::add(int,int)].JML operation contract.0 
15999      DEBUG main            d.u.i.k.p.i.IntermediateProofReplayer Proof replay took 81.79ms 
16007      DEBUG main            d.u.i.k.p.r.p.TestFile    ... success: reloaded. 
16010      INFO  main            d.u.i.k.p.r.p.TestFile    Now processing file /home/runner/work/key/key/key.core/../key.ui/examples/heap/block_contracts/Simple__addAbsoluteValues.key 
16010      INFO  main            d.u.i.k.p.i.AbstractProblemLoader Loading environment from /home/runner/work/key/key/key.core/../key.ui/examples/heap/block_contracts/Simple__addAbsoluteValues.key 
16011      DEBUG main            d.u.i.k.p.i.AbstractProblemLoader Environment load took 287.1ns 
16012      INFO  main            d.u.i.k.p.i.AbstractProblemLoader Creating init config 
19729      DEBUG main            d.u.i.k.p.i.AbstractProblemLoader Init config took 3.72s 
19803      INFO  main            d.u.i.k.p.i.AbstractProblemLoader Replaying proof Simple[Simple::addAbsoluteValues(int,int)].JML normal_behavior operation contract.0 
19806      DEBUG main            d.u.i.k.p.i.IntermediateProofReplayer Proof replay took 14.5ns 
21325      INFO  main            d.u.i.k.p.r.p.TestFile    ... finished proof: closed. 
21538      INFO  main            d.u.i.k.p.i.AbstractProblemLoader Loading environment from /home/runner/work/key/key/key.core/../key.ui/examples/heap/block_contracts/Simple__addAbsoluteValues.key.proof 
21543      DEBUG main            d.u.i.k.p.i.AbstractProblemLoader Environment load took 4.9ms 
21545      INFO  main            d.u.i.k.p.i.AbstractProblemLoader Creating init config 
25324      DEBUG main            d.u.i.k.p.i.AbstractProblemLoader Init config took 3.78s 
25407      INFO  main            d.u.i.k.p.i.AbstractProblemLoader Replaying proof Simple[Simple::addAbsoluteValues(int,int)].JML normal_behavior operation contract.0 
25616      DEBUG main            d.u.i.k.p.i.IntermediateProofReplayer Proof replay took 200.74ms 
25618      DEBUG main            d.u.i.k.p.r.p.TestFile    ... success: reloaded. 
25620      INFO  main            d.u.i.k.p.r.p.TestFile    Now processing file /home/runner/work/key/key/key.core/../key.ui/examples/heap/block_contracts/Simple__addWithJump.key 
25621      INFO  main            d.u.i.k.p.i.AbstractProblemLoader Loading environment from /home/runner/work/key/key/key.core/../key.ui/examples/heap/block_contracts/Simple__addWithJump.key 
25621      DEBUG main            d.u.i.k.p.i.AbstractProblemLoader Environment load took 262.8ns 
25622      INFO  main            d.u.i.k.p.i.AbstractProblemLoader Creating init config 
29217      DEBUG main            d.u.i.k.p.i.AbstractProblemLoader Init config took 3.59s 
29278      INFO  main            d.u.i.k.p.i.AbstractProblemLoader Replaying proof Simple[Simple::addWithJump(int,int,int)].JML operation contract.0 
29281      DEBUG main            d.u.i.k.p.i.IntermediateProofReplayer Proof replay took 22.3ns 
29486      INFO  main            d.u.i.k.p.r.p.TestFile    ... finished proof: closed. 
29694      INFO  main            d.u.i.k.p.i.AbstractProblemLoader Loading environment from /home/runner/work/key/key/key.core/../key.ui/examples/heap/block_contracts/Simple__addWithJump.key.proof 
29694      DEBUG main            d.u.i.k.p.i.AbstractProblemLoader Environment load took 146.5ns 
29696      INFO  main            d.u.i.k.p.i.AbstractProblemLoader Creating init config 
33407      DEBUG main            d.u.i.k.p.i.AbstractProblemLoader Init config took 3.71s 
33467      INFO  main            d.u.i.k.p.i.AbstractProblemLoader Replaying proof Simple[Simple::addWithJump(int,int,int)].JML operation contract.0 
33521      DEBUG main            d.u.i.k.p.i.IntermediateProofReplayer Proof replay took 50.68ms 
33523      DEBUG main            d.u.i.k.p.r.p.TestFile    ... success: reloaded. 
33524      INFO  main            d.u.i.k.p.r.p.TestFile    Now processing file /home/runner/work/key/key/key.core/../key.ui/examples/heap/block_contracts/Simple__addWithTwoBlockContracts.key 
33525      INFO  main            d.u.i.k.p.i.AbstractProblemLoader Loading environment from /home/runner/work/key/key/key.core/../key.ui/examples/heap/block_contracts/Simple__addWithTwoBlockContracts.key 
33525      DEBUG main            d.u.i.k.p.i.AbstractProblemLoader Environment load took 676.4ns 
33527      INFO  main            d.u.i.k.p.i.AbstractProblemLoader Creating init config 
37181      DEBUG main            d.u.i.k.p.i.AbstractProblemLoader Init config took 3.65s 
37236      INFO  main            d.u.i.k.p.i.AbstractProblemLoader Replaying proof Simple[Simple::addWithTwoBlockContracts(int,int,int)].JML operation contract.0 
37239      DEBUG main            d.u.i.k.p.i.IntermediateProofReplayer Proof replay took 11.4ns 
37543      INFO  main            d.u.i.k.p.r.p.TestFile    ... finished proof: closed. 
37754      INFO  main            d.u.i.k.p.i.AbstractProblemLoader Loading environment from /home/runner/work/key/key/key.core/../key.ui/examples/heap/block_contracts/Simple__addWithTwoBlockContracts.key.proof 
37757      DEBUG main            d.u.i.k.p.i.AbstractProblemLoader Environment load took 2.6ms 
37758      INFO  main            d.u.i.k.p.i.AbstractProblemLoader Creating init config 
41278      DEBUG main            d.u.i.k.p.i.AbstractProblemLoader Init config took 3.52s 
41335      INFO  main            d.u.i.k.p.i.AbstractProblemLoader Replaying proof Simple[Simple::addWithTwoBlockContracts(int,int,int)].JML operation contract.0 
41422      DEBUG main            d.u.i.k.p.i.IntermediateProofReplayer Proof replay took 83.53ms 
41423      DEBUG main            d.u.i.k.p.r.p.TestFile    ... success: reloaded. 
41424      INFO  main            d.u.i.k.p.r.p.TestFile    Now processing file /home/runner/work/key/key/key.core/../key.ui/examples/heap/block_contracts/Simple__generateByteArray.key 
41425      INFO  main            d.u.i.k.p.i.AbstractProblemLoader Loading environment from /home/runner/work/key/key/key.core/../key.ui/examples/heap/block_contracts/Simple__generateByteArray.key 
41425      DEBUG main            d.u.i.k.p.i.AbstractProblemLoader Environment load took 406.7ns 
41427      INFO  main            d.u.i.k.p.i.AbstractProblemLoader Creating init config 
45087      DEBUG main            d.u.i.k.p.i.AbstractProblemLoader Init config took 3.66s 
45144      INFO  main            d.u.i.k.p.i.AbstractProblemLoader Replaying proof Simple[Simple::generateByteArray()].JML normal_behavior operation contract.0 
45146      DEBUG main            d.u.i.k.p.i.IntermediateProofReplayer Proof replay took 11ns 
47061      INFO  main            d.u.i.k.p.r.p.TestFile    ... finished proof: closed. 
47353      INFO  main            d.u.i.k.p.i.AbstractProblemLoader Loading environment from /home/runner/work/key/key/key.core/../key.ui/examples/heap/block_contracts/Simple__generateByteArray.key.proof 
47353      DEBUG main            d.u.i.k.p.i.AbstractProblemLoader Environment load took 552.8ns 
47355      INFO  main            d.u.i.k.p.i.AbstractProblemLoader Creating init config 
50890      DEBUG main            d.u.i.k.p.i.AbstractProblemLoader Init config took 3.53s 
50943      INFO  main            d.u.i.k.p.i.AbstractProblemLoader Replaying proof Simple[Simple::generateByteArray()].JML normal_behavior operation contract.0 
51230      DEBUG main            d.u.i.k.p.i.IntermediateProofReplayer Proof replay took 270.62ms 
51231      DEBUG main            d.u.i.k.p.r.p.TestFile    ... success: reloaded. 
51233      INFO  main            d.u.i.k.p.r.p.TestFile    Now processing file /home/runner/work/key/key/key.core/../key.ui/examples/heap/block_contracts/Simple__getLength.key 
51233      INFO  main            d.u.i.k.p.i.AbstractProblemLoader Loading environment from /home/runner/work/key/key/key.core/../key.ui/examples/heap/block_contracts/Simple__getLength.key 
51234      DEBUG main            d.u.i.k.p.i.AbstractProblemLoader Environment load took 292.8ns 
51235      INFO  main            d.u.i.k.p.i.AbstractProblemLoader Creating init config 
54715      DEBUG main            d.u.i.k.p.i.AbstractProblemLoader Init config took 3.48s 
54767      INFO  main            d.u.i.k.p.i.AbstractProblemLoader Replaying proof Simple[Simple::getLength()].JML normal_behavior operation contract.0 
54769      DEBUG main            d.u.i.k.p.i.IntermediateProofReplayer Proof replay took 12.5ns 
54876      INFO  main            d.u.i.k.p.r.p.TestFile    ... finished proof: closed. 
55119      INFO  main            d.u.i.k.p.i.AbstractProblemLoader Loading environment from /home/runner/work/key/key/key.core/../key.ui/examples/heap/block_contracts/Simple__getLength.key.proof 
55119      DEBUG main            d.u.i.k.p.i.AbstractProblemLoader Environment load took 154ns 
55120      INFO  main            d.u.i.k.p.i.AbstractProblemLoader Creating init config 
58595      DEBUG main            d.u.i.k.p.i.AbstractProblemLoader Init config took 3.47s 
58645      INFO  main            d.u.i.k.p.i.AbstractProblemLoader Replaying proof Simple[Simple::getLength()].JML normal_behavior operation contract.0 
58662      DEBUG main            d.u.i.k.p.i.IntermediateProofReplayer Proof replay took 13.91ms 
58663      DEBUG main            d.u.i.k.p.r.p.TestFile    ... success: reloaded. 
58664      INFO  main            d.u.i.k.p.r.p.TestFile    Now processing file /home/runner/work/key/key/key.core/../key.ui/examples/heap/block_contracts/Simple__square.key 
58665      INFO  main            d.u.i.k.p.i.AbstractProblemLoader Loading environment from /home/runner/work/key/key/key.core/../key.ui/examples/heap/block_contracts/Simple__square.key 
58665      DEBUG main            d.u.i.k.p.i.AbstractProblemLoader Environment load took 263.4ns 
58666      INFO  main            d.u.i.k.p.i.AbstractProblemLoader Creating init config 
62293      DEBUG main            d.u.i.k.p.i.AbstractProblemLoader Init config took 3.63s 
62350      INFO  main            d.u.i.k.p.i.AbstractProblemLoader Replaying proof Simple[Simple::square(int)].JML operation contract.0 
62352      DEBUG main            d.u.i.k.p.i.IntermediateProofReplayer Proof replay took 11.4ns 
62859      INFO  main            d.u.i.k.p.r.p.TestFile    ... finished proof: closed. 
63066      INFO  main            d.u.i.k.p.i.AbstractProblemLoader Loading environment from /home/runner/work/key/key/key.core/../key.ui/examples/heap/block_contracts/Simple__square.key.proof 
63066      DEBUG main            d.u.i.k.p.i.AbstractProblemLoader Environment load took 523ns 
63068      INFO  main            d.u.i.k.p.i.AbstractProblemLoader Creating init config 
66630      DEBUG main            d.u.i.k.p.i.AbstractProblemLoader Init config took 3.56s 
66689      INFO  main            d.u.i.k.p.i.AbstractProblemLoader Replaying proof Simple[Simple::square(int)].JML operation contract.0 
66802      DEBUG main            d.u.i.k.p.i.IntermediateProofReplayer Proof replay took 109.02ms 
66804      DEBUG main            d.u.i.k.p.r.p.TestFile    ... success: reloaded. 
66805      INFO  main            d.u.i.k.p.r.p.TestFile    Now processing file /home/runner/work/key/key/key.core/../key.ui/examples/heap/block_contracts/Simple__unnecessaryBlockContract.key 
66806      INFO  main            d.u.i.k.p.i.AbstractProblemLoader Loading environment from /home/runner/work/key/key/key.core/../key.ui/examples/heap/block_contracts/Simple__unnecessaryBlockContract.key 
66806      DEBUG main            d.u.i.k.p.i.AbstractProblemLoader Environment load took 288.2ns 
66807      INFO  main            d.u.i.k.p.i.AbstractProblemLoader Creating init config 
70365      DEBUG main            d.u.i.k.p.i.AbstractProblemLoader Init config took 3.56s 
70417      INFO  main            d.u.i.k.p.i.AbstractProblemLoader Replaying proof Simple[Simple::unnecessaryBlockContract()].JML operation contract.0 
70419      DEBUG main            d.u.i.k.p.i.IntermediateProofReplayer Proof replay took 13.9ns 
70522      INFO  main            d.u.i.k.p.r.p.TestFile    ... finished proof: closed. 
70770      INFO  main            d.u.i.k.p.i.AbstractProblemLoader Loading environment from /home/runner/work/key/key/key.core/../key.ui/examples/heap/block_contracts/Simple__unnecessaryBlockContract.key.proof 
70770      DEBUG main            d.u.i.k.p.i.AbstractProblemLoader Environment load took 155.5ns 
70773      INFO  main            d.u.i.k.p.i.AbstractProblemLoader Creating init config 
74168      DEBUG main            d.u.i.k.p.i.AbstractProblemLoader Init config took 3.39s 
74215      INFO  main            d.u.i.k.p.i.AbstractProblemLoader Replaying proof Simple[Simple::unnecessaryBlockContract()].JML operation contract.0 
74242      DEBUG main            d.u.i.k.p.i.IntermediateProofReplayer Proof replay took 24.69ms 
74243      DEBUG main            d.u.i.k.p.r.p.TestFile    ... success: reloaded. 
74245      INFO  main            d.u.i.k.p.r.p.TestFile    Now processing file /home/runner/work/key/key/key.core/../key.ui/examples/heap/block_contracts/Simple__unnecessaryLoopInvariant.key 
74245      INFO  main            d.u.i.k.p.i.AbstractProblemLoader Loading environment from /home/runner/work/key/key/key.core/../key.ui/examples/heap/block_contracts/Simple__unnecessaryLoopInvariant.key 
74245      DEBUG main            d.u.i.k.p.i.AbstractProblemLoader Environment load took 125.1ns 
74246      INFO  main            d.u.i.k.p.i.AbstractProblemLoader Creating init config 
77717      DEBUG main            d.u.i.k.p.i.AbstractProblemLoader Init config took 3.47s 
77792      INFO  main            d.u.i.k.p.i.AbstractProblemLoader Replaying proof Simple[Simple::unnecessaryLoopInvariant()].JML operation contract.0 
77794      DEBUG main            d.u.i.k.p.i.IntermediateProofReplayer Proof replay took 10.8ns 
77898      INFO  main            d.u.i.k.p.r.p.TestFile    ... finished proof: closed. 
78120      INFO  main            d.u.i.k.p.i.AbstractProblemLoader Loading environment from /home/runner/work/key/key/key.core/../key.ui/examples/heap/block_contracts/Simple__unnecessaryLoopInvariant.key.proof 
78120      DEBUG main            d.u.i.k.p.i.AbstractProblemLoader Environment load took 112.7ns 
78122      INFO  main            d.u.i.k.p.i.AbstractProblemLoader Creating init config 
81487      DEBUG main            d.u.i.k.p.i.AbstractProblemLoader Init config took 3.37s 
81533      INFO  main            d.u.i.k.p.i.AbstractProblemLoader Replaying proof Simple[Simple::unnecessaryLoopInvariant()].JML operation contract.0 
81546      DEBUG main            d.u.i.k.p.i.IntermediateProofReplayer Proof replay took 11.31ms 
81547      DEBUG main            d.u.i.k.p.r.p.TestFile    ... success: reloaded. 
81548      INFO  main            d.u.i.k.p.r.p.TestFile    Now processing file /home/runner/work/key/key/key.core/../key.ui/examples/standard_key/java_dl/jml-assert/assert.key 
81549      INFO  main            d.u.i.k.p.i.AbstractProblemLoader Loading environment from /home/runner/work/key/key/key.core/../key.ui/examples/standard_key/java_dl/jml-assert/assert.key 
81549      DEBUG main            d.u.i.k.p.i.AbstractProblemLoader Environment load took 143.7ns 
81550      INFO  main            d.u.i.k.p.i.AbstractProblemLoader Creating init config 
84681      DEBUG main            d.u.i.k.p.i.AbstractProblemLoader Init config took 3.13s 
84735      INFO  main            d.u.i.k.p.i.AbstractProblemLoader Replaying proof Assert[Assert::createArray(int)].JML normal_behavior operation contract.0 
84737      DEBUG main            d.u.i.k.p.i.IntermediateProofReplayer Proof replay took 18.7ns 
85042      INFO  main            d.u.i.k.p.r.p.TestFile    ... finished proof: closed. 
85274      INFO  main            d.u.i.k.p.i.AbstractProblemLoader Loading environment from /home/runner/work/key/key/key.core/../key.ui/examples/standard_key/java_dl/jml-assert/assert.key.proof 
85274      DEBUG main            d.u.i.k.p.i.AbstractProblemLoader Environment load took 128.3ns 
85275      INFO  main            d.u.i.k.p.i.AbstractProblemLoader Creating init config 
88254      DEBUG main            d.u.i.k.p.i.AbstractProblemLoader Init config took 2.98s 
88304      INFO  main            d.u.i.k.p.i.AbstractProblemLoader Replaying proof Assert[Assert::createArray(int)].JML normal_behavior operation contract.0 
88356      DEBUG main            d.u.i.k.p.i.IntermediateProofReplayer Proof replay took 49.4ms 
88357      DEBUG main            d.u.i.k.p.r.p.TestFile    ... success: reloaded. 
88359      INFO  main            d.u.i.k.p.r.p.TestFile    Now processing file /home/runner/work/key/key/key.core/../key.ui/examples/standard_key/java_dl/jml-assert/assert_assume_order.key 
88359      INFO  main            d.u.i.k.p.i.AbstractProblemLoader Loading environment from /home/runner/work/key/key/key.core/../key.ui/examples/standard_key/java_dl/jml-assert/assert_assume_order.key 
88359      DEBUG main            d.u.i.k.p.i.AbstractProblemLoader Environment load took 124.6ns 
88360      INFO  main            d.u.i.k.p.i.AbstractProblemLoader Creating init config 
91349      DEBUG main            d.u.i.k.p.i.AbstractProblemLoader Init config took 2.99s 
91440      INFO  main            d.u.i.k.p.i.AbstractProblemLoader Replaying proof AssertAssume[AssertAssume::singleAssumeAssert(int)].JML normal_behavior operation contract.0 
91443      DEBUG main            d.u.i.k.p.i.IntermediateProofReplayer Proof replay took 9.5ns 
91545      INFO  main            d.u.i.k.p.r.p.TestFile    ... finished proof: closed. 
91774      INFO  main            d.u.i.k.p.i.AbstractProblemLoader Loading environment from /home/runner/work/key/key/key.core/../key.ui/examples/standard_key/java_dl/jml-assert/assert_assume_order.key.proof 
91774      DEBUG main            d.u.i.k.p.i.AbstractProblemLoader Environment load took 137.9ns 
91777      INFO  main            d.u.i.k.p.i.AbstractProblemLoader Creating init config 
94789      DEBUG main            d.u.i.k.p.i.AbstractProblemLoader Init config took 3.01s 
94834      INFO  main            d.u.i.k.p.i.AbstractProblemLoader Replaying proof AssertAssume[AssertAssume::singleAssumeAssert(int)].JML normal_behavior operation contract.0 
94848      DEBUG main            d.u.i.k.p.i.IntermediateProofReplayer Proof replay took 12.17ms 
94850      DEBUG main            d.u.i.k.p.r.p.TestFile    ... success: reloaded. 
94851      INFO  main            d.u.i.k.p.r.p.TestFile    Now processing file /home/runner/work/key/key/key.core/../key.ui/examples/heap/block_loop_contracts/SimpleVariants/sum_onBlock_external.key 
94851      INFO  main            d.u.i.k.p.i.AbstractProblemLoader Loading environment from /home/runner/work/key/key/key.core/../key.ui/examples/heap/block_loop_contracts/SimpleVariants/sum_onBlock_external.key 
94851      DEBUG main            d.u.i.k.p.i.AbstractProblemLoader Environment load took 130.1ns 
94853      INFO  main            d.u.i.k.p.i.AbstractProblemLoader Creating init config 
98199      DEBUG main            d.u.i.k.p.i.AbstractProblemLoader Init config took 3.35s 
98240      INFO  main            d.u.i.k.p.i.AbstractProblemLoader Replaying proof LoopContractExamplesAll[LoopContractExamplesAll::sum_loopContract_onBlock([I)].JML normal_behavior operation contract.0 
98244      DEBUG main            d.u.i.k.p.i.IntermediateProofReplayer Proof replay took 11.8ns 
98446      INFO  main            d.u.i.k.p.r.p.TestFile    ... finished proof: closed. 
98708      INFO  main            d.u.i.k.p.i.AbstractProblemLoader Loading environment from /home/runner/work/key/key/key.core/../key.ui/examples/heap/block_loop_contracts/SimpleVariants/sum_onBlock_external.key.proof 
98708      DEBUG main            d.u.i.k.p.i.AbstractProblemLoader Environment load took 213.5ns 
98709      INFO  main            d.u.i.k.p.i.AbstractProblemLoader Creating init config 
101885     DEBUG main            d.u.i.k.p.i.AbstractProblemLoader Init config took 3.18s 
101924     INFO  main            d.u.i.k.p.i.AbstractProblemLoader Replaying proof LoopContractExamplesAll[LoopContractExamplesAll::sum_loopContract_onBlock([I)].JML normal_behavior operation contract.0 
101967     DEBUG main            d.u.i.k.p.i.IntermediateProofReplayer Proof replay took 39.92ms 
101968     DEBUG main            d.u.i.k.p.r.p.TestFile    ... success: reloaded. 
101969     INFO  main            d.u.i.k.p.r.p.TestFile    Now processing file /home/runner/work/key/key/key.core/../key.ui/examples/heap/block_loop_contracts/SimpleVariants/sum_onBlock_internal.key 
101969     INFO  main            d.u.i.k.p.i.AbstractProblemLoader Loading environment from /home/runner/work/key/key/key.core/../key.ui/examples/heap/block_loop_contracts/SimpleVariants/sum_onBlock_internal.key 
101969     DEBUG main            d.u.i.k.p.i.AbstractProblemLoader Environment load took 124.6ns 
101970     INFO  main            d.u.i.k.p.i.AbstractProblemLoader Creating init config 
105228     DEBUG main            d.u.i.k.p.i.AbstractProblemLoader Init config took 3.26s 
105270     INFO  main            d.u.i.k.p.i.AbstractProblemLoader Replaying proof LoopContractExamplesAll[LoopContractExamplesAll::sum_loopContract_onBlock([I)].JML normal_behavior operation contract.0 
105273     DEBUG main            d.u.i.k.p.i.IntermediateProofReplayer Proof replay took 11.8ns 
106082     INFO  main            d.u.i.k.p.r.p.TestFile    ... finished proof: closed. 
106388     INFO  main            d.u.i.k.p.i.AbstractProblemLoader Loading environment from /home/runner/work/key/key/key.core/../key.ui/examples/heap/block_loop_contracts/SimpleVariants/sum_onBlock_internal.key.proof 
106388     DEBUG main            d.u.i.k.p.i.AbstractProblemLoader Environment load took 124.5ns 
106389     INFO  main            d.u.i.k.p.i.AbstractProblemLoader Creating init config 
109527     DEBUG main            d.u.i.k.p.i.AbstractProblemLoader Init config took 3.14s 
109573     INFO  main            d.u.i.k.p.i.AbstractProblemLoader Replaying proof LoopContractExamplesAll[LoopContractExamplesAll::sum_loopContract_onBlock([I)].JML normal_behavior operation contract.0 
109821     DEBUG main            d.u.i.k.p.i.IntermediateProofReplayer Proof replay took 243.98ms 
109823     DEBUG main            d.u.i.k.p.r.p.TestFile    ... success: reloaded. 
109824     INFO  main            d.u.i.k.p.r.p.TestFile    Now processing file /home/runner/work/key/key/key.core/../key.ui/examples/heap/block_loop_contracts/SimpleVariants/sum_onBlock_loop.key 
109824     INFO  main            d.u.i.k.p.i.AbstractProblemLoader Loading environment from /home/runner/work/key/key/key.core/../key.ui/examples/heap/block_loop_contracts/SimpleVariants/sum_onBlock_loop.key 
109824     DEBUG main            d.u.i.k.p.i.AbstractProblemLoader Environment load took 277.2ns 
109826     INFO  main            d.u.i.k.p.i.AbstractProblemLoader Creating init config 
113026     DEBUG main            d.u.i.k.p.i.AbstractProblemLoader Init config took 3.2s 
113067     INFO  main            d.u.i.k.p.i.AbstractProblemLoader Replaying proof LoopContractExamplesAll[LoopContractExamplesAll::sum_loopContract_onBlock([I)].JML normal_behavior loop contract.0 
113069     DEBUG main            d.u.i.k.p.i.IntermediateProofReplayer Proof replay took 11ns 
113895     INFO  main            d.u.i.k.p.r.p.TestFile    ... finished proof: closed. 
114206     INFO  main            d.u.i.k.p.i.AbstractProblemLoader Loading environment from /home/runner/work/key/key/key.core/../key.ui/examples/heap/block_loop_contracts/SimpleVariants/sum_onBlock_loop.key.proof 
114206     DEBUG main            d.u.i.k.p.i.AbstractProblemLoader Environment load took 541ns 
114208     INFO  main            d.u.i.k.p.i.AbstractProblemLoader Creating init config 
117430     DEBUG main            d.u.i.k.p.i.AbstractProblemLoader Init config took 3.22s 
117482     INFO  main            d.u.i.k.p.i.AbstractProblemLoader Replaying proof LoopContractExamplesAll[LoopContractExamplesAll::sum_loopContract_onBlock([I)].JML normal_behavior loop contract.0 
117770     DEBUG main            d.u.i.k.p.i.IntermediateProofReplayer Proof replay took 283.25ms 
117771     DEBUG main            d.u.i.k.p.r.p.TestFile    ... success: reloaded. 
117772     INFO  main            d.u.i.k.p.r.p.TestFile    Now processing file /home/runner/work/key/key/key.core/../key.ui/examples/heap/block_loop_contracts/SimpleVariants/sum_onLoop_external.key 
117773     INFO  main            d.u.i.k.p.i.AbstractProblemLoader Loading environment from /home/runner/work/key/key/key.core/../key.ui/examples/heap/block_loop_contracts/SimpleVariants/sum_onLoop_external.key 
117773     DEBUG main            d.u.i.k.p.i.AbstractProblemLoader Environment load took 281.4ns 
117774     INFO  main            d.u.i.k.p.i.AbstractProblemLoader Creating init config 
121061     DEBUG main            d.u.i.k.p.i.AbstractProblemLoader Init config took 3.29s 
121099     INFO  main            d.u.i.k.p.i.AbstractProblemLoader Replaying proof LoopContractExamplesAll[LoopContractExamplesAll::sum_loopContract_onLoop([I)].JML normal_behavior operation contract.0 
121101     DEBUG main            d.u.i.k.p.i.IntermediateProofReplayer Proof replay took 25.3ns 
121203     INFO  main            d.u.i.k.p.r.p.TestFile    ... finished proof: closed. 
121598     INFO  main            d.u.i.k.p.i.AbstractProblemLoader Loading environment from /home/runner/work/key/key/key.core/../key.ui/examples/heap/block_loop_contracts/SimpleVariants/sum_onLoop_external.key.proof 
121598     DEBUG main            d.u.i.k.p.i.AbstractProblemLoader Environment load took 197.3ns 
121599     INFO  main            d.u.i.k.p.i.AbstractProblemLoader Creating init config 
124913     DEBUG main            d.u.i.k.p.i.AbstractProblemLoader Init config took 3.31s 
124953     INFO  main            d.u.i.k.p.i.AbstractProblemLoader Replaying proof LoopContractExamplesAll[LoopContractExamplesAll::sum_loopContract_onLoop([I)].JML normal_behavior operation contract.0 
124989     DEBUG main            d.u.i.k.p.i.IntermediateProofReplayer Proof replay took 33.31ms 
124991     DEBUG main            d.u.i.k.p.r.p.TestFile    ... success: reloaded. 
124992     INFO  main            d.u.i.k.p.r.p.TestFile    Now processing file /home/runner/work/key/key/key.core/../key.ui/examples/heap/block_loop_contracts/SimpleVariants/sum_onLoop_internal.key 
124993     INFO  main            d.u.i.k.p.i.AbstractProblemLoader Loading environment from /home/runner/work/key/key/key.core/../key.ui/examples/heap/block_loop_contracts/SimpleVariants/sum_onLoop_internal.key 
124993     DEBUG main            d.u.i.k.p.i.AbstractProblemLoader Environment load took 261.9ns 
124995     INFO  main            d.u.i.k.p.i.AbstractProblemLoader Creating init config 
128378     DEBUG main            d.u.i.k.p.i.AbstractProblemLoader Init config took 3.38s 
128424     INFO  main            d.u.i.k.p.i.AbstractProblemLoader Replaying proof LoopContractExamplesAll[LoopContractExamplesAll::sum_loopContract_onLoop([I)].JML normal_behavior operation contract.0 
128426     DEBUG main            d.u.i.k.p.i.IntermediateProofReplayer Proof replay took 12.8ns 
129283     INFO  main            d.u.i.k.p.r.p.TestFile    ... finished proof: closed. 
129582     INFO  main            d.u.i.k.p.i.AbstractProblemLoader Loading environment from /home/runner/work/key/key/key.core/../key.ui/examples/heap/block_loop_contracts/SimpleVariants/sum_onLoop_internal.key.proof 
129582     DEBUG main            d.u.i.k.p.i.AbstractProblemLoader Environment load took 136.5ns 
129584     INFO  main            d.u.i.k.p.i.AbstractProblemLoader Creating init config 
132810     DEBUG main            d.u.i.k.p.i.AbstractProblemLoader Init config took 3.23s 
132849     INFO  main            d.u.i.k.p.i.AbstractProblemLoader Replaying proof LoopContractExamplesAll[LoopContractExamplesAll::sum_loopContract_onLoop([I)].JML normal_behavior operation contract.0 
133090     DEBUG main            d.u.i.k.p.i.IntermediateProofReplayer Proof replay took 236.81ms 
133091     DEBUG main            d.u.i.k.p.r.p.TestFile    ... success: reloaded. 
133092     INFO  main            d.u.i.k.p.r.p.TestFile    Now processing file /home/runner/work/key/key/key.core/../key.ui/examples/heap/block_loop_contracts/SimpleVariants/sum_onLoop_loop.key 
133092     INFO  main            d.u.i.k.p.i.AbstractProblemLoader Loading environment from /home/runner/work/key/key/key.core/../key.ui/examples/heap/block_loop_contracts/SimpleVariants/sum_onLoop_loop.key 
133092     DEBUG main            d.u.i.k.p.i.AbstractProblemLoader Environment load took 120.2ns 
133094     INFO  main            d.u.i.k.p.i.AbstractProblemLoader Creating init config 
136361     DEBUG main            d.u.i.k.p.i.AbstractProblemLoader Init config took 3.27s 
136403     INFO  main            d.u.i.k.p.i.AbstractProblemLoader Replaying proof LoopContractExamplesAll[LoopContractExamplesAll::sum_loopContract_onLoop([I)].JML normal_behavior loop contract.0 
136406     DEBUG main            d.u.i.k.p.i.IntermediateProofReplayer Proof replay took 13.6ns 
137410     INFO  main            d.u.i.k.p.r.p.TestFile    ... finished proof: closed. 
137760     INFO  main            d.u.i.k.p.i.AbstractProblemLoader Loading environment from /home/runner/work/key/key/key.core/../key.ui/examples/heap/block_loop_contracts/SimpleVariants/sum_onLoop_loop.key.proof 
137761     DEBUG main            d.u.i.k.p.i.AbstractProblemLoader Environment load took 225.6ns 
137762     INFO  main            d.u.i.k.p.i.AbstractProblemLoader Creating init config 
140967     DEBUG main            d.u.i.k.p.i.AbstractProblemLoader Init config took 3.2s 
141008     INFO  main            d.u.i.k.p.i.AbstractProblemLoader Replaying proof LoopContractExamplesAll[LoopContractExamplesAll::sum_loopContract_onLoop([I)].JML normal_behavior loop contract.0 
141261     DEBUG main            d.u.i.k.p.i.IntermediateProofReplayer Proof replay took 248.67ms 
141263     DEBUG main            d.u.i.k.p.r.p.TestFile    ... success: reloaded. 
141264     INFO  main            d.u.i.k.p.r.p.TestFile    Now processing file /home/runner/work/key/key/key.core/../key.ui/examples/heap/block_loop_contracts/Free/blockContracts0.key 
141264     INFO  main            d.u.i.k.p.i.AbstractProblemLoader Loading environment from /home/runner/work/key/key/key.core/../key.ui/examples/heap/block_loop_contracts/Free/blockContracts0.key 
141265     DEBUG main            d.u.i.k.p.i.AbstractProblemLoader Environment load took 285.9ns 
141267     INFO  main            d.u.i.k.p.i.AbstractProblemLoader Creating init config 
144195     DEBUG main            d.u.i.k.p.i.AbstractProblemLoader Init config took 2.93s 
144231     INFO  main            d.u.i.k.p.i.AbstractProblemLoader Replaying proof FreeConditions[FreeConditions::blockContract0()].JML normal_behavior operation contract.0 
144234     DEBUG main            d.u.i.k.p.i.IntermediateProofReplayer Proof replay took 17.1ns 
144339     INFO  main            d.u.i.k.p.r.p.TestFile    ... finished proof: closed. 
144677     INFO  main            d.u.i.k.p.i.AbstractProblemLoader Loading environment from /home/runner/work/key/key/key.core/../key.ui/examples/heap/block_loop_contracts/Free/blockContracts0.key.proof 
144677     DEBUG main            d.u.i.k.p.i.AbstractProblemLoader Environment load took 136.1ns 
144678     INFO  main            d.u.i.k.p.i.AbstractProblemLoader Creating init config 
147478     DEBUG main            d.u.i.k.p.i.AbstractProblemLoader Init config took 2.8s 
147518     INFO  main            d.u.i.k.p.i.AbstractProblemLoader Replaying proof FreeConditions[FreeConditions::blockContract0()].JML normal_behavior operation contract.0 
147543     DEBUG main            d.u.i.k.p.i.IntermediateProofReplayer Proof replay took 23.31ms 
147544     DEBUG main            d.u.i.k.p.r.p.TestFile    ... success: reloaded. 
147545     INFO  main            d.u.i.k.p.r.p.TestFile    Now processing file /home/runner/work/key/key/key.core/../key.ui/examples/heap/block_loop_contracts/Free/blockContracts1.key 
147545     INFO  main            d.u.i.k.p.i.AbstractProblemLoader Loading environment from /home/runner/work/key/key/key.core/../key.ui/examples/heap/block_loop_contracts/Free/blockContracts1.key 
147545     DEBUG main            d.u.i.k.p.i.AbstractProblemLoader Environment load took 138.3ns 
147546     INFO  main            d.u.i.k.p.i.AbstractProblemLoader Creating init config 
150487     DEBUG main            d.u.i.k.p.i.AbstractProblemLoader Init config took 2.94s 
150555     INFO  main            d.u.i.k.p.i.AbstractProblemLoader Replaying proof FreeConditions[FreeConditions::blockContract1()].JML normal_behavior operation contract.0 
150557     DEBUG main            d.u.i.k.p.i.IntermediateProofReplayer Proof replay took 11.6ns 
150659     INFO  main            d.u.i.k.p.r.p.TestFile    ... finished proof: closed. 
150967     INFO  main            d.u.i.k.p.i.AbstractProblemLoader Loading environment from /home/runner/work/key/key/key.core/../key.ui/examples/heap/block_loop_contracts/Free/blockContracts1.key.proof 
150967     DEBUG main            d.u.i.k.p.i.AbstractProblemLoader Environment load took 110.4ns 
150968     INFO  main            d.u.i.k.p.i.AbstractProblemLoader Creating init config 
153848     DEBUG main            d.u.i.k.p.i.AbstractProblemLoader Init config took 2.88s 
153901     INFO  main            d.u.i.k.p.i.AbstractProblemLoader Replaying proof FreeConditions[FreeConditions::blockContract1()].JML normal_behavior operation contract.0 
153922     DEBUG main            d.u.i.k.p.i.IntermediateProofReplayer Proof replay took 17.64ms 
153923     DEBUG main            d.u.i.k.p.r.p.TestFile    ... success: reloaded. 
153924     INFO  main            d.u.i.k.p.r.p.TestFile    Now processing file /home/runner/work/key/key/key.core/../key.ui/examples/heap/block_loop_contracts/Finally/block_finally.key 
153925     INFO  main            d.u.i.k.p.i.AbstractProblemLoader Loading environment from /home/runner/work/key/key/key.core/../key.ui/examples/heap/block_loop_contracts/Finally/block_finally.key 
153925     DEBUG main            d.u.i.k.p.i.AbstractProblemLoader Environment load took 302.9ns 
153926     INFO  main            d.u.i.k.p.i.AbstractProblemLoader Creating init config 
156819     DEBUG main            d.u.i.k.p.i.AbstractProblemLoader Init config took 2.89s 
156860     INFO  main            d.u.i.k.p.i.AbstractProblemLoader Replaying proof AuxiliaryContractsFinally[AuxiliaryContractsFinally::breakThrowContinueBlockContract(java.lang.Exception)].JML block contract.0 
156862     DEBUG main            d.u.i.k.p.i.IntermediateProofReplayer Proof replay took 12.6ns 
157467     INFO  main            d.u.i.k.p.r.p.TestFile    ... finished proof: open goal(s) 
157797     INFO  main            d.u.i.k.p.r.p.TestFile    Now processing file /home/runner/work/key/key/key.core/../key.ui/examples/heap/block_loop_contracts/Finally/loop_finally.key 
157797     INFO  main            d.u.i.k.p.i.AbstractProblemLoader Loading environment from /home/runner/work/key/key/key.core/../key.ui/examples/heap/block_loop_contracts/Finally/loop_finally.key 
157798     DEBUG main            d.u.i.k.p.i.AbstractProblemLoader Environment load took 551.8ns 
157799     INFO  main            d.u.i.k.p.i.AbstractProblemLoader Creating init config 
160600     DEBUG main            d.u.i.k.p.i.AbstractProblemLoader Init config took 2.8s 
160644     INFO  main            d.u.i.k.p.i.AbstractProblemLoader Replaying proof AuxiliaryContractsFinally[AuxiliaryContractsFinally::breakThrowContinueLoopContract(java.lang.Exception)].JML normal_behavior loop contract.0 
160646     DEBUG main            d.u.i.k.p.i.IntermediateProofReplayer Proof replay took 12.2ns 
161363     INFO  main            d.u.i.k.p.r.p.TestFile    ... finished proof: open goal(s) 
762128     INFO  Test worker     d.u.i.k.p.r.RunAllProofsTestUnit Returning from test blockContracts 
762129     INFO  Test worker     d.u.i.k.p.r.RunAllProofsTestUnit Running test jmlAsserts 
409        INFO  Timeout watchdog d.u.i.k.p.r.p.ForkedTestFileRunner Timeout watcher launched (2000 secs.) 
432        WARN  main            d.u.i.k.s.ProofSettings   The settings in /home/runner/.key/proof-settings.props are *not* read. 
490        INFO  main            d.u.i.k.p.r.p.TestFile    Now processing file /home/runner/work/key/key/key.core/../key.ui/examples/standard_key/java_dl/jml-assert/assert.key 
635        INFO  main            d.u.i.k.p.i.AbstractProblemLoader Loading environment from /home/runner/work/key/key/key.core/../key.ui/examples/standard_key/java_dl/jml-assert/assert.key 
660        DEBUG main            d.u.i.k.p.i.AbstractProblemLoader Environment load took 2.45ms 
917        INFO  main            d.u.i.k.p.i.AbstractProblemLoader Creating init config 
1998       DEBUG main            d.u.i.k.j.TypeConverter   No LDT found for Meta 
1999       DEBUG main            d.u.i.k.j.TypeConverter   No LDT found for Meta 
2007       DEBUG main            d.u.i.k.j.TypeConverter   No LDT found for Meta 
2007       DEBUG main            d.u.i.k.j.TypeConverter   No LDT found for Meta 
3972       DEBUG main            d.u.i.k.j.TypeConverter   No LDT found for JavaBigintExpression 
10511      DEBUG main            d.u.i.k.p.i.AbstractProblemLoader Init config took 9.59s 
10670      INFO  main            d.u.i.k.p.i.AbstractProblemLoader Replaying proof Assert[Assert::createArray(int)].JML normal_behavior operation contract.0 
10714      DEBUG main            d.u.i.k.p.i.IntermediateProofReplayer Proof replay took 35.8ns 
11686      INFO  main            d.u.i.k.p.r.p.TestFile    ... finished proof: closed. 
11821      INFO  main            d.u.i.k.p.i.AbstractProblemLoader Loading environment from /home/runner/work/key/key/key.core/../key.ui/examples/standard_key/java_dl/jml-assert/assert.key.proof 
11821      DEBUG main            d.u.i.k.p.i.AbstractProblemLoader Environment load took 176.4ns 
11824      INFO  main            d.u.i.k.p.i.AbstractProblemLoader Creating init config 
15193      DEBUG main            d.u.i.k.p.i.AbstractProblemLoader Init config took 3.37s 
15270      INFO  main            d.u.i.k.p.i.AbstractProblemLoader Replaying proof Assert[Assert::createArray(int)].JML normal_behavior operation contract.0 
15392      DEBUG main            d.u.i.k.p.i.IntermediateProofReplayer Proof replay took 115.99ms 
15402      DEBUG main            d.u.i.k.p.r.p.TestFile    ... success: reloaded. 
15411      INFO  main            d.u.i.k.p.r.p.TestFile    Now processing file /home/runner/work/key/key/key.core/../key.ui/examples/heap/block_loop_contracts/Free/assertions0.key 
15412      INFO  main            d.u.i.k.p.i.AbstractProblemLoader Loading environment from /home/runner/work/key/key/key.core/../key.ui/examples/heap/block_loop_contracts/Free/assertions0.key 
15412      DEBUG main            d.u.i.k.p.i.AbstractProblemLoader Environment load took 257.4ns 
15416      INFO  main            d.u.i.k.p.i.AbstractProblemLoader Creating init config 
18609      DEBUG main            d.u.i.k.p.i.AbstractProblemLoader Init config took 3.19s 
18675      INFO  main            d.u.i.k.p.i.AbstractProblemLoader Replaying proof FreeConditions[FreeConditions::assertions0()].JML normal_behavior operation contract.0 
18689      DEBUG main            d.u.i.k.p.i.IntermediateProofReplayer Proof replay took 42.4ns 
18894      INFO  main            d.u.i.k.p.r.p.TestFile    ... finished proof: closed. 
19049      INFO  main            d.u.i.k.p.i.AbstractProblemLoader Loading environment from /home/runner/work/key/key/key.core/../key.ui/examples/heap/block_loop_contracts/Free/assertions0.key.proof 
19050      DEBUG main            d.u.i.k.p.i.AbstractProblemLoader Environment load took 578.7ns 
19054      INFO  main            d.u.i.k.p.i.AbstractProblemLoader Creating init config 
22114      DEBUG main            d.u.i.k.p.i.AbstractProblemLoader Init config took 3.06s 
22170      INFO  main            d.u.i.k.p.i.AbstractProblemLoader Replaying proof FreeConditions[FreeConditions::assertions0()].JML normal_behavior operation contract.0 
22203      DEBUG main            d.u.i.k.p.i.IntermediateProofReplayer Proof replay took 30.44ms 
22205      DEBUG main            d.u.i.k.p.r.p.TestFile    ... success: reloaded. 
22207      INFO  main            d.u.i.k.p.r.p.TestFile    Now processing file /home/runner/work/key/key/key.core/../key.ui/examples/heap/block_loop_contracts/Free/assertions1.key 
22209      INFO  main            d.u.i.k.p.i.AbstractProblemLoader Loading environment from /home/runner/work/key/key/key.core/../key.ui/examples/heap/block_loop_contracts/Free/assertions1.key 
22209      DEBUG main            d.u.i.k.p.i.AbstractProblemLoader Environment load took 328.5ns 
22210      INFO  main            d.u.i.k.p.i.AbstractProblemLoader Creating init config 
25290      DEBUG main            d.u.i.k.p.i.AbstractProblemLoader Init config took 3.08s 
25350      INFO  main            d.u.i.k.p.i.AbstractProblemLoader Replaying proof FreeConditions[FreeConditions::assertions1()].JML normal_behavior operation contract.0 
25356      DEBUG main            d.u.i.k.p.i.IntermediateProofReplayer Proof replay took 13.2ns 
25458      INFO  main            d.u.i.k.p.r.p.TestFile    ... finished proof: closed. 
25680      INFO  main            d.u.i.k.p.i.AbstractProblemLoader Loading environment from /home/runner/work/key/key/key.core/../key.ui/examples/heap/block_loop_contracts/Free/assertions1.key.proof 
25680      DEBUG main            d.u.i.k.p.i.AbstractProblemLoader Environment load took 150.5ns 
25682      INFO  main            d.u.i.k.p.i.AbstractProblemLoader Creating init config 
28581      DEBUG main            d.u.i.k.p.i.AbstractProblemLoader Init config took 2.9s 
28633      INFO  main            d.u.i.k.p.i.AbstractProblemLoader Replaying proof FreeConditions[FreeConditions::assertions1()].JML normal_behavior operation contract.0 
28642      DEBUG main            d.u.i.k.p.i.IntermediateProofReplayer Proof replay took 6.59ms 
28643      DEBUG main            d.u.i.k.p.r.p.TestFile    ... success: reloaded. 
28645      INFO  main            d.u.i.k.p.r.p.TestFile    Now processing file /home/runner/work/key/key/key.core/../key.ui/examples/standard_key/java_dl/jml-assert/recursion-assert.key 
28646      INFO  main            d.u.i.k.p.i.AbstractProblemLoader Loading environment from /home/runner/work/key/key/key.core/../key.ui/examples/standard_key/java_dl/jml-assert/recursion-assert.key 
28646      DEBUG main            d.u.i.k.p.i.AbstractProblemLoader Environment load took 279.5ns 
28647      INFO  main            d.u.i.k.p.i.AbstractProblemLoader Creating init config 
31642      DEBUG main            d.u.i.k.p.i.AbstractProblemLoader Init config took 2.99s 
31727      INFO  main            d.u.i.k.p.i.AbstractProblemLoader Replaying proof RecursiveMethod[RecursiveMethod::fac1(int)].JML normal_behavior operation contract.0 
31731      DEBUG main            d.u.i.k.p.i.IntermediateProofReplayer Proof replay took 7.1ns 
32034      INFO  main            d.u.i.k.p.r.p.TestFile    ... finished proof: closed. 
32223      INFO  main            d.u.i.k.p.i.AbstractProblemLoader Loading environment from /home/runner/work/key/key/key.core/../key.ui/examples/standard_key/java_dl/jml-assert/recursion-assert.key.proof 
32224      DEBUG main            d.u.i.k.p.i.AbstractProblemLoader Environment load took 628.1ns 
32225      INFO  main            d.u.i.k.p.i.AbstractProblemLoader Creating init config 
35314      DEBUG main            d.u.i.k.p.i.AbstractProblemLoader Init config took 3.09s 
35375      INFO  main            d.u.i.k.p.i.AbstractProblemLoader Replaying proof RecursiveMethod[RecursiveMethod::fac1(int)].JML normal_behavior operation contract.0 
35429      DEBUG main            d.u.i.k.p.i.IntermediateProofReplayer Proof replay took 51.17ms 
35431      DEBUG main            d.u.i.k.p.r.p.TestFile    ... success: reloaded. 
35432      INFO  main            d.u.i.k.p.r.p.TestFile    Now processing file /home/runner/work/key/key/key.core/../key.ui/examples/standard_key/java_dl/jml-assert/recursion-assume.key 
35433      INFO  main            d.u.i.k.p.i.AbstractProblemLoader Loading environment from /home/runner/work/key/key/key.core/../key.ui/examples/standard_key/java_dl/jml-assert/recursion-assume.key 
35433      DEBUG main            d.u.i.k.p.i.AbstractProblemLoader Environment load took 253.2ns 
35434      INFO  main            d.u.i.k.p.i.AbstractProblemLoader Creating init config 
38448      DEBUG main            d.u.i.k.p.i.AbstractProblemLoader Init config took 3.01s 
38500      INFO  main            d.u.i.k.p.i.AbstractProblemLoader Replaying proof RecursiveMethod[RecursiveMethod::fac2(int)].JML normal_behavior operation contract.0 
38502      DEBUG main            d.u.i.k.p.i.IntermediateProofReplayer Proof replay took 5.2ns 
38705      INFO  main            d.u.i.k.p.r.p.TestFile    ... finished proof: closed. 
38902      INFO  main            d.u.i.k.p.i.AbstractProblemLoader Loading environment from /home/runner/work/key/key/key.core/../key.ui/examples/standard_key/java_dl/jml-assert/recursion-assume.key.proof 
38903      DEBUG main            d.u.i.k.p.i.AbstractProblemLoader Environment load took 592.1ns 
38904      INFO  main            d.u.i.k.p.i.AbstractProblemLoader Creating init config 
41962      DEBUG main            d.u.i.k.p.i.AbstractProblemLoader Init config took 3.06s 
42011      INFO  main            d.u.i.k.p.i.AbstractProblemLoader Replaying proof RecursiveMethod[RecursiveMethod::fac2(int)].JML normal_behavior operation contract.0 
42059      DEBUG main            d.u.i.k.p.i.IntermediateProofReplayer Proof replay took 45.14ms 
42061      DEBUG main            d.u.i.k.p.r.p.TestFile    ... success: reloaded. 
42062      INFO  main            d.u.i.k.p.r.p.TestFile    Now processing file /home/runner/work/key/key/key.core/../key.ui/examples/standard_key/java_dl/jml-assert/quantor-assert.key 
42063      INFO  main            d.u.i.k.p.i.AbstractProblemLoader Loading environment from /home/runner/work/key/key/key.core/../key.ui/examples/standard_key/java_dl/jml-assert/quantor-assert.key 
42063      DEBUG main            d.u.i.k.p.i.AbstractProblemLoader Environment load took 255.6ns 
42064      INFO  main            d.u.i.k.p.i.AbstractProblemLoader Creating init config 
45143      DEBUG main            d.u.i.k.p.i.AbstractProblemLoader Init config took 3.08s 
45189      INFO  main            d.u.i.k.p.i.AbstractProblemLoader Replaying proof Quantor[Quantor::square1(int)].JML normal_behavior operation contract.0 
45191      DEBUG main            d.u.i.k.p.i.IntermediateProofReplayer Proof replay took 6.6ns 
45394      INFO  main            d.u.i.k.p.r.p.TestFile    ... finished proof: closed. 
45603      INFO  main            d.u.i.k.p.i.AbstractProblemLoader Loading environment from /home/runner/work/key/key/key.core/../key.ui/examples/standard_key/java_dl/jml-assert/quantor-assert.key.proof 
45603      DEBUG main            d.u.i.k.p.i.AbstractProblemLoader Environment load took 542.9ns 
45605      INFO  main            d.u.i.k.p.i.AbstractProblemLoader Creating init config 
48659      DEBUG main            d.u.i.k.p.i.AbstractProblemLoader Init config took 3.05s 
48708      INFO  main            d.u.i.k.p.i.AbstractProblemLoader Replaying proof Quantor[Quantor::square1(int)].JML normal_behavior operation contract.0 
48737      DEBUG main            d.u.i.k.p.i.IntermediateProofReplayer Proof replay took 22.73ms 
48739      DEBUG main            d.u.i.k.p.r.p.TestFile    ... success: reloaded. 
48740      INFO  main            d.u.i.k.p.r.p.TestFile    Now processing file /home/runner/work/key/key/key.core/../key.ui/examples/standard_key/java_dl/jml-assert/quantor-assume.key 
48741      INFO  main            d.u.i.k.p.i.AbstractProblemLoader Loading environment from /home/runner/work/key/key/key.core/../key.ui/examples/standard_key/java_dl/jml-assert/quantor-assume.key 
48741      DEBUG main            d.u.i.k.p.i.AbstractProblemLoader Environment load took 262.8ns 
48742      INFO  main            d.u.i.k.p.i.AbstractProblemLoader Creating init config 
51873      DEBUG main            d.u.i.k.p.i.AbstractProblemLoader Init config took 3.13s 
51920      INFO  main            d.u.i.k.p.i.AbstractProblemLoader Replaying proof Quantor[Quantor::square2(int)].JML normal_behavior operation contract.0 
51922      DEBUG main            d.u.i.k.p.i.IntermediateProofReplayer Proof replay took 7.4ns 
52025      INFO  main            d.u.i.k.p.r.p.TestFile    ... finished proof: closed. 
52235      INFO  main            d.u.i.k.p.i.AbstractProblemLoader Loading environment from /home/runner/work/key/key/key.core/../key.ui/examples/standard_key/java_dl/jml-assert/quantor-assume.key.proof 
52235      DEBUG main            d.u.i.k.p.i.AbstractProblemLoader Environment load took 127.9ns 
52236      INFO  main            d.u.i.k.p.i.AbstractProblemLoader Creating init config 
55289      DEBUG main            d.u.i.k.p.i.AbstractProblemLoader Init config took 3.05s 
55339      INFO  main            d.u.i.k.p.i.AbstractProblemLoader Replaying proof Quantor[Quantor::square2(int)].JML normal_behavior operation contract.0 
55357      DEBUG main            d.u.i.k.p.i.IntermediateProofReplayer Proof replay took 15.64ms 
55358      DEBUG main            d.u.i.k.p.r.p.TestFile    ... success: reloaded. 
55360      INFO  main            d.u.i.k.p.r.p.TestFile    Now processing file /home/runner/work/key/key/key.core/../key.ui/examples/standard_key/java_dl/jml-assert/model-methods-static-static.key 
55360      INFO  main            d.u.i.k.p.i.AbstractProblemLoader Loading environment from /home/runner/work/key/key/key.core/../key.ui/examples/standard_key/java_dl/jml-assert/model-methods-static-static.key 
55360      DEBUG main            d.u.i.k.p.i.AbstractProblemLoader Environment load took 261ns 
55361      INFO  main            d.u.i.k.p.i.AbstractProblemLoader Creating init config 
58443      DEBUG main            d.u.i.k.p.i.AbstractProblemLoader Init config took 3.08s 
58492      INFO  main            d.u.i.k.p.i.AbstractProblemLoader Replaying proof ModelMethods[ModelMethods::test1()].JML normal_behavior operation contract.0 
58494      DEBUG main            d.u.i.k.p.i.IntermediateProofReplayer Proof replay took 16.8ns 
58596      INFO  main            d.u.i.k.p.r.p.TestFile    ... finished proof: closed. 
58814      INFO  main            d.u.i.k.p.i.AbstractProblemLoader Loading environment from /home/runner/work/key/key/key.core/../key.ui/examples/standard_key/java_dl/jml-assert/model-methods-static-static.key.proof 
58817      DEBUG main            d.u.i.k.p.i.AbstractProblemLoader Environment load took 2.78ms 
58818      INFO  main            d.u.i.k.p.i.AbstractProblemLoader Creating init config 
61745      DEBUG main            d.u.i.k.p.i.AbstractProblemLoader Init config took 2.93s 
61788      INFO  main            d.u.i.k.p.i.AbstractProblemLoader Replaying proof ModelMethods[ModelMethods::test1()].JML normal_behavior operation contract.0 
61797      DEBUG main            d.u.i.k.p.i.IntermediateProofReplayer Proof replay took 6.59ms 
61798      DEBUG main            d.u.i.k.p.r.p.TestFile    ... success: reloaded. 
61799      INFO  main            d.u.i.k.p.r.p.TestFile    Now processing file /home/runner/work/key/key/key.core/../key.ui/examples/standard_key/java_dl/jml-assert/model-methods-instance-static.key 
61800      INFO  main            d.u.i.k.p.i.AbstractProblemLoader Loading environment from /home/runner/work/key/key/key.core/../key.ui/examples/standard_key/java_dl/jml-assert/model-methods-instance-static.key 
61800      DEBUG main            d.u.i.k.p.i.AbstractProblemLoader Environment load took 319.3ns 
61801      INFO  main            d.u.i.k.p.i.AbstractProblemLoader Creating init config 
64775      DEBUG main            d.u.i.k.p.i.AbstractProblemLoader Init config took 2.97s 
64815      INFO  main            d.u.i.k.p.i.AbstractProblemLoader Replaying proof ModelMethods[ModelMethods::test2()].JML normal_behavior operation contract.0 
64821      DEBUG main            d.u.i.k.p.i.IntermediateProofReplayer Proof replay took 7.7ns 
64926      INFO  main            d.u.i.k.p.r.p.TestFile    ... finished proof: closed. 
65137      INFO  main            d.u.i.k.p.i.AbstractProblemLoader Loading environment from /home/runner/work/key/key/key.core/../key.ui/examples/standard_key/java_dl/jml-assert/model-methods-instance-static.key.proof 
65138      DEBUG main            d.u.i.k.p.i.AbstractProblemLoader Environment load took 124.3ns 
65139      INFO  main            d.u.i.k.p.i.AbstractProblemLoader Creating init config 
68122      DEBUG main            d.u.i.k.p.i.AbstractProblemLoader Init config took 2.98s 
68176      INFO  main            d.u.i.k.p.i.AbstractProblemLoader Replaying proof ModelMethods[ModelMethods::test2()].JML normal_behavior operation contract.0 
68199      DEBUG main            d.u.i.k.p.i.IntermediateProofReplayer Proof replay took 19.28ms 
68201      DEBUG main            d.u.i.k.p.r.p.TestFile    ... success: reloaded. 
68203      INFO  main            d.u.i.k.p.r.p.TestFile    Now processing file /home/runner/work/key/key/key.core/../key.ui/examples/standard_key/java_dl/jml-assert/model-methods-instance-instance.key 
68203      INFO  main            d.u.i.k.p.i.AbstractProblemLoader Loading environment from /home/runner/work/key/key/key.core/../key.ui/examples/standard_key/java_dl/jml-assert/model-methods-instance-instance.key 
68203      DEBUG main            d.u.i.k.p.i.AbstractProblemLoader Environment load took 255.4ns 
68205      INFO  main            d.u.i.k.p.i.AbstractProblemLoader Creating init config 
71177      DEBUG main            d.u.i.k.p.i.AbstractProblemLoader Init config took 2.97s 
71220      INFO  main            d.u.i.k.p.i.AbstractProblemLoader Replaying proof ModelMethods[ModelMethods::test3()].JML normal_behavior operation contract.0 
71221      DEBUG main            d.u.i.k.p.i.IntermediateProofReplayer Proof replay took 6.1ns 
71325      INFO  main            d.u.i.k.p.r.p.TestFile    ... finished proof: closed. 
71566      INFO  main            d.u.i.k.p.i.AbstractProblemLoader Loading environment from /home/runner/work/key/key/key.core/../key.ui/examples/standard_key/java_dl/jml-assert/model-methods-instance-instance.key.proof 
71567      DEBUG main            d.u.i.k.p.i.AbstractProblemLoader Environment load took 955.5ns 
71568      INFO  main            d.u.i.k.p.i.AbstractProblemLoader Creating init config 
74457      DEBUG main            d.u.i.k.p.i.AbstractProblemLoader Init config took 2.89s 
74499      INFO  main            d.u.i.k.p.i.AbstractProblemLoader Replaying proof ModelMethods[ModelMethods::test3()].JML normal_behavior operation contract.0 
74515      DEBUG main            d.u.i.k.p.i.IntermediateProofReplayer Proof replay took 13.41ms 
74516      DEBUG main            d.u.i.k.p.r.p.TestFile    ... success: reloaded. 
74518      INFO  main            d.u.i.k.p.r.p.TestFile    Now processing file /home/runner/work/key/key/key.core/../key.ui/examples/standard_key/java_dl/jml-assert/model-methods-static-instance.key 
74518      INFO  main            d.u.i.k.p.i.AbstractProblemLoader Loading environment from /home/runner/work/key/key/key.core/../key.ui/examples/standard_key/java_dl/jml-assert/model-methods-static-instance.key 
74518      DEBUG main            d.u.i.k.p.i.AbstractProblemLoader Environment load took 291.6ns 
74520      INFO  main            d.u.i.k.p.i.AbstractProblemLoader Creating init config 
77574      DEBUG main            d.u.i.k.p.i.AbstractProblemLoader Init config took 3.05s 
77622      INFO  main            d.u.i.k.p.i.AbstractProblemLoader Replaying proof ModelMethods[ModelMethods::test4()].JML normal_behavior operation contract.0 
77624      DEBUG main            d.u.i.k.p.i.IntermediateProofReplayer Proof replay took 7.1ns 
77826      INFO  main            d.u.i.k.p.r.p.TestFile    ... finished proof: closed. 
78076      INFO  main            d.u.i.k.p.i.AbstractProblemLoader Loading environment from /home/runner/work/key/key/key.core/../key.ui/examples/standard_key/java_dl/jml-assert/model-methods-static-instance.key.proof 
78076      DEBUG main            d.u.i.k.p.i.AbstractProblemLoader Environment load took 152.4ns 
78077      INFO  main            d.u.i.k.p.i.AbstractProblemLoader Creating init config 
80964      DEBUG main            d.u.i.k.p.i.AbstractProblemLoader Init config took 2.89s 
81010      INFO  main            d.u.i.k.p.i.AbstractProblemLoader Replaying proof ModelMethods[ModelMethods::test4()].JML normal_behavior operation contract.0 
81046      DEBUG main            d.u.i.k.p.i.IntermediateProofReplayer Proof replay took 32.79ms 
81047      DEBUG main            d.u.i.k.p.r.p.TestFile    ... success: reloaded. 
81048      INFO  main            d.u.i.k.p.r.p.TestFile    Now processing file /home/runner/work/key/key/key.core/../key.ui/examples/standard_key/java_dl/jml-assert/assert-old/inc-field.key 
81048      INFO  main            d.u.i.k.p.i.AbstractProblemLoader Loading environment from /home/runner/work/key/key/key.core/../key.ui/examples/standard_key/java_dl/jml-assert/assert-old/inc-field.key 
81048      DEBUG main            d.u.i.k.p.i.AbstractProblemLoader Environment load took 147ns 
81049      INFO  main            d.u.i.k.p.i.AbstractProblemLoader Creating init config 
84007      DEBUG main            d.u.i.k.p.i.AbstractProblemLoader Init config took 2.96s 
84047      INFO  main            d.u.i.k.p.i.AbstractProblemLoader Replaying proof Inc[Inc::inc_field()].JML normal_behavior operation contract.0 
84048      DEBUG main            d.u.i.k.p.i.IntermediateProofReplayer Proof replay took 6.7ns 
84251      INFO  main            d.u.i.k.p.r.p.TestFile    ... finished proof: closed. 
84494      INFO  main            d.u.i.k.p.i.AbstractProblemLoader Loading environment from /home/runner/work/key/key/key.core/../key.ui/examples/standard_key/java_dl/jml-assert/assert-old/inc-field.key.proof 
84501      DEBUG main            d.u.i.k.p.i.AbstractProblemLoader Environment load took 6.97ms 
84503      INFO  main            d.u.i.k.p.i.AbstractProblemLoader Creating init config 
87394      DEBUG main            d.u.i.k.p.i.AbstractProblemLoader Init config took 2.89s 
87439      INFO  main            d.u.i.k.p.i.AbstractProblemLoader Replaying proof Inc[Inc::inc_field()].JML normal_behavior operation contract.0 
87470      DEBUG main            d.u.i.k.p.i.IntermediateProofReplayer Proof replay took 28.5ms 
87472      DEBUG main            d.u.i.k.p.r.p.TestFile    ... success: reloaded. 
87473      INFO  main            d.u.i.k.p.r.p.TestFile    Now processing file /home/runner/work/key/key/key.core/../key.ui/examples/standard_key/java_dl/jml-assert/assert-old/inc-parameter.key 
87473      INFO  main            d.u.i.k.p.i.AbstractProblemLoader Loading environment from /home/runner/work/key/key/key.core/../key.ui/examples/standard_key/java_dl/jml-assert/assert-old/inc-parameter.key 
87473      DEBUG main            d.u.i.k.p.i.AbstractProblemLoader Environment load took 254.7ns 
87474      INFO  main            d.u.i.k.p.i.AbstractProblemLoader Creating init config 
90215      DEBUG main            d.u.i.k.p.i.AbstractProblemLoader Init config took 2.74s 
90254      INFO  main            d.u.i.k.p.i.AbstractProblemLoader Replaying proof Inc[Inc::inc_parameter(int)].JML normal_behavior operation contract.0 
90256      DEBUG main            d.u.i.k.p.i.IntermediateProofReplayer Proof replay took 7ns 
90358      INFO  main            d.u.i.k.p.r.p.TestFile    ... finished proof: closed. 
90625      INFO  main            d.u.i.k.p.i.AbstractProblemLoader Loading environment from /home/runner/work/key/key/key.core/../key.ui/examples/standard_key/java_dl/jml-assert/assert-old/inc-parameter.key.proof 
90625      DEBUG main            d.u.i.k.p.i.AbstractProblemLoader Environment load took 126.2ns 
90626      INFO  main            d.u.i.k.p.i.AbstractProblemLoader Creating init config 
93486      DEBUG main            d.u.i.k.p.i.AbstractProblemLoader Init config took 2.86s 
93525      INFO  main            d.u.i.k.p.i.AbstractProblemLoader Replaying proof Inc[Inc::inc_parameter(int)].JML normal_behavior operation contract.0 
93544      DEBUG main            d.u.i.k.p.i.IntermediateProofReplayer Proof replay took 16.77ms 
93545      DEBUG main            d.u.i.k.p.r.p.TestFile    ... success: reloaded. 
93546      INFO  main            d.u.i.k.p.r.p.TestFile    Now processing file /home/runner/work/key/key/key.core/../key.ui/examples/standard_key/java_dl/jml-assert/assert-old/inc-parameter-field.key 
93547      INFO  main            d.u.i.k.p.i.AbstractProblemLoader Loading environment from /home/runner/work/key/key/key.core/../key.ui/examples/standard_key/java_dl/jml-assert/assert-old/inc-parameter-field.key 
93547      DEBUG main            d.u.i.k.p.i.AbstractProblemLoader Environment load took 262.1ns 
93548      INFO  main            d.u.i.k.p.i.AbstractProblemLoader Creating init config 
96395      DEBUG main            d.u.i.k.p.i.AbstractProblemLoader Init config took 2.85s 
96440      INFO  main            d.u.i.k.p.i.AbstractProblemLoader Replaying proof Inc[Inc::inc_parameter_field(Inc)].JML normal_behavior operation contract.0 
96441      DEBUG main            d.u.i.k.p.i.IntermediateProofReplayer Proof replay took 6.5ns 
96645      INFO  main            d.u.i.k.p.r.p.TestFile    ... finished proof: closed. 
96916      INFO  main            d.u.i.k.p.i.AbstractProblemLoader Loading environment from /home/runner/work/key/key/key.core/../key.ui/examples/standard_key/java_dl/jml-assert/assert-old/inc-parameter-field.key.proof 
96916      DEBUG main            d.u.i.k.p.i.AbstractProblemLoader Environment load took 130.2ns 
96918      INFO  main            d.u.i.k.p.i.AbstractProblemLoader Creating init config 
99706      DEBUG main            d.u.i.k.p.i.AbstractProblemLoader Init config took 2.79s 
99755      INFO  main            d.u.i.k.p.i.AbstractProblemLoader Replaying proof Inc[Inc::inc_parameter_field(Inc)].JML normal_behavior operation contract.0 
99790      DEBUG main            d.u.i.k.p.i.IntermediateProofReplayer Proof replay took 33.2ms 
99791      DEBUG main            d.u.i.k.p.r.p.TestFile    ... success: reloaded. 
99792      INFO  main            d.u.i.k.p.r.p.TestFile    Now processing file /home/runner/work/key/key/key.core/../key.ui/examples/standard_key/java_dl/jml-assert/assert-old/inc-ghost-field.key 
99792      INFO  main            d.u.i.k.p.i.AbstractProblemLoader Loading environment from /home/runner/work/key/key/key.core/../key.ui/examples/standard_key/java_dl/jml-assert/assert-old/inc-ghost-field.key 
99793      DEBUG main            d.u.i.k.p.i.AbstractProblemLoader Environment load took 129.4ns 
99794      INFO  main            d.u.i.k.p.i.AbstractProblemLoader Creating init config 
102690     DEBUG main            d.u.i.k.p.i.AbstractProblemLoader Init config took 2.9s 
102729     INFO  main            d.u.i.k.p.i.AbstractProblemLoader Replaying proof Inc[Inc::inc_ghost_field()].JML normal_behavior operation contract.0 
102731     DEBUG main            d.u.i.k.p.i.IntermediateProofReplayer Proof replay took 6.9ns 
102834     INFO  main            d.u.i.k.p.r.p.TestFile    ... finished proof: closed. 
103126     INFO  main            d.u.i.k.p.i.AbstractProblemLoader Loading environment from /home/runner/work/key/key/key.core/../key.ui/examples/standard_key/java_dl/jml-assert/assert-old/inc-ghost-field.key.proof 
103126     DEBUG main            d.u.i.k.p.i.AbstractProblemLoader Environment load took 126.9ns 
103127     INFO  main            d.u.i.k.p.i.AbstractProblemLoader Creating init config 
105892     DEBUG main            d.u.i.k.p.i.AbstractProblemLoader Init config took 2.76s 
105928     INFO  main            d.u.i.k.p.i.AbstractProblemLoader Replaying proof Inc[Inc::inc_ghost_field()].JML normal_behavior operation contract.0 
105955     DEBUG main            d.u.i.k.p.i.IntermediateProofReplayer Proof replay took 25.41ms 
105956     DEBUG main            d.u.i.k.p.r.p.TestFile    ... success: reloaded. 
868288     INFO  Test worker     d.u.i.k.p.r.RunAllProofsTestUnit Returning from test jmlAsserts 
868289     INFO  Test worker     d.u.i.k.p.r.RunAllProofsTestUnit Running test javaCard 
457        INFO  Timeout watchdog d.u.i.k.p.r.p.ForkedTestFileRunner Timeout watcher launched (2000 secs.) 
489        WARN  main            d.u.i.k.s.ProofSettings   The settings in /home/runner/.key/proof-settings.props are *not* read. 
550        INFO  main            d.u.i.k.p.r.p.TestFile    Now processing file /home/runner/work/key/key/key.core/../key.ui/examples/heap/javacard/updateBalance0.key 
694        INFO  main            d.u.i.k.p.i.AbstractProblemLoader Loading environment from /home/runner/work/key/key/key.core/../key.ui/examples/heap/javacard/updateBalance0.key 
713        DEBUG main            d.u.i.k.p.i.AbstractProblemLoader Environment load took 2.3ms 
1001       INFO  main            d.u.i.k.p.i.AbstractProblemLoader Creating init config 
2091       DEBUG main            d.u.i.k.j.TypeConverter   No LDT found for Meta 
2092       DEBUG main            d.u.i.k.j.TypeConverter   No LDT found for Meta 
2093       DEBUG main            d.u.i.k.j.TypeConverter   No LDT found for Meta 
2093       DEBUG main            d.u.i.k.j.TypeConverter   No LDT found for Meta 
3801       DEBUG main            d.u.i.k.j.TypeConverter   No LDT found for JavaBigintExpression 
8180       DEBUG main            d.u.i.k.p.i.AbstractProblemLoader Init config took 7.18s 
8393       INFO  main            d.u.i.k.p.i.AbstractProblemLoader Replaying proof Examples[Examples::updateBalance(short)].JML normal_behavior operation contract.0 
8437       DEBUG main            d.u.i.k.p.i.IntermediateProofReplayer Proof replay took 35.9ns 
9994       INFO  main            d.u.i.k.p.r.p.TestFile    ... finished proof: closed. 
10127      INFO  main            d.u.i.k.p.i.AbstractProblemLoader Loading environment from /home/runner/work/key/key/key.core/../key.ui/examples/heap/javacard/updateBalance0.key.proof 
10128      DEBUG main            d.u.i.k.p.i.AbstractProblemLoader Environment load took 662.7ns 
10131      INFO  main            d.u.i.k.p.i.AbstractProblemLoader Creating init config 
12185      DEBUG main            d.u.i.k.p.i.AbstractProblemLoader Init config took 2.05s 
12257      INFO  main            d.u.i.k.p.i.AbstractProblemLoader Replaying proof Examples[Examples::updateBalance(short)].JML normal_behavior operation contract.0 
12470      DEBUG main            d.u.i.k.p.i.IntermediateProofReplayer Proof replay took 199.08ms 
12481      DEBUG main            d.u.i.k.p.r.p.TestFile    ... success: reloaded. 
12491      INFO  main            d.u.i.k.p.r.p.TestFile    Now processing file /home/runner/work/key/key/key.core/../key.ui/examples/heap/javacard/updateBalance1.key 
12492      INFO  main            d.u.i.k.p.i.AbstractProblemLoader Loading environment from /home/runner/work/key/key/key.core/../key.ui/examples/heap/javacard/updateBalance1.key 
12492      DEBUG main            d.u.i.k.p.i.AbstractProblemLoader Environment load took 159ns 
12496      INFO  main            d.u.i.k.p.i.AbstractProblemLoader Creating init config 
14480      DEBUG main            d.u.i.k.p.i.AbstractProblemLoader Init config took 1.98s 
14551      INFO  main            d.u.i.k.p.i.AbstractProblemLoader Replaying proof Examples[Examples::updateBalance(short)].JML normal_behavior operation contract.1 
14555      DEBUG main            d.u.i.k.p.i.IntermediateProofReplayer Proof replay took 6.7ns 
15261      INFO  main            d.u.i.k.p.r.p.TestFile    ... finished proof: closed. 
15399      INFO  main            d.u.i.k.p.i.AbstractProblemLoader Loading environment from /home/runner/work/key/key/key.core/../key.ui/examples/heap/javacard/updateBalance1.key.proof 
15399      DEBUG main            d.u.i.k.p.i.AbstractProblemLoader Environment load took 525ns 
15401      INFO  main            d.u.i.k.p.i.AbstractProblemLoader Creating init config 
17239      DEBUG main            d.u.i.k.p.i.AbstractProblemLoader Init config took 1.84s 
17289      INFO  main            d.u.i.k.p.i.AbstractProblemLoader Replaying proof Examples[Examples::updateBalance(short)].JML normal_behavior operation contract.1 
17446      DEBUG main            d.u.i.k.p.i.IntermediateProofReplayer Proof replay took 151.35ms 
17448      DEBUG main            d.u.i.k.p.r.p.TestFile    ... success: reloaded. 
17451      INFO  main            d.u.i.k.p.r.p.TestFile    Now processing file /home/runner/work/key/key/key.core/../key.ui/examples/heap/javacard/setArray1.key 
17452      INFO  main            d.u.i.k.p.i.AbstractProblemLoader Loading environment from /home/runner/work/key/key/key.core/../key.ui/examples/heap/javacard/setArray1.key 
17452      DEBUG main            d.u.i.k.p.i.AbstractProblemLoader Environment load took 265.4ns 
17453      INFO  main            d.u.i.k.p.i.AbstractProblemLoader Creating init config 
19319      DEBUG main            d.u.i.k.p.i.AbstractProblemLoader Init config took 1.87s 
19372      INFO  main            d.u.i.k.p.i.AbstractProblemLoader Replaying proof Examples[Examples::setArray1([B)].JML normal_behavior operation contract.0 
19375      DEBUG main            d.u.i.k.p.i.IntermediateProofReplayer Proof replay took 6.4ns 
20581      INFO  main            d.u.i.k.p.r.p.TestFile    ... finished proof: closed. 
20799      INFO  main            d.u.i.k.p.i.AbstractProblemLoader Loading environment from /home/runner/work/key/key/key.core/../key.ui/examples/heap/javacard/setArray1.key.proof 
20799      DEBUG main            d.u.i.k.p.i.AbstractProblemLoader Environment load took 543.1ns 
20801      INFO  main            d.u.i.k.p.i.AbstractProblemLoader Creating init config 
22654      DEBUG main            d.u.i.k.p.i.AbstractProblemLoader Init config took 1.85s 
22703      INFO  main            d.u.i.k.p.i.AbstractProblemLoader Replaying proof Examples[Examples::setArray1([B)].JML normal_behavior operation contract.0 
22919      DEBUG main            d.u.i.k.p.i.IntermediateProofReplayer Proof replay took 210.45ms 
22922      DEBUG main            d.u.i.k.p.r.p.TestFile    ... success: reloaded. 
22925      INFO  main            d.u.i.k.p.r.p.TestFile    Now processing file /home/runner/work/key/key/key.core/../key.ui/examples/heap/javacard/setArray2.key 
22925      INFO  main            d.u.i.k.p.i.AbstractProblemLoader Loading environment from /home/runner/work/key/key/key.core/../key.ui/examples/heap/javacard/setArray2.key 
22926      DEBUG main            d.u.i.k.p.i.AbstractProblemLoader Environment load took 265.8ns 
22927      INFO  main            d.u.i.k.p.i.AbstractProblemLoader Creating init config 
24776      DEBUG main            d.u.i.k.p.i.AbstractProblemLoader Init config took 1.85s 
24832      INFO  main            d.u.i.k.p.i.AbstractProblemLoader Replaying proof Examples[Examples::setArray2([B)].JML normal_behavior operation contract.0 
24836      DEBUG main            d.u.i.k.p.i.IntermediateProofReplayer Proof replay took 6.7ns 
26143      INFO  main            d.u.i.k.p.r.p.TestFile    ... finished proof: closed. 
26301      INFO  main            d.u.i.k.p.i.AbstractProblemLoader Loading environment from /home/runner/work/key/key/key.core/../key.ui/examples/heap/javacard/setArray2.key.proof 
26303      DEBUG main            d.u.i.k.p.i.AbstractProblemLoader Environment load took 2.26ms 
26305      INFO  main            d.u.i.k.p.i.AbstractProblemLoader Creating init config 
28201      DEBUG main            d.u.i.k.p.i.AbstractProblemLoader Init config took 1.9s 
28258      INFO  main            d.u.i.k.p.i.AbstractProblemLoader Replaying proof Examples[Examples::setArray2([B)].JML normal_behavior operation contract.0 
28510      DEBUG main            d.u.i.k.p.i.IntermediateProofReplayer Proof replay took 241.09ms 
28513      DEBUG main            d.u.i.k.p.r.p.TestFile    ... success: reloaded. 
28516      INFO  main            d.u.i.k.p.r.p.TestFile    Now processing file /home/runner/work/key/key/key.core/../key.ui/examples/heap/javacard/arrayFillNonAtomic.key 
28516      INFO  main            d.u.i.k.p.i.AbstractProblemLoader Loading environment from /home/runner/work/key/key/key.core/../key.ui/examples/heap/javacard/arrayFillNonAtomic.key 
28516      DEBUG main            d.u.i.k.p.i.AbstractProblemLoader Environment load took 257.4ns 
28518      INFO  main            d.u.i.k.p.i.AbstractProblemLoader Creating init config 
30350      DEBUG main            d.u.i.k.p.i.AbstractProblemLoader Init config took 1.83s 
30428      INFO  main            d.u.i.k.p.i.AbstractProblemLoader Replaying proof javacard.framework.Util[javacard.framework.Util::arrayFillNonAtomic([B,short,short,byte)].JML behavior operation contract.0.transaction_inactive 
30430      DEBUG main            d.u.i.k.p.i.IntermediateProofReplayer Proof replay took 6.3ns 
31373      DEBUG Thread-13       d.u.i.k.l.o.ProgramSV     Match failed: Former match of  SchemaVariable incompatible with  the current match. 
31374      DEBUG Thread-13       d.u.i.k.l.o.ProgramSV     Match failed: Former match of  SchemaVariable incompatible with  the current match. 
33019      DEBUG Thread-13       d.u.i.k.l.o.ProgramSV     Match failed: Former match of  SchemaVariable incompatible with  the current match. 
33020      DEBUG Thread-13       d.u.i.k.l.o.ProgramSV     Match failed: Former match of  SchemaVariable incompatible with  the current match. 
34793      INFO  main            d.u.i.k.p.r.p.TestFile    ... finished proof: closed. 
35029      INFO  main            d.u.i.k.p.i.AbstractProblemLoader Loading environment from /home/runner/work/key/key/key.core/../key.ui/examples/heap/javacard/arrayFillNonAtomic.key.proof 
35030      DEBUG main            d.u.i.k.p.i.AbstractProblemLoader Environment load took 543.5ns 
35036      INFO  main            d.u.i.k.p.i.AbstractProblemLoader Creating init config 
36881      DEBUG main            d.u.i.k.p.i.AbstractProblemLoader Init config took 1.84s 
36946      INFO  main            d.u.i.k.p.i.AbstractProblemLoader Replaying proof javacard.framework.Util[javacard.framework.Util::arrayFillNonAtomic([B,short,short,byte)].JML behavior operation contract.0.transaction_inactive 
37793      DEBUG main            d.u.i.k.p.i.IntermediateProofReplayer Proof replay took 820.78ms 
37794      DEBUG main            d.u.i.k.p.r.p.TestFile    ... success: reloaded. 
37795      INFO  main            d.u.i.k.p.r.p.TestFile    Now processing file /home/runner/work/key/key/key.core/../key.ui/examples/heap/coincidence_count/project.key 
37796      INFO  main            d.u.i.k.p.i.AbstractProblemLoader Loading environment from /home/runner/work/key/key/key.core/../key.ui/examples/heap/coincidence_count/project.key 
37796      DEBUG main            d.u.i.k.p.i.AbstractProblemLoader Environment load took 273.2ns 
37797      INFO  main            d.u.i.k.p.i.AbstractProblemLoader Creating init config 
41641      DEBUG main            d.u.i.k.p.i.AbstractProblemLoader Init config took 3.84s 
41700      INFO  main            d.u.i.k.p.i.AbstractProblemLoader Replaying proof CC[CC::calcCoinIndex([I,[I)].JML normal_behavior operation contract.0 
41704      DEBUG main            d.u.i.k.p.i.IntermediateProofReplayer Proof replay took 8.3ns 
62238      INFO  main            d.u.i.k.p.r.p.TestFile    ... finished proof: closed. 
62589      INFO  main            d.u.i.k.p.i.AbstractProblemLoader Loading environment from /home/runner/work/key/key/key.core/../key.ui/examples/heap/coincidence_count/project.key.proof 
62589      DEBUG main            d.u.i.k.p.i.AbstractProblemLoader Environment load took 548.6ns 
62593      INFO  main            d.u.i.k.p.i.AbstractProblemLoader Creating init config 
65855      DEBUG main            d.u.i.k.p.i.AbstractProblemLoader Init config took 3.26s 
65929      INFO  main            d.u.i.k.p.i.AbstractProblemLoader Replaying proof CC[CC::calcCoinIndex([I,[I)].JML normal_behavior operation contract.0 
66950      DEBUG main            d.u.i.k.p.i.IntermediateProofReplayer Proof replay took 946.5ms 
66954      DEBUG main            d.u.i.k.p.r.p.TestFile    ... success: reloaded. 
66956      INFO  main            d.u.i.k.p.r.p.TestFile    Now processing file /home/runner/work/key/key/key.core/../key.ui/examples/heap/verifyThis11_1_Maximum/project.key 
66956      INFO  main            d.u.i.k.p.i.AbstractProblemLoader Loading environment from /home/runner/work/key/key/key.core/../key.ui/examples/heap/verifyThis11_1_Maximum/project.key 
66957      DEBUG main            d.u.i.k.p.i.AbstractProblemLoader Environment load took 265.7ns 
66958      INFO  main            d.u.i.k.p.i.AbstractProblemLoader Creating init config 
70026      DEBUG main            d.u.i.k.p.i.AbstractProblemLoader Init config took 3.07s 
70074      INFO  main            d.u.i.k.p.i.AbstractProblemLoader Replaying proof Maximum[Maximum::maxIndex([I)].JML normal_behavior operation contract.0 
70076      DEBUG main            d.u.i.k.p.i.IntermediateProofReplayer Proof replay took 6.9ns 
71182      INFO  main            d.u.i.k.p.r.p.TestFile    ... finished proof: closed. 
71477      INFO  main            d.u.i.k.p.i.AbstractProblemLoader Loading environment from /home/runner/work/key/key/key.core/../key.ui/examples/heap/verifyThis11_1_Maximum/project.key.proof 
71477      DEBUG main            d.u.i.k.p.i.AbstractProblemLoader Environment load took 524.4ns 
71479      INFO  main            d.u.i.k.p.i.AbstractProblemLoader Creating init config 
74435      DEBUG main            d.u.i.k.p.i.AbstractProblemLoader Init config took 2.96s 
74484      INFO  main            d.u.i.k.p.i.AbstractProblemLoader Replaying proof Maximum[Maximum::maxIndex([I)].JML normal_behavior operation contract.0 
74664      DEBUG main            d.u.i.k.p.i.IntermediateProofReplayer Proof replay took 154.79ms 
74666      DEBUG main            d.u.i.k.p.r.p.TestFile    ... success: reloaded. 
74670      INFO  main            d.u.i.k.p.r.p.TestFile    Now processing file /home/runner/work/key/key/key.core/../key.ui/examples/heap/fm12_01_LRS/lcp.key 
74671      INFO  main            d.u.i.k.p.i.AbstractProblemLoader Loading environment from /home/runner/work/key/key/key.core/../key.ui/examples/heap/fm12_01_LRS/lcp.key 
74672      DEBUG main            d.u.i.k.p.i.AbstractProblemLoader Environment load took 1.5ms 
74673      INFO  main            d.u.i.k.p.i.AbstractProblemLoader Creating init config 
78386      DEBUG main            d.u.i.k.p.i.AbstractProblemLoader Init config took 3.71s 
78451      INFO  main            d.u.i.k.p.i.AbstractProblemLoader Replaying proof LCP[LCP::lcp([I,int,int)].JML normal_behavior operation contract.0 
78458      DEBUG main            d.u.i.k.p.i.IntermediateProofReplayer Proof replay took 8.2ns 
79566      INFO  main            d.u.i.k.p.r.p.TestFile    ... finished proof: closed. 
79866      INFO  main            d.u.i.k.p.i.AbstractProblemLoader Loading environment from /home/runner/work/key/key/key.core/../key.ui/examples/heap/fm12_01_LRS/lcp.key.proof 
79867      DEBUG main            d.u.i.k.p.i.AbstractProblemLoader Environment load took 656.5ns 
79869      INFO  main            d.u.i.k.p.i.AbstractProblemLoader Creating init config 
83253      DEBUG main            d.u.i.k.p.i.AbstractProblemLoader Init config took 3.38s 
83334      INFO  main            d.u.i.k.p.i.AbstractProblemLoader Replaying proof LCP[LCP::lcp([I,int,int)].JML normal_behavior operation contract.0 
83529      DEBUG main            d.u.i.k.p.i.IntermediateProofReplayer Proof replay took 189.09ms 
83531      DEBUG main            d.u.i.k.p.r.p.TestFile    ... success: reloaded. 
83533      INFO  main            d.u.i.k.p.r.p.TestFile    Now processing file /home/runner/work/key/key/key.core/../key.ui/examples/heap/SemanticSlicing/project.key 
83533      INFO  main            d.u.i.k.p.i.AbstractProblemLoader Loading environment from /home/runner/work/key/key/key.core/../key.ui/examples/heap/SemanticSlicing/project.key 
83534      DEBUG main            d.u.i.k.p.i.AbstractProblemLoader Environment load took 274.7ns 
83535      INFO  main            d.u.i.k.p.i.AbstractProblemLoader Creating init config 
86659      DEBUG main            d.u.i.k.p.i.AbstractProblemLoader Init config took 3.12s 
86726      INFO  main            d.u.i.k.p.i.AbstractProblemLoader Replaying proof unsatcore_after.competition.postcond5.scope333.LRS[unsatcore_after.competition.postcond5.scope333.LRS::doLRS()].JML operation contract.0 
86728      DEBUG main            d.u.i.k.p.i.IntermediateProofReplayer Proof replay took 6.4ns 
91291      INFO  main            d.u.i.k.p.r.p.TestFile    ... finished proof: closed. 
91635      INFO  main            d.u.i.k.p.i.AbstractProblemLoader Loading environment from /home/runner/work/key/key/key.core/../key.ui/examples/heap/SemanticSlicing/project.key.proof 
91635      DEBUG main            d.u.i.k.p.i.AbstractProblemLoader Environment load took 138.2ns 
91637      INFO  main            d.u.i.k.p.i.AbstractProblemLoader Creating init config 
94733      DEBUG main            d.u.i.k.p.i.AbstractProblemLoader Init config took 3.1s 
94799      INFO  main            d.u.i.k.p.i.AbstractProblemLoader Replaying proof unsatcore_after.competition.postcond5.scope333.LRS[unsatcore_after.competition.postcond5.scope333.LRS::doLRS()].JML operation contract.0 
95551      DEBUG main            d.u.i.k.p.i.IntermediateProofReplayer Proof replay took 738.78ms 
95553      DEBUG main            d.u.i.k.p.r.p.TestFile    ... success: reloaded. 
95554      INFO  main            d.u.i.k.p.r.p.TestFile    Now processing file /home/runner/work/key/key/key.core/../key.ui/examples/heap/information_flow/ArrayList_contains.key 
95554      INFO  main            d.u.i.k.p.i.AbstractProblemLoader Loading environment from /home/runner/work/key/key/key.core/../key.ui/examples/heap/information_flow/ArrayList_contains.key 
95555      DEBUG main            d.u.i.k.p.i.AbstractProblemLoader Environment load took 259.7ns 
95556      INFO  main            d.u.i.k.p.i.AbstractProblemLoader Creating init config 
98855      DEBUG main            d.u.i.k.p.i.AbstractProblemLoader Init config took 3.3s 
98901      INFO  main            d.u.i.k.p.i.AbstractProblemLoader Replaying proof ArrayList[ArrayList::get(int)].JML normal_behavior operation contract.0 
98902      DEBUG main            d.u.i.k.p.i.IntermediateProofReplayer Proof replay took 7.2ns 
99308      INFO  main            d.u.i.k.p.r.p.TestFile    ... finished proof: closed. 
99618      INFO  main            d.u.i.k.p.i.AbstractProblemLoader Loading environment from /home/runner/work/key/key/key.core/../key.ui/examples/heap/information_flow/ArrayList_contains.key.proof 
99618      DEBUG main            d.u.i.k.p.i.AbstractProblemLoader Environment load took 585.4ns 
99620      INFO  main            d.u.i.k.p.i.AbstractProblemLoader Creating init config 
102796     DEBUG main            d.u.i.k.p.i.AbstractProblemLoader Init config took 3.18s 
102837     INFO  main            d.u.i.k.p.i.AbstractProblemLoader Replaying proof ArrayList[ArrayList::get(int)].JML normal_behavior operation contract.0 
102899     DEBUG main            d.u.i.k.p.i.IntermediateProofReplayer Proof replay took 55.49ms 
102900     DEBUG main            d.u.i.k.p.r.p.TestFile    ... success: reloaded. 
102900     INFO  main            d.u.i.k.p.r.p.TestFile    Now processing file /home/runner/work/key/key/key.core/../key.ui/examples/heap/information_flow/ArrayList_get.key 
102901     INFO  main            d.u.i.k.p.i.AbstractProblemLoader Loading environment from /home/runner/work/key/key/key.core/../key.ui/examples/heap/information_flow/ArrayList_get.key 
102901     DEBUG main            d.u.i.k.p.i.AbstractProblemLoader Environment load took 115ns 
102902     INFO  main            d.u.i.k.p.i.AbstractProblemLoader Creating init config 
106084     DEBUG main            d.u.i.k.p.i.AbstractProblemLoader Init config took 3.18s 
106128     INFO  main            d.u.i.k.p.i.AbstractProblemLoader Replaying proof ArrayList[ArrayList::contains(java.lang.Object)].JML normal_behavior operation contract.0 
106129     DEBUG main            d.u.i.k.p.i.IntermediateProofReplayer Proof replay took 6.6ns 
107088     INFO  main            d.u.i.k.p.r.p.TestFile    ... finished proof: closed. 
107383     INFO  main            d.u.i.k.p.i.AbstractProblemLoader Loading environment from /home/runner/work/key/key/key.core/../key.ui/examples/heap/information_flow/ArrayList_get.key.proof 
107384     DEBUG main            d.u.i.k.p.i.AbstractProblemLoader Environment load took 536ns 
107385     INFO  main            d.u.i.k.p.i.AbstractProblemLoader Creating init config 
110490     DEBUG main            d.u.i.k.p.i.AbstractProblemLoader Init config took 3.1s 
110547     INFO  main            d.u.i.k.p.i.AbstractProblemLoader Replaying proof ArrayList[ArrayList::contains(java.lang.Object)].JML normal_behavior operation contract.0 
110706     DEBUG main            d.u.i.k.p.i.IntermediateProofReplayer Proof replay took 152.61ms 
110708     DEBUG main            d.u.i.k.p.r.p.TestFile    ... success: reloaded. 
110708     INFO  main            d.u.i.k.p.r.p.TestFile    Now processing file /home/runner/work/key/key/key.core/../key.ui/examples/heap/information_flow/ArrayList_size.key 
110709     INFO  main            d.u.i.k.p.i.AbstractProblemLoader Loading environment from /home/runner/work/key/key/key.core/../key.ui/examples/heap/information_flow/ArrayList_size.key 
110709     DEBUG main            d.u.i.k.p.i.AbstractProblemLoader Environment load took 246.1ns 
110710     INFO  main            d.u.i.k.p.i.AbstractProblemLoader Creating init config 
113873     DEBUG main            d.u.i.k.p.i.AbstractProblemLoader Init config took 3.16s 
113916     INFO  main            d.u.i.k.p.i.AbstractProblemLoader Replaying proof ArrayList[ArrayList::size()].JML normal_behavior operation contract.0 
113918     DEBUG main            d.u.i.k.p.i.IntermediateProofReplayer Proof replay took 8.2ns 
114023     INFO  main            d.u.i.k.p.r.p.TestFile    ... finished proof: closed. 
114338     INFO  main            d.u.i.k.p.i.AbstractProblemLoader Loading environment from /home/runner/work/key/key/key.core/../key.ui/examples/heap/information_flow/ArrayList_size.key.proof 
114338     DEBUG main            d.u.i.k.p.i.AbstractProblemLoader Environment load took 120.1ns 
114339     INFO  main            d.u.i.k.p.i.AbstractProblemLoader Creating init config 
117376     DEBUG main            d.u.i.k.p.i.AbstractProblemLoader Init config took 3.04s 
117416     INFO  main            d.u.i.k.p.i.AbstractProblemLoader Replaying proof ArrayList[ArrayList::size()].JML normal_behavior operation contract.0 
117430     DEBUG main            d.u.i.k.p.i.IntermediateProofReplayer Proof replay took 12.92ms 
117431     DEBUG main            d.u.i.k.p.r.p.TestFile    ... success: reloaded. 
117432     INFO  main            d.u.i.k.p.r.p.TestFile    Now processing file /home/runner/work/key/key/key.core/../key.ui/examples/heap/information_flow/UpdateAbstraction_ex7_3_secure.key 
117432     INFO  main            d.u.i.k.p.i.AbstractProblemLoader Loading environment from /home/runner/work/key/key/key.core/../key.ui/examples/heap/information_flow/UpdateAbstraction_ex7_3_secure.key 
117432     DEBUG main            d.u.i.k.p.i.AbstractProblemLoader Environment load took 107ns 
117433     INFO  main            d.u.i.k.p.i.AbstractProblemLoader Creating init config 
120551     DEBUG main            d.u.i.k.p.i.AbstractProblemLoader Init config took 3.12s 
120591     INFO  main            d.u.i.k.p.i.AbstractProblemLoader Replaying proof UpdateAbstraction[UpdateAbstraction::ex7_3_secure()].JML operation contract.0 
120592     DEBUG main            d.u.i.k.p.i.IntermediateProofReplayer Proof replay took 6.5ns 
120799     INFO  main            d.u.i.k.p.r.p.TestFile    ... finished proof: closed. 
121122     INFO  main            d.u.i.k.p.i.AbstractProblemLoader Loading environment from /home/runner/work/key/key/key.core/../key.ui/examples/heap/information_flow/UpdateAbstraction_ex7_3_secure.key.proof 
121122     DEBUG main            d.u.i.k.p.i.AbstractProblemLoader Environment load took 117.9ns 
121123     INFO  main            d.u.i.k.p.i.AbstractProblemLoader Creating init config 
124185     DEBUG main            d.u.i.k.p.i.AbstractProblemLoader Init config took 3.06s 
124223     INFO  main            d.u.i.k.p.i.AbstractProblemLoader Replaying proof UpdateAbstraction[UpdateAbstraction::ex7_3_secure()].JML operation contract.0 
124258     DEBUG main            d.u.i.k.p.i.IntermediateProofReplayer Proof replay took 32.95ms 
124259     DEBUG main            d.u.i.k.p.r.p.TestFile    ... success: reloaded. 
124260     INFO  main            d.u.i.k.p.r.p.TestFile    Now processing file /home/runner/work/key/key/key.core/../key.ui/examples/heap/information_flow/UpdateAbstraction_ex7_4_secure.key 
124260     INFO  main            d.u.i.k.p.i.AbstractProblemLoader Loading environment from /home/runner/work/key/key/key.core/../key.ui/examples/heap/information_flow/UpdateAbstraction_ex7_4_secure.key 
124260     DEBUG main            d.u.i.k.p.i.AbstractProblemLoader Environment load took 128.9ns 
124261     INFO  main            d.u.i.k.p.i.AbstractProblemLoader Creating init config 
127394     DEBUG main            d.u.i.k.p.i.AbstractProblemLoader Init config took 3.13s 
127433     INFO  main            d.u.i.k.p.i.AbstractProblemLoader Replaying proof UpdateAbstraction[UpdateAbstraction::ex7_4_secure()].JML operation contract.0 
127436     DEBUG main            d.u.i.k.p.i.IntermediateProofReplayer Proof replay took 6.4ns 
127751     INFO  main            d.u.i.k.p.r.p.TestFile    ... finished proof: closed. 
128064     INFO  main            d.u.i.k.p.i.AbstractProblemLoader Loading environment from /home/runner/work/key/key/key.core/../key.ui/examples/heap/information_flow/UpdateAbstraction_ex7_4_secure.key.proof 
128064     DEBUG main            d.u.i.k.p.i.AbstractProblemLoader Environment load took 119.8ns 
128065     INFO  main            d.u.i.k.p.i.AbstractProblemLoader Creating init config 
131181     DEBUG main            d.u.i.k.p.i.AbstractProblemLoader Init config took 3.12s 
131218     INFO  main            d.u.i.k.p.i.AbstractProblemLoader Replaying proof UpdateAbstraction[UpdateAbstraction::ex7_4_secure()].JML operation contract.0 
131268     DEBUG main            d.u.i.k.p.i.IntermediateProofReplayer Proof replay took 47.68ms 
131269     DEBUG main            d.u.i.k.p.r.p.TestFile    ... success: reloaded. 
131270     INFO  main            d.u.i.k.p.r.p.TestFile    Now processing file /home/runner/work/key/key/key.core/../key.ui/examples/heap/information_flow/UpdateAbstraction_ex7_5_secure.key 
131270     INFO  main            d.u.i.k.p.i.AbstractProblemLoader Loading environment from /home/runner/work/key/key/key.core/../key.ui/examples/heap/information_flow/UpdateAbstraction_ex7_5_secure.key 
131270     DEBUG main            d.u.i.k.p.i.AbstractProblemLoader Environment load took 157.3ns 
131272     INFO  main            d.u.i.k.p.i.AbstractProblemLoader Creating init config 
134369     DEBUG main            d.u.i.k.p.i.AbstractProblemLoader Init config took 3.1s 
134408     INFO  main            d.u.i.k.p.i.AbstractProblemLoader Replaying proof UpdateAbstraction[UpdateAbstraction::ex7_5_secure()].JML operation contract.0 
134409     DEBUG main            d.u.i.k.p.i.IntermediateProofReplayer Proof replay took 6.4ns 
134615     INFO  main            d.u.i.k.p.r.p.TestFile    ... finished proof: closed. 
134932     INFO  main            d.u.i.k.p.i.AbstractProblemLoader Loading environment from /home/runner/work/key/key/key.core/../key.ui/examples/heap/information_flow/UpdateAbstraction_ex7_5_secure.key.proof 
134933     DEBUG main            d.u.i.k.p.i.AbstractProblemLoader Environment load took 147ns 
134934     INFO  main            d.u.i.k.p.i.AbstractProblemLoader Creating init config 
137915     DEBUG main            d.u.i.k.p.i.AbstractProblemLoader Init config took 2.98s 
137955     INFO  main            d.u.i.k.p.i.AbstractProblemLoader Replaying proof UpdateAbstraction[UpdateAbstraction::ex7_5_secure()].JML operation contract.0 
137975     DEBUG main            d.u.i.k.p.i.IntermediateProofReplayer Proof replay took 18.31ms 
137976     DEBUG main            d.u.i.k.p.r.p.TestFile    ... success: reloaded. 
137976     INFO  main            d.u.i.k.p.r.p.TestFile    Now processing file /home/runner/work/key/key/key.core/../key.ui/examples/heap/information_flow/UpdateAbstraction_ex7_6_secure.key 
137976     INFO  main            d.u.i.k.p.i.AbstractProblemLoader Loading environment from /home/runner/work/key/key/key.core/../key.ui/examples/heap/information_flow/UpdateAbstraction_ex7_6_secure.key 
137977     DEBUG main            d.u.i.k.p.i.AbstractProblemLoader Environment load took 72.4ns 
137977     INFO  main            d.u.i.k.p.i.AbstractProblemLoader Creating init config 
141066     DEBUG main            d.u.i.k.p.i.AbstractProblemLoader Init config took 3.09s 
141104     INFO  main            d.u.i.k.p.i.AbstractProblemLoader Replaying proof UpdateAbstraction[UpdateAbstraction::ex7_6_secure()].JML operation contract.0 
141106     DEBUG main            d.u.i.k.p.i.IntermediateProofReplayer Proof replay took 6.1ns 
141408     INFO  main            d.u.i.k.p.r.p.TestFile    ... finished proof: closed. 
141749     INFO  main            d.u.i.k.p.i.AbstractProblemLoader Loading environment from /home/runner/work/key/key/key.core/../key.ui/examples/heap/information_flow/UpdateAbstraction_ex7_6_secure.key.proof 
141749     DEBUG main            d.u.i.k.p.i.AbstractProblemLoader Environment load took 121.6ns 
141750     INFO  main            d.u.i.k.p.i.AbstractProblemLoader Creating init config 
144747     DEBUG main            d.u.i.k.p.i.AbstractProblemLoader Init config took 3s 
144785     INFO  main            d.u.i.k.p.i.AbstractProblemLoader Replaying proof UpdateAbstraction[UpdateAbstraction::ex7_6_secure()].JML operation contract.0 
144845     DEBUG main            d.u.i.k.p.i.IntermediateProofReplayer Proof replay took 58.03ms 
144846     DEBUG main            d.u.i.k.p.r.p.TestFile    ... success: reloaded. 
144847     INFO  main            d.u.i.k.p.r.p.TestFile    Now processing file /home/runner/work/key/key/key.core/../key.ui/examples/heap/information_flow/UpdateAbstraction_ex9_secure.key 
144847     INFO  main            d.u.i.k.p.i.AbstractProblemLoader Loading environment from /home/runner/work/key/key/key.core/../key.ui/examples/heap/information_flow/UpdateAbstraction_ex9_secure.key 
144847     DEBUG main            d.u.i.k.p.i.AbstractProblemLoader Environment load took 114.9ns 
144848     INFO  main            d.u.i.k.p.i.AbstractProblemLoader Creating init config 
147948     DEBUG main            d.u.i.k.p.i.AbstractProblemLoader Init config took 3.1s 
147987     INFO  main            d.u.i.k.p.i.AbstractProblemLoader Replaying proof UpdateAbstraction[UpdateAbstraction::ex9_secure()].JML operation contract.0 
147989     DEBUG main            d.u.i.k.p.i.IntermediateProofReplayer Proof replay took 5.9ns 
149093     INFO  main            d.u.i.k.p.r.p.TestFile    ... finished proof: closed. 
149443     INFO  main            d.u.i.k.p.i.AbstractProblemLoader Loading environment from /home/runner/work/key/key/key.core/../key.ui/examples/heap/information_flow/UpdateAbstraction_ex9_secure.key.proof 
149444     DEBUG main            d.u.i.k.p.i.AbstractProblemLoader Environment load took 532ns 
149445     INFO  main            d.u.i.k.p.i.AbstractProblemLoader Creating init config 
152544     DEBUG main            d.u.i.k.p.i.AbstractProblemLoader Init config took 3.1s 
152586     INFO  main            d.u.i.k.p.i.AbstractProblemLoader Replaying proof UpdateAbstraction[UpdateAbstraction::ex9_secure()].JML operation contract.0 
152811     DEBUG main            d.u.i.k.p.i.IntermediateProofReplayer Proof replay took 219.38ms 
152813     DEBUG main            d.u.i.k.p.r.p.TestFile    ... success: reloaded. 
1021319    INFO  Test worker     d.u.i.k.p.r.RunAllProofsTestUnit Returning from test javaCard 
1021323    INFO  Test worker     d.u.i.k.p.r.RunAllProofsTestUnit Running test list 
433        INFO  Timeout watchdog d.u.i.k.p.r.p.ForkedTestFileRunner Timeout watcher launched (2000 secs.) 
447        WARN  main            d.u.i.k.s.ProofSettings   The settings in /home/runner/.key/proof-settings.props are *not* read. 
488        INFO  main            d.u.i.k.p.r.p.TestFile    Now processing file /home/runner/work/key/key/key.core/../key.ui/examples/heap/list/ArrayList_add.key 
634        INFO  main            d.u.i.k.p.i.AbstractProblemLoader Loading environment from /home/runner/work/key/key/key.core/../key.ui/examples/heap/list/ArrayList_add.key 
657        DEBUG main            d.u.i.k.p.i.AbstractProblemLoader Environment load took 2.72ms 
975        INFO  main            d.u.i.k.p.i.AbstractProblemLoader Creating init config 
2113       DEBUG main            d.u.i.k.j.TypeConverter   No LDT found for Meta 
2119       DEBUG main            d.u.i.k.j.TypeConverter   No LDT found for Meta 
2123       DEBUG main            d.u.i.k.j.TypeConverter   No LDT found for Meta 
2124       DEBUG main            d.u.i.k.j.TypeConverter   No LDT found for Meta 
3948       DEBUG main            d.u.i.k.j.TypeConverter   No LDT found for JavaBigintExpression 
7547       DEBUG main            d.u.i.k.j.r.ClassPreparationMethodBuilder clPrepBuilder: Inner Class detected. Reject building class initialisation methods. 
10853      DEBUG main            d.u.i.k.p.i.AbstractProblemLoader Init config took 9.88s 
11021      INFO  main            d.u.i.k.p.i.AbstractProblemLoader Replaying proof ArrayList[List::add(java.lang.Object)].JML normal_behavior operation contract.0 
11105      DEBUG main            d.u.i.k.p.i.IntermediateProofReplayer Proof replay took 47.8ns 
17879      INFO  main            d.u.i.k.p.r.p.TestFile    ... finished proof: closed. 
18178      INFO  main            d.u.i.k.p.i.AbstractProblemLoader Loading environment from /home/runner/work/key/key/key.core/../key.ui/examples/heap/list/ArrayList_add.key.proof 
18178      DEBUG main            d.u.i.k.p.i.AbstractProblemLoader Environment load took 543.9ns 
18182      INFO  main            d.u.i.k.p.i.AbstractProblemLoader Creating init config 
19574      DEBUG main            d.u.i.k.j.r.ClassPreparationMethodBuilder clPrepBuilder: Inner Class detected. Reject building class initialisation methods. 
22331      DEBUG main            d.u.i.k.p.i.AbstractProblemLoader Init config took 4.15s 
22422      INFO  main            d.u.i.k.p.i.AbstractProblemLoader Replaying proof ArrayList[List::add(java.lang.Object)].JML normal_behavior operation contract.0 
23224      DEBUG main            d.u.i.k.p.i.IntermediateProofReplayer Proof replay took 768.42ms 
23233      DEBUG main            d.u.i.k.p.r.p.TestFile    ... success: reloaded. 
23236      INFO  main            d.u.i.k.p.r.p.TestFile    Now processing file /home/runner/work/key/key/key.core/../key.ui/examples/heap/list/ArrayList_ArrayList.key 
23236      INFO  main            d.u.i.k.p.i.AbstractProblemLoader Loading environment from /home/runner/work/key/key/key.core/../key.ui/examples/heap/list/ArrayList_ArrayList.key 
23236      DEBUG main            d.u.i.k.p.i.AbstractProblemLoader Environment load took 292.7ns 
23238      INFO  main            d.u.i.k.p.i.AbstractProblemLoader Creating init config 
24536      DEBUG main            d.u.i.k.j.r.ClassPreparationMethodBuilder clPrepBuilder: Inner Class detected. Reject building class initialisation methods. 
27278      DEBUG main            d.u.i.k.p.i.AbstractProblemLoader Init config took 4.04s 
27362      INFO  main            d.u.i.k.p.i.AbstractProblemLoader Replaying proof ArrayList[ArrayList::ArrayList()].JML normal_behavior operation contract.0 
27365      DEBUG main            d.u.i.k.p.i.IntermediateProofReplayer Proof replay took 6.7ns 
28996      INFO  main            d.u.i.k.p.r.p.TestFile    ... finished proof: closed. 
29218      INFO  main            d.u.i.k.p.i.AbstractProblemLoader Loading environment from /home/runner/work/key/key/key.core/../key.ui/examples/heap/list/ArrayList_ArrayList.key.proof 
29219      DEBUG main            d.u.i.k.p.i.AbstractProblemLoader Environment load took 523.5ns 
29223      INFO  main            d.u.i.k.p.i.AbstractProblemLoader Creating init config 
30479      DEBUG main            d.u.i.k.j.r.ClassPreparationMethodBuilder clPrepBuilder: Inner Class detected. Reject building class initialisation methods. 
33196      DEBUG main            d.u.i.k.p.i.AbstractProblemLoader Init config took 3.97s 
33305      INFO  main            d.u.i.k.p.i.AbstractProblemLoader Replaying proof ArrayList[ArrayList::ArrayList()].JML normal_behavior operation contract.0 
33567      DEBUG main            d.u.i.k.p.i.IntermediateProofReplayer Proof replay took 247.9ms 
33570      DEBUG main            d.u.i.k.p.r.p.TestFile    ... success: reloaded. 
33572      INFO  main            d.u.i.k.p.r.p.TestFile    Now processing file /home/runner/work/key/key/key.core/../key.ui/examples/heap/list/ArrayList_concatenate.key 
33572      INFO  main            d.u.i.k.p.i.AbstractProblemLoader Loading environment from /home/runner/work/key/key/key.core/../key.ui/examples/heap/list/ArrayList_concatenate.key 
33572      DEBUG main            d.u.i.k.p.i.AbstractProblemLoader Environment load took 258.5ns 
33574      INFO  main            d.u.i.k.p.i.AbstractProblemLoader Creating init config 
34909      DEBUG main            d.u.i.k.j.r.ClassPreparationMethodBuilder clPrepBuilder: Inner Class detected. Reject building class initialisation methods. 
37628      DEBUG main            d.u.i.k.p.i.AbstractProblemLoader Init config took 4.05s 
37697      INFO  main            d.u.i.k.p.i.AbstractProblemLoader Replaying proof ArrayList[List::concatenate(List)].JML normal_behavior operation contract.0 
37699      DEBUG main            d.u.i.k.p.i.IntermediateProofReplayer Proof replay took 7.4ns 
63908      INFO  main            d.u.i.k.p.r.p.TestFile    ... finished proof: closed. 
64204      INFO  main            d.u.i.k.p.i.AbstractProblemLoader Loading environment from /home/runner/work/key/key/key.core/../key.ui/examples/heap/list/ArrayList_concatenate.key.proof 
64204      DEBUG main            d.u.i.k.p.i.AbstractProblemLoader Environment load took 558ns 
64208      INFO  main            d.u.i.k.p.i.AbstractProblemLoader Creating init config 
65416      DEBUG main            d.u.i.k.j.r.ClassPreparationMethodBuilder clPrepBuilder: Inner Class detected. Reject building class initialisation methods. 
68033      DEBUG main            d.u.i.k.p.i.AbstractProblemLoader Init config took 3.82s 
68100      INFO  main            d.u.i.k.p.i.AbstractProblemLoader Replaying proof ArrayList[List::concatenate(List)].JML normal_behavior operation contract.0 
69960      DEBUG main            d.u.i.k.p.i.IntermediateProofReplayer Proof replay took 1.77s 
69964      DEBUG main            d.u.i.k.p.r.p.TestFile    ... success: reloaded. 
69966      INFO  main            d.u.i.k.p.r.p.TestFile    Now processing file /home/runner/work/key/key/key.core/../key.ui/examples/heap/list/ArrayList_contains_dep.key 
69966      INFO  main            d.u.i.k.p.i.AbstractProblemLoader Loading environment from /home/runner/work/key/key/key.core/../key.ui/examples/heap/list/ArrayList_contains_dep.key 
69966      DEBUG main            d.u.i.k.p.i.AbstractProblemLoader Environment load took 273.8ns 
69968      INFO  main            d.u.i.k.p.i.AbstractProblemLoader Creating init config 
71248      DEBUG main            d.u.i.k.j.r.ClassPreparationMethodBuilder clPrepBuilder: Inner Class detected. Reject building class initialisation methods. 
73823      DEBUG main            d.u.i.k.p.i.AbstractProblemLoader Init config took 3.86s 
73911      INFO  main            d.u.i.k.p.i.AbstractProblemLoader Replaying proof ArrayList[List::contains(java.lang.Object)].JML accessible clause.0 
73914      DEBUG main            d.u.i.k.p.i.IntermediateProofReplayer Proof replay took 5.5ns 
77069      INFO  main            d.u.i.k.p.r.p.TestFile    ... finished proof: closed. 
77328      INFO  main            d.u.i.k.p.i.AbstractProblemLoader Loading environment from /home/runner/work/key/key/key.core/../key.ui/examples/heap/list/ArrayList_contains_dep.key.proof 
77328      DEBUG main            d.u.i.k.p.i.AbstractProblemLoader Environment load took 570.2ns 
77330      INFO  main            d.u.i.k.p.i.AbstractProblemLoader Creating init config 
78518      DEBUG main            d.u.i.k.j.r.ClassPreparationMethodBuilder clPrepBuilder: Inner Class detected. Reject building class initialisation methods. 
81034      DEBUG main            d.u.i.k.p.i.AbstractProblemLoader Init config took 3.7s 
81109      INFO  main            d.u.i.k.p.i.AbstractProblemLoader Replaying proof ArrayList[List::contains(java.lang.Object)].JML accessible clause.0 
81496      DEBUG main            d.u.i.k.p.i.IntermediateProofReplayer Proof replay took 372.64ms 
81498      DEBUG main            d.u.i.k.p.r.p.TestFile    ... success: reloaded. 
81499      INFO  main            d.u.i.k.p.r.p.TestFile    Now processing file /home/runner/work/key/key/key.core/../key.ui/examples/heap/list/ArrayList_enlarge.key 
81500      INFO  main            d.u.i.k.p.i.AbstractProblemLoader Loading environment from /home/runner/work/key/key/key.core/../key.ui/examples/heap/list/ArrayList_enlarge.key 
81500      DEBUG main            d.u.i.k.p.i.AbstractProblemLoader Environment load took 280.6ns 
81501      INFO  main            d.u.i.k.p.i.AbstractProblemLoader Creating init config 
82666      DEBUG main            d.u.i.k.j.r.ClassPreparationMethodBuilder clPrepBuilder: Inner Class detected. Reject building class initialisation methods. 
85287      DEBUG main            d.u.i.k.p.i.AbstractProblemLoader Init config took 3.79s 
85347      INFO  main            d.u.i.k.p.i.AbstractProblemLoader Replaying proof ArrayList[ArrayList::enlarge()].JML normal_behavior operation contract.0 
85351      DEBUG main            d.u.i.k.p.i.IntermediateProofReplayer Proof replay took 6.9ns 
87959      INFO  main            d.u.i.k.p.r.p.TestFile    ... finished proof: closed. 
88212      INFO  main            d.u.i.k.p.i.AbstractProblemLoader Loading environment from /home/runner/work/key/key/key.core/../key.ui/examples/heap/list/ArrayList_enlarge.key.proof 
88213      DEBUG main            d.u.i.k.p.i.AbstractProblemLoader Environment load took 548.5ns 
88215      INFO  main            d.u.i.k.p.i.AbstractProblemLoader Creating init config 
89388      DEBUG main            d.u.i.k.j.r.ClassPreparationMethodBuilder clPrepBuilder: Inner Class detected. Reject building class initialisation methods. 
92023      DEBUG main            d.u.i.k.p.i.AbstractProblemLoader Init config took 3.81s 
92082      INFO  main            d.u.i.k.p.i.AbstractProblemLoader Replaying proof ArrayList[ArrayList::enlarge()].JML normal_behavior operation contract.0 
92416      DEBUG main            d.u.i.k.p.i.IntermediateProofReplayer Proof replay took 323.79ms 
92418      DEBUG main            d.u.i.k.p.r.p.TestFile    ... success: reloaded. 
92419      INFO  main            d.u.i.k.p.r.p.TestFile    Now processing file /home/runner/work/key/key/key.core/../key.ui/examples/heap/list/ArrayList_footprint.key 
92420      INFO  main            d.u.i.k.p.i.AbstractProblemLoader Loading environment from /home/runner/work/key/key/key.core/../key.ui/examples/heap/list/ArrayList_footprint.key 
92420      DEBUG main            d.u.i.k.p.i.AbstractProblemLoader Environment load took 298.4ns 
92421      INFO  main            d.u.i.k.p.i.AbstractProblemLoader Creating init config 
93636      DEBUG main            d.u.i.k.j.r.ClassPreparationMethodBuilder clPrepBuilder: Inner Class detected. Reject building class initialisation methods. 
96222      DEBUG main            d.u.i.k.p.i.AbstractProblemLoader Init config took 3.8s 
96276      INFO  main            d.u.i.k.p.i.AbstractProblemLoader Replaying proof List[List::$footprint()].JML accessible clause.0 
96278      DEBUG main            d.u.i.k.p.i.IntermediateProofReplayer Proof replay took 6.2ns 
96383      INFO  main            d.u.i.k.p.r.p.TestFile    ... finished proof: closed. 
96597      INFO  main            d.u.i.k.p.i.AbstractProblemLoader Loading environment from /home/runner/work/key/key/key.core/../key.ui/examples/heap/list/ArrayList_footprint.key.proof 
96597      DEBUG main            d.u.i.k.p.i.AbstractProblemLoader Environment load took 127ns 
96598      INFO  main            d.u.i.k.p.i.AbstractProblemLoader Creating init config 
97872      DEBUG main            d.u.i.k.j.r.ClassPreparationMethodBuilder clPrepBuilder: Inner Class detected. Reject building class initialisation methods. 
100506     DEBUG main            d.u.i.k.p.i.AbstractProblemLoader Init config took 3.91s 
100553     INFO  main            d.u.i.k.p.i.AbstractProblemLoader Replaying proof List[List::$footprint()].JML accessible clause.0 
100557     DEBUG main            d.u.i.k.p.i.IntermediateProofReplayer Proof replay took 1.11ms 
100558     DEBUG main            d.u.i.k.p.r.p.TestFile    ... success: reloaded. 
100560     INFO  main            d.u.i.k.p.r.p.TestFile    Now processing file /home/runner/work/key/key/key.core/../key.ui/examples/heap/list/ArrayList_get_dep.key 
100564     INFO  main            d.u.i.k.p.i.AbstractProblemLoader Loading environment from /home/runner/work/key/key/key.core/../key.ui/examples/heap/list/ArrayList_get_dep.key 
100565     DEBUG main            d.u.i.k.p.i.AbstractProblemLoader Environment load took 308.4ns 
100566     INFO  main            d.u.i.k.p.i.AbstractProblemLoader Creating init config 
101815     DEBUG main            d.u.i.k.j.r.ClassPreparationMethodBuilder clPrepBuilder: Inner Class detected. Reject building class initialisation methods. 
104498     DEBUG main            d.u.i.k.p.i.AbstractProblemLoader Init config took 3.93s 
104556     INFO  main            d.u.i.k.p.i.AbstractProblemLoader Replaying proof ArrayList[List::get(int)].JML accessible clause.0 
104560     DEBUG main            d.u.i.k.p.i.IntermediateProofReplayer Proof replay took 6.3ns 
105069     INFO  main            d.u.i.k.p.r.p.TestFile    ... finished proof: closed. 
105327     INFO  main            d.u.i.k.p.i.AbstractProblemLoader Loading environment from /home/runner/work/key/key/key.core/../key.ui/examples/heap/list/ArrayList_get_dep.key.proof 
105328     DEBUG main            d.u.i.k.p.i.AbstractProblemLoader Environment load took 140.6ns 
105334     INFO  main            d.u.i.k.p.i.AbstractProblemLoader Creating init config 
106487     DEBUG main            d.u.i.k.j.r.ClassPreparationMethodBuilder clPrepBuilder: Inner Class detected. Reject building class initialisation methods. 
109019     DEBUG main            d.u.i.k.p.i.AbstractProblemLoader Init config took 3.69s 
109078     INFO  main            d.u.i.k.p.i.AbstractProblemLoader Replaying proof ArrayList[List::get(int)].JML accessible clause.0 
109149     DEBUG main            d.u.i.k.p.i.IntermediateProofReplayer Proof replay took 67.82ms 
109150     DEBUG main            d.u.i.k.p.r.p.TestFile    ... success: reloaded. 
109152     INFO  main            d.u.i.k.p.r.p.TestFile    Now processing file /home/runner/work/key/key/key.core/../key.ui/examples/heap/list/ArrayList_get_exceptional.key 
109152     INFO  main            d.u.i.k.p.i.AbstractProblemLoader Loading environment from /home/runner/work/key/key/key.core/../key.ui/examples/heap/list/ArrayList_get_exceptional.key 
109152     DEBUG main            d.u.i.k.p.i.AbstractProblemLoader Environment load took 227.9ns 
109153     INFO  main            d.u.i.k.p.i.AbstractProblemLoader Creating init config 
110299     DEBUG main            d.u.i.k.j.r.ClassPreparationMethodBuilder clPrepBuilder: Inner Class detected. Reject building class initialisation methods. 
112760     DEBUG main            d.u.i.k.p.i.AbstractProblemLoader Init config took 3.61s 
112820     INFO  main            d.u.i.k.p.i.AbstractProblemLoader Replaying proof ArrayList[List::get(int)].JML exceptional_behavior operation contract.0 
112822     DEBUG main            d.u.i.k.p.i.IntermediateProofReplayer Proof replay took 7ns 
114145     INFO  main            d.u.i.k.p.r.p.TestFile    ... finished proof: closed. 
114374     INFO  main            d.u.i.k.p.i.AbstractProblemLoader Loading environment from /home/runner/work/key/key/key.core/../key.ui/examples/heap/list/ArrayList_get_exceptional.key.proof 
114374     DEBUG main            d.u.i.k.p.i.AbstractProblemLoader Environment load took 116.7ns 
114376     INFO  main            d.u.i.k.p.i.AbstractProblemLoader Creating init config 
115548     DEBUG main            d.u.i.k.j.r.ClassPreparationMethodBuilder clPrepBuilder: Inner Class detected. Reject building class initialisation methods. 
118069     DEBUG main            d.u.i.k.p.i.AbstractProblemLoader Init config took 3.69s 
118128     INFO  main            d.u.i.k.p.i.AbstractProblemLoader Replaying proof ArrayList[List::get(int)].JML exceptional_behavior operation contract.0 
118315     DEBUG main            d.u.i.k.p.i.IntermediateProofReplayer Proof replay took 178.5ms 
118317     DEBUG main            d.u.i.k.p.r.p.TestFile    ... success: reloaded. 
118318     INFO  main            d.u.i.k.p.r.p.TestFile    Now processing file /home/runner/work/key/key/key.core/../key.ui/examples/heap/list/ArrayList_get_normal.key 
118319     INFO  main            d.u.i.k.p.i.AbstractProblemLoader Loading environment from /home/runner/work/key/key/key.core/../key.ui/examples/heap/list/ArrayList_get_normal.key 
118319     DEBUG main            d.u.i.k.p.i.AbstractProblemLoader Environment load took 249.2ns 
118320     INFO  main            d.u.i.k.p.i.AbstractProblemLoader Creating init config 
119499     DEBUG main            d.u.i.k.j.r.ClassPreparationMethodBuilder clPrepBuilder: Inner Class detected. Reject building class initialisation methods. 
122002     DEBUG main            d.u.i.k.p.i.AbstractProblemLoader Init config took 3.68s 
122054     INFO  main            d.u.i.k.p.i.AbstractProblemLoader Replaying proof ArrayList[List::get(int)].JML normal_behavior operation contract.0 
122055     DEBUG main            d.u.i.k.p.i.IntermediateProofReplayer Proof replay took 6.4ns 
122558     INFO  main            d.u.i.k.p.r.p.TestFile    ... finished proof: closed. 
122804     INFO  main            d.u.i.k.p.i.AbstractProblemLoader Loading environment from /home/runner/work/key/key/key.core/../key.ui/examples/heap/list/ArrayList_get_normal.key.proof 
122804     DEBUG main            d.u.i.k.p.i.AbstractProblemLoader Environment load took 131.2ns 
122809     INFO  main            d.u.i.k.p.i.AbstractProblemLoader Creating init config 
123987     DEBUG main            d.u.i.k.j.r.ClassPreparationMethodBuilder clPrepBuilder: Inner Class detected. Reject building class initialisation methods. 
126436     DEBUG main            d.u.i.k.p.i.AbstractProblemLoader Init config took 3.63s 
126503     INFO  main            d.u.i.k.p.i.AbstractProblemLoader Replaying proof ArrayList[List::get(int)].JML normal_behavior operation contract.0 
126590     DEBUG main            d.u.i.k.p.i.IntermediateProofReplayer Proof replay took 82.72ms 
126591     DEBUG main            d.u.i.k.p.r.p.TestFile    ... success: reloaded. 
126593     INFO  main            d.u.i.k.p.r.p.TestFile    Now processing file /home/runner/work/key/key/key.core/../key.ui/examples/heap/list/ArrayList_inv.key 
126593     INFO  main            d.u.i.k.p.i.AbstractProblemLoader Loading environment from /home/runner/work/key/key/key.core/../key.ui/examples/heap/list/ArrayList_inv.key 
126594     DEBUG main            d.u.i.k.p.i.AbstractProblemLoader Environment load took 280.6ns 
126595     INFO  main            d.u.i.k.p.i.AbstractProblemLoader Creating init config 
127787     DEBUG main            d.u.i.k.j.r.ClassPreparationMethodBuilder clPrepBuilder: Inner Class detected. Reject building class initialisation methods. 
130271     DEBUG main            d.u.i.k.p.i.AbstractProblemLoader Init config took 3.68s 
130324     INFO  main            d.u.i.k.p.i.AbstractProblemLoader Replaying proof ArrayList[java.lang.Object::<inv>()].JML accessible clause.0 
130326     DEBUG main            d.u.i.k.p.i.IntermediateProofReplayer Proof replay took 6.4ns 
130729     INFO  main            d.u.i.k.p.r.p.TestFile    ... finished proof: closed. 
130986     INFO  main            d.u.i.k.p.i.AbstractProblemLoader Loading environment from /home/runner/work/key/key/key.core/../key.ui/examples/heap/list/ArrayList_inv.key.proof 
130986     DEBUG main            d.u.i.k.p.i.AbstractProblemLoader Environment load took 227.4ns 
130988     INFO  main            d.u.i.k.p.i.AbstractProblemLoader Creating init config 
132122     DEBUG main            d.u.i.k.j.r.ClassPreparationMethodBuilder clPrepBuilder: Inner Class detected. Reject building class initialisation methods. 
134534     DEBUG main            d.u.i.k.p.i.AbstractProblemLoader Init config took 3.55s 
134584     INFO  main            d.u.i.k.p.i.AbstractProblemLoader Replaying proof ArrayList[java.lang.Object::<inv>()].JML accessible clause.0 
134638     DEBUG main            d.u.i.k.p.i.IntermediateProofReplayer Proof replay took 49.78ms 
134640     DEBUG main            d.u.i.k.p.r.p.TestFile    ... success: reloaded. 
134641     INFO  main            d.u.i.k.p.r.p.TestFile    Now processing file /home/runner/work/key/key/key.core/../key.ui/examples/heap/list/ArrayList_iterator.key 
134642     INFO  main            d.u.i.k.p.i.AbstractProblemLoader Loading environment from /home/runner/work/key/key/key.core/../key.ui/examples/heap/list/ArrayList_iterator.key 
134642     DEBUG main            d.u.i.k.p.i.AbstractProblemLoader Environment load took 260.2ns 
134643     INFO  main            d.u.i.k.p.i.AbstractProblemLoader Creating init config 
135793     DEBUG main            d.u.i.k.j.r.ClassPreparationMethodBuilder clPrepBuilder: Inner Class detected. Reject building class initialisation methods. 
138283     DEBUG main            d.u.i.k.p.i.AbstractProblemLoader Init config took 3.64s 
138338     INFO  main            d.u.i.k.p.i.AbstractProblemLoader Replaying proof ArrayList[List::iterator()].JML normal_behavior operation contract.0 
138339     DEBUG main            d.u.i.k.p.i.IntermediateProofReplayer Proof replay took 7ns 
138947     INFO  main            d.u.i.k.p.r.p.TestFile    ... finished proof: closed. 
139216     INFO  main            d.u.i.k.p.i.AbstractProblemLoader Loading environment from /home/runner/work/key/key/key.core/../key.ui/examples/heap/list/ArrayList_iterator.key.proof 
139216     DEBUG main            d.u.i.k.p.i.AbstractProblemLoader Environment load took 531.9ns 
139218     INFO  main            d.u.i.k.p.i.AbstractProblemLoader Creating init config 
140324     DEBUG main            d.u.i.k.j.r.ClassPreparationMethodBuilder clPrepBuilder: Inner Class detected. Reject building class initialisation methods. 
142849     DEBUG main            d.u.i.k.p.i.AbstractProblemLoader Init config took 3.63s 
142899     INFO  main            d.u.i.k.p.i.AbstractProblemLoader Replaying proof ArrayList[List::iterator()].JML normal_behavior operation contract.0 
142974     DEBUG main            d.u.i.k.p.i.IntermediateProofReplayer Proof replay took 70.55ms 
142975     DEBUG main            d.u.i.k.p.r.p.TestFile    ... success: reloaded. 
142976     INFO  main            d.u.i.k.p.r.p.TestFile    Now processing file /home/runner/work/key/key/key.core/../key.ui/examples/heap/list/ArrayList_size_dep.key 
142977     INFO  main            d.u.i.k.p.i.AbstractProblemLoader Loading environment from /home/runner/work/key/key/key.core/../key.ui/examples/heap/list/ArrayList_size_dep.key 
142977     DEBUG main            d.u.i.k.p.i.AbstractProblemLoader Environment load took 125.4ns 
142978     INFO  main            d.u.i.k.p.i.AbstractProblemLoader Creating init config 
144155     DEBUG main            d.u.i.k.j.r.ClassPreparationMethodBuilder clPrepBuilder: Inner Class detected. Reject building class initialisation methods. 
146661     DEBUG main            d.u.i.k.p.i.AbstractProblemLoader Init config took 3.68s 
146719     INFO  main            d.u.i.k.p.i.AbstractProblemLoader Replaying proof ArrayList[List::size()].JML accessible clause.0 
146721     DEBUG main            d.u.i.k.p.i.IntermediateProofReplayer Proof replay took 6.6ns 
146923     INFO  main            d.u.i.k.p.r.p.TestFile    ... finished proof: closed. 
147163     INFO  main            d.u.i.k.p.i.AbstractProblemLoader Loading environment from /home/runner/work/key/key/key.core/../key.ui/examples/heap/list/ArrayList_size_dep.key.proof 
147163     DEBUG main            d.u.i.k.p.i.AbstractProblemLoader Environment load took 139.9ns 
147164     INFO  main            d.u.i.k.p.i.AbstractProblemLoader Creating init config 
148376     DEBUG main            d.u.i.k.j.r.ClassPreparationMethodBuilder clPrepBuilder: Inner Class detected. Reject building class initialisation methods. 
150878     DEBUG main            d.u.i.k.p.i.AbstractProblemLoader Init config took 3.71s 
150934     INFO  main            d.u.i.k.p.i.AbstractProblemLoader Replaying proof ArrayList[List::size()].JML accessible clause.0 
150959     DEBUG main            d.u.i.k.p.i.IntermediateProofReplayer Proof replay took 21.74ms 
150960     DEBUG main            d.u.i.k.p.r.p.TestFile    ... success: reloaded. 
150962     INFO  main            d.u.i.k.p.r.p.TestFile    Now processing file /home/runner/work/key/key/key.core/../key.ui/examples/heap/list/ArrayList_size.key 
150962     INFO  main            d.u.i.k.p.i.AbstractProblemLoader Loading environment from /home/runner/work/key/key/key.core/../key.ui/examples/heap/list/ArrayList_size.key 
150963     DEBUG main            d.u.i.k.p.i.AbstractProblemLoader Environment load took 259.1ns 
150964     INFO  main            d.u.i.k.p.i.AbstractProblemLoader Creating init config 
152130     DEBUG main            d.u.i.k.j.r.ClassPreparationMethodBuilder clPrepBuilder: Inner Class detected. Reject building class initialisation methods. 
154599     DEBUG main            d.u.i.k.p.i.AbstractProblemLoader Init config took 3.63s 
154652     INFO  main            d.u.i.k.p.i.AbstractProblemLoader Replaying proof ArrayList[List::size()].JML normal_behavior operation contract.0 
154654     DEBUG main            d.u.i.k.p.i.IntermediateProofReplayer Proof replay took 6.5ns 
154956     INFO  main            d.u.i.k.p.r.p.TestFile    ... finished proof: closed. 
155230     INFO  main            d.u.i.k.p.i.AbstractProblemLoader Loading environment from /home/runner/work/key/key/key.core/../key.ui/examples/heap/list/ArrayList_size.key.proof 
155231     DEBUG main            d.u.i.k.p.i.AbstractProblemLoader Environment load took 459.1ns 
155232     INFO  main            d.u.i.k.p.i.AbstractProblemLoader Creating init config 
156392     DEBUG main            d.u.i.k.j.r.ClassPreparationMethodBuilder clPrepBuilder: Inner Class detected. Reject building class initialisation methods. 
158902     DEBUG main            d.u.i.k.p.i.AbstractProblemLoader Init config took 3.67s 
158962     INFO  main            d.u.i.k.p.i.AbstractProblemLoader Replaying proof ArrayList[List::size()].JML normal_behavior operation contract.0 
158996     DEBUG main            d.u.i.k.p.i.IntermediateProofReplayer Proof replay took 31.48ms 
158997     DEBUG main            d.u.i.k.p.r.p.TestFile    ... success: reloaded. 
158998     INFO  main            d.u.i.k.p.r.p.TestFile    Now processing file /home/runner/work/key/key/key.core/../key.ui/examples/heap/list/ArrayList.ArrayListIterator_ArrayListIterator.key 
158999     INFO  main            d.u.i.k.p.i.AbstractProblemLoader Loading environment from /home/runner/work/key/key/key.core/../key.ui/examples/heap/list/ArrayList.ArrayListIterator_ArrayListIterator.key 
158999     DEBUG main            d.u.i.k.p.i.AbstractProblemLoader Environment load took 130.8ns 
159000     INFO  main            d.u.i.k.p.i.AbstractProblemLoader Creating init config 
160160     DEBUG main            d.u.i.k.j.r.ClassPreparationMethodBuilder clPrepBuilder: Inner Class detected. Reject building class initialisation methods. 
162567     DEBUG main            d.u.i.k.p.i.AbstractProblemLoader Init config took 3.57s 
162658     INFO  main            d.u.i.k.p.i.AbstractProblemLoader Replaying proof ArrayList.ArrayListIterator[ArrayList.ArrayListIterator::ArrayListIterator(ArrayList)].JML normal_behavior operation contract.0 
162660     DEBUG main            d.u.i.k.p.i.IntermediateProofReplayer Proof replay took 6.4ns 
163364     INFO  main            d.u.i.k.p.r.p.TestFile    ... finished proof: closed. 
163667     INFO  main            d.u.i.k.p.i.AbstractProblemLoader Loading environment from /home/runner/work/key/key/key.core/../key.ui/examples/heap/list/ArrayList.ArrayListIterator_ArrayListIterator.key.proof 
163667     DEBUG main            d.u.i.k.p.i.AbstractProblemLoader Environment load took 124.7ns 
163668     INFO  main            d.u.i.k.p.i.AbstractProblemLoader Creating init config 
164793     DEBUG main            d.u.i.k.j.r.ClassPreparationMethodBuilder clPrepBuilder: Inner Class detected. Reject building class initialisation methods. 
167249     DEBUG main            d.u.i.k.p.i.AbstractProblemLoader Init config took 3.58s 
167324     INFO  main            d.u.i.k.p.i.AbstractProblemLoader Replaying proof ArrayList.ArrayListIterator[ArrayList.ArrayListIterator::ArrayListIterator(ArrayList)].JML normal_behavior operation contract.0 
167415     DEBUG main            d.u.i.k.p.i.IntermediateProofReplayer Proof replay took 85.91ms 
167417     DEBUG main            d.u.i.k.p.r.p.TestFile    ... success: reloaded. 
167418     INFO  main            d.u.i.k.p.r.p.TestFile    Now processing file /home/runner/work/key/key/key.core/../key.ui/examples/heap/list/ArrayList.ArrayListIterator_hasNext_dep.key 
167418     INFO  main            d.u.i.k.p.i.AbstractProblemLoader Loading environment from /home/runner/work/key/key/key.core/../key.ui/examples/heap/list/ArrayList.ArrayListIterator_hasNext_dep.key 
167418     DEBUG main            d.u.i.k.p.i.AbstractProblemLoader Environment load took 131.9ns 
167419     INFO  main            d.u.i.k.p.i.AbstractProblemLoader Creating init config 
168583     DEBUG main            d.u.i.k.j.r.ClassPreparationMethodBuilder clPrepBuilder: Inner Class detected. Reject building class initialisation methods. 
170983     DEBUG main            d.u.i.k.p.i.AbstractProblemLoader Init config took 3.56s 
171052     INFO  main            d.u.i.k.p.i.AbstractProblemLoader Replaying proof ArrayList.ArrayListIterator[ListIterator::hasNext()].JML accessible clause.0 
171057     DEBUG main            d.u.i.k.p.i.IntermediateProofReplayer Proof replay took 6.2ns 
171461     INFO  main            d.u.i.k.p.r.p.TestFile    ... finished proof: closed. 
171760     INFO  main            d.u.i.k.p.i.AbstractProblemLoader Loading environment from /home/runner/work/key/key/key.core/../key.ui/examples/heap/list/ArrayList.ArrayListIterator_hasNext_dep.key.proof 
171760     DEBUG main            d.u.i.k.p.i.AbstractProblemLoader Environment load took 136.8ns 
171761     INFO  main            d.u.i.k.p.i.AbstractProblemLoader Creating init config 
172885     DEBUG main            d.u.i.k.j.r.ClassPreparationMethodBuilder clPrepBuilder: Inner Class detected. Reject building class initialisation methods. 
175305     DEBUG main            d.u.i.k.p.i.AbstractProblemLoader Init config took 3.54s 
175383     INFO  main            d.u.i.k.p.i.AbstractProblemLoader Replaying proof ArrayList.ArrayListIterator[ListIterator::hasNext()].JML accessible clause.0 
175433     DEBUG main            d.u.i.k.p.i.IntermediateProofReplayer Proof replay took 46.65ms 
175434     DEBUG main            d.u.i.k.p.r.p.TestFile    ... success: reloaded. 
175436     INFO  main            d.u.i.k.p.r.p.TestFile    Now processing file /home/runner/work/key/key/key.core/../key.ui/examples/heap/list/ArrayList.ArrayListIterator_hasNext.key 
175436     INFO  main            d.u.i.k.p.i.AbstractProblemLoader Loading environment from /home/runner/work/key/key/key.core/../key.ui/examples/heap/list/ArrayList.ArrayListIterator_hasNext.key 
175437     DEBUG main            d.u.i.k.p.i.AbstractProblemLoader Environment load took 300.4ns 
175438     INFO  main            d.u.i.k.p.i.AbstractProblemLoader Creating init config 
176584     DEBUG main            d.u.i.k.j.r.ClassPreparationMethodBuilder clPrepBuilder: Inner Class detected. Reject building class initialisation methods. 
179086     DEBUG main            d.u.i.k.p.i.AbstractProblemLoader Init config took 3.65s 
179145     INFO  main            d.u.i.k.p.i.AbstractProblemLoader Replaying proof ArrayList.ArrayListIterator[ListIterator::hasNext()].JML normal_behavior operation contract.0 
179146     DEBUG main            d.u.i.k.p.i.IntermediateProofReplayer Proof replay took 5.9ns 
179549     INFO  main            d.u.i.k.p.r.p.TestFile    ... finished proof: closed. 
179824     INFO  main            d.u.i.k.p.i.AbstractProblemLoader Loading environment from /home/runner/work/key/key/key.core/../key.ui/examples/heap/list/ArrayList.ArrayListIterator_hasNext.key.proof 
179825     DEBUG main            d.u.i.k.p.i.AbstractProblemLoader Environment load took 137.3ns 
179827     INFO  main            d.u.i.k.p.i.AbstractProblemLoader Creating init config 
180941     DEBUG main            d.u.i.k.j.r.ClassPreparationMethodBuilder clPrepBuilder: Inner Class detected. Reject building class initialisation methods. 
183498     DEBUG main            d.u.i.k.p.i.AbstractProblemLoader Init config took 3.67s 
183568     INFO  main            d.u.i.k.p.i.AbstractProblemLoader Replaying proof ArrayList.ArrayListIterator[ListIterator::hasNext()].JML normal_behavior operation contract.0 
183615     DEBUG main            d.u.i.k.p.i.IntermediateProofReplayer Proof replay took 43.63ms 
183617     DEBUG main            d.u.i.k.p.r.p.TestFile    ... success: reloaded. 
183618     INFO  main            d.u.i.k.p.r.p.TestFile    Now processing file /home/runner/work/key/key/key.core/../key.ui/examples/heap/list/ArrayList.ArrayListIterator_inv.key 
183619     INFO  main            d.u.i.k.p.i.AbstractProblemLoader Loading environment from /home/runner/work/key/key/key.core/../key.ui/examples/heap/list/ArrayList.ArrayListIterator_inv.key 
183619     DEBUG main            d.u.i.k.p.i.AbstractProblemLoader Environment load took 87.9ns 
183621     INFO  main            d.u.i.k.p.i.AbstractProblemLoader Creating init config 
184801     DEBUG main            d.u.i.k.j.r.ClassPreparationMethodBuilder clPrepBuilder: Inner Class detected. Reject building class initialisation methods. 
187234     DEBUG main            d.u.i.k.p.i.AbstractProblemLoader Init config took 3.61s 
187290     INFO  main            d.u.i.k.p.i.AbstractProblemLoader Replaying proof ArrayList.ArrayListIterator[java.lang.Object::<inv>()].JML accessible clause.0 
187292     DEBUG main            d.u.i.k.p.i.IntermediateProofReplayer Proof replay took 6ns 
188399     INFO  main            d.u.i.k.p.r.p.TestFile    ... finished proof: closed. 
188744     INFO  main            d.u.i.k.p.i.AbstractProblemLoader Loading environment from /home/runner/work/key/key/key.core/../key.ui/examples/heap/list/ArrayList.ArrayListIterator_inv.key.proof 
188744     DEBUG main            d.u.i.k.p.i.AbstractProblemLoader Environment load took 135.5ns 
188745     INFO  main            d.u.i.k.p.i.AbstractProblemLoader Creating init config 
189855     DEBUG main            d.u.i.k.j.r.ClassPreparationMethodBuilder clPrepBuilder: Inner Class detected. Reject building class initialisation methods. 
192256     DEBUG main            d.u.i.k.p.i.AbstractProblemLoader Init config took 3.51s 
192316     INFO  main            d.u.i.k.p.i.AbstractProblemLoader Replaying proof ArrayList.ArrayListIterator[java.lang.Object::<inv>()].JML accessible clause.0 
192406     DEBUG main            d.u.i.k.p.i.IntermediateProofReplayer Proof replay took 83.28ms 
192408     DEBUG main            d.u.i.k.p.r.p.TestFile    ... success: reloaded. 
192410     INFO  main            d.u.i.k.p.r.p.TestFile    Now processing file /home/runner/work/key/key/key.core/../key.ui/examples/heap/list/ArrayList.ArrayListIterator_list.key 
192411     INFO  main            d.u.i.k.p.i.AbstractProblemLoader Loading environment from /home/runner/work/key/key/key.core/../key.ui/examples/heap/list/ArrayList.ArrayListIterator_list.key 
192411     DEBUG main            d.u.i.k.p.i.AbstractProblemLoader Environment load took 242.8ns 
192414     INFO  main            d.u.i.k.p.i.AbstractProblemLoader Creating init config 
193563     DEBUG main            d.u.i.k.j.r.ClassPreparationMethodBuilder clPrepBuilder: Inner Class detected. Reject building class initialisation methods. 
196017     DEBUG main            d.u.i.k.p.i.AbstractProblemLoader Init config took 3.6s 
196064     INFO  main            d.u.i.k.p.i.AbstractProblemLoader Replaying proof ListIterator[ListIterator::$list()].JML accessible clause.0 
196066     DEBUG main            d.u.i.k.p.i.IntermediateProofReplayer Proof replay took 6ns 
196168     INFO  main            d.u.i.k.p.r.p.TestFile    ... finished proof: closed. 
196467     INFO  main            d.u.i.k.p.i.AbstractProblemLoader Loading environment from /home/runner/work/key/key/key.core/../key.ui/examples/heap/list/ArrayList.ArrayListIterator_list.key.proof 
196467     DEBUG main            d.u.i.k.p.i.AbstractProblemLoader Environment load took 125.2ns 
196468     INFO  main            d.u.i.k.p.i.AbstractProblemLoader Creating init config 
197584     DEBUG main            d.u.i.k.j.r.ClassPreparationMethodBuilder clPrepBuilder: Inner Class detected. Reject building class initialisation methods. 
199914     DEBUG main            d.u.i.k.p.i.AbstractProblemLoader Init config took 3.45s 
199958     INFO  main            d.u.i.k.p.i.AbstractProblemLoader Replaying proof ListIterator[ListIterator::$list()].JML accessible clause.0 
199961     DEBUG main            d.u.i.k.p.i.IntermediateProofReplayer Proof replay took 895.5ns 
199962     DEBUG main            d.u.i.k.p.r.p.TestFile    ... success: reloaded. 
199962     INFO  main            d.u.i.k.p.r.p.TestFile    Now processing file /home/runner/work/key/key/key.core/../key.ui/examples/heap/list/ArrayList.ArrayListIterator_next_exceptional.key 
199963     INFO  main            d.u.i.k.p.i.AbstractProblemLoader Loading environment from /home/runner/work/key/key/key.core/../key.ui/examples/heap/list/ArrayList.ArrayListIterator_next_exceptional.key 
199963     DEBUG main            d.u.i.k.p.i.AbstractProblemLoader Environment load took 164.4ns 
199964     INFO  main            d.u.i.k.p.i.AbstractProblemLoader Creating init config 
201089     DEBUG main            d.u.i.k.j.r.ClassPreparationMethodBuilder clPrepBuilder: Inner Class detected. Reject building class initialisation methods. 
203521     DEBUG main            d.u.i.k.p.i.AbstractProblemLoader Init config took 3.56s 
203576     INFO  main            d.u.i.k.p.i.AbstractProblemLoader Replaying proof ArrayList.ArrayListIterator[ListIterator::next()].JML exceptional_behavior operation contract.0 
203577     DEBUG main            d.u.i.k.p.i.IntermediateProofReplayer Proof replay took 6.4ns 
204483     INFO  main            d.u.i.k.p.r.p.TestFile    ... finished proof: closed. 
204798     INFO  main            d.u.i.k.p.i.AbstractProblemLoader Loading environment from /home/runner/work/key/key/key.core/../key.ui/examples/heap/list/ArrayList.ArrayListIterator_next_exceptional.key.proof 
204798     DEBUG main            d.u.i.k.p.i.AbstractProblemLoader Environment load took 1.05ms 
204800     INFO  main            d.u.i.k.p.i.AbstractProblemLoader Creating init config 
205944     DEBUG main            d.u.i.k.j.r.ClassPreparationMethodBuilder clPrepBuilder: Inner Class detected. Reject building class initialisation methods. 
208343     DEBUG main            d.u.i.k.p.i.AbstractProblemLoader Init config took 3.54s 
208414     INFO  main            d.u.i.k.p.i.AbstractProblemLoader Replaying proof ArrayList.ArrayListIterator[ListIterator::next()].JML exceptional_behavior operation contract.0 
208543     DEBUG main            d.u.i.k.p.i.IntermediateProofReplayer Proof replay took 122.33ms 
208545     DEBUG main            d.u.i.k.p.r.p.TestFile    ... success: reloaded. 
208547     INFO  main            d.u.i.k.p.r.p.TestFile    Now processing file /home/runner/work/key/key/key.core/../key.ui/examples/heap/list/ArrayList.ArrayListIterator_next_normal.key 
208547     INFO  main            d.u.i.k.p.i.AbstractProblemLoader Loading environment from /home/runner/work/key/key/key.core/../key.ui/examples/heap/list/ArrayList.ArrayListIterator_next_normal.key 
208547     DEBUG main            d.u.i.k.p.i.AbstractProblemLoader Environment load took 247ns 
208549     INFO  main            d.u.i.k.p.i.AbstractProblemLoader Creating init config 
209720     DEBUG main            d.u.i.k.j.r.ClassPreparationMethodBuilder clPrepBuilder: Inner Class detected. Reject building class initialisation methods. 
212152     DEBUG main            d.u.i.k.p.i.AbstractProblemLoader Init config took 3.6s 
212233     INFO  main            d.u.i.k.p.i.AbstractProblemLoader Replaying proof ArrayList.ArrayListIterator[ListIterator::next()].JML normal_behavior operation contract.0 
212235     DEBUG main            d.u.i.k.p.i.IntermediateProofReplayer Proof replay took 6.1ns 
213142     INFO  main            d.u.i.k.p.r.p.TestFile    ... finished proof: closed. 
213506     INFO  main            d.u.i.k.p.i.AbstractProblemLoader Loading environment from /home/runner/work/key/key/key.core/../key.ui/examples/heap/list/ArrayList.ArrayListIterator_next_normal.key.proof 
213506     DEBUG main            d.u.i.k.p.i.AbstractProblemLoader Environment load took 132.4ns 
213508     INFO  main            d.u.i.k.p.i.AbstractProblemLoader Creating init config 
214633     DEBUG main            d.u.i.k.j.r.ClassPreparationMethodBuilder clPrepBuilder: Inner Class detected. Reject building class initialisation methods. 
217040     DEBUG main            d.u.i.k.p.i.AbstractProblemLoader Init config took 3.53s 
217102     INFO  main            d.u.i.k.p.i.AbstractProblemLoader Replaying proof ArrayList.ArrayListIterator[ListIterator::next()].JML normal_behavior operation contract.0 
217224     DEBUG main            d.u.i.k.p.i.IntermediateProofReplayer Proof replay took 117.04ms 
217226     DEBUG main            d.u.i.k.p.r.p.TestFile    ... success: reloaded. 
217227     INFO  main            d.u.i.k.p.r.p.TestFile    Now processing file /home/runner/work/key/key/key.core/../key.ui/examples/heap/list/ArrayList.ArrayListIterator_pos.key 
217227     INFO  main            d.u.i.k.p.i.AbstractProblemLoader Loading environment from /home/runner/work/key/key/key.core/../key.ui/examples/heap/list/ArrayList.ArrayListIterator_pos.key 
217227     DEBUG main            d.u.i.k.p.i.AbstractProblemLoader Environment load took 103.1ns 
217228     INFO  main            d.u.i.k.p.i.AbstractProblemLoader Creating init config 
218402     DEBUG main            d.u.i.k.j.r.ClassPreparationMethodBuilder clPrepBuilder: Inner Class detected. Reject building class initialisation methods. 
220810     DEBUG main            d.u.i.k.p.i.AbstractProblemLoader Init config took 3.58s 
220854     INFO  main            d.u.i.k.p.i.AbstractProblemLoader Replaying proof ListIterator[ListIterator::$pos()].JML accessible clause.0 
220856     DEBUG main            d.u.i.k.p.i.IntermediateProofReplayer Proof replay took 6.5ns 
220958     INFO  main            d.u.i.k.p.r.p.TestFile    ... finished proof: closed. 
221280     INFO  main            d.u.i.k.p.i.AbstractProblemLoader Loading environment from /home/runner/work/key/key/key.core/../key.ui/examples/heap/list/ArrayList.ArrayListIterator_pos.key.proof 
221280     DEBUG main            d.u.i.k.p.i.AbstractProblemLoader Environment load took 113.4ns 
221281     INFO  main            d.u.i.k.p.i.AbstractProblemLoader Creating init config 
222379     DEBUG main            d.u.i.k.j.r.ClassPreparationMethodBuilder clPrepBuilder: Inner Class detected. Reject building class initialisation methods. 
224734     DEBUG main            d.u.i.k.p.i.AbstractProblemLoader Init config took 3.45s 
224780     INFO  main            d.u.i.k.p.i.AbstractProblemLoader Replaying proof ListIterator[ListIterator::$pos()].JML accessible clause.0 
224783     DEBUG main            d.u.i.k.p.i.IntermediateProofReplayer Proof replay took 955.9ns 
224786     DEBUG main            d.u.i.k.p.r.p.TestFile    ... success: reloaded. 
224787     INFO  main            d.u.i.k.p.r.p.TestFile    Now processing file /home/runner/work/key/key/key.core/../key.ui/examples/heap/list/Client_m.key 
224788     INFO  main            d.u.i.k.p.i.AbstractProblemLoader Loading environment from /home/runner/work/key/key/key.core/../key.ui/examples/heap/list/Client_m.key 
224788     DEBUG main            d.u.i.k.p.i.AbstractProblemLoader Environment load took 220.3ns 
224789     INFO  main            d.u.i.k.p.i.AbstractProblemLoader Creating init config 
225980     DEBUG main            d.u.i.k.j.r.ClassPreparationMethodBuilder clPrepBuilder: Inner Class detected. Reject building class initialisation methods. 
228416     DEBUG main            d.u.i.k.p.i.AbstractProblemLoader Init config took 3.63s 
228459     INFO  main            d.u.i.k.p.i.AbstractProblemLoader Replaying proof Client[Client::m(List)].JML normal_behavior operation contract.0 
228460     DEBUG main            d.u.i.k.p.i.IntermediateProofReplayer Proof replay took 6.4ns 
228767     INFO  main            d.u.i.k.p.r.p.TestFile    ... finished proof: closed. 
229109     INFO  main            d.u.i.k.p.i.AbstractProblemLoader Loading environment from /home/runner/work/key/key/key.core/../key.ui/examples/heap/list/Client_m.key.proof 
229110     DEBUG main            d.u.i.k.p.i.AbstractProblemLoader Environment load took 183.8ns 
229111     INFO  main            d.u.i.k.p.i.AbstractProblemLoader Creating init config 
230212     DEBUG main            d.u.i.k.j.r.ClassPreparationMethodBuilder clPrepBuilder: Inner Class detected. Reject building class initialisation methods. 
232591     DEBUG main            d.u.i.k.p.i.AbstractProblemLoader Init config took 3.48s 
232637     INFO  main            d.u.i.k.p.i.AbstractProblemLoader Replaying proof Client[Client::m(List)].JML normal_behavior operation contract.0 
232708     DEBUG main            d.u.i.k.p.i.IntermediateProofReplayer Proof replay took 67.82ms 
232709     DEBUG main            d.u.i.k.p.r.p.TestFile    ... success: reloaded. 
232710     INFO  main            d.u.i.k.p.r.p.TestFile    Now processing file /home/runner/work/key/key/key.core/../key.ui/examples/heap/list/Client_n.key 
232711     INFO  main            d.u.i.k.p.i.AbstractProblemLoader Loading environment from /home/runner/work/key/key/key.core/../key.ui/examples/heap/list/Client_n.key 
232711     DEBUG main            d.u.i.k.p.i.AbstractProblemLoader Environment load took 117ns 
232712     INFO  main            d.u.i.k.p.i.AbstractProblemLoader Creating init config 
233881     DEBUG main            d.u.i.k.j.r.ClassPreparationMethodBuilder clPrepBuilder: Inner Class detected. Reject building class initialisation methods. 
236304     DEBUG main            d.u.i.k.p.i.AbstractProblemLoader Init config took 3.59s 
236353     INFO  main            d.u.i.k.p.i.AbstractProblemLoader Replaying proof Client[Client::n(List)].JML normal_behavior operation contract.0 
236355     DEBUG main            d.u.i.k.p.i.IntermediateProofReplayer Proof replay took 6.9ns 
236456     INFO  main            d.u.i.k.p.r.p.TestFile    ... finished proof: closed. 
236794     INFO  main            d.u.i.k.p.i.AbstractProblemLoader Loading environment from /home/runner/work/key/key/key.core/../key.ui/examples/heap/list/Client_n.key.proof 
236794     DEBUG main            d.u.i.k.p.i.AbstractProblemLoader Environment load took 111.5ns 
236795     INFO  main            d.u.i.k.p.i.AbstractProblemLoader Creating init config 
237930     DEBUG main            d.u.i.k.j.r.ClassPreparationMethodBuilder clPrepBuilder: Inner Class detected. Reject building class initialisation methods. 
240346     DEBUG main            d.u.i.k.p.i.AbstractProblemLoader Init config took 3.55s 
240389     INFO  main            d.u.i.k.p.i.AbstractProblemLoader Replaying proof Client[Client::n(List)].JML normal_behavior operation contract.0 
240409     DEBUG main            d.u.i.k.p.i.IntermediateProofReplayer Proof replay took 17.66ms 
240410     DEBUG main            d.u.i.k.p.r.p.TestFile    ... success: reloaded. 
240411     INFO  main            d.u.i.k.p.r.p.TestFile    Now processing file /home/runner/work/key/key/key.core/../key.ui/examples/heap/list/LinkedList_get_exceptional.key 
240411     INFO  main            d.u.i.k.p.i.AbstractProblemLoader Loading environment from /home/runner/work/key/key/key.core/../key.ui/examples/heap/list/LinkedList_get_exceptional.key 
240412     DEBUG main            d.u.i.k.p.i.AbstractProblemLoader Environment load took 65.5ns 
240412     INFO  main            d.u.i.k.p.i.AbstractProblemLoader Creating init config 
241604     DEBUG main            d.u.i.k.j.r.ClassPreparationMethodBuilder clPrepBuilder: Inner Class detected. Reject building class initialisation methods. 
244097     DEBUG main            d.u.i.k.p.i.AbstractProblemLoader Init config took 3.68s 
244148     INFO  main            d.u.i.k.p.i.AbstractProblemLoader Replaying proof LinkedList[List::get(int)].JML exceptional_behavior operation contract.0 
244150     DEBUG main            d.u.i.k.p.i.IntermediateProofReplayer Proof replay took 6.9ns 
246566     INFO  main            d.u.i.k.p.r.p.TestFile    ... finished proof: closed. 
246934     INFO  main            d.u.i.k.p.i.AbstractProblemLoader Loading environment from /home/runner/work/key/key/key.core/../key.ui/examples/heap/list/LinkedList_get_exceptional.key.proof 
246934     DEBUG main            d.u.i.k.p.i.AbstractProblemLoader Environment load took 116.7ns 
246935     INFO  main            d.u.i.k.p.i.AbstractProblemLoader Creating init config 
248067     DEBUG main            d.u.i.k.j.r.ClassPreparationMethodBuilder clPrepBuilder: Inner Class detected. Reject building class initialisation methods. 
250467     DEBUG main            d.u.i.k.p.i.AbstractProblemLoader Init config took 3.53s 
250522     INFO  main            d.u.i.k.p.i.AbstractProblemLoader Replaying proof LinkedList[List::get(int)].JML exceptional_behavior operation contract.0 
250804     DEBUG main            d.u.i.k.p.i.IntermediateProofReplayer Proof replay took 270.9ms 
250805     DEBUG main            d.u.i.k.p.r.p.TestFile    ... success: reloaded. 
250806     INFO  main            d.u.i.k.p.r.p.TestFile    Now processing file /home/runner/work/key/key/key.core/../key.ui/examples/heap/list/LinkedList_get_normal.key 
250807     INFO  main            d.u.i.k.p.i.AbstractProblemLoader Loading environment from /home/runner/work/key/key/key.core/../key.ui/examples/heap/list/LinkedList_get_normal.key 
250807     DEBUG main            d.u.i.k.p.i.AbstractProblemLoader Environment load took 106.3ns 
250808     INFO  main            d.u.i.k.p.i.AbstractProblemLoader Creating init config 
251947     DEBUG main            d.u.i.k.j.r.ClassPreparationMethodBuilder clPrepBuilder: Inner Class detected. Reject building class initialisation methods. 
254344     DEBUG main            d.u.i.k.p.i.AbstractProblemLoader Init config took 3.54s 
254397     INFO  main            d.u.i.k.p.i.AbstractProblemLoader Replaying proof LinkedList[List::get(int)].JML normal_behavior operation contract.0 
254398     DEBUG main            d.u.i.k.p.i.IntermediateProofReplayer Proof replay took 7.6ns 
261148     INFO  main            d.u.i.k.p.r.p.TestFile    ... finished proof: closed. 
261600     INFO  main            d.u.i.k.p.i.AbstractProblemLoader Loading environment from /home/runner/work/key/key/key.core/../key.ui/examples/heap/list/LinkedList_get_normal.key.proof 
261600     DEBUG main            d.u.i.k.p.i.AbstractProblemLoader Environment load took 203.8ns 
261602     INFO  main            d.u.i.k.p.i.AbstractProblemLoader Creating init config 
262707     DEBUG main            d.u.i.k.j.r.ClassPreparationMethodBuilder clPrepBuilder: Inner Class detected. Reject building class initialisation methods. 
265090     DEBUG main            d.u.i.k.p.i.AbstractProblemLoader Init config took 3.49s 
265158     INFO  main            d.u.i.k.p.i.AbstractProblemLoader Replaying proof LinkedList[List::get(int)].JML normal_behavior operation contract.0 
265650     DEBUG main            d.u.i.k.p.i.IntermediateProofReplayer Proof replay took 459.62ms 
265653     DEBUG main            d.u.i.k.p.r.p.TestFile    ... success: reloaded. 
265654     INFO  main            d.u.i.k.p.r.p.TestFile    Now processing file /home/runner/work/key/key/key.core/../key.ui/examples/heap/list/LinkedList_LinkedList.key 
265655     INFO  main            d.u.i.k.p.i.AbstractProblemLoader Loading environment from /home/runner/work/key/key/key.core/../key.ui/examples/heap/list/LinkedList_LinkedList.key 
265655     DEBUG main            d.u.i.k.p.i.AbstractProblemLoader Environment load took 97.9ns 
265659     INFO  main            d.u.i.k.p.i.AbstractProblemLoader Creating init config 
266813     DEBUG main            d.u.i.k.j.r.ClassPreparationMethodBuilder clPrepBuilder: Inner Class detected. Reject building class initialisation methods. 
269361     DEBUG main            d.u.i.k.p.i.AbstractProblemLoader Init config took 3.7s 
269438     INFO  main            d.u.i.k.p.i.AbstractProblemLoader Replaying proof LinkedList[LinkedList::LinkedList()].JML normal_behavior operation contract.0 
269439     DEBUG main            d.u.i.k.p.i.IntermediateProofReplayer Proof replay took 7ns 
269944     INFO  main            d.u.i.k.p.r.p.TestFile    ... finished proof: closed. 
270349     INFO  main            d.u.i.k.p.i.AbstractProblemLoader Loading environment from /home/runner/work/key/key/key.core/../key.ui/examples/heap/list/LinkedList_LinkedList.key.proof 
270350     DEBUG main            d.u.i.k.p.i.AbstractProblemLoader Environment load took 400.1ns 
270351     INFO  main            d.u.i.k.p.i.AbstractProblemLoader Creating init config 
271502     DEBUG main            d.u.i.k.j.r.ClassPreparationMethodBuilder clPrepBuilder: Inner Class detected. Reject building class initialisation methods. 
273856     DEBUG main            d.u.i.k.p.i.AbstractProblemLoader Init config took 3.5s 
273905     INFO  main            d.u.i.k.p.i.AbstractProblemLoader Replaying proof LinkedList[LinkedList::LinkedList()].JML normal_behavior operation contract.0 
273985     DEBUG main            d.u.i.k.p.i.IntermediateProofReplayer Proof replay took 76.25ms 
273986     DEBUG main            d.u.i.k.p.r.p.TestFile    ... success: reloaded. 
273987     INFO  main            d.u.i.k.p.r.p.TestFile    Now processing file /home/runner/work/key/key/key.core/../key.ui/examples/heap/list/LinkedList_size_dep.key 
273988     INFO  main            d.u.i.k.p.i.AbstractProblemLoader Loading environment from /home/runner/work/key/key/key.core/../key.ui/examples/heap/list/LinkedList_size_dep.key 
273988     DEBUG main            d.u.i.k.p.i.AbstractProblemLoader Environment load took 200.6ns 
273989     INFO  main            d.u.i.k.p.i.AbstractProblemLoader Creating init config 
275111     DEBUG main            d.u.i.k.j.r.ClassPreparationMethodBuilder clPrepBuilder: Inner Class detected. Reject building class initialisation methods. 
277541     DEBUG main            d.u.i.k.p.i.AbstractProblemLoader Init config took 3.55s 
277593     INFO  main            d.u.i.k.p.i.AbstractProblemLoader Replaying proof LinkedList[List::size()].JML accessible clause.0 
277595     DEBUG main            d.u.i.k.p.i.IntermediateProofReplayer Proof replay took 8.1ns 
278198     INFO  main            d.u.i.k.p.r.p.TestFile    ... finished proof: closed. 
278557     INFO  main            d.u.i.k.p.i.AbstractProblemLoader Loading environment from /home/runner/work/key/key/key.core/../key.ui/examples/heap/list/LinkedList_size_dep.key.proof 
278557     DEBUG main            d.u.i.k.p.i.AbstractProblemLoader Environment load took 108.4ns 
278558     INFO  main            d.u.i.k.p.i.AbstractProblemLoader Creating init config 
279700     DEBUG main            d.u.i.k.j.r.ClassPreparationMethodBuilder clPrepBuilder: Inner Class detected. Reject building class initialisation methods. 
282036     DEBUG main            d.u.i.k.p.i.AbstractProblemLoader Init config took 3.48s 
282092     INFO  main            d.u.i.k.p.i.AbstractProblemLoader Replaying proof LinkedList[List::size()].JML accessible clause.0 
282135     DEBUG main            d.u.i.k.p.i.IntermediateProofReplayer Proof replay took 38.78ms 
282136     DEBUG main            d.u.i.k.p.r.p.TestFile    ... success: reloaded. 
282137     INFO  main            d.u.i.k.p.r.p.TestFile    Now processing file /home/runner/work/key/key/key.core/../key.ui/examples/heap/list/LinkedList_size.key 
282138     INFO  main            d.u.i.k.p.i.AbstractProblemLoader Loading environment from /home/runner/work/key/key/key.core/../key.ui/examples/heap/list/LinkedList_size.key 
282138     DEBUG main            d.u.i.k.p.i.AbstractProblemLoader Environment load took 254ns 
282139     INFO  main            d.u.i.k.p.i.AbstractProblemLoader Creating init config 
283290     DEBUG main            d.u.i.k.j.r.ClassPreparationMethodBuilder clPrepBuilder: Inner Class detected. Reject building class initialisation methods. 
285708     DEBUG main            d.u.i.k.p.i.AbstractProblemLoader Init config took 3.57s 
285757     INFO  main            d.u.i.k.p.i.AbstractProblemLoader Replaying proof LinkedList[List::size()].JML normal_behavior operation contract.0 
285758     DEBUG main            d.u.i.k.p.i.IntermediateProofReplayer Proof replay took 5.9ns 
286261     INFO  main            d.u.i.k.p.r.p.TestFile    ... finished proof: closed. 
286633     INFO  main            d.u.i.k.p.i.AbstractProblemLoader Loading environment from /home/runner/work/key/key/key.core/../key.ui/examples/heap/list/LinkedList_size.key.proof 
286633     DEBUG main            d.u.i.k.p.i.AbstractProblemLoader Environment load took 164.4ns 
286634     INFO  main            d.u.i.k.p.i.AbstractProblemLoader Creating init config 
287742     DEBUG main            d.u.i.k.j.r.ClassPreparationMethodBuilder clPrepBuilder: Inner Class detected. Reject building class initialisation methods. 
290062     DEBUG main            d.u.i.k.p.i.AbstractProblemLoader Init config took 3.43s 
290110     INFO  main            d.u.i.k.p.i.AbstractProblemLoader Replaying proof LinkedList[List::size()].JML normal_behavior operation contract.0 
290145     DEBUG main            d.u.i.k.p.i.IntermediateProofReplayer Proof replay took 31.6ms 
290146     DEBUG main            d.u.i.k.p.r.p.TestFile    ... success: reloaded. 
290147     INFO  main            d.u.i.k.p.r.p.TestFile    Now processing file /home/runner/work/key/key/key.core/../key.ui/examples/heap/list/MySet_footprint.key 
290147     INFO  main            d.u.i.k.p.i.AbstractProblemLoader Loading environment from /home/runner/work/key/key/key.core/../key.ui/examples/heap/list/MySet_footprint.key 
290147     DEBUG main            d.u.i.k.p.i.AbstractProblemLoader Environment load took 150.6ns 
290148     INFO  main            d.u.i.k.p.i.AbstractProblemLoader Creating init config 
291249     DEBUG main            d.u.i.k.j.r.ClassPreparationMethodBuilder clPrepBuilder: Inner Class detected. Reject building class initialisation methods. 
293686     DEBUG main            d.u.i.k.p.i.AbstractProblemLoader Init config took 3.54s 
293746     INFO  main            d.u.i.k.p.i.AbstractProblemLoader Replaying proof MySet[MySet::$footprint()].JML accessible clause.0 
293747     DEBUG main            d.u.i.k.p.i.IntermediateProofReplayer Proof replay took 8.1ns 
294050     INFO  main            d.u.i.k.p.r.p.TestFile    ... finished proof: closed. 
294436     INFO  main            d.u.i.k.p.i.AbstractProblemLoader Loading environment from /home/runner/work/key/key/key.core/../key.ui/examples/heap/list/MySet_footprint.key.proof 
294436     DEBUG main            d.u.i.k.p.i.AbstractProblemLoader Environment load took 113.8ns 
294437     INFO  main            d.u.i.k.p.i.AbstractProblemLoader Creating init config 
295553     DEBUG main            d.u.i.k.j.r.ClassPreparationMethodBuilder clPrepBuilder: Inner Class detected. Reject building class initialisation methods. 
297951     DEBUG main            d.u.i.k.p.i.AbstractProblemLoader Init config took 3.51s 
298017     INFO  main            d.u.i.k.p.i.AbstractProblemLoader Replaying proof MySet[MySet::$footprint()].JML accessible clause.0 
298050     DEBUG main            d.u.i.k.p.i.IntermediateProofReplayer Proof replay took 28.27ms 
298051     DEBUG main            d.u.i.k.p.r.p.TestFile    ... success: reloaded. 
298052     INFO  main            d.u.i.k.p.r.p.TestFile    Now processing file /home/runner/work/key/key/key.core/../key.ui/examples/heap/list/MySet_MySet.key 
298052     INFO  main            d.u.i.k.p.i.AbstractProblemLoader Loading environment from /home/runner/work/key/key/key.core/../key.ui/examples/heap/list/MySet_MySet.key 
298052     DEBUG main            d.u.i.k.p.i.AbstractProblemLoader Environment load took 96.9ns 
298053     INFO  main            d.u.i.k.p.i.AbstractProblemLoader Creating init config 
299257     DEBUG main            d.u.i.k.j.r.ClassPreparationMethodBuilder clPrepBuilder: Inner Class detected. Reject building class initialisation methods. 
301686     DEBUG main            d.u.i.k.p.i.AbstractProblemLoader Init config took 3.63s 
301772     INFO  main            d.u.i.k.p.i.AbstractProblemLoader Replaying proof MySet[MySet::MySet()].JML normal_behavior operation contract.0 
301774     DEBUG main            d.u.i.k.p.i.IntermediateProofReplayer Proof replay took 6.9ns 
304506     INFO  main            d.u.i.k.p.r.p.TestFile    ... finished proof: closed. 
304905     INFO  main            d.u.i.k.p.i.AbstractProblemLoader Loading environment from /home/runner/work/key/key/key.core/../key.ui/examples/heap/list/MySet_MySet.key.proof 
304905     DEBUG main            d.u.i.k.p.i.AbstractProblemLoader Environment load took 126.3ns 
304907     INFO  main            d.u.i.k.p.i.AbstractProblemLoader Creating init config 
306042     DEBUG main            d.u.i.k.j.r.ClassPreparationMethodBuilder clPrepBuilder: Inner Class detected. Reject building class initialisation methods. 
308493     DEBUG main            d.u.i.k.p.i.AbstractProblemLoader Init config took 3.59s 
308551     INFO  main            d.u.i.k.p.i.AbstractProblemLoader Replaying proof MySet[MySet::MySet()].JML normal_behavior operation contract.0 
308898     DEBUG main            d.u.i.k.p.i.IntermediateProofReplayer Proof replay took 328.73ms 
308899     DEBUG main            d.u.i.k.p.r.p.TestFile    ... success: reloaded. 
1330434    INFO  Test worker     d.u.i.k.p.r.RunAllProofsTestUnit Returning from test list 
1330444    INFO  Test worker     d.u.i.k.p.r.RunAllProofsTestUnit Running test list_ghost 
421        INFO  Timeout watchdog d.u.i.k.p.r.p.ForkedTestFileRunner Timeout watcher launched (2000 secs.) 
445        WARN  main            d.u.i.k.s.ProofSettings   The settings in /home/runner/.key/proof-settings.props are *not* read. 
481        INFO  main            d.u.i.k.p.r.p.TestFile    Now processing file /home/runner/work/key/key/key.core/../key.ui/examples/heap/list_ghost/ArrayList_add.key 
666        INFO  main            d.u.i.k.p.i.AbstractProblemLoader Loading environment from /home/runner/work/key/key/key.core/../key.ui/examples/heap/list_ghost/ArrayList_add.key 
690        DEBUG main            d.u.i.k.p.i.AbstractProblemLoader Environment load took 2.58ms 
968        INFO  main            d.u.i.k.p.i.AbstractProblemLoader Creating init config 
2081       DEBUG main            d.u.i.k.j.TypeConverter   No LDT found for Meta 
2107       DEBUG main            d.u.i.k.j.TypeConverter   No LDT found for Meta 
2108       DEBUG main            d.u.i.k.j.TypeConverter   No LDT found for Meta 
2109       DEBUG main            d.u.i.k.j.TypeConverter   No LDT found for Meta 
3576       DEBUG main            d.u.i.k.j.TypeConverter   No LDT found for JavaBigintExpression 
9330       DEBUG main            d.u.i.k.p.i.AbstractProblemLoader Init config took 8.36s 
9474       INFO  main            d.u.i.k.p.i.AbstractProblemLoader Replaying proof ArrayList[List::add(java.lang.Object)].JML normal_behavior operation contract.0 
9515       DEBUG main            d.u.i.k.p.i.IntermediateProofReplayer Proof replay took 30.5ns 
15301      INFO  main            d.u.i.k.p.r.p.TestFile    ... finished proof: closed. 
15564      INFO  main            d.u.i.k.p.i.AbstractProblemLoader Loading environment from /home/runner/work/key/key/key.core/../key.ui/examples/heap/list_ghost/ArrayList_add.key.proof 
15566      DEBUG main            d.u.i.k.p.i.AbstractProblemLoader Environment load took 1.69ms 
15570      INFO  main            d.u.i.k.p.i.AbstractProblemLoader Creating init config 
18910      DEBUG main            d.u.i.k.p.i.AbstractProblemLoader Init config took 3.34s 
19011      INFO  main            d.u.i.k.p.i.AbstractProblemLoader Replaying proof ArrayList[List::add(java.lang.Object)].JML normal_behavior operation contract.0 
19756      DEBUG main            d.u.i.k.p.i.IntermediateProofReplayer Proof replay took 700.22ms 
19767      DEBUG main            d.u.i.k.p.r.p.TestFile    ... success: reloaded. 
19773      INFO  main            d.u.i.k.p.r.p.TestFile    Now processing file /home/runner/work/key/key/key.core/../key.ui/examples/heap/list_ghost/ArrayList_ArrayList.key 
19774      INFO  main            d.u.i.k.p.i.AbstractProblemLoader Loading environment from /home/runner/work/key/key/key.core/../key.ui/examples/heap/list_ghost/ArrayList_ArrayList.key 
19775      DEBUG main            d.u.i.k.p.i.AbstractProblemLoader Environment load took 525.2ns 
19780      INFO  main            d.u.i.k.p.i.AbstractProblemLoader Creating init config 
23207      DEBUG main            d.u.i.k.p.i.AbstractProblemLoader Init config took 3.43s 
23271      INFO  main            d.u.i.k.p.i.AbstractProblemLoader Replaying proof ArrayList[ArrayList::ArrayList()].JML normal_behavior operation contract.0 
23274      DEBUG main            d.u.i.k.p.i.IntermediateProofReplayer Proof replay took 6.2ns 
24480      INFO  main            d.u.i.k.p.r.p.TestFile    ... finished proof: closed. 
24669      INFO  main            d.u.i.k.p.i.AbstractProblemLoader Loading environment from /home/runner/work/key/key/key.core/../key.ui/examples/heap/list_ghost/ArrayList_ArrayList.key.proof 
24669      DEBUG main            d.u.i.k.p.i.AbstractProblemLoader Environment load took 514.2ns 
24673      INFO  main            d.u.i.k.p.i.AbstractProblemLoader Creating init config 
27902      DEBUG main            d.u.i.k.p.i.AbstractProblemLoader Init config took 3.23s 
27962      INFO  main            d.u.i.k.p.i.AbstractProblemLoader Replaying proof ArrayList[ArrayList::ArrayList()].JML normal_behavior operation contract.0 
28181      DEBUG main            d.u.i.k.p.i.IntermediateProofReplayer Proof replay took 209.39ms 
28183      DEBUG main            d.u.i.k.p.r.p.TestFile    ... success: reloaded. 
28186      INFO  main            d.u.i.k.p.r.p.TestFile    Now processing file /home/runner/work/key/key/key.core/../key.ui/examples/heap/list_ghost/ArrayList_enlarge.key 
28187      INFO  main            d.u.i.k.p.i.AbstractProblemLoader Loading environment from /home/runner/work/key/key/key.core/../key.ui/examples/heap/list_ghost/ArrayList_enlarge.key 
28187      DEBUG main            d.u.i.k.p.i.AbstractProblemLoader Environment load took 276.7ns 
28188      INFO  main            d.u.i.k.p.i.AbstractProblemLoader Creating init config 
31373      DEBUG main            d.u.i.k.p.i.AbstractProblemLoader Init config took 3.19s 
31426      INFO  main            d.u.i.k.p.i.AbstractProblemLoader Replaying proof ArrayList[ArrayList::enlarge()].JML normal_behavior operation contract.0 
31432      DEBUG main            d.u.i.k.p.i.IntermediateProofReplayer Proof replay took 6.5ns 
33841      INFO  main            d.u.i.k.p.r.p.TestFile    ... finished proof: closed. 
34049      INFO  main            d.u.i.k.p.i.AbstractProblemLoader Loading environment from /home/runner/work/key/key/key.core/../key.ui/examples/heap/list_ghost/ArrayList_enlarge.key.proof 
34051      DEBUG main            d.u.i.k.p.i.AbstractProblemLoader Environment load took 2.58ms 
34054      INFO  main            d.u.i.k.p.i.AbstractProblemLoader Creating init config 
37141      DEBUG main            d.u.i.k.p.i.AbstractProblemLoader Init config took 3.09s 
37214      INFO  main            d.u.i.k.p.i.AbstractProblemLoader Replaying proof ArrayList[ArrayList::enlarge()].JML normal_behavior operation contract.0 
37646      DEBUG main            d.u.i.k.p.i.IntermediateProofReplayer Proof replay took 418.97ms 
37648      DEBUG main            d.u.i.k.p.r.p.TestFile    ... success: reloaded. 
37649      INFO  main            d.u.i.k.p.r.p.TestFile    Now processing file /home/runner/work/key/key/key.core/../key.ui/examples/heap/list_ghost/ArrayList_get_dep.key 
37650      INFO  main            d.u.i.k.p.i.AbstractProblemLoader Loading environment from /home/runner/work/key/key/key.core/../key.ui/examples/heap/list_ghost/ArrayList_get_dep.key 
37650      DEBUG main            d.u.i.k.p.i.AbstractProblemLoader Environment load took 266.5ns 
37651      INFO  main            d.u.i.k.p.i.AbstractProblemLoader Creating init config 
40742      DEBUG main            d.u.i.k.p.i.AbstractProblemLoader Init config took 3.09s 
40798      INFO  main            d.u.i.k.p.i.AbstractProblemLoader Replaying proof ArrayList[List::get(int)].JML accessible clause.0 
40801      DEBUG main            d.u.i.k.p.i.IntermediateProofReplayer Proof replay took 7.3ns 
41204      INFO  main            d.u.i.k.p.r.p.TestFile    ... finished proof: closed. 
41446      INFO  main            d.u.i.k.p.i.AbstractProblemLoader Loading environment from /home/runner/work/key/key/key.core/../key.ui/examples/heap/list_ghost/ArrayList_get_dep.key.proof 
41446      DEBUG main            d.u.i.k.p.i.AbstractProblemLoader Environment load took 119.6ns 
41447      INFO  main            d.u.i.k.p.i.AbstractProblemLoader Creating init config 
44597      DEBUG main            d.u.i.k.p.i.AbstractProblemLoader Init config took 3.15s 
44650      INFO  main            d.u.i.k.p.i.AbstractProblemLoader Replaying proof ArrayList[List::get(int)].JML accessible clause.0 
44723      DEBUG main            d.u.i.k.p.i.IntermediateProofReplayer Proof replay took 68.94ms 
44725      DEBUG main            d.u.i.k.p.r.p.TestFile    ... success: reloaded. 
44726      INFO  main            d.u.i.k.p.r.p.TestFile    Now processing file /home/runner/work/key/key/key.core/../key.ui/examples/heap/list_ghost/ArrayList_get_exceptional.key 
44727      INFO  main            d.u.i.k.p.i.AbstractProblemLoader Loading environment from /home/runner/work/key/key/key.core/../key.ui/examples/heap/list_ghost/ArrayList_get_exceptional.key 
44727      DEBUG main            d.u.i.k.p.i.AbstractProblemLoader Environment load took 258.2ns 
44728      INFO  main            d.u.i.k.p.i.AbstractProblemLoader Creating init config 
47842      DEBUG main            d.u.i.k.p.i.AbstractProblemLoader Init config took 3.11s 
47903      INFO  main            d.u.i.k.p.i.AbstractProblemLoader Replaying proof ArrayList[List::get(int)].JML exceptional_behavior operation contract.0 
47906      DEBUG main            d.u.i.k.p.i.IntermediateProofReplayer Proof replay took 18.5ns 
48911      INFO  main            d.u.i.k.p.r.p.TestFile    ... finished proof: closed. 
49123      INFO  main            d.u.i.k.p.i.AbstractProblemLoader Loading environment from /home/runner/work/key/key/key.core/../key.ui/examples/heap/list_ghost/ArrayList_get_exceptional.key.proof 
49123      DEBUG main            d.u.i.k.p.i.AbstractProblemLoader Environment load took 133.4ns 
49124      INFO  main            d.u.i.k.p.i.AbstractProblemLoader Creating init config 
52172      DEBUG main            d.u.i.k.p.i.AbstractProblemLoader Init config took 3.05s 
52233      INFO  main            d.u.i.k.p.i.AbstractProblemLoader Replaying proof ArrayList[List::get(int)].JML exceptional_behavior operation contract.0 
52425      DEBUG main            d.u.i.k.p.i.IntermediateProofReplayer Proof replay took 181.76ms 
52426      DEBUG main            d.u.i.k.p.r.p.TestFile    ... success: reloaded. 
52427      INFO  main            d.u.i.k.p.r.p.TestFile    Now processing file /home/runner/work/key/key/key.core/../key.ui/examples/heap/list_ghost/ArrayList_get_normal.key 
52428      INFO  main            d.u.i.k.p.i.AbstractProblemLoader Loading environment from /home/runner/work/key/key/key.core/../key.ui/examples/heap/list_ghost/ArrayList_get_normal.key 
52428      DEBUG main            d.u.i.k.p.i.AbstractProblemLoader Environment load took 914.2ns 
52429      INFO  main            d.u.i.k.p.i.AbstractProblemLoader Creating init config 
55594      DEBUG main            d.u.i.k.p.i.AbstractProblemLoader Init config took 3.16s 
55650      INFO  main            d.u.i.k.p.i.AbstractProblemLoader Replaying proof ArrayList[List::get(int)].JML normal_behavior operation contract.0 
55652      DEBUG main            d.u.i.k.p.i.IntermediateProofReplayer Proof replay took 33.8ns 
55955      INFO  main            d.u.i.k.p.r.p.TestFile    ... finished proof: closed. 
56266      INFO  main            d.u.i.k.p.i.AbstractProblemLoader Loading environment from /home/runner/work/key/key/key.core/../key.ui/examples/heap/list_ghost/ArrayList_get_normal.key.proof 
56267      DEBUG main            d.u.i.k.p.i.AbstractProblemLoader Environment load took 513.9ns 
56268      INFO  main            d.u.i.k.p.i.AbstractProblemLoader Creating init config 
59361      DEBUG main            d.u.i.k.p.i.AbstractProblemLoader Init config took 3.09s 
59413      INFO  main            d.u.i.k.p.i.AbstractProblemLoader Replaying proof ArrayList[List::get(int)].JML normal_behavior operation contract.0 
59472      DEBUG main            d.u.i.k.p.i.IntermediateProofReplayer Proof replay took 54.74ms 
59473      DEBUG main            d.u.i.k.p.r.p.TestFile    ... success: reloaded. 
59474      INFO  main            d.u.i.k.p.r.p.TestFile    Now processing file /home/runner/work/key/key/key.core/../key.ui/examples/heap/list_ghost/ArrayList_inv.key 
59475      INFO  main            d.u.i.k.p.i.AbstractProblemLoader Loading environment from /home/runner/work/key/key/key.core/../key.ui/examples/heap/list_ghost/ArrayList_inv.key 
59475      DEBUG main            d.u.i.k.p.i.AbstractProblemLoader Environment load took 251.8ns 
59476      INFO  main            d.u.i.k.p.i.AbstractProblemLoader Creating init config 
62474      DEBUG main            d.u.i.k.p.i.AbstractProblemLoader Init config took 3s 
62532      INFO  main            d.u.i.k.p.i.AbstractProblemLoader Replaying proof ArrayList[java.lang.Object::<inv>()].JML accessible clause.0 
62534      DEBUG main            d.u.i.k.p.i.IntermediateProofReplayer Proof replay took 7.6ns 
62637      INFO  main            d.u.i.k.p.r.p.TestFile    ... finished proof: closed. 
62838      INFO  main            d.u.i.k.p.i.AbstractProblemLoader Loading environment from /home/runner/work/key/key/key.core/../key.ui/examples/heap/list_ghost/ArrayList_inv.key.proof 
62838      DEBUG main            d.u.i.k.p.i.AbstractProblemLoader Environment load took 133.1ns 
62839      INFO  main            d.u.i.k.p.i.AbstractProblemLoader Creating init config 
65780      DEBUG main            d.u.i.k.p.i.AbstractProblemLoader Init config took 2.94s 
65827      INFO  main            d.u.i.k.p.i.AbstractProblemLoader Replaying proof ArrayList[java.lang.Object::<inv>()].JML accessible clause.0 
65839      DEBUG main            d.u.i.k.p.i.IntermediateProofReplayer Proof replay took 9.16ms 
65840      DEBUG main            d.u.i.k.p.r.p.TestFile    ... success: reloaded. 
65841      INFO  main            d.u.i.k.p.r.p.TestFile    Now processing file /home/runner/work/key/key/key.core/../key.ui/examples/heap/list_ghost/ArrayList_size_dep.key 
65841      INFO  main            d.u.i.k.p.i.AbstractProblemLoader Loading environment from /home/runner/work/key/key/key.core/../key.ui/examples/heap/list_ghost/ArrayList_size_dep.key 
65841      DEBUG main            d.u.i.k.p.i.AbstractProblemLoader Environment load took 270.7ns 
65843      INFO  main            d.u.i.k.p.i.AbstractProblemLoader Creating init config 
68841      DEBUG main            d.u.i.k.p.i.AbstractProblemLoader Init config took 3s 
68907      INFO  main            d.u.i.k.p.i.AbstractProblemLoader Replaying proof ArrayList[List::size()].JML accessible clause.0 
68909      DEBUG main            d.u.i.k.p.i.IntermediateProofReplayer Proof replay took 6.6ns 
69014      INFO  main            d.u.i.k.p.r.p.TestFile    ... finished proof: closed. 
69253      INFO  main            d.u.i.k.p.i.AbstractProblemLoader Loading environment from /home/runner/work/key/key/key.core/../key.ui/examples/heap/list_ghost/ArrayList_size_dep.key.proof 
69253      DEBUG main            d.u.i.k.p.i.AbstractProblemLoader Environment load took 130.7ns 
69254      INFO  main            d.u.i.k.p.i.AbstractProblemLoader Creating init config 
72132      DEBUG main            d.u.i.k.p.i.AbstractProblemLoader Init config took 2.88s 
72175      INFO  main            d.u.i.k.p.i.AbstractProblemLoader Replaying proof ArrayList[List::size()].JML accessible clause.0 
72192      DEBUG main            d.u.i.k.p.i.IntermediateProofReplayer Proof replay took 14.54ms 
72193      DEBUG main            d.u.i.k.p.r.p.TestFile    ... success: reloaded. 
72194      INFO  main            d.u.i.k.p.r.p.TestFile    Now processing file /home/runner/work/key/key/key.core/../key.ui/examples/heap/list_ghost/ArrayList_size.key 
72195      INFO  main            d.u.i.k.p.i.AbstractProblemLoader Loading environment from /home/runner/work/key/key/key.core/../key.ui/examples/heap/list_ghost/ArrayList_size.key 
72195      DEBUG main            d.u.i.k.p.i.AbstractProblemLoader Environment load took 126.5ns 
72196      INFO  main            d.u.i.k.p.i.AbstractProblemLoader Creating init config 
75217      DEBUG main            d.u.i.k.p.i.AbstractProblemLoader Init config took 3.02s 
75261      INFO  main            d.u.i.k.p.i.AbstractProblemLoader Replaying proof ArrayList[List::size()].JML normal_behavior operation contract.0 
75264      DEBUG main            d.u.i.k.p.i.IntermediateProofReplayer Proof replay took 6.9ns 
75366      INFO  main            d.u.i.k.p.r.p.TestFile    ... finished proof: closed. 
75564      INFO  main            d.u.i.k.p.i.AbstractProblemLoader Loading environment from /home/runner/work/key/key/key.core/../key.ui/examples/heap/list_ghost/ArrayList_size.key.proof 
75565      DEBUG main            d.u.i.k.p.i.AbstractProblemLoader Environment load took 128.7ns 
75566      INFO  main            d.u.i.k.p.i.AbstractProblemLoader Creating init config 
78432      DEBUG main            d.u.i.k.p.i.AbstractProblemLoader Init config took 2.87s 
78477      INFO  main            d.u.i.k.p.i.AbstractProblemLoader Replaying proof ArrayList[List::size()].JML normal_behavior operation contract.0 
78492      DEBUG main            d.u.i.k.p.i.IntermediateProofReplayer Proof replay took 13.57ms 
78493      DEBUG main            d.u.i.k.p.r.p.TestFile    ... success: reloaded. 
1409149    INFO  Test worker     d.u.i.k.p.r.RunAllProofsTestUnit Returning from test list_ghost 
1409151    INFO  Test worker     d.u.i.k.p.r.RunAllProofsTestUnit Running test list_recursive 
404        INFO  Timeout watchdog d.u.i.k.p.r.p.ForkedTestFileRunner Timeout watcher launched (2000 secs.) 
424        WARN  main            d.u.i.k.s.ProofSettings   The settings in /home/runner/.key/proof-settings.props are *not* read. 
479        INFO  main            d.u.i.k.p.r.p.TestFile    Now processing file /home/runner/work/key/key/key.core/../key.ui/examples/heap/list_recursiveSpec/ListOperationsNonNull_getNextNN_normal_behavior.key 
664        INFO  main            d.u.i.k.p.i.AbstractProblemLoader Loading environment from /home/runner/work/key/key/key.core/../key.ui/examples/heap/list_recursiveSpec/ListOperationsNonNull_getNextNN_normal_behavior.key 
689        DEBUG main            d.u.i.k.p.i.AbstractProblemLoader Environment load took 2.63ms 
1004       INFO  main            d.u.i.k.p.i.AbstractProblemLoader Creating init config 
2317       DEBUG main            d.u.i.k.j.TypeConverter   No LDT found for Meta 
2318       DEBUG main            d.u.i.k.j.TypeConverter   No LDT found for Meta 
2321       DEBUG main            d.u.i.k.j.TypeConverter   No LDT found for Meta 
2322       DEBUG main            d.u.i.k.j.TypeConverter   No LDT found for Meta 
4100       DEBUG main            d.u.i.k.j.TypeConverter   No LDT found for JavaBigintExpression 
10665      DEBUG main            d.u.i.k.p.i.AbstractProblemLoader Init config took 9.66s 
10911      INFO  main            d.u.i.k.p.i.AbstractProblemLoader Replaying proof ListOperationsNonNull[ListOperationsNonNull::getNextNN(ListNN,int)].JML normal_behavior operation contract.0 
10960      DEBUG main            d.u.i.k.p.i.IntermediateProofReplayer Proof replay took 35.7ns 
12557      INFO  main            d.u.i.k.p.r.p.TestFile    ... finished proof: closed. 
12704      INFO  main            d.u.i.k.p.i.AbstractProblemLoader Loading environment from /home/runner/work/key/key/key.core/../key.ui/examples/heap/list_recursiveSpec/ListOperationsNonNull_getNextNN_normal_behavior.key.proof 
12705      DEBUG main            d.u.i.k.p.i.AbstractProblemLoader Environment load took 513.6ns 
12708      INFO  main            d.u.i.k.p.i.AbstractProblemLoader Creating init config 
16439      DEBUG main            d.u.i.k.p.i.AbstractProblemLoader Init config took 3.73s 
16516      INFO  main            d.u.i.k.p.i.AbstractProblemLoader Replaying proof ListOperationsNonNull[ListOperationsNonNull::getNextNN(ListNN,int)].JML normal_behavior operation contract.0 
16721      DEBUG main            d.u.i.k.p.i.IntermediateProofReplayer Proof replay took 195.06ms 
16731      DEBUG main            d.u.i.k.p.r.p.TestFile    ... success: reloaded. 
16733      INFO  main            d.u.i.k.p.r.p.TestFile    Now processing file /home/runner/work/key/key/key.core/../key.ui/examples/heap/list_recursiveSpec/ListOperationsNonNull_setValueAt_normal_behavior.key 
16734      INFO  main            d.u.i.k.p.i.AbstractProblemLoader Loading environment from /home/runner/work/key/key/key.core/../key.ui/examples/heap/list_recursiveSpec/ListOperationsNonNull_setValueAt_normal_behavior.key 
16734      DEBUG main            d.u.i.k.p.i.AbstractProblemLoader Environment load took 273.4ns 
16736      INFO  main            d.u.i.k.p.i.AbstractProblemLoader Creating init config 
20320      DEBUG main            d.u.i.k.p.i.AbstractProblemLoader Init config took 3.58s 
20394      INFO  main            d.u.i.k.p.i.AbstractProblemLoader Replaying proof ListOperationsNonNull[ListOperationsNonNull::setValueAt_NN(ListNN,int,int)].JML normal_behavior operation contract.0 
20398      DEBUG main            d.u.i.k.p.i.IntermediateProofReplayer Proof replay took 8ns 
20433      DEBUG main            d.u.i.k.m.s.ProofScriptEngine 1: 'macro autopilot' 
23621      DEBUG main            d.u.i.k.m.s.ProofScriptEngine 2: 'macro simp-upd' 
23628      DEBUG main            d.u.i.k.m.s.ProofScriptEngine 3: 'rule observerDependencyEQ' 
23648      DEBUG main            d.u.i.k.m.s.ProofScriptEngine 4: 'tryclose' 
23692      INFO  main            d.u.i.k.p.r.p.TestFile    ... finished proof: closed. 
23909      INFO  main            d.u.i.k.p.i.AbstractProblemLoader Loading environment from /home/runner/work/key/key/key.core/../key.ui/examples/heap/list_recursiveSpec/ListOperationsNonNull_setValueAt_normal_behavior.key.proof 
23911      DEBUG main            d.u.i.k.p.i.AbstractProblemLoader Environment load took 2.39ms 
23916      INFO  main            d.u.i.k.p.i.AbstractProblemLoader Creating init config 
27629      DEBUG main            d.u.i.k.p.i.AbstractProblemLoader Init config took 3.71s 
27717      INFO  main            d.u.i.k.p.i.AbstractProblemLoader Replaying proof ListOperationsNonNull[ListOperationsNonNull::setValueAt_NN(ListNN,int,int)].JML normal_behavior operation contract.0 
27858      DEBUG main            d.u.i.k.p.i.IntermediateProofReplayer Proof replay took 134.89ms 
27860      DEBUG main            d.u.i.k.p.r.p.TestFile    ... success: reloaded. 
1437212    INFO  Test worker     d.u.i.k.p.r.RunAllProofsTestUnit Returning from test list_recursive 
1437214    INFO  Test worker     d.u.i.k.p.r.RunAllProofsTestUnit Running test list_seq 
465        INFO  Timeout watchdog d.u.i.k.p.r.p.ForkedTestFileRunner Timeout watcher launched (2000 secs.) 
485        WARN  main            d.u.i.k.s.ProofSettings   The settings in /home/runner/.key/proof-settings.props are *not* read. 
523        INFO  main            d.u.i.k.p.r.p.TestFile    Now processing file /home/runner/work/key/key/key.core/../key.ui/examples/heap/list_seq/SimplifiedLinkedList.remove.key 
651        INFO  main            d.u.i.k.p.i.AbstractProblemLoader Loading environment from /home/runner/work/key/key/key.core/../key.ui/examples/heap/list_seq/SimplifiedLinkedList.remove.key 
672        DEBUG main            d.u.i.k.p.i.AbstractProblemLoader Environment load took 2.72ms 
945        INFO  main            d.u.i.k.p.i.AbstractProblemLoader Creating init config 
2117       DEBUG main            d.u.i.k.j.TypeConverter   No LDT found for Meta 
2118       DEBUG main            d.u.i.k.j.TypeConverter   No LDT found for Meta 
2119       DEBUG main            d.u.i.k.j.TypeConverter   No LDT found for Meta 
2119       DEBUG main            d.u.i.k.j.TypeConverter   No LDT found for Meta 
3652       DEBUG main            d.u.i.k.j.TypeConverter   No LDT found for JavaBigintExpression 
10941      DEBUG main            d.u.i.k.p.i.AbstractProblemLoader Init config took 10s 
11193      INFO  main            d.u.i.k.p.i.AbstractProblemLoader Replaying proof SimplifiedLinkedList[SimplifiedLinkedList::remove(int)].JML normal_behavior operation contract.0 
11283      DEBUG main            d.u.i.k.p.i.IntermediateProofReplayer Proof replay took 49.8ns 
90198      INFO  main            d.u.i.k.p.r.p.TestFile    ... finished proof: closed. 
90758      INFO  main            d.u.i.k.p.i.AbstractProblemLoader Loading environment from /home/runner/work/key/key/key.core/../key.ui/examples/heap/list_seq/SimplifiedLinkedList.remove.key.proof 
90759      DEBUG main            d.u.i.k.p.i.AbstractProblemLoader Environment load took 310ns 
90775      INFO  main            d.u.i.k.p.i.AbstractProblemLoader Creating init config 
94724      DEBUG main            d.u.i.k.p.i.AbstractProblemLoader Init config took 3.95s 
94831      INFO  main            d.u.i.k.p.i.AbstractProblemLoader Replaying proof SimplifiedLinkedList[SimplifiedLinkedList::remove(int)].JML normal_behavior operation contract.0 
98507      DEBUG main            d.u.i.k.p.i.IntermediateProofReplayer Proof replay took 3.33s 
98526      DEBUG main            d.u.i.k.p.r.p.TestFile    ... success: reloaded. 
98528      INFO  main            d.u.i.k.p.r.p.TestFile    Now processing file /home/runner/work/key/key/key.core/../key.ui/examples/heap/list_seq/ArrayList.ArrayList.key 
98528      INFO  main            d.u.i.k.p.i.AbstractProblemLoader Loading environment from /home/runner/work/key/key/key.core/../key.ui/examples/heap/list_seq/ArrayList.ArrayList.key 
98529      DEBUG main            d.u.i.k.p.i.AbstractProblemLoader Environment load took 131.2ns 
98530      INFO  main            d.u.i.k.p.i.AbstractProblemLoader Creating init config 
102524     DEBUG main            d.u.i.k.p.i.AbstractProblemLoader Init config took 3.99s 
102656     INFO  main            d.u.i.k.p.i.AbstractProblemLoader Replaying proof ArrayList[ArrayList::ArrayList()].JML normal_behavior operation contract.0 
102658     DEBUG main            d.u.i.k.p.i.IntermediateProofReplayer Proof replay took 6.1ns 
103866     INFO  main            d.u.i.k.p.r.p.TestFile    ... finished proof: closed. 
104119     INFO  main            d.u.i.k.p.i.AbstractProblemLoader Loading environment from /home/runner/work/key/key/key.core/../key.ui/examples/heap/list_seq/ArrayList.ArrayList.key.proof 
104119     DEBUG main            d.u.i.k.p.i.AbstractProblemLoader Environment load took 156.2ns 
104121     INFO  main            d.u.i.k.p.i.AbstractProblemLoader Creating init config 
107805     DEBUG main            d.u.i.k.p.i.AbstractProblemLoader Init config took 3.68s 
107932     INFO  main            d.u.i.k.p.i.AbstractProblemLoader Replaying proof ArrayList[ArrayList::ArrayList()].JML normal_behavior operation contract.0 
108083     DEBUG main            d.u.i.k.p.i.IntermediateProofReplayer Proof replay took 140.77ms 
108085     DEBUG main            d.u.i.k.p.r.p.TestFile    ... success: reloaded. 
108086     INFO  main            d.u.i.k.p.r.p.TestFile    Now processing file /home/runner/work/key/key/key.core/../key.ui/examples/heap/list_seq/ArrayList.add.key 
108086     INFO  main            d.u.i.k.p.i.AbstractProblemLoader Loading environment from /home/runner/work/key/key/key.core/../key.ui/examples/heap/list_seq/ArrayList.add.key 
108087     DEBUG main            d.u.i.k.p.i.AbstractProblemLoader Environment load took 246.5ns 
108088     INFO  main            d.u.i.k.p.i.AbstractProblemLoader Creating init config 
111814     DEBUG main            d.u.i.k.p.i.AbstractProblemLoader Init config took 3.73s 
111915     INFO  main            d.u.i.k.p.i.AbstractProblemLoader Replaying proof ArrayList[List::add(java.lang.Object)].JML normal_behavior operation contract.0 
111919     DEBUG main            d.u.i.k.p.i.IntermediateProofReplayer Proof replay took 7.3ns 
115951     INFO  main            d.u.i.k.p.r.p.TestFile    ... finished proof: closed. 
116166     INFO  main            d.u.i.k.p.i.AbstractProblemLoader Loading environment from /home/runner/work/key/key/key.core/../key.ui/examples/heap/list_seq/ArrayList.add.key.proof 
116166     DEBUG main            d.u.i.k.p.i.AbstractProblemLoader Environment load took 467.8ns 
116168     INFO  main            d.u.i.k.p.i.AbstractProblemLoader Creating init config 
119802     DEBUG main            d.u.i.k.p.i.AbstractProblemLoader Init config took 3.63s 
119901     INFO  main            d.u.i.k.p.i.AbstractProblemLoader Replaying proof ArrayList[List::add(java.lang.Object)].JML normal_behavior operation contract.0 
120249     DEBUG main            d.u.i.k.p.i.IntermediateProofReplayer Proof replay took 332.37ms 
120251     DEBUG main            d.u.i.k.p.r.p.TestFile    ... success: reloaded. 
120253     INFO  main            d.u.i.k.p.r.p.TestFile    Now processing file /home/runner/work/key/key/key.core/../key.ui/examples/heap/list_seq/ArrayList.contains.key 
120254     INFO  main            d.u.i.k.p.i.AbstractProblemLoader Loading environment from /home/runner/work/key/key/key.core/../key.ui/examples/heap/list_seq/ArrayList.contains.key 
120254     DEBUG main            d.u.i.k.p.i.AbstractProblemLoader Environment load took 285.7ns 
120255     INFO  main            d.u.i.k.p.i.AbstractProblemLoader Creating init config 
123950     DEBUG main            d.u.i.k.p.i.AbstractProblemLoader Init config took 3.69s 
124042     INFO  main            d.u.i.k.p.i.AbstractProblemLoader Replaying proof ArrayList[List::contains(java.lang.Object)].JML normal_behavior operation contract.0 
124044     DEBUG main            d.u.i.k.p.i.IntermediateProofReplayer Proof replay took 5.8ns 
125853     INFO  main            d.u.i.k.p.r.p.TestFile    ... finished proof: closed. 
126068     INFO  main            d.u.i.k.p.i.AbstractProblemLoader Loading environment from /home/runner/work/key/key/key.core/../key.ui/examples/heap/list_seq/ArrayList.contains.key.proof 
126068     DEBUG main            d.u.i.k.p.i.AbstractProblemLoader Environment load took 490.3ns 
126069     INFO  main            d.u.i.k.p.i.AbstractProblemLoader Creating init config 
129656     DEBUG main            d.u.i.k.p.i.AbstractProblemLoader Init config took 3.59s 
129773     INFO  main            d.u.i.k.p.i.AbstractProblemLoader Replaying proof ArrayList[List::contains(java.lang.Object)].JML normal_behavior operation contract.0 
129990     DEBUG main            d.u.i.k.p.i.IntermediateProofReplayer Proof replay took 209.13ms 
129991     DEBUG main            d.u.i.k.p.r.p.TestFile    ... success: reloaded. 
129992     INFO  main            d.u.i.k.p.r.p.TestFile    Now processing file /home/runner/work/key/key/key.core/../key.ui/examples/heap/list_seq/ArrayList.enlarge.key 
129993     INFO  main            d.u.i.k.p.i.AbstractProblemLoader Loading environment from /home/runner/work/key/key/key.core/../key.ui/examples/heap/list_seq/ArrayList.enlarge.key 
129993     DEBUG main            d.u.i.k.p.i.AbstractProblemLoader Environment load took 255.2ns 
129994     INFO  main            d.u.i.k.p.i.AbstractProblemLoader Creating init config 
133604     DEBUG main            d.u.i.k.p.i.AbstractProblemLoader Init config took 3.61s 
133701     INFO  main            d.u.i.k.p.i.AbstractProblemLoader Replaying proof ArrayList[ArrayList::enlarge()].JML normal_behavior operation contract.0 
133704     DEBUG main            d.u.i.k.p.i.IntermediateProofReplayer Proof replay took 6.1ns 
136043     INFO  main            d.u.i.k.p.r.p.TestFile    ... finished proof: closed. 
136301     INFO  main            d.u.i.k.p.i.AbstractProblemLoader Loading environment from /home/runner/work/key/key/key.core/../key.ui/examples/heap/list_seq/ArrayList.enlarge.key.proof 
136301     DEBUG main            d.u.i.k.p.i.AbstractProblemLoader Environment load took 465.2ns 
136303     INFO  main            d.u.i.k.p.i.AbstractProblemLoader Creating init config 
139882     DEBUG main            d.u.i.k.p.i.AbstractProblemLoader Init config took 3.58s 
139992     INFO  main            d.u.i.k.p.i.AbstractProblemLoader Replaying proof ArrayList[ArrayList::enlarge()].JML normal_behavior operation contract.0 
140290     DEBUG main            d.u.i.k.p.i.IntermediateProofReplayer Proof replay took 288.27ms 
140292     DEBUG main            d.u.i.k.p.r.p.TestFile    ... success: reloaded. 
140293     INFO  main            d.u.i.k.p.r.p.TestFile    Now processing file /home/runner/work/key/key/key.core/../key.ui/examples/heap/list_seq/ArrayList.get.key 
140294     INFO  main            d.u.i.k.p.i.AbstractProblemLoader Loading environment from /home/runner/work/key/key/key.core/../key.ui/examples/heap/list_seq/ArrayList.get.key 
140294     DEBUG main            d.u.i.k.p.i.AbstractProblemLoader Environment load took 117.8ns 
140295     INFO  main            d.u.i.k.p.i.AbstractProblemLoader Creating init config 
144017     DEBUG main            d.u.i.k.p.i.AbstractProblemLoader Init config took 3.72s 
144125     INFO  main            d.u.i.k.p.i.AbstractProblemLoader Replaying proof ArrayList[List::get(int)].JML normal_behavior operation contract.0 
144127     DEBUG main            d.u.i.k.p.i.IntermediateProofReplayer Proof replay took 6.1ns 
144730     INFO  main            d.u.i.k.p.r.p.TestFile    ... finished proof: closed. 
145016     INFO  main            d.u.i.k.p.i.AbstractProblemLoader Loading environment from /home/runner/work/key/key/key.core/../key.ui/examples/heap/list_seq/ArrayList.get.key.proof 
145017     DEBUG main            d.u.i.k.p.i.AbstractProblemLoader Environment load took 705.3ns 
145020     INFO  main            d.u.i.k.p.i.AbstractProblemLoader Creating init config 
148621     DEBUG main            d.u.i.k.p.i.AbstractProblemLoader Init config took 3.6s 
148711     INFO  main            d.u.i.k.p.i.AbstractProblemLoader Replaying proof ArrayList[List::get(int)].JML normal_behavior operation contract.0 
148764     DEBUG main            d.u.i.k.p.i.IntermediateProofReplayer Proof replay took 48.51ms 
148765     DEBUG main            d.u.i.k.p.r.p.TestFile    ... success: reloaded. 
148767     INFO  main            d.u.i.k.p.r.p.TestFile    Now processing file /home/runner/work/key/key/key.core/../key.ui/examples/heap/list_seq/ArrayList.newArray.key 
148767     INFO  main            d.u.i.k.p.i.AbstractProblemLoader Loading environment from /home/runner/work/key/key/key.core/../key.ui/examples/heap/list_seq/ArrayList.newArray.key 
148767     DEBUG main            d.u.i.k.p.i.AbstractProblemLoader Environment load took 270.3ns 
148768     INFO  main            d.u.i.k.p.i.AbstractProblemLoader Creating init config 
152317     DEBUG main            d.u.i.k.p.i.AbstractProblemLoader Init config took 3.55s 
152406     INFO  main            d.u.i.k.p.i.AbstractProblemLoader Replaying proof ArrayList[ArrayList::newArray(int)].JML normal_behavior operation contract.0 
152409     DEBUG main            d.u.i.k.p.i.IntermediateProofReplayer Proof replay took 5.9ns 
152811     INFO  main            d.u.i.k.p.r.p.TestFile    ... finished proof: closed. 
153018     INFO  main            d.u.i.k.p.i.AbstractProblemLoader Loading environment from /home/runner/work/key/key/key.core/../key.ui/examples/heap/list_seq/ArrayList.newArray.key.proof 
153018     DEBUG main            d.u.i.k.p.i.AbstractProblemLoader Environment load took 141.4ns 
153019     INFO  main            d.u.i.k.p.i.AbstractProblemLoader Creating init config 
156605     DEBUG main            d.u.i.k.p.i.AbstractProblemLoader Init config took 3.59s 
156691     INFO  main            d.u.i.k.p.i.AbstractProblemLoader Replaying proof ArrayList[ArrayList::newArray(int)].JML normal_behavior operation contract.0 
156749     DEBUG main            d.u.i.k.p.i.IntermediateProofReplayer Proof replay took 53.42ms 
156751     DEBUG main            d.u.i.k.p.r.p.TestFile    ... success: reloaded. 
156753     INFO  main            d.u.i.k.p.r.p.TestFile    Now processing file /home/runner/work/key/key/key.core/../key.ui/examples/heap/list_seq/ArrayList.remove.0.key 
156753     INFO  main            d.u.i.k.p.i.AbstractProblemLoader Loading environment from /home/runner/work/key/key/key.core/../key.ui/examples/heap/list_seq/ArrayList.remove.0.key 
156753     DEBUG main            d.u.i.k.p.i.AbstractProblemLoader Environment load took 247.4ns 
156754     INFO  main            d.u.i.k.p.i.AbstractProblemLoader Creating init config 
160284     DEBUG main            d.u.i.k.p.i.AbstractProblemLoader Init config took 3.53s 
160376     INFO  main            d.u.i.k.p.i.AbstractProblemLoader Replaying proof ArrayList[List::remove(java.lang.Object)].JML normal_behavior operation contract.0 
160380     DEBUG main            d.u.i.k.p.i.IntermediateProofReplayer Proof replay took 7.1ns 
162645     INFO  main            d.u.i.k.p.r.p.TestFile    ... finished proof: closed. 
162902     INFO  main            d.u.i.k.p.i.AbstractProblemLoader Loading environment from /home/runner/work/key/key/key.core/../key.ui/examples/heap/list_seq/ArrayList.remove.0.key.proof 
162903     DEBUG main            d.u.i.k.p.i.AbstractProblemLoader Environment load took 492.2ns 
162904     INFO  main            d.u.i.k.p.i.AbstractProblemLoader Creating init config 
166396     DEBUG main            d.u.i.k.p.i.AbstractProblemLoader Init config took 3.49s 
166484     INFO  main            d.u.i.k.p.i.AbstractProblemLoader Replaying proof ArrayList[List::remove(java.lang.Object)].JML normal_behavior operation contract.0 
166883     DEBUG main            d.u.i.k.p.i.IntermediateProofReplayer Proof replay took 392.13ms 
166885     DEBUG main            d.u.i.k.p.r.p.TestFile    ... success: reloaded. 
166890     INFO  main            d.u.i.k.p.r.p.TestFile    Now processing file /home/runner/work/key/key/key.core/../key.ui/examples/heap/list_seq/ArrayList.remove.1.key 
166893     INFO  main            d.u.i.k.p.i.AbstractProblemLoader Loading environment from /home/runner/work/key/key/key.core/../key.ui/examples/heap/list_seq/ArrayList.remove.1.key 
166894     DEBUG main            d.u.i.k.p.i.AbstractProblemLoader Environment load took 1.24ms 
166896     INFO  main            d.u.i.k.p.i.AbstractProblemLoader Creating init config 
170432     DEBUG main            d.u.i.k.p.i.AbstractProblemLoader Init config took 3.54s 
170515     INFO  main            d.u.i.k.p.i.AbstractProblemLoader Replaying proof ArrayList[List::remove(java.lang.Object)].JML normal_behavior operation contract.1 
170517     DEBUG main            d.u.i.k.p.i.IntermediateProofReplayer Proof replay took 6.6ns 
183789     INFO  main            d.u.i.k.p.r.p.TestFile    ... finished proof: closed. 
184086     INFO  main            d.u.i.k.p.i.AbstractProblemLoader Loading environment from /home/runner/work/key/key/key.core/../key.ui/examples/heap/list_seq/ArrayList.remove.1.key.proof 
184087     DEBUG main            d.u.i.k.p.i.AbstractProblemLoader Environment load took 546.7ns 
184090     INFO  main            d.u.i.k.p.i.AbstractProblemLoader Creating init config 
187568     DEBUG main            d.u.i.k.p.i.AbstractProblemLoader Init config took 3.48s 
187669     INFO  main            d.u.i.k.p.i.AbstractProblemLoader Replaying proof ArrayList[List::remove(java.lang.Object)].JML normal_behavior operation contract.1 
188724     DEBUG main            d.u.i.k.p.i.IntermediateProofReplayer Proof replay took 1.01s 
188727     DEBUG main            d.u.i.k.p.r.p.TestFile    ... success: reloaded. 
1626151    INFO  Test worker     d.u.i.k.p.r.RunAllProofsTestUnit Returning from test list_seq 
1626159    INFO  Test worker     d.u.i.k.p.r.RunAllProofsTestUnit Running test observer 
439        INFO  Timeout watchdog d.u.i.k.p.r.p.ForkedTestFileRunner Timeout watcher launched (2000 secs.) 
459        WARN  main            d.u.i.k.s.ProofSettings   The settings in /home/runner/.key/proof-settings.props are *not* read. 
519        INFO  main            d.u.i.k.p.r.p.TestFile    Now processing file /home/runner/work/key/key/key.core/../key.ui/examples/heap/observer/ExampleObserver_ExampleObserver.key 
729        INFO  main            d.u.i.k.p.i.AbstractProblemLoader Loading environment from /home/runner/work/key/key/key.core/../key.ui/examples/heap/observer/ExampleObserver_ExampleObserver.key 
760        DEBUG main            d.u.i.k.p.i.AbstractProblemLoader Environment load took 4.1ms 
1050       INFO  main            d.u.i.k.p.i.AbstractProblemLoader Creating init config 
2274       DEBUG main            d.u.i.k.j.TypeConverter   No LDT found for Meta 
2275       DEBUG main            d.u.i.k.j.TypeConverter   No LDT found for Meta 
2282       DEBUG main            d.u.i.k.j.TypeConverter   No LDT found for Meta 
2282       DEBUG main            d.u.i.k.j.TypeConverter   No LDT found for Meta 
4188       DEBUG main            d.u.i.k.j.TypeConverter   No LDT found for JavaBigintExpression 
10392      DEBUG main            d.u.i.k.p.i.AbstractProblemLoader Init config took 9.34s 
10631      INFO  main            d.u.i.k.p.i.AbstractProblemLoader Replaying proof ExampleObserver[ExampleObserver::ExampleObserver(ExampleSubject)].JML normal_behavior operation contract.0 
10682      DEBUG main            d.u.i.k.p.i.IntermediateProofReplayer Proof replay took 33.1ns 
11960      INFO  main            d.u.i.k.p.r.p.TestFile    ... finished proof: closed. 
12100      INFO  main            d.u.i.k.p.i.AbstractProblemLoader Loading environment from /home/runner/work/key/key/key.core/../key.ui/examples/heap/observer/ExampleObserver_ExampleObserver.key.proof 
12104      DEBUG main            d.u.i.k.p.i.AbstractProblemLoader Environment load took 4.41ms 
12107      INFO  main            d.u.i.k.p.i.AbstractProblemLoader Creating init config 
15721      DEBUG main            d.u.i.k.p.i.AbstractProblemLoader Init config took 3.61s 
15814      INFO  main            d.u.i.k.p.i.AbstractProblemLoader Replaying proof ExampleObserver[ExampleObserver::ExampleObserver(ExampleSubject)].JML normal_behavior operation contract.0 
15932      DEBUG main            d.u.i.k.p.i.IntermediateProofReplayer Proof replay took 108.7ms 
15940      DEBUG main            d.u.i.k.p.r.p.TestFile    ... success: reloaded. 
15941      INFO  main            d.u.i.k.p.r.p.TestFile    Now processing file /home/runner/work/key/key/key.core/../key.ui/examples/heap/observer/ExampleObserver_inv.key 
15942      INFO  main            d.u.i.k.p.i.AbstractProblemLoader Loading environment from /home/runner/work/key/key/key.core/../key.ui/examples/heap/observer/ExampleObserver_inv.key 
15942      DEBUG main            d.u.i.k.p.i.AbstractProblemLoader Environment load took 258.7ns 
15944      INFO  main            d.u.i.k.p.i.AbstractProblemLoader Creating init config 
19356      DEBUG main            d.u.i.k.p.i.AbstractProblemLoader Init config took 3.41s 
19454      INFO  main            d.u.i.k.p.i.AbstractProblemLoader Replaying proof ExampleObserver[java.lang.Object::<inv>()].JML accessible clause.0 
19458      DEBUG main            d.u.i.k.p.i.IntermediateProofReplayer Proof replay took 6.9ns 
19561      INFO  main            d.u.i.k.p.r.p.TestFile    ... finished proof: closed. 
19716      INFO  main            d.u.i.k.p.i.AbstractProblemLoader Loading environment from /home/runner/work/key/key/key.core/../key.ui/examples/heap/observer/ExampleObserver_inv.key.proof 
19716      DEBUG main            d.u.i.k.p.i.AbstractProblemLoader Environment load took 144.1ns 
19718      INFO  main            d.u.i.k.p.i.AbstractProblemLoader Creating init config 
23082      DEBUG main            d.u.i.k.p.i.AbstractProblemLoader Init config took 3.36s 
23151      INFO  main            d.u.i.k.p.i.AbstractProblemLoader Replaying proof ExampleObserver[java.lang.Object::<inv>()].JML accessible clause.0 
23173      DEBUG main            d.u.i.k.p.i.IntermediateProofReplayer Proof replay took 18.51ms 
23174      DEBUG main            d.u.i.k.p.r.p.TestFile    ... success: reloaded. 
23176      INFO  main            d.u.i.k.p.r.p.TestFile    Now processing file /home/runner/work/key/key/key.core/../key.ui/examples/heap/observer/ExampleObserver_subject.key 
23177      INFO  main            d.u.i.k.p.i.AbstractProblemLoader Loading environment from /home/runner/work/key/key/key.core/../key.ui/examples/heap/observer/ExampleObserver_subject.key 
23177      DEBUG main            d.u.i.k.p.i.AbstractProblemLoader Environment load took 276.7ns 
23179      INFO  main            d.u.i.k.p.i.AbstractProblemLoader Creating init config 
26463      DEBUG main            d.u.i.k.p.i.AbstractProblemLoader Init config took 3.28s 
26527      INFO  main            d.u.i.k.p.i.AbstractProblemLoader Replaying proof Observer[Observer::$subject()].JML accessible clause.0 
26530      DEBUG main            d.u.i.k.p.i.IntermediateProofReplayer Proof replay took 6ns 
26635      INFO  main            d.u.i.k.p.r.p.TestFile    ... finished proof: closed. 
26802      INFO  main            d.u.i.k.p.i.AbstractProblemLoader Loading environment from /home/runner/work/key/key/key.core/../key.ui/examples/heap/observer/ExampleObserver_subject.key.proof 
26802      DEBUG main            d.u.i.k.p.i.AbstractProblemLoader Environment load took 140.6ns 
26804      INFO  main            d.u.i.k.p.i.AbstractProblemLoader Creating init config 
30050      DEBUG main            d.u.i.k.p.i.AbstractProblemLoader Init config took 3.25s 
30128      INFO  main            d.u.i.k.p.i.AbstractProblemLoader Replaying proof Observer[Observer::$subject()].JML accessible clause.0 
30136      DEBUG main            d.u.i.k.p.i.IntermediateProofReplayer Proof replay took 2.76ms 
30137      DEBUG main            d.u.i.k.p.r.p.TestFile    ... success: reloaded. 
30144      INFO  main            d.u.i.k.p.r.p.TestFile    Now processing file /home/runner/work/key/key/key.core/../key.ui/examples/heap/observer/ExampleObserver_update.key 
30144      INFO  main            d.u.i.k.p.i.AbstractProblemLoader Loading environment from /home/runner/work/key/key/key.core/../key.ui/examples/heap/observer/ExampleObserver_update.key 
30145      DEBUG main            d.u.i.k.p.i.AbstractProblemLoader Environment load took 985.5ns 
30147      INFO  main            d.u.i.k.p.i.AbstractProblemLoader Creating init config 
33371      DEBUG main            d.u.i.k.p.i.AbstractProblemLoader Init config took 3.22s 
33431      INFO  main            d.u.i.k.p.i.AbstractProblemLoader Replaying proof ExampleObserver[Observer::update()].JML normal_behavior operation contract.0 
33433      DEBUG main            d.u.i.k.p.i.IntermediateProofReplayer Proof replay took 7ns 
33838      INFO  main            d.u.i.k.p.r.p.TestFile    ... finished proof: closed. 
34075      INFO  main            d.u.i.k.p.i.AbstractProblemLoader Loading environment from /home/runner/work/key/key/key.core/../key.ui/examples/heap/observer/ExampleObserver_update.key.proof 
34078      DEBUG main            d.u.i.k.p.i.AbstractProblemLoader Environment load took 2.93ms 
34080      INFO  main            d.u.i.k.p.i.AbstractProblemLoader Creating init config 
37228      DEBUG main            d.u.i.k.p.i.AbstractProblemLoader Init config took 3.15s 
37288      INFO  main            d.u.i.k.p.i.AbstractProblemLoader Replaying proof ExampleObserver[Observer::update()].JML normal_behavior operation contract.0 
37366      DEBUG main            d.u.i.k.p.i.IntermediateProofReplayer Proof replay took 74.62ms 
37368      DEBUG main            d.u.i.k.p.r.p.TestFile    ... success: reloaded. 
37369      INFO  main            d.u.i.k.p.r.p.TestFile    Now processing file /home/runner/work/key/key/key.core/../key.ui/examples/heap/observer/ExampleObserver_upToDate.key 
37369      INFO  main            d.u.i.k.p.i.AbstractProblemLoader Loading environment from /home/runner/work/key/key/key.core/../key.ui/examples/heap/observer/ExampleObserver_upToDate.key 
37370      DEBUG main            d.u.i.k.p.i.AbstractProblemLoader Environment load took 268.4ns 
37371      INFO  main            d.u.i.k.p.i.AbstractProblemLoader Creating init config 
40537      DEBUG main            d.u.i.k.p.i.AbstractProblemLoader Init config took 3.17s 
40592      INFO  main            d.u.i.k.p.i.AbstractProblemLoader Replaying proof ExampleObserver[Observer::$upToDate()].JML accessible clause.0 
40594      DEBUG main            d.u.i.k.p.i.IntermediateProofReplayer Proof replay took 6.8ns 
40800      INFO  main            d.u.i.k.p.r.p.TestFile    ... finished proof: closed. 
41052      INFO  main            d.u.i.k.p.i.AbstractProblemLoader Loading environment from /home/runner/work/key/key/key.core/../key.ui/examples/heap/observer/ExampleObserver_upToDate.key.proof 
41052      DEBUG main            d.u.i.k.p.i.AbstractProblemLoader Environment load took 135.5ns 
41053      INFO  main            d.u.i.k.p.i.AbstractProblemLoader Creating init config 
44134      DEBUG main            d.u.i.k.p.i.AbstractProblemLoader Init config took 3.08s 
44195      INFO  main            d.u.i.k.p.i.AbstractProblemLoader Replaying proof ExampleObserver[Observer::$upToDate()].JML accessible clause.0 
44225      DEBUG main            d.u.i.k.p.i.IntermediateProofReplayer Proof replay took 22.15ms 
44226      DEBUG main            d.u.i.k.p.r.p.TestFile    ... success: reloaded. 
44228      INFO  main            d.u.i.k.p.r.p.TestFile    Now processing file /home/runner/work/key/key/key.core/../key.ui/examples/heap/observer/ExampleObserver_value.key 
44228      INFO  main            d.u.i.k.p.i.AbstractProblemLoader Loading environment from /home/runner/work/key/key/key.core/../key.ui/examples/heap/observer/ExampleObserver_value.key 
44228      DEBUG main            d.u.i.k.p.i.AbstractProblemLoader Environment load took 274.8ns 
44229      INFO  main            d.u.i.k.p.i.AbstractProblemLoader Creating init config 
47462      DEBUG main            d.u.i.k.p.i.AbstractProblemLoader Init config took 3.23s 
47516      INFO  main            d.u.i.k.p.i.AbstractProblemLoader Replaying proof ExampleObserver[ExampleObserver::value()].JML normal_behavior operation contract.0 
47518      DEBUG main            d.u.i.k.p.i.IntermediateProofReplayer Proof replay took 7.1ns 
47623      INFO  main            d.u.i.k.p.r.p.TestFile    ... finished proof: closed. 
47820      INFO  main            d.u.i.k.p.i.AbstractProblemLoader Loading environment from /home/runner/work/key/key/key.core/../key.ui/examples/heap/observer/ExampleObserver_value.key.proof 
47820      DEBUG main            d.u.i.k.p.i.AbstractProblemLoader Environment load took 132.1ns 
47821      INFO  main            d.u.i.k.p.i.AbstractProblemLoader Creating init config 
50902      DEBUG main            d.u.i.k.p.i.AbstractProblemLoader Init config took 3.08s 
50986      INFO  main            d.u.i.k.p.i.AbstractProblemLoader Replaying proof ExampleObserver[ExampleObserver::value()].JML normal_behavior operation contract.0 
51013      DEBUG main            d.u.i.k.p.i.IntermediateProofReplayer Proof replay took 24.58ms 
51015      DEBUG main            d.u.i.k.p.r.p.TestFile    ... success: reloaded. 
51016      INFO  main            d.u.i.k.p.r.p.TestFile    Now processing file /home/runner/work/key/key/key.core/../key.ui/examples/heap/observer/ExampleSubject_addObserver.key 
51017      INFO  main            d.u.i.k.p.i.AbstractProblemLoader Loading environment from /home/runner/work/key/key/key.core/../key.ui/examples/heap/observer/ExampleSubject_addObserver.key 
51017      DEBUG main            d.u.i.k.p.i.AbstractProblemLoader Environment load took 258.8ns 
51022      INFO  main            d.u.i.k.p.i.AbstractProblemLoader Creating init config 
54190      DEBUG main            d.u.i.k.p.i.AbstractProblemLoader Init config took 3.17s 
54251      INFO  main            d.u.i.k.p.i.AbstractProblemLoader Replaying proof ExampleSubject[Subject::addObserver(Observer)].JML normal_behavior operation contract.0 
54253      DEBUG main            d.u.i.k.p.i.IntermediateProofReplayer Proof replay took 7.2ns 
61182      INFO  main            d.u.i.k.p.r.p.TestFile    ... finished proof: closed. 
61469      INFO  main            d.u.i.k.p.i.AbstractProblemLoader Loading environment from /home/runner/work/key/key/key.core/../key.ui/examples/heap/observer/ExampleSubject_addObserver.key.proof 
61469      DEBUG main            d.u.i.k.p.i.AbstractProblemLoader Environment load took 504ns 
61471      INFO  main            d.u.i.k.p.i.AbstractProblemLoader Creating init config 
64534      DEBUG main            d.u.i.k.p.i.AbstractProblemLoader Init config took 3.06s 
64593      INFO  main            d.u.i.k.p.i.AbstractProblemLoader Replaying proof ExampleSubject[Subject::addObserver(Observer)].JML normal_behavior operation contract.0 
65326      DEBUG main            d.u.i.k.p.i.IntermediateProofReplayer Proof replay took 706.61ms 
65329      DEBUG main            d.u.i.k.p.r.p.TestFile    ... success: reloaded. 
65331      INFO  main            d.u.i.k.p.r.p.TestFile    Now processing file /home/runner/work/key/key/key.core/../key.ui/examples/heap/observer/ExampleSubject_change.key 
65331      INFO  main            d.u.i.k.p.i.AbstractProblemLoader Loading environment from /home/runner/work/key/key/key.core/../key.ui/examples/heap/observer/ExampleSubject_change.key 
65331      DEBUG main            d.u.i.k.p.i.AbstractProblemLoader Environment load took 253.7ns 
65333      INFO  main            d.u.i.k.p.i.AbstractProblemLoader Creating init config 
68524      DEBUG main            d.u.i.k.p.i.AbstractProblemLoader Init config took 3.19s 
68579      INFO  main            d.u.i.k.p.i.AbstractProblemLoader Replaying proof ExampleSubject[ExampleSubject::change()].JML normal_behavior operation contract.0 
68582      DEBUG main            d.u.i.k.p.i.IntermediateProofReplayer Proof replay took 17.6ns 
69186      INFO  main            d.u.i.k.p.r.p.TestFile    ... finished proof: closed. 
69421      INFO  main            d.u.i.k.p.i.AbstractProblemLoader Loading environment from /home/runner/work/key/key/key.core/../key.ui/examples/heap/observer/ExampleSubject_change.key.proof 
69421      DEBUG main            d.u.i.k.p.i.AbstractProblemLoader Environment load took 741.2ns 
69423      INFO  main            d.u.i.k.p.i.AbstractProblemLoader Creating init config 
72458      DEBUG main            d.u.i.k.p.i.AbstractProblemLoader Init config took 3.03s 
72512      INFO  main            d.u.i.k.p.i.AbstractProblemLoader Replaying proof ExampleSubject[ExampleSubject::change()].JML normal_behavior operation contract.0 
72592      DEBUG main            d.u.i.k.p.i.IntermediateProofReplayer Proof replay took 73.92ms 
72593      DEBUG main            d.u.i.k.p.r.p.TestFile    ... success: reloaded. 
72595      INFO  main            d.u.i.k.p.r.p.TestFile    Now processing file /home/runner/work/key/key/key.core/../key.ui/examples/heap/observer/ExampleSubject_ExampleSubject.key 
72595      INFO  main            d.u.i.k.p.i.AbstractProblemLoader Loading environment from /home/runner/work/key/key/key.core/../key.ui/examples/heap/observer/ExampleSubject_ExampleSubject.key 
72595      DEBUG main            d.u.i.k.p.i.AbstractProblemLoader Environment load took 246.5ns 
72596      INFO  main            d.u.i.k.p.i.AbstractProblemLoader Creating init config 
75655      DEBUG main            d.u.i.k.p.i.AbstractProblemLoader Init config took 3.06s 
75734      INFO  main            d.u.i.k.p.i.AbstractProblemLoader Replaying proof ExampleSubject[ExampleSubject::ExampleSubject()].JML normal_behavior operation contract.0 
75739      DEBUG main            d.u.i.k.p.i.IntermediateProofReplayer Proof replay took 7.4ns 
76945      INFO  main            d.u.i.k.p.r.p.TestFile    ... finished proof: closed. 
77216      INFO  main            d.u.i.k.p.i.AbstractProblemLoader Loading environment from /home/runner/work/key/key/key.core/../key.ui/examples/heap/observer/ExampleSubject_ExampleSubject.key.proof 
77216      DEBUG main            d.u.i.k.p.i.AbstractProblemLoader Environment load took 461.2ns 
77218      INFO  main            d.u.i.k.p.i.AbstractProblemLoader Creating init config 
80217      DEBUG main            d.u.i.k.p.i.AbstractProblemLoader Init config took 3s 
80272      INFO  main            d.u.i.k.p.i.AbstractProblemLoader Replaying proof ExampleSubject[ExampleSubject::ExampleSubject()].JML normal_behavior operation contract.0 
80450      DEBUG main            d.u.i.k.p.i.IntermediateProofReplayer Proof replay took 170.7ms 
80452      DEBUG main            d.u.i.k.p.r.p.TestFile    ... success: reloaded. 
80453      INFO  main            d.u.i.k.p.r.p.TestFile    Now processing file /home/runner/work/key/key/key.core/../key.ui/examples/heap/observer/ExampleSubject_footprint.key 
80454      INFO  main            d.u.i.k.p.i.AbstractProblemLoader Loading environment from /home/runner/work/key/key/key.core/../key.ui/examples/heap/observer/ExampleSubject_footprint.key 
80454      DEBUG main            d.u.i.k.p.i.AbstractProblemLoader Environment load took 493.2ns 
80455      INFO  main            d.u.i.k.p.i.AbstractProblemLoader Creating init config 
83586      DEBUG main            d.u.i.k.p.i.AbstractProblemLoader Init config took 3.13s 
83638      INFO  main            d.u.i.k.p.i.AbstractProblemLoader Replaying proof ExampleSubject[Subject::$footprint()].JML accessible clause.0 
83639      DEBUG main            d.u.i.k.p.i.IntermediateProofReplayer Proof replay took 6.8ns 
83742      INFO  main            d.u.i.k.p.r.p.TestFile    ... finished proof: closed. 
83976      INFO  main            d.u.i.k.p.i.AbstractProblemLoader Loading environment from /home/runner/work/key/key/key.core/../key.ui/examples/heap/observer/ExampleSubject_footprint.key.proof 
83976      DEBUG main            d.u.i.k.p.i.AbstractProblemLoader Environment load took 200.8ns 
83977      INFO  main            d.u.i.k.p.i.AbstractProblemLoader Creating init config 
87089      DEBUG main            d.u.i.k.p.i.AbstractProblemLoader Init config took 3.11s 
87154      INFO  main            d.u.i.k.p.i.AbstractProblemLoader Replaying proof ExampleSubject[Subject::$footprint()].JML accessible clause.0 
87170      DEBUG main            d.u.i.k.p.i.IntermediateProofReplayer Proof replay took 13.23ms 
87171      DEBUG main            d.u.i.k.p.r.p.TestFile    ... success: reloaded. 
87172      INFO  main            d.u.i.k.p.r.p.TestFile    Now processing file /home/runner/work/key/key/key.core/../key.ui/examples/heap/observer/ExampleSubject_inv.key 
87173      INFO  main            d.u.i.k.p.i.AbstractProblemLoader Loading environment from /home/runner/work/key/key/key.core/../key.ui/examples/heap/observer/ExampleSubject_inv.key 
87173      DEBUG main            d.u.i.k.p.i.AbstractProblemLoader Environment load took 119.3ns 
87174      INFO  main            d.u.i.k.p.i.AbstractProblemLoader Creating init config 
90259      DEBUG main            d.u.i.k.p.i.AbstractProblemLoader Init config took 3.08s 
90314      INFO  main            d.u.i.k.p.i.AbstractProblemLoader Replaying proof ExampleSubject[java.lang.Object::<inv>()].JML accessible clause.0 
90315      DEBUG main            d.u.i.k.p.i.IntermediateProofReplayer Proof replay took 7.4ns 
91721      INFO  main            d.u.i.k.p.r.p.TestFile    ... finished proof: closed. 
92019      INFO  main            d.u.i.k.p.i.AbstractProblemLoader Loading environment from /home/runner/work/key/key/key.core/../key.ui/examples/heap/observer/ExampleSubject_inv.key.proof 
92020      DEBUG main            d.u.i.k.p.i.AbstractProblemLoader Environment load took 499.5ns 
92022      INFO  main            d.u.i.k.p.i.AbstractProblemLoader Creating init config 
95110      DEBUG main            d.u.i.k.p.i.AbstractProblemLoader Init config took 3.09s 
95179      INFO  main            d.u.i.k.p.i.AbstractProblemLoader Replaying proof ExampleSubject[java.lang.Object::<inv>()].JML accessible clause.0 
95283      DEBUG main            d.u.i.k.p.i.IntermediateProofReplayer Proof replay took 95.96ms 
95285      DEBUG main            d.u.i.k.p.r.p.TestFile    ... success: reloaded. 
95286      INFO  main            d.u.i.k.p.r.p.TestFile    Now processing file /home/runner/work/key/key/key.core/../key.ui/examples/heap/observer/ExampleSubject_notifyObservers.key 
95287      INFO  main            d.u.i.k.p.i.AbstractProblemLoader Loading environment from /home/runner/work/key/key/key.core/../key.ui/examples/heap/observer/ExampleSubject_notifyObservers.key 
95287      DEBUG main            d.u.i.k.p.i.AbstractProblemLoader Environment load took 254.1ns 
95288      INFO  main            d.u.i.k.p.i.AbstractProblemLoader Creating init config 
98275      DEBUG main            d.u.i.k.p.i.AbstractProblemLoader Init config took 2.99s 
98325      INFO  main            d.u.i.k.p.i.AbstractProblemLoader Replaying proof Subject[Subject::notifyObservers()].JML normal_behavior operation contract.0 
98326      DEBUG main            d.u.i.k.p.i.IntermediateProofReplayer Proof replay took 6.8ns 
98431      INFO  main            d.u.i.k.p.r.p.TestFile    ... finished proof: closed. 
98667      INFO  main            d.u.i.k.p.i.AbstractProblemLoader Loading environment from /home/runner/work/key/key/key.core/../key.ui/examples/heap/observer/ExampleSubject_notifyObservers.key.proof 
98667      DEBUG main            d.u.i.k.p.i.AbstractProblemLoader Environment load took 127.8ns 
98668      INFO  main            d.u.i.k.p.i.AbstractProblemLoader Creating init config 
101577     DEBUG main            d.u.i.k.p.i.AbstractProblemLoader Init config took 2.91s 
101630     INFO  main            d.u.i.k.p.i.AbstractProblemLoader Replaying proof Subject[Subject::notifyObservers()].JML normal_behavior operation contract.0 
101634     DEBUG main            d.u.i.k.p.i.IntermediateProofReplayer Proof replay took 2.64ms 
101635     DEBUG main            d.u.i.k.p.r.p.TestFile    ... success: reloaded. 
101636     INFO  main            d.u.i.k.p.r.p.TestFile    Now processing file /home/runner/work/key/key/key.core/../key.ui/examples/heap/observer/ExampleSubject_value_dep.key 
101637     INFO  main            d.u.i.k.p.i.AbstractProblemLoader Loading environment from /home/runner/work/key/key/key.core/../key.ui/examples/heap/observer/ExampleSubject_value_dep.key 
101637     DEBUG main            d.u.i.k.p.i.AbstractProblemLoader Environment load took 128.9ns 
101638     INFO  main            d.u.i.k.p.i.AbstractProblemLoader Creating init config 
104586     DEBUG main            d.u.i.k.p.i.AbstractProblemLoader Init config took 2.95s 
104643     INFO  main            d.u.i.k.p.i.AbstractProblemLoader Replaying proof ExampleSubject[ExampleSubject::value()].JML accessible clause.0 
104645     DEBUG main            d.u.i.k.p.i.IntermediateProofReplayer Proof replay took 7ns 
104748     INFO  main            d.u.i.k.p.r.p.TestFile    ... finished proof: closed. 
105063     INFO  main            d.u.i.k.p.i.AbstractProblemLoader Loading environment from /home/runner/work/key/key/key.core/../key.ui/examples/heap/observer/ExampleSubject_value_dep.key.proof 
105063     DEBUG main            d.u.i.k.p.i.AbstractProblemLoader Environment load took 123.3ns 
105064     INFO  main            d.u.i.k.p.i.AbstractProblemLoader Creating init config 
107970     DEBUG main            d.u.i.k.p.i.AbstractProblemLoader Init config took 2.91s 
108026     INFO  main            d.u.i.k.p.i.AbstractProblemLoader Replaying proof ExampleSubject[ExampleSubject::value()].JML accessible clause.0 
108042     DEBUG main            d.u.i.k.p.i.IntermediateProofReplayer Proof replay took 13.86ms 
108043     DEBUG main            d.u.i.k.p.r.p.TestFile    ... success: reloaded. 
108044     INFO  main            d.u.i.k.p.r.p.TestFile    Now processing file /home/runner/work/key/key/key.core/../key.ui/examples/heap/observer/ExampleSubject_value.key 
108044     INFO  main            d.u.i.k.p.i.AbstractProblemLoader Loading environment from /home/runner/work/key/key/key.core/../key.ui/examples/heap/observer/ExampleSubject_value.key 
108044     DEBUG main            d.u.i.k.p.i.AbstractProblemLoader Environment load took 125.4ns 
108045     INFO  main            d.u.i.k.p.i.AbstractProblemLoader Creating init config 
110971     DEBUG main            d.u.i.k.p.i.AbstractProblemLoader Init config took 2.93s 
111019     INFO  main            d.u.i.k.p.i.AbstractProblemLoader Replaying proof ExampleSubject[ExampleSubject::value()].JML normal_behavior operation contract.0 
111021     DEBUG main            d.u.i.k.p.i.IntermediateProofReplayer Proof replay took 6ns 
111128     INFO  main            d.u.i.k.p.r.p.TestFile    ... finished proof: closed. 
111380     INFO  main            d.u.i.k.p.i.AbstractProblemLoader Loading environment from /home/runner/work/key/key/key.core/../key.ui/examples/heap/observer/ExampleSubject_value.key.proof 
111380     DEBUG main            d.u.i.k.p.i.AbstractProblemLoader Environment load took 124.5ns 
111381     INFO  main            d.u.i.k.p.i.AbstractProblemLoader Creating init config 
114329     DEBUG main            d.u.i.k.p.i.AbstractProblemLoader Init config took 2.95s 
114396     INFO  main            d.u.i.k.p.i.AbstractProblemLoader Replaying proof ExampleSubject[ExampleSubject::value()].JML normal_behavior operation contract.0 
114414     DEBUG main            d.u.i.k.p.i.IntermediateProofReplayer Proof replay took 15.38ms 
114415     DEBUG main            d.u.i.k.p.r.p.TestFile    ... success: reloaded. 
1740805    INFO  Test worker     d.u.i.k.p.r.RunAllProofsTestUnit Returning from test observer 
1740806    INFO  Test worker     d.u.i.k.p.r.RunAllProofsTestUnit Running test removeDups 
407        INFO  Timeout watchdog d.u.i.k.p.r.p.ForkedTestFileRunner Timeout watcher launched (2000 secs.) 
431        WARN  main            d.u.i.k.s.ProofSettings   The settings in /home/runner/.key/proof-settings.props are *not* read. 
463        INFO  main            d.u.i.k.p.r.p.TestFile    Now processing file /home/runner/work/key/key/key.core/../key.ui/examples/heap/removeDups/arrayPart.key 
599        INFO  main            d.u.i.k.p.i.AbstractProblemLoader Loading environment from /home/runner/work/key/key/key.core/../key.ui/examples/heap/removeDups/arrayPart.key 
619        DEBUG main            d.u.i.k.p.i.AbstractProblemLoader Environment load took 2.61ms 
897        INFO  main            d.u.i.k.p.i.AbstractProblemLoader Creating init config 
2109       DEBUG main            d.u.i.k.j.TypeConverter   No LDT found for Meta 
2110       DEBUG main            d.u.i.k.j.TypeConverter   No LDT found for Meta 
2113       DEBUG main            d.u.i.k.j.TypeConverter   No LDT found for Meta 
2114       DEBUG main            d.u.i.k.j.TypeConverter   No LDT found for Meta 
3739       DEBUG main            d.u.i.k.j.TypeConverter   No LDT found for JavaBigintExpression 
9902       DEBUG main            d.u.i.k.p.i.AbstractProblemLoader Init config took 9s 
10087      INFO  main            d.u.i.k.p.i.AbstractProblemLoader Replaying proof RemoveDup[RemoveDup::arrayPart([I,int)].JML normal_behavior operation contract.0 
10133      DEBUG main            d.u.i.k.p.i.IntermediateProofReplayer Proof replay took 37.8ns 
13159      INFO  main            d.u.i.k.p.r.p.TestFile    ... finished proof: closed. 
13339      INFO  main            d.u.i.k.p.i.AbstractProblemLoader Loading environment from /home/runner/work/key/key/key.core/../key.ui/examples/heap/removeDups/arrayPart.key.proof 
13340      DEBUG main            d.u.i.k.p.i.AbstractProblemLoader Environment load took 1.05ms 
13344      INFO  main            d.u.i.k.p.i.AbstractProblemLoader Creating init config 
16753      DEBUG main            d.u.i.k.p.i.AbstractProblemLoader Init config took 3.41s 
16829      INFO  main            d.u.i.k.p.i.AbstractProblemLoader Replaying proof RemoveDup[RemoveDup::arrayPart([I,int)].JML normal_behavior operation contract.0 
17181      DEBUG main            d.u.i.k.p.i.IntermediateProofReplayer Proof replay took 337.1ms 
17192      DEBUG main            d.u.i.k.p.r.p.TestFile    ... success: reloaded. 
17195      INFO  main            d.u.i.k.p.r.p.TestFile    Now processing file /home/runner/work/key/key/key.core/../key.ui/examples/heap/removeDups/contains.key 
17197      INFO  main            d.u.i.k.p.i.AbstractProblemLoader Loading environment from /home/runner/work/key/key/key.core/../key.ui/examples/heap/removeDups/contains.key 
17198      DEBUG main            d.u.i.k.p.i.AbstractProblemLoader Environment load took 176.79ns 
17200      INFO  main            d.u.i.k.p.i.AbstractProblemLoader Creating init config 
20671      DEBUG main            d.u.i.k.p.i.AbstractProblemLoader Init config took 3.47s 
20735      INFO  main            d.u.i.k.p.i.AbstractProblemLoader Replaying proof RemoveDup[RemoveDup::contains([I,int,int)].JML normal_behavior operation contract.0 
20738      DEBUG main            d.u.i.k.p.i.IntermediateProofReplayer Proof replay took 6.2ns 
21443      INFO  main            d.u.i.k.p.r.p.TestFile    ... finished proof: closed. 
21641      INFO  main            d.u.i.k.p.i.AbstractProblemLoader Loading environment from /home/runner/work/key/key/key.core/../key.ui/examples/heap/removeDups/contains.key.proof 
21641      DEBUG main            d.u.i.k.p.i.AbstractProblemLoader Environment load took 457.1ns 
21645      INFO  main            d.u.i.k.p.i.AbstractProblemLoader Creating init config 
24920      DEBUG main            d.u.i.k.p.i.AbstractProblemLoader Init config took 3.28s 
24981      INFO  main            d.u.i.k.p.i.AbstractProblemLoader Replaying proof RemoveDup[RemoveDup::contains([I,int,int)].JML normal_behavior operation contract.0 
25095      DEBUG main            d.u.i.k.p.i.IntermediateProofReplayer Proof replay took 107.67ms 
25097      DEBUG main            d.u.i.k.p.r.p.TestFile    ... success: reloaded. 
25098      INFO  main            d.u.i.k.p.r.p.TestFile    Now processing file /home/runner/work/key/key/key.core/../key.ui/examples/heap/removeDups/removeDup.key 
25098      INFO  main            d.u.i.k.p.i.AbstractProblemLoader Loading environment from /home/runner/work/key/key/key.core/../key.ui/examples/heap/removeDups/removeDup.key 
25099      DEBUG main            d.u.i.k.p.i.AbstractProblemLoader Environment load took 268.2ns 
25100      INFO  main            d.u.i.k.p.i.AbstractProblemLoader Creating init config 
28318      DEBUG main            d.u.i.k.p.i.AbstractProblemLoader Init config took 3.22s 
28373      INFO  main            d.u.i.k.p.i.AbstractProblemLoader Replaying proof RemoveDup[RemoveDup::removeDup([I)].JML normal_behavior operation contract.0 
28376      DEBUG main            d.u.i.k.p.i.IntermediateProofReplayer Proof replay took 6.4ns 
52367      INFO  main            d.u.i.k.p.r.p.TestFile    ... finished proof: closed. 
52686      INFO  main            d.u.i.k.p.i.AbstractProblemLoader Loading environment from /home/runner/work/key/key/key.core/../key.ui/examples/heap/removeDups/removeDup.key.proof 
52686      DEBUG main            d.u.i.k.p.i.AbstractProblemLoader Environment load took 289.48ns 
52696      INFO  main            d.u.i.k.p.i.AbstractProblemLoader Creating init config 
55908      DEBUG main            d.u.i.k.p.i.AbstractProblemLoader Init config took 3.21s 
55958      INFO  main            d.u.i.k.p.i.AbstractProblemLoader Replaying proof RemoveDup[RemoveDup::removeDup([I)].JML normal_behavior operation contract.0 
57526      DEBUG main            d.u.i.k.p.i.IntermediateProofReplayer Proof replay took 1.5s 
57530      DEBUG main            d.u.i.k.p.r.p.TestFile    ... success: reloaded. 
57532      INFO  main            d.u.i.k.p.r.p.TestFile    Now processing file /home/runner/work/key/key/key.core/../key.ui/examples/heap/saddleback_search/Saddleback_search.key 
57532      INFO  main            d.u.i.k.p.i.AbstractProblemLoader Loading environment from /home/runner/work/key/key/key.core/../key.ui/examples/heap/saddleback_search/Saddleback_search.key 
57532      DEBUG main            d.u.i.k.p.i.AbstractProblemLoader Environment load took 284.7ns 
57534      INFO  main            d.u.i.k.p.i.AbstractProblemLoader Creating init config 
60853      DEBUG main            d.u.i.k.p.i.AbstractProblemLoader Init config took 3.32s 
60897      INFO  main            d.u.i.k.p.i.AbstractProblemLoader Replaying proof Saddleback[Saddleback::search([[I,int)].JML normal_behavior operation contract.0 
60907      DEBUG main            d.u.i.k.p.i.IntermediateProofReplayer Proof replay took 5.1ns 
149145     INFO  main            d.u.i.k.p.r.p.TestFile    ... finished proof: closed. 
149638     INFO  main            d.u.i.k.p.i.AbstractProblemLoader Loading environment from /home/runner/work/key/key/key.core/../key.ui/examples/heap/saddleback_search/Saddleback_search.key.proof 
149639     DEBUG main            d.u.i.k.p.i.AbstractProblemLoader Environment load took 261.2ns 
149651     INFO  main            d.u.i.k.p.i.AbstractProblemLoader Creating init config 
152773     DEBUG main            d.u.i.k.p.i.AbstractProblemLoader Init config took 3.12s 
152821     INFO  main            d.u.i.k.p.i.AbstractProblemLoader Replaying proof Saddleback[Saddleback::search([[I,int)].JML normal_behavior operation contract.0 
155003     DEBUG main            d.u.i.k.p.i.IntermediateProofReplayer Proof replay took 1.98s 
155014     DEBUG main            d.u.i.k.p.r.p.TestFile    ... success: reloaded. 
1896026    INFO  Test worker     d.u.i.k.p.r.RunAllProofsTestUnit Returning from test removeDups 
1896028    INFO  Test worker     d.u.i.k.p.r.RunAllProofsTestUnit Running test quicksort 
429        INFO  Timeout watchdog d.u.i.k.p.r.p.ForkedTestFileRunner Timeout watcher launched (2000 secs.) 
456        WARN  main            d.u.i.k.s.ProofSettings   The settings in /home/runner/.key/proof-settings.props are *not* read. 
512        INFO  main            d.u.i.k.p.r.p.TestFile    Now processing file /home/runner/work/key/key/key.core/../key.ui/examples/heap/quicksort/toplevel.key 
655        INFO  main            d.u.i.k.p.i.AbstractProblemLoader Loading environment from /home/runner/work/key/key/key.core/../key.ui/examples/heap/quicksort/toplevel.key 
691        DEBUG main            d.u.i.k.p.i.AbstractProblemLoader Environment load took 2.09ms 
979        INFO  main            d.u.i.k.p.i.AbstractProblemLoader Creating init config 
2178       DEBUG main            d.u.i.k.j.TypeConverter   No LDT found for Meta 
2179       DEBUG main            d.u.i.k.j.TypeConverter   No LDT found for Meta 
2180       DEBUG main            d.u.i.k.j.TypeConverter   No LDT found for Meta 
2181       DEBUG main            d.u.i.k.j.TypeConverter   No LDT found for Meta 
3860       DEBUG main            d.u.i.k.j.TypeConverter   No LDT found for JavaBigintExpression 
10306      DEBUG main            d.u.i.k.p.i.AbstractProblemLoader Init config took 9.33s 
10467      INFO  main            d.u.i.k.p.i.AbstractProblemLoader Replaying proof Quicksort[Quicksort::sort([I)].JML normal_behavior operation contract.0 
10518      DEBUG main            d.u.i.k.p.i.IntermediateProofReplayer Proof replay took 34.6ns 
12110      INFO  main            d.u.i.k.p.r.p.TestFile    ... finished proof: closed. 
12260      INFO  main            d.u.i.k.p.i.AbstractProblemLoader Loading environment from /home/runner/work/key/key/key.core/../key.ui/examples/heap/quicksort/toplevel.key.proof 
12264      DEBUG main            d.u.i.k.p.i.AbstractProblemLoader Environment load took 3.42ms 
12266      INFO  main            d.u.i.k.p.i.AbstractProblemLoader Creating init config 
15765      DEBUG main            d.u.i.k.p.i.AbstractProblemLoader Init config took 3.5s 
15853      INFO  main            d.u.i.k.p.i.AbstractProblemLoader Replaying proof Quicksort[Quicksort::sort([I)].JML normal_behavior operation contract.0 
16092      DEBUG main            d.u.i.k.p.i.IntermediateProofReplayer Proof replay took 218.22ms 
16101      DEBUG main            d.u.i.k.p.r.p.TestFile    ... success: reloaded. 
16107      INFO  main            d.u.i.k.p.r.p.TestFile    Now processing file /home/runner/work/key/key/key.core/../key.ui/examples/heap/quicksort/sort.key 
16108      INFO  main            d.u.i.k.p.i.AbstractProblemLoader Loading environment from /home/runner/work/key/key/key.core/../key.ui/examples/heap/quicksort/sort.key 
16108      DEBUG main            d.u.i.k.p.i.AbstractProblemLoader Environment load took 268.9ns 
16112      INFO  main            d.u.i.k.p.i.AbstractProblemLoader Creating init config 
19725      DEBUG main            d.u.i.k.p.i.AbstractProblemLoader Init config took 3.61s 
19815      INFO  main            d.u.i.k.p.i.AbstractProblemLoader Replaying proof Quicksort[Quicksort::sort([I,int,int)].JML normal_behavior operation contract.0 
19820      DEBUG main            d.u.i.k.p.i.IntermediateProofReplayer Proof replay took 7.8ns 
19861      DEBUG main            d.u.i.k.m.s.ProofScriptEngine 1: 'script 'sort.script'' 
19869      INFO  main            d.u.i.k.m.s.ProofScriptCommand Included script /home/runner/work/key/key/key.core/../key.ui/examples/heap/quicksort/sort.script 
19870      DEBUG main            d.u.i.k.m.s.ProofScriptEngine 1: 'macro autopilot-prep' 
21245      DEBUG main            d.u.i.k.m.s.ProofScriptEngine 2: 'select formula="{heapAtPre:=heap || exc:=null || heap:=heapAfter_sort_0}
   seq ...' 
21251      DEBUG main            d.u.i.k.m.s.ProofScriptEngine 3: 'macro simp-upd' 
21263      DEBUG main            d.u.i.k.m.s.ProofScriptEngine 4: 'let   @seqPre="seqDef{int u;}(0, array.length, array[u])"
    @seqSplit="seqDef ...' 
21266      DEBUG main            d.u.i.k.m.s.ProofScriptEngine 5: 'rule seqPermSym 
  formula="seqPerm(@seqSplit, @seqPre)"' 
21286      DEBUG main            d.u.i.k.m.s.ProofScriptEngine 6: 'rule seqPermSym
  formula="seqPerm(@seqSort, @seqSplit)"' 
21289      DEBUG main            d.u.i.k.m.s.ProofScriptEngine 7: 'rule seqPermSym
  formula="seqPerm(@seqSort0, @seqSort)"' 
21291      DEBUG main            d.u.i.k.m.s.ProofScriptEngine 8: 'rule seqPermTrans
  formula="seqPerm(@seqPre, @seqSplit)"' 
21292      DEBUG main            d.u.i.k.m.s.ProofScriptEngine 9: 'rule seqPermTrans
  formula="seqPerm(@seqPre, @seqSort)"' 
21294      DEBUG main            d.u.i.k.m.s.ProofScriptEngine 10: 'rule seqPermSym
  formula="seqPerm(@seqPre, @seqSort0)"' 
21295      DEBUG main            d.u.i.k.m.s.ProofScriptEngine 11: 'tryclose' 
52080      INFO  main            d.u.i.k.p.r.p.TestFile    ... finished proof: closed. 
52460      INFO  main            d.u.i.k.p.i.AbstractProblemLoader Loading environment from /home/runner/work/key/key/key.core/../key.ui/examples/heap/quicksort/sort.key.proof 
52461      DEBUG main            d.u.i.k.p.i.AbstractProblemLoader Environment load took 614.1ns 
52472      INFO  main            d.u.i.k.p.i.AbstractProblemLoader Creating init config 
55823      DEBUG main            d.u.i.k.p.i.AbstractProblemLoader Init config took 3.35s 
55887      INFO  main            d.u.i.k.p.i.AbstractProblemLoader Replaying proof Quicksort[Quicksort::sort([I,int,int)].JML normal_behavior operation contract.0 
58028      DEBUG main            d.u.i.k.p.i.IntermediateProofReplayer Proof replay took 1.99s 
58079      DEBUG main            d.u.i.k.p.r.p.TestFile    ... success: reloaded. 
58087      INFO  main            d.u.i.k.p.r.p.TestFile    Now processing file /home/runner/work/key/key/key.core/../key.ui/examples/heap/quicksort/split.key 
58095      INFO  main            d.u.i.k.p.i.AbstractProblemLoader Loading environment from /home/runner/work/key/key/key.core/../key.ui/examples/heap/quicksort/split.key 
58096      DEBUG main            d.u.i.k.p.i.AbstractProblemLoader Environment load took 988.7ns 
58104      INFO  main            d.u.i.k.p.i.AbstractProblemLoader Creating init config 
61894      DEBUG main            d.u.i.k.p.i.AbstractProblemLoader Init config took 3.79s 
61958      INFO  main            d.u.i.k.p.i.AbstractProblemLoader Replaying proof Quicksort[Quicksort::split([I,int,int)].JML normal_behavior operation contract.0 
61962      DEBUG main            d.u.i.k.p.i.IntermediateProofReplayer Proof replay took 6.3ns 
61963      DEBUG main            d.u.i.k.m.s.ProofScriptEngine 1: 'macro autopilot-prep' 
63473      DEBUG main            d.u.i.k.m.s.ProofScriptEngine 2: 'tryclose' 
108088     DEBUG main            d.u.i.k.m.s.ProofScriptEngine 3: 'macro simp-upd' 
108217     DEBUG main            d.u.i.k.m.s.ProofScriptEngine 4: 'rule seqPermFromSwap' 
108242     DEBUG main            d.u.i.k.m.s.ProofScriptEngine 5: 'rule andRight' 
108246     DEBUG main            d.u.i.k.m.s.ProofScriptEngine 6: 'auto' 
108281     DEBUG main            d.u.i.k.m.s.ProofScriptEngine 7: 'instantiate hide var=iv with=i_0' 
108284     DEBUG main            d.u.i.k.m.s.ProofScriptEngine 8: 'instantiate hide var=jv with=j_0' 
108287     DEBUG main            d.u.i.k.m.s.ProofScriptEngine 9: 'auto' 
115837     DEBUG main            d.u.i.k.m.s.ProofScriptEngine 10: 'macro simp-upd' 
115937     DEBUG main            d.u.i.k.m.s.ProofScriptEngine 11: 'rule seqPermFromSwap' 
115939     DEBUG main            d.u.i.k.m.s.ProofScriptEngine 12: 'rule andRight' 
115943     DEBUG main            d.u.i.k.m.s.ProofScriptEngine 13: 'auto' 
115963     DEBUG main            d.u.i.k.m.s.ProofScriptEngine 14: 'instantiate hide var=iv with=i_0' 
115965     DEBUG main            d.u.i.k.m.s.ProofScriptEngine 15: 'instantiate hide var=jv with=to' 
115968     DEBUG main            d.u.i.k.m.s.ProofScriptEngine 16: 'auto' 
121874     INFO  main            d.u.i.k.p.r.p.TestFile    ... finished proof: closed. 
122475     INFO  main            d.u.i.k.p.i.AbstractProblemLoader Loading environment from /home/runner/work/key/key/key.core/../key.ui/examples/heap/quicksort/split.key.proof 
122478     DEBUG main            d.u.i.k.p.i.AbstractProblemLoader Environment load took 2.15ms 
122490     INFO  main            d.u.i.k.p.i.AbstractProblemLoader Creating init config 
125646     DEBUG main            d.u.i.k.p.i.AbstractProblemLoader Init config took 3.16s 
125713     INFO  main            d.u.i.k.p.i.AbstractProblemLoader Replaying proof Quicksort[Quicksort::split([I,int,int)].JML normal_behavior operation contract.0 
129225     DEBUG main            d.u.i.k.p.i.IntermediateProofReplayer Proof replay took 3.19s 
129298     DEBUG main            d.u.i.k.p.r.p.TestFile    ... success: reloaded. 
2026496    INFO  Test worker     d.u.i.k.p.r.RunAllProofsTestUnit Returning from test quicksort 
2026497    INFO  Test worker     d.u.i.k.p.r.RunAllProofsTestUnit Running test simpleTests 
422        INFO  Timeout watchdog d.u.i.k.p.r.p.ForkedTestFileRunner Timeout watcher launched (2000 secs.) 
456        WARN  main            d.u.i.k.s.ProofSettings   The settings in /home/runner/.key/proof-settings.props are *not* read. 
520        INFO  main            d.u.i.k.p.r.p.TestFile    Now processing file /home/runner/work/key/key/key.core/../key.ui/examples/heap/simple/anonymise_datagroup.key 
684        INFO  main            d.u.i.k.p.i.AbstractProblemLoader Loading environment from /home/runner/work/key/key/key.core/../key.ui/examples/heap/simple/anonymise_datagroup.key 
707        DEBUG main            d.u.i.k.p.i.AbstractProblemLoader Environment load took 2.39ms 
1034       INFO  main            d.u.i.k.p.i.AbstractProblemLoader Creating init config 
2149       DEBUG main            d.u.i.k.j.TypeConverter   No LDT found for Meta 
2150       DEBUG main            d.u.i.k.j.TypeConverter   No LDT found for Meta 
2152       DEBUG main            d.u.i.k.j.TypeConverter   No LDT found for Meta 
2153       DEBUG main            d.u.i.k.j.TypeConverter   No LDT found for Meta 
3860       DEBUG main            d.u.i.k.j.TypeConverter   No LDT found for JavaBigintExpression 
9554       DEBUG main            d.u.i.k.p.i.AbstractProblemLoader Init config took 8.52s 
9661       INFO  main            d.u.i.k.p.i.AbstractProblemLoader Replaying proof anonymise_datagroup.key 
9711       DEBUG main            d.u.i.k.p.i.IntermediateProofReplayer Proof replay took 59.8ns 
10101      INFO  main            d.u.i.k.p.r.p.TestFile    ... finished proof: closed. 
10218      INFO  main            d.u.i.k.p.i.AbstractProblemLoader Loading environment from /home/runner/work/key/key/key.core/../key.ui/examples/heap/simple/anonymise_datagroup.key.proof 
10223      DEBUG main            d.u.i.k.p.i.AbstractProblemLoader Environment load took 4.66ms 
10228      INFO  main            d.u.i.k.p.i.AbstractProblemLoader Creating init config 
13458      DEBUG main            d.u.i.k.p.i.AbstractProblemLoader Init config took 3.23s 
13495      INFO  main            d.u.i.k.p.i.AbstractProblemLoader Replaying proof anonymise_datagroup.key.proof 
13518      DEBUG main            d.u.i.k.p.i.IntermediateProofReplayer Proof replay took 10.16ms 
13531      DEBUG main            d.u.i.k.p.r.p.TestFile    ... success: reloaded. 
13532      INFO  main            d.u.i.k.p.r.p.TestFile    Now processing file /home/runner/work/key/key/key.core/../key.ui/examples/heap/simple/array_creation.key 
13533      INFO  main            d.u.i.k.p.i.AbstractProblemLoader Loading environment from /home/runner/work/key/key/key.core/../key.ui/examples/heap/simple/array_creation.key 
13533      DEBUG main            d.u.i.k.p.i.AbstractProblemLoader Environment load took 274.6ns 
13536      INFO  main            d.u.i.k.p.i.AbstractProblemLoader Creating init config 
16592      DEBUG main            d.u.i.k.p.i.AbstractProblemLoader Init config took 3.06s 
16629      INFO  main            d.u.i.k.p.i.AbstractProblemLoader Replaying proof array_creation.key 
16634      DEBUG main            d.u.i.k.p.i.IntermediateProofReplayer Proof replay took 7.6ns 
17647      INFO  main            d.u.i.k.p.r.p.TestFile    ... finished proof: closed. 
17820      INFO  main            d.u.i.k.p.i.AbstractProblemLoader Loading environment from /home/runner/work/key/key/key.core/../key.ui/examples/heap/simple/array_creation.key.proof 
17823      DEBUG main            d.u.i.k.p.i.AbstractProblemLoader Environment load took 3.44ms 
17825      INFO  main            d.u.i.k.p.i.AbstractProblemLoader Creating init config 
20888      DEBUG main            d.u.i.k.p.i.AbstractProblemLoader Init config took 3.06s 
20918      INFO  main            d.u.i.k.p.i.AbstractProblemLoader Replaying proof array_creation.key.proof 
21030      DEBUG main            d.u.i.k.p.i.IntermediateProofReplayer Proof replay took 106.52ms 
21032      DEBUG main            d.u.i.k.p.r.p.TestFile    ... success: reloaded. 
21033      INFO  main            d.u.i.k.p.r.p.TestFile    Now processing file /home/runner/work/key/key/key.core/../key.ui/examples/heap/simple/arrays_with_disjoint_sorts.key 
21034      INFO  main            d.u.i.k.p.i.AbstractProblemLoader Loading environment from /home/runner/work/key/key/key.core/../key.ui/examples/heap/simple/arrays_with_disjoint_sorts.key 
21034      DEBUG main            d.u.i.k.p.i.AbstractProblemLoader Environment load took 297ns 
21036      INFO  main            d.u.i.k.p.i.AbstractProblemLoader Creating init config 
23948      DEBUG main            d.u.i.k.p.i.AbstractProblemLoader Init config took 2.91s 
23975      INFO  main            d.u.i.k.p.i.AbstractProblemLoader Replaying proof arrays_with_disjoint_sorts.key 
23977      DEBUG main            d.u.i.k.p.i.IntermediateProofReplayer Proof replay took 6.5ns 
24182      INFO  main            d.u.i.k.p.r.p.TestFile    ... finished proof: closed. 
24359      INFO  main            d.u.i.k.p.i.AbstractProblemLoader Loading environment from /home/runner/work/key/key/key.core/../key.ui/examples/heap/simple/arrays_with_disjoint_sorts.key.proof 
24359      DEBUG main            d.u.i.k.p.i.AbstractProblemLoader Environment load took 467.4ns 
24361      INFO  main            d.u.i.k.p.i.AbstractProblemLoader Creating init config 
27196      DEBUG main            d.u.i.k.p.i.AbstractProblemLoader Init config took 2.83s 
27220      INFO  main            d.u.i.k.p.i.AbstractProblemLoader Replaying proof arrays_with_disjoint_sorts.key.proof 
27250      DEBUG main            d.u.i.k.p.i.IntermediateProofReplayer Proof replay took 27.25ms 
27252      DEBUG main            d.u.i.k.p.r.p.TestFile    ... success: reloaded. 
27253      INFO  main            d.u.i.k.p.r.p.TestFile    Now processing file /home/runner/work/key/key/key.core/../key.ui/examples/heap/simple/arrays.key 
27253      INFO  main            d.u.i.k.p.i.AbstractProblemLoader Loading environment from /home/runner/work/key/key/key.core/../key.ui/examples/heap/simple/arrays.key 
27253      DEBUG main            d.u.i.k.p.i.AbstractProblemLoader Environment load took 233.5ns 
27255      INFO  main            d.u.i.k.p.i.AbstractProblemLoader Creating init config 
30085      DEBUG main            d.u.i.k.p.i.AbstractProblemLoader Init config took 2.83s 
30110      INFO  main            d.u.i.k.p.i.AbstractProblemLoader Replaying proof arrays.key 
30113      DEBUG main            d.u.i.k.p.i.IntermediateProofReplayer Proof replay took 6.1ns 
30319      INFO  main            d.u.i.k.p.r.p.TestFile    ... finished proof: closed. 
30504      INFO  main            d.u.i.k.p.i.AbstractProblemLoader Loading environment from /home/runner/work/key/key/key.core/../key.ui/examples/heap/simple/arrays.key.proof 
30504      DEBUG main            d.u.i.k.p.i.AbstractProblemLoader Environment load took 130.9ns 
30505      INFO  main            d.u.i.k.p.i.AbstractProblemLoader Creating init config 
33191      DEBUG main            d.u.i.k.p.i.AbstractProblemLoader Init config took 2.69s 
33215      INFO  main            d.u.i.k.p.i.AbstractProblemLoader Replaying proof arrays.key.proof 
33258      DEBUG main            d.u.i.k.p.i.IntermediateProofReplayer Proof replay took 33.45ms 
33260      DEBUG main            d.u.i.k.p.r.p.TestFile    ... success: reloaded. 
33264      INFO  main            d.u.i.k.p.r.p.TestFile    Now processing file /home/runner/work/key/key/key.core/../key.ui/examples/heap/simple/attributes.key 
33264      INFO  main            d.u.i.k.p.i.AbstractProblemLoader Loading environment from /home/runner/work/key/key/key.core/../key.ui/examples/heap/simple/attributes.key 
33265      DEBUG main            d.u.i.k.p.i.AbstractProblemLoader Environment load took 320.2ns 
33266      INFO  main            d.u.i.k.p.i.AbstractProblemLoader Creating init config 
36058      DEBUG main            d.u.i.k.p.i.AbstractProblemLoader Init config took 2.79s 
36081      INFO  main            d.u.i.k.p.i.AbstractProblemLoader Replaying proof attributes.key 
36084      DEBUG main            d.u.i.k.p.i.IntermediateProofReplayer Proof replay took 7.8ns 
36186      INFO  main            d.u.i.k.p.r.p.TestFile    ... finished proof: closed. 
36388      INFO  main            d.u.i.k.p.i.AbstractProblemLoader Loading environment from /home/runner/work/key/key/key.core/../key.ui/examples/heap/simple/attributes.key.proof 
36388      DEBUG main            d.u.i.k.p.i.AbstractProblemLoader Environment load took 153.1ns 
36394      INFO  main            d.u.i.k.p.i.AbstractProblemLoader Creating init config 
39188      DEBUG main            d.u.i.k.p.i.AbstractProblemLoader Init config took 2.79s 
39220      INFO  main            d.u.i.k.p.i.AbstractProblemLoader Replaying proof attributes.key.proof 
39223      DEBUG main            d.u.i.k.p.i.IntermediateProofReplayer Proof replay took 1.52ms 
39224      DEBUG main            d.u.i.k.p.r.p.TestFile    ... success: reloaded. 
39225      INFO  main            d.u.i.k.p.r.p.TestFile    Now processing file /home/runner/work/key/key/key.core/../key.ui/examples/heap/simple/constructor_contracts.key 
39226      INFO  main            d.u.i.k.p.i.AbstractProblemLoader Loading environment from /home/runner/work/key/key/key.core/../key.ui/examples/heap/simple/constructor_contracts.key 
39226      DEBUG main            d.u.i.k.p.i.AbstractProblemLoader Environment load took 241.7ns 
39228      INFO  main            d.u.i.k.p.i.AbstractProblemLoader Creating init config 
42482      DEBUG main            d.u.i.k.p.i.AbstractProblemLoader Init config took 3.25s 
42510      INFO  main            d.u.i.k.p.i.AbstractProblemLoader Replaying proof constructor_contracts.key 
42512      DEBUG main            d.u.i.k.p.i.IntermediateProofReplayer Proof replay took 7.9ns 
43224      INFO  main            d.u.i.k.p.r.p.TestFile    ... finished proof: closed. 
43433      INFO  main            d.u.i.k.p.i.AbstractProblemLoader Loading environment from /home/runner/work/key/key/key.core/../key.ui/examples/heap/simple/constructor_contracts.key.proof 
43437      DEBUG main            d.u.i.k.p.i.AbstractProblemLoader Environment load took 3.02ms 
43439      INFO  main            d.u.i.k.p.i.AbstractProblemLoader Creating init config 
46618      DEBUG main            d.u.i.k.p.i.AbstractProblemLoader Init config took 3.18s 
46645      INFO  main            d.u.i.k.p.i.AbstractProblemLoader Replaying proof constructor_contracts.key.proof 
46773      DEBUG main            d.u.i.k.p.i.IntermediateProofReplayer Proof replay took 117.68ms 
46775      DEBUG main            d.u.i.k.p.r.p.TestFile    ... success: reloaded. 
46776      INFO  main            d.u.i.k.p.r.p.TestFile    Now processing file /home/runner/work/key/key/key.core/../key.ui/examples/heap/simple/dependencies.key 
46777      INFO  main            d.u.i.k.p.i.AbstractProblemLoader Loading environment from /home/runner/work/key/key/key.core/../key.ui/examples/heap/simple/dependencies.key 
46777      DEBUG main            d.u.i.k.p.i.AbstractProblemLoader Environment load took 264.3ns 
46779      INFO  main            d.u.i.k.p.i.AbstractProblemLoader Creating init config 
49609      DEBUG main            d.u.i.k.p.i.AbstractProblemLoader Init config took 2.83s 
49630      INFO  main            d.u.i.k.p.i.AbstractProblemLoader Replaying proof dependencies.key 
49631      DEBUG main            d.u.i.k.p.i.IntermediateProofReplayer Proof replay took 7.6ns 
49734      INFO  main            d.u.i.k.p.r.p.TestFile    ... finished proof: closed. 
49940      INFO  main            d.u.i.k.p.i.AbstractProblemLoader Loading environment from /home/runner/work/key/key/key.core/../key.ui/examples/heap/simple/dependencies.key.proof 
49940      DEBUG main            d.u.i.k.p.i.AbstractProblemLoader Environment load took 186.5ns 
49943      INFO  main            d.u.i.k.p.i.AbstractProblemLoader Creating init config 
52703      DEBUG main            d.u.i.k.p.i.AbstractProblemLoader Init config took 2.76s 
52725      INFO  main            d.u.i.k.p.i.AbstractProblemLoader Replaying proof dependencies.key.proof 
52735      DEBUG main            d.u.i.k.p.i.IntermediateProofReplayer Proof replay took 6.82ms 
52735      DEBUG main            d.u.i.k.p.r.p.TestFile    ... success: reloaded. 
52736      INFO  main            d.u.i.k.p.r.p.TestFile    Now processing file /home/runner/work/key/key/key.core/../key.ui/examples/heap/simple/dependency_contracts.key 
52736      INFO  main            d.u.i.k.p.i.AbstractProblemLoader Loading environment from /home/runner/work/key/key/key.core/../key.ui/examples/heap/simple/dependency_contracts.key 
52737      DEBUG main            d.u.i.k.p.i.AbstractProblemLoader Environment load took 145.6ns 
52739      INFO  main            d.u.i.k.p.i.AbstractProblemLoader Creating init config 
55814      DEBUG main            d.u.i.k.p.i.AbstractProblemLoader Init config took 3.07s 
55837      INFO  main            d.u.i.k.p.i.AbstractProblemLoader Replaying proof dependency_contracts.key 
55839      DEBUG main            d.u.i.k.p.i.IntermediateProofReplayer Proof replay took 7.2ns 
57351      INFO  main            d.u.i.k.p.r.p.TestFile    ... finished proof: closed. 
57572      INFO  main            d.u.i.k.p.i.AbstractProblemLoader Loading environment from /home/runner/work/key/key/key.core/../key.ui/examples/heap/simple/dependency_contracts.key.proof 
57577      DEBUG main            d.u.i.k.p.i.AbstractProblemLoader Environment load took 502.8ns 
57580      INFO  main            d.u.i.k.p.i.AbstractProblemLoader Creating init config 
60541      DEBUG main            d.u.i.k.p.i.AbstractProblemLoader Init config took 2.96s 
60563      INFO  main            d.u.i.k.p.i.AbstractProblemLoader Replaying proof dependency_contracts.key.proof 
60794      DEBUG main            d.u.i.k.p.i.IntermediateProofReplayer Proof replay took 220.76ms 
60797      DEBUG main            d.u.i.k.p.r.p.TestFile    ... success: reloaded. 
60799      INFO  main            d.u.i.k.p.r.p.TestFile    Now processing file /home/runner/work/key/key/key.core/../key.ui/examples/heap/simple/invariant_preservation.key 
60801      INFO  main            d.u.i.k.p.i.AbstractProblemLoader Loading environment from /home/runner/work/key/key/key.core/../key.ui/examples/heap/simple/invariant_preservation.key 
60801      DEBUG main            d.u.i.k.p.i.AbstractProblemLoader Environment load took 153.6ns 
60803      INFO  main            d.u.i.k.p.i.AbstractProblemLoader Creating init config 
63764      DEBUG main            d.u.i.k.p.i.AbstractProblemLoader Init config took 2.96s 
63786      INFO  main            d.u.i.k.p.i.AbstractProblemLoader Replaying proof invariant_preservation.key 
63788      DEBUG main            d.u.i.k.p.i.IntermediateProofReplayer Proof replay took 7.4ns 
63994      INFO  main            d.u.i.k.p.r.p.TestFile    ... finished proof: closed. 
64228      INFO  main            d.u.i.k.p.i.AbstractProblemLoader Loading environment from /home/runner/work/key/key/key.core/../key.ui/examples/heap/simple/invariant_preservation.key.proof 
64228      DEBUG main            d.u.i.k.p.i.AbstractProblemLoader Environment load took 111.9ns 
64230      INFO  main            d.u.i.k.p.i.AbstractProblemLoader Creating init config 
67148      DEBUG main            d.u.i.k.p.i.AbstractProblemLoader Init config took 2.92s 
67174      INFO  main            d.u.i.k.p.i.AbstractProblemLoader Replaying proof invariant_preservation.key.proof 
67209      DEBUG main            d.u.i.k.p.i.IntermediateProofReplayer Proof replay took 31.85ms 
67211      DEBUG main            d.u.i.k.p.r.p.TestFile    ... success: reloaded. 
67213      INFO  main            d.u.i.k.p.r.p.TestFile    Now processing file /home/runner/work/key/key/key.core/../key.ui/examples/heap/simple/locsets.key 
67213      INFO  main            d.u.i.k.p.i.AbstractProblemLoader Loading environment from /home/runner/work/key/key/key.core/../key.ui/examples/heap/simple/locsets.key 
67213      DEBUG main            d.u.i.k.p.i.AbstractProblemLoader Environment load took 295.6ns 
67215      INFO  main            d.u.i.k.p.i.AbstractProblemLoader Creating init config 
69952      DEBUG main            d.u.i.k.p.i.AbstractProblemLoader Init config took 2.74s 
69971      INFO  main            d.u.i.k.p.i.AbstractProblemLoader Replaying proof locsets.key 
69973      DEBUG main            d.u.i.k.p.i.IntermediateProofReplayer Proof replay took 8.3ns 
70077      INFO  main            d.u.i.k.p.r.p.TestFile    ... finished proof: closed. 
70355      INFO  main            d.u.i.k.p.i.AbstractProblemLoader Loading environment from /home/runner/work/key/key/key.core/../key.ui/examples/heap/simple/locsets.key.proof 
70355      DEBUG main            d.u.i.k.p.i.AbstractProblemLoader Environment load took 117ns 
70356      INFO  main            d.u.i.k.p.i.AbstractProblemLoader Creating init config 
73052      DEBUG main            d.u.i.k.p.i.AbstractProblemLoader Init config took 2.7s 
73070      INFO  main            d.u.i.k.p.i.AbstractProblemLoader Replaying proof locsets.key.proof 
73074      DEBUG main            d.u.i.k.p.i.IntermediateProofReplayer Proof replay took 1.83ms 
73075      DEBUG main            d.u.i.k.p.r.p.TestFile    ... success: reloaded. 
73076      INFO  main            d.u.i.k.p.r.p.TestFile    Now processing file /home/runner/work/key/key/key.core/../key.ui/examples/heap/simple/loop1.key 
73076      INFO  main            d.u.i.k.p.i.AbstractProblemLoader Loading environment from /home/runner/work/key/key/key.core/../key.ui/examples/heap/simple/loop1.key 
73077      DEBUG main            d.u.i.k.p.i.AbstractProblemLoader Environment load took 225.9ns 
73078      INFO  main            d.u.i.k.p.i.AbstractProblemLoader Creating init config 
76130      DEBUG main            d.u.i.k.p.i.AbstractProblemLoader Init config took 3.05s 
76151      INFO  main            d.u.i.k.p.i.AbstractProblemLoader Replaying proof loop1.key 
76152      DEBUG main            d.u.i.k.p.i.IntermediateProofReplayer Proof replay took 7.2ns 
76358      INFO  main            d.u.i.k.p.r.p.TestFile    ... finished proof: closed. 
76581      INFO  main            d.u.i.k.p.i.AbstractProblemLoader Loading environment from /home/runner/work/key/key/key.core/../key.ui/examples/heap/simple/loop1.key.proof 
76581      DEBUG main            d.u.i.k.p.i.AbstractProblemLoader Environment load took 128.5ns 
76582      INFO  main            d.u.i.k.p.i.AbstractProblemLoader Creating init config 
79586      DEBUG main            d.u.i.k.p.i.AbstractProblemLoader Init config took 3s 
79605      INFO  main            d.u.i.k.p.i.AbstractProblemLoader Replaying proof loop1.key.proof 
79671      DEBUG main            d.u.i.k.p.i.IntermediateProofReplayer Proof replay took 63.42ms 
79673      DEBUG main            d.u.i.k.p.r.p.TestFile    ... success: reloaded. 
79674      INFO  main            d.u.i.k.p.r.p.TestFile    Now processing file /home/runner/work/key/key/key.core/../key.ui/examples/heap/simple/loop2.key 
79675      INFO  main            d.u.i.k.p.i.AbstractProblemLoader Loading environment from /home/runner/work/key/key/key.core/../key.ui/examples/heap/simple/loop2.key 
79675      DEBUG main            d.u.i.k.p.i.AbstractProblemLoader Environment load took 239.8ns 
79677      INFO  main            d.u.i.k.p.i.AbstractProblemLoader Creating init config 
82720      DEBUG main            d.u.i.k.p.i.AbstractProblemLoader Init config took 3.04s 
82743      INFO  main            d.u.i.k.p.i.AbstractProblemLoader Replaying proof loop2.key 
82746      DEBUG main            d.u.i.k.p.i.IntermediateProofReplayer Proof replay took 7.3ns 
83450      INFO  main            d.u.i.k.p.r.p.TestFile    ... finished proof: closed. 
83803      INFO  main            d.u.i.k.p.i.AbstractProblemLoader Loading environment from /home/runner/work/key/key/key.core/../key.ui/examples/heap/simple/loop2.key.proof 
83803      DEBUG main            d.u.i.k.p.i.AbstractProblemLoader Environment load took 462.8ns 
83805      INFO  main            d.u.i.k.p.i.AbstractProblemLoader Creating init config 
86666      DEBUG main            d.u.i.k.p.i.AbstractProblemLoader Init config took 2.86s 
86687      INFO  main            d.u.i.k.p.i.AbstractProblemLoader Replaying proof loop2.key.proof 
86820      DEBUG main            d.u.i.k.p.i.IntermediateProofReplayer Proof replay took 126.62ms 
86822      DEBUG main            d.u.i.k.p.r.p.TestFile    ... success: reloaded. 
86823      INFO  main            d.u.i.k.p.r.p.TestFile    Now processing file /home/runner/work/key/key/key.core/../key.ui/examples/heap/simple/modifies_datagroup.key 
86824      INFO  main            d.u.i.k.p.i.AbstractProblemLoader Loading environment from /home/runner/work/key/key/key.core/../key.ui/examples/heap/simple/modifies_datagroup.key 
86824      DEBUG main            d.u.i.k.p.i.AbstractProblemLoader Environment load took 239.9ns 
86825      INFO  main            d.u.i.k.p.i.AbstractProblemLoader Creating init config 
89636      DEBUG main            d.u.i.k.p.i.AbstractProblemLoader Init config took 2.81s 
89653      INFO  main            d.u.i.k.p.i.AbstractProblemLoader Replaying proof modifies_datagroup.key 
89654      DEBUG main            d.u.i.k.p.i.IntermediateProofReplayer Proof replay took 7.1ns 
89757      INFO  main            d.u.i.k.p.r.p.TestFile    ... finished proof: closed. 
90030      INFO  main            d.u.i.k.p.i.AbstractProblemLoader Loading environment from /home/runner/work/key/key/key.core/../key.ui/examples/heap/simple/modifies_datagroup.key.proof 
90031      DEBUG main            d.u.i.k.p.i.AbstractProblemLoader Environment load took 114ns 
90032      INFO  main            d.u.i.k.p.i.AbstractProblemLoader Creating init config 
92650      DEBUG main            d.u.i.k.p.i.AbstractProblemLoader Init config took 2.62s 
92676      INFO  main            d.u.i.k.p.i.AbstractProblemLoader Replaying proof modifies_datagroup.key.proof 
92685      DEBUG main            d.u.i.k.p.i.IntermediateProofReplayer Proof replay took 7.26ms 
92686      DEBUG main            d.u.i.k.p.r.p.TestFile    ... success: reloaded. 
92687      INFO  main            d.u.i.k.p.r.p.TestFile    Now processing file /home/runner/work/key/key/key.core/../key.ui/examples/heap/simple/modifies.key 
92688      INFO  main            d.u.i.k.p.i.AbstractProblemLoader Loading environment from /home/runner/work/key/key/key.core/../key.ui/examples/heap/simple/modifies.key 
92688      DEBUG main            d.u.i.k.p.i.AbstractProblemLoader Environment load took 367.6ns 
92690      INFO  main            d.u.i.k.p.i.AbstractProblemLoader Creating init config 
95359      DEBUG main            d.u.i.k.p.i.AbstractProblemLoader Init config took 2.67s 
95374      INFO  main            d.u.i.k.p.i.AbstractProblemLoader Replaying proof modifies.key 
95376      DEBUG main            d.u.i.k.p.i.IntermediateProofReplayer Proof replay took 7.1ns 
95478      INFO  main            d.u.i.k.p.r.p.TestFile    ... finished proof: closed. 
95747      INFO  main            d.u.i.k.p.i.AbstractProblemLoader Loading environment from /home/runner/work/key/key/key.core/../key.ui/examples/heap/simple/modifies.key.proof 
95747      DEBUG main            d.u.i.k.p.i.AbstractProblemLoader Environment load took 123ns 
95750      INFO  main            d.u.i.k.p.i.AbstractProblemLoader Creating init config 
98358      DEBUG main            d.u.i.k.p.i.AbstractProblemLoader Init config took 2.61s 
98374      INFO  main            d.u.i.k.p.i.AbstractProblemLoader Replaying proof modifies.key.proof 
98388      DEBUG main            d.u.i.k.p.i.IntermediateProofReplayer Proof replay took 11.96ms 
98389      DEBUG main            d.u.i.k.p.r.p.TestFile    ... success: reloaded. 
98390      INFO  main            d.u.i.k.p.r.p.TestFile    Now processing file /home/runner/work/key/key/key.core/../key.ui/examples/heap/simple/object_creation.key 
98390      INFO  main            d.u.i.k.p.i.AbstractProblemLoader Loading environment from /home/runner/work/key/key/key.core/../key.ui/examples/heap/simple/object_creation.key 
98390      DEBUG main            d.u.i.k.p.i.AbstractProblemLoader Environment load took 102.5ns 
98392      INFO  main            d.u.i.k.p.i.AbstractProblemLoader Creating init config 
101102     DEBUG main            d.u.i.k.p.i.AbstractProblemLoader Init config took 2.71s 
101118     INFO  main            d.u.i.k.p.i.AbstractProblemLoader Replaying proof object_creation.key 
101120     DEBUG main            d.u.i.k.p.i.IntermediateProofReplayer Proof replay took 7.6ns 
101326     INFO  main            d.u.i.k.p.r.p.TestFile    ... finished proof: closed. 
101582     INFO  main            d.u.i.k.p.i.AbstractProblemLoader Loading environment from /home/runner/work/key/key/key.core/../key.ui/examples/heap/simple/object_creation.key.proof 
101582     DEBUG main            d.u.i.k.p.i.AbstractProblemLoader Environment load took 118.1ns 
101584     INFO  main            d.u.i.k.p.i.AbstractProblemLoader Creating init config 
104259     DEBUG main            d.u.i.k.p.i.AbstractProblemLoader Init config took 2.68s 
104277     INFO  main            d.u.i.k.p.i.AbstractProblemLoader Replaying proof object_creation.key.proof 
104345     DEBUG main            d.u.i.k.p.i.IntermediateProofReplayer Proof replay took 64.72ms 
104346     DEBUG main            d.u.i.k.p.r.p.TestFile    ... success: reloaded. 
104347     INFO  main            d.u.i.k.p.r.p.TestFile    Now processing file /home/runner/work/key/key/key.core/../key.ui/examples/heap/simple/operation_contracts.key 
104348     INFO  main            d.u.i.k.p.i.AbstractProblemLoader Loading environment from /home/runner/work/key/key/key.core/../key.ui/examples/heap/simple/operation_contracts.key 
104348     DEBUG main            d.u.i.k.p.i.AbstractProblemLoader Environment load took 239.5ns 
104351     INFO  main            d.u.i.k.p.i.AbstractProblemLoader Creating init config 
107415     DEBUG main            d.u.i.k.p.i.AbstractProblemLoader Init config took 3.06s 
107434     INFO  main            d.u.i.k.p.i.AbstractProblemLoader Replaying proof operation_contracts.key 
107436     DEBUG main            d.u.i.k.p.i.IntermediateProofReplayer Proof replay took 8.3ns 
108474     INFO  main            d.u.i.k.p.r.p.TestFile    ... finished proof: closed. 
108751     INFO  main            d.u.i.k.p.i.AbstractProblemLoader Loading environment from /home/runner/work/key/key/key.core/../key.ui/examples/heap/simple/operation_contracts.key.proof 
108757     DEBUG main            d.u.i.k.p.i.AbstractProblemLoader Environment load took 5.85ms 
108759     INFO  main            d.u.i.k.p.i.AbstractProblemLoader Creating init config 
111723     DEBUG main            d.u.i.k.p.i.AbstractProblemLoader Init config took 2.96s 
111741     INFO  main            d.u.i.k.p.i.AbstractProblemLoader Replaying proof operation_contracts.key.proof 
111939     DEBUG main            d.u.i.k.p.i.IntermediateProofReplayer Proof replay took 189.67ms 
111941     DEBUG main            d.u.i.k.p.r.p.TestFile    ... success: reloaded. 
111943     INFO  main            d.u.i.k.p.r.p.TestFile    Now processing file /home/runner/work/key/key/key.core/../key.ui/examples/heap/simple/select_store.key 
111943     INFO  main            d.u.i.k.p.i.AbstractProblemLoader Loading environment from /home/runner/work/key/key/key.core/../key.ui/examples/heap/simple/select_store.key 
111943     DEBUG main            d.u.i.k.p.i.AbstractProblemLoader Environment load took 224.9ns 
111945     INFO  main            d.u.i.k.p.i.AbstractProblemLoader Creating init config 
114745     DEBUG main            d.u.i.k.p.i.AbstractProblemLoader Init config took 2.8s 
114763     INFO  main            d.u.i.k.p.i.AbstractProblemLoader Replaying proof select_store.key 
114767     DEBUG main            d.u.i.k.p.i.IntermediateProofReplayer Proof replay took 8.3ns 
114870     INFO  main            d.u.i.k.p.r.p.TestFile    ... finished proof: closed. 
115163     INFO  main            d.u.i.k.p.i.AbstractProblemLoader Loading environment from /home/runner/work/key/key/key.core/../key.ui/examples/heap/simple/select_store.key.proof 
115163     DEBUG main            d.u.i.k.p.i.AbstractProblemLoader Environment load took 153.9ns 
115165     INFO  main            d.u.i.k.p.i.AbstractProblemLoader Creating init config 
117746     DEBUG main            d.u.i.k.p.i.AbstractProblemLoader Init config took 2.58s 
117761     INFO  main            d.u.i.k.p.i.AbstractProblemLoader Replaying proof select_store.key.proof 
117766     DEBUG main            d.u.i.k.p.i.IntermediateProofReplayer Proof replay took 2.71ms 
117767     DEBUG main            d.u.i.k.p.r.p.TestFile    ... success: reloaded. 
117767     INFO  main            d.u.i.k.p.r.p.TestFile    Now processing file /home/runner/work/key/key/key.core/../key.ui/examples/heap/simple/selection_sort.key 
117768     INFO  main            d.u.i.k.p.i.AbstractProblemLoader Loading environment from /home/runner/work/key/key/key.core/../key.ui/examples/heap/simple/selection_sort.key 
117768     DEBUG main            d.u.i.k.p.i.AbstractProblemLoader Environment load took 93.3ns 
117769     INFO  main            d.u.i.k.p.i.AbstractProblemLoader Creating init config 
120784     DEBUG main            d.u.i.k.p.i.AbstractProblemLoader Init config took 3.01s 
120800     INFO  main            d.u.i.k.p.i.AbstractProblemLoader Replaying proof selection_sort.key 
120803     DEBUG main            d.u.i.k.p.i.IntermediateProofReplayer Proof replay took 7.7ns 
125053     INFO  main            d.u.i.k.p.r.p.TestFile    ... finished proof: closed. 
125385     INFO  main            d.u.i.k.p.i.AbstractProblemLoader Loading environment from /home/runner/work/key/key/key.core/../key.ui/examples/heap/simple/selection_sort.key.proof 
125385     DEBUG main            d.u.i.k.p.i.AbstractProblemLoader Environment load took 443.8ns 
125387     INFO  main            d.u.i.k.p.i.AbstractProblemLoader Creating init config 
128227     DEBUG main            d.u.i.k.p.i.AbstractProblemLoader Init config took 2.84s 
128244     INFO  main            d.u.i.k.p.i.AbstractProblemLoader Replaying proof selection_sort.key.proof 
128820     DEBUG main            d.u.i.k.p.i.IntermediateProofReplayer Proof replay took 547.67ms 
128826     DEBUG main            d.u.i.k.p.r.p.TestFile    ... success: reloaded. 
128827     INFO  main            d.u.i.k.p.r.p.TestFile    Now processing file /home/runner/work/key/key/key.core/../key.ui/examples/heap/simple/seq.key 
128827     INFO  main            d.u.i.k.p.i.AbstractProblemLoader Loading environment from /home/runner/work/key/key/key.core/../key.ui/examples/heap/simple/seq.key 
128828     DEBUG main            d.u.i.k.p.i.AbstractProblemLoader Environment load took 245.8ns 
128833     INFO  main            d.u.i.k.p.i.AbstractProblemLoader Creating init config 
131480     DEBUG main            d.u.i.k.p.i.AbstractProblemLoader Init config took 2.65s 
131496     INFO  main            d.u.i.k.p.i.AbstractProblemLoader Replaying proof seq.key 
131498     DEBUG main            d.u.i.k.p.i.IntermediateProofReplayer Proof replay took 7.1ns 
132004     INFO  main            d.u.i.k.p.r.p.TestFile    ... finished proof: closed. 
132337     INFO  main            d.u.i.k.p.i.AbstractProblemLoader Loading environment from /home/runner/work/key/key/key.core/../key.ui/examples/heap/simple/seq.key.proof 
132337     DEBUG main            d.u.i.k.p.i.AbstractProblemLoader Environment load took 458.7ns 
132339     INFO  main            d.u.i.k.p.i.AbstractProblemLoader Creating init config 
134942     DEBUG main            d.u.i.k.p.i.AbstractProblemLoader Init config took 2.6s 
134963     INFO  main            d.u.i.k.p.i.AbstractProblemLoader Replaying proof seq.key.proof 
135012     DEBUG main            d.u.i.k.p.i.IntermediateProofReplayer Proof replay took 43.22ms 
135013     DEBUG main            d.u.i.k.p.r.p.TestFile    ... success: reloaded. 
135014     INFO  main            d.u.i.k.p.r.p.TestFile    Now processing file /home/runner/work/key/key/key.core/../key.ui/examples/heap/simple/oldForParams.key 
135014     INFO  main            d.u.i.k.p.i.AbstractProblemLoader Loading environment from /home/runner/work/key/key/key.core/../key.ui/examples/heap/simple/oldForParams.key 
135015     DEBUG main            d.u.i.k.p.i.AbstractProblemLoader Environment load took 243.6ns 
135016     INFO  main            d.u.i.k.p.i.AbstractProblemLoader Creating init config 
138028     DEBUG main            d.u.i.k.p.i.AbstractProblemLoader Init config took 3.01s 
138115     INFO  main            d.u.i.k.p.i.AbstractProblemLoader Replaying proof OldForParameters[OldForParameters::method(int)].JML operation contract.0 
138120     DEBUG main            d.u.i.k.p.i.IntermediateProofReplayer Proof replay took 7.1ns 
138323     INFO  main            d.u.i.k.p.r.p.TestFile    ... finished proof: closed. 
138642     INFO  main            d.u.i.k.p.i.AbstractProblemLoader Loading environment from /home/runner/work/key/key/key.core/../key.ui/examples/heap/simple/oldForParams.key.proof 
138642     DEBUG main            d.u.i.k.p.i.AbstractProblemLoader Environment load took 122.4ns 
138644     INFO  main            d.u.i.k.p.i.AbstractProblemLoader Creating init config 
141562     DEBUG main            d.u.i.k.p.i.AbstractProblemLoader Init config took 2.92s 
141612     INFO  main            d.u.i.k.p.i.AbstractProblemLoader Replaying proof OldForParameters[OldForParameters::method(int)].JML operation contract.0 
141660     DEBUG main            d.u.i.k.p.i.IntermediateProofReplayer Proof replay took 45.19ms 
141661     DEBUG main            d.u.i.k.p.r.p.TestFile    ... success: reloaded. 
141662     INFO  main            d.u.i.k.p.r.p.TestFile    Now processing file /home/runner/work/key/key/key.core/../key.ui/examples/heap/simple/parse_lmtd.key 
141662     INFO  main            d.u.i.k.p.i.AbstractProblemLoader Loading environment from /home/runner/work/key/key/key.core/../key.ui/examples/heap/simple/parse_lmtd.key 
141662     DEBUG main            d.u.i.k.p.i.AbstractProblemLoader Environment load took 120.2ns 
141663     INFO  main            d.u.i.k.p.i.AbstractProblemLoader Creating init config 
144626     DEBUG main            d.u.i.k.p.i.AbstractProblemLoader Init config took 2.96s 
144675     INFO  main            d.u.i.k.p.i.AbstractProblemLoader Replaying proof ParseLmtd[ParseLmtd::simple(int)].JML normal_behavior operation contract.0 
144676     DEBUG main            d.u.i.k.p.i.IntermediateProofReplayer Proof replay took 7.8ns 
144881     INFO  main            d.u.i.k.p.r.p.TestFile    ... finished proof: closed. 
145196     INFO  main            d.u.i.k.p.i.AbstractProblemLoader Loading environment from /home/runner/work/key/key/key.core/../key.ui/examples/heap/simple/parse_lmtd.key.proof 
145200     DEBUG main            d.u.i.k.p.i.AbstractProblemLoader Environment load took 3.91ms 
145201     INFO  main            d.u.i.k.p.i.AbstractProblemLoader Creating init config 
148006     DEBUG main            d.u.i.k.p.i.AbstractProblemLoader Init config took 2.81s 
148075     INFO  main            d.u.i.k.p.i.AbstractProblemLoader Replaying proof ParseLmtd[ParseLmtd::simple(int)].JML normal_behavior operation contract.0 
148103     DEBUG main            d.u.i.k.p.i.IntermediateProofReplayer Proof replay took 24.31ms 
148105     DEBUG main            d.u.i.k.p.r.p.TestFile    ... success: reloaded. 
148108     INFO  main            d.u.i.k.p.r.p.TestFile    Now processing file /home/runner/work/key/key/key.core/../key.ui/examples/heap/strictly_pure/strictlyPureMethod.key 
148108     INFO  main            d.u.i.k.p.i.AbstractProblemLoader Loading environment from /home/runner/work/key/key/key.core/../key.ui/examples/heap/strictly_pure/strictlyPureMethod.key 
148108     DEBUG main            d.u.i.k.p.i.AbstractProblemLoader Environment load took 235.6ns 
148109     INFO  main            d.u.i.k.p.i.AbstractProblemLoader Creating init config 
150864     DEBUG main            d.u.i.k.p.i.AbstractProblemLoader Init config took 2.75s 
150909     INFO  main            d.u.i.k.p.i.AbstractProblemLoader Replaying proof StrictlyPure[StrictlyPure::strictlyPureMethod()].JML operation contract.0 
150911     DEBUG main            d.u.i.k.p.i.IntermediateProofReplayer Proof replay took 7ns 
151117     INFO  main            d.u.i.k.p.r.p.TestFile    ... finished proof: closed. 
151450     INFO  main            d.u.i.k.p.i.AbstractProblemLoader Loading environment from /home/runner/work/key/key/key.core/../key.ui/examples/heap/strictly_pure/strictlyPureMethod.key.proof 
151450     DEBUG main            d.u.i.k.p.i.AbstractProblemLoader Environment load took 114.8ns 
151451     INFO  main            d.u.i.k.p.i.AbstractProblemLoader Creating init config 
154133     DEBUG main            d.u.i.k.p.i.AbstractProblemLoader Init config took 2.68s 
154175     INFO  main            d.u.i.k.p.i.AbstractProblemLoader Replaying proof StrictlyPure[StrictlyPure::strictlyPureMethod()].JML operation contract.0 
154216     DEBUG main            d.u.i.k.p.i.IntermediateProofReplayer Proof replay took 38.47ms 
154217     DEBUG main            d.u.i.k.p.r.p.TestFile    ... success: reloaded. 
154218     INFO  main            d.u.i.k.p.r.p.TestFile    Now processing file /home/runner/work/key/key/key.core/../key.ui/examples/heap/strictly_pure/useStrictlyPureMethod.key 
154219     INFO  main            d.u.i.k.p.i.AbstractProblemLoader Loading environment from /home/runner/work/key/key/key.core/../key.ui/examples/heap/strictly_pure/useStrictlyPureMethod.key 
154219     DEBUG main            d.u.i.k.p.i.AbstractProblemLoader Environment load took 116.6ns 
154220     INFO  main            d.u.i.k.p.i.AbstractProblemLoader Creating init config 
156977     DEBUG main            d.u.i.k.p.i.AbstractProblemLoader Init config took 2.76s 
157022     INFO  main            d.u.i.k.p.i.AbstractProblemLoader Replaying proof StrictlyPure[StrictlyPure::useStrictlyPureMethod(StrictlyPureClass)].JML operation contract.0 
157024     DEBUG main            d.u.i.k.p.i.IntermediateProofReplayer Proof replay took 6.9ns 
157327     INFO  main            d.u.i.k.p.r.p.TestFile    ... finished proof: closed. 
157640     INFO  main            d.u.i.k.p.i.AbstractProblemLoader Loading environment from /home/runner/work/key/key/key.core/../key.ui/examples/heap/strictly_pure/useStrictlyPureMethod.key.proof 
157641     DEBUG main            d.u.i.k.p.i.AbstractProblemLoader Environment load took 662.6ns 
157642     INFO  main            d.u.i.k.p.i.AbstractProblemLoader Creating init config 
160305     DEBUG main            d.u.i.k.p.i.AbstractProblemLoader Init config took 2.66s 
160348     INFO  main            d.u.i.k.p.i.AbstractProblemLoader Replaying proof StrictlyPure[StrictlyPure::useStrictlyPureMethod(StrictlyPureClass)].JML operation contract.0 
160409     DEBUG main            d.u.i.k.p.i.IntermediateProofReplayer Proof replay took 56.74ms 
160410     DEBUG main            d.u.i.k.p.r.p.TestFile    ... success: reloaded. 
160411     INFO  main            d.u.i.k.p.r.p.TestFile    Now processing file /home/runner/work/key/key/key.core/../key.ui/examples/heap/Wellfounded/ackermann.key 
160411     INFO  main            d.u.i.k.p.i.AbstractProblemLoader Loading environment from /home/runner/work/key/key/key.core/../key.ui/examples/heap/Wellfounded/ackermann.key 
160411     DEBUG main            d.u.i.k.p.i.AbstractProblemLoader Environment load took 119.8ns 
160412     INFO  main            d.u.i.k.p.i.AbstractProblemLoader Creating init config 
163236     DEBUG main            d.u.i.k.p.i.AbstractProblemLoader Init config took 2.82s 
163281     INFO  main            d.u.i.k.p.i.AbstractProblemLoader Replaying proof Ackermann[Ackermann::a(int,int)].JML normal_behavior operation contract.0 
163284     DEBUG main            d.u.i.k.p.i.IntermediateProofReplayer Proof replay took 7.5ns 
163587     INFO  main            d.u.i.k.p.r.p.TestFile    ... finished proof: closed. 
163954     INFO  main            d.u.i.k.p.i.AbstractProblemLoader Loading environment from /home/runner/work/key/key/key.core/../key.ui/examples/heap/Wellfounded/ackermann.key.proof 
163954     DEBUG main            d.u.i.k.p.i.AbstractProblemLoader Environment load took 108.4ns 
163955     INFO  main            d.u.i.k.p.i.AbstractProblemLoader Creating init config 
166761     DEBUG main            d.u.i.k.p.i.AbstractProblemLoader Init config took 2.81s 
166802     INFO  main            d.u.i.k.p.i.AbstractProblemLoader Replaying proof Ackermann[Ackermann::a(int,int)].JML normal_behavior operation contract.0 
166874     DEBUG main            d.u.i.k.p.i.IntermediateProofReplayer Proof replay took 65.78ms 
166875     DEBUG main            d.u.i.k.p.r.p.TestFile    ... success: reloaded. 
166877     INFO  main            d.u.i.k.p.r.p.TestFile    Now processing file /home/runner/work/key/key/key.core/../key.ui/examples/standard_key/unicode_test.key 
166877     INFO  main            d.u.i.k.p.i.AbstractProblemLoader Loading environment from /home/runner/work/key/key/key.core/../key.ui/examples/standard_key/unicode_test.key 
166877     DEBUG main            d.u.i.k.p.i.AbstractProblemLoader Environment load took 226.3ns 
166879     INFO  main            d.u.i.k.p.i.AbstractProblemLoader Creating init config 
169583     DEBUG main            d.u.i.k.p.i.AbstractProblemLoader Init config took 2.7s 
169600     INFO  main            d.u.i.k.p.i.AbstractProblemLoader Replaying proof unicode_test.key 
169602     DEBUG main            d.u.i.k.p.i.IntermediateProofReplayer Proof replay took 7.1ns 
169704     INFO  main            d.u.i.k.p.r.p.TestFile    ... finished proof: closed. 
170013     INFO  main            d.u.i.k.p.i.AbstractProblemLoader Loading environment from /home/runner/work/key/key/key.core/../key.ui/examples/standard_key/unicode_test.key.proof 
170013     DEBUG main            d.u.i.k.p.i.AbstractProblemLoader Environment load took 126ns 
170014     INFO  main            d.u.i.k.p.i.AbstractProblemLoader Creating init config 
172699     DEBUG main            d.u.i.k.p.i.AbstractProblemLoader Init config took 2.68s 
172713     INFO  main            d.u.i.k.p.i.AbstractProblemLoader Replaying proof unicode_test.key.proof 
172715     DEBUG main            d.u.i.k.p.i.IntermediateProofReplayer Proof replay took 719.7ns 
172716     DEBUG main            d.u.i.k.p.r.p.TestFile    ... success: reloaded. 
172717     INFO  main            d.u.i.k.p.r.p.TestFile    Now processing file /home/runner/work/key/key/key.core/../key.ui/examples/heap/strictlyModular/mayExpand.key 
172717     INFO  main            d.u.i.k.p.i.AbstractProblemLoader Loading environment from /home/runner/work/key/key/key.core/../key.ui/examples/heap/strictlyModular/mayExpand.key 
172717     DEBUG main            d.u.i.k.p.i.AbstractProblemLoader Environment load took 128ns 
172718     INFO  main            d.u.i.k.p.i.AbstractProblemLoader Creating init config 
175495     DEBUG main            d.u.i.k.p.i.AbstractProblemLoader Init config took 2.78s 
175536     INFO  main            d.u.i.k.p.i.AbstractProblemLoader Replaying proof Modular[Modular::m()].JML operation contract.0 
175537     DEBUG main            d.u.i.k.p.i.IntermediateProofReplayer Proof replay took 7.1ns 
175642     INFO  main            d.u.i.k.p.r.p.TestFile    ... finished proof: closed. 
175960     INFO  main            d.u.i.k.p.i.AbstractProblemLoader Loading environment from /home/runner/work/key/key/key.core/../key.ui/examples/heap/strictlyModular/mayExpand.key.proof 
175960     DEBUG main            d.u.i.k.p.i.AbstractProblemLoader Environment load took 107.7ns 
175961     INFO  main            d.u.i.k.p.i.AbstractProblemLoader Creating init config 
178604     DEBUG main            d.u.i.k.p.i.AbstractProblemLoader Init config took 2.64s 
178646     INFO  main            d.u.i.k.p.i.AbstractProblemLoader Replaying proof Modular[Modular::m()].JML operation contract.0 
178666     DEBUG main            d.u.i.k.p.i.IntermediateProofReplayer Proof replay took 17.31ms 
178667     DEBUG main            d.u.i.k.p.r.p.TestFile    ... success: reloaded. 
178669     INFO  main            d.u.i.k.p.r.p.TestFile    Now processing file /home/runner/work/key/key/key.core/../key.ui/examples/heap/strictlyModular/modularOnly.key 
178669     INFO  main            d.u.i.k.p.i.AbstractProblemLoader Loading environment from /home/runner/work/key/key/key.core/../key.ui/examples/heap/strictlyModular/modularOnly.key 
178669     DEBUG main            d.u.i.k.p.i.AbstractProblemLoader Environment load took 255.2ns 
178670     INFO  main            d.u.i.k.p.i.AbstractProblemLoader Creating init config 
181340     DEBUG main            d.u.i.k.p.i.AbstractProblemLoader Init config took 2.67s 
181399     INFO  main            d.u.i.k.p.i.AbstractProblemLoader Replaying proof Modular[Modular::m()].JML operation contract.0 
181400     DEBUG main            d.u.i.k.p.i.IntermediateProofReplayer Proof replay took 6.8ns 
181503     INFO  main            d.u.i.k.p.r.p.TestFile    ... finished proof: open goal(s) 
2208531    INFO  Test worker     d.u.i.k.p.r.RunAllProofsTestUnit Returning from test simpleTests 
2208533    INFO  Test worker     d.u.i.k.p.r.RunAllProofsTestUnit Running test SmansEtAl 
442        INFO  Timeout watchdog d.u.i.k.p.r.p.ForkedTestFileRunner Timeout watcher launched (2000 secs.) 
467        WARN  main            d.u.i.k.s.ProofSettings   The settings in /home/runner/.key/proof-settings.props are *not* read. 
504        INFO  main            d.u.i.k.p.r.p.TestFile    Now processing file /home/runner/work/key/key/key.core/../key.ui/examples/heap/SmansEtAl/ArrayList_add.key 
661        INFO  main            d.u.i.k.p.i.AbstractProblemLoader Loading environment from /home/runner/work/key/key/key.core/../key.ui/examples/heap/SmansEtAl/ArrayList_add.key 
682        DEBUG main            d.u.i.k.p.i.AbstractProblemLoader Environment load took 2.36ms 
961        INFO  main            d.u.i.k.p.i.AbstractProblemLoader Creating init config 
2239       DEBUG main            d.u.i.k.j.TypeConverter   No LDT found for Meta 
2240       DEBUG main            d.u.i.k.j.TypeConverter   No LDT found for Meta 
2242       DEBUG main            d.u.i.k.j.TypeConverter   No LDT found for Meta 
2242       DEBUG main            d.u.i.k.j.TypeConverter   No LDT found for Meta 
4133       DEBUG main            d.u.i.k.j.TypeConverter   No LDT found for JavaBigintExpression 
10849      DEBUG main            d.u.i.k.p.i.AbstractProblemLoader Init config took 9.89s 
11074      INFO  main            d.u.i.k.p.i.AbstractProblemLoader Replaying proof ArrayList[ArrayList::add(java.lang.Object)].JML normal_behavior operation contract.0 
11174      DEBUG main            d.u.i.k.p.i.IntermediateProofReplayer Proof replay took 39.1ns 
20183      INFO  main            d.u.i.k.p.r.p.TestFile    ... finished proof: closed. 
20408      INFO  main            d.u.i.k.p.i.AbstractProblemLoader Loading environment from /home/runner/work/key/key/key.core/../key.ui/examples/heap/SmansEtAl/ArrayList_add.key.proof 
20408      DEBUG main            d.u.i.k.p.i.AbstractProblemLoader Environment load took 357.6ns 
20417      INFO  main            d.u.i.k.p.i.AbstractProblemLoader Creating init config 
24187      DEBUG main            d.u.i.k.p.i.AbstractProblemLoader Init config took 3.77s 
24287      INFO  main            d.u.i.k.p.i.AbstractProblemLoader Replaying proof ArrayList[ArrayList::add(java.lang.Object)].JML normal_behavior operation contract.0 
25302      DEBUG main            d.u.i.k.p.i.IntermediateProofReplayer Proof replay took 971.95ms 
25316      DEBUG main            d.u.i.k.p.r.p.TestFile    ... success: reloaded. 
25318      INFO  main            d.u.i.k.p.r.p.TestFile    Now processing file /home/runner/work/key/key/key.core/../key.ui/examples/heap/SmansEtAl/ArrayList_ArrayList.key 
25319      INFO  main            d.u.i.k.p.i.AbstractProblemLoader Loading environment from /home/runner/work/key/key/key.core/../key.ui/examples/heap/SmansEtAl/ArrayList_ArrayList.key 
25319      DEBUG main            d.u.i.k.p.i.AbstractProblemLoader Environment load took 297.1ns 
25321      INFO  main            d.u.i.k.p.i.AbstractProblemLoader Creating init config 
28660      DEBUG main            d.u.i.k.p.i.AbstractProblemLoader Init config took 3.34s 
28727      INFO  main            d.u.i.k.p.i.AbstractProblemLoader Replaying proof ArrayList[ArrayList::ArrayList()].JML normal_behavior operation contract.0 
28730      DEBUG main            d.u.i.k.p.i.IntermediateProofReplayer Proof replay took 5.9ns 
29937      INFO  main            d.u.i.k.p.r.p.TestFile    ... finished proof: closed. 
30133      INFO  main            d.u.i.k.p.i.AbstractProblemLoader Loading environment from /home/runner/work/key/key/key.core/../key.ui/examples/heap/SmansEtAl/ArrayList_ArrayList.key.proof 
30133      DEBUG main            d.u.i.k.p.i.AbstractProblemLoader Environment load took 162.5ns 
30137      INFO  main            d.u.i.k.p.i.AbstractProblemLoader Creating init config 
33477      DEBUG main            d.u.i.k.p.i.AbstractProblemLoader Init config took 3.34s 
33551      INFO  main            d.u.i.k.p.i.AbstractProblemLoader Replaying proof ArrayList[ArrayList::ArrayList()].JML normal_behavior operation contract.0 
33754      DEBUG main            d.u.i.k.p.i.IntermediateProofReplayer Proof replay took 188.01ms 
33756      DEBUG main            d.u.i.k.p.r.p.TestFile    ... success: reloaded. 
33759      INFO  main            d.u.i.k.p.r.p.TestFile    Now processing file /home/runner/work/key/key/key.core/../key.ui/examples/heap/SmansEtAl/ArrayList_footprint.key 
33759      INFO  main            d.u.i.k.p.i.AbstractProblemLoader Loading environment from /home/runner/work/key/key/key.core/../key.ui/examples/heap/SmansEtAl/ArrayList_footprint.key 
33760      DEBUG main            d.u.i.k.p.i.AbstractProblemLoader Environment load took 251.4ns 
33763      INFO  main            d.u.i.k.p.i.AbstractProblemLoader Creating init config 
37108      DEBUG main            d.u.i.k.p.i.AbstractProblemLoader Init config took 3.34s 
37165      INFO  main            d.u.i.k.p.i.AbstractProblemLoader Replaying proof ArrayList[ArrayList::$footprint()].JML accessible clause.0 
37167      DEBUG main            d.u.i.k.p.i.IntermediateProofReplayer Proof replay took 4.9ns 
37270      INFO  main            d.u.i.k.p.r.p.TestFile    ... finished proof: closed. 
37452      INFO  main            d.u.i.k.p.i.AbstractProblemLoader Loading environment from /home/runner/work/key/key/key.core/../key.ui/examples/heap/SmansEtAl/ArrayList_footprint.key.proof 
37452      DEBUG main            d.u.i.k.p.i.AbstractProblemLoader Environment load took 132.2ns 
37453      INFO  main            d.u.i.k.p.i.AbstractProblemLoader Creating init config 
40662      DEBUG main            d.u.i.k.p.i.AbstractProblemLoader Init config took 3.21s 
40720      INFO  main            d.u.i.k.p.i.AbstractProblemLoader Replaying proof ArrayList[ArrayList::$footprint()].JML accessible clause.0 
40757      DEBUG main            d.u.i.k.p.i.IntermediateProofReplayer Proof replay took 33.55ms 
40759      DEBUG main            d.u.i.k.p.r.p.TestFile    ... success: reloaded. 
40761      INFO  main            d.u.i.k.p.r.p.TestFile    Now processing file /home/runner/work/key/key/key.core/../key.ui/examples/heap/SmansEtAl/ArrayList_get_dep.key 
40762      INFO  main            d.u.i.k.p.i.AbstractProblemLoader Loading environment from /home/runner/work/key/key/key.core/../key.ui/examples/heap/SmansEtAl/ArrayList_get_dep.key 
40763      DEBUG main            d.u.i.k.p.i.AbstractProblemLoader Environment load took 542ns 
40764      INFO  main            d.u.i.k.p.i.AbstractProblemLoader Creating init config 
44105      DEBUG main            d.u.i.k.p.i.AbstractProblemLoader Init config took 3.34s 
44157      INFO  main            d.u.i.k.p.i.AbstractProblemLoader Replaying proof ArrayList[ArrayList::get(int)].JML accessible clause.0 
44159      DEBUG main            d.u.i.k.p.i.IntermediateProofReplayer Proof replay took 5.4ns 
44465      INFO  main            d.u.i.k.p.r.p.TestFile    ... finished proof: closed. 
44669      INFO  main            d.u.i.k.p.i.AbstractProblemLoader Loading environment from /home/runner/work/key/key/key.core/../key.ui/examples/heap/SmansEtAl/ArrayList_get_dep.key.proof 
44671      DEBUG main            d.u.i.k.p.i.AbstractProblemLoader Environment load took 2.17ms 
44673      INFO  main            d.u.i.k.p.i.AbstractProblemLoader Creating init config 
47836      DEBUG main            d.u.i.k.p.i.AbstractProblemLoader Init config took 3.16s 
47887      INFO  main            d.u.i.k.p.i.AbstractProblemLoader Replaying proof ArrayList[ArrayList::get(int)].JML accessible clause.0 
47947      DEBUG main            d.u.i.k.p.i.IntermediateProofReplayer Proof replay took 56.53ms 
47949      DEBUG main            d.u.i.k.p.r.p.TestFile    ... success: reloaded. 
47951      INFO  main            d.u.i.k.p.r.p.TestFile    Now processing file /home/runner/work/key/key/key.core/../key.ui/examples/heap/SmansEtAl/ArrayList_get.key 
47951      INFO  main            d.u.i.k.p.i.AbstractProblemLoader Loading environment from /home/runner/work/key/key/key.core/../key.ui/examples/heap/SmansEtAl/ArrayList_get.key 
47951      DEBUG main            d.u.i.k.p.i.AbstractProblemLoader Environment load took 249.8ns 
47954      INFO  main            d.u.i.k.p.i.AbstractProblemLoader Creating init config 
51151      DEBUG main            d.u.i.k.p.i.AbstractProblemLoader Init config took 3.2s 
51217      INFO  main            d.u.i.k.p.i.AbstractProblemLoader Replaying proof ArrayList[ArrayList::get(int)].JML normal_behavior operation contract.0 
51221      DEBUG main            d.u.i.k.p.i.IntermediateProofReplayer Proof replay took 6.5ns 
51432      INFO  main            d.u.i.k.p.r.p.TestFile    ... finished proof: closed. 
51629      INFO  main            d.u.i.k.p.i.AbstractProblemLoader Loading environment from /home/runner/work/key/key/key.core/../key.ui/examples/heap/SmansEtAl/ArrayList_get.key.proof 
51629      DEBUG main            d.u.i.k.p.i.AbstractProblemLoader Environment load took 143.5ns 
51630      INFO  main            d.u.i.k.p.i.AbstractProblemLoader Creating init config 
54682      DEBUG main            d.u.i.k.p.i.AbstractProblemLoader Init config took 3.05s 
54734      INFO  main            d.u.i.k.p.i.AbstractProblemLoader Replaying proof ArrayList[ArrayList::get(int)].JML normal_behavior operation contract.0 
54768      DEBUG main            d.u.i.k.p.i.IntermediateProofReplayer Proof replay took 31.36ms 
54769      DEBUG main            d.u.i.k.p.r.p.TestFile    ... success: reloaded. 
54771      INFO  main            d.u.i.k.p.r.p.TestFile    Now processing file /home/runner/work/key/key/key.core/../key.ui/examples/heap/SmansEtAl/ArrayList_inv.key 
54771      INFO  main            d.u.i.k.p.i.AbstractProblemLoader Loading environment from /home/runner/work/key/key/key.core/../key.ui/examples/heap/SmansEtAl/ArrayList_inv.key 
54771      DEBUG main            d.u.i.k.p.i.AbstractProblemLoader Environment load took 127.2ns 
54772      INFO  main            d.u.i.k.p.i.AbstractProblemLoader Creating init config 
58023      DEBUG main            d.u.i.k.p.i.AbstractProblemLoader Init config took 3.25s 
58084      INFO  main            d.u.i.k.p.i.AbstractProblemLoader Replaying proof ArrayList[java.lang.Object::<inv>()].JML accessible clause.0 
58086      DEBUG main            d.u.i.k.p.i.IntermediateProofReplayer Proof replay took 5.7ns 
58188      INFO  main            d.u.i.k.p.r.p.TestFile    ... finished proof: closed. 
58395      INFO  main            d.u.i.k.p.i.AbstractProblemLoader Loading environment from /home/runner/work/key/key/key.core/../key.ui/examples/heap/SmansEtAl/ArrayList_inv.key.proof 
58396      DEBUG main            d.u.i.k.p.i.AbstractProblemLoader Environment load took 132.9ns 
58397      INFO  main            d.u.i.k.p.i.AbstractProblemLoader Creating init config 
61549      DEBUG main            d.u.i.k.p.i.AbstractProblemLoader Init config took 3.15s 
61598      INFO  main            d.u.i.k.p.i.AbstractProblemLoader Replaying proof ArrayList[java.lang.Object::<inv>()].JML accessible clause.0 
61612      DEBUG main            d.u.i.k.p.i.IntermediateProofReplayer Proof replay took 10.94ms 
61613      DEBUG main            d.u.i.k.p.r.p.TestFile    ... success: reloaded. 
61614      INFO  main            d.u.i.k.p.r.p.TestFile    Now processing file /home/runner/work/key/key/key.core/../key.ui/examples/heap/SmansEtAl/ArrayList_size_dep.key 
61614      INFO  main            d.u.i.k.p.i.AbstractProblemLoader Loading environment from /home/runner/work/key/key/key.core/../key.ui/examples/heap/SmansEtAl/ArrayList_size_dep.key 
61615      DEBUG main            d.u.i.k.p.i.AbstractProblemLoader Environment load took 149.8ns 
61616      INFO  main            d.u.i.k.p.i.AbstractProblemLoader Creating init config 
64777      DEBUG main            d.u.i.k.p.i.AbstractProblemLoader Init config took 3.16s 
64827      INFO  main            d.u.i.k.p.i.AbstractProblemLoader Replaying proof ArrayList[ArrayList::size()].JML accessible clause.0 
64829      DEBUG main            d.u.i.k.p.i.IntermediateProofReplayer Proof replay took 6.2ns 
64932      INFO  main            d.u.i.k.p.r.p.TestFile    ... finished proof: closed. 
65132      INFO  main            d.u.i.k.p.i.AbstractProblemLoader Loading environment from /home/runner/work/key/key/key.core/../key.ui/examples/heap/SmansEtAl/ArrayList_size_dep.key.proof 
65132      DEBUG main            d.u.i.k.p.i.AbstractProblemLoader Environment load took 129.2ns 
65133      INFO  main            d.u.i.k.p.i.AbstractProblemLoader Creating init config 
68250      DEBUG main            d.u.i.k.p.i.AbstractProblemLoader Init config took 3.12s 
68296      INFO  main            d.u.i.k.p.i.AbstractProblemLoader Replaying proof ArrayList[ArrayList::size()].JML accessible clause.0 
68316      DEBUG main            d.u.i.k.p.i.IntermediateProofReplayer Proof replay took 16.83ms 
68317      DEBUG main            d.u.i.k.p.r.p.TestFile    ... success: reloaded. 
68318      INFO  main            d.u.i.k.p.r.p.TestFile    Now processing file /home/runner/work/key/key/key.core/../key.ui/examples/heap/SmansEtAl/ArrayList_size.key 
68318      INFO  main            d.u.i.k.p.i.AbstractProblemLoader Loading environment from /home/runner/work/key/key/key.core/../key.ui/examples/heap/SmansEtAl/ArrayList_size.key 
68318      DEBUG main            d.u.i.k.p.i.AbstractProblemLoader Environment load took 145.1ns 
68320      INFO  main            d.u.i.k.p.i.AbstractProblemLoader Creating init config 
71482      DEBUG main            d.u.i.k.p.i.AbstractProblemLoader Init config took 3.16s 
71539      INFO  main            d.u.i.k.p.i.AbstractProblemLoader Replaying proof ArrayList[ArrayList::size()].JML normal_behavior operation contract.0 
71541      DEBUG main            d.u.i.k.p.i.IntermediateProofReplayer Proof replay took 6.7ns 
71646      INFO  main            d.u.i.k.p.r.p.TestFile    ... finished proof: closed. 
71857      INFO  main            d.u.i.k.p.i.AbstractProblemLoader Loading environment from /home/runner/work/key/key/key.core/../key.ui/examples/heap/SmansEtAl/ArrayList_size.key.proof 
71857      DEBUG main            d.u.i.k.p.i.AbstractProblemLoader Environment load took 150ns 
71858      INFO  main            d.u.i.k.p.i.AbstractProblemLoader Creating init config 
75044      DEBUG main            d.u.i.k.p.i.AbstractProblemLoader Init config took 3.19s 
75104      INFO  main            d.u.i.k.p.i.AbstractProblemLoader Replaying proof ArrayList[ArrayList::size()].JML normal_behavior operation contract.0 
75122      DEBUG main            d.u.i.k.p.i.IntermediateProofReplayer Proof replay took 15.43ms 
75123      DEBUG main            d.u.i.k.p.r.p.TestFile    ... success: reloaded. 
75124      INFO  main            d.u.i.k.p.r.p.TestFile    Now processing file /home/runner/work/key/key/key.core/../key.ui/examples/heap/SmansEtAl/Cell_Cell.key 
75124      INFO  main            d.u.i.k.p.i.AbstractProblemLoader Loading environment from /home/runner/work/key/key/key.core/../key.ui/examples/heap/SmansEtAl/Cell_Cell.key 
75125      DEBUG main            d.u.i.k.p.i.AbstractProblemLoader Environment load took 121.9ns 
75126      INFO  main            d.u.i.k.p.i.AbstractProblemLoader Creating init config 
78308      DEBUG main            d.u.i.k.p.i.AbstractProblemLoader Init config took 3.18s 
78350      INFO  main            d.u.i.k.p.i.AbstractProblemLoader Replaying proof Cell[Cell::Cell()].JML normal_behavior operation contract.0 
78352      DEBUG main            d.u.i.k.p.i.IntermediateProofReplayer Proof replay took 5.6ns 
78554      INFO  main            d.u.i.k.p.r.p.TestFile    ... finished proof: closed. 
78781      INFO  main            d.u.i.k.p.i.AbstractProblemLoader Loading environment from /home/runner/work/key/key/key.core/../key.ui/examples/heap/SmansEtAl/Cell_Cell.key.proof 
78781      DEBUG main            d.u.i.k.p.i.AbstractProblemLoader Environment load took 130.6ns 
78783      INFO  main            d.u.i.k.p.i.AbstractProblemLoader Creating init config 
81903      DEBUG main            d.u.i.k.p.i.AbstractProblemLoader Init config took 3.12s 
81945      INFO  main            d.u.i.k.p.i.AbstractProblemLoader Replaying proof Cell[Cell::Cell()].JML normal_behavior operation contract.0 
81992      DEBUG main            d.u.i.k.p.i.IntermediateProofReplayer Proof replay took 43.36ms 
81993      DEBUG main            d.u.i.k.p.r.p.TestFile    ... success: reloaded. 
81994      INFO  main            d.u.i.k.p.r.p.TestFile    Now processing file /home/runner/work/key/key/key.core/../key.ui/examples/heap/SmansEtAl/Cell_footprint.key 
81994      INFO  main            d.u.i.k.p.i.AbstractProblemLoader Loading environment from /home/runner/work/key/key/key.core/../key.ui/examples/heap/SmansEtAl/Cell_footprint.key 
81994      DEBUG main            d.u.i.k.p.i.AbstractProblemLoader Environment load took 134.1ns 
81995      INFO  main            d.u.i.k.p.i.AbstractProblemLoader Creating init config 
85081      DEBUG main            d.u.i.k.p.i.AbstractProblemLoader Init config took 3.09s 
85121      INFO  main            d.u.i.k.p.i.AbstractProblemLoader Replaying proof Cell[Cell::$footprint()].JML accessible clause.0 
85123      DEBUG main            d.u.i.k.p.i.IntermediateProofReplayer Proof replay took 7ns 
85228      INFO  main            d.u.i.k.p.r.p.TestFile    ... finished proof: closed. 
85440      INFO  main            d.u.i.k.p.i.AbstractProblemLoader Loading environment from /home/runner/work/key/key/key.core/../key.ui/examples/heap/SmansEtAl/Cell_footprint.key.proof 
85441      DEBUG main            d.u.i.k.p.i.AbstractProblemLoader Environment load took 141.5ns 
85442      INFO  main            d.u.i.k.p.i.AbstractProblemLoader Creating init config 
88498      DEBUG main            d.u.i.k.p.i.AbstractProblemLoader Init config took 3.06s 
88556      INFO  main            d.u.i.k.p.i.AbstractProblemLoader Replaying proof Cell[Cell::$footprint()].JML accessible clause.0 
88567      DEBUG main            d.u.i.k.p.i.IntermediateProofReplayer Proof replay took 7.49ms 
88568      DEBUG main            d.u.i.k.p.r.p.TestFile    ... success: reloaded. 
88570      INFO  main            d.u.i.k.p.r.p.TestFile    Now processing file /home/runner/work/key/key/key.core/../key.ui/examples/heap/SmansEtAl/Cell_getX_dep.key 
88571      INFO  main            d.u.i.k.p.i.AbstractProblemLoader Loading environment from /home/runner/work/key/key/key.core/../key.ui/examples/heap/SmansEtAl/Cell_getX_dep.key 
88571      DEBUG main            d.u.i.k.p.i.AbstractProblemLoader Environment load took 246.2ns 
88572      INFO  main            d.u.i.k.p.i.AbstractProblemLoader Creating init config 
91604      DEBUG main            d.u.i.k.p.i.AbstractProblemLoader Init config took 3.03s 
91643      INFO  main            d.u.i.k.p.i.AbstractProblemLoader Replaying proof Cell[Cell::getX()].JML accessible clause.0 
91644      DEBUG main            d.u.i.k.p.i.IntermediateProofReplayer Proof replay took 5.6ns 
91746      INFO  main            d.u.i.k.p.r.p.TestFile    ... finished proof: closed. 
92003      INFO  main            d.u.i.k.p.i.AbstractProblemLoader Loading environment from /home/runner/work/key/key/key.core/../key.ui/examples/heap/SmansEtAl/Cell_getX_dep.key.proof 
92003      DEBUG main            d.u.i.k.p.i.AbstractProblemLoader Environment load took 478.4ns 
92005      INFO  main            d.u.i.k.p.i.AbstractProblemLoader Creating init config 
95040      DEBUG main            d.u.i.k.p.i.AbstractProblemLoader Init config took 3.04s 
95079      INFO  main            d.u.i.k.p.i.AbstractProblemLoader Replaying proof Cell[Cell::getX()].JML accessible clause.0 
95107      DEBUG main            d.u.i.k.p.i.IntermediateProofReplayer Proof replay took 22.57ms 
95110      DEBUG main            d.u.i.k.p.r.p.TestFile    ... success: reloaded. 
95114      INFO  main            d.u.i.k.p.r.p.TestFile    Now processing file /home/runner/work/key/key/key.core/../key.ui/examples/heap/SmansEtAl/Cell_getX.key 
95115      INFO  main            d.u.i.k.p.i.AbstractProblemLoader Loading environment from /home/runner/work/key/key/key.core/../key.ui/examples/heap/SmansEtAl/Cell_getX.key 
95115      DEBUG main            d.u.i.k.p.i.AbstractProblemLoader Environment load took 240.7ns 
95116      INFO  main            d.u.i.k.p.i.AbstractProblemLoader Creating init config 
98160      DEBUG main            d.u.i.k.p.i.AbstractProblemLoader Init config took 3.04s 
98200      INFO  main            d.u.i.k.p.i.AbstractProblemLoader Replaying proof Cell[Cell::getX()].JML normal_behavior operation contract.0 
98201      DEBUG main            d.u.i.k.p.i.IntermediateProofReplayer Proof replay took 6.2ns 
98303      INFO  main            d.u.i.k.p.r.p.TestFile    ... finished proof: closed. 
98531      INFO  main            d.u.i.k.p.i.AbstractProblemLoader Loading environment from /home/runner/work/key/key/key.core/../key.ui/examples/heap/SmansEtAl/Cell_getX.key.proof 
98532      DEBUG main            d.u.i.k.p.i.AbstractProblemLoader Environment load took 148.1ns 
98533      INFO  main            d.u.i.k.p.i.AbstractProblemLoader Creating init config 
101615     DEBUG main            d.u.i.k.p.i.AbstractProblemLoader Init config took 3.08s 
101658     INFO  main            d.u.i.k.p.i.AbstractProblemLoader Replaying proof Cell[Cell::getX()].JML normal_behavior operation contract.0 
101674     DEBUG main            d.u.i.k.p.i.IntermediateProofReplayer Proof replay took 13.89ms 
101676     DEBUG main            d.u.i.k.p.r.p.TestFile    ... success: reloaded. 
101677     INFO  main            d.u.i.k.p.r.p.TestFile    Now processing file /home/runner/work/key/key/key.core/../key.ui/examples/heap/SmansEtAl/Cell_inv.key 
101677     INFO  main            d.u.i.k.p.i.AbstractProblemLoader Loading environment from /home/runner/work/key/key/key.core/../key.ui/examples/heap/SmansEtAl/Cell_inv.key 
101678     DEBUG main            d.u.i.k.p.i.AbstractProblemLoader Environment load took 118.3ns 
101679     INFO  main            d.u.i.k.p.i.AbstractProblemLoader Creating init config 
104849     DEBUG main            d.u.i.k.p.i.AbstractProblemLoader Init config took 3.17s 
104891     INFO  main            d.u.i.k.p.i.AbstractProblemLoader Replaying proof Cell[java.lang.Object::<inv>()].JML accessible clause.0 
104893     DEBUG main            d.u.i.k.p.i.IntermediateProofReplayer Proof replay took 6.5ns 
104996     INFO  main            d.u.i.k.p.r.p.TestFile    ... finished proof: closed. 
105246     INFO  main            d.u.i.k.p.i.AbstractProblemLoader Loading environment from /home/runner/work/key/key/key.core/../key.ui/examples/heap/SmansEtAl/Cell_inv.key.proof 
105247     DEBUG main            d.u.i.k.p.i.AbstractProblemLoader Environment load took 289.9ns 
105249     INFO  main            d.u.i.k.p.i.AbstractProblemLoader Creating init config 
108366     DEBUG main            d.u.i.k.p.i.AbstractProblemLoader Init config took 3.12s 
108413     INFO  main            d.u.i.k.p.i.AbstractProblemLoader Replaying proof Cell[java.lang.Object::<inv>()].JML accessible clause.0 
108418     DEBUG main            d.u.i.k.p.i.IntermediateProofReplayer Proof replay took 2.51ms 
108419     DEBUG main            d.u.i.k.p.r.p.TestFile    ... success: reloaded. 
108420     INFO  main            d.u.i.k.p.r.p.TestFile    Now processing file /home/runner/work/key/key/key.core/../key.ui/examples/heap/SmansEtAl/Cell_setX.key 
108420     INFO  main            d.u.i.k.p.i.AbstractProblemLoader Loading environment from /home/runner/work/key/key/key.core/../key.ui/examples/heap/SmansEtAl/Cell_setX.key 
108420     DEBUG main            d.u.i.k.p.i.AbstractProblemLoader Environment load took 149.6ns 
108421     INFO  main            d.u.i.k.p.i.AbstractProblemLoader Creating init config 
111635     DEBUG main            d.u.i.k.p.i.AbstractProblemLoader Init config took 3.21s 
111675     INFO  main            d.u.i.k.p.i.AbstractProblemLoader Replaying proof Cell[Cell::setX(int)].JML normal_behavior operation contract.0 
111677     DEBUG main            d.u.i.k.p.i.IntermediateProofReplayer Proof replay took 7.1ns 
111780     INFO  main            d.u.i.k.p.r.p.TestFile    ... finished proof: closed. 
112056     INFO  main            d.u.i.k.p.i.AbstractProblemLoader Loading environment from /home/runner/work/key/key/key.core/../key.ui/examples/heap/SmansEtAl/Cell_setX.key.proof 
112057     DEBUG main            d.u.i.k.p.i.AbstractProblemLoader Environment load took 124ns 
112058     INFO  main            d.u.i.k.p.i.AbstractProblemLoader Creating init config 
115019     DEBUG main            d.u.i.k.p.i.AbstractProblemLoader Init config took 2.96s 
115069     INFO  main            d.u.i.k.p.i.AbstractProblemLoader Replaying proof Cell[Cell::setX(int)].JML normal_behavior operation contract.0 
115094     DEBUG main            d.u.i.k.p.i.IntermediateProofReplayer Proof replay took 22.67ms 
115095     DEBUG main            d.u.i.k.p.r.p.TestFile    ... success: reloaded. 
115096     INFO  main            d.u.i.k.p.r.p.TestFile    Now processing file /home/runner/work/key/key/key.core/../key.ui/examples/heap/SmansEtAl/CellClient_m.key 
115096     INFO  main            d.u.i.k.p.i.AbstractProblemLoader Loading environment from /home/runner/work/key/key/key.core/../key.ui/examples/heap/SmansEtAl/CellClient_m.key 
115096     DEBUG main            d.u.i.k.p.i.AbstractProblemLoader Environment load took 123.2ns 
115097     INFO  main            d.u.i.k.p.i.AbstractProblemLoader Creating init config 
118266     DEBUG main            d.u.i.k.p.i.AbstractProblemLoader Init config took 3.17s 
118313     INFO  main            d.u.i.k.p.i.AbstractProblemLoader Replaying proof CellClient[CellClient::m()].JML operation contract.0 
118315     DEBUG main            d.u.i.k.p.i.IntermediateProofReplayer Proof replay took 6.4ns 
118921     INFO  main            d.u.i.k.p.r.p.TestFile    ... finished proof: closed. 
119198     INFO  main            d.u.i.k.p.i.AbstractProblemLoader Loading environment from /home/runner/work/key/key/key.core/../key.ui/examples/heap/SmansEtAl/CellClient_m.key.proof 
119198     DEBUG main            d.u.i.k.p.i.AbstractProblemLoader Environment load took 469.9ns 
119200     INFO  main            d.u.i.k.p.i.AbstractProblemLoader Creating init config 
122217     DEBUG main            d.u.i.k.p.i.AbstractProblemLoader Init config took 3.02s 
122256     INFO  main            d.u.i.k.p.i.AbstractProblemLoader Replaying proof CellClient[CellClient::m()].JML operation contract.0 
122393     DEBUG main            d.u.i.k.p.i.IntermediateProofReplayer Proof replay took 129.29ms 
122395     DEBUG main            d.u.i.k.p.r.p.TestFile    ... success: reloaded. 
122396     INFO  main            d.u.i.k.p.r.p.TestFile    Now processing file /home/runner/work/key/key/key.core/../key.ui/examples/heap/SmansEtAl/Iterator_footprint.key 
122396     INFO  main            d.u.i.k.p.i.AbstractProblemLoader Loading environment from /home/runner/work/key/key/key.core/../key.ui/examples/heap/SmansEtAl/Iterator_footprint.key 
122397     DEBUG main            d.u.i.k.p.i.AbstractProblemLoader Environment load took 244.2ns 
122398     INFO  main            d.u.i.k.p.i.AbstractProblemLoader Creating init config 
125553     DEBUG main            d.u.i.k.p.i.AbstractProblemLoader Init config took 3.16s 
125599     INFO  main            d.u.i.k.p.i.AbstractProblemLoader Replaying proof Iterator[Iterator::$footprint()].JML accessible clause.0 
125601     DEBUG main            d.u.i.k.p.i.IntermediateProofReplayer Proof replay took 5.6ns 
125704     INFO  main            d.u.i.k.p.r.p.TestFile    ... finished proof: closed. 
125972     INFO  main            d.u.i.k.p.i.AbstractProblemLoader Loading environment from /home/runner/work/key/key/key.core/../key.ui/examples/heap/SmansEtAl/Iterator_footprint.key.proof 
125972     DEBUG main            d.u.i.k.p.i.AbstractProblemLoader Environment load took 130.6ns 
125973     INFO  main            d.u.i.k.p.i.AbstractProblemLoader Creating init config 
129038     DEBUG main            d.u.i.k.p.i.AbstractProblemLoader Init config took 3.06s 
129088     INFO  main            d.u.i.k.p.i.AbstractProblemLoader Replaying proof Iterator[Iterator::$footprint()].JML accessible clause.0 
129097     DEBUG main            d.u.i.k.p.i.IntermediateProofReplayer Proof replay took 7.51ms 
129098     DEBUG main            d.u.i.k.p.r.p.TestFile    ... success: reloaded. 
129099     INFO  main            d.u.i.k.p.r.p.TestFile    Now processing file /home/runner/work/key/key/key.core/../key.ui/examples/heap/SmansEtAl/Iterator_hasNext_dep.key 
129100     INFO  main            d.u.i.k.p.i.AbstractProblemLoader Loading environment from /home/runner/work/key/key/key.core/../key.ui/examples/heap/SmansEtAl/Iterator_hasNext_dep.key 
129100     DEBUG main            d.u.i.k.p.i.AbstractProblemLoader Environment load took 119.2ns 
129101     INFO  main            d.u.i.k.p.i.AbstractProblemLoader Creating init config 
132277     DEBUG main            d.u.i.k.p.i.AbstractProblemLoader Init config took 3.18s 
132319     INFO  main            d.u.i.k.p.i.AbstractProblemLoader Replaying proof Iterator[Iterator::hasNext()].JML accessible clause.0 
132321     DEBUG main            d.u.i.k.p.i.IntermediateProofReplayer Proof replay took 5.5ns 
133026     INFO  main            d.u.i.k.p.r.p.TestFile    ... finished proof: closed. 
133334     INFO  main            d.u.i.k.p.i.AbstractProblemLoader Loading environment from /home/runner/work/key/key/key.core/../key.ui/examples/heap/SmansEtAl/Iterator_hasNext_dep.key.proof 
133335     DEBUG main            d.u.i.k.p.i.AbstractProblemLoader Environment load took 720.4ns 
133336     INFO  main            d.u.i.k.p.i.AbstractProblemLoader Creating init config 
136393     DEBUG main            d.u.i.k.p.i.AbstractProblemLoader Init config took 3.06s 
136435     INFO  main            d.u.i.k.p.i.AbstractProblemLoader Replaying proof Iterator[Iterator::hasNext()].JML accessible clause.0 
136536     DEBUG main            d.u.i.k.p.i.IntermediateProofReplayer Proof replay took 95.59ms 
136538     DEBUG main            d.u.i.k.p.r.p.TestFile    ... success: reloaded. 
136539     INFO  main            d.u.i.k.p.r.p.TestFile    Now processing file /home/runner/work/key/key/key.core/../key.ui/examples/heap/SmansEtAl/Iterator_hasNext.key 
136539     INFO  main            d.u.i.k.p.i.AbstractProblemLoader Loading environment from /home/runner/work/key/key/key.core/../key.ui/examples/heap/SmansEtAl/Iterator_hasNext.key 
136540     DEBUG main            d.u.i.k.p.i.AbstractProblemLoader Environment load took 240.4ns 
136541     INFO  main            d.u.i.k.p.i.AbstractProblemLoader Creating init config 
139714     DEBUG main            d.u.i.k.p.i.AbstractProblemLoader Init config took 3.17s 
139760     INFO  main            d.u.i.k.p.i.AbstractProblemLoader Replaying proof Iterator[Iterator::hasNext()].JML normal_behavior operation contract.0 
139762     DEBUG main            d.u.i.k.p.i.IntermediateProofReplayer Proof replay took 6.4ns 
140373     INFO  main            d.u.i.k.p.r.p.TestFile    ... finished proof: closed. 
140677     INFO  main            d.u.i.k.p.i.AbstractProblemLoader Loading environment from /home/runner/work/key/key/key.core/../key.ui/examples/heap/SmansEtAl/Iterator_hasNext.key.proof 
140678     DEBUG main            d.u.i.k.p.i.AbstractProblemLoader Environment load took 478.5ns 
140679     INFO  main            d.u.i.k.p.i.AbstractProblemLoader Creating init config 
143696     DEBUG main            d.u.i.k.p.i.AbstractProblemLoader Init config took 3.02s 
143740     INFO  main            d.u.i.k.p.i.AbstractProblemLoader Replaying proof Iterator[Iterator::hasNext()].JML normal_behavior operation contract.0 
143861     DEBUG main            d.u.i.k.p.i.IntermediateProofReplayer Proof replay took 116.1ms 
143862     DEBUG main            d.u.i.k.p.r.p.TestFile    ... success: reloaded. 
143863     INFO  main            d.u.i.k.p.r.p.TestFile    Now processing file /home/runner/work/key/key/key.core/../key.ui/examples/heap/SmansEtAl/Iterator_inv.key 
143864     INFO  main            d.u.i.k.p.i.AbstractProblemLoader Loading environment from /home/runner/work/key/key/key.core/../key.ui/examples/heap/SmansEtAl/Iterator_inv.key 
143864     DEBUG main            d.u.i.k.p.i.AbstractProblemLoader Environment load took 112.6ns 
143865     INFO  main            d.u.i.k.p.i.AbstractProblemLoader Creating init config 
146936     DEBUG main            d.u.i.k.p.i.AbstractProblemLoader Init config took 3.07s 
146979     INFO  main            d.u.i.k.p.i.AbstractProblemLoader Replaying proof Iterator[java.lang.Object::<inv>()].JML accessible clause.0 
146981     DEBUG main            d.u.i.k.p.i.IntermediateProofReplayer Proof replay took 6.9ns 
147185     INFO  main            d.u.i.k.p.r.p.TestFile    ... finished proof: closed. 
147488     INFO  main            d.u.i.k.p.i.AbstractProblemLoader Loading environment from /home/runner/work/key/key/key.core/../key.ui/examples/heap/SmansEtAl/Iterator_inv.key.proof 
147488     DEBUG main            d.u.i.k.p.i.AbstractProblemLoader Environment load took 115.3ns 
147490     INFO  main            d.u.i.k.p.i.AbstractProblemLoader Creating init config 
150451     DEBUG main            d.u.i.k.p.i.AbstractProblemLoader Init config took 2.96s 
150490     INFO  main            d.u.i.k.p.i.AbstractProblemLoader Replaying proof Iterator[java.lang.Object::<inv>()].JML accessible clause.0 
150516     DEBUG main            d.u.i.k.p.i.IntermediateProofReplayer Proof replay took 23.2ms 
150517     DEBUG main            d.u.i.k.p.r.p.TestFile    ... success: reloaded. 
150518     INFO  main            d.u.i.k.p.r.p.TestFile    Now processing file /home/runner/work/key/key/key.core/../key.ui/examples/heap/SmansEtAl/Iterator_Iterator.key 
150519     INFO  main            d.u.i.k.p.i.AbstractProblemLoader Loading environment from /home/runner/work/key/key/key.core/../key.ui/examples/heap/SmansEtAl/Iterator_Iterator.key 
150519     DEBUG main            d.u.i.k.p.i.AbstractProblemLoader Environment load took 262.5ns 
150520     INFO  main            d.u.i.k.p.i.AbstractProblemLoader Creating init config 
153700     DEBUG main            d.u.i.k.p.i.AbstractProblemLoader Init config took 3.18s 
153748     INFO  main            d.u.i.k.p.i.AbstractProblemLoader Replaying proof Iterator[Iterator::Iterator(ArrayList)].JML normal_behavior operation contract.0 
153750     DEBUG main            d.u.i.k.p.i.IntermediateProofReplayer Proof replay took 6ns 
155289     INFO  main            d.u.i.k.p.r.p.TestFile    ... finished proof: closed. 
155633     INFO  main            d.u.i.k.p.i.AbstractProblemLoader Loading environment from /home/runner/work/key/key/key.core/../key.ui/examples/heap/SmansEtAl/Iterator_Iterator.key.proof 
155634     DEBUG main            d.u.i.k.p.i.AbstractProblemLoader Environment load took 824.9ns 
155636     INFO  main            d.u.i.k.p.i.AbstractProblemLoader Creating init config 
158675     DEBUG main            d.u.i.k.p.i.AbstractProblemLoader Init config took 3.04s 
158715     INFO  main            d.u.i.k.p.i.AbstractProblemLoader Replaying proof Iterator[Iterator::Iterator(ArrayList)].JML normal_behavior operation contract.0 
158932     DEBUG main            d.u.i.k.p.i.IntermediateProofReplayer Proof replay took 203.38ms 
158933     DEBUG main            d.u.i.k.p.r.p.TestFile    ... success: reloaded. 
158934     INFO  main            d.u.i.k.p.r.p.TestFile    Now processing file /home/runner/work/key/key/key.core/../key.ui/examples/heap/SmansEtAl/Iterator_list_dep.key 
158935     INFO  main            d.u.i.k.p.i.AbstractProblemLoader Loading environment from /home/runner/work/key/key/key.core/../key.ui/examples/heap/SmansEtAl/Iterator_list_dep.key 
158935     DEBUG main            d.u.i.k.p.i.AbstractProblemLoader Environment load took 289.3ns 
158936     INFO  main            d.u.i.k.p.i.AbstractProblemLoader Creating init config 
161961     DEBUG main            d.u.i.k.p.i.AbstractProblemLoader Init config took 3.02s 
162019     INFO  main            d.u.i.k.p.i.AbstractProblemLoader Replaying proof Iterator[Iterator::list()].JML accessible clause.0 
162021     DEBUG main            d.u.i.k.p.i.IntermediateProofReplayer Proof replay took 5.5ns 
162124     INFO  main            d.u.i.k.p.r.p.TestFile    ... finished proof: closed. 
162426     INFO  main            d.u.i.k.p.i.AbstractProblemLoader Loading environment from /home/runner/work/key/key/key.core/../key.ui/examples/heap/SmansEtAl/Iterator_list_dep.key.proof 
162427     DEBUG main            d.u.i.k.p.i.AbstractProblemLoader Environment load took 138ns 
162428     INFO  main            d.u.i.k.p.i.AbstractProblemLoader Creating init config 
165478     DEBUG main            d.u.i.k.p.i.AbstractProblemLoader Init config took 3.05s 
165517     INFO  main            d.u.i.k.p.i.AbstractProblemLoader Replaying proof Iterator[Iterator::list()].JML accessible clause.0 
165538     DEBUG main            d.u.i.k.p.i.IntermediateProofReplayer Proof replay took 18.56ms 
165539     DEBUG main            d.u.i.k.p.r.p.TestFile    ... success: reloaded. 
165540     INFO  main            d.u.i.k.p.r.p.TestFile    Now processing file /home/runner/work/key/key/key.core/../key.ui/examples/heap/SmansEtAl/Iterator_list.key 
165540     INFO  main            d.u.i.k.p.i.AbstractProblemLoader Loading environment from /home/runner/work/key/key/key.core/../key.ui/examples/heap/SmansEtAl/Iterator_list.key 
165540     DEBUG main            d.u.i.k.p.i.AbstractProblemLoader Environment load took 107.4ns 
165541     INFO  main            d.u.i.k.p.i.AbstractProblemLoader Creating init config 
168700     DEBUG main            d.u.i.k.p.i.AbstractProblemLoader Init config took 3.16s 
168741     INFO  main            d.u.i.k.p.i.AbstractProblemLoader Replaying proof Iterator[Iterator::list()].JML normal_behavior operation contract.0 
168743     DEBUG main            d.u.i.k.p.i.IntermediateProofReplayer Proof replay took 6.4ns 
168852     INFO  main            d.u.i.k.p.r.p.TestFile    ... finished proof: closed. 
169163     INFO  main            d.u.i.k.p.i.AbstractProblemLoader Loading environment from /home/runner/work/key/key/key.core/../key.ui/examples/heap/SmansEtAl/Iterator_list.key.proof 
169163     DEBUG main            d.u.i.k.p.i.AbstractProblemLoader Environment load took 114.5ns 
169164     INFO  main            d.u.i.k.p.i.AbstractProblemLoader Creating init config 
172178     DEBUG main            d.u.i.k.p.i.AbstractProblemLoader Init config took 3.01s 
172235     INFO  main            d.u.i.k.p.i.AbstractProblemLoader Replaying proof Iterator[Iterator::list()].JML normal_behavior operation contract.0 
172253     DEBUG main            d.u.i.k.p.i.IntermediateProofReplayer Proof replay took 16.04ms 
172255     DEBUG main            d.u.i.k.p.r.p.TestFile    ... success: reloaded. 
172256     INFO  main            d.u.i.k.p.r.p.TestFile    Now processing file /home/runner/work/key/key/key.core/../key.ui/examples/heap/SmansEtAl/Iterator_next.key 
172256     INFO  main            d.u.i.k.p.i.AbstractProblemLoader Loading environment from /home/runner/work/key/key/key.core/../key.ui/examples/heap/SmansEtAl/Iterator_next.key 
172256     DEBUG main            d.u.i.k.p.i.AbstractProblemLoader Environment load took 127.2ns 
172257     INFO  main            d.u.i.k.p.i.AbstractProblemLoader Creating init config 
175294     DEBUG main            d.u.i.k.p.i.AbstractProblemLoader Init config took 3.04s 
175333     INFO  main            d.u.i.k.p.i.AbstractProblemLoader Replaying proof Iterator[Iterator::next()].JML normal_behavior operation contract.0 
175335     DEBUG main            d.u.i.k.p.i.IntermediateProofReplayer Proof replay took 6.2ns 
178392     INFO  main            d.u.i.k.p.r.p.TestFile    ... finished proof: closed. 
178740     INFO  main            d.u.i.k.p.i.AbstractProblemLoader Loading environment from /home/runner/work/key/key/key.core/../key.ui/examples/heap/SmansEtAl/Iterator_next.key.proof 
178740     DEBUG main            d.u.i.k.p.i.AbstractProblemLoader Environment load took 222.7ns 
178742     INFO  main            d.u.i.k.p.i.AbstractProblemLoader Creating init config 
181814     DEBUG main            d.u.i.k.p.i.AbstractProblemLoader Init config took 3.07s 
181854     INFO  main            d.u.i.k.p.i.AbstractProblemLoader Replaying proof Iterator[Iterator::next()].JML normal_behavior operation contract.0 
182158     DEBUG main            d.u.i.k.p.i.IntermediateProofReplayer Proof replay took 287.79ms 
182159     DEBUG main            d.u.i.k.p.r.p.TestFile    ... success: reloaded. 
182161     INFO  main            d.u.i.k.p.r.p.TestFile    Now processing file /home/runner/work/key/key/key.core/../key.ui/examples/heap/SmansEtAl/Stack_footprint.key 
182161     INFO  main            d.u.i.k.p.i.AbstractProblemLoader Loading environment from /home/runner/work/key/key/key.core/../key.ui/examples/heap/SmansEtAl/Stack_footprint.key 
182161     DEBUG main            d.u.i.k.p.i.AbstractProblemLoader Environment load took 104.1ns 
182162     INFO  main            d.u.i.k.p.i.AbstractProblemLoader Creating init config 
185175     DEBUG main            d.u.i.k.p.i.AbstractProblemLoader Init config took 3.01s 
185214     INFO  main            d.u.i.k.p.i.AbstractProblemLoader Replaying proof Stack[Stack::$footprint()].JML accessible clause.0 
185216     DEBUG main            d.u.i.k.p.i.IntermediateProofReplayer Proof replay took 6.8ns 
185421     INFO  main            d.u.i.k.p.r.p.TestFile    ... finished proof: closed. 
185761     INFO  main            d.u.i.k.p.i.AbstractProblemLoader Loading environment from /home/runner/work/key/key/key.core/../key.ui/examples/heap/SmansEtAl/Stack_footprint.key.proof 
185761     DEBUG main            d.u.i.k.p.i.AbstractProblemLoader Environment load took 123.4ns 
185763     INFO  main            d.u.i.k.p.i.AbstractProblemLoader Creating init config 
188810     DEBUG main            d.u.i.k.p.i.AbstractProblemLoader Init config took 3.05s 
188851     INFO  main            d.u.i.k.p.i.AbstractProblemLoader Replaying proof Stack[Stack::$footprint()].JML accessible clause.0 
188881     DEBUG main            d.u.i.k.p.i.IntermediateProofReplayer Proof replay took 25.6ms 
188883     DEBUG main            d.u.i.k.p.r.p.TestFile    ... success: reloaded. 
188884     INFO  main            d.u.i.k.p.r.p.TestFile    Now processing file /home/runner/work/key/key/key.core/../key.ui/examples/heap/SmansEtAl/Stack_inv.key 
188884     INFO  main            d.u.i.k.p.i.AbstractProblemLoader Loading environment from /home/runner/work/key/key/key.core/../key.ui/examples/heap/SmansEtAl/Stack_inv.key 
188885     DEBUG main            d.u.i.k.p.i.AbstractProblemLoader Environment load took 222.9ns 
188887     INFO  main            d.u.i.k.p.i.AbstractProblemLoader Creating init config 
191992     DEBUG main            d.u.i.k.p.i.AbstractProblemLoader Init config took 3.1s 
192037     INFO  main            d.u.i.k.p.i.AbstractProblemLoader Replaying proof Stack[java.lang.Object::<inv>()].JML accessible clause.0 
192039     DEBUG main            d.u.i.k.p.i.IntermediateProofReplayer Proof replay took 7.2ns 
192141     INFO  main            d.u.i.k.p.r.p.TestFile    ... finished proof: closed. 
192469     INFO  main            d.u.i.k.p.i.AbstractProblemLoader Loading environment from /home/runner/work/key/key/key.core/../key.ui/examples/heap/SmansEtAl/Stack_inv.key.proof 
192469     DEBUG main            d.u.i.k.p.i.AbstractProblemLoader Environment load took 112.2ns 
192470     INFO  main            d.u.i.k.p.i.AbstractProblemLoader Creating init config 
195532     DEBUG main            d.u.i.k.p.i.AbstractProblemLoader Init config took 3.06s 
195571     INFO  main            d.u.i.k.p.i.AbstractProblemLoader Replaying proof Stack[java.lang.Object::<inv>()].JML accessible clause.0 
195583     DEBUG main            d.u.i.k.p.i.IntermediateProofReplayer Proof replay took 9.98ms 
195585     DEBUG main            d.u.i.k.p.r.p.TestFile    ... success: reloaded. 
195586     INFO  main            d.u.i.k.p.r.p.TestFile    Now processing file /home/runner/work/key/key/key.core/../key.ui/examples/heap/SmansEtAl/Stack_push.key 
195587     INFO  main            d.u.i.k.p.i.AbstractProblemLoader Loading environment from /home/runner/work/key/key/key.core/../key.ui/examples/heap/SmansEtAl/Stack_push.key 
195587     DEBUG main            d.u.i.k.p.i.AbstractProblemLoader Environment load took 141.2ns 
195588     INFO  main            d.u.i.k.p.i.AbstractProblemLoader Creating init config 
198729     DEBUG main            d.u.i.k.p.i.AbstractProblemLoader Init config took 3.14s 
198774     INFO  main            d.u.i.k.p.i.AbstractProblemLoader Replaying proof Stack[Stack::push(java.lang.Object)].JML normal_behavior operation contract.0 
198776     DEBUG main            d.u.i.k.p.i.IntermediateProofReplayer Proof replay took 6.6ns 
199582     INFO  main            d.u.i.k.p.r.p.TestFile    ... finished proof: closed. 
199938     INFO  main            d.u.i.k.p.i.AbstractProblemLoader Loading environment from /home/runner/work/key/key/key.core/../key.ui/examples/heap/SmansEtAl/Stack_push.key.proof 
199938     DEBUG main            d.u.i.k.p.i.AbstractProblemLoader Environment load took 170ns 
199940     INFO  main            d.u.i.k.p.i.AbstractProblemLoader Creating init config 
203035     DEBUG main            d.u.i.k.p.i.AbstractProblemLoader Init config took 3.1s 
203076     INFO  main            d.u.i.k.p.i.AbstractProblemLoader Replaying proof Stack[Stack::push(java.lang.Object)].JML normal_behavior operation contract.0 
203199     DEBUG main            d.u.i.k.p.i.IntermediateProofReplayer Proof replay took 119.39ms 
203201     DEBUG main            d.u.i.k.p.r.p.TestFile    ... success: reloaded. 
203203     INFO  main            d.u.i.k.p.r.p.TestFile    Now processing file /home/runner/work/key/key/key.core/../key.ui/examples/heap/SmansEtAl/Stack_size.key 
203204     INFO  main            d.u.i.k.p.i.AbstractProblemLoader Loading environment from /home/runner/work/key/key/key.core/../key.ui/examples/heap/SmansEtAl/Stack_size.key 
203204     DEBUG main            d.u.i.k.p.i.AbstractProblemLoader Environment load took 228.5ns 
203205     INFO  main            d.u.i.k.p.i.AbstractProblemLoader Creating init config 
206229     DEBUG main            d.u.i.k.p.i.AbstractProblemLoader Init config took 3.02s 
206268     INFO  main            d.u.i.k.p.i.AbstractProblemLoader Replaying proof Stack[Stack::size()].JML accessible clause.0 
206269     DEBUG main            d.u.i.k.p.i.IntermediateProofReplayer Proof replay took 6.5ns 
206572     INFO  main            d.u.i.k.p.r.p.TestFile    ... finished proof: closed. 
206922     INFO  main            d.u.i.k.p.i.AbstractProblemLoader Loading environment from /home/runner/work/key/key/key.core/../key.ui/examples/heap/SmansEtAl/Stack_size.key.proof 
206922     DEBUG main            d.u.i.k.p.i.AbstractProblemLoader Environment load took 120.5ns 
206924     INFO  main            d.u.i.k.p.i.AbstractProblemLoader Creating init config 
209953     DEBUG main            d.u.i.k.p.i.AbstractProblemLoader Init config took 3.03s 
209991     INFO  main            d.u.i.k.p.i.AbstractProblemLoader Replaying proof Stack[Stack::size()].JML accessible clause.0 
210038     DEBUG main            d.u.i.k.p.i.IntermediateProofReplayer Proof replay took 44.76ms 
210039     DEBUG main            d.u.i.k.p.r.p.TestFile    ... success: reloaded. 
210040     INFO  main            d.u.i.k.p.r.p.TestFile    Now processing file /home/runner/work/key/key/key.core/../key.ui/examples/heap/SmansEtAl/Stack_Stack.key 
210041     INFO  main            d.u.i.k.p.i.AbstractProblemLoader Loading environment from /home/runner/work/key/key/key.core/../key.ui/examples/heap/SmansEtAl/Stack_Stack.key 
210041     DEBUG main            d.u.i.k.p.i.AbstractProblemLoader Environment load took 134.9ns 
210042     INFO  main            d.u.i.k.p.i.AbstractProblemLoader Creating init config 
213113     DEBUG main            d.u.i.k.p.i.AbstractProblemLoader Init config took 3.07s 
213152     INFO  main            d.u.i.k.p.i.AbstractProblemLoader Replaying proof Stack[Stack::Stack()].JML normal_behavior operation contract.0 
213154     DEBUG main            d.u.i.k.p.i.IntermediateProofReplayer Proof replay took 6.8ns 
214364     INFO  main            d.u.i.k.p.r.p.TestFile    ... finished proof: closed. 
214774     INFO  main            d.u.i.k.p.i.AbstractProblemLoader Loading environment from /home/runner/work/key/key/key.core/../key.ui/examples/heap/SmansEtAl/Stack_Stack.key.proof 
214775     DEBUG main            d.u.i.k.p.i.AbstractProblemLoader Environment load took 455.5ns 
214776     INFO  main            d.u.i.k.p.i.AbstractProblemLoader Creating init config 
217774     DEBUG main            d.u.i.k.p.i.AbstractProblemLoader Init config took 3s 
217813     INFO  main            d.u.i.k.p.i.AbstractProblemLoader Replaying proof Stack[Stack::Stack()].JML normal_behavior operation contract.0 
218022     DEBUG main            d.u.i.k.p.i.IntermediateProofReplayer Proof replay took 198.7ms 
218023     DEBUG main            d.u.i.k.p.r.p.TestFile    ... success: reloaded. 
218024     INFO  main            d.u.i.k.p.r.p.TestFile    Now processing file /home/runner/work/key/key/key.core/../key.ui/examples/heap/SmansEtAl/Stack_switchContents.key 
218024     INFO  main            d.u.i.k.p.i.AbstractProblemLoader Loading environment from /home/runner/work/key/key/key.core/../key.ui/examples/heap/SmansEtAl/Stack_switchContents.key 
218024     DEBUG main            d.u.i.k.p.i.AbstractProblemLoader Environment load took 96ns 
218025     INFO  main            d.u.i.k.p.i.AbstractProblemLoader Creating init config 
221057     DEBUG main            d.u.i.k.p.i.AbstractProblemLoader Init config took 3.03s 
221118     INFO  main            d.u.i.k.p.i.AbstractProblemLoader Replaying proof Stack[Stack::switchContents(Stack)].JML normal_behavior operation contract.0 
221120     DEBUG main            d.u.i.k.p.i.IntermediateProofReplayer Proof replay took 7.2ns 
226169     INFO  main            d.u.i.k.p.r.p.TestFile    ... finished proof: closed. 
226582     INFO  main            d.u.i.k.p.i.AbstractProblemLoader Loading environment from /home/runner/work/key/key/key.core/../key.ui/examples/heap/SmansEtAl/Stack_switchContents.key.proof 
226582     DEBUG main            d.u.i.k.p.i.AbstractProblemLoader Environment load took 526.4ns 
226584     INFO  main            d.u.i.k.p.i.AbstractProblemLoader Creating init config 
229609     DEBUG main            d.u.i.k.p.i.AbstractProblemLoader Init config took 3.02s 
229651     INFO  main            d.u.i.k.p.i.AbstractProblemLoader Replaying proof Stack[Stack::switchContents(Stack)].JML normal_behavior operation contract.0 
230018     DEBUG main            d.u.i.k.p.i.IntermediateProofReplayer Proof replay took 332.01ms 
230019     DEBUG main            d.u.i.k.p.r.p.TestFile    ... success: reloaded. 
2438777    INFO  Test worker     d.u.i.k.p.r.RunAllProofsTestUnit Returning from test SmansEtAl 
2438779    INFO  Test worker     d.u.i.k.p.r.RunAllProofsTestUnit Running test VACID0 
414        INFO  Timeout watchdog d.u.i.k.p.r.p.ForkedTestFileRunner Timeout watcher launched (2000 secs.) 
441        WARN  main            d.u.i.k.s.ProofSettings   The settings in /home/runner/.key/proof-settings.props are *not* read. 
482        INFO  main            d.u.i.k.p.r.p.TestFile    Now processing file /home/runner/work/key/key/key.core/../key.ui/examples/heap/vacid0_01_SparseArray/Harness_sparseArrayTestHarness1.key 
650        INFO  main            d.u.i.k.p.i.AbstractProblemLoader Loading environment from /home/runner/work/key/key/key.core/../key.ui/examples/heap/vacid0_01_SparseArray/Harness_sparseArrayTestHarness1.key 
676        DEBUG main            d.u.i.k.p.i.AbstractProblemLoader Environment load took 2.36ms 
946        INFO  main            d.u.i.k.p.i.AbstractProblemLoader Creating init config 
2078       DEBUG main            d.u.i.k.j.TypeConverter   No LDT found for Meta 
2082       DEBUG main            d.u.i.k.j.TypeConverter   No LDT found for Meta 
2085       DEBUG main            d.u.i.k.j.TypeConverter   No LDT found for Meta 
2086       DEBUG main            d.u.i.k.j.TypeConverter   No LDT found for Meta 
3837       DEBUG main            d.u.i.k.j.TypeConverter   No LDT found for JavaBigintExpression 
10200      DEBUG main            d.u.i.k.p.i.AbstractProblemLoader Init config took 9.25s 
10351      INFO  main            d.u.i.k.p.i.AbstractProblemLoader Replaying proof Harness[Harness::sparseArrayTestHarness1()].JML normal_behavior operation contract.0 
10437      DEBUG main            d.u.i.k.p.i.IntermediateProofReplayer Proof replay took 42.1ns 
12300      INFO  main            d.u.i.k.p.r.p.TestFile    ... finished proof: closed. 
12469      INFO  main            d.u.i.k.p.i.AbstractProblemLoader Loading environment from /home/runner/work/key/key/key.core/../key.ui/examples/heap/vacid0_01_SparseArray/Harness_sparseArrayTestHarness1.key.proof 
12472      DEBUG main            d.u.i.k.p.i.AbstractProblemLoader Environment load took 2.95ms 
12476      INFO  main            d.u.i.k.p.i.AbstractProblemLoader Creating init config 
16165      DEBUG main            d.u.i.k.p.i.AbstractProblemLoader Init config took 3.69s 
16257      INFO  main            d.u.i.k.p.i.AbstractProblemLoader Replaying proof Harness[Harness::sparseArrayTestHarness1()].JML normal_behavior operation contract.0 
16523      DEBUG main            d.u.i.k.p.i.IntermediateProofReplayer Proof replay took 256.02ms 
16532      DEBUG main            d.u.i.k.p.r.p.TestFile    ... success: reloaded. 
16536      INFO  main            d.u.i.k.p.r.p.TestFile    Now processing file /home/runner/work/key/key/key.core/../key.ui/examples/heap/vacid0_01_SparseArray/Harness_sparseArrayTestHarness2.key 
16536      INFO  main            d.u.i.k.p.i.AbstractProblemLoader Loading environment from /home/runner/work/key/key/key.core/../key.ui/examples/heap/vacid0_01_SparseArray/Harness_sparseArrayTestHarness2.key 
16538      DEBUG main            d.u.i.k.p.i.AbstractProblemLoader Environment load took 1.56ms 
16543      INFO  main            d.u.i.k.p.i.AbstractProblemLoader Creating init config 
19943      DEBUG main            d.u.i.k.p.i.AbstractProblemLoader Init config took 3.4s 
20012      INFO  main            d.u.i.k.p.i.AbstractProblemLoader Replaying proof Harness[Harness::sparseArrayTestHarness2()].JML normal_behavior operation contract.0 
20015      DEBUG main            d.u.i.k.p.i.IntermediateProofReplayer Proof replay took 6.6ns 
33834      INFO  main            d.u.i.k.p.r.p.TestFile    ... finished proof: closed. 
34093      INFO  main            d.u.i.k.p.i.AbstractProblemLoader Loading environment from /home/runner/work/key/key/key.core/../key.ui/examples/heap/vacid0_01_SparseArray/Harness_sparseArrayTestHarness2.key.proof 
34094      DEBUG main            d.u.i.k.p.i.AbstractProblemLoader Environment load took 877.4ns 
34099      INFO  main            d.u.i.k.p.i.AbstractProblemLoader Creating init config 
37305      DEBUG main            d.u.i.k.p.i.AbstractProblemLoader Init config took 3.21s 
37392      INFO  main            d.u.i.k.p.i.AbstractProblemLoader Replaying proof Harness[Harness::sparseArrayTestHarness2()].JML normal_behavior operation contract.0 
38726      DEBUG main            d.u.i.k.p.i.IntermediateProofReplayer Proof replay took 1.26s 
38729      DEBUG main            d.u.i.k.p.r.p.TestFile    ... success: reloaded. 
38731      INFO  main            d.u.i.k.p.r.p.TestFile    Now processing file /home/runner/work/key/key/key.core/../key.ui/examples/heap/vacid0_01_SparseArray/MemoryAllocator_alloc_unsigned.key 
38731      INFO  main            d.u.i.k.p.i.AbstractProblemLoader Loading environment from /home/runner/work/key/key/key.core/../key.ui/examples/heap/vacid0_01_SparseArray/MemoryAllocator_alloc_unsigned.key 
38732      DEBUG main            d.u.i.k.p.i.AbstractProblemLoader Environment load took 260.7ns 
38733      INFO  main            d.u.i.k.p.i.AbstractProblemLoader Creating init config 
41924      DEBUG main            d.u.i.k.p.i.AbstractProblemLoader Init config took 3.19s 
41976      INFO  main            d.u.i.k.p.i.AbstractProblemLoader Replaying proof MemoryAllocator[MemoryAllocator::alloc_unsigned(int)].JML normal_behavior operation contract.0 
41979      DEBUG main            d.u.i.k.p.i.IntermediateProofReplayer Proof replay took 5.3ns 
43028      INFO  main            d.u.i.k.p.r.p.TestFile    ... finished proof: closed. 
43232      INFO  main            d.u.i.k.p.i.AbstractProblemLoader Loading environment from /home/runner/work/key/key/key.core/../key.ui/examples/heap/vacid0_01_SparseArray/MemoryAllocator_alloc_unsigned.key.proof 
43233      DEBUG main            d.u.i.k.p.i.AbstractProblemLoader Environment load took 1.7ms 
43235      INFO  main            d.u.i.k.p.i.AbstractProblemLoader Creating init config 
46316      DEBUG main            d.u.i.k.p.i.AbstractProblemLoader Init config took 3.08s 
46382      INFO  main            d.u.i.k.p.i.AbstractProblemLoader Replaying proof MemoryAllocator[MemoryAllocator::alloc_unsigned(int)].JML normal_behavior operation contract.0 
46580      DEBUG main            d.u.i.k.p.i.IntermediateProofReplayer Proof replay took 192.12ms 
46582      DEBUG main            d.u.i.k.p.r.p.TestFile    ... success: reloaded. 
46583      INFO  main            d.u.i.k.p.r.p.TestFile    Now processing file /home/runner/work/key/key/key.core/../key.ui/examples/heap/vacid0_01_SparseArray/MemoryAllocator_alloc.key 
46583      INFO  main            d.u.i.k.p.i.AbstractProblemLoader Loading environment from /home/runner/work/key/key/key.core/../key.ui/examples/heap/vacid0_01_SparseArray/MemoryAllocator_alloc.key 
46584      DEBUG main            d.u.i.k.p.i.AbstractProblemLoader Environment load took 239.2ns 
46585      INFO  main            d.u.i.k.p.i.AbstractProblemLoader Creating init config 
49757      DEBUG main            d.u.i.k.p.i.AbstractProblemLoader Init config took 3.17s 
49811      INFO  main            d.u.i.k.p.i.AbstractProblemLoader Replaying proof MemoryAllocator[MemoryAllocator::alloc(int)].JML normal_behavior operation contract.0 
49813      DEBUG main            d.u.i.k.p.i.IntermediateProofReplayer Proof replay took 6.3ns 
50522      INFO  main            d.u.i.k.p.r.p.TestFile    ... finished proof: closed. 
50710      INFO  main            d.u.i.k.p.i.AbstractProblemLoader Loading environment from /home/runner/work/key/key/key.core/../key.ui/examples/heap/vacid0_01_SparseArray/MemoryAllocator_alloc.key.proof 
50710      DEBUG main            d.u.i.k.p.i.AbstractProblemLoader Environment load took 474.4ns 
50712      INFO  main            d.u.i.k.p.i.AbstractProblemLoader Creating init config 
53884      DEBUG main            d.u.i.k.p.i.AbstractProblemLoader Init config took 3.17s 
53956      INFO  main            d.u.i.k.p.i.AbstractProblemLoader Replaying proof MemoryAllocator[MemoryAllocator::alloc(int)].JML normal_behavior operation contract.0 
54101      DEBUG main            d.u.i.k.p.i.IntermediateProofReplayer Proof replay took 140.11ms 
54103      DEBUG main            d.u.i.k.p.r.p.TestFile    ... success: reloaded. 
54104      INFO  main            d.u.i.k.p.r.p.TestFile    Now processing file /home/runner/work/key/key/key.core/../key.ui/examples/heap/vacid0_01_SparseArray/SparseArray_get_dep.key 
54105      INFO  main            d.u.i.k.p.i.AbstractProblemLoader Loading environment from /home/runner/work/key/key/key.core/../key.ui/examples/heap/vacid0_01_SparseArray/SparseArray_get_dep.key 
54105      DEBUG main            d.u.i.k.p.i.AbstractProblemLoader Environment load took 252ns 
54106      INFO  main            d.u.i.k.p.i.AbstractProblemLoader Creating init config 
57257      DEBUG main            d.u.i.k.p.i.AbstractProblemLoader Init config took 3.15s 
57359      INFO  main            d.u.i.k.p.i.AbstractProblemLoader Replaying proof SparseArray[SparseArray::get(int)].JML accessible clause.0 
57361      DEBUG main            d.u.i.k.p.i.IntermediateProofReplayer Proof replay took 5.8ns 
60186      INFO  main            d.u.i.k.p.r.p.TestFile    ... finished proof: closed. 
60410      INFO  main            d.u.i.k.p.i.AbstractProblemLoader Loading environment from /home/runner/work/key/key/key.core/../key.ui/examples/heap/vacid0_01_SparseArray/SparseArray_get_dep.key.proof 
60410      DEBUG main            d.u.i.k.p.i.AbstractProblemLoader Environment load took 431ns 
60411      INFO  main            d.u.i.k.p.i.AbstractProblemLoader Creating init config 
63497      DEBUG main            d.u.i.k.p.i.AbstractProblemLoader Init config took 3.09s 
63566      INFO  main            d.u.i.k.p.i.AbstractProblemLoader Replaying proof SparseArray[SparseArray::get(int)].JML accessible clause.0 
63821      DEBUG main            d.u.i.k.p.i.IntermediateProofReplayer Proof replay took 245.39ms 
63823      DEBUG main            d.u.i.k.p.r.p.TestFile    ... success: reloaded. 
63824      INFO  main            d.u.i.k.p.r.p.TestFile    Now processing file /home/runner/work/key/key/key.core/../key.ui/examples/heap/vacid0_01_SparseArray/SparseArray_get.key 
63825      INFO  main            d.u.i.k.p.i.AbstractProblemLoader Loading environment from /home/runner/work/key/key/key.core/../key.ui/examples/heap/vacid0_01_SparseArray/SparseArray_get.key 
63825      DEBUG main            d.u.i.k.p.i.AbstractProblemLoader Environment load took 278ns 
63826      INFO  main            d.u.i.k.p.i.AbstractProblemLoader Creating init config 
66924      DEBUG main            d.u.i.k.p.i.AbstractProblemLoader Init config took 3.1s 
66994      INFO  main            d.u.i.k.p.i.AbstractProblemLoader Replaying proof SparseArray[SparseArray::get(int)].JML normal_behavior operation contract.0 
66996      DEBUG main            d.u.i.k.p.i.IntermediateProofReplayer Proof replay took 5.9ns 
69433      INFO  main            d.u.i.k.p.r.p.TestFile    ... finished proof: closed. 
69718      INFO  main            d.u.i.k.p.i.AbstractProblemLoader Loading environment from /home/runner/work/key/key/key.core/../key.ui/examples/heap/vacid0_01_SparseArray/SparseArray_get.key.proof 
69719      DEBUG main            d.u.i.k.p.i.AbstractProblemLoader Environment load took 528ns 
69720      INFO  main            d.u.i.k.p.i.AbstractProblemLoader Creating init config 
72706      DEBUG main            d.u.i.k.p.i.AbstractProblemLoader Init config took 2.99s 
72773      INFO  main            d.u.i.k.p.i.AbstractProblemLoader Replaying proof SparseArray[SparseArray::get(int)].JML normal_behavior operation contract.0 
72992      DEBUG main            d.u.i.k.p.i.IntermediateProofReplayer Proof replay took 209.86ms 
72993      DEBUG main            d.u.i.k.p.r.p.TestFile    ... success: reloaded. 
72994      INFO  main            d.u.i.k.p.r.p.TestFile    Now processing file /home/runner/work/key/key/key.core/../key.ui/examples/heap/vacid0_01_SparseArray/SparseArray_inv.key 
72995      INFO  main            d.u.i.k.p.i.AbstractProblemLoader Loading environment from /home/runner/work/key/key/key.core/../key.ui/examples/heap/vacid0_01_SparseArray/SparseArray_inv.key 
72995      DEBUG main            d.u.i.k.p.i.AbstractProblemLoader Environment load took 284.5ns 
72996      INFO  main            d.u.i.k.p.i.AbstractProblemLoader Creating init config 
76093      DEBUG main            d.u.i.k.p.i.AbstractProblemLoader Init config took 3.1s 
76159      INFO  main            d.u.i.k.p.i.AbstractProblemLoader Replaying proof SparseArray[java.lang.Object::<inv>()].JML accessible clause.0 
76161      DEBUG main            d.u.i.k.p.i.IntermediateProofReplayer Proof replay took 6.7ns 
78323      INFO  main            d.u.i.k.p.r.p.TestFile    ... finished proof: closed. 
78539      INFO  main            d.u.i.k.p.i.AbstractProblemLoader Loading environment from /home/runner/work/key/key/key.core/../key.ui/examples/heap/vacid0_01_SparseArray/SparseArray_inv.key.proof 
78540      DEBUG main            d.u.i.k.p.i.AbstractProblemLoader Environment load took 523.3ns 
78541      INFO  main            d.u.i.k.p.i.AbstractProblemLoader Creating init config 
81650      DEBUG main            d.u.i.k.p.i.AbstractProblemLoader Init config took 3.11s 
81721      INFO  main            d.u.i.k.p.i.AbstractProblemLoader Replaying proof SparseArray[java.lang.Object::<inv>()].JML accessible clause.0 
81830      DEBUG main            d.u.i.k.p.i.IntermediateProofReplayer Proof replay took 103.34ms 
81832      DEBUG main            d.u.i.k.p.r.p.TestFile    ... success: reloaded. 
81833      INFO  main            d.u.i.k.p.r.p.TestFile    Now processing file /home/runner/work/key/key/key.core/../key.ui/examples/heap/vacid0_01_SparseArray/SparseArray_SparseArray.key 
81834      INFO  main            d.u.i.k.p.i.AbstractProblemLoader Loading environment from /home/runner/work/key/key/key.core/../key.ui/examples/heap/vacid0_01_SparseArray/SparseArray_SparseArray.key 
81834      DEBUG main            d.u.i.k.p.i.AbstractProblemLoader Environment load took 261.4ns 
81835      INFO  main            d.u.i.k.p.i.AbstractProblemLoader Creating init config 
84913      DEBUG main            d.u.i.k.p.i.AbstractProblemLoader Init config took 3.08s 
84981      INFO  main            d.u.i.k.p.i.AbstractProblemLoader Replaying proof SparseArray[SparseArray::SparseArray(int)].JML normal_behavior operation contract.0 
84983      DEBUG main            d.u.i.k.p.i.IntermediateProofReplayer Proof replay took 6.9ns 
88906      INFO  main            d.u.i.k.p.r.p.TestFile    ... finished proof: closed. 
89285      INFO  main            d.u.i.k.p.i.AbstractProblemLoader Loading environment from /home/runner/work/key/key/key.core/../key.ui/examples/heap/vacid0_01_SparseArray/SparseArray_SparseArray.key.proof 
89286      DEBUG main            d.u.i.k.p.i.AbstractProblemLoader Environment load took 481.9ns 
89287      INFO  main            d.u.i.k.p.i.AbstractProblemLoader Creating init config 
92408      DEBUG main            d.u.i.k.p.i.AbstractProblemLoader Init config took 3.12s 
92483      INFO  main            d.u.i.k.p.i.AbstractProblemLoader Replaying proof SparseArray[SparseArray::SparseArray(int)].JML normal_behavior operation contract.0 
92871      DEBUG main            d.u.i.k.p.i.IntermediateProofReplayer Proof replay took 377.79ms 
92873      DEBUG main            d.u.i.k.p.r.p.TestFile    ... success: reloaded. 
2531854    INFO  Test worker     d.u.i.k.p.r.RunAllProofsTestUnit Returning from test VACID0 
2531856    INFO  Test worker     d.u.i.k.p.r.RunAllProofsTestUnit Running test VSTTE10 
453        INFO  Timeout watchdog d.u.i.k.p.r.p.ForkedTestFileRunner Timeout watcher launched (2000 secs.) 
479        WARN  main            d.u.i.k.s.ProofSettings   The settings in /home/runner/.key/proof-settings.props are *not* read. 
530        INFO  main            d.u.i.k.p.r.p.TestFile    Now processing file /home/runner/work/key/key/key.core/../key.ui/examples/heap/vstte10_01_SumAndMax/SumAndMax_sumAndMax.key 
688        INFO  main            d.u.i.k.p.i.AbstractProblemLoader Loading environment from /home/runner/work/key/key/key.core/../key.ui/examples/heap/vstte10_01_SumAndMax/SumAndMax_sumAndMax.key 
712        DEBUG main            d.u.i.k.p.i.AbstractProblemLoader Environment load took 2.68ms 
1029       INFO  main            d.u.i.k.p.i.AbstractProblemLoader Creating init config 
2134       DEBUG main            d.u.i.k.j.TypeConverter   No LDT found for Meta 
2134       DEBUG main            d.u.i.k.j.TypeConverter   No LDT found for Meta 
2136       DEBUG main            d.u.i.k.j.TypeConverter   No LDT found for Meta 
2136       DEBUG main            d.u.i.k.j.TypeConverter   No LDT found for Meta 
4078       DEBUG main            d.u.i.k.j.TypeConverter   No LDT found for JavaBigintExpression 
10398      DEBUG main            d.u.i.k.p.i.AbstractProblemLoader Init config took 9.37s 
10618      INFO  main            d.u.i.k.p.i.AbstractProblemLoader Replaying proof SumAndMax[SumAndMax::sumAndMax([I)].JML normal_behavior operation contract.0 
10719      DEBUG main            d.u.i.k.p.i.IntermediateProofReplayer Proof replay took 43.4ns 
17080      INFO  main            d.u.i.k.p.r.p.TestFile    ... finished proof: closed. 
17302      INFO  main            d.u.i.k.p.i.AbstractProblemLoader Loading environment from /home/runner/work/key/key/key.core/../key.ui/examples/heap/vstte10_01_SumAndMax/SumAndMax_sumAndMax.key.proof 
17302      DEBUG main            d.u.i.k.p.i.AbstractProblemLoader Environment load took 177ns 
17305      INFO  main            d.u.i.k.p.i.AbstractProblemLoader Creating init config 
20827      DEBUG main            d.u.i.k.p.i.AbstractProblemLoader Init config took 3.52s 
20924      INFO  main            d.u.i.k.p.i.AbstractProblemLoader Replaying proof SumAndMax[SumAndMax::sumAndMax([I)].JML normal_behavior operation contract.0 
21612      DEBUG main            d.u.i.k.p.i.IntermediateProofReplayer Proof replay took 661.38ms 
21622      DEBUG main            d.u.i.k.p.r.p.TestFile    ... success: reloaded. 
21624      INFO  main            d.u.i.k.p.r.p.TestFile    Now processing file /home/runner/work/key/key/key.core/../key.ui/examples/heap/vstte10_03_LinkedList/Node_cons.key 
21625      INFO  main            d.u.i.k.p.i.AbstractProblemLoader Loading environment from /home/runner/work/key/key/key.core/../key.ui/examples/heap/vstte10_03_LinkedList/Node_cons.key 
21625      DEBUG main            d.u.i.k.p.i.AbstractProblemLoader Environment load took 281.8ns 
21627      INFO  main            d.u.i.k.p.i.AbstractProblemLoader Creating init config 
24922      DEBUG main            d.u.i.k.p.i.AbstractProblemLoader Init config took 3.3s 
25001      INFO  main            d.u.i.k.p.i.AbstractProblemLoader Replaying proof Node[Node::cons(int,Node)].JML normal_behavior operation contract.0 
25004      DEBUG main            d.u.i.k.p.i.IntermediateProofReplayer Proof replay took 6.6ns 
26936      INFO  main            d.u.i.k.p.r.p.TestFile    ... finished proof: closed. 
27117      INFO  main            d.u.i.k.p.i.AbstractProblemLoader Loading environment from /home/runner/work/key/key/key.core/../key.ui/examples/heap/vstte10_03_LinkedList/Node_cons.key.proof 
27119      DEBUG main            d.u.i.k.p.i.AbstractProblemLoader Environment load took 1.63ms 
27121      INFO  main            d.u.i.k.p.i.AbstractProblemLoader Creating init config 
30180      DEBUG main            d.u.i.k.p.i.AbstractProblemLoader Init config took 3.06s 
30282      INFO  main            d.u.i.k.p.i.AbstractProblemLoader Replaying proof Node[Node::cons(int,Node)].JML normal_behavior operation contract.0 
30621      DEBUG main            d.u.i.k.p.i.IntermediateProofReplayer Proof replay took 324.48ms 
30623      DEBUG main            d.u.i.k.p.r.p.TestFile    ... success: reloaded. 
30624      INFO  main            d.u.i.k.p.r.p.TestFile    Now processing file /home/runner/work/key/key/key.core/../key.ui/examples/heap/vstte10_03_LinkedList/Node_inv.key 
30625      INFO  main            d.u.i.k.p.i.AbstractProblemLoader Loading environment from /home/runner/work/key/key/key.core/../key.ui/examples/heap/vstte10_03_LinkedList/Node_inv.key 
30625      DEBUG main            d.u.i.k.p.i.AbstractProblemLoader Environment load took 262.7ns 
30627      INFO  main            d.u.i.k.p.i.AbstractProblemLoader Creating init config 
33692      DEBUG main            d.u.i.k.p.i.AbstractProblemLoader Init config took 3.06s 
33771      INFO  main            d.u.i.k.p.i.AbstractProblemLoader Replaying proof Node[java.lang.Object::<inv>()].JML accessible clause.0 
33774      DEBUG main            d.u.i.k.p.i.IntermediateProofReplayer Proof replay took 5.8ns 
34178      INFO  main            d.u.i.k.p.r.p.TestFile    ... finished proof: closed. 
34357      INFO  main            d.u.i.k.p.i.AbstractProblemLoader Loading environment from /home/runner/work/key/key/key.core/../key.ui/examples/heap/vstte10_03_LinkedList/Node_inv.key.proof 
34358      DEBUG main            d.u.i.k.p.i.AbstractProblemLoader Environment load took 696.7ns 
34361      INFO  main            d.u.i.k.p.i.AbstractProblemLoader Creating init config 
37406      DEBUG main            d.u.i.k.p.i.AbstractProblemLoader Init config took 3.04s 
37492      INFO  main            d.u.i.k.p.i.AbstractProblemLoader Replaying proof Node[java.lang.Object::<inv>()].JML accessible clause.0 
37533      DEBUG main            d.u.i.k.p.i.IntermediateProofReplayer Proof replay took 34.47ms 
37535      DEBUG main            d.u.i.k.p.r.p.TestFile    ... success: reloaded. 
37537      INFO  main            d.u.i.k.p.r.p.TestFile    Now processing file /home/runner/work/key/key/key.core/../key.ui/examples/heap/vstte10_03_LinkedList/Node_search.key 
37537      INFO  main            d.u.i.k.p.i.AbstractProblemLoader Loading environment from /home/runner/work/key/key/key.core/../key.ui/examples/heap/vstte10_03_LinkedList/Node_search.key 
37537      DEBUG main            d.u.i.k.p.i.AbstractProblemLoader Environment load took 238.1ns 
37538      INFO  main            d.u.i.k.p.i.AbstractProblemLoader Creating init config 
40591      DEBUG main            d.u.i.k.p.i.AbstractProblemLoader Init config took 3.05s 
40661      INFO  main            d.u.i.k.p.i.AbstractProblemLoader Replaying proof Node[Node::search()].JML normal_behavior operation contract.0 
40664      DEBUG main            d.u.i.k.p.i.IntermediateProofReplayer Proof replay took 6.3ns 
47821      INFO  main            d.u.i.k.p.r.p.TestFile    ... finished proof: closed. 
48077      INFO  main            d.u.i.k.p.i.AbstractProblemLoader Loading environment from /home/runner/work/key/key/key.core/../key.ui/examples/heap/vstte10_03_LinkedList/Node_search.key.proof 
48077      DEBUG main            d.u.i.k.p.i.AbstractProblemLoader Environment load took 512.5ns 
48082      INFO  main            d.u.i.k.p.i.AbstractProblemLoader Creating init config 
51138      DEBUG main            d.u.i.k.p.i.AbstractProblemLoader Init config took 3.06s 
51205      INFO  main            d.u.i.k.p.i.AbstractProblemLoader Replaying proof Node[Node::search()].JML normal_behavior operation contract.0 
51955      DEBUG main            d.u.i.k.p.i.IntermediateProofReplayer Proof replay took 700.35ms 
51958      DEBUG main            d.u.i.k.p.r.p.TestFile    ... success: reloaded. 
51959      INFO  main            d.u.i.k.p.r.p.TestFile    Now processing file /home/runner/work/key/key/key.core/../key.ui/examples/heap/vstte10_04_Queens/Queens_isConsistent.key 
51959      INFO  main            d.u.i.k.p.i.AbstractProblemLoader Loading environment from /home/runner/work/key/key/key.core/../key.ui/examples/heap/vstte10_04_Queens/Queens_isConsistent.key 
51959      DEBUG main            d.u.i.k.p.i.AbstractProblemLoader Environment load took 173.6ns 
51960      INFO  main            d.u.i.k.p.i.AbstractProblemLoader Creating init config 
55372      DEBUG main            d.u.i.k.p.i.AbstractProblemLoader Init config took 3.41s 
55421      INFO  main            d.u.i.k.p.i.AbstractProblemLoader Replaying proof Queens[Queens::isConsistent([I,int)].JML normal_behavior operation contract.0 
55423      DEBUG main            d.u.i.k.p.i.IntermediateProofReplayer Proof replay took 6.2ns 
57594      INFO  main            d.u.i.k.p.r.p.TestFile    ... finished proof: closed. 
57826      INFO  main            d.u.i.k.p.i.AbstractProblemLoader Loading environment from /home/runner/work/key/key/key.core/../key.ui/examples/heap/vstte10_04_Queens/Queens_isConsistent.key.proof 
57827      DEBUG main            d.u.i.k.p.i.AbstractProblemLoader Environment load took 449.2ns 
57828      INFO  main            d.u.i.k.p.i.AbstractProblemLoader Creating init config 
60891      DEBUG main            d.u.i.k.p.i.AbstractProblemLoader Init config took 3.06s 
60938      INFO  main            d.u.i.k.p.i.AbstractProblemLoader Replaying proof Queens[Queens::isConsistent([I,int)].JML normal_behavior operation contract.0 
61307      DEBUG main            d.u.i.k.p.i.IntermediateProofReplayer Proof replay took 359.7ms 
61309      DEBUG main            d.u.i.k.p.r.p.TestFile    ... success: reloaded. 
61311      INFO  main            d.u.i.k.p.r.p.TestFile    Now processing file /home/runner/work/key/key/key.core/../key.ui/examples/heap/vstte10_04_Queens/Queens_nQueens.key 
61311      INFO  main            d.u.i.k.p.i.AbstractProblemLoader Loading environment from /home/runner/work/key/key/key.core/../key.ui/examples/heap/vstte10_04_Queens/Queens_nQueens.key 
61312      DEBUG main            d.u.i.k.p.i.AbstractProblemLoader Environment load took 789.9ns 
61313      INFO  main            d.u.i.k.p.i.AbstractProblemLoader Creating init config 
64334      DEBUG main            d.u.i.k.p.i.AbstractProblemLoader Init config took 3.02s 
64409      INFO  main            d.u.i.k.p.i.AbstractProblemLoader Replaying proof Queens[Queens::nQueens(int)].JML normal_behavior operation contract.0 
64411      DEBUG main            d.u.i.k.p.i.IntermediateProofReplayer Proof replay took 6ns 
78456      INFO  main            d.u.i.k.p.r.p.TestFile    ... finished proof: closed. 
78733      INFO  main            d.u.i.k.p.i.AbstractProblemLoader Loading environment from /home/runner/work/key/key/key.core/../key.ui/examples/heap/vstte10_04_Queens/Queens_nQueens.key.proof 
78733      DEBUG main            d.u.i.k.p.i.AbstractProblemLoader Environment load took 693ns 
78736      INFO  main            d.u.i.k.p.i.AbstractProblemLoader Creating init config 
81938      DEBUG main            d.u.i.k.p.i.AbstractProblemLoader Init config took 3.2s 
82002      INFO  main            d.u.i.k.p.i.AbstractProblemLoader Replaying proof Queens[Queens::nQueens(int)].JML normal_behavior operation contract.0 
82541      DEBUG main            d.u.i.k.p.i.IntermediateProofReplayer Proof replay took 517.9ms 
82543      DEBUG main            d.u.i.k.p.r.p.TestFile    ... success: reloaded. 
82545      INFO  main            d.u.i.k.p.r.p.TestFile    Now processing file /home/runner/work/key/key/key.core/../key.ui/examples/heap/vstte10_05_Queue/AmortizedQueue_AmortizedQueue.key 
82545      INFO  main            d.u.i.k.p.i.AbstractProblemLoader Loading environment from /home/runner/work/key/key/key.core/../key.ui/examples/heap/vstte10_05_Queue/AmortizedQueue_AmortizedQueue.key 
82545      DEBUG main            d.u.i.k.p.i.AbstractProblemLoader Environment load took 114.3ns 
82546      INFO  main            d.u.i.k.p.i.AbstractProblemLoader Creating init config 
85768      DEBUG main            d.u.i.k.p.i.AbstractProblemLoader Init config took 3.22s 
85822      INFO  main            d.u.i.k.p.i.AbstractProblemLoader Replaying proof AmortizedQueue[AmortizedQueue::AmortizedQueue()].JML normal_behavior operation contract.0 
85824      DEBUG main            d.u.i.k.p.i.IntermediateProofReplayer Proof replay took 7.4ns 
87537      INFO  main            d.u.i.k.p.r.p.TestFile    ... finished proof: closed. 
87767      INFO  main            d.u.i.k.p.i.AbstractProblemLoader Loading environment from /home/runner/work/key/key/key.core/../key.ui/examples/heap/vstte10_05_Queue/AmortizedQueue_AmortizedQueue.key.proof 
87767      DEBUG main            d.u.i.k.p.i.AbstractProblemLoader Environment load took 135.2ns 
87768      INFO  main            d.u.i.k.p.i.AbstractProblemLoader Creating init config 
90849      DEBUG main            d.u.i.k.p.i.AbstractProblemLoader Init config took 3.08s 
90912      INFO  main            d.u.i.k.p.i.AbstractProblemLoader Replaying proof AmortizedQueue[AmortizedQueue::AmortizedQueue()].JML normal_behavior operation contract.0 
91146      DEBUG main            d.u.i.k.p.i.IntermediateProofReplayer Proof replay took 227.86ms 
91148      DEBUG main            d.u.i.k.p.r.p.TestFile    ... success: reloaded. 
91149      INFO  main            d.u.i.k.p.r.p.TestFile    Now processing file /home/runner/work/key/key/key.core/../key.ui/examples/heap/vstte10_05_Queue/AmortizedQueue_front.key 
91149      INFO  main            d.u.i.k.p.i.AbstractProblemLoader Loading environment from /home/runner/work/key/key/key.core/../key.ui/examples/heap/vstte10_05_Queue/AmortizedQueue_front.key 
91150      DEBUG main            d.u.i.k.p.i.AbstractProblemLoader Environment load took 216.3ns 
91150      INFO  main            d.u.i.k.p.i.AbstractProblemLoader Creating init config 
94230      DEBUG main            d.u.i.k.p.i.AbstractProblemLoader Init config took 3.08s 
94282      INFO  main            d.u.i.k.p.i.AbstractProblemLoader Replaying proof AmortizedQueue[AmortizedQueue::front()].JML normal_behavior operation contract.0 
94284      DEBUG main            d.u.i.k.p.i.IntermediateProofReplayer Proof replay took 7.1ns 
94789      INFO  main            d.u.i.k.p.r.p.TestFile    ... finished proof: closed. 
95040      INFO  main            d.u.i.k.p.i.AbstractProblemLoader Loading environment from /home/runner/work/key/key/key.core/../key.ui/examples/heap/vstte10_05_Queue/AmortizedQueue_front.key.proof 
95040      DEBUG main            d.u.i.k.p.i.AbstractProblemLoader Environment load took 140.9ns 
95041      INFO  main            d.u.i.k.p.i.AbstractProblemLoader Creating init config 
98130      DEBUG main            d.u.i.k.p.i.AbstractProblemLoader Init config took 3.09s 
98179      INFO  main            d.u.i.k.p.i.AbstractProblemLoader Replaying proof AmortizedQueue[AmortizedQueue::front()].JML normal_behavior operation contract.0 
98227      DEBUG main            d.u.i.k.p.i.IntermediateProofReplayer Proof replay took 44.11ms 
98228      DEBUG main            d.u.i.k.p.r.p.TestFile    ... success: reloaded. 
98229      INFO  main            d.u.i.k.p.r.p.TestFile    Now processing file /home/runner/work/key/key/key.core/../key.ui/examples/heap/vstte10_05_Queue/LinkedList_concat.key 
98229      INFO  main            d.u.i.k.p.i.AbstractProblemLoader Loading environment from /home/runner/work/key/key/key.core/../key.ui/examples/heap/vstte10_05_Queue/LinkedList_concat.key 
98229      DEBUG main            d.u.i.k.p.i.AbstractProblemLoader Environment load took 112.4ns 
98230      INFO  main            d.u.i.k.p.i.AbstractProblemLoader Creating init config 
101349     DEBUG main            d.u.i.k.p.i.AbstractProblemLoader Init config took 3.12s 
101403     INFO  main            d.u.i.k.p.i.AbstractProblemLoader Replaying proof LinkedList[LinkedList::concat(LinkedList)].JML normal_behavior operation contract.0 
101404     DEBUG main            d.u.i.k.p.i.IntermediateProofReplayer Proof replay took 6.3ns 
110601     INFO  main            d.u.i.k.p.r.p.TestFile    ... finished proof: closed. 
110913     INFO  main            d.u.i.k.p.i.AbstractProblemLoader Loading environment from /home/runner/work/key/key/key.core/../key.ui/examples/heap/vstte10_05_Queue/LinkedList_concat.key.proof 
110914     DEBUG main            d.u.i.k.p.i.AbstractProblemLoader Environment load took 517.5ns 
110916     INFO  main            d.u.i.k.p.i.AbstractProblemLoader Creating init config 
113957     DEBUG main            d.u.i.k.p.i.AbstractProblemLoader Init config took 3.04s 
114015     INFO  main            d.u.i.k.p.i.AbstractProblemLoader Replaying proof LinkedList[LinkedList::concat(LinkedList)].JML normal_behavior operation contract.0 
114643     DEBUG main            d.u.i.k.p.i.IntermediateProofReplayer Proof replay took 597.73ms 
114646     DEBUG main            d.u.i.k.p.r.p.TestFile    ... success: reloaded. 
114647     INFO  main            d.u.i.k.p.r.p.TestFile    Now processing file /home/runner/work/key/key/key.core/../key.ui/examples/heap/vstte10_05_Queue/LinkedList_cons.key 
114647     INFO  main            d.u.i.k.p.i.AbstractProblemLoader Loading environment from /home/runner/work/key/key/key.core/../key.ui/examples/heap/vstte10_05_Queue/LinkedList_cons.key 
114648     DEBUG main            d.u.i.k.p.i.AbstractProblemLoader Environment load took 275ns 
114649     INFO  main            d.u.i.k.p.i.AbstractProblemLoader Creating init config 
117674     DEBUG main            d.u.i.k.p.i.AbstractProblemLoader Init config took 3.03s 
117723     INFO  main            d.u.i.k.p.i.AbstractProblemLoader Replaying proof LinkedList[LinkedList::cons(int)].JML normal_behavior operation contract.0 
117724     DEBUG main            d.u.i.k.p.i.IntermediateProofReplayer Proof replay took 5.3ns 
120262     INFO  main            d.u.i.k.p.r.p.TestFile    ... finished proof: closed. 
120547     INFO  main            d.u.i.k.p.i.AbstractProblemLoader Loading environment from /home/runner/work/key/key/key.core/../key.ui/examples/heap/vstte10_05_Queue/LinkedList_cons.key.proof 
120548     DEBUG main            d.u.i.k.p.i.AbstractProblemLoader Environment load took 449.4ns 
120549     INFO  main            d.u.i.k.p.i.AbstractProblemLoader Creating init config 
123488     DEBUG main            d.u.i.k.p.i.AbstractProblemLoader Init config took 2.94s 
123539     INFO  main            d.u.i.k.p.i.AbstractProblemLoader Replaying proof LinkedList[LinkedList::cons(int)].JML normal_behavior operation contract.0 
123823     DEBUG main            d.u.i.k.p.i.IntermediateProofReplayer Proof replay took 272.2ms 
123825     DEBUG main            d.u.i.k.p.r.p.TestFile    ... success: reloaded. 
123826     INFO  main            d.u.i.k.p.r.p.TestFile    Now processing file /home/runner/work/key/key/key.core/../key.ui/examples/heap/vstte10_05_Queue/LinkedList_head.key 
123826     INFO  main            d.u.i.k.p.i.AbstractProblemLoader Loading environment from /home/runner/work/key/key/key.core/../key.ui/examples/heap/vstte10_05_Queue/LinkedList_head.key 
123826     DEBUG main            d.u.i.k.p.i.AbstractProblemLoader Environment load took 123.2ns 
123827     INFO  main            d.u.i.k.p.i.AbstractProblemLoader Creating init config 
126841     DEBUG main            d.u.i.k.p.i.AbstractProblemLoader Init config took 3.01s 
126890     INFO  main            d.u.i.k.p.i.AbstractProblemLoader Replaying proof LinkedList[LinkedList::head()].JML normal_behavior operation contract.0 
126892     DEBUG main            d.u.i.k.p.i.IntermediateProofReplayer Proof replay took 5.9ns 
126995     INFO  main            d.u.i.k.p.r.p.TestFile    ... finished proof: closed. 
127246     INFO  main            d.u.i.k.p.i.AbstractProblemLoader Loading environment from /home/runner/work/key/key/key.core/../key.ui/examples/heap/vstte10_05_Queue/LinkedList_head.key.proof 
127246     DEBUG main            d.u.i.k.p.i.AbstractProblemLoader Environment load took 130.1ns 
127247     INFO  main            d.u.i.k.p.i.AbstractProblemLoader Creating init config 
130192     DEBUG main            d.u.i.k.p.i.AbstractProblemLoader Init config took 2.94s 
130242     INFO  main            d.u.i.k.p.i.AbstractProblemLoader Replaying proof LinkedList[LinkedList::head()].JML normal_behavior operation contract.0 
130256     DEBUG main            d.u.i.k.p.i.IntermediateProofReplayer Proof replay took 12.18ms 
130258     DEBUG main            d.u.i.k.p.r.p.TestFile    ... success: reloaded. 
130260     INFO  main            d.u.i.k.p.r.p.TestFile    Now processing file /home/runner/work/key/key/key.core/../key.ui/examples/heap/vstte10_05_Queue/LinkedList_inv.key 
130260     INFO  main            d.u.i.k.p.i.AbstractProblemLoader Loading environment from /home/runner/work/key/key/key.core/../key.ui/examples/heap/vstte10_05_Queue/LinkedList_inv.key 
130260     DEBUG main            d.u.i.k.p.i.AbstractProblemLoader Environment load took 124.6ns 
130261     INFO  main            d.u.i.k.p.i.AbstractProblemLoader Creating init config 
133362     DEBUG main            d.u.i.k.p.i.AbstractProblemLoader Init config took 3.1s 
133431     INFO  main            d.u.i.k.p.i.AbstractProblemLoader Replaying proof LinkedList[java.lang.Object::<inv>()].JML accessible clause.0 
133433     DEBUG main            d.u.i.k.p.i.IntermediateProofReplayer Proof replay took 6.9ns 
133747     INFO  main            d.u.i.k.p.r.p.TestFile    ... finished proof: closed. 
133976     INFO  main            d.u.i.k.p.i.AbstractProblemLoader Loading environment from /home/runner/work/key/key/key.core/../key.ui/examples/heap/vstte10_05_Queue/LinkedList_inv.key.proof 
133976     DEBUG main            d.u.i.k.p.i.AbstractProblemLoader Environment load took 140.4ns 
133978     INFO  main            d.u.i.k.p.i.AbstractProblemLoader Creating init config 
136852     DEBUG main            d.u.i.k.p.i.AbstractProblemLoader Init config took 2.87s 
136901     INFO  main            d.u.i.k.p.i.AbstractProblemLoader Replaying proof LinkedList[java.lang.Object::<inv>()].JML accessible clause.0 
136926     DEBUG main            d.u.i.k.p.i.IntermediateProofReplayer Proof replay took 22.8ms 
136927     DEBUG main            d.u.i.k.p.r.p.TestFile    ... success: reloaded. 
136928     INFO  main            d.u.i.k.p.r.p.TestFile    Now processing file /home/runner/work/key/key/key.core/../key.ui/examples/heap/vstte10_05_Queue/LinkedList_length.key 
136929     INFO  main            d.u.i.k.p.i.AbstractProblemLoader Loading environment from /home/runner/work/key/key/key.core/../key.ui/examples/heap/vstte10_05_Queue/LinkedList_length.key 
136929     DEBUG main            d.u.i.k.p.i.AbstractProblemLoader Environment load took 94.3ns 
136930     INFO  main            d.u.i.k.p.i.AbstractProblemLoader Creating init config 
140052     DEBUG main            d.u.i.k.p.i.AbstractProblemLoader Init config took 3.12s 
140102     INFO  main            d.u.i.k.p.i.AbstractProblemLoader Replaying proof LinkedList[LinkedList::length()].JML normal_behavior operation contract.0 
140104     DEBUG main            d.u.i.k.p.i.IntermediateProofReplayer Proof replay took 7.6ns 
140206     INFO  main            d.u.i.k.p.r.p.TestFile    ... finished proof: closed. 
140469     INFO  main            d.u.i.k.p.i.AbstractProblemLoader Loading environment from /home/runner/work/key/key/key.core/../key.ui/examples/heap/vstte10_05_Queue/LinkedList_length.key.proof 
140469     DEBUG main            d.u.i.k.p.i.AbstractProblemLoader Environment load took 111.1ns 
140470     INFO  main            d.u.i.k.p.i.AbstractProblemLoader Creating init config 
143455     DEBUG main            d.u.i.k.p.i.AbstractProblemLoader Init config took 2.98s 
143505     INFO  main            d.u.i.k.p.i.AbstractProblemLoader Replaying proof LinkedList[LinkedList::length()].JML normal_behavior operation contract.0 
143518     DEBUG main            d.u.i.k.p.i.IntermediateProofReplayer Proof replay took 11.87ms 
143519     DEBUG main            d.u.i.k.p.r.p.TestFile    ... success: reloaded. 
143520     INFO  main            d.u.i.k.p.r.p.TestFile    Now processing file /home/runner/work/key/key/key.core/../key.ui/examples/heap/vstte10_05_Queue/LinkedList_LinkedList1.key 
143521     INFO  main            d.u.i.k.p.i.AbstractProblemLoader Loading environment from /home/runner/work/key/key/key.core/../key.ui/examples/heap/vstte10_05_Queue/LinkedList_LinkedList1.key 
143521     DEBUG main            d.u.i.k.p.i.AbstractProblemLoader Environment load took 117.5ns 
143522     INFO  main            d.u.i.k.p.i.AbstractProblemLoader Creating init config 
146542     DEBUG main            d.u.i.k.p.i.AbstractProblemLoader Init config took 3.02s 
146615     INFO  main            d.u.i.k.p.i.AbstractProblemLoader Replaying proof LinkedList[LinkedList::LinkedList(int,LinkedList)].JML normal_behavior operation contract.0 
146617     DEBUG main            d.u.i.k.p.i.IntermediateProofReplayer Proof replay took 6ns 
148747     INFO  main            d.u.i.k.p.r.p.TestFile    ... finished proof: closed. 
149057     INFO  main            d.u.i.k.p.i.AbstractProblemLoader Loading environment from /home/runner/work/key/key/key.core/../key.ui/examples/heap/vstte10_05_Queue/LinkedList_LinkedList1.key.proof 
149057     DEBUG main            d.u.i.k.p.i.AbstractProblemLoader Environment load took 128.4ns 
149060     INFO  main            d.u.i.k.p.i.AbstractProblemLoader Creating init config 
151976     DEBUG main            d.u.i.k.p.i.AbstractProblemLoader Init config took 2.92s 
152027     INFO  main            d.u.i.k.p.i.AbstractProblemLoader Replaying proof LinkedList[LinkedList::LinkedList(int,LinkedList)].JML normal_behavior operation contract.0 
152238     DEBUG main            d.u.i.k.p.i.IntermediateProofReplayer Proof replay took 203.09ms 
152239     DEBUG main            d.u.i.k.p.r.p.TestFile    ... success: reloaded. 
152241     INFO  main            d.u.i.k.p.r.p.TestFile    Now processing file /home/runner/work/key/key/key.core/../key.ui/examples/heap/vstte10_05_Queue/LinkedList_LinkedList2.key 
152242     INFO  main            d.u.i.k.p.i.AbstractProblemLoader Loading environment from /home/runner/work/key/key/key.core/../key.ui/examples/heap/vstte10_05_Queue/LinkedList_LinkedList2.key 
152242     DEBUG main            d.u.i.k.p.i.AbstractProblemLoader Environment load took 297.8ns 
152243     INFO  main            d.u.i.k.p.i.AbstractProblemLoader Creating init config 
155229     DEBUG main            d.u.i.k.p.i.AbstractProblemLoader Init config took 2.99s 
155276     INFO  main            d.u.i.k.p.i.AbstractProblemLoader Replaying proof LinkedList[LinkedList::LinkedList(int,LinkedList)].JML normal_behavior operation contract.0 
155278     DEBUG main            d.u.i.k.p.i.IntermediateProofReplayer Proof replay took 5.8ns 
157385     INFO  main            d.u.i.k.p.r.p.TestFile    ... finished proof: closed. 
157693     INFO  main            d.u.i.k.p.i.AbstractProblemLoader Loading environment from /home/runner/work/key/key/key.core/../key.ui/examples/heap/vstte10_05_Queue/LinkedList_LinkedList2.key.proof 
157694     DEBUG main            d.u.i.k.p.i.AbstractProblemLoader Environment load took 169.1ns 
157697     INFO  main            d.u.i.k.p.i.AbstractProblemLoader Creating init config 
160634     DEBUG main            d.u.i.k.p.i.AbstractProblemLoader Init config took 2.94s 
160681     INFO  main            d.u.i.k.p.i.AbstractProblemLoader Replaying proof LinkedList[LinkedList::LinkedList(int,LinkedList)].JML normal_behavior operation contract.0 
160918     DEBUG main            d.u.i.k.p.i.IntermediateProofReplayer Proof replay took 231.03ms 
160920     DEBUG main            d.u.i.k.p.r.p.TestFile    ... success: reloaded. 
160922     INFO  main            d.u.i.k.p.r.p.TestFile    Now processing file /home/runner/work/key/key/key.core/../key.ui/examples/heap/vstte10_05_Queue/LinkedList_LinkedList3.key 
160923     INFO  main            d.u.i.k.p.i.AbstractProblemLoader Loading environment from /home/runner/work/key/key/key.core/../key.ui/examples/heap/vstte10_05_Queue/LinkedList_LinkedList3.key 
160923     DEBUG main            d.u.i.k.p.i.AbstractProblemLoader Environment load took 78.3ns 
160924     INFO  main            d.u.i.k.p.i.AbstractProblemLoader Creating init config 
163955     DEBUG main            d.u.i.k.p.i.AbstractProblemLoader Init config took 3.03s 
164004     INFO  main            d.u.i.k.p.i.AbstractProblemLoader Replaying proof LinkedList[LinkedList::LinkedList(int,LinkedList)].JML normal_behavior operation contract.0 
164007     DEBUG main            d.u.i.k.p.i.IntermediateProofReplayer Proof replay took 6.8ns 
180072     INFO  main            d.u.i.k.p.r.p.TestFile    ... finished proof: closed. 
180447     INFO  main            d.u.i.k.p.i.AbstractProblemLoader Loading environment from /home/runner/work/key/key/key.core/../key.ui/examples/heap/vstte10_05_Queue/LinkedList_LinkedList3.key.proof 
180447     DEBUG main            d.u.i.k.p.i.AbstractProblemLoader Environment load took 470.9ns 
180453     INFO  main            d.u.i.k.p.i.AbstractProblemLoader Creating init config 
183365     DEBUG main            d.u.i.k.p.i.AbstractProblemLoader Init config took 2.91s 
183413     INFO  main            d.u.i.k.p.i.AbstractProblemLoader Replaying proof LinkedList[LinkedList::LinkedList(int,LinkedList)].JML normal_behavior operation contract.0 
184889     DEBUG main            d.u.i.k.p.i.IntermediateProofReplayer Proof replay took 1.39s 
184896     DEBUG main            d.u.i.k.p.r.p.TestFile    ... success: reloaded. 
184897     INFO  main            d.u.i.k.p.r.p.TestFile    Now processing file /home/runner/work/key/key/key.core/../key.ui/examples/heap/vstte10_05_Queue/LinkedList_reverse.key 
184897     INFO  main            d.u.i.k.p.i.AbstractProblemLoader Loading environment from /home/runner/work/key/key/key.core/../key.ui/examples/heap/vstte10_05_Queue/LinkedList_reverse.key 
184898     DEBUG main            d.u.i.k.p.i.AbstractProblemLoader Environment load took 273.2ns 
184899     INFO  main            d.u.i.k.p.i.AbstractProblemLoader Creating init config 
187861     DEBUG main            d.u.i.k.p.i.AbstractProblemLoader Init config took 2.96s 
187911     INFO  main            d.u.i.k.p.i.AbstractProblemLoader Replaying proof LinkedList[LinkedList::reverse()].JML normal_behavior operation contract.0 
187913     DEBUG main            d.u.i.k.p.i.IntermediateProofReplayer Proof replay took 5.7ns 
198039     INFO  main            d.u.i.k.p.r.p.TestFile    ... finished proof: closed. 
198428     INFO  main            d.u.i.k.p.i.AbstractProblemLoader Loading environment from /home/runner/work/key/key/key.core/../key.ui/examples/heap/vstte10_05_Queue/LinkedList_reverse.key.proof 
198428     DEBUG main            d.u.i.k.p.i.AbstractProblemLoader Environment load took 330.8ns 
198431     INFO  main            d.u.i.k.p.i.AbstractProblemLoader Creating init config 
201353     DEBUG main            d.u.i.k.p.i.AbstractProblemLoader Init config took 2.92s 
201403     INFO  main            d.u.i.k.p.i.AbstractProblemLoader Replaying proof LinkedList[LinkedList::reverse()].JML normal_behavior operation contract.0 
202017     DEBUG main            d.u.i.k.p.i.IntermediateProofReplayer Proof replay took 584.35ms 
202019     DEBUG main            d.u.i.k.p.r.p.TestFile    ... success: reloaded. 
202025     INFO  main            d.u.i.k.p.r.p.TestFile    Now processing file /home/runner/work/key/key/key.core/../key.ui/examples/heap/vstte10_05_Queue/LinkedList_tail.key 
202026     INFO  main            d.u.i.k.p.i.AbstractProblemLoader Loading environment from /home/runner/work/key/key/key.core/../key.ui/examples/heap/vstte10_05_Queue/LinkedList_tail.key 
202026     DEBUG main            d.u.i.k.p.i.AbstractProblemLoader Environment load took 130.7ns 
202028     INFO  main            d.u.i.k.p.i.AbstractProblemLoader Creating init config 
205063     DEBUG main            d.u.i.k.p.i.AbstractProblemLoader Init config took 3.04s 
205115     INFO  main            d.u.i.k.p.i.AbstractProblemLoader Replaying proof LinkedList[LinkedList::tail()].JML normal_behavior operation contract.0 
205117     DEBUG main            d.u.i.k.p.i.IntermediateProofReplayer Proof replay took 41.8ns 
205720     INFO  main            d.u.i.k.p.r.p.TestFile    ... finished proof: closed. 
206027     INFO  main            d.u.i.k.p.i.AbstractProblemLoader Loading environment from /home/runner/work/key/key/key.core/../key.ui/examples/heap/vstte10_05_Queue/LinkedList_tail.key.proof 
206027     DEBUG main            d.u.i.k.p.i.AbstractProblemLoader Environment load took 147.4ns 
206028     INFO  main            d.u.i.k.p.i.AbstractProblemLoader Creating init config 
208989     DEBUG main            d.u.i.k.p.i.AbstractProblemLoader Init config took 2.96s 
209037     INFO  main            d.u.i.k.p.i.AbstractProblemLoader Replaying proof LinkedList[LinkedList::tail()].JML normal_behavior operation contract.0 
209123     DEBUG main            d.u.i.k.p.i.IntermediateProofReplayer Proof replay took 82.87ms 
209124     DEBUG main            d.u.i.k.p.r.p.TestFile    ... success: reloaded. 
2741185    INFO  Test worker     d.u.i.k.p.r.RunAllProofsTestUnit Returning from test VSTTE10 
2741186    INFO  Test worker     d.u.i.k.p.r.RunAllProofsTestUnit Running test WeideEtAl 
380        INFO  Timeout watchdog d.u.i.k.p.r.p.ForkedTestFileRunner Timeout watcher launched (2000 secs.) 
398        WARN  main            d.u.i.k.s.ProofSettings   The settings in /home/runner/.key/proof-settings.props are *not* read. 
434        INFO  main            d.u.i.k.p.r.p.TestFile    Now processing file /home/runner/work/key/key/key.core/../key.ui/examples/heap/WeideEtAl_01_AddAndMultiply/AddAndMultiply_add.key 
582        INFO  main            d.u.i.k.p.i.AbstractProblemLoader Loading environment from /home/runner/work/key/key/key.core/../key.ui/examples/heap/WeideEtAl_01_AddAndMultiply/AddAndMultiply_add.key 
603        DEBUG main            d.u.i.k.p.i.AbstractProblemLoader Environment load took 2.17ms 
907        INFO  main            d.u.i.k.p.i.AbstractProblemLoader Creating init config 
2068       DEBUG main            d.u.i.k.j.TypeConverter   No LDT found for Meta 
2068       DEBUG main            d.u.i.k.j.TypeConverter   No LDT found for Meta 
2071       DEBUG main            d.u.i.k.j.TypeConverter   No LDT found for Meta 
2071       DEBUG main            d.u.i.k.j.TypeConverter   No LDT found for Meta 
3654       DEBUG main            d.u.i.k.j.TypeConverter   No LDT found for JavaBigintExpression 
9542       DEBUG main            d.u.i.k.p.i.AbstractProblemLoader Init config took 8.63s 
9689       INFO  main            d.u.i.k.p.i.AbstractProblemLoader Replaying proof AddAndMultiply[AddAndMultiply::add(int,int)].JML normal_behavior operation contract.0 
9731       DEBUG main            d.u.i.k.p.i.IntermediateProofReplayer Proof replay took 31.6ns 
11512      INFO  main            d.u.i.k.p.r.p.TestFile    ... finished proof: closed. 
11686      INFO  main            d.u.i.k.p.i.AbstractProblemLoader Loading environment from /home/runner/work/key/key/key.core/../key.ui/examples/heap/WeideEtAl_01_AddAndMultiply/AddAndMultiply_add.key.proof 
11687      DEBUG main            d.u.i.k.p.i.AbstractProblemLoader Environment load took 620.7ns 
11690      INFO  main            d.u.i.k.p.i.AbstractProblemLoader Creating init config 
15127      DEBUG main            d.u.i.k.p.i.AbstractProblemLoader Init config took 3.44s 
15231      INFO  main            d.u.i.k.p.i.AbstractProblemLoader Replaying proof AddAndMultiply[AddAndMultiply::add(int,int)].JML normal_behavior operation contract.0 
15461      DEBUG main            d.u.i.k.p.i.IntermediateProofReplayer Proof replay took 218.54ms 
15470      DEBUG main            d.u.i.k.p.r.p.TestFile    ... success: reloaded. 
15472      INFO  main            d.u.i.k.p.r.p.TestFile    Now processing file /home/runner/work/key/key/key.core/../key.ui/examples/heap/WeideEtAl_01_AddAndMultiply/AddAndMultiply_mul.key 
15472      INFO  main            d.u.i.k.p.i.AbstractProblemLoader Loading environment from /home/runner/work/key/key/key.core/../key.ui/examples/heap/WeideEtAl_01_AddAndMultiply/AddAndMultiply_mul.key 
15473      DEBUG main            d.u.i.k.p.i.AbstractProblemLoader Environment load took 333.8ns 
15475      INFO  main            d.u.i.k.p.i.AbstractProblemLoader Creating init config 
18727      DEBUG main            d.u.i.k.p.i.AbstractProblemLoader Init config took 3.25s 
18797      INFO  main            d.u.i.k.p.i.AbstractProblemLoader Replaying proof AddAndMultiply[AddAndMultiply::mul(int,int)].JML normal_behavior operation contract.0 
18801      DEBUG main            d.u.i.k.p.i.IntermediateProofReplayer Proof replay took 7.3ns 
19406      INFO  main            d.u.i.k.p.r.p.TestFile    ... finished proof: closed. 
19606      INFO  main            d.u.i.k.p.i.AbstractProblemLoader Loading environment from /home/runner/work/key/key/key.core/../key.ui/examples/heap/WeideEtAl_01_AddAndMultiply/AddAndMultiply_mul.key.proof 
19606      DEBUG main            d.u.i.k.p.i.AbstractProblemLoader Environment load took 260.6ns 
19610      INFO  main            d.u.i.k.p.i.AbstractProblemLoader Creating init config 
22834      DEBUG main            d.u.i.k.p.i.AbstractProblemLoader Init config took 3.22s 
22893      INFO  main            d.u.i.k.p.i.AbstractProblemLoader Replaying proof AddAndMultiply[AddAndMultiply::mul(int,int)].JML normal_behavior operation contract.0 
23058      DEBUG main            d.u.i.k.p.i.IntermediateProofReplayer Proof replay took 158.85ms 
23059      DEBUG main            d.u.i.k.p.r.p.TestFile    ... success: reloaded. 
23061      INFO  main            d.u.i.k.p.r.p.TestFile    Now processing file /home/runner/work/key/key/key.core/../key.ui/examples/heap/WeideEtAl_02_BinarySearch/BinarySearch_search.key 
23061      INFO  main            d.u.i.k.p.i.AbstractProblemLoader Loading environment from /home/runner/work/key/key/key.core/../key.ui/examples/heap/WeideEtAl_02_BinarySearch/BinarySearch_search.key 
23061      DEBUG main            d.u.i.k.p.i.AbstractProblemLoader Environment load took 286.7ns 
23063      INFO  main            d.u.i.k.p.i.AbstractProblemLoader Creating init config 
26294      DEBUG main            d.u.i.k.p.i.AbstractProblemLoader Init config took 3.23s 
26355      INFO  main            d.u.i.k.p.i.AbstractProblemLoader Replaying proof BinarySearch[BinarySearch::search([I,int)].JML normal_behavior operation contract.0 
26361      DEBUG main            d.u.i.k.p.i.IntermediateProofReplayer Proof replay took 6.6ns 
30320      INFO  main            d.u.i.k.p.r.p.TestFile    ... finished proof: closed. 
30573      INFO  main            d.u.i.k.p.i.AbstractProblemLoader Loading environment from /home/runner/work/key/key/key.core/../key.ui/examples/heap/WeideEtAl_02_BinarySearch/BinarySearch_search.key.proof 
30574      DEBUG main            d.u.i.k.p.i.AbstractProblemLoader Environment load took 448.8ns 
30579      INFO  main            d.u.i.k.p.i.AbstractProblemLoader Creating init config 
33668      DEBUG main            d.u.i.k.p.i.AbstractProblemLoader Init config took 3.09s 
33731      INFO  main            d.u.i.k.p.i.AbstractProblemLoader Replaying proof BinarySearch[BinarySearch::search([I,int)].JML normal_behavior operation contract.0 
34270      DEBUG main            d.u.i.k.p.i.IntermediateProofReplayer Proof replay took 518.1ms 
34273      DEBUG main            d.u.i.k.p.r.p.TestFile    ... success: reloaded. 
2775664    INFO  Test worker     d.u.i.k.p.r.RunAllProofsTestUnit Returning from test WeideEtAl 
2775666    INFO  Test worker     d.u.i.k.p.r.RunAllProofsTestUnit Running test arithmetic 
481        INFO  Timeout watchdog d.u.i.k.p.r.p.ForkedTestFileRunner Timeout watcher launched (2000 secs.) 
503        WARN  main            d.u.i.k.s.ProofSettings   The settings in /home/runner/.key/proof-settings.props are *not* read. 
557        INFO  main            d.u.i.k.p.r.p.TestFile    Now processing file /home/runner/work/key/key/key.core/../key.ui/examples/standard_key/arith/binomial1.key 
729        INFO  main            d.u.i.k.p.i.AbstractProblemLoader Loading environment from /home/runner/work/key/key/key.core/../key.ui/examples/standard_key/arith/binomial1.key 
748        DEBUG main            d.u.i.k.p.i.AbstractProblemLoader Environment load took 2.31ms 
1044       INFO  main            d.u.i.k.p.i.AbstractProblemLoader Creating init config 
2174       DEBUG main            d.u.i.k.j.TypeConverter   No LDT found for Meta 
2175       DEBUG main            d.u.i.k.j.TypeConverter   No LDT found for Meta 
2180       DEBUG main            d.u.i.k.j.TypeConverter   No LDT found for Meta 
2201       DEBUG main            d.u.i.k.j.TypeConverter   No LDT found for Meta 
3780       DEBUG main            d.u.i.k.j.TypeConverter   No LDT found for JavaBigintExpression 
9952       DEBUG main            d.u.i.k.p.i.AbstractProblemLoader Init config took 8.91s 
10019      INFO  main            d.u.i.k.p.i.AbstractProblemLoader Replaying proof binomial1.key 
10059      DEBUG main            d.u.i.k.p.i.IntermediateProofReplayer Proof replay took 36.4ns 
10340      INFO  main            d.u.i.k.p.r.p.TestFile    ... finished proof: closed. 
10474      INFO  main            d.u.i.k.p.i.AbstractProblemLoader Loading environment from /home/runner/work/key/key/key.core/../key.ui/examples/standard_key/arith/binomial1.key.proof 
10478      DEBUG main            d.u.i.k.p.i.AbstractProblemLoader Environment load took 3.26ms 
10482      INFO  main            d.u.i.k.p.i.AbstractProblemLoader Creating init config 
13848      DEBUG main            d.u.i.k.p.i.AbstractProblemLoader Init config took 3.37s 
13882      INFO  main            d.u.i.k.p.i.AbstractProblemLoader Replaying proof binomial1.key.proof 
13897      DEBUG main            d.u.i.k.p.i.IntermediateProofReplayer Proof replay took 10.2ms 
13908      DEBUG main            d.u.i.k.p.r.p.TestFile    ... success: reloaded. 
13910      INFO  main            d.u.i.k.p.r.p.TestFile    Now processing file /home/runner/work/key/key/key.core/../key.ui/examples/standard_key/arith/binomial2.key 
13910      INFO  main            d.u.i.k.p.i.AbstractProblemLoader Loading environment from /home/runner/work/key/key/key.core/../key.ui/examples/standard_key/arith/binomial2.key 
13910      DEBUG main            d.u.i.k.p.i.AbstractProblemLoader Environment load took 229ns 
13912      INFO  main            d.u.i.k.p.i.AbstractProblemLoader Creating init config 
17181      DEBUG main            d.u.i.k.p.i.AbstractProblemLoader Init config took 3.27s 
17213      INFO  main            d.u.i.k.p.i.AbstractProblemLoader Replaying proof binomial2.key 
17218      DEBUG main            d.u.i.k.p.i.IntermediateProofReplayer Proof replay took 6.7ns 
17322      INFO  main            d.u.i.k.p.r.p.TestFile    ... finished proof: closed. 
17511      INFO  main            d.u.i.k.p.i.AbstractProblemLoader Loading environment from /home/runner/work/key/key/key.core/../key.ui/examples/standard_key/arith/binomial2.key.proof 
17513      DEBUG main            d.u.i.k.p.i.AbstractProblemLoader Environment load took 1.18ms 
17516      INFO  main            d.u.i.k.p.i.AbstractProblemLoader Creating init config 
20776      DEBUG main            d.u.i.k.p.i.AbstractProblemLoader Init config took 3.26s 
20806      INFO  main            d.u.i.k.p.i.AbstractProblemLoader Replaying proof binomial2.key.proof 
20819      DEBUG main            d.u.i.k.p.i.IntermediateProofReplayer Proof replay took 9.02ms 
20820      DEBUG main            d.u.i.k.p.r.p.TestFile    ... success: reloaded. 
20823      INFO  main            d.u.i.k.p.r.p.TestFile    Now processing file /home/runner/work/key/key/key.core/../key.ui/examples/standard_key/arith/check_jdiv.key 
20823      INFO  main            d.u.i.k.p.i.AbstractProblemLoader Loading environment from /home/runner/work/key/key/key.core/../key.ui/examples/standard_key/arith/check_jdiv.key 
20824      DEBUG main            d.u.i.k.p.i.AbstractProblemLoader Environment load took 259.5ns 
20826      INFO  main            d.u.i.k.p.i.AbstractProblemLoader Creating init config 
24026      DEBUG main            d.u.i.k.p.i.AbstractProblemLoader Init config took 3.2s 
24052      INFO  main            d.u.i.k.p.i.AbstractProblemLoader Replaying proof check_jdiv.key 
24057      DEBUG main            d.u.i.k.p.i.IntermediateProofReplayer Proof replay took 6.7ns 
30467      INFO  main            d.u.i.k.p.r.p.TestFile    ... finished proof: closed. 
30710      INFO  main            d.u.i.k.p.i.AbstractProblemLoader Loading environment from /home/runner/work/key/key/key.core/../key.ui/examples/standard_key/arith/check_jdiv.key.proof 
30710      DEBUG main            d.u.i.k.p.i.AbstractProblemLoader Environment load took 612.2ns 
30716      INFO  main            d.u.i.k.p.i.AbstractProblemLoader Creating init config 
33937      DEBUG main            d.u.i.k.p.i.AbstractProblemLoader Init config took 3.22s 
33962      INFO  main            d.u.i.k.p.i.AbstractProblemLoader Replaying proof check_jdiv.key.proof 
34424      DEBUG main            d.u.i.k.p.i.IntermediateProofReplayer Proof replay took 414.72ms 
34427      DEBUG main            d.u.i.k.p.r.p.TestFile    ... success: reloaded. 
34428      INFO  main            d.u.i.k.p.r.p.TestFile    Now processing file /home/runner/work/key/key/key.core/../key.ui/examples/standard_key/arith/check_jdiv_concrete.key 
34429      INFO  main            d.u.i.k.p.i.AbstractProblemLoader Loading environment from /home/runner/work/key/key/key.core/../key.ui/examples/standard_key/arith/check_jdiv_concrete.key 
34429      DEBUG main            d.u.i.k.p.i.AbstractProblemLoader Environment load took 252.9ns 
34432      INFO  main            d.u.i.k.p.i.AbstractProblemLoader Creating init config 
37596      DEBUG main            d.u.i.k.p.i.AbstractProblemLoader Init config took 3.16s 
37620      INFO  main            d.u.i.k.p.i.AbstractProblemLoader Replaying proof check_jdiv_concrete.key 
37623      DEBUG main            d.u.i.k.p.i.IntermediateProofReplayer Proof replay took 7ns 
37726      INFO  main            d.u.i.k.p.r.p.TestFile    ... finished proof: closed. 
37953      INFO  main            d.u.i.k.p.i.AbstractProblemLoader Loading environment from /home/runner/work/key/key/key.core/../key.ui/examples/standard_key/arith/check_jdiv_concrete.key.proof 
37953      DEBUG main            d.u.i.k.p.i.AbstractProblemLoader Environment load took 128.4ns 
37954      INFO  main            d.u.i.k.p.i.AbstractProblemLoader Creating init config 
41032      DEBUG main            d.u.i.k.p.i.AbstractProblemLoader Init config took 3.08s 
41054      INFO  main            d.u.i.k.p.i.AbstractProblemLoader Replaying proof check_jdiv_concrete.key.proof 
41060      DEBUG main            d.u.i.k.p.i.IntermediateProofReplayer Proof replay took 3.35ms 
41061      DEBUG main            d.u.i.k.p.r.p.TestFile    ... success: reloaded. 
41062      INFO  main            d.u.i.k.p.r.p.TestFile    Now processing file /home/runner/work/key/key/key.core/../key.ui/examples/standard_key/arith/check_jdiv_instantiated.key 
41062      INFO  main            d.u.i.k.p.i.AbstractProblemLoader Loading environment from /home/runner/work/key/key/key.core/../key.ui/examples/standard_key/arith/check_jdiv_instantiated.key 
41062      DEBUG main            d.u.i.k.p.i.AbstractProblemLoader Environment load took 130.3ns 
41064      INFO  main            d.u.i.k.p.i.AbstractProblemLoader Creating init config 
44218      DEBUG main            d.u.i.k.p.i.AbstractProblemLoader Init config took 3.15s 
44240      INFO  main            d.u.i.k.p.i.AbstractProblemLoader Replaying proof check_jdiv_instantiated.key 
44243      DEBUG main            d.u.i.k.p.i.IntermediateProofReplayer Proof replay took 6.3ns 
48150      INFO  main            d.u.i.k.p.r.p.TestFile    ... finished proof: closed. 
48404      INFO  main            d.u.i.k.p.i.AbstractProblemLoader Loading environment from /home/runner/work/key/key/key.core/../key.ui/examples/standard_key/arith/check_jdiv_instantiated.key.proof 
48405      DEBUG main            d.u.i.k.p.i.AbstractProblemLoader Environment load took 482.3ns 
48410      INFO  main            d.u.i.k.p.i.AbstractProblemLoader Creating init config 
51553      DEBUG main            d.u.i.k.p.i.AbstractProblemLoader Init config took 3.14s 
51579      INFO  main            d.u.i.k.p.i.AbstractProblemLoader Replaying proof check_jdiv_instantiated.key.proof 
51777      DEBUG main            d.u.i.k.p.i.IntermediateProofReplayer Proof replay took 171.19ms 
51780      DEBUG main            d.u.i.k.p.r.p.TestFile    ... success: reloaded. 
51781      INFO  main            d.u.i.k.p.r.p.TestFile    Now processing file /home/runner/work/key/key/key.core/../key.ui/examples/standard_key/arith/check_jmod.key 
51782      INFO  main            d.u.i.k.p.i.AbstractProblemLoader Loading environment from /home/runner/work/key/key/key.core/../key.ui/examples/standard_key/arith/check_jmod.key 
51782      DEBUG main            d.u.i.k.p.i.AbstractProblemLoader Environment load took 283.1ns 
51783      INFO  main            d.u.i.k.p.i.AbstractProblemLoader Creating init config 
54921      DEBUG main            d.u.i.k.p.i.AbstractProblemLoader Init config took 3.14s 
54943      INFO  main            d.u.i.k.p.i.AbstractProblemLoader Replaying proof check_jmod.key 
54946      DEBUG main            d.u.i.k.p.i.IntermediateProofReplayer Proof replay took 6.1ns 
55552      INFO  main            d.u.i.k.p.r.p.TestFile    ... finished proof: closed. 
55835      INFO  main            d.u.i.k.p.i.AbstractProblemLoader Loading environment from /home/runner/work/key/key/key.core/../key.ui/examples/standard_key/arith/check_jmod.key.proof 
55836      DEBUG main            d.u.i.k.p.i.AbstractProblemLoader Environment load took 483.8ns 
55837      INFO  main            d.u.i.k.p.i.AbstractProblemLoader Creating init config 
58870      DEBUG main            d.u.i.k.p.i.AbstractProblemLoader Init config took 3.03s 
58891      INFO  main            d.u.i.k.p.i.AbstractProblemLoader Replaying proof check_jmod.key.proof 
58929      DEBUG main            d.u.i.k.p.i.IntermediateProofReplayer Proof replay took 32.22ms 
58930      DEBUG main            d.u.i.k.p.r.p.TestFile    ... success: reloaded. 
58932      INFO  main            d.u.i.k.p.r.p.TestFile    Now processing file /home/runner/work/key/key/key.core/../key.ui/examples/standard_key/arith/complexExpressions.key 
58932      INFO  main            d.u.i.k.p.i.AbstractProblemLoader Loading environment from /home/runner/work/key/key/key.core/../key.ui/examples/standard_key/arith/complexExpressions.key 
58932      DEBUG main            d.u.i.k.p.i.AbstractProblemLoader Environment load took 206.4ns 
58933      INFO  main            d.u.i.k.p.i.AbstractProblemLoader Creating init config 
62112      DEBUG main            d.u.i.k.p.i.AbstractProblemLoader Init config took 3.18s 
62134      INFO  main            d.u.i.k.p.i.AbstractProblemLoader Replaying proof complexExpressions.key 
62136      DEBUG main            d.u.i.k.p.i.IntermediateProofReplayer Proof replay took 6.5ns 
62245      INFO  main            d.u.i.k.p.r.p.TestFile    ... finished proof: closed. 
62448      INFO  main            d.u.i.k.p.i.AbstractProblemLoader Loading environment from /home/runner/work/key/key/key.core/../key.ui/examples/standard_key/arith/complexExpressions.key.proof 
62448      DEBUG main            d.u.i.k.p.i.AbstractProblemLoader Environment load took 132.1ns 
62450      INFO  main            d.u.i.k.p.i.AbstractProblemLoader Creating init config 
65418      DEBUG main            d.u.i.k.p.i.AbstractProblemLoader Init config took 2.97s 
65444      INFO  main            d.u.i.k.p.i.AbstractProblemLoader Replaying proof complexExpressions.key.proof 
65459      DEBUG main            d.u.i.k.p.i.IntermediateProofReplayer Proof replay took 11.72ms 
65461      DEBUG main            d.u.i.k.p.r.p.TestFile    ... success: reloaded. 
65462      INFO  main            d.u.i.k.p.r.p.TestFile    Now processing file /home/runner/work/key/key/key.core/../key.ui/examples/standard_key/arith/compound_unaryMinus.key 
65463      INFO  main            d.u.i.k.p.i.AbstractProblemLoader Loading environment from /home/runner/work/key/key/key.core/../key.ui/examples/standard_key/arith/compound_unaryMinus.key 
65463      DEBUG main            d.u.i.k.p.i.AbstractProblemLoader Environment load took 219.4ns 
65464      INFO  main            d.u.i.k.p.i.AbstractProblemLoader Creating init config 
68552      DEBUG main            d.u.i.k.p.i.AbstractProblemLoader Init config took 3.09s 
68572      INFO  main            d.u.i.k.p.i.AbstractProblemLoader Replaying proof compound_unaryMinus.key 
68574      DEBUG main            d.u.i.k.p.i.IntermediateProofReplayer Proof replay took 6.9ns 
68676      INFO  main            d.u.i.k.p.r.p.TestFile    ... finished proof: closed. 
68866      INFO  main            d.u.i.k.p.i.AbstractProblemLoader Loading environment from /home/runner/work/key/key/key.core/../key.ui/examples/standard_key/arith/compound_unaryMinus.key.proof 
68866      DEBUG main            d.u.i.k.p.i.AbstractProblemLoader Environment load took 136.8ns 
68867      INFO  main            d.u.i.k.p.i.AbstractProblemLoader Creating init config 
71903      DEBUG main            d.u.i.k.p.i.AbstractProblemLoader Init config took 3.04s 
71924      INFO  main            d.u.i.k.p.i.AbstractProblemLoader Replaying proof compound_unaryMinus.key.proof 
71931      DEBUG main            d.u.i.k.p.i.IntermediateProofReplayer Proof replay took 4.54ms 
71932      DEBUG main            d.u.i.k.p.r.p.TestFile    ... success: reloaded. 
71932      INFO  main            d.u.i.k.p.r.p.TestFile    Now processing file /home/runner/work/key/key/key.core/../key.ui/examples/standard_key/arith/computation.key 
71933      INFO  main            d.u.i.k.p.i.AbstractProblemLoader Loading environment from /home/runner/work/key/key/key.core/../key.ui/examples/standard_key/arith/computation.key 
71933      DEBUG main            d.u.i.k.p.i.AbstractProblemLoader Environment load took 146.2ns 
71934      INFO  main            d.u.i.k.p.i.AbstractProblemLoader Creating init config 
75023      DEBUG main            d.u.i.k.p.i.AbstractProblemLoader Init config took 3.09s 
75045      INFO  main            d.u.i.k.p.i.AbstractProblemLoader Replaying proof computation.key 
75047      DEBUG main            d.u.i.k.p.i.IntermediateProofReplayer Proof replay took 6.8ns 
76822      INFO  main            d.u.i.k.p.r.p.TestFile    ... finished proof: closed. 
77115      INFO  main            d.u.i.k.p.i.AbstractProblemLoader Loading environment from /home/runner/work/key/key/key.core/../key.ui/examples/standard_key/arith/computation.key.proof 
77116      DEBUG main            d.u.i.k.p.i.AbstractProblemLoader Environment load took 506.4ns 
77118      INFO  main            d.u.i.k.p.i.AbstractProblemLoader Creating init config 
80159      DEBUG main            d.u.i.k.p.i.AbstractProblemLoader Init config took 3.04s 
80183      INFO  main            d.u.i.k.p.i.AbstractProblemLoader Replaying proof computation.key.proof 
80297      DEBUG main            d.u.i.k.p.i.IntermediateProofReplayer Proof replay took 99.63ms 
80299      DEBUG main            d.u.i.k.p.r.p.TestFile    ... success: reloaded. 
80300      INFO  main            d.u.i.k.p.r.p.TestFile    Now processing file /home/runner/work/key/key/key.core/../key.ui/examples/standard_key/arith/cubicSum.key 
80301      INFO  main            d.u.i.k.p.i.AbstractProblemLoader Loading environment from /home/runner/work/key/key/key.core/../key.ui/examples/standard_key/arith/cubicSum.key 
80301      DEBUG main            d.u.i.k.p.i.AbstractProblemLoader Environment load took 250.5ns 
80302      INFO  main            d.u.i.k.p.i.AbstractProblemLoader Creating init config 
83543      DEBUG main            d.u.i.k.p.i.AbstractProblemLoader Init config took 3.24s 
83565      INFO  main            d.u.i.k.p.i.AbstractProblemLoader Replaying proof cubicSum.key 
83567      DEBUG main            d.u.i.k.p.i.IntermediateProofReplayer Proof replay took 7.8ns 
85076      INFO  main            d.u.i.k.p.r.p.TestFile    ... finished proof: closed. 
85405      INFO  main            d.u.i.k.p.i.AbstractProblemLoader Loading environment from /home/runner/work/key/key/key.core/../key.ui/examples/standard_key/arith/cubicSum.key.proof 
85405      DEBUG main            d.u.i.k.p.i.AbstractProblemLoader Environment load took 533ns 
85407      INFO  main            d.u.i.k.p.i.AbstractProblemLoader Creating init config 
88566      DEBUG main            d.u.i.k.p.i.AbstractProblemLoader Init config took 3.16s 
88588      INFO  main            d.u.i.k.p.i.AbstractProblemLoader Replaying proof cubicSum.key.proof 
88757      DEBUG main            d.u.i.k.p.i.IntermediateProofReplayer Proof replay took 165.31ms 
88759      DEBUG main            d.u.i.k.p.r.p.TestFile    ... success: reloaded. 
88760      INFO  main            d.u.i.k.p.r.p.TestFile    Now processing file /home/runner/work/key/key/key.core/../key.ui/examples/standard_key/arith/divByZero.key 
88760      INFO  main            d.u.i.k.p.i.AbstractProblemLoader Loading environment from /home/runner/work/key/key/key.core/../key.ui/examples/standard_key/arith/divByZero.key 
88760      DEBUG main            d.u.i.k.p.i.AbstractProblemLoader Environment load took 121.7ns 
88761      INFO  main            d.u.i.k.p.i.AbstractProblemLoader Creating init config 
91879      DEBUG main            d.u.i.k.p.i.AbstractProblemLoader Init config took 3.12s 
91896      INFO  main            d.u.i.k.p.i.AbstractProblemLoader Replaying proof divByZero.key 
91898      DEBUG main            d.u.i.k.p.i.IntermediateProofReplayer Proof replay took 7.5ns 
92101      INFO  main            d.u.i.k.p.r.p.TestFile    ... finished proof: closed. 
92341      INFO  main            d.u.i.k.p.i.AbstractProblemLoader Loading environment from /home/runner/work/key/key/key.core/../key.ui/examples/standard_key/arith/divByZero.key.proof 
92341      DEBUG main            d.u.i.k.p.i.AbstractProblemLoader Environment load took 123ns 
92343      INFO  main            d.u.i.k.p.i.AbstractProblemLoader Creating init config 
95426      DEBUG main            d.u.i.k.p.i.AbstractProblemLoader Init config took 3.08s 
95444      INFO  main            d.u.i.k.p.i.AbstractProblemLoader Replaying proof divByZero.key.proof 
95481      DEBUG main            d.u.i.k.p.i.IntermediateProofReplayer Proof replay took 34.17ms 
95482      DEBUG main            d.u.i.k.p.r.p.TestFile    ... success: reloaded. 
95483      INFO  main            d.u.i.k.p.r.p.TestFile    Now processing file /home/runner/work/key/key/key.core/../key.ui/examples/standard_key/arith/divisionAssoc.key 
95483      INFO  main            d.u.i.k.p.i.AbstractProblemLoader Loading environment from /home/runner/work/key/key/key.core/../key.ui/examples/standard_key/arith/divisionAssoc.key 
95483      DEBUG main            d.u.i.k.p.i.AbstractProblemLoader Environment load took 124.4ns 
95484      INFO  main            d.u.i.k.p.i.AbstractProblemLoader Creating init config 
98542      DEBUG main            d.u.i.k.p.i.AbstractProblemLoader Init config took 3.06s 
98561      INFO  main            d.u.i.k.p.i.AbstractProblemLoader Replaying proof divisionAssoc.key 
98563      DEBUG main            d.u.i.k.p.i.IntermediateProofReplayer Proof replay took 7.6ns 
99377      INFO  main            d.u.i.k.p.r.p.TestFile    ... finished proof: closed. 
99710      INFO  main            d.u.i.k.p.i.AbstractProblemLoader Loading environment from /home/runner/work/key/key/key.core/../key.ui/examples/standard_key/arith/divisionAssoc.key.proof 
99711      DEBUG main            d.u.i.k.p.i.AbstractProblemLoader Environment load took 456.3ns 
99712      INFO  main            d.u.i.k.p.i.AbstractProblemLoader Creating init config 
102687     DEBUG main            d.u.i.k.p.i.AbstractProblemLoader Init config took 2.98s 
102703     INFO  main            d.u.i.k.p.i.AbstractProblemLoader Replaying proof divisionAssoc.key.proof 
102744     DEBUG main            d.u.i.k.p.i.IntermediateProofReplayer Proof replay took 36.04ms 
102745     DEBUG main            d.u.i.k.p.r.p.TestFile    ... success: reloaded. 
102746     INFO  main            d.u.i.k.p.r.p.TestFile    Now processing file /home/runner/work/key/key/key.core/../key.ui/examples/standard_key/arith/divisionBy2.key 
102746     INFO  main            d.u.i.k.p.i.AbstractProblemLoader Loading environment from /home/runner/work/key/key/key.core/../key.ui/examples/standard_key/arith/divisionBy2.key 
102746     DEBUG main            d.u.i.k.p.i.AbstractProblemLoader Environment load took 96.2ns 
102747     INFO  main            d.u.i.k.p.i.AbstractProblemLoader Creating init config 
105875     DEBUG main            d.u.i.k.p.i.AbstractProblemLoader Init config took 3.13s 
105889     INFO  main            d.u.i.k.p.i.AbstractProblemLoader Replaying proof divisionBy2.key 
105891     DEBUG main            d.u.i.k.p.i.IntermediateProofReplayer Proof replay took 5.9ns 
105993     INFO  main            d.u.i.k.p.r.p.TestFile    ... finished proof: closed. 
106247     INFO  main            d.u.i.k.p.i.AbstractProblemLoader Loading environment from /home/runner/work/key/key/key.core/../key.ui/examples/standard_key/arith/divisionBy2.key.proof 
106247     DEBUG main            d.u.i.k.p.i.AbstractProblemLoader Environment load took 168.8ns 
106249     INFO  main            d.u.i.k.p.i.AbstractProblemLoader Creating init config 
109287     DEBUG main            d.u.i.k.p.i.AbstractProblemLoader Init config took 3.04s 
109304     INFO  main            d.u.i.k.p.i.AbstractProblemLoader Replaying proof divisionBy2.key.proof 
109312     DEBUG main            d.u.i.k.p.i.IntermediateProofReplayer Proof replay took 5.86ms 
109313     DEBUG main            d.u.i.k.p.r.p.TestFile    ... success: reloaded. 
109313     INFO  main            d.u.i.k.p.r.p.TestFile    Now processing file /home/runner/work/key/key/key.core/../key.ui/examples/standard_key/arith/euclidean/gcdHelp-post.key 
109314     INFO  main            d.u.i.k.p.i.AbstractProblemLoader Loading environment from /home/runner/work/key/key/key.core/../key.ui/examples/standard_key/arith/euclidean/gcdHelp-post.key 
109314     DEBUG main            d.u.i.k.p.i.AbstractProblemLoader Environment load took 118.2ns 
109315     INFO  main            d.u.i.k.p.i.AbstractProblemLoader Creating init config 
112650     DEBUG main            d.u.i.k.p.i.AbstractProblemLoader Init config took 3.33s 
112670     INFO  main            d.u.i.k.p.i.AbstractProblemLoader Replaying proof gcdHelp-post.key 
112672     DEBUG main            d.u.i.k.p.i.IntermediateProofReplayer Proof replay took 6.7ns 
116395     INFO  main            d.u.i.k.p.r.p.TestFile    ... finished proof: closed. 
116661     INFO  main            d.u.i.k.p.i.AbstractProblemLoader Loading environment from /home/runner/work/key/key/key.core/../key.ui/examples/standard_key/arith/euclidean/gcdHelp-post.key.proof 
116661     DEBUG main            d.u.i.k.p.i.AbstractProblemLoader Environment load took 131.3ns 
116663     INFO  main            d.u.i.k.p.i.AbstractProblemLoader Creating init config 
119795     DEBUG main            d.u.i.k.p.i.AbstractProblemLoader Init config took 3.13s 
119813     INFO  main            d.u.i.k.p.i.AbstractProblemLoader Replaying proof gcdHelp-post.key.proof 
120017     DEBUG main            d.u.i.k.p.i.IntermediateProofReplayer Proof replay took 192.59ms 
120019     DEBUG main            d.u.i.k.p.r.p.TestFile    ... success: reloaded. 
120021     INFO  main            d.u.i.k.p.r.p.TestFile    Now processing file /home/runner/work/key/key/key.core/../key.ui/examples/standard_key/arith/gemplusDecimal/add.key 
120021     INFO  main            d.u.i.k.p.i.AbstractProblemLoader Loading environment from /home/runner/work/key/key/key.core/../key.ui/examples/standard_key/arith/gemplusDecimal/add.key 
120021     DEBUG main            d.u.i.k.p.i.AbstractProblemLoader Environment load took 276.2ns 
120024     INFO  main            d.u.i.k.p.i.AbstractProblemLoader Creating init config 
123043     DEBUG main            d.u.i.k.p.i.AbstractProblemLoader Init config took 3.02s 
123061     INFO  main            d.u.i.k.p.i.AbstractProblemLoader Replaying proof add.key 
123063     DEBUG main            d.u.i.k.p.i.IntermediateProofReplayer Proof replay took 18.3ns 
172135     INFO  main            d.u.i.k.p.r.p.TestFile    ... finished proof: closed. 
172592     INFO  main            d.u.i.k.p.i.AbstractProblemLoader Loading environment from /home/runner/work/key/key/key.core/../key.ui/examples/standard_key/arith/gemplusDecimal/add.key.proof 
172592     DEBUG main            d.u.i.k.p.i.AbstractProblemLoader Environment load took 228.5ns 
172603     INFO  main            d.u.i.k.p.i.AbstractProblemLoader Creating init config 
175588     DEBUG main            d.u.i.k.p.i.AbstractProblemLoader Init config took 2.99s 
175605     INFO  main            d.u.i.k.p.i.AbstractProblemLoader Replaying proof add.key.proof 
178254     DEBUG main            d.u.i.k.p.i.IntermediateProofReplayer Proof replay took 2.53s 
178273     DEBUG main            d.u.i.k.p.r.p.TestFile    ... success: reloaded. 
178275     INFO  main            d.u.i.k.p.r.p.TestFile    Now processing file /home/runner/work/key/key/key.core/../key.ui/examples/standard_key/arith/jdivevenodd.key 
178275     INFO  main            d.u.i.k.p.i.AbstractProblemLoader Loading environment from /home/runner/work/key/key/key.core/../key.ui/examples/standard_key/arith/jdivevenodd.key 
178276     DEBUG main            d.u.i.k.p.i.AbstractProblemLoader Environment load took 243.7ns 
178277     INFO  main            d.u.i.k.p.i.AbstractProblemLoader Creating init config 
181391     DEBUG main            d.u.i.k.p.i.AbstractProblemLoader Init config took 3.11s 
181410     INFO  main            d.u.i.k.p.i.AbstractProblemLoader Replaying proof jdivevenodd.key 
181412     DEBUG main            d.u.i.k.p.i.IntermediateProofReplayer Proof replay took 6.4ns 
181617     INFO  main            d.u.i.k.p.r.p.TestFile    ... finished proof: closed. 
182052     INFO  main            d.u.i.k.p.i.AbstractProblemLoader Loading environment from /home/runner/work/key/key/key.core/../key.ui/examples/standard_key/arith/jdivevenodd.key.proof 
182054     DEBUG main            d.u.i.k.p.i.AbstractProblemLoader Environment load took 1.71ms 
182055     INFO  main            d.u.i.k.p.i.AbstractProblemLoader Creating init config 
184976     DEBUG main            d.u.i.k.p.i.AbstractProblemLoader Init config took 2.92s 
184992     INFO  main            d.u.i.k.p.i.AbstractProblemLoader Replaying proof jdivevenodd.key.proof 
185011     DEBUG main            d.u.i.k.p.i.IntermediateProofReplayer Proof replay took 16.2ms 
185012     DEBUG main            d.u.i.k.p.r.p.TestFile    ... success: reloaded. 
185014     INFO  main            d.u.i.k.p.r.p.TestFile    Now processing file /home/runner/work/key/key/key.core/../key.ui/examples/standard_key/arith/median.key 
185014     INFO  main            d.u.i.k.p.i.AbstractProblemLoader Loading environment from /home/runner/work/key/key/key.core/../key.ui/examples/standard_key/arith/median.key 
185014     DEBUG main            d.u.i.k.p.i.AbstractProblemLoader Environment load took 123.8ns 
185016     INFO  main            d.u.i.k.p.i.AbstractProblemLoader Creating init config 
187995     DEBUG main            d.u.i.k.p.i.AbstractProblemLoader Init config took 2.98s 
188010     INFO  main            d.u.i.k.p.i.AbstractProblemLoader Replaying proof median.key 
188012     DEBUG main            d.u.i.k.p.i.IntermediateProofReplayer Proof replay took 5.7ns 
205120     INFO  main            d.u.i.k.p.r.p.TestFile    ... finished proof: closed. 
205494     INFO  main            d.u.i.k.p.i.AbstractProblemLoader Loading environment from /home/runner/work/key/key/key.core/../key.ui/examples/standard_key/arith/median.key.proof 
205499     DEBUG main            d.u.i.k.p.i.AbstractProblemLoader Environment load took 5.87ms 
205506     INFO  main            d.u.i.k.p.i.AbstractProblemLoader Creating init config 
208463     DEBUG main            d.u.i.k.p.i.AbstractProblemLoader Init config took 2.96s 
208479     INFO  main            d.u.i.k.p.i.AbstractProblemLoader Replaying proof median.key.proof 
209206     DEBUG main            d.u.i.k.p.i.IntermediateProofReplayer Proof replay took 645.38ms 
209209     DEBUG main            d.u.i.k.p.r.p.TestFile    ... success: reloaded. 
209210     INFO  main            d.u.i.k.p.r.p.TestFile    Now processing file /home/runner/work/key/key/key.core/../key.ui/examples/standard_key/arith/mod1.key 
209210     INFO  main            d.u.i.k.p.i.AbstractProblemLoader Loading environment from /home/runner/work/key/key/key.core/../key.ui/examples/standard_key/arith/mod1.key 
209210     DEBUG main            d.u.i.k.p.i.AbstractProblemLoader Environment load took 99ns 
209211     INFO  main            d.u.i.k.p.i.AbstractProblemLoader Creating init config 
212262     DEBUG main            d.u.i.k.p.i.AbstractProblemLoader Init config took 3.05s 
212278     INFO  main            d.u.i.k.p.i.AbstractProblemLoader Replaying proof mod1.key 
212282     DEBUG main            d.u.i.k.p.i.IntermediateProofReplayer Proof replay took 5.8ns 
212384     INFO  main            d.u.i.k.p.r.p.TestFile    ... finished proof: closed. 
212757     INFO  main            d.u.i.k.p.i.AbstractProblemLoader Loading environment from /home/runner/work/key/key/key.core/../key.ui/examples/standard_key/arith/mod1.key.proof 
212757     DEBUG main            d.u.i.k.p.i.AbstractProblemLoader Environment load took 103.6ns 
212761     INFO  main            d.u.i.k.p.i.AbstractProblemLoader Creating init config 
215663     DEBUG main            d.u.i.k.p.i.AbstractProblemLoader Init config took 2.9s 
215678     INFO  main            d.u.i.k.p.i.AbstractProblemLoader Replaying proof mod1.key.proof 
215682     DEBUG main            d.u.i.k.p.i.IntermediateProofReplayer Proof replay took 1.87ms 
215683     DEBUG main            d.u.i.k.p.r.p.TestFile    ... success: reloaded. 
215684     INFO  main            d.u.i.k.p.r.p.TestFile    Now processing file /home/runner/work/key/key/key.core/../key.ui/examples/standard_key/arith/mod2.key 
215684     INFO  main            d.u.i.k.p.i.AbstractProblemLoader Loading environment from /home/runner/work/key/key/key.core/../key.ui/examples/standard_key/arith/mod2.key 
215684     DEBUG main            d.u.i.k.p.i.AbstractProblemLoader Environment load took 120.1ns 
215685     INFO  main            d.u.i.k.p.i.AbstractProblemLoader Creating init config 
218639     DEBUG main            d.u.i.k.p.i.AbstractProblemLoader Init config took 2.95s 
218656     INFO  main            d.u.i.k.p.i.AbstractProblemLoader Replaying proof mod2.key 
218660     DEBUG main            d.u.i.k.p.i.IntermediateProofReplayer Proof replay took 5.9ns 
218766     INFO  main            d.u.i.k.p.r.p.TestFile    ... finished proof: closed. 
219031     INFO  main            d.u.i.k.p.i.AbstractProblemLoader Loading environment from /home/runner/work/key/key/key.core/../key.ui/examples/standard_key/arith/mod2.key.proof 
219031     DEBUG main            d.u.i.k.p.i.AbstractProblemLoader Environment load took 95.6ns 
219032     INFO  main            d.u.i.k.p.i.AbstractProblemLoader Creating init config 
221934     DEBUG main            d.u.i.k.p.i.AbstractProblemLoader Init config took 2.9s 
221947     INFO  main            d.u.i.k.p.i.AbstractProblemLoader Replaying proof mod2.key.proof 
221950     DEBUG main            d.u.i.k.p.i.IntermediateProofReplayer Proof replay took 1.18ms 
221950     DEBUG main            d.u.i.k.p.r.p.TestFile    ... success: reloaded. 
221951     INFO  main            d.u.i.k.p.r.p.TestFile    Now processing file /home/runner/work/key/key/key.core/../key.ui/examples/standard_key/arith/mod7.key 
221952     INFO  main            d.u.i.k.p.i.AbstractProblemLoader Loading environment from /home/runner/work/key/key/key.core/../key.ui/examples/standard_key/arith/mod7.key 
221952     DEBUG main            d.u.i.k.p.i.AbstractProblemLoader Environment load took 114ns 
221953     INFO  main            d.u.i.k.p.i.AbstractProblemLoader Creating init config 
225001     DEBUG main            d.u.i.k.p.i.AbstractProblemLoader Init config took 3.05s 
225016     INFO  main            d.u.i.k.p.i.AbstractProblemLoader Replaying proof mod7.key 
225017     DEBUG main            d.u.i.k.p.i.IntermediateProofReplayer Proof replay took 5.3ns 
225119     INFO  main            d.u.i.k.p.r.p.TestFile    ... finished proof: closed. 
225398     INFO  main            d.u.i.k.p.i.AbstractProblemLoader Loading environment from /home/runner/work/key/key/key.core/../key.ui/examples/standard_key/arith/mod7.key.proof 
225398     DEBUG main            d.u.i.k.p.i.AbstractProblemLoader Environment load took 112.2ns 
225399     INFO  main            d.u.i.k.p.i.AbstractProblemLoader Creating init config 
228343     DEBUG main            d.u.i.k.p.i.AbstractProblemLoader Init config took 2.94s 
228357     INFO  main            d.u.i.k.p.i.AbstractProblemLoader Replaying proof mod7.key.proof 
228363     DEBUG main            d.u.i.k.p.i.IntermediateProofReplayer Proof replay took 4.11ms 
228364     DEBUG main            d.u.i.k.p.r.p.TestFile    ... success: reloaded. 
228365     INFO  main            d.u.i.k.p.r.p.TestFile    Now processing file /home/runner/work/key/key/key.core/../key.ui/examples/standard_key/arith/overflow_hija.key 
228365     INFO  main            d.u.i.k.p.i.AbstractProblemLoader Loading environment from /home/runner/work/key/key/key.core/../key.ui/examples/standard_key/arith/overflow_hija.key 
228365     DEBUG main            d.u.i.k.p.i.AbstractProblemLoader Environment load took 113.7ns 
228367     INFO  main            d.u.i.k.p.i.AbstractProblemLoader Creating init config 
231387     DEBUG main            d.u.i.k.p.i.AbstractProblemLoader Init config took 3.02s 
231406     INFO  main            d.u.i.k.p.i.AbstractProblemLoader Replaying proof overflow_hija.key 
231409     DEBUG main            d.u.i.k.p.i.IntermediateProofReplayer Proof replay took 6.5ns 
236732     INFO  main            d.u.i.k.p.r.p.TestFile    ... finished proof: closed. 
237076     INFO  main            d.u.i.k.p.i.AbstractProblemLoader Loading environment from /home/runner/work/key/key/key.core/../key.ui/examples/standard_key/arith/overflow_hija.key.proof 
237078     DEBUG main            d.u.i.k.p.i.AbstractProblemLoader Environment load took 1.81ms 
237080     INFO  main            d.u.i.k.p.i.AbstractProblemLoader Creating init config 
239980     DEBUG main            d.u.i.k.p.i.AbstractProblemLoader Init config took 2.9s 
239999     INFO  main            d.u.i.k.p.i.AbstractProblemLoader Replaying proof overflow_hija.key.proof 
240205     DEBUG main            d.u.i.k.p.i.IntermediateProofReplayer Proof replay took 193.42ms 
240207     DEBUG main            d.u.i.k.p.r.p.TestFile    ... success: reloaded. 
240208     INFO  main            d.u.i.k.p.r.p.TestFile    Now processing file /home/runner/work/key/key/key.core/../key.ui/examples/standard_key/arith/poly_division0.key 
240208     INFO  main            d.u.i.k.p.i.AbstractProblemLoader Loading environment from /home/runner/work/key/key/key.core/../key.ui/examples/standard_key/arith/poly_division0.key 
240208     DEBUG main            d.u.i.k.p.i.AbstractProblemLoader Environment load took 268.8ns 
240210     INFO  main            d.u.i.k.p.i.AbstractProblemLoader Creating init config 
243112     DEBUG main            d.u.i.k.p.i.AbstractProblemLoader Init config took 2.9s 
243126     INFO  main            d.u.i.k.p.i.AbstractProblemLoader Replaying proof poly_division0.key 
243128     DEBUG main            d.u.i.k.p.i.IntermediateProofReplayer Proof replay took 6.2ns 
243229     INFO  main            d.u.i.k.p.r.p.TestFile    ... finished proof: closed. 
243579     INFO  main            d.u.i.k.p.i.AbstractProblemLoader Loading environment from /home/runner/work/key/key/key.core/../key.ui/examples/standard_key/arith/poly_division0.key.proof 
243579     DEBUG main            d.u.i.k.p.i.AbstractProblemLoader Environment load took 97.6ns 
243581     INFO  main            d.u.i.k.p.i.AbstractProblemLoader Creating init config 
246449     DEBUG main            d.u.i.k.p.i.AbstractProblemLoader Init config took 2.87s 
246464     INFO  main            d.u.i.k.p.i.AbstractProblemLoader Replaying proof poly_division0.key.proof 
246471     DEBUG main            d.u.i.k.p.i.IntermediateProofReplayer Proof replay took 4.67ms 
246472     DEBUG main            d.u.i.k.p.r.p.TestFile    ... success: reloaded. 
246472     INFO  main            d.u.i.k.p.r.p.TestFile    Now processing file /home/runner/work/key/key/key.core/../key.ui/examples/standard_key/arith/poly_division1.key 
246473     INFO  main            d.u.i.k.p.i.AbstractProblemLoader Loading environment from /home/runner/work/key/key/key.core/../key.ui/examples/standard_key/arith/poly_division1.key 
246473     DEBUG main            d.u.i.k.p.i.AbstractProblemLoader Environment load took 103.3ns 
246474     INFO  main            d.u.i.k.p.i.AbstractProblemLoader Creating init config 
249443     DEBUG main            d.u.i.k.p.i.AbstractProblemLoader Init config took 2.97s 
249456     INFO  main            d.u.i.k.p.i.AbstractProblemLoader Replaying proof poly_division1.key 
249458     DEBUG main            d.u.i.k.p.i.IntermediateProofReplayer Proof replay took 5.7ns 
249562     INFO  main            d.u.i.k.p.r.p.TestFile    ... finished proof: closed. 
249869     INFO  main            d.u.i.k.p.i.AbstractProblemLoader Loading environment from /home/runner/work/key/key/key.core/../key.ui/examples/standard_key/arith/poly_division1.key.proof 
249869     DEBUG main            d.u.i.k.p.i.AbstractProblemLoader Environment load took 115.8ns 
249871     INFO  main            d.u.i.k.p.i.AbstractProblemLoader Creating init config 
252711     DEBUG main            d.u.i.k.p.i.AbstractProblemLoader Init config took 2.84s 
252724     INFO  main            d.u.i.k.p.i.AbstractProblemLoader Replaying proof poly_division1.key.proof 
252730     DEBUG main            d.u.i.k.p.i.IntermediateProofReplayer Proof replay took 3.45ms 
252730     DEBUG main            d.u.i.k.p.r.p.TestFile    ... success: reloaded. 
252731     INFO  main            d.u.i.k.p.r.p.TestFile    Now processing file /home/runner/work/key/key/key.core/../key.ui/examples/standard_key/inEqSimp/division.key 
252731     INFO  main            d.u.i.k.p.i.AbstractProblemLoader Loading environment from /home/runner/work/key/key/key.core/../key.ui/examples/standard_key/inEqSimp/division.key 
252731     DEBUG main            d.u.i.k.p.i.AbstractProblemLoader Environment load took 115.2ns 
252732     INFO  main            d.u.i.k.p.i.AbstractProblemLoader Creating init config 
255726     DEBUG main            d.u.i.k.p.i.AbstractProblemLoader Init config took 2.99s 
255745     INFO  main            d.u.i.k.p.i.AbstractProblemLoader Replaying proof division.key 
255747     DEBUG main            d.u.i.k.p.i.IntermediateProofReplayer Proof replay took 6.6ns 
258156     INFO  main            d.u.i.k.p.r.p.TestFile    ... finished proof: closed. 
258492     INFO  main            d.u.i.k.p.i.AbstractProblemLoader Loading environment from /home/runner/work/key/key/key.core/../key.ui/examples/standard_key/inEqSimp/division.key.proof 
258493     DEBUG main            d.u.i.k.p.i.AbstractProblemLoader Environment load took 318.6ns 
258494     INFO  main            d.u.i.k.p.i.AbstractProblemLoader Creating init config 
261488     DEBUG main            d.u.i.k.p.i.AbstractProblemLoader Init config took 2.99s 
261502     INFO  main            d.u.i.k.p.i.AbstractProblemLoader Replaying proof division.key.proof 
261574     DEBUG main            d.u.i.k.p.i.IntermediateProofReplayer Proof replay took 65.05ms 
261575     DEBUG main            d.u.i.k.p.r.p.TestFile    ... success: reloaded. 
261576     INFO  main            d.u.i.k.p.r.p.TestFile    Now processing file /home/runner/work/key/key/key.core/../key.ui/examples/standard_key/inEqSimp/inequations0.key 
261577     INFO  main            d.u.i.k.p.i.AbstractProblemLoader Loading environment from /home/runner/work/key/key/key.core/../key.ui/examples/standard_key/inEqSimp/inequations0.key 
261577     DEBUG main            d.u.i.k.p.i.AbstractProblemLoader Environment load took 235.8ns 
261578     INFO  main            d.u.i.k.p.i.AbstractProblemLoader Creating init config 
264579     DEBUG main            d.u.i.k.p.i.AbstractProblemLoader Init config took 3s 
264593     INFO  main            d.u.i.k.p.i.AbstractProblemLoader Replaying proof inequations0.key 
264594     DEBUG main            d.u.i.k.p.i.IntermediateProofReplayer Proof replay took 36.8ns 
264696     INFO  main            d.u.i.k.p.r.p.TestFile    ... finished proof: closed. 
265039     INFO  main            d.u.i.k.p.i.AbstractProblemLoader Loading environment from /home/runner/work/key/key/key.core/../key.ui/examples/standard_key/inEqSimp/inequations0.key.proof 
265039     DEBUG main            d.u.i.k.p.i.AbstractProblemLoader Environment load took 109.7ns 
265040     INFO  main            d.u.i.k.p.i.AbstractProblemLoader Creating init config 
267849     DEBUG main            d.u.i.k.p.i.AbstractProblemLoader Init config took 2.81s 
267863     INFO  main            d.u.i.k.p.i.AbstractProblemLoader Replaying proof inequations0.key.proof 
267866     DEBUG main            d.u.i.k.p.i.IntermediateProofReplayer Proof replay took 2.05ms 
267867     DEBUG main            d.u.i.k.p.r.p.TestFile    ... success: reloaded. 
267868     INFO  main            d.u.i.k.p.r.p.TestFile    Now processing file /home/runner/work/key/key/key.core/../key.ui/examples/standard_key/inEqSimp/inequations1.key 
267868     INFO  main            d.u.i.k.p.i.AbstractProblemLoader Loading environment from /home/runner/work/key/key/key.core/../key.ui/examples/standard_key/inEqSimp/inequations1.key 
267868     DEBUG main            d.u.i.k.p.i.AbstractProblemLoader Environment load took 93.8ns 
267869     INFO  main            d.u.i.k.p.i.AbstractProblemLoader Creating init config 
270791     DEBUG main            d.u.i.k.p.i.AbstractProblemLoader Init config took 2.92s 
270806     INFO  main            d.u.i.k.p.i.AbstractProblemLoader Replaying proof inequations1.key 
270808     DEBUG main            d.u.i.k.p.i.IntermediateProofReplayer Proof replay took 3.3ns 
270911     INFO  main            d.u.i.k.p.r.p.TestFile    ... finished proof: closed. 
271224     INFO  main            d.u.i.k.p.i.AbstractProblemLoader Loading environment from /home/runner/work/key/key/key.core/../key.ui/examples/standard_key/inEqSimp/inequations1.key.proof 
271225     DEBUG main            d.u.i.k.p.i.AbstractProblemLoader Environment load took 379ns 
271226     INFO  main            d.u.i.k.p.i.AbstractProblemLoader Creating init config 
274161     DEBUG main            d.u.i.k.p.i.AbstractProblemLoader Init config took 2.94s 
274176     INFO  main            d.u.i.k.p.i.AbstractProblemLoader Replaying proof inequations1.key.proof 
274180     DEBUG main            d.u.i.k.p.i.IntermediateProofReplayer Proof replay took 1.33ms 
274180     DEBUG main            d.u.i.k.p.r.p.TestFile    ... success: reloaded. 
274182     INFO  main            d.u.i.k.p.r.p.TestFile    Now processing file /home/runner/work/key/key/key.core/../key.ui/examples/standard_key/inEqSimp/inequations2.key 
274182     INFO  main            d.u.i.k.p.i.AbstractProblemLoader Loading environment from /home/runner/work/key/key/key.core/../key.ui/examples/standard_key/inEqSimp/inequations2.key 
274182     DEBUG main            d.u.i.k.p.i.AbstractProblemLoader Environment load took 84.1ns 
274183     INFO  main            d.u.i.k.p.i.AbstractProblemLoader Creating init config 
277124     DEBUG main            d.u.i.k.p.i.AbstractProblemLoader Init config took 2.94s 
277139     INFO  main            d.u.i.k.p.i.AbstractProblemLoader Replaying proof inequations2.key 
277140     DEBUG main            d.u.i.k.p.i.IntermediateProofReplayer Proof replay took 3.7ns 
277242     INFO  main            d.u.i.k.p.r.p.TestFile    ... finished proof: closed. 
277558     INFO  main            d.u.i.k.p.i.AbstractProblemLoader Loading environment from /home/runner/work/key/key/key.core/../key.ui/examples/standard_key/inEqSimp/inequations2.key.proof 
277558     DEBUG main            d.u.i.k.p.i.AbstractProblemLoader Environment load took 87.7ns 
277559     INFO  main            d.u.i.k.p.i.AbstractProblemLoader Creating init config 
280466     DEBUG main            d.u.i.k.p.i.AbstractProblemLoader Init config took 2.91s 
280479     INFO  main            d.u.i.k.p.i.AbstractProblemLoader Replaying proof inequations2.key.proof 
280483     DEBUG main            d.u.i.k.p.i.IntermediateProofReplayer Proof replay took 1.4ms 
280483     DEBUG main            d.u.i.k.p.r.p.TestFile    ... success: reloaded. 
280484     INFO  main            d.u.i.k.p.r.p.TestFile    Now processing file /home/runner/work/key/key/key.core/../key.ui/examples/standard_key/inEqSimp/linApprox.key 
280484     INFO  main            d.u.i.k.p.i.AbstractProblemLoader Loading environment from /home/runner/work/key/key/key.core/../key.ui/examples/standard_key/inEqSimp/linApprox.key 
280484     DEBUG main            d.u.i.k.p.i.AbstractProblemLoader Environment load took 98.5ns 
280485     INFO  main            d.u.i.k.p.i.AbstractProblemLoader Creating init config 
283483     DEBUG main            d.u.i.k.p.i.AbstractProblemLoader Init config took 3s 
283497     INFO  main            d.u.i.k.p.i.AbstractProblemLoader Replaying proof linApprox.key 
283498     DEBUG main            d.u.i.k.p.i.IntermediateProofReplayer Proof replay took 3.2ns 
283600     INFO  main            d.u.i.k.p.r.p.TestFile    ... finished proof: closed. 
283947     INFO  main            d.u.i.k.p.i.AbstractProblemLoader Loading environment from /home/runner/work/key/key/key.core/../key.ui/examples/standard_key/inEqSimp/linApprox.key.proof 
283947     DEBUG main            d.u.i.k.p.i.AbstractProblemLoader Environment load took 98ns 
283948     INFO  main            d.u.i.k.p.i.AbstractProblemLoader Creating init config 
286834     DEBUG main            d.u.i.k.p.i.AbstractProblemLoader Init config took 2.89s 
286848     INFO  main            d.u.i.k.p.i.AbstractProblemLoader Replaying proof linApprox.key.proof 
286851     DEBUG main            d.u.i.k.p.i.IntermediateProofReplayer Proof replay took 1.86ms 
286852     DEBUG main            d.u.i.k.p.r.p.TestFile    ... success: reloaded. 
286853     INFO  main            d.u.i.k.p.r.p.TestFile    Now processing file /home/runner/work/key/key/key.core/../key.ui/examples/standard_key/inEqSimp/nonLinInEqExample0.key 
286853     INFO  main            d.u.i.k.p.i.AbstractProblemLoader Loading environment from /home/runner/work/key/key/key.core/../key.ui/examples/standard_key/inEqSimp/nonLinInEqExample0.key 
286853     DEBUG main            d.u.i.k.p.i.AbstractProblemLoader Environment load took 99ns 
286854     INFO  main            d.u.i.k.p.i.AbstractProblemLoader Creating init config 
289857     DEBUG main            d.u.i.k.p.i.AbstractProblemLoader Init config took 3s 
289873     INFO  main            d.u.i.k.p.i.AbstractProblemLoader Replaying proof nonLinInEqExample0.key 
289874     DEBUG main            d.u.i.k.p.i.IntermediateProofReplayer Proof replay took 2.8ns 
289976     INFO  main            d.u.i.k.p.r.p.TestFile    ... finished proof: closed. 
290311     INFO  main            d.u.i.k.p.i.AbstractProblemLoader Loading environment from /home/runner/work/key/key/key.core/../key.ui/examples/standard_key/inEqSimp/nonLinInEqExample0.key.proof 
290311     DEBUG main            d.u.i.k.p.i.AbstractProblemLoader Environment load took 98ns 
290312     INFO  main            d.u.i.k.p.i.AbstractProblemLoader Creating init config 
293362     DEBUG main            d.u.i.k.p.i.AbstractProblemLoader Init config took 3.05s 
293376     INFO  main            d.u.i.k.p.i.AbstractProblemLoader Replaying proof nonLinInEqExample0.key.proof 
293378     DEBUG main            d.u.i.k.p.i.IntermediateProofReplayer Proof replay took 771ns 
293381     DEBUG main            d.u.i.k.p.r.p.TestFile    ... success: reloaded. 
293382     INFO  main            d.u.i.k.p.r.p.TestFile    Now processing file /home/runner/work/key/key/key.core/../key.ui/examples/standard_key/inEqSimp/nonLinInEqExample2.key 
293383     INFO  main            d.u.i.k.p.i.AbstractProblemLoader Loading environment from /home/runner/work/key/key/key.core/../key.ui/examples/standard_key/inEqSimp/nonLinInEqExample2.key 
293383     DEBUG main            d.u.i.k.p.i.AbstractProblemLoader Environment load took 121.6ns 
293384     INFO  main            d.u.i.k.p.i.AbstractProblemLoader Creating init config 
296342     DEBUG main            d.u.i.k.p.i.AbstractProblemLoader Init config took 2.96s 
296356     INFO  main            d.u.i.k.p.i.AbstractProblemLoader Replaying proof nonLinInEqExample2.key 
296359     DEBUG main            d.u.i.k.p.i.IntermediateProofReplayer Proof replay took 3.3ns 
296763     INFO  main            d.u.i.k.p.r.p.TestFile    ... finished proof: closed. 
297139     INFO  main            d.u.i.k.p.i.AbstractProblemLoader Loading environment from /home/runner/work/key/key/key.core/../key.ui/examples/standard_key/inEqSimp/nonLinInEqExample2.key.proof 
297140     DEBUG main            d.u.i.k.p.i.AbstractProblemLoader Environment load took 570ns 
297142     INFO  main            d.u.i.k.p.i.AbstractProblemLoader Creating init config 
300023     DEBUG main            d.u.i.k.p.i.AbstractProblemLoader Init config took 2.88s 
300036     INFO  main            d.u.i.k.p.i.AbstractProblemLoader Replaying proof nonLinInEqExample2.key.proof 
300087     DEBUG main            d.u.i.k.p.i.IntermediateProofReplayer Proof replay took 47.36ms 
300088     DEBUG main            d.u.i.k.p.r.p.TestFile    ... success: reloaded. 
300089     INFO  main            d.u.i.k.p.r.p.TestFile    Now processing file /home/runner/work/key/key/key.core/../key.ui/examples/standard_key/inEqSimp/nonLinInEqExample3.key 
300089     INFO  main            d.u.i.k.p.i.AbstractProblemLoader Loading environment from /home/runner/work/key/key/key.core/../key.ui/examples/standard_key/inEqSimp/nonLinInEqExample3.key 
300090     DEBUG main            d.u.i.k.p.i.AbstractProblemLoader Environment load took 69.5ns 
300091     INFO  main            d.u.i.k.p.i.AbstractProblemLoader Creating init config 
303057     DEBUG main            d.u.i.k.p.i.AbstractProblemLoader Init config took 2.97s 
303072     INFO  main            d.u.i.k.p.i.AbstractProblemLoader Replaying proof nonLinInEqExample3.key 
303074     DEBUG main            d.u.i.k.p.i.IntermediateProofReplayer Proof replay took 3ns 
303277     INFO  main            d.u.i.k.p.r.p.TestFile    ... finished proof: closed. 
303652     INFO  main            d.u.i.k.p.i.AbstractProblemLoader Loading environment from /home/runner/work/key/key/key.core/../key.ui/examples/standard_key/inEqSimp/nonLinInEqExample3.key.proof 
303652     DEBUG main            d.u.i.k.p.i.AbstractProblemLoader Environment load took 87.9ns 
303653     INFO  main            d.u.i.k.p.i.AbstractProblemLoader Creating init config 
306548     DEBUG main            d.u.i.k.p.i.AbstractProblemLoader Init config took 2.89s 
306562     INFO  main            d.u.i.k.p.i.AbstractProblemLoader Replaying proof nonLinInEqExample3.key.proof 
306582     DEBUG main            d.u.i.k.p.i.IntermediateProofReplayer Proof replay took 17.73ms 
306583     DEBUG main            d.u.i.k.p.r.p.TestFile    ... success: reloaded. 
306584     INFO  main            d.u.i.k.p.r.p.TestFile    Now processing file /home/runner/work/key/key/key.core/../key.ui/examples/standard_key/inEqSimp/nonLinInEqExample4.key 
306584     INFO  main            d.u.i.k.p.i.AbstractProblemLoader Loading environment from /home/runner/work/key/key/key.core/../key.ui/examples/standard_key/inEqSimp/nonLinInEqExample4.key 
306584     DEBUG main            d.u.i.k.p.i.AbstractProblemLoader Environment load took 127.5ns 
306585     INFO  main            d.u.i.k.p.i.AbstractProblemLoader Creating init config 
309527     DEBUG main            d.u.i.k.p.i.AbstractProblemLoader Init config took 2.94s 
309539     INFO  main            d.u.i.k.p.i.AbstractProblemLoader Replaying proof nonLinInEqExample4.key 
309541     DEBUG main            d.u.i.k.p.i.IntermediateProofReplayer Proof replay took 3.3ns 
309643     INFO  main            d.u.i.k.p.r.p.TestFile    ... finished proof: closed. 
309991     INFO  main            d.u.i.k.p.i.AbstractProblemLoader Loading environment from /home/runner/work/key/key/key.core/../key.ui/examples/standard_key/inEqSimp/nonLinInEqExample4.key.proof 
309991     DEBUG main            d.u.i.k.p.i.AbstractProblemLoader Environment load took 91.1ns 
309992     INFO  main            d.u.i.k.p.i.AbstractProblemLoader Creating init config 
312884     DEBUG main            d.u.i.k.p.i.AbstractProblemLoader Init config took 2.89s 
312900     INFO  main            d.u.i.k.p.i.AbstractProblemLoader Replaying proof nonLinInEqExample4.key.proof 
312914     DEBUG main            d.u.i.k.p.i.IntermediateProofReplayer Proof replay took 9.37ms 
312915     DEBUG main            d.u.i.k.p.r.p.TestFile    ... success: reloaded. 
312915     INFO  main            d.u.i.k.p.r.p.TestFile    Now processing file /home/runner/work/key/key/key.core/../key.ui/examples/standard_key/inEqSimp/quadraticInEq.key 
312916     INFO  main            d.u.i.k.p.i.AbstractProblemLoader Loading environment from /home/runner/work/key/key/key.core/../key.ui/examples/standard_key/inEqSimp/quadraticInEq.key 
312916     DEBUG main            d.u.i.k.p.i.AbstractProblemLoader Environment load took 63.4ns 
312917     INFO  main            d.u.i.k.p.i.AbstractProblemLoader Creating init config 
315846     DEBUG main            d.u.i.k.p.i.AbstractProblemLoader Init config took 2.93s 
315860     INFO  main            d.u.i.k.p.i.AbstractProblemLoader Replaying proof quadraticInEq.key 
315862     DEBUG main            d.u.i.k.p.i.IntermediateProofReplayer Proof replay took 3.6ns 
316266     INFO  main            d.u.i.k.p.r.p.TestFile    ... finished proof: closed. 
316662     INFO  main            d.u.i.k.p.i.AbstractProblemLoader Loading environment from /home/runner/work/key/key/key.core/../key.ui/examples/standard_key/inEqSimp/quadraticInEq.key.proof 
316662     DEBUG main            d.u.i.k.p.i.AbstractProblemLoader Environment load took 97.6ns 
316664     INFO  main            d.u.i.k.p.i.AbstractProblemLoader Creating init config 
319611     DEBUG main            d.u.i.k.p.i.AbstractProblemLoader Init config took 2.95s 
319625     INFO  main            d.u.i.k.p.i.AbstractProblemLoader Replaying proof quadraticInEq.key.proof 
319668     DEBUG main            d.u.i.k.p.i.IntermediateProofReplayer Proof replay took 38.29ms 
319669     DEBUG main            d.u.i.k.p.r.p.TestFile    ... success: reloaded. 
319670     INFO  main            d.u.i.k.p.r.p.TestFile    Now processing file /home/runner/work/key/key/key.core/../key.ui/examples/standard_key/inEqSimp/quadraticInEq10.key 
319671     INFO  main            d.u.i.k.p.i.AbstractProblemLoader Loading environment from /home/runner/work/key/key/key.core/../key.ui/examples/standard_key/inEqSimp/quadraticInEq10.key 
319671     DEBUG main            d.u.i.k.p.i.AbstractProblemLoader Environment load took 106.6ns 
319672     INFO  main            d.u.i.k.p.i.AbstractProblemLoader Creating init config 
322679     DEBUG main            d.u.i.k.p.i.AbstractProblemLoader Init config took 3.01s 
322692     INFO  main            d.u.i.k.p.i.AbstractProblemLoader Replaying proof quadraticInEq10.key 
322694     DEBUG main            d.u.i.k.p.i.IntermediateProofReplayer Proof replay took 2.8ns 
322896     INFO  main            d.u.i.k.p.r.p.TestFile    ... finished proof: closed. 
323260     INFO  main            d.u.i.k.p.i.AbstractProblemLoader Loading environment from /home/runner/work/key/key/key.core/../key.ui/examples/standard_key/inEqSimp/quadraticInEq10.key.proof 
323260     DEBUG main            d.u.i.k.p.i.AbstractProblemLoader Environment load took 126.9ns 
323265     INFO  main            d.u.i.k.p.i.AbstractProblemLoader Creating init config 
326153     DEBUG main            d.u.i.k.p.i.AbstractProblemLoader Init config took 2.89s 
326167     INFO  main            d.u.i.k.p.i.AbstractProblemLoader Replaying proof quadraticInEq10.key.proof 
326178     DEBUG main            d.u.i.k.p.i.IntermediateProofReplayer Proof replay took 9.22ms 
326179     DEBUG main            d.u.i.k.p.r.p.TestFile    ... success: reloaded. 
326180     INFO  main            d.u.i.k.p.r.p.TestFile    Now processing file /home/runner/work/key/key/key.core/../key.ui/examples/standard_key/inEqSimp/quadraticInEq13.key 
326180     INFO  main            d.u.i.k.p.i.AbstractProblemLoader Loading environment from /home/runner/work/key/key/key.core/../key.ui/examples/standard_key/inEqSimp/quadraticInEq13.key 
326180     DEBUG main            d.u.i.k.p.i.AbstractProblemLoader Environment load took 129.4ns 
326181     INFO  main            d.u.i.k.p.i.AbstractProblemLoader Creating init config 
329113     DEBUG main            d.u.i.k.p.i.AbstractProblemLoader Init config took 2.93s 
329127     INFO  main            d.u.i.k.p.i.AbstractProblemLoader Replaying proof quadraticInEq13.key 
329129     DEBUG main            d.u.i.k.p.i.IntermediateProofReplayer Proof replay took 3.3ns 
329455     INFO  main            d.u.i.k.p.r.p.TestFile    ... finished proof: closed. 
329833     INFO  main            d.u.i.k.p.i.AbstractProblemLoader Loading environment from /home/runner/work/key/key/key.core/../key.ui/examples/standard_key/inEqSimp/quadraticInEq13.key.proof 
329833     DEBUG main            d.u.i.k.p.i.AbstractProblemLoader Environment load took 216ns 
329836     INFO  main            d.u.i.k.p.i.AbstractProblemLoader Creating init config 
332649     DEBUG main            d.u.i.k.p.i.AbstractProblemLoader Init config took 2.81s 
332665     INFO  main            d.u.i.k.p.i.AbstractProblemLoader Replaying proof quadraticInEq13.key.proof 
332679     DEBUG main            d.u.i.k.p.i.IntermediateProofReplayer Proof replay took 11.7ms 
332679     DEBUG main            d.u.i.k.p.r.p.TestFile    ... success: reloaded. 
332680     INFO  main            d.u.i.k.p.r.p.TestFile    Now processing file /home/runner/work/key/key/key.core/../key.ui/examples/standard_key/inEqSimp/quadraticInEq14.key 
332680     INFO  main            d.u.i.k.p.i.AbstractProblemLoader Loading environment from /home/runner/work/key/key/key.core/../key.ui/examples/standard_key/inEqSimp/quadraticInEq14.key 
332681     DEBUG main            d.u.i.k.p.i.AbstractProblemLoader Environment load took 252.9ns 
332682     INFO  main            d.u.i.k.p.i.AbstractProblemLoader Creating init config 
335573     DEBUG main            d.u.i.k.p.i.AbstractProblemLoader Init config took 2.89s 
335586     INFO  main            d.u.i.k.p.i.AbstractProblemLoader Replaying proof quadraticInEq14.key 
335588     DEBUG main            d.u.i.k.p.i.IntermediateProofReplayer Proof replay took 3ns 
335891     INFO  main            d.u.i.k.p.r.p.TestFile    ... finished proof: closed. 
336302     INFO  main            d.u.i.k.p.i.AbstractProblemLoader Loading environment from /home/runner/work/key/key/key.core/../key.ui/examples/standard_key/inEqSimp/quadraticInEq14.key.proof 
336302     DEBUG main            d.u.i.k.p.i.AbstractProblemLoader Environment load took 88.1ns 
336303     INFO  main            d.u.i.k.p.i.AbstractProblemLoader Creating init config 
339196     DEBUG main            d.u.i.k.p.i.AbstractProblemLoader Init config took 2.89s 
339209     INFO  main            d.u.i.k.p.i.AbstractProblemLoader Replaying proof quadraticInEq14.key.proof 
339225     DEBUG main            d.u.i.k.p.i.IntermediateProofReplayer Proof replay took 13.76ms 
339226     DEBUG main            d.u.i.k.p.r.p.TestFile    ... success: reloaded. 
339227     INFO  main            d.u.i.k.p.r.p.TestFile    Now processing file /home/runner/work/key/key/key.core/../key.ui/examples/standard_key/inEqSimp/quadraticInEq2.key 
339227     INFO  main            d.u.i.k.p.i.AbstractProblemLoader Loading environment from /home/runner/work/key/key/key.core/../key.ui/examples/standard_key/inEqSimp/quadraticInEq2.key 
339227     DEBUG main            d.u.i.k.p.i.AbstractProblemLoader Environment load took 90.4ns 
339228     INFO  main            d.u.i.k.p.i.AbstractProblemLoader Creating init config 
342105     DEBUG main            d.u.i.k.p.i.AbstractProblemLoader Init config took 2.88s 
342119     INFO  main            d.u.i.k.p.i.AbstractProblemLoader Replaying proof quadraticInEq2.key 
342123     DEBUG main            d.u.i.k.p.i.IntermediateProofReplayer Proof replay took 3.5ns 
342226     INFO  main            d.u.i.k.p.r.p.TestFile    ... finished proof: closed. 
342626     INFO  main            d.u.i.k.p.i.AbstractProblemLoader Loading environment from /home/runner/work/key/key/key.core/../key.ui/examples/standard_key/inEqSimp/quadraticInEq2.key.proof 
342627     DEBUG main            d.u.i.k.p.i.AbstractProblemLoader Environment load took 87.6ns 
342628     INFO  main            d.u.i.k.p.i.AbstractProblemLoader Creating init config 
345522     DEBUG main            d.u.i.k.p.i.AbstractProblemLoader Init config took 2.89s 
345535     INFO  main            d.u.i.k.p.i.AbstractProblemLoader Replaying proof quadraticInEq2.key.proof 
345538     DEBUG main            d.u.i.k.p.i.IntermediateProofReplayer Proof replay took 2.12ms 
345539     DEBUG main            d.u.i.k.p.r.p.TestFile    ... success: reloaded. 
345540     INFO  main            d.u.i.k.p.r.p.TestFile    Now processing file /home/runner/work/key/key/key.core/../key.ui/examples/standard_key/inEqSimp/quadraticInEq3.key 
345540     INFO  main            d.u.i.k.p.i.AbstractProblemLoader Loading environment from /home/runner/work/key/key/key.core/../key.ui/examples/standard_key/inEqSimp/quadraticInEq3.key 
345540     DEBUG main            d.u.i.k.p.i.AbstractProblemLoader Environment load took 104.4ns 
345541     INFO  main            d.u.i.k.p.i.AbstractProblemLoader Creating init config 
348526     DEBUG main            d.u.i.k.p.i.AbstractProblemLoader Init config took 2.98s 
348539     INFO  main            d.u.i.k.p.i.AbstractProblemLoader Replaying proof quadraticInEq3.key 
348541     DEBUG main            d.u.i.k.p.i.IntermediateProofReplayer Proof replay took 2.9ns 
348643     INFO  main            d.u.i.k.p.r.p.TestFile    ... finished proof: closed. 
349042     INFO  main            d.u.i.k.p.i.AbstractProblemLoader Loading environment from /home/runner/work/key/key/key.core/../key.ui/examples/standard_key/inEqSimp/quadraticInEq3.key.proof 
349042     DEBUG main            d.u.i.k.p.i.AbstractProblemLoader Environment load took 90ns 
349043     INFO  main            d.u.i.k.p.i.AbstractProblemLoader Creating init config 
351951     DEBUG main            d.u.i.k.p.i.AbstractProblemLoader Init config took 2.91s 
351970     INFO  main            d.u.i.k.p.i.AbstractProblemLoader Replaying proof quadraticInEq3.key.proof 
351977     DEBUG main            d.u.i.k.p.i.IntermediateProofReplayer Proof replay took 5.89ms 
351978     DEBUG main            d.u.i.k.p.r.p.TestFile    ... success: reloaded. 
351979     INFO  main            d.u.i.k.p.r.p.TestFile    Now processing file /home/runner/work/key/key/key.core/../key.ui/examples/standard_key/inEqSimp/quadraticInEq4.key 
351979     INFO  main            d.u.i.k.p.i.AbstractProblemLoader Loading environment from /home/runner/work/key/key/key.core/../key.ui/examples/standard_key/inEqSimp/quadraticInEq4.key 
351980     DEBUG main            d.u.i.k.p.i.AbstractProblemLoader Environment load took 140.6ns 
351981     INFO  main            d.u.i.k.p.i.AbstractProblemLoader Creating init config 
354936     DEBUG main            d.u.i.k.p.i.AbstractProblemLoader Init config took 2.96s 
354950     INFO  main            d.u.i.k.p.i.AbstractProblemLoader Replaying proof quadraticInEq4.key 
354952     DEBUG main            d.u.i.k.p.i.IntermediateProofReplayer Proof replay took 3.3ns 
355054     INFO  main            d.u.i.k.p.r.p.TestFile    ... finished proof: closed. 
355453     INFO  main            d.u.i.k.p.i.AbstractProblemLoader Loading environment from /home/runner/work/key/key/key.core/../key.ui/examples/standard_key/inEqSimp/quadraticInEq4.key.proof 
355453     DEBUG main            d.u.i.k.p.i.AbstractProblemLoader Environment load took 100.1ns 
355455     INFO  main            d.u.i.k.p.i.AbstractProblemLoader Creating init config 
358262     DEBUG main            d.u.i.k.p.i.AbstractProblemLoader Init config took 2.81s 
358278     INFO  main            d.u.i.k.p.i.AbstractProblemLoader Replaying proof quadraticInEq4.key.proof 
358283     DEBUG main            d.u.i.k.p.i.IntermediateProofReplayer Proof replay took 3.33ms 
358283     DEBUG main            d.u.i.k.p.r.p.TestFile    ... success: reloaded. 
358284     INFO  main            d.u.i.k.p.r.p.TestFile    Now processing file /home/runner/work/key/key/key.core/../key.ui/examples/standard_key/inEqSimp/quadraticInEq5.key 
358284     INFO  main            d.u.i.k.p.i.AbstractProblemLoader Loading environment from /home/runner/work/key/key/key.core/../key.ui/examples/standard_key/inEqSimp/quadraticInEq5.key 
358285     DEBUG main            d.u.i.k.p.i.AbstractProblemLoader Environment load took 135.7ns 
358285     INFO  main            d.u.i.k.p.i.AbstractProblemLoader Creating init config 
361245     DEBUG main            d.u.i.k.p.i.AbstractProblemLoader Init config took 2.96s 
361257     INFO  main            d.u.i.k.p.i.AbstractProblemLoader Replaying proof quadraticInEq5.key 
361259     DEBUG main            d.u.i.k.p.i.IntermediateProofReplayer Proof replay took 3.5ns 
361361     INFO  main            d.u.i.k.p.r.p.TestFile    ... finished proof: closed. 
361756     INFO  main            d.u.i.k.p.i.AbstractProblemLoader Loading environment from /home/runner/work/key/key/key.core/../key.ui/examples/standard_key/inEqSimp/quadraticInEq5.key.proof 
361756     DEBUG main            d.u.i.k.p.i.AbstractProblemLoader Environment load took 91.2ns 
361757     INFO  main            d.u.i.k.p.i.AbstractProblemLoader Creating init config 
364569     DEBUG main            d.u.i.k.p.i.AbstractProblemLoader Init config took 2.81s 
364583     INFO  main            d.u.i.k.p.i.AbstractProblemLoader Replaying proof quadraticInEq5.key.proof 
364588     DEBUG main            d.u.i.k.p.i.IntermediateProofReplayer Proof replay took 3.24ms 
364589     DEBUG main            d.u.i.k.p.r.p.TestFile    ... success: reloaded. 
364590     INFO  main            d.u.i.k.p.r.p.TestFile    Now processing file /home/runner/work/key/key/key.core/../key.ui/examples/standard_key/inEqSimp/quadraticInEq6.key 
364590     INFO  main            d.u.i.k.p.i.AbstractProblemLoader Loading environment from /home/runner/work/key/key/key.core/../key.ui/examples/standard_key/inEqSimp/quadraticInEq6.key 
364590     DEBUG main            d.u.i.k.p.i.AbstractProblemLoader Environment load took 142.2ns 
364591     INFO  main            d.u.i.k.p.i.AbstractProblemLoader Creating init config 
367477     DEBUG main            d.u.i.k.p.i.AbstractProblemLoader Init config took 2.89s 
367492     INFO  main            d.u.i.k.p.i.AbstractProblemLoader Replaying proof quadraticInEq6.key 
367494     DEBUG main            d.u.i.k.p.i.IntermediateProofReplayer Proof replay took 3ns 
367596     INFO  main            d.u.i.k.p.r.p.TestFile    ... finished proof: closed. 
368015     INFO  main            d.u.i.k.p.i.AbstractProblemLoader Loading environment from /home/runner/work/key/key/key.core/../key.ui/examples/standard_key/inEqSimp/quadraticInEq6.key.proof 
368015     DEBUG main            d.u.i.k.p.i.AbstractProblemLoader Environment load took 77.5ns 
368016     INFO  main            d.u.i.k.p.i.AbstractProblemLoader Creating init config 
370908     DEBUG main            d.u.i.k.p.i.AbstractProblemLoader Init config took 2.89s 
370921     INFO  main            d.u.i.k.p.i.AbstractProblemLoader Replaying proof quadraticInEq6.key.proof 
370928     DEBUG main            d.u.i.k.p.i.IntermediateProofReplayer Proof replay took 4.57ms 
370928     DEBUG main            d.u.i.k.p.r.p.TestFile    ... success: reloaded. 
370929     INFO  main            d.u.i.k.p.r.p.TestFile    Now processing file /home/runner/work/key/key/key.core/../key.ui/examples/standard_key/inEqSimp/quadraticInEq7.key 
370929     INFO  main            d.u.i.k.p.i.AbstractProblemLoader Loading environment from /home/runner/work/key/key/key.core/../key.ui/examples/standard_key/inEqSimp/quadraticInEq7.key 
370929     DEBUG main            d.u.i.k.p.i.AbstractProblemLoader Environment load took 87ns 
370930     INFO  main            d.u.i.k.p.i.AbstractProblemLoader Creating init config 
373874     DEBUG main            d.u.i.k.p.i.AbstractProblemLoader Init config took 2.94s 
373887     INFO  main            d.u.i.k.p.i.AbstractProblemLoader Replaying proof quadraticInEq7.key 
373889     DEBUG main            d.u.i.k.p.i.IntermediateProofReplayer Proof replay took 2.5ns 
373990     INFO  main            d.u.i.k.p.r.p.TestFile    ... finished proof: closed. 
374419     INFO  main            d.u.i.k.p.i.AbstractProblemLoader Loading environment from /home/runner/work/key/key/key.core/../key.ui/examples/standard_key/inEqSimp/quadraticInEq7.key.proof 
374419     DEBUG main            d.u.i.k.p.i.AbstractProblemLoader Environment load took 86.3ns 
374420     INFO  main            d.u.i.k.p.i.AbstractProblemLoader Creating init config 
377395     DEBUG main            d.u.i.k.p.i.AbstractProblemLoader Init config took 2.98s 
377409     INFO  main            d.u.i.k.p.i.AbstractProblemLoader Replaying proof quadraticInEq7.key.proof 
377413     DEBUG main            d.u.i.k.p.i.IntermediateProofReplayer Proof replay took 1.99ms 
377413     DEBUG main            d.u.i.k.p.r.p.TestFile    ... success: reloaded. 
377414     INFO  main            d.u.i.k.p.r.p.TestFile    Now processing file /home/runner/work/key/key/key.core/../key.ui/examples/standard_key/inEqSimp/quadraticInEq8.key 
377415     INFO  main            d.u.i.k.p.i.AbstractProblemLoader Loading environment from /home/runner/work/key/key/key.core/../key.ui/examples/standard_key/inEqSimp/quadraticInEq8.key 
377415     DEBUG main            d.u.i.k.p.i.AbstractProblemLoader Environment load took 96ns 
377416     INFO  main            d.u.i.k.p.i.AbstractProblemLoader Creating init config 
380343     DEBUG main            d.u.i.k.p.i.AbstractProblemLoader Init config took 2.93s 
380358     INFO  main            d.u.i.k.p.i.AbstractProblemLoader Replaying proof quadraticInEq8.key 
380359     DEBUG main            d.u.i.k.p.i.IntermediateProofReplayer Proof replay took 3.6ns 
380461     INFO  main            d.u.i.k.p.r.p.TestFile    ... finished proof: closed. 
380907     INFO  main            d.u.i.k.p.i.AbstractProblemLoader Loading environment from /home/runner/work/key/key/key.core/../key.ui/examples/standard_key/inEqSimp/quadraticInEq8.key.proof 
380907     DEBUG main            d.u.i.k.p.i.AbstractProblemLoader Environment load took 89.1ns 
380909     INFO  main            d.u.i.k.p.i.AbstractProblemLoader Creating init config 
383821     DEBUG main            d.u.i.k.p.i.AbstractProblemLoader Init config took 2.91s 
383837     INFO  main            d.u.i.k.p.i.AbstractProblemLoader Replaying proof quadraticInEq8.key.proof 
383844     DEBUG main            d.u.i.k.p.i.IntermediateProofReplayer Proof replay took 5.2ms 
383845     DEBUG main            d.u.i.k.p.r.p.TestFile    ... success: reloaded. 
383845     INFO  main            d.u.i.k.p.r.p.TestFile    Now processing file /home/runner/work/key/key/key.core/../key.ui/examples/standard_key/inEqSimp/simplify0.key 
383846     INFO  main            d.u.i.k.p.i.AbstractProblemLoader Loading environment from /home/runner/work/key/key/key.core/../key.ui/examples/standard_key/inEqSimp/simplify0.key 
383846     DEBUG main            d.u.i.k.p.i.AbstractProblemLoader Environment load took 89.7ns 
383847     INFO  main            d.u.i.k.p.i.AbstractProblemLoader Creating init config 
386747     DEBUG main            d.u.i.k.p.i.AbstractProblemLoader Init config took 2.9s 
386762     INFO  main            d.u.i.k.p.i.AbstractProblemLoader Replaying proof simplify0.key 
386763     DEBUG main            d.u.i.k.p.i.IntermediateProofReplayer Proof replay took 3.2ns 
386864     INFO  main            d.u.i.k.p.r.p.TestFile    ... finished proof: closed. 
387304     INFO  main            d.u.i.k.p.i.AbstractProblemLoader Loading environment from /home/runner/work/key/key/key.core/../key.ui/examples/standard_key/inEqSimp/simplify0.key.proof 
387304     DEBUG main            d.u.i.k.p.i.AbstractProblemLoader Environment load took 105.5ns 
387305     INFO  main            d.u.i.k.p.i.AbstractProblemLoader Creating init config 
390274     DEBUG main            d.u.i.k.p.i.AbstractProblemLoader Init config took 2.97s 
390289     INFO  main            d.u.i.k.p.i.AbstractProblemLoader Replaying proof simplify0.key.proof 
390291     DEBUG main            d.u.i.k.p.i.IntermediateProofReplayer Proof replay took 1.01ms 
390292     DEBUG main            d.u.i.k.p.r.p.TestFile    ... success: reloaded. 
390292     INFO  main            d.u.i.k.p.r.p.TestFile    Now processing file /home/runner/work/key/key/key.core/../key.ui/examples/standard_key/inEqSimp/simplify1.key 
390293     INFO  main            d.u.i.k.p.i.AbstractProblemLoader Loading environment from /home/runner/work/key/key/key.core/../key.ui/examples/standard_key/inEqSimp/simplify1.key 
390293     DEBUG main            d.u.i.k.p.i.AbstractProblemLoader Environment load took 55.6ns 
390293     INFO  main            d.u.i.k.p.i.AbstractProblemLoader Creating init config 
393233     DEBUG main            d.u.i.k.p.i.AbstractProblemLoader Init config took 2.94s 
393246     INFO  main            d.u.i.k.p.i.AbstractProblemLoader Replaying proof simplify1.key 
393248     DEBUG main            d.u.i.k.p.i.IntermediateProofReplayer Proof replay took 3.4ns 
393349     INFO  main            d.u.i.k.p.r.p.TestFile    ... finished proof: closed. 
393789     INFO  main            d.u.i.k.p.i.AbstractProblemLoader Loading environment from /home/runner/work/key/key/key.core/../key.ui/examples/standard_key/inEqSimp/simplify1.key.proof 
393789     DEBUG main            d.u.i.k.p.i.AbstractProblemLoader Environment load took 77.1ns 
393790     INFO  main            d.u.i.k.p.i.AbstractProblemLoader Creating init config 
396724     DEBUG main            d.u.i.k.p.i.AbstractProblemLoader Init config took 2.93s 
396736     INFO  main            d.u.i.k.p.i.AbstractProblemLoader Replaying proof simplify1.key.proof 
396738     DEBUG main            d.u.i.k.p.i.IntermediateProofReplayer Proof replay took 849.5ns 
396739     DEBUG main            d.u.i.k.p.r.p.TestFile    ... success: reloaded. 
396739     INFO  main            d.u.i.k.p.r.p.TestFile    Now processing file /home/runner/work/key/key/key.core/../key.ui/examples/standard_key/inEqSimp/simplify2.key 
396740     INFO  main            d.u.i.k.p.i.AbstractProblemLoader Loading environment from /home/runner/work/key/key/key.core/../key.ui/examples/standard_key/inEqSimp/simplify2.key 
396740     DEBUG main            d.u.i.k.p.i.AbstractProblemLoader Environment load took 54.1ns 
396741     INFO  main            d.u.i.k.p.i.AbstractProblemLoader Creating init config 
399682     DEBUG main            d.u.i.k.p.i.AbstractProblemLoader Init config took 2.94s 
399695     INFO  main            d.u.i.k.p.i.AbstractProblemLoader Replaying proof simplify2.key 
399696     DEBUG main            d.u.i.k.p.i.IntermediateProofReplayer Proof replay took 3.1ns 
399898     INFO  main            d.u.i.k.p.r.p.TestFile    ... finished proof: closed. 
400328     INFO  main            d.u.i.k.p.i.AbstractProblemLoader Loading environment from /home/runner/work/key/key/key.core/../key.ui/examples/standard_key/inEqSimp/simplify2.key.proof 
400328     DEBUG main            d.u.i.k.p.i.AbstractProblemLoader Environment load took 74.3ns 
400329     INFO  main            d.u.i.k.p.i.AbstractProblemLoader Creating init config 
403190     DEBUG main            d.u.i.k.p.i.AbstractProblemLoader Init config took 2.86s 
403205     INFO  main            d.u.i.k.p.i.AbstractProblemLoader Replaying proof simplify2.key.proof 
403218     DEBUG main            d.u.i.k.p.i.IntermediateProofReplayer Proof replay took 9.46ms 
403219     DEBUG main            d.u.i.k.p.r.p.TestFile    ... success: reloaded. 
403219     INFO  main            d.u.i.k.p.r.p.TestFile    Now processing file /home/runner/work/key/key/key.core/../key.ui/examples/standard_key/inEqSimp/simplify3.key 
403220     INFO  main            d.u.i.k.p.i.AbstractProblemLoader Loading environment from /home/runner/work/key/key/key.core/../key.ui/examples/standard_key/inEqSimp/simplify3.key 
403220     DEBUG main            d.u.i.k.p.i.AbstractProblemLoader Environment load took 66.1ns 
403221     INFO  main            d.u.i.k.p.i.AbstractProblemLoader Creating init config 
406179     DEBUG main            d.u.i.k.p.i.AbstractProblemLoader Init config took 2.96s 
406193     INFO  main            d.u.i.k.p.i.AbstractProblemLoader Replaying proof simplify3.key 
406194     DEBUG main            d.u.i.k.p.i.IntermediateProofReplayer Proof replay took 3.5ns 
406296     INFO  main            d.u.i.k.p.r.p.TestFile    ... finished proof: closed. 
406748     INFO  main            d.u.i.k.p.i.AbstractProblemLoader Loading environment from /home/runner/work/key/key/key.core/../key.ui/examples/standard_key/inEqSimp/simplify3.key.proof 
406748     DEBUG main            d.u.i.k.p.i.AbstractProblemLoader Environment load took 76.7ns 
406749     INFO  main            d.u.i.k.p.i.AbstractProblemLoader Creating init config 
409715     DEBUG main            d.u.i.k.p.i.AbstractProblemLoader Init config took 2.97s 
409728     INFO  main            d.u.i.k.p.i.AbstractProblemLoader Replaying proof simplify3.key.proof 
409731     DEBUG main            d.u.i.k.p.i.IntermediateProofReplayer Proof replay took 1.56ms 
409732     DEBUG main            d.u.i.k.p.r.p.TestFile    ... success: reloaded. 
409732     INFO  main            d.u.i.k.p.r.p.TestFile    Now processing file /home/runner/work/key/key/key.core/../key.ui/examples/standard_key/inEqSimp/simplify4.key 
409733     INFO  main            d.u.i.k.p.i.AbstractProblemLoader Loading environment from /home/runner/work/key/key/key.core/../key.ui/examples/standard_key/inEqSimp/simplify4.key 
409733     DEBUG main            d.u.i.k.p.i.AbstractProblemLoader Environment load took 58.5ns 
409734     INFO  main            d.u.i.k.p.i.AbstractProblemLoader Creating init config 
412762     DEBUG main            d.u.i.k.p.i.AbstractProblemLoader Init config took 3.03s 
412783     INFO  main            d.u.i.k.p.i.AbstractProblemLoader Replaying proof simplify4.key 
412784     DEBUG main            d.u.i.k.p.i.IntermediateProofReplayer Proof replay took 3.3ns 
412890     INFO  main            d.u.i.k.p.r.p.TestFile    ... finished proof: closed. 
413350     INFO  main            d.u.i.k.p.i.AbstractProblemLoader Loading environment from /home/runner/work/key/key/key.core/../key.ui/examples/standard_key/inEqSimp/simplify4.key.proof 
413350     DEBUG main            d.u.i.k.p.i.AbstractProblemLoader Environment load took 79.7ns 
413352     INFO  main            d.u.i.k.p.i.AbstractProblemLoader Creating init config 
416212     DEBUG main            d.u.i.k.p.i.AbstractProblemLoader Init config took 2.86s 
416227     INFO  main            d.u.i.k.p.i.AbstractProblemLoader Replaying proof simplify4.key.proof 
416234     DEBUG main            d.u.i.k.p.i.IntermediateProofReplayer Proof replay took 5.65ms 
416235     DEBUG main            d.u.i.k.p.r.p.TestFile    ... success: reloaded. 
416235     INFO  main            d.u.i.k.p.r.p.TestFile    Now processing file /home/runner/work/key/key/key.core/../key.ui/examples/standard_key/inEqSimp/simplify5.key 
416236     INFO  main            d.u.i.k.p.i.AbstractProblemLoader Loading environment from /home/runner/work/key/key/key.core/../key.ui/examples/standard_key/inEqSimp/simplify5.key 
416236     DEBUG main            d.u.i.k.p.i.AbstractProblemLoader Environment load took 81.6ns 
416237     INFO  main            d.u.i.k.p.i.AbstractProblemLoader Creating init config 
419055     DEBUG main            d.u.i.k.p.i.AbstractProblemLoader Init config took 2.82s 
419069     INFO  main            d.u.i.k.p.i.AbstractProblemLoader Replaying proof simplify5.key 
419070     DEBUG main            d.u.i.k.p.i.IntermediateProofReplayer Proof replay took 2.7ns 
419686     INFO  main            d.u.i.k.p.r.p.TestFile    ... finished proof: closed. 
420177     INFO  main            d.u.i.k.p.i.AbstractProblemLoader Loading environment from /home/runner/work/key/key/key.core/../key.ui/examples/standard_key/inEqSimp/simplify5.key.proof 
420177     DEBUG main            d.u.i.k.p.i.AbstractProblemLoader Environment load took 383.8ns 
420179     INFO  main            d.u.i.k.p.i.AbstractProblemLoader Creating init config 
423001     DEBUG main            d.u.i.k.p.i.AbstractProblemLoader Init config took 2.82s 
423014     INFO  main            d.u.i.k.p.i.AbstractProblemLoader Replaying proof simplify5.key.proof 
423061     DEBUG main            d.u.i.k.p.i.IntermediateProofReplayer Proof replay took 42.46ms 
423062     DEBUG main            d.u.i.k.p.r.p.TestFile    ... success: reloaded. 
423063     INFO  main            d.u.i.k.p.r.p.TestFile    Now processing file /home/runner/work/key/key/key.core/../key.ui/examples/standard_key/inEqSimp/subsumptionExample.key 
423063     INFO  main            d.u.i.k.p.i.AbstractProblemLoader Loading environment from /home/runner/work/key/key/key.core/../key.ui/examples/standard_key/inEqSimp/subsumptionExample.key 
423063     DEBUG main            d.u.i.k.p.i.AbstractProblemLoader Environment load took 101.2ns 
423064     INFO  main            d.u.i.k.p.i.AbstractProblemLoader Creating init config 
425914     DEBUG main            d.u.i.k.p.i.AbstractProblemLoader Init config took 2.85s 
425926     INFO  main            d.u.i.k.p.i.AbstractProblemLoader Replaying proof subsumptionExample.key 
425927     DEBUG main            d.u.i.k.p.i.IntermediateProofReplayer Proof replay took 2.9ns 
426030     INFO  main            d.u.i.k.p.r.p.TestFile    ... finished proof: closed. 
426513     INFO  main            d.u.i.k.p.i.AbstractProblemLoader Loading environment from /home/runner/work/key/key/key.core/../key.ui/examples/standard_key/inEqSimp/subsumptionExample.key.proof 
426513     DEBUG main            d.u.i.k.p.i.AbstractProblemLoader Environment load took 81.6ns 
426514     INFO  main            d.u.i.k.p.i.AbstractProblemLoader Creating init config 
429380     DEBUG main            d.u.i.k.p.i.AbstractProblemLoader Init config took 2.87s 
429394     INFO  main            d.u.i.k.p.i.AbstractProblemLoader Replaying proof subsumptionExample.key.proof 
429396     DEBUG main            d.u.i.k.p.i.IntermediateProofReplayer Proof replay took 986.1ns 
429397     DEBUG main            d.u.i.k.p.r.p.TestFile    ... success: reloaded. 
429397     INFO  main            d.u.i.k.p.r.p.TestFile    Now processing file /home/runner/work/key/key/key.core/../key.ui/examples/standard_key/polySimp/simplify0.key 
429398     INFO  main            d.u.i.k.p.i.AbstractProblemLoader Loading environment from /home/runner/work/key/key/key.core/../key.ui/examples/standard_key/polySimp/simplify0.key 
429398     DEBUG main            d.u.i.k.p.i.AbstractProblemLoader Environment load took 55.8ns 
429399     INFO  main            d.u.i.k.p.i.AbstractProblemLoader Creating init config 
432221     DEBUG main            d.u.i.k.p.i.AbstractProblemLoader Init config took 2.82s 
432235     INFO  main            d.u.i.k.p.i.AbstractProblemLoader Replaying proof simplify0.key 
432236     DEBUG main            d.u.i.k.p.i.IntermediateProofReplayer Proof replay took 3.2ns 
432439     INFO  main            d.u.i.k.p.r.p.TestFile    ... finished proof: closed. 
432921     INFO  main            d.u.i.k.p.i.AbstractProblemLoader Loading environment from /home/runner/work/key/key/key.core/../key.ui/examples/standard_key/polySimp/simplify0.key.proof 
432921     DEBUG main            d.u.i.k.p.i.AbstractProblemLoader Environment load took 81.9ns 
432922     INFO  main            d.u.i.k.p.i.AbstractProblemLoader Creating init config 
435807     DEBUG main            d.u.i.k.p.i.AbstractProblemLoader Init config took 2.88s 
435824     INFO  main            d.u.i.k.p.i.AbstractProblemLoader Replaying proof simplify0.key.proof 
435832     DEBUG main            d.u.i.k.p.i.IntermediateProofReplayer Proof replay took 5.92ms 
435833     DEBUG main            d.u.i.k.p.r.p.TestFile    ... success: reloaded. 
435834     INFO  main            d.u.i.k.p.r.p.TestFile    Now processing file /home/runner/work/key/key/key.core/../key.ui/examples/standard_key/polySimp/simplify1.key 
435834     INFO  main            d.u.i.k.p.i.AbstractProblemLoader Loading environment from /home/runner/work/key/key/key.core/../key.ui/examples/standard_key/polySimp/simplify1.key 
435834     DEBUG main            d.u.i.k.p.i.AbstractProblemLoader Environment load took 96ns 
435837     INFO  main            d.u.i.k.p.i.AbstractProblemLoader Creating init config 
438845     DEBUG main            d.u.i.k.p.i.AbstractProblemLoader Init config took 3.01s 
438862     INFO  main            d.u.i.k.p.i.AbstractProblemLoader Replaying proof simplify1.key 
438863     DEBUG main            d.u.i.k.p.i.IntermediateProofReplayer Proof replay took 2.9ns 
439266     INFO  main            d.u.i.k.p.r.p.TestFile    ... finished proof: closed. 
439765     INFO  main            d.u.i.k.p.i.AbstractProblemLoader Loading environment from /home/runner/work/key/key/key.core/../key.ui/examples/standard_key/polySimp/simplify1.key.proof 
439765     DEBUG main            d.u.i.k.p.i.AbstractProblemLoader Environment load took 78.8ns 
439766     INFO  main            d.u.i.k.p.i.AbstractProblemLoader Creating init config 
442684     DEBUG main            d.u.i.k.p.i.AbstractProblemLoader Init config took 2.92s 
442699     INFO  main            d.u.i.k.p.i.AbstractProblemLoader Replaying proof simplify1.key.proof 
442710     DEBUG main            d.u.i.k.p.i.IntermediateProofReplayer Proof replay took 8.35ms 
442711     DEBUG main            d.u.i.k.p.r.p.TestFile    ... success: reloaded. 
442712     INFO  main            d.u.i.k.p.r.p.TestFile    Now processing file /home/runner/work/key/key/key.core/../key.ui/examples/standard_key/polySimp/simplify10.key 
442712     INFO  main            d.u.i.k.p.i.AbstractProblemLoader Loading environment from /home/runner/work/key/key/key.core/../key.ui/examples/standard_key/polySimp/simplify10.key 
442712     DEBUG main            d.u.i.k.p.i.AbstractProblemLoader Environment load took 110.9ns 
442714     INFO  main            d.u.i.k.p.i.AbstractProblemLoader Creating init config 
445650     DEBUG main            d.u.i.k.p.i.AbstractProblemLoader Init config took 2.94s 
445665     INFO  main            d.u.i.k.p.i.AbstractProblemLoader Replaying proof simplify10.key 
445666     DEBUG main            d.u.i.k.p.i.IntermediateProofReplayer Proof replay took 2.9ns 
445970     INFO  main            d.u.i.k.p.r.p.TestFile    ... finished proof: closed. 
446462     INFO  main            d.u.i.k.p.i.AbstractProblemLoader Loading environment from /home/runner/work/key/key/key.core/../key.ui/examples/standard_key/polySimp/simplify10.key.proof 
446462     DEBUG main            d.u.i.k.p.i.AbstractProblemLoader Environment load took 81.2ns 
446463     INFO  main            d.u.i.k.p.i.AbstractProblemLoader Creating init config 
449255     DEBUG main            d.u.i.k.p.i.AbstractProblemLoader Init config took 2.79s 
449271     INFO  main            d.u.i.k.p.i.AbstractProblemLoader Replaying proof simplify10.key.proof 
449296     DEBUG main            d.u.i.k.p.i.IntermediateProofReplayer Proof replay took 22.18ms 
449297     DEBUG main            d.u.i.k.p.r.p.TestFile    ... success: reloaded. 
449299     INFO  main            d.u.i.k.p.r.p.TestFile    Now processing file /home/runner/work/key/key/key.core/../key.ui/examples/standard_key/polySimp/simplify11.key 
449300     INFO  main            d.u.i.k.p.i.AbstractProblemLoader Loading environment from /home/runner/work/key/key/key.core/../key.ui/examples/standard_key/polySimp/simplify11.key 
449300     DEBUG main            d.u.i.k.p.i.AbstractProblemLoader Environment load took 82.1ns 
449301     INFO  main            d.u.i.k.p.i.AbstractProblemLoader Creating init config 
452178     DEBUG main            d.u.i.k.p.i.AbstractProblemLoader Init config took 2.88s 
452193     INFO  main            d.u.i.k.p.i.AbstractProblemLoader Replaying proof simplify11.key 
452196     DEBUG main            d.u.i.k.p.i.IntermediateProofReplayer Proof replay took 3ns 
452499     INFO  main            d.u.i.k.p.r.p.TestFile    ... finished proof: closed. 
453023     INFO  main            d.u.i.k.p.i.AbstractProblemLoader Loading environment from /home/runner/work/key/key/key.core/../key.ui/examples/standard_key/polySimp/simplify11.key.proof 
453023     DEBUG main            d.u.i.k.p.i.AbstractProblemLoader Environment load took 76.2ns 
453025     INFO  main            d.u.i.k.p.i.AbstractProblemLoader Creating init config 
455950     DEBUG main            d.u.i.k.p.i.AbstractProblemLoader Init config took 2.93s 
455975     INFO  main            d.u.i.k.p.i.AbstractProblemLoader Replaying proof simplify11.key.proof 
455985     DEBUG main            d.u.i.k.p.i.IntermediateProofReplayer Proof replay took 8.42ms 
455986     DEBUG main            d.u.i.k.p.r.p.TestFile    ... success: reloaded. 
455987     INFO  main            d.u.i.k.p.r.p.TestFile    Now processing file /home/runner/work/key/key/key.core/../key.ui/examples/standard_key/polySimp/simplify12.key 
455987     INFO  main            d.u.i.k.p.i.AbstractProblemLoader Loading environment from /home/runner/work/key/key/key.core/../key.ui/examples/standard_key/polySimp/simplify12.key 
455987     DEBUG main            d.u.i.k.p.i.AbstractProblemLoader Environment load took 50.4ns 
455988     INFO  main            d.u.i.k.p.i.AbstractProblemLoader Creating init config 
458872     DEBUG main            d.u.i.k.p.i.AbstractProblemLoader Init config took 2.88s 
458885     INFO  main            d.u.i.k.p.i.AbstractProblemLoader Replaying proof simplify12.key 
458886     DEBUG main            d.u.i.k.p.i.IntermediateProofReplayer Proof replay took 2.7ns 
458987     INFO  main            d.u.i.k.p.r.p.TestFile    ... finished proof: closed. 
459506     INFO  main            d.u.i.k.p.i.AbstractProblemLoader Loading environment from /home/runner/work/key/key/key.core/../key.ui/examples/standard_key/polySimp/simplify12.key.proof 
459506     DEBUG main            d.u.i.k.p.i.AbstractProblemLoader Environment load took 75.1ns 
459507     INFO  main            d.u.i.k.p.i.AbstractProblemLoader Creating init config 
462648     DEBUG main            d.u.i.k.p.i.AbstractProblemLoader Init config took 3.14s 
462662     INFO  main            d.u.i.k.p.i.AbstractProblemLoader Replaying proof simplify12.key.proof 
462669     DEBUG main            d.u.i.k.p.i.IntermediateProofReplayer Proof replay took 4.97ms 
462670     DEBUG main            d.u.i.k.p.r.p.TestFile    ... success: reloaded. 
462671     INFO  main            d.u.i.k.p.r.p.TestFile    Now processing file /home/runner/work/key/key/key.core/../key.ui/examples/standard_key/polySimp/simplify13.key 
462671     INFO  main            d.u.i.k.p.i.AbstractProblemLoader Loading environment from /home/runner/work/key/key/key.core/../key.ui/examples/standard_key/polySimp/simplify13.key 
462672     DEBUG main            d.u.i.k.p.i.AbstractProblemLoader Environment load took 247.6ns 
462673     INFO  main            d.u.i.k.p.i.AbstractProblemLoader Creating init config 
465969     DEBUG main            d.u.i.k.p.i.AbstractProblemLoader Init config took 3.3s 
465983     INFO  main            d.u.i.k.p.i.AbstractProblemLoader Replaying proof simplify13.key 
466000     DEBUG main            d.u.i.k.p.i.IntermediateProofReplayer Proof replay took 2.7ns 
466102     INFO  main            d.u.i.k.p.r.p.TestFile    ... finished proof: closed. 
466619     INFO  main            d.u.i.k.p.i.AbstractProblemLoader Loading environment from /home/runner/work/key/key/key.core/../key.ui/examples/standard_key/polySimp/simplify13.key.proof 
466619     DEBUG main            d.u.i.k.p.i.AbstractProblemLoader Environment load took 73.5ns 
466621     INFO  main            d.u.i.k.p.i.AbstractProblemLoader Creating init config 
469528     DEBUG main            d.u.i.k.p.i.AbstractProblemLoader Init config took 2.91s 
469542     INFO  main            d.u.i.k.p.i.AbstractProblemLoader Replaying proof simplify13.key.proof 
469546     DEBUG main            d.u.i.k.p.i.IntermediateProofReplayer Proof replay took 2.46ms 
469547     DEBUG main            d.u.i.k.p.r.p.TestFile    ... success: reloaded. 
469547     INFO  main            d.u.i.k.p.r.p.TestFile    Now processing file /home/runner/work/key/key/key.core/../key.ui/examples/standard_key/polySimp/simplify14.key 
469547     INFO  main            d.u.i.k.p.i.AbstractProblemLoader Loading environment from /home/runner/work/key/key/key.core/../key.ui/examples/standard_key/polySimp/simplify14.key 
469547     DEBUG main            d.u.i.k.p.i.AbstractProblemLoader Environment load took 65.1ns 
469549     INFO  main            d.u.i.k.p.i.AbstractProblemLoader Creating init config 
472575     DEBUG main            d.u.i.k.p.i.AbstractProblemLoader Init config took 3.03s 
472590     INFO  main            d.u.i.k.p.i.AbstractProblemLoader Replaying proof simplify14.key 
472591     DEBUG main            d.u.i.k.p.i.IntermediateProofReplayer Proof replay took 2.9ns 
472693     INFO  main            d.u.i.k.p.r.p.TestFile    ... finished proof: closed. 
473218     INFO  main            d.u.i.k.p.i.AbstractProblemLoader Loading environment from /home/runner/work/key/key/key.core/../key.ui/examples/standard_key/polySimp/simplify14.key.proof 
473218     DEBUG main            d.u.i.k.p.i.AbstractProblemLoader Environment load took 77.1ns 
473219     INFO  main            d.u.i.k.p.i.AbstractProblemLoader Creating init config 
476090     DEBUG main            d.u.i.k.p.i.AbstractProblemLoader Init config took 2.87s 
476103     INFO  main            d.u.i.k.p.i.AbstractProblemLoader Replaying proof simplify14.key.proof 
476105     DEBUG main            d.u.i.k.p.i.IntermediateProofReplayer Proof replay took 546.7ns 
476106     DEBUG main            d.u.i.k.p.r.p.TestFile    ... success: reloaded. 
476107     INFO  main            d.u.i.k.p.r.p.TestFile    Now processing file /home/runner/work/key/key/key.core/../key.ui/examples/standard_key/polySimp/simplify15.key 
476107     INFO  main            d.u.i.k.p.i.AbstractProblemLoader Loading environment from /home/runner/work/key/key/key.core/../key.ui/examples/standard_key/polySimp/simplify15.key 
476107     DEBUG main            d.u.i.k.p.i.AbstractProblemLoader Environment load took 47.7ns 
476108     INFO  main            d.u.i.k.p.i.AbstractProblemLoader Creating init config 
478920     DEBUG main            d.u.i.k.p.i.AbstractProblemLoader Init config took 2.81s 
478934     INFO  main            d.u.i.k.p.i.AbstractProblemLoader Replaying proof simplify15.key 
478935     DEBUG main            d.u.i.k.p.i.IntermediateProofReplayer Proof replay took 3.1ns 
479037     INFO  main            d.u.i.k.p.r.p.TestFile    ... finished proof: closed. 
479555     INFO  main            d.u.i.k.p.i.AbstractProblemLoader Loading environment from /home/runner/work/key/key/key.core/../key.ui/examples/standard_key/polySimp/simplify15.key.proof 
479555     DEBUG main            d.u.i.k.p.i.AbstractProblemLoader Environment load took 76.3ns 
479557     INFO  main            d.u.i.k.p.i.AbstractProblemLoader Creating init config 
482406     DEBUG main            d.u.i.k.p.i.AbstractProblemLoader Init config took 2.85s 
482419     INFO  main            d.u.i.k.p.i.AbstractProblemLoader Replaying proof simplify15.key.proof 
482421     DEBUG main            d.u.i.k.p.i.IntermediateProofReplayer Proof replay took 326.2ns 
482422     DEBUG main            d.u.i.k.p.r.p.TestFile    ... success: reloaded. 
482422     INFO  main            d.u.i.k.p.r.p.TestFile    Now processing file /home/runner/work/key/key/key.core/../key.ui/examples/standard_key/polySimp/simplify16.key 
482423     INFO  main            d.u.i.k.p.i.AbstractProblemLoader Loading environment from /home/runner/work/key/key/key.core/../key.ui/examples/standard_key/polySimp/simplify16.key 
482423     DEBUG main            d.u.i.k.p.i.AbstractProblemLoader Environment load took 73ns 
482423     INFO  main            d.u.i.k.p.i.AbstractProblemLoader Creating init config 
485251     DEBUG main            d.u.i.k.p.i.AbstractProblemLoader Init config took 2.83s 
485264     INFO  main            d.u.i.k.p.i.AbstractProblemLoader Replaying proof simplify16.key 
485265     DEBUG main            d.u.i.k.p.i.IntermediateProofReplayer Proof replay took 2.8ns 
485366     INFO  main            d.u.i.k.p.r.p.TestFile    ... finished proof: closed. 
485892     INFO  main            d.u.i.k.p.i.AbstractProblemLoader Loading environment from /home/runner/work/key/key/key.core/../key.ui/examples/standard_key/polySimp/simplify16.key.proof 
485892     DEBUG main            d.u.i.k.p.i.AbstractProblemLoader Environment load took 69.5ns 
485893     INFO  main            d.u.i.k.p.i.AbstractProblemLoader Creating init config 
488706     DEBUG main            d.u.i.k.p.i.AbstractProblemLoader Init config took 2.81s 
488719     INFO  main            d.u.i.k.p.i.AbstractProblemLoader Replaying proof simplify16.key.proof 
488721     DEBUG main            d.u.i.k.p.i.IntermediateProofReplayer Proof replay took 279.7ns 
488721     DEBUG main            d.u.i.k.p.r.p.TestFile    ... success: reloaded. 
488722     INFO  main            d.u.i.k.p.r.p.TestFile    Now processing file /home/runner/work/key/key/key.core/../key.ui/examples/standard_key/polySimp/simplify17.key 
488722     INFO  main            d.u.i.k.p.i.AbstractProblemLoader Loading environment from /home/runner/work/key/key/key.core/../key.ui/examples/standard_key/polySimp/simplify17.key 
488722     DEBUG main            d.u.i.k.p.i.AbstractProblemLoader Environment load took 63.7ns 
488723     INFO  main            d.u.i.k.p.i.AbstractProblemLoader Creating init config 
491612     DEBUG main            d.u.i.k.p.i.AbstractProblemLoader Init config took 2.89s 
491626     INFO  main            d.u.i.k.p.i.AbstractProblemLoader Replaying proof simplify17.key 
491627     DEBUG main            d.u.i.k.p.i.IntermediateProofReplayer Proof replay took 2.7ns 
491730     INFO  main            d.u.i.k.p.r.p.TestFile    ... finished proof: closed. 
492252     INFO  main            d.u.i.k.p.i.AbstractProblemLoader Loading environment from /home/runner/work/key/key/key.core/../key.ui/examples/standard_key/polySimp/simplify17.key.proof 
492252     DEBUG main            d.u.i.k.p.i.AbstractProblemLoader Environment load took 93.5ns 
492253     INFO  main            d.u.i.k.p.i.AbstractProblemLoader Creating init config 
495192     DEBUG main            d.u.i.k.p.i.AbstractProblemLoader Init config took 2.94s 
495207     INFO  main            d.u.i.k.p.i.AbstractProblemLoader Replaying proof simplify17.key.proof 
495212     DEBUG main            d.u.i.k.p.i.IntermediateProofReplayer Proof replay took 3.31ms 
495212     DEBUG main            d.u.i.k.p.r.p.TestFile    ... success: reloaded. 
495213     INFO  main            d.u.i.k.p.r.p.TestFile    Now processing file /home/runner/work/key/key/key.core/../key.ui/examples/standard_key/polySimp/simplify18.key 
495213     INFO  main            d.u.i.k.p.i.AbstractProblemLoader Loading environment from /home/runner/work/key/key/key.core/../key.ui/examples/standard_key/polySimp/simplify18.key 
495213     DEBUG main            d.u.i.k.p.i.AbstractProblemLoader Environment load took 81.4ns 
495214     INFO  main            d.u.i.k.p.i.AbstractProblemLoader Creating init config 
498106     DEBUG main            d.u.i.k.p.i.AbstractProblemLoader Init config took 2.89s 
498126     INFO  main            d.u.i.k.p.i.AbstractProblemLoader Replaying proof simplify18.key 
498127     DEBUG main            d.u.i.k.p.i.IntermediateProofReplayer Proof replay took 2.8ns 
498329     INFO  main            d.u.i.k.p.r.p.TestFile    ... finished proof: closed. 
498877     INFO  main            d.u.i.k.p.i.AbstractProblemLoader Loading environment from /home/runner/work/key/key/key.core/../key.ui/examples/standard_key/polySimp/simplify18.key.proof 
498877     DEBUG main            d.u.i.k.p.i.AbstractProblemLoader Environment load took 74.6ns 
498878     INFO  main            d.u.i.k.p.i.AbstractProblemLoader Creating init config 
501802     DEBUG main            d.u.i.k.p.i.AbstractProblemLoader Init config took 2.92s 
501817     INFO  main            d.u.i.k.p.i.AbstractProblemLoader Replaying proof simplify18.key.proof 
501829     DEBUG main            d.u.i.k.p.i.IntermediateProofReplayer Proof replay took 9.87ms 
501829     DEBUG main            d.u.i.k.p.r.p.TestFile    ... success: reloaded. 
501830     INFO  main            d.u.i.k.p.r.p.TestFile    Now processing file /home/runner/work/key/key/key.core/../key.ui/examples/standard_key/polySimp/simplify19.key 
501830     INFO  main            d.u.i.k.p.i.AbstractProblemLoader Loading environment from /home/runner/work/key/key/key.core/../key.ui/examples/standard_key/polySimp/simplify19.key 
501830     DEBUG main            d.u.i.k.p.i.AbstractProblemLoader Environment load took 45.5ns 
501831     INFO  main            d.u.i.k.p.i.AbstractProblemLoader Creating init config 
504760     DEBUG main            d.u.i.k.p.i.AbstractProblemLoader Init config took 2.93s 
504783     INFO  main            d.u.i.k.p.i.AbstractProblemLoader Replaying proof simplify19.key 
504784     DEBUG main            d.u.i.k.p.i.IntermediateProofReplayer Proof replay took 2.4ns 
508193     INFO  main            d.u.i.k.p.r.p.TestFile    ... finished proof: closed. 
508782     INFO  main            d.u.i.k.p.i.AbstractProblemLoader Loading environment from /home/runner/work/key/key/key.core/../key.ui/examples/standard_key/polySimp/simplify19.key.proof 
508782     DEBUG main            d.u.i.k.p.i.AbstractProblemLoader Environment load took 72.2ns 
508783     INFO  main            d.u.i.k.p.i.AbstractProblemLoader Creating init config 
511622     DEBUG main            d.u.i.k.p.i.AbstractProblemLoader Init config took 2.84s 
511637     INFO  main            d.u.i.k.p.i.AbstractProblemLoader Replaying proof simplify19.key.proof 
511767     DEBUG main            d.u.i.k.p.i.IntermediateProofReplayer Proof replay took 118.15ms 
511769     DEBUG main            d.u.i.k.p.r.p.TestFile    ... success: reloaded. 
511769     INFO  main            d.u.i.k.p.r.p.TestFile    Now processing file /home/runner/work/key/key/key.core/../key.ui/examples/standard_key/polySimp/simplify2.key 
511769     INFO  main            d.u.i.k.p.i.AbstractProblemLoader Loading environment from /home/runner/work/key/key/key.core/../key.ui/examples/standard_key/polySimp/simplify2.key 
511770     DEBUG main            d.u.i.k.p.i.AbstractProblemLoader Environment load took 69ns 
511770     INFO  main            d.u.i.k.p.i.AbstractProblemLoader Creating init config 
514570     DEBUG main            d.u.i.k.p.i.AbstractProblemLoader Init config took 2.8s 
514584     INFO  main            d.u.i.k.p.i.AbstractProblemLoader Replaying proof simplify2.key 
514585     DEBUG main            d.u.i.k.p.i.IntermediateProofReplayer Proof replay took 2.4ns 
514686     INFO  main            d.u.i.k.p.r.p.TestFile    ... finished proof: closed. 
515266     INFO  main            d.u.i.k.p.i.AbstractProblemLoader Loading environment from /home/runner/work/key/key/key.core/../key.ui/examples/standard_key/polySimp/simplify2.key.proof 
515266     DEBUG main            d.u.i.k.p.i.AbstractProblemLoader Environment load took 72.4ns 
515267     INFO  main            d.u.i.k.p.i.AbstractProblemLoader Creating init config 
518173     DEBUG main            d.u.i.k.p.i.AbstractProblemLoader Init config took 2.91s 
518186     INFO  main            d.u.i.k.p.i.AbstractProblemLoader Replaying proof simplify2.key.proof 
518188     DEBUG main            d.u.i.k.p.i.IntermediateProofReplayer Proof replay took 513.8ns 
518189     DEBUG main            d.u.i.k.p.r.p.TestFile    ... success: reloaded. 
518189     INFO  main            d.u.i.k.p.r.p.TestFile    Now processing file /home/runner/work/key/key/key.core/../key.ui/examples/standard_key/polySimp/simplify20.key 
518190     INFO  main            d.u.i.k.p.i.AbstractProblemLoader Loading environment from /home/runner/work/key/key/key.core/../key.ui/examples/standard_key/polySimp/simplify20.key 
518190     DEBUG main            d.u.i.k.p.i.AbstractProblemLoader Environment load took 49.1ns 
518191     INFO  main            d.u.i.k.p.i.AbstractProblemLoader Creating init config 
521096     DEBUG main            d.u.i.k.p.i.AbstractProblemLoader Init config took 2.9s 
521109     INFO  main            d.u.i.k.p.i.AbstractProblemLoader Replaying proof simplify20.key 
521110     DEBUG main            d.u.i.k.p.i.IntermediateProofReplayer Proof replay took 2.7ns 
521814     INFO  main            d.u.i.k.p.r.p.TestFile    ... finished proof: closed. 
522419     INFO  main            d.u.i.k.p.i.AbstractProblemLoader Loading environment from /home/runner/work/key/key/key.core/../key.ui/examples/standard_key/polySimp/simplify20.key.proof 
522420     DEBUG main            d.u.i.k.p.i.AbstractProblemLoader Environment load took 69.8ns 
522421     INFO  main            d.u.i.k.p.i.AbstractProblemLoader Creating init config 
525249     DEBUG main            d.u.i.k.p.i.AbstractProblemLoader Init config took 2.83s 
525264     INFO  main            d.u.i.k.p.i.AbstractProblemLoader Replaying proof simplify20.key.proof 
525299     DEBUG main            d.u.i.k.p.i.IntermediateProofReplayer Proof replay took 30.93ms 
525301     DEBUG main            d.u.i.k.p.r.p.TestFile    ... success: reloaded. 
525301     INFO  main            d.u.i.k.p.r.p.TestFile    Now processing file /home/runner/work/key/key/key.core/../key.ui/examples/standard_key/polySimp/simplify21.key 
525301     INFO  main            d.u.i.k.p.i.AbstractProblemLoader Loading environment from /home/runner/work/key/key/key.core/../key.ui/examples/standard_key/polySimp/simplify21.key 
525301     DEBUG main            d.u.i.k.p.i.AbstractProblemLoader Environment load took 90ns 
525305     INFO  main            d.u.i.k.p.i.AbstractProblemLoader Creating init config 
528211     DEBUG main            d.u.i.k.p.i.AbstractProblemLoader Init config took 2.91s 
528226     INFO  main            d.u.i.k.p.i.AbstractProblemLoader Replaying proof simplify21.key 
528227     DEBUG main            d.u.i.k.p.i.IntermediateProofReplayer Proof replay took 2.9ns 
528933     INFO  main            d.u.i.k.p.r.p.TestFile    ... finished proof: closed. 
529575     INFO  main            d.u.i.k.p.i.AbstractProblemLoader Loading environment from /home/runner/work/key/key/key.core/../key.ui/examples/standard_key/polySimp/simplify21.key.proof 
529575     DEBUG main            d.u.i.k.p.i.AbstractProblemLoader Environment load took 111.7ns 
529577     INFO  main            d.u.i.k.p.i.AbstractProblemLoader Creating init config 
532445     DEBUG main            d.u.i.k.p.i.AbstractProblemLoader Init config took 2.87s 
532463     INFO  main            d.u.i.k.p.i.AbstractProblemLoader Replaying proof simplify21.key.proof 
532491     DEBUG main            d.u.i.k.p.i.IntermediateProofReplayer Proof replay took 23.91ms 
532493     DEBUG main            d.u.i.k.p.r.p.TestFile    ... success: reloaded. 
532494     INFO  main            d.u.i.k.p.r.p.TestFile    Now processing file /home/runner/work/key/key/key.core/../key.ui/examples/standard_key/polySimp/simplify22.key 
532494     INFO  main            d.u.i.k.p.i.AbstractProblemLoader Loading environment from /home/runner/work/key/key/key.core/../key.ui/examples/standard_key/polySimp/simplify22.key 
532494     DEBUG main            d.u.i.k.p.i.AbstractProblemLoader Environment load took 105.9ns 
532495     INFO  main            d.u.i.k.p.i.AbstractProblemLoader Creating init config 
535356     DEBUG main            d.u.i.k.p.i.AbstractProblemLoader Init config took 2.86s 
535370     INFO  main            d.u.i.k.p.i.AbstractProblemLoader Replaying proof simplify22.key 
535371     DEBUG main            d.u.i.k.p.i.IntermediateProofReplayer Proof replay took 2.5ns 
535474     INFO  main            d.u.i.k.p.r.p.TestFile    ... finished proof: closed. 
536048     INFO  main            d.u.i.k.p.i.AbstractProblemLoader Loading environment from /home/runner/work/key/key/key.core/../key.ui/examples/standard_key/polySimp/simplify22.key.proof 
536049     DEBUG main            d.u.i.k.p.i.AbstractProblemLoader Environment load took 85.9ns 
536050     INFO  main            d.u.i.k.p.i.AbstractProblemLoader Creating init config 
538886     DEBUG main            d.u.i.k.p.i.AbstractProblemLoader Init config took 2.84s 
538899     INFO  main            d.u.i.k.p.i.AbstractProblemLoader Replaying proof simplify22.key.proof 
538902     DEBUG main            d.u.i.k.p.i.IntermediateProofReplayer Proof replay took 2.05ms 
538903     DEBUG main            d.u.i.k.p.r.p.TestFile    ... success: reloaded. 
538903     INFO  main            d.u.i.k.p.r.p.TestFile    Now processing file /home/runner/work/key/key/key.core/../key.ui/examples/standard_key/polySimp/simplify23.key 
538903     INFO  main            d.u.i.k.p.i.AbstractProblemLoader Loading environment from /home/runner/work/key/key/key.core/../key.ui/examples/standard_key/polySimp/simplify23.key 
538903     DEBUG main            d.u.i.k.p.i.AbstractProblemLoader Environment load took 93.4ns 
538904     INFO  main            d.u.i.k.p.i.AbstractProblemLoader Creating init config 
541755     DEBUG main            d.u.i.k.p.i.AbstractProblemLoader Init config took 2.85s 
541769     INFO  main            d.u.i.k.p.i.AbstractProblemLoader Replaying proof simplify23.key 
541770     DEBUG main            d.u.i.k.p.i.IntermediateProofReplayer Proof replay took 2.4ns 
541872     INFO  main            d.u.i.k.p.r.p.TestFile    ... finished proof: closed. 
542437     INFO  main            d.u.i.k.p.i.AbstractProblemLoader Loading environment from /home/runner/work/key/key/key.core/../key.ui/examples/standard_key/polySimp/simplify23.key.proof 
542438     DEBUG main            d.u.i.k.p.i.AbstractProblemLoader Environment load took 82.7ns 
542439     INFO  main            d.u.i.k.p.i.AbstractProblemLoader Creating init config 
545264     DEBUG main            d.u.i.k.p.i.AbstractProblemLoader Init config took 2.83s 
545278     INFO  main            d.u.i.k.p.i.AbstractProblemLoader Replaying proof simplify23.key.proof 
545287     DEBUG main            d.u.i.k.p.i.IntermediateProofReplayer Proof replay took 7.44ms 
545288     DEBUG main            d.u.i.k.p.r.p.TestFile    ... success: reloaded. 
545288     INFO  main            d.u.i.k.p.r.p.TestFile    Now processing file /home/runner/work/key/key/key.core/../key.ui/examples/standard_key/polySimp/simplify24.key 
545289     INFO  main            d.u.i.k.p.i.AbstractProblemLoader Loading environment from /home/runner/work/key/key/key.core/../key.ui/examples/standard_key/polySimp/simplify24.key 
545289     DEBUG main            d.u.i.k.p.i.AbstractProblemLoader Environment load took 89.8ns 
545289     INFO  main            d.u.i.k.p.i.AbstractProblemLoader Creating init config 
548179     DEBUG main            d.u.i.k.p.i.AbstractProblemLoader Init config took 2.89s 
548194     INFO  main            d.u.i.k.p.i.AbstractProblemLoader Replaying proof simplify24.key 
548195     DEBUG main            d.u.i.k.p.i.IntermediateProofReplayer Proof replay took 2.7ns 
548297     INFO  main            d.u.i.k.p.r.p.TestFile    ... finished proof: closed. 
548871     INFO  main            d.u.i.k.p.i.AbstractProblemLoader Loading environment from /home/runner/work/key/key/key.core/../key.ui/examples/standard_key/polySimp/simplify24.key.proof 
548871     DEBUG main            d.u.i.k.p.i.AbstractProblemLoader Environment load took 75.9ns 
548872     INFO  main            d.u.i.k.p.i.AbstractProblemLoader Creating init config 
551681     DEBUG main            d.u.i.k.p.i.AbstractProblemLoader Init config took 2.81s 
551694     INFO  main            d.u.i.k.p.i.AbstractProblemLoader Replaying proof simplify24.key.proof 
551697     DEBUG main            d.u.i.k.p.i.IntermediateProofReplayer Proof replay took 1.54ms 
551698     DEBUG main            d.u.i.k.p.r.p.TestFile    ... success: reloaded. 
551698     INFO  main            d.u.i.k.p.r.p.TestFile    Now processing file /home/runner/work/key/key/key.core/../key.ui/examples/standard_key/polySimp/simplify25.key 
551698     INFO  main            d.u.i.k.p.i.AbstractProblemLoader Loading environment from /home/runner/work/key/key/key.core/../key.ui/examples/standard_key/polySimp/simplify25.key 
551698     DEBUG main            d.u.i.k.p.i.AbstractProblemLoader Environment load took 77ns 
551699     INFO  main            d.u.i.k.p.i.AbstractProblemLoader Creating init config 
554559     DEBUG main            d.u.i.k.p.i.AbstractProblemLoader Init config took 2.86s 
554571     INFO  main            d.u.i.k.p.i.AbstractProblemLoader Replaying proof simplify25.key 
554572     DEBUG main            d.u.i.k.p.i.IntermediateProofReplayer Proof replay took 2.4ns 
554674     INFO  main            d.u.i.k.p.r.p.TestFile    ... finished proof: closed. 
555246     INFO  main            d.u.i.k.p.i.AbstractProblemLoader Loading environment from /home/runner/work/key/key/key.core/../key.ui/examples/standard_key/polySimp/simplify25.key.proof 
555246     DEBUG main            d.u.i.k.p.i.AbstractProblemLoader Environment load took 64.3ns 
555247     INFO  main            d.u.i.k.p.i.AbstractProblemLoader Creating init config 
558112     DEBUG main            d.u.i.k.p.i.AbstractProblemLoader Init config took 2.87s 
558126     INFO  main            d.u.i.k.p.i.AbstractProblemLoader Replaying proof simplify25.key.proof 
558129     DEBUG main            d.u.i.k.p.i.IntermediateProofReplayer Proof replay took 1.56ms 
558129     DEBUG main            d.u.i.k.p.r.p.TestFile    ... success: reloaded. 
558130     INFO  main            d.u.i.k.p.r.p.TestFile    Now processing file /home/runner/work/key/key/key.core/../key.ui/examples/standard_key/polySimp/simplify3.key 
558130     INFO  main            d.u.i.k.p.i.AbstractProblemLoader Loading environment from /home/runner/work/key/key/key.core/../key.ui/examples/standard_key/polySimp/simplify3.key 
558130     DEBUG main            d.u.i.k.p.i.AbstractProblemLoader Environment load took 48.9ns 
558131     INFO  main            d.u.i.k.p.i.AbstractProblemLoader Creating init config 
561058     DEBUG main            d.u.i.k.p.i.AbstractProblemLoader Init config took 2.93s 
561072     INFO  main            d.u.i.k.p.i.AbstractProblemLoader Replaying proof simplify3.key 
561073     DEBUG main            d.u.i.k.p.i.IntermediateProofReplayer Proof replay took 2.2ns 
561174     INFO  main            d.u.i.k.p.r.p.TestFile    ... finished proof: closed. 
561767     INFO  main            d.u.i.k.p.i.AbstractProblemLoader Loading environment from /home/runner/work/key/key/key.core/../key.ui/examples/standard_key/polySimp/simplify3.key.proof 
561767     DEBUG main            d.u.i.k.p.i.AbstractProblemLoader Environment load took 69.9ns 
561768     INFO  main            d.u.i.k.p.i.AbstractProblemLoader Creating init config 
564625     DEBUG main            d.u.i.k.p.i.AbstractProblemLoader Init config took 2.86s 
564638     INFO  main            d.u.i.k.p.i.AbstractProblemLoader Replaying proof simplify3.key.proof 
564640     DEBUG main            d.u.i.k.p.i.IntermediateProofReplayer Proof replay took 576ns 
564641     DEBUG main            d.u.i.k.p.r.p.TestFile    ... success: reloaded. 
564641     INFO  main            d.u.i.k.p.r.p.TestFile    Now processing file /home/runner/work/key/key/key.core/../key.ui/examples/standard_key/polySimp/simplify4.key 
564641     INFO  main            d.u.i.k.p.i.AbstractProblemLoader Loading environment from /home/runner/work/key/key/key.core/../key.ui/examples/standard_key/polySimp/simplify4.key 
564641     DEBUG main            d.u.i.k.p.i.AbstractProblemLoader Environment load took 45.4ns 
564642     INFO  main            d.u.i.k.p.i.AbstractProblemLoader Creating init config 
567454     DEBUG main            d.u.i.k.p.i.AbstractProblemLoader Init config took 2.81s 
567467     INFO  main            d.u.i.k.p.i.AbstractProblemLoader Replaying proof simplify4.key 
567468     DEBUG main            d.u.i.k.p.i.IntermediateProofReplayer Proof replay took 2.4ns 
567570     INFO  main            d.u.i.k.p.r.p.TestFile    ... finished proof: closed. 
568168     INFO  main            d.u.i.k.p.i.AbstractProblemLoader Loading environment from /home/runner/work/key/key/key.core/../key.ui/examples/standard_key/polySimp/simplify4.key.proof 
568168     DEBUG main            d.u.i.k.p.i.AbstractProblemLoader Environment load took 68ns 
568169     INFO  main            d.u.i.k.p.i.AbstractProblemLoader Creating init config 
570974     DEBUG main            d.u.i.k.p.i.AbstractProblemLoader Init config took 2.8s 
570987     INFO  main            d.u.i.k.p.i.AbstractProblemLoader Replaying proof simplify4.key.proof 
570989     DEBUG main            d.u.i.k.p.i.IntermediateProofReplayer Proof replay took 650.7ns 
570989     DEBUG main            d.u.i.k.p.r.p.TestFile    ... success: reloaded. 
570990     INFO  main            d.u.i.k.p.r.p.TestFile    Now processing file /home/runner/work/key/key/key.core/../key.ui/examples/standard_key/polySimp/simplify5.key 
570990     INFO  main            d.u.i.k.p.i.AbstractProblemLoader Loading environment from /home/runner/work/key/key/key.core/../key.ui/examples/standard_key/polySimp/simplify5.key 
570990     DEBUG main            d.u.i.k.p.i.AbstractProblemLoader Environment load took 69.7ns 
570991     INFO  main            d.u.i.k.p.i.AbstractProblemLoader Creating init config 
573829     DEBUG main            d.u.i.k.p.i.AbstractProblemLoader Init config took 2.84s 
573843     INFO  main            d.u.i.k.p.i.AbstractProblemLoader Replaying proof simplify5.key 
573844     DEBUG main            d.u.i.k.p.i.IntermediateProofReplayer Proof replay took 2.4ns 
573946     INFO  main            d.u.i.k.p.r.p.TestFile    ... finished proof: closed. 
574541     INFO  main            d.u.i.k.p.i.AbstractProblemLoader Loading environment from /home/runner/work/key/key/key.core/../key.ui/examples/standard_key/polySimp/simplify5.key.proof 
574541     DEBUG main            d.u.i.k.p.i.AbstractProblemLoader Environment load took 66.4ns 
574541     INFO  main            d.u.i.k.p.i.AbstractProblemLoader Creating init config 
577288     DEBUG main            d.u.i.k.p.i.AbstractProblemLoader Init config took 2.75s 
577302     INFO  main            d.u.i.k.p.i.AbstractProblemLoader Replaying proof simplify5.key.proof 
577307     DEBUG main            d.u.i.k.p.i.IntermediateProofReplayer Proof replay took 3.06ms 
577307     DEBUG main            d.u.i.k.p.r.p.TestFile    ... success: reloaded. 
577308     INFO  main            d.u.i.k.p.r.p.TestFile    Now processing file /home/runner/work/key/key/key.core/../key.ui/examples/standard_key/polySimp/simplify6.key 
577308     INFO  main            d.u.i.k.p.i.AbstractProblemLoader Loading environment from /home/runner/work/key/key/key.core/../key.ui/examples/standard_key/polySimp/simplify6.key 
577308     DEBUG main            d.u.i.k.p.i.AbstractProblemLoader Environment load took 48.5ns 
577309     INFO  main            d.u.i.k.p.i.AbstractProblemLoader Creating init config 
580235     DEBUG main            d.u.i.k.p.i.AbstractProblemLoader Init config took 2.93s 
580249     INFO  main            d.u.i.k.p.i.AbstractProblemLoader Replaying proof simplify6.key 
580250     DEBUG main            d.u.i.k.p.i.IntermediateProofReplayer Proof replay took 2.8ns 
580351     INFO  main            d.u.i.k.p.r.p.TestFile    ... finished proof: closed. 
580956     INFO  main            d.u.i.k.p.i.AbstractProblemLoader Loading environment from /home/runner/work/key/key/key.core/../key.ui/examples/standard_key/polySimp/simplify6.key.proof 
580956     DEBUG main            d.u.i.k.p.i.AbstractProblemLoader Environment load took 68.8ns 
580957     INFO  main            d.u.i.k.p.i.AbstractProblemLoader Creating init config 
583765     DEBUG main            d.u.i.k.p.i.AbstractProblemLoader Init config took 2.81s 
583779     INFO  main            d.u.i.k.p.i.AbstractProblemLoader Replaying proof simplify6.key.proof 
583780     DEBUG main            d.u.i.k.p.i.IntermediateProofReplayer Proof replay took 161.8ns 
583781     DEBUG main            d.u.i.k.p.r.p.TestFile    ... success: reloaded. 
583781     INFO  main            d.u.i.k.p.r.p.TestFile    Now processing file /home/runner/work/key/key/key.core/../key.ui/examples/standard_key/polySimp/simplify7.key 
583781     INFO  main            d.u.i.k.p.i.AbstractProblemLoader Loading environment from /home/runner/work/key/key/key.core/../key.ui/examples/standard_key/polySimp/simplify7.key 
583782     DEBUG main            d.u.i.k.p.i.AbstractProblemLoader Environment load took 89.6ns 
583782     INFO  main            d.u.i.k.p.i.AbstractProblemLoader Creating init config 
586658     DEBUG main            d.u.i.k.p.i.AbstractProblemLoader Init config took 2.88s 
586673     INFO  main            d.u.i.k.p.i.AbstractProblemLoader Replaying proof simplify7.key 
586674     DEBUG main            d.u.i.k.p.i.IntermediateProofReplayer Proof replay took 2.8ns 
586775     INFO  main            d.u.i.k.p.r.p.TestFile    ... finished proof: closed. 
587403     INFO  main            d.u.i.k.p.i.AbstractProblemLoader Loading environment from /home/runner/work/key/key/key.core/../key.ui/examples/standard_key/polySimp/simplify7.key.proof 
587403     DEBUG main            d.u.i.k.p.i.AbstractProblemLoader Environment load took 65.6ns 
587404     INFO  main            d.u.i.k.p.i.AbstractProblemLoader Creating init config 
590321     DEBUG main            d.u.i.k.p.i.AbstractProblemLoader Init config took 2.92s 
590334     INFO  main            d.u.i.k.p.i.AbstractProblemLoader Replaying proof simplify7.key.proof 
590336     DEBUG main            d.u.i.k.p.i.IntermediateProofReplayer Proof replay took 299.1ns 
590336     DEBUG main            d.u.i.k.p.r.p.TestFile    ... success: reloaded. 
590337     INFO  main            d.u.i.k.p.r.p.TestFile    Now processing file /home/runner/work/key/key/key.core/../key.ui/examples/standard_key/polySimp/simplify8.key 
590337     INFO  main            d.u.i.k.p.i.AbstractProblemLoader Loading environment from /home/runner/work/key/key/key.core/../key.ui/examples/standard_key/polySimp/simplify8.key 
590337     DEBUG main            d.u.i.k.p.i.AbstractProblemLoader Environment load took 50.4ns 
590341     INFO  main            d.u.i.k.p.i.AbstractProblemLoader Creating init config 
593218     DEBUG main            d.u.i.k.p.i.AbstractProblemLoader Init config took 2.88s 
593234     INFO  main            d.u.i.k.p.i.AbstractProblemLoader Replaying proof simplify8.key 
593236     DEBUG main            d.u.i.k.p.i.IntermediateProofReplayer Proof replay took 2.5ns 
597902     INFO  main            d.u.i.k.p.r.p.TestFile    ... finished proof: closed. 
598538     INFO  main            d.u.i.k.p.i.AbstractProblemLoader Loading environment from /home/runner/work/key/key/key.core/../key.ui/examples/standard_key/polySimp/simplify8.key.proof 
598539     DEBUG main            d.u.i.k.p.i.AbstractProblemLoader Environment load took 80ns 
598541     INFO  main            d.u.i.k.p.i.AbstractProblemLoader Creating init config 
601370     DEBUG main            d.u.i.k.p.i.AbstractProblemLoader Init config took 2.83s 
601386     INFO  main            d.u.i.k.p.i.AbstractProblemLoader Replaying proof simplify8.key.proof 
601439     DEBUG main            d.u.i.k.p.i.IntermediateProofReplayer Proof replay took 48.98ms 
601441     DEBUG main            d.u.i.k.p.r.p.TestFile    ... success: reloaded. 
601442     INFO  main            d.u.i.k.p.r.p.TestFile    Now processing file /home/runner/work/key/key/key.core/../key.ui/examples/standard_key/polySimp/simplify9.key 
601442     INFO  main            d.u.i.k.p.i.AbstractProblemLoader Loading environment from /home/runner/work/key/key/key.core/../key.ui/examples/standard_key/polySimp/simplify9.key 
601442     DEBUG main            d.u.i.k.p.i.AbstractProblemLoader Environment load took 82.4ns 
601444     INFO  main            d.u.i.k.p.i.AbstractProblemLoader Creating init config 
604408     DEBUG main            d.u.i.k.p.i.AbstractProblemLoader Init config took 2.96s 
604441     INFO  main            d.u.i.k.p.i.AbstractProblemLoader Replaying proof simplify9.key 
604442     DEBUG main            d.u.i.k.p.i.IntermediateProofReplayer Proof replay took 2.7ns 
604645     INFO  main            d.u.i.k.p.r.p.TestFile    ... finished proof: closed. 
605337     INFO  main            d.u.i.k.p.i.AbstractProblemLoader Loading environment from /home/runner/work/key/key/key.core/../key.ui/examples/standard_key/polySimp/simplify9.key.proof 
605337     DEBUG main            d.u.i.k.p.i.AbstractProblemLoader Environment load took 75.1ns 
605338     INFO  main            d.u.i.k.p.i.AbstractProblemLoader Creating init config 
608256     DEBUG main            d.u.i.k.p.i.AbstractProblemLoader Init config took 2.92s 
608269     INFO  main            d.u.i.k.p.i.AbstractProblemLoader Replaying proof simplify9.key.proof 
608275     DEBUG main            d.u.i.k.p.i.IntermediateProofReplayer Proof replay took 3.97ms 
608276     DEBUG main            d.u.i.k.p.r.p.TestFile    ... success: reloaded. 
3384168    INFO  Test worker     d.u.i.k.p.r.RunAllProofsTestUnit Returning from test arithmetic 
3384170    INFO  Test worker     d.u.i.k.p.r.RunAllProofsTestUnit Running test arrays 
436        INFO  Timeout watchdog d.u.i.k.p.r.p.ForkedTestFileRunner Timeout watcher launched (2000 secs.) 
471        WARN  main            d.u.i.k.s.ProofSettings   The settings in /home/runner/.key/proof-settings.props are *not* read. 
528        INFO  main            d.u.i.k.p.r.p.TestFile    Now processing file /home/runner/work/key/key/key.core/../key.ui/examples/standard_key/arrays/arrayStoreException/array2DimPrim.key 
684        INFO  main            d.u.i.k.p.i.AbstractProblemLoader Loading environment from /home/runner/work/key/key/key.core/../key.ui/examples/standard_key/arrays/arrayStoreException/array2DimPrim.key 
704        DEBUG main            d.u.i.k.p.i.AbstractProblemLoader Environment load took 2.38ms 
1040       INFO  main            d.u.i.k.p.i.AbstractProblemLoader Creating init config 
2235       DEBUG main            d.u.i.k.j.TypeConverter   No LDT found for Meta 
2236       DEBUG main            d.u.i.k.j.TypeConverter   No LDT found for Meta 
2241       DEBUG main            d.u.i.k.j.TypeConverter   No LDT found for Meta 
2241       DEBUG main            d.u.i.k.j.TypeConverter   No LDT found for Meta 
4002       DEBUG main            d.u.i.k.j.TypeConverter   No LDT found for JavaBigintExpression 
10542      DEBUG main            d.u.i.k.p.i.AbstractProblemLoader Init config took 9.5s 
10633      INFO  main            d.u.i.k.p.i.AbstractProblemLoader Replaying proof array2DimPrim.key 
10684      DEBUG main            d.u.i.k.p.i.IntermediateProofReplayer Proof replay took 51.2ns 
15462      INFO  main            d.u.i.k.p.r.p.TestFile    ... finished proof: closed. 
15720      INFO  main            d.u.i.k.p.i.AbstractProblemLoader Loading environment from /home/runner/work/key/key/key.core/../key.ui/examples/standard_key/arrays/arrayStoreException/array2DimPrim.key.proof 
15726      DEBUG main            d.u.i.k.p.i.AbstractProblemLoader Environment load took 6.04ms 
15733      INFO  main            d.u.i.k.p.i.AbstractProblemLoader Creating init config 
19265      DEBUG main            d.u.i.k.p.i.AbstractProblemLoader Init config took 3.53s 
19301      INFO  main            d.u.i.k.p.i.AbstractProblemLoader Replaying proof array2DimPrim.key.proof 
19769      DEBUG main            d.u.i.k.p.i.IntermediateProofReplayer Proof replay took 450.42ms 
19793      DEBUG main            d.u.i.k.p.r.p.TestFile    ... success: reloaded. 
19798      INFO  main            d.u.i.k.p.r.p.TestFile    Now processing file /home/runner/work/key/key/key.core/../key.ui/examples/standard_key/arrays/arrayStoreException/arrayStoreKnownDynType.key 
19798      INFO  main            d.u.i.k.p.i.AbstractProblemLoader Loading environment from /home/runner/work/key/key/key.core/../key.ui/examples/standard_key/arrays/arrayStoreException/arrayStoreKnownDynType.key 
19798      DEBUG main            d.u.i.k.p.i.AbstractProblemLoader Environment load took 106.3ns 
19800      INFO  main            d.u.i.k.p.i.AbstractProblemLoader Creating init config 
23187      DEBUG main            d.u.i.k.p.i.AbstractProblemLoader Init config took 3.39s 
23227      INFO  main            d.u.i.k.p.i.AbstractProblemLoader Replaying proof arrayStoreKnownDynType.key 
23234      DEBUG main            d.u.i.k.p.i.IntermediateProofReplayer Proof replay took 9.3ns 
23543      INFO  main            d.u.i.k.p.r.p.TestFile    ... finished proof: closed. 
23837      INFO  main            d.u.i.k.p.i.AbstractProblemLoader Loading environment from /home/runner/work/key/key/key.core/../key.ui/examples/standard_key/arrays/arrayStoreException/arrayStoreKnownDynType.key.proof 
23837      DEBUG main            d.u.i.k.p.i.AbstractProblemLoader Environment load took 485.6ns 
23839      INFO  main            d.u.i.k.p.i.AbstractProblemLoader Creating init config 
27078      DEBUG main            d.u.i.k.p.i.AbstractProblemLoader Init config took 3.24s 
27105      INFO  main            d.u.i.k.p.i.AbstractProblemLoader Replaying proof arrayStoreKnownDynType.key.proof 
27156      DEBUG main            d.u.i.k.p.i.IntermediateProofReplayer Proof replay took 47.12ms 
27158      DEBUG main            d.u.i.k.p.r.p.TestFile    ... success: reloaded. 
27159      INFO  main            d.u.i.k.p.r.p.TestFile    Now processing file /home/runner/work/key/key/key.core/../key.ui/examples/standard_key/arrays/arrayStoreException/reverseArray.key 
27159      INFO  main            d.u.i.k.p.i.AbstractProblemLoader Loading environment from /home/runner/work/key/key/key.core/../key.ui/examples/standard_key/arrays/arrayStoreException/reverseArray.key 
27160      DEBUG main            d.u.i.k.p.i.AbstractProblemLoader Environment load took 241ns 
27161      INFO  main            d.u.i.k.p.i.AbstractProblemLoader Creating init config 
30487      DEBUG main            d.u.i.k.p.i.AbstractProblemLoader Init config took 3.33s 
30519      INFO  main            d.u.i.k.p.i.AbstractProblemLoader Replaying proof reverseArray.key 
30524      DEBUG main            d.u.i.k.p.i.IntermediateProofReplayer Proof replay took 7.7ns 
31431      INFO  main            d.u.i.k.p.r.p.TestFile    ... finished proof: closed. 
31626      INFO  main            d.u.i.k.p.i.AbstractProblemLoader Loading environment from /home/runner/work/key/key/key.core/../key.ui/examples/standard_key/arrays/arrayStoreException/reverseArray.key.proof 
31627      DEBUG main            d.u.i.k.p.i.AbstractProblemLoader Environment load took 789.5ns 
31631      INFO  main            d.u.i.k.p.i.AbstractProblemLoader Creating init config 
34859      DEBUG main            d.u.i.k.p.i.AbstractProblemLoader Init config took 3.23s 
34885      INFO  main            d.u.i.k.p.i.AbstractProblemLoader Replaying proof reverseArray.key.proof 
35046      DEBUG main            d.u.i.k.p.i.IntermediateProofReplayer Proof replay took 153.28ms 
35048      DEBUG main            d.u.i.k.p.r.p.TestFile    ... success: reloaded. 
35049      INFO  main            d.u.i.k.p.r.p.TestFile    Now processing file /home/runner/work/key/key/key.core/../key.ui/examples/standard_key/arrays/arrayStoreException/throwArrayStoreException.key 
35050      INFO  main            d.u.i.k.p.i.AbstractProblemLoader Loading environment from /home/runner/work/key/key/key.core/../key.ui/examples/standard_key/arrays/arrayStoreException/throwArrayStoreException.key 
35050      DEBUG main            d.u.i.k.p.i.AbstractProblemLoader Environment load took 241ns 
35051      INFO  main            d.u.i.k.p.i.AbstractProblemLoader Creating init config 
38286      DEBUG main            d.u.i.k.p.i.AbstractProblemLoader Init config took 3.24s 
38313      INFO  main            d.u.i.k.p.i.AbstractProblemLoader Replaying proof throwArrayStoreException.key 
38316      DEBUG main            d.u.i.k.p.i.IntermediateProofReplayer Proof replay took 9ns 
38823      INFO  main            d.u.i.k.p.r.p.TestFile    ... finished proof: closed. 
39044      INFO  main            d.u.i.k.p.i.AbstractProblemLoader Loading environment from /home/runner/work/key/key/key.core/../key.ui/examples/standard_key/arrays/arrayStoreException/throwArrayStoreException.key.proof 
39049      DEBUG main            d.u.i.k.p.i.AbstractProblemLoader Environment load took 4.68ms 
39050      INFO  main            d.u.i.k.p.i.AbstractProblemLoader Creating init config 
42213      DEBUG main            d.u.i.k.p.i.AbstractProblemLoader Init config took 3.16s 
42237      INFO  main            d.u.i.k.p.i.AbstractProblemLoader Replaying proof throwArrayStoreException.key.proof 
42347      DEBUG main            d.u.i.k.p.i.IntermediateProofReplayer Proof replay took 105.8ms 
42349      DEBUG main            d.u.i.k.p.r.p.TestFile    ... success: reloaded. 
42350      INFO  main            d.u.i.k.p.r.p.TestFile    Now processing file /home/runner/work/key/key/key.core/../key.ui/examples/standard_key/arrays/creation/arrayCreation1.key 
42350      INFO  main            d.u.i.k.p.i.AbstractProblemLoader Loading environment from /home/runner/work/key/key/key.core/../key.ui/examples/standard_key/arrays/creation/arrayCreation1.key 
42351      DEBUG main            d.u.i.k.p.i.AbstractProblemLoader Environment load took 238.8ns 
42352      INFO  main            d.u.i.k.p.i.AbstractProblemLoader Creating init config 
45550      DEBUG main            d.u.i.k.p.i.AbstractProblemLoader Init config took 3.2s 
45575      INFO  main            d.u.i.k.p.i.AbstractProblemLoader Replaying proof arrayCreation1.key 
45577      DEBUG main            d.u.i.k.p.i.IntermediateProofReplayer Proof replay took 8.4ns 
45780      INFO  main            d.u.i.k.p.r.p.TestFile    ... finished proof: closed. 
45995      INFO  main            d.u.i.k.p.i.AbstractProblemLoader Loading environment from /home/runner/work/key/key/key.core/../key.ui/examples/standard_key/arrays/creation/arrayCreation1.key.proof 
45995      DEBUG main            d.u.i.k.p.i.AbstractProblemLoader Environment load took 153.2ns 
45997      INFO  main            d.u.i.k.p.i.AbstractProblemLoader Creating init config 
49081      DEBUG main            d.u.i.k.p.i.AbstractProblemLoader Init config took 3.08s 
49105      INFO  main            d.u.i.k.p.i.AbstractProblemLoader Replaying proof arrayCreation1.key.proof 
49136      DEBUG main            d.u.i.k.p.i.IntermediateProofReplayer Proof replay took 27.25ms 
49137      DEBUG main            d.u.i.k.p.r.p.TestFile    ... success: reloaded. 
49139      INFO  main            d.u.i.k.p.r.p.TestFile    Now processing file /home/runner/work/key/key/key.core/../key.ui/examples/standard_key/arrays/arrayStoreException/array2Dim.key 
49139      INFO  main            d.u.i.k.p.i.AbstractProblemLoader Loading environment from /home/runner/work/key/key/key.core/../key.ui/examples/standard_key/arrays/arrayStoreException/array2Dim.key 
49139      DEBUG main            d.u.i.k.p.i.AbstractProblemLoader Environment load took 463.6ns 
49141      INFO  main            d.u.i.k.p.i.AbstractProblemLoader Creating init config 
52376      DEBUG main            d.u.i.k.p.i.AbstractProblemLoader Init config took 3.24s 
52406      INFO  main            d.u.i.k.p.i.AbstractProblemLoader Replaying proof array2Dim.key 
52409      DEBUG main            d.u.i.k.p.i.IntermediateProofReplayer Proof replay took 8.3ns 
56547      INFO  main            d.u.i.k.p.r.p.TestFile    ... finished proof: open goal(s) 
56859      INFO  main            d.u.i.k.p.r.p.TestFile    Now processing file /home/runner/work/key/key/key.core/../key.ui/examples/standard_key/arrays/arrayStoreException/array2DimClose.key 
56862      INFO  main            d.u.i.k.p.i.AbstractProblemLoader Loading environment from /home/runner/work/key/key/key.core/../key.ui/examples/standard_key/arrays/arrayStoreException/array2DimClose.key 
56862      DEBUG main            d.u.i.k.p.i.AbstractProblemLoader Environment load took 136.9ns 
56863      INFO  main            d.u.i.k.p.i.AbstractProblemLoader Creating init config 
59881      DEBUG main            d.u.i.k.p.i.AbstractProblemLoader Init config took 3.02s 
59918      INFO  main            d.u.i.k.p.i.AbstractProblemLoader Replaying proof array2DimClose.key 
59920      DEBUG main            d.u.i.k.p.i.IntermediateProofReplayer Proof replay took 17.1ns 
62476      INFO  main            d.u.i.k.p.r.p.TestFile    ... finished proof: open goal(s) 
62908      INFO  main            d.u.i.k.p.r.p.TestFile    Now processing file /home/runner/work/key/key/key.core/../key.ui/examples/standard_key/arrays/arrayStoreException/throwASEForPrim.key 
62908      INFO  main            d.u.i.k.p.i.AbstractProblemLoader Loading environment from /home/runner/work/key/key/key.core/../key.ui/examples/standard_key/arrays/arrayStoreException/throwASEForPrim.key 
62908      DEBUG main            d.u.i.k.p.i.AbstractProblemLoader Environment load took 205.8ns 
62910      INFO  main            d.u.i.k.p.i.AbstractProblemLoader Creating init config 
65878      DEBUG main            d.u.i.k.p.i.AbstractProblemLoader Init config took 2.97s 
65897      INFO  main            d.u.i.k.p.i.AbstractProblemLoader Replaying proof throwASEForPrim.key 
65899      DEBUG main            d.u.i.k.p.i.IntermediateProofReplayer Proof replay took 7.4ns 
70694      INFO  main            d.u.i.k.p.r.p.TestFile    ... finished proof: open goal(s) 
3455457    INFO  Test worker     d.u.i.k.p.r.RunAllProofsTestUnit Returning from test arrays 
3455458    INFO  Test worker     d.u.i.k.p.r.RunAllProofsTestUnit Running test javadl 
447        INFO  Timeout watchdog d.u.i.k.p.r.p.ForkedTestFileRunner Timeout watcher launched (2000 secs.) 
456        WARN  main            d.u.i.k.s.ProofSettings   The settings in /home/runner/.key/proof-settings.props are *not* read. 
505        INFO  main            d.u.i.k.p.r.p.TestFile    Now processing file /home/runner/work/key/key/key.core/../key.ui/examples/standard_key/instanceCreation/instanceCreation1.key 
642        INFO  main            d.u.i.k.p.i.AbstractProblemLoader Loading environment from /home/runner/work/key/key/key.core/../key.ui/examples/standard_key/instanceCreation/instanceCreation1.key 
663        DEBUG main            d.u.i.k.p.i.AbstractProblemLoader Environment load took 2.13ms 
986        INFO  main            d.u.i.k.p.i.AbstractProblemLoader Creating init config 
2068       DEBUG main            d.u.i.k.j.TypeConverter   No LDT found for Meta 
2069       DEBUG main            d.u.i.k.j.TypeConverter   No LDT found for Meta 
2071       DEBUG main            d.u.i.k.j.TypeConverter   No LDT found for Meta 
2071       DEBUG main            d.u.i.k.j.TypeConverter   No LDT found for Meta 
3730       DEBUG main            d.u.i.k.j.TypeConverter   No LDT found for JavaBigintExpression 
10049      DEBUG main            d.u.i.k.p.i.AbstractProblemLoader Init config took 9.06s 
10154      INFO  main            d.u.i.k.p.i.AbstractProblemLoader Replaying proof instanceCreation1.key 
10199      DEBUG main            d.u.i.k.p.i.IntermediateProofReplayer Proof replay took 38.2ns 
11451      INFO  main            d.u.i.k.p.r.p.TestFile    ... finished proof: closed. 
11634      INFO  main            d.u.i.k.p.i.AbstractProblemLoader Loading environment from /home/runner/work/key/key/key.core/../key.ui/examples/standard_key/instanceCreation/instanceCreation1.key.proof 
11634      DEBUG main            d.u.i.k.p.i.AbstractProblemLoader Environment load took 474.7ns 
11643      INFO  main            d.u.i.k.p.i.AbstractProblemLoader Creating init config 
15279      DEBUG main            d.u.i.k.p.i.AbstractProblemLoader Init config took 3.64s 
15330      INFO  main            d.u.i.k.p.i.AbstractProblemLoader Replaying proof instanceCreation1.key.proof 
15495      DEBUG main            d.u.i.k.p.i.IntermediateProofReplayer Proof replay took 151.71ms 
15514      DEBUG main            d.u.i.k.p.r.p.TestFile    ... success: reloaded. 
15516      INFO  main            d.u.i.k.p.r.p.TestFile    Now processing file /home/runner/work/key/key/key.core/../key.ui/examples/standard_key/instanceCreation/instanceCreation2.key 
15517      INFO  main            d.u.i.k.p.i.AbstractProblemLoader Loading environment from /home/runner/work/key/key/key.core/../key.ui/examples/standard_key/instanceCreation/instanceCreation2.key 
15517      DEBUG main            d.u.i.k.p.i.AbstractProblemLoader Environment load took 192.9ns 
15523      INFO  main            d.u.i.k.p.i.AbstractProblemLoader Creating init config 
18804      DEBUG main            d.u.i.k.p.i.AbstractProblemLoader Init config took 3.28s 
18838      INFO  main            d.u.i.k.p.i.AbstractProblemLoader Replaying proof instanceCreation2.key 
18843      DEBUG main            d.u.i.k.p.i.IntermediateProofReplayer Proof replay took 7.4ns 
19655      INFO  main            d.u.i.k.p.r.p.TestFile    ... finished proof: closed. 
19842      INFO  main            d.u.i.k.p.i.AbstractProblemLoader Loading environment from /home/runner/work/key/key/key.core/../key.ui/examples/standard_key/instanceCreation/instanceCreation2.key.proof 
19843      DEBUG main            d.u.i.k.p.i.AbstractProblemLoader Environment load took 472.1ns 
19845      INFO  main            d.u.i.k.p.i.AbstractProblemLoader Creating init config 
23032      DEBUG main            d.u.i.k.p.i.AbstractProblemLoader Init config took 3.19s 
23065      INFO  main            d.u.i.k.p.i.AbstractProblemLoader Replaying proof instanceCreation2.key.proof 
23177      DEBUG main            d.u.i.k.p.i.IntermediateProofReplayer Proof replay took 105.67ms 
23179      DEBUG main            d.u.i.k.p.r.p.TestFile    ... success: reloaded. 
23180      INFO  main            d.u.i.k.p.r.p.TestFile    Now processing file /home/runner/work/key/key/key.core/../key.ui/examples/standard_key/instanceCreation/interfacesAndAbstractClassesHaveNoInstances.key 
23180      INFO  main            d.u.i.k.p.i.AbstractProblemLoader Loading environment from /home/runner/work/key/key/key.core/../key.ui/examples/standard_key/instanceCreation/interfacesAndAbstractClassesHaveNoInstances.key 
23181      DEBUG main            d.u.i.k.p.i.AbstractProblemLoader Environment load took 243.8ns 
23182      INFO  main            d.u.i.k.p.i.AbstractProblemLoader Creating init config 
26476      DEBUG main            d.u.i.k.p.i.AbstractProblemLoader Init config took 3.29s 
26503      INFO  main            d.u.i.k.p.i.AbstractProblemLoader Replaying proof interfacesAndAbstractClassesHaveNoInstances.key 
26505      DEBUG main            d.u.i.k.p.i.IntermediateProofReplayer Proof replay took 6.6ns 
26608      INFO  main            d.u.i.k.p.r.p.TestFile    ... finished proof: closed. 
26807      INFO  main            d.u.i.k.p.i.AbstractProblemLoader Loading environment from /home/runner/work/key/key/key.core/../key.ui/examples/standard_key/instanceCreation/interfacesAndAbstractClassesHaveNoInstances.key.proof 
26807      DEBUG main            d.u.i.k.p.i.AbstractProblemLoader Environment load took 140.3ns 
26816      INFO  main            d.u.i.k.p.i.AbstractProblemLoader Creating init config 
29979      DEBUG main            d.u.i.k.p.i.AbstractProblemLoader Init config took 3.16s 
30006      INFO  main            d.u.i.k.p.i.AbstractProblemLoader Replaying proof interfacesAndAbstractClassesHaveNoInstances.key.proof 
30010      DEBUG main            d.u.i.k.p.i.IntermediateProofReplayer Proof replay took 1.7ms 
30012      DEBUG main            d.u.i.k.p.r.p.TestFile    ... success: reloaded. 
30013      INFO  main            d.u.i.k.p.r.p.TestFile    Now processing file /home/runner/work/key/key/key.core/../key.ui/examples/standard_key/instanceCreation/successiveCreatedObjectsAreDistinct.key 
30013      INFO  main            d.u.i.k.p.i.AbstractProblemLoader Loading environment from /home/runner/work/key/key/key.core/../key.ui/examples/standard_key/instanceCreation/successiveCreatedObjectsAreDistinct.key 
30013      DEBUG main            d.u.i.k.p.i.AbstractProblemLoader Environment load took 132.4ns 
30014      INFO  main            d.u.i.k.p.i.AbstractProblemLoader Creating init config 
33266      DEBUG main            d.u.i.k.p.i.AbstractProblemLoader Init config took 3.25s 
33291      INFO  main            d.u.i.k.p.i.AbstractProblemLoader Replaying proof successiveCreatedObjectsAreDistinct.key 
33293      DEBUG main            d.u.i.k.p.i.IntermediateProofReplayer Proof replay took 5.6ns 
33798      INFO  main            d.u.i.k.p.r.p.TestFile    ... finished proof: closed. 
33993      INFO  main            d.u.i.k.p.i.AbstractProblemLoader Loading environment from /home/runner/work/key/key/key.core/../key.ui/examples/standard_key/instanceCreation/successiveCreatedObjectsAreDistinct.key.proof 
33994      DEBUG main            d.u.i.k.p.i.AbstractProblemLoader Environment load took 618.4ns 
33995      INFO  main            d.u.i.k.p.i.AbstractProblemLoader Creating init config 
37179      DEBUG main            d.u.i.k.p.i.AbstractProblemLoader Init config took 3.18s 
37203      INFO  main            d.u.i.k.p.i.AbstractProblemLoader Replaying proof successiveCreatedObjectsAreDistinct.key.proof 
37298      DEBUG main            d.u.i.k.p.i.IntermediateProofReplayer Proof replay took 89.69ms 
37300      DEBUG main            d.u.i.k.p.r.p.TestFile    ... success: reloaded. 
37301      INFO  main            d.u.i.k.p.r.p.TestFile    Now processing file /home/runner/work/key/key/key.core/../key.ui/examples/standard_key/instanceCreation/testOverloadingConstructors.key 
37302      INFO  main            d.u.i.k.p.i.AbstractProblemLoader Loading environment from /home/runner/work/key/key/key.core/../key.ui/examples/standard_key/instanceCreation/testOverloadingConstructors.key 
37302      DEBUG main            d.u.i.k.p.i.AbstractProblemLoader Environment load took 321.4ns 
37303      INFO  main            d.u.i.k.p.i.AbstractProblemLoader Creating init config 
40418      DEBUG main            d.u.i.k.p.i.AbstractProblemLoader Init config took 3.11s 
40446      INFO  main            d.u.i.k.p.i.AbstractProblemLoader Replaying proof testOverloadingConstructors.key 
40449      DEBUG main            d.u.i.k.p.i.IntermediateProofReplayer Proof replay took 6.5ns 
40758      INFO  main            d.u.i.k.p.r.p.TestFile    ... finished proof: closed. 
40966      INFO  main            d.u.i.k.p.i.AbstractProblemLoader Loading environment from /home/runner/work/key/key/key.core/../key.ui/examples/standard_key/instanceCreation/testOverloadingConstructors.key.proof 
40967      DEBUG main            d.u.i.k.p.i.AbstractProblemLoader Environment load took 469.3ns 
40969      INFO  main            d.u.i.k.p.i.AbstractProblemLoader Creating init config 
44005      DEBUG main            d.u.i.k.p.i.AbstractProblemLoader Init config took 3.04s 
44030      INFO  main            d.u.i.k.p.i.AbstractProblemLoader Replaying proof testOverloadingConstructors.key.proof 
44086      DEBUG main            d.u.i.k.p.i.IntermediateProofReplayer Proof replay took 52.02ms 
44088      DEBUG main            d.u.i.k.p.r.p.TestFile    ... success: reloaded. 
44090      INFO  main            d.u.i.k.p.r.p.TestFile    Now processing file /home/runner/work/key/key/key.core/../key.ui/examples/standard_key/java_dl/SimpleAttributes.key 
44090      INFO  main            d.u.i.k.p.i.AbstractProblemLoader Loading environment from /home/runner/work/key/key/key.core/../key.ui/examples/standard_key/java_dl/SimpleAttributes.key 
44091      DEBUG main            d.u.i.k.p.i.AbstractProblemLoader Environment load took 240ns 
44092      INFO  main            d.u.i.k.p.i.AbstractProblemLoader Creating init config 
47155      DEBUG main            d.u.i.k.p.i.AbstractProblemLoader Init config took 3.06s 
47182      INFO  main            d.u.i.k.p.i.AbstractProblemLoader Replaying proof SimpleAttributes.key 
47185      DEBUG main            d.u.i.k.p.i.IntermediateProofReplayer Proof replay took 8.2ns 
47291      INFO  main            d.u.i.k.p.r.p.TestFile    ... finished proof: closed. 
47477      INFO  main            d.u.i.k.p.i.AbstractProblemLoader Loading environment from /home/runner/work/key/key/key.core/../key.ui/examples/standard_key/java_dl/SimpleAttributes.key.proof 
47477      DEBUG main            d.u.i.k.p.i.AbstractProblemLoader Environment load took 120.8ns 
47478      INFO  main            d.u.i.k.p.i.AbstractProblemLoader Creating init config 
50479      DEBUG main            d.u.i.k.p.i.AbstractProblemLoader Init config took 3s 
50503      INFO  main            d.u.i.k.p.i.AbstractProblemLoader Replaying proof SimpleAttributes.key.proof 
50530      DEBUG main            d.u.i.k.p.i.IntermediateProofReplayer Proof replay took 25.01ms 
50532      DEBUG main            d.u.i.k.p.r.p.TestFile    ... success: reloaded. 
50533      INFO  main            d.u.i.k.p.r.p.TestFile    Now processing file /home/runner/work/key/key/key.core/../key.ui/examples/standard_key/java_dl/arrayMax.key 
50533      INFO  main            d.u.i.k.p.i.AbstractProblemLoader Loading environment from /home/runner/work/key/key/key.core/../key.ui/examples/standard_key/java_dl/arrayMax.key 
50533      DEBUG main            d.u.i.k.p.i.AbstractProblemLoader Environment load took 260.5ns 
50536      INFO  main            d.u.i.k.p.i.AbstractProblemLoader Creating init config 
53671      DEBUG main            d.u.i.k.p.i.AbstractProblemLoader Init config took 3.13s 
53700      INFO  main            d.u.i.k.p.i.AbstractProblemLoader Replaying proof arrayMax.key 
53702      DEBUG main            d.u.i.k.p.i.IntermediateProofReplayer Proof replay took 7.3ns 
55310      INFO  main            d.u.i.k.p.r.p.TestFile    ... finished proof: closed. 
55535      INFO  main            d.u.i.k.p.i.AbstractProblemLoader Loading environment from /home/runner/work/key/key/key.core/../key.ui/examples/standard_key/java_dl/arrayMax.key.proof 
55536      DEBUG main            d.u.i.k.p.i.AbstractProblemLoader Environment load took 443.4ns 
55538      INFO  main            d.u.i.k.p.i.AbstractProblemLoader Creating init config 
58674      DEBUG main            d.u.i.k.p.i.AbstractProblemLoader Init config took 3.14s 
58701      INFO  main            d.u.i.k.p.i.AbstractProblemLoader Replaying proof arrayMax.key.proof 
58943      DEBUG main            d.u.i.k.p.i.IntermediateProofReplayer Proof replay took 234.24ms 
58945      DEBUG main            d.u.i.k.p.r.p.TestFile    ... success: reloaded. 
58948      INFO  main            d.u.i.k.p.r.p.TestFile    Now processing file /home/runner/work/key/key/key.core/../key.ui/examples/standard_key/java_dl/arrayUpdateSimp.key 
58948      INFO  main            d.u.i.k.p.i.AbstractProblemLoader Loading environment from /home/runner/work/key/key/key.core/../key.ui/examples/standard_key/java_dl/arrayUpdateSimp.key 
58948      DEBUG main            d.u.i.k.p.i.AbstractProblemLoader Environment load took 233.6ns 
58952      INFO  main            d.u.i.k.p.i.AbstractProblemLoader Creating init config 
58982      WARN  main            d.u.i.k.j.r.KeYCrossReferenceNameInfo Datatype java.io.PrintStream declared twice: Once in FILE:/home/runner/work/key/key/key.core/../key.ui/examples/standard_key/java_dl/./classpath/PrintStream.java and once in URL:file:/home/runner/work/key/key/key.core/build/resources/main/de/uka/ilkd/key/java/JavaRedux/java/io/PrintStream.java, Keeping one from URL:file:/home/runner/work/key/key/key.core/build/resources/main/de/uka/ilkd/key/java/JavaRedux/java/io/PrintStream.java 
58982      WARN  main            d.u.i.k.j.r.KeYCrossReferenceNameInfo Datatype java.lang.System declared twice: Once in FILE:/home/runner/work/key/key/key.core/../key.ui/examples/standard_key/java_dl/./classpath/System.java and once in URL:file:/home/runner/work/key/key/key.core/build/resources/main/de/uka/ilkd/key/java/JavaRedux/java/lang/System.java, Keeping one from URL:file:/home/runner/work/key/key/key.core/build/resources/main/de/uka/ilkd/key/java/JavaRedux/java/lang/System.java 
58982      WARN  main            d.u.i.k.j.r.KeYCrossReferenceNameInfo Datatype java.io.InputStream declared twice: Once in FILE:/home/runner/work/key/key/key.core/../key.ui/examples/standard_key/java_dl/./classpath/InputStream.java and once in URL:file:/home/runner/work/key/key/key.core/build/resources/main/de/uka/ilkd/key/java/JavaRedux/java/io/InputStream.java, Keeping one from URL:file:/home/runner/work/key/key/key.core/build/resources/main/de/uka/ilkd/key/java/JavaRedux/java/io/InputStream.java 
58989      DEBUG main            d.u.i.k.j.r.ClassFileDeclarationBuilder Parsing: package java.io; public class Closeable { } 
58989      DEBUG main            r.s.KeYCrossReferenceSourceInfo Dynamically created class: java.io.Closeable 
62028      DEBUG main            d.u.i.k.p.i.AbstractProblemLoader Init config took 3.08s 
62051      INFO  main            d.u.i.k.p.i.AbstractProblemLoader Replaying proof arrayUpdateSimp.key 
62053      DEBUG main            d.u.i.k.p.i.IntermediateProofReplayer Proof replay took 6.7ns 
62159      INFO  main            d.u.i.k.p.r.p.TestFile    ... finished proof: closed. 
62403      INFO  main            d.u.i.k.p.i.AbstractProblemLoader Loading environment from /home/runner/work/key/key/key.core/../key.ui/examples/standard_key/java_dl/arrayUpdateSimp.key.proof 
62404      DEBUG main            d.u.i.k.p.i.AbstractProblemLoader Environment load took 131.4ns 
62409      INFO  main            d.u.i.k.p.i.AbstractProblemLoader Creating init config 
62439      WARN  main            d.u.i.k.j.r.KeYCrossReferenceNameInfo Datatype java.io.PrintStream declared twice: Once in FILE:/home/runner/work/key/key/key.core/../key.ui/examples/standard_key/java_dl/classpath/PrintStream.java and once in URL:file:/home/runner/work/key/key/key.core/build/resources/main/de/uka/ilkd/key/java/JavaRedux/java/io/PrintStream.java, Keeping one from URL:file:/home/runner/work/key/key/key.core/build/resources/main/de/uka/ilkd/key/java/JavaRedux/java/io/PrintStream.java 
62440      WARN  main            d.u.i.k.j.r.KeYCrossReferenceNameInfo Datatype java.lang.System declared twice: Once in FILE:/home/runner/work/key/key/key.core/../key.ui/examples/standard_key/java_dl/classpath/System.java and once in URL:file:/home/runner/work/key/key/key.core/build/resources/main/de/uka/ilkd/key/java/JavaRedux/java/lang/System.java, Keeping one from URL:file:/home/runner/work/key/key/key.core/build/resources/main/de/uka/ilkd/key/java/JavaRedux/java/lang/System.java 
62440      WARN  main            d.u.i.k.j.r.KeYCrossReferenceNameInfo Datatype java.io.InputStream declared twice: Once in FILE:/home/runner/work/key/key/key.core/../key.ui/examples/standard_key/java_dl/classpath/InputStream.java and once in URL:file:/home/runner/work/key/key/key.core/build/resources/main/de/uka/ilkd/key/java/JavaRedux/java/io/InputStream.java, Keeping one from URL:file:/home/runner/work/key/key/key.core/build/resources/main/de/uka/ilkd/key/java/JavaRedux/java/io/InputStream.java 
62444      DEBUG main            d.u.i.k.j.r.ClassFileDeclarationBuilder Parsing: package java.io; public class Closeable { } 
62444      DEBUG main            r.s.KeYCrossReferenceSourceInfo Dynamically created class: java.io.Closeable 
65383      DEBUG main            d.u.i.k.p.i.AbstractProblemLoader Init config took 2.97s 
65410      INFO  main            d.u.i.k.p.i.AbstractProblemLoader Replaying proof arrayUpdateSimp.key.proof 
65413      DEBUG main            d.u.i.k.p.i.IntermediateProofReplayer Proof replay took 818.4ns 
65414      DEBUG main            d.u.i.k.p.r.p.TestFile    ... success: reloaded. 
65415      INFO  main            d.u.i.k.p.r.p.TestFile    Now processing file /home/runner/work/key/key/key.core/../key.ui/examples/standard_key/java_dl/attributes.key 
65416      INFO  main            d.u.i.k.p.i.AbstractProblemLoader Loading environment from /home/runner/work/key/key/key.core/../key.ui/examples/standard_key/java_dl/attributes.key 
65416      DEBUG main            d.u.i.k.p.i.AbstractProblemLoader Environment load took 117.6ns 
65417      INFO  main            d.u.i.k.p.i.AbstractProblemLoader Creating init config 
68378      DEBUG main            d.u.i.k.p.i.AbstractProblemLoader Init config took 2.96s 
68397      INFO  main            d.u.i.k.p.i.AbstractProblemLoader Replaying proof attributes.key 
68399      DEBUG main            d.u.i.k.p.i.IntermediateProofReplayer Proof replay took 7.8ns 
68603      INFO  main            d.u.i.k.p.r.p.TestFile    ... finished proof: closed. 
68907      INFO  main            d.u.i.k.p.i.AbstractProblemLoader Loading environment from /home/runner/work/key/key/key.core/../key.ui/examples/standard_key/java_dl/attributes.key.proof 
68907      DEBUG main            d.u.i.k.p.i.AbstractProblemLoader Environment load took 127.4ns 
68908      INFO  main            d.u.i.k.p.i.AbstractProblemLoader Creating init config 
71675      DEBUG main            d.u.i.k.p.i.AbstractProblemLoader Init config took 2.77s 
71693      INFO  main            d.u.i.k.p.i.AbstractProblemLoader Replaying proof attributes.key.proof 
71747      DEBUG main            d.u.i.k.p.i.IntermediateProofReplayer Proof replay took 51.13ms 
71749      DEBUG main            d.u.i.k.p.r.p.TestFile    ... success: reloaded. 
71749      INFO  main            d.u.i.k.p.r.p.TestFile    Now processing file /home/runner/work/key/key/key.core/../key.ui/examples/standard_key/java_dl/break.key 
71750      INFO  main            d.u.i.k.p.i.AbstractProblemLoader Loading environment from /home/runner/work/key/key/key.core/../key.ui/examples/standard_key/java_dl/break.key 
71750      DEBUG main            d.u.i.k.p.i.AbstractProblemLoader Environment load took 154.1ns 
71751      INFO  main            d.u.i.k.p.i.AbstractProblemLoader Creating init config 
71778      WARN  main            d.u.i.k.j.r.KeYCrossReferenceNameInfo Datatype java.io.PrintStream declared twice: Once in FILE:/home/runner/work/key/key/key.core/../key.ui/examples/standard_key/java_dl/classpath/PrintStream.java and once in URL:file:/home/runner/work/key/key/key.core/build/resources/main/de/uka/ilkd/key/java/JavaRedux/java/io/PrintStream.java, Keeping one from URL:file:/home/runner/work/key/key/key.core/build/resources/main/de/uka/ilkd/key/java/JavaRedux/java/io/PrintStream.java 
71779      WARN  main            d.u.i.k.j.r.KeYCrossReferenceNameInfo Datatype java.lang.System declared twice: Once in FILE:/home/runner/work/key/key/key.core/../key.ui/examples/standard_key/java_dl/classpath/System.java and once in URL:file:/home/runner/work/key/key/key.core/build/resources/main/de/uka/ilkd/key/java/JavaRedux/java/lang/System.java, Keeping one from URL:file:/home/runner/work/key/key/key.core/build/resources/main/de/uka/ilkd/key/java/JavaRedux/java/lang/System.java 
71779      WARN  main            d.u.i.k.j.r.KeYCrossReferenceNameInfo Datatype java.io.InputStream declared twice: Once in FILE:/home/runner/work/key/key/key.core/../key.ui/examples/standard_key/java_dl/classpath/InputStream.java and once in URL:file:/home/runner/work/key/key/key.core/build/resources/main/de/uka/ilkd/key/java/JavaRedux/java/io/InputStream.java, Keeping one from URL:file:/home/runner/work/key/key/key.core/build/resources/main/de/uka/ilkd/key/java/JavaRedux/java/io/InputStream.java 
71783      DEBUG main            d.u.i.k.j.r.ClassFileDeclarationBuilder Parsing: package java.io; public class Closeable { } 
71783      DEBUG main            r.s.KeYCrossReferenceSourceInfo Dynamically created class: java.io.Closeable 
74666      DEBUG main            d.u.i.k.p.i.AbstractProblemLoader Init config took 2.92s 
74685      INFO  main            d.u.i.k.p.i.AbstractProblemLoader Replaying proof break.key 
74687      DEBUG main            d.u.i.k.p.i.IntermediateProofReplayer Proof replay took 8.2ns 
74789      INFO  main            d.u.i.k.p.r.p.TestFile    ... finished proof: closed. 
75004      INFO  main            d.u.i.k.p.i.AbstractProblemLoader Loading environment from /home/runner/work/key/key/key.core/../key.ui/examples/standard_key/java_dl/break.key.proof 
75004      DEBUG main            d.u.i.k.p.i.AbstractProblemLoader Environment load took 125ns 
75006      INFO  main            d.u.i.k.p.i.AbstractProblemLoader Creating init config 
75034      WARN  main            d.u.i.k.j.r.KeYCrossReferenceNameInfo Datatype java.io.PrintStream declared twice: Once in FILE:/home/runner/work/key/key/key.core/../key.ui/examples/standard_key/java_dl/classpath/PrintStream.java and once in URL:file:/home/runner/work/key/key/key.core/build/resources/main/de/uka/ilkd/key/java/JavaRedux/java/io/PrintStream.java, Keeping one from URL:file:/home/runner/work/key/key/key.core/build/resources/main/de/uka/ilkd/key/java/JavaRedux/java/io/PrintStream.java 
75034      WARN  main            d.u.i.k.j.r.KeYCrossReferenceNameInfo Datatype java.lang.System declared twice: Once in FILE:/home/runner/work/key/key/key.core/../key.ui/examples/standard_key/java_dl/classpath/System.java and once in URL:file:/home/runner/work/key/key/key.core/build/resources/main/de/uka/ilkd/key/java/JavaRedux/java/lang/System.java, Keeping one from URL:file:/home/runner/work/key/key/key.core/build/resources/main/de/uka/ilkd/key/java/JavaRedux/java/lang/System.java 
75035      WARN  main            d.u.i.k.j.r.KeYCrossReferenceNameInfo Datatype java.io.InputStream declared twice: Once in FILE:/home/runner/work/key/key/key.core/../key.ui/examples/standard_key/java_dl/classpath/InputStream.java and once in URL:file:/home/runner/work/key/key/key.core/build/resources/main/de/uka/ilkd/key/java/JavaRedux/java/io/InputStream.java, Keeping one from URL:file:/home/runner/work/key/key/key.core/build/resources/main/de/uka/ilkd/key/java/JavaRedux/java/io/InputStream.java 
75039      DEBUG main            d.u.i.k.j.r.ClassFileDeclarationBuilder Parsing: package java.io; public class Closeable { } 
75039      DEBUG main            r.s.KeYCrossReferenceSourceInfo Dynamically created class: java.io.Closeable 
77878      DEBUG main            d.u.i.k.p.i.AbstractProblemLoader Init config took 2.87s 
77904      INFO  main            d.u.i.k.p.i.AbstractProblemLoader Replaying proof break.key.proof 
77919      DEBUG main            d.u.i.k.p.i.IntermediateProofReplayer Proof replay took 11.73ms 
77920      DEBUG main            d.u.i.k.p.r.p.TestFile    ... success: reloaded. 
77922      INFO  main            d.u.i.k.p.r.p.TestFile    Now processing file /home/runner/work/key/key/key.core/../key.ui/examples/standard_key/java_dl/char.key 
77923      INFO  main            d.u.i.k.p.i.AbstractProblemLoader Loading environment from /home/runner/work/key/key/key.core/../key.ui/examples/standard_key/java_dl/char.key 
77923      DEBUG main            d.u.i.k.p.i.AbstractProblemLoader Environment load took 217.4ns 
77924      INFO  main            d.u.i.k.p.i.AbstractProblemLoader Creating init config 
80839      DEBUG main            d.u.i.k.p.i.AbstractProblemLoader Init config took 2.91s 
80857      INFO  main            d.u.i.k.p.i.AbstractProblemLoader Replaying proof char.key 
80871      DEBUG main            d.u.i.k.p.i.IntermediateProofReplayer Proof replay took 8ns 
80984      INFO  main            d.u.i.k.p.r.p.TestFile    ... finished proof: closed. 
81230      INFO  main            d.u.i.k.p.i.AbstractProblemLoader Loading environment from /home/runner/work/key/key/key.core/../key.ui/examples/standard_key/java_dl/char.key.proof 
81230      DEBUG main            d.u.i.k.p.i.AbstractProblemLoader Environment load took 128.6ns 
81232      INFO  main            d.u.i.k.p.i.AbstractProblemLoader Creating init config 
84048      DEBUG main            d.u.i.k.p.i.AbstractProblemLoader Init config took 2.82s 
84065      INFO  main            d.u.i.k.p.i.AbstractProblemLoader Replaying proof char.key.proof 
84070      DEBUG main            d.u.i.k.p.i.IntermediateProofReplayer Proof replay took 2.87ms 
84071      DEBUG main            d.u.i.k.p.r.p.TestFile    ... success: reloaded. 
84072      INFO  main            d.u.i.k.p.r.p.TestFile    Now processing file /home/runner/work/key/key/key.core/../key.ui/examples/standard_key/java_dl/compileTimeConstants.key 
84072      INFO  main            d.u.i.k.p.i.AbstractProblemLoader Loading environment from /home/runner/work/key/key/key.core/../key.ui/examples/standard_key/java_dl/compileTimeConstants.key 
84072      DEBUG main            d.u.i.k.p.i.AbstractProblemLoader Environment load took 91.3ns 
84073      INFO  main            d.u.i.k.p.i.AbstractProblemLoader Creating init config 
86990      DEBUG main            d.u.i.k.p.i.AbstractProblemLoader Init config took 2.92s 
87006      INFO  main            d.u.i.k.p.i.AbstractProblemLoader Replaying proof compileTimeConstants.key 
87008      DEBUG main            d.u.i.k.p.i.IntermediateProofReplayer Proof replay took 6.6ns 
87110      INFO  main            d.u.i.k.p.r.p.TestFile    ... finished proof: closed. 
87411      INFO  main            d.u.i.k.p.i.AbstractProblemLoader Loading environment from /home/runner/work/key/key/key.core/../key.ui/examples/standard_key/java_dl/compileTimeConstants.key.proof 
87411      DEBUG main            d.u.i.k.p.i.AbstractProblemLoader Environment load took 126.9ns 
87412      INFO  main            d.u.i.k.p.i.AbstractProblemLoader Creating init config 
90281      DEBUG main            d.u.i.k.p.i.AbstractProblemLoader Init config took 2.87s 
90298      INFO  main            d.u.i.k.p.i.AbstractProblemLoader Replaying proof compileTimeConstants.key.proof 
90314      DEBUG main            d.u.i.k.p.i.IntermediateProofReplayer Proof replay took 12.96ms 
90315      DEBUG main            d.u.i.k.p.r.p.TestFile    ... success: reloaded. 
90316      INFO  main            d.u.i.k.p.r.p.TestFile    Now processing file /home/runner/work/key/key/key.core/../key.ui/examples/standard_key/java_dl/constructorException/test.key 
90316      INFO  main            d.u.i.k.p.i.AbstractProblemLoader Loading environment from /home/runner/work/key/key/key.core/../key.ui/examples/standard_key/java_dl/constructorException/test.key 
90316      DEBUG main            d.u.i.k.p.i.AbstractProblemLoader Environment load took 158.5ns 
90317      INFO  main            d.u.i.k.p.i.AbstractProblemLoader Creating init config 
93244      DEBUG main            d.u.i.k.p.i.AbstractProblemLoader Init config took 2.93s 
93312      INFO  main            d.u.i.k.p.i.AbstractProblemLoader Replaying proof Test[Test::Test(int)].JML operation contract.0 
93314      DEBUG main            d.u.i.k.p.i.IntermediateProofReplayer Proof replay took 7.5ns 
93616      INFO  main            d.u.i.k.p.r.p.TestFile    ... finished proof: closed. 
93883      INFO  main            d.u.i.k.p.i.AbstractProblemLoader Loading environment from /home/runner/work/key/key/key.core/../key.ui/examples/standard_key/java_dl/constructorException/test.key.proof 
93883      DEBUG main            d.u.i.k.p.i.AbstractProblemLoader Environment load took 123.4ns 
93884      INFO  main            d.u.i.k.p.i.AbstractProblemLoader Creating init config 
96776      DEBUG main            d.u.i.k.p.i.AbstractProblemLoader Init config took 2.89s 
96823      INFO  main            d.u.i.k.p.i.AbstractProblemLoader Replaying proof Test[Test::Test(int)].JML operation contract.0 
96880      DEBUG main            d.u.i.k.p.i.IntermediateProofReplayer Proof replay took 55.05ms 
96882      DEBUG main            d.u.i.k.p.r.p.TestFile    ... success: reloaded. 
96883      INFO  main            d.u.i.k.p.r.p.TestFile    Now processing file /home/runner/work/key/key/key.core/../key.ui/examples/standard_key/java_dl/constructorException/regressionTestBug1333.key 
96883      INFO  main            d.u.i.k.p.i.AbstractProblemLoader Loading environment from /home/runner/work/key/key/key.core/../key.ui/examples/standard_key/java_dl/constructorException/regressionTestBug1333.key 
96883      DEBUG main            d.u.i.k.p.i.AbstractProblemLoader Environment load took 241.8ns 
96884      INFO  main            d.u.i.k.p.i.AbstractProblemLoader Creating init config 
99676      DEBUG main            d.u.i.k.p.i.AbstractProblemLoader Init config took 2.79s 
99754      INFO  main            d.u.i.k.p.i.AbstractProblemLoader Replaying proof False[False::False()].JML normal_behavior operation contract.0 
99758      DEBUG main            d.u.i.k.p.i.IntermediateProofReplayer Proof replay took 6.4ns 
99861      INFO  main            d.u.i.k.p.r.p.TestFile    ... finished proof: open goal(s) 
100123     INFO  main            d.u.i.k.p.r.p.TestFile    Now processing file /home/runner/work/key/key/key.core/../key.ui/examples/standard_key/java_dl/continue1.key 
100123     INFO  main            d.u.i.k.p.i.AbstractProblemLoader Loading environment from /home/runner/work/key/key/key.core/../key.ui/examples/standard_key/java_dl/continue1.key 
100123     DEBUG main            d.u.i.k.p.i.AbstractProblemLoader Environment load took 70.9ns 
100125     INFO  main            d.u.i.k.p.i.AbstractProblemLoader Creating init config 
100156     WARN  main            d.u.i.k.j.r.KeYCrossReferenceNameInfo Datatype java.io.PrintStream declared twice: Once in FILE:/home/runner/work/key/key/key.core/../key.ui/examples/standard_key/java_dl/classpath/PrintStream.java and once in URL:file:/home/runner/work/key/key/key.core/build/resources/main/de/uka/ilkd/key/java/JavaRedux/java/io/PrintStream.java, Keeping one from URL:file:/home/runner/work/key/key/key.core/build/resources/main/de/uka/ilkd/key/java/JavaRedux/java/io/PrintStream.java 
100157     WARN  main            d.u.i.k.j.r.KeYCrossReferenceNameInfo Datatype java.lang.System declared twice: Once in FILE:/home/runner/work/key/key/key.core/../key.ui/examples/standard_key/java_dl/classpath/System.java and once in URL:file:/home/runner/work/key/key/key.core/build/resources/main/de/uka/ilkd/key/java/JavaRedux/java/lang/System.java, Keeping one from URL:file:/home/runner/work/key/key/key.core/build/resources/main/de/uka/ilkd/key/java/JavaRedux/java/lang/System.java 
100157     WARN  main            d.u.i.k.j.r.KeYCrossReferenceNameInfo Datatype java.io.InputStream declared twice: Once in FILE:/home/runner/work/key/key/key.core/../key.ui/examples/standard_key/java_dl/classpath/InputStream.java and once in URL:file:/home/runner/work/key/key/key.core/build/resources/main/de/uka/ilkd/key/java/JavaRedux/java/io/InputStream.java, Keeping one from URL:file:/home/runner/work/key/key/key.core/build/resources/main/de/uka/ilkd/key/java/JavaRedux/java/io/InputStream.java 
100161     DEBUG main            d.u.i.k.j.r.ClassFileDeclarationBuilder Parsing: package java.io; public class Closeable { } 
100161     DEBUG main            r.s.KeYCrossReferenceSourceInfo Dynamically created class: java.io.Closeable 
102942     DEBUG main            d.u.i.k.p.i.AbstractProblemLoader Init config took 2.82s 
102957     INFO  main            d.u.i.k.p.i.AbstractProblemLoader Replaying proof continue1.key 
102960     DEBUG main            d.u.i.k.p.i.IntermediateProofReplayer Proof replay took 7.4ns 
103063     INFO  main            d.u.i.k.p.r.p.TestFile    ... finished proof: closed. 
103292     INFO  main            d.u.i.k.p.i.AbstractProblemLoader Loading environment from /home/runner/work/key/key/key.core/../key.ui/examples/standard_key/java_dl/continue1.key.proof 
103292     DEBUG main            d.u.i.k.p.i.AbstractProblemLoader Environment load took 137.2ns 
103294     INFO  main            d.u.i.k.p.i.AbstractProblemLoader Creating init config 
103322     WARN  main            d.u.i.k.j.r.KeYCrossReferenceNameInfo Datatype java.io.PrintStream declared twice: Once in FILE:/home/runner/work/key/key/key.core/../key.ui/examples/standard_key/java_dl/classpath/PrintStream.java and once in URL:file:/home/runner/work/key/key/key.core/build/resources/main/de/uka/ilkd/key/java/JavaRedux/java/io/PrintStream.java, Keeping one from URL:file:/home/runner/work/key/key/key.core/build/resources/main/de/uka/ilkd/key/java/JavaRedux/java/io/PrintStream.java 
103322     WARN  main            d.u.i.k.j.r.KeYCrossReferenceNameInfo Datatype java.lang.System declared twice: Once in FILE:/home/runner/work/key/key/key.core/../key.ui/examples/standard_key/java_dl/classpath/System.java and once in URL:file:/home/runner/work/key/key/key.core/build/resources/main/de/uka/ilkd/key/java/JavaRedux/java/lang/System.java, Keeping one from URL:file:/home/runner/work/key/key/key.core/build/resources/main/de/uka/ilkd/key/java/JavaRedux/java/lang/System.java 
103322     WARN  main            d.u.i.k.j.r.KeYCrossReferenceNameInfo Datatype java.io.InputStream declared twice: Once in FILE:/home/runner/work/key/key/key.core/../key.ui/examples/standard_key/java_dl/classpath/InputStream.java and once in URL:file:/home/runner/work/key/key/key.core/build/resources/main/de/uka/ilkd/key/java/JavaRedux/java/io/InputStream.java, Keeping one from URL:file:/home/runner/work/key/key/key.core/build/resources/main/de/uka/ilkd/key/java/JavaRedux/java/io/InputStream.java 
103325     DEBUG main            d.u.i.k.j.r.ClassFileDeclarationBuilder Parsing: package java.io; public class Closeable { } 
103325     DEBUG main            r.s.KeYCrossReferenceSourceInfo Dynamically created class: java.io.Closeable 
106050     DEBUG main            d.u.i.k.p.i.AbstractProblemLoader Init config took 2.76s 
106065     INFO  main            d.u.i.k.p.i.AbstractProblemLoader Replaying proof continue1.key.proof 
106089     DEBUG main            d.u.i.k.p.i.IntermediateProofReplayer Proof replay took 21.6ms 
106091     DEBUG main            d.u.i.k.p.r.p.TestFile    ... success: reloaded. 
106092     INFO  main            d.u.i.k.p.r.p.TestFile    Now processing file /home/runner/work/key/key/key.core/../key.ui/examples/standard_key/java_dl/continue2.key 
106092     INFO  main            d.u.i.k.p.i.AbstractProblemLoader Loading environment from /home/runner/work/key/key/key.core/../key.ui/examples/standard_key/java_dl/continue2.key 
106092     DEBUG main            d.u.i.k.p.i.AbstractProblemLoader Environment load took 99ns 
106094     INFO  main            d.u.i.k.p.i.AbstractProblemLoader Creating init config 
106120     WARN  main            d.u.i.k.j.r.KeYCrossReferenceNameInfo Datatype java.io.PrintStream declared twice: Once in FILE:/home/runner/work/key/key/key.core/../key.ui/examples/standard_key/java_dl/classpath/PrintStream.java and once in URL:file:/home/runner/work/key/key/key.core/build/resources/main/de/uka/ilkd/key/java/JavaRedux/java/io/PrintStream.java, Keeping one from URL:file:/home/runner/work/key/key/key.core/build/resources/main/de/uka/ilkd/key/java/JavaRedux/java/io/PrintStream.java 
106120     WARN  main            d.u.i.k.j.r.KeYCrossReferenceNameInfo Datatype java.lang.System declared twice: Once in FILE:/home/runner/work/key/key/key.core/../key.ui/examples/standard_key/java_dl/classpath/System.java and once in URL:file:/home/runner/work/key/key/key.core/build/resources/main/de/uka/ilkd/key/java/JavaRedux/java/lang/System.java, Keeping one from URL:file:/home/runner/work/key/key/key.core/build/resources/main/de/uka/ilkd/key/java/JavaRedux/java/lang/System.java 
106120     WARN  main            d.u.i.k.j.r.KeYCrossReferenceNameInfo Datatype java.io.InputStream declared twice: Once in FILE:/home/runner/work/key/key/key.core/../key.ui/examples/standard_key/java_dl/classpath/InputStream.java and once in URL:file:/home/runner/work/key/key/key.core/build/resources/main/de/uka/ilkd/key/java/JavaRedux/java/io/InputStream.java, Keeping one from URL:file:/home/runner/work/key/key/key.core/build/resources/main/de/uka/ilkd/key/java/JavaRedux/java/io/InputStream.java 
106123     DEBUG main            d.u.i.k.j.r.ClassFileDeclarationBuilder Parsing: package java.io; public class Closeable { } 
106123     DEBUG main            r.s.KeYCrossReferenceSourceInfo Dynamically created class: java.io.Closeable 
108977     DEBUG main            d.u.i.k.p.i.AbstractProblemLoader Init config took 2.88s 
108992     INFO  main            d.u.i.k.p.i.AbstractProblemLoader Replaying proof continue2.key 
108994     DEBUG main            d.u.i.k.p.i.IntermediateProofReplayer Proof replay took 7.8ns 
109299     INFO  main            d.u.i.k.p.r.p.TestFile    ... finished proof: closed. 
109595     INFO  main            d.u.i.k.p.i.AbstractProblemLoader Loading environment from /home/runner/work/key/key/key.core/../key.ui/examples/standard_key/java_dl/continue2.key.proof 
109595     DEBUG main            d.u.i.k.p.i.AbstractProblemLoader Environment load took 113.7ns 
109596     INFO  main            d.u.i.k.p.i.AbstractProblemLoader Creating init config 
109623     WARN  main            d.u.i.k.j.r.KeYCrossReferenceNameInfo Datatype java.io.PrintStream declared twice: Once in FILE:/home/runner/work/key/key/key.core/../key.ui/examples/standard_key/java_dl/classpath/PrintStream.java and once in URL:file:/home/runner/work/key/key/key.core/build/resources/main/de/uka/ilkd/key/java/JavaRedux/java/io/PrintStream.java, Keeping one from URL:file:/home/runner/work/key/key/key.core/build/resources/main/de/uka/ilkd/key/java/JavaRedux/java/io/PrintStream.java 
109623     WARN  main            d.u.i.k.j.r.KeYCrossReferenceNameInfo Datatype java.lang.System declared twice: Once in FILE:/home/runner/work/key/key/key.core/../key.ui/examples/standard_key/java_dl/classpath/System.java and once in URL:file:/home/runner/work/key/key/key.core/build/resources/main/de/uka/ilkd/key/java/JavaRedux/java/lang/System.java, Keeping one from URL:file:/home/runner/work/key/key/key.core/build/resources/main/de/uka/ilkd/key/java/JavaRedux/java/lang/System.java 
109624     WARN  main            d.u.i.k.j.r.KeYCrossReferenceNameInfo Datatype java.io.InputStream declared twice: Once in FILE:/home/runner/work/key/key/key.core/../key.ui/examples/standard_key/java_dl/classpath/InputStream.java and once in URL:file:/home/runner/work/key/key/key.core/build/resources/main/de/uka/ilkd/key/java/JavaRedux/java/io/InputStream.java, Keeping one from URL:file:/home/runner/work/key/key/key.core/build/resources/main/de/uka/ilkd/key/java/JavaRedux/java/io/InputStream.java 
109627     DEBUG main            d.u.i.k.j.r.ClassFileDeclarationBuilder Parsing: package java.io; public class Closeable { } 
109628     DEBUG main            r.s.KeYCrossReferenceSourceInfo Dynamically created class: java.io.Closeable 
112313     DEBUG main            d.u.i.k.p.i.AbstractProblemLoader Init config took 2.72s 
112328     INFO  main            d.u.i.k.p.i.AbstractProblemLoader Replaying proof continue2.key.proof 
112414     DEBUG main            d.u.i.k.p.i.IntermediateProofReplayer Proof replay took 82.13ms 
112417     DEBUG main            d.u.i.k.p.r.p.TestFile    ... success: reloaded. 
112418     INFO  main            d.u.i.k.p.r.p.TestFile    Now processing file /home/runner/work/key/key/key.core/../key.ui/examples/standard_key/java_dl/complexAssignment.key 
112419     INFO  main            d.u.i.k.p.i.AbstractProblemLoader Loading environment from /home/runner/work/key/key/key.core/../key.ui/examples/standard_key/java_dl/complexAssignment.key 
112419     DEBUG main            d.u.i.k.p.i.AbstractProblemLoader Environment load took 196ns 
112420     INFO  main            d.u.i.k.p.i.AbstractProblemLoader Creating init config 
115275     DEBUG main            d.u.i.k.p.i.AbstractProblemLoader Init config took 2.85s 
115291     INFO  main            d.u.i.k.p.i.AbstractProblemLoader Replaying proof complexAssignment.key 
115293     DEBUG main            d.u.i.k.p.i.IntermediateProofReplayer Proof replay took 7.4ns 
115397     INFO  main            d.u.i.k.p.r.p.TestFile    ... finished proof: closed. 
115667     INFO  main            d.u.i.k.p.i.AbstractProblemLoader Loading environment from /home/runner/work/key/key/key.core/../key.ui/examples/standard_key/java_dl/complexAssignment.key.proof 
115668     DEBUG main            d.u.i.k.p.i.AbstractProblemLoader Environment load took 122.3ns 
115669     INFO  main            d.u.i.k.p.i.AbstractProblemLoader Creating init config 
118414     DEBUG main            d.u.i.k.p.i.AbstractProblemLoader Init config took 2.75s 
118433     INFO  main            d.u.i.k.p.i.AbstractProblemLoader Replaying proof complexAssignment.key.proof 
118449     DEBUG main            d.u.i.k.p.i.IntermediateProofReplayer Proof replay took 13.64ms 
118450     DEBUG main            d.u.i.k.p.r.p.TestFile    ... success: reloaded. 
118451     INFO  main            d.u.i.k.p.r.p.TestFile    Now processing file /home/runner/work/key/key/key.core/../key.ui/examples/standard_key/java_dl/danglingElseSolution1.key 
118451     INFO  main            d.u.i.k.p.i.AbstractProblemLoader Loading environment from /home/runner/work/key/key/key.core/../key.ui/examples/standard_key/java_dl/danglingElseSolution1.key 
118451     DEBUG main            d.u.i.k.p.i.AbstractProblemLoader Environment load took 300.2ns 
118453     INFO  main            d.u.i.k.p.i.AbstractProblemLoader Creating init config 
121290     DEBUG main            d.u.i.k.p.i.AbstractProblemLoader Init config took 2.84s 
121306     INFO  main            d.u.i.k.p.i.AbstractProblemLoader Replaying proof danglingElseSolution1.key 
121315     DEBUG main            d.u.i.k.p.i.IntermediateProofReplayer Proof replay took 8.4ns 
121432     INFO  main            d.u.i.k.p.r.p.TestFile    ... finished proof: closed. 
121722     INFO  main            d.u.i.k.p.i.AbstractProblemLoader Loading environment from /home/runner/work/key/key/key.core/../key.ui/examples/standard_key/java_dl/danglingElseSolution1.key.proof 
121722     DEBUG main            d.u.i.k.p.i.AbstractProblemLoader Environment load took 113.8ns 
121723     INFO  main            d.u.i.k.p.i.AbstractProblemLoader Creating init config 
124495     DEBUG main            d.u.i.k.p.i.AbstractProblemLoader Init config took 2.77s 
124512     INFO  main            d.u.i.k.p.i.AbstractProblemLoader Replaying proof danglingElseSolution1.key.proof 
124534     DEBUG main            d.u.i.k.p.i.IntermediateProofReplayer Proof replay took 19.87ms 
124536     DEBUG main            d.u.i.k.p.r.p.TestFile    ... success: reloaded. 
124537     INFO  main            d.u.i.k.p.r.p.TestFile    Now processing file /home/runner/work/key/key/key.core/../key.ui/examples/standard_key/java_dl/danglingElseSolution2.key 
124537     INFO  main            d.u.i.k.p.i.AbstractProblemLoader Loading environment from /home/runner/work/key/key/key.core/../key.ui/examples/standard_key/java_dl/danglingElseSolution2.key 
124537     DEBUG main            d.u.i.k.p.i.AbstractProblemLoader Environment load took 112ns 
124538     INFO  main            d.u.i.k.p.i.AbstractProblemLoader Creating init config 
127331     DEBUG main            d.u.i.k.p.i.AbstractProblemLoader Init config took 2.79s 
127348     INFO  main            d.u.i.k.p.i.AbstractProblemLoader Replaying proof danglingElseSolution2.key 
127349     DEBUG main            d.u.i.k.p.i.IntermediateProofReplayer Proof replay took 7.7ns 
127451     INFO  main            d.u.i.k.p.r.p.TestFile    ... finished proof: closed. 
127727     INFO  main            d.u.i.k.p.i.AbstractProblemLoader Loading environment from /home/runner/work/key/key/key.core/../key.ui/examples/standard_key/java_dl/danglingElseSolution2.key.proof 
127727     DEBUG main            d.u.i.k.p.i.AbstractProblemLoader Environment load took 125.7ns 
127729     INFO  main            d.u.i.k.p.i.AbstractProblemLoader Creating init config 
130466     DEBUG main            d.u.i.k.p.i.AbstractProblemLoader Init config took 2.74s 
130487     INFO  main            d.u.i.k.p.i.AbstractProblemLoader Replaying proof danglingElseSolution2.key.proof 
130502     DEBUG main            d.u.i.k.p.i.IntermediateProofReplayer Proof replay took 12.38ms 
130504     DEBUG main            d.u.i.k.p.r.p.TestFile    ... success: reloaded. 
130505     INFO  main            d.u.i.k.p.r.p.TestFile    Now processing file /home/runner/work/key/key/key.core/../key.ui/examples/standard_key/java_dl/deepNonNull/deepNonNull0.key 
130505     INFO  main            d.u.i.k.p.i.AbstractProblemLoader Loading environment from /home/runner/work/key/key/key.core/../key.ui/examples/standard_key/java_dl/deepNonNull/deepNonNull0.key 
130506     DEBUG main            d.u.i.k.p.i.AbstractProblemLoader Environment load took 409.8ns 
130507     INFO  main            d.u.i.k.p.i.AbstractProblemLoader Creating init config 
133371     DEBUG main            d.u.i.k.p.i.AbstractProblemLoader Init config took 2.86s 
133417     INFO  main            d.u.i.k.p.i.AbstractProblemLoader Replaying proof Arrays[Arrays::get()].JML operation contract.0 
133418     DEBUG main            d.u.i.k.p.i.IntermediateProofReplayer Proof replay took 7ns 
133620     INFO  main            d.u.i.k.p.r.p.TestFile    ... finished proof: closed. 
133951     INFO  main            d.u.i.k.p.i.AbstractProblemLoader Loading environment from /home/runner/work/key/key/key.core/../key.ui/examples/standard_key/java_dl/deepNonNull/deepNonNull0.key.proof 
133951     DEBUG main            d.u.i.k.p.i.AbstractProblemLoader Environment load took 123.3ns 
133952     INFO  main            d.u.i.k.p.i.AbstractProblemLoader Creating init config 
136785     DEBUG main            d.u.i.k.p.i.AbstractProblemLoader Init config took 2.83s 
136829     INFO  main            d.u.i.k.p.i.AbstractProblemLoader Replaying proof Arrays[Arrays::get()].JML operation contract.0 
136860     DEBUG main            d.u.i.k.p.i.IntermediateProofReplayer Proof replay took 28.7ms 
136861     DEBUG main            d.u.i.k.p.r.p.TestFile    ... success: reloaded. 
136862     INFO  main            d.u.i.k.p.r.p.TestFile    Now processing file /home/runner/work/key/key/key.core/../key.ui/examples/standard_key/java_dl/deepNonNull/deepNonNull1.key 
136863     INFO  main            d.u.i.k.p.i.AbstractProblemLoader Loading environment from /home/runner/work/key/key/key.core/../key.ui/examples/standard_key/java_dl/deepNonNull/deepNonNull1.key 
136863     DEBUG main            d.u.i.k.p.i.AbstractProblemLoader Environment load took 201.7ns 
136864     INFO  main            d.u.i.k.p.i.AbstractProblemLoader Creating init config 
139702     DEBUG main            d.u.i.k.p.i.AbstractProblemLoader Init config took 2.84s 
139752     INFO  main            d.u.i.k.p.i.AbstractProblemLoader Replaying proof Arrays[Arrays::head()].JML operation contract.0 
139753     DEBUG main            d.u.i.k.p.i.IntermediateProofReplayer Proof replay took 7.5ns 
139955     INFO  main            d.u.i.k.p.r.p.TestFile    ... finished proof: closed. 
140247     INFO  main            d.u.i.k.p.i.AbstractProblemLoader Loading environment from /home/runner/work/key/key/key.core/../key.ui/examples/standard_key/java_dl/deepNonNull/deepNonNull1.key.proof 
140248     DEBUG main            d.u.i.k.p.i.AbstractProblemLoader Environment load took 111.8ns 
140248     INFO  main            d.u.i.k.p.i.AbstractProblemLoader Creating init config 
143013     DEBUG main            d.u.i.k.p.i.AbstractProblemLoader Init config took 2.76s 
143059     INFO  main            d.u.i.k.p.i.AbstractProblemLoader Replaying proof Arrays[Arrays::head()].JML operation contract.0 
143086     DEBUG main            d.u.i.k.p.i.IntermediateProofReplayer Proof replay took 24.46ms 
143087     DEBUG main            d.u.i.k.p.r.p.TestFile    ... success: reloaded. 
143091     INFO  main            d.u.i.k.p.r.p.TestFile    Now processing file /home/runner/work/key/key/key.core/../key.ui/examples/standard_key/java_dl/deepNonNull/deepNonNull2.key 
143092     INFO  main            d.u.i.k.p.i.AbstractProblemLoader Loading environment from /home/runner/work/key/key/key.core/../key.ui/examples/standard_key/java_dl/deepNonNull/deepNonNull2.key 
143092     DEBUG main            d.u.i.k.p.i.AbstractProblemLoader Environment load took 124.2ns 
143093     INFO  main            d.u.i.k.p.i.AbstractProblemLoader Creating init config 
145991     DEBUG main            d.u.i.k.p.i.AbstractProblemLoader Init config took 2.9s 
146038     INFO  main            d.u.i.k.p.i.AbstractProblemLoader Replaying proof Arrays[Arrays::unprovable(java.lang.Object)].JML operation contract.0 
146039     DEBUG main            d.u.i.k.p.i.IntermediateProofReplayer Proof replay took 7.3ns 
146147     INFO  main            d.u.i.k.p.r.p.TestFile    ... finished proof: open goal(s) 
146421     INFO  main            d.u.i.k.p.r.p.TestFile    Now processing file /home/runner/work/key/key/key.core/../key.ui/examples/standard_key/java_dl/deepNonNull/deepNonNull3.key 
146421     INFO  main            d.u.i.k.p.i.AbstractProblemLoader Loading environment from /home/runner/work/key/key/key.core/../key.ui/examples/standard_key/java_dl/deepNonNull/deepNonNull3.key 
146421     DEBUG main            d.u.i.k.p.i.AbstractProblemLoader Environment load took 124.1ns 
146423     INFO  main            d.u.i.k.p.i.AbstractProblemLoader Creating init config 
149276     DEBUG main            d.u.i.k.p.i.AbstractProblemLoader Init config took 2.85s 
149333     INFO  main            d.u.i.k.p.i.AbstractProblemLoader Replaying proof Arrays[Arrays::head([[[[Ljava.lang.Object)].JML operation contract.0 
149335     DEBUG main            d.u.i.k.p.i.IntermediateProofReplayer Proof replay took 7.7ns 
150347     INFO  main            d.u.i.k.p.r.p.TestFile    ... finished proof: closed. 
150704     INFO  main            d.u.i.k.p.i.AbstractProblemLoader Loading environment from /home/runner/work/key/key/key.core/../key.ui/examples/standard_key/java_dl/deepNonNull/deepNonNull3.key.proof 
150706     DEBUG main            d.u.i.k.p.i.AbstractProblemLoader Environment load took 1.96ms 
150709     INFO  main            d.u.i.k.p.i.AbstractProblemLoader Creating init config 
153582     DEBUG main            d.u.i.k.p.i.AbstractProblemLoader Init config took 2.87s 
153631     INFO  main            d.u.i.k.p.i.AbstractProblemLoader Replaying proof Arrays[Arrays::head([[[[Ljava.lang.Object)].JML operation contract.0 
153736     DEBUG main            d.u.i.k.p.i.IntermediateProofReplayer Proof replay took 99.66ms 
153737     DEBUG main            d.u.i.k.p.r.p.TestFile    ... success: reloaded. 
153738     INFO  main            d.u.i.k.p.r.p.TestFile    Now processing file /home/runner/work/key/key/key.core/../key.ui/examples/standard_key/java_dl/exceptions.key 
153738     INFO  main            d.u.i.k.p.i.AbstractProblemLoader Loading environment from /home/runner/work/key/key/key.core/../key.ui/examples/standard_key/java_dl/exceptions.key 
153738     DEBUG main            d.u.i.k.p.i.AbstractProblemLoader Environment load took 252.4ns 
153739     INFO  main            d.u.i.k.p.i.AbstractProblemLoader Creating init config 
153769     WARN  main            d.u.i.k.j.r.KeYCrossReferenceNameInfo Datatype java.io.PrintStream declared twice: Once in FILE:/home/runner/work/key/key/key.core/../key.ui/examples/standard_key/java_dl/classpath/PrintStream.java and once in URL:file:/home/runner/work/key/key/key.core/build/resources/main/de/uka/ilkd/key/java/JavaRedux/java/io/PrintStream.java, Keeping one from URL:file:/home/runner/work/key/key/key.core/build/resources/main/de/uka/ilkd/key/java/JavaRedux/java/io/PrintStream.java 
153769     WARN  main            d.u.i.k.j.r.KeYCrossReferenceNameInfo Datatype java.lang.System declared twice: Once in FILE:/home/runner/work/key/key/key.core/../key.ui/examples/standard_key/java_dl/classpath/System.java and once in URL:file:/home/runner/work/key/key/key.core/build/resources/main/de/uka/ilkd/key/java/JavaRedux/java/lang/System.java, Keeping one from URL:file:/home/runner/work/key/key/key.core/build/resources/main/de/uka/ilkd/key/java/JavaRedux/java/lang/System.java 
153776     WARN  main            d.u.i.k.j.r.KeYCrossReferenceNameInfo Datatype java.io.InputStream declared twice: Once in FILE:/home/runner/work/key/key/key.core/../key.ui/examples/standard_key/java_dl/classpath/InputStream.java and once in URL:file:/home/runner/work/key/key/key.core/build/resources/main/de/uka/ilkd/key/java/JavaRedux/java/io/InputStream.java, Keeping one from URL:file:/home/runner/work/key/key/key.core/build/resources/main/de/uka/ilkd/key/java/JavaRedux/java/io/InputStream.java 
153781     DEBUG main            d.u.i.k.j.r.ClassFileDeclarationBuilder Parsing: package java.io; public class Closeable { } 
153783     DEBUG main            r.s.KeYCrossReferenceSourceInfo Dynamically created class: java.io.Closeable 
156566     DEBUG main            d.u.i.k.p.i.AbstractProblemLoader Init config took 2.83s 
156581     INFO  main            d.u.i.k.p.i.AbstractProblemLoader Replaying proof exceptions.key 
156583     DEBUG main            d.u.i.k.p.i.IntermediateProofReplayer Proof replay took 8.4ns 
156788     INFO  main            d.u.i.k.p.r.p.TestFile    ... finished proof: closed. 
157107     INFO  main            d.u.i.k.p.i.AbstractProblemLoader Loading environment from /home/runner/work/key/key/key.core/../key.ui/examples/standard_key/java_dl/exceptions.key.proof 
157107     DEBUG main            d.u.i.k.p.i.AbstractProblemLoader Environment load took 105.2ns 
157108     INFO  main            d.u.i.k.p.i.AbstractProblemLoader Creating init config 
157155     WARN  main            d.u.i.k.j.r.KeYCrossReferenceNameInfo Datatype java.io.PrintStream declared twice: Once in FILE:/home/runner/work/key/key/key.core/../key.ui/examples/standard_key/java_dl/classpath/PrintStream.java and once in URL:file:/home/runner/work/key/key/key.core/build/resources/main/de/uka/ilkd/key/java/JavaRedux/java/io/PrintStream.java, Keeping one from URL:file:/home/runner/work/key/key/key.core/build/resources/main/de/uka/ilkd/key/java/JavaRedux/java/io/PrintStream.java 
157156     WARN  main            d.u.i.k.j.r.KeYCrossReferenceNameInfo Datatype java.lang.System declared twice: Once in FILE:/home/runner/work/key/key/key.core/../key.ui/examples/standard_key/java_dl/classpath/System.java and once in URL:file:/home/runner/work/key/key/key.core/build/resources/main/de/uka/ilkd/key/java/JavaRedux/java/lang/System.java, Keeping one from URL:file:/home/runner/work/key/key/key.core/build/resources/main/de/uka/ilkd/key/java/JavaRedux/java/lang/System.java 
157156     WARN  main            d.u.i.k.j.r.KeYCrossReferenceNameInfo Datatype java.io.InputStream declared twice: Once in FILE:/home/runner/work/key/key/key.core/../key.ui/examples/standard_key/java_dl/classpath/InputStream.java and once in URL:file:/home/runner/work/key/key/key.core/build/resources/main/de/uka/ilkd/key/java/JavaRedux/java/io/InputStream.java, Keeping one from URL:file:/home/runner/work/key/key/key.core/build/resources/main/de/uka/ilkd/key/java/JavaRedux/java/io/InputStream.java 
157159     DEBUG main            d.u.i.k.j.r.ClassFileDeclarationBuilder Parsing: package java.io; public class Closeable { } 
157160     DEBUG main            r.s.KeYCrossReferenceSourceInfo Dynamically created class: java.io.Closeable 
159921     DEBUG main            d.u.i.k.p.i.AbstractProblemLoader Init config took 2.81s 
159935     INFO  main            d.u.i.k.p.i.AbstractProblemLoader Replaying proof exceptions.key.proof 
159979     DEBUG main            d.u.i.k.p.i.IntermediateProofReplayer Proof replay took 41.42ms 
159980     DEBUG main            d.u.i.k.p.r.p.TestFile    ... success: reloaded. 
159981     INFO  main            d.u.i.k.p.r.p.TestFile    Now processing file /home/runner/work/key/key/key.core/../key.ui/examples/standard_key/java_dl/exceptions1.key 
159981     INFO  main            d.u.i.k.p.i.AbstractProblemLoader Loading environment from /home/runner/work/key/key/key.core/../key.ui/examples/standard_key/java_dl/exceptions1.key 
159981     DEBUG main            d.u.i.k.p.i.AbstractProblemLoader Environment load took 78.1ns 
159982     INFO  main            d.u.i.k.p.i.AbstractProblemLoader Creating init config 
162729     DEBUG main            d.u.i.k.p.i.AbstractProblemLoader Init config took 2.75s 
162746     INFO  main            d.u.i.k.p.i.AbstractProblemLoader Replaying proof exceptions1.key 
162749     DEBUG main            d.u.i.k.p.i.IntermediateProofReplayer Proof replay took 18.6ns 
162951     INFO  main            d.u.i.k.p.r.p.TestFile    ... finished proof: closed. 
163267     INFO  main            d.u.i.k.p.i.AbstractProblemLoader Loading environment from /home/runner/work/key/key/key.core/../key.ui/examples/standard_key/java_dl/exceptions1.key.proof 
163267     DEBUG main            d.u.i.k.p.i.AbstractProblemLoader Environment load took 95.5ns 
163268     INFO  main            d.u.i.k.p.i.AbstractProblemLoader Creating init config 
165908     DEBUG main            d.u.i.k.p.i.AbstractProblemLoader Init config took 2.64s 
165923     INFO  main            d.u.i.k.p.i.AbstractProblemLoader Replaying proof exceptions1.key.proof 
165953     DEBUG main            d.u.i.k.p.i.IntermediateProofReplayer Proof replay took 27.22ms 
165954     DEBUG main            d.u.i.k.p.r.p.TestFile    ... success: reloaded. 
165955     INFO  main            d.u.i.k.p.r.p.TestFile    Now processing file /home/runner/work/key/key/key.core/../key.ui/examples/standard_key/java_dl/exceptions2.key 
165955     INFO  main            d.u.i.k.p.i.AbstractProblemLoader Loading environment from /home/runner/work/key/key/key.core/../key.ui/examples/standard_key/java_dl/exceptions2.key 
165955     DEBUG main            d.u.i.k.p.i.AbstractProblemLoader Environment load took 184.1ns 
165956     INFO  main            d.u.i.k.p.i.AbstractProblemLoader Creating init config 
168686     DEBUG main            d.u.i.k.p.i.AbstractProblemLoader Init config took 2.73s 
168702     INFO  main            d.u.i.k.p.i.AbstractProblemLoader Replaying proof exceptions2.key 
168704     DEBUG main            d.u.i.k.p.i.IntermediateProofReplayer Proof replay took 6.4ns 
168908     INFO  main            d.u.i.k.p.r.p.TestFile    ... finished proof: closed. 
169227     INFO  main            d.u.i.k.p.i.AbstractProblemLoader Loading environment from /home/runner/work/key/key/key.core/../key.ui/examples/standard_key/java_dl/exceptions2.key.proof 
169227     DEBUG main            d.u.i.k.p.i.AbstractProblemLoader Environment load took 92.4ns 
169228     INFO  main            d.u.i.k.p.i.AbstractProblemLoader Creating init config 
171979     DEBUG main            d.u.i.k.p.i.AbstractProblemLoader Init config took 2.75s 
171994     INFO  main            d.u.i.k.p.i.AbstractProblemLoader Replaying proof exceptions2.key.proof 
172036     DEBUG main            d.u.i.k.p.i.IntermediateProofReplayer Proof replay took 38.79ms 
172039     DEBUG main            d.u.i.k.p.r.p.TestFile    ... success: reloaded. 
172040     INFO  main            d.u.i.k.p.r.p.TestFile    Now processing file /home/runner/work/key/key/key.core/../key.ui/examples/standard_key/java_dl/exceptions3.key 
172040     INFO  main            d.u.i.k.p.i.AbstractProblemLoader Loading environment from /home/runner/work/key/key/key.core/../key.ui/examples/standard_key/java_dl/exceptions3.key 
172040     DEBUG main            d.u.i.k.p.i.AbstractProblemLoader Environment load took 193.9ns 
172043     INFO  main            d.u.i.k.p.i.AbstractProblemLoader Creating init config 
172073     WARN  main            d.u.i.k.j.r.KeYCrossReferenceNameInfo Datatype java.io.PrintStream declared twice: Once in FILE:/home/runner/work/key/key/key.core/../key.ui/examples/standard_key/java_dl/classpath/PrintStream.java and once in URL:file:/home/runner/work/key/key/key.core/build/resources/main/de/uka/ilkd/key/java/JavaRedux/java/io/PrintStream.java, Keeping one from URL:file:/home/runner/work/key/key/key.core/build/resources/main/de/uka/ilkd/key/java/JavaRedux/java/io/PrintStream.java 
172074     WARN  main            d.u.i.k.j.r.KeYCrossReferenceNameInfo Datatype java.lang.System declared twice: Once in FILE:/home/runner/work/key/key/key.core/../key.ui/examples/standard_key/java_dl/classpath/System.java and once in URL:file:/home/runner/work/key/key/key.core/build/resources/main/de/uka/ilkd/key/java/JavaRedux/java/lang/System.java, Keeping one from URL:file:/home/runner/work/key/key/key.core/build/resources/main/de/uka/ilkd/key/java/JavaRedux/java/lang/System.java 
172074     WARN  main            d.u.i.k.j.r.KeYCrossReferenceNameInfo Datatype java.io.InputStream declared twice: Once in FILE:/home/runner/work/key/key/key.core/../key.ui/examples/standard_key/java_dl/classpath/InputStream.java and once in URL:file:/home/runner/work/key/key/key.core/build/resources/main/de/uka/ilkd/key/java/JavaRedux/java/io/InputStream.java, Keeping one from URL:file:/home/runner/work/key/key/key.core/build/resources/main/de/uka/ilkd/key/java/JavaRedux/java/io/InputStream.java 
172077     DEBUG main            d.u.i.k.j.r.ClassFileDeclarationBuilder Parsing: package java.io; public class Closeable { } 
172078     DEBUG main            r.s.KeYCrossReferenceSourceInfo Dynamically created class: java.io.Closeable 
174853     DEBUG main            d.u.i.k.p.i.AbstractProblemLoader Init config took 2.81s 
174868     INFO  main            d.u.i.k.p.i.AbstractProblemLoader Replaying proof exceptions3.key 
174869     DEBUG main            d.u.i.k.p.i.IntermediateProofReplayer Proof replay took 6.4ns 
174972     INFO  main            d.u.i.k.p.r.p.TestFile    ... finished proof: closed. 
175321     INFO  main            d.u.i.k.p.i.AbstractProblemLoader Loading environment from /home/runner/work/key/key/key.core/../key.ui/examples/standard_key/java_dl/exceptions3.key.proof 
175321     DEBUG main            d.u.i.k.p.i.AbstractProblemLoader Environment load took 109.8ns 
175323     INFO  main            d.u.i.k.p.i.AbstractProblemLoader Creating init config 
175359     WARN  main            d.u.i.k.j.r.KeYCrossReferenceNameInfo Datatype java.io.PrintStream declared twice: Once in FILE:/home/runner/work/key/key/key.core/../key.ui/examples/standard_key/java_dl/classpath/PrintStream.java and once in URL:file:/home/runner/work/key/key/key.core/build/resources/main/de/uka/ilkd/key/java/JavaRedux/java/io/PrintStream.java, Keeping one from URL:file:/home/runner/work/key/key/key.core/build/resources/main/de/uka/ilkd/key/java/JavaRedux/java/io/PrintStream.java 
175359     WARN  main            d.u.i.k.j.r.KeYCrossReferenceNameInfo Datatype java.lang.System declared twice: Once in FILE:/home/runner/work/key/key/key.core/../key.ui/examples/standard_key/java_dl/classpath/System.java and once in URL:file:/home/runner/work/key/key/key.core/build/resources/main/de/uka/ilkd/key/java/JavaRedux/java/lang/System.java, Keeping one from URL:file:/home/runner/work/key/key/key.core/build/resources/main/de/uka/ilkd/key/java/JavaRedux/java/lang/System.java 
175359     WARN  main            d.u.i.k.j.r.KeYCrossReferenceNameInfo Datatype java.io.InputStream declared twice: Once in FILE:/home/runner/work/key/key/key.core/../key.ui/examples/standard_key/java_dl/classpath/InputStream.java and once in URL:file:/home/runner/work/key/key/key.core/build/resources/main/de/uka/ilkd/key/java/JavaRedux/java/io/InputStream.java, Keeping one from URL:file:/home/runner/work/key/key/key.core/build/resources/main/de/uka/ilkd/key/java/JavaRedux/java/io/InputStream.java 
175363     DEBUG main            d.u.i.k.j.r.ClassFileDeclarationBuilder Parsing: package java.io; public class Closeable { } 
175364     DEBUG main            r.s.KeYCrossReferenceSourceInfo Dynamically created class: java.io.Closeable 
178237     DEBUG main            d.u.i.k.p.i.AbstractProblemLoader Init config took 2.91s 
178251     INFO  main            d.u.i.k.p.i.AbstractProblemLoader Replaying proof exceptions3.key.proof 
178257     DEBUG main            d.u.i.k.p.i.IntermediateProofReplayer Proof replay took 3.89ms 
178258     DEBUG main            d.u.i.k.p.r.p.TestFile    ... success: reloaded. 
178259     INFO  main            d.u.i.k.p.r.p.TestFile    Now processing file /home/runner/work/key/key/key.core/../key.ui/examples/standard_key/java_dl/exchange.key 
178259     INFO  main            d.u.i.k.p.i.AbstractProblemLoader Loading environment from /home/runner/work/key/key/key.core/../key.ui/examples/standard_key/java_dl/exchange.key 
178260     DEBUG main            d.u.i.k.p.i.AbstractProblemLoader Environment load took 110.3ns 
178261     INFO  main            d.u.i.k.p.i.AbstractProblemLoader Creating init config 
181067     DEBUG main            d.u.i.k.p.i.AbstractProblemLoader Init config took 2.81s 
181081     INFO  main            d.u.i.k.p.i.AbstractProblemLoader Replaying proof exchange.key 
181083     DEBUG main            d.u.i.k.p.i.IntermediateProofReplayer Proof replay took 7.3ns 
181185     INFO  main            d.u.i.k.p.r.p.TestFile    ... finished proof: closed. 
181528     INFO  main            d.u.i.k.p.i.AbstractProblemLoader Loading environment from /home/runner/work/key/key/key.core/../key.ui/examples/standard_key/java_dl/exchange.key.proof 
181528     DEBUG main            d.u.i.k.p.i.AbstractProblemLoader Environment load took 95.4ns 
181529     INFO  main            d.u.i.k.p.i.AbstractProblemLoader Creating init config 
184194     DEBUG main            d.u.i.k.p.i.AbstractProblemLoader Init config took 2.66s 
184209     INFO  main            d.u.i.k.p.i.AbstractProblemLoader Replaying proof exchange.key.proof 
184215     DEBUG main            d.u.i.k.p.i.IntermediateProofReplayer Proof replay took 4.26ms 
184216     DEBUG main            d.u.i.k.p.r.p.TestFile    ... success: reloaded. 
184216     INFO  main            d.u.i.k.p.r.p.TestFile    Now processing file /home/runner/work/key/key/key.core/../key.ui/examples/standard_key/java_dl/if.key 
184216     INFO  main            d.u.i.k.p.i.AbstractProblemLoader Loading environment from /home/runner/work/key/key/key.core/../key.ui/examples/standard_key/java_dl/if.key 
184216     DEBUG main            d.u.i.k.p.i.AbstractProblemLoader Environment load took 100.3ns 
184218     INFO  main            d.u.i.k.p.i.AbstractProblemLoader Creating init config 
186948     DEBUG main            d.u.i.k.p.i.AbstractProblemLoader Init config took 2.73s 
186962     INFO  main            d.u.i.k.p.i.AbstractProblemLoader Replaying proof if.key 
186964     DEBUG main            d.u.i.k.p.i.IntermediateProofReplayer Proof replay took 7.1ns 
187066     INFO  main            d.u.i.k.p.r.p.TestFile    ... finished proof: closed. 
187398     INFO  main            d.u.i.k.p.i.AbstractProblemLoader Loading environment from /home/runner/work/key/key/key.core/../key.ui/examples/standard_key/java_dl/if.key.proof 
187398     DEBUG main            d.u.i.k.p.i.AbstractProblemLoader Environment load took 93.6ns 
187399     INFO  main            d.u.i.k.p.i.AbstractProblemLoader Creating init config 
190039     DEBUG main            d.u.i.k.p.i.AbstractProblemLoader Init config took 2.64s 
190054     INFO  main            d.u.i.k.p.i.AbstractProblemLoader Replaying proof if.key.proof 
190059     DEBUG main            d.u.i.k.p.i.IntermediateProofReplayer Proof replay took 3.23ms 
190060     DEBUG main            d.u.i.k.p.r.p.TestFile    ... success: reloaded. 
190061     INFO  main            d.u.i.k.p.r.p.TestFile    Now processing file /home/runner/work/key/key/key.core/../key.ui/examples/standard_key/java_dl/incrementcounter.key 
190061     INFO  main            d.u.i.k.p.i.AbstractProblemLoader Loading environment from /home/runner/work/key/key/key.core/../key.ui/examples/standard_key/java_dl/incrementcounter.key 
190061     DEBUG main            d.u.i.k.p.i.AbstractProblemLoader Environment load took 222.1ns 
190062     INFO  main            d.u.i.k.p.i.AbstractProblemLoader Creating init config 
192702     DEBUG main            d.u.i.k.p.i.AbstractProblemLoader Init config took 2.64s 
192735     INFO  main            d.u.i.k.p.i.AbstractProblemLoader Replaying proof incrementcounter.key 
192743     DEBUG main            d.u.i.k.p.i.IntermediateProofReplayer Proof replay took 8.1ns 
192855     INFO  main            d.u.i.k.p.r.p.TestFile    ... finished proof: closed. 
193207     INFO  main            d.u.i.k.p.i.AbstractProblemLoader Loading environment from /home/runner/work/key/key/key.core/../key.ui/examples/standard_key/java_dl/incrementcounter.key.proof 
193207     DEBUG main            d.u.i.k.p.i.AbstractProblemLoader Environment load took 98.1ns 
193208     INFO  main            d.u.i.k.p.i.AbstractProblemLoader Creating init config 
195901     DEBUG main            d.u.i.k.p.i.AbstractProblemLoader Init config took 2.69s 
195916     INFO  main            d.u.i.k.p.i.AbstractProblemLoader Replaying proof incrementcounter.key.proof 
195920     DEBUG main            d.u.i.k.p.i.IntermediateProofReplayer Proof replay took 2.04ms 
195920     DEBUG main            d.u.i.k.p.r.p.TestFile    ... success: reloaded. 
195921     INFO  main            d.u.i.k.p.r.p.TestFile    Now processing file /home/runner/work/key/key/key.core/../key.ui/examples/standard_key/java_dl/danglingElse.key 
195921     INFO  main            d.u.i.k.p.i.AbstractProblemLoader Loading environment from /home/runner/work/key/key/key.core/../key.ui/examples/standard_key/java_dl/danglingElse.key 
195921     DEBUG main            d.u.i.k.p.i.AbstractProblemLoader Environment load took 111.7ns 
195922     INFO  main            d.u.i.k.p.i.AbstractProblemLoader Creating init config 
198692     DEBUG main            d.u.i.k.p.i.AbstractProblemLoader Init config took 2.77s 
198707     INFO  main            d.u.i.k.p.i.AbstractProblemLoader Replaying proof danglingElse.key 
198710     DEBUG main            d.u.i.k.p.i.IntermediateProofReplayer Proof replay took 6.8ns 
198815     INFO  main            d.u.i.k.p.r.p.TestFile    ... finished proof: open goal(s) 
199166     INFO  main            d.u.i.k.p.r.p.TestFile    Now processing file /home/runner/work/key/key/key.core/../key.ui/examples/standard_key/java_dl/iteratedAssignment.key 
199166     INFO  main            d.u.i.k.p.i.AbstractProblemLoader Loading environment from /home/runner/work/key/key/key.core/../key.ui/examples/standard_key/java_dl/iteratedAssignment.key 
199166     DEBUG main            d.u.i.k.p.i.AbstractProblemLoader Environment load took 102ns 
199168     INFO  main            d.u.i.k.p.i.AbstractProblemLoader Creating init config 
201841     DEBUG main            d.u.i.k.p.i.AbstractProblemLoader Init config took 2.67s 
201856     INFO  main            d.u.i.k.p.i.AbstractProblemLoader Replaying proof iteratedAssignment.key 
201859     DEBUG main            d.u.i.k.p.i.IntermediateProofReplayer Proof replay took 7.2ns 
202268     INFO  main            d.u.i.k.p.r.p.TestFile    ... finished proof: closed. 
202629     INFO  main            d.u.i.k.p.i.AbstractProblemLoader Loading environment from /home/runner/work/key/key/key.core/../key.ui/examples/standard_key/java_dl/iteratedAssignment.key.proof 
202629     DEBUG main            d.u.i.k.p.i.AbstractProblemLoader Environment load took 372.9ns 
202630     INFO  main            d.u.i.k.p.i.AbstractProblemLoader Creating init config 
205364     DEBUG main            d.u.i.k.p.i.AbstractProblemLoader Init config took 2.73s 
205382     INFO  main            d.u.i.k.p.i.AbstractProblemLoader Replaying proof iteratedAssignment.key.proof 
205455     DEBUG main            d.u.i.k.p.i.IntermediateProofReplayer Proof replay took 69.75ms 
205458     DEBUG main            d.u.i.k.p.r.p.TestFile    ... success: reloaded. 
205459     INFO  main            d.u.i.k.p.r.p.TestFile    Now processing file /home/runner/work/key/key/key.core/../key.ui/examples/standard_key/java_dl/assert/assert1.key 
205459     INFO  main            d.u.i.k.p.i.AbstractProblemLoader Loading environment from /home/runner/work/key/key/key.core/../key.ui/examples/standard_key/java_dl/assert/assert1.key 
205459     DEBUG main            d.u.i.k.p.i.AbstractProblemLoader Environment load took 231.1ns 
205461     INFO  main            d.u.i.k.p.i.AbstractProblemLoader Creating init config 
208275     DEBUG main            d.u.i.k.p.i.AbstractProblemLoader Init config took 2.81s 
208315     INFO  main            d.u.i.k.p.i.AbstractProblemLoader Replaying proof C[C::foo()].JML normal_behavior operation contract.0 
208317     DEBUG main            d.u.i.k.p.i.IntermediateProofReplayer Proof replay took 6.9ns 
208524     INFO  main            d.u.i.k.p.r.p.TestFile    ... finished proof: open goal(s) 
208946     INFO  main            d.u.i.k.p.r.p.TestFile    Now processing file /home/runner/work/key/key/key.core/../key.ui/examples/standard_key/java_dl/assert/assert2.key 
208946     INFO  main            d.u.i.k.p.i.AbstractProblemLoader Loading environment from /home/runner/work/key/key/key.core/../key.ui/examples/standard_key/java_dl/assert/assert2.key 
208946     DEBUG main            d.u.i.k.p.i.AbstractProblemLoader Environment load took 351ns 
208947     INFO  main            d.u.i.k.p.i.AbstractProblemLoader Creating init config 
211800     DEBUG main            d.u.i.k.p.i.AbstractProblemLoader Init config took 2.85s 
211848     INFO  main            d.u.i.k.p.i.AbstractProblemLoader Replaying proof C[C::bar()].JML exceptional_behavior operation contract.0 
211851     DEBUG main            d.u.i.k.p.i.IntermediateProofReplayer Proof replay took 18.9ns 
212053     INFO  main            d.u.i.k.p.r.p.TestFile    ... finished proof: closed. 
212419     INFO  main            d.u.i.k.p.i.AbstractProblemLoader Loading environment from /home/runner/work/key/key/key.core/../key.ui/examples/standard_key/java_dl/assert/assert2.key.proof 
212420     DEBUG main            d.u.i.k.p.i.AbstractProblemLoader Environment load took 361ns 
212421     INFO  main            d.u.i.k.p.i.AbstractProblemLoader Creating init config 
215205     DEBUG main            d.u.i.k.p.i.AbstractProblemLoader Init config took 2.78s 
215244     INFO  main            d.u.i.k.p.i.AbstractProblemLoader Replaying proof C[C::bar()].JML exceptional_behavior operation contract.0 
215287     DEBUG main            d.u.i.k.p.i.IntermediateProofReplayer Proof replay took 41.18ms 
215288     DEBUG main            d.u.i.k.p.r.p.TestFile    ... success: reloaded. 
215289     INFO  main            d.u.i.k.p.r.p.TestFile    Now processing file /home/runner/work/key/key/key.core/../key.ui/examples/standard_key/java_dl/assert/assert3.key 
215290     INFO  main            d.u.i.k.p.i.AbstractProblemLoader Loading environment from /home/runner/work/key/key/key.core/../key.ui/examples/standard_key/java_dl/assert/assert3.key 
215290     DEBUG main            d.u.i.k.p.i.AbstractProblemLoader Environment load took 167.3ns 
215291     INFO  main            d.u.i.k.p.i.AbstractProblemLoader Creating init config 
217991     DEBUG main            d.u.i.k.p.i.AbstractProblemLoader Init config took 2.7s 
218037     INFO  main            d.u.i.k.p.i.AbstractProblemLoader Replaying proof C[C::foo()].JML normal_behavior operation contract.0 
218043     DEBUG main            d.u.i.k.p.i.IntermediateProofReplayer Proof replay took 7.6ns 
218146     INFO  main            d.u.i.k.p.r.p.TestFile    ... finished proof: open goal(s) 
218505     INFO  main            d.u.i.k.p.r.p.TestFile    Now processing file /home/runner/work/key/key/key.core/../key.ui/examples/standard_key/java_dl/java5/vararg.key 
218506     INFO  main            d.u.i.k.p.i.AbstractProblemLoader Loading environment from /home/runner/work/key/key/key.core/../key.ui/examples/standard_key/java_dl/java5/vararg.key 
218506     DEBUG main            d.u.i.k.p.i.AbstractProblemLoader Environment load took 66.6ns 
218508     INFO  main            d.u.i.k.p.i.AbstractProblemLoader Creating init config 
219550     DEBUG main            d.u.i.k.j.r.ClassPreparationMethodBuilder clPrepBuilder: Inner Class detected. Reject building class initialisation methods. 
221696     DEBUG main            d.u.i.k.p.i.AbstractProblemLoader Init config took 3.19s 
221728     INFO  main            d.u.i.k.p.i.AbstractProblemLoader Replaying proof vararg.key 
221729     DEBUG main            d.u.i.k.p.i.IntermediateProofReplayer Proof replay took 6.6ns 
223241     INFO  main            d.u.i.k.p.r.p.TestFile    ... finished proof: closed. 
223678     INFO  main            d.u.i.k.p.i.AbstractProblemLoader Loading environment from /home/runner/work/key/key/key.core/../key.ui/examples/standard_key/java_dl/java5/vararg.key.proof 
223682     DEBUG main            d.u.i.k.p.i.AbstractProblemLoader Environment load took 3.33ms 
223683     INFO  main            d.u.i.k.p.i.AbstractProblemLoader Creating init config 
224603     DEBUG main            d.u.i.k.j.r.ClassPreparationMethodBuilder clPrepBuilder: Inner Class detected. Reject building class initialisation methods. 
226584     DEBUG main            d.u.i.k.p.i.AbstractProblemLoader Init config took 2.9s 
226610     INFO  main            d.u.i.k.p.i.AbstractProblemLoader Replaying proof vararg.key.proof 
226971     DEBUG main            d.u.i.k.p.i.IntermediateProofReplayer Proof replay took 335.3ms 
226973     DEBUG main            d.u.i.k.p.r.p.TestFile    ... success: reloaded. 
226974     INFO  main            d.u.i.k.p.r.p.TestFile    Now processing file /home/runner/work/key/key/key.core/../key.ui/examples/standard_key/java_dl/java5/for_Array.key 
226974     INFO  main            d.u.i.k.p.i.AbstractProblemLoader Loading environment from /home/runner/work/key/key/key.core/../key.ui/examples/standard_key/java_dl/java5/for_Array.key 
226974     DEBUG main            d.u.i.k.p.i.AbstractProblemLoader Environment load took 189.3ns 
226975     INFO  main            d.u.i.k.p.i.AbstractProblemLoader Creating init config 
227955     DEBUG main            d.u.i.k.j.r.ClassPreparationMethodBuilder clPrepBuilder: Inner Class detected. Reject building class initialisation methods. 
230083     DEBUG main            d.u.i.k.p.i.AbstractProblemLoader Init config took 3.11s 
230141     INFO  main            d.u.i.k.p.i.AbstractProblemLoader Replaying proof For[For::sum([I)].JML operation contract.0 
230143     DEBUG main            d.u.i.k.p.i.IntermediateProofReplayer Proof replay took 7.4ns 
230565     INFO  main            d.u.i.k.p.r.p.TestFile    ... finished proof: closed. 
231033     INFO  main            d.u.i.k.p.i.AbstractProblemLoader Loading environment from /home/runner/work/key/key/key.core/../key.ui/examples/standard_key/java_dl/java5/for_Array.key.proof 
231034     DEBUG main            d.u.i.k.p.i.AbstractProblemLoader Environment load took 805.9ns 
231035     INFO  main            d.u.i.k.p.i.AbstractProblemLoader Creating init config 
231969     DEBUG main            d.u.i.k.j.r.ClassPreparationMethodBuilder clPrepBuilder: Inner Class detected. Reject building class initialisation methods. 
233956     DEBUG main            d.u.i.k.p.i.AbstractProblemLoader Init config took 2.92s 
234013     INFO  main            d.u.i.k.p.i.AbstractProblemLoader Replaying proof For[For::sum([I)].JML operation contract.0 
234102     DEBUG main            d.u.i.k.p.i.IntermediateProofReplayer Proof replay took 84.8ms 
234103     DEBUG main            d.u.i.k.p.r.p.TestFile    ... success: reloaded. 
234104     INFO  main            d.u.i.k.p.r.p.TestFile    Now processing file /home/runner/work/key/key/key.core/../key.ui/examples/standard_key/java_dl/java5/for_Iterable.key 
234104     INFO  main            d.u.i.k.p.i.AbstractProblemLoader Loading environment from /home/runner/work/key/key/key.core/../key.ui/examples/standard_key/java_dl/java5/for_Iterable.key 
234104     DEBUG main            d.u.i.k.p.i.AbstractProblemLoader Environment load took 75.6ns 
234105     INFO  main            d.u.i.k.p.i.AbstractProblemLoader Creating init config 
235068     DEBUG main            d.u.i.k.j.r.ClassPreparationMethodBuilder clPrepBuilder: Inner Class detected. Reject building class initialisation methods. 
237192     DEBUG main            d.u.i.k.p.i.AbstractProblemLoader Init config took 3.09s 
237250     INFO  main            d.u.i.k.p.i.AbstractProblemLoader Replaying proof For[For::infiniteLoop(For)].JML operation contract.0 
237252     DEBUG main            d.u.i.k.p.i.IntermediateProofReplayer Proof replay took 6.9ns 
237454     INFO  main            d.u.i.k.p.r.p.TestFile    ... finished proof: closed. 
237860     INFO  main            d.u.i.k.p.i.AbstractProblemLoader Loading environment from /home/runner/work/key/key/key.core/../key.ui/examples/standard_key/java_dl/java5/for_Iterable.key.proof 
237860     DEBUG main            d.u.i.k.p.i.AbstractProblemLoader Environment load took 102.3ns 
237861     INFO  main            d.u.i.k.p.i.AbstractProblemLoader Creating init config 
238782     DEBUG main            d.u.i.k.j.r.ClassPreparationMethodBuilder clPrepBuilder: Inner Class detected. Reject building class initialisation methods. 
240848     DEBUG main            d.u.i.k.p.i.AbstractProblemLoader Init config took 2.99s 
240907     INFO  main            d.u.i.k.p.i.AbstractProblemLoader Replaying proof For[For::infiniteLoop(For)].JML operation contract.0 
240966     DEBUG main            d.u.i.k.p.i.IntermediateProofReplayer Proof replay took 53.78ms 
240967     DEBUG main            d.u.i.k.p.r.p.TestFile    ... success: reloaded. 
240969     INFO  main            d.u.i.k.p.r.p.TestFile    Now processing file /home/runner/work/key/key/key.core/../key.ui/examples/standard_key/java_dl/java5/for_ReferenceArray.key 
240970     INFO  main            d.u.i.k.p.i.AbstractProblemLoader Loading environment from /home/runner/work/key/key/key.core/../key.ui/examples/standard_key/java_dl/java5/for_ReferenceArray.key 
240970     DEBUG main            d.u.i.k.p.i.AbstractProblemLoader Environment load took 94.9ns 
240971     INFO  main            d.u.i.k.p.i.AbstractProblemLoader Creating init config 
241952     DEBUG main            d.u.i.k.j.r.ClassPreparationMethodBuilder clPrepBuilder: Inner Class detected. Reject building class initialisation methods. 
244099     DEBUG main            d.u.i.k.p.i.AbstractProblemLoader Init config took 3.13s 
244164     INFO  main            d.u.i.k.p.i.AbstractProblemLoader Replaying proof ForReferenceArray[ForReferenceArray::foo([Ljava.lang.Object)].JML operation contract.0 
244166     DEBUG main            d.u.i.k.p.i.IntermediateProofReplayer Proof replay took 7.4ns 
244472     INFO  main            d.u.i.k.p.r.p.TestFile    ... finished proof: closed. 
244923     INFO  main            d.u.i.k.p.i.AbstractProblemLoader Loading environment from /home/runner/work/key/key/key.core/../key.ui/examples/standard_key/java_dl/java5/for_ReferenceArray.key.proof 
244923     DEBUG main            d.u.i.k.p.i.AbstractProblemLoader Environment load took 92.6ns 
244924     INFO  main            d.u.i.k.p.i.AbstractProblemLoader Creating init config 
245860     DEBUG main            d.u.i.k.j.r.ClassPreparationMethodBuilder clPrepBuilder: Inner Class detected. Reject building class initialisation methods. 
247938     DEBUG main            d.u.i.k.p.i.AbstractProblemLoader Init config took 3.01s 
247997     INFO  main            d.u.i.k.p.i.AbstractProblemLoader Replaying proof ForReferenceArray[ForReferenceArray::foo([Ljava.lang.Object)].JML operation contract.0 
248078     DEBUG main            d.u.i.k.p.i.IntermediateProofReplayer Proof replay took 77.81ms 
248079     DEBUG main            d.u.i.k.p.r.p.TestFile    ... success: reloaded. 
248080     INFO  main            d.u.i.k.p.r.p.TestFile    Now processing file /home/runner/work/key/key/key.core/../key.ui/examples/standard_key/java_dl/jml-bigint/cast.key 
248081     INFO  main            d.u.i.k.p.i.AbstractProblemLoader Loading environment from /home/runner/work/key/key/key.core/../key.ui/examples/standard_key/java_dl/jml-bigint/cast.key 
248081     DEBUG main            d.u.i.k.p.i.AbstractProblemLoader Environment load took 212.6ns 
248082     INFO  main            d.u.i.k.p.i.AbstractProblemLoader Creating init config 
251166     DEBUG main            d.u.i.k.p.i.AbstractProblemLoader Init config took 3.08s 
251203     INFO  main            d.u.i.k.p.i.AbstractProblemLoader Replaying proof Mult[Mult::cast()].JML operation contract.0 
251206     DEBUG main            d.u.i.k.p.i.IntermediateProofReplayer Proof replay took 6.7ns 
251308     INFO  main            d.u.i.k.p.r.p.TestFile    ... finished proof: closed. 
251735     INFO  main            d.u.i.k.p.i.AbstractProblemLoader Loading environment from /home/runner/work/key/key/key.core/../key.ui/examples/standard_key/java_dl/jml-bigint/cast.key.proof 
251735     DEBUG main            d.u.i.k.p.i.AbstractProblemLoader Environment load took 73.1ns 
251736     INFO  main            d.u.i.k.p.i.AbstractProblemLoader Creating init config 
254534     DEBUG main            d.u.i.k.p.i.AbstractProblemLoader Init config took 2.8s 
254573     INFO  main            d.u.i.k.p.i.AbstractProblemLoader Replaying proof Mult[Mult::cast()].JML operation contract.0 
254591     DEBUG main            d.u.i.k.p.i.IntermediateProofReplayer Proof replay took 15.51ms 
254591     DEBUG main            d.u.i.k.p.r.p.TestFile    ... success: reloaded. 
254592     INFO  main            d.u.i.k.p.r.p.TestFile    Now processing file /home/runner/work/key/key/key.core/../key.ui/examples/standard_key/java_dl/jml-free/loopInvFree.key 
254593     INFO  main            d.u.i.k.p.i.AbstractProblemLoader Loading environment from /home/runner/work/key/key/key.core/../key.ui/examples/standard_key/java_dl/jml-free/loopInvFree.key 
254593     DEBUG main            d.u.i.k.p.i.AbstractProblemLoader Environment load took 96.1ns 
254594     INFO  main            d.u.i.k.p.i.AbstractProblemLoader Creating init config 
257365     DEBUG main            d.u.i.k.p.i.AbstractProblemLoader Init config took 2.77s 
257418     INFO  main            d.u.i.k.p.i.AbstractProblemLoader Replaying proof LoopInvFree[LoopInvFree::test()].JML operation contract.0 
257421     DEBUG main            d.u.i.k.p.i.IntermediateProofReplayer Proof replay took 7.5ns 
257623     INFO  main            d.u.i.k.p.r.p.TestFile    ... finished proof: closed. 
258051     INFO  main            d.u.i.k.p.i.AbstractProblemLoader Loading environment from /home/runner/work/key/key/key.core/../key.ui/examples/standard_key/java_dl/jml-free/loopInvFree.key.proof 
258051     DEBUG main            d.u.i.k.p.i.AbstractProblemLoader Environment load took 83ns 
258052     INFO  main            d.u.i.k.p.i.AbstractProblemLoader Creating init config 
260800     DEBUG main            d.u.i.k.p.i.AbstractProblemLoader Init config took 2.75s 
260833     INFO  main            d.u.i.k.p.i.AbstractProblemLoader Replaying proof LoopInvFree[LoopInvFree::test()].JML operation contract.0 
260876     DEBUG main            d.u.i.k.p.i.IntermediateProofReplayer Proof replay took 39.98ms 
260877     DEBUG main            d.u.i.k.p.r.p.TestFile    ... success: reloaded. 
260878     INFO  main            d.u.i.k.p.r.p.TestFile    Now processing file /home/runner/work/key/key/key.core/../key.ui/examples/standard_key/java_dl/jml-free/ensuresFree.key 
260878     INFO  main            d.u.i.k.p.i.AbstractProblemLoader Loading environment from /home/runner/work/key/key/key.core/../key.ui/examples/standard_key/java_dl/jml-free/ensuresFree.key 
260878     DEBUG main            d.u.i.k.p.i.AbstractProblemLoader Environment load took 97.1ns 
260879     INFO  main            d.u.i.k.p.i.AbstractProblemLoader Creating init config 
263705     DEBUG main            d.u.i.k.p.i.AbstractProblemLoader Init config took 2.83s 
263743     INFO  main            d.u.i.k.p.i.AbstractProblemLoader Replaying proof EnsuresFree[EnsuresFree::test()].JML operation contract.0 
263745     DEBUG main            d.u.i.k.p.i.IntermediateProofReplayer Proof replay took 7ns 
263846     INFO  main            d.u.i.k.p.r.p.TestFile    ... finished proof: closed. 
264288     INFO  main            d.u.i.k.p.i.AbstractProblemLoader Loading environment from /home/runner/work/key/key/key.core/../key.ui/examples/standard_key/java_dl/jml-free/ensuresFree.key.proof 
264288     DEBUG main            d.u.i.k.p.i.AbstractProblemLoader Environment load took 76.6ns 
264289     INFO  main            d.u.i.k.p.i.AbstractProblemLoader Creating init config 
267068     DEBUG main            d.u.i.k.p.i.AbstractProblemLoader Init config took 2.78s 
267106     INFO  main            d.u.i.k.p.i.AbstractProblemLoader Replaying proof EnsuresFree[EnsuresFree::test()].JML operation contract.0 
267125     DEBUG main            d.u.i.k.p.i.IntermediateProofReplayer Proof replay took 17.96ms 
267126     DEBUG main            d.u.i.k.p.r.p.TestFile    ... success: reloaded. 
267127     INFO  main            d.u.i.k.p.r.p.TestFile    Now processing file /home/runner/work/key/key/key.core/../key.ui/examples/standard_key/java_dl/jml-information-flow.key 
267127     INFO  main            d.u.i.k.p.i.AbstractProblemLoader Loading environment from /home/runner/work/key/key/key.core/../key.ui/examples/standard_key/java_dl/jml-information-flow.key 
267127     DEBUG main            d.u.i.k.p.i.AbstractProblemLoader Environment load took 59.2ns 
267133     INFO  main            d.u.i.k.p.i.AbstractProblemLoader Creating init config 
270160     DEBUG main            d.u.i.k.p.i.AbstractProblemLoader Init config took 3.03s 
270185     INFO  main            d.u.i.k.p.i.AbstractProblemLoader Replaying proof jml-information-flow.key 
270187     DEBUG main            d.u.i.k.p.i.IntermediateProofReplayer Proof replay took 7.7ns 
401416     INFO  main            d.u.i.k.p.r.p.TestFile    ... finished proof: closed. 
402074     INFO  main            d.u.i.k.p.i.AbstractProblemLoader Loading environment from /home/runner/work/key/key/key.core/../key.ui/examples/standard_key/java_dl/jml-information-flow.key.proof 
402075     DEBUG main            d.u.i.k.p.i.AbstractProblemLoader Environment load took 186.3ns 
402084     INFO  main            d.u.i.k.p.i.AbstractProblemLoader Creating init config 
405019     DEBUG main            d.u.i.k.p.i.AbstractProblemLoader Init config took 2.94s 
405040     INFO  main            d.u.i.k.p.i.AbstractProblemLoader Replaying proof jml-information-flow.key.proof 
408493     DEBUG main            d.u.i.k.p.i.IntermediateProofReplayer Proof replay took 3.33s 
408502     DEBUG main            d.u.i.k.p.r.p.TestFile    ... success: reloaded. 
408503     INFO  main            d.u.i.k.p.r.p.TestFile    Now processing file /home/runner/work/key/key/key.core/../key.ui/examples/standard_key/java_dl/jml-min/min-unprovable1.key 
408503     INFO  main            d.u.i.k.p.i.AbstractProblemLoader Loading environment from /home/runner/work/key/key/key.core/../key.ui/examples/standard_key/java_dl/jml-min/min-unprovable1.key 
408503     DEBUG main            d.u.i.k.p.i.AbstractProblemLoader Environment load took 107.9ns 
408504     INFO  main            d.u.i.k.p.i.AbstractProblemLoader Creating init config 
411426     DEBUG main            d.u.i.k.p.i.AbstractProblemLoader Init config took 2.92s 
411462     INFO  main            d.u.i.k.p.i.AbstractProblemLoader Replaying proof Min[Min::foo()].JML operation contract.0 
411463     DEBUG main            d.u.i.k.p.i.IntermediateProofReplayer Proof replay took 6.3ns 
411568     INFO  main            d.u.i.k.p.r.p.TestFile    ... finished proof: open goal(s) 
412191     INFO  main            d.u.i.k.p.r.p.TestFile    Now processing file /home/runner/work/key/key/key.core/../key.ui/examples/standard_key/java_dl/jml-min/min-unprovable2.key 
412191     INFO  main            d.u.i.k.p.i.AbstractProblemLoader Loading environment from /home/runner/work/key/key/key.core/../key.ui/examples/standard_key/java_dl/jml-min/min-unprovable2.key 
412191     DEBUG main            d.u.i.k.p.i.AbstractProblemLoader Environment load took 92ns 
412192     INFO  main            d.u.i.k.p.i.AbstractProblemLoader Creating init config 
414987     DEBUG main            d.u.i.k.p.i.AbstractProblemLoader Init config took 2.79s 
415024     INFO  main            d.u.i.k.p.i.AbstractProblemLoader Replaying proof Min[Min::foo2()].JML operation contract.0 
415025     DEBUG main            d.u.i.k.p.i.IntermediateProofReplayer Proof replay took 7.5ns 
415127     INFO  main            d.u.i.k.p.r.p.TestFile    ... finished proof: open goal(s) 
415551     INFO  main            d.u.i.k.p.r.p.TestFile    Now processing file /home/runner/work/key/key/key.core/../key.ui/examples/standard_key/java_dl/methodCall.key 
415551     INFO  main            d.u.i.k.p.i.AbstractProblemLoader Loading environment from /home/runner/work/key/key/key.core/../key.ui/examples/standard_key/java_dl/methodCall.key 
415551     DEBUG main            d.u.i.k.p.i.AbstractProblemLoader Environment load took 49.9ns 
415552     INFO  main            d.u.i.k.p.i.AbstractProblemLoader Creating init config 
418412     DEBUG main            d.u.i.k.p.i.AbstractProblemLoader Init config took 2.86s 
418427     INFO  main            d.u.i.k.p.i.AbstractProblemLoader Replaying proof methodCall.key 
418428     DEBUG main            d.u.i.k.p.i.IntermediateProofReplayer Proof replay took 7.8ns 
418530     INFO  main            d.u.i.k.p.r.p.TestFile    ... finished proof: closed. 
418971     INFO  main            d.u.i.k.p.i.AbstractProblemLoader Loading environment from /home/runner/work/key/key/key.core/../key.ui/examples/standard_key/java_dl/methodCall.key.proof 
418971     DEBUG main            d.u.i.k.p.i.AbstractProblemLoader Environment load took 88ns 
418972     INFO  main            d.u.i.k.p.i.AbstractProblemLoader Creating init config 
421902     DEBUG main            d.u.i.k.p.i.AbstractProblemLoader Init config took 2.93s 
421916     INFO  main            d.u.i.k.p.i.AbstractProblemLoader Replaying proof methodCall.key.proof 
421919     DEBUG main            d.u.i.k.p.i.IntermediateProofReplayer Proof replay took 1.72ms 
421920     DEBUG main            d.u.i.k.p.r.p.TestFile    ... success: reloaded. 
421921     INFO  main            d.u.i.k.p.r.p.TestFile    Now processing file /home/runner/work/key/key/key.core/../key.ui/examples/standard_key/java_dl/methodCall1.key 
421921     INFO  main            d.u.i.k.p.i.AbstractProblemLoader Loading environment from /home/runner/work/key/key/key.core/../key.ui/examples/standard_key/java_dl/methodCall1.key 
421921     DEBUG main            d.u.i.k.p.i.AbstractProblemLoader Environment load took 54.7ns 
421923     INFO  main            d.u.i.k.p.i.AbstractProblemLoader Creating init config 
424703     DEBUG main            d.u.i.k.p.i.AbstractProblemLoader Init config took 2.78s 
424718     INFO  main            d.u.i.k.p.i.AbstractProblemLoader Replaying proof methodCall1.key 
424720     DEBUG main            d.u.i.k.p.i.IntermediateProofReplayer Proof replay took 6.7ns 
424821     INFO  main            d.u.i.k.p.r.p.TestFile    ... finished proof: closed. 
425285     INFO  main            d.u.i.k.p.i.AbstractProblemLoader Loading environment from /home/runner/work/key/key/key.core/../key.ui/examples/standard_key/java_dl/methodCall1.key.proof 
425285     DEBUG main            d.u.i.k.p.i.AbstractProblemLoader Environment load took 72.1ns 
425286     INFO  main            d.u.i.k.p.i.AbstractProblemLoader Creating init config 
427956     DEBUG main            d.u.i.k.p.i.AbstractProblemLoader Init config took 2.67s 
427971     INFO  main            d.u.i.k.p.i.AbstractProblemLoader Replaying proof methodCall1.key.proof 
427988     DEBUG main            d.u.i.k.p.i.IntermediateProofReplayer Proof replay took 13.53ms 
427989     DEBUG main            d.u.i.k.p.r.p.TestFile    ... success: reloaded. 
427991     INFO  main            d.u.i.k.p.r.p.TestFile    Now processing file /home/runner/work/key/key/key.core/../key.ui/examples/standard_key/java_dl/methodCall1box.key 
427992     INFO  main            d.u.i.k.p.i.AbstractProblemLoader Loading environment from /home/runner/work/key/key/key.core/../key.ui/examples/standard_key/java_dl/methodCall1box.key 
427993     DEBUG main            d.u.i.k.p.i.AbstractProblemLoader Environment load took 832.3ns 
427994     INFO  main            d.u.i.k.p.i.AbstractProblemLoader Creating init config 
430780     DEBUG main            d.u.i.k.p.i.AbstractProblemLoader Init config took 2.79s 
430794     INFO  main            d.u.i.k.p.i.AbstractProblemLoader Replaying proof methodCall1box.key 
430796     DEBUG main            d.u.i.k.p.i.IntermediateProofReplayer Proof replay took 8ns 
430897     INFO  main            d.u.i.k.p.r.p.TestFile    ... finished proof: closed. 
431353     INFO  main            d.u.i.k.p.i.AbstractProblemLoader Loading environment from /home/runner/work/key/key/key.core/../key.ui/examples/standard_key/java_dl/methodCall1box.key.proof 
431353     DEBUG main            d.u.i.k.p.i.AbstractProblemLoader Environment load took 72.6ns 
431354     INFO  main            d.u.i.k.p.i.AbstractProblemLoader Creating init config 
434069     DEBUG main            d.u.i.k.p.i.AbstractProblemLoader Init config took 2.71s 
434084     INFO  main            d.u.i.k.p.i.AbstractProblemLoader Replaying proof methodCall1box.key.proof 
434098     DEBUG main            d.u.i.k.p.i.IntermediateProofReplayer Proof replay took 12.4ms 
434099     DEBUG main            d.u.i.k.p.r.p.TestFile    ... success: reloaded. 
434100     INFO  main            d.u.i.k.p.r.p.TestFile    Now processing file /home/runner/work/key/key/key.core/../key.ui/examples/standard_key/java_dl/methodCall3.key 
434100     INFO  main            d.u.i.k.p.i.AbstractProblemLoader Loading environment from /home/runner/work/key/key/key.core/../key.ui/examples/standard_key/java_dl/methodCall3.key 
434100     DEBUG main            d.u.i.k.p.i.AbstractProblemLoader Environment load took 111.3ns 
434101     INFO  main            d.u.i.k.p.i.AbstractProblemLoader Creating init config 
436836     DEBUG main            d.u.i.k.p.i.AbstractProblemLoader Init config took 2.73s 
436850     INFO  main            d.u.i.k.p.i.AbstractProblemLoader Replaying proof methodCall3.key 
436852     DEBUG main            d.u.i.k.p.i.IntermediateProofReplayer Proof replay took 6.8ns 
436953     INFO  main            d.u.i.k.p.r.p.TestFile    ... finished proof: closed. 
437417     INFO  main            d.u.i.k.p.i.AbstractProblemLoader Loading environment from /home/runner/work/key/key/key.core/../key.ui/examples/standard_key/java_dl/methodCall3.key.proof 
437417     DEBUG main            d.u.i.k.p.i.AbstractProblemLoader Environment load took 79.9ns 
437418     INFO  main            d.u.i.k.p.i.AbstractProblemLoader Creating init config 
440115     DEBUG main            d.u.i.k.p.i.AbstractProblemLoader Init config took 2.7s 
440128     INFO  main            d.u.i.k.p.i.AbstractProblemLoader Replaying proof methodCall3.key.proof 
440138     DEBUG main            d.u.i.k.p.i.IntermediateProofReplayer Proof replay took 8.27ms 
440139     DEBUG main            d.u.i.k.p.r.p.TestFile    ... success: reloaded. 
440140     INFO  main            d.u.i.k.p.r.p.TestFile    Now processing file /home/runner/work/key/key/key.core/../key.ui/examples/standard_key/java_dl/polishFlagSort.key 
440140     INFO  main            d.u.i.k.p.i.AbstractProblemLoader Loading environment from /home/runner/work/key/key/key.core/../key.ui/examples/standard_key/java_dl/polishFlagSort.key 
440140     DEBUG main            d.u.i.k.p.i.AbstractProblemLoader Environment load took 84.5ns 
440142     INFO  main            d.u.i.k.p.i.AbstractProblemLoader Creating init config 
443034     DEBUG main            d.u.i.k.p.i.AbstractProblemLoader Init config took 2.89s 
443050     INFO  main            d.u.i.k.p.i.AbstractProblemLoader Replaying proof polishFlagSort.key 
443052     DEBUG main            d.u.i.k.p.i.IntermediateProofReplayer Proof replay took 7.2ns 
445773     INFO  main            d.u.i.k.p.r.p.TestFile    ... finished proof: closed. 
446287     INFO  main            d.u.i.k.p.i.AbstractProblemLoader Loading environment from /home/runner/work/key/key/key.core/../key.ui/examples/standard_key/java_dl/polishFlagSort.key.proof 
446287     DEBUG main            d.u.i.k.p.i.AbstractProblemLoader Environment load took 105.5ns 
446289     INFO  main            d.u.i.k.p.i.AbstractProblemLoader Creating init config 
449184     DEBUG main            d.u.i.k.p.i.AbstractProblemLoader Init config took 2.9s 
449204     INFO  main            d.u.i.k.p.i.AbstractProblemLoader Replaying proof polishFlagSort.key.proof 
449556     DEBUG main            d.u.i.k.p.i.IntermediateProofReplayer Proof replay took 338.37ms 
449558     DEBUG main            d.u.i.k.p.r.p.TestFile    ... success: reloaded. 
449559     INFO  main            d.u.i.k.p.r.p.TestFile    Now processing file /home/runner/work/key/key/key.core/../key.ui/examples/standard_key/java_dl/postConditionTaclets1.key 
449559     INFO  main            d.u.i.k.p.i.AbstractProblemLoader Loading environment from /home/runner/work/key/key/key.core/../key.ui/examples/standard_key/java_dl/postConditionTaclets1.key 
449559     DEBUG main            d.u.i.k.p.i.AbstractProblemLoader Environment load took 206.3ns 
449560     INFO  main            d.u.i.k.p.i.AbstractProblemLoader Creating init config 
452291     DEBUG main            d.u.i.k.p.i.AbstractProblemLoader Init config took 2.73s 
452308     INFO  main            d.u.i.k.p.i.AbstractProblemLoader Replaying proof postConditionTaclets1.key 
452310     DEBUG main            d.u.i.k.p.i.IntermediateProofReplayer Proof replay took 7.2ns 
452416     INFO  main            d.u.i.k.p.r.p.TestFile    ... finished proof: closed. 
452953     INFO  main            d.u.i.k.p.i.AbstractProblemLoader Loading environment from /home/runner/work/key/key/key.core/../key.ui/examples/standard_key/java_dl/postConditionTaclets1.key.proof 
452954     DEBUG main            d.u.i.k.p.i.AbstractProblemLoader Environment load took 82.6ns 
452955     INFO  main            d.u.i.k.p.i.AbstractProblemLoader Creating init config 
455676     DEBUG main            d.u.i.k.p.i.AbstractProblemLoader Init config took 2.72s 
455692     INFO  main            d.u.i.k.p.i.AbstractProblemLoader Replaying proof postConditionTaclets1.key.proof 
455694     DEBUG main            d.u.i.k.p.i.IntermediateProofReplayer Proof replay took 344.6ns 
455694     DEBUG main            d.u.i.k.p.r.p.TestFile    ... success: reloaded. 
455695     INFO  main            d.u.i.k.p.r.p.TestFile    Now processing file /home/runner/work/key/key/key.core/../key.ui/examples/standard_key/java_dl/postConditionTaclets2.key 
455695     INFO  main            d.u.i.k.p.i.AbstractProblemLoader Loading environment from /home/runner/work/key/key/key.core/../key.ui/examples/standard_key/java_dl/postConditionTaclets2.key 
455695     DEBUG main            d.u.i.k.p.i.AbstractProblemLoader Environment load took 56.8ns 
455696     INFO  main            d.u.i.k.p.i.AbstractProblemLoader Creating init config 
458425     DEBUG main            d.u.i.k.p.i.AbstractProblemLoader Init config took 2.73s 
458439     INFO  main            d.u.i.k.p.i.AbstractProblemLoader Replaying proof postConditionTaclets2.key 
458440     DEBUG main            d.u.i.k.p.i.IntermediateProofReplayer Proof replay took 6.3ns 
458542     INFO  main            d.u.i.k.p.r.p.TestFile    ... finished proof: closed. 
459025     INFO  main            d.u.i.k.p.i.AbstractProblemLoader Loading environment from /home/runner/work/key/key/key.core/../key.ui/examples/standard_key/java_dl/postConditionTaclets2.key.proof 
459025     DEBUG main            d.u.i.k.p.i.AbstractProblemLoader Environment load took 87ns 
459026     INFO  main            d.u.i.k.p.i.AbstractProblemLoader Creating init config 
461723     DEBUG main            d.u.i.k.p.i.AbstractProblemLoader Init config took 2.7s 
461738     INFO  main            d.u.i.k.p.i.AbstractProblemLoader Replaying proof postConditionTaclets2.key.proof 
461740     DEBUG main            d.u.i.k.p.i.IntermediateProofReplayer Proof replay took 701.5ns 
461741     DEBUG main            d.u.i.k.p.r.p.TestFile    ... success: reloaded. 
461742     INFO  main            d.u.i.k.p.r.p.TestFile    Now processing file /home/runner/work/key/key/key.core/../key.ui/examples/standard_key/java_dl/quantifiedQuery.key 
461742     INFO  main            d.u.i.k.p.i.AbstractProblemLoader Loading environment from /home/runner/work/key/key/key.core/../key.ui/examples/standard_key/java_dl/quantifiedQuery.key 
461742     DEBUG main            d.u.i.k.p.i.AbstractProblemLoader Environment load took 132.6ns 
461744     INFO  main            d.u.i.k.p.i.AbstractProblemLoader Creating init config 
464535     DEBUG main            d.u.i.k.p.i.AbstractProblemLoader Init config took 2.79s 
464551     INFO  main            d.u.i.k.p.i.AbstractProblemLoader Replaying proof quantifiedQuery.key 
464552     DEBUG main            d.u.i.k.p.i.IntermediateProofReplayer Proof replay took 6.1ns 
464655     INFO  main            d.u.i.k.p.r.p.TestFile    ... finished proof: closed. 
465170     INFO  main            d.u.i.k.p.i.AbstractProblemLoader Loading environment from /home/runner/work/key/key/key.core/../key.ui/examples/standard_key/java_dl/quantifiedQuery.key.proof 
465171     DEBUG main            d.u.i.k.p.i.AbstractProblemLoader Environment load took 98.7ns 
465172     INFO  main            d.u.i.k.p.i.AbstractProblemLoader Creating init config 
467874     DEBUG main            d.u.i.k.p.i.AbstractProblemLoader Init config took 2.7s 
467888     INFO  main            d.u.i.k.p.i.AbstractProblemLoader Replaying proof quantifiedQuery.key.proof 
467901     DEBUG main            d.u.i.k.p.i.IntermediateProofReplayer Proof replay took 9.8ms 
467902     DEBUG main            d.u.i.k.p.r.p.TestFile    ... success: reloaded. 
467903     INFO  main            d.u.i.k.p.r.p.TestFile    Now processing file /home/runner/work/key/key/key.core/../key.ui/examples/standard_key/java_dl/recursion/triangular.key 
467903     INFO  main            d.u.i.k.p.i.AbstractProblemLoader Loading environment from /home/runner/work/key/key/key.core/../key.ui/examples/standard_key/java_dl/recursion/triangular.key 
467903     DEBUG main            d.u.i.k.p.i.AbstractProblemLoader Environment load took 164.1ns 
467904     INFO  main            d.u.i.k.p.i.AbstractProblemLoader Creating init config 
470688     DEBUG main            d.u.i.k.p.i.AbstractProblemLoader Init config took 2.78s 
470729     INFO  main            d.u.i.k.p.i.AbstractProblemLoader Replaying proof Triangular[Triangular::tria(int)].JML normal_behavior operation contract.0 
470731     DEBUG main            d.u.i.k.p.i.IntermediateProofReplayer Proof replay took 8.3ns 
470933     INFO  main            d.u.i.k.p.r.p.TestFile    ... finished proof: closed. 
471454     INFO  main            d.u.i.k.p.i.AbstractProblemLoader Loading environment from /home/runner/work/key/key/key.core/../key.ui/examples/standard_key/java_dl/recursion/triangular.key.proof 
471454     DEBUG main            d.u.i.k.p.i.AbstractProblemLoader Environment load took 81.9ns 
471455     INFO  main            d.u.i.k.p.i.AbstractProblemLoader Creating init config 
474238     DEBUG main            d.u.i.k.p.i.AbstractProblemLoader Init config took 2.78s 
474277     INFO  main            d.u.i.k.p.i.AbstractProblemLoader Replaying proof Triangular[Triangular::tria(int)].JML normal_behavior operation contract.0 
474309     DEBUG main            d.u.i.k.p.i.IntermediateProofReplayer Proof replay took 30.75ms 
474310     DEBUG main            d.u.i.k.p.r.p.TestFile    ... success: reloaded. 
474311     INFO  main            d.u.i.k.p.r.p.TestFile    Now processing file /home/runner/work/key/key/key.core/../key.ui/examples/standard_key/java_dl/reverseArray.key 
474311     INFO  main            d.u.i.k.p.i.AbstractProblemLoader Loading environment from /home/runner/work/key/key/key.core/../key.ui/examples/standard_key/java_dl/reverseArray.key 
474311     DEBUG main            d.u.i.k.p.i.AbstractProblemLoader Environment load took 102.4ns 
474313     INFO  main            d.u.i.k.p.i.AbstractProblemLoader Creating init config 
474343     WARN  main            d.u.i.k.j.r.KeYCrossReferenceNameInfo Datatype java.io.PrintStream declared twice: Once in FILE:/home/runner/work/key/key/key.core/../key.ui/examples/standard_key/java_dl/./classpath/PrintStream.java and once in URL:file:/home/runner/work/key/key/key.core/build/resources/main/de/uka/ilkd/key/java/JavaRedux/java/io/PrintStream.java, Keeping one from URL:file:/home/runner/work/key/key/key.core/build/resources/main/de/uka/ilkd/key/java/JavaRedux/java/io/PrintStream.java 
474343     WARN  main            d.u.i.k.j.r.KeYCrossReferenceNameInfo Datatype java.lang.System declared twice: Once in FILE:/home/runner/work/key/key/key.core/../key.ui/examples/standard_key/java_dl/./classpath/System.java and once in URL:file:/home/runner/work/key/key/key.core/build/resources/main/de/uka/ilkd/key/java/JavaRedux/java/lang/System.java, Keeping one from URL:file:/home/runner/work/key/key/key.core/build/resources/main/de/uka/ilkd/key/java/JavaRedux/java/lang/System.java 
474343     WARN  main            d.u.i.k.j.r.KeYCrossReferenceNameInfo Datatype java.io.InputStream declared twice: Once in FILE:/home/runner/work/key/key/key.core/../key.ui/examples/standard_key/java_dl/./classpath/InputStream.java and once in URL:file:/home/runner/work/key/key/key.core/build/resources/main/de/uka/ilkd/key/java/JavaRedux/java/io/InputStream.java, Keeping one from URL:file:/home/runner/work/key/key/key.core/build/resources/main/de/uka/ilkd/key/java/JavaRedux/java/io/InputStream.java 
474347     DEBUG main            d.u.i.k.j.r.ClassFileDeclarationBuilder Parsing: package java.io; public class Closeable { } 
474347     DEBUG main            r.s.KeYCrossReferenceSourceInfo Dynamically created class: java.io.Closeable 
477236     DEBUG main            d.u.i.k.p.i.AbstractProblemLoader Init config took 2.92s 
477251     INFO  main            d.u.i.k.p.i.AbstractProblemLoader Replaying proof reverseArray.key 
477253     DEBUG main            d.u.i.k.p.i.IntermediateProofReplayer Proof replay took 7.1ns 
482599     INFO  main            d.u.i.k.p.r.p.TestFile    ... finished proof: closed. 
483175     INFO  main            d.u.i.k.p.i.AbstractProblemLoader Loading environment from /home/runner/work/key/key/key.core/../key.ui/examples/standard_key/java_dl/reverseArray.key.proof 
483175     DEBUG main            d.u.i.k.p.i.AbstractProblemLoader Environment load took 176ns 
483177     INFO  main            d.u.i.k.p.i.AbstractProblemLoader Creating init config 
483206     WARN  main            d.u.i.k.j.r.KeYCrossReferenceNameInfo Datatype java.io.PrintStream declared twice: Once in FILE:/home/runner/work/key/key/key.core/../key.ui/examples/standard_key/java_dl/classpath/PrintStream.java and once in URL:file:/home/runner/work/key/key/key.core/build/resources/main/de/uka/ilkd/key/java/JavaRedux/java/io/PrintStream.java, Keeping one from URL:file:/home/runner/work/key/key/key.core/build/resources/main/de/uka/ilkd/key/java/JavaRedux/java/io/PrintStream.java 
483206     WARN  main            d.u.i.k.j.r.KeYCrossReferenceNameInfo Datatype java.lang.System declared twice: Once in FILE:/home/runner/work/key/key/key.core/../key.ui/examples/standard_key/java_dl/classpath/System.java and once in URL:file:/home/runner/work/key/key/key.core/build/resources/main/de/uka/ilkd/key/java/JavaRedux/java/lang/System.java, Keeping one from URL:file:/home/runner/work/key/key/key.core/build/resources/main/de/uka/ilkd/key/java/JavaRedux/java/lang/System.java 
483206     WARN  main            d.u.i.k.j.r.KeYCrossReferenceNameInfo Datatype java.io.InputStream declared twice: Once in FILE:/home/runner/work/key/key/key.core/../key.ui/examples/standard_key/java_dl/classpath/InputStream.java and once in URL:file:/home/runner/work/key/key/key.core/build/resources/main/de/uka/ilkd/key/java/JavaRedux/java/io/InputStream.java, Keeping one from URL:file:/home/runner/work/key/key/key.core/build/resources/main/de/uka/ilkd/key/java/JavaRedux/java/io/InputStream.java 
483209     DEBUG main            d.u.i.k.j.r.ClassFileDeclarationBuilder Parsing: package java.io; public class Closeable { } 
483209     DEBUG main            r.s.KeYCrossReferenceSourceInfo Dynamically created class: java.io.Closeable 
486141     DEBUG main            d.u.i.k.p.i.AbstractProblemLoader Init config took 2.96s 
486158     INFO  main            d.u.i.k.p.i.AbstractProblemLoader Replaying proof reverseArray.key.proof 
486739     DEBUG main            d.u.i.k.p.i.IntermediateProofReplayer Proof replay took 566.33ms 
486741     DEBUG main            d.u.i.k.p.r.p.TestFile    ... success: reloaded. 
486742     INFO  main            d.u.i.k.p.r.p.TestFile    Now processing file /home/runner/work/key/key/key.core/../key.ui/examples/standard_key/java_dl/reverseArray2.key 
486742     INFO  main            d.u.i.k.p.i.AbstractProblemLoader Loading environment from /home/runner/work/key/key/key.core/../key.ui/examples/standard_key/java_dl/reverseArray2.key 
486743     DEBUG main            d.u.i.k.p.i.AbstractProblemLoader Environment load took 173ns 
486745     INFO  main            d.u.i.k.p.i.AbstractProblemLoader Creating init config 
486770     WARN  main            d.u.i.k.j.r.KeYCrossReferenceNameInfo Datatype java.io.PrintStream declared twice: Once in FILE:/home/runner/work/key/key/key.core/../key.ui/examples/standard_key/java_dl/classpath/PrintStream.java and once in URL:file:/home/runner/work/key/key/key.core/build/resources/main/de/uka/ilkd/key/java/JavaRedux/java/io/PrintStream.java, Keeping one from URL:file:/home/runner/work/key/key/key.core/build/resources/main/de/uka/ilkd/key/java/JavaRedux/java/io/PrintStream.java 
486770     WARN  main            d.u.i.k.j.r.KeYCrossReferenceNameInfo Datatype java.lang.System declared twice: Once in FILE:/home/runner/work/key/key/key.core/../key.ui/examples/standard_key/java_dl/classpath/System.java and once in URL:file:/home/runner/work/key/key/key.core/build/resources/main/de/uka/ilkd/key/java/JavaRedux/java/lang/System.java, Keeping one from URL:file:/home/runner/work/key/key/key.core/build/resources/main/de/uka/ilkd/key/java/JavaRedux/java/lang/System.java 
486770     WARN  main            d.u.i.k.j.r.KeYCrossReferenceNameInfo Datatype java.io.InputStream declared twice: Once in FILE:/home/runner/work/key/key/key.core/../key.ui/examples/standard_key/java_dl/classpath/InputStream.java and once in URL:file:/home/runner/work/key/key/key.core/build/resources/main/de/uka/ilkd/key/java/JavaRedux/java/io/InputStream.java, Keeping one from URL:file:/home/runner/work/key/key/key.core/build/resources/main/de/uka/ilkd/key/java/JavaRedux/java/io/InputStream.java 
486773     DEBUG main            d.u.i.k.j.r.ClassFileDeclarationBuilder Parsing: package java.io; public class Closeable { } 
486773     DEBUG main            r.s.KeYCrossReferenceSourceInfo Dynamically created class: java.io.Closeable 
489687     DEBUG main            d.u.i.k.p.i.AbstractProblemLoader Init config took 2.94s 
489703     INFO  main            d.u.i.k.p.i.AbstractProblemLoader Replaying proof reverseArray2.key 
489705     DEBUG main            d.u.i.k.p.i.IntermediateProofReplayer Proof replay took 37.8ns 
491212     INFO  main            d.u.i.k.p.r.p.TestFile    ... finished proof: closed. 
491872     INFO  main            d.u.i.k.p.i.AbstractProblemLoader Loading environment from /home/runner/work/key/key/key.core/../key.ui/examples/standard_key/java_dl/reverseArray2.key.proof 
491872     DEBUG main            d.u.i.k.p.i.AbstractProblemLoader Environment load took 75.6ns 
491873     INFO  main            d.u.i.k.p.i.AbstractProblemLoader Creating init config 
491897     WARN  main            d.u.i.k.j.r.KeYCrossReferenceNameInfo Datatype java.io.PrintStream declared twice: Once in FILE:/home/runner/work/key/key/key.core/../key.ui/examples/standard_key/java_dl/classpath/PrintStream.java and once in URL:file:/home/runner/work/key/key/key.core/build/resources/main/de/uka/ilkd/key/java/JavaRedux/java/io/PrintStream.java, Keeping one from URL:file:/home/runner/work/key/key/key.core/build/resources/main/de/uka/ilkd/key/java/JavaRedux/java/io/PrintStream.java 
491898     WARN  main            d.u.i.k.j.r.KeYCrossReferenceNameInfo Datatype java.lang.System declared twice: Once in FILE:/home/runner/work/key/key/key.core/../key.ui/examples/standard_key/java_dl/classpath/System.java and once in URL:file:/home/runner/work/key/key/key.core/build/resources/main/de/uka/ilkd/key/java/JavaRedux/java/lang/System.java, Keeping one from URL:file:/home/runner/work/key/key/key.core/build/resources/main/de/uka/ilkd/key/java/JavaRedux/java/lang/System.java 
491898     WARN  main            d.u.i.k.j.r.KeYCrossReferenceNameInfo Datatype java.io.InputStream declared twice: Once in FILE:/home/runner/work/key/key/key.core/../key.ui/examples/standard_key/java_dl/classpath/InputStream.java and once in URL:file:/home/runner/work/key/key/key.core/build/resources/main/de/uka/ilkd/key/java/JavaRedux/java/io/InputStream.java, Keeping one from URL:file:/home/runner/work/key/key/key.core/build/resources/main/de/uka/ilkd/key/java/JavaRedux/java/io/InputStream.java 
491901     DEBUG main            d.u.i.k.j.r.ClassFileDeclarationBuilder Parsing: package java.io; public class Closeable { } 
491901     DEBUG main            r.s.KeYCrossReferenceSourceInfo Dynamically created class: java.io.Closeable 
494634     DEBUG main            d.u.i.k.p.i.AbstractProblemLoader Init config took 2.76s 
494651     INFO  main            d.u.i.k.p.i.AbstractProblemLoader Replaying proof reverseArray2.key.proof 
494845     DEBUG main            d.u.i.k.p.i.IntermediateProofReplayer Proof replay took 189.4ms 
494846     DEBUG main            d.u.i.k.p.r.p.TestFile    ... success: reloaded. 
494848     INFO  main            d.u.i.k.p.r.p.TestFile    Now processing file /home/runner/work/key/key/key.core/../key.ui/examples/standard_key/java_dl/simpleAssignment.key 
494848     INFO  main            d.u.i.k.p.i.AbstractProblemLoader Loading environment from /home/runner/work/key/key/key.core/../key.ui/examples/standard_key/java_dl/simpleAssignment.key 
494848     DEBUG main            d.u.i.k.p.i.AbstractProblemLoader Environment load took 112.2ns 
494850     INFO  main            d.u.i.k.p.i.AbstractProblemLoader Creating init config 
497573     DEBUG main            d.u.i.k.p.i.AbstractProblemLoader Init config took 2.72s 
497586     INFO  main            d.u.i.k.p.i.AbstractProblemLoader Replaying proof simpleAssignment.key 
497588     DEBUG main            d.u.i.k.p.i.IntermediateProofReplayer Proof replay took 3.2ns 
497689     INFO  main            d.u.i.k.p.r.p.TestFile    ... finished proof: closed. 
498263     INFO  main            d.u.i.k.p.i.AbstractProblemLoader Loading environment from /home/runner/work/key/key/key.core/../key.ui/examples/standard_key/java_dl/simpleAssignment.key.proof 
498263     DEBUG main            d.u.i.k.p.i.AbstractProblemLoader Environment load took 92.1ns 
498264     INFO  main            d.u.i.k.p.i.AbstractProblemLoader Creating init config 
500896     DEBUG main            d.u.i.k.p.i.AbstractProblemLoader Init config took 2.63s 
500911     INFO  main            d.u.i.k.p.i.AbstractProblemLoader Replaying proof simpleAssignment.key.proof 
500913     DEBUG main            d.u.i.k.p.i.IntermediateProofReplayer Proof replay took 600.8ns 
500913     DEBUG main            d.u.i.k.p.r.p.TestFile    ... success: reloaded. 
500914     INFO  main            d.u.i.k.p.r.p.TestFile    Now processing file /home/runner/work/key/key/key.core/../key.ui/examples/standard_key/java_dl/simpleAssignment2.key 
500914     INFO  main            d.u.i.k.p.i.AbstractProblemLoader Loading environment from /home/runner/work/key/key/key.core/../key.ui/examples/standard_key/java_dl/simpleAssignment2.key 
500914     DEBUG main            d.u.i.k.p.i.AbstractProblemLoader Environment load took 51.6ns 
500915     INFO  main            d.u.i.k.p.i.AbstractProblemLoader Creating init config 
503659     DEBUG main            d.u.i.k.p.i.AbstractProblemLoader Init config took 2.74s 
503673     INFO  main            d.u.i.k.p.i.AbstractProblemLoader Replaying proof simpleAssignment2.key 
503674     DEBUG main            d.u.i.k.p.i.IntermediateProofReplayer Proof replay took 3.3ns 
503777     INFO  main            d.u.i.k.p.r.p.TestFile    ... finished proof: closed. 
504298     INFO  main            d.u.i.k.p.i.AbstractProblemLoader Loading environment from /home/runner/work/key/key/key.core/../key.ui/examples/standard_key/java_dl/simpleAssignment2.key.proof 
504298     DEBUG main            d.u.i.k.p.i.AbstractProblemLoader Environment load took 84.1ns 
504299     INFO  main            d.u.i.k.p.i.AbstractProblemLoader Creating init config 
506930     DEBUG main            d.u.i.k.p.i.AbstractProblemLoader Init config took 2.63s 
506951     INFO  main            d.u.i.k.p.i.AbstractProblemLoader Replaying proof simpleAssignment2.key.proof 
506953     DEBUG main            d.u.i.k.p.i.IntermediateProofReplayer Proof replay took 450.4ns 
506954     DEBUG main            d.u.i.k.p.r.p.TestFile    ... success: reloaded. 
506954     INFO  main            d.u.i.k.p.r.p.TestFile    Now processing file /home/runner/work/key/key/key.core/../key.ui/examples/standard_key/java_dl/splittingWithQueries.key 
506955     INFO  main            d.u.i.k.p.i.AbstractProblemLoader Loading environment from /home/runner/work/key/key/key.core/../key.ui/examples/standard_key/java_dl/splittingWithQueries.key 
506955     DEBUG main            d.u.i.k.p.i.AbstractProblemLoader Environment load took 57.7ns 
506956     INFO  main            d.u.i.k.p.i.AbstractProblemLoader Creating init config 
509734     DEBUG main            d.u.i.k.p.i.AbstractProblemLoader Init config took 2.78s 
509748     INFO  main            d.u.i.k.p.i.AbstractProblemLoader Replaying proof splittingWithQueries.key 
509750     DEBUG main            d.u.i.k.p.i.IntermediateProofReplayer Proof replay took 3.2ns 
509852     INFO  main            d.u.i.k.p.r.p.TestFile    ... finished proof: closed. 
510429     INFO  main            d.u.i.k.p.i.AbstractProblemLoader Loading environment from /home/runner/work/key/key/key.core/../key.ui/examples/standard_key/java_dl/splittingWithQueries.key.proof 
510429     DEBUG main            d.u.i.k.p.i.AbstractProblemLoader Environment load took 87ns 
510430     INFO  main            d.u.i.k.p.i.AbstractProblemLoader Creating init config 
513175     DEBUG main            d.u.i.k.p.i.AbstractProblemLoader Init config took 2.74s 
513193     INFO  main            d.u.i.k.p.i.AbstractProblemLoader Replaying proof splittingWithQueries.key.proof 
513196     DEBUG main            d.u.i.k.p.i.IntermediateProofReplayer Proof replay took 1.64ms 
513197     DEBUG main            d.u.i.k.p.r.p.TestFile    ... success: reloaded. 
513198     INFO  main            d.u.i.k.p.r.p.TestFile    Now processing file /home/runner/work/key/key/key.core/../key.ui/examples/standard_key/java_dl/strassen/strassen.key 
513198     INFO  main            d.u.i.k.p.i.AbstractProblemLoader Loading environment from /home/runner/work/key/key/key.core/../key.ui/examples/standard_key/java_dl/strassen/strassen.key 
513198     DEBUG main            d.u.i.k.p.i.AbstractProblemLoader Environment load took 81.1ns 
513199     INFO  main            d.u.i.k.p.i.AbstractProblemLoader Creating init config 
516042     DEBUG main            d.u.i.k.p.i.AbstractProblemLoader Init config took 2.84s 
516080     INFO  main            d.u.i.k.p.i.AbstractProblemLoader Replaying proof Matrix22[Matrix22::strassen(Matrix22,Matrix22)].JML normal_behavior operation contract.0 
516081     DEBUG main            d.u.i.k.p.i.IntermediateProofReplayer Proof replay took 3.1ns 
521436     INFO  main            d.u.i.k.p.r.p.TestFile    ... finished proof: closed. 
522152     INFO  main            d.u.i.k.p.i.AbstractProblemLoader Loading environment from /home/runner/work/key/key/key.core/../key.ui/examples/standard_key/java_dl/strassen/strassen.key.proof 
522152     DEBUG main            d.u.i.k.p.i.AbstractProblemLoader Environment load took 368ns 
522154     INFO  main            d.u.i.k.p.i.AbstractProblemLoader Creating init config 
524937     DEBUG main            d.u.i.k.p.i.AbstractProblemLoader Init config took 2.78s 
524974     INFO  main            d.u.i.k.p.i.AbstractProblemLoader Replaying proof Matrix22[Matrix22::strassen(Matrix22,Matrix22)].JML normal_behavior operation contract.0 
525462     DEBUG main            d.u.i.k.p.i.IntermediateProofReplayer Proof replay took 478.54ms 
525463     DEBUG main            d.u.i.k.p.r.p.TestFile    ... success: reloaded. 
525464     INFO  main            d.u.i.k.p.r.p.TestFile    Now processing file /home/runner/work/key/key/key.core/../key.ui/examples/standard_key/java_dl/symmArray.key 
525464     INFO  main            d.u.i.k.p.i.AbstractProblemLoader Loading environment from /home/runner/work/key/key/key.core/../key.ui/examples/standard_key/java_dl/symmArray.key 
525465     DEBUG main            d.u.i.k.p.i.AbstractProblemLoader Environment load took 94.6ns 
525468     INFO  main            d.u.i.k.p.i.AbstractProblemLoader Creating init config 
528336     DEBUG main            d.u.i.k.p.i.AbstractProblemLoader Init config took 2.87s 
528352     INFO  main            d.u.i.k.p.i.AbstractProblemLoader Replaying proof symmArray.key 
528354     DEBUG main            d.u.i.k.p.i.IntermediateProofReplayer Proof replay took 3.4ns 
617376     INFO  main            d.u.i.k.p.r.p.TestFile    ... finished proof: closed. 
618071     INFO  main            d.u.i.k.p.i.AbstractProblemLoader Loading environment from /home/runner/work/key/key/key.core/../key.ui/examples/standard_key/java_dl/symmArray.key.proof 
618071     DEBUG main            d.u.i.k.p.i.AbstractProblemLoader Environment load took 369.7ns 
618077     INFO  main            d.u.i.k.p.i.AbstractProblemLoader Creating init config 
620874     DEBUG main            d.u.i.k.p.i.AbstractProblemLoader Init config took 2.8s 
620890     INFO  main            d.u.i.k.p.i.AbstractProblemLoader Replaying proof symmArray.key.proof 
622007     DEBUG main            d.u.i.k.p.i.IntermediateProofReplayer Proof replay took 1.06s 
622012     DEBUG main            d.u.i.k.p.r.p.TestFile    ... success: reloaded. 
622013     INFO  main            d.u.i.k.p.r.p.TestFile    Now processing file /home/runner/work/key/key/key.core/../key.ui/examples/standard_key/java_dl/testcontext.key 
622013     INFO  main            d.u.i.k.p.i.AbstractProblemLoader Loading environment from /home/runner/work/key/key/key.core/../key.ui/examples/standard_key/java_dl/testcontext.key 
622013     DEBUG main            d.u.i.k.p.i.AbstractProblemLoader Environment load took 210.4ns 
622015     INFO  main            d.u.i.k.p.i.AbstractProblemLoader Creating init config 
622040     WARN  main            d.u.i.k.j.r.KeYCrossReferenceNameInfo Datatype java.io.PrintStream declared twice: Once in FILE:/home/runner/work/key/key/key.core/../key.ui/examples/standard_key/java_dl/classpath/PrintStream.java and once in URL:file:/home/runner/work/key/key/key.core/build/resources/main/de/uka/ilkd/key/java/JavaRedux/java/io/PrintStream.java, Keeping one from URL:file:/home/runner/work/key/key/key.core/build/resources/main/de/uka/ilkd/key/java/JavaRedux/java/io/PrintStream.java 
622040     WARN  main            d.u.i.k.j.r.KeYCrossReferenceNameInfo Datatype java.lang.System declared twice: Once in FILE:/home/runner/work/key/key/key.core/../key.ui/examples/standard_key/java_dl/classpath/System.java and once in URL:file:/home/runner/work/key/key/key.core/build/resources/main/de/uka/ilkd/key/java/JavaRedux/java/lang/System.java, Keeping one from URL:file:/home/runner/work/key/key/key.core/build/resources/main/de/uka/ilkd/key/java/JavaRedux/java/lang/System.java 
622040     WARN  main            d.u.i.k.j.r.KeYCrossReferenceNameInfo Datatype java.io.InputStream declared twice: Once in FILE:/home/runner/work/key/key/key.core/../key.ui/examples/standard_key/java_dl/classpath/InputStream.java and once in URL:file:/home/runner/work/key/key/key.core/build/resources/main/de/uka/ilkd/key/java/JavaRedux/java/io/InputStream.java, Keeping one from URL:file:/home/runner/work/key/key/key.core/build/resources/main/de/uka/ilkd/key/java/JavaRedux/java/io/InputStream.java 
622044     DEBUG main            d.u.i.k.j.r.ClassFileDeclarationBuilder Parsing: package java.io; public class Closeable { } 
622044     DEBUG main            r.s.KeYCrossReferenceSourceInfo Dynamically created class: java.io.Closeable 
624967     DEBUG main            d.u.i.k.p.i.AbstractProblemLoader Init config took 2.95s 
624988     INFO  main            d.u.i.k.p.i.AbstractProblemLoader Replaying proof testcontext.key 
624990     DEBUG main            d.u.i.k.p.i.IntermediateProofReplayer Proof replay took 2.9ns 
625293     INFO  main            d.u.i.k.p.r.p.TestFile    ... finished proof: closed. 
626036     INFO  main            d.u.i.k.p.i.AbstractProblemLoader Loading environment from /home/runner/work/key/key/key.core/../key.ui/examples/standard_key/java_dl/testcontext.key.proof 
626036     DEBUG main            d.u.i.k.p.i.AbstractProblemLoader Environment load took 81.3ns 
626038     INFO  main            d.u.i.k.p.i.AbstractProblemLoader Creating init config 
626068     WARN  main            d.u.i.k.j.r.KeYCrossReferenceNameInfo Datatype java.io.PrintStream declared twice: Once in FILE:/home/runner/work/key/key/key.core/../key.ui/examples/standard_key/java_dl/classpath/PrintStream.java and once in URL:file:/home/runner/work/key/key/key.core/build/resources/main/de/uka/ilkd/key/java/JavaRedux/java/io/PrintStream.java, Keeping one from URL:file:/home/runner/work/key/key/key.core/build/resources/main/de/uka/ilkd/key/java/JavaRedux/java/io/PrintStream.java 
626069     WARN  main            d.u.i.k.j.r.KeYCrossReferenceNameInfo Datatype java.lang.System declared twice: Once in FILE:/home/runner/work/key/key/key.core/../key.ui/examples/standard_key/java_dl/classpath/System.java and once in URL:file:/home/runner/work/key/key/key.core/build/resources/main/de/uka/ilkd/key/java/JavaRedux/java/lang/System.java, Keeping one from URL:file:/home/runner/work/key/key/key.core/build/resources/main/de/uka/ilkd/key/java/JavaRedux/java/lang/System.java 
626069     WARN  main            d.u.i.k.j.r.KeYCrossReferenceNameInfo Datatype java.io.InputStream declared twice: Once in FILE:/home/runner/work/key/key/key.core/../key.ui/examples/standard_key/java_dl/classpath/InputStream.java and once in URL:file:/home/runner/work/key/key/key.core/build/resources/main/de/uka/ilkd/key/java/JavaRedux/java/io/InputStream.java, Keeping one from URL:file:/home/runner/work/key/key/key.core/build/resources/main/de/uka/ilkd/key/java/JavaRedux/java/io/InputStream.java 
626073     DEBUG main            d.u.i.k.j.r.ClassFileDeclarationBuilder Parsing: package java.io; public class Closeable { } 
626073     DEBUG main            r.s.KeYCrossReferenceSourceInfo Dynamically created class: java.io.Closeable 
628970     DEBUG main            d.u.i.k.p.i.AbstractProblemLoader Init config took 2.93s 
628989     INFO  main            d.u.i.k.p.i.AbstractProblemLoader Replaying proof testcontext.key.proof 
629060     DEBUG main            d.u.i.k.p.i.IntermediateProofReplayer Proof replay took 67.72ms 
629061     DEBUG main            d.u.i.k.p.r.p.TestFile    ... success: reloaded. 
629062     INFO  main            d.u.i.k.p.r.p.TestFile    Now processing file /home/runner/work/key/key/key.core/../key.ui/examples/standard_key/staticInitialisation/cascadeStaticInitialisation.key 
629062     INFO  main            d.u.i.k.p.i.AbstractProblemLoader Loading environment from /home/runner/work/key/key/key.core/../key.ui/examples/standard_key/staticInitialisation/cascadeStaticInitialisation.key 
629062     DEBUG main            d.u.i.k.p.i.AbstractProblemLoader Environment load took 96.8ns 
629065     INFO  main            d.u.i.k.p.i.AbstractProblemLoader Creating init config 
629089     WARN  main            d.u.i.k.j.r.KeYCrossReferenceNameInfo Datatype java.io.PrintStream declared twice: Once in FILE:/home/runner/work/key/key/key.core/../key.ui/examples/standard_key/staticInitialisation/classpath/PrintStream.java and once in URL:file:/home/runner/work/key/key/key.core/build/resources/main/de/uka/ilkd/key/java/JavaRedux/java/io/PrintStream.java, Keeping one from URL:file:/home/runner/work/key/key/key.core/build/resources/main/de/uka/ilkd/key/java/JavaRedux/java/io/PrintStream.java 
629089     WARN  main            d.u.i.k.j.r.KeYCrossReferenceNameInfo Datatype java.lang.System declared twice: Once in FILE:/home/runner/work/key/key/key.core/../key.ui/examples/standard_key/staticInitialisation/classpath/System.java and once in URL:file:/home/runner/work/key/key/key.core/build/resources/main/de/uka/ilkd/key/java/JavaRedux/java/lang/System.java, Keeping one from URL:file:/home/runner/work/key/key/key.core/build/resources/main/de/uka/ilkd/key/java/JavaRedux/java/lang/System.java 
632080     DEBUG main            d.u.i.k.p.i.AbstractProblemLoader Init config took 3.02s 
632097     INFO  main            d.u.i.k.p.i.AbstractProblemLoader Replaying proof cascadeStaticInitialisation.key 
632098     DEBUG main            d.u.i.k.p.i.IntermediateProofReplayer Proof replay took 3.7ns 
632903     INFO  main            d.u.i.k.p.r.p.TestFile    ... finished proof: closed. 
633548     INFO  main            d.u.i.k.p.i.AbstractProblemLoader Loading environment from /home/runner/work/key/key/key.core/../key.ui/examples/standard_key/staticInitialisation/cascadeStaticInitialisation.key.proof 
633548     DEBUG main            d.u.i.k.p.i.AbstractProblemLoader Environment load took 85.5ns 
633551     INFO  main            d.u.i.k.p.i.AbstractProblemLoader Creating init config 
633580     WARN  main            d.u.i.k.j.r.KeYCrossReferenceNameInfo Datatype java.io.PrintStream declared twice: Once in FILE:/home/runner/work/key/key/key.core/../key.ui/examples/standard_key/staticInitialisation/classpath/PrintStream.java and once in URL:file:/home/runner/work/key/key/key.core/build/resources/main/de/uka/ilkd/key/java/JavaRedux/java/io/PrintStream.java, Keeping one from URL:file:/home/runner/work/key/key/key.core/build/resources/main/de/uka/ilkd/key/java/JavaRedux/java/io/PrintStream.java 
633580     WARN  main            d.u.i.k.j.r.KeYCrossReferenceNameInfo Datatype java.lang.System declared twice: Once in FILE:/home/runner/work/key/key/key.core/../key.ui/examples/standard_key/staticInitialisation/classpath/System.java and once in URL:file:/home/runner/work/key/key/key.core/build/resources/main/de/uka/ilkd/key/java/JavaRedux/java/lang/System.java, Keeping one from URL:file:/home/runner/work/key/key/key.core/build/resources/main/de/uka/ilkd/key/java/JavaRedux/java/lang/System.java 
636428     DEBUG main            d.u.i.k.p.i.AbstractProblemLoader Init config took 2.88s 
636445     INFO  main            d.u.i.k.p.i.AbstractProblemLoader Replaying proof cascadeStaticInitialisation.key.proof 
636576     DEBUG main            d.u.i.k.p.i.IntermediateProofReplayer Proof replay took 128.91ms 
636578     DEBUG main            d.u.i.k.p.r.p.TestFile    ... success: reloaded. 
636579     INFO  main            d.u.i.k.p.r.p.TestFile    Now processing file /home/runner/work/key/key/key.core/../key.ui/examples/standard_key/staticInitialisation/erroneousClassImpliesErroneousSubclass.key 
636579     INFO  main            d.u.i.k.p.i.AbstractProblemLoader Loading environment from /home/runner/work/key/key/key.core/../key.ui/examples/standard_key/staticInitialisation/erroneousClassImpliesErroneousSubclass.key 
636579     DEBUG main            d.u.i.k.p.i.AbstractProblemLoader Environment load took 185.1ns 
636581     INFO  main            d.u.i.k.p.i.AbstractProblemLoader Creating init config 
636618     WARN  main            d.u.i.k.j.r.KeYCrossReferenceNameInfo Datatype java.io.PrintStream declared twice: Once in FILE:/home/runner/work/key/key/key.core/../key.ui/examples/standard_key/staticInitialisation/classpath/PrintStream.java and once in URL:file:/home/runner/work/key/key/key.core/build/resources/main/de/uka/ilkd/key/java/JavaRedux/java/io/PrintStream.java, Keeping one from URL:file:/home/runner/work/key/key/key.core/build/resources/main/de/uka/ilkd/key/java/JavaRedux/java/io/PrintStream.java 
636618     WARN  main            d.u.i.k.j.r.KeYCrossReferenceNameInfo Datatype java.lang.System declared twice: Once in FILE:/home/runner/work/key/key/key.core/../key.ui/examples/standard_key/staticInitialisation/classpath/System.java and once in URL:file:/home/runner/work/key/key/key.core/build/resources/main/de/uka/ilkd/key/java/JavaRedux/java/lang/System.java, Keeping one from URL:file:/home/runner/work/key/key/key.core/build/resources/main/de/uka/ilkd/key/java/JavaRedux/java/lang/System.java 
639254     DEBUG main            d.u.i.k.p.i.AbstractProblemLoader Init config took 2.67s 
639268     INFO  main            d.u.i.k.p.i.AbstractProblemLoader Replaying proof erroneousClassImpliesErroneousSubclass.key 
639269     DEBUG main            d.u.i.k.p.i.IntermediateProofReplayer Proof replay took 3.9ns 
639371     INFO  main            d.u.i.k.p.r.p.TestFile    ... finished proof: closed. 
639989     INFO  main            d.u.i.k.p.i.AbstractProblemLoader Loading environment from /home/runner/work/key/key/key.core/../key.ui/examples/standard_key/staticInitialisation/erroneousClassImpliesErroneousSubclass.key.proof 
639989     DEBUG main            d.u.i.k.p.i.AbstractProblemLoader Environment load took 75.6ns 
639990     INFO  main            d.u.i.k.p.i.AbstractProblemLoader Creating init config 
640014     WARN  main            d.u.i.k.j.r.KeYCrossReferenceNameInfo Datatype java.io.PrintStream declared twice: Once in FILE:/home/runner/work/key/key/key.core/../key.ui/examples/standard_key/staticInitialisation/classpath/PrintStream.java and once in URL:file:/home/runner/work/key/key/key.core/build/resources/main/de/uka/ilkd/key/java/JavaRedux/java/io/PrintStream.java, Keeping one from URL:file:/home/runner/work/key/key/key.core/build/resources/main/de/uka/ilkd/key/java/JavaRedux/java/io/PrintStream.java 
640014     WARN  main            d.u.i.k.j.r.KeYCrossReferenceNameInfo Datatype java.lang.System declared twice: Once in FILE:/home/runner/work/key/key/key.core/../key.ui/examples/standard_key/staticInitialisation/classpath/System.java and once in URL:file:/home/runner/work/key/key/key.core/build/resources/main/de/uka/ilkd/key/java/JavaRedux/java/lang/System.java, Keeping one from URL:file:/home/runner/work/key/key/key.core/build/resources/main/de/uka/ilkd/key/java/JavaRedux/java/lang/System.java 
642694     DEBUG main            d.u.i.k.p.i.AbstractProblemLoader Init config took 2.7s 
642707     INFO  main            d.u.i.k.p.i.AbstractProblemLoader Replaying proof erroneousClassImpliesErroneousSubclass.key.proof 
642710     DEBUG main            d.u.i.k.p.i.IntermediateProofReplayer Proof replay took 556.3ns 
642712     DEBUG main            d.u.i.k.p.r.p.TestFile    ... success: reloaded. 
642715     INFO  main            d.u.i.k.p.r.p.TestFile    Now processing file /home/runner/work/key/key/key.core/../key.ui/examples/standard_key/staticInitialisation/initializedSubclassImpliesInitializedSuperclass.key 
642715     INFO  main            d.u.i.k.p.i.AbstractProblemLoader Loading environment from /home/runner/work/key/key/key.core/../key.ui/examples/standard_key/staticInitialisation/initializedSubclassImpliesInitializedSuperclass.key 
642715     DEBUG main            d.u.i.k.p.i.AbstractProblemLoader Environment load took 108.9ns 
642717     INFO  main            d.u.i.k.p.i.AbstractProblemLoader Creating init config 
642740     WARN  main            d.u.i.k.j.r.KeYCrossReferenceNameInfo Datatype java.io.PrintStream declared twice: Once in FILE:/home/runner/work/key/key/key.core/../key.ui/examples/standard_key/staticInitialisation/classpath/PrintStream.java and once in URL:file:/home/runner/work/key/key/key.core/build/resources/main/de/uka/ilkd/key/java/JavaRedux/java/io/PrintStream.java, Keeping one from URL:file:/home/runner/work/key/key/key.core/build/resources/main/de/uka/ilkd/key/java/JavaRedux/java/io/PrintStream.java 
642740     WARN  main            d.u.i.k.j.r.KeYCrossReferenceNameInfo Datatype java.lang.System declared twice: Once in FILE:/home/runner/work/key/key/key.core/../key.ui/examples/standard_key/staticInitialisation/classpath/System.java and once in URL:file:/home/runner/work/key/key/key.core/build/resources/main/de/uka/ilkd/key/java/JavaRedux/java/lang/System.java, Keeping one from URL:file:/home/runner/work/key/key/key.core/build/resources/main/de/uka/ilkd/key/java/JavaRedux/java/lang/System.java 
645380     DEBUG main            d.u.i.k.p.i.AbstractProblemLoader Init config took 2.66s 
645392     INFO  main            d.u.i.k.p.i.AbstractProblemLoader Replaying proof initializedSubclassImpliesInitializedSuperclass.key 
645394     DEBUG main            d.u.i.k.p.i.IntermediateProofReplayer Proof replay took 3.4ns 
645495     INFO  main            d.u.i.k.p.r.p.TestFile    ... finished proof: closed. 
646066     INFO  main            d.u.i.k.p.i.AbstractProblemLoader Loading environment from /home/runner/work/key/key/key.core/../key.ui/examples/standard_key/staticInitialisation/initializedSubclassImpliesInitializedSuperclass.key.proof 
646066     DEBUG main            d.u.i.k.p.i.AbstractProblemLoader Environment load took 96.3ns 
646067     INFO  main            d.u.i.k.p.i.AbstractProblemLoader Creating init config 
646090     WARN  main            d.u.i.k.j.r.KeYCrossReferenceNameInfo Datatype java.io.PrintStream declared twice: Once in FILE:/home/runner/work/key/key/key.core/../key.ui/examples/standard_key/staticInitialisation/classpath/PrintStream.java and once in URL:file:/home/runner/work/key/key/key.core/build/resources/main/de/uka/ilkd/key/java/JavaRedux/java/io/PrintStream.java, Keeping one from URL:file:/home/runner/work/key/key/key.core/build/resources/main/de/uka/ilkd/key/java/JavaRedux/java/io/PrintStream.java 
646090     WARN  main            d.u.i.k.j.r.KeYCrossReferenceNameInfo Datatype java.lang.System declared twice: Once in FILE:/home/runner/work/key/key/key.core/../key.ui/examples/standard_key/staticInitialisation/classpath/System.java and once in URL:file:/home/runner/work/key/key/key.core/build/resources/main/de/uka/ilkd/key/java/JavaRedux/java/lang/System.java, Keeping one from URL:file:/home/runner/work/key/key/key.core/build/resources/main/de/uka/ilkd/key/java/JavaRedux/java/lang/System.java 
648766     DEBUG main            d.u.i.k.p.i.AbstractProblemLoader Init config took 2.7s 
648779     INFO  main            d.u.i.k.p.i.AbstractProblemLoader Replaying proof initializedSubclassImpliesInitializedSuperclass.key.proof 
648780     DEBUG main            d.u.i.k.p.i.IntermediateProofReplayer Proof replay took 329.5ns 
648781     DEBUG main            d.u.i.k.p.r.p.TestFile    ... success: reloaded. 
648782     INFO  main            d.u.i.k.p.r.p.TestFile    Now processing file /home/runner/work/key/key/key.core/../key.ui/examples/standard_key/staticInitialisation/localDeclared.key 
648782     INFO  main            d.u.i.k.p.i.AbstractProblemLoader Loading environment from /home/runner/work/key/key/key.core/../key.ui/examples/standard_key/staticInitialisation/localDeclared.key 
648782     DEBUG main            d.u.i.k.p.i.AbstractProblemLoader Environment load took 54.1ns 
648784     INFO  main            d.u.i.k.p.i.AbstractProblemLoader Creating init config 
648806     WARN  main            d.u.i.k.j.r.KeYCrossReferenceNameInfo Datatype java.io.PrintStream declared twice: Once in FILE:/home/runner/work/key/key/key.core/../key.ui/examples/standard_key/staticInitialisation/classpath/PrintStream.java and once in URL:file:/home/runner/work/key/key/key.core/build/resources/main/de/uka/ilkd/key/java/JavaRedux/java/io/PrintStream.java, Keeping one from URL:file:/home/runner/work/key/key/key.core/build/resources/main/de/uka/ilkd/key/java/JavaRedux/java/io/PrintStream.java 
648807     WARN  main            d.u.i.k.j.r.KeYCrossReferenceNameInfo Datatype java.lang.System declared twice: Once in FILE:/home/runner/work/key/key/key.core/../key.ui/examples/standard_key/staticInitialisation/classpath/System.java and once in URL:file:/home/runner/work/key/key/key.core/build/resources/main/de/uka/ilkd/key/java/JavaRedux/java/lang/System.java, Keeping one from URL:file:/home/runner/work/key/key/key.core/build/resources/main/de/uka/ilkd/key/java/JavaRedux/java/lang/System.java 
651493     DEBUG main            d.u.i.k.p.i.AbstractProblemLoader Init config took 2.71s 
651507     INFO  main            d.u.i.k.p.i.AbstractProblemLoader Replaying proof localDeclared.key 
651508     DEBUG main            d.u.i.k.p.i.IntermediateProofReplayer Proof replay took 3ns 
651811     INFO  main            d.u.i.k.p.r.p.TestFile    ... finished proof: closed. 
652437     INFO  main            d.u.i.k.p.i.AbstractProblemLoader Loading environment from /home/runner/work/key/key/key.core/../key.ui/examples/standard_key/staticInitialisation/localDeclared.key.proof 
652438     DEBUG main            d.u.i.k.p.i.AbstractProblemLoader Environment load took 163.9ns 
652440     INFO  main            d.u.i.k.p.i.AbstractProblemLoader Creating init config 
652465     WARN  main            d.u.i.k.j.r.KeYCrossReferenceNameInfo Datatype java.io.PrintStream declared twice: Once in FILE:/home/runner/work/key/key/key.core/../key.ui/examples/standard_key/staticInitialisation/classpath/PrintStream.java and once in URL:file:/home/runner/work/key/key/key.core/build/resources/main/de/uka/ilkd/key/java/JavaRedux/java/io/PrintStream.java, Keeping one from URL:file:/home/runner/work/key/key/key.core/build/resources/main/de/uka/ilkd/key/java/JavaRedux/java/io/PrintStream.java 
652465     WARN  main            d.u.i.k.j.r.KeYCrossReferenceNameInfo Datatype java.lang.System declared twice: Once in FILE:/home/runner/work/key/key/key.core/../key.ui/examples/standard_key/staticInitialisation/classpath/System.java and once in URL:file:/home/runner/work/key/key/key.core/build/resources/main/de/uka/ilkd/key/java/JavaRedux/java/lang/System.java, Keeping one from URL:file:/home/runner/work/key/key/key.core/build/resources/main/de/uka/ilkd/key/java/JavaRedux/java/lang/System.java 
655251     DEBUG main            d.u.i.k.p.i.AbstractProblemLoader Init config took 2.81s 
655265     INFO  main            d.u.i.k.p.i.AbstractProblemLoader Replaying proof localDeclared.key.proof 
655316     DEBUG main            d.u.i.k.p.i.IntermediateProofReplayer Proof replay took 48.61ms 
655317     DEBUG main            d.u.i.k.p.r.p.TestFile    ... success: reloaded. 
655318     INFO  main            d.u.i.k.p.r.p.TestFile    Now processing file /home/runner/work/key/key/key.core/../key.ui/examples/standard_key/staticInitialisation/localDeclaredMethod.key 
655318     INFO  main            d.u.i.k.p.i.AbstractProblemLoader Loading environment from /home/runner/work/key/key/key.core/../key.ui/examples/standard_key/staticInitialisation/localDeclaredMethod.key 
655318     DEBUG main            d.u.i.k.p.i.AbstractProblemLoader Environment load took 76ns 
655320     INFO  main            d.u.i.k.p.i.AbstractProblemLoader Creating init config 
655341     WARN  main            d.u.i.k.j.r.KeYCrossReferenceNameInfo Datatype java.io.PrintStream declared twice: Once in FILE:/home/runner/work/key/key/key.core/../key.ui/examples/standard_key/staticInitialisation/classpath/PrintStream.java and once in URL:file:/home/runner/work/key/key/key.core/build/resources/main/de/uka/ilkd/key/java/JavaRedux/java/io/PrintStream.java, Keeping one from URL:file:/home/runner/work/key/key/key.core/build/resources/main/de/uka/ilkd/key/java/JavaRedux/java/io/PrintStream.java 
655341     WARN  main            d.u.i.k.j.r.KeYCrossReferenceNameInfo Datatype java.lang.System declared twice: Once in FILE:/home/runner/work/key/key/key.core/../key.ui/examples/standard_key/staticInitialisation/classpath/System.java and once in URL:file:/home/runner/work/key/key/key.core/build/resources/main/de/uka/ilkd/key/java/JavaRedux/java/lang/System.java, Keeping one from URL:file:/home/runner/work/key/key/key.core/build/resources/main/de/uka/ilkd/key/java/JavaRedux/java/lang/System.java 
658254     DEBUG main            d.u.i.k.p.i.AbstractProblemLoader Init config took 2.93s 
658289     INFO  main            d.u.i.k.p.i.AbstractProblemLoader Replaying proof localDeclaredMethod.key 
658290     DEBUG main            d.u.i.k.p.i.IntermediateProofReplayer Proof replay took 3.5ns 
658593     INFO  main            d.u.i.k.p.r.p.TestFile    ... finished proof: closed. 
659241     INFO  main            d.u.i.k.p.i.AbstractProblemLoader Loading environment from /home/runner/work/key/key/key.core/../key.ui/examples/standard_key/staticInitialisation/localDeclaredMethod.key.proof 
659241     DEBUG main            d.u.i.k.p.i.AbstractProblemLoader Environment load took 93.4ns 
659243     INFO  main            d.u.i.k.p.i.AbstractProblemLoader Creating init config 
659266     WARN  main            d.u.i.k.j.r.KeYCrossReferenceNameInfo Datatype java.io.PrintStream declared twice: Once in FILE:/home/runner/work/key/key/key.core/../key.ui/examples/standard_key/staticInitialisation/classpath/PrintStream.java and once in URL:file:/home/runner/work/key/key/key.core/build/resources/main/de/uka/ilkd/key/java/JavaRedux/java/io/PrintStream.java, Keeping one from URL:file:/home/runner/work/key/key/key.core/build/resources/main/de/uka/ilkd/key/java/JavaRedux/java/io/PrintStream.java 
659266     WARN  main            d.u.i.k.j.r.KeYCrossReferenceNameInfo Datatype java.lang.System declared twice: Once in FILE:/home/runner/work/key/key/key.core/../key.ui/examples/standard_key/staticInitialisation/classpath/System.java and once in URL:file:/home/runner/work/key/key/key.core/build/resources/main/de/uka/ilkd/key/java/JavaRedux/java/lang/System.java, Keeping one from URL:file:/home/runner/work/key/key/key.core/build/resources/main/de/uka/ilkd/key/java/JavaRedux/java/lang/System.java 
662110     DEBUG main            d.u.i.k.p.i.AbstractProblemLoader Init config took 2.87s 
662126     INFO  main            d.u.i.k.p.i.AbstractProblemLoader Replaying proof localDeclaredMethod.key.proof 
662182     DEBUG main            d.u.i.k.p.i.IntermediateProofReplayer Proof replay took 54.04ms 
662183     DEBUG main            d.u.i.k.p.r.p.TestFile    ... success: reloaded. 
662184     INFO  main            d.u.i.k.p.r.p.TestFile    Now processing file /home/runner/work/key/key/key.core/../key.ui/examples/standard_key/staticInitialisation/objectOfErroneousClass.key 
662185     INFO  main            d.u.i.k.p.i.AbstractProblemLoader Loading environment from /home/runner/work/key/key/key.core/../key.ui/examples/standard_key/staticInitialisation/objectOfErroneousClass.key 
662186     DEBUG main            d.u.i.k.p.i.AbstractProblemLoader Environment load took 217.9ns 
662187     INFO  main            d.u.i.k.p.i.AbstractProblemLoader Creating init config 
662210     WARN  main            d.u.i.k.j.r.KeYCrossReferenceNameInfo Datatype java.io.PrintStream declared twice: Once in FILE:/home/runner/work/key/key/key.core/../key.ui/examples/standard_key/staticInitialisation/classpath/PrintStream.java and once in URL:file:/home/runner/work/key/key/key.core/build/resources/main/de/uka/ilkd/key/java/JavaRedux/java/io/PrintStream.java, Keeping one from URL:file:/home/runner/work/key/key/key.core/build/resources/main/de/uka/ilkd/key/java/JavaRedux/java/io/PrintStream.java 
662210     WARN  main            d.u.i.k.j.r.KeYCrossReferenceNameInfo Datatype java.lang.System declared twice: Once in FILE:/home/runner/work/key/key/key.core/../key.ui/examples/standard_key/staticInitialisation/classpath/System.java and once in URL:file:/home/runner/work/key/key/key.core/build/resources/main/de/uka/ilkd/key/java/JavaRedux/java/lang/System.java, Keeping one from URL:file:/home/runner/work/key/key/key.core/build/resources/main/de/uka/ilkd/key/java/JavaRedux/java/lang/System.java 
665013     DEBUG main            d.u.i.k.p.i.AbstractProblemLoader Init config took 2.83s 
665029     INFO  main            d.u.i.k.p.i.AbstractProblemLoader Replaying proof objectOfErroneousClass.key 
665032     DEBUG main            d.u.i.k.p.i.IntermediateProofReplayer Proof replay took 3.4ns 
678967     INFO  main            d.u.i.k.p.r.p.TestFile    ... finished proof: closed. 
679674     INFO  main            d.u.i.k.p.i.AbstractProblemLoader Loading environment from /home/runner/work/key/key/key.core/../key.ui/examples/standard_key/staticInitialisation/objectOfErroneousClass.key.proof 
679674     DEBUG main            d.u.i.k.p.i.AbstractProblemLoader Environment load took 332.3ns 
679678     INFO  main            d.u.i.k.p.i.AbstractProblemLoader Creating init config 
679703     WARN  main            d.u.i.k.j.r.KeYCrossReferenceNameInfo Datatype java.io.PrintStream declared twice: Once in FILE:/home/runner/work/key/key/key.core/../key.ui/examples/standard_key/staticInitialisation/classpath/PrintStream.java and once in URL:file:/home/runner/work/key/key/key.core/build/resources/main/de/uka/ilkd/key/java/JavaRedux/java/io/PrintStream.java, Keeping one from URL:file:/home/runner/work/key/key/key.core/build/resources/main/de/uka/ilkd/key/java/JavaRedux/java/io/PrintStream.java 
679703     WARN  main            d.u.i.k.j.r.KeYCrossReferenceNameInfo Datatype java.lang.System declared twice: Once in FILE:/home/runner/work/key/key/key.core/../key.ui/examples/standard_key/staticInitialisation/classpath/System.java and once in URL:file:/home/runner/work/key/key/key.core/build/resources/main/de/uka/ilkd/key/java/JavaRedux/java/lang/System.java, Keeping one from URL:file:/home/runner/work/key/key/key.core/build/resources/main/de/uka/ilkd/key/java/JavaRedux/java/lang/System.java 
682408     DEBUG main            d.u.i.k.p.i.AbstractProblemLoader Init config took 2.73s 
682424     INFO  main            d.u.i.k.p.i.AbstractProblemLoader Replaying proof objectOfErroneousClass.key.proof 
684208     DEBUG main            d.u.i.k.p.i.IntermediateProofReplayer Proof replay took 1.76s 
684217     DEBUG main            d.u.i.k.p.r.p.TestFile    ... success: reloaded. 
684218     INFO  main            d.u.i.k.p.r.p.TestFile    Now processing file /home/runner/work/key/key/key.core/../key.ui/examples/standard_key/staticInitialisation/staticInitialisersAreNonSimple.key 
684219     INFO  main            d.u.i.k.p.i.AbstractProblemLoader Loading environment from /home/runner/work/key/key/key.core/../key.ui/examples/standard_key/staticInitialisation/staticInitialisersAreNonSimple.key 
684219     DEBUG main            d.u.i.k.p.i.AbstractProblemLoader Environment load took 126ns 
684221     INFO  main            d.u.i.k.p.i.AbstractProblemLoader Creating init config 
684243     WARN  main            d.u.i.k.j.r.KeYCrossReferenceNameInfo Datatype java.io.PrintStream declared twice: Once in FILE:/home/runner/work/key/key/key.core/../key.ui/examples/standard_key/staticInitialisation/classpath/PrintStream.java and once in URL:file:/home/runner/work/key/key/key.core/build/resources/main/de/uka/ilkd/key/java/JavaRedux/java/io/PrintStream.java, Keeping one from URL:file:/home/runner/work/key/key/key.core/build/resources/main/de/uka/ilkd/key/java/JavaRedux/java/io/PrintStream.java 
684243     WARN  main            d.u.i.k.j.r.KeYCrossReferenceNameInfo Datatype java.lang.System declared twice: Once in FILE:/home/runner/work/key/key/key.core/../key.ui/examples/standard_key/staticInitialisation/classpath/System.java and once in URL:file:/home/runner/work/key/key/key.core/build/resources/main/de/uka/ilkd/key/java/JavaRedux/java/lang/System.java, Keeping one from URL:file:/home/runner/work/key/key/key.core/build/resources/main/de/uka/ilkd/key/java/JavaRedux/java/lang/System.java 
686951     DEBUG main            d.u.i.k.p.i.AbstractProblemLoader Init config took 2.73s 
686994     INFO  main            d.u.i.k.p.i.AbstractProblemLoader Replaying proof staticInitialisersAreNonSimple.key 
686995     DEBUG main            d.u.i.k.p.i.IntermediateProofReplayer Proof replay took 3.2ns 
687400     INFO  main            d.u.i.k.p.r.p.TestFile    ... finished proof: closed. 
688143     INFO  main            d.u.i.k.p.i.AbstractProblemLoader Loading environment from /home/runner/work/key/key/key.core/../key.ui/examples/standard_key/staticInitialisation/staticInitialisersAreNonSimple.key.proof 
688143     DEBUG main            d.u.i.k.p.i.AbstractProblemLoader Environment load took 72.2ns 
688145     INFO  main            d.u.i.k.p.i.AbstractProblemLoader Creating init config 
688169     WARN  main            d.u.i.k.j.r.KeYCrossReferenceNameInfo Datatype java.io.PrintStream declared twice: Once in FILE:/home/runner/work/key/key/key.core/../key.ui/examples/standard_key/staticInitialisation/classpath/PrintStream.java and once in URL:file:/home/runner/work/key/key/key.core/build/resources/main/de/uka/ilkd/key/java/JavaRedux/java/io/PrintStream.java, Keeping one from URL:file:/home/runner/work/key/key/key.core/build/resources/main/de/uka/ilkd/key/java/JavaRedux/java/io/PrintStream.java 
688169     WARN  main            d.u.i.k.j.r.KeYCrossReferenceNameInfo Datatype java.lang.System declared twice: Once in FILE:/home/runner/work/key/key/key.core/../key.ui/examples/standard_key/staticInitialisation/classpath/System.java and once in URL:file:/home/runner/work/key/key/key.core/build/resources/main/de/uka/ilkd/key/java/JavaRedux/java/lang/System.java, Keeping one from URL:file:/home/runner/work/key/key/key.core/build/resources/main/de/uka/ilkd/key/java/JavaRedux/java/lang/System.java 
690919     DEBUG main            d.u.i.k.p.i.AbstractProblemLoader Init config took 2.77s 
690934     INFO  main            d.u.i.k.p.i.AbstractProblemLoader Replaying proof staticInitialisersAreNonSimple.key.proof 
691005     DEBUG main            d.u.i.k.p.i.IntermediateProofReplayer Proof replay took 68.88ms 
691007     DEBUG main            d.u.i.k.p.r.p.TestFile    ... success: reloaded. 
691007     INFO  main            d.u.i.k.p.r.p.TestFile    Now processing file /home/runner/work/key/key/key.core/../key.ui/examples/standard_key/types/disjoint.key 
691007     INFO  main            d.u.i.k.p.i.AbstractProblemLoader Loading environment from /home/runner/work/key/key/key.core/../key.ui/examples/standard_key/types/disjoint.key 
691008     DEBUG main            d.u.i.k.p.i.AbstractProblemLoader Environment load took 92.2ns 
691008     INFO  main            d.u.i.k.p.i.AbstractProblemLoader Creating init config 
693723     DEBUG main            d.u.i.k.p.i.AbstractProblemLoader Init config took 2.72s 
693735     INFO  main            d.u.i.k.p.i.AbstractProblemLoader Replaying proof disjoint.key 
693736     DEBUG main            d.u.i.k.p.i.IntermediateProofReplayer Proof replay took 3.1ns 
693838     INFO  main            d.u.i.k.p.r.p.TestFile    ... finished proof: closed. 
694504     INFO  main            d.u.i.k.p.i.AbstractProblemLoader Loading environment from /home/runner/work/key/key/key.core/../key.ui/examples/standard_key/types/disjoint.key.proof 
694504     DEBUG main            d.u.i.k.p.i.AbstractProblemLoader Environment load took 127.8ns 
694505     INFO  main            d.u.i.k.p.i.AbstractProblemLoader Creating init config 
697102     DEBUG main            d.u.i.k.p.i.AbstractProblemLoader Init config took 2.6s 
697115     INFO  main            d.u.i.k.p.i.AbstractProblemLoader Replaying proof disjoint.key.proof 
697117     DEBUG main            d.u.i.k.p.i.IntermediateProofReplayer Proof replay took 319.5ns 
697117     DEBUG main            d.u.i.k.p.r.p.TestFile    ... success: reloaded. 
697118     INFO  main            d.u.i.k.p.r.p.TestFile    Now processing file /home/runner/work/key/key/key.core/../key.ui/examples/../../key.core/src/test/resources/testcase/classpath/classpath.key 
697118     INFO  main            d.u.i.k.p.i.AbstractProblemLoader Loading environment from /home/runner/work/key/key/key.core/../key.ui/examples/../../key.core/src/test/resources/testcase/classpath/classpath.key 
697118     DEBUG main            d.u.i.k.p.i.AbstractProblemLoader Environment load took 107.2ns 
697119     INFO  main            d.u.i.k.p.i.AbstractProblemLoader Creating init config 
697144     WARN  main            d.u.i.k.j.r.KeYCrossReferenceNameInfo Datatype cp.C declared twice: Once in FILE:/home/runner/work/key/key/key.core/../key.ui/examples/../../key.core/src/test/resources/testcase/classpath/classpath/C.class and once in FILE:/home/runner/work/key/key/key.core/../key.ui/examples/../../key.core/src/test/resources/testcase/classpath/classpath/C.jml, Keeping one from FILE:/home/runner/work/key/key/key.core/../key.ui/examples/../../key.core/src/test/resources/testcase/classpath/classpath/C.jml 
697147     DEBUG main            d.u.i.k.j.r.ClassFileDeclarationBuilder Parsing: package cp; public class Unresolved1 { } 
697147     DEBUG main            r.s.KeYCrossReferenceSourceInfo Dynamically created class: cp.Unresolved1 
697148     DEBUG main            d.u.i.k.j.r.ClassFileDeclarationBuilder Parsing: package cp; public class Unresolved2 { } 
697148     DEBUG main            r.s.KeYCrossReferenceSourceInfo Dynamically created class: cp.Unresolved2 
700028     DEBUG main            d.u.i.k.p.i.AbstractProblemLoader Init config took 2.91s 
700044     INFO  main            d.u.i.k.p.i.AbstractProblemLoader Replaying proof classpath.key 
700046     DEBUG main            d.u.i.k.p.i.IntermediateProofReplayer Proof replay took 3.3ns 
700153     INFO  main            d.u.i.k.p.r.p.TestFile    ... finished proof: closed. 
700813     INFO  main            d.u.i.k.p.i.AbstractProblemLoader Loading environment from /home/runner/work/key/key/key.core/../key.ui/examples/../../key.core/src/test/resources/testcase/classpath/classpath.key.proof 
700813     DEBUG main            d.u.i.k.p.i.AbstractProblemLoader Environment load took 93.7ns 
700815     INFO  main            d.u.i.k.p.i.AbstractProblemLoader Creating init config 
700849     WARN  main            d.u.i.k.j.r.KeYCrossReferenceNameInfo Datatype cp.C declared twice: Once in FILE:/home/runner/work/key/key/key.core/../key.ui/examples/../../key.core/src/test/resources/testcase/classpath/classpath/C.class and once in FILE:/home/runner/work/key/key/key.core/../key.ui/examples/../../key.core/src/test/resources/testcase/classpath/classpath/C.jml, Keeping one from FILE:/home/runner/work/key/key/key.core/../key.ui/examples/../../key.core/src/test/resources/testcase/classpath/classpath/C.jml 
700852     DEBUG main            d.u.i.k.j.r.ClassFileDeclarationBuilder Parsing: package cp; public class Unresolved1 { } 
700852     DEBUG main            r.s.KeYCrossReferenceSourceInfo Dynamically created class: cp.Unresolved1 
700853     DEBUG main            d.u.i.k.j.r.ClassFileDeclarationBuilder Parsing: package cp; public class Unresolved2 { } 
700853     DEBUG main            r.s.KeYCrossReferenceSourceInfo Dynamically created class: cp.Unresolved2 
703601     DEBUG main            d.u.i.k.p.i.AbstractProblemLoader Init config took 2.79s 
703616     INFO  main            d.u.i.k.p.i.AbstractProblemLoader Replaying proof classpath.key.proof 
703619     DEBUG main            d.u.i.k.p.i.IntermediateProofReplayer Proof replay took 995.1ns 
703620     DEBUG main            d.u.i.k.p.r.p.TestFile    ... success: reloaded. 
703621     INFO  main            d.u.i.k.p.r.p.TestFile    Now processing file /home/runner/work/key/key/key.core/../key.ui/examples/heap/inconsistent_represents/MyClass_m.key 
703621     INFO  main            d.u.i.k.p.i.AbstractProblemLoader Loading environment from /home/runner/work/key/key/key.core/../key.ui/examples/heap/inconsistent_represents/MyClass_m.key 
703621     DEBUG main            d.u.i.k.p.i.AbstractProblemLoader Environment load took 91.6ns 
703622     INFO  main            d.u.i.k.p.i.AbstractProblemLoader Creating init config 
706362     DEBUG main            d.u.i.k.p.i.AbstractProblemLoader Init config took 2.74s 
706401     INFO  main            d.u.i.k.p.i.AbstractProblemLoader Replaying proof MyClass[MyClass::m()].JML operation contract.0 
706402     DEBUG main            d.u.i.k.p.i.IntermediateProofReplayer Proof replay took 3ns 
706504     INFO  main            d.u.i.k.p.r.p.TestFile    ... finished proof: open goal(s) 
707171     INFO  main            d.u.i.k.p.r.p.TestFile    Now processing file /home/runner/work/key/key/key.core/../key.ui/examples/heap/inconsistent_represents/MyClass_n.key 
707171     INFO  main            d.u.i.k.p.i.AbstractProblemLoader Loading environment from /home/runner/work/key/key/key.core/../key.ui/examples/heap/inconsistent_represents/MyClass_n.key 
707171     DEBUG main            d.u.i.k.p.i.AbstractProblemLoader Environment load took 59.4ns 
707172     INFO  main            d.u.i.k.p.i.AbstractProblemLoader Creating init config 
709901     DEBUG main            d.u.i.k.p.i.AbstractProblemLoader Init config took 2.73s 
709936     INFO  main            d.u.i.k.p.i.AbstractProblemLoader Replaying proof MyClass[MyClass::n()].JML operation contract.0 
709938     DEBUG main            d.u.i.k.p.i.IntermediateProofReplayer Proof replay took 3ns 
710040     INFO  main            d.u.i.k.p.r.p.TestFile    ... finished proof: open goal(s) 
4166363    INFO  Test worker     d.u.i.k.p.r.RunAllProofsTestUnit Returning from test javadl 
4166367    INFO  Test worker     d.u.i.k.p.r.RunAllProofsTestUnit Running test FOL 
439        INFO  Timeout watchdog d.u.i.k.p.r.p.ForkedTestFileRunner Timeout watcher launched (2000 secs.) 
441        WARN  main            d.u.i.k.s.ProofSettings   The settings in /home/runner/.key/proof-settings.props are *not* read. 
488        INFO  main            d.u.i.k.p.r.p.TestFile    Now processing file /home/runner/work/key/key/key.core/../key.ui/examples/standard_key/pred_log/count.key 
640        INFO  main            d.u.i.k.p.i.AbstractProblemLoader Loading environment from /home/runner/work/key/key/key.core/../key.ui/examples/standard_key/pred_log/count.key 
666        DEBUG main            d.u.i.k.p.i.AbstractProblemLoader Environment load took 3.02ms 
985        INFO  main            d.u.i.k.p.i.AbstractProblemLoader Creating init config 
2126       DEBUG main            d.u.i.k.j.TypeConverter   No LDT found for Meta 
2126       DEBUG main            d.u.i.k.j.TypeConverter   No LDT found for Meta 
2130       DEBUG main            d.u.i.k.j.TypeConverter   No LDT found for Meta 
2130       DEBUG main            d.u.i.k.j.TypeConverter   No LDT found for Meta 
3809       DEBUG main            d.u.i.k.j.TypeConverter   No LDT found for JavaBigintExpression 
9844       DEBUG main            d.u.i.k.p.i.AbstractProblemLoader Init config took 8.86s 
9914       INFO  main            d.u.i.k.p.i.AbstractProblemLoader Replaying proof count.key 
9959       DEBUG main            d.u.i.k.p.i.IntermediateProofReplayer Proof replay took 35.2ns 
10261      INFO  main            d.u.i.k.p.r.p.TestFile    ... finished proof: closed. 
10370      INFO  main            d.u.i.k.p.i.AbstractProblemLoader Loading environment from /home/runner/work/key/key/key.core/../key.ui/examples/standard_key/pred_log/count.key.proof 
10371      DEBUG main            d.u.i.k.p.i.AbstractProblemLoader Environment load took 745.6ns 
10375      INFO  main            d.u.i.k.p.i.AbstractProblemLoader Creating init config 
13702      DEBUG main            d.u.i.k.p.i.AbstractProblemLoader Init config took 3.33s 
13756      INFO  main            d.u.i.k.p.i.AbstractProblemLoader Replaying proof count.key.proof 
13768      DEBUG main            d.u.i.k.p.i.IntermediateProofReplayer Proof replay took 6.73ms 
13780      DEBUG main            d.u.i.k.p.r.p.TestFile    ... success: reloaded. 
13781      INFO  main            d.u.i.k.p.r.p.TestFile    Now processing file /home/runner/work/key/key/key.core/../key.ui/examples/standard_key/pred_log/count2.key 
13782      INFO  main            d.u.i.k.p.i.AbstractProblemLoader Loading environment from /home/runner/work/key/key/key.core/../key.ui/examples/standard_key/pred_log/count2.key 
13782      DEBUG main            d.u.i.k.p.i.AbstractProblemLoader Environment load took 219.3ns 
13784      INFO  main            d.u.i.k.p.i.AbstractProblemLoader Creating init config 
16989      DEBUG main            d.u.i.k.p.i.AbstractProblemLoader Init config took 3.21s 
17024      INFO  main            d.u.i.k.p.i.AbstractProblemLoader Replaying proof count2.key 
17026      DEBUG main            d.u.i.k.p.i.IntermediateProofReplayer Proof replay took 6.3ns 
17129      INFO  main            d.u.i.k.p.r.p.TestFile    ... finished proof: closed. 
17288      INFO  main            d.u.i.k.p.i.AbstractProblemLoader Loading environment from /home/runner/work/key/key/key.core/../key.ui/examples/standard_key/pred_log/count2.key.proof 
17290      DEBUG main            d.u.i.k.p.i.AbstractProblemLoader Environment load took 1.63ms 
17292      INFO  main            d.u.i.k.p.i.AbstractProblemLoader Creating init config 
20347      DEBUG main            d.u.i.k.p.i.AbstractProblemLoader Init config took 3.05s 
20376      INFO  main            d.u.i.k.p.i.AbstractProblemLoader Replaying proof count2.key.proof 
20387      DEBUG main            d.u.i.k.p.i.IntermediateProofReplayer Proof replay took 8.21ms 
20388      DEBUG main            d.u.i.k.p.r.p.TestFile    ... success: reloaded. 
20390      INFO  main            d.u.i.k.p.r.p.TestFile    Now processing file /home/runner/work/key/key/key.core/../key.ui/examples/standard_key/pred_log/count3.key 
20390      INFO  main            d.u.i.k.p.i.AbstractProblemLoader Loading environment from /home/runner/work/key/key/key.core/../key.ui/examples/standard_key/pred_log/count3.key 
20390      DEBUG main            d.u.i.k.p.i.AbstractProblemLoader Environment load took 231.5ns 
20393      INFO  main            d.u.i.k.p.i.AbstractProblemLoader Creating init config 
23485      DEBUG main            d.u.i.k.p.i.AbstractProblemLoader Init config took 3.09s 
23510      INFO  main            d.u.i.k.p.i.AbstractProblemLoader Replaying proof count3.key 
23512      DEBUG main            d.u.i.k.p.i.IntermediateProofReplayer Proof replay took 6.7ns 
23615      INFO  main            d.u.i.k.p.r.p.TestFile    ... finished proof: closed. 
23760      INFO  main            d.u.i.k.p.i.AbstractProblemLoader Loading environment from /home/runner/work/key/key/key.core/../key.ui/examples/standard_key/pred_log/count3.key.proof 
23762      DEBUG main            d.u.i.k.p.i.AbstractProblemLoader Environment load took 2.01ms 
23763      INFO  main            d.u.i.k.p.i.AbstractProblemLoader Creating init config 
26694      DEBUG main            d.u.i.k.p.i.AbstractProblemLoader Init config took 2.93s 
26732      INFO  main            d.u.i.k.p.i.AbstractProblemLoader Replaying proof count3.key.proof 
26741      DEBUG main            d.u.i.k.p.i.IntermediateProofReplayer Proof replay took 5.45ms 
26742      DEBUG main            d.u.i.k.p.r.p.TestFile    ... success: reloaded. 
26744      INFO  main            d.u.i.k.p.r.p.TestFile    Now processing file /home/runner/work/key/key/key.core/../key.ui/examples/standard_key/pred_log/equalities.key 
26744      INFO  main            d.u.i.k.p.i.AbstractProblemLoader Loading environment from /home/runner/work/key/key/key.core/../key.ui/examples/standard_key/pred_log/equalities.key 
26744      DEBUG main            d.u.i.k.p.i.AbstractProblemLoader Environment load took 115.6ns 
26745      INFO  main            d.u.i.k.p.i.AbstractProblemLoader Creating init config 
29783      DEBUG main            d.u.i.k.p.i.AbstractProblemLoader Init config took 3.04s 
29805      INFO  main            d.u.i.k.p.i.AbstractProblemLoader Replaying proof equalities.key 
29807      DEBUG main            d.u.i.k.p.i.IntermediateProofReplayer Proof replay took 7.1ns 
29912      INFO  main            d.u.i.k.p.r.p.TestFile    ... finished proof: closed. 
30076      INFO  main            d.u.i.k.p.i.AbstractProblemLoader Loading environment from /home/runner/work/key/key/key.core/../key.ui/examples/standard_key/pred_log/equalities.key.proof 
30076      DEBUG main            d.u.i.k.p.i.AbstractProblemLoader Environment load took 128.3ns 
30077      INFO  main            d.u.i.k.p.i.AbstractProblemLoader Creating init config 
33091      DEBUG main            d.u.i.k.p.i.AbstractProblemLoader Init config took 3.01s 
33113      INFO  main            d.u.i.k.p.i.AbstractProblemLoader Replaying proof equalities.key.proof 
33117      DEBUG main            d.u.i.k.p.i.IntermediateProofReplayer Proof replay took 1.66ms 
33118      DEBUG main            d.u.i.k.p.r.p.TestFile    ... success: reloaded. 
33119      INFO  main            d.u.i.k.p.r.p.TestFile    Now processing file /home/runner/work/key/key/key.core/../key.ui/examples/standard_key/pred_log/equalities2.key 
33119      INFO  main            d.u.i.k.p.i.AbstractProblemLoader Loading environment from /home/runner/work/key/key/key.core/../key.ui/examples/standard_key/pred_log/equalities2.key 
33120      DEBUG main            d.u.i.k.p.i.AbstractProblemLoader Environment load took 241.4ns 
33121      INFO  main            d.u.i.k.p.i.AbstractProblemLoader Creating init config 
36108      DEBUG main            d.u.i.k.p.i.AbstractProblemLoader Init config took 2.99s 
36130      INFO  main            d.u.i.k.p.i.AbstractProblemLoader Replaying proof equalities2.key 
36132      DEBUG main            d.u.i.k.p.i.IntermediateProofReplayer Proof replay took 8.2ns 
36234      INFO  main            d.u.i.k.p.r.p.TestFile    ... finished proof: closed. 
36423      INFO  main            d.u.i.k.p.i.AbstractProblemLoader Loading environment from /home/runner/work/key/key/key.core/../key.ui/examples/standard_key/pred_log/equalities2.key.proof 
36423      DEBUG main            d.u.i.k.p.i.AbstractProblemLoader Environment load took 434.7ns 
36425      INFO  main            d.u.i.k.p.i.AbstractProblemLoader Creating init config 
39482      DEBUG main            d.u.i.k.p.i.AbstractProblemLoader Init config took 3.06s 
39504      INFO  main            d.u.i.k.p.i.AbstractProblemLoader Replaying proof equalities2.key.proof 
39517      DEBUG main            d.u.i.k.p.i.IntermediateProofReplayer Proof replay took 11.31ms 
39520      DEBUG main            d.u.i.k.p.r.p.TestFile    ... success: reloaded. 
39521      INFO  main            d.u.i.k.p.r.p.TestFile    Now processing file /home/runner/work/key/key/key.core/../key.ui/examples/standard_key/pred_log/equalities3.key 
39521      INFO  main            d.u.i.k.p.i.AbstractProblemLoader Loading environment from /home/runner/work/key/key/key.core/../key.ui/examples/standard_key/pred_log/equalities3.key 
39521      DEBUG main            d.u.i.k.p.i.AbstractProblemLoader Environment load took 133.7ns 
39523      INFO  main            d.u.i.k.p.i.AbstractProblemLoader Creating init config 
42658      DEBUG main            d.u.i.k.p.i.AbstractProblemLoader Init config took 3.14s 
42677      INFO  main            d.u.i.k.p.i.AbstractProblemLoader Replaying proof equalities3.key 
42679      DEBUG main            d.u.i.k.p.i.IntermediateProofReplayer Proof replay took 7ns 
42786      INFO  main            d.u.i.k.p.r.p.TestFile    ... finished proof: closed. 
42977      INFO  main            d.u.i.k.p.i.AbstractProblemLoader Loading environment from /home/runner/work/key/key/key.core/../key.ui/examples/standard_key/pred_log/equalities3.key.proof 
42977      DEBUG main            d.u.i.k.p.i.AbstractProblemLoader Environment load took 135.1ns 
42979      INFO  main            d.u.i.k.p.i.AbstractProblemLoader Creating init config 
45990      DEBUG main            d.u.i.k.p.i.AbstractProblemLoader Init config took 3.01s 
46011      INFO  main            d.u.i.k.p.i.AbstractProblemLoader Replaying proof equalities3.key.proof 
46019      DEBUG main            d.u.i.k.p.i.IntermediateProofReplayer Proof replay took 5.3ms 
46020      DEBUG main            d.u.i.k.p.r.p.TestFile    ... success: reloaded. 
46021      INFO  main            d.u.i.k.p.r.p.TestFile    Now processing file /home/runner/work/key/key/key.core/../key.ui/examples/standard_key/pred_log/functions.key 
46021      INFO  main            d.u.i.k.p.i.AbstractProblemLoader Loading environment from /home/runner/work/key/key/key.core/../key.ui/examples/standard_key/pred_log/functions.key 
46021      DEBUG main            d.u.i.k.p.i.AbstractProblemLoader Environment load took 190.3ns 
46022      INFO  main            d.u.i.k.p.i.AbstractProblemLoader Creating init config 
48958      DEBUG main            d.u.i.k.p.i.AbstractProblemLoader Init config took 2.94s 
48980      INFO  main            d.u.i.k.p.i.AbstractProblemLoader Replaying proof functions.key 
48982      DEBUG main            d.u.i.k.p.i.IntermediateProofReplayer Proof replay took 6.4ns 
49086      INFO  main            d.u.i.k.p.r.p.TestFile    ... finished proof: closed. 
49332      INFO  main            d.u.i.k.p.i.AbstractProblemLoader Loading environment from /home/runner/work/key/key/key.core/../key.ui/examples/standard_key/pred_log/functions.key.proof 
49332      DEBUG main            d.u.i.k.p.i.AbstractProblemLoader Environment load took 120.6ns 
49333      INFO  main            d.u.i.k.p.i.AbstractProblemLoader Creating init config 
52252      DEBUG main            d.u.i.k.p.i.AbstractProblemLoader Init config took 2.92s 
52270      INFO  main            d.u.i.k.p.i.AbstractProblemLoader Replaying proof functions.key.proof 
52274      DEBUG main            d.u.i.k.p.i.IntermediateProofReplayer Proof replay took 2.05ms 
52275      DEBUG main            d.u.i.k.p.r.p.TestFile    ... success: reloaded. 
52276      INFO  main            d.u.i.k.p.r.p.TestFile    Now processing file /home/runner/work/key/key/key.core/../key.ui/examples/standard_key/pred_log/mv1.key 
52276      INFO  main            d.u.i.k.p.i.AbstractProblemLoader Loading environment from /home/runner/work/key/key/key.core/../key.ui/examples/standard_key/pred_log/mv1.key 
52276      DEBUG main            d.u.i.k.p.i.AbstractProblemLoader Environment load took 120.1ns 
52277      INFO  main            d.u.i.k.p.i.AbstractProblemLoader Creating init config 
55173      DEBUG main            d.u.i.k.p.i.AbstractProblemLoader Init config took 2.9s 
55193      INFO  main            d.u.i.k.p.i.AbstractProblemLoader Replaying proof mv1.key 
55194      DEBUG main            d.u.i.k.p.i.IntermediateProofReplayer Proof replay took 6.4ns 
55300      INFO  main            d.u.i.k.p.r.p.TestFile    ... finished proof: closed. 
55495      INFO  main            d.u.i.k.p.i.AbstractProblemLoader Loading environment from /home/runner/work/key/key/key.core/../key.ui/examples/standard_key/pred_log/mv1.key.proof 
55495      DEBUG main            d.u.i.k.p.i.AbstractProblemLoader Environment load took 120.1ns 
55496      INFO  main            d.u.i.k.p.i.AbstractProblemLoader Creating init config 
58355      DEBUG main            d.u.i.k.p.i.AbstractProblemLoader Init config took 2.86s 
58375      INFO  main            d.u.i.k.p.i.AbstractProblemLoader Replaying proof mv1.key.proof 
58378      DEBUG main            d.u.i.k.p.i.IntermediateProofReplayer Proof replay took 820.2ns 
58379      DEBUG main            d.u.i.k.p.r.p.TestFile    ... success: reloaded. 
58379      INFO  main            d.u.i.k.p.r.p.TestFile    Now processing file /home/runner/work/key/key/key.core/../key.ui/examples/standard_key/pred_log/mv2.key 
58380      INFO  main            d.u.i.k.p.i.AbstractProblemLoader Loading environment from /home/runner/work/key/key/key.core/../key.ui/examples/standard_key/pred_log/mv2.key 
58380      DEBUG main            d.u.i.k.p.i.AbstractProblemLoader Environment load took 214.1ns 
58381      INFO  main            d.u.i.k.p.i.AbstractProblemLoader Creating init config 
61242      DEBUG main            d.u.i.k.p.i.AbstractProblemLoader Init config took 2.86s 
61259      INFO  main            d.u.i.k.p.i.AbstractProblemLoader Replaying proof mv2.key 
61260      DEBUG main            d.u.i.k.p.i.IntermediateProofReplayer Proof replay took 6ns 
61362      INFO  main            d.u.i.k.p.r.p.TestFile    ... finished proof: closed. 
61545      INFO  main            d.u.i.k.p.i.AbstractProblemLoader Loading environment from /home/runner/work/key/key/key.core/../key.ui/examples/standard_key/pred_log/mv2.key.proof 
61545      DEBUG main            d.u.i.k.p.i.AbstractProblemLoader Environment load took 126.8ns 
61546      INFO  main            d.u.i.k.p.i.AbstractProblemLoader Creating init config 
64436      DEBUG main            d.u.i.k.p.i.AbstractProblemLoader Init config took 2.89s 
64451      INFO  main            d.u.i.k.p.i.AbstractProblemLoader Replaying proof mv2.key.proof 
64459      DEBUG main            d.u.i.k.p.i.IntermediateProofReplayer Proof replay took 4.69ms 
64460      DEBUG main            d.u.i.k.p.r.p.TestFile    ... success: reloaded. 
64461      INFO  main            d.u.i.k.p.r.p.TestFile    Now processing file /home/runner/work/key/key/key.core/../key.ui/examples/standard_key/pred_log/quantifiers.key 
64461      INFO  main            d.u.i.k.p.i.AbstractProblemLoader Loading environment from /home/runner/work/key/key/key.core/../key.ui/examples/standard_key/pred_log/quantifiers.key 
64461      DEBUG main            d.u.i.k.p.i.AbstractProblemLoader Environment load took 221.9ns 
64462      INFO  main            d.u.i.k.p.i.AbstractProblemLoader Creating init config 
67417      DEBUG main            d.u.i.k.p.i.AbstractProblemLoader Init config took 2.95s 
67431      INFO  main            d.u.i.k.p.i.AbstractProblemLoader Replaying proof quantifiers.key 
67433      DEBUG main            d.u.i.k.p.i.IntermediateProofReplayer Proof replay took 6.8ns 
67538      INFO  main            d.u.i.k.p.r.p.TestFile    ... finished proof: closed. 
67739      INFO  main            d.u.i.k.p.i.AbstractProblemLoader Loading environment from /home/runner/work/key/key/key.core/../key.ui/examples/standard_key/pred_log/quantifiers.key.proof 
67739      DEBUG main            d.u.i.k.p.i.AbstractProblemLoader Environment load took 131.8ns 
67740      INFO  main            d.u.i.k.p.i.AbstractProblemLoader Creating init config 
70673      DEBUG main            d.u.i.k.p.i.AbstractProblemLoader Init config took 2.93s 
70689      INFO  main            d.u.i.k.p.i.AbstractProblemLoader Replaying proof quantifiers.key.proof 
70693      DEBUG main            d.u.i.k.p.i.IntermediateProofReplayer Proof replay took 2.2ms 
70694      DEBUG main            d.u.i.k.p.r.p.TestFile    ... success: reloaded. 
70695      INFO  main            d.u.i.k.p.r.p.TestFile    Now processing file /home/runner/work/key/key/key.core/../key.ui/examples/standard_key/pred_log/simpleEps.key 
70695      INFO  main            d.u.i.k.p.i.AbstractProblemLoader Loading environment from /home/runner/work/key/key/key.core/../key.ui/examples/standard_key/pred_log/simpleEps.key 
70695      DEBUG main            d.u.i.k.p.i.AbstractProblemLoader Environment load took 194.3ns 
70696      INFO  main            d.u.i.k.p.i.AbstractProblemLoader Creating init config 
73637      DEBUG main            d.u.i.k.p.i.AbstractProblemLoader Init config took 2.94s 
73653      INFO  main            d.u.i.k.p.i.AbstractProblemLoader Replaying proof simpleEps.key 
73655      DEBUG main            d.u.i.k.p.i.IntermediateProofReplayer Proof replay took 7.7ns 
73759      INFO  main            d.u.i.k.p.r.p.TestFile    ... finished proof: closed. 
73978      INFO  main            d.u.i.k.p.i.AbstractProblemLoader Loading environment from /home/runner/work/key/key/key.core/../key.ui/examples/standard_key/pred_log/simpleEps.key.proof 
73979      DEBUG main            d.u.i.k.p.i.AbstractProblemLoader Environment load took 116.4ns 
73980      INFO  main            d.u.i.k.p.i.AbstractProblemLoader Creating init config 
76809      DEBUG main            d.u.i.k.p.i.AbstractProblemLoader Init config took 2.83s 
76828      INFO  main            d.u.i.k.p.i.AbstractProblemLoader Replaying proof simpleEps.key.proof 
76831      DEBUG main            d.u.i.k.p.i.IntermediateProofReplayer Proof replay took 1.23ms 
76832      DEBUG main            d.u.i.k.p.r.p.TestFile    ... success: reloaded. 
76833      INFO  main            d.u.i.k.p.r.p.TestFile    Now processing file /home/runner/work/key/key/key.core/../key.ui/examples/standard_key/pred_log/steam1.key 
76834      INFO  main            d.u.i.k.p.i.AbstractProblemLoader Loading environment from /home/runner/work/key/key/key.core/../key.ui/examples/standard_key/pred_log/steam1.key 
76834      DEBUG main            d.u.i.k.p.i.AbstractProblemLoader Environment load took 204.8ns 
76837      INFO  main            d.u.i.k.p.i.AbstractProblemLoader Creating init config 
79751      DEBUG main            d.u.i.k.p.i.AbstractProblemLoader Init config took 2.91s 
79771      INFO  main            d.u.i.k.p.i.AbstractProblemLoader Replaying proof steam1.key 
79772      DEBUG main            d.u.i.k.p.i.IntermediateProofReplayer Proof replay took 6.4ns 
80286      INFO  main            d.u.i.k.p.r.p.TestFile    ... finished proof: closed. 
80553      INFO  main            d.u.i.k.p.i.AbstractProblemLoader Loading environment from /home/runner/work/key/key/key.core/../key.ui/examples/standard_key/pred_log/steam1.key.proof 
80553      DEBUG main            d.u.i.k.p.i.AbstractProblemLoader Environment load took 415.1ns 
80556      INFO  main            d.u.i.k.p.i.AbstractProblemLoader Creating init config 
83383      DEBUG main            d.u.i.k.p.i.AbstractProblemLoader Init config took 2.83s 
83407      INFO  main            d.u.i.k.p.i.AbstractProblemLoader Replaying proof steam1.key.proof 
83437      DEBUG main            d.u.i.k.p.i.IntermediateProofReplayer Proof replay took 25.22ms 
83439      DEBUG main            d.u.i.k.p.r.p.TestFile    ... success: reloaded. 
83440      INFO  main            d.u.i.k.p.r.p.TestFile    Now processing file /home/runner/work/key/key/key.core/../key.ui/examples/standard_key/pred_log/tptp/PUZ/PUZ001p1.key 
83440      INFO  main            d.u.i.k.p.i.AbstractProblemLoader Loading environment from /home/runner/work/key/key/key.core/../key.ui/examples/standard_key/pred_log/tptp/PUZ/PUZ001p1.key 
83440      DEBUG main            d.u.i.k.p.i.AbstractProblemLoader Environment load took 191.3ns 
83442      INFO  main            d.u.i.k.p.i.AbstractProblemLoader Creating init config 
86269      DEBUG main            d.u.i.k.p.i.AbstractProblemLoader Init config took 2.83s 
86286      INFO  main            d.u.i.k.p.i.AbstractProblemLoader Replaying proof PUZ001p1.key 
86288      DEBUG main            d.u.i.k.p.i.IntermediateProofReplayer Proof replay took 6.6ns 
89708      INFO  main            d.u.i.k.p.r.p.TestFile    ... finished proof: closed. 
89964      INFO  main            d.u.i.k.p.i.AbstractProblemLoader Loading environment from /home/runner/work/key/key/key.core/../key.ui/examples/standard_key/pred_log/tptp/PUZ/PUZ001p1.key.proof 
89965      DEBUG main            d.u.i.k.p.i.AbstractProblemLoader Environment load took 224ns 
89967      INFO  main            d.u.i.k.p.i.AbstractProblemLoader Creating init config 
92847      DEBUG main            d.u.i.k.p.i.AbstractProblemLoader Init config took 2.88s 
92865      INFO  main            d.u.i.k.p.i.AbstractProblemLoader Replaying proof PUZ001p1.key.proof 
93066      DEBUG main            d.u.i.k.p.i.IntermediateProofReplayer Proof replay took 191.34ms 
93068      DEBUG main            d.u.i.k.p.r.p.TestFile    ... success: reloaded. 
93069      INFO  main            d.u.i.k.p.r.p.TestFile    Now processing file /home/runner/work/key/key/key.core/../key.ui/examples/standard_key/pred_log/tptp/PUZ/PUZ001p1-eq.key 
93069      INFO  main            d.u.i.k.p.i.AbstractProblemLoader Loading environment from /home/runner/work/key/key/key.core/../key.ui/examples/standard_key/pred_log/tptp/PUZ/PUZ001p1-eq.key 
93069      DEBUG main            d.u.i.k.p.i.AbstractProblemLoader Environment load took 190.6ns 
93070      INFO  main            d.u.i.k.p.i.AbstractProblemLoader Creating init config 
96008      DEBUG main            d.u.i.k.p.i.AbstractProblemLoader Init config took 2.94s 
96024      INFO  main            d.u.i.k.p.i.AbstractProblemLoader Replaying proof PUZ001p1-eq.key 
96026      DEBUG main            d.u.i.k.p.i.IntermediateProofReplayer Proof replay took 7ns 
96231      INFO  main            d.u.i.k.p.r.p.TestFile    ... finished proof: closed. 
96482      INFO  main            d.u.i.k.p.i.AbstractProblemLoader Loading environment from /home/runner/work/key/key/key.core/../key.ui/examples/standard_key/pred_log/tptp/PUZ/PUZ001p1-eq.key.proof 
96483      DEBUG main            d.u.i.k.p.i.AbstractProblemLoader Environment load took 368.6ns 
96484      INFO  main            d.u.i.k.p.i.AbstractProblemLoader Creating init config 
99358      DEBUG main            d.u.i.k.p.i.AbstractProblemLoader Init config took 2.87s 
99374      INFO  main            d.u.i.k.p.i.AbstractProblemLoader Replaying proof PUZ001p1-eq.key.proof 
99390      DEBUG main            d.u.i.k.p.i.IntermediateProofReplayer Proof replay took 12.81ms 
99391      DEBUG main            d.u.i.k.p.r.p.TestFile    ... success: reloaded. 
99392      INFO  main            d.u.i.k.p.r.p.TestFile    Now processing file /home/runner/work/key/key/key.core/../key.ui/examples/standard_key/pred_log/tptp/PUZ/PUZ031p1.key 
99392      INFO  main            d.u.i.k.p.i.AbstractProblemLoader Loading environment from /home/runner/work/key/key/key.core/../key.ui/examples/standard_key/pred_log/tptp/PUZ/PUZ031p1.key 
99392      DEBUG main            d.u.i.k.p.i.AbstractProblemLoader Environment load took 202.8ns 
99394      INFO  main            d.u.i.k.p.i.AbstractProblemLoader Creating init config 
102279     DEBUG main            d.u.i.k.p.i.AbstractProblemLoader Init config took 2.89s 
102295     INFO  main            d.u.i.k.p.i.AbstractProblemLoader Replaying proof PUZ031p1.key 
102297     DEBUG main            d.u.i.k.p.i.IntermediateProofReplayer Proof replay took 7.4ns 
111956     INFO  main            d.u.i.k.p.r.p.TestFile    ... finished proof: closed. 
112204     INFO  main            d.u.i.k.p.i.AbstractProblemLoader Loading environment from /home/runner/work/key/key/key.core/../key.ui/examples/standard_key/pred_log/tptp/PUZ/PUZ031p1.key.proof 
112204     DEBUG main            d.u.i.k.p.i.AbstractProblemLoader Environment load took 144.1ns 
112206     INFO  main            d.u.i.k.p.i.AbstractProblemLoader Creating init config 
114945     DEBUG main            d.u.i.k.p.i.AbstractProblemLoader Init config took 2.74s 
114961     INFO  main            d.u.i.k.p.i.AbstractProblemLoader Replaying proof PUZ031p1.key.proof 
115027     DEBUG main            d.u.i.k.p.i.IntermediateProofReplayer Proof replay took 60.62ms 
115028     DEBUG main            d.u.i.k.p.r.p.TestFile    ... success: reloaded. 
115029     INFO  main            d.u.i.k.p.r.p.TestFile    Now processing file /home/runner/work/key/key/key.core/../key.ui/examples/standard_key/pred_log/tptp/SET/SET027p3.key 
115030     INFO  main            d.u.i.k.p.i.AbstractProblemLoader Loading environment from /home/runner/work/key/key/key.core/../key.ui/examples/standard_key/pred_log/tptp/SET/SET027p3.key 
115030     DEBUG main            d.u.i.k.p.i.AbstractProblemLoader Environment load took 221.6ns 
115031     INFO  main            d.u.i.k.p.i.AbstractProblemLoader Creating init config 
117946     DEBUG main            d.u.i.k.p.i.AbstractProblemLoader Init config took 2.91s 
117960     INFO  main            d.u.i.k.p.i.AbstractProblemLoader Replaying proof SET027p3.key 
117961     DEBUG main            d.u.i.k.p.i.IntermediateProofReplayer Proof replay took 19.4ns 
118064     INFO  main            d.u.i.k.p.r.p.TestFile    ... finished proof: closed. 
118318     INFO  main            d.u.i.k.p.i.AbstractProblemLoader Loading environment from /home/runner/work/key/key/key.core/../key.ui/examples/standard_key/pred_log/tptp/SET/SET027p3.key.proof 
118318     DEBUG main            d.u.i.k.p.i.AbstractProblemLoader Environment load took 117.9ns 
118320     INFO  main            d.u.i.k.p.i.AbstractProblemLoader Creating init config 
121101     DEBUG main            d.u.i.k.p.i.AbstractProblemLoader Init config took 2.78s 
121115     INFO  main            d.u.i.k.p.i.AbstractProblemLoader Replaying proof SET027p3.key.proof 
121122     DEBUG main            d.u.i.k.p.i.IntermediateProofReplayer Proof replay took 4.66ms 
121123     DEBUG main            d.u.i.k.p.r.p.TestFile    ... success: reloaded. 
121123     INFO  main            d.u.i.k.p.r.p.TestFile    Now processing file /home/runner/work/key/key/key.core/../key.ui/examples/standard_key/pred_log/tptp/SET/SET043p1.key 
121124     INFO  main            d.u.i.k.p.i.AbstractProblemLoader Loading environment from /home/runner/work/key/key/key.core/../key.ui/examples/standard_key/pred_log/tptp/SET/SET043p1.key 
121124     DEBUG main            d.u.i.k.p.i.AbstractProblemLoader Environment load took 197.1ns 
121125     INFO  main            d.u.i.k.p.i.AbstractProblemLoader Creating init config 
123967     DEBUG main            d.u.i.k.p.i.AbstractProblemLoader Init config took 2.84s 
123981     INFO  main            d.u.i.k.p.i.AbstractProblemLoader Replaying proof SET043p1.key 
123982     DEBUG main            d.u.i.k.p.i.IntermediateProofReplayer Proof replay took 7.7ns 
124085     INFO  main            d.u.i.k.p.r.p.TestFile    ... finished proof: closed. 
124329     INFO  main            d.u.i.k.p.i.AbstractProblemLoader Loading environment from /home/runner/work/key/key/key.core/../key.ui/examples/standard_key/pred_log/tptp/SET/SET043p1.key.proof 
124329     DEBUG main            d.u.i.k.p.i.AbstractProblemLoader Environment load took 180.4ns 
124330     INFO  main            d.u.i.k.p.i.AbstractProblemLoader Creating init config 
127190     DEBUG main            d.u.i.k.p.i.AbstractProblemLoader Init config took 2.86s 
127205     INFO  main            d.u.i.k.p.i.AbstractProblemLoader Replaying proof SET043p1.key.proof 
127212     DEBUG main            d.u.i.k.p.i.IntermediateProofReplayer Proof replay took 1.57ms 
127214     DEBUG main            d.u.i.k.p.r.p.TestFile    ... success: reloaded. 
127214     INFO  main            d.u.i.k.p.r.p.TestFile    Now processing file /home/runner/work/key/key/key.core/../key.ui/examples/standard_key/pred_log/tptp/SET/SET045p1.key 
127215     INFO  main            d.u.i.k.p.i.AbstractProblemLoader Loading environment from /home/runner/work/key/key/key.core/../key.ui/examples/standard_key/pred_log/tptp/SET/SET045p1.key 
127215     DEBUG main            d.u.i.k.p.i.AbstractProblemLoader Environment load took 192ns 
127216     INFO  main            d.u.i.k.p.i.AbstractProblemLoader Creating init config 
130085     DEBUG main            d.u.i.k.p.i.AbstractProblemLoader Init config took 2.87s 
130102     INFO  main            d.u.i.k.p.i.AbstractProblemLoader Replaying proof SET045p1.key 
130104     DEBUG main            d.u.i.k.p.i.IntermediateProofReplayer Proof replay took 7.1ns 
130206     INFO  main            d.u.i.k.p.r.p.TestFile    ... finished proof: closed. 
130464     INFO  main            d.u.i.k.p.i.AbstractProblemLoader Loading environment from /home/runner/work/key/key/key.core/../key.ui/examples/standard_key/pred_log/tptp/SET/SET045p1.key.proof 
130464     DEBUG main            d.u.i.k.p.i.AbstractProblemLoader Environment load took 113.6ns 
130465     INFO  main            d.u.i.k.p.i.AbstractProblemLoader Creating init config 
133271     DEBUG main            d.u.i.k.p.i.AbstractProblemLoader Init config took 2.81s 
133298     INFO  main            d.u.i.k.p.i.AbstractProblemLoader Replaying proof SET045p1.key.proof 
133303     DEBUG main            d.u.i.k.p.i.IntermediateProofReplayer Proof replay took 3.42ms 
133304     DEBUG main            d.u.i.k.p.r.p.TestFile    ... success: reloaded. 
133305     INFO  main            d.u.i.k.p.r.p.TestFile    Now processing file /home/runner/work/key/key/key.core/../key.ui/examples/standard_key/pred_log/tptp/SET/SET062p3.key 
133305     INFO  main            d.u.i.k.p.i.AbstractProblemLoader Loading environment from /home/runner/work/key/key/key.core/../key.ui/examples/standard_key/pred_log/tptp/SET/SET062p3.key 
133305     DEBUG main            d.u.i.k.p.i.AbstractProblemLoader Environment load took 109.6ns 
133306     INFO  main            d.u.i.k.p.i.AbstractProblemLoader Creating init config 
136156     DEBUG main            d.u.i.k.p.i.AbstractProblemLoader Init config took 2.85s 
136170     INFO  main            d.u.i.k.p.i.AbstractProblemLoader Replaying proof SET062p3.key 
136171     DEBUG main            d.u.i.k.p.i.IntermediateProofReplayer Proof replay took 7.3ns 
136273     INFO  main            d.u.i.k.p.r.p.TestFile    ... finished proof: closed. 
136535     INFO  main            d.u.i.k.p.i.AbstractProblemLoader Loading environment from /home/runner/work/key/key/key.core/../key.ui/examples/standard_key/pred_log/tptp/SET/SET062p3.key.proof 
136535     DEBUG main            d.u.i.k.p.i.AbstractProblemLoader Environment load took 352.9ns 
136538     INFO  main            d.u.i.k.p.i.AbstractProblemLoader Creating init config 
139293     DEBUG main            d.u.i.k.p.i.AbstractProblemLoader Init config took 2.76s 
139307     INFO  main            d.u.i.k.p.i.AbstractProblemLoader Replaying proof SET062p3.key.proof 
139325     DEBUG main            d.u.i.k.p.i.IntermediateProofReplayer Proof replay took 15.63ms 
139326     DEBUG main            d.u.i.k.p.r.p.TestFile    ... success: reloaded. 
139326     INFO  main            d.u.i.k.p.r.p.TestFile    Now processing file /home/runner/work/key/key/key.core/../key.ui/examples/standard_key/pred_log/tptp/SET/SET063p3.key 
139327     INFO  main            d.u.i.k.p.i.AbstractProblemLoader Loading environment from /home/runner/work/key/key/key.core/../key.ui/examples/standard_key/pred_log/tptp/SET/SET063p3.key 
139327     DEBUG main            d.u.i.k.p.i.AbstractProblemLoader Environment load took 76ns 
139328     INFO  main            d.u.i.k.p.i.AbstractProblemLoader Creating init config 
142164     DEBUG main            d.u.i.k.p.i.AbstractProblemLoader Init config took 2.84s 
142178     INFO  main            d.u.i.k.p.i.AbstractProblemLoader Replaying proof SET063p3.key 
142180     DEBUG main            d.u.i.k.p.i.IntermediateProofReplayer Proof replay took 6.8ns 
142286     INFO  main            d.u.i.k.p.r.p.TestFile    ... finished proof: closed. 
142553     INFO  main            d.u.i.k.p.i.AbstractProblemLoader Loading environment from /home/runner/work/key/key/key.core/../key.ui/examples/standard_key/pred_log/tptp/SET/SET063p3.key.proof 
142553     DEBUG main            d.u.i.k.p.i.AbstractProblemLoader Environment load took 125.8ns 
142554     INFO  main            d.u.i.k.p.i.AbstractProblemLoader Creating init config 
145272     DEBUG main            d.u.i.k.p.i.AbstractProblemLoader Init config took 2.72s 
145286     INFO  main            d.u.i.k.p.i.AbstractProblemLoader Replaying proof SET063p3.key.proof 
145293     DEBUG main            d.u.i.k.p.i.IntermediateProofReplayer Proof replay took 4.55ms 
145294     DEBUG main            d.u.i.k.p.r.p.TestFile    ... success: reloaded. 
145294     INFO  main            d.u.i.k.p.r.p.TestFile    Now processing file /home/runner/work/key/key/key.core/../key.ui/examples/standard_key/pred_log/tptp/SYN/SYN036p2.key 
145295     INFO  main            d.u.i.k.p.i.AbstractProblemLoader Loading environment from /home/runner/work/key/key/key.core/../key.ui/examples/standard_key/pred_log/tptp/SYN/SYN036p2.key 
145295     DEBUG main            d.u.i.k.p.i.AbstractProblemLoader Environment load took 115.6ns 
145296     INFO  main            d.u.i.k.p.i.AbstractProblemLoader Creating init config 
148237     DEBUG main            d.u.i.k.p.i.AbstractProblemLoader Init config took 2.94s 
148251     INFO  main            d.u.i.k.p.i.AbstractProblemLoader Replaying proof SYN036p2.key 
148252     DEBUG main            d.u.i.k.p.i.IntermediateProofReplayer Proof replay took 7.9ns 
148561     INFO  main            d.u.i.k.p.r.p.TestFile    ... finished proof: closed. 
148901     INFO  main            d.u.i.k.p.i.AbstractProblemLoader Loading environment from /home/runner/work/key/key/key.core/../key.ui/examples/standard_key/pred_log/tptp/SYN/SYN036p2.key.proof 
148902     DEBUG main            d.u.i.k.p.i.AbstractProblemLoader Environment load took 387.4ns 
148903     INFO  main            d.u.i.k.p.i.AbstractProblemLoader Creating init config 
151738     DEBUG main            d.u.i.k.p.i.AbstractProblemLoader Init config took 2.84s 
151752     INFO  main            d.u.i.k.p.i.AbstractProblemLoader Replaying proof SYN036p2.key.proof 
151849     DEBUG main            d.u.i.k.p.i.IntermediateProofReplayer Proof replay took 88.72ms 
151851     DEBUG main            d.u.i.k.p.r.p.TestFile    ... success: reloaded. 
151852     INFO  main            d.u.i.k.p.r.p.TestFile    Now processing file /home/runner/work/key/key/key.core/../key.ui/examples/standard_key/pred_log/tptp/SYN/SYN550p1.key 
151852     INFO  main            d.u.i.k.p.i.AbstractProblemLoader Loading environment from /home/runner/work/key/key/key.core/../key.ui/examples/standard_key/pred_log/tptp/SYN/SYN550p1.key 
151852     DEBUG main            d.u.i.k.p.i.AbstractProblemLoader Environment load took 98.8ns 
151853     INFO  main            d.u.i.k.p.i.AbstractProblemLoader Creating init config 
154776     DEBUG main            d.u.i.k.p.i.AbstractProblemLoader Init config took 2.92s 
154791     INFO  main            d.u.i.k.p.i.AbstractProblemLoader Replaying proof SYN550p1.key 
154793     DEBUG main            d.u.i.k.p.i.IntermediateProofReplayer Proof replay took 7.3ns 
158017     INFO  main            d.u.i.k.p.r.p.TestFile    ... finished proof: closed. 
158312     INFO  main            d.u.i.k.p.i.AbstractProblemLoader Loading environment from /home/runner/work/key/key/key.core/../key.ui/examples/standard_key/pred_log/tptp/SYN/SYN550p1.key.proof 
158312     DEBUG main            d.u.i.k.p.i.AbstractProblemLoader Environment load took 410.9ns 
158314     INFO  main            d.u.i.k.p.i.AbstractProblemLoader Creating init config 
161142     DEBUG main            d.u.i.k.p.i.AbstractProblemLoader Init config took 2.83s 
161157     INFO  main            d.u.i.k.p.i.AbstractProblemLoader Replaying proof SYN550p1.key.proof 
161248     DEBUG main            d.u.i.k.p.i.IntermediateProofReplayer Proof replay took 84.05ms 
161249     DEBUG main            d.u.i.k.p.r.p.TestFile    ... success: reloaded. 
161250     INFO  main            d.u.i.k.p.r.p.TestFile    Now processing file /home/runner/work/key/key/key.core/../key.ui/examples/standard_key/prop_log/reallySimple.key 
161250     INFO  main            d.u.i.k.p.i.AbstractProblemLoader Loading environment from /home/runner/work/key/key/key.core/../key.ui/examples/standard_key/prop_log/reallySimple.key 
161250     DEBUG main            d.u.i.k.p.i.AbstractProblemLoader Environment load took 199.6ns 
161251     INFO  main            d.u.i.k.p.i.AbstractProblemLoader Creating init config 
164219     DEBUG main            d.u.i.k.p.i.AbstractProblemLoader Init config took 2.97s 
164232     INFO  main            d.u.i.k.p.i.AbstractProblemLoader Replaying proof reallySimple.key 
164233     DEBUG main            d.u.i.k.p.i.IntermediateProofReplayer Proof replay took 6.3ns 
164339     INFO  main            d.u.i.k.p.r.p.TestFile    ... finished proof: open goal(s) 
164664     INFO  main            d.u.i.k.p.r.p.TestFile    Now processing file /home/runner/work/key/key/key.core/../key.ui/examples/standard_key/pred_log/sameName1.key 
164664     INFO  main            d.u.i.k.p.i.AbstractProblemLoader Loading environment from /home/runner/work/key/key/key.core/../key.ui/examples/standard_key/pred_log/sameName1.key 
164664     DEBUG main            d.u.i.k.p.i.AbstractProblemLoader Environment load took 71ns 
164666     INFO  main            d.u.i.k.p.i.AbstractProblemLoader Creating init config 
167444     DEBUG main            d.u.i.k.p.i.AbstractProblemLoader Init config took 2.78s 
167458     INFO  main            d.u.i.k.p.i.AbstractProblemLoader Replaying proof sameName1.key 
167462     DEBUG main            d.u.i.k.p.i.IntermediateProofReplayer Proof replay took 7ns 
167564     INFO  main            d.u.i.k.p.r.p.TestFile    ... finished proof: open goal(s) 
167841     INFO  main            d.u.i.k.p.r.p.TestFile    Now processing file /home/runner/work/key/key/key.core/../key.ui/examples/standard_key/pred_log/jbyteIfEx.key 
167841     INFO  main            d.u.i.k.p.i.AbstractProblemLoader Loading environment from /home/runner/work/key/key/key.core/../key.ui/examples/standard_key/pred_log/jbyteIfEx.key 
167841     DEBUG main            d.u.i.k.p.i.AbstractProblemLoader Environment load took 68.2ns 
167842     INFO  main            d.u.i.k.p.i.AbstractProblemLoader Creating init config 
170721     DEBUG main            d.u.i.k.p.i.AbstractProblemLoader Init config took 2.88s 
170733     INFO  main            d.u.i.k.p.i.AbstractProblemLoader Replaying proof jbyteIfEx.key 
170735     DEBUG main            d.u.i.k.p.i.IntermediateProofReplayer Proof replay took 6.3ns 
170838     INFO  main            d.u.i.k.p.r.p.TestFile    ... finished proof: closed. 
171109     INFO  main            d.u.i.k.p.i.AbstractProblemLoader Loading environment from /home/runner/work/key/key/key.core/../key.ui/examples/standard_key/pred_log/jbyteIfEx.key.proof 
171109     DEBUG main            d.u.i.k.p.i.AbstractProblemLoader Environment load took 114.9ns 
171110     INFO  main            d.u.i.k.p.i.AbstractProblemLoader Creating init config 
173889     DEBUG main            d.u.i.k.p.i.AbstractProblemLoader Init config took 2.78s 
173904     INFO  main            d.u.i.k.p.i.AbstractProblemLoader Replaying proof jbyteIfEx.key.proof 
173912     DEBUG main            d.u.i.k.p.i.IntermediateProofReplayer Proof replay took 6.7ms 
173914     DEBUG main            d.u.i.k.p.r.p.TestFile    ... success: reloaded. 
173915     INFO  main            d.u.i.k.p.r.p.TestFile    Now processing file /home/runner/work/key/key/key.core/../key.ui/examples/standard_key/prop_log/allClausesLength4.key 
173915     INFO  main            d.u.i.k.p.i.AbstractProblemLoader Loading environment from /home/runner/work/key/key/key.core/../key.ui/examples/standard_key/prop_log/allClausesLength4.key 
173915     DEBUG main            d.u.i.k.p.i.AbstractProblemLoader Environment load took 192.9ns 
173917     INFO  main            d.u.i.k.p.i.AbstractProblemLoader Creating init config 
176898     DEBUG main            d.u.i.k.p.i.AbstractProblemLoader Init config took 2.98s 
176912     INFO  main            d.u.i.k.p.i.AbstractProblemLoader Replaying proof allClausesLength4.key 
176913     DEBUG main            d.u.i.k.p.i.IntermediateProofReplayer Proof replay took 6.8ns 
177017     INFO  main            d.u.i.k.p.r.p.TestFile    ... finished proof: closed. 
177335     INFO  main            d.u.i.k.p.i.AbstractProblemLoader Loading environment from /home/runner/work/key/key/key.core/../key.ui/examples/standard_key/prop_log/allClausesLength4.key.proof 
177335     DEBUG main            d.u.i.k.p.i.AbstractProblemLoader Environment load took 121.8ns 
177336     INFO  main            d.u.i.k.p.i.AbstractProblemLoader Creating init config 
180169     DEBUG main            d.u.i.k.p.i.AbstractProblemLoader Init config took 2.83s 
180182     INFO  main            d.u.i.k.p.i.AbstractProblemLoader Replaying proof allClausesLength4.key.proof 
180201     DEBUG main            d.u.i.k.p.i.IntermediateProofReplayer Proof replay took 15.85ms 
180202     DEBUG main            d.u.i.k.p.r.p.TestFile    ... success: reloaded. 
180203     INFO  main            d.u.i.k.p.r.p.TestFile    Now processing file /home/runner/work/key/key/key.core/../key.ui/examples/standard_key/prop_log/allClausesLength5.key 
180203     INFO  main            d.u.i.k.p.i.AbstractProblemLoader Loading environment from /home/runner/work/key/key/key.core/../key.ui/examples/standard_key/prop_log/allClausesLength5.key 
180203     DEBUG main            d.u.i.k.p.i.AbstractProblemLoader Environment load took 110.1ns 
180205     INFO  main            d.u.i.k.p.i.AbstractProblemLoader Creating init config 
183136     DEBUG main            d.u.i.k.p.i.AbstractProblemLoader Init config took 2.93s 
183152     INFO  main            d.u.i.k.p.i.AbstractProblemLoader Replaying proof allClausesLength5.key 
183153     DEBUG main            d.u.i.k.p.i.IntermediateProofReplayer Proof replay took 7.6ns 
183457     INFO  main            d.u.i.k.p.r.p.TestFile    ... finished proof: closed. 
183767     INFO  main            d.u.i.k.p.i.AbstractProblemLoader Loading environment from /home/runner/work/key/key/key.core/../key.ui/examples/standard_key/prop_log/allClausesLength5.key.proof 
183767     DEBUG main            d.u.i.k.p.i.AbstractProblemLoader Environment load took 339.4ns 
183769     INFO  main            d.u.i.k.p.i.AbstractProblemLoader Creating init config 
186698     DEBUG main            d.u.i.k.p.i.AbstractProblemLoader Init config took 2.93s 
186715     INFO  main            d.u.i.k.p.i.AbstractProblemLoader Replaying proof allClausesLength5.key.proof 
186760     DEBUG main            d.u.i.k.p.i.IntermediateProofReplayer Proof replay took 40.75ms 
186762     DEBUG main            d.u.i.k.p.r.p.TestFile    ... success: reloaded. 
186762     INFO  main            d.u.i.k.p.r.p.TestFile    Now processing file /home/runner/work/key/key/key.core/../key.ui/examples/standard_key/prop_log/doubleNeg.key 
186763     INFO  main            d.u.i.k.p.i.AbstractProblemLoader Loading environment from /home/runner/work/key/key/key.core/../key.ui/examples/standard_key/prop_log/doubleNeg.key 
186763     DEBUG main            d.u.i.k.p.i.AbstractProblemLoader Environment load took 98.7ns 
186764     INFO  main            d.u.i.k.p.i.AbstractProblemLoader Creating init config 
189668     DEBUG main            d.u.i.k.p.i.AbstractProblemLoader Init config took 2.9s 
189681     INFO  main            d.u.i.k.p.i.AbstractProblemLoader Replaying proof doubleNeg.key 
189683     DEBUG main            d.u.i.k.p.i.IntermediateProofReplayer Proof replay took 7.7ns 
189785     INFO  main            d.u.i.k.p.r.p.TestFile    ... finished proof: closed. 
190113     INFO  main            d.u.i.k.p.i.AbstractProblemLoader Loading environment from /home/runner/work/key/key/key.core/../key.ui/examples/standard_key/prop_log/doubleNeg.key.proof 
190114     DEBUG main            d.u.i.k.p.i.AbstractProblemLoader Environment load took 107.4ns 
190115     INFO  main            d.u.i.k.p.i.AbstractProblemLoader Creating init config 
192939     DEBUG main            d.u.i.k.p.i.AbstractProblemLoader Init config took 2.82s 
192954     INFO  main            d.u.i.k.p.i.AbstractProblemLoader Replaying proof doubleNeg.key.proof 
192956     DEBUG main            d.u.i.k.p.i.IntermediateProofReplayer Proof replay took 363.7ns 
192957     DEBUG main            d.u.i.k.p.r.p.TestFile    ... success: reloaded. 
192958     INFO  main            d.u.i.k.p.r.p.TestFile    Now processing file /home/runner/work/key/key/key.core/../key.ui/examples/standard_key/prop_log/liarsville.key 
192958     INFO  main            d.u.i.k.p.i.AbstractProblemLoader Loading environment from /home/runner/work/key/key/key.core/../key.ui/examples/standard_key/prop_log/liarsville.key 
192958     DEBUG main            d.u.i.k.p.i.AbstractProblemLoader Environment load took 176.3ns 
192960     INFO  main            d.u.i.k.p.i.AbstractProblemLoader Creating init config 
195853     DEBUG main            d.u.i.k.p.i.AbstractProblemLoader Init config took 2.89s 
195867     INFO  main            d.u.i.k.p.i.AbstractProblemLoader Replaying proof liarsville.key 
195869     DEBUG main            d.u.i.k.p.i.IntermediateProofReplayer Proof replay took 8.6ns 
195974     INFO  main            d.u.i.k.p.r.p.TestFile    ... finished proof: closed. 
196274     INFO  main            d.u.i.k.p.i.AbstractProblemLoader Loading environment from /home/runner/work/key/key/key.core/../key.ui/examples/standard_key/prop_log/liarsville.key.proof 
196274     DEBUG main            d.u.i.k.p.i.AbstractProblemLoader Environment load took 99.2ns 
196275     INFO  main            d.u.i.k.p.i.AbstractProblemLoader Creating init config 
199097     DEBUG main            d.u.i.k.p.i.AbstractProblemLoader Init config took 2.82s 
199111     INFO  main            d.u.i.k.p.i.AbstractProblemLoader Replaying proof liarsville.key.proof 
199113     DEBUG main            d.u.i.k.p.i.IntermediateProofReplayer Proof replay took 1.07ms 
199114     DEBUG main            d.u.i.k.p.r.p.TestFile    ... success: reloaded. 
199114     INFO  main            d.u.i.k.p.r.p.TestFile    Now processing file /home/runner/work/key/key/key.core/../key.ui/examples/standard_key/prop_log/simplest.key 
199115     INFO  main            d.u.i.k.p.i.AbstractProblemLoader Loading environment from /home/runner/work/key/key/key.core/../key.ui/examples/standard_key/prop_log/simplest.key 
199115     DEBUG main            d.u.i.k.p.i.AbstractProblemLoader Environment load took 111.7ns 
199116     INFO  main            d.u.i.k.p.i.AbstractProblemLoader Creating init config 
201886     DEBUG main            d.u.i.k.p.i.AbstractProblemLoader Init config took 2.77s 
201900     INFO  main            d.u.i.k.p.i.AbstractProblemLoader Replaying proof simplest.key 
201901     DEBUG main            d.u.i.k.p.i.IntermediateProofReplayer Proof replay took 30ns 
202003     INFO  main            d.u.i.k.p.r.p.TestFile    ... finished proof: closed. 
202319     INFO  main            d.u.i.k.p.i.AbstractProblemLoader Loading environment from /home/runner/work/key/key/key.core/../key.ui/examples/standard_key/prop_log/simplest.key.proof 
202319     DEBUG main            d.u.i.k.p.i.AbstractProblemLoader Environment load took 103.5ns 
202320     INFO  main            d.u.i.k.p.i.AbstractProblemLoader Creating init config 
205093     DEBUG main            d.u.i.k.p.i.AbstractProblemLoader Init config took 2.77s 
205107     INFO  main            d.u.i.k.p.i.AbstractProblemLoader Replaying proof simplest.key.proof 
205109     DEBUG main            d.u.i.k.p.i.IntermediateProofReplayer Proof replay took 89.2ns 
205109     DEBUG main            d.u.i.k.p.r.p.TestFile    ... success: reloaded. 
205110     INFO  main            d.u.i.k.p.r.p.TestFile    Now processing file /home/runner/work/key/key/key.core/../key.ui/examples/standard_key/prop_log/contraposition.key 
205110     INFO  main            d.u.i.k.p.i.AbstractProblemLoader Loading environment from /home/runner/work/key/key/key.core/../key.ui/examples/standard_key/prop_log/contraposition.key 
205110     DEBUG main            d.u.i.k.p.i.AbstractProblemLoader Environment load took 104.9ns 
205111     INFO  main            d.u.i.k.p.i.AbstractProblemLoader Creating init config 
207903     DEBUG main            d.u.i.k.p.i.AbstractProblemLoader Init config took 2.79s 
207918     INFO  main            d.u.i.k.p.i.AbstractProblemLoader Replaying proof contraposition.key 
207919     DEBUG main            d.u.i.k.p.i.IntermediateProofReplayer Proof replay took 6.6ns 
208021     INFO  main            d.u.i.k.p.r.p.TestFile    ... finished proof: closed. 
208355     INFO  main            d.u.i.k.p.i.AbstractProblemLoader Loading environment from /home/runner/work/key/key/key.core/../key.ui/examples/standard_key/prop_log/contraposition.key.proof 
208355     DEBUG main            d.u.i.k.p.i.AbstractProblemLoader Environment load took 103.8ns 
208356     INFO  main            d.u.i.k.p.i.AbstractProblemLoader Creating init config 
211111     DEBUG main            d.u.i.k.p.i.AbstractProblemLoader Init config took 2.76s 
211124     INFO  main            d.u.i.k.p.i.AbstractProblemLoader Replaying proof contraposition.key.proof 
211126     DEBUG main            d.u.i.k.p.i.IntermediateProofReplayer Proof replay took 505.3ns 
211127     DEBUG main            d.u.i.k.p.r.p.TestFile    ... success: reloaded. 
211128     INFO  main            d.u.i.k.p.r.p.TestFile    Now processing file /home/runner/work/key/key/key.core/../key.ui/examples/standard_key/quantifiers/elimination0.key 
211128     INFO  main            d.u.i.k.p.i.AbstractProblemLoader Loading environment from /home/runner/work/key/key/key.core/../key.ui/examples/standard_key/quantifiers/elimination0.key 
211128     DEBUG main            d.u.i.k.p.i.AbstractProblemLoader Environment load took 82.4ns 
211129     INFO  main            d.u.i.k.p.i.AbstractProblemLoader Creating init config 
213915     DEBUG main            d.u.i.k.p.i.AbstractProblemLoader Init config took 2.79s 
213928     INFO  main            d.u.i.k.p.i.AbstractProblemLoader Replaying proof elimination0.key 
213930     DEBUG main            d.u.i.k.p.i.IntermediateProofReplayer Proof replay took 7.2ns 
214034     INFO  main            d.u.i.k.p.r.p.TestFile    ... finished proof: closed. 
214366     INFO  main            d.u.i.k.p.i.AbstractProblemLoader Loading environment from /home/runner/work/key/key/key.core/../key.ui/examples/standard_key/quantifiers/elimination0.key.proof 
214366     DEBUG main            d.u.i.k.p.i.AbstractProblemLoader Environment load took 105.1ns 
214367     INFO  main            d.u.i.k.p.i.AbstractProblemLoader Creating init config 
217211     DEBUG main            d.u.i.k.p.i.AbstractProblemLoader Init config took 2.84s 
217226     INFO  main            d.u.i.k.p.i.AbstractProblemLoader Replaying proof elimination0.key.proof 
217228     DEBUG main            d.u.i.k.p.i.IntermediateProofReplayer Proof replay took 1.01ms 
217229     DEBUG main            d.u.i.k.p.r.p.TestFile    ... success: reloaded. 
217230     INFO  main            d.u.i.k.p.r.p.TestFile    Now processing file /home/runner/work/key/key/key.core/../key.ui/examples/standard_key/quantifiers/heuristic_PUZ001p1-eq.key 
217230     INFO  main            d.u.i.k.p.i.AbstractProblemLoader Loading environment from /home/runner/work/key/key/key.core/../key.ui/examples/standard_key/quantifiers/heuristic_PUZ001p1-eq.key 
217230     DEBUG main            d.u.i.k.p.i.AbstractProblemLoader Environment load took 107.1ns 
217231     INFO  main            d.u.i.k.p.i.AbstractProblemLoader Creating init config 
220087     DEBUG main            d.u.i.k.p.i.AbstractProblemLoader Init config took 2.86s 
220101     INFO  main            d.u.i.k.p.i.AbstractProblemLoader Replaying proof heuristic_PUZ001p1-eq.key 
220103     DEBUG main            d.u.i.k.p.i.IntermediateProofReplayer Proof replay took 7ns 
220205     INFO  main            d.u.i.k.p.r.p.TestFile    ... finished proof: closed. 
220577     INFO  main            d.u.i.k.p.i.AbstractProblemLoader Loading environment from /home/runner/work/key/key/key.core/../key.ui/examples/standard_key/quantifiers/heuristic_PUZ001p1-eq.key.proof 
220578     DEBUG main            d.u.i.k.p.i.AbstractProblemLoader Environment load took 376.8ns 
220580     INFO  main            d.u.i.k.p.i.AbstractProblemLoader Creating init config 
223380     DEBUG main            d.u.i.k.p.i.AbstractProblemLoader Init config took 2.8s 
223395     INFO  main            d.u.i.k.p.i.AbstractProblemLoader Replaying proof heuristic_PUZ001p1-eq.key.proof 
223407     DEBUG main            d.u.i.k.p.i.IntermediateProofReplayer Proof replay took 9.5ms 
223408     DEBUG main            d.u.i.k.p.r.p.TestFile    ... success: reloaded. 
223409     INFO  main            d.u.i.k.p.r.p.TestFile    Now processing file /home/runner/work/key/key/key.core/../key.ui/examples/standard_key/quantifiers/heuristic_PUZ001p1.key 
223410     INFO  main            d.u.i.k.p.i.AbstractProblemLoader Loading environment from /home/runner/work/key/key/key.core/../key.ui/examples/standard_key/quantifiers/heuristic_PUZ001p1.key 
223410     DEBUG main            d.u.i.k.p.i.AbstractProblemLoader Environment load took 138.9ns 
223411     INFO  main            d.u.i.k.p.i.AbstractProblemLoader Creating init config 
226204     DEBUG main            d.u.i.k.p.i.AbstractProblemLoader Init config took 2.79s 
226221     INFO  main            d.u.i.k.p.i.AbstractProblemLoader Replaying proof heuristic_PUZ001p1.key 
226222     DEBUG main            d.u.i.k.p.i.IntermediateProofReplayer Proof replay took 6.9ns 
227631     INFO  main            d.u.i.k.p.r.p.TestFile    ... finished proof: closed. 
227998     INFO  main            d.u.i.k.p.i.AbstractProblemLoader Loading environment from /home/runner/work/key/key/key.core/../key.ui/examples/standard_key/quantifiers/heuristic_PUZ001p1.key.proof 
227999     DEBUG main            d.u.i.k.p.i.AbstractProblemLoader Environment load took 2.23ms 
228000     INFO  main            d.u.i.k.p.i.AbstractProblemLoader Creating init config 
230760     DEBUG main            d.u.i.k.p.i.AbstractProblemLoader Init config took 2.76s 
230777     INFO  main            d.u.i.k.p.i.AbstractProblemLoader Replaying proof heuristic_PUZ001p1.key.proof 
230823     DEBUG main            d.u.i.k.p.i.IntermediateProofReplayer Proof replay took 41.36ms 
230825     DEBUG main            d.u.i.k.p.r.p.TestFile    ... success: reloaded. 
230826     INFO  main            d.u.i.k.p.r.p.TestFile    Now processing file /home/runner/work/key/key/key.core/../key.ui/examples/standard_key/quantifiers/heuristic_PUZ031p1.key 
230826     INFO  main            d.u.i.k.p.i.AbstractProblemLoader Loading environment from /home/runner/work/key/key/key.core/../key.ui/examples/standard_key/quantifiers/heuristic_PUZ031p1.key 
230827     DEBUG main            d.u.i.k.p.i.AbstractProblemLoader Environment load took 238.7ns 
230828     INFO  main            d.u.i.k.p.i.AbstractProblemLoader Creating init config 
233616     DEBUG main            d.u.i.k.p.i.AbstractProblemLoader Init config took 2.79s 
233631     INFO  main            d.u.i.k.p.i.AbstractProblemLoader Replaying proof heuristic_PUZ031p1.key 
233632     DEBUG main            d.u.i.k.p.i.IntermediateProofReplayer Proof replay took 6.7ns 
239061     INFO  main            d.u.i.k.p.r.p.TestFile    ... finished proof: closed. 
239439     INFO  main            d.u.i.k.p.i.AbstractProblemLoader Loading environment from /home/runner/work/key/key/key.core/../key.ui/examples/standard_key/quantifiers/heuristic_PUZ031p1.key.proof 
239439     DEBUG main            d.u.i.k.p.i.AbstractProblemLoader Environment load took 485.5ns 
239441     INFO  main            d.u.i.k.p.i.AbstractProblemLoader Creating init config 
242187     DEBUG main            d.u.i.k.p.i.AbstractProblemLoader Init config took 2.75s 
242207     INFO  main            d.u.i.k.p.i.AbstractProblemLoader Replaying proof heuristic_PUZ031p1.key.proof 
242254     DEBUG main            d.u.i.k.p.i.IntermediateProofReplayer Proof replay took 41.69ms 
242255     DEBUG main            d.u.i.k.p.r.p.TestFile    ... success: reloaded. 
242256     INFO  main            d.u.i.k.p.r.p.TestFile    Now processing file /home/runner/work/key/key/key.core/../key.ui/examples/standard_key/quantifiers/heuristic_SYN036p2.key 
242257     INFO  main            d.u.i.k.p.i.AbstractProblemLoader Loading environment from /home/runner/work/key/key/key.core/../key.ui/examples/standard_key/quantifiers/heuristic_SYN036p2.key 
242257     DEBUG main            d.u.i.k.p.i.AbstractProblemLoader Environment load took 118.3ns 
242258     INFO  main            d.u.i.k.p.i.AbstractProblemLoader Creating init config 
245091     DEBUG main            d.u.i.k.p.i.AbstractProblemLoader Init config took 2.83s 
245105     INFO  main            d.u.i.k.p.i.AbstractProblemLoader Replaying proof heuristic_SYN036p2.key 
245107     DEBUG main            d.u.i.k.p.i.IntermediateProofReplayer Proof replay took 6.9ns 
245413     INFO  main            d.u.i.k.p.r.p.TestFile    ... finished proof: closed. 
245811     INFO  main            d.u.i.k.p.i.AbstractProblemLoader Loading environment from /home/runner/work/key/key/key.core/../key.ui/examples/standard_key/quantifiers/heuristic_SYN036p2.key.proof 
245811     DEBUG main            d.u.i.k.p.i.AbstractProblemLoader Environment load took 356.6ns 
245813     INFO  main            d.u.i.k.p.i.AbstractProblemLoader Creating init config 
248619     DEBUG main            d.u.i.k.p.i.AbstractProblemLoader Init config took 2.81s 
248633     INFO  main            d.u.i.k.p.i.AbstractProblemLoader Replaying proof heuristic_SYN036p2.key.proof 
248709     DEBUG main            d.u.i.k.p.i.IntermediateProofReplayer Proof replay took 66.81ms 
248711     DEBUG main            d.u.i.k.p.r.p.TestFile    ... success: reloaded. 
248712     INFO  main            d.u.i.k.p.r.p.TestFile    Now processing file /home/runner/work/key/key/key.core/../key.ui/examples/standard_key/quantifiers/injectivity.key 
248713     INFO  main            d.u.i.k.p.i.AbstractProblemLoader Loading environment from /home/runner/work/key/key/key.core/../key.ui/examples/standard_key/quantifiers/injectivity.key 
248713     DEBUG main            d.u.i.k.p.i.AbstractProblemLoader Environment load took 357.1ns 
248714     INFO  main            d.u.i.k.p.i.AbstractProblemLoader Creating init config 
251583     DEBUG main            d.u.i.k.p.i.AbstractProblemLoader Init config took 2.87s 
251596     INFO  main            d.u.i.k.p.i.AbstractProblemLoader Replaying proof injectivity.key 
251597     DEBUG main            d.u.i.k.p.i.IntermediateProofReplayer Proof replay took 6.9ns 
251699     INFO  main            d.u.i.k.p.r.p.TestFile    ... finished proof: closed. 
252069     INFO  main            d.u.i.k.p.i.AbstractProblemLoader Loading environment from /home/runner/work/key/key/key.core/../key.ui/examples/standard_key/quantifiers/injectivity.key.proof 
252069     DEBUG main            d.u.i.k.p.i.AbstractProblemLoader Environment load took 92.3ns 
252070     INFO  main            d.u.i.k.p.i.AbstractProblemLoader Creating init config 
254904     DEBUG main            d.u.i.k.p.i.AbstractProblemLoader Init config took 2.83s 
254918     INFO  main            d.u.i.k.p.i.AbstractProblemLoader Replaying proof injectivity.key.proof 
254922     DEBUG main            d.u.i.k.p.i.IntermediateProofReplayer Proof replay took 1.48ms 
254922     DEBUG main            d.u.i.k.p.r.p.TestFile    ... success: reloaded. 
254924     INFO  main            d.u.i.k.p.r.p.TestFile    Now processing file /home/runner/work/key/key/key.core/../key.ui/examples/standard_key/quantifiers/normalisation0.key 
254924     INFO  main            d.u.i.k.p.i.AbstractProblemLoader Loading environment from /home/runner/work/key/key/key.core/../key.ui/examples/standard_key/quantifiers/normalisation0.key 
254924     DEBUG main            d.u.i.k.p.i.AbstractProblemLoader Environment load took 196.5ns 
254926     INFO  main            d.u.i.k.p.i.AbstractProblemLoader Creating init config 
257692     DEBUG main            d.u.i.k.p.i.AbstractProblemLoader Init config took 2.77s 
257705     INFO  main            d.u.i.k.p.i.AbstractProblemLoader Replaying proof normalisation0.key 
257707     DEBUG main            d.u.i.k.p.i.IntermediateProofReplayer Proof replay took 6.6ns 
257809     INFO  main            d.u.i.k.p.r.p.TestFile    ... finished proof: closed. 
258173     INFO  main            d.u.i.k.p.i.AbstractProblemLoader Loading environment from /home/runner/work/key/key/key.core/../key.ui/examples/standard_key/quantifiers/normalisation0.key.proof 
258173     DEBUG main            d.u.i.k.p.i.AbstractProblemLoader Environment load took 94.7ns 
258174     INFO  main            d.u.i.k.p.i.AbstractProblemLoader Creating init config 
260882     DEBUG main            d.u.i.k.p.i.AbstractProblemLoader Init config took 2.71s 
260896     INFO  main            d.u.i.k.p.i.AbstractProblemLoader Replaying proof normalisation0.key.proof 
260899     DEBUG main            d.u.i.k.p.i.IntermediateProofReplayer Proof replay took 1.37ms 
260900     DEBUG main            d.u.i.k.p.r.p.TestFile    ... success: reloaded. 
260900     INFO  main            d.u.i.k.p.r.p.TestFile    Now processing file /home/runner/work/key/key/key.core/../key.ui/examples/standard_key/quantifiers/normalisation1.key 
260901     INFO  main            d.u.i.k.p.i.AbstractProblemLoader Loading environment from /home/runner/work/key/key/key.core/../key.ui/examples/standard_key/quantifiers/normalisation1.key 
260901     DEBUG main            d.u.i.k.p.i.AbstractProblemLoader Environment load took 102ns 
260902     INFO  main            d.u.i.k.p.i.AbstractProblemLoader Creating init config 
263695     DEBUG main            d.u.i.k.p.i.AbstractProblemLoader Init config took 2.79s 
263711     INFO  main            d.u.i.k.p.i.AbstractProblemLoader Replaying proof normalisation1.key 
263712     DEBUG main            d.u.i.k.p.i.IntermediateProofReplayer Proof replay took 7ns 
263819     INFO  main            d.u.i.k.p.r.p.TestFile    ... finished proof: closed. 
264230     INFO  main            d.u.i.k.p.i.AbstractProblemLoader Loading environment from /home/runner/work/key/key/key.core/../key.ui/examples/standard_key/quantifiers/normalisation1.key.proof 
264230     DEBUG main            d.u.i.k.p.i.AbstractProblemLoader Environment load took 98.4ns 
264231     INFO  main            d.u.i.k.p.i.AbstractProblemLoader Creating init config 
266969     DEBUG main            d.u.i.k.p.i.AbstractProblemLoader Init config took 2.74s 
266984     INFO  main            d.u.i.k.p.i.AbstractProblemLoader Replaying proof normalisation1.key.proof 
266987     DEBUG main            d.u.i.k.p.i.IntermediateProofReplayer Proof replay took 1.2ms 
266987     DEBUG main            d.u.i.k.p.r.p.TestFile    ... success: reloaded. 
266988     INFO  main            d.u.i.k.p.r.p.TestFile    Now processing file /home/runner/work/key/key/key.core/../key.ui/examples/standard_key/quantifiers/normalisation2.key 
266989     INFO  main            d.u.i.k.p.i.AbstractProblemLoader Loading environment from /home/runner/work/key/key/key.core/../key.ui/examples/standard_key/quantifiers/normalisation2.key 
266989     DEBUG main            d.u.i.k.p.i.AbstractProblemLoader Environment load took 144.7ns 
266990     INFO  main            d.u.i.k.p.i.AbstractProblemLoader Creating init config 
269818     DEBUG main            d.u.i.k.p.i.AbstractProblemLoader Init config took 2.83s 
269831     INFO  main            d.u.i.k.p.i.AbstractProblemLoader Replaying proof normalisation2.key 
269832     DEBUG main            d.u.i.k.p.i.IntermediateProofReplayer Proof replay took 6.8ns 
269934     INFO  main            d.u.i.k.p.r.p.TestFile    ... finished proof: closed. 
270333     INFO  main            d.u.i.k.p.i.AbstractProblemLoader Loading environment from /home/runner/work/key/key/key.core/../key.ui/examples/standard_key/quantifiers/normalisation2.key.proof 
270333     DEBUG main            d.u.i.k.p.i.AbstractProblemLoader Environment load took 103.7ns 
270334     INFO  main            d.u.i.k.p.i.AbstractProblemLoader Creating init config 
273225     DEBUG main            d.u.i.k.p.i.AbstractProblemLoader Init config took 2.89s 
273239     INFO  main            d.u.i.k.p.i.AbstractProblemLoader Replaying proof normalisation2.key.proof 
273242     DEBUG main            d.u.i.k.p.i.IntermediateProofReplayer Proof replay took 1.31ms 
273243     DEBUG main            d.u.i.k.p.r.p.TestFile    ... success: reloaded. 
273244     INFO  main            d.u.i.k.p.r.p.TestFile    Now processing file /home/runner/work/key/key/key.core/../key.ui/examples/standard_key/quantifiers/normalisation3.key 
273244     INFO  main            d.u.i.k.p.i.AbstractProblemLoader Loading environment from /home/runner/work/key/key/key.core/../key.ui/examples/standard_key/quantifiers/normalisation3.key 
273244     DEBUG main            d.u.i.k.p.i.AbstractProblemLoader Environment load took 67.2ns 
273245     INFO  main            d.u.i.k.p.i.AbstractProblemLoader Creating init config 
276052     DEBUG main            d.u.i.k.p.i.AbstractProblemLoader Init config took 2.81s 
276066     INFO  main            d.u.i.k.p.i.AbstractProblemLoader Replaying proof normalisation3.key 
276068     DEBUG main            d.u.i.k.p.i.IntermediateProofReplayer Proof replay took 7.2ns 
276170     INFO  main            d.u.i.k.p.r.p.TestFile    ... finished proof: closed. 
276551     INFO  main            d.u.i.k.p.i.AbstractProblemLoader Loading environment from /home/runner/work/key/key/key.core/../key.ui/examples/standard_key/quantifiers/normalisation3.key.proof 
276551     DEBUG main            d.u.i.k.p.i.AbstractProblemLoader Environment load took 104.4ns 
276553     INFO  main            d.u.i.k.p.i.AbstractProblemLoader Creating init config 
279424     DEBUG main            d.u.i.k.p.i.AbstractProblemLoader Init config took 2.87s 
279440     INFO  main            d.u.i.k.p.i.AbstractProblemLoader Replaying proof normalisation3.key.proof 
279443     DEBUG main            d.u.i.k.p.i.IntermediateProofReplayer Proof replay took 1.59ms 
279444     DEBUG main            d.u.i.k.p.r.p.TestFile    ... success: reloaded. 
279445     INFO  main            d.u.i.k.p.r.p.TestFile    Now processing file /home/runner/work/key/key/key.core/../key.ui/examples/standard_key/quantifiers/normalisation4.key 
279445     INFO  main            d.u.i.k.p.i.AbstractProblemLoader Loading environment from /home/runner/work/key/key/key.core/../key.ui/examples/standard_key/quantifiers/normalisation4.key 
279445     DEBUG main            d.u.i.k.p.i.AbstractProblemLoader Environment load took 93.2ns 
279447     INFO  main            d.u.i.k.p.i.AbstractProblemLoader Creating init config 
282362     DEBUG main            d.u.i.k.p.i.AbstractProblemLoader Init config took 2.92s 
282378     INFO  main            d.u.i.k.p.i.AbstractProblemLoader Replaying proof normalisation4.key 
282379     DEBUG main            d.u.i.k.p.i.IntermediateProofReplayer Proof replay took 7ns 
282481     INFO  main            d.u.i.k.p.r.p.TestFile    ... finished proof: closed. 
282888     INFO  main            d.u.i.k.p.i.AbstractProblemLoader Loading environment from /home/runner/work/key/key/key.core/../key.ui/examples/standard_key/quantifiers/normalisation4.key.proof 
282888     DEBUG main            d.u.i.k.p.i.AbstractProblemLoader Environment load took 95.5ns 
282889     INFO  main            d.u.i.k.p.i.AbstractProblemLoader Creating init config 
285663     DEBUG main            d.u.i.k.p.i.AbstractProblemLoader Init config took 2.77s 
285677     INFO  main            d.u.i.k.p.i.AbstractProblemLoader Replaying proof normalisation4.key.proof 
285681     DEBUG main            d.u.i.k.p.i.IntermediateProofReplayer Proof replay took 2.79ms 
285682     DEBUG main            d.u.i.k.p.r.p.TestFile    ... success: reloaded. 
285683     INFO  main            d.u.i.k.p.r.p.TestFile    Now processing file /home/runner/work/key/key/key.core/../key.ui/examples/standard_key/quantifiers/normalisation5.key 
285683     INFO  main            d.u.i.k.p.i.AbstractProblemLoader Loading environment from /home/runner/work/key/key/key.core/../key.ui/examples/standard_key/quantifiers/normalisation5.key 
285683     DEBUG main            d.u.i.k.p.i.AbstractProblemLoader Environment load took 101.2ns 
285685     INFO  main            d.u.i.k.p.i.AbstractProblemLoader Creating init config 
288456     DEBUG main            d.u.i.k.p.i.AbstractProblemLoader Init config took 2.77s 
288470     INFO  main            d.u.i.k.p.i.AbstractProblemLoader Replaying proof normalisation5.key 
288472     DEBUG main            d.u.i.k.p.i.IntermediateProofReplayer Proof replay took 7.1ns 
288573     INFO  main            d.u.i.k.p.r.p.TestFile    ... finished proof: closed. 
288983     INFO  main            d.u.i.k.p.i.AbstractProblemLoader Loading environment from /home/runner/work/key/key/key.core/../key.ui/examples/standard_key/quantifiers/normalisation5.key.proof 
288983     DEBUG main            d.u.i.k.p.i.AbstractProblemLoader Environment load took 121.5ns 
288984     INFO  main            d.u.i.k.p.i.AbstractProblemLoader Creating init config 
291790     DEBUG main            d.u.i.k.p.i.AbstractProblemLoader Init config took 2.81s 
291804     INFO  main            d.u.i.k.p.i.AbstractProblemLoader Replaying proof normalisation5.key.proof 
291807     DEBUG main            d.u.i.k.p.i.IntermediateProofReplayer Proof replay took 1.72ms 
291808     DEBUG main            d.u.i.k.p.r.p.TestFile    ... success: reloaded. 
291809     INFO  main            d.u.i.k.p.r.p.TestFile    Now processing file /home/runner/work/key/key/key.core/../key.ui/examples/standard_key/quantifiers/normalisation6.key 
291809     INFO  main            d.u.i.k.p.i.AbstractProblemLoader Loading environment from /home/runner/work/key/key/key.core/../key.ui/examples/standard_key/quantifiers/normalisation6.key 
291810     DEBUG main            d.u.i.k.p.i.AbstractProblemLoader Environment load took 178.9ns 
291810     INFO  main            d.u.i.k.p.i.AbstractProblemLoader Creating init config 
294577     DEBUG main            d.u.i.k.p.i.AbstractProblemLoader Init config took 2.77s 
294590     INFO  main            d.u.i.k.p.i.AbstractProblemLoader Replaying proof normalisation6.key 
294592     DEBUG main            d.u.i.k.p.i.IntermediateProofReplayer Proof replay took 6.8ns 
294694     INFO  main            d.u.i.k.p.r.p.TestFile    ... finished proof: closed. 
295094     INFO  main            d.u.i.k.p.i.AbstractProblemLoader Loading environment from /home/runner/work/key/key/key.core/../key.ui/examples/standard_key/quantifiers/normalisation6.key.proof 
295094     DEBUG main            d.u.i.k.p.i.AbstractProblemLoader Environment load took 91.4ns 
295095     INFO  main            d.u.i.k.p.i.AbstractProblemLoader Creating init config 
297882     DEBUG main            d.u.i.k.p.i.AbstractProblemLoader Init config took 2.79s 
297895     INFO  main            d.u.i.k.p.i.AbstractProblemLoader Replaying proof normalisation6.key.proof 
297898     DEBUG main            d.u.i.k.p.i.IntermediateProofReplayer Proof replay took 1.38ms 
297899     DEBUG main            d.u.i.k.p.r.p.TestFile    ... success: reloaded. 
297900     INFO  main            d.u.i.k.p.r.p.TestFile    Now processing file /home/runner/work/key/key/key.core/../key.ui/examples/standard_key/quantifiers/normalisation7.key 
297900     INFO  main            d.u.i.k.p.i.AbstractProblemLoader Loading environment from /home/runner/work/key/key/key.core/../key.ui/examples/standard_key/quantifiers/normalisation7.key 
297900     DEBUG main            d.u.i.k.p.i.AbstractProblemLoader Environment load took 121.8ns 
297901     INFO  main            d.u.i.k.p.i.AbstractProblemLoader Creating init config 
300695     DEBUG main            d.u.i.k.p.i.AbstractProblemLoader Init config took 2.79s 
300709     INFO  main            d.u.i.k.p.i.AbstractProblemLoader Replaying proof normalisation7.key 
300710     DEBUG main            d.u.i.k.p.i.IntermediateProofReplayer Proof replay took 7ns 
300812     INFO  main            d.u.i.k.p.r.p.TestFile    ... finished proof: closed. 
301209     INFO  main            d.u.i.k.p.i.AbstractProblemLoader Loading environment from /home/runner/work/key/key/key.core/../key.ui/examples/standard_key/quantifiers/normalisation7.key.proof 
301209     DEBUG main            d.u.i.k.p.i.AbstractProblemLoader Environment load took 120.6ns 
301210     INFO  main            d.u.i.k.p.i.AbstractProblemLoader Creating init config 
303944     DEBUG main            d.u.i.k.p.i.AbstractProblemLoader Init config took 2.73s 
303960     INFO  main            d.u.i.k.p.i.AbstractProblemLoader Replaying proof normalisation7.key.proof 
303963     DEBUG main            d.u.i.k.p.i.IntermediateProofReplayer Proof replay took 1.69ms 
303964     DEBUG main            d.u.i.k.p.r.p.TestFile    ... success: reloaded. 
303965     INFO  main            d.u.i.k.p.r.p.TestFile    Now processing file /home/runner/work/key/key/key.core/../key.ui/examples/standard_key/quantifiers/normalisation8.key 
303966     INFO  main            d.u.i.k.p.i.AbstractProblemLoader Loading environment from /home/runner/work/key/key/key.core/../key.ui/examples/standard_key/quantifiers/normalisation8.key 
303966     DEBUG main            d.u.i.k.p.i.AbstractProblemLoader Environment load took 141.2ns 
303967     INFO  main            d.u.i.k.p.i.AbstractProblemLoader Creating init config 
306832     DEBUG main            d.u.i.k.p.i.AbstractProblemLoader Init config took 2.87s 
306853     INFO  main            d.u.i.k.p.i.AbstractProblemLoader Replaying proof normalisation8.key 
306855     DEBUG main            d.u.i.k.p.i.IntermediateProofReplayer Proof replay took 7.9ns 
306962     INFO  main            d.u.i.k.p.r.p.TestFile    ... finished proof: closed. 
307367     INFO  main            d.u.i.k.p.i.AbstractProblemLoader Loading environment from /home/runner/work/key/key/key.core/../key.ui/examples/standard_key/quantifiers/normalisation8.key.proof 
307367     DEBUG main            d.u.i.k.p.i.AbstractProblemLoader Environment load took 156.2ns 
307369     INFO  main            d.u.i.k.p.i.AbstractProblemLoader Creating init config 
310185     DEBUG main            d.u.i.k.p.i.AbstractProblemLoader Init config took 2.82s 
310200     INFO  main            d.u.i.k.p.i.AbstractProblemLoader Replaying proof normalisation8.key.proof 
310204     DEBUG main            d.u.i.k.p.i.IntermediateProofReplayer Proof replay took 2.89ms 
310205     DEBUG main            d.u.i.k.p.r.p.TestFile    ... success: reloaded. 
310206     INFO  main            d.u.i.k.p.r.p.TestFile    Now processing file /home/runner/work/key/key/key.core/../key.ui/examples/standard_key/quantifiers/normalisation9.key 
310206     INFO  main            d.u.i.k.p.i.AbstractProblemLoader Loading environment from /home/runner/work/key/key/key.core/../key.ui/examples/standard_key/quantifiers/normalisation9.key 
310206     DEBUG main            d.u.i.k.p.i.AbstractProblemLoader Environment load took 79.5ns 
310207     INFO  main            d.u.i.k.p.i.AbstractProblemLoader Creating init config 
313064     DEBUG main            d.u.i.k.p.i.AbstractProblemLoader Init config took 2.86s 
313077     INFO  main            d.u.i.k.p.i.AbstractProblemLoader Replaying proof normalisation9.key 
313078     DEBUG main            d.u.i.k.p.i.IntermediateProofReplayer Proof replay took 7.4ns 
313180     INFO  main            d.u.i.k.p.r.p.TestFile    ... finished proof: closed. 
313616     INFO  main            d.u.i.k.p.i.AbstractProblemLoader Loading environment from /home/runner/work/key/key/key.core/../key.ui/examples/standard_key/quantifiers/normalisation9.key.proof 
313616     DEBUG main            d.u.i.k.p.i.AbstractProblemLoader Environment load took 356.6ns 
313617     INFO  main            d.u.i.k.p.i.AbstractProblemLoader Creating init config 
316354     DEBUG main            d.u.i.k.p.i.AbstractProblemLoader Init config took 2.74s 
316366     INFO  main            d.u.i.k.p.i.AbstractProblemLoader Replaying proof normalisation9.key.proof 
316371     DEBUG main            d.u.i.k.p.i.IntermediateProofReplayer Proof replay took 3.31ms 
316372     DEBUG main            d.u.i.k.p.r.p.TestFile    ... success: reloaded. 
316373     INFO  main            d.u.i.k.p.r.p.TestFile    Now processing file /home/runner/work/key/key/key.core/../key.ui/examples/standard_key/quantifiers/normalisation10.key 
316373     INFO  main            d.u.i.k.p.i.AbstractProblemLoader Loading environment from /home/runner/work/key/key/key.core/../key.ui/examples/standard_key/quantifiers/normalisation10.key 
316373     DEBUG main            d.u.i.k.p.i.AbstractProblemLoader Environment load took 86.7ns 
316374     INFO  main            d.u.i.k.p.i.AbstractProblemLoader Creating init config 
319163     DEBUG main            d.u.i.k.p.i.AbstractProblemLoader Init config took 2.79s 
319177     INFO  main            d.u.i.k.p.i.AbstractProblemLoader Replaying proof normalisation10.key 
319178     DEBUG main            d.u.i.k.p.i.IntermediateProofReplayer Proof replay took 7.2ns 
319280     INFO  main            d.u.i.k.p.r.p.TestFile    ... finished proof: closed. 
319715     INFO  main            d.u.i.k.p.i.AbstractProblemLoader Loading environment from /home/runner/work/key/key/key.core/../key.ui/examples/standard_key/quantifiers/normalisation10.key.proof 
319715     DEBUG main            d.u.i.k.p.i.AbstractProblemLoader Environment load took 84ns 
319716     INFO  main            d.u.i.k.p.i.AbstractProblemLoader Creating init config 
322450     DEBUG main            d.u.i.k.p.i.AbstractProblemLoader Init config took 2.73s 
322469     INFO  main            d.u.i.k.p.i.AbstractProblemLoader Replaying proof normalisation10.key.proof 
322475     DEBUG main            d.u.i.k.p.i.IntermediateProofReplayer Proof replay took 4.15ms 
322476     DEBUG main            d.u.i.k.p.r.p.TestFile    ... success: reloaded. 
322477     INFO  main            d.u.i.k.p.r.p.TestFile    Now processing file /home/runner/work/key/key/key.core/../key.ui/examples/standard_key/quantifiers/normalisation12.key 
322477     INFO  main            d.u.i.k.p.i.AbstractProblemLoader Loading environment from /home/runner/work/key/key/key.core/../key.ui/examples/standard_key/quantifiers/normalisation12.key 
322477     DEBUG main            d.u.i.k.p.i.AbstractProblemLoader Environment load took 65.5ns 
322478     INFO  main            d.u.i.k.p.i.AbstractProblemLoader Creating init config 
325274     DEBUG main            d.u.i.k.p.i.AbstractProblemLoader Init config took 2.8s 
325287     INFO  main            d.u.i.k.p.i.AbstractProblemLoader Replaying proof normalisation12.key 
325289     DEBUG main            d.u.i.k.p.i.IntermediateProofReplayer Proof replay took 7.1ns 
325390     INFO  main            d.u.i.k.p.r.p.TestFile    ... finished proof: closed. 
325840     INFO  main            d.u.i.k.p.i.AbstractProblemLoader Loading environment from /home/runner/work/key/key/key.core/../key.ui/examples/standard_key/quantifiers/normalisation12.key.proof 
325840     DEBUG main            d.u.i.k.p.i.AbstractProblemLoader Environment load took 89.4ns 
325841     INFO  main            d.u.i.k.p.i.AbstractProblemLoader Creating init config 
328537     DEBUG main            d.u.i.k.p.i.AbstractProblemLoader Init config took 2.7s 
328550     INFO  main            d.u.i.k.p.i.AbstractProblemLoader Replaying proof normalisation12.key.proof 
328560     DEBUG main            d.u.i.k.p.i.IntermediateProofReplayer Proof replay took 1.14ms 
328561     DEBUG main            d.u.i.k.p.r.p.TestFile    ... success: reloaded. 
328562     INFO  main            d.u.i.k.p.r.p.TestFile    Now processing file /home/runner/work/key/key/key.core/../key.ui/examples/standard_key/quantifiers/normalisation13.key 
328562     INFO  main            d.u.i.k.p.i.AbstractProblemLoader Loading environment from /home/runner/work/key/key/key.core/../key.ui/examples/standard_key/quantifiers/normalisation13.key 
328562     DEBUG main            d.u.i.k.p.i.AbstractProblemLoader Environment load took 123.5ns 
328563     INFO  main            d.u.i.k.p.i.AbstractProblemLoader Creating init config 
331423     DEBUG main            d.u.i.k.p.i.AbstractProblemLoader Init config took 2.86s 
331438     INFO  main            d.u.i.k.p.i.AbstractProblemLoader Replaying proof normalisation13.key 
331439     DEBUG main            d.u.i.k.p.i.IntermediateProofReplayer Proof replay took 8.4ns 
331541     INFO  main            d.u.i.k.p.r.p.TestFile    ... finished proof: closed. 
331984     INFO  main            d.u.i.k.p.i.AbstractProblemLoader Loading environment from /home/runner/work/key/key/key.core/../key.ui/examples/standard_key/quantifiers/normalisation13.key.proof 
331984     DEBUG main            d.u.i.k.p.i.AbstractProblemLoader Environment load took 80.4ns 
331985     INFO  main            d.u.i.k.p.i.AbstractProblemLoader Creating init config 
334792     DEBUG main            d.u.i.k.p.i.AbstractProblemLoader Init config took 2.81s 
334806     INFO  main            d.u.i.k.p.i.AbstractProblemLoader Replaying proof normalisation13.key.proof 
334809     DEBUG main            d.u.i.k.p.i.IntermediateProofReplayer Proof replay took 602.6ns 
334809     DEBUG main            d.u.i.k.p.r.p.TestFile    ... success: reloaded. 
334810     INFO  main            d.u.i.k.p.r.p.TestFile    Now processing file /home/runner/work/key/key/key.core/../key.ui/examples/standard_key/quantifiers/triggers0.key 
334810     INFO  main            d.u.i.k.p.i.AbstractProblemLoader Loading environment from /home/runner/work/key/key/key.core/../key.ui/examples/standard_key/quantifiers/triggers0.key 
334811     DEBUG main            d.u.i.k.p.i.AbstractProblemLoader Environment load took 65.5ns 
334811     INFO  main            d.u.i.k.p.i.AbstractProblemLoader Creating init config 
337652     DEBUG main            d.u.i.k.p.i.AbstractProblemLoader Init config took 2.84s 
337665     INFO  main            d.u.i.k.p.i.AbstractProblemLoader Replaying proof triggers0.key 
337667     DEBUG main            d.u.i.k.p.i.IntermediateProofReplayer Proof replay took 8.9ns 
337770     INFO  main            d.u.i.k.p.r.p.TestFile    ... finished proof: closed. 
338238     INFO  main            d.u.i.k.p.i.AbstractProblemLoader Loading environment from /home/runner/work/key/key/key.core/../key.ui/examples/standard_key/quantifiers/triggers0.key.proof 
338238     DEBUG main            d.u.i.k.p.i.AbstractProblemLoader Environment load took 89.2ns 
338239     INFO  main            d.u.i.k.p.i.AbstractProblemLoader Creating init config 
341062     DEBUG main            d.u.i.k.p.i.AbstractProblemLoader Init config took 2.82s 
341076     INFO  main            d.u.i.k.p.i.AbstractProblemLoader Replaying proof triggers0.key.proof 
341078     DEBUG main            d.u.i.k.p.i.IntermediateProofReplayer Proof replay took 1.07ms 
341079     DEBUG main            d.u.i.k.p.r.p.TestFile    ... success: reloaded. 
4507650    INFO  Test worker     d.u.i.k.p.r.RunAllProofsTestUnit Returning from test FOL 
4507651    INFO  Test worker     d.u.i.k.p.r.RunAllProofsTestUnit Running test strings 
450        INFO  Timeout watchdog d.u.i.k.p.r.p.ForkedTestFileRunner Timeout watcher launched (2000 secs.) 
469        WARN  main            d.u.i.k.s.ProofSettings   The settings in /home/runner/.key/proof-settings.props are *not* read. 
525        INFO  main            d.u.i.k.p.r.p.TestFile    Now processing file /home/runner/work/key/key/key.core/../key.ui/examples/standard_key/strings/charAt0.key 
671        INFO  main            d.u.i.k.p.i.AbstractProblemLoader Loading environment from /home/runner/work/key/key/key.core/../key.ui/examples/standard_key/strings/charAt0.key 
691        DEBUG main            d.u.i.k.p.i.AbstractProblemLoader Environment load took 2.27ms 
1034       INFO  main            d.u.i.k.p.i.AbstractProblemLoader Creating init config 
2037       DEBUG main            d.u.i.k.j.TypeConverter   No LDT found for Meta 
2044       DEBUG main            d.u.i.k.j.TypeConverter   No LDT found for Meta 
2048       DEBUG main            d.u.i.k.j.TypeConverter   No LDT found for Meta 
2048       DEBUG main            d.u.i.k.j.TypeConverter   No LDT found for Meta 
3563       DEBUG main            d.u.i.k.j.TypeConverter   No LDT found for JavaBigintExpression 
9524       DEBUG main            d.u.i.k.p.i.AbstractProblemLoader Init config took 8.49s 
9599       INFO  main            d.u.i.k.p.i.AbstractProblemLoader Replaying proof charAt0.key 
9641       DEBUG main            d.u.i.k.p.i.IntermediateProofReplayer Proof replay took 37.3ns 
10028      INFO  main            d.u.i.k.p.r.p.TestFile    ... finished proof: closed. 
10149      INFO  main            d.u.i.k.p.i.AbstractProblemLoader Loading environment from /home/runner/work/key/key/key.core/../key.ui/examples/standard_key/strings/charAt0.key.proof 
10149      DEBUG main            d.u.i.k.p.i.AbstractProblemLoader Environment load took 182.1ns 
10154      INFO  main            d.u.i.k.p.i.AbstractProblemLoader Creating init config 
13504      DEBUG main            d.u.i.k.p.i.AbstractProblemLoader Init config took 3.35s 
13547      INFO  main            d.u.i.k.p.i.AbstractProblemLoader Replaying proof charAt0.key.proof 
13576      DEBUG main            d.u.i.k.p.i.IntermediateProofReplayer Proof replay took 20ms 
13589      DEBUG main            d.u.i.k.p.r.p.TestFile    ... success: reloaded. 
13590      INFO  main            d.u.i.k.p.r.p.TestFile    Now processing file /home/runner/work/key/key/key.core/../key.ui/examples/standard_key/strings/charAt1.key 
13591      INFO  main            d.u.i.k.p.i.AbstractProblemLoader Loading environment from /home/runner/work/key/key/key.core/../key.ui/examples/standard_key/strings/charAt1.key 
13591      DEBUG main            d.u.i.k.p.i.AbstractProblemLoader Environment load took 207.4ns 
13593      INFO  main            d.u.i.k.p.i.AbstractProblemLoader Creating init config 
16772      DEBUG main            d.u.i.k.p.i.AbstractProblemLoader Init config took 3.18s 
16804      INFO  main            d.u.i.k.p.i.AbstractProblemLoader Replaying proof charAt1.key 
16806      DEBUG main            d.u.i.k.p.i.IntermediateProofReplayer Proof replay took 7ns 
17010      INFO  main            d.u.i.k.p.r.p.TestFile    ... finished proof: closed. 
17164      INFO  main            d.u.i.k.p.i.AbstractProblemLoader Loading environment from /home/runner/work/key/key/key.core/../key.ui/examples/standard_key/strings/charAt1.key.proof 
17165      DEBUG main            d.u.i.k.p.i.AbstractProblemLoader Environment load took 656.5ns 
17170      INFO  main            d.u.i.k.p.i.AbstractProblemLoader Creating init config 
20212      DEBUG main            d.u.i.k.p.i.AbstractProblemLoader Init config took 3.04s 
20237      INFO  main            d.u.i.k.p.i.AbstractProblemLoader Replaying proof charAt1.key.proof 
20265      DEBUG main            d.u.i.k.p.i.IntermediateProofReplayer Proof replay took 24.68ms 
20267      DEBUG main            d.u.i.k.p.r.p.TestFile    ... success: reloaded. 
20268      INFO  main            d.u.i.k.p.r.p.TestFile    Now processing file /home/runner/work/key/key/key.core/../key.ui/examples/standard_key/strings/concat1.key 
20268      INFO  main            d.u.i.k.p.i.AbstractProblemLoader Loading environment from /home/runner/work/key/key/key.core/../key.ui/examples/standard_key/strings/concat1.key 
20268      DEBUG main            d.u.i.k.p.i.AbstractProblemLoader Environment load took 204.3ns 
20269      INFO  main            d.u.i.k.p.i.AbstractProblemLoader Creating init config 
23359      DEBUG main            d.u.i.k.p.i.AbstractProblemLoader Init config took 3.09s 
23382      INFO  main            d.u.i.k.p.i.AbstractProblemLoader Replaying proof concat1.key 
23384      DEBUG main            d.u.i.k.p.i.IntermediateProofReplayer Proof replay took 6.5ns 
23489      INFO  main            d.u.i.k.p.r.p.TestFile    ... finished proof: closed. 
23672      INFO  main            d.u.i.k.p.i.AbstractProblemLoader Loading environment from /home/runner/work/key/key/key.core/../key.ui/examples/standard_key/strings/concat1.key.proof 
23672      DEBUG main            d.u.i.k.p.i.AbstractProblemLoader Environment load took 123.9ns 
23673      INFO  main            d.u.i.k.p.i.AbstractProblemLoader Creating init config 
26775      DEBUG main            d.u.i.k.p.i.AbstractProblemLoader Init config took 3.1s 
26798      INFO  main            d.u.i.k.p.i.AbstractProblemLoader Replaying proof concat1.key.proof 
26802      DEBUG main            d.u.i.k.p.i.IntermediateProofReplayer Proof replay took 1.26ms 
26803      DEBUG main            d.u.i.k.p.r.p.TestFile    ... success: reloaded. 
26804      INFO  main            d.u.i.k.p.r.p.TestFile    Now processing file /home/runner/work/key/key/key.core/../key.ui/examples/standard_key/strings/concat2.key 
26804      INFO  main            d.u.i.k.p.i.AbstractProblemLoader Loading environment from /home/runner/work/key/key/key.core/../key.ui/examples/standard_key/strings/concat2.key 
26804      DEBUG main            d.u.i.k.p.i.AbstractProblemLoader Environment load took 212.8ns 
26806      INFO  main            d.u.i.k.p.i.AbstractProblemLoader Creating init config 
29891      DEBUG main            d.u.i.k.p.i.AbstractProblemLoader Init config took 3.09s 
29914      INFO  main            d.u.i.k.p.i.AbstractProblemLoader Replaying proof concat2.key 
29916      DEBUG main            d.u.i.k.p.i.IntermediateProofReplayer Proof replay took 6.3ns 
30019      INFO  main            d.u.i.k.p.r.p.TestFile    ... finished proof: closed. 
30179      INFO  main            d.u.i.k.p.i.AbstractProblemLoader Loading environment from /home/runner/work/key/key/key.core/../key.ui/examples/standard_key/strings/concat2.key.proof 
30180      DEBUG main            d.u.i.k.p.i.AbstractProblemLoader Environment load took 207ns 
30181      INFO  main            d.u.i.k.p.i.AbstractProblemLoader Creating init config 
33192      DEBUG main            d.u.i.k.p.i.AbstractProblemLoader Init config took 3.01s 
33213      INFO  main            d.u.i.k.p.i.AbstractProblemLoader Replaying proof concat2.key.proof 
33225      DEBUG main            d.u.i.k.p.i.IntermediateProofReplayer Proof replay took 8.33ms 
33227      DEBUG main            d.u.i.k.p.r.p.TestFile    ... success: reloaded. 
33228      INFO  main            d.u.i.k.p.r.p.TestFile    Now processing file /home/runner/work/key/key/key.core/../key.ui/examples/standard_key/strings/deriveLength1.key 
33228      INFO  main            d.u.i.k.p.i.AbstractProblemLoader Loading environment from /home/runner/work/key/key/key.core/../key.ui/examples/standard_key/strings/deriveLength1.key 
33228      DEBUG main            d.u.i.k.p.i.AbstractProblemLoader Environment load took 226.7ns 
33229      INFO  main            d.u.i.k.p.i.AbstractProblemLoader Creating init config 
36225      DEBUG main            d.u.i.k.p.i.AbstractProblemLoader Init config took 3s 
36246      INFO  main            d.u.i.k.p.i.AbstractProblemLoader Replaying proof deriveLength1.key 
36248      DEBUG main            d.u.i.k.p.i.IntermediateProofReplayer Proof replay took 7.3ns 
36352      INFO  main            d.u.i.k.p.r.p.TestFile    ... finished proof: closed. 
36531      INFO  main            d.u.i.k.p.i.AbstractProblemLoader Loading environment from /home/runner/work/key/key/key.core/../key.ui/examples/standard_key/strings/deriveLength1.key.proof 
36532      DEBUG main            d.u.i.k.p.i.AbstractProblemLoader Environment load took 375.8ns 
36533      INFO  main            d.u.i.k.p.i.AbstractProblemLoader Creating init config 
39435      DEBUG main            d.u.i.k.p.i.AbstractProblemLoader Init config took 2.9s 
39455      INFO  main            d.u.i.k.p.i.AbstractProblemLoader Replaying proof deriveLength1.key.proof 
39467      DEBUG main            d.u.i.k.p.i.IntermediateProofReplayer Proof replay took 9.41ms 
39468      DEBUG main            d.u.i.k.p.r.p.TestFile    ... success: reloaded. 
39469      INFO  main            d.u.i.k.p.r.p.TestFile    Now processing file /home/runner/work/key/key/key.core/../key.ui/examples/standard_key/strings/emptyStringLengthZero.key 
39470      INFO  main            d.u.i.k.p.i.AbstractProblemLoader Loading environment from /home/runner/work/key/key/key.core/../key.ui/examples/standard_key/strings/emptyStringLengthZero.key 
39470      DEBUG main            d.u.i.k.p.i.AbstractProblemLoader Environment load took 199.4ns 
39471      INFO  main            d.u.i.k.p.i.AbstractProblemLoader Creating init config 
42437      DEBUG main            d.u.i.k.p.i.AbstractProblemLoader Init config took 2.97s 
42457      INFO  main            d.u.i.k.p.i.AbstractProblemLoader Replaying proof emptyStringLengthZero.key 
42459      DEBUG main            d.u.i.k.p.i.IntermediateProofReplayer Proof replay took 6.4ns 
42562      INFO  main            d.u.i.k.p.r.p.TestFile    ... finished proof: closed. 
42747      INFO  main            d.u.i.k.p.i.AbstractProblemLoader Loading environment from /home/runner/work/key/key/key.core/../key.ui/examples/standard_key/strings/emptyStringLengthZero.key.proof 
42747      DEBUG main            d.u.i.k.p.i.AbstractProblemLoader Environment load took 132.1ns 
42748      INFO  main            d.u.i.k.p.i.AbstractProblemLoader Creating init config 
45728      DEBUG main            d.u.i.k.p.i.AbstractProblemLoader Init config took 2.98s 
45748      INFO  main            d.u.i.k.p.i.AbstractProblemLoader Replaying proof emptyStringLengthZero.key.proof 
45754      DEBUG main            d.u.i.k.p.i.IntermediateProofReplayer Proof replay took 3.43ms 
45755      DEBUG main            d.u.i.k.p.r.p.TestFile    ... success: reloaded. 
45756      INFO  main            d.u.i.k.p.r.p.TestFile    Now processing file /home/runner/work/key/key/key.core/../key.ui/examples/standard_key/strings/implicitBooleanStringConversion.key 
45756      INFO  main            d.u.i.k.p.i.AbstractProblemLoader Loading environment from /home/runner/work/key/key/key.core/../key.ui/examples/standard_key/strings/implicitBooleanStringConversion.key 
45756      DEBUG main            d.u.i.k.p.i.AbstractProblemLoader Environment load took 211ns 
45758      INFO  main            d.u.i.k.p.i.AbstractProblemLoader Creating init config 
48812      DEBUG main            d.u.i.k.p.i.AbstractProblemLoader Init config took 3.05s 
48834      INFO  main            d.u.i.k.p.i.AbstractProblemLoader Replaying proof implicitBooleanStringConversion.key 
48836      DEBUG main            d.u.i.k.p.i.IntermediateProofReplayer Proof replay took 7.7ns 
50054      INFO  main            d.u.i.k.p.r.p.TestFile    ... finished proof: closed. 
50256      INFO  main            d.u.i.k.p.i.AbstractProblemLoader Loading environment from /home/runner/work/key/key/key.core/../key.ui/examples/standard_key/strings/implicitBooleanStringConversion.key.proof 
50257      DEBUG main            d.u.i.k.p.i.AbstractProblemLoader Environment load took 389.7ns 
50259      INFO  main            d.u.i.k.p.i.AbstractProblemLoader Creating init config 
53244      DEBUG main            d.u.i.k.p.i.AbstractProblemLoader Init config took 2.99s 
53266      INFO  main            d.u.i.k.p.i.AbstractProblemLoader Replaying proof implicitBooleanStringConversion.key.proof 
53348      DEBUG main            d.u.i.k.p.i.IntermediateProofReplayer Proof replay took 76.07ms 
53350      DEBUG main            d.u.i.k.p.r.p.TestFile    ... success: reloaded. 
53350      INFO  main            d.u.i.k.p.r.p.TestFile    Now processing file /home/runner/work/key/key/key.core/../key.ui/examples/standard_key/strings/implicitBooleanStringConversion2.key 
53351      INFO  main            d.u.i.k.p.i.AbstractProblemLoader Loading environment from /home/runner/work/key/key/key.core/../key.ui/examples/standard_key/strings/implicitBooleanStringConversion2.key 
53351      DEBUG main            d.u.i.k.p.i.AbstractProblemLoader Environment load took 158.2ns 
53352      INFO  main            d.u.i.k.p.i.AbstractProblemLoader Creating init config 
56349      DEBUG main            d.u.i.k.p.i.AbstractProblemLoader Init config took 3s 
56369      INFO  main            d.u.i.k.p.i.AbstractProblemLoader Replaying proof implicitBooleanStringConversion2.key 
56371      DEBUG main            d.u.i.k.p.i.IntermediateProofReplayer Proof replay took 7.4ns 
56776      INFO  main            d.u.i.k.p.r.p.TestFile    ... finished proof: closed. 
57010      INFO  main            d.u.i.k.p.i.AbstractProblemLoader Loading environment from /home/runner/work/key/key/key.core/../key.ui/examples/standard_key/strings/implicitBooleanStringConversion2.key.proof 
57011      DEBUG main            d.u.i.k.p.i.AbstractProblemLoader Environment load took 427.1ns 
57012      INFO  main            d.u.i.k.p.i.AbstractProblemLoader Creating init config 
59970      DEBUG main            d.u.i.k.p.i.AbstractProblemLoader Init config took 2.96s 
59990      INFO  main            d.u.i.k.p.i.AbstractProblemLoader Replaying proof implicitBooleanStringConversion2.key.proof 
60023      DEBUG main            d.u.i.k.p.i.IntermediateProofReplayer Proof replay took 28.37ms 
60025      DEBUG main            d.u.i.k.p.r.p.TestFile    ... success: reloaded. 
60026      INFO  main            d.u.i.k.p.r.p.TestFile    Now processing file /home/runner/work/key/key/key.core/../key.ui/examples/standard_key/strings/implicitIntStringConversion.key 
60026      INFO  main            d.u.i.k.p.i.AbstractProblemLoader Loading environment from /home/runner/work/key/key/key.core/../key.ui/examples/standard_key/strings/implicitIntStringConversion.key 
60026      DEBUG main            d.u.i.k.p.i.AbstractProblemLoader Environment load took 206.3ns 
60027      INFO  main            d.u.i.k.p.i.AbstractProblemLoader Creating init config 
63001      DEBUG main            d.u.i.k.p.i.AbstractProblemLoader Init config took 2.97s 
63028      INFO  main            d.u.i.k.p.i.AbstractProblemLoader Replaying proof implicitIntStringConversion.key 
63030      DEBUG main            d.u.i.k.p.i.IntermediateProofReplayer Proof replay took 7.7ns 
63834      INFO  main            d.u.i.k.p.r.p.TestFile    ... finished proof: closed. 
64110      INFO  main            d.u.i.k.p.i.AbstractProblemLoader Loading environment from /home/runner/work/key/key/key.core/../key.ui/examples/standard_key/strings/implicitIntStringConversion.key.proof 
64110      DEBUG main            d.u.i.k.p.i.AbstractProblemLoader Environment load took 123.1ns 
64112      INFO  main            d.u.i.k.p.i.AbstractProblemLoader Creating init config 
66890      DEBUG main            d.u.i.k.p.i.AbstractProblemLoader Init config took 2.78s 
66909      INFO  main            d.u.i.k.p.i.AbstractProblemLoader Replaying proof implicitIntStringConversion.key.proof 
66968      DEBUG main            d.u.i.k.p.i.IntermediateProofReplayer Proof replay took 53.26ms 
66969      DEBUG main            d.u.i.k.p.r.p.TestFile    ... success: reloaded. 
66970      INFO  main            d.u.i.k.p.r.p.TestFile    Now processing file /home/runner/work/key/key/key.core/../key.ui/examples/standard_key/strings/implicitNullStringConversion.key 
66970      INFO  main            d.u.i.k.p.i.AbstractProblemLoader Loading environment from /home/runner/work/key/key/key.core/../key.ui/examples/standard_key/strings/implicitNullStringConversion.key 
66970      DEBUG main            d.u.i.k.p.i.AbstractProblemLoader Environment load took 104.5ns 
66971      INFO  main            d.u.i.k.p.i.AbstractProblemLoader Creating init config 
69959      DEBUG main            d.u.i.k.p.i.AbstractProblemLoader Init config took 2.99s 
69977      INFO  main            d.u.i.k.p.i.AbstractProblemLoader Replaying proof implicitNullStringConversion.key 
69979      DEBUG main            d.u.i.k.p.i.IntermediateProofReplayer Proof replay took 7ns 
70284      INFO  main            d.u.i.k.p.r.p.TestFile    ... finished proof: closed. 
70511      INFO  main            d.u.i.k.p.i.AbstractProblemLoader Loading environment from /home/runner/work/key/key/key.core/../key.ui/examples/standard_key/strings/implicitNullStringConversion.key.proof 
70512      DEBUG main            d.u.i.k.p.i.AbstractProblemLoader Environment load took 133.1ns 
70513      INFO  main            d.u.i.k.p.i.AbstractProblemLoader Creating init config 
73332      DEBUG main            d.u.i.k.p.i.AbstractProblemLoader Init config took 2.82s 
73351      INFO  main            d.u.i.k.p.i.AbstractProblemLoader Replaying proof implicitNullStringConversion.key.proof 
73380      DEBUG main            d.u.i.k.p.i.IntermediateProofReplayer Proof replay took 25.89ms 
73381      DEBUG main            d.u.i.k.p.r.p.TestFile    ... success: reloaded. 
73382      INFO  main            d.u.i.k.p.r.p.TestFile    Now processing file /home/runner/work/key/key/key.core/../key.ui/examples/standard_key/strings/implicitNullStringConversion2.key 
73382      INFO  main            d.u.i.k.p.i.AbstractProblemLoader Loading environment from /home/runner/work/key/key/key.core/../key.ui/examples/standard_key/strings/implicitNullStringConversion2.key 
73382      DEBUG main            d.u.i.k.p.i.AbstractProblemLoader Environment load took 110ns 
73383      INFO  main            d.u.i.k.p.i.AbstractProblemLoader Creating init config 
76211      DEBUG main            d.u.i.k.p.i.AbstractProblemLoader Init config took 2.83s 
76229      INFO  main            d.u.i.k.p.i.AbstractProblemLoader Replaying proof implicitNullStringConversion2.key 
76230      DEBUG main            d.u.i.k.p.i.IntermediateProofReplayer Proof replay took 7ns 
76433      INFO  main            d.u.i.k.p.r.p.TestFile    ... finished proof: closed. 
76657      INFO  main            d.u.i.k.p.i.AbstractProblemLoader Loading environment from /home/runner/work/key/key/key.core/../key.ui/examples/standard_key/strings/implicitNullStringConversion2.key.proof 
76657      DEBUG main            d.u.i.k.p.i.AbstractProblemLoader Environment load took 128.3ns 
76658      INFO  main            d.u.i.k.p.i.AbstractProblemLoader Creating init config 
79590      DEBUG main            d.u.i.k.p.i.AbstractProblemLoader Init config took 2.93s 
79614      INFO  main            d.u.i.k.p.i.AbstractProblemLoader Replaying proof implicitNullStringConversion2.key.proof 
79657      DEBUG main            d.u.i.k.p.i.IntermediateProofReplayer Proof replay took 37.81ms 
79659      DEBUG main            d.u.i.k.p.r.p.TestFile    ... success: reloaded. 
79660      INFO  main            d.u.i.k.p.r.p.TestFile    Now processing file /home/runner/work/key/key/key.core/../key.ui/examples/standard_key/strings/implicitObjectStringConversion.key 
79661      INFO  main            d.u.i.k.p.i.AbstractProblemLoader Loading environment from /home/runner/work/key/key/key.core/../key.ui/examples/standard_key/strings/implicitObjectStringConversion.key 
79661      DEBUG main            d.u.i.k.p.i.AbstractProblemLoader Environment load took 495.2ns 
79663      INFO  main            d.u.i.k.p.i.AbstractProblemLoader Creating init config 
82677      DEBUG main            d.u.i.k.p.i.AbstractProblemLoader Init config took 3.01s 
82694      INFO  main            d.u.i.k.p.i.AbstractProblemLoader Replaying proof implicitObjectStringConversion.key 
82696      DEBUG main            d.u.i.k.p.i.IntermediateProofReplayer Proof replay took 7.1ns 
83511      INFO  main            d.u.i.k.p.r.p.TestFile    ... finished proof: closed. 
83777      INFO  main            d.u.i.k.p.i.AbstractProblemLoader Loading environment from /home/runner/work/key/key/key.core/../key.ui/examples/standard_key/strings/implicitObjectStringConversion.key.proof 
83779      DEBUG main            d.u.i.k.p.i.AbstractProblemLoader Environment load took 1.54ms 
83780      INFO  main            d.u.i.k.p.i.AbstractProblemLoader Creating init config 
86925      DEBUG main            d.u.i.k.p.i.AbstractProblemLoader Init config took 3.14s 
86947      INFO  main            d.u.i.k.p.i.AbstractProblemLoader Replaying proof implicitObjectStringConversion.key.proof 
87010      DEBUG main            d.u.i.k.p.i.IntermediateProofReplayer Proof replay took 58.24ms 
87012      DEBUG main            d.u.i.k.p.r.p.TestFile    ... success: reloaded. 
87013      INFO  main            d.u.i.k.p.r.p.TestFile    Now processing file /home/runner/work/key/key/key.core/../key.ui/examples/standard_key/strings/literalEquality.key 
87013      INFO  main            d.u.i.k.p.i.AbstractProblemLoader Loading environment from /home/runner/work/key/key/key.core/../key.ui/examples/standard_key/strings/literalEquality.key 
87013      DEBUG main            d.u.i.k.p.i.AbstractProblemLoader Environment load took 224.9ns 
87014      INFO  main            d.u.i.k.p.i.AbstractProblemLoader Creating init config 
90017      DEBUG main            d.u.i.k.p.i.AbstractProblemLoader Init config took 3s 
90034      INFO  main            d.u.i.k.p.i.AbstractProblemLoader Replaying proof literalEquality.key 
90035      DEBUG main            d.u.i.k.p.i.IntermediateProofReplayer Proof replay took 7.3ns 
90137      INFO  main            d.u.i.k.p.r.p.TestFile    ... finished proof: closed. 
90368      INFO  main            d.u.i.k.p.i.AbstractProblemLoader Loading environment from /home/runner/work/key/key/key.core/../key.ui/examples/standard_key/strings/literalEquality.key.proof 
90368      DEBUG main            d.u.i.k.p.i.AbstractProblemLoader Environment load took 121.9ns 
90370      INFO  main            d.u.i.k.p.i.AbstractProblemLoader Creating init config 
93210      DEBUG main            d.u.i.k.p.i.AbstractProblemLoader Init config took 2.84s 
93226      INFO  main            d.u.i.k.p.i.AbstractProblemLoader Replaying proof literalEquality.key.proof 
93232      DEBUG main            d.u.i.k.p.i.IntermediateProofReplayer Proof replay took 3ms 
93232      DEBUG main            d.u.i.k.p.r.p.TestFile    ... success: reloaded. 
93233      INFO  main            d.u.i.k.p.r.p.TestFile    Now processing file /home/runner/work/key/key/key.core/../key.ui/examples/standard_key/strings/replace0.key 
93233      INFO  main            d.u.i.k.p.i.AbstractProblemLoader Loading environment from /home/runner/work/key/key/key.core/../key.ui/examples/standard_key/strings/replace0.key 
93233      DEBUG main            d.u.i.k.p.i.AbstractProblemLoader Environment load took 188.9ns 
93234      INFO  main            d.u.i.k.p.i.AbstractProblemLoader Creating init config 
96077      DEBUG main            d.u.i.k.p.i.AbstractProblemLoader Init config took 2.84s 
96095      INFO  main            d.u.i.k.p.i.AbstractProblemLoader Replaying proof replace0.key 
96098      DEBUG main            d.u.i.k.p.i.IntermediateProofReplayer Proof replay took 7.5ns 
96200      INFO  main            d.u.i.k.p.r.p.TestFile    ... finished proof: closed. 
96432      INFO  main            d.u.i.k.p.i.AbstractProblemLoader Loading environment from /home/runner/work/key/key/key.core/../key.ui/examples/standard_key/strings/replace0.key.proof 
96432      DEBUG main            d.u.i.k.p.i.AbstractProblemLoader Environment load took 172.6ns 
96435      INFO  main            d.u.i.k.p.i.AbstractProblemLoader Creating init config 
99245      DEBUG main            d.u.i.k.p.i.AbstractProblemLoader Init config took 2.81s 
99260      INFO  main            d.u.i.k.p.i.AbstractProblemLoader Replaying proof replace0.key.proof 
99265      DEBUG main            d.u.i.k.p.i.IntermediateProofReplayer Proof replay took 3.38ms 
99266      DEBUG main            d.u.i.k.p.r.p.TestFile    ... success: reloaded. 
99267      INFO  main            d.u.i.k.p.r.p.TestFile    Now processing file /home/runner/work/key/key/key.core/../key.ui/examples/standard_key/strings/replace1.key 
99267      INFO  main            d.u.i.k.p.i.AbstractProblemLoader Loading environment from /home/runner/work/key/key/key.core/../key.ui/examples/standard_key/strings/replace1.key 
99268      DEBUG main            d.u.i.k.p.i.AbstractProblemLoader Environment load took 183.1ns 
99269      INFO  main            d.u.i.k.p.i.AbstractProblemLoader Creating init config 
102095     DEBUG main            d.u.i.k.p.i.AbstractProblemLoader Init config took 2.83s 
102109     INFO  main            d.u.i.k.p.i.AbstractProblemLoader Replaying proof replace1.key 
102111     DEBUG main            d.u.i.k.p.i.IntermediateProofReplayer Proof replay took 6.9ns 
102215     INFO  main            d.u.i.k.p.r.p.TestFile    ... finished proof: closed. 
102521     INFO  main            d.u.i.k.p.i.AbstractProblemLoader Loading environment from /home/runner/work/key/key/key.core/../key.ui/examples/standard_key/strings/replace1.key.proof 
102521     DEBUG main            d.u.i.k.p.i.AbstractProblemLoader Environment load took 132ns 
102526     INFO  main            d.u.i.k.p.i.AbstractProblemLoader Creating init config 
105345     DEBUG main            d.u.i.k.p.i.AbstractProblemLoader Init config took 2.82s 
105360     INFO  main            d.u.i.k.p.i.AbstractProblemLoader Replaying proof replace1.key.proof 
105366     DEBUG main            d.u.i.k.p.i.IntermediateProofReplayer Proof replay took 4.37ms 
105367     DEBUG main            d.u.i.k.p.r.p.TestFile    ... success: reloaded. 
105368     INFO  main            d.u.i.k.p.r.p.TestFile    Now processing file /home/runner/work/key/key/key.core/../key.ui/examples/standard_key/strings/simpleAssignment.key 
105368     INFO  main            d.u.i.k.p.i.AbstractProblemLoader Loading environment from /home/runner/work/key/key/key.core/../key.ui/examples/standard_key/strings/simpleAssignment.key 
105368     DEBUG main            d.u.i.k.p.i.AbstractProblemLoader Environment load took 117.6ns 
105369     INFO  main            d.u.i.k.p.i.AbstractProblemLoader Creating init config 
108231     DEBUG main            d.u.i.k.p.i.AbstractProblemLoader Init config took 2.86s 
108246     INFO  main            d.u.i.k.p.i.AbstractProblemLoader Replaying proof simpleAssignment.key 
108248     DEBUG main            d.u.i.k.p.i.IntermediateProofReplayer Proof replay took 7.5ns 
108350     INFO  main            d.u.i.k.p.r.p.TestFile    ... finished proof: closed. 
108596     INFO  main            d.u.i.k.p.i.AbstractProblemLoader Loading environment from /home/runner/work/key/key/key.core/../key.ui/examples/standard_key/strings/simpleAssignment.key.proof 
108596     DEBUG main            d.u.i.k.p.i.AbstractProblemLoader Environment load took 171.7ns 
108597     INFO  main            d.u.i.k.p.i.AbstractProblemLoader Creating init config 
111411     DEBUG main            d.u.i.k.p.i.AbstractProblemLoader Init config took 2.81s 
111428     INFO  main            d.u.i.k.p.i.AbstractProblemLoader Replaying proof simpleAssignment.key.proof 
111431     DEBUG main            d.u.i.k.p.i.IntermediateProofReplayer Proof replay took 1.41ms 
111432     DEBUG main            d.u.i.k.p.r.p.TestFile    ... success: reloaded. 
111432     INFO  main            d.u.i.k.p.r.p.TestFile    Now processing file /home/runner/work/key/key/key.core/../key.ui/examples/standard_key/strings/simpleLengthComp.key 
111433     INFO  main            d.u.i.k.p.i.AbstractProblemLoader Loading environment from /home/runner/work/key/key/key.core/../key.ui/examples/standard_key/strings/simpleLengthComp.key 
111433     DEBUG main            d.u.i.k.p.i.AbstractProblemLoader Environment load took 119.6ns 
111434     INFO  main            d.u.i.k.p.i.AbstractProblemLoader Creating init config 
114373     DEBUG main            d.u.i.k.p.i.AbstractProblemLoader Init config took 2.94s 
114389     INFO  main            d.u.i.k.p.i.AbstractProblemLoader Replaying proof simpleLengthComp.key 
114393     DEBUG main            d.u.i.k.p.i.IntermediateProofReplayer Proof replay took 7.9ns 
114595     INFO  main            d.u.i.k.p.r.p.TestFile    ... finished proof: closed. 
114850     INFO  main            d.u.i.k.p.i.AbstractProblemLoader Loading environment from /home/runner/work/key/key/key.core/../key.ui/examples/standard_key/strings/simpleLengthComp.key.proof 
114850     DEBUG main            d.u.i.k.p.i.AbstractProblemLoader Environment load took 154.4ns 
114852     INFO  main            d.u.i.k.p.i.AbstractProblemLoader Creating init config 
117741     DEBUG main            d.u.i.k.p.i.AbstractProblemLoader Init config took 2.89s 
117761     INFO  main            d.u.i.k.p.i.AbstractProblemLoader Replaying proof simpleLengthComp.key.proof 
117792     DEBUG main            d.u.i.k.p.i.IntermediateProofReplayer Proof replay took 26.23ms 
117793     DEBUG main            d.u.i.k.p.r.p.TestFile    ... success: reloaded. 
117795     INFO  main            d.u.i.k.p.r.p.TestFile    Now processing file /home/runner/work/key/key/key.core/../key.ui/examples/standard_key/strings/stringCompileTimeConstant1.key 
117796     INFO  main            d.u.i.k.p.i.AbstractProblemLoader Loading environment from /home/runner/work/key/key/key.core/../key.ui/examples/standard_key/strings/stringCompileTimeConstant1.key 
117796     DEBUG main            d.u.i.k.p.i.AbstractProblemLoader Environment load took 212.9ns 
117798     INFO  main            d.u.i.k.p.i.AbstractProblemLoader Creating init config 
120688     DEBUG main            d.u.i.k.p.i.AbstractProblemLoader Init config took 2.89s 
120704     INFO  main            d.u.i.k.p.i.AbstractProblemLoader Replaying proof stringCompileTimeConstant1.key 
120706     DEBUG main            d.u.i.k.p.i.IntermediateProofReplayer Proof replay took 7.4ns 
120810     INFO  main            d.u.i.k.p.r.p.TestFile    ... finished proof: closed. 
121075     INFO  main            d.u.i.k.p.i.AbstractProblemLoader Loading environment from /home/runner/work/key/key/key.core/../key.ui/examples/standard_key/strings/stringCompileTimeConstant1.key.proof 
121075     DEBUG main            d.u.i.k.p.i.AbstractProblemLoader Environment load took 125ns 
121076     INFO  main            d.u.i.k.p.i.AbstractProblemLoader Creating init config 
123880     DEBUG main            d.u.i.k.p.i.AbstractProblemLoader Init config took 2.8s 
123897     INFO  main            d.u.i.k.p.i.AbstractProblemLoader Replaying proof stringCompileTimeConstant1.key.proof 
123903     DEBUG main            d.u.i.k.p.i.IntermediateProofReplayer Proof replay took 3.76ms 
123904     DEBUG main            d.u.i.k.p.r.p.TestFile    ... success: reloaded. 
123904     INFO  main            d.u.i.k.p.r.p.TestFile    Now processing file /home/runner/work/key/key/key.core/../key.ui/examples/standard_key/strings/stringCompileTimeConstant2.key 
123905     INFO  main            d.u.i.k.p.i.AbstractProblemLoader Loading environment from /home/runner/work/key/key/key.core/../key.ui/examples/standard_key/strings/stringCompileTimeConstant2.key 
123905     DEBUG main            d.u.i.k.p.i.AbstractProblemLoader Environment load took 115.1ns 
123906     INFO  main            d.u.i.k.p.i.AbstractProblemLoader Creating init config 
126878     DEBUG main            d.u.i.k.p.i.AbstractProblemLoader Init config took 2.97s 
126911     INFO  main            d.u.i.k.p.i.AbstractProblemLoader Replaying proof stringCompileTimeConstant2.key 
126913     DEBUG main            d.u.i.k.p.i.IntermediateProofReplayer Proof replay took 7.6ns 
129937     INFO  main            d.u.i.k.p.r.p.TestFile    ... finished proof: closed. 
130267     INFO  main            d.u.i.k.p.i.AbstractProblemLoader Loading environment from /home/runner/work/key/key/key.core/../key.ui/examples/standard_key/strings/stringCompileTimeConstant2.key.proof 
130270     DEBUG main            d.u.i.k.p.i.AbstractProblemLoader Environment load took 2.56ms 
130271     INFO  main            d.u.i.k.p.i.AbstractProblemLoader Creating init config 
133182     DEBUG main            d.u.i.k.p.i.AbstractProblemLoader Init config took 2.91s 
133198     INFO  main            d.u.i.k.p.i.AbstractProblemLoader Replaying proof stringCompileTimeConstant2.key.proof 
133517     DEBUG main            d.u.i.k.p.i.IntermediateProofReplayer Proof replay took 301.87ms 
133519     DEBUG main            d.u.i.k.p.r.p.TestFile    ... success: reloaded. 
133520     INFO  main            d.u.i.k.p.r.p.TestFile    Now processing file /home/runner/work/key/key/key.core/../key.ui/examples/standard_key/strings/stringEquality1.key 
133520     INFO  main            d.u.i.k.p.i.AbstractProblemLoader Loading environment from /home/runner/work/key/key/key.core/../key.ui/examples/standard_key/strings/stringEquality1.key 
133520     DEBUG main            d.u.i.k.p.i.AbstractProblemLoader Environment load took 106.6ns 
133531     INFO  main            d.u.i.k.p.i.AbstractProblemLoader Creating init config 
136291     DEBUG main            d.u.i.k.p.i.AbstractProblemLoader Init config took 2.76s 
136304     INFO  main            d.u.i.k.p.i.AbstractProblemLoader Replaying proof stringEquality1.key 
136306     DEBUG main            d.u.i.k.p.i.IntermediateProofReplayer Proof replay took 7.4ns 
136515     INFO  main            d.u.i.k.p.r.p.TestFile    ... finished proof: closed. 
136828     INFO  main            d.u.i.k.p.i.AbstractProblemLoader Loading environment from /home/runner/work/key/key/key.core/../key.ui/examples/standard_key/strings/stringEquality1.key.proof 
136829     DEBUG main            d.u.i.k.p.i.AbstractProblemLoader Environment load took 114.7ns 
136831     INFO  main            d.u.i.k.p.i.AbstractProblemLoader Creating init config 
139609     DEBUG main            d.u.i.k.p.i.AbstractProblemLoader Init config took 2.78s 
139625     INFO  main            d.u.i.k.p.i.AbstractProblemLoader Replaying proof stringEquality1.key.proof 
139633     DEBUG main            d.u.i.k.p.i.IntermediateProofReplayer Proof replay took 6.07ms 
139634     DEBUG main            d.u.i.k.p.r.p.TestFile    ... success: reloaded. 
139635     INFO  main            d.u.i.k.p.r.p.TestFile    Now processing file /home/runner/work/key/key/key.core/../key.ui/examples/standard_key/strings/stringEquality2.key 
139635     INFO  main            d.u.i.k.p.i.AbstractProblemLoader Loading environment from /home/runner/work/key/key/key.core/../key.ui/examples/standard_key/strings/stringEquality2.key 
139635     DEBUG main            d.u.i.k.p.i.AbstractProblemLoader Environment load took 102.2ns 
139636     INFO  main            d.u.i.k.p.i.AbstractProblemLoader Creating init config 
142490     DEBUG main            d.u.i.k.p.i.AbstractProblemLoader Init config took 2.85s 
142505     INFO  main            d.u.i.k.p.i.AbstractProblemLoader Replaying proof stringEquality2.key 
142506     DEBUG main            d.u.i.k.p.i.IntermediateProofReplayer Proof replay took 7.6ns 
143013     INFO  main            d.u.i.k.p.r.p.TestFile    ... finished proof: closed. 
143396     INFO  main            d.u.i.k.p.i.AbstractProblemLoader Loading environment from /home/runner/work/key/key/key.core/../key.ui/examples/standard_key/strings/stringEquality2.key.proof 
143396     DEBUG main            d.u.i.k.p.i.AbstractProblemLoader Environment load took 384.5ns 
143398     INFO  main            d.u.i.k.p.i.AbstractProblemLoader Creating init config 
146309     DEBUG main            d.u.i.k.p.i.AbstractProblemLoader Init config took 2.91s 
146325     INFO  main            d.u.i.k.p.i.AbstractProblemLoader Replaying proof stringEquality2.key.proof 
146357     DEBUG main            d.u.i.k.p.i.IntermediateProofReplayer Proof replay took 27.56ms 
146359     DEBUG main            d.u.i.k.p.r.p.TestFile    ... success: reloaded. 
146359     INFO  main            d.u.i.k.p.r.p.TestFile    Now processing file /home/runner/work/key/key/key.core/../key.ui/examples/standard_key/strings/substring0.key 
146359     INFO  main            d.u.i.k.p.i.AbstractProblemLoader Loading environment from /home/runner/work/key/key/key.core/../key.ui/examples/standard_key/strings/substring0.key 
146359     DEBUG main            d.u.i.k.p.i.AbstractProblemLoader Environment load took 93.1ns 
146360     INFO  main            d.u.i.k.p.i.AbstractProblemLoader Creating init config 
149290     DEBUG main            d.u.i.k.p.i.AbstractProblemLoader Init config took 2.93s 
149308     INFO  main            d.u.i.k.p.i.AbstractProblemLoader Replaying proof substring0.key 
149309     DEBUG main            d.u.i.k.p.i.IntermediateProofReplayer Proof replay took 13.6ns 
149415     INFO  main            d.u.i.k.p.r.p.TestFile    ... finished proof: closed. 
149714     INFO  main            d.u.i.k.p.i.AbstractProblemLoader Loading environment from /home/runner/work/key/key/key.core/../key.ui/examples/standard_key/strings/substring0.key.proof 
149714     DEBUG main            d.u.i.k.p.i.AbstractProblemLoader Environment load took 115.3ns 
149715     INFO  main            d.u.i.k.p.i.AbstractProblemLoader Creating init config 
152568     DEBUG main            d.u.i.k.p.i.AbstractProblemLoader Init config took 2.85s 
152591     INFO  main            d.u.i.k.p.i.AbstractProblemLoader Replaying proof substring0.key.proof 
152594     DEBUG main            d.u.i.k.p.i.IntermediateProofReplayer Proof replay took 622.2ns 
152595     DEBUG main            d.u.i.k.p.r.p.TestFile    ... success: reloaded. 
152596     INFO  main            d.u.i.k.p.r.p.TestFile    Now processing file /home/runner/work/key/key/key.core/../key.ui/examples/standard_key/strings/substring1.key 
152596     INFO  main            d.u.i.k.p.i.AbstractProblemLoader Loading environment from /home/runner/work/key/key/key.core/../key.ui/examples/standard_key/strings/substring1.key 
152596     DEBUG main            d.u.i.k.p.i.AbstractProblemLoader Environment load took 233.9ns 
152598     INFO  main            d.u.i.k.p.i.AbstractProblemLoader Creating init config 
155416     DEBUG main            d.u.i.k.p.i.AbstractProblemLoader Init config took 2.82s 
155430     INFO  main            d.u.i.k.p.i.AbstractProblemLoader Replaying proof substring1.key 
155431     DEBUG main            d.u.i.k.p.i.IntermediateProofReplayer Proof replay took 7.1ns 
155533     INFO  main            d.u.i.k.p.r.p.TestFile    ... finished proof: closed. 
155818     INFO  main            d.u.i.k.p.i.AbstractProblemLoader Loading environment from /home/runner/work/key/key/key.core/../key.ui/examples/standard_key/strings/substring1.key.proof 
155819     DEBUG main            d.u.i.k.p.i.AbstractProblemLoader Environment load took 126.5ns 
155820     INFO  main            d.u.i.k.p.i.AbstractProblemLoader Creating init config 
158593     DEBUG main            d.u.i.k.p.i.AbstractProblemLoader Init config took 2.77s 
158607     INFO  main            d.u.i.k.p.i.AbstractProblemLoader Replaying proof substring1.key.proof 
158610     DEBUG main            d.u.i.k.p.i.IntermediateProofReplayer Proof replay took 579.2ns 
158610     DEBUG main            d.u.i.k.p.r.p.TestFile    ... success: reloaded. 
158611     INFO  main            d.u.i.k.p.r.p.TestFile    Now processing file /home/runner/work/key/key/key.core/../key.ui/examples/standard_key/strings/substring2.key 
158611     INFO  main            d.u.i.k.p.i.AbstractProblemLoader Loading environment from /home/runner/work/key/key/key.core/../key.ui/examples/standard_key/strings/substring2.key 
158611     DEBUG main            d.u.i.k.p.i.AbstractProblemLoader Environment load took 120.5ns 
158612     INFO  main            d.u.i.k.p.i.AbstractProblemLoader Creating init config 
161462     DEBUG main            d.u.i.k.p.i.AbstractProblemLoader Init config took 2.85s 
161480     INFO  main            d.u.i.k.p.i.AbstractProblemLoader Replaying proof substring2.key 
161482     DEBUG main            d.u.i.k.p.i.IntermediateProofReplayer Proof replay took 7.8ns 
161587     INFO  main            d.u.i.k.p.r.p.TestFile    ... finished proof: closed. 
161887     INFO  main            d.u.i.k.p.i.AbstractProblemLoader Loading environment from /home/runner/work/key/key/key.core/../key.ui/examples/standard_key/strings/substring2.key.proof 
161887     DEBUG main            d.u.i.k.p.i.AbstractProblemLoader Environment load took 121.9ns 
161888     INFO  main            d.u.i.k.p.i.AbstractProblemLoader Creating init config 
164687     DEBUG main            d.u.i.k.p.i.AbstractProblemLoader Init config took 2.8s 
164702     INFO  main            d.u.i.k.p.i.AbstractProblemLoader Replaying proof substring2.key.proof 
164704     DEBUG main            d.u.i.k.p.i.IntermediateProofReplayer Proof replay took 885.5ns 
164705     DEBUG main            d.u.i.k.p.r.p.TestFile    ... success: reloaded. 
164706     INFO  main            d.u.i.k.p.r.p.TestFile    Now processing file /home/runner/work/key/key/key.core/../key.ui/examples/standard_key/strings/substring3.key 
164706     INFO  main            d.u.i.k.p.i.AbstractProblemLoader Loading environment from /home/runner/work/key/key/key.core/../key.ui/examples/standard_key/strings/substring3.key 
164706     DEBUG main            d.u.i.k.p.i.AbstractProblemLoader Environment load took 191ns 
164707     INFO  main            d.u.i.k.p.i.AbstractProblemLoader Creating init config 
167641     DEBUG main            d.u.i.k.p.i.AbstractProblemLoader Init config took 2.93s 
167655     INFO  main            d.u.i.k.p.i.AbstractProblemLoader Replaying proof substring3.key 
167656     DEBUG main            d.u.i.k.p.i.IntermediateProofReplayer Proof replay took 6.9ns 
167759     INFO  main            d.u.i.k.p.r.p.TestFile    ... finished proof: closed. 
168051     INFO  main            d.u.i.k.p.i.AbstractProblemLoader Loading environment from /home/runner/work/key/key/key.core/../key.ui/examples/standard_key/strings/substring3.key.proof 
168051     DEBUG main            d.u.i.k.p.i.AbstractProblemLoader Environment load took 103.1ns 
168053     INFO  main            d.u.i.k.p.i.AbstractProblemLoader Creating init config 
170796     DEBUG main            d.u.i.k.p.i.AbstractProblemLoader Init config took 2.74s 
170811     INFO  main            d.u.i.k.p.i.AbstractProblemLoader Replaying proof substring3.key.proof 
170815     DEBUG main            d.u.i.k.p.i.IntermediateProofReplayer Proof replay took 2.25ms 
170816     DEBUG main            d.u.i.k.p.r.p.TestFile    ... success: reloaded. 
170816     INFO  main            d.u.i.k.p.r.p.TestFile    Now processing file /home/runner/work/key/key/key.core/../key.ui/examples/standard_key/strings/substring4.key 
170817     INFO  main            d.u.i.k.p.i.AbstractProblemLoader Loading environment from /home/runner/work/key/key/key.core/../key.ui/examples/standard_key/strings/substring4.key 
170817     DEBUG main            d.u.i.k.p.i.AbstractProblemLoader Environment load took 198.2ns 
170818     INFO  main            d.u.i.k.p.i.AbstractProblemLoader Creating init config 
173684     DEBUG main            d.u.i.k.p.i.AbstractProblemLoader Init config took 2.87s 
173701     INFO  main            d.u.i.k.p.i.AbstractProblemLoader Replaying proof substring4.key 
173702     DEBUG main            d.u.i.k.p.i.IntermediateProofReplayer Proof replay took 6.9ns 
173804     INFO  main            d.u.i.k.p.r.p.TestFile    ... finished proof: closed. 
174105     INFO  main            d.u.i.k.p.i.AbstractProblemLoader Loading environment from /home/runner/work/key/key/key.core/../key.ui/examples/standard_key/strings/substring4.key.proof 
174105     DEBUG main            d.u.i.k.p.i.AbstractProblemLoader Environment load took 113.5ns 
174106     INFO  main            d.u.i.k.p.i.AbstractProblemLoader Creating init config 
177003     DEBUG main            d.u.i.k.p.i.AbstractProblemLoader Init config took 2.9s 
177018     INFO  main            d.u.i.k.p.i.AbstractProblemLoader Replaying proof substring4.key.proof 
177023     DEBUG main            d.u.i.k.p.i.IntermediateProofReplayer Proof replay took 3.11ms 
177024     DEBUG main            d.u.i.k.p.r.p.TestFile    ... success: reloaded. 
177025     INFO  main            d.u.i.k.p.r.p.TestFile    Now processing file /home/runner/work/key/key/key.core/../key.ui/examples/standard_key/strings/substring5.key 
177025     INFO  main            d.u.i.k.p.i.AbstractProblemLoader Loading environment from /home/runner/work/key/key/key.core/../key.ui/examples/standard_key/strings/substring5.key 
177025     DEBUG main            d.u.i.k.p.i.AbstractProblemLoader Environment load took 140.7ns 
177026     INFO  main            d.u.i.k.p.i.AbstractProblemLoader Creating init config 
179963     DEBUG main            d.u.i.k.p.i.AbstractProblemLoader Init config took 2.94s 
179977     INFO  main            d.u.i.k.p.i.AbstractProblemLoader Replaying proof substring5.key 
179978     DEBUG main            d.u.i.k.p.i.IntermediateProofReplayer Proof replay took 8.1ns 
180285     INFO  main            d.u.i.k.p.r.p.TestFile    ... finished proof: closed. 
180665     INFO  main            d.u.i.k.p.i.AbstractProblemLoader Loading environment from /home/runner/work/key/key/key.core/../key.ui/examples/standard_key/strings/substring5.key.proof 
180665     DEBUG main            d.u.i.k.p.i.AbstractProblemLoader Environment load took 381.9ns 
180667     INFO  main            d.u.i.k.p.i.AbstractProblemLoader Creating init config 
183437     DEBUG main            d.u.i.k.p.i.AbstractProblemLoader Init config took 2.77s 
183451     INFO  main            d.u.i.k.p.i.AbstractProblemLoader Replaying proof substring5.key.proof 
183474     DEBUG main            d.u.i.k.p.i.IntermediateProofReplayer Proof replay took 19.68ms 
183476     DEBUG main            d.u.i.k.p.r.p.TestFile    ... success: reloaded. 
4691376    INFO  Test worker     d.u.i.k.p.r.RunAllProofsTestUnit Returning from test strings 
4691377    INFO  Test worker     d.u.i.k.p.r.RunAllProofsTestUnit Running test simple_info_flow 
414        INFO  Timeout watchdog d.u.i.k.p.r.p.ForkedTestFileRunner Timeout watcher launched (2000 secs.) 
437        WARN  main            d.u.i.k.s.ProofSettings   The settings in /home/runner/.key/proof-settings.props are *not* read. 
491        INFO  main            d.u.i.k.p.r.p.TestFile    Now processing file /home/runner/work/key/key/key.core/../key.ui/examples/heap/information_flow/UpdateAbstraction_ex7_1_insecure.key 
635        INFO  main            d.u.i.k.p.i.AbstractProblemLoader Loading environment from /home/runner/work/key/key/key.core/../key.ui/examples/heap/information_flow/UpdateAbstraction_ex7_1_insecure.key 
656        DEBUG main            d.u.i.k.p.i.AbstractProblemLoader Environment load took 2.32ms 
934        INFO  main            d.u.i.k.p.i.AbstractProblemLoader Creating init config 
2203       DEBUG main            d.u.i.k.j.TypeConverter   No LDT found for Meta 
2204       DEBUG main            d.u.i.k.j.TypeConverter   No LDT found for Meta 
2206       DEBUG main            d.u.i.k.j.TypeConverter   No LDT found for Meta 
2206       DEBUG main            d.u.i.k.j.TypeConverter   No LDT found for Meta 
3707       DEBUG main            d.u.i.k.j.TypeConverter   No LDT found for JavaBigintExpression 
10492      DEBUG main            d.u.i.k.p.i.AbstractProblemLoader Init config took 9.56s 
10661      INFO  main            d.u.i.k.p.i.AbstractProblemLoader Replaying proof UpdateAbstraction[UpdateAbstraction::ex7_1_insecure()].JML operation contract.0 
10761      DEBUG main            d.u.i.k.p.i.IntermediateProofReplayer Proof replay took 38ns 
11502      INFO  main            d.u.i.k.p.r.p.TestFile    ... finished proof: open goal(s) 
11628      INFO  main            d.u.i.k.p.r.p.TestFile    Now processing file /home/runner/work/key/key/key.core/../key.ui/examples/heap/information_flow/UpdateAbstraction_ex7_2_insecure.key 
11631      INFO  main            d.u.i.k.p.i.AbstractProblemLoader Loading environment from /home/runner/work/key/key/key.core/../key.ui/examples/heap/information_flow/UpdateAbstraction_ex7_2_insecure.key 
11631      DEBUG main            d.u.i.k.p.i.AbstractProblemLoader Environment load took 182.1ns 
11633      INFO  main            d.u.i.k.p.i.AbstractProblemLoader Creating init config 
15319      DEBUG main            d.u.i.k.p.i.AbstractProblemLoader Init config took 3.69s 
15420      INFO  main            d.u.i.k.p.i.AbstractProblemLoader Replaying proof UpdateAbstraction[UpdateAbstraction::ex7_2_insecure()].JML operation contract.0 
15423      DEBUG main            d.u.i.k.p.i.IntermediateProofReplayer Proof replay took 6.1ns 
15832      INFO  main            d.u.i.k.p.r.p.TestFile    ... finished proof: open goal(s) 
4707524    INFO  Test worker     d.u.i.k.p.r.RunAllProofsTestUnit Returning from test simple_info_flow 
4707524    INFO  Test worker     d.u.i.k.p.r.RunAllProofsTestUnit Running test modelMethods 
444        INFO  Timeout watchdog d.u.i.k.p.r.p.ForkedTestFileRunner Timeout watcher launched (2000 secs.) 
445        WARN  main            d.u.i.k.s.ProofSettings   The settings in /home/runner/.key/proof-settings.props are *not* read. 
484        INFO  main            d.u.i.k.p.r.p.TestFile    Now processing file /home/runner/work/key/key/key.core/../key.ui/examples/heap/model_methods/Cell_footprint_acc.key 
617        INFO  main            d.u.i.k.p.i.AbstractProblemLoader Loading environment from /home/runner/work/key/key/key.core/../key.ui/examples/heap/model_methods/Cell_footprint_acc.key 
635        DEBUG main            d.u.i.k.p.i.AbstractProblemLoader Environment load took 2.17ms 
904        INFO  main            d.u.i.k.p.i.AbstractProblemLoader Creating init config 
2070       DEBUG main            d.u.i.k.j.TypeConverter   No LDT found for Meta 
2073       DEBUG main            d.u.i.k.j.TypeConverter   No LDT found for Meta 
2077       DEBUG main            d.u.i.k.j.TypeConverter   No LDT found for Meta 
2078       DEBUG main            d.u.i.k.j.TypeConverter   No LDT found for Meta 
3861       DEBUG main            d.u.i.k.j.TypeConverter   No LDT found for JavaBigintExpression 
10423      DEBUG main            d.u.i.k.p.i.AbstractProblemLoader Init config took 9.52s 
10584      INFO  main            d.u.i.k.p.i.AbstractProblemLoader Replaying proof Cell[Cell::footprint()].JML accessible clause.0 
10629      DEBUG main            d.u.i.k.p.i.IntermediateProofReplayer Proof replay took 35.4ns 
11128      INFO  main            d.u.i.k.p.r.p.TestFile    ... finished proof: closed. 
11255      INFO  main            d.u.i.k.p.i.AbstractProblemLoader Loading environment from /home/runner/work/key/key/key.core/../key.ui/examples/heap/model_methods/Cell_footprint_acc.key.proof 
11255      DEBUG main            d.u.i.k.p.i.AbstractProblemLoader Environment load took 385.6ns 
11257      INFO  main            d.u.i.k.p.i.AbstractProblemLoader Creating init config 
14917      DEBUG main            d.u.i.k.p.i.AbstractProblemLoader Init config took 3.66s 
15004      INFO  main            d.u.i.k.p.i.AbstractProblemLoader Replaying proof Cell[Cell::footprint()].JML accessible clause.0 
15028      DEBUG main            d.u.i.k.p.i.IntermediateProofReplayer Proof replay took 18.95ms 
15036      DEBUG main            d.u.i.k.p.r.p.TestFile    ... success: reloaded. 
15039      INFO  main            d.u.i.k.p.r.p.TestFile    Now processing file /home/runner/work/key/key/key.core/../key.ui/examples/heap/model_methods/Cell_footprint.key 
15040      INFO  main            d.u.i.k.p.i.AbstractProblemLoader Loading environment from /home/runner/work/key/key/key.core/../key.ui/examples/heap/model_methods/Cell_footprint.key 
15040      DEBUG main            d.u.i.k.p.i.AbstractProblemLoader Environment load took 213.1ns 
15044      INFO  main            d.u.i.k.p.i.AbstractProblemLoader Creating init config 
18427      DEBUG main            d.u.i.k.p.i.AbstractProblemLoader Init config took 3.38s 
18512      INFO  main            d.u.i.k.p.i.AbstractProblemLoader Replaying proof Cell[Cell::footprint()].JML model_behavior operation contract.0 
18515      DEBUG main            d.u.i.k.p.i.IntermediateProofReplayer Proof replay took 19.1ns 
18618      INFO  main            d.u.i.k.p.r.p.TestFile    ... finished proof: closed. 
18763      INFO  main            d.u.i.k.p.i.AbstractProblemLoader Loading environment from /home/runner/work/key/key/key.core/../key.ui/examples/heap/model_methods/Cell_footprint.key.proof 
18763      DEBUG main            d.u.i.k.p.i.AbstractProblemLoader Environment load took 147.5ns 
18768      INFO  main            d.u.i.k.p.i.AbstractProblemLoader Creating init config 
22083      DEBUG main            d.u.i.k.p.i.AbstractProblemLoader Init config took 3.31s 
22147      INFO  main            d.u.i.k.p.i.AbstractProblemLoader Replaying proof Cell[Cell::footprint()].JML model_behavior operation contract.0 
22161      DEBUG main            d.u.i.k.p.i.IntermediateProofReplayer Proof replay took 10.86ms 
22162      DEBUG main            d.u.i.k.p.r.p.TestFile    ... success: reloaded. 
22164      INFO  main            d.u.i.k.p.r.p.TestFile    Now processing file /home/runner/work/key/key/key.core/../key.ui/examples/heap/model_methods/Cell_get_acc.key 
22164      INFO  main            d.u.i.k.p.i.AbstractProblemLoader Loading environment from /home/runner/work/key/key/key.core/../key.ui/examples/heap/model_methods/Cell_get_acc.key 
22164      DEBUG main            d.u.i.k.p.i.AbstractProblemLoader Environment load took 211.7ns 
22166      INFO  main            d.u.i.k.p.i.AbstractProblemLoader Creating init config 
25466      DEBUG main            d.u.i.k.p.i.AbstractProblemLoader Init config took 3.3s 
25525      INFO  main            d.u.i.k.p.i.AbstractProblemLoader Replaying proof Cell[Cell::get()].JML accessible clause.0 
25528      DEBUG main            d.u.i.k.p.i.IntermediateProofReplayer Proof replay took 7.9ns 
25835      INFO  main            d.u.i.k.p.r.p.TestFile    ... finished proof: closed. 
26051      INFO  main            d.u.i.k.p.i.AbstractProblemLoader Loading environment from /home/runner/work/key/key/key.core/../key.ui/examples/heap/model_methods/Cell_get_acc.key.proof 
26051      DEBUG main            d.u.i.k.p.i.AbstractProblemLoader Environment load took 133ns 
26052      INFO  main            d.u.i.k.p.i.AbstractProblemLoader Creating init config 
29386      DEBUG main            d.u.i.k.p.i.AbstractProblemLoader Init config took 3.33s 
29454      INFO  main            d.u.i.k.p.i.AbstractProblemLoader Replaying proof Cell[Cell::get()].JML accessible clause.0 
29528      DEBUG main            d.u.i.k.p.i.IntermediateProofReplayer Proof replay took 70.43ms 
29530      DEBUG main            d.u.i.k.p.r.p.TestFile    ... success: reloaded. 
29531      INFO  main            d.u.i.k.p.r.p.TestFile    Now processing file /home/runner/work/key/key/key.core/../key.ui/examples/heap/model_methods/Cell_get.key 
29532      INFO  main            d.u.i.k.p.i.AbstractProblemLoader Loading environment from /home/runner/work/key/key/key.core/../key.ui/examples/heap/model_methods/Cell_get.key 
29532      DEBUG main            d.u.i.k.p.i.AbstractProblemLoader Environment load took 201.1ns 
29533      INFO  main            d.u.i.k.p.i.AbstractProblemLoader Creating init config 
32974      DEBUG main            d.u.i.k.p.i.AbstractProblemLoader Init config took 3.44s 
33037      INFO  main            d.u.i.k.p.i.AbstractProblemLoader Replaying proof Cell[Cell::get()].JML operation contract.0 
33040      DEBUG main            d.u.i.k.p.i.IntermediateProofReplayer Proof replay took 6.2ns 
33142      INFO  main            d.u.i.k.p.r.p.TestFile    ... finished proof: closed. 
33315      INFO  main            d.u.i.k.p.i.AbstractProblemLoader Loading environment from /home/runner/work/key/key/key.core/../key.ui/examples/heap/model_methods/Cell_get.key.proof 
33316      DEBUG main            d.u.i.k.p.i.AbstractProblemLoader Environment load took 299.7ns 
33317      INFO  main            d.u.i.k.p.i.AbstractProblemLoader Creating init config 
36616      DEBUG main            d.u.i.k.p.i.AbstractProblemLoader Init config took 3.3s 
36673      INFO  main            d.u.i.k.p.i.AbstractProblemLoader Replaying proof Cell[Cell::get()].JML operation contract.0 
36694      DEBUG main            d.u.i.k.p.i.IntermediateProofReplayer Proof replay took 18.74ms 
36695      DEBUG main            d.u.i.k.p.r.p.TestFile    ... success: reloaded. 
36697      INFO  main            d.u.i.k.p.r.p.TestFile    Now processing file /home/runner/work/key/key/key.core/../key.ui/examples/heap/model_methods/Cell_post_set.key 
36697      INFO  main            d.u.i.k.p.i.AbstractProblemLoader Loading environment from /home/runner/work/key/key/key.core/../key.ui/examples/heap/model_methods/Cell_post_set.key 
36697      DEBUG main            d.u.i.k.p.i.AbstractProblemLoader Environment load took 204.4ns 
36698      INFO  main            d.u.i.k.p.i.AbstractProblemLoader Creating init config 
40023      DEBUG main            d.u.i.k.p.i.AbstractProblemLoader Init config took 3.32s 
40087      INFO  main            d.u.i.k.p.i.AbstractProblemLoader Replaying proof Cell[Cell::post_set(int)].JML model_behavior operation contract.0 
40090      DEBUG main            d.u.i.k.p.i.IntermediateProofReplayer Proof replay took 7.4ns 
40192      INFO  main            d.u.i.k.p.r.p.TestFile    ... finished proof: closed. 
40388      INFO  main            d.u.i.k.p.i.AbstractProblemLoader Loading environment from /home/runner/work/key/key/key.core/../key.ui/examples/heap/model_methods/Cell_post_set.key.proof 
40388      DEBUG main            d.u.i.k.p.i.AbstractProblemLoader Environment load took 132.9ns 
40389      INFO  main            d.u.i.k.p.i.AbstractProblemLoader Creating init config 
43784      DEBUG main            d.u.i.k.p.i.AbstractProblemLoader Init config took 3.39s 
43841      INFO  main            d.u.i.k.p.i.AbstractProblemLoader Replaying proof Cell[Cell::post_set(int)].JML model_behavior operation contract.0 
43851      DEBUG main            d.u.i.k.p.i.IntermediateProofReplayer Proof replay took 7.28ms 
43852      DEBUG main            d.u.i.k.p.r.p.TestFile    ... success: reloaded. 
43853      INFO  main            d.u.i.k.p.r.p.TestFile    Now processing file /home/runner/work/key/key/key.core/../key.ui/examples/heap/model_methods/Cell_set.key 
43854      INFO  main            d.u.i.k.p.i.AbstractProblemLoader Loading environment from /home/runner/work/key/key/key.core/../key.ui/examples/heap/model_methods/Cell_set.key 
43854      DEBUG main            d.u.i.k.p.i.AbstractProblemLoader Environment load took 233.9ns 
43855      INFO  main            d.u.i.k.p.i.AbstractProblemLoader Creating init config 
47215      DEBUG main            d.u.i.k.p.i.AbstractProblemLoader Init config took 3.36s 
47271      INFO  main            d.u.i.k.p.i.AbstractProblemLoader Replaying proof Cell[Cell::set(int)].JML operation contract.0 
47273      DEBUG main            d.u.i.k.p.i.IntermediateProofReplayer Proof replay took 7.7ns 
54217      INFO  main            d.u.i.k.p.r.p.TestFile    ... finished proof: closed. 
54456      INFO  main            d.u.i.k.p.i.AbstractProblemLoader Loading environment from /home/runner/work/key/key/key.core/../key.ui/examples/heap/model_methods/Cell_set.key.proof 
54457      DEBUG main            d.u.i.k.p.i.AbstractProblemLoader Environment load took 378.1ns 
54458      INFO  main            d.u.i.k.p.i.AbstractProblemLoader Creating init config 
57750      DEBUG main            d.u.i.k.p.i.AbstractProblemLoader Init config took 3.29s 
57810      INFO  main            d.u.i.k.p.i.AbstractProblemLoader Replaying proof Cell[Cell::set(int)].JML operation contract.0 
58415      DEBUG main            d.u.i.k.p.i.IntermediateProofReplayer Proof replay took 582.09ms 
58417      DEBUG main            d.u.i.k.p.r.p.TestFile    ... success: reloaded. 
58418      INFO  main            d.u.i.k.p.r.p.TestFile    Now processing file /home/runner/work/key/key/key.core/../key.ui/examples/heap/model_methods/CellTest_callSet.key 
58418      INFO  main            d.u.i.k.p.i.AbstractProblemLoader Loading environment from /home/runner/work/key/key/key.core/../key.ui/examples/heap/model_methods/CellTest_callSet.key 
58419      DEBUG main            d.u.i.k.p.i.AbstractProblemLoader Environment load took 229.7ns 
58420      INFO  main            d.u.i.k.p.i.AbstractProblemLoader Creating init config 
61728      DEBUG main            d.u.i.k.p.i.AbstractProblemLoader Init config took 3.31s 
61793      INFO  main            d.u.i.k.p.i.AbstractProblemLoader Replaying proof CellTest[CellTest::callSet(Cell,int)].JML operation contract.0 
61794      DEBUG main            d.u.i.k.p.i.IntermediateProofReplayer Proof replay took 6.8ns 
62100      INFO  main            d.u.i.k.p.r.p.TestFile    ... finished proof: closed. 
62282      INFO  main            d.u.i.k.p.i.AbstractProblemLoader Loading environment from /home/runner/work/key/key/key.core/../key.ui/examples/heap/model_methods/CellTest_callSet.key.proof 
62282      DEBUG main            d.u.i.k.p.i.AbstractProblemLoader Environment load took 151.7ns 
62284      INFO  main            d.u.i.k.p.i.AbstractProblemLoader Creating init config 
65542      DEBUG main            d.u.i.k.p.i.AbstractProblemLoader Init config took 3.26s 
65596      INFO  main            d.u.i.k.p.i.AbstractProblemLoader Replaying proof CellTest[CellTest::callSet(Cell,int)].JML operation contract.0 
65659      DEBUG main            d.u.i.k.p.i.IntermediateProofReplayer Proof replay took 59.98ms 
65660      DEBUG main            d.u.i.k.p.r.p.TestFile    ... success: reloaded. 
65661      INFO  main            d.u.i.k.p.r.p.TestFile    Now processing file /home/runner/work/key/key/key.core/../key.ui/examples/heap/model_methods/CellTest_test2.key 
65662      INFO  main            d.u.i.k.p.i.AbstractProblemLoader Loading environment from /home/runner/work/key/key/key.core/../key.ui/examples/heap/model_methods/CellTest_test2.key 
65662      DEBUG main            d.u.i.k.p.i.AbstractProblemLoader Environment load took 147.3ns 
65663      INFO  main            d.u.i.k.p.i.AbstractProblemLoader Creating init config 
68926      DEBUG main            d.u.i.k.p.i.AbstractProblemLoader Init config took 3.26s 
68978      INFO  main            d.u.i.k.p.i.AbstractProblemLoader Replaying proof CellTest[CellTest::test2(Cell)].JML operation contract.0 
68980      DEBUG main            d.u.i.k.p.i.IntermediateProofReplayer Proof replay took 7.4ns 
69284      INFO  main            d.u.i.k.p.r.p.TestFile    ... finished proof: closed. 
69507      INFO  main            d.u.i.k.p.i.AbstractProblemLoader Loading environment from /home/runner/work/key/key/key.core/../key.ui/examples/heap/model_methods/CellTest_test2.key.proof 
69507      DEBUG main            d.u.i.k.p.i.AbstractProblemLoader Environment load took 130.5ns 
69508      INFO  main            d.u.i.k.p.i.AbstractProblemLoader Creating init config 
72756      DEBUG main            d.u.i.k.p.i.AbstractProblemLoader Init config took 3.25s 
72809      INFO  main            d.u.i.k.p.i.AbstractProblemLoader Replaying proof CellTest[CellTest::test2(Cell)].JML operation contract.0 
72896      DEBUG main            d.u.i.k.p.i.IntermediateProofReplayer Proof replay took 83.7ms 
72897      DEBUG main            d.u.i.k.p.r.p.TestFile    ... success: reloaded. 
72899      INFO  main            d.u.i.k.p.r.p.TestFile    Now processing file /home/runner/work/key/key/key.core/../key.ui/examples/heap/model_methods/CellTest_test.key 
72900      INFO  main            d.u.i.k.p.i.AbstractProblemLoader Loading environment from /home/runner/work/key/key/key.core/../key.ui/examples/heap/model_methods/CellTest_test.key 
72900      DEBUG main            d.u.i.k.p.i.AbstractProblemLoader Environment load took 227.3ns 
72901      INFO  main            d.u.i.k.p.i.AbstractProblemLoader Creating init config 
76133      DEBUG main            d.u.i.k.p.i.AbstractProblemLoader Init config took 3.23s 
76186      INFO  main            d.u.i.k.p.i.AbstractProblemLoader Replaying proof CellTest[CellTest::test(Recell)].JML operation contract.0 
76189      DEBUG main            d.u.i.k.p.i.IntermediateProofReplayer Proof replay took 6.8ns 
78317      INFO  main            d.u.i.k.p.r.p.TestFile    ... finished proof: closed. 
78571      INFO  main            d.u.i.k.p.i.AbstractProblemLoader Loading environment from /home/runner/work/key/key/key.core/../key.ui/examples/heap/model_methods/CellTest_test.key.proof 
78571      DEBUG main            d.u.i.k.p.i.AbstractProblemLoader Environment load took 201.9ns 
78573      INFO  main            d.u.i.k.p.i.AbstractProblemLoader Creating init config 
81715      DEBUG main            d.u.i.k.p.i.AbstractProblemLoader Init config took 3.14s 
81761      INFO  main            d.u.i.k.p.i.AbstractProblemLoader Replaying proof CellTest[CellTest::test(Recell)].JML operation contract.0 
82220      DEBUG main            d.u.i.k.p.i.IntermediateProofReplayer Proof replay took 441.97ms 
82222      DEBUG main            d.u.i.k.p.r.p.TestFile    ... success: reloaded. 
82223      INFO  main            d.u.i.k.p.r.p.TestFile    Now processing file /home/runner/work/key/key/key.core/../key.ui/examples/heap/model_methods/Coll1_add.key 
82223      INFO  main            d.u.i.k.p.i.AbstractProblemLoader Loading environment from /home/runner/work/key/key/key.core/../key.ui/examples/heap/model_methods/Coll1_add.key 
82224      DEBUG main            d.u.i.k.p.i.AbstractProblemLoader Environment load took 178.2ns 
82225      INFO  main            d.u.i.k.p.i.AbstractProblemLoader Creating init config 
85358      DEBUG main            d.u.i.k.p.i.AbstractProblemLoader Init config took 3.13s 
85407      INFO  main            d.u.i.k.p.i.AbstractProblemLoader Replaying proof Coll1[Coll::add(int)].JML operation contract.0 
85409      DEBUG main            d.u.i.k.p.i.IntermediateProofReplayer Proof replay took 17.7ns 
85515      INFO  main            d.u.i.k.p.r.p.TestFile    ... finished proof: closed. 
85730      INFO  main            d.u.i.k.p.i.AbstractProblemLoader Loading environment from /home/runner/work/key/key/key.core/../key.ui/examples/heap/model_methods/Coll1_add.key.proof 
85730      DEBUG main            d.u.i.k.p.i.AbstractProblemLoader Environment load took 113.8ns 
85731      INFO  main            d.u.i.k.p.i.AbstractProblemLoader Creating init config 
88947      DEBUG main            d.u.i.k.p.i.AbstractProblemLoader Init config took 3.22s 
88996      INFO  main            d.u.i.k.p.i.AbstractProblemLoader Replaying proof Coll1[Coll::add(int)].JML operation contract.0 
89008      DEBUG main            d.u.i.k.p.i.IntermediateProofReplayer Proof replay took 9.34ms 
89010      DEBUG main            d.u.i.k.p.r.p.TestFile    ... success: reloaded. 
89012      INFO  main            d.u.i.k.p.r.p.TestFile    Now processing file /home/runner/work/key/key/key.core/../key.ui/examples/heap/model_methods/Coll1_Coll1_add_pre.key 
89013      INFO  main            d.u.i.k.p.i.AbstractProblemLoader Loading environment from /home/runner/work/key/key/key.core/../key.ui/examples/heap/model_methods/Coll1_Coll1_add_pre.key 
89013      DEBUG main            d.u.i.k.p.i.AbstractProblemLoader Environment load took 202.2ns 
89014      INFO  main            d.u.i.k.p.i.AbstractProblemLoader Creating init config 
92206      DEBUG main            d.u.i.k.p.i.AbstractProblemLoader Init config took 3.19s 
92282      INFO  main            d.u.i.k.p.i.AbstractProblemLoader Replaying proof Coll1[Coll1::add_pre(int)].JML model_behavior operation contract.0 
92284      DEBUG main            d.u.i.k.p.i.IntermediateProofReplayer Proof replay took 7ns 
92387      INFO  main            d.u.i.k.p.r.p.TestFile    ... finished proof: closed. 
92615      INFO  main            d.u.i.k.p.i.AbstractProblemLoader Loading environment from /home/runner/work/key/key/key.core/../key.ui/examples/heap/model_methods/Coll1_Coll1_add_pre.key.proof 
92615      DEBUG main            d.u.i.k.p.i.AbstractProblemLoader Environment load took 129.1ns 
92616      INFO  main            d.u.i.k.p.i.AbstractProblemLoader Creating init config 
95814      DEBUG main            d.u.i.k.p.i.AbstractProblemLoader Init config took 3.2s 
95873      INFO  main            d.u.i.k.p.i.AbstractProblemLoader Replaying proof Coll1[Coll1::add_pre(int)].JML model_behavior operation contract.0 
95877      DEBUG main            d.u.i.k.p.i.IntermediateProofReplayer Proof replay took 1.96ms 
95877      DEBUG main            d.u.i.k.p.r.p.TestFile    ... success: reloaded. 
95879      INFO  main            d.u.i.k.p.r.p.TestFile    Now processing file /home/runner/work/key/key/key.core/../key.ui/examples/heap/model_methods/Coll1_Coll_add_pre.key 
95879      INFO  main            d.u.i.k.p.i.AbstractProblemLoader Loading environment from /home/runner/work/key/key/key.core/../key.ui/examples/heap/model_methods/Coll1_Coll_add_pre.key 
95879      DEBUG main            d.u.i.k.p.i.AbstractProblemLoader Environment load took 132.7ns 
95880      INFO  main            d.u.i.k.p.i.AbstractProblemLoader Creating init config 
99187      DEBUG main            d.u.i.k.p.i.AbstractProblemLoader Init config took 3.31s 
99236      INFO  main            d.u.i.k.p.i.AbstractProblemLoader Replaying proof Coll1[Coll::add_pre(int)].JML model_behavior operation contract.0 
99238      DEBUG main            d.u.i.k.p.i.IntermediateProofReplayer Proof replay took 7.2ns 
99340      INFO  main            d.u.i.k.p.r.p.TestFile    ... finished proof: closed. 
99576      INFO  main            d.u.i.k.p.i.AbstractProblemLoader Loading environment from /home/runner/work/key/key/key.core/../key.ui/examples/heap/model_methods/Coll1_Coll_add_pre.key.proof 
99577      DEBUG main            d.u.i.k.p.i.AbstractProblemLoader Environment load took 126.1ns 
99578      INFO  main            d.u.i.k.p.i.AbstractProblemLoader Creating init config 
102748     DEBUG main            d.u.i.k.p.i.AbstractProblemLoader Init config took 3.17s 
102808     INFO  main            d.u.i.k.p.i.AbstractProblemLoader Replaying proof Coll1[Coll::add_pre(int)].JML model_behavior operation contract.0 
102812     DEBUG main            d.u.i.k.p.i.IntermediateProofReplayer Proof replay took 2.3ms 
102813     DEBUG main            d.u.i.k.p.r.p.TestFile    ... success: reloaded. 
102814     INFO  main            d.u.i.k.p.r.p.TestFile    Now processing file /home/runner/work/key/key/key.core/../key.ui/examples/heap/model_methods/Coll2_add.key 
102815     INFO  main            d.u.i.k.p.i.AbstractProblemLoader Loading environment from /home/runner/work/key/key/key.core/../key.ui/examples/heap/model_methods/Coll2_add.key 
102815     DEBUG main            d.u.i.k.p.i.AbstractProblemLoader Environment load took 134.4ns 
102816     INFO  main            d.u.i.k.p.i.AbstractProblemLoader Creating init config 
105955     DEBUG main            d.u.i.k.p.i.AbstractProblemLoader Init config took 3.14s 
106021     INFO  main            d.u.i.k.p.i.AbstractProblemLoader Replaying proof Coll2[Coll::add(int)].JML operation contract.0 
106023     DEBUG main            d.u.i.k.p.i.IntermediateProofReplayer Proof replay took 6.6ns 
106127     INFO  main            d.u.i.k.p.r.p.TestFile    ... finished proof: closed. 
106360     INFO  main            d.u.i.k.p.i.AbstractProblemLoader Loading environment from /home/runner/work/key/key/key.core/../key.ui/examples/heap/model_methods/Coll2_add.key.proof 
106360     DEBUG main            d.u.i.k.p.i.AbstractProblemLoader Environment load took 121.5ns 
106361     INFO  main            d.u.i.k.p.i.AbstractProblemLoader Creating init config 
109486     DEBUG main            d.u.i.k.p.i.AbstractProblemLoader Init config took 3.13s 
109532     INFO  main            d.u.i.k.p.i.AbstractProblemLoader Replaying proof Coll2[Coll::add(int)].JML operation contract.0 
109541     DEBUG main            d.u.i.k.p.i.IntermediateProofReplayer Proof replay took 7.07ms 
109542     DEBUG main            d.u.i.k.p.r.p.TestFile    ... success: reloaded. 
109543     INFO  main            d.u.i.k.p.r.p.TestFile    Now processing file /home/runner/work/key/key/key.core/../key.ui/examples/heap/model_methods/Coll2_Coll2_add_pre.key 
109544     INFO  main            d.u.i.k.p.i.AbstractProblemLoader Loading environment from /home/runner/work/key/key/key.core/../key.ui/examples/heap/model_methods/Coll2_Coll2_add_pre.key 
109544     DEBUG main            d.u.i.k.p.i.AbstractProblemLoader Environment load took 210.3ns 
109545     INFO  main            d.u.i.k.p.i.AbstractProblemLoader Creating init config 
112720     DEBUG main            d.u.i.k.p.i.AbstractProblemLoader Init config took 3.18s 
112766     INFO  main            d.u.i.k.p.i.AbstractProblemLoader Replaying proof Coll2[Coll2::add_pre(int)].JML model_behavior operation contract.0 
112768     DEBUG main            d.u.i.k.p.i.IntermediateProofReplayer Proof replay took 7ns 
112871     INFO  main            d.u.i.k.p.r.p.TestFile    ... finished proof: closed. 
113167     INFO  main            d.u.i.k.p.i.AbstractProblemLoader Loading environment from /home/runner/work/key/key/key.core/../key.ui/examples/heap/model_methods/Coll2_Coll2_add_pre.key.proof 
113167     DEBUG main            d.u.i.k.p.i.AbstractProblemLoader Environment load took 126.8ns 
113169     INFO  main            d.u.i.k.p.i.AbstractProblemLoader Creating init config 
116269     DEBUG main            d.u.i.k.p.i.AbstractProblemLoader Init config took 3.1s 
116323     INFO  main            d.u.i.k.p.i.AbstractProblemLoader Replaying proof Coll2[Coll2::add_pre(int)].JML model_behavior operation contract.0 
116326     DEBUG main            d.u.i.k.p.i.IntermediateProofReplayer Proof replay took 1.62ms 
116327     DEBUG main            d.u.i.k.p.r.p.TestFile    ... success: reloaded. 
116328     INFO  main            d.u.i.k.p.r.p.TestFile    Now processing file /home/runner/work/key/key/key.core/../key.ui/examples/heap/model_methods/Coll2_Coll_add_pre.key 
116328     INFO  main            d.u.i.k.p.i.AbstractProblemLoader Loading environment from /home/runner/work/key/key/key.core/../key.ui/examples/heap/model_methods/Coll2_Coll_add_pre.key 
116329     DEBUG main            d.u.i.k.p.i.AbstractProblemLoader Environment load took 202.6ns 
116330     INFO  main            d.u.i.k.p.i.AbstractProblemLoader Creating init config 
119485     DEBUG main            d.u.i.k.p.i.AbstractProblemLoader Init config took 3.15s 
119529     INFO  main            d.u.i.k.p.i.AbstractProblemLoader Replaying proof Coll2[Coll::add_pre(int)].JML model_behavior operation contract.0 
119530     DEBUG main            d.u.i.k.p.i.IntermediateProofReplayer Proof replay took 7ns 
119632     INFO  main            d.u.i.k.p.r.p.TestFile    ... finished proof: closed. 
119883     INFO  main            d.u.i.k.p.i.AbstractProblemLoader Loading environment from /home/runner/work/key/key/key.core/../key.ui/examples/heap/model_methods/Coll2_Coll_add_pre.key.proof 
119883     DEBUG main            d.u.i.k.p.i.AbstractProblemLoader Environment load took 121.6ns 
119884     INFO  main            d.u.i.k.p.i.AbstractProblemLoader Creating init config 
123080     DEBUG main            d.u.i.k.p.i.AbstractProblemLoader Init config took 3.2s 
123133     INFO  main            d.u.i.k.p.i.AbstractProblemLoader Replaying proof Coll2[Coll::add_pre(int)].JML model_behavior operation contract.0 
123137     DEBUG main            d.u.i.k.p.i.IntermediateProofReplayer Proof replay took 2.62ms 
123138     DEBUG main            d.u.i.k.p.r.p.TestFile    ... success: reloaded. 
123139     INFO  main            d.u.i.k.p.r.p.TestFile    Now processing file /home/runner/work/key/key/key.core/../key.ui/examples/heap/model_methods/Coll_add.key 
123140     INFO  main            d.u.i.k.p.i.AbstractProblemLoader Loading environment from /home/runner/work/key/key/key.core/../key.ui/examples/heap/model_methods/Coll_add.key 
123140     DEBUG main            d.u.i.k.p.i.AbstractProblemLoader Environment load took 141.9ns 
123141     INFO  main            d.u.i.k.p.i.AbstractProblemLoader Creating init config 
126343     DEBUG main            d.u.i.k.p.i.AbstractProblemLoader Init config took 3.2s 
126388     INFO  main            d.u.i.k.p.i.AbstractProblemLoader Replaying proof Coll[Coll::add(int)].JML operation contract.0 
126390     DEBUG main            d.u.i.k.p.i.IntermediateProofReplayer Proof replay took 7.1ns 
126493     INFO  main            d.u.i.k.p.r.p.TestFile    ... finished proof: closed. 
126755     INFO  main            d.u.i.k.p.i.AbstractProblemLoader Loading environment from /home/runner/work/key/key/key.core/../key.ui/examples/heap/model_methods/Coll_add.key.proof 
126755     DEBUG main            d.u.i.k.p.i.AbstractProblemLoader Environment load took 132.7ns 
126756     INFO  main            d.u.i.k.p.i.AbstractProblemLoader Creating init config 
129992     DEBUG main            d.u.i.k.p.i.AbstractProblemLoader Init config took 3.24s 
130038     INFO  main            d.u.i.k.p.i.AbstractProblemLoader Replaying proof Coll[Coll::add(int)].JML operation contract.0 
130042     DEBUG main            d.u.i.k.p.i.IntermediateProofReplayer Proof replay took 2.5ms 
130043     DEBUG main            d.u.i.k.p.r.p.TestFile    ... success: reloaded. 
130044     INFO  main            d.u.i.k.p.r.p.TestFile    Now processing file /home/runner/work/key/key/key.core/../key.ui/examples/heap/model_methods/Coll_add_pre.key 
130044     INFO  main            d.u.i.k.p.i.AbstractProblemLoader Loading environment from /home/runner/work/key/key/key.core/../key.ui/examples/heap/model_methods/Coll_add_pre.key 
130044     DEBUG main            d.u.i.k.p.i.AbstractProblemLoader Environment load took 127.4ns 
130045     INFO  main            d.u.i.k.p.i.AbstractProblemLoader Creating init config 
133220     DEBUG main            d.u.i.k.p.i.AbstractProblemLoader Init config took 3.17s 
133265     INFO  main            d.u.i.k.p.i.AbstractProblemLoader Replaying proof Coll[Coll::add_pre(int)].JML model_behavior operation contract.0 
133267     DEBUG main            d.u.i.k.p.i.IntermediateProofReplayer Proof replay took 18.3ns 
133369     INFO  main            d.u.i.k.p.r.p.TestFile    ... finished proof: closed. 
133640     INFO  main            d.u.i.k.p.i.AbstractProblemLoader Loading environment from /home/runner/work/key/key/key.core/../key.ui/examples/heap/model_methods/Coll_add_pre.key.proof 
133641     DEBUG main            d.u.i.k.p.i.AbstractProblemLoader Environment load took 577.6ns 
133642     INFO  main            d.u.i.k.p.i.AbstractProblemLoader Creating init config 
136670     DEBUG main            d.u.i.k.p.i.AbstractProblemLoader Init config took 3.03s 
136717     INFO  main            d.u.i.k.p.i.AbstractProblemLoader Replaying proof Coll[Coll::add_pre(int)].JML model_behavior operation contract.0 
136721     DEBUG main            d.u.i.k.p.i.IntermediateProofReplayer Proof replay took 2.84ms 
136722     DEBUG main            d.u.i.k.p.r.p.TestFile    ... success: reloaded. 
136723     INFO  main            d.u.i.k.p.r.p.TestFile    Now processing file /home/runner/work/key/key/key.core/../key.ui/examples/heap/model_methods/Indirect_callAdd.key 
136723     INFO  main            d.u.i.k.p.i.AbstractProblemLoader Loading environment from /home/runner/work/key/key/key.core/../key.ui/examples/heap/model_methods/Indirect_callAdd.key 
136724     DEBUG main            d.u.i.k.p.i.AbstractProblemLoader Environment load took 110.1ns 
136724     INFO  main            d.u.i.k.p.i.AbstractProblemLoader Creating init config 
139839     DEBUG main            d.u.i.k.p.i.AbstractProblemLoader Init config took 3.11s 
139881     INFO  main            d.u.i.k.p.i.AbstractProblemLoader Replaying proof Indirect[Indirect::callAdd(Coll,int)].JML operation contract.0 
139883     DEBUG main            d.u.i.k.p.i.IntermediateProofReplayer Proof replay took 6.2ns 
139985     INFO  main            d.u.i.k.p.r.p.TestFile    ... finished proof: closed. 
140271     INFO  main            d.u.i.k.p.i.AbstractProblemLoader Loading environment from /home/runner/work/key/key/key.core/../key.ui/examples/heap/model_methods/Indirect_callAdd.key.proof 
140271     DEBUG main            d.u.i.k.p.i.AbstractProblemLoader Environment load took 129.7ns 
140272     INFO  main            d.u.i.k.p.i.AbstractProblemLoader Creating init config 
143266     DEBUG main            d.u.i.k.p.i.AbstractProblemLoader Init config took 2.99s 
143308     INFO  main            d.u.i.k.p.i.AbstractProblemLoader Replaying proof Indirect[Indirect::callAdd(Coll,int)].JML operation contract.0 
143336     DEBUG main            d.u.i.k.p.i.IntermediateProofReplayer Proof replay took 25.54ms 
143336     DEBUG main            d.u.i.k.p.r.p.TestFile    ... success: reloaded. 
143337     INFO  main            d.u.i.k.p.r.p.TestFile    Now processing file /home/runner/work/key/key/key.core/../key.ui/examples/heap/model_methods/Indirect_test.key 
143338     INFO  main            d.u.i.k.p.i.AbstractProblemLoader Loading environment from /home/runner/work/key/key/key.core/../key.ui/examples/heap/model_methods/Indirect_test.key 
143338     DEBUG main            d.u.i.k.p.i.AbstractProblemLoader Environment load took 86.3ns 
143339     INFO  main            d.u.i.k.p.i.AbstractProblemLoader Creating init config 
146506     DEBUG main            d.u.i.k.p.i.AbstractProblemLoader Init config took 3.17s 
146553     INFO  main            d.u.i.k.p.i.AbstractProblemLoader Replaying proof Indirect[Indirect::test(Coll1,Coll2)].JML operation contract.0 
146558     DEBUG main            d.u.i.k.p.i.IntermediateProofReplayer Proof replay took 8.5ns 
146762     INFO  main            d.u.i.k.p.r.p.TestFile    ... finished proof: closed. 
147105     INFO  main            d.u.i.k.p.i.AbstractProblemLoader Loading environment from /home/runner/work/key/key/key.core/../key.ui/examples/heap/model_methods/Indirect_test.key.proof 
147105     DEBUG main            d.u.i.k.p.i.AbstractProblemLoader Environment load took 113.3ns 
147106     INFO  main            d.u.i.k.p.i.AbstractProblemLoader Creating init config 
150205     DEBUG main            d.u.i.k.p.i.AbstractProblemLoader Init config took 3.1s 
150255     INFO  main            d.u.i.k.p.i.AbstractProblemLoader Replaying proof Indirect[Indirect::test(Coll1,Coll2)].JML operation contract.0 
150324     DEBUG main            d.u.i.k.p.i.IntermediateProofReplayer Proof replay took 65.11ms 
150325     DEBUG main            d.u.i.k.p.r.p.TestFile    ... success: reloaded. 
150326     INFO  main            d.u.i.k.p.r.p.TestFile    Now processing file /home/runner/work/key/key/key.core/../key.ui/examples/heap/model_methods/Recell_Cell_footprint.key 
150326     INFO  main            d.u.i.k.p.i.AbstractProblemLoader Loading environment from /home/runner/work/key/key/key.core/../key.ui/examples/heap/model_methods/Recell_Cell_footprint.key 
150326     DEBUG main            d.u.i.k.p.i.AbstractProblemLoader Environment load took 108.8ns 
150327     INFO  main            d.u.i.k.p.i.AbstractProblemLoader Creating init config 
153493     DEBUG main            d.u.i.k.p.i.AbstractProblemLoader Init config took 3.17s 
153536     INFO  main            d.u.i.k.p.i.AbstractProblemLoader Replaying proof Recell[Cell::footprint()].JML model_behavior operation contract.0 
153538     DEBUG main            d.u.i.k.p.i.IntermediateProofReplayer Proof replay took 10.4ns 
153640     INFO  main            d.u.i.k.p.r.p.TestFile    ... finished proof: closed. 
153927     INFO  main            d.u.i.k.p.i.AbstractProblemLoader Loading environment from /home/runner/work/key/key/key.core/../key.ui/examples/heap/model_methods/Recell_Cell_footprint.key.proof 
153928     DEBUG main            d.u.i.k.p.i.AbstractProblemLoader Environment load took 113.8ns 
153929     INFO  main            d.u.i.k.p.i.AbstractProblemLoader Creating init config 
157089     DEBUG main            d.u.i.k.p.i.AbstractProblemLoader Init config took 3.16s 
157152     INFO  main            d.u.i.k.p.i.AbstractProblemLoader Replaying proof Recell[Cell::footprint()].JML model_behavior operation contract.0 
157161     DEBUG main            d.u.i.k.p.i.IntermediateProofReplayer Proof replay took 5.79ms 
157163     DEBUG main            d.u.i.k.p.r.p.TestFile    ... success: reloaded. 
157164     INFO  main            d.u.i.k.p.r.p.TestFile    Now processing file /home/runner/work/key/key/key.core/../key.ui/examples/heap/model_methods/Recell_Cell_post_set.key 
157165     INFO  main            d.u.i.k.p.i.AbstractProblemLoader Loading environment from /home/runner/work/key/key/key.core/../key.ui/examples/heap/model_methods/Recell_Cell_post_set.key 
157165     DEBUG main            d.u.i.k.p.i.AbstractProblemLoader Environment load took 198.7ns 
157167     INFO  main            d.u.i.k.p.i.AbstractProblemLoader Creating init config 
160320     DEBUG main            d.u.i.k.p.i.AbstractProblemLoader Init config took 3.15s 
160364     INFO  main            d.u.i.k.p.i.AbstractProblemLoader Replaying proof Recell[Cell::post_set(int)].JML model_behavior operation contract.0 
160366     DEBUG main            d.u.i.k.p.i.IntermediateProofReplayer Proof replay took 7.1ns 
160471     INFO  main            d.u.i.k.p.r.p.TestFile    ... finished proof: closed. 
160779     INFO  main            d.u.i.k.p.i.AbstractProblemLoader Loading environment from /home/runner/work/key/key/key.core/../key.ui/examples/heap/model_methods/Recell_Cell_post_set.key.proof 
160779     DEBUG main            d.u.i.k.p.i.AbstractProblemLoader Environment load took 114.6ns 
160780     INFO  main            d.u.i.k.p.i.AbstractProblemLoader Creating init config 
163816     DEBUG main            d.u.i.k.p.i.AbstractProblemLoader Init config took 3.04s 
163855     INFO  main            d.u.i.k.p.i.AbstractProblemLoader Replaying proof Recell[Cell::post_set(int)].JML model_behavior operation contract.0 
163861     DEBUG main            d.u.i.k.p.i.IntermediateProofReplayer Proof replay took 3.91ms 
163862     DEBUG main            d.u.i.k.p.r.p.TestFile    ... success: reloaded. 
163862     INFO  main            d.u.i.k.p.r.p.TestFile    Now processing file /home/runner/work/key/key/key.core/../key.ui/examples/heap/model_methods/Recell_footprint_acc.key 
163863     INFO  main            d.u.i.k.p.i.AbstractProblemLoader Loading environment from /home/runner/work/key/key/key.core/../key.ui/examples/heap/model_methods/Recell_footprint_acc.key 
163863     DEBUG main            d.u.i.k.p.i.AbstractProblemLoader Environment load took 90.9ns 
163864     INFO  main            d.u.i.k.p.i.AbstractProblemLoader Creating init config 
166963     DEBUG main            d.u.i.k.p.i.AbstractProblemLoader Init config took 3.1s 
167006     INFO  main            d.u.i.k.p.i.AbstractProblemLoader Replaying proof Recell[Cell::footprint()].JML accessible clause.0 
167008     DEBUG main            d.u.i.k.p.i.IntermediateProofReplayer Proof replay took 7.9ns 
167114     INFO  main            d.u.i.k.p.r.p.TestFile    ... finished proof: closed. 
167410     INFO  main            d.u.i.k.p.i.AbstractProblemLoader Loading environment from /home/runner/work/key/key/key.core/../key.ui/examples/heap/model_methods/Recell_footprint_acc.key.proof 
167411     DEBUG main            d.u.i.k.p.i.AbstractProblemLoader Environment load took 115.8ns 
167412     INFO  main            d.u.i.k.p.i.AbstractProblemLoader Creating init config 
170525     DEBUG main            d.u.i.k.p.i.AbstractProblemLoader Init config took 3.11s 
170574     INFO  main            d.u.i.k.p.i.AbstractProblemLoader Replaying proof Recell[Cell::footprint()].JML accessible clause.0 
170596     DEBUG main            d.u.i.k.p.i.IntermediateProofReplayer Proof replay took 19.1ms 
170596     DEBUG main            d.u.i.k.p.r.p.TestFile    ... success: reloaded. 
170597     INFO  main            d.u.i.k.p.r.p.TestFile    Now processing file /home/runner/work/key/key/key.core/../key.ui/examples/heap/model_methods/Recell_get_acc.key 
170598     INFO  main            d.u.i.k.p.i.AbstractProblemLoader Loading environment from /home/runner/work/key/key/key.core/../key.ui/examples/heap/model_methods/Recell_get_acc.key 
170598     DEBUG main            d.u.i.k.p.i.AbstractProblemLoader Environment load took 134.2ns 
170599     INFO  main            d.u.i.k.p.i.AbstractProblemLoader Creating init config 
173710     DEBUG main            d.u.i.k.p.i.AbstractProblemLoader Init config took 3.11s 
173753     INFO  main            d.u.i.k.p.i.AbstractProblemLoader Replaying proof Recell[Cell::get()].JML accessible clause.0 
173754     DEBUG main            d.u.i.k.p.i.IntermediateProofReplayer Proof replay took 7.6ns 
173856     INFO  main            d.u.i.k.p.r.p.TestFile    ... finished proof: closed. 
174243     INFO  main            d.u.i.k.p.i.AbstractProblemLoader Loading environment from /home/runner/work/key/key/key.core/../key.ui/examples/heap/model_methods/Recell_get_acc.key.proof 
174243     DEBUG main            d.u.i.k.p.i.AbstractProblemLoader Environment load took 105.7ns 
174244     INFO  main            d.u.i.k.p.i.AbstractProblemLoader Creating init config 
177261     DEBUG main            d.u.i.k.p.i.AbstractProblemLoader Init config took 3.02s 
177309     INFO  main            d.u.i.k.p.i.AbstractProblemLoader Replaying proof Recell[Cell::get()].JML accessible clause.0 
177340     DEBUG main            d.u.i.k.p.i.IntermediateProofReplayer Proof replay took 27.59ms 
177341     DEBUG main            d.u.i.k.p.r.p.TestFile    ... success: reloaded. 
177342     INFO  main            d.u.i.k.p.r.p.TestFile    Now processing file /home/runner/work/key/key/key.core/../key.ui/examples/heap/model_methods/Recell_get.key 
177342     INFO  main            d.u.i.k.p.i.AbstractProblemLoader Loading environment from /home/runner/work/key/key/key.core/../key.ui/examples/heap/model_methods/Recell_get.key 
177342     DEBUG main            d.u.i.k.p.i.AbstractProblemLoader Environment load took 101.3ns 
177343     INFO  main            d.u.i.k.p.i.AbstractProblemLoader Creating init config 
180485     DEBUG main            d.u.i.k.p.i.AbstractProblemLoader Init config took 3.14s 
180528     INFO  main            d.u.i.k.p.i.AbstractProblemLoader Replaying proof Recell[Cell::get()].JML operation contract.0 
180529     DEBUG main            d.u.i.k.p.i.IntermediateProofReplayer Proof replay took 7.3ns 
180631     INFO  main            d.u.i.k.p.r.p.TestFile    ... finished proof: closed. 
180961     INFO  main            d.u.i.k.p.i.AbstractProblemLoader Loading environment from /home/runner/work/key/key/key.core/../key.ui/examples/heap/model_methods/Recell_get.key.proof 
180961     DEBUG main            d.u.i.k.p.i.AbstractProblemLoader Environment load took 108.7ns 
180963     INFO  main            d.u.i.k.p.i.AbstractProblemLoader Creating init config 
184101     DEBUG main            d.u.i.k.p.i.AbstractProblemLoader Init config took 3.14s 
184155     INFO  main            d.u.i.k.p.i.AbstractProblemLoader Replaying proof Recell[Cell::get()].JML operation contract.0 
184174     DEBUG main            d.u.i.k.p.i.IntermediateProofReplayer Proof replay took 14.34ms 
184175     DEBUG main            d.u.i.k.p.r.p.TestFile    ... success: reloaded. 
184176     INFO  main            d.u.i.k.p.r.p.TestFile    Now processing file /home/runner/work/key/key/key.core/../key.ui/examples/heap/model_methods/Recell_Recell_footprint.key 
184177     INFO  main            d.u.i.k.p.i.AbstractProblemLoader Loading environment from /home/runner/work/key/key/key.core/../key.ui/examples/heap/model_methods/Recell_Recell_footprint.key 
184177     DEBUG main            d.u.i.k.p.i.AbstractProblemLoader Environment load took 198.9ns 
184178     INFO  main            d.u.i.k.p.i.AbstractProblemLoader Creating init config 
187372     DEBUG main            d.u.i.k.p.i.AbstractProblemLoader Init config took 3.19s 
187438     INFO  main            d.u.i.k.p.i.AbstractProblemLoader Replaying proof Recell[Recell::footprint()].JML model_behavior operation contract.0 
187440     DEBUG main            d.u.i.k.p.i.IntermediateProofReplayer Proof replay took 9ns 
187543     INFO  main            d.u.i.k.p.r.p.TestFile    ... finished proof: closed. 
187861     INFO  main            d.u.i.k.p.i.AbstractProblemLoader Loading environment from /home/runner/work/key/key/key.core/../key.ui/examples/heap/model_methods/Recell_Recell_footprint.key.proof 
187861     DEBUG main            d.u.i.k.p.i.AbstractProblemLoader Environment load took 112.9ns 
187862     INFO  main            d.u.i.k.p.i.AbstractProblemLoader Creating init config 
190999     DEBUG main            d.u.i.k.p.i.AbstractProblemLoader Init config took 3.14s 
191057     INFO  main            d.u.i.k.p.i.AbstractProblemLoader Replaying proof Recell[Recell::footprint()].JML model_behavior operation contract.0 
191065     DEBUG main            d.u.i.k.p.i.IntermediateProofReplayer Proof replay took 1.6ms 
191066     DEBUG main            d.u.i.k.p.r.p.TestFile    ... success: reloaded. 
191067     INFO  main            d.u.i.k.p.r.p.TestFile    Now processing file /home/runner/work/key/key/key.core/../key.ui/examples/heap/model_methods/Recell_Recell_post_set.key 
191067     INFO  main            d.u.i.k.p.i.AbstractProblemLoader Loading environment from /home/runner/work/key/key/key.core/../key.ui/examples/heap/model_methods/Recell_Recell_post_set.key 
191067     DEBUG main            d.u.i.k.p.i.AbstractProblemLoader Environment load took 228.6ns 
191068     INFO  main            d.u.i.k.p.i.AbstractProblemLoader Creating init config 
194174     DEBUG main            d.u.i.k.p.i.AbstractProblemLoader Init config took 3.11s 
194217     INFO  main            d.u.i.k.p.i.AbstractProblemLoader Replaying proof Recell[Recell::post_set(int)].JML model_behavior operation contract.0 
194219     DEBUG main            d.u.i.k.p.i.IntermediateProofReplayer Proof replay took 6.8ns 
194321     INFO  main            d.u.i.k.p.r.p.TestFile    ... finished proof: closed. 
194633     INFO  main            d.u.i.k.p.i.AbstractProblemLoader Loading environment from /home/runner/work/key/key/key.core/../key.ui/examples/heap/model_methods/Recell_Recell_post_set.key.proof 
194633     DEBUG main            d.u.i.k.p.i.AbstractProblemLoader Environment load took 113.6ns 
194634     INFO  main            d.u.i.k.p.i.AbstractProblemLoader Creating init config 
197692     DEBUG main            d.u.i.k.p.i.AbstractProblemLoader Init config took 3.06s 
197749     INFO  main            d.u.i.k.p.i.AbstractProblemLoader Replaying proof Recell[Recell::post_set(int)].JML model_behavior operation contract.0 
197755     DEBUG main            d.u.i.k.p.i.IntermediateProofReplayer Proof replay took 2.46ms 
197756     DEBUG main            d.u.i.k.p.r.p.TestFile    ... success: reloaded. 
197758     INFO  main            d.u.i.k.p.r.p.TestFile    Now processing file /home/runner/work/key/key/key.core/../key.ui/examples/heap/model_methods/Recell_set.key 
197758     INFO  main            d.u.i.k.p.i.AbstractProblemLoader Loading environment from /home/runner/work/key/key/key.core/../key.ui/examples/heap/model_methods/Recell_set.key 
197758     DEBUG main            d.u.i.k.p.i.AbstractProblemLoader Environment load took 190.4ns 
197760     INFO  main            d.u.i.k.p.i.AbstractProblemLoader Creating init config 
200948     DEBUG main            d.u.i.k.p.i.AbstractProblemLoader Init config took 3.19s 
200990     INFO  main            d.u.i.k.p.i.AbstractProblemLoader Replaying proof Recell[Cell::set(int)].JML operation contract.0 
200991     DEBUG main            d.u.i.k.p.i.IntermediateProofReplayer Proof replay took 9ns 
207826     INFO  main            d.u.i.k.p.r.p.TestFile    ... finished proof: closed. 
208198     INFO  main            d.u.i.k.p.i.AbstractProblemLoader Loading environment from /home/runner/work/key/key/key.core/../key.ui/examples/heap/model_methods/Recell_set.key.proof 
208199     DEBUG main            d.u.i.k.p.i.AbstractProblemLoader Environment load took 193.2ns 
208200     INFO  main            d.u.i.k.p.i.AbstractProblemLoader Creating init config 
211211     DEBUG main            d.u.i.k.p.i.AbstractProblemLoader Init config took 3.01s 
211259     INFO  main            d.u.i.k.p.i.AbstractProblemLoader Replaying proof Recell[Cell::set(int)].JML operation contract.0 
211760     DEBUG main            d.u.i.k.p.i.IntermediateProofReplayer Proof replay took 476.35ms 
211762     DEBUG main            d.u.i.k.p.r.p.TestFile    ... success: reloaded. 
211763     INFO  main            d.u.i.k.p.r.p.TestFile    Now processing file /home/runner/work/key/key/key.core/../key.ui/examples/heap/model_methods/Recell_undo.key 
211763     INFO  main            d.u.i.k.p.i.AbstractProblemLoader Loading environment from /home/runner/work/key/key/key.core/../key.ui/examples/heap/model_methods/Recell_undo.key 
211764     DEBUG main            d.u.i.k.p.i.AbstractProblemLoader Environment load took 199.6ns 
211764     INFO  main            d.u.i.k.p.i.AbstractProblemLoader Creating init config 
214943     DEBUG main            d.u.i.k.p.i.AbstractProblemLoader Init config took 3.18s 
214984     INFO  main            d.u.i.k.p.i.AbstractProblemLoader Replaying proof Recell[Recell::undo()].JML operation contract.0 
214986     DEBUG main            d.u.i.k.p.i.IntermediateProofReplayer Proof replay took 7.7ns 
215191     INFO  main            d.u.i.k.p.r.p.TestFile    ... finished proof: closed. 
215551     INFO  main            d.u.i.k.p.i.AbstractProblemLoader Loading environment from /home/runner/work/key/key/key.core/../key.ui/examples/heap/model_methods/Recell_undo.key.proof 
215551     DEBUG main            d.u.i.k.p.i.AbstractProblemLoader Environment load took 120.4ns 
215552     INFO  main            d.u.i.k.p.i.AbstractProblemLoader Creating init config 
218677     DEBUG main            d.u.i.k.p.i.AbstractProblemLoader Init config took 3.13s 
218723     INFO  main            d.u.i.k.p.i.AbstractProblemLoader Replaying proof Recell[Recell::undo()].JML operation contract.0 
218757     DEBUG main            d.u.i.k.p.i.IntermediateProofReplayer Proof replay took 31.09ms 
218758     DEBUG main            d.u.i.k.p.r.p.TestFile    ... success: reloaded. 
4926511    INFO  Test worker     d.u.i.k.p.r.RunAllProofsTestUnit Returning from test modelMethods 
4926513    INFO  Test worker     d.u.i.k.p.r.RunAllProofsTestUnit Running test permissionHeap 
454        INFO  Timeout watchdog d.u.i.k.p.r.p.ForkedTestFileRunner Timeout watcher launched (2000 secs.) 
477        WARN  main            d.u.i.k.s.ProofSettings   The settings in /home/runner/.key/proof-settings.props are *not* read. 
510        INFO  main            d.u.i.k.p.r.p.TestFile    Now processing file /home/runner/work/key/key/key.core/../key.ui/examples/heap/permissions/permissions_method0.key 
706        INFO  main            d.u.i.k.p.i.AbstractProblemLoader Loading environment from /home/runner/work/key/key/key.core/../key.ui/examples/heap/permissions/permissions_method0.key 
743        DEBUG main            d.u.i.k.p.i.AbstractProblemLoader Environment load took 9.02ms 
1027       INFO  main            d.u.i.k.p.i.AbstractProblemLoader Creating init config 
2239       DEBUG main            d.u.i.k.j.TypeConverter   No LDT found for Meta 
2239       DEBUG main            d.u.i.k.j.TypeConverter   No LDT found for Meta 
2243       DEBUG main            d.u.i.k.j.TypeConverter   No LDT found for Meta 
2244       DEBUG main            d.u.i.k.j.TypeConverter   No LDT found for Meta 
3995       DEBUG main            d.u.i.k.j.TypeConverter   No LDT found for JavaBigintExpression 
9983       DEBUG main            d.u.i.k.p.i.AbstractProblemLoader Init config took 8.96s 
10154      INFO  main            d.u.i.k.p.i.AbstractProblemLoader Replaying proof MyClass[MyClass::method0()].JML normal_behavior operation contract.0 
10201      DEBUG main            d.u.i.k.p.i.IntermediateProofReplayer Proof replay took 34.4ns 
11367      INFO  main            d.u.i.k.p.r.p.TestFile    ... finished proof: closed. 
11508      INFO  main            d.u.i.k.p.i.AbstractProblemLoader Loading environment from /home/runner/work/key/key/key.core/../key.ui/examples/heap/permissions/permissions_method0.key.proof 
11509      DEBUG main            d.u.i.k.p.i.AbstractProblemLoader Environment load took 917.2ns 
11512      INFO  main            d.u.i.k.p.i.AbstractProblemLoader Creating init config 
14899      DEBUG main            d.u.i.k.p.i.AbstractProblemLoader Init config took 3.39s 
15006      INFO  main            d.u.i.k.p.i.AbstractProblemLoader Replaying proof MyClass[MyClass::method0()].JML normal_behavior operation contract.0 
15119      DEBUG main            d.u.i.k.p.i.IntermediateProofReplayer Proof replay took 106.47ms 
15126      DEBUG main            d.u.i.k.p.r.p.TestFile    ... success: reloaded. 
15127      INFO  main            d.u.i.k.p.r.p.TestFile    Now processing file /home/runner/work/key/key/key.core/../key.ui/examples/heap/permissions/permissions_method1.key 
15128      INFO  main            d.u.i.k.p.i.AbstractProblemLoader Loading environment from /home/runner/work/key/key/key.core/../key.ui/examples/heap/permissions/permissions_method1.key 
15128      DEBUG main            d.u.i.k.p.i.AbstractProblemLoader Environment load took 243.4ns 
15130      INFO  main            d.u.i.k.p.i.AbstractProblemLoader Creating init config 
18401      DEBUG main            d.u.i.k.p.i.AbstractProblemLoader Init config took 3.27s 
18484      INFO  main            d.u.i.k.p.i.AbstractProblemLoader Replaying proof MyClass[MyClass::method1()].JML normal_behavior operation contract.0 
18487      DEBUG main            d.u.i.k.p.i.IntermediateProofReplayer Proof replay took 6.2ns 
18893      INFO  main            d.u.i.k.p.r.p.TestFile    ... finished proof: closed. 
19059      INFO  main            d.u.i.k.p.i.AbstractProblemLoader Loading environment from /home/runner/work/key/key/key.core/../key.ui/examples/heap/permissions/permissions_method1.key.proof 
19060      DEBUG main            d.u.i.k.p.i.AbstractProblemLoader Environment load took 363.3ns 
19066      INFO  main            d.u.i.k.p.i.AbstractProblemLoader Creating init config 
22189      DEBUG main            d.u.i.k.p.i.AbstractProblemLoader Init config took 3.12s 
22254      INFO  main            d.u.i.k.p.i.AbstractProblemLoader Replaying proof MyClass[MyClass::method1()].JML normal_behavior operation contract.0 
22326      DEBUG main            d.u.i.k.p.i.IntermediateProofReplayer Proof replay took 67.76ms 
22327      DEBUG main            d.u.i.k.p.r.p.TestFile    ... success: reloaded. 
22329      INFO  main            d.u.i.k.p.r.p.TestFile    Now processing file /home/runner/work/key/key/key.core/../key.ui/examples/heap/permissions/permissions_method3.key 
22329      INFO  main            d.u.i.k.p.i.AbstractProblemLoader Loading environment from /home/runner/work/key/key/key.core/../key.ui/examples/heap/permissions/permissions_method3.key 
22329      DEBUG main            d.u.i.k.p.i.AbstractProblemLoader Environment load took 232.9ns 
22331      INFO  main            d.u.i.k.p.i.AbstractProblemLoader Creating init config 
25572      DEBUG main            d.u.i.k.p.i.AbstractProblemLoader Init config took 3.24s 
25637      INFO  main            d.u.i.k.p.i.AbstractProblemLoader Replaying proof MyClass[MyClass::method3()].JML normal_behavior operation contract.0 
25642      DEBUG main            d.u.i.k.p.i.IntermediateProofReplayer Proof replay took 5.7ns 
27351      INFO  main            d.u.i.k.p.r.p.TestFile    ... finished proof: closed. 
27557      INFO  main            d.u.i.k.p.i.AbstractProblemLoader Loading environment from /home/runner/work/key/key/key.core/../key.ui/examples/heap/permissions/permissions_method3.key.proof 
27557      DEBUG main            d.u.i.k.p.i.AbstractProblemLoader Environment load took 382.1ns 
27559      INFO  main            d.u.i.k.p.i.AbstractProblemLoader Creating init config 
30738      DEBUG main            d.u.i.k.p.i.AbstractProblemLoader Init config took 3.18s 
30794      INFO  main            d.u.i.k.p.i.AbstractProblemLoader Replaying proof MyClass[MyClass::method3()].JML normal_behavior operation contract.0 
31059      DEBUG main            d.u.i.k.p.i.IntermediateProofReplayer Proof replay took 257.4ms 
31060      DEBUG main            d.u.i.k.p.r.p.TestFile    ... success: reloaded. 
31062      INFO  main            d.u.i.k.p.r.p.TestFile    Now processing file /home/runner/work/key/key/key.core/../key.ui/examples/heap/permissions/permissions_setAB.key 
31063      INFO  main            d.u.i.k.p.i.AbstractProblemLoader Loading environment from /home/runner/work/key/key/key.core/../key.ui/examples/heap/permissions/permissions_setAB.key 
31063      DEBUG main            d.u.i.k.p.i.AbstractProblemLoader Environment load took 228.1ns 
31065      INFO  main            d.u.i.k.p.i.AbstractProblemLoader Creating init config 
34244      DEBUG main            d.u.i.k.p.i.AbstractProblemLoader Init config took 3.18s 
34298      INFO  main            d.u.i.k.p.i.AbstractProblemLoader Replaying proof MyClass[MyClass::setAB()].JML normal_behavior operation contract.0 
34300      DEBUG main            d.u.i.k.p.i.IntermediateProofReplayer Proof replay took 5.9ns 
36038      INFO  main            d.u.i.k.p.r.p.TestFile    ... finished proof: closed. 
36264      INFO  main            d.u.i.k.p.i.AbstractProblemLoader Loading environment from /home/runner/work/key/key/key.core/../key.ui/examples/heap/permissions/permissions_setAB.key.proof 
36266      DEBUG main            d.u.i.k.p.i.AbstractProblemLoader Environment load took 1.88ms 
36268      INFO  main            d.u.i.k.p.i.AbstractProblemLoader Creating init config 
39355      DEBUG main            d.u.i.k.p.i.AbstractProblemLoader Init config took 3.09s 
39405      INFO  main            d.u.i.k.p.i.AbstractProblemLoader Replaying proof MyClass[MyClass::setAB()].JML normal_behavior operation contract.0 
39617      DEBUG main            d.u.i.k.p.i.IntermediateProofReplayer Proof replay took 205.98ms 
39619      DEBUG main            d.u.i.k.p.r.p.TestFile    ... success: reloaded. 
39620      INFO  main            d.u.i.k.p.r.p.TestFile    Now processing file /home/runner/work/key/key/key.core/../key.ui/examples/heap/permissions/permissionProperties.key 
39621      INFO  main            d.u.i.k.p.i.AbstractProblemLoader Loading environment from /home/runner/work/key/key/key.core/../key.ui/examples/heap/permissions/permissionProperties.key 
39621      DEBUG main            d.u.i.k.p.i.AbstractProblemLoader Environment load took 211.6ns 
39623      INFO  main            d.u.i.k.p.i.AbstractProblemLoader Creating init config 
39815      DEBUG main            d.u.i.k.j.TypeConverter   No LDT found for Meta 
39815      DEBUG main            d.u.i.k.j.TypeConverter   No LDT found for Meta 
39816      DEBUG main            d.u.i.k.j.TypeConverter   No LDT found for Meta 
39816      DEBUG main            d.u.i.k.j.TypeConverter   No LDT found for Meta 
40537      DEBUG main            d.u.i.k.j.TypeConverter   No LDT found for JavaBigintExpression 
43844      DEBUG main            d.u.i.k.p.i.AbstractProblemLoader Init config took 4.22s 
43867      INFO  main            d.u.i.k.p.i.AbstractProblemLoader Replaying proof permissionProperties.key 
43869      DEBUG main            d.u.i.k.p.i.IntermediateProofReplayer Proof replay took 7.2ns 
44077      INFO  main            d.u.i.k.p.r.p.TestFile    ... finished proof: closed. 
44271      INFO  main            d.u.i.k.p.i.AbstractProblemLoader Loading environment from /home/runner/work/key/key/key.core/../key.ui/examples/heap/permissions/permissionProperties.key.proof 
44271      DEBUG main            d.u.i.k.p.i.AbstractProblemLoader Environment load took 197.4ns 
44272      INFO  main            d.u.i.k.p.i.AbstractProblemLoader Creating init config 
47163      DEBUG main            d.u.i.k.p.i.AbstractProblemLoader Init config took 2.89s 
47184      INFO  main            d.u.i.k.p.i.AbstractProblemLoader Replaying proof permissionProperties.key.proof 
47205      DEBUG main            d.u.i.k.p.i.IntermediateProofReplayer Proof replay took 18.01ms 
47207      DEBUG main            d.u.i.k.p.r.p.TestFile    ... success: reloaded. 
47208      INFO  main            d.u.i.k.p.r.p.TestFile    Now processing file /home/runner/work/key/key/key.core/../key.ui/examples/heap/permissions/threads/AFilter_AFilter.key 
47208      INFO  main            d.u.i.k.p.i.AbstractProblemLoader Loading environment from /home/runner/work/key/key/key.core/../key.ui/examples/heap/permissions/threads/AFilter_AFilter.key 
47208      DEBUG main            d.u.i.k.p.i.AbstractProblemLoader Environment load took 244ns 
47210      INFO  main            d.u.i.k.p.i.AbstractProblemLoader Creating init config 
47373      DEBUG main            d.u.i.k.j.TypeConverter   No LDT found for Meta 
47374      DEBUG main            d.u.i.k.j.TypeConverter   No LDT found for Meta 
47374      DEBUG main            d.u.i.k.j.TypeConverter   No LDT found for Meta 
47375      DEBUG main            d.u.i.k.j.TypeConverter   No LDT found for Meta 
48068      DEBUG main            d.u.i.k.j.TypeConverter   No LDT found for JavaBigintExpression 
54368      DEBUG main            d.u.i.k.p.i.AbstractProblemLoader Init config took 7.16s 
54503      INFO  main            d.u.i.k.p.i.AbstractProblemLoader Replaying proof AFilter[AFilter::AFilter(Sampler,Buffer)].JML normal_behavior operation contract.0 
54505      DEBUG main            d.u.i.k.p.i.IntermediateProofReplayer Proof replay took 7.9ns 
55712      INFO  main            d.u.i.k.p.r.p.TestFile    ... finished proof: closed. 
56020      INFO  main            d.u.i.k.p.i.AbstractProblemLoader Loading environment from /home/runner/work/key/key/key.core/../key.ui/examples/heap/permissions/threads/AFilter_AFilter.key.proof 
56020      DEBUG main            d.u.i.k.p.i.AbstractProblemLoader Environment load took 578.2ns 
56022      INFO  main            d.u.i.k.p.i.AbstractProblemLoader Creating init config 
61651      DEBUG main            d.u.i.k.p.i.AbstractProblemLoader Init config took 5.63s 
61777      INFO  main            d.u.i.k.p.i.AbstractProblemLoader Replaying proof AFilter[AFilter::AFilter(Sampler,Buffer)].JML normal_behavior operation contract.0 
61953      DEBUG main            d.u.i.k.p.i.IntermediateProofReplayer Proof replay took 170.59ms 
61955      DEBUG main            d.u.i.k.p.r.p.TestFile    ... success: reloaded. 
61956      INFO  main            d.u.i.k.p.r.p.TestFile    Now processing file /home/runner/work/key/key/key.core/../key.ui/examples/heap/permissions/threads/AFilter_initPost_accessible.key 
61957      INFO  main            d.u.i.k.p.i.AbstractProblemLoader Loading environment from /home/runner/work/key/key/key.core/../key.ui/examples/heap/permissions/threads/AFilter_initPost_accessible.key 
61957      DEBUG main            d.u.i.k.p.i.AbstractProblemLoader Environment load took 209ns 
61958      INFO  main            d.u.i.k.p.i.AbstractProblemLoader Creating init config 
67492      DEBUG main            d.u.i.k.p.i.AbstractProblemLoader Init config took 5.53s 
67605      INFO  main            d.u.i.k.p.i.AbstractProblemLoader Replaying proof AFilter[ThreadSpec2::initPost()].JML accessible clause.0 
67608      DEBUG main            d.u.i.k.p.i.IntermediateProofReplayer Proof replay took 8ns 
67710      INFO  main            d.u.i.k.p.r.p.TestFile    ... finished proof: closed. 
67927      INFO  main            d.u.i.k.p.i.AbstractProblemLoader Loading environment from /home/runner/work/key/key/key.core/../key.ui/examples/heap/permissions/threads/AFilter_initPost_accessible.key.proof 
67927      DEBUG main            d.u.i.k.p.i.AbstractProblemLoader Environment load took 124.7ns 
67928      INFO  main            d.u.i.k.p.i.AbstractProblemLoader Creating init config 
73387      DEBUG main            d.u.i.k.p.i.AbstractProblemLoader Init config took 5.46s 
73516      INFO  main            d.u.i.k.p.i.AbstractProblemLoader Replaying proof AFilter[ThreadSpec2::initPost()].JML accessible clause.0 
73532      DEBUG main            d.u.i.k.p.i.IntermediateProofReplayer Proof replay took 13.72ms 
73533      DEBUG main            d.u.i.k.p.r.p.TestFile    ... success: reloaded. 
73535      INFO  main            d.u.i.k.p.r.p.TestFile    Now processing file /home/runner/work/key/key/key.core/../key.ui/examples/heap/permissions/threads/AFilter_inv_accessible1.key 
73535      INFO  main            d.u.i.k.p.i.AbstractProblemLoader Loading environment from /home/runner/work/key/key/key.core/../key.ui/examples/heap/permissions/threads/AFilter_inv_accessible1.key 
73535      DEBUG main            d.u.i.k.p.i.AbstractProblemLoader Environment load took 220.2ns 
73537      INFO  main            d.u.i.k.p.i.AbstractProblemLoader Creating init config 
78962      DEBUG main            d.u.i.k.p.i.AbstractProblemLoader Init config took 5.43s 
79068      INFO  main            d.u.i.k.p.i.AbstractProblemLoader Replaying proof AFilter[java.lang.Object::<inv>()].JML accessible clause.0 
79070      DEBUG main            d.u.i.k.p.i.IntermediateProofReplayer Proof replay took 6.3ns 
79172      INFO  main            d.u.i.k.p.r.p.TestFile    ... finished proof: closed. 
79428      INFO  main            d.u.i.k.p.i.AbstractProblemLoader Loading environment from /home/runner/work/key/key/key.core/../key.ui/examples/heap/permissions/threads/AFilter_inv_accessible1.key.proof 
79428      DEBUG main            d.u.i.k.p.i.AbstractProblemLoader Environment load took 123.8ns 
79429      INFO  main            d.u.i.k.p.i.AbstractProblemLoader Creating init config 
84912      DEBUG main            d.u.i.k.p.i.AbstractProblemLoader Init config took 5.48s 
85026      INFO  main            d.u.i.k.p.i.AbstractProblemLoader Replaying proof AFilter[java.lang.Object::<inv>()].JML accessible clause.0 
85031      DEBUG main            d.u.i.k.p.i.IntermediateProofReplayer Proof replay took 2.55ms 
85032      DEBUG main            d.u.i.k.p.r.p.TestFile    ... success: reloaded. 
85033      INFO  main            d.u.i.k.p.r.p.TestFile    Now processing file /home/runner/work/key/key/key.core/../key.ui/examples/heap/permissions/threads/AFilter_inv_accessible2.key 
85034      INFO  main            d.u.i.k.p.i.AbstractProblemLoader Loading environment from /home/runner/work/key/key/key.core/../key.ui/examples/heap/permissions/threads/AFilter_inv_accessible2.key 
85034      DEBUG main            d.u.i.k.p.i.AbstractProblemLoader Environment load took 212.3ns 
85035      INFO  main            d.u.i.k.p.i.AbstractProblemLoader Creating init config 
90581      DEBUG main            d.u.i.k.p.i.AbstractProblemLoader Init config took 5.55s 
90705      INFO  main            d.u.i.k.p.i.AbstractProblemLoader Replaying proof AFilter[java.lang.Object::<inv>()].JML accessible clause.1 
90706      DEBUG main            d.u.i.k.p.i.IntermediateProofReplayer Proof replay took 6.7ns 
90809      INFO  main            d.u.i.k.p.r.p.TestFile    ... finished proof: closed. 
91057      INFO  main            d.u.i.k.p.i.AbstractProblemLoader Loading environment from /home/runner/work/key/key/key.core/../key.ui/examples/heap/permissions/threads/AFilter_inv_accessible2.key.proof 
91057      DEBUG main            d.u.i.k.p.i.AbstractProblemLoader Environment load took 134.3ns 
91058      INFO  main            d.u.i.k.p.i.AbstractProblemLoader Creating init config 
96431      DEBUG main            d.u.i.k.p.i.AbstractProblemLoader Init config took 5.37s 
96532      INFO  main            d.u.i.k.p.i.AbstractProblemLoader Replaying proof AFilter[java.lang.Object::<inv>()].JML accessible clause.1 
96537      DEBUG main            d.u.i.k.p.i.IntermediateProofReplayer Proof replay took 2.62ms 
96538      DEBUG main            d.u.i.k.p.r.p.TestFile    ... success: reloaded. 
96540      INFO  main            d.u.i.k.p.r.p.TestFile    Now processing file /home/runner/work/key/key/key.core/../key.ui/examples/heap/permissions/threads/AFilter_joinTransfer_accessible.key 
96540      INFO  main            d.u.i.k.p.i.AbstractProblemLoader Loading environment from /home/runner/work/key/key/key.core/../key.ui/examples/heap/permissions/threads/AFilter_joinTransfer_accessible.key 
96540      DEBUG main            d.u.i.k.p.i.AbstractProblemLoader Environment load took 262.3ns 
96542      INFO  main            d.u.i.k.p.i.AbstractProblemLoader Creating init config 
101893     DEBUG main            d.u.i.k.p.i.AbstractProblemLoader Init config took 5.35s 
102019     INFO  main            d.u.i.k.p.i.AbstractProblemLoader Replaying proof AFilter[ThreadSpec2::joinTransfer()].JML accessible clause.0 
102021     DEBUG main            d.u.i.k.p.i.IntermediateProofReplayer Proof replay took 7.1ns 
105730     INFO  main            d.u.i.k.p.r.p.TestFile    ... finished proof: closed. 
106004     INFO  main            d.u.i.k.p.i.AbstractProblemLoader Loading environment from /home/runner/work/key/key/key.core/../key.ui/examples/heap/permissions/threads/AFilter_joinTransfer_accessible.key.proof 
106004     DEBUG main            d.u.i.k.p.i.AbstractProblemLoader Environment load took 137.4ns 
106005     INFO  main            d.u.i.k.p.i.AbstractProblemLoader Creating init config 
111330     DEBUG main            d.u.i.k.p.i.AbstractProblemLoader Init config took 5.33s 
111450     INFO  main            d.u.i.k.p.i.AbstractProblemLoader Replaying proof AFilter[ThreadSpec2::joinTransfer()].JML accessible clause.0 
111778     DEBUG main            d.u.i.k.p.i.IntermediateProofReplayer Proof replay took 304.96ms 
111780     DEBUG main            d.u.i.k.p.r.p.TestFile    ... success: reloaded. 
111781     INFO  main            d.u.i.k.p.r.p.TestFile    Now processing file /home/runner/work/key/key/key.core/../key.ui/examples/heap/permissions/threads/AFilter_joinTransfer_contract.key 
111782     INFO  main            d.u.i.k.p.i.AbstractProblemLoader Loading environment from /home/runner/work/key/key/key.core/../key.ui/examples/heap/permissions/threads/AFilter_joinTransfer_contract.key 
111782     DEBUG main            d.u.i.k.p.i.AbstractProblemLoader Environment load took 199.4ns 
111783     INFO  main            d.u.i.k.p.i.AbstractProblemLoader Creating init config 
117328     DEBUG main            d.u.i.k.p.i.AbstractProblemLoader Init config took 5.54s 
117451     INFO  main            d.u.i.k.p.i.AbstractProblemLoader Replaying proof AFilter[ThreadSpec2::joinTransfer()].JML model_behavior operation contract.0 
117452     DEBUG main            d.u.i.k.p.i.IntermediateProofReplayer Proof replay took 8.1ns 
117554     INFO  main            d.u.i.k.p.r.p.TestFile    ... finished proof: closed. 
117823     INFO  main            d.u.i.k.p.i.AbstractProblemLoader Loading environment from /home/runner/work/key/key/key.core/../key.ui/examples/heap/permissions/threads/AFilter_joinTransfer_contract.key.proof 
117823     DEBUG main            d.u.i.k.p.i.AbstractProblemLoader Environment load took 158.5ns 
117825     INFO  main            d.u.i.k.p.i.AbstractProblemLoader Creating init config 
123285     DEBUG main            d.u.i.k.p.i.AbstractProblemLoader Init config took 5.46s 
123391     INFO  main            d.u.i.k.p.i.AbstractProblemLoader Replaying proof AFilter[ThreadSpec2::joinTransfer()].JML model_behavior operation contract.0 
123402     DEBUG main            d.u.i.k.p.i.IntermediateProofReplayer Proof replay took 9.27ms 
123403     DEBUG main            d.u.i.k.p.r.p.TestFile    ... success: reloaded. 
123405     INFO  main            d.u.i.k.p.r.p.TestFile    Now processing file /home/runner/work/key/key/key.core/../key.ui/examples/heap/permissions/threads/AFilter_postJoin_accessible.key 
123405     INFO  main            d.u.i.k.p.i.AbstractProblemLoader Loading environment from /home/runner/work/key/key/key.core/../key.ui/examples/heap/permissions/threads/AFilter_postJoin_accessible.key 
123405     DEBUG main            d.u.i.k.p.i.AbstractProblemLoader Environment load took 80ns 
123406     INFO  main            d.u.i.k.p.i.AbstractProblemLoader Creating init config 
128726     DEBUG main            d.u.i.k.p.i.AbstractProblemLoader Init config took 5.32s 
128826     INFO  main            d.u.i.k.p.i.AbstractProblemLoader Replaying proof AFilter[ThreadSpec2::postJoin(java.lang.Object)].JML accessible clause.0 
128828     DEBUG main            d.u.i.k.p.i.IntermediateProofReplayer Proof replay took 7ns 
128930     INFO  main            d.u.i.k.p.r.p.TestFile    ... finished proof: closed. 
129245     INFO  main            d.u.i.k.p.i.AbstractProblemLoader Loading environment from /home/runner/work/key/key/key.core/../key.ui/examples/heap/permissions/threads/AFilter_postJoin_accessible.key.proof 
129245     DEBUG main            d.u.i.k.p.i.AbstractProblemLoader Environment load took 140.5ns 
129246     INFO  main            d.u.i.k.p.i.AbstractProblemLoader Creating init config 
134493     DEBUG main            d.u.i.k.p.i.AbstractProblemLoader Init config took 5.25s 
134590     INFO  main            d.u.i.k.p.i.AbstractProblemLoader Replaying proof AFilter[ThreadSpec2::postJoin(java.lang.Object)].JML accessible clause.0 
134599     DEBUG main            d.u.i.k.p.i.IntermediateProofReplayer Proof replay took 7.03ms 
134600     DEBUG main            d.u.i.k.p.r.p.TestFile    ... success: reloaded. 
134601     INFO  main            d.u.i.k.p.r.p.TestFile    Now processing file /home/runner/work/key/key/key.core/../key.ui/examples/heap/permissions/threads/AFilter_preStart_accessible.key 
134601     INFO  main            d.u.i.k.p.i.AbstractProblemLoader Loading environment from /home/runner/work/key/key/key.core/../key.ui/examples/heap/permissions/threads/AFilter_preStart_accessible.key 
134602     DEBUG main            d.u.i.k.p.i.AbstractProblemLoader Environment load took 138.9ns 
134603     INFO  main            d.u.i.k.p.i.AbstractProblemLoader Creating init config 
139888     DEBUG main            d.u.i.k.p.i.AbstractProblemLoader Init config took 5.29s 
139986     INFO  main            d.u.i.k.p.i.AbstractProblemLoader Replaying proof AFilter[ThreadSpec2::preStart(java.lang.Object)].JML accessible clause.0 
139990     DEBUG main            d.u.i.k.p.i.IntermediateProofReplayer Proof replay took 8.3ns 
140297     INFO  main            d.u.i.k.p.r.p.TestFile    ... finished proof: closed. 
140601     INFO  main            d.u.i.k.p.i.AbstractProblemLoader Loading environment from /home/runner/work/key/key/key.core/../key.ui/examples/heap/permissions/threads/AFilter_preStart_accessible.key.proof 
140602     DEBUG main            d.u.i.k.p.i.AbstractProblemLoader Environment load took 635.8ns 
140603     INFO  main            d.u.i.k.p.i.AbstractProblemLoader Creating init config 
145904     DEBUG main            d.u.i.k.p.i.AbstractProblemLoader Init config took 5.3s 
146006     INFO  main            d.u.i.k.p.i.AbstractProblemLoader Replaying proof AFilter[ThreadSpec2::preStart(java.lang.Object)].JML accessible clause.0 
146060     DEBUG main            d.u.i.k.p.i.IntermediateProofReplayer Proof replay took 50.39ms 
146063     DEBUG main            d.u.i.k.p.r.p.TestFile    ... success: reloaded. 
146065     INFO  main            d.u.i.k.p.r.p.TestFile    Now processing file /home/runner/work/key/key/key.core/../key.ui/examples/heap/permissions/threads/AFilter_startTransfer_accessible.key 
146065     INFO  main            d.u.i.k.p.i.AbstractProblemLoader Loading environment from /home/runner/work/key/key/key.core/../key.ui/examples/heap/permissions/threads/AFilter_startTransfer_accessible.key 
146065     DEBUG main            d.u.i.k.p.i.AbstractProblemLoader Environment load took 181.1ns 
146067     INFO  main            d.u.i.k.p.i.AbstractProblemLoader Creating init config 
151460     DEBUG main            d.u.i.k.p.i.AbstractProblemLoader Init config took 5.39s 
151560     INFO  main            d.u.i.k.p.i.AbstractProblemLoader Replaying proof AFilter[ThreadSpec2::startTransfer()].JML accessible clause.0 
151562     DEBUG main            d.u.i.k.p.i.IntermediateProofReplayer Proof replay took 6.6ns 
158502     INFO  main            d.u.i.k.p.r.p.TestFile    ... finished proof: closed. 
158829     INFO  main            d.u.i.k.p.i.AbstractProblemLoader Loading environment from /home/runner/work/key/key/key.core/../key.ui/examples/heap/permissions/threads/AFilter_startTransfer_accessible.key.proof 
158830     DEBUG main            d.u.i.k.p.i.AbstractProblemLoader Environment load took 426.8ns 
158831     INFO  main            d.u.i.k.p.i.AbstractProblemLoader Creating init config 
164095     DEBUG main            d.u.i.k.p.i.AbstractProblemLoader Init config took 5.26s 
164195     INFO  main            d.u.i.k.p.i.AbstractProblemLoader Replaying proof AFilter[ThreadSpec2::startTransfer()].JML accessible clause.0 
164624     DEBUG main            d.u.i.k.p.i.IntermediateProofReplayer Proof replay took 412.54ms 
164625     DEBUG main            d.u.i.k.p.r.p.TestFile    ... success: reloaded. 
164626     INFO  main            d.u.i.k.p.r.p.TestFile    Now processing file /home/runner/work/key/key/key.core/../key.ui/examples/heap/permissions/threads/AFilter_startTransfer_contract.key 
164627     INFO  main            d.u.i.k.p.i.AbstractProblemLoader Loading environment from /home/runner/work/key/key/key.core/../key.ui/examples/heap/permissions/threads/AFilter_startTransfer_contract.key 
164627     DEBUG main            d.u.i.k.p.i.AbstractProblemLoader Environment load took 126.6ns 
164628     INFO  main            d.u.i.k.p.i.AbstractProblemLoader Creating init config 
169979     DEBUG main            d.u.i.k.p.i.AbstractProblemLoader Init config took 5.35s 
170098     INFO  main            d.u.i.k.p.i.AbstractProblemLoader Replaying proof AFilter[ThreadSpec2::startTransfer()].JML model_behavior operation contract.0 
170103     DEBUG main            d.u.i.k.p.i.IntermediateProofReplayer Proof replay took 7.2ns 
170607     INFO  main            d.u.i.k.p.r.p.TestFile    ... finished proof: closed. 
170918     INFO  main            d.u.i.k.p.i.AbstractProblemLoader Loading environment from /home/runner/work/key/key/key.core/../key.ui/examples/heap/permissions/threads/AFilter_startTransfer_contract.key.proof 
170918     DEBUG main            d.u.i.k.p.i.AbstractProblemLoader Environment load took 122ns 
170920     INFO  main            d.u.i.k.p.i.AbstractProblemLoader Creating init config 
176270     DEBUG main            d.u.i.k.p.i.AbstractProblemLoader Init config took 5.35s 
176385     INFO  main            d.u.i.k.p.i.AbstractProblemLoader Replaying proof AFilter[ThreadSpec2::startTransfer()].JML model_behavior operation contract.0 
176440     DEBUG main            d.u.i.k.p.i.IntermediateProofReplayer Proof replay took 50.95ms 
176441     DEBUG main            d.u.i.k.p.r.p.TestFile    ... success: reloaded. 
176443     INFO  main            d.u.i.k.p.r.p.TestFile    Now processing file /home/runner/work/key/key/key.core/../key.ui/examples/heap/permissions/threads/AFilter_stateInv_accessible.key 
176443     INFO  main            d.u.i.k.p.i.AbstractProblemLoader Loading environment from /home/runner/work/key/key/key.core/../key.ui/examples/heap/permissions/threads/AFilter_stateInv_accessible.key 
176443     DEBUG main            d.u.i.k.p.i.AbstractProblemLoader Environment load took 114.9ns 
176444     INFO  main            d.u.i.k.p.i.AbstractProblemLoader Creating init config 
181885     DEBUG main            d.u.i.k.p.i.AbstractProblemLoader Init config took 5.44s 
182000     INFO  main            d.u.i.k.p.i.AbstractProblemLoader Replaying proof AFilter[ThreadSpec2::stateInv()].JML accessible clause.0 
182002     DEBUG main            d.u.i.k.p.i.IntermediateProofReplayer Proof replay took 7.1ns 
182405     INFO  main            d.u.i.k.p.r.p.TestFile    ... finished proof: closed. 
182733     INFO  main            d.u.i.k.p.i.AbstractProblemLoader Loading environment from /home/runner/work/key/key/key.core/../key.ui/examples/heap/permissions/threads/AFilter_stateInv_accessible.key.proof 
182733     DEBUG main            d.u.i.k.p.i.AbstractProblemLoader Environment load took 117.7ns 
182734     INFO  main            d.u.i.k.p.i.AbstractProblemLoader Creating init config 
188091     DEBUG main            d.u.i.k.p.i.AbstractProblemLoader Init config took 5.36s 
188185     INFO  main            d.u.i.k.p.i.AbstractProblemLoader Replaying proof AFilter[ThreadSpec2::stateInv()].JML accessible clause.0 
188223     DEBUG main            d.u.i.k.p.i.IntermediateProofReplayer Proof replay took 35.5ms 
188226     DEBUG main            d.u.i.k.p.r.p.TestFile    ... success: reloaded. 
188227     INFO  main            d.u.i.k.p.r.p.TestFile    Now processing file /home/runner/work/key/key/key.core/../key.ui/examples/heap/permissions/threads/AFilter_staticPermissions_accessible.key 
188228     INFO  main            d.u.i.k.p.i.AbstractProblemLoader Loading environment from /home/runner/work/key/key/key.core/../key.ui/examples/heap/permissions/threads/AFilter_staticPermissions_accessible.key 
188228     DEBUG main            d.u.i.k.p.i.AbstractProblemLoader Environment load took 202.4ns 
188229     INFO  main            d.u.i.k.p.i.AbstractProblemLoader Creating init config 
193517     DEBUG main            d.u.i.k.p.i.AbstractProblemLoader Init config took 5.29s 
193612     INFO  main            d.u.i.k.p.i.AbstractProblemLoader Replaying proof AFilter[ThreadSpec2::staticPermissions()].JML accessible clause.0 
193614     DEBUG main            d.u.i.k.p.i.IntermediateProofReplayer Proof replay took 6.6ns 
193719     INFO  main            d.u.i.k.p.r.p.TestFile    ... finished proof: closed. 
194039     INFO  main            d.u.i.k.p.i.AbstractProblemLoader Loading environment from /home/runner/work/key/key/key.core/../key.ui/examples/heap/permissions/threads/AFilter_staticPermissions_accessible.key.proof 
194039     DEBUG main            d.u.i.k.p.i.AbstractProblemLoader Environment load took 131.4ns 
194040     INFO  main            d.u.i.k.p.i.AbstractProblemLoader Creating init config 
199303     DEBUG main            d.u.i.k.p.i.AbstractProblemLoader Init config took 5.26s 
199401     INFO  main            d.u.i.k.p.i.AbstractProblemLoader Replaying proof AFilter[ThreadSpec2::staticPermissions()].JML accessible clause.0 
199412     DEBUG main            d.u.i.k.p.i.IntermediateProofReplayer Proof replay took 9.39ms 
199413     DEBUG main            d.u.i.k.p.r.p.TestFile    ... success: reloaded. 
199415     INFO  main            d.u.i.k.p.r.p.TestFile    Now processing file /home/runner/work/key/key/key.core/../key.ui/examples/heap/permissions/threads/AFilter_workingPermissions_accessible.key 
199415     INFO  main            d.u.i.k.p.i.AbstractProblemLoader Loading environment from /home/runner/work/key/key/key.core/../key.ui/examples/heap/permissions/threads/AFilter_workingPermissions_accessible.key 
199415     DEBUG main            d.u.i.k.p.i.AbstractProblemLoader Environment load took 116.6ns 
199416     INFO  main            d.u.i.k.p.i.AbstractProblemLoader Creating init config 
204777     DEBUG main            d.u.i.k.p.i.AbstractProblemLoader Init config took 5.36s 
204911     INFO  main            d.u.i.k.p.i.AbstractProblemLoader Replaying proof AFilter[ThreadSpec2::workingPermissions()].JML accessible clause.0 
204913     DEBUG main            d.u.i.k.p.i.IntermediateProofReplayer Proof replay took 6.8ns 
205015     INFO  main            d.u.i.k.p.r.p.TestFile    ... finished proof: closed. 
205323     INFO  main            d.u.i.k.p.i.AbstractProblemLoader Loading environment from /home/runner/work/key/key/key.core/../key.ui/examples/heap/permissions/threads/AFilter_workingPermissions_accessible.key.proof 
205324     DEBUG main            d.u.i.k.p.i.AbstractProblemLoader Environment load took 124.2ns 
205327     INFO  main            d.u.i.k.p.i.AbstractProblemLoader Creating init config 
210636     DEBUG main            d.u.i.k.p.i.AbstractProblemLoader Init config took 5.31s 
210735     INFO  main            d.u.i.k.p.i.AbstractProblemLoader Replaying proof AFilter[ThreadSpec2::workingPermissions()].JML accessible clause.0 
210745     DEBUG main            d.u.i.k.p.i.IntermediateProofReplayer Proof replay took 8.1ms 
210746     DEBUG main            d.u.i.k.p.r.p.TestFile    ... success: reloaded. 
210747     INFO  main            d.u.i.k.p.r.p.TestFile    Now processing file /home/runner/work/key/key/key.core/../key.ui/examples/heap/permissions/threads/BFilter_BFilter.key 
210747     INFO  main            d.u.i.k.p.i.AbstractProblemLoader Loading environment from /home/runner/work/key/key/key.core/../key.ui/examples/heap/permissions/threads/BFilter_BFilter.key 
210747     DEBUG main            d.u.i.k.p.i.AbstractProblemLoader Environment load took 74.7ns 
210748     INFO  main            d.u.i.k.p.i.AbstractProblemLoader Creating init config 
216070     DEBUG main            d.u.i.k.p.i.AbstractProblemLoader Init config took 5.32s 
216167     INFO  main            d.u.i.k.p.i.AbstractProblemLoader Replaying proof BFilter[BFilter::BFilter(Sampler,Buffer)].JML normal_behavior operation contract.0 
216169     DEBUG main            d.u.i.k.p.i.IntermediateProofReplayer Proof replay took 5.9ns 
217176     INFO  main            d.u.i.k.p.r.p.TestFile    ... finished proof: closed. 
217603     INFO  main            d.u.i.k.p.i.AbstractProblemLoader Loading environment from /home/runner/work/key/key/key.core/../key.ui/examples/heap/permissions/threads/BFilter_BFilter.key.proof 
217603     DEBUG main            d.u.i.k.p.i.AbstractProblemLoader Environment load took 122ns 
217604     INFO  main            d.u.i.k.p.i.AbstractProblemLoader Creating init config 
222784     DEBUG main            d.u.i.k.p.i.AbstractProblemLoader Init config took 5.18s 
222897     INFO  main            d.u.i.k.p.i.AbstractProblemLoader Replaying proof BFilter[BFilter::BFilter(Sampler,Buffer)].JML normal_behavior operation contract.0 
223031     DEBUG main            d.u.i.k.p.i.IntermediateProofReplayer Proof replay took 130.02ms 
223032     DEBUG main            d.u.i.k.p.r.p.TestFile    ... success: reloaded. 
223034     INFO  main            d.u.i.k.p.r.p.TestFile    Now processing file /home/runner/work/key/key/key.core/../key.ui/examples/heap/permissions/threads/BFilter_initPost_accessible.key 
223034     INFO  main            d.u.i.k.p.i.AbstractProblemLoader Loading environment from /home/runner/work/key/key/key.core/../key.ui/examples/heap/permissions/threads/BFilter_initPost_accessible.key 
223034     DEBUG main            d.u.i.k.p.i.AbstractProblemLoader Environment load took 130ns 
223035     INFO  main            d.u.i.k.p.i.AbstractProblemLoader Creating init config 
228328     DEBUG main            d.u.i.k.p.i.AbstractProblemLoader Init config took 5.29s 
228423     INFO  main            d.u.i.k.p.i.AbstractProblemLoader Replaying proof BFilter[ThreadSpec2::initPost()].JML accessible clause.0 
228424     DEBUG main            d.u.i.k.p.i.IntermediateProofReplayer Proof replay took 6.4ns 
228526     INFO  main            d.u.i.k.p.r.p.TestFile    ... finished proof: closed. 
228865     INFO  main            d.u.i.k.p.i.AbstractProblemLoader Loading environment from /home/runner/work/key/key/key.core/../key.ui/examples/heap/permissions/threads/BFilter_initPost_accessible.key.proof 
228865     DEBUG main            d.u.i.k.p.i.AbstractProblemLoader Environment load took 109.8ns 
228866     INFO  main            d.u.i.k.p.i.AbstractProblemLoader Creating init config 
234102     DEBUG main            d.u.i.k.p.i.AbstractProblemLoader Init config took 5.24s 
234201     INFO  main            d.u.i.k.p.i.AbstractProblemLoader Replaying proof BFilter[ThreadSpec2::initPost()].JML accessible clause.0 
234213     DEBUG main            d.u.i.k.p.i.IntermediateProofReplayer Proof replay took 9.96ms 
234214     DEBUG main            d.u.i.k.p.r.p.TestFile    ... success: reloaded. 
234215     INFO  main            d.u.i.k.p.r.p.TestFile    Now processing file /home/runner/work/key/key/key.core/../key.ui/examples/heap/permissions/threads/BFilter_inv_accessible1.key 
234215     INFO  main            d.u.i.k.p.i.AbstractProblemLoader Loading environment from /home/runner/work/key/key/key.core/../key.ui/examples/heap/permissions/threads/BFilter_inv_accessible1.key 
234216     DEBUG main            d.u.i.k.p.i.AbstractProblemLoader Environment load took 127.3ns 
234217     INFO  main            d.u.i.k.p.i.AbstractProblemLoader Creating init config 
239600     DEBUG main            d.u.i.k.p.i.AbstractProblemLoader Init config took 5.38s 
239701     INFO  main            d.u.i.k.p.i.AbstractProblemLoader Replaying proof BFilter[java.lang.Object::<inv>()].JML accessible clause.0 
239703     DEBUG main            d.u.i.k.p.i.IntermediateProofReplayer Proof replay took 7.7ns 
239807     INFO  main            d.u.i.k.p.r.p.TestFile    ... finished proof: closed. 
240149     INFO  main            d.u.i.k.p.i.AbstractProblemLoader Loading environment from /home/runner/work/key/key/key.core/../key.ui/examples/heap/permissions/threads/BFilter_inv_accessible1.key.proof 
240149     DEBUG main            d.u.i.k.p.i.AbstractProblemLoader Environment load took 114.9ns 
240150     INFO  main            d.u.i.k.p.i.AbstractProblemLoader Creating init config 
245429     DEBUG main            d.u.i.k.p.i.AbstractProblemLoader Init config took 5.28s 
245528     INFO  main            d.u.i.k.p.i.AbstractProblemLoader Replaying proof BFilter[java.lang.Object::<inv>()].JML accessible clause.0 
245531     DEBUG main            d.u.i.k.p.i.IntermediateProofReplayer Proof replay took 1.7ms 
245532     DEBUG main            d.u.i.k.p.r.p.TestFile    ... success: reloaded. 
245537     INFO  main            d.u.i.k.p.r.p.TestFile    Now processing file /home/runner/work/key/key/key.core/../key.ui/examples/heap/permissions/threads/BFilter_inv_accessible2.key 
245538     INFO  main            d.u.i.k.p.i.AbstractProblemLoader Loading environment from /home/runner/work/key/key/key.core/../key.ui/examples/heap/permissions/threads/BFilter_inv_accessible2.key 
245538     DEBUG main            d.u.i.k.p.i.AbstractProblemLoader Environment load took 109.1ns 
245539     INFO  main            d.u.i.k.p.i.AbstractProblemLoader Creating init config 
250833     DEBUG main            d.u.i.k.p.i.AbstractProblemLoader Init config took 5.29s 
250923     INFO  main            d.u.i.k.p.i.AbstractProblemLoader Replaying proof BFilter[java.lang.Object::<inv>()].JML accessible clause.1 
250925     DEBUG main            d.u.i.k.p.i.IntermediateProofReplayer Proof replay took 7.4ns 
251031     INFO  main            d.u.i.k.p.r.p.TestFile    ... finished proof: closed. 
251381     INFO  main            d.u.i.k.p.i.AbstractProblemLoader Loading environment from /home/runner/work/key/key/key.core/../key.ui/examples/heap/permissions/threads/BFilter_inv_accessible2.key.proof 
251381     DEBUG main            d.u.i.k.p.i.AbstractProblemLoader Environment load took 126.5ns 
251382     INFO  main            d.u.i.k.p.i.AbstractProblemLoader Creating init config 
256607     DEBUG main            d.u.i.k.p.i.AbstractProblemLoader Init config took 5.22s 
256710     INFO  main            d.u.i.k.p.i.AbstractProblemLoader Replaying proof BFilter[java.lang.Object::<inv>()].JML accessible clause.1 
256714     DEBUG main            d.u.i.k.p.i.IntermediateProofReplayer Proof replay took 1.83ms 
256715     DEBUG main            d.u.i.k.p.r.p.TestFile    ... success: reloaded. 
256716     INFO  main            d.u.i.k.p.r.p.TestFile    Now processing file /home/runner/work/key/key/key.core/../key.ui/examples/heap/permissions/threads/BFilter_joinTransfer_accessible.key 
256716     INFO  main            d.u.i.k.p.i.AbstractProblemLoader Loading environment from /home/runner/work/key/key/key.core/../key.ui/examples/heap/permissions/threads/BFilter_joinTransfer_accessible.key 
256716     DEBUG main            d.u.i.k.p.i.AbstractProblemLoader Environment load took 95ns 
256717     INFO  main            d.u.i.k.p.i.AbstractProblemLoader Creating init config 
262106     DEBUG main            d.u.i.k.p.i.AbstractProblemLoader Init config took 5.39s 
262204     INFO  main            d.u.i.k.p.i.AbstractProblemLoader Replaying proof BFilter[ThreadSpec2::joinTransfer()].JML accessible clause.0 
262205     DEBUG main            d.u.i.k.p.i.IntermediateProofReplayer Proof replay took 7ns 
265936     INFO  main            d.u.i.k.p.r.p.TestFile    ... finished proof: closed. 
266332     INFO  main            d.u.i.k.p.i.AbstractProblemLoader Loading environment from /home/runner/work/key/key/key.core/../key.ui/examples/heap/permissions/threads/BFilter_joinTransfer_accessible.key.proof 
266332     DEBUG main            d.u.i.k.p.i.AbstractProblemLoader Environment load took 427.5ns 
266333     INFO  main            d.u.i.k.p.i.AbstractProblemLoader Creating init config 
271751     DEBUG main            d.u.i.k.p.i.AbstractProblemLoader Init config took 5.42s 
271849     INFO  main            d.u.i.k.p.i.AbstractProblemLoader Replaying proof BFilter[ThreadSpec2::joinTransfer()].JML accessible clause.0 
272102     DEBUG main            d.u.i.k.p.i.IntermediateProofReplayer Proof replay took 243.04ms 
272104     DEBUG main            d.u.i.k.p.r.p.TestFile    ... success: reloaded. 
272105     INFO  main            d.u.i.k.p.r.p.TestFile    Now processing file /home/runner/work/key/key/key.core/../key.ui/examples/heap/permissions/threads/BFilter_joinTransfer_contract.key 
272105     INFO  main            d.u.i.k.p.i.AbstractProblemLoader Loading environment from /home/runner/work/key/key/key.core/../key.ui/examples/heap/permissions/threads/BFilter_joinTransfer_contract.key 
272105     DEBUG main            d.u.i.k.p.i.AbstractProblemLoader Environment load took 132.3ns 
272106     INFO  main            d.u.i.k.p.i.AbstractProblemLoader Creating init config 
277366     DEBUG main            d.u.i.k.p.i.AbstractProblemLoader Init config took 5.26s 
277469     INFO  main            d.u.i.k.p.i.AbstractProblemLoader Replaying proof BFilter[ThreadSpec2::joinTransfer()].JML model_behavior operation contract.0 
277470     DEBUG main            d.u.i.k.p.i.IntermediateProofReplayer Proof replay took 6.9ns 
277575     INFO  main            d.u.i.k.p.r.p.TestFile    ... finished proof: closed. 
277939     INFO  main            d.u.i.k.p.i.AbstractProblemLoader Loading environment from /home/runner/work/key/key/key.core/../key.ui/examples/heap/permissions/threads/BFilter_joinTransfer_contract.key.proof 
277940     DEBUG main            d.u.i.k.p.i.AbstractProblemLoader Environment load took 139.7ns 
277940     INFO  main            d.u.i.k.p.i.AbstractProblemLoader Creating init config 
283186     DEBUG main            d.u.i.k.p.i.AbstractProblemLoader Init config took 5.25s 
283310     INFO  main            d.u.i.k.p.i.AbstractProblemLoader Replaying proof BFilter[ThreadSpec2::joinTransfer()].JML model_behavior operation contract.0 
283320     DEBUG main            d.u.i.k.p.i.IntermediateProofReplayer Proof replay took 8.12ms 
283321     DEBUG main            d.u.i.k.p.r.p.TestFile    ... success: reloaded. 
283323     INFO  main            d.u.i.k.p.r.p.TestFile    Now processing file /home/runner/work/key/key/key.core/../key.ui/examples/heap/permissions/threads/BFilter_postJoin_accessible.key 
283323     INFO  main            d.u.i.k.p.i.AbstractProblemLoader Loading environment from /home/runner/work/key/key/key.core/../key.ui/examples/heap/permissions/threads/BFilter_postJoin_accessible.key 
283323     DEBUG main            d.u.i.k.p.i.AbstractProblemLoader Environment load took 199.9ns 
283325     INFO  main            d.u.i.k.p.i.AbstractProblemLoader Creating init config 
288756     DEBUG main            d.u.i.k.p.i.AbstractProblemLoader Init config took 5.43s 
288853     INFO  main            d.u.i.k.p.i.AbstractProblemLoader Replaying proof BFilter[ThreadSpec2::postJoin(java.lang.Object)].JML accessible clause.0 
288855     DEBUG main            d.u.i.k.p.i.IntermediateProofReplayer Proof replay took 7.3ns 
288961     INFO  main            d.u.i.k.p.r.p.TestFile    ... finished proof: closed. 
289412     INFO  main            d.u.i.k.p.i.AbstractProblemLoader Loading environment from /home/runner/work/key/key/key.core/../key.ui/examples/heap/permissions/threads/BFilter_postJoin_accessible.key.proof 
289412     DEBUG main            d.u.i.k.p.i.AbstractProblemLoader Environment load took 107.4ns 
289414     INFO  main            d.u.i.k.p.i.AbstractProblemLoader Creating init config 
294818     DEBUG main            d.u.i.k.p.i.AbstractProblemLoader Init config took 5.4s 
294913     INFO  main            d.u.i.k.p.i.AbstractProblemLoader Replaying proof BFilter[ThreadSpec2::postJoin(java.lang.Object)].JML accessible clause.0 
294923     DEBUG main            d.u.i.k.p.i.IntermediateProofReplayer Proof replay took 5.85ms 
294924     DEBUG main            d.u.i.k.p.r.p.TestFile    ... success: reloaded. 
294925     INFO  main            d.u.i.k.p.r.p.TestFile    Now processing file /home/runner/work/key/key/key.core/../key.ui/examples/heap/permissions/threads/BFilter_preStart_accessible.key 
294925     INFO  main            d.u.i.k.p.i.AbstractProblemLoader Loading environment from /home/runner/work/key/key/key.core/../key.ui/examples/heap/permissions/threads/BFilter_preStart_accessible.key 
294925     DEBUG main            d.u.i.k.p.i.AbstractProblemLoader Environment load took 64.8ns 
294930     INFO  main            d.u.i.k.p.i.AbstractProblemLoader Creating init config 
300377     DEBUG main            d.u.i.k.p.i.AbstractProblemLoader Init config took 5.45s 
300479     INFO  main            d.u.i.k.p.i.AbstractProblemLoader Replaying proof BFilter[ThreadSpec2::preStart(java.lang.Object)].JML accessible clause.0 
300480     DEBUG main            d.u.i.k.p.i.IntermediateProofReplayer Proof replay took 6.7ns 
300787     INFO  main            d.u.i.k.p.r.p.TestFile    ... finished proof: closed. 
301226     INFO  main            d.u.i.k.p.i.AbstractProblemLoader Loading environment from /home/runner/work/key/key/key.core/../key.ui/examples/heap/permissions/threads/BFilter_preStart_accessible.key.proof 
301226     DEBUG main            d.u.i.k.p.i.AbstractProblemLoader Environment load took 116.7ns 
301227     INFO  main            d.u.i.k.p.i.AbstractProblemLoader Creating init config 
306510     DEBUG main            d.u.i.k.p.i.AbstractProblemLoader Init config took 5.28s 
306600     INFO  main            d.u.i.k.p.i.AbstractProblemLoader Replaying proof BFilter[ThreadSpec2::preStart(java.lang.Object)].JML accessible clause.0 
306628     DEBUG main            d.u.i.k.p.i.IntermediateProofReplayer Proof replay took 24.23ms 
306629     DEBUG main            d.u.i.k.p.r.p.TestFile    ... success: reloaded. 
306630     INFO  main            d.u.i.k.p.r.p.TestFile    Now processing file /home/runner/work/key/key/key.core/../key.ui/examples/heap/permissions/threads/BFilter_startTransfer_accessible.key 
306630     INFO  main            d.u.i.k.p.i.AbstractProblemLoader Loading environment from /home/runner/work/key/key/key.core/../key.ui/examples/heap/permissions/threads/BFilter_startTransfer_accessible.key 
306630     DEBUG main            d.u.i.k.p.i.AbstractProblemLoader Environment load took 101.5ns 
306631     INFO  main            d.u.i.k.p.i.AbstractProblemLoader Creating init config 
311951     DEBUG main            d.u.i.k.p.i.AbstractProblemLoader Init config took 5.32s 
312052     INFO  main            d.u.i.k.p.i.AbstractProblemLoader Replaying proof BFilter[ThreadSpec2::startTransfer()].JML accessible clause.0 
312054     DEBUG main            d.u.i.k.p.i.IntermediateProofReplayer Proof replay took 8.3ns 
318594     INFO  main            d.u.i.k.p.r.p.TestFile    ... finished proof: closed. 
319019     INFO  main            d.u.i.k.p.i.AbstractProblemLoader Loading environment from /home/runner/work/key/key/key.core/../key.ui/examples/heap/permissions/threads/BFilter_startTransfer_accessible.key.proof 
319019     DEBUG main            d.u.i.k.p.i.AbstractProblemLoader Environment load took 102.6ns 
319024     INFO  main            d.u.i.k.p.i.AbstractProblemLoader Creating init config 
324247     DEBUG main            d.u.i.k.p.i.AbstractProblemLoader Init config took 5.22s 
324349     INFO  main            d.u.i.k.p.i.AbstractProblemLoader Replaying proof BFilter[ThreadSpec2::startTransfer()].JML accessible clause.0 
324740     DEBUG main            d.u.i.k.p.i.IntermediateProofReplayer Proof replay took 380.19ms 
324742     DEBUG main            d.u.i.k.p.r.p.TestFile    ... success: reloaded. 
324743     INFO  main            d.u.i.k.p.r.p.TestFile    Now processing file /home/runner/work/key/key/key.core/../key.ui/examples/heap/permissions/threads/BFilter_startTransfer_contract.key 
324744     INFO  main            d.u.i.k.p.i.AbstractProblemLoader Loading environment from /home/runner/work/key/key/key.core/../key.ui/examples/heap/permissions/threads/BFilter_startTransfer_contract.key 
324744     DEBUG main            d.u.i.k.p.i.AbstractProblemLoader Environment load took 231.3ns 
324745     INFO  main            d.u.i.k.p.i.AbstractProblemLoader Creating init config 
330140     DEBUG main            d.u.i.k.p.i.AbstractProblemLoader Init config took 5.4s 
330243     INFO  main            d.u.i.k.p.i.AbstractProblemLoader Replaying proof BFilter[ThreadSpec2::startTransfer()].JML model_behavior operation contract.0 
330245     DEBUG main            d.u.i.k.p.i.IntermediateProofReplayer Proof replay took 7.1ns 
331551     INFO  main            d.u.i.k.p.r.p.TestFile    ... finished proof: closed. 
331948     INFO  main            d.u.i.k.p.i.AbstractProblemLoader Loading environment from /home/runner/work/key/key/key.core/../key.ui/examples/heap/permissions/threads/BFilter_startTransfer_contract.key.proof 
331948     DEBUG main            d.u.i.k.p.i.AbstractProblemLoader Environment load took 350.3ns 
331949     INFO  main            d.u.i.k.p.i.AbstractProblemLoader Creating init config 
337110     DEBUG main            d.u.i.k.p.i.AbstractProblemLoader Init config took 5.16s 
337206     INFO  main            d.u.i.k.p.i.AbstractProblemLoader Replaying proof BFilter[ThreadSpec2::startTransfer()].JML model_behavior operation contract.0 
337339     DEBUG main            d.u.i.k.p.i.IntermediateProofReplayer Proof replay took 127.26ms 
337341     DEBUG main            d.u.i.k.p.r.p.TestFile    ... success: reloaded. 
337342     INFO  main            d.u.i.k.p.r.p.TestFile    Now processing file /home/runner/work/key/key/key.core/../key.ui/examples/heap/permissions/threads/BFilter_stateInv_accessible.key 
337342     INFO  main            d.u.i.k.p.i.AbstractProblemLoader Loading environment from /home/runner/work/key/key/key.core/../key.ui/examples/heap/permissions/threads/BFilter_stateInv_accessible.key 
337342     DEBUG main            d.u.i.k.p.i.AbstractProblemLoader Environment load took 182.3ns 
337344     INFO  main            d.u.i.k.p.i.AbstractProblemLoader Creating init config 
342632     DEBUG main            d.u.i.k.p.i.AbstractProblemLoader Init config took 5.29s 
342732     INFO  main            d.u.i.k.p.i.AbstractProblemLoader Replaying proof BFilter[ThreadSpec2::stateInv()].JML accessible clause.0 
342734     DEBUG main            d.u.i.k.p.i.IntermediateProofReplayer Proof replay took 6.1ns 
343036     INFO  main            d.u.i.k.p.r.p.TestFile    ... finished proof: closed. 
343439     INFO  main            d.u.i.k.p.i.AbstractProblemLoader Loading environment from /home/runner/work/key/key/key.core/../key.ui/examples/heap/permissions/threads/BFilter_stateInv_accessible.key.proof 
343439     DEBUG main            d.u.i.k.p.i.AbstractProblemLoader Environment load took 101.8ns 
343440     INFO  main            d.u.i.k.p.i.AbstractProblemLoader Creating init config 
348666     DEBUG main            d.u.i.k.p.i.AbstractProblemLoader Init config took 5.23s 
348764     INFO  main            d.u.i.k.p.i.AbstractProblemLoader Replaying proof BFilter[ThreadSpec2::stateInv()].JML accessible clause.0 
348801     DEBUG main            d.u.i.k.p.i.IntermediateProofReplayer Proof replay took 33.54ms 
348802     DEBUG main            d.u.i.k.p.r.p.TestFile    ... success: reloaded. 
348803     INFO  main            d.u.i.k.p.r.p.TestFile    Now processing file /home/runner/work/key/key/key.core/../key.ui/examples/heap/permissions/threads/BFilter_staticPermissions_accessible.key 
348803     INFO  main            d.u.i.k.p.i.AbstractProblemLoader Loading environment from /home/runner/work/key/key/key.core/../key.ui/examples/heap/permissions/threads/BFilter_staticPermissions_accessible.key 
348804     DEBUG main            d.u.i.k.p.i.AbstractProblemLoader Environment load took 125.1ns 
348804     INFO  main            d.u.i.k.p.i.AbstractProblemLoader Creating init config 
354141     DEBUG main            d.u.i.k.p.i.AbstractProblemLoader Init config took 5.34s 
354241     INFO  main            d.u.i.k.p.i.AbstractProblemLoader Replaying proof BFilter[ThreadSpec2::staticPermissions()].JML accessible clause.0 
354242     DEBUG main            d.u.i.k.p.i.IntermediateProofReplayer Proof replay took 7.1ns 
354345     INFO  main            d.u.i.k.p.r.p.TestFile    ... finished proof: closed. 
354756     INFO  main            d.u.i.k.p.i.AbstractProblemLoader Loading environment from /home/runner/work/key/key/key.core/../key.ui/examples/heap/permissions/threads/BFilter_staticPermissions_accessible.key.proof 
354756     DEBUG main            d.u.i.k.p.i.AbstractProblemLoader Environment load took 115ns 
354757     INFO  main            d.u.i.k.p.i.AbstractProblemLoader Creating init config 
360142     DEBUG main            d.u.i.k.p.i.AbstractProblemLoader Init config took 5.38s 
360245     INFO  main            d.u.i.k.p.i.AbstractProblemLoader Replaying proof BFilter[ThreadSpec2::staticPermissions()].JML accessible clause.0 
360256     DEBUG main            d.u.i.k.p.i.IntermediateProofReplayer Proof replay took 8.83ms 
360257     DEBUG main            d.u.i.k.p.r.p.TestFile    ... success: reloaded. 
360258     INFO  main            d.u.i.k.p.r.p.TestFile    Now processing file /home/runner/work/key/key/key.core/../key.ui/examples/heap/permissions/threads/BFilter_workingPermissions_accessible.key 
360258     INFO  main            d.u.i.k.p.i.AbstractProblemLoader Loading environment from /home/runner/work/key/key/key.core/../key.ui/examples/heap/permissions/threads/BFilter_workingPermissions_accessible.key 
360258     DEBUG main            d.u.i.k.p.i.AbstractProblemLoader Environment load took 130ns 
360259     INFO  main            d.u.i.k.p.i.AbstractProblemLoader Creating init config 
365654     DEBUG main            d.u.i.k.p.i.AbstractProblemLoader Init config took 5.39s 
365782     INFO  main            d.u.i.k.p.i.AbstractProblemLoader Replaying proof BFilter[ThreadSpec2::workingPermissions()].JML accessible clause.0 
365783     DEBUG main            d.u.i.k.p.i.IntermediateProofReplayer Proof replay took 6.2ns 
365885     INFO  main            d.u.i.k.p.r.p.TestFile    ... finished proof: closed. 
366304     INFO  main            d.u.i.k.p.i.AbstractProblemLoader Loading environment from /home/runner/work/key/key/key.core/../key.ui/examples/heap/permissions/threads/BFilter_workingPermissions_accessible.key.proof 
366304     DEBUG main            d.u.i.k.p.i.AbstractProblemLoader Environment load took 116.2ns 
366305     INFO  main            d.u.i.k.p.i.AbstractProblemLoader Creating init config 
371557     DEBUG main            d.u.i.k.p.i.AbstractProblemLoader Init config took 5.25s 
371652     INFO  main            d.u.i.k.p.i.AbstractProblemLoader Replaying proof BFilter[ThreadSpec2::workingPermissions()].JML accessible clause.0 
371662     DEBUG main            d.u.i.k.p.i.IntermediateProofReplayer Proof replay took 7.69ms 
371663     DEBUG main            d.u.i.k.p.r.p.TestFile    ... success: reloaded. 
371664     INFO  main            d.u.i.k.p.r.p.TestFile    Now processing file /home/runner/work/key/key/key.core/../key.ui/examples/heap/permissions/threads/Fib_Fib.key 
371665     INFO  main            d.u.i.k.p.i.AbstractProblemLoader Loading environment from /home/runner/work/key/key/key.core/../key.ui/examples/heap/permissions/threads/Fib_Fib.key 
371665     DEBUG main            d.u.i.k.p.i.AbstractProblemLoader Environment load took 112.6ns 
371666     INFO  main            d.u.i.k.p.i.AbstractProblemLoader Creating init config 
376913     DEBUG main            d.u.i.k.p.i.AbstractProblemLoader Init config took 5.25s 
377008     INFO  main            d.u.i.k.p.i.AbstractProblemLoader Replaying proof Fib[Fib::Fib(int)].JML normal_behavior operation contract.0 
377009     DEBUG main            d.u.i.k.p.i.IntermediateProofReplayer Proof replay took 6.2ns 
377712     INFO  main            d.u.i.k.p.r.p.TestFile    ... finished proof: closed. 
378179     INFO  main            d.u.i.k.p.i.AbstractProblemLoader Loading environment from /home/runner/work/key/key/key.core/../key.ui/examples/heap/permissions/threads/Fib_Fib.key.proof 
378179     DEBUG main            d.u.i.k.p.i.AbstractProblemLoader Environment load took 414.3ns 
378180     INFO  main            d.u.i.k.p.i.AbstractProblemLoader Creating init config 
383434     DEBUG main            d.u.i.k.p.i.AbstractProblemLoader Init config took 5.25s 
383530     INFO  main            d.u.i.k.p.i.AbstractProblemLoader Replaying proof Fib[Fib::Fib(int)].JML normal_behavior operation contract.0 
383634     DEBUG main            d.u.i.k.p.i.IntermediateProofReplayer Proof replay took 96.23ms 
383635     DEBUG main            d.u.i.k.p.r.p.TestFile    ... success: reloaded. 
383636     INFO  main            d.u.i.k.p.r.p.TestFile    Now processing file /home/runner/work/key/key/key.core/../key.ui/examples/heap/permissions/threads/Fib_initPost_accessible.key 
383636     INFO  main            d.u.i.k.p.i.AbstractProblemLoader Loading environment from /home/runner/work/key/key/key.core/../key.ui/examples/heap/permissions/threads/Fib_initPost_accessible.key 
383636     DEBUG main            d.u.i.k.p.i.AbstractProblemLoader Environment load took 77.3ns 
383637     INFO  main            d.u.i.k.p.i.AbstractProblemLoader Creating init config 
389149     DEBUG main            d.u.i.k.p.i.AbstractProblemLoader Init config took 5.51s 
389266     INFO  main            d.u.i.k.p.i.AbstractProblemLoader Replaying proof Fib[ThreadSpec::initPost()].JML accessible clause.0 
389268     DEBUG main            d.u.i.k.p.i.IntermediateProofReplayer Proof replay took 6.6ns 
389370     INFO  main            d.u.i.k.p.r.p.TestFile    ... finished proof: closed. 
389807     INFO  main            d.u.i.k.p.i.AbstractProblemLoader Loading environment from /home/runner/work/key/key/key.core/../key.ui/examples/heap/permissions/threads/Fib_initPost_accessible.key.proof 
389807     DEBUG main            d.u.i.k.p.i.AbstractProblemLoader Environment load took 107.6ns 
389808     INFO  main            d.u.i.k.p.i.AbstractProblemLoader Creating init config 
395144     DEBUG main            d.u.i.k.p.i.AbstractProblemLoader Init config took 5.34s 
395243     INFO  main            d.u.i.k.p.i.AbstractProblemLoader Replaying proof Fib[ThreadSpec::initPost()].JML accessible clause.0 
395249     DEBUG main            d.u.i.k.p.i.IntermediateProofReplayer Proof replay took 4.76ms 
395250     DEBUG main            d.u.i.k.p.r.p.TestFile    ... success: reloaded. 
395251     INFO  main            d.u.i.k.p.r.p.TestFile    Now processing file /home/runner/work/key/key/key.core/../key.ui/examples/heap/permissions/threads/Fib_inv1_accessible.key 
395251     INFO  main            d.u.i.k.p.i.AbstractProblemLoader Loading environment from /home/runner/work/key/key/key.core/../key.ui/examples/heap/permissions/threads/Fib_inv1_accessible.key 
395252     DEBUG main            d.u.i.k.p.i.AbstractProblemLoader Environment load took 122.5ns 
395252     INFO  main            d.u.i.k.p.i.AbstractProblemLoader Creating init config 
400505     DEBUG main            d.u.i.k.p.i.AbstractProblemLoader Init config took 5.25s 
400606     INFO  main            d.u.i.k.p.i.AbstractProblemLoader Replaying proof Fib[java.lang.Object::<inv>()].JML accessible clause.0 
400607     DEBUG main            d.u.i.k.p.i.IntermediateProofReplayer Proof replay took 6.9ns 
400709     INFO  main            d.u.i.k.p.r.p.TestFile    ... finished proof: closed. 
401144     INFO  main            d.u.i.k.p.i.AbstractProblemLoader Loading environment from /home/runner/work/key/key/key.core/../key.ui/examples/heap/permissions/threads/Fib_inv1_accessible.key.proof 
401144     DEBUG main            d.u.i.k.p.i.AbstractProblemLoader Environment load took 109.5ns 
401145     INFO  main            d.u.i.k.p.i.AbstractProblemLoader Creating init config 
406248     DEBUG main            d.u.i.k.p.i.AbstractProblemLoader Init config took 5.1s 
406347     INFO  main            d.u.i.k.p.i.AbstractProblemLoader Replaying proof Fib[java.lang.Object::<inv>()].JML accessible clause.0 
406351     DEBUG main            d.u.i.k.p.i.IntermediateProofReplayer Proof replay took 1.97ms 
406351     DEBUG main            d.u.i.k.p.r.p.TestFile    ... success: reloaded. 
406352     INFO  main            d.u.i.k.p.r.p.TestFile    Now processing file /home/runner/work/key/key/key.core/../key.ui/examples/heap/permissions/threads/Fib_inv2_accessible.key 
406353     INFO  main            d.u.i.k.p.i.AbstractProblemLoader Loading environment from /home/runner/work/key/key/key.core/../key.ui/examples/heap/permissions/threads/Fib_inv2_accessible.key 
406353     DEBUG main            d.u.i.k.p.i.AbstractProblemLoader Environment load took 107.4ns 
406354     INFO  main            d.u.i.k.p.i.AbstractProblemLoader Creating init config 
411625     DEBUG main            d.u.i.k.p.i.AbstractProblemLoader Init config took 5.27s 
411750     INFO  main            d.u.i.k.p.i.AbstractProblemLoader Replaying proof Fib[java.lang.Object::<inv>()].JML accessible clause.1 
411751     DEBUG main            d.u.i.k.p.i.IntermediateProofReplayer Proof replay took 6.1ns 
411853     INFO  main            d.u.i.k.p.r.p.TestFile    ... finished proof: closed. 
412291     INFO  main            d.u.i.k.p.i.AbstractProblemLoader Loading environment from /home/runner/work/key/key/key.core/../key.ui/examples/heap/permissions/threads/Fib_inv2_accessible.key.proof 
412291     DEBUG main            d.u.i.k.p.i.AbstractProblemLoader Environment load took 99.2ns 
412292     INFO  main            d.u.i.k.p.i.AbstractProblemLoader Creating init config 
417568     DEBUG main            d.u.i.k.p.i.AbstractProblemLoader Init config took 5.28s 
417677     INFO  main            d.u.i.k.p.i.AbstractProblemLoader Replaying proof Fib[java.lang.Object::<inv>()].JML accessible clause.1 
417680     DEBUG main            d.u.i.k.p.i.IntermediateProofReplayer Proof replay took 1.99ms 
417681     DEBUG main            d.u.i.k.p.r.p.TestFile    ... success: reloaded. 
417683     INFO  main            d.u.i.k.p.r.p.TestFile    Now processing file /home/runner/work/key/key/key.core/../key.ui/examples/heap/permissions/threads/Fib_joinTransfer_accessible.key 
417684     INFO  main            d.u.i.k.p.i.AbstractProblemLoader Loading environment from /home/runner/work/key/key/key.core/../key.ui/examples/heap/permissions/threads/Fib_joinTransfer_accessible.key 
417684     DEBUG main            d.u.i.k.p.i.AbstractProblemLoader Environment load took 65.7ns 
417685     INFO  main            d.u.i.k.p.i.AbstractProblemLoader Creating init config 
423084     DEBUG main            d.u.i.k.p.i.AbstractProblemLoader Init config took 5.4s 
423184     INFO  main            d.u.i.k.p.i.AbstractProblemLoader Replaying proof Fib[ThreadSpec::joinTransfer()].JML accessible clause.0 
423186     DEBUG main            d.u.i.k.p.i.IntermediateProofReplayer Proof replay took 6.7ns 
423388     INFO  main            d.u.i.k.p.r.p.TestFile    ... finished proof: closed. 
423850     INFO  main            d.u.i.k.p.i.AbstractProblemLoader Loading environment from /home/runner/work/key/key/key.core/../key.ui/examples/heap/permissions/threads/Fib_joinTransfer_accessible.key.proof 
423850     DEBUG main            d.u.i.k.p.i.AbstractProblemLoader Environment load took 89.2ns 
423851     INFO  main            d.u.i.k.p.i.AbstractProblemLoader Creating init config 
428937     DEBUG main            d.u.i.k.p.i.AbstractProblemLoader Init config took 5.09s 
429037     INFO  main            d.u.i.k.p.i.AbstractProblemLoader Replaying proof Fib[ThreadSpec::joinTransfer()].JML accessible clause.0 
429058     DEBUG main            d.u.i.k.p.i.IntermediateProofReplayer Proof replay took 19.56ms 
429059     DEBUG main            d.u.i.k.p.r.p.TestFile    ... success: reloaded. 
429060     INFO  main            d.u.i.k.p.r.p.TestFile    Now processing file /home/runner/work/key/key/key.core/../key.ui/examples/heap/permissions/threads/Fib_joinTransfer_contract.key 
429061     INFO  main            d.u.i.k.p.i.AbstractProblemLoader Loading environment from /home/runner/work/key/key/key.core/../key.ui/examples/heap/permissions/threads/Fib_joinTransfer_contract.key 
429061     DEBUG main            d.u.i.k.p.i.AbstractProblemLoader Environment load took 168.6ns 
429062     INFO  main            d.u.i.k.p.i.AbstractProblemLoader Creating init config 
434292     DEBUG main            d.u.i.k.p.i.AbstractProblemLoader Init config took 5.23s 
434387     INFO  main            d.u.i.k.p.i.AbstractProblemLoader Replaying proof Fib[ThreadSpec::joinTransfer()].JML model_behavior operation contract.0 
434389     DEBUG main            d.u.i.k.p.i.IntermediateProofReplayer Proof replay took 7ns 
434490     INFO  main            d.u.i.k.p.r.p.TestFile    ... finished proof: closed. 
434952     INFO  main            d.u.i.k.p.i.AbstractProblemLoader Loading environment from /home/runner/work/key/key/key.core/../key.ui/examples/heap/permissions/threads/Fib_joinTransfer_contract.key.proof 
434952     DEBUG main            d.u.i.k.p.i.AbstractProblemLoader Environment load took 109.3ns 
434954     INFO  main            d.u.i.k.p.i.AbstractProblemLoader Creating init config 
440158     DEBUG main            d.u.i.k.p.i.AbstractProblemLoader Init config took 5.2s 
440263     INFO  main            d.u.i.k.p.i.AbstractProblemLoader Replaying proof Fib[ThreadSpec::joinTransfer()].JML model_behavior operation contract.0 
440272     DEBUG main            d.u.i.k.p.i.IntermediateProofReplayer Proof replay took 7.04ms 
440273     DEBUG main            d.u.i.k.p.r.p.TestFile    ... success: reloaded. 
440274     INFO  main            d.u.i.k.p.r.p.TestFile    Now processing file /home/runner/work/key/key/key.core/../key.ui/examples/heap/permissions/threads/Fib_postJoin_accessible.key 
440274     INFO  main            d.u.i.k.p.i.AbstractProblemLoader Loading environment from /home/runner/work/key/key/key.core/../key.ui/examples/heap/permissions/threads/Fib_postJoin_accessible.key 
440274     DEBUG main            d.u.i.k.p.i.AbstractProblemLoader Environment load took 137ns 
440275     INFO  main            d.u.i.k.p.i.AbstractProblemLoader Creating init config 
445541     DEBUG main            d.u.i.k.p.i.AbstractProblemLoader Init config took 5.27s 
445639     INFO  main            d.u.i.k.p.i.AbstractProblemLoader Replaying proof Fib[ThreadSpec::postJoin(java.lang.Object)].JML accessible clause.0 
445641     DEBUG main            d.u.i.k.p.i.IntermediateProofReplayer Proof replay took 6.3ns 
445747     INFO  main            d.u.i.k.p.r.p.TestFile    ... finished proof: closed. 
446208     INFO  main            d.u.i.k.p.i.AbstractProblemLoader Loading environment from /home/runner/work/key/key/key.core/../key.ui/examples/heap/permissions/threads/Fib_postJoin_accessible.key.proof 
446208     DEBUG main            d.u.i.k.p.i.AbstractProblemLoader Environment load took 130.3ns 
446209     INFO  main            d.u.i.k.p.i.AbstractProblemLoader Creating init config 
451439     DEBUG main            d.u.i.k.p.i.AbstractProblemLoader Init config took 5.23s 
451539     INFO  main            d.u.i.k.p.i.AbstractProblemLoader Replaying proof Fib[ThreadSpec::postJoin(java.lang.Object)].JML accessible clause.0 
451545     DEBUG main            d.u.i.k.p.i.IntermediateProofReplayer Proof replay took 5.1ms 
451546     DEBUG main            d.u.i.k.p.r.p.TestFile    ... success: reloaded. 
451547     INFO  main            d.u.i.k.p.r.p.TestFile    Now processing file /home/runner/work/key/key/key.core/../key.ui/examples/heap/permissions/threads/Fib_preStart_accessible.key 
451547     INFO  main            d.u.i.k.p.i.AbstractProblemLoader Loading environment from /home/runner/work/key/key/key.core/../key.ui/examples/heap/permissions/threads/Fib_preStart_accessible.key 
451548     DEBUG main            d.u.i.k.p.i.AbstractProblemLoader Environment load took 122.4ns 
451548     INFO  main            d.u.i.k.p.i.AbstractProblemLoader Creating init config 
456764     DEBUG main            d.u.i.k.p.i.AbstractProblemLoader Init config took 5.22s 
456870     INFO  main            d.u.i.k.p.i.AbstractProblemLoader Replaying proof Fib[ThreadSpec::preStart(java.lang.Object)].JML accessible clause.0 
456873     DEBUG main            d.u.i.k.p.i.IntermediateProofReplayer Proof replay took 10.2ns 
456975     INFO  main            d.u.i.k.p.r.p.TestFile    ... finished proof: closed. 
457434     INFO  main            d.u.i.k.p.i.AbstractProblemLoader Loading environment from /home/runner/work/key/key/key.core/../key.ui/examples/heap/permissions/threads/Fib_preStart_accessible.key.proof 
457434     DEBUG main            d.u.i.k.p.i.AbstractProblemLoader Environment load took 100ns 
457435     INFO  main            d.u.i.k.p.i.AbstractProblemLoader Creating init config 
462707     DEBUG main            d.u.i.k.p.i.AbstractProblemLoader Init config took 5.27s 
462811     INFO  main            d.u.i.k.p.i.AbstractProblemLoader Replaying proof Fib[ThreadSpec::preStart(java.lang.Object)].JML accessible clause.0 
462817     DEBUG main            d.u.i.k.p.i.IntermediateProofReplayer Proof replay took 4.75ms 
462818     DEBUG main            d.u.i.k.p.r.p.TestFile    ... success: reloaded. 
462819     INFO  main            d.u.i.k.p.r.p.TestFile    Now processing file /home/runner/work/key/key/key.core/../key.ui/examples/heap/permissions/threads/Fib_startTransfer_accessible.key 
462819     INFO  main            d.u.i.k.p.i.AbstractProblemLoader Loading environment from /home/runner/work/key/key/key.core/../key.ui/examples/heap/permissions/threads/Fib_startTransfer_accessible.key 
462820     DEBUG main            d.u.i.k.p.i.AbstractProblemLoader Environment load took 166.3ns 
462820     INFO  main            d.u.i.k.p.i.AbstractProblemLoader Creating init config 
468134     DEBUG main            d.u.i.k.p.i.AbstractProblemLoader Init config took 5.31s 
468248     INFO  main            d.u.i.k.p.i.AbstractProblemLoader Replaying proof Fib[ThreadSpec::startTransfer()].JML accessible clause.0 
468250     DEBUG main            d.u.i.k.p.i.IntermediateProofReplayer Proof replay took 6.9ns 
468452     INFO  main            d.u.i.k.p.r.p.TestFile    ... finished proof: closed. 
468956     INFO  main            d.u.i.k.p.i.AbstractProblemLoader Loading environment from /home/runner/work/key/key/key.core/../key.ui/examples/heap/permissions/threads/Fib_startTransfer_accessible.key.proof 
468957     DEBUG main            d.u.i.k.p.i.AbstractProblemLoader Environment load took 91.8ns 
468958     INFO  main            d.u.i.k.p.i.AbstractProblemLoader Creating init config 
474204     DEBUG main            d.u.i.k.p.i.AbstractProblemLoader Init config took 5.25s 
474327     INFO  main            d.u.i.k.p.i.AbstractProblemLoader Replaying proof Fib[ThreadSpec::startTransfer()].JML accessible clause.0 
474352     DEBUG main            d.u.i.k.p.i.IntermediateProofReplayer Proof replay took 22.2ms 
474354     DEBUG main            d.u.i.k.p.r.p.TestFile    ... success: reloaded. 
474355     INFO  main            d.u.i.k.p.r.p.TestFile    Now processing file /home/runner/work/key/key/key.core/../key.ui/examples/heap/permissions/threads/Fib_startTransfer_contract.key 
474355     INFO  main            d.u.i.k.p.i.AbstractProblemLoader Loading environment from /home/runner/work/key/key/key.core/../key.ui/examples/heap/permissions/threads/Fib_startTransfer_contract.key 
474356     DEBUG main            d.u.i.k.p.i.AbstractProblemLoader Environment load took 191.2ns 
474356     INFO  main            d.u.i.k.p.i.AbstractProblemLoader Creating init config 
479781     DEBUG main            d.u.i.k.p.i.AbstractProblemLoader Init config took 5.42s 
479876     INFO  main            d.u.i.k.p.i.AbstractProblemLoader Replaying proof Fib[ThreadSpec::startTransfer()].JML model_behavior operation contract.0 
479878     DEBUG main            d.u.i.k.p.i.IntermediateProofReplayer Proof replay took 6.4ns 
479981     INFO  main            d.u.i.k.p.r.p.TestFile    ... finished proof: closed. 
480497     INFO  main            d.u.i.k.p.i.AbstractProblemLoader Loading environment from /home/runner/work/key/key/key.core/../key.ui/examples/heap/permissions/threads/Fib_startTransfer_contract.key.proof 
480497     DEBUG main            d.u.i.k.p.i.AbstractProblemLoader Environment load took 100.4ns 
480498     INFO  main            d.u.i.k.p.i.AbstractProblemLoader Creating init config 
485724     DEBUG main            d.u.i.k.p.i.AbstractProblemLoader Init config took 5.23s 
485817     INFO  main            d.u.i.k.p.i.AbstractProblemLoader Replaying proof Fib[ThreadSpec::startTransfer()].JML model_behavior operation contract.0 
485825     DEBUG main            d.u.i.k.p.i.IntermediateProofReplayer Proof replay took 6.68ms 
485826     DEBUG main            d.u.i.k.p.r.p.TestFile    ... success: reloaded. 
485827     INFO  main            d.u.i.k.p.r.p.TestFile    Now processing file /home/runner/work/key/key/key.core/../key.ui/examples/heap/permissions/threads/Fib_workingPermissions_accessible.key 
485827     INFO  main            d.u.i.k.p.i.AbstractProblemLoader Loading environment from /home/runner/work/key/key/key.core/../key.ui/examples/heap/permissions/threads/Fib_workingPermissions_accessible.key 
485827     DEBUG main            d.u.i.k.p.i.AbstractProblemLoader Environment load took 58.2ns 
485828     INFO  main            d.u.i.k.p.i.AbstractProblemLoader Creating init config 
491245     DEBUG main            d.u.i.k.p.i.AbstractProblemLoader Init config took 5.42s 
491364     INFO  main            d.u.i.k.p.i.AbstractProblemLoader Replaying proof Fib[ThreadSpec::workingPermissions()].JML accessible clause.0 
491366     DEBUG main            d.u.i.k.p.i.IntermediateProofReplayer Proof replay took 7.2ns 
491468     INFO  main            d.u.i.k.p.r.p.TestFile    ... finished proof: closed. 
491957     INFO  main            d.u.i.k.p.i.AbstractProblemLoader Loading environment from /home/runner/work/key/key/key.core/../key.ui/examples/heap/permissions/threads/Fib_workingPermissions_accessible.key.proof 
491957     DEBUG main            d.u.i.k.p.i.AbstractProblemLoader Environment load took 126.5ns 
491958     INFO  main            d.u.i.k.p.i.AbstractProblemLoader Creating init config 
497158     DEBUG main            d.u.i.k.p.i.AbstractProblemLoader Init config took 5.2s 
497251     INFO  main            d.u.i.k.p.i.AbstractProblemLoader Replaying proof Fib[ThreadSpec::workingPermissions()].JML accessible clause.0 
497255     DEBUG main            d.u.i.k.p.i.IntermediateProofReplayer Proof replay took 2.48ms 
497256     DEBUG main            d.u.i.k.p.r.p.TestFile    ... success: reloaded. 
497257     INFO  main            d.u.i.k.p.r.p.TestFile    Now processing file /home/runner/work/key/key/key.core/../key.ui/examples/heap/permissions/threads/Plotter_initPost_accessible.key 
497257     INFO  main            d.u.i.k.p.i.AbstractProblemLoader Loading environment from /home/runner/work/key/key/key.core/../key.ui/examples/heap/permissions/threads/Plotter_initPost_accessible.key 
497258     DEBUG main            d.u.i.k.p.i.AbstractProblemLoader Environment load took 132.4ns 
497258     INFO  main            d.u.i.k.p.i.AbstractProblemLoader Creating init config 
502563     DEBUG main            d.u.i.k.p.i.AbstractProblemLoader Init config took 5.3s 
502661     INFO  main            d.u.i.k.p.i.AbstractProblemLoader Replaying proof Plotter[ThreadSpec2::initPost()].JML accessible clause.0 
502663     DEBUG main            d.u.i.k.p.i.IntermediateProofReplayer Proof replay took 7ns 
502764     INFO  main            d.u.i.k.p.r.p.TestFile    ... finished proof: closed. 
503267     INFO  main            d.u.i.k.p.i.AbstractProblemLoader Loading environment from /home/runner/work/key/key/key.core/../key.ui/examples/heap/permissions/threads/Plotter_initPost_accessible.key.proof 
503267     DEBUG main            d.u.i.k.p.i.AbstractProblemLoader Environment load took 89.1ns 
503268     INFO  main            d.u.i.k.p.i.AbstractProblemLoader Creating init config 
508557     DEBUG main            d.u.i.k.p.i.AbstractProblemLoader Init config took 5.29s 
508656     INFO  main            d.u.i.k.p.i.AbstractProblemLoader Replaying proof Plotter[ThreadSpec2::initPost()].JML accessible clause.0 
508670     DEBUG main            d.u.i.k.p.i.IntermediateProofReplayer Proof replay took 12.11ms 
508671     DEBUG main            d.u.i.k.p.r.p.TestFile    ... success: reloaded. 
508672     INFO  main            d.u.i.k.p.r.p.TestFile    Now processing file /home/runner/work/key/key/key.core/../key.ui/examples/heap/permissions/threads/Plotter_inv_accessible1.key 
508672     INFO  main            d.u.i.k.p.i.AbstractProblemLoader Loading environment from /home/runner/work/key/key/key.core/../key.ui/examples/heap/permissions/threads/Plotter_inv_accessible1.key 
508672     DEBUG main            d.u.i.k.p.i.AbstractProblemLoader Environment load took 84.1ns 
508673     INFO  main            d.u.i.k.p.i.AbstractProblemLoader Creating init config 
513985     DEBUG main            d.u.i.k.p.i.AbstractProblemLoader Init config took 5.31s 
514078     INFO  main            d.u.i.k.p.i.AbstractProblemLoader Replaying proof Plotter[java.lang.Object::<inv>()].JML accessible clause.0 
514080     DEBUG main            d.u.i.k.p.i.IntermediateProofReplayer Proof replay took 6.7ns 
514182     INFO  main            d.u.i.k.p.r.p.TestFile    ... finished proof: closed. 
514714     INFO  main            d.u.i.k.p.i.AbstractProblemLoader Loading environment from /home/runner/work/key/key/key.core/../key.ui/examples/heap/permissions/threads/Plotter_inv_accessible1.key.proof 
514714     DEBUG main            d.u.i.k.p.i.AbstractProblemLoader Environment load took 97.6ns 
514716     INFO  main            d.u.i.k.p.i.AbstractProblemLoader Creating init config 
519843     DEBUG main            d.u.i.k.p.i.AbstractProblemLoader Init config took 5.13s 
519943     INFO  main            d.u.i.k.p.i.AbstractProblemLoader Replaying proof Plotter[java.lang.Object::<inv>()].JML accessible clause.0 
519946     DEBUG main            d.u.i.k.p.i.IntermediateProofReplayer Proof replay took 1.58ms 
519947     DEBUG main            d.u.i.k.p.r.p.TestFile    ... success: reloaded. 
519948     INFO  main            d.u.i.k.p.r.p.TestFile    Now processing file /home/runner/work/key/key/key.core/../key.ui/examples/heap/permissions/threads/Plotter_inv_accessible2.key 
519948     INFO  main            d.u.i.k.p.i.AbstractProblemLoader Loading environment from /home/runner/work/key/key/key.core/../key.ui/examples/heap/permissions/threads/Plotter_inv_accessible2.key 
519948     DEBUG main            d.u.i.k.p.i.AbstractProblemLoader Environment load took 62.4ns 
519949     INFO  main            d.u.i.k.p.i.AbstractProblemLoader Creating init config 
525160     DEBUG main            d.u.i.k.p.i.AbstractProblemLoader Init config took 5.21s 
525272     INFO  main            d.u.i.k.p.i.AbstractProblemLoader Replaying proof Plotter[java.lang.Object::<inv>()].JML accessible clause.1 
525274     DEBUG main            d.u.i.k.p.i.IntermediateProofReplayer Proof replay took 6.3ns 
525375     INFO  main            d.u.i.k.p.r.p.TestFile    ... finished proof: closed. 
525907     INFO  main            d.u.i.k.p.i.AbstractProblemLoader Loading environment from /home/runner/work/key/key/key.core/../key.ui/examples/heap/permissions/threads/Plotter_inv_accessible2.key.proof 
525907     DEBUG main            d.u.i.k.p.i.AbstractProblemLoader Environment load took 95.8ns 
525908     INFO  main            d.u.i.k.p.i.AbstractProblemLoader Creating init config 
531174     DEBUG main            d.u.i.k.p.i.AbstractProblemLoader Init config took 5.27s 
531300     INFO  main            d.u.i.k.p.i.AbstractProblemLoader Replaying proof Plotter[java.lang.Object::<inv>()].JML accessible clause.1 
531303     DEBUG main            d.u.i.k.p.i.IntermediateProofReplayer Proof replay took 1.52ms 
531304     DEBUG main            d.u.i.k.p.r.p.TestFile    ... success: reloaded. 
531304     INFO  main            d.u.i.k.p.r.p.TestFile    Now processing file /home/runner/work/key/key/key.core/../key.ui/examples/heap/permissions/threads/Plotter_joinTransfer_contract.key 
531305     INFO  main            d.u.i.k.p.i.AbstractProblemLoader Loading environment from /home/runner/work/key/key/key.core/../key.ui/examples/heap/permissions/threads/Plotter_joinTransfer_contract.key 
531305     DEBUG main            d.u.i.k.p.i.AbstractProblemLoader Environment load took 71.2ns 
531305     INFO  main            d.u.i.k.p.i.AbstractProblemLoader Creating init config 
536712     DEBUG main            d.u.i.k.p.i.AbstractProblemLoader Init config took 5.41s 
536810     INFO  main            d.u.i.k.p.i.AbstractProblemLoader Replaying proof Plotter[ThreadSpec2::joinTransfer()].JML model_behavior operation contract.0 
536812     DEBUG main            d.u.i.k.p.i.IntermediateProofReplayer Proof replay took 8.2ns 
536913     INFO  main            d.u.i.k.p.r.p.TestFile    ... finished proof: closed. 
537456     INFO  main            d.u.i.k.p.i.AbstractProblemLoader Loading environment from /home/runner/work/key/key/key.core/../key.ui/examples/heap/permissions/threads/Plotter_joinTransfer_contract.key.proof 
537456     DEBUG main            d.u.i.k.p.i.AbstractProblemLoader Environment load took 97.5ns 
537457     INFO  main            d.u.i.k.p.i.AbstractProblemLoader Creating init config 
542827     DEBUG main            d.u.i.k.p.i.AbstractProblemLoader Init config took 5.37s 
542935     INFO  main            d.u.i.k.p.i.AbstractProblemLoader Replaying proof Plotter[ThreadSpec2::joinTransfer()].JML model_behavior operation contract.0 
542944     DEBUG main            d.u.i.k.p.i.IntermediateProofReplayer Proof replay took 8.15ms 
542945     DEBUG main            d.u.i.k.p.r.p.TestFile    ... success: reloaded. 
542946     INFO  main            d.u.i.k.p.r.p.TestFile    Now processing file /home/runner/work/key/key/key.core/../key.ui/examples/heap/permissions/threads/Plotter_Plotter.key 
542946     INFO  main            d.u.i.k.p.i.AbstractProblemLoader Loading environment from /home/runner/work/key/key/key.core/../key.ui/examples/heap/permissions/threads/Plotter_Plotter.key 
542946     DEBUG main            d.u.i.k.p.i.AbstractProblemLoader Environment load took 65.4ns 
542947     INFO  main            d.u.i.k.p.i.AbstractProblemLoader Creating init config 
548176     DEBUG main            d.u.i.k.p.i.AbstractProblemLoader Init config took 5.23s 
548271     INFO  main            d.u.i.k.p.i.AbstractProblemLoader Replaying proof Plotter[Plotter::Plotter(AFilter,BFilter,Buffer)].JML normal_behavior operation contract.0 
548272     DEBUG main            d.u.i.k.p.i.IntermediateProofReplayer Proof replay took 6.4ns 
550178     INFO  main            d.u.i.k.p.r.p.TestFile    ... finished proof: closed. 
550729     INFO  main            d.u.i.k.p.i.AbstractProblemLoader Loading environment from /home/runner/work/key/key/key.core/../key.ui/examples/heap/permissions/threads/Plotter_Plotter.key.proof 
550730     DEBUG main            d.u.i.k.p.i.AbstractProblemLoader Environment load took 96.9ns 
550731     INFO  main            d.u.i.k.p.i.AbstractProblemLoader Creating init config 
555914     DEBUG main            d.u.i.k.p.i.AbstractProblemLoader Init config took 5.18s 
556009     INFO  main            d.u.i.k.p.i.AbstractProblemLoader Replaying proof Plotter[Plotter::Plotter(AFilter,BFilter,Buffer)].JML normal_behavior operation contract.0 
556221     DEBUG main            d.u.i.k.p.i.IntermediateProofReplayer Proof replay took 206.81ms 
556222     DEBUG main            d.u.i.k.p.r.p.TestFile    ... success: reloaded. 
556223     INFO  main            d.u.i.k.p.r.p.TestFile    Now processing file /home/runner/work/key/key/key.core/../key.ui/examples/heap/permissions/threads/Plotter_postJoin_accessible.key 
556224     INFO  main            d.u.i.k.p.i.AbstractProblemLoader Loading environment from /home/runner/work/key/key/key.core/../key.ui/examples/heap/permissions/threads/Plotter_postJoin_accessible.key 
556224     DEBUG main            d.u.i.k.p.i.AbstractProblemLoader Environment load took 104ns 
556225     INFO  main            d.u.i.k.p.i.AbstractProblemLoader Creating init config 
561806     DEBUG main            d.u.i.k.p.i.AbstractProblemLoader Init config took 5.58s 
561894     INFO  main            d.u.i.k.p.i.AbstractProblemLoader Replaying proof Plotter[ThreadSpec2::postJoin(java.lang.Object)].JML accessible clause.0 
561895     DEBUG main            d.u.i.k.p.i.IntermediateProofReplayer Proof replay took 6.8ns 
561997     INFO  main            d.u.i.k.p.r.p.TestFile    ... finished proof: closed. 
562535     INFO  main            d.u.i.k.p.i.AbstractProblemLoader Loading environment from /home/runner/work/key/key/key.core/../key.ui/examples/heap/permissions/threads/Plotter_postJoin_accessible.key.proof 
562535     DEBUG main            d.u.i.k.p.i.AbstractProblemLoader Environment load took 104.8ns 
562536     INFO  main            d.u.i.k.p.i.AbstractProblemLoader Creating init config 
567800     DEBUG main            d.u.i.k.p.i.AbstractProblemLoader Init config took 5.26s 
567895     INFO  main            d.u.i.k.p.i.AbstractProblemLoader Replaying proof Plotter[ThreadSpec2::postJoin(java.lang.Object)].JML accessible clause.0 
567909     DEBUG main            d.u.i.k.p.i.IntermediateProofReplayer Proof replay took 10.23ms 
567910     DEBUG main            d.u.i.k.p.r.p.TestFile    ... success: reloaded. 
567912     INFO  main            d.u.i.k.p.r.p.TestFile    Now processing file /home/runner/work/key/key/key.core/../key.ui/examples/heap/permissions/threads/Plotter_preStart_accessible.key 
567912     INFO  main            d.u.i.k.p.i.AbstractProblemLoader Loading environment from /home/runner/work/key/key/key.core/../key.ui/examples/heap/permissions/threads/Plotter_preStart_accessible.key 
567912     DEBUG main            d.u.i.k.p.i.AbstractProblemLoader Environment load took 181.2ns 
567913     INFO  main            d.u.i.k.p.i.AbstractProblemLoader Creating init config 
573448     DEBUG main            d.u.i.k.p.i.AbstractProblemLoader Init config took 5.53s 
573545     INFO  main            d.u.i.k.p.i.AbstractProblemLoader Replaying proof Plotter[ThreadSpec2::preStart(java.lang.Object)].JML accessible clause.0 
573546     DEBUG main            d.u.i.k.p.i.IntermediateProofReplayer Proof replay took 6.8ns 
574750     INFO  main            d.u.i.k.p.r.p.TestFile    ... finished proof: closed. 
575305     INFO  main            d.u.i.k.p.i.AbstractProblemLoader Loading environment from /home/runner/work/key/key/key.core/../key.ui/examples/heap/permissions/threads/Plotter_preStart_accessible.key.proof 
575305     DEBUG main            d.u.i.k.p.i.AbstractProblemLoader Environment load took 94.2ns 
575306     INFO  main            d.u.i.k.p.i.AbstractProblemLoader Creating init config 
580888     DEBUG main            d.u.i.k.p.i.AbstractProblemLoader Init config took 5.58s 
580980     INFO  main            d.u.i.k.p.i.AbstractProblemLoader Replaying proof Plotter[ThreadSpec2::preStart(java.lang.Object)].JML accessible clause.0 
581069     DEBUG main            d.u.i.k.p.i.IntermediateProofReplayer Proof replay took 85.63ms 
581071     DEBUG main            d.u.i.k.p.r.p.TestFile    ... success: reloaded. 
581072     INFO  main            d.u.i.k.p.r.p.TestFile    Now processing file /home/runner/work/key/key/key.core/../key.ui/examples/heap/permissions/threads/Plotter_stateInv_accessible.key 
581072     INFO  main            d.u.i.k.p.i.AbstractProblemLoader Loading environment from /home/runner/work/key/key/key.core/../key.ui/examples/heap/permissions/threads/Plotter_stateInv_accessible.key 
581072     DEBUG main            d.u.i.k.p.i.AbstractProblemLoader Environment load took 174.8ns 
581073     INFO  main            d.u.i.k.p.i.AbstractProblemLoader Creating init config 
586794     DEBUG main            d.u.i.k.p.i.AbstractProblemLoader Init config took 5.72s 
586899     INFO  main            d.u.i.k.p.i.AbstractProblemLoader Replaying proof Plotter[ThreadSpec2::stateInv()].JML accessible clause.0 
586901     DEBUG main            d.u.i.k.p.i.IntermediateProofReplayer Proof replay took 6.5ns 
596074     INFO  main            d.u.i.k.p.r.p.TestFile    ... finished proof: closed. 
596668     INFO  main            d.u.i.k.p.i.AbstractProblemLoader Loading environment from /home/runner/work/key/key/key.core/../key.ui/examples/heap/permissions/threads/Plotter_stateInv_accessible.key.proof 
596668     DEBUG main            d.u.i.k.p.i.AbstractProblemLoader Environment load took 132.5ns 
596670     INFO  main            d.u.i.k.p.i.AbstractProblemLoader Creating init config 
602261     DEBUG main            d.u.i.k.p.i.AbstractProblemLoader Init config took 5.59s 
602357     INFO  main            d.u.i.k.p.i.AbstractProblemLoader Replaying proof Plotter[ThreadSpec2::stateInv()].JML accessible clause.0 
602840     DEBUG main            d.u.i.k.p.i.IntermediateProofReplayer Proof replay took 469.25ms 
602842     DEBUG main            d.u.i.k.p.r.p.TestFile    ... success: reloaded. 
602843     INFO  main            d.u.i.k.p.r.p.TestFile    Now processing file /home/runner/work/key/key/key.core/../key.ui/examples/heap/permissions/threads/Plotter_staticPermissions_accessible.key 
602843     INFO  main            d.u.i.k.p.i.AbstractProblemLoader Loading environment from /home/runner/work/key/key/key.core/../key.ui/examples/heap/permissions/threads/Plotter_staticPermissions_accessible.key 
602843     DEBUG main            d.u.i.k.p.i.AbstractProblemLoader Environment load took 100.2ns 
602844     INFO  main            d.u.i.k.p.i.AbstractProblemLoader Creating init config 
608135     DEBUG main            d.u.i.k.p.i.AbstractProblemLoader Init config took 5.29s 
608245     INFO  main            d.u.i.k.p.i.AbstractProblemLoader Replaying proof Plotter[ThreadSpec2::staticPermissions()].JML accessible clause.0 
608247     DEBUG main            d.u.i.k.p.i.IntermediateProofReplayer Proof replay took 34.7ns 
609252     INFO  main            d.u.i.k.p.r.p.TestFile    ... finished proof: closed. 
609852     INFO  main            d.u.i.k.p.i.AbstractProblemLoader Loading environment from /home/runner/work/key/key/key.core/../key.ui/examples/heap/permissions/threads/Plotter_staticPermissions_accessible.key.proof 
609852     DEBUG main            d.u.i.k.p.i.AbstractProblemLoader Environment load took 85.6ns 
609853     INFO  main            d.u.i.k.p.i.AbstractProblemLoader Creating init config 
614969     DEBUG main            d.u.i.k.p.i.AbstractProblemLoader Init config took 5.12s 
615067     INFO  main            d.u.i.k.p.i.AbstractProblemLoader Replaying proof Plotter[ThreadSpec2::staticPermissions()].JML accessible clause.0 
615126     DEBUG main            d.u.i.k.p.i.IntermediateProofReplayer Proof replay took 55.25ms 
615127     DEBUG main            d.u.i.k.p.r.p.TestFile    ... success: reloaded. 
615128     INFO  main            d.u.i.k.p.r.p.TestFile    Now processing file /home/runner/work/key/key/key.core/../key.ui/examples/heap/permissions/threads/Plotter_workingPermissions_accessible.key 
615128     INFO  main            d.u.i.k.p.i.AbstractProblemLoader Loading environment from /home/runner/work/key/key/key.core/../key.ui/examples/heap/permissions/threads/Plotter_workingPermissions_accessible.key 
615128     DEBUG main            d.u.i.k.p.i.AbstractProblemLoader Environment load took 130.9ns 
615129     INFO  main            d.u.i.k.p.i.AbstractProblemLoader Creating init config 
620401     DEBUG main            d.u.i.k.p.i.AbstractProblemLoader Init config took 5.27s 
620512     INFO  main            d.u.i.k.p.i.AbstractProblemLoader Replaying proof Plotter[ThreadSpec2::workingPermissions()].JML accessible clause.0 
620514     DEBUG main            d.u.i.k.p.i.IntermediateProofReplayer Proof replay took 3.3ns 
620715     INFO  main            d.u.i.k.p.r.p.TestFile    ... finished proof: closed. 
621294     INFO  main            d.u.i.k.p.i.AbstractProblemLoader Loading environment from /home/runner/work/key/key/key.core/../key.ui/examples/heap/permissions/threads/Plotter_workingPermissions_accessible.key.proof 
621294     DEBUG main            d.u.i.k.p.i.AbstractProblemLoader Environment load took 82.6ns 
621295     INFO  main            d.u.i.k.p.i.AbstractProblemLoader Creating init config 
626587     DEBUG main            d.u.i.k.p.i.AbstractProblemLoader Init config took 5.29s 
626691     INFO  main            d.u.i.k.p.i.AbstractProblemLoader Replaying proof Plotter[ThreadSpec2::workingPermissions()].JML accessible clause.0 
626707     DEBUG main            d.u.i.k.p.i.IntermediateProofReplayer Proof replay took 13.88ms 
626708     DEBUG main            d.u.i.k.p.r.p.TestFile    ... success: reloaded. 
626709     INFO  main            d.u.i.k.p.r.p.TestFile    Now processing file /home/runner/work/key/key/key.core/../key.ui/examples/heap/permissions/threads/Sampler_initPost_accessible.key 
626709     INFO  main            d.u.i.k.p.i.AbstractProblemLoader Loading environment from /home/runner/work/key/key/key.core/../key.ui/examples/heap/permissions/threads/Sampler_initPost_accessible.key 
626709     DEBUG main            d.u.i.k.p.i.AbstractProblemLoader Environment load took 59.9ns 
626710     INFO  main            d.u.i.k.p.i.AbstractProblemLoader Creating init config 
632114     DEBUG main            d.u.i.k.p.i.AbstractProblemLoader Init config took 5.4s 
632234     INFO  main            d.u.i.k.p.i.AbstractProblemLoader Replaying proof Sampler[ThreadSpec2::initPost()].JML accessible clause.0 
632236     DEBUG main            d.u.i.k.p.i.IntermediateProofReplayer Proof replay took 3ns 
632337     INFO  main            d.u.i.k.p.r.p.TestFile    ... finished proof: closed. 
632920     INFO  main            d.u.i.k.p.i.AbstractProblemLoader Loading environment from /home/runner/work/key/key/key.core/../key.ui/examples/heap/permissions/threads/Sampler_initPost_accessible.key.proof 
632920     DEBUG main            d.u.i.k.p.i.AbstractProblemLoader Environment load took 87.4ns 
632921     INFO  main            d.u.i.k.p.i.AbstractProblemLoader Creating init config 
638121     DEBUG main            d.u.i.k.p.i.AbstractProblemLoader Init config took 5.2s 
638211     INFO  main            d.u.i.k.p.i.AbstractProblemLoader Replaying proof Sampler[ThreadSpec2::initPost()].JML accessible clause.0 
638217     DEBUG main            d.u.i.k.p.i.IntermediateProofReplayer Proof replay took 4.9ms 
638218     DEBUG main            d.u.i.k.p.r.p.TestFile    ... success: reloaded. 
638219     INFO  main            d.u.i.k.p.r.p.TestFile    Now processing file /home/runner/work/key/key/key.core/../key.ui/examples/heap/permissions/threads/Sampler_inv_accessible1.key 
638219     INFO  main            d.u.i.k.p.i.AbstractProblemLoader Loading environment from /home/runner/work/key/key/key.core/../key.ui/examples/heap/permissions/threads/Sampler_inv_accessible1.key 
638219     DEBUG main            d.u.i.k.p.i.AbstractProblemLoader Environment load took 52.8ns 
638220     INFO  main            d.u.i.k.p.i.AbstractProblemLoader Creating init config 
643464     DEBUG main            d.u.i.k.p.i.AbstractProblemLoader Init config took 5.24s 
643587     INFO  main            d.u.i.k.p.i.AbstractProblemLoader Replaying proof Sampler[java.lang.Object::<inv>()].JML accessible clause.0 
643588     DEBUG main            d.u.i.k.p.i.IntermediateProofReplayer Proof replay took 3ns 
643690     INFO  main            d.u.i.k.p.r.p.TestFile    ... finished proof: closed. 
644273     INFO  main            d.u.i.k.p.i.AbstractProblemLoader Loading environment from /home/runner/work/key/key/key.core/../key.ui/examples/heap/permissions/threads/Sampler_inv_accessible1.key.proof 
644273     DEBUG main            d.u.i.k.p.i.AbstractProblemLoader Environment load took 88.1ns 
644274     INFO  main            d.u.i.k.p.i.AbstractProblemLoader Creating init config 
649449     DEBUG main            d.u.i.k.p.i.AbstractProblemLoader Init config took 5.18s 
649562     INFO  main            d.u.i.k.p.i.AbstractProblemLoader Replaying proof Sampler[java.lang.Object::<inv>()].JML accessible clause.0 
649566     DEBUG main            d.u.i.k.p.i.IntermediateProofReplayer Proof replay took 1.65ms 
649567     DEBUG main            d.u.i.k.p.r.p.TestFile    ... success: reloaded. 
649568     INFO  main            d.u.i.k.p.r.p.TestFile    Now processing file /home/runner/work/key/key/key.core/../key.ui/examples/heap/permissions/threads/Sampler_inv_accessible2.key 
649568     INFO  main            d.u.i.k.p.i.AbstractProblemLoader Loading environment from /home/runner/work/key/key/key.core/../key.ui/examples/heap/permissions/threads/Sampler_inv_accessible2.key 
649568     DEBUG main            d.u.i.k.p.i.AbstractProblemLoader Environment load took 59.1ns 
649569     INFO  main            d.u.i.k.p.i.AbstractProblemLoader Creating init config 
654808     DEBUG main            d.u.i.k.p.i.AbstractProblemLoader Init config took 5.24s 
654901     INFO  main            d.u.i.k.p.i.AbstractProblemLoader Replaying proof Sampler[java.lang.Object::<inv>()].JML accessible clause.1 
654903     DEBUG main            d.u.i.k.p.i.IntermediateProofReplayer Proof replay took 7.8ns 
655004     INFO  main            d.u.i.k.p.r.p.TestFile    ... finished proof: closed. 
655611     INFO  main            d.u.i.k.p.i.AbstractProblemLoader Loading environment from /home/runner/work/key/key/key.core/../key.ui/examples/heap/permissions/threads/Sampler_inv_accessible2.key.proof 
655611     DEBUG main            d.u.i.k.p.i.AbstractProblemLoader Environment load took 87.5ns 
655612     INFO  main            d.u.i.k.p.i.AbstractProblemLoader Creating init config 
660933     DEBUG main            d.u.i.k.p.i.AbstractProblemLoader Init config took 5.32s 
661047     INFO  main            d.u.i.k.p.i.AbstractProblemLoader Replaying proof Sampler[java.lang.Object::<inv>()].JML accessible clause.1 
661051     DEBUG main            d.u.i.k.p.i.IntermediateProofReplayer Proof replay took 2.62ms 
661052     DEBUG main            d.u.i.k.p.r.p.TestFile    ... success: reloaded. 
661058     INFO  main            d.u.i.k.p.r.p.TestFile    Now processing file /home/runner/work/key/key/key.core/../key.ui/examples/heap/permissions/threads/Sampler_joinTransfer_accessible.key 
661059     INFO  main            d.u.i.k.p.i.AbstractProblemLoader Loading environment from /home/runner/work/key/key/key.core/../key.ui/examples/heap/permissions/threads/Sampler_joinTransfer_accessible.key 
661059     DEBUG main            d.u.i.k.p.i.AbstractProblemLoader Environment load took 262ns 
661060     INFO  main            d.u.i.k.p.i.AbstractProblemLoader Creating init config 
666374     DEBUG main            d.u.i.k.p.i.AbstractProblemLoader Init config took 5.31s 
666475     INFO  main            d.u.i.k.p.i.AbstractProblemLoader Replaying proof Sampler[ThreadSpec2::joinTransfer()].JML accessible clause.0 
666476     DEBUG main            d.u.i.k.p.i.IntermediateProofReplayer Proof replay took 3.3ns 
670397     INFO  main            d.u.i.k.p.r.p.TestFile    ... finished proof: closed. 
671010     INFO  main            d.u.i.k.p.i.AbstractProblemLoader Loading environment from /home/runner/work/key/key/key.core/../key.ui/examples/heap/permissions/threads/Sampler_joinTransfer_accessible.key.proof 
671010     DEBUG main            d.u.i.k.p.i.AbstractProblemLoader Environment load took 89.6ns 
671011     INFO  main            d.u.i.k.p.i.AbstractProblemLoader Creating init config 
676261     DEBUG main            d.u.i.k.p.i.AbstractProblemLoader Init config took 5.25s 
676355     INFO  main            d.u.i.k.p.i.AbstractProblemLoader Replaying proof Sampler[ThreadSpec2::joinTransfer()].JML accessible clause.0 
676858     DEBUG main            d.u.i.k.p.i.IntermediateProofReplayer Proof replay took 492.56ms 
676860     DEBUG main            d.u.i.k.p.r.p.TestFile    ... success: reloaded. 
676860     INFO  main            d.u.i.k.p.r.p.TestFile    Now processing file /home/runner/work/key/key/key.core/../key.ui/examples/heap/permissions/threads/Sampler_joinTransfer_contract.key 
676861     INFO  main            d.u.i.k.p.i.AbstractProblemLoader Loading environment from /home/runner/work/key/key/key.core/../key.ui/examples/heap/permissions/threads/Sampler_joinTransfer_contract.key 
676861     DEBUG main            d.u.i.k.p.i.AbstractProblemLoader Environment load took 59.3ns 
676862     INFO  main            d.u.i.k.p.i.AbstractProblemLoader Creating init config 
682222     DEBUG main            d.u.i.k.p.i.AbstractProblemLoader Init config took 5.36s 
682330     INFO  main            d.u.i.k.p.i.AbstractProblemLoader Replaying proof Sampler[ThreadSpec2::joinTransfer()].JML model_behavior operation contract.0 
682335     DEBUG main            d.u.i.k.p.i.IntermediateProofReplayer Proof replay took 3.5ns 
682436     INFO  main            d.u.i.k.p.r.p.TestFile    ... finished proof: closed. 
683053     INFO  main            d.u.i.k.p.i.AbstractProblemLoader Loading environment from /home/runner/work/key/key/key.core/../key.ui/examples/heap/permissions/threads/Sampler_joinTransfer_contract.key.proof 
683053     DEBUG main            d.u.i.k.p.i.AbstractProblemLoader Environment load took 115.3ns 
683054     INFO  main            d.u.i.k.p.i.AbstractProblemLoader Creating init config 
688472     DEBUG main            d.u.i.k.p.i.AbstractProblemLoader Init config took 5.42s 
688575     INFO  main            d.u.i.k.p.i.AbstractProblemLoader Replaying proof Sampler[ThreadSpec2::joinTransfer()].JML model_behavior operation contract.0 
688584     DEBUG main            d.u.i.k.p.i.IntermediateProofReplayer Proof replay took 7.33ms 
688585     DEBUG main            d.u.i.k.p.r.p.TestFile    ... success: reloaded. 
688586     INFO  main            d.u.i.k.p.r.p.TestFile    Now processing file /home/runner/work/key/key/key.core/../key.ui/examples/heap/permissions/threads/Sampler_postJoin_accessible.key 
688586     INFO  main            d.u.i.k.p.i.AbstractProblemLoader Loading environment from /home/runner/work/key/key/key.core/../key.ui/examples/heap/permissions/threads/Sampler_postJoin_accessible.key 
688587     DEBUG main            d.u.i.k.p.i.AbstractProblemLoader Environment load took 491.2ns 
688587     INFO  main            d.u.i.k.p.i.AbstractProblemLoader Creating init config 
694049     DEBUG main            d.u.i.k.p.i.AbstractProblemLoader Init config took 5.46s 
694140     INFO  main            d.u.i.k.p.i.AbstractProblemLoader Replaying proof Sampler[ThreadSpec2::postJoin(java.lang.Object)].JML accessible clause.0 
694142     DEBUG main            d.u.i.k.p.i.IntermediateProofReplayer Proof replay took 2.9ns 
694243     INFO  main            d.u.i.k.p.r.p.TestFile    ... finished proof: closed. 
694872     INFO  main            d.u.i.k.p.i.AbstractProblemLoader Loading environment from /home/runner/work/key/key/key.core/../key.ui/examples/heap/permissions/threads/Sampler_postJoin_accessible.key.proof 
694872     DEBUG main            d.u.i.k.p.i.AbstractProblemLoader Environment load took 106ns 
694873     INFO  main            d.u.i.k.p.i.AbstractProblemLoader Creating init config 
700070     DEBUG main            d.u.i.k.p.i.AbstractProblemLoader Init config took 5.2s 
700191     INFO  main            d.u.i.k.p.i.AbstractProblemLoader Replaying proof Sampler[ThreadSpec2::postJoin(java.lang.Object)].JML accessible clause.0 
700202     DEBUG main            d.u.i.k.p.i.IntermediateProofReplayer Proof replay took 8.73ms 
700203     DEBUG main            d.u.i.k.p.r.p.TestFile    ... success: reloaded. 
700205     INFO  main            d.u.i.k.p.r.p.TestFile    Now processing file /home/runner/work/key/key/key.core/../key.ui/examples/heap/permissions/threads/Sampler_preStart_accessible.key 
700205     INFO  main            d.u.i.k.p.i.AbstractProblemLoader Loading environment from /home/runner/work/key/key/key.core/../key.ui/examples/heap/permissions/threads/Sampler_preStart_accessible.key 
700205     DEBUG main            d.u.i.k.p.i.AbstractProblemLoader Environment load took 365.9ns 
700206     INFO  main            d.u.i.k.p.i.AbstractProblemLoader Creating init config 
705343     DEBUG main            d.u.i.k.p.i.AbstractProblemLoader Init config took 5.14s 
705458     INFO  main            d.u.i.k.p.i.AbstractProblemLoader Replaying proof Sampler[ThreadSpec2::preStart(java.lang.Object)].JML accessible clause.0 
705460     DEBUG main            d.u.i.k.p.i.IntermediateProofReplayer Proof replay took 3.2ns 
705562     INFO  main            d.u.i.k.p.r.p.TestFile    ... finished proof: closed. 
706218     INFO  main            d.u.i.k.p.i.AbstractProblemLoader Loading environment from /home/runner/work/key/key/key.core/../key.ui/examples/heap/permissions/threads/Sampler_preStart_accessible.key.proof 
706218     DEBUG main            d.u.i.k.p.i.AbstractProblemLoader Environment load took 97.3ns 
706219     INFO  main            d.u.i.k.p.i.AbstractProblemLoader Creating init config 
711405     DEBUG main            d.u.i.k.p.i.AbstractProblemLoader Init config took 5.19s 
711506     INFO  main            d.u.i.k.p.i.AbstractProblemLoader Replaying proof Sampler[ThreadSpec2::preStart(java.lang.Object)].JML accessible clause.0 
711515     DEBUG main            d.u.i.k.p.i.IntermediateProofReplayer Proof replay took 7.92ms 
711516     DEBUG main            d.u.i.k.p.r.p.TestFile    ... success: reloaded. 
711517     INFO  main            d.u.i.k.p.r.p.TestFile    Now processing file /home/runner/work/key/key/key.core/../key.ui/examples/heap/permissions/threads/Sampler_run.key 
711517     INFO  main            d.u.i.k.p.i.AbstractProblemLoader Loading environment from /home/runner/work/key/key/key.core/../key.ui/examples/heap/permissions/threads/Sampler_run.key 
711517     DEBUG main            d.u.i.k.p.i.AbstractProblemLoader Environment load took 85.7ns 
711518     INFO  main            d.u.i.k.p.i.AbstractProblemLoader Creating init config 
716951     DEBUG main            d.u.i.k.p.i.AbstractProblemLoader Init config took 5.43s 
717050     INFO  main            d.u.i.k.p.i.AbstractProblemLoader Replaying proof Sampler[ThreadSpec2::run()].JML normal_behavior operation contract.0 
717052     DEBUG main            d.u.i.k.p.i.IntermediateProofReplayer Proof replay took 3.2ns 
717254     INFO  main            d.u.i.k.p.r.p.TestFile    ... finished proof: closed. 
717916     INFO  main            d.u.i.k.p.i.AbstractProblemLoader Loading environment from /home/runner/work/key/key/key.core/../key.ui/examples/heap/permissions/threads/Sampler_run.key.proof 
717916     DEBUG main            d.u.i.k.p.i.AbstractProblemLoader Environment load took 85.3ns 
717917     INFO  main            d.u.i.k.p.i.AbstractProblemLoader Creating init config 
723186     DEBUG main            d.u.i.k.p.i.AbstractProblemLoader Init config took 5.27s 
723295     INFO  main            d.u.i.k.p.i.AbstractProblemLoader Replaying proof Sampler[ThreadSpec2::run()].JML normal_behavior operation contract.0 
723330     DEBUG main            d.u.i.k.p.i.IntermediateProofReplayer Proof replay took 32.51ms 
723331     DEBUG main            d.u.i.k.p.r.p.TestFile    ... success: reloaded. 
723332     INFO  main            d.u.i.k.p.r.p.TestFile    Now processing file /home/runner/work/key/key/key.core/../key.ui/examples/heap/permissions/threads/Sampler_Sampler.key 
723332     INFO  main            d.u.i.k.p.i.AbstractProblemLoader Loading environment from /home/runner/work/key/key/key.core/../key.ui/examples/heap/permissions/threads/Sampler_Sampler.key 
723332     DEBUG main            d.u.i.k.p.i.AbstractProblemLoader Environment load took 287.8ns 
723334     INFO  main            d.u.i.k.p.i.AbstractProblemLoader Creating init config 
728521     DEBUG main            d.u.i.k.p.i.AbstractProblemLoader Init config took 5.19s 
728639     INFO  main            d.u.i.k.p.i.AbstractProblemLoader Replaying proof Sampler[Sampler::Sampler(Buffer)].JML normal_behavior operation contract.0 
728640     DEBUG main            d.u.i.k.p.i.IntermediateProofReplayer Proof replay took 3.2ns 
729243     INFO  main            d.u.i.k.p.r.p.TestFile    ... finished proof: closed. 
729921     INFO  main            d.u.i.k.p.i.AbstractProblemLoader Loading environment from /home/runner/work/key/key/key.core/../key.ui/examples/heap/permissions/threads/Sampler_Sampler.key.proof 
729921     DEBUG main            d.u.i.k.p.i.AbstractProblemLoader Environment load took 79.8ns 
729922     INFO  main            d.u.i.k.p.i.AbstractProblemLoader Creating init config 
735147     DEBUG main            d.u.i.k.p.i.AbstractProblemLoader Init config took 5.22s 
735240     INFO  main            d.u.i.k.p.i.AbstractProblemLoader Replaying proof Sampler[Sampler::Sampler(Buffer)].JML normal_behavior operation contract.0 
735315     DEBUG main            d.u.i.k.p.i.IntermediateProofReplayer Proof replay took 72.85ms 
735316     DEBUG main            d.u.i.k.p.r.p.TestFile    ... success: reloaded. 
735317     INFO  main            d.u.i.k.p.r.p.TestFile    Now processing file /home/runner/work/key/key/key.core/../key.ui/examples/heap/permissions/threads/Sampler_startTransfer_accessible.key 
735317     INFO  main            d.u.i.k.p.i.AbstractProblemLoader Loading environment from /home/runner/work/key/key/key.core/../key.ui/examples/heap/permissions/threads/Sampler_startTransfer_accessible.key 
735317     DEBUG main            d.u.i.k.p.i.AbstractProblemLoader Environment load took 58.2ns 
735318     INFO  main            d.u.i.k.p.i.AbstractProblemLoader Creating init config 
740579     DEBUG main            d.u.i.k.p.i.AbstractProblemLoader Init config took 5.26s 
740675     INFO  main            d.u.i.k.p.i.AbstractProblemLoader Replaying proof Sampler[ThreadSpec2::startTransfer()].JML accessible clause.0 
740676     DEBUG main            d.u.i.k.p.i.IntermediateProofReplayer Proof replay took 3ns 
744546     INFO  main            d.u.i.k.p.r.p.TestFile    ... finished proof: closed. 
745264     INFO  main            d.u.i.k.p.i.AbstractProblemLoader Loading environment from /home/runner/work/key/key/key.core/../key.ui/examples/heap/permissions/threads/Sampler_startTransfer_accessible.key.proof 
745264     DEBUG main            d.u.i.k.p.i.AbstractProblemLoader Environment load took 337.5ns 
745266     INFO  main            d.u.i.k.p.i.AbstractProblemLoader Creating init config 
750556     DEBUG main            d.u.i.k.p.i.AbstractProblemLoader Init config took 5.29s 
750657     INFO  main            d.u.i.k.p.i.AbstractProblemLoader Replaying proof Sampler[ThreadSpec2::startTransfer()].JML accessible clause.0 
751074     DEBUG main            d.u.i.k.p.i.IntermediateProofReplayer Proof replay took 408.69ms 
751076     DEBUG main            d.u.i.k.p.r.p.TestFile    ... success: reloaded. 
751077     INFO  main            d.u.i.k.p.r.p.TestFile    Now processing file /home/runner/work/key/key/key.core/../key.ui/examples/heap/permissions/threads/Sampler_startTransfer_contract.key 
751077     INFO  main            d.u.i.k.p.i.AbstractProblemLoader Loading environment from /home/runner/work/key/key/key.core/../key.ui/examples/heap/permissions/threads/Sampler_startTransfer_contract.key 
751077     DEBUG main            d.u.i.k.p.i.AbstractProblemLoader Environment load took 64.5ns 
751078     INFO  main            d.u.i.k.p.i.AbstractProblemLoader Creating init config 
756310     DEBUG main            d.u.i.k.p.i.AbstractProblemLoader Init config took 5.23s 
756401     INFO  main            d.u.i.k.p.i.AbstractProblemLoader Replaying proof Sampler[ThreadSpec2::startTransfer()].JML model_behavior operation contract.0 
756402     DEBUG main            d.u.i.k.p.i.IntermediateProofReplayer Proof replay took 2.8ns 
756504     INFO  main            d.u.i.k.p.r.p.TestFile    ... finished proof: closed. 
757161     INFO  main            d.u.i.k.p.i.AbstractProblemLoader Loading environment from /home/runner/work/key/key/key.core/../key.ui/examples/heap/permissions/threads/Sampler_startTransfer_contract.key.proof 
757161     DEBUG main            d.u.i.k.p.i.AbstractProblemLoader Environment load took 84.8ns 
757163     INFO  main            d.u.i.k.p.i.AbstractProblemLoader Creating init config 
762257     DEBUG main            d.u.i.k.p.i.AbstractProblemLoader Init config took 5.09s 
762350     INFO  main            d.u.i.k.p.i.AbstractProblemLoader Replaying proof Sampler[ThreadSpec2::startTransfer()].JML model_behavior operation contract.0 
762358     DEBUG main            d.u.i.k.p.i.IntermediateProofReplayer Proof replay took 7.19ms 
762359     DEBUG main            d.u.i.k.p.r.p.TestFile    ... success: reloaded. 
762360     INFO  main            d.u.i.k.p.r.p.TestFile    Now processing file /home/runner/work/key/key/key.core/../key.ui/examples/heap/permissions/threads/Sampler_stateInv_accessible.key 
762360     INFO  main            d.u.i.k.p.i.AbstractProblemLoader Loading environment from /home/runner/work/key/key/key.core/../key.ui/examples/heap/permissions/threads/Sampler_stateInv_accessible.key 
762360     DEBUG main            d.u.i.k.p.i.AbstractProblemLoader Environment load took 51ns 
762361     INFO  main            d.u.i.k.p.i.AbstractProblemLoader Creating init config 
767506     DEBUG main            d.u.i.k.p.i.AbstractProblemLoader Init config took 5.14s 
767600     INFO  main            d.u.i.k.p.i.AbstractProblemLoader Replaying proof Sampler[ThreadSpec2::stateInv()].JML accessible clause.0 
767602     DEBUG main            d.u.i.k.p.i.IntermediateProofReplayer Proof replay took 4.2ns 
767703     INFO  main            d.u.i.k.p.r.p.TestFile    ... finished proof: closed. 
768384     INFO  main            d.u.i.k.p.i.AbstractProblemLoader Loading environment from /home/runner/work/key/key/key.core/../key.ui/examples/heap/permissions/threads/Sampler_stateInv_accessible.key.proof 
768384     DEBUG main            d.u.i.k.p.i.AbstractProblemLoader Environment load took 95.5ns 
768385     INFO  main            d.u.i.k.p.i.AbstractProblemLoader Creating init config 
773596     DEBUG main            d.u.i.k.p.i.AbstractProblemLoader Init config took 5.21s 
773694     INFO  main            d.u.i.k.p.i.AbstractProblemLoader Replaying proof Sampler[ThreadSpec2::stateInv()].JML accessible clause.0 
773702     DEBUG main            d.u.i.k.p.i.IntermediateProofReplayer Proof replay took 7.05ms 
773703     DEBUG main            d.u.i.k.p.r.p.TestFile    ... success: reloaded. 
773704     INFO  main            d.u.i.k.p.r.p.TestFile    Now processing file /home/runner/work/key/key/key.core/../key.ui/examples/heap/permissions/threads/Sampler_staticPermissions_accessible.key 
773704     INFO  main            d.u.i.k.p.i.AbstractProblemLoader Loading environment from /home/runner/work/key/key/key.core/../key.ui/examples/heap/permissions/threads/Sampler_staticPermissions_accessible.key 
773705     DEBUG main            d.u.i.k.p.i.AbstractProblemLoader Environment load took 86.9ns 
773705     INFO  main            d.u.i.k.p.i.AbstractProblemLoader Creating init config 
779276     DEBUG main            d.u.i.k.p.i.AbstractProblemLoader Init config took 5.57s 
779370     INFO  main            d.u.i.k.p.i.AbstractProblemLoader Replaying proof Sampler[ThreadSpec2::staticPermissions()].JML accessible clause.0 
779372     DEBUG main            d.u.i.k.p.i.IntermediateProofReplayer Proof replay took 3.1ns 
779479     INFO  main            d.u.i.k.p.r.p.TestFile    ... finished proof: closed. 
780153     INFO  main            d.u.i.k.p.i.AbstractProblemLoader Loading environment from /home/runner/work/key/key/key.core/../key.ui/examples/heap/permissions/threads/Sampler_staticPermissions_accessible.key.proof 
780153     DEBUG main            d.u.i.k.p.i.AbstractProblemLoader Environment load took 78.5ns 
780154     INFO  main            d.u.i.k.p.i.AbstractProblemLoader Creating init config 
785381     DEBUG main            d.u.i.k.p.i.AbstractProblemLoader Init config took 5.23s 
785489     INFO  main            d.u.i.k.p.i.AbstractProblemLoader Replaying proof Sampler[ThreadSpec2::staticPermissions()].JML accessible clause.0 
785494     DEBUG main            d.u.i.k.p.i.IntermediateProofReplayer Proof replay took 3.07ms 
785495     DEBUG main            d.u.i.k.p.r.p.TestFile    ... success: reloaded. 
785496     INFO  main            d.u.i.k.p.r.p.TestFile    Now processing file /home/runner/work/key/key/key.core/../key.ui/examples/heap/permissions/threads/Sampler_workingPermissions_accessible.key 
785496     INFO  main            d.u.i.k.p.i.AbstractProblemLoader Loading environment from /home/runner/work/key/key/key.core/../key.ui/examples/heap/permissions/threads/Sampler_workingPermissions_accessible.key 
785496     DEBUG main            d.u.i.k.p.i.AbstractProblemLoader Environment load took 89.4ns 
785497     INFO  main            d.u.i.k.p.i.AbstractProblemLoader Creating init config 
790792     DEBUG main            d.u.i.k.p.i.AbstractProblemLoader Init config took 5.29s 
790907     INFO  main            d.u.i.k.p.i.AbstractProblemLoader Replaying proof Sampler[ThreadSpec2::workingPermissions()].JML accessible clause.0 
790909     DEBUG main            d.u.i.k.p.i.IntermediateProofReplayer Proof replay took 2.8ns 
791011     INFO  main            d.u.i.k.p.r.p.TestFile    ... finished proof: closed. 
791712     INFO  main            d.u.i.k.p.i.AbstractProblemLoader Loading environment from /home/runner/work/key/key/key.core/../key.ui/examples/heap/permissions/threads/Sampler_workingPermissions_accessible.key.proof 
791712     DEBUG main            d.u.i.k.p.i.AbstractProblemLoader Environment load took 117.1ns 
791713     INFO  main            d.u.i.k.p.i.AbstractProblemLoader Creating init config 
797031     DEBUG main            d.u.i.k.p.i.AbstractProblemLoader Init config took 5.32s 
797135     INFO  main            d.u.i.k.p.i.AbstractProblemLoader Replaying proof Sampler[ThreadSpec2::workingPermissions()].JML accessible clause.0 
797140     DEBUG main            d.u.i.k.p.i.IntermediateProofReplayer Proof replay took 4.21ms 
797141     DEBUG main            d.u.i.k.p.r.p.TestFile    ... success: reloaded. 
797142     INFO  main            d.u.i.k.p.r.p.TestFile    Now processing file /home/runner/work/key/key/key.core/../key.ui/examples/heap/permissions/mulleretal/ReadWrite_doRead_contract.key 
797142     INFO  main            d.u.i.k.p.i.AbstractProblemLoader Loading environment from /home/runner/work/key/key/key.core/../key.ui/examples/heap/permissions/mulleretal/ReadWrite_doRead_contract.key 
797142     DEBUG main            d.u.i.k.p.i.AbstractProblemLoader Environment load took 59.1ns 
797143     INFO  main            d.u.i.k.p.i.AbstractProblemLoader Creating init config 
800211     DEBUG main            d.u.i.k.p.i.AbstractProblemLoader Init config took 3.07s 
800248     INFO  main            d.u.i.k.p.i.AbstractProblemLoader Replaying proof ReadWrite[ReadWrite::doRead()].JML normal_behavior operation contract.0 
800250     DEBUG main            d.u.i.k.p.i.IntermediateProofReplayer Proof replay took 3.6ns 
802091     INFO  main            d.u.i.k.p.r.p.TestFile    ... finished proof: closed. 
802823     INFO  main            d.u.i.k.p.i.AbstractProblemLoader Loading environment from /home/runner/work/key/key/key.core/../key.ui/examples/heap/permissions/mulleretal/ReadWrite_doRead_contract.key.proof 
802823     DEBUG main            d.u.i.k.p.i.AbstractProblemLoader Environment load took 342.7ns 
802825     INFO  main            d.u.i.k.p.i.AbstractProblemLoader Creating init config 
805860     DEBUG main            d.u.i.k.p.i.AbstractProblemLoader Init config took 3.03s 
805900     INFO  main            d.u.i.k.p.i.AbstractProblemLoader Replaying proof ReadWrite[ReadWrite::doRead()].JML normal_behavior operation contract.0 
806261     DEBUG main            d.u.i.k.p.i.IntermediateProofReplayer Proof replay took 355.47ms 
806262     DEBUG main            d.u.i.k.p.r.p.TestFile    ... success: reloaded. 
806263     INFO  main            d.u.i.k.p.r.p.TestFile    Now processing file /home/runner/work/key/key/key.core/../key.ui/examples/heap/permissions/mulleretal/ReadWrite_doWrite_contract.key 
806263     INFO  main            d.u.i.k.p.i.AbstractProblemLoader Loading environment from /home/runner/work/key/key/key.core/../key.ui/examples/heap/permissions/mulleretal/ReadWrite_doWrite_contract.key 
806263     DEBUG main            d.u.i.k.p.i.AbstractProblemLoader Environment load took 58.3ns 
806264     INFO  main            d.u.i.k.p.i.AbstractProblemLoader Creating init config 
809321     DEBUG main            d.u.i.k.p.i.AbstractProblemLoader Init config took 3.06s 
809358     INFO  main            d.u.i.k.p.i.AbstractProblemLoader Replaying proof ReadWrite[ReadWrite::doWrite()].JML normal_behavior operation contract.0 
809359     DEBUG main            d.u.i.k.p.i.IntermediateProofReplayer Proof replay took 3ns 
811165     INFO  main            d.u.i.k.p.r.p.TestFile    ... finished proof: closed. 
811896     INFO  main            d.u.i.k.p.i.AbstractProblemLoader Loading environment from /home/runner/work/key/key/key.core/../key.ui/examples/heap/permissions/mulleretal/ReadWrite_doWrite_contract.key.proof 
811896     DEBUG main            d.u.i.k.p.i.AbstractProblemLoader Environment load took 87.3ns 
811897     INFO  main            d.u.i.k.p.i.AbstractProblemLoader Creating init config 
814791     DEBUG main            d.u.i.k.p.i.AbstractProblemLoader Init config took 2.89s 
814825     INFO  main            d.u.i.k.p.i.AbstractProblemLoader Replaying proof ReadWrite[ReadWrite::doWrite()].JML normal_behavior operation contract.0 
815217     DEBUG main            d.u.i.k.p.i.IntermediateProofReplayer Proof replay took 386.84ms 
815218     DEBUG main            d.u.i.k.p.r.p.TestFile    ... success: reloaded. 
815219     INFO  main            d.u.i.k.p.r.p.TestFile    Now processing file /home/runner/work/key/key/key.core/../key.ui/examples/heap/permissions/mulleretal/ReadWrite_read_contract.key 
815219     INFO  main            d.u.i.k.p.i.AbstractProblemLoader Loading environment from /home/runner/work/key/key/key.core/../key.ui/examples/heap/permissions/mulleretal/ReadWrite_read_contract.key 
815219     DEBUG main            d.u.i.k.p.i.AbstractProblemLoader Environment load took 46.1ns 
815220     INFO  main            d.u.i.k.p.i.AbstractProblemLoader Creating init config 
818147     DEBUG main            d.u.i.k.p.i.AbstractProblemLoader Init config took 2.93s 
818182     INFO  main            d.u.i.k.p.i.AbstractProblemLoader Replaying proof ReadWrite[ReadWrite::read()].JML normal_behavior operation contract.0 
818183     DEBUG main            d.u.i.k.p.i.IntermediateProofReplayer Proof replay took 3.3ns 
818285     INFO  main            d.u.i.k.p.r.p.TestFile    ... finished proof: closed. 
819009     INFO  main            d.u.i.k.p.i.AbstractProblemLoader Loading environment from /home/runner/work/key/key/key.core/../key.ui/examples/heap/permissions/mulleretal/ReadWrite_read_contract.key.proof 
819009     DEBUG main            d.u.i.k.p.i.AbstractProblemLoader Environment load took 79.3ns 
819010     INFO  main            d.u.i.k.p.i.AbstractProblemLoader Creating init config 
821946     DEBUG main            d.u.i.k.p.i.AbstractProblemLoader Init config took 2.94s 
821984     INFO  main            d.u.i.k.p.i.AbstractProblemLoader Replaying proof ReadWrite[ReadWrite::read()].JML normal_behavior operation contract.0 
821993     DEBUG main            d.u.i.k.p.i.IntermediateProofReplayer Proof replay took 7.17ms 
821993     DEBUG main            d.u.i.k.p.r.p.TestFile    ... success: reloaded. 
821994     INFO  main            d.u.i.k.p.r.p.TestFile    Now processing file /home/runner/work/key/key/key.core/../key.ui/examples/heap/permissions/mulleretal/ReadWrite_write_contract.key 
821994     INFO  main            d.u.i.k.p.i.AbstractProblemLoader Loading environment from /home/runner/work/key/key/key.core/../key.ui/examples/heap/permissions/mulleretal/ReadWrite_write_contract.key 
821994     DEBUG main            d.u.i.k.p.i.AbstractProblemLoader Environment load took 107.4ns 
821995     INFO  main            d.u.i.k.p.i.AbstractProblemLoader Creating init config 
824869     DEBUG main            d.u.i.k.p.i.AbstractProblemLoader Init config took 2.87s 
824904     INFO  main            d.u.i.k.p.i.AbstractProblemLoader Replaying proof ReadWrite[ReadWrite::write()].JML normal_behavior operation contract.0 
824905     DEBUG main            d.u.i.k.p.i.IntermediateProofReplayer Proof replay took 3.2ns 
825010     INFO  main            d.u.i.k.p.r.p.TestFile    ... finished proof: closed. 
825730     INFO  main            d.u.i.k.p.i.AbstractProblemLoader Loading environment from /home/runner/work/key/key/key.core/../key.ui/examples/heap/permissions/mulleretal/ReadWrite_write_contract.key.proof 
825730     DEBUG main            d.u.i.k.p.i.AbstractProblemLoader Environment load took 84.9ns 
825731     INFO  main            d.u.i.k.p.i.AbstractProblemLoader Creating init config 
828642     DEBUG main            d.u.i.k.p.i.AbstractProblemLoader Init config took 2.91s 
828680     INFO  main            d.u.i.k.p.i.AbstractProblemLoader Replaying proof ReadWrite[ReadWrite::write()].JML normal_behavior operation contract.0 
828704     DEBUG main            d.u.i.k.p.i.IntermediateProofReplayer Proof replay took 21.88ms 
828704     DEBUG main            d.u.i.k.p.r.p.TestFile    ... success: reloaded. 
828705     INFO  main            d.u.i.k.p.r.p.TestFile    Now processing file /home/runner/work/key/key/key.core/../key.ui/examples/heap/permissions/mulleretal/ReadWrite_inv1_accessible.key 
828705     INFO  main            d.u.i.k.p.i.AbstractProblemLoader Loading environment from /home/runner/work/key/key/key.core/../key.ui/examples/heap/permissions/mulleretal/ReadWrite_inv1_accessible.key 
828705     DEBUG main            d.u.i.k.p.i.AbstractProblemLoader Environment load took 57.4ns 
828706     INFO  main            d.u.i.k.p.i.AbstractProblemLoader Creating init config 
831607     DEBUG main            d.u.i.k.p.i.AbstractProblemLoader Init config took 2.9s 
831640     INFO  main            d.u.i.k.p.i.AbstractProblemLoader Replaying proof ReadWrite[java.lang.Object::<inv>()].JML accessible clause.0 
831642     DEBUG main            d.u.i.k.p.i.IntermediateProofReplayer Proof replay took 3.1ns 
831743     INFO  main            d.u.i.k.p.r.p.TestFile    ... finished proof: closed. 
832446     INFO  main            d.u.i.k.p.i.AbstractProblemLoader Loading environment from /home/runner/work/key/key/key.core/../key.ui/examples/heap/permissions/mulleretal/ReadWrite_inv1_accessible.key.proof 
832446     DEBUG main            d.u.i.k.p.i.AbstractProblemLoader Environment load took 81ns 
832447     INFO  main            d.u.i.k.p.i.AbstractProblemLoader Creating init config 
835391     DEBUG main            d.u.i.k.p.i.AbstractProblemLoader Init config took 2.94s 
835427     INFO  main            d.u.i.k.p.i.AbstractProblemLoader Replaying proof ReadWrite[java.lang.Object::<inv>()].JML accessible clause.0 
835430     DEBUG main            d.u.i.k.p.i.IntermediateProofReplayer Proof replay took 1.58ms 
835431     DEBUG main            d.u.i.k.p.r.p.TestFile    ... success: reloaded. 
835431     INFO  main            d.u.i.k.p.r.p.TestFile    Now processing file /home/runner/work/key/key/key.core/../key.ui/examples/heap/permissions/mulleretal/ReadWrite_inv2_accessible.key 
835432     INFO  main            d.u.i.k.p.i.AbstractProblemLoader Loading environment from /home/runner/work/key/key/key.core/../key.ui/examples/heap/permissions/mulleretal/ReadWrite_inv2_accessible.key 
835432     DEBUG main            d.u.i.k.p.i.AbstractProblemLoader Environment load took 77.1ns 
835432     INFO  main            d.u.i.k.p.i.AbstractProblemLoader Creating init config 
838481     DEBUG main            d.u.i.k.p.i.AbstractProblemLoader Init config took 3.05s 
838517     INFO  main            d.u.i.k.p.i.AbstractProblemLoader Replaying proof ReadWrite[java.lang.Object::<inv>()].JML accessible clause.1 
838518     DEBUG main            d.u.i.k.p.i.IntermediateProofReplayer Proof replay took 3.3ns 
838623     INFO  main            d.u.i.k.p.r.p.TestFile    ... finished proof: closed. 
839338     INFO  main            d.u.i.k.p.i.AbstractProblemLoader Loading environment from /home/runner/work/key/key/key.core/../key.ui/examples/heap/permissions/mulleretal/ReadWrite_inv2_accessible.key.proof 
839338     DEBUG main            d.u.i.k.p.i.AbstractProblemLoader Environment load took 84.4ns 
839339     INFO  main            d.u.i.k.p.i.AbstractProblemLoader Creating init config 
842316     DEBUG main            d.u.i.k.p.i.AbstractProblemLoader Init config took 2.98s 
842360     INFO  main            d.u.i.k.p.i.AbstractProblemLoader Replaying proof ReadWrite[java.lang.Object::<inv>()].JML accessible clause.1 
842364     DEBUG main            d.u.i.k.p.i.IntermediateProofReplayer Proof replay took 1.59ms 
842365     DEBUG main            d.u.i.k.p.r.p.TestFile    ... success: reloaded. 
842365     INFO  main            d.u.i.k.p.r.p.TestFile    Now processing file /home/runner/work/key/key/key.core/../key.ui/examples/heap/permissions/lockspec/Counter_lockConsistent_contract.key 
842365     INFO  main            d.u.i.k.p.i.AbstractProblemLoader Loading environment from /home/runner/work/key/key/key.core/../key.ui/examples/heap/permissions/lockspec/Counter_lockConsistent_contract.key 
842366     DEBUG main            d.u.i.k.p.i.AbstractProblemLoader Environment load took 65.3ns 
842366     INFO  main            d.u.i.k.p.i.AbstractProblemLoader Creating init config 
845898     DEBUG main            d.u.i.k.p.i.AbstractProblemLoader Init config took 3.53s 
845958     INFO  main            d.u.i.k.p.i.AbstractProblemLoader Replaying proof Counter[LockSpec::lockConsistent()].JML model_behavior operation contract.0 
845960     DEBUG main            d.u.i.k.p.i.IntermediateProofReplayer Proof replay took 2.9ns 
847065     INFO  main            d.u.i.k.p.r.p.TestFile    ... finished proof: closed. 
847801     INFO  main            d.u.i.k.p.i.AbstractProblemLoader Loading environment from /home/runner/work/key/key/key.core/../key.ui/examples/heap/permissions/lockspec/Counter_lockConsistent_contract.key.proof 
847801     DEBUG main            d.u.i.k.p.i.AbstractProblemLoader Environment load took 93.5ns 
847802     INFO  main            d.u.i.k.p.i.AbstractProblemLoader Creating init config 
851347     DEBUG main            d.u.i.k.p.i.AbstractProblemLoader Init config took 3.54s 
851450     INFO  main            d.u.i.k.p.i.AbstractProblemLoader Replaying proof Counter[LockSpec::lockConsistent()].JML model_behavior operation contract.0 
851764     DEBUG main            d.u.i.k.p.i.IntermediateProofReplayer Proof replay took 300.05ms 
851766     DEBUG main            d.u.i.k.p.r.p.TestFile    ... success: reloaded. 
851767     INFO  main            d.u.i.k.p.r.p.TestFile    Now processing file /home/runner/work/key/key/key.core/../key.ui/examples/heap/permissions/lockspec/Counter_increase_contract.key 
851767     INFO  main            d.u.i.k.p.i.AbstractProblemLoader Loading environment from /home/runner/work/key/key/key.core/../key.ui/examples/heap/permissions/lockspec/Counter_increase_contract.key 
851767     DEBUG main            d.u.i.k.p.i.AbstractProblemLoader Environment load took 202.1ns 
851768     INFO  main            d.u.i.k.p.i.AbstractProblemLoader Creating init config 
855542     DEBUG main            d.u.i.k.p.i.AbstractProblemLoader Init config took 3.77s 
855598     INFO  main            d.u.i.k.p.i.AbstractProblemLoader Replaying proof Counter[Counter::increase()].JML normal_behavior operation contract.0 
855603     DEBUG main            d.u.i.k.p.i.IntermediateProofReplayer Proof replay took 3.6ns 
858041     INFO  main            d.u.i.k.p.r.p.TestFile    ... finished proof: closed. 
858812     INFO  main            d.u.i.k.p.i.AbstractProblemLoader Loading environment from /home/runner/work/key/key/key.core/../key.ui/examples/heap/permissions/lockspec/Counter_increase_contract.key.proof 
858812     DEBUG main            d.u.i.k.p.i.AbstractProblemLoader Environment load took 77.5ns 
858813     INFO  main            d.u.i.k.p.i.AbstractProblemLoader Creating init config 
862461     DEBUG main            d.u.i.k.p.i.AbstractProblemLoader Init config took 3.65s 
862532     INFO  main            d.u.i.k.p.i.AbstractProblemLoader Replaying proof Counter[Counter::increase()].JML normal_behavior operation contract.0 
862804     DEBUG main            d.u.i.k.p.i.IntermediateProofReplayer Proof replay took 254.6ms 
862807     DEBUG main            d.u.i.k.p.r.p.TestFile    ... success: reloaded. 
862807     INFO  main            d.u.i.k.p.r.p.TestFile    Now processing file /home/runner/work/key/key/key.core/../key.ui/examples/heap/permissions/lockspec/Counter_fp_accessible.key 
862808     INFO  main            d.u.i.k.p.i.AbstractProblemLoader Loading environment from /home/runner/work/key/key/key.core/../key.ui/examples/heap/permissions/lockspec/Counter_fp_accessible.key 
862808     DEBUG main            d.u.i.k.p.i.AbstractProblemLoader Environment load took 196.4ns 
862809     INFO  main            d.u.i.k.p.i.AbstractProblemLoader Creating init config 
866473     DEBUG main            d.u.i.k.p.i.AbstractProblemLoader Init config took 3.66s 
866565     INFO  main            d.u.i.k.p.i.AbstractProblemLoader Replaying proof Counter[LockSpec::fp()].JML accessible clause.0 
866569     DEBUG main            d.u.i.k.p.i.IntermediateProofReplayer Proof replay took 3.6ns 
866670     INFO  main            d.u.i.k.p.r.p.TestFile    ... finished proof: closed. 
867395     INFO  main            d.u.i.k.p.i.AbstractProblemLoader Loading environment from /home/runner/work/key/key/key.core/../key.ui/examples/heap/permissions/lockspec/Counter_fp_accessible.key.proof 
867395     DEBUG main            d.u.i.k.p.i.AbstractProblemLoader Environment load took 77.3ns 
867396     INFO  main            d.u.i.k.p.i.AbstractProblemLoader Creating init config 
871050     DEBUG main            d.u.i.k.p.i.AbstractProblemLoader Init config took 3.65s 
871117     INFO  main            d.u.i.k.p.i.AbstractProblemLoader Replaying proof Counter[LockSpec::fp()].JML accessible clause.0 
871129     DEBUG main            d.u.i.k.p.i.IntermediateProofReplayer Proof replay took 8.99ms 
871130     DEBUG main            d.u.i.k.p.r.p.TestFile    ... success: reloaded. 
871131     INFO  main            d.u.i.k.p.r.p.TestFile    Now processing file /home/runner/work/key/key/key.core/../key.ui/examples/heap/permissions/lockspec/Counter_fpLock_accessible.key 
871131     INFO  main            d.u.i.k.p.i.AbstractProblemLoader Loading environment from /home/runner/work/key/key/key.core/../key.ui/examples/heap/permissions/lockspec/Counter_fpLock_accessible.key 
871131     DEBUG main            d.u.i.k.p.i.AbstractProblemLoader Environment load took 177.5ns 
871132     INFO  main            d.u.i.k.p.i.AbstractProblemLoader Creating init config 
874934     DEBUG main            d.u.i.k.p.i.AbstractProblemLoader Init config took 3.8s 
874994     INFO  main            d.u.i.k.p.i.AbstractProblemLoader Replaying proof Counter[LockSpec::fpLock()].JML accessible clause.0 
874995     DEBUG main            d.u.i.k.p.i.IntermediateProofReplayer Proof replay took 3.1ns 
875097     INFO  main            d.u.i.k.p.r.p.TestFile    ... finished proof: closed. 
875924     INFO  main            d.u.i.k.p.i.AbstractProblemLoader Loading environment from /home/runner/work/key/key/key.core/../key.ui/examples/heap/permissions/lockspec/Counter_fpLock_accessible.key.proof 
875924     DEBUG main            d.u.i.k.p.i.AbstractProblemLoader Environment load took 82.6ns 
875925     INFO  main            d.u.i.k.p.i.AbstractProblemLoader Creating init config 
879485     DEBUG main            d.u.i.k.p.i.AbstractProblemLoader Init config took 3.56s 
879550     INFO  main            d.u.i.k.p.i.AbstractProblemLoader Replaying proof Counter[LockSpec::fpLock()].JML accessible clause.0 
879562     DEBUG main            d.u.i.k.p.i.IntermediateProofReplayer Proof replay took 8.87ms 
879563     DEBUG main            d.u.i.k.p.r.p.TestFile    ... success: reloaded. 
879564     INFO  main            d.u.i.k.p.r.p.TestFile    Now processing file /home/runner/work/key/key/key.core/../key.ui/examples/heap/permissions/lockspec/Counter_fpPerm_accessible.key 
879564     INFO  main            d.u.i.k.p.i.AbstractProblemLoader Loading environment from /home/runner/work/key/key/key.core/../key.ui/examples/heap/permissions/lockspec/Counter_fpPerm_accessible.key 
879564     DEBUG main            d.u.i.k.p.i.AbstractProblemLoader Environment load took 166.3ns 
879565     INFO  main            d.u.i.k.p.i.AbstractProblemLoader Creating init config 
883172     DEBUG main            d.u.i.k.p.i.AbstractProblemLoader Init config took 3.61s 
883233     INFO  main            d.u.i.k.p.i.AbstractProblemLoader Replaying proof Counter[LockSpec::fpPerm()].JML accessible clause.0 
883236     DEBUG main            d.u.i.k.p.i.IntermediateProofReplayer Proof replay took 3.6ns 
883337     INFO  main            d.u.i.k.p.r.p.TestFile    ... finished proof: closed. 
884074     INFO  main            d.u.i.k.p.i.AbstractProblemLoader Loading environment from /home/runner/work/key/key/key.core/../key.ui/examples/heap/permissions/lockspec/Counter_fpPerm_accessible.key.proof 
884074     DEBUG main            d.u.i.k.p.i.AbstractProblemLoader Environment load took 68.4ns 
884075     INFO  main            d.u.i.k.p.i.AbstractProblemLoader Creating init config 
887718     DEBUG main            d.u.i.k.p.i.AbstractProblemLoader Init config took 3.64s 
887792     INFO  main            d.u.i.k.p.i.AbstractProblemLoader Replaying proof Counter[LockSpec::fpPerm()].JML accessible clause.0 
887802     DEBUG main            d.u.i.k.p.i.IntermediateProofReplayer Proof replay took 7.82ms 
887804     DEBUG main            d.u.i.k.p.r.p.TestFile    ... success: reloaded. 
887804     INFO  main            d.u.i.k.p.r.p.TestFile    Now processing file /home/runner/work/key/key/key.core/../key.ui/examples/heap/permissions/lockspec/Counter_inv_accessible1.key 
887806     INFO  main            d.u.i.k.p.i.AbstractProblemLoader Loading environment from /home/runner/work/key/key/key.core/../key.ui/examples/heap/permissions/lockspec/Counter_inv_accessible1.key 
887806     DEBUG main            d.u.i.k.p.i.AbstractProblemLoader Environment load took 182.5ns 
887807     INFO  main            d.u.i.k.p.i.AbstractProblemLoader Creating init config 
891758     DEBUG main            d.u.i.k.p.i.AbstractProblemLoader Init config took 3.95s 
891836     INFO  main            d.u.i.k.p.i.AbstractProblemLoader Replaying proof Counter[java.lang.Object::<inv>()].JML accessible clause.0 
891838     DEBUG main            d.u.i.k.p.i.IntermediateProofReplayer Proof replay took 3.3ns 
891939     INFO  main            d.u.i.k.p.r.p.TestFile    ... finished proof: closed. 
892699     INFO  main            d.u.i.k.p.i.AbstractProblemLoader Loading environment from /home/runner/work/key/key/key.core/../key.ui/examples/heap/permissions/lockspec/Counter_inv_accessible1.key.proof 
892699     DEBUG main            d.u.i.k.p.i.AbstractProblemLoader Environment load took 72.2ns 
892699     INFO  main            d.u.i.k.p.i.AbstractProblemLoader Creating init config 
896293     DEBUG main            d.u.i.k.p.i.AbstractProblemLoader Init config took 3.59s 
896361     INFO  main            d.u.i.k.p.i.AbstractProblemLoader Replaying proof Counter[java.lang.Object::<inv>()].JML accessible clause.0 
896383     DEBUG main            d.u.i.k.p.i.IntermediateProofReplayer Proof replay took 19.69ms 
896383     DEBUG main            d.u.i.k.p.r.p.TestFile    ... success: reloaded. 
896384     INFO  main            d.u.i.k.p.r.p.TestFile    Now processing file /home/runner/work/key/key/key.core/../key.ui/examples/heap/permissions/lockspec/Counter_inv_accessible2.key 
896386     INFO  main            d.u.i.k.p.i.AbstractProblemLoader Loading environment from /home/runner/work/key/key/key.core/../key.ui/examples/heap/permissions/lockspec/Counter_inv_accessible2.key 
896386     DEBUG main            d.u.i.k.p.i.AbstractProblemLoader Environment load took 100.7ns 
896387     INFO  main            d.u.i.k.p.i.AbstractProblemLoader Creating init config 
900110     DEBUG main            d.u.i.k.p.i.AbstractProblemLoader Init config took 3.72s 
900175     INFO  main            d.u.i.k.p.i.AbstractProblemLoader Replaying proof Counter[java.lang.Object::<inv>()].JML accessible clause.1 
900176     DEBUG main            d.u.i.k.p.i.IntermediateProofReplayer Proof replay took 3.1ns 
900278     INFO  main            d.u.i.k.p.r.p.TestFile    ... finished proof: closed. 
901032     INFO  main            d.u.i.k.p.i.AbstractProblemLoader Loading environment from /home/runner/work/key/key/key.core/../key.ui/examples/heap/permissions/lockspec/Counter_inv_accessible2.key.proof 
901032     DEBUG main            d.u.i.k.p.i.AbstractProblemLoader Environment load took 74ns 
901033     INFO  main            d.u.i.k.p.i.AbstractProblemLoader Creating init config 
904832     DEBUG main            d.u.i.k.p.i.AbstractProblemLoader Init config took 3.8s 
904896     INFO  main            d.u.i.k.p.i.AbstractProblemLoader Replaying proof Counter[java.lang.Object::<inv>()].JML accessible clause.1 
904909     DEBUG main            d.u.i.k.p.i.IntermediateProofReplayer Proof replay took 10.7ms 
904910     DEBUG main            d.u.i.k.p.r.p.TestFile    ... success: reloaded. 
904911     INFO  main            d.u.i.k.p.r.p.TestFile    Now processing file /home/runner/work/key/key/key.core/../key.ui/examples/heap/permissions/lockspec/Counter_lockRef_accessible.key 
904911     INFO  main            d.u.i.k.p.i.AbstractProblemLoader Loading environment from /home/runner/work/key/key/key.core/../key.ui/examples/heap/permissions/lockspec/Counter_lockRef_accessible.key 
904911     DEBUG main            d.u.i.k.p.i.AbstractProblemLoader Environment load took 187.8ns 
904912     INFO  main            d.u.i.k.p.i.AbstractProblemLoader Creating init config 
908632     DEBUG main            d.u.i.k.p.i.AbstractProblemLoader Init config took 3.72s 
908705     INFO  main            d.u.i.k.p.i.AbstractProblemLoader Replaying proof Counter[LockSpec::lockRef()].JML accessible clause.0 
908708     DEBUG main            d.u.i.k.p.i.IntermediateProofReplayer Proof replay took 15.3ns 
908911     INFO  main            d.u.i.k.p.r.p.TestFile    ... finished proof: closed. 
909682     INFO  main            d.u.i.k.p.i.AbstractProblemLoader Loading environment from /home/runner/work/key/key/key.core/../key.ui/examples/heap/permissions/lockspec/Counter_lockRef_accessible.key.proof 
909683     DEBUG main            d.u.i.k.p.i.AbstractProblemLoader Environment load took 65.4ns 
909683     INFO  main            d.u.i.k.p.i.AbstractProblemLoader Creating init config 
913286     DEBUG main            d.u.i.k.p.i.AbstractProblemLoader Init config took 3.6s 
913352     INFO  main            d.u.i.k.p.i.AbstractProblemLoader Replaying proof Counter[LockSpec::lockRef()].JML accessible clause.0 
913385     DEBUG main            d.u.i.k.p.i.IntermediateProofReplayer Proof replay took 29.95ms 
913386     DEBUG main            d.u.i.k.p.r.p.TestFile    ... success: reloaded. 
913386     INFO  main            d.u.i.k.p.r.p.TestFile    Now processing file /home/runner/work/key/key/key.core/../key.ui/examples/heap/permissions/lockspec/Counter_lockRef_contract1.key 
913387     INFO  main            d.u.i.k.p.i.AbstractProblemLoader Loading environment from /home/runner/work/key/key/key.core/../key.ui/examples/heap/permissions/lockspec/Counter_lockRef_contract1.key 
913387     DEBUG main            d.u.i.k.p.i.AbstractProblemLoader Environment load took 191.3ns 
913388     INFO  main            d.u.i.k.p.i.AbstractProblemLoader Creating init config 
917004     DEBUG main            d.u.i.k.p.i.AbstractProblemLoader Init config took 3.62s 
917069     INFO  main            d.u.i.k.p.i.AbstractProblemLoader Replaying proof Counter[LockSpec::lockRef()].JML model_behavior operation contract.0 
917071     DEBUG main            d.u.i.k.p.i.IntermediateProofReplayer Proof replay took 3ns 
917174     INFO  main            d.u.i.k.p.r.p.TestFile    ... finished proof: closed. 
917935     INFO  main            d.u.i.k.p.i.AbstractProblemLoader Loading environment from /home/runner/work/key/key/key.core/../key.ui/examples/heap/permissions/lockspec/Counter_lockRef_contract1.key.proof 
917935     DEBUG main            d.u.i.k.p.i.AbstractProblemLoader Environment load took 74.2ns 
917936     INFO  main            d.u.i.k.p.i.AbstractProblemLoader Creating init config 
921518     DEBUG main            d.u.i.k.p.i.AbstractProblemLoader Init config took 3.58s 
921597     INFO  main            d.u.i.k.p.i.AbstractProblemLoader Replaying proof Counter[LockSpec::lockRef()].JML model_behavior operation contract.0 
921602     DEBUG main            d.u.i.k.p.i.IntermediateProofReplayer Proof replay took 3.65ms 
921603     DEBUG main            d.u.i.k.p.r.p.TestFile    ... success: reloaded. 
921604     INFO  main            d.u.i.k.p.r.p.TestFile    Now processing file /home/runner/work/key/key/key.core/../key.ui/examples/heap/permissions/lockspec/Counter_lockRef_contract2.key 
921604     INFO  main            d.u.i.k.p.i.AbstractProblemLoader Loading environment from /home/runner/work/key/key/key.core/../key.ui/examples/heap/permissions/lockspec/Counter_lockRef_contract2.key 
921604     DEBUG main            d.u.i.k.p.i.AbstractProblemLoader Environment load took 156.8ns 
921605     INFO  main            d.u.i.k.p.i.AbstractProblemLoader Creating init config 
925314     DEBUG main            d.u.i.k.p.i.AbstractProblemLoader Init config took 3.71s 
925383     INFO  main            d.u.i.k.p.i.AbstractProblemLoader Replaying proof Counter[Counter::lockRef()].JML model_behavior operation contract.0 
925384     DEBUG main            d.u.i.k.p.i.IntermediateProofReplayer Proof replay took 3.1ns 
925486     INFO  main            d.u.i.k.p.r.p.TestFile    ... finished proof: closed. 
926247     INFO  main            d.u.i.k.p.i.AbstractProblemLoader Loading environment from /home/runner/work/key/key/key.core/../key.ui/examples/heap/permissions/lockspec/Counter_lockRef_contract2.key.proof 
926247     DEBUG main            d.u.i.k.p.i.AbstractProblemLoader Environment load took 71.6ns 
926248     INFO  main            d.u.i.k.p.i.AbstractProblemLoader Creating init config 
929860     DEBUG main            d.u.i.k.p.i.AbstractProblemLoader Init config took 3.61s 
929928     INFO  main            d.u.i.k.p.i.AbstractProblemLoader Replaying proof Counter[Counter::lockRef()].JML model_behavior operation contract.0 
929934     DEBUG main            d.u.i.k.p.i.IntermediateProofReplayer Proof replay took 4.43ms 
929935     DEBUG main            d.u.i.k.p.r.p.TestFile    ... success: reloaded. 
929936     INFO  main            d.u.i.k.p.r.p.TestFile    Now processing file /home/runner/work/key/key/key.core/../key.ui/examples/heap/permissions/lockspec/Counter_lockState_accessible.key 
929936     INFO  main            d.u.i.k.p.i.AbstractProblemLoader Loading environment from /home/runner/work/key/key/key.core/../key.ui/examples/heap/permissions/lockspec/Counter_lockState_accessible.key 
929936     DEBUG main            d.u.i.k.p.i.AbstractProblemLoader Environment load took 177.5ns 
929937     INFO  main            d.u.i.k.p.i.AbstractProblemLoader Creating init config 
933671     DEBUG main            d.u.i.k.p.i.AbstractProblemLoader Init config took 3.73s 
933732     INFO  main            d.u.i.k.p.i.AbstractProblemLoader Replaying proof Counter[LockSpec::lockState(boolean)].JML accessible clause.0 
933733     DEBUG main            d.u.i.k.p.i.IntermediateProofReplayer Proof replay took 3.2ns 
933936     INFO  main            d.u.i.k.p.r.p.TestFile    ... finished proof: closed. 
934704     INFO  main            d.u.i.k.p.i.AbstractProblemLoader Loading environment from /home/runner/work/key/key/key.core/../key.ui/examples/heap/permissions/lockspec/Counter_lockState_accessible.key.proof 
934704     DEBUG main            d.u.i.k.p.i.AbstractProblemLoader Environment load took 62ns 
934705     INFO  main            d.u.i.k.p.i.AbstractProblemLoader Creating init config 
938434     DEBUG main            d.u.i.k.p.i.AbstractProblemLoader Init config took 3.73s 
938499     INFO  main            d.u.i.k.p.i.AbstractProblemLoader Replaying proof Counter[LockSpec::lockState(boolean)].JML accessible clause.0 
938546     DEBUG main            d.u.i.k.p.i.IntermediateProofReplayer Proof replay took 43.49ms 
938547     DEBUG main            d.u.i.k.p.r.p.TestFile    ... success: reloaded. 
938548     INFO  main            d.u.i.k.p.r.p.TestFile    Now processing file /home/runner/work/key/key/key.core/../key.ui/examples/heap/permissions/lockspec/Counter_lockStatus_accessible.key 
938550     INFO  main            d.u.i.k.p.i.AbstractProblemLoader Loading environment from /home/runner/work/key/key/key.core/../key.ui/examples/heap/permissions/lockspec/Counter_lockStatus_accessible.key 
938550     DEBUG main            d.u.i.k.p.i.AbstractProblemLoader Environment load took 186.2ns 
938551     INFO  main            d.u.i.k.p.i.AbstractProblemLoader Creating init config 
942160     DEBUG main            d.u.i.k.p.i.AbstractProblemLoader Init config took 3.61s 
942259     INFO  main            d.u.i.k.p.i.AbstractProblemLoader Replaying proof Counter[LockSpec::lockStatus(boolean)].JML accessible clause.0 
942266     DEBUG main            d.u.i.k.p.i.IntermediateProofReplayer Proof replay took 3.2ns 
942468     INFO  main            d.u.i.k.p.r.p.TestFile    ... finished proof: closed. 
943247     INFO  main            d.u.i.k.p.i.AbstractProblemLoader Loading environment from /home/runner/work/key/key/key.core/../key.ui/examples/heap/permissions/lockspec/Counter_lockStatus_accessible.key.proof 
943248     DEBUG main            d.u.i.k.p.i.AbstractProblemLoader Environment load took 69ns 
943248     INFO  main            d.u.i.k.p.i.AbstractProblemLoader Creating init config 
946815     DEBUG main            d.u.i.k.p.i.AbstractProblemLoader Init config took 3.57s 
946872     INFO  main            d.u.i.k.p.i.AbstractProblemLoader Replaying proof Counter[LockSpec::lockStatus(boolean)].JML accessible clause.0 
946931     DEBUG main            d.u.i.k.p.i.IntermediateProofReplayer Proof replay took 57.41ms 
946942     DEBUG main            d.u.i.k.p.r.p.TestFile    ... success: reloaded. 
946943     INFO  main            d.u.i.k.p.r.p.TestFile    Now processing file /home/runner/work/key/key/key.core/../key.ui/examples/heap/permissions/lockspec/Counter_lockTransfer_accessible.key 
946943     INFO  main            d.u.i.k.p.i.AbstractProblemLoader Loading environment from /home/runner/work/key/key/key.core/../key.ui/examples/heap/permissions/lockspec/Counter_lockTransfer_accessible.key 
946943     DEBUG main            d.u.i.k.p.i.AbstractProblemLoader Environment load took 91.3ns 
946944     INFO  main            d.u.i.k.p.i.AbstractProblemLoader Creating init config 
950740     DEBUG main            d.u.i.k.p.i.AbstractProblemLoader Init config took 3.8s 
950796     INFO  main            d.u.i.k.p.i.AbstractProblemLoader Replaying proof Counter[LockSpec::lockTransfer()].JML accessible clause.0 
950798     DEBUG main            d.u.i.k.p.i.IntermediateProofReplayer Proof replay took 2.6ns 
951201     INFO  main            d.u.i.k.p.r.p.TestFile    ... finished proof: closed. 
952027     INFO  main            d.u.i.k.p.i.AbstractProblemLoader Loading environment from /home/runner/work/key/key/key.core/../key.ui/examples/heap/permissions/lockspec/Counter_lockTransfer_accessible.key.proof 
952027     DEBUG main            d.u.i.k.p.i.AbstractProblemLoader Environment load took 71.5ns 
952028     INFO  main            d.u.i.k.p.i.AbstractProblemLoader Creating init config 
955636     DEBUG main            d.u.i.k.p.i.AbstractProblemLoader Init config took 3.61s 
955708     INFO  main            d.u.i.k.p.i.AbstractProblemLoader Replaying proof Counter[LockSpec::lockTransfer()].JML accessible clause.0 
955766     DEBUG main            d.u.i.k.p.i.IntermediateProofReplayer Proof replay took 54.21ms 
955767     DEBUG main            d.u.i.k.p.r.p.TestFile    ... success: reloaded. 
955768     INFO  main            d.u.i.k.p.r.p.TestFile    Now processing file /home/runner/work/key/key/key.core/../key.ui/examples/heap/permissions/lockspec/Counter_unlockTransfer_accessible.key 
955768     INFO  main            d.u.i.k.p.i.AbstractProblemLoader Loading environment from /home/runner/work/key/key/key.core/../key.ui/examples/heap/permissions/lockspec/Counter_unlockTransfer_accessible.key 
955769     DEBUG main            d.u.i.k.p.i.AbstractProblemLoader Environment load took 216ns 
955770     INFO  main            d.u.i.k.p.i.AbstractProblemLoader Creating init config 
959495     DEBUG main            d.u.i.k.p.i.AbstractProblemLoader Init config took 3.73s 
959554     INFO  main            d.u.i.k.p.i.AbstractProblemLoader Replaying proof Counter[LockSpec::unlockTransfer()].JML accessible clause.0 
959556     DEBUG main            d.u.i.k.p.i.IntermediateProofReplayer Proof replay took 2.9ns 
959958     INFO  main            d.u.i.k.p.r.p.TestFile    ... finished proof: closed. 
960790     INFO  main            d.u.i.k.p.i.AbstractProblemLoader Loading environment from /home/runner/work/key/key/key.core/../key.ui/examples/heap/permissions/lockspec/Counter_unlockTransfer_accessible.key.proof 
960790     DEBUG main            d.u.i.k.p.i.AbstractProblemLoader Environment load took 66.2ns 
960791     INFO  main            d.u.i.k.p.i.AbstractProblemLoader Creating init config 
964478     DEBUG main            d.u.i.k.p.i.AbstractProblemLoader Init config took 3.69s 
964536     INFO  main            d.u.i.k.p.i.AbstractProblemLoader Replaying proof Counter[LockSpec::unlockTransfer()].JML accessible clause.0 
964591     DEBUG main            d.u.i.k.p.i.IntermediateProofReplayer Proof replay took 52.13ms 
964593     DEBUG main            d.u.i.k.p.r.p.TestFile    ... success: reloaded. 
964593     INFO  main            d.u.i.k.p.r.p.TestFile    Now processing file /home/runner/work/key/key/key.core/../key.ui/examples/heap/permissions/threads/Plotter_startTransfer_contract.proof 
964594     INFO  main            d.u.i.k.p.i.AbstractProblemLoader Loading environment from /home/runner/work/key/key/key.core/../key.ui/examples/heap/permissions/threads/Plotter_startTransfer_contract.proof 
964594     DEBUG main            d.u.i.k.p.i.AbstractProblemLoader Environment load took 152.9ns 
964595     INFO  main            d.u.i.k.p.i.AbstractProblemLoader Creating init config 
970036     DEBUG main            d.u.i.k.p.i.AbstractProblemLoader Init config took 5.44s 
970137     INFO  main            d.u.i.k.p.i.AbstractProblemLoader Replaying proof Plotter[ThreadSpec2::startTransfer()].JML model_behavior operation contract.0 
970231     DEBUG main            d.u.i.k.p.i.IntermediateProofReplayer Proof replay took 87.83ms 
970232     INFO  main            d.u.i.k.p.r.p.TestFile    ... success: loaded 
970233     INFO  main            d.u.i.k.p.r.p.TestFile    Now processing file /home/runner/work/key/key/key.core/../key.ui/examples/heap/permissions/threads/Plotter_startTransfer_accessible.proof 
970233     INFO  main            d.u.i.k.p.i.AbstractProblemLoader Loading environment from /home/runner/work/key/key/key.core/../key.ui/examples/heap/permissions/threads/Plotter_startTransfer_accessible.proof 
970234     DEBUG main            d.u.i.k.p.i.AbstractProblemLoader Environment load took 120.7ns 
970234     INFO  main            d.u.i.k.p.i.AbstractProblemLoader Creating init config 
975736     DEBUG main            d.u.i.k.p.i.AbstractProblemLoader Init config took 5.5s 
975842     INFO  main            d.u.i.k.p.i.AbstractProblemLoader Replaying proof Plotter[ThreadSpec2::startTransfer()].JML accessible clause.0 
975934     DEBUG main            d.u.i.k.p.i.IntermediateProofReplayer Proof replay took 87.29ms 
975935     INFO  main            d.u.i.k.p.r.p.TestFile    ... success: loaded 
975936     INFO  main            d.u.i.k.p.r.p.TestFile    Now processing file /home/runner/work/key/key/key.core/../key.ui/examples/heap/permissions/threads/Plotter_joinTransfer_accessible.proof 
975936     INFO  main            d.u.i.k.p.i.AbstractProblemLoader Loading environment from /home/runner/work/key/key/key.core/../key.ui/examples/heap/permissions/threads/Plotter_joinTransfer_accessible.proof 
975936     DEBUG main            d.u.i.k.p.i.AbstractProblemLoader Environment load took 89.5ns 
975937     INFO  main            d.u.i.k.p.i.AbstractProblemLoader Creating init config 
981447     DEBUG main            d.u.i.k.p.i.AbstractProblemLoader Init config took 5.51s 
981546     INFO  main            d.u.i.k.p.i.AbstractProblemLoader Replaying proof Plotter[ThreadSpec2::joinTransfer()].JML accessible clause.0 
981554     WARN  main            d.u.i.k.p.i.IntermediateProofReplayer Proof contains wrong number of \assumes instatiations for Definition_axiom_for_stateInv_in_Plotter 
981556     WARN  main            d.u.i.k.p.i.IntermediateProofReplayer Proof contains wrong number of \assumes instatiations for Definition_axiom_for_stateInv_in_Plotter 
981558     WARN  main            d.u.i.k.p.i.IntermediateProofReplayer Proof contains wrong number of \assumes instatiations for Definition_axiom_for_workingPermissions_in_Plotter 
981559     WARN  main            d.u.i.k.p.i.IntermediateProofReplayer Proof contains wrong number of \assumes instatiations for Definition_axiom_for_staticPermissions_in_Plotter 
981559     WARN  main            d.u.i.k.p.i.IntermediateProofReplayer Proof contains wrong number of \assumes instatiations for Definition_axiom_for_joinTransfer_in_Plotter 
981560     WARN  main            d.u.i.k.p.i.IntermediateProofReplayer Proof contains wrong number of \assumes instatiations for Definition_axiom_for_stateInv_in_BFilter 
981562     WARN  main            d.u.i.k.p.i.IntermediateProofReplayer Proof contains wrong number of \assumes instatiations for Definition_axiom_for_stateInv_in_AFilter 
981564     WARN  main            d.u.i.k.p.i.IntermediateProofReplayer Proof contains wrong number of \assumes instatiations for Definition_axiom_for_stateInv_in_BFilter 
981566     WARN  main            d.u.i.k.p.i.IntermediateProofReplayer Proof contains wrong number of \assumes instatiations for Definition_axiom_for_stateInv_in_AFilter 
981567     WARN  main            d.u.i.k.p.i.IntermediateProofReplayer Proof contains wrong number of \assumes instatiations for Definition_axiom_for_staticPermissions_in_AFilter 
981568     WARN  main            d.u.i.k.p.i.IntermediateProofReplayer Proof contains wrong number of \assumes instatiations for Definition_axiom_for_staticPermissions_in_Plotter 
981568     WARN  main            d.u.i.k.p.i.IntermediateProofReplayer Proof contains wrong number of \assumes instatiations for Definition_axiom_for_staticPermissions_in_BFilter 
981569     WARN  main            d.u.i.k.p.i.IntermediateProofReplayer Proof contains wrong number of \assumes instatiations for Definition_axiom_for_workingPermissions_in_Plotter 
981573     WARN  main            d.u.i.k.p.i.IntermediateProofReplayer Proof contains wrong number of \assumes instatiations for Definition_axiom_for_stateInv_in_Sampler 
981574     WARN  main            d.u.i.k.p.i.IntermediateProofReplayer Proof contains wrong number of \assumes instatiations for Definition_axiom_for_stateInv_in_Sampler 
981575     WARN  main            d.u.i.k.p.i.IntermediateProofReplayer Proof contains wrong number of \assumes instatiations for Definition_axiom_for_staticPermissions_in_Sampler 
981575     WARN  main            d.u.i.k.p.i.IntermediateProofReplayer Proof contains wrong number of \assumes instatiations for Definition_axiom_for_staticPermissions_in_BFilter 
981576     WARN  main            d.u.i.k.p.i.IntermediateProofReplayer Proof contains wrong number of \assumes instatiations for Definition_axiom_for_staticPermissions_in_AFilter 
981577     WARN  main            d.u.i.k.p.i.IntermediateProofReplayer Proof contains wrong number of \assumes instatiations for Definition_axiom_for_staticPermissions_in_Sampler 
981577     WARN  main            d.u.i.k.p.i.IntermediateProofReplayer Proof contains wrong number of \assumes instatiations for Definition_axiom_for_staticPermissions_in_Sampler 
981578     WARN  main            d.u.i.k.p.i.IntermediateProofReplayer Proof contains wrong number of \assumes instatiations for Definition_axiom_for_staticPermissions_in_Sampler 
981578     WARN  main            d.u.i.k.p.i.IntermediateProofReplayer Proof contains wrong number of \assumes instatiations for Definition_axiom_for_joinTransfer_in_Plotter 
981664     DEBUG main            d.u.i.k.p.i.IntermediateProofReplayer Proof replay took 113.37ms 
981665     INFO  main            d.u.i.k.p.r.p.TestFile    ... success: loaded 
5908650    INFO  Test worker     d.u.i.k.p.r.RunAllProofsTestUnit Returning from test permissionHeap 
5908651    INFO  Test worker     d.u.i.k.p.r.RunAllProofsTestUnit Running test completionScopes 
459        INFO  Timeout watchdog d.u.i.k.p.r.p.ForkedTestFileRunner Timeout watcher launched (2000 secs.) 
475        WARN  main            d.u.i.k.s.ProofSettings   The settings in /home/runner/.key/proof-settings.props are *not* read. 
544        INFO  main            d.u.i.k.p.r.p.TestFile    Now processing file /home/runner/work/key/key/key.core/../key.ui/examples/completionscopes/testCcatchReturnVal.key 
704        INFO  main            d.u.i.k.p.i.AbstractProblemLoader Loading environment from /home/runner/work/key/key/key.core/../key.ui/examples/completionscopes/testCcatchReturnVal.key 
726        DEBUG main            d.u.i.k.p.i.AbstractProblemLoader Environment load took 2.44ms 
1032       INFO  main            d.u.i.k.p.i.AbstractProblemLoader Creating init config 
2334       DEBUG main            d.u.i.k.j.TypeConverter   No LDT found for Meta 
2334       DEBUG main            d.u.i.k.j.TypeConverter   No LDT found for Meta 
2339       DEBUG main            d.u.i.k.j.TypeConverter   No LDT found for Meta 
2339       DEBUG main            d.u.i.k.j.TypeConverter   No LDT found for Meta 
4330       DEBUG main            d.u.i.k.j.TypeConverter   No LDT found for JavaBigintExpression 
10617      DEBUG main            d.u.i.k.p.i.AbstractProblemLoader Init config took 9.58s 
10806      INFO  main            d.u.i.k.p.i.AbstractProblemLoader Replaying proof CompletionScopes[CompletionScopes::testCcatchReturnVal()].JML normal_behavior operation contract.0 
10855      DEBUG main            d.u.i.k.p.i.IntermediateProofReplayer Proof replay took 35.1ns 
11504      INFO  main            d.u.i.k.p.r.p.TestFile    ... finished proof: closed. 
11640      INFO  main            d.u.i.k.p.i.AbstractProblemLoader Loading environment from /home/runner/work/key/key/key.core/../key.ui/examples/completionscopes/testCcatchReturnVal.key.proof 
11641      DEBUG main            d.u.i.k.p.i.AbstractProblemLoader Environment load took 1.22ms 
11645      INFO  main            d.u.i.k.p.i.AbstractProblemLoader Creating init config 
15028      DEBUG main            d.u.i.k.p.i.AbstractProblemLoader Init config took 3.38s 
15110      INFO  main            d.u.i.k.p.i.AbstractProblemLoader Replaying proof CompletionScopes[CompletionScopes::testCcatchReturnVal()].JML normal_behavior operation contract.0 
15147      DEBUG main            d.u.i.k.p.i.IntermediateProofReplayer Proof replay took 32.39ms 
15161      DEBUG main            d.u.i.k.p.r.p.TestFile    ... success: reloaded. 
15162      INFO  main            d.u.i.k.p.r.p.TestFile    Now processing file /home/runner/work/key/key/key.core/../key.ui/examples/completionscopes/testMultCcatchClauses.key 
15163      INFO  main            d.u.i.k.p.i.AbstractProblemLoader Loading environment from /home/runner/work/key/key/key.core/../key.ui/examples/completionscopes/testMultCcatchClauses.key 
15163      DEBUG main            d.u.i.k.p.i.AbstractProblemLoader Environment load took 238.4ns 
15165      INFO  main            d.u.i.k.p.i.AbstractProblemLoader Creating init config 
18436      DEBUG main            d.u.i.k.p.i.AbstractProblemLoader Init config took 3.27s 
18507      INFO  main            d.u.i.k.p.i.AbstractProblemLoader Replaying proof CompletionScopes[CompletionScopes::testMultCcatchClauses()].JML normal_behavior operation contract.0 
18510      DEBUG main            d.u.i.k.p.i.IntermediateProofReplayer Proof replay took 6.9ns 
18918      INFO  main            d.u.i.k.p.r.p.TestFile    ... finished proof: closed. 
19072      INFO  main            d.u.i.k.p.i.AbstractProblemLoader Loading environment from /home/runner/work/key/key/key.core/../key.ui/examples/completionscopes/testMultCcatchClauses.key.proof 
19073      DEBUG main            d.u.i.k.p.i.AbstractProblemLoader Environment load took 400.7ns 
19077      INFO  main            d.u.i.k.p.i.AbstractProblemLoader Creating init config 
22174      DEBUG main            d.u.i.k.p.i.AbstractProblemLoader Init config took 3.1s 
22233      INFO  main            d.u.i.k.p.i.AbstractProblemLoader Replaying proof CompletionScopes[CompletionScopes::testMultCcatchClauses()].JML normal_behavior operation contract.0 
22378      DEBUG main            d.u.i.k.p.i.IntermediateProofReplayer Proof replay took 141.34ms 
22380      DEBUG main            d.u.i.k.p.r.p.TestFile    ... success: reloaded. 
22382      INFO  main            d.u.i.k.p.r.p.TestFile    Now processing file /home/runner/work/key/key/key.core/../key.ui/examples/completionscopes/testNestedExec.key 
22383      INFO  main            d.u.i.k.p.i.AbstractProblemLoader Loading environment from /home/runner/work/key/key/key.core/../key.ui/examples/completionscopes/testNestedExec.key 
22383      DEBUG main            d.u.i.k.p.i.AbstractProblemLoader Environment load took 197.8ns 
22385      INFO  main            d.u.i.k.p.i.AbstractProblemLoader Creating init config 
25448      DEBUG main            d.u.i.k.p.i.AbstractProblemLoader Init config took 3.06s 
25510      INFO  main            d.u.i.k.p.i.AbstractProblemLoader Replaying proof CompletionScopes[CompletionScopes::testMultCcatchClauses()].JML normal_behavior operation contract.0 
25513      DEBUG main            d.u.i.k.p.i.IntermediateProofReplayer Proof replay took 6.6ns 
25917      INFO  main            d.u.i.k.p.r.p.TestFile    ... finished proof: closed. 
26101      INFO  main            d.u.i.k.p.i.AbstractProblemLoader Loading environment from /home/runner/work/key/key/key.core/../key.ui/examples/completionscopes/testNestedExec.key.proof 
26101      DEBUG main            d.u.i.k.p.i.AbstractProblemLoader Environment load took 551.4ns 
26103      INFO  main            d.u.i.k.p.i.AbstractProblemLoader Creating init config 
29071      DEBUG main            d.u.i.k.p.i.AbstractProblemLoader Init config took 2.97s 
29132      INFO  main            d.u.i.k.p.i.AbstractProblemLoader Replaying proof CompletionScopes[CompletionScopes::testMultCcatchClauses()].JML normal_behavior operation contract.0 
29234      DEBUG main            d.u.i.k.p.i.IntermediateProofReplayer Proof replay took 94.15ms 
29235      DEBUG main            d.u.i.k.p.r.p.TestFile    ... success: reloaded. 
29237      INFO  main            d.u.i.k.p.r.p.TestFile    Now processing file /home/runner/work/key/key/key.core/../key.ui/examples/completionscopes/testCcatchBreakLabel.key 
29237      INFO  main            d.u.i.k.p.i.AbstractProblemLoader Loading environment from /home/runner/work/key/key/key.core/../key.ui/examples/completionscopes/testCcatchBreakLabel.key 
29238      DEBUG main            d.u.i.k.p.i.AbstractProblemLoader Environment load took 217.9ns 
29239      INFO  main            d.u.i.k.p.i.AbstractProblemLoader Creating init config 
32397      DEBUG main            d.u.i.k.p.i.AbstractProblemLoader Init config took 3.16s 
32449      INFO  main            d.u.i.k.p.i.AbstractProblemLoader Replaying proof CompletionScopes[CompletionScopes::testBreakLabel()].JML normal_behavior operation contract.0 
32452      DEBUG main            d.u.i.k.p.i.IntermediateProofReplayer Proof replay took 19.2ns 
32470      DEBUG Thread-10       d.u.i.k.l.o.ProgramSV     Match failed: Former match of  SchemaVariable incompatible with  the current match. 
32554      INFO  main            d.u.i.k.p.r.p.TestFile    ... finished proof: closed. 
32739      INFO  main            d.u.i.k.p.i.AbstractProblemLoader Loading environment from /home/runner/work/key/key/key.core/../key.ui/examples/completionscopes/testCcatchBreakLabel.key.proof 
32739      DEBUG main            d.u.i.k.p.i.AbstractProblemLoader Environment load took 145.5ns 
32740      INFO  main            d.u.i.k.p.i.AbstractProblemLoader Creating init config 
35735      DEBUG main            d.u.i.k.p.i.AbstractProblemLoader Init config took 2.99s 
35788      INFO  main            d.u.i.k.p.i.AbstractProblemLoader Replaying proof CompletionScopes[CompletionScopes::testBreakLabel()].JML normal_behavior operation contract.0 
35800      DEBUG main            d.u.i.k.p.i.IntermediateProofReplayer Proof replay took 9.09ms 
35801      DEBUG main            d.u.i.k.p.r.p.TestFile    ... success: reloaded. 
35803      INFO  main            d.u.i.k.p.r.p.TestFile    Now processing file /home/runner/work/key/key/key.core/../key.ui/examples/completionscopes/testCcatchContinueLabel.key 
35803      INFO  main            d.u.i.k.p.i.AbstractProblemLoader Loading environment from /home/runner/work/key/key/key.core/../key.ui/examples/completionscopes/testCcatchContinueLabel.key 
35803      DEBUG main            d.u.i.k.p.i.AbstractProblemLoader Environment load took 237.9ns 
35805      INFO  main            d.u.i.k.p.i.AbstractProblemLoader Creating init config 
38882      DEBUG main            d.u.i.k.p.i.AbstractProblemLoader Init config took 3.08s 
38939      INFO  main            d.u.i.k.p.i.AbstractProblemLoader Replaying proof CompletionScopes[CompletionScopes::testContinueLabel()].JML normal_behavior operation contract.0 
38941      DEBUG main            d.u.i.k.p.i.IntermediateProofReplayer Proof replay took 6.4ns 
38963      DEBUG Thread-13       d.u.i.k.l.o.ProgramSV     Match failed: Former match of  SchemaVariable incompatible with  the current match. 
39043      INFO  main            d.u.i.k.p.r.p.TestFile    ... finished proof: closed. 
39232      INFO  main            d.u.i.k.p.i.AbstractProblemLoader Loading environment from /home/runner/work/key/key/key.core/../key.ui/examples/completionscopes/testCcatchContinueLabel.key.proof 
39232      DEBUG main            d.u.i.k.p.i.AbstractProblemLoader Environment load took 133.3ns 
39233      INFO  main            d.u.i.k.p.i.AbstractProblemLoader Creating init config 
42154      DEBUG main            d.u.i.k.p.i.AbstractProblemLoader Init config took 2.92s 
42204      INFO  main            d.u.i.k.p.i.AbstractProblemLoader Replaying proof CompletionScopes[CompletionScopes::testContinueLabel()].JML normal_behavior operation contract.0 
42215      DEBUG main            d.u.i.k.p.i.IntermediateProofReplayer Proof replay took 8.72ms 
42216      DEBUG main            d.u.i.k.p.r.p.TestFile    ... success: reloaded. 
42217      INFO  main            d.u.i.k.p.r.p.TestFile    Now processing file /home/runner/work/key/key/key.core/../key.ui/examples/completionscopes/testCcatchBreakLabelWildcard.key 
42217      INFO  main            d.u.i.k.p.i.AbstractProblemLoader Loading environment from /home/runner/work/key/key/key.core/../key.ui/examples/completionscopes/testCcatchBreakLabelWildcard.key 
42217      DEBUG main            d.u.i.k.p.i.AbstractProblemLoader Environment load took 100ns 
42219      INFO  main            d.u.i.k.p.i.AbstractProblemLoader Creating init config 
45145      DEBUG main            d.u.i.k.p.i.AbstractProblemLoader Init config took 2.93s 
45232      INFO  main            d.u.i.k.p.i.AbstractProblemLoader Replaying proof CompletionScopes[CompletionScopes::testBreakLabelWildcard()].JML normal_behavior operation contract.0 
45235      DEBUG main            d.u.i.k.p.i.IntermediateProofReplayer Proof replay took 7ns 
45268      DEBUG Thread-16       d.u.i.k.l.o.ProgramSV     Match failed: Former match of  SchemaVariable incompatible with  the current match. 
45270      DEBUG Thread-16       d.u.i.k.l.o.ProgramSV     Match failed: Former match of  SchemaVariable incompatible with  the current match. 
45348      INFO  main            d.u.i.k.p.r.p.TestFile    ... finished proof: closed. 
45536      INFO  main            d.u.i.k.p.i.AbstractProblemLoader Loading environment from /home/runner/work/key/key/key.core/../key.ui/examples/completionscopes/testCcatchBreakLabelWildcard.key.proof 
45536      DEBUG main            d.u.i.k.p.i.AbstractProblemLoader Environment load took 143.8ns 
45537      INFO  main            d.u.i.k.p.i.AbstractProblemLoader Creating init config 
48395      DEBUG main            d.u.i.k.p.i.AbstractProblemLoader Init config took 2.86s 
48442      INFO  main            d.u.i.k.p.i.AbstractProblemLoader Replaying proof CompletionScopes[CompletionScopes::testBreakLabelWildcard()].JML normal_behavior operation contract.0 
48451      DEBUG main            d.u.i.k.p.i.IntermediateProofReplayer Proof replay took 7.41ms 
48452      DEBUG main            d.u.i.k.p.r.p.TestFile    ... success: reloaded. 
48453      INFO  main            d.u.i.k.p.r.p.TestFile    Now processing file /home/runner/work/key/key/key.core/../key.ui/examples/completionscopes/testCcatchContinueLabelWildcard.key 
48453      INFO  main            d.u.i.k.p.i.AbstractProblemLoader Loading environment from /home/runner/work/key/key/key.core/../key.ui/examples/completionscopes/testCcatchContinueLabelWildcard.key 
48453      DEBUG main            d.u.i.k.p.i.AbstractProblemLoader Environment load took 120.1ns 
48455      INFO  main            d.u.i.k.p.i.AbstractProblemLoader Creating init config 
51354      DEBUG main            d.u.i.k.p.i.AbstractProblemLoader Init config took 2.9s 
51413      INFO  main            d.u.i.k.p.i.AbstractProblemLoader Replaying proof CompletionScopes[CompletionScopes::testContinueLabelWildcard()].JML normal_behavior operation contract.0 
51414      DEBUG main            d.u.i.k.p.i.IntermediateProofReplayer Proof replay took 6.4ns 
51434      DEBUG Thread-19       d.u.i.k.l.o.ProgramSV     Match failed: Former match of  SchemaVariable incompatible with  the current match. 
51435      DEBUG Thread-19       d.u.i.k.l.o.ProgramSV     Match failed: Former match of  SchemaVariable incompatible with  the current match. 
51516      INFO  main            d.u.i.k.p.r.p.TestFile    ... finished proof: closed. 
51693      INFO  main            d.u.i.k.p.i.AbstractProblemLoader Loading environment from /home/runner/work/key/key/key.core/../key.ui/examples/completionscopes/testCcatchContinueLabelWildcard.key.proof 
51693      DEBUG main            d.u.i.k.p.i.AbstractProblemLoader Environment load took 137.1ns 
51695      INFO  main            d.u.i.k.p.i.AbstractProblemLoader Creating init config 
54560      DEBUG main            d.u.i.k.p.i.AbstractProblemLoader Init config took 2.86s 
54605      INFO  main            d.u.i.k.p.i.AbstractProblemLoader Replaying proof CompletionScopes[CompletionScopes::testContinueLabelWildcard()].JML normal_behavior operation contract.0 
54615      DEBUG main            d.u.i.k.p.i.IntermediateProofReplayer Proof replay took 7.7ms 
54616      DEBUG main            d.u.i.k.p.r.p.TestFile    ... success: reloaded. 
54618      INFO  main            d.u.i.k.p.r.p.TestFile    Now processing file /home/runner/work/key/key/key.core/../key.ui/examples/completionscopes/testCcatchBreakLabelNonmatchingNested.key 
54618      INFO  main            d.u.i.k.p.i.AbstractProblemLoader Loading environment from /home/runner/work/key/key/key.core/../key.ui/examples/completionscopes/testCcatchBreakLabelNonmatchingNested.key 
54618      DEBUG main            d.u.i.k.p.i.AbstractProblemLoader Environment load took 238ns 
54620      INFO  main            d.u.i.k.p.i.AbstractProblemLoader Creating init config 
57555      DEBUG main            d.u.i.k.p.i.AbstractProblemLoader Init config took 2.94s 
57615      INFO  main            d.u.i.k.p.i.AbstractProblemLoader Replaying proof CompletionScopes[CompletionScopes::testBreakLabelNonmatchingNested()].JML normal_behavior operation contract.0 
57617      DEBUG main            d.u.i.k.p.i.IntermediateProofReplayer Proof replay took 6.4ns 
57633      DEBUG Thread-22       d.u.i.k.l.o.ProgramSV     Match failed: Former match of  SchemaVariable incompatible with  the current match. 
57634      DEBUG Thread-22       d.u.i.k.l.o.ProgramSV     Match failed: Former match of  SchemaVariable incompatible with  the current match. 
57719      INFO  main            d.u.i.k.p.r.p.TestFile    ... finished proof: closed. 
57902      INFO  main            d.u.i.k.p.i.AbstractProblemLoader Loading environment from /home/runner/work/key/key/key.core/../key.ui/examples/completionscopes/testCcatchBreakLabelNonmatchingNested.key.proof 
57903      DEBUG main            d.u.i.k.p.i.AbstractProblemLoader Environment load took 183.2ns 
57904      INFO  main            d.u.i.k.p.i.AbstractProblemLoader Creating init config 
60721      DEBUG main            d.u.i.k.p.i.AbstractProblemLoader Init config took 2.82s 
60774      INFO  main            d.u.i.k.p.i.AbstractProblemLoader Replaying proof CompletionScopes[CompletionScopes::testBreakLabelNonmatchingNested()].JML normal_behavior operation contract.0 
60790      DEBUG main            d.u.i.k.p.i.IntermediateProofReplayer Proof replay took 10.9ms 
60791      DEBUG main            d.u.i.k.p.r.p.TestFile    ... success: reloaded. 
5969666    INFO  Test worker     d.u.i.k.p.r.RunAllProofsTestUnit Returning from test completionScopes 
5969667    INFO  Test worker     d.u.i.k.p.r.RunAllProofsTestUnit Running test reload_examples 
357        INFO  Timeout watchdog d.u.i.k.p.r.p.ForkedTestFileRunner Timeout watcher launched (2000 secs.) 
369        WARN  main            d.u.i.k.s.ProofSettings   The settings in /home/runner/.key/proof-settings.props are *not* read. 
399        INFO  main            d.u.i.k.p.r.p.TestFile    Now processing file /home/runner/work/key/key/key.core/../key.ui/examples/firstTouch/05-ReverseArray/reverseArray.key 
533        INFO  main            d.u.i.k.p.i.AbstractProblemLoader Loading environment from /home/runner/work/key/key/key.core/../key.ui/examples/firstTouch/05-ReverseArray/reverseArray.key 
554        DEBUG main            d.u.i.k.p.i.AbstractProblemLoader Environment load took 2.27ms 
863        INFO  main            d.u.i.k.p.i.AbstractProblemLoader Creating init config 
2164       DEBUG main            d.u.i.k.j.TypeConverter   No LDT found for Meta 
2165       DEBUG main            d.u.i.k.j.TypeConverter   No LDT found for Meta 
2166       DEBUG main            d.u.i.k.j.TypeConverter   No LDT found for Meta 
2166       DEBUG main            d.u.i.k.j.TypeConverter   No LDT found for Meta 
3945       DEBUG main            d.u.i.k.j.TypeConverter   No LDT found for JavaBigintExpression 
10198      DEBUG main            d.u.i.k.p.i.AbstractProblemLoader Init config took 9.33s 
10332      INFO  main            d.u.i.k.p.i.AbstractProblemLoader Replaying proof ReverseArray[ReverseArray::reverse()].JML normal_behavior operation contract.0 
10438      DEBUG main            d.u.i.k.p.i.IntermediateProofReplayer Proof replay took 41.2ns 
22936      INFO  main            d.u.i.k.p.r.p.TestFile    ... finished proof: closed. 
23154      INFO  main            d.u.i.k.p.i.AbstractProblemLoader Loading environment from /home/runner/work/key/key/key.core/../key.ui/examples/firstTouch/05-ReverseArray/reverseArray.key.proof 
23155      DEBUG main            d.u.i.k.p.i.AbstractProblemLoader Environment load took 208.7ns 
23159      INFO  main            d.u.i.k.p.i.AbstractProblemLoader Creating init config 
26653      DEBUG main            d.u.i.k.p.i.AbstractProblemLoader Init config took 3.49s 
26727      INFO  main            d.u.i.k.p.i.AbstractProblemLoader Replaying proof ReverseArray[ReverseArray::reverse()].JML normal_behavior operation contract.0 
27455      DEBUG main            d.u.i.k.p.i.IntermediateProofReplayer Proof replay took 617.34ms 
27468      DEBUG main            d.u.i.k.p.r.p.TestFile    ... success: reloaded. 
27469      INFO  main            d.u.i.k.p.r.p.TestFile    Now processing file /home/runner/work/key/key/key.core/../key.ui/examples/standard_key/arith/saveProofTest.key.proof 
27470      INFO  main            d.u.i.k.p.i.AbstractProblemLoader Loading environment from /home/runner/work/key/key/key.core/../key.ui/examples/standard_key/arith/saveProofTest.key.proof 
27470      DEBUG main            d.u.i.k.p.i.AbstractProblemLoader Environment load took 220ns 
27477      INFO  main            d.u.i.k.p.i.AbstractProblemLoader Creating init config 
30634      DEBUG main            d.u.i.k.p.i.AbstractProblemLoader Init config took 3.16s 
30664      INFO  main            d.u.i.k.p.i.AbstractProblemLoader Replaying proof saveProofTest.key.proof 
30672      DEBUG main            d.u.i.k.p.i.IntermediateProofReplayer Proof replay took 4.16ms 
30673      INFO  main            d.u.i.k.p.r.p.TestFile    ... success: loaded 
30675      INFO  main            d.u.i.k.p.r.p.TestFile    Now processing file /home/runner/work/key/key/key.core/../key.ui/examples/heap/permutedSum/perm.proof 
30675      INFO  main            d.u.i.k.p.i.AbstractProblemLoader Loading environment from /home/runner/work/key/key/key.core/../key.ui/examples/heap/permutedSum/perm.proof 
30675      DEBUG main            d.u.i.k.p.i.AbstractProblemLoader Environment load took 225.9ns 
30678      INFO  main            d.u.i.k.p.i.AbstractProblemLoader Creating init config 
33980      DEBUG main            d.u.i.k.p.i.AbstractProblemLoader Init config took 3.3s 
34083      INFO  main            d.u.i.k.p.i.AbstractProblemLoader Replaying proof Perm[Perm::foo()].JML normal_behavior operation contract.0 
35235      DEBUG main            d.u.i.k.p.i.IntermediateProofReplayer Proof replay took 1.09s 
35238      INFO  main            d.u.i.k.p.r.p.TestFile    ... success: loaded 
35239      INFO  main            d.u.i.k.p.r.p.TestFile    Now processing file /home/runner/work/key/key/key.core/../key.ui/examples/firstTouch/05-ReverseArray/reverseArray.proof 
35240      INFO  main            d.u.i.k.p.i.AbstractProblemLoader Loading environment from /home/runner/work/key/key/key.core/../key.ui/examples/firstTouch/05-ReverseArray/reverseArray.proof 
35240      DEBUG main            d.u.i.k.p.i.AbstractProblemLoader Environment load took 213.3ns 
35242      INFO  main            d.u.i.k.p.i.AbstractProblemLoader Creating init config 
38396      DEBUG main            d.u.i.k.p.i.AbstractProblemLoader Init config took 3.15s 
38445      INFO  main            d.u.i.k.p.i.AbstractProblemLoader Replaying proof ReverseArray[ReverseArray::reverse()].JML normal_behavior operation contract.0 
39084      DEBUG main            d.u.i.k.p.i.IntermediateProofReplayer Proof replay took 593.89ms 
39088      INFO  main            d.u.i.k.p.r.p.TestFile    ... success: loaded 
39090      INFO  main            d.u.i.k.p.r.p.TestFile    Now processing file /home/runner/work/key/key/key.core/../key.ui/examples/heap/verifyThis15_1_RelaxedPrefix/relax.proof 
39090      INFO  main            d.u.i.k.p.i.AbstractProblemLoader Loading environment from /home/runner/work/key/key/key.core/../key.ui/examples/heap/verifyThis15_1_RelaxedPrefix/relax.proof 
39090      DEBUG main            d.u.i.k.p.i.AbstractProblemLoader Environment load took 212ns 
39092      INFO  main            d.u.i.k.p.i.AbstractProblemLoader Creating init config 
42292      DEBUG main            d.u.i.k.p.i.AbstractProblemLoader Init config took 3.2s 
42343      INFO  main            d.u.i.k.p.i.AbstractProblemLoader Replaying proof Relaxed[Relaxed::isRelaxedPrefix([I,[I)].JML operation contract.0 
42864      DEBUG main            d.u.i.k.p.i.IntermediateProofReplayer Proof replay took 503.07ms 
42866      INFO  main            d.u.i.k.p.r.p.TestFile    ... success: loaded 
42868      INFO  main            d.u.i.k.p.r.p.TestFile    Now processing file /home/runner/work/key/key/key.core/../key.ui/examples/heap/verifyThis15_3_DLL/doUndo.proof 
42869      INFO  main            d.u.i.k.p.i.AbstractProblemLoader Loading environment from /home/runner/work/key/key/key.core/../key.ui/examples/heap/verifyThis15_3_DLL/doUndo.proof 
42869      DEBUG main            d.u.i.k.p.i.AbstractProblemLoader Environment load took 212.2ns 
42873      INFO  main            d.u.i.k.p.i.AbstractProblemLoader Creating init config 
43991      DEBUG main            d.u.i.k.j.r.ClassPreparationMethodBuilder clPrepBuilder: Inner Class detected. Reject building class initialisation methods. 
46286      DEBUG main            d.u.i.k.p.i.AbstractProblemLoader Init config took 3.41s 
46370      INFO  main            d.u.i.k.p.i.AbstractProblemLoader Replaying proof DoubleLinkedList[DoubleLinkedList::doUndo(DoubleLinkedList.Node,int)].JML normal_behavior operation contract.0 
47038      DEBUG main            d.u.i.k.p.i.IntermediateProofReplayer Proof replay took 635.55ms 
47040      INFO  main            d.u.i.k.p.r.p.TestFile    ... success: loaded 
47041      INFO  main            d.u.i.k.p.r.p.TestFile    Now processing file /home/runner/work/key/key/key.core/../key.ui/examples/heap/verifyThis15_2_ParallelGcd/parallelGcd.proof 
47042      INFO  main            d.u.i.k.p.i.AbstractProblemLoader Loading environment from /home/runner/work/key/key/key.core/../key.ui/examples/heap/verifyThis15_2_ParallelGcd/parallelGcd.proof 
47042      DEBUG main            d.u.i.k.p.i.AbstractProblemLoader Environment load took 153.7ns 
47044      INFO  main            d.u.i.k.p.i.AbstractProblemLoader Creating init config 
50340      DEBUG main            d.u.i.k.p.i.AbstractProblemLoader Init config took 3.3s 
50396      INFO  main            d.u.i.k.p.i.AbstractProblemLoader Replaying proof ParallelGcd[ParallelGcd::parallelGcd(int,int,[Z)].JML behavior operation contract.0 
51034      DEBUG main            d.u.i.k.p.i.IntermediateProofReplayer Proof replay took 621.34ms 
51035      INFO  main            d.u.i.k.p.r.p.TestFile    ... success: loaded 
6020910    INFO  Test worker     d.u.i.k.p.r.RunAllProofsTestUnit Returning from test reload_examples 
6020911    INFO  Test worker     d.u.i.k.p.r.RunAllProofsTestUnit Running test proofLoadRepair 
402        INFO  Timeout watchdog d.u.i.k.p.r.p.ForkedTestFileRunner Timeout watcher launched (2000 secs.) 
417        WARN  main            d.u.i.k.s.ProofSettings   The settings in /home/runner/.key/proof-settings.props are *not* read. 
474        INFO  main            d.u.i.k.p.r.p.TestFile    Now processing file /home/runner/work/key/key/key.core/../key.ui/examples/proofLoadRepair/disjConj-manipulated.proof 
645        INFO  main            d.u.i.k.p.i.AbstractProblemLoader Loading environment from /home/runner/work/key/key/key.core/../key.ui/examples/proofLoadRepair/disjConj-manipulated.proof 
665        DEBUG main            d.u.i.k.p.i.AbstractProblemLoader Environment load took 2.65ms 
985        INFO  main            d.u.i.k.p.i.AbstractProblemLoader Creating init config 
2276       DEBUG main            d.u.i.k.j.TypeConverter   No LDT found for Meta 
2278       DEBUG main            d.u.i.k.j.TypeConverter   No LDT found for Meta 
2281       DEBUG main            d.u.i.k.j.TypeConverter   No LDT found for Meta 
2282       DEBUG main            d.u.i.k.j.TypeConverter   No LDT found for Meta 
3916       DEBUG main            d.u.i.k.j.TypeConverter   No LDT found for JavaBigintExpression 
9675       DEBUG main            d.u.i.k.p.i.AbstractProblemLoader Init config took 8.69s 
9747       INFO  main            d.u.i.k.p.i.AbstractProblemLoader Replaying proof disjConj-manipulated.proof 
9801       WARN  main            d.u.i.k.p.i.IntermediateProofReplayer Proof contains wrong number of \assumes instatiations for andLeft 
9802       WARN  main            d.u.i.k.p.i.IntermediateProofReplayer Proof contains wrong number of \assumes instatiations for replace_known_right 
9806       WARN  main            d.u.i.k.p.i.IntermediateProofReplayer Proof contains wrong number of \assumes instatiations for close 
9807       DEBUG main            d.u.i.k.p.i.IntermediateProofReplayer Proof replay took 15.72ms 
9811       INFO  main            d.u.i.k.p.r.p.TestFile    ... success: loaded 
9816       INFO  main            d.u.i.k.p.r.p.TestFile    Now processing file /home/runner/work/key/key/key.core/../key.ui/examples/proofLoadRepair/insufficient-manipulated.proof 
9816       INFO  main            d.u.i.k.p.i.AbstractProblemLoader Loading environment from /home/runner/work/key/key/key.core/../key.ui/examples/proofLoadRepair/insufficient-manipulated.proof 
9816       DEBUG main            d.u.i.k.p.i.AbstractProblemLoader Environment load took 298.1ns 
9821       INFO  main            d.u.i.k.p.i.AbstractProblemLoader Creating init config 
13065      DEBUG main            d.u.i.k.p.i.AbstractProblemLoader Init config took 3.24s 
13103      INFO  main            d.u.i.k.p.i.AbstractProblemLoader Replaying proof insufficient-manipulated.proof 
13123      WARN  main            d.u.i.k.p.i.IntermediateProofReplayer Proof contains wrong number of \assumes instatiations for applyEq 
13184      DEBUG main            d.u.i.k.p.i.IntermediateProofReplayer Proof replay took 62.35ms 
13190      INFO  main            d.u.i.k.p.r.p.TestFile    ... success: loading failed 
13192      INFO  main            d.u.i.k.p.r.p.TestFile    Now processing file /home/runner/work/key/key/key.core/../key.ui/examples/../../key.core/src/test/resources/testcase/issues/1716/incorrectPolarity.proof 
13193      INFO  main            d.u.i.k.p.i.AbstractProblemLoader Loading environment from /home/runner/work/key/key/key.core/../key.ui/examples/../../key.core/src/test/resources/testcase/issues/1716/incorrectPolarity.proof 
13193      DEBUG main            d.u.i.k.p.i.AbstractProblemLoader Environment load took 226.8ns 
13203      INFO  main            d.u.i.k.p.i.AbstractProblemLoader Creating init config 
16478      DEBUG main            d.u.i.k.p.i.AbstractProblemLoader Init config took 3.28s 
16521      INFO  main            d.u.i.k.p.i.AbstractProblemLoader Replaying proof incorrectPolarity.proof 
16529      DEBUG main            d.u.i.k.p.i.IntermediateProofReplayer Proof replay took 215.6ns 
16532      INFO  main            d.u.i.k.p.r.p.TestFile    ... success: loading failed 
16534      INFO  main            d.u.i.k.p.r.p.TestFile    Now processing file /home/runner/work/key/key/key.core/../key.ui/examples/../../key.core/src/test/resources/testcase/issues/1716/incorrectPolarity2.proof 
16534      INFO  main            d.u.i.k.p.i.AbstractProblemLoader Loading environment from /home/runner/work/key/key/key.core/../key.ui/examples/../../key.core/src/test/resources/testcase/issues/1716/incorrectPolarity2.proof 
16535      DEBUG main            d.u.i.k.p.i.AbstractProblemLoader Environment load took 1.03ms 
16537      INFO  main            d.u.i.k.p.i.AbstractProblemLoader Creating init config 
19560      DEBUG main            d.u.i.k.p.i.AbstractProblemLoader Init config took 3.02s 
19590      INFO  main            d.u.i.k.p.i.AbstractProblemLoader Replaying proof incorrectPolarity2.proof 
19595      DEBUG main            d.u.i.k.p.i.IntermediateProofReplayer Proof replay took 422.9ns 
19595      INFO  main            d.u.i.k.p.r.p.TestFile    ... success: loading failed 
19597      INFO  main            d.u.i.k.p.r.p.TestFile    Now processing file /home/runner/work/key/key/key.core/../key.ui/examples/../../key.core/src/test/resources/testcase/issues/1716/incorrectPolarity3.proof 
19597      INFO  main            d.u.i.k.p.i.AbstractProblemLoader Loading environment from /home/runner/work/key/key/key.core/../key.ui/examples/../../key.core/src/test/resources/testcase/issues/1716/incorrectPolarity3.proof 
19597      DEBUG main            d.u.i.k.p.i.AbstractProblemLoader Environment load took 229.1ns 
19600      INFO  main            d.u.i.k.p.i.AbstractProblemLoader Creating init config 
22461      DEBUG main            d.u.i.k.p.i.AbstractProblemLoader Init config took 2.86s 
22483      INFO  main            d.u.i.k.p.i.AbstractProblemLoader Replaying proof incorrectPolarity3.proof 
22486      DEBUG main            d.u.i.k.p.i.IntermediateProofReplayer Proof replay took 1.26ms 
22486      INFO  main            d.u.i.k.p.r.p.TestFile    ... success: loading failed 
6043590    INFO  Test worker     d.u.i.k.p.r.RunAllProofsTestUnit Returning from test proofLoadRepair 
6043591    INFO  Test worker     d.u.i.k.p.r.RunAllProofsTestUnit Running test switch 
450        INFO  Timeout watchdog d.u.i.k.p.r.p.ForkedTestFileRunner Timeout watcher launched (2000 secs.) 
478        WARN  main            d.u.i.k.s.ProofSettings   The settings in /home/runner/.key/proof-settings.props are *not* read. 
535        INFO  main            d.u.i.k.p.r.p.TestFile    Now processing file /home/runner/work/key/key/key.core/../key.ui/examples/standard_key/java_dl/switch/labeled_case.key 
684        INFO  main            d.u.i.k.p.i.AbstractProblemLoader Loading environment from /home/runner/work/key/key/key.core/../key.ui/examples/standard_key/java_dl/switch/labeled_case.key 
705        DEBUG main            d.u.i.k.p.i.AbstractProblemLoader Environment load took 2.35ms 
975        INFO  main            d.u.i.k.p.i.AbstractProblemLoader Creating init config 
2337       DEBUG main            d.u.i.k.j.TypeConverter   No LDT found for Meta 
2338       DEBUG main            d.u.i.k.j.TypeConverter   No LDT found for Meta 
2341       DEBUG main            d.u.i.k.j.TypeConverter   No LDT found for Meta 
2341       DEBUG main            d.u.i.k.j.TypeConverter   No LDT found for Meta 
4125       DEBUG main            d.u.i.k.j.TypeConverter   No LDT found for JavaBigintExpression 
10008      DEBUG main            d.u.i.k.p.i.AbstractProblemLoader Init config took 9.03s 
10162      INFO  main            d.u.i.k.p.i.AbstractProblemLoader Replaying proof LabeledCase[LabeledCase::m(int)].JML normal_behavior operation contract.0 
10208      DEBUG main            d.u.i.k.p.i.IntermediateProofReplayer Proof replay took 42.9ns 
11090      INFO  main            d.u.i.k.p.r.p.TestFile    ... finished proof: closed. 
11218      INFO  main            d.u.i.k.p.i.AbstractProblemLoader Loading environment from /home/runner/work/key/key/key.core/../key.ui/examples/standard_key/java_dl/switch/labeled_case.key.proof 
11222      DEBUG main            d.u.i.k.p.i.AbstractProblemLoader Environment load took 3.14ms 
11225      INFO  main            d.u.i.k.p.i.AbstractProblemLoader Creating init config 
14881      DEBUG main            d.u.i.k.p.i.AbstractProblemLoader Init config took 3.66s 
14996      INFO  main            d.u.i.k.p.i.AbstractProblemLoader Replaying proof LabeledCase[LabeledCase::m(int)].JML normal_behavior operation contract.0 
15119      DEBUG main            d.u.i.k.p.i.IntermediateProofReplayer Proof replay took 117.08ms 
15136      DEBUG main            d.u.i.k.p.r.p.TestFile    ... success: reloaded. 
15139      INFO  main            d.u.i.k.p.r.p.TestFile    Now processing file /home/runner/work/key/key/key.core/../key.ui/examples/standard_key/java_dl/switch/empty_switch.key 
15140      INFO  main            d.u.i.k.p.i.AbstractProblemLoader Loading environment from /home/runner/work/key/key/key.core/../key.ui/examples/standard_key/java_dl/switch/empty_switch.key 
15140      DEBUG main            d.u.i.k.p.i.AbstractProblemLoader Environment load took 360.6ns 
15142      INFO  main            d.u.i.k.p.i.AbstractProblemLoader Creating init config 
18375      DEBUG main            d.u.i.k.p.i.AbstractProblemLoader Init config took 3.23s 
18416      INFO  main            d.u.i.k.p.i.AbstractProblemLoader Replaying proof empty_switch.key 
18422      DEBUG main            d.u.i.k.p.i.IntermediateProofReplayer Proof replay took 7.6ns 
18530      INFO  main            d.u.i.k.p.r.p.TestFile    ... finished proof: closed. 
18705      INFO  main            d.u.i.k.p.i.AbstractProblemLoader Loading environment from /home/runner/work/key/key/key.core/../key.ui/examples/standard_key/java_dl/switch/empty_switch.key.proof 
18706      DEBUG main            d.u.i.k.p.i.AbstractProblemLoader Environment load took 131.4ns 
18708      INFO  main            d.u.i.k.p.i.AbstractProblemLoader Creating init config 
21948      DEBUG main            d.u.i.k.p.i.AbstractProblemLoader Init config took 3.24s 
21974      INFO  main            d.u.i.k.p.i.AbstractProblemLoader Replaying proof empty_switch.key.proof 
21979      DEBUG main            d.u.i.k.p.i.IntermediateProofReplayer Proof replay took 2.07ms 
21980      DEBUG main            d.u.i.k.p.r.p.TestFile    ... success: reloaded. 
21981      INFO  main            d.u.i.k.p.r.p.TestFile    Now processing file /home/runner/work/key/key/key.core/../key.ui/examples/standard_key/java_dl/switch/empty_switch_null.key 
21981      INFO  main            d.u.i.k.p.i.AbstractProblemLoader Loading environment from /home/runner/work/key/key/key.core/../key.ui/examples/standard_key/java_dl/switch/empty_switch_null.key 
21982      DEBUG main            d.u.i.k.p.i.AbstractProblemLoader Environment load took 224ns 
21983      INFO  main            d.u.i.k.p.i.AbstractProblemLoader Creating init config 
25144      DEBUG main            d.u.i.k.p.i.AbstractProblemLoader Init config took 3.16s 
25182      INFO  main            d.u.i.k.p.i.AbstractProblemLoader Replaying proof empty_switch_null.key 
25186      DEBUG main            d.u.i.k.p.i.IntermediateProofReplayer Proof replay took 6.3ns 
25491      INFO  main            d.u.i.k.p.r.p.TestFile    ... finished proof: closed. 
25703      INFO  main            d.u.i.k.p.i.AbstractProblemLoader Loading environment from /home/runner/work/key/key/key.core/../key.ui/examples/standard_key/java_dl/switch/empty_switch_null.key.proof 
25704      DEBUG main            d.u.i.k.p.i.AbstractProblemLoader Environment load took 1.66ms 
25707      INFO  main            d.u.i.k.p.i.AbstractProblemLoader Creating init config 
28745      DEBUG main            d.u.i.k.p.i.AbstractProblemLoader Init config took 3.04s 
28769      INFO  main            d.u.i.k.p.i.AbstractProblemLoader Replaying proof empty_switch_null.key.proof 
28808      DEBUG main            d.u.i.k.p.i.IntermediateProofReplayer Proof replay took 36.32ms 
28809      DEBUG main            d.u.i.k.p.r.p.TestFile    ... success: reloaded. 
28810      INFO  main            d.u.i.k.p.r.p.TestFile    Now processing file /home/runner/work/key/key/key.core/../key.ui/examples/standard_key/java_dl/switch/empty_switch_null_catch.key 
28811      INFO  main            d.u.i.k.p.i.AbstractProblemLoader Loading environment from /home/runner/work/key/key/key.core/../key.ui/examples/standard_key/java_dl/switch/empty_switch_null_catch.key 
28811      DEBUG main            d.u.i.k.p.i.AbstractProblemLoader Environment load took 134.7ns 
28812      INFO  main            d.u.i.k.p.i.AbstractProblemLoader Creating init config 
31870      DEBUG main            d.u.i.k.p.i.AbstractProblemLoader Init config took 3.06s 
31894      INFO  main            d.u.i.k.p.i.AbstractProblemLoader Replaying proof empty_switch_null_catch.key 
31897      DEBUG main            d.u.i.k.p.i.IntermediateProofReplayer Proof replay took 7.9ns 
32100      INFO  main            d.u.i.k.p.r.p.TestFile    ... finished proof: closed. 
32282      INFO  main            d.u.i.k.p.i.AbstractProblemLoader Loading environment from /home/runner/work/key/key/key.core/../key.ui/examples/standard_key/java_dl/switch/empty_switch_null_catch.key.proof 
32282      DEBUG main            d.u.i.k.p.i.AbstractProblemLoader Environment load took 145.8ns 
32283      INFO  main            d.u.i.k.p.i.AbstractProblemLoader Creating init config 
35371      DEBUG main            d.u.i.k.p.i.AbstractProblemLoader Init config took 3.09s 
35395      INFO  main            d.u.i.k.p.i.AbstractProblemLoader Replaying proof empty_switch_null_catch.key.proof 
35457      DEBUG main            d.u.i.k.p.i.IntermediateProofReplayer Proof replay took 53.54ms 
35458      DEBUG main            d.u.i.k.p.r.p.TestFile    ... success: reloaded. 
35459      INFO  main            d.u.i.k.p.r.p.TestFile    Now processing file /home/runner/work/key/key/key.core/../key.ui/examples/standard_key/java_dl/switch/empty_switch_array_out_of_bounds.key 
35459      INFO  main            d.u.i.k.p.i.AbstractProblemLoader Loading environment from /home/runner/work/key/key/key.core/../key.ui/examples/standard_key/java_dl/switch/empty_switch_array_out_of_bounds.key 
35460      DEBUG main            d.u.i.k.p.i.AbstractProblemLoader Environment load took 226.4ns 
35461      INFO  main            d.u.i.k.p.i.AbstractProblemLoader Creating init config 
38574      DEBUG main            d.u.i.k.p.i.AbstractProblemLoader Init config took 3.11s 
38597      INFO  main            d.u.i.k.p.i.AbstractProblemLoader Replaying proof empty_switch_array_out_of_bounds.key 
38601      DEBUG main            d.u.i.k.p.i.IntermediateProofReplayer Proof replay took 6.5ns 
38906      INFO  main            d.u.i.k.p.r.p.TestFile    ... finished proof: closed. 
39201      INFO  main            d.u.i.k.p.i.AbstractProblemLoader Loading environment from /home/runner/work/key/key/key.core/../key.ui/examples/standard_key/java_dl/switch/empty_switch_array_out_of_bounds.key.proof 
39201      DEBUG main            d.u.i.k.p.i.AbstractProblemLoader Environment load took 496.6ns 
39202      INFO  main            d.u.i.k.p.i.AbstractProblemLoader Creating init config 
42148      DEBUG main            d.u.i.k.p.i.AbstractProblemLoader Init config took 2.95s 
42172      INFO  main            d.u.i.k.p.i.AbstractProblemLoader Replaying proof empty_switch_array_out_of_bounds.key.proof 
42237      DEBUG main            d.u.i.k.p.i.IntermediateProofReplayer Proof replay took 60.57ms 
42238      DEBUG main            d.u.i.k.p.r.p.TestFile    ... success: reloaded. 
42239      INFO  main            d.u.i.k.p.r.p.TestFile    Now processing file /home/runner/work/key/key/key.core/../key.ui/examples/standard_key/java_dl/switch/empty_switch_array_out_of_bounds_catch.key 
42240      INFO  main            d.u.i.k.p.i.AbstractProblemLoader Loading environment from /home/runner/work/key/key/key.core/../key.ui/examples/standard_key/java_dl/switch/empty_switch_array_out_of_bounds_catch.key 
42240      DEBUG main            d.u.i.k.p.i.AbstractProblemLoader Environment load took 230.4ns 
42241      INFO  main            d.u.i.k.p.i.AbstractProblemLoader Creating init config 
45323      DEBUG main            d.u.i.k.p.i.AbstractProblemLoader Init config took 3.08s 
45345      INFO  main            d.u.i.k.p.i.AbstractProblemLoader Replaying proof empty_switch_array_out_of_bounds_catch.key 
45348      DEBUG main            d.u.i.k.p.i.IntermediateProofReplayer Proof replay took 7.9ns 
45554      INFO  main            d.u.i.k.p.r.p.TestFile    ... finished proof: closed. 
45764      INFO  main            d.u.i.k.p.i.AbstractProblemLoader Loading environment from /home/runner/work/key/key/key.core/../key.ui/examples/standard_key/java_dl/switch/empty_switch_array_out_of_bounds_catch.key.proof 
45766      DEBUG main            d.u.i.k.p.i.AbstractProblemLoader Environment load took 1.89ms 
45768      INFO  main            d.u.i.k.p.i.AbstractProblemLoader Creating init config 
48802      DEBUG main            d.u.i.k.p.i.AbstractProblemLoader Init config took 3.03s 
48825      INFO  main            d.u.i.k.p.i.AbstractProblemLoader Replaying proof empty_switch_array_out_of_bounds_catch.key.proof 
48869      DEBUG main            d.u.i.k.p.i.IntermediateProofReplayer Proof replay took 39.97ms 
48870      DEBUG main            d.u.i.k.p.r.p.TestFile    ... success: reloaded. 
48871      INFO  main            d.u.i.k.p.r.p.TestFile    Now processing file /home/runner/work/key/key/key.core/../key.ui/examples/standard_key/java_dl/switch/switch_in_switch.key 
48872      INFO  main            d.u.i.k.p.i.AbstractProblemLoader Loading environment from /home/runner/work/key/key/key.core/../key.ui/examples/standard_key/java_dl/switch/switch_in_switch.key 
48872      DEBUG main            d.u.i.k.p.i.AbstractProblemLoader Environment load took 237.6ns 
48873      INFO  main            d.u.i.k.p.i.AbstractProblemLoader Creating init config 
52005      DEBUG main            d.u.i.k.p.i.AbstractProblemLoader Init config took 3.13s 
52057      INFO  main            d.u.i.k.p.i.AbstractProblemLoader Replaying proof SwitchInSwitch[SwitchInSwitch::m(int)].JML normal_behavior operation contract.0 
52058      DEBUG main            d.u.i.k.p.i.IntermediateProofReplayer Proof replay took 6.7ns 
57304      INFO  main            d.u.i.k.p.r.p.TestFile    ... finished proof: closed. 
57577      INFO  main            d.u.i.k.p.i.AbstractProblemLoader Loading environment from /home/runner/work/key/key/key.core/../key.ui/examples/standard_key/java_dl/switch/switch_in_switch.key.proof 
57577      DEBUG main            d.u.i.k.p.i.AbstractProblemLoader Environment load took 378.2ns 
57579      INFO  main            d.u.i.k.p.i.AbstractProblemLoader Creating init config 
60569      DEBUG main            d.u.i.k.p.i.AbstractProblemLoader Init config took 2.99s 
60620      INFO  main            d.u.i.k.p.i.AbstractProblemLoader Replaying proof SwitchInSwitch[SwitchInSwitch::m(int)].JML normal_behavior operation contract.0 
61072      DEBUG main            d.u.i.k.p.i.IntermediateProofReplayer Proof replay took 422.6ms 
61074      DEBUG main            d.u.i.k.p.r.p.TestFile    ... success: reloaded. 
61075      INFO  main            d.u.i.k.p.r.p.TestFile    Now processing file /home/runner/work/key/key/key.core/../key.ui/examples/standard_key/java_dl/switch/while_and_switch.key 
61075      INFO  main            d.u.i.k.p.i.AbstractProblemLoader Loading environment from /home/runner/work/key/key/key.core/../key.ui/examples/standard_key/java_dl/switch/while_and_switch.key 
61075      DEBUG main            d.u.i.k.p.i.AbstractProblemLoader Environment load took 200.4ns 
61076      INFO  main            d.u.i.k.p.i.AbstractProblemLoader Creating init config 
64068      DEBUG main            d.u.i.k.p.i.AbstractProblemLoader Init config took 2.99s 
64123      INFO  main            d.u.i.k.p.i.AbstractProblemLoader Replaying proof WhileAndSwitch[WhileAndSwitch::m(int)].JML normal_behavior operation contract.0 
64127      DEBUG main            d.u.i.k.p.i.IntermediateProofReplayer Proof replay took 7.1ns 
65058      INFO  main            d.u.i.k.p.r.p.TestFile    ... finished proof: closed. 
65274      INFO  main            d.u.i.k.p.i.AbstractProblemLoader Loading environment from /home/runner/work/key/key/key.core/../key.ui/examples/standard_key/java_dl/switch/while_and_switch.key.proof 
65277      DEBUG main            d.u.i.k.p.i.AbstractProblemLoader Environment load took 2.88ms 
65281      INFO  main            d.u.i.k.p.i.AbstractProblemLoader Creating init config 
68243      DEBUG main            d.u.i.k.p.i.AbstractProblemLoader Init config took 2.96s 
68288      INFO  main            d.u.i.k.p.i.AbstractProblemLoader Replaying proof WhileAndSwitch[WhileAndSwitch::m(int)].JML normal_behavior operation contract.0 
68427      DEBUG main            d.u.i.k.p.i.IntermediateProofReplayer Proof replay took 133.25ms 
68429      DEBUG main            d.u.i.k.p.r.p.TestFile    ... success: reloaded. 
68431      INFO  main            d.u.i.k.p.r.p.TestFile    Now processing file /home/runner/work/key/key/key.core/../key.ui/examples/standard_key/java_dl/switch/large_switch.key 
68431      INFO  main            d.u.i.k.p.i.AbstractProblemLoader Loading environment from /home/runner/work/key/key/key.core/../key.ui/examples/standard_key/java_dl/switch/large_switch.key 
68432      DEBUG main            d.u.i.k.p.i.AbstractProblemLoader Environment load took 317.6ns 
68433      INFO  main            d.u.i.k.p.i.AbstractProblemLoader Creating init config 
71525      DEBUG main            d.u.i.k.p.i.AbstractProblemLoader Init config took 3.09s 
71572      INFO  main            d.u.i.k.p.i.AbstractProblemLoader Replaying proof LargeSwitch[LargeSwitch::m(int)].JML normal_behavior operation contract.0 
71574      DEBUG main            d.u.i.k.p.i.IntermediateProofReplayer Proof replay took 7.1ns 
73190      INFO  main            d.u.i.k.p.r.p.TestFile    ... finished proof: closed. 
73415      INFO  main            d.u.i.k.p.i.AbstractProblemLoader Loading environment from /home/runner/work/key/key/key.core/../key.ui/examples/standard_key/java_dl/switch/large_switch.key.proof 
73415      DEBUG main            d.u.i.k.p.i.AbstractProblemLoader Environment load took 123.2ns 
73417      INFO  main            d.u.i.k.p.i.AbstractProblemLoader Creating init config 
76452      DEBUG main            d.u.i.k.p.i.AbstractProblemLoader Init config took 3.04s 
76517      INFO  main            d.u.i.k.p.i.AbstractProblemLoader Replaying proof LargeSwitch[LargeSwitch::m(int)].JML normal_behavior operation contract.0 
76944      DEBUG main            d.u.i.k.p.i.IntermediateProofReplayer Proof replay took 406.8ms 
76946      DEBUG main            d.u.i.k.p.r.p.TestFile    ... success: reloaded. 
6120737    INFO  Test worker     d.u.i.k.p.r.RunAllProofsTestUnit Returning from test switch 
6120738    INFO  Test worker     d.u.i.k.p.r.RunAllProofsTestUnit Running test redux 
485        INFO  Timeout watchdog d.u.i.k.p.r.p.ForkedTestFileRunner Timeout watcher launched (2000 secs.) 
521        WARN  main            d.u.i.k.s.ProofSettings   The settings in /home/runner/.key/proof-settings.props are *not* read. 
553        INFO  main            d.u.i.k.p.r.p.TestFile    Now processing file /home/runner/work/key/key/key.core/../key.ui/examples/redux/arrays/Arrays.copyOf.key 
694        INFO  main            d.u.i.k.p.i.AbstractProblemLoader Loading environment from /home/runner/work/key/key/key.core/../key.ui/examples/redux/arrays/Arrays.copyOf.key 
715        DEBUG main            d.u.i.k.p.i.AbstractProblemLoader Environment load took 2.42ms 
1026       INFO  main            d.u.i.k.p.i.AbstractProblemLoader Creating init config 
2330       DEBUG main            d.u.i.k.j.TypeConverter   No LDT found for Meta 
2331       DEBUG main            d.u.i.k.j.TypeConverter   No LDT found for Meta 
2334       DEBUG main            d.u.i.k.j.TypeConverter   No LDT found for Meta 
2334       DEBUG main            d.u.i.k.j.TypeConverter   No LDT found for Meta 
4388       DEBUG main            d.u.i.k.j.TypeConverter   No LDT found for JavaBigintExpression 
10987      DEBUG main            d.u.i.k.p.i.AbstractProblemLoader Init config took 9.96s 
11153      INFO  main            d.u.i.k.p.i.AbstractProblemLoader Replaying proof Arrays[Arrays::copyOf([I,int)].JML normal_behavior operation contract.0 
11200      DEBUG main            d.u.i.k.p.i.IntermediateProofReplayer Proof replay took 35.6ns 
17624      INFO  main            d.u.i.k.p.r.p.TestFile    ... finished proof: closed. 
17821      INFO  main            d.u.i.k.p.i.AbstractProblemLoader Loading environment from /home/runner/work/key/key/key.core/../key.ui/examples/redux/arrays/Arrays.copyOf.key.proof 
17823      DEBUG main            d.u.i.k.p.i.AbstractProblemLoader Environment load took 2.05ms 
17828      INFO  main            d.u.i.k.p.i.AbstractProblemLoader Creating init config 
21763      DEBUG main            d.u.i.k.p.i.AbstractProblemLoader Init config took 3.94s 
21835      INFO  main            d.u.i.k.p.i.AbstractProblemLoader Replaying proof Arrays[Arrays::copyOf([I,int)].JML normal_behavior operation contract.0 
22422      DEBUG main            d.u.i.k.p.i.IntermediateProofReplayer Proof replay took 557.23ms 
22432      DEBUG main            d.u.i.k.p.r.p.TestFile    ... success: reloaded. 
22434      INFO  main            d.u.i.k.p.r.p.TestFile    Now processing file /home/runner/work/key/key/key.core/../key.ui/examples/redux/arrays/Arrays.copyOf.float.key 
22435      INFO  main            d.u.i.k.p.i.AbstractProblemLoader Loading environment from /home/runner/work/key/key/key.core/../key.ui/examples/redux/arrays/Arrays.copyOf.float.key 
22435      DEBUG main            d.u.i.k.p.i.AbstractProblemLoader Environment load took 222.8ns 
22437      INFO  main            d.u.i.k.p.i.AbstractProblemLoader Creating init config 
26259      DEBUG main            d.u.i.k.p.i.AbstractProblemLoader Init config took 3.82s 
26336      INFO  main            d.u.i.k.p.i.AbstractProblemLoader Replaying proof Arrays[Arrays::copyOf([F,int)].JML normal_behavior operation contract.0 
26341      DEBUG main            d.u.i.k.p.i.IntermediateProofReplayer Proof replay took 8.3ns 
26379      DEBUG main            d.u.i.k.m.s.ProofScriptEngine 1: 'macro autopilot' 
31753      DEBUG main            d.u.i.k.m.s.ProofScriptEngine 2: 'smt solver=Z3' 
31843      INFO  main            d.u.i.k.m.s.SMTCommand    Finished run on goal 17 in 56ms, result is valid 
31845      DEBUG main            d.u.i.k.m.s.ProofScriptEngine 3: 'tryclose' 
33905      INFO  main            d.u.i.k.p.r.p.TestFile    ... finished proof: closed. 
34160      INFO  main            d.u.i.k.p.i.AbstractProblemLoader Loading environment from /home/runner/work/key/key/key.core/../key.ui/examples/redux/arrays/Arrays.copyOf.float.key.proof 
34163      DEBUG main            d.u.i.k.p.i.AbstractProblemLoader Environment load took 2.98ms 
34174      INFO  main            d.u.i.k.p.i.AbstractProblemLoader Creating init config 
37898      DEBUG main            d.u.i.k.p.i.AbstractProblemLoader Init config took 3.72s 
37958      INFO  main            d.u.i.k.p.i.AbstractProblemLoader Replaying proof Arrays[Arrays::copyOf([F,int)].JML normal_behavior operation contract.0 
38051      INFO  main            d.u.i.k.s.SMTFocusResults Analyzing unsat core: (L_6) 
38773      DEBUG main            d.u.i.k.p.i.IntermediateProofReplayer Proof replay took 792.15ms 
38775      DEBUG main            d.u.i.k.p.r.p.TestFile    ... success: reloaded. 
38779      INFO  main            d.u.i.k.p.r.p.TestFile    Now processing file /home/runner/work/key/key/key.core/../key.ui/examples/redux/arrays/Arrays.copyOfRange.key 
38779      INFO  main            d.u.i.k.p.i.AbstractProblemLoader Loading environment from /home/runner/work/key/key/key.core/../key.ui/examples/redux/arrays/Arrays.copyOfRange.key 
38779      DEBUG main            d.u.i.k.p.i.AbstractProblemLoader Environment load took 217.2ns 
38780      INFO  main            d.u.i.k.p.i.AbstractProblemLoader Creating init config 
42411      DEBUG main            d.u.i.k.p.i.AbstractProblemLoader Init config took 3.63s 
42470      INFO  main            d.u.i.k.p.i.AbstractProblemLoader Replaying proof Arrays[Arrays::copyOfRange([I,int,int)].JML normal_behavior operation contract.0 
42472      DEBUG main            d.u.i.k.p.i.IntermediateProofReplayer Proof replay took 6.4ns 
47895      INFO  main            d.u.i.k.p.r.p.TestFile    ... finished proof: closed. 
48223      INFO  main            d.u.i.k.p.i.AbstractProblemLoader Loading environment from /home/runner/work/key/key/key.core/../key.ui/examples/redux/arrays/Arrays.copyOfRange.key.proof 
48223      DEBUG main            d.u.i.k.p.i.AbstractProblemLoader Environment load took 220.5ns 
48226      INFO  main            d.u.i.k.p.i.AbstractProblemLoader Creating init config 
51727      DEBUG main            d.u.i.k.p.i.AbstractProblemLoader Init config took 3.5s 
51783      INFO  main            d.u.i.k.p.i.AbstractProblemLoader Replaying proof Arrays[Arrays::copyOfRange([I,int,int)].JML normal_behavior operation contract.0 
52273      DEBUG main            d.u.i.k.p.i.IntermediateProofReplayer Proof replay took 454.81ms 
52275      DEBUG main            d.u.i.k.p.r.p.TestFile    ... success: reloaded. 
52276      INFO  main            d.u.i.k.p.r.p.TestFile    Now processing file /home/runner/work/key/key/key.core/../key.ui/examples/redux/arrays/Arrays.copyOfRange.float.key 
52277      INFO  main            d.u.i.k.p.i.AbstractProblemLoader Loading environment from /home/runner/work/key/key/key.core/../key.ui/examples/redux/arrays/Arrays.copyOfRange.float.key 
52277      DEBUG main            d.u.i.k.p.i.AbstractProblemLoader Environment load took 228.2ns 
52278      INFO  main            d.u.i.k.p.i.AbstractProblemLoader Creating init config 
55928      DEBUG main            d.u.i.k.p.i.AbstractProblemLoader Init config took 3.65s 
55986      INFO  main            d.u.i.k.p.i.AbstractProblemLoader Replaying proof Arrays[Arrays::copyOfRange([F,int,int)].JML normal_behavior operation contract.0 
55989      DEBUG main            d.u.i.k.p.i.IntermediateProofReplayer Proof replay took 5.9ns 
55990      DEBUG main            d.u.i.k.m.s.ProofScriptEngine 1: 'macro autopilot' 
63055      DEBUG main            d.u.i.k.m.s.ProofScriptEngine 2: 'smt solver=Z3' 
63101      INFO  main            d.u.i.k.m.s.SMTCommand    Finished run on goal 27 in 36ms, result is valid 
63101      DEBUG main            d.u.i.k.m.s.ProofScriptEngine 3: 'tryclose' 
67031      INFO  main            d.u.i.k.p.r.p.TestFile    ... finished proof: closed. 
67287      INFO  main            d.u.i.k.p.i.AbstractProblemLoader Loading environment from /home/runner/work/key/key/key.core/../key.ui/examples/redux/arrays/Arrays.copyOfRange.float.key.proof 
67287      DEBUG main            d.u.i.k.p.i.AbstractProblemLoader Environment load took 231.6ns 
67289      INFO  main            d.u.i.k.p.i.AbstractProblemLoader Creating init config 
70806      DEBUG main            d.u.i.k.p.i.AbstractProblemLoader Init config took 3.52s 
70863      INFO  main            d.u.i.k.p.i.AbstractProblemLoader Replaying proof Arrays[Arrays::copyOfRange([F,int,int)].JML normal_behavior operation contract.0 
70941      INFO  main            d.u.i.k.s.SMTFocusResults Analyzing unsat core: (L_8) 
71741      DEBUG main            d.u.i.k.p.i.IntermediateProofReplayer Proof replay took 853.37ms 
71743      DEBUG main            d.u.i.k.p.r.p.TestFile    ... success: reloaded. 
71744      INFO  main            d.u.i.k.p.r.p.TestFile    Now processing file /home/runner/work/key/key/key.core/../key.ui/examples/redux/arrays/Arrays.equals.key 
71744      INFO  main            d.u.i.k.p.i.AbstractProblemLoader Loading environment from /home/runner/work/key/key/key.core/../key.ui/examples/redux/arrays/Arrays.equals.key 
71745      DEBUG main            d.u.i.k.p.i.AbstractProblemLoader Environment load took 197.3ns 
71746      INFO  main            d.u.i.k.p.i.AbstractProblemLoader Creating init config 
75305      DEBUG main            d.u.i.k.p.i.AbstractProblemLoader Init config took 3.56s 
75377      INFO  main            d.u.i.k.p.i.AbstractProblemLoader Replaying proof Arrays[Arrays::equals([B,[B)].JML normal_behavior operation contract.0 
75379      DEBUG main            d.u.i.k.p.i.IntermediateProofReplayer Proof replay took 6.2ns 
75983      INFO  main            d.u.i.k.p.r.p.TestFile    ... finished proof: closed. 
76247      INFO  main            d.u.i.k.p.i.AbstractProblemLoader Loading environment from /home/runner/work/key/key/key.core/../key.ui/examples/redux/arrays/Arrays.equals.key.proof 
76247      DEBUG main            d.u.i.k.p.i.AbstractProblemLoader Environment load took 412.5ns 
76248      INFO  main            d.u.i.k.p.i.AbstractProblemLoader Creating init config 
79663      DEBUG main            d.u.i.k.p.i.AbstractProblemLoader Init config took 3.41s 
79708      INFO  main            d.u.i.k.p.i.AbstractProblemLoader Replaying proof Arrays[Arrays::equals([B,[B)].JML normal_behavior operation contract.0 
79861      DEBUG main            d.u.i.k.p.i.IntermediateProofReplayer Proof replay took 148.69ms 
79862      DEBUG main            d.u.i.k.p.r.p.TestFile    ... success: reloaded. 
79863      INFO  main            d.u.i.k.p.r.p.TestFile    Now processing file /home/runner/work/key/key/key.core/../key.ui/examples/redux/arrays/Arrays.fill.key 
79863      INFO  main            d.u.i.k.p.i.AbstractProblemLoader Loading environment from /home/runner/work/key/key/key.core/../key.ui/examples/redux/arrays/Arrays.fill.key 
79863      DEBUG main            d.u.i.k.p.i.AbstractProblemLoader Environment load took 197.1ns 
79864      INFO  main            d.u.i.k.p.i.AbstractProblemLoader Creating init config 
83374      DEBUG main            d.u.i.k.p.i.AbstractProblemLoader Init config took 3.51s 
83427      INFO  main            d.u.i.k.p.i.AbstractProblemLoader Replaying proof Arrays[Arrays::fill([I,int)].JML normal_behavior operation contract.0 
83428      DEBUG main            d.u.i.k.p.i.IntermediateProofReplayer Proof replay took 6.7ns 
83634      INFO  main            d.u.i.k.p.r.p.TestFile    ... finished proof: closed. 
83898      INFO  main            d.u.i.k.p.i.AbstractProblemLoader Loading environment from /home/runner/work/key/key/key.core/../key.ui/examples/redux/arrays/Arrays.fill.key.proof 
83898      DEBUG main            d.u.i.k.p.i.AbstractProblemLoader Environment load took 127.6ns 
83900      INFO  main            d.u.i.k.p.i.AbstractProblemLoader Creating init config 
87335      DEBUG main            d.u.i.k.p.i.AbstractProblemLoader Init config took 3.43s 
87377      INFO  main            d.u.i.k.p.i.AbstractProblemLoader Replaying proof Arrays[Arrays::fill([I,int)].JML normal_behavior operation contract.0 
87407      DEBUG main            d.u.i.k.p.i.IntermediateProofReplayer Proof replay took 28.04ms 
87408      DEBUG main            d.u.i.k.p.r.p.TestFile    ... success: reloaded. 
87409      INFO  main            d.u.i.k.p.r.p.TestFile    Now processing file /home/runner/work/key/key/key.core/../key.ui/examples/redux/arrays/Arrays.fill.float.key 
87410      INFO  main            d.u.i.k.p.i.AbstractProblemLoader Loading environment from /home/runner/work/key/key/key.core/../key.ui/examples/redux/arrays/Arrays.fill.float.key 
87410      DEBUG main            d.u.i.k.p.i.AbstractProblemLoader Environment load took 122.9ns 
87411      INFO  main            d.u.i.k.p.i.AbstractProblemLoader Creating init config 
90908      DEBUG main            d.u.i.k.p.i.AbstractProblemLoader Init config took 3.5s 
90953      INFO  main            d.u.i.k.p.i.AbstractProblemLoader Replaying proof Arrays[Arrays::fill([F,float)].JML normal_behavior operation contract.0 
90954      DEBUG main            d.u.i.k.p.i.IntermediateProofReplayer Proof replay took 7.6ns 
91158      INFO  main            d.u.i.k.p.r.p.TestFile    ... finished proof: closed. 
91380      INFO  main            d.u.i.k.p.i.AbstractProblemLoader Loading environment from /home/runner/work/key/key/key.core/../key.ui/examples/redux/arrays/Arrays.fill.float.key.proof 
91380      DEBUG main            d.u.i.k.p.i.AbstractProblemLoader Environment load took 138ns 
91382      INFO  main            d.u.i.k.p.i.AbstractProblemLoader Creating init config 
94816      DEBUG main            d.u.i.k.p.i.AbstractProblemLoader Init config took 3.43s 
94858      INFO  main            d.u.i.k.p.i.AbstractProblemLoader Replaying proof Arrays[Arrays::fill([F,float)].JML normal_behavior operation contract.0 
94901      DEBUG main            d.u.i.k.p.i.IntermediateProofReplayer Proof replay took 38.88ms 
94902      DEBUG main            d.u.i.k.p.r.p.TestFile    ... success: reloaded. 
94903      INFO  main            d.u.i.k.p.r.p.TestFile    Now processing file /home/runner/work/key/key/key.core/../key.ui/examples/redux/arrays/Arrays.fillFromTo.key 
94903      INFO  main            d.u.i.k.p.i.AbstractProblemLoader Loading environment from /home/runner/work/key/key/key.core/../key.ui/examples/redux/arrays/Arrays.fillFromTo.key 
94904      DEBUG main            d.u.i.k.p.i.AbstractProblemLoader Environment load took 340ns 
94905      INFO  main            d.u.i.k.p.i.AbstractProblemLoader Creating init config 
98457      DEBUG main            d.u.i.k.p.i.AbstractProblemLoader Init config took 3.55s 
98499      INFO  main            d.u.i.k.p.i.AbstractProblemLoader Replaying proof Arrays[Arrays::fill([I,int,int,int)].JML normal_behavior operation contract.0 
98500      DEBUG main            d.u.i.k.p.i.IntermediateProofReplayer Proof replay took 6.6ns 
99108      INFO  main            d.u.i.k.p.r.p.TestFile    ... finished proof: closed. 
99449      INFO  main            d.u.i.k.p.i.AbstractProblemLoader Loading environment from /home/runner/work/key/key/key.core/../key.ui/examples/redux/arrays/Arrays.fillFromTo.key.proof 
99449      DEBUG main            d.u.i.k.p.i.AbstractProblemLoader Environment load took 284.9ns 
99451      INFO  main            d.u.i.k.p.i.AbstractProblemLoader Creating init config 
102808     DEBUG main            d.u.i.k.p.i.AbstractProblemLoader Init config took 3.36s 
102856     INFO  main            d.u.i.k.p.i.AbstractProblemLoader Replaying proof Arrays[Arrays::fill([I,int,int,int)].JML normal_behavior operation contract.0 
102978     DEBUG main            d.u.i.k.p.i.IntermediateProofReplayer Proof replay took 116.66ms 
102979     DEBUG main            d.u.i.k.p.r.p.TestFile    ... success: reloaded. 
102980     INFO  main            d.u.i.k.p.r.p.TestFile    Now processing file /home/runner/work/key/key/key.core/../key.ui/examples/redux/arrays/Arrays.fillFromTo.float.key 
102980     INFO  main            d.u.i.k.p.i.AbstractProblemLoader Loading environment from /home/runner/work/key/key/key.core/../key.ui/examples/redux/arrays/Arrays.fillFromTo.float.key 
102980     DEBUG main            d.u.i.k.p.i.AbstractProblemLoader Environment load took 152.9ns 
102981     INFO  main            d.u.i.k.p.i.AbstractProblemLoader Creating init config 
106354     DEBUG main            d.u.i.k.p.i.AbstractProblemLoader Init config took 3.37s 
106394     INFO  main            d.u.i.k.p.i.AbstractProblemLoader Replaying proof Arrays[Arrays::fill([F,int,int,float)].JML normal_behavior operation contract.0 
106396     DEBUG main            d.u.i.k.p.i.IntermediateProofReplayer Proof replay took 6.5ns 
107202     INFO  main            d.u.i.k.p.r.p.TestFile    ... finished proof: closed. 
107446     INFO  main            d.u.i.k.p.i.AbstractProblemLoader Loading environment from /home/runner/work/key/key/key.core/../key.ui/examples/redux/arrays/Arrays.fillFromTo.float.key.proof 
107449     DEBUG main            d.u.i.k.p.i.AbstractProblemLoader Environment load took 3.65ms 
107451     INFO  main            d.u.i.k.p.i.AbstractProblemLoader Creating init config 
110871     DEBUG main            d.u.i.k.p.i.AbstractProblemLoader Init config took 3.42s 
110922     INFO  main            d.u.i.k.p.i.AbstractProblemLoader Replaying proof Arrays[Arrays::fill([F,int,int,float)].JML normal_behavior operation contract.0 
111052     DEBUG main            d.u.i.k.p.i.IntermediateProofReplayer Proof replay took 125.43ms 
111053     DEBUG main            d.u.i.k.p.r.p.TestFile    ... success: reloaded. 
111054     INFO  main            d.u.i.k.p.r.p.TestFile    Now processing file /home/runner/work/key/key/key.core/../key.ui/examples/redux/arrays/ArrayCopy.arraycopy.normal.0.key 
111055     INFO  main            d.u.i.k.p.i.AbstractProblemLoader Loading environment from /home/runner/work/key/key/key.core/../key.ui/examples/redux/arrays/ArrayCopy.arraycopy.normal.0.key 
111055     DEBUG main            d.u.i.k.p.i.AbstractProblemLoader Environment load took 157.5ns 
111056     INFO  main            d.u.i.k.p.i.AbstractProblemLoader Creating init config 
114477     DEBUG main            d.u.i.k.p.i.AbstractProblemLoader Init config took 3.42s 
114518     INFO  main            d.u.i.k.p.i.AbstractProblemLoader Replaying proof ArrayCopy[ArrayCopy::arraycopy(java.lang.Object,int,java.lang.Object,int,int)].JML normal_behavior operation contract.0 
114519     DEBUG main            d.u.i.k.p.i.IntermediateProofReplayer Proof replay took 5.9ns 
121448     INFO  main            d.u.i.k.p.r.p.TestFile    ... finished proof: closed. 
121737     INFO  main            d.u.i.k.p.i.AbstractProblemLoader Loading environment from /home/runner/work/key/key/key.core/../key.ui/examples/redux/arrays/ArrayCopy.arraycopy.normal.0.key.proof 
121737     DEBUG main            d.u.i.k.p.i.AbstractProblemLoader Environment load took 408.1ns 
121739     INFO  main            d.u.i.k.p.i.AbstractProblemLoader Creating init config 
125201     DEBUG main            d.u.i.k.p.i.AbstractProblemLoader Init config took 3.46s 
125242     INFO  main            d.u.i.k.p.i.AbstractProblemLoader Replaying proof ArrayCopy[ArrayCopy::arraycopy(java.lang.Object,int,java.lang.Object,int,int)].JML normal_behavior operation contract.0 
126019     DEBUG main            d.u.i.k.p.i.IntermediateProofReplayer Proof replay took 758.57ms 
126020     DEBUG main            d.u.i.k.p.r.p.TestFile    ... success: reloaded. 
126021     INFO  main            d.u.i.k.p.r.p.TestFile    Now processing file /home/runner/work/key/key/key.core/../key.ui/examples/redux/arrays/ArrayCopy.arraycopy.exceptional.0.key 
126022     INFO  main            d.u.i.k.p.i.AbstractProblemLoader Loading environment from /home/runner/work/key/key/key.core/../key.ui/examples/redux/arrays/ArrayCopy.arraycopy.exceptional.0.key 
126022     DEBUG main            d.u.i.k.p.i.AbstractProblemLoader Environment load took 127.3ns 
126023     INFO  main            d.u.i.k.p.i.AbstractProblemLoader Creating init config 
129475     DEBUG main            d.u.i.k.p.i.AbstractProblemLoader Init config took 3.45s 
129522     INFO  main            d.u.i.k.p.i.AbstractProblemLoader Replaying proof ArrayCopy[ArrayCopy::arraycopy(java.lang.Object,int,java.lang.Object,int,int)].JML exceptional_behavior operation contract.0 
129523     DEBUG main            d.u.i.k.p.i.IntermediateProofReplayer Proof replay took 6.9ns 
129927     INFO  main            d.u.i.k.p.r.p.TestFile    ... finished proof: closed. 
130159     INFO  main            d.u.i.k.p.i.AbstractProblemLoader Loading environment from /home/runner/work/key/key/key.core/../key.ui/examples/redux/arrays/ArrayCopy.arraycopy.exceptional.0.key.proof 
130159     DEBUG main            d.u.i.k.p.i.AbstractProblemLoader Environment load took 460.4ns 
130160     INFO  main            d.u.i.k.p.i.AbstractProblemLoader Creating init config 
133547     DEBUG main            d.u.i.k.p.i.AbstractProblemLoader Init config took 3.39s 
133586     INFO  main            d.u.i.k.p.i.AbstractProblemLoader Replaying proof ArrayCopy[ArrayCopy::arraycopy(java.lang.Object,int,java.lang.Object,int,int)].JML exceptional_behavior operation contract.0 
133705     DEBUG main            d.u.i.k.p.i.IntermediateProofReplayer Proof replay took 115.36ms 
133706     DEBUG main            d.u.i.k.p.r.p.TestFile    ... success: reloaded. 
133708     INFO  main            d.u.i.k.p.r.p.TestFile    Now processing file /home/runner/work/key/key/key.core/../key.ui/examples/redux/arrays/ArrayCopy.arraycopy.exceptional.1.key 
133708     INFO  main            d.u.i.k.p.i.AbstractProblemLoader Loading environment from /home/runner/work/key/key/key.core/../key.ui/examples/redux/arrays/ArrayCopy.arraycopy.exceptional.1.key 
133708     DEBUG main            d.u.i.k.p.i.AbstractProblemLoader Environment load took 205.2ns 
133710     INFO  main            d.u.i.k.p.i.AbstractProblemLoader Creating init config 
137110     DEBUG main            d.u.i.k.p.i.AbstractProblemLoader Init config took 3.4s 
137148     INFO  main            d.u.i.k.p.i.AbstractProblemLoader Replaying proof ArrayCopy[ArrayCopy::arraycopy(java.lang.Object,int,java.lang.Object,int,int)].JML exceptional_behavior operation contract.1 
137150     DEBUG main            d.u.i.k.p.i.IntermediateProofReplayer Proof replay took 6.4ns 
144038     INFO  main            d.u.i.k.p.r.p.TestFile    ... finished proof: closed. 
144344     INFO  main            d.u.i.k.p.i.AbstractProblemLoader Loading environment from /home/runner/work/key/key/key.core/../key.ui/examples/redux/arrays/ArrayCopy.arraycopy.exceptional.1.key.proof 
144344     DEBUG main            d.u.i.k.p.i.AbstractProblemLoader Environment load took 417.4ns 
144347     INFO  main            d.u.i.k.p.i.AbstractProblemLoader Creating init config 
147680     DEBUG main            d.u.i.k.p.i.AbstractProblemLoader Init config took 3.33s 
147719     INFO  main            d.u.i.k.p.i.AbstractProblemLoader Replaying proof ArrayCopy[ArrayCopy::arraycopy(java.lang.Object,int,java.lang.Object,int,int)].JML exceptional_behavior operation contract.1 
149159     DEBUG main            d.u.i.k.p.i.IntermediateProofReplayer Proof replay took 1.42s 
149162     DEBUG main            d.u.i.k.p.r.p.TestFile    ... success: reloaded. 
6270107    INFO  Test worker     d.u.i.k.p.r.RunAllProofsTestUnit Returning from test redux 
]]></system-out>
  <system-err><![CDATA[]]></system-err>
</testsuite>
