<?xml version="1.0" encoding="UTF-8"?>
<testsuite name="de.uka.ilkd.key.testcase.smt.testgen.TestTestgen" tests="1" skipped="0" failures="0" errors="0" timestamp="2023-06-03T11:04:09" hostname="fv-az250-601" time="5.704">
  <properties/>
  <testcase name="testMiddle()" classname="de.uka.ilkd.key.testcase.smt.testgen.TestTestgen" time="5.704"/>
  <system-out><![CDATA[19664      WARN  Test worker     d.u.i.k.t.s.t.TestTestgen Warning: Z3_CE is not installed, tests skipped. 
19664      WARN  Test worker     d.u.i.k.t.s.t.TestTestgen Maybe use JVM system property "z3SolverPath" to define the path to the Z3 command. 
19680      INFO  Test worker     d.u.i.k.p.i.AbstractProblemLoader Loading environment from src\test\resources\testcase\smt\tg\middle.key 
19680      DEBUG Test worker     d.u.i.k.p.i.AbstractProblemLoader Environment load took 285.8ns 
19680      INFO  Test worker     d.u.i.k.p.i.AbstractProblemLoader Creating init config 
24627      DEBUG Test worker     d.u.i.k.p.i.AbstractProblemLoader Init config took 4.95s 
24737      INFO  Test worker     d.u.i.k.p.i.AbstractProblemLoader Replaying proof Middle[Middle::middle(int,int,int)].JML normal_behavior operation contract.0 
24737      DEBUG Test worker     d.u.i.k.p.i.IntermediateProofReplayer Proof replay took 18.2ns 
]]></system-out>
  <system-err><![CDATA[]]></system-err>
</testsuite>
