<?xml version="1.0" encoding="UTF-8"?>
<testsuite name="de.uka.ilkd.key.parser.TestTermParserHeap" tests="39" skipped="0" failures="0" errors="0" timestamp="2023-04-05T13:33:45" hostname="fv-az440-149" time="96.743">
  <properties/>
  <testcase name="testBracketHeapUpdate()" classname="de.uka.ilkd.key.parser.TestTermParserHeap" time="0.019"/>
  <testcase name="testStore()" classname="de.uka.ilkd.key.parser.TestTermParserHeap" time="0.006"/>
  <testcase name="testUnknownConstant()" classname="de.uka.ilkd.key.parser.TestTermParserHeap" time="0.001"/>
  <testcase name="testAllFieldsSelector()" classname="de.uka.ilkd.key.parser.TestTermParserHeap" time="0.001"/>
  <testcase name="testParsePrettyPrintedSelect()" classname="de.uka.ilkd.key.parser.TestTermParserHeap" time="0.001"/>
  <testcase name="testAccessStaticMembers()" classname="de.uka.ilkd.key.parser.TestTermParserHeap" time="0.004"/>
  <testcase name="testAtOperator_1()" classname="de.uka.ilkd.key.parser.TestTermParserHeap" time="0.001"/>
  <testcase name="testAtOperator_2()" classname="de.uka.ilkd.key.parser.TestTermParserHeap" time="0.001"/>
  <testcase name="testAtOperator_3()" classname="de.uka.ilkd.key.parser.TestTermParserHeap" time="0.001"/>
  <testcase name="testAtOperator_4()" classname="de.uka.ilkd.key.parser.TestTermParserHeap" time="0.004"/>
  <testcase name="testAtOperator_5()" classname="de.uka.ilkd.key.parser.TestTermParserHeap" time="0.001"/>
  <testcase name="testAtOperator_6()" classname="de.uka.ilkd.key.parser.TestTermParserHeap" time="0.002"/>
  <testcase name="testAtOperator_7()" classname="de.uka.ilkd.key.parser.TestTermParserHeap" time="0.002"/>
  <testcase name="testAtOperator_8()" classname="de.uka.ilkd.key.parser.TestTermParserHeap" time="0.002"/>
  <testcase name="testVerifyExceptionIfAtOperatorNotPreceededBySelectTerm()" classname="de.uka.ilkd.key.parser.TestTermParserHeap" time="0.001"/>
  <testcase name="testBugResettingCounter()" classname="de.uka.ilkd.key.parser.TestTermParserHeap" time="0.002"/>
  <testcase name="testLocationSets()" classname="de.uka.ilkd.key.parser.TestTermParserHeap" time="0.001"/>
  <testcase name="testQuantifiedSelect()" classname="de.uka.ilkd.key.parser.TestTermParserHeap" time="0.002"/>
  <testcase name="testGenericObjectProperties()" classname="de.uka.ilkd.key.parser.TestTermParserHeap" time="0.002"/>
  <testcase name="testQueryInheritance_1()" classname="de.uka.ilkd.key.parser.TestTermParserHeap" time="0.005"/>
  <testcase name="testQueryInheritance_2()" classname="de.uka.ilkd.key.parser.TestTermParserHeap" time="0.001"/>
  <testcase name="testQueryInheritance_3()" classname="de.uka.ilkd.key.parser.TestTermParserHeap" time="0.005"/>
  <testcase name="testQueryInheritance_4()" classname="de.uka.ilkd.key.parser.TestTermParserHeap" time="0.003"/>
  <testcase name="testQueryInheritance_5()" classname="de.uka.ilkd.key.parser.TestTermParserHeap" time="0.001"/>
  <testcase name="testQueryInheritance_6()" classname="de.uka.ilkd.key.parser.TestTermParserHeap" time="0.001"/>
  <testcase name="testQueryInheritance_7()" classname="de.uka.ilkd.key.parser.TestTermParserHeap" time="0.001"/>
  <testcase name="testQueryInheritance_8()" classname="de.uka.ilkd.key.parser.TestTermParserHeap" time="0.002"/>
  <testcase name="testQueryInheritance_9()" classname="de.uka.ilkd.key.parser.TestTermParserHeap" time="0.001"/>
  <testcase name="testQueryBasic_10()" classname="de.uka.ilkd.key.parser.TestTermParserHeap" time="0.001"/>
  <testcase name="testQueryBasic_11()" classname="de.uka.ilkd.key.parser.TestTermParserHeap" time="0.001"/>
  <testcase name="testQueryBasic_1()" classname="de.uka.ilkd.key.parser.TestTermParserHeap" time="0.001"/>
  <testcase name="testQueryBasic_2()" classname="de.uka.ilkd.key.parser.TestTermParserHeap" time="0.001"/>
  <testcase name="testQueryBasic_3()" classname="de.uka.ilkd.key.parser.TestTermParserHeap" time="0.001"/>
  <testcase name="testQueryBasic_4()" classname="de.uka.ilkd.key.parser.TestTermParserHeap" time="0.002"/>
  <testcase name="testQueryBasic_5()" classname="de.uka.ilkd.key.parser.TestTermParserHeap" time="0.001"/>
  <testcase name="testQueryBasic_6()" classname="de.uka.ilkd.key.parser.TestTermParserHeap" time="0.002"/>
  <testcase name="testQueryBasic_7()" classname="de.uka.ilkd.key.parser.TestTermParserHeap" time="0.002"/>
  <testcase name="testQueryBasic_8()" classname="de.uka.ilkd.key.parser.TestTermParserHeap" time="0.002"/>
  <testcase name="testQueryBasic_9()" classname="de.uka.ilkd.key.parser.TestTermParserHeap" time="0.001"/>
  <system-out><![CDATA[263079     INFO  Test worker     d.u.i.k.n.KeyIO           Parsing took 0 ms 
263080     INFO  Test worker     d.u.i.k.n.KeyIO           MODE: declarations took 0 ms 
263080     INFO  Test worker     d.u.i.k.n.KeyIO           Parsing took 0 ms 
263080     INFO  Test worker     d.u.i.k.n.KeyIO           MODE: declarations took 0 ms 
263080     INFO  Test worker     d.u.i.k.n.KeyIO           Parsing took 0 ms 
263081     INFO  Test worker     d.u.i.k.n.KeyIO           MODE: declarations took 0 ms 
263081     INFO  Test worker     d.u.i.k.n.KeyIO           Parsing took 0 ms 
263081     INFO  Test worker     d.u.i.k.n.KeyIO           MODE: declarations took 0 ms 
263081     INFO  Test worker     d.u.i.k.n.KeyIO           Parsing took 0 ms 
263081     INFO  Test worker     d.u.i.k.n.KeyIO           MODE: declarations took 0 ms 
265708     INFO  Test worker     d.u.i.k.n.KeyIO           Parsing took 1 ms 
265708     INFO  Test worker     d.u.i.k.n.KeyIO           MODE: declarations took 0 ms 
265708     INFO  Test worker     d.u.i.k.n.KeyIO           Parsing took 0 ms 
265708     INFO  Test worker     d.u.i.k.n.KeyIO           MODE: declarations took 0 ms 
265708     INFO  Test worker     d.u.i.k.n.KeyIO           Parsing took 0 ms 
265708     INFO  Test worker     d.u.i.k.n.KeyIO           MODE: declarations took 0 ms 
265708     INFO  Test worker     d.u.i.k.n.KeyIO           Parsing took 0 ms 
265708     INFO  Test worker     d.u.i.k.n.KeyIO           MODE: declarations took 0 ms 
265708     INFO  Test worker     d.u.i.k.n.KeyIO           Parsing took 0 ms 
265708     INFO  Test worker     d.u.i.k.n.KeyIO           MODE: declarations took 0 ms 
268267     INFO  Test worker     d.u.i.k.n.KeyIO           Parsing took 0 ms 
268267     INFO  Test worker     d.u.i.k.n.KeyIO           MODE: declarations took 0 ms 
268267     INFO  Test worker     d.u.i.k.n.KeyIO           Parsing took 0 ms 
268267     INFO  Test worker     d.u.i.k.n.KeyIO           MODE: declarations took 0 ms 
268267     INFO  Test worker     d.u.i.k.n.KeyIO           Parsing took 0 ms 
268267     INFO  Test worker     d.u.i.k.n.KeyIO           MODE: declarations took 0 ms 
268267     INFO  Test worker     d.u.i.k.n.KeyIO           Parsing took 0 ms 
268267     INFO  Test worker     d.u.i.k.n.KeyIO           MODE: declarations took 0 ms 
268267     INFO  Test worker     d.u.i.k.n.KeyIO           Parsing took 0 ms 
268268     INFO  Test worker     d.u.i.k.n.KeyIO           MODE: declarations took 0 ms 
268268     INFO  Test worker     d.u.i.k.n.KeyIO           Parsing took 0 ms 
268268     INFO  Test worker     d.u.i.k.n.KeyIO           MODE: declarations took 0 ms 
270874     INFO  Test worker     d.u.i.k.n.KeyIO           Parsing took 0 ms 
270874     INFO  Test worker     d.u.i.k.n.KeyIO           MODE: declarations took 0 ms 
270874     INFO  Test worker     d.u.i.k.n.KeyIO           Parsing took 0 ms 
270874     INFO  Test worker     d.u.i.k.n.KeyIO           MODE: declarations took 0 ms 
270874     INFO  Test worker     d.u.i.k.n.KeyIO           Parsing took 0 ms 
270874     INFO  Test worker     d.u.i.k.n.KeyIO           MODE: declarations took 0 ms 
270874     INFO  Test worker     d.u.i.k.n.KeyIO           Parsing took 0 ms 
270874     INFO  Test worker     d.u.i.k.n.KeyIO           MODE: declarations took 0 ms 
270874     INFO  Test worker     d.u.i.k.n.KeyIO           Parsing took 0 ms 
270874     INFO  Test worker     d.u.i.k.n.KeyIO           MODE: declarations took 0 ms 
273439     INFO  Test worker     d.u.i.k.n.KeyIO           Parsing took 0 ms 
273439     INFO  Test worker     d.u.i.k.n.KeyIO           MODE: declarations took 0 ms 
273440     INFO  Test worker     d.u.i.k.n.KeyIO           Parsing took 1 ms 
273440     INFO  Test worker     d.u.i.k.n.KeyIO           MODE: declarations took 0 ms 
273440     INFO  Test worker     d.u.i.k.n.KeyIO           Parsing took 0 ms 
273440     INFO  Test worker     d.u.i.k.n.KeyIO           MODE: declarations took 0 ms 
273440     INFO  Test worker     d.u.i.k.n.KeyIO           Parsing took 0 ms 
273440     INFO  Test worker     d.u.i.k.n.KeyIO           MODE: declarations took 0 ms 
273440     INFO  Test worker     d.u.i.k.n.KeyIO           Parsing took 0 ms 
273440     INFO  Test worker     d.u.i.k.n.KeyIO           MODE: declarations took 0 ms 
276415     INFO  Test worker     d.u.i.k.n.KeyIO           Parsing took 1 ms 
276415     INFO  Test worker     d.u.i.k.n.KeyIO           MODE: declarations took 0 ms 
276415     INFO  Test worker     d.u.i.k.n.KeyIO           Parsing took 0 ms 
276415     INFO  Test worker     d.u.i.k.n.KeyIO           MODE: declarations took 0 ms 
276415     INFO  Test worker     d.u.i.k.n.KeyIO           Parsing took 0 ms 
276415     INFO  Test worker     d.u.i.k.n.KeyIO           MODE: declarations took 0 ms 
276415     INFO  Test worker     d.u.i.k.n.KeyIO           Parsing took 0 ms 
276415     INFO  Test worker     d.u.i.k.n.KeyIO           MODE: declarations took 0 ms 
276415     INFO  Test worker     d.u.i.k.n.KeyIO           Parsing took 0 ms 
276415     INFO  Test worker     d.u.i.k.n.KeyIO           MODE: declarations took 0 ms 
278936     INFO  Test worker     d.u.i.k.n.KeyIO           Parsing took 0 ms 
278936     INFO  Test worker     d.u.i.k.n.KeyIO           MODE: declarations took 0 ms 
278936     INFO  Test worker     d.u.i.k.n.KeyIO           Parsing took 0 ms 
278936     INFO  Test worker     d.u.i.k.n.KeyIO           MODE: declarations took 0 ms 
278936     INFO  Test worker     d.u.i.k.n.KeyIO           Parsing took 0 ms 
278936     INFO  Test worker     d.u.i.k.n.KeyIO           MODE: declarations took 0 ms 
278936     INFO  Test worker     d.u.i.k.n.KeyIO           Parsing took 0 ms 
278936     INFO  Test worker     d.u.i.k.n.KeyIO           MODE: declarations took 0 ms 
278936     INFO  Test worker     d.u.i.k.n.KeyIO           Parsing took 0 ms 
278936     INFO  Test worker     d.u.i.k.n.KeyIO           MODE: declarations took 0 ms 
281478     INFO  Test worker     d.u.i.k.n.KeyIO           Parsing took 0 ms 
281479     INFO  Test worker     d.u.i.k.n.KeyIO           MODE: declarations took 0 ms 
281479     INFO  Test worker     d.u.i.k.n.KeyIO           Parsing took 0 ms 
281479     INFO  Test worker     d.u.i.k.n.KeyIO           MODE: declarations took 0 ms 
281479     INFO  Test worker     d.u.i.k.n.KeyIO           Parsing took 0 ms 
281479     INFO  Test worker     d.u.i.k.n.KeyIO           MODE: declarations took 0 ms 
281479     INFO  Test worker     d.u.i.k.n.KeyIO           Parsing took 0 ms 
281479     INFO  Test worker     d.u.i.k.n.KeyIO           MODE: declarations took 0 ms 
281479     INFO  Test worker     d.u.i.k.n.KeyIO           Parsing took 0 ms 
281479     INFO  Test worker     d.u.i.k.n.KeyIO           MODE: declarations took 0 ms 
283991     INFO  Test worker     d.u.i.k.n.KeyIO           Parsing took 0 ms 
283991     INFO  Test worker     d.u.i.k.n.KeyIO           MODE: declarations took 0 ms 
283991     INFO  Test worker     d.u.i.k.n.KeyIO           Parsing took 0 ms 
283991     INFO  Test worker     d.u.i.k.n.KeyIO           MODE: declarations took 0 ms 
283991     INFO  Test worker     d.u.i.k.n.KeyIO           Parsing took 0 ms 
283991     INFO  Test worker     d.u.i.k.n.KeyIO           MODE: declarations took 0 ms 
283991     INFO  Test worker     d.u.i.k.n.KeyIO           Parsing took 0 ms 
283991     INFO  Test worker     d.u.i.k.n.KeyIO           MODE: declarations took 0 ms 
283991     INFO  Test worker     d.u.i.k.n.KeyIO           Parsing took 0 ms 
283991     INFO  Test worker     d.u.i.k.n.KeyIO           MODE: declarations took 0 ms 
286507     INFO  Test worker     d.u.i.k.n.KeyIO           Parsing took 0 ms 
286508     INFO  Test worker     d.u.i.k.n.KeyIO           MODE: declarations took 0 ms 
286508     INFO  Test worker     d.u.i.k.n.KeyIO           Parsing took 0 ms 
286508     INFO  Test worker     d.u.i.k.n.KeyIO           MODE: declarations took 0 ms 
286508     INFO  Test worker     d.u.i.k.n.KeyIO           Parsing took 0 ms 
286508     INFO  Test worker     d.u.i.k.n.KeyIO           MODE: declarations took 0 ms 
286508     INFO  Test worker     d.u.i.k.n.KeyIO           Parsing took 0 ms 
286508     INFO  Test worker     d.u.i.k.n.KeyIO           MODE: declarations took 0 ms 
286508     INFO  Test worker     d.u.i.k.n.KeyIO           Parsing took 0 ms 
286508     INFO  Test worker     d.u.i.k.n.KeyIO           MODE: declarations took 0 ms 
289022     INFO  Test worker     d.u.i.k.n.KeyIO           Parsing took 0 ms 
289022     INFO  Test worker     d.u.i.k.n.KeyIO           MODE: declarations took 0 ms 
289022     INFO  Test worker     d.u.i.k.n.KeyIO           Parsing took 0 ms 
289022     INFO  Test worker     d.u.i.k.n.KeyIO           MODE: declarations took 0 ms 
289022     INFO  Test worker     d.u.i.k.n.KeyIO           Parsing took 0 ms 
289022     INFO  Test worker     d.u.i.k.n.KeyIO           MODE: declarations took 0 ms 
289022     INFO  Test worker     d.u.i.k.n.KeyIO           Parsing took 0 ms 
289022     INFO  Test worker     d.u.i.k.n.KeyIO           MODE: declarations took 0 ms 
289022     INFO  Test worker     d.u.i.k.n.KeyIO           Parsing took 0 ms 
289022     INFO  Test worker     d.u.i.k.n.KeyIO           MODE: declarations took 0 ms 
291541     INFO  Test worker     d.u.i.k.n.KeyIO           Parsing took 1 ms 
291541     INFO  Test worker     d.u.i.k.n.KeyIO           MODE: declarations took 0 ms 
291541     INFO  Test worker     d.u.i.k.n.KeyIO           Parsing took 0 ms 
291541     INFO  Test worker     d.u.i.k.n.KeyIO           MODE: declarations took 0 ms 
291541     INFO  Test worker     d.u.i.k.n.KeyIO           Parsing took 0 ms 
291541     INFO  Test worker     d.u.i.k.n.KeyIO           MODE: declarations took 0 ms 
291541     INFO  Test worker     d.u.i.k.n.KeyIO           Parsing took 0 ms 
291541     INFO  Test worker     d.u.i.k.n.KeyIO           MODE: declarations took 0 ms 
291541     INFO  Test worker     d.u.i.k.n.KeyIO           Parsing took 0 ms 
291541     INFO  Test worker     d.u.i.k.n.KeyIO           MODE: declarations took 0 ms 
294084     INFO  Test worker     d.u.i.k.n.KeyIO           Parsing took 0 ms 
294085     INFO  Test worker     d.u.i.k.n.KeyIO           MODE: declarations took 1 ms 
294085     INFO  Test worker     d.u.i.k.n.KeyIO           Parsing took 0 ms 
294085     INFO  Test worker     d.u.i.k.n.KeyIO           MODE: declarations took 0 ms 
294085     INFO  Test worker     d.u.i.k.n.KeyIO           Parsing took 0 ms 
294085     INFO  Test worker     d.u.i.k.n.KeyIO           MODE: declarations took 0 ms 
294085     INFO  Test worker     d.u.i.k.n.KeyIO           Parsing took 0 ms 
294085     INFO  Test worker     d.u.i.k.n.KeyIO           MODE: declarations took 0 ms 
294085     INFO  Test worker     d.u.i.k.n.KeyIO           Parsing took 0 ms 
294085     INFO  Test worker     d.u.i.k.n.KeyIO           MODE: declarations took 0 ms 
296616     INFO  Test worker     d.u.i.k.n.KeyIO           Parsing took 1 ms 
296616     INFO  Test worker     d.u.i.k.n.KeyIO           MODE: declarations took 0 ms 
296616     INFO  Test worker     d.u.i.k.n.KeyIO           Parsing took 0 ms 
296616     INFO  Test worker     d.u.i.k.n.KeyIO           MODE: declarations took 0 ms 
296616     INFO  Test worker     d.u.i.k.n.KeyIO           Parsing took 0 ms 
296616     INFO  Test worker     d.u.i.k.n.KeyIO           MODE: declarations took 0 ms 
296616     INFO  Test worker     d.u.i.k.n.KeyIO           Parsing took 0 ms 
296616     INFO  Test worker     d.u.i.k.n.KeyIO           MODE: declarations took 0 ms 
296616     INFO  Test worker     d.u.i.k.n.KeyIO           Parsing took 0 ms 
296616     INFO  Test worker     d.u.i.k.n.KeyIO           MODE: declarations took 0 ms 
299145     INFO  Test worker     d.u.i.k.n.KeyIO           Parsing took 0 ms 
299145     INFO  Test worker     d.u.i.k.n.KeyIO           MODE: declarations took 0 ms 
299145     INFO  Test worker     d.u.i.k.n.KeyIO           Parsing took 0 ms 
299145     INFO  Test worker     d.u.i.k.n.KeyIO           MODE: declarations took 0 ms 
299145     INFO  Test worker     d.u.i.k.n.KeyIO           Parsing took 0 ms 
299145     INFO  Test worker     d.u.i.k.n.KeyIO           MODE: declarations took 0 ms 
299145     INFO  Test worker     d.u.i.k.n.KeyIO           Parsing took 0 ms 
299145     INFO  Test worker     d.u.i.k.n.KeyIO           MODE: declarations took 0 ms 
299145     INFO  Test worker     d.u.i.k.n.KeyIO           Parsing took 0 ms 
299145     INFO  Test worker     d.u.i.k.n.KeyIO           MODE: declarations took 0 ms 
299146     WARN  Test worker     d.u.i.k.n.KeYParser       [syntax-error] <unknown>:1:11: mismatched input '@' expecting {'/', ':=', '.', '(', ')', '{', '[', '@', PARALLEL, OR, AND, IMP, '=', NOT_EQUALS, '%', '*', '-', '+', '>', GREATEREQUAL, '<', LESSEQUAL, LGUILLEMETS, EQV} [@11,11:11='@',<153>,1:11] (termEOF) 
301670     INFO  Test worker     d.u.i.k.n.KeyIO           Parsing took 0 ms 
301670     INFO  Test worker     d.u.i.k.n.KeyIO           MODE: declarations took 0 ms 
301670     INFO  Test worker     d.u.i.k.n.KeyIO           Parsing took 0 ms 
301670     INFO  Test worker     d.u.i.k.n.KeyIO           MODE: declarations took 0 ms 
301670     INFO  Test worker     d.u.i.k.n.KeyIO           Parsing took 0 ms 
301670     INFO  Test worker     d.u.i.k.n.KeyIO           MODE: declarations took 0 ms 
301670     INFO  Test worker     d.u.i.k.n.KeyIO           Parsing took 0 ms 
301670     INFO  Test worker     d.u.i.k.n.KeyIO           MODE: declarations took 0 ms 
301670     INFO  Test worker     d.u.i.k.n.KeyIO           Parsing took 0 ms 
301670     INFO  Test worker     d.u.i.k.n.KeyIO           MODE: declarations took 0 ms 
304180     INFO  Test worker     d.u.i.k.n.KeyIO           Parsing took 0 ms 
304180     INFO  Test worker     d.u.i.k.n.KeyIO           MODE: declarations took 0 ms 
304180     INFO  Test worker     d.u.i.k.n.KeyIO           Parsing took 0 ms 
304180     INFO  Test worker     d.u.i.k.n.KeyIO           MODE: declarations took 0 ms 
304180     INFO  Test worker     d.u.i.k.n.KeyIO           Parsing took 0 ms 
304180     INFO  Test worker     d.u.i.k.n.KeyIO           MODE: declarations took 0 ms 
304180     INFO  Test worker     d.u.i.k.n.KeyIO           Parsing took 0 ms 
304180     INFO  Test worker     d.u.i.k.n.KeyIO           MODE: declarations took 0 ms 
304180     INFO  Test worker     d.u.i.k.n.KeyIO           Parsing took 0 ms 
304180     INFO  Test worker     d.u.i.k.n.KeyIO           MODE: declarations took 0 ms 
306717     INFO  Test worker     d.u.i.k.n.KeyIO           Parsing took 0 ms 
306717     INFO  Test worker     d.u.i.k.n.KeyIO           MODE: declarations took 0 ms 
306717     INFO  Test worker     d.u.i.k.n.KeyIO           Parsing took 0 ms 
306717     INFO  Test worker     d.u.i.k.n.KeyIO           MODE: declarations took 0 ms 
306717     INFO  Test worker     d.u.i.k.n.KeyIO           Parsing took 0 ms 
306717     INFO  Test worker     d.u.i.k.n.KeyIO           MODE: declarations took 0 ms 
306717     INFO  Test worker     d.u.i.k.n.KeyIO           Parsing took 0 ms 
306717     INFO  Test worker     d.u.i.k.n.KeyIO           MODE: declarations took 0 ms 
306717     INFO  Test worker     d.u.i.k.n.KeyIO           Parsing took 0 ms 
306717     INFO  Test worker     d.u.i.k.n.KeyIO           MODE: declarations took 0 ms 
309240     INFO  Test worker     d.u.i.k.n.KeyIO           Parsing took 0 ms 
309240     INFO  Test worker     d.u.i.k.n.KeyIO           MODE: declarations took 0 ms 
309240     INFO  Test worker     d.u.i.k.n.KeyIO           Parsing took 0 ms 
309240     INFO  Test worker     d.u.i.k.n.KeyIO           MODE: declarations took 0 ms 
309240     INFO  Test worker     d.u.i.k.n.KeyIO           Parsing took 0 ms 
309240     INFO  Test worker     d.u.i.k.n.KeyIO           MODE: declarations took 0 ms 
309240     INFO  Test worker     d.u.i.k.n.KeyIO           Parsing took 0 ms 
309240     INFO  Test worker     d.u.i.k.n.KeyIO           MODE: declarations took 0 ms 
309240     INFO  Test worker     d.u.i.k.n.KeyIO           Parsing took 0 ms 
309240     INFO  Test worker     d.u.i.k.n.KeyIO           MODE: declarations took 0 ms 
311764     INFO  Test worker     d.u.i.k.n.KeyIO           Parsing took 0 ms 
311764     INFO  Test worker     d.u.i.k.n.KeyIO           MODE: declarations took 0 ms 
311764     INFO  Test worker     d.u.i.k.n.KeyIO           Parsing took 0 ms 
311764     INFO  Test worker     d.u.i.k.n.KeyIO           MODE: declarations took 0 ms 
311764     INFO  Test worker     d.u.i.k.n.KeyIO           Parsing took 0 ms 
311764     INFO  Test worker     d.u.i.k.n.KeyIO           MODE: declarations took 0 ms 
311764     INFO  Test worker     d.u.i.k.n.KeyIO           Parsing took 0 ms 
311764     INFO  Test worker     d.u.i.k.n.KeyIO           MODE: declarations took 0 ms 
311764     INFO  Test worker     d.u.i.k.n.KeyIO           Parsing took 0 ms 
311765     INFO  Test worker     d.u.i.k.n.KeyIO           MODE: declarations took 0 ms 
314296     INFO  Test worker     d.u.i.k.n.KeyIO           Parsing took 0 ms 
314296     INFO  Test worker     d.u.i.k.n.KeyIO           MODE: declarations took 0 ms 
314296     INFO  Test worker     d.u.i.k.n.KeyIO           Parsing took 0 ms 
314296     INFO  Test worker     d.u.i.k.n.KeyIO           MODE: declarations took 0 ms 
314296     INFO  Test worker     d.u.i.k.n.KeyIO           Parsing took 0 ms 
314297     INFO  Test worker     d.u.i.k.n.KeyIO           MODE: declarations took 1 ms 
314297     INFO  Test worker     d.u.i.k.n.KeyIO           Parsing took 0 ms 
314297     INFO  Test worker     d.u.i.k.n.KeyIO           MODE: declarations took 0 ms 
314297     INFO  Test worker     d.u.i.k.n.KeyIO           Parsing took 0 ms 
314297     INFO  Test worker     d.u.i.k.n.KeyIO           MODE: declarations took 0 ms 
316818     INFO  Test worker     d.u.i.k.n.KeyIO           Parsing took 0 ms 
316818     INFO  Test worker     d.u.i.k.n.KeyIO           MODE: declarations took 0 ms 
316819     INFO  Test worker     d.u.i.k.n.KeyIO           Parsing took 0 ms 
316819     INFO  Test worker     d.u.i.k.n.KeyIO           MODE: declarations took 0 ms 
316819     INFO  Test worker     d.u.i.k.n.KeyIO           Parsing took 0 ms 
316820     INFO  Test worker     d.u.i.k.n.KeyIO           MODE: declarations took 1 ms 
316820     INFO  Test worker     d.u.i.k.n.KeyIO           Parsing took 0 ms 
316820     INFO  Test worker     d.u.i.k.n.KeyIO           MODE: declarations took 0 ms 
316820     INFO  Test worker     d.u.i.k.n.KeyIO           Parsing took 0 ms 
316820     INFO  Test worker     d.u.i.k.n.KeyIO           MODE: declarations took 0 ms 
319372     INFO  Test worker     d.u.i.k.n.KeyIO           Parsing took 0 ms 
319372     INFO  Test worker     d.u.i.k.n.KeyIO           MODE: declarations took 0 ms 
319372     INFO  Test worker     d.u.i.k.n.KeyIO           Parsing took 0 ms 
319372     INFO  Test worker     d.u.i.k.n.KeyIO           MODE: declarations took 0 ms 
319372     INFO  Test worker     d.u.i.k.n.KeyIO           Parsing took 0 ms 
319372     INFO  Test worker     d.u.i.k.n.KeyIO           MODE: declarations took 0 ms 
319372     INFO  Test worker     d.u.i.k.n.KeyIO           Parsing took 0 ms 
319374     INFO  Test worker     d.u.i.k.n.KeyIO           MODE: declarations took 0 ms 
319374     INFO  Test worker     d.u.i.k.n.KeyIO           Parsing took 0 ms 
319374     INFO  Test worker     d.u.i.k.n.KeyIO           MODE: declarations took 0 ms 
321900     INFO  Test worker     d.u.i.k.n.KeyIO           Parsing took 0 ms 
321901     INFO  Test worker     d.u.i.k.n.KeyIO           MODE: declarations took 0 ms 
321901     INFO  Test worker     d.u.i.k.n.KeyIO           Parsing took 0 ms 
321901     INFO  Test worker     d.u.i.k.n.KeyIO           MODE: declarations took 0 ms 
321901     INFO  Test worker     d.u.i.k.n.KeyIO           Parsing took 0 ms 
321901     INFO  Test worker     d.u.i.k.n.KeyIO           MODE: declarations took 0 ms 
321901     INFO  Test worker     d.u.i.k.n.KeyIO           Parsing took 0 ms 
321901     INFO  Test worker     d.u.i.k.n.KeyIO           MODE: declarations took 0 ms 
321901     INFO  Test worker     d.u.i.k.n.KeyIO           Parsing took 0 ms 
321901     INFO  Test worker     d.u.i.k.n.KeyIO           MODE: declarations took 0 ms 
324420     INFO  Test worker     d.u.i.k.n.KeyIO           Parsing took 0 ms 
324420     INFO  Test worker     d.u.i.k.n.KeyIO           MODE: declarations took 0 ms 
324420     INFO  Test worker     d.u.i.k.n.KeyIO           Parsing took 0 ms 
324420     INFO  Test worker     d.u.i.k.n.KeyIO           MODE: declarations took 0 ms 
324420     INFO  Test worker     d.u.i.k.n.KeyIO           Parsing took 0 ms 
324420     INFO  Test worker     d.u.i.k.n.KeyIO           MODE: declarations took 0 ms 
324420     INFO  Test worker     d.u.i.k.n.KeyIO           Parsing took 0 ms 
324420     INFO  Test worker     d.u.i.k.n.KeyIO           MODE: declarations took 0 ms 
324420     INFO  Test worker     d.u.i.k.n.KeyIO           Parsing took 0 ms 
324420     INFO  Test worker     d.u.i.k.n.KeyIO           MODE: declarations took 0 ms 
326944     INFO  Test worker     d.u.i.k.n.KeyIO           Parsing took 0 ms 
326945     INFO  Test worker     d.u.i.k.n.KeyIO           MODE: declarations took 0 ms 
326945     INFO  Test worker     d.u.i.k.n.KeyIO           Parsing took 0 ms 
326945     INFO  Test worker     d.u.i.k.n.KeyIO           MODE: declarations took 0 ms 
326945     INFO  Test worker     d.u.i.k.n.KeyIO           Parsing took 0 ms 
326945     INFO  Test worker     d.u.i.k.n.KeyIO           MODE: declarations took 0 ms 
326945     INFO  Test worker     d.u.i.k.n.KeyIO           Parsing took 0 ms 
326945     INFO  Test worker     d.u.i.k.n.KeyIO           MODE: declarations took 0 ms 
326945     INFO  Test worker     d.u.i.k.n.KeyIO           Parsing took 0 ms 
326945     INFO  Test worker     d.u.i.k.n.KeyIO           MODE: declarations took 0 ms 
329477     INFO  Test worker     d.u.i.k.n.KeyIO           Parsing took 0 ms 
329477     INFO  Test worker     d.u.i.k.n.KeyIO           MODE: declarations took 0 ms 
329478     INFO  Test worker     d.u.i.k.n.KeyIO           Parsing took 0 ms 
329478     INFO  Test worker     d.u.i.k.n.KeyIO           MODE: declarations took 0 ms 
329478     INFO  Test worker     d.u.i.k.n.KeyIO           Parsing took 0 ms 
329478     INFO  Test worker     d.u.i.k.n.KeyIO           MODE: declarations took 0 ms 
329479     INFO  Test worker     d.u.i.k.n.KeyIO           Parsing took 1 ms 
329479     INFO  Test worker     d.u.i.k.n.KeyIO           MODE: declarations took 0 ms 
329479     INFO  Test worker     d.u.i.k.n.KeyIO           Parsing took 0 ms 
329479     INFO  Test worker     d.u.i.k.n.KeyIO           MODE: declarations took 0 ms 
332002     INFO  Test worker     d.u.i.k.n.KeyIO           Parsing took 0 ms 
332002     INFO  Test worker     d.u.i.k.n.KeyIO           MODE: declarations took 0 ms 
332002     INFO  Test worker     d.u.i.k.n.KeyIO           Parsing took 0 ms 
332002     INFO  Test worker     d.u.i.k.n.KeyIO           MODE: declarations took 0 ms 
332002     INFO  Test worker     d.u.i.k.n.KeyIO           Parsing took 0 ms 
332002     INFO  Test worker     d.u.i.k.n.KeyIO           MODE: declarations took 0 ms 
332002     INFO  Test worker     d.u.i.k.n.KeyIO           Parsing took 0 ms 
332002     INFO  Test worker     d.u.i.k.n.KeyIO           MODE: declarations took 0 ms 
332002     INFO  Test worker     d.u.i.k.n.KeyIO           Parsing took 0 ms 
332002     INFO  Test worker     d.u.i.k.n.KeyIO           MODE: declarations took 0 ms 
334525     INFO  Test worker     d.u.i.k.n.KeyIO           Parsing took 0 ms 
334525     INFO  Test worker     d.u.i.k.n.KeyIO           MODE: declarations took 0 ms 
334525     INFO  Test worker     d.u.i.k.n.KeyIO           Parsing took 0 ms 
334525     INFO  Test worker     d.u.i.k.n.KeyIO           MODE: declarations took 0 ms 
334526     INFO  Test worker     d.u.i.k.n.KeyIO           Parsing took 1 ms 
334526     INFO  Test worker     d.u.i.k.n.KeyIO           MODE: declarations took 0 ms 
334526     INFO  Test worker     d.u.i.k.n.KeyIO           Parsing took 0 ms 
334526     INFO  Test worker     d.u.i.k.n.KeyIO           MODE: declarations took 0 ms 
334526     INFO  Test worker     d.u.i.k.n.KeyIO           Parsing took 0 ms 
334526     INFO  Test worker     d.u.i.k.n.KeyIO           MODE: declarations took 0 ms 
337049     INFO  Test worker     d.u.i.k.n.KeyIO           Parsing took 0 ms 
337049     INFO  Test worker     d.u.i.k.n.KeyIO           MODE: declarations took 0 ms 
337049     INFO  Test worker     d.u.i.k.n.KeyIO           Parsing took 0 ms 
337049     INFO  Test worker     d.u.i.k.n.KeyIO           MODE: declarations took 0 ms 
337049     INFO  Test worker     d.u.i.k.n.KeyIO           Parsing took 0 ms 
337049     INFO  Test worker     d.u.i.k.n.KeyIO           MODE: declarations took 0 ms 
337049     INFO  Test worker     d.u.i.k.n.KeyIO           Parsing took 0 ms 
337049     INFO  Test worker     d.u.i.k.n.KeyIO           MODE: declarations took 0 ms 
337049     INFO  Test worker     d.u.i.k.n.KeyIO           Parsing took 0 ms 
337049     INFO  Test worker     d.u.i.k.n.KeyIO           MODE: declarations took 0 ms 
339596     INFO  Test worker     d.u.i.k.n.KeyIO           Parsing took 0 ms 
339596     INFO  Test worker     d.u.i.k.n.KeyIO           MODE: declarations took 0 ms 
339596     INFO  Test worker     d.u.i.k.n.KeyIO           Parsing took 0 ms 
339596     INFO  Test worker     d.u.i.k.n.KeyIO           MODE: declarations took 0 ms 
339596     INFO  Test worker     d.u.i.k.n.KeyIO           Parsing took 0 ms 
339596     INFO  Test worker     d.u.i.k.n.KeyIO           MODE: declarations took 0 ms 
339596     INFO  Test worker     d.u.i.k.n.KeyIO           Parsing took 0 ms 
339596     INFO  Test worker     d.u.i.k.n.KeyIO           MODE: declarations took 0 ms 
339596     INFO  Test worker     d.u.i.k.n.KeyIO           Parsing took 0 ms 
339596     INFO  Test worker     d.u.i.k.n.KeyIO           MODE: declarations took 0 ms 
342122     INFO  Test worker     d.u.i.k.n.KeyIO           Parsing took 0 ms 
342122     INFO  Test worker     d.u.i.k.n.KeyIO           MODE: declarations took 0 ms 
342122     INFO  Test worker     d.u.i.k.n.KeyIO           Parsing took 0 ms 
342122     INFO  Test worker     d.u.i.k.n.KeyIO           MODE: declarations took 0 ms 
342122     INFO  Test worker     d.u.i.k.n.KeyIO           Parsing took 0 ms 
342122     INFO  Test worker     d.u.i.k.n.KeyIO           MODE: declarations took 0 ms 
342122     INFO  Test worker     d.u.i.k.n.KeyIO           Parsing took 0 ms 
342122     INFO  Test worker     d.u.i.k.n.KeyIO           MODE: declarations took 0 ms 
342122     INFO  Test worker     d.u.i.k.n.KeyIO           Parsing took 0 ms 
342122     INFO  Test worker     d.u.i.k.n.KeyIO           MODE: declarations took 0 ms 
344639     INFO  Test worker     d.u.i.k.n.KeyIO           Parsing took 1 ms 
344639     INFO  Test worker     d.u.i.k.n.KeyIO           MODE: declarations took 0 ms 
344639     INFO  Test worker     d.u.i.k.n.KeyIO           Parsing took 0 ms 
344639     INFO  Test worker     d.u.i.k.n.KeyIO           MODE: declarations took 0 ms 
344639     INFO  Test worker     d.u.i.k.n.KeyIO           Parsing took 0 ms 
344639     INFO  Test worker     d.u.i.k.n.KeyIO           MODE: declarations took 0 ms 
344639     INFO  Test worker     d.u.i.k.n.KeyIO           Parsing took 0 ms 
344639     INFO  Test worker     d.u.i.k.n.KeyIO           MODE: declarations took 0 ms 
344639     INFO  Test worker     d.u.i.k.n.KeyIO           Parsing took 0 ms 
344639     INFO  Test worker     d.u.i.k.n.KeyIO           MODE: declarations took 0 ms 
347178     INFO  Test worker     d.u.i.k.n.KeyIO           Parsing took 0 ms 
347178     INFO  Test worker     d.u.i.k.n.KeyIO           MODE: declarations took 0 ms 
347178     INFO  Test worker     d.u.i.k.n.KeyIO           Parsing took 0 ms 
347178     INFO  Test worker     d.u.i.k.n.KeyIO           MODE: declarations took 0 ms 
347178     INFO  Test worker     d.u.i.k.n.KeyIO           Parsing took 0 ms 
347178     INFO  Test worker     d.u.i.k.n.KeyIO           MODE: declarations took 0 ms 
347178     INFO  Test worker     d.u.i.k.n.KeyIO           Parsing took 0 ms 
347178     INFO  Test worker     d.u.i.k.n.KeyIO           MODE: declarations took 0 ms 
347178     INFO  Test worker     d.u.i.k.n.KeyIO           Parsing took 0 ms 
347178     INFO  Test worker     d.u.i.k.n.KeyIO           MODE: declarations took 0 ms 
349707     INFO  Test worker     d.u.i.k.n.KeyIO           Parsing took 0 ms 
349707     INFO  Test worker     d.u.i.k.n.KeyIO           MODE: declarations took 0 ms 
349707     INFO  Test worker     d.u.i.k.n.KeyIO           Parsing took 0 ms 
349707     INFO  Test worker     d.u.i.k.n.KeyIO           MODE: declarations took 0 ms 
349707     INFO  Test worker     d.u.i.k.n.KeyIO           Parsing took 0 ms 
349707     INFO  Test worker     d.u.i.k.n.KeyIO           MODE: declarations took 0 ms 
349707     INFO  Test worker     d.u.i.k.n.KeyIO           Parsing took 0 ms 
349707     INFO  Test worker     d.u.i.k.n.KeyIO           MODE: declarations took 0 ms 
349707     INFO  Test worker     d.u.i.k.n.KeyIO           Parsing took 0 ms 
349707     INFO  Test worker     d.u.i.k.n.KeyIO           MODE: declarations took 0 ms 
352219     INFO  Test worker     d.u.i.k.n.KeyIO           Parsing took 0 ms 
352220     INFO  Test worker     d.u.i.k.n.KeyIO           MODE: declarations took 1 ms 
352220     INFO  Test worker     d.u.i.k.n.KeyIO           Parsing took 0 ms 
352220     INFO  Test worker     d.u.i.k.n.KeyIO           MODE: declarations took 0 ms 
352220     INFO  Test worker     d.u.i.k.n.KeyIO           Parsing took 0 ms 
352220     INFO  Test worker     d.u.i.k.n.KeyIO           MODE: declarations took 0 ms 
352220     INFO  Test worker     d.u.i.k.n.KeyIO           Parsing took 0 ms 
352220     INFO  Test worker     d.u.i.k.n.KeyIO           MODE: declarations took 0 ms 
352220     INFO  Test worker     d.u.i.k.n.KeyIO           Parsing took 0 ms 
352220     INFO  Test worker     d.u.i.k.n.KeyIO           MODE: declarations took 0 ms 
354737     INFO  Test worker     d.u.i.k.n.KeyIO           Parsing took 0 ms 
354738     INFO  Test worker     d.u.i.k.n.KeyIO           MODE: declarations took 0 ms 
354738     INFO  Test worker     d.u.i.k.n.KeyIO           Parsing took 0 ms 
354738     INFO  Test worker     d.u.i.k.n.KeyIO           MODE: declarations took 0 ms 
354738     INFO  Test worker     d.u.i.k.n.KeyIO           Parsing took 0 ms 
354738     INFO  Test worker     d.u.i.k.n.KeyIO           MODE: declarations took 0 ms 
354738     INFO  Test worker     d.u.i.k.n.KeyIO           Parsing took 0 ms 
354738     INFO  Test worker     d.u.i.k.n.KeyIO           MODE: declarations took 0 ms 
354738     INFO  Test worker     d.u.i.k.n.KeyIO           Parsing took 0 ms 
354739     INFO  Test worker     d.u.i.k.n.KeyIO           MODE: declarations took 0 ms 
357308     INFO  Test worker     d.u.i.k.n.KeyIO           Parsing took 0 ms 
357308     INFO  Test worker     d.u.i.k.n.KeyIO           MODE: declarations took 0 ms 
357308     INFO  Test worker     d.u.i.k.n.KeyIO           Parsing took 0 ms 
357308     INFO  Test worker     d.u.i.k.n.KeyIO           MODE: declarations took 0 ms 
357308     INFO  Test worker     d.u.i.k.n.KeyIO           Parsing took 0 ms 
357308     INFO  Test worker     d.u.i.k.n.KeyIO           MODE: declarations took 0 ms 
357308     INFO  Test worker     d.u.i.k.n.KeyIO           Parsing took 0 ms 
357308     INFO  Test worker     d.u.i.k.n.KeyIO           MODE: declarations took 0 ms 
357308     INFO  Test worker     d.u.i.k.n.KeyIO           Parsing took 0 ms 
357308     INFO  Test worker     d.u.i.k.n.KeyIO           MODE: declarations took 0 ms 
359821     INFO  Test worker     d.u.i.k.n.KeyIO           Parsing took 0 ms 
359821     INFO  Test worker     d.u.i.k.n.KeyIO           MODE: declarations took 0 ms 
359821     INFO  Test worker     d.u.i.k.n.KeyIO           Parsing took 0 ms 
359821     INFO  Test worker     d.u.i.k.n.KeyIO           MODE: declarations took 0 ms 
359821     INFO  Test worker     d.u.i.k.n.KeyIO           Parsing took 0 ms 
359821     INFO  Test worker     d.u.i.k.n.KeyIO           MODE: declarations took 0 ms 
359821     INFO  Test worker     d.u.i.k.n.KeyIO           Parsing took 0 ms 
359821     INFO  Test worker     d.u.i.k.n.KeyIO           MODE: declarations took 0 ms 
359821     INFO  Test worker     d.u.i.k.n.KeyIO           Parsing took 0 ms 
359821     INFO  Test worker     d.u.i.k.n.KeyIO           MODE: declarations took 0 ms 
]]></system-out>
  <system-err><![CDATA[]]></system-err>
</testsuite>
