<?xml version="1.0" encoding="UTF-8"?>
<testsuite name="de.uka.ilkd.key.nparser.ParseLDTsTests" tests="2" skipped="0" failures="0" errors="0" timestamp="2023-04-05T13:32:13" hostname="fv-az440-149" time="0.731">
  <properties/>
  <testcase name="testLDT()" classname="de.uka.ilkd.key.nparser.ParseLDTsTests" time="0.068"/>
  <testcase name="testSR()" classname="de.uka.ilkd.key.nparser.ParseLDTsTests" time="0.663"/>
  <system-out><![CDATA[171012     INFO  Test worker     d.u.i.k.n.KeyIO           Parsing took 61 ms 
171013     INFO  Test worker     d.u.i.k.n.KeyIO           MODE: declarations took 1 ms 
171297     INFO  Test worker     d.u.i.k.n.KeyIO           Parsing took 278 ms 
171299     INFO  Test worker     d.u.i.k.n.KeyIO           MODE: declarations took 2 ms 
]]></system-out>
  <system-err><![CDATA[]]></system-err>
</testsuite>
