<?xml version="1.0" encoding="UTF-8"?>
<testsuite name="de.uka.ilkd.key.proof.TestOneStepSimplifier" tests="1" skipped="0" failures="0" errors="0" timestamp="2023-06-11T14:37:30" hostname="fv-az405-457" time="6.444">
  <properties/>
  <testcase name="loadWithRestriction()" classname="de.uka.ilkd.key.proof.TestOneStepSimplifier" time="6.444"/>
  <system-out><![CDATA[743335     INFO  Test worker     d.u.i.k.p.i.AbstractProblemLoader Loading environment from src\test\resources\testcase\ossRestriction.proof 
743335     DEBUG Test worker     d.u.i.k.p.i.AbstractProblemLoader Environment load took 182.8ns 
743335     INFO  Test worker     d.u.i.k.p.i.AbstractProblemLoader Creating init config 
743609     DEBUG Test worker     d.u.i.k.j.TypeConverter   No LDT found for Meta 
743609     DEBUG Test worker     d.u.i.k.j.TypeConverter   No LDT found for Meta 
743609     DEBUG Test worker     d.u.i.k.j.TypeConverter   No LDT found for Meta 
743609     DEBUG Test worker     d.u.i.k.j.TypeConverter   No LDT found for Meta 
744344     DEBUG Test worker     d.u.i.k.j.TypeConverter   No LDT found for JavaBigintExpression 
749728     DEBUG Test worker     d.u.i.k.p.i.AbstractProblemLoader Init config took 6.39s 
749771     INFO  Test worker     d.u.i.k.p.i.AbstractProblemLoader Replaying proof ossRestriction.proof 
749778     DEBUG Test worker     d.u.i.k.p.i.IntermediateProofReplayer Proof replay took 1.25ms 
]]></system-out>
  <system-err><![CDATA[]]></system-err>
</testsuite>
