<?xml version="1.0" encoding="UTF-8"?>
<testsuite name="de.uka.ilkd.key.rule.merge.PredicateAbstractionLatticeTests" tests="3" skipped="0" failures="0" errors="0" timestamp="2023-06-11T14:40:16" hostname="fv-az405-457" time="9.976">
  <properties/>
  <testcase name="testToAndFromString()" classname="de.uka.ilkd.key.rule.merge.PredicateAbstractionLatticeTests" time="5.069"/>
  <testcase name="testCreateSignLatticeWithPredicates()" classname="de.uka.ilkd.key.rule.merge.PredicateAbstractionLatticeTests" time="4.907"/>
  <testcase name="testTrivialPredicatesLattice()" classname="de.uka.ilkd.key.rule.merge.PredicateAbstractionLatticeTests" time="0.0"/>
  <system-out><![CDATA[909778     INFO  Test worker     d.u.i.k.p.i.AbstractProblemLoader Loading environment from src\test\resources\testcase\merge\dummy.key 
909778     DEBUG Test worker     d.u.i.k.p.i.AbstractProblemLoader Environment load took 165ns 
909778     INFO  Test worker     d.u.i.k.p.i.AbstractProblemLoader Creating init config 
914816     DEBUG Test worker     d.u.i.k.p.i.AbstractProblemLoader Init config took 5.04s 
914833     INFO  Test worker     d.u.i.k.p.i.AbstractProblemLoader Replaying proof dummy.key 
914833     DEBUG Test worker     d.u.i.k.p.i.IntermediateProofReplayer Proof replay took 10.8ns 
914848     INFO  Test worker     d.u.i.k.p.i.AbstractProblemLoader Loading environment from src\test\resources\testcase\merge\dummy.key 
914848     DEBUG Test worker     d.u.i.k.p.i.AbstractProblemLoader Environment load took 201.6ns 
914848     INFO  Test worker     d.u.i.k.p.i.AbstractProblemLoader Creating init config 
919708     DEBUG Test worker     d.u.i.k.p.i.AbstractProblemLoader Init config took 4.87s 
919739     INFO  Test worker     d.u.i.k.p.i.AbstractProblemLoader Replaying proof dummy.key 
919740     DEBUG Test worker     d.u.i.k.p.i.IntermediateProofReplayer Proof replay took 11.6ns 
]]></system-out>
  <system-err><![CDATA[]]></system-err>
</testsuite>
