<?xml version="1.0" encoding="UTF-8"?>
<testsuite name="de.uka.ilkd.key.rule.conditions.TestDropEffectlessElementary" tests="3" skipped="0" failures="0" errors="0" timestamp="2023-06-11T14:38:12" hostname="fv-az405-457" time="0.009">
  <properties/>
  <testcase name="testSelfAssignments()" classname="de.uka.ilkd.key.rule.conditions.TestDropEffectlessElementary" time="0.002"/>
  <testcase name="testFaultyCase()" classname="de.uka.ilkd.key.rule.conditions.TestDropEffectlessElementary" time="0.005"/>
  <testcase name="testDoubleAssignment()" classname="de.uka.ilkd.key.rule.conditions.TestDropEffectlessElementary" time="0.002"/>
  <system-out><![CDATA[]]></system-out>
  <system-err><![CDATA[]]></system-err>
</testsuite>
