<?xml version="1.0" encoding="UTF-8"?>
<testsuite name="de.uka.ilkd.key.logic.TestClashFreeSubst" tests="14" skipped="2" failures="0" errors="0" timestamp="2023-06-11T14:26:11" hostname="fv-az405-457" time="87.406">
  <properties/>
  <testcase name="testMultiShareBound()" classname="de.uka.ilkd.key.logic.TestClashFreeSubst" time="1.687"/>
  <testcase name="testClash()" classname="de.uka.ilkd.key.logic.TestClashFreeSubst" time="1.569"/>
  <testcase name="testShare()" classname="de.uka.ilkd.key.logic.TestClashFreeSubst" time="1.581"/>
  <testcase name="testSubst()" classname="de.uka.ilkd.key.logic.TestClashFreeSubst" time="1.565"/>
  <testcase name="testWary0()" classname="de.uka.ilkd.key.logic.TestClashFreeSubst" time="1.62"/>
  <testcase name="testWary1()" classname="de.uka.ilkd.key.logic.TestClashFreeSubst" time="1.64"/>
  <testcase name="testWary2()" classname="de.uka.ilkd.key.logic.TestClashFreeSubst" time="1.55"/>
  <testcase name="testClashInSubstTerm()" classname="de.uka.ilkd.key.logic.TestClashFreeSubst" time="1.612"/>
  <testcase name="testShareWary()" classname="de.uka.ilkd.key.logic.TestClashFreeSubst" time="1.598"/>
  <testcase name="testMultiSubst()" classname="de.uka.ilkd.key.logic.TestClashFreeSubst" time="1.678"/>
  <testcase name="xtestMultiClash()" classname="de.uka.ilkd.key.logic.TestClashFreeSubst" time="0.0">
    <skipped/>
  </testcase>
  <testcase name="testSubstInSubstTerm()" classname="de.uka.ilkd.key.logic.TestClashFreeSubst" time="1.6"/>
  <testcase name="testSubstWary()" classname="de.uka.ilkd.key.logic.TestClashFreeSubst" time="1.63"/>
  <testcase name="xtestMultiClash1()" classname="de.uka.ilkd.key.logic.TestClashFreeSubst" time="0.0">
    <skipped/>
  </testcase>
  <system-out><![CDATA[64846      INFO  Test worker     d.u.i.k.n.KeyIO           Parsing took 0 ms 
64846      DEBUG Test worker     d.u.i.k.n.KeyIO           Load declarations of de.uka.ilkd.key.nparser.KeyAst$File:  <unknown>:1#1 
64846      INFO  Test worker     d.u.i.k.n.KeyIO           MODE: declarations took 0 ms 
64846      DEBUG Test worker     d.u.i.k.n.KeyIO           MODE: 2nd degree decls took 0 
66522      INFO  Test worker     d.u.i.k.n.KeyIO           Parsing took 0 ms 
66522      DEBUG Test worker     d.u.i.k.n.KeyIO           Load declarations of de.uka.ilkd.key.nparser.KeyAst$File:  <unknown>:1#1 
66522      INFO  Test worker     d.u.i.k.n.KeyIO           MODE: declarations took 0 ms 
66537      DEBUG Test worker     d.u.i.k.n.KeyIO           MODE: 2nd degree decls took 0 
71939      INFO  Test worker     d.u.i.k.n.KeyIO           Parsing took 0 ms 
71939      DEBUG Test worker     d.u.i.k.n.KeyIO           Load declarations of de.uka.ilkd.key.nparser.KeyAst$File:  <unknown>:1#1 
71939      INFO  Test worker     d.u.i.k.n.KeyIO           MODE: declarations took 0 ms 
71939      DEBUG Test worker     d.u.i.k.n.KeyIO           MODE: 2nd degree decls took 0 
73497      INFO  Test worker     d.u.i.k.n.KeyIO           Parsing took 0 ms 
73497      DEBUG Test worker     d.u.i.k.n.KeyIO           Load declarations of de.uka.ilkd.key.nparser.KeyAst$File:  <unknown>:1#1 
73497      INFO  Test worker     d.u.i.k.n.KeyIO           MODE: declarations took 0 ms 
73497      DEBUG Test worker     d.u.i.k.n.KeyIO           MODE: 2nd degree decls took 0 
78731      INFO  Test worker     d.u.i.k.n.KeyIO           Parsing took 0 ms 
78731      DEBUG Test worker     d.u.i.k.n.KeyIO           Load declarations of de.uka.ilkd.key.nparser.KeyAst$File:  <unknown>:1#1 
78731      INFO  Test worker     d.u.i.k.n.KeyIO           MODE: declarations took 0 ms 
78731      DEBUG Test worker     d.u.i.k.n.KeyIO           MODE: 2nd degree decls took 0 
80298      INFO  Test worker     d.u.i.k.n.KeyIO           Parsing took 0 ms 
80298      DEBUG Test worker     d.u.i.k.n.KeyIO           Load declarations of de.uka.ilkd.key.nparser.KeyAst$File:  <unknown>:1#1 
80298      INFO  Test worker     d.u.i.k.n.KeyIO           MODE: declarations took 0 ms 
80314      DEBUG Test worker     d.u.i.k.n.KeyIO           MODE: 2nd degree decls took 0 
85452      INFO  Test worker     d.u.i.k.n.KeyIO           Parsing took 0 ms 
85452      DEBUG Test worker     d.u.i.k.n.KeyIO           Load declarations of de.uka.ilkd.key.nparser.KeyAst$File:  <unknown>:1#1 
85452      INFO  Test worker     d.u.i.k.n.KeyIO           MODE: declarations took 0 ms 
85452      DEBUG Test worker     d.u.i.k.n.KeyIO           MODE: 2nd degree decls took 0 
87010      INFO  Test worker     d.u.i.k.n.KeyIO           Parsing took 0 ms 
87010      DEBUG Test worker     d.u.i.k.n.KeyIO           Load declarations of de.uka.ilkd.key.nparser.KeyAst$File:  <unknown>:1#1 
87010      INFO  Test worker     d.u.i.k.n.KeyIO           MODE: declarations took 0 ms 
87010      DEBUG Test worker     d.u.i.k.n.KeyIO           MODE: 2nd degree decls took 0 
92325      INFO  Test worker     d.u.i.k.n.KeyIO           Parsing took 0 ms 
92325      DEBUG Test worker     d.u.i.k.n.KeyIO           Load declarations of de.uka.ilkd.key.nparser.KeyAst$File:  <unknown>:1#1 
92325      INFO  Test worker     d.u.i.k.n.KeyIO           MODE: declarations took 0 ms 
92325      DEBUG Test worker     d.u.i.k.n.KeyIO           MODE: 2nd degree decls took 0 
93934      INFO  Test worker     d.u.i.k.n.KeyIO           Parsing took 0 ms 
93934      DEBUG Test worker     d.u.i.k.n.KeyIO           Load declarations of de.uka.ilkd.key.nparser.KeyAst$File:  <unknown>:1#1 
93934      INFO  Test worker     d.u.i.k.n.KeyIO           MODE: declarations took 0 ms 
93950      DEBUG Test worker     d.u.i.k.n.KeyIO           MODE: 2nd degree decls took 0 
99156      INFO  Test worker     d.u.i.k.n.KeyIO           Parsing took 0 ms 
99156      DEBUG Test worker     d.u.i.k.n.KeyIO           Load declarations of de.uka.ilkd.key.nparser.KeyAst$File:  <unknown>:1#1 
99156      INFO  Test worker     d.u.i.k.n.KeyIO           MODE: declarations took 0 ms 
99156      DEBUG Test worker     d.u.i.k.n.KeyIO           MODE: 2nd degree decls took 0 
100792     INFO  Test worker     d.u.i.k.n.KeyIO           Parsing took 0 ms 
100792     DEBUG Test worker     d.u.i.k.n.KeyIO           Load declarations of de.uka.ilkd.key.nparser.KeyAst$File:  <unknown>:1#1 
100792     INFO  Test worker     d.u.i.k.n.KeyIO           MODE: declarations took 0 ms 
100792     DEBUG Test worker     d.u.i.k.n.KeyIO           MODE: 2nd degree decls took 0 
105894     INFO  Test worker     d.u.i.k.n.KeyIO           Parsing took 0 ms 
105894     DEBUG Test worker     d.u.i.k.n.KeyIO           Load declarations of de.uka.ilkd.key.nparser.KeyAst$File:  <unknown>:1#1 
105895     INFO  Test worker     d.u.i.k.n.KeyIO           MODE: declarations took 1 ms 
105895     DEBUG Test worker     d.u.i.k.n.KeyIO           MODE: 2nd degree decls took 0 
107434     INFO  Test worker     d.u.i.k.n.KeyIO           Parsing took 0 ms 
107434     DEBUG Test worker     d.u.i.k.n.KeyIO           Load declarations of de.uka.ilkd.key.nparser.KeyAst$File:  <unknown>:1#1 
107434     INFO  Test worker     d.u.i.k.n.KeyIO           MODE: declarations took 0 ms 
107434     DEBUG Test worker     d.u.i.k.n.KeyIO           MODE: 2nd degree decls took 0 
112661     INFO  Test worker     d.u.i.k.n.KeyIO           Parsing took 0 ms 
112661     DEBUG Test worker     d.u.i.k.n.KeyIO           Load declarations of de.uka.ilkd.key.nparser.KeyAst$File:  <unknown>:1#1 
112661     INFO  Test worker     d.u.i.k.n.KeyIO           MODE: declarations took 0 ms 
112661     DEBUG Test worker     d.u.i.k.n.KeyIO           MODE: 2nd degree decls took 0 
114271     INFO  Test worker     d.u.i.k.n.KeyIO           Parsing took 0 ms 
114272     DEBUG Test worker     d.u.i.k.n.KeyIO           Load declarations of de.uka.ilkd.key.nparser.KeyAst$File:  <unknown>:1#1 
114272     INFO  Test worker     d.u.i.k.n.KeyIO           MODE: declarations took 0 ms 
114272     DEBUG Test worker     d.u.i.k.n.KeyIO           MODE: 2nd degree decls took 0 
119526     INFO  Test worker     d.u.i.k.n.KeyIO           Parsing took 0 ms 
119526     DEBUG Test worker     d.u.i.k.n.KeyIO           Load declarations of de.uka.ilkd.key.nparser.KeyAst$File:  <unknown>:1#1 
119541     INFO  Test worker     d.u.i.k.n.KeyIO           MODE: declarations took 15 ms 
119541     DEBUG Test worker     d.u.i.k.n.KeyIO           MODE: 2nd degree decls took 0 
121117     INFO  Test worker     d.u.i.k.n.KeyIO           Parsing took 0 ms 
121117     DEBUG Test worker     d.u.i.k.n.KeyIO           Load declarations of de.uka.ilkd.key.nparser.KeyAst$File:  <unknown>:1#1 
121117     INFO  Test worker     d.u.i.k.n.KeyIO           MODE: declarations took 0 ms 
121117     DEBUG Test worker     d.u.i.k.n.KeyIO           MODE: 2nd degree decls took 0 
126494     INFO  Test worker     d.u.i.k.n.KeyIO           Parsing took 0 ms 
126494     DEBUG Test worker     d.u.i.k.n.KeyIO           Load declarations of de.uka.ilkd.key.nparser.KeyAst$File:  <unknown>:1#1 
126494     INFO  Test worker     d.u.i.k.n.KeyIO           MODE: declarations took 0 ms 
126494     DEBUG Test worker     d.u.i.k.n.KeyIO           MODE: 2nd degree decls took 0 
128170     INFO  Test worker     d.u.i.k.n.KeyIO           Parsing took 0 ms 
128170     DEBUG Test worker     d.u.i.k.n.KeyIO           Load declarations of de.uka.ilkd.key.nparser.KeyAst$File:  <unknown>:1#1 
128170     INFO  Test worker     d.u.i.k.n.KeyIO           MODE: declarations took 0 ms 
128170     DEBUG Test worker     d.u.i.k.n.KeyIO           MODE: 2nd degree decls took 0 
138594     INFO  Test worker     d.u.i.k.n.KeyIO           Parsing took 0 ms 
138594     DEBUG Test worker     d.u.i.k.n.KeyIO           Load declarations of de.uka.ilkd.key.nparser.KeyAst$File:  <unknown>:1#1 
138594     INFO  Test worker     d.u.i.k.n.KeyIO           MODE: declarations took 0 ms 
138594     DEBUG Test worker     d.u.i.k.n.KeyIO           MODE: 2nd degree decls took 0 
140182     INFO  Test worker     d.u.i.k.n.KeyIO           Parsing took 0 ms 
140182     DEBUG Test worker     d.u.i.k.n.KeyIO           Load declarations of de.uka.ilkd.key.nparser.KeyAst$File:  <unknown>:1#1 
140182     INFO  Test worker     d.u.i.k.n.KeyIO           MODE: declarations took 0 ms 
140182     DEBUG Test worker     d.u.i.k.n.KeyIO           MODE: 2nd degree decls took 0 
145329     INFO  Test worker     d.u.i.k.n.KeyIO           Parsing took 15 ms 
145329     DEBUG Test worker     d.u.i.k.n.KeyIO           Load declarations of de.uka.ilkd.key.nparser.KeyAst$File:  <unknown>:1#1 
145329     INFO  Test worker     d.u.i.k.n.KeyIO           MODE: declarations took 0 ms 
145329     DEBUG Test worker     d.u.i.k.n.KeyIO           MODE: 2nd degree decls took 0 
146940     INFO  Test worker     d.u.i.k.n.KeyIO           Parsing took 0 ms 
146940     DEBUG Test worker     d.u.i.k.n.KeyIO           Load declarations of de.uka.ilkd.key.nparser.KeyAst$File:  <unknown>:1#1 
146940     INFO  Test worker     d.u.i.k.n.KeyIO           MODE: declarations took 0 ms 
146940     DEBUG Test worker     d.u.i.k.n.KeyIO           MODE: 2nd degree decls took 0 
]]></system-out>
  <system-err><![CDATA[]]></system-err>
</testsuite>
