<?xml version="1.0" encoding="UTF-8"?>
<testsuite name="de.uka.ilkd.key.nparser.ExprTest" tests="23" skipped="0" failures="0" errors="0" timestamp="2023-06-11T14:31:00" hostname="fv-az405-457" time="4.363">
  <properties/>
  <testcase name="[1] (bprod{int y;}(1, 2, y) = 0)" classname="de.uka.ilkd.key.nparser.ExprTest" time="0.101"/>
  <testcase name="[2] 1 = 1 -&gt; 2 = 2" classname="de.uka.ilkd.key.nparser.ExprTest" time="0.079"/>
  <testcase name="[3] \&lt; { int x = 1; } \&gt; x=1" classname="de.uka.ilkd.key.nparser.ExprTest" time="1.78"/>
  <testcase name="[4] \&lt;{ int x = 1; {int s = 2;} }\&gt; x=x" classname="de.uka.ilkd.key.nparser.ExprTest" time="1.617"/>
  <testcase name="[5] true" classname="de.uka.ilkd.key.nparser.ExprTest" time="0.044"/>
  <testcase name="[6] true &amp; false" classname="de.uka.ilkd.key.nparser.ExprTest" time="0.042"/>
  <testcase name="[7] 0" classname="de.uka.ilkd.key.nparser.ExprTest" time="0.04"/>
  <testcase name="[8] 1" classname="de.uka.ilkd.key.nparser.ExprTest" time="0.038"/>
  <testcase name="[9] 42" classname="de.uka.ilkd.key.nparser.ExprTest" time="0.034"/>
  <testcase name="[10] -5" classname="de.uka.ilkd.key.nparser.ExprTest" time="0.037"/>
  <testcase name="[11] 1 + 1 = 2" classname="de.uka.ilkd.key.nparser.ExprTest" time="0.034"/>
  <testcase name="[12] \if (3=4) \then (1) \else (2)" classname="de.uka.ilkd.key.nparser.ExprTest" time="0.037"/>
  <testcase name="[13] \if (3=4 &amp; 1=1) \then (\if (3=4) \then (1) \else (2)) \else (2)" classname="de.uka.ilkd.key.nparser.ExprTest" time="0.034"/>
  <testcase name="[14] aa + bb*cc" classname="de.uka.ilkd.key.nparser.ExprTest" time="0.033"/>
  <testcase name="[15] aa%bb*cc &lt; -123" classname="de.uka.ilkd.key.nparser.ExprTest" time="0.025"/>
  <testcase name="[16] \forall int x; true" classname="de.uka.ilkd.key.nparser.ExprTest" time="0.023"/>
  <testcase name="[17] \forall numbers x; x = x" classname="de.uka.ilkd.key.nparser.ExprTest" time="0.028"/>
  <testcase name="[18] (int)3+2" classname="de.uka.ilkd.key.nparser.ExprTest" time="0.026"/>
  <testcase name="[19] 1.f + 1f = 20e-1f * (2f-1f)" classname="de.uka.ilkd.key.nparser.ExprTest" time="0.067"/>
  <testcase name="[20] 1.d + 1d &lt;= 20e+1d * .01d" classname="de.uka.ilkd.key.nparser.ExprTest" time="0.046"/>
  <testcase name="[21] 1f &lt;= 2f" classname="de.uka.ilkd.key.nparser.ExprTest" time="0.034"/>
  <testcase name="[22] 2d &gt; 1d" classname="de.uka.ilkd.key.nparser.ExprTest" time="0.033"/>
  <testcase name="[23] seqEmpty + seqEmpty" classname="de.uka.ilkd.key.nparser.ExprTest" time="0.033"/>
  <system-out><![CDATA[353232     DEBUG Test worker     d.u.i.k.n.ParsingFacade   PARSING file:/D:/a/key/key/key.core/build/resources/main/de/uka/ilkd/key/proof/rules/ldt.key took 0 ms 
353232     DEBUG Test worker     d.u.i.k.n.ParsingFacade   PARSING file:/D:/a/key/key/key.core/build/resources/main/de/uka/ilkd/key/proof/rules/charListHeader.key took 0 ms 
353232     DEBUG Test worker     d.u.i.k.n.ParsingFacade   PARSING file:/D:/a/key/key/key.core/build/resources/main/de/uka/ilkd/key/proof/rules/wellfound.key took 0 ms 
353232     DEBUG Test worker     d.u.i.k.n.ParsingFacade   PARSING file:/D:/a/key/key/key.core/build/resources/main/de/uka/ilkd/key/proof/rules/freeADT.key took 0 ms 
353247     DEBUG Test worker     d.u.i.k.n.ParsingFacade   PARSING file:/D:/a/key/key/key.core/build/resources/main/de/uka/ilkd/key/proof/rules/map.key took 15 ms 
353258     DEBUG Test worker     d.u.i.k.n.ParsingFacade   PARSING file:/D:/a/key/key/key.core/build/resources/main/de/uka/ilkd/key/proof/rules/seq.key took 0 ms 
353258     DEBUG Test worker     d.u.i.k.n.ParsingFacade   PARSING file:/D:/a/key/key/key.core/build/resources/main/de/uka/ilkd/key/proof/rules/reach.key took 0 ms 
353263     DEBUG Test worker     d.u.i.k.n.ParsingFacade   PARSING file:/D:/a/key/key/key.core/build/resources/main/de/uka/ilkd/key/proof/rules/permission.key took 5 ms 
353263     DEBUG Test worker     d.u.i.k.n.ParsingFacade   PARSING file:/D:/a/key/key/key.core/build/resources/main/de/uka/ilkd/key/proof/rules/locSets.key took 0 ms 
353263     DEBUG Test worker     d.u.i.k.n.ParsingFacade   PARSING file:/D:/a/key/key/key.core/build/resources/main/de/uka/ilkd/key/proof/rules/heap.key took 0 ms 
353263     DEBUG Test worker     d.u.i.k.n.ParsingFacade   PARSING file:/D:/a/key/key/key.core/build/resources/main/de/uka/ilkd/key/proof/rules/floatHeader.key took 0 ms 
353263     DEBUG Test worker     d.u.i.k.n.ParsingFacade   PARSING file:/D:/a/key/key/key.core/build/resources/main/de/uka/ilkd/key/proof/rules/integerHeader.key took 0 ms 
353310     DEBUG Test worker     d.u.i.k.n.ParsingFacade   PARSING file:/D:/a/key/key/key.core/build/resources/main/de/uka/ilkd/key/proof/rules/ruleSetsDeclarations.key took 47 ms 
353310     DEBUG Test worker     d.u.i.k.n.ParsingFacade   PARSING file:/D:/a/key/key/key.core/build/resources/main/de/uka/ilkd/key/proof/rules/boolean.key took 0 ms 
353310     INFO  Test worker     d.u.i.k.n.KeyIO           Parsing took 78 ms 
353310     DEBUG Test worker     d.u.i.k.n.KeyIO           Load declarations of de.uka.ilkd.key.nparser.KeyAst$File:  file:/D:/a/key/key/key.core/build/resources/main/de/uka/ilkd/key/proof/rules/boolean.key:1#1 
353310     DEBUG Test worker     d.u.i.k.n.KeyIO           Load declarations of de.uka.ilkd.key.nparser.KeyAst$File:  file:/D:/a/key/key/key.core/build/resources/main/de/uka/ilkd/key/proof/rules/ruleSetsDeclarations.key:5#1 
353326     DEBUG Test worker     d.u.i.k.n.KeyIO           Load declarations of de.uka.ilkd.key.nparser.KeyAst$File:  file:/D:/a/key/key/key.core/build/resources/main/de/uka/ilkd/key/proof/rules/integerHeader.key:1#1 
353326     DEBUG Test worker     d.u.i.k.n.KeyIO           Load declarations of de.uka.ilkd.key.nparser.KeyAst$File:  file:/D:/a/key/key/key.core/build/resources/main/de/uka/ilkd/key/proof/rules/floatHeader.key:14#1 
353326     DEBUG Test worker     d.u.i.k.n.KeyIO           Load declarations of de.uka.ilkd.key.nparser.KeyAst$File:  file:/D:/a/key/key/key.core/build/resources/main/de/uka/ilkd/key/proof/rules/heap.key:4#1 
353326     DEBUG Test worker     d.u.i.k.n.KeyIO           Load declarations of de.uka.ilkd.key.nparser.KeyAst$File:  file:/D:/a/key/key/key.core/build/resources/main/de/uka/ilkd/key/proof/rules/locSets.key:4#1 
353326     DEBUG Test worker     d.u.i.k.n.KeyIO           Load declarations of de.uka.ilkd.key.nparser.KeyAst$File:  file:/D:/a/key/key/key.core/build/resources/main/de/uka/ilkd/key/proof/rules/permission.key:1#1 
353326     DEBUG Test worker     d.u.i.k.n.KeyIO           Load declarations of de.uka.ilkd.key.nparser.KeyAst$File:  file:/D:/a/key/key/key.core/build/resources/main/de/uka/ilkd/key/proof/rules/reach.key:3#1 
353326     DEBUG Test worker     d.u.i.k.n.KeyIO           Load declarations of de.uka.ilkd.key.nparser.KeyAst$File:  file:/D:/a/key/key/key.core/build/resources/main/de/uka/ilkd/key/proof/rules/seq.key:11#1 
353326     DEBUG Test worker     d.u.i.k.n.KeyIO           Load declarations of de.uka.ilkd.key.nparser.KeyAst$File:  file:/D:/a/key/key/key.core/build/resources/main/de/uka/ilkd/key/proof/rules/map.key:1#1 
353326     DEBUG Test worker     d.u.i.k.n.KeyIO           Load declarations of de.uka.ilkd.key.nparser.KeyAst$File:  file:/D:/a/key/key/key.core/build/resources/main/de/uka/ilkd/key/proof/rules/freeADT.key:17#1 
353326     DEBUG Test worker     d.u.i.k.n.KeyIO           Load declarations of de.uka.ilkd.key.nparser.KeyAst$File:  file:/D:/a/key/key/key.core/build/resources/main/de/uka/ilkd/key/proof/rules/wellfound.key:19#1 
353326     DEBUG Test worker     d.u.i.k.n.KeyIO           Load declarations of de.uka.ilkd.key.nparser.KeyAst$File:  file:/D:/a/key/key/key.core/build/resources/main/de/uka/ilkd/key/proof/rules/charListHeader.key:1#1 
353326     DEBUG Test worker     d.u.i.k.n.KeyIO           Load declarations of de.uka.ilkd.key.nparser.KeyAst$File:  file:/D:/a/key/key/key.core/build/resources/main/de/uka/ilkd/key/proof/rules/ldt.key:10#1 
353326     INFO  Test worker     d.u.i.k.n.KeyIO           MODE: declarations took 16 ms 
353326     DEBUG Test worker     d.u.i.k.n.KeyIO           MODE: 2nd degree decls took 0 
353326     INFO  Test worker     d.u.i.k.n.ExprTest        Term: equals(bprod{y:int}(Z(1(#)),Z(2(#)),y),Z(0(#))) 
353342     DEBUG Test worker     d.u.i.k.n.ParsingFacade   PARSING file:/D:/a/key/key/key.core/build/resources/main/de/uka/ilkd/key/proof/rules/ldt.key took 0 ms 
353342     DEBUG Test worker     d.u.i.k.n.ParsingFacade   PARSING file:/D:/a/key/key/key.core/build/resources/main/de/uka/ilkd/key/proof/rules/charListHeader.key took 0 ms 
353342     DEBUG Test worker     d.u.i.k.n.ParsingFacade   PARSING file:/D:/a/key/key/key.core/build/resources/main/de/uka/ilkd/key/proof/rules/wellfound.key took 0 ms 
353342     DEBUG Test worker     d.u.i.k.n.ParsingFacade   PARSING file:/D:/a/key/key/key.core/build/resources/main/de/uka/ilkd/key/proof/rules/freeADT.key took 0 ms 
353357     DEBUG Test worker     d.u.i.k.n.ParsingFacade   PARSING file:/D:/a/key/key/key.core/build/resources/main/de/uka/ilkd/key/proof/rules/map.key took 15 ms 
353357     DEBUG Test worker     d.u.i.k.n.ParsingFacade   PARSING file:/D:/a/key/key/key.core/build/resources/main/de/uka/ilkd/key/proof/rules/seq.key took 0 ms 
353357     DEBUG Test worker     d.u.i.k.n.ParsingFacade   PARSING file:/D:/a/key/key/key.core/build/resources/main/de/uka/ilkd/key/proof/rules/reach.key took 0 ms 
353357     DEBUG Test worker     d.u.i.k.n.ParsingFacade   PARSING file:/D:/a/key/key/key.core/build/resources/main/de/uka/ilkd/key/proof/rules/permission.key took 0 ms 
353357     DEBUG Test worker     d.u.i.k.n.ParsingFacade   PARSING file:/D:/a/key/key/key.core/build/resources/main/de/uka/ilkd/key/proof/rules/locSets.key took 0 ms 
353357     DEBUG Test worker     d.u.i.k.n.ParsingFacade   PARSING file:/D:/a/key/key/key.core/build/resources/main/de/uka/ilkd/key/proof/rules/heap.key took 0 ms 
353357     DEBUG Test worker     d.u.i.k.n.ParsingFacade   PARSING file:/D:/a/key/key/key.core/build/resources/main/de/uka/ilkd/key/proof/rules/floatHeader.key took 0 ms 
353373     DEBUG Test worker     d.u.i.k.n.ParsingFacade   PARSING file:/D:/a/key/key/key.core/build/resources/main/de/uka/ilkd/key/proof/rules/integerHeader.key took 16 ms 
353388     DEBUG Test worker     d.u.i.k.n.ParsingFacade   PARSING file:/D:/a/key/key/key.core/build/resources/main/de/uka/ilkd/key/proof/rules/ruleSetsDeclarations.key took 15 ms 
353388     DEBUG Test worker     d.u.i.k.n.ParsingFacade   PARSING file:/D:/a/key/key/key.core/build/resources/main/de/uka/ilkd/key/proof/rules/boolean.key took 0 ms 
353388     INFO  Test worker     d.u.i.k.n.KeyIO           Parsing took 46 ms 
353388     DEBUG Test worker     d.u.i.k.n.KeyIO           Load declarations of de.uka.ilkd.key.nparser.KeyAst$File:  file:/D:/a/key/key/key.core/build/resources/main/de/uka/ilkd/key/proof/rules/boolean.key:1#1 
353388     DEBUG Test worker     d.u.i.k.n.KeyIO           Load declarations of de.uka.ilkd.key.nparser.KeyAst$File:  file:/D:/a/key/key/key.core/build/resources/main/de/uka/ilkd/key/proof/rules/ruleSetsDeclarations.key:5#1 
353388     DEBUG Test worker     d.u.i.k.n.KeyIO           Load declarations of de.uka.ilkd.key.nparser.KeyAst$File:  file:/D:/a/key/key/key.core/build/resources/main/de/uka/ilkd/key/proof/rules/integerHeader.key:1#1 
353404     DEBUG Test worker     d.u.i.k.n.KeyIO           Load declarations of de.uka.ilkd.key.nparser.KeyAst$File:  file:/D:/a/key/key/key.core/build/resources/main/de/uka/ilkd/key/proof/rules/floatHeader.key:14#1 
353404     DEBUG Test worker     d.u.i.k.n.KeyIO           Load declarations of de.uka.ilkd.key.nparser.KeyAst$File:  file:/D:/a/key/key/key.core/build/resources/main/de/uka/ilkd/key/proof/rules/heap.key:4#1 
353404     DEBUG Test worker     d.u.i.k.n.KeyIO           Load declarations of de.uka.ilkd.key.nparser.KeyAst$File:  file:/D:/a/key/key/key.core/build/resources/main/de/uka/ilkd/key/proof/rules/locSets.key:4#1 
353404     DEBUG Test worker     d.u.i.k.n.KeyIO           Load declarations of de.uka.ilkd.key.nparser.KeyAst$File:  file:/D:/a/key/key/key.core/build/resources/main/de/uka/ilkd/key/proof/rules/permission.key:1#1 
353404     DEBUG Test worker     d.u.i.k.n.KeyIO           Load declarations of de.uka.ilkd.key.nparser.KeyAst$File:  file:/D:/a/key/key/key.core/build/resources/main/de/uka/ilkd/key/proof/rules/reach.key:3#1 
353404     DEBUG Test worker     d.u.i.k.n.KeyIO           Load declarations of de.uka.ilkd.key.nparser.KeyAst$File:  file:/D:/a/key/key/key.core/build/resources/main/de/uka/ilkd/key/proof/rules/seq.key:11#1 
353404     DEBUG Test worker     d.u.i.k.n.KeyIO           Load declarations of de.uka.ilkd.key.nparser.KeyAst$File:  file:/D:/a/key/key/key.core/build/resources/main/de/uka/ilkd/key/proof/rules/map.key:1#1 
353404     DEBUG Test worker     d.u.i.k.n.KeyIO           Load declarations of de.uka.ilkd.key.nparser.KeyAst$File:  file:/D:/a/key/key/key.core/build/resources/main/de/uka/ilkd/key/proof/rules/freeADT.key:17#1 
353404     DEBUG Test worker     d.u.i.k.n.KeyIO           Load declarations of de.uka.ilkd.key.nparser.KeyAst$File:  file:/D:/a/key/key/key.core/build/resources/main/de/uka/ilkd/key/proof/rules/wellfound.key:19#1 
353404     DEBUG Test worker     d.u.i.k.n.KeyIO           Load declarations of de.uka.ilkd.key.nparser.KeyAst$File:  file:/D:/a/key/key/key.core/build/resources/main/de/uka/ilkd/key/proof/rules/charListHeader.key:1#1 
353404     DEBUG Test worker     d.u.i.k.n.KeyIO           Load declarations of de.uka.ilkd.key.nparser.KeyAst$File:  file:/D:/a/key/key/key.core/build/resources/main/de/uka/ilkd/key/proof/rules/ldt.key:10#1 
353404     INFO  Test worker     d.u.i.k.n.KeyIO           MODE: declarations took 16 ms 
353404     DEBUG Test worker     d.u.i.k.n.KeyIO           MODE: 2nd degree decls took 0 
353404     INFO  Test worker     d.u.i.k.n.ExprTest        Term: imp(equals(Z(1(#)),Z(1(#))),equals(Z(2(#)),Z(2(#)))) 
353420     DEBUG Test worker     d.u.i.k.n.ParsingFacade   PARSING file:/D:/a/key/key/key.core/build/resources/main/de/uka/ilkd/key/proof/rules/ldt.key took 0 ms 
353420     DEBUG Test worker     d.u.i.k.n.ParsingFacade   PARSING file:/D:/a/key/key/key.core/build/resources/main/de/uka/ilkd/key/proof/rules/charListHeader.key took 0 ms 
353420     DEBUG Test worker     d.u.i.k.n.ParsingFacade   PARSING file:/D:/a/key/key/key.core/build/resources/main/de/uka/ilkd/key/proof/rules/wellfound.key took 0 ms 
353420     DEBUG Test worker     d.u.i.k.n.ParsingFacade   PARSING file:/D:/a/key/key/key.core/build/resources/main/de/uka/ilkd/key/proof/rules/freeADT.key took 0 ms 
353435     DEBUG Test worker     d.u.i.k.n.ParsingFacade   PARSING file:/D:/a/key/key/key.core/build/resources/main/de/uka/ilkd/key/proof/rules/map.key took 15 ms 
353435     DEBUG Test worker     d.u.i.k.n.ParsingFacade   PARSING file:/D:/a/key/key/key.core/build/resources/main/de/uka/ilkd/key/proof/rules/seq.key took 0 ms 
353435     DEBUG Test worker     d.u.i.k.n.ParsingFacade   PARSING file:/D:/a/key/key/key.core/build/resources/main/de/uka/ilkd/key/proof/rules/reach.key took 0 ms 
353435     DEBUG Test worker     d.u.i.k.n.ParsingFacade   PARSING file:/D:/a/key/key/key.core/build/resources/main/de/uka/ilkd/key/proof/rules/permission.key took 0 ms 
353435     DEBUG Test worker     d.u.i.k.n.ParsingFacade   PARSING file:/D:/a/key/key/key.core/build/resources/main/de/uka/ilkd/key/proof/rules/locSets.key took 0 ms 
353435     DEBUG Test worker     d.u.i.k.n.ParsingFacade   PARSING file:/D:/a/key/key/key.core/build/resources/main/de/uka/ilkd/key/proof/rules/heap.key took 0 ms 
353435     DEBUG Test worker     d.u.i.k.n.ParsingFacade   PARSING file:/D:/a/key/key/key.core/build/resources/main/de/uka/ilkd/key/proof/rules/floatHeader.key took 0 ms 
353451     DEBUG Test worker     d.u.i.k.n.ParsingFacade   PARSING file:/D:/a/key/key/key.core/build/resources/main/de/uka/ilkd/key/proof/rules/integerHeader.key took 16 ms 
353467     DEBUG Test worker     d.u.i.k.n.ParsingFacade   PARSING file:/D:/a/key/key/key.core/build/resources/main/de/uka/ilkd/key/proof/rules/ruleSetsDeclarations.key took 16 ms 
353467     DEBUG Test worker     d.u.i.k.n.ParsingFacade   PARSING file:/D:/a/key/key/key.core/build/resources/main/de/uka/ilkd/key/proof/rules/boolean.key took 0 ms 
353467     INFO  Test worker     d.u.i.k.n.KeyIO           Parsing took 47 ms 
353467     DEBUG Test worker     d.u.i.k.n.KeyIO           Load declarations of de.uka.ilkd.key.nparser.KeyAst$File:  file:/D:/a/key/key/key.core/build/resources/main/de/uka/ilkd/key/proof/rules/boolean.key:1#1 
353467     DEBUG Test worker     d.u.i.k.n.KeyIO           Load declarations of de.uka.ilkd.key.nparser.KeyAst$File:  file:/D:/a/key/key/key.core/build/resources/main/de/uka/ilkd/key/proof/rules/ruleSetsDeclarations.key:5#1 
353467     DEBUG Test worker     d.u.i.k.n.KeyIO           Load declarations of de.uka.ilkd.key.nparser.KeyAst$File:  file:/D:/a/key/key/key.core/build/resources/main/de/uka/ilkd/key/proof/rules/integerHeader.key:1#1 
353467     DEBUG Test worker     d.u.i.k.n.KeyIO           Load declarations of de.uka.ilkd.key.nparser.KeyAst$File:  file:/D:/a/key/key/key.core/build/resources/main/de/uka/ilkd/key/proof/rules/floatHeader.key:14#1 
353467     DEBUG Test worker     d.u.i.k.n.KeyIO           Load declarations of de.uka.ilkd.key.nparser.KeyAst$File:  file:/D:/a/key/key/key.core/build/resources/main/de/uka/ilkd/key/proof/rules/heap.key:4#1 
353467     DEBUG Test worker     d.u.i.k.n.KeyIO           Load declarations of de.uka.ilkd.key.nparser.KeyAst$File:  file:/D:/a/key/key/key.core/build/resources/main/de/uka/ilkd/key/proof/rules/locSets.key:4#1 
353467     DEBUG Test worker     d.u.i.k.n.KeyIO           Load declarations of de.uka.ilkd.key.nparser.KeyAst$File:  file:/D:/a/key/key/key.core/build/resources/main/de/uka/ilkd/key/proof/rules/permission.key:1#1 
353467     DEBUG Test worker     d.u.i.k.n.KeyIO           Load declarations of de.uka.ilkd.key.nparser.KeyAst$File:  file:/D:/a/key/key/key.core/build/resources/main/de/uka/ilkd/key/proof/rules/reach.key:3#1 
353467     DEBUG Test worker     d.u.i.k.n.KeyIO           Load declarations of de.uka.ilkd.key.nparser.KeyAst$File:  file:/D:/a/key/key/key.core/build/resources/main/de/uka/ilkd/key/proof/rules/seq.key:11#1 
353467     DEBUG Test worker     d.u.i.k.n.KeyIO           Load declarations of de.uka.ilkd.key.nparser.KeyAst$File:  file:/D:/a/key/key/key.core/build/resources/main/de/uka/ilkd/key/proof/rules/map.key:1#1 
353467     DEBUG Test worker     d.u.i.k.n.KeyIO           Load declarations of de.uka.ilkd.key.nparser.KeyAst$File:  file:/D:/a/key/key/key.core/build/resources/main/de/uka/ilkd/key/proof/rules/freeADT.key:17#1 
353467     DEBUG Test worker     d.u.i.k.n.KeyIO           Load declarations of de.uka.ilkd.key.nparser.KeyAst$File:  file:/D:/a/key/key/key.core/build/resources/main/de/uka/ilkd/key/proof/rules/wellfound.key:19#1 
353467     DEBUG Test worker     d.u.i.k.n.KeyIO           Load declarations of de.uka.ilkd.key.nparser.KeyAst$File:  file:/D:/a/key/key/key.core/build/resources/main/de/uka/ilkd/key/proof/rules/charListHeader.key:1#1 
353467     DEBUG Test worker     d.u.i.k.n.KeyIO           Load declarations of de.uka.ilkd.key.nparser.KeyAst$File:  file:/D:/a/key/key/key.core/build/resources/main/de/uka/ilkd/key/proof/rules/ldt.key:10#1 
353467     INFO  Test worker     d.u.i.k.n.KeyIO           MODE: declarations took 0 ms 
353467     DEBUG Test worker     d.u.i.k.n.KeyIO           MODE: 2nd degree decls took 0 
355194     INFO  Test worker     d.u.i.k.n.ExprTest        Term: \<{
  int x = 1;
}\> (equals(x,Z(1(#)))) 
355194     DEBUG Test worker     d.u.i.k.n.ParsingFacade   PARSING file:/D:/a/key/key/key.core/build/resources/main/de/uka/ilkd/key/proof/rules/ldt.key took 0 ms 
355210     DEBUG Test worker     d.u.i.k.n.ParsingFacade   PARSING file:/D:/a/key/key/key.core/build/resources/main/de/uka/ilkd/key/proof/rules/charListHeader.key took 0 ms 
355210     DEBUG Test worker     d.u.i.k.n.ParsingFacade   PARSING file:/D:/a/key/key/key.core/build/resources/main/de/uka/ilkd/key/proof/rules/wellfound.key took 0 ms 
355210     DEBUG Test worker     d.u.i.k.n.ParsingFacade   PARSING file:/D:/a/key/key/key.core/build/resources/main/de/uka/ilkd/key/proof/rules/freeADT.key took 0 ms 
355210     DEBUG Test worker     d.u.i.k.n.ParsingFacade   PARSING file:/D:/a/key/key/key.core/build/resources/main/de/uka/ilkd/key/proof/rules/map.key took 0 ms 
355225     DEBUG Test worker     d.u.i.k.n.ParsingFacade   PARSING file:/D:/a/key/key/key.core/build/resources/main/de/uka/ilkd/key/proof/rules/seq.key took 0 ms 
355225     DEBUG Test worker     d.u.i.k.n.ParsingFacade   PARSING file:/D:/a/key/key/key.core/build/resources/main/de/uka/ilkd/key/proof/rules/reach.key took 0 ms 
355225     DEBUG Test worker     d.u.i.k.n.ParsingFacade   PARSING file:/D:/a/key/key/key.core/build/resources/main/de/uka/ilkd/key/proof/rules/permission.key took 0 ms 
355225     DEBUG Test worker     d.u.i.k.n.ParsingFacade   PARSING file:/D:/a/key/key/key.core/build/resources/main/de/uka/ilkd/key/proof/rules/locSets.key took 0 ms 
355225     DEBUG Test worker     d.u.i.k.n.ParsingFacade   PARSING file:/D:/a/key/key/key.core/build/resources/main/de/uka/ilkd/key/proof/rules/heap.key took 0 ms 
355225     DEBUG Test worker     d.u.i.k.n.ParsingFacade   PARSING file:/D:/a/key/key/key.core/build/resources/main/de/uka/ilkd/key/proof/rules/floatHeader.key took 0 ms 
355225     DEBUG Test worker     d.u.i.k.n.ParsingFacade   PARSING file:/D:/a/key/key/key.core/build/resources/main/de/uka/ilkd/key/proof/rules/integerHeader.key took 0 ms 
355225     DEBUG Test worker     d.u.i.k.n.ParsingFacade   PARSING file:/D:/a/key/key/key.core/build/resources/main/de/uka/ilkd/key/proof/rules/ruleSetsDeclarations.key took 0 ms 
355225     DEBUG Test worker     d.u.i.k.n.ParsingFacade   PARSING file:/D:/a/key/key/key.core/build/resources/main/de/uka/ilkd/key/proof/rules/boolean.key took 0 ms 
355225     INFO  Test worker     d.u.i.k.n.KeyIO           Parsing took 31 ms 
355225     DEBUG Test worker     d.u.i.k.n.KeyIO           Load declarations of de.uka.ilkd.key.nparser.KeyAst$File:  file:/D:/a/key/key/key.core/build/resources/main/de/uka/ilkd/key/proof/rules/boolean.key:1#1 
355225     DEBUG Test worker     d.u.i.k.n.KeyIO           Load declarations of de.uka.ilkd.key.nparser.KeyAst$File:  file:/D:/a/key/key/key.core/build/resources/main/de/uka/ilkd/key/proof/rules/ruleSetsDeclarations.key:5#1 
355225     DEBUG Test worker     d.u.i.k.n.KeyIO           Load declarations of de.uka.ilkd.key.nparser.KeyAst$File:  file:/D:/a/key/key/key.core/build/resources/main/de/uka/ilkd/key/proof/rules/integerHeader.key:1#1 
355225     DEBUG Test worker     d.u.i.k.n.KeyIO           Load declarations of de.uka.ilkd.key.nparser.KeyAst$File:  file:/D:/a/key/key/key.core/build/resources/main/de/uka/ilkd/key/proof/rules/floatHeader.key:14#1 
355225     DEBUG Test worker     d.u.i.k.n.KeyIO           Load declarations of de.uka.ilkd.key.nparser.KeyAst$File:  file:/D:/a/key/key/key.core/build/resources/main/de/uka/ilkd/key/proof/rules/heap.key:4#1 
355225     DEBUG Test worker     d.u.i.k.n.KeyIO           Load declarations of de.uka.ilkd.key.nparser.KeyAst$File:  file:/D:/a/key/key/key.core/build/resources/main/de/uka/ilkd/key/proof/rules/locSets.key:4#1 
355225     DEBUG Test worker     d.u.i.k.n.KeyIO           Load declarations of de.uka.ilkd.key.nparser.KeyAst$File:  file:/D:/a/key/key/key.core/build/resources/main/de/uka/ilkd/key/proof/rules/permission.key:1#1 
355225     DEBUG Test worker     d.u.i.k.n.KeyIO           Load declarations of de.uka.ilkd.key.nparser.KeyAst$File:  file:/D:/a/key/key/key.core/build/resources/main/de/uka/ilkd/key/proof/rules/reach.key:3#1 
355241     DEBUG Test worker     d.u.i.k.n.KeyIO           Load declarations of de.uka.ilkd.key.nparser.KeyAst$File:  file:/D:/a/key/key/key.core/build/resources/main/de/uka/ilkd/key/proof/rules/seq.key:11#1 
355241     DEBUG Test worker     d.u.i.k.n.KeyIO           Load declarations of de.uka.ilkd.key.nparser.KeyAst$File:  file:/D:/a/key/key/key.core/build/resources/main/de/uka/ilkd/key/proof/rules/map.key:1#1 
355241     DEBUG Test worker     d.u.i.k.n.KeyIO           Load declarations of de.uka.ilkd.key.nparser.KeyAst$File:  file:/D:/a/key/key/key.core/build/resources/main/de/uka/ilkd/key/proof/rules/freeADT.key:17#1 
355241     DEBUG Test worker     d.u.i.k.n.KeyIO           Load declarations of de.uka.ilkd.key.nparser.KeyAst$File:  file:/D:/a/key/key/key.core/build/resources/main/de/uka/ilkd/key/proof/rules/wellfound.key:19#1 
355241     DEBUG Test worker     d.u.i.k.n.KeyIO           Load declarations of de.uka.ilkd.key.nparser.KeyAst$File:  file:/D:/a/key/key/key.core/build/resources/main/de/uka/ilkd/key/proof/rules/charListHeader.key:1#1 
355241     DEBUG Test worker     d.u.i.k.n.KeyIO           Load declarations of de.uka.ilkd.key.nparser.KeyAst$File:  file:/D:/a/key/key/key.core/build/resources/main/de/uka/ilkd/key/proof/rules/ldt.key:10#1 
355241     INFO  Test worker     d.u.i.k.n.KeyIO           MODE: declarations took 16 ms 
355241     DEBUG Test worker     d.u.i.k.n.KeyIO           MODE: 2nd degree decls took 0 
356804     INFO  Test worker     d.u.i.k.n.ExprTest        Term: \<{
  int x = 1;
  {
    int s = 2;
  }
}\> (equals(x,x)) 
356819     DEBUG Test worker     d.u.i.k.n.ParsingFacade   PARSING file:/D:/a/key/key/key.core/build/resources/main/de/uka/ilkd/key/proof/rules/ldt.key took 0 ms 
356819     DEBUG Test worker     d.u.i.k.n.ParsingFacade   PARSING file:/D:/a/key/key/key.core/build/resources/main/de/uka/ilkd/key/proof/rules/charListHeader.key took 0 ms 
356819     DEBUG Test worker     d.u.i.k.n.ParsingFacade   PARSING file:/D:/a/key/key/key.core/build/resources/main/de/uka/ilkd/key/proof/rules/wellfound.key took 0 ms 
356835     DEBUG Test worker     d.u.i.k.n.ParsingFacade   PARSING file:/D:/a/key/key/key.core/build/resources/main/de/uka/ilkd/key/proof/rules/freeADT.key took 0 ms 
356835     DEBUG Test worker     d.u.i.k.n.ParsingFacade   PARSING file:/D:/a/key/key/key.core/build/resources/main/de/uka/ilkd/key/proof/rules/map.key took 0 ms 
356835     DEBUG Test worker     d.u.i.k.n.ParsingFacade   PARSING file:/D:/a/key/key/key.core/build/resources/main/de/uka/ilkd/key/proof/rules/seq.key took 0 ms 
356835     DEBUG Test worker     d.u.i.k.n.ParsingFacade   PARSING file:/D:/a/key/key/key.core/build/resources/main/de/uka/ilkd/key/proof/rules/reach.key took 0 ms 
356835     DEBUG Test worker     d.u.i.k.n.ParsingFacade   PARSING file:/D:/a/key/key/key.core/build/resources/main/de/uka/ilkd/key/proof/rules/permission.key took 0 ms 
356835     DEBUG Test worker     d.u.i.k.n.ParsingFacade   PARSING file:/D:/a/key/key/key.core/build/resources/main/de/uka/ilkd/key/proof/rules/locSets.key took 0 ms 
356835     DEBUG Test worker     d.u.i.k.n.ParsingFacade   PARSING file:/D:/a/key/key/key.core/build/resources/main/de/uka/ilkd/key/proof/rules/heap.key took 0 ms 
356835     DEBUG Test worker     d.u.i.k.n.ParsingFacade   PARSING file:/D:/a/key/key/key.core/build/resources/main/de/uka/ilkd/key/proof/rules/floatHeader.key took 0 ms 
356835     DEBUG Test worker     d.u.i.k.n.ParsingFacade   PARSING file:/D:/a/key/key/key.core/build/resources/main/de/uka/ilkd/key/proof/rules/integerHeader.key took 0 ms 
356850     DEBUG Test worker     d.u.i.k.n.ParsingFacade   PARSING file:/D:/a/key/key/key.core/build/resources/main/de/uka/ilkd/key/proof/rules/ruleSetsDeclarations.key took 15 ms 
356850     DEBUG Test worker     d.u.i.k.n.ParsingFacade   PARSING file:/D:/a/key/key/key.core/build/resources/main/de/uka/ilkd/key/proof/rules/boolean.key took 0 ms 
356850     INFO  Test worker     d.u.i.k.n.KeyIO           Parsing took 31 ms 
356850     DEBUG Test worker     d.u.i.k.n.KeyIO           Load declarations of de.uka.ilkd.key.nparser.KeyAst$File:  file:/D:/a/key/key/key.core/build/resources/main/de/uka/ilkd/key/proof/rules/boolean.key:1#1 
356850     DEBUG Test worker     d.u.i.k.n.KeyIO           Load declarations of de.uka.ilkd.key.nparser.KeyAst$File:  file:/D:/a/key/key/key.core/build/resources/main/de/uka/ilkd/key/proof/rules/ruleSetsDeclarations.key:5#1 
356850     DEBUG Test worker     d.u.i.k.n.KeyIO           Load declarations of de.uka.ilkd.key.nparser.KeyAst$File:  file:/D:/a/key/key/key.core/build/resources/main/de/uka/ilkd/key/proof/rules/integerHeader.key:1#1 
356850     DEBUG Test worker     d.u.i.k.n.KeyIO           Load declarations of de.uka.ilkd.key.nparser.KeyAst$File:  file:/D:/a/key/key/key.core/build/resources/main/de/uka/ilkd/key/proof/rules/floatHeader.key:14#1 
356850     DEBUG Test worker     d.u.i.k.n.KeyIO           Load declarations of de.uka.ilkd.key.nparser.KeyAst$File:  file:/D:/a/key/key/key.core/build/resources/main/de/uka/ilkd/key/proof/rules/heap.key:4#1 
356850     DEBUG Test worker     d.u.i.k.n.KeyIO           Load declarations of de.uka.ilkd.key.nparser.KeyAst$File:  file:/D:/a/key/key/key.core/build/resources/main/de/uka/ilkd/key/proof/rules/locSets.key:4#1 
356850     DEBUG Test worker     d.u.i.k.n.KeyIO           Load declarations of de.uka.ilkd.key.nparser.KeyAst$File:  file:/D:/a/key/key/key.core/build/resources/main/de/uka/ilkd/key/proof/rules/permission.key:1#1 
356850     DEBUG Test worker     d.u.i.k.n.KeyIO           Load declarations of de.uka.ilkd.key.nparser.KeyAst$File:  file:/D:/a/key/key/key.core/build/resources/main/de/uka/ilkd/key/proof/rules/reach.key:3#1 
356850     DEBUG Test worker     d.u.i.k.n.KeyIO           Load declarations of de.uka.ilkd.key.nparser.KeyAst$File:  file:/D:/a/key/key/key.core/build/resources/main/de/uka/ilkd/key/proof/rules/seq.key:11#1 
356850     DEBUG Test worker     d.u.i.k.n.KeyIO           Load declarations of de.uka.ilkd.key.nparser.KeyAst$File:  file:/D:/a/key/key/key.core/build/resources/main/de/uka/ilkd/key/proof/rules/map.key:1#1 
356850     DEBUG Test worker     d.u.i.k.n.KeyIO           Load declarations of de.uka.ilkd.key.nparser.KeyAst$File:  file:/D:/a/key/key/key.core/build/resources/main/de/uka/ilkd/key/proof/rules/freeADT.key:17#1 
356850     DEBUG Test worker     d.u.i.k.n.KeyIO           Load declarations of de.uka.ilkd.key.nparser.KeyAst$File:  file:/D:/a/key/key/key.core/build/resources/main/de/uka/ilkd/key/proof/rules/wellfound.key:19#1 
356850     DEBUG Test worker     d.u.i.k.n.KeyIO           Load declarations of de.uka.ilkd.key.nparser.KeyAst$File:  file:/D:/a/key/key/key.core/build/resources/main/de/uka/ilkd/key/proof/rules/charListHeader.key:1#1 
356850     DEBUG Test worker     d.u.i.k.n.KeyIO           Load declarations of de.uka.ilkd.key.nparser.KeyAst$File:  file:/D:/a/key/key/key.core/build/resources/main/de/uka/ilkd/key/proof/rules/ldt.key:10#1 
356850     INFO  Test worker     d.u.i.k.n.KeyIO           MODE: declarations took 0 ms 
356850     DEBUG Test worker     d.u.i.k.n.KeyIO           MODE: 2nd degree decls took 0 
356850     INFO  Test worker     d.u.i.k.n.ExprTest        Term: true 
356866     DEBUG Test worker     d.u.i.k.n.ParsingFacade   PARSING file:/D:/a/key/key/key.core/build/resources/main/de/uka/ilkd/key/proof/rules/ldt.key took 0 ms 
356866     DEBUG Test worker     d.u.i.k.n.ParsingFacade   PARSING file:/D:/a/key/key/key.core/build/resources/main/de/uka/ilkd/key/proof/rules/charListHeader.key took 0 ms 
356866     DEBUG Test worker     d.u.i.k.n.ParsingFacade   PARSING file:/D:/a/key/key/key.core/build/resources/main/de/uka/ilkd/key/proof/rules/wellfound.key took 0 ms 
356866     DEBUG Test worker     d.u.i.k.n.ParsingFacade   PARSING file:/D:/a/key/key/key.core/build/resources/main/de/uka/ilkd/key/proof/rules/freeADT.key took 0 ms 
356866     DEBUG Test worker     d.u.i.k.n.ParsingFacade   PARSING file:/D:/a/key/key/key.core/build/resources/main/de/uka/ilkd/key/proof/rules/map.key took 0 ms 
356866     DEBUG Test worker     d.u.i.k.n.ParsingFacade   PARSING file:/D:/a/key/key/key.core/build/resources/main/de/uka/ilkd/key/proof/rules/seq.key took 0 ms 
356866     DEBUG Test worker     d.u.i.k.n.ParsingFacade   PARSING file:/D:/a/key/key/key.core/build/resources/main/de/uka/ilkd/key/proof/rules/reach.key took 0 ms 
356882     DEBUG Test worker     d.u.i.k.n.ParsingFacade   PARSING file:/D:/a/key/key/key.core/build/resources/main/de/uka/ilkd/key/proof/rules/permission.key took 0 ms 
356882     DEBUG Test worker     d.u.i.k.n.ParsingFacade   PARSING file:/D:/a/key/key/key.core/build/resources/main/de/uka/ilkd/key/proof/rules/locSets.key took 0 ms 
356882     DEBUG Test worker     d.u.i.k.n.ParsingFacade   PARSING file:/D:/a/key/key/key.core/build/resources/main/de/uka/ilkd/key/proof/rules/heap.key took 0 ms 
356882     DEBUG Test worker     d.u.i.k.n.ParsingFacade   PARSING file:/D:/a/key/key/key.core/build/resources/main/de/uka/ilkd/key/proof/rules/floatHeader.key took 0 ms 
356882     DEBUG Test worker     d.u.i.k.n.ParsingFacade   PARSING file:/D:/a/key/key/key.core/build/resources/main/de/uka/ilkd/key/proof/rules/integerHeader.key took 0 ms 
356882     DEBUG Test worker     d.u.i.k.n.ParsingFacade   PARSING file:/D:/a/key/key/key.core/build/resources/main/de/uka/ilkd/key/proof/rules/ruleSetsDeclarations.key took 0 ms 
356882     DEBUG Test worker     d.u.i.k.n.ParsingFacade   PARSING file:/D:/a/key/key/key.core/build/resources/main/de/uka/ilkd/key/proof/rules/boolean.key took 0 ms 
356882     INFO  Test worker     d.u.i.k.n.KeyIO           Parsing took 16 ms 
356882     DEBUG Test worker     d.u.i.k.n.KeyIO           Load declarations of de.uka.ilkd.key.nparser.KeyAst$File:  file:/D:/a/key/key/key.core/build/resources/main/de/uka/ilkd/key/proof/rules/boolean.key:1#1 
356882     DEBUG Test worker     d.u.i.k.n.KeyIO           Load declarations of de.uka.ilkd.key.nparser.KeyAst$File:  file:/D:/a/key/key/key.core/build/resources/main/de/uka/ilkd/key/proof/rules/ruleSetsDeclarations.key:5#1 
356882     DEBUG Test worker     d.u.i.k.n.KeyIO           Load declarations of de.uka.ilkd.key.nparser.KeyAst$File:  file:/D:/a/key/key/key.core/build/resources/main/de/uka/ilkd/key/proof/rules/integerHeader.key:1#1 
356897     DEBUG Test worker     d.u.i.k.n.KeyIO           Load declarations of de.uka.ilkd.key.nparser.KeyAst$File:  file:/D:/a/key/key/key.core/build/resources/main/de/uka/ilkd/key/proof/rules/floatHeader.key:14#1 
356897     DEBUG Test worker     d.u.i.k.n.KeyIO           Load declarations of de.uka.ilkd.key.nparser.KeyAst$File:  file:/D:/a/key/key/key.core/build/resources/main/de/uka/ilkd/key/proof/rules/heap.key:4#1 
356897     DEBUG Test worker     d.u.i.k.n.KeyIO           Load declarations of de.uka.ilkd.key.nparser.KeyAst$File:  file:/D:/a/key/key/key.core/build/resources/main/de/uka/ilkd/key/proof/rules/locSets.key:4#1 
356897     DEBUG Test worker     d.u.i.k.n.KeyIO           Load declarations of de.uka.ilkd.key.nparser.KeyAst$File:  file:/D:/a/key/key/key.core/build/resources/main/de/uka/ilkd/key/proof/rules/permission.key:1#1 
356897     DEBUG Test worker     d.u.i.k.n.KeyIO           Load declarations of de.uka.ilkd.key.nparser.KeyAst$File:  file:/D:/a/key/key/key.core/build/resources/main/de/uka/ilkd/key/proof/rules/reach.key:3#1 
356897     DEBUG Test worker     d.u.i.k.n.KeyIO           Load declarations of de.uka.ilkd.key.nparser.KeyAst$File:  file:/D:/a/key/key/key.core/build/resources/main/de/uka/ilkd/key/proof/rules/seq.key:11#1 
356897     DEBUG Test worker     d.u.i.k.n.KeyIO           Load declarations of de.uka.ilkd.key.nparser.KeyAst$File:  file:/D:/a/key/key/key.core/build/resources/main/de/uka/ilkd/key/proof/rules/map.key:1#1 
356897     DEBUG Test worker     d.u.i.k.n.KeyIO           Load declarations of de.uka.ilkd.key.nparser.KeyAst$File:  file:/D:/a/key/key/key.core/build/resources/main/de/uka/ilkd/key/proof/rules/freeADT.key:17#1 
356897     DEBUG Test worker     d.u.i.k.n.KeyIO           Load declarations of de.uka.ilkd.key.nparser.KeyAst$File:  file:/D:/a/key/key/key.core/build/resources/main/de/uka/ilkd/key/proof/rules/wellfound.key:19#1 
356897     DEBUG Test worker     d.u.i.k.n.KeyIO           Load declarations of de.uka.ilkd.key.nparser.KeyAst$File:  file:/D:/a/key/key/key.core/build/resources/main/de/uka/ilkd/key/proof/rules/charListHeader.key:1#1 
356897     DEBUG Test worker     d.u.i.k.n.KeyIO           Load declarations of de.uka.ilkd.key.nparser.KeyAst$File:  file:/D:/a/key/key/key.core/build/resources/main/de/uka/ilkd/key/proof/rules/ldt.key:10#1 
356897     INFO  Test worker     d.u.i.k.n.KeyIO           MODE: declarations took 15 ms 
356897     DEBUG Test worker     d.u.i.k.n.KeyIO           MODE: 2nd degree decls took 0 
356897     INFO  Test worker     d.u.i.k.n.ExprTest        Term: and(true,false) 
356913     DEBUG Test worker     d.u.i.k.n.ParsingFacade   PARSING file:/D:/a/key/key/key.core/build/resources/main/de/uka/ilkd/key/proof/rules/ldt.key took 0 ms 
356913     DEBUG Test worker     d.u.i.k.n.ParsingFacade   PARSING file:/D:/a/key/key/key.core/build/resources/main/de/uka/ilkd/key/proof/rules/charListHeader.key took 0 ms 
356913     DEBUG Test worker     d.u.i.k.n.ParsingFacade   PARSING file:/D:/a/key/key/key.core/build/resources/main/de/uka/ilkd/key/proof/rules/wellfound.key took 0 ms 
356913     DEBUG Test worker     d.u.i.k.n.ParsingFacade   PARSING file:/D:/a/key/key/key.core/build/resources/main/de/uka/ilkd/key/proof/rules/freeADT.key took 0 ms 
356913     DEBUG Test worker     d.u.i.k.n.ParsingFacade   PARSING file:/D:/a/key/key/key.core/build/resources/main/de/uka/ilkd/key/proof/rules/map.key took 0 ms 
356913     DEBUG Test worker     d.u.i.k.n.ParsingFacade   PARSING file:/D:/a/key/key/key.core/build/resources/main/de/uka/ilkd/key/proof/rules/seq.key took 0 ms 
356913     DEBUG Test worker     d.u.i.k.n.ParsingFacade   PARSING file:/D:/a/key/key/key.core/build/resources/main/de/uka/ilkd/key/proof/rules/reach.key took 0 ms 
356913     DEBUG Test worker     d.u.i.k.n.ParsingFacade   PARSING file:/D:/a/key/key/key.core/build/resources/main/de/uka/ilkd/key/proof/rules/permission.key took 0 ms 
356913     DEBUG Test worker     d.u.i.k.n.ParsingFacade   PARSING file:/D:/a/key/key/key.core/build/resources/main/de/uka/ilkd/key/proof/rules/locSets.key took 0 ms 
356913     DEBUG Test worker     d.u.i.k.n.ParsingFacade   PARSING file:/D:/a/key/key/key.core/build/resources/main/de/uka/ilkd/key/proof/rules/heap.key took 0 ms 
356913     DEBUG Test worker     d.u.i.k.n.ParsingFacade   PARSING file:/D:/a/key/key/key.core/build/resources/main/de/uka/ilkd/key/proof/rules/floatHeader.key took 0 ms 
356913     DEBUG Test worker     d.u.i.k.n.ParsingFacade   PARSING file:/D:/a/key/key/key.core/build/resources/main/de/uka/ilkd/key/proof/rules/integerHeader.key took 0 ms 
356929     DEBUG Test worker     d.u.i.k.n.ParsingFacade   PARSING file:/D:/a/key/key/key.core/build/resources/main/de/uka/ilkd/key/proof/rules/ruleSetsDeclarations.key took 0 ms 
356929     DEBUG Test worker     d.u.i.k.n.ParsingFacade   PARSING file:/D:/a/key/key/key.core/build/resources/main/de/uka/ilkd/key/proof/rules/boolean.key took 0 ms 
356929     INFO  Test worker     d.u.i.k.n.KeyIO           Parsing took 16 ms 
356929     DEBUG Test worker     d.u.i.k.n.KeyIO           Load declarations of de.uka.ilkd.key.nparser.KeyAst$File:  file:/D:/a/key/key/key.core/build/resources/main/de/uka/ilkd/key/proof/rules/boolean.key:1#1 
356929     DEBUG Test worker     d.u.i.k.n.KeyIO           Load declarations of de.uka.ilkd.key.nparser.KeyAst$File:  file:/D:/a/key/key/key.core/build/resources/main/de/uka/ilkd/key/proof/rules/ruleSetsDeclarations.key:5#1 
356929     DEBUG Test worker     d.u.i.k.n.KeyIO           Load declarations of de.uka.ilkd.key.nparser.KeyAst$File:  file:/D:/a/key/key/key.core/build/resources/main/de/uka/ilkd/key/proof/rules/integerHeader.key:1#1 
356929     DEBUG Test worker     d.u.i.k.n.KeyIO           Load declarations of de.uka.ilkd.key.nparser.KeyAst$File:  file:/D:/a/key/key/key.core/build/resources/main/de/uka/ilkd/key/proof/rules/floatHeader.key:14#1 
356929     DEBUG Test worker     d.u.i.k.n.KeyIO           Load declarations of de.uka.ilkd.key.nparser.KeyAst$File:  file:/D:/a/key/key/key.core/build/resources/main/de/uka/ilkd/key/proof/rules/heap.key:4#1 
356929     DEBUG Test worker     d.u.i.k.n.KeyIO           Load declarations of de.uka.ilkd.key.nparser.KeyAst$File:  file:/D:/a/key/key/key.core/build/resources/main/de/uka/ilkd/key/proof/rules/locSets.key:4#1 
356929     DEBUG Test worker     d.u.i.k.n.KeyIO           Load declarations of de.uka.ilkd.key.nparser.KeyAst$File:  file:/D:/a/key/key/key.core/build/resources/main/de/uka/ilkd/key/proof/rules/permission.key:1#1 
356929     DEBUG Test worker     d.u.i.k.n.KeyIO           Load declarations of de.uka.ilkd.key.nparser.KeyAst$File:  file:/D:/a/key/key/key.core/build/resources/main/de/uka/ilkd/key/proof/rules/reach.key:3#1 
356929     DEBUG Test worker     d.u.i.k.n.KeyIO           Load declarations of de.uka.ilkd.key.nparser.KeyAst$File:  file:/D:/a/key/key/key.core/build/resources/main/de/uka/ilkd/key/proof/rules/seq.key:11#1 
356929     DEBUG Test worker     d.u.i.k.n.KeyIO           Load declarations of de.uka.ilkd.key.nparser.KeyAst$File:  file:/D:/a/key/key/key.core/build/resources/main/de/uka/ilkd/key/proof/rules/map.key:1#1 
356944     DEBUG Test worker     d.u.i.k.n.KeyIO           Load declarations of de.uka.ilkd.key.nparser.KeyAst$File:  file:/D:/a/key/key/key.core/build/resources/main/de/uka/ilkd/key/proof/rules/freeADT.key:17#1 
356944     DEBUG Test worker     d.u.i.k.n.KeyIO           Load declarations of de.uka.ilkd.key.nparser.KeyAst$File:  file:/D:/a/key/key/key.core/build/resources/main/de/uka/ilkd/key/proof/rules/wellfound.key:19#1 
356944     DEBUG Test worker     d.u.i.k.n.KeyIO           Load declarations of de.uka.ilkd.key.nparser.KeyAst$File:  file:/D:/a/key/key/key.core/build/resources/main/de/uka/ilkd/key/proof/rules/charListHeader.key:1#1 
356944     DEBUG Test worker     d.u.i.k.n.KeyIO           Load declarations of de.uka.ilkd.key.nparser.KeyAst$File:  file:/D:/a/key/key/key.core/build/resources/main/de/uka/ilkd/key/proof/rules/ldt.key:10#1 
356944     INFO  Test worker     d.u.i.k.n.KeyIO           MODE: declarations took 15 ms 
356944     DEBUG Test worker     d.u.i.k.n.KeyIO           MODE: 2nd degree decls took 0 
356944     INFO  Test worker     d.u.i.k.n.ExprTest        Term: Z(0(#)) 
356944     DEBUG Test worker     d.u.i.k.n.ParsingFacade   PARSING file:/D:/a/key/key/key.core/build/resources/main/de/uka/ilkd/key/proof/rules/ldt.key took 0 ms 
356944     DEBUG Test worker     d.u.i.k.n.ParsingFacade   PARSING file:/D:/a/key/key/key.core/build/resources/main/de/uka/ilkd/key/proof/rules/charListHeader.key took 0 ms 
356944     DEBUG Test worker     d.u.i.k.n.ParsingFacade   PARSING file:/D:/a/key/key/key.core/build/resources/main/de/uka/ilkd/key/proof/rules/wellfound.key took 0 ms 
356944     DEBUG Test worker     d.u.i.k.n.ParsingFacade   PARSING file:/D:/a/key/key/key.core/build/resources/main/de/uka/ilkd/key/proof/rules/freeADT.key took 0 ms 
356960     DEBUG Test worker     d.u.i.k.n.ParsingFacade   PARSING file:/D:/a/key/key/key.core/build/resources/main/de/uka/ilkd/key/proof/rules/map.key took 16 ms 
356960     DEBUG Test worker     d.u.i.k.n.ParsingFacade   PARSING file:/D:/a/key/key/key.core/build/resources/main/de/uka/ilkd/key/proof/rules/seq.key took 0 ms 
356960     DEBUG Test worker     d.u.i.k.n.ParsingFacade   PARSING file:/D:/a/key/key/key.core/build/resources/main/de/uka/ilkd/key/proof/rules/reach.key took 0 ms 
356960     DEBUG Test worker     d.u.i.k.n.ParsingFacade   PARSING file:/D:/a/key/key/key.core/build/resources/main/de/uka/ilkd/key/proof/rules/permission.key took 0 ms 
356960     DEBUG Test worker     d.u.i.k.n.ParsingFacade   PARSING file:/D:/a/key/key/key.core/build/resources/main/de/uka/ilkd/key/proof/rules/locSets.key took 0 ms 
356960     DEBUG Test worker     d.u.i.k.n.ParsingFacade   PARSING file:/D:/a/key/key/key.core/build/resources/main/de/uka/ilkd/key/proof/rules/heap.key took 0 ms 
356960     DEBUG Test worker     d.u.i.k.n.ParsingFacade   PARSING file:/D:/a/key/key/key.core/build/resources/main/de/uka/ilkd/key/proof/rules/floatHeader.key took 0 ms 
356960     DEBUG Test worker     d.u.i.k.n.ParsingFacade   PARSING file:/D:/a/key/key/key.core/build/resources/main/de/uka/ilkd/key/proof/rules/integerHeader.key took 0 ms 
356975     DEBUG Test worker     d.u.i.k.n.ParsingFacade   PARSING file:/D:/a/key/key/key.core/build/resources/main/de/uka/ilkd/key/proof/rules/ruleSetsDeclarations.key took 15 ms 
356975     DEBUG Test worker     d.u.i.k.n.ParsingFacade   PARSING file:/D:/a/key/key/key.core/build/resources/main/de/uka/ilkd/key/proof/rules/boolean.key took 0 ms 
356975     INFO  Test worker     d.u.i.k.n.KeyIO           Parsing took 31 ms 
356975     DEBUG Test worker     d.u.i.k.n.KeyIO           Load declarations of de.uka.ilkd.key.nparser.KeyAst$File:  file:/D:/a/key/key/key.core/build/resources/main/de/uka/ilkd/key/proof/rules/boolean.key:1#1 
356975     DEBUG Test worker     d.u.i.k.n.KeyIO           Load declarations of de.uka.ilkd.key.nparser.KeyAst$File:  file:/D:/a/key/key/key.core/build/resources/main/de/uka/ilkd/key/proof/rules/ruleSetsDeclarations.key:5#1 
356975     DEBUG Test worker     d.u.i.k.n.KeyIO           Load declarations of de.uka.ilkd.key.nparser.KeyAst$File:  file:/D:/a/key/key/key.core/build/resources/main/de/uka/ilkd/key/proof/rules/integerHeader.key:1#1 
356975     DEBUG Test worker     d.u.i.k.n.KeyIO           Load declarations of de.uka.ilkd.key.nparser.KeyAst$File:  file:/D:/a/key/key/key.core/build/resources/main/de/uka/ilkd/key/proof/rules/floatHeader.key:14#1 
356975     DEBUG Test worker     d.u.i.k.n.KeyIO           Load declarations of de.uka.ilkd.key.nparser.KeyAst$File:  file:/D:/a/key/key/key.core/build/resources/main/de/uka/ilkd/key/proof/rules/heap.key:4#1 
356975     DEBUG Test worker     d.u.i.k.n.KeyIO           Load declarations of de.uka.ilkd.key.nparser.KeyAst$File:  file:/D:/a/key/key/key.core/build/resources/main/de/uka/ilkd/key/proof/rules/locSets.key:4#1 
356975     DEBUG Test worker     d.u.i.k.n.KeyIO           Load declarations of de.uka.ilkd.key.nparser.KeyAst$File:  file:/D:/a/key/key/key.core/build/resources/main/de/uka/ilkd/key/proof/rules/permission.key:1#1 
356975     DEBUG Test worker     d.u.i.k.n.KeyIO           Load declarations of de.uka.ilkd.key.nparser.KeyAst$File:  file:/D:/a/key/key/key.core/build/resources/main/de/uka/ilkd/key/proof/rules/reach.key:3#1 
356975     DEBUG Test worker     d.u.i.k.n.KeyIO           Load declarations of de.uka.ilkd.key.nparser.KeyAst$File:  file:/D:/a/key/key/key.core/build/resources/main/de/uka/ilkd/key/proof/rules/seq.key:11#1 
356975     DEBUG Test worker     d.u.i.k.n.KeyIO           Load declarations of de.uka.ilkd.key.nparser.KeyAst$File:  file:/D:/a/key/key/key.core/build/resources/main/de/uka/ilkd/key/proof/rules/map.key:1#1 
356975     DEBUG Test worker     d.u.i.k.n.KeyIO           Load declarations of de.uka.ilkd.key.nparser.KeyAst$File:  file:/D:/a/key/key/key.core/build/resources/main/de/uka/ilkd/key/proof/rules/freeADT.key:17#1 
356975     DEBUG Test worker     d.u.i.k.n.KeyIO           Load declarations of de.uka.ilkd.key.nparser.KeyAst$File:  file:/D:/a/key/key/key.core/build/resources/main/de/uka/ilkd/key/proof/rules/wellfound.key:19#1 
356975     DEBUG Test worker     d.u.i.k.n.KeyIO           Load declarations of de.uka.ilkd.key.nparser.KeyAst$File:  file:/D:/a/key/key/key.core/build/resources/main/de/uka/ilkd/key/proof/rules/charListHeader.key:1#1 
356975     DEBUG Test worker     d.u.i.k.n.KeyIO           Load declarations of de.uka.ilkd.key.nparser.KeyAst$File:  file:/D:/a/key/key/key.core/build/resources/main/de/uka/ilkd/key/proof/rules/ldt.key:10#1 
356975     INFO  Test worker     d.u.i.k.n.KeyIO           MODE: declarations took 0 ms 
356975     DEBUG Test worker     d.u.i.k.n.KeyIO           MODE: 2nd degree decls took 0 
356975     INFO  Test worker     d.u.i.k.n.ExprTest        Term: Z(1(#)) 
356991     DEBUG Test worker     d.u.i.k.n.ParsingFacade   PARSING file:/D:/a/key/key/key.core/build/resources/main/de/uka/ilkd/key/proof/rules/ldt.key took 0 ms 
356991     DEBUG Test worker     d.u.i.k.n.ParsingFacade   PARSING file:/D:/a/key/key/key.core/build/resources/main/de/uka/ilkd/key/proof/rules/charListHeader.key took 0 ms 
356991     DEBUG Test worker     d.u.i.k.n.ParsingFacade   PARSING file:/D:/a/key/key/key.core/build/resources/main/de/uka/ilkd/key/proof/rules/wellfound.key took 0 ms 
356991     DEBUG Test worker     d.u.i.k.n.ParsingFacade   PARSING file:/D:/a/key/key/key.core/build/resources/main/de/uka/ilkd/key/proof/rules/freeADT.key took 0 ms 
356991     DEBUG Test worker     d.u.i.k.n.ParsingFacade   PARSING file:/D:/a/key/key/key.core/build/resources/main/de/uka/ilkd/key/proof/rules/map.key took 0 ms 
356991     DEBUG Test worker     d.u.i.k.n.ParsingFacade   PARSING file:/D:/a/key/key/key.core/build/resources/main/de/uka/ilkd/key/proof/rules/seq.key took 0 ms 
357007     DEBUG Test worker     d.u.i.k.n.ParsingFacade   PARSING file:/D:/a/key/key/key.core/build/resources/main/de/uka/ilkd/key/proof/rules/reach.key took 0 ms 
357007     DEBUG Test worker     d.u.i.k.n.ParsingFacade   PARSING file:/D:/a/key/key/key.core/build/resources/main/de/uka/ilkd/key/proof/rules/permission.key took 0 ms 
357007     DEBUG Test worker     d.u.i.k.n.ParsingFacade   PARSING file:/D:/a/key/key/key.core/build/resources/main/de/uka/ilkd/key/proof/rules/locSets.key took 0 ms 
357007     DEBUG Test worker     d.u.i.k.n.ParsingFacade   PARSING file:/D:/a/key/key/key.core/build/resources/main/de/uka/ilkd/key/proof/rules/heap.key took 0 ms 
357007     DEBUG Test worker     d.u.i.k.n.ParsingFacade   PARSING file:/D:/a/key/key/key.core/build/resources/main/de/uka/ilkd/key/proof/rules/floatHeader.key took 0 ms 
357007     DEBUG Test worker     d.u.i.k.n.ParsingFacade   PARSING file:/D:/a/key/key/key.core/build/resources/main/de/uka/ilkd/key/proof/rules/integerHeader.key took 0 ms 
357007     DEBUG Test worker     d.u.i.k.n.ParsingFacade   PARSING file:/D:/a/key/key/key.core/build/resources/main/de/uka/ilkd/key/proof/rules/ruleSetsDeclarations.key took 0 ms 
357007     DEBUG Test worker     d.u.i.k.n.ParsingFacade   PARSING file:/D:/a/key/key/key.core/build/resources/main/de/uka/ilkd/key/proof/rules/boolean.key took 0 ms 
357007     INFO  Test worker     d.u.i.k.n.KeyIO           Parsing took 16 ms 
357007     DEBUG Test worker     d.u.i.k.n.KeyIO           Load declarations of de.uka.ilkd.key.nparser.KeyAst$File:  file:/D:/a/key/key/key.core/build/resources/main/de/uka/ilkd/key/proof/rules/boolean.key:1#1 
357007     DEBUG Test worker     d.u.i.k.n.KeyIO           Load declarations of de.uka.ilkd.key.nparser.KeyAst$File:  file:/D:/a/key/key/key.core/build/resources/main/de/uka/ilkd/key/proof/rules/ruleSetsDeclarations.key:5#1 
357007     DEBUG Test worker     d.u.i.k.n.KeyIO           Load declarations of de.uka.ilkd.key.nparser.KeyAst$File:  file:/D:/a/key/key/key.core/build/resources/main/de/uka/ilkd/key/proof/rules/integerHeader.key:1#1 
357007     DEBUG Test worker     d.u.i.k.n.KeyIO           Load declarations of de.uka.ilkd.key.nparser.KeyAst$File:  file:/D:/a/key/key/key.core/build/resources/main/de/uka/ilkd/key/proof/rules/floatHeader.key:14#1 
357007     DEBUG Test worker     d.u.i.k.n.KeyIO           Load declarations of de.uka.ilkd.key.nparser.KeyAst$File:  file:/D:/a/key/key/key.core/build/resources/main/de/uka/ilkd/key/proof/rules/heap.key:4#1 
357007     DEBUG Test worker     d.u.i.k.n.KeyIO           Load declarations of de.uka.ilkd.key.nparser.KeyAst$File:  file:/D:/a/key/key/key.core/build/resources/main/de/uka/ilkd/key/proof/rules/locSets.key:4#1 
357007     DEBUG Test worker     d.u.i.k.n.KeyIO           Load declarations of de.uka.ilkd.key.nparser.KeyAst$File:  file:/D:/a/key/key/key.core/build/resources/main/de/uka/ilkd/key/proof/rules/permission.key:1#1 
357007     DEBUG Test worker     d.u.i.k.n.KeyIO           Load declarations of de.uka.ilkd.key.nparser.KeyAst$File:  file:/D:/a/key/key/key.core/build/resources/main/de/uka/ilkd/key/proof/rules/reach.key:3#1 
357007     DEBUG Test worker     d.u.i.k.n.KeyIO           Load declarations of de.uka.ilkd.key.nparser.KeyAst$File:  file:/D:/a/key/key/key.core/build/resources/main/de/uka/ilkd/key/proof/rules/seq.key:11#1 
357007     DEBUG Test worker     d.u.i.k.n.KeyIO           Load declarations of de.uka.ilkd.key.nparser.KeyAst$File:  file:/D:/a/key/key/key.core/build/resources/main/de/uka/ilkd/key/proof/rules/map.key:1#1 
357007     DEBUG Test worker     d.u.i.k.n.KeyIO           Load declarations of de.uka.ilkd.key.nparser.KeyAst$File:  file:/D:/a/key/key/key.core/build/resources/main/de/uka/ilkd/key/proof/rules/freeADT.key:17#1 
357007     DEBUG Test worker     d.u.i.k.n.KeyIO           Load declarations of de.uka.ilkd.key.nparser.KeyAst$File:  file:/D:/a/key/key/key.core/build/resources/main/de/uka/ilkd/key/proof/rules/wellfound.key:19#1 
357007     DEBUG Test worker     d.u.i.k.n.KeyIO           Load declarations of de.uka.ilkd.key.nparser.KeyAst$File:  file:/D:/a/key/key/key.core/build/resources/main/de/uka/ilkd/key/proof/rules/charListHeader.key:1#1 
357007     DEBUG Test worker     d.u.i.k.n.KeyIO           Load declarations of de.uka.ilkd.key.nparser.KeyAst$File:  file:/D:/a/key/key/key.core/build/resources/main/de/uka/ilkd/key/proof/rules/ldt.key:10#1 
357007     INFO  Test worker     d.u.i.k.n.KeyIO           MODE: declarations took 0 ms 
357022     DEBUG Test worker     d.u.i.k.n.KeyIO           MODE: 2nd degree decls took 0 
357022     INFO  Test worker     d.u.i.k.n.ExprTest        Term: Z(2(4(#))) 
357022     DEBUG Test worker     d.u.i.k.n.ParsingFacade   PARSING file:/D:/a/key/key/key.core/build/resources/main/de/uka/ilkd/key/proof/rules/ldt.key took 0 ms 
357022     DEBUG Test worker     d.u.i.k.n.ParsingFacade   PARSING file:/D:/a/key/key/key.core/build/resources/main/de/uka/ilkd/key/proof/rules/charListHeader.key took 0 ms 
357022     DEBUG Test worker     d.u.i.k.n.ParsingFacade   PARSING file:/D:/a/key/key/key.core/build/resources/main/de/uka/ilkd/key/proof/rules/wellfound.key took 0 ms 
357022     DEBUG Test worker     d.u.i.k.n.ParsingFacade   PARSING file:/D:/a/key/key/key.core/build/resources/main/de/uka/ilkd/key/proof/rules/freeADT.key took 0 ms 
357038     DEBUG Test worker     d.u.i.k.n.ParsingFacade   PARSING file:/D:/a/key/key/key.core/build/resources/main/de/uka/ilkd/key/proof/rules/map.key took 16 ms 
357038     DEBUG Test worker     d.u.i.k.n.ParsingFacade   PARSING file:/D:/a/key/key/key.core/build/resources/main/de/uka/ilkd/key/proof/rules/seq.key took 0 ms 
357038     DEBUG Test worker     d.u.i.k.n.ParsingFacade   PARSING file:/D:/a/key/key/key.core/build/resources/main/de/uka/ilkd/key/proof/rules/reach.key took 0 ms 
357038     DEBUG Test worker     d.u.i.k.n.ParsingFacade   PARSING file:/D:/a/key/key/key.core/build/resources/main/de/uka/ilkd/key/proof/rules/permission.key took 0 ms 
357038     DEBUG Test worker     d.u.i.k.n.ParsingFacade   PARSING file:/D:/a/key/key/key.core/build/resources/main/de/uka/ilkd/key/proof/rules/locSets.key took 0 ms 
357038     DEBUG Test worker     d.u.i.k.n.ParsingFacade   PARSING file:/D:/a/key/key/key.core/build/resources/main/de/uka/ilkd/key/proof/rules/heap.key took 0 ms 
357038     DEBUG Test worker     d.u.i.k.n.ParsingFacade   PARSING file:/D:/a/key/key/key.core/build/resources/main/de/uka/ilkd/key/proof/rules/floatHeader.key took 0 ms 
357038     DEBUG Test worker     d.u.i.k.n.ParsingFacade   PARSING file:/D:/a/key/key/key.core/build/resources/main/de/uka/ilkd/key/proof/rules/integerHeader.key took 0 ms 
357038     DEBUG Test worker     d.u.i.k.n.ParsingFacade   PARSING file:/D:/a/key/key/key.core/build/resources/main/de/uka/ilkd/key/proof/rules/ruleSetsDeclarations.key took 0 ms 
357054     DEBUG Test worker     d.u.i.k.n.ParsingFacade   PARSING file:/D:/a/key/key/key.core/build/resources/main/de/uka/ilkd/key/proof/rules/boolean.key took 0 ms 
357054     INFO  Test worker     d.u.i.k.n.KeyIO           Parsing took 32 ms 
357054     DEBUG Test worker     d.u.i.k.n.KeyIO           Load declarations of de.uka.ilkd.key.nparser.KeyAst$File:  file:/D:/a/key/key/key.core/build/resources/main/de/uka/ilkd/key/proof/rules/boolean.key:1#1 
357054     DEBUG Test worker     d.u.i.k.n.KeyIO           Load declarations of de.uka.ilkd.key.nparser.KeyAst$File:  file:/D:/a/key/key/key.core/build/resources/main/de/uka/ilkd/key/proof/rules/ruleSetsDeclarations.key:5#1 
357054     DEBUG Test worker     d.u.i.k.n.KeyIO           Load declarations of de.uka.ilkd.key.nparser.KeyAst$File:  file:/D:/a/key/key/key.core/build/resources/main/de/uka/ilkd/key/proof/rules/integerHeader.key:1#1 
357054     DEBUG Test worker     d.u.i.k.n.KeyIO           Load declarations of de.uka.ilkd.key.nparser.KeyAst$File:  file:/D:/a/key/key/key.core/build/resources/main/de/uka/ilkd/key/proof/rules/floatHeader.key:14#1 
357054     DEBUG Test worker     d.u.i.k.n.KeyIO           Load declarations of de.uka.ilkd.key.nparser.KeyAst$File:  file:/D:/a/key/key/key.core/build/resources/main/de/uka/ilkd/key/proof/rules/heap.key:4#1 
357054     DEBUG Test worker     d.u.i.k.n.KeyIO           Load declarations of de.uka.ilkd.key.nparser.KeyAst$File:  file:/D:/a/key/key/key.core/build/resources/main/de/uka/ilkd/key/proof/rules/locSets.key:4#1 
357054     DEBUG Test worker     d.u.i.k.n.KeyIO           Load declarations of de.uka.ilkd.key.nparser.KeyAst$File:  file:/D:/a/key/key/key.core/build/resources/main/de/uka/ilkd/key/proof/rules/permission.key:1#1 
357054     DEBUG Test worker     d.u.i.k.n.KeyIO           Load declarations of de.uka.ilkd.key.nparser.KeyAst$File:  file:/D:/a/key/key/key.core/build/resources/main/de/uka/ilkd/key/proof/rules/reach.key:3#1 
357054     DEBUG Test worker     d.u.i.k.n.KeyIO           Load declarations of de.uka.ilkd.key.nparser.KeyAst$File:  file:/D:/a/key/key/key.core/build/resources/main/de/uka/ilkd/key/proof/rules/seq.key:11#1 
357054     DEBUG Test worker     d.u.i.k.n.KeyIO           Load declarations of de.uka.ilkd.key.nparser.KeyAst$File:  file:/D:/a/key/key/key.core/build/resources/main/de/uka/ilkd/key/proof/rules/map.key:1#1 
357054     DEBUG Test worker     d.u.i.k.n.KeyIO           Load declarations of de.uka.ilkd.key.nparser.KeyAst$File:  file:/D:/a/key/key/key.core/build/resources/main/de/uka/ilkd/key/proof/rules/freeADT.key:17#1 
357054     DEBUG Test worker     d.u.i.k.n.KeyIO           Load declarations of de.uka.ilkd.key.nparser.KeyAst$File:  file:/D:/a/key/key/key.core/build/resources/main/de/uka/ilkd/key/proof/rules/wellfound.key:19#1 
357054     DEBUG Test worker     d.u.i.k.n.KeyIO           Load declarations of de.uka.ilkd.key.nparser.KeyAst$File:  file:/D:/a/key/key/key.core/build/resources/main/de/uka/ilkd/key/proof/rules/charListHeader.key:1#1 
357054     DEBUG Test worker     d.u.i.k.n.KeyIO           Load declarations of de.uka.ilkd.key.nparser.KeyAst$File:  file:/D:/a/key/key/key.core/build/resources/main/de/uka/ilkd/key/proof/rules/ldt.key:10#1 
357054     INFO  Test worker     d.u.i.k.n.KeyIO           MODE: declarations took 0 ms 
357054     DEBUG Test worker     d.u.i.k.n.KeyIO           MODE: 2nd degree decls took 0 
357054     INFO  Test worker     d.u.i.k.n.ExprTest        Term: Z(neglit(5(#))) 
357069     DEBUG Test worker     d.u.i.k.n.ParsingFacade   PARSING file:/D:/a/key/key/key.core/build/resources/main/de/uka/ilkd/key/proof/rules/ldt.key took 0 ms 
357069     DEBUG Test worker     d.u.i.k.n.ParsingFacade   PARSING file:/D:/a/key/key/key.core/build/resources/main/de/uka/ilkd/key/proof/rules/charListHeader.key took 0 ms 
357069     DEBUG Test worker     d.u.i.k.n.ParsingFacade   PARSING file:/D:/a/key/key/key.core/build/resources/main/de/uka/ilkd/key/proof/rules/wellfound.key took 0 ms 
357069     DEBUG Test worker     d.u.i.k.n.ParsingFacade   PARSING file:/D:/a/key/key/key.core/build/resources/main/de/uka/ilkd/key/proof/rules/freeADT.key took 0 ms 
357069     DEBUG Test worker     d.u.i.k.n.ParsingFacade   PARSING file:/D:/a/key/key/key.core/build/resources/main/de/uka/ilkd/key/proof/rules/map.key took 0 ms 
357069     DEBUG Test worker     d.u.i.k.n.ParsingFacade   PARSING file:/D:/a/key/key/key.core/build/resources/main/de/uka/ilkd/key/proof/rules/seq.key took 0 ms 
357069     DEBUG Test worker     d.u.i.k.n.ParsingFacade   PARSING file:/D:/a/key/key/key.core/build/resources/main/de/uka/ilkd/key/proof/rules/reach.key took 0 ms 
357069     DEBUG Test worker     d.u.i.k.n.ParsingFacade   PARSING file:/D:/a/key/key/key.core/build/resources/main/de/uka/ilkd/key/proof/rules/permission.key took 0 ms 
357069     DEBUG Test worker     d.u.i.k.n.ParsingFacade   PARSING file:/D:/a/key/key/key.core/build/resources/main/de/uka/ilkd/key/proof/rules/locSets.key took 0 ms 
357085     DEBUG Test worker     d.u.i.k.n.ParsingFacade   PARSING file:/D:/a/key/key/key.core/build/resources/main/de/uka/ilkd/key/proof/rules/heap.key took 16 ms 
357085     DEBUG Test worker     d.u.i.k.n.ParsingFacade   PARSING file:/D:/a/key/key/key.core/build/resources/main/de/uka/ilkd/key/proof/rules/floatHeader.key took 0 ms 
357085     DEBUG Test worker     d.u.i.k.n.ParsingFacade   PARSING file:/D:/a/key/key/key.core/build/resources/main/de/uka/ilkd/key/proof/rules/integerHeader.key took 0 ms 
357085     DEBUG Test worker     d.u.i.k.n.ParsingFacade   PARSING file:/D:/a/key/key/key.core/build/resources/main/de/uka/ilkd/key/proof/rules/ruleSetsDeclarations.key took 0 ms 
357085     DEBUG Test worker     d.u.i.k.n.ParsingFacade   PARSING file:/D:/a/key/key/key.core/build/resources/main/de/uka/ilkd/key/proof/rules/boolean.key took 0 ms 
357085     INFO  Test worker     d.u.i.k.n.KeyIO           Parsing took 16 ms 
357085     DEBUG Test worker     d.u.i.k.n.KeyIO           Load declarations of de.uka.ilkd.key.nparser.KeyAst$File:  file:/D:/a/key/key/key.core/build/resources/main/de/uka/ilkd/key/proof/rules/boolean.key:1#1 
357085     DEBUG Test worker     d.u.i.k.n.KeyIO           Load declarations of de.uka.ilkd.key.nparser.KeyAst$File:  file:/D:/a/key/key/key.core/build/resources/main/de/uka/ilkd/key/proof/rules/ruleSetsDeclarations.key:5#1 
357085     DEBUG Test worker     d.u.i.k.n.KeyIO           Load declarations of de.uka.ilkd.key.nparser.KeyAst$File:  file:/D:/a/key/key/key.core/build/resources/main/de/uka/ilkd/key/proof/rules/integerHeader.key:1#1 
357085     DEBUG Test worker     d.u.i.k.n.KeyIO           Load declarations of de.uka.ilkd.key.nparser.KeyAst$File:  file:/D:/a/key/key/key.core/build/resources/main/de/uka/ilkd/key/proof/rules/floatHeader.key:14#1 
357085     DEBUG Test worker     d.u.i.k.n.KeyIO           Load declarations of de.uka.ilkd.key.nparser.KeyAst$File:  file:/D:/a/key/key/key.core/build/resources/main/de/uka/ilkd/key/proof/rules/heap.key:4#1 
357085     DEBUG Test worker     d.u.i.k.n.KeyIO           Load declarations of de.uka.ilkd.key.nparser.KeyAst$File:  file:/D:/a/key/key/key.core/build/resources/main/de/uka/ilkd/key/proof/rules/locSets.key:4#1 
357085     DEBUG Test worker     d.u.i.k.n.KeyIO           Load declarations of de.uka.ilkd.key.nparser.KeyAst$File:  file:/D:/a/key/key/key.core/build/resources/main/de/uka/ilkd/key/proof/rules/permission.key:1#1 
357085     DEBUG Test worker     d.u.i.k.n.KeyIO           Load declarations of de.uka.ilkd.key.nparser.KeyAst$File:  file:/D:/a/key/key/key.core/build/resources/main/de/uka/ilkd/key/proof/rules/reach.key:3#1 
357085     DEBUG Test worker     d.u.i.k.n.KeyIO           Load declarations of de.uka.ilkd.key.nparser.KeyAst$File:  file:/D:/a/key/key/key.core/build/resources/main/de/uka/ilkd/key/proof/rules/seq.key:11#1 
357085     DEBUG Test worker     d.u.i.k.n.KeyIO           Load declarations of de.uka.ilkd.key.nparser.KeyAst$File:  file:/D:/a/key/key/key.core/build/resources/main/de/uka/ilkd/key/proof/rules/map.key:1#1 
357085     DEBUG Test worker     d.u.i.k.n.KeyIO           Load declarations of de.uka.ilkd.key.nparser.KeyAst$File:  file:/D:/a/key/key/key.core/build/resources/main/de/uka/ilkd/key/proof/rules/freeADT.key:17#1 
357085     DEBUG Test worker     d.u.i.k.n.KeyIO           Load declarations of de.uka.ilkd.key.nparser.KeyAst$File:  file:/D:/a/key/key/key.core/build/resources/main/de/uka/ilkd/key/proof/rules/wellfound.key:19#1 
357085     DEBUG Test worker     d.u.i.k.n.KeyIO           Load declarations of de.uka.ilkd.key.nparser.KeyAst$File:  file:/D:/a/key/key/key.core/build/resources/main/de/uka/ilkd/key/proof/rules/charListHeader.key:1#1 
357085     DEBUG Test worker     d.u.i.k.n.KeyIO           Load declarations of de.uka.ilkd.key.nparser.KeyAst$File:  file:/D:/a/key/key/key.core/build/resources/main/de/uka/ilkd/key/proof/rules/ldt.key:10#1 
357085     INFO  Test worker     d.u.i.k.n.KeyIO           MODE: declarations took 0 ms 
357085     DEBUG Test worker     d.u.i.k.n.KeyIO           MODE: 2nd degree decls took 0 
357085     INFO  Test worker     d.u.i.k.n.ExprTest        Term: equals(add(Z(1(#)),Z(1(#))),Z(2(#))) 
357168     DEBUG Test worker     d.u.i.k.n.ParsingFacade   PARSING file:/D:/a/key/key/key.core/build/resources/main/de/uka/ilkd/key/proof/rules/ldt.key took 0 ms 
357168     DEBUG Test worker     d.u.i.k.n.ParsingFacade   PARSING file:/D:/a/key/key/key.core/build/resources/main/de/uka/ilkd/key/proof/rules/charListHeader.key took 0 ms 
357168     DEBUG Test worker     d.u.i.k.n.ParsingFacade   PARSING file:/D:/a/key/key/key.core/build/resources/main/de/uka/ilkd/key/proof/rules/wellfound.key took 0 ms 
357168     DEBUG Test worker     d.u.i.k.n.ParsingFacade   PARSING file:/D:/a/key/key/key.core/build/resources/main/de/uka/ilkd/key/proof/rules/freeADT.key took 0 ms 
357179     DEBUG Test worker     d.u.i.k.n.ParsingFacade   PARSING file:/D:/a/key/key/key.core/build/resources/main/de/uka/ilkd/key/proof/rules/map.key took 11 ms 
357179     DEBUG Test worker     d.u.i.k.n.ParsingFacade   PARSING file:/D:/a/key/key/key.core/build/resources/main/de/uka/ilkd/key/proof/rules/seq.key took 0 ms 
357179     DEBUG Test worker     d.u.i.k.n.ParsingFacade   PARSING file:/D:/a/key/key/key.core/build/resources/main/de/uka/ilkd/key/proof/rules/reach.key took 0 ms 
357179     DEBUG Test worker     d.u.i.k.n.ParsingFacade   PARSING file:/D:/a/key/key/key.core/build/resources/main/de/uka/ilkd/key/proof/rules/permission.key took 0 ms 
357179     DEBUG Test worker     d.u.i.k.n.ParsingFacade   PARSING file:/D:/a/key/key/key.core/build/resources/main/de/uka/ilkd/key/proof/rules/locSets.key took 0 ms 
357179     DEBUG Test worker     d.u.i.k.n.ParsingFacade   PARSING file:/D:/a/key/key/key.core/build/resources/main/de/uka/ilkd/key/proof/rules/heap.key took 0 ms 
357179     DEBUG Test worker     d.u.i.k.n.ParsingFacade   PARSING file:/D:/a/key/key/key.core/build/resources/main/de/uka/ilkd/key/proof/rules/floatHeader.key took 0 ms 
357179     DEBUG Test worker     d.u.i.k.n.ParsingFacade   PARSING file:/D:/a/key/key/key.core/build/resources/main/de/uka/ilkd/key/proof/rules/integerHeader.key took 0 ms 
357179     DEBUG Test worker     d.u.i.k.n.ParsingFacade   PARSING file:/D:/a/key/key/key.core/build/resources/main/de/uka/ilkd/key/proof/rules/ruleSetsDeclarations.key took 0 ms 
357179     DEBUG Test worker     d.u.i.k.n.ParsingFacade   PARSING file:/D:/a/key/key/key.core/build/resources/main/de/uka/ilkd/key/proof/rules/boolean.key took 0 ms 
357179     INFO  Test worker     d.u.i.k.n.KeyIO           Parsing took 11 ms 
357179     DEBUG Test worker     d.u.i.k.n.KeyIO           Load declarations of de.uka.ilkd.key.nparser.KeyAst$File:  file:/D:/a/key/key/key.core/build/resources/main/de/uka/ilkd/key/proof/rules/boolean.key:1#1 
357179     DEBUG Test worker     d.u.i.k.n.KeyIO           Load declarations of de.uka.ilkd.key.nparser.KeyAst$File:  file:/D:/a/key/key/key.core/build/resources/main/de/uka/ilkd/key/proof/rules/ruleSetsDeclarations.key:5#1 
357194     DEBUG Test worker     d.u.i.k.n.KeyIO           Load declarations of de.uka.ilkd.key.nparser.KeyAst$File:  file:/D:/a/key/key/key.core/build/resources/main/de/uka/ilkd/key/proof/rules/integerHeader.key:1#1 
357194     DEBUG Test worker     d.u.i.k.n.KeyIO           Load declarations of de.uka.ilkd.key.nparser.KeyAst$File:  file:/D:/a/key/key/key.core/build/resources/main/de/uka/ilkd/key/proof/rules/floatHeader.key:14#1 
357194     DEBUG Test worker     d.u.i.k.n.KeyIO           Load declarations of de.uka.ilkd.key.nparser.KeyAst$File:  file:/D:/a/key/key/key.core/build/resources/main/de/uka/ilkd/key/proof/rules/heap.key:4#1 
357194     DEBUG Test worker     d.u.i.k.n.KeyIO           Load declarations of de.uka.ilkd.key.nparser.KeyAst$File:  file:/D:/a/key/key/key.core/build/resources/main/de/uka/ilkd/key/proof/rules/locSets.key:4#1 
357194     DEBUG Test worker     d.u.i.k.n.KeyIO           Load declarations of de.uka.ilkd.key.nparser.KeyAst$File:  file:/D:/a/key/key/key.core/build/resources/main/de/uka/ilkd/key/proof/rules/permission.key:1#1 
357194     DEBUG Test worker     d.u.i.k.n.KeyIO           Load declarations of de.uka.ilkd.key.nparser.KeyAst$File:  file:/D:/a/key/key/key.core/build/resources/main/de/uka/ilkd/key/proof/rules/reach.key:3#1 
357194     DEBUG Test worker     d.u.i.k.n.KeyIO           Load declarations of de.uka.ilkd.key.nparser.KeyAst$File:  file:/D:/a/key/key/key.core/build/resources/main/de/uka/ilkd/key/proof/rules/seq.key:11#1 
357194     DEBUG Test worker     d.u.i.k.n.KeyIO           Load declarations of de.uka.ilkd.key.nparser.KeyAst$File:  file:/D:/a/key/key/key.core/build/resources/main/de/uka/ilkd/key/proof/rules/map.key:1#1 
357194     DEBUG Test worker     d.u.i.k.n.KeyIO           Load declarations of de.uka.ilkd.key.nparser.KeyAst$File:  file:/D:/a/key/key/key.core/build/resources/main/de/uka/ilkd/key/proof/rules/freeADT.key:17#1 
357194     DEBUG Test worker     d.u.i.k.n.KeyIO           Load declarations of de.uka.ilkd.key.nparser.KeyAst$File:  file:/D:/a/key/key/key.core/build/resources/main/de/uka/ilkd/key/proof/rules/wellfound.key:19#1 
357194     DEBUG Test worker     d.u.i.k.n.KeyIO           Load declarations of de.uka.ilkd.key.nparser.KeyAst$File:  file:/D:/a/key/key/key.core/build/resources/main/de/uka/ilkd/key/proof/rules/charListHeader.key:1#1 
357194     DEBUG Test worker     d.u.i.k.n.KeyIO           Load declarations of de.uka.ilkd.key.nparser.KeyAst$File:  file:/D:/a/key/key/key.core/build/resources/main/de/uka/ilkd/key/proof/rules/ldt.key:10#1 
357194     INFO  Test worker     d.u.i.k.n.KeyIO           MODE: declarations took 15 ms 
357194     DEBUG Test worker     d.u.i.k.n.KeyIO           MODE: 2nd degree decls took 0 
357194     INFO  Test worker     d.u.i.k.n.ExprTest        Term: if-then-else(equals(Z(3(#)),Z(4(#))),Z(1(#)),Z(2(#))) 
357210     DEBUG Test worker     d.u.i.k.n.ParsingFacade   PARSING file:/D:/a/key/key/key.core/build/resources/main/de/uka/ilkd/key/proof/rules/ldt.key took 0 ms 
357210     DEBUG Test worker     d.u.i.k.n.ParsingFacade   PARSING file:/D:/a/key/key/key.core/build/resources/main/de/uka/ilkd/key/proof/rules/charListHeader.key took 0 ms 
357210     DEBUG Test worker     d.u.i.k.n.ParsingFacade   PARSING file:/D:/a/key/key/key.core/build/resources/main/de/uka/ilkd/key/proof/rules/wellfound.key took 0 ms 
357210     DEBUG Test worker     d.u.i.k.n.ParsingFacade   PARSING file:/D:/a/key/key/key.core/build/resources/main/de/uka/ilkd/key/proof/rules/freeADT.key took 0 ms 
357210     DEBUG Test worker     d.u.i.k.n.ParsingFacade   PARSING file:/D:/a/key/key/key.core/build/resources/main/de/uka/ilkd/key/proof/rules/map.key took 0 ms 
357210     DEBUG Test worker     d.u.i.k.n.ParsingFacade   PARSING file:/D:/a/key/key/key.core/build/resources/main/de/uka/ilkd/key/proof/rules/seq.key took 0 ms 
357210     DEBUG Test worker     d.u.i.k.n.ParsingFacade   PARSING file:/D:/a/key/key/key.core/build/resources/main/de/uka/ilkd/key/proof/rules/reach.key took 0 ms 
357226     DEBUG Test worker     d.u.i.k.n.ParsingFacade   PARSING file:/D:/a/key/key/key.core/build/resources/main/de/uka/ilkd/key/proof/rules/permission.key took 0 ms 
357226     DEBUG Test worker     d.u.i.k.n.ParsingFacade   PARSING file:/D:/a/key/key/key.core/build/resources/main/de/uka/ilkd/key/proof/rules/locSets.key took 0 ms 
357226     DEBUG Test worker     d.u.i.k.n.ParsingFacade   PARSING file:/D:/a/key/key/key.core/build/resources/main/de/uka/ilkd/key/proof/rules/heap.key took 0 ms 
357226     DEBUG Test worker     d.u.i.k.n.ParsingFacade   PARSING file:/D:/a/key/key/key.core/build/resources/main/de/uka/ilkd/key/proof/rules/floatHeader.key took 0 ms 
357226     DEBUG Test worker     d.u.i.k.n.ParsingFacade   PARSING file:/D:/a/key/key/key.core/build/resources/main/de/uka/ilkd/key/proof/rules/integerHeader.key took 0 ms 
357226     DEBUG Test worker     d.u.i.k.n.ParsingFacade   PARSING file:/D:/a/key/key/key.core/build/resources/main/de/uka/ilkd/key/proof/rules/ruleSetsDeclarations.key took 0 ms 
357226     DEBUG Test worker     d.u.i.k.n.ParsingFacade   PARSING file:/D:/a/key/key/key.core/build/resources/main/de/uka/ilkd/key/proof/rules/boolean.key took 0 ms 
357226     INFO  Test worker     d.u.i.k.n.KeyIO           Parsing took 16 ms 
357226     DEBUG Test worker     d.u.i.k.n.KeyIO           Load declarations of de.uka.ilkd.key.nparser.KeyAst$File:  file:/D:/a/key/key/key.core/build/resources/main/de/uka/ilkd/key/proof/rules/boolean.key:1#1 
357226     DEBUG Test worker     d.u.i.k.n.KeyIO           Load declarations of de.uka.ilkd.key.nparser.KeyAst$File:  file:/D:/a/key/key/key.core/build/resources/main/de/uka/ilkd/key/proof/rules/ruleSetsDeclarations.key:5#1 
357226     DEBUG Test worker     d.u.i.k.n.KeyIO           Load declarations of de.uka.ilkd.key.nparser.KeyAst$File:  file:/D:/a/key/key/key.core/build/resources/main/de/uka/ilkd/key/proof/rules/integerHeader.key:1#1 
357226     DEBUG Test worker     d.u.i.k.n.KeyIO           Load declarations of de.uka.ilkd.key.nparser.KeyAst$File:  file:/D:/a/key/key/key.core/build/resources/main/de/uka/ilkd/key/proof/rules/floatHeader.key:14#1 
357226     DEBUG Test worker     d.u.i.k.n.KeyIO           Load declarations of de.uka.ilkd.key.nparser.KeyAst$File:  file:/D:/a/key/key/key.core/build/resources/main/de/uka/ilkd/key/proof/rules/heap.key:4#1 
357226     DEBUG Test worker     d.u.i.k.n.KeyIO           Load declarations of de.uka.ilkd.key.nparser.KeyAst$File:  file:/D:/a/key/key/key.core/build/resources/main/de/uka/ilkd/key/proof/rules/locSets.key:4#1 
357226     DEBUG Test worker     d.u.i.k.n.KeyIO           Load declarations of de.uka.ilkd.key.nparser.KeyAst$File:  file:/D:/a/key/key/key.core/build/resources/main/de/uka/ilkd/key/proof/rules/permission.key:1#1 
357226     DEBUG Test worker     d.u.i.k.n.KeyIO           Load declarations of de.uka.ilkd.key.nparser.KeyAst$File:  file:/D:/a/key/key/key.core/build/resources/main/de/uka/ilkd/key/proof/rules/reach.key:3#1 
357226     DEBUG Test worker     d.u.i.k.n.KeyIO           Load declarations of de.uka.ilkd.key.nparser.KeyAst$File:  file:/D:/a/key/key/key.core/build/resources/main/de/uka/ilkd/key/proof/rules/seq.key:11#1 
357226     DEBUG Test worker     d.u.i.k.n.KeyIO           Load declarations of de.uka.ilkd.key.nparser.KeyAst$File:  file:/D:/a/key/key/key.core/build/resources/main/de/uka/ilkd/key/proof/rules/map.key:1#1 
357226     DEBUG Test worker     d.u.i.k.n.KeyIO           Load declarations of de.uka.ilkd.key.nparser.KeyAst$File:  file:/D:/a/key/key/key.core/build/resources/main/de/uka/ilkd/key/proof/rules/freeADT.key:17#1 
357226     DEBUG Test worker     d.u.i.k.n.KeyIO           Load declarations of de.uka.ilkd.key.nparser.KeyAst$File:  file:/D:/a/key/key/key.core/build/resources/main/de/uka/ilkd/key/proof/rules/wellfound.key:19#1 
357226     DEBUG Test worker     d.u.i.k.n.KeyIO           Load declarations of de.uka.ilkd.key.nparser.KeyAst$File:  file:/D:/a/key/key/key.core/build/resources/main/de/uka/ilkd/key/proof/rules/charListHeader.key:1#1 
357226     DEBUG Test worker     d.u.i.k.n.KeyIO           Load declarations of de.uka.ilkd.key.nparser.KeyAst$File:  file:/D:/a/key/key/key.core/build/resources/main/de/uka/ilkd/key/proof/rules/ldt.key:10#1 
357226     INFO  Test worker     d.u.i.k.n.KeyIO           MODE: declarations took 0 ms 
357226     DEBUG Test worker     d.u.i.k.n.KeyIO           MODE: 2nd degree decls took 0 
357226     INFO  Test worker     d.u.i.k.n.ExprTest        Term: if-then-else(and(equals(Z(3(#)),Z(4(#))),equals(Z(1(#)),Z(1(#)))),if-then-else(equals(Z(3(#)),Z(4(#))),Z(1(#)),Z(2(#))),Z(2(#))) 
357241     DEBUG Test worker     d.u.i.k.n.ParsingFacade   PARSING file:/D:/a/key/key/key.core/build/resources/main/de/uka/ilkd/key/proof/rules/ldt.key took 0 ms 
357241     DEBUG Test worker     d.u.i.k.n.ParsingFacade   PARSING file:/D:/a/key/key/key.core/build/resources/main/de/uka/ilkd/key/proof/rules/charListHeader.key took 0 ms 
357241     DEBUG Test worker     d.u.i.k.n.ParsingFacade   PARSING file:/D:/a/key/key/key.core/build/resources/main/de/uka/ilkd/key/proof/rules/wellfound.key took 0 ms 
357241     DEBUG Test worker     d.u.i.k.n.ParsingFacade   PARSING file:/D:/a/key/key/key.core/build/resources/main/de/uka/ilkd/key/proof/rules/freeADT.key took 0 ms 
357257     DEBUG Test worker     d.u.i.k.n.ParsingFacade   PARSING file:/D:/a/key/key/key.core/build/resources/main/de/uka/ilkd/key/proof/rules/map.key took 16 ms 
357257     DEBUG Test worker     d.u.i.k.n.ParsingFacade   PARSING file:/D:/a/key/key/key.core/build/resources/main/de/uka/ilkd/key/proof/rules/seq.key took 0 ms 
357257     DEBUG Test worker     d.u.i.k.n.ParsingFacade   PARSING file:/D:/a/key/key/key.core/build/resources/main/de/uka/ilkd/key/proof/rules/reach.key took 0 ms 
357257     DEBUG Test worker     d.u.i.k.n.ParsingFacade   PARSING file:/D:/a/key/key/key.core/build/resources/main/de/uka/ilkd/key/proof/rules/permission.key took 0 ms 
357257     DEBUG Test worker     d.u.i.k.n.ParsingFacade   PARSING file:/D:/a/key/key/key.core/build/resources/main/de/uka/ilkd/key/proof/rules/locSets.key took 0 ms 
357257     DEBUG Test worker     d.u.i.k.n.ParsingFacade   PARSING file:/D:/a/key/key/key.core/build/resources/main/de/uka/ilkd/key/proof/rules/heap.key took 0 ms 
357257     DEBUG Test worker     d.u.i.k.n.ParsingFacade   PARSING file:/D:/a/key/key/key.core/build/resources/main/de/uka/ilkd/key/proof/rules/floatHeader.key took 0 ms 
357257     DEBUG Test worker     d.u.i.k.n.ParsingFacade   PARSING file:/D:/a/key/key/key.core/build/resources/main/de/uka/ilkd/key/proof/rules/integerHeader.key took 0 ms 
357257     DEBUG Test worker     d.u.i.k.n.ParsingFacade   PARSING file:/D:/a/key/key/key.core/build/resources/main/de/uka/ilkd/key/proof/rules/ruleSetsDeclarations.key took 0 ms 
357257     DEBUG Test worker     d.u.i.k.n.ParsingFacade   PARSING file:/D:/a/key/key/key.core/build/resources/main/de/uka/ilkd/key/proof/rules/boolean.key took 0 ms 
357257     INFO  Test worker     d.u.i.k.n.KeyIO           Parsing took 16 ms 
357257     DEBUG Test worker     d.u.i.k.n.KeyIO           Load declarations of de.uka.ilkd.key.nparser.KeyAst$File:  file:/D:/a/key/key/key.core/build/resources/main/de/uka/ilkd/key/proof/rules/boolean.key:1#1 
357257     DEBUG Test worker     d.u.i.k.n.KeyIO           Load declarations of de.uka.ilkd.key.nparser.KeyAst$File:  file:/D:/a/key/key/key.core/build/resources/main/de/uka/ilkd/key/proof/rules/ruleSetsDeclarations.key:5#1 
357257     DEBUG Test worker     d.u.i.k.n.KeyIO           Load declarations of de.uka.ilkd.key.nparser.KeyAst$File:  file:/D:/a/key/key/key.core/build/resources/main/de/uka/ilkd/key/proof/rules/integerHeader.key:1#1 
357257     DEBUG Test worker     d.u.i.k.n.KeyIO           Load declarations of de.uka.ilkd.key.nparser.KeyAst$File:  file:/D:/a/key/key/key.core/build/resources/main/de/uka/ilkd/key/proof/rules/floatHeader.key:14#1 
357257     DEBUG Test worker     d.u.i.k.n.KeyIO           Load declarations of de.uka.ilkd.key.nparser.KeyAst$File:  file:/D:/a/key/key/key.core/build/resources/main/de/uka/ilkd/key/proof/rules/heap.key:4#1 
357257     DEBUG Test worker     d.u.i.k.n.KeyIO           Load declarations of de.uka.ilkd.key.nparser.KeyAst$File:  file:/D:/a/key/key/key.core/build/resources/main/de/uka/ilkd/key/proof/rules/locSets.key:4#1 
357257     DEBUG Test worker     d.u.i.k.n.KeyIO           Load declarations of de.uka.ilkd.key.nparser.KeyAst$File:  file:/D:/a/key/key/key.core/build/resources/main/de/uka/ilkd/key/proof/rules/permission.key:1#1 
357257     DEBUG Test worker     d.u.i.k.n.KeyIO           Load declarations of de.uka.ilkd.key.nparser.KeyAst$File:  file:/D:/a/key/key/key.core/build/resources/main/de/uka/ilkd/key/proof/rules/reach.key:3#1 
357257     DEBUG Test worker     d.u.i.k.n.KeyIO           Load declarations of de.uka.ilkd.key.nparser.KeyAst$File:  file:/D:/a/key/key/key.core/build/resources/main/de/uka/ilkd/key/proof/rules/seq.key:11#1 
357257     DEBUG Test worker     d.u.i.k.n.KeyIO           Load declarations of de.uka.ilkd.key.nparser.KeyAst$File:  file:/D:/a/key/key/key.core/build/resources/main/de/uka/ilkd/key/proof/rules/map.key:1#1 
357257     DEBUG Test worker     d.u.i.k.n.KeyIO           Load declarations of de.uka.ilkd.key.nparser.KeyAst$File:  file:/D:/a/key/key/key.core/build/resources/main/de/uka/ilkd/key/proof/rules/freeADT.key:17#1 
357257     DEBUG Test worker     d.u.i.k.n.KeyIO           Load declarations of de.uka.ilkd.key.nparser.KeyAst$File:  file:/D:/a/key/key/key.core/build/resources/main/de/uka/ilkd/key/proof/rules/wellfound.key:19#1 
357257     DEBUG Test worker     d.u.i.k.n.KeyIO           Load declarations of de.uka.ilkd.key.nparser.KeyAst$File:  file:/D:/a/key/key/key.core/build/resources/main/de/uka/ilkd/key/proof/rules/charListHeader.key:1#1 
357257     DEBUG Test worker     d.u.i.k.n.KeyIO           Load declarations of de.uka.ilkd.key.nparser.KeyAst$File:  file:/D:/a/key/key/key.core/build/resources/main/de/uka/ilkd/key/proof/rules/ldt.key:10#1 
357257     INFO  Test worker     d.u.i.k.n.KeyIO           MODE: declarations took 0 ms 
357257     DEBUG Test worker     d.u.i.k.n.KeyIO           MODE: 2nd degree decls took 0 
357272     INFO  Test worker     d.u.i.k.n.ExprTest        Term: add(aa,mul(bb,cc)) 
357272     DEBUG Test worker     d.u.i.k.n.ParsingFacade   PARSING file:/D:/a/key/key/key.core/build/resources/main/de/uka/ilkd/key/proof/rules/ldt.key took 0 ms 
357272     DEBUG Test worker     d.u.i.k.n.ParsingFacade   PARSING file:/D:/a/key/key/key.core/build/resources/main/de/uka/ilkd/key/proof/rules/charListHeader.key took 0 ms 
357272     DEBUG Test worker     d.u.i.k.n.ParsingFacade   PARSING file:/D:/a/key/key/key.core/build/resources/main/de/uka/ilkd/key/proof/rules/wellfound.key took 0 ms 
357272     DEBUG Test worker     d.u.i.k.n.ParsingFacade   PARSING file:/D:/a/key/key/key.core/build/resources/main/de/uka/ilkd/key/proof/rules/freeADT.key took 0 ms 
357272     DEBUG Test worker     d.u.i.k.n.ParsingFacade   PARSING file:/D:/a/key/key/key.core/build/resources/main/de/uka/ilkd/key/proof/rules/map.key took 0 ms 
357272     DEBUG Test worker     d.u.i.k.n.ParsingFacade   PARSING file:/D:/a/key/key/key.core/build/resources/main/de/uka/ilkd/key/proof/rules/seq.key took 0 ms 
357272     DEBUG Test worker     d.u.i.k.n.ParsingFacade   PARSING file:/D:/a/key/key/key.core/build/resources/main/de/uka/ilkd/key/proof/rules/reach.key took 0 ms 
357272     DEBUG Test worker     d.u.i.k.n.ParsingFacade   PARSING file:/D:/a/key/key/key.core/build/resources/main/de/uka/ilkd/key/proof/rules/permission.key took 0 ms 
357272     DEBUG Test worker     d.u.i.k.n.ParsingFacade   PARSING file:/D:/a/key/key/key.core/build/resources/main/de/uka/ilkd/key/proof/rules/locSets.key took 0 ms 
357288     DEBUG Test worker     d.u.i.k.n.ParsingFacade   PARSING file:/D:/a/key/key/key.core/build/resources/main/de/uka/ilkd/key/proof/rules/heap.key took 16 ms 
357288     DEBUG Test worker     d.u.i.k.n.ParsingFacade   PARSING file:/D:/a/key/key/key.core/build/resources/main/de/uka/ilkd/key/proof/rules/floatHeader.key took 0 ms 
357288     DEBUG Test worker     d.u.i.k.n.ParsingFacade   PARSING file:/D:/a/key/key/key.core/build/resources/main/de/uka/ilkd/key/proof/rules/integerHeader.key took 0 ms 
357288     DEBUG Test worker     d.u.i.k.n.ParsingFacade   PARSING file:/D:/a/key/key/key.core/build/resources/main/de/uka/ilkd/key/proof/rules/ruleSetsDeclarations.key took 0 ms 
357288     DEBUG Test worker     d.u.i.k.n.ParsingFacade   PARSING file:/D:/a/key/key/key.core/build/resources/main/de/uka/ilkd/key/proof/rules/boolean.key took 0 ms 
357288     INFO  Test worker     d.u.i.k.n.KeyIO           Parsing took 16 ms 
357288     DEBUG Test worker     d.u.i.k.n.KeyIO           Load declarations of de.uka.ilkd.key.nparser.KeyAst$File:  file:/D:/a/key/key/key.core/build/resources/main/de/uka/ilkd/key/proof/rules/boolean.key:1#1 
357288     DEBUG Test worker     d.u.i.k.n.KeyIO           Load declarations of de.uka.ilkd.key.nparser.KeyAst$File:  file:/D:/a/key/key/key.core/build/resources/main/de/uka/ilkd/key/proof/rules/ruleSetsDeclarations.key:5#1 
357288     DEBUG Test worker     d.u.i.k.n.KeyIO           Load declarations of de.uka.ilkd.key.nparser.KeyAst$File:  file:/D:/a/key/key/key.core/build/resources/main/de/uka/ilkd/key/proof/rules/integerHeader.key:1#1 
357288     DEBUG Test worker     d.u.i.k.n.KeyIO           Load declarations of de.uka.ilkd.key.nparser.KeyAst$File:  file:/D:/a/key/key/key.core/build/resources/main/de/uka/ilkd/key/proof/rules/floatHeader.key:14#1 
357288     DEBUG Test worker     d.u.i.k.n.KeyIO           Load declarations of de.uka.ilkd.key.nparser.KeyAst$File:  file:/D:/a/key/key/key.core/build/resources/main/de/uka/ilkd/key/proof/rules/heap.key:4#1 
357288     DEBUG Test worker     d.u.i.k.n.KeyIO           Load declarations of de.uka.ilkd.key.nparser.KeyAst$File:  file:/D:/a/key/key/key.core/build/resources/main/de/uka/ilkd/key/proof/rules/locSets.key:4#1 
357288     DEBUG Test worker     d.u.i.k.n.KeyIO           Load declarations of de.uka.ilkd.key.nparser.KeyAst$File:  file:/D:/a/key/key/key.core/build/resources/main/de/uka/ilkd/key/proof/rules/permission.key:1#1 
357288     DEBUG Test worker     d.u.i.k.n.KeyIO           Load declarations of de.uka.ilkd.key.nparser.KeyAst$File:  file:/D:/a/key/key/key.core/build/resources/main/de/uka/ilkd/key/proof/rules/reach.key:3#1 
357288     DEBUG Test worker     d.u.i.k.n.KeyIO           Load declarations of de.uka.ilkd.key.nparser.KeyAst$File:  file:/D:/a/key/key/key.core/build/resources/main/de/uka/ilkd/key/proof/rules/seq.key:11#1 
357288     DEBUG Test worker     d.u.i.k.n.KeyIO           Load declarations of de.uka.ilkd.key.nparser.KeyAst$File:  file:/D:/a/key/key/key.core/build/resources/main/de/uka/ilkd/key/proof/rules/map.key:1#1 
357288     DEBUG Test worker     d.u.i.k.n.KeyIO           Load declarations of de.uka.ilkd.key.nparser.KeyAst$File:  file:/D:/a/key/key/key.core/build/resources/main/de/uka/ilkd/key/proof/rules/freeADT.key:17#1 
357288     DEBUG Test worker     d.u.i.k.n.KeyIO           Load declarations of de.uka.ilkd.key.nparser.KeyAst$File:  file:/D:/a/key/key/key.core/build/resources/main/de/uka/ilkd/key/proof/rules/wellfound.key:19#1 
357288     DEBUG Test worker     d.u.i.k.n.KeyIO           Load declarations of de.uka.ilkd.key.nparser.KeyAst$File:  file:/D:/a/key/key/key.core/build/resources/main/de/uka/ilkd/key/proof/rules/charListHeader.key:1#1 
357288     DEBUG Test worker     d.u.i.k.n.KeyIO           Load declarations of de.uka.ilkd.key.nparser.KeyAst$File:  file:/D:/a/key/key/key.core/build/resources/main/de/uka/ilkd/key/proof/rules/ldt.key:10#1 
357288     INFO  Test worker     d.u.i.k.n.KeyIO           MODE: declarations took 0 ms 
357288     DEBUG Test worker     d.u.i.k.n.KeyIO           MODE: 2nd degree decls took 0 
357288     INFO  Test worker     d.u.i.k.n.ExprTest        Term: lt(mul(mod(aa,bb),cc),Z(neglit(3(2(1(#)))))) 
357288     DEBUG Test worker     d.u.i.k.n.ParsingFacade   PARSING file:/D:/a/key/key/key.core/build/resources/main/de/uka/ilkd/key/proof/rules/ldt.key took 0 ms 
357304     DEBUG Test worker     d.u.i.k.n.ParsingFacade   PARSING file:/D:/a/key/key/key.core/build/resources/main/de/uka/ilkd/key/proof/rules/charListHeader.key took 0 ms 
357304     DEBUG Test worker     d.u.i.k.n.ParsingFacade   PARSING file:/D:/a/key/key/key.core/build/resources/main/de/uka/ilkd/key/proof/rules/wellfound.key took 0 ms 
357304     DEBUG Test worker     d.u.i.k.n.ParsingFacade   PARSING file:/D:/a/key/key/key.core/build/resources/main/de/uka/ilkd/key/proof/rules/freeADT.key took 0 ms 
357304     DEBUG Test worker     d.u.i.k.n.ParsingFacade   PARSING file:/D:/a/key/key/key.core/build/resources/main/de/uka/ilkd/key/proof/rules/map.key took 0 ms 
357304     DEBUG Test worker     d.u.i.k.n.ParsingFacade   PARSING file:/D:/a/key/key/key.core/build/resources/main/de/uka/ilkd/key/proof/rules/seq.key took 0 ms 
357304     DEBUG Test worker     d.u.i.k.n.ParsingFacade   PARSING file:/D:/a/key/key/key.core/build/resources/main/de/uka/ilkd/key/proof/rules/reach.key took 0 ms 
357304     DEBUG Test worker     d.u.i.k.n.ParsingFacade   PARSING file:/D:/a/key/key/key.core/build/resources/main/de/uka/ilkd/key/proof/rules/permission.key took 0 ms 
357304     DEBUG Test worker     d.u.i.k.n.ParsingFacade   PARSING file:/D:/a/key/key/key.core/build/resources/main/de/uka/ilkd/key/proof/rules/locSets.key took 0 ms 
357304     DEBUG Test worker     d.u.i.k.n.ParsingFacade   PARSING file:/D:/a/key/key/key.core/build/resources/main/de/uka/ilkd/key/proof/rules/heap.key took 0 ms 
357304     DEBUG Test worker     d.u.i.k.n.ParsingFacade   PARSING file:/D:/a/key/key/key.core/build/resources/main/de/uka/ilkd/key/proof/rules/floatHeader.key took 0 ms 
357304     DEBUG Test worker     d.u.i.k.n.ParsingFacade   PARSING file:/D:/a/key/key/key.core/build/resources/main/de/uka/ilkd/key/proof/rules/integerHeader.key took 0 ms 
357304     DEBUG Test worker     d.u.i.k.n.ParsingFacade   PARSING file:/D:/a/key/key/key.core/build/resources/main/de/uka/ilkd/key/proof/rules/ruleSetsDeclarations.key took 0 ms 
357304     DEBUG Test worker     d.u.i.k.n.ParsingFacade   PARSING file:/D:/a/key/key/key.core/build/resources/main/de/uka/ilkd/key/proof/rules/boolean.key took 0 ms 
357304     INFO  Test worker     d.u.i.k.n.KeyIO           Parsing took 16 ms 
357304     DEBUG Test worker     d.u.i.k.n.KeyIO           Load declarations of de.uka.ilkd.key.nparser.KeyAst$File:  file:/D:/a/key/key/key.core/build/resources/main/de/uka/ilkd/key/proof/rules/boolean.key:1#1 
357304     DEBUG Test worker     d.u.i.k.n.KeyIO           Load declarations of de.uka.ilkd.key.nparser.KeyAst$File:  file:/D:/a/key/key/key.core/build/resources/main/de/uka/ilkd/key/proof/rules/ruleSetsDeclarations.key:5#1 
357304     DEBUG Test worker     d.u.i.k.n.KeyIO           Load declarations of de.uka.ilkd.key.nparser.KeyAst$File:  file:/D:/a/key/key/key.core/build/resources/main/de/uka/ilkd/key/proof/rules/integerHeader.key:1#1 
357304     DEBUG Test worker     d.u.i.k.n.KeyIO           Load declarations of de.uka.ilkd.key.nparser.KeyAst$File:  file:/D:/a/key/key/key.core/build/resources/main/de/uka/ilkd/key/proof/rules/floatHeader.key:14#1 
357304     DEBUG Test worker     d.u.i.k.n.KeyIO           Load declarations of de.uka.ilkd.key.nparser.KeyAst$File:  file:/D:/a/key/key/key.core/build/resources/main/de/uka/ilkd/key/proof/rules/heap.key:4#1 
357304     DEBUG Test worker     d.u.i.k.n.KeyIO           Load declarations of de.uka.ilkd.key.nparser.KeyAst$File:  file:/D:/a/key/key/key.core/build/resources/main/de/uka/ilkd/key/proof/rules/locSets.key:4#1 
357319     DEBUG Test worker     d.u.i.k.n.KeyIO           Load declarations of de.uka.ilkd.key.nparser.KeyAst$File:  file:/D:/a/key/key/key.core/build/resources/main/de/uka/ilkd/key/proof/rules/permission.key:1#1 
357319     DEBUG Test worker     d.u.i.k.n.KeyIO           Load declarations of de.uka.ilkd.key.nparser.KeyAst$File:  file:/D:/a/key/key/key.core/build/resources/main/de/uka/ilkd/key/proof/rules/reach.key:3#1 
357319     DEBUG Test worker     d.u.i.k.n.KeyIO           Load declarations of de.uka.ilkd.key.nparser.KeyAst$File:  file:/D:/a/key/key/key.core/build/resources/main/de/uka/ilkd/key/proof/rules/seq.key:11#1 
357319     DEBUG Test worker     d.u.i.k.n.KeyIO           Load declarations of de.uka.ilkd.key.nparser.KeyAst$File:  file:/D:/a/key/key/key.core/build/resources/main/de/uka/ilkd/key/proof/rules/map.key:1#1 
357319     DEBUG Test worker     d.u.i.k.n.KeyIO           Load declarations of de.uka.ilkd.key.nparser.KeyAst$File:  file:/D:/a/key/key/key.core/build/resources/main/de/uka/ilkd/key/proof/rules/freeADT.key:17#1 
357319     DEBUG Test worker     d.u.i.k.n.KeyIO           Load declarations of de.uka.ilkd.key.nparser.KeyAst$File:  file:/D:/a/key/key/key.core/build/resources/main/de/uka/ilkd/key/proof/rules/wellfound.key:19#1 
357319     DEBUG Test worker     d.u.i.k.n.KeyIO           Load declarations of de.uka.ilkd.key.nparser.KeyAst$File:  file:/D:/a/key/key/key.core/build/resources/main/de/uka/ilkd/key/proof/rules/charListHeader.key:1#1 
357319     DEBUG Test worker     d.u.i.k.n.KeyIO           Load declarations of de.uka.ilkd.key.nparser.KeyAst$File:  file:/D:/a/key/key/key.core/build/resources/main/de/uka/ilkd/key/proof/rules/ldt.key:10#1 
357319     INFO  Test worker     d.u.i.k.n.KeyIO           MODE: declarations took 15 ms 
357319     DEBUG Test worker     d.u.i.k.n.KeyIO           MODE: 2nd degree decls took 0 
357319     INFO  Test worker     d.u.i.k.n.ExprTest        Term: all{x:int}(true) 
357319     DEBUG Test worker     d.u.i.k.n.ParsingFacade   PARSING file:/D:/a/key/key/key.core/build/resources/main/de/uka/ilkd/key/proof/rules/ldt.key took 0 ms 
357319     DEBUG Test worker     d.u.i.k.n.ParsingFacade   PARSING file:/D:/a/key/key/key.core/build/resources/main/de/uka/ilkd/key/proof/rules/charListHeader.key took 0 ms 
357319     DEBUG Test worker     d.u.i.k.n.ParsingFacade   PARSING file:/D:/a/key/key/key.core/build/resources/main/de/uka/ilkd/key/proof/rules/wellfound.key took 0 ms 
357319     DEBUG Test worker     d.u.i.k.n.ParsingFacade   PARSING file:/D:/a/key/key/key.core/build/resources/main/de/uka/ilkd/key/proof/rules/freeADT.key took 0 ms 
357335     DEBUG Test worker     d.u.i.k.n.ParsingFacade   PARSING file:/D:/a/key/key/key.core/build/resources/main/de/uka/ilkd/key/proof/rules/map.key took 16 ms 
357335     DEBUG Test worker     d.u.i.k.n.ParsingFacade   PARSING file:/D:/a/key/key/key.core/build/resources/main/de/uka/ilkd/key/proof/rules/seq.key took 0 ms 
357335     DEBUG Test worker     d.u.i.k.n.ParsingFacade   PARSING file:/D:/a/key/key/key.core/build/resources/main/de/uka/ilkd/key/proof/rules/reach.key took 0 ms 
357335     DEBUG Test worker     d.u.i.k.n.ParsingFacade   PARSING file:/D:/a/key/key/key.core/build/resources/main/de/uka/ilkd/key/proof/rules/permission.key took 0 ms 
357335     DEBUG Test worker     d.u.i.k.n.ParsingFacade   PARSING file:/D:/a/key/key/key.core/build/resources/main/de/uka/ilkd/key/proof/rules/locSets.key took 0 ms 
357335     DEBUG Test worker     d.u.i.k.n.ParsingFacade   PARSING file:/D:/a/key/key/key.core/build/resources/main/de/uka/ilkd/key/proof/rules/heap.key took 0 ms 
357335     DEBUG Test worker     d.u.i.k.n.ParsingFacade   PARSING file:/D:/a/key/key/key.core/build/resources/main/de/uka/ilkd/key/proof/rules/floatHeader.key took 0 ms 
357335     DEBUG Test worker     d.u.i.k.n.ParsingFacade   PARSING file:/D:/a/key/key/key.core/build/resources/main/de/uka/ilkd/key/proof/rules/integerHeader.key took 0 ms 
357335     DEBUG Test worker     d.u.i.k.n.ParsingFacade   PARSING file:/D:/a/key/key/key.core/build/resources/main/de/uka/ilkd/key/proof/rules/ruleSetsDeclarations.key took 0 ms 
357335     DEBUG Test worker     d.u.i.k.n.ParsingFacade   PARSING file:/D:/a/key/key/key.core/build/resources/main/de/uka/ilkd/key/proof/rules/boolean.key took 0 ms 
357335     INFO  Test worker     d.u.i.k.n.KeyIO           Parsing took 16 ms 
357335     DEBUG Test worker     d.u.i.k.n.KeyIO           Load declarations of de.uka.ilkd.key.nparser.KeyAst$File:  file:/D:/a/key/key/key.core/build/resources/main/de/uka/ilkd/key/proof/rules/boolean.key:1#1 
357335     DEBUG Test worker     d.u.i.k.n.KeyIO           Load declarations of de.uka.ilkd.key.nparser.KeyAst$File:  file:/D:/a/key/key/key.core/build/resources/main/de/uka/ilkd/key/proof/rules/ruleSetsDeclarations.key:5#1 
357335     DEBUG Test worker     d.u.i.k.n.KeyIO           Load declarations of de.uka.ilkd.key.nparser.KeyAst$File:  file:/D:/a/key/key/key.core/build/resources/main/de/uka/ilkd/key/proof/rules/integerHeader.key:1#1 
357335     DEBUG Test worker     d.u.i.k.n.KeyIO           Load declarations of de.uka.ilkd.key.nparser.KeyAst$File:  file:/D:/a/key/key/key.core/build/resources/main/de/uka/ilkd/key/proof/rules/floatHeader.key:14#1 
357335     DEBUG Test worker     d.u.i.k.n.KeyIO           Load declarations of de.uka.ilkd.key.nparser.KeyAst$File:  file:/D:/a/key/key/key.core/build/resources/main/de/uka/ilkd/key/proof/rules/heap.key:4#1 
357335     DEBUG Test worker     d.u.i.k.n.KeyIO           Load declarations of de.uka.ilkd.key.nparser.KeyAst$File:  file:/D:/a/key/key/key.core/build/resources/main/de/uka/ilkd/key/proof/rules/locSets.key:4#1 
357335     DEBUG Test worker     d.u.i.k.n.KeyIO           Load declarations of de.uka.ilkd.key.nparser.KeyAst$File:  file:/D:/a/key/key/key.core/build/resources/main/de/uka/ilkd/key/proof/rules/permission.key:1#1 
357335     DEBUG Test worker     d.u.i.k.n.KeyIO           Load declarations of de.uka.ilkd.key.nparser.KeyAst$File:  file:/D:/a/key/key/key.core/build/resources/main/de/uka/ilkd/key/proof/rules/reach.key:3#1 
357335     DEBUG Test worker     d.u.i.k.n.KeyIO           Load declarations of de.uka.ilkd.key.nparser.KeyAst$File:  file:/D:/a/key/key/key.core/build/resources/main/de/uka/ilkd/key/proof/rules/seq.key:11#1 
357335     DEBUG Test worker     d.u.i.k.n.KeyIO           Load declarations of de.uka.ilkd.key.nparser.KeyAst$File:  file:/D:/a/key/key/key.core/build/resources/main/de/uka/ilkd/key/proof/rules/map.key:1#1 
357335     DEBUG Test worker     d.u.i.k.n.KeyIO           Load declarations of de.uka.ilkd.key.nparser.KeyAst$File:  file:/D:/a/key/key/key.core/build/resources/main/de/uka/ilkd/key/proof/rules/freeADT.key:17#1 
357335     DEBUG Test worker     d.u.i.k.n.KeyIO           Load declarations of de.uka.ilkd.key.nparser.KeyAst$File:  file:/D:/a/key/key/key.core/build/resources/main/de/uka/ilkd/key/proof/rules/wellfound.key:19#1 
357335     DEBUG Test worker     d.u.i.k.n.KeyIO           Load declarations of de.uka.ilkd.key.nparser.KeyAst$File:  file:/D:/a/key/key/key.core/build/resources/main/de/uka/ilkd/key/proof/rules/charListHeader.key:1#1 
357335     DEBUG Test worker     d.u.i.k.n.KeyIO           Load declarations of de.uka.ilkd.key.nparser.KeyAst$File:  file:/D:/a/key/key/key.core/build/resources/main/de/uka/ilkd/key/proof/rules/ldt.key:10#1 
357335     INFO  Test worker     d.u.i.k.n.KeyIO           MODE: declarations took 0 ms 
357335     DEBUG Test worker     d.u.i.k.n.KeyIO           MODE: 2nd degree decls took 0 
357335     INFO  Test worker     d.u.i.k.n.ExprTest        Term: all{x:numbers}(equals(x,x)) 
357351     DEBUG Test worker     d.u.i.k.n.ParsingFacade   PARSING file:/D:/a/key/key/key.core/build/resources/main/de/uka/ilkd/key/proof/rules/ldt.key took 0 ms 
357351     DEBUG Test worker     d.u.i.k.n.ParsingFacade   PARSING file:/D:/a/key/key/key.core/build/resources/main/de/uka/ilkd/key/proof/rules/charListHeader.key took 0 ms 
357351     DEBUG Test worker     d.u.i.k.n.ParsingFacade   PARSING file:/D:/a/key/key/key.core/build/resources/main/de/uka/ilkd/key/proof/rules/wellfound.key took 0 ms 
357351     DEBUG Test worker     d.u.i.k.n.ParsingFacade   PARSING file:/D:/a/key/key/key.core/build/resources/main/de/uka/ilkd/key/proof/rules/freeADT.key took 0 ms 
357366     DEBUG Test worker     d.u.i.k.n.ParsingFacade   PARSING file:/D:/a/key/key/key.core/build/resources/main/de/uka/ilkd/key/proof/rules/map.key took 15 ms 
357366     DEBUG Test worker     d.u.i.k.n.ParsingFacade   PARSING file:/D:/a/key/key/key.core/build/resources/main/de/uka/ilkd/key/proof/rules/seq.key took 0 ms 
357366     DEBUG Test worker     d.u.i.k.n.ParsingFacade   PARSING file:/D:/a/key/key/key.core/build/resources/main/de/uka/ilkd/key/proof/rules/reach.key took 0 ms 
357366     DEBUG Test worker     d.u.i.k.n.ParsingFacade   PARSING file:/D:/a/key/key/key.core/build/resources/main/de/uka/ilkd/key/proof/rules/permission.key took 0 ms 
357366     DEBUG Test worker     d.u.i.k.n.ParsingFacade   PARSING file:/D:/a/key/key/key.core/build/resources/main/de/uka/ilkd/key/proof/rules/locSets.key took 0 ms 
357366     DEBUG Test worker     d.u.i.k.n.ParsingFacade   PARSING file:/D:/a/key/key/key.core/build/resources/main/de/uka/ilkd/key/proof/rules/heap.key took 0 ms 
357366     DEBUG Test worker     d.u.i.k.n.ParsingFacade   PARSING file:/D:/a/key/key/key.core/build/resources/main/de/uka/ilkd/key/proof/rules/floatHeader.key took 0 ms 
357366     DEBUG Test worker     d.u.i.k.n.ParsingFacade   PARSING file:/D:/a/key/key/key.core/build/resources/main/de/uka/ilkd/key/proof/rules/integerHeader.key took 0 ms 
357366     DEBUG Test worker     d.u.i.k.n.ParsingFacade   PARSING file:/D:/a/key/key/key.core/build/resources/main/de/uka/ilkd/key/proof/rules/ruleSetsDeclarations.key took 0 ms 
357366     DEBUG Test worker     d.u.i.k.n.ParsingFacade   PARSING file:/D:/a/key/key/key.core/build/resources/main/de/uka/ilkd/key/proof/rules/boolean.key took 0 ms 
357366     INFO  Test worker     d.u.i.k.n.KeyIO           Parsing took 15 ms 
357366     DEBUG Test worker     d.u.i.k.n.KeyIO           Load declarations of de.uka.ilkd.key.nparser.KeyAst$File:  file:/D:/a/key/key/key.core/build/resources/main/de/uka/ilkd/key/proof/rules/boolean.key:1#1 
357366     DEBUG Test worker     d.u.i.k.n.KeyIO           Load declarations of de.uka.ilkd.key.nparser.KeyAst$File:  file:/D:/a/key/key/key.core/build/resources/main/de/uka/ilkd/key/proof/rules/ruleSetsDeclarations.key:5#1 
357366     DEBUG Test worker     d.u.i.k.n.KeyIO           Load declarations of de.uka.ilkd.key.nparser.KeyAst$File:  file:/D:/a/key/key/key.core/build/resources/main/de/uka/ilkd/key/proof/rules/integerHeader.key:1#1 
357366     DEBUG Test worker     d.u.i.k.n.KeyIO           Load declarations of de.uka.ilkd.key.nparser.KeyAst$File:  file:/D:/a/key/key/key.core/build/resources/main/de/uka/ilkd/key/proof/rules/floatHeader.key:14#1 
357366     DEBUG Test worker     d.u.i.k.n.KeyIO           Load declarations of de.uka.ilkd.key.nparser.KeyAst$File:  file:/D:/a/key/key/key.core/build/resources/main/de/uka/ilkd/key/proof/rules/heap.key:4#1 
357366     DEBUG Test worker     d.u.i.k.n.KeyIO           Load declarations of de.uka.ilkd.key.nparser.KeyAst$File:  file:/D:/a/key/key/key.core/build/resources/main/de/uka/ilkd/key/proof/rules/locSets.key:4#1 
357366     DEBUG Test worker     d.u.i.k.n.KeyIO           Load declarations of de.uka.ilkd.key.nparser.KeyAst$File:  file:/D:/a/key/key/key.core/build/resources/main/de/uka/ilkd/key/proof/rules/permission.key:1#1 
357366     DEBUG Test worker     d.u.i.k.n.KeyIO           Load declarations of de.uka.ilkd.key.nparser.KeyAst$File:  file:/D:/a/key/key/key.core/build/resources/main/de/uka/ilkd/key/proof/rules/reach.key:3#1 
357366     DEBUG Test worker     d.u.i.k.n.KeyIO           Load declarations of de.uka.ilkd.key.nparser.KeyAst$File:  file:/D:/a/key/key/key.core/build/resources/main/de/uka/ilkd/key/proof/rules/seq.key:11#1 
357366     DEBUG Test worker     d.u.i.k.n.KeyIO           Load declarations of de.uka.ilkd.key.nparser.KeyAst$File:  file:/D:/a/key/key/key.core/build/resources/main/de/uka/ilkd/key/proof/rules/map.key:1#1 
357366     DEBUG Test worker     d.u.i.k.n.KeyIO           Load declarations of de.uka.ilkd.key.nparser.KeyAst$File:  file:/D:/a/key/key/key.core/build/resources/main/de/uka/ilkd/key/proof/rules/freeADT.key:17#1 
357366     DEBUG Test worker     d.u.i.k.n.KeyIO           Load declarations of de.uka.ilkd.key.nparser.KeyAst$File:  file:/D:/a/key/key/key.core/build/resources/main/de/uka/ilkd/key/proof/rules/wellfound.key:19#1 
357366     DEBUG Test worker     d.u.i.k.n.KeyIO           Load declarations of de.uka.ilkd.key.nparser.KeyAst$File:  file:/D:/a/key/key/key.core/build/resources/main/de/uka/ilkd/key/proof/rules/charListHeader.key:1#1 
357366     DEBUG Test worker     d.u.i.k.n.KeyIO           Load declarations of de.uka.ilkd.key.nparser.KeyAst$File:  file:/D:/a/key/key/key.core/build/resources/main/de/uka/ilkd/key/proof/rules/ldt.key:10#1 
357366     INFO  Test worker     d.u.i.k.n.KeyIO           MODE: declarations took 0 ms 
357366     DEBUG Test worker     d.u.i.k.n.KeyIO           MODE: 2nd degree decls took 0 
357366     INFO  Test worker     d.u.i.k.n.ExprTest        Term: add(int::cast(Z(3(#))),Z(2(#))) 
357382     DEBUG Test worker     d.u.i.k.n.ParsingFacade   PARSING file:/D:/a/key/key/key.core/build/resources/main/de/uka/ilkd/key/proof/rules/ldt.key took 16 ms 
357382     DEBUG Test worker     d.u.i.k.n.ParsingFacade   PARSING file:/D:/a/key/key/key.core/build/resources/main/de/uka/ilkd/key/proof/rules/charListHeader.key took 0 ms 
357382     DEBUG Test worker     d.u.i.k.n.ParsingFacade   PARSING file:/D:/a/key/key/key.core/build/resources/main/de/uka/ilkd/key/proof/rules/wellfound.key took 0 ms 
357382     DEBUG Test worker     d.u.i.k.n.ParsingFacade   PARSING file:/D:/a/key/key/key.core/build/resources/main/de/uka/ilkd/key/proof/rules/freeADT.key took 0 ms 
357382     DEBUG Test worker     d.u.i.k.n.ParsingFacade   PARSING file:/D:/a/key/key/key.core/build/resources/main/de/uka/ilkd/key/proof/rules/map.key took 0 ms 
357382     DEBUG Test worker     d.u.i.k.n.ParsingFacade   PARSING file:/D:/a/key/key/key.core/build/resources/main/de/uka/ilkd/key/proof/rules/seq.key took 0 ms 
357382     DEBUG Test worker     d.u.i.k.n.ParsingFacade   PARSING file:/D:/a/key/key/key.core/build/resources/main/de/uka/ilkd/key/proof/rules/reach.key took 0 ms 
357382     DEBUG Test worker     d.u.i.k.n.ParsingFacade   PARSING file:/D:/a/key/key/key.core/build/resources/main/de/uka/ilkd/key/proof/rules/permission.key took 0 ms 
357382     DEBUG Test worker     d.u.i.k.n.ParsingFacade   PARSING file:/D:/a/key/key/key.core/build/resources/main/de/uka/ilkd/key/proof/rules/locSets.key took 0 ms 
357382     DEBUG Test worker     d.u.i.k.n.ParsingFacade   PARSING file:/D:/a/key/key/key.core/build/resources/main/de/uka/ilkd/key/proof/rules/heap.key took 0 ms 
357382     DEBUG Test worker     d.u.i.k.n.ParsingFacade   PARSING file:/D:/a/key/key/key.core/build/resources/main/de/uka/ilkd/key/proof/rules/floatHeader.key took 0 ms 
357382     DEBUG Test worker     d.u.i.k.n.ParsingFacade   PARSING file:/D:/a/key/key/key.core/build/resources/main/de/uka/ilkd/key/proof/rules/integerHeader.key took 0 ms 
357422     DEBUG Test worker     d.u.i.k.n.ParsingFacade   PARSING file:/D:/a/key/key/key.core/build/resources/main/de/uka/ilkd/key/proof/rules/ruleSetsDeclarations.key took 40 ms 
357422     DEBUG Test worker     d.u.i.k.n.ParsingFacade   PARSING file:/D:/a/key/key/key.core/build/resources/main/de/uka/ilkd/key/proof/rules/boolean.key took 0 ms 
357422     INFO  Test worker     d.u.i.k.n.KeyIO           Parsing took 56 ms 
357422     DEBUG Test worker     d.u.i.k.n.KeyIO           Load declarations of de.uka.ilkd.key.nparser.KeyAst$File:  file:/D:/a/key/key/key.core/build/resources/main/de/uka/ilkd/key/proof/rules/boolean.key:1#1 
357422     DEBUG Test worker     d.u.i.k.n.KeyIO           Load declarations of de.uka.ilkd.key.nparser.KeyAst$File:  file:/D:/a/key/key/key.core/build/resources/main/de/uka/ilkd/key/proof/rules/ruleSetsDeclarations.key:5#1 
357422     DEBUG Test worker     d.u.i.k.n.KeyIO           Load declarations of de.uka.ilkd.key.nparser.KeyAst$File:  file:/D:/a/key/key/key.core/build/resources/main/de/uka/ilkd/key/proof/rules/integerHeader.key:1#1 
357422     DEBUG Test worker     d.u.i.k.n.KeyIO           Load declarations of de.uka.ilkd.key.nparser.KeyAst$File:  file:/D:/a/key/key/key.core/build/resources/main/de/uka/ilkd/key/proof/rules/floatHeader.key:14#1 
357422     DEBUG Test worker     d.u.i.k.n.KeyIO           Load declarations of de.uka.ilkd.key.nparser.KeyAst$File:  file:/D:/a/key/key/key.core/build/resources/main/de/uka/ilkd/key/proof/rules/heap.key:4#1 
357429     DEBUG Test worker     d.u.i.k.n.KeyIO           Load declarations of de.uka.ilkd.key.nparser.KeyAst$File:  file:/D:/a/key/key/key.core/build/resources/main/de/uka/ilkd/key/proof/rules/locSets.key:4#1 
357429     DEBUG Test worker     d.u.i.k.n.KeyIO           Load declarations of de.uka.ilkd.key.nparser.KeyAst$File:  file:/D:/a/key/key/key.core/build/resources/main/de/uka/ilkd/key/proof/rules/permission.key:1#1 
357429     DEBUG Test worker     d.u.i.k.n.KeyIO           Load declarations of de.uka.ilkd.key.nparser.KeyAst$File:  file:/D:/a/key/key/key.core/build/resources/main/de/uka/ilkd/key/proof/rules/reach.key:3#1 
357429     DEBUG Test worker     d.u.i.k.n.KeyIO           Load declarations of de.uka.ilkd.key.nparser.KeyAst$File:  file:/D:/a/key/key/key.core/build/resources/main/de/uka/ilkd/key/proof/rules/seq.key:11#1 
357429     DEBUG Test worker     d.u.i.k.n.KeyIO           Load declarations of de.uka.ilkd.key.nparser.KeyAst$File:  file:/D:/a/key/key/key.core/build/resources/main/de/uka/ilkd/key/proof/rules/map.key:1#1 
357429     DEBUG Test worker     d.u.i.k.n.KeyIO           Load declarations of de.uka.ilkd.key.nparser.KeyAst$File:  file:/D:/a/key/key/key.core/build/resources/main/de/uka/ilkd/key/proof/rules/freeADT.key:17#1 
357429     DEBUG Test worker     d.u.i.k.n.KeyIO           Load declarations of de.uka.ilkd.key.nparser.KeyAst$File:  file:/D:/a/key/key/key.core/build/resources/main/de/uka/ilkd/key/proof/rules/wellfound.key:19#1 
357429     DEBUG Test worker     d.u.i.k.n.KeyIO           Load declarations of de.uka.ilkd.key.nparser.KeyAst$File:  file:/D:/a/key/key/key.core/build/resources/main/de/uka/ilkd/key/proof/rules/charListHeader.key:1#1 
357429     DEBUG Test worker     d.u.i.k.n.KeyIO           Load declarations of de.uka.ilkd.key.nparser.KeyAst$File:  file:/D:/a/key/key/key.core/build/resources/main/de/uka/ilkd/key/proof/rules/ldt.key:10#1 
357429     INFO  Test worker     d.u.i.k.n.KeyIO           MODE: declarations took 7 ms 
357429     DEBUG Test worker     d.u.i.k.n.KeyIO           MODE: 2nd degree decls took 0 
357429     INFO  Test worker     d.u.i.k.n.ExprTest        Term: equals(addFloat(FP(6(1(2(3(5(3(5(6(0(1(#))))))))))),FP(6(1(2(3(5(3(5(6(0(1(#)))))))))))),mulFloat(FP(4(2(8(1(4(7(3(7(0(1(#))))))))))),subFloat(FP(4(2(8(1(4(7(3(7(0(1(#))))))))))),FP(6(1(2(3(5(3(5(6(0(1(#)))))))))))))) 
357444     DEBUG Test worker     d.u.i.k.n.ParsingFacade   PARSING file:/D:/a/key/key/key.core/build/resources/main/de/uka/ilkd/key/proof/rules/ldt.key took 0 ms 
357444     DEBUG Test worker     d.u.i.k.n.ParsingFacade   PARSING file:/D:/a/key/key/key.core/build/resources/main/de/uka/ilkd/key/proof/rules/charListHeader.key took 0 ms 
357444     DEBUG Test worker     d.u.i.k.n.ParsingFacade   PARSING file:/D:/a/key/key/key.core/build/resources/main/de/uka/ilkd/key/proof/rules/wellfound.key took 0 ms 
357444     DEBUG Test worker     d.u.i.k.n.ParsingFacade   PARSING file:/D:/a/key/key/key.core/build/resources/main/de/uka/ilkd/key/proof/rules/freeADT.key took 0 ms 
357444     DEBUG Test worker     d.u.i.k.n.ParsingFacade   PARSING file:/D:/a/key/key/key.core/build/resources/main/de/uka/ilkd/key/proof/rules/map.key took 0 ms 
357460     DEBUG Test worker     d.u.i.k.n.ParsingFacade   PARSING file:/D:/a/key/key/key.core/build/resources/main/de/uka/ilkd/key/proof/rules/seq.key took 0 ms 
357460     DEBUG Test worker     d.u.i.k.n.ParsingFacade   PARSING file:/D:/a/key/key/key.core/build/resources/main/de/uka/ilkd/key/proof/rules/reach.key took 0 ms 
357460     DEBUG Test worker     d.u.i.k.n.ParsingFacade   PARSING file:/D:/a/key/key/key.core/build/resources/main/de/uka/ilkd/key/proof/rules/permission.key took 0 ms 
357460     DEBUG Test worker     d.u.i.k.n.ParsingFacade   PARSING file:/D:/a/key/key/key.core/build/resources/main/de/uka/ilkd/key/proof/rules/locSets.key took 0 ms 
357460     DEBUG Test worker     d.u.i.k.n.ParsingFacade   PARSING file:/D:/a/key/key/key.core/build/resources/main/de/uka/ilkd/key/proof/rules/heap.key took 0 ms 
357460     DEBUG Test worker     d.u.i.k.n.ParsingFacade   PARSING file:/D:/a/key/key/key.core/build/resources/main/de/uka/ilkd/key/proof/rules/floatHeader.key took 0 ms 
357460     DEBUG Test worker     d.u.i.k.n.ParsingFacade   PARSING file:/D:/a/key/key/key.core/build/resources/main/de/uka/ilkd/key/proof/rules/integerHeader.key took 0 ms 
357460     DEBUG Test worker     d.u.i.k.n.ParsingFacade   PARSING file:/D:/a/key/key/key.core/build/resources/main/de/uka/ilkd/key/proof/rules/ruleSetsDeclarations.key took 0 ms 
357460     DEBUG Test worker     d.u.i.k.n.ParsingFacade   PARSING file:/D:/a/key/key/key.core/build/resources/main/de/uka/ilkd/key/proof/rules/boolean.key took 0 ms 
357460     INFO  Test worker     d.u.i.k.n.KeyIO           Parsing took 16 ms 
357460     DEBUG Test worker     d.u.i.k.n.KeyIO           Load declarations of de.uka.ilkd.key.nparser.KeyAst$File:  file:/D:/a/key/key/key.core/build/resources/main/de/uka/ilkd/key/proof/rules/boolean.key:1#1 
357460     DEBUG Test worker     d.u.i.k.n.KeyIO           Load declarations of de.uka.ilkd.key.nparser.KeyAst$File:  file:/D:/a/key/key/key.core/build/resources/main/de/uka/ilkd/key/proof/rules/ruleSetsDeclarations.key:5#1 
357460     DEBUG Test worker     d.u.i.k.n.KeyIO           Load declarations of de.uka.ilkd.key.nparser.KeyAst$File:  file:/D:/a/key/key/key.core/build/resources/main/de/uka/ilkd/key/proof/rules/integerHeader.key:1#1 
357460     DEBUG Test worker     d.u.i.k.n.KeyIO           Load declarations of de.uka.ilkd.key.nparser.KeyAst$File:  file:/D:/a/key/key/key.core/build/resources/main/de/uka/ilkd/key/proof/rules/floatHeader.key:14#1 
357460     DEBUG Test worker     d.u.i.k.n.KeyIO           Load declarations of de.uka.ilkd.key.nparser.KeyAst$File:  file:/D:/a/key/key/key.core/build/resources/main/de/uka/ilkd/key/proof/rules/heap.key:4#1 
357460     DEBUG Test worker     d.u.i.k.n.KeyIO           Load declarations of de.uka.ilkd.key.nparser.KeyAst$File:  file:/D:/a/key/key/key.core/build/resources/main/de/uka/ilkd/key/proof/rules/locSets.key:4#1 
357460     DEBUG Test worker     d.u.i.k.n.KeyIO           Load declarations of de.uka.ilkd.key.nparser.KeyAst$File:  file:/D:/a/key/key/key.core/build/resources/main/de/uka/ilkd/key/proof/rules/permission.key:1#1 
357460     DEBUG Test worker     d.u.i.k.n.KeyIO           Load declarations of de.uka.ilkd.key.nparser.KeyAst$File:  file:/D:/a/key/key/key.core/build/resources/main/de/uka/ilkd/key/proof/rules/reach.key:3#1 
357460     DEBUG Test worker     d.u.i.k.n.KeyIO           Load declarations of de.uka.ilkd.key.nparser.KeyAst$File:  file:/D:/a/key/key/key.core/build/resources/main/de/uka/ilkd/key/proof/rules/seq.key:11#1 
357460     DEBUG Test worker     d.u.i.k.n.KeyIO           Load declarations of de.uka.ilkd.key.nparser.KeyAst$File:  file:/D:/a/key/key/key.core/build/resources/main/de/uka/ilkd/key/proof/rules/map.key:1#1 
357460     DEBUG Test worker     d.u.i.k.n.KeyIO           Load declarations of de.uka.ilkd.key.nparser.KeyAst$File:  file:/D:/a/key/key/key.core/build/resources/main/de/uka/ilkd/key/proof/rules/freeADT.key:17#1 
357476     DEBUG Test worker     d.u.i.k.n.KeyIO           Load declarations of de.uka.ilkd.key.nparser.KeyAst$File:  file:/D:/a/key/key/key.core/build/resources/main/de/uka/ilkd/key/proof/rules/wellfound.key:19#1 
357476     DEBUG Test worker     d.u.i.k.n.KeyIO           Load declarations of de.uka.ilkd.key.nparser.KeyAst$File:  file:/D:/a/key/key/key.core/build/resources/main/de/uka/ilkd/key/proof/rules/charListHeader.key:1#1 
357476     DEBUG Test worker     d.u.i.k.n.KeyIO           Load declarations of de.uka.ilkd.key.nparser.KeyAst$File:  file:/D:/a/key/key/key.core/build/resources/main/de/uka/ilkd/key/proof/rules/ldt.key:10#1 
357476     INFO  Test worker     d.u.i.k.n.KeyIO           MODE: declarations took 16 ms 
357491     DEBUG Test worker     d.u.i.k.n.KeyIO           MODE: 2nd degree decls took 15 
357491     INFO  Test worker     d.u.i.k.n.ExprTest        Term: leqDouble(addDouble(DFP(8(0(4(7(1(0(0(0(8(8(1(4(2(8(1(7(0(6(4(#)))))))))))))))))))),DFP(8(0(4(7(1(0(0(0(8(8(1(4(2(8(1(7(0(6(4(#))))))))))))))))))))),mulDouble(DFP(4(8(7(6(0(0(2(8(9(0(9(8(0(4(2(1(4(6(4(#)))))))))))))))))))),DFP(5(7(6(7(8(0(4(0(3(9(2(2(8(1(9(6(7(5(4(#)))))))))))))))))))))) 
357491     DEBUG Test worker     d.u.i.k.n.ParsingFacade   PARSING file:/D:/a/key/key/key.core/build/resources/main/de/uka/ilkd/key/proof/rules/ldt.key took 0 ms 
357491     DEBUG Test worker     d.u.i.k.n.ParsingFacade   PARSING file:/D:/a/key/key/key.core/build/resources/main/de/uka/ilkd/key/proof/rules/charListHeader.key took 0 ms 
357491     DEBUG Test worker     d.u.i.k.n.ParsingFacade   PARSING file:/D:/a/key/key/key.core/build/resources/main/de/uka/ilkd/key/proof/rules/wellfound.key took 0 ms 
357491     DEBUG Test worker     d.u.i.k.n.ParsingFacade   PARSING file:/D:/a/key/key/key.core/build/resources/main/de/uka/ilkd/key/proof/rules/freeADT.key took 0 ms 
357507     DEBUG Test worker     d.u.i.k.n.ParsingFacade   PARSING file:/D:/a/key/key/key.core/build/resources/main/de/uka/ilkd/key/proof/rules/map.key took 16 ms 
357507     DEBUG Test worker     d.u.i.k.n.ParsingFacade   PARSING file:/D:/a/key/key/key.core/build/resources/main/de/uka/ilkd/key/proof/rules/seq.key took 0 ms 
357507     DEBUG Test worker     d.u.i.k.n.ParsingFacade   PARSING file:/D:/a/key/key/key.core/build/resources/main/de/uka/ilkd/key/proof/rules/reach.key took 0 ms 
357507     DEBUG Test worker     d.u.i.k.n.ParsingFacade   PARSING file:/D:/a/key/key/key.core/build/resources/main/de/uka/ilkd/key/proof/rules/permission.key took 0 ms 
357507     DEBUG Test worker     d.u.i.k.n.ParsingFacade   PARSING file:/D:/a/key/key/key.core/build/resources/main/de/uka/ilkd/key/proof/rules/locSets.key took 0 ms 
357507     DEBUG Test worker     d.u.i.k.n.ParsingFacade   PARSING file:/D:/a/key/key/key.core/build/resources/main/de/uka/ilkd/key/proof/rules/heap.key took 0 ms 
357507     DEBUG Test worker     d.u.i.k.n.ParsingFacade   PARSING file:/D:/a/key/key/key.core/build/resources/main/de/uka/ilkd/key/proof/rules/floatHeader.key took 0 ms 
357507     DEBUG Test worker     d.u.i.k.n.ParsingFacade   PARSING file:/D:/a/key/key/key.core/build/resources/main/de/uka/ilkd/key/proof/rules/integerHeader.key took 0 ms 
357507     DEBUG Test worker     d.u.i.k.n.ParsingFacade   PARSING file:/D:/a/key/key/key.core/build/resources/main/de/uka/ilkd/key/proof/rules/ruleSetsDeclarations.key took 0 ms 
357507     DEBUG Test worker     d.u.i.k.n.ParsingFacade   PARSING file:/D:/a/key/key/key.core/build/resources/main/de/uka/ilkd/key/proof/rules/boolean.key took 0 ms 
357507     INFO  Test worker     d.u.i.k.n.KeyIO           Parsing took 16 ms 
357507     DEBUG Test worker     d.u.i.k.n.KeyIO           Load declarations of de.uka.ilkd.key.nparser.KeyAst$File:  file:/D:/a/key/key/key.core/build/resources/main/de/uka/ilkd/key/proof/rules/boolean.key:1#1 
357507     DEBUG Test worker     d.u.i.k.n.KeyIO           Load declarations of de.uka.ilkd.key.nparser.KeyAst$File:  file:/D:/a/key/key/key.core/build/resources/main/de/uka/ilkd/key/proof/rules/ruleSetsDeclarations.key:5#1 
357507     DEBUG Test worker     d.u.i.k.n.KeyIO           Load declarations of de.uka.ilkd.key.nparser.KeyAst$File:  file:/D:/a/key/key/key.core/build/resources/main/de/uka/ilkd/key/proof/rules/integerHeader.key:1#1 
357507     DEBUG Test worker     d.u.i.k.n.KeyIO           Load declarations of de.uka.ilkd.key.nparser.KeyAst$File:  file:/D:/a/key/key/key.core/build/resources/main/de/uka/ilkd/key/proof/rules/floatHeader.key:14#1 
357507     DEBUG Test worker     d.u.i.k.n.KeyIO           Load declarations of de.uka.ilkd.key.nparser.KeyAst$File:  file:/D:/a/key/key/key.core/build/resources/main/de/uka/ilkd/key/proof/rules/heap.key:4#1 
357523     DEBUG Test worker     d.u.i.k.n.KeyIO           Load declarations of de.uka.ilkd.key.nparser.KeyAst$File:  file:/D:/a/key/key/key.core/build/resources/main/de/uka/ilkd/key/proof/rules/locSets.key:4#1 
357523     DEBUG Test worker     d.u.i.k.n.KeyIO           Load declarations of de.uka.ilkd.key.nparser.KeyAst$File:  file:/D:/a/key/key/key.core/build/resources/main/de/uka/ilkd/key/proof/rules/permission.key:1#1 
357523     DEBUG Test worker     d.u.i.k.n.KeyIO           Load declarations of de.uka.ilkd.key.nparser.KeyAst$File:  file:/D:/a/key/key/key.core/build/resources/main/de/uka/ilkd/key/proof/rules/reach.key:3#1 
357523     DEBUG Test worker     d.u.i.k.n.KeyIO           Load declarations of de.uka.ilkd.key.nparser.KeyAst$File:  file:/D:/a/key/key/key.core/build/resources/main/de/uka/ilkd/key/proof/rules/seq.key:11#1 
357523     DEBUG Test worker     d.u.i.k.n.KeyIO           Load declarations of de.uka.ilkd.key.nparser.KeyAst$File:  file:/D:/a/key/key/key.core/build/resources/main/de/uka/ilkd/key/proof/rules/map.key:1#1 
357523     DEBUG Test worker     d.u.i.k.n.KeyIO           Load declarations of de.uka.ilkd.key.nparser.KeyAst$File:  file:/D:/a/key/key/key.core/build/resources/main/de/uka/ilkd/key/proof/rules/freeADT.key:17#1 
357523     DEBUG Test worker     d.u.i.k.n.KeyIO           Load declarations of de.uka.ilkd.key.nparser.KeyAst$File:  file:/D:/a/key/key/key.core/build/resources/main/de/uka/ilkd/key/proof/rules/wellfound.key:19#1 
357523     DEBUG Test worker     d.u.i.k.n.KeyIO           Load declarations of de.uka.ilkd.key.nparser.KeyAst$File:  file:/D:/a/key/key/key.core/build/resources/main/de/uka/ilkd/key/proof/rules/charListHeader.key:1#1 
357523     DEBUG Test worker     d.u.i.k.n.KeyIO           Load declarations of de.uka.ilkd.key.nparser.KeyAst$File:  file:/D:/a/key/key/key.core/build/resources/main/de/uka/ilkd/key/proof/rules/ldt.key:10#1 
357523     INFO  Test worker     d.u.i.k.n.KeyIO           MODE: declarations took 16 ms 
357523     DEBUG Test worker     d.u.i.k.n.KeyIO           MODE: 2nd degree decls took 0 
357523     INFO  Test worker     d.u.i.k.n.ExprTest        Term: leqFloat(FP(6(1(2(3(5(3(5(6(0(1(#))))))))))),FP(4(2(8(1(4(7(3(7(0(1(#)))))))))))) 
357523     DEBUG Test worker     d.u.i.k.n.ParsingFacade   PARSING file:/D:/a/key/key/key.core/build/resources/main/de/uka/ilkd/key/proof/rules/ldt.key took 0 ms 
357523     DEBUG Test worker     d.u.i.k.n.ParsingFacade   PARSING file:/D:/a/key/key/key.core/build/resources/main/de/uka/ilkd/key/proof/rules/charListHeader.key took 0 ms 
357523     DEBUG Test worker     d.u.i.k.n.ParsingFacade   PARSING file:/D:/a/key/key/key.core/build/resources/main/de/uka/ilkd/key/proof/rules/wellfound.key took 0 ms 
357538     DEBUG Test worker     d.u.i.k.n.ParsingFacade   PARSING file:/D:/a/key/key/key.core/build/resources/main/de/uka/ilkd/key/proof/rules/freeADT.key took 0 ms 
357538     DEBUG Test worker     d.u.i.k.n.ParsingFacade   PARSING file:/D:/a/key/key/key.core/build/resources/main/de/uka/ilkd/key/proof/rules/map.key took 0 ms 
357538     DEBUG Test worker     d.u.i.k.n.ParsingFacade   PARSING file:/D:/a/key/key/key.core/build/resources/main/de/uka/ilkd/key/proof/rules/seq.key took 0 ms 
357538     DEBUG Test worker     d.u.i.k.n.ParsingFacade   PARSING file:/D:/a/key/key/key.core/build/resources/main/de/uka/ilkd/key/proof/rules/reach.key took 0 ms 
357538     DEBUG Test worker     d.u.i.k.n.ParsingFacade   PARSING file:/D:/a/key/key/key.core/build/resources/main/de/uka/ilkd/key/proof/rules/permission.key took 0 ms 
357538     DEBUG Test worker     d.u.i.k.n.ParsingFacade   PARSING file:/D:/a/key/key/key.core/build/resources/main/de/uka/ilkd/key/proof/rules/locSets.key took 0 ms 
357538     DEBUG Test worker     d.u.i.k.n.ParsingFacade   PARSING file:/D:/a/key/key/key.core/build/resources/main/de/uka/ilkd/key/proof/rules/heap.key took 0 ms 
357538     DEBUG Test worker     d.u.i.k.n.ParsingFacade   PARSING file:/D:/a/key/key/key.core/build/resources/main/de/uka/ilkd/key/proof/rules/floatHeader.key took 0 ms 
357538     DEBUG Test worker     d.u.i.k.n.ParsingFacade   PARSING file:/D:/a/key/key/key.core/build/resources/main/de/uka/ilkd/key/proof/rules/integerHeader.key took 0 ms 
357554     DEBUG Test worker     d.u.i.k.n.ParsingFacade   PARSING file:/D:/a/key/key/key.core/build/resources/main/de/uka/ilkd/key/proof/rules/ruleSetsDeclarations.key took 16 ms 
357554     DEBUG Test worker     d.u.i.k.n.ParsingFacade   PARSING file:/D:/a/key/key/key.core/build/resources/main/de/uka/ilkd/key/proof/rules/boolean.key took 0 ms 
357554     INFO  Test worker     d.u.i.k.n.KeyIO           Parsing took 31 ms 
357554     DEBUG Test worker     d.u.i.k.n.KeyIO           Load declarations of de.uka.ilkd.key.nparser.KeyAst$File:  file:/D:/a/key/key/key.core/build/resources/main/de/uka/ilkd/key/proof/rules/boolean.key:1#1 
357554     DEBUG Test worker     d.u.i.k.n.KeyIO           Load declarations of de.uka.ilkd.key.nparser.KeyAst$File:  file:/D:/a/key/key/key.core/build/resources/main/de/uka/ilkd/key/proof/rules/ruleSetsDeclarations.key:5#1 
357554     DEBUG Test worker     d.u.i.k.n.KeyIO           Load declarations of de.uka.ilkd.key.nparser.KeyAst$File:  file:/D:/a/key/key/key.core/build/resources/main/de/uka/ilkd/key/proof/rules/integerHeader.key:1#1 
357554     DEBUG Test worker     d.u.i.k.n.KeyIO           Load declarations of de.uka.ilkd.key.nparser.KeyAst$File:  file:/D:/a/key/key/key.core/build/resources/main/de/uka/ilkd/key/proof/rules/floatHeader.key:14#1 
357554     DEBUG Test worker     d.u.i.k.n.KeyIO           Load declarations of de.uka.ilkd.key.nparser.KeyAst$File:  file:/D:/a/key/key/key.core/build/resources/main/de/uka/ilkd/key/proof/rules/heap.key:4#1 
357554     DEBUG Test worker     d.u.i.k.n.KeyIO           Load declarations of de.uka.ilkd.key.nparser.KeyAst$File:  file:/D:/a/key/key/key.core/build/resources/main/de/uka/ilkd/key/proof/rules/locSets.key:4#1 
357554     DEBUG Test worker     d.u.i.k.n.KeyIO           Load declarations of de.uka.ilkd.key.nparser.KeyAst$File:  file:/D:/a/key/key/key.core/build/resources/main/de/uka/ilkd/key/proof/rules/permission.key:1#1 
357554     DEBUG Test worker     d.u.i.k.n.KeyIO           Load declarations of de.uka.ilkd.key.nparser.KeyAst$File:  file:/D:/a/key/key/key.core/build/resources/main/de/uka/ilkd/key/proof/rules/reach.key:3#1 
357554     DEBUG Test worker     d.u.i.k.n.KeyIO           Load declarations of de.uka.ilkd.key.nparser.KeyAst$File:  file:/D:/a/key/key/key.core/build/resources/main/de/uka/ilkd/key/proof/rules/seq.key:11#1 
357554     DEBUG Test worker     d.u.i.k.n.KeyIO           Load declarations of de.uka.ilkd.key.nparser.KeyAst$File:  file:/D:/a/key/key/key.core/build/resources/main/de/uka/ilkd/key/proof/rules/map.key:1#1 
357554     DEBUG Test worker     d.u.i.k.n.KeyIO           Load declarations of de.uka.ilkd.key.nparser.KeyAst$File:  file:/D:/a/key/key/key.core/build/resources/main/de/uka/ilkd/key/proof/rules/freeADT.key:17#1 
357554     DEBUG Test worker     d.u.i.k.n.KeyIO           Load declarations of de.uka.ilkd.key.nparser.KeyAst$File:  file:/D:/a/key/key/key.core/build/resources/main/de/uka/ilkd/key/proof/rules/wellfound.key:19#1 
357554     DEBUG Test worker     d.u.i.k.n.KeyIO           Load declarations of de.uka.ilkd.key.nparser.KeyAst$File:  file:/D:/a/key/key/key.core/build/resources/main/de/uka/ilkd/key/proof/rules/charListHeader.key:1#1 
357554     DEBUG Test worker     d.u.i.k.n.KeyIO           Load declarations of de.uka.ilkd.key.nparser.KeyAst$File:  file:/D:/a/key/key/key.core/build/resources/main/de/uka/ilkd/key/proof/rules/ldt.key:10#1 
357554     INFO  Test worker     d.u.i.k.n.KeyIO           MODE: declarations took 0 ms 
357554     DEBUG Test worker     d.u.i.k.n.KeyIO           MODE: 2nd degree decls took 0 
357554     INFO  Test worker     d.u.i.k.n.ExprTest        Term: gtDouble(DFP(4(0(9(7(8(3(7(2(4(8(1(0(6(8(6(1(1(6(4(#)))))))))))))))))))),DFP(8(0(4(7(1(0(0(0(8(8(1(4(2(8(1(7(0(6(4(#))))))))))))))))))))) 
357569     DEBUG Test worker     d.u.i.k.n.ParsingFacade   PARSING file:/D:/a/key/key/key.core/build/resources/main/de/uka/ilkd/key/proof/rules/ldt.key took 0 ms 
357569     DEBUG Test worker     d.u.i.k.n.ParsingFacade   PARSING file:/D:/a/key/key/key.core/build/resources/main/de/uka/ilkd/key/proof/rules/charListHeader.key took 0 ms 
357569     DEBUG Test worker     d.u.i.k.n.ParsingFacade   PARSING file:/D:/a/key/key/key.core/build/resources/main/de/uka/ilkd/key/proof/rules/wellfound.key took 0 ms 
357569     DEBUG Test worker     d.u.i.k.n.ParsingFacade   PARSING file:/D:/a/key/key/key.core/build/resources/main/de/uka/ilkd/key/proof/rules/freeADT.key took 0 ms 
357569     DEBUG Test worker     d.u.i.k.n.ParsingFacade   PARSING file:/D:/a/key/key/key.core/build/resources/main/de/uka/ilkd/key/proof/rules/map.key took 0 ms 
357569     DEBUG Test worker     d.u.i.k.n.ParsingFacade   PARSING file:/D:/a/key/key/key.core/build/resources/main/de/uka/ilkd/key/proof/rules/seq.key took 0 ms 
357569     DEBUG Test worker     d.u.i.k.n.ParsingFacade   PARSING file:/D:/a/key/key/key.core/build/resources/main/de/uka/ilkd/key/proof/rules/reach.key took 0 ms 
357569     DEBUG Test worker     d.u.i.k.n.ParsingFacade   PARSING file:/D:/a/key/key/key.core/build/resources/main/de/uka/ilkd/key/proof/rules/permission.key took 0 ms 
357569     DEBUG Test worker     d.u.i.k.n.ParsingFacade   PARSING file:/D:/a/key/key/key.core/build/resources/main/de/uka/ilkd/key/proof/rules/locSets.key took 0 ms 
357569     DEBUG Test worker     d.u.i.k.n.ParsingFacade   PARSING file:/D:/a/key/key/key.core/build/resources/main/de/uka/ilkd/key/proof/rules/heap.key took 0 ms 
357569     DEBUG Test worker     d.u.i.k.n.ParsingFacade   PARSING file:/D:/a/key/key/key.core/build/resources/main/de/uka/ilkd/key/proof/rules/floatHeader.key took 0 ms 
357585     DEBUG Test worker     d.u.i.k.n.ParsingFacade   PARSING file:/D:/a/key/key/key.core/build/resources/main/de/uka/ilkd/key/proof/rules/integerHeader.key took 16 ms 
357585     DEBUG Test worker     d.u.i.k.n.ParsingFacade   PARSING file:/D:/a/key/key/key.core/build/resources/main/de/uka/ilkd/key/proof/rules/ruleSetsDeclarations.key took 0 ms 
357585     DEBUG Test worker     d.u.i.k.n.ParsingFacade   PARSING file:/D:/a/key/key/key.core/build/resources/main/de/uka/ilkd/key/proof/rules/boolean.key took 0 ms 
357585     INFO  Test worker     d.u.i.k.n.KeyIO           Parsing took 16 ms 
357585     DEBUG Test worker     d.u.i.k.n.KeyIO           Load declarations of de.uka.ilkd.key.nparser.KeyAst$File:  file:/D:/a/key/key/key.core/build/resources/main/de/uka/ilkd/key/proof/rules/boolean.key:1#1 
357585     DEBUG Test worker     d.u.i.k.n.KeyIO           Load declarations of de.uka.ilkd.key.nparser.KeyAst$File:  file:/D:/a/key/key/key.core/build/resources/main/de/uka/ilkd/key/proof/rules/ruleSetsDeclarations.key:5#1 
357585     DEBUG Test worker     d.u.i.k.n.KeyIO           Load declarations of de.uka.ilkd.key.nparser.KeyAst$File:  file:/D:/a/key/key/key.core/build/resources/main/de/uka/ilkd/key/proof/rules/integerHeader.key:1#1 
357585     DEBUG Test worker     d.u.i.k.n.KeyIO           Load declarations of de.uka.ilkd.key.nparser.KeyAst$File:  file:/D:/a/key/key/key.core/build/resources/main/de/uka/ilkd/key/proof/rules/floatHeader.key:14#1 
357585     DEBUG Test worker     d.u.i.k.n.KeyIO           Load declarations of de.uka.ilkd.key.nparser.KeyAst$File:  file:/D:/a/key/key/key.core/build/resources/main/de/uka/ilkd/key/proof/rules/heap.key:4#1 
357585     DEBUG Test worker     d.u.i.k.n.KeyIO           Load declarations of de.uka.ilkd.key.nparser.KeyAst$File:  file:/D:/a/key/key/key.core/build/resources/main/de/uka/ilkd/key/proof/rules/locSets.key:4#1 
357585     DEBUG Test worker     d.u.i.k.n.KeyIO           Load declarations of de.uka.ilkd.key.nparser.KeyAst$File:  file:/D:/a/key/key/key.core/build/resources/main/de/uka/ilkd/key/proof/rules/permission.key:1#1 
357585     DEBUG Test worker     d.u.i.k.n.KeyIO           Load declarations of de.uka.ilkd.key.nparser.KeyAst$File:  file:/D:/a/key/key/key.core/build/resources/main/de/uka/ilkd/key/proof/rules/reach.key:3#1 
357585     DEBUG Test worker     d.u.i.k.n.KeyIO           Load declarations of de.uka.ilkd.key.nparser.KeyAst$File:  file:/D:/a/key/key/key.core/build/resources/main/de/uka/ilkd/key/proof/rules/seq.key:11#1 
357585     DEBUG Test worker     d.u.i.k.n.KeyIO           Load declarations of de.uka.ilkd.key.nparser.KeyAst$File:  file:/D:/a/key/key/key.core/build/resources/main/de/uka/ilkd/key/proof/rules/map.key:1#1 
357585     DEBUG Test worker     d.u.i.k.n.KeyIO           Load declarations of de.uka.ilkd.key.nparser.KeyAst$File:  file:/D:/a/key/key/key.core/build/resources/main/de/uka/ilkd/key/proof/rules/freeADT.key:17#1 
357585     DEBUG Test worker     d.u.i.k.n.KeyIO           Load declarations of de.uka.ilkd.key.nparser.KeyAst$File:  file:/D:/a/key/key/key.core/build/resources/main/de/uka/ilkd/key/proof/rules/wellfound.key:19#1 
357585     DEBUG Test worker     d.u.i.k.n.KeyIO           Load declarations of de.uka.ilkd.key.nparser.KeyAst$File:  file:/D:/a/key/key/key.core/build/resources/main/de/uka/ilkd/key/proof/rules/charListHeader.key:1#1 
357585     DEBUG Test worker     d.u.i.k.n.KeyIO           Load declarations of de.uka.ilkd.key.nparser.KeyAst$File:  file:/D:/a/key/key/key.core/build/resources/main/de/uka/ilkd/key/proof/rules/ldt.key:10#1 
357585     INFO  Test worker     d.u.i.k.n.KeyIO           MODE: declarations took 0 ms 
357585     DEBUG Test worker     d.u.i.k.n.KeyIO           MODE: 2nd degree decls took 0 
357585     INFO  Test worker     d.u.i.k.n.ExprTest        Term: seqConcat(seqEmpty,seqEmpty) 
]]></system-out>
  <system-err><![CDATA[]]></system-err>
</testsuite>
