<?xml version="1.0" encoding="UTF-8"?>
<testsuite name="de.uka.ilkd.key.parser.TestTermParserSorts" tests="2" skipped="0" failures="0" errors="0" timestamp="2023-06-11T14:37:25" hostname="fv-az405-457" time="5.031">
  <properties/>
  <testcase name="testParseIntegerArgs()" classname="de.uka.ilkd.key.parser.TestTermParserSorts" time="0.02"/>
  <testcase name="testParseSequencePrettySyntax()" classname="de.uka.ilkd.key.parser.TestTermParserSorts" time="0.002"/>
  <system-out><![CDATA[738228     INFO  Test worker     d.u.i.k.n.KeyIO           Parsing took 0 ms 
738228     DEBUG Test worker     d.u.i.k.n.KeyIO           Load declarations of de.uka.ilkd.key.nparser.KeyAst$File:  <unknown>:1#1 
738228     INFO  Test worker     d.u.i.k.n.KeyIO           MODE: declarations took 0 ms 
738228     DEBUG Test worker     d.u.i.k.n.KeyIO           MODE: 2nd degree decls took 0 
738228     INFO  Test worker     d.u.i.k.n.KeyIO           Parsing took 0 ms 
738228     DEBUG Test worker     d.u.i.k.n.KeyIO           Load declarations of de.uka.ilkd.key.nparser.KeyAst$File:  <unknown>:1#1 
738228     INFO  Test worker     d.u.i.k.n.KeyIO           MODE: declarations took 0 ms 
738228     DEBUG Test worker     d.u.i.k.n.KeyIO           MODE: 2nd degree decls took 0 
738228     INFO  Test worker     d.u.i.k.n.KeyIO           Parsing took 0 ms 
738228     DEBUG Test worker     d.u.i.k.n.KeyIO           Load declarations of de.uka.ilkd.key.nparser.KeyAst$File:  <unknown>:1#1 
738228     INFO  Test worker     d.u.i.k.n.KeyIO           MODE: declarations took 0 ms 
738228     DEBUG Test worker     d.u.i.k.n.KeyIO           MODE: 2nd degree decls took 0 
743257     INFO  Test worker     d.u.i.k.n.KeyIO           Parsing took 0 ms 
743257     DEBUG Test worker     d.u.i.k.n.KeyIO           Load declarations of de.uka.ilkd.key.nparser.KeyAst$File:  <unknown>:1#1 
743257     INFO  Test worker     d.u.i.k.n.KeyIO           MODE: declarations took 0 ms 
743257     DEBUG Test worker     d.u.i.k.n.KeyIO           MODE: 2nd degree decls took 0 
743257     INFO  Test worker     d.u.i.k.n.KeyIO           Parsing took 0 ms 
743257     DEBUG Test worker     d.u.i.k.n.KeyIO           Load declarations of de.uka.ilkd.key.nparser.KeyAst$File:  <unknown>:1#1 
743257     INFO  Test worker     d.u.i.k.n.KeyIO           MODE: declarations took 0 ms 
743257     DEBUG Test worker     d.u.i.k.n.KeyIO           MODE: 2nd degree decls took 0 
743257     INFO  Test worker     d.u.i.k.n.KeyIO           Parsing took 0 ms 
743257     DEBUG Test worker     d.u.i.k.n.KeyIO           Load declarations of de.uka.ilkd.key.nparser.KeyAst$File:  <unknown>:1#1 
743257     INFO  Test worker     d.u.i.k.n.KeyIO           MODE: declarations took 0 ms 
743257     DEBUG Test worker     d.u.i.k.n.KeyIO           MODE: 2nd degree decls took 0 
]]></system-out>
  <system-err><![CDATA[]]></system-err>
</testsuite>
