<?xml version="1.0" encoding="UTF-8"?>
<testsuite name="de.uka.ilkd.key.taclettranslation.TestTacletTranslator" tests="5" skipped="0" failures="0" errors="0" timestamp="2023-06-11T14:48:12" hostname="fv-az405-457" time="0.053">
  <properties/>
  <testcase name="testPropositional1()" classname="de.uka.ilkd.key.taclettranslation.TestTacletTranslator" time="0.033"/>
  <testcase name="testPropositional2()" classname="de.uka.ilkd.key.taclettranslation.TestTacletTranslator" time="0.005"/>
  <testcase name="testNegativePolarity()" classname="de.uka.ilkd.key.taclettranslation.TestTacletTranslator" time="0.006"/>
  <testcase name="testNoPolarity()" classname="de.uka.ilkd.key.taclettranslation.TestTacletTranslator" time="0.004"/>
  <testcase name="testPositivePolarity()" classname="de.uka.ilkd.key.taclettranslation.TestTacletTranslator" time="0.003"/>
  <system-out><![CDATA[1385253    INFO  Test worker     d.u.i.k.n.KeyIO           Parsing took 0 ms 
1385253    DEBUG Test worker     d.u.i.k.n.KeyIO           Load declarations of de.uka.ilkd.key.nparser.KeyAst$File:  <unknown>:1#1 
1385253    INFO  Test worker     d.u.i.k.n.KeyIO           MODE: declarations took 0 ms 
1385253    DEBUG Test worker     d.u.i.k.n.KeyIO           MODE: 2nd degree decls took 0 
1385253    DEBUG Test worker     d.u.i.k.n.KeyIO           MODE: taclets took 0ms 
1385293    INFO  Test worker     d.u.i.k.n.KeyIO           Parsing took 0 ms 
1385293    DEBUG Test worker     d.u.i.k.n.KeyIO           Load declarations of de.uka.ilkd.key.nparser.KeyAst$File:  <unknown>:1#1 
1385293    INFO  Test worker     d.u.i.k.n.KeyIO           MODE: declarations took 0 ms 
1385294    DEBUG Test worker     d.u.i.k.n.KeyIO           MODE: 2nd degree decls took 1 
1385294    DEBUG Test worker     d.u.i.k.n.KeyIO           MODE: taclets took 0ms 
1385299    INFO  Test worker     d.u.i.k.n.KeyIO           Parsing took 1 ms 
1385299    DEBUG Test worker     d.u.i.k.n.KeyIO           Load declarations of de.uka.ilkd.key.nparser.KeyAst$File:  <unknown>:1#1 
1385299    INFO  Test worker     d.u.i.k.n.KeyIO           MODE: declarations took 0 ms 
1385299    DEBUG Test worker     d.u.i.k.n.KeyIO           MODE: 2nd degree decls took 0 
1385299    DEBUG Test worker     d.u.i.k.n.KeyIO           MODE: taclets took 0ms 
1385299    INFO  Test worker     d.u.i.k.n.KeyIO           Parsing took 0 ms 
1385299    DEBUG Test worker     d.u.i.k.n.KeyIO           Load declarations of de.uka.ilkd.key.nparser.KeyAst$File:  <unknown>:1#1 
1385299    INFO  Test worker     d.u.i.k.n.KeyIO           MODE: declarations took 0 ms 
1385299    DEBUG Test worker     d.u.i.k.n.KeyIO           MODE: 2nd degree decls took 0 
1385299    DEBUG Test worker     d.u.i.k.n.KeyIO           MODE: taclets took 0ms 
1385299    INFO  Test worker     d.u.i.k.n.KeyIO           Parsing took 0 ms 
1385299    DEBUG Test worker     d.u.i.k.n.KeyIO           Load declarations of de.uka.ilkd.key.nparser.KeyAst$File:  <unknown>:1#1 
1385299    INFO  Test worker     d.u.i.k.n.KeyIO           MODE: declarations took 0 ms 
1385299    DEBUG Test worker     d.u.i.k.n.KeyIO           MODE: 2nd degree decls took 0 
1385299    DEBUG Test worker     d.u.i.k.n.KeyIO           MODE: taclets took 0ms 
]]></system-out>
  <system-err><![CDATA[]]></system-err>
</testsuite>
