<?xml version="1.0" encoding="UTF-8"?>
<testsuite name="de.uka.ilkd.key.strategy.quantifierHeuristics.TestTriggersSet" tests="2" skipped="1" failures="0" errors="0" timestamp="2023-06-11T14:48:12" hostname="fv-az405-457" time="0.017">
  <properties/>
  <testcase name="testTrigger1()" classname="de.uka.ilkd.key.strategy.quantifierHeuristics.TestTriggersSet" time="0.01"/>
  <testcase name="testTrigger2()" classname="de.uka.ilkd.key.strategy.quantifierHeuristics.TestTriggersSet" time="0.0">
    <skipped/>
  </testcase>
  <system-out><![CDATA[]]></system-out>
  <system-err><![CDATA[]]></system-err>
</testsuite>
