<?xml version="1.0" encoding="UTF-8"?>
<testsuite name="de.uka.ilkd.key.parser.TestDeclParser" tests="14" skipped="2" failures="0" errors="0" timestamp="2023-06-11T14:31:19" hostname="fv-az405-457" time="18.931">
  <properties/>
  <testcase name="testGenericSortDecl1()" classname="de.uka.ilkd.key.parser.TestDeclParser" time="1.608"/>
  <testcase name="testGenericSortDecl2()" classname="de.uka.ilkd.key.parser.TestDeclParser" time="1.555"/>
  <testcase name="testGenericSortDecl3()" classname="de.uka.ilkd.key.parser.TestDeclParser" time="1.562"/>
  <testcase name="testGenericSortDecl4()" classname="de.uka.ilkd.key.parser.TestDeclParser" time="1.682"/>
  <testcase name="testGenericSortDecl5()" classname="de.uka.ilkd.key.parser.TestDeclParser" time="0.0">
    <skipped/>
  </testcase>
  <testcase name="testGenericSortDecl6()" classname="de.uka.ilkd.key.parser.TestDeclParser" time="1.544"/>
  <testcase name="testSortDecl()" classname="de.uka.ilkd.key.parser.TestDeclParser" time="1.603"/>
  <testcase name="testProxySortDecl()" classname="de.uka.ilkd.key.parser.TestDeclParser" time="1.549"/>
  <testcase name="testArrayDecl()" classname="de.uka.ilkd.key.parser.TestDeclParser" time="1.595"/>
  <testcase name="testAmbiguousDecls()" classname="de.uka.ilkd.key.parser.TestDeclParser" time="0.0">
    <skipped/>
  </testcase>
  <testcase name="testHeurDecl()" classname="de.uka.ilkd.key.parser.TestDeclParser" time="1.599"/>
  <testcase name="testFunctionDecl()" classname="de.uka.ilkd.key.parser.TestDeclParser" time="1.537"/>
  <testcase name="testPredicateDecl()" classname="de.uka.ilkd.key.parser.TestDeclParser" time="1.567"/>
  <testcase name="testSVDecl()" classname="de.uka.ilkd.key.parser.TestDeclParser" time="1.527"/>
  <system-out><![CDATA[373878     INFO  Test worker     d.u.i.k.n.KeyIO           Parsing took 0 ms 
373878     DEBUG Test worker     d.u.i.k.n.KeyIO           Load declarations of de.uka.ilkd.key.nparser.KeyAst$File:  <unknown>:1#1 
373878     INFO  Test worker     d.u.i.k.n.KeyIO           MODE: declarations took 0 ms 
373878     DEBUG Test worker     d.u.i.k.n.KeyIO           MODE: 2nd degree decls took 0 
373878     DEBUG Test worker     d.u.i.k.n.KeyIO           MODE: taclets took 0ms 
375434     INFO  Test worker     d.u.i.k.n.KeyIO           Parsing took 0 ms 
375434     DEBUG Test worker     d.u.i.k.n.KeyIO           Load declarations of de.uka.ilkd.key.nparser.KeyAst$File:  <unknown>:1#1 
375434     INFO  Test worker     d.u.i.k.n.KeyIO           MODE: declarations took 0 ms 
375434     DEBUG Test worker     d.u.i.k.n.KeyIO           MODE: 2nd degree decls took 0 
375434     DEBUG Test worker     d.u.i.k.n.KeyIO           MODE: taclets took 0ms 
376995     INFO  Test worker     d.u.i.k.n.KeyIO           Parsing took 0 ms 
376995     DEBUG Test worker     d.u.i.k.n.KeyIO           Load declarations of de.uka.ilkd.key.nparser.KeyAst$File:  <unknown>:1#1 
376995     INFO  Test worker     d.u.i.k.n.KeyIO           MODE: declarations took 0 ms 
376995     DEBUG Test worker     d.u.i.k.n.KeyIO           MODE: 2nd degree decls took 0 
376995     DEBUG Test worker     d.u.i.k.n.KeyIO           MODE: taclets took 0ms 
378676     INFO  Test worker     d.u.i.k.n.KeyIO           Parsing took 0 ms 
378676     DEBUG Test worker     d.u.i.k.n.KeyIO           Load declarations of de.uka.ilkd.key.nparser.KeyAst$File:  <unknown>:1#1 
378676     INFO  Test worker     d.u.i.k.n.KeyIO           MODE: declarations took 0 ms 
378676     DEBUG Test worker     d.u.i.k.n.KeyIO           MODE: 2nd degree decls took 0 
378676     DEBUG Test worker     d.u.i.k.n.KeyIO           MODE: taclets took 0ms 
380222     INFO  Test worker     d.u.i.k.n.KeyIO           Parsing took 0 ms 
380222     DEBUG Test worker     d.u.i.k.n.KeyIO           Load declarations of de.uka.ilkd.key.nparser.KeyAst$File:  <unknown>:1#1 
380222     INFO  Test worker     d.u.i.k.n.KeyIO           MODE: declarations took 0 ms 
380222     DEBUG Test worker     d.u.i.k.n.KeyIO           MODE: 2nd degree decls took 0 
380222     DEBUG Test worker     d.u.i.k.n.KeyIO           MODE: taclets took 0ms 
381820     INFO  Test worker     d.u.i.k.n.KeyIO           Parsing took 0 ms 
381820     DEBUG Test worker     d.u.i.k.n.KeyIO           Load declarations of de.uka.ilkd.key.nparser.KeyAst$File:  <unknown>:1#1 
381820     INFO  Test worker     d.u.i.k.n.KeyIO           MODE: declarations took 0 ms 
381820     DEBUG Test worker     d.u.i.k.n.KeyIO           MODE: 2nd degree decls took 0 
381820     DEBUG Test worker     d.u.i.k.n.KeyIO           MODE: taclets took 0ms 
383374     INFO  Test worker     d.u.i.k.n.KeyIO           Parsing took 0 ms 
383374     DEBUG Test worker     d.u.i.k.n.KeyIO           Load declarations of de.uka.ilkd.key.nparser.KeyAst$File:  <unknown>:1#1 
383374     INFO  Test worker     d.u.i.k.n.KeyIO           MODE: declarations took 0 ms 
383374     DEBUG Test worker     d.u.i.k.n.KeyIO           MODE: 2nd degree decls took 0 
383374     DEBUG Test worker     d.u.i.k.n.KeyIO           MODE: taclets took 0ms 
384959     INFO  Test worker     d.u.i.k.n.KeyIO           Parsing took 0 ms 
384959     DEBUG Test worker     d.u.i.k.n.KeyIO           Load declarations of de.uka.ilkd.key.nparser.KeyAst$File:  <unknown>:1#1 
384959     INFO  Test worker     d.u.i.k.n.KeyIO           MODE: declarations took 0 ms 
384959     DEBUG Test worker     d.u.i.k.n.KeyIO           MODE: 2nd degree decls took 0 
384959     DEBUG Test worker     d.u.i.k.n.KeyIO           MODE: taclets took 0ms 
386570     INFO  Test worker     d.u.i.k.n.KeyIO           Parsing took 0 ms 
386570     DEBUG Test worker     d.u.i.k.n.KeyIO           Load declarations of de.uka.ilkd.key.nparser.KeyAst$File:  <unknown>:1#1 
386570     INFO  Test worker     d.u.i.k.n.KeyIO           MODE: declarations took 0 ms 
386570     DEBUG Test worker     d.u.i.k.n.KeyIO           MODE: 2nd degree decls took 0 
386570     DEBUG Test worker     d.u.i.k.n.KeyIO           MODE: taclets took 0ms 
388102     INFO  Test worker     d.u.i.k.n.KeyIO           Parsing took 0 ms 
388102     DEBUG Test worker     d.u.i.k.n.KeyIO           Load declarations of de.uka.ilkd.key.nparser.KeyAst$File:  <unknown>:1#1 
388102     INFO  Test worker     d.u.i.k.n.KeyIO           MODE: declarations took 0 ms 
388118     DEBUG Test worker     d.u.i.k.n.KeyIO           MODE: 2nd degree decls took 16 
388118     DEBUG Test worker     d.u.i.k.n.KeyIO           MODE: taclets took 0ms 
389674     INFO  Test worker     d.u.i.k.n.KeyIO           Parsing took 0 ms 
389674     DEBUG Test worker     d.u.i.k.n.KeyIO           Load declarations of de.uka.ilkd.key.nparser.KeyAst$File:  <unknown>:1#1 
389674     INFO  Test worker     d.u.i.k.n.KeyIO           MODE: declarations took 0 ms 
389674     DEBUG Test worker     d.u.i.k.n.KeyIO           MODE: 2nd degree decls took 0 
389674     DEBUG Test worker     d.u.i.k.n.KeyIO           MODE: taclets took 0ms 
391203     INFO  Test worker     d.u.i.k.n.KeyIO           Parsing took 0 ms 
391203     DEBUG Test worker     d.u.i.k.n.KeyIO           Load declarations of de.uka.ilkd.key.nparser.KeyAst$File:  <unknown>:1#1 
391203     INFO  Test worker     d.u.i.k.n.KeyIO           MODE: declarations took 0 ms 
391203     DEBUG Test worker     d.u.i.k.n.KeyIO           MODE: 2nd degree decls took 0 
391203     DEBUG Test worker     d.u.i.k.n.KeyIO           MODE: taclets took 0ms 
]]></system-out>
  <system-err><![CDATA[]]></system-err>
</testsuite>
