<?xml version="1.0" encoding="UTF-8"?>
<testsuite name="de.uka.ilkd.key.parser.TestTacletParser" tests="20" skipped="0" failures="0" errors="0" timestamp="2023-04-06T23:06:20" hostname="fv-az193-875" time="0.183">
  <properties/>
  <testcase name="testAllRight()" classname="de.uka.ilkd.key.parser.TestTacletParser" time="0.014"/>
  <testcase name="testSchemaJava0()" classname="de.uka.ilkd.key.parser.TestTacletParser" time="0.006"/>
  <testcase name="testSchemaJava1()" classname="de.uka.ilkd.key.parser.TestTacletParser" time="0.022"/>
  <testcase name="testSchemaJava2()" classname="de.uka.ilkd.key.parser.TestTacletParser" time="0.018"/>
  <testcase name="testSchemaJava4()" classname="de.uka.ilkd.key.parser.TestTacletParser" time="0.005"/>
  <testcase name="testSchemaJava6()" classname="de.uka.ilkd.key.parser.TestTacletParser" time="0.004"/>
  <testcase name="testSchemaJava8()" classname="de.uka.ilkd.key.parser.TestTacletParser" time="0.003"/>
  <testcase name="testCut()" classname="de.uka.ilkd.key.parser.TestTacletParser" time="0.003"/>
  <testcase name="testMakeInsertEq()" classname="de.uka.ilkd.key.parser.TestTacletParser" time="0.003"/>
  <testcase name="testAllLeft()" classname="de.uka.ilkd.key.parser.TestTacletParser" time="0.003"/>
  <testcase name="testClose()" classname="de.uka.ilkd.key.parser.TestTacletParser" time="0.009"/>
  <testcase name="testSchemaJava10()" classname="de.uka.ilkd.key.parser.TestTacletParser" time="0.004"/>
  <testcase name="testSchemaJava11()" classname="de.uka.ilkd.key.parser.TestTacletParser" time="0.014"/>
  <testcase name="testFIdempotent()" classname="de.uka.ilkd.key.parser.TestTacletParser" time="0.005"/>
  <testcase name="testImpRight()" classname="de.uka.ilkd.key.parser.TestTacletParser" time="0.003"/>
  <testcase name="testVarcondNew()" classname="de.uka.ilkd.key.parser.TestTacletParser" time="0.011"/>
  <testcase name="testFreeReplacewithVariables()" classname="de.uka.ilkd.key.parser.TestTacletParser" time="0.009"/>
  <testcase name="testImpLeft()" classname="de.uka.ilkd.key.parser.TestTacletParser" time="0.003"/>
  <testcase name="testContraposition()" classname="de.uka.ilkd.key.parser.TestTacletParser" time="0.011"/>
  <testcase name="testExConjSplit()" classname="de.uka.ilkd.key.parser.TestTacletParser" time="0.009"/>
  <system-out><![CDATA[334561     INFO  Test worker     d.u.i.k.n.KeyIO           Parsing took 0 ms 
334562     INFO  Test worker     d.u.i.k.n.KeyIO           MODE: declarations took 1 ms 
334572     INFO  Test worker     d.u.i.k.n.KeyIO           Parsing took 0 ms 
334573     INFO  Test worker     d.u.i.k.n.KeyIO           MODE: declarations took 0 ms 
334575     INFO  Test worker     d.u.i.k.n.KeyIO           Parsing took 0 ms 
334577     INFO  Test worker     d.u.i.k.n.KeyIO           MODE: declarations took 2 ms 
334578     INFO  Test worker     d.u.i.k.n.KeyIO           Parsing took 0 ms 
334579     INFO  Test worker     d.u.i.k.n.KeyIO           MODE: declarations took 0 ms 
334581     INFO  Test worker     d.u.i.k.n.KeyIO           Parsing took 0 ms 
334582     INFO  Test worker     d.u.i.k.n.KeyIO           MODE: declarations took 1 ms 
334583     WARN  Test worker     d.u.i.k.n.KeYParser       [syntax-error] <unknown>:2:21: extraneous input '<' expecting {MODALITY, FORALL, EXISTS, '\if', '\ifEx', 'true', 'false', '(', ')', '{', '@', NOT, '-', STRING_LITERAL, CHAR_LITERAL, BIN_LITERAL, HEX_LITERAL, IDENT, INT_LITERAL, FLOAT_LITERAL, DOUBLE_LITERAL, REAL_LITERAL} [@12,22:22='<',<173>,2:21] (argument_list, call, accessterm, primitive_term, primitive_labeled_term, bracket_term, atom_prefix, strong_arith_term_2, strong_arith_term_1, weak_arith_term, comparison_term, equality_term, term60, conjunction_term, disjunction_term, implication_term, equivalence_term, elementary_update_term, parallel_term, term, taclet, rulesOrAxioms, decls, file) 
334584     WARN  Test worker     d.u.i.k.n.KeYParser       [syntax-error] <unknown>:2:23: no viable alternative at input '{..' [@14,24:25='..',<144>,2:23] (atom_prefix, strong_arith_term_2, strong_arith_term_1, weak_arith_term, comparison_term, equality_term, term60, conjunction_term, disjunction_term, implication_term, equivalence_term, elementary_update_term, parallel_term, term, argument_list, call, accessterm, primitive_term, primitive_labeled_term, bracket_term, atom_prefix, strong_arith_term_2, strong_arith_term_1, weak_arith_term, comparison_term, equality_term, term60, conjunction_term, disjunction_term, implication_term, equivalence_term, elementary_update_term, parallel_term, term, taclet, rulesOrAxioms, decls, file) 
334590     WARN  Test worker     d.u.i.k.n.KeYParser       [syntax-error] <unknown>:2:33: mismatched input ';' expecting {',', ')'} [@21,34:34=';',<138>,2:33] (argument_list, call, accessterm, primitive_term, primitive_labeled_term, bracket_term, atom_prefix, strong_arith_term_2, strong_arith_term_1, weak_arith_term, comparison_term, equality_term, term60, conjunction_term, disjunction_term, implication_term, equivalence_term, elementary_update_term, parallel_term, term, taclet, rulesOrAxioms, decls, file) 
334594     WARN  Test worker     d.u.i.k.n.KeYParser       [syntax-error] <unknown>:2:41: no viable alternative at input '#i;' [@26,42:42=';',<138>,2:41] (option_list, taclet, rulesOrAxioms, decls, file) 
334597     WARN  Test worker     d.u.i.k.n.KeYParser       [syntax-error] <unknown>:2:43: mismatched input '<' expecting {'(', '{'} [@28,44:44='<',<173>,2:43] (taclet, rulesOrAxioms, decls, file) 
334602     WARN  Test worker     d.u.i.k.n.KeYParser       [syntax-error] <unknown>:2:47: mismatched input '+' expecting {'(', '{'} [@32,48:48='+',<167>,2:47] (taclet, rulesOrAxioms, decls, file) 
334602     WARN  Test worker     d.u.i.k.n.KeYParser       [syntax-error] <unknown>:2:52: extraneous input '..' expecting {'\lemma', '}', IDENT, '/*!'} [@37,53:54='..',<144>,2:52] (rulesOrAxioms, decls, file) 
334602     WARN  Test worker     d.u.i.k.n.KeYParser       [syntax-error] <unknown>:2:56: mismatched input '>' expecting {<EOF>, '\problem', '\chooseContract', '\proofObligation', '\proof'} [@40,57:57='>',<168>,2:56] (file) 
334605     INFO  Test worker     d.u.i.k.n.KeyIO           Parsing took 1 ms 
334613     INFO  Test worker     d.u.i.k.n.KeyIO           MODE: declarations took 0 ms 
334614     WARN  Test worker     d.u.i.k.n.KeYParser       [syntax-error] <unknown>:2:21: extraneous input '<' expecting {MODALITY, FORALL, EXISTS, '\if', '\ifEx', 'true', 'false', '(', ')', '{', '@', NOT, '-', STRING_LITERAL, CHAR_LITERAL, BIN_LITERAL, HEX_LITERAL, IDENT, INT_LITERAL, FLOAT_LITERAL, DOUBLE_LITERAL, REAL_LITERAL} [@12,22:22='<',<173>,2:21] (argument_list, call, accessterm, primitive_term, primitive_labeled_term, bracket_term, atom_prefix, strong_arith_term_2, strong_arith_term_1, weak_arith_term, comparison_term, equality_term, term60, conjunction_term, disjunction_term, implication_term, equivalence_term, elementary_update_term, parallel_term, term, taclet, rulesOrAxioms, decls, file) 
334616     WARN  Test worker     d.u.i.k.n.KeYParser       [syntax-error] <unknown>:2:23: no viable alternative at input '{..' [@14,24:25='..',<144>,2:23] (atom_prefix, strong_arith_term_2, strong_arith_term_1, weak_arith_term, comparison_term, equality_term, term60, conjunction_term, disjunction_term, implication_term, equivalence_term, elementary_update_term, parallel_term, term, argument_list, call, accessterm, primitive_term, primitive_labeled_term, bracket_term, atom_prefix, strong_arith_term_2, strong_arith_term_1, weak_arith_term, comparison_term, equality_term, term60, conjunction_term, disjunction_term, implication_term, equivalence_term, elementary_update_term, parallel_term, term, taclet, rulesOrAxioms, decls, file) 
334616     WARN  Test worker     d.u.i.k.n.KeYParser       [syntax-error] <unknown>:2:33: mismatched input ';' expecting {',', ')'} [@21,34:34=';',<138>,2:33] (argument_list, call, accessterm, primitive_term, primitive_labeled_term, bracket_term, atom_prefix, strong_arith_term_2, strong_arith_term_1, weak_arith_term, comparison_term, equality_term, term60, conjunction_term, disjunction_term, implication_term, equivalence_term, elementary_update_term, parallel_term, term, taclet, rulesOrAxioms, decls, file) 
334620     WARN  Test worker     d.u.i.k.n.KeYParser       [syntax-error] <unknown>:2:43: no viable alternative at input '#lab;' [@26,44:44=';',<138>,2:43] (option_list, taclet, rulesOrAxioms, decls, file) 
334620     WARN  Test worker     d.u.i.k.n.KeYParser       [syntax-error] <unknown>:2:45: mismatched input '<' expecting {'(', '{'} [@28,46:46='<',<173>,2:45] (taclet, rulesOrAxioms, decls, file) 
334620     WARN  Test worker     d.u.i.k.n.KeYParser       [syntax-error] <unknown>:2:50: mismatched input '+' expecting {'(', '{'} [@32,51:51='+',<167>,2:50] (taclet, rulesOrAxioms, decls, file) 
334621     WARN  Test worker     d.u.i.k.n.KeYParser       [syntax-error] <unknown>:2:56: extraneous input '..' expecting {'\lemma', '}', IDENT, '/*!'} [@38,57:58='..',<144>,2:56] (rulesOrAxioms, decls, file) 
334621     WARN  Test worker     d.u.i.k.n.KeYParser       [syntax-error] <unknown>:2:60: mismatched input '>' expecting {<EOF>, '\problem', '\chooseContract', '\proofObligation', '\proof'} [@41,61:61='>',<168>,2:60] (file) 
334623     INFO  Test worker     d.u.i.k.n.KeyIO           Parsing took 0 ms 
334623     INFO  Test worker     d.u.i.k.n.KeyIO           MODE: declarations took 0 ms 
334625     INFO  Test worker     d.u.i.k.n.KeyIO           Parsing took 0 ms 
334625     INFO  Test worker     d.u.i.k.n.KeyIO           MODE: declarations took 0 ms 
334632     INFO  Test worker     d.u.i.k.n.KeyIO           Parsing took 1 ms 
334632     INFO  Test worker     d.u.i.k.n.KeyIO           MODE: declarations took 0 ms 
334633     INFO  Test worker     d.u.i.k.n.KeyIO           Parsing took 0 ms 
334634     INFO  Test worker     d.u.i.k.n.KeyIO           MODE: declarations took 0 ms 
334636     INFO  Test worker     d.u.i.k.n.KeyIO           Parsing took 0 ms 
334637     INFO  Test worker     d.u.i.k.n.KeyIO           MODE: declarations took 0 ms 
334638     INFO  Test worker     d.u.i.k.n.KeyIO           Parsing took 0 ms 
334638     INFO  Test worker     d.u.i.k.n.KeyIO           MODE: declarations took 0 ms 
334640     INFO  Test worker     d.u.i.k.n.KeyIO           Parsing took 0 ms 
334641     INFO  Test worker     d.u.i.k.n.KeyIO           MODE: declarations took 0 ms 
334642     INFO  Test worker     d.u.i.k.n.KeyIO           Parsing took 0 ms 
334642     INFO  Test worker     d.u.i.k.n.KeyIO           MODE: declarations took 0 ms 
334645     INFO  Test worker     d.u.i.k.n.KeyIO           Parsing took 0 ms 
334645     INFO  Test worker     d.u.i.k.n.KeyIO           MODE: declarations took 0 ms 
334646     INFO  Test worker     d.u.i.k.n.KeyIO           Parsing took 0 ms 
334647     INFO  Test worker     d.u.i.k.n.KeyIO           MODE: declarations took 0 ms 
334649     INFO  Test worker     d.u.i.k.n.KeyIO           Parsing took 1 ms 
334649     INFO  Test worker     d.u.i.k.n.KeyIO           MODE: declarations took 0 ms 
334650     INFO  Test worker     d.u.i.k.n.KeyIO           Parsing took 0 ms 
334651     INFO  Test worker     d.u.i.k.n.KeyIO           MODE: declarations took 0 ms 
334652     INFO  Test worker     d.u.i.k.n.KeyIO           Parsing took 0 ms 
334653     INFO  Test worker     d.u.i.k.n.KeyIO           MODE: declarations took 0 ms 
334654     INFO  Test worker     d.u.i.k.n.KeyIO           Parsing took 0 ms 
334654     INFO  Test worker     d.u.i.k.n.KeyIO           MODE: declarations took 0 ms 
334662     INFO  Test worker     d.u.i.k.n.KeyIO           Parsing took 0 ms 
334662     INFO  Test worker     d.u.i.k.n.KeyIO           MODE: declarations took 0 ms 
334663     INFO  Test worker     d.u.i.k.n.KeyIO           Parsing took 0 ms 
334664     INFO  Test worker     d.u.i.k.n.KeyIO           MODE: declarations took 1 ms 
334665     INFO  Test worker     d.u.i.k.n.KeyIO           Parsing took 0 ms 
334666     INFO  Test worker     d.u.i.k.n.KeyIO           MODE: declarations took 0 ms 
334668     INFO  Test worker     d.u.i.k.n.KeyIO           Parsing took 1 ms 
334668     INFO  Test worker     d.u.i.k.n.KeyIO           MODE: declarations took 0 ms 
334680     INFO  Test worker     d.u.i.k.n.KeyIO           Parsing took 0 ms 
334682     INFO  Test worker     d.u.i.k.n.KeyIO           MODE: declarations took 0 ms 
334684     INFO  Test worker     d.u.i.k.n.KeyIO           Parsing took 0 ms 
334685     INFO  Test worker     d.u.i.k.n.KeyIO           MODE: declarations took 0 ms 
334689     INFO  Test worker     d.u.i.k.n.KeyIO           Parsing took 0 ms 
334689     INFO  Test worker     d.u.i.k.n.KeyIO           MODE: declarations took 0 ms 
334690     INFO  Test worker     d.u.i.k.n.KeyIO           Parsing took 0 ms 
334690     INFO  Test worker     d.u.i.k.n.KeyIO           MODE: declarations took 0 ms 
334698     INFO  Test worker     d.u.i.k.n.KeyIO           Parsing took 0 ms 
334698     INFO  Test worker     d.u.i.k.n.KeyIO           MODE: declarations took 0 ms 
334700     INFO  Test worker     d.u.i.k.n.KeyIO           Parsing took 1 ms 
334700     INFO  Test worker     d.u.i.k.n.KeyIO           MODE: declarations took 0 ms 
334701     INFO  Test worker     d.u.i.k.n.KeyIO           Parsing took 0 ms 
334702     INFO  Test worker     d.u.i.k.n.KeyIO           MODE: declarations took 0 ms 
334708     INFO  Test worker     d.u.i.k.n.KeyIO           Parsing took 0 ms 
334714     INFO  Test worker     d.u.i.k.n.KeyIO           MODE: declarations took 0 ms 
334715     INFO  Test worker     d.u.i.k.n.KeyIO           Parsing took 0 ms 
334715     INFO  Test worker     d.u.i.k.n.KeyIO           MODE: declarations took 0 ms 
334719     INFO  Test worker     d.u.i.k.n.KeyIO           Parsing took 1 ms 
334719     INFO  Test worker     d.u.i.k.n.KeyIO           MODE: declarations took 0 ms 
334720     INFO  Test worker     d.u.i.k.n.KeyIO           Parsing took 0 ms 
334721     INFO  Test worker     d.u.i.k.n.KeyIO           MODE: declarations took 0 ms 
334726     INFO  Test worker     d.u.i.k.n.KeyIO           Parsing took 0 ms 
334727     INFO  Test worker     d.u.i.k.n.KeyIO           MODE: declarations took 1 ms 
334730     INFO  Test worker     d.u.i.k.n.KeyIO           Parsing took 0 ms 
334733     INFO  Test worker     d.u.i.k.n.KeyIO           MODE: declarations took 0 ms 
334734     INFO  Test worker     d.u.i.k.n.KeyIO           Parsing took 0 ms 
334735     INFO  Test worker     d.u.i.k.n.KeyIO           MODE: declarations took 0 ms 
334736     INFO  Test worker     d.u.i.k.n.KeyIO           Parsing took 0 ms 
334742     INFO  Test worker     d.u.i.k.n.KeyIO           MODE: declarations took 0 ms 
]]></system-out>
  <system-err><![CDATA[]]></system-err>
</testsuite>
