<?xml version="1.0" encoding="UTF-8"?>
<testsuite name="de.uka.ilkd.key.taclettranslation.TestTacletTranslator" tests="5" skipped="0" failures="0" errors="0" timestamp="2023-04-06T23:15:45" hostname="fv-az193-875" time="0.008">
  <properties/>
  <testcase name="testPropositional1()" classname="de.uka.ilkd.key.taclettranslation.TestTacletTranslator" time="0.003"/>
  <testcase name="testPropositional2()" classname="de.uka.ilkd.key.taclettranslation.TestTacletTranslator" time="0.001"/>
  <testcase name="testNegativePolarity()" classname="de.uka.ilkd.key.taclettranslation.TestTacletTranslator" time="0.001"/>
  <testcase name="testNoPolarity()" classname="de.uka.ilkd.key.taclettranslation.TestTacletTranslator" time="0.001"/>
  <testcase name="testPositivePolarity()" classname="de.uka.ilkd.key.taclettranslation.TestTacletTranslator" time="0.001"/>
  <system-out><![CDATA[899272     INFO  Test worker     d.u.i.k.n.KeyIO           Parsing took 0 ms 
899272     INFO  Test worker     d.u.i.k.n.KeyIO           MODE: declarations took 0 ms 
899275     INFO  Test worker     d.u.i.k.n.KeyIO           Parsing took 0 ms 
899275     INFO  Test worker     d.u.i.k.n.KeyIO           MODE: declarations took 0 ms 
899276     INFO  Test worker     d.u.i.k.n.KeyIO           Parsing took 0 ms 
899277     INFO  Test worker     d.u.i.k.n.KeyIO           MODE: declarations took 1 ms 
899278     INFO  Test worker     d.u.i.k.n.KeyIO           Parsing took 0 ms 
899278     INFO  Test worker     d.u.i.k.n.KeyIO           MODE: declarations took 0 ms 
899279     INFO  Test worker     d.u.i.k.n.KeyIO           Parsing took 0 ms 
899279     INFO  Test worker     d.u.i.k.n.KeyIO           MODE: declarations took 0 ms 
]]></system-out>
  <system-err><![CDATA[]]></system-err>
</testsuite>
