<?xml version="1.0" encoding="UTF-8"?>
<testsuite name="de.uka.ilkd.key.rule.merge.PredicateAbstractionLatticeTests" tests="3" skipped="0" failures="0" errors="0" timestamp="2023-04-20T14:15:12" hostname="fv-az206-437" time="6.711">
  <properties/>
  <testcase name="testToAndFromString()" classname="de.uka.ilkd.key.rule.merge.PredicateAbstractionLatticeTests" time="3.358"/>
  <testcase name="testCreateSignLatticeWithPredicates()" classname="de.uka.ilkd.key.rule.merge.PredicateAbstractionLatticeTests" time="3.353"/>
  <testcase name="testTrivialPredicatesLattice()" classname="de.uka.ilkd.key.rule.merge.PredicateAbstractionLatticeTests" time="0.0"/>
  <system-out><![CDATA[566948     INFO  Test worker     d.u.i.k.p.i.AbstractProblemLoader Loading environment from src\test\resources\testcase\merge\dummy.key 
566948     DEBUG Test worker     d.u.i.k.p.i.AbstractProblemLoader Environment load took 402.4ns 
566948     INFO  Test worker     d.u.i.k.p.i.AbstractProblemLoader Creating init config 
570254     DEBUG Test worker     d.u.i.k.p.i.AbstractProblemLoader Init config took 3.31s 
570270     INFO  Test worker     d.u.i.k.p.i.AbstractProblemLoader Replaying proof dummy.key 
570285     DEBUG Test worker     d.u.i.k.p.i.IntermediateProofReplayer Proof replay took 10.7ns 
570301     INFO  Test worker     d.u.i.k.p.i.AbstractProblemLoader Loading environment from src\test\resources\testcase\merge\dummy.key 
570301     DEBUG Test worker     d.u.i.k.p.i.AbstractProblemLoader Environment load took 149.9ns 
570301     INFO  Test worker     d.u.i.k.p.i.AbstractProblemLoader Creating init config 
573623     DEBUG Test worker     d.u.i.k.p.i.AbstractProblemLoader Init config took 3.33s 
573654     INFO  Test worker     d.u.i.k.p.i.AbstractProblemLoader Replaying proof dummy.key 
573654     DEBUG Test worker     d.u.i.k.p.i.IntermediateProofReplayer Proof replay took 9.3ns 
]]></system-out>
  <system-err><![CDATA[]]></system-err>
</testsuite>
