<?xml version="1.0" encoding="UTF-8"?>
<testsuite name="de.uka.ilkd.key.parser.TestTermParserSorts" tests="2" skipped="0" failures="0" errors="0" timestamp="2023-04-20T14:14:00" hostname="fv-az206-437" time="3.584">
  <properties/>
  <testcase name="testParseIntegerArgs()" classname="de.uka.ilkd.key.parser.TestTermParserSorts" time="0.025"/>
  <testcase name="testParseSequencePrettySyntax()" classname="de.uka.ilkd.key.parser.TestTermParserSorts" time="0.003"/>
  <system-out><![CDATA[494626     INFO  Test worker     d.u.i.k.n.KeyIO           Parsing took 0 ms 
494626     DEBUG Test worker     d.u.i.k.n.KeyIO           Load declarations of de.uka.ilkd.key.nparser.KeyAst$File:  <unknown>:1#1 
494626     INFO  Test worker     d.u.i.k.n.KeyIO           MODE: declarations took 0 ms 
494626     DEBUG Test worker     d.u.i.k.n.KeyIO           MODE: 2nd degree decls took 0 
494626     INFO  Test worker     d.u.i.k.n.KeyIO           Parsing took 0 ms 
494626     DEBUG Test worker     d.u.i.k.n.KeyIO           Load declarations of de.uka.ilkd.key.nparser.KeyAst$File:  <unknown>:1#1 
494626     INFO  Test worker     d.u.i.k.n.KeyIO           MODE: declarations took 0 ms 
494626     DEBUG Test worker     d.u.i.k.n.KeyIO           MODE: 2nd degree decls took 0 
494626     INFO  Test worker     d.u.i.k.n.KeyIO           Parsing took 0 ms 
494626     DEBUG Test worker     d.u.i.k.n.KeyIO           Load declarations of de.uka.ilkd.key.nparser.KeyAst$File:  <unknown>:1#1 
494626     INFO  Test worker     d.u.i.k.n.KeyIO           MODE: declarations took 0 ms 
494626     DEBUG Test worker     d.u.i.k.n.KeyIO           MODE: 2nd degree decls took 0 
498207     INFO  Test worker     d.u.i.k.n.KeyIO           Parsing took 0 ms 
498207     DEBUG Test worker     d.u.i.k.n.KeyIO           Load declarations of de.uka.ilkd.key.nparser.KeyAst$File:  <unknown>:1#1 
498207     INFO  Test worker     d.u.i.k.n.KeyIO           MODE: declarations took 0 ms 
498207     DEBUG Test worker     d.u.i.k.n.KeyIO           MODE: 2nd degree decls took 0 
498207     INFO  Test worker     d.u.i.k.n.KeyIO           Parsing took 0 ms 
498207     DEBUG Test worker     d.u.i.k.n.KeyIO           Load declarations of de.uka.ilkd.key.nparser.KeyAst$File:  <unknown>:1#1 
498207     INFO  Test worker     d.u.i.k.n.KeyIO           MODE: declarations took 0 ms 
498207     DEBUG Test worker     d.u.i.k.n.KeyIO           MODE: 2nd degree decls took 0 
498207     INFO  Test worker     d.u.i.k.n.KeyIO           Parsing took 0 ms 
498207     DEBUG Test worker     d.u.i.k.n.KeyIO           Load declarations of de.uka.ilkd.key.nparser.KeyAst$File:  <unknown>:1#1 
498207     INFO  Test worker     d.u.i.k.n.KeyIO           MODE: declarations took 0 ms 
498207     DEBUG Test worker     d.u.i.k.n.KeyIO           MODE: 2nd degree decls took 0 
]]></system-out>
  <system-err><![CDATA[]]></system-err>
</testsuite>
