<?xml version="1.0" encoding="UTF-8"?>
<testsuite name="de.uka.ilkd.key.parser.TestDeclParser" tests="14" skipped="2" failures="0" errors="0" timestamp="2023-04-20T14:09:51" hostname="fv-az206-437" time="12.756">
  <properties/>
  <testcase name="testGenericSortDecl1()" classname="de.uka.ilkd.key.parser.TestDeclParser" time="1.156"/>
  <testcase name="testGenericSortDecl2()" classname="de.uka.ilkd.key.parser.TestDeclParser" time="1.073"/>
  <testcase name="testGenericSortDecl3()" classname="de.uka.ilkd.key.parser.TestDeclParser" time="1.043"/>
  <testcase name="testGenericSortDecl4()" classname="de.uka.ilkd.key.parser.TestDeclParser" time="1.075"/>
  <testcase name="testGenericSortDecl5()" classname="de.uka.ilkd.key.parser.TestDeclParser" time="0.0">
    <skipped/>
  </testcase>
  <testcase name="testGenericSortDecl6()" classname="de.uka.ilkd.key.parser.TestDeclParser" time="1.038"/>
  <testcase name="testSortDecl()" classname="de.uka.ilkd.key.parser.TestDeclParser" time="1.041"/>
  <testcase name="testProxySortDecl()" classname="de.uka.ilkd.key.parser.TestDeclParser" time="1.063"/>
  <testcase name="testArrayDecl()" classname="de.uka.ilkd.key.parser.TestDeclParser" time="1.059"/>
  <testcase name="testAmbiguousDecls()" classname="de.uka.ilkd.key.parser.TestDeclParser" time="0.001">
    <skipped/>
  </testcase>
  <testcase name="testHeurDecl()" classname="de.uka.ilkd.key.parser.TestDeclParser" time="1.049"/>
  <testcase name="testFunctionDecl()" classname="de.uka.ilkd.key.parser.TestDeclParser" time="1.04"/>
  <testcase name="testPredicateDecl()" classname="de.uka.ilkd.key.parser.TestDeclParser" time="1.057"/>
  <testcase name="testSVDecl()" classname="de.uka.ilkd.key.parser.TestDeclParser" time="1.024"/>
  <system-out><![CDATA[246377     INFO  Test worker     d.u.i.k.n.KeyIO           Parsing took 0 ms 
246377     DEBUG Test worker     d.u.i.k.n.KeyIO           Load declarations of de.uka.ilkd.key.nparser.KeyAst$File:  <unknown>:1#1 
246377     INFO  Test worker     d.u.i.k.n.KeyIO           MODE: declarations took 0 ms 
246377     DEBUG Test worker     d.u.i.k.n.KeyIO           MODE: 2nd degree decls took 0 
246377     DEBUG Test worker     d.u.i.k.n.KeyIO           MODE: taclets took 0ms 
247448     INFO  Test worker     d.u.i.k.n.KeyIO           Parsing took 0 ms 
247448     DEBUG Test worker     d.u.i.k.n.KeyIO           Load declarations of de.uka.ilkd.key.nparser.KeyAst$File:  <unknown>:1#1 
247448     INFO  Test worker     d.u.i.k.n.KeyIO           MODE: declarations took 0 ms 
247448     DEBUG Test worker     d.u.i.k.n.KeyIO           MODE: 2nd degree decls took 0 
247448     DEBUG Test worker     d.u.i.k.n.KeyIO           MODE: taclets took 0ms 
248491     INFO  Test worker     d.u.i.k.n.KeyIO           Parsing took 0 ms 
248491     DEBUG Test worker     d.u.i.k.n.KeyIO           Load declarations of de.uka.ilkd.key.nparser.KeyAst$File:  <unknown>:1#1 
248491     INFO  Test worker     d.u.i.k.n.KeyIO           MODE: declarations took 0 ms 
248491     DEBUG Test worker     d.u.i.k.n.KeyIO           MODE: 2nd degree decls took 0 
248491     DEBUG Test worker     d.u.i.k.n.KeyIO           MODE: taclets took 0ms 
249570     INFO  Test worker     d.u.i.k.n.KeyIO           Parsing took 0 ms 
249570     DEBUG Test worker     d.u.i.k.n.KeyIO           Load declarations of de.uka.ilkd.key.nparser.KeyAst$File:  <unknown>:1#1 
249570     INFO  Test worker     d.u.i.k.n.KeyIO           MODE: declarations took 0 ms 
249570     DEBUG Test worker     d.u.i.k.n.KeyIO           MODE: 2nd degree decls took 0 
249570     DEBUG Test worker     d.u.i.k.n.KeyIO           MODE: taclets took 0ms 
250611     INFO  Test worker     d.u.i.k.n.KeyIO           Parsing took 0 ms 
250611     DEBUG Test worker     d.u.i.k.n.KeyIO           Load declarations of de.uka.ilkd.key.nparser.KeyAst$File:  <unknown>:1#1 
250611     INFO  Test worker     d.u.i.k.n.KeyIO           MODE: declarations took 0 ms 
250611     DEBUG Test worker     d.u.i.k.n.KeyIO           MODE: 2nd degree decls took 0 
250611     DEBUG Test worker     d.u.i.k.n.KeyIO           MODE: taclets took 0ms 
251653     INFO  Test worker     d.u.i.k.n.KeyIO           Parsing took 0 ms 
251653     DEBUG Test worker     d.u.i.k.n.KeyIO           Load declarations of de.uka.ilkd.key.nparser.KeyAst$File:  <unknown>:1#1 
251653     INFO  Test worker     d.u.i.k.n.KeyIO           MODE: declarations took 0 ms 
251653     DEBUG Test worker     d.u.i.k.n.KeyIO           MODE: 2nd degree decls took 0 
251653     DEBUG Test worker     d.u.i.k.n.KeyIO           MODE: taclets took 0ms 
252724     INFO  Test worker     d.u.i.k.n.KeyIO           Parsing took 0 ms 
252724     DEBUG Test worker     d.u.i.k.n.KeyIO           Load declarations of de.uka.ilkd.key.nparser.KeyAst$File:  <unknown>:1#1 
252724     INFO  Test worker     d.u.i.k.n.KeyIO           MODE: declarations took 0 ms 
252724     DEBUG Test worker     d.u.i.k.n.KeyIO           MODE: 2nd degree decls took 0 
252724     DEBUG Test worker     d.u.i.k.n.KeyIO           MODE: taclets took 0ms 
253791     INFO  Test worker     d.u.i.k.n.KeyIO           Parsing took 0 ms 
253791     DEBUG Test worker     d.u.i.k.n.KeyIO           Load declarations of de.uka.ilkd.key.nparser.KeyAst$File:  <unknown>:1#1 
253791     INFO  Test worker     d.u.i.k.n.KeyIO           MODE: declarations took 0 ms 
253791     DEBUG Test worker     d.u.i.k.n.KeyIO           MODE: 2nd degree decls took 0 
253791     DEBUG Test worker     d.u.i.k.n.KeyIO           MODE: taclets took 0ms 
254841     INFO  Test worker     d.u.i.k.n.KeyIO           Parsing took 0 ms 
254841     DEBUG Test worker     d.u.i.k.n.KeyIO           Load declarations of de.uka.ilkd.key.nparser.KeyAst$File:  <unknown>:1#1 
254841     INFO  Test worker     d.u.i.k.n.KeyIO           MODE: declarations took 0 ms 
254841     DEBUG Test worker     d.u.i.k.n.KeyIO           MODE: 2nd degree decls took 0 
254841     DEBUG Test worker     d.u.i.k.n.KeyIO           MODE: taclets took 0ms 
255889     INFO  Test worker     d.u.i.k.n.KeyIO           Parsing took 0 ms 
255889     DEBUG Test worker     d.u.i.k.n.KeyIO           Load declarations of de.uka.ilkd.key.nparser.KeyAst$File:  <unknown>:1#1 
255889     INFO  Test worker     d.u.i.k.n.KeyIO           MODE: declarations took 0 ms 
255889     DEBUG Test worker     d.u.i.k.n.KeyIO           MODE: 2nd degree decls took 0 
255889     DEBUG Test worker     d.u.i.k.n.KeyIO           MODE: taclets took 0ms 
256941     INFO  Test worker     d.u.i.k.n.KeyIO           Parsing took 0 ms 
256941     DEBUG Test worker     d.u.i.k.n.KeyIO           Load declarations of de.uka.ilkd.key.nparser.KeyAst$File:  <unknown>:1#1 
256956     INFO  Test worker     d.u.i.k.n.KeyIO           MODE: declarations took 15 ms 
256956     DEBUG Test worker     d.u.i.k.n.KeyIO           MODE: 2nd degree decls took 0 
256956     DEBUG Test worker     d.u.i.k.n.KeyIO           MODE: taclets took 0ms 
257978     INFO  Test worker     d.u.i.k.n.KeyIO           Parsing took 0 ms 
257978     DEBUG Test worker     d.u.i.k.n.KeyIO           Load declarations of de.uka.ilkd.key.nparser.KeyAst$File:  <unknown>:1#1 
257978     INFO  Test worker     d.u.i.k.n.KeyIO           MODE: declarations took 0 ms 
257978     DEBUG Test worker     d.u.i.k.n.KeyIO           MODE: 2nd degree decls took 0 
257978     DEBUG Test worker     d.u.i.k.n.KeyIO           MODE: taclets took 0ms 
]]></system-out>
  <system-err><![CDATA[]]></system-err>
</testsuite>
