<?xml version="1.0" encoding="UTF-8"?>
<testsuite name="de.uka.ilkd.key.proof.TestOneStepSimplifier" tests="1" skipped="0" failures="0" errors="0" timestamp="2023-04-20T14:14:04" hostname="fv-az206-437" time="4.697">
  <properties/>
  <testcase name="loadWithRestriction()" classname="de.uka.ilkd.key.proof.TestOneStepSimplifier" time="4.697"/>
  <system-out><![CDATA[498270     INFO  Test worker     d.u.i.k.p.i.AbstractProblemLoader Loading environment from src\test\resources\testcase\ossRestriction.proof 
498270     DEBUG Test worker     d.u.i.k.p.i.AbstractProblemLoader Environment load took 182.8ns 
498270     INFO  Test worker     d.u.i.k.p.i.AbstractProblemLoader Creating init config 
498458     DEBUG Test worker     d.u.i.k.j.TypeConverter   No LDT found for Meta 
498458     DEBUG Test worker     d.u.i.k.j.TypeConverter   No LDT found for Meta 
498458     DEBUG Test worker     d.u.i.k.j.TypeConverter   No LDT found for Meta 
498458     DEBUG Test worker     d.u.i.k.j.TypeConverter   No LDT found for Meta 
499099     DEBUG Test worker     d.u.i.k.j.TypeConverter   No LDT found for JavaBigintExpression 
502937     DEBUG Test worker     d.u.i.k.p.i.AbstractProblemLoader Init config took 4.66s 
502968     INFO  Test worker     d.u.i.k.p.i.AbstractProblemLoader Replaying proof ossRestriction.proof 
502968     DEBUG Test worker     d.u.i.k.p.i.IntermediateProofReplayer Proof replay took 4.53ms 
]]></system-out>
  <system-err><![CDATA[]]></system-err>
</testsuite>
