<?xml version="1.0" encoding="UTF-8"?>
<testsuite name="de.uka.ilkd.key.util.TestProofStarter" tests="2" skipped="0" failures="0" errors="0" timestamp="2023-04-20T14:20:37" hostname="fv-az206-437" time="76.095">
  <properties/>
  <testcase name="testDirectProofWithOneStepSimplification()" classname="de.uka.ilkd.key.util.TestProofStarter" time="42.432"/>
  <testcase name="testDirectProof()" classname="de.uka.ilkd.key.util.TestProofStarter" time="33.663"/>
  <system-out><![CDATA[891941     INFO  Test worker     d.u.i.k.p.i.AbstractProblemLoader Loading environment from src\test\resources\testcase\proofStarter\CC\project.key 
891941     DEBUG Test worker     d.u.i.k.p.i.AbstractProblemLoader Environment load took 493.8ns 
891956     INFO  Test worker     d.u.i.k.p.i.AbstractProblemLoader Creating init config 
892159     DEBUG Test worker     d.u.i.k.j.TypeConverter   No LDT found for Meta 
892159     DEBUG Test worker     d.u.i.k.j.TypeConverter   No LDT found for Meta 
892159     DEBUG Test worker     d.u.i.k.j.TypeConverter   No LDT found for Meta 
892159     DEBUG Test worker     d.u.i.k.j.TypeConverter   No LDT found for Meta 
893082     DEBUG Test worker     d.u.i.k.j.TypeConverter   No LDT found for JavaBigintExpression 
898271     DEBUG Test worker     d.u.i.k.p.i.AbstractProblemLoader Init config took 6.32s 
898365     INFO  Test worker     d.u.i.k.p.i.AbstractProblemLoader Replaying proof CC[CC::calcCoinIndex([I,[I)].JML normal_behavior operation contract.0 
898365     DEBUG Test worker     d.u.i.k.p.i.IntermediateProofReplayer Proof replay took 11.5ns 
898406     DEBUG Test worker     d.u.i.k.j.JavaProgramElement Program match failed (pattern true;, source null;) 
898406     DEBUG Test worker     d.u.i.k.j.JavaProgramElement Program match failed (pattern false;, source null;) 
898406     DEBUG Test worker     d.u.i.k.j.JavaProgramElement Program match failed (pattern true;, source null;) 
898406     DEBUG Test worker     d.u.i.k.j.JavaProgramElement Program match failed (pattern false;, source null;) 
898437     DEBUG Test worker     d.u.i.k.j.JavaProgramElement Program match failed (pattern true;, source null;) 
898437     DEBUG Test worker     d.u.i.k.j.JavaProgramElement Program match failed (pattern false;, source null;) 
898437     DEBUG Test worker     d.u.i.k.j.JavaProgramElement Program match failed (pattern true;, source null;) 
898437     DEBUG Test worker     d.u.i.k.j.JavaProgramElement Program match failed (pattern false;, source null;) 
898437     DEBUG Test worker     d.u.i.k.j.JavaProgramElement Program match failed (pattern true;, source null;) 
898437     DEBUG Test worker     d.u.i.k.j.JavaProgramElement Program match failed (pattern false;, source null;) 
898437     DEBUG Test worker     d.u.i.k.j.JavaProgramElement Program match failed (pattern true;, source null;) 
898437     DEBUG Test worker     d.u.i.k.j.JavaProgramElement Program match failed (pattern false;, source null;) 
898468     DEBUG Test worker     d.u.i.k.j.JavaProgramElement Program match failed (pattern true;, source null;) 
898468     DEBUG Test worker     d.u.i.k.j.JavaProgramElement Program match failed (pattern false;, source null;) 
898468     DEBUG Test worker     d.u.i.k.j.JavaProgramElement Program match failed (pattern true;, source null;) 
898468     DEBUG Test worker     d.u.i.k.j.JavaProgramElement Program match failed (pattern false;, source null;) 
898484     DEBUG Test worker     d.u.i.k.j.JavaProgramElement Program match failed (pattern true;, source null;) 
898484     DEBUG Test worker     d.u.i.k.j.JavaProgramElement Program match failed (pattern false;, source null;) 
898484     DEBUG Test worker     d.u.i.k.j.JavaProgramElement Program match failed (pattern true;, source null;) 
898484     DEBUG Test worker     d.u.i.k.j.JavaProgramElement Program match failed (pattern false;, source null;) 
898484     DEBUG Test worker     d.u.i.k.j.JavaProgramElement Program match failed (pattern true;, source null;) 
898484     DEBUG Test worker     d.u.i.k.j.JavaProgramElement Program match failed (pattern false;, source null;) 
898484     DEBUG Test worker     d.u.i.k.j.JavaProgramElement Program match failed (pattern true;, source null;) 
898484     DEBUG Test worker     d.u.i.k.j.JavaProgramElement Program match failed (pattern false;, source null;) 
898515     DEBUG Test worker     d.u.i.k.j.JavaProgramElement Program match failed (pattern true;, source null;) 
898515     DEBUG Test worker     d.u.i.k.j.JavaProgramElement Program match failed (pattern false;, source null;) 
898515     DEBUG Test worker     d.u.i.k.j.JavaProgramElement Program match failed (pattern true;, source null;) 
898515     DEBUG Test worker     d.u.i.k.j.JavaProgramElement Program match failed (pattern false;, source null;) 
898515     DEBUG Test worker     d.u.i.k.j.JavaProgramElement Program match failed (pattern true;, source null;) 
898515     DEBUG Test worker     d.u.i.k.j.JavaProgramElement Program match failed (pattern false;, source null;) 
898515     DEBUG Test worker     d.u.i.k.j.JavaProgramElement Program match failed (pattern true;, source null;) 
898515     DEBUG Test worker     d.u.i.k.j.JavaProgramElement Program match failed (pattern false;, source null;) 
898515     DEBUG Test worker     d.u.i.k.j.JavaProgramElement Program match failed (pattern true;, source null;) 
898515     DEBUG Test worker     d.u.i.k.j.JavaProgramElement Program match failed (pattern false;, source null;) 
898515     DEBUG Test worker     d.u.i.k.j.JavaProgramElement Program match failed (pattern true;, source null;) 
898515     DEBUG Test worker     d.u.i.k.j.JavaProgramElement Program match failed (pattern false;, source null;) 
898731     DEBUG Test worker     d.u.i.k.j.JavaProgramElement Program match failed (pattern true;, source 0) 
898731     DEBUG Test worker     d.u.i.k.j.JavaProgramElement Program match failed (pattern false;, source 0) 
898731     DEBUG Test worker     d.u.i.k.j.JavaProgramElement Program match failed (pattern true;, source 0) 
898731     DEBUG Test worker     d.u.i.k.j.JavaProgramElement Program match failed (pattern false;, source 0) 
898747     DEBUG Test worker     d.u.i.k.j.JavaProgramElement Program match failed (pattern true;, source 0) 
898747     DEBUG Test worker     d.u.i.k.j.JavaProgramElement Program match failed (pattern false;, source 0) 
898747     DEBUG Test worker     d.u.i.k.j.JavaProgramElement Program match failed (pattern true;, source 0) 
898747     DEBUG Test worker     d.u.i.k.j.JavaProgramElement Program match failed (pattern false;, source 0) 
898763     DEBUG Test worker     d.u.i.k.j.JavaProgramElement Program match failed (pattern true;, source 0) 
898763     DEBUG Test worker     d.u.i.k.j.JavaProgramElement Program match failed (pattern false;, source 0) 
898763     DEBUG Test worker     d.u.i.k.j.JavaProgramElement Program match failed (pattern true;, source 0) 
898763     DEBUG Test worker     d.u.i.k.j.JavaProgramElement Program match failed (pattern false;, source 0) 
898919     DEBUG Test worker     d.u.i.k.j.JavaProgramElement Program match failed (pattern true;, source i < _a.length && j < _b.length;) 
898919     DEBUG Test worker     d.u.i.k.j.JavaProgramElement Program match failed (pattern false;, source i < _a.length && j < _b.length;) 
898919     DEBUG Test worker     d.u.i.k.j.JavaProgramElement Program match failed (pattern true;, source i < _a.length && j < _b.length;) 
898919     DEBUG Test worker     d.u.i.k.j.JavaProgramElement Program match failed (pattern false;, source i < _a.length && j < _b.length;) 
899091     DEBUG Test worker     d.u.i.k.j.JavaProgramElement Program match failed (pattern true;, source !i < _a.length;) 
899091     DEBUG Test worker     d.u.i.k.j.JavaProgramElement Program match failed (pattern false;, source !i < _a.length;) 
899091     DEBUG Test worker     d.u.i.k.j.JavaProgramElement Program match failed (pattern true;, source !i < _a.length;) 
899091     DEBUG Test worker     d.u.i.k.j.JavaProgramElement Program match failed (pattern false;, source !i < _a.length;) 
899107     DEBUG Test worker     d.u.i.k.j.JavaProgramElement Program match failed (pattern true;, source i < _a.length;) 
899107     DEBUG Test worker     d.u.i.k.j.JavaProgramElement Program match failed (pattern false;, source i < _a.length;) 
899107     DEBUG Test worker     d.u.i.k.j.JavaProgramElement Program match failed (pattern true;, source i < _a.length;) 
899107     DEBUG Test worker     d.u.i.k.j.JavaProgramElement Program match failed (pattern false;, source i < _a.length;) 
899107     DEBUG Test worker     d.u.i.k.j.JavaProgramElement Program match failed (pattern true;, source i) 
899107     DEBUG Test worker     d.u.i.k.j.JavaProgramElement Program match failed (pattern false;, source i) 
899107     DEBUG Test worker     d.u.i.k.j.JavaProgramElement Program match failed (pattern true;, source i) 
899107     DEBUG Test worker     d.u.i.k.j.JavaProgramElement Program match failed (pattern false;, source i) 
899122     DEBUG Test worker     d.u.i.k.j.JavaProgramElement Program match failed (pattern true;, source _a.length;) 
899122     DEBUG Test worker     d.u.i.k.j.JavaProgramElement Program match failed (pattern false;, source _a.length;) 
899122     DEBUG Test worker     d.u.i.k.j.JavaProgramElement Program match failed (pattern true;, source _a.length;) 
899122     DEBUG Test worker     d.u.i.k.j.JavaProgramElement Program match failed (pattern false;, source _a.length;) 
899122     DEBUG Test worker     d.u.i.k.j.JavaProgramElement Program match failed (pattern true;, source i_1 < i_2;) 
899122     DEBUG Test worker     d.u.i.k.j.JavaProgramElement Program match failed (pattern false;, source i_1 < i_2;) 
899122     DEBUG Test worker     d.u.i.k.j.JavaProgramElement Program match failed (pattern true;, source i_1 < i_2;) 
899122     DEBUG Test worker     d.u.i.k.j.JavaProgramElement Program match failed (pattern false;, source i_1 < i_2;) 
899138     DEBUG Test worker     d.u.i.k.j.JavaProgramElement Program match failed (pattern true;, source i_1 < i_2;) 
899138     DEBUG Test worker     d.u.i.k.j.JavaProgramElement Program match failed (pattern false;, source i_1 < i_2;) 
899138     DEBUG Test worker     d.u.i.k.j.JavaProgramElement Program match failed (pattern true;, source i_1 < i_2;) 
899138     DEBUG Test worker     d.u.i.k.j.JavaProgramElement Program match failed (pattern false;, source i_1 < i_2;) 
899138     DEBUG Test worker     d.u.i.k.j.JavaProgramElement Program match failed (pattern true;, source !b_2;) 
899138     DEBUG Test worker     d.u.i.k.j.JavaProgramElement Program match failed (pattern false;, source !b_2;) 
899138     DEBUG Test worker     d.u.i.k.j.JavaProgramElement Program match failed (pattern true;, source !b_2;) 
899138     DEBUG Test worker     d.u.i.k.j.JavaProgramElement Program match failed (pattern false;, source !b_2;) 
899154     DEBUG Test worker     d.u.i.k.j.JavaProgramElement Program match failed (pattern true;, source !b_2;) 
899154     DEBUG Test worker     d.u.i.k.j.JavaProgramElement Program match failed (pattern false;, source !b_2;) 
899154     DEBUG Test worker     d.u.i.k.j.JavaProgramElement Program match failed (pattern true;, source !b_2;) 
899154     DEBUG Test worker     d.u.i.k.j.JavaProgramElement Program match failed (pattern false;, source !b_2;) 
899154     DEBUG Test worker     d.u.i.k.j.JavaProgramElement Program match failed (pattern true;, source !b_2;) 
899154     DEBUG Test worker     d.u.i.k.j.JavaProgramElement Program match failed (pattern false;, source !b_2;) 
899154     DEBUG Test worker     d.u.i.k.j.JavaProgramElement Program match failed (pattern true;, source !b_2;) 
899154     DEBUG Test worker     d.u.i.k.j.JavaProgramElement Program match failed (pattern false;, source !b_2;) 
899154     DEBUG Test worker     d.u.i.k.j.JavaProgramElement Program match failed (pattern true;, source !b_2;) 
899154     DEBUG Test worker     d.u.i.k.j.JavaProgramElement Program match failed (pattern false;, source !b_2;) 
899154     DEBUG Test worker     d.u.i.k.j.JavaProgramElement Program match failed (pattern true;, source !b_2;) 
899154     DEBUG Test worker     d.u.i.k.j.JavaProgramElement Program match failed (pattern false;, source !b_2;) 
899154     DEBUG Test worker     d.u.i.k.j.JavaProgramElement Program match failed (pattern true;, source !b_2;) 
899154     DEBUG Test worker     d.u.i.k.j.JavaProgramElement Program match failed (pattern false;, source !b_2;) 
899154     DEBUG Test worker     d.u.i.k.j.JavaProgramElement Program match failed (pattern true;, source !b_2;) 
899154     DEBUG Test worker     d.u.i.k.j.JavaProgramElement Program match failed (pattern false;, source !b_2;) 
899154     DEBUG Test worker     d.u.i.k.j.JavaProgramElement Program match failed (pattern true;, source !b_2;) 
899154     DEBUG Test worker     d.u.i.k.j.JavaProgramElement Program match failed (pattern false;, source !b_2;) 
899154     DEBUG Test worker     d.u.i.k.j.JavaProgramElement Program match failed (pattern true;, source !b_2;) 
899154     DEBUG Test worker     d.u.i.k.j.JavaProgramElement Program match failed (pattern false;, source !b_2;) 
899169     DEBUG Test worker     d.u.i.k.j.JavaProgramElement Program match failed (pattern true;, source !b_2;) 
899169     DEBUG Test worker     d.u.i.k.j.JavaProgramElement Program match failed (pattern false;, source !b_2;) 
899169     DEBUG Test worker     d.u.i.k.j.JavaProgramElement Program match failed (pattern true;, source !b_2;) 
899169     DEBUG Test worker     d.u.i.k.j.JavaProgramElement Program match failed (pattern false;, source !b_2;) 
899169     DEBUG Test worker     d.u.i.k.j.JavaProgramElement Program match failed (pattern true;, source !b_2;) 
899169     DEBUG Test worker     d.u.i.k.j.JavaProgramElement Program match failed (pattern false;, source !b_2;) 
899169     DEBUG Test worker     d.u.i.k.j.JavaProgramElement Program match failed (pattern true;, source !b_2;) 
899169     DEBUG Test worker     d.u.i.k.j.JavaProgramElement Program match failed (pattern false;, source !b_2;) 
899185     DEBUG Test worker     d.u.i.k.j.JavaProgramElement Program match failed (pattern false;, source j < _b.length;) 
899185     DEBUG Test worker     d.u.i.k.j.JavaProgramElement Program match failed (pattern true;, source j < _b.length;) 
899185     DEBUG Test worker     d.u.i.k.j.JavaProgramElement Program match failed (pattern false;, source j < _b.length;) 
899185     DEBUG Test worker     d.u.i.k.j.JavaProgramElement Program match failed (pattern true;, source j < _b.length;) 
899185     DEBUG Test worker     d.u.i.k.j.JavaProgramElement Program match failed (pattern true;, source j < _b.length;) 
899185     DEBUG Test worker     d.u.i.k.j.JavaProgramElement Program match failed (pattern false;, source j < _b.length;) 
899185     DEBUG Test worker     d.u.i.k.j.JavaProgramElement Program match failed (pattern true;, source j < _b.length;) 
899185     DEBUG Test worker     d.u.i.k.j.JavaProgramElement Program match failed (pattern false;, source j < _b.length;) 
899185     DEBUG Test worker     d.u.i.k.j.JavaProgramElement Program match failed (pattern true;, source false;) 
899185     DEBUG Test worker     d.u.i.k.j.JavaProgramElement Program match failed (pattern true;, source false;) 
899200     DEBUG Test worker     d.u.i.k.j.JavaProgramElement Program match failed (pattern false;, source j < _b.length;) 
899200     DEBUG Test worker     d.u.i.k.j.JavaProgramElement Program match failed (pattern true;, source j < _b.length;) 
899200     DEBUG Test worker     d.u.i.k.j.JavaProgramElement Program match failed (pattern false;, source j < _b.length;) 
899200     DEBUG Test worker     d.u.i.k.j.JavaProgramElement Program match failed (pattern true;, source j < _b.length;) 
899200     DEBUG Test worker     d.u.i.k.j.JavaProgramElement Program match failed (pattern true;, source j < _b.length;) 
899200     DEBUG Test worker     d.u.i.k.j.JavaProgramElement Program match failed (pattern false;, source j < _b.length;) 
899200     DEBUG Test worker     d.u.i.k.j.JavaProgramElement Program match failed (pattern true;, source j < _b.length;) 
899200     DEBUG Test worker     d.u.i.k.j.JavaProgramElement Program match failed (pattern false;, source j < _b.length;) 
899240     DEBUG Test worker     d.u.i.k.j.JavaProgramElement Program match failed (pattern true;, source j) 
899240     DEBUG Test worker     d.u.i.k.j.JavaProgramElement Program match failed (pattern false;, source j) 
899240     DEBUG Test worker     d.u.i.k.j.JavaProgramElement Program match failed (pattern true;, source j) 
899240     DEBUG Test worker     d.u.i.k.j.JavaProgramElement Program match failed (pattern false;, source j) 
899258     DEBUG Test worker     d.u.i.k.j.JavaProgramElement Program match failed (pattern true;, source _b.length;) 
899258     DEBUG Test worker     d.u.i.k.j.JavaProgramElement Program match failed (pattern false;, source _b.length;) 
899258     DEBUG Test worker     d.u.i.k.j.JavaProgramElement Program match failed (pattern true;, source _b.length;) 
899258     DEBUG Test worker     d.u.i.k.j.JavaProgramElement Program match failed (pattern false;, source _b.length;) 
899258     DEBUG Test worker     d.u.i.k.j.JavaProgramElement Program match failed (pattern true;, source i_3 < i_4;) 
899258     DEBUG Test worker     d.u.i.k.j.JavaProgramElement Program match failed (pattern false;, source i_3 < i_4;) 
899258     DEBUG Test worker     d.u.i.k.j.JavaProgramElement Program match failed (pattern true;, source i_3 < i_4;) 
899258     DEBUG Test worker     d.u.i.k.j.JavaProgramElement Program match failed (pattern false;, source i_3 < i_4;) 
899273     DEBUG Test worker     d.u.i.k.j.JavaProgramElement Program match failed (pattern true;, source i_3 < i_4;) 
899273     DEBUG Test worker     d.u.i.k.j.JavaProgramElement Program match failed (pattern false;, source i_3 < i_4;) 
899273     DEBUG Test worker     d.u.i.k.j.JavaProgramElement Program match failed (pattern true;, source i_3 < i_4;) 
899273     DEBUG Test worker     d.u.i.k.j.JavaProgramElement Program match failed (pattern false;, source i_3 < i_4;) 
899336     DEBUG Test worker     d.u.i.k.j.JavaProgramElement Program match failed (pattern true;, source result) 
899336     DEBUG Test worker     d.u.i.k.j.JavaProgramElement Program match failed (pattern false;, source result) 
899336     DEBUG Test worker     d.u.i.k.j.JavaProgramElement Program match failed (pattern true;, source result) 
899336     DEBUG Test worker     d.u.i.k.j.JavaProgramElement Program match failed (pattern false;, source result) 
899750     DEBUG Test worker     d.u.i.k.j.JavaProgramElement Program match failed (pattern true;, source false;) 
899750     DEBUG Test worker     d.u.i.k.j.JavaProgramElement Program match failed (pattern true;, source false;) 
909693     DEBUG Test worker     d.u.i.k.j.JavaProgramElement Program match failed (pattern true;, source i < _a.length && j < _b.length;) 
909693     DEBUG Test worker     d.u.i.k.j.JavaProgramElement Program match failed (pattern false;, source i < _a.length && j < _b.length;) 
909693     DEBUG Test worker     d.u.i.k.j.JavaProgramElement Program match failed (pattern true;, source i < _a.length && j < _b.length;) 
909693     DEBUG Test worker     d.u.i.k.j.JavaProgramElement Program match failed (pattern false;, source i < _a.length && j < _b.length;) 
909711     DEBUG Test worker     d.u.i.k.j.JavaProgramElement Program match failed (pattern true;, source false;) 
909711     DEBUG Test worker     d.u.i.k.j.JavaProgramElement Program match failed (pattern true;, source false;) 
909849     DEBUG Test worker     d.u.i.k.j.JavaProgramElement Program match failed (pattern true;, source i < _a.length && j < _b.length;) 
909849     DEBUG Test worker     d.u.i.k.j.JavaProgramElement Program match failed (pattern false;, source i < _a.length && j < _b.length;) 
909849     DEBUG Test worker     d.u.i.k.j.JavaProgramElement Program match failed (pattern true;, source i < _a.length && j < _b.length;) 
909849     DEBUG Test worker     d.u.i.k.j.JavaProgramElement Program match failed (pattern false;, source i < _a.length && j < _b.length;) 
909849     DEBUG Test worker     d.u.i.k.j.JavaProgramElement Program match failed (pattern true;, source i < _a.length && j < _b.length;) 
909849     DEBUG Test worker     d.u.i.k.j.JavaProgramElement Program match failed (pattern false;, source i < _a.length && j < _b.length;) 
909849     DEBUG Test worker     d.u.i.k.j.JavaProgramElement Program match failed (pattern true;, source i < _a.length && j < _b.length;) 
909849     DEBUG Test worker     d.u.i.k.j.JavaProgramElement Program match failed (pattern false;, source i < _a.length && j < _b.length;) 
909849     DEBUG Test worker     d.u.i.k.j.JavaProgramElement Program match failed (pattern true;, source i < _a.length && j < _b.length;) 
909849     DEBUG Test worker     d.u.i.k.j.JavaProgramElement Program match failed (pattern false;, source i < _a.length && j < _b.length;) 
909849     DEBUG Test worker     d.u.i.k.j.JavaProgramElement Program match failed (pattern true;, source i < _a.length && j < _b.length;) 
909849     DEBUG Test worker     d.u.i.k.j.JavaProgramElement Program match failed (pattern false;, source i < _a.length && j < _b.length;) 
910021     DEBUG Test worker     d.u.i.k.j.JavaProgramElement Program match failed (pattern true;, source i < _a.length && j < _b.length;) 
910021     DEBUG Test worker     d.u.i.k.j.JavaProgramElement Program match failed (pattern false;, source i < _a.length && j < _b.length;) 
910021     DEBUG Test worker     d.u.i.k.j.JavaProgramElement Program match failed (pattern true;, source i < _a.length && j < _b.length;) 
910021     DEBUG Test worker     d.u.i.k.j.JavaProgramElement Program match failed (pattern false;, source i < _a.length && j < _b.length;) 
910037     DEBUG Test worker     d.u.i.k.j.JavaProgramElement Program match failed (pattern true;, source !i < _a.length;) 
910037     DEBUG Test worker     d.u.i.k.j.JavaProgramElement Program match failed (pattern false;, source !i < _a.length;) 
910037     DEBUG Test worker     d.u.i.k.j.JavaProgramElement Program match failed (pattern true;, source !i < _a.length;) 
910037     DEBUG Test worker     d.u.i.k.j.JavaProgramElement Program match failed (pattern false;, source !i < _a.length;) 
910037     DEBUG Test worker     d.u.i.k.j.JavaProgramElement Program match failed (pattern true;, source i < _a.length;) 
910037     DEBUG Test worker     d.u.i.k.j.JavaProgramElement Program match failed (pattern false;, source i < _a.length;) 
910037     DEBUG Test worker     d.u.i.k.j.JavaProgramElement Program match failed (pattern true;, source i < _a.length;) 
910037     DEBUG Test worker     d.u.i.k.j.JavaProgramElement Program match failed (pattern false;, source i < _a.length;) 
910037     DEBUG Test worker     d.u.i.k.j.JavaProgramElement Program match failed (pattern true;, source i) 
910037     DEBUG Test worker     d.u.i.k.j.JavaProgramElement Program match failed (pattern false;, source i) 
910037     DEBUG Test worker     d.u.i.k.j.JavaProgramElement Program match failed (pattern true;, source i) 
910037     DEBUG Test worker     d.u.i.k.j.JavaProgramElement Program match failed (pattern false;, source i) 
910053     DEBUG Test worker     d.u.i.k.j.JavaProgramElement Program match failed (pattern true;, source _a.length;) 
910053     DEBUG Test worker     d.u.i.k.j.JavaProgramElement Program match failed (pattern false;, source _a.length;) 
910053     DEBUG Test worker     d.u.i.k.j.JavaProgramElement Program match failed (pattern true;, source _a.length;) 
910053     DEBUG Test worker     d.u.i.k.j.JavaProgramElement Program match failed (pattern false;, source _a.length;) 
910053     DEBUG Test worker     d.u.i.k.j.JavaProgramElement Program match failed (pattern true;, source i_1 < i_2;) 
910053     DEBUG Test worker     d.u.i.k.j.JavaProgramElement Program match failed (pattern false;, source i_1 < i_2;) 
910053     DEBUG Test worker     d.u.i.k.j.JavaProgramElement Program match failed (pattern true;, source i_1 < i_2;) 
910053     DEBUG Test worker     d.u.i.k.j.JavaProgramElement Program match failed (pattern false;, source i_1 < i_2;) 
910053     DEBUG Test worker     d.u.i.k.j.JavaProgramElement Program match failed (pattern true;, source i_1 < i_2;) 
910053     DEBUG Test worker     d.u.i.k.j.JavaProgramElement Program match failed (pattern false;, source i_1 < i_2;) 
910053     DEBUG Test worker     d.u.i.k.j.JavaProgramElement Program match failed (pattern true;, source i_1 < i_2;) 
910053     DEBUG Test worker     d.u.i.k.j.JavaProgramElement Program match failed (pattern false;, source i_1 < i_2;) 
910068     DEBUG Test worker     d.u.i.k.j.JavaProgramElement Program match failed (pattern true;, source !b_3;) 
910068     DEBUG Test worker     d.u.i.k.j.JavaProgramElement Program match failed (pattern false;, source !b_3;) 
910068     DEBUG Test worker     d.u.i.k.j.JavaProgramElement Program match failed (pattern true;, source !b_3;) 
910068     DEBUG Test worker     d.u.i.k.j.JavaProgramElement Program match failed (pattern false;, source !b_3;) 
910068     DEBUG Test worker     d.u.i.k.j.JavaProgramElement Program match failed (pattern true;, source !b_3;) 
910068     DEBUG Test worker     d.u.i.k.j.JavaProgramElement Program match failed (pattern false;, source !b_3;) 
910068     DEBUG Test worker     d.u.i.k.j.JavaProgramElement Program match failed (pattern true;, source !b_3;) 
910068     DEBUG Test worker     d.u.i.k.j.JavaProgramElement Program match failed (pattern false;, source !b_3;) 
910068     DEBUG Test worker     d.u.i.k.j.JavaProgramElement Program match failed (pattern true;, source !b_3;) 
910068     DEBUG Test worker     d.u.i.k.j.JavaProgramElement Program match failed (pattern false;, source !b_3;) 
910068     DEBUG Test worker     d.u.i.k.j.JavaProgramElement Program match failed (pattern true;, source !b_3;) 
910068     DEBUG Test worker     d.u.i.k.j.JavaProgramElement Program match failed (pattern false;, source !b_3;) 
910068     DEBUG Test worker     d.u.i.k.j.JavaProgramElement Program match failed (pattern true;, source !b_3;) 
910068     DEBUG Test worker     d.u.i.k.j.JavaProgramElement Program match failed (pattern false;, source !b_3;) 
910068     DEBUG Test worker     d.u.i.k.j.JavaProgramElement Program match failed (pattern true;, source !b_3;) 
910068     DEBUG Test worker     d.u.i.k.j.JavaProgramElement Program match failed (pattern false;, source !b_3;) 
910084     DEBUG Test worker     d.u.i.k.j.JavaProgramElement Program match failed (pattern true;, source !b_3;) 
910084     DEBUG Test worker     d.u.i.k.j.JavaProgramElement Program match failed (pattern false;, source !b_3;) 
910084     DEBUG Test worker     d.u.i.k.j.JavaProgramElement Program match failed (pattern true;, source !b_3;) 
910084     DEBUG Test worker     d.u.i.k.j.JavaProgramElement Program match failed (pattern false;, source !b_3;) 
910084     DEBUG Test worker     d.u.i.k.j.JavaProgramElement Program match failed (pattern true;, source !b_3;) 
910084     DEBUG Test worker     d.u.i.k.j.JavaProgramElement Program match failed (pattern false;, source !b_3;) 
910084     DEBUG Test worker     d.u.i.k.j.JavaProgramElement Program match failed (pattern true;, source !b_3;) 
910084     DEBUG Test worker     d.u.i.k.j.JavaProgramElement Program match failed (pattern false;, source !b_3;) 
910100     DEBUG Test worker     d.u.i.k.j.JavaProgramElement Program match failed (pattern true;, source !b_3;) 
910101     DEBUG Test worker     d.u.i.k.j.JavaProgramElement Program match failed (pattern false;, source !b_3;) 
910101     DEBUG Test worker     d.u.i.k.j.JavaProgramElement Program match failed (pattern true;, source !b_3;) 
910101     DEBUG Test worker     d.u.i.k.j.JavaProgramElement Program match failed (pattern false;, source !b_3;) 
910103     DEBUG Test worker     d.u.i.k.j.JavaProgramElement Program match failed (pattern true;, source !b_3;) 
910103     DEBUG Test worker     d.u.i.k.j.JavaProgramElement Program match failed (pattern false;, source !b_3;) 
910104     DEBUG Test worker     d.u.i.k.j.JavaProgramElement Program match failed (pattern true;, source !b_3;) 
910104     DEBUG Test worker     d.u.i.k.j.JavaProgramElement Program match failed (pattern false;, source !b_3;) 
910107     DEBUG Test worker     d.u.i.k.j.JavaProgramElement Program match failed (pattern true;, source !i < _a.length;) 
910107     DEBUG Test worker     d.u.i.k.j.JavaProgramElement Program match failed (pattern false;, source !i < _a.length;) 
910122     DEBUG Test worker     d.u.i.k.j.JavaProgramElement Program match failed (pattern true;, source !i < _a.length;) 
910122     DEBUG Test worker     d.u.i.k.j.JavaProgramElement Program match failed (pattern false;, source !i < _a.length;) 
910122     DEBUG Test worker     d.u.i.k.j.JavaProgramElement Program match failed (pattern true;, source i < _a.length;) 
910122     DEBUG Test worker     d.u.i.k.j.JavaProgramElement Program match failed (pattern false;, source i < _a.length;) 
910122     DEBUG Test worker     d.u.i.k.j.JavaProgramElement Program match failed (pattern true;, source i < _a.length;) 
910122     DEBUG Test worker     d.u.i.k.j.JavaProgramElement Program match failed (pattern false;, source i < _a.length;) 
910138     DEBUG Test worker     d.u.i.k.j.JavaProgramElement Program match failed (pattern true;, source i) 
910138     DEBUG Test worker     d.u.i.k.j.JavaProgramElement Program match failed (pattern false;, source i) 
910138     DEBUG Test worker     d.u.i.k.j.JavaProgramElement Program match failed (pattern true;, source i) 
910138     DEBUG Test worker     d.u.i.k.j.JavaProgramElement Program match failed (pattern false;, source i) 
910154     DEBUG Test worker     d.u.i.k.j.JavaProgramElement Program match failed (pattern true;, source _a.length;) 
910154     DEBUG Test worker     d.u.i.k.j.JavaProgramElement Program match failed (pattern false;, source _a.length;) 
910154     DEBUG Test worker     d.u.i.k.j.JavaProgramElement Program match failed (pattern true;, source _a.length;) 
910154     DEBUG Test worker     d.u.i.k.j.JavaProgramElement Program match failed (pattern false;, source _a.length;) 
910154     DEBUG Test worker     d.u.i.k.j.JavaProgramElement Program match failed (pattern true;, source i_3 < i_4;) 
910154     DEBUG Test worker     d.u.i.k.j.JavaProgramElement Program match failed (pattern false;, source i_3 < i_4;) 
910154     DEBUG Test worker     d.u.i.k.j.JavaProgramElement Program match failed (pattern true;, source i_3 < i_4;) 
910154     DEBUG Test worker     d.u.i.k.j.JavaProgramElement Program match failed (pattern false;, source i_3 < i_4;) 
910169     DEBUG Test worker     d.u.i.k.j.JavaProgramElement Program match failed (pattern true;, source i_3 < i_4;) 
910169     DEBUG Test worker     d.u.i.k.j.JavaProgramElement Program match failed (pattern false;, source i_3 < i_4;) 
910169     DEBUG Test worker     d.u.i.k.j.JavaProgramElement Program match failed (pattern true;, source i_3 < i_4;) 
910169     DEBUG Test worker     d.u.i.k.j.JavaProgramElement Program match failed (pattern false;, source i_3 < i_4;) 
910185     DEBUG Test worker     d.u.i.k.j.JavaProgramElement Program match failed (pattern true;, source !b_5;) 
910185     DEBUG Test worker     d.u.i.k.j.JavaProgramElement Program match failed (pattern false;, source !b_5;) 
910185     DEBUG Test worker     d.u.i.k.j.JavaProgramElement Program match failed (pattern true;, source !b_5;) 
910185     DEBUG Test worker     d.u.i.k.j.JavaProgramElement Program match failed (pattern false;, source !b_5;) 
910185     DEBUG Test worker     d.u.i.k.j.JavaProgramElement Program match failed (pattern true;, source !b_5;) 
910185     DEBUG Test worker     d.u.i.k.j.JavaProgramElement Program match failed (pattern false;, source !b_5;) 
910185     DEBUG Test worker     d.u.i.k.j.JavaProgramElement Program match failed (pattern true;, source !b_5;) 
910185     DEBUG Test worker     d.u.i.k.j.JavaProgramElement Program match failed (pattern false;, source !b_5;) 
910200     DEBUG Test worker     d.u.i.k.j.JavaProgramElement Program match failed (pattern true;, source !b_5;) 
910200     DEBUG Test worker     d.u.i.k.j.JavaProgramElement Program match failed (pattern false;, source !b_5;) 
910200     DEBUG Test worker     d.u.i.k.j.JavaProgramElement Program match failed (pattern true;, source !b_5;) 
910200     DEBUG Test worker     d.u.i.k.j.JavaProgramElement Program match failed (pattern false;, source !b_5;) 
910200     DEBUG Test worker     d.u.i.k.j.JavaProgramElement Program match failed (pattern true;, source !b_5;) 
910200     DEBUG Test worker     d.u.i.k.j.JavaProgramElement Program match failed (pattern false;, source !b_5;) 
910200     DEBUG Test worker     d.u.i.k.j.JavaProgramElement Program match failed (pattern true;, source !b_5;) 
910200     DEBUG Test worker     d.u.i.k.j.JavaProgramElement Program match failed (pattern false;, source !b_5;) 
910200     DEBUG Test worker     d.u.i.k.j.JavaProgramElement Program match failed (pattern true;, source !b_5;) 
910200     DEBUG Test worker     d.u.i.k.j.JavaProgramElement Program match failed (pattern false;, source !b_5;) 
910200     DEBUG Test worker     d.u.i.k.j.JavaProgramElement Program match failed (pattern true;, source !b_5;) 
910200     DEBUG Test worker     d.u.i.k.j.JavaProgramElement Program match failed (pattern false;, source !b_5;) 
910200     DEBUG Test worker     d.u.i.k.j.JavaProgramElement Program match failed (pattern true;, source !b_5;) 
910200     DEBUG Test worker     d.u.i.k.j.JavaProgramElement Program match failed (pattern false;, source !b_5;) 
910216     DEBUG Test worker     d.u.i.k.j.JavaProgramElement Program match failed (pattern true;, source !b_5;) 
910216     DEBUG Test worker     d.u.i.k.j.JavaProgramElement Program match failed (pattern false;, source !b_5;) 
910216     DEBUG Test worker     d.u.i.k.j.JavaProgramElement Program match failed (pattern true;, source !b_5;) 
910216     DEBUG Test worker     d.u.i.k.j.JavaProgramElement Program match failed (pattern false;, source !b_5;) 
910216     DEBUG Test worker     d.u.i.k.j.JavaProgramElement Program match failed (pattern true;, source !b_5;) 
910216     DEBUG Test worker     d.u.i.k.j.JavaProgramElement Program match failed (pattern false;, source !b_5;) 
910279     DEBUG Test worker     d.u.i.k.j.JavaProgramElement Program match failed (pattern true;, source !b_5;) 
910279     DEBUG Test worker     d.u.i.k.j.JavaProgramElement Program match failed (pattern false;, source !b_5;) 
910279     DEBUG Test worker     d.u.i.k.j.JavaProgramElement Program match failed (pattern true;, source !b_5;) 
910279     DEBUG Test worker     d.u.i.k.j.JavaProgramElement Program match failed (pattern false;, source !b_5;) 
910314     DEBUG Test worker     d.u.i.k.j.JavaProgramElement Program match failed (pattern false;, source j < _b.length;) 
910314     DEBUG Test worker     d.u.i.k.j.JavaProgramElement Program match failed (pattern true;, source j < _b.length;) 
910314     DEBUG Test worker     d.u.i.k.j.JavaProgramElement Program match failed (pattern false;, source j < _b.length;) 
910314     DEBUG Test worker     d.u.i.k.j.JavaProgramElement Program match failed (pattern true;, source j < _b.length;) 
910314     DEBUG Test worker     d.u.i.k.j.JavaProgramElement Program match failed (pattern true;, source j < _b.length;) 
910314     DEBUG Test worker     d.u.i.k.j.JavaProgramElement Program match failed (pattern false;, source j < _b.length;) 
910314     DEBUG Test worker     d.u.i.k.j.JavaProgramElement Program match failed (pattern true;, source j < _b.length;) 
910314     DEBUG Test worker     d.u.i.k.j.JavaProgramElement Program match failed (pattern false;, source j < _b.length;) 
910314     DEBUG Test worker     d.u.i.k.j.JavaProgramElement Program match failed (pattern true;, source false;) 
910314     DEBUG Test worker     d.u.i.k.j.JavaProgramElement Program match failed (pattern true;, source false;) 
910314     DEBUG Test worker     d.u.i.k.j.JavaProgramElement Program match failed (pattern false;, source j < _b.length;) 
910314     DEBUG Test worker     d.u.i.k.j.JavaProgramElement Program match failed (pattern true;, source j < _b.length;) 
910314     DEBUG Test worker     d.u.i.k.j.JavaProgramElement Program match failed (pattern false;, source j < _b.length;) 
910314     DEBUG Test worker     d.u.i.k.j.JavaProgramElement Program match failed (pattern true;, source j < _b.length;) 
910314     DEBUG Test worker     d.u.i.k.j.JavaProgramElement Program match failed (pattern true;, source j < _b.length;) 
910314     DEBUG Test worker     d.u.i.k.j.JavaProgramElement Program match failed (pattern false;, source j < _b.length;) 
910314     DEBUG Test worker     d.u.i.k.j.JavaProgramElement Program match failed (pattern true;, source j < _b.length;) 
910314     DEBUG Test worker     d.u.i.k.j.JavaProgramElement Program match failed (pattern false;, source j < _b.length;) 
910345     DEBUG Test worker     d.u.i.k.j.JavaProgramElement Program match failed (pattern true;, source j) 
910345     DEBUG Test worker     d.u.i.k.j.JavaProgramElement Program match failed (pattern false;, source j) 
910345     DEBUG Test worker     d.u.i.k.j.JavaProgramElement Program match failed (pattern true;, source j) 
910345     DEBUG Test worker     d.u.i.k.j.JavaProgramElement Program match failed (pattern false;, source j) 
910361     DEBUG Test worker     d.u.i.k.j.JavaProgramElement Program match failed (pattern true;, source _b.length;) 
910361     DEBUG Test worker     d.u.i.k.j.JavaProgramElement Program match failed (pattern false;, source _b.length;) 
910361     DEBUG Test worker     d.u.i.k.j.JavaProgramElement Program match failed (pattern true;, source _b.length;) 
910361     DEBUG Test worker     d.u.i.k.j.JavaProgramElement Program match failed (pattern false;, source _b.length;) 
910361     DEBUG Test worker     d.u.i.k.j.JavaProgramElement Program match failed (pattern true;, source i_5 < i_6;) 
910361     DEBUG Test worker     d.u.i.k.j.JavaProgramElement Program match failed (pattern false;, source i_5 < i_6;) 
910361     DEBUG Test worker     d.u.i.k.j.JavaProgramElement Program match failed (pattern true;, source i_5 < i_6;) 
910361     DEBUG Test worker     d.u.i.k.j.JavaProgramElement Program match failed (pattern false;, source i_5 < i_6;) 
910439     DEBUG Test worker     d.u.i.k.j.JavaProgramElement Program match failed (pattern true;, source i_5 < i_6;) 
910439     DEBUG Test worker     d.u.i.k.j.JavaProgramElement Program match failed (pattern false;, source i_5 < i_6;) 
910439     DEBUG Test worker     d.u.i.k.j.JavaProgramElement Program match failed (pattern true;, source i_5 < i_6;) 
910439     DEBUG Test worker     d.u.i.k.j.JavaProgramElement Program match failed (pattern false;, source i_5 < i_6;) 
910501     DEBUG Test worker     d.u.i.k.j.JavaProgramElement Program match failed (pattern false;, source j < _b.length;) 
910501     DEBUG Test worker     d.u.i.k.j.JavaProgramElement Program match failed (pattern true;, source j < _b.length;) 
910501     DEBUG Test worker     d.u.i.k.j.JavaProgramElement Program match failed (pattern false;, source j < _b.length;) 
910501     DEBUG Test worker     d.u.i.k.j.JavaProgramElement Program match failed (pattern true;, source j < _b.length;) 
910517     DEBUG Test worker     d.u.i.k.j.JavaProgramElement Program match failed (pattern true;, source j < _b.length;) 
910517     DEBUG Test worker     d.u.i.k.j.JavaProgramElement Program match failed (pattern false;, source j < _b.length;) 
910517     DEBUG Test worker     d.u.i.k.j.JavaProgramElement Program match failed (pattern true;, source j < _b.length;) 
910517     DEBUG Test worker     d.u.i.k.j.JavaProgramElement Program match failed (pattern false;, source j < _b.length;) 
910533     DEBUG Test worker     d.u.i.k.j.JavaProgramElement Program match failed (pattern true;, source false;) 
910533     DEBUG Test worker     d.u.i.k.j.JavaProgramElement Program match failed (pattern true;, source false;) 
910580     DEBUG Test worker     d.u.i.k.j.JavaProgramElement Program match failed (pattern false;, source j < _b.length;) 
910580     DEBUG Test worker     d.u.i.k.j.JavaProgramElement Program match failed (pattern true;, source j < _b.length;) 
910580     DEBUG Test worker     d.u.i.k.j.JavaProgramElement Program match failed (pattern false;, source j < _b.length;) 
910580     DEBUG Test worker     d.u.i.k.j.JavaProgramElement Program match failed (pattern true;, source j < _b.length;) 
910580     DEBUG Test worker     d.u.i.k.j.JavaProgramElement Program match failed (pattern true;, source j < _b.length;) 
910580     DEBUG Test worker     d.u.i.k.j.JavaProgramElement Program match failed (pattern false;, source j < _b.length;) 
910580     DEBUG Test worker     d.u.i.k.j.JavaProgramElement Program match failed (pattern true;, source j < _b.length;) 
910580     DEBUG Test worker     d.u.i.k.j.JavaProgramElement Program match failed (pattern false;, source j < _b.length;) 
910611     DEBUG Test worker     d.u.i.k.j.JavaProgramElement Program match failed (pattern false;, source j) 
910611     DEBUG Test worker     d.u.i.k.j.JavaProgramElement Program match failed (pattern true;, source j) 
910611     DEBUG Test worker     d.u.i.k.j.JavaProgramElement Program match failed (pattern false;, source j) 
910611     DEBUG Test worker     d.u.i.k.j.JavaProgramElement Program match failed (pattern true;, source j) 
910611     DEBUG Test worker     d.u.i.k.j.JavaProgramElement Program match failed (pattern true;, source j) 
910611     DEBUG Test worker     d.u.i.k.j.JavaProgramElement Program match failed (pattern false;, source j) 
910611     DEBUG Test worker     d.u.i.k.j.JavaProgramElement Program match failed (pattern true;, source j) 
910611     DEBUG Test worker     d.u.i.k.j.JavaProgramElement Program match failed (pattern false;, source j) 
910642     DEBUG Test worker     d.u.i.k.j.JavaProgramElement Program match failed (pattern false;, source _b.length;) 
910642     DEBUG Test worker     d.u.i.k.j.JavaProgramElement Program match failed (pattern true;, source _b.length;) 
910642     DEBUG Test worker     d.u.i.k.j.JavaProgramElement Program match failed (pattern false;, source _b.length;) 
910642     DEBUG Test worker     d.u.i.k.j.JavaProgramElement Program match failed (pattern true;, source _b.length;) 
910642     DEBUG Test worker     d.u.i.k.j.JavaProgramElement Program match failed (pattern true;, source _b.length;) 
910642     DEBUG Test worker     d.u.i.k.j.JavaProgramElement Program match failed (pattern false;, source _b.length;) 
910642     DEBUG Test worker     d.u.i.k.j.JavaProgramElement Program match failed (pattern true;, source _b.length;) 
910642     DEBUG Test worker     d.u.i.k.j.JavaProgramElement Program match failed (pattern false;, source _b.length;) 
910658     DEBUG Test worker     d.u.i.k.j.JavaProgramElement Program match failed (pattern false;, source i_7 < i_8;) 
910658     DEBUG Test worker     d.u.i.k.j.JavaProgramElement Program match failed (pattern true;, source i_7 < i_8;) 
910658     DEBUG Test worker     d.u.i.k.j.JavaProgramElement Program match failed (pattern false;, source i_7 < i_8;) 
910658     DEBUG Test worker     d.u.i.k.j.JavaProgramElement Program match failed (pattern true;, source i_7 < i_8;) 
910658     DEBUG Test worker     d.u.i.k.j.JavaProgramElement Program match failed (pattern true;, source i_7 < i_8;) 
910658     DEBUG Test worker     d.u.i.k.j.JavaProgramElement Program match failed (pattern false;, source i_7 < i_8;) 
910658     DEBUG Test worker     d.u.i.k.j.JavaProgramElement Program match failed (pattern true;, source i_7 < i_8;) 
910658     DEBUG Test worker     d.u.i.k.j.JavaProgramElement Program match failed (pattern false;, source i_7 < i_8;) 
910658     DEBUG Test worker     d.u.i.k.j.JavaProgramElement Program match failed (pattern false;, source i_7 < i_8;) 
910658     DEBUG Test worker     d.u.i.k.j.JavaProgramElement Program match failed (pattern true;, source i_7 < i_8;) 
910658     DEBUG Test worker     d.u.i.k.j.JavaProgramElement Program match failed (pattern false;, source i_7 < i_8;) 
910658     DEBUG Test worker     d.u.i.k.j.JavaProgramElement Program match failed (pattern true;, source i_7 < i_8;) 
910658     DEBUG Test worker     d.u.i.k.j.JavaProgramElement Program match failed (pattern true;, source i_7 < i_8;) 
910658     DEBUG Test worker     d.u.i.k.j.JavaProgramElement Program match failed (pattern false;, source i_7 < i_8;) 
910658     DEBUG Test worker     d.u.i.k.j.JavaProgramElement Program match failed (pattern true;, source i_7 < i_8;) 
910658     DEBUG Test worker     d.u.i.k.j.JavaProgramElement Program match failed (pattern false;, source i_7 < i_8;) 
910721     DEBUG Test worker     d.u.i.k.j.JavaProgramElement Program match failed (pattern true;, source _a[i] < _b[j];) 
910721     DEBUG Test worker     d.u.i.k.j.JavaProgramElement Program match failed (pattern false;, source _a[i] < _b[j];) 
910721     DEBUG Test worker     d.u.i.k.j.JavaProgramElement Program match failed (pattern true;, source _a[i] < _b[j];) 
910721     DEBUG Test worker     d.u.i.k.j.JavaProgramElement Program match failed (pattern false;, source _a[i] < _b[j];) 
910736     DEBUG Test worker     d.u.i.k.j.JavaProgramElement Program match failed (pattern true;, source _a[i];) 
910736     DEBUG Test worker     d.u.i.k.j.JavaProgramElement Program match failed (pattern false;, source _a[i];) 
910736     DEBUG Test worker     d.u.i.k.j.JavaProgramElement Program match failed (pattern true;, source _a[i];) 
910736     DEBUG Test worker     d.u.i.k.j.JavaProgramElement Program match failed (pattern false;, source _a[i];) 
910783     DEBUG Test worker     d.u.i.k.j.JavaProgramElement Program match failed (pattern true;, source _b[j];) 
910783     DEBUG Test worker     d.u.i.k.j.JavaProgramElement Program match failed (pattern false;, source _b[j];) 
910783     DEBUG Test worker     d.u.i.k.j.JavaProgramElement Program match failed (pattern true;, source _b[j];) 
910783     DEBUG Test worker     d.u.i.k.j.JavaProgramElement Program match failed (pattern false;, source _b[j];) 
910799     DEBUG Test worker     d.u.i.k.j.JavaProgramElement Program match failed (pattern true;, source i_9 < i_10;) 
910799     DEBUG Test worker     d.u.i.k.j.JavaProgramElement Program match failed (pattern false;, source i_9 < i_10;) 
910799     DEBUG Test worker     d.u.i.k.j.JavaProgramElement Program match failed (pattern true;, source i_9 < i_10;) 
910799     DEBUG Test worker     d.u.i.k.j.JavaProgramElement Program match failed (pattern false;, source i_9 < i_10;) 
910830     DEBUG Test worker     d.u.i.k.j.JavaProgramElement Program match failed (pattern true;, source i_9 < i_10;) 
910830     DEBUG Test worker     d.u.i.k.j.JavaProgramElement Program match failed (pattern false;, source i_9 < i_10;) 
910830     DEBUG Test worker     d.u.i.k.j.JavaProgramElement Program match failed (pattern true;, source i_9 < i_10;) 
910830     DEBUG Test worker     d.u.i.k.j.JavaProgramElement Program match failed (pattern false;, source i_9 < i_10;) 
910908     DEBUG Test worker     d.u.i.k.j.JavaProgramElement Program match failed (pattern true;, source _b[j] < _a[i];) 
910908     DEBUG Test worker     d.u.i.k.j.JavaProgramElement Program match failed (pattern false;, source _b[j] < _a[i];) 
910908     DEBUG Test worker     d.u.i.k.j.JavaProgramElement Program match failed (pattern true;, source _b[j] < _a[i];) 
910908     DEBUG Test worker     d.u.i.k.j.JavaProgramElement Program match failed (pattern false;, source _b[j] < _a[i];) 
910908     DEBUG Test worker     d.u.i.k.j.JavaProgramElement Program match failed (pattern true;, source _b[j];) 
910908     DEBUG Test worker     d.u.i.k.j.JavaProgramElement Program match failed (pattern false;, source _b[j];) 
910908     DEBUG Test worker     d.u.i.k.j.JavaProgramElement Program match failed (pattern true;, source _b[j];) 
910908     DEBUG Test worker     d.u.i.k.j.JavaProgramElement Program match failed (pattern false;, source _b[j];) 
910955     DEBUG Test worker     d.u.i.k.j.JavaProgramElement Program match failed (pattern true;, source _a[i];) 
910955     DEBUG Test worker     d.u.i.k.j.JavaProgramElement Program match failed (pattern false;, source _a[i];) 
910955     DEBUG Test worker     d.u.i.k.j.JavaProgramElement Program match failed (pattern true;, source _a[i];) 
910955     DEBUG Test worker     d.u.i.k.j.JavaProgramElement Program match failed (pattern false;, source _a[i];) 
910955     DEBUG Test worker     d.u.i.k.j.JavaProgramElement Program match failed (pattern true;, source i_11 < i_12;) 
910955     DEBUG Test worker     d.u.i.k.j.JavaProgramElement Program match failed (pattern false;, source i_11 < i_12;) 
910955     DEBUG Test worker     d.u.i.k.j.JavaProgramElement Program match failed (pattern true;, source i_11 < i_12;) 
910955     DEBUG Test worker     d.u.i.k.j.JavaProgramElement Program match failed (pattern false;, source i_11 < i_12;) 
910990     DEBUG Test worker     d.u.i.k.j.JavaProgramElement Program match failed (pattern true;, source i_11 < i_12;) 
910990     DEBUG Test worker     d.u.i.k.j.JavaProgramElement Program match failed (pattern false;, source i_11 < i_12;) 
910990     DEBUG Test worker     d.u.i.k.j.JavaProgramElement Program match failed (pattern true;, source i_11 < i_12;) 
910990     DEBUG Test worker     d.u.i.k.j.JavaProgramElement Program match failed (pattern false;, source i_11 < i_12;) 
911080     DEBUG Test worker     d.u.i.k.j.JavaProgramElement Program match failed (pattern true;, source (int) (i + 1);) 
911080     DEBUG Test worker     d.u.i.k.j.JavaProgramElement Program match failed (pattern false;, source (int) (i + 1);) 
911080     DEBUG Test worker     d.u.i.k.j.JavaProgramElement Program match failed (pattern true;, source (int) (i + 1);) 
911080     DEBUG Test worker     d.u.i.k.j.JavaProgramElement Program match failed (pattern false;, source (int) (i + 1);) 
911096     DEBUG Test worker     d.u.i.k.j.JavaProgramElement Program match failed (pattern true;, source (i + 1);) 
911096     DEBUG Test worker     d.u.i.k.j.JavaProgramElement Program match failed (pattern false;, source (i + 1);) 
911096     DEBUG Test worker     d.u.i.k.j.JavaProgramElement Program match failed (pattern true;, source (i + 1);) 
911096     DEBUG Test worker     d.u.i.k.j.JavaProgramElement Program match failed (pattern false;, source (i + 1);) 
911096     DEBUG Test worker     d.u.i.k.j.JavaProgramElement Program match failed (pattern true;, source i + 1;) 
911096     DEBUG Test worker     d.u.i.k.j.JavaProgramElement Program match failed (pattern false;, source i + 1;) 
911096     DEBUG Test worker     d.u.i.k.j.JavaProgramElement Program match failed (pattern true;, source i + 1;) 
911096     DEBUG Test worker     d.u.i.k.j.JavaProgramElement Program match failed (pattern false;, source i + 1;) 
911112     DEBUG Test worker     d.u.i.k.j.JavaProgramElement Program match failed (pattern true;, source (int) i_13;) 
911112     DEBUG Test worker     d.u.i.k.j.JavaProgramElement Program match failed (pattern false;, source (int) i_13;) 
911112     DEBUG Test worker     d.u.i.k.j.JavaProgramElement Program match failed (pattern true;, source (int) i_13;) 
911112     DEBUG Test worker     d.u.i.k.j.JavaProgramElement Program match failed (pattern false;, source (int) i_13;) 
911112     DEBUG Test worker     d.u.i.k.j.JavaProgramElement Program match failed (pattern true;, source (int) i_13;) 
911112     DEBUG Test worker     d.u.i.k.j.JavaProgramElement Program match failed (pattern false;, source (int) i_13;) 
911112     DEBUG Test worker     d.u.i.k.j.JavaProgramElement Program match failed (pattern true;, source (int) i_13;) 
911112     DEBUG Test worker     d.u.i.k.j.JavaProgramElement Program match failed (pattern false;, source (int) i_13;) 
911112     DEBUG Test worker     d.u.i.k.j.JavaProgramElement Program match failed (pattern true;, source (int) i_13;) 
911112     DEBUG Test worker     d.u.i.k.j.JavaProgramElement Program match failed (pattern false;, source (int) i_13;) 
911127     DEBUG Test worker     d.u.i.k.j.JavaProgramElement Program match failed (pattern true;, source (int) i_13;) 
911127     DEBUG Test worker     d.u.i.k.j.JavaProgramElement Program match failed (pattern false;, source (int) i_13;) 
911127     DEBUG Test worker     d.u.i.k.j.JavaProgramElement Program match failed (pattern true;, source (int) i_13;) 
911127     DEBUG Test worker     d.u.i.k.j.JavaProgramElement Program match failed (pattern false;, source (int) i_13;) 
911127     DEBUG Test worker     d.u.i.k.j.JavaProgramElement Program match failed (pattern true;, source (int) i_13;) 
911127     DEBUG Test worker     d.u.i.k.j.JavaProgramElement Program match failed (pattern false;, source (int) i_13;) 
911127     DEBUG Test worker     d.u.i.k.j.JavaProgramElement Program match failed (pattern true;, source i_13) 
911127     DEBUG Test worker     d.u.i.k.j.JavaProgramElement Program match failed (pattern false;, source i_13) 
911127     DEBUG Test worker     d.u.i.k.j.JavaProgramElement Program match failed (pattern true;, source i_13) 
911127     DEBUG Test worker     d.u.i.k.j.JavaProgramElement Program match failed (pattern false;, source i_13) 
911143     DEBUG Test worker     d.u.i.k.j.JavaProgramElement Program match failed (pattern true;, source (int) (j + 1);) 
911143     DEBUG Test worker     d.u.i.k.j.JavaProgramElement Program match failed (pattern false;, source (int) (j + 1);) 
911143     DEBUG Test worker     d.u.i.k.j.JavaProgramElement Program match failed (pattern true;, source (int) (j + 1);) 
911143     DEBUG Test worker     d.u.i.k.j.JavaProgramElement Program match failed (pattern false;, source (int) (j + 1);) 
911158     DEBUG Test worker     d.u.i.k.j.JavaProgramElement Program match failed (pattern true;, source (j + 1);) 
911158     DEBUG Test worker     d.u.i.k.j.JavaProgramElement Program match failed (pattern false;, source (j + 1);) 
911158     DEBUG Test worker     d.u.i.k.j.JavaProgramElement Program match failed (pattern true;, source (j + 1);) 
911158     DEBUG Test worker     d.u.i.k.j.JavaProgramElement Program match failed (pattern false;, source (j + 1);) 
911174     DEBUG Test worker     d.u.i.k.j.JavaProgramElement Program match failed (pattern true;, source j + 1;) 
911174     DEBUG Test worker     d.u.i.k.j.JavaProgramElement Program match failed (pattern false;, source j + 1;) 
911174     DEBUG Test worker     d.u.i.k.j.JavaProgramElement Program match failed (pattern true;, source j + 1;) 
911174     DEBUG Test worker     d.u.i.k.j.JavaProgramElement Program match failed (pattern false;, source j + 1;) 
911174     DEBUG Test worker     d.u.i.k.j.JavaProgramElement Program match failed (pattern true;, source (int) i_14;) 
911174     DEBUG Test worker     d.u.i.k.j.JavaProgramElement Program match failed (pattern false;, source (int) i_14;) 
911174     DEBUG Test worker     d.u.i.k.j.JavaProgramElement Program match failed (pattern true;, source (int) i_14;) 
911174     DEBUG Test worker     d.u.i.k.j.JavaProgramElement Program match failed (pattern false;, source (int) i_14;) 
911190     DEBUG Test worker     d.u.i.k.j.JavaProgramElement Program match failed (pattern true;, source (int) i_14;) 
911190     DEBUG Test worker     d.u.i.k.j.JavaProgramElement Program match failed (pattern false;, source (int) i_14;) 
911190     DEBUG Test worker     d.u.i.k.j.JavaProgramElement Program match failed (pattern true;, source (int) i_14;) 
911190     DEBUG Test worker     d.u.i.k.j.JavaProgramElement Program match failed (pattern false;, source (int) i_14;) 
911190     DEBUG Test worker     d.u.i.k.j.JavaProgramElement Program match failed (pattern true;, source (int) i_14;) 
911190     DEBUG Test worker     d.u.i.k.j.JavaProgramElement Program match failed (pattern false;, source (int) i_14;) 
911190     DEBUG Test worker     d.u.i.k.j.JavaProgramElement Program match failed (pattern true;, source (int) i_14;) 
911190     DEBUG Test worker     d.u.i.k.j.JavaProgramElement Program match failed (pattern false;, source (int) i_14;) 
911190     DEBUG Test worker     d.u.i.k.j.JavaProgramElement Program match failed (pattern true;, source (int) i_14;) 
911190     DEBUG Test worker     d.u.i.k.j.JavaProgramElement Program match failed (pattern false;, source (int) i_14;) 
911190     DEBUG Test worker     d.u.i.k.j.JavaProgramElement Program match failed (pattern true;, source (int) i_14;) 
911190     DEBUG Test worker     d.u.i.k.j.JavaProgramElement Program match failed (pattern false;, source (int) i_14;) 
911205     DEBUG Test worker     d.u.i.k.j.JavaProgramElement Program match failed (pattern true;, source i_14) 
911205     DEBUG Test worker     d.u.i.k.j.JavaProgramElement Program match failed (pattern false;, source i_14) 
911205     DEBUG Test worker     d.u.i.k.j.JavaProgramElement Program match failed (pattern true;, source i_14) 
911205     DEBUG Test worker     d.u.i.k.j.JavaProgramElement Program match failed (pattern false;, source i_14) 
911221     DEBUG Test worker     d.u.i.k.j.JavaProgramElement Program match failed (pattern true;, source (int) (result + 1);) 
911221     DEBUG Test worker     d.u.i.k.j.JavaProgramElement Program match failed (pattern false;, source (int) (result + 1);) 
911221     DEBUG Test worker     d.u.i.k.j.JavaProgramElement Program match failed (pattern true;, source (int) (result + 1);) 
911221     DEBUG Test worker     d.u.i.k.j.JavaProgramElement Program match failed (pattern false;, source (int) (result + 1);) 
911237     DEBUG Test worker     d.u.i.k.j.JavaProgramElement Program match failed (pattern true;, source (result + 1);) 
911237     DEBUG Test worker     d.u.i.k.j.JavaProgramElement Program match failed (pattern false;, source (result + 1);) 
911237     DEBUG Test worker     d.u.i.k.j.JavaProgramElement Program match failed (pattern true;, source (result + 1);) 
911237     DEBUG Test worker     d.u.i.k.j.JavaProgramElement Program match failed (pattern false;, source (result + 1);) 
911237     DEBUG Test worker     d.u.i.k.j.JavaProgramElement Program match failed (pattern true;, source result + 1;) 
911237     DEBUG Test worker     d.u.i.k.j.JavaProgramElement Program match failed (pattern false;, source result + 1;) 
911237     DEBUG Test worker     d.u.i.k.j.JavaProgramElement Program match failed (pattern true;, source result + 1;) 
911237     DEBUG Test worker     d.u.i.k.j.JavaProgramElement Program match failed (pattern false;, source result + 1;) 
911252     DEBUG Test worker     d.u.i.k.j.JavaProgramElement Program match failed (pattern true;, source (int) i_15;) 
911252     DEBUG Test worker     d.u.i.k.j.JavaProgramElement Program match failed (pattern false;, source (int) i_15;) 
911252     DEBUG Test worker     d.u.i.k.j.JavaProgramElement Program match failed (pattern true;, source (int) i_15;) 
911252     DEBUG Test worker     d.u.i.k.j.JavaProgramElement Program match failed (pattern false;, source (int) i_15;) 
911252     DEBUG Test worker     d.u.i.k.j.JavaProgramElement Program match failed (pattern true;, source (int) i_15;) 
911252     DEBUG Test worker     d.u.i.k.j.JavaProgramElement Program match failed (pattern false;, source (int) i_15;) 
911252     DEBUG Test worker     d.u.i.k.j.JavaProgramElement Program match failed (pattern true;, source (int) i_15;) 
911252     DEBUG Test worker     d.u.i.k.j.JavaProgramElement Program match failed (pattern false;, source (int) i_15;) 
911268     DEBUG Test worker     d.u.i.k.j.JavaProgramElement Program match failed (pattern true;, source (int) i_15;) 
911268     DEBUG Test worker     d.u.i.k.j.JavaProgramElement Program match failed (pattern false;, source (int) i_15;) 
911268     DEBUG Test worker     d.u.i.k.j.JavaProgramElement Program match failed (pattern true;, source (int) i_15;) 
911268     DEBUG Test worker     d.u.i.k.j.JavaProgramElement Program match failed (pattern false;, source (int) i_15;) 
911268     DEBUG Test worker     d.u.i.k.j.JavaProgramElement Program match failed (pattern true;, source (int) i_15;) 
911268     DEBUG Test worker     d.u.i.k.j.JavaProgramElement Program match failed (pattern false;, source (int) i_15;) 
911268     DEBUG Test worker     d.u.i.k.j.JavaProgramElement Program match failed (pattern true;, source (int) i_15;) 
911268     DEBUG Test worker     d.u.i.k.j.JavaProgramElement Program match failed (pattern false;, source (int) i_15;) 
911268     DEBUG Test worker     d.u.i.k.j.JavaProgramElement Program match failed (pattern true;, source i_15) 
911268     DEBUG Test worker     d.u.i.k.j.JavaProgramElement Program match failed (pattern false;, source i_15) 
911268     DEBUG Test worker     d.u.i.k.j.JavaProgramElement Program match failed (pattern true;, source i_15) 
911268     DEBUG Test worker     d.u.i.k.j.JavaProgramElement Program match failed (pattern false;, source i_15) 
929816     DEBUG Test worker     d.u.i.k.j.JavaProgramElement Program match failed (pattern true;, source (int) (j + 1);) 
929816     DEBUG Test worker     d.u.i.k.j.JavaProgramElement Program match failed (pattern false;, source (int) (j + 1);) 
929816     DEBUG Test worker     d.u.i.k.j.JavaProgramElement Program match failed (pattern true;, source (int) (j + 1);) 
929816     DEBUG Test worker     d.u.i.k.j.JavaProgramElement Program match failed (pattern false;, source (int) (j + 1);) 
929816     DEBUG Test worker     d.u.i.k.j.JavaProgramElement Program match failed (pattern true;, source (j + 1);) 
929816     DEBUG Test worker     d.u.i.k.j.JavaProgramElement Program match failed (pattern false;, source (j + 1);) 
929816     DEBUG Test worker     d.u.i.k.j.JavaProgramElement Program match failed (pattern true;, source (j + 1);) 
929816     DEBUG Test worker     d.u.i.k.j.JavaProgramElement Program match failed (pattern false;, source (j + 1);) 
929831     DEBUG Test worker     d.u.i.k.j.JavaProgramElement Program match failed (pattern true;, source j + 1;) 
929831     DEBUG Test worker     d.u.i.k.j.JavaProgramElement Program match failed (pattern false;, source j + 1;) 
929831     DEBUG Test worker     d.u.i.k.j.JavaProgramElement Program match failed (pattern true;, source j + 1;) 
929831     DEBUG Test worker     d.u.i.k.j.JavaProgramElement Program match failed (pattern false;, source j + 1;) 
929831     DEBUG Test worker     d.u.i.k.j.JavaProgramElement Program match failed (pattern true;, source (int) i_13;) 
929831     DEBUG Test worker     d.u.i.k.j.JavaProgramElement Program match failed (pattern false;, source (int) i_13;) 
929831     DEBUG Test worker     d.u.i.k.j.JavaProgramElement Program match failed (pattern true;, source (int) i_13;) 
929831     DEBUG Test worker     d.u.i.k.j.JavaProgramElement Program match failed (pattern false;, source (int) i_13;) 
929831     DEBUG Test worker     d.u.i.k.j.JavaProgramElement Program match failed (pattern true;, source (int) i_13;) 
929831     DEBUG Test worker     d.u.i.k.j.JavaProgramElement Program match failed (pattern false;, source (int) i_13;) 
929831     DEBUG Test worker     d.u.i.k.j.JavaProgramElement Program match failed (pattern true;, source (int) i_13;) 
929831     DEBUG Test worker     d.u.i.k.j.JavaProgramElement Program match failed (pattern false;, source (int) i_13;) 
929831     DEBUG Test worker     d.u.i.k.j.JavaProgramElement Program match failed (pattern true;, source (int) i_13;) 
929831     DEBUG Test worker     d.u.i.k.j.JavaProgramElement Program match failed (pattern false;, source (int) i_13;) 
929831     DEBUG Test worker     d.u.i.k.j.JavaProgramElement Program match failed (pattern true;, source (int) i_13;) 
929831     DEBUG Test worker     d.u.i.k.j.JavaProgramElement Program match failed (pattern false;, source (int) i_13;) 
929831     DEBUG Test worker     d.u.i.k.j.JavaProgramElement Program match failed (pattern true;, source (int) i_13;) 
929831     DEBUG Test worker     d.u.i.k.j.JavaProgramElement Program match failed (pattern false;, source (int) i_13;) 
929831     DEBUG Test worker     d.u.i.k.j.JavaProgramElement Program match failed (pattern true;, source (int) i_13;) 
929831     DEBUG Test worker     d.u.i.k.j.JavaProgramElement Program match failed (pattern false;, source (int) i_13;) 
929847     DEBUG Test worker     d.u.i.k.j.JavaProgramElement Program match failed (pattern true;, source i_13) 
929847     DEBUG Test worker     d.u.i.k.j.JavaProgramElement Program match failed (pattern false;, source i_13) 
929847     DEBUG Test worker     d.u.i.k.j.JavaProgramElement Program match failed (pattern true;, source i_13) 
929847     DEBUG Test worker     d.u.i.k.j.JavaProgramElement Program match failed (pattern false;, source i_13) 
933556     DEBUG Test worker     d.u.i.k.j.JavaProgramElement Program match failed (pattern true;, source (int) (i + 1);) 
933556     DEBUG Test worker     d.u.i.k.j.JavaProgramElement Program match failed (pattern false;, source (int) (i + 1);) 
933556     DEBUG Test worker     d.u.i.k.j.JavaProgramElement Program match failed (pattern true;, source (int) (i + 1);) 
933556     DEBUG Test worker     d.u.i.k.j.JavaProgramElement Program match failed (pattern false;, source (int) (i + 1);) 
933571     DEBUG Test worker     d.u.i.k.j.JavaProgramElement Program match failed (pattern true;, source (i + 1);) 
933571     DEBUG Test worker     d.u.i.k.j.JavaProgramElement Program match failed (pattern false;, source (i + 1);) 
933571     DEBUG Test worker     d.u.i.k.j.JavaProgramElement Program match failed (pattern true;, source (i + 1);) 
933571     DEBUG Test worker     d.u.i.k.j.JavaProgramElement Program match failed (pattern false;, source (i + 1);) 
933571     DEBUG Test worker     d.u.i.k.j.JavaProgramElement Program match failed (pattern true;, source i + 1;) 
933571     DEBUG Test worker     d.u.i.k.j.JavaProgramElement Program match failed (pattern false;, source i + 1;) 
933571     DEBUG Test worker     d.u.i.k.j.JavaProgramElement Program match failed (pattern true;, source i + 1;) 
933571     DEBUG Test worker     d.u.i.k.j.JavaProgramElement Program match failed (pattern false;, source i + 1;) 
933571     DEBUG Test worker     d.u.i.k.j.JavaProgramElement Program match failed (pattern true;, source (int) i_11;) 
933571     DEBUG Test worker     d.u.i.k.j.JavaProgramElement Program match failed (pattern false;, source (int) i_11;) 
933571     DEBUG Test worker     d.u.i.k.j.JavaProgramElement Program match failed (pattern true;, source (int) i_11;) 
933571     DEBUG Test worker     d.u.i.k.j.JavaProgramElement Program match failed (pattern false;, source (int) i_11;) 
933587     DEBUG Test worker     d.u.i.k.j.JavaProgramElement Program match failed (pattern true;, source (int) i_11;) 
933587     DEBUG Test worker     d.u.i.k.j.JavaProgramElement Program match failed (pattern false;, source (int) i_11;) 
933587     DEBUG Test worker     d.u.i.k.j.JavaProgramElement Program match failed (pattern true;, source (int) i_11;) 
933587     DEBUG Test worker     d.u.i.k.j.JavaProgramElement Program match failed (pattern false;, source (int) i_11;) 
933587     DEBUG Test worker     d.u.i.k.j.JavaProgramElement Program match failed (pattern true;, source (int) i_11;) 
933587     DEBUG Test worker     d.u.i.k.j.JavaProgramElement Program match failed (pattern false;, source (int) i_11;) 
933587     DEBUG Test worker     d.u.i.k.j.JavaProgramElement Program match failed (pattern true;, source (int) i_11;) 
933587     DEBUG Test worker     d.u.i.k.j.JavaProgramElement Program match failed (pattern false;, source (int) i_11;) 
933587     DEBUG Test worker     d.u.i.k.j.JavaProgramElement Program match failed (pattern true;, source (int) i_11;) 
933587     DEBUG Test worker     d.u.i.k.j.JavaProgramElement Program match failed (pattern false;, source (int) i_11;) 
933587     DEBUG Test worker     d.u.i.k.j.JavaProgramElement Program match failed (pattern true;, source (int) i_11;) 
933587     DEBUG Test worker     d.u.i.k.j.JavaProgramElement Program match failed (pattern false;, source (int) i_11;) 
933602     DEBUG Test worker     d.u.i.k.j.JavaProgramElement Program match failed (pattern true;, source i_11) 
933602     DEBUG Test worker     d.u.i.k.j.JavaProgramElement Program match failed (pattern false;, source i_11) 
933602     DEBUG Test worker     d.u.i.k.j.JavaProgramElement Program match failed (pattern true;, source i_11) 
933602     DEBUG Test worker     d.u.i.k.j.JavaProgramElement Program match failed (pattern false;, source i_11) 
934212     DEBUG Test worker     d.u.i.k.j.JavaProgramElement Program match failed (pattern true;, source false;) 
934212     DEBUG Test worker     d.u.i.k.j.JavaProgramElement Program match failed (pattern true;, source false;) 
934212     DEBUG Test worker     d.u.i.k.j.JavaProgramElement Program match failed (pattern true;, source false;) 
934212     DEBUG Test worker     d.u.i.k.j.JavaProgramElement Program match failed (pattern true;, source false;) 
934353     INFO  Test worker     d.u.i.k.p.i.AbstractProblemLoader Loading environment from src\test\resources\testcase\proofStarter\CC\project.key 
934353     DEBUG Test worker     d.u.i.k.p.i.AbstractProblemLoader Environment load took 150.1ns 
934369     INFO  Test worker     d.u.i.k.p.i.AbstractProblemLoader Creating init config 
937895     DEBUG Test worker     d.u.i.k.p.i.AbstractProblemLoader Init config took 3.53s 
937968     INFO  Test worker     d.u.i.k.p.i.AbstractProblemLoader Replaying proof CC[CC::calcCoinIndex([I,[I)].JML normal_behavior operation contract.0 
937968     DEBUG Test worker     d.u.i.k.p.i.IntermediateProofReplayer Proof replay took 27.5ns 
937968     DEBUG Test worker     d.u.i.k.j.JavaProgramElement Program match failed (pattern true;, source null;) 
937968     DEBUG Test worker     d.u.i.k.j.JavaProgramElement Program match failed (pattern false;, source null;) 
937968     DEBUG Test worker     d.u.i.k.j.JavaProgramElement Program match failed (pattern true;, source null;) 
937968     DEBUG Test worker     d.u.i.k.j.JavaProgramElement Program match failed (pattern false;, source null;) 
937983     DEBUG Test worker     d.u.i.k.j.JavaProgramElement Program match failed (pattern true;, source null;) 
937983     DEBUG Test worker     d.u.i.k.j.JavaProgramElement Program match failed (pattern false;, source null;) 
937983     DEBUG Test worker     d.u.i.k.j.JavaProgramElement Program match failed (pattern true;, source null;) 
937983     DEBUG Test worker     d.u.i.k.j.JavaProgramElement Program match failed (pattern false;, source null;) 
937983     DEBUG Test worker     d.u.i.k.j.JavaProgramElement Program match failed (pattern true;, source null;) 
937983     DEBUG Test worker     d.u.i.k.j.JavaProgramElement Program match failed (pattern false;, source null;) 
937983     DEBUG Test worker     d.u.i.k.j.JavaProgramElement Program match failed (pattern true;, source null;) 
937983     DEBUG Test worker     d.u.i.k.j.JavaProgramElement Program match failed (pattern false;, source null;) 
937983     DEBUG Test worker     d.u.i.k.j.JavaProgramElement Program match failed (pattern true;, source null;) 
937983     DEBUG Test worker     d.u.i.k.j.JavaProgramElement Program match failed (pattern false;, source null;) 
937983     DEBUG Test worker     d.u.i.k.j.JavaProgramElement Program match failed (pattern true;, source null;) 
937983     DEBUG Test worker     d.u.i.k.j.JavaProgramElement Program match failed (pattern false;, source null;) 
937999     DEBUG Test worker     d.u.i.k.j.JavaProgramElement Program match failed (pattern true;, source null;) 
937999     DEBUG Test worker     d.u.i.k.j.JavaProgramElement Program match failed (pattern false;, source null;) 
937999     DEBUG Test worker     d.u.i.k.j.JavaProgramElement Program match failed (pattern true;, source null;) 
937999     DEBUG Test worker     d.u.i.k.j.JavaProgramElement Program match failed (pattern false;, source null;) 
937999     DEBUG Test worker     d.u.i.k.j.JavaProgramElement Program match failed (pattern true;, source null;) 
937999     DEBUG Test worker     d.u.i.k.j.JavaProgramElement Program match failed (pattern false;, source null;) 
937999     DEBUG Test worker     d.u.i.k.j.JavaProgramElement Program match failed (pattern true;, source null;) 
937999     DEBUG Test worker     d.u.i.k.j.JavaProgramElement Program match failed (pattern false;, source null;) 
937999     DEBUG Test worker     d.u.i.k.j.JavaProgramElement Program match failed (pattern true;, source null;) 
937999     DEBUG Test worker     d.u.i.k.j.JavaProgramElement Program match failed (pattern false;, source null;) 
937999     DEBUG Test worker     d.u.i.k.j.JavaProgramElement Program match failed (pattern true;, source null;) 
937999     DEBUG Test worker     d.u.i.k.j.JavaProgramElement Program match failed (pattern false;, source null;) 
938015     DEBUG Test worker     d.u.i.k.j.JavaProgramElement Program match failed (pattern true;, source null;) 
938015     DEBUG Test worker     d.u.i.k.j.JavaProgramElement Program match failed (pattern false;, source null;) 
938015     DEBUG Test worker     d.u.i.k.j.JavaProgramElement Program match failed (pattern true;, source null;) 
938015     DEBUG Test worker     d.u.i.k.j.JavaProgramElement Program match failed (pattern false;, source null;) 
938015     DEBUG Test worker     d.u.i.k.j.JavaProgramElement Program match failed (pattern true;, source null;) 
938015     DEBUG Test worker     d.u.i.k.j.JavaProgramElement Program match failed (pattern false;, source null;) 
938015     DEBUG Test worker     d.u.i.k.j.JavaProgramElement Program match failed (pattern true;, source null;) 
938015     DEBUG Test worker     d.u.i.k.j.JavaProgramElement Program match failed (pattern false;, source null;) 
938015     DEBUG Test worker     d.u.i.k.j.JavaProgramElement Program match failed (pattern true;, source null;) 
938015     DEBUG Test worker     d.u.i.k.j.JavaProgramElement Program match failed (pattern false;, source null;) 
938015     DEBUG Test worker     d.u.i.k.j.JavaProgramElement Program match failed (pattern true;, source null;) 
938015     DEBUG Test worker     d.u.i.k.j.JavaProgramElement Program match failed (pattern false;, source null;) 
938144     DEBUG Test worker     d.u.i.k.j.JavaProgramElement Program match failed (pattern true;, source 0) 
938144     DEBUG Test worker     d.u.i.k.j.JavaProgramElement Program match failed (pattern false;, source 0) 
938144     DEBUG Test worker     d.u.i.k.j.JavaProgramElement Program match failed (pattern true;, source 0) 
938144     DEBUG Test worker     d.u.i.k.j.JavaProgramElement Program match failed (pattern false;, source 0) 
938147     DEBUG Test worker     d.u.i.k.j.JavaProgramElement Program match failed (pattern true;, source 0) 
938147     DEBUG Test worker     d.u.i.k.j.JavaProgramElement Program match failed (pattern false;, source 0) 
938147     DEBUG Test worker     d.u.i.k.j.JavaProgramElement Program match failed (pattern true;, source 0) 
938147     DEBUG Test worker     d.u.i.k.j.JavaProgramElement Program match failed (pattern false;, source 0) 
938163     DEBUG Test worker     d.u.i.k.j.JavaProgramElement Program match failed (pattern true;, source 0) 
938163     DEBUG Test worker     d.u.i.k.j.JavaProgramElement Program match failed (pattern false;, source 0) 
938163     DEBUG Test worker     d.u.i.k.j.JavaProgramElement Program match failed (pattern true;, source 0) 
938163     DEBUG Test worker     d.u.i.k.j.JavaProgramElement Program match failed (pattern false;, source 0) 
938460     DEBUG Test worker     d.u.i.k.j.JavaProgramElement Program match failed (pattern true;, source i < _a.length && j < _b.length;) 
938460     DEBUG Test worker     d.u.i.k.j.JavaProgramElement Program match failed (pattern false;, source i < _a.length && j < _b.length;) 
938460     DEBUG Test worker     d.u.i.k.j.JavaProgramElement Program match failed (pattern true;, source i < _a.length && j < _b.length;) 
938460     DEBUG Test worker     d.u.i.k.j.JavaProgramElement Program match failed (pattern false;, source i < _a.length && j < _b.length;) 
938585     DEBUG Test worker     d.u.i.k.j.JavaProgramElement Program match failed (pattern true;, source !i < _a.length;) 
938585     DEBUG Test worker     d.u.i.k.j.JavaProgramElement Program match failed (pattern false;, source !i < _a.length;) 
938585     DEBUG Test worker     d.u.i.k.j.JavaProgramElement Program match failed (pattern true;, source !i < _a.length;) 
938585     DEBUG Test worker     d.u.i.k.j.JavaProgramElement Program match failed (pattern false;, source !i < _a.length;) 
938600     DEBUG Test worker     d.u.i.k.j.JavaProgramElement Program match failed (pattern true;, source i < _a.length;) 
938600     DEBUG Test worker     d.u.i.k.j.JavaProgramElement Program match failed (pattern false;, source i < _a.length;) 
938600     DEBUG Test worker     d.u.i.k.j.JavaProgramElement Program match failed (pattern true;, source i < _a.length;) 
938600     DEBUG Test worker     d.u.i.k.j.JavaProgramElement Program match failed (pattern false;, source i < _a.length;) 
938600     DEBUG Test worker     d.u.i.k.j.JavaProgramElement Program match failed (pattern true;, source i) 
938600     DEBUG Test worker     d.u.i.k.j.JavaProgramElement Program match failed (pattern false;, source i) 
938600     DEBUG Test worker     d.u.i.k.j.JavaProgramElement Program match failed (pattern true;, source i) 
938600     DEBUG Test worker     d.u.i.k.j.JavaProgramElement Program match failed (pattern false;, source i) 
938616     DEBUG Test worker     d.u.i.k.j.JavaProgramElement Program match failed (pattern true;, source _a.length;) 
938616     DEBUG Test worker     d.u.i.k.j.JavaProgramElement Program match failed (pattern false;, source _a.length;) 
938616     DEBUG Test worker     d.u.i.k.j.JavaProgramElement Program match failed (pattern true;, source _a.length;) 
938616     DEBUG Test worker     d.u.i.k.j.JavaProgramElement Program match failed (pattern false;, source _a.length;) 
938616     DEBUG Test worker     d.u.i.k.j.JavaProgramElement Program match failed (pattern true;, source i_1 < i_2;) 
938616     DEBUG Test worker     d.u.i.k.j.JavaProgramElement Program match failed (pattern false;, source i_1 < i_2;) 
938616     DEBUG Test worker     d.u.i.k.j.JavaProgramElement Program match failed (pattern true;, source i_1 < i_2;) 
938616     DEBUG Test worker     d.u.i.k.j.JavaProgramElement Program match failed (pattern false;, source i_1 < i_2;) 
938632     DEBUG Test worker     d.u.i.k.j.JavaProgramElement Program match failed (pattern true;, source i_1 < i_2;) 
938632     DEBUG Test worker     d.u.i.k.j.JavaProgramElement Program match failed (pattern false;, source i_1 < i_2;) 
938632     DEBUG Test worker     d.u.i.k.j.JavaProgramElement Program match failed (pattern true;, source i_1 < i_2;) 
938632     DEBUG Test worker     d.u.i.k.j.JavaProgramElement Program match failed (pattern false;, source i_1 < i_2;) 
938632     DEBUG Test worker     d.u.i.k.j.JavaProgramElement Program match failed (pattern true;, source i_1 < i_2;) 
938632     DEBUG Test worker     d.u.i.k.j.JavaProgramElement Program match failed (pattern false;, source i_1 < i_2;) 
938632     DEBUG Test worker     d.u.i.k.j.JavaProgramElement Program match failed (pattern true;, source i_1 < i_2;) 
938632     DEBUG Test worker     d.u.i.k.j.JavaProgramElement Program match failed (pattern false;, source i_1 < i_2;) 
938632     DEBUG Test worker     d.u.i.k.j.JavaProgramElement Program match failed (pattern true;, source i_1 < i_2;) 
938632     DEBUG Test worker     d.u.i.k.j.JavaProgramElement Program match failed (pattern false;, source i_1 < i_2;) 
938632     DEBUG Test worker     d.u.i.k.j.JavaProgramElement Program match failed (pattern true;, source i_1 < i_2;) 
938632     DEBUG Test worker     d.u.i.k.j.JavaProgramElement Program match failed (pattern false;, source i_1 < i_2;) 
938632     DEBUG Test worker     d.u.i.k.j.JavaProgramElement Program match failed (pattern true;, source i_1 < i_2;) 
938632     DEBUG Test worker     d.u.i.k.j.JavaProgramElement Program match failed (pattern false;, source i_1 < i_2;) 
938632     DEBUG Test worker     d.u.i.k.j.JavaProgramElement Program match failed (pattern true;, source i_1 < i_2;) 
938632     DEBUG Test worker     d.u.i.k.j.JavaProgramElement Program match failed (pattern false;, source i_1 < i_2;) 
938632     DEBUG Test worker     d.u.i.k.j.JavaProgramElement Program match failed (pattern true;, source i_1 < i_2;) 
938632     DEBUG Test worker     d.u.i.k.j.JavaProgramElement Program match failed (pattern false;, source i_1 < i_2;) 
938632     DEBUG Test worker     d.u.i.k.j.JavaProgramElement Program match failed (pattern true;, source i_1 < i_2;) 
938632     DEBUG Test worker     d.u.i.k.j.JavaProgramElement Program match failed (pattern false;, source i_1 < i_2;) 
938632     DEBUG Test worker     d.u.i.k.j.JavaProgramElement Program match failed (pattern true;, source i_1 < i_2;) 
938632     DEBUG Test worker     d.u.i.k.j.JavaProgramElement Program match failed (pattern false;, source i_1 < i_2;) 
938632     DEBUG Test worker     d.u.i.k.j.JavaProgramElement Program match failed (pattern true;, source i_1 < i_2;) 
938632     DEBUG Test worker     d.u.i.k.j.JavaProgramElement Program match failed (pattern false;, source i_1 < i_2;) 
938647     DEBUG Test worker     d.u.i.k.j.JavaProgramElement Program match failed (pattern true;, source !b_2;) 
938647     DEBUG Test worker     d.u.i.k.j.JavaProgramElement Program match failed (pattern false;, source !b_2;) 
938647     DEBUG Test worker     d.u.i.k.j.JavaProgramElement Program match failed (pattern true;, source !b_2;) 
938647     DEBUG Test worker     d.u.i.k.j.JavaProgramElement Program match failed (pattern false;, source !b_2;) 
938647     DEBUG Test worker     d.u.i.k.j.JavaProgramElement Program match failed (pattern true;, source !b_2;) 
938647     DEBUG Test worker     d.u.i.k.j.JavaProgramElement Program match failed (pattern false;, source !b_2;) 
938647     DEBUG Test worker     d.u.i.k.j.JavaProgramElement Program match failed (pattern true;, source !b_2;) 
938647     DEBUG Test worker     d.u.i.k.j.JavaProgramElement Program match failed (pattern false;, source !b_2;) 
938647     DEBUG Test worker     d.u.i.k.j.JavaProgramElement Program match failed (pattern true;, source !b_2;) 
938647     DEBUG Test worker     d.u.i.k.j.JavaProgramElement Program match failed (pattern false;, source !b_2;) 
938647     DEBUG Test worker     d.u.i.k.j.JavaProgramElement Program match failed (pattern true;, source !b_2;) 
938647     DEBUG Test worker     d.u.i.k.j.JavaProgramElement Program match failed (pattern false;, source !b_2;) 
938647     DEBUG Test worker     d.u.i.k.j.JavaProgramElement Program match failed (pattern true;, source !b_2;) 
938647     DEBUG Test worker     d.u.i.k.j.JavaProgramElement Program match failed (pattern false;, source !b_2;) 
938647     DEBUG Test worker     d.u.i.k.j.JavaProgramElement Program match failed (pattern true;, source !b_2;) 
938663     DEBUG Test worker     d.u.i.k.j.JavaProgramElement Program match failed (pattern false;, source !b_2;) 
938663     DEBUG Test worker     d.u.i.k.j.JavaProgramElement Program match failed (pattern true;, source !b_2;) 
938663     DEBUG Test worker     d.u.i.k.j.JavaProgramElement Program match failed (pattern false;, source !b_2;) 
938663     DEBUG Test worker     d.u.i.k.j.JavaProgramElement Program match failed (pattern true;, source !b_2;) 
938663     DEBUG Test worker     d.u.i.k.j.JavaProgramElement Program match failed (pattern false;, source !b_2;) 
938663     DEBUG Test worker     d.u.i.k.j.JavaProgramElement Program match failed (pattern true;, source !b_2;) 
938663     DEBUG Test worker     d.u.i.k.j.JavaProgramElement Program match failed (pattern false;, source !b_2;) 
938663     DEBUG Test worker     d.u.i.k.j.JavaProgramElement Program match failed (pattern true;, source !b_2;) 
938663     DEBUG Test worker     d.u.i.k.j.JavaProgramElement Program match failed (pattern false;, source !b_2;) 
938663     DEBUG Test worker     d.u.i.k.j.JavaProgramElement Program match failed (pattern true;, source !b_2;) 
938663     DEBUG Test worker     d.u.i.k.j.JavaProgramElement Program match failed (pattern false;, source !b_2;) 
938663     DEBUG Test worker     d.u.i.k.j.JavaProgramElement Program match failed (pattern true;, source !b_2;) 
938663     DEBUG Test worker     d.u.i.k.j.JavaProgramElement Program match failed (pattern false;, source !b_2;) 
938663     DEBUG Test worker     d.u.i.k.j.JavaProgramElement Program match failed (pattern true;, source !b_2;) 
938663     DEBUG Test worker     d.u.i.k.j.JavaProgramElement Program match failed (pattern false;, source !b_2;) 
938663     DEBUG Test worker     d.u.i.k.j.JavaProgramElement Program match failed (pattern true;, source !b_2;) 
938663     DEBUG Test worker     d.u.i.k.j.JavaProgramElement Program match failed (pattern false;, source !b_2;) 
938663     DEBUG Test worker     d.u.i.k.j.JavaProgramElement Program match failed (pattern true;, source !b_2;) 
938663     DEBUG Test worker     d.u.i.k.j.JavaProgramElement Program match failed (pattern false;, source !b_2;) 
938663     DEBUG Test worker     d.u.i.k.j.JavaProgramElement Program match failed (pattern true;, source !b_2;) 
938663     DEBUG Test worker     d.u.i.k.j.JavaProgramElement Program match failed (pattern false;, source !b_2;) 
938663     DEBUG Test worker     d.u.i.k.j.JavaProgramElement Program match failed (pattern true;, source !b_2;) 
938663     DEBUG Test worker     d.u.i.k.j.JavaProgramElement Program match failed (pattern false;, source !b_2;) 
938663     DEBUG Test worker     d.u.i.k.j.JavaProgramElement Program match failed (pattern true;, source !b_2;) 
938663     DEBUG Test worker     d.u.i.k.j.JavaProgramElement Program match failed (pattern false;, source !b_2;) 
938663     DEBUG Test worker     d.u.i.k.j.JavaProgramElement Program match failed (pattern true;, source !b_2;) 
938679     DEBUG Test worker     d.u.i.k.j.JavaProgramElement Program match failed (pattern false;, source !b_2;) 
938679     DEBUG Test worker     d.u.i.k.j.JavaProgramElement Program match failed (pattern true;, source !b_2;) 
938679     DEBUG Test worker     d.u.i.k.j.JavaProgramElement Program match failed (pattern false;, source !b_2;) 
938679     DEBUG Test worker     d.u.i.k.j.JavaProgramElement Program match failed (pattern true;, source !b_2;) 
938679     DEBUG Test worker     d.u.i.k.j.JavaProgramElement Program match failed (pattern false;, source !b_2;) 
938679     DEBUG Test worker     d.u.i.k.j.JavaProgramElement Program match failed (pattern true;, source !b_2;) 
938679     DEBUG Test worker     d.u.i.k.j.JavaProgramElement Program match failed (pattern false;, source !b_2;) 
938679     DEBUG Test worker     d.u.i.k.j.JavaProgramElement Program match failed (pattern true;, source !b_2;) 
938679     DEBUG Test worker     d.u.i.k.j.JavaProgramElement Program match failed (pattern false;, source !b_2;) 
938679     DEBUG Test worker     d.u.i.k.j.JavaProgramElement Program match failed (pattern true;, source !b_2;) 
938679     DEBUG Test worker     d.u.i.k.j.JavaProgramElement Program match failed (pattern false;, source !b_2;) 
938679     DEBUG Test worker     d.u.i.k.j.JavaProgramElement Program match failed (pattern true;, source !b_2;) 
938679     DEBUG Test worker     d.u.i.k.j.JavaProgramElement Program match failed (pattern false;, source !b_2;) 
938679     DEBUG Test worker     d.u.i.k.j.JavaProgramElement Program match failed (pattern true;, source !b_2;) 
938679     DEBUG Test worker     d.u.i.k.j.JavaProgramElement Program match failed (pattern false;, source !b_2;) 
938679     DEBUG Test worker     d.u.i.k.j.JavaProgramElement Program match failed (pattern true;, source !b_2;) 
938679     DEBUG Test worker     d.u.i.k.j.JavaProgramElement Program match failed (pattern false;, source !b_2;) 
938679     DEBUG Test worker     d.u.i.k.j.JavaProgramElement Program match failed (pattern true;, source !b_2;) 
938679     DEBUG Test worker     d.u.i.k.j.JavaProgramElement Program match failed (pattern false;, source !b_2;) 
938679     DEBUG Test worker     d.u.i.k.j.JavaProgramElement Program match failed (pattern true;, source !b_2;) 
938679     DEBUG Test worker     d.u.i.k.j.JavaProgramElement Program match failed (pattern false;, source !b_2;) 
938679     DEBUG Test worker     d.u.i.k.j.JavaProgramElement Program match failed (pattern true;, source !b_2;) 
938679     DEBUG Test worker     d.u.i.k.j.JavaProgramElement Program match failed (pattern false;, source !b_2;) 
938694     DEBUG Test worker     d.u.i.k.j.JavaProgramElement Program match failed (pattern true;, source !b_2;) 
938694     DEBUG Test worker     d.u.i.k.j.JavaProgramElement Program match failed (pattern false;, source !b_2;) 
938694     DEBUG Test worker     d.u.i.k.j.JavaProgramElement Program match failed (pattern true;, source !b_2;) 
938694     DEBUG Test worker     d.u.i.k.j.JavaProgramElement Program match failed (pattern false;, source !b_2;) 
938694     DEBUG Test worker     d.u.i.k.j.JavaProgramElement Program match failed (pattern true;, source !b_2;) 
938694     DEBUG Test worker     d.u.i.k.j.JavaProgramElement Program match failed (pattern false;, source !b_2;) 
938694     DEBUG Test worker     d.u.i.k.j.JavaProgramElement Program match failed (pattern true;, source !b_2;) 
938694     DEBUG Test worker     d.u.i.k.j.JavaProgramElement Program match failed (pattern false;, source !b_2;) 
938694     DEBUG Test worker     d.u.i.k.j.JavaProgramElement Program match failed (pattern true;, source !b_2;) 
938694     DEBUG Test worker     d.u.i.k.j.JavaProgramElement Program match failed (pattern false;, source !b_2;) 
938694     DEBUG Test worker     d.u.i.k.j.JavaProgramElement Program match failed (pattern true;, source !b_2;) 
938694     DEBUG Test worker     d.u.i.k.j.JavaProgramElement Program match failed (pattern false;, source !b_2;) 
938741     DEBUG Test worker     d.u.i.k.j.JavaProgramElement Program match failed (pattern false;, source j < _b.length;) 
938741     DEBUG Test worker     d.u.i.k.j.JavaProgramElement Program match failed (pattern true;, source j < _b.length;) 
938741     DEBUG Test worker     d.u.i.k.j.JavaProgramElement Program match failed (pattern false;, source j < _b.length;) 
938741     DEBUG Test worker     d.u.i.k.j.JavaProgramElement Program match failed (pattern true;, source j < _b.length;) 
938741     DEBUG Test worker     d.u.i.k.j.JavaProgramElement Program match failed (pattern true;, source j < _b.length;) 
938741     DEBUG Test worker     d.u.i.k.j.JavaProgramElement Program match failed (pattern false;, source j < _b.length;) 
938741     DEBUG Test worker     d.u.i.k.j.JavaProgramElement Program match failed (pattern true;, source j < _b.length;) 
938741     DEBUG Test worker     d.u.i.k.j.JavaProgramElement Program match failed (pattern false;, source j < _b.length;) 
938741     DEBUG Test worker     d.u.i.k.j.JavaProgramElement Program match failed (pattern true;, source false;) 
938741     DEBUG Test worker     d.u.i.k.j.JavaProgramElement Program match failed (pattern true;, source false;) 
938741     DEBUG Test worker     d.u.i.k.j.JavaProgramElement Program match failed (pattern false;, source j < _b.length;) 
938741     DEBUG Test worker     d.u.i.k.j.JavaProgramElement Program match failed (pattern true;, source j < _b.length;) 
938741     DEBUG Test worker     d.u.i.k.j.JavaProgramElement Program match failed (pattern false;, source j < _b.length;) 
938741     DEBUG Test worker     d.u.i.k.j.JavaProgramElement Program match failed (pattern true;, source j < _b.length;) 
938741     DEBUG Test worker     d.u.i.k.j.JavaProgramElement Program match failed (pattern true;, source j < _b.length;) 
938741     DEBUG Test worker     d.u.i.k.j.JavaProgramElement Program match failed (pattern false;, source j < _b.length;) 
938741     DEBUG Test worker     d.u.i.k.j.JavaProgramElement Program match failed (pattern true;, source j < _b.length;) 
938757     DEBUG Test worker     d.u.i.k.j.JavaProgramElement Program match failed (pattern false;, source j < _b.length;) 
938788     DEBUG Test worker     d.u.i.k.j.JavaProgramElement Program match failed (pattern true;, source j) 
938788     DEBUG Test worker     d.u.i.k.j.JavaProgramElement Program match failed (pattern false;, source j) 
938788     DEBUG Test worker     d.u.i.k.j.JavaProgramElement Program match failed (pattern true;, source j) 
938788     DEBUG Test worker     d.u.i.k.j.JavaProgramElement Program match failed (pattern false;, source j) 
938804     DEBUG Test worker     d.u.i.k.j.JavaProgramElement Program match failed (pattern true;, source _b.length;) 
938804     DEBUG Test worker     d.u.i.k.j.JavaProgramElement Program match failed (pattern false;, source _b.length;) 
938804     DEBUG Test worker     d.u.i.k.j.JavaProgramElement Program match failed (pattern true;, source _b.length;) 
938804     DEBUG Test worker     d.u.i.k.j.JavaProgramElement Program match failed (pattern false;, source _b.length;) 
938804     DEBUG Test worker     d.u.i.k.j.JavaProgramElement Program match failed (pattern true;, source i_3 < i_4;) 
938804     DEBUG Test worker     d.u.i.k.j.JavaProgramElement Program match failed (pattern false;, source i_3 < i_4;) 
938804     DEBUG Test worker     d.u.i.k.j.JavaProgramElement Program match failed (pattern true;, source i_3 < i_4;) 
938804     DEBUG Test worker     d.u.i.k.j.JavaProgramElement Program match failed (pattern false;, source i_3 < i_4;) 
938819     DEBUG Test worker     d.u.i.k.j.JavaProgramElement Program match failed (pattern true;, source i_3 < i_4;) 
938819     DEBUG Test worker     d.u.i.k.j.JavaProgramElement Program match failed (pattern false;, source i_3 < i_4;) 
938819     DEBUG Test worker     d.u.i.k.j.JavaProgramElement Program match failed (pattern true;, source i_3 < i_4;) 
938819     DEBUG Test worker     d.u.i.k.j.JavaProgramElement Program match failed (pattern false;, source i_3 < i_4;) 
938819     DEBUG Test worker     d.u.i.k.j.JavaProgramElement Program match failed (pattern true;, source i_3 < i_4;) 
938819     DEBUG Test worker     d.u.i.k.j.JavaProgramElement Program match failed (pattern false;, source i_3 < i_4;) 
938819     DEBUG Test worker     d.u.i.k.j.JavaProgramElement Program match failed (pattern true;, source i_3 < i_4;) 
938819     DEBUG Test worker     d.u.i.k.j.JavaProgramElement Program match failed (pattern false;, source i_3 < i_4;) 
938819     DEBUG Test worker     d.u.i.k.j.JavaProgramElement Program match failed (pattern true;, source i_3 < i_4;) 
938819     DEBUG Test worker     d.u.i.k.j.JavaProgramElement Program match failed (pattern false;, source i_3 < i_4;) 
938819     DEBUG Test worker     d.u.i.k.j.JavaProgramElement Program match failed (pattern true;, source i_3 < i_4;) 
938819     DEBUG Test worker     d.u.i.k.j.JavaProgramElement Program match failed (pattern false;, source i_3 < i_4;) 
938819     DEBUG Test worker     d.u.i.k.j.JavaProgramElement Program match failed (pattern true;, source i_3 < i_4;) 
938819     DEBUG Test worker     d.u.i.k.j.JavaProgramElement Program match failed (pattern false;, source i_3 < i_4;) 
938819     DEBUG Test worker     d.u.i.k.j.JavaProgramElement Program match failed (pattern true;, source i_3 < i_4;) 
938819     DEBUG Test worker     d.u.i.k.j.JavaProgramElement Program match failed (pattern false;, source i_3 < i_4;) 
938819     DEBUG Test worker     d.u.i.k.j.JavaProgramElement Program match failed (pattern true;, source i_3 < i_4;) 
938835     DEBUG Test worker     d.u.i.k.j.JavaProgramElement Program match failed (pattern false;, source i_3 < i_4;) 
938835     DEBUG Test worker     d.u.i.k.j.JavaProgramElement Program match failed (pattern true;, source i_3 < i_4;) 
938835     DEBUG Test worker     d.u.i.k.j.JavaProgramElement Program match failed (pattern false;, source i_3 < i_4;) 
938835     DEBUG Test worker     d.u.i.k.j.JavaProgramElement Program match failed (pattern true;, source i_3 < i_4;) 
938835     DEBUG Test worker     d.u.i.k.j.JavaProgramElement Program match failed (pattern false;, source i_3 < i_4;) 
938835     DEBUG Test worker     d.u.i.k.j.JavaProgramElement Program match failed (pattern true;, source i_3 < i_4;) 
938835     DEBUG Test worker     d.u.i.k.j.JavaProgramElement Program match failed (pattern false;, source i_3 < i_4;) 
938923     DEBUG Test worker     d.u.i.k.j.JavaProgramElement Program match failed (pattern true;, source result) 
938923     DEBUG Test worker     d.u.i.k.j.JavaProgramElement Program match failed (pattern false;, source result) 
938923     DEBUG Test worker     d.u.i.k.j.JavaProgramElement Program match failed (pattern true;, source result) 
938923     DEBUG Test worker     d.u.i.k.j.JavaProgramElement Program match failed (pattern false;, source result) 
939210     DEBUG Test worker     d.u.i.k.j.JavaProgramElement Program match failed (pattern true;, source false;) 
939210     DEBUG Test worker     d.u.i.k.j.JavaProgramElement Program match failed (pattern true;, source false;) 
944301     DEBUG Test worker     d.u.i.k.j.JavaProgramElement Program match failed (pattern true;, source i < _a.length && j < _b.length;) 
944301     DEBUG Test worker     d.u.i.k.j.JavaProgramElement Program match failed (pattern false;, source i < _a.length && j < _b.length;) 
944301     DEBUG Test worker     d.u.i.k.j.JavaProgramElement Program match failed (pattern true;, source i < _a.length && j < _b.length;) 
944301     DEBUG Test worker     d.u.i.k.j.JavaProgramElement Program match failed (pattern false;, source i < _a.length && j < _b.length;) 
944301     DEBUG Test worker     d.u.i.k.j.JavaProgramElement Program match failed (pattern true;, source false;) 
944301     DEBUG Test worker     d.u.i.k.j.JavaProgramElement Program match failed (pattern true;, source false;) 
944457     DEBUG Test worker     d.u.i.k.j.JavaProgramElement Program match failed (pattern true;, source i < _a.length && j < _b.length;) 
944457     DEBUG Test worker     d.u.i.k.j.JavaProgramElement Program match failed (pattern false;, source i < _a.length && j < _b.length;) 
944457     DEBUG Test worker     d.u.i.k.j.JavaProgramElement Program match failed (pattern true;, source i < _a.length && j < _b.length;) 
944457     DEBUG Test worker     d.u.i.k.j.JavaProgramElement Program match failed (pattern false;, source i < _a.length && j < _b.length;) 
944457     DEBUG Test worker     d.u.i.k.j.JavaProgramElement Program match failed (pattern true;, source i < _a.length && j < _b.length;) 
944457     DEBUG Test worker     d.u.i.k.j.JavaProgramElement Program match failed (pattern false;, source i < _a.length && j < _b.length;) 
944457     DEBUG Test worker     d.u.i.k.j.JavaProgramElement Program match failed (pattern true;, source i < _a.length && j < _b.length;) 
944457     DEBUG Test worker     d.u.i.k.j.JavaProgramElement Program match failed (pattern false;, source i < _a.length && j < _b.length;) 
944598     DEBUG Test worker     d.u.i.k.j.JavaProgramElement Program match failed (pattern true;, source i < _a.length && j < _b.length;) 
944598     DEBUG Test worker     d.u.i.k.j.JavaProgramElement Program match failed (pattern false;, source i < _a.length && j < _b.length;) 
944598     DEBUG Test worker     d.u.i.k.j.JavaProgramElement Program match failed (pattern true;, source i < _a.length && j < _b.length;) 
944598     DEBUG Test worker     d.u.i.k.j.JavaProgramElement Program match failed (pattern false;, source i < _a.length && j < _b.length;) 
944614     DEBUG Test worker     d.u.i.k.j.JavaProgramElement Program match failed (pattern true;, source !i < _a.length;) 
944614     DEBUG Test worker     d.u.i.k.j.JavaProgramElement Program match failed (pattern false;, source !i < _a.length;) 
944614     DEBUG Test worker     d.u.i.k.j.JavaProgramElement Program match failed (pattern true;, source !i < _a.length;) 
944614     DEBUG Test worker     d.u.i.k.j.JavaProgramElement Program match failed (pattern false;, source !i < _a.length;) 
944614     DEBUG Test worker     d.u.i.k.j.JavaProgramElement Program match failed (pattern true;, source i < _a.length;) 
944614     DEBUG Test worker     d.u.i.k.j.JavaProgramElement Program match failed (pattern false;, source i < _a.length;) 
944614     DEBUG Test worker     d.u.i.k.j.JavaProgramElement Program match failed (pattern true;, source i < _a.length;) 
944614     DEBUG Test worker     d.u.i.k.j.JavaProgramElement Program match failed (pattern false;, source i < _a.length;) 
944629     DEBUG Test worker     d.u.i.k.j.JavaProgramElement Program match failed (pattern true;, source i) 
944629     DEBUG Test worker     d.u.i.k.j.JavaProgramElement Program match failed (pattern false;, source i) 
944629     DEBUG Test worker     d.u.i.k.j.JavaProgramElement Program match failed (pattern true;, source i) 
944629     DEBUG Test worker     d.u.i.k.j.JavaProgramElement Program match failed (pattern false;, source i) 
944629     DEBUG Test worker     d.u.i.k.j.JavaProgramElement Program match failed (pattern true;, source _a.length;) 
944629     DEBUG Test worker     d.u.i.k.j.JavaProgramElement Program match failed (pattern false;, source _a.length;) 
944629     DEBUG Test worker     d.u.i.k.j.JavaProgramElement Program match failed (pattern true;, source _a.length;) 
944629     DEBUG Test worker     d.u.i.k.j.JavaProgramElement Program match failed (pattern false;, source _a.length;) 
944645     DEBUG Test worker     d.u.i.k.j.JavaProgramElement Program match failed (pattern true;, source i_1 < i_2;) 
944645     DEBUG Test worker     d.u.i.k.j.JavaProgramElement Program match failed (pattern false;, source i_1 < i_2;) 
944645     DEBUG Test worker     d.u.i.k.j.JavaProgramElement Program match failed (pattern true;, source i_1 < i_2;) 
944645     DEBUG Test worker     d.u.i.k.j.JavaProgramElement Program match failed (pattern false;, source i_1 < i_2;) 
944645     DEBUG Test worker     d.u.i.k.j.JavaProgramElement Program match failed (pattern true;, source i_1 < i_2;) 
944645     DEBUG Test worker     d.u.i.k.j.JavaProgramElement Program match failed (pattern false;, source i_1 < i_2;) 
944645     DEBUG Test worker     d.u.i.k.j.JavaProgramElement Program match failed (pattern true;, source i_1 < i_2;) 
944645     DEBUG Test worker     d.u.i.k.j.JavaProgramElement Program match failed (pattern false;, source i_1 < i_2;) 
944645     DEBUG Test worker     d.u.i.k.j.JavaProgramElement Program match failed (pattern true;, source i_1 < i_2;) 
944645     DEBUG Test worker     d.u.i.k.j.JavaProgramElement Program match failed (pattern false;, source i_1 < i_2;) 
944645     DEBUG Test worker     d.u.i.k.j.JavaProgramElement Program match failed (pattern true;, source i_1 < i_2;) 
944645     DEBUG Test worker     d.u.i.k.j.JavaProgramElement Program match failed (pattern false;, source i_1 < i_2;) 
944645     DEBUG Test worker     d.u.i.k.j.JavaProgramElement Program match failed (pattern true;, source i_1 < i_2;) 
944645     DEBUG Test worker     d.u.i.k.j.JavaProgramElement Program match failed (pattern false;, source i_1 < i_2;) 
944645     DEBUG Test worker     d.u.i.k.j.JavaProgramElement Program match failed (pattern true;, source i_1 < i_2;) 
944645     DEBUG Test worker     d.u.i.k.j.JavaProgramElement Program match failed (pattern false;, source i_1 < i_2;) 
944645     DEBUG Test worker     d.u.i.k.j.JavaProgramElement Program match failed (pattern true;, source i_1 < i_2;) 
944645     DEBUG Test worker     d.u.i.k.j.JavaProgramElement Program match failed (pattern false;, source i_1 < i_2;) 
944645     DEBUG Test worker     d.u.i.k.j.JavaProgramElement Program match failed (pattern true;, source i_1 < i_2;) 
944645     DEBUG Test worker     d.u.i.k.j.JavaProgramElement Program match failed (pattern false;, source i_1 < i_2;) 
944660     DEBUG Test worker     d.u.i.k.j.JavaProgramElement Program match failed (pattern true;, source i_1 < i_2;) 
944660     DEBUG Test worker     d.u.i.k.j.JavaProgramElement Program match failed (pattern false;, source i_1 < i_2;) 
944660     DEBUG Test worker     d.u.i.k.j.JavaProgramElement Program match failed (pattern true;, source i_1 < i_2;) 
944660     DEBUG Test worker     d.u.i.k.j.JavaProgramElement Program match failed (pattern false;, source i_1 < i_2;) 
944660     DEBUG Test worker     d.u.i.k.j.JavaProgramElement Program match failed (pattern true;, source i_1 < i_2;) 
944660     DEBUG Test worker     d.u.i.k.j.JavaProgramElement Program match failed (pattern false;, source i_1 < i_2;) 
944660     DEBUG Test worker     d.u.i.k.j.JavaProgramElement Program match failed (pattern true;, source i_1 < i_2;) 
944660     DEBUG Test worker     d.u.i.k.j.JavaProgramElement Program match failed (pattern false;, source i_1 < i_2;) 
944660     DEBUG Test worker     d.u.i.k.j.JavaProgramElement Program match failed (pattern true;, source !b_3;) 
944660     DEBUG Test worker     d.u.i.k.j.JavaProgramElement Program match failed (pattern false;, source !b_3;) 
944660     DEBUG Test worker     d.u.i.k.j.JavaProgramElement Program match failed (pattern true;, source !b_3;) 
944660     DEBUG Test worker     d.u.i.k.j.JavaProgramElement Program match failed (pattern false;, source !b_3;) 
944660     DEBUG Test worker     d.u.i.k.j.JavaProgramElement Program match failed (pattern true;, source !b_3;) 
944660     DEBUG Test worker     d.u.i.k.j.JavaProgramElement Program match failed (pattern false;, source !b_3;) 
944660     DEBUG Test worker     d.u.i.k.j.JavaProgramElement Program match failed (pattern true;, source !b_3;) 
944660     DEBUG Test worker     d.u.i.k.j.JavaProgramElement Program match failed (pattern false;, source !b_3;) 
944660     DEBUG Test worker     d.u.i.k.j.JavaProgramElement Program match failed (pattern true;, source !b_3;) 
944660     DEBUG Test worker     d.u.i.k.j.JavaProgramElement Program match failed (pattern false;, source !b_3;) 
944660     DEBUG Test worker     d.u.i.k.j.JavaProgramElement Program match failed (pattern true;, source !b_3;) 
944660     DEBUG Test worker     d.u.i.k.j.JavaProgramElement Program match failed (pattern false;, source !b_3;) 
944660     DEBUG Test worker     d.u.i.k.j.JavaProgramElement Program match failed (pattern true;, source !b_3;) 
944660     DEBUG Test worker     d.u.i.k.j.JavaProgramElement Program match failed (pattern false;, source !b_3;) 
944660     DEBUG Test worker     d.u.i.k.j.JavaProgramElement Program match failed (pattern true;, source !b_3;) 
944660     DEBUG Test worker     d.u.i.k.j.JavaProgramElement Program match failed (pattern false;, source !b_3;) 
944660     DEBUG Test worker     d.u.i.k.j.JavaProgramElement Program match failed (pattern true;, source !b_3;) 
944676     DEBUG Test worker     d.u.i.k.j.JavaProgramElement Program match failed (pattern false;, source !b_3;) 
944676     DEBUG Test worker     d.u.i.k.j.JavaProgramElement Program match failed (pattern true;, source !b_3;) 
944676     DEBUG Test worker     d.u.i.k.j.JavaProgramElement Program match failed (pattern false;, source !b_3;) 
944676     DEBUG Test worker     d.u.i.k.j.JavaProgramElement Program match failed (pattern true;, source !b_3;) 
944676     DEBUG Test worker     d.u.i.k.j.JavaProgramElement Program match failed (pattern false;, source !b_3;) 
944676     DEBUG Test worker     d.u.i.k.j.JavaProgramElement Program match failed (pattern true;, source !b_3;) 
944676     DEBUG Test worker     d.u.i.k.j.JavaProgramElement Program match failed (pattern false;, source !b_3;) 
944676     DEBUG Test worker     d.u.i.k.j.JavaProgramElement Program match failed (pattern true;, source !b_3;) 
944676     DEBUG Test worker     d.u.i.k.j.JavaProgramElement Program match failed (pattern false;, source !b_3;) 
944676     DEBUG Test worker     d.u.i.k.j.JavaProgramElement Program match failed (pattern true;, source !b_3;) 
944676     DEBUG Test worker     d.u.i.k.j.JavaProgramElement Program match failed (pattern false;, source !b_3;) 
944676     DEBUG Test worker     d.u.i.k.j.JavaProgramElement Program match failed (pattern true;, source !b_3;) 
944676     DEBUG Test worker     d.u.i.k.j.JavaProgramElement Program match failed (pattern false;, source !b_3;) 
944676     DEBUG Test worker     d.u.i.k.j.JavaProgramElement Program match failed (pattern true;, source !b_3;) 
944676     DEBUG Test worker     d.u.i.k.j.JavaProgramElement Program match failed (pattern false;, source !b_3;) 
944676     DEBUG Test worker     d.u.i.k.j.JavaProgramElement Program match failed (pattern true;, source !b_3;) 
944676     DEBUG Test worker     d.u.i.k.j.JavaProgramElement Program match failed (pattern false;, source !b_3;) 
944676     DEBUG Test worker     d.u.i.k.j.JavaProgramElement Program match failed (pattern true;, source !b_3;) 
944676     DEBUG Test worker     d.u.i.k.j.JavaProgramElement Program match failed (pattern false;, source !b_3;) 
944676     DEBUG Test worker     d.u.i.k.j.JavaProgramElement Program match failed (pattern true;, source !b_3;) 
944676     DEBUG Test worker     d.u.i.k.j.JavaProgramElement Program match failed (pattern false;, source !b_3;) 
944676     DEBUG Test worker     d.u.i.k.j.JavaProgramElement Program match failed (pattern true;, source !b_3;) 
944676     DEBUG Test worker     d.u.i.k.j.JavaProgramElement Program match failed (pattern false;, source !b_3;) 
944692     DEBUG Test worker     d.u.i.k.j.JavaProgramElement Program match failed (pattern true;, source !b_3;) 
944692     DEBUG Test worker     d.u.i.k.j.JavaProgramElement Program match failed (pattern false;, source !b_3;) 
944692     DEBUG Test worker     d.u.i.k.j.JavaProgramElement Program match failed (pattern true;, source !b_3;) 
944692     DEBUG Test worker     d.u.i.k.j.JavaProgramElement Program match failed (pattern false;, source !b_3;) 
944692     DEBUG Test worker     d.u.i.k.j.JavaProgramElement Program match failed (pattern true;, source !b_3;) 
944692     DEBUG Test worker     d.u.i.k.j.JavaProgramElement Program match failed (pattern false;, source !b_3;) 
944692     DEBUG Test worker     d.u.i.k.j.JavaProgramElement Program match failed (pattern true;, source !b_3;) 
944692     DEBUG Test worker     d.u.i.k.j.JavaProgramElement Program match failed (pattern false;, source !b_3;) 
944692     DEBUG Test worker     d.u.i.k.j.JavaProgramElement Program match failed (pattern true;, source !b_3;) 
944692     DEBUG Test worker     d.u.i.k.j.JavaProgramElement Program match failed (pattern false;, source !b_3;) 
944692     DEBUG Test worker     d.u.i.k.j.JavaProgramElement Program match failed (pattern true;, source !b_3;) 
944692     DEBUG Test worker     d.u.i.k.j.JavaProgramElement Program match failed (pattern false;, source !b_3;) 
944692     DEBUG Test worker     d.u.i.k.j.JavaProgramElement Program match failed (pattern true;, source !b_3;) 
944692     DEBUG Test worker     d.u.i.k.j.JavaProgramElement Program match failed (pattern false;, source !b_3;) 
944692     DEBUG Test worker     d.u.i.k.j.JavaProgramElement Program match failed (pattern true;, source !b_3;) 
944692     DEBUG Test worker     d.u.i.k.j.JavaProgramElement Program match failed (pattern false;, source !b_3;) 
944692     DEBUG Test worker     d.u.i.k.j.JavaProgramElement Program match failed (pattern true;, source !b_3;) 
944692     DEBUG Test worker     d.u.i.k.j.JavaProgramElement Program match failed (pattern false;, source !b_3;) 
944692     DEBUG Test worker     d.u.i.k.j.JavaProgramElement Program match failed (pattern true;, source !b_3;) 
944692     DEBUG Test worker     d.u.i.k.j.JavaProgramElement Program match failed (pattern false;, source !b_3;) 
944692     DEBUG Test worker     d.u.i.k.j.JavaProgramElement Program match failed (pattern true;, source !b_3;) 
944692     DEBUG Test worker     d.u.i.k.j.JavaProgramElement Program match failed (pattern false;, source !b_3;) 
944692     DEBUG Test worker     d.u.i.k.j.JavaProgramElement Program match failed (pattern true;, source !b_3;) 
944707     DEBUG Test worker     d.u.i.k.j.JavaProgramElement Program match failed (pattern false;, source !b_3;) 
944707     DEBUG Test worker     d.u.i.k.j.JavaProgramElement Program match failed (pattern true;, source !b_3;) 
944707     DEBUG Test worker     d.u.i.k.j.JavaProgramElement Program match failed (pattern false;, source !b_3;) 
944707     DEBUG Test worker     d.u.i.k.j.JavaProgramElement Program match failed (pattern true;, source !b_3;) 
944707     DEBUG Test worker     d.u.i.k.j.JavaProgramElement Program match failed (pattern false;, source !b_3;) 
944707     DEBUG Test worker     d.u.i.k.j.JavaProgramElement Program match failed (pattern true;, source !b_3;) 
944707     DEBUG Test worker     d.u.i.k.j.JavaProgramElement Program match failed (pattern false;, source !b_3;) 
944707     DEBUG Test worker     d.u.i.k.j.JavaProgramElement Program match failed (pattern true;, source !b_3;) 
944707     DEBUG Test worker     d.u.i.k.j.JavaProgramElement Program match failed (pattern false;, source !b_3;) 
944707     DEBUG Test worker     d.u.i.k.j.JavaProgramElement Program match failed (pattern true;, source !b_3;) 
944707     DEBUG Test worker     d.u.i.k.j.JavaProgramElement Program match failed (pattern false;, source !b_3;) 
944707     DEBUG Test worker     d.u.i.k.j.JavaProgramElement Program match failed (pattern true;, source !b_3;) 
944707     DEBUG Test worker     d.u.i.k.j.JavaProgramElement Program match failed (pattern false;, source !b_3;) 
944742     DEBUG Test worker     d.u.i.k.j.JavaProgramElement Program match failed (pattern true;, source !i < _a.length;) 
944742     DEBUG Test worker     d.u.i.k.j.JavaProgramElement Program match failed (pattern false;, source !i < _a.length;) 
944742     DEBUG Test worker     d.u.i.k.j.JavaProgramElement Program match failed (pattern true;, source !i < _a.length;) 
944742     DEBUG Test worker     d.u.i.k.j.JavaProgramElement Program match failed (pattern false;, source !i < _a.length;) 
944758     DEBUG Test worker     d.u.i.k.j.JavaProgramElement Program match failed (pattern true;, source i < _a.length;) 
944758     DEBUG Test worker     d.u.i.k.j.JavaProgramElement Program match failed (pattern false;, source i < _a.length;) 
944758     DEBUG Test worker     d.u.i.k.j.JavaProgramElement Program match failed (pattern true;, source i < _a.length;) 
944758     DEBUG Test worker     d.u.i.k.j.JavaProgramElement Program match failed (pattern false;, source i < _a.length;) 
944758     DEBUG Test worker     d.u.i.k.j.JavaProgramElement Program match failed (pattern true;, source i) 
944758     DEBUG Test worker     d.u.i.k.j.JavaProgramElement Program match failed (pattern false;, source i) 
944758     DEBUG Test worker     d.u.i.k.j.JavaProgramElement Program match failed (pattern true;, source i) 
944758     DEBUG Test worker     d.u.i.k.j.JavaProgramElement Program match failed (pattern false;, source i) 
944774     DEBUG Test worker     d.u.i.k.j.JavaProgramElement Program match failed (pattern true;, source _a.length;) 
944774     DEBUG Test worker     d.u.i.k.j.JavaProgramElement Program match failed (pattern false;, source _a.length;) 
944774     DEBUG Test worker     d.u.i.k.j.JavaProgramElement Program match failed (pattern true;, source _a.length;) 
944774     DEBUG Test worker     d.u.i.k.j.JavaProgramElement Program match failed (pattern false;, source _a.length;) 
944774     DEBUG Test worker     d.u.i.k.j.JavaProgramElement Program match failed (pattern true;, source i_3 < i_4;) 
944774     DEBUG Test worker     d.u.i.k.j.JavaProgramElement Program match failed (pattern false;, source i_3 < i_4;) 
944774     DEBUG Test worker     d.u.i.k.j.JavaProgramElement Program match failed (pattern true;, source i_3 < i_4;) 
944774     DEBUG Test worker     d.u.i.k.j.JavaProgramElement Program match failed (pattern false;, source i_3 < i_4;) 
944789     DEBUG Test worker     d.u.i.k.j.JavaProgramElement Program match failed (pattern true;, source i_3 < i_4;) 
944789     DEBUG Test worker     d.u.i.k.j.JavaProgramElement Program match failed (pattern false;, source i_3 < i_4;) 
944789     DEBUG Test worker     d.u.i.k.j.JavaProgramElement Program match failed (pattern true;, source i_3 < i_4;) 
944789     DEBUG Test worker     d.u.i.k.j.JavaProgramElement Program match failed (pattern false;, source i_3 < i_4;) 
944789     DEBUG Test worker     d.u.i.k.j.JavaProgramElement Program match failed (pattern true;, source i_3 < i_4;) 
944789     DEBUG Test worker     d.u.i.k.j.JavaProgramElement Program match failed (pattern false;, source i_3 < i_4;) 
944789     DEBUG Test worker     d.u.i.k.j.JavaProgramElement Program match failed (pattern true;, source i_3 < i_4;) 
944789     DEBUG Test worker     d.u.i.k.j.JavaProgramElement Program match failed (pattern false;, source i_3 < i_4;) 
944789     DEBUG Test worker     d.u.i.k.j.JavaProgramElement Program match failed (pattern true;, source i_3 < i_4;) 
944789     DEBUG Test worker     d.u.i.k.j.JavaProgramElement Program match failed (pattern false;, source i_3 < i_4;) 
944789     DEBUG Test worker     d.u.i.k.j.JavaProgramElement Program match failed (pattern true;, source i_3 < i_4;) 
944789     DEBUG Test worker     d.u.i.k.j.JavaProgramElement Program match failed (pattern false;, source i_3 < i_4;) 
944789     DEBUG Test worker     d.u.i.k.j.JavaProgramElement Program match failed (pattern true;, source i_3 < i_4;) 
944789     DEBUG Test worker     d.u.i.k.j.JavaProgramElement Program match failed (pattern false;, source i_3 < i_4;) 
944789     DEBUG Test worker     d.u.i.k.j.JavaProgramElement Program match failed (pattern true;, source i_3 < i_4;) 
944789     DEBUG Test worker     d.u.i.k.j.JavaProgramElement Program match failed (pattern false;, source i_3 < i_4;) 
944789     DEBUG Test worker     d.u.i.k.j.JavaProgramElement Program match failed (pattern true;, source i_3 < i_4;) 
944789     DEBUG Test worker     d.u.i.k.j.JavaProgramElement Program match failed (pattern false;, source i_3 < i_4;) 
944789     DEBUG Test worker     d.u.i.k.j.JavaProgramElement Program match failed (pattern true;, source i_3 < i_4;) 
944789     DEBUG Test worker     d.u.i.k.j.JavaProgramElement Program match failed (pattern false;, source i_3 < i_4;) 
944805     DEBUG Test worker     d.u.i.k.j.JavaProgramElement Program match failed (pattern true;, source !b_5;) 
944805     DEBUG Test worker     d.u.i.k.j.JavaProgramElement Program match failed (pattern false;, source !b_5;) 
944805     DEBUG Test worker     d.u.i.k.j.JavaProgramElement Program match failed (pattern true;, source !b_5;) 
944805     DEBUG Test worker     d.u.i.k.j.JavaProgramElement Program match failed (pattern false;, source !b_5;) 
944805     DEBUG Test worker     d.u.i.k.j.JavaProgramElement Program match failed (pattern true;, source !b_5;) 
944805     DEBUG Test worker     d.u.i.k.j.JavaProgramElement Program match failed (pattern false;, source !b_5;) 
944805     DEBUG Test worker     d.u.i.k.j.JavaProgramElement Program match failed (pattern true;, source !b_5;) 
944805     DEBUG Test worker     d.u.i.k.j.JavaProgramElement Program match failed (pattern false;, source !b_5;) 
944820     DEBUG Test worker     d.u.i.k.j.JavaProgramElement Program match failed (pattern true;, source !b_5;) 
944820     DEBUG Test worker     d.u.i.k.j.JavaProgramElement Program match failed (pattern false;, source !b_5;) 
944820     DEBUG Test worker     d.u.i.k.j.JavaProgramElement Program match failed (pattern true;, source !b_5;) 
944820     DEBUG Test worker     d.u.i.k.j.JavaProgramElement Program match failed (pattern false;, source !b_5;) 
944820     DEBUG Test worker     d.u.i.k.j.JavaProgramElement Program match failed (pattern true;, source !b_5;) 
944820     DEBUG Test worker     d.u.i.k.j.JavaProgramElement Program match failed (pattern false;, source !b_5;) 
944820     DEBUG Test worker     d.u.i.k.j.JavaProgramElement Program match failed (pattern true;, source !b_5;) 
944820     DEBUG Test worker     d.u.i.k.j.JavaProgramElement Program match failed (pattern false;, source !b_5;) 
944820     DEBUG Test worker     d.u.i.k.j.JavaProgramElement Program match failed (pattern true;, source !b_5;) 
944820     DEBUG Test worker     d.u.i.k.j.JavaProgramElement Program match failed (pattern false;, source !b_5;) 
944820     DEBUG Test worker     d.u.i.k.j.JavaProgramElement Program match failed (pattern true;, source !b_5;) 
944820     DEBUG Test worker     d.u.i.k.j.JavaProgramElement Program match failed (pattern false;, source !b_5;) 
944820     DEBUG Test worker     d.u.i.k.j.JavaProgramElement Program match failed (pattern true;, source !b_5;) 
944820     DEBUG Test worker     d.u.i.k.j.JavaProgramElement Program match failed (pattern false;, source !b_5;) 
944820     DEBUG Test worker     d.u.i.k.j.JavaProgramElement Program match failed (pattern true;, source !b_5;) 
944820     DEBUG Test worker     d.u.i.k.j.JavaProgramElement Program match failed (pattern false;, source !b_5;) 
944820     DEBUG Test worker     d.u.i.k.j.JavaProgramElement Program match failed (pattern true;, source !b_5;) 
944820     DEBUG Test worker     d.u.i.k.j.JavaProgramElement Program match failed (pattern false;, source !b_5;) 
944820     DEBUG Test worker     d.u.i.k.j.JavaProgramElement Program match failed (pattern true;, source !b_5;) 
944820     DEBUG Test worker     d.u.i.k.j.JavaProgramElement Program match failed (pattern false;, source !b_5;) 
944820     DEBUG Test worker     d.u.i.k.j.JavaProgramElement Program match failed (pattern true;, source !b_5;) 
944820     DEBUG Test worker     d.u.i.k.j.JavaProgramElement Program match failed (pattern false;, source !b_5;) 
944820     DEBUG Test worker     d.u.i.k.j.JavaProgramElement Program match failed (pattern true;, source !b_5;) 
944820     DEBUG Test worker     d.u.i.k.j.JavaProgramElement Program match failed (pattern false;, source !b_5;) 
944820     DEBUG Test worker     d.u.i.k.j.JavaProgramElement Program match failed (pattern true;, source !b_5;) 
944820     DEBUG Test worker     d.u.i.k.j.JavaProgramElement Program match failed (pattern false;, source !b_5;) 
944820     DEBUG Test worker     d.u.i.k.j.JavaProgramElement Program match failed (pattern true;, source !b_5;) 
944820     DEBUG Test worker     d.u.i.k.j.JavaProgramElement Program match failed (pattern false;, source !b_5;) 
944820     DEBUG Test worker     d.u.i.k.j.JavaProgramElement Program match failed (pattern true;, source !b_5;) 
944820     DEBUG Test worker     d.u.i.k.j.JavaProgramElement Program match failed (pattern false;, source !b_5;) 
944820     DEBUG Test worker     d.u.i.k.j.JavaProgramElement Program match failed (pattern true;, source !b_5;) 
944820     DEBUG Test worker     d.u.i.k.j.JavaProgramElement Program match failed (pattern false;, source !b_5;) 
944836     DEBUG Test worker     d.u.i.k.j.JavaProgramElement Program match failed (pattern true;, source !b_5;) 
944836     DEBUG Test worker     d.u.i.k.j.JavaProgramElement Program match failed (pattern false;, source !b_5;) 
944836     DEBUG Test worker     d.u.i.k.j.JavaProgramElement Program match failed (pattern true;, source !b_5;) 
944836     DEBUG Test worker     d.u.i.k.j.JavaProgramElement Program match failed (pattern false;, source !b_5;) 
944836     DEBUG Test worker     d.u.i.k.j.JavaProgramElement Program match failed (pattern true;, source !b_5;) 
944836     DEBUG Test worker     d.u.i.k.j.JavaProgramElement Program match failed (pattern false;, source !b_5;) 
944836     DEBUG Test worker     d.u.i.k.j.JavaProgramElement Program match failed (pattern true;, source !b_5;) 
944836     DEBUG Test worker     d.u.i.k.j.JavaProgramElement Program match failed (pattern false;, source !b_5;) 
944836     DEBUG Test worker     d.u.i.k.j.JavaProgramElement Program match failed (pattern true;, source !b_5;) 
944836     DEBUG Test worker     d.u.i.k.j.JavaProgramElement Program match failed (pattern false;, source !b_5;) 
944836     DEBUG Test worker     d.u.i.k.j.JavaProgramElement Program match failed (pattern true;, source !b_5;) 
944836     DEBUG Test worker     d.u.i.k.j.JavaProgramElement Program match failed (pattern false;, source !b_5;) 
944836     DEBUG Test worker     d.u.i.k.j.JavaProgramElement Program match failed (pattern true;, source !b_5;) 
944836     DEBUG Test worker     d.u.i.k.j.JavaProgramElement Program match failed (pattern false;, source !b_5;) 
944836     DEBUG Test worker     d.u.i.k.j.JavaProgramElement Program match failed (pattern true;, source !b_5;) 
944836     DEBUG Test worker     d.u.i.k.j.JavaProgramElement Program match failed (pattern false;, source !b_5;) 
944836     DEBUG Test worker     d.u.i.k.j.JavaProgramElement Program match failed (pattern true;, source !b_5;) 
944836     DEBUG Test worker     d.u.i.k.j.JavaProgramElement Program match failed (pattern false;, source !b_5;) 
944836     DEBUG Test worker     d.u.i.k.j.JavaProgramElement Program match failed (pattern true;, source !b_5;) 
944836     DEBUG Test worker     d.u.i.k.j.JavaProgramElement Program match failed (pattern false;, source !b_5;) 
944836     DEBUG Test worker     d.u.i.k.j.JavaProgramElement Program match failed (pattern true;, source !b_5;) 
944836     DEBUG Test worker     d.u.i.k.j.JavaProgramElement Program match failed (pattern false;, source !b_5;) 
944836     DEBUG Test worker     d.u.i.k.j.JavaProgramElement Program match failed (pattern true;, source !b_5;) 
944836     DEBUG Test worker     d.u.i.k.j.JavaProgramElement Program match failed (pattern false;, source !b_5;) 
944852     DEBUG Test worker     d.u.i.k.j.JavaProgramElement Program match failed (pattern true;, source !b_5;) 
944852     DEBUG Test worker     d.u.i.k.j.JavaProgramElement Program match failed (pattern false;, source !b_5;) 
944852     DEBUG Test worker     d.u.i.k.j.JavaProgramElement Program match failed (pattern true;, source !b_5;) 
944852     DEBUG Test worker     d.u.i.k.j.JavaProgramElement Program match failed (pattern false;, source !b_5;) 
944852     DEBUG Test worker     d.u.i.k.j.JavaProgramElement Program match failed (pattern true;, source !b_5;) 
944852     DEBUG Test worker     d.u.i.k.j.JavaProgramElement Program match failed (pattern false;, source !b_5;) 
944852     DEBUG Test worker     d.u.i.k.j.JavaProgramElement Program match failed (pattern true;, source !b_5;) 
944852     DEBUG Test worker     d.u.i.k.j.JavaProgramElement Program match failed (pattern false;, source !b_5;) 
944852     DEBUG Test worker     d.u.i.k.j.JavaProgramElement Program match failed (pattern true;, source !b_5;) 
944852     DEBUG Test worker     d.u.i.k.j.JavaProgramElement Program match failed (pattern false;, source !b_5;) 
944852     DEBUG Test worker     d.u.i.k.j.JavaProgramElement Program match failed (pattern true;, source !b_5;) 
944852     DEBUG Test worker     d.u.i.k.j.JavaProgramElement Program match failed (pattern false;, source !b_5;) 
944899     DEBUG Test worker     d.u.i.k.j.JavaProgramElement Program match failed (pattern false;, source j < _b.length;) 
944899     DEBUG Test worker     d.u.i.k.j.JavaProgramElement Program match failed (pattern true;, source j < _b.length;) 
944899     DEBUG Test worker     d.u.i.k.j.JavaProgramElement Program match failed (pattern false;, source j < _b.length;) 
944899     DEBUG Test worker     d.u.i.k.j.JavaProgramElement Program match failed (pattern true;, source j < _b.length;) 
944899     DEBUG Test worker     d.u.i.k.j.JavaProgramElement Program match failed (pattern true;, source j < _b.length;) 
944899     DEBUG Test worker     d.u.i.k.j.JavaProgramElement Program match failed (pattern false;, source j < _b.length;) 
944899     DEBUG Test worker     d.u.i.k.j.JavaProgramElement Program match failed (pattern true;, source j < _b.length;) 
944899     DEBUG Test worker     d.u.i.k.j.JavaProgramElement Program match failed (pattern false;, source j < _b.length;) 
944914     DEBUG Test worker     d.u.i.k.j.JavaProgramElement Program match failed (pattern true;, source false;) 
944914     DEBUG Test worker     d.u.i.k.j.JavaProgramElement Program match failed (pattern true;, source false;) 
944914     DEBUG Test worker     d.u.i.k.j.JavaProgramElement Program match failed (pattern false;, source j < _b.length;) 
944914     DEBUG Test worker     d.u.i.k.j.JavaProgramElement Program match failed (pattern true;, source j < _b.length;) 
944914     DEBUG Test worker     d.u.i.k.j.JavaProgramElement Program match failed (pattern false;, source j < _b.length;) 
944914     DEBUG Test worker     d.u.i.k.j.JavaProgramElement Program match failed (pattern true;, source j < _b.length;) 
944914     DEBUG Test worker     d.u.i.k.j.JavaProgramElement Program match failed (pattern true;, source j < _b.length;) 
944914     DEBUG Test worker     d.u.i.k.j.JavaProgramElement Program match failed (pattern false;, source j < _b.length;) 
944914     DEBUG Test worker     d.u.i.k.j.JavaProgramElement Program match failed (pattern true;, source j < _b.length;) 
944914     DEBUG Test worker     d.u.i.k.j.JavaProgramElement Program match failed (pattern false;, source j < _b.length;) 
944945     DEBUG Test worker     d.u.i.k.j.JavaProgramElement Program match failed (pattern true;, source j) 
944945     DEBUG Test worker     d.u.i.k.j.JavaProgramElement Program match failed (pattern false;, source j) 
944945     DEBUG Test worker     d.u.i.k.j.JavaProgramElement Program match failed (pattern true;, source j) 
944945     DEBUG Test worker     d.u.i.k.j.JavaProgramElement Program match failed (pattern false;, source j) 
944945     DEBUG Test worker     d.u.i.k.j.JavaProgramElement Program match failed (pattern true;, source _b.length;) 
944945     DEBUG Test worker     d.u.i.k.j.JavaProgramElement Program match failed (pattern false;, source _b.length;) 
944945     DEBUG Test worker     d.u.i.k.j.JavaProgramElement Program match failed (pattern true;, source _b.length;) 
944945     DEBUG Test worker     d.u.i.k.j.JavaProgramElement Program match failed (pattern false;, source _b.length;) 
944945     DEBUG Test worker     d.u.i.k.j.JavaProgramElement Program match failed (pattern true;, source i_5 < i_6;) 
944945     DEBUG Test worker     d.u.i.k.j.JavaProgramElement Program match failed (pattern false;, source i_5 < i_6;) 
944945     DEBUG Test worker     d.u.i.k.j.JavaProgramElement Program match failed (pattern true;, source i_5 < i_6;) 
944945     DEBUG Test worker     d.u.i.k.j.JavaProgramElement Program match failed (pattern false;, source i_5 < i_6;) 
944945     DEBUG Test worker     d.u.i.k.j.JavaProgramElement Program match failed (pattern true;, source i_5 < i_6;) 
944945     DEBUG Test worker     d.u.i.k.j.JavaProgramElement Program match failed (pattern false;, source i_5 < i_6;) 
944945     DEBUG Test worker     d.u.i.k.j.JavaProgramElement Program match failed (pattern true;, source i_5 < i_6;) 
944961     DEBUG Test worker     d.u.i.k.j.JavaProgramElement Program match failed (pattern false;, source i_5 < i_6;) 
944961     DEBUG Test worker     d.u.i.k.j.JavaProgramElement Program match failed (pattern true;, source i_5 < i_6;) 
944961     DEBUG Test worker     d.u.i.k.j.JavaProgramElement Program match failed (pattern false;, source i_5 < i_6;) 
944961     DEBUG Test worker     d.u.i.k.j.JavaProgramElement Program match failed (pattern true;, source i_5 < i_6;) 
944961     DEBUG Test worker     d.u.i.k.j.JavaProgramElement Program match failed (pattern false;, source i_5 < i_6;) 
944961     DEBUG Test worker     d.u.i.k.j.JavaProgramElement Program match failed (pattern true;, source i_5 < i_6;) 
944961     DEBUG Test worker     d.u.i.k.j.JavaProgramElement Program match failed (pattern false;, source i_5 < i_6;) 
944961     DEBUG Test worker     d.u.i.k.j.JavaProgramElement Program match failed (pattern true;, source i_5 < i_6;) 
944961     DEBUG Test worker     d.u.i.k.j.JavaProgramElement Program match failed (pattern false;, source i_5 < i_6;) 
944961     DEBUG Test worker     d.u.i.k.j.JavaProgramElement Program match failed (pattern true;, source i_5 < i_6;) 
944961     DEBUG Test worker     d.u.i.k.j.JavaProgramElement Program match failed (pattern false;, source i_5 < i_6;) 
944961     DEBUG Test worker     d.u.i.k.j.JavaProgramElement Program match failed (pattern true;, source i_5 < i_6;) 
944961     DEBUG Test worker     d.u.i.k.j.JavaProgramElement Program match failed (pattern false;, source i_5 < i_6;) 
944961     DEBUG Test worker     d.u.i.k.j.JavaProgramElement Program match failed (pattern true;, source i_5 < i_6;) 
944961     DEBUG Test worker     d.u.i.k.j.JavaProgramElement Program match failed (pattern false;, source i_5 < i_6;) 
944961     DEBUG Test worker     d.u.i.k.j.JavaProgramElement Program match failed (pattern true;, source i_5 < i_6;) 
944961     DEBUG Test worker     d.u.i.k.j.JavaProgramElement Program match failed (pattern false;, source i_5 < i_6;) 
944961     DEBUG Test worker     d.u.i.k.j.JavaProgramElement Program match failed (pattern true;, source i_5 < i_6;) 
944961     DEBUG Test worker     d.u.i.k.j.JavaProgramElement Program match failed (pattern false;, source i_5 < i_6;) 
944961     DEBUG Test worker     d.u.i.k.j.JavaProgramElement Program match failed (pattern true;, source i_5 < i_6;) 
944961     DEBUG Test worker     d.u.i.k.j.JavaProgramElement Program match failed (pattern false;, source i_5 < i_6;) 
945070     DEBUG Test worker     d.u.i.k.j.JavaProgramElement Program match failed (pattern false;, source j < _b.length;) 
945070     DEBUG Test worker     d.u.i.k.j.JavaProgramElement Program match failed (pattern true;, source j < _b.length;) 
945070     DEBUG Test worker     d.u.i.k.j.JavaProgramElement Program match failed (pattern false;, source j < _b.length;) 
945070     DEBUG Test worker     d.u.i.k.j.JavaProgramElement Program match failed (pattern true;, source j < _b.length;) 
945070     DEBUG Test worker     d.u.i.k.j.JavaProgramElement Program match failed (pattern true;, source j < _b.length;) 
945070     DEBUG Test worker     d.u.i.k.j.JavaProgramElement Program match failed (pattern false;, source j < _b.length;) 
945070     DEBUG Test worker     d.u.i.k.j.JavaProgramElement Program match failed (pattern true;, source j < _b.length;) 
945070     DEBUG Test worker     d.u.i.k.j.JavaProgramElement Program match failed (pattern false;, source j < _b.length;) 
945070     DEBUG Test worker     d.u.i.k.j.JavaProgramElement Program match failed (pattern true;, source false;) 
945070     DEBUG Test worker     d.u.i.k.j.JavaProgramElement Program match failed (pattern true;, source false;) 
945070     DEBUG Test worker     d.u.i.k.j.JavaProgramElement Program match failed (pattern false;, source j < _b.length;) 
945070     DEBUG Test worker     d.u.i.k.j.JavaProgramElement Program match failed (pattern true;, source j < _b.length;) 
945070     DEBUG Test worker     d.u.i.k.j.JavaProgramElement Program match failed (pattern false;, source j < _b.length;) 
945070     DEBUG Test worker     d.u.i.k.j.JavaProgramElement Program match failed (pattern true;, source j < _b.length;) 
945070     DEBUG Test worker     d.u.i.k.j.JavaProgramElement Program match failed (pattern true;, source j < _b.length;) 
945070     DEBUG Test worker     d.u.i.k.j.JavaProgramElement Program match failed (pattern false;, source j < _b.length;) 
945070     DEBUG Test worker     d.u.i.k.j.JavaProgramElement Program match failed (pattern true;, source j < _b.length;) 
945070     DEBUG Test worker     d.u.i.k.j.JavaProgramElement Program match failed (pattern false;, source j < _b.length;) 
945102     DEBUG Test worker     d.u.i.k.j.JavaProgramElement Program match failed (pattern false;, source j) 
945102     DEBUG Test worker     d.u.i.k.j.JavaProgramElement Program match failed (pattern true;, source j) 
945102     DEBUG Test worker     d.u.i.k.j.JavaProgramElement Program match failed (pattern false;, source j) 
945102     DEBUG Test worker     d.u.i.k.j.JavaProgramElement Program match failed (pattern true;, source j) 
945102     DEBUG Test worker     d.u.i.k.j.JavaProgramElement Program match failed (pattern true;, source j) 
945102     DEBUG Test worker     d.u.i.k.j.JavaProgramElement Program match failed (pattern false;, source j) 
945102     DEBUG Test worker     d.u.i.k.j.JavaProgramElement Program match failed (pattern true;, source j) 
945102     DEBUG Test worker     d.u.i.k.j.JavaProgramElement Program match failed (pattern false;, source j) 
945117     DEBUG Test worker     d.u.i.k.j.JavaProgramElement Program match failed (pattern false;, source _b.length;) 
945117     DEBUG Test worker     d.u.i.k.j.JavaProgramElement Program match failed (pattern true;, source _b.length;) 
945117     DEBUG Test worker     d.u.i.k.j.JavaProgramElement Program match failed (pattern false;, source _b.length;) 
945117     DEBUG Test worker     d.u.i.k.j.JavaProgramElement Program match failed (pattern true;, source _b.length;) 
945117     DEBUG Test worker     d.u.i.k.j.JavaProgramElement Program match failed (pattern true;, source _b.length;) 
945117     DEBUG Test worker     d.u.i.k.j.JavaProgramElement Program match failed (pattern false;, source _b.length;) 
945133     DEBUG Test worker     d.u.i.k.j.JavaProgramElement Program match failed (pattern true;, source _b.length;) 
945133     DEBUG Test worker     d.u.i.k.j.JavaProgramElement Program match failed (pattern false;, source _b.length;) 
945133     DEBUG Test worker     d.u.i.k.j.JavaProgramElement Program match failed (pattern false;, source i_7 < i_8;) 
945133     DEBUG Test worker     d.u.i.k.j.JavaProgramElement Program match failed (pattern true;, source i_7 < i_8;) 
945133     DEBUG Test worker     d.u.i.k.j.JavaProgramElement Program match failed (pattern false;, source i_7 < i_8;) 
945133     DEBUG Test worker     d.u.i.k.j.JavaProgramElement Program match failed (pattern true;, source i_7 < i_8;) 
945133     DEBUG Test worker     d.u.i.k.j.JavaProgramElement Program match failed (pattern true;, source i_7 < i_8;) 
945133     DEBUG Test worker     d.u.i.k.j.JavaProgramElement Program match failed (pattern false;, source i_7 < i_8;) 
945133     DEBUG Test worker     d.u.i.k.j.JavaProgramElement Program match failed (pattern true;, source i_7 < i_8;) 
945133     DEBUG Test worker     d.u.i.k.j.JavaProgramElement Program match failed (pattern false;, source i_7 < i_8;) 
945133     DEBUG Test worker     d.u.i.k.j.JavaProgramElement Program match failed (pattern false;, source i_7 < i_8;) 
945149     DEBUG Test worker     d.u.i.k.j.JavaProgramElement Program match failed (pattern true;, source i_7 < i_8;) 
945149     DEBUG Test worker     d.u.i.k.j.JavaProgramElement Program match failed (pattern false;, source i_7 < i_8;) 
945149     DEBUG Test worker     d.u.i.k.j.JavaProgramElement Program match failed (pattern true;, source i_7 < i_8;) 
945149     DEBUG Test worker     d.u.i.k.j.JavaProgramElement Program match failed (pattern true;, source i_7 < i_8;) 
945149     DEBUG Test worker     d.u.i.k.j.JavaProgramElement Program match failed (pattern false;, source i_7 < i_8;) 
945149     DEBUG Test worker     d.u.i.k.j.JavaProgramElement Program match failed (pattern true;, source i_7 < i_8;) 
945149     DEBUG Test worker     d.u.i.k.j.JavaProgramElement Program match failed (pattern false;, source i_7 < i_8;) 
945149     DEBUG Test worker     d.u.i.k.j.JavaProgramElement Program match failed (pattern false;, source i_7 < i_8;) 
945149     DEBUG Test worker     d.u.i.k.j.JavaProgramElement Program match failed (pattern true;, source i_7 < i_8;) 
945149     DEBUG Test worker     d.u.i.k.j.JavaProgramElement Program match failed (pattern false;, source i_7 < i_8;) 
945149     DEBUG Test worker     d.u.i.k.j.JavaProgramElement Program match failed (pattern true;, source i_7 < i_8;) 
945149     DEBUG Test worker     d.u.i.k.j.JavaProgramElement Program match failed (pattern true;, source i_7 < i_8;) 
945149     DEBUG Test worker     d.u.i.k.j.JavaProgramElement Program match failed (pattern false;, source i_7 < i_8;) 
945149     DEBUG Test worker     d.u.i.k.j.JavaProgramElement Program match failed (pattern true;, source i_7 < i_8;) 
945149     DEBUG Test worker     d.u.i.k.j.JavaProgramElement Program match failed (pattern false;, source i_7 < i_8;) 
945149     DEBUG Test worker     d.u.i.k.j.JavaProgramElement Program match failed (pattern false;, source i_7 < i_8;) 
945164     DEBUG Test worker     d.u.i.k.j.JavaProgramElement Program match failed (pattern true;, source i_7 < i_8;) 
945164     DEBUG Test worker     d.u.i.k.j.JavaProgramElement Program match failed (pattern false;, source i_7 < i_8;) 
945164     DEBUG Test worker     d.u.i.k.j.JavaProgramElement Program match failed (pattern true;, source i_7 < i_8;) 
945164     DEBUG Test worker     d.u.i.k.j.JavaProgramElement Program match failed (pattern true;, source i_7 < i_8;) 
945164     DEBUG Test worker     d.u.i.k.j.JavaProgramElement Program match failed (pattern false;, source i_7 < i_8;) 
945164     DEBUG Test worker     d.u.i.k.j.JavaProgramElement Program match failed (pattern true;, source i_7 < i_8;) 
945164     DEBUG Test worker     d.u.i.k.j.JavaProgramElement Program match failed (pattern false;, source i_7 < i_8;) 
945180     DEBUG Test worker     d.u.i.k.j.JavaProgramElement Program match failed (pattern false;, source i_7 < i_8;) 
945180     DEBUG Test worker     d.u.i.k.j.JavaProgramElement Program match failed (pattern true;, source i_7 < i_8;) 
945180     DEBUG Test worker     d.u.i.k.j.JavaProgramElement Program match failed (pattern false;, source i_7 < i_8;) 
945180     DEBUG Test worker     d.u.i.k.j.JavaProgramElement Program match failed (pattern true;, source i_7 < i_8;) 
945180     DEBUG Test worker     d.u.i.k.j.JavaProgramElement Program match failed (pattern true;, source i_7 < i_8;) 
945180     DEBUG Test worker     d.u.i.k.j.JavaProgramElement Program match failed (pattern false;, source i_7 < i_8;) 
945180     DEBUG Test worker     d.u.i.k.j.JavaProgramElement Program match failed (pattern true;, source i_7 < i_8;) 
945180     DEBUG Test worker     d.u.i.k.j.JavaProgramElement Program match failed (pattern false;, source i_7 < i_8;) 
945180     DEBUG Test worker     d.u.i.k.j.JavaProgramElement Program match failed (pattern false;, source i_7 < i_8;) 
945180     DEBUG Test worker     d.u.i.k.j.JavaProgramElement Program match failed (pattern true;, source i_7 < i_8;) 
945180     DEBUG Test worker     d.u.i.k.j.JavaProgramElement Program match failed (pattern false;, source i_7 < i_8;) 
945180     DEBUG Test worker     d.u.i.k.j.JavaProgramElement Program match failed (pattern true;, source i_7 < i_8;) 
945180     DEBUG Test worker     d.u.i.k.j.JavaProgramElement Program match failed (pattern true;, source i_7 < i_8;) 
945180     DEBUG Test worker     d.u.i.k.j.JavaProgramElement Program match failed (pattern false;, source i_7 < i_8;) 
945180     DEBUG Test worker     d.u.i.k.j.JavaProgramElement Program match failed (pattern true;, source i_7 < i_8;) 
945180     DEBUG Test worker     d.u.i.k.j.JavaProgramElement Program match failed (pattern false;, source i_7 < i_8;) 
945258     DEBUG Test worker     d.u.i.k.j.JavaProgramElement Program match failed (pattern true;, source _a[i] < _b[j];) 
945258     DEBUG Test worker     d.u.i.k.j.JavaProgramElement Program match failed (pattern false;, source _a[i] < _b[j];) 
945258     DEBUG Test worker     d.u.i.k.j.JavaProgramElement Program match failed (pattern true;, source _a[i] < _b[j];) 
945258     DEBUG Test worker     d.u.i.k.j.JavaProgramElement Program match failed (pattern false;, source _a[i] < _b[j];) 
945274     DEBUG Test worker     d.u.i.k.j.JavaProgramElement Program match failed (pattern true;, source _a[i];) 
945274     DEBUG Test worker     d.u.i.k.j.JavaProgramElement Program match failed (pattern false;, source _a[i];) 
945274     DEBUG Test worker     d.u.i.k.j.JavaProgramElement Program match failed (pattern true;, source _a[i];) 
945274     DEBUG Test worker     d.u.i.k.j.JavaProgramElement Program match failed (pattern false;, source _a[i];) 
945320     DEBUG Test worker     d.u.i.k.j.JavaProgramElement Program match failed (pattern true;, source _b[j];) 
945320     DEBUG Test worker     d.u.i.k.j.JavaProgramElement Program match failed (pattern false;, source _b[j];) 
945320     DEBUG Test worker     d.u.i.k.j.JavaProgramElement Program match failed (pattern true;, source _b[j];) 
945320     DEBUG Test worker     d.u.i.k.j.JavaProgramElement Program match failed (pattern false;, source _b[j];) 
945320     DEBUG Test worker     d.u.i.k.j.JavaProgramElement Program match failed (pattern true;, source i_9 < i_10;) 
945320     DEBUG Test worker     d.u.i.k.j.JavaProgramElement Program match failed (pattern false;, source i_9 < i_10;) 
945320     DEBUG Test worker     d.u.i.k.j.JavaProgramElement Program match failed (pattern true;, source i_9 < i_10;) 
945320     DEBUG Test worker     d.u.i.k.j.JavaProgramElement Program match failed (pattern false;, source i_9 < i_10;) 
945352     DEBUG Test worker     d.u.i.k.j.JavaProgramElement Program match failed (pattern true;, source i_9 < i_10;) 
945352     DEBUG Test worker     d.u.i.k.j.JavaProgramElement Program match failed (pattern false;, source i_9 < i_10;) 
945352     DEBUG Test worker     d.u.i.k.j.JavaProgramElement Program match failed (pattern true;, source i_9 < i_10;) 
945352     DEBUG Test worker     d.u.i.k.j.JavaProgramElement Program match failed (pattern false;, source i_9 < i_10;) 
945352     DEBUG Test worker     d.u.i.k.j.JavaProgramElement Program match failed (pattern true;, source i_9 < i_10;) 
945352     DEBUG Test worker     d.u.i.k.j.JavaProgramElement Program match failed (pattern false;, source i_9 < i_10;) 
945352     DEBUG Test worker     d.u.i.k.j.JavaProgramElement Program match failed (pattern true;, source i_9 < i_10;) 
945352     DEBUG Test worker     d.u.i.k.j.JavaProgramElement Program match failed (pattern false;, source i_9 < i_10;) 
945367     DEBUG Test worker     d.u.i.k.j.JavaProgramElement Program match failed (pattern true;, source i_9 < i_10;) 
945367     DEBUG Test worker     d.u.i.k.j.JavaProgramElement Program match failed (pattern false;, source i_9 < i_10;) 
945367     DEBUG Test worker     d.u.i.k.j.JavaProgramElement Program match failed (pattern true;, source i_9 < i_10;) 
945367     DEBUG Test worker     d.u.i.k.j.JavaProgramElement Program match failed (pattern false;, source i_9 < i_10;) 
945367     DEBUG Test worker     d.u.i.k.j.JavaProgramElement Program match failed (pattern true;, source i_9 < i_10;) 
945367     DEBUG Test worker     d.u.i.k.j.JavaProgramElement Program match failed (pattern false;, source i_9 < i_10;) 
945367     DEBUG Test worker     d.u.i.k.j.JavaProgramElement Program match failed (pattern true;, source i_9 < i_10;) 
945367     DEBUG Test worker     d.u.i.k.j.JavaProgramElement Program match failed (pattern false;, source i_9 < i_10;) 
945367     DEBUG Test worker     d.u.i.k.j.JavaProgramElement Program match failed (pattern true;, source i_9 < i_10;) 
945367     DEBUG Test worker     d.u.i.k.j.JavaProgramElement Program match failed (pattern false;, source i_9 < i_10;) 
945367     DEBUG Test worker     d.u.i.k.j.JavaProgramElement Program match failed (pattern true;, source i_9 < i_10;) 
945367     DEBUG Test worker     d.u.i.k.j.JavaProgramElement Program match failed (pattern false;, source i_9 < i_10;) 
945367     DEBUG Test worker     d.u.i.k.j.JavaProgramElement Program match failed (pattern true;, source i_9 < i_10;) 
945367     DEBUG Test worker     d.u.i.k.j.JavaProgramElement Program match failed (pattern false;, source i_9 < i_10;) 
945367     DEBUG Test worker     d.u.i.k.j.JavaProgramElement Program match failed (pattern true;, source i_9 < i_10;) 
945367     DEBUG Test worker     d.u.i.k.j.JavaProgramElement Program match failed (pattern false;, source i_9 < i_10;) 
945367     DEBUG Test worker     d.u.i.k.j.JavaProgramElement Program match failed (pattern true;, source i_9 < i_10;) 
945367     DEBUG Test worker     d.u.i.k.j.JavaProgramElement Program match failed (pattern false;, source i_9 < i_10;) 
945367     DEBUG Test worker     d.u.i.k.j.JavaProgramElement Program match failed (pattern true;, source i_9 < i_10;) 
945367     DEBUG Test worker     d.u.i.k.j.JavaProgramElement Program match failed (pattern false;, source i_9 < i_10;) 
945367     DEBUG Test worker     d.u.i.k.j.JavaProgramElement Program match failed (pattern true;, source i_9 < i_10;) 
945367     DEBUG Test worker     d.u.i.k.j.JavaProgramElement Program match failed (pattern false;, source i_9 < i_10;) 
945367     DEBUG Test worker     d.u.i.k.j.JavaProgramElement Program match failed (pattern true;, source i_9 < i_10;) 
945367     DEBUG Test worker     d.u.i.k.j.JavaProgramElement Program match failed (pattern false;, source i_9 < i_10;) 
945367     DEBUG Test worker     d.u.i.k.j.JavaProgramElement Program match failed (pattern true;, source i_9 < i_10;) 
945367     DEBUG Test worker     d.u.i.k.j.JavaProgramElement Program match failed (pattern false;, source i_9 < i_10;) 
945367     DEBUG Test worker     d.u.i.k.j.JavaProgramElement Program match failed (pattern true;, source i_9 < i_10;) 
945367     DEBUG Test worker     d.u.i.k.j.JavaProgramElement Program match failed (pattern false;, source i_9 < i_10;) 
945367     DEBUG Test worker     d.u.i.k.j.JavaProgramElement Program match failed (pattern true;, source i_9 < i_10;) 
945367     DEBUG Test worker     d.u.i.k.j.JavaProgramElement Program match failed (pattern false;, source i_9 < i_10;) 
945367     DEBUG Test worker     d.u.i.k.j.JavaProgramElement Program match failed (pattern true;, source i_9 < i_10;) 
945367     DEBUG Test worker     d.u.i.k.j.JavaProgramElement Program match failed (pattern false;, source i_9 < i_10;) 
945461     DEBUG Test worker     d.u.i.k.j.JavaProgramElement Program match failed (pattern true;, source _b[j] < _a[i];) 
945461     DEBUG Test worker     d.u.i.k.j.JavaProgramElement Program match failed (pattern false;, source _b[j] < _a[i];) 
945461     DEBUG Test worker     d.u.i.k.j.JavaProgramElement Program match failed (pattern true;, source _b[j] < _a[i];) 
945461     DEBUG Test worker     d.u.i.k.j.JavaProgramElement Program match failed (pattern false;, source _b[j] < _a[i];) 
945477     DEBUG Test worker     d.u.i.k.j.JavaProgramElement Program match failed (pattern true;, source _b[j];) 
945477     DEBUG Test worker     d.u.i.k.j.JavaProgramElement Program match failed (pattern false;, source _b[j];) 
945477     DEBUG Test worker     d.u.i.k.j.JavaProgramElement Program match failed (pattern true;, source _b[j];) 
945477     DEBUG Test worker     d.u.i.k.j.JavaProgramElement Program match failed (pattern false;, source _b[j];) 
945525     DEBUG Test worker     d.u.i.k.j.JavaProgramElement Program match failed (pattern true;, source _a[i];) 
945525     DEBUG Test worker     d.u.i.k.j.JavaProgramElement Program match failed (pattern false;, source _a[i];) 
945525     DEBUG Test worker     d.u.i.k.j.JavaProgramElement Program match failed (pattern true;, source _a[i];) 
945525     DEBUG Test worker     d.u.i.k.j.JavaProgramElement Program match failed (pattern false;, source _a[i];) 
945540     DEBUG Test worker     d.u.i.k.j.JavaProgramElement Program match failed (pattern true;, source i_11 < i_12;) 
945540     DEBUG Test worker     d.u.i.k.j.JavaProgramElement Program match failed (pattern false;, source i_11 < i_12;) 
945540     DEBUG Test worker     d.u.i.k.j.JavaProgramElement Program match failed (pattern true;, source i_11 < i_12;) 
945540     DEBUG Test worker     d.u.i.k.j.JavaProgramElement Program match failed (pattern false;, source i_11 < i_12;) 
945571     DEBUG Test worker     d.u.i.k.j.JavaProgramElement Program match failed (pattern true;, source i_11 < i_12;) 
945571     DEBUG Test worker     d.u.i.k.j.JavaProgramElement Program match failed (pattern false;, source i_11 < i_12;) 
945571     DEBUG Test worker     d.u.i.k.j.JavaProgramElement Program match failed (pattern true;, source i_11 < i_12;) 
945571     DEBUG Test worker     d.u.i.k.j.JavaProgramElement Program match failed (pattern false;, source i_11 < i_12;) 
945571     DEBUG Test worker     d.u.i.k.j.JavaProgramElement Program match failed (pattern true;, source i_11 < i_12;) 
945571     DEBUG Test worker     d.u.i.k.j.JavaProgramElement Program match failed (pattern false;, source i_11 < i_12;) 
945571     DEBUG Test worker     d.u.i.k.j.JavaProgramElement Program match failed (pattern true;, source i_11 < i_12;) 
945571     DEBUG Test worker     d.u.i.k.j.JavaProgramElement Program match failed (pattern false;, source i_11 < i_12;) 
945571     DEBUG Test worker     d.u.i.k.j.JavaProgramElement Program match failed (pattern true;, source i_11 < i_12;) 
945571     DEBUG Test worker     d.u.i.k.j.JavaProgramElement Program match failed (pattern false;, source i_11 < i_12;) 
945571     DEBUG Test worker     d.u.i.k.j.JavaProgramElement Program match failed (pattern true;, source i_11 < i_12;) 
945571     DEBUG Test worker     d.u.i.k.j.JavaProgramElement Program match failed (pattern false;, source i_11 < i_12;) 
945571     DEBUG Test worker     d.u.i.k.j.JavaProgramElement Program match failed (pattern true;, source i_11 < i_12;) 
945571     DEBUG Test worker     d.u.i.k.j.JavaProgramElement Program match failed (pattern false;, source i_11 < i_12;) 
945571     DEBUG Test worker     d.u.i.k.j.JavaProgramElement Program match failed (pattern true;, source i_11 < i_12;) 
945571     DEBUG Test worker     d.u.i.k.j.JavaProgramElement Program match failed (pattern false;, source i_11 < i_12;) 
945571     DEBUG Test worker     d.u.i.k.j.JavaProgramElement Program match failed (pattern true;, source i_11 < i_12;) 
945571     DEBUG Test worker     d.u.i.k.j.JavaProgramElement Program match failed (pattern false;, source i_11 < i_12;) 
945571     DEBUG Test worker     d.u.i.k.j.JavaProgramElement Program match failed (pattern true;, source i_11 < i_12;) 
945571     DEBUG Test worker     d.u.i.k.j.JavaProgramElement Program match failed (pattern false;, source i_11 < i_12;) 
945571     DEBUG Test worker     d.u.i.k.j.JavaProgramElement Program match failed (pattern true;, source i_11 < i_12;) 
945571     DEBUG Test worker     d.u.i.k.j.JavaProgramElement Program match failed (pattern false;, source i_11 < i_12;) 
945571     DEBUG Test worker     d.u.i.k.j.JavaProgramElement Program match failed (pattern true;, source i_11 < i_12;) 
945571     DEBUG Test worker     d.u.i.k.j.JavaProgramElement Program match failed (pattern false;, source i_11 < i_12;) 
945571     DEBUG Test worker     d.u.i.k.j.JavaProgramElement Program match failed (pattern true;, source i_11 < i_12;) 
945571     DEBUG Test worker     d.u.i.k.j.JavaProgramElement Program match failed (pattern false;, source i_11 < i_12;) 
945571     DEBUG Test worker     d.u.i.k.j.JavaProgramElement Program match failed (pattern true;, source i_11 < i_12;) 
945571     DEBUG Test worker     d.u.i.k.j.JavaProgramElement Program match failed (pattern false;, source i_11 < i_12;) 
945587     DEBUG Test worker     d.u.i.k.j.JavaProgramElement Program match failed (pattern true;, source i_11 < i_12;) 
945587     DEBUG Test worker     d.u.i.k.j.JavaProgramElement Program match failed (pattern false;, source i_11 < i_12;) 
945587     DEBUG Test worker     d.u.i.k.j.JavaProgramElement Program match failed (pattern true;, source i_11 < i_12;) 
945587     DEBUG Test worker     d.u.i.k.j.JavaProgramElement Program match failed (pattern false;, source i_11 < i_12;) 
945587     DEBUG Test worker     d.u.i.k.j.JavaProgramElement Program match failed (pattern true;, source i_11 < i_12;) 
945587     DEBUG Test worker     d.u.i.k.j.JavaProgramElement Program match failed (pattern false;, source i_11 < i_12;) 
945587     DEBUG Test worker     d.u.i.k.j.JavaProgramElement Program match failed (pattern true;, source i_11 < i_12;) 
945587     DEBUG Test worker     d.u.i.k.j.JavaProgramElement Program match failed (pattern false;, source i_11 < i_12;) 
945587     DEBUG Test worker     d.u.i.k.j.JavaProgramElement Program match failed (pattern true;, source i_11 < i_12;) 
945587     DEBUG Test worker     d.u.i.k.j.JavaProgramElement Program match failed (pattern false;, source i_11 < i_12;) 
945587     DEBUG Test worker     d.u.i.k.j.JavaProgramElement Program match failed (pattern true;, source i_11 < i_12;) 
945587     DEBUG Test worker     d.u.i.k.j.JavaProgramElement Program match failed (pattern false;, source i_11 < i_12;) 
945696     DEBUG Test worker     d.u.i.k.j.JavaProgramElement Program match failed (pattern true;, source (int) (i + 1);) 
945696     DEBUG Test worker     d.u.i.k.j.JavaProgramElement Program match failed (pattern false;, source (int) (i + 1);) 
945696     DEBUG Test worker     d.u.i.k.j.JavaProgramElement Program match failed (pattern true;, source (int) (i + 1);) 
945696     DEBUG Test worker     d.u.i.k.j.JavaProgramElement Program match failed (pattern false;, source (int) (i + 1);) 
945712     DEBUG Test worker     d.u.i.k.j.JavaProgramElement Program match failed (pattern true;, source (i + 1);) 
945712     DEBUG Test worker     d.u.i.k.j.JavaProgramElement Program match failed (pattern false;, source (i + 1);) 
945712     DEBUG Test worker     d.u.i.k.j.JavaProgramElement Program match failed (pattern true;, source (i + 1);) 
945712     DEBUG Test worker     d.u.i.k.j.JavaProgramElement Program match failed (pattern false;, source (i + 1);) 
945712     DEBUG Test worker     d.u.i.k.j.JavaProgramElement Program match failed (pattern true;, source i + 1;) 
945712     DEBUG Test worker     d.u.i.k.j.JavaProgramElement Program match failed (pattern false;, source i + 1;) 
945712     DEBUG Test worker     d.u.i.k.j.JavaProgramElement Program match failed (pattern true;, source i + 1;) 
945712     DEBUG Test worker     d.u.i.k.j.JavaProgramElement Program match failed (pattern false;, source i + 1;) 
945712     DEBUG Test worker     d.u.i.k.j.JavaProgramElement Program match failed (pattern true;, source (int) i_13;) 
945712     DEBUG Test worker     d.u.i.k.j.JavaProgramElement Program match failed (pattern false;, source (int) i_13;) 
945712     DEBUG Test worker     d.u.i.k.j.JavaProgramElement Program match failed (pattern true;, source (int) i_13;) 
945712     DEBUG Test worker     d.u.i.k.j.JavaProgramElement Program match failed (pattern false;, source (int) i_13;) 
945728     DEBUG Test worker     d.u.i.k.j.JavaProgramElement Program match failed (pattern true;, source (int) i_13;) 
945728     DEBUG Test worker     d.u.i.k.j.JavaProgramElement Program match failed (pattern false;, source (int) i_13;) 
945728     DEBUG Test worker     d.u.i.k.j.JavaProgramElement Program match failed (pattern true;, source (int) i_13;) 
945728     DEBUG Test worker     d.u.i.k.j.JavaProgramElement Program match failed (pattern false;, source (int) i_13;) 
945728     DEBUG Test worker     d.u.i.k.j.JavaProgramElement Program match failed (pattern true;, source (int) i_13;) 
945728     DEBUG Test worker     d.u.i.k.j.JavaProgramElement Program match failed (pattern false;, source (int) i_13;) 
945728     DEBUG Test worker     d.u.i.k.j.JavaProgramElement Program match failed (pattern true;, source (int) i_13;) 
945728     DEBUG Test worker     d.u.i.k.j.JavaProgramElement Program match failed (pattern false;, source (int) i_13;) 
945728     DEBUG Test worker     d.u.i.k.j.JavaProgramElement Program match failed (pattern true;, source (int) i_13;) 
945728     DEBUG Test worker     d.u.i.k.j.JavaProgramElement Program match failed (pattern false;, source (int) i_13;) 
945728     DEBUG Test worker     d.u.i.k.j.JavaProgramElement Program match failed (pattern true;, source (int) i_13;) 
945728     DEBUG Test worker     d.u.i.k.j.JavaProgramElement Program match failed (pattern false;, source (int) i_13;) 
945728     DEBUG Test worker     d.u.i.k.j.JavaProgramElement Program match failed (pattern true;, source (int) i_13;) 
945728     DEBUG Test worker     d.u.i.k.j.JavaProgramElement Program match failed (pattern false;, source (int) i_13;) 
945728     DEBUG Test worker     d.u.i.k.j.JavaProgramElement Program match failed (pattern true;, source (int) i_13;) 
945728     DEBUG Test worker     d.u.i.k.j.JavaProgramElement Program match failed (pattern false;, source (int) i_13;) 
945728     DEBUG Test worker     d.u.i.k.j.JavaProgramElement Program match failed (pattern true;, source (int) i_13;) 
945728     DEBUG Test worker     d.u.i.k.j.JavaProgramElement Program match failed (pattern false;, source (int) i_13;) 
945728     DEBUG Test worker     d.u.i.k.j.JavaProgramElement Program match failed (pattern true;, source (int) i_13;) 
945728     DEBUG Test worker     d.u.i.k.j.JavaProgramElement Program match failed (pattern false;, source (int) i_13;) 
945743     DEBUG Test worker     d.u.i.k.j.JavaProgramElement Program match failed (pattern true;, source (int) i_13;) 
945743     DEBUG Test worker     d.u.i.k.j.JavaProgramElement Program match failed (pattern false;, source (int) i_13;) 
945743     DEBUG Test worker     d.u.i.k.j.JavaProgramElement Program match failed (pattern true;, source (int) i_13;) 
945743     DEBUG Test worker     d.u.i.k.j.JavaProgramElement Program match failed (pattern false;, source (int) i_13;) 
945743     DEBUG Test worker     d.u.i.k.j.JavaProgramElement Program match failed (pattern true;, source (int) i_13;) 
945743     DEBUG Test worker     d.u.i.k.j.JavaProgramElement Program match failed (pattern false;, source (int) i_13;) 
945743     DEBUG Test worker     d.u.i.k.j.JavaProgramElement Program match failed (pattern true;, source (int) i_13;) 
945743     DEBUG Test worker     d.u.i.k.j.JavaProgramElement Program match failed (pattern false;, source (int) i_13;) 
945743     DEBUG Test worker     d.u.i.k.j.JavaProgramElement Program match failed (pattern true;, source (int) i_13;) 
945743     DEBUG Test worker     d.u.i.k.j.JavaProgramElement Program match failed (pattern false;, source (int) i_13;) 
945743     DEBUG Test worker     d.u.i.k.j.JavaProgramElement Program match failed (pattern true;, source (int) i_13;) 
945743     DEBUG Test worker     d.u.i.k.j.JavaProgramElement Program match failed (pattern false;, source (int) i_13;) 
945759     DEBUG Test worker     d.u.i.k.j.JavaProgramElement Program match failed (pattern true;, source i_13) 
945759     DEBUG Test worker     d.u.i.k.j.JavaProgramElement Program match failed (pattern false;, source i_13) 
945759     DEBUG Test worker     d.u.i.k.j.JavaProgramElement Program match failed (pattern true;, source i_13) 
945759     DEBUG Test worker     d.u.i.k.j.JavaProgramElement Program match failed (pattern false;, source i_13) 
945837     DEBUG Test worker     d.u.i.k.j.JavaProgramElement Program match failed (pattern true;, source (int) (j + 1);) 
945855     DEBUG Test worker     d.u.i.k.j.JavaProgramElement Program match failed (pattern false;, source (int) (j + 1);) 
945855     DEBUG Test worker     d.u.i.k.j.JavaProgramElement Program match failed (pattern true;, source (int) (j + 1);) 
945855     DEBUG Test worker     d.u.i.k.j.JavaProgramElement Program match failed (pattern false;, source (int) (j + 1);) 
945868     DEBUG Test worker     d.u.i.k.j.JavaProgramElement Program match failed (pattern true;, source (j + 1);) 
945868     DEBUG Test worker     d.u.i.k.j.JavaProgramElement Program match failed (pattern false;, source (j + 1);) 
945868     DEBUG Test worker     d.u.i.k.j.JavaProgramElement Program match failed (pattern true;, source (j + 1);) 
945868     DEBUG Test worker     d.u.i.k.j.JavaProgramElement Program match failed (pattern false;, source (j + 1);) 
945868     DEBUG Test worker     d.u.i.k.j.JavaProgramElement Program match failed (pattern true;, source j + 1;) 
945868     DEBUG Test worker     d.u.i.k.j.JavaProgramElement Program match failed (pattern false;, source j + 1;) 
945868     DEBUG Test worker     d.u.i.k.j.JavaProgramElement Program match failed (pattern true;, source j + 1;) 
945868     DEBUG Test worker     d.u.i.k.j.JavaProgramElement Program match failed (pattern false;, source j + 1;) 
945884     DEBUG Test worker     d.u.i.k.j.JavaProgramElement Program match failed (pattern true;, source (int) i_14;) 
945884     DEBUG Test worker     d.u.i.k.j.JavaProgramElement Program match failed (pattern false;, source (int) i_14;) 
945884     DEBUG Test worker     d.u.i.k.j.JavaProgramElement Program match failed (pattern true;, source (int) i_14;) 
945884     DEBUG Test worker     d.u.i.k.j.JavaProgramElement Program match failed (pattern false;, source (int) i_14;) 
945884     DEBUG Test worker     d.u.i.k.j.JavaProgramElement Program match failed (pattern true;, source (int) i_14;) 
945884     DEBUG Test worker     d.u.i.k.j.JavaProgramElement Program match failed (pattern false;, source (int) i_14;) 
945884     DEBUG Test worker     d.u.i.k.j.JavaProgramElement Program match failed (pattern true;, source (int) i_14;) 
945884     DEBUG Test worker     d.u.i.k.j.JavaProgramElement Program match failed (pattern false;, source (int) i_14;) 
945999     DEBUG Test worker     d.u.i.k.j.JavaProgramElement Program match failed (pattern true;, source (int) i_14;) 
946000     DEBUG Test worker     d.u.i.k.j.JavaProgramElement Program match failed (pattern false;, source (int) i_14;) 
946000     DEBUG Test worker     d.u.i.k.j.JavaProgramElement Program match failed (pattern true;, source (int) i_14;) 
946001     DEBUG Test worker     d.u.i.k.j.JavaProgramElement Program match failed (pattern false;, source (int) i_14;) 
946001     DEBUG Test worker     d.u.i.k.j.JavaProgramElement Program match failed (pattern true;, source (int) i_14;) 
946001     DEBUG Test worker     d.u.i.k.j.JavaProgramElement Program match failed (pattern false;, source (int) i_14;) 
946001     DEBUG Test worker     d.u.i.k.j.JavaProgramElement Program match failed (pattern true;, source (int) i_14;) 
946001     DEBUG Test worker     d.u.i.k.j.JavaProgramElement Program match failed (pattern false;, source (int) i_14;) 
946001     DEBUG Test worker     d.u.i.k.j.JavaProgramElement Program match failed (pattern true;, source (int) i_14;) 
946001     DEBUG Test worker     d.u.i.k.j.JavaProgramElement Program match failed (pattern false;, source (int) i_14;) 
946001     DEBUG Test worker     d.u.i.k.j.JavaProgramElement Program match failed (pattern true;, source (int) i_14;) 
946001     DEBUG Test worker     d.u.i.k.j.JavaProgramElement Program match failed (pattern false;, source (int) i_14;) 
946001     DEBUG Test worker     d.u.i.k.j.JavaProgramElement Program match failed (pattern true;, source (int) i_14;) 
946001     DEBUG Test worker     d.u.i.k.j.JavaProgramElement Program match failed (pattern false;, source (int) i_14;) 
946001     DEBUG Test worker     d.u.i.k.j.JavaProgramElement Program match failed (pattern true;, source (int) i_14;) 
946001     DEBUG Test worker     d.u.i.k.j.JavaProgramElement Program match failed (pattern false;, source (int) i_14;) 
946017     DEBUG Test worker     d.u.i.k.j.JavaProgramElement Program match failed (pattern true;, source (int) i_14;) 
946017     DEBUG Test worker     d.u.i.k.j.JavaProgramElement Program match failed (pattern false;, source (int) i_14;) 
946017     DEBUG Test worker     d.u.i.k.j.JavaProgramElement Program match failed (pattern true;, source (int) i_14;) 
946017     DEBUG Test worker     d.u.i.k.j.JavaProgramElement Program match failed (pattern false;, source (int) i_14;) 
946017     DEBUG Test worker     d.u.i.k.j.JavaProgramElement Program match failed (pattern true;, source (int) i_14;) 
946017     DEBUG Test worker     d.u.i.k.j.JavaProgramElement Program match failed (pattern false;, source (int) i_14;) 
946017     DEBUG Test worker     d.u.i.k.j.JavaProgramElement Program match failed (pattern true;, source (int) i_14;) 
946017     DEBUG Test worker     d.u.i.k.j.JavaProgramElement Program match failed (pattern false;, source (int) i_14;) 
946017     DEBUG Test worker     d.u.i.k.j.JavaProgramElement Program match failed (pattern true;, source (int) i_14;) 
946017     DEBUG Test worker     d.u.i.k.j.JavaProgramElement Program match failed (pattern false;, source (int) i_14;) 
946017     DEBUG Test worker     d.u.i.k.j.JavaProgramElement Program match failed (pattern true;, source (int) i_14;) 
946017     DEBUG Test worker     d.u.i.k.j.JavaProgramElement Program match failed (pattern false;, source (int) i_14;) 
946052     DEBUG Test worker     d.u.i.k.j.JavaProgramElement Program match failed (pattern true;, source i_14) 
946052     DEBUG Test worker     d.u.i.k.j.JavaProgramElement Program match failed (pattern false;, source i_14) 
946053     DEBUG Test worker     d.u.i.k.j.JavaProgramElement Program match failed (pattern true;, source i_14) 
946053     DEBUG Test worker     d.u.i.k.j.JavaProgramElement Program match failed (pattern false;, source i_14) 
946071     DEBUG Test worker     d.u.i.k.j.JavaProgramElement Program match failed (pattern true;, source (int) (result + 1);) 
946071     DEBUG Test worker     d.u.i.k.j.JavaProgramElement Program match failed (pattern false;, source (int) (result + 1);) 
946071     DEBUG Test worker     d.u.i.k.j.JavaProgramElement Program match failed (pattern true;, source (int) (result + 1);) 
946071     DEBUG Test worker     d.u.i.k.j.JavaProgramElement Program match failed (pattern false;, source (int) (result + 1);) 
946087     DEBUG Test worker     d.u.i.k.j.JavaProgramElement Program match failed (pattern true;, source (result + 1);) 
946087     DEBUG Test worker     d.u.i.k.j.JavaProgramElement Program match failed (pattern false;, source (result + 1);) 
946087     DEBUG Test worker     d.u.i.k.j.JavaProgramElement Program match failed (pattern true;, source (result + 1);) 
946087     DEBUG Test worker     d.u.i.k.j.JavaProgramElement Program match failed (pattern false;, source (result + 1);) 
946102     DEBUG Test worker     d.u.i.k.j.JavaProgramElement Program match failed (pattern true;, source result + 1;) 
946102     DEBUG Test worker     d.u.i.k.j.JavaProgramElement Program match failed (pattern false;, source result + 1;) 
946102     DEBUG Test worker     d.u.i.k.j.JavaProgramElement Program match failed (pattern true;, source result + 1;) 
946102     DEBUG Test worker     d.u.i.k.j.JavaProgramElement Program match failed (pattern false;, source result + 1;) 
946102     DEBUG Test worker     d.u.i.k.j.JavaProgramElement Program match failed (pattern true;, source (int) i_15;) 
946118     DEBUG Test worker     d.u.i.k.j.JavaProgramElement Program match failed (pattern false;, source (int) i_15;) 
946118     DEBUG Test worker     d.u.i.k.j.JavaProgramElement Program match failed (pattern true;, source (int) i_15;) 
946118     DEBUG Test worker     d.u.i.k.j.JavaProgramElement Program match failed (pattern false;, source (int) i_15;) 
946118     DEBUG Test worker     d.u.i.k.j.JavaProgramElement Program match failed (pattern true;, source (int) i_15;) 
946118     DEBUG Test worker     d.u.i.k.j.JavaProgramElement Program match failed (pattern false;, source (int) i_15;) 
946118     DEBUG Test worker     d.u.i.k.j.JavaProgramElement Program match failed (pattern true;, source (int) i_15;) 
946118     DEBUG Test worker     d.u.i.k.j.JavaProgramElement Program match failed (pattern false;, source (int) i_15;) 
946118     DEBUG Test worker     d.u.i.k.j.JavaProgramElement Program match failed (pattern true;, source (int) i_15;) 
946118     DEBUG Test worker     d.u.i.k.j.JavaProgramElement Program match failed (pattern false;, source (int) i_15;) 
946133     DEBUG Test worker     d.u.i.k.j.JavaProgramElement Program match failed (pattern true;, source (int) i_15;) 
946133     DEBUG Test worker     d.u.i.k.j.JavaProgramElement Program match failed (pattern false;, source (int) i_15;) 
946150     DEBUG Test worker     d.u.i.k.j.JavaProgramElement Program match failed (pattern true;, source (int) i_15;) 
946150     DEBUG Test worker     d.u.i.k.j.JavaProgramElement Program match failed (pattern false;, source (int) i_15;) 
946150     DEBUG Test worker     d.u.i.k.j.JavaProgramElement Program match failed (pattern true;, source (int) i_15;) 
946150     DEBUG Test worker     d.u.i.k.j.JavaProgramElement Program match failed (pattern false;, source (int) i_15;) 
946153     DEBUG Test worker     d.u.i.k.j.JavaProgramElement Program match failed (pattern true;, source (int) i_15;) 
946153     DEBUG Test worker     d.u.i.k.j.JavaProgramElement Program match failed (pattern false;, source (int) i_15;) 
946153     DEBUG Test worker     d.u.i.k.j.JavaProgramElement Program match failed (pattern true;, source (int) i_15;) 
946153     DEBUG Test worker     d.u.i.k.j.JavaProgramElement Program match failed (pattern false;, source (int) i_15;) 
946153     DEBUG Test worker     d.u.i.k.j.JavaProgramElement Program match failed (pattern true;, source (int) i_15;) 
946153     DEBUG Test worker     d.u.i.k.j.JavaProgramElement Program match failed (pattern false;, source (int) i_15;) 
946153     DEBUG Test worker     d.u.i.k.j.JavaProgramElement Program match failed (pattern true;, source (int) i_15;) 
946153     DEBUG Test worker     d.u.i.k.j.JavaProgramElement Program match failed (pattern false;, source (int) i_15;) 
946153     DEBUG Test worker     d.u.i.k.j.JavaProgramElement Program match failed (pattern true;, source (int) i_15;) 
946153     DEBUG Test worker     d.u.i.k.j.JavaProgramElement Program match failed (pattern false;, source (int) i_15;) 
946153     DEBUG Test worker     d.u.i.k.j.JavaProgramElement Program match failed (pattern true;, source (int) i_15;) 
946153     DEBUG Test worker     d.u.i.k.j.JavaProgramElement Program match failed (pattern false;, source (int) i_15;) 
946153     DEBUG Test worker     d.u.i.k.j.JavaProgramElement Program match failed (pattern true;, source (int) i_15;) 
946153     DEBUG Test worker     d.u.i.k.j.JavaProgramElement Program match failed (pattern false;, source (int) i_15;) 
946153     DEBUG Test worker     d.u.i.k.j.JavaProgramElement Program match failed (pattern true;, source (int) i_15;) 
946153     DEBUG Test worker     d.u.i.k.j.JavaProgramElement Program match failed (pattern false;, source (int) i_15;) 
946153     DEBUG Test worker     d.u.i.k.j.JavaProgramElement Program match failed (pattern true;, source (int) i_15;) 
946153     DEBUG Test worker     d.u.i.k.j.JavaProgramElement Program match failed (pattern false;, source (int) i_15;) 
946153     DEBUG Test worker     d.u.i.k.j.JavaProgramElement Program match failed (pattern true;, source (int) i_15;) 
946153     DEBUG Test worker     d.u.i.k.j.JavaProgramElement Program match failed (pattern false;, source (int) i_15;) 
946168     DEBUG Test worker     d.u.i.k.j.JavaProgramElement Program match failed (pattern true;, source i_15) 
946168     DEBUG Test worker     d.u.i.k.j.JavaProgramElement Program match failed (pattern false;, source i_15) 
946168     DEBUG Test worker     d.u.i.k.j.JavaProgramElement Program match failed (pattern true;, source i_15) 
946168     DEBUG Test worker     d.u.i.k.j.JavaProgramElement Program match failed (pattern false;, source i_15) 
962303     DEBUG Test worker     d.u.i.k.j.JavaProgramElement Program match failed (pattern true;, source (int) (j + 1);) 
962303     DEBUG Test worker     d.u.i.k.j.JavaProgramElement Program match failed (pattern false;, source (int) (j + 1);) 
962303     DEBUG Test worker     d.u.i.k.j.JavaProgramElement Program match failed (pattern true;, source (int) (j + 1);) 
962303     DEBUG Test worker     d.u.i.k.j.JavaProgramElement Program match failed (pattern false;, source (int) (j + 1);) 
962319     DEBUG Test worker     d.u.i.k.j.JavaProgramElement Program match failed (pattern true;, source (j + 1);) 
962319     DEBUG Test worker     d.u.i.k.j.JavaProgramElement Program match failed (pattern false;, source (j + 1);) 
962319     DEBUG Test worker     d.u.i.k.j.JavaProgramElement Program match failed (pattern true;, source (j + 1);) 
962319     DEBUG Test worker     d.u.i.k.j.JavaProgramElement Program match failed (pattern false;, source (j + 1);) 
962319     DEBUG Test worker     d.u.i.k.j.JavaProgramElement Program match failed (pattern true;, source j + 1;) 
962319     DEBUG Test worker     d.u.i.k.j.JavaProgramElement Program match failed (pattern false;, source j + 1;) 
962319     DEBUG Test worker     d.u.i.k.j.JavaProgramElement Program match failed (pattern true;, source j + 1;) 
962319     DEBUG Test worker     d.u.i.k.j.JavaProgramElement Program match failed (pattern false;, source j + 1;) 
962319     DEBUG Test worker     d.u.i.k.j.JavaProgramElement Program match failed (pattern true;, source (int) i_13;) 
962319     DEBUG Test worker     d.u.i.k.j.JavaProgramElement Program match failed (pattern false;, source (int) i_13;) 
962319     DEBUG Test worker     d.u.i.k.j.JavaProgramElement Program match failed (pattern true;, source (int) i_13;) 
962319     DEBUG Test worker     d.u.i.k.j.JavaProgramElement Program match failed (pattern false;, source (int) i_13;) 
962334     DEBUG Test worker     d.u.i.k.j.JavaProgramElement Program match failed (pattern true;, source (int) i_13;) 
962334     DEBUG Test worker     d.u.i.k.j.JavaProgramElement Program match failed (pattern false;, source (int) i_13;) 
962334     DEBUG Test worker     d.u.i.k.j.JavaProgramElement Program match failed (pattern true;, source (int) i_13;) 
962334     DEBUG Test worker     d.u.i.k.j.JavaProgramElement Program match failed (pattern false;, source (int) i_13;) 
962334     DEBUG Test worker     d.u.i.k.j.JavaProgramElement Program match failed (pattern true;, source (int) i_13;) 
962334     DEBUG Test worker     d.u.i.k.j.JavaProgramElement Program match failed (pattern false;, source (int) i_13;) 
962334     DEBUG Test worker     d.u.i.k.j.JavaProgramElement Program match failed (pattern true;, source (int) i_13;) 
962334     DEBUG Test worker     d.u.i.k.j.JavaProgramElement Program match failed (pattern false;, source (int) i_13;) 
962334     DEBUG Test worker     d.u.i.k.j.JavaProgramElement Program match failed (pattern true;, source (int) i_13;) 
962334     DEBUG Test worker     d.u.i.k.j.JavaProgramElement Program match failed (pattern false;, source (int) i_13;) 
962334     DEBUG Test worker     d.u.i.k.j.JavaProgramElement Program match failed (pattern true;, source (int) i_13;) 
962334     DEBUG Test worker     d.u.i.k.j.JavaProgramElement Program match failed (pattern false;, source (int) i_13;) 
962334     DEBUG Test worker     d.u.i.k.j.JavaProgramElement Program match failed (pattern true;, source (int) i_13;) 
962334     DEBUG Test worker     d.u.i.k.j.JavaProgramElement Program match failed (pattern false;, source (int) i_13;) 
962334     DEBUG Test worker     d.u.i.k.j.JavaProgramElement Program match failed (pattern true;, source (int) i_13;) 
962334     DEBUG Test worker     d.u.i.k.j.JavaProgramElement Program match failed (pattern false;, source (int) i_13;) 
962334     DEBUG Test worker     d.u.i.k.j.JavaProgramElement Program match failed (pattern true;, source (int) i_13;) 
962334     DEBUG Test worker     d.u.i.k.j.JavaProgramElement Program match failed (pattern false;, source (int) i_13;) 
962334     DEBUG Test worker     d.u.i.k.j.JavaProgramElement Program match failed (pattern true;, source (int) i_13;) 
962334     DEBUG Test worker     d.u.i.k.j.JavaProgramElement Program match failed (pattern false;, source (int) i_13;) 
962334     DEBUG Test worker     d.u.i.k.j.JavaProgramElement Program match failed (pattern true;, source (int) i_13;) 
962334     DEBUG Test worker     d.u.i.k.j.JavaProgramElement Program match failed (pattern false;, source (int) i_13;) 
962334     DEBUG Test worker     d.u.i.k.j.JavaProgramElement Program match failed (pattern true;, source (int) i_13;) 
962334     DEBUG Test worker     d.u.i.k.j.JavaProgramElement Program match failed (pattern false;, source (int) i_13;) 
962334     DEBUG Test worker     d.u.i.k.j.JavaProgramElement Program match failed (pattern true;, source (int) i_13;) 
962334     DEBUG Test worker     d.u.i.k.j.JavaProgramElement Program match failed (pattern false;, source (int) i_13;) 
962334     DEBUG Test worker     d.u.i.k.j.JavaProgramElement Program match failed (pattern true;, source (int) i_13;) 
962334     DEBUG Test worker     d.u.i.k.j.JavaProgramElement Program match failed (pattern false;, source (int) i_13;) 
962334     DEBUG Test worker     d.u.i.k.j.JavaProgramElement Program match failed (pattern true;, source (int) i_13;) 
962334     DEBUG Test worker     d.u.i.k.j.JavaProgramElement Program match failed (pattern false;, source (int) i_13;) 
962334     DEBUG Test worker     d.u.i.k.j.JavaProgramElement Program match failed (pattern true;, source (int) i_13;) 
962334     DEBUG Test worker     d.u.i.k.j.JavaProgramElement Program match failed (pattern false;, source (int) i_13;) 
962350     DEBUG Test worker     d.u.i.k.j.JavaProgramElement Program match failed (pattern true;, source i_13) 
962350     DEBUG Test worker     d.u.i.k.j.JavaProgramElement Program match failed (pattern false;, source i_13) 
962350     DEBUG Test worker     d.u.i.k.j.JavaProgramElement Program match failed (pattern true;, source i_13) 
962350     DEBUG Test worker     d.u.i.k.j.JavaProgramElement Program match failed (pattern false;, source i_13) 
966593     DEBUG Test worker     d.u.i.k.j.JavaProgramElement Program match failed (pattern true;, source (int) (i + 1);) 
966593     DEBUG Test worker     d.u.i.k.j.JavaProgramElement Program match failed (pattern false;, source (int) (i + 1);) 
966593     DEBUG Test worker     d.u.i.k.j.JavaProgramElement Program match failed (pattern true;, source (int) (i + 1);) 
966593     DEBUG Test worker     d.u.i.k.j.JavaProgramElement Program match failed (pattern false;, source (int) (i + 1);) 
966593     DEBUG Test worker     d.u.i.k.j.JavaProgramElement Program match failed (pattern true;, source (i + 1);) 
966593     DEBUG Test worker     d.u.i.k.j.JavaProgramElement Program match failed (pattern false;, source (i + 1);) 
966593     DEBUG Test worker     d.u.i.k.j.JavaProgramElement Program match failed (pattern true;, source (i + 1);) 
966593     DEBUG Test worker     d.u.i.k.j.JavaProgramElement Program match failed (pattern false;, source (i + 1);) 
966608     DEBUG Test worker     d.u.i.k.j.JavaProgramElement Program match failed (pattern true;, source i + 1;) 
966608     DEBUG Test worker     d.u.i.k.j.JavaProgramElement Program match failed (pattern false;, source i + 1;) 
966608     DEBUG Test worker     d.u.i.k.j.JavaProgramElement Program match failed (pattern true;, source i + 1;) 
966608     DEBUG Test worker     d.u.i.k.j.JavaProgramElement Program match failed (pattern false;, source i + 1;) 
966608     DEBUG Test worker     d.u.i.k.j.JavaProgramElement Program match failed (pattern true;, source (int) i_11;) 
966608     DEBUG Test worker     d.u.i.k.j.JavaProgramElement Program match failed (pattern false;, source (int) i_11;) 
966608     DEBUG Test worker     d.u.i.k.j.JavaProgramElement Program match failed (pattern true;, source (int) i_11;) 
966608     DEBUG Test worker     d.u.i.k.j.JavaProgramElement Program match failed (pattern false;, source (int) i_11;) 
966608     DEBUG Test worker     d.u.i.k.j.JavaProgramElement Program match failed (pattern true;, source (int) i_11;) 
966608     DEBUG Test worker     d.u.i.k.j.JavaProgramElement Program match failed (pattern false;, source (int) i_11;) 
966608     DEBUG Test worker     d.u.i.k.j.JavaProgramElement Program match failed (pattern true;, source (int) i_11;) 
966608     DEBUG Test worker     d.u.i.k.j.JavaProgramElement Program match failed (pattern false;, source (int) i_11;) 
966608     DEBUG Test worker     d.u.i.k.j.JavaProgramElement Program match failed (pattern true;, source (int) i_11;) 
966608     DEBUG Test worker     d.u.i.k.j.JavaProgramElement Program match failed (pattern false;, source (int) i_11;) 
966608     DEBUG Test worker     d.u.i.k.j.JavaProgramElement Program match failed (pattern true;, source (int) i_11;) 
966608     DEBUG Test worker     d.u.i.k.j.JavaProgramElement Program match failed (pattern false;, source (int) i_11;) 
966608     DEBUG Test worker     d.u.i.k.j.JavaProgramElement Program match failed (pattern true;, source (int) i_11;) 
966608     DEBUG Test worker     d.u.i.k.j.JavaProgramElement Program match failed (pattern false;, source (int) i_11;) 
966608     DEBUG Test worker     d.u.i.k.j.JavaProgramElement Program match failed (pattern true;, source (int) i_11;) 
966608     DEBUG Test worker     d.u.i.k.j.JavaProgramElement Program match failed (pattern false;, source (int) i_11;) 
966608     DEBUG Test worker     d.u.i.k.j.JavaProgramElement Program match failed (pattern true;, source (int) i_11;) 
966608     DEBUG Test worker     d.u.i.k.j.JavaProgramElement Program match failed (pattern false;, source (int) i_11;) 
966608     DEBUG Test worker     d.u.i.k.j.JavaProgramElement Program match failed (pattern true;, source (int) i_11;) 
966608     DEBUG Test worker     d.u.i.k.j.JavaProgramElement Program match failed (pattern false;, source (int) i_11;) 
966624     DEBUG Test worker     d.u.i.k.j.JavaProgramElement Program match failed (pattern true;, source (int) i_11;) 
966624     DEBUG Test worker     d.u.i.k.j.JavaProgramElement Program match failed (pattern false;, source (int) i_11;) 
966624     DEBUG Test worker     d.u.i.k.j.JavaProgramElement Program match failed (pattern true;, source (int) i_11;) 
966624     DEBUG Test worker     d.u.i.k.j.JavaProgramElement Program match failed (pattern false;, source (int) i_11;) 
966624     DEBUG Test worker     d.u.i.k.j.JavaProgramElement Program match failed (pattern true;, source (int) i_11;) 
966624     DEBUG Test worker     d.u.i.k.j.JavaProgramElement Program match failed (pattern false;, source (int) i_11;) 
966624     DEBUG Test worker     d.u.i.k.j.JavaProgramElement Program match failed (pattern true;, source (int) i_11;) 
966624     DEBUG Test worker     d.u.i.k.j.JavaProgramElement Program match failed (pattern false;, source (int) i_11;) 
966624     DEBUG Test worker     d.u.i.k.j.JavaProgramElement Program match failed (pattern true;, source (int) i_11;) 
966624     DEBUG Test worker     d.u.i.k.j.JavaProgramElement Program match failed (pattern false;, source (int) i_11;) 
966624     DEBUG Test worker     d.u.i.k.j.JavaProgramElement Program match failed (pattern true;, source (int) i_11;) 
966624     DEBUG Test worker     d.u.i.k.j.JavaProgramElement Program match failed (pattern false;, source (int) i_11;) 
966624     DEBUG Test worker     d.u.i.k.j.JavaProgramElement Program match failed (pattern true;, source (int) i_11;) 
966624     DEBUG Test worker     d.u.i.k.j.JavaProgramElement Program match failed (pattern false;, source (int) i_11;) 
966624     DEBUG Test worker     d.u.i.k.j.JavaProgramElement Program match failed (pattern true;, source (int) i_11;) 
966624     DEBUG Test worker     d.u.i.k.j.JavaProgramElement Program match failed (pattern false;, source (int) i_11;) 
966624     DEBUG Test worker     d.u.i.k.j.JavaProgramElement Program match failed (pattern true;, source i_11) 
966624     DEBUG Test worker     d.u.i.k.j.JavaProgramElement Program match failed (pattern false;, source i_11) 
966624     DEBUG Test worker     d.u.i.k.j.JavaProgramElement Program match failed (pattern true;, source i_11) 
966624     DEBUG Test worker     d.u.i.k.j.JavaProgramElement Program match failed (pattern false;, source i_11) 
967750     DEBUG Test worker     d.u.i.k.j.JavaProgramElement Program match failed (pattern true;, source false;) 
967750     DEBUG Test worker     d.u.i.k.j.JavaProgramElement Program match failed (pattern true;, source false;) 
967766     DEBUG Test worker     d.u.i.k.j.JavaProgramElement Program match failed (pattern true;, source false;) 
967766     DEBUG Test worker     d.u.i.k.j.JavaProgramElement Program match failed (pattern true;, source false;) 
]]></system-out>
  <system-err><![CDATA[]]></system-err>
</testsuite>
