<?xml version="1.0" encoding="UTF-8"?>
<testsuite name="recoder.testsuite.basic.analysis.TypeXReferenceCompletenessTest" tests="1" skipped="0" failures="0" errors="0" timestamp="2023-04-18T01:56:07" hostname="fv-az254-795" time="0.0">
  <properties/>
  <testcase name="testTypeXReferenceCompleteness" classname="recoder.testsuite.basic.analysis.TypeXReferenceCompletenessTest" time="0.0"/>
  <system-out><![CDATA[]]></system-out>
  <system-err><![CDATA[]]></system-err>
</testsuite>
