<?xml version="1.0" encoding="UTF-8"?>
<testsuite name="de.uka.ilkd.key.parser.TestDeclParser" tests="14" skipped="2" failures="0" errors="0" timestamp="2023-06-15T12:26:32" hostname="fv-az1113-293" time="20.018">
  <properties/>
  <testcase name="testGenericSortDecl1()" classname="de.uka.ilkd.key.parser.TestDeclParser" time="1.76"/>
  <testcase name="testGenericSortDecl2()" classname="de.uka.ilkd.key.parser.TestDeclParser" time="1.691"/>
  <testcase name="testGenericSortDecl3()" classname="de.uka.ilkd.key.parser.TestDeclParser" time="1.678"/>
  <testcase name="testGenericSortDecl4()" classname="de.uka.ilkd.key.parser.TestDeclParser" time="1.752"/>
  <testcase name="testGenericSortDecl5()" classname="de.uka.ilkd.key.parser.TestDeclParser" time="0.0">
    <skipped/>
  </testcase>
  <testcase name="testGenericSortDecl6()" classname="de.uka.ilkd.key.parser.TestDeclParser" time="1.658"/>
  <testcase name="testSortDecl()" classname="de.uka.ilkd.key.parser.TestDeclParser" time="1.586"/>
  <testcase name="testProxySortDecl()" classname="de.uka.ilkd.key.parser.TestDeclParser" time="1.615"/>
  <testcase name="testArrayDecl()" classname="de.uka.ilkd.key.parser.TestDeclParser" time="1.71"/>
  <testcase name="testAmbiguousDecls()" classname="de.uka.ilkd.key.parser.TestDeclParser" time="0.0">
    <skipped/>
  </testcase>
  <testcase name="testHeurDecl()" classname="de.uka.ilkd.key.parser.TestDeclParser" time="1.576"/>
  <testcase name="testFunctionDecl()" classname="de.uka.ilkd.key.parser.TestDeclParser" time="1.63"/>
  <testcase name="testPredicateDecl()" classname="de.uka.ilkd.key.parser.TestDeclParser" time="1.65"/>
  <testcase name="testSVDecl()" classname="de.uka.ilkd.key.parser.TestDeclParser" time="1.708"/>
  <system-out><![CDATA[395290     INFO  Test worker     d.u.i.k.n.KeyIO           Parsing took 0 ms 
395290     DEBUG Test worker     d.u.i.k.n.KeyIO           Load declarations of de.uka.ilkd.key.nparser.KeyAst$File:  <unknown>:1#1 
395290     INFO  Test worker     d.u.i.k.n.KeyIO           MODE: declarations took 0 ms 
395290     DEBUG Test worker     d.u.i.k.n.KeyIO           MODE: 2nd degree decls took 0 
395290     DEBUG Test worker     d.u.i.k.n.KeyIO           MODE: taclets took 0ms 
396985     INFO  Test worker     d.u.i.k.n.KeyIO           Parsing took 0 ms 
396985     DEBUG Test worker     d.u.i.k.n.KeyIO           Load declarations of de.uka.ilkd.key.nparser.KeyAst$File:  <unknown>:1#1 
396985     INFO  Test worker     d.u.i.k.n.KeyIO           MODE: declarations took 0 ms 
396985     DEBUG Test worker     d.u.i.k.n.KeyIO           MODE: 2nd degree decls took 0 
396985     DEBUG Test worker     d.u.i.k.n.KeyIO           MODE: taclets took 0ms 
398660     INFO  Test worker     d.u.i.k.n.KeyIO           Parsing took 0 ms 
398660     DEBUG Test worker     d.u.i.k.n.KeyIO           Load declarations of de.uka.ilkd.key.nparser.KeyAst$File:  <unknown>:1#1 
398660     INFO  Test worker     d.u.i.k.n.KeyIO           MODE: declarations took 0 ms 
398660     DEBUG Test worker     d.u.i.k.n.KeyIO           MODE: 2nd degree decls took 0 
398660     DEBUG Test worker     d.u.i.k.n.KeyIO           MODE: taclets took 0ms 
400404     INFO  Test worker     d.u.i.k.n.KeyIO           Parsing took 0 ms 
400404     DEBUG Test worker     d.u.i.k.n.KeyIO           Load declarations of de.uka.ilkd.key.nparser.KeyAst$File:  <unknown>:1#1 
400404     INFO  Test worker     d.u.i.k.n.KeyIO           MODE: declarations took 0 ms 
400404     DEBUG Test worker     d.u.i.k.n.KeyIO           MODE: 2nd degree decls took 0 
400404     DEBUG Test worker     d.u.i.k.n.KeyIO           MODE: taclets took 0ms 
402072     INFO  Test worker     d.u.i.k.n.KeyIO           Parsing took 0 ms 
402072     DEBUG Test worker     d.u.i.k.n.KeyIO           Load declarations of de.uka.ilkd.key.nparser.KeyAst$File:  <unknown>:1#1 
402072     INFO  Test worker     d.u.i.k.n.KeyIO           MODE: declarations took 0 ms 
402072     DEBUG Test worker     d.u.i.k.n.KeyIO           MODE: 2nd degree decls took 0 
402072     DEBUG Test worker     d.u.i.k.n.KeyIO           MODE: taclets took 0ms 
403651     INFO  Test worker     d.u.i.k.n.KeyIO           Parsing took 0 ms 
403651     DEBUG Test worker     d.u.i.k.n.KeyIO           Load declarations of de.uka.ilkd.key.nparser.KeyAst$File:  <unknown>:1#1 
403651     INFO  Test worker     d.u.i.k.n.KeyIO           MODE: declarations took 0 ms 
403651     DEBUG Test worker     d.u.i.k.n.KeyIO           MODE: 2nd degree decls took 0 
403651     DEBUG Test worker     d.u.i.k.n.KeyIO           MODE: taclets took 0ms 
405273     INFO  Test worker     d.u.i.k.n.KeyIO           Parsing took 0 ms 
405273     DEBUG Test worker     d.u.i.k.n.KeyIO           Load declarations of de.uka.ilkd.key.nparser.KeyAst$File:  <unknown>:1#1 
405273     INFO  Test worker     d.u.i.k.n.KeyIO           MODE: declarations took 0 ms 
405273     DEBUG Test worker     d.u.i.k.n.KeyIO           MODE: 2nd degree decls took 0 
405273     DEBUG Test worker     d.u.i.k.n.KeyIO           MODE: taclets took 0ms 
406974     INFO  Test worker     d.u.i.k.n.KeyIO           Parsing took 0 ms 
406974     DEBUG Test worker     d.u.i.k.n.KeyIO           Load declarations of de.uka.ilkd.key.nparser.KeyAst$File:  <unknown>:1#1 
406974     INFO  Test worker     d.u.i.k.n.KeyIO           MODE: declarations took 0 ms 
406974     DEBUG Test worker     d.u.i.k.n.KeyIO           MODE: 2nd degree decls took 0 
406974     DEBUG Test worker     d.u.i.k.n.KeyIO           MODE: taclets took 0ms 
408559     INFO  Test worker     d.u.i.k.n.KeyIO           Parsing took 0 ms 
408559     DEBUG Test worker     d.u.i.k.n.KeyIO           Load declarations of de.uka.ilkd.key.nparser.KeyAst$File:  <unknown>:1#1 
408559     INFO  Test worker     d.u.i.k.n.KeyIO           MODE: declarations took 0 ms 
408559     DEBUG Test worker     d.u.i.k.n.KeyIO           MODE: 2nd degree decls took 0 
408559     DEBUG Test worker     d.u.i.k.n.KeyIO           MODE: taclets took 0ms 
410194     INFO  Test worker     d.u.i.k.n.KeyIO           Parsing took 0 ms 
410194     DEBUG Test worker     d.u.i.k.n.KeyIO           Load declarations of de.uka.ilkd.key.nparser.KeyAst$File:  <unknown>:1#1 
410194     INFO  Test worker     d.u.i.k.n.KeyIO           MODE: declarations took 0 ms 
410194     DEBUG Test worker     d.u.i.k.n.KeyIO           MODE: 2nd degree decls took 0 
410194     DEBUG Test worker     d.u.i.k.n.KeyIO           MODE: taclets took 0ms 
411840     INFO  Test worker     d.u.i.k.n.KeyIO           Parsing took 0 ms 
411840     DEBUG Test worker     d.u.i.k.n.KeyIO           Load declarations of de.uka.ilkd.key.nparser.KeyAst$File:  <unknown>:1#1 
411840     INFO  Test worker     d.u.i.k.n.KeyIO           MODE: declarations took 0 ms 
411840     DEBUG Test worker     d.u.i.k.n.KeyIO           MODE: 2nd degree decls took 0 
411840     DEBUG Test worker     d.u.i.k.n.KeyIO           MODE: taclets took 0ms 
413544     INFO  Test worker     d.u.i.k.n.KeyIO           Parsing took 0 ms 
413544     DEBUG Test worker     d.u.i.k.n.KeyIO           Load declarations of de.uka.ilkd.key.nparser.KeyAst$File:  <unknown>:1#1 
413544     INFO  Test worker     d.u.i.k.n.KeyIO           MODE: declarations took 0 ms 
413544     DEBUG Test worker     d.u.i.k.n.KeyIO           MODE: 2nd degree decls took 0 
413544     DEBUG Test worker     d.u.i.k.n.KeyIO           MODE: taclets took 0ms 
]]></system-out>
  <system-err><![CDATA[]]></system-err>
</testsuite>
