<?xml version="1.0" encoding="UTF-8"?>
<testsuite name="de.uka.ilkd.key.proof.io.consistency.TestProofBundleIO" tests="3" skipped="0" failures="0" errors="0" timestamp="2023-06-15T12:33:29" hostname="fv-az1113-293" time="13.581">
  <properties/>
  <testcase name="testSimpleFileRepo()" classname="de.uka.ilkd.key.proof.io.consistency.TestProofBundleIO" time="0.06"/>
  <testcase name="testComplexBundleGeneration()" classname="de.uka.ilkd.key.proof.io.consistency.TestProofBundleIO" time="1.991"/>
  <testcase name="testSimpleBundleGeneration()" classname="de.uka.ilkd.key.proof.io.consistency.TestProofBundleIO" time="11.53"/>
  <system-out><![CDATA[809715     INFO  Test worker     d.u.i.k.p.i.AbstractProblemLoader Loading environment from D:\a\key\key\key.core\src\test\resources\testcase\proofBundle\complexBundleGeneration\test.key 
809715     DEBUG Test worker     d.u.i.k.p.i.AbstractProblemLoader Environment load took 167.8ns 
809715     INFO  Test worker     d.u.i.k.p.i.AbstractProblemLoader Creating init config 
810388     DEBUG Test worker     d.u.i.k.p.i.AbstractProblemLoader Init config took 676.01ms 
810450     INFO  Test worker     d.u.i.k.p.i.AbstractProblemLoader Replaying proof Test[Test::constant()].JML normal_behavior operation contract.0 
810450     DEBUG Test worker     d.u.i.k.p.i.IntermediateProofReplayer Proof replay took 10.7ns 
810904     INFO  Test worker     d.u.i.k.p.i.AbstractProblemLoader Loading environment from D:\a\key\key\key.core\src\test\resources\testcase\proofBundle\complexBundleGeneration\test.zproof 
810966     DEBUG Test worker     d.u.i.k.p.i.AbstractProblemLoader Environment load took 62.11ms 
810966     INFO  Test worker     d.u.i.k.p.i.AbstractProblemLoader Creating init config 
811609     DEBUG Test worker     d.u.i.k.p.i.AbstractProblemLoader Init config took 644.02ms 
811656     INFO  Test worker     d.u.i.k.p.i.AbstractProblemLoader Replaying proof Test[Test::constant()].JML normal_behavior operation contract.0 
811703     DEBUG Test worker     d.u.i.k.p.i.IntermediateProofReplayer Proof replay took 31.02ms 
811703     INFO  Test worker     d.u.i.k.p.i.AbstractProblemLoader Loading environment from D:\a\key\key\key.core\src\test\resources\testcase\proofBundle\simpleBundleGeneration\test.key 
811703     DEBUG Test worker     d.u.i.k.p.i.AbstractProblemLoader Environment load took 140.5ns 
811703     INFO  Test worker     d.u.i.k.p.i.AbstractProblemLoader Creating init config 
817322     DEBUG Test worker     d.u.i.k.p.i.AbstractProblemLoader Init config took 5.62s 
817400     INFO  Test worker     d.u.i.k.p.i.AbstractProblemLoader Replaying proof Test[Test::constant()].JML normal_behavior operation contract.0 
817416     DEBUG Test worker     d.u.i.k.p.i.IntermediateProofReplayer Proof replay took 12.9ns 
817525     INFO  Test worker     d.u.i.k.p.i.AbstractProblemLoader Loading environment from D:\a\key\key\key.core\src\test\resources\testcase\proofBundle\simpleBundleGeneration\test.zproof 
817541     DEBUG Test worker     d.u.i.k.p.i.AbstractProblemLoader Environment load took 4.5ms 
817541     INFO  Test worker     d.u.i.k.p.i.AbstractProblemLoader Creating init config 
823139     DEBUG Test worker     d.u.i.k.p.i.AbstractProblemLoader Init config took 5.6s 
823200     INFO  Test worker     d.u.i.k.p.i.AbstractProblemLoader Replaying proof Test[Test::constant()].JML normal_behavior operation contract.0 
823216     DEBUG Test worker     d.u.i.k.p.i.IntermediateProofReplayer Proof replay took 14.58ms 
]]></system-out>
  <system-err><![CDATA[]]></system-err>
</testsuite>
