<?xml version="1.0" encoding="UTF-8"?>
<testsuite name="de.uka.ilkd.key.proof.TestOneStepSimplifier" tests="1" skipped="0" failures="0" errors="0" timestamp="2023-06-15T12:33:07" hostname="fv-az1113-293" time="7.124">
  <properties/>
  <testcase name="loadWithRestriction()" classname="de.uka.ilkd.key.proof.TestOneStepSimplifier" time="7.124"/>
  <system-out><![CDATA[787838     INFO  Test worker     d.u.i.k.p.i.AbstractProblemLoader Loading environment from src\test\resources\testcase\ossRestriction.proof 
787838     DEBUG Test worker     d.u.i.k.p.i.AbstractProblemLoader Environment load took 201.3ns 
787838     INFO  Test worker     d.u.i.k.p.i.AbstractProblemLoader Creating init config 
788089     DEBUG Test worker     d.u.i.k.j.TypeConverter   No LDT found for Meta 
788089     DEBUG Test worker     d.u.i.k.j.TypeConverter   No LDT found for Meta 
788089     DEBUG Test worker     d.u.i.k.j.TypeConverter   No LDT found for Meta 
788089     DEBUG Test worker     d.u.i.k.j.TypeConverter   No LDT found for Meta 
789022     DEBUG Test worker     d.u.i.k.j.TypeConverter   No LDT found for JavaBigintExpression 
794924     DEBUG Test worker     d.u.i.k.p.i.AbstractProblemLoader Init config took 7.08s 
794955     INFO  Test worker     d.u.i.k.p.i.AbstractProblemLoader Replaying proof ossRestriction.proof 
794955     DEBUG Test worker     d.u.i.k.p.i.IntermediateProofReplayer Proof replay took 1.24ms 
]]></system-out>
  <system-err><![CDATA[]]></system-err>
</testsuite>
