<?xml version="1.0" encoding="UTF-8"?>
<testsuite name="de.uka.ilkd.key.logic.TestClashFreeSubst" tests="14" skipped="2" failures="0" errors="0" timestamp="2023-06-15T12:21:10" hostname="fv-az1113-293" time="92.408">
  <properties/>
  <testcase name="testMultiShareBound()" classname="de.uka.ilkd.key.logic.TestClashFreeSubst" time="1.754"/>
  <testcase name="testClash()" classname="de.uka.ilkd.key.logic.TestClashFreeSubst" time="1.744"/>
  <testcase name="testShare()" classname="de.uka.ilkd.key.logic.TestClashFreeSubst" time="1.72"/>
  <testcase name="testSubst()" classname="de.uka.ilkd.key.logic.TestClashFreeSubst" time="1.669"/>
  <testcase name="testWary0()" classname="de.uka.ilkd.key.logic.TestClashFreeSubst" time="1.674"/>
  <testcase name="testWary1()" classname="de.uka.ilkd.key.logic.TestClashFreeSubst" time="1.7"/>
  <testcase name="testWary2()" classname="de.uka.ilkd.key.logic.TestClashFreeSubst" time="1.683"/>
  <testcase name="testClashInSubstTerm()" classname="de.uka.ilkd.key.logic.TestClashFreeSubst" time="1.682"/>
  <testcase name="testShareWary()" classname="de.uka.ilkd.key.logic.TestClashFreeSubst" time="1.668"/>
  <testcase name="testMultiSubst()" classname="de.uka.ilkd.key.logic.TestClashFreeSubst" time="1.706"/>
  <testcase name="xtestMultiClash()" classname="de.uka.ilkd.key.logic.TestClashFreeSubst" time="0.0">
    <skipped/>
  </testcase>
  <testcase name="testSubstInSubstTerm()" classname="de.uka.ilkd.key.logic.TestClashFreeSubst" time="1.867"/>
  <testcase name="testSubstWary()" classname="de.uka.ilkd.key.logic.TestClashFreeSubst" time="1.646"/>
  <testcase name="xtestMultiClash1()" classname="de.uka.ilkd.key.logic.TestClashFreeSubst" time="0.0">
    <skipped/>
  </testcase>
  <system-out><![CDATA[70852      INFO  Test worker     d.u.i.k.n.KeyIO           Parsing took 0 ms 
70852      DEBUG Test worker     d.u.i.k.n.KeyIO           Load declarations of de.uka.ilkd.key.nparser.KeyAst$File:  <unknown>:1#1 
70852      INFO  Test worker     d.u.i.k.n.KeyIO           MODE: declarations took 0 ms 
70852      DEBUG Test worker     d.u.i.k.n.KeyIO           MODE: 2nd degree decls took 0 
72596      INFO  Test worker     d.u.i.k.n.KeyIO           Parsing took 0 ms 
72596      DEBUG Test worker     d.u.i.k.n.KeyIO           Load declarations of de.uka.ilkd.key.nparser.KeyAst$File:  <unknown>:1#1 
72596      INFO  Test worker     d.u.i.k.n.KeyIO           MODE: declarations took 0 ms 
72596      DEBUG Test worker     d.u.i.k.n.KeyIO           MODE: 2nd degree decls took 0 
78263      INFO  Test worker     d.u.i.k.n.KeyIO           Parsing took 0 ms 
78263      DEBUG Test worker     d.u.i.k.n.KeyIO           Load declarations of de.uka.ilkd.key.nparser.KeyAst$File:  <unknown>:1#1 
78279      INFO  Test worker     d.u.i.k.n.KeyIO           MODE: declarations took 16 ms 
78279      DEBUG Test worker     d.u.i.k.n.KeyIO           MODE: 2nd degree decls took 0 
79998      INFO  Test worker     d.u.i.k.n.KeyIO           Parsing took 0 ms 
79998      DEBUG Test worker     d.u.i.k.n.KeyIO           Load declarations of de.uka.ilkd.key.nparser.KeyAst$File:  <unknown>:1#1 
79998      INFO  Test worker     d.u.i.k.n.KeyIO           MODE: declarations took 0 ms 
79998      DEBUG Test worker     d.u.i.k.n.KeyIO           MODE: 2nd degree decls took 0 
85670      INFO  Test worker     d.u.i.k.n.KeyIO           Parsing took 0 ms 
85685      DEBUG Test worker     d.u.i.k.n.KeyIO           Load declarations of de.uka.ilkd.key.nparser.KeyAst$File:  <unknown>:1#1 
85685      INFO  Test worker     d.u.i.k.n.KeyIO           MODE: declarations took 0 ms 
85685      DEBUG Test worker     d.u.i.k.n.KeyIO           MODE: 2nd degree decls took 0 
87387      INFO  Test worker     d.u.i.k.n.KeyIO           Parsing took 0 ms 
87387      DEBUG Test worker     d.u.i.k.n.KeyIO           Load declarations of de.uka.ilkd.key.nparser.KeyAst$File:  <unknown>:1#1 
87387      INFO  Test worker     d.u.i.k.n.KeyIO           MODE: declarations took 0 ms 
87387      DEBUG Test worker     d.u.i.k.n.KeyIO           MODE: 2nd degree decls took 0 
92857      INFO  Test worker     d.u.i.k.n.KeyIO           Parsing took 0 ms 
92857      DEBUG Test worker     d.u.i.k.n.KeyIO           Load declarations of de.uka.ilkd.key.nparser.KeyAst$File:  <unknown>:1#1 
92857      INFO  Test worker     d.u.i.k.n.KeyIO           MODE: declarations took 0 ms 
92857      DEBUG Test worker     d.u.i.k.n.KeyIO           MODE: 2nd degree decls took 0 
94519      INFO  Test worker     d.u.i.k.n.KeyIO           Parsing took 0 ms 
94519      DEBUG Test worker     d.u.i.k.n.KeyIO           Load declarations of de.uka.ilkd.key.nparser.KeyAst$File:  <unknown>:1#1 
94519      INFO  Test worker     d.u.i.k.n.KeyIO           MODE: declarations took 0 ms 
94519      DEBUG Test worker     d.u.i.k.n.KeyIO           MODE: 2nd degree decls took 0 
100143     INFO  Test worker     d.u.i.k.n.KeyIO           Parsing took 0 ms 
100143     DEBUG Test worker     d.u.i.k.n.KeyIO           Load declarations of de.uka.ilkd.key.nparser.KeyAst$File:  <unknown>:1#1 
100143     INFO  Test worker     d.u.i.k.n.KeyIO           MODE: declarations took 0 ms 
100143     DEBUG Test worker     d.u.i.k.n.KeyIO           MODE: 2nd degree decls took 0 
101803     INFO  Test worker     d.u.i.k.n.KeyIO           Parsing took 0 ms 
101803     DEBUG Test worker     d.u.i.k.n.KeyIO           Load declarations of de.uka.ilkd.key.nparser.KeyAst$File:  <unknown>:1#1 
101803     INFO  Test worker     d.u.i.k.n.KeyIO           MODE: declarations took 0 ms 
101803     DEBUG Test worker     d.u.i.k.n.KeyIO           MODE: 2nd degree decls took 0 
107319     INFO  Test worker     d.u.i.k.n.KeyIO           Parsing took 0 ms 
107319     DEBUG Test worker     d.u.i.k.n.KeyIO           Load declarations of de.uka.ilkd.key.nparser.KeyAst$File:  <unknown>:1#1 
107319     INFO  Test worker     d.u.i.k.n.KeyIO           MODE: declarations took 0 ms 
107319     DEBUG Test worker     d.u.i.k.n.KeyIO           MODE: 2nd degree decls took 0 
109011     INFO  Test worker     d.u.i.k.n.KeyIO           Parsing took 0 ms 
109011     DEBUG Test worker     d.u.i.k.n.KeyIO           Load declarations of de.uka.ilkd.key.nparser.KeyAst$File:  <unknown>:1#1 
109011     INFO  Test worker     d.u.i.k.n.KeyIO           MODE: declarations took 0 ms 
109011     DEBUG Test worker     d.u.i.k.n.KeyIO           MODE: 2nd degree decls took 0 
114572     INFO  Test worker     d.u.i.k.n.KeyIO           Parsing took 0 ms 
114572     DEBUG Test worker     d.u.i.k.n.KeyIO           Load declarations of de.uka.ilkd.key.nparser.KeyAst$File:  <unknown>:1#1 
114572     INFO  Test worker     d.u.i.k.n.KeyIO           MODE: declarations took 0 ms 
114572     DEBUG Test worker     d.u.i.k.n.KeyIO           MODE: 2nd degree decls took 0 
116239     INFO  Test worker     d.u.i.k.n.KeyIO           Parsing took 0 ms 
116239     DEBUG Test worker     d.u.i.k.n.KeyIO           Load declarations of de.uka.ilkd.key.nparser.KeyAst$File:  <unknown>:1#1 
116239     INFO  Test worker     d.u.i.k.n.KeyIO           MODE: declarations took 0 ms 
116239     DEBUG Test worker     d.u.i.k.n.KeyIO           MODE: 2nd degree decls took 0 
121800     INFO  Test worker     d.u.i.k.n.KeyIO           Parsing took 0 ms 
121800     DEBUG Test worker     d.u.i.k.n.KeyIO           Load declarations of de.uka.ilkd.key.nparser.KeyAst$File:  <unknown>:1#1 
121800     INFO  Test worker     d.u.i.k.n.KeyIO           MODE: declarations took 0 ms 
121800     DEBUG Test worker     d.u.i.k.n.KeyIO           MODE: 2nd degree decls took 0 
123479     INFO  Test worker     d.u.i.k.n.KeyIO           Parsing took 0 ms 
123479     DEBUG Test worker     d.u.i.k.n.KeyIO           Load declarations of de.uka.ilkd.key.nparser.KeyAst$File:  <unknown>:1#1 
123479     INFO  Test worker     d.u.i.k.n.KeyIO           MODE: declarations took 0 ms 
123479     DEBUG Test worker     d.u.i.k.n.KeyIO           MODE: 2nd degree decls took 0 
129017     INFO  Test worker     d.u.i.k.n.KeyIO           Parsing took 0 ms 
129017     DEBUG Test worker     d.u.i.k.n.KeyIO           Load declarations of de.uka.ilkd.key.nparser.KeyAst$File:  <unknown>:1#1 
129017     INFO  Test worker     d.u.i.k.n.KeyIO           MODE: declarations took 0 ms 
129017     DEBUG Test worker     d.u.i.k.n.KeyIO           MODE: 2nd degree decls took 0 
130671     INFO  Test worker     d.u.i.k.n.KeyIO           Parsing took 0 ms 
130671     DEBUG Test worker     d.u.i.k.n.KeyIO           Load declarations of de.uka.ilkd.key.nparser.KeyAst$File:  <unknown>:1#1 
130687     INFO  Test worker     d.u.i.k.n.KeyIO           MODE: declarations took 16 ms 
130687     DEBUG Test worker     d.u.i.k.n.KeyIO           MODE: 2nd degree decls took 0 
136192     INFO  Test worker     d.u.i.k.n.KeyIO           Parsing took 0 ms 
136192     DEBUG Test worker     d.u.i.k.n.KeyIO           Load declarations of de.uka.ilkd.key.nparser.KeyAst$File:  <unknown>:1#1 
136208     INFO  Test worker     d.u.i.k.n.KeyIO           MODE: declarations took 16 ms 
136208     DEBUG Test worker     d.u.i.k.n.KeyIO           MODE: 2nd degree decls took 0 
137899     INFO  Test worker     d.u.i.k.n.KeyIO           Parsing took 0 ms 
137899     DEBUG Test worker     d.u.i.k.n.KeyIO           Load declarations of de.uka.ilkd.key.nparser.KeyAst$File:  <unknown>:1#1 
137899     INFO  Test worker     d.u.i.k.n.KeyIO           MODE: declarations took 0 ms 
137899     DEBUG Test worker     d.u.i.k.n.KeyIO           MODE: 2nd degree decls took 0 
148783     INFO  Test worker     d.u.i.k.n.KeyIO           Parsing took 0 ms 
148783     DEBUG Test worker     d.u.i.k.n.KeyIO           Load declarations of de.uka.ilkd.key.nparser.KeyAst$File:  <unknown>:1#1 
148783     INFO  Test worker     d.u.i.k.n.KeyIO           MODE: declarations took 0 ms 
148783     DEBUG Test worker     d.u.i.k.n.KeyIO           MODE: 2nd degree decls took 0 
150629     INFO  Test worker     d.u.i.k.n.KeyIO           Parsing took 0 ms 
150629     DEBUG Test worker     d.u.i.k.n.KeyIO           Load declarations of de.uka.ilkd.key.nparser.KeyAst$File:  <unknown>:1#1 
150629     INFO  Test worker     d.u.i.k.n.KeyIO           MODE: declarations took 0 ms 
150629     DEBUG Test worker     d.u.i.k.n.KeyIO           MODE: 2nd degree decls took 0 
156169     INFO  Test worker     d.u.i.k.n.KeyIO           Parsing took 0 ms 
156169     DEBUG Test worker     d.u.i.k.n.KeyIO           Load declarations of de.uka.ilkd.key.nparser.KeyAst$File:  <unknown>:1#1 
156169     INFO  Test worker     d.u.i.k.n.KeyIO           MODE: declarations took 0 ms 
156169     DEBUG Test worker     d.u.i.k.n.KeyIO           MODE: 2nd degree decls took 0 
157812     INFO  Test worker     d.u.i.k.n.KeyIO           Parsing took 0 ms 
157812     DEBUG Test worker     d.u.i.k.n.KeyIO           Load declarations of de.uka.ilkd.key.nparser.KeyAst$File:  <unknown>:1#1 
157812     INFO  Test worker     d.u.i.k.n.KeyIO           MODE: declarations took 0 ms 
157812     DEBUG Test worker     d.u.i.k.n.KeyIO           MODE: 2nd degree decls took 0 
]]></system-out>
  <system-err><![CDATA[]]></system-err>
</testsuite>
