<?xml version="1.0" encoding="UTF-8"?>
<testsuite name="de.uka.ilkd.key.util.TestProofStarter" tests="2" skipped="0" failures="0" errors="0" timestamp="2023-06-15T12:44:52" hostname="fv-az1113-293" time="74.939">
  <properties/>
  <testcase name="testDirectProofWithOneStepSimplification()" classname="de.uka.ilkd.key.util.TestProofStarter" time="39.749"/>
  <testcase name="testDirectProof()" classname="de.uka.ilkd.key.util.TestProofStarter" time="35.19"/>
  <system-out><![CDATA[1493352    INFO  Test worker     d.u.i.k.p.i.AbstractProblemLoader Loading environment from src\test\resources\testcase\proofStarter\CC\project.key 
1493352    DEBUG Test worker     d.u.i.k.p.i.AbstractProblemLoader Environment load took 242.5ns 
1493352    INFO  Test worker     d.u.i.k.p.i.AbstractProblemLoader Creating init config 
1499070    DEBUG Test worker     d.u.i.k.p.i.AbstractProblemLoader Init config took 5.72s 
1499132    INFO  Test worker     d.u.i.k.p.i.AbstractProblemLoader Replaying proof CC[CC::calcCoinIndex([I,[I)].JML normal_behavior operation contract.0 
1499139    DEBUG Test worker     d.u.i.k.p.i.IntermediateProofReplayer Proof replay took 3.3ns 
1533067    INFO  Test worker     d.u.i.k.p.i.AbstractProblemLoader Loading environment from src\test\resources\testcase\proofStarter\CC\project.key 
1533067    DEBUG Test worker     d.u.i.k.p.i.AbstractProblemLoader Environment load took 184.9ns 
1533067    INFO  Test worker     d.u.i.k.p.i.AbstractProblemLoader Creating init config 
1538603    DEBUG Test worker     d.u.i.k.p.i.AbstractProblemLoader Init config took 5.53s 
1538666    INFO  Test worker     d.u.i.k.p.i.AbstractProblemLoader Replaying proof CC[CC::calcCoinIndex([I,[I)].JML normal_behavior operation contract.0 
1538666    DEBUG Test worker     d.u.i.k.p.i.IntermediateProofReplayer Proof replay took 3.1ns 
]]></system-out>
  <system-err><![CDATA[]]></system-err>
</testsuite>
