<?xml version="1.0" encoding="UTF-8"?>
<testsuite name="de.uka.ilkd.key.parser.TestTermParserSorts" tests="2" skipped="0" failures="0" errors="0" timestamp="2023-06-15T12:33:01" hostname="fv-az1113-293" time="5.724">
  <properties/>
  <testcase name="testParseIntegerArgs()" classname="de.uka.ilkd.key.parser.TestTermParserSorts" time="0.021"/>
  <testcase name="testParseSequencePrettySyntax()" classname="de.uka.ilkd.key.parser.TestTermParserSorts" time="0.004"/>
  <system-out><![CDATA[782032     INFO  Test worker     d.u.i.k.n.KeyIO           Parsing took 0 ms 
782032     DEBUG Test worker     d.u.i.k.n.KeyIO           Load declarations of de.uka.ilkd.key.nparser.KeyAst$File:  <unknown>:1#1 
782048     INFO  Test worker     d.u.i.k.n.KeyIO           MODE: declarations took 16 ms 
782048     DEBUG Test worker     d.u.i.k.n.KeyIO           MODE: 2nd degree decls took 0 
782048     INFO  Test worker     d.u.i.k.n.KeyIO           Parsing took 0 ms 
782048     DEBUG Test worker     d.u.i.k.n.KeyIO           Load declarations of de.uka.ilkd.key.nparser.KeyAst$File:  <unknown>:1#1 
782048     INFO  Test worker     d.u.i.k.n.KeyIO           MODE: declarations took 0 ms 
782048     DEBUG Test worker     d.u.i.k.n.KeyIO           MODE: 2nd degree decls took 0 
782048     INFO  Test worker     d.u.i.k.n.KeyIO           Parsing took 0 ms 
782048     DEBUG Test worker     d.u.i.k.n.KeyIO           Load declarations of de.uka.ilkd.key.nparser.KeyAst$File:  <unknown>:1#1 
782048     INFO  Test worker     d.u.i.k.n.KeyIO           MODE: declarations took 0 ms 
782048     DEBUG Test worker     d.u.i.k.n.KeyIO           MODE: 2nd degree decls took 0 
787752     INFO  Test worker     d.u.i.k.n.KeyIO           Parsing took 0 ms 
787752     DEBUG Test worker     d.u.i.k.n.KeyIO           Load declarations of de.uka.ilkd.key.nparser.KeyAst$File:  <unknown>:1#1 
787752     INFO  Test worker     d.u.i.k.n.KeyIO           MODE: declarations took 0 ms 
787752     DEBUG Test worker     d.u.i.k.n.KeyIO           MODE: 2nd degree decls took 0 
787752     INFO  Test worker     d.u.i.k.n.KeyIO           Parsing took 0 ms 
787752     DEBUG Test worker     d.u.i.k.n.KeyIO           Load declarations of de.uka.ilkd.key.nparser.KeyAst$File:  <unknown>:1#1 
787752     INFO  Test worker     d.u.i.k.n.KeyIO           MODE: declarations took 0 ms 
787752     DEBUG Test worker     d.u.i.k.n.KeyIO           MODE: 2nd degree decls took 0 
787752     INFO  Test worker     d.u.i.k.n.KeyIO           Parsing took 0 ms 
787752     DEBUG Test worker     d.u.i.k.n.KeyIO           Load declarations of de.uka.ilkd.key.nparser.KeyAst$File:  <unknown>:1#1 
787752     INFO  Test worker     d.u.i.k.n.KeyIO           MODE: declarations took 0 ms 
787752     DEBUG Test worker     d.u.i.k.n.KeyIO           MODE: 2nd degree decls took 0 
]]></system-out>
  <system-err><![CDATA[]]></system-err>
</testsuite>
