<?xml version="1.0" encoding="UTF-8"?>
<testsuite name="de.uka.ilkd.key.parser.TestTermParserHeap" tests="39" skipped="0" failures="0" errors="0" timestamp="2023-06-15T12:29:27" hostname="fv-az1113-293" time="207.943">
  <properties/>
  <testcase name="testBracketHeapUpdate()" classname="de.uka.ilkd.key.parser.TestTermParserHeap" time="0.026"/>
  <testcase name="testStore()" classname="de.uka.ilkd.key.parser.TestTermParserHeap" time="0.014"/>
  <testcase name="testUnknownConstant()" classname="de.uka.ilkd.key.parser.TestTermParserHeap" time="0.005"/>
  <testcase name="testAllFieldsSelector()" classname="de.uka.ilkd.key.parser.TestTermParserHeap" time="0.007"/>
  <testcase name="testParsePrettyPrintedSelect()" classname="de.uka.ilkd.key.parser.TestTermParserHeap" time="0.005"/>
  <testcase name="testAccessStaticMembers()" classname="de.uka.ilkd.key.parser.TestTermParserHeap" time="0.011"/>
  <testcase name="testAtOperator_1()" classname="de.uka.ilkd.key.parser.TestTermParserHeap" time="0.005"/>
  <testcase name="testAtOperator_2()" classname="de.uka.ilkd.key.parser.TestTermParserHeap" time="0.004"/>
  <testcase name="testAtOperator_3()" classname="de.uka.ilkd.key.parser.TestTermParserHeap" time="0.005"/>
  <testcase name="testAtOperator_4()" classname="de.uka.ilkd.key.parser.TestTermParserHeap" time="0.024"/>
  <testcase name="testAtOperator_5()" classname="de.uka.ilkd.key.parser.TestTermParserHeap" time="0.005"/>
  <testcase name="testAtOperator_6()" classname="de.uka.ilkd.key.parser.TestTermParserHeap" time="0.004"/>
  <testcase name="testAtOperator_7()" classname="de.uka.ilkd.key.parser.TestTermParserHeap" time="0.004"/>
  <testcase name="testAtOperator_8()" classname="de.uka.ilkd.key.parser.TestTermParserHeap" time="0.01"/>
  <testcase name="testVerifyExceptionIfAtOperatorNotPreceededBySelectTerm()" classname="de.uka.ilkd.key.parser.TestTermParserHeap" time="0.011"/>
  <testcase name="testBugResettingCounter()" classname="de.uka.ilkd.key.parser.TestTermParserHeap" time="0.007"/>
  <testcase name="testLocationSets()" classname="de.uka.ilkd.key.parser.TestTermParserHeap" time="0.01"/>
  <testcase name="testQuantifiedSelect()" classname="de.uka.ilkd.key.parser.TestTermParserHeap" time="0.005"/>
  <testcase name="testGenericObjectProperties()" classname="de.uka.ilkd.key.parser.TestTermParserHeap" time="0.005"/>
  <testcase name="testQueryInheritance_1()" classname="de.uka.ilkd.key.parser.TestTermParserHeap" time="0.005"/>
  <testcase name="testQueryInheritance_2()" classname="de.uka.ilkd.key.parser.TestTermParserHeap" time="0.008"/>
  <testcase name="testQueryInheritance_3()" classname="de.uka.ilkd.key.parser.TestTermParserHeap" time="0.008"/>
  <testcase name="testQueryInheritance_4()" classname="de.uka.ilkd.key.parser.TestTermParserHeap" time="0.004"/>
  <testcase name="testQueryInheritance_5()" classname="de.uka.ilkd.key.parser.TestTermParserHeap" time="0.004"/>
  <testcase name="testQueryInheritance_6()" classname="de.uka.ilkd.key.parser.TestTermParserHeap" time="0.005"/>
  <testcase name="testQueryInheritance_7()" classname="de.uka.ilkd.key.parser.TestTermParserHeap" time="0.004"/>
  <testcase name="testQueryInheritance_8()" classname="de.uka.ilkd.key.parser.TestTermParserHeap" time="0.007"/>
  <testcase name="testQueryInheritance_9()" classname="de.uka.ilkd.key.parser.TestTermParserHeap" time="0.004"/>
  <testcase name="testQueryBasic_10()" classname="de.uka.ilkd.key.parser.TestTermParserHeap" time="0.004"/>
  <testcase name="testQueryBasic_11()" classname="de.uka.ilkd.key.parser.TestTermParserHeap" time="0.006"/>
  <testcase name="testQueryBasic_1()" classname="de.uka.ilkd.key.parser.TestTermParserHeap" time="0.004"/>
  <testcase name="testQueryBasic_2()" classname="de.uka.ilkd.key.parser.TestTermParserHeap" time="0.005"/>
  <testcase name="testQueryBasic_3()" classname="de.uka.ilkd.key.parser.TestTermParserHeap" time="0.005"/>
  <testcase name="testQueryBasic_4()" classname="de.uka.ilkd.key.parser.TestTermParserHeap" time="0.012"/>
  <testcase name="testQueryBasic_5()" classname="de.uka.ilkd.key.parser.TestTermParserHeap" time="0.002"/>
  <testcase name="testQueryBasic_6()" classname="de.uka.ilkd.key.parser.TestTermParserHeap" time="0.005"/>
  <testcase name="testQueryBasic_7()" classname="de.uka.ilkd.key.parser.TestTermParserHeap" time="0.006"/>
  <testcase name="testQueryBasic_8()" classname="de.uka.ilkd.key.parser.TestTermParserHeap" time="0.004"/>
  <testcase name="testQueryBasic_9()" classname="de.uka.ilkd.key.parser.TestTermParserHeap" time="0.002"/>
  <system-out><![CDATA[568530     INFO  Test worker     d.u.i.k.n.KeyIO           Parsing took 0 ms 
568530     DEBUG Test worker     d.u.i.k.n.KeyIO           Load declarations of de.uka.ilkd.key.nparser.KeyAst$File:  <unknown>:1#1 
568546     INFO  Test worker     d.u.i.k.n.KeyIO           MODE: declarations took 16 ms 
568546     DEBUG Test worker     d.u.i.k.n.KeyIO           MODE: 2nd degree decls took 0 
568546     INFO  Test worker     d.u.i.k.n.KeyIO           Parsing took 0 ms 
568546     DEBUG Test worker     d.u.i.k.n.KeyIO           Load declarations of de.uka.ilkd.key.nparser.KeyAst$File:  <unknown>:1#1 
568546     INFO  Test worker     d.u.i.k.n.KeyIO           MODE: declarations took 0 ms 
568546     DEBUG Test worker     d.u.i.k.n.KeyIO           MODE: 2nd degree decls took 0 
568546     INFO  Test worker     d.u.i.k.n.KeyIO           Parsing took 0 ms 
568546     DEBUG Test worker     d.u.i.k.n.KeyIO           Load declarations of de.uka.ilkd.key.nparser.KeyAst$File:  <unknown>:1#1 
568546     INFO  Test worker     d.u.i.k.n.KeyIO           MODE: declarations took 0 ms 
568546     DEBUG Test worker     d.u.i.k.n.KeyIO           MODE: 2nd degree decls took 0 
568546     INFO  Test worker     d.u.i.k.n.KeyIO           Parsing took 0 ms 
568546     DEBUG Test worker     d.u.i.k.n.KeyIO           Load declarations of de.uka.ilkd.key.nparser.KeyAst$File:  <unknown>:1#1 
568546     INFO  Test worker     d.u.i.k.n.KeyIO           MODE: declarations took 0 ms 
568546     DEBUG Test worker     d.u.i.k.n.KeyIO           MODE: 2nd degree decls took 0 
568546     INFO  Test worker     d.u.i.k.n.KeyIO           Parsing took 0 ms 
568546     DEBUG Test worker     d.u.i.k.n.KeyIO           Load declarations of de.uka.ilkd.key.nparser.KeyAst$File:  <unknown>:1#1 
568546     INFO  Test worker     d.u.i.k.n.KeyIO           MODE: declarations took 0 ms 
568546     DEBUG Test worker     d.u.i.k.n.KeyIO           MODE: 2nd degree decls took 0 
574066     INFO  Test worker     d.u.i.k.n.KeyIO           Parsing took 0 ms 
574082     DEBUG Test worker     d.u.i.k.n.KeyIO           Load declarations of de.uka.ilkd.key.nparser.KeyAst$File:  <unknown>:1#1 
574082     INFO  Test worker     d.u.i.k.n.KeyIO           MODE: declarations took 0 ms 
574082     DEBUG Test worker     d.u.i.k.n.KeyIO           MODE: 2nd degree decls took 0 
574082     INFO  Test worker     d.u.i.k.n.KeyIO           Parsing took 0 ms 
574082     DEBUG Test worker     d.u.i.k.n.KeyIO           Load declarations of de.uka.ilkd.key.nparser.KeyAst$File:  <unknown>:1#1 
574082     INFO  Test worker     d.u.i.k.n.KeyIO           MODE: declarations took 0 ms 
574082     DEBUG Test worker     d.u.i.k.n.KeyIO           MODE: 2nd degree decls took 0 
574082     INFO  Test worker     d.u.i.k.n.KeyIO           Parsing took 0 ms 
574082     DEBUG Test worker     d.u.i.k.n.KeyIO           Load declarations of de.uka.ilkd.key.nparser.KeyAst$File:  <unknown>:1#1 
574082     INFO  Test worker     d.u.i.k.n.KeyIO           MODE: declarations took 0 ms 
574082     DEBUG Test worker     d.u.i.k.n.KeyIO           MODE: 2nd degree decls took 0 
574082     INFO  Test worker     d.u.i.k.n.KeyIO           Parsing took 0 ms 
574082     DEBUG Test worker     d.u.i.k.n.KeyIO           Load declarations of de.uka.ilkd.key.nparser.KeyAst$File:  <unknown>:1#1 
574082     INFO  Test worker     d.u.i.k.n.KeyIO           MODE: declarations took 0 ms 
574082     DEBUG Test worker     d.u.i.k.n.KeyIO           MODE: 2nd degree decls took 0 
574082     INFO  Test worker     d.u.i.k.n.KeyIO           Parsing took 0 ms 
574082     DEBUG Test worker     d.u.i.k.n.KeyIO           Load declarations of de.uka.ilkd.key.nparser.KeyAst$File:  <unknown>:1#1 
574082     INFO  Test worker     d.u.i.k.n.KeyIO           MODE: declarations took 0 ms 
574082     DEBUG Test worker     d.u.i.k.n.KeyIO           MODE: 2nd degree decls took 0 
579582     INFO  Test worker     d.u.i.k.n.KeyIO           Parsing took 0 ms 
579582     DEBUG Test worker     d.u.i.k.n.KeyIO           Load declarations of de.uka.ilkd.key.nparser.KeyAst$File:  <unknown>:1#1 
579582     INFO  Test worker     d.u.i.k.n.KeyIO           MODE: declarations took 0 ms 
579582     DEBUG Test worker     d.u.i.k.n.KeyIO           MODE: 2nd degree decls took 0 
579582     INFO  Test worker     d.u.i.k.n.KeyIO           Parsing took 0 ms 
579582     DEBUG Test worker     d.u.i.k.n.KeyIO           Load declarations of de.uka.ilkd.key.nparser.KeyAst$File:  <unknown>:1#1 
579582     INFO  Test worker     d.u.i.k.n.KeyIO           MODE: declarations took 0 ms 
579582     DEBUG Test worker     d.u.i.k.n.KeyIO           MODE: 2nd degree decls took 0 
579582     INFO  Test worker     d.u.i.k.n.KeyIO           Parsing took 0 ms 
579582     DEBUG Test worker     d.u.i.k.n.KeyIO           Load declarations of de.uka.ilkd.key.nparser.KeyAst$File:  <unknown>:1#1 
579582     INFO  Test worker     d.u.i.k.n.KeyIO           MODE: declarations took 0 ms 
579582     DEBUG Test worker     d.u.i.k.n.KeyIO           MODE: 2nd degree decls took 0 
579582     INFO  Test worker     d.u.i.k.n.KeyIO           Parsing took 0 ms 
579582     DEBUG Test worker     d.u.i.k.n.KeyIO           Load declarations of de.uka.ilkd.key.nparser.KeyAst$File:  <unknown>:1#1 
579582     INFO  Test worker     d.u.i.k.n.KeyIO           MODE: declarations took 0 ms 
579582     DEBUG Test worker     d.u.i.k.n.KeyIO           MODE: 2nd degree decls took 0 
579582     INFO  Test worker     d.u.i.k.n.KeyIO           Parsing took 0 ms 
579582     DEBUG Test worker     d.u.i.k.n.KeyIO           Load declarations of de.uka.ilkd.key.nparser.KeyAst$File:  <unknown>:1#1 
579582     INFO  Test worker     d.u.i.k.n.KeyIO           MODE: declarations took 0 ms 
579582     DEBUG Test worker     d.u.i.k.n.KeyIO           MODE: 2nd degree decls took 0 
579582     INFO  Test worker     d.u.i.k.n.KeyIO           Parsing took 0 ms 
579582     DEBUG Test worker     d.u.i.k.n.KeyIO           Load declarations of de.uka.ilkd.key.nparser.KeyAst$File:  <unknown>:1#1 
579582     INFO  Test worker     d.u.i.k.n.KeyIO           MODE: declarations took 0 ms 
579582     DEBUG Test worker     d.u.i.k.n.KeyIO           MODE: 2nd degree decls took 0 
585044     INFO  Test worker     d.u.i.k.n.KeyIO           Parsing took 0 ms 
585044     DEBUG Test worker     d.u.i.k.n.KeyIO           Load declarations of de.uka.ilkd.key.nparser.KeyAst$File:  <unknown>:1#1 
585044     INFO  Test worker     d.u.i.k.n.KeyIO           MODE: declarations took 0 ms 
585044     DEBUG Test worker     d.u.i.k.n.KeyIO           MODE: 2nd degree decls took 0 
585044     INFO  Test worker     d.u.i.k.n.KeyIO           Parsing took 0 ms 
585044     DEBUG Test worker     d.u.i.k.n.KeyIO           Load declarations of de.uka.ilkd.key.nparser.KeyAst$File:  <unknown>:1#1 
585044     INFO  Test worker     d.u.i.k.n.KeyIO           MODE: declarations took 0 ms 
585044     DEBUG Test worker     d.u.i.k.n.KeyIO           MODE: 2nd degree decls took 0 
585044     INFO  Test worker     d.u.i.k.n.KeyIO           Parsing took 0 ms 
585044     DEBUG Test worker     d.u.i.k.n.KeyIO           Load declarations of de.uka.ilkd.key.nparser.KeyAst$File:  <unknown>:1#1 
585044     INFO  Test worker     d.u.i.k.n.KeyIO           MODE: declarations took 0 ms 
585044     DEBUG Test worker     d.u.i.k.n.KeyIO           MODE: 2nd degree decls took 0 
585044     INFO  Test worker     d.u.i.k.n.KeyIO           Parsing took 0 ms 
585044     DEBUG Test worker     d.u.i.k.n.KeyIO           Load declarations of de.uka.ilkd.key.nparser.KeyAst$File:  <unknown>:1#1 
585044     INFO  Test worker     d.u.i.k.n.KeyIO           MODE: declarations took 0 ms 
585044     DEBUG Test worker     d.u.i.k.n.KeyIO           MODE: 2nd degree decls took 0 
585044     INFO  Test worker     d.u.i.k.n.KeyIO           Parsing took 0 ms 
585044     DEBUG Test worker     d.u.i.k.n.KeyIO           Load declarations of de.uka.ilkd.key.nparser.KeyAst$File:  <unknown>:1#1 
585044     INFO  Test worker     d.u.i.k.n.KeyIO           MODE: declarations took 0 ms 
585044     DEBUG Test worker     d.u.i.k.n.KeyIO           MODE: 2nd degree decls took 0 
590436     INFO  Test worker     d.u.i.k.n.KeyIO           Parsing took 0 ms 
590436     DEBUG Test worker     d.u.i.k.n.KeyIO           Load declarations of de.uka.ilkd.key.nparser.KeyAst$File:  <unknown>:1#1 
590436     INFO  Test worker     d.u.i.k.n.KeyIO           MODE: declarations took 0 ms 
590436     DEBUG Test worker     d.u.i.k.n.KeyIO           MODE: 2nd degree decls took 0 
590436     INFO  Test worker     d.u.i.k.n.KeyIO           Parsing took 0 ms 
590436     DEBUG Test worker     d.u.i.k.n.KeyIO           Load declarations of de.uka.ilkd.key.nparser.KeyAst$File:  <unknown>:1#1 
590436     INFO  Test worker     d.u.i.k.n.KeyIO           MODE: declarations took 0 ms 
590436     DEBUG Test worker     d.u.i.k.n.KeyIO           MODE: 2nd degree decls took 0 
590436     INFO  Test worker     d.u.i.k.n.KeyIO           Parsing took 0 ms 
590436     DEBUG Test worker     d.u.i.k.n.KeyIO           Load declarations of de.uka.ilkd.key.nparser.KeyAst$File:  <unknown>:1#1 
590436     INFO  Test worker     d.u.i.k.n.KeyIO           MODE: declarations took 0 ms 
590436     DEBUG Test worker     d.u.i.k.n.KeyIO           MODE: 2nd degree decls took 0 
590436     INFO  Test worker     d.u.i.k.n.KeyIO           Parsing took 0 ms 
590436     DEBUG Test worker     d.u.i.k.n.KeyIO           Load declarations of de.uka.ilkd.key.nparser.KeyAst$File:  <unknown>:1#1 
590436     INFO  Test worker     d.u.i.k.n.KeyIO           MODE: declarations took 0 ms 
590436     DEBUG Test worker     d.u.i.k.n.KeyIO           MODE: 2nd degree decls took 0 
590436     INFO  Test worker     d.u.i.k.n.KeyIO           Parsing took 0 ms 
590436     DEBUG Test worker     d.u.i.k.n.KeyIO           Load declarations of de.uka.ilkd.key.nparser.KeyAst$File:  <unknown>:1#1 
590436     INFO  Test worker     d.u.i.k.n.KeyIO           MODE: declarations took 0 ms 
590436     DEBUG Test worker     d.u.i.k.n.KeyIO           MODE: 2nd degree decls took 0 
595697     INFO  Test worker     d.u.i.k.n.KeyIO           Parsing took 0 ms 
595697     DEBUG Test worker     d.u.i.k.n.KeyIO           Load declarations of de.uka.ilkd.key.nparser.KeyAst$File:  <unknown>:1#1 
595697     INFO  Test worker     d.u.i.k.n.KeyIO           MODE: declarations took 0 ms 
595697     DEBUG Test worker     d.u.i.k.n.KeyIO           MODE: 2nd degree decls took 0 
595697     INFO  Test worker     d.u.i.k.n.KeyIO           Parsing took 0 ms 
595697     DEBUG Test worker     d.u.i.k.n.KeyIO           Load declarations of de.uka.ilkd.key.nparser.KeyAst$File:  <unknown>:1#1 
595697     INFO  Test worker     d.u.i.k.n.KeyIO           MODE: declarations took 0 ms 
595697     DEBUG Test worker     d.u.i.k.n.KeyIO           MODE: 2nd degree decls took 0 
595697     INFO  Test worker     d.u.i.k.n.KeyIO           Parsing took 0 ms 
595697     DEBUG Test worker     d.u.i.k.n.KeyIO           Load declarations of de.uka.ilkd.key.nparser.KeyAst$File:  <unknown>:1#1 
595697     INFO  Test worker     d.u.i.k.n.KeyIO           MODE: declarations took 0 ms 
595697     DEBUG Test worker     d.u.i.k.n.KeyIO           MODE: 2nd degree decls took 0 
595697     INFO  Test worker     d.u.i.k.n.KeyIO           Parsing took 0 ms 
595697     DEBUG Test worker     d.u.i.k.n.KeyIO           Load declarations of de.uka.ilkd.key.nparser.KeyAst$File:  <unknown>:1#1 
595697     INFO  Test worker     d.u.i.k.n.KeyIO           MODE: declarations took 0 ms 
595697     DEBUG Test worker     d.u.i.k.n.KeyIO           MODE: 2nd degree decls took 0 
595697     INFO  Test worker     d.u.i.k.n.KeyIO           Parsing took 0 ms 
595697     DEBUG Test worker     d.u.i.k.n.KeyIO           Load declarations of de.uka.ilkd.key.nparser.KeyAst$File:  <unknown>:1#1 
595697     INFO  Test worker     d.u.i.k.n.KeyIO           MODE: declarations took 0 ms 
595697     DEBUG Test worker     d.u.i.k.n.KeyIO           MODE: 2nd degree decls took 0 
601124     INFO  Test worker     d.u.i.k.n.KeyIO           Parsing took 0 ms 
601124     DEBUG Test worker     d.u.i.k.n.KeyIO           Load declarations of de.uka.ilkd.key.nparser.KeyAst$File:  <unknown>:1#1 
601124     INFO  Test worker     d.u.i.k.n.KeyIO           MODE: declarations took 0 ms 
601124     DEBUG Test worker     d.u.i.k.n.KeyIO           MODE: 2nd degree decls took 0 
601124     INFO  Test worker     d.u.i.k.n.KeyIO           Parsing took 0 ms 
601124     DEBUG Test worker     d.u.i.k.n.KeyIO           Load declarations of de.uka.ilkd.key.nparser.KeyAst$File:  <unknown>:1#1 
601124     INFO  Test worker     d.u.i.k.n.KeyIO           MODE: declarations took 0 ms 
601124     DEBUG Test worker     d.u.i.k.n.KeyIO           MODE: 2nd degree decls took 0 
601124     INFO  Test worker     d.u.i.k.n.KeyIO           Parsing took 0 ms 
601124     DEBUG Test worker     d.u.i.k.n.KeyIO           Load declarations of de.uka.ilkd.key.nparser.KeyAst$File:  <unknown>:1#1 
601124     INFO  Test worker     d.u.i.k.n.KeyIO           MODE: declarations took 0 ms 
601124     DEBUG Test worker     d.u.i.k.n.KeyIO           MODE: 2nd degree decls took 0 
601124     INFO  Test worker     d.u.i.k.n.KeyIO           Parsing took 0 ms 
601124     DEBUG Test worker     d.u.i.k.n.KeyIO           Load declarations of de.uka.ilkd.key.nparser.KeyAst$File:  <unknown>:1#1 
601124     INFO  Test worker     d.u.i.k.n.KeyIO           MODE: declarations took 0 ms 
601124     DEBUG Test worker     d.u.i.k.n.KeyIO           MODE: 2nd degree decls took 0 
601124     INFO  Test worker     d.u.i.k.n.KeyIO           Parsing took 0 ms 
601124     DEBUG Test worker     d.u.i.k.n.KeyIO           Load declarations of de.uka.ilkd.key.nparser.KeyAst$File:  <unknown>:1#1 
601124     INFO  Test worker     d.u.i.k.n.KeyIO           MODE: declarations took 0 ms 
601124     DEBUG Test worker     d.u.i.k.n.KeyIO           MODE: 2nd degree decls took 0 
606706     INFO  Test worker     d.u.i.k.n.KeyIO           Parsing took 0 ms 
606706     DEBUG Test worker     d.u.i.k.n.KeyIO           Load declarations of de.uka.ilkd.key.nparser.KeyAst$File:  <unknown>:1#1 
606706     INFO  Test worker     d.u.i.k.n.KeyIO           MODE: declarations took 0 ms 
606706     DEBUG Test worker     d.u.i.k.n.KeyIO           MODE: 2nd degree decls took 0 
606706     INFO  Test worker     d.u.i.k.n.KeyIO           Parsing took 0 ms 
606706     DEBUG Test worker     d.u.i.k.n.KeyIO           Load declarations of de.uka.ilkd.key.nparser.KeyAst$File:  <unknown>:1#1 
606706     INFO  Test worker     d.u.i.k.n.KeyIO           MODE: declarations took 0 ms 
606706     DEBUG Test worker     d.u.i.k.n.KeyIO           MODE: 2nd degree decls took 0 
606706     INFO  Test worker     d.u.i.k.n.KeyIO           Parsing took 0 ms 
606706     DEBUG Test worker     d.u.i.k.n.KeyIO           Load declarations of de.uka.ilkd.key.nparser.KeyAst$File:  <unknown>:1#1 
606706     INFO  Test worker     d.u.i.k.n.KeyIO           MODE: declarations took 0 ms 
606706     DEBUG Test worker     d.u.i.k.n.KeyIO           MODE: 2nd degree decls took 0 
606706     INFO  Test worker     d.u.i.k.n.KeyIO           Parsing took 0 ms 
606706     DEBUG Test worker     d.u.i.k.n.KeyIO           Load declarations of de.uka.ilkd.key.nparser.KeyAst$File:  <unknown>:1#1 
606706     INFO  Test worker     d.u.i.k.n.KeyIO           MODE: declarations took 0 ms 
606706     DEBUG Test worker     d.u.i.k.n.KeyIO           MODE: 2nd degree decls took 0 
606706     INFO  Test worker     d.u.i.k.n.KeyIO           Parsing took 0 ms 
606706     DEBUG Test worker     d.u.i.k.n.KeyIO           Load declarations of de.uka.ilkd.key.nparser.KeyAst$File:  <unknown>:1#1 
606706     INFO  Test worker     d.u.i.k.n.KeyIO           MODE: declarations took 0 ms 
606706     DEBUG Test worker     d.u.i.k.n.KeyIO           MODE: 2nd degree decls took 0 
612244     INFO  Test worker     d.u.i.k.n.KeyIO           Parsing took 0 ms 
612244     DEBUG Test worker     d.u.i.k.n.KeyIO           Load declarations of de.uka.ilkd.key.nparser.KeyAst$File:  <unknown>:1#1 
612244     INFO  Test worker     d.u.i.k.n.KeyIO           MODE: declarations took 0 ms 
612244     DEBUG Test worker     d.u.i.k.n.KeyIO           MODE: 2nd degree decls took 0 
612244     INFO  Test worker     d.u.i.k.n.KeyIO           Parsing took 0 ms 
612244     DEBUG Test worker     d.u.i.k.n.KeyIO           Load declarations of de.uka.ilkd.key.nparser.KeyAst$File:  <unknown>:1#1 
612244     INFO  Test worker     d.u.i.k.n.KeyIO           MODE: declarations took 0 ms 
612244     DEBUG Test worker     d.u.i.k.n.KeyIO           MODE: 2nd degree decls took 0 
612244     INFO  Test worker     d.u.i.k.n.KeyIO           Parsing took 0 ms 
612244     DEBUG Test worker     d.u.i.k.n.KeyIO           Load declarations of de.uka.ilkd.key.nparser.KeyAst$File:  <unknown>:1#1 
612244     INFO  Test worker     d.u.i.k.n.KeyIO           MODE: declarations took 0 ms 
612244     DEBUG Test worker     d.u.i.k.n.KeyIO           MODE: 2nd degree decls took 0 
612244     INFO  Test worker     d.u.i.k.n.KeyIO           Parsing took 0 ms 
612244     DEBUG Test worker     d.u.i.k.n.KeyIO           Load declarations of de.uka.ilkd.key.nparser.KeyAst$File:  <unknown>:1#1 
612244     INFO  Test worker     d.u.i.k.n.KeyIO           MODE: declarations took 0 ms 
612260     DEBUG Test worker     d.u.i.k.n.KeyIO           MODE: 2nd degree decls took 0 
612260     INFO  Test worker     d.u.i.k.n.KeyIO           Parsing took 0 ms 
612260     DEBUG Test worker     d.u.i.k.n.KeyIO           Load declarations of de.uka.ilkd.key.nparser.KeyAst$File:  <unknown>:1#1 
612260     INFO  Test worker     d.u.i.k.n.KeyIO           MODE: declarations took 0 ms 
612260     DEBUG Test worker     d.u.i.k.n.KeyIO           MODE: 2nd degree decls took 0 
617951     INFO  Test worker     d.u.i.k.n.KeyIO           Parsing took 0 ms 
617951     DEBUG Test worker     d.u.i.k.n.KeyIO           Load declarations of de.uka.ilkd.key.nparser.KeyAst$File:  <unknown>:1#1 
617951     INFO  Test worker     d.u.i.k.n.KeyIO           MODE: declarations took 0 ms 
617951     DEBUG Test worker     d.u.i.k.n.KeyIO           MODE: 2nd degree decls took 0 
617951     INFO  Test worker     d.u.i.k.n.KeyIO           Parsing took 0 ms 
617951     DEBUG Test worker     d.u.i.k.n.KeyIO           Load declarations of de.uka.ilkd.key.nparser.KeyAst$File:  <unknown>:1#1 
617951     INFO  Test worker     d.u.i.k.n.KeyIO           MODE: declarations took 0 ms 
617951     DEBUG Test worker     d.u.i.k.n.KeyIO           MODE: 2nd degree decls took 0 
617951     INFO  Test worker     d.u.i.k.n.KeyIO           Parsing took 0 ms 
617951     DEBUG Test worker     d.u.i.k.n.KeyIO           Load declarations of de.uka.ilkd.key.nparser.KeyAst$File:  <unknown>:1#1 
617951     INFO  Test worker     d.u.i.k.n.KeyIO           MODE: declarations took 0 ms 
617951     DEBUG Test worker     d.u.i.k.n.KeyIO           MODE: 2nd degree decls took 0 
617951     INFO  Test worker     d.u.i.k.n.KeyIO           Parsing took 0 ms 
617966     DEBUG Test worker     d.u.i.k.n.KeyIO           Load declarations of de.uka.ilkd.key.nparser.KeyAst$File:  <unknown>:1#1 
617966     INFO  Test worker     d.u.i.k.n.KeyIO           MODE: declarations took 0 ms 
617966     DEBUG Test worker     d.u.i.k.n.KeyIO           MODE: 2nd degree decls took 0 
617966     INFO  Test worker     d.u.i.k.n.KeyIO           Parsing took 0 ms 
617966     DEBUG Test worker     d.u.i.k.n.KeyIO           Load declarations of de.uka.ilkd.key.nparser.KeyAst$File:  <unknown>:1#1 
617966     INFO  Test worker     d.u.i.k.n.KeyIO           MODE: declarations took 0 ms 
617966     DEBUG Test worker     d.u.i.k.n.KeyIO           MODE: 2nd degree decls took 0 
623477     INFO  Test worker     d.u.i.k.n.KeyIO           Parsing took 0 ms 
623477     DEBUG Test worker     d.u.i.k.n.KeyIO           Load declarations of de.uka.ilkd.key.nparser.KeyAst$File:  <unknown>:1#1 
623477     INFO  Test worker     d.u.i.k.n.KeyIO           MODE: declarations took 0 ms 
623477     DEBUG Test worker     d.u.i.k.n.KeyIO           MODE: 2nd degree decls took 0 
623477     INFO  Test worker     d.u.i.k.n.KeyIO           Parsing took 0 ms 
623477     DEBUG Test worker     d.u.i.k.n.KeyIO           Load declarations of de.uka.ilkd.key.nparser.KeyAst$File:  <unknown>:1#1 
623477     INFO  Test worker     d.u.i.k.n.KeyIO           MODE: declarations took 0 ms 
623477     DEBUG Test worker     d.u.i.k.n.KeyIO           MODE: 2nd degree decls took 0 
623477     INFO  Test worker     d.u.i.k.n.KeyIO           Parsing took 0 ms 
623477     DEBUG Test worker     d.u.i.k.n.KeyIO           Load declarations of de.uka.ilkd.key.nparser.KeyAst$File:  <unknown>:1#1 
623477     INFO  Test worker     d.u.i.k.n.KeyIO           MODE: declarations took 0 ms 
623477     DEBUG Test worker     d.u.i.k.n.KeyIO           MODE: 2nd degree decls took 0 
623477     INFO  Test worker     d.u.i.k.n.KeyIO           Parsing took 0 ms 
623477     DEBUG Test worker     d.u.i.k.n.KeyIO           Load declarations of de.uka.ilkd.key.nparser.KeyAst$File:  <unknown>:1#1 
623477     INFO  Test worker     d.u.i.k.n.KeyIO           MODE: declarations took 0 ms 
623477     DEBUG Test worker     d.u.i.k.n.KeyIO           MODE: 2nd degree decls took 0 
623477     INFO  Test worker     d.u.i.k.n.KeyIO           Parsing took 0 ms 
623477     DEBUG Test worker     d.u.i.k.n.KeyIO           Load declarations of de.uka.ilkd.key.nparser.KeyAst$File:  <unknown>:1#1 
623477     INFO  Test worker     d.u.i.k.n.KeyIO           MODE: declarations took 0 ms 
623477     DEBUG Test worker     d.u.i.k.n.KeyIO           MODE: 2nd degree decls took 0 
629095     INFO  Test worker     d.u.i.k.n.KeyIO           Parsing took 0 ms 
629095     DEBUG Test worker     d.u.i.k.n.KeyIO           Load declarations of de.uka.ilkd.key.nparser.KeyAst$File:  <unknown>:1#1 
629095     INFO  Test worker     d.u.i.k.n.KeyIO           MODE: declarations took 0 ms 
629095     DEBUG Test worker     d.u.i.k.n.KeyIO           MODE: 2nd degree decls took 0 
629095     INFO  Test worker     d.u.i.k.n.KeyIO           Parsing took 0 ms 
629095     DEBUG Test worker     d.u.i.k.n.KeyIO           Load declarations of de.uka.ilkd.key.nparser.KeyAst$File:  <unknown>:1#1 
629095     INFO  Test worker     d.u.i.k.n.KeyIO           MODE: declarations took 0 ms 
629095     DEBUG Test worker     d.u.i.k.n.KeyIO           MODE: 2nd degree decls took 0 
629095     INFO  Test worker     d.u.i.k.n.KeyIO           Parsing took 0 ms 
629095     DEBUG Test worker     d.u.i.k.n.KeyIO           Load declarations of de.uka.ilkd.key.nparser.KeyAst$File:  <unknown>:1#1 
629095     INFO  Test worker     d.u.i.k.n.KeyIO           MODE: declarations took 0 ms 
629095     DEBUG Test worker     d.u.i.k.n.KeyIO           MODE: 2nd degree decls took 0 
629095     INFO  Test worker     d.u.i.k.n.KeyIO           Parsing took 0 ms 
629095     DEBUG Test worker     d.u.i.k.n.KeyIO           Load declarations of de.uka.ilkd.key.nparser.KeyAst$File:  <unknown>:1#1 
629095     INFO  Test worker     d.u.i.k.n.KeyIO           MODE: declarations took 0 ms 
629095     DEBUG Test worker     d.u.i.k.n.KeyIO           MODE: 2nd degree decls took 0 
629095     INFO  Test worker     d.u.i.k.n.KeyIO           Parsing took 0 ms 
629095     DEBUG Test worker     d.u.i.k.n.KeyIO           Load declarations of de.uka.ilkd.key.nparser.KeyAst$File:  <unknown>:1#1 
629095     INFO  Test worker     d.u.i.k.n.KeyIO           MODE: declarations took 0 ms 
629095     DEBUG Test worker     d.u.i.k.n.KeyIO           MODE: 2nd degree decls took 0 
634574     INFO  Test worker     d.u.i.k.n.KeyIO           Parsing took 0 ms 
634574     DEBUG Test worker     d.u.i.k.n.KeyIO           Load declarations of de.uka.ilkd.key.nparser.KeyAst$File:  <unknown>:1#1 
634574     INFO  Test worker     d.u.i.k.n.KeyIO           MODE: declarations took 0 ms 
634574     DEBUG Test worker     d.u.i.k.n.KeyIO           MODE: 2nd degree decls took 0 
634574     INFO  Test worker     d.u.i.k.n.KeyIO           Parsing took 0 ms 
634574     DEBUG Test worker     d.u.i.k.n.KeyIO           Load declarations of de.uka.ilkd.key.nparser.KeyAst$File:  <unknown>:1#1 
634574     INFO  Test worker     d.u.i.k.n.KeyIO           MODE: declarations took 0 ms 
634574     DEBUG Test worker     d.u.i.k.n.KeyIO           MODE: 2nd degree decls took 0 
634574     INFO  Test worker     d.u.i.k.n.KeyIO           Parsing took 0 ms 
634574     DEBUG Test worker     d.u.i.k.n.KeyIO           Load declarations of de.uka.ilkd.key.nparser.KeyAst$File:  <unknown>:1#1 
634574     INFO  Test worker     d.u.i.k.n.KeyIO           MODE: declarations took 0 ms 
634574     DEBUG Test worker     d.u.i.k.n.KeyIO           MODE: 2nd degree decls took 0 
634589     INFO  Test worker     d.u.i.k.n.KeyIO           Parsing took 15 ms 
634589     DEBUG Test worker     d.u.i.k.n.KeyIO           Load declarations of de.uka.ilkd.key.nparser.KeyAst$File:  <unknown>:1#1 
634589     INFO  Test worker     d.u.i.k.n.KeyIO           MODE: declarations took 0 ms 
634589     DEBUG Test worker     d.u.i.k.n.KeyIO           MODE: 2nd degree decls took 0 
634589     INFO  Test worker     d.u.i.k.n.KeyIO           Parsing took 0 ms 
634589     DEBUG Test worker     d.u.i.k.n.KeyIO           Load declarations of de.uka.ilkd.key.nparser.KeyAst$File:  <unknown>:1#1 
634589     INFO  Test worker     d.u.i.k.n.KeyIO           MODE: declarations took 0 ms 
634589     DEBUG Test worker     d.u.i.k.n.KeyIO           MODE: 2nd degree decls took 0 
640222     INFO  Test worker     d.u.i.k.n.KeyIO           Parsing took 0 ms 
640222     DEBUG Test worker     d.u.i.k.n.KeyIO           Load declarations of de.uka.ilkd.key.nparser.KeyAst$File:  <unknown>:1#1 
640222     INFO  Test worker     d.u.i.k.n.KeyIO           MODE: declarations took 0 ms 
640222     DEBUG Test worker     d.u.i.k.n.KeyIO           MODE: 2nd degree decls took 0 
640222     INFO  Test worker     d.u.i.k.n.KeyIO           Parsing took 0 ms 
640222     DEBUG Test worker     d.u.i.k.n.KeyIO           Load declarations of de.uka.ilkd.key.nparser.KeyAst$File:  <unknown>:1#1 
640222     INFO  Test worker     d.u.i.k.n.KeyIO           MODE: declarations took 0 ms 
640222     DEBUG Test worker     d.u.i.k.n.KeyIO           MODE: 2nd degree decls took 0 
640222     INFO  Test worker     d.u.i.k.n.KeyIO           Parsing took 0 ms 
640222     DEBUG Test worker     d.u.i.k.n.KeyIO           Load declarations of de.uka.ilkd.key.nparser.KeyAst$File:  <unknown>:1#1 
640222     INFO  Test worker     d.u.i.k.n.KeyIO           MODE: declarations took 0 ms 
640222     DEBUG Test worker     d.u.i.k.n.KeyIO           MODE: 2nd degree decls took 0 
640222     INFO  Test worker     d.u.i.k.n.KeyIO           Parsing took 0 ms 
640222     DEBUG Test worker     d.u.i.k.n.KeyIO           Load declarations of de.uka.ilkd.key.nparser.KeyAst$File:  <unknown>:1#1 
640222     INFO  Test worker     d.u.i.k.n.KeyIO           MODE: declarations took 0 ms 
640222     DEBUG Test worker     d.u.i.k.n.KeyIO           MODE: 2nd degree decls took 0 
640222     INFO  Test worker     d.u.i.k.n.KeyIO           Parsing took 0 ms 
640222     DEBUG Test worker     d.u.i.k.n.KeyIO           Load declarations of de.uka.ilkd.key.nparser.KeyAst$File:  <unknown>:1#1 
640222     INFO  Test worker     d.u.i.k.n.KeyIO           MODE: declarations took 0 ms 
640222     DEBUG Test worker     d.u.i.k.n.KeyIO           MODE: 2nd degree decls took 0 
645730     INFO  Test worker     d.u.i.k.n.KeyIO           Parsing took 0 ms 
645730     DEBUG Test worker     d.u.i.k.n.KeyIO           Load declarations of de.uka.ilkd.key.nparser.KeyAst$File:  <unknown>:1#1 
645730     INFO  Test worker     d.u.i.k.n.KeyIO           MODE: declarations took 0 ms 
645730     DEBUG Test worker     d.u.i.k.n.KeyIO           MODE: 2nd degree decls took 0 
645730     INFO  Test worker     d.u.i.k.n.KeyIO           Parsing took 0 ms 
645730     DEBUG Test worker     d.u.i.k.n.KeyIO           Load declarations of de.uka.ilkd.key.nparser.KeyAst$File:  <unknown>:1#1 
645730     INFO  Test worker     d.u.i.k.n.KeyIO           MODE: declarations took 0 ms 
645730     DEBUG Test worker     d.u.i.k.n.KeyIO           MODE: 2nd degree decls took 0 
645730     INFO  Test worker     d.u.i.k.n.KeyIO           Parsing took 0 ms 
645730     DEBUG Test worker     d.u.i.k.n.KeyIO           Load declarations of de.uka.ilkd.key.nparser.KeyAst$File:  <unknown>:1#1 
645730     INFO  Test worker     d.u.i.k.n.KeyIO           MODE: declarations took 0 ms 
645730     DEBUG Test worker     d.u.i.k.n.KeyIO           MODE: 2nd degree decls took 0 
645730     INFO  Test worker     d.u.i.k.n.KeyIO           Parsing took 0 ms 
645730     DEBUG Test worker     d.u.i.k.n.KeyIO           Load declarations of de.uka.ilkd.key.nparser.KeyAst$File:  <unknown>:1#1 
645730     INFO  Test worker     d.u.i.k.n.KeyIO           MODE: declarations took 0 ms 
645730     DEBUG Test worker     d.u.i.k.n.KeyIO           MODE: 2nd degree decls took 0 
645730     INFO  Test worker     d.u.i.k.n.KeyIO           Parsing took 0 ms 
645730     DEBUG Test worker     d.u.i.k.n.KeyIO           Load declarations of de.uka.ilkd.key.nparser.KeyAst$File:  <unknown>:1#1 
645730     INFO  Test worker     d.u.i.k.n.KeyIO           MODE: declarations took 0 ms 
645730     DEBUG Test worker     d.u.i.k.n.KeyIO           MODE: 2nd degree decls took 0 
645730     WARN  Test worker     d.u.i.k.n.KeYParser       [syntax-error] null:1:11: mismatched input '@' expecting {'/', ':=', '.', '(', ')', '{', '[', '@', PARALLEL, OR, AND, IMP, '=', NOT_EQUALS, '%', '*', '-', '+', '>', GREATEREQUAL, '<', LESSEQUAL, LGUILLEMETS, EQV} [@11,11:11='@',<153>,1:11] (termEOF) 
651129     INFO  Test worker     d.u.i.k.n.KeyIO           Parsing took 0 ms 
651129     DEBUG Test worker     d.u.i.k.n.KeyIO           Load declarations of de.uka.ilkd.key.nparser.KeyAst$File:  <unknown>:1#1 
651129     INFO  Test worker     d.u.i.k.n.KeyIO           MODE: declarations took 0 ms 
651129     DEBUG Test worker     d.u.i.k.n.KeyIO           MODE: 2nd degree decls took 0 
651129     INFO  Test worker     d.u.i.k.n.KeyIO           Parsing took 0 ms 
651129     DEBUG Test worker     d.u.i.k.n.KeyIO           Load declarations of de.uka.ilkd.key.nparser.KeyAst$File:  <unknown>:1#1 
651129     INFO  Test worker     d.u.i.k.n.KeyIO           MODE: declarations took 0 ms 
651129     DEBUG Test worker     d.u.i.k.n.KeyIO           MODE: 2nd degree decls took 0 
651129     INFO  Test worker     d.u.i.k.n.KeyIO           Parsing took 0 ms 
651129     DEBUG Test worker     d.u.i.k.n.KeyIO           Load declarations of de.uka.ilkd.key.nparser.KeyAst$File:  <unknown>:1#1 
651129     INFO  Test worker     d.u.i.k.n.KeyIO           MODE: declarations took 0 ms 
651129     DEBUG Test worker     d.u.i.k.n.KeyIO           MODE: 2nd degree decls took 0 
651129     INFO  Test worker     d.u.i.k.n.KeyIO           Parsing took 0 ms 
651129     DEBUG Test worker     d.u.i.k.n.KeyIO           Load declarations of de.uka.ilkd.key.nparser.KeyAst$File:  <unknown>:1#1 
651129     INFO  Test worker     d.u.i.k.n.KeyIO           MODE: declarations took 0 ms 
651129     DEBUG Test worker     d.u.i.k.n.KeyIO           MODE: 2nd degree decls took 0 
651129     INFO  Test worker     d.u.i.k.n.KeyIO           Parsing took 0 ms 
651129     DEBUG Test worker     d.u.i.k.n.KeyIO           Load declarations of de.uka.ilkd.key.nparser.KeyAst$File:  <unknown>:1#1 
651129     INFO  Test worker     d.u.i.k.n.KeyIO           MODE: declarations took 0 ms 
651129     DEBUG Test worker     d.u.i.k.n.KeyIO           MODE: 2nd degree decls took 0 
656533     INFO  Test worker     d.u.i.k.n.KeyIO           Parsing took 0 ms 
656533     DEBUG Test worker     d.u.i.k.n.KeyIO           Load declarations of de.uka.ilkd.key.nparser.KeyAst$File:  <unknown>:1#1 
656533     INFO  Test worker     d.u.i.k.n.KeyIO           MODE: declarations took 0 ms 
656533     DEBUG Test worker     d.u.i.k.n.KeyIO           MODE: 2nd degree decls took 0 
656533     INFO  Test worker     d.u.i.k.n.KeyIO           Parsing took 0 ms 
656533     DEBUG Test worker     d.u.i.k.n.KeyIO           Load declarations of de.uka.ilkd.key.nparser.KeyAst$File:  <unknown>:1#1 
656533     INFO  Test worker     d.u.i.k.n.KeyIO           MODE: declarations took 0 ms 
656533     DEBUG Test worker     d.u.i.k.n.KeyIO           MODE: 2nd degree decls took 0 
656533     INFO  Test worker     d.u.i.k.n.KeyIO           Parsing took 0 ms 
656533     DEBUG Test worker     d.u.i.k.n.KeyIO           Load declarations of de.uka.ilkd.key.nparser.KeyAst$File:  <unknown>:1#1 
656533     INFO  Test worker     d.u.i.k.n.KeyIO           MODE: declarations took 0 ms 
656533     DEBUG Test worker     d.u.i.k.n.KeyIO           MODE: 2nd degree decls took 0 
656533     INFO  Test worker     d.u.i.k.n.KeyIO           Parsing took 0 ms 
656533     DEBUG Test worker     d.u.i.k.n.KeyIO           Load declarations of de.uka.ilkd.key.nparser.KeyAst$File:  <unknown>:1#1 
656533     INFO  Test worker     d.u.i.k.n.KeyIO           MODE: declarations took 0 ms 
656533     DEBUG Test worker     d.u.i.k.n.KeyIO           MODE: 2nd degree decls took 0 
656533     INFO  Test worker     d.u.i.k.n.KeyIO           Parsing took 0 ms 
656533     DEBUG Test worker     d.u.i.k.n.KeyIO           Load declarations of de.uka.ilkd.key.nparser.KeyAst$File:  <unknown>:1#1 
656533     INFO  Test worker     d.u.i.k.n.KeyIO           MODE: declarations took 0 ms 
656533     DEBUG Test worker     d.u.i.k.n.KeyIO           MODE: 2nd degree decls took 0 
662003     INFO  Test worker     d.u.i.k.n.KeyIO           Parsing took 0 ms 
662003     DEBUG Test worker     d.u.i.k.n.KeyIO           Load declarations of de.uka.ilkd.key.nparser.KeyAst$File:  <unknown>:1#1 
662003     INFO  Test worker     d.u.i.k.n.KeyIO           MODE: declarations took 0 ms 
662003     DEBUG Test worker     d.u.i.k.n.KeyIO           MODE: 2nd degree decls took 0 
662003     INFO  Test worker     d.u.i.k.n.KeyIO           Parsing took 0 ms 
662003     DEBUG Test worker     d.u.i.k.n.KeyIO           Load declarations of de.uka.ilkd.key.nparser.KeyAst$File:  <unknown>:1#1 
662003     INFO  Test worker     d.u.i.k.n.KeyIO           MODE: declarations took 0 ms 
662003     DEBUG Test worker     d.u.i.k.n.KeyIO           MODE: 2nd degree decls took 0 
662003     INFO  Test worker     d.u.i.k.n.KeyIO           Parsing took 0 ms 
662003     DEBUG Test worker     d.u.i.k.n.KeyIO           Load declarations of de.uka.ilkd.key.nparser.KeyAst$File:  <unknown>:1#1 
662003     INFO  Test worker     d.u.i.k.n.KeyIO           MODE: declarations took 0 ms 
662003     DEBUG Test worker     d.u.i.k.n.KeyIO           MODE: 2nd degree decls took 0 
662003     INFO  Test worker     d.u.i.k.n.KeyIO           Parsing took 0 ms 
662003     DEBUG Test worker     d.u.i.k.n.KeyIO           Load declarations of de.uka.ilkd.key.nparser.KeyAst$File:  <unknown>:1#1 
662003     INFO  Test worker     d.u.i.k.n.KeyIO           MODE: declarations took 0 ms 
662003     DEBUG Test worker     d.u.i.k.n.KeyIO           MODE: 2nd degree decls took 0 
662003     INFO  Test worker     d.u.i.k.n.KeyIO           Parsing took 0 ms 
662003     DEBUG Test worker     d.u.i.k.n.KeyIO           Load declarations of de.uka.ilkd.key.nparser.KeyAst$File:  <unknown>:1#1 
662003     INFO  Test worker     d.u.i.k.n.KeyIO           MODE: declarations took 0 ms 
662003     DEBUG Test worker     d.u.i.k.n.KeyIO           MODE: 2nd degree decls took 0 
667470     INFO  Test worker     d.u.i.k.n.KeyIO           Parsing took 0 ms 
667470     DEBUG Test worker     d.u.i.k.n.KeyIO           Load declarations of de.uka.ilkd.key.nparser.KeyAst$File:  <unknown>:1#1 
667470     INFO  Test worker     d.u.i.k.n.KeyIO           MODE: declarations took 0 ms 
667470     DEBUG Test worker     d.u.i.k.n.KeyIO           MODE: 2nd degree decls took 0 
667470     INFO  Test worker     d.u.i.k.n.KeyIO           Parsing took 0 ms 
667470     DEBUG Test worker     d.u.i.k.n.KeyIO           Load declarations of de.uka.ilkd.key.nparser.KeyAst$File:  <unknown>:1#1 
667470     INFO  Test worker     d.u.i.k.n.KeyIO           MODE: declarations took 0 ms 
667470     DEBUG Test worker     d.u.i.k.n.KeyIO           MODE: 2nd degree decls took 0 
667470     INFO  Test worker     d.u.i.k.n.KeyIO           Parsing took 0 ms 
667470     DEBUG Test worker     d.u.i.k.n.KeyIO           Load declarations of de.uka.ilkd.key.nparser.KeyAst$File:  <unknown>:1#1 
667470     INFO  Test worker     d.u.i.k.n.KeyIO           MODE: declarations took 0 ms 
667470     DEBUG Test worker     d.u.i.k.n.KeyIO           MODE: 2nd degree decls took 0 
667470     INFO  Test worker     d.u.i.k.n.KeyIO           Parsing took 0 ms 
667470     DEBUG Test worker     d.u.i.k.n.KeyIO           Load declarations of de.uka.ilkd.key.nparser.KeyAst$File:  <unknown>:1#1 
667470     INFO  Test worker     d.u.i.k.n.KeyIO           MODE: declarations took 0 ms 
667470     DEBUG Test worker     d.u.i.k.n.KeyIO           MODE: 2nd degree decls took 0 
667470     INFO  Test worker     d.u.i.k.n.KeyIO           Parsing took 0 ms 
667470     DEBUG Test worker     d.u.i.k.n.KeyIO           Load declarations of de.uka.ilkd.key.nparser.KeyAst$File:  <unknown>:1#1 
667470     INFO  Test worker     d.u.i.k.n.KeyIO           MODE: declarations took 0 ms 
667470     DEBUG Test worker     d.u.i.k.n.KeyIO           MODE: 2nd degree decls took 0 
672912     INFO  Test worker     d.u.i.k.n.KeyIO           Parsing took 0 ms 
672912     DEBUG Test worker     d.u.i.k.n.KeyIO           Load declarations of de.uka.ilkd.key.nparser.KeyAst$File:  <unknown>:1#1 
672912     INFO  Test worker     d.u.i.k.n.KeyIO           MODE: declarations took 0 ms 
672912     DEBUG Test worker     d.u.i.k.n.KeyIO           MODE: 2nd degree decls took 0 
672912     INFO  Test worker     d.u.i.k.n.KeyIO           Parsing took 0 ms 
672912     DEBUG Test worker     d.u.i.k.n.KeyIO           Load declarations of de.uka.ilkd.key.nparser.KeyAst$File:  <unknown>:1#1 
672912     INFO  Test worker     d.u.i.k.n.KeyIO           MODE: declarations took 0 ms 
672912     DEBUG Test worker     d.u.i.k.n.KeyIO           MODE: 2nd degree decls took 0 
672912     INFO  Test worker     d.u.i.k.n.KeyIO           Parsing took 0 ms 
672912     DEBUG Test worker     d.u.i.k.n.KeyIO           Load declarations of de.uka.ilkd.key.nparser.KeyAst$File:  <unknown>:1#1 
672912     INFO  Test worker     d.u.i.k.n.KeyIO           MODE: declarations took 0 ms 
672912     DEBUG Test worker     d.u.i.k.n.KeyIO           MODE: 2nd degree decls took 0 
672912     INFO  Test worker     d.u.i.k.n.KeyIO           Parsing took 0 ms 
672912     DEBUG Test worker     d.u.i.k.n.KeyIO           Load declarations of de.uka.ilkd.key.nparser.KeyAst$File:  <unknown>:1#1 
672912     INFO  Test worker     d.u.i.k.n.KeyIO           MODE: declarations took 0 ms 
672912     DEBUG Test worker     d.u.i.k.n.KeyIO           MODE: 2nd degree decls took 0 
672912     INFO  Test worker     d.u.i.k.n.KeyIO           Parsing took 0 ms 
672912     DEBUG Test worker     d.u.i.k.n.KeyIO           Load declarations of de.uka.ilkd.key.nparser.KeyAst$File:  <unknown>:1#1 
672912     INFO  Test worker     d.u.i.k.n.KeyIO           MODE: declarations took 0 ms 
672912     DEBUG Test worker     d.u.i.k.n.KeyIO           MODE: 2nd degree decls took 0 
678337     INFO  Test worker     d.u.i.k.n.KeyIO           Parsing took 0 ms 
678337     DEBUG Test worker     d.u.i.k.n.KeyIO           Load declarations of de.uka.ilkd.key.nparser.KeyAst$File:  <unknown>:1#1 
678337     INFO  Test worker     d.u.i.k.n.KeyIO           MODE: declarations took 0 ms 
678337     DEBUG Test worker     d.u.i.k.n.KeyIO           MODE: 2nd degree decls took 0 
678337     INFO  Test worker     d.u.i.k.n.KeyIO           Parsing took 0 ms 
678337     DEBUG Test worker     d.u.i.k.n.KeyIO           Load declarations of de.uka.ilkd.key.nparser.KeyAst$File:  <unknown>:1#1 
678337     INFO  Test worker     d.u.i.k.n.KeyIO           MODE: declarations took 0 ms 
678337     DEBUG Test worker     d.u.i.k.n.KeyIO           MODE: 2nd degree decls took 0 
678337     INFO  Test worker     d.u.i.k.n.KeyIO           Parsing took 0 ms 
678337     DEBUG Test worker     d.u.i.k.n.KeyIO           Load declarations of de.uka.ilkd.key.nparser.KeyAst$File:  <unknown>:1#1 
678337     INFO  Test worker     d.u.i.k.n.KeyIO           MODE: declarations took 0 ms 
678337     DEBUG Test worker     d.u.i.k.n.KeyIO           MODE: 2nd degree decls took 0 
678337     INFO  Test worker     d.u.i.k.n.KeyIO           Parsing took 0 ms 
678337     DEBUG Test worker     d.u.i.k.n.KeyIO           Load declarations of de.uka.ilkd.key.nparser.KeyAst$File:  <unknown>:1#1 
678337     INFO  Test worker     d.u.i.k.n.KeyIO           MODE: declarations took 0 ms 
678337     DEBUG Test worker     d.u.i.k.n.KeyIO           MODE: 2nd degree decls took 0 
678337     INFO  Test worker     d.u.i.k.n.KeyIO           Parsing took 0 ms 
678337     DEBUG Test worker     d.u.i.k.n.KeyIO           Load declarations of de.uka.ilkd.key.nparser.KeyAst$File:  <unknown>:1#1 
678337     INFO  Test worker     d.u.i.k.n.KeyIO           MODE: declarations took 0 ms 
678337     DEBUG Test worker     d.u.i.k.n.KeyIO           MODE: 2nd degree decls took 0 
683764     INFO  Test worker     d.u.i.k.n.KeyIO           Parsing took 0 ms 
683764     DEBUG Test worker     d.u.i.k.n.KeyIO           Load declarations of de.uka.ilkd.key.nparser.KeyAst$File:  <unknown>:1#1 
683764     INFO  Test worker     d.u.i.k.n.KeyIO           MODE: declarations took 0 ms 
683764     DEBUG Test worker     d.u.i.k.n.KeyIO           MODE: 2nd degree decls took 0 
683764     INFO  Test worker     d.u.i.k.n.KeyIO           Parsing took 0 ms 
683764     DEBUG Test worker     d.u.i.k.n.KeyIO           Load declarations of de.uka.ilkd.key.nparser.KeyAst$File:  <unknown>:1#1 
683764     INFO  Test worker     d.u.i.k.n.KeyIO           MODE: declarations took 0 ms 
683764     DEBUG Test worker     d.u.i.k.n.KeyIO           MODE: 2nd degree decls took 0 
683764     INFO  Test worker     d.u.i.k.n.KeyIO           Parsing took 0 ms 
683764     DEBUG Test worker     d.u.i.k.n.KeyIO           Load declarations of de.uka.ilkd.key.nparser.KeyAst$File:  <unknown>:1#1 
683764     INFO  Test worker     d.u.i.k.n.KeyIO           MODE: declarations took 0 ms 
683764     DEBUG Test worker     d.u.i.k.n.KeyIO           MODE: 2nd degree decls took 0 
683764     INFO  Test worker     d.u.i.k.n.KeyIO           Parsing took 0 ms 
683764     DEBUG Test worker     d.u.i.k.n.KeyIO           Load declarations of de.uka.ilkd.key.nparser.KeyAst$File:  <unknown>:1#1 
683764     INFO  Test worker     d.u.i.k.n.KeyIO           MODE: declarations took 0 ms 
683764     DEBUG Test worker     d.u.i.k.n.KeyIO           MODE: 2nd degree decls took 0 
683764     INFO  Test worker     d.u.i.k.n.KeyIO           Parsing took 0 ms 
683764     DEBUG Test worker     d.u.i.k.n.KeyIO           Load declarations of de.uka.ilkd.key.nparser.KeyAst$File:  <unknown>:1#1 
683780     INFO  Test worker     d.u.i.k.n.KeyIO           MODE: declarations took 16 ms 
683780     DEBUG Test worker     d.u.i.k.n.KeyIO           MODE: 2nd degree decls took 0 
689210     INFO  Test worker     d.u.i.k.n.KeyIO           Parsing took 0 ms 
689210     DEBUG Test worker     d.u.i.k.n.KeyIO           Load declarations of de.uka.ilkd.key.nparser.KeyAst$File:  <unknown>:1#1 
689210     INFO  Test worker     d.u.i.k.n.KeyIO           MODE: declarations took 0 ms 
689210     DEBUG Test worker     d.u.i.k.n.KeyIO           MODE: 2nd degree decls took 0 
689210     INFO  Test worker     d.u.i.k.n.KeyIO           Parsing took 0 ms 
689210     DEBUG Test worker     d.u.i.k.n.KeyIO           Load declarations of de.uka.ilkd.key.nparser.KeyAst$File:  <unknown>:1#1 
689210     INFO  Test worker     d.u.i.k.n.KeyIO           MODE: declarations took 0 ms 
689210     DEBUG Test worker     d.u.i.k.n.KeyIO           MODE: 2nd degree decls took 0 
689210     INFO  Test worker     d.u.i.k.n.KeyIO           Parsing took 0 ms 
689210     DEBUG Test worker     d.u.i.k.n.KeyIO           Load declarations of de.uka.ilkd.key.nparser.KeyAst$File:  <unknown>:1#1 
689210     INFO  Test worker     d.u.i.k.n.KeyIO           MODE: declarations took 0 ms 
689210     DEBUG Test worker     d.u.i.k.n.KeyIO           MODE: 2nd degree decls took 0 
689210     INFO  Test worker     d.u.i.k.n.KeyIO           Parsing took 0 ms 
689210     DEBUG Test worker     d.u.i.k.n.KeyIO           Load declarations of de.uka.ilkd.key.nparser.KeyAst$File:  <unknown>:1#1 
689210     INFO  Test worker     d.u.i.k.n.KeyIO           MODE: declarations took 0 ms 
689210     DEBUG Test worker     d.u.i.k.n.KeyIO           MODE: 2nd degree decls took 0 
689210     INFO  Test worker     d.u.i.k.n.KeyIO           Parsing took 0 ms 
689210     DEBUG Test worker     d.u.i.k.n.KeyIO           Load declarations of de.uka.ilkd.key.nparser.KeyAst$File:  <unknown>:1#1 
689210     INFO  Test worker     d.u.i.k.n.KeyIO           MODE: declarations took 0 ms 
689210     DEBUG Test worker     d.u.i.k.n.KeyIO           MODE: 2nd degree decls took 0 
694617     INFO  Test worker     d.u.i.k.n.KeyIO           Parsing took 0 ms 
694617     DEBUG Test worker     d.u.i.k.n.KeyIO           Load declarations of de.uka.ilkd.key.nparser.KeyAst$File:  <unknown>:1#1 
694617     INFO  Test worker     d.u.i.k.n.KeyIO           MODE: declarations took 0 ms 
694617     DEBUG Test worker     d.u.i.k.n.KeyIO           MODE: 2nd degree decls took 0 
694617     INFO  Test worker     d.u.i.k.n.KeyIO           Parsing took 0 ms 
694617     DEBUG Test worker     d.u.i.k.n.KeyIO           Load declarations of de.uka.ilkd.key.nparser.KeyAst$File:  <unknown>:1#1 
694617     INFO  Test worker     d.u.i.k.n.KeyIO           MODE: declarations took 0 ms 
694617     DEBUG Test worker     d.u.i.k.n.KeyIO           MODE: 2nd degree decls took 0 
694617     INFO  Test worker     d.u.i.k.n.KeyIO           Parsing took 0 ms 
694617     DEBUG Test worker     d.u.i.k.n.KeyIO           Load declarations of de.uka.ilkd.key.nparser.KeyAst$File:  <unknown>:1#1 
694617     INFO  Test worker     d.u.i.k.n.KeyIO           MODE: declarations took 0 ms 
694617     DEBUG Test worker     d.u.i.k.n.KeyIO           MODE: 2nd degree decls took 0 
694617     INFO  Test worker     d.u.i.k.n.KeyIO           Parsing took 0 ms 
694617     DEBUG Test worker     d.u.i.k.n.KeyIO           Load declarations of de.uka.ilkd.key.nparser.KeyAst$File:  <unknown>:1#1 
694617     INFO  Test worker     d.u.i.k.n.KeyIO           MODE: declarations took 0 ms 
694617     DEBUG Test worker     d.u.i.k.n.KeyIO           MODE: 2nd degree decls took 0 
694617     INFO  Test worker     d.u.i.k.n.KeyIO           Parsing took 0 ms 
694617     DEBUG Test worker     d.u.i.k.n.KeyIO           Load declarations of de.uka.ilkd.key.nparser.KeyAst$File:  <unknown>:1#1 
694617     INFO  Test worker     d.u.i.k.n.KeyIO           MODE: declarations took 0 ms 
694617     DEBUG Test worker     d.u.i.k.n.KeyIO           MODE: 2nd degree decls took 0 
700113     INFO  Test worker     d.u.i.k.n.KeyIO           Parsing took 0 ms 
700113     DEBUG Test worker     d.u.i.k.n.KeyIO           Load declarations of de.uka.ilkd.key.nparser.KeyAst$File:  <unknown>:1#1 
700113     INFO  Test worker     d.u.i.k.n.KeyIO           MODE: declarations took 0 ms 
700113     DEBUG Test worker     d.u.i.k.n.KeyIO           MODE: 2nd degree decls took 0 
700113     INFO  Test worker     d.u.i.k.n.KeyIO           Parsing took 0 ms 
700113     DEBUG Test worker     d.u.i.k.n.KeyIO           Load declarations of de.uka.ilkd.key.nparser.KeyAst$File:  <unknown>:1#1 
700113     INFO  Test worker     d.u.i.k.n.KeyIO           MODE: declarations took 0 ms 
700113     DEBUG Test worker     d.u.i.k.n.KeyIO           MODE: 2nd degree decls took 0 
700113     INFO  Test worker     d.u.i.k.n.KeyIO           Parsing took 0 ms 
700113     DEBUG Test worker     d.u.i.k.n.KeyIO           Load declarations of de.uka.ilkd.key.nparser.KeyAst$File:  <unknown>:1#1 
700113     INFO  Test worker     d.u.i.k.n.KeyIO           MODE: declarations took 0 ms 
700113     DEBUG Test worker     d.u.i.k.n.KeyIO           MODE: 2nd degree decls took 0 
700113     INFO  Test worker     d.u.i.k.n.KeyIO           Parsing took 0 ms 
700113     DEBUG Test worker     d.u.i.k.n.KeyIO           Load declarations of de.uka.ilkd.key.nparser.KeyAst$File:  <unknown>:1#1 
700113     INFO  Test worker     d.u.i.k.n.KeyIO           MODE: declarations took 0 ms 
700113     DEBUG Test worker     d.u.i.k.n.KeyIO           MODE: 2nd degree decls took 0 
700113     INFO  Test worker     d.u.i.k.n.KeyIO           Parsing took 0 ms 
700113     DEBUG Test worker     d.u.i.k.n.KeyIO           Load declarations of de.uka.ilkd.key.nparser.KeyAst$File:  <unknown>:1#1 
700113     INFO  Test worker     d.u.i.k.n.KeyIO           MODE: declarations took 0 ms 
700113     DEBUG Test worker     d.u.i.k.n.KeyIO           MODE: 2nd degree decls took 0 
705531     INFO  Test worker     d.u.i.k.n.KeyIO           Parsing took 0 ms 
705531     DEBUG Test worker     d.u.i.k.n.KeyIO           Load declarations of de.uka.ilkd.key.nparser.KeyAst$File:  <unknown>:1#1 
705531     INFO  Test worker     d.u.i.k.n.KeyIO           MODE: declarations took 0 ms 
705531     DEBUG Test worker     d.u.i.k.n.KeyIO           MODE: 2nd degree decls took 0 
705531     INFO  Test worker     d.u.i.k.n.KeyIO           Parsing took 0 ms 
705531     DEBUG Test worker     d.u.i.k.n.KeyIO           Load declarations of de.uka.ilkd.key.nparser.KeyAst$File:  <unknown>:1#1 
705546     INFO  Test worker     d.u.i.k.n.KeyIO           MODE: declarations took 15 ms 
705546     DEBUG Test worker     d.u.i.k.n.KeyIO           MODE: 2nd degree decls took 0 
705546     INFO  Test worker     d.u.i.k.n.KeyIO           Parsing took 0 ms 
705546     DEBUG Test worker     d.u.i.k.n.KeyIO           Load declarations of de.uka.ilkd.key.nparser.KeyAst$File:  <unknown>:1#1 
705546     INFO  Test worker     d.u.i.k.n.KeyIO           MODE: declarations took 0 ms 
705546     DEBUG Test worker     d.u.i.k.n.KeyIO           MODE: 2nd degree decls took 0 
705546     INFO  Test worker     d.u.i.k.n.KeyIO           Parsing took 0 ms 
705546     DEBUG Test worker     d.u.i.k.n.KeyIO           Load declarations of de.uka.ilkd.key.nparser.KeyAst$File:  <unknown>:1#1 
705546     INFO  Test worker     d.u.i.k.n.KeyIO           MODE: declarations took 0 ms 
705546     DEBUG Test worker     d.u.i.k.n.KeyIO           MODE: 2nd degree decls took 0 
705546     INFO  Test worker     d.u.i.k.n.KeyIO           Parsing took 0 ms 
705546     DEBUG Test worker     d.u.i.k.n.KeyIO           Load declarations of de.uka.ilkd.key.nparser.KeyAst$File:  <unknown>:1#1 
705546     INFO  Test worker     d.u.i.k.n.KeyIO           MODE: declarations took 0 ms 
705546     DEBUG Test worker     d.u.i.k.n.KeyIO           MODE: 2nd degree decls took 0 
710999     INFO  Test worker     d.u.i.k.n.KeyIO           Parsing took 0 ms 
710999     DEBUG Test worker     d.u.i.k.n.KeyIO           Load declarations of de.uka.ilkd.key.nparser.KeyAst$File:  <unknown>:1#1 
710999     INFO  Test worker     d.u.i.k.n.KeyIO           MODE: declarations took 0 ms 
711015     DEBUG Test worker     d.u.i.k.n.KeyIO           MODE: 2nd degree decls took 0 
711015     INFO  Test worker     d.u.i.k.n.KeyIO           Parsing took 0 ms 
711015     DEBUG Test worker     d.u.i.k.n.KeyIO           Load declarations of de.uka.ilkd.key.nparser.KeyAst$File:  <unknown>:1#1 
711015     INFO  Test worker     d.u.i.k.n.KeyIO           MODE: declarations took 0 ms 
711015     DEBUG Test worker     d.u.i.k.n.KeyIO           MODE: 2nd degree decls took 0 
711015     INFO  Test worker     d.u.i.k.n.KeyIO           Parsing took 0 ms 
711015     DEBUG Test worker     d.u.i.k.n.KeyIO           Load declarations of de.uka.ilkd.key.nparser.KeyAst$File:  <unknown>:1#1 
711015     INFO  Test worker     d.u.i.k.n.KeyIO           MODE: declarations took 0 ms 
711015     DEBUG Test worker     d.u.i.k.n.KeyIO           MODE: 2nd degree decls took 0 
711015     INFO  Test worker     d.u.i.k.n.KeyIO           Parsing took 0 ms 
711015     DEBUG Test worker     d.u.i.k.n.KeyIO           Load declarations of de.uka.ilkd.key.nparser.KeyAst$File:  <unknown>:1#1 
711015     INFO  Test worker     d.u.i.k.n.KeyIO           MODE: declarations took 0 ms 
711015     DEBUG Test worker     d.u.i.k.n.KeyIO           MODE: 2nd degree decls took 0 
711015     INFO  Test worker     d.u.i.k.n.KeyIO           Parsing took 0 ms 
711015     DEBUG Test worker     d.u.i.k.n.KeyIO           Load declarations of de.uka.ilkd.key.nparser.KeyAst$File:  <unknown>:1#1 
711015     INFO  Test worker     d.u.i.k.n.KeyIO           MODE: declarations took 0 ms 
711015     DEBUG Test worker     d.u.i.k.n.KeyIO           MODE: 2nd degree decls took 0 
716447     INFO  Test worker     d.u.i.k.n.KeyIO           Parsing took 0 ms 
716447     DEBUG Test worker     d.u.i.k.n.KeyIO           Load declarations of de.uka.ilkd.key.nparser.KeyAst$File:  <unknown>:1#1 
716447     INFO  Test worker     d.u.i.k.n.KeyIO           MODE: declarations took 0 ms 
716447     DEBUG Test worker     d.u.i.k.n.KeyIO           MODE: 2nd degree decls took 0 
716447     INFO  Test worker     d.u.i.k.n.KeyIO           Parsing took 0 ms 
716447     DEBUG Test worker     d.u.i.k.n.KeyIO           Load declarations of de.uka.ilkd.key.nparser.KeyAst$File:  <unknown>:1#1 
716447     INFO  Test worker     d.u.i.k.n.KeyIO           MODE: declarations took 0 ms 
716447     DEBUG Test worker     d.u.i.k.n.KeyIO           MODE: 2nd degree decls took 0 
716447     INFO  Test worker     d.u.i.k.n.KeyIO           Parsing took 0 ms 
716447     DEBUG Test worker     d.u.i.k.n.KeyIO           Load declarations of de.uka.ilkd.key.nparser.KeyAst$File:  <unknown>:1#1 
716447     INFO  Test worker     d.u.i.k.n.KeyIO           MODE: declarations took 0 ms 
716447     DEBUG Test worker     d.u.i.k.n.KeyIO           MODE: 2nd degree decls took 0 
716447     INFO  Test worker     d.u.i.k.n.KeyIO           Parsing took 0 ms 
716447     DEBUG Test worker     d.u.i.k.n.KeyIO           Load declarations of de.uka.ilkd.key.nparser.KeyAst$File:  <unknown>:1#1 
716447     INFO  Test worker     d.u.i.k.n.KeyIO           MODE: declarations took 0 ms 
716447     DEBUG Test worker     d.u.i.k.n.KeyIO           MODE: 2nd degree decls took 0 
716447     INFO  Test worker     d.u.i.k.n.KeyIO           Parsing took 0 ms 
716447     DEBUG Test worker     d.u.i.k.n.KeyIO           Load declarations of de.uka.ilkd.key.nparser.KeyAst$File:  <unknown>:1#1 
716447     INFO  Test worker     d.u.i.k.n.KeyIO           MODE: declarations took 0 ms 
716447     DEBUG Test worker     d.u.i.k.n.KeyIO           MODE: 2nd degree decls took 0 
721910     INFO  Test worker     d.u.i.k.n.KeyIO           Parsing took 0 ms 
721910     DEBUG Test worker     d.u.i.k.n.KeyIO           Load declarations of de.uka.ilkd.key.nparser.KeyAst$File:  <unknown>:1#1 
721910     INFO  Test worker     d.u.i.k.n.KeyIO           MODE: declarations took 0 ms 
721910     DEBUG Test worker     d.u.i.k.n.KeyIO           MODE: 2nd degree decls took 0 
721910     INFO  Test worker     d.u.i.k.n.KeyIO           Parsing took 0 ms 
721910     DEBUG Test worker     d.u.i.k.n.KeyIO           Load declarations of de.uka.ilkd.key.nparser.KeyAst$File:  <unknown>:1#1 
721910     INFO  Test worker     d.u.i.k.n.KeyIO           MODE: declarations took 0 ms 
721910     DEBUG Test worker     d.u.i.k.n.KeyIO           MODE: 2nd degree decls took 0 
721910     INFO  Test worker     d.u.i.k.n.KeyIO           Parsing took 0 ms 
721910     DEBUG Test worker     d.u.i.k.n.KeyIO           Load declarations of de.uka.ilkd.key.nparser.KeyAst$File:  <unknown>:1#1 
721910     INFO  Test worker     d.u.i.k.n.KeyIO           MODE: declarations took 0 ms 
721910     DEBUG Test worker     d.u.i.k.n.KeyIO           MODE: 2nd degree decls took 0 
721910     INFO  Test worker     d.u.i.k.n.KeyIO           Parsing took 0 ms 
721910     DEBUG Test worker     d.u.i.k.n.KeyIO           Load declarations of de.uka.ilkd.key.nparser.KeyAst$File:  <unknown>:1#1 
721910     INFO  Test worker     d.u.i.k.n.KeyIO           MODE: declarations took 0 ms 
721910     DEBUG Test worker     d.u.i.k.n.KeyIO           MODE: 2nd degree decls took 0 
721910     INFO  Test worker     d.u.i.k.n.KeyIO           Parsing took 0 ms 
721910     DEBUG Test worker     d.u.i.k.n.KeyIO           Load declarations of de.uka.ilkd.key.nparser.KeyAst$File:  <unknown>:1#1 
721910     INFO  Test worker     d.u.i.k.n.KeyIO           MODE: declarations took 0 ms 
721910     DEBUG Test worker     d.u.i.k.n.KeyIO           MODE: 2nd degree decls took 0 
727345     INFO  Test worker     d.u.i.k.n.KeyIO           Parsing took 0 ms 
727345     DEBUG Test worker     d.u.i.k.n.KeyIO           Load declarations of de.uka.ilkd.key.nparser.KeyAst$File:  <unknown>:1#1 
727345     INFO  Test worker     d.u.i.k.n.KeyIO           MODE: declarations took 0 ms 
727345     DEBUG Test worker     d.u.i.k.n.KeyIO           MODE: 2nd degree decls took 0 
727345     INFO  Test worker     d.u.i.k.n.KeyIO           Parsing took 0 ms 
727345     DEBUG Test worker     d.u.i.k.n.KeyIO           Load declarations of de.uka.ilkd.key.nparser.KeyAst$File:  <unknown>:1#1 
727345     INFO  Test worker     d.u.i.k.n.KeyIO           MODE: declarations took 0 ms 
727345     DEBUG Test worker     d.u.i.k.n.KeyIO           MODE: 2nd degree decls took 0 
727345     INFO  Test worker     d.u.i.k.n.KeyIO           Parsing took 0 ms 
727345     DEBUG Test worker     d.u.i.k.n.KeyIO           Load declarations of de.uka.ilkd.key.nparser.KeyAst$File:  <unknown>:1#1 
727345     INFO  Test worker     d.u.i.k.n.KeyIO           MODE: declarations took 0 ms 
727345     DEBUG Test worker     d.u.i.k.n.KeyIO           MODE: 2nd degree decls took 0 
727345     INFO  Test worker     d.u.i.k.n.KeyIO           Parsing took 0 ms 
727345     DEBUG Test worker     d.u.i.k.n.KeyIO           Load declarations of de.uka.ilkd.key.nparser.KeyAst$File:  <unknown>:1#1 
727361     INFO  Test worker     d.u.i.k.n.KeyIO           MODE: declarations took 16 ms 
727361     DEBUG Test worker     d.u.i.k.n.KeyIO           MODE: 2nd degree decls took 0 
727361     INFO  Test worker     d.u.i.k.n.KeyIO           Parsing took 0 ms 
727361     DEBUG Test worker     d.u.i.k.n.KeyIO           Load declarations of de.uka.ilkd.key.nparser.KeyAst$File:  <unknown>:1#1 
727361     INFO  Test worker     d.u.i.k.n.KeyIO           MODE: declarations took 0 ms 
727361     DEBUG Test worker     d.u.i.k.n.KeyIO           MODE: 2nd degree decls took 0 
732601     INFO  Test worker     d.u.i.k.n.KeyIO           Parsing took 0 ms 
732601     DEBUG Test worker     d.u.i.k.n.KeyIO           Load declarations of de.uka.ilkd.key.nparser.KeyAst$File:  <unknown>:1#1 
732601     INFO  Test worker     d.u.i.k.n.KeyIO           MODE: declarations took 0 ms 
732601     DEBUG Test worker     d.u.i.k.n.KeyIO           MODE: 2nd degree decls took 0 
732601     INFO  Test worker     d.u.i.k.n.KeyIO           Parsing took 0 ms 
732601     DEBUG Test worker     d.u.i.k.n.KeyIO           Load declarations of de.uka.ilkd.key.nparser.KeyAst$File:  <unknown>:1#1 
732601     INFO  Test worker     d.u.i.k.n.KeyIO           MODE: declarations took 0 ms 
732601     DEBUG Test worker     d.u.i.k.n.KeyIO           MODE: 2nd degree decls took 0 
732601     INFO  Test worker     d.u.i.k.n.KeyIO           Parsing took 0 ms 
732601     DEBUG Test worker     d.u.i.k.n.KeyIO           Load declarations of de.uka.ilkd.key.nparser.KeyAst$File:  <unknown>:1#1 
732601     INFO  Test worker     d.u.i.k.n.KeyIO           MODE: declarations took 0 ms 
732601     DEBUG Test worker     d.u.i.k.n.KeyIO           MODE: 2nd degree decls took 0 
732601     INFO  Test worker     d.u.i.k.n.KeyIO           Parsing took 0 ms 
732601     DEBUG Test worker     d.u.i.k.n.KeyIO           Load declarations of de.uka.ilkd.key.nparser.KeyAst$File:  <unknown>:1#1 
732601     INFO  Test worker     d.u.i.k.n.KeyIO           MODE: declarations took 0 ms 
732601     DEBUG Test worker     d.u.i.k.n.KeyIO           MODE: 2nd degree decls took 0 
732601     INFO  Test worker     d.u.i.k.n.KeyIO           Parsing took 0 ms 
732601     DEBUG Test worker     d.u.i.k.n.KeyIO           Load declarations of de.uka.ilkd.key.nparser.KeyAst$File:  <unknown>:1#1 
732601     INFO  Test worker     d.u.i.k.n.KeyIO           MODE: declarations took 0 ms 
732601     DEBUG Test worker     d.u.i.k.n.KeyIO           MODE: 2nd degree decls took 0 
738061     INFO  Test worker     d.u.i.k.n.KeyIO           Parsing took 0 ms 
738061     DEBUG Test worker     d.u.i.k.n.KeyIO           Load declarations of de.uka.ilkd.key.nparser.KeyAst$File:  <unknown>:1#1 
738061     INFO  Test worker     d.u.i.k.n.KeyIO           MODE: declarations took 0 ms 
738061     DEBUG Test worker     d.u.i.k.n.KeyIO           MODE: 2nd degree decls took 0 
738061     INFO  Test worker     d.u.i.k.n.KeyIO           Parsing took 0 ms 
738061     DEBUG Test worker     d.u.i.k.n.KeyIO           Load declarations of de.uka.ilkd.key.nparser.KeyAst$File:  <unknown>:1#1 
738061     INFO  Test worker     d.u.i.k.n.KeyIO           MODE: declarations took 0 ms 
738061     DEBUG Test worker     d.u.i.k.n.KeyIO           MODE: 2nd degree decls took 0 
738061     INFO  Test worker     d.u.i.k.n.KeyIO           Parsing took 0 ms 
738061     DEBUG Test worker     d.u.i.k.n.KeyIO           Load declarations of de.uka.ilkd.key.nparser.KeyAst$File:  <unknown>:1#1 
738061     INFO  Test worker     d.u.i.k.n.KeyIO           MODE: declarations took 0 ms 
738061     DEBUG Test worker     d.u.i.k.n.KeyIO           MODE: 2nd degree decls took 0 
738061     INFO  Test worker     d.u.i.k.n.KeyIO           Parsing took 0 ms 
738061     DEBUG Test worker     d.u.i.k.n.KeyIO           Load declarations of de.uka.ilkd.key.nparser.KeyAst$File:  <unknown>:1#1 
738061     INFO  Test worker     d.u.i.k.n.KeyIO           MODE: declarations took 0 ms 
738061     DEBUG Test worker     d.u.i.k.n.KeyIO           MODE: 2nd degree decls took 0 
738061     INFO  Test worker     d.u.i.k.n.KeyIO           Parsing took 0 ms 
738077     DEBUG Test worker     d.u.i.k.n.KeyIO           Load declarations of de.uka.ilkd.key.nparser.KeyAst$File:  <unknown>:1#1 
738077     INFO  Test worker     d.u.i.k.n.KeyIO           MODE: declarations took 0 ms 
738077     DEBUG Test worker     d.u.i.k.n.KeyIO           MODE: 2nd degree decls took 0 
743560     INFO  Test worker     d.u.i.k.n.KeyIO           Parsing took 0 ms 
743560     DEBUG Test worker     d.u.i.k.n.KeyIO           Load declarations of de.uka.ilkd.key.nparser.KeyAst$File:  <unknown>:1#1 
743560     INFO  Test worker     d.u.i.k.n.KeyIO           MODE: declarations took 0 ms 
743560     DEBUG Test worker     d.u.i.k.n.KeyIO           MODE: 2nd degree decls took 0 
743560     INFO  Test worker     d.u.i.k.n.KeyIO           Parsing took 0 ms 
743560     DEBUG Test worker     d.u.i.k.n.KeyIO           Load declarations of de.uka.ilkd.key.nparser.KeyAst$File:  <unknown>:1#1 
743560     INFO  Test worker     d.u.i.k.n.KeyIO           MODE: declarations took 0 ms 
743560     DEBUG Test worker     d.u.i.k.n.KeyIO           MODE: 2nd degree decls took 0 
743560     INFO  Test worker     d.u.i.k.n.KeyIO           Parsing took 0 ms 
743560     DEBUG Test worker     d.u.i.k.n.KeyIO           Load declarations of de.uka.ilkd.key.nparser.KeyAst$File:  <unknown>:1#1 
743560     INFO  Test worker     d.u.i.k.n.KeyIO           MODE: declarations took 0 ms 
743560     DEBUG Test worker     d.u.i.k.n.KeyIO           MODE: 2nd degree decls took 0 
743560     INFO  Test worker     d.u.i.k.n.KeyIO           Parsing took 0 ms 
743560     DEBUG Test worker     d.u.i.k.n.KeyIO           Load declarations of de.uka.ilkd.key.nparser.KeyAst$File:  <unknown>:1#1 
743560     INFO  Test worker     d.u.i.k.n.KeyIO           MODE: declarations took 0 ms 
743560     DEBUG Test worker     d.u.i.k.n.KeyIO           MODE: 2nd degree decls took 0 
743560     INFO  Test worker     d.u.i.k.n.KeyIO           Parsing took 0 ms 
743560     DEBUG Test worker     d.u.i.k.n.KeyIO           Load declarations of de.uka.ilkd.key.nparser.KeyAst$File:  <unknown>:1#1 
743560     INFO  Test worker     d.u.i.k.n.KeyIO           MODE: declarations took 0 ms 
743560     DEBUG Test worker     d.u.i.k.n.KeyIO           MODE: 2nd degree decls took 0 
748951     INFO  Test worker     d.u.i.k.n.KeyIO           Parsing took 0 ms 
748951     DEBUG Test worker     d.u.i.k.n.KeyIO           Load declarations of de.uka.ilkd.key.nparser.KeyAst$File:  <unknown>:1#1 
748951     INFO  Test worker     d.u.i.k.n.KeyIO           MODE: declarations took 0 ms 
748951     DEBUG Test worker     d.u.i.k.n.KeyIO           MODE: 2nd degree decls took 0 
748951     INFO  Test worker     d.u.i.k.n.KeyIO           Parsing took 0 ms 
748951     DEBUG Test worker     d.u.i.k.n.KeyIO           Load declarations of de.uka.ilkd.key.nparser.KeyAst$File:  <unknown>:1#1 
748951     INFO  Test worker     d.u.i.k.n.KeyIO           MODE: declarations took 0 ms 
748951     DEBUG Test worker     d.u.i.k.n.KeyIO           MODE: 2nd degree decls took 0 
748951     INFO  Test worker     d.u.i.k.n.KeyIO           Parsing took 0 ms 
748951     DEBUG Test worker     d.u.i.k.n.KeyIO           Load declarations of de.uka.ilkd.key.nparser.KeyAst$File:  <unknown>:1#1 
748951     INFO  Test worker     d.u.i.k.n.KeyIO           MODE: declarations took 0 ms 
748951     DEBUG Test worker     d.u.i.k.n.KeyIO           MODE: 2nd degree decls took 0 
748951     INFO  Test worker     d.u.i.k.n.KeyIO           Parsing took 0 ms 
748951     DEBUG Test worker     d.u.i.k.n.KeyIO           Load declarations of de.uka.ilkd.key.nparser.KeyAst$File:  <unknown>:1#1 
748951     INFO  Test worker     d.u.i.k.n.KeyIO           MODE: declarations took 0 ms 
748951     DEBUG Test worker     d.u.i.k.n.KeyIO           MODE: 2nd degree decls took 0 
748951     INFO  Test worker     d.u.i.k.n.KeyIO           Parsing took 0 ms 
748951     DEBUG Test worker     d.u.i.k.n.KeyIO           Load declarations of de.uka.ilkd.key.nparser.KeyAst$File:  <unknown>:1#1 
748951     INFO  Test worker     d.u.i.k.n.KeyIO           MODE: declarations took 0 ms 
748951     DEBUG Test worker     d.u.i.k.n.KeyIO           MODE: 2nd degree decls took 0 
754415     INFO  Test worker     d.u.i.k.n.KeyIO           Parsing took 0 ms 
754415     DEBUG Test worker     d.u.i.k.n.KeyIO           Load declarations of de.uka.ilkd.key.nparser.KeyAst$File:  <unknown>:1#1 
754415     INFO  Test worker     d.u.i.k.n.KeyIO           MODE: declarations took 0 ms 
754415     DEBUG Test worker     d.u.i.k.n.KeyIO           MODE: 2nd degree decls took 0 
754415     INFO  Test worker     d.u.i.k.n.KeyIO           Parsing took 0 ms 
754415     DEBUG Test worker     d.u.i.k.n.KeyIO           Load declarations of de.uka.ilkd.key.nparser.KeyAst$File:  <unknown>:1#1 
754415     INFO  Test worker     d.u.i.k.n.KeyIO           MODE: declarations took 0 ms 
754415     DEBUG Test worker     d.u.i.k.n.KeyIO           MODE: 2nd degree decls took 0 
754415     INFO  Test worker     d.u.i.k.n.KeyIO           Parsing took 0 ms 
754415     DEBUG Test worker     d.u.i.k.n.KeyIO           Load declarations of de.uka.ilkd.key.nparser.KeyAst$File:  <unknown>:1#1 
754415     INFO  Test worker     d.u.i.k.n.KeyIO           MODE: declarations took 0 ms 
754415     DEBUG Test worker     d.u.i.k.n.KeyIO           MODE: 2nd degree decls took 0 
754415     INFO  Test worker     d.u.i.k.n.KeyIO           Parsing took 0 ms 
754415     DEBUG Test worker     d.u.i.k.n.KeyIO           Load declarations of de.uka.ilkd.key.nparser.KeyAst$File:  <unknown>:1#1 
754415     INFO  Test worker     d.u.i.k.n.KeyIO           MODE: declarations took 0 ms 
754415     DEBUG Test worker     d.u.i.k.n.KeyIO           MODE: 2nd degree decls took 0 
754415     INFO  Test worker     d.u.i.k.n.KeyIO           Parsing took 0 ms 
754415     DEBUG Test worker     d.u.i.k.n.KeyIO           Load declarations of de.uka.ilkd.key.nparser.KeyAst$File:  <unknown>:1#1 
754415     INFO  Test worker     d.u.i.k.n.KeyIO           MODE: declarations took 0 ms 
754415     DEBUG Test worker     d.u.i.k.n.KeyIO           MODE: 2nd degree decls took 0 
759926     INFO  Test worker     d.u.i.k.n.KeyIO           Parsing took 0 ms 
759926     DEBUG Test worker     d.u.i.k.n.KeyIO           Load declarations of de.uka.ilkd.key.nparser.KeyAst$File:  <unknown>:1#1 
759926     INFO  Test worker     d.u.i.k.n.KeyIO           MODE: declarations took 0 ms 
759926     DEBUG Test worker     d.u.i.k.n.KeyIO           MODE: 2nd degree decls took 0 
759926     INFO  Test worker     d.u.i.k.n.KeyIO           Parsing took 0 ms 
759926     DEBUG Test worker     d.u.i.k.n.KeyIO           Load declarations of de.uka.ilkd.key.nparser.KeyAst$File:  <unknown>:1#1 
759926     INFO  Test worker     d.u.i.k.n.KeyIO           MODE: declarations took 0 ms 
759926     DEBUG Test worker     d.u.i.k.n.KeyIO           MODE: 2nd degree decls took 0 
759926     INFO  Test worker     d.u.i.k.n.KeyIO           Parsing took 0 ms 
759926     DEBUG Test worker     d.u.i.k.n.KeyIO           Load declarations of de.uka.ilkd.key.nparser.KeyAst$File:  <unknown>:1#1 
759926     INFO  Test worker     d.u.i.k.n.KeyIO           MODE: declarations took 0 ms 
759926     DEBUG Test worker     d.u.i.k.n.KeyIO           MODE: 2nd degree decls took 0 
759926     INFO  Test worker     d.u.i.k.n.KeyIO           Parsing took 0 ms 
759926     DEBUG Test worker     d.u.i.k.n.KeyIO           Load declarations of de.uka.ilkd.key.nparser.KeyAst$File:  <unknown>:1#1 
759926     INFO  Test worker     d.u.i.k.n.KeyIO           MODE: declarations took 0 ms 
759926     DEBUG Test worker     d.u.i.k.n.KeyIO           MODE: 2nd degree decls took 0 
759926     INFO  Test worker     d.u.i.k.n.KeyIO           Parsing took 0 ms 
759926     DEBUG Test worker     d.u.i.k.n.KeyIO           Load declarations of de.uka.ilkd.key.nparser.KeyAst$File:  <unknown>:1#1 
759926     INFO  Test worker     d.u.i.k.n.KeyIO           MODE: declarations took 0 ms 
759926     DEBUG Test worker     d.u.i.k.n.KeyIO           MODE: 2nd degree decls took 0 
765454     INFO  Test worker     d.u.i.k.n.KeyIO           Parsing took 0 ms 
765454     DEBUG Test worker     d.u.i.k.n.KeyIO           Load declarations of de.uka.ilkd.key.nparser.KeyAst$File:  <unknown>:1#1 
765454     INFO  Test worker     d.u.i.k.n.KeyIO           MODE: declarations took 0 ms 
765454     DEBUG Test worker     d.u.i.k.n.KeyIO           MODE: 2nd degree decls took 0 
765454     INFO  Test worker     d.u.i.k.n.KeyIO           Parsing took 0 ms 
765454     DEBUG Test worker     d.u.i.k.n.KeyIO           Load declarations of de.uka.ilkd.key.nparser.KeyAst$File:  <unknown>:1#1 
765454     INFO  Test worker     d.u.i.k.n.KeyIO           MODE: declarations took 0 ms 
765454     DEBUG Test worker     d.u.i.k.n.KeyIO           MODE: 2nd degree decls took 0 
765454     INFO  Test worker     d.u.i.k.n.KeyIO           Parsing took 0 ms 
765454     DEBUG Test worker     d.u.i.k.n.KeyIO           Load declarations of de.uka.ilkd.key.nparser.KeyAst$File:  <unknown>:1#1 
765454     INFO  Test worker     d.u.i.k.n.KeyIO           MODE: declarations took 0 ms 
765454     DEBUG Test worker     d.u.i.k.n.KeyIO           MODE: 2nd degree decls took 0 
765454     INFO  Test worker     d.u.i.k.n.KeyIO           Parsing took 0 ms 
765454     DEBUG Test worker     d.u.i.k.n.KeyIO           Load declarations of de.uka.ilkd.key.nparser.KeyAst$File:  <unknown>:1#1 
765454     INFO  Test worker     d.u.i.k.n.KeyIO           MODE: declarations took 0 ms 
765454     DEBUG Test worker     d.u.i.k.n.KeyIO           MODE: 2nd degree decls took 0 
765454     INFO  Test worker     d.u.i.k.n.KeyIO           Parsing took 0 ms 
765454     DEBUG Test worker     d.u.i.k.n.KeyIO           Load declarations of de.uka.ilkd.key.nparser.KeyAst$File:  <unknown>:1#1 
765454     INFO  Test worker     d.u.i.k.n.KeyIO           MODE: declarations took 0 ms 
765454     DEBUG Test worker     d.u.i.k.n.KeyIO           MODE: 2nd degree decls took 0 
770935     INFO  Test worker     d.u.i.k.n.KeyIO           Parsing took 0 ms 
770935     DEBUG Test worker     d.u.i.k.n.KeyIO           Load declarations of de.uka.ilkd.key.nparser.KeyAst$File:  <unknown>:1#1 
770935     INFO  Test worker     d.u.i.k.n.KeyIO           MODE: declarations took 0 ms 
770935     DEBUG Test worker     d.u.i.k.n.KeyIO           MODE: 2nd degree decls took 0 
770935     INFO  Test worker     d.u.i.k.n.KeyIO           Parsing took 0 ms 
770935     DEBUG Test worker     d.u.i.k.n.KeyIO           Load declarations of de.uka.ilkd.key.nparser.KeyAst$File:  <unknown>:1#1 
770935     INFO  Test worker     d.u.i.k.n.KeyIO           MODE: declarations took 0 ms 
770935     DEBUG Test worker     d.u.i.k.n.KeyIO           MODE: 2nd degree decls took 0 
770935     INFO  Test worker     d.u.i.k.n.KeyIO           Parsing took 0 ms 
770935     DEBUG Test worker     d.u.i.k.n.KeyIO           Load declarations of de.uka.ilkd.key.nparser.KeyAst$File:  <unknown>:1#1 
770935     INFO  Test worker     d.u.i.k.n.KeyIO           MODE: declarations took 0 ms 
770935     DEBUG Test worker     d.u.i.k.n.KeyIO           MODE: 2nd degree decls took 0 
770935     INFO  Test worker     d.u.i.k.n.KeyIO           Parsing took 0 ms 
770935     DEBUG Test worker     d.u.i.k.n.KeyIO           Load declarations of de.uka.ilkd.key.nparser.KeyAst$File:  <unknown>:1#1 
770935     INFO  Test worker     d.u.i.k.n.KeyIO           MODE: declarations took 0 ms 
770935     DEBUG Test worker     d.u.i.k.n.KeyIO           MODE: 2nd degree decls took 0 
770935     INFO  Test worker     d.u.i.k.n.KeyIO           Parsing took 0 ms 
770935     DEBUG Test worker     d.u.i.k.n.KeyIO           Load declarations of de.uka.ilkd.key.nparser.KeyAst$File:  <unknown>:1#1 
770935     INFO  Test worker     d.u.i.k.n.KeyIO           MODE: declarations took 0 ms 
770935     DEBUG Test worker     d.u.i.k.n.KeyIO           MODE: 2nd degree decls took 0 
776471     INFO  Test worker     d.u.i.k.n.KeyIO           Parsing took 0 ms 
776471     DEBUG Test worker     d.u.i.k.n.KeyIO           Load declarations of de.uka.ilkd.key.nparser.KeyAst$File:  <unknown>:1#1 
776471     INFO  Test worker     d.u.i.k.n.KeyIO           MODE: declarations took 0 ms 
776471     DEBUG Test worker     d.u.i.k.n.KeyIO           MODE: 2nd degree decls took 0 
776471     INFO  Test worker     d.u.i.k.n.KeyIO           Parsing took 0 ms 
776471     DEBUG Test worker     d.u.i.k.n.KeyIO           Load declarations of de.uka.ilkd.key.nparser.KeyAst$File:  <unknown>:1#1 
776471     INFO  Test worker     d.u.i.k.n.KeyIO           MODE: declarations took 0 ms 
776471     DEBUG Test worker     d.u.i.k.n.KeyIO           MODE: 2nd degree decls took 0 
776471     INFO  Test worker     d.u.i.k.n.KeyIO           Parsing took 0 ms 
776471     DEBUG Test worker     d.u.i.k.n.KeyIO           Load declarations of de.uka.ilkd.key.nparser.KeyAst$File:  <unknown>:1#1 
776471     INFO  Test worker     d.u.i.k.n.KeyIO           MODE: declarations took 0 ms 
776471     DEBUG Test worker     d.u.i.k.n.KeyIO           MODE: 2nd degree decls took 0 
776471     INFO  Test worker     d.u.i.k.n.KeyIO           Parsing took 0 ms 
776471     DEBUG Test worker     d.u.i.k.n.KeyIO           Load declarations of de.uka.ilkd.key.nparser.KeyAst$File:  <unknown>:1#1 
776471     INFO  Test worker     d.u.i.k.n.KeyIO           MODE: declarations took 0 ms 
776471     DEBUG Test worker     d.u.i.k.n.KeyIO           MODE: 2nd degree decls took 0 
776471     INFO  Test worker     d.u.i.k.n.KeyIO           Parsing took 0 ms 
776471     DEBUG Test worker     d.u.i.k.n.KeyIO           Load declarations of de.uka.ilkd.key.nparser.KeyAst$File:  <unknown>:1#1 
776471     INFO  Test worker     d.u.i.k.n.KeyIO           MODE: declarations took 0 ms 
776471     DEBUG Test worker     d.u.i.k.n.KeyIO           MODE: 2nd degree decls took 0 
]]></system-out>
  <system-err><![CDATA[]]></system-err>
</testsuite>
