<?xml version="1.0" encoding="UTF-8"?>
<testsuite name="de.uka.ilkd.key.taclettranslation.TestTacletTranslator" tests="5" skipped="0" failures="0" errors="0" timestamp="2023-06-15T12:44:34" hostname="fv-az1113-293" time="0.032">
  <properties/>
  <testcase name="testPropositional1()" classname="de.uka.ilkd.key.taclettranslation.TestTacletTranslator" time="0.015"/>
  <testcase name="testPropositional2()" classname="de.uka.ilkd.key.taclettranslation.TestTacletTranslator" time="0.004"/>
  <testcase name="testNegativePolarity()" classname="de.uka.ilkd.key.taclettranslation.TestTacletTranslator" time="0.003"/>
  <testcase name="testNoPolarity()" classname="de.uka.ilkd.key.taclettranslation.TestTacletTranslator" time="0.003"/>
  <testcase name="testPositivePolarity()" classname="de.uka.ilkd.key.taclettranslation.TestTacletTranslator" time="0.003"/>
  <system-out><![CDATA[1475623    INFO  Test worker     d.u.i.k.n.KeyIO           Parsing took 0 ms 
1475623    DEBUG Test worker     d.u.i.k.n.KeyIO           Load declarations of de.uka.ilkd.key.nparser.KeyAst$File:  <unknown>:1#1 
1475623    INFO  Test worker     d.u.i.k.n.KeyIO           MODE: declarations took 0 ms 
1475623    DEBUG Test worker     d.u.i.k.n.KeyIO           MODE: 2nd degree decls took 0 
1475623    DEBUG Test worker     d.u.i.k.n.KeyIO           MODE: taclets took 0ms 
1475642    INFO  Test worker     d.u.i.k.n.KeyIO           Parsing took 1 ms 
1475642    DEBUG Test worker     d.u.i.k.n.KeyIO           Load declarations of de.uka.ilkd.key.nparser.KeyAst$File:  <unknown>:1#1 
1475642    INFO  Test worker     d.u.i.k.n.KeyIO           MODE: declarations took 0 ms 
1475642    DEBUG Test worker     d.u.i.k.n.KeyIO           MODE: 2nd degree decls took 0 
1475642    DEBUG Test worker     d.u.i.k.n.KeyIO           MODE: taclets took 0ms 
1475646    INFO  Test worker     d.u.i.k.n.KeyIO           Parsing took 0 ms 
1475646    DEBUG Test worker     d.u.i.k.n.KeyIO           Load declarations of de.uka.ilkd.key.nparser.KeyAst$File:  <unknown>:1#1 
1475646    INFO  Test worker     d.u.i.k.n.KeyIO           MODE: declarations took 0 ms 
1475646    DEBUG Test worker     d.u.i.k.n.KeyIO           MODE: 2nd degree decls took 0 
1475646    DEBUG Test worker     d.u.i.k.n.KeyIO           MODE: taclets took 0ms 
1475647    INFO  Test worker     d.u.i.k.n.KeyIO           Parsing took 0 ms 
1475647    DEBUG Test worker     d.u.i.k.n.KeyIO           Load declarations of de.uka.ilkd.key.nparser.KeyAst$File:  <unknown>:1#1 
1475647    INFO  Test worker     d.u.i.k.n.KeyIO           MODE: declarations took 0 ms 
1475647    DEBUG Test worker     d.u.i.k.n.KeyIO           MODE: 2nd degree decls took 0 
1475647    DEBUG Test worker     d.u.i.k.n.KeyIO           MODE: taclets took 0ms 
1475647    INFO  Test worker     d.u.i.k.n.KeyIO           Parsing took 0 ms 
1475647    DEBUG Test worker     d.u.i.k.n.KeyIO           Load declarations of de.uka.ilkd.key.nparser.KeyAst$File:  <unknown>:1#1 
1475647    INFO  Test worker     d.u.i.k.n.KeyIO           MODE: declarations took 0 ms 
1475647    DEBUG Test worker     d.u.i.k.n.KeyIO           MODE: 2nd degree decls took 0 
1475647    DEBUG Test worker     d.u.i.k.n.KeyIO           MODE: taclets took 0ms 
]]></system-out>
  <system-err><![CDATA[]]></system-err>
</testsuite>
