<?xml version="1.0" encoding="UTF-8"?>
<testsuite name="de.uka.ilkd.key.rule.loop.LoopScopeInvRuleTests" tests="1" skipped="0" failures="0" errors="0" timestamp="2023-06-15T12:33:52" hostname="fv-az1113-293" time="8.589">
  <properties/>
  <testcase name="testDoAutomaticProofOfBenchmarkWithLabeledBreaksAndContinues()" classname="de.uka.ilkd.key.rule.loop.LoopScopeInvRuleTests" time="8.589"/>
  <system-out><![CDATA[833095     INFO  Test worker     d.u.i.k.p.i.AbstractProblemLoader Loading environment from src\test\resources\testcase\loopScopeInvRule\Test.key 
833095     DEBUG Test worker     d.u.i.k.p.i.AbstractProblemLoader Environment load took 186ns 
833111     INFO  Test worker     d.u.i.k.p.i.AbstractProblemLoader Creating init config 
833330     DEBUG Test worker     d.u.i.k.j.TypeConverter   No LDT found for Meta 
833330     DEBUG Test worker     d.u.i.k.j.TypeConverter   No LDT found for Meta 
833330     DEBUG Test worker     d.u.i.k.j.TypeConverter   No LDT found for Meta 
833336     DEBUG Test worker     d.u.i.k.j.TypeConverter   No LDT found for Meta 
834397     DEBUG Test worker     d.u.i.k.j.TypeConverter   No LDT found for JavaBigintExpression 
840692     DEBUG Test worker     d.u.i.k.p.i.AbstractProblemLoader Init config took 7.59s 
840755     INFO  Test worker     d.u.i.k.p.i.AbstractProblemLoader Replaying proof Test[Test::loopScopeRuleBenchmark(int,boolean)].JML normal_behavior operation contract.0 
840755     DEBUG Test worker     d.u.i.k.p.i.IntermediateProofReplayer Proof replay took 25.7ns 
]]></system-out>
  <system-err><![CDATA[]]></system-err>
</testsuite>
