<?xml version="1.0" encoding="UTF-8"?>
<testsuite name="de.uka.ilkd.key.rule.merge.PredicateAbstractionLatticeTests" tests="3" skipped="0" failures="0" errors="0" timestamp="2023-06-15T12:36:08" hostname="fv-az1113-293" time="10.936">
  <properties/>
  <testcase name="testToAndFromString()" classname="de.uka.ilkd.key.rule.merge.PredicateAbstractionLatticeTests" time="5.434"/>
  <testcase name="testCreateSignLatticeWithPredicates()" classname="de.uka.ilkd.key.rule.merge.PredicateAbstractionLatticeTests" time="5.502"/>
  <testcase name="testTrivialPredicatesLattice()" classname="de.uka.ilkd.key.rule.merge.PredicateAbstractionLatticeTests" time="0.0"/>
  <system-out><![CDATA[968916     INFO  Test worker     d.u.i.k.p.i.AbstractProblemLoader Loading environment from src\test\resources\testcase\merge\dummy.key 
968916     DEBUG Test worker     d.u.i.k.p.i.AbstractProblemLoader Environment load took 132.3ns 
968932     INFO  Test worker     d.u.i.k.p.i.AbstractProblemLoader Creating init config 
974336     DEBUG Test worker     d.u.i.k.p.i.AbstractProblemLoader Init config took 5.4s 
974351     INFO  Test worker     d.u.i.k.p.i.AbstractProblemLoader Replaying proof dummy.key 
974351     DEBUG Test worker     d.u.i.k.p.i.IntermediateProofReplayer Proof replay took 13.2ns 
974351     INFO  Test worker     d.u.i.k.p.i.AbstractProblemLoader Loading environment from src\test\resources\testcase\merge\dummy.key 
974351     DEBUG Test worker     d.u.i.k.p.i.AbstractProblemLoader Environment load took 182.4ns 
974367     INFO  Test worker     d.u.i.k.p.i.AbstractProblemLoader Creating init config 
979821     DEBUG Test worker     d.u.i.k.p.i.AbstractProblemLoader Init config took 5.47s 
979853     INFO  Test worker     d.u.i.k.p.i.AbstractProblemLoader Replaying proof dummy.key 
979853     DEBUG Test worker     d.u.i.k.p.i.IntermediateProofReplayer Proof replay took 11.5ns 
]]></system-out>
  <system-err><![CDATA[]]></system-err>
</testsuite>
