<?xml version="1.0" encoding="UTF-8"?>
<testsuite name="de.uka.ilkd.key.parser.TestTermParserSorts" tests="2" skipped="0" failures="0" errors="0" timestamp="2023-06-05T06:59:17" hostname="fv-az1230-342" time="5.439">
  <properties/>
  <testcase name="testParseIntegerArgs()" classname="de.uka.ilkd.key.parser.TestTermParserSorts" time="0.023"/>
  <testcase name="testParseSequencePrettySyntax()" classname="de.uka.ilkd.key.parser.TestTermParserSorts" time="0.004"/>
  <system-out><![CDATA[787136     INFO  Test worker     d.u.i.k.n.KeyIO           Parsing took 0 ms 
787136     DEBUG Test worker     d.u.i.k.n.KeyIO           Load declarations of de.uka.ilkd.key.nparser.KeyAst$File:  <unknown>:1#1 
787136     INFO  Test worker     d.u.i.k.n.KeyIO           MODE: declarations took 0 ms 
787136     DEBUG Test worker     d.u.i.k.n.KeyIO           MODE: 2nd degree decls took 0 
787136     INFO  Test worker     d.u.i.k.n.KeyIO           Parsing took 0 ms 
787136     DEBUG Test worker     d.u.i.k.n.KeyIO           Load declarations of de.uka.ilkd.key.nparser.KeyAst$File:  <unknown>:1#1 
787136     INFO  Test worker     d.u.i.k.n.KeyIO           MODE: declarations took 0 ms 
787136     DEBUG Test worker     d.u.i.k.n.KeyIO           MODE: 2nd degree decls took 0 
787136     INFO  Test worker     d.u.i.k.n.KeyIO           Parsing took 0 ms 
787136     DEBUG Test worker     d.u.i.k.n.KeyIO           Load declarations of de.uka.ilkd.key.nparser.KeyAst$File:  <unknown>:1#1 
787136     INFO  Test worker     d.u.i.k.n.KeyIO           MODE: declarations took 0 ms 
787136     DEBUG Test worker     d.u.i.k.n.KeyIO           MODE: 2nd degree decls took 0 
792571     INFO  Test worker     d.u.i.k.n.KeyIO           Parsing took 0 ms 
792571     DEBUG Test worker     d.u.i.k.n.KeyIO           Load declarations of de.uka.ilkd.key.nparser.KeyAst$File:  <unknown>:1#1 
792571     INFO  Test worker     d.u.i.k.n.KeyIO           MODE: declarations took 0 ms 
792571     DEBUG Test worker     d.u.i.k.n.KeyIO           MODE: 2nd degree decls took 0 
792571     INFO  Test worker     d.u.i.k.n.KeyIO           Parsing took 0 ms 
792571     DEBUG Test worker     d.u.i.k.n.KeyIO           Load declarations of de.uka.ilkd.key.nparser.KeyAst$File:  <unknown>:1#1 
792571     INFO  Test worker     d.u.i.k.n.KeyIO           MODE: declarations took 0 ms 
792571     DEBUG Test worker     d.u.i.k.n.KeyIO           MODE: 2nd degree decls took 0 
792571     INFO  Test worker     d.u.i.k.n.KeyIO           Parsing took 0 ms 
792571     DEBUG Test worker     d.u.i.k.n.KeyIO           Load declarations of de.uka.ilkd.key.nparser.KeyAst$File:  <unknown>:1#1 
792571     INFO  Test worker     d.u.i.k.n.KeyIO           MODE: declarations took 0 ms 
792571     DEBUG Test worker     d.u.i.k.n.KeyIO           MODE: 2nd degree decls took 0 
]]></system-out>
  <system-err><![CDATA[]]></system-err>
</testsuite>
