<?xml version="1.0" encoding="UTF-8"?>
<testsuite name="de.uka.ilkd.key.parser.TestDeclParser" tests="14" skipped="2" failures="0" errors="0" timestamp="2023-06-05T06:52:44" hostname="fv-az1230-342" time="20.631">
  <properties/>
  <testcase name="testGenericSortDecl1()" classname="de.uka.ilkd.key.parser.TestDeclParser" time="1.795"/>
  <testcase name="testGenericSortDecl2()" classname="de.uka.ilkd.key.parser.TestDeclParser" time="1.707"/>
  <testcase name="testGenericSortDecl3()" classname="de.uka.ilkd.key.parser.TestDeclParser" time="1.698"/>
  <testcase name="testGenericSortDecl4()" classname="de.uka.ilkd.key.parser.TestDeclParser" time="1.691"/>
  <testcase name="testGenericSortDecl5()" classname="de.uka.ilkd.key.parser.TestDeclParser" time="0.0">
    <skipped/>
  </testcase>
  <testcase name="testGenericSortDecl6()" classname="de.uka.ilkd.key.parser.TestDeclParser" time="1.692"/>
  <testcase name="testSortDecl()" classname="de.uka.ilkd.key.parser.TestDeclParser" time="1.776"/>
  <testcase name="testProxySortDecl()" classname="de.uka.ilkd.key.parser.TestDeclParser" time="1.697"/>
  <testcase name="testArrayDecl()" classname="de.uka.ilkd.key.parser.TestDeclParser" time="1.691"/>
  <testcase name="testAmbiguousDecls()" classname="de.uka.ilkd.key.parser.TestDeclParser" time="0.0">
    <skipped/>
  </testcase>
  <testcase name="testHeurDecl()" classname="de.uka.ilkd.key.parser.TestDeclParser" time="1.691"/>
  <testcase name="testFunctionDecl()" classname="de.uka.ilkd.key.parser.TestDeclParser" time="1.732"/>
  <testcase name="testPredicateDecl()" classname="de.uka.ilkd.key.parser.TestDeclParser" time="1.734"/>
  <testcase name="testSVDecl()" classname="de.uka.ilkd.key.parser.TestDeclParser" time="1.724"/>
  <system-out><![CDATA[395264     INFO  Test worker     d.u.i.k.n.KeyIO           Parsing took 0 ms 
395264     DEBUG Test worker     d.u.i.k.n.KeyIO           Load declarations of de.uka.ilkd.key.nparser.KeyAst$File:  <unknown>:1#1 
395264     INFO  Test worker     d.u.i.k.n.KeyIO           MODE: declarations took 0 ms 
395264     DEBUG Test worker     d.u.i.k.n.KeyIO           MODE: 2nd degree decls took 0 
395264     DEBUG Test worker     d.u.i.k.n.KeyIO           MODE: taclets took 0ms 
396971     INFO  Test worker     d.u.i.k.n.KeyIO           Parsing took 0 ms 
396971     DEBUG Test worker     d.u.i.k.n.KeyIO           Load declarations of de.uka.ilkd.key.nparser.KeyAst$File:  <unknown>:1#1 
396971     INFO  Test worker     d.u.i.k.n.KeyIO           MODE: declarations took 0 ms 
396971     DEBUG Test worker     d.u.i.k.n.KeyIO           MODE: 2nd degree decls took 0 
396971     DEBUG Test worker     d.u.i.k.n.KeyIO           MODE: taclets took 0ms 
398669     INFO  Test worker     d.u.i.k.n.KeyIO           Parsing took 0 ms 
398669     DEBUG Test worker     d.u.i.k.n.KeyIO           Load declarations of de.uka.ilkd.key.nparser.KeyAst$File:  <unknown>:1#1 
398669     INFO  Test worker     d.u.i.k.n.KeyIO           MODE: declarations took 0 ms 
398669     DEBUG Test worker     d.u.i.k.n.KeyIO           MODE: 2nd degree decls took 0 
398669     DEBUG Test worker     d.u.i.k.n.KeyIO           MODE: taclets took 0ms 
400350     INFO  Test worker     d.u.i.k.n.KeyIO           Parsing took 0 ms 
400350     DEBUG Test worker     d.u.i.k.n.KeyIO           Load declarations of de.uka.ilkd.key.nparser.KeyAst$File:  <unknown>:1#1 
400350     INFO  Test worker     d.u.i.k.n.KeyIO           MODE: declarations took 0 ms 
400350     DEBUG Test worker     d.u.i.k.n.KeyIO           MODE: 2nd degree decls took 0 
400350     DEBUG Test worker     d.u.i.k.n.KeyIO           MODE: taclets took 0ms 
402054     INFO  Test worker     d.u.i.k.n.KeyIO           Parsing took 0 ms 
402054     DEBUG Test worker     d.u.i.k.n.KeyIO           Load declarations of de.uka.ilkd.key.nparser.KeyAst$File:  <unknown>:1#1 
402054     INFO  Test worker     d.u.i.k.n.KeyIO           MODE: declarations took 0 ms 
402054     DEBUG Test worker     d.u.i.k.n.KeyIO           MODE: 2nd degree decls took 0 
402054     DEBUG Test worker     d.u.i.k.n.KeyIO           MODE: taclets took 0ms 
403830     INFO  Test worker     d.u.i.k.n.KeyIO           Parsing took 0 ms 
403830     DEBUG Test worker     d.u.i.k.n.KeyIO           Load declarations of de.uka.ilkd.key.nparser.KeyAst$File:  <unknown>:1#1 
403830     INFO  Test worker     d.u.i.k.n.KeyIO           MODE: declarations took 0 ms 
403830     DEBUG Test worker     d.u.i.k.n.KeyIO           MODE: 2nd degree decls took 0 
403830     DEBUG Test worker     d.u.i.k.n.KeyIO           MODE: taclets took 0ms 
405512     INFO  Test worker     d.u.i.k.n.KeyIO           Parsing took 0 ms 
405512     DEBUG Test worker     d.u.i.k.n.KeyIO           Load declarations of de.uka.ilkd.key.nparser.KeyAst$File:  <unknown>:1#1 
405527     INFO  Test worker     d.u.i.k.n.KeyIO           MODE: declarations took 15 ms 
405527     DEBUG Test worker     d.u.i.k.n.KeyIO           MODE: 2nd degree decls took 0 
405527     DEBUG Test worker     d.u.i.k.n.KeyIO           MODE: taclets took 0ms 
407204     INFO  Test worker     d.u.i.k.n.KeyIO           Parsing took 0 ms 
407204     DEBUG Test worker     d.u.i.k.n.KeyIO           Load declarations of de.uka.ilkd.key.nparser.KeyAst$File:  <unknown>:1#1 
407204     INFO  Test worker     d.u.i.k.n.KeyIO           MODE: declarations took 0 ms 
407204     DEBUG Test worker     d.u.i.k.n.KeyIO           MODE: 2nd degree decls took 0 
407204     DEBUG Test worker     d.u.i.k.n.KeyIO           MODE: taclets took 0ms 
408910     INFO  Test worker     d.u.i.k.n.KeyIO           Parsing took 0 ms 
408910     DEBUG Test worker     d.u.i.k.n.KeyIO           Load declarations of de.uka.ilkd.key.nparser.KeyAst$File:  <unknown>:1#1 
408910     INFO  Test worker     d.u.i.k.n.KeyIO           MODE: declarations took 0 ms 
408910     DEBUG Test worker     d.u.i.k.n.KeyIO           MODE: 2nd degree decls took 0 
408910     DEBUG Test worker     d.u.i.k.n.KeyIO           MODE: taclets took 0ms 
410646     INFO  Test worker     d.u.i.k.n.KeyIO           Parsing took 0 ms 
410646     DEBUG Test worker     d.u.i.k.n.KeyIO           Load declarations of de.uka.ilkd.key.nparser.KeyAst$File:  <unknown>:1#1 
410646     INFO  Test worker     d.u.i.k.n.KeyIO           MODE: declarations took 0 ms 
410646     DEBUG Test worker     d.u.i.k.n.KeyIO           MODE: 2nd degree decls took 0 
410646     DEBUG Test worker     d.u.i.k.n.KeyIO           MODE: taclets took 0ms 
412376     INFO  Test worker     d.u.i.k.n.KeyIO           Parsing took 0 ms 
412376     DEBUG Test worker     d.u.i.k.n.KeyIO           Load declarations of de.uka.ilkd.key.nparser.KeyAst$File:  <unknown>:1#1 
412376     INFO  Test worker     d.u.i.k.n.KeyIO           MODE: declarations took 0 ms 
412376     DEBUG Test worker     d.u.i.k.n.KeyIO           MODE: 2nd degree decls took 0 
412376     DEBUG Test worker     d.u.i.k.n.KeyIO           MODE: taclets took 0ms 
414098     INFO  Test worker     d.u.i.k.n.KeyIO           Parsing took 0 ms 
414098     DEBUG Test worker     d.u.i.k.n.KeyIO           Load declarations of de.uka.ilkd.key.nparser.KeyAst$File:  <unknown>:1#1 
414098     INFO  Test worker     d.u.i.k.n.KeyIO           MODE: declarations took 0 ms 
414098     DEBUG Test worker     d.u.i.k.n.KeyIO           MODE: 2nd degree decls took 0 
414098     DEBUG Test worker     d.u.i.k.n.KeyIO           MODE: taclets took 0ms 
]]></system-out>
  <system-err><![CDATA[]]></system-err>
</testsuite>
