<?xml version="1.0" encoding="UTF-8"?>
<testsuite name="de.uka.ilkd.key.rule.loop.LoopScopeInvRuleTests" tests="1" skipped="0" failures="0" errors="0" timestamp="2023-06-05T07:00:35" hostname="fv-az1230-342" time="7.954">
  <properties/>
  <testcase name="testDoAutomaticProofOfBenchmarkWithLabeledBreaksAndContinues()" classname="de.uka.ilkd.key.rule.loop.LoopScopeInvRuleTests" time="7.954"/>
  <system-out><![CDATA[865033     INFO  Test worker     d.u.i.k.p.i.AbstractProblemLoader Loading environment from src\test\resources\testcase\loopScopeInvRule\Test.key 
865033     DEBUG Test worker     d.u.i.k.p.i.AbstractProblemLoader Environment load took 154.6ns 
865033     INFO  Test worker     d.u.i.k.p.i.AbstractProblemLoader Creating init config 
865299     DEBUG Test worker     d.u.i.k.j.TypeConverter   No LDT found for Meta 
865299     DEBUG Test worker     d.u.i.k.j.TypeConverter   No LDT found for Meta 
865299     DEBUG Test worker     d.u.i.k.j.TypeConverter   No LDT found for Meta 
865299     DEBUG Test worker     d.u.i.k.j.TypeConverter   No LDT found for Meta 
866392     DEBUG Test worker     d.u.i.k.j.TypeConverter   No LDT found for JavaBigintExpression 
872130     DEBUG Test worker     d.u.i.k.p.i.AbstractProblemLoader Init config took 7.09s 
872193     INFO  Test worker     d.u.i.k.p.i.AbstractProblemLoader Replaying proof Test[Test::loopScopeRuleBenchmark(int,boolean)].JML normal_behavior operation contract.0 
872193     DEBUG Test worker     d.u.i.k.p.i.IntermediateProofReplayer Proof replay took 43.4ns 
]]></system-out>
  <system-err><![CDATA[]]></system-err>
</testsuite>
