<?xml version="1.0" encoding="UTF-8"?>
<testsuite name="de.uka.ilkd.key.util.TestProofStarter" tests="2" skipped="0" failures="0" errors="0" timestamp="2023-06-05T07:11:34" hostname="fv-az1230-342" time="72.729">
  <properties/>
  <testcase name="testDirectProofWithOneStepSimplification()" classname="de.uka.ilkd.key.util.TestProofStarter" time="38.256"/>
  <testcase name="testDirectProof()" classname="de.uka.ilkd.key.util.TestProofStarter" time="34.473"/>
  <system-out><![CDATA[1524217    INFO  Test worker     d.u.i.k.p.i.AbstractProblemLoader Loading environment from src\test\resources\testcase\proofStarter\CC\project.key 
1524217    DEBUG Test worker     d.u.i.k.p.i.AbstractProblemLoader Environment load took 194.7ns 
1524217    INFO  Test worker     d.u.i.k.p.i.AbstractProblemLoader Creating init config 
1530106    DEBUG Test worker     d.u.i.k.p.i.AbstractProblemLoader Init config took 5.89s 
1530168    INFO  Test worker     d.u.i.k.p.i.AbstractProblemLoader Replaying proof CC[CC::calcCoinIndex([I,[I)].JML normal_behavior operation contract.0 
1530184    DEBUG Test worker     d.u.i.k.p.i.IntermediateProofReplayer Proof replay took 5.2ns 
1562454    INFO  Test worker     d.u.i.k.p.i.AbstractProblemLoader Loading environment from src\test\resources\testcase\proofStarter\CC\project.key 
1562454    DEBUG Test worker     d.u.i.k.p.i.AbstractProblemLoader Environment load took 251.5ns 
1562454    INFO  Test worker     d.u.i.k.p.i.AbstractProblemLoader Creating init config 
1568008    DEBUG Test worker     d.u.i.k.p.i.AbstractProblemLoader Init config took 5.54s 
1568055    INFO  Test worker     d.u.i.k.p.i.AbstractProblemLoader Replaying proof CC[CC::calcCoinIndex([I,[I)].JML normal_behavior operation contract.0 
1568055    DEBUG Test worker     d.u.i.k.p.i.IntermediateProofReplayer Proof replay took 4.8ns 
]]></system-out>
  <system-err><![CDATA[]]></system-err>
</testsuite>
