<?xml version="1.0" encoding="UTF-8"?>
<testsuite name="de.uka.ilkd.key.proof.replay.TestCopyingReplayer" tests="1" skipped="0" failures="0" errors="0" timestamp="2023-06-05T07:00:11" hostname="fv-az1230-342" time="14.019">
  <properties/>
  <testcase name="testJavaProof()" classname="de.uka.ilkd.key.proof.replay.TestCopyingReplayer" time="14.019"/>
  <system-out><![CDATA[840835     INFO  Test worker     d.u.i.k.p.i.AbstractProblemLoader Loading environment from src\test\resources\testcase\..\..\..\..\..\key.ui\examples\heap\verifyThis15_1_RelaxedPrefix\relax.proof 
840835     DEBUG Test worker     d.u.i.k.p.i.AbstractProblemLoader Environment load took 184.2ns 
840850     INFO  Test worker     d.u.i.k.p.i.AbstractProblemLoader Creating init config 
846552     DEBUG Test worker     d.u.i.k.p.i.AbstractProblemLoader Init config took 5.71s 
846599     INFO  Test worker     d.u.i.k.p.i.AbstractProblemLoader Replaying proof Relaxed[Relaxed::isRelaxedPrefix([I,[I)].JML operation contract.0 
847380     DEBUG Test worker     d.u.i.k.p.i.IntermediateProofReplayer Proof replay took 739.69ms 
847396     INFO  Test worker     d.u.i.k.p.i.AbstractProblemLoader Loading environment from src\test\resources\testcase\..\..\..\..\..\key.ui\examples\heap\verifyThis15_1_RelaxedPrefix\relax.proof 
847396     DEBUG Test worker     d.u.i.k.p.i.AbstractProblemLoader Environment load took 189.4ns 
847396     INFO  Test worker     d.u.i.k.p.i.AbstractProblemLoader Creating init config 
853136     DEBUG Test worker     d.u.i.k.p.i.AbstractProblemLoader Init config took 5.74s 
853199     INFO  Test worker     d.u.i.k.p.i.AbstractProblemLoader Replaying proof Relaxed[Relaxed::isRelaxedPrefix([I,[I)].JML operation contract.0 
853855     DEBUG Test worker     d.u.i.k.p.i.IntermediateProofReplayer Proof replay took 626.97ms 
]]></system-out>
  <system-err><![CDATA[]]></system-err>
</testsuite>
