<?xml version="1.0" encoding="UTF-8"?>
<testsuite name="de.uka.ilkd.key.rule.merge.PredicateAbstractionLatticeTests" tests="3" skipped="0" failures="0" errors="0" timestamp="2023-06-05T07:02:49" hostname="fv-az1230-342" time="11.414">
  <properties/>
  <testcase name="testToAndFromString()" classname="de.uka.ilkd.key.rule.merge.PredicateAbstractionLatticeTests" time="5.623"/>
  <testcase name="testCreateSignLatticeWithPredicates()" classname="de.uka.ilkd.key.rule.merge.PredicateAbstractionLatticeTests" time="5.791"/>
  <testcase name="testTrivialPredicatesLattice()" classname="de.uka.ilkd.key.rule.merge.PredicateAbstractionLatticeTests" time="0.0"/>
  <system-out><![CDATA[998348     INFO  Test worker     d.u.i.k.p.i.AbstractProblemLoader Loading environment from src\test\resources\testcase\merge\dummy.key 
998348     DEBUG Test worker     d.u.i.k.p.i.AbstractProblemLoader Environment load took 262.7ns 
998348     INFO  Test worker     d.u.i.k.p.i.AbstractProblemLoader Creating init config 
1003941    DEBUG Test worker     d.u.i.k.p.i.AbstractProblemLoader Init config took 5.59s 
1003956    INFO  Test worker     d.u.i.k.p.i.AbstractProblemLoader Replaying proof dummy.key 
1003956    DEBUG Test worker     d.u.i.k.p.i.IntermediateProofReplayer Proof replay took 50.8ns 
1003956    INFO  Test worker     d.u.i.k.p.i.AbstractProblemLoader Loading environment from src\test\resources\testcase\merge\dummy.key 
1003956    DEBUG Test worker     d.u.i.k.p.i.AbstractProblemLoader Environment load took 466.3ns 
1003972    INFO  Test worker     d.u.i.k.p.i.AbstractProblemLoader Creating init config 
1009732    DEBUG Test worker     d.u.i.k.p.i.AbstractProblemLoader Init config took 5.76s 
1009747    INFO  Test worker     d.u.i.k.p.i.AbstractProblemLoader Replaying proof dummy.key 
1009747    DEBUG Test worker     d.u.i.k.p.i.IntermediateProofReplayer Proof replay took 6ns 
]]></system-out>
  <system-err><![CDATA[]]></system-err>
</testsuite>
