<?xml version="1.0" encoding="UTF-8"?>
<testsuite name="de.uka.ilkd.key.proof.TestGoal" tests="2" skipped="0" failures="0" errors="0" timestamp="2023-03-22T13:13:08" hostname="fv-az389-785" time="0.034">
  <properties/>
  <testcase name="testSetBack0()" classname="de.uka.ilkd.key.proof.TestGoal" time="0.019"/>
  <testcase name="testSetBack1()" classname="de.uka.ilkd.key.proof.TestGoal" time="0.015"/>
  <system-out><![CDATA[]]></system-out>
  <system-err><![CDATA[]]></system-err>
</testsuite>
