<?xml version="1.0" encoding="UTF-8"?>
<testsuite name="recoder.testsuite.basic.ParseFilesTest" tests="1" skipped="0" failures="0" errors="0" timestamp="2023-04-05T11:57:15" hostname="fv-az570-116" time="0.182">
  <properties/>
  <testcase name="testParseFiles" classname="recoder.testsuite.basic.ParseFilesTest" time="0.182"/>
  <system-out><![CDATA[]]></system-out>
  <system-err><![CDATA[]]></system-err>
</testsuite>
