<?xml version="1.0" encoding="UTF-8"?>
<testsuite name="de.uka.ilkd.key.nparser.ExprTest" tests="23" skipped="0" failures="0" errors="0" timestamp="2023-02-08T10:37:32" hostname="fv-az934-999" time="2.133">
  <properties/>
  <testcase name="[1] seqEmpty + seqEmpty" classname="de.uka.ilkd.key.nparser.ExprTest" time="0.024"/>
  <testcase name="[2] (bprod{int y;}(1, 2, y) = 0)" classname="de.uka.ilkd.key.nparser.ExprTest" time="0.013"/>
  <testcase name="[3] 1 = 1 -&gt; 2 = 2" classname="de.uka.ilkd.key.nparser.ExprTest" time="0.013"/>
  <testcase name="[4] \&lt; { int x = 1; } \&gt; x=1" classname="de.uka.ilkd.key.nparser.ExprTest" time="0.924"/>
  <testcase name="[5] \&lt;{ int x = 1; {int s = 2;} }\&gt; x=x" classname="de.uka.ilkd.key.nparser.ExprTest" time="0.908"/>
  <testcase name="[6] true" classname="de.uka.ilkd.key.nparser.ExprTest" time="0.011"/>
  <testcase name="[7] true &amp; false" classname="de.uka.ilkd.key.nparser.ExprTest" time="0.01"/>
  <testcase name="[8] 0" classname="de.uka.ilkd.key.nparser.ExprTest" time="0.01"/>
  <testcase name="[9] 1" classname="de.uka.ilkd.key.nparser.ExprTest" time="0.01"/>
  <testcase name="[10] 42" classname="de.uka.ilkd.key.nparser.ExprTest" time="0.01"/>
  <testcase name="[11] -5" classname="de.uka.ilkd.key.nparser.ExprTest" time="0.01"/>
  <testcase name="[12] 1 + 1 = 2" classname="de.uka.ilkd.key.nparser.ExprTest" time="0.01"/>
  <testcase name="[13] \if (3=4) \then (1) \else (2)" classname="de.uka.ilkd.key.nparser.ExprTest" time="0.015"/>
  <testcase name="[14] \if (3=4 &amp; 1=1) \then (\if (3=4) \then (1) \else (2)) \else (2)" classname="de.uka.ilkd.key.nparser.ExprTest" time="0.011"/>
  <testcase name="[15] aa + bb*cc" classname="de.uka.ilkd.key.nparser.ExprTest" time="0.01"/>
  <testcase name="[16] aa%bb*cc &lt; -123" classname="de.uka.ilkd.key.nparser.ExprTest" time="0.018"/>
  <testcase name="[17] \forall int x; true" classname="de.uka.ilkd.key.nparser.ExprTest" time="0.018"/>
  <testcase name="[18] \forall numbers x; x = x" classname="de.uka.ilkd.key.nparser.ExprTest" time="0.014"/>
  <testcase name="[19] (int)3+2" classname="de.uka.ilkd.key.nparser.ExprTest" time="0.013"/>
  <testcase name="[20] 1.f + 1f = 20e-1f * (2f-1f)" classname="de.uka.ilkd.key.nparser.ExprTest" time="0.016"/>
  <testcase name="[21] 1.d + 1d &lt;= 20e+1d * .01d" classname="de.uka.ilkd.key.nparser.ExprTest" time="0.014"/>
  <testcase name="[22] 1f &lt;= 2f" classname="de.uka.ilkd.key.nparser.ExprTest" time="0.014"/>
  <testcase name="[23] 2d &gt; 1d" classname="de.uka.ilkd.key.nparser.ExprTest" time="0.021"/>
  <system-out><![CDATA[184143     WARN  Test worker     d.u.i.k.n.ExprTest        Actual Term: seqConcat(seqEmpty, seqEmpty)
 
184158     WARN  Test worker     d.u.i.k.n.ExprTest        Actual Term: bprod{int y;}(1, 2, y) = 0
 
184172     WARN  Test worker     d.u.i.k.n.ExprTest        Actual Term: 1 = 1 -> 2 = 2
 
185096     WARN  Test worker     d.u.i.k.n.ExprTest        Actual Term: \<{
    int x = 1;
  }\> x = 1
 
186005     WARN  Test worker     d.u.i.k.n.ExprTest        Actual Term: \<{
    int x = 1; {
      int s = 2;
    }
  }\> x = x
 
186016     WARN  Test worker     d.u.i.k.n.ExprTest        Actual Term: true
 
186027     WARN  Test worker     d.u.i.k.n.ExprTest        Actual Term: true & false
 
186037     WARN  Test worker     d.u.i.k.n.ExprTest        Actual Term: 0
 
186048     WARN  Test worker     d.u.i.k.n.ExprTest        Actual Term: 1
 
186059     WARN  Test worker     d.u.i.k.n.ExprTest        Actual Term: 42
 
186069     WARN  Test worker     d.u.i.k.n.ExprTest        Actual Term: -5
 
186080     WARN  Test worker     d.u.i.k.n.ExprTest        Actual Term: 1 + 1 = 2
 
186095     WARN  Test worker     d.u.i.k.n.ExprTest        Actual Term: \if (3 = 4)  \then (1)  \else (2)
 
186105     WARN  Test worker     d.u.i.k.n.ExprTest        Actual Term: \if (3 = 4 & 1 = 1)
    \then (\if (3 = 4)  \then (1)  \else (2))
    \else (2)
 
186116     WARN  Test worker     d.u.i.k.n.ExprTest        Actual Term: aa + bb * cc
 
186135     WARN  Test worker     d.u.i.k.n.ExprTest        Actual Term: aa % bb * cc < -123
 
186146     WARN  Test worker     d.u.i.k.n.ExprTest        Actual Term: \forall int x; true
 
186168     WARN  Test worker     d.u.i.k.n.ExprTest        Actual Term: \forall numbers x; x = x
 
186183     WARN  Test worker     d.u.i.k.n.ExprTest        Actual Term: (int)(3) + 2
 
186199     WARN  Test worker     d.u.i.k.n.ExprTest        Actual Term: 1.0f + 1.0f = 2.0f * (2.0f - 1.0f)
 
186217     WARN  Test worker     d.u.i.k.n.ExprTest        Actual Term: 1.0d + 1.0d <= 200.0d * 0.01d
 
186231     WARN  Test worker     d.u.i.k.n.ExprTest        Actual Term: 1.0f <= 2.0f
 
186249     WARN  Test worker     d.u.i.k.n.ExprTest        Actual Term: 2.0d > 1.0d
 
]]></system-out>
  <system-err><![CDATA[]]></system-err>
</testsuite>
