<?xml version="1.0" encoding="UTF-8"?>
<testsuite name="de.uka.ilkd.key.gui.plugins.javac.JavaCompilerCheckFacadeTest" tests="1" skipped="0" failures="0" errors="0" timestamp="2023-04-11T16:58:28" hostname="fv-az456-458" time="1.581">
  <properties/>
  <testcase name="compile1()" classname="de.uka.ilkd.key.gui.plugins.javac.JavaCompilerCheckFacadeTest" time="1.581"/>
  <system-out><![CDATA[D:\a\key\key\key.ui\examples\firstTouch\06-BinarySearch\src
]]></system-out>
  <system-err><![CDATA[]]></system-err>
</testsuite>
