<?xml version="1.0" encoding="UTF-8"?>
<testsuite name="de.uka.ilkd.key.parser.TestDeclParser" tests="14" skipped="2" failures="0" errors="0" timestamp="2023-03-24T14:21:48" hostname="fv-az575-239" time="11.664">
  <properties/>
  <testcase name="testGenericSortDecl1()" classname="de.uka.ilkd.key.parser.TestDeclParser" time="0.952"/>
  <testcase name="testGenericSortDecl2()" classname="de.uka.ilkd.key.parser.TestDeclParser" time="1.027"/>
  <testcase name="testGenericSortDecl3()" classname="de.uka.ilkd.key.parser.TestDeclParser" time="0.999"/>
  <testcase name="testGenericSortDecl4()" classname="de.uka.ilkd.key.parser.TestDeclParser" time="0.978"/>
  <testcase name="testGenericSortDecl5()" classname="de.uka.ilkd.key.parser.TestDeclParser" time="0.0">
    <skipped/>
  </testcase>
  <testcase name="testGenericSortDecl6()" classname="de.uka.ilkd.key.parser.TestDeclParser" time="0.923"/>
  <testcase name="testSortDecl()" classname="de.uka.ilkd.key.parser.TestDeclParser" time="0.988"/>
  <testcase name="testProxySortDecl()" classname="de.uka.ilkd.key.parser.TestDeclParser" time="1.003"/>
  <testcase name="testArrayDecl()" classname="de.uka.ilkd.key.parser.TestDeclParser" time="0.922"/>
  <testcase name="testAmbiguousDecls()" classname="de.uka.ilkd.key.parser.TestDeclParser" time="0.0">
    <skipped/>
  </testcase>
  <testcase name="testHeurDecl()" classname="de.uka.ilkd.key.parser.TestDeclParser" time="0.977"/>
  <testcase name="testFunctionDecl()" classname="de.uka.ilkd.key.parser.TestDeclParser" time="0.985"/>
  <testcase name="testPredicateDecl()" classname="de.uka.ilkd.key.parser.TestDeclParser" time="0.983"/>
  <testcase name="testSVDecl()" classname="de.uka.ilkd.key.parser.TestDeclParser" time="0.92"/>
  <system-out><![CDATA[214620     INFO  Test worker     d.u.i.k.n.KeyIO           Parsing took 0 ms 
214621     INFO  Test worker     d.u.i.k.n.KeyIO           MODE: declarations took 0 ms 
215649     INFO  Test worker     d.u.i.k.n.KeyIO           Parsing took 0 ms 
215649     INFO  Test worker     d.u.i.k.n.KeyIO           MODE: declarations took 0 ms 
216649     INFO  Test worker     d.u.i.k.n.KeyIO           Parsing took 0 ms 
216649     INFO  Test worker     d.u.i.k.n.KeyIO           MODE: declarations took 0 ms 
217628     INFO  Test worker     d.u.i.k.n.KeyIO           Parsing took 0 ms 
217628     INFO  Test worker     d.u.i.k.n.KeyIO           MODE: declarations took 0 ms 
218552     INFO  Test worker     d.u.i.k.n.KeyIO           Parsing took 0 ms 
218552     INFO  Test worker     d.u.i.k.n.KeyIO           MODE: declarations took 0 ms 
219541     INFO  Test worker     d.u.i.k.n.KeyIO           Parsing took 0 ms 
219541     INFO  Test worker     d.u.i.k.n.KeyIO           MODE: declarations took 0 ms 
220544     INFO  Test worker     d.u.i.k.n.KeyIO           Parsing took 1 ms 
220544     INFO  Test worker     d.u.i.k.n.KeyIO           MODE: declarations took 0 ms 
221466     INFO  Test worker     d.u.i.k.n.KeyIO           Parsing took 0 ms 
221467     INFO  Test worker     d.u.i.k.n.KeyIO           MODE: declarations took 1 ms 
222445     INFO  Test worker     d.u.i.k.n.KeyIO           Parsing took 0 ms 
222445     INFO  Test worker     d.u.i.k.n.KeyIO           MODE: declarations took 0 ms 
223430     INFO  Test worker     d.u.i.k.n.KeyIO           Parsing took 0 ms 
223430     INFO  Test worker     d.u.i.k.n.KeyIO           MODE: declarations took 0 ms 
224413     INFO  Test worker     d.u.i.k.n.KeyIO           Parsing took 0 ms 
224414     INFO  Test worker     d.u.i.k.n.KeyIO           MODE: declarations took 0 ms 
225334     INFO  Test worker     d.u.i.k.n.KeyIO           Parsing took 0 ms 
225334     INFO  Test worker     d.u.i.k.n.KeyIO           MODE: declarations took 0 ms 
]]></system-out>
  <system-err><![CDATA[]]></system-err>
</testsuite>
