<?xml version="1.0" encoding="UTF-8"?>
<testsuite name="de.uka.ilkd.key.logic.TestClashFreeSubst" tests="14" skipped="2" failures="0" errors="0" timestamp="2023-03-24T14:18:51" hostname="fv-az575-239" time="51.326">
  <properties/>
  <testcase name="testMultiShareBound()" classname="de.uka.ilkd.key.logic.TestClashFreeSubst" time="1.005"/>
  <testcase name="testClash()" classname="de.uka.ilkd.key.logic.TestClashFreeSubst" time="0.996"/>
  <testcase name="testShare()" classname="de.uka.ilkd.key.logic.TestClashFreeSubst" time="0.955"/>
  <testcase name="testSubst()" classname="de.uka.ilkd.key.logic.TestClashFreeSubst" time="0.957"/>
  <testcase name="testWary0()" classname="de.uka.ilkd.key.logic.TestClashFreeSubst" time="0.935"/>
  <testcase name="testWary1()" classname="de.uka.ilkd.key.logic.TestClashFreeSubst" time="0.934"/>
  <testcase name="testWary2()" classname="de.uka.ilkd.key.logic.TestClashFreeSubst" time="0.96"/>
  <testcase name="testClashInSubstTerm()" classname="de.uka.ilkd.key.logic.TestClashFreeSubst" time="0.941"/>
  <testcase name="testShareWary()" classname="de.uka.ilkd.key.logic.TestClashFreeSubst" time="0.935"/>
  <testcase name="testMultiSubst()" classname="de.uka.ilkd.key.logic.TestClashFreeSubst" time="0.916"/>
  <testcase name="xtestMultiClash()" classname="de.uka.ilkd.key.logic.TestClashFreeSubst" time="0.0">
    <skipped/>
  </testcase>
  <testcase name="testSubstInSubstTerm()" classname="de.uka.ilkd.key.logic.TestClashFreeSubst" time="0.923"/>
  <testcase name="testSubstWary()" classname="de.uka.ilkd.key.logic.TestClashFreeSubst" time="0.932"/>
  <testcase name="xtestMultiClash1()" classname="de.uka.ilkd.key.logic.TestClashFreeSubst" time="0.0">
    <skipped/>
  </testcase>
  <system-out><![CDATA[36431      INFO  Test worker     d.u.i.k.n.KeyIO           Parsing took 0 ms 
36432      INFO  Test worker     d.u.i.k.n.KeyIO           MODE: declarations took 1 ms 
37430      INFO  Test worker     d.u.i.k.n.KeyIO           Parsing took 1 ms 
37431      INFO  Test worker     d.u.i.k.n.KeyIO           MODE: declarations took 1 ms 
40628      INFO  Test worker     d.u.i.k.n.KeyIO           Parsing took 0 ms 
40637      INFO  Test worker     d.u.i.k.n.KeyIO           MODE: declarations took 8 ms 
41615      INFO  Test worker     d.u.i.k.n.KeyIO           Parsing took 0 ms 
41619      INFO  Test worker     d.u.i.k.n.KeyIO           MODE: declarations took 1 ms 
44776      INFO  Test worker     d.u.i.k.n.KeyIO           Parsing took 0 ms 
44777      INFO  Test worker     d.u.i.k.n.KeyIO           MODE: declarations took 0 ms 
45728      INFO  Test worker     d.u.i.k.n.KeyIO           Parsing took 0 ms 
45728      INFO  Test worker     d.u.i.k.n.KeyIO           MODE: declarations took 0 ms 
48842      INFO  Test worker     d.u.i.k.n.KeyIO           Parsing took 0 ms 
48843      INFO  Test worker     d.u.i.k.n.KeyIO           MODE: declarations took 1 ms 
49794      INFO  Test worker     d.u.i.k.n.KeyIO           Parsing took 0 ms 
49795      INFO  Test worker     d.u.i.k.n.KeyIO           MODE: declarations took 0 ms 
52863      INFO  Test worker     d.u.i.k.n.KeyIO           Parsing took 0 ms 
52864      INFO  Test worker     d.u.i.k.n.KeyIO           MODE: declarations took 0 ms 
53794      INFO  Test worker     d.u.i.k.n.KeyIO           Parsing took 0 ms 
53795      INFO  Test worker     d.u.i.k.n.KeyIO           MODE: declarations took 0 ms 
56845      INFO  Test worker     d.u.i.k.n.KeyIO           Parsing took 0 ms 
56845      INFO  Test worker     d.u.i.k.n.KeyIO           MODE: declarations took 0 ms 
57777      INFO  Test worker     d.u.i.k.n.KeyIO           Parsing took 0 ms 
57777      INFO  Test worker     d.u.i.k.n.KeyIO           MODE: declarations took 0 ms 
60789      INFO  Test worker     d.u.i.k.n.KeyIO           Parsing took 0 ms 
60789      INFO  Test worker     d.u.i.k.n.KeyIO           MODE: declarations took 0 ms 
61745      INFO  Test worker     d.u.i.k.n.KeyIO           Parsing took 0 ms 
61746      INFO  Test worker     d.u.i.k.n.KeyIO           MODE: declarations took 0 ms 
64758      INFO  Test worker     d.u.i.k.n.KeyIO           Parsing took 0 ms 
64758      INFO  Test worker     d.u.i.k.n.KeyIO           MODE: declarations took 0 ms 
65696      INFO  Test worker     d.u.i.k.n.KeyIO           Parsing took 0 ms 
65697      INFO  Test worker     d.u.i.k.n.KeyIO           MODE: declarations took 0 ms 
68785      INFO  Test worker     d.u.i.k.n.KeyIO           Parsing took 0 ms 
68785      INFO  Test worker     d.u.i.k.n.KeyIO           MODE: declarations took 0 ms 
69717      INFO  Test worker     d.u.i.k.n.KeyIO           Parsing took 0 ms 
69718      INFO  Test worker     d.u.i.k.n.KeyIO           MODE: declarations took 0 ms 
72819      INFO  Test worker     d.u.i.k.n.KeyIO           Parsing took 0 ms 
72819      INFO  Test worker     d.u.i.k.n.KeyIO           MODE: declarations took 0 ms 
73733      INFO  Test worker     d.u.i.k.n.KeyIO           Parsing took 0 ms 
73733      INFO  Test worker     d.u.i.k.n.KeyIO           MODE: declarations took 0 ms 
79815      INFO  Test worker     d.u.i.k.n.KeyIO           Parsing took 0 ms 
79815      INFO  Test worker     d.u.i.k.n.KeyIO           MODE: declarations took 0 ms 
80735      INFO  Test worker     d.u.i.k.n.KeyIO           Parsing took 0 ms 
80735      INFO  Test worker     d.u.i.k.n.KeyIO           MODE: declarations took 0 ms 
83771      INFO  Test worker     d.u.i.k.n.KeyIO           Parsing took 0 ms 
83773      INFO  Test worker     d.u.i.k.n.KeyIO           MODE: declarations took 0 ms 
84700      INFO  Test worker     d.u.i.k.n.KeyIO           Parsing took 0 ms 
84701      INFO  Test worker     d.u.i.k.n.KeyIO           MODE: declarations took 0 ms 
]]></system-out>
  <system-err><![CDATA[]]></system-err>
</testsuite>
