<?xml version="1.0" encoding="UTF-8"?>
<testsuite name="de.uka.ilkd.key.parser.TestTacletParser" tests="20" skipped="0" failures="0" errors="0" timestamp="2023-03-24T14:23:21" hostname="fv-az575-239" time="0.107">
  <properties/>
  <testcase name="testAllRight()" classname="de.uka.ilkd.key.parser.TestTacletParser" time="0.002"/>
  <testcase name="testSchemaJava0()" classname="de.uka.ilkd.key.parser.TestTacletParser" time="0.002"/>
  <testcase name="testSchemaJava1()" classname="de.uka.ilkd.key.parser.TestTacletParser" time="0.013"/>
  <testcase name="testSchemaJava2()" classname="de.uka.ilkd.key.parser.TestTacletParser" time="0.01"/>
  <testcase name="testSchemaJava4()" classname="de.uka.ilkd.key.parser.TestTacletParser" time="0.01"/>
  <testcase name="testSchemaJava6()" classname="de.uka.ilkd.key.parser.TestTacletParser" time="0.003"/>
  <testcase name="testSchemaJava8()" classname="de.uka.ilkd.key.parser.TestTacletParser" time="0.005"/>
  <testcase name="testCut()" classname="de.uka.ilkd.key.parser.TestTacletParser" time="0.003"/>
  <testcase name="testMakeInsertEq()" classname="de.uka.ilkd.key.parser.TestTacletParser" time="0.001"/>
  <testcase name="testAllLeft()" classname="de.uka.ilkd.key.parser.TestTacletParser" time="0.003"/>
  <testcase name="testClose()" classname="de.uka.ilkd.key.parser.TestTacletParser" time="0.001"/>
  <testcase name="testSchemaJava10()" classname="de.uka.ilkd.key.parser.TestTacletParser" time="0.004"/>
  <testcase name="testSchemaJava11()" classname="de.uka.ilkd.key.parser.TestTacletParser" time="0.009"/>
  <testcase name="testFIdempotent()" classname="de.uka.ilkd.key.parser.TestTacletParser" time="0.005"/>
  <testcase name="testImpRight()" classname="de.uka.ilkd.key.parser.TestTacletParser" time="0.01"/>
  <testcase name="testVarcondNew()" classname="de.uka.ilkd.key.parser.TestTacletParser" time="0.004"/>
  <testcase name="testFreeReplacewithVariables()" classname="de.uka.ilkd.key.parser.TestTacletParser" time="0.013"/>
  <testcase name="testImpLeft()" classname="de.uka.ilkd.key.parser.TestTacletParser" time="0.001"/>
  <testcase name="testContraposition()" classname="de.uka.ilkd.key.parser.TestTacletParser" time="0.001"/>
  <testcase name="testExConjSplit()" classname="de.uka.ilkd.key.parser.TestTacletParser" time="0.003"/>
  <system-out><![CDATA[306781     INFO  Test worker     d.u.i.k.n.KeyIO           Parsing took 0 ms 
306782     INFO  Test worker     d.u.i.k.n.KeyIO           MODE: declarations took 0 ms 
306783     INFO  Test worker     d.u.i.k.n.KeyIO           Parsing took 0 ms 
306783     INFO  Test worker     d.u.i.k.n.KeyIO           MODE: declarations took 0 ms 
306784     INFO  Test worker     d.u.i.k.n.KeyIO           Parsing took 0 ms 
306784     INFO  Test worker     d.u.i.k.n.KeyIO           MODE: declarations took 0 ms 
306785     INFO  Test worker     d.u.i.k.n.KeyIO           Parsing took 0 ms 
306785     INFO  Test worker     d.u.i.k.n.KeyIO           MODE: declarations took 0 ms 
306786     INFO  Test worker     d.u.i.k.n.KeyIO           Parsing took 0 ms 
306786     INFO  Test worker     d.u.i.k.n.KeyIO           MODE: declarations took 0 ms 
306787     WARN  Test worker     d.u.i.k.n.KeYParser       [syntax-error] <unknown>:2:21: extraneous input '<' expecting {MODALITY, FORALL, EXISTS, '\if', '\ifEx', 'true', 'false', '(', ')', '{', '@', NOT, '-', STRING_LITERAL, CHAR_LITERAL, BIN_LITERAL, HEX_LITERAL, IDENT, INT_LITERAL, FLOAT_LITERAL, DOUBLE_LITERAL, REAL_LITERAL} [@12,22:22='<',<173>,2:21] (argument_list, call, accessterm, primitive_term, primitive_labeled_term, bracket_term, atom_prefix, strong_arith_term_2, strong_arith_term_1, weak_arith_term, comparison_term, equality_term, term60, conjunction_term, disjunction_term, implication_term, equivalence_term, elementary_update_term, parallel_term, term, taclet, rulesOrAxioms, decls, file) 
306791     WARN  Test worker     d.u.i.k.n.KeYParser       [syntax-error] <unknown>:2:23: no viable alternative at input '{..' [@14,24:25='..',<144>,2:23] (atom_prefix, strong_arith_term_2, strong_arith_term_1, weak_arith_term, comparison_term, equality_term, term60, conjunction_term, disjunction_term, implication_term, equivalence_term, elementary_update_term, parallel_term, term, argument_list, call, accessterm, primitive_term, primitive_labeled_term, bracket_term, atom_prefix, strong_arith_term_2, strong_arith_term_1, weak_arith_term, comparison_term, equality_term, term60, conjunction_term, disjunction_term, implication_term, equivalence_term, elementary_update_term, parallel_term, term, taclet, rulesOrAxioms, decls, file) 
306792     WARN  Test worker     d.u.i.k.n.KeYParser       [syntax-error] <unknown>:2:33: mismatched input ';' expecting {',', ')'} [@21,34:34=';',<138>,2:33] (argument_list, call, accessterm, primitive_term, primitive_labeled_term, bracket_term, atom_prefix, strong_arith_term_2, strong_arith_term_1, weak_arith_term, comparison_term, equality_term, term60, conjunction_term, disjunction_term, implication_term, equivalence_term, elementary_update_term, parallel_term, term, taclet, rulesOrAxioms, decls, file) 
306793     WARN  Test worker     d.u.i.k.n.KeYParser       [syntax-error] <unknown>:2:41: no viable alternative at input '#i;' [@26,42:42=';',<138>,2:41] (option_list, taclet, rulesOrAxioms, decls, file) 
306797     WARN  Test worker     d.u.i.k.n.KeYParser       [syntax-error] <unknown>:2:43: mismatched input '<' expecting {'(', '{'} [@28,44:44='<',<173>,2:43] (taclet, rulesOrAxioms, decls, file) 
306798     WARN  Test worker     d.u.i.k.n.KeYParser       [syntax-error] <unknown>:2:47: mismatched input '+' expecting {'(', '{'} [@32,48:48='+',<167>,2:47] (taclet, rulesOrAxioms, decls, file) 
306798     WARN  Test worker     d.u.i.k.n.KeYParser       [syntax-error] <unknown>:2:52: extraneous input '..' expecting {'\lemma', '}', IDENT, '/*!'} [@37,53:54='..',<144>,2:52] (rulesOrAxioms, decls, file) 
306798     WARN  Test worker     d.u.i.k.n.KeYParser       [syntax-error] <unknown>:2:56: mismatched input '>' expecting {<EOF>, '\problem', '\chooseContract', '\proofObligation', '\proof'} [@40,57:57='>',<168>,2:56] (file) 
306799     INFO  Test worker     d.u.i.k.n.KeyIO           Parsing took 0 ms 
306799     INFO  Test worker     d.u.i.k.n.KeyIO           MODE: declarations took 0 ms 
306800     WARN  Test worker     d.u.i.k.n.KeYParser       [syntax-error] <unknown>:2:21: extraneous input '<' expecting {MODALITY, FORALL, EXISTS, '\if', '\ifEx', 'true', 'false', '(', ')', '{', '@', NOT, '-', STRING_LITERAL, CHAR_LITERAL, BIN_LITERAL, HEX_LITERAL, IDENT, INT_LITERAL, FLOAT_LITERAL, DOUBLE_LITERAL, REAL_LITERAL} [@12,22:22='<',<173>,2:21] (argument_list, call, accessterm, primitive_term, primitive_labeled_term, bracket_term, atom_prefix, strong_arith_term_2, strong_arith_term_1, weak_arith_term, comparison_term, equality_term, term60, conjunction_term, disjunction_term, implication_term, equivalence_term, elementary_update_term, parallel_term, term, taclet, rulesOrAxioms, decls, file) 
306800     WARN  Test worker     d.u.i.k.n.KeYParser       [syntax-error] <unknown>:2:23: no viable alternative at input '{..' [@14,24:25='..',<144>,2:23] (atom_prefix, strong_arith_term_2, strong_arith_term_1, weak_arith_term, comparison_term, equality_term, term60, conjunction_term, disjunction_term, implication_term, equivalence_term, elementary_update_term, parallel_term, term, argument_list, call, accessterm, primitive_term, primitive_labeled_term, bracket_term, atom_prefix, strong_arith_term_2, strong_arith_term_1, weak_arith_term, comparison_term, equality_term, term60, conjunction_term, disjunction_term, implication_term, equivalence_term, elementary_update_term, parallel_term, term, taclet, rulesOrAxioms, decls, file) 
306801     WARN  Test worker     d.u.i.k.n.KeYParser       [syntax-error] <unknown>:2:33: mismatched input ';' expecting {',', ')'} [@21,34:34=';',<138>,2:33] (argument_list, call, accessterm, primitive_term, primitive_labeled_term, bracket_term, atom_prefix, strong_arith_term_2, strong_arith_term_1, weak_arith_term, comparison_term, equality_term, term60, conjunction_term, disjunction_term, implication_term, equivalence_term, elementary_update_term, parallel_term, term, taclet, rulesOrAxioms, decls, file) 
306801     WARN  Test worker     d.u.i.k.n.KeYParser       [syntax-error] <unknown>:2:43: no viable alternative at input '#lab;' [@26,44:44=';',<138>,2:43] (option_list, taclet, rulesOrAxioms, decls, file) 
306801     WARN  Test worker     d.u.i.k.n.KeYParser       [syntax-error] <unknown>:2:45: mismatched input '<' expecting {'(', '{'} [@28,46:46='<',<173>,2:45] (taclet, rulesOrAxioms, decls, file) 
306801     WARN  Test worker     d.u.i.k.n.KeYParser       [syntax-error] <unknown>:2:50: mismatched input '+' expecting {'(', '{'} [@32,51:51='+',<167>,2:50] (taclet, rulesOrAxioms, decls, file) 
306801     WARN  Test worker     d.u.i.k.n.KeYParser       [syntax-error] <unknown>:2:56: extraneous input '..' expecting {'\lemma', '}', IDENT, '/*!'} [@38,57:58='..',<144>,2:56] (rulesOrAxioms, decls, file) 
306808     WARN  Test worker     d.u.i.k.n.KeYParser       [syntax-error] <unknown>:2:60: mismatched input '>' expecting {<EOF>, '\problem', '\chooseContract', '\proofObligation', '\proof'} [@41,61:61='>',<168>,2:60] (file) 
306810     INFO  Test worker     d.u.i.k.n.KeyIO           Parsing took 1 ms 
306810     INFO  Test worker     d.u.i.k.n.KeyIO           MODE: declarations took 0 ms 
306818     INFO  Test worker     d.u.i.k.n.KeyIO           Parsing took 8 ms 
306818     INFO  Test worker     d.u.i.k.n.KeyIO           MODE: declarations took 0 ms 
306821     INFO  Test worker     d.u.i.k.n.KeyIO           Parsing took 1 ms 
306821     INFO  Test worker     d.u.i.k.n.KeyIO           MODE: declarations took 0 ms 
306822     INFO  Test worker     d.u.i.k.n.KeyIO           Parsing took 1 ms 
306822     INFO  Test worker     d.u.i.k.n.KeyIO           MODE: declarations took 0 ms 
306823     INFO  Test worker     d.u.i.k.n.KeyIO           Parsing took 0 ms 
306824     INFO  Test worker     d.u.i.k.n.KeyIO           MODE: declarations took 1 ms 
306824     INFO  Test worker     d.u.i.k.n.KeyIO           Parsing took 0 ms 
306824     INFO  Test worker     d.u.i.k.n.KeyIO           MODE: declarations took 0 ms 
306830     INFO  Test worker     d.u.i.k.n.KeyIO           Parsing took 1 ms 
306830     INFO  Test worker     d.u.i.k.n.KeyIO           MODE: declarations took 0 ms 
306831     INFO  Test worker     d.u.i.k.n.KeyIO           Parsing took 1 ms 
306831     INFO  Test worker     d.u.i.k.n.KeyIO           MODE: declarations took 0 ms 
306832     INFO  Test worker     d.u.i.k.n.KeyIO           Parsing took 0 ms 
306832     INFO  Test worker     d.u.i.k.n.KeyIO           MODE: declarations took 0 ms 
306833     INFO  Test worker     d.u.i.k.n.KeyIO           Parsing took 0 ms 
306833     INFO  Test worker     d.u.i.k.n.KeyIO           MODE: declarations took 0 ms 
306834     INFO  Test worker     d.u.i.k.n.KeyIO           Parsing took 0 ms 
306834     INFO  Test worker     d.u.i.k.n.KeyIO           MODE: declarations took 0 ms 
306836     INFO  Test worker     d.u.i.k.n.KeyIO           Parsing took 0 ms 
306836     INFO  Test worker     d.u.i.k.n.KeyIO           MODE: declarations took 0 ms 
306837     INFO  Test worker     d.u.i.k.n.KeyIO           Parsing took 0 ms 
306837     INFO  Test worker     d.u.i.k.n.KeyIO           MODE: declarations took 0 ms 
306837     INFO  Test worker     d.u.i.k.n.KeyIO           Parsing took 0 ms 
306837     INFO  Test worker     d.u.i.k.n.KeyIO           MODE: declarations took 0 ms 
306838     INFO  Test worker     d.u.i.k.n.KeyIO           Parsing took 0 ms 
306838     INFO  Test worker     d.u.i.k.n.KeyIO           MODE: declarations took 0 ms 
306839     INFO  Test worker     d.u.i.k.n.KeyIO           Parsing took 0 ms 
306840     INFO  Test worker     d.u.i.k.n.KeyIO           MODE: declarations took 0 ms 
306841     INFO  Test worker     d.u.i.k.n.KeyIO           Parsing took 0 ms 
306842     INFO  Test worker     d.u.i.k.n.KeyIO           MODE: declarations took 0 ms 
306846     INFO  Test worker     d.u.i.k.n.KeyIO           Parsing took 4 ms 
306846     INFO  Test worker     d.u.i.k.n.KeyIO           MODE: declarations took 0 ms 
306851     INFO  Test worker     d.u.i.k.n.KeyIO           Parsing took 0 ms 
306851     INFO  Test worker     d.u.i.k.n.KeyIO           MODE: declarations took 0 ms 
306855     INFO  Test worker     d.u.i.k.n.KeyIO           Parsing took 0 ms 
306855     INFO  Test worker     d.u.i.k.n.KeyIO           MODE: declarations took 0 ms 
306856     INFO  Test worker     d.u.i.k.n.KeyIO           Parsing took 0 ms 
306856     INFO  Test worker     d.u.i.k.n.KeyIO           MODE: declarations took 0 ms 
306864     INFO  Test worker     d.u.i.k.n.KeyIO           Parsing took 0 ms 
306864     INFO  Test worker     d.u.i.k.n.KeyIO           MODE: declarations took 0 ms 
306867     INFO  Test worker     d.u.i.k.n.KeyIO           Parsing took 1 ms 
306867     INFO  Test worker     d.u.i.k.n.KeyIO           MODE: declarations took 0 ms 
306868     INFO  Test worker     d.u.i.k.n.KeyIO           Parsing took 0 ms 
306868     INFO  Test worker     d.u.i.k.n.KeyIO           MODE: declarations took 0 ms 
306869     INFO  Test worker     d.u.i.k.n.KeyIO           Parsing took 0 ms 
306869     INFO  Test worker     d.u.i.k.n.KeyIO           MODE: declarations took 0 ms 
306870     INFO  Test worker     d.u.i.k.n.KeyIO           Parsing took 0 ms 
306870     INFO  Test worker     d.u.i.k.n.KeyIO           MODE: declarations took 0 ms 
306870     INFO  Test worker     d.u.i.k.n.KeyIO           Parsing took 0 ms 
306880     INFO  Test worker     d.u.i.k.n.KeyIO           MODE: declarations took 0 ms 
306883     INFO  Test worker     d.u.i.k.n.KeyIO           Parsing took 0 ms 
306883     INFO  Test worker     d.u.i.k.n.KeyIO           MODE: declarations took 0 ms 
306884     INFO  Test worker     d.u.i.k.n.KeyIO           Parsing took 1 ms 
306884     INFO  Test worker     d.u.i.k.n.KeyIO           MODE: declarations took 0 ms 
306884     INFO  Test worker     d.u.i.k.n.KeyIO           Parsing took 0 ms 
306885     INFO  Test worker     d.u.i.k.n.KeyIO           MODE: declarations took 1 ms 
306885     INFO  Test worker     d.u.i.k.n.KeyIO           Parsing took 0 ms 
306885     INFO  Test worker     d.u.i.k.n.KeyIO           MODE: declarations took 0 ms 
306886     INFO  Test worker     d.u.i.k.n.KeyIO           Parsing took 0 ms 
306886     INFO  Test worker     d.u.i.k.n.KeyIO           MODE: declarations took 0 ms 
306888     INFO  Test worker     d.u.i.k.n.KeyIO           Parsing took 1 ms 
306888     INFO  Test worker     d.u.i.k.n.KeyIO           MODE: declarations took 0 ms 
]]></system-out>
  <system-err><![CDATA[]]></system-err>
</testsuite>
