<?xml version="1.0" encoding="UTF-8"?>
<testsuite name="de.uka.ilkd.key.speclang.jml.TestJMLPreTranslator" tests="20" skipped="2" failures="0" errors="0" timestamp="2023-03-24T14:31:11" hostname="fv-az575-239" time="0.038">
  <properties/>
  <testcase name="testSimpleSpec()" classname="de.uka.ilkd.key.speclang.jml.TestJMLPreTranslator" time="0.001"/>
  <testcase name="testFailure()" classname="de.uka.ilkd.key.speclang.jml.TestJMLPreTranslator" time="0.001"/>
  <testcase name="testEnabledKeysLexer()" classname="de.uka.ilkd.key.speclang.jml.TestJMLPreTranslator" time="0.001"/>
  <testcase name="testLexer10()" classname="de.uka.ilkd.key.speclang.jml.TestJMLPreTranslator" time="0.0"/>
  <testcase name="testComplexSpec()" classname="de.uka.ilkd.key.speclang.jml.TestJMLPreTranslator" time="0.007"/>
  <testcase name="testMultipleSpecs()" classname="de.uka.ilkd.key.speclang.jml.TestJMLPreTranslator" time="0.011"/>
  <testcase name="testFailure2()" classname="de.uka.ilkd.key.speclang.jml.TestJMLPreTranslator" time="0.003"/>
  <testcase name="testAtInModelmethod()" classname="de.uka.ilkd.key.speclang.jml.TestJMLPreTranslator" time="0.001"/>
  <testcase name="testLexer1()" classname="de.uka.ilkd.key.speclang.jml.TestJMLPreTranslator" time="0.0"/>
  <testcase name="testLexer2()" classname="de.uka.ilkd.key.speclang.jml.TestJMLPreTranslator" time="0.001"/>
  <testcase name="testLexer3()" classname="de.uka.ilkd.key.speclang.jml.TestJMLPreTranslator" time="0.001"/>
  <testcase name="testLexer4()" classname="de.uka.ilkd.key.speclang.jml.TestJMLPreTranslator" time="0.001"/>
  <testcase name="testLexer5()" classname="de.uka.ilkd.key.speclang.jml.TestJMLPreTranslator" time="0.001"/>
  <testcase name="testLexer6()" classname="de.uka.ilkd.key.speclang.jml.TestJMLPreTranslator" time="0.004"/>
  <testcase name="testLexer7()" classname="de.uka.ilkd.key.speclang.jml.TestJMLPreTranslator" time="0.0"/>
  <testcase name="testLexer8()" classname="de.uka.ilkd.key.speclang.jml.TestJMLPreTranslator" time="0.001"/>
  <testcase name="testLexer9()" classname="de.uka.ilkd.key.speclang.jml.TestJMLPreTranslator" time="0.0"/>
  <testcase name="testMarkerDecision()" classname="de.uka.ilkd.key.speclang.jml.TestJMLPreTranslator" time="0.0"/>
  <testcase name="disabled_testMLCommentEndInSLComment1()" classname="de.uka.ilkd.key.speclang.jml.TestJMLPreTranslator" time="0.0">
    <skipped/>
  </testcase>
  <testcase name="disabled_testMLCommentEndInSLComment2()" classname="de.uka.ilkd.key.speclang.jml.TestJMLPreTranslator" time="0.0">
    <skipped/>
  </testcase>
  <system-out><![CDATA[777203     WARN  Test worker     d.u.i.k.s.n.JmlParser     [syntax-error] <unknown>:2:11: missing LPAREN at 'ohoh' [@6,33:36='ohoh',<267>,2:11] (signals_clause, clause, spec_body, spec_case, method_specification, classlevel_element, classlevel_comment, classlevel_comments) 
777203     WARN  Test worker     d.u.i.k.s.n.JmlParser     [syntax-error] <unknown>:2:15: mismatched input ';' expecting {RPAREN, IDENT} [@7,37:37=';',<258>,2:15] (signals_clause, clause, spec_body, spec_case, method_specification, classlevel_element, classlevel_comment, classlevel_comments) 
[@-1,0:28='/*-key@ invariant x == 54; */',<2>,channel=1,1:0]
[@-1,29:28='<EOF>',<-1>,1:29]
[@-1,0:13='//-@ behaviour',<98>,channel=1,1:0]
[@-1,14:13='<EOF>',<-1>,1:14]
[@-1,0:17='//+key+@ behaviour',<98>,channel=1,1:0]
[@-1,18:17='<EOF>',<-1>,1:18]
TextualJMLSpecCase{behavior=behavior , clauses=[de.uka.ilkd.key.speclang.jml.pretranslation.TextualJMLSpecCase$Entry@461e7302, de.uka.ilkd.key.speclang.jml.pretranslation.TextualJMLSpecCase$Entry@57aa901d, de.uka.ilkd.key.speclang.jml.pretranslation.TextualJMLSpecCase$Entry@6fca4d05, de.uka.ilkd.key.speclang.jml.pretranslation.TextualJMLSpecCase$Entry@4faf5a4, de.uka.ilkd.key.speclang.jml.pretranslation.TextualJMLSpecCase$Entry@3149005a, de.uka.ilkd.key.speclang.jml.pretranslation.TextualJMLSpecCase$Entry@32e04416], mods=[], name='null'}
777224     WARN  Test worker     d.u.i.k.s.n.JmlParser     [syntax-error] <unknown>:2:15: no viable alternative at input '(;' [@7,29:29=';',<259>,2:15] (relationalexpr, equalityexpr, andexpr, exclusiveorexpr, inclusiveorexpr, logicalandexpr, logicalorexpr, impliesexpr, equivalenceexpr, conditionalexpr, expression, predicate, predornot, requires_clause, clause, spec_body, spec_case, method_specification, classlevel_element, classlevel_comment, classlevel_comments) 
[@-1,0:2='/*@',<100>,channel=1,1:0]
[@-1,3:3=' ',<95>,channel=1,1:3]
[@-1,4:18='normal_behavior',<17>,1:4]
[@-1,19:24='\n     ',<95>,channel=1,1:19]
[@-1,25:32='requires',<83>,2:5]
[@-1,33:33=' ',<95>,channel=1,2:13]
[@-1,34:37='true',<113>,2:14]
[@-1,38:38=';',<258>,2:18]
[@-1,39:41='\n  ',<95>,channel=1,2:19]
[@-1,42:43='*/',<94>,channel=1,3:2]
[@-1,44:43='<EOF>',<-1>,3:4]
[@-1,0:6='ensures',<60>,1:0]
[@-1,7:7=' ',<95>,channel=1,1:7]
[@-1,8:37='//-key@ this should be ignored',<2>,channel=1,1:8]
[@-1,38:38='\n',<95>,channel=1,1:38]
[@-1,39:42='true',<113>,2:0]
[@-1,43:43=';',<258>,2:4]
[@-1,44:43='<EOF>',<-1>,2:5]
[@-1,0:6='ensures',<60>,1:0]
[@-1,7:12='      ',<95>,channel=1,1:7]
[@-1,13:45='/*-key@ this should be ignored */',<2>,channel=1,1:13]
[@-1,46:46=' ',<95>,channel=1,1:46]
[@-1,47:50='true',<113>,1:47]
[@-1,51:51=';',<258>,1:51]
[@-1,52:51='<EOF>',<-1>,1:52]
[@-1,0:10='/*-openjml@',<100>,channel=1,1:0]
[@-1,11:11=' ',<95>,channel=1,1:11]
[@-1,12:18='ensures',<60>,1:12]
[@-1,19:19=' ',<95>,channel=1,1:19]
[@-1,20:23='true',<113>,1:20]
[@-1,24:24=';',<258>,1:24]
[@-1,25:25=' ',<95>,channel=1,1:25]
[@-1,26:27='*/',<94>,channel=1,1:26]
[@-1,28:27='<EOF>',<-1>,1:28]
[@-1,0:2='/*@',<100>,channel=1,1:0]
[@-1,3:3=' ',<95>,channel=1,1:3]
[@-1,4:7='pure',<41>,1:4]
[@-1,8:8=' ',<95>,channel=1,1:8]
[@-1,9:10='*/',<94>,channel=1,1:9]
[@-1,11:11=' ',<95>,channel=1,1:11]
[@-1,12:14='/*@',<100>,channel=1,1:12]
[@-1,15:15=' ',<95>,channel=1,1:15]
[@-1,16:22='ensures',<60>,1:16]
[@-1,23:23=' ',<95>,channel=1,1:23]
[@-1,24:27='true',<113>,1:24]
[@-1,28:28=';',<258>,1:28]
[@-1,29:28='<EOF>',<-1>,1:29]
[@-1,0:2='//@',<99>,channel=1,1:0]
[@-1,3:3=' ',<95>,channel=1,1:3]
[@-1,4:19='normal_behaviour',<17>,1:4]
[@-1,20:20='\n',<95>,channel=1,1:20]
[@-1,21:23='//@',<99>,channel=1,2:0]
[@-1,24:25='  ',<95>,channel=1,2:3]
[@-1,26:32='ensures',<60>,2:5]
[@-1,33:33=' ',<95>,channel=1,2:12]
[@-1,34:38='false',<104>,2:13]
[@-1,39:39='\n',<95>,channel=1,2:18]
[@-1,40:42='//@',<99>,channel=1,3:0]
[@-1,43:52='          ',<95>,channel=1,3:3]
[@-1,53:54='||',<237>,3:13]
[@-1,55:55=' ',<95>,channel=1,3:15]
[@-1,56:59='true',<113>,3:16]
[@-1,60:60=';',<258>,3:20]
[@-1,61:61='\n',<95>,channel=1,3:21]
[@-1,62:64='//@',<99>,channel=1,4:0]
[@-1,65:66='  ',<95>,channel=1,4:3]
[@-1,67:76='assignable',<48>,4:5]
[@-1,77:77=' ',<95>,channel=1,4:15]
[@-1,78:85='\nothing',<173>,4:16]
[@-1,86:86=';',<258>,4:24]
[@-1,87:87='\n',<95>,channel=1,4:25]
[@-1,88:90='//@',<99>,channel=1,5:0]
[@-1,91:91=' ',<95>,channel=1,5:3]
[@-1,92:95='also',<10>,5:4]
[@-1,96:96=' ',<95>,channel=1,5:8]
[@-1,97:117='exceptional_behaviour',<7>,5:9]
[@-1,118:118='\n',<95>,channel=1,5:30]
[@-1,119:121='//@',<99>,channel=1,6:0]
[@-1,122:123='  ',<95>,channel=1,6:3]
[@-1,124:131='requires',<83>,6:5]
[@-1,132:132=' ',<95>,channel=1,6:13]
[@-1,133:133='o',<267>,6:14]
[@-1,134:134=' ',<95>,channel=1,6:15]
[@-1,135:136='==',<227>,6:16]
[@-1,137:137=' ',<95>,channel=1,6:18]
[@-1,138:141='null',<109>,6:19]
[@-1,142:142=';',<258>,6:23]
[@-1,143:143='\n',<95>,channel=1,6:24]
[@-1,144:146='//@',<99>,channel=1,7:0]
[@-1,147:148='  ',<95>,channel=1,7:3]
[@-1,149:155='signals',<89>,7:5]
[@-1,156:156=' ',<95>,channel=1,7:12]
[@-1,157:165='Exception',<267>,7:13]
[@-1,166:166=';',<258>,7:22]
[@-1,167:167='\n',<95>,channel=1,7:23]
[@-1,168:167='<EOF>',<-1>,8:0]
[@-1,0:30='//+ESC@ special comment for ESC',<98>,channel=1,1:0]
[@-1,31:30='<EOF>',<-1>,1:31]
[@-1,0:10='//+ESC+key@',<99>,channel=1,1:0]
[@-1,11:11=' ',<95>,channel=1,1:11]
[@-1,12:20='behaviour',<6>,1:12]
[@-1,21:20='<EOF>',<-1>,1:21]
[@-1,0:24='//+ESC+key-key@ behaviour',<98>,channel=1,1:0]
[@-1,25:24='<EOF>',<-1>,1:25]
]]></system-out>
  <system-err><![CDATA[line 2:11 missing LPAREN at 'ohoh'
line 2:15 mismatched input ';' expecting {RPAREN, IDENT}
line 2:15 no viable alternative at input '(;'
]]></system-err>
</testsuite>
