<?xml version="1.0" encoding="UTF-8"?>
<testsuite name="de.uka.ilkd.key.parser.TestTermParser" tests="47" skipped="4" failures="0" errors="0" timestamp="2023-03-24T14:23:21" hostname="fv-az575-239" time="3.962">
  <properties/>
  <testcase name="testNotEqual()" classname="de.uka.ilkd.key.parser.TestTermParser" time="0.001"/>
  <testcase name="testProgramVariables()" classname="de.uka.ilkd.key.parser.TestTermParser" time="0.064"/>
  <testcase name="testAttributeWithSpecifiedSortOnObject()" classname="de.uka.ilkd.key.parser.TestTermParser" time="0.007"/>
  <testcase name="testCast()" classname="de.uka.ilkd.key.parser.TestTermParser" time="0.001"/>
  <testcase name="testJavaQueryAndAttribute_all()" classname="de.uka.ilkd.key.parser.TestTermParser" time="0.0">
    <skipped/>
  </testcase>
  <testcase name="test10()" classname="de.uka.ilkd.key.parser.TestTermParser" time="0.003"/>
  <testcase name="test11()" classname="de.uka.ilkd.key.parser.TestTermParser" time="0.002"/>
  <testcase name="test12()" classname="de.uka.ilkd.key.parser.TestTermParser" time="0.0">
    <skipped/>
  </testcase>
  <testcase name="test13()" classname="de.uka.ilkd.key.parser.TestTermParser" time="0.005"/>
  <testcase name="test14()" classname="de.uka.ilkd.key.parser.TestTermParser" time="0.003"/>
  <testcase name="test1a()" classname="de.uka.ilkd.key.parser.TestTermParser" time="0.004"/>
  <testcase name="testJavaAttributeAccess_4()" classname="de.uka.ilkd.key.parser.TestTermParser" time="0.004"/>
  <testcase name="testAttributeOnObject()" classname="de.uka.ilkd.key.parser.TestTermParser" time="0.003"/>
  <testcase name="testNegativeLiteralParsing1()" classname="de.uka.ilkd.key.parser.TestTermParser" time="0.001"/>
  <testcase name="testNegativeLiteralParsing2()" classname="de.uka.ilkd.key.parser.TestTermParser" time="0.001"/>
  <testcase name="testNegativeLiteralParsing3()" classname="de.uka.ilkd.key.parser.TestTermParser" time="0.002"/>
  <testcase name="xtestParsingArrayWithSpaces()" classname="de.uka.ilkd.key.parser.TestTermParser" time="0.0">
    <skipped/>
  </testcase>
  <testcase name="testAmbigiousFuncVarPred()" classname="de.uka.ilkd.key.parser.TestTermParser" time="0.001"/>
  <testcase name="test1()" classname="de.uka.ilkd.key.parser.TestTermParser" time="0.001"/>
  <testcase name="test2()" classname="de.uka.ilkd.key.parser.TestTermParser" time="0.001"/>
  <testcase name="test3()" classname="de.uka.ilkd.key.parser.TestTermParser" time="0.001"/>
  <testcase name="test5()" classname="de.uka.ilkd.key.parser.TestTermParser" time="0.002"/>
  <testcase name="test6()" classname="de.uka.ilkd.key.parser.TestTermParser" time="0.003"/>
  <testcase name="test7()" classname="de.uka.ilkd.key.parser.TestTermParser" time="0.002"/>
  <testcase name="test8()" classname="de.uka.ilkd.key.parser.TestTermParser" time="0.003"/>
  <testcase name="test9()" classname="de.uka.ilkd.key.parser.TestTermParser" time="0.002"/>
  <testcase name="testBindingUpdateTerm()" classname="de.uka.ilkd.key.parser.TestTermParser" time="0.002"/>
  <testcase name="testJavaStaticQuery()" classname="de.uka.ilkd.key.parser.TestTermParser" time="0.003"/>
  <testcase name="testInfix1()" classname="de.uka.ilkd.key.parser.TestTermParser" time="0.004"/>
  <testcase name="testInfix2()" classname="de.uka.ilkd.key.parser.TestTermParser" time="0.003"/>
  <testcase name="testInfix3()" classname="de.uka.ilkd.key.parser.TestTermParser" time="0.002"/>
  <testcase name="testInfix4()" classname="de.uka.ilkd.key.parser.TestTermParser" time="0.003"/>
  <testcase name="testIfThenElse()" classname="de.uka.ilkd.key.parser.TestTermParser" time="0.002"/>
  <testcase name="testJavaAttributeAccessBoth_1()" classname="de.uka.ilkd.key.parser.TestTermParser" time="0.004"/>
  <testcase name="testJavaAttributeAccessBoth_2()" classname="de.uka.ilkd.key.parser.TestTermParser" time="0.002"/>
  <testcase name="testJavaAttributeAccessBoth_3()" classname="de.uka.ilkd.key.parser.TestTermParser" time="0.003"/>
  <testcase name="testBindingUpdateTerm_1()" classname="de.uka.ilkd.key.parser.TestTermParser" time="0.004"/>
  <testcase name="testBindingUpdateTerm_3()" classname="de.uka.ilkd.key.parser.TestTermParser" time="0.003"/>
  <testcase name="testBindingUpdateTerm_4()" classname="de.uka.ilkd.key.parser.TestTermParser" time="0.001"/>
  <testcase name="testBindingUpdateTerm_5()" classname="de.uka.ilkd.key.parser.TestTermParser" time="0.002"/>
  <testcase name="testBindingUpdateTerm_6()" classname="de.uka.ilkd.key.parser.TestTermParser" time="0.003"/>
  <testcase name="testBindingUpdateTerm_7()" classname="de.uka.ilkd.key.parser.TestTermParser" time="0.002"/>
  <testcase name="testBindingUpdateTerm_8()" classname="de.uka.ilkd.key.parser.TestTermParser" time="0.002"/>
  <testcase name="testParsingArray()" classname="de.uka.ilkd.key.parser.TestTermParser" time="0.005"/>
  <testcase name="xtestBindingUpdateTermOldBindingAlternative()" classname="de.uka.ilkd.key.parser.TestTermParser" time="0.001">
    <skipped/>
  </testcase>
  <testcase name="testJavaStaticQueryWithParameter()" classname="de.uka.ilkd.key.parser.TestTermParser" time="0.004"/>
  <testcase name="testParsingArrayCombination()" classname="de.uka.ilkd.key.parser.TestTermParser" time="0.008"/>
  <system-out><![CDATA[306984     INFO  Test worker     d.u.i.k.n.KeyIO           Parsing took 1 ms 
306984     INFO  Test worker     d.u.i.k.n.KeyIO           MODE: declarations took 0 ms 
306985     WARN  Test worker     d.u.i.k.j.r.KeYCrossReferenceNameInfo Datatype T declared twice: Once in UNKNOWN:unknown and once in UNKNOWN:unknown, Keeping one from UNKNOWN:unknown 
307075     INFO  Test worker     d.u.i.k.n.KeyIO           Parsing took 1 ms 
307075     INFO  Test worker     d.u.i.k.n.KeyIO           MODE: declarations took 0 ms 
307140     WARN  Test worker     d.u.i.k.j.r.KeYCrossReferenceNameInfo Datatype T declared twice: Once in UNKNOWN:unknown and once in UNKNOWN:unknown, Keeping one from UNKNOWN:unknown 
307217     INFO  Test worker     d.u.i.k.n.KeyIO           Parsing took 0 ms 
307218     INFO  Test worker     d.u.i.k.n.KeyIO           MODE: declarations took 1 ms 
307223     WARN  Test worker     d.u.i.k.j.r.KeYCrossReferenceNameInfo Datatype T declared twice: Once in UNKNOWN:unknown and once in UNKNOWN:unknown, Keeping one from UNKNOWN:unknown 
307301     INFO  Test worker     d.u.i.k.n.KeyIO           Parsing took 0 ms 
307301     INFO  Test worker     d.u.i.k.n.KeyIO           MODE: declarations took 0 ms 
307302     WARN  Test worker     d.u.i.k.j.r.KeYCrossReferenceNameInfo Datatype T declared twice: Once in UNKNOWN:unknown and once in UNKNOWN:unknown, Keeping one from UNKNOWN:unknown 
307382     WARN  Test worker     d.u.i.k.j.r.KeYCrossReferenceNameInfo Datatype T declared twice: Once in UNKNOWN:unknown and once in UNKNOWN:unknown, Keeping one from UNKNOWN:unknown 
307459     INFO  Test worker     d.u.i.k.n.KeyIO           Parsing took 0 ms 
307460     INFO  Test worker     d.u.i.k.n.KeyIO           MODE: declarations took 1 ms 
307461     INFO  Test worker     d.u.i.k.p.TestTermParser  Out: \<{
  int x = 1;
  {
    int s = 2;
  }
}\> (equals(x,x)) 
307462     WARN  Test worker     d.u.i.k.j.r.KeYCrossReferenceNameInfo Datatype T declared twice: Once in UNKNOWN:unknown and once in UNKNOWN:unknown, Keeping one from UNKNOWN:unknown 
307541     INFO  Test worker     d.u.i.k.n.KeyIO           Parsing took 0 ms 
307541     INFO  Test worker     d.u.i.k.n.KeyIO           MODE: declarations took 0 ms 
307542     INFO  Test worker     d.u.i.k.p.TestTermParser  Out: \[{
  int x = 2;
  {
    String s = ""}";
  }
}\] (true) 
307543     WARN  Test worker     d.u.i.k.j.r.KeYCrossReferenceNameInfo Datatype T declared twice: Once in UNKNOWN:unknown and once in UNKNOWN:unknown, Keeping one from UNKNOWN:unknown 
307621     WARN  Test worker     d.u.i.k.j.r.KeYCrossReferenceNameInfo Datatype T declared twice: Once in UNKNOWN:unknown and once in UNKNOWN:unknown, Keeping one from UNKNOWN:unknown 
307699     INFO  Test worker     d.u.i.k.n.KeyIO           Parsing took 0 ms 
307699     INFO  Test worker     d.u.i.k.n.KeyIO           MODE: declarations took 0 ms 
307704     WARN  Test worker     d.u.i.k.j.r.KeYCrossReferenceNameInfo Datatype T declared twice: Once in UNKNOWN:unknown and once in UNKNOWN:unknown, Keeping one from UNKNOWN:unknown 
307784     INFO  Test worker     d.u.i.k.n.KeyIO           Parsing took 0 ms 
307785     INFO  Test worker     d.u.i.k.n.KeyIO           MODE: declarations took 0 ms 
307786     INFO  Test worker     d.u.i.k.p.TestTermParser  Out: \<{
  int[] i;
}\> (diamond(true)) 
307787     WARN  Test worker     d.u.i.k.j.r.KeYCrossReferenceNameInfo Datatype T declared twice: Once in UNKNOWN:unknown and once in UNKNOWN:unknown, Keeping one from UNKNOWN:unknown 
307869     INFO  Test worker     d.u.i.k.n.KeyIO           Parsing took 0 ms 
307870     INFO  Test worker     d.u.i.k.n.KeyIO           MODE: declarations took 0 ms 
307873     WARN  Test worker     d.u.i.k.j.r.KeYCrossReferenceNameInfo Datatype T declared twice: Once in UNKNOWN:unknown and once in UNKNOWN:unknown, Keeping one from UNKNOWN:unknown 
307953     INFO  Test worker     d.u.i.k.n.KeyIO           Parsing took 0 ms 
307953     INFO  Test worker     d.u.i.k.n.KeyIO           MODE: declarations took 0 ms 
307957     WARN  Test worker     d.u.i.k.j.r.KeYCrossReferenceNameInfo Datatype T declared twice: Once in UNKNOWN:unknown and once in UNKNOWN:unknown, Keeping one from UNKNOWN:unknown 
308038     INFO  Test worker     d.u.i.k.n.KeyIO           Parsing took 0 ms 
308038     INFO  Test worker     d.u.i.k.n.KeyIO           MODE: declarations took 0 ms 
308041     WARN  Test worker     d.u.i.k.j.r.KeYCrossReferenceNameInfo Datatype T declared twice: Once in UNKNOWN:unknown and once in UNKNOWN:unknown, Keeping one from UNKNOWN:unknown 
308121     INFO  Test worker     d.u.i.k.n.KeyIO           Parsing took 0 ms 
308121     INFO  Test worker     d.u.i.k.n.KeyIO           MODE: declarations took 0 ms 
308122     WARN  Test worker     d.u.i.k.j.r.KeYCrossReferenceNameInfo Datatype T declared twice: Once in UNKNOWN:unknown and once in UNKNOWN:unknown, Keeping one from UNKNOWN:unknown 
308203     INFO  Test worker     d.u.i.k.n.KeyIO           Parsing took 0 ms 
308203     INFO  Test worker     d.u.i.k.n.KeyIO           MODE: declarations took 0 ms 
308204     WARN  Test worker     d.u.i.k.j.r.KeYCrossReferenceNameInfo Datatype T declared twice: Once in UNKNOWN:unknown and once in UNKNOWN:unknown, Keeping one from UNKNOWN:unknown 
308284     INFO  Test worker     d.u.i.k.n.KeyIO           Parsing took 0 ms 
308284     INFO  Test worker     d.u.i.k.n.KeyIO           MODE: declarations took 0 ms 
308286     WARN  Test worker     d.u.i.k.j.r.KeYCrossReferenceNameInfo Datatype T declared twice: Once in UNKNOWN:unknown and once in UNKNOWN:unknown, Keeping one from UNKNOWN:unknown 
308378     WARN  Test worker     d.u.i.k.j.r.KeYCrossReferenceNameInfo Datatype T declared twice: Once in UNKNOWN:unknown and once in UNKNOWN:unknown, Keeping one from UNKNOWN:unknown 
308458     INFO  Test worker     d.u.i.k.n.KeyIO           Parsing took 1 ms 
308458     INFO  Test worker     d.u.i.k.n.KeyIO           MODE: declarations took 0 ms 
308459     WARN  Test worker     d.u.i.k.j.r.KeYCrossReferenceNameInfo Datatype T declared twice: Once in UNKNOWN:unknown and once in UNKNOWN:unknown, Keeping one from UNKNOWN:unknown 
308540     INFO  Test worker     d.u.i.k.n.KeyIO           Parsing took 0 ms 
308540     INFO  Test worker     d.u.i.k.n.KeyIO           MODE: declarations took 0 ms 
308542     WARN  Test worker     d.u.i.k.j.r.KeYCrossReferenceNameInfo Datatype T declared twice: Once in UNKNOWN:unknown and once in UNKNOWN:unknown, Keeping one from UNKNOWN:unknown 
308621     INFO  Test worker     d.u.i.k.n.KeyIO           Parsing took 0 ms 
308621     INFO  Test worker     d.u.i.k.n.KeyIO           MODE: declarations took 0 ms 
308622     WARN  Test worker     d.u.i.k.j.r.KeYCrossReferenceNameInfo Datatype T declared twice: Once in UNKNOWN:unknown and once in UNKNOWN:unknown, Keeping one from UNKNOWN:unknown 
308702     INFO  Test worker     d.u.i.k.n.KeyIO           Parsing took 1 ms 
308702     INFO  Test worker     d.u.i.k.n.KeyIO           MODE: declarations took 0 ms 
308703     WARN  Test worker     d.u.i.k.j.r.KeYCrossReferenceNameInfo Datatype T declared twice: Once in UNKNOWN:unknown and once in UNKNOWN:unknown, Keeping one from UNKNOWN:unknown 
308782     INFO  Test worker     d.u.i.k.n.KeyIO           Parsing took 0 ms 
308782     INFO  Test worker     d.u.i.k.n.KeyIO           MODE: declarations took 0 ms 
308784     WARN  Test worker     d.u.i.k.j.r.KeYCrossReferenceNameInfo Datatype T declared twice: Once in UNKNOWN:unknown and once in UNKNOWN:unknown, Keeping one from UNKNOWN:unknown 
308868     INFO  Test worker     d.u.i.k.n.KeyIO           Parsing took 0 ms 
308868     INFO  Test worker     d.u.i.k.n.KeyIO           MODE: declarations took 0 ms 
308872     WARN  Test worker     d.u.i.k.j.r.KeYCrossReferenceNameInfo Datatype T declared twice: Once in UNKNOWN:unknown and once in UNKNOWN:unknown, Keeping one from UNKNOWN:unknown 
308952     INFO  Test worker     d.u.i.k.n.KeyIO           Parsing took 1 ms 
308952     INFO  Test worker     d.u.i.k.n.KeyIO           MODE: declarations took 0 ms 
308953     WARN  Test worker     d.u.i.k.j.r.KeYCrossReferenceNameInfo Datatype T declared twice: Once in UNKNOWN:unknown and once in UNKNOWN:unknown, Keeping one from UNKNOWN:unknown 
309034     INFO  Test worker     d.u.i.k.n.KeyIO           Parsing took 0 ms 
309034     INFO  Test worker     d.u.i.k.n.KeyIO           MODE: declarations took 0 ms 
309037     WARN  Test worker     d.u.i.k.j.r.KeYCrossReferenceNameInfo Datatype T declared twice: Once in UNKNOWN:unknown and once in UNKNOWN:unknown, Keeping one from UNKNOWN:unknown 
309125     INFO  Test worker     d.u.i.k.n.KeyIO           Parsing took 0 ms 
309126     INFO  Test worker     d.u.i.k.n.KeyIO           MODE: declarations took 1 ms 
309127     WARN  Test worker     d.u.i.k.j.r.KeYCrossReferenceNameInfo Datatype T declared twice: Once in UNKNOWN:unknown and once in UNKNOWN:unknown, Keeping one from UNKNOWN:unknown 
309207     INFO  Test worker     d.u.i.k.n.KeyIO           Parsing took 0 ms 
309207     INFO  Test worker     d.u.i.k.n.KeyIO           MODE: declarations took 0 ms 
309209     WARN  Test worker     d.u.i.k.j.r.KeYCrossReferenceNameInfo Datatype T declared twice: Once in UNKNOWN:unknown and once in UNKNOWN:unknown, Keeping one from UNKNOWN:unknown 
309290     INFO  Test worker     d.u.i.k.n.KeyIO           Parsing took 1 ms 
309290     INFO  Test worker     d.u.i.k.n.KeyIO           MODE: declarations took 0 ms 
309293     WARN  Test worker     d.u.i.k.j.r.KeYCrossReferenceNameInfo Datatype T declared twice: Once in UNKNOWN:unknown and once in UNKNOWN:unknown, Keeping one from UNKNOWN:unknown 
309378     INFO  Test worker     d.u.i.k.n.KeyIO           Parsing took 1 ms 
309378     INFO  Test worker     d.u.i.k.n.KeyIO           MODE: declarations took 0 ms 
309382     WARN  Test worker     d.u.i.k.j.r.KeYCrossReferenceNameInfo Datatype T declared twice: Once in UNKNOWN:unknown and once in UNKNOWN:unknown, Keeping one from UNKNOWN:unknown 
309461     INFO  Test worker     d.u.i.k.n.KeyIO           Parsing took 0 ms 
309462     INFO  Test worker     d.u.i.k.n.KeyIO           MODE: declarations took 0 ms 
309464     WARN  Test worker     d.u.i.k.j.r.KeYCrossReferenceNameInfo Datatype T declared twice: Once in UNKNOWN:unknown and once in UNKNOWN:unknown, Keeping one from UNKNOWN:unknown 
309545     INFO  Test worker     d.u.i.k.n.KeyIO           Parsing took 0 ms 
309546     INFO  Test worker     d.u.i.k.n.KeyIO           MODE: declarations took 1 ms 
309548     WARN  Test worker     d.u.i.k.j.r.KeYCrossReferenceNameInfo Datatype T declared twice: Once in UNKNOWN:unknown and once in UNKNOWN:unknown, Keeping one from UNKNOWN:unknown 
309631     INFO  Test worker     d.u.i.k.n.KeyIO           Parsing took 0 ms 
309631     INFO  Test worker     d.u.i.k.n.KeyIO           MODE: declarations took 0 ms 
309634     WARN  Test worker     d.u.i.k.j.r.KeYCrossReferenceNameInfo Datatype T declared twice: Once in UNKNOWN:unknown and once in UNKNOWN:unknown, Keeping one from UNKNOWN:unknown 
309712     INFO  Test worker     d.u.i.k.n.KeyIO           Parsing took 0 ms 
309713     INFO  Test worker     d.u.i.k.n.KeyIO           MODE: declarations took 0 ms 
309715     WARN  Test worker     d.u.i.k.j.r.KeYCrossReferenceNameInfo Datatype T declared twice: Once in UNKNOWN:unknown and once in UNKNOWN:unknown, Keeping one from UNKNOWN:unknown 
309796     INFO  Test worker     d.u.i.k.n.KeyIO           Parsing took 1 ms 
309796     INFO  Test worker     d.u.i.k.n.KeyIO           MODE: declarations took 0 ms 
309799     WARN  Test worker     d.u.i.k.j.r.KeYCrossReferenceNameInfo Datatype T declared twice: Once in UNKNOWN:unknown and once in UNKNOWN:unknown, Keeping one from UNKNOWN:unknown 
309883     INFO  Test worker     d.u.i.k.n.KeyIO           Parsing took 0 ms 
309883     INFO  Test worker     d.u.i.k.n.KeyIO           MODE: declarations took 0 ms 
309886     WARN  Test worker     d.u.i.k.j.r.KeYCrossReferenceNameInfo Datatype T declared twice: Once in UNKNOWN:unknown and once in UNKNOWN:unknown, Keeping one from UNKNOWN:unknown 
309966     INFO  Test worker     d.u.i.k.n.KeyIO           Parsing took 0 ms 
309967     INFO  Test worker     d.u.i.k.n.KeyIO           MODE: declarations took 1 ms 
309969     WARN  Test worker     d.u.i.k.j.r.KeYCrossReferenceNameInfo Datatype T declared twice: Once in UNKNOWN:unknown and once in UNKNOWN:unknown, Keeping one from UNKNOWN:unknown 
310050     INFO  Test worker     d.u.i.k.n.KeyIO           Parsing took 0 ms 
310050     INFO  Test worker     d.u.i.k.n.KeyIO           MODE: declarations took 0 ms 
310055     WARN  Test worker     d.u.i.k.j.r.KeYCrossReferenceNameInfo Datatype T declared twice: Once in UNKNOWN:unknown and once in UNKNOWN:unknown, Keeping one from UNKNOWN:unknown 
310138     INFO  Test worker     d.u.i.k.n.KeyIO           Parsing took 0 ms 
310138     INFO  Test worker     d.u.i.k.n.KeyIO           MODE: declarations took 0 ms 
310142     WARN  Test worker     d.u.i.k.j.r.KeYCrossReferenceNameInfo Datatype T declared twice: Once in UNKNOWN:unknown and once in UNKNOWN:unknown, Keeping one from UNKNOWN:unknown 
310224     INFO  Test worker     d.u.i.k.n.KeyIO           Parsing took 1 ms 
310224     INFO  Test worker     d.u.i.k.n.KeyIO           MODE: declarations took 0 ms 
310225     WARN  Test worker     d.u.i.k.j.r.KeYCrossReferenceNameInfo Datatype T declared twice: Once in UNKNOWN:unknown and once in UNKNOWN:unknown, Keeping one from UNKNOWN:unknown 
310305     INFO  Test worker     d.u.i.k.n.KeyIO           Parsing took 0 ms 
310306     INFO  Test worker     d.u.i.k.n.KeyIO           MODE: declarations took 0 ms 
310307     WARN  Test worker     d.u.i.k.j.r.KeYCrossReferenceNameInfo Datatype T declared twice: Once in UNKNOWN:unknown and once in UNKNOWN:unknown, Keeping one from UNKNOWN:unknown 
310391     INFO  Test worker     d.u.i.k.n.KeyIO           Parsing took 0 ms 
310391     INFO  Test worker     d.u.i.k.n.KeyIO           MODE: declarations took 0 ms 
310394     WARN  Test worker     d.u.i.k.j.r.KeYCrossReferenceNameInfo Datatype T declared twice: Once in UNKNOWN:unknown and once in UNKNOWN:unknown, Keeping one from UNKNOWN:unknown 
310476     INFO  Test worker     d.u.i.k.n.KeyIO           Parsing took 0 ms 
310476     INFO  Test worker     d.u.i.k.n.KeyIO           MODE: declarations took 0 ms 
310479     WARN  Test worker     d.u.i.k.j.r.KeYCrossReferenceNameInfo Datatype T declared twice: Once in UNKNOWN:unknown and once in UNKNOWN:unknown, Keeping one from UNKNOWN:unknown 
310558     INFO  Test worker     d.u.i.k.n.KeyIO           Parsing took 1 ms 
310558     INFO  Test worker     d.u.i.k.n.KeyIO           MODE: declarations took 0 ms 
310561     WARN  Test worker     d.u.i.k.j.r.KeYCrossReferenceNameInfo Datatype T declared twice: Once in UNKNOWN:unknown and once in UNKNOWN:unknown, Keeping one from UNKNOWN:unknown 
310642     INFO  Test worker     d.u.i.k.n.KeyIO           Parsing took 0 ms 
310643     INFO  Test worker     d.u.i.k.n.KeyIO           MODE: declarations took 0 ms 
310648     WARN  Test worker     d.u.i.k.j.r.KeYCrossReferenceNameInfo Datatype T declared twice: Once in UNKNOWN:unknown and once in UNKNOWN:unknown, Keeping one from UNKNOWN:unknown 
310734     WARN  Test worker     d.u.i.k.j.r.KeYCrossReferenceNameInfo Datatype T declared twice: Once in UNKNOWN:unknown and once in UNKNOWN:unknown, Keeping one from UNKNOWN:unknown 
310846     INFO  Test worker     d.u.i.k.n.KeyIO           Parsing took 1 ms 
310846     INFO  Test worker     d.u.i.k.n.KeyIO           MODE: declarations took 0 ms 
310850     WARN  Test worker     d.u.i.k.j.r.KeYCrossReferenceNameInfo Datatype T declared twice: Once in UNKNOWN:unknown and once in UNKNOWN:unknown, Keeping one from UNKNOWN:unknown 
310937     INFO  Test worker     d.u.i.k.n.KeyIO           Parsing took 0 ms 
310938     INFO  Test worker     d.u.i.k.n.KeyIO           MODE: declarations took 0 ms 
]]></system-out>
  <system-err><![CDATA[]]></system-err>
</testsuite>
