<?xml version="1.0" encoding="UTF-8"?>
<testsuite name="de.uka.ilkd.key.parser.TestTermParserHeap" tests="39" skipped="0" failures="0" errors="0" timestamp="2023-03-24T14:23:28" hostname="fv-az575-239" time="113.454">
  <properties/>
  <testcase name="testBracketHeapUpdate()" classname="de.uka.ilkd.key.parser.TestTermParserHeap" time="0.019"/>
  <testcase name="testStore()" classname="de.uka.ilkd.key.parser.TestTermParserHeap" time="0.009"/>
  <testcase name="testUnknownConstant()" classname="de.uka.ilkd.key.parser.TestTermParserHeap" time="0.01"/>
  <testcase name="testAllFieldsSelector()" classname="de.uka.ilkd.key.parser.TestTermParserHeap" time="0.003"/>
  <testcase name="testParsePrettyPrintedSelect()" classname="de.uka.ilkd.key.parser.TestTermParserHeap" time="0.002"/>
  <testcase name="testAccessStaticMembers()" classname="de.uka.ilkd.key.parser.TestTermParserHeap" time="0.003"/>
  <testcase name="testAtOperator_1()" classname="de.uka.ilkd.key.parser.TestTermParserHeap" time="0.001"/>
  <testcase name="testAtOperator_2()" classname="de.uka.ilkd.key.parser.TestTermParserHeap" time="0.001"/>
  <testcase name="testAtOperator_3()" classname="de.uka.ilkd.key.parser.TestTermParserHeap" time="0.002"/>
  <testcase name="testAtOperator_4()" classname="de.uka.ilkd.key.parser.TestTermParserHeap" time="0.004"/>
  <testcase name="testAtOperator_5()" classname="de.uka.ilkd.key.parser.TestTermParserHeap" time="0.001"/>
  <testcase name="testAtOperator_6()" classname="de.uka.ilkd.key.parser.TestTermParserHeap" time="0.001"/>
  <testcase name="testAtOperator_7()" classname="de.uka.ilkd.key.parser.TestTermParserHeap" time="0.003"/>
  <testcase name="testAtOperator_8()" classname="de.uka.ilkd.key.parser.TestTermParserHeap" time="0.004"/>
  <testcase name="testVerifyExceptionIfAtOperatorNotPreceededBySelectTerm()" classname="de.uka.ilkd.key.parser.TestTermParserHeap" time="0.005"/>
  <testcase name="testBugResettingCounter()" classname="de.uka.ilkd.key.parser.TestTermParserHeap" time="0.002"/>
  <testcase name="testLocationSets()" classname="de.uka.ilkd.key.parser.TestTermParserHeap" time="0.014"/>
  <testcase name="testQuantifiedSelect()" classname="de.uka.ilkd.key.parser.TestTermParserHeap" time="0.008"/>
  <testcase name="testGenericObjectProperties()" classname="de.uka.ilkd.key.parser.TestTermParserHeap" time="0.001"/>
  <testcase name="testQueryInheritance_1()" classname="de.uka.ilkd.key.parser.TestTermParserHeap" time="0.002"/>
  <testcase name="testQueryInheritance_2()" classname="de.uka.ilkd.key.parser.TestTermParserHeap" time="0.005"/>
  <testcase name="testQueryInheritance_3()" classname="de.uka.ilkd.key.parser.TestTermParserHeap" time="0.001"/>
  <testcase name="testQueryInheritance_4()" classname="de.uka.ilkd.key.parser.TestTermParserHeap" time="0.001"/>
  <testcase name="testQueryInheritance_5()" classname="de.uka.ilkd.key.parser.TestTermParserHeap" time="0.001"/>
  <testcase name="testQueryInheritance_6()" classname="de.uka.ilkd.key.parser.TestTermParserHeap" time="0.001"/>
  <testcase name="testQueryInheritance_7()" classname="de.uka.ilkd.key.parser.TestTermParserHeap" time="0.001"/>
  <testcase name="testQueryInheritance_8()" classname="de.uka.ilkd.key.parser.TestTermParserHeap" time="0.001"/>
  <testcase name="testQueryInheritance_9()" classname="de.uka.ilkd.key.parser.TestTermParserHeap" time="0.003"/>
  <testcase name="testQueryBasic_10()" classname="de.uka.ilkd.key.parser.TestTermParserHeap" time="0.001"/>
  <testcase name="testQueryBasic_11()" classname="de.uka.ilkd.key.parser.TestTermParserHeap" time="0.002"/>
  <testcase name="testQueryBasic_1()" classname="de.uka.ilkd.key.parser.TestTermParserHeap" time="0.002"/>
  <testcase name="testQueryBasic_2()" classname="de.uka.ilkd.key.parser.TestTermParserHeap" time="0.002"/>
  <testcase name="testQueryBasic_3()" classname="de.uka.ilkd.key.parser.TestTermParserHeap" time="0.001"/>
  <testcase name="testQueryBasic_4()" classname="de.uka.ilkd.key.parser.TestTermParserHeap" time="0.004"/>
  <testcase name="testQueryBasic_5()" classname="de.uka.ilkd.key.parser.TestTermParserHeap" time="0.003"/>
  <testcase name="testQueryBasic_6()" classname="de.uka.ilkd.key.parser.TestTermParserHeap" time="0.001"/>
  <testcase name="testQueryBasic_7()" classname="de.uka.ilkd.key.parser.TestTermParserHeap" time="0.001"/>
  <testcase name="testQueryBasic_8()" classname="de.uka.ilkd.key.parser.TestTermParserHeap" time="0.001"/>
  <testcase name="testQueryBasic_9()" classname="de.uka.ilkd.key.parser.TestTermParserHeap" time="0.001"/>
  <system-out><![CDATA[314166     INFO  Test worker     d.u.i.k.n.KeyIO           Parsing took 0 ms 
314167     INFO  Test worker     d.u.i.k.n.KeyIO           MODE: declarations took 0 ms 
314167     INFO  Test worker     d.u.i.k.n.KeyIO           Parsing took 0 ms 
314168     INFO  Test worker     d.u.i.k.n.KeyIO           MODE: declarations took 0 ms 
314169     INFO  Test worker     d.u.i.k.n.KeyIO           Parsing took 0 ms 
314170     INFO  Test worker     d.u.i.k.n.KeyIO           MODE: declarations took 0 ms 
314171     INFO  Test worker     d.u.i.k.n.KeyIO           Parsing took 0 ms 
314171     INFO  Test worker     d.u.i.k.n.KeyIO           MODE: declarations took 0 ms 
314171     INFO  Test worker     d.u.i.k.n.KeyIO           Parsing took 0 ms 
314171     INFO  Test worker     d.u.i.k.n.KeyIO           MODE: declarations took 0 ms 
317215     INFO  Test worker     d.u.i.k.n.KeyIO           Parsing took 0 ms 
317216     INFO  Test worker     d.u.i.k.n.KeyIO           MODE: declarations took 1 ms 
317216     INFO  Test worker     d.u.i.k.n.KeyIO           Parsing took 0 ms 
317216     INFO  Test worker     d.u.i.k.n.KeyIO           MODE: declarations took 0 ms 
317217     INFO  Test worker     d.u.i.k.n.KeyIO           Parsing took 1 ms 
317217     INFO  Test worker     d.u.i.k.n.KeyIO           MODE: declarations took 0 ms 
317217     INFO  Test worker     d.u.i.k.n.KeyIO           Parsing took 0 ms 
317217     INFO  Test worker     d.u.i.k.n.KeyIO           MODE: declarations took 0 ms 
317217     INFO  Test worker     d.u.i.k.n.KeyIO           Parsing took 0 ms 
317218     INFO  Test worker     d.u.i.k.n.KeyIO           MODE: declarations took 0 ms 
320366     INFO  Test worker     d.u.i.k.n.KeyIO           Parsing took 0 ms 
320367     INFO  Test worker     d.u.i.k.n.KeyIO           MODE: declarations took 0 ms 
320371     INFO  Test worker     d.u.i.k.n.KeyIO           Parsing took 0 ms 
320372     INFO  Test worker     d.u.i.k.n.KeyIO           MODE: declarations took 0 ms 
320372     INFO  Test worker     d.u.i.k.n.KeyIO           Parsing took 0 ms 
320372     INFO  Test worker     d.u.i.k.n.KeyIO           MODE: declarations took 0 ms 
320372     INFO  Test worker     d.u.i.k.n.KeyIO           Parsing took 0 ms 
320373     INFO  Test worker     d.u.i.k.n.KeyIO           MODE: declarations took 0 ms 
320373     INFO  Test worker     d.u.i.k.n.KeyIO           Parsing took 0 ms 
320373     INFO  Test worker     d.u.i.k.n.KeyIO           MODE: declarations took 0 ms 
320374     INFO  Test worker     d.u.i.k.n.KeyIO           Parsing took 1 ms 
320374     INFO  Test worker     d.u.i.k.n.KeyIO           MODE: declarations took 0 ms 
323477     INFO  Test worker     d.u.i.k.n.KeyIO           Parsing took 0 ms 
323477     INFO  Test worker     d.u.i.k.n.KeyIO           MODE: declarations took 0 ms 
323477     INFO  Test worker     d.u.i.k.n.KeyIO           Parsing took 0 ms 
323478     INFO  Test worker     d.u.i.k.n.KeyIO           MODE: declarations took 1 ms 
323478     INFO  Test worker     d.u.i.k.n.KeyIO           Parsing took 0 ms 
323478     INFO  Test worker     d.u.i.k.n.KeyIO           MODE: declarations took 0 ms 
323478     INFO  Test worker     d.u.i.k.n.KeyIO           Parsing took 0 ms 
323478     INFO  Test worker     d.u.i.k.n.KeyIO           MODE: declarations took 0 ms 
323478     INFO  Test worker     d.u.i.k.n.KeyIO           Parsing took 0 ms 
323478     INFO  Test worker     d.u.i.k.n.KeyIO           MODE: declarations took 0 ms 
326536     INFO  Test worker     d.u.i.k.n.KeyIO           Parsing took 0 ms 
326536     INFO  Test worker     d.u.i.k.n.KeyIO           MODE: declarations took 0 ms 
326536     INFO  Test worker     d.u.i.k.n.KeyIO           Parsing took 0 ms 
326536     INFO  Test worker     d.u.i.k.n.KeyIO           MODE: declarations took 0 ms 
326536     INFO  Test worker     d.u.i.k.n.KeyIO           Parsing took 0 ms 
326536     INFO  Test worker     d.u.i.k.n.KeyIO           MODE: declarations took 0 ms 
326537     INFO  Test worker     d.u.i.k.n.KeyIO           Parsing took 0 ms 
326537     INFO  Test worker     d.u.i.k.n.KeyIO           MODE: declarations took 0 ms 
326537     INFO  Test worker     d.u.i.k.n.KeyIO           Parsing took 0 ms 
326537     INFO  Test worker     d.u.i.k.n.KeyIO           MODE: declarations took 0 ms 
329561     INFO  Test worker     d.u.i.k.n.KeyIO           Parsing took 0 ms 
329561     INFO  Test worker     d.u.i.k.n.KeyIO           MODE: declarations took 0 ms 
329561     INFO  Test worker     d.u.i.k.n.KeyIO           Parsing took 0 ms 
329561     INFO  Test worker     d.u.i.k.n.KeyIO           MODE: declarations took 0 ms 
329561     INFO  Test worker     d.u.i.k.n.KeyIO           Parsing took 0 ms 
329561     INFO  Test worker     d.u.i.k.n.KeyIO           MODE: declarations took 0 ms 
329561     INFO  Test worker     d.u.i.k.n.KeyIO           Parsing took 0 ms 
329561     INFO  Test worker     d.u.i.k.n.KeyIO           MODE: declarations took 0 ms 
329561     INFO  Test worker     d.u.i.k.n.KeyIO           Parsing took 0 ms 
329561     INFO  Test worker     d.u.i.k.n.KeyIO           MODE: declarations took 0 ms 
332589     INFO  Test worker     d.u.i.k.n.KeyIO           Parsing took 0 ms 
332589     INFO  Test worker     d.u.i.k.n.KeyIO           MODE: declarations took 0 ms 
332589     INFO  Test worker     d.u.i.k.n.KeyIO           Parsing took 0 ms 
332590     INFO  Test worker     d.u.i.k.n.KeyIO           MODE: declarations took 0 ms 
332590     INFO  Test worker     d.u.i.k.n.KeyIO           Parsing took 0 ms 
332590     INFO  Test worker     d.u.i.k.n.KeyIO           MODE: declarations took 0 ms 
332590     INFO  Test worker     d.u.i.k.n.KeyIO           Parsing took 0 ms 
332590     INFO  Test worker     d.u.i.k.n.KeyIO           MODE: declarations took 0 ms 
332590     INFO  Test worker     d.u.i.k.n.KeyIO           Parsing took 0 ms 
332590     INFO  Test worker     d.u.i.k.n.KeyIO           MODE: declarations took 0 ms 
335608     INFO  Test worker     d.u.i.k.n.KeyIO           Parsing took 0 ms 
335609     INFO  Test worker     d.u.i.k.n.KeyIO           MODE: declarations took 1 ms 
335609     INFO  Test worker     d.u.i.k.n.KeyIO           Parsing took 0 ms 
335609     INFO  Test worker     d.u.i.k.n.KeyIO           MODE: declarations took 0 ms 
335609     INFO  Test worker     d.u.i.k.n.KeyIO           Parsing took 0 ms 
335609     INFO  Test worker     d.u.i.k.n.KeyIO           MODE: declarations took 0 ms 
335609     INFO  Test worker     d.u.i.k.n.KeyIO           Parsing took 0 ms 
335609     INFO  Test worker     d.u.i.k.n.KeyIO           MODE: declarations took 0 ms 
335609     INFO  Test worker     d.u.i.k.n.KeyIO           Parsing took 0 ms 
335609     INFO  Test worker     d.u.i.k.n.KeyIO           MODE: declarations took 0 ms 
338530     INFO  Test worker     d.u.i.k.n.KeyIO           Parsing took 0 ms 
338530     INFO  Test worker     d.u.i.k.n.KeyIO           MODE: declarations took 0 ms 
338530     INFO  Test worker     d.u.i.k.n.KeyIO           Parsing took 0 ms 
338530     INFO  Test worker     d.u.i.k.n.KeyIO           MODE: declarations took 0 ms 
338530     INFO  Test worker     d.u.i.k.n.KeyIO           Parsing took 0 ms 
338530     INFO  Test worker     d.u.i.k.n.KeyIO           MODE: declarations took 0 ms 
338530     INFO  Test worker     d.u.i.k.n.KeyIO           Parsing took 0 ms 
338530     INFO  Test worker     d.u.i.k.n.KeyIO           MODE: declarations took 0 ms 
338530     INFO  Test worker     d.u.i.k.n.KeyIO           Parsing took 0 ms 
338530     INFO  Test worker     d.u.i.k.n.KeyIO           MODE: declarations took 0 ms 
341406     INFO  Test worker     d.u.i.k.n.KeyIO           Parsing took 0 ms 
341406     INFO  Test worker     d.u.i.k.n.KeyIO           MODE: declarations took 0 ms 
341406     INFO  Test worker     d.u.i.k.n.KeyIO           Parsing took 0 ms 
341406     INFO  Test worker     d.u.i.k.n.KeyIO           MODE: declarations took 0 ms 
341406     INFO  Test worker     d.u.i.k.n.KeyIO           Parsing took 0 ms 
341406     INFO  Test worker     d.u.i.k.n.KeyIO           MODE: declarations took 0 ms 
341406     INFO  Test worker     d.u.i.k.n.KeyIO           Parsing took 0 ms 
341406     INFO  Test worker     d.u.i.k.n.KeyIO           MODE: declarations took 0 ms 
341406     INFO  Test worker     d.u.i.k.n.KeyIO           Parsing took 0 ms 
341406     INFO  Test worker     d.u.i.k.n.KeyIO           MODE: declarations took 0 ms 
344333     INFO  Test worker     d.u.i.k.n.KeyIO           Parsing took 0 ms 
344333     INFO  Test worker     d.u.i.k.n.KeyIO           MODE: declarations took 0 ms 
344333     INFO  Test worker     d.u.i.k.n.KeyIO           Parsing took 0 ms 
344333     INFO  Test worker     d.u.i.k.n.KeyIO           MODE: declarations took 0 ms 
344333     INFO  Test worker     d.u.i.k.n.KeyIO           Parsing took 0 ms 
344333     INFO  Test worker     d.u.i.k.n.KeyIO           MODE: declarations took 0 ms 
344333     INFO  Test worker     d.u.i.k.n.KeyIO           Parsing took 0 ms 
344333     INFO  Test worker     d.u.i.k.n.KeyIO           MODE: declarations took 0 ms 
344333     INFO  Test worker     d.u.i.k.n.KeyIO           Parsing took 0 ms 
344333     INFO  Test worker     d.u.i.k.n.KeyIO           MODE: declarations took 0 ms 
347338     INFO  Test worker     d.u.i.k.n.KeyIO           Parsing took 0 ms 
347338     INFO  Test worker     d.u.i.k.n.KeyIO           MODE: declarations took 0 ms 
347338     INFO  Test worker     d.u.i.k.n.KeyIO           Parsing took 0 ms 
347338     INFO  Test worker     d.u.i.k.n.KeyIO           MODE: declarations took 0 ms 
347338     INFO  Test worker     d.u.i.k.n.KeyIO           Parsing took 0 ms 
347338     INFO  Test worker     d.u.i.k.n.KeyIO           MODE: declarations took 0 ms 
347338     INFO  Test worker     d.u.i.k.n.KeyIO           Parsing took 0 ms 
347338     INFO  Test worker     d.u.i.k.n.KeyIO           MODE: declarations took 0 ms 
347338     INFO  Test worker     d.u.i.k.n.KeyIO           Parsing took 0 ms 
347338     INFO  Test worker     d.u.i.k.n.KeyIO           MODE: declarations took 0 ms 
350297     INFO  Test worker     d.u.i.k.n.KeyIO           Parsing took 0 ms 
350298     INFO  Test worker     d.u.i.k.n.KeyIO           MODE: declarations took 1 ms 
350298     INFO  Test worker     d.u.i.k.n.KeyIO           Parsing took 0 ms 
350298     INFO  Test worker     d.u.i.k.n.KeyIO           MODE: declarations took 0 ms 
350298     INFO  Test worker     d.u.i.k.n.KeyIO           Parsing took 0 ms 
350298     INFO  Test worker     d.u.i.k.n.KeyIO           MODE: declarations took 0 ms 
350298     INFO  Test worker     d.u.i.k.n.KeyIO           Parsing took 0 ms 
350298     INFO  Test worker     d.u.i.k.n.KeyIO           MODE: declarations took 0 ms 
350298     INFO  Test worker     d.u.i.k.n.KeyIO           Parsing took 0 ms 
350298     INFO  Test worker     d.u.i.k.n.KeyIO           MODE: declarations took 0 ms 
353291     INFO  Test worker     d.u.i.k.n.KeyIO           Parsing took 0 ms 
353292     INFO  Test worker     d.u.i.k.n.KeyIO           MODE: declarations took 0 ms 
353292     INFO  Test worker     d.u.i.k.n.KeyIO           Parsing took 0 ms 
353292     INFO  Test worker     d.u.i.k.n.KeyIO           MODE: declarations took 0 ms 
353293     INFO  Test worker     d.u.i.k.n.KeyIO           Parsing took 0 ms 
353293     INFO  Test worker     d.u.i.k.n.KeyIO           MODE: declarations took 0 ms 
353293     INFO  Test worker     d.u.i.k.n.KeyIO           Parsing took 0 ms 
353293     INFO  Test worker     d.u.i.k.n.KeyIO           MODE: declarations took 0 ms 
353293     INFO  Test worker     d.u.i.k.n.KeyIO           Parsing took 0 ms 
353294     INFO  Test worker     d.u.i.k.n.KeyIO           MODE: declarations took 0 ms 
356174     INFO  Test worker     d.u.i.k.n.KeyIO           Parsing took 0 ms 
356174     INFO  Test worker     d.u.i.k.n.KeyIO           MODE: declarations took 0 ms 
356175     INFO  Test worker     d.u.i.k.n.KeyIO           Parsing took 0 ms 
356175     INFO  Test worker     d.u.i.k.n.KeyIO           MODE: declarations took 0 ms 
356175     INFO  Test worker     d.u.i.k.n.KeyIO           Parsing took 0 ms 
356175     INFO  Test worker     d.u.i.k.n.KeyIO           MODE: declarations took 0 ms 
356176     INFO  Test worker     d.u.i.k.n.KeyIO           Parsing took 0 ms 
356176     INFO  Test worker     d.u.i.k.n.KeyIO           MODE: declarations took 0 ms 
356176     INFO  Test worker     d.u.i.k.n.KeyIO           Parsing took 0 ms 
356176     INFO  Test worker     d.u.i.k.n.KeyIO           MODE: declarations took 0 ms 
356178     WARN  Test worker     d.u.i.k.n.KeYParser       [syntax-error] <unknown>:1:11: mismatched input '@' expecting {'/', ':=', '.', '(', ')', '{', '[', '@', PARALLEL, OR, AND, IMP, '=', NOT_EQUALS, '%', '*', '-', '+', '>', GREATEREQUAL, '<', LESSEQUAL, LGUILLEMETS, EQV} [@11,11:11='@',<153>,1:11] (termEOF) 
359100     INFO  Test worker     d.u.i.k.n.KeyIO           Parsing took 0 ms 
359100     INFO  Test worker     d.u.i.k.n.KeyIO           MODE: declarations took 0 ms 
359100     INFO  Test worker     d.u.i.k.n.KeyIO           Parsing took 0 ms 
359100     INFO  Test worker     d.u.i.k.n.KeyIO           MODE: declarations took 0 ms 
359100     INFO  Test worker     d.u.i.k.n.KeyIO           Parsing took 0 ms 
359101     INFO  Test worker     d.u.i.k.n.KeyIO           MODE: declarations took 1 ms 
359101     INFO  Test worker     d.u.i.k.n.KeyIO           Parsing took 0 ms 
359101     INFO  Test worker     d.u.i.k.n.KeyIO           MODE: declarations took 0 ms 
359101     INFO  Test worker     d.u.i.k.n.KeyIO           Parsing took 0 ms 
359101     INFO  Test worker     d.u.i.k.n.KeyIO           MODE: declarations took 0 ms 
361985     INFO  Test worker     d.u.i.k.n.KeyIO           Parsing took 0 ms 
361986     INFO  Test worker     d.u.i.k.n.KeyIO           MODE: declarations took 0 ms 
361986     INFO  Test worker     d.u.i.k.n.KeyIO           Parsing took 0 ms 
361987     INFO  Test worker     d.u.i.k.n.KeyIO           MODE: declarations took 0 ms 
361987     INFO  Test worker     d.u.i.k.n.KeyIO           Parsing took 0 ms 
361987     INFO  Test worker     d.u.i.k.n.KeyIO           MODE: declarations took 0 ms 
361987     INFO  Test worker     d.u.i.k.n.KeyIO           Parsing took 0 ms 
361988     INFO  Test worker     d.u.i.k.n.KeyIO           MODE: declarations took 0 ms 
361989     INFO  Test worker     d.u.i.k.n.KeyIO           Parsing took 0 ms 
361989     INFO  Test worker     d.u.i.k.n.KeyIO           MODE: declarations took 0 ms 
364997     INFO  Test worker     d.u.i.k.n.KeyIO           Parsing took 0 ms 
364998     INFO  Test worker     d.u.i.k.n.KeyIO           MODE: declarations took 1 ms 
365000     INFO  Test worker     d.u.i.k.n.KeyIO           Parsing took 2 ms 
365000     INFO  Test worker     d.u.i.k.n.KeyIO           MODE: declarations took 0 ms 
365001     INFO  Test worker     d.u.i.k.n.KeyIO           Parsing took 0 ms 
365003     INFO  Test worker     d.u.i.k.n.KeyIO           MODE: declarations took 0 ms 
365003     INFO  Test worker     d.u.i.k.n.KeyIO           Parsing took 0 ms 
365003     INFO  Test worker     d.u.i.k.n.KeyIO           MODE: declarations took 0 ms 
365003     INFO  Test worker     d.u.i.k.n.KeyIO           Parsing took 0 ms 
365004     INFO  Test worker     d.u.i.k.n.KeyIO           MODE: declarations took 0 ms 
368066     INFO  Test worker     d.u.i.k.n.KeyIO           Parsing took 1 ms 
368066     INFO  Test worker     d.u.i.k.n.KeyIO           MODE: declarations took 0 ms 
368066     INFO  Test worker     d.u.i.k.n.KeyIO           Parsing took 0 ms 
368066     INFO  Test worker     d.u.i.k.n.KeyIO           MODE: declarations took 0 ms 
368066     INFO  Test worker     d.u.i.k.n.KeyIO           Parsing took 0 ms 
368066     INFO  Test worker     d.u.i.k.n.KeyIO           MODE: declarations took 0 ms 
368066     INFO  Test worker     d.u.i.k.n.KeyIO           Parsing took 0 ms 
368066     INFO  Test worker     d.u.i.k.n.KeyIO           MODE: declarations took 0 ms 
368066     INFO  Test worker     d.u.i.k.n.KeyIO           Parsing took 0 ms 
368066     INFO  Test worker     d.u.i.k.n.KeyIO           MODE: declarations took 0 ms 
371000     INFO  Test worker     d.u.i.k.n.KeyIO           Parsing took 0 ms 
371000     INFO  Test worker     d.u.i.k.n.KeyIO           MODE: declarations took 0 ms 
371000     INFO  Test worker     d.u.i.k.n.KeyIO           Parsing took 0 ms 
371000     INFO  Test worker     d.u.i.k.n.KeyIO           MODE: declarations took 0 ms 
371000     INFO  Test worker     d.u.i.k.n.KeyIO           Parsing took 0 ms 
371000     INFO  Test worker     d.u.i.k.n.KeyIO           MODE: declarations took 0 ms 
371000     INFO  Test worker     d.u.i.k.n.KeyIO           Parsing took 0 ms 
371000     INFO  Test worker     d.u.i.k.n.KeyIO           MODE: declarations took 0 ms 
371000     INFO  Test worker     d.u.i.k.n.KeyIO           Parsing took 0 ms 
371000     INFO  Test worker     d.u.i.k.n.KeyIO           MODE: declarations took 0 ms 
373873     INFO  Test worker     d.u.i.k.n.KeyIO           Parsing took 0 ms 
373874     INFO  Test worker     d.u.i.k.n.KeyIO           MODE: declarations took 0 ms 
373874     INFO  Test worker     d.u.i.k.n.KeyIO           Parsing took 0 ms 
373874     INFO  Test worker     d.u.i.k.n.KeyIO           MODE: declarations took 0 ms 
373874     INFO  Test worker     d.u.i.k.n.KeyIO           Parsing took 0 ms 
373874     INFO  Test worker     d.u.i.k.n.KeyIO           MODE: declarations took 0 ms 
373874     INFO  Test worker     d.u.i.k.n.KeyIO           Parsing took 0 ms 
373874     INFO  Test worker     d.u.i.k.n.KeyIO           MODE: declarations took 0 ms 
373874     INFO  Test worker     d.u.i.k.n.KeyIO           Parsing took 0 ms 
373874     INFO  Test worker     d.u.i.k.n.KeyIO           MODE: declarations took 0 ms 
376838     INFO  Test worker     d.u.i.k.n.KeyIO           Parsing took 0 ms 
376838     INFO  Test worker     d.u.i.k.n.KeyIO           MODE: declarations took 0 ms 
376838     INFO  Test worker     d.u.i.k.n.KeyIO           Parsing took 0 ms 
376838     INFO  Test worker     d.u.i.k.n.KeyIO           MODE: declarations took 0 ms 
376838     INFO  Test worker     d.u.i.k.n.KeyIO           Parsing took 0 ms 
376838     INFO  Test worker     d.u.i.k.n.KeyIO           MODE: declarations took 0 ms 
376838     INFO  Test worker     d.u.i.k.n.KeyIO           Parsing took 0 ms 
376838     INFO  Test worker     d.u.i.k.n.KeyIO           MODE: declarations took 0 ms 
376838     INFO  Test worker     d.u.i.k.n.KeyIO           Parsing took 0 ms 
376838     INFO  Test worker     d.u.i.k.n.KeyIO           MODE: declarations took 0 ms 
379899     INFO  Test worker     d.u.i.k.n.KeyIO           Parsing took 0 ms 
379899     INFO  Test worker     d.u.i.k.n.KeyIO           MODE: declarations took 0 ms 
379899     INFO  Test worker     d.u.i.k.n.KeyIO           Parsing took 0 ms 
379899     INFO  Test worker     d.u.i.k.n.KeyIO           MODE: declarations took 0 ms 
379899     INFO  Test worker     d.u.i.k.n.KeyIO           Parsing took 0 ms 
379899     INFO  Test worker     d.u.i.k.n.KeyIO           MODE: declarations took 0 ms 
379899     INFO  Test worker     d.u.i.k.n.KeyIO           Parsing took 0 ms 
379899     INFO  Test worker     d.u.i.k.n.KeyIO           MODE: declarations took 0 ms 
379899     INFO  Test worker     d.u.i.k.n.KeyIO           Parsing took 0 ms 
379899     INFO  Test worker     d.u.i.k.n.KeyIO           MODE: declarations took 0 ms 
382771     INFO  Test worker     d.u.i.k.n.KeyIO           Parsing took 0 ms 
382771     INFO  Test worker     d.u.i.k.n.KeyIO           MODE: declarations took 0 ms 
382771     INFO  Test worker     d.u.i.k.n.KeyIO           Parsing took 0 ms 
382772     INFO  Test worker     d.u.i.k.n.KeyIO           MODE: declarations took 1 ms 
382772     INFO  Test worker     d.u.i.k.n.KeyIO           Parsing took 0 ms 
382772     INFO  Test worker     d.u.i.k.n.KeyIO           MODE: declarations took 0 ms 
382772     INFO  Test worker     d.u.i.k.n.KeyIO           Parsing took 0 ms 
382772     INFO  Test worker     d.u.i.k.n.KeyIO           MODE: declarations took 0 ms 
382772     INFO  Test worker     d.u.i.k.n.KeyIO           Parsing took 0 ms 
382772     INFO  Test worker     d.u.i.k.n.KeyIO           MODE: declarations took 0 ms 
385648     INFO  Test worker     d.u.i.k.n.KeyIO           Parsing took 1 ms 
385648     INFO  Test worker     d.u.i.k.n.KeyIO           MODE: declarations took 0 ms 
385648     INFO  Test worker     d.u.i.k.n.KeyIO           Parsing took 0 ms 
385648     INFO  Test worker     d.u.i.k.n.KeyIO           MODE: declarations took 0 ms 
385648     INFO  Test worker     d.u.i.k.n.KeyIO           Parsing took 0 ms 
385648     INFO  Test worker     d.u.i.k.n.KeyIO           MODE: declarations took 0 ms 
385648     INFO  Test worker     d.u.i.k.n.KeyIO           Parsing took 0 ms 
385648     INFO  Test worker     d.u.i.k.n.KeyIO           MODE: declarations took 0 ms 
385648     INFO  Test worker     d.u.i.k.n.KeyIO           Parsing took 0 ms 
385648     INFO  Test worker     d.u.i.k.n.KeyIO           MODE: declarations took 0 ms 
388523     INFO  Test worker     d.u.i.k.n.KeyIO           Parsing took 0 ms 
388523     INFO  Test worker     d.u.i.k.n.KeyIO           MODE: declarations took 0 ms 
388523     INFO  Test worker     d.u.i.k.n.KeyIO           Parsing took 0 ms 
388523     INFO  Test worker     d.u.i.k.n.KeyIO           MODE: declarations took 0 ms 
388523     INFO  Test worker     d.u.i.k.n.KeyIO           Parsing took 0 ms 
388523     INFO  Test worker     d.u.i.k.n.KeyIO           MODE: declarations took 0 ms 
388523     INFO  Test worker     d.u.i.k.n.KeyIO           Parsing took 0 ms 
388523     INFO  Test worker     d.u.i.k.n.KeyIO           MODE: declarations took 0 ms 
388523     INFO  Test worker     d.u.i.k.n.KeyIO           Parsing took 0 ms 
388523     INFO  Test worker     d.u.i.k.n.KeyIO           MODE: declarations took 0 ms 
391417     INFO  Test worker     d.u.i.k.n.KeyIO           Parsing took 0 ms 
391418     INFO  Test worker     d.u.i.k.n.KeyIO           MODE: declarations took 0 ms 
391418     INFO  Test worker     d.u.i.k.n.KeyIO           Parsing took 0 ms 
391418     INFO  Test worker     d.u.i.k.n.KeyIO           MODE: declarations took 0 ms 
391418     INFO  Test worker     d.u.i.k.n.KeyIO           Parsing took 0 ms 
391418     INFO  Test worker     d.u.i.k.n.KeyIO           MODE: declarations took 0 ms 
391418     INFO  Test worker     d.u.i.k.n.KeyIO           Parsing took 0 ms 
391418     INFO  Test worker     d.u.i.k.n.KeyIO           MODE: declarations took 0 ms 
391418     INFO  Test worker     d.u.i.k.n.KeyIO           Parsing took 0 ms 
391418     INFO  Test worker     d.u.i.k.n.KeyIO           MODE: declarations took 0 ms 
394414     INFO  Test worker     d.u.i.k.n.KeyIO           Parsing took 0 ms 
394414     INFO  Test worker     d.u.i.k.n.KeyIO           MODE: declarations took 0 ms 
394414     INFO  Test worker     d.u.i.k.n.KeyIO           Parsing took 0 ms 
394414     INFO  Test worker     d.u.i.k.n.KeyIO           MODE: declarations took 0 ms 
394414     INFO  Test worker     d.u.i.k.n.KeyIO           Parsing took 0 ms 
394414     INFO  Test worker     d.u.i.k.n.KeyIO           MODE: declarations took 0 ms 
394414     INFO  Test worker     d.u.i.k.n.KeyIO           Parsing took 0 ms 
394414     INFO  Test worker     d.u.i.k.n.KeyIO           MODE: declarations took 0 ms 
394414     INFO  Test worker     d.u.i.k.n.KeyIO           Parsing took 0 ms 
394414     INFO  Test worker     d.u.i.k.n.KeyIO           MODE: declarations took 0 ms 
397426     INFO  Test worker     d.u.i.k.n.KeyIO           Parsing took 0 ms 
397426     INFO  Test worker     d.u.i.k.n.KeyIO           MODE: declarations took 0 ms 
397426     INFO  Test worker     d.u.i.k.n.KeyIO           Parsing took 0 ms 
397426     INFO  Test worker     d.u.i.k.n.KeyIO           MODE: declarations took 0 ms 
397426     INFO  Test worker     d.u.i.k.n.KeyIO           Parsing took 0 ms 
397427     INFO  Test worker     d.u.i.k.n.KeyIO           MODE: declarations took 1 ms 
397427     INFO  Test worker     d.u.i.k.n.KeyIO           Parsing took 0 ms 
397427     INFO  Test worker     d.u.i.k.n.KeyIO           MODE: declarations took 0 ms 
397427     INFO  Test worker     d.u.i.k.n.KeyIO           Parsing took 0 ms 
397427     INFO  Test worker     d.u.i.k.n.KeyIO           MODE: declarations took 0 ms 
400443     INFO  Test worker     d.u.i.k.n.KeyIO           Parsing took 0 ms 
400443     INFO  Test worker     d.u.i.k.n.KeyIO           MODE: declarations took 0 ms 
400443     INFO  Test worker     d.u.i.k.n.KeyIO           Parsing took 0 ms 
400443     INFO  Test worker     d.u.i.k.n.KeyIO           MODE: declarations took 0 ms 
400443     INFO  Test worker     d.u.i.k.n.KeyIO           Parsing took 0 ms 
400443     INFO  Test worker     d.u.i.k.n.KeyIO           MODE: declarations took 0 ms 
400443     INFO  Test worker     d.u.i.k.n.KeyIO           Parsing took 0 ms 
400443     INFO  Test worker     d.u.i.k.n.KeyIO           MODE: declarations took 0 ms 
400443     INFO  Test worker     d.u.i.k.n.KeyIO           Parsing took 0 ms 
400443     INFO  Test worker     d.u.i.k.n.KeyIO           MODE: declarations took 0 ms 
403467     INFO  Test worker     d.u.i.k.n.KeyIO           Parsing took 0 ms 
403467     INFO  Test worker     d.u.i.k.n.KeyIO           MODE: declarations took 0 ms 
403467     INFO  Test worker     d.u.i.k.n.KeyIO           Parsing took 0 ms 
403467     INFO  Test worker     d.u.i.k.n.KeyIO           MODE: declarations took 0 ms 
403467     INFO  Test worker     d.u.i.k.n.KeyIO           Parsing took 0 ms 
403468     INFO  Test worker     d.u.i.k.n.KeyIO           MODE: declarations took 1 ms 
403468     INFO  Test worker     d.u.i.k.n.KeyIO           Parsing took 0 ms 
403468     INFO  Test worker     d.u.i.k.n.KeyIO           MODE: declarations took 0 ms 
403468     INFO  Test worker     d.u.i.k.n.KeyIO           Parsing took 0 ms 
403468     INFO  Test worker     d.u.i.k.n.KeyIO           MODE: declarations took 0 ms 
406458     INFO  Test worker     d.u.i.k.n.KeyIO           Parsing took 0 ms 
406458     INFO  Test worker     d.u.i.k.n.KeyIO           MODE: declarations took 0 ms 
406458     INFO  Test worker     d.u.i.k.n.KeyIO           Parsing took 0 ms 
406458     INFO  Test worker     d.u.i.k.n.KeyIO           MODE: declarations took 0 ms 
406458     INFO  Test worker     d.u.i.k.n.KeyIO           Parsing took 0 ms 
406458     INFO  Test worker     d.u.i.k.n.KeyIO           MODE: declarations took 0 ms 
406460     INFO  Test worker     d.u.i.k.n.KeyIO           Parsing took 2 ms 
406460     INFO  Test worker     d.u.i.k.n.KeyIO           MODE: declarations took 0 ms 
406460     INFO  Test worker     d.u.i.k.n.KeyIO           Parsing took 0 ms 
406460     INFO  Test worker     d.u.i.k.n.KeyIO           MODE: declarations took 0 ms 
409456     INFO  Test worker     d.u.i.k.n.KeyIO           Parsing took 0 ms 
409456     INFO  Test worker     d.u.i.k.n.KeyIO           MODE: declarations took 0 ms 
409456     INFO  Test worker     d.u.i.k.n.KeyIO           Parsing took 0 ms 
409456     INFO  Test worker     d.u.i.k.n.KeyIO           MODE: declarations took 0 ms 
409456     INFO  Test worker     d.u.i.k.n.KeyIO           Parsing took 0 ms 
409456     INFO  Test worker     d.u.i.k.n.KeyIO           MODE: declarations took 0 ms 
409456     INFO  Test worker     d.u.i.k.n.KeyIO           Parsing took 0 ms 
409456     INFO  Test worker     d.u.i.k.n.KeyIO           MODE: declarations took 0 ms 
409456     INFO  Test worker     d.u.i.k.n.KeyIO           Parsing took 0 ms 
409456     INFO  Test worker     d.u.i.k.n.KeyIO           MODE: declarations took 0 ms 
412490     INFO  Test worker     d.u.i.k.n.KeyIO           Parsing took 0 ms 
412490     INFO  Test worker     d.u.i.k.n.KeyIO           MODE: declarations took 0 ms 
412490     INFO  Test worker     d.u.i.k.n.KeyIO           Parsing took 0 ms 
412491     INFO  Test worker     d.u.i.k.n.KeyIO           MODE: declarations took 1 ms 
412491     INFO  Test worker     d.u.i.k.n.KeyIO           Parsing took 0 ms 
412491     INFO  Test worker     d.u.i.k.n.KeyIO           MODE: declarations took 0 ms 
412491     INFO  Test worker     d.u.i.k.n.KeyIO           Parsing took 0 ms 
412491     INFO  Test worker     d.u.i.k.n.KeyIO           MODE: declarations took 0 ms 
412492     INFO  Test worker     d.u.i.k.n.KeyIO           Parsing took 0 ms 
412492     INFO  Test worker     d.u.i.k.n.KeyIO           MODE: declarations took 0 ms 
415469     INFO  Test worker     d.u.i.k.n.KeyIO           Parsing took 0 ms 
415469     INFO  Test worker     d.u.i.k.n.KeyIO           MODE: declarations took 0 ms 
415469     INFO  Test worker     d.u.i.k.n.KeyIO           Parsing took 0 ms 
415470     INFO  Test worker     d.u.i.k.n.KeyIO           MODE: declarations took 0 ms 
415470     INFO  Test worker     d.u.i.k.n.KeyIO           Parsing took 0 ms 
415470     INFO  Test worker     d.u.i.k.n.KeyIO           MODE: declarations took 0 ms 
415470     INFO  Test worker     d.u.i.k.n.KeyIO           Parsing took 0 ms 
415470     INFO  Test worker     d.u.i.k.n.KeyIO           MODE: declarations took 0 ms 
415470     INFO  Test worker     d.u.i.k.n.KeyIO           Parsing took 0 ms 
415470     INFO  Test worker     d.u.i.k.n.KeyIO           MODE: declarations took 0 ms 
418500     INFO  Test worker     d.u.i.k.n.KeyIO           Parsing took 0 ms 
418501     INFO  Test worker     d.u.i.k.n.KeyIO           MODE: declarations took 1 ms 
418501     INFO  Test worker     d.u.i.k.n.KeyIO           Parsing took 0 ms 
418501     INFO  Test worker     d.u.i.k.n.KeyIO           MODE: declarations took 0 ms 
418501     INFO  Test worker     d.u.i.k.n.KeyIO           Parsing took 0 ms 
418501     INFO  Test worker     d.u.i.k.n.KeyIO           MODE: declarations took 0 ms 
418501     INFO  Test worker     d.u.i.k.n.KeyIO           Parsing took 0 ms 
418501     INFO  Test worker     d.u.i.k.n.KeyIO           MODE: declarations took 0 ms 
418501     INFO  Test worker     d.u.i.k.n.KeyIO           Parsing took 0 ms 
418501     INFO  Test worker     d.u.i.k.n.KeyIO           MODE: declarations took 0 ms 
421528     INFO  Test worker     d.u.i.k.n.KeyIO           Parsing took 0 ms 
421528     INFO  Test worker     d.u.i.k.n.KeyIO           MODE: declarations took 0 ms 
421528     INFO  Test worker     d.u.i.k.n.KeyIO           Parsing took 0 ms 
421528     INFO  Test worker     d.u.i.k.n.KeyIO           MODE: declarations took 0 ms 
421528     INFO  Test worker     d.u.i.k.n.KeyIO           Parsing took 0 ms 
421528     INFO  Test worker     d.u.i.k.n.KeyIO           MODE: declarations took 0 ms 
421528     INFO  Test worker     d.u.i.k.n.KeyIO           Parsing took 0 ms 
421528     INFO  Test worker     d.u.i.k.n.KeyIO           MODE: declarations took 0 ms 
421528     INFO  Test worker     d.u.i.k.n.KeyIO           Parsing took 0 ms 
421528     INFO  Test worker     d.u.i.k.n.KeyIO           MODE: declarations took 0 ms 
424557     INFO  Test worker     d.u.i.k.n.KeyIO           Parsing took 0 ms 
424557     INFO  Test worker     d.u.i.k.n.KeyIO           MODE: declarations took 0 ms 
424557     INFO  Test worker     d.u.i.k.n.KeyIO           Parsing took 0 ms 
424557     INFO  Test worker     d.u.i.k.n.KeyIO           MODE: declarations took 0 ms 
424557     INFO  Test worker     d.u.i.k.n.KeyIO           Parsing took 0 ms 
424558     INFO  Test worker     d.u.i.k.n.KeyIO           MODE: declarations took 0 ms 
424558     INFO  Test worker     d.u.i.k.n.KeyIO           Parsing took 0 ms 
424558     INFO  Test worker     d.u.i.k.n.KeyIO           MODE: declarations took 0 ms 
424558     INFO  Test worker     d.u.i.k.n.KeyIO           Parsing took 0 ms 
424558     INFO  Test worker     d.u.i.k.n.KeyIO           MODE: declarations took 0 ms 
427620     INFO  Test worker     d.u.i.k.n.KeyIO           Parsing took 0 ms 
427620     INFO  Test worker     d.u.i.k.n.KeyIO           MODE: declarations took 0 ms 
427620     INFO  Test worker     d.u.i.k.n.KeyIO           Parsing took 0 ms 
427620     INFO  Test worker     d.u.i.k.n.KeyIO           MODE: declarations took 0 ms 
427620     INFO  Test worker     d.u.i.k.n.KeyIO           Parsing took 0 ms 
427620     INFO  Test worker     d.u.i.k.n.KeyIO           MODE: declarations took 0 ms 
427620     INFO  Test worker     d.u.i.k.n.KeyIO           Parsing took 0 ms 
427620     INFO  Test worker     d.u.i.k.n.KeyIO           MODE: declarations took 0 ms 
427620     INFO  Test worker     d.u.i.k.n.KeyIO           Parsing took 0 ms 
427620     INFO  Test worker     d.u.i.k.n.KeyIO           MODE: declarations took 0 ms 
]]></system-out>
  <system-err><![CDATA[]]></system-err>
</testsuite>
